<?xml version="1.0" encoding="UTF-8" standalone="no"?>
<mcsystem>
    <mcdag deadline="1000" name="genned-0-ed-10.0-0">
        <actor name="D0N1">
            <wcet number="0">40</wcet>
            <wcet number="1">40</wcet>
            <maxpow number="0.44508641853653336"/>
            <maxpow number="0.44508641853653336"/>
            <fprob>0.0</fprob>
        </actor>
        <actor name="D0N22">
            <wcet number="0">70</wcet>
            <wcet number="1">90</wcet>
            <maxpow number="0.7662495048026228"/>
            <maxpow number="0.7662495048026228"/>
            <fprob>0.0</fprob>
        </actor>
        <actor name="D0N24">
            <wcet number="0">10</wcet>
            <wcet number="1">30</wcet>
            <maxpow number="0.5256920775397954"/>
            <maxpow number="0.5256920775397954"/>
            <fprob>0.0</fprob>
        </actor>
        <actor name="D0N3">
            <wcet number="0">10</wcet>
            <wcet number="1">30</wcet>
            <maxpow number="0.4019575401983856"/>
            <maxpow number="0.4019575401983856"/>
            <fprob>0.0</fprob>
        </actor>
        <actor name="D0N26">
            <wcet number="0">50</wcet>
            <wcet number="1">80</wcet>
            <maxpow number="0.755059150935071"/>
            <maxpow number="0.755059150935071"/>
            <fprob>0.0</fprob>
        </actor>
        <actor name="D0N8">
            <wcet number="0">20</wcet>
            <wcet number="1">60</wcet>
            <maxpow number="0.39366677994352844"/>
            <maxpow number="0.39366677994352844"/>
            <fprob>0.0</fprob>
        </actor>
        <actor name="D0N12">
            <wcet number="0">70</wcet>
            <wcet number="1">70</wcet>
            <maxpow number="0.6127514462389907"/>
            <maxpow number="0.6127514462389907"/>
            <fprob>0.0</fprob>
        </actor>
        <actor name="D0N0">
            <wcet number="0">10</wcet>
            <wcet number="1">10</wcet>
            <maxpow number="0.6539674429505538"/>
            <maxpow number="0.6539674429505538"/>
            <fprob>0.0</fprob>
        </actor>
        <actor name="D0N2">
            <wcet number="0">40</wcet>
            <wcet number="1">60</wcet>
            <maxpow number="0.7549769977535283"/>
            <maxpow number="0.7549769977535283"/>
            <fprob>0.0</fprob>
        </actor>
        <actor name="D0N38">
            <wcet number="0">20</wcet>
            <wcet number="1">20</wcet>
            <maxpow number="0.3604919816732621"/>
            <maxpow number="0.3604919816732621"/>
            <fprob>0.0</fprob>
        </actor>
        <actor name="D0N30">
            <wcet number="0">20</wcet>
            <wcet number="1">210</wcet>
            <maxpow number="0.3842594162713069"/>
            <maxpow number="0.3842594162713069"/>
            <fprob>0.0</fprob>
        </actor>
        <actor name="D0N10">
            <wcet number="0">50</wcet>
            <wcet number="1">160</wcet>
            <maxpow number="0.6802215708223015"/>
            <maxpow number="0.6802215708223015"/>
            <fprob>0.0</fprob>
        </actor>
        <actor name="D0N16">
            <wcet number="0">60</wcet>
            <wcet number="1">110</wcet>
            <maxpow number="0.6285388499772706"/>
            <maxpow number="0.6285388499772706"/>
            <fprob>0.0</fprob>
        </actor>
        <actor name="D0N33">
            <wcet number="0">20</wcet>
            <wcet number="1">120</wcet>
            <maxpow number="0.525580054466158"/>
            <maxpow number="0.525580054466158"/>
            <fprob>0.0</fprob>
        </actor>
        <actor name="D0N31">
            <wcet number="0">10</wcet>
            <wcet number="1">10</wcet>
            <maxpow number="0.5109382508656842"/>
            <maxpow number="0.5109382508656842"/>
            <fprob>0.0</fprob>
        </actor>
        <actor name="D0N35">
            <wcet number="0">20</wcet>
            <wcet number="1">20</wcet>
            <maxpow number="0.8027267827487604"/>
            <maxpow number="0.8027267827487604"/>
            <fprob>0.0</fprob>
        </actor>
        <actor name="D0N21">
            <wcet number="0">30</wcet>
            <wcet number="1">60</wcet>
            <maxpow number="0.5234739144252465"/>
            <maxpow number="0.5234739144252465"/>
            <fprob>0.0</fprob>
        </actor>
        <actor name="D0N43">
            <wcet number="0">10</wcet>
            <wcet number="1">10</wcet>
            <maxpow number="0.5889017537180979"/>
            <maxpow number="0.5889017537180979"/>
            <fprob>0.0</fprob>
        </actor>
        <actor name="D0N7">
            <wcet number="0">80</wcet>
            <wcet number="1">90</wcet>
            <maxpow number="0.5315385636774614"/>
            <maxpow number="0.5315385636774614"/>
            <fprob>0.0</fprob>
        </actor>
        <actor name="D0N27">
            <wcet number="0">20</wcet>
            <wcet number="1">20</wcet>
            <maxpow number="0.8221253279810201"/>
            <maxpow number="0.8221253279810201"/>
            <fprob>0.0</fprob>
        </actor>
        <actor name="D0N13">
            <wcet number="0">70</wcet>
            <wcet number="1">80</wcet>
            <maxpow number="0.536146422517218"/>
            <maxpow number="0.536146422517218"/>
            <fprob>0.0</fprob>
        </actor>
        <actor name="D0N37">
            <wcet number="0">10</wcet>
            <wcet number="1">10</wcet>
            <maxpow number="0.40912174528127865"/>
            <maxpow number="0.40912174528127865"/>
            <fprob>0.0</fprob>
        </actor>
        <actor name="D0N40">
            <wcet number="0">40</wcet>
            <wcet number="1">40</wcet>
            <maxpow number="0.4281604099986669"/>
            <maxpow number="0.4281604099986669"/>
            <fprob>0.0</fprob>
        </actor>
        <actor name="D0N11">
            <wcet number="0">10</wcet>
            <wcet number="1">50</wcet>
            <maxpow number="0.5072422906617391"/>
            <maxpow number="0.5072422906617391"/>
            <fprob>0.0</fprob>
        </actor>
        <actor name="D0N32">
            <wcet number="0">30</wcet>
            <wcet number="1">40</wcet>
            <maxpow number="0.7999912698204842"/>
            <maxpow number="0.7999912698204842"/>
            <fprob>0.0</fprob>
        </actor>
        <actor name="D0N28">
            <wcet number="0">20</wcet>
            <wcet number="1">50</wcet>
            <maxpow number="0.7602764450546841"/>
            <maxpow number="0.7602764450546841"/>
            <fprob>0.0</fprob>
        </actor>
        <actor name="D0N9">
            <wcet number="0">10</wcet>
            <wcet number="1">30</wcet>
            <maxpow number="0.5630901785648863"/>
            <maxpow number="0.5630901785648863"/>
            <fprob>0.0</fprob>
        </actor>
        <actor name="D0N42">
            <wcet number="0">10</wcet>
            <wcet number="1">10</wcet>
            <maxpow number="0.46637747316828354"/>
            <maxpow number="0.46637747316828354"/>
            <fprob>0.0</fprob>
        </actor>
        <actor name="D0N36">
            <wcet number="0">20</wcet>
            <wcet number="1">80</wcet>
            <maxpow number="0.47312517469129045"/>
            <maxpow number="0.47312517469129045"/>
            <fprob>0.0</fprob>
        </actor>
        <actor name="D0N5">
            <wcet number="0">10</wcet>
            <wcet number="1">10</wcet>
            <maxpow number="0.7362580242431156"/>
            <maxpow number="0.7362580242431156"/>
            <fprob>0.0</fprob>
        </actor>
        <actor name="D0N29">
            <wcet number="0">20</wcet>
            <wcet number="1">30</wcet>
            <maxpow number="0.7752352688098184"/>
            <maxpow number="0.7752352688098184"/>
            <fprob>0.0</fprob>
        </actor>
        <actor name="D0N25">
            <wcet number="0">30</wcet>
            <wcet number="1">50</wcet>
            <maxpow number="0.6505278420317209"/>
            <maxpow number="0.6505278420317209"/>
            <fprob>0.0</fprob>
        </actor>
        <actor name="D0N39">
            <wcet number="0">60</wcet>
            <wcet number="1">70</wcet>
            <maxpow number="0.24309798167597846"/>
            <maxpow number="0.24309798167597846"/>
            <fprob>0.0</fprob>
        </actor>
        <actor name="D0N6">
            <wcet number="0">10</wcet>
            <wcet number="1">120</wcet>
            <maxpow number="0.4821268773127671"/>
            <maxpow number="0.4821268773127671"/>
            <fprob>0.0</fprob>
        </actor>
        <actor name="D0N41">
            <wcet number="0">20</wcet>
            <wcet number="1">20</wcet>
            <maxpow number="0.3629897932763837"/>
            <maxpow number="0.3629897932763837"/>
            <fprob>0.0</fprob>
        </actor>
        <actor name="D0N19">
            <wcet number="0">20</wcet>
            <wcet number="1">30</wcet>
            <maxpow number="0.40645740382696094"/>
            <maxpow number="0.40645740382696094"/>
            <fprob>0.0</fprob>
        </actor>
        <actor name="D0N34">
            <wcet number="0">30</wcet>
            <wcet number="1">30</wcet>
            <maxpow number="0.48678205560965376"/>
            <maxpow number="0.48678205560965376"/>
            <fprob>0.0</fprob>
        </actor>
        <actor name="D0N14">
            <wcet number="0">10</wcet>
            <wcet number="1">10</wcet>
            <maxpow number="0.4313735018765339"/>
            <maxpow number="0.4313735018765339"/>
            <fprob>0.0</fprob>
        </actor>
        <actor name="D0N23">
            <wcet number="0">40</wcet>
            <wcet number="1">90</wcet>
            <maxpow number="0.38340958079929455"/>
            <maxpow number="0.38340958079929455"/>
            <fprob>0.0</fprob>
        </actor>
        <actor name="D0N17">
            <wcet number="0">50</wcet>
            <wcet number="1">80</wcet>
            <maxpow number="0.6291491934709417"/>
            <maxpow number="0.6291491934709417"/>
            <fprob>0.0</fprob>
        </actor>
        <actor name="D0N20">
            <wcet number="0">10</wcet>
            <wcet number="1">30</wcet>
            <maxpow number="0.3749261614856201"/>
            <maxpow number="0.3749261614856201"/>
            <fprob>0.0</fprob>
        </actor>
        <actor name="D0N18">
            <wcet number="0">10</wcet>
            <wcet number="1">10</wcet>
            <maxpow number="0.9343139649569208"/>
            <maxpow number="0.9343139649569208"/>
            <fprob>0.0</fprob>
        </actor>
        <actor name="D0N4">
            <wcet number="0">10</wcet>
            <wcet number="1">20</wcet>
            <maxpow number="0.0549551328860568"/>
            <maxpow number="0.0549551328860568"/>
            <fprob>0.0</fprob>
        </actor>
        <actor name="D0N15">
            <wcet number="0">10</wcet>
            <wcet number="1">10</wcet>
            <maxpow number="0.7095318750689932"/>
            <maxpow number="0.7095318750689932"/>
            <fprob>0.0</fprob>
        </actor>
        <ports>
            <port dstActor="D0N35" name="p0" srcActor="D0N1"/>
            <port dstActor="D0N37" name="p1" srcActor="D0N1"/>
            <port dstActor="D0N26" name="p2" srcActor="D0N1"/>
            <port dstActor="D0N30" name="p3" srcActor="D0N22"/>
            <port dstActor="D0N35" name="p4" srcActor="D0N24"/>
            <port dstActor="D0N39" name="p5" srcActor="D0N24"/>
            <port dstActor="D0N13" name="p6" srcActor="D0N3"/>
            <port dstActor="D0N10" name="p7" srcActor="D0N3"/>
            <port dstActor="D0N36" name="p8" srcActor="D0N3"/>
            <port dstActor="D0N5" name="p9" srcActor="D0N3"/>
            <port dstActor="D0N39" name="p10" srcActor="D0N3"/>
            <port dstActor="D0N35" name="p11" srcActor="D0N26"/>
            <port dstActor="D0N27" name="p12" srcActor="D0N26"/>
            <port dstActor="D0N41" name="p13" srcActor="D0N26"/>
            <port dstActor="D0N32" name="p14" srcActor="D0N26"/>
            <port dstActor="D0N11" name="p15" srcActor="D0N8"/>
            <port dstActor="D0N22" name="p16" srcActor="D0N8"/>
            <port dstActor="D0N34" name="p17" srcActor="D0N8"/>
            <port dstActor="D0N36" name="p18" srcActor="D0N8"/>
            <port dstActor="D0N16" name="p19" srcActor="D0N12"/>
            <port dstActor="D0N14" name="p20" srcActor="D0N12"/>
            <port dstActor="D0N33" name="p21" srcActor="D0N12"/>
            <port dstActor="D0N11" name="p22" srcActor="D0N0"/>
            <port dstActor="D0N16" name="p23" srcActor="D0N0"/>
            <port dstActor="D0N29" name="p24" srcActor="D0N0"/>
            <port dstActor="D0N31" name="p25" srcActor="D0N0"/>
            <port dstActor="D0N25" name="p26" srcActor="D0N0"/>
            <port dstActor="D0N43" name="p27" srcActor="D0N2"/>
            <port dstActor="D0N40" name="p28" srcActor="D0N30"/>
            <port dstActor="D0N16" name="p29" srcActor="D0N10"/>
            <port dstActor="D0N28" name="p30" srcActor="D0N10"/>
            <port dstActor="D0N18" name="p31" srcActor="D0N10"/>
            <port dstActor="D0N17" name="p32" srcActor="D0N10"/>
            <port dstActor="D0N24" name="p33" srcActor="D0N10"/>
            <port dstActor="D0N31" name="p34" srcActor="D0N16"/>
            <port dstActor="D0N36" name="p35" srcActor="D0N16"/>
            <port dstActor="D0N19" name="p36" srcActor="D0N16"/>
            <port dstActor="D0N28" name="p37" srcActor="D0N16"/>
            <port dstActor="D0N39" name="p38" srcActor="D0N33"/>
            <port dstActor="D0N35" name="p39" srcActor="D0N31"/>
            <port dstActor="D0N38" name="p40" srcActor="D0N35"/>
            <port dstActor="D0N35" name="p41" srcActor="D0N21"/>
            <port dstActor="D0N41" name="p42" srcActor="D0N21"/>
            <port dstActor="D0N23" name="p43" srcActor="D0N7"/>
            <port dstActor="D0N26" name="p44" srcActor="D0N7"/>
            <port dstActor="D0N19" name="p45" srcActor="D0N7"/>
            <port dstActor="D0N31" name="p46" srcActor="D0N13"/>
            <port dstActor="D0N42" name="p47" srcActor="D0N40"/>
            <port dstActor="D0N17" name="p48" srcActor="D0N11"/>
            <port dstActor="D0N12" name="p49" srcActor="D0N11"/>
            <port dstActor="D0N32" name="p50" srcActor="D0N11"/>
            <port dstActor="D0N34" name="p51" srcActor="D0N11"/>
            <port dstActor="D0N40" name="p52" srcActor="D0N28"/>
            <port dstActor="D0N14" name="p53" srcActor="D0N9"/>
            <port dstActor="D0N38" name="p54" srcActor="D0N5"/>
            <port dstActor="D0N18" name="p55" srcActor="D0N5"/>
            <port dstActor="D0N39" name="p56" srcActor="D0N29"/>
            <port dstActor="D0N35" name="p57" srcActor="D0N29"/>
            <port dstActor="D0N41" name="p58" srcActor="D0N39"/>
            <port dstActor="D0N42" name="p59" srcActor="D0N41"/>
            <port dstActor="D0N32" name="p60" srcActor="D0N19"/>
            <port dstActor="D0N40" name="p61" srcActor="D0N19"/>
            <port dstActor="D0N36" name="p62" srcActor="D0N19"/>
            <port dstActor="D0N34" name="p63" srcActor="D0N19"/>
            <port dstActor="D0N25" name="p64" srcActor="D0N19"/>
            <port dstActor="D0N29" name="p65" srcActor="D0N19"/>
            <port dstActor="D0N42" name="p66" srcActor="D0N34"/>
            <port dstActor="D0N41" name="p67" srcActor="D0N34"/>
            <port dstActor="D0N38" name="p68" srcActor="D0N14"/>
            <port dstActor="D0N16" name="p69" srcActor="D0N14"/>
            <port dstActor="D0N35" name="p70" srcActor="D0N23"/>
            <port dstActor="D0N43" name="p71" srcActor="D0N23"/>
            <port dstActor="D0N26" name="p72" srcActor="D0N23"/>
            <port dstActor="D0N36" name="p73" srcActor="D0N17"/>
            <port dstActor="D0N36" name="p74" srcActor="D0N20"/>
            <port dstActor="D0N30" name="p75" srcActor="D0N20"/>
            <port dstActor="D0N33" name="p76" srcActor="D0N20"/>
            <port dstActor="D0N37" name="p77" srcActor="D0N20"/>
            <port dstActor="D0N40" name="p78" srcActor="D0N20"/>
            <port dstActor="D0N31" name="p79" srcActor="D0N20"/>
            <port dstActor="D0N27" name="p80" srcActor="D0N18"/>
            <port dstActor="D0N8" name="p81" srcActor="D0N4"/>
            <port dstActor="D0N20" name="p82" srcActor="D0N4"/>
            <port dstActor="D0N27" name="p83" srcActor="D0N15"/>
            <port dstActor="D0N23" name="p84" srcActor="D0N15"/>
        </ports>
    </mcdag>
    <cores number="3"/>
    <levels number="2"/>
</mcsystem>
