<?xml version="1.0" encoding="UTF-8" standalone="no"?>
<mcsystem>
    <mcdag deadline="1200" name="genned-0-ed-10.0-0">
        <actor name="D0N38">
            <wcet number="0">10</wcet>
            <wcet number="1">10</wcet>
            <maxpow number="0.4430962909651493"/>
            <maxpow number="0.4430962909651493"/>
            <fprob>0.0</fprob>
        </actor>
        <actor name="D0N31">
            <wcet number="0">20</wcet>
            <wcet number="1">40</wcet>
            <maxpow number="0.6741461115844699"/>
            <maxpow number="0.6741461115844699"/>
            <fprob>0.0</fprob>
        </actor>
        <actor name="D0N16">
            <wcet number="0">20</wcet>
            <wcet number="1">30</wcet>
            <maxpow number="0.7129429054218797"/>
            <maxpow number="0.7129429054218797"/>
            <fprob>0.0</fprob>
        </actor>
        <actor name="D0N27">
            <wcet number="0">30</wcet>
            <wcet number="1">30</wcet>
            <maxpow number="0.7662840504029864"/>
            <maxpow number="0.7662840504029864"/>
            <fprob>0.0</fprob>
        </actor>
        <actor name="D0N24">
            <wcet number="0">40</wcet>
            <wcet number="1">70</wcet>
            <maxpow number="0.5031061073916778"/>
            <maxpow number="0.5031061073916778"/>
            <fprob>0.0</fprob>
        </actor>
        <actor name="D0N28">
            <wcet number="0">10</wcet>
            <wcet number="1">20</wcet>
            <maxpow number="0.4433889722640412"/>
            <maxpow number="0.4433889722640412"/>
            <fprob>0.0</fprob>
        </actor>
        <actor name="D0N21">
            <wcet number="0">10</wcet>
            <wcet number="1">40</wcet>
            <maxpow number="0.4963503845918113"/>
            <maxpow number="0.4963503845918113"/>
            <fprob>0.0</fprob>
        </actor>
        <actor name="D0N5">
            <wcet number="0">10</wcet>
            <wcet number="1">60</wcet>
            <maxpow number="0.8255234988796895"/>
            <maxpow number="0.8255234988796895"/>
            <fprob>0.0</fprob>
        </actor>
        <actor name="D0N8">
            <wcet number="0">30</wcet>
            <wcet number="1">130</wcet>
            <maxpow number="0.3955505993559554"/>
            <maxpow number="0.3955505993559554"/>
            <fprob>0.0</fprob>
        </actor>
        <actor name="D0N4">
            <wcet number="0">10</wcet>
            <wcet number="1">30</wcet>
            <maxpow number="0.38100265518322934"/>
            <maxpow number="0.38100265518322934"/>
            <fprob>0.0</fprob>
        </actor>
        <actor name="D0N19">
            <wcet number="0">20</wcet>
            <wcet number="1">60</wcet>
            <maxpow number="0.09086782694634271"/>
            <maxpow number="0.09086782694634271"/>
            <fprob>0.0</fprob>
        </actor>
        <actor name="D0N3">
            <wcet number="0">10</wcet>
            <wcet number="1">10</wcet>
            <maxpow number="0.41280761905369434"/>
            <maxpow number="0.41280761905369434"/>
            <fprob>0.0</fprob>
        </actor>
        <actor name="D0N1">
            <wcet number="0">10</wcet>
            <wcet number="1">10</wcet>
            <maxpow number="0.6536801585688965"/>
            <maxpow number="0.6536801585688965"/>
            <fprob>0.0</fprob>
        </actor>
        <actor name="D0N22">
            <wcet number="0">40</wcet>
            <wcet number="1">40</wcet>
            <maxpow number="0.5328101877462534"/>
            <maxpow number="0.5328101877462534"/>
            <fprob>0.0</fprob>
        </actor>
        <actor name="D0N45">
            <wcet number="0">20</wcet>
            <wcet number="1">20</wcet>
            <maxpow number="0.42650321130607877"/>
            <maxpow number="0.42650321130607877"/>
            <fprob>0.0</fprob>
        </actor>
        <actor name="D0N9">
            <wcet number="0">20</wcet>
            <wcet number="1">40</wcet>
            <maxpow number="0.6494904296621709"/>
            <maxpow number="0.6494904296621709"/>
            <fprob>0.0</fprob>
        </actor>
        <actor name="D0N32">
            <wcet number="0">10</wcet>
            <wcet number="1">10</wcet>
            <maxpow number="0.5113851961801754"/>
            <maxpow number="0.5113851961801754"/>
            <fprob>0.0</fprob>
        </actor>
        <actor name="D0N34">
            <wcet number="0">10</wcet>
            <wcet number="1">20</wcet>
            <maxpow number="0.4530462984532502"/>
            <maxpow number="0.4530462984532502"/>
            <fprob>0.0</fprob>
        </actor>
        <actor name="D0N37">
            <wcet number="0">10</wcet>
            <wcet number="1">10</wcet>
            <maxpow number="0.30413963668692434"/>
            <maxpow number="0.30413963668692434"/>
            <fprob>0.0</fprob>
        </actor>
        <actor name="D0N13">
            <wcet number="0">90</wcet>
            <wcet number="1">140</wcet>
            <maxpow number="0.7259092800984928"/>
            <maxpow number="0.7259092800984928"/>
            <fprob>0.0</fprob>
        </actor>
        <actor name="D0N14">
            <wcet number="0">10</wcet>
            <wcet number="1">30</wcet>
            <maxpow number="0.7808954784466915"/>
            <maxpow number="0.7808954784466915"/>
            <fprob>0.0</fprob>
        </actor>
        <actor name="D0N17">
            <wcet number="0">10</wcet>
            <wcet number="1">10</wcet>
            <maxpow number="0.3399353867348083"/>
            <maxpow number="0.3399353867348083"/>
            <fprob>0.0</fprob>
        </actor>
        <actor name="D0N36">
            <wcet number="0">10</wcet>
            <wcet number="1">10</wcet>
            <maxpow number="0.21310180198943507"/>
            <maxpow number="0.21310180198943507"/>
            <fprob>0.0</fprob>
        </actor>
        <actor name="D0N33">
            <wcet number="0">30</wcet>
            <wcet number="1">40</wcet>
            <maxpow number="0.5278939764859844"/>
            <maxpow number="0.5278939764859844"/>
            <fprob>0.0</fprob>
        </actor>
        <actor name="D0N44">
            <wcet number="0">10</wcet>
            <wcet number="1">50</wcet>
            <maxpow number="0.4988991461967814"/>
            <maxpow number="0.4988991461967814"/>
            <fprob>0.0</fprob>
        </actor>
        <actor name="D0N2">
            <wcet number="0">40</wcet>
            <wcet number="1">40</wcet>
            <maxpow number="0.6903386110303638"/>
            <maxpow number="0.6903386110303638"/>
            <fprob>0.0</fprob>
        </actor>
        <actor name="D0N30">
            <wcet number="0">10</wcet>
            <wcet number="1">10</wcet>
            <maxpow number="0.6185332144308876"/>
            <maxpow number="0.6185332144308876"/>
            <fprob>0.0</fprob>
        </actor>
        <actor name="D0N41">
            <wcet number="0">20</wcet>
            <wcet number="1">70</wcet>
            <maxpow number="0.3506772818067473"/>
            <maxpow number="0.3506772818067473"/>
            <fprob>0.0</fprob>
        </actor>
        <actor name="D0N0">
            <wcet number="0">10</wcet>
            <wcet number="1">50</wcet>
            <maxpow number="0.5154989055693524"/>
            <maxpow number="0.5154989055693524"/>
            <fprob>0.0</fprob>
        </actor>
        <actor name="D0N18">
            <wcet number="0">10</wcet>
            <wcet number="1">120</wcet>
            <maxpow number="0.33256111547203215"/>
            <maxpow number="0.33256111547203215"/>
            <fprob>0.0</fprob>
        </actor>
        <actor name="D0N7">
            <wcet number="0">20</wcet>
            <wcet number="1">60</wcet>
            <maxpow number="0.3007423988867717"/>
            <maxpow number="0.3007423988867717"/>
            <fprob>0.0</fprob>
        </actor>
        <actor name="D0N25">
            <wcet number="0">20</wcet>
            <wcet number="1">20</wcet>
            <maxpow number="0.23292884516424056"/>
            <maxpow number="0.23292884516424056"/>
            <fprob>0.0</fprob>
        </actor>
        <actor name="D0N23">
            <wcet number="0">50</wcet>
            <wcet number="1">60</wcet>
            <maxpow number="0.35280400612420537"/>
            <maxpow number="0.35280400612420537"/>
            <fprob>0.0</fprob>
        </actor>
        <actor name="D0N42">
            <wcet number="0">20</wcet>
            <wcet number="1">30</wcet>
            <maxpow number="0.5380073928224062"/>
            <maxpow number="0.5380073928224062"/>
            <fprob>0.0</fprob>
        </actor>
        <actor name="D0N35">
            <wcet number="0">20</wcet>
            <wcet number="1">20</wcet>
            <maxpow number="0.31510850671938917"/>
            <maxpow number="0.31510850671938917"/>
            <fprob>0.0</fprob>
        </actor>
        <actor name="D0N10">
            <wcet number="0">40</wcet>
            <wcet number="1">40</wcet>
            <maxpow number="0.43814147194886754"/>
            <maxpow number="0.43814147194886754"/>
            <fprob>0.0</fprob>
        </actor>
        <actor name="D0N12">
            <wcet number="0">70</wcet>
            <wcet number="1">110</wcet>
            <maxpow number="0.3514255400681794"/>
            <maxpow number="0.3514255400681794"/>
            <fprob>0.0</fprob>
        </actor>
        <actor name="D0N39">
            <wcet number="0">10</wcet>
            <wcet number="1">20</wcet>
            <maxpow number="0.6874346792603321"/>
            <maxpow number="0.6874346792603321"/>
            <fprob>0.0</fprob>
        </actor>
        <actor name="D0N11">
            <wcet number="0">20</wcet>
            <wcet number="1">20</wcet>
            <maxpow number="0.4136662170559018"/>
            <maxpow number="0.4136662170559018"/>
            <fprob>0.0</fprob>
        </actor>
        <actor name="D0N20">
            <wcet number="0">10</wcet>
            <wcet number="1">10</wcet>
            <maxpow number="0.7061207523295265"/>
            <maxpow number="0.7061207523295265"/>
            <fprob>0.0</fprob>
        </actor>
        <actor name="D0N6">
            <wcet number="0">70</wcet>
            <wcet number="1">70</wcet>
            <maxpow number="0.6156333435874055"/>
            <maxpow number="0.6156333435874055"/>
            <fprob>0.0</fprob>
        </actor>
        <actor name="D0N26">
            <wcet number="0">30</wcet>
            <wcet number="1">40</wcet>
            <maxpow number="0.5726765950623667"/>
            <maxpow number="0.5726765950623667"/>
            <fprob>0.0</fprob>
        </actor>
        <actor name="D0N15">
            <wcet number="0">70</wcet>
            <wcet number="1">130</wcet>
            <maxpow number="0.3092079334654766"/>
            <maxpow number="0.3092079334654766"/>
            <fprob>0.0</fprob>
        </actor>
        <actor name="D0N43">
            <wcet number="0">40</wcet>
            <wcet number="1">130</wcet>
            <maxpow number="0.40918459716450384"/>
            <maxpow number="0.40918459716450384"/>
            <fprob>0.0</fprob>
        </actor>
        <actor name="D0N40">
            <wcet number="0">180</wcet>
            <wcet number="1">270</wcet>
            <maxpow number="0.6772692680580208"/>
            <maxpow number="0.6772692680580208"/>
            <fprob>0.0</fprob>
        </actor>
        <actor name="D0N29">
            <wcet number="0">190</wcet>
            <wcet number="1">240</wcet>
            <maxpow number="0.5914510022551465"/>
            <maxpow number="0.5914510022551465"/>
            <fprob>0.0</fprob>
        </actor>
        <ports>
            <port dstActor="D0N38" name="p0" srcActor="D0N31"/>
            <port dstActor="D0N33" name="p1" srcActor="D0N31"/>
            <port dstActor="D0N37" name="p2" srcActor="D0N31"/>
            <port dstActor="D0N44" name="p3" srcActor="D0N31"/>
            <port dstActor="D0N35" name="p4" srcActor="D0N16"/>
            <port dstActor="D0N42" name="p5" srcActor="D0N27"/>
            <port dstActor="D0N41" name="p6" srcActor="D0N24"/>
            <port dstActor="D0N43" name="p7" srcActor="D0N28"/>
            <port dstActor="D0N37" name="p8" srcActor="D0N28"/>
            <port dstActor="D0N31" name="p9" srcActor="D0N28"/>
            <port dstActor="D0N36" name="p10" srcActor="D0N21"/>
            <port dstActor="D0N32" name="p11" srcActor="D0N21"/>
            <port dstActor="D0N42" name="p12" srcActor="D0N21"/>
            <port dstActor="D0N43" name="p13" srcActor="D0N21"/>
            <port dstActor="D0N38" name="p14" srcActor="D0N21"/>
            <port dstActor="D0N39" name="p15" srcActor="D0N5"/>
            <port dstActor="D0N33" name="p16" srcActor="D0N5"/>
            <port dstActor="D0N23" name="p17" srcActor="D0N5"/>
            <port dstActor="D0N11" name="p18" srcActor="D0N5"/>
            <port dstActor="D0N22" name="p19" srcActor="D0N8"/>
            <port dstActor="D0N24" name="p20" srcActor="D0N4"/>
            <port dstActor="D0N36" name="p21" srcActor="D0N4"/>
            <port dstActor="D0N45" name="p22" srcActor="D0N4"/>
            <port dstActor="D0N34" name="p23" srcActor="D0N4"/>
            <port dstActor="D0N20" name="p24" srcActor="D0N4"/>
            <port dstActor="D0N41" name="p25" srcActor="D0N19"/>
            <port dstActor="D0N24" name="p26" srcActor="D0N3"/>
            <port dstActor="D0N40" name="p27" srcActor="D0N3"/>
            <port dstActor="D0N34" name="p28" srcActor="D0N3"/>
            <port dstActor="D0N7" name="p29" srcActor="D0N3"/>
            <port dstActor="D0N43" name="p30" srcActor="D0N3"/>
            <port dstActor="D0N44" name="p31" srcActor="D0N3"/>
            <port dstActor="D0N10" name="p32" srcActor="D0N1"/>
            <port dstActor="D0N44" name="p33" srcActor="D0N1"/>
            <port dstActor="D0N29" name="p34" srcActor="D0N1"/>
            <port dstActor="D0N37" name="p35" srcActor="D0N1"/>
            <port dstActor="D0N37" name="p36" srcActor="D0N22"/>
            <port dstActor="D0N40" name="p37" srcActor="D0N22"/>
            <port dstActor="D0N34" name="p38" srcActor="D0N9"/>
            <port dstActor="D0N35" name="p39" srcActor="D0N9"/>
            <port dstActor="D0N38" name="p40" srcActor="D0N9"/>
            <port dstActor="D0N33" name="p41" srcActor="D0N9"/>
            <port dstActor="D0N44" name="p42" srcActor="D0N9"/>
            <port dstActor="D0N28" name="p43" srcActor="D0N9"/>
            <port dstActor="D0N19" name="p44" srcActor="D0N9"/>
            <port dstActor="D0N10" name="p45" srcActor="D0N9"/>
            <port dstActor="D0N41" name="p46" srcActor="D0N37"/>
            <port dstActor="D0N39" name="p47" srcActor="D0N13"/>
            <port dstActor="D0N33" name="p48" srcActor="D0N13"/>
            <port dstActor="D0N28" name="p49" srcActor="D0N13"/>
            <port dstActor="D0N18" name="p50" srcActor="D0N14"/>
            <port dstActor="D0N19" name="p51" srcActor="D0N14"/>
            <port dstActor="D0N30" name="p52" srcActor="D0N14"/>
            <port dstActor="D0N15" name="p53" srcActor="D0N14"/>
            <port dstActor="D0N38" name="p54" srcActor="D0N33"/>
            <port dstActor="D0N36" name="p55" srcActor="D0N33"/>
            <port dstActor="D0N37" name="p56" srcActor="D0N33"/>
            <port dstActor="D0N22" name="p57" srcActor="D0N2"/>
            <port dstActor="D0N41" name="p58" srcActor="D0N2"/>
            <port dstActor="D0N10" name="p59" srcActor="D0N2"/>
            <port dstActor="D0N38" name="p60" srcActor="D0N30"/>
            <port dstActor="D0N40" name="p61" srcActor="D0N30"/>
            <port dstActor="D0N44" name="p62" srcActor="D0N41"/>
            <port dstActor="D0N42" name="p63" srcActor="D0N0"/>
            <port dstActor="D0N44" name="p64" srcActor="D0N0"/>
            <port dstActor="D0N24" name="p65" srcActor="D0N0"/>
            <port dstActor="D0N17" name="p66" srcActor="D0N0"/>
            <port dstActor="D0N22" name="p67" srcActor="D0N18"/>
            <port dstActor="D0N28" name="p68" srcActor="D0N18"/>
            <port dstActor="D0N38" name="p69" srcActor="D0N18"/>
            <port dstActor="D0N12" name="p70" srcActor="D0N7"/>
            <port dstActor="D0N44" name="p71" srcActor="D0N7"/>
            <port dstActor="D0N15" name="p72" srcActor="D0N7"/>
            <port dstActor="D0N16" name="p73" srcActor="D0N7"/>
            <port dstActor="D0N38" name="p74" srcActor="D0N25"/>
            <port dstActor="D0N32" name="p75" srcActor="D0N25"/>
            <port dstActor="D0N42" name="p76" srcActor="D0N25"/>
            <port dstActor="D0N33" name="p77" srcActor="D0N25"/>
            <port dstActor="D0N28" name="p78" srcActor="D0N23"/>
            <port dstActor="D0N26" name="p79" srcActor="D0N23"/>
            <port dstActor="D0N32" name="p80" srcActor="D0N23"/>
            <port dstActor="D0N24" name="p81" srcActor="D0N23"/>
            <port dstActor="D0N43" name="p82" srcActor="D0N42"/>
            <port dstActor="D0N40" name="p83" srcActor="D0N35"/>
            <port dstActor="D0N36" name="p84" srcActor="D0N35"/>
            <port dstActor="D0N22" name="p85" srcActor="D0N10"/>
            <port dstActor="D0N14" name="p86" srcActor="D0N10"/>
            <port dstActor="D0N39" name="p87" srcActor="D0N10"/>
            <port dstActor="D0N37" name="p88" srcActor="D0N10"/>
            <port dstActor="D0N38" name="p89" srcActor="D0N10"/>
            <port dstActor="D0N41" name="p90" srcActor="D0N12"/>
            <port dstActor="D0N40" name="p91" srcActor="D0N39"/>
            <port dstActor="D0N30" name="p92" srcActor="D0N20"/>
            <port dstActor="D0N27" name="p93" srcActor="D0N20"/>
            <port dstActor="D0N43" name="p94" srcActor="D0N20"/>
            <port dstActor="D0N45" name="p95" srcActor="D0N20"/>
            <port dstActor="D0N44" name="p96" srcActor="D0N6"/>
            <port dstActor="D0N26" name="p97" srcActor="D0N6"/>
            <port dstActor="D0N37" name="p98" srcActor="D0N6"/>
            <port dstActor="D0N19" name="p99" srcActor="D0N6"/>
            <port dstActor="D0N35" name="p100" srcActor="D0N26"/>
            <port dstActor="D0N23" name="p101" srcActor="D0N15"/>
            <port dstActor="D0N24" name="p102" srcActor="D0N15"/>
            <port dstActor="D0N26" name="p103" srcActor="D0N15"/>
        </ports>
    </mcdag>
    <cores number="3"/>
    <levels number="2"/>
</mcsystem>
