<?xml version="1.0" encoding="UTF-8" standalone="no"?>
<mcsystem>
    <mcdag deadline="1200" name="genned-0-ed-10.0-0">
        <actor name="D0N42">
            <wcet number="0">50</wcet>
            <wcet number="1">60</wcet>
            <maxpow number="0.8854009507657932"/>
            <maxpow number="0.8854009507657932"/>
            <fprob>0.0</fprob>
        </actor>
        <actor name="D0N44">
            <wcet number="0">10</wcet>
            <wcet number="1">10</wcet>
            <maxpow number="0.5678319453118493"/>
            <maxpow number="0.5678319453118493"/>
            <fprob>0.0</fprob>
        </actor>
        <actor name="D0N20">
            <wcet number="0">80</wcet>
            <wcet number="1">90</wcet>
            <maxpow number="0.6316790575953296"/>
            <maxpow number="0.6316790575953296"/>
            <fprob>0.0</fprob>
        </actor>
        <actor name="D0N7">
            <wcet number="0">10</wcet>
            <wcet number="1">40</wcet>
            <maxpow number="0.9389717313601045"/>
            <maxpow number="0.9389717313601045"/>
            <fprob>0.0</fprob>
        </actor>
        <actor name="D0N17">
            <wcet number="0">10</wcet>
            <wcet number="1">50</wcet>
            <maxpow number="0.6900798783351886"/>
            <maxpow number="0.6900798783351886"/>
            <fprob>0.0</fprob>
        </actor>
        <actor name="D0N11">
            <wcet number="0">40</wcet>
            <wcet number="1">40</wcet>
            <maxpow number="0.7937720159786654"/>
            <maxpow number="0.7937720159786654"/>
            <fprob>0.0</fprob>
        </actor>
        <actor name="D0N36">
            <wcet number="0">40</wcet>
            <wcet number="1">70</wcet>
            <maxpow number="0.6050684530536978"/>
            <maxpow number="0.6050684530536978"/>
            <fprob>0.0</fprob>
        </actor>
        <actor name="D0N4">
            <wcet number="0">20</wcet>
            <wcet number="1">20</wcet>
            <maxpow number="0.4668574727459268"/>
            <maxpow number="0.4668574727459268"/>
            <fprob>0.0</fprob>
        </actor>
        <actor name="D0N16">
            <wcet number="0">50</wcet>
            <wcet number="1">170</wcet>
            <maxpow number="0.2553804526144464"/>
            <maxpow number="0.2553804526144464"/>
            <fprob>0.0</fprob>
        </actor>
        <actor name="D0N40">
            <wcet number="0">60</wcet>
            <wcet number="1">70</wcet>
            <maxpow number="0.948060228369633"/>
            <maxpow number="0.948060228369633"/>
            <fprob>0.0</fprob>
        </actor>
        <actor name="D0N12">
            <wcet number="0">10</wcet>
            <wcet number="1">10</wcet>
            <maxpow number="0.4766599649703336"/>
            <maxpow number="0.4766599649703336"/>
            <fprob>0.0</fprob>
        </actor>
        <actor name="D0N19">
            <wcet number="0">20</wcet>
            <wcet number="1">40</wcet>
            <maxpow number="0.7545162652707826"/>
            <maxpow number="0.7545162652707826"/>
            <fprob>0.0</fprob>
        </actor>
        <actor name="D0N23">
            <wcet number="0">20</wcet>
            <wcet number="1">60</wcet>
            <maxpow number="0.45783872830057576"/>
            <maxpow number="0.45783872830057576"/>
            <fprob>0.0</fprob>
        </actor>
        <actor name="D0N27">
            <wcet number="0">10</wcet>
            <wcet number="1">10</wcet>
            <maxpow number="0.2862909888720235"/>
            <maxpow number="0.2862909888720235"/>
            <fprob>0.0</fprob>
        </actor>
        <actor name="D0N31">
            <wcet number="0">20</wcet>
            <wcet number="1">20</wcet>
            <maxpow number="0.5056766434914356"/>
            <maxpow number="0.5056766434914356"/>
            <fprob>0.0</fprob>
        </actor>
        <actor name="D0N2">
            <wcet number="0">80</wcet>
            <wcet number="1">130</wcet>
            <maxpow number="0.539485030265249"/>
            <maxpow number="0.539485030265249"/>
            <fprob>0.0</fprob>
        </actor>
        <actor name="D0N25">
            <wcet number="0">10</wcet>
            <wcet number="1">10</wcet>
            <maxpow number="0.31169650389623993"/>
            <maxpow number="0.31169650389623993"/>
            <fprob>0.0</fprob>
        </actor>
        <actor name="D0N24">
            <wcet number="0">10</wcet>
            <wcet number="1">20</wcet>
            <maxpow number="0.589513027670167"/>
            <maxpow number="0.589513027670167"/>
            <fprob>0.0</fprob>
        </actor>
        <actor name="D0N33">
            <wcet number="0">10</wcet>
            <wcet number="1">220</wcet>
            <maxpow number="0.32177511115296126"/>
            <maxpow number="0.32177511115296126"/>
            <fprob>0.0</fprob>
        </actor>
        <actor name="D0N8">
            <wcet number="0">10</wcet>
            <wcet number="1">20</wcet>
            <maxpow number="0.5260147797565258"/>
            <maxpow number="0.5260147797565258"/>
            <fprob>0.0</fprob>
        </actor>
        <actor name="D0N18">
            <wcet number="0">10</wcet>
            <wcet number="1">10</wcet>
            <maxpow number="0.3249375755697782"/>
            <maxpow number="0.3249375755697782"/>
            <fprob>0.0</fprob>
        </actor>
        <actor name="D0N3">
            <wcet number="0">20</wcet>
            <wcet number="1">30</wcet>
            <maxpow number="0.595615555914381"/>
            <maxpow number="0.595615555914381"/>
            <fprob>0.0</fprob>
        </actor>
        <actor name="D0N6">
            <wcet number="0">10</wcet>
            <wcet number="1">10</wcet>
            <maxpow number="0.3893218136149956"/>
            <maxpow number="0.3893218136149956"/>
            <fprob>0.0</fprob>
        </actor>
        <actor name="D0N41">
            <wcet number="0">100</wcet>
            <wcet number="1">120</wcet>
            <maxpow number="0.6752691831010769"/>
            <maxpow number="0.6752691831010769"/>
            <fprob>0.0</fprob>
        </actor>
        <actor name="D0N1">
            <wcet number="0">50</wcet>
            <wcet number="1">70</wcet>
            <maxpow number="0.7593095842857974"/>
            <maxpow number="0.7593095842857974"/>
            <fprob>0.0</fprob>
        </actor>
        <actor name="D0N30">
            <wcet number="0">70</wcet>
            <wcet number="1">150</wcet>
            <maxpow number="0.9361759760962449"/>
            <maxpow number="0.9361759760962449"/>
            <fprob>0.0</fprob>
        </actor>
        <actor name="D0N38">
            <wcet number="0">50</wcet>
            <wcet number="1">50</wcet>
            <maxpow number="0.7126618313461793"/>
            <maxpow number="0.7126618313461793"/>
            <fprob>0.0</fprob>
        </actor>
        <actor name="D0N28">
            <wcet number="0">20</wcet>
            <wcet number="1">30</wcet>
            <maxpow number="0.7502123256000433"/>
            <maxpow number="0.7502123256000433"/>
            <fprob>0.0</fprob>
        </actor>
        <actor name="D0N0">
            <wcet number="0">20</wcet>
            <wcet number="1">30</wcet>
            <maxpow number="0.7346780962305752"/>
            <maxpow number="0.7346780962305752"/>
            <fprob>0.0</fprob>
        </actor>
        <actor name="D0N39">
            <wcet number="0">20</wcet>
            <wcet number="1">30</wcet>
            <maxpow number="0.4752683924881287"/>
            <maxpow number="0.4752683924881287"/>
            <fprob>0.0</fprob>
        </actor>
        <actor name="D0N37">
            <wcet number="0">10</wcet>
            <wcet number="1">50</wcet>
            <maxpow number="0.7171428472995652"/>
            <maxpow number="0.7171428472995652"/>
            <fprob>0.0</fprob>
        </actor>
        <actor name="D0N43">
            <wcet number="0">10</wcet>
            <wcet number="1">20</wcet>
            <maxpow number="0.3851912174027209"/>
            <maxpow number="0.3851912174027209"/>
            <fprob>0.0</fprob>
        </actor>
        <actor name="D0N15">
            <wcet number="0">140</wcet>
            <wcet number="1">150</wcet>
            <maxpow number="0.373362219914976"/>
            <maxpow number="0.373362219914976"/>
            <fprob>0.0</fprob>
        </actor>
        <actor name="D0N32">
            <wcet number="0">40</wcet>
            <wcet number="1">80</wcet>
            <maxpow number="0.4638568702303915"/>
            <maxpow number="0.4638568702303915"/>
            <fprob>0.0</fprob>
        </actor>
        <actor name="D0N35">
            <wcet number="0">80</wcet>
            <wcet number="1">160</wcet>
            <maxpow number="0.30633058688805376"/>
            <maxpow number="0.30633058688805376"/>
            <fprob>0.0</fprob>
        </actor>
        <actor name="D0N34">
            <wcet number="0">40</wcet>
            <wcet number="1">80</wcet>
            <maxpow number="0.33536189372337344"/>
            <maxpow number="0.33536189372337344"/>
            <fprob>0.0</fprob>
        </actor>
        <actor name="D0N9">
            <wcet number="0">40</wcet>
            <wcet number="1">50</wcet>
            <maxpow number="0.204042060389788"/>
            <maxpow number="0.204042060389788"/>
            <fprob>0.0</fprob>
        </actor>
        <actor name="D0N26">
            <wcet number="0">140</wcet>
            <wcet number="1">150</wcet>
            <maxpow number="0.564176717769915"/>
            <maxpow number="0.564176717769915"/>
            <fprob>0.0</fprob>
        </actor>
        <actor name="D0N29">
            <wcet number="0">10</wcet>
            <wcet number="1">10</wcet>
            <maxpow number="0.5933314678409191"/>
            <maxpow number="0.5933314678409191"/>
            <fprob>0.0</fprob>
        </actor>
        <actor name="D0N5">
            <wcet number="0">10</wcet>
            <wcet number="1">40</wcet>
            <maxpow number="0.6534534529600994"/>
            <maxpow number="0.6534534529600994"/>
            <fprob>0.0</fprob>
        </actor>
        <actor name="D0N21">
            <wcet number="0">20</wcet>
            <wcet number="1">60</wcet>
            <maxpow number="0.3611748911335213"/>
            <maxpow number="0.3611748911335213"/>
            <fprob>0.0</fprob>
        </actor>
        <actor name="D0N22">
            <wcet number="0">20</wcet>
            <wcet number="1">30</wcet>
            <maxpow number="0.31255461289007336"/>
            <maxpow number="0.31255461289007336"/>
            <fprob>0.0</fprob>
        </actor>
        <actor name="D0N13">
            <wcet number="0">10</wcet>
            <wcet number="1">20</wcet>
            <maxpow number="0.48058067917578495"/>
            <maxpow number="0.48058067917578495"/>
            <fprob>0.0</fprob>
        </actor>
        <actor name="D0N14">
            <wcet number="0">10</wcet>
            <wcet number="1">10</wcet>
            <maxpow number="0.4500513653418553"/>
            <maxpow number="0.4500513653418553"/>
            <fprob>0.0</fprob>
        </actor>
        <actor name="D0N10">
            <wcet number="0">40</wcet>
            <wcet number="1">40</wcet>
            <maxpow number="0.5998254771207548"/>
            <maxpow number="0.5998254771207548"/>
            <fprob>0.0</fprob>
        </actor>
        <ports>
            <port dstActor="D0N29" name="p0" srcActor="D0N20"/>
            <port dstActor="D0N26" name="p1" srcActor="D0N20"/>
            <port dstActor="D0N35" name="p2" srcActor="D0N20"/>
            <port dstActor="D0N31" name="p3" srcActor="D0N7"/>
            <port dstActor="D0N17" name="p4" srcActor="D0N7"/>
            <port dstActor="D0N24" name="p5" srcActor="D0N17"/>
            <port dstActor="D0N28" name="p6" srcActor="D0N17"/>
            <port dstActor="D0N38" name="p7" srcActor="D0N17"/>
            <port dstActor="D0N35" name="p8" srcActor="D0N11"/>
            <port dstActor="D0N41" name="p9" srcActor="D0N11"/>
            <port dstActor="D0N23" name="p10" srcActor="D0N11"/>
            <port dstActor="D0N18" name="p11" srcActor="D0N11"/>
            <port dstActor="D0N30" name="p12" srcActor="D0N4"/>
            <port dstActor="D0N39" name="p13" srcActor="D0N4"/>
            <port dstActor="D0N40" name="p14" srcActor="D0N16"/>
            <port dstActor="D0N27" name="p15" srcActor="D0N16"/>
            <port dstActor="D0N44" name="p16" srcActor="D0N16"/>
            <port dstActor="D0N33" name="p17" srcActor="D0N12"/>
            <port dstActor="D0N27" name="p18" srcActor="D0N12"/>
            <port dstActor="D0N35" name="p19" srcActor="D0N12"/>
            <port dstActor="D0N33" name="p20" srcActor="D0N19"/>
            <port dstActor="D0N21" name="p21" srcActor="D0N19"/>
            <port dstActor="D0N44" name="p22" srcActor="D0N23"/>
            <port dstActor="D0N39" name="p23" srcActor="D0N23"/>
            <port dstActor="D0N31" name="p24" srcActor="D0N27"/>
            <port dstActor="D0N44" name="p25" srcActor="D0N31"/>
            <port dstActor="D0N37" name="p26" srcActor="D0N31"/>
            <port dstActor="D0N39" name="p27" srcActor="D0N2"/>
            <port dstActor="D0N16" name="p28" srcActor="D0N2"/>
            <port dstActor="D0N6" name="p29" srcActor="D0N2"/>
            <port dstActor="D0N44" name="p30" srcActor="D0N2"/>
            <port dstActor="D0N12" name="p31" srcActor="D0N2"/>
            <port dstActor="D0N34" name="p32" srcActor="D0N25"/>
            <port dstActor="D0N37" name="p33" srcActor="D0N24"/>
            <port dstActor="D0N39" name="p34" srcActor="D0N33"/>
            <port dstActor="D0N10" name="p35" srcActor="D0N8"/>
            <port dstActor="D0N33" name="p36" srcActor="D0N8"/>
            <port dstActor="D0N44" name="p37" srcActor="D0N8"/>
            <port dstActor="D0N39" name="p38" srcActor="D0N8"/>
            <port dstActor="D0N11" name="p39" srcActor="D0N8"/>
            <port dstActor="D0N21" name="p40" srcActor="D0N8"/>
            <port dstActor="D0N32" name="p41" srcActor="D0N8"/>
            <port dstActor="D0N34" name="p42" srcActor="D0N8"/>
            <port dstActor="D0N13" name="p43" srcActor="D0N8"/>
            <port dstActor="D0N31" name="p44" srcActor="D0N18"/>
            <port dstActor="D0N21" name="p45" srcActor="D0N18"/>
            <port dstActor="D0N34" name="p46" srcActor="D0N18"/>
            <port dstActor="D0N39" name="p47" srcActor="D0N3"/>
            <port dstActor="D0N22" name="p48" srcActor="D0N3"/>
            <port dstActor="D0N6" name="p49" srcActor="D0N3"/>
            <port dstActor="D0N11" name="p50" srcActor="D0N3"/>
            <port dstActor="D0N38" name="p51" srcActor="D0N6"/>
            <port dstActor="D0N40" name="p52" srcActor="D0N6"/>
            <port dstActor="D0N10" name="p53" srcActor="D0N6"/>
            <port dstActor="D0N31" name="p54" srcActor="D0N6"/>
            <port dstActor="D0N42" name="p55" srcActor="D0N41"/>
            <port dstActor="D0N3" name="p56" srcActor="D0N1"/>
            <port dstActor="D0N31" name="p57" srcActor="D0N1"/>
            <port dstActor="D0N11" name="p58" srcActor="D0N1"/>
            <port dstActor="D0N17" name="p59" srcActor="D0N1"/>
            <port dstActor="D0N35" name="p60" srcActor="D0N30"/>
            <port dstActor="D0N43" name="p61" srcActor="D0N38"/>
            <port dstActor="D0N31" name="p62" srcActor="D0N28"/>
            <port dstActor="D0N36" name="p63" srcActor="D0N28"/>
            <port dstActor="D0N15" name="p64" srcActor="D0N0"/>
            <port dstActor="D0N9" name="p65" srcActor="D0N0"/>
            <port dstActor="D0N3" name="p66" srcActor="D0N0"/>
            <port dstActor="D0N27" name="p67" srcActor="D0N0"/>
            <port dstActor="D0N11" name="p68" srcActor="D0N0"/>
            <port dstActor="D0N20" name="p69" srcActor="D0N0"/>
            <port dstActor="D0N16" name="p70" srcActor="D0N15"/>
            <port dstActor="D0N37" name="p71" srcActor="D0N15"/>
            <port dstActor="D0N25" name="p72" srcActor="D0N15"/>
            <port dstActor="D0N34" name="p73" srcActor="D0N15"/>
            <port dstActor="D0N28" name="p74" srcActor="D0N15"/>
            <port dstActor="D0N40" name="p75" srcActor="D0N32"/>
            <port dstActor="D0N37" name="p76" srcActor="D0N32"/>
            <port dstActor="D0N42" name="p77" srcActor="D0N35"/>
            <port dstActor="D0N35" name="p78" srcActor="D0N34"/>
            <port dstActor="D0N21" name="p79" srcActor="D0N9"/>
            <port dstActor="D0N23" name="p80" srcActor="D0N9"/>
            <port dstActor="D0N44" name="p81" srcActor="D0N29"/>
            <port dstActor="D0N34" name="p82" srcActor="D0N29"/>
            <port dstActor="D0N38" name="p83" srcActor="D0N29"/>
            <port dstActor="D0N9" name="p84" srcActor="D0N5"/>
            <port dstActor="D0N26" name="p85" srcActor="D0N5"/>
            <port dstActor="D0N21" name="p86" srcActor="D0N5"/>
            <port dstActor="D0N15" name="p87" srcActor="D0N5"/>
            <port dstActor="D0N43" name="p88" srcActor="D0N5"/>
            <port dstActor="D0N25" name="p89" srcActor="D0N5"/>
            <port dstActor="D0N35" name="p90" srcActor="D0N21"/>
            <port dstActor="D0N37" name="p91" srcActor="D0N21"/>
            <port dstActor="D0N27" name="p92" srcActor="D0N21"/>
            <port dstActor="D0N30" name="p93" srcActor="D0N21"/>
            <port dstActor="D0N40" name="p94" srcActor="D0N21"/>
            <port dstActor="D0N33" name="p95" srcActor="D0N22"/>
            <port dstActor="D0N38" name="p96" srcActor="D0N22"/>
            <port dstActor="D0N39" name="p97" srcActor="D0N22"/>
            <port dstActor="D0N30" name="p98" srcActor="D0N13"/>
            <port dstActor="D0N19" name="p99" srcActor="D0N13"/>
            <port dstActor="D0N43" name="p100" srcActor="D0N14"/>
            <port dstActor="D0N18" name="p101" srcActor="D0N14"/>
            <port dstActor="D0N33" name="p102" srcActor="D0N14"/>
            <port dstActor="D0N19" name="p103" srcActor="D0N14"/>
            <port dstActor="D0N27" name="p104" srcActor="D0N14"/>
            <port dstActor="D0N42" name="p105" srcActor="D0N14"/>
            <port dstActor="D0N40" name="p106" srcActor="D0N10"/>
            <port dstActor="D0N14" name="p107" srcActor="D0N10"/>
            <port dstActor="D0N22" name="p108" srcActor="D0N10"/>
            <port dstActor="D0N42" name="p109" srcActor="D0N10"/>
        </ports>
    </mcdag>
    <cores number="3"/>
    <levels number="2"/>
</mcsystem>
