<?xml version="1.0" encoding="UTF-8" standalone="no"?>
<mcsystem>
    <mcdag deadline="1500" name="genned-0-ed-10.0-0">
        <actor name="D0N9">
            <wcet number="0">30</wcet>
            <wcet number="1">30</wcet>
            <maxpow number="0.49253956719886743"/>
            <maxpow number="0.49253956719886743"/>
            <fprob>0.0</fprob>
        </actor>
        <actor name="D0N10">
            <wcet number="0">30</wcet>
            <wcet number="1">30</wcet>
            <maxpow number="0.06381653223199202"/>
            <maxpow number="0.06381653223199202"/>
            <fprob>0.0</fprob>
        </actor>
        <actor name="D0N16">
            <wcet number="0">90</wcet>
            <wcet number="1">270</wcet>
            <maxpow number="0.33974001849883984"/>
            <maxpow number="0.33974001849883984"/>
            <fprob>0.0</fprob>
        </actor>
        <actor name="D0N12">
            <wcet number="0">20</wcet>
            <wcet number="1">40</wcet>
            <maxpow number="0.18685979542161396"/>
            <maxpow number="0.18685979542161396"/>
            <fprob>0.0</fprob>
        </actor>
        <actor name="D0N28">
            <wcet number="0">150</wcet>
            <wcet number="1">240</wcet>
            <maxpow number="0.5715314433575897"/>
            <maxpow number="0.5715314433575897"/>
            <fprob>0.0</fprob>
        </actor>
        <actor name="D0N11">
            <wcet number="0">40</wcet>
            <wcet number="1">60</wcet>
            <maxpow number="0.04295280893484077"/>
            <maxpow number="0.04295280893484077"/>
            <fprob>0.0</fprob>
        </actor>
        <actor name="D0N19">
            <wcet number="0">10</wcet>
            <wcet number="1">20</wcet>
            <maxpow number="0.5076254203435036"/>
            <maxpow number="0.5076254203435036"/>
            <fprob>0.0</fprob>
        </actor>
        <actor name="D0N32">
            <wcet number="0">20</wcet>
            <wcet number="1">90</wcet>
            <maxpow number="0.30636630881501026"/>
            <maxpow number="0.30636630881501026"/>
            <fprob>0.0</fprob>
        </actor>
        <actor name="D0N37">
            <wcet number="0">70</wcet>
            <wcet number="1">90</wcet>
            <maxpow number="0.5842540474095609"/>
            <maxpow number="0.5842540474095609"/>
            <fprob>0.0</fprob>
        </actor>
        <actor name="D0N17">
            <wcet number="0">80</wcet>
            <wcet number="1">260</wcet>
            <maxpow number="0.8163211229391756"/>
            <maxpow number="0.8163211229391756"/>
            <fprob>0.0</fprob>
        </actor>
        <actor name="D0N22">
            <wcet number="0">110</wcet>
            <wcet number="1">170</wcet>
            <maxpow number="0.32200478268948307"/>
            <maxpow number="0.32200478268948307"/>
            <fprob>0.0</fprob>
        </actor>
        <actor name="D0N39">
            <wcet number="0">70</wcet>
            <wcet number="1">120</wcet>
            <maxpow number="0.848576673572484"/>
            <maxpow number="0.848576673572484"/>
            <fprob>0.0</fprob>
        </actor>
        <actor name="D0N4">
            <wcet number="0">20</wcet>
            <wcet number="1">50</wcet>
            <maxpow number="0.3897759022496501"/>
            <maxpow number="0.3897759022496501"/>
            <fprob>0.0</fprob>
        </actor>
        <actor name="D0N26">
            <wcet number="0">10</wcet>
            <wcet number="1">10</wcet>
            <maxpow number="0.3989027731946574"/>
            <maxpow number="0.3989027731946574"/>
            <fprob>0.0</fprob>
        </actor>
        <actor name="D0N46">
            <wcet number="0">30</wcet>
            <wcet number="1">30</wcet>
            <maxpow number="0.7082071621424195"/>
            <maxpow number="0.7082071621424195"/>
            <fprob>0.0</fprob>
        </actor>
        <actor name="D0N35">
            <wcet number="0">10</wcet>
            <wcet number="1">10</wcet>
            <maxpow number="0.7595918928461951"/>
            <maxpow number="0.7595918928461951"/>
            <fprob>0.0</fprob>
        </actor>
        <actor name="D0N15">
            <wcet number="0">20</wcet>
            <wcet number="1">30</wcet>
            <maxpow number="0.28704953911084413"/>
            <maxpow number="0.28704953911084413"/>
            <fprob>0.0</fprob>
        </actor>
        <actor name="D0N34">
            <wcet number="0">120</wcet>
            <wcet number="1">120</wcet>
            <maxpow number="0.5721334114731351"/>
            <maxpow number="0.5721334114731351"/>
            <fprob>0.0</fprob>
        </actor>
        <actor name="D0N21">
            <wcet number="0">20</wcet>
            <wcet number="1">30</wcet>
            <maxpow number="0.4515482256246337"/>
            <maxpow number="0.4515482256246337"/>
            <fprob>0.0</fprob>
        </actor>
        <actor name="D0N6">
            <wcet number="0">40</wcet>
            <wcet number="1">40</wcet>
            <maxpow number="0.6203825181450954"/>
            <maxpow number="0.6203825181450954"/>
            <fprob>0.0</fprob>
        </actor>
        <actor name="D0N20">
            <wcet number="0">20</wcet>
            <wcet number="1">90</wcet>
            <maxpow number="0.6864874980197077"/>
            <maxpow number="0.6864874980197077"/>
            <fprob>0.0</fprob>
        </actor>
        <actor name="D0N36">
            <wcet number="0">10</wcet>
            <wcet number="1">10</wcet>
            <maxpow number="0.3481816014960439"/>
            <maxpow number="0.3481816014960439"/>
            <fprob>0.0</fprob>
        </actor>
        <actor name="D0N3">
            <wcet number="0">20</wcet>
            <wcet number="1">200</wcet>
            <maxpow number="0.554649170160894"/>
            <maxpow number="0.554649170160894"/>
            <fprob>0.0</fprob>
        </actor>
        <actor name="D0N47">
            <wcet number="0">10</wcet>
            <wcet number="1">40</wcet>
            <maxpow number="0.37641475511881356"/>
            <maxpow number="0.37641475511881356"/>
            <fprob>0.0</fprob>
        </actor>
        <actor name="D0N13">
            <wcet number="0">10</wcet>
            <wcet number="1">60</wcet>
            <maxpow number="0.6160321002814602"/>
            <maxpow number="0.6160321002814602"/>
            <fprob>0.0</fprob>
        </actor>
        <actor name="D0N43">
            <wcet number="0">20</wcet>
            <wcet number="1">50</wcet>
            <maxpow number="0.31901274301934723"/>
            <maxpow number="0.31901274301934723"/>
            <fprob>0.0</fprob>
        </actor>
        <actor name="D0N44">
            <wcet number="0">20</wcet>
            <wcet number="1">20</wcet>
            <maxpow number="0.6420617557388313"/>
            <maxpow number="0.6420617557388313"/>
            <fprob>0.0</fprob>
        </actor>
        <actor name="D0N1">
            <wcet number="0">10</wcet>
            <wcet number="1">20</wcet>
            <maxpow number="0.6032407380198161"/>
            <maxpow number="0.6032407380198161"/>
            <fprob>0.0</fprob>
        </actor>
        <actor name="D0N7">
            <wcet number="0">70</wcet>
            <wcet number="1">90</wcet>
            <maxpow number="0.6617294102469948"/>
            <maxpow number="0.6617294102469948"/>
            <fprob>0.0</fprob>
        </actor>
        <actor name="D0N38">
            <wcet number="0">40</wcet>
            <wcet number="1">120</wcet>
            <maxpow number="0.4643132672968694"/>
            <maxpow number="0.4643132672968694"/>
            <fprob>0.0</fprob>
        </actor>
        <actor name="D0N41">
            <wcet number="0">20</wcet>
            <wcet number="1">60</wcet>
            <maxpow number="0.2734335761057371"/>
            <maxpow number="0.2734335761057371"/>
            <fprob>0.0</fprob>
        </actor>
        <actor name="D0N45">
            <wcet number="0">20</wcet>
            <wcet number="1">20</wcet>
            <maxpow number="0.6796272143404136"/>
            <maxpow number="0.6796272143404136"/>
            <fprob>0.0</fprob>
        </actor>
        <actor name="D0N14">
            <wcet number="0">10</wcet>
            <wcet number="1">10</wcet>
            <maxpow number="0.5566390917061296"/>
            <maxpow number="0.5566390917061296"/>
            <fprob>0.0</fprob>
        </actor>
        <actor name="D0N25">
            <wcet number="0">10</wcet>
            <wcet number="1">10</wcet>
            <maxpow number="0.6326497102035656"/>
            <maxpow number="0.6326497102035656"/>
            <fprob>0.0</fprob>
        </actor>
        <actor name="D0N40">
            <wcet number="0">100</wcet>
            <wcet number="1">100</wcet>
            <maxpow number="0.1440117557519633"/>
            <maxpow number="0.1440117557519633"/>
            <fprob>0.0</fprob>
        </actor>
        <actor name="D0N33">
            <wcet number="0">10</wcet>
            <wcet number="1">10</wcet>
            <maxpow number="0.4343279154220195"/>
            <maxpow number="0.4343279154220195"/>
            <fprob>0.0</fprob>
        </actor>
        <actor name="D0N2">
            <wcet number="0">100</wcet>
            <wcet number="1">140</wcet>
            <maxpow number="0.5086039612325244"/>
            <maxpow number="0.5086039612325244"/>
            <fprob>0.0</fprob>
        </actor>
        <actor name="D0N23">
            <wcet number="0">260</wcet>
            <wcet number="1">360</wcet>
            <maxpow number="0.23318001883135664"/>
            <maxpow number="0.23318001883135664"/>
            <fprob>0.0</fprob>
        </actor>
        <actor name="D0N49">
            <wcet number="0">10</wcet>
            <wcet number="1">30</wcet>
            <maxpow number="0.7546144336523912"/>
            <maxpow number="0.7546144336523912"/>
            <fprob>0.0</fprob>
        </actor>
        <actor name="D0N5">
            <wcet number="0">30</wcet>
            <wcet number="1">40</wcet>
            <maxpow number="0.5155271160446672"/>
            <maxpow number="0.5155271160446672"/>
            <fprob>0.0</fprob>
        </actor>
        <actor name="D0N24">
            <wcet number="0">20</wcet>
            <wcet number="1">20</wcet>
            <maxpow number="0.4636412575232362"/>
            <maxpow number="0.4636412575232362"/>
            <fprob>0.0</fprob>
        </actor>
        <actor name="D0N8">
            <wcet number="0">50</wcet>
            <wcet number="1">70</wcet>
            <maxpow number="0.7124530367394359"/>
            <maxpow number="0.7124530367394359"/>
            <fprob>0.0</fprob>
        </actor>
        <actor name="D0N31">
            <wcet number="0">10</wcet>
            <wcet number="1">20</wcet>
            <maxpow number="0.7424300414945739"/>
            <maxpow number="0.7424300414945739"/>
            <fprob>0.0</fprob>
        </actor>
        <actor name="D0N0">
            <wcet number="0">250</wcet>
            <wcet number="1">270</wcet>
            <maxpow number="0.5864991489504758"/>
            <maxpow number="0.5864991489504758"/>
            <fprob>0.0</fprob>
        </actor>
        <actor name="D0N48">
            <wcet number="0">110</wcet>
            <wcet number="1">160</wcet>
            <maxpow number="0.3620024469646115"/>
            <maxpow number="0.3620024469646115"/>
            <fprob>0.0</fprob>
        </actor>
        <actor name="D0N18">
            <wcet number="0">10</wcet>
            <wcet number="1">50</wcet>
            <maxpow number="0.5478390075430747"/>
            <maxpow number="0.5478390075430747"/>
            <fprob>0.0</fprob>
        </actor>
        <actor name="D0N29">
            <wcet number="0">40</wcet>
            <wcet number="1">50</wcet>
            <maxpow number="0.6067614335431987"/>
            <maxpow number="0.6067614335431987"/>
            <fprob>0.0</fprob>
        </actor>
        <actor name="D0N30">
            <wcet number="0">10</wcet>
            <wcet number="1">10</wcet>
            <maxpow number="0.424111774998974"/>
            <maxpow number="0.424111774998974"/>
            <fprob>0.0</fprob>
        </actor>
        <actor name="D0N42">
            <wcet number="0">170</wcet>
            <wcet number="1">250</wcet>
            <maxpow number="0.4466254573107678"/>
            <maxpow number="0.4466254573107678"/>
            <fprob>0.0</fprob>
        </actor>
        <actor name="D0N27">
            <wcet number="0">10</wcet>
            <wcet number="1">80</wcet>
            <maxpow number="0.7001848372430421"/>
            <maxpow number="0.7001848372430421"/>
            <fprob>0.0</fprob>
        </actor>
        <ports>
            <port dstActor="D0N31" name="p0" srcActor="D0N9"/>
            <port dstActor="D0N48" name="p1" srcActor="D0N9"/>
            <port dstActor="D0N15" name="p2" srcActor="D0N9"/>
            <port dstActor="D0N23" name="p3" srcActor="D0N9"/>
            <port dstActor="D0N37" name="p4" srcActor="D0N9"/>
            <port dstActor="D0N32" name="p5" srcActor="D0N9"/>
            <port dstActor="D0N37" name="p6" srcActor="D0N16"/>
            <port dstActor="D0N22" name="p7" srcActor="D0N16"/>
            <port dstActor="D0N32" name="p8" srcActor="D0N16"/>
            <port dstActor="D0N34" name="p9" srcActor="D0N16"/>
            <port dstActor="D0N26" name="p10" srcActor="D0N16"/>
            <port dstActor="D0N40" name="p11" srcActor="D0N16"/>
            <port dstActor="D0N40" name="p12" srcActor="D0N12"/>
            <port dstActor="D0N17" name="p13" srcActor="D0N12"/>
            <port dstActor="D0N45" name="p14" srcActor="D0N12"/>
            <port dstActor="D0N49" name="p15" srcActor="D0N12"/>
            <port dstActor="D0N32" name="p16" srcActor="D0N28"/>
            <port dstActor="D0N33" name="p17" srcActor="D0N28"/>
            <port dstActor="D0N49" name="p18" srcActor="D0N28"/>
            <port dstActor="D0N17" name="p19" srcActor="D0N11"/>
            <port dstActor="D0N32" name="p20" srcActor="D0N11"/>
            <port dstActor="D0N15" name="p21" srcActor="D0N11"/>
            <port dstActor="D0N30" name="p22" srcActor="D0N19"/>
            <port dstActor="D0N21" name="p23" srcActor="D0N19"/>
            <port dstActor="D0N36" name="p24" srcActor="D0N19"/>
            <port dstActor="D0N39" name="p25" srcActor="D0N19"/>
            <port dstActor="D0N36" name="p26" srcActor="D0N32"/>
            <port dstActor="D0N44" name="p27" srcActor="D0N37"/>
            <port dstActor="D0N21" name="p28" srcActor="D0N17"/>
            <port dstActor="D0N23" name="p29" srcActor="D0N17"/>
            <port dstActor="D0N37" name="p30" srcActor="D0N17"/>
            <port dstActor="D0N28" name="p31" srcActor="D0N17"/>
            <port dstActor="D0N45" name="p32" srcActor="D0N39"/>
            <port dstActor="D0N48" name="p33" srcActor="D0N39"/>
            <port dstActor="D0N31" name="p34" srcActor="D0N4"/>
            <port dstActor="D0N25" name="p35" srcActor="D0N4"/>
            <port dstActor="D0N34" name="p36" srcActor="D0N26"/>
            <port dstActor="D0N49" name="p37" srcActor="D0N26"/>
            <port dstActor="D0N42" name="p38" srcActor="D0N26"/>
            <port dstActor="D0N45" name="p39" srcActor="D0N35"/>
            <port dstActor="D0N35" name="p40" srcActor="D0N15"/>
            <port dstActor="D0N17" name="p41" srcActor="D0N15"/>
            <port dstActor="D0N40" name="p42" srcActor="D0N21"/>
            <port dstActor="D0N32" name="p43" srcActor="D0N21"/>
            <port dstActor="D0N47" name="p44" srcActor="D0N21"/>
            <port dstActor="D0N27" name="p45" srcActor="D0N21"/>
            <port dstActor="D0N8" name="p46" srcActor="D0N6"/>
            <port dstActor="D0N23" name="p47" srcActor="D0N6"/>
            <port dstActor="D0N39" name="p48" srcActor="D0N6"/>
            <port dstActor="D0N11" name="p49" srcActor="D0N6"/>
            <port dstActor="D0N32" name="p50" srcActor="D0N20"/>
            <port dstActor="D0N26" name="p51" srcActor="D0N20"/>
            <port dstActor="D0N29" name="p52" srcActor="D0N3"/>
            <port dstActor="D0N32" name="p53" srcActor="D0N3"/>
            <port dstActor="D0N9" name="p54" srcActor="D0N3"/>
            <port dstActor="D0N24" name="p55" srcActor="D0N3"/>
            <port dstActor="D0N35" name="p56" srcActor="D0N3"/>
            <port dstActor="D0N30" name="p57" srcActor="D0N13"/>
            <port dstActor="D0N29" name="p58" srcActor="D0N13"/>
            <port dstActor="D0N31" name="p59" srcActor="D0N13"/>
            <port dstActor="D0N21" name="p60" srcActor="D0N13"/>
            <port dstActor="D0N49" name="p61" srcActor="D0N43"/>
            <port dstActor="D0N45" name="p62" srcActor="D0N43"/>
            <port dstActor="D0N45" name="p63" srcActor="D0N44"/>
            <port dstActor="D0N22" name="p64" srcActor="D0N1"/>
            <port dstActor="D0N43" name="p65" srcActor="D0N1"/>
            <port dstActor="D0N3" name="p66" srcActor="D0N1"/>
            <port dstActor="D0N17" name="p67" srcActor="D0N1"/>
            <port dstActor="D0N31" name="p68" srcActor="D0N1"/>
            <port dstActor="D0N37" name="p69" srcActor="D0N7"/>
            <port dstActor="D0N41" name="p70" srcActor="D0N7"/>
            <port dstActor="D0N28" name="p71" srcActor="D0N7"/>
            <port dstActor="D0N9" name="p72" srcActor="D0N7"/>
            <port dstActor="D0N34" name="p73" srcActor="D0N7"/>
            <port dstActor="D0N42" name="p74" srcActor="D0N7"/>
            <port dstActor="D0N46" name="p75" srcActor="D0N38"/>
            <port dstActor="D0N49" name="p76" srcActor="D0N38"/>
            <port dstActor="D0N39" name="p77" srcActor="D0N14"/>
            <port dstActor="D0N23" name="p78" srcActor="D0N14"/>
            <port dstActor="D0N17" name="p79" srcActor="D0N14"/>
            <port dstActor="D0N15" name="p80" srcActor="D0N14"/>
            <port dstActor="D0N19" name="p81" srcActor="D0N14"/>
            <port dstActor="D0N45" name="p82" srcActor="D0N25"/>
            <port dstActor="D0N46" name="p83" srcActor="D0N40"/>
            <port dstActor="D0N35" name="p84" srcActor="D0N33"/>
            <port dstActor="D0N41" name="p85" srcActor="D0N33"/>
            <port dstActor="D0N38" name="p86" srcActor="D0N33"/>
            <port dstActor="D0N49" name="p87" srcActor="D0N33"/>
            <port dstActor="D0N29" name="p88" srcActor="D0N2"/>
            <port dstActor="D0N43" name="p89" srcActor="D0N2"/>
            <port dstActor="D0N47" name="p90" srcActor="D0N2"/>
            <port dstActor="D0N9" name="p91" srcActor="D0N2"/>
            <port dstActor="D0N14" name="p92" srcActor="D0N2"/>
            <port dstActor="D0N30" name="p93" srcActor="D0N23"/>
            <port dstActor="D0N39" name="p94" srcActor="D0N23"/>
            <port dstActor="D0N35" name="p95" srcActor="D0N23"/>
            <port dstActor="D0N45" name="p96" srcActor="D0N23"/>
            <port dstActor="D0N42" name="p97" srcActor="D0N5"/>
            <port dstActor="D0N14" name="p98" srcActor="D0N5"/>
            <port dstActor="D0N41" name="p99" srcActor="D0N5"/>
            <port dstActor="D0N45" name="p100" srcActor="D0N5"/>
            <port dstActor="D0N25" name="p101" srcActor="D0N24"/>
            <port dstActor="D0N34" name="p102" srcActor="D0N24"/>
            <port dstActor="D0N35" name="p103" srcActor="D0N24"/>
            <port dstActor="D0N37" name="p104" srcActor="D0N24"/>
            <port dstActor="D0N23" name="p105" srcActor="D0N8"/>
            <port dstActor="D0N42" name="p106" srcActor="D0N8"/>
            <port dstActor="D0N36" name="p107" srcActor="D0N8"/>
            <port dstActor="D0N37" name="p108" srcActor="D0N8"/>
            <port dstActor="D0N34" name="p109" srcActor="D0N31"/>
            <port dstActor="D0N40" name="p110" srcActor="D0N31"/>
            <port dstActor="D0N35" name="p111" srcActor="D0N31"/>
            <port dstActor="D0N45" name="p112" srcActor="D0N31"/>
            <port dstActor="D0N43" name="p113" srcActor="D0N31"/>
            <port dstActor="D0N46" name="p114" srcActor="D0N0"/>
            <port dstActor="D0N27" name="p115" srcActor="D0N0"/>
            <port dstActor="D0N21" name="p116" srcActor="D0N0"/>
            <port dstActor="D0N20" name="p117" srcActor="D0N0"/>
            <port dstActor="D0N18" name="p118" srcActor="D0N0"/>
            <port dstActor="D0N45" name="p119" srcActor="D0N18"/>
            <port dstActor="D0N36" name="p120" srcActor="D0N18"/>
            <port dstActor="D0N46" name="p121" srcActor="D0N18"/>
            <port dstActor="D0N30" name="p122" srcActor="D0N18"/>
            <port dstActor="D0N37" name="p123" srcActor="D0N29"/>
            <port dstActor="D0N36" name="p124" srcActor="D0N29"/>
            <port dstActor="D0N38" name="p125" srcActor="D0N29"/>
            <port dstActor="D0N49" name="p126" srcActor="D0N29"/>
            <port dstActor="D0N47" name="p127" srcActor="D0N30"/>
            <port dstActor="D0N39" name="p128" srcActor="D0N27"/>
            <port dstActor="D0N33" name="p129" srcActor="D0N27"/>
        </ports>
    </mcdag>
    <cores number="3"/>
    <levels number="2"/>
</mcsystem>
