<?xml version="1.0" encoding="UTF-8" standalone="no"?>
<mcsystem>
    <mcdag deadline="1800" name="genned-0-ed-10.0-0">
        <actor name="D0N8">
            <wcet number="0">60</wcet>
            <wcet number="1">80</wcet>
            <maxpow number="0.6046926536015588"/>
            <maxpow number="0.6046926536015588"/>
            <fprob>0.0</fprob>
        </actor>
        <actor name="D0N15">
            <wcet number="0">180</wcet>
            <wcet number="1">460</wcet>
            <maxpow number="0.4258684263681891"/>
            <maxpow number="0.4258684263681891"/>
            <fprob>0.0</fprob>
        </actor>
        <actor name="D0N42">
            <wcet number="0">10</wcet>
            <wcet number="1">10</wcet>
            <maxpow number="0.6890668389150785"/>
            <maxpow number="0.6890668389150785"/>
            <fprob>0.0</fprob>
        </actor>
        <actor name="D0N0">
            <wcet number="0">50</wcet>
            <wcet number="1">60</wcet>
            <maxpow number="0.5098720075554608"/>
            <maxpow number="0.5098720075554608"/>
            <fprob>0.0</fprob>
        </actor>
        <actor name="D0N22">
            <wcet number="0">20</wcet>
            <wcet number="1">70</wcet>
            <maxpow number="0.6693521504550173"/>
            <maxpow number="0.6693521504550173"/>
            <fprob>0.0</fprob>
        </actor>
        <actor name="D0N19">
            <wcet number="0">40</wcet>
            <wcet number="1">40</wcet>
            <maxpow number="0.559129760942573"/>
            <maxpow number="0.559129760942573"/>
            <fprob>0.0</fprob>
        </actor>
        <actor name="D0N5">
            <wcet number="0">10</wcet>
            <wcet number="1">10</wcet>
            <maxpow number="0.20488724415679238"/>
            <maxpow number="0.20488724415679238"/>
            <fprob>0.0</fprob>
        </actor>
        <actor name="D0N43">
            <wcet number="0">100</wcet>
            <wcet number="1">120</wcet>
            <maxpow number="0.5443486224570044"/>
            <maxpow number="0.5443486224570044"/>
            <fprob>0.0</fprob>
        </actor>
        <actor name="D0N29">
            <wcet number="0">20</wcet>
            <wcet number="1">30</wcet>
            <maxpow number="0.6731621682247085"/>
            <maxpow number="0.6731621682247085"/>
            <fprob>0.0</fprob>
        </actor>
        <actor name="D0N33">
            <wcet number="0">20</wcet>
            <wcet number="1">60</wcet>
            <maxpow number="0.7674365986667342"/>
            <maxpow number="0.7674365986667342"/>
            <fprob>0.0</fprob>
        </actor>
        <actor name="D0N6">
            <wcet number="0">20</wcet>
            <wcet number="1">150</wcet>
            <maxpow number="0.5471683094492418"/>
            <maxpow number="0.5471683094492418"/>
            <fprob>0.0</fprob>
        </actor>
        <actor name="D0N18">
            <wcet number="0">10</wcet>
            <wcet number="1">110</wcet>
            <maxpow number="0.3922494561189089"/>
            <maxpow number="0.3922494561189089"/>
            <fprob>0.0</fprob>
        </actor>
        <actor name="D0N41">
            <wcet number="0">20</wcet>
            <wcet number="1">20</wcet>
            <maxpow number="0.35384610826683915"/>
            <maxpow number="0.35384610826683915"/>
            <fprob>0.0</fprob>
        </actor>
        <actor name="D0N26">
            <wcet number="0">60</wcet>
            <wcet number="1">60</wcet>
            <maxpow number="0.5000827768404971"/>
            <maxpow number="0.5000827768404971"/>
            <fprob>0.0</fprob>
        </actor>
        <actor name="D0N44">
            <wcet number="0">30</wcet>
            <wcet number="1">30</wcet>
            <maxpow number="0.43347640424315037"/>
            <maxpow number="0.43347640424315037"/>
            <fprob>0.0</fprob>
        </actor>
        <actor name="D0N28">
            <wcet number="0">460</wcet>
            <wcet number="1">500</wcet>
            <maxpow number="0.5784468883492238"/>
            <maxpow number="0.5784468883492238"/>
            <fprob>0.0</fprob>
        </actor>
        <actor name="D0N27">
            <wcet number="0">340</wcet>
            <wcet number="1">350</wcet>
            <maxpow number="0.49056748314030685"/>
            <maxpow number="0.49056748314030685"/>
            <fprob>0.0</fprob>
        </actor>
        <actor name="D0N10">
            <wcet number="0">30</wcet>
            <wcet number="1">30</wcet>
            <maxpow number="0.5396995966633634"/>
            <maxpow number="0.5396995966633634"/>
            <fprob>0.0</fprob>
        </actor>
        <actor name="D0N32">
            <wcet number="0">90</wcet>
            <wcet number="1">110</wcet>
            <maxpow number="0.5247802307524334"/>
            <maxpow number="0.5247802307524334"/>
            <fprob>0.0</fprob>
        </actor>
        <actor name="D0N25">
            <wcet number="0">10</wcet>
            <wcet number="1">10</wcet>
            <maxpow number="0.5275023555420325"/>
            <maxpow number="0.5275023555420325"/>
            <fprob>0.0</fprob>
        </actor>
        <actor name="D0N45">
            <wcet number="0">70</wcet>
            <wcet number="1">80</wcet>
            <maxpow number="0.6758003979964582"/>
            <maxpow number="0.6758003979964582"/>
            <fprob>0.0</fprob>
        </actor>
        <actor name="D0N12">
            <wcet number="0">20</wcet>
            <wcet number="1">30</wcet>
            <maxpow number="0.8036116341818349"/>
            <maxpow number="0.8036116341818349"/>
            <fprob>0.0</fprob>
        </actor>
        <actor name="D0N34">
            <wcet number="0">340</wcet>
            <wcet number="1">390</wcet>
            <maxpow number="0.8059474242685145"/>
            <maxpow number="0.8059474242685145"/>
            <fprob>0.0</fprob>
        </actor>
        <actor name="D0N38">
            <wcet number="0">10</wcet>
            <wcet number="1">50</wcet>
            <maxpow number="0.428523234631351"/>
            <maxpow number="0.428523234631351"/>
            <fprob>0.0</fprob>
        </actor>
        <actor name="D0N20">
            <wcet number="0">100</wcet>
            <wcet number="1">120</wcet>
            <maxpow number="0.6148085420694199"/>
            <maxpow number="0.6148085420694199"/>
            <fprob>0.0</fprob>
        </actor>
        <actor name="D0N9">
            <wcet number="0">10</wcet>
            <wcet number="1">10</wcet>
            <maxpow number="0.6156375897422524"/>
            <maxpow number="0.6156375897422524"/>
            <fprob>0.0</fprob>
        </actor>
        <actor name="D0N11">
            <wcet number="0">30</wcet>
            <wcet number="1">30</wcet>
            <maxpow number="1.108769897372892"/>
            <maxpow number="1.108769897372892"/>
            <fprob>0.0</fprob>
        </actor>
        <actor name="D0N36">
            <wcet number="0">100</wcet>
            <wcet number="1">210</wcet>
            <maxpow number="0.5915975356864887"/>
            <maxpow number="0.5915975356864887"/>
            <fprob>0.0</fprob>
        </actor>
        <actor name="D0N14">
            <wcet number="0">30</wcet>
            <wcet number="1">110</wcet>
            <maxpow number="0.626727202196315"/>
            <maxpow number="0.626727202196315"/>
            <fprob>0.0</fprob>
        </actor>
        <actor name="D0N35">
            <wcet number="0">70</wcet>
            <wcet number="1">70</wcet>
            <maxpow number="0.0761188754300724"/>
            <maxpow number="0.0761188754300724"/>
            <fprob>0.0</fprob>
        </actor>
        <actor name="D0N37">
            <wcet number="0">10</wcet>
            <wcet number="1">70</wcet>
            <maxpow number="0.327919812226923"/>
            <maxpow number="0.327919812226923"/>
            <fprob>0.0</fprob>
        </actor>
        <actor name="D0N3">
            <wcet number="0">140</wcet>
            <wcet number="1">170</wcet>
            <maxpow number="0.88309174852167"/>
            <maxpow number="0.88309174852167"/>
            <fprob>0.0</fprob>
        </actor>
        <actor name="D0N2">
            <wcet number="0">100</wcet>
            <wcet number="1">120</wcet>
            <maxpow number="0.5306028693672659"/>
            <maxpow number="0.5306028693672659"/>
            <fprob>0.0</fprob>
        </actor>
        <actor name="D0N17">
            <wcet number="0">10</wcet>
            <wcet number="1">10</wcet>
            <maxpow number="0.4109139499333696"/>
            <maxpow number="0.4109139499333696"/>
            <fprob>0.0</fprob>
        </actor>
        <actor name="D0N39">
            <wcet number="0">40</wcet>
            <wcet number="1">50</wcet>
            <maxpow number="0.4525685184449362"/>
            <maxpow number="0.4525685184449362"/>
            <fprob>0.0</fprob>
        </actor>
        <actor name="D0N40">
            <wcet number="0">10</wcet>
            <wcet number="1">40</wcet>
            <maxpow number="0.5351343474765065"/>
            <maxpow number="0.5351343474765065"/>
            <fprob>0.0</fprob>
        </actor>
        <actor name="D0N24">
            <wcet number="0">10</wcet>
            <wcet number="1">10</wcet>
            <maxpow number="0.412665316495267"/>
            <maxpow number="0.412665316495267"/>
            <fprob>0.0</fprob>
        </actor>
        <actor name="D0N16">
            <wcet number="0">120</wcet>
            <wcet number="1">150</wcet>
            <maxpow number="0.37135666170794923"/>
            <maxpow number="0.37135666170794923"/>
            <fprob>0.0</fprob>
        </actor>
        <actor name="D0N23">
            <wcet number="0">160</wcet>
            <wcet number="1">170</wcet>
            <maxpow number="0.2174057599876948"/>
            <maxpow number="0.2174057599876948"/>
            <fprob>0.0</fprob>
        </actor>
        <actor name="D0N4">
            <wcet number="0">10</wcet>
            <wcet number="1">10</wcet>
            <maxpow number="0.6982161751786947"/>
            <maxpow number="0.6982161751786947"/>
            <fprob>0.0</fprob>
        </actor>
        <actor name="D0N21">
            <wcet number="0">310</wcet>
            <wcet number="1">350</wcet>
            <maxpow number="0.4358229481210828"/>
            <maxpow number="0.4358229481210828"/>
            <fprob>0.0</fprob>
        </actor>
        <actor name="D0N1">
            <wcet number="0">10</wcet>
            <wcet number="1">10</wcet>
            <maxpow number="0.5635712180705031"/>
            <maxpow number="0.5635712180705031"/>
            <fprob>0.0</fprob>
        </actor>
        <actor name="D0N7">
            <wcet number="0">50</wcet>
            <wcet number="1">140</wcet>
            <maxpow number="0.8453686467963516"/>
            <maxpow number="0.8453686467963516"/>
            <fprob>0.0</fprob>
        </actor>
        <actor name="D0N13">
            <wcet number="0">10</wcet>
            <wcet number="1">60</wcet>
            <maxpow number="0.6798797390565162"/>
            <maxpow number="0.6798797390565162"/>
            <fprob>0.0</fprob>
        </actor>
        <actor name="D0N31">
            <wcet number="0">10</wcet>
            <wcet number="1">10</wcet>
            <maxpow number="0.6397402455972085"/>
            <maxpow number="0.6397402455972085"/>
            <fprob>0.0</fprob>
        </actor>
        <actor name="D0N30">
            <wcet number="0">210</wcet>
            <wcet number="1">260</wcet>
            <maxpow number="0.6181014365406474"/>
            <maxpow number="0.6181014365406474"/>
            <fprob>0.0</fprob>
        </actor>
        <ports>
            <port dstActor="D0N33" name="p0" srcActor="D0N8"/>
            <port dstActor="D0N29" name="p1" srcActor="D0N8"/>
            <port dstActor="D0N39" name="p2" srcActor="D0N8"/>
            <port dstActor="D0N32" name="p3" srcActor="D0N8"/>
            <port dstActor="D0N40" name="p4" srcActor="D0N8"/>
            <port dstActor="D0N17" name="p5" srcActor="D0N8"/>
            <port dstActor="D0N43" name="p6" srcActor="D0N15"/>
            <port dstActor="D0N40" name="p7" srcActor="D0N15"/>
            <port dstActor="D0N19" name="p8" srcActor="D0N15"/>
            <port dstActor="D0N17" name="p9" srcActor="D0N0"/>
            <port dstActor="D0N5" name="p10" srcActor="D0N0"/>
            <port dstActor="D0N31" name="p11" srcActor="D0N0"/>
            <port dstActor="D0N33" name="p12" srcActor="D0N0"/>
            <port dstActor="D0N38" name="p13" srcActor="D0N19"/>
            <port dstActor="D0N34" name="p14" srcActor="D0N19"/>
            <port dstActor="D0N45" name="p15" srcActor="D0N19"/>
            <port dstActor="D0N32" name="p16" srcActor="D0N19"/>
            <port dstActor="D0N43" name="p17" srcActor="D0N5"/>
            <port dstActor="D0N33" name="p18" srcActor="D0N5"/>
            <port dstActor="D0N40" name="p19" srcActor="D0N33"/>
            <port dstActor="D0N29" name="p20" srcActor="D0N6"/>
            <port dstActor="D0N42" name="p21" srcActor="D0N6"/>
            <port dstActor="D0N16" name="p22" srcActor="D0N6"/>
            <port dstActor="D0N8" name="p23" srcActor="D0N6"/>
            <port dstActor="D0N34" name="p24" srcActor="D0N6"/>
            <port dstActor="D0N28" name="p25" srcActor="D0N18"/>
            <port dstActor="D0N44" name="p26" srcActor="D0N18"/>
            <port dstActor="D0N23" name="p27" srcActor="D0N18"/>
            <port dstActor="D0N24" name="p28" srcActor="D0N18"/>
            <port dstActor="D0N27" name="p29" srcActor="D0N18"/>
            <port dstActor="D0N42" name="p30" srcActor="D0N41"/>
            <port dstActor="D0N44" name="p31" srcActor="D0N28"/>
            <port dstActor="D0N36" name="p32" srcActor="D0N27"/>
            <port dstActor="D0N39" name="p33" srcActor="D0N10"/>
            <port dstActor="D0N11" name="p34" srcActor="D0N10"/>
            <port dstActor="D0N32" name="p35" srcActor="D0N10"/>
            <port dstActor="D0N38" name="p36" srcActor="D0N32"/>
            <port dstActor="D0N41" name="p37" srcActor="D0N25"/>
            <port dstActor="D0N35" name="p38" srcActor="D0N12"/>
            <port dstActor="D0N33" name="p39" srcActor="D0N12"/>
            <port dstActor="D0N17" name="p40" srcActor="D0N12"/>
            <port dstActor="D0N45" name="p41" srcActor="D0N12"/>
            <port dstActor="D0N38" name="p42" srcActor="D0N34"/>
            <port dstActor="D0N45" name="p43" srcActor="D0N34"/>
            <port dstActor="D0N45" name="p44" srcActor="D0N38"/>
            <port dstActor="D0N27" name="p45" srcActor="D0N20"/>
            <port dstActor="D0N31" name="p46" srcActor="D0N20"/>
            <port dstActor="D0N36" name="p47" srcActor="D0N20"/>
            <port dstActor="D0N32" name="p48" srcActor="D0N9"/>
            <port dstActor="D0N22" name="p49" srcActor="D0N9"/>
            <port dstActor="D0N24" name="p50" srcActor="D0N9"/>
            <port dstActor="D0N35" name="p51" srcActor="D0N9"/>
            <port dstActor="D0N16" name="p52" srcActor="D0N9"/>
            <port dstActor="D0N42" name="p53" srcActor="D0N9"/>
            <port dstActor="D0N34" name="p54" srcActor="D0N11"/>
            <port dstActor="D0N31" name="p55" srcActor="D0N11"/>
            <port dstActor="D0N40" name="p56" srcActor="D0N36"/>
            <port dstActor="D0N39" name="p57" srcActor="D0N36"/>
            <port dstActor="D0N32" name="p58" srcActor="D0N14"/>
            <port dstActor="D0N44" name="p59" srcActor="D0N35"/>
            <port dstActor="D0N37" name="p60" srcActor="D0N35"/>
            <port dstActor="D0N32" name="p61" srcActor="D0N3"/>
            <port dstActor="D0N45" name="p62" srcActor="D0N3"/>
            <port dstActor="D0N36" name="p63" srcActor="D0N3"/>
            <port dstActor="D0N29" name="p64" srcActor="D0N3"/>
            <port dstActor="D0N17" name="p65" srcActor="D0N2"/>
            <port dstActor="D0N25" name="p66" srcActor="D0N2"/>
            <port dstActor="D0N5" name="p67" srcActor="D0N2"/>
            <port dstActor="D0N20" name="p68" srcActor="D0N17"/>
            <port dstActor="D0N41" name="p69" srcActor="D0N39"/>
            <port dstActor="D0N32" name="p70" srcActor="D0N24"/>
            <port dstActor="D0N41" name="p71" srcActor="D0N24"/>
            <port dstActor="D0N23" name="p72" srcActor="D0N16"/>
            <port dstActor="D0N34" name="p73" srcActor="D0N16"/>
            <port dstActor="D0N25" name="p74" srcActor="D0N16"/>
            <port dstActor="D0N26" name="p75" srcActor="D0N23"/>
            <port dstActor="D0N37" name="p76" srcActor="D0N23"/>
            <port dstActor="D0N20" name="p77" srcActor="D0N4"/>
            <port dstActor="D0N39" name="p78" srcActor="D0N4"/>
            <port dstActor="D0N8" name="p79" srcActor="D0N4"/>
            <port dstActor="D0N23" name="p80" srcActor="D0N21"/>
            <port dstActor="D0N25" name="p81" srcActor="D0N1"/>
            <port dstActor="D0N30" name="p82" srcActor="D0N7"/>
            <port dstActor="D0N26" name="p83" srcActor="D0N7"/>
            <port dstActor="D0N45" name="p84" srcActor="D0N7"/>
            <port dstActor="D0N15" name="p85" srcActor="D0N13"/>
            <port dstActor="D0N42" name="p86" srcActor="D0N13"/>
            <port dstActor="D0N32" name="p87" srcActor="D0N31"/>
            <port dstActor="D0N35" name="p88" srcActor="D0N30"/>
            <port dstActor="D0N45" name="p89" srcActor="D0N30"/>
            <port dstActor="D0N40" name="p90" srcActor="D0N30"/>
        </ports>
    </mcdag>
    <cores number="3"/>
    <levels number="2"/>
</mcsystem>
