<?xml version="1.0" encoding="UTF-8" standalone="no"?>
<mcsystem>
    <mcdag deadline="2200" name="genned-0-ed-10.0-0">
        <actor name="D0N12">
            <wcet number="0">340</wcet>
            <wcet number="1">350</wcet>
            <maxpow number="0.5118056782322368"/>
            <maxpow number="0.5118056782322368"/>
            <fprob>0.0</fprob>
        </actor>
        <actor name="D0N39">
            <wcet number="0">60</wcet>
            <wcet number="1">60</wcet>
            <maxpow number="0.6221750967603916"/>
            <maxpow number="0.6221750967603916"/>
            <fprob>0.0</fprob>
        </actor>
        <actor name="D0N47">
            <wcet number="0">10</wcet>
            <wcet number="1">60</wcet>
            <maxpow number="0.7804260965469852"/>
            <maxpow number="0.7804260965469852"/>
            <fprob>0.0</fprob>
        </actor>
        <actor name="D0N24">
            <wcet number="0">70</wcet>
            <wcet number="1">80</wcet>
            <maxpow number="0.6694339531517249"/>
            <maxpow number="0.6694339531517249"/>
            <fprob>0.0</fprob>
        </actor>
        <actor name="D0N34">
            <wcet number="0">20</wcet>
            <wcet number="1">220</wcet>
            <maxpow number="0.3446835076030096"/>
            <maxpow number="0.3446835076030096"/>
            <fprob>0.0</fprob>
        </actor>
        <actor name="D0N10">
            <wcet number="0">40</wcet>
            <wcet number="1">180</wcet>
            <maxpow number="0.6560190799732543"/>
            <maxpow number="0.6560190799732543"/>
            <fprob>0.0</fprob>
        </actor>
        <actor name="D0N27">
            <wcet number="0">20</wcet>
            <wcet number="1">150</wcet>
            <maxpow number="0.733295591530857"/>
            <maxpow number="0.733295591530857"/>
            <fprob>0.0</fprob>
        </actor>
        <actor name="D0N36">
            <wcet number="0">90</wcet>
            <wcet number="1">150</wcet>
            <maxpow number="0.5398012759962619"/>
            <maxpow number="0.5398012759962619"/>
            <fprob>0.0</fprob>
        </actor>
        <actor name="D0N18">
            <wcet number="0">30</wcet>
            <wcet number="1">90</wcet>
            <maxpow number="0.17705110336074842"/>
            <maxpow number="0.17705110336074842"/>
            <fprob>0.0</fprob>
        </actor>
        <actor name="D0N28">
            <wcet number="0">90</wcet>
            <wcet number="1">180</wcet>
            <maxpow number="0.3610459156156127"/>
            <maxpow number="0.3610459156156127"/>
            <fprob>0.0</fprob>
        </actor>
        <actor name="D0N35">
            <wcet number="0">30</wcet>
            <wcet number="1">30</wcet>
            <maxpow number="0.6303584866273059"/>
            <maxpow number="0.6303584866273059"/>
            <fprob>0.0</fprob>
        </actor>
        <actor name="D0N1">
            <wcet number="0">20</wcet>
            <wcet number="1">30</wcet>
            <maxpow number="0.5330747781464507"/>
            <maxpow number="0.5330747781464507"/>
            <fprob>0.0</fprob>
        </actor>
        <actor name="D0N22">
            <wcet number="0">210</wcet>
            <wcet number="1">340</wcet>
            <maxpow number="0.5771093132793174"/>
            <maxpow number="0.5771093132793174"/>
            <fprob>0.0</fprob>
        </actor>
        <actor name="D0N9">
            <wcet number="0">10</wcet>
            <wcet number="1">10</wcet>
            <maxpow number="0.5450071672938017"/>
            <maxpow number="0.5450071672938017"/>
            <fprob>0.0</fprob>
        </actor>
        <actor name="D0N15">
            <wcet number="0">10</wcet>
            <wcet number="1">10</wcet>
            <maxpow number="0.7483562125622898"/>
            <maxpow number="0.7483562125622898"/>
            <fprob>0.0</fprob>
        </actor>
        <actor name="D0N29">
            <wcet number="0">160</wcet>
            <wcet number="1">240</wcet>
            <maxpow number="0.6186328057115517"/>
            <maxpow number="0.6186328057115517"/>
            <fprob>0.0</fprob>
        </actor>
        <actor name="D0N37">
            <wcet number="0">20</wcet>
            <wcet number="1">20</wcet>
            <maxpow number="0.2831210230981634"/>
            <maxpow number="0.2831210230981634"/>
            <fprob>0.0</fprob>
        </actor>
        <actor name="D0N38">
            <wcet number="0">30</wcet>
            <wcet number="1">230</wcet>
            <maxpow number="0.277939207394715"/>
            <maxpow number="0.277939207394715"/>
            <fprob>0.0</fprob>
        </actor>
        <actor name="D0N41">
            <wcet number="0">80</wcet>
            <wcet number="1">80</wcet>
            <maxpow number="0.618301814383507"/>
            <maxpow number="0.618301814383507"/>
            <fprob>0.0</fprob>
        </actor>
        <actor name="D0N19">
            <wcet number="0">130</wcet>
            <wcet number="1">170</wcet>
            <maxpow number="0.6534456564359168"/>
            <maxpow number="0.6534456564359168"/>
            <fprob>0.0</fprob>
        </actor>
        <actor name="D0N23">
            <wcet number="0">90</wcet>
            <wcet number="1">330</wcet>
            <maxpow number="0.6699943258338572"/>
            <maxpow number="0.6699943258338572"/>
            <fprob>0.0</fprob>
        </actor>
        <actor name="D0N13">
            <wcet number="0">20</wcet>
            <wcet number="1">30</wcet>
            <maxpow number="0.5766803130526834"/>
            <maxpow number="0.5766803130526834"/>
            <fprob>0.0</fprob>
        </actor>
        <actor name="D0N32">
            <wcet number="0">90</wcet>
            <wcet number="1">110</wcet>
            <maxpow number="0.3509016311578609"/>
            <maxpow number="0.3509016311578609"/>
            <fprob>0.0</fprob>
        </actor>
        <actor name="D0N16">
            <wcet number="0">10</wcet>
            <wcet number="1">30</wcet>
            <maxpow number="0.8512852012344317"/>
            <maxpow number="0.8512852012344317"/>
            <fprob>0.0</fprob>
        </actor>
        <actor name="D0N8">
            <wcet number="0">130</wcet>
            <wcet number="1">160</wcet>
            <maxpow number="0.6516166843421057"/>
            <maxpow number="0.6516166843421057"/>
            <fprob>0.0</fprob>
        </actor>
        <actor name="D0N43">
            <wcet number="0">110</wcet>
            <wcet number="1">110</wcet>
            <maxpow number="0.41117917121070513"/>
            <maxpow number="0.41117917121070513"/>
            <fprob>0.0</fprob>
        </actor>
        <actor name="D0N45">
            <wcet number="0">50</wcet>
            <wcet number="1">70</wcet>
            <maxpow number="0.3822526410555651"/>
            <maxpow number="0.3822526410555651"/>
            <fprob>0.0</fprob>
        </actor>
        <actor name="D0N17">
            <wcet number="0">40</wcet>
            <wcet number="1">60</wcet>
            <maxpow number="0.3789901175612064"/>
            <maxpow number="0.3789901175612064"/>
            <fprob>0.0</fprob>
        </actor>
        <actor name="D0N31">
            <wcet number="0">40</wcet>
            <wcet number="1">40</wcet>
            <maxpow number="0.5823764815951291"/>
            <maxpow number="0.5823764815951291"/>
            <fprob>0.0</fprob>
        </actor>
        <actor name="D0N48">
            <wcet number="0">60</wcet>
            <wcet number="1">160</wcet>
            <maxpow number="0.5700572305902804"/>
            <maxpow number="0.5700572305902804"/>
            <fprob>0.0</fprob>
        </actor>
        <actor name="D0N14">
            <wcet number="0">20</wcet>
            <wcet number="1">30</wcet>
            <maxpow number="0.4110394742455191"/>
            <maxpow number="0.4110394742455191"/>
            <fprob>0.0</fprob>
        </actor>
        <actor name="D0N26">
            <wcet number="0">50</wcet>
            <wcet number="1">110</wcet>
            <maxpow number="0.4672401031852023"/>
            <maxpow number="0.4672401031852023"/>
            <fprob>0.0</fprob>
        </actor>
        <actor name="D0N40">
            <wcet number="0">60</wcet>
            <wcet number="1">60</wcet>
            <maxpow number="0.23875851369421147"/>
            <maxpow number="0.23875851369421147"/>
            <fprob>0.0</fprob>
        </actor>
        <actor name="D0N7">
            <wcet number="0">10</wcet>
            <wcet number="1">10</wcet>
            <maxpow number="0.6681237411012209"/>
            <maxpow number="0.6681237411012209"/>
            <fprob>0.0</fprob>
        </actor>
        <actor name="D0N21">
            <wcet number="0">10</wcet>
            <wcet number="1">20</wcet>
            <maxpow number="0.6611618980479231"/>
            <maxpow number="0.6611618980479231"/>
            <fprob>0.0</fprob>
        </actor>
        <actor name="D0N46">
            <wcet number="0">30</wcet>
            <wcet number="1">30</wcet>
            <maxpow number="0.8406261291098582"/>
            <maxpow number="0.8406261291098582"/>
            <fprob>0.0</fprob>
        </actor>
        <actor name="D0N5">
            <wcet number="0">190</wcet>
            <wcet number="1">300</wcet>
            <maxpow number="0.6736487322418508"/>
            <maxpow number="0.6736487322418508"/>
            <fprob>0.0</fprob>
        </actor>
        <actor name="D0N2">
            <wcet number="0">60</wcet>
            <wcet number="1">80</wcet>
            <maxpow number="0.520232154973995"/>
            <maxpow number="0.520232154973995"/>
            <fprob>0.0</fprob>
        </actor>
        <actor name="D0N30">
            <wcet number="0">70</wcet>
            <wcet number="1">70</wcet>
            <maxpow number="0.16044393390029255"/>
            <maxpow number="0.16044393390029255"/>
            <fprob>0.0</fprob>
        </actor>
        <actor name="D0N44">
            <wcet number="0">30</wcet>
            <wcet number="1">40</wcet>
            <maxpow number="0.46599727294164384"/>
            <maxpow number="0.46599727294164384"/>
            <fprob>0.0</fprob>
        </actor>
        <actor name="D0N3">
            <wcet number="0">20</wcet>
            <wcet number="1">20</wcet>
            <maxpow number="0.6548135267401706"/>
            <maxpow number="0.6548135267401706"/>
            <fprob>0.0</fprob>
        </actor>
        <actor name="D0N6">
            <wcet number="0">20</wcet>
            <wcet number="1">140</wcet>
            <maxpow number="0.43885118249899935"/>
            <maxpow number="0.43885118249899935"/>
            <fprob>0.0</fprob>
        </actor>
        <actor name="D0N20">
            <wcet number="0">30</wcet>
            <wcet number="1">200</wcet>
            <maxpow number="0.5488266650106753"/>
            <maxpow number="0.5488266650106753"/>
            <fprob>0.0</fprob>
        </actor>
        <actor name="D0N0">
            <wcet number="0">50</wcet>
            <wcet number="1">150</wcet>
            <maxpow number="0.5301308094225696"/>
            <maxpow number="0.5301308094225696"/>
            <fprob>0.0</fprob>
        </actor>
        <actor name="D0N25">
            <wcet number="0">30</wcet>
            <wcet number="1">120</wcet>
            <maxpow number="0.46340785581318483"/>
            <maxpow number="0.46340785581318483"/>
            <fprob>0.0</fprob>
        </actor>
        <actor name="D0N33">
            <wcet number="0">130</wcet>
            <wcet number="1">260</wcet>
            <maxpow number="0.47161183406791135"/>
            <maxpow number="0.47161183406791135"/>
            <fprob>0.0</fprob>
        </actor>
        <actor name="D0N4">
            <wcet number="0">20</wcet>
            <wcet number="1">60</wcet>
            <maxpow number="0.620067392371092"/>
            <maxpow number="0.620067392371092"/>
            <fprob>0.0</fprob>
        </actor>
        <actor name="D0N42">
            <wcet number="0">10</wcet>
            <wcet number="1">10</wcet>
            <maxpow number="0.940657685107704"/>
            <maxpow number="0.940657685107704"/>
            <fprob>0.0</fprob>
        </actor>
        <actor name="D0N11">
            <wcet number="0">10</wcet>
            <wcet number="1">10</wcet>
            <maxpow number="0.7532492142506274"/>
            <maxpow number="0.7532492142506274"/>
            <fprob>0.0</fprob>
        </actor>
        <ports>
            <port dstActor="D0N24" name="p0" srcActor="D0N12"/>
            <port dstActor="D0N30" name="p1" srcActor="D0N12"/>
            <port dstActor="D0N47" name="p2" srcActor="D0N12"/>
            <port dstActor="D0N46" name="p3" srcActor="D0N39"/>
            <port dstActor="D0N47" name="p4" srcActor="D0N34"/>
            <port dstActor="D0N48" name="p5" srcActor="D0N10"/>
            <port dstActor="D0N32" name="p6" srcActor="D0N10"/>
            <port dstActor="D0N21" name="p7" srcActor="D0N10"/>
            <port dstActor="D0N44" name="p8" srcActor="D0N10"/>
            <port dstActor="D0N41" name="p9" srcActor="D0N27"/>
            <port dstActor="D0N43" name="p10" srcActor="D0N27"/>
            <port dstActor="D0N43" name="p11" srcActor="D0N36"/>
            <port dstActor="D0N48" name="p12" srcActor="D0N36"/>
            <port dstActor="D0N44" name="p13" srcActor="D0N18"/>
            <port dstActor="D0N19" name="p14" srcActor="D0N18"/>
            <port dstActor="D0N36" name="p15" srcActor="D0N18"/>
            <port dstActor="D0N39" name="p16" srcActor="D0N18"/>
            <port dstActor="D0N40" name="p17" srcActor="D0N18"/>
            <port dstActor="D0N44" name="p18" srcActor="D0N28"/>
            <port dstActor="D0N34" name="p19" srcActor="D0N28"/>
            <port dstActor="D0N36" name="p20" srcActor="D0N35"/>
            <port dstActor="D0N47" name="p21" srcActor="D0N35"/>
            <port dstActor="D0N38" name="p22" srcActor="D0N35"/>
            <port dstActor="D0N40" name="p23" srcActor="D0N1"/>
            <port dstActor="D0N32" name="p24" srcActor="D0N1"/>
            <port dstActor="D0N21" name="p25" srcActor="D0N1"/>
            <port dstActor="D0N47" name="p26" srcActor="D0N22"/>
            <port dstActor="D0N48" name="p27" srcActor="D0N22"/>
            <port dstActor="D0N28" name="p28" srcActor="D0N22"/>
            <port dstActor="D0N31" name="p29" srcActor="D0N22"/>
            <port dstActor="D0N35" name="p30" srcActor="D0N9"/>
            <port dstActor="D0N27" name="p31" srcActor="D0N9"/>
            <port dstActor="D0N13" name="p32" srcActor="D0N9"/>
            <port dstActor="D0N18" name="p33" srcActor="D0N15"/>
            <port dstActor="D0N26" name="p34" srcActor="D0N15"/>
            <port dstActor="D0N38" name="p35" srcActor="D0N29"/>
            <port dstActor="D0N36" name="p36" srcActor="D0N29"/>
            <port dstActor="D0N39" name="p37" srcActor="D0N37"/>
            <port dstActor="D0N48" name="p38" srcActor="D0N38"/>
            <port dstActor="D0N42" name="p39" srcActor="D0N38"/>
            <port dstActor="D0N47" name="p40" srcActor="D0N38"/>
            <port dstActor="D0N41" name="p41" srcActor="D0N19"/>
            <port dstActor="D0N23" name="p42" srcActor="D0N19"/>
            <port dstActor="D0N42" name="p43" srcActor="D0N23"/>
            <port dstActor="D0N30" name="p44" srcActor="D0N23"/>
            <port dstActor="D0N40" name="p45" srcActor="D0N23"/>
            <port dstActor="D0N33" name="p46" srcActor="D0N13"/>
            <port dstActor="D0N39" name="p47" srcActor="D0N13"/>
            <port dstActor="D0N19" name="p48" srcActor="D0N13"/>
            <port dstActor="D0N46" name="p49" srcActor="D0N13"/>
            <port dstActor="D0N48" name="p50" srcActor="D0N32"/>
            <port dstActor="D0N35" name="p51" srcActor="D0N16"/>
            <port dstActor="D0N46" name="p52" srcActor="D0N16"/>
            <port dstActor="D0N44" name="p53" srcActor="D0N16"/>
            <port dstActor="D0N29" name="p54" srcActor="D0N8"/>
            <port dstActor="D0N31" name="p55" srcActor="D0N8"/>
            <port dstActor="D0N44" name="p56" srcActor="D0N8"/>
            <port dstActor="D0N14" name="p57" srcActor="D0N8"/>
            <port dstActor="D0N45" name="p58" srcActor="D0N8"/>
            <port dstActor="D0N25" name="p59" srcActor="D0N8"/>
            <port dstActor="D0N28" name="p60" srcActor="D0N8"/>
            <port dstActor="D0N48" name="p61" srcActor="D0N8"/>
            <port dstActor="D0N46" name="p62" srcActor="D0N43"/>
            <port dstActor="D0N31" name="p63" srcActor="D0N17"/>
            <port dstActor="D0N33" name="p64" srcActor="D0N17"/>
            <port dstActor="D0N45" name="p65" srcActor="D0N17"/>
            <port dstActor="D0N41" name="p66" srcActor="D0N17"/>
            <port dstActor="D0N42" name="p67" srcActor="D0N17"/>
            <port dstActor="D0N25" name="p68" srcActor="D0N17"/>
            <port dstActor="D0N47" name="p69" srcActor="D0N31"/>
            <port dstActor="D0N37" name="p70" srcActor="D0N31"/>
            <port dstActor="D0N32" name="p71" srcActor="D0N31"/>
            <port dstActor="D0N38" name="p72" srcActor="D0N31"/>
            <port dstActor="D0N47" name="p73" srcActor="D0N14"/>
            <port dstActor="D0N34" name="p74" srcActor="D0N14"/>
            <port dstActor="D0N26" name="p75" srcActor="D0N14"/>
            <port dstActor="D0N33" name="p76" srcActor="D0N14"/>
            <port dstActor="D0N29" name="p77" srcActor="D0N26"/>
            <port dstActor="D0N47" name="p78" srcActor="D0N26"/>
            <port dstActor="D0N30" name="p79" srcActor="D0N26"/>
            <port dstActor="D0N42" name="p80" srcActor="D0N40"/>
            <port dstActor="D0N46" name="p81" srcActor="D0N40"/>
            <port dstActor="D0N18" name="p82" srcActor="D0N7"/>
            <port dstActor="D0N25" name="p83" srcActor="D0N7"/>
            <port dstActor="D0N31" name="p84" srcActor="D0N7"/>
            <port dstActor="D0N20" name="p85" srcActor="D0N7"/>
            <port dstActor="D0N22" name="p86" srcActor="D0N21"/>
            <port dstActor="D0N40" name="p87" srcActor="D0N21"/>
            <port dstActor="D0N48" name="p88" srcActor="D0N21"/>
            <port dstActor="D0N48" name="p89" srcActor="D0N46"/>
            <port dstActor="D0N20" name="p90" srcActor="D0N5"/>
            <port dstActor="D0N45" name="p91" srcActor="D0N5"/>
            <port dstActor="D0N30" name="p92" srcActor="D0N5"/>
            <port dstActor="D0N14" name="p93" srcActor="D0N5"/>
            <port dstActor="D0N36" name="p94" srcActor="D0N5"/>
            <port dstActor="D0N19" name="p95" srcActor="D0N5"/>
            <port dstActor="D0N39" name="p96" srcActor="D0N2"/>
            <port dstActor="D0N24" name="p97" srcActor="D0N2"/>
            <port dstActor="D0N3" name="p98" srcActor="D0N2"/>
            <port dstActor="D0N20" name="p99" srcActor="D0N2"/>
            <port dstActor="D0N45" name="p100" srcActor="D0N30"/>
            <port dstActor="D0N39" name="p101" srcActor="D0N30"/>
            <port dstActor="D0N20" name="p102" srcActor="D0N3"/>
            <port dstActor="D0N31" name="p103" srcActor="D0N3"/>
            <port dstActor="D0N16" name="p104" srcActor="D0N6"/>
            <port dstActor="D0N18" name="p105" srcActor="D0N6"/>
            <port dstActor="D0N39" name="p106" srcActor="D0N6"/>
            <port dstActor="D0N17" name="p107" srcActor="D0N6"/>
            <port dstActor="D0N22" name="p108" srcActor="D0N20"/>
            <port dstActor="D0N47" name="p109" srcActor="D0N20"/>
            <port dstActor="D0N29" name="p110" srcActor="D0N20"/>
            <port dstActor="D0N48" name="p111" srcActor="D0N20"/>
            <port dstActor="D0N43" name="p112" srcActor="D0N20"/>
            <port dstActor="D0N32" name="p113" srcActor="D0N20"/>
            <port dstActor="D0N37" name="p114" srcActor="D0N0"/>
            <port dstActor="D0N47" name="p115" srcActor="D0N0"/>
            <port dstActor="D0N20" name="p116" srcActor="D0N0"/>
            <port dstActor="D0N32" name="p117" srcActor="D0N0"/>
            <port dstActor="D0N31" name="p118" srcActor="D0N0"/>
            <port dstActor="D0N2" name="p119" srcActor="D0N0"/>
            <port dstActor="D0N12" name="p120" srcActor="D0N0"/>
            <port dstActor="D0N26" name="p121" srcActor="D0N25"/>
            <port dstActor="D0N48" name="p122" srcActor="D0N25"/>
            <port dstActor="D0N40" name="p123" srcActor="D0N33"/>
            <port dstActor="D0N42" name="p124" srcActor="D0N33"/>
            <port dstActor="D0N48" name="p125" srcActor="D0N33"/>
            <port dstActor="D0N20" name="p126" srcActor="D0N4"/>
            <port dstActor="D0N37" name="p127" srcActor="D0N4"/>
            <port dstActor="D0N11" name="p128" srcActor="D0N4"/>
            <port dstActor="D0N17" name="p129" srcActor="D0N4"/>
            <port dstActor="D0N16" name="p130" srcActor="D0N11"/>
            <port dstActor="D0N46" name="p131" srcActor="D0N11"/>
        </ports>
    </mcdag>
    <cores number="3"/>
    <levels number="2"/>
</mcsystem>
