<?xml version="1.0" encoding="UTF-8" standalone="no"?>
<mcsystem>
    <mcdag deadline="1800" name="genned-0-ed-10.0-0">
        <actor name="D0N41">
            <wcet number="0">60</wcet>
            <wcet number="1">170</wcet>
            <maxpow number="0.38724327746397696"/>
            <maxpow number="0.38724327746397696"/>
            <fprob>0.0</fprob>
        </actor>
        <actor name="D0N16">
            <wcet number="0">50</wcet>
            <wcet number="1">130</wcet>
            <maxpow number="0.5221324526947281"/>
            <maxpow number="0.5221324526947281"/>
            <fprob>0.0</fprob>
        </actor>
        <actor name="D0N26">
            <wcet number="0">30</wcet>
            <wcet number="1">30</wcet>
            <maxpow number="0.5671591962966908"/>
            <maxpow number="0.5671591962966908"/>
            <fprob>0.0</fprob>
        </actor>
        <actor name="D0N23">
            <wcet number="0">50</wcet>
            <wcet number="1">60</wcet>
            <maxpow number="0.7145799455287081"/>
            <maxpow number="0.7145799455287081"/>
            <fprob>0.0</fprob>
        </actor>
        <actor name="D0N27">
            <wcet number="0">20</wcet>
            <wcet number="1">80</wcet>
            <maxpow number="0.4581807663582368"/>
            <maxpow number="0.4581807663582368"/>
            <fprob>0.0</fprob>
        </actor>
        <actor name="D0N46">
            <wcet number="0">110</wcet>
            <wcet number="1">110</wcet>
            <maxpow number="0.6966674774992201"/>
            <maxpow number="0.6966674774992201"/>
            <fprob>0.0</fprob>
        </actor>
        <actor name="D0N29">
            <wcet number="0">40</wcet>
            <wcet number="1">260</wcet>
            <maxpow number="0.17249880609804008"/>
            <maxpow number="0.17249880609804008"/>
            <fprob>0.0</fprob>
        </actor>
        <actor name="D0N17">
            <wcet number="0">30</wcet>
            <wcet number="1">50</wcet>
            <maxpow number="0.27264852214306345"/>
            <maxpow number="0.27264852214306345"/>
            <fprob>0.0</fprob>
        </actor>
        <actor name="D0N43">
            <wcet number="0">10</wcet>
            <wcet number="1">10</wcet>
            <maxpow number="0.825626023720684"/>
            <maxpow number="0.825626023720684"/>
            <fprob>0.0</fprob>
        </actor>
        <actor name="D0N5">
            <wcet number="0">20</wcet>
            <wcet number="1">40</wcet>
            <maxpow number="0.55763423890832"/>
            <maxpow number="0.55763423890832"/>
            <fprob>0.0</fprob>
        </actor>
        <actor name="D0N39">
            <wcet number="0">20</wcet>
            <wcet number="1">20</wcet>
            <maxpow number="0.7068721097136089"/>
            <maxpow number="0.7068721097136089"/>
            <fprob>0.0</fprob>
        </actor>
        <actor name="D0N8">
            <wcet number="0">40</wcet>
            <wcet number="1">110</wcet>
            <maxpow number="0.7853613008784538"/>
            <maxpow number="0.7853613008784538"/>
            <fprob>0.0</fprob>
        </actor>
        <actor name="D0N21">
            <wcet number="0">60</wcet>
            <wcet number="1">240</wcet>
            <maxpow number="0.3961093336747078"/>
            <maxpow number="0.3961093336747078"/>
            <fprob>0.0</fprob>
        </actor>
        <actor name="D0N30">
            <wcet number="0">20</wcet>
            <wcet number="1">140</wcet>
            <maxpow number="0.8928646364122449"/>
            <maxpow number="0.8928646364122449"/>
            <fprob>0.0</fprob>
        </actor>
        <actor name="D0N25">
            <wcet number="0">40</wcet>
            <wcet number="1">140</wcet>
            <maxpow number="0.81072364766998"/>
            <maxpow number="0.81072364766998"/>
            <fprob>0.0</fprob>
        </actor>
        <actor name="D0N4">
            <wcet number="0">10</wcet>
            <wcet number="1">10</wcet>
            <maxpow number="0.517044243807262"/>
            <maxpow number="0.517044243807262"/>
            <fprob>0.0</fprob>
        </actor>
        <actor name="D0N0">
            <wcet number="0">30</wcet>
            <wcet number="1">30</wcet>
            <maxpow number="0.5502630427211735"/>
            <maxpow number="0.5502630427211735"/>
            <fprob>0.0</fprob>
        </actor>
        <actor name="D0N9">
            <wcet number="0">110</wcet>
            <wcet number="1">160</wcet>
            <maxpow number="0.8171692649487463"/>
            <maxpow number="0.8171692649487463"/>
            <fprob>0.0</fprob>
        </actor>
        <actor name="D0N14">
            <wcet number="0">80</wcet>
            <wcet number="1">80</wcet>
            <maxpow number="0.692971066017677"/>
            <maxpow number="0.692971066017677"/>
            <fprob>0.0</fprob>
        </actor>
        <actor name="D0N11">
            <wcet number="0">480</wcet>
            <wcet number="1">540</wcet>
            <maxpow number="0.5744449241270864"/>
            <maxpow number="0.5744449241270864"/>
            <fprob>0.0</fprob>
        </actor>
        <actor name="D0N20">
            <wcet number="0">20</wcet>
            <wcet number="1">80</wcet>
            <maxpow number="0.40589045727970796"/>
            <maxpow number="0.40589045727970796"/>
            <fprob>0.0</fprob>
        </actor>
        <actor name="D0N31">
            <wcet number="0">10</wcet>
            <wcet number="1">30</wcet>
            <maxpow number="0.6396566467845699"/>
            <maxpow number="0.6396566467845699"/>
            <fprob>0.0</fprob>
        </actor>
        <actor name="D0N32">
            <wcet number="0">80</wcet>
            <wcet number="1">150</wcet>
            <maxpow number="0.823290808771148"/>
            <maxpow number="0.823290808771148"/>
            <fprob>0.0</fprob>
        </actor>
        <actor name="D0N47">
            <wcet number="0">30</wcet>
            <wcet number="1">60</wcet>
            <maxpow number="0.6312832961161037"/>
            <maxpow number="0.6312832961161037"/>
            <fprob>0.0</fprob>
        </actor>
        <actor name="D0N40">
            <wcet number="0">40</wcet>
            <wcet number="1">70</wcet>
            <maxpow number="0.484707079365956"/>
            <maxpow number="0.484707079365956"/>
            <fprob>0.0</fprob>
        </actor>
        <actor name="D0N37">
            <wcet number="0">70</wcet>
            <wcet number="1">500</wcet>
            <maxpow number="0.5106554560336889"/>
            <maxpow number="0.5106554560336889"/>
            <fprob>0.0</fprob>
        </actor>
        <actor name="D0N3">
            <wcet number="0">40</wcet>
            <wcet number="1">70</wcet>
            <maxpow number="0.5669455476917766"/>
            <maxpow number="0.5669455476917766"/>
            <fprob>0.0</fprob>
        </actor>
        <actor name="D0N19">
            <wcet number="0">100</wcet>
            <wcet number="1">170</wcet>
            <maxpow number="0.761872511344505"/>
            <maxpow number="0.761872511344505"/>
            <fprob>0.0</fprob>
        </actor>
        <actor name="D0N44">
            <wcet number="0">30</wcet>
            <wcet number="1">30</wcet>
            <maxpow number="0.5877558232746471"/>
            <maxpow number="0.5877558232746471"/>
            <fprob>0.0</fprob>
        </actor>
        <actor name="D0N6">
            <wcet number="0">20</wcet>
            <wcet number="1">80</wcet>
            <maxpow number="0.4497679958553536"/>
            <maxpow number="0.4497679958553536"/>
            <fprob>0.0</fprob>
        </actor>
        <actor name="D0N45">
            <wcet number="0">40</wcet>
            <wcet number="1">150</wcet>
            <maxpow number="0.6707939881495157"/>
            <maxpow number="0.6707939881495157"/>
            <fprob>0.0</fprob>
        </actor>
        <actor name="D0N48">
            <wcet number="0">10</wcet>
            <wcet number="1">50</wcet>
            <maxpow number="0.9437000711852459"/>
            <maxpow number="0.9437000711852459"/>
            <fprob>0.0</fprob>
        </actor>
        <actor name="D0N35">
            <wcet number="0">10</wcet>
            <wcet number="1">20</wcet>
            <maxpow number="0.6453495201766557"/>
            <maxpow number="0.6453495201766557"/>
            <fprob>0.0</fprob>
        </actor>
        <actor name="D0N24">
            <wcet number="0">190</wcet>
            <wcet number="1">240</wcet>
            <maxpow number="0.602561309953467"/>
            <maxpow number="0.602561309953467"/>
            <fprob>0.0</fprob>
        </actor>
        <actor name="D0N42">
            <wcet number="0">10</wcet>
            <wcet number="1">10</wcet>
            <maxpow number="0.6262044020853718"/>
            <maxpow number="0.6262044020853718"/>
            <fprob>0.0</fprob>
        </actor>
        <actor name="D0N34">
            <wcet number="0">10</wcet>
            <wcet number="1">10</wcet>
            <maxpow number="0.645112009720443"/>
            <maxpow number="0.645112009720443"/>
            <fprob>0.0</fprob>
        </actor>
        <actor name="D0N10">
            <wcet number="0">50</wcet>
            <wcet number="1">140</wcet>
            <maxpow number="0.687537238070002"/>
            <maxpow number="0.687537238070002"/>
            <fprob>0.0</fprob>
        </actor>
        <actor name="D0N38">
            <wcet number="0">10</wcet>
            <wcet number="1">20</wcet>
            <maxpow number="0.6934394535132402"/>
            <maxpow number="0.6934394535132402"/>
            <fprob>0.0</fprob>
        </actor>
        <actor name="D0N28">
            <wcet number="0">180</wcet>
            <wcet number="1">180</wcet>
            <maxpow number="0.49502974812611666"/>
            <maxpow number="0.49502974812611666"/>
            <fprob>0.0</fprob>
        </actor>
        <actor name="D0N15">
            <wcet number="0">80</wcet>
            <wcet number="1">110</wcet>
            <maxpow number="0.805983296342776"/>
            <maxpow number="0.805983296342776"/>
            <fprob>0.0</fprob>
        </actor>
        <actor name="D0N36">
            <wcet number="0">90</wcet>
            <wcet number="1">90</wcet>
            <maxpow number="0.23334926330251282"/>
            <maxpow number="0.23334926330251282"/>
            <fprob>0.0</fprob>
        </actor>
        <actor name="D0N33">
            <wcet number="0">40</wcet>
            <wcet number="1">100</wcet>
            <maxpow number="0.5603548645622667"/>
            <maxpow number="0.5603548645622667"/>
            <fprob>0.0</fprob>
        </actor>
        <actor name="D0N22">
            <wcet number="0">10</wcet>
            <wcet number="1">50</wcet>
            <maxpow number="0.5613033688634983"/>
            <maxpow number="0.5613033688634983"/>
            <fprob>0.0</fprob>
        </actor>
        <actor name="D0N7">
            <wcet number="0">10</wcet>
            <wcet number="1">40</wcet>
            <maxpow number="0.6251188510508169"/>
            <maxpow number="0.6251188510508169"/>
            <fprob>0.0</fprob>
        </actor>
        <actor name="D0N18">
            <wcet number="0">10</wcet>
            <wcet number="1">50</wcet>
            <maxpow number="0.548509179890193"/>
            <maxpow number="0.548509179890193"/>
            <fprob>0.0</fprob>
        </actor>
        <actor name="D0N13">
            <wcet number="0">30</wcet>
            <wcet number="1">40</wcet>
            <maxpow number="0.6421536059834204"/>
            <maxpow number="0.6421536059834204"/>
            <fprob>0.0</fprob>
        </actor>
        <actor name="D0N12">
            <wcet number="0">10</wcet>
            <wcet number="1">10</wcet>
            <maxpow number="0.6401548545175642"/>
            <maxpow number="0.6401548545175642"/>
            <fprob>0.0</fprob>
        </actor>
        <actor name="D0N1">
            <wcet number="0">60</wcet>
            <wcet number="1">60</wcet>
            <maxpow number="0.639713874013836"/>
            <maxpow number="0.639713874013836"/>
            <fprob>0.0</fprob>
        </actor>
        <actor name="D0N2">
            <wcet number="0">10</wcet>
            <wcet number="1">10</wcet>
            <maxpow number="0.6499063250943087"/>
            <maxpow number="0.6499063250943087"/>
            <fprob>0.0</fprob>
        </actor>
        <actor name="D0N49">
            <wcet number="0">10</wcet>
            <wcet number="1">10</wcet>
            <maxpow number="0.6611219077636027"/>
            <maxpow number="0.6611219077636027"/>
            <fprob>0.0</fprob>
        </actor>
        <ports>
            <port dstActor="D0N26" name="p0" srcActor="D0N16"/>
            <port dstActor="D0N46" name="p1" srcActor="D0N16"/>
            <port dstActor="D0N41" name="p2" srcActor="D0N26"/>
            <port dstActor="D0N36" name="p3" srcActor="D0N26"/>
            <port dstActor="D0N37" name="p4" srcActor="D0N23"/>
            <port dstActor="D0N24" name="p5" srcActor="D0N23"/>
            <port dstActor="D0N35" name="p6" srcActor="D0N23"/>
            <port dstActor="D0N29" name="p7" srcActor="D0N23"/>
            <port dstActor="D0N48" name="p8" srcActor="D0N23"/>
            <port dstActor="D0N39" name="p9" srcActor="D0N27"/>
            <port dstActor="D0N37" name="p10" srcActor="D0N27"/>
            <port dstActor="D0N45" name="p11" srcActor="D0N27"/>
            <port dstActor="D0N28" name="p12" srcActor="D0N27"/>
            <port dstActor="D0N46" name="p13" srcActor="D0N29"/>
            <port dstActor="D0N35" name="p14" srcActor="D0N29"/>
            <port dstActor="D0N47" name="p15" srcActor="D0N17"/>
            <port dstActor="D0N32" name="p16" srcActor="D0N17"/>
            <port dstActor="D0N46" name="p17" srcActor="D0N43"/>
            <port dstActor="D0N45" name="p18" srcActor="D0N5"/>
            <port dstActor="D0N32" name="p19" srcActor="D0N5"/>
            <port dstActor="D0N17" name="p20" srcActor="D0N5"/>
            <port dstActor="D0N9" name="p21" srcActor="D0N5"/>
            <port dstActor="D0N42" name="p22" srcActor="D0N39"/>
            <port dstActor="D0N37" name="p23" srcActor="D0N8"/>
            <port dstActor="D0N49" name="p24" srcActor="D0N8"/>
            <port dstActor="D0N42" name="p25" srcActor="D0N21"/>
            <port dstActor="D0N32" name="p26" srcActor="D0N30"/>
            <port dstActor="D0N28" name="p27" srcActor="D0N25"/>
            <port dstActor="D0N40" name="p28" srcActor="D0N4"/>
            <port dstActor="D0N24" name="p29" srcActor="D0N4"/>
            <port dstActor="D0N29" name="p30" srcActor="D0N4"/>
            <port dstActor="D0N49" name="p31" srcActor="D0N4"/>
            <port dstActor="D0N40" name="p32" srcActor="D0N0"/>
            <port dstActor="D0N46" name="p33" srcActor="D0N0"/>
            <port dstActor="D0N31" name="p34" srcActor="D0N0"/>
            <port dstActor="D0N36" name="p35" srcActor="D0N0"/>
            <port dstActor="D0N41" name="p36" srcActor="D0N0"/>
            <port dstActor="D0N39" name="p37" srcActor="D0N0"/>
            <port dstActor="D0N28" name="p38" srcActor="D0N9"/>
            <port dstActor="D0N11" name="p39" srcActor="D0N9"/>
            <port dstActor="D0N29" name="p40" srcActor="D0N9"/>
            <port dstActor="D0N48" name="p41" srcActor="D0N9"/>
            <port dstActor="D0N32" name="p42" srcActor="D0N9"/>
            <port dstActor="D0N41" name="p43" srcActor="D0N14"/>
            <port dstActor="D0N29" name="p44" srcActor="D0N14"/>
            <port dstActor="D0N42" name="p45" srcActor="D0N14"/>
            <port dstActor="D0N46" name="p46" srcActor="D0N14"/>
            <port dstActor="D0N32" name="p47" srcActor="D0N11"/>
            <port dstActor="D0N25" name="p48" srcActor="D0N11"/>
            <port dstActor="D0N17" name="p49" srcActor="D0N11"/>
            <port dstActor="D0N25" name="p50" srcActor="D0N20"/>
            <port dstActor="D0N41" name="p51" srcActor="D0N20"/>
            <port dstActor="D0N21" name="p52" srcActor="D0N20"/>
            <port dstActor="D0N37" name="p53" srcActor="D0N20"/>
            <port dstActor="D0N38" name="p54" srcActor="D0N32"/>
            <port dstActor="D0N40" name="p55" srcActor="D0N32"/>
            <port dstActor="D0N46" name="p56" srcActor="D0N32"/>
            <port dstActor="D0N49" name="p57" srcActor="D0N47"/>
            <port dstActor="D0N44" name="p58" srcActor="D0N37"/>
            <port dstActor="D0N49" name="p59" srcActor="D0N3"/>
            <port dstActor="D0N6" name="p60" srcActor="D0N3"/>
            <port dstActor="D0N39" name="p61" srcActor="D0N6"/>
            <port dstActor="D0N30" name="p62" srcActor="D0N6"/>
            <port dstActor="D0N38" name="p63" srcActor="D0N6"/>
            <port dstActor="D0N43" name="p64" srcActor="D0N35"/>
            <port dstActor="D0N38" name="p65" srcActor="D0N35"/>
            <port dstActor="D0N37" name="p66" srcActor="D0N35"/>
            <port dstActor="D0N42" name="p67" srcActor="D0N24"/>
            <port dstActor="D0N30" name="p68" srcActor="D0N24"/>
            <port dstActor="D0N32" name="p69" srcActor="D0N24"/>
            <port dstActor="D0N29" name="p70" srcActor="D0N24"/>
            <port dstActor="D0N34" name="p71" srcActor="D0N24"/>
            <port dstActor="D0N43" name="p72" srcActor="D0N42"/>
            <port dstActor="D0N37" name="p73" srcActor="D0N34"/>
            <port dstActor="D0N41" name="p74" srcActor="D0N10"/>
            <port dstActor="D0N26" name="p75" srcActor="D0N10"/>
            <port dstActor="D0N46" name="p76" srcActor="D0N10"/>
            <port dstActor="D0N21" name="p77" srcActor="D0N10"/>
            <port dstActor="D0N48" name="p78" srcActor="D0N38"/>
            <port dstActor="D0N42" name="p79" srcActor="D0N28"/>
            <port dstActor="D0N46" name="p80" srcActor="D0N28"/>
            <port dstActor="D0N32" name="p81" srcActor="D0N28"/>
            <port dstActor="D0N43" name="p82" srcActor="D0N28"/>
            <port dstActor="D0N36" name="p83" srcActor="D0N15"/>
            <port dstActor="D0N39" name="p84" srcActor="D0N36"/>
            <port dstActor="D0N34" name="p85" srcActor="D0N22"/>
            <port dstActor="D0N26" name="p86" srcActor="D0N7"/>
            <port dstActor="D0N36" name="p87" srcActor="D0N7"/>
            <port dstActor="D0N38" name="p88" srcActor="D0N7"/>
            <port dstActor="D0N20" name="p89" srcActor="D0N7"/>
            <port dstActor="D0N18" name="p90" srcActor="D0N7"/>
            <port dstActor="D0N10" name="p91" srcActor="D0N7"/>
            <port dstActor="D0N26" name="p92" srcActor="D0N18"/>
            <port dstActor="D0N47" name="p93" srcActor="D0N18"/>
            <port dstActor="D0N41" name="p94" srcActor="D0N18"/>
            <port dstActor="D0N28" name="p95" srcActor="D0N13"/>
            <port dstActor="D0N47" name="p96" srcActor="D0N13"/>
            <port dstActor="D0N24" name="p97" srcActor="D0N13"/>
            <port dstActor="D0N27" name="p98" srcActor="D0N13"/>
            <port dstActor="D0N24" name="p99" srcActor="D0N12"/>
            <port dstActor="D0N32" name="p100" srcActor="D0N12"/>
            <port dstActor="D0N22" name="p101" srcActor="D0N12"/>
            <port dstActor="D0N16" name="p102" srcActor="D0N1"/>
            <port dstActor="D0N2" name="p103" srcActor="D0N1"/>
            <port dstActor="D0N27" name="p104" srcActor="D0N1"/>
            <port dstActor="D0N13" name="p105" srcActor="D0N1"/>
            <port dstActor="D0N18" name="p106" srcActor="D0N2"/>
            <port dstActor="D0N26" name="p107" srcActor="D0N2"/>
            <port dstActor="D0N30" name="p108" srcActor="D0N2"/>
            <port dstActor="D0N11" name="p109" srcActor="D0N2"/>
            <port dstActor="D0N38" name="p110" srcActor="D0N2"/>
        </ports>
    </mcdag>
    <cores number="3"/>
    <levels number="2"/>
</mcsystem>
