<?xml version="1.0" encoding="UTF-8" standalone="no"?>
<mcsystem>
    <mcdag deadline="2200" name="genned-0-ed-10.0-0">
        <actor name="D0N28">
            <wcet number="0">270</wcet>
            <wcet number="1">360</wcet>
            <maxpow number="0.72377100056747"/>
            <maxpow number="0.72377100056747"/>
            <fprob>0.0</fprob>
        </actor>
        <actor name="D0N2">
            <wcet number="0">40</wcet>
            <wcet number="1">50</wcet>
            <maxpow number="0.49892126392513014"/>
            <maxpow number="0.49892126392513014"/>
            <fprob>0.0</fprob>
        </actor>
        <actor name="D0N32">
            <wcet number="0">10</wcet>
            <wcet number="1">300</wcet>
            <maxpow number="0.6352703486715533"/>
            <maxpow number="0.6352703486715533"/>
            <fprob>0.0</fprob>
        </actor>
        <actor name="D0N39">
            <wcet number="0">20</wcet>
            <wcet number="1">20</wcet>
            <maxpow number="-0.013432084036038239"/>
            <maxpow number="-0.013432084036038239"/>
            <fprob>0.0</fprob>
        </actor>
        <actor name="D0N14">
            <wcet number="0">10</wcet>
            <wcet number="1">20</wcet>
            <maxpow number="0.5945457336329015"/>
            <maxpow number="0.5945457336329015"/>
            <fprob>0.0</fprob>
        </actor>
        <actor name="D0N42">
            <wcet number="0">130</wcet>
            <wcet number="1">150</wcet>
            <maxpow number="0.4784065214422263"/>
            <maxpow number="0.4784065214422263"/>
            <fprob>0.0</fprob>
        </actor>
        <actor name="D0N6">
            <wcet number="0">210</wcet>
            <wcet number="1">280</wcet>
            <maxpow number="0.662624605805352"/>
            <maxpow number="0.662624605805352"/>
            <fprob>0.0</fprob>
        </actor>
        <actor name="D0N40">
            <wcet number="0">10</wcet>
            <wcet number="1">30</wcet>
            <maxpow number="0.4207241964549747"/>
            <maxpow number="0.4207241964549747"/>
            <fprob>0.0</fprob>
        </actor>
        <actor name="D0N29">
            <wcet number="0">10</wcet>
            <wcet number="1">100</wcet>
            <maxpow number="0.685547947822372"/>
            <maxpow number="0.685547947822372"/>
            <fprob>0.0</fprob>
        </actor>
        <actor name="D0N41">
            <wcet number="0">90</wcet>
            <wcet number="1">150</wcet>
            <maxpow number="0.33944164497920293"/>
            <maxpow number="0.33944164497920293"/>
            <fprob>0.0</fprob>
        </actor>
        <actor name="D0N7">
            <wcet number="0">10</wcet>
            <wcet number="1">10</wcet>
            <maxpow number="0.5538913219962116"/>
            <maxpow number="0.5538913219962116"/>
            <fprob>0.0</fprob>
        </actor>
        <actor name="D0N47">
            <wcet number="0">10</wcet>
            <wcet number="1">30</wcet>
            <maxpow number="0.7692603670541815"/>
            <maxpow number="0.7692603670541815"/>
            <fprob>0.0</fprob>
        </actor>
        <actor name="D0N4">
            <wcet number="0">270</wcet>
            <wcet number="1">300</wcet>
            <maxpow number="0.445617640083453"/>
            <maxpow number="0.445617640083453"/>
            <fprob>0.0</fprob>
        </actor>
        <actor name="D0N21">
            <wcet number="0">70</wcet>
            <wcet number="1">70</wcet>
            <maxpow number="0.33440775632772646"/>
            <maxpow number="0.33440775632772646"/>
            <fprob>0.0</fprob>
        </actor>
        <actor name="D0N13">
            <wcet number="0">200</wcet>
            <wcet number="1">210</wcet>
            <maxpow number="0.774449023212997"/>
            <maxpow number="0.774449023212997"/>
            <fprob>0.0</fprob>
        </actor>
        <actor name="D0N10">
            <wcet number="0">80</wcet>
            <wcet number="1">90</wcet>
            <maxpow number="0.688310903567009"/>
            <maxpow number="0.688310903567009"/>
            <fprob>0.0</fprob>
        </actor>
        <actor name="D0N15">
            <wcet number="0">20</wcet>
            <wcet number="1">90</wcet>
            <maxpow number="0.9228934318915494"/>
            <maxpow number="0.9228934318915494"/>
            <fprob>0.0</fprob>
        </actor>
        <actor name="D0N24">
            <wcet number="0">50</wcet>
            <wcet number="1">50</wcet>
            <maxpow number="0.15809865251801541"/>
            <maxpow number="0.15809865251801541"/>
            <fprob>0.0</fprob>
        </actor>
        <actor name="D0N30">
            <wcet number="0">20</wcet>
            <wcet number="1">30</wcet>
            <maxpow number="0.6340127220577092"/>
            <maxpow number="0.6340127220577092"/>
            <fprob>0.0</fprob>
        </actor>
        <actor name="D0N38">
            <wcet number="0">30</wcet>
            <wcet number="1">50</wcet>
            <maxpow number="0.5875896539619107"/>
            <maxpow number="0.5875896539619107"/>
            <fprob>0.0</fprob>
        </actor>
        <actor name="D0N19">
            <wcet number="0">70</wcet>
            <wcet number="1">80</wcet>
            <maxpow number="0.40107869400578866"/>
            <maxpow number="0.40107869400578866"/>
            <fprob>0.0</fprob>
        </actor>
        <actor name="D0N37">
            <wcet number="0">130</wcet>
            <wcet number="1">130</wcet>
            <maxpow number="0.5183064623086181"/>
            <maxpow number="0.5183064623086181"/>
            <fprob>0.0</fprob>
        </actor>
        <actor name="D0N34">
            <wcet number="0">40</wcet>
            <wcet number="1">40</wcet>
            <maxpow number="0.5770768851188963"/>
            <maxpow number="0.5770768851188963"/>
            <fprob>0.0</fprob>
        </actor>
        <actor name="D0N48">
            <wcet number="0">20</wcet>
            <wcet number="1">50</wcet>
            <maxpow number="0.5953657322711673"/>
            <maxpow number="0.5953657322711673"/>
            <fprob>0.0</fprob>
        </actor>
        <actor name="D0N25">
            <wcet number="0">10</wcet>
            <wcet number="1">70</wcet>
            <maxpow number="0.8625939553569208"/>
            <maxpow number="0.8625939553569208"/>
            <fprob>0.0</fprob>
        </actor>
        <actor name="D0N46">
            <wcet number="0">20</wcet>
            <wcet number="1">20</wcet>
            <maxpow number="0.44377722358510935"/>
            <maxpow number="0.44377722358510935"/>
            <fprob>0.0</fprob>
        </actor>
        <actor name="D0N33">
            <wcet number="0">40</wcet>
            <wcet number="1">60</wcet>
            <maxpow number="0.5194505964956969"/>
            <maxpow number="0.5194505964956969"/>
            <fprob>0.0</fprob>
        </actor>
        <actor name="D0N27">
            <wcet number="0">20</wcet>
            <wcet number="1">30</wcet>
            <maxpow number="0.547624137680686"/>
            <maxpow number="0.547624137680686"/>
            <fprob>0.0</fprob>
        </actor>
        <actor name="D0N11">
            <wcet number="0">70</wcet>
            <wcet number="1">110</wcet>
            <maxpow number="0.7021057692509651"/>
            <maxpow number="0.7021057692509651"/>
            <fprob>0.0</fprob>
        </actor>
        <actor name="D0N43">
            <wcet number="0">330</wcet>
            <wcet number="1">330</wcet>
            <maxpow number="0.5746790250409228"/>
            <maxpow number="0.5746790250409228"/>
            <fprob>0.0</fprob>
        </actor>
        <actor name="D0N36">
            <wcet number="0">170</wcet>
            <wcet number="1">470</wcet>
            <maxpow number="0.4452348534301273"/>
            <maxpow number="0.4452348534301273"/>
            <fprob>0.0</fprob>
        </actor>
        <actor name="D0N35">
            <wcet number="0">10</wcet>
            <wcet number="1">20</wcet>
            <maxpow number="0.4462374091161593"/>
            <maxpow number="0.4462374091161593"/>
            <fprob>0.0</fprob>
        </actor>
        <actor name="D0N17">
            <wcet number="0">30</wcet>
            <wcet number="1">50</wcet>
            <maxpow number="0.4744074973044783"/>
            <maxpow number="0.4744074973044783"/>
            <fprob>0.0</fprob>
        </actor>
        <actor name="D0N18">
            <wcet number="0">80</wcet>
            <wcet number="1">110</wcet>
            <maxpow number="0.4884238494262007"/>
            <maxpow number="0.4884238494262007"/>
            <fprob>0.0</fprob>
        </actor>
        <actor name="D0N0">
            <wcet number="0">140</wcet>
            <wcet number="1">470</wcet>
            <maxpow number="0.3667779419738906"/>
            <maxpow number="0.3667779419738906"/>
            <fprob>0.0</fprob>
        </actor>
        <actor name="D0N23">
            <wcet number="0">10</wcet>
            <wcet number="1">30</wcet>
            <maxpow number="0.5358335515910062"/>
            <maxpow number="0.5358335515910062"/>
            <fprob>0.0</fprob>
        </actor>
        <actor name="D0N9">
            <wcet number="0">150</wcet>
            <wcet number="1">190</wcet>
            <maxpow number="0.5309454343720431"/>
            <maxpow number="0.5309454343720431"/>
            <fprob>0.0</fprob>
        </actor>
        <actor name="D0N22">
            <wcet number="0">80</wcet>
            <wcet number="1">110</wcet>
            <maxpow number="0.24021037161679842"/>
            <maxpow number="0.24021037161679842"/>
            <fprob>0.0</fprob>
        </actor>
        <actor name="D0N1">
            <wcet number="0">80</wcet>
            <wcet number="1">80</wcet>
            <maxpow number="0.5508646680465527"/>
            <maxpow number="0.5508646680465527"/>
            <fprob>0.0</fprob>
        </actor>
        <actor name="D0N26">
            <wcet number="0">10</wcet>
            <wcet number="1">20</wcet>
            <maxpow number="0.3946839019466861"/>
            <maxpow number="0.3946839019466861"/>
            <fprob>0.0</fprob>
        </actor>
        <actor name="D0N45">
            <wcet number="0">130</wcet>
            <wcet number="1">140</wcet>
            <maxpow number="0.7026110679890994"/>
            <maxpow number="0.7026110679890994"/>
            <fprob>0.0</fprob>
        </actor>
        <actor name="D0N31">
            <wcet number="0">40</wcet>
            <wcet number="1">40</wcet>
            <maxpow number="0.5753208344949643"/>
            <maxpow number="0.5753208344949643"/>
            <fprob>0.0</fprob>
        </actor>
        <actor name="D0N20">
            <wcet number="0">80</wcet>
            <wcet number="1">170</wcet>
            <maxpow number="0.5013757356160118"/>
            <maxpow number="0.5013757356160118"/>
            <fprob>0.0</fprob>
        </actor>
        <actor name="D0N16">
            <wcet number="0">100</wcet>
            <wcet number="1">140</wcet>
            <maxpow number="0.6332428072066062"/>
            <maxpow number="0.6332428072066062"/>
            <fprob>0.0</fprob>
        </actor>
        <actor name="D0N3">
            <wcet number="0">360</wcet>
            <wcet number="1">460</wcet>
            <maxpow number="0.741049808085044"/>
            <maxpow number="0.741049808085044"/>
            <fprob>0.0</fprob>
        </actor>
        <actor name="D0N8">
            <wcet number="0">40</wcet>
            <wcet number="1">80</wcet>
            <maxpow number="0.5727785271436205"/>
            <maxpow number="0.5727785271436205"/>
            <fprob>0.0</fprob>
        </actor>
        <actor name="D0N12">
            <wcet number="0">200</wcet>
            <wcet number="1">210</wcet>
            <maxpow number="0.6743597686442614"/>
            <maxpow number="0.6743597686442614"/>
            <fprob>0.0</fprob>
        </actor>
        <actor name="D0N44">
            <wcet number="0">40</wcet>
            <wcet number="1">50</wcet>
            <maxpow number="0.9770684837976131"/>
            <maxpow number="0.9770684837976131"/>
            <fprob>0.0</fprob>
        </actor>
        <actor name="D0N5">
            <wcet number="0">10</wcet>
            <wcet number="1">10</wcet>
            <maxpow number="0.6092863807825459"/>
            <maxpow number="0.6092863807825459"/>
            <fprob>0.0</fprob>
        </actor>
        <ports>
            <port dstActor="D0N37" name="p0" srcActor="D0N28"/>
            <port dstActor="D0N48" name="p1" srcActor="D0N28"/>
            <port dstActor="D0N45" name="p2" srcActor="D0N2"/>
            <port dstActor="D0N14" name="p3" srcActor="D0N2"/>
            <port dstActor="D0N30" name="p4" srcActor="D0N2"/>
            <port dstActor="D0N48" name="p5" srcActor="D0N2"/>
            <port dstActor="D0N42" name="p6" srcActor="D0N2"/>
            <port dstActor="D0N37" name="p7" srcActor="D0N32"/>
            <port dstActor="D0N46" name="p8" srcActor="D0N32"/>
            <port dstActor="D0N44" name="p9" srcActor="D0N39"/>
            <port dstActor="D0N35" name="p10" srcActor="D0N14"/>
            <port dstActor="D0N48" name="p11" srcActor="D0N42"/>
            <port dstActor="D0N19" name="p12" srcActor="D0N6"/>
            <port dstActor="D0N21" name="p13" srcActor="D0N6"/>
            <port dstActor="D0N43" name="p14" srcActor="D0N40"/>
            <port dstActor="D0N42" name="p15" srcActor="D0N40"/>
            <port dstActor="D0N45" name="p16" srcActor="D0N41"/>
            <port dstActor="D0N48" name="p17" srcActor="D0N41"/>
            <port dstActor="D0N44" name="p18" srcActor="D0N7"/>
            <port dstActor="D0N10" name="p19" srcActor="D0N7"/>
            <port dstActor="D0N28" name="p20" srcActor="D0N7"/>
            <port dstActor="D0N33" name="p21" srcActor="D0N7"/>
            <port dstActor="D0N46" name="p22" srcActor="D0N7"/>
            <port dstActor="D0N44" name="p23" srcActor="D0N4"/>
            <port dstActor="D0N16" name="p24" srcActor="D0N4"/>
            <port dstActor="D0N35" name="p25" srcActor="D0N21"/>
            <port dstActor="D0N43" name="p26" srcActor="D0N21"/>
            <port dstActor="D0N44" name="p27" srcActor="D0N21"/>
            <port dstActor="D0N41" name="p28" srcActor="D0N21"/>
            <port dstActor="D0N33" name="p29" srcActor="D0N21"/>
            <port dstActor="D0N25" name="p30" srcActor="D0N21"/>
            <port dstActor="D0N27" name="p31" srcActor="D0N13"/>
            <port dstActor="D0N24" name="p32" srcActor="D0N10"/>
            <port dstActor="D0N18" name="p33" srcActor="D0N10"/>
            <port dstActor="D0N29" name="p34" srcActor="D0N10"/>
            <port dstActor="D0N34" name="p35" srcActor="D0N10"/>
            <port dstActor="D0N40" name="p36" srcActor="D0N10"/>
            <port dstActor="D0N31" name="p37" srcActor="D0N10"/>
            <port dstActor="D0N27" name="p38" srcActor="D0N10"/>
            <port dstActor="D0N42" name="p39" srcActor="D0N15"/>
            <port dstActor="D0N35" name="p40" srcActor="D0N15"/>
            <port dstActor="D0N44" name="p41" srcActor="D0N15"/>
            <port dstActor="D0N39" name="p42" srcActor="D0N15"/>
            <port dstActor="D0N20" name="p43" srcActor="D0N15"/>
            <port dstActor="D0N40" name="p44" srcActor="D0N15"/>
            <port dstActor="D0N36" name="p45" srcActor="D0N15"/>
            <port dstActor="D0N29" name="p46" srcActor="D0N15"/>
            <port dstActor="D0N41" name="p47" srcActor="D0N24"/>
            <port dstActor="D0N33" name="p48" srcActor="D0N24"/>
            <port dstActor="D0N29" name="p49" srcActor="D0N24"/>
            <port dstActor="D0N32" name="p50" srcActor="D0N24"/>
            <port dstActor="D0N38" name="p51" srcActor="D0N30"/>
            <port dstActor="D0N47" name="p52" srcActor="D0N30"/>
            <port dstActor="D0N36" name="p53" srcActor="D0N30"/>
            <port dstActor="D0N46" name="p54" srcActor="D0N30"/>
            <port dstActor="D0N42" name="p55" srcActor="D0N38"/>
            <port dstActor="D0N23" name="p56" srcActor="D0N19"/>
            <port dstActor="D0N40" name="p57" srcActor="D0N19"/>
            <port dstActor="D0N44" name="p58" srcActor="D0N37"/>
            <port dstActor="D0N36" name="p59" srcActor="D0N34"/>
            <port dstActor="D0N48" name="p60" srcActor="D0N34"/>
            <port dstActor="D0N43" name="p61" srcActor="D0N34"/>
            <port dstActor="D0N47" name="p62" srcActor="D0N25"/>
            <port dstActor="D0N44" name="p63" srcActor="D0N25"/>
            <port dstActor="D0N47" name="p64" srcActor="D0N46"/>
            <port dstActor="D0N35" name="p65" srcActor="D0N33"/>
            <port dstActor="D0N33" name="p66" srcActor="D0N11"/>
            <port dstActor="D0N47" name="p67" srcActor="D0N11"/>
            <port dstActor="D0N43" name="p68" srcActor="D0N11"/>
            <port dstActor="D0N22" name="p69" srcActor="D0N11"/>
            <port dstActor="D0N30" name="p70" srcActor="D0N11"/>
            <port dstActor="D0N39" name="p71" srcActor="D0N11"/>
            <port dstActor="D0N14" name="p72" srcActor="D0N11"/>
            <port dstActor="D0N13" name="p73" srcActor="D0N11"/>
            <port dstActor="D0N24" name="p74" srcActor="D0N11"/>
            <port dstActor="D0N46" name="p75" srcActor="D0N36"/>
            <port dstActor="D0N38" name="p76" srcActor="D0N35"/>
            <port dstActor="D0N41" name="p77" srcActor="D0N35"/>
            <port dstActor="D0N26" name="p78" srcActor="D0N17"/>
            <port dstActor="D0N47" name="p79" srcActor="D0N18"/>
            <port dstActor="D0N26" name="p80" srcActor="D0N18"/>
            <port dstActor="D0N25" name="p81" srcActor="D0N18"/>
            <port dstActor="D0N28" name="p82" srcActor="D0N0"/>
            <port dstActor="D0N19" name="p83" srcActor="D0N0"/>
            <port dstActor="D0N38" name="p84" srcActor="D0N0"/>
            <port dstActor="D0N12" name="p85" srcActor="D0N0"/>
            <port dstActor="D0N9" name="p86" srcActor="D0N0"/>
            <port dstActor="D0N26" name="p87" srcActor="D0N23"/>
            <port dstActor="D0N30" name="p88" srcActor="D0N23"/>
            <port dstActor="D0N32" name="p89" srcActor="D0N23"/>
            <port dstActor="D0N37" name="p90" srcActor="D0N9"/>
            <port dstActor="D0N10" name="p91" srcActor="D0N9"/>
            <port dstActor="D0N40" name="p92" srcActor="D0N9"/>
            <port dstActor="D0N11" name="p93" srcActor="D0N9"/>
            <port dstActor="D0N15" name="p94" srcActor="D0N9"/>
            <port dstActor="D0N45" name="p95" srcActor="D0N9"/>
            <port dstActor="D0N48" name="p96" srcActor="D0N22"/>
            <port dstActor="D0N42" name="p97" srcActor="D0N1"/>
            <port dstActor="D0N47" name="p98" srcActor="D0N1"/>
            <port dstActor="D0N21" name="p99" srcActor="D0N1"/>
            <port dstActor="D0N36" name="p100" srcActor="D0N1"/>
            <port dstActor="D0N20" name="p101" srcActor="D0N1"/>
            <port dstActor="D0N24" name="p102" srcActor="D0N1"/>
            <port dstActor="D0N28" name="p103" srcActor="D0N1"/>
            <port dstActor="D0N27" name="p104" srcActor="D0N1"/>
            <port dstActor="D0N46" name="p105" srcActor="D0N26"/>
            <port dstActor="D0N27" name="p106" srcActor="D0N26"/>
            <port dstActor="D0N30" name="p107" srcActor="D0N26"/>
            <port dstActor="D0N45" name="p108" srcActor="D0N31"/>
            <port dstActor="D0N40" name="p109" srcActor="D0N31"/>
            <port dstActor="D0N32" name="p110" srcActor="D0N20"/>
            <port dstActor="D0N34" name="p111" srcActor="D0N16"/>
            <port dstActor="D0N45" name="p112" srcActor="D0N16"/>
            <port dstActor="D0N9" name="p113" srcActor="D0N3"/>
            <port dstActor="D0N28" name="p114" srcActor="D0N3"/>
            <port dstActor="D0N24" name="p115" srcActor="D0N3"/>
            <port dstActor="D0N23" name="p116" srcActor="D0N8"/>
            <port dstActor="D0N47" name="p117" srcActor="D0N8"/>
            <port dstActor="D0N42" name="p118" srcActor="D0N8"/>
            <port dstActor="D0N13" name="p119" srcActor="D0N8"/>
            <port dstActor="D0N20" name="p120" srcActor="D0N12"/>
            <port dstActor="D0N32" name="p121" srcActor="D0N12"/>
            <port dstActor="D0N41" name="p122" srcActor="D0N12"/>
            <port dstActor="D0N47" name="p123" srcActor="D0N44"/>
            <port dstActor="D0N33" name="p124" srcActor="D0N5"/>
            <port dstActor="D0N34" name="p125" srcActor="D0N5"/>
            <port dstActor="D0N29" name="p126" srcActor="D0N5"/>
            <port dstActor="D0N15" name="p127" srcActor="D0N5"/>
        </ports>
    </mcdag>
    <cores number="3"/>
    <levels number="2"/>
</mcsystem>
