<?xml version="1.0" encoding="UTF-8" standalone="no"?>
<mcsystem>
    <mcdag deadline="1500" name="genned-0-ed-10.0-0">
        <actor name="D0N39">
            <wcet number="0">50</wcet>
            <wcet number="1">50</wcet>
            <maxpow number="0.18693857506204764"/>
            <maxpow number="0.18693857506204764"/>
            <fprob>0.0</fprob>
        </actor>
        <actor name="D0N34">
            <wcet number="0">20</wcet>
            <wcet number="1">140</wcet>
            <maxpow number="0.44239137623273833"/>
            <maxpow number="0.44239137623273833"/>
            <fprob>0.0</fprob>
        </actor>
        <actor name="D0N25">
            <wcet number="0">10</wcet>
            <wcet number="1">30</wcet>
            <maxpow number="0.43549378297495067"/>
            <maxpow number="0.43549378297495067"/>
            <fprob>0.0</fprob>
        </actor>
        <actor name="D0N37">
            <wcet number="0">170</wcet>
            <wcet number="1">270</wcet>
            <maxpow number="0.4302644695018784"/>
            <maxpow number="0.4302644695018784"/>
            <fprob>0.0</fprob>
        </actor>
        <actor name="D0N43">
            <wcet number="0">50</wcet>
            <wcet number="1">70</wcet>
            <maxpow number="0.678849430195614"/>
            <maxpow number="0.678849430195614"/>
            <fprob>0.0</fprob>
        </actor>
        <actor name="D0N44">
            <wcet number="0">10</wcet>
            <wcet number="1">10</wcet>
            <maxpow number="0.7333219214863655"/>
            <maxpow number="0.7333219214863655"/>
            <fprob>0.0</fprob>
        </actor>
        <actor name="D0N19">
            <wcet number="0">10</wcet>
            <wcet number="1">10</wcet>
            <maxpow number="0.75880754334151"/>
            <maxpow number="0.75880754334151"/>
            <fprob>0.0</fprob>
        </actor>
        <actor name="D0N45">
            <wcet number="0">80</wcet>
            <wcet number="1">290</wcet>
            <maxpow number="0.6540418471653342"/>
            <maxpow number="0.6540418471653342"/>
            <fprob>0.0</fprob>
        </actor>
        <actor name="D0N11">
            <wcet number="0">10</wcet>
            <wcet number="1">20</wcet>
            <maxpow number="0.5537959835134906"/>
            <maxpow number="0.5537959835134906"/>
            <fprob>0.0</fprob>
        </actor>
        <actor name="D0N21">
            <wcet number="0">10</wcet>
            <wcet number="1">50</wcet>
            <maxpow number="0.5371198020750506"/>
            <maxpow number="0.5371198020750506"/>
            <fprob>0.0</fprob>
        </actor>
        <actor name="D0N46">
            <wcet number="0">20</wcet>
            <wcet number="1">30</wcet>
            <maxpow number="0.5351868032189934"/>
            <maxpow number="0.5351868032189934"/>
            <fprob>0.0</fprob>
        </actor>
        <actor name="D0N20">
            <wcet number="0">20</wcet>
            <wcet number="1">60</wcet>
            <maxpow number="0.4824699979180875"/>
            <maxpow number="0.4824699979180875"/>
            <fprob>0.0</fprob>
        </actor>
        <actor name="D0N10">
            <wcet number="0">10</wcet>
            <wcet number="1">100</wcet>
            <maxpow number="0.46058841679696894"/>
            <maxpow number="0.46058841679696894"/>
            <fprob>0.0</fprob>
        </actor>
        <actor name="D0N12">
            <wcet number="0">80</wcet>
            <wcet number="1">150</wcet>
            <maxpow number="0.5429238022267052"/>
            <maxpow number="0.5429238022267052"/>
            <fprob>0.0</fprob>
        </actor>
        <actor name="D0N6">
            <wcet number="0">30</wcet>
            <wcet number="1">40</wcet>
            <maxpow number="0.5381332157399151"/>
            <maxpow number="0.5381332157399151"/>
            <fprob>0.0</fprob>
        </actor>
        <actor name="D0N41">
            <wcet number="0">10</wcet>
            <wcet number="1">40</wcet>
            <maxpow number="0.37141745445108665"/>
            <maxpow number="0.37141745445108665"/>
            <fprob>0.0</fprob>
        </actor>
        <actor name="D0N9">
            <wcet number="0">100</wcet>
            <wcet number="1">150</wcet>
            <maxpow number="0.40500135424111705"/>
            <maxpow number="0.40500135424111705"/>
            <fprob>0.0</fprob>
        </actor>
        <actor name="D0N22">
            <wcet number="0">30</wcet>
            <wcet number="1">60</wcet>
            <maxpow number="0.5581570898418219"/>
            <maxpow number="0.5581570898418219"/>
            <fprob>0.0</fprob>
        </actor>
        <actor name="D0N29">
            <wcet number="0">10</wcet>
            <wcet number="1">10</wcet>
            <maxpow number="0.7323000389424984"/>
            <maxpow number="0.7323000389424984"/>
            <fprob>0.0</fprob>
        </actor>
        <actor name="D0N18">
            <wcet number="0">10</wcet>
            <wcet number="1">40</wcet>
            <maxpow number="0.5935612008901185"/>
            <maxpow number="0.5935612008901185"/>
            <fprob>0.0</fprob>
        </actor>
        <actor name="D0N36">
            <wcet number="0">30</wcet>
            <wcet number="1">80</wcet>
            <maxpow number="0.19691434475441988"/>
            <maxpow number="0.19691434475441988"/>
            <fprob>0.0</fprob>
        </actor>
        <actor name="D0N42">
            <wcet number="0">20</wcet>
            <wcet number="1">20</wcet>
            <maxpow number="0.37082774087636206"/>
            <maxpow number="0.37082774087636206"/>
            <fprob>0.0</fprob>
        </actor>
        <actor name="D0N5">
            <wcet number="0">40</wcet>
            <wcet number="1">60</wcet>
            <maxpow number="0.6647672193327736"/>
            <maxpow number="0.6647672193327736"/>
            <fprob>0.0</fprob>
        </actor>
        <actor name="D0N8">
            <wcet number="0">40</wcet>
            <wcet number="1">50</wcet>
            <maxpow number="0.42378095485718703"/>
            <maxpow number="0.42378095485718703"/>
            <fprob>0.0</fprob>
        </actor>
        <actor name="D0N16">
            <wcet number="0">40</wcet>
            <wcet number="1">50</wcet>
            <maxpow number="0.38573845687086505"/>
            <maxpow number="0.38573845687086505"/>
            <fprob>0.0</fprob>
        </actor>
        <actor name="D0N17">
            <wcet number="0">10</wcet>
            <wcet number="1">20</wcet>
            <maxpow number="0.678622165497954"/>
            <maxpow number="0.678622165497954"/>
            <fprob>0.0</fprob>
        </actor>
        <actor name="D0N4">
            <wcet number="0">30</wcet>
            <wcet number="1">30</wcet>
            <maxpow number="0.5426946888708022"/>
            <maxpow number="0.5426946888708022"/>
            <fprob>0.0</fprob>
        </actor>
        <actor name="D0N38">
            <wcet number="0">50</wcet>
            <wcet number="1">70</wcet>
            <maxpow number="0.5956048346466462"/>
            <maxpow number="0.5956048346466462"/>
            <fprob>0.0</fprob>
        </actor>
        <actor name="D0N31">
            <wcet number="0">20</wcet>
            <wcet number="1">30</wcet>
            <maxpow number="0.6780316466460574"/>
            <maxpow number="0.6780316466460574"/>
            <fprob>0.0</fprob>
        </actor>
        <actor name="D0N24">
            <wcet number="0">60</wcet>
            <wcet number="1">100</wcet>
            <maxpow number="0.7197411838738289"/>
            <maxpow number="0.7197411838738289"/>
            <fprob>0.0</fprob>
        </actor>
        <actor name="D0N28">
            <wcet number="0">10</wcet>
            <wcet number="1">30</wcet>
            <maxpow number="0.6890974204156685"/>
            <maxpow number="0.6890974204156685"/>
            <fprob>0.0</fprob>
        </actor>
        <actor name="D0N47">
            <wcet number="0">10</wcet>
            <wcet number="1">10</wcet>
            <maxpow number="0.5764940573531001"/>
            <maxpow number="0.5764940573531001"/>
            <fprob>0.0</fprob>
        </actor>
        <actor name="D0N40">
            <wcet number="0">10</wcet>
            <wcet number="1">10</wcet>
            <maxpow number="0.475221824183461"/>
            <maxpow number="0.475221824183461"/>
            <fprob>0.0</fprob>
        </actor>
        <actor name="D0N30">
            <wcet number="0">10</wcet>
            <wcet number="1">10</wcet>
            <maxpow number="0.26544472605786484"/>
            <maxpow number="0.26544472605786484"/>
            <fprob>0.0</fprob>
        </actor>
        <actor name="D0N15">
            <wcet number="0">10</wcet>
            <wcet number="1">100</wcet>
            <maxpow number="0.5264070080502092"/>
            <maxpow number="0.5264070080502092"/>
            <fprob>0.0</fprob>
        </actor>
        <actor name="D0N1">
            <wcet number="0">10</wcet>
            <wcet number="1">10</wcet>
            <maxpow number="0.70645609669366"/>
            <maxpow number="0.70645609669366"/>
            <fprob>0.0</fprob>
        </actor>
        <actor name="D0N27">
            <wcet number="0">30</wcet>
            <wcet number="1">60</wcet>
            <maxpow number="0.727190597631765"/>
            <maxpow number="0.727190597631765"/>
            <fprob>0.0</fprob>
        </actor>
        <actor name="D0N14">
            <wcet number="0">20</wcet>
            <wcet number="1">70</wcet>
            <maxpow number="0.6872283520306579"/>
            <maxpow number="0.6872283520306579"/>
            <fprob>0.0</fprob>
        </actor>
        <actor name="D0N0">
            <wcet number="0">80</wcet>
            <wcet number="1">90</wcet>
            <maxpow number="0.7531353280738208"/>
            <maxpow number="0.7531353280738208"/>
            <fprob>0.0</fprob>
        </actor>
        <actor name="D0N3">
            <wcet number="0">120</wcet>
            <wcet number="1">140</wcet>
            <maxpow number="0.7075829415955232"/>
            <maxpow number="0.7075829415955232"/>
            <fprob>0.0</fprob>
        </actor>
        <actor name="D0N23">
            <wcet number="0">10</wcet>
            <wcet number="1">10</wcet>
            <maxpow number="0.5602796849244719"/>
            <maxpow number="0.5602796849244719"/>
            <fprob>0.0</fprob>
        </actor>
        <actor name="D0N33">
            <wcet number="0">10</wcet>
            <wcet number="1">140</wcet>
            <maxpow number="0.6418820296757147"/>
            <maxpow number="0.6418820296757147"/>
            <fprob>0.0</fprob>
        </actor>
        <actor name="D0N7">
            <wcet number="0">150</wcet>
            <wcet number="1">220</wcet>
            <maxpow number="0.38357528623012105"/>
            <maxpow number="0.38357528623012105"/>
            <fprob>0.0</fprob>
        </actor>
        <actor name="D0N32">
            <wcet number="0">10</wcet>
            <wcet number="1">40</wcet>
            <maxpow number="0.6292328053998333"/>
            <maxpow number="0.6292328053998333"/>
            <fprob>0.0</fprob>
        </actor>
        <actor name="D0N2">
            <wcet number="0">30</wcet>
            <wcet number="1">30</wcet>
            <maxpow number="0.5112639177609519"/>
            <maxpow number="0.5112639177609519"/>
            <fprob>0.0</fprob>
        </actor>
        <actor name="D0N35">
            <wcet number="0">10</wcet>
            <wcet number="1">10</wcet>
            <maxpow number="0.812134189049638"/>
            <maxpow number="0.812134189049638"/>
            <fprob>0.0</fprob>
        </actor>
        <actor name="D0N26">
            <wcet number="0">30</wcet>
            <wcet number="1">120</wcet>
            <maxpow number="0.46345164427398944"/>
            <maxpow number="0.46345164427398944"/>
            <fprob>0.0</fprob>
        </actor>
        <actor name="D0N48">
            <wcet number="0">20</wcet>
            <wcet number="1">50</wcet>
            <maxpow number="0.45209250799121015"/>
            <maxpow number="0.45209250799121015"/>
            <fprob>0.0</fprob>
        </actor>
        <actor name="D0N13">
            <wcet number="0">10</wcet>
            <wcet number="1">20</wcet>
            <maxpow number="0.9037825588529315"/>
            <maxpow number="0.9037825588529315"/>
            <fprob>0.0</fprob>
        </actor>
        <ports>
            <port dstActor="D0N41" name="p0" srcActor="D0N34"/>
            <port dstActor="D0N42" name="p1" srcActor="D0N34"/>
            <port dstActor="D0N28" name="p2" srcActor="D0N25"/>
            <port dstActor="D0N36" name="p3" srcActor="D0N25"/>
            <port dstActor="D0N44" name="p4" srcActor="D0N37"/>
            <port dstActor="D0N48" name="p5" srcActor="D0N44"/>
            <port dstActor="D0N21" name="p6" srcActor="D0N19"/>
            <port dstActor="D0N31" name="p7" srcActor="D0N19"/>
            <port dstActor="D0N27" name="p8" srcActor="D0N11"/>
            <port dstActor="D0N12" name="p9" srcActor="D0N11"/>
            <port dstActor="D0N33" name="p10" srcActor="D0N11"/>
            <port dstActor="D0N39" name="p11" srcActor="D0N11"/>
            <port dstActor="D0N25" name="p12" srcActor="D0N21"/>
            <port dstActor="D0N34" name="p13" srcActor="D0N21"/>
            <port dstActor="D0N29" name="p14" srcActor="D0N21"/>
            <port dstActor="D0N40" name="p15" srcActor="D0N21"/>
            <port dstActor="D0N23" name="p16" srcActor="D0N20"/>
            <port dstActor="D0N33" name="p17" srcActor="D0N20"/>
            <port dstActor="D0N21" name="p18" srcActor="D0N20"/>
            <port dstActor="D0N30" name="p19" srcActor="D0N20"/>
            <port dstActor="D0N37" name="p20" srcActor="D0N20"/>
            <port dstActor="D0N27" name="p21" srcActor="D0N10"/>
            <port dstActor="D0N40" name="p22" srcActor="D0N10"/>
            <port dstActor="D0N13" name="p23" srcActor="D0N10"/>
            <port dstActor="D0N14" name="p24" srcActor="D0N10"/>
            <port dstActor="D0N31" name="p25" srcActor="D0N10"/>
            <port dstActor="D0N25" name="p26" srcActor="D0N12"/>
            <port dstActor="D0N42" name="p27" srcActor="D0N12"/>
            <port dstActor="D0N27" name="p28" srcActor="D0N12"/>
            <port dstActor="D0N37" name="p29" srcActor="D0N12"/>
            <port dstActor="D0N48" name="p30" srcActor="D0N12"/>
            <port dstActor="D0N40" name="p31" srcActor="D0N6"/>
            <port dstActor="D0N46" name="p32" srcActor="D0N6"/>
            <port dstActor="D0N37" name="p33" srcActor="D0N6"/>
            <port dstActor="D0N45" name="p34" srcActor="D0N6"/>
            <port dstActor="D0N43" name="p35" srcActor="D0N9"/>
            <port dstActor="D0N38" name="p36" srcActor="D0N9"/>
            <port dstActor="D0N25" name="p37" srcActor="D0N9"/>
            <port dstActor="D0N35" name="p38" srcActor="D0N9"/>
            <port dstActor="D0N31" name="p39" srcActor="D0N22"/>
            <port dstActor="D0N46" name="p40" srcActor="D0N22"/>
            <port dstActor="D0N35" name="p41" srcActor="D0N29"/>
            <port dstActor="D0N36" name="p42" srcActor="D0N29"/>
            <port dstActor="D0N42" name="p43" srcActor="D0N29"/>
            <port dstActor="D0N41" name="p44" srcActor="D0N18"/>
            <port dstActor="D0N21" name="p45" srcActor="D0N18"/>
            <port dstActor="D0N42" name="p46" srcActor="D0N5"/>
            <port dstActor="D0N9" name="p47" srcActor="D0N8"/>
            <port dstActor="D0N38" name="p48" srcActor="D0N8"/>
            <port dstActor="D0N10" name="p49" srcActor="D0N8"/>
            <port dstActor="D0N34" name="p50" srcActor="D0N8"/>
            <port dstActor="D0N27" name="p51" srcActor="D0N16"/>
            <port dstActor="D0N20" name="p52" srcActor="D0N16"/>
            <port dstActor="D0N47" name="p53" srcActor="D0N17"/>
            <port dstActor="D0N40" name="p54" srcActor="D0N17"/>
            <port dstActor="D0N44" name="p55" srcActor="D0N17"/>
            <port dstActor="D0N42" name="p56" srcActor="D0N17"/>
            <port dstActor="D0N24" name="p57" srcActor="D0N4"/>
            <port dstActor="D0N28" name="p58" srcActor="D0N4"/>
            <port dstActor="D0N36" name="p59" srcActor="D0N4"/>
            <port dstActor="D0N7" name="p60" srcActor="D0N4"/>
            <port dstActor="D0N35" name="p61" srcActor="D0N4"/>
            <port dstActor="D0N34" name="p62" srcActor="D0N4"/>
            <port dstActor="D0N40" name="p63" srcActor="D0N38"/>
            <port dstActor="D0N48" name="p64" srcActor="D0N24"/>
            <port dstActor="D0N27" name="p65" srcActor="D0N24"/>
            <port dstActor="D0N30" name="p66" srcActor="D0N24"/>
            <port dstActor="D0N33" name="p67" srcActor="D0N28"/>
            <port dstActor="D0N44" name="p68" srcActor="D0N40"/>
            <port dstActor="D0N48" name="p69" srcActor="D0N40"/>
            <port dstActor="D0N47" name="p70" srcActor="D0N30"/>
            <port dstActor="D0N42" name="p71" srcActor="D0N15"/>
            <port dstActor="D0N39" name="p72" srcActor="D0N1"/>
            <port dstActor="D0N15" name="p73" srcActor="D0N1"/>
            <port dstActor="D0N29" name="p74" srcActor="D0N1"/>
            <port dstActor="D0N14" name="p75" srcActor="D0N1"/>
            <port dstActor="D0N44" name="p76" srcActor="D0N27"/>
            <port dstActor="D0N39" name="p77" srcActor="D0N27"/>
            <port dstActor="D0N24" name="p78" srcActor="D0N14"/>
            <port dstActor="D0N15" name="p79" srcActor="D0N14"/>
            <port dstActor="D0N45" name="p80" srcActor="D0N14"/>
            <port dstActor="D0N48" name="p81" srcActor="D0N14"/>
            <port dstActor="D0N34" name="p82" srcActor="D0N0"/>
            <port dstActor="D0N16" name="p83" srcActor="D0N0"/>
            <port dstActor="D0N39" name="p84" srcActor="D0N3"/>
            <port dstActor="D0N35" name="p85" srcActor="D0N3"/>
            <port dstActor="D0N37" name="p86" srcActor="D0N23"/>
            <port dstActor="D0N37" name="p87" srcActor="D0N33"/>
            <port dstActor="D0N34" name="p88" srcActor="D0N33"/>
            <port dstActor="D0N24" name="p89" srcActor="D0N7"/>
            <port dstActor="D0N46" name="p90" srcActor="D0N7"/>
            <port dstActor="D0N44" name="p91" srcActor="D0N32"/>
            <port dstActor="D0N43" name="p92" srcActor="D0N32"/>
            <port dstActor="D0N42" name="p93" srcActor="D0N32"/>
            <port dstActor="D0N36" name="p94" srcActor="D0N32"/>
            <port dstActor="D0N41" name="p95" srcActor="D0N32"/>
            <port dstActor="D0N38" name="p96" srcActor="D0N2"/>
            <port dstActor="D0N31" name="p97" srcActor="D0N2"/>
            <port dstActor="D0N43" name="p98" srcActor="D0N2"/>
            <port dstActor="D0N48" name="p99" srcActor="D0N35"/>
            <port dstActor="D0N43" name="p100" srcActor="D0N35"/>
            <port dstActor="D0N21" name="p101" srcActor="D0N13"/>
            <port dstActor="D0N44" name="p102" srcActor="D0N13"/>
            <port dstActor="D0N43" name="p103" srcActor="D0N13"/>
        </ports>
    </mcdag>
    <cores number="3"/>
    <levels number="2"/>
</mcsystem>
