<?xml version="1.0" encoding="UTF-8" standalone="no"?>
<mcsystem>
    <mcdag deadline="2200" name="genned-0-ed-10.0-0">
        <actor name="D0N41">
            <wcet number="0">10</wcet>
            <wcet number="1">10</wcet>
            <maxpow number="0.6056795752634819"/>
            <maxpow number="0.6056795752634819"/>
            <fprob>0.0</fprob>
        </actor>
        <actor name="D0N40">
            <wcet number="0">30</wcet>
            <wcet number="1">40</wcet>
            <maxpow number="1.1819074762694692"/>
            <maxpow number="1.1819074762694692"/>
            <fprob>0.0</fprob>
        </actor>
        <actor name="D0N12">
            <wcet number="0">40</wcet>
            <wcet number="1">50</wcet>
            <maxpow number="0.4576384318565272"/>
            <maxpow number="0.4576384318565272"/>
            <fprob>0.0</fprob>
        </actor>
        <actor name="D0N35">
            <wcet number="0">20</wcet>
            <wcet number="1">50</wcet>
            <maxpow number="0.433323503192719"/>
            <maxpow number="0.433323503192719"/>
            <fprob>0.0</fprob>
        </actor>
        <actor name="D0N21">
            <wcet number="0">30</wcet>
            <wcet number="1">30</wcet>
            <maxpow number="0.50543975784017"/>
            <maxpow number="0.50543975784017"/>
            <fprob>0.0</fprob>
        </actor>
        <actor name="D0N2">
            <wcet number="0">40</wcet>
            <wcet number="1">60</wcet>
            <maxpow number="0.4271824137564262"/>
            <maxpow number="0.4271824137564262"/>
            <fprob>0.0</fprob>
        </actor>
        <actor name="D0N36">
            <wcet number="0">70</wcet>
            <wcet number="1">130</wcet>
            <maxpow number="0.7354269312434559"/>
            <maxpow number="0.7354269312434559"/>
            <fprob>0.0</fprob>
        </actor>
        <actor name="D0N23">
            <wcet number="0">60</wcet>
            <wcet number="1">200</wcet>
            <maxpow number="0.5771142910938508"/>
            <maxpow number="0.5771142910938508"/>
            <fprob>0.0</fprob>
        </actor>
        <actor name="D0N47">
            <wcet number="0">70</wcet>
            <wcet number="1">310</wcet>
            <maxpow number="0.4113935200601929"/>
            <maxpow number="0.4113935200601929"/>
            <fprob>0.0</fprob>
        </actor>
        <actor name="D0N5">
            <wcet number="0">30</wcet>
            <wcet number="1">70</wcet>
            <maxpow number="0.3819597029220182"/>
            <maxpow number="0.3819597029220182"/>
            <fprob>0.0</fprob>
        </actor>
        <actor name="D0N18">
            <wcet number="0">330</wcet>
            <wcet number="1">330</wcet>
            <maxpow number="0.6490309313847624"/>
            <maxpow number="0.6490309313847624"/>
            <fprob>0.0</fprob>
        </actor>
        <actor name="D0N19">
            <wcet number="0">70</wcet>
            <wcet number="1">90</wcet>
            <maxpow number="0.3647495807299156"/>
            <maxpow number="0.3647495807299156"/>
            <fprob>0.0</fprob>
        </actor>
        <actor name="D0N25">
            <wcet number="0">20</wcet>
            <wcet number="1">40</wcet>
            <maxpow number="0.5837653033673933"/>
            <maxpow number="0.5837653033673933"/>
            <fprob>0.0</fprob>
        </actor>
        <actor name="D0N13">
            <wcet number="0">30</wcet>
            <wcet number="1">60</wcet>
            <maxpow number="0.6704128976863118"/>
            <maxpow number="0.6704128976863118"/>
            <fprob>0.0</fprob>
        </actor>
        <actor name="D0N44">
            <wcet number="0">50</wcet>
            <wcet number="1">110</wcet>
            <maxpow number="0.31233253529077426"/>
            <maxpow number="0.31233253529077426"/>
            <fprob>0.0</fprob>
        </actor>
        <actor name="D0N28">
            <wcet number="0">270</wcet>
            <wcet number="1">320</wcet>
            <maxpow number="0.6391216124161907"/>
            <maxpow number="0.6391216124161907"/>
            <fprob>0.0</fprob>
        </actor>
        <actor name="D0N43">
            <wcet number="0">30</wcet>
            <wcet number="1">40</wcet>
            <maxpow number="0.8564033816431955"/>
            <maxpow number="0.8564033816431955"/>
            <fprob>0.0</fprob>
        </actor>
        <actor name="D0N34">
            <wcet number="0">70</wcet>
            <wcet number="1">130</wcet>
            <maxpow number="0.28386095678098094"/>
            <maxpow number="0.28386095678098094"/>
            <fprob>0.0</fprob>
        </actor>
        <actor name="D0N14">
            <wcet number="0">80</wcet>
            <wcet number="1">160</wcet>
            <maxpow number="0.4720414289492428"/>
            <maxpow number="0.4720414289492428"/>
            <fprob>0.0</fprob>
        </actor>
        <actor name="D0N27">
            <wcet number="0">70</wcet>
            <wcet number="1">130</wcet>
            <maxpow number="0.4632116523236016"/>
            <maxpow number="0.4632116523236016"/>
            <fprob>0.0</fprob>
        </actor>
        <actor name="D0N11">
            <wcet number="0">60</wcet>
            <wcet number="1">90</wcet>
            <maxpow number="0.6567291973614283"/>
            <maxpow number="0.6567291973614283"/>
            <fprob>0.0</fprob>
        </actor>
        <actor name="D0N26">
            <wcet number="0">10</wcet>
            <wcet number="1">40</wcet>
            <maxpow number="0.5728149310133398"/>
            <maxpow number="0.5728149310133398"/>
            <fprob>0.0</fprob>
        </actor>
        <actor name="D0N4">
            <wcet number="0">40</wcet>
            <wcet number="1">120</wcet>
            <maxpow number="0.5288805952856686"/>
            <maxpow number="0.5288805952856686"/>
            <fprob>0.0</fprob>
        </actor>
        <actor name="D0N30">
            <wcet number="0">10</wcet>
            <wcet number="1">20</wcet>
            <maxpow number="0.6265895743080999"/>
            <maxpow number="0.6265895743080999"/>
            <fprob>0.0</fprob>
        </actor>
        <actor name="D0N10">
            <wcet number="0">10</wcet>
            <wcet number="1">170</wcet>
            <maxpow number="0.4694145232810943"/>
            <maxpow number="0.4694145232810943"/>
            <fprob>0.0</fprob>
        </actor>
        <actor name="D0N38">
            <wcet number="0">140</wcet>
            <wcet number="1">160</wcet>
            <maxpow number="0.43432056898626037"/>
            <maxpow number="0.43432056898626037"/>
            <fprob>0.0</fprob>
        </actor>
        <actor name="D0N48">
            <wcet number="0">20</wcet>
            <wcet number="1">110</wcet>
            <maxpow number="0.46906927823510947"/>
            <maxpow number="0.46906927823510947"/>
            <fprob>0.0</fprob>
        </actor>
        <actor name="D0N49">
            <wcet number="0">20</wcet>
            <wcet number="1">120</wcet>
            <maxpow number="0.6219710399670956"/>
            <maxpow number="0.6219710399670956"/>
            <fprob>0.0</fprob>
        </actor>
        <actor name="D0N0">
            <wcet number="0">70</wcet>
            <wcet number="1">120</wcet>
            <maxpow number="0.6868905406342329"/>
            <maxpow number="0.6868905406342329"/>
            <fprob>0.0</fprob>
        </actor>
        <actor name="D0N7">
            <wcet number="0">70</wcet>
            <wcet number="1">70</wcet>
            <maxpow number="0.6200538027542751"/>
            <maxpow number="0.6200538027542751"/>
            <fprob>0.0</fprob>
        </actor>
        <actor name="D0N45">
            <wcet number="0">60</wcet>
            <wcet number="1">70</wcet>
            <maxpow number="0.6604429161161312"/>
            <maxpow number="0.6604429161161312"/>
            <fprob>0.0</fprob>
        </actor>
        <actor name="D0N15">
            <wcet number="0">40</wcet>
            <wcet number="1">160</wcet>
            <maxpow number="0.39990051065640664"/>
            <maxpow number="0.39990051065640664"/>
            <fprob>0.0</fprob>
        </actor>
        <actor name="D0N42">
            <wcet number="0">10</wcet>
            <wcet number="1">40</wcet>
            <maxpow number="0.8048807888560784"/>
            <maxpow number="0.8048807888560784"/>
            <fprob>0.0</fprob>
        </actor>
        <actor name="D0N16">
            <wcet number="0">10</wcet>
            <wcet number="1">30</wcet>
            <maxpow number="0.45224413867838265"/>
            <maxpow number="0.45224413867838265"/>
            <fprob>0.0</fprob>
        </actor>
        <actor name="D0N8">
            <wcet number="0">60</wcet>
            <wcet number="1">190</wcet>
            <maxpow number="0.3419166055761692"/>
            <maxpow number="0.3419166055761692"/>
            <fprob>0.0</fprob>
        </actor>
        <actor name="D0N31">
            <wcet number="0">10</wcet>
            <wcet number="1">10</wcet>
            <maxpow number="0.3588807326112869"/>
            <maxpow number="0.3588807326112869"/>
            <fprob>0.0</fprob>
        </actor>
        <actor name="D0N29">
            <wcet number="0">20</wcet>
            <wcet number="1">20</wcet>
            <maxpow number="1.0444190346441489"/>
            <maxpow number="1.0444190346441489"/>
            <fprob>0.0</fprob>
        </actor>
        <actor name="D0N6">
            <wcet number="0">190</wcet>
            <wcet number="1">270</wcet>
            <maxpow number="0.6810147426799671"/>
            <maxpow number="0.6810147426799671"/>
            <fprob>0.0</fprob>
        </actor>
        <actor name="D0N1">
            <wcet number="0">330</wcet>
            <wcet number="1">460</wcet>
            <maxpow number="0.5921899961491839"/>
            <maxpow number="0.5921899961491839"/>
            <fprob>0.0</fprob>
        </actor>
        <actor name="D0N3">
            <wcet number="0">170</wcet>
            <wcet number="1">170</wcet>
            <maxpow number="0.781160062530748"/>
            <maxpow number="0.781160062530748"/>
            <fprob>0.0</fprob>
        </actor>
        <actor name="D0N39">
            <wcet number="0">20</wcet>
            <wcet number="1">80</wcet>
            <maxpow number="0.405388908926677"/>
            <maxpow number="0.405388908926677"/>
            <fprob>0.0</fprob>
        </actor>
        <actor name="D0N33">
            <wcet number="0">10</wcet>
            <wcet number="1">20</wcet>
            <maxpow number="0.6612764183162987"/>
            <maxpow number="0.6612764183162987"/>
            <fprob>0.0</fprob>
        </actor>
        <actor name="D0N20">
            <wcet number="0">90</wcet>
            <wcet number="1">160</wcet>
            <maxpow number="0.6190021187644975"/>
            <maxpow number="0.6190021187644975"/>
            <fprob>0.0</fprob>
        </actor>
        <actor name="D0N32">
            <wcet number="0">320</wcet>
            <wcet number="1">410</wcet>
            <maxpow number="1.1174918945771144"/>
            <maxpow number="1.1174918945771144"/>
            <fprob>0.0</fprob>
        </actor>
        <actor name="D0N17">
            <wcet number="0">100</wcet>
            <wcet number="1">100</wcet>
            <maxpow number="0.5944067683237846"/>
            <maxpow number="0.5944067683237846"/>
            <fprob>0.0</fprob>
        </actor>
        <actor name="D0N46">
            <wcet number="0">20</wcet>
            <wcet number="1">20</wcet>
            <maxpow number="0.7600849548385379"/>
            <maxpow number="0.7600849548385379"/>
            <fprob>0.0</fprob>
        </actor>
        <actor name="D0N37">
            <wcet number="0">10</wcet>
            <wcet number="1">30</wcet>
            <maxpow number="0.6159087715055608"/>
            <maxpow number="0.6159087715055608"/>
            <fprob>0.0</fprob>
        </actor>
        <actor name="D0N9">
            <wcet number="0">40</wcet>
            <wcet number="1">150</wcet>
            <maxpow number="0.2396800701443978"/>
            <maxpow number="0.2396800701443978"/>
            <fprob>0.0</fprob>
        </actor>
        <actor name="D0N22">
            <wcet number="0">140</wcet>
            <wcet number="1">150</wcet>
            <maxpow number="0.5487827425708652"/>
            <maxpow number="0.5487827425708652"/>
            <fprob>0.0</fprob>
        </actor>
        <actor name="D0N24">
            <wcet number="0">10</wcet>
            <wcet number="1">20</wcet>
            <maxpow number="0.4494796350461268"/>
            <maxpow number="0.4494796350461268"/>
            <fprob>0.0</fprob>
        </actor>
        <ports>
            <port dstActor="D0N42" name="p0" srcActor="D0N41"/>
            <port dstActor="D0N49" name="p1" srcActor="D0N12"/>
            <port dstActor="D0N19" name="p2" srcActor="D0N12"/>
            <port dstActor="D0N22" name="p3" srcActor="D0N12"/>
            <port dstActor="D0N47" name="p4" srcActor="D0N12"/>
            <port dstActor="D0N21" name="p5" srcActor="D0N12"/>
            <port dstActor="D0N38" name="p6" srcActor="D0N12"/>
            <port dstActor="D0N15" name="p7" srcActor="D0N12"/>
            <port dstActor="D0N46" name="p8" srcActor="D0N35"/>
            <port dstActor="D0N22" name="p9" srcActor="D0N21"/>
            <port dstActor="D0N41" name="p10" srcActor="D0N21"/>
            <port dstActor="D0N43" name="p11" srcActor="D0N21"/>
            <port dstActor="D0N32" name="p12" srcActor="D0N21"/>
            <port dstActor="D0N25" name="p13" srcActor="D0N2"/>
            <port dstActor="D0N41" name="p14" srcActor="D0N36"/>
            <port dstActor="D0N37" name="p15" srcActor="D0N36"/>
            <port dstActor="D0N45" name="p16" srcActor="D0N36"/>
            <port dstActor="D0N39" name="p17" srcActor="D0N23"/>
            <port dstActor="D0N37" name="p18" srcActor="D0N23"/>
            <port dstActor="D0N35" name="p19" srcActor="D0N23"/>
            <port dstActor="D0N41" name="p20" srcActor="D0N5"/>
            <port dstActor="D0N32" name="p21" srcActor="D0N5"/>
            <port dstActor="D0N40" name="p22" srcActor="D0N5"/>
            <port dstActor="D0N42" name="p23" srcActor="D0N18"/>
            <port dstActor="D0N35" name="p24" srcActor="D0N18"/>
            <port dstActor="D0N21" name="p25" srcActor="D0N19"/>
            <port dstActor="D0N48" name="p26" srcActor="D0N19"/>
            <port dstActor="D0N22" name="p27" srcActor="D0N19"/>
            <port dstActor="D0N37" name="p28" srcActor="D0N19"/>
            <port dstActor="D0N44" name="p29" srcActor="D0N25"/>
            <port dstActor="D0N14" name="p30" srcActor="D0N13"/>
            <port dstActor="D0N48" name="p31" srcActor="D0N13"/>
            <port dstActor="D0N42" name="p32" srcActor="D0N28"/>
            <port dstActor="D0N33" name="p33" srcActor="D0N28"/>
            <port dstActor="D0N35" name="p34" srcActor="D0N28"/>
            <port dstActor="D0N29" name="p35" srcActor="D0N28"/>
            <port dstActor="D0N45" name="p36" srcActor="D0N28"/>
            <port dstActor="D0N43" name="p37" srcActor="D0N28"/>
            <port dstActor="D0N47" name="p38" srcActor="D0N28"/>
            <port dstActor="D0N47" name="p39" srcActor="D0N43"/>
            <port dstActor="D0N48" name="p40" srcActor="D0N43"/>
            <port dstActor="D0N19" name="p41" srcActor="D0N14"/>
            <port dstActor="D0N45" name="p42" srcActor="D0N27"/>
            <port dstActor="D0N36" name="p43" srcActor="D0N27"/>
            <port dstActor="D0N33" name="p44" srcActor="D0N27"/>
            <port dstActor="D0N44" name="p45" srcActor="D0N11"/>
            <port dstActor="D0N25" name="p46" srcActor="D0N11"/>
            <port dstActor="D0N14" name="p47" srcActor="D0N11"/>
            <port dstActor="D0N47" name="p48" srcActor="D0N11"/>
            <port dstActor="D0N19" name="p49" srcActor="D0N11"/>
            <port dstActor="D0N28" name="p50" srcActor="D0N11"/>
            <port dstActor="D0N49" name="p51" srcActor="D0N26"/>
            <port dstActor="D0N42" name="p52" srcActor="D0N26"/>
            <port dstActor="D0N39" name="p53" srcActor="D0N4"/>
            <port dstActor="D0N16" name="p54" srcActor="D0N4"/>
            <port dstActor="D0N47" name="p55" srcActor="D0N4"/>
            <port dstActor="D0N33" name="p56" srcActor="D0N4"/>
            <port dstActor="D0N42" name="p57" srcActor="D0N4"/>
            <port dstActor="D0N10" name="p58" srcActor="D0N4"/>
            <port dstActor="D0N49" name="p59" srcActor="D0N38"/>
            <port dstActor="D0N46" name="p60" srcActor="D0N38"/>
            <port dstActor="D0N48" name="p61" srcActor="D0N38"/>
            <port dstActor="D0N42" name="p62" srcActor="D0N0"/>
            <port dstActor="D0N10" name="p63" srcActor="D0N0"/>
            <port dstActor="D0N30" name="p64" srcActor="D0N0"/>
            <port dstActor="D0N16" name="p65" srcActor="D0N7"/>
            <port dstActor="D0N40" name="p66" srcActor="D0N7"/>
            <port dstActor="D0N39" name="p67" srcActor="D0N7"/>
            <port dstActor="D0N42" name="p68" srcActor="D0N7"/>
            <port dstActor="D0N11" name="p69" srcActor="D0N7"/>
            <port dstActor="D0N30" name="p70" srcActor="D0N7"/>
            <port dstActor="D0N19" name="p71" srcActor="D0N7"/>
            <port dstActor="D0N46" name="p72" srcActor="D0N7"/>
            <port dstActor="D0N24" name="p73" srcActor="D0N15"/>
            <port dstActor="D0N49" name="p74" srcActor="D0N15"/>
            <port dstActor="D0N20" name="p75" srcActor="D0N15"/>
            <port dstActor="D0N26" name="p76" srcActor="D0N15"/>
            <port dstActor="D0N34" name="p77" srcActor="D0N15"/>
            <port dstActor="D0N27" name="p78" srcActor="D0N15"/>
            <port dstActor="D0N42" name="p79" srcActor="D0N16"/>
            <port dstActor="D0N22" name="p80" srcActor="D0N16"/>
            <port dstActor="D0N25" name="p81" srcActor="D0N8"/>
            <port dstActor="D0N32" name="p82" srcActor="D0N8"/>
            <port dstActor="D0N39" name="p83" srcActor="D0N8"/>
            <port dstActor="D0N35" name="p84" srcActor="D0N8"/>
            <port dstActor="D0N10" name="p85" srcActor="D0N8"/>
            <port dstActor="D0N33" name="p86" srcActor="D0N31"/>
            <port dstActor="D0N32" name="p87" srcActor="D0N31"/>
            <port dstActor="D0N40" name="p88" srcActor="D0N31"/>
            <port dstActor="D0N35" name="p89" srcActor="D0N29"/>
            <port dstActor="D0N43" name="p90" srcActor="D0N6"/>
            <port dstActor="D0N49" name="p91" srcActor="D0N1"/>
            <port dstActor="D0N46" name="p92" srcActor="D0N1"/>
            <port dstActor="D0N12" name="p93" srcActor="D0N1"/>
            <port dstActor="D0N41" name="p94" srcActor="D0N1"/>
            <port dstActor="D0N45" name="p95" srcActor="D0N1"/>
            <port dstActor="D0N8" name="p96" srcActor="D0N1"/>
            <port dstActor="D0N34" name="p97" srcActor="D0N1"/>
            <port dstActor="D0N13" name="p98" srcActor="D0N1"/>
            <port dstActor="D0N33" name="p99" srcActor="D0N3"/>
            <port dstActor="D0N23" name="p100" srcActor="D0N3"/>
            <port dstActor="D0N29" name="p101" srcActor="D0N3"/>
            <port dstActor="D0N40" name="p102" srcActor="D0N3"/>
            <port dstActor="D0N9" name="p103" srcActor="D0N3"/>
            <port dstActor="D0N47" name="p104" srcActor="D0N33"/>
            <port dstActor="D0N39" name="p105" srcActor="D0N33"/>
            <port dstActor="D0N39" name="p106" srcActor="D0N20"/>
            <port dstActor="D0N32" name="p107" srcActor="D0N20"/>
            <port dstActor="D0N28" name="p108" srcActor="D0N20"/>
            <port dstActor="D0N34" name="p109" srcActor="D0N20"/>
            <port dstActor="D0N45" name="p110" srcActor="D0N32"/>
            <port dstActor="D0N22" name="p111" srcActor="D0N17"/>
            <port dstActor="D0N35" name="p112" srcActor="D0N17"/>
            <port dstActor="D0N41" name="p113" srcActor="D0N17"/>
            <port dstActor="D0N44" name="p114" srcActor="D0N37"/>
            <port dstActor="D0N45" name="p115" srcActor="D0N37"/>
            <port dstActor="D0N11" name="p116" srcActor="D0N9"/>
            <port dstActor="D0N15" name="p117" srcActor="D0N9"/>
            <port dstActor="D0N17" name="p118" srcActor="D0N9"/>
            <port dstActor="D0N34" name="p119" srcActor="D0N9"/>
            <port dstActor="D0N32" name="p120" srcActor="D0N22"/>
            <port dstActor="D0N42" name="p121" srcActor="D0N24"/>
            <port dstActor="D0N35" name="p122" srcActor="D0N24"/>
            <port dstActor="D0N29" name="p123" srcActor="D0N24"/>
        </ports>
    </mcdag>
    <cores number="3"/>
    <levels number="2"/>
</mcsystem>
