<?xml version="1.0" encoding="UTF-8" standalone="no"?>
<mcsystem>
    <mcdag deadline="1500" name="genned-0-ed-10.0-0">
        <actor name="D0N9">
            <wcet number="0">40</wcet>
            <wcet number="1">50</wcet>
            <maxpow number="0.40186881804315633"/>
            <maxpow number="0.40186881804315633"/>
            <fprob>0.0</fprob>
        </actor>
        <actor name="D0N17">
            <wcet number="0">130</wcet>
            <wcet number="1">170</wcet>
            <maxpow number="0.46476890250621833"/>
            <maxpow number="0.46476890250621833"/>
            <fprob>0.0</fprob>
        </actor>
        <actor name="D0N23">
            <wcet number="0">20</wcet>
            <wcet number="1">20</wcet>
            <maxpow number="0.6527692244728607"/>
            <maxpow number="0.6527692244728607"/>
            <fprob>0.0</fprob>
        </actor>
        <actor name="D0N4">
            <wcet number="0">10</wcet>
            <wcet number="1">10</wcet>
            <maxpow number="0.44006863549208713"/>
            <maxpow number="0.44006863549208713"/>
            <fprob>0.0</fprob>
        </actor>
        <actor name="D0N10">
            <wcet number="0">100</wcet>
            <wcet number="1">100</wcet>
            <maxpow number="0.5749689883877289"/>
            <maxpow number="0.5749689883877289"/>
            <fprob>0.0</fprob>
        </actor>
        <actor name="D0N11">
            <wcet number="0">30</wcet>
            <wcet number="1">30</wcet>
            <maxpow number="0.24684101308308498"/>
            <maxpow number="0.24684101308308498"/>
            <fprob>0.0</fprob>
        </actor>
        <actor name="D0N18">
            <wcet number="0">20</wcet>
            <wcet number="1">30</wcet>
            <maxpow number="0.6335311772722676"/>
            <maxpow number="0.6335311772722676"/>
            <fprob>0.0</fprob>
        </actor>
        <actor name="D0N30">
            <wcet number="0">10</wcet>
            <wcet number="1">50</wcet>
            <maxpow number="0.5614104512535397"/>
            <maxpow number="0.5614104512535397"/>
            <fprob>0.0</fprob>
        </actor>
        <actor name="D0N41">
            <wcet number="0">10</wcet>
            <wcet number="1">10</wcet>
            <maxpow number="0.500732120682195"/>
            <maxpow number="0.500732120682195"/>
            <fprob>0.0</fprob>
        </actor>
        <actor name="D0N20">
            <wcet number="0">30</wcet>
            <wcet number="1">90</wcet>
            <maxpow number="0.7017852274804116"/>
            <maxpow number="0.7017852274804116"/>
            <fprob>0.0</fprob>
        </actor>
        <actor name="D0N6">
            <wcet number="0">20</wcet>
            <wcet number="1">20</wcet>
            <maxpow number="0.47674417095552324"/>
            <maxpow number="0.47674417095552324"/>
            <fprob>0.0</fprob>
        </actor>
        <actor name="D0N45">
            <wcet number="0">20</wcet>
            <wcet number="1">20</wcet>
            <maxpow number="0.4392580906590435"/>
            <maxpow number="0.4392580906590435"/>
            <fprob>0.0</fprob>
        </actor>
        <actor name="D0N7">
            <wcet number="0">20</wcet>
            <wcet number="1">20</wcet>
            <maxpow number="0.3416528497329885"/>
            <maxpow number="0.3416528497329885"/>
            <fprob>0.0</fprob>
        </actor>
        <actor name="D0N42">
            <wcet number="0">10</wcet>
            <wcet number="1">20</wcet>
            <maxpow number="0.5473384696901881"/>
            <maxpow number="0.5473384696901881"/>
            <fprob>0.0</fprob>
        </actor>
        <actor name="D0N8">
            <wcet number="0">50</wcet>
            <wcet number="1">130</wcet>
            <maxpow number="0.3825843367606669"/>
            <maxpow number="0.3825843367606669"/>
            <fprob>0.0</fprob>
        </actor>
        <actor name="D0N19">
            <wcet number="0">40</wcet>
            <wcet number="1">50</wcet>
            <maxpow number="0.4457844118704625"/>
            <maxpow number="0.4457844118704625"/>
            <fprob>0.0</fprob>
        </actor>
        <actor name="D0N44">
            <wcet number="0">40</wcet>
            <wcet number="1">100</wcet>
            <maxpow number="0.6184365035323054"/>
            <maxpow number="0.6184365035323054"/>
            <fprob>0.0</fprob>
        </actor>
        <actor name="D0N26">
            <wcet number="0">10</wcet>
            <wcet number="1">10</wcet>
            <maxpow number="0.11584922359974587"/>
            <maxpow number="0.11584922359974587"/>
            <fprob>0.0</fprob>
        </actor>
        <actor name="D0N36">
            <wcet number="0">280</wcet>
            <wcet number="1">330</wcet>
            <maxpow number="0.4928683713644266"/>
            <maxpow number="0.4928683713644266"/>
            <fprob>0.0</fprob>
        </actor>
        <actor name="D0N43">
            <wcet number="0">90</wcet>
            <wcet number="1">100</wcet>
            <maxpow number="0.7260035207995501"/>
            <maxpow number="0.7260035207995501"/>
            <fprob>0.0</fprob>
        </actor>
        <actor name="D0N21">
            <wcet number="0">80</wcet>
            <wcet number="1">100</wcet>
            <maxpow number="0.6529551430771767"/>
            <maxpow number="0.6529551430771767"/>
            <fprob>0.0</fprob>
        </actor>
        <actor name="D0N25">
            <wcet number="0">10</wcet>
            <wcet number="1">10</wcet>
            <maxpow number="0.5997020865596807"/>
            <maxpow number="0.5997020865596807"/>
            <fprob>0.0</fprob>
        </actor>
        <actor name="D0N22">
            <wcet number="0">30</wcet>
            <wcet number="1">140</wcet>
            <maxpow number="0.6487356996971912"/>
            <maxpow number="0.6487356996971912"/>
            <fprob>0.0</fprob>
        </actor>
        <actor name="D0N37">
            <wcet number="0">10</wcet>
            <wcet number="1">10</wcet>
            <maxpow number="0.43687347173687213"/>
            <maxpow number="0.43687347173687213"/>
            <fprob>0.0</fprob>
        </actor>
        <actor name="D0N15">
            <wcet number="0">50</wcet>
            <wcet number="1">60</wcet>
            <maxpow number="0.3799853983166714"/>
            <maxpow number="0.3799853983166714"/>
            <fprob>0.0</fprob>
        </actor>
        <actor name="D0N24">
            <wcet number="0">80</wcet>
            <wcet number="1">110</wcet>
            <maxpow number="0.48577543588053773"/>
            <maxpow number="0.48577543588053773"/>
            <fprob>0.0</fprob>
        </actor>
        <actor name="D0N27">
            <wcet number="0">70</wcet>
            <wcet number="1">130</wcet>
            <maxpow number="0.713517846084671"/>
            <maxpow number="0.713517846084671"/>
            <fprob>0.0</fprob>
        </actor>
        <actor name="D0N39">
            <wcet number="0">30</wcet>
            <wcet number="1">90</wcet>
            <maxpow number="0.661513782454977"/>
            <maxpow number="0.661513782454977"/>
            <fprob>0.0</fprob>
        </actor>
        <actor name="D0N38">
            <wcet number="0">10</wcet>
            <wcet number="1">10</wcet>
            <maxpow number="0.294941669352722"/>
            <maxpow number="0.294941669352722"/>
            <fprob>0.0</fprob>
        </actor>
        <actor name="D0N40">
            <wcet number="0">80</wcet>
            <wcet number="1">100</wcet>
            <maxpow number="0.41745671801270595"/>
            <maxpow number="0.41745671801270595"/>
            <fprob>0.0</fprob>
        </actor>
        <actor name="D0N29">
            <wcet number="0">10</wcet>
            <wcet number="1">10</wcet>
            <maxpow number="0.38489102406788633"/>
            <maxpow number="0.38489102406788633"/>
            <fprob>0.0</fprob>
        </actor>
        <actor name="D0N2">
            <wcet number="0">40</wcet>
            <wcet number="1">70</wcet>
            <maxpow number="0.6314027207955943"/>
            <maxpow number="0.6314027207955943"/>
            <fprob>0.0</fprob>
        </actor>
        <actor name="D0N0">
            <wcet number="0">170</wcet>
            <wcet number="1">230</wcet>
            <maxpow number="0.523392573647312"/>
            <maxpow number="0.523392573647312"/>
            <fprob>0.0</fprob>
        </actor>
        <actor name="D0N32">
            <wcet number="0">140</wcet>
            <wcet number="1">220</wcet>
            <maxpow number="0.6201475592765836"/>
            <maxpow number="0.6201475592765836"/>
            <fprob>0.0</fprob>
        </actor>
        <actor name="D0N14">
            <wcet number="0">120</wcet>
            <wcet number="1">170</wcet>
            <maxpow number="0.4154866408479799"/>
            <maxpow number="0.4154866408479799"/>
            <fprob>0.0</fprob>
        </actor>
        <actor name="D0N16">
            <wcet number="0">100</wcet>
            <wcet number="1">190</wcet>
            <maxpow number="0.8457623698308459"/>
            <maxpow number="0.8457623698308459"/>
            <fprob>0.0</fprob>
        </actor>
        <actor name="D0N31">
            <wcet number="0">20</wcet>
            <wcet number="1">20</wcet>
            <maxpow number="0.5615168988841944"/>
            <maxpow number="0.5615168988841944"/>
            <fprob>0.0</fprob>
        </actor>
        <actor name="D0N12">
            <wcet number="0">10</wcet>
            <wcet number="1">10</wcet>
            <maxpow number="0.2451763855324161"/>
            <maxpow number="0.2451763855324161"/>
            <fprob>0.0</fprob>
        </actor>
        <actor name="D0N13">
            <wcet number="0">20</wcet>
            <wcet number="1">20</wcet>
            <maxpow number="0.26217907344757385"/>
            <maxpow number="0.26217907344757385"/>
            <fprob>0.0</fprob>
        </actor>
        <actor name="D0N28">
            <wcet number="0">10</wcet>
            <wcet number="1">10</wcet>
            <maxpow number="0.10297250767461191"/>
            <maxpow number="0.10297250767461191"/>
            <fprob>0.0</fprob>
        </actor>
        <actor name="D0N33">
            <wcet number="0">30</wcet>
            <wcet number="1">40</wcet>
            <maxpow number="0.6284151219865624"/>
            <maxpow number="0.6284151219865624"/>
            <fprob>0.0</fprob>
        </actor>
        <actor name="D0N34">
            <wcet number="0">40</wcet>
            <wcet number="1">110</wcet>
            <maxpow number="0.7985077660199228"/>
            <maxpow number="0.7985077660199228"/>
            <fprob>0.0</fprob>
        </actor>
        <actor name="D0N1">
            <wcet number="0">20</wcet>
            <wcet number="1">40</wcet>
            <maxpow number="0.4521254800521602"/>
            <maxpow number="0.4521254800521602"/>
            <fprob>0.0</fprob>
        </actor>
        <actor name="D0N5">
            <wcet number="0">20</wcet>
            <wcet number="1">20</wcet>
            <maxpow number="0.40982258526889775"/>
            <maxpow number="0.40982258526889775"/>
            <fprob>0.0</fprob>
        </actor>
        <actor name="D0N35">
            <wcet number="0">10</wcet>
            <wcet number="1">10</wcet>
            <maxpow number="0.6538289882889252"/>
            <maxpow number="0.6538289882889252"/>
            <fprob>0.0</fprob>
        </actor>
        <actor name="D0N3">
            <wcet number="0">10</wcet>
            <wcet number="1">10</wcet>
            <maxpow number="0.7239201637052736"/>
            <maxpow number="0.7239201637052736"/>
            <fprob>0.0</fprob>
        </actor>
        <ports>
            <port dstActor="D0N26" name="p0" srcActor="D0N9"/>
            <port dstActor="D0N42" name="p1" srcActor="D0N17"/>
            <port dstActor="D0N30" name="p2" srcActor="D0N23"/>
            <port dstActor="D0N34" name="p3" srcActor="D0N23"/>
            <port dstActor="D0N40" name="p4" srcActor="D0N23"/>
            <port dstActor="D0N45" name="p5" srcActor="D0N4"/>
            <port dstActor="D0N25" name="p6" srcActor="D0N4"/>
            <port dstActor="D0N37" name="p7" srcActor="D0N4"/>
            <port dstActor="D0N33" name="p8" srcActor="D0N4"/>
            <port dstActor="D0N30" name="p9" srcActor="D0N11"/>
            <port dstActor="D0N42" name="p10" srcActor="D0N11"/>
            <port dstActor="D0N32" name="p11" srcActor="D0N11"/>
            <port dstActor="D0N15" name="p12" srcActor="D0N11"/>
            <port dstActor="D0N23" name="p13" srcActor="D0N18"/>
            <port dstActor="D0N29" name="p14" srcActor="D0N18"/>
            <port dstActor="D0N40" name="p15" srcActor="D0N20"/>
            <port dstActor="D0N42" name="p16" srcActor="D0N20"/>
            <port dstActor="D0N15" name="p17" srcActor="D0N6"/>
            <port dstActor="D0N14" name="p18" srcActor="D0N6"/>
            <port dstActor="D0N35" name="p19" srcActor="D0N6"/>
            <port dstActor="D0N41" name="p20" srcActor="D0N7"/>
            <port dstActor="D0N38" name="p21" srcActor="D0N7"/>
            <port dstActor="D0N25" name="p22" srcActor="D0N8"/>
            <port dstActor="D0N34" name="p23" srcActor="D0N8"/>
            <port dstActor="D0N38" name="p24" srcActor="D0N8"/>
            <port dstActor="D0N36" name="p25" srcActor="D0N8"/>
            <port dstActor="D0N18" name="p26" srcActor="D0N8"/>
            <port dstActor="D0N43" name="p27" srcActor="D0N8"/>
            <port dstActor="D0N24" name="p28" srcActor="D0N19"/>
            <port dstActor="D0N27" name="p29" srcActor="D0N26"/>
            <port dstActor="D0N45" name="p30" srcActor="D0N26"/>
            <port dstActor="D0N38" name="p31" srcActor="D0N26"/>
            <port dstActor="D0N41" name="p32" srcActor="D0N36"/>
            <port dstActor="D0N37" name="p33" srcActor="D0N36"/>
            <port dstActor="D0N45" name="p34" srcActor="D0N43"/>
            <port dstActor="D0N44" name="p35" srcActor="D0N43"/>
            <port dstActor="D0N24" name="p36" srcActor="D0N21"/>
            <port dstActor="D0N35" name="p37" srcActor="D0N21"/>
            <port dstActor="D0N26" name="p38" srcActor="D0N21"/>
            <port dstActor="D0N30" name="p39" srcActor="D0N25"/>
            <port dstActor="D0N26" name="p40" srcActor="D0N25"/>
            <port dstActor="D0N27" name="p41" srcActor="D0N25"/>
            <port dstActor="D0N36" name="p42" srcActor="D0N25"/>
            <port dstActor="D0N39" name="p43" srcActor="D0N25"/>
            <port dstActor="D0N30" name="p44" srcActor="D0N22"/>
            <port dstActor="D0N23" name="p45" srcActor="D0N22"/>
            <port dstActor="D0N41" name="p46" srcActor="D0N37"/>
            <port dstActor="D0N39" name="p47" srcActor="D0N37"/>
            <port dstActor="D0N36" name="p48" srcActor="D0N15"/>
            <port dstActor="D0N29" name="p49" srcActor="D0N15"/>
            <port dstActor="D0N31" name="p50" srcActor="D0N24"/>
            <port dstActor="D0N38" name="p51" srcActor="D0N24"/>
            <port dstActor="D0N43" name="p52" srcActor="D0N24"/>
            <port dstActor="D0N28" name="p53" srcActor="D0N2"/>
            <port dstActor="D0N36" name="p54" srcActor="D0N2"/>
            <port dstActor="D0N35" name="p55" srcActor="D0N0"/>
            <port dstActor="D0N45" name="p56" srcActor="D0N0"/>
            <port dstActor="D0N6" name="p57" srcActor="D0N0"/>
            <port dstActor="D0N11" name="p58" srcActor="D0N0"/>
            <port dstActor="D0N18" name="p59" srcActor="D0N0"/>
            <port dstActor="D0N43" name="p60" srcActor="D0N32"/>
            <port dstActor="D0N44" name="p61" srcActor="D0N32"/>
            <port dstActor="D0N38" name="p62" srcActor="D0N14"/>
            <port dstActor="D0N45" name="p63" srcActor="D0N14"/>
            <port dstActor="D0N31" name="p64" srcActor="D0N14"/>
            <port dstActor="D0N44" name="p65" srcActor="D0N16"/>
            <port dstActor="D0N40" name="p66" srcActor="D0N16"/>
            <port dstActor="D0N36" name="p67" srcActor="D0N12"/>
            <port dstActor="D0N19" name="p68" srcActor="D0N12"/>
            <port dstActor="D0N37" name="p69" srcActor="D0N12"/>
            <port dstActor="D0N44" name="p70" srcActor="D0N12"/>
            <port dstActor="D0N43" name="p71" srcActor="D0N13"/>
            <port dstActor="D0N36" name="p72" srcActor="D0N13"/>
            <port dstActor="D0N39" name="p73" srcActor="D0N28"/>
            <port dstActor="D0N42" name="p74" srcActor="D0N28"/>
            <port dstActor="D0N30" name="p75" srcActor="D0N28"/>
            <port dstActor="D0N44" name="p76" srcActor="D0N34"/>
            <port dstActor="D0N10" name="p77" srcActor="D0N1"/>
            <port dstActor="D0N37" name="p78" srcActor="D0N5"/>
            <port dstActor="D0N38" name="p79" srcActor="D0N5"/>
            <port dstActor="D0N14" name="p80" srcActor="D0N5"/>
            <port dstActor="D0N21" name="p81" srcActor="D0N5"/>
            <port dstActor="D0N22" name="p82" srcActor="D0N5"/>
            <port dstActor="D0N32" name="p83" srcActor="D0N5"/>
            <port dstActor="D0N36" name="p84" srcActor="D0N35"/>
            <port dstActor="D0N31" name="p85" srcActor="D0N3"/>
            <port dstActor="D0N8" name="p86" srcActor="D0N3"/>
            <port dstActor="D0N35" name="p87" srcActor="D0N3"/>
            <port dstActor="D0N7" name="p88" srcActor="D0N3"/>
            <port dstActor="D0N44" name="p89" srcActor="D0N3"/>
        </ports>
    </mcdag>
    <cores number="3"/>
    <levels number="2"/>
</mcsystem>
