<?xml version="1.0" encoding="UTF-8" standalone="no"?>
<mcsystem>
    <mcdag deadline="3000" name="genned-0-ed-10.0-0">
        <actor name="D0N19">
            <wcet number="0">160</wcet>
            <wcet number="1">180</wcet>
            <maxpow number="0.5818746087809105"/>
            <maxpow number="0.5818746087809105"/>
            <fprob>0.0</fprob>
        </actor>
        <actor name="D0N7">
            <wcet number="0">30</wcet>
            <wcet number="1">120</wcet>
            <maxpow number="0.6003163935577711"/>
            <maxpow number="0.6003163935577711"/>
            <fprob>0.0</fprob>
        </actor>
        <actor name="D0N14">
            <wcet number="0">20</wcet>
            <wcet number="1">140</wcet>
            <maxpow number="0.508608960368223"/>
            <maxpow number="0.508608960368223"/>
            <fprob>0.0</fprob>
        </actor>
        <actor name="D0N46">
            <wcet number="0">50</wcet>
            <wcet number="1">170</wcet>
            <maxpow number="0.5215383598404498"/>
            <maxpow number="0.5215383598404498"/>
            <fprob>0.0</fprob>
        </actor>
        <actor name="D0N13">
            <wcet number="0">10</wcet>
            <wcet number="1">60</wcet>
            <maxpow number="0.6245285875597705"/>
            <maxpow number="0.6245285875597705"/>
            <fprob>0.0</fprob>
        </actor>
        <actor name="D0N34">
            <wcet number="0">20</wcet>
            <wcet number="1">170</wcet>
            <maxpow number="0.7117799148596202"/>
            <maxpow number="0.7117799148596202"/>
            <fprob>0.0</fprob>
        </actor>
        <actor name="D0N6">
            <wcet number="0">30</wcet>
            <wcet number="1">40</wcet>
            <maxpow number="0.6882335323550177"/>
            <maxpow number="0.6882335323550177"/>
            <fprob>0.0</fprob>
        </actor>
        <actor name="D0N11">
            <wcet number="0">20</wcet>
            <wcet number="1">30</wcet>
            <maxpow number="0.6710499064880145"/>
            <maxpow number="0.6710499064880145"/>
            <fprob>0.0</fprob>
        </actor>
        <actor name="D0N9">
            <wcet number="0">80</wcet>
            <wcet number="1">90</wcet>
            <maxpow number="0.6284933827961204"/>
            <maxpow number="0.6284933827961204"/>
            <fprob>0.0</fprob>
        </actor>
        <actor name="D0N24">
            <wcet number="0">120</wcet>
            <wcet number="1">130</wcet>
            <maxpow number="0.8863151270693623"/>
            <maxpow number="0.8863151270693623"/>
            <fprob>0.0</fprob>
        </actor>
        <actor name="D0N40">
            <wcet number="0">30</wcet>
            <wcet number="1">50</wcet>
            <maxpow number="0.2596106620816874"/>
            <maxpow number="0.2596106620816874"/>
            <fprob>0.0</fprob>
        </actor>
        <actor name="D0N44">
            <wcet number="0">100</wcet>
            <wcet number="1">160</wcet>
            <maxpow number="0.5717426471962879"/>
            <maxpow number="0.5717426471962879"/>
            <fprob>0.0</fprob>
        </actor>
        <actor name="D0N32">
            <wcet number="0">40</wcet>
            <wcet number="1">40</wcet>
            <maxpow number="0.5185109767737942"/>
            <maxpow number="0.5185109767737942"/>
            <fprob>0.0</fprob>
        </actor>
        <actor name="D0N42">
            <wcet number="0">170</wcet>
            <wcet number="1">200</wcet>
            <maxpow number="0.5874556377365605"/>
            <maxpow number="0.5874556377365605"/>
            <fprob>0.0</fprob>
        </actor>
        <actor name="D0N21">
            <wcet number="0">50</wcet>
            <wcet number="1">60</wcet>
            <maxpow number="0.5673847871236799"/>
            <maxpow number="0.5673847871236799"/>
            <fprob>0.0</fprob>
        </actor>
        <actor name="D0N25">
            <wcet number="0">30</wcet>
            <wcet number="1">30</wcet>
            <maxpow number="0.43077748172722286"/>
            <maxpow number="0.43077748172722286"/>
            <fprob>0.0</fprob>
        </actor>
        <actor name="D0N28">
            <wcet number="0">60</wcet>
            <wcet number="1">100</wcet>
            <maxpow number="0.7520213113617045"/>
            <maxpow number="0.7520213113617045"/>
            <fprob>0.0</fprob>
        </actor>
        <actor name="D0N17">
            <wcet number="0">30</wcet>
            <wcet number="1">40</wcet>
            <maxpow number="0.38906692354767214"/>
            <maxpow number="0.38906692354767214"/>
            <fprob>0.0</fprob>
        </actor>
        <actor name="D0N35">
            <wcet number="0">140</wcet>
            <wcet number="1">180</wcet>
            <maxpow number="0.22594814738482433"/>
            <maxpow number="0.22594814738482433"/>
            <fprob>0.0</fprob>
        </actor>
        <actor name="D0N3">
            <wcet number="0">10</wcet>
            <wcet number="1">10</wcet>
            <maxpow number="0.7706922480252123"/>
            <maxpow number="0.7706922480252123"/>
            <fprob>0.0</fprob>
        </actor>
        <actor name="D0N39">
            <wcet number="0">170</wcet>
            <wcet number="1">220</wcet>
            <maxpow number="0.6089760665757067"/>
            <maxpow number="0.6089760665757067"/>
            <fprob>0.0</fprob>
        </actor>
        <actor name="D0N1">
            <wcet number="0">10</wcet>
            <wcet number="1">20</wcet>
            <maxpow number="0.770335905012738"/>
            <maxpow number="0.770335905012738"/>
            <fprob>0.0</fprob>
        </actor>
        <actor name="D0N0">
            <wcet number="0">150</wcet>
            <wcet number="1">190</wcet>
            <maxpow number="0.5624673838763371"/>
            <maxpow number="0.5624673838763371"/>
            <fprob>0.0</fprob>
        </actor>
        <actor name="D0N16">
            <wcet number="0">200</wcet>
            <wcet number="1">330</wcet>
            <maxpow number="0.4366645155633455"/>
            <maxpow number="0.4366645155633455"/>
            <fprob>0.0</fprob>
        </actor>
        <actor name="D0N23">
            <wcet number="0">70</wcet>
            <wcet number="1">300</wcet>
            <maxpow number="0.6758920965213969"/>
            <maxpow number="0.6758920965213969"/>
            <fprob>0.0</fprob>
        </actor>
        <actor name="D0N31">
            <wcet number="0">130</wcet>
            <wcet number="1">190</wcet>
            <maxpow number="0.39026476843790214"/>
            <maxpow number="0.39026476843790214"/>
            <fprob>0.0</fprob>
        </actor>
        <actor name="D0N2">
            <wcet number="0">110</wcet>
            <wcet number="1">200</wcet>
            <maxpow number="0.5129202903702448"/>
            <maxpow number="0.5129202903702448"/>
            <fprob>0.0</fprob>
        </actor>
        <actor name="D0N27">
            <wcet number="0">120</wcet>
            <wcet number="1">270</wcet>
            <maxpow number="0.1451746873343583"/>
            <maxpow number="0.1451746873343583"/>
            <fprob>0.0</fprob>
        </actor>
        <actor name="D0N41">
            <wcet number="0">170</wcet>
            <wcet number="1">190</wcet>
            <maxpow number="0.3755636506268588"/>
            <maxpow number="0.3755636506268588"/>
            <fprob>0.0</fprob>
        </actor>
        <actor name="D0N30">
            <wcet number="0">90</wcet>
            <wcet number="1">180</wcet>
            <maxpow number="0.44401281238035945"/>
            <maxpow number="0.44401281238035945"/>
            <fprob>0.0</fprob>
        </actor>
        <actor name="D0N10">
            <wcet number="0">60</wcet>
            <wcet number="1">200</wcet>
            <maxpow number="0.3234210898022646"/>
            <maxpow number="0.3234210898022646"/>
            <fprob>0.0</fprob>
        </actor>
        <actor name="D0N18">
            <wcet number="0">80</wcet>
            <wcet number="1">90</wcet>
            <maxpow number="0.6147602483339123"/>
            <maxpow number="0.6147602483339123"/>
            <fprob>0.0</fprob>
        </actor>
        <actor name="D0N29">
            <wcet number="0">100</wcet>
            <wcet number="1">460</wcet>
            <maxpow number="0.7282366971267284"/>
            <maxpow number="0.7282366971267284"/>
            <fprob>0.0</fprob>
        </actor>
        <actor name="D0N15">
            <wcet number="0">10</wcet>
            <wcet number="1">40</wcet>
            <maxpow number="0.6821853463790493"/>
            <maxpow number="0.6821853463790493"/>
            <fprob>0.0</fprob>
        </actor>
        <actor name="D0N45">
            <wcet number="0">40</wcet>
            <wcet number="1">40</wcet>
            <maxpow number="0.7973498531830578"/>
            <maxpow number="0.7973498531830578"/>
            <fprob>0.0</fprob>
        </actor>
        <actor name="D0N37">
            <wcet number="0">30</wcet>
            <wcet number="1">110</wcet>
            <maxpow number="0.4275162725984431"/>
            <maxpow number="0.4275162725984431"/>
            <fprob>0.0</fprob>
        </actor>
        <actor name="D0N8">
            <wcet number="0">20</wcet>
            <wcet number="1">130</wcet>
            <maxpow number="0.2746012494698167"/>
            <maxpow number="0.2746012494698167"/>
            <fprob>0.0</fprob>
        </actor>
        <actor name="D0N47">
            <wcet number="0">110</wcet>
            <wcet number="1">270</wcet>
            <maxpow number="0.6427410504577431"/>
            <maxpow number="0.6427410504577431"/>
            <fprob>0.0</fprob>
        </actor>
        <actor name="D0N4">
            <wcet number="0">30</wcet>
            <wcet number="1">40</wcet>
            <maxpow number="0.5685751301536531"/>
            <maxpow number="0.5685751301536531"/>
            <fprob>0.0</fprob>
        </actor>
        <actor name="D0N12">
            <wcet number="0">170</wcet>
            <wcet number="1">570</wcet>
            <maxpow number="0.32157329000372814"/>
            <maxpow number="0.32157329000372814"/>
            <fprob>0.0</fprob>
        </actor>
        <actor name="D0N20">
            <wcet number="0">50</wcet>
            <wcet number="1">50</wcet>
            <maxpow number="0.444952629787729"/>
            <maxpow number="0.444952629787729"/>
            <fprob>0.0</fprob>
        </actor>
        <actor name="D0N22">
            <wcet number="0">40</wcet>
            <wcet number="1">50</wcet>
            <maxpow number="0.5814943651538683"/>
            <maxpow number="0.5814943651538683"/>
            <fprob>0.0</fprob>
        </actor>
        <actor name="D0N33">
            <wcet number="0">10</wcet>
            <wcet number="1">120</wcet>
            <maxpow number="0.8532752580662015"/>
            <maxpow number="0.8532752580662015"/>
            <fprob>0.0</fprob>
        </actor>
        <actor name="D0N36">
            <wcet number="0">10</wcet>
            <wcet number="1">10</wcet>
            <maxpow number="0.7074536021401443"/>
            <maxpow number="0.7074536021401443"/>
            <fprob>0.0</fprob>
        </actor>
        <actor name="D0N5">
            <wcet number="0">10</wcet>
            <wcet number="1">60</wcet>
            <maxpow number="0.41227380959561083"/>
            <maxpow number="0.41227380959561083"/>
            <fprob>0.0</fprob>
        </actor>
        <actor name="D0N38">
            <wcet number="0">10</wcet>
            <wcet number="1">10</wcet>
            <maxpow number="0.644094356052739"/>
            <maxpow number="0.644094356052739"/>
            <fprob>0.0</fprob>
        </actor>
        <actor name="D0N26">
            <wcet number="0">10</wcet>
            <wcet number="1">180</wcet>
            <maxpow number="0.4111174021044781"/>
            <maxpow number="0.4111174021044781"/>
            <fprob>0.0</fprob>
        </actor>
        <actor name="D0N43">
            <wcet number="0">10</wcet>
            <wcet number="1">80</wcet>
            <maxpow number="0.240593586963885"/>
            <maxpow number="0.240593586963885"/>
            <fprob>0.0</fprob>
        </actor>
        <ports>
            <port dstActor="D0N39" name="p0" srcActor="D0N19"/>
            <port dstActor="D0N23" name="p1" srcActor="D0N19"/>
            <port dstActor="D0N24" name="p2" srcActor="D0N19"/>
            <port dstActor="D0N22" name="p3" srcActor="D0N19"/>
            <port dstActor="D0N47" name="p4" srcActor="D0N19"/>
            <port dstActor="D0N35" name="p5" srcActor="D0N19"/>
            <port dstActor="D0N19" name="p6" srcActor="D0N7"/>
            <port dstActor="D0N17" name="p7" srcActor="D0N7"/>
            <port dstActor="D0N39" name="p8" srcActor="D0N7"/>
            <port dstActor="D0N14" name="p9" srcActor="D0N7"/>
            <port dstActor="D0N29" name="p10" srcActor="D0N7"/>
            <port dstActor="D0N47" name="p11" srcActor="D0N7"/>
            <port dstActor="D0N33" name="p12" srcActor="D0N7"/>
            <port dstActor="D0N13" name="p13" srcActor="D0N7"/>
            <port dstActor="D0N36" name="p14" srcActor="D0N7"/>
            <port dstActor="D0N45" name="p15" srcActor="D0N7"/>
            <port dstActor="D0N34" name="p16" srcActor="D0N14"/>
            <port dstActor="D0N18" name="p17" srcActor="D0N14"/>
            <port dstActor="D0N45" name="p18" srcActor="D0N14"/>
            <port dstActor="D0N15" name="p19" srcActor="D0N13"/>
            <port dstActor="D0N41" name="p20" srcActor="D0N13"/>
            <port dstActor="D0N32" name="p21" srcActor="D0N6"/>
            <port dstActor="D0N15" name="p22" srcActor="D0N6"/>
            <port dstActor="D0N41" name="p23" srcActor="D0N11"/>
            <port dstActor="D0N12" name="p24" srcActor="D0N11"/>
            <port dstActor="D0N33" name="p25" srcActor="D0N11"/>
            <port dstActor="D0N13" name="p26" srcActor="D0N11"/>
            <port dstActor="D0N12" name="p27" srcActor="D0N9"/>
            <port dstActor="D0N34" name="p28" srcActor="D0N9"/>
            <port dstActor="D0N25" name="p29" srcActor="D0N9"/>
            <port dstActor="D0N19" name="p30" srcActor="D0N9"/>
            <port dstActor="D0N27" name="p31" srcActor="D0N9"/>
            <port dstActor="D0N26" name="p32" srcActor="D0N24"/>
            <port dstActor="D0N28" name="p33" srcActor="D0N24"/>
            <port dstActor="D0N45" name="p34" srcActor="D0N24"/>
            <port dstActor="D0N35" name="p35" srcActor="D0N24"/>
            <port dstActor="D0N43" name="p36" srcActor="D0N24"/>
            <port dstActor="D0N36" name="p37" srcActor="D0N24"/>
            <port dstActor="D0N37" name="p38" srcActor="D0N24"/>
            <port dstActor="D0N45" name="p39" srcActor="D0N40"/>
            <port dstActor="D0N34" name="p40" srcActor="D0N32"/>
            <port dstActor="D0N39" name="p41" srcActor="D0N32"/>
            <port dstActor="D0N32" name="p42" srcActor="D0N21"/>
            <port dstActor="D0N31" name="p43" srcActor="D0N21"/>
            <port dstActor="D0N33" name="p44" srcActor="D0N21"/>
            <port dstActor="D0N38" name="p45" srcActor="D0N21"/>
            <port dstActor="D0N47" name="p46" srcActor="D0N21"/>
            <port dstActor="D0N43" name="p47" srcActor="D0N25"/>
            <port dstActor="D0N40" name="p48" srcActor="D0N25"/>
            <port dstActor="D0N35" name="p49" srcActor="D0N28"/>
            <port dstActor="D0N28" name="p50" srcActor="D0N17"/>
            <port dstActor="D0N39" name="p51" srcActor="D0N17"/>
            <port dstActor="D0N47" name="p52" srcActor="D0N17"/>
            <port dstActor="D0N18" name="p53" srcActor="D0N17"/>
            <port dstActor="D0N39" name="p54" srcActor="D0N35"/>
            <port dstActor="D0N6" name="p55" srcActor="D0N3"/>
            <port dstActor="D0N46" name="p56" srcActor="D0N3"/>
            <port dstActor="D0N45" name="p57" srcActor="D0N39"/>
            <port dstActor="D0N25" name="p58" srcActor="D0N1"/>
            <port dstActor="D0N31" name="p59" srcActor="D0N1"/>
            <port dstActor="D0N18" name="p60" srcActor="D0N1"/>
            <port dstActor="D0N4" name="p61" srcActor="D0N1"/>
            <port dstActor="D0N11" name="p62" srcActor="D0N0"/>
            <port dstActor="D0N27" name="p63" srcActor="D0N0"/>
            <port dstActor="D0N20" name="p64" srcActor="D0N0"/>
            <port dstActor="D0N42" name="p65" srcActor="D0N0"/>
            <port dstActor="D0N46" name="p66" srcActor="D0N16"/>
            <port dstActor="D0N38" name="p67" srcActor="D0N16"/>
            <port dstActor="D0N27" name="p68" srcActor="D0N16"/>
            <port dstActor="D0N33" name="p69" srcActor="D0N16"/>
            <port dstActor="D0N34" name="p70" srcActor="D0N23"/>
            <port dstActor="D0N44" name="p71" srcActor="D0N31"/>
            <port dstActor="D0N17" name="p72" srcActor="D0N2"/>
            <port dstActor="D0N32" name="p73" srcActor="D0N2"/>
            <port dstActor="D0N16" name="p74" srcActor="D0N2"/>
            <port dstActor="D0N26" name="p75" srcActor="D0N2"/>
            <port dstActor="D0N35" name="p76" srcActor="D0N27"/>
            <port dstActor="D0N39" name="p77" srcActor="D0N27"/>
            <port dstActor="D0N42" name="p78" srcActor="D0N41"/>
            <port dstActor="D0N31" name="p79" srcActor="D0N30"/>
            <port dstActor="D0N41" name="p80" srcActor="D0N30"/>
            <port dstActor="D0N17" name="p81" srcActor="D0N10"/>
            <port dstActor="D0N43" name="p82" srcActor="D0N10"/>
            <port dstActor="D0N16" name="p83" srcActor="D0N10"/>
            <port dstActor="D0N24" name="p84" srcActor="D0N10"/>
            <port dstActor="D0N38" name="p85" srcActor="D0N10"/>
            <port dstActor="D0N26" name="p86" srcActor="D0N18"/>
            <port dstActor="D0N28" name="p87" srcActor="D0N18"/>
            <port dstActor="D0N33" name="p88" srcActor="D0N18"/>
            <port dstActor="D0N27" name="p89" srcActor="D0N18"/>
            <port dstActor="D0N29" name="p90" srcActor="D0N18"/>
            <port dstActor="D0N47" name="p91" srcActor="D0N15"/>
            <port dstActor="D0N30" name="p92" srcActor="D0N15"/>
            <port dstActor="D0N47" name="p93" srcActor="D0N45"/>
            <port dstActor="D0N42" name="p94" srcActor="D0N37"/>
            <port dstActor="D0N17" name="p95" srcActor="D0N8"/>
            <port dstActor="D0N41" name="p96" srcActor="D0N8"/>
            <port dstActor="D0N40" name="p97" srcActor="D0N8"/>
            <port dstActor="D0N42" name="p98" srcActor="D0N8"/>
            <port dstActor="D0N38" name="p99" srcActor="D0N8"/>
            <port dstActor="D0N13" name="p100" srcActor="D0N8"/>
            <port dstActor="D0N24" name="p101" srcActor="D0N8"/>
            <port dstActor="D0N6" name="p102" srcActor="D0N4"/>
            <port dstActor="D0N40" name="p103" srcActor="D0N4"/>
            <port dstActor="D0N46" name="p104" srcActor="D0N4"/>
            <port dstActor="D0N32" name="p105" srcActor="D0N12"/>
            <port dstActor="D0N19" name="p106" srcActor="D0N12"/>
            <port dstActor="D0N35" name="p107" srcActor="D0N12"/>
            <port dstActor="D0N24" name="p108" srcActor="D0N12"/>
            <port dstActor="D0N31" name="p109" srcActor="D0N12"/>
            <port dstActor="D0N31" name="p110" srcActor="D0N20"/>
            <port dstActor="D0N39" name="p111" srcActor="D0N20"/>
            <port dstActor="D0N38" name="p112" srcActor="D0N20"/>
            <port dstActor="D0N31" name="p113" srcActor="D0N22"/>
            <port dstActor="D0N47" name="p114" srcActor="D0N22"/>
            <port dstActor="D0N36" name="p115" srcActor="D0N22"/>
            <port dstActor="D0N42" name="p116" srcActor="D0N33"/>
            <port dstActor="D0N37" name="p117" srcActor="D0N36"/>
            <port dstActor="D0N44" name="p118" srcActor="D0N36"/>
            <port dstActor="D0N23" name="p119" srcActor="D0N5"/>
            <port dstActor="D0N43" name="p120" srcActor="D0N5"/>
            <port dstActor="D0N46" name="p121" srcActor="D0N5"/>
            <port dstActor="D0N43" name="p122" srcActor="D0N38"/>
            <port dstActor="D0N28" name="p123" srcActor="D0N26"/>
            <port dstActor="D0N31" name="p124" srcActor="D0N26"/>
            <port dstActor="D0N38" name="p125" srcActor="D0N26"/>
            <port dstActor="D0N30" name="p126" srcActor="D0N26"/>
        </ports>
    </mcdag>
    <cores number="3"/>
    <levels number="2"/>
</mcsystem>
