<?xml version="1.0" encoding="UTF-8" standalone="no"?>
<mcsystem>
    <mcdag deadline="1800" name="genned-0-ed-10.0-0">
        <actor name="D0N8">
            <wcet number="0">80</wcet>
            <wcet number="1">100</wcet>
            <maxpow number="0.3277815841098177"/>
            <maxpow number="0.3277815841098177"/>
            <fprob>0.0</fprob>
        </actor>
        <actor name="D0N11">
            <wcet number="0">20</wcet>
            <wcet number="1">50</wcet>
            <maxpow number="0.7522213457449567"/>
            <maxpow number="0.7522213457449567"/>
            <fprob>0.0</fprob>
        </actor>
        <actor name="D0N34">
            <wcet number="0">160</wcet>
            <wcet number="1">240</wcet>
            <maxpow number="0.6101198961177234"/>
            <maxpow number="0.6101198961177234"/>
            <fprob>0.0</fprob>
        </actor>
        <actor name="D0N25">
            <wcet number="0">70</wcet>
            <wcet number="1">230</wcet>
            <maxpow number="0.4790562460758502"/>
            <maxpow number="0.4790562460758502"/>
            <fprob>0.0</fprob>
        </actor>
        <actor name="D0N18">
            <wcet number="0">10</wcet>
            <wcet number="1">60</wcet>
            <maxpow number="1.1025070106605737"/>
            <maxpow number="1.1025070106605737"/>
            <fprob>0.0</fprob>
        </actor>
        <actor name="D0N23">
            <wcet number="0">10</wcet>
            <wcet number="1">20</wcet>
            <maxpow number="0.5554966078929714"/>
            <maxpow number="0.5554966078929714"/>
            <fprob>0.0</fprob>
        </actor>
        <actor name="D0N33">
            <wcet number="0">50</wcet>
            <wcet number="1">50</wcet>
            <maxpow number="0.4417719315060643"/>
            <maxpow number="0.4417719315060643"/>
            <fprob>0.0</fprob>
        </actor>
        <actor name="D0N2">
            <wcet number="0">10</wcet>
            <wcet number="1">30</wcet>
            <maxpow number="0.6236160715466555"/>
            <maxpow number="0.6236160715466555"/>
            <fprob>0.0</fprob>
        </actor>
        <actor name="D0N14">
            <wcet number="0">370</wcet>
            <wcet number="1">410</wcet>
            <maxpow number="0.393602663184047"/>
            <maxpow number="0.393602663184047"/>
            <fprob>0.0</fprob>
        </actor>
        <actor name="D0N9">
            <wcet number="0">30</wcet>
            <wcet number="1">30</wcet>
            <maxpow number="0.2371884815839685"/>
            <maxpow number="0.2371884815839685"/>
            <fprob>0.0</fprob>
        </actor>
        <actor name="D0N24">
            <wcet number="0">10</wcet>
            <wcet number="1">40</wcet>
            <maxpow number="0.6016483079316584"/>
            <maxpow number="0.6016483079316584"/>
            <fprob>0.0</fprob>
        </actor>
        <actor name="D0N31">
            <wcet number="0">20</wcet>
            <wcet number="1">30</wcet>
            <maxpow number="0.3170254119921904"/>
            <maxpow number="0.3170254119921904"/>
            <fprob>0.0</fprob>
        </actor>
        <actor name="D0N38">
            <wcet number="0">10</wcet>
            <wcet number="1">10</wcet>
            <maxpow number="0.6518794130061719"/>
            <maxpow number="0.6518794130061719"/>
            <fprob>0.0</fprob>
        </actor>
        <actor name="D0N5">
            <wcet number="0">20</wcet>
            <wcet number="1">20</wcet>
            <maxpow number="0.7678295285997465"/>
            <maxpow number="0.7678295285997465"/>
            <fprob>0.0</fprob>
        </actor>
        <actor name="D0N42">
            <wcet number="0">20</wcet>
            <wcet number="1">50</wcet>
            <maxpow number="0.7030564464740727"/>
            <maxpow number="0.7030564464740727"/>
            <fprob>0.0</fprob>
        </actor>
        <actor name="D0N22">
            <wcet number="0">290</wcet>
            <wcet number="1">310</wcet>
            <maxpow number="0.6479947436945873"/>
            <maxpow number="0.6479947436945873"/>
            <fprob>0.0</fprob>
        </actor>
        <actor name="D0N40">
            <wcet number="0">40</wcet>
            <wcet number="1">40</wcet>
            <maxpow number="0.49997844481233783"/>
            <maxpow number="0.49997844481233783"/>
            <fprob>0.0</fprob>
        </actor>
        <actor name="D0N6">
            <wcet number="0">70</wcet>
            <wcet number="1">170</wcet>
            <maxpow number="0.6226494835593518"/>
            <maxpow number="0.6226494835593518"/>
            <fprob>0.0</fprob>
        </actor>
        <actor name="D0N39">
            <wcet number="0">20</wcet>
            <wcet number="1">60</wcet>
            <maxpow number="0.46830448851171513"/>
            <maxpow number="0.46830448851171513"/>
            <fprob>0.0</fprob>
        </actor>
        <actor name="D0N45">
            <wcet number="0">30</wcet>
            <wcet number="1">50</wcet>
            <maxpow number="0.3901063227454219"/>
            <maxpow number="0.3901063227454219"/>
            <fprob>0.0</fprob>
        </actor>
        <actor name="D0N7">
            <wcet number="0">200</wcet>
            <wcet number="1">230</wcet>
            <maxpow number="0.5085054457451944"/>
            <maxpow number="0.5085054457451944"/>
            <fprob>0.0</fprob>
        </actor>
        <actor name="D0N15">
            <wcet number="0">30</wcet>
            <wcet number="1">30</wcet>
            <maxpow number="0.4320289382757537"/>
            <maxpow number="0.4320289382757537"/>
            <fprob>0.0</fprob>
        </actor>
        <actor name="D0N41">
            <wcet number="0">60</wcet>
            <wcet number="1">90</wcet>
            <maxpow number="0.3945903069720832"/>
            <maxpow number="0.3945903069720832"/>
            <fprob>0.0</fprob>
        </actor>
        <actor name="D0N16">
            <wcet number="0">30</wcet>
            <wcet number="1">40</wcet>
            <maxpow number="0.5862936436470677"/>
            <maxpow number="0.5862936436470677"/>
            <fprob>0.0</fprob>
        </actor>
        <actor name="D0N20">
            <wcet number="0">10</wcet>
            <wcet number="1">30</wcet>
            <maxpow number="0.8566638137220908"/>
            <maxpow number="0.8566638137220908"/>
            <fprob>0.0</fprob>
        </actor>
        <actor name="D0N43">
            <wcet number="0">70</wcet>
            <wcet number="1">70</wcet>
            <maxpow number="0.6986798508624509"/>
            <maxpow number="0.6986798508624509"/>
            <fprob>0.0</fprob>
        </actor>
        <actor name="D0N27">
            <wcet number="0">80</wcet>
            <wcet number="1">90</wcet>
            <maxpow number="0.5652018164000397"/>
            <maxpow number="0.5652018164000397"/>
            <fprob>0.0</fprob>
        </actor>
        <actor name="D0N17">
            <wcet number="0">10</wcet>
            <wcet number="1">30</wcet>
            <maxpow number="0.4529244030415065"/>
            <maxpow number="0.4529244030415065"/>
            <fprob>0.0</fprob>
        </actor>
        <actor name="D0N28">
            <wcet number="0">10</wcet>
            <wcet number="1">20</wcet>
            <maxpow number="0.2963845947701459"/>
            <maxpow number="0.2963845947701459"/>
            <fprob>0.0</fprob>
        </actor>
        <actor name="D0N19">
            <wcet number="0">10</wcet>
            <wcet number="1">10</wcet>
            <maxpow number="0.6019635483312502"/>
            <maxpow number="0.6019635483312502"/>
            <fprob>0.0</fprob>
        </actor>
        <actor name="D0N36">
            <wcet number="0">20</wcet>
            <wcet number="1">30</wcet>
            <maxpow number="0.69705342885976"/>
            <maxpow number="0.69705342885976"/>
            <fprob>0.0</fprob>
        </actor>
        <actor name="D0N35">
            <wcet number="0">50</wcet>
            <wcet number="1">90</wcet>
            <maxpow number="0.5899037330108222"/>
            <maxpow number="0.5899037330108222"/>
            <fprob>0.0</fprob>
        </actor>
        <actor name="D0N37">
            <wcet number="0">20</wcet>
            <wcet number="1">20</wcet>
            <maxpow number="0.6366642201078846"/>
            <maxpow number="0.6366642201078846"/>
            <fprob>0.0</fprob>
        </actor>
        <actor name="D0N30">
            <wcet number="0">10</wcet>
            <wcet number="1">10</wcet>
            <maxpow number="0.5651727738807212"/>
            <maxpow number="0.5651727738807212"/>
            <fprob>0.0</fprob>
        </actor>
        <actor name="D0N1">
            <wcet number="0">50</wcet>
            <wcet number="1">50</wcet>
            <maxpow number="0.35006500898176307"/>
            <maxpow number="0.35006500898176307"/>
            <fprob>0.0</fprob>
        </actor>
        <actor name="D0N4">
            <wcet number="0">110</wcet>
            <wcet number="1">220</wcet>
            <maxpow number="0.44230499470379103"/>
            <maxpow number="0.44230499470379103"/>
            <fprob>0.0</fprob>
        </actor>
        <actor name="D0N0">
            <wcet number="0">60</wcet>
            <wcet number="1">80</wcet>
            <maxpow number="0.6205577505720143"/>
            <maxpow number="0.6205577505720143"/>
            <fprob>0.0</fprob>
        </actor>
        <actor name="D0N44">
            <wcet number="0">20</wcet>
            <wcet number="1">30</wcet>
            <maxpow number="0.6408732351275194"/>
            <maxpow number="0.6408732351275194"/>
            <fprob>0.0</fprob>
        </actor>
        <actor name="D0N12">
            <wcet number="0">10</wcet>
            <wcet number="1">80</wcet>
            <maxpow number="0.5323279898829263"/>
            <maxpow number="0.5323279898829263"/>
            <fprob>0.0</fprob>
        </actor>
        <actor name="D0N29">
            <wcet number="0">20</wcet>
            <wcet number="1">240</wcet>
            <maxpow number="0.5342892401921284"/>
            <maxpow number="0.5342892401921284"/>
            <fprob>0.0</fprob>
        </actor>
        <actor name="D0N32">
            <wcet number="0">70</wcet>
            <wcet number="1">180</wcet>
            <maxpow number="0.6016499510971061"/>
            <maxpow number="0.6016499510971061"/>
            <fprob>0.0</fprob>
        </actor>
        <actor name="D0N13">
            <wcet number="0">20</wcet>
            <wcet number="1">100</wcet>
            <maxpow number="0.7523911197672215"/>
            <maxpow number="0.7523911197672215"/>
            <fprob>0.0</fprob>
        </actor>
        <actor name="D0N26">
            <wcet number="0">120</wcet>
            <wcet number="1">200</wcet>
            <maxpow number="0.6623256344244023"/>
            <maxpow number="0.6623256344244023"/>
            <fprob>0.0</fprob>
        </actor>
        <actor name="D0N10">
            <wcet number="0">20</wcet>
            <wcet number="1">40</wcet>
            <maxpow number="0.5324320337290491"/>
            <maxpow number="0.5324320337290491"/>
            <fprob>0.0</fprob>
        </actor>
        <actor name="D0N46">
            <wcet number="0">10</wcet>
            <wcet number="1">40</wcet>
            <maxpow number="0.4000688861832521"/>
            <maxpow number="0.4000688861832521"/>
            <fprob>0.0</fprob>
        </actor>
        <actor name="D0N21">
            <wcet number="0">70</wcet>
            <wcet number="1">80</wcet>
            <maxpow number="0.7127793527451202"/>
            <maxpow number="0.7127793527451202"/>
            <fprob>0.0</fprob>
        </actor>
        <actor name="D0N3">
            <wcet number="0">10</wcet>
            <wcet number="1">10</wcet>
            <maxpow number="0.5629674130069062"/>
            <maxpow number="0.5629674130069062"/>
            <fprob>0.0</fprob>
        </actor>
        <ports>
            <port dstActor="D0N25" name="p0" srcActor="D0N8"/>
            <port dstActor="D0N15" name="p1" srcActor="D0N8"/>
            <port dstActor="D0N12" name="p2" srcActor="D0N8"/>
            <port dstActor="D0N44" name="p3" srcActor="D0N8"/>
            <port dstActor="D0N13" name="p4" srcActor="D0N8"/>
            <port dstActor="D0N16" name="p5" srcActor="D0N8"/>
            <port dstActor="D0N10" name="p6" srcActor="D0N8"/>
            <port dstActor="D0N35" name="p7" srcActor="D0N8"/>
            <port dstActor="D0N26" name="p8" srcActor="D0N11"/>
            <port dstActor="D0N14" name="p9" srcActor="D0N11"/>
            <port dstActor="D0N43" name="p10" srcActor="D0N11"/>
            <port dstActor="D0N39" name="p11" srcActor="D0N11"/>
            <port dstActor="D0N41" name="p12" srcActor="D0N34"/>
            <port dstActor="D0N27" name="p13" srcActor="D0N25"/>
            <port dstActor="D0N43" name="p14" srcActor="D0N18"/>
            <port dstActor="D0N26" name="p15" srcActor="D0N18"/>
            <port dstActor="D0N27" name="p16" srcActor="D0N18"/>
            <port dstActor="D0N46" name="p17" srcActor="D0N23"/>
            <port dstActor="D0N45" name="p18" srcActor="D0N23"/>
            <port dstActor="D0N36" name="p19" srcActor="D0N23"/>
            <port dstActor="D0N43" name="p20" srcActor="D0N33"/>
            <port dstActor="D0N34" name="p21" srcActor="D0N33"/>
            <port dstActor="D0N46" name="p22" srcActor="D0N33"/>
            <port dstActor="D0N19" name="p23" srcActor="D0N2"/>
            <port dstActor="D0N23" name="p24" srcActor="D0N2"/>
            <port dstActor="D0N28" name="p25" srcActor="D0N2"/>
            <port dstActor="D0N6" name="p26" srcActor="D0N2"/>
            <port dstActor="D0N43" name="p27" srcActor="D0N2"/>
            <port dstActor="D0N42" name="p28" srcActor="D0N14"/>
            <port dstActor="D0N23" name="p29" srcActor="D0N14"/>
            <port dstActor="D0N37" name="p30" srcActor="D0N14"/>
            <port dstActor="D0N21" name="p31" srcActor="D0N14"/>
            <port dstActor="D0N44" name="p32" srcActor="D0N14"/>
            <port dstActor="D0N37" name="p33" srcActor="D0N9"/>
            <port dstActor="D0N17" name="p34" srcActor="D0N9"/>
            <port dstActor="D0N39" name="p35" srcActor="D0N9"/>
            <port dstActor="D0N12" name="p36" srcActor="D0N9"/>
            <port dstActor="D0N32" name="p37" srcActor="D0N9"/>
            <port dstActor="D0N27" name="p38" srcActor="D0N9"/>
            <port dstActor="D0N35" name="p39" srcActor="D0N31"/>
            <port dstActor="D0N20" name="p40" srcActor="D0N5"/>
            <port dstActor="D0N43" name="p41" srcActor="D0N5"/>
            <port dstActor="D0N15" name="p42" srcActor="D0N5"/>
            <port dstActor="D0N25" name="p43" srcActor="D0N5"/>
            <port dstActor="D0N34" name="p44" srcActor="D0N5"/>
            <port dstActor="D0N46" name="p45" srcActor="D0N5"/>
            <port dstActor="D0N41" name="p46" srcActor="D0N22"/>
            <port dstActor="D0N44" name="p47" srcActor="D0N40"/>
            <port dstActor="D0N46" name="p48" srcActor="D0N40"/>
            <port dstActor="D0N12" name="p49" srcActor="D0N6"/>
            <port dstActor="D0N26" name="p50" srcActor="D0N6"/>
            <port dstActor="D0N11" name="p51" srcActor="D0N6"/>
            <port dstActor="D0N22" name="p52" srcActor="D0N6"/>
            <port dstActor="D0N35" name="p53" srcActor="D0N6"/>
            <port dstActor="D0N40" name="p54" srcActor="D0N6"/>
            <port dstActor="D0N21" name="p55" srcActor="D0N6"/>
            <port dstActor="D0N9" name="p56" srcActor="D0N6"/>
            <port dstActor="D0N41" name="p57" srcActor="D0N6"/>
            <port dstActor="D0N40" name="p58" srcActor="D0N39"/>
            <port dstActor="D0N10" name="p59" srcActor="D0N7"/>
            <port dstActor="D0N16" name="p60" srcActor="D0N7"/>
            <port dstActor="D0N28" name="p61" srcActor="D0N7"/>
            <port dstActor="D0N37" name="p62" srcActor="D0N7"/>
            <port dstActor="D0N42" name="p63" srcActor="D0N41"/>
            <port dstActor="D0N38" name="p64" srcActor="D0N16"/>
            <port dstActor="D0N17" name="p65" srcActor="D0N16"/>
            <port dstActor="D0N29" name="p66" srcActor="D0N16"/>
            <port dstActor="D0N40" name="p67" srcActor="D0N16"/>
            <port dstActor="D0N46" name="p68" srcActor="D0N20"/>
            <port dstActor="D0N22" name="p69" srcActor="D0N20"/>
            <port dstActor="D0N33" name="p70" srcActor="D0N27"/>
            <port dstActor="D0N26" name="p71" srcActor="D0N17"/>
            <port dstActor="D0N22" name="p72" srcActor="D0N17"/>
            <port dstActor="D0N27" name="p73" srcActor="D0N17"/>
            <port dstActor="D0N46" name="p74" srcActor="D0N28"/>
            <port dstActor="D0N36" name="p75" srcActor="D0N19"/>
            <port dstActor="D0N46" name="p76" srcActor="D0N19"/>
            <port dstActor="D0N39" name="p77" srcActor="D0N36"/>
            <port dstActor="D0N42" name="p78" srcActor="D0N36"/>
            <port dstActor="D0N43" name="p79" srcActor="D0N1"/>
            <port dstActor="D0N32" name="p80" srcActor="D0N1"/>
            <port dstActor="D0N41" name="p81" srcActor="D0N4"/>
            <port dstActor="D0N24" name="p82" srcActor="D0N4"/>
            <port dstActor="D0N39" name="p83" srcActor="D0N4"/>
            <port dstActor="D0N14" name="p84" srcActor="D0N4"/>
            <port dstActor="D0N33" name="p85" srcActor="D0N0"/>
            <port dstActor="D0N24" name="p86" srcActor="D0N0"/>
            <port dstActor="D0N1" name="p87" srcActor="D0N0"/>
            <port dstActor="D0N2" name="p88" srcActor="D0N0"/>
            <port dstActor="D0N45" name="p89" srcActor="D0N44"/>
            <port dstActor="D0N27" name="p90" srcActor="D0N12"/>
            <port dstActor="D0N29" name="p91" srcActor="D0N12"/>
            <port dstActor="D0N20" name="p92" srcActor="D0N12"/>
            <port dstActor="D0N30" name="p93" srcActor="D0N12"/>
            <port dstActor="D0N19" name="p94" srcActor="D0N12"/>
            <port dstActor="D0N43" name="p95" srcActor="D0N29"/>
            <port dstActor="D0N38" name="p96" srcActor="D0N29"/>
            <port dstActor="D0N36" name="p97" srcActor="D0N29"/>
            <port dstActor="D0N35" name="p98" srcActor="D0N29"/>
            <port dstActor="D0N40" name="p99" srcActor="D0N32"/>
            <port dstActor="D0N18" name="p100" srcActor="D0N13"/>
            <port dstActor="D0N27" name="p101" srcActor="D0N26"/>
            <port dstActor="D0N38" name="p102" srcActor="D0N10"/>
            <port dstActor="D0N22" name="p103" srcActor="D0N10"/>
            <port dstActor="D0N31" name="p104" srcActor="D0N10"/>
            <port dstActor="D0N46" name="p105" srcActor="D0N10"/>
            <port dstActor="D0N29" name="p106" srcActor="D0N21"/>
            <port dstActor="D0N42" name="p107" srcActor="D0N21"/>
            <port dstActor="D0N41" name="p108" srcActor="D0N21"/>
            <port dstActor="D0N43" name="p109" srcActor="D0N21"/>
            <port dstActor="D0N40" name="p110" srcActor="D0N21"/>
            <port dstActor="D0N41" name="p111" srcActor="D0N3"/>
            <port dstActor="D0N7" name="p112" srcActor="D0N3"/>
            <port dstActor="D0N32" name="p113" srcActor="D0N3"/>
            <port dstActor="D0N39" name="p114" srcActor="D0N3"/>
        </ports>
    </mcdag>
    <cores number="3"/>
    <levels number="2"/>
</mcsystem>
