<?xml version="1.0" encoding="UTF-8" standalone="no"?>
<mcsystem>
    <mcdag deadline="5000" name="genned-0-ed-10.0-0">
        <actor name="D0N5">
            <wcet number="0">70</wcet>
            <wcet number="1">200</wcet>
            <maxpow number="0.49147852578380247"/>
            <maxpow number="0.49147852578380247"/>
            <fprob>0.0</fprob>
        </actor>
        <actor name="D0N26">
            <wcet number="0">310</wcet>
            <wcet number="1">400</wcet>
            <maxpow number="0.4703649807707006"/>
            <maxpow number="0.4703649807707006"/>
            <fprob>0.0</fprob>
        </actor>
        <actor name="D0N29">
            <wcet number="0">10</wcet>
            <wcet number="1">170</wcet>
            <maxpow number="0.2516355702185571"/>
            <maxpow number="0.2516355702185571"/>
            <fprob>0.0</fprob>
        </actor>
        <actor name="D0N21">
            <wcet number="0">60</wcet>
            <wcet number="1">80</wcet>
            <maxpow number="0.5537518317445279"/>
            <maxpow number="0.5537518317445279"/>
            <fprob>0.0</fprob>
        </actor>
        <actor name="D0N43">
            <wcet number="0">60</wcet>
            <wcet number="1">100</wcet>
            <maxpow number="0.6534595491046855"/>
            <maxpow number="0.6534595491046855"/>
            <fprob>0.0</fprob>
        </actor>
        <actor name="D0N46">
            <wcet number="0">70</wcet>
            <wcet number="1">70</wcet>
            <maxpow number="0.40950349138630726"/>
            <maxpow number="0.40950349138630726"/>
            <fprob>0.0</fprob>
        </actor>
        <actor name="D0N10">
            <wcet number="0">40</wcet>
            <wcet number="1">50</wcet>
            <maxpow number="0.7969648392581952"/>
            <maxpow number="0.7969648392581952"/>
            <fprob>0.0</fprob>
        </actor>
        <actor name="D0N30">
            <wcet number="0">280</wcet>
            <wcet number="1">330</wcet>
            <maxpow number="0.4199376232694145"/>
            <maxpow number="0.4199376232694145"/>
            <fprob>0.0</fprob>
        </actor>
        <actor name="D0N45">
            <wcet number="0">70</wcet>
            <wcet number="1">130</wcet>
            <maxpow number="0.8021470189973688"/>
            <maxpow number="0.8021470189973688"/>
            <fprob>0.0</fprob>
        </actor>
        <actor name="D0N24">
            <wcet number="0">40</wcet>
            <wcet number="1">160</wcet>
            <maxpow number="0.6872846634796377"/>
            <maxpow number="0.6872846634796377"/>
            <fprob>0.0</fprob>
        </actor>
        <actor name="D0N47">
            <wcet number="0">20</wcet>
            <wcet number="1">20</wcet>
            <maxpow number="0.6055011495069329"/>
            <maxpow number="0.6055011495069329"/>
            <fprob>0.0</fprob>
        </actor>
        <actor name="D0N17">
            <wcet number="0">30</wcet>
            <wcet number="1">30</wcet>
            <maxpow number="0.5602844745284283"/>
            <maxpow number="0.5602844745284283"/>
            <fprob>0.0</fprob>
        </actor>
        <actor name="D0N22">
            <wcet number="0">10</wcet>
            <wcet number="1">10</wcet>
            <maxpow number="0.7489069885027259"/>
            <maxpow number="0.7489069885027259"/>
            <fprob>0.0</fprob>
        </actor>
        <actor name="D0N25">
            <wcet number="0">60</wcet>
            <wcet number="1">70</wcet>
            <maxpow number="0.35895771707467916"/>
            <maxpow number="0.35895771707467916"/>
            <fprob>0.0</fprob>
        </actor>
        <actor name="D0N34">
            <wcet number="0">120</wcet>
            <wcet number="1">280</wcet>
            <maxpow number="0.5091167037529765"/>
            <maxpow number="0.5091167037529765"/>
            <fprob>0.0</fprob>
        </actor>
        <actor name="D0N23">
            <wcet number="0">150</wcet>
            <wcet number="1">350</wcet>
            <maxpow number="0.4665294990868031"/>
            <maxpow number="0.4665294990868031"/>
            <fprob>0.0</fprob>
        </actor>
        <actor name="D0N8">
            <wcet number="0">400</wcet>
            <wcet number="1">1240</wcet>
            <maxpow number="0.4241872335104623"/>
            <maxpow number="0.4241872335104623"/>
            <fprob>0.0</fprob>
        </actor>
        <actor name="D0N20">
            <wcet number="0">130</wcet>
            <wcet number="1">210</wcet>
            <maxpow number="0.5201497582714302"/>
            <maxpow number="0.5201497582714302"/>
            <fprob>0.0</fprob>
        </actor>
        <actor name="D0N37">
            <wcet number="0">10</wcet>
            <wcet number="1">20</wcet>
            <maxpow number="0.19480365001065358"/>
            <maxpow number="0.19480365001065358"/>
            <fprob>0.0</fprob>
        </actor>
        <actor name="D0N4">
            <wcet number="0">110</wcet>
            <wcet number="1">240</wcet>
            <maxpow number="0.6225628172719992"/>
            <maxpow number="0.6225628172719992"/>
            <fprob>0.0</fprob>
        </actor>
        <actor name="D0N0">
            <wcet number="0">40</wcet>
            <wcet number="1">110</wcet>
            <maxpow number="0.7658207691806108"/>
            <maxpow number="0.7658207691806108"/>
            <fprob>0.0</fprob>
        </actor>
        <actor name="D0N48">
            <wcet number="0">80</wcet>
            <wcet number="1">410</wcet>
            <maxpow number="0.3523477064315027"/>
            <maxpow number="0.3523477064315027"/>
            <fprob>0.0</fprob>
        </actor>
        <actor name="D0N27">
            <wcet number="0">50</wcet>
            <wcet number="1">50</wcet>
            <maxpow number="0.47828978180693216"/>
            <maxpow number="0.47828978180693216"/>
            <fprob>0.0</fprob>
        </actor>
        <actor name="D0N36">
            <wcet number="0">20</wcet>
            <wcet number="1">80</wcet>
            <maxpow number="0.34016915447807544"/>
            <maxpow number="0.34016915447807544"/>
            <fprob>0.0</fprob>
        </actor>
        <actor name="D0N9">
            <wcet number="0">10</wcet>
            <wcet number="1">50</wcet>
            <maxpow number="0.3998364953915803"/>
            <maxpow number="0.3998364953915803"/>
            <fprob>0.0</fprob>
        </actor>
        <actor name="D0N40">
            <wcet number="0">10</wcet>
            <wcet number="1">60</wcet>
            <maxpow number="0.7058780968999133"/>
            <maxpow number="0.7058780968999133"/>
            <fprob>0.0</fprob>
        </actor>
        <actor name="D0N11">
            <wcet number="0">300</wcet>
            <wcet number="1">340</wcet>
            <maxpow number="0.4963980652151154"/>
            <maxpow number="0.4963980652151154"/>
            <fprob>0.0</fprob>
        </actor>
        <actor name="D0N18">
            <wcet number="0">270</wcet>
            <wcet number="1">380</wcet>
            <maxpow number="0.5609201667284575"/>
            <maxpow number="0.5609201667284575"/>
            <fprob>0.0</fprob>
        </actor>
        <actor name="D0N39">
            <wcet number="0">240</wcet>
            <wcet number="1">280</wcet>
            <maxpow number="0.4905937171980256"/>
            <maxpow number="0.4905937171980256"/>
            <fprob>0.0</fprob>
        </actor>
        <actor name="D0N13">
            <wcet number="0">320</wcet>
            <wcet number="1">390</wcet>
            <maxpow number="0.7633421713489309"/>
            <maxpow number="0.7633421713489309"/>
            <fprob>0.0</fprob>
        </actor>
        <actor name="D0N16">
            <wcet number="0">10</wcet>
            <wcet number="1">10</wcet>
            <maxpow number="0.3168209823195358"/>
            <maxpow number="0.3168209823195358"/>
            <fprob>0.0</fprob>
        </actor>
        <actor name="D0N32">
            <wcet number="0">160</wcet>
            <wcet number="1">330</wcet>
            <maxpow number="0.4485847219144936"/>
            <maxpow number="0.4485847219144936"/>
            <fprob>0.0</fprob>
        </actor>
        <actor name="D0N35">
            <wcet number="0">300</wcet>
            <wcet number="1">350</wcet>
            <maxpow number="0.5004733044917088"/>
            <maxpow number="0.5004733044917088"/>
            <fprob>0.0</fprob>
        </actor>
        <actor name="D0N44">
            <wcet number="0">60</wcet>
            <wcet number="1">190</wcet>
            <maxpow number="0.661098600892921"/>
            <maxpow number="0.661098600892921"/>
            <fprob>0.0</fprob>
        </actor>
        <actor name="D0N28">
            <wcet number="0">180</wcet>
            <wcet number="1">220</wcet>
            <maxpow number="0.49226375545313145"/>
            <maxpow number="0.49226375545313145"/>
            <fprob>0.0</fprob>
        </actor>
        <actor name="D0N31">
            <wcet number="0">330</wcet>
            <wcet number="1">370</wcet>
            <maxpow number="0.3050346330609337"/>
            <maxpow number="0.3050346330609337"/>
            <fprob>0.0</fprob>
        </actor>
        <actor name="D0N7">
            <wcet number="0">410</wcet>
            <wcet number="1">430</wcet>
            <maxpow number="0.6285319812234645"/>
            <maxpow number="0.6285319812234645"/>
            <fprob>0.0</fprob>
        </actor>
        <actor name="D0N6">
            <wcet number="0">160</wcet>
            <wcet number="1">270</wcet>
            <maxpow number="0.41605346201864546"/>
            <maxpow number="0.41605346201864546"/>
            <fprob>0.0</fprob>
        </actor>
        <actor name="D0N3">
            <wcet number="0">50</wcet>
            <wcet number="1">390</wcet>
            <maxpow number="0.37123720943318717"/>
            <maxpow number="0.37123720943318717"/>
            <fprob>0.0</fprob>
        </actor>
        <actor name="D0N2">
            <wcet number="0">10</wcet>
            <wcet number="1">150</wcet>
            <maxpow number="0.4157246390986279"/>
            <maxpow number="0.4157246390986279"/>
            <fprob>0.0</fprob>
        </actor>
        <actor name="D0N42">
            <wcet number="0">310</wcet>
            <wcet number="1">520</wcet>
            <maxpow number="0.8447489695132411"/>
            <maxpow number="0.8447489695132411"/>
            <fprob>0.0</fprob>
        </actor>
        <actor name="D0N1">
            <wcet number="0">100</wcet>
            <wcet number="1">110</wcet>
            <maxpow number="0.5751106657489009"/>
            <maxpow number="0.5751106657489009"/>
            <fprob>0.0</fprob>
        </actor>
        <actor name="D0N33">
            <wcet number="0">10</wcet>
            <wcet number="1">20</wcet>
            <maxpow number="0.7057378661679693"/>
            <maxpow number="0.7057378661679693"/>
            <fprob>0.0</fprob>
        </actor>
        <actor name="D0N19">
            <wcet number="0">170</wcet>
            <wcet number="1">170</wcet>
            <maxpow number="0.07221543526445967"/>
            <maxpow number="0.07221543526445967"/>
            <fprob>0.0</fprob>
        </actor>
        <actor name="D0N15">
            <wcet number="0">20</wcet>
            <wcet number="1">20</wcet>
            <maxpow number="0.3716929147481408"/>
            <maxpow number="0.3716929147481408"/>
            <fprob>0.0</fprob>
        </actor>
        <actor name="D0N38">
            <wcet number="0">20</wcet>
            <wcet number="1">50</wcet>
            <maxpow number="0.7511998103184714"/>
            <maxpow number="0.7511998103184714"/>
            <fprob>0.0</fprob>
        </actor>
        <actor name="D0N12">
            <wcet number="0">110</wcet>
            <wcet number="1">160</wcet>
            <maxpow number="0.5250849331726462"/>
            <maxpow number="0.5250849331726462"/>
            <fprob>0.0</fprob>
        </actor>
        <actor name="D0N41">
            <wcet number="0">190</wcet>
            <wcet number="1">260</wcet>
            <maxpow number="0.7879984805352809"/>
            <maxpow number="0.7879984805352809"/>
            <fprob>0.0</fprob>
        </actor>
        <actor name="D0N14">
            <wcet number="0">70</wcet>
            <wcet number="1">670</wcet>
            <maxpow number="0.5180279262309488"/>
            <maxpow number="0.5180279262309488"/>
            <fprob>0.0</fprob>
        </actor>
        <ports>
            <port dstActor="D0N37" name="p0" srcActor="D0N5"/>
            <port dstActor="D0N24" name="p1" srcActor="D0N5"/>
            <port dstActor="D0N29" name="p2" srcActor="D0N26"/>
            <port dstActor="D0N31" name="p3" srcActor="D0N26"/>
            <port dstActor="D0N33" name="p4" srcActor="D0N26"/>
            <port dstActor="D0N38" name="p5" srcActor="D0N29"/>
            <port dstActor="D0N24" name="p6" srcActor="D0N21"/>
            <port dstActor="D0N39" name="p7" srcActor="D0N21"/>
            <port dstActor="D0N26" name="p8" srcActor="D0N21"/>
            <port dstActor="D0N42" name="p9" srcActor="D0N21"/>
            <port dstActor="D0N40" name="p10" srcActor="D0N21"/>
            <port dstActor="D0N18" name="p11" srcActor="D0N10"/>
            <port dstActor="D0N41" name="p12" srcActor="D0N10"/>
            <port dstActor="D0N12" name="p13" srcActor="D0N10"/>
            <port dstActor="D0N34" name="p14" srcActor="D0N10"/>
            <port dstActor="D0N36" name="p15" srcActor="D0N10"/>
            <port dstActor="D0N29" name="p16" srcActor="D0N10"/>
            <port dstActor="D0N38" name="p17" srcActor="D0N30"/>
            <port dstActor="D0N44" name="p18" srcActor="D0N24"/>
            <port dstActor="D0N47" name="p19" srcActor="D0N24"/>
            <port dstActor="D0N28" name="p20" srcActor="D0N17"/>
            <port dstActor="D0N20" name="p21" srcActor="D0N17"/>
            <port dstActor="D0N26" name="p22" srcActor="D0N17"/>
            <port dstActor="D0N30" name="p23" srcActor="D0N22"/>
            <port dstActor="D0N39" name="p24" srcActor="D0N22"/>
            <port dstActor="D0N24" name="p25" srcActor="D0N22"/>
            <port dstActor="D0N41" name="p26" srcActor="D0N22"/>
            <port dstActor="D0N42" name="p27" srcActor="D0N22"/>
            <port dstActor="D0N41" name="p28" srcActor="D0N25"/>
            <port dstActor="D0N48" name="p29" srcActor="D0N25"/>
            <port dstActor="D0N31" name="p30" srcActor="D0N25"/>
            <port dstActor="D0N37" name="p31" srcActor="D0N34"/>
            <port dstActor="D0N39" name="p32" srcActor="D0N34"/>
            <port dstActor="D0N36" name="p33" srcActor="D0N23"/>
            <port dstActor="D0N32" name="p34" srcActor="D0N23"/>
            <port dstActor="D0N32" name="p35" srcActor="D0N8"/>
            <port dstActor="D0N24" name="p36" srcActor="D0N8"/>
            <port dstActor="D0N26" name="p37" srcActor="D0N20"/>
            <port dstActor="D0N36" name="p38" srcActor="D0N20"/>
            <port dstActor="D0N30" name="p39" srcActor="D0N20"/>
            <port dstActor="D0N42" name="p40" srcActor="D0N37"/>
            <port dstActor="D0N48" name="p41" srcActor="D0N37"/>
            <port dstActor="D0N37" name="p42" srcActor="D0N4"/>
            <port dstActor="D0N46" name="p43" srcActor="D0N4"/>
            <port dstActor="D0N29" name="p44" srcActor="D0N4"/>
            <port dstActor="D0N40" name="p45" srcActor="D0N4"/>
            <port dstActor="D0N20" name="p46" srcActor="D0N4"/>
            <port dstActor="D0N47" name="p47" srcActor="D0N0"/>
            <port dstActor="D0N27" name="p48" srcActor="D0N0"/>
            <port dstActor="D0N35" name="p49" srcActor="D0N0"/>
            <port dstActor="D0N39" name="p50" srcActor="D0N27"/>
            <port dstActor="D0N43" name="p51" srcActor="D0N27"/>
            <port dstActor="D0N41" name="p52" srcActor="D0N36"/>
            <port dstActor="D0N39" name="p53" srcActor="D0N36"/>
            <port dstActor="D0N44" name="p54" srcActor="D0N36"/>
            <port dstActor="D0N42" name="p55" srcActor="D0N9"/>
            <port dstActor="D0N38" name="p56" srcActor="D0N9"/>
            <port dstActor="D0N14" name="p57" srcActor="D0N9"/>
            <port dstActor="D0N26" name="p58" srcActor="D0N9"/>
            <port dstActor="D0N34" name="p59" srcActor="D0N9"/>
            <port dstActor="D0N46" name="p60" srcActor="D0N40"/>
            <port dstActor="D0N37" name="p61" srcActor="D0N11"/>
            <port dstActor="D0N27" name="p62" srcActor="D0N18"/>
            <port dstActor="D0N26" name="p63" srcActor="D0N18"/>
            <port dstActor="D0N40" name="p64" srcActor="D0N39"/>
            <port dstActor="D0N41" name="p65" srcActor="D0N39"/>
            <port dstActor="D0N44" name="p66" srcActor="D0N13"/>
            <port dstActor="D0N38" name="p67" srcActor="D0N13"/>
            <port dstActor="D0N29" name="p68" srcActor="D0N16"/>
            <port dstActor="D0N48" name="p69" srcActor="D0N32"/>
            <port dstActor="D0N36" name="p70" srcActor="D0N32"/>
            <port dstActor="D0N47" name="p71" srcActor="D0N32"/>
            <port dstActor="D0N39" name="p72" srcActor="D0N32"/>
            <port dstActor="D0N35" name="p73" srcActor="D0N32"/>
            <port dstActor="D0N38" name="p74" srcActor="D0N35"/>
            <port dstActor="D0N47" name="p75" srcActor="D0N35"/>
            <port dstActor="D0N45" name="p76" srcActor="D0N28"/>
            <port dstActor="D0N38" name="p77" srcActor="D0N28"/>
            <port dstActor="D0N39" name="p78" srcActor="D0N31"/>
            <port dstActor="D0N47" name="p79" srcActor="D0N31"/>
            <port dstActor="D0N25" name="p80" srcActor="D0N7"/>
            <port dstActor="D0N34" name="p81" srcActor="D0N7"/>
            <port dstActor="D0N22" name="p82" srcActor="D0N7"/>
            <port dstActor="D0N38" name="p83" srcActor="D0N6"/>
            <port dstActor="D0N23" name="p84" srcActor="D0N6"/>
            <port dstActor="D0N13" name="p85" srcActor="D0N6"/>
            <port dstActor="D0N21" name="p86" srcActor="D0N6"/>
            <port dstActor="D0N39" name="p87" srcActor="D0N6"/>
            <port dstActor="D0N24" name="p88" srcActor="D0N6"/>
            <port dstActor="D0N12" name="p89" srcActor="D0N6"/>
            <port dstActor="D0N23" name="p90" srcActor="D0N3"/>
            <port dstActor="D0N10" name="p91" srcActor="D0N2"/>
            <port dstActor="D0N14" name="p92" srcActor="D0N2"/>
            <port dstActor="D0N19" name="p93" srcActor="D0N2"/>
            <port dstActor="D0N34" name="p94" srcActor="D0N2"/>
            <port dstActor="D0N2" name="p95" srcActor="D0N1"/>
            <port dstActor="D0N38" name="p96" srcActor="D0N1"/>
            <port dstActor="D0N6" name="p97" srcActor="D0N1"/>
            <port dstActor="D0N25" name="p98" srcActor="D0N1"/>
            <port dstActor="D0N31" name="p99" srcActor="D0N1"/>
            <port dstActor="D0N46" name="p100" srcActor="D0N33"/>
            <port dstActor="D0N47" name="p101" srcActor="D0N19"/>
            <port dstActor="D0N38" name="p102" srcActor="D0N19"/>
            <port dstActor="D0N32" name="p103" srcActor="D0N19"/>
            <port dstActor="D0N34" name="p104" srcActor="D0N15"/>
            <port dstActor="D0N43" name="p105" srcActor="D0N38"/>
            <port dstActor="D0N40" name="p106" srcActor="D0N12"/>
            <port dstActor="D0N17" name="p107" srcActor="D0N12"/>
            <port dstActor="D0N48" name="p108" srcActor="D0N12"/>
            <port dstActor="D0N15" name="p109" srcActor="D0N12"/>
            <port dstActor="D0N45" name="p110" srcActor="D0N41"/>
            <port dstActor="D0N30" name="p111" srcActor="D0N14"/>
            <port dstActor="D0N42" name="p112" srcActor="D0N14"/>
            <port dstActor="D0N24" name="p113" srcActor="D0N14"/>
        </ports>
    </mcdag>
    <cores number="3"/>
    <levels number="2"/>
</mcsystem>
