<?xml version="1.0" encoding="UTF-8" standalone="no"?>
<mcsystem>
    <mcdag deadline="3000" name="genned-0-ed-10.0-0">
        <actor name="D0N8">
            <wcet number="0">410</wcet>
            <wcet number="1">450</wcet>
            <maxpow number="0.41717140338257114"/>
            <maxpow number="0.41717140338257114"/>
            <fprob>0.0</fprob>
        </actor>
        <actor name="D0N13">
            <wcet number="0">180</wcet>
            <wcet number="1">280</wcet>
            <maxpow number="0.6830475514575677"/>
            <maxpow number="0.6830475514575677"/>
            <fprob>0.0</fprob>
        </actor>
        <actor name="D0N6">
            <wcet number="0">150</wcet>
            <wcet number="1">310</wcet>
            <maxpow number="0.5717933933916939"/>
            <maxpow number="0.5717933933916939"/>
            <fprob>0.0</fprob>
        </actor>
        <actor name="D0N3">
            <wcet number="0">10</wcet>
            <wcet number="1">40</wcet>
            <maxpow number="0.6172834345276313"/>
            <maxpow number="0.6172834345276313"/>
            <fprob>0.0</fprob>
        </actor>
        <actor name="D0N28">
            <wcet number="0">10</wcet>
            <wcet number="1">40</wcet>
            <maxpow number="0.6959770142100958"/>
            <maxpow number="0.6959770142100958"/>
            <fprob>0.0</fprob>
        </actor>
        <actor name="D0N42">
            <wcet number="0">60</wcet>
            <wcet number="1">80</wcet>
            <maxpow number="0.7073530125540185"/>
            <maxpow number="0.7073530125540185"/>
            <fprob>0.0</fprob>
        </actor>
        <actor name="D0N18">
            <wcet number="0">60</wcet>
            <wcet number="1">60</wcet>
            <maxpow number="0.8020759417571401"/>
            <maxpow number="0.8020759417571401"/>
            <fprob>0.0</fprob>
        </actor>
        <actor name="D0N27">
            <wcet number="0">40</wcet>
            <wcet number="1">130</wcet>
            <maxpow number="0.5996307532253883"/>
            <maxpow number="0.5996307532253883"/>
            <fprob>0.0</fprob>
        </actor>
        <actor name="D0N15">
            <wcet number="0">10</wcet>
            <wcet number="1">20</wcet>
            <maxpow number="0.4586983813453515"/>
            <maxpow number="0.4586983813453515"/>
            <fprob>0.0</fprob>
        </actor>
        <actor name="D0N46">
            <wcet number="0">20</wcet>
            <wcet number="1">60</wcet>
            <maxpow number="0.6600189444527977"/>
            <maxpow number="0.6600189444527977"/>
            <fprob>0.0</fprob>
        </actor>
        <actor name="D0N14">
            <wcet number="0">140</wcet>
            <wcet number="1">420</wcet>
            <maxpow number="0.6588811623025449"/>
            <maxpow number="0.6588811623025449"/>
            <fprob>0.0</fprob>
        </actor>
        <actor name="D0N38">
            <wcet number="0">10</wcet>
            <wcet number="1">90</wcet>
            <maxpow number="0.9501636957594248"/>
            <maxpow number="0.9501636957594248"/>
            <fprob>0.0</fprob>
        </actor>
        <actor name="D0N44">
            <wcet number="0">80</wcet>
            <wcet number="1">80</wcet>
            <maxpow number="0.6323045516527119"/>
            <maxpow number="0.6323045516527119"/>
            <fprob>0.0</fprob>
        </actor>
        <actor name="D0N48">
            <wcet number="0">50</wcet>
            <wcet number="1">190</wcet>
            <maxpow number="0.6305638183575171"/>
            <maxpow number="0.6305638183575171"/>
            <fprob>0.0</fprob>
        </actor>
        <actor name="D0N10">
            <wcet number="0">240</wcet>
            <wcet number="1">260</wcet>
            <maxpow number="0.3544338465619916"/>
            <maxpow number="0.3544338465619916"/>
            <fprob>0.0</fprob>
        </actor>
        <actor name="D0N33">
            <wcet number="0">10</wcet>
            <wcet number="1">10</wcet>
            <maxpow number="0.7982787414513876"/>
            <maxpow number="0.7982787414513876"/>
            <fprob>0.0</fprob>
        </actor>
        <actor name="D0N2">
            <wcet number="0">70</wcet>
            <wcet number="1">80</wcet>
            <maxpow number="0.49832748500889223"/>
            <maxpow number="0.49832748500889223"/>
            <fprob>0.0</fprob>
        </actor>
        <actor name="D0N19">
            <wcet number="0">150</wcet>
            <wcet number="1">150</wcet>
            <maxpow number="0.5224795523692191"/>
            <maxpow number="0.5224795523692191"/>
            <fprob>0.0</fprob>
        </actor>
        <actor name="D0N11">
            <wcet number="0">50</wcet>
            <wcet number="1">640</wcet>
            <maxpow number="0.29344072056692216"/>
            <maxpow number="0.29344072056692216"/>
            <fprob>0.0</fprob>
        </actor>
        <actor name="D0N30">
            <wcet number="0">80</wcet>
            <wcet number="1">110</wcet>
            <maxpow number="0.424823547016287"/>
            <maxpow number="0.424823547016287"/>
            <fprob>0.0</fprob>
        </actor>
        <actor name="D0N24">
            <wcet number="0">10</wcet>
            <wcet number="1">30</wcet>
            <maxpow number="0.6305560381609219"/>
            <maxpow number="0.6305560381609219"/>
            <fprob>0.0</fprob>
        </actor>
        <actor name="D0N31">
            <wcet number="0">20</wcet>
            <wcet number="1">30</wcet>
            <maxpow number="0.6595354452884657"/>
            <maxpow number="0.6595354452884657"/>
            <fprob>0.0</fprob>
        </actor>
        <actor name="D0N35">
            <wcet number="0">470</wcet>
            <wcet number="1">690</wcet>
            <maxpow number="0.3884908070636612"/>
            <maxpow number="0.3884908070636612"/>
            <fprob>0.0</fprob>
        </actor>
        <actor name="D0N41">
            <wcet number="0">170</wcet>
            <wcet number="1">290</wcet>
            <maxpow number="0.5403501535479517"/>
            <maxpow number="0.5403501535479517"/>
            <fprob>0.0</fprob>
        </actor>
        <actor name="D0N16">
            <wcet number="0">30</wcet>
            <wcet number="1">50</wcet>
            <maxpow number="0.47066265269494645"/>
            <maxpow number="0.47066265269494645"/>
            <fprob>0.0</fprob>
        </actor>
        <actor name="D0N4">
            <wcet number="0">20</wcet>
            <wcet number="1">40</wcet>
            <maxpow number="0.5254931858062855"/>
            <maxpow number="0.5254931858062855"/>
            <fprob>0.0</fprob>
        </actor>
        <actor name="D0N34">
            <wcet number="0">50</wcet>
            <wcet number="1">140</wcet>
            <maxpow number="0.6258734283499232"/>
            <maxpow number="0.6258734283499232"/>
            <fprob>0.0</fprob>
        </actor>
        <actor name="D0N37">
            <wcet number="0">90</wcet>
            <wcet number="1">100</wcet>
            <maxpow number="0.48526502012660133"/>
            <maxpow number="0.48526502012660133"/>
            <fprob>0.0</fprob>
        </actor>
        <actor name="D0N12">
            <wcet number="0">60</wcet>
            <wcet number="1">60</wcet>
            <maxpow number="0.9282027707685008"/>
            <maxpow number="0.9282027707685008"/>
            <fprob>0.0</fprob>
        </actor>
        <actor name="D0N5">
            <wcet number="0">50</wcet>
            <wcet number="1">60</wcet>
            <maxpow number="0.6105968227674613"/>
            <maxpow number="0.6105968227674613"/>
            <fprob>0.0</fprob>
        </actor>
        <actor name="D0N29">
            <wcet number="0">120</wcet>
            <wcet number="1">300</wcet>
            <maxpow number="0.6499312330362645"/>
            <maxpow number="0.6499312330362645"/>
            <fprob>0.0</fprob>
        </actor>
        <actor name="D0N47">
            <wcet number="0">110</wcet>
            <wcet number="1">200</wcet>
            <maxpow number="0.21162967137264876"/>
            <maxpow number="0.21162967137264876"/>
            <fprob>0.0</fprob>
        </actor>
        <actor name="D0N32">
            <wcet number="0">30</wcet>
            <wcet number="1">120</wcet>
            <maxpow number="0.2719419124449793"/>
            <maxpow number="0.2719419124449793"/>
            <fprob>0.0</fprob>
        </actor>
        <actor name="D0N43">
            <wcet number="0">70</wcet>
            <wcet number="1">100</wcet>
            <maxpow number="0.5656689423175658"/>
            <maxpow number="0.5656689423175658"/>
            <fprob>0.0</fprob>
        </actor>
        <actor name="D0N20">
            <wcet number="0">10</wcet>
            <wcet number="1">300</wcet>
            <maxpow number="0.2806003849302665"/>
            <maxpow number="0.2806003849302665"/>
            <fprob>0.0</fprob>
        </actor>
        <actor name="D0N25">
            <wcet number="0">60</wcet>
            <wcet number="1">100</wcet>
            <maxpow number="0.6325418405813009"/>
            <maxpow number="0.6325418405813009"/>
            <fprob>0.0</fprob>
        </actor>
        <actor name="D0N40">
            <wcet number="0">260</wcet>
            <wcet number="1">270</wcet>
            <maxpow number="0.7135610659327742"/>
            <maxpow number="0.7135610659327742"/>
            <fprob>0.0</fprob>
        </actor>
        <actor name="D0N21">
            <wcet number="0">130</wcet>
            <wcet number="1">380</wcet>
            <maxpow number="0.8435035754815527"/>
            <maxpow number="0.8435035754815527"/>
            <fprob>0.0</fprob>
        </actor>
        <actor name="D0N22">
            <wcet number="0">10</wcet>
            <wcet number="1">30</wcet>
            <maxpow number="0.44613797896479124"/>
            <maxpow number="0.44613797896479124"/>
            <fprob>0.0</fprob>
        </actor>
        <actor name="D0N17">
            <wcet number="0">10</wcet>
            <wcet number="1">10</wcet>
            <maxpow number="0.8898367252322816"/>
            <maxpow number="0.8898367252322816"/>
            <fprob>0.0</fprob>
        </actor>
        <actor name="D0N9">
            <wcet number="0">20</wcet>
            <wcet number="1">240</wcet>
            <maxpow number="0.6075664869428699"/>
            <maxpow number="0.6075664869428699"/>
            <fprob>0.0</fprob>
        </actor>
        <actor name="D0N26">
            <wcet number="0">60</wcet>
            <wcet number="1">70</wcet>
            <maxpow number="0.6963248228139312"/>
            <maxpow number="0.6963248228139312"/>
            <fprob>0.0</fprob>
        </actor>
        <actor name="D0N7">
            <wcet number="0">50</wcet>
            <wcet number="1">210</wcet>
            <maxpow number="0.7353126285253082"/>
            <maxpow number="0.7353126285253082"/>
            <fprob>0.0</fprob>
        </actor>
        <actor name="D0N23">
            <wcet number="0">50</wcet>
            <wcet number="1">70</wcet>
            <maxpow number="0.500814860885662"/>
            <maxpow number="0.500814860885662"/>
            <fprob>0.0</fprob>
        </actor>
        <actor name="D0N0">
            <wcet number="0">10</wcet>
            <wcet number="1">120</wcet>
            <maxpow number="0.718348372428166"/>
            <maxpow number="0.718348372428166"/>
            <fprob>0.0</fprob>
        </actor>
        <actor name="D0N39">
            <wcet number="0">30</wcet>
            <wcet number="1">40</wcet>
            <maxpow number="0.5873460801324026"/>
            <maxpow number="0.5873460801324026"/>
            <fprob>0.0</fprob>
        </actor>
        <actor name="D0N1">
            <wcet number="0">50</wcet>
            <wcet number="1">60</wcet>
            <maxpow number="0.367543006994387"/>
            <maxpow number="0.367543006994387"/>
            <fprob>0.0</fprob>
        </actor>
        <actor name="D0N36">
            <wcet number="0">100</wcet>
            <wcet number="1">170</wcet>
            <maxpow number="0.565090919490129"/>
            <maxpow number="0.565090919490129"/>
            <fprob>0.0</fprob>
        </actor>
        <actor name="D0N45">
            <wcet number="0">20</wcet>
            <wcet number="1">20</wcet>
            <maxpow number="0.629734762511982"/>
            <maxpow number="0.629734762511982"/>
            <fprob>0.0</fprob>
        </actor>
        <ports>
            <port dstActor="D0N48" name="p0" srcActor="D0N8"/>
            <port dstActor="D0N16" name="p1" srcActor="D0N8"/>
            <port dstActor="D0N17" name="p2" srcActor="D0N8"/>
            <port dstActor="D0N32" name="p3" srcActor="D0N13"/>
            <port dstActor="D0N33" name="p4" srcActor="D0N13"/>
            <port dstActor="D0N12" name="p5" srcActor="D0N6"/>
            <port dstActor="D0N8" name="p6" srcActor="D0N6"/>
            <port dstActor="D0N21" name="p7" srcActor="D0N6"/>
            <port dstActor="D0N43" name="p8" srcActor="D0N3"/>
            <port dstActor="D0N8" name="p9" srcActor="D0N3"/>
            <port dstActor="D0N30" name="p10" srcActor="D0N3"/>
            <port dstActor="D0N35" name="p11" srcActor="D0N3"/>
            <port dstActor="D0N44" name="p12" srcActor="D0N3"/>
            <port dstActor="D0N37" name="p13" srcActor="D0N28"/>
            <port dstActor="D0N39" name="p14" srcActor="D0N18"/>
            <port dstActor="D0N22" name="p15" srcActor="D0N18"/>
            <port dstActor="D0N24" name="p16" srcActor="D0N18"/>
            <port dstActor="D0N42" name="p17" srcActor="D0N18"/>
            <port dstActor="D0N31" name="p18" srcActor="D0N27"/>
            <port dstActor="D0N30" name="p19" srcActor="D0N27"/>
            <port dstActor="D0N43" name="p20" srcActor="D0N27"/>
            <port dstActor="D0N22" name="p21" srcActor="D0N15"/>
            <port dstActor="D0N30" name="p22" srcActor="D0N14"/>
            <port dstActor="D0N18" name="p23" srcActor="D0N14"/>
            <port dstActor="D0N26" name="p24" srcActor="D0N14"/>
            <port dstActor="D0N25" name="p25" srcActor="D0N14"/>
            <port dstActor="D0N46" name="p26" srcActor="D0N14"/>
            <port dstActor="D0N27" name="p27" srcActor="D0N14"/>
            <port dstActor="D0N47" name="p28" srcActor="D0N38"/>
            <port dstActor="D0N45" name="p29" srcActor="D0N38"/>
            <port dstActor="D0N47" name="p30" srcActor="D0N44"/>
            <port dstActor="D0N23" name="p31" srcActor="D0N10"/>
            <port dstActor="D0N35" name="p32" srcActor="D0N10"/>
            <port dstActor="D0N37" name="p33" srcActor="D0N10"/>
            <port dstActor="D0N28" name="p34" srcActor="D0N10"/>
            <port dstActor="D0N47" name="p35" srcActor="D0N10"/>
            <port dstActor="D0N37" name="p36" srcActor="D0N33"/>
            <port dstActor="D0N30" name="p37" srcActor="D0N2"/>
            <port dstActor="D0N41" name="p38" srcActor="D0N2"/>
            <port dstActor="D0N48" name="p39" srcActor="D0N2"/>
            <port dstActor="D0N41" name="p40" srcActor="D0N19"/>
            <port dstActor="D0N25" name="p41" srcActor="D0N19"/>
            <port dstActor="D0N38" name="p42" srcActor="D0N19"/>
            <port dstActor="D0N31" name="p43" srcActor="D0N19"/>
            <port dstActor="D0N40" name="p44" srcActor="D0N11"/>
            <port dstActor="D0N35" name="p45" srcActor="D0N11"/>
            <port dstActor="D0N37" name="p46" srcActor="D0N30"/>
            <port dstActor="D0N36" name="p47" srcActor="D0N30"/>
            <port dstActor="D0N38" name="p48" srcActor="D0N31"/>
            <port dstActor="D0N39" name="p49" srcActor="D0N31"/>
            <port dstActor="D0N33" name="p50" srcActor="D0N31"/>
            <port dstActor="D0N43" name="p51" srcActor="D0N35"/>
            <port dstActor="D0N44" name="p52" srcActor="D0N41"/>
            <port dstActor="D0N32" name="p53" srcActor="D0N16"/>
            <port dstActor="D0N46" name="p54" srcActor="D0N16"/>
            <port dstActor="D0N26" name="p55" srcActor="D0N16"/>
            <port dstActor="D0N44" name="p56" srcActor="D0N16"/>
            <port dstActor="D0N28" name="p57" srcActor="D0N16"/>
            <port dstActor="D0N35" name="p58" srcActor="D0N4"/>
            <port dstActor="D0N12" name="p59" srcActor="D0N4"/>
            <port dstActor="D0N47" name="p60" srcActor="D0N4"/>
            <port dstActor="D0N48" name="p61" srcActor="D0N4"/>
            <port dstActor="D0N15" name="p62" srcActor="D0N4"/>
            <port dstActor="D0N7" name="p63" srcActor="D0N4"/>
            <port dstActor="D0N40" name="p64" srcActor="D0N37"/>
            <port dstActor="D0N43" name="p65" srcActor="D0N37"/>
            <port dstActor="D0N23" name="p66" srcActor="D0N12"/>
            <port dstActor="D0N27" name="p67" srcActor="D0N12"/>
            <port dstActor="D0N38" name="p68" srcActor="D0N12"/>
            <port dstActor="D0N43" name="p69" srcActor="D0N12"/>
            <port dstActor="D0N20" name="p70" srcActor="D0N12"/>
            <port dstActor="D0N27" name="p71" srcActor="D0N5"/>
            <port dstActor="D0N19" name="p72" srcActor="D0N5"/>
            <port dstActor="D0N8" name="p73" srcActor="D0N5"/>
            <port dstActor="D0N14" name="p74" srcActor="D0N5"/>
            <port dstActor="D0N47" name="p75" srcActor="D0N5"/>
            <port dstActor="D0N37" name="p76" srcActor="D0N5"/>
            <port dstActor="D0N42" name="p77" srcActor="D0N29"/>
            <port dstActor="D0N46" name="p78" srcActor="D0N29"/>
            <port dstActor="D0N37" name="p79" srcActor="D0N32"/>
            <port dstActor="D0N41" name="p80" srcActor="D0N32"/>
            <port dstActor="D0N47" name="p81" srcActor="D0N32"/>
            <port dstActor="D0N34" name="p82" srcActor="D0N20"/>
            <port dstActor="D0N35" name="p83" srcActor="D0N20"/>
            <port dstActor="D0N23" name="p84" srcActor="D0N20"/>
            <port dstActor="D0N29" name="p85" srcActor="D0N20"/>
            <port dstActor="D0N33" name="p86" srcActor="D0N20"/>
            <port dstActor="D0N27" name="p87" srcActor="D0N20"/>
            <port dstActor="D0N40" name="p88" srcActor="D0N25"/>
            <port dstActor="D0N48" name="p89" srcActor="D0N25"/>
            <port dstActor="D0N30" name="p90" srcActor="D0N25"/>
            <port dstActor="D0N30" name="p91" srcActor="D0N21"/>
            <port dstActor="D0N48" name="p92" srcActor="D0N21"/>
            <port dstActor="D0N46" name="p93" srcActor="D0N21"/>
            <port dstActor="D0N27" name="p94" srcActor="D0N21"/>
            <port dstActor="D0N40" name="p95" srcActor="D0N22"/>
            <port dstActor="D0N32" name="p96" srcActor="D0N22"/>
            <port dstActor="D0N29" name="p97" srcActor="D0N22"/>
            <port dstActor="D0N31" name="p98" srcActor="D0N17"/>
            <port dstActor="D0N30" name="p99" srcActor="D0N17"/>
            <port dstActor="D0N24" name="p100" srcActor="D0N9"/>
            <port dstActor="D0N12" name="p101" srcActor="D0N9"/>
            <port dstActor="D0N35" name="p102" srcActor="D0N9"/>
            <port dstActor="D0N32" name="p103" srcActor="D0N9"/>
            <port dstActor="D0N41" name="p104" srcActor="D0N9"/>
            <port dstActor="D0N18" name="p105" srcActor="D0N9"/>
            <port dstActor="D0N22" name="p106" srcActor="D0N9"/>
            <port dstActor="D0N43" name="p107" srcActor="D0N26"/>
            <port dstActor="D0N22" name="p108" srcActor="D0N7"/>
            <port dstActor="D0N14" name="p109" srcActor="D0N7"/>
            <port dstActor="D0N9" name="p110" srcActor="D0N7"/>
            <port dstActor="D0N44" name="p111" srcActor="D0N23"/>
            <port dstActor="D0N35" name="p112" srcActor="D0N23"/>
            <port dstActor="D0N46" name="p113" srcActor="D0N23"/>
            <port dstActor="D0N35" name="p114" srcActor="D0N0"/>
            <port dstActor="D0N41" name="p115" srcActor="D0N0"/>
            <port dstActor="D0N1" name="p116" srcActor="D0N0"/>
            <port dstActor="D0N27" name="p117" srcActor="D0N1"/>
            <port dstActor="D0N34" name="p118" srcActor="D0N1"/>
            <port dstActor="D0N11" name="p119" srcActor="D0N1"/>
            <port dstActor="D0N13" name="p120" srcActor="D0N1"/>
            <port dstActor="D0N3" name="p121" srcActor="D0N1"/>
            <port dstActor="D0N9" name="p122" srcActor="D0N1"/>
            <port dstActor="D0N47" name="p123" srcActor="D0N1"/>
            <port dstActor="D0N47" name="p124" srcActor="D0N36"/>
            <port dstActor="D0N48" name="p125" srcActor="D0N36"/>
            <port dstActor="D0N44" name="p126" srcActor="D0N36"/>
        </ports>
    </mcdag>
    <cores number="3"/>
    <levels number="2"/>
</mcsystem>
