<?xml version="1.0" encoding="UTF-8" standalone="no"?>
<mcsystem>
    <mcdag deadline="5000" name="genned-0-ed-10.0-0">
        <actor name="D0N43">
            <wcet number="0">160</wcet>
            <wcet number="1">410</wcet>
            <maxpow number="0.5547570852062781"/>
            <maxpow number="0.5547570852062781"/>
            <fprob>0.0</fprob>
        </actor>
        <actor name="D0N22">
            <wcet number="0">20</wcet>
            <wcet number="1">150</wcet>
            <maxpow number="0.4790363127333772"/>
            <maxpow number="0.4790363127333772"/>
            <fprob>0.0</fprob>
        </actor>
        <actor name="D0N20">
            <wcet number="0">10</wcet>
            <wcet number="1">10</wcet>
            <maxpow number="0.23817345282217034"/>
            <maxpow number="0.23817345282217034"/>
            <fprob>0.0</fprob>
        </actor>
        <actor name="D0N27">
            <wcet number="0">430</wcet>
            <wcet number="1">440</wcet>
            <maxpow number="0.7303984217408457"/>
            <maxpow number="0.7303984217408457"/>
            <fprob>0.0</fprob>
        </actor>
        <actor name="D0N41">
            <wcet number="0">100</wcet>
            <wcet number="1">110</wcet>
            <maxpow number="0.6402774856398176"/>
            <maxpow number="0.6402774856398176"/>
            <fprob>0.0</fprob>
        </actor>
        <actor name="D0N30">
            <wcet number="0">10</wcet>
            <wcet number="1">20</wcet>
            <maxpow number="0.5700317324510944"/>
            <maxpow number="0.5700317324510944"/>
            <fprob>0.0</fprob>
        </actor>
        <actor name="D0N1">
            <wcet number="0">650</wcet>
            <wcet number="1">790</wcet>
            <maxpow number="0.41776477446318955"/>
            <maxpow number="0.41776477446318955"/>
            <fprob>0.0</fprob>
        </actor>
        <actor name="D0N11">
            <wcet number="0">230</wcet>
            <wcet number="1">290</wcet>
            <maxpow number="0.3011497793100878"/>
            <maxpow number="0.3011497793100878"/>
            <fprob>0.0</fprob>
        </actor>
        <actor name="D0N34">
            <wcet number="0">80</wcet>
            <wcet number="1">360</wcet>
            <maxpow number="0.2766162441252803"/>
            <maxpow number="0.2766162441252803"/>
            <fprob>0.0</fprob>
        </actor>
        <actor name="D0N15">
            <wcet number="0">110</wcet>
            <wcet number="1">120</wcet>
            <maxpow number="0.5569418913537624"/>
            <maxpow number="0.5569418913537624"/>
            <fprob>0.0</fprob>
        </actor>
        <actor name="D0N17">
            <wcet number="0">140</wcet>
            <wcet number="1">600</wcet>
            <maxpow number="0.17848409231082007"/>
            <maxpow number="0.17848409231082007"/>
            <fprob>0.0</fprob>
        </actor>
        <actor name="D0N9">
            <wcet number="0">220</wcet>
            <wcet number="1">230</wcet>
            <maxpow number="0.27761503459049425"/>
            <maxpow number="0.27761503459049425"/>
            <fprob>0.0</fprob>
        </actor>
        <actor name="D0N28">
            <wcet number="0">10</wcet>
            <wcet number="1">10</wcet>
            <maxpow number="0.28420447936046345"/>
            <maxpow number="0.28420447936046345"/>
            <fprob>0.0</fprob>
        </actor>
        <actor name="D0N45">
            <wcet number="0">170</wcet>
            <wcet number="1">420</wcet>
            <maxpow number="0.36842816039572"/>
            <maxpow number="0.36842816039572"/>
            <fprob>0.0</fprob>
        </actor>
        <actor name="D0N37">
            <wcet number="0">290</wcet>
            <wcet number="1">750</wcet>
            <maxpow number="0.8388169328863072"/>
            <maxpow number="0.8388169328863072"/>
            <fprob>0.0</fprob>
        </actor>
        <actor name="D0N33">
            <wcet number="0">850</wcet>
            <wcet number="1">870</wcet>
            <maxpow number="0.5235068685050329"/>
            <maxpow number="0.5235068685050329"/>
            <fprob>0.0</fprob>
        </actor>
        <actor name="D0N48">
            <wcet number="0">20</wcet>
            <wcet number="1">40</wcet>
            <maxpow number="0.7244570499725589"/>
            <maxpow number="0.7244570499725589"/>
            <fprob>0.0</fprob>
        </actor>
        <actor name="D0N5">
            <wcet number="0">60</wcet>
            <wcet number="1">140</wcet>
            <maxpow number="0.3843936268866519"/>
            <maxpow number="0.3843936268866519"/>
            <fprob>0.0</fprob>
        </actor>
        <actor name="D0N42">
            <wcet number="0">150</wcet>
            <wcet number="1">240</wcet>
            <maxpow number="0.4925251352160702"/>
            <maxpow number="0.4925251352160702"/>
            <fprob>0.0</fprob>
        </actor>
        <actor name="D0N12">
            <wcet number="0">10</wcet>
            <wcet number="1">30</wcet>
            <maxpow number="0.10096004573717138"/>
            <maxpow number="0.10096004573717138"/>
            <fprob>0.0</fprob>
        </actor>
        <actor name="D0N13">
            <wcet number="0">20</wcet>
            <wcet number="1">80</wcet>
            <maxpow number="0.4934220418287572"/>
            <maxpow number="0.4934220418287572"/>
            <fprob>0.0</fprob>
        </actor>
        <actor name="D0N6">
            <wcet number="0">50</wcet>
            <wcet number="1">240</wcet>
            <maxpow number="0.6063819352424867"/>
            <maxpow number="0.6063819352424867"/>
            <fprob>0.0</fprob>
        </actor>
        <actor name="D0N39">
            <wcet number="0">30</wcet>
            <wcet number="1">70</wcet>
            <maxpow number="0.7578972421345959"/>
            <maxpow number="0.7578972421345959"/>
            <fprob>0.0</fprob>
        </actor>
        <actor name="D0N16">
            <wcet number="0">110</wcet>
            <wcet number="1">360</wcet>
            <maxpow number="0.22281172740825828"/>
            <maxpow number="0.22281172740825828"/>
            <fprob>0.0</fprob>
        </actor>
        <actor name="D0N47">
            <wcet number="0">320</wcet>
            <wcet number="1">670</wcet>
            <maxpow number="0.8449868298842789"/>
            <maxpow number="0.8449868298842789"/>
            <fprob>0.0</fprob>
        </actor>
        <actor name="D0N10">
            <wcet number="0">210</wcet>
            <wcet number="1">250</wcet>
            <maxpow number="0.6581889559195512"/>
            <maxpow number="0.6581889559195512"/>
            <fprob>0.0</fprob>
        </actor>
        <actor name="D0N38">
            <wcet number="0">140</wcet>
            <wcet number="1">300</wcet>
            <maxpow number="0.7087120534508414"/>
            <maxpow number="0.7087120534508414"/>
            <fprob>0.0</fprob>
        </actor>
        <actor name="D0N4">
            <wcet number="0">40</wcet>
            <wcet number="1">40</wcet>
            <maxpow number="0.6554372092680838"/>
            <maxpow number="0.6554372092680838"/>
            <fprob>0.0</fprob>
        </actor>
        <actor name="D0N35">
            <wcet number="0">20</wcet>
            <wcet number="1">260</wcet>
            <maxpow number="0.5295272135291744"/>
            <maxpow number="0.5295272135291744"/>
            <fprob>0.0</fprob>
        </actor>
        <actor name="D0N25">
            <wcet number="0">90</wcet>
            <wcet number="1">170</wcet>
            <maxpow number="0.5813070282630003"/>
            <maxpow number="0.5813070282630003"/>
            <fprob>0.0</fprob>
        </actor>
        <actor name="D0N40">
            <wcet number="0">340</wcet>
            <wcet number="1">470</wcet>
            <maxpow number="0.6065912760278407"/>
            <maxpow number="0.6065912760278407"/>
            <fprob>0.0</fprob>
        </actor>
        <actor name="D0N2">
            <wcet number="0">490</wcet>
            <wcet number="1">500</wcet>
            <maxpow number="0.33351040471071874"/>
            <maxpow number="0.33351040471071874"/>
            <fprob>0.0</fprob>
        </actor>
        <actor name="D0N8">
            <wcet number="0">280</wcet>
            <wcet number="1">560</wcet>
            <maxpow number="0.5566070150235586"/>
            <maxpow number="0.5566070150235586"/>
            <fprob>0.0</fprob>
        </actor>
        <actor name="D0N29">
            <wcet number="0">70</wcet>
            <wcet number="1">110</wcet>
            <maxpow number="0.27011902605533367"/>
            <maxpow number="0.27011902605533367"/>
            <fprob>0.0</fprob>
        </actor>
        <actor name="D0N18">
            <wcet number="0">20</wcet>
            <wcet number="1">20</wcet>
            <maxpow number="0.5917919871801861"/>
            <maxpow number="0.5917919871801861"/>
            <fprob>0.0</fprob>
        </actor>
        <actor name="D0N3">
            <wcet number="0">90</wcet>
            <wcet number="1">620</wcet>
            <maxpow number="0.5188786259119985"/>
            <maxpow number="0.5188786259119985"/>
            <fprob>0.0</fprob>
        </actor>
        <actor name="D0N32">
            <wcet number="0">170</wcet>
            <wcet number="1">250</wcet>
            <maxpow number="0.7954874676838426"/>
            <maxpow number="0.7954874676838426"/>
            <fprob>0.0</fprob>
        </actor>
        <actor name="D0N46">
            <wcet number="0">460</wcet>
            <wcet number="1">460</wcet>
            <maxpow number="0.7106909792044395"/>
            <maxpow number="0.7106909792044395"/>
            <fprob>0.0</fprob>
        </actor>
        <actor name="D0N7">
            <wcet number="0">70</wcet>
            <wcet number="1">80</wcet>
            <maxpow number="0.6728672193405112"/>
            <maxpow number="0.6728672193405112"/>
            <fprob>0.0</fprob>
        </actor>
        <actor name="D0N24">
            <wcet number="0">170</wcet>
            <wcet number="1">170</wcet>
            <maxpow number="0.5740717102637591"/>
            <maxpow number="0.5740717102637591"/>
            <fprob>0.0</fprob>
        </actor>
        <actor name="D0N31">
            <wcet number="0">100</wcet>
            <wcet number="1">150</wcet>
            <maxpow number="0.19036848858622285"/>
            <maxpow number="0.19036848858622285"/>
            <fprob>0.0</fprob>
        </actor>
        <actor name="D0N44">
            <wcet number="0">70</wcet>
            <wcet number="1">350</wcet>
            <maxpow number="0.6919725767163373"/>
            <maxpow number="0.6919725767163373"/>
            <fprob>0.0</fprob>
        </actor>
        <actor name="D0N0">
            <wcet number="0">10</wcet>
            <wcet number="1">120</wcet>
            <maxpow number="0.7683989273261899"/>
            <maxpow number="0.7683989273261899"/>
            <fprob>0.0</fprob>
        </actor>
        <actor name="D0N19">
            <wcet number="0">10</wcet>
            <wcet number="1">10</wcet>
            <maxpow number="0.5459642865016745"/>
            <maxpow number="0.5459642865016745"/>
            <fprob>0.0</fprob>
        </actor>
        <actor name="D0N26">
            <wcet number="0">150</wcet>
            <wcet number="1">260</wcet>
            <maxpow number="0.6515057564232276"/>
            <maxpow number="0.6515057564232276"/>
            <fprob>0.0</fprob>
        </actor>
        <actor name="D0N14">
            <wcet number="0">150</wcet>
            <wcet number="1">210</wcet>
            <maxpow number="0.12224226280771044"/>
            <maxpow number="0.12224226280771044"/>
            <fprob>0.0</fprob>
        </actor>
        <actor name="D0N23">
            <wcet number="0">100</wcet>
            <wcet number="1">240</wcet>
            <maxpow number="0.27506847949919133"/>
            <maxpow number="0.27506847949919133"/>
            <fprob>0.0</fprob>
        </actor>
        <actor name="D0N36">
            <wcet number="0">160</wcet>
            <wcet number="1">420</wcet>
            <maxpow number="0.19435587882007954"/>
            <maxpow number="0.19435587882007954"/>
            <fprob>0.0</fprob>
        </actor>
        <actor name="D0N21">
            <wcet number="0">20</wcet>
            <wcet number="1">30</wcet>
            <maxpow number="0.6155306690475401"/>
            <maxpow number="0.6155306690475401"/>
            <fprob>0.0</fprob>
        </actor>
        <ports>
            <port dstActor="D0N48" name="p0" srcActor="D0N43"/>
            <port dstActor="D0N23" name="p1" srcActor="D0N22"/>
            <port dstActor="D0N30" name="p2" srcActor="D0N22"/>
            <port dstActor="D0N24" name="p3" srcActor="D0N22"/>
            <port dstActor="D0N37" name="p4" srcActor="D0N20"/>
            <port dstActor="D0N28" name="p5" srcActor="D0N20"/>
            <port dstActor="D0N40" name="p6" srcActor="D0N27"/>
            <port dstActor="D0N45" name="p7" srcActor="D0N30"/>
            <port dstActor="D0N34" name="p8" srcActor="D0N30"/>
            <port dstActor="D0N48" name="p9" srcActor="D0N30"/>
            <port dstActor="D0N8" name="p10" srcActor="D0N1"/>
            <port dstActor="D0N37" name="p11" srcActor="D0N1"/>
            <port dstActor="D0N3" name="p12" srcActor="D0N1"/>
            <port dstActor="D0N26" name="p13" srcActor="D0N1"/>
            <port dstActor="D0N10" name="p14" srcActor="D0N1"/>
            <port dstActor="D0N13" name="p15" srcActor="D0N1"/>
            <port dstActor="D0N12" name="p16" srcActor="D0N1"/>
            <port dstActor="D0N14" name="p17" srcActor="D0N1"/>
            <port dstActor="D0N23" name="p18" srcActor="D0N11"/>
            <port dstActor="D0N40" name="p19" srcActor="D0N11"/>
            <port dstActor="D0N42" name="p20" srcActor="D0N34"/>
            <port dstActor="D0N41" name="p21" srcActor="D0N34"/>
            <port dstActor="D0N42" name="p22" srcActor="D0N15"/>
            <port dstActor="D0N45" name="p23" srcActor="D0N15"/>
            <port dstActor="D0N35" name="p24" srcActor="D0N17"/>
            <port dstActor="D0N22" name="p25" srcActor="D0N17"/>
            <port dstActor="D0N36" name="p26" srcActor="D0N17"/>
            <port dstActor="D0N25" name="p27" srcActor="D0N9"/>
            <port dstActor="D0N36" name="p28" srcActor="D0N9"/>
            <port dstActor="D0N40" name="p29" srcActor="D0N28"/>
            <port dstActor="D0N37" name="p30" srcActor="D0N28"/>
            <port dstActor="D0N42" name="p31" srcActor="D0N37"/>
            <port dstActor="D0N46" name="p32" srcActor="D0N37"/>
            <port dstActor="D0N40" name="p33" srcActor="D0N33"/>
            <port dstActor="D0N48" name="p34" srcActor="D0N33"/>
            <port dstActor="D0N24" name="p35" srcActor="D0N5"/>
            <port dstActor="D0N41" name="p36" srcActor="D0N12"/>
            <port dstActor="D0N45" name="p37" srcActor="D0N12"/>
            <port dstActor="D0N18" name="p38" srcActor="D0N12"/>
            <port dstActor="D0N26" name="p39" srcActor="D0N12"/>
            <port dstActor="D0N14" name="p40" srcActor="D0N13"/>
            <port dstActor="D0N43" name="p41" srcActor="D0N13"/>
            <port dstActor="D0N21" name="p42" srcActor="D0N13"/>
            <port dstActor="D0N30" name="p43" srcActor="D0N6"/>
            <port dstActor="D0N48" name="p44" srcActor="D0N6"/>
            <port dstActor="D0N47" name="p45" srcActor="D0N39"/>
            <port dstActor="D0N40" name="p46" srcActor="D0N16"/>
            <port dstActor="D0N20" name="p47" srcActor="D0N16"/>
            <port dstActor="D0N33" name="p48" srcActor="D0N16"/>
            <port dstActor="D0N30" name="p49" srcActor="D0N16"/>
            <port dstActor="D0N48" name="p50" srcActor="D0N16"/>
            <port dstActor="D0N20" name="p51" srcActor="D0N10"/>
            <port dstActor="D0N45" name="p52" srcActor="D0N10"/>
            <port dstActor="D0N47" name="p53" srcActor="D0N10"/>
            <port dstActor="D0N48" name="p54" srcActor="D0N38"/>
            <port dstActor="D0N34" name="p55" srcActor="D0N4"/>
            <port dstActor="D0N14" name="p56" srcActor="D0N4"/>
            <port dstActor="D0N30" name="p57" srcActor="D0N4"/>
            <port dstActor="D0N35" name="p58" srcActor="D0N25"/>
            <port dstActor="D0N37" name="p59" srcActor="D0N25"/>
            <port dstActor="D0N31" name="p60" srcActor="D0N25"/>
            <port dstActor="D0N48" name="p61" srcActor="D0N2"/>
            <port dstActor="D0N18" name="p62" srcActor="D0N2"/>
            <port dstActor="D0N5" name="p63" srcActor="D0N2"/>
            <port dstActor="D0N46" name="p64" srcActor="D0N8"/>
            <port dstActor="D0N17" name="p65" srcActor="D0N8"/>
            <port dstActor="D0N12" name="p66" srcActor="D0N8"/>
            <port dstActor="D0N31" name="p67" srcActor="D0N8"/>
            <port dstActor="D0N37" name="p68" srcActor="D0N29"/>
            <port dstActor="D0N24" name="p69" srcActor="D0N18"/>
            <port dstActor="D0N38" name="p70" srcActor="D0N18"/>
            <port dstActor="D0N36" name="p71" srcActor="D0N18"/>
            <port dstActor="D0N26" name="p72" srcActor="D0N18"/>
            <port dstActor="D0N34" name="p73" srcActor="D0N18"/>
            <port dstActor="D0N23" name="p74" srcActor="D0N3"/>
            <port dstActor="D0N8" name="p75" srcActor="D0N3"/>
            <port dstActor="D0N29" name="p76" srcActor="D0N3"/>
            <port dstActor="D0N24" name="p77" srcActor="D0N3"/>
            <port dstActor="D0N11" name="p78" srcActor="D0N3"/>
            <port dstActor="D0N48" name="p79" srcActor="D0N32"/>
            <port dstActor="D0N46" name="p80" srcActor="D0N32"/>
            <port dstActor="D0N47" name="p81" srcActor="D0N32"/>
            <port dstActor="D0N32" name="p82" srcActor="D0N7"/>
            <port dstActor="D0N47" name="p83" srcActor="D0N7"/>
            <port dstActor="D0N15" name="p84" srcActor="D0N7"/>
            <port dstActor="D0N43" name="p85" srcActor="D0N7"/>
            <port dstActor="D0N40" name="p86" srcActor="D0N24"/>
            <port dstActor="D0N30" name="p87" srcActor="D0N24"/>
            <port dstActor="D0N5" name="p88" srcActor="D0N0"/>
            <port dstActor="D0N7" name="p89" srcActor="D0N0"/>
            <port dstActor="D0N3" name="p90" srcActor="D0N0"/>
            <port dstActor="D0N47" name="p91" srcActor="D0N0"/>
            <port dstActor="D0N35" name="p92" srcActor="D0N19"/>
            <port dstActor="D0N26" name="p93" srcActor="D0N19"/>
            <port dstActor="D0N39" name="p94" srcActor="D0N19"/>
            <port dstActor="D0N41" name="p95" srcActor="D0N26"/>
            <port dstActor="D0N47" name="p96" srcActor="D0N26"/>
            <port dstActor="D0N24" name="p97" srcActor="D0N14"/>
            <port dstActor="D0N22" name="p98" srcActor="D0N14"/>
            <port dstActor="D0N30" name="p99" srcActor="D0N14"/>
            <port dstActor="D0N29" name="p100" srcActor="D0N14"/>
            <port dstActor="D0N27" name="p101" srcActor="D0N14"/>
            <port dstActor="D0N34" name="p102" srcActor="D0N14"/>
            <port dstActor="D0N24" name="p103" srcActor="D0N23"/>
            <port dstActor="D0N32" name="p104" srcActor="D0N23"/>
            <port dstActor="D0N39" name="p105" srcActor="D0N23"/>
            <port dstActor="D0N46" name="p106" srcActor="D0N23"/>
            <port dstActor="D0N26" name="p107" srcActor="D0N23"/>
            <port dstActor="D0N38" name="p108" srcActor="D0N36"/>
            <port dstActor="D0N41" name="p109" srcActor="D0N36"/>
            <port dstActor="D0N45" name="p110" srcActor="D0N36"/>
            <port dstActor="D0N39" name="p111" srcActor="D0N36"/>
            <port dstActor="D0N38" name="p112" srcActor="D0N21"/>
            <port dstActor="D0N22" name="p113" srcActor="D0N21"/>
        </ports>
    </mcdag>
    <cores number="3"/>
    <levels number="2"/>
</mcsystem>
