<?xml version="1.0" encoding="UTF-8" standalone="no"?>
<mcsystem>
    <mcdag deadline="1800" name="genned-0-ed-10.0-0">
        <actor name="D0N8">
            <wcet number="0">170</wcet>
            <wcet number="1">170</wcet>
            <maxpow number="0.4397795340345346"/>
            <maxpow number="0.4397795340345346"/>
            <fprob>0.0</fprob>
        </actor>
        <actor name="D0N35">
            <wcet number="0">70</wcet>
            <wcet number="1">70</wcet>
            <maxpow number="0.5045097494897184"/>
            <maxpow number="0.5045097494897184"/>
            <fprob>0.0</fprob>
        </actor>
        <actor name="D0N32">
            <wcet number="0">10</wcet>
            <wcet number="1">10</wcet>
            <maxpow number="0.6413769848843377"/>
            <maxpow number="0.6413769848843377"/>
            <fprob>0.0</fprob>
        </actor>
        <actor name="D0N38">
            <wcet number="0">10</wcet>
            <wcet number="1">10</wcet>
            <maxpow number="0.771282562805006"/>
            <maxpow number="0.771282562805006"/>
            <fprob>0.0</fprob>
        </actor>
        <actor name="D0N43">
            <wcet number="0">380</wcet>
            <wcet number="1">470</wcet>
            <maxpow number="0.7621413559320083"/>
            <maxpow number="0.7621413559320083"/>
            <fprob>0.0</fprob>
        </actor>
        <actor name="D0N7">
            <wcet number="0">20</wcet>
            <wcet number="1">20</wcet>
            <maxpow number="0.36789772570411494"/>
            <maxpow number="0.36789772570411494"/>
            <fprob>0.0</fprob>
        </actor>
        <actor name="D0N13">
            <wcet number="0">10</wcet>
            <wcet number="1">10</wcet>
            <maxpow number="0.47010031273229036"/>
            <maxpow number="0.47010031273229036"/>
            <fprob>0.0</fprob>
        </actor>
        <actor name="D0N31">
            <wcet number="0">40</wcet>
            <wcet number="1">40</wcet>
            <maxpow number="0.47530988421354414"/>
            <maxpow number="0.47530988421354414"/>
            <fprob>0.0</fprob>
        </actor>
        <actor name="D0N21">
            <wcet number="0">60</wcet>
            <wcet number="1">80</wcet>
            <maxpow number="0.7334750265595046"/>
            <maxpow number="0.7334750265595046"/>
            <fprob>0.0</fprob>
        </actor>
        <actor name="D0N16">
            <wcet number="0">40</wcet>
            <wcet number="1">80</wcet>
            <maxpow number="0.6409636894474712"/>
            <maxpow number="0.6409636894474712"/>
            <fprob>0.0</fprob>
        </actor>
        <actor name="D0N9">
            <wcet number="0">60</wcet>
            <wcet number="1">90</wcet>
            <maxpow number="0.683281937491555"/>
            <maxpow number="0.683281937491555"/>
            <fprob>0.0</fprob>
        </actor>
        <actor name="D0N25">
            <wcet number="0">30</wcet>
            <wcet number="1">30</wcet>
            <maxpow number="0.8007822183680482"/>
            <maxpow number="0.8007822183680482"/>
            <fprob>0.0</fprob>
        </actor>
        <actor name="D0N28">
            <wcet number="0">50</wcet>
            <wcet number="1">60</wcet>
            <maxpow number="0.6917970250794706"/>
            <maxpow number="0.6917970250794706"/>
            <fprob>0.0</fprob>
        </actor>
        <actor name="D0N24">
            <wcet number="0">240</wcet>
            <wcet number="1">340</wcet>
            <maxpow number="0.9717757892382717"/>
            <maxpow number="0.9717757892382717"/>
            <fprob>0.0</fprob>
        </actor>
        <actor name="D0N4">
            <wcet number="0">50</wcet>
            <wcet number="1">160</wcet>
            <maxpow number="0.5441518072972802"/>
            <maxpow number="0.5441518072972802"/>
            <fprob>0.0</fprob>
        </actor>
        <actor name="D0N27">
            <wcet number="0">20</wcet>
            <wcet number="1">80</wcet>
            <maxpow number="0.508485186832358"/>
            <maxpow number="0.508485186832358"/>
            <fprob>0.0</fprob>
        </actor>
        <actor name="D0N44">
            <wcet number="0">20</wcet>
            <wcet number="1">240</wcet>
            <maxpow number="0.4775784553632394"/>
            <maxpow number="0.4775784553632394"/>
            <fprob>0.0</fprob>
        </actor>
        <actor name="D0N5">
            <wcet number="0">70</wcet>
            <wcet number="1">160</wcet>
            <maxpow number="0.4309862249959756"/>
            <maxpow number="0.4309862249959756"/>
            <fprob>0.0</fprob>
        </actor>
        <actor name="D0N22">
            <wcet number="0">30</wcet>
            <wcet number="1">50</wcet>
            <maxpow number="0.6258169633032655"/>
            <maxpow number="0.6258169633032655"/>
            <fprob>0.0</fprob>
        </actor>
        <actor name="D0N39">
            <wcet number="0">20</wcet>
            <wcet number="1">30</wcet>
            <maxpow number="0.6278279240434882"/>
            <maxpow number="0.6278279240434882"/>
            <fprob>0.0</fprob>
        </actor>
        <actor name="D0N0">
            <wcet number="0">110</wcet>
            <wcet number="1">150</wcet>
            <maxpow number="0.6945065931995036"/>
            <maxpow number="0.6945065931995036"/>
            <fprob>0.0</fprob>
        </actor>
        <actor name="D0N36">
            <wcet number="0">10</wcet>
            <wcet number="1">10</wcet>
            <maxpow number="0.5007240105374481"/>
            <maxpow number="0.5007240105374481"/>
            <fprob>0.0</fprob>
        </actor>
        <actor name="D0N29">
            <wcet number="0">20</wcet>
            <wcet number="1">20</wcet>
            <maxpow number="0.8078154689991686"/>
            <maxpow number="0.8078154689991686"/>
            <fprob>0.0</fprob>
        </actor>
        <actor name="D0N40">
            <wcet number="0">40</wcet>
            <wcet number="1">50</wcet>
            <maxpow number="0.6782170487039036"/>
            <maxpow number="0.6782170487039036"/>
            <fprob>0.0</fprob>
        </actor>
        <actor name="D0N2">
            <wcet number="0">210</wcet>
            <wcet number="1">290</wcet>
            <maxpow number="0.38189174775801216"/>
            <maxpow number="0.38189174775801216"/>
            <fprob>0.0</fprob>
        </actor>
        <actor name="D0N26">
            <wcet number="0">50</wcet>
            <wcet number="1">120</wcet>
            <maxpow number="0.5881393065618121"/>
            <maxpow number="0.5881393065618121"/>
            <fprob>0.0</fprob>
        </actor>
        <actor name="D0N1">
            <wcet number="0">20</wcet>
            <wcet number="1">20</wcet>
            <maxpow number="0.943623401217748"/>
            <maxpow number="0.943623401217748"/>
            <fprob>0.0</fprob>
        </actor>
        <actor name="D0N3">
            <wcet number="0">20</wcet>
            <wcet number="1">20</wcet>
            <maxpow number="0.6478900617704587"/>
            <maxpow number="0.6478900617704587"/>
            <fprob>0.0</fprob>
        </actor>
        <actor name="D0N23">
            <wcet number="0">70</wcet>
            <wcet number="1">70</wcet>
            <maxpow number="0.5281796213999012"/>
            <maxpow number="0.5281796213999012"/>
            <fprob>0.0</fprob>
        </actor>
        <actor name="D0N6">
            <wcet number="0">110</wcet>
            <wcet number="1">190</wcet>
            <maxpow number="0.5779454179612379"/>
            <maxpow number="0.5779454179612379"/>
            <fprob>0.0</fprob>
        </actor>
        <actor name="D0N12">
            <wcet number="0">50</wcet>
            <wcet number="1">50</wcet>
            <maxpow number="0.5049645282605423"/>
            <maxpow number="0.5049645282605423"/>
            <fprob>0.0</fprob>
        </actor>
        <actor name="D0N17">
            <wcet number="0">20</wcet>
            <wcet number="1">190</wcet>
            <maxpow number="0.452954630156967"/>
            <maxpow number="0.452954630156967"/>
            <fprob>0.0</fprob>
        </actor>
        <actor name="D0N14">
            <wcet number="0">10</wcet>
            <wcet number="1">60</wcet>
            <maxpow number="0.4307377025951094"/>
            <maxpow number="0.4307377025951094"/>
            <fprob>0.0</fprob>
        </actor>
        <actor name="D0N18">
            <wcet number="0">360</wcet>
            <wcet number="1">360</wcet>
            <maxpow number="0.6899198836929035"/>
            <maxpow number="0.6899198836929035"/>
            <fprob>0.0</fprob>
        </actor>
        <actor name="D0N10">
            <wcet number="0">170</wcet>
            <wcet number="1">200</wcet>
            <maxpow number="0.4738186549613728"/>
            <maxpow number="0.4738186549613728"/>
            <fprob>0.0</fprob>
        </actor>
        <actor name="D0N11">
            <wcet number="0">40</wcet>
            <wcet number="1">50</wcet>
            <maxpow number="0.6813249108079754"/>
            <maxpow number="0.6813249108079754"/>
            <fprob>0.0</fprob>
        </actor>
        <actor name="D0N37">
            <wcet number="0">60</wcet>
            <wcet number="1">140</wcet>
            <maxpow number="0.7709385096777948"/>
            <maxpow number="0.7709385096777948"/>
            <fprob>0.0</fprob>
        </actor>
        <actor name="D0N30">
            <wcet number="0">100</wcet>
            <wcet number="1">160</wcet>
            <maxpow number="0.4122461593033958"/>
            <maxpow number="0.4122461593033958"/>
            <fprob>0.0</fprob>
        </actor>
        <actor name="D0N33">
            <wcet number="0">80</wcet>
            <wcet number="1">180</wcet>
            <maxpow number="0.46275317695764934"/>
            <maxpow number="0.46275317695764934"/>
            <fprob>0.0</fprob>
        </actor>
        <actor name="D0N15">
            <wcet number="0">30</wcet>
            <wcet number="1">70</wcet>
            <maxpow number="0.5300291985002595"/>
            <maxpow number="0.5300291985002595"/>
            <fprob>0.0</fprob>
        </actor>
        <actor name="D0N42">
            <wcet number="0">40</wcet>
            <wcet number="1">40</wcet>
            <maxpow number="0.5977091401668376"/>
            <maxpow number="0.5977091401668376"/>
            <fprob>0.0</fprob>
        </actor>
        <actor name="D0N41">
            <wcet number="0">10</wcet>
            <wcet number="1">340</wcet>
            <maxpow number="0.6140422536688845"/>
            <maxpow number="0.6140422536688845"/>
            <fprob>0.0</fprob>
        </actor>
        <actor name="D0N20">
            <wcet number="0">10</wcet>
            <wcet number="1">10</wcet>
            <maxpow number="0.58923733345693"/>
            <maxpow number="0.58923733345693"/>
            <fprob>0.0</fprob>
        </actor>
        <actor name="D0N34">
            <wcet number="0">20</wcet>
            <wcet number="1">40</wcet>
            <maxpow number="0.7763116545594064"/>
            <maxpow number="0.7763116545594064"/>
            <fprob>0.0</fprob>
        </actor>
        <actor name="D0N19">
            <wcet number="0">170</wcet>
            <wcet number="1">190</wcet>
            <maxpow number="0.6275565262054944"/>
            <maxpow number="0.6275565262054944"/>
            <fprob>0.0</fprob>
        </actor>
        <ports>
            <port dstActor="D0N41" name="p0" srcActor="D0N8"/>
            <port dstActor="D0N36" name="p1" srcActor="D0N8"/>
            <port dstActor="D0N36" name="p2" srcActor="D0N35"/>
            <port dstActor="D0N42" name="p3" srcActor="D0N35"/>
            <port dstActor="D0N41" name="p4" srcActor="D0N32"/>
            <port dstActor="D0N15" name="p5" srcActor="D0N7"/>
            <port dstActor="D0N37" name="p6" srcActor="D0N7"/>
            <port dstActor="D0N19" name="p7" srcActor="D0N7"/>
            <port dstActor="D0N40" name="p8" srcActor="D0N7"/>
            <port dstActor="D0N23" name="p9" srcActor="D0N7"/>
            <port dstActor="D0N39" name="p10" srcActor="D0N13"/>
            <port dstActor="D0N18" name="p11" srcActor="D0N13"/>
            <port dstActor="D0N40" name="p12" srcActor="D0N13"/>
            <port dstActor="D0N32" name="p13" srcActor="D0N31"/>
            <port dstActor="D0N28" name="p14" srcActor="D0N21"/>
            <port dstActor="D0N23" name="p15" srcActor="D0N21"/>
            <port dstActor="D0N11" name="p16" srcActor="D0N9"/>
            <port dstActor="D0N37" name="p17" srcActor="D0N9"/>
            <port dstActor="D0N39" name="p18" srcActor="D0N9"/>
            <port dstActor="D0N21" name="p19" srcActor="D0N9"/>
            <port dstActor="D0N36" name="p20" srcActor="D0N25"/>
            <port dstActor="D0N26" name="p21" srcActor="D0N25"/>
            <port dstActor="D0N33" name="p22" srcActor="D0N25"/>
            <port dstActor="D0N44" name="p23" srcActor="D0N28"/>
            <port dstActor="D0N37" name="p24" srcActor="D0N24"/>
            <port dstActor="D0N13" name="p25" srcActor="D0N4"/>
            <port dstActor="D0N41" name="p26" srcActor="D0N4"/>
            <port dstActor="D0N43" name="p27" srcActor="D0N4"/>
            <port dstActor="D0N31" name="p28" srcActor="D0N4"/>
            <port dstActor="D0N44" name="p29" srcActor="D0N27"/>
            <port dstActor="D0N9" name="p30" srcActor="D0N5"/>
            <port dstActor="D0N6" name="p31" srcActor="D0N5"/>
            <port dstActor="D0N19" name="p32" srcActor="D0N5"/>
            <port dstActor="D0N38" name="p33" srcActor="D0N5"/>
            <port dstActor="D0N15" name="p34" srcActor="D0N5"/>
            <port dstActor="D0N31" name="p35" srcActor="D0N5"/>
            <port dstActor="D0N26" name="p36" srcActor="D0N5"/>
            <port dstActor="D0N40" name="p37" srcActor="D0N5"/>
            <port dstActor="D0N27" name="p38" srcActor="D0N22"/>
            <port dstActor="D0N32" name="p39" srcActor="D0N22"/>
            <port dstActor="D0N5" name="p40" srcActor="D0N0"/>
            <port dstActor="D0N23" name="p41" srcActor="D0N0"/>
            <port dstActor="D0N33" name="p42" srcActor="D0N0"/>
            <port dstActor="D0N11" name="p43" srcActor="D0N0"/>
            <port dstActor="D0N40" name="p44" srcActor="D0N29"/>
            <port dstActor="D0N33" name="p45" srcActor="D0N29"/>
            <port dstActor="D0N17" name="p46" srcActor="D0N2"/>
            <port dstActor="D0N36" name="p47" srcActor="D0N2"/>
            <port dstActor="D0N29" name="p48" srcActor="D0N26"/>
            <port dstActor="D0N28" name="p49" srcActor="D0N1"/>
            <port dstActor="D0N5" name="p50" srcActor="D0N1"/>
            <port dstActor="D0N34" name="p51" srcActor="D0N1"/>
            <port dstActor="D0N39" name="p52" srcActor="D0N1"/>
            <port dstActor="D0N36" name="p53" srcActor="D0N1"/>
            <port dstActor="D0N28" name="p54" srcActor="D0N3"/>
            <port dstActor="D0N41" name="p55" srcActor="D0N3"/>
            <port dstActor="D0N36" name="p56" srcActor="D0N3"/>
            <port dstActor="D0N28" name="p57" srcActor="D0N23"/>
            <port dstActor="D0N35" name="p58" srcActor="D0N23"/>
            <port dstActor="D0N35" name="p59" srcActor="D0N6"/>
            <port dstActor="D0N38" name="p60" srcActor="D0N6"/>
            <port dstActor="D0N15" name="p61" srcActor="D0N6"/>
            <port dstActor="D0N27" name="p62" srcActor="D0N6"/>
            <port dstActor="D0N9" name="p63" srcActor="D0N6"/>
            <port dstActor="D0N16" name="p64" srcActor="D0N12"/>
            <port dstActor="D0N13" name="p65" srcActor="D0N12"/>
            <port dstActor="D0N28" name="p66" srcActor="D0N12"/>
            <port dstActor="D0N15" name="p67" srcActor="D0N12"/>
            <port dstActor="D0N21" name="p68" srcActor="D0N17"/>
            <port dstActor="D0N19" name="p69" srcActor="D0N17"/>
            <port dstActor="D0N23" name="p70" srcActor="D0N17"/>
            <port dstActor="D0N36" name="p71" srcActor="D0N14"/>
            <port dstActor="D0N22" name="p72" srcActor="D0N14"/>
            <port dstActor="D0N42" name="p73" srcActor="D0N14"/>
            <port dstActor="D0N32" name="p74" srcActor="D0N14"/>
            <port dstActor="D0N31" name="p75" srcActor="D0N14"/>
            <port dstActor="D0N34" name="p76" srcActor="D0N18"/>
            <port dstActor="D0N29" name="p77" srcActor="D0N18"/>
            <port dstActor="D0N32" name="p78" srcActor="D0N18"/>
            <port dstActor="D0N35" name="p79" srcActor="D0N18"/>
            <port dstActor="D0N27" name="p80" srcActor="D0N18"/>
            <port dstActor="D0N30" name="p81" srcActor="D0N18"/>
            <port dstActor="D0N44" name="p82" srcActor="D0N18"/>
            <port dstActor="D0N31" name="p83" srcActor="D0N10"/>
            <port dstActor="D0N11" name="p84" srcActor="D0N10"/>
            <port dstActor="D0N24" name="p85" srcActor="D0N10"/>
            <port dstActor="D0N28" name="p86" srcActor="D0N11"/>
            <port dstActor="D0N12" name="p87" srcActor="D0N11"/>
            <port dstActor="D0N32" name="p88" srcActor="D0N11"/>
            <port dstActor="D0N40" name="p89" srcActor="D0N11"/>
            <port dstActor="D0N44" name="p90" srcActor="D0N11"/>
            <port dstActor="D0N41" name="p91" srcActor="D0N30"/>
            <port dstActor="D0N37" name="p92" srcActor="D0N33"/>
            <port dstActor="D0N38" name="p93" srcActor="D0N33"/>
            <port dstActor="D0N42" name="p94" srcActor="D0N33"/>
            <port dstActor="D0N26" name="p95" srcActor="D0N15"/>
            <port dstActor="D0N37" name="p96" srcActor="D0N15"/>
            <port dstActor="D0N43" name="p97" srcActor="D0N42"/>
            <port dstActor="D0N27" name="p98" srcActor="D0N20"/>
            <port dstActor="D0N44" name="p99" srcActor="D0N34"/>
            <port dstActor="D0N36" name="p100" srcActor="D0N19"/>
            <port dstActor="D0N25" name="p101" srcActor="D0N19"/>
            <port dstActor="D0N33" name="p102" srcActor="D0N19"/>
        </ports>
    </mcdag>
    <cores number="3"/>
    <levels number="2"/>
</mcsystem>
