<?xml version="1.0" encoding="UTF-8" standalone="no"?>
<mcsystem>
    <mcdag deadline="2200" name="genned-0-ed-10.0-0">
        <actor name="D0N22">
            <wcet number="0">80</wcet>
            <wcet number="1">130</wcet>
            <maxpow number="0.6154192707651583"/>
            <maxpow number="0.6154192707651583"/>
            <fprob>0.0</fprob>
        </actor>
        <actor name="D0N23">
            <wcet number="0">10</wcet>
            <wcet number="1">10</wcet>
            <maxpow number="0.7353874546614798"/>
            <maxpow number="0.7353874546614798"/>
            <fprob>0.0</fprob>
        </actor>
        <actor name="D0N29">
            <wcet number="0">130</wcet>
            <wcet number="1">270</wcet>
            <maxpow number="0.5684457059123901"/>
            <maxpow number="0.5684457059123901"/>
            <fprob>0.0</fprob>
        </actor>
        <actor name="D0N21">
            <wcet number="0">10</wcet>
            <wcet number="1">50</wcet>
            <maxpow number="0.8127202564184827"/>
            <maxpow number="0.8127202564184827"/>
            <fprob>0.0</fprob>
        </actor>
        <actor name="D0N28">
            <wcet number="0">280</wcet>
            <wcet number="1">320</wcet>
            <maxpow number="0.4871054260411379"/>
            <maxpow number="0.4871054260411379"/>
            <fprob>0.0</fprob>
        </actor>
        <actor name="D0N5">
            <wcet number="0">30</wcet>
            <wcet number="1">30</wcet>
            <maxpow number="0.7479321769760896"/>
            <maxpow number="0.7479321769760896"/>
            <fprob>0.0</fprob>
        </actor>
        <actor name="D0N34">
            <wcet number="0">40</wcet>
            <wcet number="1">100</wcet>
            <maxpow number="0.5158302122735261"/>
            <maxpow number="0.5158302122735261"/>
            <fprob>0.0</fprob>
        </actor>
        <actor name="D0N33">
            <wcet number="0">30</wcet>
            <wcet number="1">50</wcet>
            <maxpow number="0.6897199558906887"/>
            <maxpow number="0.6897199558906887"/>
            <fprob>0.0</fprob>
        </actor>
        <actor name="D0N40">
            <wcet number="0">230</wcet>
            <wcet number="1">360</wcet>
            <maxpow number="0.5000706917689494"/>
            <maxpow number="0.5000706917689494"/>
            <fprob>0.0</fprob>
        </actor>
        <actor name="D0N26">
            <wcet number="0">40</wcet>
            <wcet number="1">40</wcet>
            <maxpow number="0.7813400807557317"/>
            <maxpow number="0.7813400807557317"/>
            <fprob>0.0</fprob>
        </actor>
        <actor name="D0N14">
            <wcet number="0">30</wcet>
            <wcet number="1">70</wcet>
            <maxpow number="0.4727428466213035"/>
            <maxpow number="0.4727428466213035"/>
            <fprob>0.0</fprob>
        </actor>
        <actor name="D0N37">
            <wcet number="0">50</wcet>
            <wcet number="1">110</wcet>
            <maxpow number="0.5862603096658312"/>
            <maxpow number="0.5862603096658312"/>
            <fprob>0.0</fprob>
        </actor>
        <actor name="D0N30">
            <wcet number="0">20</wcet>
            <wcet number="1">60</wcet>
            <maxpow number="0.558201565326937"/>
            <maxpow number="0.558201565326937"/>
            <fprob>0.0</fprob>
        </actor>
        <actor name="D0N8">
            <wcet number="0">30</wcet>
            <wcet number="1">40</wcet>
            <maxpow number="0.6212429061894091"/>
            <maxpow number="0.6212429061894091"/>
            <fprob>0.0</fprob>
        </actor>
        <actor name="D0N15">
            <wcet number="0">30</wcet>
            <wcet number="1">50</wcet>
            <maxpow number="0.0899335760945244"/>
            <maxpow number="0.0899335760945244"/>
            <fprob>0.0</fprob>
        </actor>
        <actor name="D0N41">
            <wcet number="0">10</wcet>
            <wcet number="1">110</wcet>
            <maxpow number="0.6790316295911258"/>
            <maxpow number="0.6790316295911258"/>
            <fprob>0.0</fprob>
        </actor>
        <actor name="D0N2">
            <wcet number="0">50</wcet>
            <wcet number="1">100</wcet>
            <maxpow number="0.7152489943510992"/>
            <maxpow number="0.7152489943510992"/>
            <fprob>0.0</fprob>
        </actor>
        <actor name="D0N17">
            <wcet number="0">20</wcet>
            <wcet number="1">40</wcet>
            <maxpow number="0.7079108113110772"/>
            <maxpow number="0.7079108113110772"/>
            <fprob>0.0</fprob>
        </actor>
        <actor name="D0N25">
            <wcet number="0">40</wcet>
            <wcet number="1">50</wcet>
            <maxpow number="0.489580805770821"/>
            <maxpow number="0.489580805770821"/>
            <fprob>0.0</fprob>
        </actor>
        <actor name="D0N47">
            <wcet number="0">10</wcet>
            <wcet number="1">10</wcet>
            <maxpow number="0.49339849320731494"/>
            <maxpow number="0.49339849320731494"/>
            <fprob>0.0</fprob>
        </actor>
        <actor name="D0N0">
            <wcet number="0">20</wcet>
            <wcet number="1">30</wcet>
            <maxpow number="0.7886161154055509"/>
            <maxpow number="0.7886161154055509"/>
            <fprob>0.0</fprob>
        </actor>
        <actor name="D0N36">
            <wcet number="0">80</wcet>
            <wcet number="1">160</wcet>
            <maxpow number="0.4599144884140512"/>
            <maxpow number="0.4599144884140512"/>
            <fprob>0.0</fprob>
        </actor>
        <actor name="D0N39">
            <wcet number="0">100</wcet>
            <wcet number="1">130</wcet>
            <maxpow number="0.7469931070510973"/>
            <maxpow number="0.7469931070510973"/>
            <fprob>0.0</fprob>
        </actor>
        <actor name="D0N20">
            <wcet number="0">40</wcet>
            <wcet number="1">50</wcet>
            <maxpow number="0.6434913016587872"/>
            <maxpow number="0.6434913016587872"/>
            <fprob>0.0</fprob>
        </actor>
        <actor name="D0N31">
            <wcet number="0">20</wcet>
            <wcet number="1">40</wcet>
            <maxpow number="0.475246704082471"/>
            <maxpow number="0.475246704082471"/>
            <fprob>0.0</fprob>
        </actor>
        <actor name="D0N35">
            <wcet number="0">50</wcet>
            <wcet number="1">50</wcet>
            <maxpow number="0.39616283945040404"/>
            <maxpow number="0.39616283945040404"/>
            <fprob>0.0</fprob>
        </actor>
        <actor name="D0N9">
            <wcet number="0">40</wcet>
            <wcet number="1">80</wcet>
            <maxpow number="0.45461341415183365"/>
            <maxpow number="0.45461341415183365"/>
            <fprob>0.0</fprob>
        </actor>
        <actor name="D0N1">
            <wcet number="0">40</wcet>
            <wcet number="1">140</wcet>
            <maxpow number="0.31641486995531787"/>
            <maxpow number="0.31641486995531787"/>
            <fprob>0.0</fprob>
        </actor>
        <actor name="D0N11">
            <wcet number="0">30</wcet>
            <wcet number="1">30</wcet>
            <maxpow number="0.39887748374556115"/>
            <maxpow number="0.39887748374556115"/>
            <fprob>0.0</fprob>
        </actor>
        <actor name="D0N27">
            <wcet number="0">40</wcet>
            <wcet number="1">50</wcet>
            <maxpow number="0.2249698343613209"/>
            <maxpow number="0.2249698343613209"/>
            <fprob>0.0</fprob>
        </actor>
        <actor name="D0N46">
            <wcet number="0">30</wcet>
            <wcet number="1">30</wcet>
            <maxpow number="0.6430142490862131"/>
            <maxpow number="0.6430142490862131"/>
            <fprob>0.0</fprob>
        </actor>
        <actor name="D0N3">
            <wcet number="0">290</wcet>
            <wcet number="1">530</wcet>
            <maxpow number="0.40245435906525007"/>
            <maxpow number="0.40245435906525007"/>
            <fprob>0.0</fprob>
        </actor>
        <actor name="D0N44">
            <wcet number="0">20</wcet>
            <wcet number="1">20</wcet>
            <maxpow number="0.6114331760730765"/>
            <maxpow number="0.6114331760730765"/>
            <fprob>0.0</fprob>
        </actor>
        <actor name="D0N19">
            <wcet number="0">20</wcet>
            <wcet number="1">70</wcet>
            <maxpow number="0.3077710710723448"/>
            <maxpow number="0.3077710710723448"/>
            <fprob>0.0</fprob>
        </actor>
        <actor name="D0N10">
            <wcet number="0">110</wcet>
            <wcet number="1">300</wcet>
            <maxpow number="0.6941421837057797"/>
            <maxpow number="0.6941421837057797"/>
            <fprob>0.0</fprob>
        </actor>
        <actor name="D0N43">
            <wcet number="0">80</wcet>
            <wcet number="1">150</wcet>
            <maxpow number="0.6879821733157556"/>
            <maxpow number="0.6879821733157556"/>
            <fprob>0.0</fprob>
        </actor>
        <actor name="D0N24">
            <wcet number="0">30</wcet>
            <wcet number="1">40</wcet>
            <maxpow number="0.5715049029669049"/>
            <maxpow number="0.5715049029669049"/>
            <fprob>0.0</fprob>
        </actor>
        <actor name="D0N13">
            <wcet number="0">140</wcet>
            <wcet number="1">200</wcet>
            <maxpow number="0.5571797006920153"/>
            <maxpow number="0.5571797006920153"/>
            <fprob>0.0</fprob>
        </actor>
        <actor name="D0N12">
            <wcet number="0">80</wcet>
            <wcet number="1">120</wcet>
            <maxpow number="0.22740781209025135"/>
            <maxpow number="0.22740781209025135"/>
            <fprob>0.0</fprob>
        </actor>
        <actor name="D0N4">
            <wcet number="0">30</wcet>
            <wcet number="1">180</wcet>
            <maxpow number="0.17384376291428844"/>
            <maxpow number="0.17384376291428844"/>
            <fprob>0.0</fprob>
        </actor>
        <actor name="D0N16">
            <wcet number="0">30</wcet>
            <wcet number="1">30</wcet>
            <maxpow number="0.47765459018088663"/>
            <maxpow number="0.47765459018088663"/>
            <fprob>0.0</fprob>
        </actor>
        <actor name="D0N42">
            <wcet number="0">50</wcet>
            <wcet number="1">130</wcet>
            <maxpow number="0.4668117753135839"/>
            <maxpow number="0.4668117753135839"/>
            <fprob>0.0</fprob>
        </actor>
        <actor name="D0N32">
            <wcet number="0">20</wcet>
            <wcet number="1">200</wcet>
            <maxpow number="0.18031749509991601"/>
            <maxpow number="0.18031749509991601"/>
            <fprob>0.0</fprob>
        </actor>
        <actor name="D0N38">
            <wcet number="0">10</wcet>
            <wcet number="1">10</wcet>
            <maxpow number="0.4791080687895683"/>
            <maxpow number="0.4791080687895683"/>
            <fprob>0.0</fprob>
        </actor>
        <actor name="D0N7">
            <wcet number="0">20</wcet>
            <wcet number="1">80</wcet>
            <maxpow number="0.5239230809066371"/>
            <maxpow number="0.5239230809066371"/>
            <fprob>0.0</fprob>
        </actor>
        <actor name="D0N6">
            <wcet number="0">70</wcet>
            <wcet number="1">70</wcet>
            <maxpow number="0.5286044037090236"/>
            <maxpow number="0.5286044037090236"/>
            <fprob>0.0</fprob>
        </actor>
        <actor name="D0N45">
            <wcet number="0">20</wcet>
            <wcet number="1">60</wcet>
            <maxpow number="0.7305852929348148"/>
            <maxpow number="0.7305852929348148"/>
            <fprob>0.0</fprob>
        </actor>
        <actor name="D0N18">
            <wcet number="0">30</wcet>
            <wcet number="1">80</wcet>
            <maxpow number="0.6360964061648282"/>
            <maxpow number="0.6360964061648282"/>
            <fprob>0.0</fprob>
        </actor>
        <ports>
            <port dstActor="D0N32" name="p0" srcActor="D0N23"/>
            <port dstActor="D0N25" name="p1" srcActor="D0N23"/>
            <port dstActor="D0N37" name="p2" srcActor="D0N23"/>
            <port dstActor="D0N31" name="p3" srcActor="D0N29"/>
            <port dstActor="D0N35" name="p4" srcActor="D0N21"/>
            <port dstActor="D0N41" name="p5" srcActor="D0N5"/>
            <port dstActor="D0N29" name="p6" srcActor="D0N5"/>
            <port dstActor="D0N40" name="p7" srcActor="D0N34"/>
            <port dstActor="D0N36" name="p8" srcActor="D0N34"/>
            <port dstActor="D0N42" name="p9" srcActor="D0N34"/>
            <port dstActor="D0N35" name="p10" srcActor="D0N33"/>
            <port dstActor="D0N34" name="p11" srcActor="D0N33"/>
            <port dstActor="D0N36" name="p12" srcActor="D0N33"/>
            <port dstActor="D0N43" name="p13" srcActor="D0N40"/>
            <port dstActor="D0N45" name="p14" srcActor="D0N40"/>
            <port dstActor="D0N41" name="p15" srcActor="D0N40"/>
            <port dstActor="D0N47" name="p16" srcActor="D0N14"/>
            <port dstActor="D0N25" name="p17" srcActor="D0N14"/>
            <port dstActor="D0N29" name="p18" srcActor="D0N14"/>
            <port dstActor="D0N35" name="p19" srcActor="D0N14"/>
            <port dstActor="D0N44" name="p20" srcActor="D0N14"/>
            <port dstActor="D0N45" name="p21" srcActor="D0N37"/>
            <port dstActor="D0N44" name="p22" srcActor="D0N37"/>
            <port dstActor="D0N42" name="p23" srcActor="D0N37"/>
            <port dstActor="D0N31" name="p24" srcActor="D0N30"/>
            <port dstActor="D0N42" name="p25" srcActor="D0N30"/>
            <port dstActor="D0N33" name="p26" srcActor="D0N30"/>
            <port dstActor="D0N30" name="p27" srcActor="D0N8"/>
            <port dstActor="D0N33" name="p28" srcActor="D0N8"/>
            <port dstActor="D0N37" name="p29" srcActor="D0N8"/>
            <port dstActor="D0N10" name="p30" srcActor="D0N8"/>
            <port dstActor="D0N17" name="p31" srcActor="D0N15"/>
            <port dstActor="D0N19" name="p32" srcActor="D0N15"/>
            <port dstActor="D0N37" name="p33" srcActor="D0N2"/>
            <port dstActor="D0N26" name="p34" srcActor="D0N2"/>
            <port dstActor="D0N30" name="p35" srcActor="D0N2"/>
            <port dstActor="D0N18" name="p36" srcActor="D0N2"/>
            <port dstActor="D0N45" name="p37" srcActor="D0N17"/>
            <port dstActor="D0N19" name="p38" srcActor="D0N17"/>
            <port dstActor="D0N12" name="p39" srcActor="D0N0"/>
            <port dstActor="D0N42" name="p40" srcActor="D0N0"/>
            <port dstActor="D0N24" name="p41" srcActor="D0N0"/>
            <port dstActor="D0N6" name="p42" srcActor="D0N0"/>
            <port dstActor="D0N39" name="p43" srcActor="D0N36"/>
            <port dstActor="D0N45" name="p44" srcActor="D0N39"/>
            <port dstActor="D0N35" name="p45" srcActor="D0N20"/>
            <port dstActor="D0N45" name="p46" srcActor="D0N35"/>
            <port dstActor="D0N28" name="p47" srcActor="D0N9"/>
            <port dstActor="D0N42" name="p48" srcActor="D0N9"/>
            <port dstActor="D0N45" name="p49" srcActor="D0N9"/>
            <port dstActor="D0N31" name="p50" srcActor="D0N9"/>
            <port dstActor="D0N25" name="p51" srcActor="D0N9"/>
            <port dstActor="D0N6" name="p52" srcActor="D0N1"/>
            <port dstActor="D0N43" name="p53" srcActor="D0N1"/>
            <port dstActor="D0N10" name="p54" srcActor="D0N1"/>
            <port dstActor="D0N47" name="p55" srcActor="D0N1"/>
            <port dstActor="D0N16" name="p56" srcActor="D0N11"/>
            <port dstActor="D0N14" name="p57" srcActor="D0N11"/>
            <port dstActor="D0N30" name="p58" srcActor="D0N11"/>
            <port dstActor="D0N17" name="p59" srcActor="D0N11"/>
            <port dstActor="D0N24" name="p60" srcActor="D0N11"/>
            <port dstActor="D0N41" name="p61" srcActor="D0N27"/>
            <port dstActor="D0N40" name="p62" srcActor="D0N27"/>
            <port dstActor="D0N44" name="p63" srcActor="D0N27"/>
            <port dstActor="D0N9" name="p64" srcActor="D0N3"/>
            <port dstActor="D0N45" name="p65" srcActor="D0N44"/>
            <port dstActor="D0N43" name="p66" srcActor="D0N19"/>
            <port dstActor="D0N46" name="p67" srcActor="D0N19"/>
            <port dstActor="D0N20" name="p68" srcActor="D0N19"/>
            <port dstActor="D0N44" name="p69" srcActor="D0N10"/>
            <port dstActor="D0N33" name="p70" srcActor="D0N10"/>
            <port dstActor="D0N47" name="p71" srcActor="D0N43"/>
            <port dstActor="D0N37" name="p72" srcActor="D0N24"/>
            <port dstActor="D0N36" name="p73" srcActor="D0N24"/>
            <port dstActor="D0N38" name="p74" srcActor="D0N24"/>
            <port dstActor="D0N38" name="p75" srcActor="D0N13"/>
            <port dstActor="D0N36" name="p76" srcActor="D0N13"/>
            <port dstActor="D0N47" name="p77" srcActor="D0N13"/>
            <port dstActor="D0N31" name="p78" srcActor="D0N12"/>
            <port dstActor="D0N35" name="p79" srcActor="D0N12"/>
            <port dstActor="D0N41" name="p80" srcActor="D0N12"/>
            <port dstActor="D0N46" name="p81" srcActor="D0N12"/>
            <port dstActor="D0N39" name="p82" srcActor="D0N16"/>
            <port dstActor="D0N25" name="p83" srcActor="D0N16"/>
            <port dstActor="D0N35" name="p84" srcActor="D0N16"/>
            <port dstActor="D0N45" name="p85" srcActor="D0N32"/>
            <port dstActor="D0N47" name="p86" srcActor="D0N38"/>
            <port dstActor="D0N31" name="p87" srcActor="D0N7"/>
            <port dstActor="D0N40" name="p88" srcActor="D0N6"/>
            <port dstActor="D0N43" name="p89" srcActor="D0N6"/>
            <port dstActor="D0N13" name="p90" srcActor="D0N6"/>
            <port dstActor="D0N23" name="p91" srcActor="D0N6"/>
            <port dstActor="D0N9" name="p92" srcActor="D0N6"/>
            <port dstActor="D0N46" name="p93" srcActor="D0N45"/>
            <port dstActor="D0N27" name="p94" srcActor="D0N18"/>
            <port dstActor="D0N35" name="p95" srcActor="D0N18"/>
            <port dstActor="D0N46" name="p96" srcActor="D0N18"/>
            <port dstActor="D0N22" name="p97" srcActor="D0N18"/>
        </ports>
    </mcdag>
    <cores number="3"/>
    <levels number="2"/>
</mcsystem>
