<?xml version="1.0" encoding="UTF-8" standalone="no"?>
<mcsystem>
    <mcdag deadline="5000" name="genned-0-ed-10.0-0">
        <actor name="D0N40">
            <wcet number="0">20</wcet>
            <wcet number="1">30</wcet>
            <maxpow number="0.9922509615924047"/>
            <maxpow number="0.9922509615924047"/>
            <fprob>0.0</fprob>
        </actor>
        <actor name="D0N33">
            <wcet number="0">170</wcet>
            <wcet number="1">210</wcet>
            <maxpow number="0.6159044110861334"/>
            <maxpow number="0.6159044110861334"/>
            <fprob>0.0</fprob>
        </actor>
        <actor name="D0N31">
            <wcet number="0">90</wcet>
            <wcet number="1">160</wcet>
            <maxpow number="0.4699976723619801"/>
            <maxpow number="0.4699976723619801"/>
            <fprob>0.0</fprob>
        </actor>
        <actor name="D0N32">
            <wcet number="0">190</wcet>
            <wcet number="1">550</wcet>
            <maxpow number="0.5658948692162711"/>
            <maxpow number="0.5658948692162711"/>
            <fprob>0.0</fprob>
        </actor>
        <actor name="D0N16">
            <wcet number="0">60</wcet>
            <wcet number="1">80</wcet>
            <maxpow number="0.7081474893450963"/>
            <maxpow number="0.7081474893450963"/>
            <fprob>0.0</fprob>
        </actor>
        <actor name="D0N8">
            <wcet number="0">320</wcet>
            <wcet number="1">370</wcet>
            <maxpow number="0.5466849393294688"/>
            <maxpow number="0.5466849393294688"/>
            <fprob>0.0</fprob>
        </actor>
        <actor name="D0N4">
            <wcet number="0">10</wcet>
            <wcet number="1">20</wcet>
            <maxpow number="0.6743782750902813"/>
            <maxpow number="0.6743782750902813"/>
            <fprob>0.0</fprob>
        </actor>
        <actor name="D0N43">
            <wcet number="0">210</wcet>
            <wcet number="1">400</wcet>
            <maxpow number="0.7967667614319281"/>
            <maxpow number="0.7967667614319281"/>
            <fprob>0.0</fprob>
        </actor>
        <actor name="D0N13">
            <wcet number="0">50</wcet>
            <wcet number="1">330</wcet>
            <maxpow number="0.6246691585022915"/>
            <maxpow number="0.6246691585022915"/>
            <fprob>0.0</fprob>
        </actor>
        <actor name="D0N15">
            <wcet number="0">220</wcet>
            <wcet number="1">260</wcet>
            <maxpow number="0.6568579873512064"/>
            <maxpow number="0.6568579873512064"/>
            <fprob>0.0</fprob>
        </actor>
        <actor name="D0N0">
            <wcet number="0">140</wcet>
            <wcet number="1">200</wcet>
            <maxpow number="0.6419058997248512"/>
            <maxpow number="0.6419058997248512"/>
            <fprob>0.0</fprob>
        </actor>
        <actor name="D0N45">
            <wcet number="0">550</wcet>
            <wcet number="1">760</wcet>
            <maxpow number="0.4178889392432921"/>
            <maxpow number="0.4178889392432921"/>
            <fprob>0.0</fprob>
        </actor>
        <actor name="D0N20">
            <wcet number="0">110</wcet>
            <wcet number="1">200</wcet>
            <maxpow number="0.4431527907945917"/>
            <maxpow number="0.4431527907945917"/>
            <fprob>0.0</fprob>
        </actor>
        <actor name="D0N35">
            <wcet number="0">100</wcet>
            <wcet number="1">440</wcet>
            <maxpow number="0.5189839314970547"/>
            <maxpow number="0.5189839314970547"/>
            <fprob>0.0</fprob>
        </actor>
        <actor name="D0N29">
            <wcet number="0">180</wcet>
            <wcet number="1">290</wcet>
            <maxpow number="0.29435241207586454"/>
            <maxpow number="0.29435241207586454"/>
            <fprob>0.0</fprob>
        </actor>
        <actor name="D0N41">
            <wcet number="0">190</wcet>
            <wcet number="1">330</wcet>
            <maxpow number="0.32632060681118125"/>
            <maxpow number="0.32632060681118125"/>
            <fprob>0.0</fprob>
        </actor>
        <actor name="D0N30">
            <wcet number="0">80</wcet>
            <wcet number="1">250</wcet>
            <maxpow number="0.4938912573696694"/>
            <maxpow number="0.4938912573696694"/>
            <fprob>0.0</fprob>
        </actor>
        <actor name="D0N3">
            <wcet number="0">10</wcet>
            <wcet number="1">10</wcet>
            <maxpow number="0.5217046584216775"/>
            <maxpow number="0.5217046584216775"/>
            <fprob>0.0</fprob>
        </actor>
        <actor name="D0N18">
            <wcet number="0">70</wcet>
            <wcet number="1">80</wcet>
            <maxpow number="0.5444499763351701"/>
            <maxpow number="0.5444499763351701"/>
            <fprob>0.0</fprob>
        </actor>
        <actor name="D0N9">
            <wcet number="0">50</wcet>
            <wcet number="1">120</wcet>
            <maxpow number="0.5395029097959168"/>
            <maxpow number="0.5395029097959168"/>
            <fprob>0.0</fprob>
        </actor>
        <actor name="D0N10">
            <wcet number="0">90</wcet>
            <wcet number="1">90</wcet>
            <maxpow number="0.6584317918370388"/>
            <maxpow number="0.6584317918370388"/>
            <fprob>0.0</fprob>
        </actor>
        <actor name="D0N23">
            <wcet number="0">10</wcet>
            <wcet number="1">160</wcet>
            <maxpow number="0.7971801984161926"/>
            <maxpow number="0.7971801984161926"/>
            <fprob>0.0</fprob>
        </actor>
        <actor name="D0N6">
            <wcet number="0">130</wcet>
            <wcet number="1">270</wcet>
            <maxpow number="0.37399198021647706"/>
            <maxpow number="0.37399198021647706"/>
            <fprob>0.0</fprob>
        </actor>
        <actor name="D0N36">
            <wcet number="0">420</wcet>
            <wcet number="1">460</wcet>
            <maxpow number="0.5827878972418757"/>
            <maxpow number="0.5827878972418757"/>
            <fprob>0.0</fprob>
        </actor>
        <actor name="D0N27">
            <wcet number="0">170</wcet>
            <wcet number="1">920</wcet>
            <maxpow number="0.4187972995474535"/>
            <maxpow number="0.4187972995474535"/>
            <fprob>0.0</fprob>
        </actor>
        <actor name="D0N12">
            <wcet number="0">70</wcet>
            <wcet number="1">110</wcet>
            <maxpow number="0.5251482797235278"/>
            <maxpow number="0.5251482797235278"/>
            <fprob>0.0</fprob>
        </actor>
        <actor name="D0N22">
            <wcet number="0">390</wcet>
            <wcet number="1">610</wcet>
            <maxpow number="0.5879248073993061"/>
            <maxpow number="0.5879248073993061"/>
            <fprob>0.0</fprob>
        </actor>
        <actor name="D0N48">
            <wcet number="0">10</wcet>
            <wcet number="1">10</wcet>
            <maxpow number="0.3060086619029219"/>
            <maxpow number="0.3060086619029219"/>
            <fprob>0.0</fprob>
        </actor>
        <actor name="D0N2">
            <wcet number="0">90</wcet>
            <wcet number="1">320</wcet>
            <maxpow number="0.5752943106154641"/>
            <maxpow number="0.5752943106154641"/>
            <fprob>0.0</fprob>
        </actor>
        <actor name="D0N11">
            <wcet number="0">20</wcet>
            <wcet number="1">250</wcet>
            <maxpow number="0.6107140160019052"/>
            <maxpow number="0.6107140160019052"/>
            <fprob>0.0</fprob>
        </actor>
        <actor name="D0N42">
            <wcet number="0">30</wcet>
            <wcet number="1">110</wcet>
            <maxpow number="0.3019557690159874"/>
            <maxpow number="0.3019557690159874"/>
            <fprob>0.0</fprob>
        </actor>
        <actor name="D0N21">
            <wcet number="0">210</wcet>
            <wcet number="1">220</wcet>
            <maxpow number="0.5106926801549817"/>
            <maxpow number="0.5106926801549817"/>
            <fprob>0.0</fprob>
        </actor>
        <actor name="D0N24">
            <wcet number="0">10</wcet>
            <wcet number="1">60</wcet>
            <maxpow number="0.6337546471776012"/>
            <maxpow number="0.6337546471776012"/>
            <fprob>0.0</fprob>
        </actor>
        <actor name="D0N25">
            <wcet number="0">20</wcet>
            <wcet number="1">60</wcet>
            <maxpow number="0.584967434532603"/>
            <maxpow number="0.584967434532603"/>
            <fprob>0.0</fprob>
        </actor>
        <actor name="D0N46">
            <wcet number="0">60</wcet>
            <wcet number="1">70</wcet>
            <maxpow number="0.8377959673229363"/>
            <maxpow number="0.8377959673229363"/>
            <fprob>0.0</fprob>
        </actor>
        <actor name="D0N19">
            <wcet number="0">70</wcet>
            <wcet number="1">190</wcet>
            <maxpow number="0.40416555838183044"/>
            <maxpow number="0.40416555838183044"/>
            <fprob>0.0</fprob>
        </actor>
        <actor name="D0N44">
            <wcet number="0">10</wcet>
            <wcet number="1">10</wcet>
            <maxpow number="0.6164882682186107"/>
            <maxpow number="0.6164882682186107"/>
            <fprob>0.0</fprob>
        </actor>
        <actor name="D0N7">
            <wcet number="0">20</wcet>
            <wcet number="1">280</wcet>
            <maxpow number="0.41620757517384505"/>
            <maxpow number="0.41620757517384505"/>
            <fprob>0.0</fprob>
        </actor>
        <actor name="D0N38">
            <wcet number="0">120</wcet>
            <wcet number="1">190</wcet>
            <maxpow number="0.5104473642842059"/>
            <maxpow number="0.5104473642842059"/>
            <fprob>0.0</fprob>
        </actor>
        <actor name="D0N1">
            <wcet number="0">250</wcet>
            <wcet number="1">250</wcet>
            <maxpow number="0.8770007945732502"/>
            <maxpow number="0.8770007945732502"/>
            <fprob>0.0</fprob>
        </actor>
        <actor name="D0N28">
            <wcet number="0">160</wcet>
            <wcet number="1">600</wcet>
            <maxpow number="0.5708425982540626"/>
            <maxpow number="0.5708425982540626"/>
            <fprob>0.0</fprob>
        </actor>
        <actor name="D0N5">
            <wcet number="0">90</wcet>
            <wcet number="1">150</wcet>
            <maxpow number="0.6641048869746683"/>
            <maxpow number="0.6641048869746683"/>
            <fprob>0.0</fprob>
        </actor>
        <actor name="D0N34">
            <wcet number="0">460</wcet>
            <wcet number="1">670</wcet>
            <maxpow number="0.5591094797986115"/>
            <maxpow number="0.5591094797986115"/>
            <fprob>0.0</fprob>
        </actor>
        <actor name="D0N39">
            <wcet number="0">40</wcet>
            <wcet number="1">110</wcet>
            <maxpow number="0.6851650216478574"/>
            <maxpow number="0.6851650216478574"/>
            <fprob>0.0</fprob>
        </actor>
        <actor name="D0N14">
            <wcet number="0">420</wcet>
            <wcet number="1">470</wcet>
            <maxpow number="0.6146833167536231"/>
            <maxpow number="0.6146833167536231"/>
            <fprob>0.0</fprob>
        </actor>
        <actor name="D0N17">
            <wcet number="0">170</wcet>
            <wcet number="1">280</wcet>
            <maxpow number="0.26518647582977967"/>
            <maxpow number="0.26518647582977967"/>
            <fprob>0.0</fprob>
        </actor>
        <actor name="D0N26">
            <wcet number="0">150</wcet>
            <wcet number="1">270</wcet>
            <maxpow number="0.6483223410325764"/>
            <maxpow number="0.6483223410325764"/>
            <fprob>0.0</fprob>
        </actor>
        <actor name="D0N47">
            <wcet number="0">130</wcet>
            <wcet number="1">320</wcet>
            <maxpow number="0.5414164486157798"/>
            <maxpow number="0.5414164486157798"/>
            <fprob>0.0</fprob>
        </actor>
        <actor name="D0N37">
            <wcet number="0">140</wcet>
            <wcet number="1">400</wcet>
            <maxpow number="0.6765011737690922"/>
            <maxpow number="0.6765011737690922"/>
            <fprob>0.0</fprob>
        </actor>
        <ports>
            <port dstActor="D0N34" name="p0" srcActor="D0N33"/>
            <port dstActor="D0N42" name="p1" srcActor="D0N31"/>
            <port dstActor="D0N36" name="p2" srcActor="D0N31"/>
            <port dstActor="D0N40" name="p3" srcActor="D0N32"/>
            <port dstActor="D0N45" name="p4" srcActor="D0N16"/>
            <port dstActor="D0N31" name="p5" srcActor="D0N16"/>
            <port dstActor="D0N47" name="p6" srcActor="D0N16"/>
            <port dstActor="D0N46" name="p7" srcActor="D0N16"/>
            <port dstActor="D0N34" name="p8" srcActor="D0N8"/>
            <port dstActor="D0N41" name="p9" srcActor="D0N8"/>
            <port dstActor="D0N22" name="p10" srcActor="D0N8"/>
            <port dstActor="D0N15" name="p11" srcActor="D0N4"/>
            <port dstActor="D0N20" name="p12" srcActor="D0N4"/>
            <port dstActor="D0N48" name="p13" srcActor="D0N43"/>
            <port dstActor="D0N29" name="p14" srcActor="D0N13"/>
            <port dstActor="D0N23" name="p15" srcActor="D0N13"/>
            <port dstActor="D0N26" name="p16" srcActor="D0N13"/>
            <port dstActor="D0N33" name="p17" srcActor="D0N15"/>
            <port dstActor="D0N38" name="p18" srcActor="D0N15"/>
            <port dstActor="D0N32" name="p19" srcActor="D0N0"/>
            <port dstActor="D0N26" name="p20" srcActor="D0N0"/>
            <port dstActor="D0N6" name="p21" srcActor="D0N0"/>
            <port dstActor="D0N39" name="p22" srcActor="D0N0"/>
            <port dstActor="D0N34" name="p23" srcActor="D0N0"/>
            <port dstActor="D0N18" name="p24" srcActor="D0N0"/>
            <port dstActor="D0N28" name="p25" srcActor="D0N0"/>
            <port dstActor="D0N47" name="p26" srcActor="D0N20"/>
            <port dstActor="D0N38" name="p27" srcActor="D0N20"/>
            <port dstActor="D0N40" name="p28" srcActor="D0N35"/>
            <port dstActor="D0N48" name="p29" srcActor="D0N35"/>
            <port dstActor="D0N41" name="p30" srcActor="D0N29"/>
            <port dstActor="D0N36" name="p31" srcActor="D0N30"/>
            <port dstActor="D0N11" name="p32" srcActor="D0N3"/>
            <port dstActor="D0N30" name="p33" srcActor="D0N3"/>
            <port dstActor="D0N38" name="p34" srcActor="D0N3"/>
            <port dstActor="D0N40" name="p35" srcActor="D0N18"/>
            <port dstActor="D0N23" name="p36" srcActor="D0N18"/>
            <port dstActor="D0N45" name="p37" srcActor="D0N9"/>
            <port dstActor="D0N46" name="p38" srcActor="D0N9"/>
            <port dstActor="D0N25" name="p39" srcActor="D0N9"/>
            <port dstActor="D0N41" name="p40" srcActor="D0N9"/>
            <port dstActor="D0N36" name="p41" srcActor="D0N10"/>
            <port dstActor="D0N48" name="p42" srcActor="D0N10"/>
            <port dstActor="D0N12" name="p43" srcActor="D0N10"/>
            <port dstActor="D0N27" name="p44" srcActor="D0N23"/>
            <port dstActor="D0N30" name="p45" srcActor="D0N23"/>
            <port dstActor="D0N15" name="p46" srcActor="D0N6"/>
            <port dstActor="D0N17" name="p47" srcActor="D0N6"/>
            <port dstActor="D0N14" name="p48" srcActor="D0N6"/>
            <port dstActor="D0N38" name="p49" srcActor="D0N6"/>
            <port dstActor="D0N18" name="p50" srcActor="D0N6"/>
            <port dstActor="D0N31" name="p51" srcActor="D0N6"/>
            <port dstActor="D0N48" name="p52" srcActor="D0N36"/>
            <port dstActor="D0N42" name="p53" srcActor="D0N36"/>
            <port dstActor="D0N34" name="p54" srcActor="D0N27"/>
            <port dstActor="D0N35" name="p55" srcActor="D0N27"/>
            <port dstActor="D0N46" name="p56" srcActor="D0N27"/>
            <port dstActor="D0N47" name="p57" srcActor="D0N27"/>
            <port dstActor="D0N17" name="p58" srcActor="D0N12"/>
            <port dstActor="D0N23" name="p59" srcActor="D0N12"/>
            <port dstActor="D0N35" name="p60" srcActor="D0N12"/>
            <port dstActor="D0N26" name="p61" srcActor="D0N22"/>
            <port dstActor="D0N25" name="p62" srcActor="D0N22"/>
            <port dstActor="D0N34" name="p63" srcActor="D0N22"/>
            <port dstActor="D0N42" name="p64" srcActor="D0N22"/>
            <port dstActor="D0N33" name="p65" srcActor="D0N22"/>
            <port dstActor="D0N48" name="p66" srcActor="D0N22"/>
            <port dstActor="D0N47" name="p67" srcActor="D0N2"/>
            <port dstActor="D0N44" name="p68" srcActor="D0N2"/>
            <port dstActor="D0N43" name="p69" srcActor="D0N11"/>
            <port dstActor="D0N37" name="p70" srcActor="D0N11"/>
            <port dstActor="D0N27" name="p71" srcActor="D0N11"/>
            <port dstActor="D0N24" name="p72" srcActor="D0N11"/>
            <port dstActor="D0N39" name="p73" srcActor="D0N21"/>
            <port dstActor="D0N31" name="p74" srcActor="D0N21"/>
            <port dstActor="D0N46" name="p75" srcActor="D0N24"/>
            <port dstActor="D0N37" name="p76" srcActor="D0N25"/>
            <port dstActor="D0N29" name="p77" srcActor="D0N25"/>
            <port dstActor="D0N29" name="p78" srcActor="D0N19"/>
            <port dstActor="D0N43" name="p79" srcActor="D0N19"/>
            <port dstActor="D0N26" name="p80" srcActor="D0N19"/>
            <port dstActor="D0N47" name="p81" srcActor="D0N19"/>
            <port dstActor="D0N36" name="p82" srcActor="D0N7"/>
            <port dstActor="D0N17" name="p83" srcActor="D0N7"/>
            <port dstActor="D0N47" name="p84" srcActor="D0N7"/>
            <port dstActor="D0N14" name="p85" srcActor="D0N1"/>
            <port dstActor="D0N3" name="p86" srcActor="D0N1"/>
            <port dstActor="D0N8" name="p87" srcActor="D0N1"/>
            <port dstActor="D0N26" name="p88" srcActor="D0N1"/>
            <port dstActor="D0N10" name="p89" srcActor="D0N1"/>
            <port dstActor="D0N42" name="p90" srcActor="D0N28"/>
            <port dstActor="D0N33" name="p91" srcActor="D0N28"/>
            <port dstActor="D0N12" name="p92" srcActor="D0N5"/>
            <port dstActor="D0N23" name="p93" srcActor="D0N5"/>
            <port dstActor="D0N9" name="p94" srcActor="D0N5"/>
            <port dstActor="D0N35" name="p95" srcActor="D0N34"/>
            <port dstActor="D0N45" name="p96" srcActor="D0N39"/>
            <port dstActor="D0N47" name="p97" srcActor="D0N26"/>
            <port dstActor="D0N39" name="p98" srcActor="D0N37"/>
            <port dstActor="D0N46" name="p99" srcActor="D0N37"/>
        </ports>
    </mcdag>
    <cores number="3"/>
    <levels number="2"/>
</mcsystem>
