<?xml version="1.0" encoding="UTF-8" standalone="no"?>
<mcsystem>
    <mcdag deadline="2500" name="genned-0-ed-10.0-0">
        <actor name="D0N6">
            <wcet number="0">10</wcet>
            <wcet number="1">10</wcet>
            <maxpow number="0.6592629214137724"/>
            <maxpow number="0.6592629214137724"/>
            <fprob>0.0</fprob>
        </actor>
        <actor name="D0N39">
            <wcet number="0">160</wcet>
            <wcet number="1">440</wcet>
            <maxpow number="0.9181107199444196"/>
            <maxpow number="0.9181107199444196"/>
            <fprob>0.0</fprob>
        </actor>
        <actor name="D0N12">
            <wcet number="0">90</wcet>
            <wcet number="1">120</wcet>
            <maxpow number="0.4518462038710077"/>
            <maxpow number="0.4518462038710077"/>
            <fprob>0.0</fprob>
        </actor>
        <actor name="D0N14">
            <wcet number="0">20</wcet>
            <wcet number="1">30</wcet>
            <maxpow number="0.4227819998578368"/>
            <maxpow number="0.4227819998578368"/>
            <fprob>0.0</fprob>
        </actor>
        <actor name="D0N47">
            <wcet number="0">60</wcet>
            <wcet number="1">70</wcet>
            <maxpow number="0.49745562918865327"/>
            <maxpow number="0.49745562918865327"/>
            <fprob>0.0</fprob>
        </actor>
        <actor name="D0N23">
            <wcet number="0">40</wcet>
            <wcet number="1">100</wcet>
            <maxpow number="0.6876227744657353"/>
            <maxpow number="0.6876227744657353"/>
            <fprob>0.0</fprob>
        </actor>
        <actor name="D0N27">
            <wcet number="0">20</wcet>
            <wcet number="1">300</wcet>
            <maxpow number="0.6340880321879475"/>
            <maxpow number="0.6340880321879475"/>
            <fprob>0.0</fprob>
        </actor>
        <actor name="D0N45">
            <wcet number="0">120</wcet>
            <wcet number="1">190</wcet>
            <maxpow number="0.5352782865680331"/>
            <maxpow number="0.5352782865680331"/>
            <fprob>0.0</fprob>
        </actor>
        <actor name="D0N44">
            <wcet number="0">10</wcet>
            <wcet number="1">10</wcet>
            <maxpow number="0.7829668920026188"/>
            <maxpow number="0.7829668920026188"/>
            <fprob>0.0</fprob>
        </actor>
        <actor name="D0N16">
            <wcet number="0">100</wcet>
            <wcet number="1">170</wcet>
            <maxpow number="0.787768798487802"/>
            <maxpow number="0.787768798487802"/>
            <fprob>0.0</fprob>
        </actor>
        <actor name="D0N30">
            <wcet number="0">70</wcet>
            <wcet number="1">70</wcet>
            <maxpow number="0.9085872100565567"/>
            <maxpow number="0.9085872100565567"/>
            <fprob>0.0</fprob>
        </actor>
        <actor name="D0N43">
            <wcet number="0">20</wcet>
            <wcet number="1">20</wcet>
            <maxpow number="0.18511067252350633"/>
            <maxpow number="0.18511067252350633"/>
            <fprob>0.0</fprob>
        </actor>
        <actor name="D0N1">
            <wcet number="0">10</wcet>
            <wcet number="1">20</wcet>
            <maxpow number="0.727178079660753"/>
            <maxpow number="0.727178079660753"/>
            <fprob>0.0</fprob>
        </actor>
        <actor name="D0N2">
            <wcet number="0">10</wcet>
            <wcet number="1">10</wcet>
            <maxpow number="0.5843591222624103"/>
            <maxpow number="0.5843591222624103"/>
            <fprob>0.0</fprob>
        </actor>
        <actor name="D0N37">
            <wcet number="0">180</wcet>
            <wcet number="1">230</wcet>
            <maxpow number="0.5299899048340175"/>
            <maxpow number="0.5299899048340175"/>
            <fprob>0.0</fprob>
        </actor>
        <actor name="D0N32">
            <wcet number="0">30</wcet>
            <wcet number="1">100</wcet>
            <maxpow number="0.7861310102048774"/>
            <maxpow number="0.7861310102048774"/>
            <fprob>0.0</fprob>
        </actor>
        <actor name="D0N38">
            <wcet number="0">80</wcet>
            <wcet number="1">160</wcet>
            <maxpow number="0.6038764010349273"/>
            <maxpow number="0.6038764010349273"/>
            <fprob>0.0</fprob>
        </actor>
        <actor name="D0N46">
            <wcet number="0">20</wcet>
            <wcet number="1">40</wcet>
            <maxpow number="0.268842358848527"/>
            <maxpow number="0.268842358848527"/>
            <fprob>0.0</fprob>
        </actor>
        <actor name="D0N9">
            <wcet number="0">10</wcet>
            <wcet number="1">30</wcet>
            <maxpow number="0.6104501993352921"/>
            <maxpow number="0.6104501993352921"/>
            <fprob>0.0</fprob>
        </actor>
        <actor name="D0N48">
            <wcet number="0">10</wcet>
            <wcet number="1">60</wcet>
            <maxpow number="0.6407204941526692"/>
            <maxpow number="0.6407204941526692"/>
            <fprob>0.0</fprob>
        </actor>
        <actor name="D0N42">
            <wcet number="0">20</wcet>
            <wcet number="1">40</wcet>
            <maxpow number="0.28613710543232534"/>
            <maxpow number="0.28613710543232534"/>
            <fprob>0.0</fprob>
        </actor>
        <actor name="D0N28">
            <wcet number="0">10</wcet>
            <wcet number="1">40</wcet>
            <maxpow number="0.6266912235448112"/>
            <maxpow number="0.6266912235448112"/>
            <fprob>0.0</fprob>
        </actor>
        <actor name="D0N29">
            <wcet number="0">20</wcet>
            <wcet number="1">140</wcet>
            <maxpow number="0.6614591175942786"/>
            <maxpow number="0.6614591175942786"/>
            <fprob>0.0</fprob>
        </actor>
        <actor name="D0N21">
            <wcet number="0">110</wcet>
            <wcet number="1">130</wcet>
            <maxpow number="0.6548309372260552"/>
            <maxpow number="0.6548309372260552"/>
            <fprob>0.0</fprob>
        </actor>
        <actor name="D0N31">
            <wcet number="0">160</wcet>
            <wcet number="1">240</wcet>
            <maxpow number="0.5898795978041004"/>
            <maxpow number="0.5898795978041004"/>
            <fprob>0.0</fprob>
        </actor>
        <actor name="D0N10">
            <wcet number="0">10</wcet>
            <wcet number="1">10</wcet>
            <maxpow number="0.7070756292439182"/>
            <maxpow number="0.7070756292439182"/>
            <fprob>0.0</fprob>
        </actor>
        <actor name="D0N26">
            <wcet number="0">10</wcet>
            <wcet number="1">170</wcet>
            <maxpow number="0.481958396099076"/>
            <maxpow number="0.481958396099076"/>
            <fprob>0.0</fprob>
        </actor>
        <actor name="D0N24">
            <wcet number="0">20</wcet>
            <wcet number="1">30</wcet>
            <maxpow number="0.6067418232080806"/>
            <maxpow number="0.6067418232080806"/>
            <fprob>0.0</fprob>
        </actor>
        <actor name="D0N15">
            <wcet number="0">10</wcet>
            <wcet number="1">20</wcet>
            <maxpow number="0.7038054607999111"/>
            <maxpow number="0.7038054607999111"/>
            <fprob>0.0</fprob>
        </actor>
        <actor name="D0N5">
            <wcet number="0">10</wcet>
            <wcet number="1">40</wcet>
            <maxpow number="0.6869105457741181"/>
            <maxpow number="0.6869105457741181"/>
            <fprob>0.0</fprob>
        </actor>
        <actor name="D0N22">
            <wcet number="0">40</wcet>
            <wcet number="1">60</wcet>
            <maxpow number="0.3328239479380851"/>
            <maxpow number="0.3328239479380851"/>
            <fprob>0.0</fprob>
        </actor>
        <actor name="D0N36">
            <wcet number="0">100</wcet>
            <wcet number="1">150</wcet>
            <maxpow number="0.6912440241630142"/>
            <maxpow number="0.6912440241630142"/>
            <fprob>0.0</fprob>
        </actor>
        <actor name="D0N33">
            <wcet number="0">150</wcet>
            <wcet number="1">170</wcet>
            <maxpow number="0.4089100726411787"/>
            <maxpow number="0.4089100726411787"/>
            <fprob>0.0</fprob>
        </actor>
        <actor name="D0N25">
            <wcet number="0">10</wcet>
            <wcet number="1">20</wcet>
            <maxpow number="0.7052363703560525"/>
            <maxpow number="0.7052363703560525"/>
            <fprob>0.0</fprob>
        </actor>
        <actor name="D0N11">
            <wcet number="0">170</wcet>
            <wcet number="1">310</wcet>
            <maxpow number="1.026913257639832"/>
            <maxpow number="1.026913257639832"/>
            <fprob>0.0</fprob>
        </actor>
        <actor name="D0N8">
            <wcet number="0">40</wcet>
            <wcet number="1">50</wcet>
            <maxpow number="0.7278877046203233"/>
            <maxpow number="0.7278877046203233"/>
            <fprob>0.0</fprob>
        </actor>
        <actor name="D0N18">
            <wcet number="0">20</wcet>
            <wcet number="1">20</wcet>
            <maxpow number="0.5505109394618841"/>
            <maxpow number="0.5505109394618841"/>
            <fprob>0.0</fprob>
        </actor>
        <actor name="D0N7">
            <wcet number="0">160</wcet>
            <wcet number="1">180</wcet>
            <maxpow number="0.3041124946935893"/>
            <maxpow number="0.3041124946935893"/>
            <fprob>0.0</fprob>
        </actor>
        <actor name="D0N41">
            <wcet number="0">210</wcet>
            <wcet number="1">240</wcet>
            <maxpow number="0.5086134719404669"/>
            <maxpow number="0.5086134719404669"/>
            <fprob>0.0</fprob>
        </actor>
        <actor name="D0N34">
            <wcet number="0">10</wcet>
            <wcet number="1">20</wcet>
            <maxpow number="0.6649967197527461"/>
            <maxpow number="0.6649967197527461"/>
            <fprob>0.0</fprob>
        </actor>
        <actor name="D0N4">
            <wcet number="0">330</wcet>
            <wcet number="1">490</wcet>
            <maxpow number="0.9434246374432809"/>
            <maxpow number="0.9434246374432809"/>
            <fprob>0.0</fprob>
        </actor>
        <actor name="D0N13">
            <wcet number="0">40</wcet>
            <wcet number="1">160</wcet>
            <maxpow number="0.23036521933434062"/>
            <maxpow number="0.23036521933434062"/>
            <fprob>0.0</fprob>
        </actor>
        <actor name="D0N0">
            <wcet number="0">10</wcet>
            <wcet number="1">70</wcet>
            <maxpow number="0.39410847309139363"/>
            <maxpow number="0.39410847309139363"/>
            <fprob>0.0</fprob>
        </actor>
        <actor name="D0N20">
            <wcet number="0">20</wcet>
            <wcet number="1">30</wcet>
            <maxpow number="0.4219154509368559"/>
            <maxpow number="0.4219154509368559"/>
            <fprob>0.0</fprob>
        </actor>
        <actor name="D0N40">
            <wcet number="0">40</wcet>
            <wcet number="1">50</wcet>
            <maxpow number="0.503156918690354"/>
            <maxpow number="0.503156918690354"/>
            <fprob>0.0</fprob>
        </actor>
        <actor name="D0N19">
            <wcet number="0">20</wcet>
            <wcet number="1">50</wcet>
            <maxpow number="0.43371472375806885"/>
            <maxpow number="0.43371472375806885"/>
            <fprob>0.0</fprob>
        </actor>
        <actor name="D0N35">
            <wcet number="0">410</wcet>
            <wcet number="1">440</wcet>
            <maxpow number="0.5725490676626899"/>
            <maxpow number="0.5725490676626899"/>
            <fprob>0.0</fprob>
        </actor>
        <actor name="D0N3">
            <wcet number="0">10</wcet>
            <wcet number="1">30</wcet>
            <maxpow number="0.479217058766234"/>
            <maxpow number="0.479217058766234"/>
            <fprob>0.0</fprob>
        </actor>
        <actor name="D0N17">
            <wcet number="0">50</wcet>
            <wcet number="1">170</wcet>
            <maxpow number="0.7849419280670062"/>
            <maxpow number="0.7849419280670062"/>
            <fprob>0.0</fprob>
        </actor>
        <ports>
            <port dstActor="D0N16" name="p0" srcActor="D0N6"/>
            <port dstActor="D0N29" name="p1" srcActor="D0N12"/>
            <port dstActor="D0N31" name="p2" srcActor="D0N12"/>
            <port dstActor="D0N17" name="p3" srcActor="D0N14"/>
            <port dstActor="D0N38" name="p4" srcActor="D0N14"/>
            <port dstActor="D0N47" name="p5" srcActor="D0N14"/>
            <port dstActor="D0N39" name="p6" srcActor="D0N14"/>
            <port dstActor="D0N20" name="p7" srcActor="D0N14"/>
            <port dstActor="D0N30" name="p8" srcActor="D0N23"/>
            <port dstActor="D0N40" name="p9" srcActor="D0N23"/>
            <port dstActor="D0N24" name="p10" srcActor="D0N23"/>
            <port dstActor="D0N30" name="p11" srcActor="D0N27"/>
            <port dstActor="D0N34" name="p12" srcActor="D0N27"/>
            <port dstActor="D0N47" name="p13" srcActor="D0N44"/>
            <port dstActor="D0N25" name="p14" srcActor="D0N16"/>
            <port dstActor="D0N39" name="p15" srcActor="D0N16"/>
            <port dstActor="D0N23" name="p16" srcActor="D0N16"/>
            <port dstActor="D0N44" name="p17" srcActor="D0N16"/>
            <port dstActor="D0N32" name="p18" srcActor="D0N16"/>
            <port dstActor="D0N29" name="p19" srcActor="D0N16"/>
            <port dstActor="D0N44" name="p20" srcActor="D0N30"/>
            <port dstActor="D0N48" name="p21" srcActor="D0N30"/>
            <port dstActor="D0N35" name="p22" srcActor="D0N30"/>
            <port dstActor="D0N20" name="p23" srcActor="D0N1"/>
            <port dstActor="D0N43" name="p24" srcActor="D0N1"/>
            <port dstActor="D0N18" name="p25" srcActor="D0N1"/>
            <port dstActor="D0N24" name="p26" srcActor="D0N1"/>
            <port dstActor="D0N2" name="p27" srcActor="D0N1"/>
            <port dstActor="D0N36" name="p28" srcActor="D0N2"/>
            <port dstActor="D0N3" name="p29" srcActor="D0N2"/>
            <port dstActor="D0N26" name="p30" srcActor="D0N2"/>
            <port dstActor="D0N8" name="p31" srcActor="D0N2"/>
            <port dstActor="D0N37" name="p32" srcActor="D0N32"/>
            <port dstActor="D0N43" name="p33" srcActor="D0N38"/>
            <port dstActor="D0N48" name="p34" srcActor="D0N9"/>
            <port dstActor="D0N22" name="p35" srcActor="D0N9"/>
            <port dstActor="D0N47" name="p36" srcActor="D0N9"/>
            <port dstActor="D0N30" name="p37" srcActor="D0N9"/>
            <port dstActor="D0N45" name="p38" srcActor="D0N9"/>
            <port dstActor="D0N34" name="p39" srcActor="D0N28"/>
            <port dstActor="D0N40" name="p40" srcActor="D0N28"/>
            <port dstActor="D0N33" name="p41" srcActor="D0N29"/>
            <port dstActor="D0N39" name="p42" srcActor="D0N21"/>
            <port dstActor="D0N22" name="p43" srcActor="D0N21"/>
            <port dstActor="D0N33" name="p44" srcActor="D0N21"/>
            <port dstActor="D0N32" name="p45" srcActor="D0N10"/>
            <port dstActor="D0N27" name="p46" srcActor="D0N10"/>
            <port dstActor="D0N28" name="p47" srcActor="D0N10"/>
            <port dstActor="D0N26" name="p48" srcActor="D0N10"/>
            <port dstActor="D0N31" name="p49" srcActor="D0N26"/>
            <port dstActor="D0N44" name="p50" srcActor="D0N26"/>
            <port dstActor="D0N42" name="p51" srcActor="D0N26"/>
            <port dstActor="D0N48" name="p52" srcActor="D0N26"/>
            <port dstActor="D0N37" name="p53" srcActor="D0N24"/>
            <port dstActor="D0N33" name="p54" srcActor="D0N24"/>
            <port dstActor="D0N38" name="p55" srcActor="D0N15"/>
            <port dstActor="D0N16" name="p56" srcActor="D0N15"/>
            <port dstActor="D0N31" name="p57" srcActor="D0N15"/>
            <port dstActor="D0N35" name="p58" srcActor="D0N15"/>
            <port dstActor="D0N16" name="p59" srcActor="D0N5"/>
            <port dstActor="D0N46" name="p60" srcActor="D0N5"/>
            <port dstActor="D0N45" name="p61" srcActor="D0N5"/>
            <port dstActor="D0N14" name="p62" srcActor="D0N5"/>
            <port dstActor="D0N32" name="p63" srcActor="D0N5"/>
            <port dstActor="D0N20" name="p64" srcActor="D0N5"/>
            <port dstActor="D0N37" name="p65" srcActor="D0N22"/>
            <port dstActor="D0N38" name="p66" srcActor="D0N22"/>
            <port dstActor="D0N45" name="p67" srcActor="D0N36"/>
            <port dstActor="D0N39" name="p68" srcActor="D0N36"/>
            <port dstActor="D0N38" name="p69" srcActor="D0N33"/>
            <port dstActor="D0N44" name="p70" srcActor="D0N33"/>
            <port dstActor="D0N34" name="p71" srcActor="D0N33"/>
            <port dstActor="D0N41" name="p72" srcActor="D0N33"/>
            <port dstActor="D0N33" name="p73" srcActor="D0N25"/>
            <port dstActor="D0N30" name="p74" srcActor="D0N25"/>
            <port dstActor="D0N41" name="p75" srcActor="D0N25"/>
            <port dstActor="D0N24" name="p76" srcActor="D0N11"/>
            <port dstActor="D0N23" name="p77" srcActor="D0N11"/>
            <port dstActor="D0N32" name="p78" srcActor="D0N11"/>
            <port dstActor="D0N47" name="p79" srcActor="D0N11"/>
            <port dstActor="D0N28" name="p80" srcActor="D0N11"/>
            <port dstActor="D0N27" name="p81" srcActor="D0N11"/>
            <port dstActor="D0N39" name="p82" srcActor="D0N11"/>
            <port dstActor="D0N42" name="p83" srcActor="D0N11"/>
            <port dstActor="D0N43" name="p84" srcActor="D0N8"/>
            <port dstActor="D0N31" name="p85" srcActor="D0N8"/>
            <port dstActor="D0N21" name="p86" srcActor="D0N8"/>
            <port dstActor="D0N45" name="p87" srcActor="D0N18"/>
            <port dstActor="D0N26" name="p88" srcActor="D0N18"/>
            <port dstActor="D0N27" name="p89" srcActor="D0N18"/>
            <port dstActor="D0N25" name="p90" srcActor="D0N18"/>
            <port dstActor="D0N23" name="p91" srcActor="D0N18"/>
            <port dstActor="D0N16" name="p92" srcActor="D0N7"/>
            <port dstActor="D0N40" name="p93" srcActor="D0N7"/>
            <port dstActor="D0N18" name="p94" srcActor="D0N7"/>
            <port dstActor="D0N32" name="p95" srcActor="D0N7"/>
            <port dstActor="D0N12" name="p96" srcActor="D0N7"/>
            <port dstActor="D0N45" name="p97" srcActor="D0N34"/>
            <port dstActor="D0N36" name="p98" srcActor="D0N34"/>
            <port dstActor="D0N48" name="p99" srcActor="D0N4"/>
            <port dstActor="D0N15" name="p100" srcActor="D0N4"/>
            <port dstActor="D0N24" name="p101" srcActor="D0N4"/>
            <port dstActor="D0N10" name="p102" srcActor="D0N4"/>
            <port dstActor="D0N9" name="p103" srcActor="D0N4"/>
            <port dstActor="D0N14" name="p104" srcActor="D0N4"/>
            <port dstActor="D0N24" name="p105" srcActor="D0N13"/>
            <port dstActor="D0N33" name="p106" srcActor="D0N13"/>
            <port dstActor="D0N35" name="p107" srcActor="D0N13"/>
            <port dstActor="D0N9" name="p108" srcActor="D0N0"/>
            <port dstActor="D0N24" name="p109" srcActor="D0N0"/>
            <port dstActor="D0N19" name="p110" srcActor="D0N0"/>
            <port dstActor="D0N12" name="p111" srcActor="D0N0"/>
            <port dstActor="D0N11" name="p112" srcActor="D0N0"/>
            <port dstActor="D0N1" name="p113" srcActor="D0N0"/>
            <port dstActor="D0N36" name="p114" srcActor="D0N0"/>
            <port dstActor="D0N47" name="p115" srcActor="D0N20"/>
            <port dstActor="D0N35" name="p116" srcActor="D0N20"/>
            <port dstActor="D0N36" name="p117" srcActor="D0N19"/>
            <port dstActor="D0N39" name="p118" srcActor="D0N19"/>
            <port dstActor="D0N31" name="p119" srcActor="D0N19"/>
            <port dstActor="D0N45" name="p120" srcActor="D0N35"/>
            <port dstActor="D0N5" name="p121" srcActor="D0N3"/>
            <port dstActor="D0N20" name="p122" srcActor="D0N3"/>
            <port dstActor="D0N23" name="p123" srcActor="D0N3"/>
            <port dstActor="D0N33" name="p124" srcActor="D0N3"/>
            <port dstActor="D0N46" name="p125" srcActor="D0N3"/>
            <port dstActor="D0N41" name="p126" srcActor="D0N17"/>
            <port dstActor="D0N44" name="p127" srcActor="D0N17"/>
        </ports>
    </mcdag>
    <cores number="3"/>
    <levels number="2"/>
</mcsystem>
