<?xml version="1.0" encoding="UTF-8" standalone="no"?>
<mcsystem>
    <mcdag deadline="1200" name="genned-0-ed-10.0-0">
        <actor name="D0N2">
            <wcet number="0">30</wcet>
            <wcet number="1">40</wcet>
            <maxpow number="0.5774905807435909"/>
            <maxpow number="0.5774905807435909"/>
            <fprob>0.0</fprob>
        </actor>
        <actor name="D0N15">
            <wcet number="0">10</wcet>
            <wcet number="1">160</wcet>
            <maxpow number="0.4669894596057076"/>
            <maxpow number="0.4669894596057076"/>
            <fprob>0.0</fprob>
        </actor>
        <actor name="D0N32">
            <wcet number="0">10</wcet>
            <wcet number="1">10</wcet>
            <maxpow number="0.3120840140057718"/>
            <maxpow number="0.3120840140057718"/>
            <fprob>0.0</fprob>
        </actor>
        <actor name="D0N7">
            <wcet number="0">10</wcet>
            <wcet number="1">20</wcet>
            <maxpow number="0.3685351069848064"/>
            <maxpow number="0.3685351069848064"/>
            <fprob>0.0</fprob>
        </actor>
        <actor name="D0N39">
            <wcet number="0">20</wcet>
            <wcet number="1">70</wcet>
            <maxpow number="0.5257242174299119"/>
            <maxpow number="0.5257242174299119"/>
            <fprob>0.0</fprob>
        </actor>
        <actor name="D0N1">
            <wcet number="0">10</wcet>
            <wcet number="1">10</wcet>
            <maxpow number="0.5323574678569809"/>
            <maxpow number="0.5323574678569809"/>
            <fprob>0.0</fprob>
        </actor>
        <actor name="D0N0">
            <wcet number="0">20</wcet>
            <wcet number="1">30</wcet>
            <maxpow number="0.7507535151435274"/>
            <maxpow number="0.7507535151435274"/>
            <fprob>0.0</fprob>
        </actor>
        <actor name="D0N36">
            <wcet number="0">10</wcet>
            <wcet number="1">20</wcet>
            <maxpow number="0.3768274968768468"/>
            <maxpow number="0.3768274968768468"/>
            <fprob>0.0</fprob>
        </actor>
        <actor name="D0N40">
            <wcet number="0">10</wcet>
            <wcet number="1">30</wcet>
            <maxpow number="0.7990093375167846"/>
            <maxpow number="0.7990093375167846"/>
            <fprob>0.0</fprob>
        </actor>
        <actor name="D0N18">
            <wcet number="0">10</wcet>
            <wcet number="1">50</wcet>
            <maxpow number="0.2876169095142021"/>
            <maxpow number="0.2876169095142021"/>
            <fprob>0.0</fprob>
        </actor>
        <actor name="D0N17">
            <wcet number="0">50</wcet>
            <wcet number="1">50</wcet>
            <maxpow number="0.2245672928750891"/>
            <maxpow number="0.2245672928750891"/>
            <fprob>0.0</fprob>
        </actor>
        <actor name="D0N28">
            <wcet number="0">20</wcet>
            <wcet number="1">30</wcet>
            <maxpow number="0.5971259511121284"/>
            <maxpow number="0.5971259511121284"/>
            <fprob>0.0</fprob>
        </actor>
        <actor name="D0N13">
            <wcet number="0">10</wcet>
            <wcet number="1">10</wcet>
            <maxpow number="0.4350095797753913"/>
            <maxpow number="0.4350095797753913"/>
            <fprob>0.0</fprob>
        </actor>
        <actor name="D0N31">
            <wcet number="0">40</wcet>
            <wcet number="1">40</wcet>
            <maxpow number="0.9079240807544289"/>
            <maxpow number="0.9079240807544289"/>
            <fprob>0.0</fprob>
        </actor>
        <actor name="D0N3">
            <wcet number="0">20</wcet>
            <wcet number="1">20</wcet>
            <maxpow number="0.12987092146103713"/>
            <maxpow number="0.12987092146103713"/>
            <fprob>0.0</fprob>
        </actor>
        <actor name="D0N33">
            <wcet number="0">20</wcet>
            <wcet number="1">50</wcet>
            <maxpow number="0.6163255395698952"/>
            <maxpow number="0.6163255395698952"/>
            <fprob>0.0</fprob>
        </actor>
        <actor name="D0N42">
            <wcet number="0">10</wcet>
            <wcet number="1">10</wcet>
            <maxpow number="0.5880349924586872"/>
            <maxpow number="0.5880349924586872"/>
            <fprob>0.0</fprob>
        </actor>
        <actor name="D0N35">
            <wcet number="0">160</wcet>
            <wcet number="1">220</wcet>
            <maxpow number="0.7465491061118218"/>
            <maxpow number="0.7465491061118218"/>
            <fprob>0.0</fprob>
        </actor>
        <actor name="D0N44">
            <wcet number="0">10</wcet>
            <wcet number="1">20</wcet>
            <maxpow number="0.3471316138282917"/>
            <maxpow number="0.3471316138282917"/>
            <fprob>0.0</fprob>
        </actor>
        <actor name="D0N47">
            <wcet number="0">10</wcet>
            <wcet number="1">20</wcet>
            <maxpow number="0.7255774275963212"/>
            <maxpow number="0.7255774275963212"/>
            <fprob>0.0</fprob>
        </actor>
        <actor name="D0N5">
            <wcet number="0">30</wcet>
            <wcet number="1">40</wcet>
            <maxpow number="0.6205628262358551"/>
            <maxpow number="0.6205628262358551"/>
            <fprob>0.0</fprob>
        </actor>
        <actor name="D0N20">
            <wcet number="0">30</wcet>
            <wcet number="1">50</wcet>
            <maxpow number="0.47035658306039635"/>
            <maxpow number="0.47035658306039635"/>
            <fprob>0.0</fprob>
        </actor>
        <actor name="D0N46">
            <wcet number="0">10</wcet>
            <wcet number="1">10</wcet>
            <maxpow number="0.35021650517465763"/>
            <maxpow number="0.35021650517465763"/>
            <fprob>0.0</fprob>
        </actor>
        <actor name="D0N38">
            <wcet number="0">20</wcet>
            <wcet number="1">20</wcet>
            <maxpow number="0.47461349382739315"/>
            <maxpow number="0.47461349382739315"/>
            <fprob>0.0</fprob>
        </actor>
        <actor name="D0N43">
            <wcet number="0">20</wcet>
            <wcet number="1">20</wcet>
            <maxpow number="0.6445674361327235"/>
            <maxpow number="0.6445674361327235"/>
            <fprob>0.0</fprob>
        </actor>
        <actor name="D0N4">
            <wcet number="0">10</wcet>
            <wcet number="1">20</wcet>
            <maxpow number="0.39401933958340196"/>
            <maxpow number="0.39401933958340196"/>
            <fprob>0.0</fprob>
        </actor>
        <actor name="D0N30">
            <wcet number="0">50</wcet>
            <wcet number="1">110</wcet>
            <maxpow number="0.7034580217034536"/>
            <maxpow number="0.7034580217034536"/>
            <fprob>0.0</fprob>
        </actor>
        <actor name="D0N45">
            <wcet number="0">30</wcet>
            <wcet number="1">30</wcet>
            <maxpow number="0.9141174667100607"/>
            <maxpow number="0.9141174667100607"/>
            <fprob>0.0</fprob>
        </actor>
        <actor name="D0N29">
            <wcet number="0">50</wcet>
            <wcet number="1">70</wcet>
            <maxpow number="0.6046302101486649"/>
            <maxpow number="0.6046302101486649"/>
            <fprob>0.0</fprob>
        </actor>
        <actor name="D0N48">
            <wcet number="0">10</wcet>
            <wcet number="1">10</wcet>
            <maxpow number="0.15479917421867484"/>
            <maxpow number="0.15479917421867484"/>
            <fprob>0.0</fprob>
        </actor>
        <actor name="D0N25">
            <wcet number="0">80</wcet>
            <wcet number="1">110</wcet>
            <maxpow number="0.3727553052256769"/>
            <maxpow number="0.3727553052256769"/>
            <fprob>0.0</fprob>
        </actor>
        <actor name="D0N27">
            <wcet number="0">20</wcet>
            <wcet number="1">20</wcet>
            <maxpow number="0.2876550127385101"/>
            <maxpow number="0.2876550127385101"/>
            <fprob>0.0</fprob>
        </actor>
        <actor name="D0N22">
            <wcet number="0">30</wcet>
            <wcet number="1">30</wcet>
            <maxpow number="0.4566458669826453"/>
            <maxpow number="0.4566458669826453"/>
            <fprob>0.0</fprob>
        </actor>
        <actor name="D0N16">
            <wcet number="0">30</wcet>
            <wcet number="1">30</wcet>
            <maxpow number="0.624313532566153"/>
            <maxpow number="0.624313532566153"/>
            <fprob>0.0</fprob>
        </actor>
        <actor name="D0N6">
            <wcet number="0">20</wcet>
            <wcet number="1">30</wcet>
            <maxpow number="0.5471324698241886"/>
            <maxpow number="0.5471324698241886"/>
            <fprob>0.0</fprob>
        </actor>
        <actor name="D0N12">
            <wcet number="0">10</wcet>
            <wcet number="1">10</wcet>
            <maxpow number="0.32802413843032235"/>
            <maxpow number="0.32802413843032235"/>
            <fprob>0.0</fprob>
        </actor>
        <actor name="D0N9">
            <wcet number="0">20</wcet>
            <wcet number="1">40</wcet>
            <maxpow number="0.7296912117270131"/>
            <maxpow number="0.7296912117270131"/>
            <fprob>0.0</fprob>
        </actor>
        <actor name="D0N14">
            <wcet number="0">70</wcet>
            <wcet number="1">200</wcet>
            <maxpow number="0.5573181538021373"/>
            <maxpow number="0.5573181538021373"/>
            <fprob>0.0</fprob>
        </actor>
        <actor name="D0N23">
            <wcet number="0">40</wcet>
            <wcet number="1">90</wcet>
            <maxpow number="0.8528095602426453"/>
            <maxpow number="0.8528095602426453"/>
            <fprob>0.0</fprob>
        </actor>
        <actor name="D0N11">
            <wcet number="0">20</wcet>
            <wcet number="1">50</wcet>
            <maxpow number="0.7226246208738507"/>
            <maxpow number="0.7226246208738507"/>
            <fprob>0.0</fprob>
        </actor>
        <actor name="D0N21">
            <wcet number="0">20</wcet>
            <wcet number="1">30</wcet>
            <maxpow number="0.8096133605429318"/>
            <maxpow number="0.8096133605429318"/>
            <fprob>0.0</fprob>
        </actor>
        <actor name="D0N37">
            <wcet number="0">10</wcet>
            <wcet number="1">20</wcet>
            <maxpow number="0.9806082157765109"/>
            <maxpow number="0.9806082157765109"/>
            <fprob>0.0</fprob>
        </actor>
        <actor name="D0N8">
            <wcet number="0">110</wcet>
            <wcet number="1">110</wcet>
            <maxpow number="0.8075078872406408"/>
            <maxpow number="0.8075078872406408"/>
            <fprob>0.0</fprob>
        </actor>
        <actor name="D0N10">
            <wcet number="0">10</wcet>
            <wcet number="1">30</wcet>
            <maxpow number="0.7994663667407416"/>
            <maxpow number="0.7994663667407416"/>
            <fprob>0.0</fprob>
        </actor>
        <actor name="D0N19">
            <wcet number="0">40</wcet>
            <wcet number="1">50</wcet>
            <maxpow number="0.7372949328943119"/>
            <maxpow number="0.7372949328943119"/>
            <fprob>0.0</fprob>
        </actor>
        <actor name="D0N34">
            <wcet number="0">80</wcet>
            <wcet number="1">190</wcet>
            <maxpow number="0.5894828542741031"/>
            <maxpow number="0.5894828542741031"/>
            <fprob>0.0</fprob>
        </actor>
        <actor name="D0N41">
            <wcet number="0">50</wcet>
            <wcet number="1">180</wcet>
            <maxpow number="0.3837945238848284"/>
            <maxpow number="0.3837945238848284"/>
            <fprob>0.0</fprob>
        </actor>
        <actor name="D0N26">
            <wcet number="0">30</wcet>
            <wcet number="1">50</wcet>
            <maxpow number="0.5916388739595735"/>
            <maxpow number="0.5916388739595735"/>
            <fprob>0.0</fprob>
        </actor>
        <actor name="D0N24">
            <wcet number="0">30</wcet>
            <wcet number="1">80</wcet>
            <maxpow number="0.3860219085902157"/>
            <maxpow number="0.3860219085902157"/>
            <fprob>0.0</fprob>
        </actor>
        <ports>
            <port dstActor="D0N27" name="p0" srcActor="D0N2"/>
            <port dstActor="D0N48" name="p1" srcActor="D0N2"/>
            <port dstActor="D0N22" name="p2" srcActor="D0N2"/>
            <port dstActor="D0N48" name="p3" srcActor="D0N15"/>
            <port dstActor="D0N34" name="p4" srcActor="D0N15"/>
            <port dstActor="D0N43" name="p5" srcActor="D0N15"/>
            <port dstActor="D0N9" name="p6" srcActor="D0N7"/>
            <port dstActor="D0N40" name="p7" srcActor="D0N39"/>
            <port dstActor="D0N41" name="p8" srcActor="D0N39"/>
            <port dstActor="D0N3" name="p9" srcActor="D0N1"/>
            <port dstActor="D0N23" name="p10" srcActor="D0N1"/>
            <port dstActor="D0N30" name="p11" srcActor="D0N1"/>
            <port dstActor="D0N9" name="p12" srcActor="D0N1"/>
            <port dstActor="D0N40" name="p13" srcActor="D0N1"/>
            <port dstActor="D0N11" name="p14" srcActor="D0N1"/>
            <port dstActor="D0N21" name="p15" srcActor="D0N0"/>
            <port dstActor="D0N17" name="p16" srcActor="D0N0"/>
            <port dstActor="D0N28" name="p17" srcActor="D0N0"/>
            <port dstActor="D0N39" name="p18" srcActor="D0N36"/>
            <port dstActor="D0N43" name="p19" srcActor="D0N40"/>
            <port dstActor="D0N41" name="p20" srcActor="D0N18"/>
            <port dstActor="D0N38" name="p21" srcActor="D0N18"/>
            <port dstActor="D0N29" name="p22" srcActor="D0N17"/>
            <port dstActor="D0N31" name="p23" srcActor="D0N17"/>
            <port dstActor="D0N40" name="p24" srcActor="D0N28"/>
            <port dstActor="D0N27" name="p25" srcActor="D0N13"/>
            <port dstActor="D0N28" name="p26" srcActor="D0N13"/>
            <port dstActor="D0N47" name="p27" srcActor="D0N13"/>
            <port dstActor="D0N24" name="p28" srcActor="D0N13"/>
            <port dstActor="D0N18" name="p29" srcActor="D0N13"/>
            <port dstActor="D0N36" name="p30" srcActor="D0N31"/>
            <port dstActor="D0N37" name="p31" srcActor="D0N31"/>
            <port dstActor="D0N26" name="p32" srcActor="D0N3"/>
            <port dstActor="D0N14" name="p33" srcActor="D0N3"/>
            <port dstActor="D0N20" name="p34" srcActor="D0N3"/>
            <port dstActor="D0N42" name="p35" srcActor="D0N33"/>
            <port dstActor="D0N43" name="p36" srcActor="D0N33"/>
            <port dstActor="D0N13" name="p37" srcActor="D0N5"/>
            <port dstActor="D0N14" name="p38" srcActor="D0N5"/>
            <port dstActor="D0N16" name="p39" srcActor="D0N5"/>
            <port dstActor="D0N37" name="p40" srcActor="D0N20"/>
            <port dstActor="D0N32" name="p41" srcActor="D0N20"/>
            <port dstActor="D0N33" name="p42" srcActor="D0N20"/>
            <port dstActor="D0N26" name="p43" srcActor="D0N20"/>
            <port dstActor="D0N47" name="p44" srcActor="D0N20"/>
            <port dstActor="D0N48" name="p45" srcActor="D0N38"/>
            <port dstActor="D0N46" name="p46" srcActor="D0N43"/>
            <port dstActor="D0N44" name="p47" srcActor="D0N4"/>
            <port dstActor="D0N19" name="p48" srcActor="D0N4"/>
            <port dstActor="D0N41" name="p49" srcActor="D0N29"/>
            <port dstActor="D0N35" name="p50" srcActor="D0N29"/>
            <port dstActor="D0N40" name="p51" srcActor="D0N29"/>
            <port dstActor="D0N46" name="p52" srcActor="D0N29"/>
            <port dstActor="D0N33" name="p53" srcActor="D0N29"/>
            <port dstActor="D0N28" name="p54" srcActor="D0N25"/>
            <port dstActor="D0N27" name="p55" srcActor="D0N25"/>
            <port dstActor="D0N36" name="p56" srcActor="D0N25"/>
            <port dstActor="D0N42" name="p57" srcActor="D0N25"/>
            <port dstActor="D0N36" name="p58" srcActor="D0N27"/>
            <port dstActor="D0N40" name="p59" srcActor="D0N27"/>
            <port dstActor="D0N45" name="p60" srcActor="D0N27"/>
            <port dstActor="D0N47" name="p61" srcActor="D0N22"/>
            <port dstActor="D0N35" name="p62" srcActor="D0N22"/>
            <port dstActor="D0N32" name="p63" srcActor="D0N22"/>
            <port dstActor="D0N25" name="p64" srcActor="D0N22"/>
            <port dstActor="D0N17" name="p65" srcActor="D0N16"/>
            <port dstActor="D0N27" name="p66" srcActor="D0N16"/>
            <port dstActor="D0N33" name="p67" srcActor="D0N16"/>
            <port dstActor="D0N38" name="p68" srcActor="D0N16"/>
            <port dstActor="D0N22" name="p69" srcActor="D0N6"/>
            <port dstActor="D0N40" name="p70" srcActor="D0N6"/>
            <port dstActor="D0N32" name="p71" srcActor="D0N6"/>
            <port dstActor="D0N39" name="p72" srcActor="D0N6"/>
            <port dstActor="D0N24" name="p73" srcActor="D0N12"/>
            <port dstActor="D0N17" name="p74" srcActor="D0N12"/>
            <port dstActor="D0N27" name="p75" srcActor="D0N12"/>
            <port dstActor="D0N22" name="p76" srcActor="D0N9"/>
            <port dstActor="D0N13" name="p77" srcActor="D0N9"/>
            <port dstActor="D0N12" name="p78" srcActor="D0N9"/>
            <port dstActor="D0N28" name="p79" srcActor="D0N9"/>
            <port dstActor="D0N39" name="p80" srcActor="D0N14"/>
            <port dstActor="D0N44" name="p81" srcActor="D0N14"/>
            <port dstActor="D0N24" name="p82" srcActor="D0N23"/>
            <port dstActor="D0N31" name="p83" srcActor="D0N23"/>
            <port dstActor="D0N31" name="p84" srcActor="D0N11"/>
            <port dstActor="D0N26" name="p85" srcActor="D0N11"/>
            <port dstActor="D0N32" name="p86" srcActor="D0N21"/>
            <port dstActor="D0N21" name="p87" srcActor="D0N8"/>
            <port dstActor="D0N45" name="p88" srcActor="D0N8"/>
            <port dstActor="D0N9" name="p89" srcActor="D0N8"/>
            <port dstActor="D0N39" name="p90" srcActor="D0N8"/>
            <port dstActor="D0N25" name="p91" srcActor="D0N10"/>
            <port dstActor="D0N11" name="p92" srcActor="D0N10"/>
            <port dstActor="D0N14" name="p93" srcActor="D0N10"/>
            <port dstActor="D0N42" name="p94" srcActor="D0N10"/>
            <port dstActor="D0N41" name="p95" srcActor="D0N10"/>
            <port dstActor="D0N29" name="p96" srcActor="D0N19"/>
            <port dstActor="D0N21" name="p97" srcActor="D0N19"/>
            <port dstActor="D0N45" name="p98" srcActor="D0N19"/>
            <port dstActor="D0N20" name="p99" srcActor="D0N19"/>
            <port dstActor="D0N46" name="p100" srcActor="D0N26"/>
            <port dstActor="D0N43" name="p101" srcActor="D0N26"/>
            <port dstActor="D0N44" name="p102" srcActor="D0N26"/>
            <port dstActor="D0N29" name="p103" srcActor="D0N26"/>
            <port dstActor="D0N47" name="p104" srcActor="D0N24"/>
            <port dstActor="D0N32" name="p105" srcActor="D0N24"/>
            <port dstActor="D0N34" name="p106" srcActor="D0N24"/>
        </ports>
    </mcdag>
    <cores number="3"/>
    <levels number="2"/>
</mcsystem>
