<?xml version="1.0" encoding="UTF-8" standalone="no"?>
<mcsystem>
    <mcdag deadline="2200" name="genned-0-ed-10.0-0">
        <actor name="D0N45">
            <wcet number="0">80</wcet>
            <wcet number="1">90</wcet>
            <maxpow number="0.4197779960221693"/>
            <maxpow number="0.4197779960221693"/>
            <fprob>0.0</fprob>
        </actor>
        <actor name="D0N8">
            <wcet number="0">10</wcet>
            <wcet number="1">10</wcet>
            <maxpow number="0.6014165898149686"/>
            <maxpow number="0.6014165898149686"/>
            <fprob>0.0</fprob>
        </actor>
        <actor name="D0N12">
            <wcet number="0">30</wcet>
            <wcet number="1">40</wcet>
            <maxpow number="0.6529213906790471"/>
            <maxpow number="0.6529213906790471"/>
            <fprob>0.0</fprob>
        </actor>
        <actor name="D0N36">
            <wcet number="0">30</wcet>
            <wcet number="1">90</wcet>
            <maxpow number="0.7414884561678987"/>
            <maxpow number="0.7414884561678987"/>
            <fprob>0.0</fprob>
        </actor>
        <actor name="D0N34">
            <wcet number="0">90</wcet>
            <wcet number="1">90</wcet>
            <maxpow number="0.4714979182689152"/>
            <maxpow number="0.4714979182689152"/>
            <fprob>0.0</fprob>
        </actor>
        <actor name="D0N9">
            <wcet number="0">10</wcet>
            <wcet number="1">20</wcet>
            <maxpow number="0.9154173487987458"/>
            <maxpow number="0.9154173487987458"/>
            <fprob>0.0</fprob>
        </actor>
        <actor name="D0N24">
            <wcet number="0">30</wcet>
            <wcet number="1">40</wcet>
            <maxpow number="0.7223897295173041"/>
            <maxpow number="0.7223897295173041"/>
            <fprob>0.0</fprob>
        </actor>
        <actor name="D0N20">
            <wcet number="0">60</wcet>
            <wcet number="1">60</wcet>
            <maxpow number="0.38645646868463057"/>
            <maxpow number="0.38645646868463057"/>
            <fprob>0.0</fprob>
        </actor>
        <actor name="D0N5">
            <wcet number="0">180</wcet>
            <wcet number="1">230</wcet>
            <maxpow number="0.5600624986972929"/>
            <maxpow number="0.5600624986972929"/>
            <fprob>0.0</fprob>
        </actor>
        <actor name="D0N3">
            <wcet number="0">20</wcet>
            <wcet number="1">20</wcet>
            <maxpow number="0.449789519567525"/>
            <maxpow number="0.449789519567525"/>
            <fprob>0.0</fprob>
        </actor>
        <actor name="D0N41">
            <wcet number="0">30</wcet>
            <wcet number="1">60</wcet>
            <maxpow number="0.21836477199358828"/>
            <maxpow number="0.21836477199358828"/>
            <fprob>0.0</fprob>
        </actor>
        <actor name="D0N29">
            <wcet number="0">10</wcet>
            <wcet number="1">10</wcet>
            <maxpow number="0.49545105909159654"/>
            <maxpow number="0.49545105909159654"/>
            <fprob>0.0</fprob>
        </actor>
        <actor name="D0N23">
            <wcet number="0">20</wcet>
            <wcet number="1">30</wcet>
            <maxpow number="-0.022265952800440303"/>
            <maxpow number="-0.022265952800440303"/>
            <fprob>0.0</fprob>
        </actor>
        <actor name="D0N28">
            <wcet number="0">160</wcet>
            <wcet number="1">210</wcet>
            <maxpow number="0.5968342280712294"/>
            <maxpow number="0.5968342280712294"/>
            <fprob>0.0</fprob>
        </actor>
        <actor name="D0N7">
            <wcet number="0">130</wcet>
            <wcet number="1">130</wcet>
            <maxpow number="0.7176682463246424"/>
            <maxpow number="0.7176682463246424"/>
            <fprob>0.0</fprob>
        </actor>
        <actor name="D0N13">
            <wcet number="0">100</wcet>
            <wcet number="1">120</wcet>
            <maxpow number="0.6432468514309638"/>
            <maxpow number="0.6432468514309638"/>
            <fprob>0.0</fprob>
        </actor>
        <actor name="D0N46">
            <wcet number="0">30</wcet>
            <wcet number="1">70</wcet>
            <maxpow number="0.6052296591929304"/>
            <maxpow number="0.6052296591929304"/>
            <fprob>0.0</fprob>
        </actor>
        <actor name="D0N18">
            <wcet number="0">60</wcet>
            <wcet number="1">70</wcet>
            <maxpow number="0.46025245216753696"/>
            <maxpow number="0.46025245216753696"/>
            <fprob>0.0</fprob>
        </actor>
        <actor name="D0N19">
            <wcet number="0">10</wcet>
            <wcet number="1">90</wcet>
            <maxpow number="0.19524581327972151"/>
            <maxpow number="0.19524581327972151"/>
            <fprob>0.0</fprob>
        </actor>
        <actor name="D0N10">
            <wcet number="0">400</wcet>
            <wcet number="1">480</wcet>
            <maxpow number="0.6087429435244379"/>
            <maxpow number="0.6087429435244379"/>
            <fprob>0.0</fprob>
        </actor>
        <actor name="D0N21">
            <wcet number="0">120</wcet>
            <wcet number="1">240</wcet>
            <maxpow number="0.36958215443170106"/>
            <maxpow number="0.36958215443170106"/>
            <fprob>0.0</fprob>
        </actor>
        <actor name="D0N43">
            <wcet number="0">40</wcet>
            <wcet number="1">100</wcet>
            <maxpow number="0.49619871292940293"/>
            <maxpow number="0.49619871292940293"/>
            <fprob>0.0</fprob>
        </actor>
        <actor name="D0N17">
            <wcet number="0">50</wcet>
            <wcet number="1">70</wcet>
            <maxpow number="0.6494550201912819"/>
            <maxpow number="0.6494550201912819"/>
            <fprob>0.0</fprob>
        </actor>
        <actor name="D0N26">
            <wcet number="0">20</wcet>
            <wcet number="1">40</wcet>
            <maxpow number="0.6339957494471455"/>
            <maxpow number="0.6339957494471455"/>
            <fprob>0.0</fprob>
        </actor>
        <actor name="D0N35">
            <wcet number="0">10</wcet>
            <wcet number="1">20</wcet>
            <maxpow number="0.39491802127791353"/>
            <maxpow number="0.39491802127791353"/>
            <fprob>0.0</fprob>
        </actor>
        <actor name="D0N22">
            <wcet number="0">20</wcet>
            <wcet number="1">160</wcet>
            <maxpow number="0.6774536930452801"/>
            <maxpow number="0.6774536930452801"/>
            <fprob>0.0</fprob>
        </actor>
        <actor name="D0N49">
            <wcet number="0">10</wcet>
            <wcet number="1">10</wcet>
            <maxpow number="0.4744511733518222"/>
            <maxpow number="0.4744511733518222"/>
            <fprob>0.0</fprob>
        </actor>
        <actor name="D0N0">
            <wcet number="0">10</wcet>
            <wcet number="1">10</wcet>
            <maxpow number="0.7658481181765125"/>
            <maxpow number="0.7658481181765125"/>
            <fprob>0.0</fprob>
        </actor>
        <actor name="D0N38">
            <wcet number="0">10</wcet>
            <wcet number="1">10</wcet>
            <maxpow number="0.4303508467549144"/>
            <maxpow number="0.4303508467549144"/>
            <fprob>0.0</fprob>
        </actor>
        <actor name="D0N40">
            <wcet number="0">40</wcet>
            <wcet number="1">40</wcet>
            <maxpow number="0.5834275047947728"/>
            <maxpow number="0.5834275047947728"/>
            <fprob>0.0</fprob>
        </actor>
        <actor name="D0N11">
            <wcet number="0">50</wcet>
            <wcet number="1">70</wcet>
            <maxpow number="0.6730374265813163"/>
            <maxpow number="0.6730374265813163"/>
            <fprob>0.0</fprob>
        </actor>
        <actor name="D0N25">
            <wcet number="0">80</wcet>
            <wcet number="1">80</wcet>
            <maxpow number="0.6885847809966587"/>
            <maxpow number="0.6885847809966587"/>
            <fprob>0.0</fprob>
        </actor>
        <actor name="D0N33">
            <wcet number="0">100</wcet>
            <wcet number="1">120</wcet>
            <maxpow number="0.720049538219407"/>
            <maxpow number="0.720049538219407"/>
            <fprob>0.0</fprob>
        </actor>
        <actor name="D0N42">
            <wcet number="0">20</wcet>
            <wcet number="1">50</wcet>
            <maxpow number="0.5896087912804265"/>
            <maxpow number="0.5896087912804265"/>
            <fprob>0.0</fprob>
        </actor>
        <actor name="D0N4">
            <wcet number="0">10</wcet>
            <wcet number="1">10</wcet>
            <maxpow number="0.7853139000946121"/>
            <maxpow number="0.7853139000946121"/>
            <fprob>0.0</fprob>
        </actor>
        <actor name="D0N14">
            <wcet number="0">80</wcet>
            <wcet number="1">80</wcet>
            <maxpow number="0.5176535238740586"/>
            <maxpow number="0.5176535238740586"/>
            <fprob>0.0</fprob>
        </actor>
        <actor name="D0N47">
            <wcet number="0">60</wcet>
            <wcet number="1">70</wcet>
            <maxpow number="0.5228325369175966"/>
            <maxpow number="0.5228325369175966"/>
            <fprob>0.0</fprob>
        </actor>
        <actor name="D0N39">
            <wcet number="0">10</wcet>
            <wcet number="1">40</wcet>
            <maxpow number="0.4817294950325258"/>
            <maxpow number="0.4817294950325258"/>
            <fprob>0.0</fprob>
        </actor>
        <actor name="D0N48">
            <wcet number="0">10</wcet>
            <wcet number="1">50</wcet>
            <maxpow number="0.48203278369907193"/>
            <maxpow number="0.48203278369907193"/>
            <fprob>0.0</fprob>
        </actor>
        <actor name="D0N6">
            <wcet number="0">100</wcet>
            <wcet number="1">170</wcet>
            <maxpow number="0.5172495900137084"/>
            <maxpow number="0.5172495900137084"/>
            <fprob>0.0</fprob>
        </actor>
        <actor name="D0N31">
            <wcet number="0">20</wcet>
            <wcet number="1">30</wcet>
            <maxpow number="0.7192924842425545"/>
            <maxpow number="0.7192924842425545"/>
            <fprob>0.0</fprob>
        </actor>
        <actor name="D0N37">
            <wcet number="0">30</wcet>
            <wcet number="1">120</wcet>
            <maxpow number="0.7658953243774003"/>
            <maxpow number="0.7658953243774003"/>
            <fprob>0.0</fprob>
        </actor>
        <actor name="D0N32">
            <wcet number="0">240</wcet>
            <wcet number="1">380</wcet>
            <maxpow number="0.5801813900470119"/>
            <maxpow number="0.5801813900470119"/>
            <fprob>0.0</fprob>
        </actor>
        <actor name="D0N15">
            <wcet number="0">170</wcet>
            <wcet number="1">170</wcet>
            <maxpow number="0.5300375368796518"/>
            <maxpow number="0.5300375368796518"/>
            <fprob>0.0</fprob>
        </actor>
        <actor name="D0N44">
            <wcet number="0">40</wcet>
            <wcet number="1">40</wcet>
            <maxpow number="0.4916672137649672"/>
            <maxpow number="0.4916672137649672"/>
            <fprob>0.0</fprob>
        </actor>
        <actor name="D0N1">
            <wcet number="0">110</wcet>
            <wcet number="1">350</wcet>
            <maxpow number="0.7041048654303526"/>
            <maxpow number="0.7041048654303526"/>
            <fprob>0.0</fprob>
        </actor>
        <actor name="D0N16">
            <wcet number="0">90</wcet>
            <wcet number="1">200</wcet>
            <maxpow number="0.4352194384366356"/>
            <maxpow number="0.4352194384366356"/>
            <fprob>0.0</fprob>
        </actor>
        <actor name="D0N27">
            <wcet number="0">130</wcet>
            <wcet number="1">450</wcet>
            <maxpow number="0.4837798693502615"/>
            <maxpow number="0.4837798693502615"/>
            <fprob>0.0</fprob>
        </actor>
        <actor name="D0N2">
            <wcet number="0">10</wcet>
            <wcet number="1">10</wcet>
            <maxpow number="0.4320423566131038"/>
            <maxpow number="0.4320423566131038"/>
            <fprob>0.0</fprob>
        </actor>
        <actor name="D0N30">
            <wcet number="0">80</wcet>
            <wcet number="1">130</wcet>
            <maxpow number="0.46000418788374653"/>
            <maxpow number="0.46000418788374653"/>
            <fprob>0.0</fprob>
        </actor>
        <ports>
            <port dstActor="D0N20" name="p0" srcActor="D0N8"/>
            <port dstActor="D0N16" name="p1" srcActor="D0N8"/>
            <port dstActor="D0N43" name="p2" srcActor="D0N8"/>
            <port dstActor="D0N31" name="p3" srcActor="D0N8"/>
            <port dstActor="D0N29" name="p4" srcActor="D0N8"/>
            <port dstActor="D0N18" name="p5" srcActor="D0N12"/>
            <port dstActor="D0N43" name="p6" srcActor="D0N12"/>
            <port dstActor="D0N37" name="p7" srcActor="D0N36"/>
            <port dstActor="D0N41" name="p8" srcActor="D0N36"/>
            <port dstActor="D0N31" name="p9" srcActor="D0N9"/>
            <port dstActor="D0N26" name="p10" srcActor="D0N9"/>
            <port dstActor="D0N28" name="p11" srcActor="D0N9"/>
            <port dstActor="D0N37" name="p12" srcActor="D0N24"/>
            <port dstActor="D0N26" name="p13" srcActor="D0N24"/>
            <port dstActor="D0N34" name="p14" srcActor="D0N24"/>
            <port dstActor="D0N40" name="p15" srcActor="D0N24"/>
            <port dstActor="D0N27" name="p16" srcActor="D0N24"/>
            <port dstActor="D0N24" name="p17" srcActor="D0N20"/>
            <port dstActor="D0N35" name="p18" srcActor="D0N20"/>
            <port dstActor="D0N38" name="p19" srcActor="D0N20"/>
            <port dstActor="D0N45" name="p20" srcActor="D0N5"/>
            <port dstActor="D0N40" name="p21" srcActor="D0N5"/>
            <port dstActor="D0N6" name="p22" srcActor="D0N5"/>
            <port dstActor="D0N46" name="p23" srcActor="D0N5"/>
            <port dstActor="D0N47" name="p24" srcActor="D0N3"/>
            <port dstActor="D0N22" name="p25" srcActor="D0N3"/>
            <port dstActor="D0N29" name="p26" srcActor="D0N3"/>
            <port dstActor="D0N49" name="p27" srcActor="D0N3"/>
            <port dstActor="D0N32" name="p28" srcActor="D0N29"/>
            <port dstActor="D0N39" name="p29" srcActor="D0N29"/>
            <port dstActor="D0N24" name="p30" srcActor="D0N23"/>
            <port dstActor="D0N31" name="p31" srcActor="D0N23"/>
            <port dstActor="D0N35" name="p32" srcActor="D0N28"/>
            <port dstActor="D0N30" name="p33" srcActor="D0N28"/>
            <port dstActor="D0N49" name="p34" srcActor="D0N28"/>
            <port dstActor="D0N39" name="p35" srcActor="D0N7"/>
            <port dstActor="D0N37" name="p36" srcActor="D0N7"/>
            <port dstActor="D0N20" name="p37" srcActor="D0N7"/>
            <port dstActor="D0N35" name="p38" srcActor="D0N7"/>
            <port dstActor="D0N45" name="p39" srcActor="D0N7"/>
            <port dstActor="D0N41" name="p40" srcActor="D0N13"/>
            <port dstActor="D0N39" name="p41" srcActor="D0N13"/>
            <port dstActor="D0N21" name="p42" srcActor="D0N13"/>
            <port dstActor="D0N49" name="p43" srcActor="D0N46"/>
            <port dstActor="D0N46" name="p44" srcActor="D0N18"/>
            <port dstActor="D0N30" name="p45" srcActor="D0N18"/>
            <port dstActor="D0N32" name="p46" srcActor="D0N18"/>
            <port dstActor="D0N42" name="p47" srcActor="D0N18"/>
            <port dstActor="D0N36" name="p48" srcActor="D0N19"/>
            <port dstActor="D0N35" name="p49" srcActor="D0N19"/>
            <port dstActor="D0N26" name="p50" srcActor="D0N19"/>
            <port dstActor="D0N29" name="p51" srcActor="D0N19"/>
            <port dstActor="D0N22" name="p52" srcActor="D0N19"/>
            <port dstActor="D0N36" name="p53" srcActor="D0N10"/>
            <port dstActor="D0N47" name="p54" srcActor="D0N10"/>
            <port dstActor="D0N49" name="p55" srcActor="D0N10"/>
            <port dstActor="D0N41" name="p56" srcActor="D0N10"/>
            <port dstActor="D0N14" name="p57" srcActor="D0N10"/>
            <port dstActor="D0N15" name="p58" srcActor="D0N10"/>
            <port dstActor="D0N22" name="p59" srcActor="D0N21"/>
            <port dstActor="D0N29" name="p60" srcActor="D0N21"/>
            <port dstActor="D0N37" name="p61" srcActor="D0N21"/>
            <port dstActor="D0N39" name="p62" srcActor="D0N17"/>
            <port dstActor="D0N49" name="p63" srcActor="D0N17"/>
            <port dstActor="D0N38" name="p64" srcActor="D0N26"/>
            <port dstActor="D0N32" name="p65" srcActor="D0N26"/>
            <port dstActor="D0N39" name="p66" srcActor="D0N22"/>
            <port dstActor="D0N45" name="p67" srcActor="D0N22"/>
            <port dstActor="D0N11" name="p68" srcActor="D0N0"/>
            <port dstActor="D0N2" name="p69" srcActor="D0N0"/>
            <port dstActor="D0N45" name="p70" srcActor="D0N0"/>
            <port dstActor="D0N42" name="p71" srcActor="D0N38"/>
            <port dstActor="D0N45" name="p72" srcActor="D0N38"/>
            <port dstActor="D0N27" name="p73" srcActor="D0N11"/>
            <port dstActor="D0N34" name="p74" srcActor="D0N25"/>
            <port dstActor="D0N35" name="p75" srcActor="D0N25"/>
            <port dstActor="D0N48" name="p76" srcActor="D0N42"/>
            <port dstActor="D0N43" name="p77" srcActor="D0N42"/>
            <port dstActor="D0N44" name="p78" srcActor="D0N4"/>
            <port dstActor="D0N30" name="p79" srcActor="D0N4"/>
            <port dstActor="D0N31" name="p80" srcActor="D0N4"/>
            <port dstActor="D0N24" name="p81" srcActor="D0N4"/>
            <port dstActor="D0N47" name="p82" srcActor="D0N4"/>
            <port dstActor="D0N25" name="p83" srcActor="D0N4"/>
            <port dstActor="D0N27" name="p84" srcActor="D0N14"/>
            <port dstActor="D0N38" name="p85" srcActor="D0N14"/>
            <port dstActor="D0N41" name="p86" srcActor="D0N39"/>
            <port dstActor="D0N17" name="p87" srcActor="D0N6"/>
            <port dstActor="D0N46" name="p88" srcActor="D0N6"/>
            <port dstActor="D0N33" name="p89" srcActor="D0N6"/>
            <port dstActor="D0N39" name="p90" srcActor="D0N6"/>
            <port dstActor="D0N42" name="p91" srcActor="D0N31"/>
            <port dstActor="D0N47" name="p92" srcActor="D0N31"/>
            <port dstActor="D0N47" name="p93" srcActor="D0N37"/>
            <port dstActor="D0N46" name="p94" srcActor="D0N37"/>
            <port dstActor="D0N41" name="p95" srcActor="D0N37"/>
            <port dstActor="D0N37" name="p96" srcActor="D0N32"/>
            <port dstActor="D0N42" name="p97" srcActor="D0N32"/>
            <port dstActor="D0N21" name="p98" srcActor="D0N15"/>
            <port dstActor="D0N40" name="p99" srcActor="D0N15"/>
            <port dstActor="D0N49" name="p100" srcActor="D0N44"/>
            <port dstActor="D0N2" name="p101" srcActor="D0N1"/>
            <port dstActor="D0N29" name="p102" srcActor="D0N1"/>
            <port dstActor="D0N30" name="p103" srcActor="D0N1"/>
            <port dstActor="D0N42" name="p104" srcActor="D0N1"/>
            <port dstActor="D0N36" name="p105" srcActor="D0N1"/>
            <port dstActor="D0N17" name="p106" srcActor="D0N16"/>
            <port dstActor="D0N22" name="p107" srcActor="D0N16"/>
            <port dstActor="D0N40" name="p108" srcActor="D0N16"/>
            <port dstActor="D0N48" name="p109" srcActor="D0N27"/>
            <port dstActor="D0N42" name="p110" srcActor="D0N2"/>
            <port dstActor="D0N18" name="p111" srcActor="D0N2"/>
            <port dstActor="D0N49" name="p112" srcActor="D0N2"/>
            <port dstActor="D0N41" name="p113" srcActor="D0N30"/>
        </ports>
    </mcdag>
    <cores number="3"/>
    <levels number="2"/>
</mcsystem>
