<?xml version="1.0" encoding="UTF-8" standalone="no"?>
<mcsystem>
    <mcdag deadline="1500" name="genned-0-ed-10.0-0">
        <actor name="D0N5">
            <wcet number="0">10</wcet>
            <wcet number="1">10</wcet>
            <maxpow number="0.8461276903906496"/>
            <maxpow number="0.8461276903906496"/>
            <fprob>0.0</fprob>
        </actor>
        <actor name="D0N41">
            <wcet number="0">10</wcet>
            <wcet number="1">10</wcet>
            <maxpow number="0.7428755567241383"/>
            <maxpow number="0.7428755567241383"/>
            <fprob>0.0</fprob>
        </actor>
        <actor name="D0N40">
            <wcet number="0">20</wcet>
            <wcet number="1">20</wcet>
            <maxpow number="0.5953709978548356"/>
            <maxpow number="0.5953709978548356"/>
            <fprob>0.0</fprob>
        </actor>
        <actor name="D0N19">
            <wcet number="0">170</wcet>
            <wcet number="1">200</wcet>
            <maxpow number="0.7509035105193893"/>
            <maxpow number="0.7509035105193893"/>
            <fprob>0.0</fprob>
        </actor>
        <actor name="D0N6">
            <wcet number="0">10</wcet>
            <wcet number="1">10</wcet>
            <maxpow number="0.5907428301952915"/>
            <maxpow number="0.5907428301952915"/>
            <fprob>0.0</fprob>
        </actor>
        <actor name="D0N34">
            <wcet number="0">30</wcet>
            <wcet number="1">130</wcet>
            <maxpow number="0.7399044630599624"/>
            <maxpow number="0.7399044630599624"/>
            <fprob>0.0</fprob>
        </actor>
        <actor name="D0N23">
            <wcet number="0">30</wcet>
            <wcet number="1">90</wcet>
            <maxpow number="0.24404959079206995"/>
            <maxpow number="0.24404959079206995"/>
            <fprob>0.0</fprob>
        </actor>
        <actor name="D0N4">
            <wcet number="0">170</wcet>
            <wcet number="1">190</wcet>
            <maxpow number="0.3604303662622267"/>
            <maxpow number="0.3604303662622267"/>
            <fprob>0.0</fprob>
        </actor>
        <actor name="D0N9">
            <wcet number="0">10</wcet>
            <wcet number="1">20</wcet>
            <maxpow number="0.6530637733042136"/>
            <maxpow number="0.6530637733042136"/>
            <fprob>0.0</fprob>
        </actor>
        <actor name="D0N28">
            <wcet number="0">20</wcet>
            <wcet number="1">30</wcet>
            <maxpow number="0.5829579123061466"/>
            <maxpow number="0.5829579123061466"/>
            <fprob>0.0</fprob>
        </actor>
        <actor name="D0N7">
            <wcet number="0">30</wcet>
            <wcet number="1">30</wcet>
            <maxpow number="0.5183538833991593"/>
            <maxpow number="0.5183538833991593"/>
            <fprob>0.0</fprob>
        </actor>
        <actor name="D0N1">
            <wcet number="0">10</wcet>
            <wcet number="1">10</wcet>
            <maxpow number="0.42638709154336263"/>
            <maxpow number="0.42638709154336263"/>
            <fprob>0.0</fprob>
        </actor>
        <actor name="D0N14">
            <wcet number="0">20</wcet>
            <wcet number="1">50</wcet>
            <maxpow number="0.8537125706943627"/>
            <maxpow number="0.8537125706943627"/>
            <fprob>0.0</fprob>
        </actor>
        <actor name="D0N46">
            <wcet number="0">30</wcet>
            <wcet number="1">60</wcet>
            <maxpow number="0.8540303250391921"/>
            <maxpow number="0.8540303250391921"/>
            <fprob>0.0</fprob>
        </actor>
        <actor name="D0N3">
            <wcet number="0">50</wcet>
            <wcet number="1">70</wcet>
            <maxpow number="0.20905196150108457"/>
            <maxpow number="0.20905196150108457"/>
            <fprob>0.0</fprob>
        </actor>
        <actor name="D0N42">
            <wcet number="0">40</wcet>
            <wcet number="1">80</wcet>
            <maxpow number="0.7048348052478652"/>
            <maxpow number="0.7048348052478652"/>
            <fprob>0.0</fprob>
        </actor>
        <actor name="D0N25">
            <wcet number="0">50</wcet>
            <wcet number="1">50</wcet>
            <maxpow number="0.2787716089585866"/>
            <maxpow number="0.2787716089585866"/>
            <fprob>0.0</fprob>
        </actor>
        <actor name="D0N45">
            <wcet number="0">10</wcet>
            <wcet number="1">10</wcet>
            <maxpow number="0.5383347977475992"/>
            <maxpow number="0.5383347977475992"/>
            <fprob>0.0</fprob>
        </actor>
        <actor name="D0N27">
            <wcet number="0">60</wcet>
            <wcet number="1">70</wcet>
            <maxpow number="0.1716059768597442"/>
            <maxpow number="0.1716059768597442"/>
            <fprob>0.0</fprob>
        </actor>
        <actor name="D0N44">
            <wcet number="0">20</wcet>
            <wcet number="1">20</wcet>
            <maxpow number="0.70709800473559"/>
            <maxpow number="0.70709800473559"/>
            <fprob>0.0</fprob>
        </actor>
        <actor name="D0N16">
            <wcet number="0">50</wcet>
            <wcet number="1">90</wcet>
            <maxpow number="0.34940537374962033"/>
            <maxpow number="0.34940537374962033"/>
            <fprob>0.0</fprob>
        </actor>
        <actor name="D0N29">
            <wcet number="0">40</wcet>
            <wcet number="1">50</wcet>
            <maxpow number="0.4974695960728902"/>
            <maxpow number="0.4974695960728902"/>
            <fprob>0.0</fprob>
        </actor>
        <actor name="D0N2">
            <wcet number="0">50</wcet>
            <wcet number="1">60</wcet>
            <maxpow number="0.37413443030069526"/>
            <maxpow number="0.37413443030069526"/>
            <fprob>0.0</fprob>
        </actor>
        <actor name="D0N37">
            <wcet number="0">20</wcet>
            <wcet number="1">50</wcet>
            <maxpow number="0.41665713249651387"/>
            <maxpow number="0.41665713249651387"/>
            <fprob>0.0</fprob>
        </actor>
        <actor name="D0N15">
            <wcet number="0">10</wcet>
            <wcet number="1">10</wcet>
            <maxpow number="0.6904647687783405"/>
            <maxpow number="0.6904647687783405"/>
            <fprob>0.0</fprob>
        </actor>
        <actor name="D0N0">
            <wcet number="0">30</wcet>
            <wcet number="1">70</wcet>
            <maxpow number="0.4494898850037175"/>
            <maxpow number="0.4494898850037175"/>
            <fprob>0.0</fprob>
        </actor>
        <actor name="D0N18">
            <wcet number="0">50</wcet>
            <wcet number="1">160</wcet>
            <maxpow number="0.6954906335097422"/>
            <maxpow number="0.6954906335097422"/>
            <fprob>0.0</fprob>
        </actor>
        <actor name="D0N39">
            <wcet number="0">20</wcet>
            <wcet number="1">20</wcet>
            <maxpow number="0.307736421820772"/>
            <maxpow number="0.307736421820772"/>
            <fprob>0.0</fprob>
        </actor>
        <actor name="D0N33">
            <wcet number="0">20</wcet>
            <wcet number="1">30</wcet>
            <maxpow number="0.7919208136989717"/>
            <maxpow number="0.7919208136989717"/>
            <fprob>0.0</fprob>
        </actor>
        <actor name="D0N11">
            <wcet number="0">40</wcet>
            <wcet number="1">50</wcet>
            <maxpow number="0.48329736025713216"/>
            <maxpow number="0.48329736025713216"/>
            <fprob>0.0</fprob>
        </actor>
        <actor name="D0N47">
            <wcet number="0">60</wcet>
            <wcet number="1">90</wcet>
            <maxpow number="0.5168512240483187"/>
            <maxpow number="0.5168512240483187"/>
            <fprob>0.0</fprob>
        </actor>
        <actor name="D0N17">
            <wcet number="0">10</wcet>
            <wcet number="1">80</wcet>
            <maxpow number="0.30264686231510185"/>
            <maxpow number="0.30264686231510185"/>
            <fprob>0.0</fprob>
        </actor>
        <actor name="D0N43">
            <wcet number="0">10</wcet>
            <wcet number="1">40</wcet>
            <maxpow number="0.38871718200755784"/>
            <maxpow number="0.38871718200755784"/>
            <fprob>0.0</fprob>
        </actor>
        <actor name="D0N38">
            <wcet number="0">120</wcet>
            <wcet number="1">140</wcet>
            <maxpow number="0.6468506459147483"/>
            <maxpow number="0.6468506459147483"/>
            <fprob>0.0</fprob>
        </actor>
        <actor name="D0N36">
            <wcet number="0">60</wcet>
            <wcet number="1">70</wcet>
            <maxpow number="0.3042036464970839"/>
            <maxpow number="0.3042036464970839"/>
            <fprob>0.0</fprob>
        </actor>
        <actor name="D0N21">
            <wcet number="0">10</wcet>
            <wcet number="1">100</wcet>
            <maxpow number="0.4561827282879142"/>
            <maxpow number="0.4561827282879142"/>
            <fprob>0.0</fprob>
        </actor>
        <actor name="D0N8">
            <wcet number="0">190</wcet>
            <wcet number="1">210</wcet>
            <maxpow number="0.705953747374836"/>
            <maxpow number="0.705953747374836"/>
            <fprob>0.0</fprob>
        </actor>
        <actor name="D0N31">
            <wcet number="0">10</wcet>
            <wcet number="1">10</wcet>
            <maxpow number="0.39890514894488605"/>
            <maxpow number="0.39890514894488605"/>
            <fprob>0.0</fprob>
        </actor>
        <actor name="D0N32">
            <wcet number="0">30</wcet>
            <wcet number="1">40</wcet>
            <maxpow number="0.4935432026979339"/>
            <maxpow number="0.4935432026979339"/>
            <fprob>0.0</fprob>
        </actor>
        <actor name="D0N22">
            <wcet number="0">20</wcet>
            <wcet number="1">40</wcet>
            <maxpow number="0.5776617933325086"/>
            <maxpow number="0.5776617933325086"/>
            <fprob>0.0</fprob>
        </actor>
        <actor name="D0N20">
            <wcet number="0">20</wcet>
            <wcet number="1">30</wcet>
            <maxpow number="0.3555836644578453"/>
            <maxpow number="0.3555836644578453"/>
            <fprob>0.0</fprob>
        </actor>
        <actor name="D0N26">
            <wcet number="0">40</wcet>
            <wcet number="1">110</wcet>
            <maxpow number="0.6349224953493218"/>
            <maxpow number="0.6349224953493218"/>
            <fprob>0.0</fprob>
        </actor>
        <actor name="D0N12">
            <wcet number="0">10</wcet>
            <wcet number="1">10</wcet>
            <maxpow number="0.1452934167539069"/>
            <maxpow number="0.1452934167539069"/>
            <fprob>0.0</fprob>
        </actor>
        <actor name="D0N13">
            <wcet number="0">50</wcet>
            <wcet number="1">80</wcet>
            <maxpow number="0.24018778653563688"/>
            <maxpow number="0.24018778653563688"/>
            <fprob>0.0</fprob>
        </actor>
        <actor name="D0N35">
            <wcet number="0">10</wcet>
            <wcet number="1">40</wcet>
            <maxpow number="0.48392491302429796"/>
            <maxpow number="0.48392491302429796"/>
            <fprob>0.0</fprob>
        </actor>
        <actor name="D0N10">
            <wcet number="0">30</wcet>
            <wcet number="1">30</wcet>
            <maxpow number="0.7306193162720943"/>
            <maxpow number="0.7306193162720943"/>
            <fprob>0.0</fprob>
        </actor>
        <actor name="D0N24">
            <wcet number="0">10</wcet>
            <wcet number="1">40</wcet>
            <maxpow number="0.41210580095202914"/>
            <maxpow number="0.41210580095202914"/>
            <fprob>0.0</fprob>
        </actor>
        <actor name="D0N30">
            <wcet number="0">60</wcet>
            <wcet number="1">90</wcet>
            <maxpow number="0.5000594468872951"/>
            <maxpow number="0.5000594468872951"/>
            <fprob>0.0</fprob>
        </actor>
        <ports>
            <port dstActor="D0N20" name="p0" srcActor="D0N5"/>
            <port dstActor="D0N6" name="p1" srcActor="D0N5"/>
            <port dstActor="D0N11" name="p2" srcActor="D0N5"/>
            <port dstActor="D0N47" name="p3" srcActor="D0N5"/>
            <port dstActor="D0N47" name="p4" srcActor="D0N41"/>
            <port dstActor="D0N44" name="p5" srcActor="D0N41"/>
            <port dstActor="D0N46" name="p6" srcActor="D0N40"/>
            <port dstActor="D0N31" name="p7" srcActor="D0N19"/>
            <port dstActor="D0N27" name="p8" srcActor="D0N19"/>
            <port dstActor="D0N47" name="p9" srcActor="D0N19"/>
            <port dstActor="D0N34" name="p10" srcActor="D0N19"/>
            <port dstActor="D0N47" name="p11" srcActor="D0N6"/>
            <port dstActor="D0N39" name="p12" srcActor="D0N6"/>
            <port dstActor="D0N44" name="p13" srcActor="D0N6"/>
            <port dstActor="D0N36" name="p14" srcActor="D0N34"/>
            <port dstActor="D0N37" name="p15" srcActor="D0N34"/>
            <port dstActor="D0N26" name="p16" srcActor="D0N23"/>
            <port dstActor="D0N32" name="p17" srcActor="D0N23"/>
            <port dstActor="D0N31" name="p18" srcActor="D0N23"/>
            <port dstActor="D0N47" name="p19" srcActor="D0N23"/>
            <port dstActor="D0N9" name="p20" srcActor="D0N4"/>
            <port dstActor="D0N7" name="p21" srcActor="D0N4"/>
            <port dstActor="D0N30" name="p22" srcActor="D0N4"/>
            <port dstActor="D0N38" name="p23" srcActor="D0N4"/>
            <port dstActor="D0N6" name="p24" srcActor="D0N4"/>
            <port dstActor="D0N27" name="p25" srcActor="D0N9"/>
            <port dstActor="D0N33" name="p26" srcActor="D0N9"/>
            <port dstActor="D0N23" name="p27" srcActor="D0N9"/>
            <port dstActor="D0N33" name="p28" srcActor="D0N28"/>
            <port dstActor="D0N22" name="p29" srcActor="D0N7"/>
            <port dstActor="D0N23" name="p30" srcActor="D0N1"/>
            <port dstActor="D0N32" name="p31" srcActor="D0N1"/>
            <port dstActor="D0N15" name="p32" srcActor="D0N1"/>
            <port dstActor="D0N19" name="p33" srcActor="D0N14"/>
            <port dstActor="D0N45" name="p34" srcActor="D0N14"/>
            <port dstActor="D0N28" name="p35" srcActor="D0N14"/>
            <port dstActor="D0N22" name="p36" srcActor="D0N14"/>
            <port dstActor="D0N17" name="p37" srcActor="D0N3"/>
            <port dstActor="D0N42" name="p38" srcActor="D0N3"/>
            <port dstActor="D0N9" name="p39" srcActor="D0N3"/>
            <port dstActor="D0N46" name="p40" srcActor="D0N25"/>
            <port dstActor="D0N38" name="p41" srcActor="D0N27"/>
            <port dstActor="D0N35" name="p42" srcActor="D0N27"/>
            <port dstActor="D0N47" name="p43" srcActor="D0N44"/>
            <port dstActor="D0N38" name="p44" srcActor="D0N16"/>
            <port dstActor="D0N47" name="p45" srcActor="D0N16"/>
            <port dstActor="D0N29" name="p46" srcActor="D0N16"/>
            <port dstActor="D0N24" name="p47" srcActor="D0N16"/>
            <port dstActor="D0N38" name="p48" srcActor="D0N29"/>
            <port dstActor="D0N37" name="p49" srcActor="D0N29"/>
            <port dstActor="D0N36" name="p50" srcActor="D0N29"/>
            <port dstActor="D0N32" name="p51" srcActor="D0N29"/>
            <port dstActor="D0N39" name="p52" srcActor="D0N29"/>
            <port dstActor="D0N33" name="p53" srcActor="D0N2"/>
            <port dstActor="D0N29" name="p54" srcActor="D0N2"/>
            <port dstActor="D0N35" name="p55" srcActor="D0N15"/>
            <port dstActor="D0N46" name="p56" srcActor="D0N15"/>
            <port dstActor="D0N28" name="p57" srcActor="D0N0"/>
            <port dstActor="D0N13" name="p58" srcActor="D0N0"/>
            <port dstActor="D0N44" name="p59" srcActor="D0N0"/>
            <port dstActor="D0N11" name="p60" srcActor="D0N0"/>
            <port dstActor="D0N26" name="p61" srcActor="D0N0"/>
            <port dstActor="D0N20" name="p62" srcActor="D0N18"/>
            <port dstActor="D0N40" name="p63" srcActor="D0N18"/>
            <port dstActor="D0N19" name="p64" srcActor="D0N18"/>
            <port dstActor="D0N45" name="p65" srcActor="D0N39"/>
            <port dstActor="D0N36" name="p66" srcActor="D0N33"/>
            <port dstActor="D0N40" name="p67" srcActor="D0N11"/>
            <port dstActor="D0N17" name="p68" srcActor="D0N11"/>
            <port dstActor="D0N30" name="p69" srcActor="D0N11"/>
            <port dstActor="D0N38" name="p70" srcActor="D0N17"/>
            <port dstActor="D0N44" name="p71" srcActor="D0N17"/>
            <port dstActor="D0N46" name="p72" srcActor="D0N43"/>
            <port dstActor="D0N44" name="p73" srcActor="D0N38"/>
            <port dstActor="D0N23" name="p74" srcActor="D0N21"/>
            <port dstActor="D0N27" name="p75" srcActor="D0N8"/>
            <port dstActor="D0N31" name="p76" srcActor="D0N8"/>
            <port dstActor="D0N33" name="p77" srcActor="D0N8"/>
            <port dstActor="D0N42" name="p78" srcActor="D0N31"/>
            <port dstActor="D0N25" name="p79" srcActor="D0N22"/>
            <port dstActor="D0N38" name="p80" srcActor="D0N22"/>
            <port dstActor="D0N26" name="p81" srcActor="D0N22"/>
            <port dstActor="D0N42" name="p82" srcActor="D0N26"/>
            <port dstActor="D0N44" name="p83" srcActor="D0N26"/>
            <port dstActor="D0N45" name="p84" srcActor="D0N26"/>
            <port dstActor="D0N20" name="p85" srcActor="D0N12"/>
            <port dstActor="D0N24" name="p86" srcActor="D0N12"/>
            <port dstActor="D0N19" name="p87" srcActor="D0N13"/>
            <port dstActor="D0N31" name="p88" srcActor="D0N13"/>
            <port dstActor="D0N45" name="p89" srcActor="D0N13"/>
            <port dstActor="D0N38" name="p90" srcActor="D0N13"/>
            <port dstActor="D0N41" name="p91" srcActor="D0N35"/>
            <port dstActor="D0N47" name="p92" srcActor="D0N10"/>
            <port dstActor="D0N13" name="p93" srcActor="D0N10"/>
            <port dstActor="D0N44" name="p94" srcActor="D0N10"/>
            <port dstActor="D0N26" name="p95" srcActor="D0N24"/>
            <port dstActor="D0N40" name="p96" srcActor="D0N24"/>
            <port dstActor="D0N41" name="p97" srcActor="D0N24"/>
            <port dstActor="D0N36" name="p98" srcActor="D0N24"/>
            <port dstActor="D0N31" name="p99" srcActor="D0N30"/>
            <port dstActor="D0N32" name="p100" srcActor="D0N30"/>
        </ports>
    </mcdag>
    <cores number="2"/>
    <levels number="2"/>
</mcsystem>
