<?xml version="1.0" encoding="UTF-8" standalone="no"?>
<mcsystem>
    <mcdag deadline="2500" name="genned-0-ed-10.0-0">
        <actor name="D0N30">
            <wcet number="0">20</wcet>
            <wcet number="1">290</wcet>
            <maxpow number="0.4677305309718252"/>
            <maxpow number="0.4677305309718252"/>
            <fprob>0.0</fprob>
        </actor>
        <actor name="D0N36">
            <wcet number="0">10</wcet>
            <wcet number="1">20</wcet>
            <maxpow number="0.31356481130271807"/>
            <maxpow number="0.31356481130271807"/>
            <fprob>0.0</fprob>
        </actor>
        <actor name="D0N1">
            <wcet number="0">20</wcet>
            <wcet number="1">30</wcet>
            <maxpow number="0.5064879298048924"/>
            <maxpow number="0.5064879298048924"/>
            <fprob>0.0</fprob>
        </actor>
        <actor name="D0N4">
            <wcet number="0">10</wcet>
            <wcet number="1">10</wcet>
            <maxpow number="0.4649213497663438"/>
            <maxpow number="0.4649213497663438"/>
            <fprob>0.0</fprob>
        </actor>
        <actor name="D0N37">
            <wcet number="0">40</wcet>
            <wcet number="1">40</wcet>
            <maxpow number="0.6460411579739418"/>
            <maxpow number="0.6460411579739418"/>
            <fprob>0.0</fprob>
        </actor>
        <actor name="D0N2">
            <wcet number="0">20</wcet>
            <wcet number="1">60</wcet>
            <maxpow number="0.743239282385558"/>
            <maxpow number="0.743239282385558"/>
            <fprob>0.0</fprob>
        </actor>
        <actor name="D0N40">
            <wcet number="0">60</wcet>
            <wcet number="1">80</wcet>
            <maxpow number="0.7664216346901565"/>
            <maxpow number="0.7664216346901565"/>
            <fprob>0.0</fprob>
        </actor>
        <actor name="D0N5">
            <wcet number="0">110</wcet>
            <wcet number="1">160</wcet>
            <maxpow number="0.4829346701449813"/>
            <maxpow number="0.4829346701449813"/>
            <fprob>0.0</fprob>
        </actor>
        <actor name="D0N27">
            <wcet number="0">50</wcet>
            <wcet number="1">150</wcet>
            <maxpow number="0.6157025225318808"/>
            <maxpow number="0.6157025225318808"/>
            <fprob>0.0</fprob>
        </actor>
        <actor name="D0N31">
            <wcet number="0">100</wcet>
            <wcet number="1">150</wcet>
            <maxpow number="0.43232549932901776"/>
            <maxpow number="0.43232549932901776"/>
            <fprob>0.0</fprob>
        </actor>
        <actor name="D0N35">
            <wcet number="0">70</wcet>
            <wcet number="1">110</wcet>
            <maxpow number="0.1956372485893098"/>
            <maxpow number="0.1956372485893098"/>
            <fprob>0.0</fprob>
        </actor>
        <actor name="D0N26">
            <wcet number="0">190</wcet>
            <wcet number="1">200</wcet>
            <maxpow number="0.5254476600163073"/>
            <maxpow number="0.5254476600163073"/>
            <fprob>0.0</fprob>
        </actor>
        <actor name="D0N41">
            <wcet number="0">70</wcet>
            <wcet number="1">80</wcet>
            <maxpow number="0.6996615605549784"/>
            <maxpow number="0.6996615605549784"/>
            <fprob>0.0</fprob>
        </actor>
        <actor name="D0N10">
            <wcet number="0">20</wcet>
            <wcet number="1">40</wcet>
            <maxpow number="0.45838587107179013"/>
            <maxpow number="0.45838587107179013"/>
            <fprob>0.0</fprob>
        </actor>
        <actor name="D0N38">
            <wcet number="0">70</wcet>
            <wcet number="1">160</wcet>
            <maxpow number="0.5424368798544563"/>
            <maxpow number="0.5424368798544563"/>
            <fprob>0.0</fprob>
        </actor>
        <actor name="D0N42">
            <wcet number="0">30</wcet>
            <wcet number="1">50</wcet>
            <maxpow number="0.3876919051389121"/>
            <maxpow number="0.3876919051389121"/>
            <fprob>0.0</fprob>
        </actor>
        <actor name="D0N17">
            <wcet number="0">40</wcet>
            <wcet number="1">80</wcet>
            <maxpow number="0.45453084681158373"/>
            <maxpow number="0.45453084681158373"/>
            <fprob>0.0</fprob>
        </actor>
        <actor name="D0N44">
            <wcet number="0">10</wcet>
            <wcet number="1">10</wcet>
            <maxpow number="0.5715162379939661"/>
            <maxpow number="0.5715162379939661"/>
            <fprob>0.0</fprob>
        </actor>
        <actor name="D0N8">
            <wcet number="0">10</wcet>
            <wcet number="1">10</wcet>
            <maxpow number="0.5879392244456625"/>
            <maxpow number="0.5879392244456625"/>
            <fprob>0.0</fprob>
        </actor>
        <actor name="D0N14">
            <wcet number="0">50</wcet>
            <wcet number="1">50</wcet>
            <maxpow number="0.2491713044690182"/>
            <maxpow number="0.2491713044690182"/>
            <fprob>0.0</fprob>
        </actor>
        <actor name="D0N12">
            <wcet number="0">40</wcet>
            <wcet number="1">100</wcet>
            <maxpow number="0.7150161185479924"/>
            <maxpow number="0.7150161185479924"/>
            <fprob>0.0</fprob>
        </actor>
        <actor name="D0N45">
            <wcet number="0">50</wcet>
            <wcet number="1">60</wcet>
            <maxpow number="0.5699792410580351"/>
            <maxpow number="0.5699792410580351"/>
            <fprob>0.0</fprob>
        </actor>
        <actor name="D0N9">
            <wcet number="0">150</wcet>
            <wcet number="1">280</wcet>
            <maxpow number="0.6985588805177446"/>
            <maxpow number="0.6985588805177446"/>
            <fprob>0.0</fprob>
        </actor>
        <actor name="D0N46">
            <wcet number="0">10</wcet>
            <wcet number="1">50</wcet>
            <maxpow number="0.37801283186865"/>
            <maxpow number="0.37801283186865"/>
            <fprob>0.0</fprob>
        </actor>
        <actor name="D0N13">
            <wcet number="0">10</wcet>
            <wcet number="1">10</wcet>
            <maxpow number="0.6002309884757749"/>
            <maxpow number="0.6002309884757749"/>
            <fprob>0.0</fprob>
        </actor>
        <actor name="D0N15">
            <wcet number="0">140</wcet>
            <wcet number="1">340</wcet>
            <maxpow number="0.5646928608279796"/>
            <maxpow number="0.5646928608279796"/>
            <fprob>0.0</fprob>
        </actor>
        <actor name="D0N16">
            <wcet number="0">200</wcet>
            <wcet number="1">210</wcet>
            <maxpow number="0.9214077635961939"/>
            <maxpow number="0.9214077635961939"/>
            <fprob>0.0</fprob>
        </actor>
        <actor name="D0N18">
            <wcet number="0">20</wcet>
            <wcet number="1">100</wcet>
            <maxpow number="0.603850184417979"/>
            <maxpow number="0.603850184417979"/>
            <fprob>0.0</fprob>
        </actor>
        <actor name="D0N24">
            <wcet number="0">230</wcet>
            <wcet number="1">350</wcet>
            <maxpow number="0.2849386577873583"/>
            <maxpow number="0.2849386577873583"/>
            <fprob>0.0</fprob>
        </actor>
        <actor name="D0N29">
            <wcet number="0">20</wcet>
            <wcet number="1">20</wcet>
            <maxpow number="0.3753133883342381"/>
            <maxpow number="0.3753133883342381"/>
            <fprob>0.0</fprob>
        </actor>
        <actor name="D0N25">
            <wcet number="0">20</wcet>
            <wcet number="1">140</wcet>
            <maxpow number="0.5857538205682378"/>
            <maxpow number="0.5857538205682378"/>
            <fprob>0.0</fprob>
        </actor>
        <actor name="D0N23">
            <wcet number="0">80</wcet>
            <wcet number="1">260</wcet>
            <maxpow number="0.7501323415935496"/>
            <maxpow number="0.7501323415935496"/>
            <fprob>0.0</fprob>
        </actor>
        <actor name="D0N0">
            <wcet number="0">30</wcet>
            <wcet number="1">240</wcet>
            <maxpow number="0.5295649488055507"/>
            <maxpow number="0.5295649488055507"/>
            <fprob>0.0</fprob>
        </actor>
        <actor name="D0N32">
            <wcet number="0">170</wcet>
            <wcet number="1">220</wcet>
            <maxpow number="0.268495339169762"/>
            <maxpow number="0.268495339169762"/>
            <fprob>0.0</fprob>
        </actor>
        <actor name="D0N21">
            <wcet number="0">260</wcet>
            <wcet number="1">280</wcet>
            <maxpow number="0.4073727857611241"/>
            <maxpow number="0.4073727857611241"/>
            <fprob>0.0</fprob>
        </actor>
        <actor name="D0N34">
            <wcet number="0">10</wcet>
            <wcet number="1">20</wcet>
            <maxpow number="0.39906235992769995"/>
            <maxpow number="0.39906235992769995"/>
            <fprob>0.0</fprob>
        </actor>
        <actor name="D0N28">
            <wcet number="0">90</wcet>
            <wcet number="1">100</wcet>
            <maxpow number="0.7511112709806992"/>
            <maxpow number="0.7511112709806992"/>
            <fprob>0.0</fprob>
        </actor>
        <actor name="D0N19">
            <wcet number="0">10</wcet>
            <wcet number="1">20</wcet>
            <maxpow number="0.649681138361222"/>
            <maxpow number="0.649681138361222"/>
            <fprob>0.0</fprob>
        </actor>
        <actor name="D0N7">
            <wcet number="0">10</wcet>
            <wcet number="1">10</wcet>
            <maxpow number="0.6005551106445493"/>
            <maxpow number="0.6005551106445493"/>
            <fprob>0.0</fprob>
        </actor>
        <actor name="D0N11">
            <wcet number="0">90</wcet>
            <wcet number="1">90</wcet>
            <maxpow number="0.5041333409806108"/>
            <maxpow number="0.5041333409806108"/>
            <fprob>0.0</fprob>
        </actor>
        <actor name="D0N3">
            <wcet number="0">20</wcet>
            <wcet number="1">20</wcet>
            <maxpow number="0.5088735772278682"/>
            <maxpow number="0.5088735772278682"/>
            <fprob>0.0</fprob>
        </actor>
        <actor name="D0N33">
            <wcet number="0">110</wcet>
            <wcet number="1">160</wcet>
            <maxpow number="0.7153136547509156"/>
            <maxpow number="0.7153136547509156"/>
            <fprob>0.0</fprob>
        </actor>
        <actor name="D0N6">
            <wcet number="0">10</wcet>
            <wcet number="1">10</wcet>
            <maxpow number="0.5113358492421041"/>
            <maxpow number="0.5113358492421041"/>
            <fprob>0.0</fprob>
        </actor>
        <actor name="D0N22">
            <wcet number="0">20</wcet>
            <wcet number="1">120</wcet>
            <maxpow number="0.6782549770355053"/>
            <maxpow number="0.6782549770355053"/>
            <fprob>0.0</fprob>
        </actor>
        <actor name="D0N43">
            <wcet number="0">180</wcet>
            <wcet number="1">270</wcet>
            <maxpow number="0.5975877592649252"/>
            <maxpow number="0.5975877592649252"/>
            <fprob>0.0</fprob>
        </actor>
        <actor name="D0N39">
            <wcet number="0">30</wcet>
            <wcet number="1">50</wcet>
            <maxpow number="0.5670736809727117"/>
            <maxpow number="0.5670736809727117"/>
            <fprob>0.0</fprob>
        </actor>
        <actor name="D0N20">
            <wcet number="0">70</wcet>
            <wcet number="1">190</wcet>
            <maxpow number="0.8153747165164688"/>
            <maxpow number="0.8153747165164688"/>
            <fprob>0.0</fprob>
        </actor>
        <ports>
            <port dstActor="D0N19" name="p0" srcActor="D0N1"/>
            <port dstActor="D0N16" name="p1" srcActor="D0N1"/>
            <port dstActor="D0N32" name="p2" srcActor="D0N1"/>
            <port dstActor="D0N8" name="p3" srcActor="D0N1"/>
            <port dstActor="D0N44" name="p4" srcActor="D0N1"/>
            <port dstActor="D0N28" name="p5" srcActor="D0N4"/>
            <port dstActor="D0N11" name="p6" srcActor="D0N4"/>
            <port dstActor="D0N45" name="p7" srcActor="D0N37"/>
            <port dstActor="D0N18" name="p8" srcActor="D0N2"/>
            <port dstActor="D0N45" name="p9" srcActor="D0N2"/>
            <port dstActor="D0N26" name="p10" srcActor="D0N2"/>
            <port dstActor="D0N22" name="p11" srcActor="D0N2"/>
            <port dstActor="D0N16" name="p12" srcActor="D0N5"/>
            <port dstActor="D0N11" name="p13" srcActor="D0N5"/>
            <port dstActor="D0N34" name="p14" srcActor="D0N5"/>
            <port dstActor="D0N46" name="p15" srcActor="D0N5"/>
            <port dstActor="D0N37" name="p16" srcActor="D0N35"/>
            <port dstActor="D0N30" name="p17" srcActor="D0N10"/>
            <port dstActor="D0N44" name="p18" srcActor="D0N38"/>
            <port dstActor="D0N39" name="p19" srcActor="D0N38"/>
            <port dstActor="D0N45" name="p20" srcActor="D0N17"/>
            <port dstActor="D0N41" name="p21" srcActor="D0N17"/>
            <port dstActor="D0N11" name="p22" srcActor="D0N8"/>
            <port dstActor="D0N41" name="p23" srcActor="D0N14"/>
            <port dstActor="D0N42" name="p24" srcActor="D0N14"/>
            <port dstActor="D0N29" name="p25" srcActor="D0N14"/>
            <port dstActor="D0N40" name="p26" srcActor="D0N14"/>
            <port dstActor="D0N45" name="p27" srcActor="D0N14"/>
            <port dstActor="D0N18" name="p28" srcActor="D0N12"/>
            <port dstActor="D0N26" name="p29" srcActor="D0N12"/>
            <port dstActor="D0N37" name="p30" srcActor="D0N12"/>
            <port dstActor="D0N21" name="p31" srcActor="D0N9"/>
            <port dstActor="D0N13" name="p32" srcActor="D0N9"/>
            <port dstActor="D0N25" name="p33" srcActor="D0N9"/>
            <port dstActor="D0N40" name="p34" srcActor="D0N9"/>
            <port dstActor="D0N41" name="p35" srcActor="D0N9"/>
            <port dstActor="D0N22" name="p36" srcActor="D0N13"/>
            <port dstActor="D0N15" name="p37" srcActor="D0N13"/>
            <port dstActor="D0N22" name="p38" srcActor="D0N15"/>
            <port dstActor="D0N16" name="p39" srcActor="D0N15"/>
            <port dstActor="D0N26" name="p40" srcActor="D0N16"/>
            <port dstActor="D0N28" name="p41" srcActor="D0N16"/>
            <port dstActor="D0N19" name="p42" srcActor="D0N16"/>
            <port dstActor="D0N23" name="p43" srcActor="D0N18"/>
            <port dstActor="D0N29" name="p44" srcActor="D0N18"/>
            <port dstActor="D0N26" name="p45" srcActor="D0N24"/>
            <port dstActor="D0N43" name="p46" srcActor="D0N24"/>
            <port dstActor="D0N43" name="p47" srcActor="D0N29"/>
            <port dstActor="D0N33" name="p48" srcActor="D0N29"/>
            <port dstActor="D0N46" name="p49" srcActor="D0N29"/>
            <port dstActor="D0N42" name="p50" srcActor="D0N25"/>
            <port dstActor="D0N27" name="p51" srcActor="D0N25"/>
            <port dstActor="D0N46" name="p52" srcActor="D0N25"/>
            <port dstActor="D0N29" name="p53" srcActor="D0N23"/>
            <port dstActor="D0N11" name="p54" srcActor="D0N0"/>
            <port dstActor="D0N30" name="p55" srcActor="D0N0"/>
            <port dstActor="D0N17" name="p56" srcActor="D0N0"/>
            <port dstActor="D0N38" name="p57" srcActor="D0N0"/>
            <port dstActor="D0N39" name="p58" srcActor="D0N32"/>
            <port dstActor="D0N46" name="p59" srcActor="D0N21"/>
            <port dstActor="D0N36" name="p60" srcActor="D0N21"/>
            <port dstActor="D0N35" name="p61" srcActor="D0N34"/>
            <port dstActor="D0N39" name="p62" srcActor="D0N34"/>
            <port dstActor="D0N29" name="p63" srcActor="D0N28"/>
            <port dstActor="D0N27" name="p64" srcActor="D0N19"/>
            <port dstActor="D0N22" name="p65" srcActor="D0N19"/>
            <port dstActor="D0N33" name="p66" srcActor="D0N7"/>
            <port dstActor="D0N22" name="p67" srcActor="D0N7"/>
            <port dstActor="D0N10" name="p68" srcActor="D0N7"/>
            <port dstActor="D0N35" name="p69" srcActor="D0N7"/>
            <port dstActor="D0N29" name="p70" srcActor="D0N11"/>
            <port dstActor="D0N20" name="p71" srcActor="D0N11"/>
            <port dstActor="D0N32" name="p72" srcActor="D0N11"/>
            <port dstActor="D0N13" name="p73" srcActor="D0N3"/>
            <port dstActor="D0N11" name="p74" srcActor="D0N3"/>
            <port dstActor="D0N14" name="p75" srcActor="D0N3"/>
            <port dstActor="D0N16" name="p76" srcActor="D0N3"/>
            <port dstActor="D0N41" name="p77" srcActor="D0N33"/>
            <port dstActor="D0N38" name="p78" srcActor="D0N33"/>
            <port dstActor="D0N16" name="p79" srcActor="D0N6"/>
            <port dstActor="D0N33" name="p80" srcActor="D0N6"/>
            <port dstActor="D0N37" name="p81" srcActor="D0N6"/>
            <port dstActor="D0N7" name="p82" srcActor="D0N6"/>
            <port dstActor="D0N15" name="p83" srcActor="D0N6"/>
            <port dstActor="D0N32" name="p84" srcActor="D0N6"/>
            <port dstActor="D0N46" name="p85" srcActor="D0N22"/>
            <port dstActor="D0N24" name="p86" srcActor="D0N22"/>
            <port dstActor="D0N34" name="p87" srcActor="D0N22"/>
            <port dstActor="D0N45" name="p88" srcActor="D0N43"/>
            <port dstActor="D0N42" name="p89" srcActor="D0N39"/>
            <port dstActor="D0N30" name="p90" srcActor="D0N20"/>
        </ports>
    </mcdag>
    <cores number="3"/>
    <levels number="2"/>
</mcsystem>
