<?xml version="1.0" encoding="UTF-8" standalone="no"?>
<mcsystem>
    <mcdag deadline="1000" name="genned-0-ed-10.0-0">
        <actor name="D0N26">
            <wcet number="0">40</wcet>
            <wcet number="1">60</wcet>
            <maxpow number="0.6074915212671593"/>
            <maxpow number="0.6074915212671593"/>
            <fprob>0.0</fprob>
        </actor>
        <actor name="D0N7">
            <wcet number="0">20</wcet>
            <wcet number="1">100</wcet>
            <maxpow number="0.6210755487899544"/>
            <maxpow number="0.6210755487899544"/>
            <fprob>0.0</fprob>
        </actor>
        <actor name="D0N13">
            <wcet number="0">90</wcet>
            <wcet number="1">120</wcet>
            <maxpow number="0.7166888090569055"/>
            <maxpow number="0.7166888090569055"/>
            <fprob>0.0</fprob>
        </actor>
        <actor name="D0N33">
            <wcet number="0">120</wcet>
            <wcet number="1">140</wcet>
            <maxpow number="0.7328959524993321"/>
            <maxpow number="0.7328959524993321"/>
            <fprob>0.0</fprob>
        </actor>
        <actor name="D0N21">
            <wcet number="0">20</wcet>
            <wcet number="1">30</wcet>
            <maxpow number="0.4486860773311691"/>
            <maxpow number="0.4486860773311691"/>
            <fprob>0.0</fprob>
        </actor>
        <actor name="D0N35">
            <wcet number="0">40</wcet>
            <wcet number="1">160</wcet>
            <maxpow number="0.2775609309074925"/>
            <maxpow number="0.2775609309074925"/>
            <fprob>0.0</fprob>
        </actor>
        <actor name="D0N9">
            <wcet number="0">20</wcet>
            <wcet number="1">40</wcet>
            <maxpow number="0.5489930907006899"/>
            <maxpow number="0.5489930907006899"/>
            <fprob>0.0</fprob>
        </actor>
        <actor name="D0N20">
            <wcet number="0">40</wcet>
            <wcet number="1">130</wcet>
            <maxpow number="0.3366217859591579"/>
            <maxpow number="0.3366217859591579"/>
            <fprob>0.0</fprob>
        </actor>
        <actor name="D0N37">
            <wcet number="0">20</wcet>
            <wcet number="1">40</wcet>
            <maxpow number="0.3961517832004885"/>
            <maxpow number="0.3961517832004885"/>
            <fprob>0.0</fprob>
        </actor>
        <actor name="D0N27">
            <wcet number="0">10</wcet>
            <wcet number="1">10</wcet>
            <maxpow number="0.6785214235702378"/>
            <maxpow number="0.6785214235702378"/>
            <fprob>0.0</fprob>
        </actor>
        <actor name="D0N29">
            <wcet number="0">10</wcet>
            <wcet number="1">20</wcet>
            <maxpow number="0.5517216414736127"/>
            <maxpow number="0.5517216414736127"/>
            <fprob>0.0</fprob>
        </actor>
        <actor name="D0N32">
            <wcet number="0">10</wcet>
            <wcet number="1">50</wcet>
            <maxpow number="0.4918191876899567"/>
            <maxpow number="0.4918191876899567"/>
            <fprob>0.0</fprob>
        </actor>
        <actor name="D0N28">
            <wcet number="0">240</wcet>
            <wcet number="1">240</wcet>
            <maxpow number="0.31173827461860265"/>
            <maxpow number="0.31173827461860265"/>
            <fprob>0.0</fprob>
        </actor>
        <actor name="D0N10">
            <wcet number="0">40</wcet>
            <wcet number="1">120</wcet>
            <maxpow number="0.6693829885759435"/>
            <maxpow number="0.6693829885759435"/>
            <fprob>0.0</fprob>
        </actor>
        <actor name="D0N25">
            <wcet number="0">10</wcet>
            <wcet number="1">10</wcet>
            <maxpow number="0.4226577767012448"/>
            <maxpow number="0.4226577767012448"/>
            <fprob>0.0</fprob>
        </actor>
        <actor name="D0N14">
            <wcet number="0">30</wcet>
            <wcet number="1">30</wcet>
            <maxpow number="0.35839020601981847"/>
            <maxpow number="0.35839020601981847"/>
            <fprob>0.0</fprob>
        </actor>
        <actor name="D0N30">
            <wcet number="0">20</wcet>
            <wcet number="1">40</wcet>
            <maxpow number="0.4398911647807147"/>
            <maxpow number="0.4398911647807147"/>
            <fprob>0.0</fprob>
        </actor>
        <actor name="D0N40">
            <wcet number="0">70</wcet>
            <wcet number="1">130</wcet>
            <maxpow number="0.20247934663339873"/>
            <maxpow number="0.20247934663339873"/>
            <fprob>0.0</fprob>
        </actor>
        <actor name="D0N3">
            <wcet number="0">10</wcet>
            <wcet number="1">20</wcet>
            <maxpow number="0.5421638566715865"/>
            <maxpow number="0.5421638566715865"/>
            <fprob>0.0</fprob>
        </actor>
        <actor name="D0N1">
            <wcet number="0">10</wcet>
            <wcet number="1">30</wcet>
            <maxpow number="0.6769820861640716"/>
            <maxpow number="0.6769820861640716"/>
            <fprob>0.0</fprob>
        </actor>
        <actor name="D0N19">
            <wcet number="0">330</wcet>
            <wcet number="1">420</wcet>
            <maxpow number="0.48195794016954346"/>
            <maxpow number="0.48195794016954346"/>
            <fprob>0.0</fprob>
        </actor>
        <actor name="D0N0">
            <wcet number="0">10</wcet>
            <wcet number="1">10</wcet>
            <maxpow number="0.6880696966830554"/>
            <maxpow number="0.6880696966830554"/>
            <fprob>0.0</fprob>
        </actor>
        <actor name="D0N15">
            <wcet number="0">20</wcet>
            <wcet number="1">30</wcet>
            <maxpow number="0.5272560045295835"/>
            <maxpow number="0.5272560045295835"/>
            <fprob>0.0</fprob>
        </actor>
        <actor name="D0N17">
            <wcet number="0">10</wcet>
            <wcet number="1">10</wcet>
            <maxpow number="0.5864201859383703"/>
            <maxpow number="0.5864201859383703"/>
            <fprob>0.0</fprob>
        </actor>
        <actor name="D0N2">
            <wcet number="0">20</wcet>
            <wcet number="1">40</wcet>
            <maxpow number="0.508373493771674"/>
            <maxpow number="0.508373493771674"/>
            <fprob>0.0</fprob>
        </actor>
        <actor name="D0N5">
            <wcet number="0">60</wcet>
            <wcet number="1">110</wcet>
            <maxpow number="0.8362755857577628"/>
            <maxpow number="0.8362755857577628"/>
            <fprob>0.0</fprob>
        </actor>
        <actor name="D0N42">
            <wcet number="0">80</wcet>
            <wcet number="1">110</wcet>
            <maxpow number="0.3400665675930611"/>
            <maxpow number="0.3400665675930611"/>
            <fprob>0.0</fprob>
        </actor>
        <actor name="D0N38">
            <wcet number="0">10</wcet>
            <wcet number="1">20</wcet>
            <maxpow number="0.4204977020086797"/>
            <maxpow number="0.4204977020086797"/>
            <fprob>0.0</fprob>
        </actor>
        <actor name="D0N4">
            <wcet number="0">10</wcet>
            <wcet number="1">10</wcet>
            <maxpow number="0.7472467714993919"/>
            <maxpow number="0.7472467714993919"/>
            <fprob>0.0</fprob>
        </actor>
        <actor name="D0N8">
            <wcet number="0">10</wcet>
            <wcet number="1">10</wcet>
            <maxpow number="0.7045339432374024"/>
            <maxpow number="0.7045339432374024"/>
            <fprob>0.0</fprob>
        </actor>
        <actor name="D0N11">
            <wcet number="0">80</wcet>
            <wcet number="1">110</wcet>
            <maxpow number="0.5166746092635798"/>
            <maxpow number="0.5166746092635798"/>
            <fprob>0.0</fprob>
        </actor>
        <actor name="D0N41">
            <wcet number="0">10</wcet>
            <wcet number="1">10</wcet>
            <maxpow number="0.5613819771161102"/>
            <maxpow number="0.5613819771161102"/>
            <fprob>0.0</fprob>
        </actor>
        <actor name="D0N22">
            <wcet number="0">60</wcet>
            <wcet number="1">60</wcet>
            <maxpow number="0.3457421588612656"/>
            <maxpow number="0.3457421588612656"/>
            <fprob>0.0</fprob>
        </actor>
        <actor name="D0N18">
            <wcet number="0">40</wcet>
            <wcet number="1">40</wcet>
            <maxpow number="0.5731078676261254"/>
            <maxpow number="0.5731078676261254"/>
            <fprob>0.0</fprob>
        </actor>
        <actor name="D0N6">
            <wcet number="0">10</wcet>
            <wcet number="1">20</wcet>
            <maxpow number="0.4336872075490388"/>
            <maxpow number="0.4336872075490388"/>
            <fprob>0.0</fprob>
        </actor>
        <actor name="D0N31">
            <wcet number="0">30</wcet>
            <wcet number="1">40</wcet>
            <maxpow number="0.7683724014666521"/>
            <maxpow number="0.7683724014666521"/>
            <fprob>0.0</fprob>
        </actor>
        <actor name="D0N24">
            <wcet number="0">60</wcet>
            <wcet number="1">80</wcet>
            <maxpow number="0.3839883703469047"/>
            <maxpow number="0.3839883703469047"/>
            <fprob>0.0</fprob>
        </actor>
        <actor name="D0N43">
            <wcet number="0">40</wcet>
            <wcet number="1">50</wcet>
            <maxpow number="0.25734552640265035"/>
            <maxpow number="0.25734552640265035"/>
            <fprob>0.0</fprob>
        </actor>
        <actor name="D0N44">
            <wcet number="0">10</wcet>
            <wcet number="1">10</wcet>
            <maxpow number="0.6042707746106032"/>
            <maxpow number="0.6042707746106032"/>
            <fprob>0.0</fprob>
        </actor>
        <actor name="D0N39">
            <wcet number="0">20</wcet>
            <wcet number="1">30</wcet>
            <maxpow number="0.1538668596790913"/>
            <maxpow number="0.1538668596790913"/>
            <fprob>0.0</fprob>
        </actor>
        <actor name="D0N23">
            <wcet number="0">10</wcet>
            <wcet number="1">10</wcet>
            <maxpow number="0.7546656820270955"/>
            <maxpow number="0.7546656820270955"/>
            <fprob>0.0</fprob>
        </actor>
        <actor name="D0N16">
            <wcet number="0">10</wcet>
            <wcet number="1">20</wcet>
            <maxpow number="0.1863008090914251"/>
            <maxpow number="0.1863008090914251"/>
            <fprob>0.0</fprob>
        </actor>
        <actor name="D0N12">
            <wcet number="0">70</wcet>
            <wcet number="1">110</wcet>
            <maxpow number="0.7206462318805045"/>
            <maxpow number="0.7206462318805045"/>
            <fprob>0.0</fprob>
        </actor>
        <actor name="D0N34">
            <wcet number="0">10</wcet>
            <wcet number="1">10</wcet>
            <maxpow number="0.4472599275345579"/>
            <maxpow number="0.4472599275345579"/>
            <fprob>0.0</fprob>
        </actor>
        <actor name="D0N36">
            <wcet number="0">10</wcet>
            <wcet number="1">10</wcet>
            <maxpow number="0.5538892986066525"/>
            <maxpow number="0.5538892986066525"/>
            <fprob>0.0</fprob>
        </actor>
        <ports>
            <port dstActor="D0N44" name="p0" srcActor="D0N26"/>
            <port dstActor="D0N41" name="p1" srcActor="D0N26"/>
            <port dstActor="D0N43" name="p2" srcActor="D0N7"/>
            <port dstActor="D0N44" name="p3" srcActor="D0N13"/>
            <port dstActor="D0N17" name="p4" srcActor="D0N13"/>
            <port dstActor="D0N36" name="p5" srcActor="D0N33"/>
            <port dstActor="D0N37" name="p6" srcActor="D0N33"/>
            <port dstActor="D0N29" name="p7" srcActor="D0N21"/>
            <port dstActor="D0N23" name="p8" srcActor="D0N21"/>
            <port dstActor="D0N39" name="p9" srcActor="D0N35"/>
            <port dstActor="D0N37" name="p10" srcActor="D0N35"/>
            <port dstActor="D0N36" name="p11" srcActor="D0N9"/>
            <port dstActor="D0N42" name="p12" srcActor="D0N9"/>
            <port dstActor="D0N41" name="p13" srcActor="D0N9"/>
            <port dstActor="D0N28" name="p14" srcActor="D0N9"/>
            <port dstActor="D0N22" name="p15" srcActor="D0N9"/>
            <port dstActor="D0N30" name="p16" srcActor="D0N9"/>
            <port dstActor="D0N18" name="p17" srcActor="D0N9"/>
            <port dstActor="D0N23" name="p18" srcActor="D0N20"/>
            <port dstActor="D0N42" name="p19" srcActor="D0N20"/>
            <port dstActor="D0N22" name="p20" srcActor="D0N20"/>
            <port dstActor="D0N39" name="p21" srcActor="D0N20"/>
            <port dstActor="D0N21" name="p22" srcActor="D0N20"/>
            <port dstActor="D0N29" name="p23" srcActor="D0N27"/>
            <port dstActor="D0N40" name="p24" srcActor="D0N27"/>
            <port dstActor="D0N35" name="p25" srcActor="D0N27"/>
            <port dstActor="D0N43" name="p26" srcActor="D0N27"/>
            <port dstActor="D0N31" name="p27" srcActor="D0N29"/>
            <port dstActor="D0N38" name="p28" srcActor="D0N29"/>
            <port dstActor="D0N40" name="p29" srcActor="D0N29"/>
            <port dstActor="D0N21" name="p30" srcActor="D0N10"/>
            <port dstActor="D0N37" name="p31" srcActor="D0N10"/>
            <port dstActor="D0N40" name="p32" srcActor="D0N25"/>
            <port dstActor="D0N31" name="p33" srcActor="D0N25"/>
            <port dstActor="D0N15" name="p34" srcActor="D0N14"/>
            <port dstActor="D0N43" name="p35" srcActor="D0N14"/>
            <port dstActor="D0N44" name="p36" srcActor="D0N14"/>
            <port dstActor="D0N34" name="p37" srcActor="D0N14"/>
            <port dstActor="D0N44" name="p38" srcActor="D0N3"/>
            <port dstActor="D0N11" name="p39" srcActor="D0N3"/>
            <port dstActor="D0N34" name="p40" srcActor="D0N3"/>
            <port dstActor="D0N41" name="p41" srcActor="D0N3"/>
            <port dstActor="D0N5" name="p42" srcActor="D0N3"/>
            <port dstActor="D0N13" name="p43" srcActor="D0N3"/>
            <port dstActor="D0N17" name="p44" srcActor="D0N1"/>
            <port dstActor="D0N30" name="p45" srcActor="D0N1"/>
            <port dstActor="D0N5" name="p46" srcActor="D0N1"/>
            <port dstActor="D0N36" name="p47" srcActor="D0N1"/>
            <port dstActor="D0N28" name="p48" srcActor="D0N1"/>
            <port dstActor="D0N22" name="p49" srcActor="D0N19"/>
            <port dstActor="D0N34" name="p50" srcActor="D0N19"/>
            <port dstActor="D0N24" name="p51" srcActor="D0N19"/>
            <port dstActor="D0N35" name="p52" srcActor="D0N0"/>
            <port dstActor="D0N22" name="p53" srcActor="D0N0"/>
            <port dstActor="D0N23" name="p54" srcActor="D0N0"/>
            <port dstActor="D0N12" name="p55" srcActor="D0N0"/>
            <port dstActor="D0N32" name="p56" srcActor="D0N15"/>
            <port dstActor="D0N42" name="p57" srcActor="D0N15"/>
            <port dstActor="D0N22" name="p58" srcActor="D0N15"/>
            <port dstActor="D0N32" name="p59" srcActor="D0N17"/>
            <port dstActor="D0N36" name="p60" srcActor="D0N17"/>
            <port dstActor="D0N22" name="p61" srcActor="D0N17"/>
            <port dstActor="D0N7" name="p62" srcActor="D0N2"/>
            <port dstActor="D0N22" name="p63" srcActor="D0N2"/>
            <port dstActor="D0N19" name="p64" srcActor="D0N2"/>
            <port dstActor="D0N36" name="p65" srcActor="D0N2"/>
            <port dstActor="D0N37" name="p66" srcActor="D0N2"/>
            <port dstActor="D0N40" name="p67" srcActor="D0N2"/>
            <port dstActor="D0N43" name="p68" srcActor="D0N2"/>
            <port dstActor="D0N29" name="p69" srcActor="D0N5"/>
            <port dstActor="D0N17" name="p70" srcActor="D0N5"/>
            <port dstActor="D0N42" name="p71" srcActor="D0N5"/>
            <port dstActor="D0N24" name="p72" srcActor="D0N5"/>
            <port dstActor="D0N44" name="p73" srcActor="D0N38"/>
            <port dstActor="D0N31" name="p74" srcActor="D0N4"/>
            <port dstActor="D0N11" name="p75" srcActor="D0N4"/>
            <port dstActor="D0N29" name="p76" srcActor="D0N4"/>
            <port dstActor="D0N19" name="p77" srcActor="D0N8"/>
            <port dstActor="D0N34" name="p78" srcActor="D0N8"/>
            <port dstActor="D0N11" name="p79" srcActor="D0N8"/>
            <port dstActor="D0N29" name="p80" srcActor="D0N8"/>
            <port dstActor="D0N42" name="p81" srcActor="D0N8"/>
            <port dstActor="D0N28" name="p82" srcActor="D0N8"/>
            <port dstActor="D0N31" name="p83" srcActor="D0N11"/>
            <port dstActor="D0N38" name="p84" srcActor="D0N11"/>
            <port dstActor="D0N24" name="p85" srcActor="D0N22"/>
            <port dstActor="D0N36" name="p86" srcActor="D0N22"/>
            <port dstActor="D0N26" name="p87" srcActor="D0N18"/>
            <port dstActor="D0N30" name="p88" srcActor="D0N18"/>
            <port dstActor="D0N35" name="p89" srcActor="D0N6"/>
            <port dstActor="D0N10" name="p90" srcActor="D0N6"/>
            <port dstActor="D0N43" name="p91" srcActor="D0N6"/>
            <port dstActor="D0N24" name="p92" srcActor="D0N6"/>
            <port dstActor="D0N27" name="p93" srcActor="D0N6"/>
            <port dstActor="D0N34" name="p94" srcActor="D0N31"/>
            <port dstActor="D0N25" name="p95" srcActor="D0N24"/>
            <port dstActor="D0N44" name="p96" srcActor="D0N24"/>
            <port dstActor="D0N32" name="p97" srcActor="D0N24"/>
            <port dstActor="D0N41" name="p98" srcActor="D0N39"/>
            <port dstActor="D0N30" name="p99" srcActor="D0N23"/>
            <port dstActor="D0N27" name="p100" srcActor="D0N23"/>
            <port dstActor="D0N31" name="p101" srcActor="D0N16"/>
            <port dstActor="D0N36" name="p102" srcActor="D0N16"/>
            <port dstActor="D0N44" name="p103" srcActor="D0N16"/>
            <port dstActor="D0N18" name="p104" srcActor="D0N12"/>
            <port dstActor="D0N27" name="p105" srcActor="D0N12"/>
            <port dstActor="D0N36" name="p106" srcActor="D0N12"/>
            <port dstActor="D0N41" name="p107" srcActor="D0N34"/>
            <port dstActor="D0N44" name="p108" srcActor="D0N36"/>
        </ports>
    </mcdag>
    <cores number="3"/>
    <levels number="2"/>
</mcsystem>
