<?xml version="1.0" encoding="UTF-8" standalone="no"?>
<mcsystem>
    <mcdag deadline="1000" name="genned-0-ed-10.0-0">
        <actor name="D0N27">
            <wcet number="0">30</wcet>
            <wcet number="1">210</wcet>
            <maxpow number="0.6334960492399709"/>
            <maxpow number="0.6334960492399709"/>
            <fprob>0.0</fprob>
        </actor>
        <actor name="D0N6">
            <wcet number="0">10</wcet>
            <wcet number="1">30</wcet>
            <maxpow number="0.4013259806318382"/>
            <maxpow number="0.4013259806318382"/>
            <fprob>0.0</fprob>
        </actor>
        <actor name="D0N23">
            <wcet number="0">20</wcet>
            <wcet number="1">20</wcet>
            <maxpow number="0.5008955642735565"/>
            <maxpow number="0.5008955642735565"/>
            <fprob>0.0</fprob>
        </actor>
        <actor name="D0N7">
            <wcet number="0">20</wcet>
            <wcet number="1">120</wcet>
            <maxpow number="0.4776799722290593"/>
            <maxpow number="0.4776799722290593"/>
            <fprob>0.0</fprob>
        </actor>
        <actor name="D0N29">
            <wcet number="0">10</wcet>
            <wcet number="1">70</wcet>
            <maxpow number="0.6934541607506901"/>
            <maxpow number="0.6934541607506901"/>
            <fprob>0.0</fprob>
        </actor>
        <actor name="D0N4">
            <wcet number="0">70</wcet>
            <wcet number="1">70</wcet>
            <maxpow number="0.5856816549522915"/>
            <maxpow number="0.5856816549522915"/>
            <fprob>0.0</fprob>
        </actor>
        <actor name="D0N5">
            <wcet number="0">20</wcet>
            <wcet number="1">30</wcet>
            <maxpow number="0.5048611791210998"/>
            <maxpow number="0.5048611791210998"/>
            <fprob>0.0</fprob>
        </actor>
        <actor name="D0N11">
            <wcet number="0">20</wcet>
            <wcet number="1">90</wcet>
            <maxpow number="0.5078756715475944"/>
            <maxpow number="0.5078756715475944"/>
            <fprob>0.0</fprob>
        </actor>
        <actor name="D0N21">
            <wcet number="0">10</wcet>
            <wcet number="1">10</wcet>
            <maxpow number="0.5189334645273564"/>
            <maxpow number="0.5189334645273564"/>
            <fprob>0.0</fprob>
        </actor>
        <actor name="D0N26">
            <wcet number="0">10</wcet>
            <wcet number="1">10</wcet>
            <maxpow number="0.7967726081301357"/>
            <maxpow number="0.7967726081301357"/>
            <fprob>0.0</fprob>
        </actor>
        <actor name="D0N33">
            <wcet number="0">30</wcet>
            <wcet number="1">50</wcet>
            <maxpow number="0.5454894093060676"/>
            <maxpow number="0.5454894093060676"/>
            <fprob>0.0</fprob>
        </actor>
        <actor name="D0N9">
            <wcet number="0">40</wcet>
            <wcet number="1">40</wcet>
            <maxpow number="0.6288046144057311"/>
            <maxpow number="0.6288046144057311"/>
            <fprob>0.0</fprob>
        </actor>
        <actor name="D0N36">
            <wcet number="0">20</wcet>
            <wcet number="1">20</wcet>
            <maxpow number="0.9301408472643499"/>
            <maxpow number="0.9301408472643499"/>
            <fprob>0.0</fprob>
        </actor>
        <actor name="D0N14">
            <wcet number="0">30</wcet>
            <wcet number="1">30</wcet>
            <maxpow number="0.6284577683836395"/>
            <maxpow number="0.6284577683836395"/>
            <fprob>0.0</fprob>
        </actor>
        <actor name="D0N16">
            <wcet number="0">10</wcet>
            <wcet number="1">20</wcet>
            <maxpow number="0.37928970061366074"/>
            <maxpow number="0.37928970061366074"/>
            <fprob>0.0</fprob>
        </actor>
        <actor name="D0N20">
            <wcet number="0">100</wcet>
            <wcet number="1">130</wcet>
            <maxpow number="0.7380680024664049"/>
            <maxpow number="0.7380680024664049"/>
            <fprob>0.0</fprob>
        </actor>
        <actor name="D0N25">
            <wcet number="0">220</wcet>
            <wcet number="1">260</wcet>
            <maxpow number="0.6372782258046304"/>
            <maxpow number="0.6372782258046304"/>
            <fprob>0.0</fprob>
        </actor>
        <actor name="D0N37">
            <wcet number="0">50</wcet>
            <wcet number="1">100</wcet>
            <maxpow number="0.4974815862977052"/>
            <maxpow number="0.4974815862977052"/>
            <fprob>0.0</fprob>
        </actor>
        <actor name="D0N46">
            <wcet number="0">60</wcet>
            <wcet number="1">70</wcet>
            <maxpow number="0.5122667228361802"/>
            <maxpow number="0.5122667228361802"/>
            <fprob>0.0</fprob>
        </actor>
        <actor name="D0N32">
            <wcet number="0">10</wcet>
            <wcet number="1">20</wcet>
            <maxpow number="0.41688077493773656"/>
            <maxpow number="0.41688077493773656"/>
            <fprob>0.0</fprob>
        </actor>
        <actor name="D0N28">
            <wcet number="0">20</wcet>
            <wcet number="1">40</wcet>
            <maxpow number="0.7243778119545554"/>
            <maxpow number="0.7243778119545554"/>
            <fprob>0.0</fprob>
        </actor>
        <actor name="D0N3">
            <wcet number="0">10</wcet>
            <wcet number="1">10</wcet>
            <maxpow number="0.4160866036804538"/>
            <maxpow number="0.4160866036804538"/>
            <fprob>0.0</fprob>
        </actor>
        <actor name="D0N17">
            <wcet number="0">70</wcet>
            <wcet number="1">100</wcet>
            <maxpow number="0.6311883767993371"/>
            <maxpow number="0.6311883767993371"/>
            <fprob>0.0</fprob>
        </actor>
        <actor name="D0N40">
            <wcet number="0">10</wcet>
            <wcet number="1">30</wcet>
            <maxpow number="0.252705042376417"/>
            <maxpow number="0.252705042376417"/>
            <fprob>0.0</fprob>
        </actor>
        <actor name="D0N43">
            <wcet number="0">10</wcet>
            <wcet number="1">10</wcet>
            <maxpow number="0.23315528403448438"/>
            <maxpow number="0.23315528403448438"/>
            <fprob>0.0</fprob>
        </actor>
        <actor name="D0N24">
            <wcet number="0">30</wcet>
            <wcet number="1">30</wcet>
            <maxpow number="0.6488580181500204"/>
            <maxpow number="0.6488580181500204"/>
            <fprob>0.0</fprob>
        </actor>
        <actor name="D0N8">
            <wcet number="0">10</wcet>
            <wcet number="1">10</wcet>
            <maxpow number="0.8112956118895696"/>
            <maxpow number="0.8112956118895696"/>
            <fprob>0.0</fprob>
        </actor>
        <actor name="D0N0">
            <wcet number="0">50</wcet>
            <wcet number="1">50</wcet>
            <maxpow number="0.3177878131929644"/>
            <maxpow number="0.3177878131929644"/>
            <fprob>0.0</fprob>
        </actor>
        <actor name="D0N34">
            <wcet number="0">30</wcet>
            <wcet number="1">40</wcet>
            <maxpow number="0.4946127028731047"/>
            <maxpow number="0.4946127028731047"/>
            <fprob>0.0</fprob>
        </actor>
        <actor name="D0N48">
            <wcet number="0">50</wcet>
            <wcet number="1">110</wcet>
            <maxpow number="0.7116774857000154"/>
            <maxpow number="0.7116774857000154"/>
            <fprob>0.0</fprob>
        </actor>
        <actor name="D0N13">
            <wcet number="0">20</wcet>
            <wcet number="1">20</wcet>
            <maxpow number="0.5491974986538734"/>
            <maxpow number="0.5491974986538734"/>
            <fprob>0.0</fprob>
        </actor>
        <actor name="D0N47">
            <wcet number="0">80</wcet>
            <wcet number="1">100</wcet>
            <maxpow number="0.5407069117307249"/>
            <maxpow number="0.5407069117307249"/>
            <fprob>0.0</fprob>
        </actor>
        <actor name="D0N12">
            <wcet number="0">10</wcet>
            <wcet number="1">30</wcet>
            <maxpow number="0.49143719410055314"/>
            <maxpow number="0.49143719410055314"/>
            <fprob>0.0</fprob>
        </actor>
        <actor name="D0N44">
            <wcet number="0">40</wcet>
            <wcet number="1">40</wcet>
            <maxpow number="0.6796910628804702"/>
            <maxpow number="0.6796910628804702"/>
            <fprob>0.0</fprob>
        </actor>
        <actor name="D0N15">
            <wcet number="0">10</wcet>
            <wcet number="1">50</wcet>
            <maxpow number="0.6298728814423733"/>
            <maxpow number="0.6298728814423733"/>
            <fprob>0.0</fprob>
        </actor>
        <actor name="D0N31">
            <wcet number="0">30</wcet>
            <wcet number="1">90</wcet>
            <maxpow number="0.7952699165569045"/>
            <maxpow number="0.7952699165569045"/>
            <fprob>0.0</fprob>
        </actor>
        <actor name="D0N39">
            <wcet number="0">10</wcet>
            <wcet number="1">30</wcet>
            <maxpow number="0.5194854345910258"/>
            <maxpow number="0.5194854345910258"/>
            <fprob>0.0</fprob>
        </actor>
        <actor name="D0N1">
            <wcet number="0">10</wcet>
            <wcet number="1">40</wcet>
            <maxpow number="0.21603503764330267"/>
            <maxpow number="0.21603503764330267"/>
            <fprob>0.0</fprob>
        </actor>
        <actor name="D0N19">
            <wcet number="0">20</wcet>
            <wcet number="1">30</wcet>
            <maxpow number="0.851609572032467"/>
            <maxpow number="0.851609572032467"/>
            <fprob>0.0</fprob>
        </actor>
        <actor name="D0N35">
            <wcet number="0">10</wcet>
            <wcet number="1">20</wcet>
            <maxpow number="0.8244487311749408"/>
            <maxpow number="0.8244487311749408"/>
            <fprob>0.0</fprob>
        </actor>
        <actor name="D0N2">
            <wcet number="0">20</wcet>
            <wcet number="1">30</wcet>
            <maxpow number="0.4782212579649724"/>
            <maxpow number="0.4782212579649724"/>
            <fprob>0.0</fprob>
        </actor>
        <actor name="D0N41">
            <wcet number="0">30</wcet>
            <wcet number="1">70</wcet>
            <maxpow number="0.4060334067361071"/>
            <maxpow number="0.4060334067361071"/>
            <fprob>0.0</fprob>
        </actor>
        <actor name="D0N38">
            <wcet number="0">70</wcet>
            <wcet number="1">160</wcet>
            <maxpow number="0.4112919726850928"/>
            <maxpow number="0.4112919726850928"/>
            <fprob>0.0</fprob>
        </actor>
        <actor name="D0N22">
            <wcet number="0">20</wcet>
            <wcet number="1">90</wcet>
            <maxpow number="0.46237694187829387"/>
            <maxpow number="0.46237694187829387"/>
            <fprob>0.0</fprob>
        </actor>
        <actor name="D0N18">
            <wcet number="0">10</wcet>
            <wcet number="1">20</wcet>
            <maxpow number="0.5045039152135531"/>
            <maxpow number="0.5045039152135531"/>
            <fprob>0.0</fprob>
        </actor>
        <actor name="D0N30">
            <wcet number="0">20</wcet>
            <wcet number="1">20</wcet>
            <maxpow number="0.25035517635471594"/>
            <maxpow number="0.25035517635471594"/>
            <fprob>0.0</fprob>
        </actor>
        <actor name="D0N10">
            <wcet number="0">10</wcet>
            <wcet number="1">10</wcet>
            <maxpow number="0.3105565795206253"/>
            <maxpow number="0.3105565795206253"/>
            <fprob>0.0</fprob>
        </actor>
        <actor name="D0N45">
            <wcet number="0">10</wcet>
            <wcet number="1">10</wcet>
            <maxpow number="0.8723441807520618"/>
            <maxpow number="0.8723441807520618"/>
            <fprob>0.0</fprob>
        </actor>
        <actor name="D0N42">
            <wcet number="0">10</wcet>
            <wcet number="1">10</wcet>
            <maxpow number="0.22670750020683733"/>
            <maxpow number="0.22670750020683733"/>
            <fprob>0.0</fprob>
        </actor>
        <ports>
            <port dstActor="D0N41" name="p0" srcActor="D0N27"/>
            <port dstActor="D0N48" name="p1" srcActor="D0N27"/>
            <port dstActor="D0N35" name="p2" srcActor="D0N6"/>
            <port dstActor="D0N27" name="p3" srcActor="D0N6"/>
            <port dstActor="D0N42" name="p4" srcActor="D0N23"/>
            <port dstActor="D0N43" name="p5" srcActor="D0N23"/>
            <port dstActor="D0N20" name="p6" srcActor="D0N7"/>
            <port dstActor="D0N35" name="p7" srcActor="D0N7"/>
            <port dstActor="D0N44" name="p8" srcActor="D0N29"/>
            <port dstActor="D0N43" name="p9" srcActor="D0N29"/>
            <port dstActor="D0N36" name="p10" srcActor="D0N29"/>
            <port dstActor="D0N20" name="p11" srcActor="D0N4"/>
            <port dstActor="D0N33" name="p12" srcActor="D0N4"/>
            <port dstActor="D0N40" name="p13" srcActor="D0N4"/>
            <port dstActor="D0N41" name="p14" srcActor="D0N4"/>
            <port dstActor="D0N32" name="p15" srcActor="D0N5"/>
            <port dstActor="D0N10" name="p16" srcActor="D0N5"/>
            <port dstActor="D0N35" name="p17" srcActor="D0N5"/>
            <port dstActor="D0N18" name="p18" srcActor="D0N11"/>
            <port dstActor="D0N37" name="p19" srcActor="D0N11"/>
            <port dstActor="D0N47" name="p20" srcActor="D0N11"/>
            <port dstActor="D0N29" name="p21" srcActor="D0N11"/>
            <port dstActor="D0N38" name="p22" srcActor="D0N21"/>
            <port dstActor="D0N39" name="p23" srcActor="D0N21"/>
            <port dstActor="D0N48" name="p24" srcActor="D0N21"/>
            <port dstActor="D0N36" name="p25" srcActor="D0N21"/>
            <port dstActor="D0N28" name="p26" srcActor="D0N26"/>
            <port dstActor="D0N30" name="p27" srcActor="D0N26"/>
            <port dstActor="D0N27" name="p28" srcActor="D0N26"/>
            <port dstActor="D0N48" name="p29" srcActor="D0N26"/>
            <port dstActor="D0N31" name="p30" srcActor="D0N9"/>
            <port dstActor="D0N39" name="p31" srcActor="D0N9"/>
            <port dstActor="D0N32" name="p32" srcActor="D0N14"/>
            <port dstActor="D0N47" name="p33" srcActor="D0N14"/>
            <port dstActor="D0N15" name="p34" srcActor="D0N14"/>
            <port dstActor="D0N21" name="p35" srcActor="D0N14"/>
            <port dstActor="D0N34" name="p36" srcActor="D0N16"/>
            <port dstActor="D0N26" name="p37" srcActor="D0N16"/>
            <port dstActor="D0N42" name="p38" srcActor="D0N25"/>
            <port dstActor="D0N26" name="p39" srcActor="D0N25"/>
            <port dstActor="D0N34" name="p40" srcActor="D0N25"/>
            <port dstActor="D0N45" name="p41" srcActor="D0N25"/>
            <port dstActor="D0N42" name="p42" srcActor="D0N37"/>
            <port dstActor="D0N48" name="p43" srcActor="D0N46"/>
            <port dstActor="D0N36" name="p44" srcActor="D0N32"/>
            <port dstActor="D0N37" name="p45" srcActor="D0N28"/>
            <port dstActor="D0N29" name="p46" srcActor="D0N28"/>
            <port dstActor="D0N47" name="p47" srcActor="D0N3"/>
            <port dstActor="D0N18" name="p48" srcActor="D0N3"/>
            <port dstActor="D0N13" name="p49" srcActor="D0N3"/>
            <port dstActor="D0N35" name="p50" srcActor="D0N3"/>
            <port dstActor="D0N39" name="p51" srcActor="D0N17"/>
            <port dstActor="D0N29" name="p52" srcActor="D0N17"/>
            <port dstActor="D0N48" name="p53" srcActor="D0N17"/>
            <port dstActor="D0N21" name="p54" srcActor="D0N17"/>
            <port dstActor="D0N48" name="p55" srcActor="D0N43"/>
            <port dstActor="D0N29" name="p56" srcActor="D0N24"/>
            <port dstActor="D0N44" name="p57" srcActor="D0N24"/>
            <port dstActor="D0N29" name="p58" srcActor="D0N8"/>
            <port dstActor="D0N15" name="p59" srcActor="D0N8"/>
            <port dstActor="D0N26" name="p60" srcActor="D0N8"/>
            <port dstActor="D0N39" name="p61" srcActor="D0N8"/>
            <port dstActor="D0N3" name="p62" srcActor="D0N0"/>
            <port dstActor="D0N19" name="p63" srcActor="D0N0"/>
            <port dstActor="D0N2" name="p64" srcActor="D0N0"/>
            <port dstActor="D0N40" name="p65" srcActor="D0N13"/>
            <port dstActor="D0N14" name="p66" srcActor="D0N13"/>
            <port dstActor="D0N19" name="p67" srcActor="D0N13"/>
            <port dstActor="D0N38" name="p68" srcActor="D0N13"/>
            <port dstActor="D0N33" name="p69" srcActor="D0N12"/>
            <port dstActor="D0N18" name="p70" srcActor="D0N12"/>
            <port dstActor="D0N45" name="p71" srcActor="D0N44"/>
            <port dstActor="D0N43" name="p72" srcActor="D0N15"/>
            <port dstActor="D0N19" name="p73" srcActor="D0N15"/>
            <port dstActor="D0N39" name="p74" srcActor="D0N15"/>
            <port dstActor="D0N27" name="p75" srcActor="D0N15"/>
            <port dstActor="D0N20" name="p76" srcActor="D0N15"/>
            <port dstActor="D0N32" name="p77" srcActor="D0N15"/>
            <port dstActor="D0N26" name="p78" srcActor="D0N15"/>
            <port dstActor="D0N40" name="p79" srcActor="D0N31"/>
            <port dstActor="D0N42" name="p80" srcActor="D0N31"/>
            <port dstActor="D0N47" name="p81" srcActor="D0N39"/>
            <port dstActor="D0N29" name="p82" srcActor="D0N1"/>
            <port dstActor="D0N10" name="p83" srcActor="D0N1"/>
            <port dstActor="D0N25" name="p84" srcActor="D0N1"/>
            <port dstActor="D0N35" name="p85" srcActor="D0N1"/>
            <port dstActor="D0N41" name="p86" srcActor="D0N19"/>
            <port dstActor="D0N40" name="p87" srcActor="D0N19"/>
            <port dstActor="D0N20" name="p88" srcActor="D0N19"/>
            <port dstActor="D0N28" name="p89" srcActor="D0N19"/>
            <port dstActor="D0N22" name="p90" srcActor="D0N19"/>
            <port dstActor="D0N47" name="p91" srcActor="D0N35"/>
            <port dstActor="D0N42" name="p92" srcActor="D0N35"/>
            <port dstActor="D0N8" name="p93" srcActor="D0N2"/>
            <port dstActor="D0N44" name="p94" srcActor="D0N2"/>
            <port dstActor="D0N46" name="p95" srcActor="D0N2"/>
            <port dstActor="D0N41" name="p96" srcActor="D0N2"/>
            <port dstActor="D0N18" name="p97" srcActor="D0N2"/>
            <port dstActor="D0N21" name="p98" srcActor="D0N2"/>
            <port dstActor="D0N36" name="p99" srcActor="D0N2"/>
            <port dstActor="D0N35" name="p100" srcActor="D0N2"/>
            <port dstActor="D0N17" name="p101" srcActor="D0N2"/>
            <port dstActor="D0N27" name="p102" srcActor="D0N22"/>
            <port dstActor="D0N30" name="p103" srcActor="D0N22"/>
            <port dstActor="D0N42" name="p104" srcActor="D0N22"/>
            <port dstActor="D0N34" name="p105" srcActor="D0N22"/>
            <port dstActor="D0N31" name="p106" srcActor="D0N18"/>
            <port dstActor="D0N34" name="p107" srcActor="D0N18"/>
            <port dstActor="D0N41" name="p108" srcActor="D0N30"/>
            <port dstActor="D0N33" name="p109" srcActor="D0N30"/>
            <port dstActor="D0N37" name="p110" srcActor="D0N30"/>
            <port dstActor="D0N48" name="p111" srcActor="D0N45"/>
            <port dstActor="D0N46" name="p112" srcActor="D0N45"/>
        </ports>
    </mcdag>
    <cores number="3"/>
    <levels number="2"/>
</mcsystem>
