<?xml version="1.0" encoding="UTF-8" standalone="no"?>
<mcsystem>
    <mcdag deadline="5000" name="genned-0-ed-10.0-0">
        <actor name="D0N8">
            <wcet number="0">150</wcet>
            <wcet number="1">260</wcet>
            <maxpow number="0.27680812691758216"/>
            <maxpow number="0.27680812691758216"/>
            <fprob>0.0</fprob>
        </actor>
        <actor name="D0N32">
            <wcet number="0">120</wcet>
            <wcet number="1">300</wcet>
            <maxpow number="0.5045816575294355"/>
            <maxpow number="0.5045816575294355"/>
            <fprob>0.0</fprob>
        </actor>
        <actor name="D0N42">
            <wcet number="0">130</wcet>
            <wcet number="1">130</wcet>
            <maxpow number="0.6853410495463974"/>
            <maxpow number="0.6853410495463974"/>
            <fprob>0.0</fprob>
        </actor>
        <actor name="D0N16">
            <wcet number="0">210</wcet>
            <wcet number="1">220</wcet>
            <maxpow number="0.7579950507787476"/>
            <maxpow number="0.7579950507787476"/>
            <fprob>0.0</fprob>
        </actor>
        <actor name="D0N10">
            <wcet number="0">110</wcet>
            <wcet number="1">270</wcet>
            <maxpow number="0.5167826818952415"/>
            <maxpow number="0.5167826818952415"/>
            <fprob>0.0</fprob>
        </actor>
        <actor name="D0N13">
            <wcet number="0">230</wcet>
            <wcet number="1">290</wcet>
            <maxpow number="0.532007957959979"/>
            <maxpow number="0.532007957959979"/>
            <fprob>0.0</fprob>
        </actor>
        <actor name="D0N20">
            <wcet number="0">10</wcet>
            <wcet number="1">130</wcet>
            <maxpow number="0.224621469589336"/>
            <maxpow number="0.224621469589336"/>
            <fprob>0.0</fprob>
        </actor>
        <actor name="D0N6">
            <wcet number="0">30</wcet>
            <wcet number="1">120</wcet>
            <maxpow number="0.4990519207758603"/>
            <maxpow number="0.4990519207758603"/>
            <fprob>0.0</fprob>
        </actor>
        <actor name="D0N15">
            <wcet number="0">110</wcet>
            <wcet number="1">440</wcet>
            <maxpow number="0.7810999210357884"/>
            <maxpow number="0.7810999210357884"/>
            <fprob>0.0</fprob>
        </actor>
        <actor name="D0N27">
            <wcet number="0">30</wcet>
            <wcet number="1">40</wcet>
            <maxpow number="0.3395263063030043"/>
            <maxpow number="0.3395263063030043"/>
            <fprob>0.0</fprob>
        </actor>
        <actor name="D0N40">
            <wcet number="0">40</wcet>
            <wcet number="1">50</wcet>
            <maxpow number="0.40654134246737295"/>
            <maxpow number="0.40654134246737295"/>
            <fprob>0.0</fprob>
        </actor>
        <actor name="D0N0">
            <wcet number="0">530</wcet>
            <wcet number="1">590</wcet>
            <maxpow number="0.36734538921172183"/>
            <maxpow number="0.36734538921172183"/>
            <fprob>0.0</fprob>
        </actor>
        <actor name="D0N31">
            <wcet number="0">200</wcet>
            <wcet number="1">530</wcet>
            <maxpow number="0.7904945070486408"/>
            <maxpow number="0.7904945070486408"/>
            <fprob>0.0</fprob>
        </actor>
        <actor name="D0N1">
            <wcet number="0">10</wcet>
            <wcet number="1">240</wcet>
            <maxpow number="0.3503944204117786"/>
            <maxpow number="0.3503944204117786"/>
            <fprob>0.0</fprob>
        </actor>
        <actor name="D0N3">
            <wcet number="0">340</wcet>
            <wcet number="1">370</wcet>
            <maxpow number="0.7250565754057293"/>
            <maxpow number="0.7250565754057293"/>
            <fprob>0.0</fprob>
        </actor>
        <actor name="D0N44">
            <wcet number="0">10</wcet>
            <wcet number="1">40</wcet>
            <maxpow number="0.4613159546151761"/>
            <maxpow number="0.4613159546151761"/>
            <fprob>0.0</fprob>
        </actor>
        <actor name="D0N4">
            <wcet number="0">120</wcet>
            <wcet number="1">250</wcet>
            <maxpow number="0.4664808614680551"/>
            <maxpow number="0.4664808614680551"/>
            <fprob>0.0</fprob>
        </actor>
        <actor name="D0N38">
            <wcet number="0">100</wcet>
            <wcet number="1">200</wcet>
            <maxpow number="0.39951622867017705"/>
            <maxpow number="0.39951622867017705"/>
            <fprob>0.0</fprob>
        </actor>
        <actor name="D0N11">
            <wcet number="0">190</wcet>
            <wcet number="1">200</wcet>
            <maxpow number="0.6623396739596138"/>
            <maxpow number="0.6623396739596138"/>
            <fprob>0.0</fprob>
        </actor>
        <actor name="D0N24">
            <wcet number="0">670</wcet>
            <wcet number="1">720</wcet>
            <maxpow number="0.622929546541716"/>
            <maxpow number="0.622929546541716"/>
            <fprob>0.0</fprob>
        </actor>
        <actor name="D0N36">
            <wcet number="0">50</wcet>
            <wcet number="1">70</wcet>
            <maxpow number="0.5426493133891604"/>
            <maxpow number="0.5426493133891604"/>
            <fprob>0.0</fprob>
        </actor>
        <actor name="D0N33">
            <wcet number="0">260</wcet>
            <wcet number="1">280</wcet>
            <maxpow number="0.42319365066019743"/>
            <maxpow number="0.42319365066019743"/>
            <fprob>0.0</fprob>
        </actor>
        <actor name="D0N21">
            <wcet number="0">50</wcet>
            <wcet number="1">50</wcet>
            <maxpow number="0.636141654641668"/>
            <maxpow number="0.636141654641668"/>
            <fprob>0.0</fprob>
        </actor>
        <actor name="D0N26">
            <wcet number="0">180</wcet>
            <wcet number="1">200</wcet>
            <maxpow number="0.43861557215639413"/>
            <maxpow number="0.43861557215639413"/>
            <fprob>0.0</fprob>
        </actor>
        <actor name="D0N46">
            <wcet number="0">60</wcet>
            <wcet number="1">140</wcet>
            <maxpow number="0.9299595894207999"/>
            <maxpow number="0.9299595894207999"/>
            <fprob>0.0</fprob>
        </actor>
        <actor name="D0N47">
            <wcet number="0">20</wcet>
            <wcet number="1">180</wcet>
            <maxpow number="0.5629631807766582"/>
            <maxpow number="0.5629631807766582"/>
            <fprob>0.0</fprob>
        </actor>
        <actor name="D0N23">
            <wcet number="0">100</wcet>
            <wcet number="1">140</wcet>
            <maxpow number="0.608803735058731"/>
            <maxpow number="0.608803735058731"/>
            <fprob>0.0</fprob>
        </actor>
        <actor name="D0N29">
            <wcet number="0">180</wcet>
            <wcet number="1">220</wcet>
            <maxpow number="0.8139783734784358"/>
            <maxpow number="0.8139783734784358"/>
            <fprob>0.0</fprob>
        </actor>
        <actor name="D0N9">
            <wcet number="0">290</wcet>
            <wcet number="1">290</wcet>
            <maxpow number="0.27252427144190594"/>
            <maxpow number="0.27252427144190594"/>
            <fprob>0.0</fprob>
        </actor>
        <actor name="D0N30">
            <wcet number="0">10</wcet>
            <wcet number="1">20</wcet>
            <maxpow number="0.39475003897670735"/>
            <maxpow number="0.39475003897670735"/>
            <fprob>0.0</fprob>
        </actor>
        <actor name="D0N41">
            <wcet number="0">10</wcet>
            <wcet number="1">10</wcet>
            <maxpow number="0.5952472321762241"/>
            <maxpow number="0.5952472321762241"/>
            <fprob>0.0</fprob>
        </actor>
        <actor name="D0N19">
            <wcet number="0">50</wcet>
            <wcet number="1">670</wcet>
            <maxpow number="0.26209410519006215"/>
            <maxpow number="0.26209410519006215"/>
            <fprob>0.0</fprob>
        </actor>
        <actor name="D0N35">
            <wcet number="0">260</wcet>
            <wcet number="1">270</wcet>
            <maxpow number="0.7075707711798713"/>
            <maxpow number="0.7075707711798713"/>
            <fprob>0.0</fprob>
        </actor>
        <actor name="D0N34">
            <wcet number="0">30</wcet>
            <wcet number="1">30</wcet>
            <maxpow number="0.27122773207415546"/>
            <maxpow number="0.27122773207415546"/>
            <fprob>0.0</fprob>
        </actor>
        <actor name="D0N7">
            <wcet number="0">30</wcet>
            <wcet number="1">40</wcet>
            <maxpow number="0.5064005286072759"/>
            <maxpow number="0.5064005286072759"/>
            <fprob>0.0</fprob>
        </actor>
        <actor name="D0N25">
            <wcet number="0">20</wcet>
            <wcet number="1">130</wcet>
            <maxpow number="0.7060717810097505"/>
            <maxpow number="0.7060717810097505"/>
            <fprob>0.0</fprob>
        </actor>
        <actor name="D0N39">
            <wcet number="0">10</wcet>
            <wcet number="1">20</wcet>
            <maxpow number="0.5514922013174098"/>
            <maxpow number="0.5514922013174098"/>
            <fprob>0.0</fprob>
        </actor>
        <actor name="D0N28">
            <wcet number="0">210</wcet>
            <wcet number="1">260</wcet>
            <maxpow number="0.2481125774685391"/>
            <maxpow number="0.2481125774685391"/>
            <fprob>0.0</fprob>
        </actor>
        <actor name="D0N2">
            <wcet number="0">120</wcet>
            <wcet number="1">320</wcet>
            <maxpow number="0.6739136101945468"/>
            <maxpow number="0.6739136101945468"/>
            <fprob>0.0</fprob>
        </actor>
        <actor name="D0N37">
            <wcet number="0">80</wcet>
            <wcet number="1">160</wcet>
            <maxpow number="0.5940961577276325"/>
            <maxpow number="0.5940961577276325"/>
            <fprob>0.0</fprob>
        </actor>
        <actor name="D0N5">
            <wcet number="0">180</wcet>
            <wcet number="1">380</wcet>
            <maxpow number="0.5582247109178379"/>
            <maxpow number="0.5582247109178379"/>
            <fprob>0.0</fprob>
        </actor>
        <actor name="D0N45">
            <wcet number="0">100</wcet>
            <wcet number="1">120</wcet>
            <maxpow number="0.9708409236092619"/>
            <maxpow number="0.9708409236092619"/>
            <fprob>0.0</fprob>
        </actor>
        <actor name="D0N18">
            <wcet number="0">10</wcet>
            <wcet number="1">10</wcet>
            <maxpow number="0.35851143511647754"/>
            <maxpow number="0.35851143511647754"/>
            <fprob>0.0</fprob>
        </actor>
        <actor name="D0N17">
            <wcet number="0">40</wcet>
            <wcet number="1">60</wcet>
            <maxpow number="0.9286262348815063"/>
            <maxpow number="0.9286262348815063"/>
            <fprob>0.0</fprob>
        </actor>
        <actor name="D0N49">
            <wcet number="0">90</wcet>
            <wcet number="1">210</wcet>
            <maxpow number="0.6770158962705398"/>
            <maxpow number="0.6770158962705398"/>
            <fprob>0.0</fprob>
        </actor>
        <actor name="D0N14">
            <wcet number="0">50</wcet>
            <wcet number="1">120</wcet>
            <maxpow number="0.48904231365588874"/>
            <maxpow number="0.48904231365588874"/>
            <fprob>0.0</fprob>
        </actor>
        <actor name="D0N22">
            <wcet number="0">10</wcet>
            <wcet number="1">60</wcet>
            <maxpow number="0.3894287028682389"/>
            <maxpow number="0.3894287028682389"/>
            <fprob>0.0</fprob>
        </actor>
        <actor name="D0N43">
            <wcet number="0">10</wcet>
            <wcet number="1">160</wcet>
            <maxpow number="0.6294955304408926"/>
            <maxpow number="0.6294955304408926"/>
            <fprob>0.0</fprob>
        </actor>
        <actor name="D0N12">
            <wcet number="0">130</wcet>
            <wcet number="1">480</wcet>
            <maxpow number="0.6261807052702316"/>
            <maxpow number="0.6261807052702316"/>
            <fprob>0.0</fprob>
        </actor>
        <actor name="D0N48">
            <wcet number="0">10</wcet>
            <wcet number="1">10</wcet>
            <maxpow number="0.7904010809124726"/>
            <maxpow number="0.7904010809124726"/>
            <fprob>0.0</fprob>
        </actor>
        <ports>
            <port dstActor="D0N48" name="p0" srcActor="D0N8"/>
            <port dstActor="D0N18" name="p1" srcActor="D0N8"/>
            <port dstActor="D0N25" name="p2" srcActor="D0N8"/>
            <port dstActor="D0N24" name="p3" srcActor="D0N8"/>
            <port dstActor="D0N44" name="p4" srcActor="D0N32"/>
            <port dstActor="D0N45" name="p5" srcActor="D0N32"/>
            <port dstActor="D0N39" name="p6" srcActor="D0N32"/>
            <port dstActor="D0N41" name="p7" srcActor="D0N32"/>
            <port dstActor="D0N42" name="p8" srcActor="D0N32"/>
            <port dstActor="D0N40" name="p9" srcActor="D0N32"/>
            <port dstActor="D0N45" name="p10" srcActor="D0N42"/>
            <port dstActor="D0N27" name="p11" srcActor="D0N16"/>
            <port dstActor="D0N35" name="p12" srcActor="D0N16"/>
            <port dstActor="D0N31" name="p13" srcActor="D0N16"/>
            <port dstActor="D0N18" name="p14" srcActor="D0N10"/>
            <port dstActor="D0N25" name="p15" srcActor="D0N10"/>
            <port dstActor="D0N40" name="p16" srcActor="D0N10"/>
            <port dstActor="D0N43" name="p17" srcActor="D0N10"/>
            <port dstActor="D0N38" name="p18" srcActor="D0N10"/>
            <port dstActor="D0N16" name="p19" srcActor="D0N10"/>
            <port dstActor="D0N39" name="p20" srcActor="D0N10"/>
            <port dstActor="D0N17" name="p21" srcActor="D0N13"/>
            <port dstActor="D0N25" name="p22" srcActor="D0N13"/>
            <port dstActor="D0N48" name="p23" srcActor="D0N13"/>
            <port dstActor="D0N45" name="p24" srcActor="D0N20"/>
            <port dstActor="D0N28" name="p25" srcActor="D0N20"/>
            <port dstActor="D0N44" name="p26" srcActor="D0N20"/>
            <port dstActor="D0N45" name="p27" srcActor="D0N6"/>
            <port dstActor="D0N31" name="p28" srcActor="D0N6"/>
            <port dstActor="D0N8" name="p29" srcActor="D0N6"/>
            <port dstActor="D0N17" name="p30" srcActor="D0N6"/>
            <port dstActor="D0N30" name="p31" srcActor="D0N6"/>
            <port dstActor="D0N40" name="p32" srcActor="D0N6"/>
            <port dstActor="D0N32" name="p33" srcActor="D0N15"/>
            <port dstActor="D0N47" name="p34" srcActor="D0N15"/>
            <port dstActor="D0N37" name="p35" srcActor="D0N15"/>
            <port dstActor="D0N45" name="p36" srcActor="D0N27"/>
            <port dstActor="D0N47" name="p37" srcActor="D0N27"/>
            <port dstActor="D0N43" name="p38" srcActor="D0N40"/>
            <port dstActor="D0N42" name="p39" srcActor="D0N0"/>
            <port dstActor="D0N16" name="p40" srcActor="D0N0"/>
            <port dstActor="D0N4" name="p41" srcActor="D0N0"/>
            <port dstActor="D0N49" name="p42" srcActor="D0N0"/>
            <port dstActor="D0N10" name="p43" srcActor="D0N0"/>
            <port dstActor="D0N32" name="p44" srcActor="D0N0"/>
            <port dstActor="D0N15" name="p45" srcActor="D0N0"/>
            <port dstActor="D0N48" name="p46" srcActor="D0N31"/>
            <port dstActor="D0N35" name="p47" srcActor="D0N31"/>
            <port dstActor="D0N24" name="p48" srcActor="D0N1"/>
            <port dstActor="D0N37" name="p49" srcActor="D0N1"/>
            <port dstActor="D0N41" name="p50" srcActor="D0N1"/>
            <port dstActor="D0N14" name="p51" srcActor="D0N1"/>
            <port dstActor="D0N29" name="p52" srcActor="D0N3"/>
            <port dstActor="D0N47" name="p53" srcActor="D0N3"/>
            <port dstActor="D0N21" name="p54" srcActor="D0N3"/>
            <port dstActor="D0N10" name="p55" srcActor="D0N3"/>
            <port dstActor="D0N20" name="p56" srcActor="D0N3"/>
            <port dstActor="D0N32" name="p57" srcActor="D0N3"/>
            <port dstActor="D0N47" name="p58" srcActor="D0N4"/>
            <port dstActor="D0N31" name="p59" srcActor="D0N4"/>
            <port dstActor="D0N43" name="p60" srcActor="D0N4"/>
            <port dstActor="D0N46" name="p61" srcActor="D0N11"/>
            <port dstActor="D0N34" name="p62" srcActor="D0N11"/>
            <port dstActor="D0N16" name="p63" srcActor="D0N11"/>
            <port dstActor="D0N44" name="p64" srcActor="D0N11"/>
            <port dstActor="D0N38" name="p65" srcActor="D0N11"/>
            <port dstActor="D0N31" name="p66" srcActor="D0N11"/>
            <port dstActor="D0N42" name="p67" srcActor="D0N11"/>
            <port dstActor="D0N46" name="p68" srcActor="D0N24"/>
            <port dstActor="D0N40" name="p69" srcActor="D0N36"/>
            <port dstActor="D0N47" name="p70" srcActor="D0N21"/>
            <port dstActor="D0N25" name="p71" srcActor="D0N21"/>
            <port dstActor="D0N31" name="p72" srcActor="D0N21"/>
            <port dstActor="D0N41" name="p73" srcActor="D0N26"/>
            <port dstActor="D0N40" name="p74" srcActor="D0N26"/>
            <port dstActor="D0N49" name="p75" srcActor="D0N23"/>
            <port dstActor="D0N24" name="p76" srcActor="D0N23"/>
            <port dstActor="D0N33" name="p77" srcActor="D0N29"/>
            <port dstActor="D0N45" name="p78" srcActor="D0N29"/>
            <port dstActor="D0N34" name="p79" srcActor="D0N29"/>
            <port dstActor="D0N44" name="p80" srcActor="D0N29"/>
            <port dstActor="D0N39" name="p81" srcActor="D0N9"/>
            <port dstActor="D0N42" name="p82" srcActor="D0N9"/>
            <port dstActor="D0N22" name="p83" srcActor="D0N9"/>
            <port dstActor="D0N27" name="p84" srcActor="D0N9"/>
            <port dstActor="D0N29" name="p85" srcActor="D0N9"/>
            <port dstActor="D0N18" name="p86" srcActor="D0N9"/>
            <port dstActor="D0N35" name="p87" srcActor="D0N30"/>
            <port dstActor="D0N42" name="p88" srcActor="D0N30"/>
            <port dstActor="D0N36" name="p89" srcActor="D0N30"/>
            <port dstActor="D0N48" name="p90" srcActor="D0N30"/>
            <port dstActor="D0N40" name="p91" srcActor="D0N30"/>
            <port dstActor="D0N47" name="p92" srcActor="D0N41"/>
            <port dstActor="D0N43" name="p93" srcActor="D0N19"/>
            <port dstActor="D0N36" name="p94" srcActor="D0N19"/>
            <port dstActor="D0N48" name="p95" srcActor="D0N19"/>
            <port dstActor="D0N43" name="p96" srcActor="D0N35"/>
            <port dstActor="D0N39" name="p97" srcActor="D0N34"/>
            <port dstActor="D0N36" name="p98" srcActor="D0N7"/>
            <port dstActor="D0N8" name="p99" srcActor="D0N7"/>
            <port dstActor="D0N31" name="p100" srcActor="D0N7"/>
            <port dstActor="D0N35" name="p101" srcActor="D0N7"/>
            <port dstActor="D0N41" name="p102" srcActor="D0N7"/>
            <port dstActor="D0N12" name="p103" srcActor="D0N7"/>
            <port dstActor="D0N44" name="p104" srcActor="D0N39"/>
            <port dstActor="D0N37" name="p105" srcActor="D0N28"/>
            <port dstActor="D0N18" name="p106" srcActor="D0N2"/>
            <port dstActor="D0N16" name="p107" srcActor="D0N2"/>
            <port dstActor="D0N30" name="p108" srcActor="D0N2"/>
            <port dstActor="D0N13" name="p109" srcActor="D0N2"/>
            <port dstActor="D0N11" name="p110" srcActor="D0N2"/>
            <port dstActor="D0N46" name="p111" srcActor="D0N37"/>
            <port dstActor="D0N9" name="p112" srcActor="D0N5"/>
            <port dstActor="D0N26" name="p113" srcActor="D0N5"/>
            <port dstActor="D0N18" name="p114" srcActor="D0N5"/>
            <port dstActor="D0N13" name="p115" srcActor="D0N5"/>
            <port dstActor="D0N31" name="p116" srcActor="D0N5"/>
            <port dstActor="D0N48" name="p117" srcActor="D0N5"/>
            <port dstActor="D0N46" name="p118" srcActor="D0N45"/>
            <port dstActor="D0N19" name="p119" srcActor="D0N18"/>
            <port dstActor="D0N35" name="p120" srcActor="D0N18"/>
            <port dstActor="D0N41" name="p121" srcActor="D0N18"/>
            <port dstActor="D0N29" name="p122" srcActor="D0N18"/>
            <port dstActor="D0N23" name="p123" srcActor="D0N17"/>
            <port dstActor="D0N26" name="p124" srcActor="D0N17"/>
            <port dstActor="D0N42" name="p125" srcActor="D0N17"/>
            <port dstActor="D0N49" name="p126" srcActor="D0N17"/>
            <port dstActor="D0N38" name="p127" srcActor="D0N17"/>
            <port dstActor="D0N18" name="p128" srcActor="D0N17"/>
            <port dstActor="D0N20" name="p129" srcActor="D0N17"/>
            <port dstActor="D0N19" name="p130" srcActor="D0N14"/>
            <port dstActor="D0N26" name="p131" srcActor="D0N14"/>
            <port dstActor="D0N43" name="p132" srcActor="D0N14"/>
            <port dstActor="D0N36" name="p133" srcActor="D0N14"/>
            <port dstActor="D0N41" name="p134" srcActor="D0N14"/>
            <port dstActor="D0N44" name="p135" srcActor="D0N22"/>
            <port dstActor="D0N18" name="p136" srcActor="D0N12"/>
            <port dstActor="D0N19" name="p137" srcActor="D0N12"/>
            <port dstActor="D0N41" name="p138" srcActor="D0N12"/>
        </ports>
    </mcdag>
    <cores number="3"/>
    <levels number="2"/>
</mcsystem>
