<?xml version="1.0" encoding="UTF-8" standalone="no"?>
<mcsystem>
    <mcdag deadline="2000" name="genned-0-ed-10.0-0">
        <actor name="D0N11">
            <wcet number="0">10</wcet>
            <wcet number="1">10</wcet>
            <maxpow number="0.4756157489364319"/>
            <maxpow number="0.4756157489364319"/>
            <fprob>0.0</fprob>
        </actor>
        <actor name="D0N27">
            <wcet number="0">60</wcet>
            <wcet number="1">260</wcet>
            <maxpow number="0.45282480978633877"/>
            <maxpow number="0.45282480978633877"/>
            <fprob>0.0</fprob>
        </actor>
        <actor name="D0N7">
            <wcet number="0">40</wcet>
            <wcet number="1">60</wcet>
            <maxpow number="0.44902691053247196"/>
            <maxpow number="0.44902691053247196"/>
            <fprob>0.0</fprob>
        </actor>
        <actor name="D0N2">
            <wcet number="0">20</wcet>
            <wcet number="1">20</wcet>
            <maxpow number="0.6035121643957901"/>
            <maxpow number="0.6035121643957901"/>
            <fprob>0.0</fprob>
        </actor>
        <actor name="D0N32">
            <wcet number="0">10</wcet>
            <wcet number="1">90</wcet>
            <maxpow number="0.385296370619331"/>
            <maxpow number="0.385296370619331"/>
            <fprob>0.0</fprob>
        </actor>
        <actor name="D0N12">
            <wcet number="0">10</wcet>
            <wcet number="1">50</wcet>
            <maxpow number="0.6272300160996642"/>
            <maxpow number="0.6272300160996642"/>
            <fprob>0.0</fprob>
        </actor>
        <actor name="D0N43">
            <wcet number="0">20</wcet>
            <wcet number="1">20</wcet>
            <maxpow number="0.3959178697190422"/>
            <maxpow number="0.3959178697190422"/>
            <fprob>0.0</fprob>
        </actor>
        <actor name="D0N0">
            <wcet number="0">20</wcet>
            <wcet number="1">30</wcet>
            <maxpow number="0.20753794796725378"/>
            <maxpow number="0.20753794796725378"/>
            <fprob>0.0</fprob>
        </actor>
        <actor name="D0N13">
            <wcet number="0">220</wcet>
            <wcet number="1">270</wcet>
            <maxpow number="0.5289338724352699"/>
            <maxpow number="0.5289338724352699"/>
            <fprob>0.0</fprob>
        </actor>
        <actor name="D0N14">
            <wcet number="0">70</wcet>
            <wcet number="1">340</wcet>
            <maxpow number="0.30546384966271906"/>
            <maxpow number="0.30546384966271906"/>
            <fprob>0.0</fprob>
        </actor>
        <actor name="D0N39">
            <wcet number="0">110</wcet>
            <wcet number="1">150</wcet>
            <maxpow number="0.4332512127858509"/>
            <maxpow number="0.4332512127858509"/>
            <fprob>0.0</fprob>
        </actor>
        <actor name="D0N10">
            <wcet number="0">30</wcet>
            <wcet number="1">300</wcet>
            <maxpow number="0.6350040238668492"/>
            <maxpow number="0.6350040238668492"/>
            <fprob>0.0</fprob>
        </actor>
        <actor name="D0N29">
            <wcet number="0">170</wcet>
            <wcet number="1">350</wcet>
            <maxpow number="0.30765375349440405"/>
            <maxpow number="0.30765375349440405"/>
            <fprob>0.0</fprob>
        </actor>
        <actor name="D0N36">
            <wcet number="0">70</wcet>
            <wcet number="1">70</wcet>
            <maxpow number="0.3618808945175771"/>
            <maxpow number="0.3618808945175771"/>
            <fprob>0.0</fprob>
        </actor>
        <actor name="D0N47">
            <wcet number="0">50</wcet>
            <wcet number="1">60</wcet>
            <maxpow number="0.6200512240921923"/>
            <maxpow number="0.6200512240921923"/>
            <fprob>0.0</fprob>
        </actor>
        <actor name="D0N45">
            <wcet number="0">30</wcet>
            <wcet number="1">40</wcet>
            <maxpow number="0.7150836844749897"/>
            <maxpow number="0.7150836844749897"/>
            <fprob>0.0</fprob>
        </actor>
        <actor name="D0N4">
            <wcet number="0">80</wcet>
            <wcet number="1">90</wcet>
            <maxpow number="0.4677734831885906"/>
            <maxpow number="0.4677734831885906"/>
            <fprob>0.0</fprob>
        </actor>
        <actor name="D0N44">
            <wcet number="0">70</wcet>
            <wcet number="1">80</wcet>
            <maxpow number="0.5548296889730705"/>
            <maxpow number="0.5548296889730705"/>
            <fprob>0.0</fprob>
        </actor>
        <actor name="D0N33">
            <wcet number="0">10</wcet>
            <wcet number="1">10</wcet>
            <maxpow number="0.32128321517490893"/>
            <maxpow number="0.32128321517490893"/>
            <fprob>0.0</fprob>
        </actor>
        <actor name="D0N8">
            <wcet number="0">40</wcet>
            <wcet number="1">40</wcet>
            <maxpow number="0.5263233971505665"/>
            <maxpow number="0.5263233971505665"/>
            <fprob>0.0</fprob>
        </actor>
        <actor name="D0N37">
            <wcet number="0">150</wcet>
            <wcet number="1">150</wcet>
            <maxpow number="0.4889807690417663"/>
            <maxpow number="0.4889807690417663"/>
            <fprob>0.0</fprob>
        </actor>
        <actor name="D0N28">
            <wcet number="0">60</wcet>
            <wcet number="1">210</wcet>
            <maxpow number="0.6316763385027957"/>
            <maxpow number="0.6316763385027957"/>
            <fprob>0.0</fprob>
        </actor>
        <actor name="D0N22">
            <wcet number="0">20</wcet>
            <wcet number="1">20</wcet>
            <maxpow number="0.6656723183122849"/>
            <maxpow number="0.6656723183122849"/>
            <fprob>0.0</fprob>
        </actor>
        <actor name="D0N30">
            <wcet number="0">50</wcet>
            <wcet number="1">160</wcet>
            <maxpow number="0.6389910926089062"/>
            <maxpow number="0.6389910926089062"/>
            <fprob>0.0</fprob>
        </actor>
        <actor name="D0N46">
            <wcet number="0">20</wcet>
            <wcet number="1">20</wcet>
            <maxpow number="0.6128608657387266"/>
            <maxpow number="0.6128608657387266"/>
            <fprob>0.0</fprob>
        </actor>
        <actor name="D0N6">
            <wcet number="0">20</wcet>
            <wcet number="1">70</wcet>
            <maxpow number="0.6555438574609318"/>
            <maxpow number="0.6555438574609318"/>
            <fprob>0.0</fprob>
        </actor>
        <actor name="D0N34">
            <wcet number="0">20</wcet>
            <wcet number="1">90</wcet>
            <maxpow number="0.9410399574443166"/>
            <maxpow number="0.9410399574443166"/>
            <fprob>0.0</fprob>
        </actor>
        <actor name="D0N21">
            <wcet number="0">10</wcet>
            <wcet number="1">10</wcet>
            <maxpow number="0.5115868203666866"/>
            <maxpow number="0.5115868203666866"/>
            <fprob>0.0</fprob>
        </actor>
        <actor name="D0N16">
            <wcet number="0">40</wcet>
            <wcet number="1">200</wcet>
            <maxpow number="0.37674930012154345"/>
            <maxpow number="0.37674930012154345"/>
            <fprob>0.0</fprob>
        </actor>
        <actor name="D0N25">
            <wcet number="0">10</wcet>
            <wcet number="1">20</wcet>
            <maxpow number="0.8888110007993503"/>
            <maxpow number="0.8888110007993503"/>
            <fprob>0.0</fprob>
        </actor>
        <actor name="D0N20">
            <wcet number="0">160</wcet>
            <wcet number="1">170</wcet>
            <maxpow number="0.6306961978299648"/>
            <maxpow number="0.6306961978299648"/>
            <fprob>0.0</fprob>
        </actor>
        <actor name="D0N18">
            <wcet number="0">50</wcet>
            <wcet number="1">90</wcet>
            <maxpow number="0.5204920356040349"/>
            <maxpow number="0.5204920356040349"/>
            <fprob>0.0</fprob>
        </actor>
        <actor name="D0N24">
            <wcet number="0">50</wcet>
            <wcet number="1">60</wcet>
            <maxpow number="0.5423966172762321"/>
            <maxpow number="0.5423966172762321"/>
            <fprob>0.0</fprob>
        </actor>
        <actor name="D0N9">
            <wcet number="0">60</wcet>
            <wcet number="1">80</wcet>
            <maxpow number="0.5275462344667529"/>
            <maxpow number="0.5275462344667529"/>
            <fprob>0.0</fprob>
        </actor>
        <actor name="D0N3">
            <wcet number="0">20</wcet>
            <wcet number="1">20</wcet>
            <maxpow number="0.7463665907635606"/>
            <maxpow number="0.7463665907635606"/>
            <fprob>0.0</fprob>
        </actor>
        <actor name="D0N31">
            <wcet number="0">90</wcet>
            <wcet number="1">90</wcet>
            <maxpow number="0.4112518559476245"/>
            <maxpow number="0.4112518559476245"/>
            <fprob>0.0</fprob>
        </actor>
        <actor name="D0N40">
            <wcet number="0">20</wcet>
            <wcet number="1">110</wcet>
            <maxpow number="0.2967948325324896"/>
            <maxpow number="0.2967948325324896"/>
            <fprob>0.0</fprob>
        </actor>
        <actor name="D0N1">
            <wcet number="0">20</wcet>
            <wcet number="1">40</wcet>
            <maxpow number="0.511922175584562"/>
            <maxpow number="0.511922175584562"/>
            <fprob>0.0</fprob>
        </actor>
        <actor name="D0N23">
            <wcet number="0">10</wcet>
            <wcet number="1">40</wcet>
            <maxpow number="0.7110649529776529"/>
            <maxpow number="0.7110649529776529"/>
            <fprob>0.0</fprob>
        </actor>
        <actor name="D0N48">
            <wcet number="0">20</wcet>
            <wcet number="1">60</wcet>
            <maxpow number="0.2994491320796314"/>
            <maxpow number="0.2994491320796314"/>
            <fprob>0.0</fprob>
        </actor>
        <actor name="D0N41">
            <wcet number="0">20</wcet>
            <wcet number="1">20</wcet>
            <maxpow number="0.34678316282415983"/>
            <maxpow number="0.34678316282415983"/>
            <fprob>0.0</fprob>
        </actor>
        <actor name="D0N38">
            <wcet number="0">60</wcet>
            <wcet number="1">150</wcet>
            <maxpow number="0.6130531017365197"/>
            <maxpow number="0.6130531017365197"/>
            <fprob>0.0</fprob>
        </actor>
        <actor name="D0N42">
            <wcet number="0">60</wcet>
            <wcet number="1">60</wcet>
            <maxpow number="0.6901204369294122"/>
            <maxpow number="0.6901204369294122"/>
            <fprob>0.0</fprob>
        </actor>
        <actor name="D0N26">
            <wcet number="0">20</wcet>
            <wcet number="1">30</wcet>
            <maxpow number="0.7617160340908815"/>
            <maxpow number="0.7617160340908815"/>
            <fprob>0.0</fprob>
        </actor>
        <actor name="D0N5">
            <wcet number="0">80</wcet>
            <wcet number="1">80</wcet>
            <maxpow number="0.5307841809959091"/>
            <maxpow number="0.5307841809959091"/>
            <fprob>0.0</fprob>
        </actor>
        <actor name="D0N19">
            <wcet number="0">30</wcet>
            <wcet number="1">110</wcet>
            <maxpow number="0.5077017351405638"/>
            <maxpow number="0.5077017351405638"/>
            <fprob>0.0</fprob>
        </actor>
        <actor name="D0N35">
            <wcet number="0">190</wcet>
            <wcet number="1">280</wcet>
            <maxpow number="0.6293212163199136"/>
            <maxpow number="0.6293212163199136"/>
            <fprob>0.0</fprob>
        </actor>
        <actor name="D0N15">
            <wcet number="0">60</wcet>
            <wcet number="1">60</wcet>
            <maxpow number="0.5138539436575524"/>
            <maxpow number="0.5138539436575524"/>
            <fprob>0.0</fprob>
        </actor>
        <actor name="D0N17">
            <wcet number="0">100</wcet>
            <wcet number="1">160</wcet>
            <maxpow number="0.6702144471856593"/>
            <maxpow number="0.6702144471856593"/>
            <fprob>0.0</fprob>
        </actor>
        <ports>
            <port dstActor="D0N30" name="p0" srcActor="D0N11"/>
            <port dstActor="D0N36" name="p1" srcActor="D0N11"/>
            <port dstActor="D0N21" name="p2" srcActor="D0N11"/>
            <port dstActor="D0N45" name="p3" srcActor="D0N27"/>
            <port dstActor="D0N15" name="p4" srcActor="D0N7"/>
            <port dstActor="D0N39" name="p5" srcActor="D0N7"/>
            <port dstActor="D0N46" name="p6" srcActor="D0N7"/>
            <port dstActor="D0N36" name="p7" srcActor="D0N7"/>
            <port dstActor="D0N15" name="p8" srcActor="D0N2"/>
            <port dstActor="D0N17" name="p9" srcActor="D0N2"/>
            <port dstActor="D0N16" name="p10" srcActor="D0N2"/>
            <port dstActor="D0N6" name="p11" srcActor="D0N2"/>
            <port dstActor="D0N45" name="p12" srcActor="D0N2"/>
            <port dstActor="D0N46" name="p13" srcActor="D0N32"/>
            <port dstActor="D0N42" name="p14" srcActor="D0N32"/>
            <port dstActor="D0N16" name="p15" srcActor="D0N12"/>
            <port dstActor="D0N32" name="p16" srcActor="D0N12"/>
            <port dstActor="D0N42" name="p17" srcActor="D0N12"/>
            <port dstActor="D0N47" name="p18" srcActor="D0N43"/>
            <port dstActor="D0N33" name="p19" srcActor="D0N0"/>
            <port dstActor="D0N15" name="p20" srcActor="D0N13"/>
            <port dstActor="D0N14" name="p21" srcActor="D0N13"/>
            <port dstActor="D0N38" name="p22" srcActor="D0N14"/>
            <port dstActor="D0N22" name="p23" srcActor="D0N14"/>
            <port dstActor="D0N42" name="p24" srcActor="D0N39"/>
            <port dstActor="D0N44" name="p25" srcActor="D0N39"/>
            <port dstActor="D0N46" name="p26" srcActor="D0N39"/>
            <port dstActor="D0N36" name="p27" srcActor="D0N10"/>
            <port dstActor="D0N11" name="p28" srcActor="D0N10"/>
            <port dstActor="D0N48" name="p29" srcActor="D0N29"/>
            <port dstActor="D0N37" name="p30" srcActor="D0N29"/>
            <port dstActor="D0N42" name="p31" srcActor="D0N29"/>
            <port dstActor="D0N13" name="p32" srcActor="D0N4"/>
            <port dstActor="D0N5" name="p33" srcActor="D0N4"/>
            <port dstActor="D0N38" name="p34" srcActor="D0N4"/>
            <port dstActor="D0N18" name="p35" srcActor="D0N4"/>
            <port dstActor="D0N22" name="p36" srcActor="D0N4"/>
            <port dstActor="D0N31" name="p37" srcActor="D0N4"/>
            <port dstActor="D0N11" name="p38" srcActor="D0N4"/>
            <port dstActor="D0N43" name="p39" srcActor="D0N4"/>
            <port dstActor="D0N46" name="p40" srcActor="D0N33"/>
            <port dstActor="D0N42" name="p41" srcActor="D0N33"/>
            <port dstActor="D0N45" name="p42" srcActor="D0N8"/>
            <port dstActor="D0N48" name="p43" srcActor="D0N28"/>
            <port dstActor="D0N33" name="p44" srcActor="D0N28"/>
            <port dstActor="D0N42" name="p45" srcActor="D0N28"/>
            <port dstActor="D0N31" name="p46" srcActor="D0N28"/>
            <port dstActor="D0N39" name="p47" srcActor="D0N28"/>
            <port dstActor="D0N31" name="p48" srcActor="D0N22"/>
            <port dstActor="D0N26" name="p49" srcActor="D0N22"/>
            <port dstActor="D0N32" name="p50" srcActor="D0N22"/>
            <port dstActor="D0N34" name="p51" srcActor="D0N30"/>
            <port dstActor="D0N48" name="p52" srcActor="D0N46"/>
            <port dstActor="D0N10" name="p53" srcActor="D0N6"/>
            <port dstActor="D0N11" name="p54" srcActor="D0N6"/>
            <port dstActor="D0N37" name="p55" srcActor="D0N34"/>
            <port dstActor="D0N40" name="p56" srcActor="D0N34"/>
            <port dstActor="D0N32" name="p57" srcActor="D0N21"/>
            <port dstActor="D0N29" name="p58" srcActor="D0N21"/>
            <port dstActor="D0N35" name="p59" srcActor="D0N21"/>
            <port dstActor="D0N24" name="p60" srcActor="D0N16"/>
            <port dstActor="D0N20" name="p61" srcActor="D0N16"/>
            <port dstActor="D0N38" name="p62" srcActor="D0N25"/>
            <port dstActor="D0N26" name="p63" srcActor="D0N25"/>
            <port dstActor="D0N42" name="p64" srcActor="D0N25"/>
            <port dstActor="D0N29" name="p65" srcActor="D0N25"/>
            <port dstActor="D0N36" name="p66" srcActor="D0N20"/>
            <port dstActor="D0N30" name="p67" srcActor="D0N18"/>
            <port dstActor="D0N21" name="p68" srcActor="D0N18"/>
            <port dstActor="D0N41" name="p69" srcActor="D0N18"/>
            <port dstActor="D0N31" name="p70" srcActor="D0N24"/>
            <port dstActor="D0N26" name="p71" srcActor="D0N24"/>
            <port dstActor="D0N43" name="p72" srcActor="D0N24"/>
            <port dstActor="D0N25" name="p73" srcActor="D0N9"/>
            <port dstActor="D0N44" name="p74" srcActor="D0N9"/>
            <port dstActor="D0N10" name="p75" srcActor="D0N9"/>
            <port dstActor="D0N29" name="p76" srcActor="D0N9"/>
            <port dstActor="D0N41" name="p77" srcActor="D0N3"/>
            <port dstActor="D0N25" name="p78" srcActor="D0N3"/>
            <port dstActor="D0N31" name="p79" srcActor="D0N3"/>
            <port dstActor="D0N34" name="p80" srcActor="D0N3"/>
            <port dstActor="D0N21" name="p81" srcActor="D0N3"/>
            <port dstActor="D0N27" name="p82" srcActor="D0N3"/>
            <port dstActor="D0N7" name="p83" srcActor="D0N3"/>
            <port dstActor="D0N26" name="p84" srcActor="D0N3"/>
            <port dstActor="D0N33" name="p85" srcActor="D0N3"/>
            <port dstActor="D0N42" name="p86" srcActor="D0N31"/>
            <port dstActor="D0N43" name="p87" srcActor="D0N31"/>
            <port dstActor="D0N48" name="p88" srcActor="D0N31"/>
            <port dstActor="D0N40" name="p89" srcActor="D0N1"/>
            <port dstActor="D0N39" name="p90" srcActor="D0N1"/>
            <port dstActor="D0N27" name="p91" srcActor="D0N23"/>
            <port dstActor="D0N33" name="p92" srcActor="D0N23"/>
            <port dstActor="D0N31" name="p93" srcActor="D0N23"/>
            <port dstActor="D0N37" name="p94" srcActor="D0N23"/>
            <port dstActor="D0N35" name="p95" srcActor="D0N23"/>
            <port dstActor="D0N47" name="p96" srcActor="D0N41"/>
            <port dstActor="D0N43" name="p97" srcActor="D0N41"/>
            <port dstActor="D0N48" name="p98" srcActor="D0N41"/>
            <port dstActor="D0N43" name="p99" srcActor="D0N38"/>
            <port dstActor="D0N44" name="p100" srcActor="D0N42"/>
            <port dstActor="D0N37" name="p101" srcActor="D0N26"/>
            <port dstActor="D0N36" name="p102" srcActor="D0N26"/>
            <port dstActor="D0N44" name="p103" srcActor="D0N5"/>
            <port dstActor="D0N38" name="p104" srcActor="D0N5"/>
            <port dstActor="D0N22" name="p105" srcActor="D0N5"/>
            <port dstActor="D0N45" name="p106" srcActor="D0N5"/>
            <port dstActor="D0N26" name="p107" srcActor="D0N5"/>
            <port dstActor="D0N23" name="p108" srcActor="D0N19"/>
            <port dstActor="D0N20" name="p109" srcActor="D0N19"/>
            <port dstActor="D0N40" name="p110" srcActor="D0N35"/>
            <port dstActor="D0N24" name="p111" srcActor="D0N15"/>
            <port dstActor="D0N17" name="p112" srcActor="D0N15"/>
            <port dstActor="D0N20" name="p113" srcActor="D0N15"/>
            <port dstActor="D0N22" name="p114" srcActor="D0N15"/>
            <port dstActor="D0N22" name="p115" srcActor="D0N17"/>
            <port dstActor="D0N37" name="p116" srcActor="D0N17"/>
            <port dstActor="D0N30" name="p117" srcActor="D0N17"/>
            <port dstActor="D0N42" name="p118" srcActor="D0N17"/>
            <port dstActor="D0N19" name="p119" srcActor="D0N17"/>
        </ports>
    </mcdag>
    <cores number="3"/>
    <levels number="2"/>
</mcsystem>
