<?xml version="1.0" encoding="UTF-8" standalone="no"?>
<mcsystem>
    <mcdag deadline="4000" name="genned-0-ed-10.0-0">
        <actor name="D0N18">
            <wcet number="0">290</wcet>
            <wcet number="1">630</wcet>
            <maxpow number="0.5768420816829949"/>
            <maxpow number="0.5768420816829949"/>
            <fprob>0.0</fprob>
        </actor>
        <actor name="D0N0">
            <wcet number="0">190</wcet>
            <wcet number="1">370</wcet>
            <maxpow number="0.6204632800180958"/>
            <maxpow number="0.6204632800180958"/>
            <fprob>0.0</fprob>
        </actor>
        <actor name="D0N24">
            <wcet number="0">20</wcet>
            <wcet number="1">100</wcet>
            <maxpow number="0.5219795294534015"/>
            <maxpow number="0.5219795294534015"/>
            <fprob>0.0</fprob>
        </actor>
        <actor name="D0N34">
            <wcet number="0">20</wcet>
            <wcet number="1">30</wcet>
            <maxpow number="0.3557719191309441"/>
            <maxpow number="0.3557719191309441"/>
            <fprob>0.0</fprob>
        </actor>
        <actor name="D0N12">
            <wcet number="0">130</wcet>
            <wcet number="1">140</wcet>
            <maxpow number="0.6851157140680599"/>
            <maxpow number="0.6851157140680599"/>
            <fprob>0.0</fprob>
        </actor>
        <actor name="D0N42">
            <wcet number="0">40</wcet>
            <wcet number="1">130</wcet>
            <maxpow number="0.38764470448816085"/>
            <maxpow number="0.38764470448816085"/>
            <fprob>0.0</fprob>
        </actor>
        <actor name="D0N27">
            <wcet number="0">120</wcet>
            <wcet number="1">260</wcet>
            <maxpow number="0.3747160160150952"/>
            <maxpow number="0.3747160160150952"/>
            <fprob>0.0</fprob>
        </actor>
        <actor name="D0N32">
            <wcet number="0">260</wcet>
            <wcet number="1">320</wcet>
            <maxpow number="0.5974624379724338"/>
            <maxpow number="0.5974624379724338"/>
            <fprob>0.0</fprob>
        </actor>
        <actor name="D0N30">
            <wcet number="0">140</wcet>
            <wcet number="1">250</wcet>
            <maxpow number="0.7088038752146386"/>
            <maxpow number="0.7088038752146386"/>
            <fprob>0.0</fprob>
        </actor>
        <actor name="D0N21">
            <wcet number="0">70</wcet>
            <wcet number="1">410</wcet>
            <maxpow number="0.7230195276865887"/>
            <maxpow number="0.7230195276865887"/>
            <fprob>0.0</fprob>
        </actor>
        <actor name="D0N41">
            <wcet number="0">10</wcet>
            <wcet number="1">10</wcet>
            <maxpow number="0.43500325368385173"/>
            <maxpow number="0.43500325368385173"/>
            <fprob>0.0</fprob>
        </actor>
        <actor name="D0N4">
            <wcet number="0">100</wcet>
            <wcet number="1">120</wcet>
            <maxpow number="0.5676682492430849"/>
            <maxpow number="0.5676682492430849"/>
            <fprob>0.0</fprob>
        </actor>
        <actor name="D0N26">
            <wcet number="0">580</wcet>
            <wcet number="1">690</wcet>
            <maxpow number="0.6625363740062425"/>
            <maxpow number="0.6625363740062425"/>
            <fprob>0.0</fprob>
        </actor>
        <actor name="D0N40">
            <wcet number="0">120</wcet>
            <wcet number="1">590</wcet>
            <maxpow number="0.5995049974202155"/>
            <maxpow number="0.5995049974202155"/>
            <fprob>0.0</fprob>
        </actor>
        <actor name="D0N28">
            <wcet number="0">10</wcet>
            <wcet number="1">10</wcet>
            <maxpow number="0.51553585404459"/>
            <maxpow number="0.51553585404459"/>
            <fprob>0.0</fprob>
        </actor>
        <actor name="D0N43">
            <wcet number="0">180</wcet>
            <wcet number="1">200</wcet>
            <maxpow number="0.5758921095753681"/>
            <maxpow number="0.5758921095753681"/>
            <fprob>0.0</fprob>
        </actor>
        <actor name="D0N29">
            <wcet number="0">20</wcet>
            <wcet number="1">110</wcet>
            <maxpow number="0.7262075839813795"/>
            <maxpow number="0.7262075839813795"/>
            <fprob>0.0</fprob>
        </actor>
        <actor name="D0N31">
            <wcet number="0">100</wcet>
            <wcet number="1">230</wcet>
            <maxpow number="0.3796079445167904"/>
            <maxpow number="0.3796079445167904"/>
            <fprob>0.0</fprob>
        </actor>
        <actor name="D0N33">
            <wcet number="0">80</wcet>
            <wcet number="1">400</wcet>
            <maxpow number="0.3502232613180388"/>
            <maxpow number="0.3502232613180388"/>
            <fprob>0.0</fprob>
        </actor>
        <actor name="D0N39">
            <wcet number="0">190</wcet>
            <wcet number="1">350</wcet>
            <maxpow number="0.8248666474748643"/>
            <maxpow number="0.8248666474748643"/>
            <fprob>0.0</fprob>
        </actor>
        <actor name="D0N38">
            <wcet number="0">20</wcet>
            <wcet number="1">20</wcet>
            <maxpow number="0.3692327036381747"/>
            <maxpow number="0.3692327036381747"/>
            <fprob>0.0</fprob>
        </actor>
        <actor name="D0N20">
            <wcet number="0">170</wcet>
            <wcet number="1">220</wcet>
            <maxpow number="0.4328610175689899"/>
            <maxpow number="0.4328610175689899"/>
            <fprob>0.0</fprob>
        </actor>
        <actor name="D0N11">
            <wcet number="0">270</wcet>
            <wcet number="1">340</wcet>
            <maxpow number="0.395384754883427"/>
            <maxpow number="0.395384754883427"/>
            <fprob>0.0</fprob>
        </actor>
        <actor name="D0N3">
            <wcet number="0">70</wcet>
            <wcet number="1">100</wcet>
            <maxpow number="0.4219245095915498"/>
            <maxpow number="0.4219245095915498"/>
            <fprob>0.0</fprob>
        </actor>
        <actor name="D0N1">
            <wcet number="0">10</wcet>
            <wcet number="1">40</wcet>
            <maxpow number="0.8521602856067365"/>
            <maxpow number="0.8521602856067365"/>
            <fprob>0.0</fprob>
        </actor>
        <actor name="D0N37">
            <wcet number="0">80</wcet>
            <wcet number="1">190</wcet>
            <maxpow number="0.7577573376559446"/>
            <maxpow number="0.7577573376559446"/>
            <fprob>0.0</fprob>
        </actor>
        <actor name="D0N8">
            <wcet number="0">40</wcet>
            <wcet number="1">130</wcet>
            <maxpow number="1.0378092367813856"/>
            <maxpow number="1.0378092367813856"/>
            <fprob>0.0</fprob>
        </actor>
        <actor name="D0N22">
            <wcet number="0">10</wcet>
            <wcet number="1">10</wcet>
            <maxpow number="0.5048085882067929"/>
            <maxpow number="0.5048085882067929"/>
            <fprob>0.0</fprob>
        </actor>
        <actor name="D0N2">
            <wcet number="0">30</wcet>
            <wcet number="1">90</wcet>
            <maxpow number="0.7567241057524133"/>
            <maxpow number="0.7567241057524133"/>
            <fprob>0.0</fprob>
        </actor>
        <actor name="D0N16">
            <wcet number="0">290</wcet>
            <wcet number="1">350</wcet>
            <maxpow number="0.6847030528486767"/>
            <maxpow number="0.6847030528486767"/>
            <fprob>0.0</fprob>
        </actor>
        <actor name="D0N48">
            <wcet number="0">140</wcet>
            <wcet number="1">340</wcet>
            <maxpow number="0.7799971151897144"/>
            <maxpow number="0.7799971151897144"/>
            <fprob>0.0</fprob>
        </actor>
        <actor name="D0N45">
            <wcet number="0">10</wcet>
            <wcet number="1">180</wcet>
            <maxpow number="0.42016798526701254"/>
            <maxpow number="0.42016798526701254"/>
            <fprob>0.0</fprob>
        </actor>
        <actor name="D0N23">
            <wcet number="0">10</wcet>
            <wcet number="1">330</wcet>
            <maxpow number="0.5190897300702554"/>
            <maxpow number="0.5190897300702554"/>
            <fprob>0.0</fprob>
        </actor>
        <actor name="D0N36">
            <wcet number="0">10</wcet>
            <wcet number="1">20</wcet>
            <maxpow number="0.5828923842068906"/>
            <maxpow number="0.5828923842068906"/>
            <fprob>0.0</fprob>
        </actor>
        <actor name="D0N44">
            <wcet number="0">290</wcet>
            <wcet number="1">310</wcet>
            <maxpow number="0.5968171740367963"/>
            <maxpow number="0.5968171740367963"/>
            <fprob>0.0</fprob>
        </actor>
        <actor name="D0N14">
            <wcet number="0">50</wcet>
            <wcet number="1">150</wcet>
            <maxpow number="0.49074883002646513"/>
            <maxpow number="0.49074883002646513"/>
            <fprob>0.0</fprob>
        </actor>
        <actor name="D0N25">
            <wcet number="0">90</wcet>
            <wcet number="1">160</wcet>
            <maxpow number="0.7191525663171863"/>
            <maxpow number="0.7191525663171863"/>
            <fprob>0.0</fprob>
        </actor>
        <actor name="D0N9">
            <wcet number="0">90</wcet>
            <wcet number="1">130</wcet>
            <maxpow number="0.5331840630811063"/>
            <maxpow number="0.5331840630811063"/>
            <fprob>0.0</fprob>
        </actor>
        <actor name="D0N19">
            <wcet number="0">10</wcet>
            <wcet number="1">20</wcet>
            <maxpow number="0.45808822122385096"/>
            <maxpow number="0.45808822122385096"/>
            <fprob>0.0</fprob>
        </actor>
        <actor name="D0N17">
            <wcet number="0">150</wcet>
            <wcet number="1">200</wcet>
            <maxpow number="0.6328602219478829"/>
            <maxpow number="0.6328602219478829"/>
            <fprob>0.0</fprob>
        </actor>
        <actor name="D0N15">
            <wcet number="0">20</wcet>
            <wcet number="1">40</wcet>
            <maxpow number="0.530528723822162"/>
            <maxpow number="0.530528723822162"/>
            <fprob>0.0</fprob>
        </actor>
        <actor name="D0N49">
            <wcet number="0">290</wcet>
            <wcet number="1">390</wcet>
            <maxpow number="0.3617376544499638"/>
            <maxpow number="0.3617376544499638"/>
            <fprob>0.0</fprob>
        </actor>
        <actor name="D0N13">
            <wcet number="0">60</wcet>
            <wcet number="1">250</wcet>
            <maxpow number="0.3596280182655686"/>
            <maxpow number="0.3596280182655686"/>
            <fprob>0.0</fprob>
        </actor>
        <actor name="D0N47">
            <wcet number="0">100</wcet>
            <wcet number="1">100</wcet>
            <maxpow number="0.5057969035120148"/>
            <maxpow number="0.5057969035120148"/>
            <fprob>0.0</fprob>
        </actor>
        <actor name="D0N10">
            <wcet number="0">10</wcet>
            <wcet number="1">30</wcet>
            <maxpow number="0.4928682542362168"/>
            <maxpow number="0.4928682542362168"/>
            <fprob>0.0</fprob>
        </actor>
        <actor name="D0N5">
            <wcet number="0">220</wcet>
            <wcet number="1">980</wcet>
            <maxpow number="0.49844823322936255"/>
            <maxpow number="0.49844823322936255"/>
            <fprob>0.0</fprob>
        </actor>
        <actor name="D0N46">
            <wcet number="0">120</wcet>
            <wcet number="1">170</wcet>
            <maxpow number="0.47477120047999455"/>
            <maxpow number="0.47477120047999455"/>
            <fprob>0.0</fprob>
        </actor>
        <actor name="D0N35">
            <wcet number="0">190</wcet>
            <wcet number="1">270</wcet>
            <maxpow number="0.47087207038809165"/>
            <maxpow number="0.47087207038809165"/>
            <fprob>0.0</fprob>
        </actor>
        <actor name="D0N6">
            <wcet number="0">460</wcet>
            <wcet number="1">630</wcet>
            <maxpow number="0.5312751252601138"/>
            <maxpow number="0.5312751252601138"/>
            <fprob>0.0</fprob>
        </actor>
        <actor name="D0N7">
            <wcet number="0">60</wcet>
            <wcet number="1">60</wcet>
            <maxpow number="0.44537389839998165"/>
            <maxpow number="0.44537389839998165"/>
            <fprob>0.0</fprob>
        </actor>
        <ports>
            <port dstActor="D0N29" name="p0" srcActor="D0N18"/>
            <port dstActor="D0N48" name="p1" srcActor="D0N18"/>
            <port dstActor="D0N28" name="p2" srcActor="D0N18"/>
            <port dstActor="D0N33" name="p3" srcActor="D0N18"/>
            <port dstActor="D0N26" name="p4" srcActor="D0N0"/>
            <port dstActor="D0N32" name="p5" srcActor="D0N0"/>
            <port dstActor="D0N35" name="p6" srcActor="D0N24"/>
            <port dstActor="D0N45" name="p7" srcActor="D0N24"/>
            <port dstActor="D0N40" name="p8" srcActor="D0N24"/>
            <port dstActor="D0N37" name="p9" srcActor="D0N24"/>
            <port dstActor="D0N47" name="p10" srcActor="D0N24"/>
            <port dstActor="D0N42" name="p11" srcActor="D0N34"/>
            <port dstActor="D0N31" name="p12" srcActor="D0N12"/>
            <port dstActor="D0N46" name="p13" srcActor="D0N12"/>
            <port dstActor="D0N24" name="p14" srcActor="D0N12"/>
            <port dstActor="D0N36" name="p15" srcActor="D0N12"/>
            <port dstActor="D0N20" name="p16" srcActor="D0N12"/>
            <port dstActor="D0N26" name="p17" srcActor="D0N12"/>
            <port dstActor="D0N45" name="p18" srcActor="D0N12"/>
            <port dstActor="D0N30" name="p19" srcActor="D0N12"/>
            <port dstActor="D0N31" name="p20" srcActor="D0N27"/>
            <port dstActor="D0N34" name="p21" srcActor="D0N32"/>
            <port dstActor="D0N43" name="p22" srcActor="D0N32"/>
            <port dstActor="D0N45" name="p23" srcActor="D0N32"/>
            <port dstActor="D0N44" name="p24" srcActor="D0N30"/>
            <port dstActor="D0N33" name="p25" srcActor="D0N30"/>
            <port dstActor="D0N37" name="p26" srcActor="D0N21"/>
            <port dstActor="D0N32" name="p27" srcActor="D0N21"/>
            <port dstActor="D0N41" name="p28" srcActor="D0N21"/>
            <port dstActor="D0N43" name="p29" srcActor="D0N41"/>
            <port dstActor="D0N22" name="p30" srcActor="D0N4"/>
            <port dstActor="D0N9" name="p31" srcActor="D0N4"/>
            <port dstActor="D0N29" name="p32" srcActor="D0N28"/>
            <port dstActor="D0N47" name="p33" srcActor="D0N28"/>
            <port dstActor="D0N42" name="p34" srcActor="D0N28"/>
            <port dstActor="D0N36" name="p35" srcActor="D0N29"/>
            <port dstActor="D0N49" name="p36" srcActor="D0N29"/>
            <port dstActor="D0N48" name="p37" srcActor="D0N31"/>
            <port dstActor="D0N41" name="p38" srcActor="D0N39"/>
            <port dstActor="D0N42" name="p39" srcActor="D0N39"/>
            <port dstActor="D0N49" name="p40" srcActor="D0N20"/>
            <port dstActor="D0N31" name="p41" srcActor="D0N20"/>
            <port dstActor="D0N24" name="p42" srcActor="D0N20"/>
            <port dstActor="D0N23" name="p43" srcActor="D0N20"/>
            <port dstActor="D0N48" name="p44" srcActor="D0N20"/>
            <port dstActor="D0N4" name="p45" srcActor="D0N3"/>
            <port dstActor="D0N48" name="p46" srcActor="D0N1"/>
            <port dstActor="D0N43" name="p47" srcActor="D0N37"/>
            <port dstActor="D0N44" name="p48" srcActor="D0N37"/>
            <port dstActor="D0N48" name="p49" srcActor="D0N37"/>
            <port dstActor="D0N20" name="p50" srcActor="D0N8"/>
            <port dstActor="D0N48" name="p51" srcActor="D0N8"/>
            <port dstActor="D0N47" name="p52" srcActor="D0N22"/>
            <port dstActor="D0N23" name="p53" srcActor="D0N22"/>
            <port dstActor="D0N36" name="p54" srcActor="D0N22"/>
            <port dstActor="D0N14" name="p55" srcActor="D0N2"/>
            <port dstActor="D0N26" name="p56" srcActor="D0N2"/>
            <port dstActor="D0N5" name="p57" srcActor="D0N2"/>
            <port dstActor="D0N27" name="p58" srcActor="D0N16"/>
            <port dstActor="D0N26" name="p59" srcActor="D0N16"/>
            <port dstActor="D0N30" name="p60" srcActor="D0N16"/>
            <port dstActor="D0N25" name="p61" srcActor="D0N16"/>
            <port dstActor="D0N49" name="p62" srcActor="D0N45"/>
            <port dstActor="D0N25" name="p63" srcActor="D0N23"/>
            <port dstActor="D0N43" name="p64" srcActor="D0N23"/>
            <port dstActor="D0N34" name="p65" srcActor="D0N23"/>
            <port dstActor="D0N47" name="p66" srcActor="D0N36"/>
            <port dstActor="D0N44" name="p67" srcActor="D0N36"/>
            <port dstActor="D0N46" name="p68" srcActor="D0N36"/>
            <port dstActor="D0N46" name="p69" srcActor="D0N14"/>
            <port dstActor="D0N49" name="p70" srcActor="D0N14"/>
            <port dstActor="D0N19" name="p71" srcActor="D0N14"/>
            <port dstActor="D0N35" name="p72" srcActor="D0N14"/>
            <port dstActor="D0N37" name="p73" srcActor="D0N25"/>
            <port dstActor="D0N30" name="p74" srcActor="D0N25"/>
            <port dstActor="D0N11" name="p75" srcActor="D0N9"/>
            <port dstActor="D0N36" name="p76" srcActor="D0N9"/>
            <port dstActor="D0N16" name="p77" srcActor="D0N9"/>
            <port dstActor="D0N26" name="p78" srcActor="D0N19"/>
            <port dstActor="D0N25" name="p79" srcActor="D0N19"/>
            <port dstActor="D0N21" name="p80" srcActor="D0N17"/>
            <port dstActor="D0N24" name="p81" srcActor="D0N17"/>
            <port dstActor="D0N19" name="p82" srcActor="D0N17"/>
            <port dstActor="D0N39" name="p83" srcActor="D0N17"/>
            <port dstActor="D0N31" name="p84" srcActor="D0N17"/>
            <port dstActor="D0N21" name="p85" srcActor="D0N15"/>
            <port dstActor="D0N34" name="p86" srcActor="D0N15"/>
            <port dstActor="D0N37" name="p87" srcActor="D0N15"/>
            <port dstActor="D0N30" name="p88" srcActor="D0N15"/>
            <port dstActor="D0N21" name="p89" srcActor="D0N13"/>
            <port dstActor="D0N31" name="p90" srcActor="D0N13"/>
            <port dstActor="D0N38" name="p91" srcActor="D0N13"/>
            <port dstActor="D0N48" name="p92" srcActor="D0N13"/>
            <port dstActor="D0N37" name="p93" srcActor="D0N10"/>
            <port dstActor="D0N20" name="p94" srcActor="D0N10"/>
            <port dstActor="D0N38" name="p95" srcActor="D0N10"/>
            <port dstActor="D0N24" name="p96" srcActor="D0N5"/>
            <port dstActor="D0N25" name="p97" srcActor="D0N5"/>
            <port dstActor="D0N34" name="p98" srcActor="D0N5"/>
            <port dstActor="D0N12" name="p99" srcActor="D0N5"/>
            <port dstActor="D0N40" name="p100" srcActor="D0N5"/>
            <port dstActor="D0N45" name="p101" srcActor="D0N5"/>
            <port dstActor="D0N15" name="p102" srcActor="D0N5"/>
            <port dstActor="D0N32" name="p103" srcActor="D0N5"/>
            <port dstActor="D0N36" name="p104" srcActor="D0N5"/>
            <port dstActor="D0N49" name="p105" srcActor="D0N46"/>
            <port dstActor="D0N40" name="p106" srcActor="D0N35"/>
            <port dstActor="D0N12" name="p107" srcActor="D0N6"/>
            <port dstActor="D0N10" name="p108" srcActor="D0N6"/>
            <port dstActor="D0N28" name="p109" srcActor="D0N6"/>
            <port dstActor="D0N30" name="p110" srcActor="D0N6"/>
            <port dstActor="D0N48" name="p111" srcActor="D0N6"/>
            <port dstActor="D0N23" name="p112" srcActor="D0N6"/>
            <port dstActor="D0N22" name="p113" srcActor="D0N7"/>
            <port dstActor="D0N16" name="p114" srcActor="D0N7"/>
            <port dstActor="D0N30" name="p115" srcActor="D0N7"/>
        </ports>
    </mcdag>
    <cores number="3"/>
    <levels number="2"/>
</mcsystem>
