<?xml version="1.0" encoding="UTF-8" standalone="no"?>
<mcsystem>
    <mcdag deadline="2000" name="genned-0-ed-10.0-0">
        <actor name="D0N17">
            <wcet number="0">60</wcet>
            <wcet number="1">110</wcet>
            <maxpow number="0.6076453685647131"/>
            <maxpow number="0.6076453685647131"/>
            <fprob>0.0</fprob>
        </actor>
        <actor name="D0N0">
            <wcet number="0">20</wcet>
            <wcet number="1">90</wcet>
            <maxpow number="0.6092795863067492"/>
            <maxpow number="0.6092795863067492"/>
            <fprob>0.0</fprob>
        </actor>
        <actor name="D0N46">
            <wcet number="0">10</wcet>
            <wcet number="1">10</wcet>
            <maxpow number="0.23988627111223781"/>
            <maxpow number="0.23988627111223781"/>
            <fprob>0.0</fprob>
        </actor>
        <actor name="D0N35">
            <wcet number="0">10</wcet>
            <wcet number="1">20</wcet>
            <maxpow number="0.8156230894384953"/>
            <maxpow number="0.8156230894384953"/>
            <fprob>0.0</fprob>
        </actor>
        <actor name="D0N28">
            <wcet number="0">50</wcet>
            <wcet number="1">210</wcet>
            <maxpow number="0.49601911698898865"/>
            <maxpow number="0.49601911698898865"/>
            <fprob>0.0</fprob>
        </actor>
        <actor name="D0N3">
            <wcet number="0">10</wcet>
            <wcet number="1">10</wcet>
            <maxpow number="0.35039698025959565"/>
            <maxpow number="0.35039698025959565"/>
            <fprob>0.0</fprob>
        </actor>
        <actor name="D0N11">
            <wcet number="0">40</wcet>
            <wcet number="1">40</wcet>
            <maxpow number="0.605810791960912"/>
            <maxpow number="0.605810791960912"/>
            <fprob>0.0</fprob>
        </actor>
        <actor name="D0N18">
            <wcet number="0">20</wcet>
            <wcet number="1">20</wcet>
            <maxpow number="0.4792836511004564"/>
            <maxpow number="0.4792836511004564"/>
            <fprob>0.0</fprob>
        </actor>
        <actor name="D0N44">
            <wcet number="0">40</wcet>
            <wcet number="1">40</wcet>
            <maxpow number="0.5774996237213899"/>
            <maxpow number="0.5774996237213899"/>
            <fprob>0.0</fprob>
        </actor>
        <actor name="D0N15">
            <wcet number="0">50</wcet>
            <wcet number="1">400</wcet>
            <maxpow number="0.5481446078485058"/>
            <maxpow number="0.5481446078485058"/>
            <fprob>0.0</fprob>
        </actor>
        <actor name="D0N33">
            <wcet number="0">100</wcet>
            <wcet number="1">110</wcet>
            <maxpow number="0.686764548291938"/>
            <maxpow number="0.686764548291938"/>
            <fprob>0.0</fprob>
        </actor>
        <actor name="D0N30">
            <wcet number="0">20</wcet>
            <wcet number="1">30</wcet>
            <maxpow number="0.6629429190218944"/>
            <maxpow number="0.6629429190218944"/>
            <fprob>0.0</fprob>
        </actor>
        <actor name="D0N34">
            <wcet number="0">10</wcet>
            <wcet number="1">50</wcet>
            <maxpow number="0.471756854454061"/>
            <maxpow number="0.471756854454061"/>
            <fprob>0.0</fprob>
        </actor>
        <actor name="D0N6">
            <wcet number="0">50</wcet>
            <wcet number="1">150</wcet>
            <maxpow number="0.6922354291206798"/>
            <maxpow number="0.6922354291206798"/>
            <fprob>0.0</fprob>
        </actor>
        <actor name="D0N29">
            <wcet number="0">20</wcet>
            <wcet number="1">20</wcet>
            <maxpow number="0.49504037680524243"/>
            <maxpow number="0.49504037680524243"/>
            <fprob>0.0</fprob>
        </actor>
        <actor name="D0N45">
            <wcet number="0">60</wcet>
            <wcet number="1">100</wcet>
            <maxpow number="0.5196805532250927"/>
            <maxpow number="0.5196805532250927"/>
            <fprob>0.0</fprob>
        </actor>
        <actor name="D0N7">
            <wcet number="0">20</wcet>
            <wcet number="1">130</wcet>
            <maxpow number="0.5670408917192852"/>
            <maxpow number="0.5670408917192852"/>
            <fprob>0.0</fprob>
        </actor>
        <actor name="D0N38">
            <wcet number="0">70</wcet>
            <wcet number="1">130</wcet>
            <maxpow number="0.677651686251386"/>
            <maxpow number="0.677651686251386"/>
            <fprob>0.0</fprob>
        </actor>
        <actor name="D0N40">
            <wcet number="0">170</wcet>
            <wcet number="1">220</wcet>
            <maxpow number="0.862939596826384"/>
            <maxpow number="0.862939596826384"/>
            <fprob>0.0</fprob>
        </actor>
        <actor name="D0N25">
            <wcet number="0">10</wcet>
            <wcet number="1">30</wcet>
            <maxpow number="0.44030802059319185"/>
            <maxpow number="0.44030802059319185"/>
            <fprob>0.0</fprob>
        </actor>
        <actor name="D0N27">
            <wcet number="0">110</wcet>
            <wcet number="1">160</wcet>
            <maxpow number="0.2618768058310354"/>
            <maxpow number="0.2618768058310354"/>
            <fprob>0.0</fprob>
        </actor>
        <actor name="D0N14">
            <wcet number="0">30</wcet>
            <wcet number="1">30</wcet>
            <maxpow number="0.5825029222273811"/>
            <maxpow number="0.5825029222273811"/>
            <fprob>0.0</fprob>
        </actor>
        <actor name="D0N43">
            <wcet number="0">10</wcet>
            <wcet number="1">30</wcet>
            <maxpow number="0.44098450765067"/>
            <maxpow number="0.44098450765067"/>
            <fprob>0.0</fprob>
        </actor>
        <actor name="D0N26">
            <wcet number="0">30</wcet>
            <wcet number="1">50</wcet>
            <maxpow number="0.3788481711410429"/>
            <maxpow number="0.3788481711410429"/>
            <fprob>0.0</fprob>
        </actor>
        <actor name="D0N10">
            <wcet number="0">10</wcet>
            <wcet number="1">30</wcet>
            <maxpow number="0.7918603933575966"/>
            <maxpow number="0.7918603933575966"/>
            <fprob>0.0</fprob>
        </actor>
        <actor name="D0N1">
            <wcet number="0">30</wcet>
            <wcet number="1">30</wcet>
            <maxpow number="0.5391476349094011"/>
            <maxpow number="0.5391476349094011"/>
            <fprob>0.0</fprob>
        </actor>
        <actor name="D0N22">
            <wcet number="0">20</wcet>
            <wcet number="1">20</wcet>
            <maxpow number="0.42502819791619306"/>
            <maxpow number="0.42502819791619306"/>
            <fprob>0.0</fprob>
        </actor>
        <actor name="D0N41">
            <wcet number="0">50</wcet>
            <wcet number="1">60</wcet>
            <maxpow number="0.6948738365331764"/>
            <maxpow number="0.6948738365331764"/>
            <fprob>0.0</fprob>
        </actor>
        <actor name="D0N13">
            <wcet number="0">30</wcet>
            <wcet number="1">80</wcet>
            <maxpow number="0.5307797405080106"/>
            <maxpow number="0.5307797405080106"/>
            <fprob>0.0</fprob>
        </actor>
        <actor name="D0N23">
            <wcet number="0">10</wcet>
            <wcet number="1">10</wcet>
            <maxpow number="0.6461628506353456"/>
            <maxpow number="0.6461628506353456"/>
            <fprob>0.0</fprob>
        </actor>
        <actor name="D0N2">
            <wcet number="0">10</wcet>
            <wcet number="1">10</wcet>
            <maxpow number="0.7766562738849259"/>
            <maxpow number="0.7766562738849259"/>
            <fprob>0.0</fprob>
        </actor>
        <actor name="D0N42">
            <wcet number="0">40</wcet>
            <wcet number="1">80</wcet>
            <maxpow number="0.4646121616500999"/>
            <maxpow number="0.4646121616500999"/>
            <fprob>0.0</fprob>
        </actor>
        <actor name="D0N4">
            <wcet number="0">30</wcet>
            <wcet number="1">50</wcet>
            <maxpow number="0.5907164564245034"/>
            <maxpow number="0.5907164564245034"/>
            <fprob>0.0</fprob>
        </actor>
        <actor name="D0N9">
            <wcet number="0">10</wcet>
            <wcet number="1">40</wcet>
            <maxpow number="0.5341924958499501"/>
            <maxpow number="0.5341924958499501"/>
            <fprob>0.0</fprob>
        </actor>
        <actor name="D0N36">
            <wcet number="0">160</wcet>
            <wcet number="1">270</wcet>
            <maxpow number="0.3917352283054501"/>
            <maxpow number="0.3917352283054501"/>
            <fprob>0.0</fprob>
        </actor>
        <actor name="D0N8">
            <wcet number="0">40</wcet>
            <wcet number="1">50</wcet>
            <maxpow number="0.32680410041422825"/>
            <maxpow number="0.32680410041422825"/>
            <fprob>0.0</fprob>
        </actor>
        <actor name="D0N20">
            <wcet number="0">290</wcet>
            <wcet number="1">290</wcet>
            <maxpow number="0.5600274443067913"/>
            <maxpow number="0.5600274443067913"/>
            <fprob>0.0</fprob>
        </actor>
        <actor name="D0N37">
            <wcet number="0">10</wcet>
            <wcet number="1">50</wcet>
            <maxpow number="0.8904708071193097"/>
            <maxpow number="0.8904708071193097"/>
            <fprob>0.0</fprob>
        </actor>
        <actor name="D0N21">
            <wcet number="0">40</wcet>
            <wcet number="1">180</wcet>
            <maxpow number="0.6783820888165826"/>
            <maxpow number="0.6783820888165826"/>
            <fprob>0.0</fprob>
        </actor>
        <actor name="D0N5">
            <wcet number="0">30</wcet>
            <wcet number="1">30</wcet>
            <maxpow number="0.3099824486510176"/>
            <maxpow number="0.3099824486510176"/>
            <fprob>0.0</fprob>
        </actor>
        <actor name="D0N24">
            <wcet number="0">80</wcet>
            <wcet number="1">80</wcet>
            <maxpow number="0.38700166101819244"/>
            <maxpow number="0.38700166101819244"/>
            <fprob>0.0</fprob>
        </actor>
        <actor name="D0N16">
            <wcet number="0">10</wcet>
            <wcet number="1">10</wcet>
            <maxpow number="0.6762230323821494"/>
            <maxpow number="0.6762230323821494"/>
            <fprob>0.0</fprob>
        </actor>
        <actor name="D0N19">
            <wcet number="0">80</wcet>
            <wcet number="1">150</wcet>
            <maxpow number="0.6391431176826154"/>
            <maxpow number="0.6391431176826154"/>
            <fprob>0.0</fprob>
        </actor>
        <actor name="D0N31">
            <wcet number="0">250</wcet>
            <wcet number="1">300</wcet>
            <maxpow number="0.326917776392594"/>
            <maxpow number="0.326917776392594"/>
            <fprob>0.0</fprob>
        </actor>
        <actor name="D0N32">
            <wcet number="0">90</wcet>
            <wcet number="1">110</wcet>
            <maxpow number="0.4006263146342911"/>
            <maxpow number="0.4006263146342911"/>
            <fprob>0.0</fprob>
        </actor>
        <actor name="D0N39">
            <wcet number="0">20</wcet>
            <wcet number="1">20</wcet>
            <maxpow number="0.46541060322337013"/>
            <maxpow number="0.46541060322337013"/>
            <fprob>0.0</fprob>
        </actor>
        <actor name="D0N12">
            <wcet number="0">30</wcet>
            <wcet number="1">60</wcet>
            <maxpow number="0.6941766505675909"/>
            <maxpow number="0.6941766505675909"/>
            <fprob>0.0</fprob>
        </actor>
        <ports>
            <port dstActor="D0N29" name="p0" srcActor="D0N0"/>
            <port dstActor="D0N36" name="p1" srcActor="D0N35"/>
            <port dstActor="D0N34" name="p2" srcActor="D0N28"/>
            <port dstActor="D0N41" name="p3" srcActor="D0N28"/>
            <port dstActor="D0N22" name="p4" srcActor="D0N3"/>
            <port dstActor="D0N33" name="p5" srcActor="D0N3"/>
            <port dstActor="D0N41" name="p6" srcActor="D0N3"/>
            <port dstActor="D0N32" name="p7" srcActor="D0N3"/>
            <port dstActor="D0N37" name="p8" srcActor="D0N11"/>
            <port dstActor="D0N28" name="p9" srcActor="D0N18"/>
            <port dstActor="D0N35" name="p10" srcActor="D0N18"/>
            <port dstActor="D0N20" name="p11" srcActor="D0N18"/>
            <port dstActor="D0N34" name="p12" srcActor="D0N18"/>
            <port dstActor="D0N29" name="p13" srcActor="D0N15"/>
            <port dstActor="D0N19" name="p14" srcActor="D0N15"/>
            <port dstActor="D0N36" name="p15" srcActor="D0N15"/>
            <port dstActor="D0N37" name="p16" srcActor="D0N34"/>
            <port dstActor="D0N27" name="p17" srcActor="D0N6"/>
            <port dstActor="D0N15" name="p18" srcActor="D0N6"/>
            <port dstActor="D0N35" name="p19" srcActor="D0N6"/>
            <port dstActor="D0N40" name="p20" srcActor="D0N6"/>
            <port dstActor="D0N39" name="p21" srcActor="D0N29"/>
            <port dstActor="D0N33" name="p22" srcActor="D0N29"/>
            <port dstActor="D0N35" name="p23" srcActor="D0N29"/>
            <port dstActor="D0N31" name="p24" srcActor="D0N7"/>
            <port dstActor="D0N40" name="p25" srcActor="D0N7"/>
            <port dstActor="D0N45" name="p26" srcActor="D0N7"/>
            <port dstActor="D0N44" name="p27" srcActor="D0N38"/>
            <port dstActor="D0N31" name="p28" srcActor="D0N27"/>
            <port dstActor="D0N40" name="p29" srcActor="D0N27"/>
            <port dstActor="D0N34" name="p30" srcActor="D0N27"/>
            <port dstActor="D0N29" name="p31" srcActor="D0N27"/>
            <port dstActor="D0N35" name="p32" srcActor="D0N27"/>
            <port dstActor="D0N15" name="p33" srcActor="D0N14"/>
            <port dstActor="D0N16" name="p34" srcActor="D0N14"/>
            <port dstActor="D0N33" name="p35" srcActor="D0N14"/>
            <port dstActor="D0N18" name="p36" srcActor="D0N14"/>
            <port dstActor="D0N23" name="p37" srcActor="D0N14"/>
            <port dstActor="D0N13" name="p38" srcActor="D0N10"/>
            <port dstActor="D0N38" name="p39" srcActor="D0N10"/>
            <port dstActor="D0N43" name="p40" srcActor="D0N10"/>
            <port dstActor="D0N31" name="p41" srcActor="D0N10"/>
            <port dstActor="D0N2" name="p42" srcActor="D0N1"/>
            <port dstActor="D0N22" name="p43" srcActor="D0N1"/>
            <port dstActor="D0N37" name="p44" srcActor="D0N1"/>
            <port dstActor="D0N46" name="p45" srcActor="D0N1"/>
            <port dstActor="D0N18" name="p46" srcActor="D0N1"/>
            <port dstActor="D0N26" name="p47" srcActor="D0N1"/>
            <port dstActor="D0N29" name="p48" srcActor="D0N22"/>
            <port dstActor="D0N34" name="p49" srcActor="D0N13"/>
            <port dstActor="D0N27" name="p50" srcActor="D0N13"/>
            <port dstActor="D0N15" name="p51" srcActor="D0N13"/>
            <port dstActor="D0N29" name="p52" srcActor="D0N13"/>
            <port dstActor="D0N24" name="p53" srcActor="D0N23"/>
            <port dstActor="D0N40" name="p54" srcActor="D0N23"/>
            <port dstActor="D0N34" name="p55" srcActor="D0N23"/>
            <port dstActor="D0N28" name="p56" srcActor="D0N23"/>
            <port dstActor="D0N44" name="p57" srcActor="D0N42"/>
            <port dstActor="D0N30" name="p58" srcActor="D0N4"/>
            <port dstActor="D0N35" name="p59" srcActor="D0N4"/>
            <port dstActor="D0N41" name="p60" srcActor="D0N4"/>
            <port dstActor="D0N29" name="p61" srcActor="D0N4"/>
            <port dstActor="D0N40" name="p62" srcActor="D0N4"/>
            <port dstActor="D0N34" name="p63" srcActor="D0N4"/>
            <port dstActor="D0N8" name="p64" srcActor="D0N4"/>
            <port dstActor="D0N46" name="p65" srcActor="D0N4"/>
            <port dstActor="D0N17" name="p66" srcActor="D0N9"/>
            <port dstActor="D0N42" name="p67" srcActor="D0N36"/>
            <port dstActor="D0N20" name="p68" srcActor="D0N8"/>
            <port dstActor="D0N27" name="p69" srcActor="D0N8"/>
            <port dstActor="D0N41" name="p70" srcActor="D0N8"/>
            <port dstActor="D0N22" name="p71" srcActor="D0N20"/>
            <port dstActor="D0N41" name="p72" srcActor="D0N20"/>
            <port dstActor="D0N33" name="p73" srcActor="D0N20"/>
            <port dstActor="D0N43" name="p74" srcActor="D0N20"/>
            <port dstActor="D0N39" name="p75" srcActor="D0N37"/>
            <port dstActor="D0N41" name="p76" srcActor="D0N37"/>
            <port dstActor="D0N29" name="p77" srcActor="D0N21"/>
            <port dstActor="D0N38" name="p78" srcActor="D0N21"/>
            <port dstActor="D0N26" name="p79" srcActor="D0N21"/>
            <port dstActor="D0N18" name="p80" srcActor="D0N5"/>
            <port dstActor="D0N12" name="p81" srcActor="D0N5"/>
            <port dstActor="D0N16" name="p82" srcActor="D0N5"/>
            <port dstActor="D0N38" name="p83" srcActor="D0N5"/>
            <port dstActor="D0N33" name="p84" srcActor="D0N24"/>
            <port dstActor="D0N35" name="p85" srcActor="D0N24"/>
            <port dstActor="D0N41" name="p86" srcActor="D0N24"/>
            <port dstActor="D0N27" name="p87" srcActor="D0N16"/>
            <port dstActor="D0N34" name="p88" srcActor="D0N16"/>
            <port dstActor="D0N40" name="p89" srcActor="D0N19"/>
            <port dstActor="D0N41" name="p90" srcActor="D0N19"/>
            <port dstActor="D0N32" name="p91" srcActor="D0N31"/>
            <port dstActor="D0N42" name="p92" srcActor="D0N31"/>
            <port dstActor="D0N37" name="p93" srcActor="D0N31"/>
            <port dstActor="D0N46" name="p94" srcActor="D0N31"/>
            <port dstActor="D0N38" name="p95" srcActor="D0N31"/>
            <port dstActor="D0N39" name="p96" srcActor="D0N32"/>
            <port dstActor="D0N27" name="p97" srcActor="D0N12"/>
            <port dstActor="D0N23" name="p98" srcActor="D0N12"/>
            <port dstActor="D0N41" name="p99" srcActor="D0N12"/>
            <port dstActor="D0N14" name="p100" srcActor="D0N12"/>
        </ports>
    </mcdag>
    <cores number="3"/>
    <levels number="2"/>
</mcsystem>
