<?xml version="1.0" encoding="UTF-8" standalone="no"?>
<mcsystem>
    <mcdag deadline="2000" name="genned-0-ed-10.0-0">
        <actor name="D0N17">
            <wcet number="0">80</wcet>
            <wcet number="1">120</wcet>
            <maxpow number="0.47582755204090266"/>
            <maxpow number="0.47582755204090266"/>
            <fprob>0.0</fprob>
        </actor>
        <actor name="D0N11">
            <wcet number="0">180</wcet>
            <wcet number="1">230</wcet>
            <maxpow number="0.4472765940439855"/>
            <maxpow number="0.4472765940439855"/>
            <fprob>0.0</fprob>
        </actor>
        <actor name="D0N29">
            <wcet number="0">10</wcet>
            <wcet number="1">10</wcet>
            <maxpow number="0.35981156161090566"/>
            <maxpow number="0.35981156161090566"/>
            <fprob>0.0</fprob>
        </actor>
        <actor name="D0N4">
            <wcet number="0">10</wcet>
            <wcet number="1">40</wcet>
            <maxpow number="0.4598192828992218"/>
            <maxpow number="0.4598192828992218"/>
            <fprob>0.0</fprob>
        </actor>
        <actor name="D0N20">
            <wcet number="0">20</wcet>
            <wcet number="1">30</wcet>
            <maxpow number="0.6218685454938959"/>
            <maxpow number="0.6218685454938959"/>
            <fprob>0.0</fprob>
        </actor>
        <actor name="D0N48">
            <wcet number="0">10</wcet>
            <wcet number="1">10</wcet>
            <maxpow number="0.3671742281152275"/>
            <maxpow number="0.3671742281152275"/>
            <fprob>0.0</fprob>
        </actor>
        <actor name="D0N33">
            <wcet number="0">30</wcet>
            <wcet number="1">30</wcet>
            <maxpow number="0.5666638014821087"/>
            <maxpow number="0.5666638014821087"/>
            <fprob>0.0</fprob>
        </actor>
        <actor name="D0N10">
            <wcet number="0">60</wcet>
            <wcet number="1">70</wcet>
            <maxpow number="0.769586525393227"/>
            <maxpow number="0.769586525393227"/>
            <fprob>0.0</fprob>
        </actor>
        <actor name="D0N8">
            <wcet number="0">40</wcet>
            <wcet number="1">50</wcet>
            <maxpow number="0.5696074032449324"/>
            <maxpow number="0.5696074032449324"/>
            <fprob>0.0</fprob>
        </actor>
        <actor name="D0N23">
            <wcet number="0">10</wcet>
            <wcet number="1">60</wcet>
            <maxpow number="0.874109451368354"/>
            <maxpow number="0.874109451368354"/>
            <fprob>0.0</fprob>
        </actor>
        <actor name="D0N37">
            <wcet number="0">80</wcet>
            <wcet number="1">80</wcet>
            <maxpow number="0.7460200627743578"/>
            <maxpow number="0.7460200627743578"/>
            <fprob>0.0</fprob>
        </actor>
        <actor name="D0N9">
            <wcet number="0">30</wcet>
            <wcet number="1">30</wcet>
            <maxpow number="0.32988084591888933"/>
            <maxpow number="0.32988084591888933"/>
            <fprob>0.0</fprob>
        </actor>
        <actor name="D0N45">
            <wcet number="0">20</wcet>
            <wcet number="1">20</wcet>
            <maxpow number="0.679713610556025"/>
            <maxpow number="0.679713610556025"/>
            <fprob>0.0</fprob>
        </actor>
        <actor name="D0N2">
            <wcet number="0">20</wcet>
            <wcet number="1">30</wcet>
            <maxpow number="0.19807522528612986"/>
            <maxpow number="0.19807522528612986"/>
            <fprob>0.0</fprob>
        </actor>
        <actor name="D0N18">
            <wcet number="0">50</wcet>
            <wcet number="1">150</wcet>
            <maxpow number="0.36860165268259165"/>
            <maxpow number="0.36860165268259165"/>
            <fprob>0.0</fprob>
        </actor>
        <actor name="D0N43">
            <wcet number="0">10</wcet>
            <wcet number="1">80</wcet>
            <maxpow number="0.6388648375211262"/>
            <maxpow number="0.6388648375211262"/>
            <fprob>0.0</fprob>
        </actor>
        <actor name="D0N31">
            <wcet number="0">10</wcet>
            <wcet number="1">10</wcet>
            <maxpow number="0.6023549619301157"/>
            <maxpow number="0.6023549619301157"/>
            <fprob>0.0</fprob>
        </actor>
        <actor name="D0N0">
            <wcet number="0">10</wcet>
            <wcet number="1">50</wcet>
            <maxpow number="0.5569490254915891"/>
            <maxpow number="0.5569490254915891"/>
            <fprob>0.0</fprob>
        </actor>
        <actor name="D0N24">
            <wcet number="0">10</wcet>
            <wcet number="1">40</wcet>
            <maxpow number="0.9648379325375969"/>
            <maxpow number="0.9648379325375969"/>
            <fprob>0.0</fprob>
        </actor>
        <actor name="D0N21">
            <wcet number="0">50</wcet>
            <wcet number="1">70</wcet>
            <maxpow number="0.6940300242198418"/>
            <maxpow number="0.6940300242198418"/>
            <fprob>0.0</fprob>
        </actor>
        <actor name="D0N32">
            <wcet number="0">150</wcet>
            <wcet number="1">190</wcet>
            <maxpow number="0.4223661295826759"/>
            <maxpow number="0.4223661295826759"/>
            <fprob>0.0</fprob>
        </actor>
        <actor name="D0N22">
            <wcet number="0">170</wcet>
            <wcet number="1">210</wcet>
            <maxpow number="0.38021083905859643"/>
            <maxpow number="0.38021083905859643"/>
            <fprob>0.0</fprob>
        </actor>
        <actor name="D0N27">
            <wcet number="0">40</wcet>
            <wcet number="1">40</wcet>
            <maxpow number="0.5862788159350516"/>
            <maxpow number="0.5862788159350516"/>
            <fprob>0.0</fprob>
        </actor>
        <actor name="D0N28">
            <wcet number="0">10</wcet>
            <wcet number="1">70</wcet>
            <maxpow number="0.8544887772829667"/>
            <maxpow number="0.8544887772829667"/>
            <fprob>0.0</fprob>
        </actor>
        <actor name="D0N41">
            <wcet number="0">20</wcet>
            <wcet number="1">30</wcet>
            <maxpow number="0.5053628442057037"/>
            <maxpow number="0.5053628442057037"/>
            <fprob>0.0</fprob>
        </actor>
        <actor name="D0N13">
            <wcet number="0">10</wcet>
            <wcet number="1">10</wcet>
            <maxpow number="0.8327454087755621"/>
            <maxpow number="0.8327454087755621"/>
            <fprob>0.0</fprob>
        </actor>
        <actor name="D0N34">
            <wcet number="0">20</wcet>
            <wcet number="1">20</wcet>
            <maxpow number="0.9029882625411672"/>
            <maxpow number="0.9029882625411672"/>
            <fprob>0.0</fprob>
        </actor>
        <actor name="D0N44">
            <wcet number="0">30</wcet>
            <wcet number="1">70</wcet>
            <maxpow number="0.6377215616937285"/>
            <maxpow number="0.6377215616937285"/>
            <fprob>0.0</fprob>
        </actor>
        <actor name="D0N26">
            <wcet number="0">20</wcet>
            <wcet number="1">20</wcet>
            <maxpow number="0.4635690074083665"/>
            <maxpow number="0.4635690074083665"/>
            <fprob>0.0</fprob>
        </actor>
        <actor name="D0N16">
            <wcet number="0">20</wcet>
            <wcet number="1">90</wcet>
            <maxpow number="0.47830163652096347"/>
            <maxpow number="0.47830163652096347"/>
            <fprob>0.0</fprob>
        </actor>
        <actor name="D0N15">
            <wcet number="0">60</wcet>
            <wcet number="1">70</wcet>
            <maxpow number="0.4821946805607985"/>
            <maxpow number="0.4821946805607985"/>
            <fprob>0.0</fprob>
        </actor>
        <actor name="D0N38">
            <wcet number="0">10</wcet>
            <wcet number="1">30</wcet>
            <maxpow number="0.3287164079732818"/>
            <maxpow number="0.3287164079732818"/>
            <fprob>0.0</fprob>
        </actor>
        <actor name="D0N30">
            <wcet number="0">130</wcet>
            <wcet number="1">340</wcet>
            <maxpow number="0.5480097779163223"/>
            <maxpow number="0.5480097779163223"/>
            <fprob>0.0</fprob>
        </actor>
        <actor name="D0N6">
            <wcet number="0">60</wcet>
            <wcet number="1">190</wcet>
            <maxpow number="0.44205032910397735"/>
            <maxpow number="0.44205032910397735"/>
            <fprob>0.0</fprob>
        </actor>
        <actor name="D0N7">
            <wcet number="0">20</wcet>
            <wcet number="1">140</wcet>
            <maxpow number="0.8217882418866416"/>
            <maxpow number="0.8217882418866416"/>
            <fprob>0.0</fprob>
        </actor>
        <actor name="D0N36">
            <wcet number="0">10</wcet>
            <wcet number="1">60</wcet>
            <maxpow number="0.5718979025788355"/>
            <maxpow number="0.5718979025788355"/>
            <fprob>0.0</fprob>
        </actor>
        <actor name="D0N46">
            <wcet number="0">50</wcet>
            <wcet number="1">50</wcet>
            <maxpow number="0.6248325620159195"/>
            <maxpow number="0.6248325620159195"/>
            <fprob>0.0</fprob>
        </actor>
        <actor name="D0N39">
            <wcet number="0">20</wcet>
            <wcet number="1">30</wcet>
            <maxpow number="0.6004778825999246"/>
            <maxpow number="0.6004778825999246"/>
            <fprob>0.0</fprob>
        </actor>
        <actor name="D0N12">
            <wcet number="0">240</wcet>
            <wcet number="1">250</wcet>
            <maxpow number="0.6587737526365477"/>
            <maxpow number="0.6587737526365477"/>
            <fprob>0.0</fprob>
        </actor>
        <actor name="D0N47">
            <wcet number="0">430</wcet>
            <wcet number="1">540</wcet>
            <maxpow number="0.47328596058578126"/>
            <maxpow number="0.47328596058578126"/>
            <fprob>0.0</fprob>
        </actor>
        <actor name="D0N5">
            <wcet number="0">10</wcet>
            <wcet number="1">10</wcet>
            <maxpow number="0.6183343456996293"/>
            <maxpow number="0.6183343456996293"/>
            <fprob>0.0</fprob>
        </actor>
        <actor name="D0N35">
            <wcet number="0">30</wcet>
            <wcet number="1">60</wcet>
            <maxpow number="0.6160658344908009"/>
            <maxpow number="0.6160658344908009"/>
            <fprob>0.0</fprob>
        </actor>
        <actor name="D0N40">
            <wcet number="0">40</wcet>
            <wcet number="1">100</wcet>
            <maxpow number="0.8307316652843844"/>
            <maxpow number="0.8307316652843844"/>
            <fprob>0.0</fprob>
        </actor>
        <actor name="D0N19">
            <wcet number="0">40</wcet>
            <wcet number="1">40</wcet>
            <maxpow number="0.26944316701005055"/>
            <maxpow number="0.26944316701005055"/>
            <fprob>0.0</fprob>
        </actor>
        <actor name="D0N14">
            <wcet number="0">10</wcet>
            <wcet number="1">10</wcet>
            <maxpow number="0.4687276384358631"/>
            <maxpow number="0.4687276384358631"/>
            <fprob>0.0</fprob>
        </actor>
        <actor name="D0N25">
            <wcet number="0">20</wcet>
            <wcet number="1">20</wcet>
            <maxpow number="0.285526924771508"/>
            <maxpow number="0.285526924771508"/>
            <fprob>0.0</fprob>
        </actor>
        <actor name="D0N1">
            <wcet number="0">30</wcet>
            <wcet number="1">50</wcet>
            <maxpow number="0.6571708413812019"/>
            <maxpow number="0.6571708413812019"/>
            <fprob>0.0</fprob>
        </actor>
        <actor name="D0N42">
            <wcet number="0">30</wcet>
            <wcet number="1">60</wcet>
            <maxpow number="0.6650219419748846"/>
            <maxpow number="0.6650219419748846"/>
            <fprob>0.0</fprob>
        </actor>
        <actor name="D0N3">
            <wcet number="0">70</wcet>
            <wcet number="1">190</wcet>
            <maxpow number="0.6718746236410637"/>
            <maxpow number="0.6718746236410637"/>
            <fprob>0.0</fprob>
        </actor>
        <ports>
            <port dstActor="D0N48" name="p0" srcActor="D0N17"/>
            <port dstActor="D0N37" name="p1" srcActor="D0N11"/>
            <port dstActor="D0N43" name="p2" srcActor="D0N11"/>
            <port dstActor="D0N35" name="p3" srcActor="D0N11"/>
            <port dstActor="D0N38" name="p4" srcActor="D0N11"/>
            <port dstActor="D0N29" name="p5" srcActor="D0N11"/>
            <port dstActor="D0N32" name="p6" srcActor="D0N29"/>
            <port dstActor="D0N36" name="p7" srcActor="D0N29"/>
            <port dstActor="D0N14" name="p8" srcActor="D0N4"/>
            <port dstActor="D0N26" name="p9" srcActor="D0N4"/>
            <port dstActor="D0N48" name="p10" srcActor="D0N20"/>
            <port dstActor="D0N35" name="p11" srcActor="D0N20"/>
            <port dstActor="D0N38" name="p12" srcActor="D0N20"/>
            <port dstActor="D0N41" name="p13" srcActor="D0N33"/>
            <port dstActor="D0N37" name="p14" srcActor="D0N33"/>
            <port dstActor="D0N43" name="p15" srcActor="D0N10"/>
            <port dstActor="D0N46" name="p16" srcActor="D0N10"/>
            <port dstActor="D0N16" name="p17" srcActor="D0N10"/>
            <port dstActor="D0N18" name="p18" srcActor="D0N8"/>
            <port dstActor="D0N48" name="p19" srcActor="D0N8"/>
            <port dstActor="D0N21" name="p20" srcActor="D0N8"/>
            <port dstActor="D0N22" name="p21" srcActor="D0N8"/>
            <port dstActor="D0N20" name="p22" srcActor="D0N8"/>
            <port dstActor="D0N38" name="p23" srcActor="D0N23"/>
            <port dstActor="D0N29" name="p24" srcActor="D0N23"/>
            <port dstActor="D0N41" name="p25" srcActor="D0N23"/>
            <port dstActor="D0N48" name="p26" srcActor="D0N37"/>
            <port dstActor="D0N31" name="p27" srcActor="D0N9"/>
            <port dstActor="D0N48" name="p28" srcActor="D0N2"/>
            <port dstActor="D0N32" name="p29" srcActor="D0N2"/>
            <port dstActor="D0N6" name="p30" srcActor="D0N2"/>
            <port dstActor="D0N37" name="p31" srcActor="D0N18"/>
            <port dstActor="D0N31" name="p32" srcActor="D0N18"/>
            <port dstActor="D0N39" name="p33" srcActor="D0N18"/>
            <port dstActor="D0N45" name="p34" srcActor="D0N43"/>
            <port dstActor="D0N37" name="p35" srcActor="D0N0"/>
            <port dstActor="D0N30" name="p36" srcActor="D0N0"/>
            <port dstActor="D0N23" name="p37" srcActor="D0N0"/>
            <port dstActor="D0N6" name="p38" srcActor="D0N0"/>
            <port dstActor="D0N26" name="p39" srcActor="D0N24"/>
            <port dstActor="D0N31" name="p40" srcActor="D0N24"/>
            <port dstActor="D0N25" name="p41" srcActor="D0N24"/>
            <port dstActor="D0N35" name="p42" srcActor="D0N24"/>
            <port dstActor="D0N37" name="p43" srcActor="D0N21"/>
            <port dstActor="D0N30" name="p44" srcActor="D0N21"/>
            <port dstActor="D0N43" name="p45" srcActor="D0N21"/>
            <port dstActor="D0N29" name="p46" srcActor="D0N21"/>
            <port dstActor="D0N38" name="p47" srcActor="D0N21"/>
            <port dstActor="D0N40" name="p48" srcActor="D0N32"/>
            <port dstActor="D0N25" name="p49" srcActor="D0N22"/>
            <port dstActor="D0N37" name="p50" srcActor="D0N22"/>
            <port dstActor="D0N48" name="p51" srcActor="D0N22"/>
            <port dstActor="D0N48" name="p52" srcActor="D0N27"/>
            <port dstActor="D0N39" name="p53" srcActor="D0N27"/>
            <port dstActor="D0N47" name="p54" srcActor="D0N27"/>
            <port dstActor="D0N42" name="p55" srcActor="D0N28"/>
            <port dstActor="D0N41" name="p56" srcActor="D0N28"/>
            <port dstActor="D0N19" name="p57" srcActor="D0N13"/>
            <port dstActor="D0N31" name="p58" srcActor="D0N13"/>
            <port dstActor="D0N27" name="p59" srcActor="D0N13"/>
            <port dstActor="D0N33" name="p60" srcActor="D0N13"/>
            <port dstActor="D0N42" name="p61" srcActor="D0N26"/>
            <port dstActor="D0N28" name="p62" srcActor="D0N26"/>
            <port dstActor="D0N40" name="p63" srcActor="D0N26"/>
            <port dstActor="D0N31" name="p64" srcActor="D0N15"/>
            <port dstActor="D0N43" name="p65" srcActor="D0N15"/>
            <port dstActor="D0N44" name="p66" srcActor="D0N15"/>
            <port dstActor="D0N41" name="p67" srcActor="D0N38"/>
            <port dstActor="D0N48" name="p68" srcActor="D0N30"/>
            <port dstActor="D0N37" name="p69" srcActor="D0N30"/>
            <port dstActor="D0N25" name="p70" srcActor="D0N6"/>
            <port dstActor="D0N13" name="p71" srcActor="D0N7"/>
            <port dstActor="D0N31" name="p72" srcActor="D0N7"/>
            <port dstActor="D0N45" name="p73" srcActor="D0N7"/>
            <port dstActor="D0N43" name="p74" srcActor="D0N36"/>
            <port dstActor="D0N42" name="p75" srcActor="D0N39"/>
            <port dstActor="D0N40" name="p76" srcActor="D0N39"/>
            <port dstActor="D0N41" name="p77" srcActor="D0N39"/>
            <port dstActor="D0N16" name="p78" srcActor="D0N12"/>
            <port dstActor="D0N35" name="p79" srcActor="D0N12"/>
            <port dstActor="D0N48" name="p80" srcActor="D0N12"/>
            <port dstActor="D0N34" name="p81" srcActor="D0N12"/>
            <port dstActor="D0N23" name="p82" srcActor="D0N12"/>
            <port dstActor="D0N21" name="p83" srcActor="D0N5"/>
            <port dstActor="D0N43" name="p84" srcActor="D0N5"/>
            <port dstActor="D0N19" name="p85" srcActor="D0N5"/>
            <port dstActor="D0N37" name="p86" srcActor="D0N5"/>
            <port dstActor="D0N22" name="p87" srcActor="D0N5"/>
            <port dstActor="D0N15" name="p88" srcActor="D0N5"/>
            <port dstActor="D0N17" name="p89" srcActor="D0N5"/>
            <port dstActor="D0N47" name="p90" srcActor="D0N35"/>
            <port dstActor="D0N42" name="p91" srcActor="D0N40"/>
            <port dstActor="D0N47" name="p92" srcActor="D0N40"/>
            <port dstActor="D0N39" name="p93" srcActor="D0N19"/>
            <port dstActor="D0N29" name="p94" srcActor="D0N19"/>
            <port dstActor="D0N31" name="p95" srcActor="D0N19"/>
            <port dstActor="D0N24" name="p96" srcActor="D0N19"/>
            <port dstActor="D0N28" name="p97" srcActor="D0N19"/>
            <port dstActor="D0N44" name="p98" srcActor="D0N14"/>
            <port dstActor="D0N19" name="p99" srcActor="D0N14"/>
            <port dstActor="D0N35" name="p100" srcActor="D0N25"/>
            <port dstActor="D0N13" name="p101" srcActor="D0N1"/>
            <port dstActor="D0N38" name="p102" srcActor="D0N1"/>
            <port dstActor="D0N14" name="p103" srcActor="D0N1"/>
            <port dstActor="D0N36" name="p104" srcActor="D0N1"/>
            <port dstActor="D0N47" name="p105" srcActor="D0N42"/>
            <port dstActor="D0N17" name="p106" srcActor="D0N3"/>
            <port dstActor="D0N23" name="p107" srcActor="D0N3"/>
        </ports>
    </mcdag>
    <cores number="3"/>
    <levels number="2"/>
</mcsystem>
