<?xml version="1.0" encoding="UTF-8" standalone="no"?>
<mcsystem>
    <mcdag deadline="2000" name="genned-0-ed-10.0-0">
        <actor name="D0N31">
            <wcet number="0">120</wcet>
            <wcet number="1">150</wcet>
            <maxpow number="0.6044677734924715"/>
            <maxpow number="0.6044677734924715"/>
            <fprob>0.0</fprob>
        </actor>
        <actor name="D0N5">
            <wcet number="0">50</wcet>
            <wcet number="1">100</wcet>
            <maxpow number="0.7537128465535559"/>
            <maxpow number="0.7537128465535559"/>
            <fprob>0.0</fprob>
        </actor>
        <actor name="D0N18">
            <wcet number="0">100</wcet>
            <wcet number="1">150</wcet>
            <maxpow number="0.8073679794483499"/>
            <maxpow number="0.8073679794483499"/>
            <fprob>0.0</fprob>
        </actor>
        <actor name="D0N13">
            <wcet number="0">740</wcet>
            <wcet number="1">770</wcet>
            <maxpow number="0.44056325859922457"/>
            <maxpow number="0.44056325859922457"/>
            <fprob>0.0</fprob>
        </actor>
        <actor name="D0N26">
            <wcet number="0">20</wcet>
            <wcet number="1">20</wcet>
            <maxpow number="0.6451073617490257"/>
            <maxpow number="0.6451073617490257"/>
            <fprob>0.0</fprob>
        </actor>
        <actor name="D0N48">
            <wcet number="0">10</wcet>
            <wcet number="1">30</wcet>
            <maxpow number="0.5325765959899033"/>
            <maxpow number="0.5325765959899033"/>
            <fprob>0.0</fprob>
        </actor>
        <actor name="D0N6">
            <wcet number="0">50</wcet>
            <wcet number="1">120</wcet>
            <maxpow number="0.4163721323613333"/>
            <maxpow number="0.4163721323613333"/>
            <fprob>0.0</fprob>
        </actor>
        <actor name="D0N45">
            <wcet number="0">10</wcet>
            <wcet number="1">60</wcet>
            <maxpow number="0.720866092369617"/>
            <maxpow number="0.720866092369617"/>
            <fprob>0.0</fprob>
        </actor>
        <actor name="D0N42">
            <wcet number="0">10</wcet>
            <wcet number="1">10</wcet>
            <maxpow number="0.5355405043637834"/>
            <maxpow number="0.5355405043637834"/>
            <fprob>0.0</fprob>
        </actor>
        <actor name="D0N25">
            <wcet number="0">70</wcet>
            <wcet number="1">180</wcet>
            <maxpow number="0.6700619594050433"/>
            <maxpow number="0.6700619594050433"/>
            <fprob>0.0</fprob>
        </actor>
        <actor name="D0N16">
            <wcet number="0">10</wcet>
            <wcet number="1">40</wcet>
            <maxpow number="0.4563305963500597"/>
            <maxpow number="0.4563305963500597"/>
            <fprob>0.0</fprob>
        </actor>
        <actor name="D0N19">
            <wcet number="0">90</wcet>
            <wcet number="1">140</wcet>
            <maxpow number="0.41195202595029135"/>
            <maxpow number="0.41195202595029135"/>
            <fprob>0.0</fprob>
        </actor>
        <actor name="D0N20">
            <wcet number="0">130</wcet>
            <wcet number="1">140</wcet>
            <maxpow number="0.7121154950994687"/>
            <maxpow number="0.7121154950994687"/>
            <fprob>0.0</fprob>
        </actor>
        <actor name="D0N23">
            <wcet number="0">30</wcet>
            <wcet number="1">60</wcet>
            <maxpow number="0.5149518279240635"/>
            <maxpow number="0.5149518279240635"/>
            <fprob>0.0</fprob>
        </actor>
        <actor name="D0N9">
            <wcet number="0">10</wcet>
            <wcet number="1">140</wcet>
            <maxpow number="0.24182765684611374"/>
            <maxpow number="0.24182765684611374"/>
            <fprob>0.0</fprob>
        </actor>
        <actor name="D0N3">
            <wcet number="0">40</wcet>
            <wcet number="1">120</wcet>
            <maxpow number="0.4412172852400903"/>
            <maxpow number="0.4412172852400903"/>
            <fprob>0.0</fprob>
        </actor>
        <actor name="D0N1">
            <wcet number="0">40</wcet>
            <wcet number="1">100</wcet>
            <maxpow number="0.31919401048020635"/>
            <maxpow number="0.31919401048020635"/>
            <fprob>0.0</fprob>
        </actor>
        <actor name="D0N40">
            <wcet number="0">10</wcet>
            <wcet number="1">40</wcet>
            <maxpow number="0.5851710083317376"/>
            <maxpow number="0.5851710083317376"/>
            <fprob>0.0</fprob>
        </actor>
        <actor name="D0N14">
            <wcet number="0">10</wcet>
            <wcet number="1">10</wcet>
            <maxpow number="0.77732500319973"/>
            <maxpow number="0.77732500319973"/>
            <fprob>0.0</fprob>
        </actor>
        <actor name="D0N24">
            <wcet number="0">10</wcet>
            <wcet number="1">20</wcet>
            <maxpow number="0.6423589892193557"/>
            <maxpow number="0.6423589892193557"/>
            <fprob>0.0</fprob>
        </actor>
        <actor name="D0N21">
            <wcet number="0">10</wcet>
            <wcet number="1">100</wcet>
            <maxpow number="0.5017104921802629"/>
            <maxpow number="0.5017104921802629"/>
            <fprob>0.0</fprob>
        </actor>
        <actor name="D0N35">
            <wcet number="0">10</wcet>
            <wcet number="1">40</wcet>
            <maxpow number="0.9240759293222152"/>
            <maxpow number="0.9240759293222152"/>
            <fprob>0.0</fprob>
        </actor>
        <actor name="D0N37">
            <wcet number="0">60</wcet>
            <wcet number="1">60</wcet>
            <maxpow number="0.4095796099297725"/>
            <maxpow number="0.4095796099297725"/>
            <fprob>0.0</fprob>
        </actor>
        <actor name="D0N30">
            <wcet number="0">160</wcet>
            <wcet number="1">210</wcet>
            <maxpow number="0.615059300128771"/>
            <maxpow number="0.615059300128771"/>
            <fprob>0.0</fprob>
        </actor>
        <actor name="D0N44">
            <wcet number="0">40</wcet>
            <wcet number="1">110</wcet>
            <maxpow number="0.5996651404225902"/>
            <maxpow number="0.5996651404225902"/>
            <fprob>0.0</fprob>
        </actor>
        <actor name="D0N32">
            <wcet number="0">10</wcet>
            <wcet number="1">10</wcet>
            <maxpow number="0.30996590228448667"/>
            <maxpow number="0.30996590228448667"/>
            <fprob>0.0</fprob>
        </actor>
        <actor name="D0N7">
            <wcet number="0">110</wcet>
            <wcet number="1">140</wcet>
            <maxpow number="0.7710295656266796"/>
            <maxpow number="0.7710295656266796"/>
            <fprob>0.0</fprob>
        </actor>
        <actor name="D0N2">
            <wcet number="0">170</wcet>
            <wcet number="1">210</wcet>
            <maxpow number="0.8928434621396815"/>
            <maxpow number="0.8928434621396815"/>
            <fprob>0.0</fprob>
        </actor>
        <actor name="D0N27">
            <wcet number="0">40</wcet>
            <wcet number="1">120</wcet>
            <maxpow number="0.9531990620790256"/>
            <maxpow number="0.9531990620790256"/>
            <fprob>0.0</fprob>
        </actor>
        <actor name="D0N10">
            <wcet number="0">60</wcet>
            <wcet number="1">80</wcet>
            <maxpow number="0.6460651728391388"/>
            <maxpow number="0.6460651728391388"/>
            <fprob>0.0</fprob>
        </actor>
        <actor name="D0N34">
            <wcet number="0">10</wcet>
            <wcet number="1">30</wcet>
            <maxpow number="0.7291343771048063"/>
            <maxpow number="0.7291343771048063"/>
            <fprob>0.0</fprob>
        </actor>
        <actor name="D0N41">
            <wcet number="0">10</wcet>
            <wcet number="1">20</wcet>
            <maxpow number="0.791811865253484"/>
            <maxpow number="0.791811865253484"/>
            <fprob>0.0</fprob>
        </actor>
        <actor name="D0N12">
            <wcet number="0">50</wcet>
            <wcet number="1">50</wcet>
            <maxpow number="0.6276626505563813"/>
            <maxpow number="0.6276626505563813"/>
            <fprob>0.0</fprob>
        </actor>
        <actor name="D0N17">
            <wcet number="0">90</wcet>
            <wcet number="1">90</wcet>
            <maxpow number="0.4925515175209041"/>
            <maxpow number="0.4925515175209041"/>
            <fprob>0.0</fprob>
        </actor>
        <actor name="D0N15">
            <wcet number="0">40</wcet>
            <wcet number="1">40</wcet>
            <maxpow number="0.6837689661513309"/>
            <maxpow number="0.6837689661513309"/>
            <fprob>0.0</fprob>
        </actor>
        <actor name="D0N0">
            <wcet number="0">40</wcet>
            <wcet number="1">40</wcet>
            <maxpow number="0.6416171699212148"/>
            <maxpow number="0.6416171699212148"/>
            <fprob>0.0</fprob>
        </actor>
        <actor name="D0N11">
            <wcet number="0">30</wcet>
            <wcet number="1">30</wcet>
            <maxpow number="0.6590964156761158"/>
            <maxpow number="0.6590964156761158"/>
            <fprob>0.0</fprob>
        </actor>
        <actor name="D0N47">
            <wcet number="0">50</wcet>
            <wcet number="1">80</wcet>
            <maxpow number="0.6899861812296069"/>
            <maxpow number="0.6899861812296069"/>
            <fprob>0.0</fprob>
        </actor>
        <actor name="D0N46">
            <wcet number="0">10</wcet>
            <wcet number="1">30</wcet>
            <maxpow number="0.7943694740250015"/>
            <maxpow number="0.7943694740250015"/>
            <fprob>0.0</fprob>
        </actor>
        <actor name="D0N38">
            <wcet number="0">30</wcet>
            <wcet number="1">40</wcet>
            <maxpow number="0.42623472482650837"/>
            <maxpow number="0.42623472482650837"/>
            <fprob>0.0</fprob>
        </actor>
        <actor name="D0N36">
            <wcet number="0">180</wcet>
            <wcet number="1">260</wcet>
            <maxpow number="0.407075903951736"/>
            <maxpow number="0.407075903951736"/>
            <fprob>0.0</fprob>
        </actor>
        <actor name="D0N43">
            <wcet number="0">100</wcet>
            <wcet number="1">100</wcet>
            <maxpow number="0.7536201777377971"/>
            <maxpow number="0.7536201777377971"/>
            <fprob>0.0</fprob>
        </actor>
        <actor name="D0N33">
            <wcet number="0">10</wcet>
            <wcet number="1">30</wcet>
            <maxpow number="0.48502936433364274"/>
            <maxpow number="0.48502936433364274"/>
            <fprob>0.0</fprob>
        </actor>
        <actor name="D0N39">
            <wcet number="0">80</wcet>
            <wcet number="1">90</wcet>
            <maxpow number="0.5441157215670707"/>
            <maxpow number="0.5441157215670707"/>
            <fprob>0.0</fprob>
        </actor>
        <actor name="D0N22">
            <wcet number="0">60</wcet>
            <wcet number="1">270</wcet>
            <maxpow number="0.5986825057748574"/>
            <maxpow number="0.5986825057748574"/>
            <fprob>0.0</fprob>
        </actor>
        <actor name="D0N8">
            <wcet number="0">60</wcet>
            <wcet number="1">80</wcet>
            <maxpow number="0.24878774391890301"/>
            <maxpow number="0.24878774391890301"/>
            <fprob>0.0</fprob>
        </actor>
        <actor name="D0N28">
            <wcet number="0">190</wcet>
            <wcet number="1">200</wcet>
            <maxpow number="0.687384601081072"/>
            <maxpow number="0.687384601081072"/>
            <fprob>0.0</fprob>
        </actor>
        <actor name="D0N29">
            <wcet number="0">10</wcet>
            <wcet number="1">30</wcet>
            <maxpow number="0.620507874376037"/>
            <maxpow number="0.620507874376037"/>
            <fprob>0.0</fprob>
        </actor>
        <actor name="D0N4">
            <wcet number="0">130</wcet>
            <wcet number="1">210</wcet>
            <maxpow number="0.334204330567499"/>
            <maxpow number="0.334204330567499"/>
            <fprob>0.0</fprob>
        </actor>
        <ports>
            <port dstActor="D0N34" name="p0" srcActor="D0N31"/>
            <port dstActor="D0N45" name="p1" srcActor="D0N31"/>
            <port dstActor="D0N46" name="p2" srcActor="D0N31"/>
            <port dstActor="D0N35" name="p3" srcActor="D0N31"/>
            <port dstActor="D0N46" name="p4" srcActor="D0N5"/>
            <port dstActor="D0N22" name="p5" srcActor="D0N5"/>
            <port dstActor="D0N12" name="p6" srcActor="D0N5"/>
            <port dstActor="D0N44" name="p7" srcActor="D0N5"/>
            <port dstActor="D0N47" name="p8" srcActor="D0N18"/>
            <port dstActor="D0N39" name="p9" srcActor="D0N18"/>
            <port dstActor="D0N23" name="p10" srcActor="D0N18"/>
            <port dstActor="D0N40" name="p11" srcActor="D0N18"/>
            <port dstActor="D0N41" name="p12" srcActor="D0N18"/>
            <port dstActor="D0N24" name="p13" srcActor="D0N13"/>
            <port dstActor="D0N17" name="p14" srcActor="D0N13"/>
            <port dstActor="D0N28" name="p15" srcActor="D0N13"/>
            <port dstActor="D0N46" name="p16" srcActor="D0N26"/>
            <port dstActor="D0N10" name="p17" srcActor="D0N6"/>
            <port dstActor="D0N19" name="p18" srcActor="D0N6"/>
            <port dstActor="D0N9" name="p19" srcActor="D0N6"/>
            <port dstActor="D0N39" name="p20" srcActor="D0N6"/>
            <port dstActor="D0N48" name="p21" srcActor="D0N42"/>
            <port dstActor="D0N46" name="p22" srcActor="D0N42"/>
            <port dstActor="D0N29" name="p23" srcActor="D0N25"/>
            <port dstActor="D0N40" name="p24" srcActor="D0N25"/>
            <port dstActor="D0N33" name="p25" srcActor="D0N25"/>
            <port dstActor="D0N40" name="p26" srcActor="D0N16"/>
            <port dstActor="D0N29" name="p27" srcActor="D0N16"/>
            <port dstActor="D0N27" name="p28" srcActor="D0N16"/>
            <port dstActor="D0N44" name="p29" srcActor="D0N16"/>
            <port dstActor="D0N38" name="p30" srcActor="D0N19"/>
            <port dstActor="D0N30" name="p31" srcActor="D0N19"/>
            <port dstActor="D0N34" name="p32" srcActor="D0N19"/>
            <port dstActor="D0N38" name="p33" srcActor="D0N20"/>
            <port dstActor="D0N44" name="p34" srcActor="D0N20"/>
            <port dstActor="D0N31" name="p35" srcActor="D0N20"/>
            <port dstActor="D0N39" name="p36" srcActor="D0N20"/>
            <port dstActor="D0N22" name="p37" srcActor="D0N20"/>
            <port dstActor="D0N42" name="p38" srcActor="D0N9"/>
            <port dstActor="D0N26" name="p39" srcActor="D0N9"/>
            <port dstActor="D0N30" name="p40" srcActor="D0N9"/>
            <port dstActor="D0N44" name="p41" srcActor="D0N9"/>
            <port dstActor="D0N10" name="p42" srcActor="D0N9"/>
            <port dstActor="D0N15" name="p43" srcActor="D0N9"/>
            <port dstActor="D0N43" name="p44" srcActor="D0N9"/>
            <port dstActor="D0N21" name="p45" srcActor="D0N9"/>
            <port dstActor="D0N27" name="p46" srcActor="D0N3"/>
            <port dstActor="D0N12" name="p47" srcActor="D0N3"/>
            <port dstActor="D0N18" name="p48" srcActor="D0N3"/>
            <port dstActor="D0N26" name="p49" srcActor="D0N3"/>
            <port dstActor="D0N36" name="p50" srcActor="D0N3"/>
            <port dstActor="D0N9" name="p51" srcActor="D0N3"/>
            <port dstActor="D0N35" name="p52" srcActor="D0N1"/>
            <port dstActor="D0N24" name="p53" srcActor="D0N1"/>
            <port dstActor="D0N34" name="p54" srcActor="D0N1"/>
            <port dstActor="D0N41" name="p55" srcActor="D0N1"/>
            <port dstActor="D0N28" name="p56" srcActor="D0N1"/>
            <port dstActor="D0N41" name="p57" srcActor="D0N40"/>
            <port dstActor="D0N45" name="p58" srcActor="D0N40"/>
            <port dstActor="D0N45" name="p59" srcActor="D0N14"/>
            <port dstActor="D0N41" name="p60" srcActor="D0N14"/>
            <port dstActor="D0N38" name="p61" srcActor="D0N14"/>
            <port dstActor="D0N43" name="p62" srcActor="D0N14"/>
            <port dstActor="D0N43" name="p63" srcActor="D0N24"/>
            <port dstActor="D0N23" name="p64" srcActor="D0N21"/>
            <port dstActor="D0N30" name="p65" srcActor="D0N21"/>
            <port dstActor="D0N46" name="p66" srcActor="D0N37"/>
            <port dstActor="D0N38" name="p67" srcActor="D0N30"/>
            <port dstActor="D0N35" name="p68" srcActor="D0N32"/>
            <port dstActor="D0N47" name="p69" srcActor="D0N32"/>
            <port dstActor="D0N46" name="p70" srcActor="D0N32"/>
            <port dstActor="D0N42" name="p71" srcActor="D0N2"/>
            <port dstActor="D0N32" name="p72" srcActor="D0N2"/>
            <port dstActor="D0N28" name="p73" srcActor="D0N2"/>
            <port dstActor="D0N45" name="p74" srcActor="D0N2"/>
            <port dstActor="D0N39" name="p75" srcActor="D0N27"/>
            <port dstActor="D0N31" name="p76" srcActor="D0N10"/>
            <port dstActor="D0N35" name="p77" srcActor="D0N10"/>
            <port dstActor="D0N14" name="p78" srcActor="D0N10"/>
            <port dstActor="D0N48" name="p79" srcActor="D0N34"/>
            <port dstActor="D0N45" name="p80" srcActor="D0N34"/>
            <port dstActor="D0N36" name="p81" srcActor="D0N34"/>
            <port dstActor="D0N48" name="p82" srcActor="D0N41"/>
            <port dstActor="D0N29" name="p83" srcActor="D0N12"/>
            <port dstActor="D0N14" name="p84" srcActor="D0N12"/>
            <port dstActor="D0N19" name="p85" srcActor="D0N12"/>
            <port dstActor="D0N30" name="p86" srcActor="D0N17"/>
            <port dstActor="D0N34" name="p87" srcActor="D0N17"/>
            <port dstActor="D0N24" name="p88" srcActor="D0N17"/>
            <port dstActor="D0N32" name="p89" srcActor="D0N17"/>
            <port dstActor="D0N40" name="p90" srcActor="D0N15"/>
            <port dstActor="D0N46" name="p91" srcActor="D0N15"/>
            <port dstActor="D0N45" name="p92" srcActor="D0N15"/>
            <port dstActor="D0N28" name="p93" srcActor="D0N15"/>
            <port dstActor="D0N14" name="p94" srcActor="D0N0"/>
            <port dstActor="D0N11" name="p95" srcActor="D0N0"/>
            <port dstActor="D0N35" name="p96" srcActor="D0N0"/>
            <port dstActor="D0N13" name="p97" srcActor="D0N11"/>
            <port dstActor="D0N27" name="p98" srcActor="D0N11"/>
            <port dstActor="D0N47" name="p99" srcActor="D0N43"/>
            <port dstActor="D0N46" name="p100" srcActor="D0N43"/>
            <port dstActor="D0N38" name="p101" srcActor="D0N33"/>
            <port dstActor="D0N40" name="p102" srcActor="D0N39"/>
            <port dstActor="D0N36" name="p103" srcActor="D0N22"/>
            <port dstActor="D0N30" name="p104" srcActor="D0N22"/>
            <port dstActor="D0N35" name="p105" srcActor="D0N22"/>
            <port dstActor="D0N45" name="p106" srcActor="D0N22"/>
            <port dstActor="D0N34" name="p107" srcActor="D0N8"/>
            <port dstActor="D0N22" name="p108" srcActor="D0N8"/>
            <port dstActor="D0N19" name="p109" srcActor="D0N8"/>
            <port dstActor="D0N21" name="p110" srcActor="D0N8"/>
            <port dstActor="D0N13" name="p111" srcActor="D0N8"/>
            <port dstActor="D0N30" name="p112" srcActor="D0N8"/>
            <port dstActor="D0N17" name="p113" srcActor="D0N8"/>
            <port dstActor="D0N12" name="p114" srcActor="D0N8"/>
            <port dstActor="D0N24" name="p115" srcActor="D0N8"/>
            <port dstActor="D0N45" name="p116" srcActor="D0N28"/>
            <port dstActor="D0N44" name="p117" srcActor="D0N28"/>
            <port dstActor="D0N40" name="p118" srcActor="D0N28"/>
            <port dstActor="D0N38" name="p119" srcActor="D0N29"/>
            <port dstActor="D0N47" name="p120" srcActor="D0N4"/>
            <port dstActor="D0N42" name="p121" srcActor="D0N4"/>
            <port dstActor="D0N28" name="p122" srcActor="D0N4"/>
            <port dstActor="D0N26" name="p123" srcActor="D0N4"/>
        </ports>
    </mcdag>
    <cores number="3"/>
    <levels number="2"/>
</mcsystem>
