<?xml version="1.0" encoding="UTF-8" standalone="no"?>
<mcsystem>
    <mcdag deadline="1200" name="genned-0-ed-10.0-0">
        <actor name="D0N9">
            <wcet number="0">30</wcet>
            <wcet number="1">30</wcet>
            <maxpow number="0.6682399988033412"/>
            <maxpow number="0.6682399988033412"/>
            <fprob>0.0</fprob>
        </actor>
        <actor name="D0N43">
            <wcet number="0">90</wcet>
            <wcet number="1">90</wcet>
            <maxpow number="0.6197247600124463"/>
            <maxpow number="0.6197247600124463"/>
            <fprob>0.0</fprob>
        </actor>
        <actor name="D0N8">
            <wcet number="0">10</wcet>
            <wcet number="1">40</wcet>
            <maxpow number="0.37000419903888215"/>
            <maxpow number="0.37000419903888215"/>
            <fprob>0.0</fprob>
        </actor>
        <actor name="D0N36">
            <wcet number="0">20</wcet>
            <wcet number="1">30</wcet>
            <maxpow number="0.7736446450186845"/>
            <maxpow number="0.7736446450186845"/>
            <fprob>0.0</fprob>
        </actor>
        <actor name="D0N21">
            <wcet number="0">10</wcet>
            <wcet number="1">10</wcet>
            <maxpow number="0.6108670258383387"/>
            <maxpow number="0.6108670258383387"/>
            <fprob>0.0</fprob>
        </actor>
        <actor name="D0N12">
            <wcet number="0">20</wcet>
            <wcet number="1">20</wcet>
            <maxpow number="0.8366370822821476"/>
            <maxpow number="0.8366370822821476"/>
            <fprob>0.0</fprob>
        </actor>
        <actor name="D0N39">
            <wcet number="0">30</wcet>
            <wcet number="1">60</wcet>
            <maxpow number="0.3741485454608171"/>
            <maxpow number="0.3741485454608171"/>
            <fprob>0.0</fprob>
        </actor>
        <actor name="D0N29">
            <wcet number="0">10</wcet>
            <wcet number="1">10</wcet>
            <maxpow number="0.3445471236254173"/>
            <maxpow number="0.3445471236254173"/>
            <fprob>0.0</fprob>
        </actor>
        <actor name="D0N31">
            <wcet number="0">10</wcet>
            <wcet number="1">10</wcet>
            <maxpow number="0.6779066710332026"/>
            <maxpow number="0.6779066710332026"/>
            <fprob>0.0</fprob>
        </actor>
        <actor name="D0N19">
            <wcet number="0">80</wcet>
            <wcet number="1">310</wcet>
            <maxpow number="0.3648281061512413"/>
            <maxpow number="0.3648281061512413"/>
            <fprob>0.0</fprob>
        </actor>
        <actor name="D0N44">
            <wcet number="0">10</wcet>
            <wcet number="1">10</wcet>
            <maxpow number="0.4019699858851222"/>
            <maxpow number="0.4019699858851222"/>
            <fprob>0.0</fprob>
        </actor>
        <actor name="D0N6">
            <wcet number="0">70</wcet>
            <wcet number="1">70</wcet>
            <maxpow number="0.3601703819308099"/>
            <maxpow number="0.3601703819308099"/>
            <fprob>0.0</fprob>
        </actor>
        <actor name="D0N10">
            <wcet number="0">70</wcet>
            <wcet number="1">110</wcet>
            <maxpow number="0.7816631461357422"/>
            <maxpow number="0.7816631461357422"/>
            <fprob>0.0</fprob>
        </actor>
        <actor name="D0N13">
            <wcet number="0">10</wcet>
            <wcet number="1">30</wcet>
            <maxpow number="0.6342050787699786"/>
            <maxpow number="0.6342050787699786"/>
            <fprob>0.0</fprob>
        </actor>
        <actor name="D0N38">
            <wcet number="0">20</wcet>
            <wcet number="1">70</wcet>
            <maxpow number="0.5859590290051003"/>
            <maxpow number="0.5859590290051003"/>
            <fprob>0.0</fprob>
        </actor>
        <actor name="D0N7">
            <wcet number="0">10</wcet>
            <wcet number="1">30</wcet>
            <maxpow number="0.5264614092757368"/>
            <maxpow number="0.5264614092757368"/>
            <fprob>0.0</fprob>
        </actor>
        <actor name="D0N37">
            <wcet number="0">10</wcet>
            <wcet number="1">10</wcet>
            <maxpow number="0.24455477229403744"/>
            <maxpow number="0.24455477229403744"/>
            <fprob>0.0</fprob>
        </actor>
        <actor name="D0N35">
            <wcet number="0">10</wcet>
            <wcet number="1">20</wcet>
            <maxpow number="0.41450867586390755"/>
            <maxpow number="0.41450867586390755"/>
            <fprob>0.0</fprob>
        </actor>
        <actor name="D0N28">
            <wcet number="0">40</wcet>
            <wcet number="1">60</wcet>
            <maxpow number="0.6379501971490903"/>
            <maxpow number="0.6379501971490903"/>
            <fprob>0.0</fprob>
        </actor>
        <actor name="D0N5">
            <wcet number="0">20</wcet>
            <wcet number="1">50</wcet>
            <maxpow number="0.4571634413121751"/>
            <maxpow number="0.4571634413121751"/>
            <fprob>0.0</fprob>
        </actor>
        <actor name="D0N14">
            <wcet number="0">20</wcet>
            <wcet number="1">20</wcet>
            <maxpow number="0.42962780667586487"/>
            <maxpow number="0.42962780667586487"/>
            <fprob>0.0</fprob>
        </actor>
        <actor name="D0N33">
            <wcet number="0">10</wcet>
            <wcet number="1">10</wcet>
            <maxpow number="0.7644311689622719"/>
            <maxpow number="0.7644311689622719"/>
            <fprob>0.0</fprob>
        </actor>
        <actor name="D0N4">
            <wcet number="0">10</wcet>
            <wcet number="1">70</wcet>
            <maxpow number="0.5730867348703299"/>
            <maxpow number="0.5730867348703299"/>
            <fprob>0.0</fprob>
        </actor>
        <actor name="D0N20">
            <wcet number="0">70</wcet>
            <wcet number="1">70</wcet>
            <maxpow number="0.7461189060130173"/>
            <maxpow number="0.7461189060130173"/>
            <fprob>0.0</fprob>
        </actor>
        <actor name="D0N26">
            <wcet number="0">20</wcet>
            <wcet number="1">40</wcet>
            <maxpow number="0.3614761897683213"/>
            <maxpow number="0.3614761897683213"/>
            <fprob>0.0</fprob>
        </actor>
        <actor name="D0N3">
            <wcet number="0">20</wcet>
            <wcet number="1">20</wcet>
            <maxpow number="0.4174362632486549"/>
            <maxpow number="0.4174362632486549"/>
            <fprob>0.0</fprob>
        </actor>
        <actor name="D0N11">
            <wcet number="0">20</wcet>
            <wcet number="1">40</wcet>
            <maxpow number="0.3493343159366675"/>
            <maxpow number="0.3493343159366675"/>
            <fprob>0.0</fprob>
        </actor>
        <actor name="D0N15">
            <wcet number="0">130</wcet>
            <wcet number="1">190</wcet>
            <maxpow number="0.5053910401898407"/>
            <maxpow number="0.5053910401898407"/>
            <fprob>0.0</fprob>
        </actor>
        <actor name="D0N32">
            <wcet number="0">10</wcet>
            <wcet number="1">10</wcet>
            <maxpow number="0.47254580275934066"/>
            <maxpow number="0.47254580275934066"/>
            <fprob>0.0</fprob>
        </actor>
        <actor name="D0N1">
            <wcet number="0">30</wcet>
            <wcet number="1">30</wcet>
            <maxpow number="0.7293609777314283"/>
            <maxpow number="0.7293609777314283"/>
            <fprob>0.0</fprob>
        </actor>
        <actor name="D0N40">
            <wcet number="0">10</wcet>
            <wcet number="1">60</wcet>
            <maxpow number="0.6058146669602587"/>
            <maxpow number="0.6058146669602587"/>
            <fprob>0.0</fprob>
        </actor>
        <actor name="D0N17">
            <wcet number="0">10</wcet>
            <wcet number="1">50</wcet>
            <maxpow number="0.5321483463022081"/>
            <maxpow number="0.5321483463022081"/>
            <fprob>0.0</fprob>
        </actor>
        <actor name="D0N23">
            <wcet number="0">20</wcet>
            <wcet number="1">20</wcet>
            <maxpow number="0.40729326091542345"/>
            <maxpow number="0.40729326091542345"/>
            <fprob>0.0</fprob>
        </actor>
        <actor name="D0N2">
            <wcet number="0">10</wcet>
            <wcet number="1">10</wcet>
            <maxpow number="0.4494972830055281"/>
            <maxpow number="0.4494972830055281"/>
            <fprob>0.0</fprob>
        </actor>
        <actor name="D0N18">
            <wcet number="0">10</wcet>
            <wcet number="1">60</wcet>
            <maxpow number="0.6101396038416423"/>
            <maxpow number="0.6101396038416423"/>
            <fprob>0.0</fprob>
        </actor>
        <actor name="D0N0">
            <wcet number="0">100</wcet>
            <wcet number="1">110</wcet>
            <maxpow number="0.5283615223439081"/>
            <maxpow number="0.5283615223439081"/>
            <fprob>0.0</fprob>
        </actor>
        <actor name="D0N27">
            <wcet number="0">10</wcet>
            <wcet number="1">30</wcet>
            <maxpow number="0.5649625735242899"/>
            <maxpow number="0.5649625735242899"/>
            <fprob>0.0</fprob>
        </actor>
        <actor name="D0N41">
            <wcet number="0">40</wcet>
            <wcet number="1">130</wcet>
            <maxpow number="0.5331958528250786"/>
            <maxpow number="0.5331958528250786"/>
            <fprob>0.0</fprob>
        </actor>
        <actor name="D0N30">
            <wcet number="0">80</wcet>
            <wcet number="1">90</wcet>
            <maxpow number="0.581207610572548"/>
            <maxpow number="0.581207610572548"/>
            <fprob>0.0</fprob>
        </actor>
        <actor name="D0N25">
            <wcet number="0">20</wcet>
            <wcet number="1">20</wcet>
            <maxpow number="0.7045406270903375"/>
            <maxpow number="0.7045406270903375"/>
            <fprob>0.0</fprob>
        </actor>
        <actor name="D0N16">
            <wcet number="0">90</wcet>
            <wcet number="1">90</wcet>
            <maxpow number="0.3664492897640424"/>
            <maxpow number="0.3664492897640424"/>
            <fprob>0.0</fprob>
        </actor>
        <actor name="D0N34">
            <wcet number="0">60</wcet>
            <wcet number="1">160</wcet>
            <maxpow number="0.6477996177500291"/>
            <maxpow number="0.6477996177500291"/>
            <fprob>0.0</fprob>
        </actor>
        <actor name="D0N42">
            <wcet number="0">50</wcet>
            <wcet number="1">80</wcet>
            <maxpow number="0.6408409096155463"/>
            <maxpow number="0.6408409096155463"/>
            <fprob>0.0</fprob>
        </actor>
        <actor name="D0N24">
            <wcet number="0">50</wcet>
            <wcet number="1">60</wcet>
            <maxpow number="0.2741031932065835"/>
            <maxpow number="0.2741031932065835"/>
            <fprob>0.0</fprob>
        </actor>
        <actor name="D0N22">
            <wcet number="0">60</wcet>
            <wcet number="1">100</wcet>
            <maxpow number="0.29701011365187363"/>
            <maxpow number="0.29701011365187363"/>
            <fprob>0.0</fprob>
        </actor>
        <ports>
            <port dstActor="D0N24" name="p0" srcActor="D0N9"/>
            <port dstActor="D0N13" name="p1" srcActor="D0N9"/>
            <port dstActor="D0N41" name="p2" srcActor="D0N9"/>
            <port dstActor="D0N14" name="p3" srcActor="D0N9"/>
            <port dstActor="D0N17" name="p4" srcActor="D0N8"/>
            <port dstActor="D0N27" name="p5" srcActor="D0N8"/>
            <port dstActor="D0N27" name="p6" srcActor="D0N21"/>
            <port dstActor="D0N39" name="p7" srcActor="D0N29"/>
            <port dstActor="D0N39" name="p8" srcActor="D0N31"/>
            <port dstActor="D0N43" name="p9" srcActor="D0N19"/>
            <port dstActor="D0N42" name="p10" srcActor="D0N19"/>
            <port dstActor="D0N33" name="p11" srcActor="D0N19"/>
            <port dstActor="D0N42" name="p12" srcActor="D0N6"/>
            <port dstActor="D0N7" name="p13" srcActor="D0N6"/>
            <port dstActor="D0N26" name="p14" srcActor="D0N6"/>
            <port dstActor="D0N13" name="p15" srcActor="D0N6"/>
            <port dstActor="D0N16" name="p16" srcActor="D0N6"/>
            <port dstActor="D0N35" name="p17" srcActor="D0N6"/>
            <port dstActor="D0N18" name="p18" srcActor="D0N6"/>
            <port dstActor="D0N22" name="p19" srcActor="D0N6"/>
            <port dstActor="D0N8" name="p20" srcActor="D0N6"/>
            <port dstActor="D0N20" name="p21" srcActor="D0N10"/>
            <port dstActor="D0N42" name="p22" srcActor="D0N10"/>
            <port dstActor="D0N14" name="p23" srcActor="D0N10"/>
            <port dstActor="D0N13" name="p24" srcActor="D0N10"/>
            <port dstActor="D0N32" name="p25" srcActor="D0N10"/>
            <port dstActor="D0N33" name="p26" srcActor="D0N10"/>
            <port dstActor="D0N26" name="p27" srcActor="D0N13"/>
            <port dstActor="D0N8" name="p28" srcActor="D0N7"/>
            <port dstActor="D0N42" name="p29" srcActor="D0N7"/>
            <port dstActor="D0N38" name="p30" srcActor="D0N7"/>
            <port dstActor="D0N30" name="p31" srcActor="D0N7"/>
            <port dstActor="D0N31" name="p32" srcActor="D0N7"/>
            <port dstActor="D0N44" name="p33" srcActor="D0N7"/>
            <port dstActor="D0N17" name="p34" srcActor="D0N7"/>
            <port dstActor="D0N39" name="p35" srcActor="D0N37"/>
            <port dstActor="D0N43" name="p36" srcActor="D0N28"/>
            <port dstActor="D0N33" name="p37" srcActor="D0N5"/>
            <port dstActor="D0N17" name="p38" srcActor="D0N5"/>
            <port dstActor="D0N34" name="p39" srcActor="D0N5"/>
            <port dstActor="D0N39" name="p40" srcActor="D0N5"/>
            <port dstActor="D0N28" name="p41" srcActor="D0N14"/>
            <port dstActor="D0N16" name="p42" srcActor="D0N14"/>
            <port dstActor="D0N29" name="p43" srcActor="D0N14"/>
            <port dstActor="D0N22" name="p44" srcActor="D0N14"/>
            <port dstActor="D0N32" name="p45" srcActor="D0N14"/>
            <port dstActor="D0N36" name="p46" srcActor="D0N33"/>
            <port dstActor="D0N7" name="p47" srcActor="D0N4"/>
            <port dstActor="D0N29" name="p48" srcActor="D0N4"/>
            <port dstActor="D0N40" name="p49" srcActor="D0N4"/>
            <port dstActor="D0N41" name="p50" srcActor="D0N4"/>
            <port dstActor="D0N23" name="p51" srcActor="D0N20"/>
            <port dstActor="D0N27" name="p52" srcActor="D0N26"/>
            <port dstActor="D0N41" name="p53" srcActor="D0N26"/>
            <port dstActor="D0N34" name="p54" srcActor="D0N26"/>
            <port dstActor="D0N36" name="p55" srcActor="D0N26"/>
            <port dstActor="D0N42" name="p56" srcActor="D0N26"/>
            <port dstActor="D0N39" name="p57" srcActor="D0N3"/>
            <port dstActor="D0N35" name="p58" srcActor="D0N3"/>
            <port dstActor="D0N9" name="p59" srcActor="D0N3"/>
            <port dstActor="D0N24" name="p60" srcActor="D0N3"/>
            <port dstActor="D0N12" name="p61" srcActor="D0N1"/>
            <port dstActor="D0N17" name="p62" srcActor="D0N1"/>
            <port dstActor="D0N27" name="p63" srcActor="D0N1"/>
            <port dstActor="D0N35" name="p64" srcActor="D0N1"/>
            <port dstActor="D0N40" name="p65" srcActor="D0N1"/>
            <port dstActor="D0N41" name="p66" srcActor="D0N40"/>
            <port dstActor="D0N42" name="p67" srcActor="D0N17"/>
            <port dstActor="D0N18" name="p68" srcActor="D0N17"/>
            <port dstActor="D0N22" name="p69" srcActor="D0N17"/>
            <port dstActor="D0N26" name="p70" srcActor="D0N17"/>
            <port dstActor="D0N21" name="p71" srcActor="D0N17"/>
            <port dstActor="D0N24" name="p72" srcActor="D0N23"/>
            <port dstActor="D0N26" name="p73" srcActor="D0N23"/>
            <port dstActor="D0N26" name="p74" srcActor="D0N2"/>
            <port dstActor="D0N41" name="p75" srcActor="D0N18"/>
            <port dstActor="D0N19" name="p76" srcActor="D0N18"/>
            <port dstActor="D0N20" name="p77" srcActor="D0N0"/>
            <port dstActor="D0N8" name="p78" srcActor="D0N0"/>
            <port dstActor="D0N23" name="p79" srcActor="D0N0"/>
            <port dstActor="D0N35" name="p80" srcActor="D0N0"/>
            <port dstActor="D0N6" name="p81" srcActor="D0N0"/>
            <port dstActor="D0N16" name="p82" srcActor="D0N0"/>
            <port dstActor="D0N36" name="p83" srcActor="D0N0"/>
            <port dstActor="D0N29" name="p84" srcActor="D0N27"/>
            <port dstActor="D0N36" name="p85" srcActor="D0N27"/>
            <port dstActor="D0N31" name="p86" srcActor="D0N30"/>
            <port dstActor="D0N41" name="p87" srcActor="D0N30"/>
            <port dstActor="D0N32" name="p88" srcActor="D0N30"/>
            <port dstActor="D0N26" name="p89" srcActor="D0N25"/>
            <port dstActor="D0N29" name="p90" srcActor="D0N25"/>
            <port dstActor="D0N40" name="p91" srcActor="D0N25"/>
            <port dstActor="D0N43" name="p92" srcActor="D0N24"/>
            <port dstActor="D0N31" name="p93" srcActor="D0N24"/>
        </ports>
    </mcdag>
    <cores number="3"/>
    <levels number="2"/>
</mcsystem>
