<?xml version="1.0" encoding="UTF-8" standalone="no"?>
<mcsystem>
    <mcdag deadline="4000" name="genned-0-ed-10.0-0">
        <actor name="D0N48">
            <wcet number="0">30</wcet>
            <wcet number="1">30</wcet>
            <maxpow number="0.3704680896753853"/>
            <maxpow number="0.3704680896753853"/>
            <fprob>0.0</fprob>
        </actor>
        <actor name="D0N16">
            <wcet number="0">40</wcet>
            <wcet number="1">320</wcet>
            <maxpow number="0.34745380143727334"/>
            <maxpow number="0.34745380143727334"/>
            <fprob>0.0</fprob>
        </actor>
        <actor name="D0N40">
            <wcet number="0">10</wcet>
            <wcet number="1">50</wcet>
            <maxpow number="0.6237385253900761"/>
            <maxpow number="0.6237385253900761"/>
            <fprob>0.0</fprob>
        </actor>
        <actor name="D0N13">
            <wcet number="0">150</wcet>
            <wcet number="1">270</wcet>
            <maxpow number="0.25713293514613256"/>
            <maxpow number="0.25713293514613256"/>
            <fprob>0.0</fprob>
        </actor>
        <actor name="D0N17">
            <wcet number="0">280</wcet>
            <wcet number="1">560</wcet>
            <maxpow number="0.5658189570644678"/>
            <maxpow number="0.5658189570644678"/>
            <fprob>0.0</fprob>
        </actor>
        <actor name="D0N4">
            <wcet number="0">150</wcet>
            <wcet number="1">300</wcet>
            <maxpow number="0.1751548678879376"/>
            <maxpow number="0.1751548678879376"/>
            <fprob>0.0</fprob>
        </actor>
        <actor name="D0N18">
            <wcet number="0">20</wcet>
            <wcet number="1">40</wcet>
            <maxpow number="0.35263379510709547"/>
            <maxpow number="0.35263379510709547"/>
            <fprob>0.0</fprob>
        </actor>
        <actor name="D0N46">
            <wcet number="0">130</wcet>
            <wcet number="1">230</wcet>
            <maxpow number="0.3532114535699334"/>
            <maxpow number="0.3532114535699334"/>
            <fprob>0.0</fprob>
        </actor>
        <actor name="D0N6">
            <wcet number="0">10</wcet>
            <wcet number="1">20</wcet>
            <maxpow number="0.5606750703945251"/>
            <maxpow number="0.5606750703945251"/>
            <fprob>0.0</fprob>
        </actor>
        <actor name="D0N39">
            <wcet number="0">50</wcet>
            <wcet number="1">50</wcet>
            <maxpow number="0.8042550255583298"/>
            <maxpow number="0.8042550255583298"/>
            <fprob>0.0</fprob>
        </actor>
        <actor name="D0N25">
            <wcet number="0">20</wcet>
            <wcet number="1">160</wcet>
            <maxpow number="0.5121083513223255"/>
            <maxpow number="0.5121083513223255"/>
            <fprob>0.0</fprob>
        </actor>
        <actor name="D0N42">
            <wcet number="0">330</wcet>
            <wcet number="1">580</wcet>
            <maxpow number="0.7767218224913046"/>
            <maxpow number="0.7767218224913046"/>
            <fprob>0.0</fprob>
        </actor>
        <actor name="D0N30">
            <wcet number="0">10</wcet>
            <wcet number="1">20</wcet>
            <maxpow number="0.5857647464210658"/>
            <maxpow number="0.5857647464210658"/>
            <fprob>0.0</fprob>
        </actor>
        <actor name="D0N35">
            <wcet number="0">60</wcet>
            <wcet number="1">110</wcet>
            <maxpow number="0.7275513199218744"/>
            <maxpow number="0.7275513199218744"/>
            <fprob>0.0</fprob>
        </actor>
        <actor name="D0N21">
            <wcet number="0">330</wcet>
            <wcet number="1">480</wcet>
            <maxpow number="0.6846232043533628"/>
            <maxpow number="0.6846232043533628"/>
            <fprob>0.0</fprob>
        </actor>
        <actor name="D0N14">
            <wcet number="0">70</wcet>
            <wcet number="1">190</wcet>
            <maxpow number="0.546444747291452"/>
            <maxpow number="0.546444747291452"/>
            <fprob>0.0</fprob>
        </actor>
        <actor name="D0N28">
            <wcet number="0">120</wcet>
            <wcet number="1">250</wcet>
            <maxpow number="0.33276337861476096"/>
            <maxpow number="0.33276337861476096"/>
            <fprob>0.0</fprob>
        </actor>
        <actor name="D0N47">
            <wcet number="0">100</wcet>
            <wcet number="1">110</wcet>
            <maxpow number="0.4909500749079292"/>
            <maxpow number="0.4909500749079292"/>
            <fprob>0.0</fprob>
        </actor>
        <actor name="D0N20">
            <wcet number="0">70</wcet>
            <wcet number="1">140</wcet>
            <maxpow number="0.7486272252814419"/>
            <maxpow number="0.7486272252814419"/>
            <fprob>0.0</fprob>
        </actor>
        <actor name="D0N8">
            <wcet number="0">30</wcet>
            <wcet number="1">70</wcet>
            <maxpow number="0.6395538496273282"/>
            <maxpow number="0.6395538496273282"/>
            <fprob>0.0</fprob>
        </actor>
        <actor name="D0N22">
            <wcet number="0">170</wcet>
            <wcet number="1">220</wcet>
            <maxpow number="0.4386178437115875"/>
            <maxpow number="0.4386178437115875"/>
            <fprob>0.0</fprob>
        </actor>
        <actor name="D0N36">
            <wcet number="0">200</wcet>
            <wcet number="1">400</wcet>
            <maxpow number="0.5277903897334686"/>
            <maxpow number="0.5277903897334686"/>
            <fprob>0.0</fprob>
        </actor>
        <actor name="D0N33">
            <wcet number="0">30</wcet>
            <wcet number="1">250</wcet>
            <maxpow number="0.6784697607680981"/>
            <maxpow number="0.6784697607680981"/>
            <fprob>0.0</fprob>
        </actor>
        <actor name="D0N19">
            <wcet number="0">90</wcet>
            <wcet number="1">230</wcet>
            <maxpow number="0.6298184765720678"/>
            <maxpow number="0.6298184765720678"/>
            <fprob>0.0</fprob>
        </actor>
        <actor name="D0N43">
            <wcet number="0">10</wcet>
            <wcet number="1">140</wcet>
            <maxpow number="0.2885588323096921"/>
            <maxpow number="0.2885588323096921"/>
            <fprob>0.0</fprob>
        </actor>
        <actor name="D0N7">
            <wcet number="0">20</wcet>
            <wcet number="1">40</wcet>
            <maxpow number="0.40246924377463456"/>
            <maxpow number="0.40246924377463456"/>
            <fprob>0.0</fprob>
        </actor>
        <actor name="D0N9">
            <wcet number="0">40</wcet>
            <wcet number="1">40</wcet>
            <maxpow number="0.4760412398394065"/>
            <maxpow number="0.4760412398394065"/>
            <fprob>0.0</fprob>
        </actor>
        <actor name="D0N15">
            <wcet number="0">20</wcet>
            <wcet number="1">80</wcet>
            <maxpow number="0.934599730770173"/>
            <maxpow number="0.934599730770173"/>
            <fprob>0.0</fprob>
        </actor>
        <actor name="D0N27">
            <wcet number="0">70</wcet>
            <wcet number="1">90</wcet>
            <maxpow number="0.24121549707328077"/>
            <maxpow number="0.24121549707328077"/>
            <fprob>0.0</fprob>
        </actor>
        <actor name="D0N41">
            <wcet number="0">10</wcet>
            <wcet number="1">60</wcet>
            <maxpow number="0.7313833762180693"/>
            <maxpow number="0.7313833762180693"/>
            <fprob>0.0</fprob>
        </actor>
        <actor name="D0N38">
            <wcet number="0">160</wcet>
            <wcet number="1">200</wcet>
            <maxpow number="0.7503217403902398"/>
            <maxpow number="0.7503217403902398"/>
            <fprob>0.0</fprob>
        </actor>
        <actor name="D0N3">
            <wcet number="0">50</wcet>
            <wcet number="1">90</wcet>
            <maxpow number="0.6762514295713389"/>
            <maxpow number="0.6762514295713389"/>
            <fprob>0.0</fprob>
        </actor>
        <actor name="D0N11">
            <wcet number="0">120</wcet>
            <wcet number="1">230</wcet>
            <maxpow number="0.32993603625594004"/>
            <maxpow number="0.32993603625594004"/>
            <fprob>0.0</fprob>
        </actor>
        <actor name="D0N1">
            <wcet number="0">60</wcet>
            <wcet number="1">220</wcet>
            <maxpow number="0.37249170297215684"/>
            <maxpow number="0.37249170297215684"/>
            <fprob>0.0</fprob>
        </actor>
        <actor name="D0N12">
            <wcet number="0">100</wcet>
            <wcet number="1">260</wcet>
            <maxpow number="0.6677375565663229"/>
            <maxpow number="0.6677375565663229"/>
            <fprob>0.0</fprob>
        </actor>
        <actor name="D0N5">
            <wcet number="0">40</wcet>
            <wcet number="1">150</wcet>
            <maxpow number="0.46681182137549887"/>
            <maxpow number="0.46681182137549887"/>
            <fprob>0.0</fprob>
        </actor>
        <actor name="D0N24">
            <wcet number="0">70</wcet>
            <wcet number="1">90</wcet>
            <maxpow number="0.7464851889371064"/>
            <maxpow number="0.7464851889371064"/>
            <fprob>0.0</fprob>
        </actor>
        <actor name="D0N44">
            <wcet number="0">10</wcet>
            <wcet number="1">50</wcet>
            <maxpow number="0.3232178270879255"/>
            <maxpow number="0.3232178270879255"/>
            <fprob>0.0</fprob>
        </actor>
        <actor name="D0N34">
            <wcet number="0">60</wcet>
            <wcet number="1">70</wcet>
            <maxpow number="0.6549295163734058"/>
            <maxpow number="0.6549295163734058"/>
            <fprob>0.0</fprob>
        </actor>
        <actor name="D0N31">
            <wcet number="0">10</wcet>
            <wcet number="1">10</wcet>
            <maxpow number="0.49459942864832096"/>
            <maxpow number="0.49459942864832096"/>
            <fprob>0.0</fprob>
        </actor>
        <actor name="D0N0">
            <wcet number="0">60</wcet>
            <wcet number="1">280</wcet>
            <maxpow number="0.5516393784154442"/>
            <maxpow number="0.5516393784154442"/>
            <fprob>0.0</fprob>
        </actor>
        <actor name="D0N23">
            <wcet number="0">80</wcet>
            <wcet number="1">120</wcet>
            <maxpow number="0.45689679480603307"/>
            <maxpow number="0.45689679480603307"/>
            <fprob>0.0</fprob>
        </actor>
        <actor name="D0N32">
            <wcet number="0">130</wcet>
            <wcet number="1">300</wcet>
            <maxpow number="0.08032444986064557"/>
            <maxpow number="0.08032444986064557"/>
            <fprob>0.0</fprob>
        </actor>
        <actor name="D0N2">
            <wcet number="0">50</wcet>
            <wcet number="1">60</wcet>
            <maxpow number="0.7768557550612896"/>
            <maxpow number="0.7768557550612896"/>
            <fprob>0.0</fprob>
        </actor>
        <actor name="D0N45">
            <wcet number="0">110</wcet>
            <wcet number="1">350</wcet>
            <maxpow number="0.5111612871154215"/>
            <maxpow number="0.5111612871154215"/>
            <fprob>0.0</fprob>
        </actor>
        <actor name="D0N29">
            <wcet number="0">10</wcet>
            <wcet number="1">10</wcet>
            <maxpow number="0.5518037582263469"/>
            <maxpow number="0.5518037582263469"/>
            <fprob>0.0</fprob>
        </actor>
        <actor name="D0N10">
            <wcet number="0">60</wcet>
            <wcet number="1">150</wcet>
            <maxpow number="0.6936589847547554"/>
            <maxpow number="0.6936589847547554"/>
            <fprob>0.0</fprob>
        </actor>
        <actor name="D0N26">
            <wcet number="0">150</wcet>
            <wcet number="1">210</wcet>
            <maxpow number="0.3666124566016454"/>
            <maxpow number="0.3666124566016454"/>
            <fprob>0.0</fprob>
        </actor>
        <actor name="D0N37">
            <wcet number="0">20</wcet>
            <wcet number="1">20</wcet>
            <maxpow number="0.20580665132508408"/>
            <maxpow number="0.20580665132508408"/>
            <fprob>0.0</fprob>
        </actor>
        <ports>
            <port dstActor="D0N29" name="p0" srcActor="D0N16"/>
            <port dstActor="D0N27" name="p1" srcActor="D0N16"/>
            <port dstActor="D0N41" name="p2" srcActor="D0N16"/>
            <port dstActor="D0N41" name="p3" srcActor="D0N40"/>
            <port dstActor="D0N45" name="p4" srcActor="D0N40"/>
            <port dstActor="D0N26" name="p5" srcActor="D0N13"/>
            <port dstActor="D0N16" name="p6" srcActor="D0N13"/>
            <port dstActor="D0N35" name="p7" srcActor="D0N13"/>
            <port dstActor="D0N43" name="p8" srcActor="D0N13"/>
            <port dstActor="D0N31" name="p9" srcActor="D0N17"/>
            <port dstActor="D0N31" name="p10" srcActor="D0N4"/>
            <port dstActor="D0N44" name="p11" srcActor="D0N4"/>
            <port dstActor="D0N23" name="p12" srcActor="D0N4"/>
            <port dstActor="D0N39" name="p13" srcActor="D0N4"/>
            <port dstActor="D0N16" name="p14" srcActor="D0N4"/>
            <port dstActor="D0N42" name="p15" srcActor="D0N18"/>
            <port dstActor="D0N36" name="p16" srcActor="D0N18"/>
            <port dstActor="D0N41" name="p17" srcActor="D0N18"/>
            <port dstActor="D0N46" name="p18" srcActor="D0N18"/>
            <port dstActor="D0N39" name="p19" srcActor="D0N6"/>
            <port dstActor="D0N30" name="p20" srcActor="D0N6"/>
            <port dstActor="D0N20" name="p21" srcActor="D0N6"/>
            <port dstActor="D0N27" name="p22" srcActor="D0N25"/>
            <port dstActor="D0N34" name="p23" srcActor="D0N25"/>
            <port dstActor="D0N38" name="p24" srcActor="D0N30"/>
            <port dstActor="D0N42" name="p25" srcActor="D0N30"/>
            <port dstActor="D0N36" name="p26" srcActor="D0N21"/>
            <port dstActor="D0N44" name="p27" srcActor="D0N21"/>
            <port dstActor="D0N28" name="p28" srcActor="D0N21"/>
            <port dstActor="D0N25" name="p29" srcActor="D0N14"/>
            <port dstActor="D0N41" name="p30" srcActor="D0N20"/>
            <port dstActor="D0N33" name="p31" srcActor="D0N20"/>
            <port dstActor="D0N10" name="p32" srcActor="D0N8"/>
            <port dstActor="D0N28" name="p33" srcActor="D0N8"/>
            <port dstActor="D0N41" name="p34" srcActor="D0N8"/>
            <port dstActor="D0N39" name="p35" srcActor="D0N22"/>
            <port dstActor="D0N46" name="p36" srcActor="D0N22"/>
            <port dstActor="D0N32" name="p37" srcActor="D0N22"/>
            <port dstActor="D0N45" name="p38" srcActor="D0N36"/>
            <port dstActor="D0N48" name="p39" srcActor="D0N33"/>
            <port dstActor="D0N38" name="p40" srcActor="D0N33"/>
            <port dstActor="D0N35" name="p41" srcActor="D0N19"/>
            <port dstActor="D0N30" name="p42" srcActor="D0N19"/>
            <port dstActor="D0N43" name="p43" srcActor="D0N7"/>
            <port dstActor="D0N31" name="p44" srcActor="D0N7"/>
            <port dstActor="D0N8" name="p45" srcActor="D0N7"/>
            <port dstActor="D0N47" name="p46" srcActor="D0N7"/>
            <port dstActor="D0N15" name="p47" srcActor="D0N7"/>
            <port dstActor="D0N13" name="p48" srcActor="D0N9"/>
            <port dstActor="D0N38" name="p49" srcActor="D0N15"/>
            <port dstActor="D0N31" name="p50" srcActor="D0N27"/>
            <port dstActor="D0N46" name="p51" srcActor="D0N41"/>
            <port dstActor="D0N44" name="p52" srcActor="D0N38"/>
            <port dstActor="D0N41" name="p53" srcActor="D0N38"/>
            <port dstActor="D0N43" name="p54" srcActor="D0N38"/>
            <port dstActor="D0N35" name="p55" srcActor="D0N3"/>
            <port dstActor="D0N11" name="p56" srcActor="D0N3"/>
            <port dstActor="D0N40" name="p57" srcActor="D0N3"/>
            <port dstActor="D0N25" name="p58" srcActor="D0N3"/>
            <port dstActor="D0N13" name="p59" srcActor="D0N3"/>
            <port dstActor="D0N6" name="p60" srcActor="D0N3"/>
            <port dstActor="D0N13" name="p61" srcActor="D0N11"/>
            <port dstActor="D0N24" name="p62" srcActor="D0N11"/>
            <port dstActor="D0N17" name="p63" srcActor="D0N11"/>
            <port dstActor="D0N47" name="p64" srcActor="D0N11"/>
            <port dstActor="D0N41" name="p65" srcActor="D0N1"/>
            <port dstActor="D0N6" name="p66" srcActor="D0N1"/>
            <port dstActor="D0N39" name="p67" srcActor="D0N1"/>
            <port dstActor="D0N11" name="p68" srcActor="D0N1"/>
            <port dstActor="D0N40" name="p69" srcActor="D0N1"/>
            <port dstActor="D0N30" name="p70" srcActor="D0N12"/>
            <port dstActor="D0N33" name="p71" srcActor="D0N12"/>
            <port dstActor="D0N30" name="p72" srcActor="D0N5"/>
            <port dstActor="D0N42" name="p73" srcActor="D0N5"/>
            <port dstActor="D0N48" name="p74" srcActor="D0N5"/>
            <port dstActor="D0N26" name="p75" srcActor="D0N5"/>
            <port dstActor="D0N12" name="p76" srcActor="D0N5"/>
            <port dstActor="D0N44" name="p77" srcActor="D0N34"/>
            <port dstActor="D0N36" name="p78" srcActor="D0N31"/>
            <port dstActor="D0N22" name="p79" srcActor="D0N0"/>
            <port dstActor="D0N30" name="p80" srcActor="D0N0"/>
            <port dstActor="D0N45" name="p81" srcActor="D0N0"/>
            <port dstActor="D0N19" name="p82" srcActor="D0N0"/>
            <port dstActor="D0N38" name="p83" srcActor="D0N0"/>
            <port dstActor="D0N45" name="p84" srcActor="D0N32"/>
            <port dstActor="D0N34" name="p85" srcActor="D0N2"/>
            <port dstActor="D0N13" name="p86" srcActor="D0N2"/>
            <port dstActor="D0N14" name="p87" srcActor="D0N2"/>
            <port dstActor="D0N41" name="p88" srcActor="D0N2"/>
            <port dstActor="D0N47" name="p89" srcActor="D0N2"/>
            <port dstActor="D0N19" name="p90" srcActor="D0N2"/>
            <port dstActor="D0N33" name="p91" srcActor="D0N29"/>
            <port dstActor="D0N30" name="p92" srcActor="D0N29"/>
            <port dstActor="D0N37" name="p93" srcActor="D0N29"/>
            <port dstActor="D0N22" name="p94" srcActor="D0N10"/>
            <port dstActor="D0N39" name="p95" srcActor="D0N10"/>
            <port dstActor="D0N42" name="p96" srcActor="D0N37"/>
        </ports>
    </mcdag>
    <cores number="3"/>
    <levels number="2"/>
</mcsystem>
