<?xml version="1.0" encoding="UTF-8" standalone="no"?>
<mcsystem>
    <mcdag deadline="1500" name="genned-0-ed-10.0-0">
        <actor name="D0N12">
            <wcet number="0">70</wcet>
            <wcet number="1">130</wcet>
            <maxpow number="0.5264560240000717"/>
            <maxpow number="0.5264560240000717"/>
            <fprob>0.0</fprob>
        </actor>
        <actor name="D0N17">
            <wcet number="0">30</wcet>
            <wcet number="1">30</wcet>
            <maxpow number="0.596142328054013"/>
            <maxpow number="0.596142328054013"/>
            <fprob>0.0</fprob>
        </actor>
        <actor name="D0N22">
            <wcet number="0">130</wcet>
            <wcet number="1">150</wcet>
            <maxpow number="0.6692781292332943"/>
            <maxpow number="0.6692781292332943"/>
            <fprob>0.0</fprob>
        </actor>
        <actor name="D0N4">
            <wcet number="0">20</wcet>
            <wcet number="1">150</wcet>
            <maxpow number="0.482684321246731"/>
            <maxpow number="0.482684321246731"/>
            <fprob>0.0</fprob>
        </actor>
        <actor name="D0N8">
            <wcet number="0">10</wcet>
            <wcet number="1">10</wcet>
            <maxpow number="0.7484314344655316"/>
            <maxpow number="0.7484314344655316"/>
            <fprob>0.0</fprob>
        </actor>
        <actor name="D0N28">
            <wcet number="0">20</wcet>
            <wcet number="1">20</wcet>
            <maxpow number="0.5001886155078528"/>
            <maxpow number="0.5001886155078528"/>
            <fprob>0.0</fprob>
        </actor>
        <actor name="D0N24">
            <wcet number="0">10</wcet>
            <wcet number="1">20</wcet>
            <maxpow number="0.6119396898524162"/>
            <maxpow number="0.6119396898524162"/>
            <fprob>0.0</fprob>
        </actor>
        <actor name="D0N27">
            <wcet number="0">70</wcet>
            <wcet number="1">90</wcet>
            <maxpow number="0.6726545829174856"/>
            <maxpow number="0.6726545829174856"/>
            <fprob>0.0</fprob>
        </actor>
        <actor name="D0N9">
            <wcet number="0">10</wcet>
            <wcet number="1">60</wcet>
            <maxpow number="0.507126055210557"/>
            <maxpow number="0.507126055210557"/>
            <fprob>0.0</fprob>
        </actor>
        <actor name="D0N5">
            <wcet number="0">90</wcet>
            <wcet number="1">260</wcet>
            <maxpow number="0.7093260549629519"/>
            <maxpow number="0.7093260549629519"/>
            <fprob>0.0</fprob>
        </actor>
        <actor name="D0N45">
            <wcet number="0">10</wcet>
            <wcet number="1">10</wcet>
            <maxpow number="0.5887473709018609"/>
            <maxpow number="0.5887473709018609"/>
            <fprob>0.0</fprob>
        </actor>
        <actor name="D0N13">
            <wcet number="0">10</wcet>
            <wcet number="1">30</wcet>
            <maxpow number="0.6929352873296646"/>
            <maxpow number="0.6929352873296646"/>
            <fprob>0.0</fprob>
        </actor>
        <actor name="D0N31">
            <wcet number="0">180</wcet>
            <wcet number="1">180</wcet>
            <maxpow number="0.7083416805135608"/>
            <maxpow number="0.7083416805135608"/>
            <fprob>0.0</fprob>
        </actor>
        <actor name="D0N33">
            <wcet number="0">20</wcet>
            <wcet number="1">20</wcet>
            <maxpow number="0.8057808621394905"/>
            <maxpow number="0.8057808621394905"/>
            <fprob>0.0</fprob>
        </actor>
        <actor name="D0N32">
            <wcet number="0">50</wcet>
            <wcet number="1">70</wcet>
            <maxpow number="0.8058849930760484"/>
            <maxpow number="0.8058849930760484"/>
            <fprob>0.0</fprob>
        </actor>
        <actor name="D0N34">
            <wcet number="0">40</wcet>
            <wcet number="1">40</wcet>
            <maxpow number="0.24021236396127243"/>
            <maxpow number="0.24021236396127243"/>
            <fprob>0.0</fprob>
        </actor>
        <actor name="D0N29">
            <wcet number="0">40</wcet>
            <wcet number="1">150</wcet>
            <maxpow number="0.8013654719463662"/>
            <maxpow number="0.8013654719463662"/>
            <fprob>0.0</fprob>
        </actor>
        <actor name="D0N14">
            <wcet number="0">30</wcet>
            <wcet number="1">30</wcet>
            <maxpow number="0.5702683735357958"/>
            <maxpow number="0.5702683735357958"/>
            <fprob>0.0</fprob>
        </actor>
        <actor name="D0N38">
            <wcet number="0">10</wcet>
            <wcet number="1">20</wcet>
            <maxpow number="0.5547426930812984"/>
            <maxpow number="0.5547426930812984"/>
            <fprob>0.0</fprob>
        </actor>
        <actor name="D0N0">
            <wcet number="0">20</wcet>
            <wcet number="1">20</wcet>
            <maxpow number="0.5060554207516786"/>
            <maxpow number="0.5060554207516786"/>
            <fprob>0.0</fprob>
        </actor>
        <actor name="D0N10">
            <wcet number="0">10</wcet>
            <wcet number="1">110</wcet>
            <maxpow number="0.7443358359991827"/>
            <maxpow number="0.7443358359991827"/>
            <fprob>0.0</fprob>
        </actor>
        <actor name="D0N11">
            <wcet number="0">10</wcet>
            <wcet number="1">10</wcet>
            <maxpow number="0.3346874425692994"/>
            <maxpow number="0.3346874425692994"/>
            <fprob>0.0</fprob>
        </actor>
        <actor name="D0N2">
            <wcet number="0">30</wcet>
            <wcet number="1">90</wcet>
            <maxpow number="0.3533225526274487"/>
            <maxpow number="0.3533225526274487"/>
            <fprob>0.0</fprob>
        </actor>
        <actor name="D0N19">
            <wcet number="0">50</wcet>
            <wcet number="1">50</wcet>
            <maxpow number="0.330367672944167"/>
            <maxpow number="0.330367672944167"/>
            <fprob>0.0</fprob>
        </actor>
        <actor name="D0N44">
            <wcet number="0">10</wcet>
            <wcet number="1">10</wcet>
            <maxpow number="0.24954879116398465"/>
            <maxpow number="0.24954879116398465"/>
            <fprob>0.0</fprob>
        </actor>
        <actor name="D0N26">
            <wcet number="0">30</wcet>
            <wcet number="1">80</wcet>
            <maxpow number="0.34073444258694896"/>
            <maxpow number="0.34073444258694896"/>
            <fprob>0.0</fprob>
        </actor>
        <actor name="D0N3">
            <wcet number="0">30</wcet>
            <wcet number="1">90</wcet>
            <maxpow number="0.2402540609350705"/>
            <maxpow number="0.2402540609350705"/>
            <fprob>0.0</fprob>
        </actor>
        <actor name="D0N21">
            <wcet number="0">10</wcet>
            <wcet number="1">100</wcet>
            <maxpow number="0.20503406930851625"/>
            <maxpow number="0.20503406930851625"/>
            <fprob>0.0</fprob>
        </actor>
        <actor name="D0N1">
            <wcet number="0">20</wcet>
            <wcet number="1">40</wcet>
            <maxpow number="0.766593233325402"/>
            <maxpow number="0.766593233325402"/>
            <fprob>0.0</fprob>
        </actor>
        <actor name="D0N36">
            <wcet number="0">30</wcet>
            <wcet number="1">40</wcet>
            <maxpow number="0.4578958507506571"/>
            <maxpow number="0.4578958507506571"/>
            <fprob>0.0</fprob>
        </actor>
        <actor name="D0N16">
            <wcet number="0">40</wcet>
            <wcet number="1">90</wcet>
            <maxpow number="0.6004139919328879"/>
            <maxpow number="0.6004139919328879"/>
            <fprob>0.0</fprob>
        </actor>
        <actor name="D0N37">
            <wcet number="0">40</wcet>
            <wcet number="1">60</wcet>
            <maxpow number="0.9489381065148856"/>
            <maxpow number="0.9489381065148856"/>
            <fprob>0.0</fprob>
        </actor>
        <actor name="D0N18">
            <wcet number="0">20</wcet>
            <wcet number="1">30</wcet>
            <maxpow number="0.5622642631405483"/>
            <maxpow number="0.5622642631405483"/>
            <fprob>0.0</fprob>
        </actor>
        <actor name="D0N25">
            <wcet number="0">10</wcet>
            <wcet number="1">10</wcet>
            <maxpow number="0.4888371471566818"/>
            <maxpow number="0.4888371471566818"/>
            <fprob>0.0</fprob>
        </actor>
        <actor name="D0N15">
            <wcet number="0">10</wcet>
            <wcet number="1">30</wcet>
            <maxpow number="0.6014942878042646"/>
            <maxpow number="0.6014942878042646"/>
            <fprob>0.0</fprob>
        </actor>
        <actor name="D0N42">
            <wcet number="0">60</wcet>
            <wcet number="1">70</wcet>
            <maxpow number="0.3569155719608398"/>
            <maxpow number="0.3569155719608398"/>
            <fprob>0.0</fprob>
        </actor>
        <actor name="D0N47">
            <wcet number="0">40</wcet>
            <wcet number="1">40</wcet>
            <maxpow number="0.3875574625860815"/>
            <maxpow number="0.3875574625860815"/>
            <fprob>0.0</fprob>
        </actor>
        <actor name="D0N40">
            <wcet number="0">40</wcet>
            <wcet number="1">160</wcet>
            <maxpow number="0.5434546476988719"/>
            <maxpow number="0.5434546476988719"/>
            <fprob>0.0</fprob>
        </actor>
        <actor name="D0N43">
            <wcet number="0">30</wcet>
            <wcet number="1">60</wcet>
            <maxpow number="0.5542982351972497"/>
            <maxpow number="0.5542982351972497"/>
            <fprob>0.0</fprob>
        </actor>
        <actor name="D0N35">
            <wcet number="0">10</wcet>
            <wcet number="1">10</wcet>
            <maxpow number="0.8790920711008924"/>
            <maxpow number="0.8790920711008924"/>
            <fprob>0.0</fprob>
        </actor>
        <actor name="D0N20">
            <wcet number="0">90</wcet>
            <wcet number="1">110</wcet>
            <maxpow number="0.571463976255556"/>
            <maxpow number="0.571463976255556"/>
            <fprob>0.0</fprob>
        </actor>
        <actor name="D0N30">
            <wcet number="0">60</wcet>
            <wcet number="1">70</wcet>
            <maxpow number="0.2950571178142618"/>
            <maxpow number="0.2950571178142618"/>
            <fprob>0.0</fprob>
        </actor>
        <actor name="D0N23">
            <wcet number="0">30</wcet>
            <wcet number="1">40</wcet>
            <maxpow number="0.23175375418195443"/>
            <maxpow number="0.23175375418195443"/>
            <fprob>0.0</fprob>
        </actor>
        <actor name="D0N39">
            <wcet number="0">10</wcet>
            <wcet number="1">20</wcet>
            <maxpow number="0.4983227043669791"/>
            <maxpow number="0.4983227043669791"/>
            <fprob>0.0</fprob>
        </actor>
        <actor name="D0N46">
            <wcet number="0">20</wcet>
            <wcet number="1">80</wcet>
            <maxpow number="0.653287697831817"/>
            <maxpow number="0.653287697831817"/>
            <fprob>0.0</fprob>
        </actor>
        <actor name="D0N6">
            <wcet number="0">40</wcet>
            <wcet number="1">50</wcet>
            <maxpow number="0.28109648984041025"/>
            <maxpow number="0.28109648984041025"/>
            <fprob>0.0</fprob>
        </actor>
        <actor name="D0N41">
            <wcet number="0">100</wcet>
            <wcet number="1">200</wcet>
            <maxpow number="0.2221747099649231"/>
            <maxpow number="0.2221747099649231"/>
            <fprob>0.0</fprob>
        </actor>
        <actor name="D0N7">
            <wcet number="0">50</wcet>
            <wcet number="1">60</wcet>
            <maxpow number="0.26301882027651324"/>
            <maxpow number="0.26301882027651324"/>
            <fprob>0.0</fprob>
        </actor>
        <ports>
            <port dstActor="D0N13" name="p0" srcActor="D0N12"/>
            <port dstActor="D0N20" name="p1" srcActor="D0N12"/>
            <port dstActor="D0N36" name="p2" srcActor="D0N12"/>
            <port dstActor="D0N43" name="p3" srcActor="D0N12"/>
            <port dstActor="D0N26" name="p4" srcActor="D0N17"/>
            <port dstActor="D0N36" name="p5" srcActor="D0N17"/>
            <port dstActor="D0N39" name="p6" srcActor="D0N22"/>
            <port dstActor="D0N25" name="p7" srcActor="D0N4"/>
            <port dstActor="D0N5" name="p8" srcActor="D0N4"/>
            <port dstActor="D0N43" name="p9" srcActor="D0N4"/>
            <port dstActor="D0N24" name="p10" srcActor="D0N4"/>
            <port dstActor="D0N15" name="p11" srcActor="D0N4"/>
            <port dstActor="D0N29" name="p12" srcActor="D0N4"/>
            <port dstActor="D0N47" name="p13" srcActor="D0N8"/>
            <port dstActor="D0N25" name="p14" srcActor="D0N8"/>
            <port dstActor="D0N15" name="p15" srcActor="D0N8"/>
            <port dstActor="D0N32" name="p16" srcActor="D0N8"/>
            <port dstActor="D0N30" name="p17" srcActor="D0N28"/>
            <port dstActor="D0N32" name="p18" srcActor="D0N24"/>
            <port dstActor="D0N43" name="p19" srcActor="D0N24"/>
            <port dstActor="D0N47" name="p20" srcActor="D0N24"/>
            <port dstActor="D0N41" name="p21" srcActor="D0N27"/>
            <port dstActor="D0N12" name="p22" srcActor="D0N9"/>
            <port dstActor="D0N21" name="p23" srcActor="D0N9"/>
            <port dstActor="D0N25" name="p24" srcActor="D0N9"/>
            <port dstActor="D0N26" name="p25" srcActor="D0N5"/>
            <port dstActor="D0N29" name="p26" srcActor="D0N5"/>
            <port dstActor="D0N37" name="p27" srcActor="D0N5"/>
            <port dstActor="D0N16" name="p28" srcActor="D0N5"/>
            <port dstActor="D0N13" name="p29" srcActor="D0N5"/>
            <port dstActor="D0N20" name="p30" srcActor="D0N5"/>
            <port dstActor="D0N27" name="p31" srcActor="D0N5"/>
            <port dstActor="D0N28" name="p32" srcActor="D0N13"/>
            <port dstActor="D0N33" name="p33" srcActor="D0N13"/>
            <port dstActor="D0N44" name="p34" srcActor="D0N13"/>
            <port dstActor="D0N46" name="p35" srcActor="D0N13"/>
            <port dstActor="D0N29" name="p36" srcActor="D0N13"/>
            <port dstActor="D0N35" name="p37" srcActor="D0N31"/>
            <port dstActor="D0N42" name="p38" srcActor="D0N31"/>
            <port dstActor="D0N40" name="p39" srcActor="D0N31"/>
            <port dstActor="D0N34" name="p40" srcActor="D0N31"/>
            <port dstActor="D0N40" name="p41" srcActor="D0N33"/>
            <port dstActor="D0N42" name="p42" srcActor="D0N33"/>
            <port dstActor="D0N46" name="p43" srcActor="D0N33"/>
            <port dstActor="D0N35" name="p44" srcActor="D0N33"/>
            <port dstActor="D0N37" name="p45" srcActor="D0N32"/>
            <port dstActor="D0N47" name="p46" srcActor="D0N34"/>
            <port dstActor="D0N36" name="p47" srcActor="D0N29"/>
            <port dstActor="D0N33" name="p48" srcActor="D0N29"/>
            <port dstActor="D0N12" name="p49" srcActor="D0N0"/>
            <port dstActor="D0N30" name="p50" srcActor="D0N0"/>
            <port dstActor="D0N27" name="p51" srcActor="D0N0"/>
            <port dstActor="D0N47" name="p52" srcActor="D0N0"/>
            <port dstActor="D0N31" name="p53" srcActor="D0N10"/>
            <port dstActor="D0N36" name="p54" srcActor="D0N10"/>
            <port dstActor="D0N47" name="p55" srcActor="D0N10"/>
            <port dstActor="D0N44" name="p56" srcActor="D0N10"/>
            <port dstActor="D0N29" name="p57" srcActor="D0N11"/>
            <port dstActor="D0N24" name="p58" srcActor="D0N11"/>
            <port dstActor="D0N40" name="p59" srcActor="D0N11"/>
            <port dstActor="D0N17" name="p60" srcActor="D0N11"/>
            <port dstActor="D0N19" name="p61" srcActor="D0N2"/>
            <port dstActor="D0N16" name="p62" srcActor="D0N2"/>
            <port dstActor="D0N37" name="p63" srcActor="D0N2"/>
            <port dstActor="D0N47" name="p64" srcActor="D0N2"/>
            <port dstActor="D0N42" name="p65" srcActor="D0N19"/>
            <port dstActor="D0N39" name="p66" srcActor="D0N19"/>
            <port dstActor="D0N26" name="p67" srcActor="D0N19"/>
            <port dstActor="D0N28" name="p68" srcActor="D0N19"/>
            <port dstActor="D0N27" name="p69" srcActor="D0N26"/>
            <port dstActor="D0N32" name="p70" srcActor="D0N26"/>
            <port dstActor="D0N43" name="p71" srcActor="D0N26"/>
            <port dstActor="D0N4" name="p72" srcActor="D0N3"/>
            <port dstActor="D0N29" name="p73" srcActor="D0N3"/>
            <port dstActor="D0N28" name="p74" srcActor="D0N3"/>
            <port dstActor="D0N40" name="p75" srcActor="D0N3"/>
            <port dstActor="D0N17" name="p76" srcActor="D0N3"/>
            <port dstActor="D0N27" name="p77" srcActor="D0N21"/>
            <port dstActor="D0N45" name="p78" srcActor="D0N21"/>
            <port dstActor="D0N43" name="p79" srcActor="D0N21"/>
            <port dstActor="D0N31" name="p80" srcActor="D0N21"/>
            <port dstActor="D0N15" name="p81" srcActor="D0N1"/>
            <port dstActor="D0N38" name="p82" srcActor="D0N1"/>
            <port dstActor="D0N20" name="p83" srcActor="D0N16"/>
            <port dstActor="D0N40" name="p84" srcActor="D0N37"/>
            <port dstActor="D0N43" name="p85" srcActor="D0N37"/>
            <port dstActor="D0N47" name="p86" srcActor="D0N18"/>
            <port dstActor="D0N36" name="p87" srcActor="D0N18"/>
            <port dstActor="D0N38" name="p88" srcActor="D0N18"/>
            <port dstActor="D0N31" name="p89" srcActor="D0N25"/>
            <port dstActor="D0N39" name="p90" srcActor="D0N25"/>
            <port dstActor="D0N21" name="p91" srcActor="D0N15"/>
            <port dstActor="D0N26" name="p92" srcActor="D0N15"/>
            <port dstActor="D0N45" name="p93" srcActor="D0N15"/>
            <port dstActor="D0N30" name="p94" srcActor="D0N15"/>
            <port dstActor="D0N46" name="p95" srcActor="D0N40"/>
            <port dstActor="D0N40" name="p96" srcActor="D0N35"/>
            <port dstActor="D0N37" name="p97" srcActor="D0N20"/>
            <port dstActor="D0N21" name="p98" srcActor="D0N20"/>
            <port dstActor="D0N40" name="p99" srcActor="D0N23"/>
            <port dstActor="D0N26" name="p100" srcActor="D0N23"/>
            <port dstActor="D0N44" name="p101" srcActor="D0N6"/>
            <port dstActor="D0N29" name="p102" srcActor="D0N6"/>
            <port dstActor="D0N43" name="p103" srcActor="D0N41"/>
            <port dstActor="D0N45" name="p104" srcActor="D0N41"/>
            <port dstActor="D0N19" name="p105" srcActor="D0N7"/>
            <port dstActor="D0N32" name="p106" srcActor="D0N7"/>
            <port dstActor="D0N28" name="p107" srcActor="D0N7"/>
        </ports>
    </mcdag>
    <cores number="3"/>
    <levels number="2"/>
</mcsystem>
