<?xml version="1.0" encoding="UTF-8" standalone="no"?>
<mcsystem>
    <mcdag deadline="3000" name="genned-0-ed-10.0-0">
        <actor name="D0N20">
            <wcet number="0">10</wcet>
            <wcet number="1">130</wcet>
            <maxpow number="0.6134567611261837"/>
            <maxpow number="0.6134567611261837"/>
            <fprob>0.0</fprob>
        </actor>
        <actor name="D0N9">
            <wcet number="0">30</wcet>
            <wcet number="1">80</wcet>
            <maxpow number="0.4256960603202303"/>
            <maxpow number="0.4256960603202303"/>
            <fprob>0.0</fprob>
        </actor>
        <actor name="D0N15">
            <wcet number="0">10</wcet>
            <wcet number="1">10</wcet>
            <maxpow number="0.540862542671862"/>
            <maxpow number="0.540862542671862"/>
            <fprob>0.0</fprob>
        </actor>
        <actor name="D0N11">
            <wcet number="0">80</wcet>
            <wcet number="1">90</wcet>
            <maxpow number="0.5057454947018074"/>
            <maxpow number="0.5057454947018074"/>
            <fprob>0.0</fprob>
        </actor>
        <actor name="D0N14">
            <wcet number="0">10</wcet>
            <wcet number="1">20</wcet>
            <maxpow number="0.5758419460247572"/>
            <maxpow number="0.5758419460247572"/>
            <fprob>0.0</fprob>
        </actor>
        <actor name="D0N33">
            <wcet number="0">300</wcet>
            <wcet number="1">310</wcet>
            <maxpow number="0.7743883667641929"/>
            <maxpow number="0.7743883667641929"/>
            <fprob>0.0</fprob>
        </actor>
        <actor name="D0N43">
            <wcet number="0">10</wcet>
            <wcet number="1">30</wcet>
            <maxpow number="0.5504407533768124"/>
            <maxpow number="0.5504407533768124"/>
            <fprob>0.0</fprob>
        </actor>
        <actor name="D0N47">
            <wcet number="0">10</wcet>
            <wcet number="1">50</wcet>
            <maxpow number="0.7223268440333718"/>
            <maxpow number="0.7223268440333718"/>
            <fprob>0.0</fprob>
        </actor>
        <actor name="D0N12">
            <wcet number="0">130</wcet>
            <wcet number="1">130</wcet>
            <maxpow number="0.7828537581285826"/>
            <maxpow number="0.7828537581285826"/>
            <fprob>0.0</fprob>
        </actor>
        <actor name="D0N44">
            <wcet number="0">120</wcet>
            <wcet number="1">210</wcet>
            <maxpow number="0.2378713121133607"/>
            <maxpow number="0.2378713121133607"/>
            <fprob>0.0</fprob>
        </actor>
        <actor name="D0N27">
            <wcet number="0">120</wcet>
            <wcet number="1">130</wcet>
            <maxpow number="0.4445481078338296"/>
            <maxpow number="0.4445481078338296"/>
            <fprob>0.0</fprob>
        </actor>
        <actor name="D0N2">
            <wcet number="0">170</wcet>
            <wcet number="1">200</wcet>
            <maxpow number="0.7182828566476631"/>
            <maxpow number="0.7182828566476631"/>
            <fprob>0.0</fprob>
        </actor>
        <actor name="D0N46">
            <wcet number="0">10</wcet>
            <wcet number="1">70</wcet>
            <maxpow number="0.8537021652280725"/>
            <maxpow number="0.8537021652280725"/>
            <fprob>0.0</fprob>
        </actor>
        <actor name="D0N18">
            <wcet number="0">10</wcet>
            <wcet number="1">10</wcet>
            <maxpow number="0.6631223616416962"/>
            <maxpow number="0.6631223616416962"/>
            <fprob>0.0</fprob>
        </actor>
        <actor name="D0N0">
            <wcet number="0">10</wcet>
            <wcet number="1">100</wcet>
            <maxpow number="0.3054583430484599"/>
            <maxpow number="0.3054583430484599"/>
            <fprob>0.0</fprob>
        </actor>
        <actor name="D0N35">
            <wcet number="0">110</wcet>
            <wcet number="1">180</wcet>
            <maxpow number="0.3478491131257382"/>
            <maxpow number="0.3478491131257382"/>
            <fprob>0.0</fprob>
        </actor>
        <actor name="D0N30">
            <wcet number="0">10</wcet>
            <wcet number="1">60</wcet>
            <maxpow number="0.6264542761958336"/>
            <maxpow number="0.6264542761958336"/>
            <fprob>0.0</fprob>
        </actor>
        <actor name="D0N29">
            <wcet number="0">10</wcet>
            <wcet number="1">50</wcet>
            <maxpow number="0.5314747599689966"/>
            <maxpow number="0.5314747599689966"/>
            <fprob>0.0</fprob>
        </actor>
        <actor name="D0N5">
            <wcet number="0">10</wcet>
            <wcet number="1">10</wcet>
            <maxpow number="0.40595124042763303"/>
            <maxpow number="0.40595124042763303"/>
            <fprob>0.0</fprob>
        </actor>
        <actor name="D0N4">
            <wcet number="0">10</wcet>
            <wcet number="1">30</wcet>
            <maxpow number="0.25455113876381735"/>
            <maxpow number="0.25455113876381735"/>
            <fprob>0.0</fprob>
        </actor>
        <actor name="D0N19">
            <wcet number="0">260</wcet>
            <wcet number="1">590</wcet>
            <maxpow number="0.640900552116676"/>
            <maxpow number="0.640900552116676"/>
            <fprob>0.0</fprob>
        </actor>
        <actor name="D0N23">
            <wcet number="0">10</wcet>
            <wcet number="1">60</wcet>
            <maxpow number="0.4895319974974315"/>
            <maxpow number="0.4895319974974315"/>
            <fprob>0.0</fprob>
        </actor>
        <actor name="D0N40">
            <wcet number="0">50</wcet>
            <wcet number="1">170</wcet>
            <maxpow number="0.3678178330374449"/>
            <maxpow number="0.3678178330374449"/>
            <fprob>0.0</fprob>
        </actor>
        <actor name="D0N16">
            <wcet number="0">20</wcet>
            <wcet number="1">20</wcet>
            <maxpow number="0.6785225864506802"/>
            <maxpow number="0.6785225864506802"/>
            <fprob>0.0</fprob>
        </actor>
        <actor name="D0N28">
            <wcet number="0">110</wcet>
            <wcet number="1">120</wcet>
            <maxpow number="0.7872593981791682"/>
            <maxpow number="0.7872593981791682"/>
            <fprob>0.0</fprob>
        </actor>
        <actor name="D0N24">
            <wcet number="0">10</wcet>
            <wcet number="1">30</wcet>
            <maxpow number="0.580071336285482"/>
            <maxpow number="0.580071336285482"/>
            <fprob>0.0</fprob>
        </actor>
        <actor name="D0N38">
            <wcet number="0">120</wcet>
            <wcet number="1">140</wcet>
            <maxpow number="0.5332627095241762"/>
            <maxpow number="0.5332627095241762"/>
            <fprob>0.0</fprob>
        </actor>
        <actor name="D0N1">
            <wcet number="0">90</wcet>
            <wcet number="1">110</wcet>
            <maxpow number="0.6432640351566151"/>
            <maxpow number="0.6432640351566151"/>
            <fprob>0.0</fprob>
        </actor>
        <actor name="D0N22">
            <wcet number="0">10</wcet>
            <wcet number="1">10</wcet>
            <maxpow number="0.889480985422962"/>
            <maxpow number="0.889480985422962"/>
            <fprob>0.0</fprob>
        </actor>
        <actor name="D0N32">
            <wcet number="0">80</wcet>
            <wcet number="1">170</wcet>
            <maxpow number="0.4215447181920059"/>
            <maxpow number="0.4215447181920059"/>
            <fprob>0.0</fprob>
        </actor>
        <actor name="D0N21">
            <wcet number="0">30</wcet>
            <wcet number="1">120</wcet>
            <maxpow number="0.8099096026093071"/>
            <maxpow number="0.8099096026093071"/>
            <fprob>0.0</fprob>
        </actor>
        <actor name="D0N48">
            <wcet number="0">260</wcet>
            <wcet number="1">480</wcet>
            <maxpow number="0.8056188156954378"/>
            <maxpow number="0.8056188156954378"/>
            <fprob>0.0</fprob>
        </actor>
        <actor name="D0N31">
            <wcet number="0">10</wcet>
            <wcet number="1">10</wcet>
            <maxpow number="0.5528324885498944"/>
            <maxpow number="0.5528324885498944"/>
            <fprob>0.0</fprob>
        </actor>
        <actor name="D0N45">
            <wcet number="0">460</wcet>
            <wcet number="1">510</wcet>
            <maxpow number="0.5680476960147223"/>
            <maxpow number="0.5680476960147223"/>
            <fprob>0.0</fprob>
        </actor>
        <actor name="D0N39">
            <wcet number="0">10</wcet>
            <wcet number="1">60</wcet>
            <maxpow number="0.32650371607994866"/>
            <maxpow number="0.32650371607994866"/>
            <fprob>0.0</fprob>
        </actor>
        <actor name="D0N8">
            <wcet number="0">30</wcet>
            <wcet number="1">60</wcet>
            <maxpow number="0.6601301125962299"/>
            <maxpow number="0.6601301125962299"/>
            <fprob>0.0</fprob>
        </actor>
        <actor name="D0N25">
            <wcet number="0">20</wcet>
            <wcet number="1">30</wcet>
            <maxpow number="0.5271194371995063"/>
            <maxpow number="0.5271194371995063"/>
            <fprob>0.0</fprob>
        </actor>
        <actor name="D0N34">
            <wcet number="0">30</wcet>
            <wcet number="1">50</wcet>
            <maxpow number="0.5989979405502125"/>
            <maxpow number="0.5989979405502125"/>
            <fprob>0.0</fprob>
        </actor>
        <actor name="D0N37">
            <wcet number="0">10</wcet>
            <wcet number="1">10</wcet>
            <maxpow number="0.6275827734777162"/>
            <maxpow number="0.6275827734777162"/>
            <fprob>0.0</fprob>
        </actor>
        <actor name="D0N17">
            <wcet number="0">40</wcet>
            <wcet number="1">60</wcet>
            <maxpow number="0.9422991918403112"/>
            <maxpow number="0.9422991918403112"/>
            <fprob>0.0</fprob>
        </actor>
        <actor name="D0N7">
            <wcet number="0">10</wcet>
            <wcet number="1">10</wcet>
            <maxpow number="0.4853738252601468"/>
            <maxpow number="0.4853738252601468"/>
            <fprob>0.0</fprob>
        </actor>
        <actor name="D0N26">
            <wcet number="0">280</wcet>
            <wcet number="1">390</wcet>
            <maxpow number="0.48117046625858345"/>
            <maxpow number="0.48117046625858345"/>
            <fprob>0.0</fprob>
        </actor>
        <actor name="D0N41">
            <wcet number="0">20</wcet>
            <wcet number="1">120</wcet>
            <maxpow number="0.7177401838414439"/>
            <maxpow number="0.7177401838414439"/>
            <fprob>0.0</fprob>
        </actor>
        <actor name="D0N6">
            <wcet number="0">20</wcet>
            <wcet number="1">30</wcet>
            <maxpow number="0.6405925974441864"/>
            <maxpow number="0.6405925974441864"/>
            <fprob>0.0</fprob>
        </actor>
        <actor name="D0N10">
            <wcet number="0">10</wcet>
            <wcet number="1">540</wcet>
            <maxpow number="0.4856505386826865"/>
            <maxpow number="0.4856505386826865"/>
            <fprob>0.0</fprob>
        </actor>
        <actor name="D0N36">
            <wcet number="0">30</wcet>
            <wcet number="1">30</wcet>
            <maxpow number="0.5280513508916668"/>
            <maxpow number="0.5280513508916668"/>
            <fprob>0.0</fprob>
        </actor>
        <actor name="D0N42">
            <wcet number="0">10</wcet>
            <wcet number="1">90</wcet>
            <maxpow number="0.6440262175090536"/>
            <maxpow number="0.6440262175090536"/>
            <fprob>0.0</fprob>
        </actor>
        <actor name="D0N13">
            <wcet number="0">30</wcet>
            <wcet number="1">40</wcet>
            <maxpow number="0.6245585926969048"/>
            <maxpow number="0.6245585926969048"/>
            <fprob>0.0</fprob>
        </actor>
        <actor name="D0N3">
            <wcet number="0">30</wcet>
            <wcet number="1">40</wcet>
            <maxpow number="0.25626464544651406"/>
            <maxpow number="0.25626464544651406"/>
            <fprob>0.0</fprob>
        </actor>
        <ports>
            <port dstActor="D0N21" name="p0" srcActor="D0N20"/>
            <port dstActor="D0N43" name="p1" srcActor="D0N20"/>
            <port dstActor="D0N47" name="p2" srcActor="D0N20"/>
            <port dstActor="D0N44" name="p3" srcActor="D0N20"/>
            <port dstActor="D0N32" name="p4" srcActor="D0N20"/>
            <port dstActor="D0N42" name="p5" srcActor="D0N9"/>
            <port dstActor="D0N11" name="p6" srcActor="D0N9"/>
            <port dstActor="D0N33" name="p7" srcActor="D0N9"/>
            <port dstActor="D0N40" name="p8" srcActor="D0N9"/>
            <port dstActor="D0N10" name="p9" srcActor="D0N9"/>
            <port dstActor="D0N28" name="p10" srcActor="D0N15"/>
            <port dstActor="D0N46" name="p11" srcActor="D0N15"/>
            <port dstActor="D0N35" name="p12" srcActor="D0N15"/>
            <port dstActor="D0N18" name="p13" srcActor="D0N15"/>
            <port dstActor="D0N45" name="p14" srcActor="D0N11"/>
            <port dstActor="D0N26" name="p15" srcActor="D0N11"/>
            <port dstActor="D0N21" name="p16" srcActor="D0N14"/>
            <port dstActor="D0N19" name="p17" srcActor="D0N14"/>
            <port dstActor="D0N37" name="p18" srcActor="D0N14"/>
            <port dstActor="D0N17" name="p19" srcActor="D0N14"/>
            <port dstActor="D0N26" name="p20" srcActor="D0N14"/>
            <port dstActor="D0N29" name="p21" srcActor="D0N14"/>
            <port dstActor="D0N35" name="p22" srcActor="D0N33"/>
            <port dstActor="D0N34" name="p23" srcActor="D0N33"/>
            <port dstActor="D0N42" name="p24" srcActor="D0N33"/>
            <port dstActor="D0N38" name="p25" srcActor="D0N33"/>
            <port dstActor="D0N47" name="p26" srcActor="D0N43"/>
            <port dstActor="D0N36" name="p27" srcActor="D0N12"/>
            <port dstActor="D0N21" name="p28" srcActor="D0N12"/>
            <port dstActor="D0N46" name="p29" srcActor="D0N12"/>
            <port dstActor="D0N40" name="p30" srcActor="D0N12"/>
            <port dstActor="D0N44" name="p31" srcActor="D0N12"/>
            <port dstActor="D0N26" name="p32" srcActor="D0N12"/>
            <port dstActor="D0N45" name="p33" srcActor="D0N12"/>
            <port dstActor="D0N46" name="p34" srcActor="D0N44"/>
            <port dstActor="D0N41" name="p35" srcActor="D0N27"/>
            <port dstActor="D0N45" name="p36" srcActor="D0N27"/>
            <port dstActor="D0N33" name="p37" srcActor="D0N27"/>
            <port dstActor="D0N39" name="p38" srcActor="D0N27"/>
            <port dstActor="D0N42" name="p39" srcActor="D0N27"/>
            <port dstActor="D0N34" name="p40" srcActor="D0N2"/>
            <port dstActor="D0N23" name="p41" srcActor="D0N2"/>
            <port dstActor="D0N44" name="p42" srcActor="D0N18"/>
            <port dstActor="D0N46" name="p43" srcActor="D0N18"/>
            <port dstActor="D0N27" name="p44" srcActor="D0N18"/>
            <port dstActor="D0N36" name="p45" srcActor="D0N18"/>
            <port dstActor="D0N25" name="p46" srcActor="D0N18"/>
            <port dstActor="D0N32" name="p47" srcActor="D0N18"/>
            <port dstActor="D0N23" name="p48" srcActor="D0N0"/>
            <port dstActor="D0N3" name="p49" srcActor="D0N0"/>
            <port dstActor="D0N35" name="p50" srcActor="D0N0"/>
            <port dstActor="D0N28" name="p51" srcActor="D0N0"/>
            <port dstActor="D0N36" name="p52" srcActor="D0N0"/>
            <port dstActor="D0N10" name="p53" srcActor="D0N0"/>
            <port dstActor="D0N44" name="p54" srcActor="D0N30"/>
            <port dstActor="D0N32" name="p55" srcActor="D0N30"/>
            <port dstActor="D0N42" name="p56" srcActor="D0N29"/>
            <port dstActor="D0N35" name="p57" srcActor="D0N5"/>
            <port dstActor="D0N22" name="p58" srcActor="D0N5"/>
            <port dstActor="D0N15" name="p59" srcActor="D0N5"/>
            <port dstActor="D0N27" name="p60" srcActor="D0N5"/>
            <port dstActor="D0N20" name="p61" srcActor="D0N4"/>
            <port dstActor="D0N30" name="p62" srcActor="D0N4"/>
            <port dstActor="D0N15" name="p63" srcActor="D0N4"/>
            <port dstActor="D0N40" name="p64" srcActor="D0N4"/>
            <port dstActor="D0N26" name="p65" srcActor="D0N19"/>
            <port dstActor="D0N35" name="p66" srcActor="D0N19"/>
            <port dstActor="D0N31" name="p67" srcActor="D0N23"/>
            <port dstActor="D0N29" name="p68" srcActor="D0N23"/>
            <port dstActor="D0N38" name="p69" srcActor="D0N23"/>
            <port dstActor="D0N40" name="p70" srcActor="D0N16"/>
            <port dstActor="D0N48" name="p71" srcActor="D0N16"/>
            <port dstActor="D0N29" name="p72" srcActor="D0N16"/>
            <port dstActor="D0N21" name="p73" srcActor="D0N16"/>
            <port dstActor="D0N22" name="p74" srcActor="D0N16"/>
            <port dstActor="D0N35" name="p75" srcActor="D0N28"/>
            <port dstActor="D0N29" name="p76" srcActor="D0N28"/>
            <port dstActor="D0N45" name="p77" srcActor="D0N28"/>
            <port dstActor="D0N48" name="p78" srcActor="D0N24"/>
            <port dstActor="D0N44" name="p79" srcActor="D0N38"/>
            <port dstActor="D0N21" name="p80" srcActor="D0N1"/>
            <port dstActor="D0N35" name="p81" srcActor="D0N1"/>
            <port dstActor="D0N32" name="p82" srcActor="D0N1"/>
            <port dstActor="D0N31" name="p83" srcActor="D0N1"/>
            <port dstActor="D0N5" name="p84" srcActor="D0N1"/>
            <port dstActor="D0N24" name="p85" srcActor="D0N22"/>
            <port dstActor="D0N38" name="p86" srcActor="D0N32"/>
            <port dstActor="D0N34" name="p87" srcActor="D0N32"/>
            <port dstActor="D0N22" name="p88" srcActor="D0N21"/>
            <port dstActor="D0N43" name="p89" srcActor="D0N31"/>
            <port dstActor="D0N33" name="p90" srcActor="D0N31"/>
            <port dstActor="D0N48" name="p91" srcActor="D0N39"/>
            <port dstActor="D0N41" name="p92" srcActor="D0N39"/>
            <port dstActor="D0N44" name="p93" srcActor="D0N39"/>
            <port dstActor="D0N14" name="p94" srcActor="D0N8"/>
            <port dstActor="D0N28" name="p95" srcActor="D0N8"/>
            <port dstActor="D0N25" name="p96" srcActor="D0N8"/>
            <port dstActor="D0N9" name="p97" srcActor="D0N8"/>
            <port dstActor="D0N13" name="p98" srcActor="D0N8"/>
            <port dstActor="D0N48" name="p99" srcActor="D0N8"/>
            <port dstActor="D0N46" name="p100" srcActor="D0N34"/>
            <port dstActor="D0N47" name="p101" srcActor="D0N37"/>
            <port dstActor="D0N41" name="p102" srcActor="D0N37"/>
            <port dstActor="D0N42" name="p103" srcActor="D0N17"/>
            <port dstActor="D0N24" name="p104" srcActor="D0N17"/>
            <port dstActor="D0N21" name="p105" srcActor="D0N17"/>
            <port dstActor="D0N41" name="p106" srcActor="D0N17"/>
            <port dstActor="D0N20" name="p107" srcActor="D0N17"/>
            <port dstActor="D0N31" name="p108" srcActor="D0N17"/>
            <port dstActor="D0N42" name="p109" srcActor="D0N7"/>
            <port dstActor="D0N8" name="p110" srcActor="D0N7"/>
            <port dstActor="D0N28" name="p111" srcActor="D0N7"/>
            <port dstActor="D0N33" name="p112" srcActor="D0N7"/>
            <port dstActor="D0N39" name="p113" srcActor="D0N7"/>
            <port dstActor="D0N25" name="p114" srcActor="D0N7"/>
            <port dstActor="D0N40" name="p115" srcActor="D0N26"/>
            <port dstActor="D0N43" name="p116" srcActor="D0N41"/>
            <port dstActor="D0N46" name="p117" srcActor="D0N41"/>
            <port dstActor="D0N44" name="p118" srcActor="D0N41"/>
            <port dstActor="D0N7" name="p119" srcActor="D0N6"/>
            <port dstActor="D0N33" name="p120" srcActor="D0N6"/>
            <port dstActor="D0N13" name="p121" srcActor="D0N6"/>
            <port dstActor="D0N40" name="p122" srcActor="D0N10"/>
            <port dstActor="D0N29" name="p123" srcActor="D0N10"/>
            <port dstActor="D0N37" name="p124" srcActor="D0N10"/>
            <port dstActor="D0N41" name="p125" srcActor="D0N36"/>
            <port dstActor="D0N37" name="p126" srcActor="D0N36"/>
            <port dstActor="D0N39" name="p127" srcActor="D0N13"/>
            <port dstActor="D0N33" name="p128" srcActor="D0N13"/>
            <port dstActor="D0N23" name="p129" srcActor="D0N13"/>
            <port dstActor="D0N30" name="p130" srcActor="D0N3"/>
            <port dstActor="D0N15" name="p131" srcActor="D0N3"/>
            <port dstActor="D0N42" name="p132" srcActor="D0N3"/>
            <port dstActor="D0N8" name="p133" srcActor="D0N3"/>
        </ports>
    </mcdag>
    <cores number="2"/>
    <levels number="2"/>
</mcsystem>
