<?xml version="1.0" encoding="UTF-8" standalone="no"?>
<mcsystem>
    <mcdag deadline="1500" name="genned-0-ed-10.0-0">
        <actor name="D0N29">
            <wcet number="0">10</wcet>
            <wcet number="1">40</wcet>
            <maxpow number="0.7312565495586265"/>
            <maxpow number="0.7312565495586265"/>
            <fprob>0.0</fprob>
        </actor>
        <actor name="D0N15">
            <wcet number="0">130</wcet>
            <wcet number="1">170</wcet>
            <maxpow number="0.3257879008566379"/>
            <maxpow number="0.3257879008566379"/>
            <fprob>0.0</fprob>
        </actor>
        <actor name="D0N26">
            <wcet number="0">10</wcet>
            <wcet number="1">30</wcet>
            <maxpow number="0.33211359395067896"/>
            <maxpow number="0.33211359395067896"/>
            <fprob>0.0</fprob>
        </actor>
        <actor name="D0N34">
            <wcet number="0">110</wcet>
            <wcet number="1">160</wcet>
            <maxpow number="0.610056132436622"/>
            <maxpow number="0.610056132436622"/>
            <fprob>0.0</fprob>
        </actor>
        <actor name="D0N11">
            <wcet number="0">70</wcet>
            <wcet number="1">90</wcet>
            <maxpow number="0.409793593819348"/>
            <maxpow number="0.409793593819348"/>
            <fprob>0.0</fprob>
        </actor>
        <actor name="D0N30">
            <wcet number="0">110</wcet>
            <wcet number="1">220</wcet>
            <maxpow number="0.40218220632463514"/>
            <maxpow number="0.40218220632463514"/>
            <fprob>0.0</fprob>
        </actor>
        <actor name="D0N36">
            <wcet number="0">100</wcet>
            <wcet number="1">130</wcet>
            <maxpow number="0.5363005698471788"/>
            <maxpow number="0.5363005698471788"/>
            <fprob>0.0</fprob>
        </actor>
        <actor name="D0N0">
            <wcet number="0">20</wcet>
            <wcet number="1">40</wcet>
            <maxpow number="0.32467933042552"/>
            <maxpow number="0.32467933042552"/>
            <fprob>0.0</fprob>
        </actor>
        <actor name="D0N37">
            <wcet number="0">30</wcet>
            <wcet number="1">50</wcet>
            <maxpow number="0.7962564426775581"/>
            <maxpow number="0.7962564426775581"/>
            <fprob>0.0</fprob>
        </actor>
        <actor name="D0N2">
            <wcet number="0">50</wcet>
            <wcet number="1">280</wcet>
            <maxpow number="0.5697424215643155"/>
            <maxpow number="0.5697424215643155"/>
            <fprob>0.0</fprob>
        </actor>
        <actor name="D0N7">
            <wcet number="0">40</wcet>
            <wcet number="1">150</wcet>
            <maxpow number="0.43944687488926004"/>
            <maxpow number="0.43944687488926004"/>
            <fprob>0.0</fprob>
        </actor>
        <actor name="D0N27">
            <wcet number="0">180</wcet>
            <wcet number="1">240</wcet>
            <maxpow number="0.4859373600701551"/>
            <maxpow number="0.4859373600701551"/>
            <fprob>0.0</fprob>
        </actor>
        <actor name="D0N3">
            <wcet number="0">10</wcet>
            <wcet number="1">10</wcet>
            <maxpow number="0.3263120542768162"/>
            <maxpow number="0.3263120542768162"/>
            <fprob>0.0</fprob>
        </actor>
        <actor name="D0N38">
            <wcet number="0">10</wcet>
            <wcet number="1">50</wcet>
            <maxpow number="0.5580020760972455"/>
            <maxpow number="0.5580020760972455"/>
            <fprob>0.0</fprob>
        </actor>
        <actor name="D0N5">
            <wcet number="0">110</wcet>
            <wcet number="1">170</wcet>
            <maxpow number="0.30208971696547954"/>
            <maxpow number="0.30208971696547954"/>
            <fprob>0.0</fprob>
        </actor>
        <actor name="D0N32">
            <wcet number="0">30</wcet>
            <wcet number="1">50</wcet>
            <maxpow number="0.5217383769003858"/>
            <maxpow number="0.5217383769003858"/>
            <fprob>0.0</fprob>
        </actor>
        <actor name="D0N33">
            <wcet number="0">30</wcet>
            <wcet number="1">100</wcet>
            <maxpow number="0.5016417193849203"/>
            <maxpow number="0.5016417193849203"/>
            <fprob>0.0</fprob>
        </actor>
        <actor name="D0N41">
            <wcet number="0">10</wcet>
            <wcet number="1">10</wcet>
            <maxpow number="0.49526585164530934"/>
            <maxpow number="0.49526585164530934"/>
            <fprob>0.0</fprob>
        </actor>
        <actor name="D0N21">
            <wcet number="0">20</wcet>
            <wcet number="1">60</wcet>
            <maxpow number="0.47698934986213903"/>
            <maxpow number="0.47698934986213903"/>
            <fprob>0.0</fprob>
        </actor>
        <actor name="D0N6">
            <wcet number="0">120</wcet>
            <wcet number="1">130</wcet>
            <maxpow number="0.38465690710535805"/>
            <maxpow number="0.38465690710535805"/>
            <fprob>0.0</fprob>
        </actor>
        <actor name="D0N40">
            <wcet number="0">10</wcet>
            <wcet number="1">20</wcet>
            <maxpow number="0.6987739259717283"/>
            <maxpow number="0.6987739259717283"/>
            <fprob>0.0</fprob>
        </actor>
        <actor name="D0N22">
            <wcet number="0">40</wcet>
            <wcet number="1">60</wcet>
            <maxpow number="0.4917900873994397"/>
            <maxpow number="0.4917900873994397"/>
            <fprob>0.0</fprob>
        </actor>
        <actor name="D0N45">
            <wcet number="0">60</wcet>
            <wcet number="1">80</wcet>
            <maxpow number="0.5065952287048489"/>
            <maxpow number="0.5065952287048489"/>
            <fprob>0.0</fprob>
        </actor>
        <actor name="D0N20">
            <wcet number="0">80</wcet>
            <wcet number="1">150</wcet>
            <maxpow number="0.6559572358655579"/>
            <maxpow number="0.6559572358655579"/>
            <fprob>0.0</fprob>
        </actor>
        <actor name="D0N9">
            <wcet number="0">10</wcet>
            <wcet number="1">30</wcet>
            <maxpow number="0.22893372892596725"/>
            <maxpow number="0.22893372892596725"/>
            <fprob>0.0</fprob>
        </actor>
        <actor name="D0N43">
            <wcet number="0">20</wcet>
            <wcet number="1">30</wcet>
            <maxpow number="0.7221457126464665"/>
            <maxpow number="0.7221457126464665"/>
            <fprob>0.0</fprob>
        </actor>
        <actor name="D0N31">
            <wcet number="0">270</wcet>
            <wcet number="1">360</wcet>
            <maxpow number="0.24946583974333458"/>
            <maxpow number="0.24946583974333458"/>
            <fprob>0.0</fprob>
        </actor>
        <actor name="D0N1">
            <wcet number="0">30</wcet>
            <wcet number="1">40</wcet>
            <maxpow number="0.22425288151463751"/>
            <maxpow number="0.22425288151463751"/>
            <fprob>0.0</fprob>
        </actor>
        <actor name="D0N44">
            <wcet number="0">10</wcet>
            <wcet number="1">10</wcet>
            <maxpow number="0.6131461278516046"/>
            <maxpow number="0.6131461278516046"/>
            <fprob>0.0</fprob>
        </actor>
        <actor name="D0N18">
            <wcet number="0">40</wcet>
            <wcet number="1">40</wcet>
            <maxpow number="0.5777360656455325"/>
            <maxpow number="0.5777360656455325"/>
            <fprob>0.0</fprob>
        </actor>
        <actor name="D0N16">
            <wcet number="0">200</wcet>
            <wcet number="1">200</wcet>
            <maxpow number="0.5224735059113537"/>
            <maxpow number="0.5224735059113537"/>
            <fprob>0.0</fprob>
        </actor>
        <actor name="D0N25">
            <wcet number="0">10</wcet>
            <wcet number="1">10</wcet>
            <maxpow number="0.3870461503215773"/>
            <maxpow number="0.3870461503215773"/>
            <fprob>0.0</fprob>
        </actor>
        <actor name="D0N14">
            <wcet number="0">10</wcet>
            <wcet number="1">40</wcet>
            <maxpow number="0.5253029058244324"/>
            <maxpow number="0.5253029058244324"/>
            <fprob>0.0</fprob>
        </actor>
        <actor name="D0N13">
            <wcet number="0">20</wcet>
            <wcet number="1">30</wcet>
            <maxpow number="0.6121410660583791"/>
            <maxpow number="0.6121410660583791"/>
            <fprob>0.0</fprob>
        </actor>
        <actor name="D0N28">
            <wcet number="0">20</wcet>
            <wcet number="1">50</wcet>
            <maxpow number="0.5569368607600356"/>
            <maxpow number="0.5569368607600356"/>
            <fprob>0.0</fprob>
        </actor>
        <actor name="D0N39">
            <wcet number="0">30</wcet>
            <wcet number="1">60</wcet>
            <maxpow number="0.46655093755129745"/>
            <maxpow number="0.46655093755129745"/>
            <fprob>0.0</fprob>
        </actor>
        <actor name="D0N35">
            <wcet number="0">10</wcet>
            <wcet number="1">20</wcet>
            <maxpow number="0.5596939851434529"/>
            <maxpow number="0.5596939851434529"/>
            <fprob>0.0</fprob>
        </actor>
        <actor name="D0N10">
            <wcet number="0">10</wcet>
            <wcet number="1">10</wcet>
            <maxpow number="0.18904934504276388"/>
            <maxpow number="0.18904934504276388"/>
            <fprob>0.0</fprob>
        </actor>
        <actor name="D0N24">
            <wcet number="0">80</wcet>
            <wcet number="1">100</wcet>
            <maxpow number="0.36566582097099093"/>
            <maxpow number="0.36566582097099093"/>
            <fprob>0.0</fprob>
        </actor>
        <actor name="D0N42">
            <wcet number="0">70</wcet>
            <wcet number="1">70</wcet>
            <maxpow number="0.641430608041092"/>
            <maxpow number="0.641430608041092"/>
            <fprob>0.0</fprob>
        </actor>
        <actor name="D0N17">
            <wcet number="0">10</wcet>
            <wcet number="1">10</wcet>
            <maxpow number="0.7805209163596367"/>
            <maxpow number="0.7805209163596367"/>
            <fprob>0.0</fprob>
        </actor>
        <actor name="D0N19">
            <wcet number="0">30</wcet>
            <wcet number="1">60</wcet>
            <maxpow number="0.583305261382888"/>
            <maxpow number="0.583305261382888"/>
            <fprob>0.0</fprob>
        </actor>
        <actor name="D0N12">
            <wcet number="0">20</wcet>
            <wcet number="1">20</wcet>
            <maxpow number="0.474440169453802"/>
            <maxpow number="0.474440169453802"/>
            <fprob>0.0</fprob>
        </actor>
        <actor name="D0N23">
            <wcet number="0">10</wcet>
            <wcet number="1">10</wcet>
            <maxpow number="0.13082535774554943"/>
            <maxpow number="0.13082535774554943"/>
            <fprob>0.0</fprob>
        </actor>
        <actor name="D0N4">
            <wcet number="0">150</wcet>
            <wcet number="1">240</wcet>
            <maxpow number="0.10889959679541855"/>
            <maxpow number="0.10889959679541855"/>
            <fprob>0.0</fprob>
        </actor>
        <actor name="D0N8">
            <wcet number="0">100</wcet>
            <wcet number="1">120</wcet>
            <maxpow number="0.4483496634924171"/>
            <maxpow number="0.4483496634924171"/>
            <fprob>0.0</fprob>
        </actor>
        <ports>
            <port dstActor="D0N40" name="p0" srcActor="D0N29"/>
            <port dstActor="D0N30" name="p1" srcActor="D0N29"/>
            <port dstActor="D0N45" name="p2" srcActor="D0N15"/>
            <port dstActor="D0N43" name="p3" srcActor="D0N15"/>
            <port dstActor="D0N34" name="p4" srcActor="D0N26"/>
            <port dstActor="D0N37" name="p5" srcActor="D0N34"/>
            <port dstActor="D0N19" name="p6" srcActor="D0N11"/>
            <port dstActor="D0N36" name="p7" srcActor="D0N11"/>
            <port dstActor="D0N3" name="p8" srcActor="D0N0"/>
            <port dstActor="D0N28" name="p9" srcActor="D0N0"/>
            <port dstActor="D0N33" name="p10" srcActor="D0N0"/>
            <port dstActor="D0N36" name="p11" srcActor="D0N0"/>
            <port dstActor="D0N38" name="p12" srcActor="D0N0"/>
            <port dstActor="D0N13" name="p13" srcActor="D0N0"/>
            <port dstActor="D0N21" name="p14" srcActor="D0N0"/>
            <port dstActor="D0N28" name="p15" srcActor="D0N2"/>
            <port dstActor="D0N6" name="p16" srcActor="D0N2"/>
            <port dstActor="D0N40" name="p17" srcActor="D0N2"/>
            <port dstActor="D0N13" name="p18" srcActor="D0N2"/>
            <port dstActor="D0N22" name="p19" srcActor="D0N2"/>
            <port dstActor="D0N16" name="p20" srcActor="D0N7"/>
            <port dstActor="D0N34" name="p21" srcActor="D0N7"/>
            <port dstActor="D0N8" name="p22" srcActor="D0N7"/>
            <port dstActor="D0N19" name="p23" srcActor="D0N7"/>
            <port dstActor="D0N29" name="p24" srcActor="D0N27"/>
            <port dstActor="D0N4" name="p25" srcActor="D0N3"/>
            <port dstActor="D0N22" name="p26" srcActor="D0N3"/>
            <port dstActor="D0N45" name="p27" srcActor="D0N3"/>
            <port dstActor="D0N20" name="p28" srcActor="D0N3"/>
            <port dstActor="D0N36" name="p29" srcActor="D0N3"/>
            <port dstActor="D0N39" name="p30" srcActor="D0N5"/>
            <port dstActor="D0N26" name="p31" srcActor="D0N5"/>
            <port dstActor="D0N24" name="p32" srcActor="D0N5"/>
            <port dstActor="D0N9" name="p33" srcActor="D0N5"/>
            <port dstActor="D0N17" name="p34" srcActor="D0N5"/>
            <port dstActor="D0N35" name="p35" srcActor="D0N32"/>
            <port dstActor="D0N45" name="p36" srcActor="D0N33"/>
            <port dstActor="D0N38" name="p37" srcActor="D0N33"/>
            <port dstActor="D0N14" name="p38" srcActor="D0N6"/>
            <port dstActor="D0N32" name="p39" srcActor="D0N6"/>
            <port dstActor="D0N18" name="p40" srcActor="D0N6"/>
            <port dstActor="D0N20" name="p41" srcActor="D0N6"/>
            <port dstActor="D0N41" name="p42" srcActor="D0N40"/>
            <port dstActor="D0N43" name="p43" srcActor="D0N40"/>
            <port dstActor="D0N38" name="p44" srcActor="D0N22"/>
            <port dstActor="D0N22" name="p45" srcActor="D0N20"/>
            <port dstActor="D0N44" name="p46" srcActor="D0N20"/>
            <port dstActor="D0N30" name="p47" srcActor="D0N20"/>
            <port dstActor="D0N28" name="p48" srcActor="D0N9"/>
            <port dstActor="D0N42" name="p49" srcActor="D0N9"/>
            <port dstActor="D0N36" name="p50" srcActor="D0N9"/>
            <port dstActor="D0N32" name="p51" srcActor="D0N31"/>
            <port dstActor="D0N7" name="p52" srcActor="D0N1"/>
            <port dstActor="D0N22" name="p53" srcActor="D0N1"/>
            <port dstActor="D0N9" name="p54" srcActor="D0N1"/>
            <port dstActor="D0N11" name="p55" srcActor="D0N1"/>
            <port dstActor="D0N38" name="p56" srcActor="D0N18"/>
            <port dstActor="D0N25" name="p57" srcActor="D0N18"/>
            <port dstActor="D0N32" name="p58" srcActor="D0N18"/>
            <port dstActor="D0N18" name="p59" srcActor="D0N16"/>
            <port dstActor="D0N22" name="p60" srcActor="D0N16"/>
            <port dstActor="D0N34" name="p61" srcActor="D0N16"/>
            <port dstActor="D0N37" name="p62" srcActor="D0N16"/>
            <port dstActor="D0N23" name="p63" srcActor="D0N14"/>
            <port dstActor="D0N45" name="p64" srcActor="D0N14"/>
            <port dstActor="D0N43" name="p65" srcActor="D0N14"/>
            <port dstActor="D0N29" name="p66" srcActor="D0N14"/>
            <port dstActor="D0N25" name="p67" srcActor="D0N13"/>
            <port dstActor="D0N32" name="p68" srcActor="D0N13"/>
            <port dstActor="D0N21" name="p69" srcActor="D0N13"/>
            <port dstActor="D0N33" name="p70" srcActor="D0N13"/>
            <port dstActor="D0N43" name="p71" srcActor="D0N28"/>
            <port dstActor="D0N41" name="p72" srcActor="D0N39"/>
            <port dstActor="D0N43" name="p73" srcActor="D0N35"/>
            <port dstActor="D0N32" name="p74" srcActor="D0N10"/>
            <port dstActor="D0N40" name="p75" srcActor="D0N10"/>
            <port dstActor="D0N24" name="p76" srcActor="D0N10"/>
            <port dstActor="D0N40" name="p77" srcActor="D0N17"/>
            <port dstActor="D0N42" name="p78" srcActor="D0N17"/>
            <port dstActor="D0N33" name="p79" srcActor="D0N17"/>
            <port dstActor="D0N27" name="p80" srcActor="D0N17"/>
            <port dstActor="D0N33" name="p81" srcActor="D0N19"/>
            <port dstActor="D0N41" name="p82" srcActor="D0N19"/>
            <port dstActor="D0N32" name="p83" srcActor="D0N19"/>
            <port dstActor="D0N27" name="p84" srcActor="D0N19"/>
            <port dstActor="D0N20" name="p85" srcActor="D0N19"/>
            <port dstActor="D0N13" name="p86" srcActor="D0N12"/>
            <port dstActor="D0N17" name="p87" srcActor="D0N12"/>
            <port dstActor="D0N18" name="p88" srcActor="D0N12"/>
            <port dstActor="D0N44" name="p89" srcActor="D0N12"/>
            <port dstActor="D0N19" name="p90" srcActor="D0N12"/>
            <port dstActor="D0N37" name="p91" srcActor="D0N12"/>
            <port dstActor="D0N39" name="p92" srcActor="D0N23"/>
            <port dstActor="D0N40" name="p93" srcActor="D0N23"/>
            <port dstActor="D0N38" name="p94" srcActor="D0N23"/>
            <port dstActor="D0N21" name="p95" srcActor="D0N4"/>
            <port dstActor="D0N26" name="p96" srcActor="D0N4"/>
            <port dstActor="D0N37" name="p97" srcActor="D0N4"/>
            <port dstActor="D0N25" name="p98" srcActor="D0N4"/>
            <port dstActor="D0N8" name="p99" srcActor="D0N4"/>
            <port dstActor="D0N19" name="p100" srcActor="D0N8"/>
            <port dstActor="D0N23" name="p101" srcActor="D0N8"/>
            <port dstActor="D0N27" name="p102" srcActor="D0N8"/>
            <port dstActor="D0N15" name="p103" srcActor="D0N8"/>
            <port dstActor="D0N10" name="p104" srcActor="D0N8"/>
        </ports>
    </mcdag>
    <cores number="3"/>
    <levels number="2"/>
</mcsystem>
