<?xml version="1.0" encoding="UTF-8" standalone="no"?>
<mcsystem>
    <mcdag deadline="4000" name="genned-0-ed-10.0-0">
        <actor name="D0N7">
            <wcet number="0">40</wcet>
            <wcet number="1">130</wcet>
            <maxpow number="0.42946327618013636"/>
            <maxpow number="0.42946327618013636"/>
            <fprob>0.0</fprob>
        </actor>
        <actor name="D0N8">
            <wcet number="0">10</wcet>
            <wcet number="1">90</wcet>
            <maxpow number="0.5531821235672982"/>
            <maxpow number="0.5531821235672982"/>
            <fprob>0.0</fprob>
        </actor>
        <actor name="D0N30">
            <wcet number="0">140</wcet>
            <wcet number="1">220</wcet>
            <maxpow number="0.5892335657912285"/>
            <maxpow number="0.5892335657912285"/>
            <fprob>0.0</fprob>
        </actor>
        <actor name="D0N29">
            <wcet number="0">110</wcet>
            <wcet number="1">150</wcet>
            <maxpow number="0.4065204887157029"/>
            <maxpow number="0.4065204887157029"/>
            <fprob>0.0</fprob>
        </actor>
        <actor name="D0N17">
            <wcet number="0">80</wcet>
            <wcet number="1">170</wcet>
            <maxpow number="0.3207162848726725"/>
            <maxpow number="0.3207162848726725"/>
            <fprob>0.0</fprob>
        </actor>
        <actor name="D0N4">
            <wcet number="0">50</wcet>
            <wcet number="1">110</wcet>
            <maxpow number="0.5985048600374907"/>
            <maxpow number="0.5985048600374907"/>
            <fprob>0.0</fprob>
        </actor>
        <actor name="D0N23">
            <wcet number="0">340</wcet>
            <wcet number="1">350</wcet>
            <maxpow number="0.6985414045651918"/>
            <maxpow number="0.6985414045651918"/>
            <fprob>0.0</fprob>
        </actor>
        <actor name="D0N12">
            <wcet number="0">20</wcet>
            <wcet number="1">20</wcet>
            <maxpow number="0.4672918689698557"/>
            <maxpow number="0.4672918689698557"/>
            <fprob>0.0</fprob>
        </actor>
        <actor name="D0N27">
            <wcet number="0">30</wcet>
            <wcet number="1">70</wcet>
            <maxpow number="0.5410412159297187"/>
            <maxpow number="0.5410412159297187"/>
            <fprob>0.0</fprob>
        </actor>
        <actor name="D0N45">
            <wcet number="0">100</wcet>
            <wcet number="1">160</wcet>
            <maxpow number="0.6105449410411887"/>
            <maxpow number="0.6105449410411887"/>
            <fprob>0.0</fprob>
        </actor>
        <actor name="D0N16">
            <wcet number="0">90</wcet>
            <wcet number="1">170</wcet>
            <maxpow number="0.7602234335647357"/>
            <maxpow number="0.7602234335647357"/>
            <fprob>0.0</fprob>
        </actor>
        <actor name="D0N44">
            <wcet number="0">320</wcet>
            <wcet number="1">500</wcet>
            <maxpow number="0.5570964537421584"/>
            <maxpow number="0.5570964537421584"/>
            <fprob>0.0</fprob>
        </actor>
        <actor name="D0N38">
            <wcet number="0">40</wcet>
            <wcet number="1">50</wcet>
            <maxpow number="0.4666342427167712"/>
            <maxpow number="0.4666342427167712"/>
            <fprob>0.0</fprob>
        </actor>
        <actor name="D0N11">
            <wcet number="0">250</wcet>
            <wcet number="1">290</wcet>
            <maxpow number="0.6478012896420821"/>
            <maxpow number="0.6478012896420821"/>
            <fprob>0.0</fprob>
        </actor>
        <actor name="D0N24">
            <wcet number="0">20</wcet>
            <wcet number="1">220</wcet>
            <maxpow number="0.40394361130945416"/>
            <maxpow number="0.40394361130945416"/>
            <fprob>0.0</fprob>
        </actor>
        <actor name="D0N20">
            <wcet number="0">20</wcet>
            <wcet number="1">30</wcet>
            <maxpow number="1.0038139387318232"/>
            <maxpow number="1.0038139387318232"/>
            <fprob>0.0</fprob>
        </actor>
        <actor name="D0N22">
            <wcet number="0">20</wcet>
            <wcet number="1">80</wcet>
            <maxpow number="0.7161232452517332"/>
            <maxpow number="0.7161232452517332"/>
            <fprob>0.0</fprob>
        </actor>
        <actor name="D0N39">
            <wcet number="0">220</wcet>
            <wcet number="1">270</wcet>
            <maxpow number="0.41523232113180164"/>
            <maxpow number="0.41523232113180164"/>
            <fprob>0.0</fprob>
        </actor>
        <actor name="D0N10">
            <wcet number="0">10</wcet>
            <wcet number="1">10</wcet>
            <maxpow number="0.6145795856228979"/>
            <maxpow number="0.6145795856228979"/>
            <fprob>0.0</fprob>
        </actor>
        <actor name="D0N31">
            <wcet number="0">20</wcet>
            <wcet number="1">220</wcet>
            <maxpow number="0.3900306102467997"/>
            <maxpow number="0.3900306102467997"/>
            <fprob>0.0</fprob>
        </actor>
        <actor name="D0N15">
            <wcet number="0">40</wcet>
            <wcet number="1">100</wcet>
            <maxpow number="0.48579959518477894"/>
            <maxpow number="0.48579959518477894"/>
            <fprob>0.0</fprob>
        </actor>
        <actor name="D0N33">
            <wcet number="0">460</wcet>
            <wcet number="1">900</wcet>
            <maxpow number="0.3117199141020117"/>
            <maxpow number="0.3117199141020117"/>
            <fprob>0.0</fprob>
        </actor>
        <actor name="D0N21">
            <wcet number="0">220</wcet>
            <wcet number="1">370</wcet>
            <maxpow number="0.3645453723367936"/>
            <maxpow number="0.3645453723367936"/>
            <fprob>0.0</fprob>
        </actor>
        <actor name="D0N36">
            <wcet number="0">10</wcet>
            <wcet number="1">10</wcet>
            <maxpow number="0.5248711014444969"/>
            <maxpow number="0.5248711014444969"/>
            <fprob>0.0</fprob>
        </actor>
        <actor name="D0N46">
            <wcet number="0">70</wcet>
            <wcet number="1">80</wcet>
            <maxpow number="0.6732534885635229"/>
            <maxpow number="0.6732534885635229"/>
            <fprob>0.0</fprob>
        </actor>
        <actor name="D0N14">
            <wcet number="0">10</wcet>
            <wcet number="1">20</wcet>
            <maxpow number="0.6108403721335561"/>
            <maxpow number="0.6108403721335561"/>
            <fprob>0.0</fprob>
        </actor>
        <actor name="D0N2">
            <wcet number="0">210</wcet>
            <wcet number="1">480</wcet>
            <maxpow number="1.0011264824520731"/>
            <maxpow number="1.0011264824520731"/>
            <fprob>0.0</fprob>
        </actor>
        <actor name="D0N0">
            <wcet number="0">110</wcet>
            <wcet number="1">360</wcet>
            <maxpow number="0.6119467764017624"/>
            <maxpow number="0.6119467764017624"/>
            <fprob>0.0</fprob>
        </actor>
        <actor name="D0N28">
            <wcet number="0">10</wcet>
            <wcet number="1">100</wcet>
            <maxpow number="0.4252200216035702"/>
            <maxpow number="0.4252200216035702"/>
            <fprob>0.0</fprob>
        </actor>
        <actor name="D0N9">
            <wcet number="0">30</wcet>
            <wcet number="1">50</wcet>
            <maxpow number="0.7424219936102449"/>
            <maxpow number="0.7424219936102449"/>
            <fprob>0.0</fprob>
        </actor>
        <actor name="D0N13">
            <wcet number="0">70</wcet>
            <wcet number="1">80</wcet>
            <maxpow number="0.9325932031585812"/>
            <maxpow number="0.9325932031585812"/>
            <fprob>0.0</fprob>
        </actor>
        <actor name="D0N6">
            <wcet number="0">380</wcet>
            <wcet number="1">430</wcet>
            <maxpow number="0.76726400147114"/>
            <maxpow number="0.76726400147114"/>
            <fprob>0.0</fprob>
        </actor>
        <actor name="D0N25">
            <wcet number="0">90</wcet>
            <wcet number="1">240</wcet>
            <maxpow number="0.09100178284748939"/>
            <maxpow number="0.09100178284748939"/>
            <fprob>0.0</fprob>
        </actor>
        <actor name="D0N35">
            <wcet number="0">300</wcet>
            <wcet number="1">310</wcet>
            <maxpow number="0.7232485363613881"/>
            <maxpow number="0.7232485363613881"/>
            <fprob>0.0</fprob>
        </actor>
        <actor name="D0N5">
            <wcet number="0">20</wcet>
            <wcet number="1">320</wcet>
            <maxpow number="0.45219761772645267"/>
            <maxpow number="0.45219761772645267"/>
            <fprob>0.0</fprob>
        </actor>
        <actor name="D0N42">
            <wcet number="0">230</wcet>
            <wcet number="1">350</wcet>
            <maxpow number="0.26388581179981824"/>
            <maxpow number="0.26388581179981824"/>
            <fprob>0.0</fprob>
        </actor>
        <actor name="D0N26">
            <wcet number="0">40</wcet>
            <wcet number="1">230</wcet>
            <maxpow number="0.5573145212403716"/>
            <maxpow number="0.5573145212403716"/>
            <fprob>0.0</fprob>
        </actor>
        <actor name="D0N34">
            <wcet number="0">120</wcet>
            <wcet number="1">280</wcet>
            <maxpow number="0.31127332249487527"/>
            <maxpow number="0.31127332249487527"/>
            <fprob>0.0</fprob>
        </actor>
        <actor name="D0N18">
            <wcet number="0">70</wcet>
            <wcet number="1">230</wcet>
            <maxpow number="0.5397447598419265"/>
            <maxpow number="0.5397447598419265"/>
            <fprob>0.0</fprob>
        </actor>
        <actor name="D0N40">
            <wcet number="0">290</wcet>
            <wcet number="1">420</wcet>
            <maxpow number="0.5478736066855069"/>
            <maxpow number="0.5478736066855069"/>
            <fprob>0.0</fprob>
        </actor>
        <actor name="D0N19">
            <wcet number="0">40</wcet>
            <wcet number="1">70</wcet>
            <maxpow number="0.4341952021990878"/>
            <maxpow number="0.4341952021990878"/>
            <fprob>0.0</fprob>
        </actor>
        <actor name="D0N3">
            <wcet number="0">40</wcet>
            <wcet number="1">120</wcet>
            <maxpow number="0.886563287149002"/>
            <maxpow number="0.886563287149002"/>
            <fprob>0.0</fprob>
        </actor>
        <actor name="D0N37">
            <wcet number="0">30</wcet>
            <wcet number="1">230</wcet>
            <maxpow number="0.3736240227871708"/>
            <maxpow number="0.3736240227871708"/>
            <fprob>0.0</fprob>
        </actor>
        <actor name="D0N32">
            <wcet number="0">240</wcet>
            <wcet number="1">240</wcet>
            <maxpow number="0.635910033542575"/>
            <maxpow number="0.635910033542575"/>
            <fprob>0.0</fprob>
        </actor>
        <actor name="D0N41">
            <wcet number="0">140</wcet>
            <wcet number="1">160</wcet>
            <maxpow number="0.4205642493394236"/>
            <maxpow number="0.4205642493394236"/>
            <fprob>0.0</fprob>
        </actor>
        <actor name="D0N1">
            <wcet number="0">70</wcet>
            <wcet number="1">130</wcet>
            <maxpow number="0.6887396596369065"/>
            <maxpow number="0.6887396596369065"/>
            <fprob>0.0</fprob>
        </actor>
        <actor name="D0N43">
            <wcet number="0">310</wcet>
            <wcet number="1">380</wcet>
            <maxpow number="0.3370649825886345"/>
            <maxpow number="0.3370649825886345"/>
            <fprob>0.0</fprob>
        </actor>
        <ports>
            <port dstActor="D0N41" name="p0" srcActor="D0N7"/>
            <port dstActor="D0N33" name="p1" srcActor="D0N7"/>
            <port dstActor="D0N38" name="p2" srcActor="D0N7"/>
            <port dstActor="D0N27" name="p3" srcActor="D0N8"/>
            <port dstActor="D0N43" name="p4" srcActor="D0N8"/>
            <port dstActor="D0N13" name="p5" srcActor="D0N8"/>
            <port dstActor="D0N40" name="p6" srcActor="D0N8"/>
            <port dstActor="D0N9" name="p7" srcActor="D0N8"/>
            <port dstActor="D0N33" name="p8" srcActor="D0N8"/>
            <port dstActor="D0N37" name="p9" srcActor="D0N8"/>
            <port dstActor="D0N43" name="p10" srcActor="D0N30"/>
            <port dstActor="D0N42" name="p11" srcActor="D0N30"/>
            <port dstActor="D0N46" name="p12" srcActor="D0N30"/>
            <port dstActor="D0N35" name="p13" srcActor="D0N29"/>
            <port dstActor="D0N37" name="p14" srcActor="D0N17"/>
            <port dstActor="D0N43" name="p15" srcActor="D0N17"/>
            <port dstActor="D0N22" name="p16" srcActor="D0N17"/>
            <port dstActor="D0N41" name="p17" srcActor="D0N17"/>
            <port dstActor="D0N25" name="p18" srcActor="D0N4"/>
            <port dstActor="D0N22" name="p19" srcActor="D0N4"/>
            <port dstActor="D0N10" name="p20" srcActor="D0N4"/>
            <port dstActor="D0N23" name="p21" srcActor="D0N4"/>
            <port dstActor="D0N27" name="p22" srcActor="D0N4"/>
            <port dstActor="D0N9" name="p23" srcActor="D0N4"/>
            <port dstActor="D0N46" name="p24" srcActor="D0N23"/>
            <port dstActor="D0N29" name="p25" srcActor="D0N23"/>
            <port dstActor="D0N26" name="p26" srcActor="D0N23"/>
            <port dstActor="D0N41" name="p27" srcActor="D0N12"/>
            <port dstActor="D0N31" name="p28" srcActor="D0N12"/>
            <port dstActor="D0N21" name="p29" srcActor="D0N12"/>
            <port dstActor="D0N40" name="p30" srcActor="D0N12"/>
            <port dstActor="D0N38" name="p31" srcActor="D0N27"/>
            <port dstActor="D0N37" name="p32" srcActor="D0N27"/>
            <port dstActor="D0N39" name="p33" srcActor="D0N27"/>
            <port dstActor="D0N43" name="p34" srcActor="D0N27"/>
            <port dstActor="D0N46" name="p35" srcActor="D0N45"/>
            <port dstActor="D0N23" name="p36" srcActor="D0N16"/>
            <port dstActor="D0N39" name="p37" srcActor="D0N16"/>
            <port dstActor="D0N24" name="p38" srcActor="D0N16"/>
            <port dstActor="D0N40" name="p39" srcActor="D0N16"/>
            <port dstActor="D0N20" name="p40" srcActor="D0N16"/>
            <port dstActor="D0N38" name="p41" srcActor="D0N11"/>
            <port dstActor="D0N41" name="p42" srcActor="D0N11"/>
            <port dstActor="D0N13" name="p43" srcActor="D0N11"/>
            <port dstActor="D0N40" name="p44" srcActor="D0N11"/>
            <port dstActor="D0N21" name="p45" srcActor="D0N20"/>
            <port dstActor="D0N27" name="p46" srcActor="D0N22"/>
            <port dstActor="D0N30" name="p47" srcActor="D0N22"/>
            <port dstActor="D0N38" name="p48" srcActor="D0N22"/>
            <port dstActor="D0N41" name="p49" srcActor="D0N22"/>
            <port dstActor="D0N45" name="p50" srcActor="D0N39"/>
            <port dstActor="D0N21" name="p51" srcActor="D0N10"/>
            <port dstActor="D0N28" name="p52" srcActor="D0N10"/>
            <port dstActor="D0N26" name="p53" srcActor="D0N10"/>
            <port dstActor="D0N25" name="p54" srcActor="D0N10"/>
            <port dstActor="D0N42" name="p55" srcActor="D0N31"/>
            <port dstActor="D0N42" name="p56" srcActor="D0N15"/>
            <port dstActor="D0N17" name="p57" srcActor="D0N15"/>
            <port dstActor="D0N39" name="p58" srcActor="D0N15"/>
            <port dstActor="D0N25" name="p59" srcActor="D0N15"/>
            <port dstActor="D0N36" name="p60" srcActor="D0N33"/>
            <port dstActor="D0N39" name="p61" srcActor="D0N21"/>
            <port dstActor="D0N29" name="p62" srcActor="D0N21"/>
            <port dstActor="D0N17" name="p63" srcActor="D0N14"/>
            <port dstActor="D0N21" name="p64" srcActor="D0N14"/>
            <port dstActor="D0N31" name="p65" srcActor="D0N14"/>
            <port dstActor="D0N22" name="p66" srcActor="D0N14"/>
            <port dstActor="D0N35" name="p67" srcActor="D0N14"/>
            <port dstActor="D0N43" name="p68" srcActor="D0N2"/>
            <port dstActor="D0N31" name="p69" srcActor="D0N0"/>
            <port dstActor="D0N4" name="p70" srcActor="D0N0"/>
            <port dstActor="D0N43" name="p71" srcActor="D0N28"/>
            <port dstActor="D0N41" name="p72" srcActor="D0N28"/>
            <port dstActor="D0N29" name="p73" srcActor="D0N9"/>
            <port dstActor="D0N21" name="p74" srcActor="D0N9"/>
            <port dstActor="D0N26" name="p75" srcActor="D0N9"/>
            <port dstActor="D0N24" name="p76" srcActor="D0N9"/>
            <port dstActor="D0N14" name="p77" srcActor="D0N13"/>
            <port dstActor="D0N36" name="p78" srcActor="D0N13"/>
            <port dstActor="D0N32" name="p79" srcActor="D0N13"/>
            <port dstActor="D0N26" name="p80" srcActor="D0N13"/>
            <port dstActor="D0N44" name="p81" srcActor="D0N6"/>
            <port dstActor="D0N27" name="p82" srcActor="D0N6"/>
            <port dstActor="D0N10" name="p83" srcActor="D0N6"/>
            <port dstActor="D0N32" name="p84" srcActor="D0N6"/>
            <port dstActor="D0N14" name="p85" srcActor="D0N6"/>
            <port dstActor="D0N23" name="p86" srcActor="D0N6"/>
            <port dstActor="D0N27" name="p87" srcActor="D0N25"/>
            <port dstActor="D0N36" name="p88" srcActor="D0N25"/>
            <port dstActor="D0N41" name="p89" srcActor="D0N25"/>
            <port dstActor="D0N33" name="p90" srcActor="D0N25"/>
            <port dstActor="D0N46" name="p91" srcActor="D0N25"/>
            <port dstActor="D0N39" name="p92" srcActor="D0N35"/>
            <port dstActor="D0N42" name="p93" srcActor="D0N35"/>
            <port dstActor="D0N35" name="p94" srcActor="D0N5"/>
            <port dstActor="D0N17" name="p95" srcActor="D0N5"/>
            <port dstActor="D0N42" name="p96" srcActor="D0N5"/>
            <port dstActor="D0N14" name="p97" srcActor="D0N5"/>
            <port dstActor="D0N29" name="p98" srcActor="D0N5"/>
            <port dstActor="D0N41" name="p99" srcActor="D0N5"/>
            <port dstActor="D0N39" name="p100" srcActor="D0N26"/>
            <port dstActor="D0N37" name="p101" srcActor="D0N26"/>
            <port dstActor="D0N27" name="p102" srcActor="D0N26"/>
            <port dstActor="D0N42" name="p103" srcActor="D0N34"/>
            <port dstActor="D0N39" name="p104" srcActor="D0N18"/>
            <port dstActor="D0N24" name="p105" srcActor="D0N18"/>
            <port dstActor="D0N29" name="p106" srcActor="D0N18"/>
            <port dstActor="D0N42" name="p107" srcActor="D0N18"/>
            <port dstActor="D0N22" name="p108" srcActor="D0N18"/>
            <port dstActor="D0N32" name="p109" srcActor="D0N18"/>
            <port dstActor="D0N38" name="p110" srcActor="D0N19"/>
            <port dstActor="D0N37" name="p111" srcActor="D0N19"/>
            <port dstActor="D0N16" name="p112" srcActor="D0N3"/>
            <port dstActor="D0N32" name="p113" srcActor="D0N3"/>
            <port dstActor="D0N22" name="p114" srcActor="D0N3"/>
            <port dstActor="D0N36" name="p115" srcActor="D0N3"/>
            <port dstActor="D0N46" name="p116" srcActor="D0N3"/>
            <port dstActor="D0N45" name="p117" srcActor="D0N37"/>
            <port dstActor="D0N38" name="p118" srcActor="D0N32"/>
            <port dstActor="D0N40" name="p119" srcActor="D0N32"/>
            <port dstActor="D0N45" name="p120" srcActor="D0N32"/>
            <port dstActor="D0N43" name="p121" srcActor="D0N41"/>
            <port dstActor="D0N6" name="p122" srcActor="D0N1"/>
            <port dstActor="D0N12" name="p123" srcActor="D0N1"/>
            <port dstActor="D0N20" name="p124" srcActor="D0N1"/>
            <port dstActor="D0N21" name="p125" srcActor="D0N1"/>
            <port dstActor="D0N37" name="p126" srcActor="D0N1"/>
            <port dstActor="D0N16" name="p127" srcActor="D0N1"/>
            <port dstActor="D0N17" name="p128" srcActor="D0N1"/>
            <port dstActor="D0N24" name="p129" srcActor="D0N1"/>
        </ports>
    </mcdag>
    <cores number="3"/>
    <levels number="2"/>
</mcsystem>
