<?xml version="1.0" encoding="UTF-8" standalone="no"?>
<mcsystem>
    <mcdag deadline="2200" name="genned-0-ed-10.0-0">
        <actor name="D0N15">
            <wcet number="0">30</wcet>
            <wcet number="1">90</wcet>
            <maxpow number="0.8204698913342376"/>
            <maxpow number="0.8204698913342376"/>
            <fprob>0.0</fprob>
        </actor>
        <actor name="D0N9">
            <wcet number="0">10</wcet>
            <wcet number="1">70</wcet>
            <maxpow number="0.5301862688640651"/>
            <maxpow number="0.5301862688640651"/>
            <fprob>0.0</fprob>
        </actor>
        <actor name="D0N26">
            <wcet number="0">30</wcet>
            <wcet number="1">90</wcet>
            <maxpow number="0.6564324646999182"/>
            <maxpow number="0.6564324646999182"/>
            <fprob>0.0</fprob>
        </actor>
        <actor name="D0N12">
            <wcet number="0">50</wcet>
            <wcet number="1">60</wcet>
            <maxpow number="0.580447926526233"/>
            <maxpow number="0.580447926526233"/>
            <fprob>0.0</fprob>
        </actor>
        <actor name="D0N14">
            <wcet number="0">60</wcet>
            <wcet number="1">90</wcet>
            <maxpow number="0.7313205767607486"/>
            <maxpow number="0.7313205767607486"/>
            <fprob>0.0</fprob>
        </actor>
        <actor name="D0N41">
            <wcet number="0">30</wcet>
            <wcet number="1">40</wcet>
            <maxpow number="0.5568056451479764"/>
            <maxpow number="0.5568056451479764"/>
            <fprob>0.0</fprob>
        </actor>
        <actor name="D0N27">
            <wcet number="0">10</wcet>
            <wcet number="1">10</wcet>
            <maxpow number="0.7592014446941487"/>
            <maxpow number="0.7592014446941487"/>
            <fprob>0.0</fprob>
        </actor>
        <actor name="D0N10">
            <wcet number="0">20</wcet>
            <wcet number="1">170</wcet>
            <maxpow number="0.7123200106718962"/>
            <maxpow number="0.7123200106718962"/>
            <fprob>0.0</fprob>
        </actor>
        <actor name="D0N32">
            <wcet number="0">20</wcet>
            <wcet number="1">20</wcet>
            <maxpow number="0.6829173380583999"/>
            <maxpow number="0.6829173380583999"/>
            <fprob>0.0</fprob>
        </actor>
        <actor name="D0N37">
            <wcet number="0">40</wcet>
            <wcet number="1">40</wcet>
            <maxpow number="0.6767726437810617"/>
            <maxpow number="0.6767726437810617"/>
            <fprob>0.0</fprob>
        </actor>
        <actor name="D0N38">
            <wcet number="0">10</wcet>
            <wcet number="1">20</wcet>
            <maxpow number="0.9742329105462857"/>
            <maxpow number="0.9742329105462857"/>
            <fprob>0.0</fprob>
        </actor>
        <actor name="D0N6">
            <wcet number="0">60</wcet>
            <wcet number="1">140</wcet>
            <maxpow number="0.45973806135079937"/>
            <maxpow number="0.45973806135079937"/>
            <fprob>0.0</fprob>
        </actor>
        <actor name="D0N20">
            <wcet number="0">250</wcet>
            <wcet number="1">430</wcet>
            <maxpow number="0.2595267317767665"/>
            <maxpow number="0.2595267317767665"/>
            <fprob>0.0</fprob>
        </actor>
        <actor name="D0N8">
            <wcet number="0">70</wcet>
            <wcet number="1">80</wcet>
            <maxpow number="0.7124841645097449"/>
            <maxpow number="0.7124841645097449"/>
            <fprob>0.0</fprob>
        </actor>
        <actor name="D0N2">
            <wcet number="0">10</wcet>
            <wcet number="1">20</wcet>
            <maxpow number="0.5039231275314148"/>
            <maxpow number="0.5039231275314148"/>
            <fprob>0.0</fprob>
        </actor>
        <actor name="D0N13">
            <wcet number="0">150</wcet>
            <wcet number="1">330</wcet>
            <maxpow number="0.6760485725765487"/>
            <maxpow number="0.6760485725765487"/>
            <fprob>0.0</fprob>
        </actor>
        <actor name="D0N16">
            <wcet number="0">70</wcet>
            <wcet number="1">140</wcet>
            <maxpow number="0.7956117990825186"/>
            <maxpow number="0.7956117990825186"/>
            <fprob>0.0</fprob>
        </actor>
        <actor name="D0N24">
            <wcet number="0">90</wcet>
            <wcet number="1">200</wcet>
            <maxpow number="0.2620812710201437"/>
            <maxpow number="0.2620812710201437"/>
            <fprob>0.0</fprob>
        </actor>
        <actor name="D0N39">
            <wcet number="0">60</wcet>
            <wcet number="1">80</wcet>
            <maxpow number="0.6892639667064254"/>
            <maxpow number="0.6892639667064254"/>
            <fprob>0.0</fprob>
        </actor>
        <actor name="D0N0">
            <wcet number="0">30</wcet>
            <wcet number="1">30</wcet>
            <maxpow number="0.5858482245890465"/>
            <maxpow number="0.5858482245890465"/>
            <fprob>0.0</fprob>
        </actor>
        <actor name="D0N11">
            <wcet number="0">40</wcet>
            <wcet number="1">40</wcet>
            <maxpow number="0.7383138429545058"/>
            <maxpow number="0.7383138429545058"/>
            <fprob>0.0</fprob>
        </actor>
        <actor name="D0N19">
            <wcet number="0">10</wcet>
            <wcet number="1">10</wcet>
            <maxpow number="0.8508618103990557"/>
            <maxpow number="0.8508618103990557"/>
            <fprob>0.0</fprob>
        </actor>
        <actor name="D0N18">
            <wcet number="0">10</wcet>
            <wcet number="1">310</wcet>
            <maxpow number="0.5872018461709092"/>
            <maxpow number="0.5872018461709092"/>
            <fprob>0.0</fprob>
        </actor>
        <actor name="D0N25">
            <wcet number="0">110</wcet>
            <wcet number="1">110</wcet>
            <maxpow number="0.5230141020383698"/>
            <maxpow number="0.5230141020383698"/>
            <fprob>0.0</fprob>
        </actor>
        <actor name="D0N21">
            <wcet number="0">40</wcet>
            <wcet number="1">60</wcet>
            <maxpow number="0.319398648869172"/>
            <maxpow number="0.319398648869172"/>
            <fprob>0.0</fprob>
        </actor>
        <actor name="D0N45">
            <wcet number="0">10</wcet>
            <wcet number="1">10</wcet>
            <maxpow number="0.3891088687804888"/>
            <maxpow number="0.3891088687804888"/>
            <fprob>0.0</fprob>
        </actor>
        <actor name="D0N31">
            <wcet number="0">170</wcet>
            <wcet number="1">300</wcet>
            <maxpow number="0.7166961934621084"/>
            <maxpow number="0.7166961934621084"/>
            <fprob>0.0</fprob>
        </actor>
        <actor name="D0N5">
            <wcet number="0">10</wcet>
            <wcet number="1">20</wcet>
            <maxpow number="0.6606958083570323"/>
            <maxpow number="0.6606958083570323"/>
            <fprob>0.0</fprob>
        </actor>
        <actor name="D0N34">
            <wcet number="0">160</wcet>
            <wcet number="1">210</wcet>
            <maxpow number="0.6328104148244376"/>
            <maxpow number="0.6328104148244376"/>
            <fprob>0.0</fprob>
        </actor>
        <actor name="D0N22">
            <wcet number="0">20</wcet>
            <wcet number="1">20</wcet>
            <maxpow number="0.6740596649653173"/>
            <maxpow number="0.6740596649653173"/>
            <fprob>0.0</fprob>
        </actor>
        <actor name="D0N30">
            <wcet number="0">10</wcet>
            <wcet number="1">20</wcet>
            <maxpow number="0.5153656904306964"/>
            <maxpow number="0.5153656904306964"/>
            <fprob>0.0</fprob>
        </actor>
        <actor name="D0N28">
            <wcet number="0">30</wcet>
            <wcet number="1">90</wcet>
            <maxpow number="0.5148776611340208"/>
            <maxpow number="0.5148776611340208"/>
            <fprob>0.0</fprob>
        </actor>
        <actor name="D0N7">
            <wcet number="0">120</wcet>
            <wcet number="1">160</wcet>
            <maxpow number="0.5872602107532432"/>
            <maxpow number="0.5872602107532432"/>
            <fprob>0.0</fprob>
        </actor>
        <actor name="D0N17">
            <wcet number="0">20</wcet>
            <wcet number="1">110</wcet>
            <maxpow number="0.6184188434213846"/>
            <maxpow number="0.6184188434213846"/>
            <fprob>0.0</fprob>
        </actor>
        <actor name="D0N35">
            <wcet number="0">10</wcet>
            <wcet number="1">10</wcet>
            <maxpow number="0.050640197142553744"/>
            <maxpow number="0.050640197142553744"/>
            <fprob>0.0</fprob>
        </actor>
        <actor name="D0N43">
            <wcet number="0">80</wcet>
            <wcet number="1">160</wcet>
            <maxpow number="0.5916319258376708"/>
            <maxpow number="0.5916319258376708"/>
            <fprob>0.0</fprob>
        </actor>
        <actor name="D0N29">
            <wcet number="0">10</wcet>
            <wcet number="1">70</wcet>
            <maxpow number="0.4525401150664108"/>
            <maxpow number="0.4525401150664108"/>
            <fprob>0.0</fprob>
        </actor>
        <actor name="D0N44">
            <wcet number="0">10</wcet>
            <wcet number="1">30</wcet>
            <maxpow number="0.8410613814849255"/>
            <maxpow number="0.8410613814849255"/>
            <fprob>0.0</fprob>
        </actor>
        <actor name="D0N4">
            <wcet number="0">10</wcet>
            <wcet number="1">10</wcet>
            <maxpow number="0.8210232864154714"/>
            <maxpow number="0.8210232864154714"/>
            <fprob>0.0</fprob>
        </actor>
        <actor name="D0N33">
            <wcet number="0">10</wcet>
            <wcet number="1">10</wcet>
            <maxpow number="0.4938089298002422"/>
            <maxpow number="0.4938089298002422"/>
            <fprob>0.0</fprob>
        </actor>
        <actor name="D0N36">
            <wcet number="0">20</wcet>
            <wcet number="1">40</wcet>
            <maxpow number="0.7865627697538249"/>
            <maxpow number="0.7865627697538249"/>
            <fprob>0.0</fprob>
        </actor>
        <actor name="D0N23">
            <wcet number="0">450</wcet>
            <wcet number="1">570</wcet>
            <maxpow number="1.0194930561790205"/>
            <maxpow number="1.0194930561790205"/>
            <fprob>0.0</fprob>
        </actor>
        <actor name="D0N1">
            <wcet number="0">120</wcet>
            <wcet number="1">150</wcet>
            <maxpow number="0.3572855547602709"/>
            <maxpow number="0.3572855547602709"/>
            <fprob>0.0</fprob>
        </actor>
        <actor name="D0N40">
            <wcet number="0">140</wcet>
            <wcet number="1">590</wcet>
            <maxpow number="0.4395962767495831"/>
            <maxpow number="0.4395962767495831"/>
            <fprob>0.0</fprob>
        </actor>
        <actor name="D0N42">
            <wcet number="0">10</wcet>
            <wcet number="1">150</wcet>
            <maxpow number="0.31898340781447443"/>
            <maxpow number="0.31898340781447443"/>
            <fprob>0.0</fprob>
        </actor>
        <actor name="D0N3">
            <wcet number="0">80</wcet>
            <wcet number="1">90</wcet>
            <maxpow number="0.6014351696385529"/>
            <maxpow number="0.6014351696385529"/>
            <fprob>0.0</fprob>
        </actor>
        <ports>
            <port dstActor="D0N26" name="p0" srcActor="D0N15"/>
            <port dstActor="D0N39" name="p1" srcActor="D0N15"/>
            <port dstActor="D0N33" name="p2" srcActor="D0N15"/>
            <port dstActor="D0N37" name="p3" srcActor="D0N15"/>
            <port dstActor="D0N18" name="p4" srcActor="D0N9"/>
            <port dstActor="D0N40" name="p5" srcActor="D0N9"/>
            <port dstActor="D0N22" name="p6" srcActor="D0N9"/>
            <port dstActor="D0N44" name="p7" srcActor="D0N26"/>
            <port dstActor="D0N42" name="p8" srcActor="D0N26"/>
            <port dstActor="D0N13" name="p9" srcActor="D0N12"/>
            <port dstActor="D0N30" name="p10" srcActor="D0N12"/>
            <port dstActor="D0N42" name="p11" srcActor="D0N12"/>
            <port dstActor="D0N35" name="p12" srcActor="D0N12"/>
            <port dstActor="D0N36" name="p13" srcActor="D0N12"/>
            <port dstActor="D0N17" name="p14" srcActor="D0N14"/>
            <port dstActor="D0N22" name="p15" srcActor="D0N14"/>
            <port dstActor="D0N37" name="p16" srcActor="D0N14"/>
            <port dstActor="D0N42" name="p17" srcActor="D0N14"/>
            <port dstActor="D0N33" name="p18" srcActor="D0N14"/>
            <port dstActor="D0N44" name="p19" srcActor="D0N41"/>
            <port dstActor="D0N29" name="p20" srcActor="D0N27"/>
            <port dstActor="D0N38" name="p21" srcActor="D0N27"/>
            <port dstActor="D0N30" name="p22" srcActor="D0N27"/>
            <port dstActor="D0N24" name="p23" srcActor="D0N10"/>
            <port dstActor="D0N31" name="p24" srcActor="D0N10"/>
            <port dstActor="D0N14" name="p25" srcActor="D0N10"/>
            <port dstActor="D0N35" name="p26" srcActor="D0N32"/>
            <port dstActor="D0N39" name="p27" srcActor="D0N32"/>
            <port dstActor="D0N10" name="p28" srcActor="D0N6"/>
            <port dstActor="D0N17" name="p29" srcActor="D0N6"/>
            <port dstActor="D0N34" name="p30" srcActor="D0N6"/>
            <port dstActor="D0N45" name="p31" srcActor="D0N6"/>
            <port dstActor="D0N8" name="p32" srcActor="D0N6"/>
            <port dstActor="D0N33" name="p33" srcActor="D0N6"/>
            <port dstActor="D0N10" name="p34" srcActor="D0N8"/>
            <port dstActor="D0N19" name="p35" srcActor="D0N8"/>
            <port dstActor="D0N44" name="p36" srcActor="D0N8"/>
            <port dstActor="D0N14" name="p37" srcActor="D0N8"/>
            <port dstActor="D0N34" name="p38" srcActor="D0N8"/>
            <port dstActor="D0N43" name="p39" srcActor="D0N2"/>
            <port dstActor="D0N4" name="p40" srcActor="D0N2"/>
            <port dstActor="D0N22" name="p41" srcActor="D0N2"/>
            <port dstActor="D0N16" name="p42" srcActor="D0N13"/>
            <port dstActor="D0N35" name="p43" srcActor="D0N13"/>
            <port dstActor="D0N45" name="p44" srcActor="D0N13"/>
            <port dstActor="D0N26" name="p45" srcActor="D0N13"/>
            <port dstActor="D0N44" name="p46" srcActor="D0N13"/>
            <port dstActor="D0N20" name="p47" srcActor="D0N13"/>
            <port dstActor="D0N34" name="p48" srcActor="D0N16"/>
            <port dstActor="D0N19" name="p49" srcActor="D0N16"/>
            <port dstActor="D0N45" name="p50" srcActor="D0N16"/>
            <port dstActor="D0N28" name="p51" srcActor="D0N16"/>
            <port dstActor="D0N24" name="p52" srcActor="D0N16"/>
            <port dstActor="D0N22" name="p53" srcActor="D0N16"/>
            <port dstActor="D0N41" name="p54" srcActor="D0N24"/>
            <port dstActor="D0N36" name="p55" srcActor="D0N24"/>
            <port dstActor="D0N43" name="p56" srcActor="D0N24"/>
            <port dstActor="D0N33" name="p57" srcActor="D0N24"/>
            <port dstActor="D0N34" name="p58" srcActor="D0N24"/>
            <port dstActor="D0N38" name="p59" srcActor="D0N24"/>
            <port dstActor="D0N9" name="p60" srcActor="D0N0"/>
            <port dstActor="D0N7" name="p61" srcActor="D0N0"/>
            <port dstActor="D0N26" name="p62" srcActor="D0N11"/>
            <port dstActor="D0N22" name="p63" srcActor="D0N11"/>
            <port dstActor="D0N34" name="p64" srcActor="D0N11"/>
            <port dstActor="D0N19" name="p65" srcActor="D0N18"/>
            <port dstActor="D0N26" name="p66" srcActor="D0N18"/>
            <port dstActor="D0N40" name="p67" srcActor="D0N18"/>
            <port dstActor="D0N42" name="p68" srcActor="D0N18"/>
            <port dstActor="D0N36" name="p69" srcActor="D0N25"/>
            <port dstActor="D0N35" name="p70" srcActor="D0N21"/>
            <port dstActor="D0N29" name="p71" srcActor="D0N21"/>
            <port dstActor="D0N38" name="p72" srcActor="D0N21"/>
            <port dstActor="D0N33" name="p73" srcActor="D0N31"/>
            <port dstActor="D0N15" name="p74" srcActor="D0N5"/>
            <port dstActor="D0N11" name="p75" srcActor="D0N5"/>
            <port dstActor="D0N34" name="p76" srcActor="D0N5"/>
            <port dstActor="D0N41" name="p77" srcActor="D0N34"/>
            <port dstActor="D0N23" name="p78" srcActor="D0N22"/>
            <port dstActor="D0N42" name="p79" srcActor="D0N22"/>
            <port dstActor="D0N39" name="p80" srcActor="D0N22"/>
            <port dstActor="D0N24" name="p81" srcActor="D0N22"/>
            <port dstActor="D0N38" name="p82" srcActor="D0N30"/>
            <port dstActor="D0N45" name="p83" srcActor="D0N7"/>
            <port dstActor="D0N40" name="p84" srcActor="D0N7"/>
            <port dstActor="D0N33" name="p85" srcActor="D0N7"/>
            <port dstActor="D0N20" name="p86" srcActor="D0N7"/>
            <port dstActor="D0N25" name="p87" srcActor="D0N7"/>
            <port dstActor="D0N36" name="p88" srcActor="D0N17"/>
            <port dstActor="D0N30" name="p89" srcActor="D0N17"/>
            <port dstActor="D0N37" name="p90" srcActor="D0N35"/>
            <port dstActor="D0N42" name="p91" srcActor="D0N35"/>
            <port dstActor="D0N39" name="p92" srcActor="D0N29"/>
            <port dstActor="D0N45" name="p93" srcActor="D0N29"/>
            <port dstActor="D0N43" name="p94" srcActor="D0N4"/>
            <port dstActor="D0N12" name="p95" srcActor="D0N4"/>
            <port dstActor="D0N29" name="p96" srcActor="D0N4"/>
            <port dstActor="D0N35" name="p97" srcActor="D0N33"/>
            <port dstActor="D0N29" name="p98" srcActor="D0N23"/>
            <port dstActor="D0N24" name="p99" srcActor="D0N23"/>
            <port dstActor="D0N24" name="p100" srcActor="D0N1"/>
            <port dstActor="D0N30" name="p101" srcActor="D0N1"/>
            <port dstActor="D0N33" name="p102" srcActor="D0N1"/>
            <port dstActor="D0N19" name="p103" srcActor="D0N1"/>
            <port dstActor="D0N45" name="p104" srcActor="D0N42"/>
            <port dstActor="D0N42" name="p105" srcActor="D0N3"/>
            <port dstActor="D0N35" name="p106" srcActor="D0N3"/>
            <port dstActor="D0N11" name="p107" srcActor="D0N3"/>
        </ports>
    </mcdag>
    <cores number="3"/>
    <levels number="2"/>
</mcsystem>
