<?xml version="1.0" encoding="UTF-8" standalone="no"?>
<mcsystem>
    <mcdag deadline="3000" name="genned-0-ed-10.0-0">
        <actor name="D0N15">
            <wcet number="0">30</wcet>
            <wcet number="1">30</wcet>
            <maxpow number="0.521423732958157"/>
            <maxpow number="0.521423732958157"/>
            <fprob>0.0</fprob>
        </actor>
        <actor name="D0N14">
            <wcet number="0">150</wcet>
            <wcet number="1">270</wcet>
            <maxpow number="0.28537690176604835"/>
            <maxpow number="0.28537690176604835"/>
            <fprob>0.0</fprob>
        </actor>
        <actor name="D0N35">
            <wcet number="0">10</wcet>
            <wcet number="1">10</wcet>
            <maxpow number="0.5817048720335345"/>
            <maxpow number="0.5817048720335345"/>
            <fprob>0.0</fprob>
        </actor>
        <actor name="D0N46">
            <wcet number="0">20</wcet>
            <wcet number="1">20</wcet>
            <maxpow number="0.6399586549836562"/>
            <maxpow number="0.6399586549836562"/>
            <fprob>0.0</fprob>
        </actor>
        <actor name="D0N47">
            <wcet number="0">130</wcet>
            <wcet number="1">310</wcet>
            <maxpow number="0.3558030321233709"/>
            <maxpow number="0.3558030321233709"/>
            <fprob>0.0</fprob>
        </actor>
        <actor name="D0N33">
            <wcet number="0">40</wcet>
            <wcet number="1">40</wcet>
            <maxpow number="0.7262834670829564"/>
            <maxpow number="0.7262834670829564"/>
            <fprob>0.0</fprob>
        </actor>
        <actor name="D0N19">
            <wcet number="0">60</wcet>
            <wcet number="1">180</wcet>
            <maxpow number="0.8546738385315562"/>
            <maxpow number="0.8546738385315562"/>
            <fprob>0.0</fprob>
        </actor>
        <actor name="D0N24">
            <wcet number="0">610</wcet>
            <wcet number="1">920</wcet>
            <maxpow number="0.6679614333301958"/>
            <maxpow number="0.6679614333301958"/>
            <fprob>0.0</fprob>
        </actor>
        <actor name="D0N1">
            <wcet number="0">90</wcet>
            <wcet number="1">110</wcet>
            <maxpow number="0.5210809277103737"/>
            <maxpow number="0.5210809277103737"/>
            <fprob>0.0</fprob>
        </actor>
        <actor name="D0N30">
            <wcet number="0">260</wcet>
            <wcet number="1">410</wcet>
            <maxpow number="0.24959525742289757"/>
            <maxpow number="0.24959525742289757"/>
            <fprob>0.0</fprob>
        </actor>
        <actor name="D0N21">
            <wcet number="0">30</wcet>
            <wcet number="1">30</wcet>
            <maxpow number="0.26678259295186224"/>
            <maxpow number="0.26678259295186224"/>
            <fprob>0.0</fprob>
        </actor>
        <actor name="D0N39">
            <wcet number="0">210</wcet>
            <wcet number="1">350</wcet>
            <maxpow number="0.3197896123158117"/>
            <maxpow number="0.3197896123158117"/>
            <fprob>0.0</fprob>
        </actor>
        <actor name="D0N8">
            <wcet number="0">30</wcet>
            <wcet number="1">250</wcet>
            <maxpow number="0.4959803145988033"/>
            <maxpow number="0.4959803145988033"/>
            <fprob>0.0</fprob>
        </actor>
        <actor name="D0N41">
            <wcet number="0">10</wcet>
            <wcet number="1">80</wcet>
            <maxpow number="0.48146190687345286"/>
            <maxpow number="0.48146190687345286"/>
            <fprob>0.0</fprob>
        </actor>
        <actor name="D0N16">
            <wcet number="0">10</wcet>
            <wcet number="1">80</wcet>
            <maxpow number="0.1890270074131397"/>
            <maxpow number="0.1890270074131397"/>
            <fprob>0.0</fprob>
        </actor>
        <actor name="D0N26">
            <wcet number="0">10</wcet>
            <wcet number="1">180</wcet>
            <maxpow number="0.5869560003690705"/>
            <maxpow number="0.5869560003690705"/>
            <fprob>0.0</fprob>
        </actor>
        <actor name="D0N20">
            <wcet number="0">10</wcet>
            <wcet number="1">170</wcet>
            <maxpow number="0.6131720447259563"/>
            <maxpow number="0.6131720447259563"/>
            <fprob>0.0</fprob>
        </actor>
        <actor name="D0N29">
            <wcet number="0">150</wcet>
            <wcet number="1">320</wcet>
            <maxpow number="0.45481601322524473"/>
            <maxpow number="0.45481601322524473"/>
            <fprob>0.0</fprob>
        </actor>
        <actor name="D0N45">
            <wcet number="0">220</wcet>
            <wcet number="1">230</wcet>
            <maxpow number="0.4325757606392663"/>
            <maxpow number="0.4325757606392663"/>
            <fprob>0.0</fprob>
        </actor>
        <actor name="D0N34">
            <wcet number="0">20</wcet>
            <wcet number="1">100</wcet>
            <maxpow number="0.46327035308861314"/>
            <maxpow number="0.46327035308861314"/>
            <fprob>0.0</fprob>
        </actor>
        <actor name="D0N7">
            <wcet number="0">40</wcet>
            <wcet number="1">50</wcet>
            <maxpow number="0.47799544455445286"/>
            <maxpow number="0.47799544455445286"/>
            <fprob>0.0</fprob>
        </actor>
        <actor name="D0N44">
            <wcet number="0">40</wcet>
            <wcet number="1">50</wcet>
            <maxpow number="0.49636736639161444"/>
            <maxpow number="0.49636736639161444"/>
            <fprob>0.0</fprob>
        </actor>
        <actor name="D0N11">
            <wcet number="0">30</wcet>
            <wcet number="1">30</wcet>
            <maxpow number="0.4228583686649231"/>
            <maxpow number="0.4228583686649231"/>
            <fprob>0.0</fprob>
        </actor>
        <actor name="D0N9">
            <wcet number="0">50</wcet>
            <wcet number="1">50</wcet>
            <maxpow number="0.9000932689113124"/>
            <maxpow number="0.9000932689113124"/>
            <fprob>0.0</fprob>
        </actor>
        <actor name="D0N23">
            <wcet number="0">10</wcet>
            <wcet number="1">10</wcet>
            <maxpow number="0.7053447938918417"/>
            <maxpow number="0.7053447938918417"/>
            <fprob>0.0</fprob>
        </actor>
        <actor name="D0N17">
            <wcet number="0">30</wcet>
            <wcet number="1">40</wcet>
            <maxpow number="0.6412743316840038"/>
            <maxpow number="0.6412743316840038"/>
            <fprob>0.0</fprob>
        </actor>
        <actor name="D0N31">
            <wcet number="0">200</wcet>
            <wcet number="1">200</wcet>
            <maxpow number="0.5740140336519547"/>
            <maxpow number="0.5740140336519547"/>
            <fprob>0.0</fprob>
        </actor>
        <actor name="D0N13">
            <wcet number="0">50</wcet>
            <wcet number="1">150</wcet>
            <maxpow number="0.6284789489075353"/>
            <maxpow number="0.6284789489075353"/>
            <fprob>0.0</fprob>
        </actor>
        <actor name="D0N42">
            <wcet number="0">60</wcet>
            <wcet number="1">100</wcet>
            <maxpow number="0.3323663745055533"/>
            <maxpow number="0.3323663745055533"/>
            <fprob>0.0</fprob>
        </actor>
        <actor name="D0N37">
            <wcet number="0">400</wcet>
            <wcet number="1">430</wcet>
            <maxpow number="0.3525738280126761"/>
            <maxpow number="0.3525738280126761"/>
            <fprob>0.0</fprob>
        </actor>
        <actor name="D0N2">
            <wcet number="0">330</wcet>
            <wcet number="1">420</wcet>
            <maxpow number="0.648523990806386"/>
            <maxpow number="0.648523990806386"/>
            <fprob>0.0</fprob>
        </actor>
        <actor name="D0N0">
            <wcet number="0">30</wcet>
            <wcet number="1">250</wcet>
            <maxpow number="0.4867915566604238"/>
            <maxpow number="0.4867915566604238"/>
            <fprob>0.0</fprob>
        </actor>
        <actor name="D0N22">
            <wcet number="0">90</wcet>
            <wcet number="1">180</wcet>
            <maxpow number="0.6612678786787888"/>
            <maxpow number="0.6612678786787888"/>
            <fprob>0.0</fprob>
        </actor>
        <actor name="D0N40">
            <wcet number="0">70</wcet>
            <wcet number="1">420</wcet>
            <maxpow number="0.7026488595371517"/>
            <maxpow number="0.7026488595371517"/>
            <fprob>0.0</fprob>
        </actor>
        <actor name="D0N12">
            <wcet number="0">60</wcet>
            <wcet number="1">120</wcet>
            <maxpow number="0.29535293876909985"/>
            <maxpow number="0.29535293876909985"/>
            <fprob>0.0</fprob>
        </actor>
        <actor name="D0N32">
            <wcet number="0">10</wcet>
            <wcet number="1">10</wcet>
            <maxpow number="0.5233290120897867"/>
            <maxpow number="0.5233290120897867"/>
            <fprob>0.0</fprob>
        </actor>
        <actor name="D0N10">
            <wcet number="0">50</wcet>
            <wcet number="1">240</wcet>
            <maxpow number="0.7423017726253262"/>
            <maxpow number="0.7423017726253262"/>
            <fprob>0.0</fprob>
        </actor>
        <actor name="D0N27">
            <wcet number="0">130</wcet>
            <wcet number="1">170</wcet>
            <maxpow number="0.30375248348148"/>
            <maxpow number="0.30375248348148"/>
            <fprob>0.0</fprob>
        </actor>
        <actor name="D0N36">
            <wcet number="0">10</wcet>
            <wcet number="1">30</wcet>
            <maxpow number="0.8188424882857188"/>
            <maxpow number="0.8188424882857188"/>
            <fprob>0.0</fprob>
        </actor>
        <actor name="D0N43">
            <wcet number="0">260</wcet>
            <wcet number="1">320</wcet>
            <maxpow number="0.702483809727225"/>
            <maxpow number="0.702483809727225"/>
            <fprob>0.0</fprob>
        </actor>
        <actor name="D0N5">
            <wcet number="0">20</wcet>
            <wcet number="1">30</wcet>
            <maxpow number="0.6197613152381843"/>
            <maxpow number="0.6197613152381843"/>
            <fprob>0.0</fprob>
        </actor>
        <actor name="D0N3">
            <wcet number="0">40</wcet>
            <wcet number="1">70</wcet>
            <maxpow number="0.7057542643594396"/>
            <maxpow number="0.7057542643594396"/>
            <fprob>0.0</fprob>
        </actor>
        <actor name="D0N38">
            <wcet number="0">40</wcet>
            <wcet number="1">50</wcet>
            <maxpow number="0.37870175130859296"/>
            <maxpow number="0.37870175130859296"/>
            <fprob>0.0</fprob>
        </actor>
        <actor name="D0N18">
            <wcet number="0">10</wcet>
            <wcet number="1">20</wcet>
            <maxpow number="0.4313665544089148"/>
            <maxpow number="0.4313665544089148"/>
            <fprob>0.0</fprob>
        </actor>
        <actor name="D0N6">
            <wcet number="0">140</wcet>
            <wcet number="1">190</wcet>
            <maxpow number="0.6578642331978171"/>
            <maxpow number="0.6578642331978171"/>
            <fprob>0.0</fprob>
        </actor>
        <actor name="D0N4">
            <wcet number="0">130</wcet>
            <wcet number="1">180</wcet>
            <maxpow number="0.9207770316263385"/>
            <maxpow number="0.9207770316263385"/>
            <fprob>0.0</fprob>
        </actor>
        <actor name="D0N25">
            <wcet number="0">60</wcet>
            <wcet number="1">370</wcet>
            <maxpow number="0.5769562298490699"/>
            <maxpow number="0.5769562298490699"/>
            <fprob>0.0</fprob>
        </actor>
        <actor name="D0N28">
            <wcet number="0">60</wcet>
            <wcet number="1">130</wcet>
            <maxpow number="0.6205550974835299"/>
            <maxpow number="0.6205550974835299"/>
            <fprob>0.0</fprob>
        </actor>
        <ports>
            <port dstActor="D0N43" name="p0" srcActor="D0N15"/>
            <port dstActor="D0N37" name="p1" srcActor="D0N15"/>
            <port dstActor="D0N47" name="p2" srcActor="D0N15"/>
            <port dstActor="D0N31" name="p3" srcActor="D0N15"/>
            <port dstActor="D0N32" name="p4" srcActor="D0N15"/>
            <port dstActor="D0N45" name="p5" srcActor="D0N15"/>
            <port dstActor="D0N45" name="p6" srcActor="D0N14"/>
            <port dstActor="D0N30" name="p7" srcActor="D0N14"/>
            <port dstActor="D0N41" name="p8" srcActor="D0N35"/>
            <port dstActor="D0N36" name="p9" srcActor="D0N35"/>
            <port dstActor="D0N39" name="p10" srcActor="D0N33"/>
            <port dstActor="D0N31" name="p11" srcActor="D0N19"/>
            <port dstActor="D0N30" name="p12" srcActor="D0N19"/>
            <port dstActor="D0N44" name="p13" srcActor="D0N19"/>
            <port dstActor="D0N40" name="p14" srcActor="D0N24"/>
            <port dstActor="D0N30" name="p15" srcActor="D0N24"/>
            <port dstActor="D0N31" name="p16" srcActor="D0N1"/>
            <port dstActor="D0N36" name="p17" srcActor="D0N1"/>
            <port dstActor="D0N37" name="p18" srcActor="D0N1"/>
            <port dstActor="D0N7" name="p19" srcActor="D0N1"/>
            <port dstActor="D0N33" name="p20" srcActor="D0N1"/>
            <port dstActor="D0N40" name="p21" srcActor="D0N1"/>
            <port dstActor="D0N45" name="p22" srcActor="D0N1"/>
            <port dstActor="D0N43" name="p23" srcActor="D0N1"/>
            <port dstActor="D0N16" name="p24" srcActor="D0N1"/>
            <port dstActor="D0N32" name="p25" srcActor="D0N1"/>
            <port dstActor="D0N3" name="p26" srcActor="D0N1"/>
            <port dstActor="D0N47" name="p27" srcActor="D0N30"/>
            <port dstActor="D0N42" name="p28" srcActor="D0N30"/>
            <port dstActor="D0N31" name="p29" srcActor="D0N21"/>
            <port dstActor="D0N45" name="p30" srcActor="D0N8"/>
            <port dstActor="D0N22" name="p31" srcActor="D0N8"/>
            <port dstActor="D0N38" name="p32" srcActor="D0N8"/>
            <port dstActor="D0N19" name="p33" srcActor="D0N8"/>
            <port dstActor="D0N23" name="p34" srcActor="D0N8"/>
            <port dstActor="D0N26" name="p35" srcActor="D0N8"/>
            <port dstActor="D0N42" name="p36" srcActor="D0N41"/>
            <port dstActor="D0N22" name="p37" srcActor="D0N16"/>
            <port dstActor="D0N36" name="p38" srcActor="D0N16"/>
            <port dstActor="D0N34" name="p39" srcActor="D0N16"/>
            <port dstActor="D0N35" name="p40" srcActor="D0N16"/>
            <port dstActor="D0N24" name="p41" srcActor="D0N16"/>
            <port dstActor="D0N27" name="p42" srcActor="D0N20"/>
            <port dstActor="D0N26" name="p43" srcActor="D0N20"/>
            <port dstActor="D0N38" name="p44" srcActor="D0N29"/>
            <port dstActor="D0N46" name="p45" srcActor="D0N29"/>
            <port dstActor="D0N35" name="p46" srcActor="D0N34"/>
            <port dstActor="D0N44" name="p47" srcActor="D0N34"/>
            <port dstActor="D0N42" name="p48" srcActor="D0N34"/>
            <port dstActor="D0N38" name="p49" srcActor="D0N7"/>
            <port dstActor="D0N11" name="p50" srcActor="D0N7"/>
            <port dstActor="D0N45" name="p51" srcActor="D0N44"/>
            <port dstActor="D0N35" name="p52" srcActor="D0N11"/>
            <port dstActor="D0N28" name="p53" srcActor="D0N11"/>
            <port dstActor="D0N36" name="p54" srcActor="D0N11"/>
            <port dstActor="D0N33" name="p55" srcActor="D0N11"/>
            <port dstActor="D0N40" name="p56" srcActor="D0N11"/>
            <port dstActor="D0N28" name="p57" srcActor="D0N9"/>
            <port dstActor="D0N20" name="p58" srcActor="D0N9"/>
            <port dstActor="D0N25" name="p59" srcActor="D0N23"/>
            <port dstActor="D0N41" name="p60" srcActor="D0N23"/>
            <port dstActor="D0N33" name="p61" srcActor="D0N23"/>
            <port dstActor="D0N19" name="p62" srcActor="D0N17"/>
            <port dstActor="D0N35" name="p63" srcActor="D0N17"/>
            <port dstActor="D0N32" name="p64" srcActor="D0N17"/>
            <port dstActor="D0N39" name="p65" srcActor="D0N17"/>
            <port dstActor="D0N34" name="p66" srcActor="D0N31"/>
            <port dstActor="D0N36" name="p67" srcActor="D0N31"/>
            <port dstActor="D0N14" name="p68" srcActor="D0N13"/>
            <port dstActor="D0N44" name="p69" srcActor="D0N42"/>
            <port dstActor="D0N45" name="p70" srcActor="D0N42"/>
            <port dstActor="D0N44" name="p71" srcActor="D0N2"/>
            <port dstActor="D0N18" name="p72" srcActor="D0N2"/>
            <port dstActor="D0N21" name="p73" srcActor="D0N2"/>
            <port dstActor="D0N45" name="p74" srcActor="D0N2"/>
            <port dstActor="D0N15" name="p75" srcActor="D0N2"/>
            <port dstActor="D0N1" name="p76" srcActor="D0N0"/>
            <port dstActor="D0N38" name="p77" srcActor="D0N0"/>
            <port dstActor="D0N45" name="p78" srcActor="D0N22"/>
            <port dstActor="D0N42" name="p79" srcActor="D0N22"/>
            <port dstActor="D0N32" name="p80" srcActor="D0N22"/>
            <port dstActor="D0N43" name="p81" srcActor="D0N40"/>
            <port dstActor="D0N44" name="p82" srcActor="D0N40"/>
            <port dstActor="D0N37" name="p83" srcActor="D0N12"/>
            <port dstActor="D0N34" name="p84" srcActor="D0N12"/>
            <port dstActor="D0N46" name="p85" srcActor="D0N12"/>
            <port dstActor="D0N43" name="p86" srcActor="D0N32"/>
            <port dstActor="D0N21" name="p87" srcActor="D0N10"/>
            <port dstActor="D0N12" name="p88" srcActor="D0N10"/>
            <port dstActor="D0N17" name="p89" srcActor="D0N10"/>
            <port dstActor="D0N18" name="p90" srcActor="D0N10"/>
            <port dstActor="D0N41" name="p91" srcActor="D0N36"/>
            <port dstActor="D0N46" name="p92" srcActor="D0N5"/>
            <port dstActor="D0N24" name="p93" srcActor="D0N5"/>
            <port dstActor="D0N27" name="p94" srcActor="D0N3"/>
            <port dstActor="D0N13" name="p95" srcActor="D0N3"/>
            <port dstActor="D0N43" name="p96" srcActor="D0N38"/>
            <port dstActor="D0N39" name="p97" srcActor="D0N38"/>
            <port dstActor="D0N45" name="p98" srcActor="D0N18"/>
            <port dstActor="D0N30" name="p99" srcActor="D0N18"/>
            <port dstActor="D0N18" name="p100" srcActor="D0N6"/>
            <port dstActor="D0N47" name="p101" srcActor="D0N6"/>
            <port dstActor="D0N25" name="p102" srcActor="D0N6"/>
            <port dstActor="D0N32" name="p103" srcActor="D0N6"/>
            <port dstActor="D0N17" name="p104" srcActor="D0N6"/>
            <port dstActor="D0N39" name="p105" srcActor="D0N6"/>
            <port dstActor="D0N28" name="p106" srcActor="D0N4"/>
            <port dstActor="D0N15" name="p107" srcActor="D0N4"/>
            <port dstActor="D0N42" name="p108" srcActor="D0N4"/>
            <port dstActor="D0N33" name="p109" srcActor="D0N4"/>
            <port dstActor="D0N34" name="p110" srcActor="D0N4"/>
            <port dstActor="D0N37" name="p111" srcActor="D0N28"/>
            <port dstActor="D0N38" name="p112" srcActor="D0N28"/>
        </ports>
    </mcdag>
    <cores number="3"/>
    <levels number="2"/>
</mcsystem>
