<?xml version="1.0" encoding="UTF-8" standalone="no"?>
<mcsystem>
    <mcdag deadline="1500" name="genned-0-ed-10.0-0">
        <actor name="D0N33">
            <wcet number="0">30</wcet>
            <wcet number="1">50</wcet>
            <maxpow number="0.4948903886967677"/>
            <maxpow number="0.4948903886967677"/>
            <fprob>0.0</fprob>
        </actor>
        <actor name="D0N11">
            <wcet number="0">20</wcet>
            <wcet number="1">50</wcet>
            <maxpow number="0.7782970525822579"/>
            <maxpow number="0.7782970525822579"/>
            <fprob>0.0</fprob>
        </actor>
        <actor name="D0N37">
            <wcet number="0">50</wcet>
            <wcet number="1">120</wcet>
            <maxpow number="0.4512836975223462"/>
            <maxpow number="0.4512836975223462"/>
            <fprob>0.0</fprob>
        </actor>
        <actor name="D0N16">
            <wcet number="0">50</wcet>
            <wcet number="1">70</wcet>
            <maxpow number="0.46368966328970185"/>
            <maxpow number="0.46368966328970185"/>
            <fprob>0.0</fprob>
        </actor>
        <actor name="D0N18">
            <wcet number="0">60</wcet>
            <wcet number="1">70</wcet>
            <maxpow number="0.6300697792099504"/>
            <maxpow number="0.6300697792099504"/>
            <fprob>0.0</fprob>
        </actor>
        <actor name="D0N14">
            <wcet number="0">30</wcet>
            <wcet number="1">30</wcet>
            <maxpow number="0.6025808313628144"/>
            <maxpow number="0.6025808313628144"/>
            <fprob>0.0</fprob>
        </actor>
        <actor name="D0N26">
            <wcet number="0">150</wcet>
            <wcet number="1">200</wcet>
            <maxpow number="0.3333228694452021"/>
            <maxpow number="0.3333228694452021"/>
            <fprob>0.0</fprob>
        </actor>
        <actor name="D0N23">
            <wcet number="0">40</wcet>
            <wcet number="1">80</wcet>
            <maxpow number="0.30116552986657197"/>
            <maxpow number="0.30116552986657197"/>
            <fprob>0.0</fprob>
        </actor>
        <actor name="D0N31">
            <wcet number="0">10</wcet>
            <wcet number="1">40</wcet>
            <maxpow number="0.6394003987774927"/>
            <maxpow number="0.6394003987774927"/>
            <fprob>0.0</fprob>
        </actor>
        <actor name="D0N15">
            <wcet number="0">50</wcet>
            <wcet number="1">80</wcet>
            <maxpow number="0.6946508270683305"/>
            <maxpow number="0.6946508270683305"/>
            <fprob>0.0</fprob>
        </actor>
        <actor name="D0N25">
            <wcet number="0">130</wcet>
            <wcet number="1">150</wcet>
            <maxpow number="0.6488100569899502"/>
            <maxpow number="0.6488100569899502"/>
            <fprob>0.0</fprob>
        </actor>
        <actor name="D0N13">
            <wcet number="0">10</wcet>
            <wcet number="1">10</wcet>
            <maxpow number="0.5308612828245152"/>
            <maxpow number="0.5308612828245152"/>
            <fprob>0.0</fprob>
        </actor>
        <actor name="D0N39">
            <wcet number="0">20</wcet>
            <wcet number="1">20</wcet>
            <maxpow number="0.7601452649939767"/>
            <maxpow number="0.7601452649939767"/>
            <fprob>0.0</fprob>
        </actor>
        <actor name="D0N5">
            <wcet number="0">10</wcet>
            <wcet number="1">10</wcet>
            <maxpow number="0.7037940048482828"/>
            <maxpow number="0.7037940048482828"/>
            <fprob>0.0</fprob>
        </actor>
        <actor name="D0N4">
            <wcet number="0">30</wcet>
            <wcet number="1">30</wcet>
            <maxpow number="0.8065526605582019"/>
            <maxpow number="0.8065526605582019"/>
            <fprob>0.0</fprob>
        </actor>
        <actor name="D0N40">
            <wcet number="0">30</wcet>
            <wcet number="1">40</wcet>
            <maxpow number="0.7372063519120655"/>
            <maxpow number="0.7372063519120655"/>
            <fprob>0.0</fprob>
        </actor>
        <actor name="D0N36">
            <wcet number="0">40</wcet>
            <wcet number="1">110</wcet>
            <maxpow number="0.8085103413778729"/>
            <maxpow number="0.8085103413778729"/>
            <fprob>0.0</fprob>
        </actor>
        <actor name="D0N30">
            <wcet number="0">10</wcet>
            <wcet number="1">10</wcet>
            <maxpow number="0.5715044913054107"/>
            <maxpow number="0.5715044913054107"/>
            <fprob>0.0</fprob>
        </actor>
        <actor name="D0N22">
            <wcet number="0">10</wcet>
            <wcet number="1">30</wcet>
            <maxpow number="0.4808025655714373"/>
            <maxpow number="0.4808025655714373"/>
            <fprob>0.0</fprob>
        </actor>
        <actor name="D0N42">
            <wcet number="0">40</wcet>
            <wcet number="1">50</wcet>
            <maxpow number="0.5060090819550656"/>
            <maxpow number="0.5060090819550656"/>
            <fprob>0.0</fprob>
        </actor>
        <actor name="D0N32">
            <wcet number="0">40</wcet>
            <wcet number="1">50</wcet>
            <maxpow number="0.6569043720012107"/>
            <maxpow number="0.6569043720012107"/>
            <fprob>0.0</fprob>
        </actor>
        <actor name="D0N17">
            <wcet number="0">10</wcet>
            <wcet number="1">10</wcet>
            <maxpow number="0.2670518172916772"/>
            <maxpow number="0.2670518172916772"/>
            <fprob>0.0</fprob>
        </actor>
        <actor name="D0N46">
            <wcet number="0">80</wcet>
            <wcet number="1">110</wcet>
            <maxpow number="0.4312553243095508"/>
            <maxpow number="0.4312553243095508"/>
            <fprob>0.0</fprob>
        </actor>
        <actor name="D0N20">
            <wcet number="0">10</wcet>
            <wcet number="1">90</wcet>
            <maxpow number="0.30347947189899094"/>
            <maxpow number="0.30347947189899094"/>
            <fprob>0.0</fprob>
        </actor>
        <actor name="D0N28">
            <wcet number="0">120</wcet>
            <wcet number="1">180</wcet>
            <maxpow number="0.6163002875705558"/>
            <maxpow number="0.6163002875705558"/>
            <fprob>0.0</fprob>
        </actor>
        <actor name="D0N24">
            <wcet number="0">20</wcet>
            <wcet number="1">150</wcet>
            <maxpow number="0.587606145839842"/>
            <maxpow number="0.587606145839842"/>
            <fprob>0.0</fprob>
        </actor>
        <actor name="D0N35">
            <wcet number="0">20</wcet>
            <wcet number="1">20</wcet>
            <maxpow number="0.43548433294688804"/>
            <maxpow number="0.43548433294688804"/>
            <fprob>0.0</fprob>
        </actor>
        <actor name="D0N9">
            <wcet number="0">10</wcet>
            <wcet number="1">10</wcet>
            <maxpow number="0.5091202476050011"/>
            <maxpow number="0.5091202476050011"/>
            <fprob>0.0</fprob>
        </actor>
        <actor name="D0N34">
            <wcet number="0">30</wcet>
            <wcet number="1">50</wcet>
            <maxpow number="0.5960459725678253"/>
            <maxpow number="0.5960459725678253"/>
            <fprob>0.0</fprob>
        </actor>
        <actor name="D0N41">
            <wcet number="0">10</wcet>
            <wcet number="1">10</wcet>
            <maxpow number="0.38774185889293744"/>
            <maxpow number="0.38774185889293744"/>
            <fprob>0.0</fprob>
        </actor>
        <actor name="D0N8">
            <wcet number="0">20</wcet>
            <wcet number="1">20</wcet>
            <maxpow number="0.31344720285598215"/>
            <maxpow number="0.31344720285598215"/>
            <fprob>0.0</fprob>
        </actor>
        <actor name="D0N27">
            <wcet number="0">20</wcet>
            <wcet number="1">30</wcet>
            <maxpow number="0.7373380008831073"/>
            <maxpow number="0.7373380008831073"/>
            <fprob>0.0</fprob>
        </actor>
        <actor name="D0N0">
            <wcet number="0">20</wcet>
            <wcet number="1">60</wcet>
            <maxpow number="0.4216998295985158"/>
            <maxpow number="0.4216998295985158"/>
            <fprob>0.0</fprob>
        </actor>
        <actor name="D0N43">
            <wcet number="0">40</wcet>
            <wcet number="1">130</wcet>
            <maxpow number="0.6462653412732733"/>
            <maxpow number="0.6462653412732733"/>
            <fprob>0.0</fprob>
        </actor>
        <actor name="D0N2">
            <wcet number="0">50</wcet>
            <wcet number="1">70</wcet>
            <maxpow number="0.7440802158751645"/>
            <maxpow number="0.7440802158751645"/>
            <fprob>0.0</fprob>
        </actor>
        <actor name="D0N44">
            <wcet number="0">20</wcet>
            <wcet number="1">40</wcet>
            <maxpow number="0.31861916910781884"/>
            <maxpow number="0.31861916910781884"/>
            <fprob>0.0</fprob>
        </actor>
        <actor name="D0N45">
            <wcet number="0">10</wcet>
            <wcet number="1">10</wcet>
            <maxpow number="0.39710593806369576"/>
            <maxpow number="0.39710593806369576"/>
            <fprob>0.0</fprob>
        </actor>
        <actor name="D0N7">
            <wcet number="0">10</wcet>
            <wcet number="1">20</wcet>
            <maxpow number="0.7036473371507126"/>
            <maxpow number="0.7036473371507126"/>
            <fprob>0.0</fprob>
        </actor>
        <actor name="D0N19">
            <wcet number="0">40</wcet>
            <wcet number="1">60</wcet>
            <maxpow number="0.626829842060867"/>
            <maxpow number="0.626829842060867"/>
            <fprob>0.0</fprob>
        </actor>
        <actor name="D0N29">
            <wcet number="0">20</wcet>
            <wcet number="1">20</wcet>
            <maxpow number="0.6507576532618303"/>
            <maxpow number="0.6507576532618303"/>
            <fprob>0.0</fprob>
        </actor>
        <actor name="D0N6">
            <wcet number="0">20</wcet>
            <wcet number="1">30</wcet>
            <maxpow number="0.5976864572865301"/>
            <maxpow number="0.5976864572865301"/>
            <fprob>0.0</fprob>
        </actor>
        <actor name="D0N38">
            <wcet number="0">30</wcet>
            <wcet number="1">70</wcet>
            <maxpow number="0.8572968125687521"/>
            <maxpow number="0.8572968125687521"/>
            <fprob>0.0</fprob>
        </actor>
        <actor name="D0N21">
            <wcet number="0">10</wcet>
            <wcet number="1">20</wcet>
            <maxpow number="0.5149679565164537"/>
            <maxpow number="0.5149679565164537"/>
            <fprob>0.0</fprob>
        </actor>
        <actor name="D0N10">
            <wcet number="0">10</wcet>
            <wcet number="1">10</wcet>
            <maxpow number="0.3410005287149659"/>
            <maxpow number="0.3410005287149659"/>
            <fprob>0.0</fprob>
        </actor>
        <actor name="D0N12">
            <wcet number="0">130</wcet>
            <wcet number="1">160</wcet>
            <maxpow number="0.5930780654945526"/>
            <maxpow number="0.5930780654945526"/>
            <fprob>0.0</fprob>
        </actor>
        <actor name="D0N1">
            <wcet number="0">70</wcet>
            <wcet number="1">300</wcet>
            <maxpow number="0.4186009575226244"/>
            <maxpow number="0.4186009575226244"/>
            <fprob>0.0</fprob>
        </actor>
        <actor name="D0N3">
            <wcet number="0">10</wcet>
            <wcet number="1">20</wcet>
            <maxpow number="0.7282122054749295"/>
            <maxpow number="0.7282122054749295"/>
            <fprob>0.0</fprob>
        </actor>
        <ports>
            <port dstActor="D0N41" name="p0" srcActor="D0N33"/>
            <port dstActor="D0N34" name="p1" srcActor="D0N33"/>
            <port dstActor="D0N13" name="p2" srcActor="D0N11"/>
            <port dstActor="D0N16" name="p3" srcActor="D0N11"/>
            <port dstActor="D0N14" name="p4" srcActor="D0N11"/>
            <port dstActor="D0N23" name="p5" srcActor="D0N16"/>
            <port dstActor="D0N18" name="p6" srcActor="D0N16"/>
            <port dstActor="D0N34" name="p7" srcActor="D0N16"/>
            <port dstActor="D0N43" name="p8" srcActor="D0N16"/>
            <port dstActor="D0N30" name="p9" srcActor="D0N16"/>
            <port dstActor="D0N25" name="p10" srcActor="D0N18"/>
            <port dstActor="D0N36" name="p11" srcActor="D0N18"/>
            <port dstActor="D0N41" name="p12" srcActor="D0N14"/>
            <port dstActor="D0N42" name="p13" srcActor="D0N14"/>
            <port dstActor="D0N43" name="p14" srcActor="D0N14"/>
            <port dstActor="D0N30" name="p15" srcActor="D0N14"/>
            <port dstActor="D0N26" name="p16" srcActor="D0N23"/>
            <port dstActor="D0N18" name="p17" srcActor="D0N15"/>
            <port dstActor="D0N35" name="p18" srcActor="D0N15"/>
            <port dstActor="D0N37" name="p19" srcActor="D0N13"/>
            <port dstActor="D0N27" name="p20" srcActor="D0N13"/>
            <port dstActor="D0N46" name="p21" srcActor="D0N39"/>
            <port dstActor="D0N19" name="p22" srcActor="D0N5"/>
            <port dstActor="D0N10" name="p23" srcActor="D0N5"/>
            <port dstActor="D0N31" name="p24" srcActor="D0N5"/>
            <port dstActor="D0N11" name="p25" srcActor="D0N4"/>
            <port dstActor="D0N32" name="p26" srcActor="D0N4"/>
            <port dstActor="D0N43" name="p27" srcActor="D0N36"/>
            <port dstActor="D0N42" name="p28" srcActor="D0N36"/>
            <port dstActor="D0N45" name="p29" srcActor="D0N36"/>
            <port dstActor="D0N41" name="p30" srcActor="D0N30"/>
            <port dstActor="D0N33" name="p31" srcActor="D0N30"/>
            <port dstActor="D0N42" name="p32" srcActor="D0N30"/>
            <port dstActor="D0N27" name="p33" srcActor="D0N22"/>
            <port dstActor="D0N23" name="p34" srcActor="D0N22"/>
            <port dstActor="D0N35" name="p35" srcActor="D0N22"/>
            <port dstActor="D0N44" name="p36" srcActor="D0N22"/>
            <port dstActor="D0N46" name="p37" srcActor="D0N32"/>
            <port dstActor="D0N45" name="p38" srcActor="D0N32"/>
            <port dstActor="D0N43" name="p39" srcActor="D0N17"/>
            <port dstActor="D0N44" name="p40" srcActor="D0N17"/>
            <port dstActor="D0N35" name="p41" srcActor="D0N20"/>
            <port dstActor="D0N23" name="p42" srcActor="D0N20"/>
            <port dstActor="D0N24" name="p43" srcActor="D0N20"/>
            <port dstActor="D0N21" name="p44" srcActor="D0N20"/>
            <port dstActor="D0N40" name="p45" srcActor="D0N20"/>
            <port dstActor="D0N25" name="p46" srcActor="D0N20"/>
            <port dstActor="D0N30" name="p47" srcActor="D0N28"/>
            <port dstActor="D0N37" name="p48" srcActor="D0N24"/>
            <port dstActor="D0N44" name="p49" srcActor="D0N24"/>
            <port dstActor="D0N34" name="p50" srcActor="D0N24"/>
            <port dstActor="D0N25" name="p51" srcActor="D0N9"/>
            <port dstActor="D0N17" name="p52" srcActor="D0N9"/>
            <port dstActor="D0N45" name="p53" srcActor="D0N34"/>
            <port dstActor="D0N39" name="p54" srcActor="D0N34"/>
            <port dstActor="D0N26" name="p55" srcActor="D0N8"/>
            <port dstActor="D0N35" name="p56" srcActor="D0N8"/>
            <port dstActor="D0N33" name="p57" srcActor="D0N8"/>
            <port dstActor="D0N29" name="p58" srcActor="D0N8"/>
            <port dstActor="D0N22" name="p59" srcActor="D0N8"/>
            <port dstActor="D0N45" name="p60" srcActor="D0N27"/>
            <port dstActor="D0N32" name="p61" srcActor="D0N27"/>
            <port dstActor="D0N41" name="p62" srcActor="D0N27"/>
            <port dstActor="D0N40" name="p63" srcActor="D0N27"/>
            <port dstActor="D0N38" name="p64" srcActor="D0N0"/>
            <port dstActor="D0N10" name="p65" srcActor="D0N0"/>
            <port dstActor="D0N19" name="p66" srcActor="D0N0"/>
            <port dstActor="D0N21" name="p67" srcActor="D0N0"/>
            <port dstActor="D0N4" name="p68" srcActor="D0N0"/>
            <port dstActor="D0N15" name="p69" srcActor="D0N0"/>
            <port dstActor="D0N27" name="p70" srcActor="D0N0"/>
            <port dstActor="D0N25" name="p71" srcActor="D0N0"/>
            <port dstActor="D0N41" name="p72" srcActor="D0N0"/>
            <port dstActor="D0N27" name="p73" srcActor="D0N7"/>
            <port dstActor="D0N9" name="p74" srcActor="D0N7"/>
            <port dstActor="D0N35" name="p75" srcActor="D0N7"/>
            <port dstActor="D0N31" name="p76" srcActor="D0N7"/>
            <port dstActor="D0N34" name="p77" srcActor="D0N7"/>
            <port dstActor="D0N22" name="p78" srcActor="D0N19"/>
            <port dstActor="D0N28" name="p79" srcActor="D0N19"/>
            <port dstActor="D0N29" name="p80" srcActor="D0N19"/>
            <port dstActor="D0N42" name="p81" srcActor="D0N29"/>
            <port dstActor="D0N26" name="p82" srcActor="D0N6"/>
            <port dstActor="D0N23" name="p83" srcActor="D0N6"/>
            <port dstActor="D0N43" name="p84" srcActor="D0N6"/>
            <port dstActor="D0N46" name="p85" srcActor="D0N38"/>
            <port dstActor="D0N39" name="p86" srcActor="D0N38"/>
            <port dstActor="D0N42" name="p87" srcActor="D0N38"/>
            <port dstActor="D0N30" name="p88" srcActor="D0N21"/>
            <port dstActor="D0N46" name="p89" srcActor="D0N21"/>
            <port dstActor="D0N24" name="p90" srcActor="D0N21"/>
            <port dstActor="D0N11" name="p91" srcActor="D0N10"/>
            <port dstActor="D0N39" name="p92" srcActor="D0N10"/>
            <port dstActor="D0N16" name="p93" srcActor="D0N10"/>
            <port dstActor="D0N42" name="p94" srcActor="D0N10"/>
            <port dstActor="D0N19" name="p95" srcActor="D0N10"/>
            <port dstActor="D0N45" name="p96" srcActor="D0N10"/>
            <port dstActor="D0N20" name="p97" srcActor="D0N10"/>
            <port dstActor="D0N28" name="p98" srcActor="D0N12"/>
            <port dstActor="D0N41" name="p99" srcActor="D0N12"/>
            <port dstActor="D0N20" name="p100" srcActor="D0N12"/>
            <port dstActor="D0N26" name="p101" srcActor="D0N12"/>
            <port dstActor="D0N20" name="p102" srcActor="D0N1"/>
            <port dstActor="D0N4" name="p103" srcActor="D0N1"/>
            <port dstActor="D0N34" name="p104" srcActor="D0N1"/>
            <port dstActor="D0N7" name="p105" srcActor="D0N1"/>
            <port dstActor="D0N11" name="p106" srcActor="D0N3"/>
            <port dstActor="D0N21" name="p107" srcActor="D0N3"/>
            <port dstActor="D0N10" name="p108" srcActor="D0N3"/>
            <port dstActor="D0N32" name="p109" srcActor="D0N3"/>
            <port dstActor="D0N7" name="p110" srcActor="D0N3"/>
            <port dstActor="D0N6" name="p111" srcActor="D0N3"/>
            <port dstActor="D0N8" name="p112" srcActor="D0N3"/>
        </ports>
    </mcdag>
    <cores number="2"/>
    <levels number="2"/>
</mcsystem>
