<?xml version="1.0" encoding="UTF-8" standalone="no"?>
<mcsystem>
    <mcdag deadline="2000" name="genned-0-ed-10.0-0">
        <actor name="D0N26">
            <wcet number="0">10</wcet>
            <wcet number="1">10</wcet>
            <maxpow number="0.5345147833671615"/>
            <maxpow number="0.5345147833671615"/>
            <fprob>0.0</fprob>
        </actor>
        <actor name="D0N14">
            <wcet number="0">40</wcet>
            <wcet number="1">50</wcet>
            <maxpow number="0.6748428104937255"/>
            <maxpow number="0.6748428104937255"/>
            <fprob>0.0</fprob>
        </actor>
        <actor name="D0N49">
            <wcet number="0">30</wcet>
            <wcet number="1">40</wcet>
            <maxpow number="0.42179924401463675"/>
            <maxpow number="0.42179924401463675"/>
            <fprob>0.0</fprob>
        </actor>
        <actor name="D0N31">
            <wcet number="0">210</wcet>
            <wcet number="1">480</wcet>
            <maxpow number="0.43544397813628377"/>
            <maxpow number="0.43544397813628377"/>
            <fprob>0.0</fprob>
        </actor>
        <actor name="D0N6">
            <wcet number="0">30</wcet>
            <wcet number="1">50</wcet>
            <maxpow number="0.7078545044337122"/>
            <maxpow number="0.7078545044337122"/>
            <fprob>0.0</fprob>
        </actor>
        <actor name="D0N46">
            <wcet number="0">110</wcet>
            <wcet number="1">130</wcet>
            <maxpow number="0.5880182350306193"/>
            <maxpow number="0.5880182350306193"/>
            <fprob>0.0</fprob>
        </actor>
        <actor name="D0N32">
            <wcet number="0">20</wcet>
            <wcet number="1">30</wcet>
            <maxpow number="0.4040265475205674"/>
            <maxpow number="0.4040265475205674"/>
            <fprob>0.0</fprob>
        </actor>
        <actor name="D0N11">
            <wcet number="0">30</wcet>
            <wcet number="1">110</wcet>
            <maxpow number="0.6596527490628995"/>
            <maxpow number="0.6596527490628995"/>
            <fprob>0.0</fprob>
        </actor>
        <actor name="D0N37">
            <wcet number="0">20</wcet>
            <wcet number="1">20</wcet>
            <maxpow number="0.7848725567776416"/>
            <maxpow number="0.7848725567776416"/>
            <fprob>0.0</fprob>
        </actor>
        <actor name="D0N19">
            <wcet number="0">10</wcet>
            <wcet number="1">10</wcet>
            <maxpow number="0.2199050360843547"/>
            <maxpow number="0.2199050360843547"/>
            <fprob>0.0</fprob>
        </actor>
        <actor name="D0N2">
            <wcet number="0">80</wcet>
            <wcet number="1">80</wcet>
            <maxpow number="0.6697255273557562"/>
            <maxpow number="0.6697255273557562"/>
            <fprob>0.0</fprob>
        </actor>
        <actor name="D0N10">
            <wcet number="0">60</wcet>
            <wcet number="1">100</wcet>
            <maxpow number="0.27366034536458883"/>
            <maxpow number="0.27366034536458883"/>
            <fprob>0.0</fprob>
        </actor>
        <actor name="D0N25">
            <wcet number="0">80</wcet>
            <wcet number="1">160</wcet>
            <maxpow number="0.5275807880979289"/>
            <maxpow number="0.5275807880979289"/>
            <fprob>0.0</fprob>
        </actor>
        <actor name="D0N12">
            <wcet number="0">10</wcet>
            <wcet number="1">80</wcet>
            <maxpow number="0.16851748214210993"/>
            <maxpow number="0.16851748214210993"/>
            <fprob>0.0</fprob>
        </actor>
        <actor name="D0N24">
            <wcet number="0">80</wcet>
            <wcet number="1">150</wcet>
            <maxpow number="0.5450761553489273"/>
            <maxpow number="0.5450761553489273"/>
            <fprob>0.0</fprob>
        </actor>
        <actor name="D0N13">
            <wcet number="0">10</wcet>
            <wcet number="1">30</wcet>
            <maxpow number="0.642063727041243"/>
            <maxpow number="0.642063727041243"/>
            <fprob>0.0</fprob>
        </actor>
        <actor name="D0N42">
            <wcet number="0">10</wcet>
            <wcet number="1">20</wcet>
            <maxpow number="0.8074225427913959"/>
            <maxpow number="0.8074225427913959"/>
            <fprob>0.0</fprob>
        </actor>
        <actor name="D0N45">
            <wcet number="0">40</wcet>
            <wcet number="1">120</wcet>
            <maxpow number="0.7242618362815085"/>
            <maxpow number="0.7242618362815085"/>
            <fprob>0.0</fprob>
        </actor>
        <actor name="D0N17">
            <wcet number="0">250</wcet>
            <wcet number="1">270</wcet>
            <maxpow number="0.521615111897907"/>
            <maxpow number="0.521615111897907"/>
            <fprob>0.0</fprob>
        </actor>
        <actor name="D0N36">
            <wcet number="0">170</wcet>
            <wcet number="1">250</wcet>
            <maxpow number="0.42401896575277664"/>
            <maxpow number="0.42401896575277664"/>
            <fprob>0.0</fprob>
        </actor>
        <actor name="D0N1">
            <wcet number="0">20</wcet>
            <wcet number="1">20</wcet>
            <maxpow number="0.7779055050657637"/>
            <maxpow number="0.7779055050657637"/>
            <fprob>0.0</fprob>
        </actor>
        <actor name="D0N41">
            <wcet number="0">30</wcet>
            <wcet number="1">50</wcet>
            <maxpow number="0.5383743970687144"/>
            <maxpow number="0.5383743970687144"/>
            <fprob>0.0</fprob>
        </actor>
        <actor name="D0N8">
            <wcet number="0">20</wcet>
            <wcet number="1">70</wcet>
            <maxpow number="0.7790228123073395"/>
            <maxpow number="0.7790228123073395"/>
            <fprob>0.0</fprob>
        </actor>
        <actor name="D0N39">
            <wcet number="0">40</wcet>
            <wcet number="1">210</wcet>
            <maxpow number="0.7544288138064811"/>
            <maxpow number="0.7544288138064811"/>
            <fprob>0.0</fprob>
        </actor>
        <actor name="D0N33">
            <wcet number="0">30</wcet>
            <wcet number="1">70</wcet>
            <maxpow number="0.7276546063538694"/>
            <maxpow number="0.7276546063538694"/>
            <fprob>0.0</fprob>
        </actor>
        <actor name="D0N18">
            <wcet number="0">20</wcet>
            <wcet number="1">20</wcet>
            <maxpow number="0.6506653065962505"/>
            <maxpow number="0.6506653065962505"/>
            <fprob>0.0</fprob>
        </actor>
        <actor name="D0N40">
            <wcet number="0">10</wcet>
            <wcet number="1">20</wcet>
            <maxpow number="0.7696469683432554"/>
            <maxpow number="0.7696469683432554"/>
            <fprob>0.0</fprob>
        </actor>
        <actor name="D0N27">
            <wcet number="0">10</wcet>
            <wcet number="1">10</wcet>
            <maxpow number="0.8433127319296683"/>
            <maxpow number="0.8433127319296683"/>
            <fprob>0.0</fprob>
        </actor>
        <actor name="D0N48">
            <wcet number="0">60</wcet>
            <wcet number="1">60</wcet>
            <maxpow number="0.43893183356243437"/>
            <maxpow number="0.43893183356243437"/>
            <fprob>0.0</fprob>
        </actor>
        <actor name="D0N29">
            <wcet number="0">170</wcet>
            <wcet number="1">410</wcet>
            <maxpow number="0.5943982039893906"/>
            <maxpow number="0.5943982039893906"/>
            <fprob>0.0</fprob>
        </actor>
        <actor name="D0N7">
            <wcet number="0">10</wcet>
            <wcet number="1">20</wcet>
            <maxpow number="0.39546572655394385"/>
            <maxpow number="0.39546572655394385"/>
            <fprob>0.0</fprob>
        </actor>
        <actor name="D0N0">
            <wcet number="0">30</wcet>
            <wcet number="1">50</wcet>
            <maxpow number="0.6701853965322389"/>
            <maxpow number="0.6701853965322389"/>
            <fprob>0.0</fprob>
        </actor>
        <actor name="D0N20">
            <wcet number="0">10</wcet>
            <wcet number="1">10</wcet>
            <maxpow number="0.3415320263394952"/>
            <maxpow number="0.3415320263394952"/>
            <fprob>0.0</fprob>
        </actor>
        <actor name="D0N23">
            <wcet number="0">10</wcet>
            <wcet number="1">240</wcet>
            <maxpow number="0.3826441169493497"/>
            <maxpow number="0.3826441169493497"/>
            <fprob>0.0</fprob>
        </actor>
        <actor name="D0N30">
            <wcet number="0">20</wcet>
            <wcet number="1">100</wcet>
            <maxpow number="0.5288215878039478"/>
            <maxpow number="0.5288215878039478"/>
            <fprob>0.0</fprob>
        </actor>
        <actor name="D0N47">
            <wcet number="0">80</wcet>
            <wcet number="1">300</wcet>
            <maxpow number="0.7529202987420431"/>
            <maxpow number="0.7529202987420431"/>
            <fprob>0.0</fprob>
        </actor>
        <actor name="D0N15">
            <wcet number="0">100</wcet>
            <wcet number="1">110</wcet>
            <maxpow number="0.5919589064604127"/>
            <maxpow number="0.5919589064604127"/>
            <fprob>0.0</fprob>
        </actor>
        <actor name="D0N16">
            <wcet number="0">140</wcet>
            <wcet number="1">190</wcet>
            <maxpow number="0.5812041213285967"/>
            <maxpow number="0.5812041213285967"/>
            <fprob>0.0</fprob>
        </actor>
        <actor name="D0N34">
            <wcet number="0">60</wcet>
            <wcet number="1">110</wcet>
            <maxpow number="0.7423756448418823"/>
            <maxpow number="0.7423756448418823"/>
            <fprob>0.0</fprob>
        </actor>
        <actor name="D0N9">
            <wcet number="0">80</wcet>
            <wcet number="1">150</wcet>
            <maxpow number="0.9406499431455477"/>
            <maxpow number="0.9406499431455477"/>
            <fprob>0.0</fprob>
        </actor>
        <actor name="D0N4">
            <wcet number="0">50</wcet>
            <wcet number="1">50</wcet>
            <maxpow number="0.4835979171525796"/>
            <maxpow number="0.4835979171525796"/>
            <fprob>0.0</fprob>
        </actor>
        <actor name="D0N35">
            <wcet number="0">10</wcet>
            <wcet number="1">10</wcet>
            <maxpow number="0.6184584592365676"/>
            <maxpow number="0.6184584592365676"/>
            <fprob>0.0</fprob>
        </actor>
        <actor name="D0N5">
            <wcet number="0">30</wcet>
            <wcet number="1">60</wcet>
            <maxpow number="0.6349998805351607"/>
            <maxpow number="0.6349998805351607"/>
            <fprob>0.0</fprob>
        </actor>
        <actor name="D0N21">
            <wcet number="0">30</wcet>
            <wcet number="1">150</wcet>
            <maxpow number="0.844083289951322"/>
            <maxpow number="0.844083289951322"/>
            <fprob>0.0</fprob>
        </actor>
        <actor name="D0N38">
            <wcet number="0">10</wcet>
            <wcet number="1">40</wcet>
            <maxpow number="0.810755171596355"/>
            <maxpow number="0.810755171596355"/>
            <fprob>0.0</fprob>
        </actor>
        <actor name="D0N43">
            <wcet number="0">10</wcet>
            <wcet number="1">10</wcet>
            <maxpow number="0.44768361981926463"/>
            <maxpow number="0.44768361981926463"/>
            <fprob>0.0</fprob>
        </actor>
        <actor name="D0N22">
            <wcet number="0">40</wcet>
            <wcet number="1">50</wcet>
            <maxpow number="0.5587935485298777"/>
            <maxpow number="0.5587935485298777"/>
            <fprob>0.0</fprob>
        </actor>
        <actor name="D0N28">
            <wcet number="0">50</wcet>
            <wcet number="1">100</wcet>
            <maxpow number="0.4093147720936149"/>
            <maxpow number="0.4093147720936149"/>
            <fprob>0.0</fprob>
        </actor>
        <actor name="D0N3">
            <wcet number="0">40</wcet>
            <wcet number="1">80</wcet>
            <maxpow number="0.29417314819697254"/>
            <maxpow number="0.29417314819697254"/>
            <fprob>0.0</fprob>
        </actor>
        <actor name="D0N44">
            <wcet number="0">20</wcet>
            <wcet number="1">40</wcet>
            <maxpow number="0.4279455286548509"/>
            <maxpow number="0.4279455286548509"/>
            <fprob>0.0</fprob>
        </actor>
        <ports>
            <port dstActor="D0N33" name="p0" srcActor="D0N26"/>
            <port dstActor="D0N46" name="p1" srcActor="D0N26"/>
            <port dstActor="D0N43" name="p2" srcActor="D0N26"/>
            <port dstActor="D0N28" name="p3" srcActor="D0N26"/>
            <port dstActor="D0N40" name="p4" srcActor="D0N26"/>
            <port dstActor="D0N48" name="p5" srcActor="D0N14"/>
            <port dstActor="D0N35" name="p6" srcActor="D0N31"/>
            <port dstActor="D0N42" name="p7" srcActor="D0N31"/>
            <port dstActor="D0N34" name="p8" srcActor="D0N31"/>
            <port dstActor="D0N32" name="p9" srcActor="D0N31"/>
            <port dstActor="D0N42" name="p10" srcActor="D0N6"/>
            <port dstActor="D0N48" name="p11" srcActor="D0N6"/>
            <port dstActor="D0N19" name="p12" srcActor="D0N6"/>
            <port dstActor="D0N24" name="p13" srcActor="D0N6"/>
            <port dstActor="D0N22" name="p14" srcActor="D0N6"/>
            <port dstActor="D0N41" name="p15" srcActor="D0N32"/>
            <port dstActor="D0N34" name="p16" srcActor="D0N32"/>
            <port dstActor="D0N39" name="p17" srcActor="D0N11"/>
            <port dstActor="D0N16" name="p18" srcActor="D0N11"/>
            <port dstActor="D0N17" name="p19" srcActor="D0N11"/>
            <port dstActor="D0N34" name="p20" srcActor="D0N11"/>
            <port dstActor="D0N42" name="p21" srcActor="D0N37"/>
            <port dstActor="D0N47" name="p22" srcActor="D0N37"/>
            <port dstActor="D0N49" name="p23" srcActor="D0N37"/>
            <port dstActor="D0N34" name="p24" srcActor="D0N19"/>
            <port dstActor="D0N43" name="p25" srcActor="D0N19"/>
            <port dstActor="D0N6" name="p26" srcActor="D0N2"/>
            <port dstActor="D0N34" name="p27" srcActor="D0N2"/>
            <port dstActor="D0N22" name="p28" srcActor="D0N2"/>
            <port dstActor="D0N23" name="p29" srcActor="D0N2"/>
            <port dstActor="D0N42" name="p30" srcActor="D0N2"/>
            <port dstActor="D0N8" name="p31" srcActor="D0N2"/>
            <port dstActor="D0N32" name="p32" srcActor="D0N10"/>
            <port dstActor="D0N49" name="p33" srcActor="D0N10"/>
            <port dstActor="D0N27" name="p34" srcActor="D0N25"/>
            <port dstActor="D0N13" name="p35" srcActor="D0N12"/>
            <port dstActor="D0N32" name="p36" srcActor="D0N12"/>
            <port dstActor="D0N42" name="p37" srcActor="D0N12"/>
            <port dstActor="D0N17" name="p38" srcActor="D0N12"/>
            <port dstActor="D0N25" name="p39" srcActor="D0N12"/>
            <port dstActor="D0N27" name="p40" srcActor="D0N24"/>
            <port dstActor="D0N36" name="p41" srcActor="D0N24"/>
            <port dstActor="D0N43" name="p42" srcActor="D0N24"/>
            <port dstActor="D0N44" name="p43" srcActor="D0N13"/>
            <port dstActor="D0N34" name="p44" srcActor="D0N13"/>
            <port dstActor="D0N14" name="p45" srcActor="D0N13"/>
            <port dstActor="D0N15" name="p46" srcActor="D0N13"/>
            <port dstActor="D0N37" name="p47" srcActor="D0N13"/>
            <port dstActor="D0N49" name="p48" srcActor="D0N45"/>
            <port dstActor="D0N43" name="p49" srcActor="D0N17"/>
            <port dstActor="D0N48" name="p50" srcActor="D0N17"/>
            <port dstActor="D0N40" name="p51" srcActor="D0N17"/>
            <port dstActor="D0N20" name="p52" srcActor="D0N17"/>
            <port dstActor="D0N43" name="p53" srcActor="D0N1"/>
            <port dstActor="D0N15" name="p54" srcActor="D0N1"/>
            <port dstActor="D0N39" name="p55" srcActor="D0N1"/>
            <port dstActor="D0N26" name="p56" srcActor="D0N1"/>
            <port dstActor="D0N47" name="p57" srcActor="D0N1"/>
            <port dstActor="D0N46" name="p58" srcActor="D0N41"/>
            <port dstActor="D0N42" name="p59" srcActor="D0N8"/>
            <port dstActor="D0N15" name="p60" srcActor="D0N8"/>
            <port dstActor="D0N43" name="p61" srcActor="D0N39"/>
            <port dstActor="D0N47" name="p62" srcActor="D0N33"/>
            <port dstActor="D0N43" name="p63" srcActor="D0N33"/>
            <port dstActor="D0N46" name="p64" srcActor="D0N18"/>
            <port dstActor="D0N42" name="p65" srcActor="D0N18"/>
            <port dstActor="D0N21" name="p66" srcActor="D0N18"/>
            <port dstActor="D0N43" name="p67" srcActor="D0N27"/>
            <port dstActor="D0N38" name="p68" srcActor="D0N27"/>
            <port dstActor="D0N40" name="p69" srcActor="D0N29"/>
            <port dstActor="D0N49" name="p70" srcActor="D0N7"/>
            <port dstActor="D0N40" name="p71" srcActor="D0N7"/>
            <port dstActor="D0N33" name="p72" srcActor="D0N0"/>
            <port dstActor="D0N48" name="p73" srcActor="D0N0"/>
            <port dstActor="D0N16" name="p74" srcActor="D0N0"/>
            <port dstActor="D0N24" name="p75" srcActor="D0N0"/>
            <port dstActor="D0N30" name="p76" srcActor="D0N0"/>
            <port dstActor="D0N24" name="p77" srcActor="D0N20"/>
            <port dstActor="D0N21" name="p78" srcActor="D0N20"/>
            <port dstActor="D0N24" name="p79" srcActor="D0N23"/>
            <port dstActor="D0N48" name="p80" srcActor="D0N23"/>
            <port dstActor="D0N39" name="p81" srcActor="D0N23"/>
            <port dstActor="D0N32" name="p82" srcActor="D0N23"/>
            <port dstActor="D0N43" name="p83" srcActor="D0N30"/>
            <port dstActor="D0N42" name="p84" srcActor="D0N15"/>
            <port dstActor="D0N41" name="p85" srcActor="D0N15"/>
            <port dstActor="D0N26" name="p86" srcActor="D0N15"/>
            <port dstActor="D0N47" name="p87" srcActor="D0N16"/>
            <port dstActor="D0N23" name="p88" srcActor="D0N16"/>
            <port dstActor="D0N34" name="p89" srcActor="D0N16"/>
            <port dstActor="D0N24" name="p90" srcActor="D0N16"/>
            <port dstActor="D0N28" name="p91" srcActor="D0N16"/>
            <port dstActor="D0N44" name="p92" srcActor="D0N16"/>
            <port dstActor="D0N20" name="p93" srcActor="D0N16"/>
            <port dstActor="D0N37" name="p94" srcActor="D0N34"/>
            <port dstActor="D0N14" name="p95" srcActor="D0N9"/>
            <port dstActor="D0N15" name="p96" srcActor="D0N9"/>
            <port dstActor="D0N25" name="p97" srcActor="D0N9"/>
            <port dstActor="D0N41" name="p98" srcActor="D0N9"/>
            <port dstActor="D0N40" name="p99" srcActor="D0N9"/>
            <port dstActor="D0N27" name="p100" srcActor="D0N4"/>
            <port dstActor="D0N5" name="p101" srcActor="D0N4"/>
            <port dstActor="D0N28" name="p102" srcActor="D0N4"/>
            <port dstActor="D0N11" name="p103" srcActor="D0N4"/>
            <port dstActor="D0N39" name="p104" srcActor="D0N35"/>
            <port dstActor="D0N40" name="p105" srcActor="D0N35"/>
            <port dstActor="D0N43" name="p106" srcActor="D0N35"/>
            <port dstActor="D0N12" name="p107" srcActor="D0N5"/>
            <port dstActor="D0N30" name="p108" srcActor="D0N5"/>
            <port dstActor="D0N14" name="p109" srcActor="D0N5"/>
            <port dstActor="D0N17" name="p110" srcActor="D0N5"/>
            <port dstActor="D0N27" name="p111" srcActor="D0N5"/>
            <port dstActor="D0N29" name="p112" srcActor="D0N5"/>
            <port dstActor="D0N26" name="p113" srcActor="D0N5"/>
            <port dstActor="D0N35" name="p114" srcActor="D0N21"/>
            <port dstActor="D0N49" name="p115" srcActor="D0N21"/>
            <port dstActor="D0N47" name="p116" srcActor="D0N21"/>
            <port dstActor="D0N24" name="p117" srcActor="D0N21"/>
            <port dstActor="D0N27" name="p118" srcActor="D0N21"/>
            <port dstActor="D0N23" name="p119" srcActor="D0N22"/>
            <port dstActor="D0N39" name="p120" srcActor="D0N28"/>
            <port dstActor="D0N32" name="p121" srcActor="D0N28"/>
            <port dstActor="D0N42" name="p122" srcActor="D0N28"/>
            <port dstActor="D0N22" name="p123" srcActor="D0N3"/>
            <port dstActor="D0N5" name="p124" srcActor="D0N3"/>
            <port dstActor="D0N21" name="p125" srcActor="D0N3"/>
            <port dstActor="D0N43" name="p126" srcActor="D0N3"/>
            <port dstActor="D0N37" name="p127" srcActor="D0N3"/>
            <port dstActor="D0N49" name="p128" srcActor="D0N44"/>
        </ports>
    </mcdag>
    <cores number="3"/>
    <levels number="2"/>
</mcsystem>
