<?xml version="1.0" encoding="UTF-8" standalone="no"?>
<mcsystem>
    <mcdag deadline="4000" name="genned-0-ed-10.0-0">
        <actor name="D0N3">
            <wcet number="0">110</wcet>
            <wcet number="1">160</wcet>
            <maxpow number="0.8181834361612406"/>
            <maxpow number="0.8181834361612406"/>
            <fprob>0.0</fprob>
        </actor>
        <actor name="D0N5">
            <wcet number="0">120</wcet>
            <wcet number="1">120</wcet>
            <maxpow number="0.5474372199967182"/>
            <maxpow number="0.5474372199967182"/>
            <fprob>0.0</fprob>
        </actor>
        <actor name="D0N48">
            <wcet number="0">100</wcet>
            <wcet number="1">170</wcet>
            <maxpow number="0.5235560746592047"/>
            <maxpow number="0.5235560746592047"/>
            <fprob>0.0</fprob>
        </actor>
        <actor name="D0N42">
            <wcet number="0">220</wcet>
            <wcet number="1">220</wcet>
            <maxpow number="0.5795979574104235"/>
            <maxpow number="0.5795979574104235"/>
            <fprob>0.0</fprob>
        </actor>
        <actor name="D0N43">
            <wcet number="0">50</wcet>
            <wcet number="1">460</wcet>
            <maxpow number="0.5710513678230608"/>
            <maxpow number="0.5710513678230608"/>
            <fprob>0.0</fprob>
        </actor>
        <actor name="D0N17">
            <wcet number="0">10</wcet>
            <wcet number="1">10</wcet>
            <maxpow number="0.7688897282510248"/>
            <maxpow number="0.7688897282510248"/>
            <fprob>0.0</fprob>
        </actor>
        <actor name="D0N7">
            <wcet number="0">20</wcet>
            <wcet number="1">560</wcet>
            <maxpow number="0.5020695314823744"/>
            <maxpow number="0.5020695314823744"/>
            <fprob>0.0</fprob>
        </actor>
        <actor name="D0N37">
            <wcet number="0">40</wcet>
            <wcet number="1">130</wcet>
            <maxpow number="0.7330818890095416"/>
            <maxpow number="0.7330818890095416"/>
            <fprob>0.0</fprob>
        </actor>
        <actor name="D0N34">
            <wcet number="0">240</wcet>
            <wcet number="1">250</wcet>
            <maxpow number="0.4396769292549426"/>
            <maxpow number="0.4396769292549426"/>
            <fprob>0.0</fprob>
        </actor>
        <actor name="D0N26">
            <wcet number="0">320</wcet>
            <wcet number="1">450</wcet>
            <maxpow number="0.30514733762410645"/>
            <maxpow number="0.30514733762410645"/>
            <fprob>0.0</fprob>
        </actor>
        <actor name="D0N45">
            <wcet number="0">60</wcet>
            <wcet number="1">80</wcet>
            <maxpow number="0.7384710789365254"/>
            <maxpow number="0.7384710789365254"/>
            <fprob>0.0</fprob>
        </actor>
        <actor name="D0N27">
            <wcet number="0">10</wcet>
            <wcet number="1">10</wcet>
            <maxpow number="0.7188073201646283"/>
            <maxpow number="0.7188073201646283"/>
            <fprob>0.0</fprob>
        </actor>
        <actor name="D0N15">
            <wcet number="0">70</wcet>
            <wcet number="1">90</wcet>
            <maxpow number="0.6013999124053381"/>
            <maxpow number="0.6013999124053381"/>
            <fprob>0.0</fprob>
        </actor>
        <actor name="D0N25">
            <wcet number="0">10</wcet>
            <wcet number="1">190</wcet>
            <maxpow number="0.3245858246790574"/>
            <maxpow number="0.3245858246790574"/>
            <fprob>0.0</fprob>
        </actor>
        <actor name="D0N21">
            <wcet number="0">10</wcet>
            <wcet number="1">60</wcet>
            <maxpow number="0.5346307249855227"/>
            <maxpow number="0.5346307249855227"/>
            <fprob>0.0</fprob>
        </actor>
        <actor name="D0N23">
            <wcet number="0">200</wcet>
            <wcet number="1">440</wcet>
            <maxpow number="1.079507546997946"/>
            <maxpow number="1.079507546997946"/>
            <fprob>0.0</fprob>
        </actor>
        <actor name="D0N29">
            <wcet number="0">50</wcet>
            <wcet number="1">60</wcet>
            <maxpow number="0.3003273827175305"/>
            <maxpow number="0.3003273827175305"/>
            <fprob>0.0</fprob>
        </actor>
        <actor name="D0N8">
            <wcet number="0">10</wcet>
            <wcet number="1">10</wcet>
            <maxpow number="0.42309942177021204"/>
            <maxpow number="0.42309942177021204"/>
            <fprob>0.0</fprob>
        </actor>
        <actor name="D0N16">
            <wcet number="0">40</wcet>
            <wcet number="1">190</wcet>
            <maxpow number="0.4145527830932684"/>
            <maxpow number="0.4145527830932684"/>
            <fprob>0.0</fprob>
        </actor>
        <actor name="D0N20">
            <wcet number="0">20</wcet>
            <wcet number="1">310</wcet>
            <maxpow number="0.4001733187825337"/>
            <maxpow number="0.4001733187825337"/>
            <fprob>0.0</fprob>
        </actor>
        <actor name="D0N39">
            <wcet number="0">40</wcet>
            <wcet number="1">70</wcet>
            <maxpow number="0.43606896129899614"/>
            <maxpow number="0.43606896129899614"/>
            <fprob>0.0</fprob>
        </actor>
        <actor name="D0N47">
            <wcet number="0">10</wcet>
            <wcet number="1">90</wcet>
            <maxpow number="0.5957016212492696"/>
            <maxpow number="0.5957016212492696"/>
            <fprob>0.0</fprob>
        </actor>
        <actor name="D0N9">
            <wcet number="0">50</wcet>
            <wcet number="1">50</wcet>
            <maxpow number="0.5963734478764688"/>
            <maxpow number="0.5963734478764688"/>
            <fprob>0.0</fprob>
        </actor>
        <actor name="D0N4">
            <wcet number="0">30</wcet>
            <wcet number="1">100</wcet>
            <maxpow number="0.3026941745370044"/>
            <maxpow number="0.3026941745370044"/>
            <fprob>0.0</fprob>
        </actor>
        <actor name="D0N49">
            <wcet number="0">10</wcet>
            <wcet number="1">220</wcet>
            <maxpow number="0.8413357698042656"/>
            <maxpow number="0.8413357698042656"/>
            <fprob>0.0</fprob>
        </actor>
        <actor name="D0N11">
            <wcet number="0">10</wcet>
            <wcet number="1">10</wcet>
            <maxpow number="0.6884527913904239"/>
            <maxpow number="0.6884527913904239"/>
            <fprob>0.0</fprob>
        </actor>
        <actor name="D0N28">
            <wcet number="0">120</wcet>
            <wcet number="1">370</wcet>
            <maxpow number="0.6078520676520901"/>
            <maxpow number="0.6078520676520901"/>
            <fprob>0.0</fprob>
        </actor>
        <actor name="D0N22">
            <wcet number="0">20</wcet>
            <wcet number="1">30</wcet>
            <maxpow number="0.3627178459208816"/>
            <maxpow number="0.3627178459208816"/>
            <fprob>0.0</fprob>
        </actor>
        <actor name="D0N13">
            <wcet number="0">40</wcet>
            <wcet number="1">130</wcet>
            <maxpow number="0.7476964318262067"/>
            <maxpow number="0.7476964318262067"/>
            <fprob>0.0</fprob>
        </actor>
        <actor name="D0N31">
            <wcet number="0">110</wcet>
            <wcet number="1">240</wcet>
            <maxpow number="0.5939284821858145"/>
            <maxpow number="0.5939284821858145"/>
            <fprob>0.0</fprob>
        </actor>
        <actor name="D0N10">
            <wcet number="0">50</wcet>
            <wcet number="1">170</wcet>
            <maxpow number="0.6850058157208075"/>
            <maxpow number="0.6850058157208075"/>
            <fprob>0.0</fprob>
        </actor>
        <actor name="D0N44">
            <wcet number="0">250</wcet>
            <wcet number="1">380</wcet>
            <maxpow number="0.6320243173337713"/>
            <maxpow number="0.6320243173337713"/>
            <fprob>0.0</fprob>
        </actor>
        <actor name="D0N46">
            <wcet number="0">30</wcet>
            <wcet number="1">110</wcet>
            <maxpow number="0.4464573536748441"/>
            <maxpow number="0.4464573536748441"/>
            <fprob>0.0</fprob>
        </actor>
        <actor name="D0N6">
            <wcet number="0">430</wcet>
            <wcet number="1">540</wcet>
            <maxpow number="0.58123998518223"/>
            <maxpow number="0.58123998518223"/>
            <fprob>0.0</fprob>
        </actor>
        <actor name="D0N38">
            <wcet number="0">30</wcet>
            <wcet number="1">30</wcet>
            <maxpow number="0.6811835204603855"/>
            <maxpow number="0.6811835204603855"/>
            <fprob>0.0</fprob>
        </actor>
        <actor name="D0N33">
            <wcet number="0">130</wcet>
            <wcet number="1">140</wcet>
            <maxpow number="0.5246745776716785"/>
            <maxpow number="0.5246745776716785"/>
            <fprob>0.0</fprob>
        </actor>
        <actor name="D0N1">
            <wcet number="0">500</wcet>
            <wcet number="1">970</wcet>
            <maxpow number="0.44050650699252036"/>
            <maxpow number="0.44050650699252036"/>
            <fprob>0.0</fprob>
        </actor>
        <actor name="D0N40">
            <wcet number="0">130</wcet>
            <wcet number="1">160</wcet>
            <maxpow number="0.511529769423064"/>
            <maxpow number="0.511529769423064"/>
            <fprob>0.0</fprob>
        </actor>
        <actor name="D0N2">
            <wcet number="0">130</wcet>
            <wcet number="1">340</wcet>
            <maxpow number="0.6294022289575172"/>
            <maxpow number="0.6294022289575172"/>
            <fprob>0.0</fprob>
        </actor>
        <actor name="D0N35">
            <wcet number="0">350</wcet>
            <wcet number="1">410</wcet>
            <maxpow number="0.5577383525162624"/>
            <maxpow number="0.5577383525162624"/>
            <fprob>0.0</fprob>
        </actor>
        <actor name="D0N36">
            <wcet number="0">430</wcet>
            <wcet number="1">650</wcet>
            <maxpow number="0.6916501696931568"/>
            <maxpow number="0.6916501696931568"/>
            <fprob>0.0</fprob>
        </actor>
        <actor name="D0N41">
            <wcet number="0">40</wcet>
            <wcet number="1">90</wcet>
            <maxpow number="0.16439106416907895"/>
            <maxpow number="0.16439106416907895"/>
            <fprob>0.0</fprob>
        </actor>
        <actor name="D0N19">
            <wcet number="0">80</wcet>
            <wcet number="1">420</wcet>
            <maxpow number="0.5459815406237913"/>
            <maxpow number="0.5459815406237913"/>
            <fprob>0.0</fprob>
        </actor>
        <actor name="D0N0">
            <wcet number="0">90</wcet>
            <wcet number="1">180</wcet>
            <maxpow number="0.2861727159304752"/>
            <maxpow number="0.2861727159304752"/>
            <fprob>0.0</fprob>
        </actor>
        <actor name="D0N30">
            <wcet number="0">30</wcet>
            <wcet number="1">130</wcet>
            <maxpow number="0.9978791195896857"/>
            <maxpow number="0.9978791195896857"/>
            <fprob>0.0</fprob>
        </actor>
        <actor name="D0N12">
            <wcet number="0">290</wcet>
            <wcet number="1">360</wcet>
            <maxpow number="0.5206165375769192"/>
            <maxpow number="0.5206165375769192"/>
            <fprob>0.0</fprob>
        </actor>
        <actor name="D0N18">
            <wcet number="0">10</wcet>
            <wcet number="1">30</wcet>
            <maxpow number="0.34717280792655536"/>
            <maxpow number="0.34717280792655536"/>
            <fprob>0.0</fprob>
        </actor>
        <actor name="D0N32">
            <wcet number="0">180</wcet>
            <wcet number="1">300</wcet>
            <maxpow number="0.3693136062227128"/>
            <maxpow number="0.3693136062227128"/>
            <fprob>0.0</fprob>
        </actor>
        <actor name="D0N24">
            <wcet number="0">50</wcet>
            <wcet number="1">60</wcet>
            <maxpow number="0.5454703248096844"/>
            <maxpow number="0.5454703248096844"/>
            <fprob>0.0</fprob>
        </actor>
        <actor name="D0N14">
            <wcet number="0">40</wcet>
            <wcet number="1">50</wcet>
            <maxpow number="0.3147095668417893"/>
            <maxpow number="0.3147095668417893"/>
            <fprob>0.0</fprob>
        </actor>
        <ports>
            <port dstActor="D0N9" name="p0" srcActor="D0N3"/>
            <port dstActor="D0N29" name="p1" srcActor="D0N3"/>
            <port dstActor="D0N7" name="p2" srcActor="D0N3"/>
            <port dstActor="D0N47" name="p3" srcActor="D0N3"/>
            <port dstActor="D0N21" name="p4" srcActor="D0N3"/>
            <port dstActor="D0N8" name="p5" srcActor="D0N5"/>
            <port dstActor="D0N11" name="p6" srcActor="D0N5"/>
            <port dstActor="D0N34" name="p7" srcActor="D0N5"/>
            <port dstActor="D0N49" name="p8" srcActor="D0N17"/>
            <port dstActor="D0N23" name="p9" srcActor="D0N17"/>
            <port dstActor="D0N11" name="p10" srcActor="D0N7"/>
            <port dstActor="D0N30" name="p11" srcActor="D0N7"/>
            <port dstActor="D0N17" name="p12" srcActor="D0N7"/>
            <port dstActor="D0N39" name="p13" srcActor="D0N7"/>
            <port dstActor="D0N44" name="p14" srcActor="D0N37"/>
            <port dstActor="D0N42" name="p15" srcActor="D0N37"/>
            <port dstActor="D0N42" name="p16" srcActor="D0N26"/>
            <port dstActor="D0N38" name="p17" srcActor="D0N26"/>
            <port dstActor="D0N41" name="p18" srcActor="D0N26"/>
            <port dstActor="D0N49" name="p19" srcActor="D0N26"/>
            <port dstActor="D0N35" name="p20" srcActor="D0N26"/>
            <port dstActor="D0N31" name="p21" srcActor="D0N27"/>
            <port dstActor="D0N44" name="p22" srcActor="D0N27"/>
            <port dstActor="D0N45" name="p23" srcActor="D0N27"/>
            <port dstActor="D0N33" name="p24" srcActor="D0N15"/>
            <port dstActor="D0N43" name="p25" srcActor="D0N15"/>
            <port dstActor="D0N18" name="p26" srcActor="D0N15"/>
            <port dstActor="D0N22" name="p27" srcActor="D0N15"/>
            <port dstActor="D0N45" name="p28" srcActor="D0N15"/>
            <port dstActor="D0N49" name="p29" srcActor="D0N25"/>
            <port dstActor="D0N31" name="p30" srcActor="D0N25"/>
            <port dstActor="D0N24" name="p31" srcActor="D0N21"/>
            <port dstActor="D0N47" name="p32" srcActor="D0N21"/>
            <port dstActor="D0N32" name="p33" srcActor="D0N21"/>
            <port dstActor="D0N34" name="p34" srcActor="D0N21"/>
            <port dstActor="D0N38" name="p35" srcActor="D0N21"/>
            <port dstActor="D0N26" name="p36" srcActor="D0N23"/>
            <port dstActor="D0N37" name="p37" srcActor="D0N23"/>
            <port dstActor="D0N39" name="p38" srcActor="D0N23"/>
            <port dstActor="D0N34" name="p39" srcActor="D0N23"/>
            <port dstActor="D0N13" name="p40" srcActor="D0N8"/>
            <port dstActor="D0N15" name="p41" srcActor="D0N8"/>
            <port dstActor="D0N39" name="p42" srcActor="D0N8"/>
            <port dstActor="D0N24" name="p43" srcActor="D0N8"/>
            <port dstActor="D0N12" name="p44" srcActor="D0N8"/>
            <port dstActor="D0N38" name="p45" srcActor="D0N16"/>
            <port dstActor="D0N32" name="p46" srcActor="D0N16"/>
            <port dstActor="D0N47" name="p47" srcActor="D0N39"/>
            <port dstActor="D0N21" name="p48" srcActor="D0N9"/>
            <port dstActor="D0N8" name="p49" srcActor="D0N4"/>
            <port dstActor="D0N23" name="p50" srcActor="D0N4"/>
            <port dstActor="D0N31" name="p51" srcActor="D0N4"/>
            <port dstActor="D0N35" name="p52" srcActor="D0N11"/>
            <port dstActor="D0N18" name="p53" srcActor="D0N11"/>
            <port dstActor="D0N39" name="p54" srcActor="D0N11"/>
            <port dstActor="D0N27" name="p55" srcActor="D0N22"/>
            <port dstActor="D0N46" name="p56" srcActor="D0N22"/>
            <port dstActor="D0N34" name="p57" srcActor="D0N22"/>
            <port dstActor="D0N34" name="p58" srcActor="D0N13"/>
            <port dstActor="D0N14" name="p59" srcActor="D0N13"/>
            <port dstActor="D0N41" name="p60" srcActor="D0N31"/>
            <port dstActor="D0N44" name="p61" srcActor="D0N31"/>
            <port dstActor="D0N12" name="p62" srcActor="D0N10"/>
            <port dstActor="D0N27" name="p63" srcActor="D0N10"/>
            <port dstActor="D0N40" name="p64" srcActor="D0N10"/>
            <port dstActor="D0N26" name="p65" srcActor="D0N10"/>
            <port dstActor="D0N46" name="p66" srcActor="D0N44"/>
            <port dstActor="D0N11" name="p67" srcActor="D0N6"/>
            <port dstActor="D0N15" name="p68" srcActor="D0N6"/>
            <port dstActor="D0N46" name="p69" srcActor="D0N6"/>
            <port dstActor="D0N44" name="p70" srcActor="D0N6"/>
            <port dstActor="D0N19" name="p71" srcActor="D0N6"/>
            <port dstActor="D0N41" name="p72" srcActor="D0N6"/>
            <port dstActor="D0N35" name="p73" srcActor="D0N6"/>
            <port dstActor="D0N33" name="p74" srcActor="D0N6"/>
            <port dstActor="D0N40" name="p75" srcActor="D0N38"/>
            <port dstActor="D0N48" name="p76" srcActor="D0N38"/>
            <port dstActor="D0N48" name="p77" srcActor="D0N33"/>
            <port dstActor="D0N49" name="p78" srcActor="D0N33"/>
            <port dstActor="D0N2" name="p79" srcActor="D0N1"/>
            <port dstActor="D0N24" name="p80" srcActor="D0N1"/>
            <port dstActor="D0N35" name="p81" srcActor="D0N1"/>
            <port dstActor="D0N44" name="p82" srcActor="D0N1"/>
            <port dstActor="D0N48" name="p83" srcActor="D0N1"/>
            <port dstActor="D0N49" name="p84" srcActor="D0N2"/>
            <port dstActor="D0N29" name="p85" srcActor="D0N2"/>
            <port dstActor="D0N6" name="p86" srcActor="D0N2"/>
            <port dstActor="D0N39" name="p87" srcActor="D0N2"/>
            <port dstActor="D0N7" name="p88" srcActor="D0N2"/>
            <port dstActor="D0N45" name="p89" srcActor="D0N35"/>
            <port dstActor="D0N45" name="p90" srcActor="D0N36"/>
            <port dstActor="D0N40" name="p91" srcActor="D0N19"/>
            <port dstActor="D0N10" name="p92" srcActor="D0N0"/>
            <port dstActor="D0N34" name="p93" srcActor="D0N0"/>
            <port dstActor="D0N6" name="p94" srcActor="D0N0"/>
            <port dstActor="D0N21" name="p95" srcActor="D0N0"/>
            <port dstActor="D0N47" name="p96" srcActor="D0N0"/>
            <port dstActor="D0N48" name="p97" srcActor="D0N30"/>
            <port dstActor="D0N49" name="p98" srcActor="D0N12"/>
            <port dstActor="D0N30" name="p99" srcActor="D0N12"/>
            <port dstActor="D0N48" name="p100" srcActor="D0N18"/>
            <port dstActor="D0N40" name="p101" srcActor="D0N18"/>
            <port dstActor="D0N26" name="p102" srcActor="D0N18"/>
            <port dstActor="D0N31" name="p103" srcActor="D0N18"/>
            <port dstActor="D0N21" name="p104" srcActor="D0N14"/>
            <port dstActor="D0N42" name="p105" srcActor="D0N14"/>
            <port dstActor="D0N33" name="p106" srcActor="D0N14"/>
            <port dstActor="D0N35" name="p107" srcActor="D0N14"/>
            <port dstActor="D0N26" name="p108" srcActor="D0N14"/>
            <port dstActor="D0N28" name="p109" srcActor="D0N14"/>
            <port dstActor="D0N23" name="p110" srcActor="D0N14"/>
        </ports>
    </mcdag>
    <cores number="3"/>
    <levels number="2"/>
</mcsystem>
