<?xml version="1.0" encoding="UTF-8" standalone="no"?>
<mcsystem>
    <mcdag deadline="2500" name="genned-0-ed-10.0-0">
        <actor name="D0N16">
            <wcet number="0">180</wcet>
            <wcet number="1">350</wcet>
            <maxpow number="0.3115643354322096"/>
            <maxpow number="0.3115643354322096"/>
            <fprob>0.0</fprob>
        </actor>
        <actor name="D0N1">
            <wcet number="0">10</wcet>
            <wcet number="1">400</wcet>
            <maxpow number="0.7723538457630307"/>
            <maxpow number="0.7723538457630307"/>
            <fprob>0.0</fprob>
        </actor>
        <actor name="D0N28">
            <wcet number="0">130</wcet>
            <wcet number="1">160</wcet>
            <maxpow number="0.4342077448172317"/>
            <maxpow number="0.4342077448172317"/>
            <fprob>0.0</fprob>
        </actor>
        <actor name="D0N2">
            <wcet number="0">60</wcet>
            <wcet number="1">110</wcet>
            <maxpow number="0.5594047043986007"/>
            <maxpow number="0.5594047043986007"/>
            <fprob>0.0</fprob>
        </actor>
        <actor name="D0N34">
            <wcet number="0">10</wcet>
            <wcet number="1">10</wcet>
            <maxpow number="0.7060340799015377"/>
            <maxpow number="0.7060340799015377"/>
            <fprob>0.0</fprob>
        </actor>
        <actor name="D0N43">
            <wcet number="0">60</wcet>
            <wcet number="1">120</wcet>
            <maxpow number="0.8968608673227824"/>
            <maxpow number="0.8968608673227824"/>
            <fprob>0.0</fprob>
        </actor>
        <actor name="D0N23">
            <wcet number="0">110</wcet>
            <wcet number="1">110</wcet>
            <maxpow number="0.8794868885291192"/>
            <maxpow number="0.8794868885291192"/>
            <fprob>0.0</fprob>
        </actor>
        <actor name="D0N29">
            <wcet number="0">90</wcet>
            <wcet number="1">120</wcet>
            <maxpow number="0.5220163872874106"/>
            <maxpow number="0.5220163872874106"/>
            <fprob>0.0</fprob>
        </actor>
        <actor name="D0N35">
            <wcet number="0">20</wcet>
            <wcet number="1">100</wcet>
            <maxpow number="0.6988962452486366"/>
            <maxpow number="0.6988962452486366"/>
            <fprob>0.0</fprob>
        </actor>
        <actor name="D0N36">
            <wcet number="0">20</wcet>
            <wcet number="1">30</wcet>
            <maxpow number="0.5003049032110101"/>
            <maxpow number="0.5003049032110101"/>
            <fprob>0.0</fprob>
        </actor>
        <actor name="D0N33">
            <wcet number="0">20</wcet>
            <wcet number="1">130</wcet>
            <maxpow number="0.6736922275682763"/>
            <maxpow number="0.6736922275682763"/>
            <fprob>0.0</fprob>
        </actor>
        <actor name="D0N20">
            <wcet number="0">60</wcet>
            <wcet number="1">70</wcet>
            <maxpow number="0.41944932848786987"/>
            <maxpow number="0.41944932848786987"/>
            <fprob>0.0</fprob>
        </actor>
        <actor name="D0N26">
            <wcet number="0">70</wcet>
            <wcet number="1">110</wcet>
            <maxpow number="0.9229202439451979"/>
            <maxpow number="0.9229202439451979"/>
            <fprob>0.0</fprob>
        </actor>
        <actor name="D0N31">
            <wcet number="0">120</wcet>
            <wcet number="1">430</wcet>
            <maxpow number="0.4372344443801144"/>
            <maxpow number="0.4372344443801144"/>
            <fprob>0.0</fprob>
        </actor>
        <actor name="D0N46">
            <wcet number="0">120</wcet>
            <wcet number="1">210</wcet>
            <maxpow number="0.33279371041402683"/>
            <maxpow number="0.33279371041402683"/>
            <fprob>0.0</fprob>
        </actor>
        <actor name="D0N14">
            <wcet number="0">10</wcet>
            <wcet number="1">20</wcet>
            <maxpow number="0.5926106168096243"/>
            <maxpow number="0.5926106168096243"/>
            <fprob>0.0</fprob>
        </actor>
        <actor name="D0N7">
            <wcet number="0">20</wcet>
            <wcet number="1">30</wcet>
            <maxpow number="0.42416094688509165"/>
            <maxpow number="0.42416094688509165"/>
            <fprob>0.0</fprob>
        </actor>
        <actor name="D0N11">
            <wcet number="0">90</wcet>
            <wcet number="1">260</wcet>
            <maxpow number="0.5450579639742724"/>
            <maxpow number="0.5450579639742724"/>
            <fprob>0.0</fprob>
        </actor>
        <actor name="D0N30">
            <wcet number="0">40</wcet>
            <wcet number="1">160</wcet>
            <maxpow number="1.01699206510336"/>
            <maxpow number="1.01699206510336"/>
            <fprob>0.0</fprob>
        </actor>
        <actor name="D0N9">
            <wcet number="0">150</wcet>
            <wcet number="1">190</wcet>
            <maxpow number="0.3165026446959465"/>
            <maxpow number="0.3165026446959465"/>
            <fprob>0.0</fprob>
        </actor>
        <actor name="D0N40">
            <wcet number="0">50</wcet>
            <wcet number="1">210</wcet>
            <maxpow number="0.4849855324146715"/>
            <maxpow number="0.4849855324146715"/>
            <fprob>0.0</fprob>
        </actor>
        <actor name="D0N42">
            <wcet number="0">30</wcet>
            <wcet number="1">40</wcet>
            <maxpow number="0.4318336104925799"/>
            <maxpow number="0.4318336104925799"/>
            <fprob>0.0</fprob>
        </actor>
        <actor name="D0N41">
            <wcet number="0">10</wcet>
            <wcet number="1">20</wcet>
            <maxpow number="0.40065927052848493"/>
            <maxpow number="0.40065927052848493"/>
            <fprob>0.0</fprob>
        </actor>
        <actor name="D0N22">
            <wcet number="0">10</wcet>
            <wcet number="1">70</wcet>
            <maxpow number="0.48255651713266723"/>
            <maxpow number="0.48255651713266723"/>
            <fprob>0.0</fprob>
        </actor>
        <actor name="D0N3">
            <wcet number="0">40</wcet>
            <wcet number="1">40</wcet>
            <maxpow number="0.8742510150416855"/>
            <maxpow number="0.8742510150416855"/>
            <fprob>0.0</fprob>
        </actor>
        <actor name="D0N45">
            <wcet number="0">20</wcet>
            <wcet number="1">60</wcet>
            <maxpow number="0.7085868533310671"/>
            <maxpow number="0.7085868533310671"/>
            <fprob>0.0</fprob>
        </actor>
        <actor name="D0N5">
            <wcet number="0">80</wcet>
            <wcet number="1">120</wcet>
            <maxpow number="0.47866165328200067"/>
            <maxpow number="0.47866165328200067"/>
            <fprob>0.0</fprob>
        </actor>
        <actor name="D0N10">
            <wcet number="0">20</wcet>
            <wcet number="1">80</wcet>
            <maxpow number="0.359633226694145"/>
            <maxpow number="0.359633226694145"/>
            <fprob>0.0</fprob>
        </actor>
        <actor name="D0N4">
            <wcet number="0">30</wcet>
            <wcet number="1">100</wcet>
            <maxpow number="0.738351294889039"/>
            <maxpow number="0.738351294889039"/>
            <fprob>0.0</fprob>
        </actor>
        <actor name="D0N32">
            <wcet number="0">90</wcet>
            <wcet number="1">290</wcet>
            <maxpow number="0.5366907638301558"/>
            <maxpow number="0.5366907638301558"/>
            <fprob>0.0</fprob>
        </actor>
        <actor name="D0N25">
            <wcet number="0">180</wcet>
            <wcet number="1">210</wcet>
            <maxpow number="0.5361208901428739"/>
            <maxpow number="0.5361208901428739"/>
            <fprob>0.0</fprob>
        </actor>
        <actor name="D0N19">
            <wcet number="0">40</wcet>
            <wcet number="1">50</wcet>
            <maxpow number="0.6087227045171257"/>
            <maxpow number="0.6087227045171257"/>
            <fprob>0.0</fprob>
        </actor>
        <actor name="D0N47">
            <wcet number="0">150</wcet>
            <wcet number="1">200</wcet>
            <maxpow number="0.522981687444193"/>
            <maxpow number="0.522981687444193"/>
            <fprob>0.0</fprob>
        </actor>
        <actor name="D0N37">
            <wcet number="0">20</wcet>
            <wcet number="1">50</wcet>
            <maxpow number="0.322472111347011"/>
            <maxpow number="0.322472111347011"/>
            <fprob>0.0</fprob>
        </actor>
        <actor name="D0N12">
            <wcet number="0">110</wcet>
            <wcet number="1">150</wcet>
            <maxpow number="0.478238665575428"/>
            <maxpow number="0.478238665575428"/>
            <fprob>0.0</fprob>
        </actor>
        <actor name="D0N39">
            <wcet number="0">110</wcet>
            <wcet number="1">120</wcet>
            <maxpow number="0.15849990411554293"/>
            <maxpow number="0.15849990411554293"/>
            <fprob>0.0</fprob>
        </actor>
        <actor name="D0N18">
            <wcet number="0">40</wcet>
            <wcet number="1">270</wcet>
            <maxpow number="0.5227623388935777"/>
            <maxpow number="0.5227623388935777"/>
            <fprob>0.0</fprob>
        </actor>
        <actor name="D0N24">
            <wcet number="0">10</wcet>
            <wcet number="1">50</wcet>
            <maxpow number="0.3295993478106166"/>
            <maxpow number="0.3295993478106166"/>
            <fprob>0.0</fprob>
        </actor>
        <actor name="D0N27">
            <wcet number="0">10</wcet>
            <wcet number="1">70</wcet>
            <maxpow number="0.7000897148364278"/>
            <maxpow number="0.7000897148364278"/>
            <fprob>0.0</fprob>
        </actor>
        <actor name="D0N44">
            <wcet number="0">10</wcet>
            <wcet number="1">50</wcet>
            <maxpow number="0.37456849673614223"/>
            <maxpow number="0.37456849673614223"/>
            <fprob>0.0</fprob>
        </actor>
        <actor name="D0N17">
            <wcet number="0">10</wcet>
            <wcet number="1">10</wcet>
            <maxpow number="0.469831354565834"/>
            <maxpow number="0.469831354565834"/>
            <fprob>0.0</fprob>
        </actor>
        <actor name="D0N6">
            <wcet number="0">30</wcet>
            <wcet number="1">60</wcet>
            <maxpow number="0.7262128994905563"/>
            <maxpow number="0.7262128994905563"/>
            <fprob>0.0</fprob>
        </actor>
        <actor name="D0N38">
            <wcet number="0">40</wcet>
            <wcet number="1">110</wcet>
            <maxpow number="0.4143948014945641"/>
            <maxpow number="0.4143948014945641"/>
            <fprob>0.0</fprob>
        </actor>
        <actor name="D0N15">
            <wcet number="0">20</wcet>
            <wcet number="1">50</wcet>
            <maxpow number="0.25442021172249146"/>
            <maxpow number="0.25442021172249146"/>
            <fprob>0.0</fprob>
        </actor>
        <actor name="D0N8">
            <wcet number="0">110</wcet>
            <wcet number="1">200</wcet>
            <maxpow number="0.2788607226288656"/>
            <maxpow number="0.2788607226288656"/>
            <fprob>0.0</fprob>
        </actor>
        <actor name="D0N21">
            <wcet number="0">10</wcet>
            <wcet number="1">30</wcet>
            <maxpow number="0.6645896044887902"/>
            <maxpow number="0.6645896044887902"/>
            <fprob>0.0</fprob>
        </actor>
        <actor name="D0N0">
            <wcet number="0">50</wcet>
            <wcet number="1">50</wcet>
            <maxpow number="0.44494871169214667"/>
            <maxpow number="0.44494871169214667"/>
            <fprob>0.0</fprob>
        </actor>
        <actor name="D0N13">
            <wcet number="0">100</wcet>
            <wcet number="1">120</wcet>
            <maxpow number="0.48923137145061163"/>
            <maxpow number="0.48923137145061163"/>
            <fprob>0.0</fprob>
        </actor>
        <ports>
            <port dstActor="D0N17" name="p0" srcActor="D0N16"/>
            <port dstActor="D0N7" name="p1" srcActor="D0N2"/>
            <port dstActor="D0N29" name="p2" srcActor="D0N2"/>
            <port dstActor="D0N44" name="p3" srcActor="D0N2"/>
            <port dstActor="D0N35" name="p4" srcActor="D0N34"/>
            <port dstActor="D0N43" name="p5" srcActor="D0N23"/>
            <port dstActor="D0N40" name="p6" srcActor="D0N23"/>
            <port dstActor="D0N38" name="p7" srcActor="D0N35"/>
            <port dstActor="D0N24" name="p8" srcActor="D0N20"/>
            <port dstActor="D0N36" name="p9" srcActor="D0N20"/>
            <port dstActor="D0N44" name="p10" srcActor="D0N26"/>
            <port dstActor="D0N27" name="p11" srcActor="D0N26"/>
            <port dstActor="D0N36" name="p12" srcActor="D0N31"/>
            <port dstActor="D0N35" name="p13" srcActor="D0N31"/>
            <port dstActor="D0N40" name="p14" srcActor="D0N31"/>
            <port dstActor="D0N27" name="p15" srcActor="D0N14"/>
            <port dstActor="D0N32" name="p16" srcActor="D0N7"/>
            <port dstActor="D0N34" name="p17" srcActor="D0N7"/>
            <port dstActor="D0N13" name="p18" srcActor="D0N11"/>
            <port dstActor="D0N40" name="p19" srcActor="D0N11"/>
            <port dstActor="D0N20" name="p20" srcActor="D0N11"/>
            <port dstActor="D0N37" name="p21" srcActor="D0N11"/>
            <port dstActor="D0N34" name="p22" srcActor="D0N30"/>
            <port dstActor="D0N37" name="p23" srcActor="D0N30"/>
            <port dstActor="D0N39" name="p24" srcActor="D0N30"/>
            <port dstActor="D0N38" name="p25" srcActor="D0N9"/>
            <port dstActor="D0N16" name="p26" srcActor="D0N9"/>
            <port dstActor="D0N25" name="p27" srcActor="D0N9"/>
            <port dstActor="D0N42" name="p28" srcActor="D0N9"/>
            <port dstActor="D0N30" name="p29" srcActor="D0N9"/>
            <port dstActor="D0N22" name="p30" srcActor="D0N9"/>
            <port dstActor="D0N43" name="p31" srcActor="D0N9"/>
            <port dstActor="D0N41" name="p32" srcActor="D0N40"/>
            <port dstActor="D0N43" name="p33" srcActor="D0N40"/>
            <port dstActor="D0N43" name="p34" srcActor="D0N42"/>
            <port dstActor="D0N34" name="p35" srcActor="D0N22"/>
            <port dstActor="D0N34" name="p36" srcActor="D0N3"/>
            <port dstActor="D0N22" name="p37" srcActor="D0N3"/>
            <port dstActor="D0N37" name="p38" srcActor="D0N3"/>
            <port dstActor="D0N47" name="p39" srcActor="D0N3"/>
            <port dstActor="D0N30" name="p40" srcActor="D0N3"/>
            <port dstActor="D0N46" name="p41" srcActor="D0N45"/>
            <port dstActor="D0N41" name="p42" srcActor="D0N5"/>
            <port dstActor="D0N34" name="p43" srcActor="D0N5"/>
            <port dstActor="D0N26" name="p44" srcActor="D0N5"/>
            <port dstActor="D0N36" name="p45" srcActor="D0N5"/>
            <port dstActor="D0N46" name="p46" srcActor="D0N10"/>
            <port dstActor="D0N42" name="p47" srcActor="D0N10"/>
            <port dstActor="D0N29" name="p48" srcActor="D0N10"/>
            <port dstActor="D0N7" name="p49" srcActor="D0N4"/>
            <port dstActor="D0N8" name="p50" srcActor="D0N4"/>
            <port dstActor="D0N23" name="p51" srcActor="D0N4"/>
            <port dstActor="D0N34" name="p52" srcActor="D0N32"/>
            <port dstActor="D0N42" name="p53" srcActor="D0N32"/>
            <port dstActor="D0N42" name="p54" srcActor="D0N25"/>
            <port dstActor="D0N33" name="p55" srcActor="D0N25"/>
            <port dstActor="D0N44" name="p56" srcActor="D0N25"/>
            <port dstActor="D0N30" name="p57" srcActor="D0N25"/>
            <port dstActor="D0N34" name="p58" srcActor="D0N19"/>
            <port dstActor="D0N47" name="p59" srcActor="D0N19"/>
            <port dstActor="D0N20" name="p60" srcActor="D0N19"/>
            <port dstActor="D0N45" name="p61" srcActor="D0N19"/>
            <port dstActor="D0N17" name="p62" srcActor="D0N12"/>
            <port dstActor="D0N35" name="p63" srcActor="D0N12"/>
            <port dstActor="D0N21" name="p64" srcActor="D0N12"/>
            <port dstActor="D0N42" name="p65" srcActor="D0N18"/>
            <port dstActor="D0N19" name="p66" srcActor="D0N18"/>
            <port dstActor="D0N27" name="p67" srcActor="D0N18"/>
            <port dstActor="D0N44" name="p68" srcActor="D0N18"/>
            <port dstActor="D0N26" name="p69" srcActor="D0N18"/>
            <port dstActor="D0N29" name="p70" srcActor="D0N24"/>
            <port dstActor="D0N26" name="p71" srcActor="D0N24"/>
            <port dstActor="D0N28" name="p72" srcActor="D0N24"/>
            <port dstActor="D0N30" name="p73" srcActor="D0N24"/>
            <port dstActor="D0N46" name="p74" srcActor="D0N44"/>
            <port dstActor="D0N20" name="p75" srcActor="D0N17"/>
            <port dstActor="D0N21" name="p76" srcActor="D0N17"/>
            <port dstActor="D0N23" name="p77" srcActor="D0N17"/>
            <port dstActor="D0N36" name="p78" srcActor="D0N17"/>
            <port dstActor="D0N12" name="p79" srcActor="D0N6"/>
            <port dstActor="D0N7" name="p80" srcActor="D0N6"/>
            <port dstActor="D0N35" name="p81" srcActor="D0N6"/>
            <port dstActor="D0N40" name="p82" srcActor="D0N6"/>
            <port dstActor="D0N43" name="p83" srcActor="D0N6"/>
            <port dstActor="D0N40" name="p84" srcActor="D0N38"/>
            <port dstActor="D0N18" name="p85" srcActor="D0N15"/>
            <port dstActor="D0N21" name="p86" srcActor="D0N15"/>
            <port dstActor="D0N26" name="p87" srcActor="D0N15"/>
            <port dstActor="D0N30" name="p88" srcActor="D0N15"/>
            <port dstActor="D0N33" name="p89" srcActor="D0N15"/>
            <port dstActor="D0N45" name="p90" srcActor="D0N15"/>
            <port dstActor="D0N45" name="p91" srcActor="D0N8"/>
            <port dstActor="D0N33" name="p92" srcActor="D0N8"/>
            <port dstActor="D0N34" name="p93" srcActor="D0N8"/>
            <port dstActor="D0N19" name="p94" srcActor="D0N8"/>
            <port dstActor="D0N28" name="p95" srcActor="D0N8"/>
            <port dstActor="D0N47" name="p96" srcActor="D0N8"/>
            <port dstActor="D0N30" name="p97" srcActor="D0N21"/>
            <port dstActor="D0N29" name="p98" srcActor="D0N21"/>
            <port dstActor="D0N46" name="p99" srcActor="D0N21"/>
            <port dstActor="D0N31" name="p100" srcActor="D0N21"/>
            <port dstActor="D0N20" name="p101" srcActor="D0N0"/>
            <port dstActor="D0N39" name="p102" srcActor="D0N0"/>
            <port dstActor="D0N2" name="p103" srcActor="D0N0"/>
            <port dstActor="D0N31" name="p104" srcActor="D0N0"/>
            <port dstActor="D0N28" name="p105" srcActor="D0N0"/>
            <port dstActor="D0N32" name="p106" srcActor="D0N0"/>
            <port dstActor="D0N31" name="p107" srcActor="D0N13"/>
            <port dstActor="D0N47" name="p108" srcActor="D0N13"/>
            <port dstActor="D0N14" name="p109" srcActor="D0N13"/>
            <port dstActor="D0N36" name="p110" srcActor="D0N13"/>
            <port dstActor="D0N39" name="p111" srcActor="D0N13"/>
        </ports>
    </mcdag>
    <cores number="3"/>
    <levels number="2"/>
</mcsystem>
