<?xml version="1.0" encoding="UTF-8" standalone="no"?>
<mcsystem>
    <mcdag deadline="3000" name="genned-0-ed-10.0-0">
        <actor name="D0N25">
            <wcet number="0">130</wcet>
            <wcet number="1">140</wcet>
            <maxpow number="0.32332334997589895"/>
            <maxpow number="0.32332334997589895"/>
            <fprob>0.0</fprob>
        </actor>
        <actor name="D0N47">
            <wcet number="0">420</wcet>
            <wcet number="1">630</wcet>
            <maxpow number="0.9506781014864969"/>
            <maxpow number="0.9506781014864969"/>
            <fprob>0.0</fprob>
        </actor>
        <actor name="D0N36">
            <wcet number="0">190</wcet>
            <wcet number="1">210</wcet>
            <maxpow number="0.5429141072985354"/>
            <maxpow number="0.5429141072985354"/>
            <fprob>0.0</fprob>
        </actor>
        <actor name="D0N21">
            <wcet number="0">30</wcet>
            <wcet number="1">30</wcet>
            <maxpow number="0.45097619019935564"/>
            <maxpow number="0.45097619019935564"/>
            <fprob>0.0</fprob>
        </actor>
        <actor name="D0N46">
            <wcet number="0">50</wcet>
            <wcet number="1">80</wcet>
            <maxpow number="0.2110671735679741"/>
            <maxpow number="0.2110671735679741"/>
            <fprob>0.0</fprob>
        </actor>
        <actor name="D0N15">
            <wcet number="0">10</wcet>
            <wcet number="1">50</wcet>
            <maxpow number="0.7277191440345693"/>
            <maxpow number="0.7277191440345693"/>
            <fprob>0.0</fprob>
        </actor>
        <actor name="D0N0">
            <wcet number="0">60</wcet>
            <wcet number="1">140</wcet>
            <maxpow number="0.739718853472901"/>
            <maxpow number="0.739718853472901"/>
            <fprob>0.0</fprob>
        </actor>
        <actor name="D0N48">
            <wcet number="0">90</wcet>
            <wcet number="1">200</wcet>
            <maxpow number="0.5928218633113269"/>
            <maxpow number="0.5928218633113269"/>
            <fprob>0.0</fprob>
        </actor>
        <actor name="D0N39">
            <wcet number="0">20</wcet>
            <wcet number="1">50</wcet>
            <maxpow number="0.33764729566665297"/>
            <maxpow number="0.33764729566665297"/>
            <fprob>0.0</fprob>
        </actor>
        <actor name="D0N37">
            <wcet number="0">120</wcet>
            <wcet number="1">330</wcet>
            <maxpow number="0.44993150280477645"/>
            <maxpow number="0.44993150280477645"/>
            <fprob>0.0</fprob>
        </actor>
        <actor name="D0N18">
            <wcet number="0">70</wcet>
            <wcet number="1">130</wcet>
            <maxpow number="0.5266804040687755"/>
            <maxpow number="0.5266804040687755"/>
            <fprob>0.0</fprob>
        </actor>
        <actor name="D0N27">
            <wcet number="0">10</wcet>
            <wcet number="1">130</wcet>
            <maxpow number="0.5670458297869763"/>
            <maxpow number="0.5670458297869763"/>
            <fprob>0.0</fprob>
        </actor>
        <actor name="D0N1">
            <wcet number="0">30</wcet>
            <wcet number="1">130</wcet>
            <maxpow number="0.2575052288597957"/>
            <maxpow number="0.2575052288597957"/>
            <fprob>0.0</fprob>
        </actor>
        <actor name="D0N45">
            <wcet number="0">170</wcet>
            <wcet number="1">340</wcet>
            <maxpow number="0.5020900460902724"/>
            <maxpow number="0.5020900460902724"/>
            <fprob>0.0</fprob>
        </actor>
        <actor name="D0N34">
            <wcet number="0">30</wcet>
            <wcet number="1">50</wcet>
            <maxpow number="0.8146923949303885"/>
            <maxpow number="0.8146923949303885"/>
            <fprob>0.0</fprob>
        </actor>
        <actor name="D0N19">
            <wcet number="0">150</wcet>
            <wcet number="1">290</wcet>
            <maxpow number="0.677396475893048"/>
            <maxpow number="0.677396475893048"/>
            <fprob>0.0</fprob>
        </actor>
        <actor name="D0N22">
            <wcet number="0">10</wcet>
            <wcet number="1">10</wcet>
            <maxpow number="0.74112046124743"/>
            <maxpow number="0.74112046124743"/>
            <fprob>0.0</fprob>
        </actor>
        <actor name="D0N42">
            <wcet number="0">90</wcet>
            <wcet number="1">170</wcet>
            <maxpow number="0.8526375795394464"/>
            <maxpow number="0.8526375795394464"/>
            <fprob>0.0</fprob>
        </actor>
        <actor name="D0N20">
            <wcet number="0">40</wcet>
            <wcet number="1">200</wcet>
            <maxpow number="0.296749426630133"/>
            <maxpow number="0.296749426630133"/>
            <fprob>0.0</fprob>
        </actor>
        <actor name="D0N14">
            <wcet number="0">70</wcet>
            <wcet number="1">90</wcet>
            <maxpow number="0.5092637650962214"/>
            <maxpow number="0.5092637650962214"/>
            <fprob>0.0</fprob>
        </actor>
        <actor name="D0N33">
            <wcet number="0">10</wcet>
            <wcet number="1">10</wcet>
            <maxpow number="0.7141142166017784"/>
            <maxpow number="0.7141142166017784"/>
            <fprob>0.0</fprob>
        </actor>
        <actor name="D0N40">
            <wcet number="0">20</wcet>
            <wcet number="1">50</wcet>
            <maxpow number="0.48394152718825845"/>
            <maxpow number="0.48394152718825845"/>
            <fprob>0.0</fprob>
        </actor>
        <actor name="D0N6">
            <wcet number="0">10</wcet>
            <wcet number="1">60</wcet>
            <maxpow number="0.380118567069474"/>
            <maxpow number="0.380118567069474"/>
            <fprob>0.0</fprob>
        </actor>
        <actor name="D0N38">
            <wcet number="0">110</wcet>
            <wcet number="1">170</wcet>
            <maxpow number="0.39025444022776856"/>
            <maxpow number="0.39025444022776856"/>
            <fprob>0.0</fprob>
        </actor>
        <actor name="D0N8">
            <wcet number="0">360</wcet>
            <wcet number="1">780</wcet>
            <maxpow number="0.2655337370906974"/>
            <maxpow number="0.2655337370906974"/>
            <fprob>0.0</fprob>
        </actor>
        <actor name="D0N7">
            <wcet number="0">70</wcet>
            <wcet number="1">90</wcet>
            <maxpow number="0.6059312906422607"/>
            <maxpow number="0.6059312906422607"/>
            <fprob>0.0</fprob>
        </actor>
        <actor name="D0N43">
            <wcet number="0">350</wcet>
            <wcet number="1">470</wcet>
            <maxpow number="0.28250439316537596"/>
            <maxpow number="0.28250439316537596"/>
            <fprob>0.0</fprob>
        </actor>
        <actor name="D0N28">
            <wcet number="0">40</wcet>
            <wcet number="1">60</wcet>
            <maxpow number="0.35062002293978156"/>
            <maxpow number="0.35062002293978156"/>
            <fprob>0.0</fprob>
        </actor>
        <actor name="D0N29">
            <wcet number="0">10</wcet>
            <wcet number="1">10</wcet>
            <maxpow number="0.35631225721066306"/>
            <maxpow number="0.35631225721066306"/>
            <fprob>0.0</fprob>
        </actor>
        <actor name="D0N16">
            <wcet number="0">20</wcet>
            <wcet number="1">70</wcet>
            <maxpow number="0.4413210983721175"/>
            <maxpow number="0.4413210983721175"/>
            <fprob>0.0</fprob>
        </actor>
        <actor name="D0N2">
            <wcet number="0">40</wcet>
            <wcet number="1">90</wcet>
            <maxpow number="0.5294476869039743"/>
            <maxpow number="0.5294476869039743"/>
            <fprob>0.0</fprob>
        </actor>
        <actor name="D0N5">
            <wcet number="0">100</wcet>
            <wcet number="1">110</wcet>
            <maxpow number="0.383419068181916"/>
            <maxpow number="0.383419068181916"/>
            <fprob>0.0</fprob>
        </actor>
        <actor name="D0N12">
            <wcet number="0">140</wcet>
            <wcet number="1">230</wcet>
            <maxpow number="0.7396665439590058"/>
            <maxpow number="0.7396665439590058"/>
            <fprob>0.0</fprob>
        </actor>
        <actor name="D0N30">
            <wcet number="0">80</wcet>
            <wcet number="1">150</wcet>
            <maxpow number="0.45993014228312806"/>
            <maxpow number="0.45993014228312806"/>
            <fprob>0.0</fprob>
        </actor>
        <actor name="D0N3">
            <wcet number="0">300</wcet>
            <wcet number="1">420</wcet>
            <maxpow number="0.4478760564714812"/>
            <maxpow number="0.4478760564714812"/>
            <fprob>0.0</fprob>
        </actor>
        <actor name="D0N4">
            <wcet number="0">20</wcet>
            <wcet number="1">20</wcet>
            <maxpow number="0.4324646550962971"/>
            <maxpow number="0.4324646550962971"/>
            <fprob>0.0</fprob>
        </actor>
        <actor name="D0N9">
            <wcet number="0">20</wcet>
            <wcet number="1">40</wcet>
            <maxpow number="0.8720154701440412"/>
            <maxpow number="0.8720154701440412"/>
            <fprob>0.0</fprob>
        </actor>
        <actor name="D0N41">
            <wcet number="0">40</wcet>
            <wcet number="1">50</wcet>
            <maxpow number="0.6729931601012833"/>
            <maxpow number="0.6729931601012833"/>
            <fprob>0.0</fprob>
        </actor>
        <actor name="D0N32">
            <wcet number="0">10</wcet>
            <wcet number="1">70</wcet>
            <maxpow number="0.7751567806005867"/>
            <maxpow number="0.7751567806005867"/>
            <fprob>0.0</fprob>
        </actor>
        <actor name="D0N10">
            <wcet number="0">200</wcet>
            <wcet number="1">230</wcet>
            <maxpow number="0.46848219308906813"/>
            <maxpow number="0.46848219308906813"/>
            <fprob>0.0</fprob>
        </actor>
        <actor name="D0N17">
            <wcet number="0">10</wcet>
            <wcet number="1">40</wcet>
            <maxpow number="0.6154383085907768"/>
            <maxpow number="0.6154383085907768"/>
            <fprob>0.0</fprob>
        </actor>
        <actor name="D0N44">
            <wcet number="0">20</wcet>
            <wcet number="1">130</wcet>
            <maxpow number="0.6258016525166623"/>
            <maxpow number="0.6258016525166623"/>
            <fprob>0.0</fprob>
        </actor>
        <actor name="D0N35">
            <wcet number="0">50</wcet>
            <wcet number="1">70</wcet>
            <maxpow number="0.2956941267968736"/>
            <maxpow number="0.2956941267968736"/>
            <fprob>0.0</fprob>
        </actor>
        <actor name="D0N26">
            <wcet number="0">150</wcet>
            <wcet number="1">320</wcet>
            <maxpow number="0.5545637952481877"/>
            <maxpow number="0.5545637952481877"/>
            <fprob>0.0</fprob>
        </actor>
        <actor name="D0N49">
            <wcet number="0">20</wcet>
            <wcet number="1">20</wcet>
            <maxpow number="0.5331914095351558"/>
            <maxpow number="0.5331914095351558"/>
            <fprob>0.0</fprob>
        </actor>
        <actor name="D0N24">
            <wcet number="0">60</wcet>
            <wcet number="1">70</wcet>
            <maxpow number="0.7906088955022751"/>
            <maxpow number="0.7906088955022751"/>
            <fprob>0.0</fprob>
        </actor>
        <actor name="D0N13">
            <wcet number="0">360</wcet>
            <wcet number="1">440</wcet>
            <maxpow number="0.42357107476631145"/>
            <maxpow number="0.42357107476631145"/>
            <fprob>0.0</fprob>
        </actor>
        <actor name="D0N11">
            <wcet number="0">70</wcet>
            <wcet number="1">360</wcet>
            <maxpow number="0.5538125947093469"/>
            <maxpow number="0.5538125947093469"/>
            <fprob>0.0</fprob>
        </actor>
        <actor name="D0N23">
            <wcet number="0">10</wcet>
            <wcet number="1">30</wcet>
            <maxpow number="0.3187269441865512"/>
            <maxpow number="0.3187269441865512"/>
            <fprob>0.0</fprob>
        </actor>
        <actor name="D0N31">
            <wcet number="0">150</wcet>
            <wcet number="1">340</wcet>
            <maxpow number="0.476896414598342"/>
            <maxpow number="0.476896414598342"/>
            <fprob>0.0</fprob>
        </actor>
        <ports>
            <port dstActor="D0N37" name="p0" srcActor="D0N25"/>
            <port dstActor="D0N34" name="p1" srcActor="D0N25"/>
            <port dstActor="D0N31" name="p2" srcActor="D0N25"/>
            <port dstActor="D0N48" name="p3" srcActor="D0N47"/>
            <port dstActor="D0N29" name="p4" srcActor="D0N21"/>
            <port dstActor="D0N25" name="p5" srcActor="D0N21"/>
            <port dstActor="D0N32" name="p6" srcActor="D0N21"/>
            <port dstActor="D0N28" name="p7" srcActor="D0N21"/>
            <port dstActor="D0N16" name="p8" srcActor="D0N15"/>
            <port dstActor="D0N42" name="p9" srcActor="D0N15"/>
            <port dstActor="D0N17" name="p10" srcActor="D0N15"/>
            <port dstActor="D0N18" name="p11" srcActor="D0N15"/>
            <port dstActor="D0N45" name="p12" srcActor="D0N15"/>
            <port dstActor="D0N38" name="p13" srcActor="D0N0"/>
            <port dstActor="D0N25" name="p14" srcActor="D0N0"/>
            <port dstActor="D0N1" name="p15" srcActor="D0N0"/>
            <port dstActor="D0N32" name="p16" srcActor="D0N0"/>
            <port dstActor="D0N20" name="p17" srcActor="D0N0"/>
            <port dstActor="D0N6" name="p18" srcActor="D0N0"/>
            <port dstActor="D0N49" name="p19" srcActor="D0N39"/>
            <port dstActor="D0N48" name="p20" srcActor="D0N37"/>
            <port dstActor="D0N43" name="p21" srcActor="D0N18"/>
            <port dstActor="D0N36" name="p22" srcActor="D0N27"/>
            <port dstActor="D0N46" name="p23" srcActor="D0N27"/>
            <port dstActor="D0N24" name="p24" srcActor="D0N1"/>
            <port dstActor="D0N33" name="p25" srcActor="D0N1"/>
            <port dstActor="D0N34" name="p26" srcActor="D0N1"/>
            <port dstActor="D0N8" name="p27" srcActor="D0N1"/>
            <port dstActor="D0N42" name="p28" srcActor="D0N1"/>
            <port dstActor="D0N14" name="p29" srcActor="D0N1"/>
            <port dstActor="D0N40" name="p30" srcActor="D0N34"/>
            <port dstActor="D0N39" name="p31" srcActor="D0N34"/>
            <port dstActor="D0N46" name="p32" srcActor="D0N34"/>
            <port dstActor="D0N21" name="p33" srcActor="D0N19"/>
            <port dstActor="D0N29" name="p34" srcActor="D0N19"/>
            <port dstActor="D0N48" name="p35" srcActor="D0N19"/>
            <port dstActor="D0N26" name="p36" srcActor="D0N19"/>
            <port dstActor="D0N42" name="p37" srcActor="D0N22"/>
            <port dstActor="D0N32" name="p38" srcActor="D0N22"/>
            <port dstActor="D0N49" name="p39" srcActor="D0N20"/>
            <port dstActor="D0N38" name="p40" srcActor="D0N20"/>
            <port dstActor="D0N45" name="p41" srcActor="D0N20"/>
            <port dstActor="D0N37" name="p42" srcActor="D0N14"/>
            <port dstActor="D0N48" name="p43" srcActor="D0N14"/>
            <port dstActor="D0N42" name="p44" srcActor="D0N14"/>
            <port dstActor="D0N49" name="p45" srcActor="D0N33"/>
            <port dstActor="D0N40" name="p46" srcActor="D0N33"/>
            <port dstActor="D0N46" name="p47" srcActor="D0N40"/>
            <port dstActor="D0N43" name="p48" srcActor="D0N6"/>
            <port dstActor="D0N31" name="p49" srcActor="D0N6"/>
            <port dstActor="D0N30" name="p50" srcActor="D0N6"/>
            <port dstActor="D0N23" name="p51" srcActor="D0N8"/>
            <port dstActor="D0N25" name="p52" srcActor="D0N8"/>
            <port dstActor="D0N29" name="p53" srcActor="D0N8"/>
            <port dstActor="D0N42" name="p54" srcActor="D0N8"/>
            <port dstActor="D0N21" name="p55" srcActor="D0N8"/>
            <port dstActor="D0N17" name="p56" srcActor="D0N8"/>
            <port dstActor="D0N12" name="p57" srcActor="D0N8"/>
            <port dstActor="D0N45" name="p58" srcActor="D0N8"/>
            <port dstActor="D0N36" name="p59" srcActor="D0N8"/>
            <port dstActor="D0N44" name="p60" srcActor="D0N7"/>
            <port dstActor="D0N10" name="p61" srcActor="D0N7"/>
            <port dstActor="D0N16" name="p62" srcActor="D0N7"/>
            <port dstActor="D0N32" name="p63" srcActor="D0N29"/>
            <port dstActor="D0N18" name="p64" srcActor="D0N16"/>
            <port dstActor="D0N23" name="p65" srcActor="D0N16"/>
            <port dstActor="D0N17" name="p66" srcActor="D0N16"/>
            <port dstActor="D0N19" name="p67" srcActor="D0N16"/>
            <port dstActor="D0N21" name="p68" srcActor="D0N16"/>
            <port dstActor="D0N27" name="p69" srcActor="D0N16"/>
            <port dstActor="D0N28" name="p70" srcActor="D0N16"/>
            <port dstActor="D0N10" name="p71" srcActor="D0N2"/>
            <port dstActor="D0N21" name="p72" srcActor="D0N2"/>
            <port dstActor="D0N11" name="p73" srcActor="D0N2"/>
            <port dstActor="D0N16" name="p74" srcActor="D0N2"/>
            <port dstActor="D0N36" name="p75" srcActor="D0N2"/>
            <port dstActor="D0N29" name="p76" srcActor="D0N2"/>
            <port dstActor="D0N15" name="p77" srcActor="D0N5"/>
            <port dstActor="D0N25" name="p78" srcActor="D0N5"/>
            <port dstActor="D0N16" name="p79" srcActor="D0N5"/>
            <port dstActor="D0N49" name="p80" srcActor="D0N5"/>
            <port dstActor="D0N23" name="p81" srcActor="D0N5"/>
            <port dstActor="D0N35" name="p82" srcActor="D0N12"/>
            <port dstActor="D0N42" name="p83" srcActor="D0N12"/>
            <port dstActor="D0N36" name="p84" srcActor="D0N30"/>
            <port dstActor="D0N11" name="p85" srcActor="D0N3"/>
            <port dstActor="D0N10" name="p86" srcActor="D0N3"/>
            <port dstActor="D0N41" name="p87" srcActor="D0N3"/>
            <port dstActor="D0N44" name="p88" srcActor="D0N4"/>
            <port dstActor="D0N12" name="p89" srcActor="D0N4"/>
            <port dstActor="D0N39" name="p90" srcActor="D0N4"/>
            <port dstActor="D0N10" name="p91" srcActor="D0N4"/>
            <port dstActor="D0N46" name="p92" srcActor="D0N9"/>
            <port dstActor="D0N12" name="p93" srcActor="D0N9"/>
            <port dstActor="D0N24" name="p94" srcActor="D0N9"/>
            <port dstActor="D0N44" name="p95" srcActor="D0N9"/>
            <port dstActor="D0N47" name="p96" srcActor="D0N41"/>
            <port dstActor="D0N48" name="p97" srcActor="D0N41"/>
            <port dstActor="D0N28" name="p98" srcActor="D0N10"/>
            <port dstActor="D0N24" name="p99" srcActor="D0N10"/>
            <port dstActor="D0N40" name="p100" srcActor="D0N10"/>
            <port dstActor="D0N43" name="p101" srcActor="D0N10"/>
            <port dstActor="D0N30" name="p102" srcActor="D0N17"/>
            <port dstActor="D0N24" name="p103" srcActor="D0N17"/>
            <port dstActor="D0N34" name="p104" srcActor="D0N17"/>
            <port dstActor="D0N32" name="p105" srcActor="D0N17"/>
            <port dstActor="D0N32" name="p106" srcActor="D0N26"/>
            <port dstActor="D0N38" name="p107" srcActor="D0N26"/>
            <port dstActor="D0N38" name="p108" srcActor="D0N24"/>
            <port dstActor="D0N30" name="p109" srcActor="D0N24"/>
            <port dstActor="D0N39" name="p110" srcActor="D0N24"/>
            <port dstActor="D0N26" name="p111" srcActor="D0N13"/>
            <port dstActor="D0N44" name="p112" srcActor="D0N13"/>
            <port dstActor="D0N24" name="p113" srcActor="D0N13"/>
            <port dstActor="D0N12" name="p114" srcActor="D0N11"/>
            <port dstActor="D0N17" name="p115" srcActor="D0N11"/>
            <port dstActor="D0N46" name="p116" srcActor="D0N11"/>
            <port dstActor="D0N34" name="p117" srcActor="D0N11"/>
            <port dstActor="D0N48" name="p118" srcActor="D0N11"/>
            <port dstActor="D0N35" name="p119" srcActor="D0N23"/>
            <port dstActor="D0N41" name="p120" srcActor="D0N23"/>
            <port dstActor="D0N28" name="p121" srcActor="D0N23"/>
            <port dstActor="D0N40" name="p122" srcActor="D0N31"/>
        </ports>
    </mcdag>
    <cores number="3"/>
    <levels number="2"/>
</mcsystem>
