<?xml version="1.0" encoding="UTF-8" standalone="no"?>
<mcsystem>
    <mcdag deadline="5000" name="genned-0-ed-10.0-0">
        <actor name="D0N40">
            <wcet number="0">280</wcet>
            <wcet number="1">280</wcet>
            <maxpow number="0.4388035930191639"/>
            <maxpow number="0.4388035930191639"/>
            <fprob>0.0</fprob>
        </actor>
        <actor name="D0N32">
            <wcet number="0">150</wcet>
            <wcet number="1">290</wcet>
            <maxpow number="0.741307591549922"/>
            <maxpow number="0.741307591549922"/>
            <fprob>0.0</fprob>
        </actor>
        <actor name="D0N8">
            <wcet number="0">30</wcet>
            <wcet number="1">50</wcet>
            <maxpow number="0.2530120785076245"/>
            <maxpow number="0.2530120785076245"/>
            <fprob>0.0</fprob>
        </actor>
        <actor name="D0N3">
            <wcet number="0">80</wcet>
            <wcet number="1">80</wcet>
            <maxpow number="0.7936840462400411"/>
            <maxpow number="0.7936840462400411"/>
            <fprob>0.0</fprob>
        </actor>
        <actor name="D0N38">
            <wcet number="0">30</wcet>
            <wcet number="1">40</wcet>
            <maxpow number="0.3367309909926325"/>
            <maxpow number="0.3367309909926325"/>
            <fprob>0.0</fprob>
        </actor>
        <actor name="D0N47">
            <wcet number="0">20</wcet>
            <wcet number="1">20</wcet>
            <maxpow number="0.4648186180630989"/>
            <maxpow number="0.4648186180630989"/>
            <fprob>0.0</fprob>
        </actor>
        <actor name="D0N15">
            <wcet number="0">180</wcet>
            <wcet number="1">440</wcet>
            <maxpow number="0.8616275400676625"/>
            <maxpow number="0.8616275400676625"/>
            <fprob>0.0</fprob>
        </actor>
        <actor name="D0N19">
            <wcet number="0">260</wcet>
            <wcet number="1">260</wcet>
            <maxpow number="0.5166814636272623"/>
            <maxpow number="0.5166814636272623"/>
            <fprob>0.0</fprob>
        </actor>
        <actor name="D0N44">
            <wcet number="0">120</wcet>
            <wcet number="1">250</wcet>
            <maxpow number="0.3780419285893829"/>
            <maxpow number="0.3780419285893829"/>
            <fprob>0.0</fprob>
        </actor>
        <actor name="D0N25">
            <wcet number="0">210</wcet>
            <wcet number="1">460</wcet>
            <maxpow number="0.23897409785062673"/>
            <maxpow number="0.23897409785062673"/>
            <fprob>0.0</fprob>
        </actor>
        <actor name="D0N48">
            <wcet number="0">70</wcet>
            <wcet number="1">130</wcet>
            <maxpow number="0.8199625568790398"/>
            <maxpow number="0.8199625568790398"/>
            <fprob>0.0</fprob>
        </actor>
        <actor name="D0N1">
            <wcet number="0">120</wcet>
            <wcet number="1">320</wcet>
            <maxpow number="0.562229069956181"/>
            <maxpow number="0.562229069956181"/>
            <fprob>0.0</fprob>
        </actor>
        <actor name="D0N21">
            <wcet number="0">20</wcet>
            <wcet number="1">440</wcet>
            <maxpow number="0.4275307477931689"/>
            <maxpow number="0.4275307477931689"/>
            <fprob>0.0</fprob>
        </actor>
        <actor name="D0N11">
            <wcet number="0">30</wcet>
            <wcet number="1">40</wcet>
            <maxpow number="0.2215448634901901"/>
            <maxpow number="0.2215448634901901"/>
            <fprob>0.0</fprob>
        </actor>
        <actor name="D0N39">
            <wcet number="0">330</wcet>
            <wcet number="1">840</wcet>
            <maxpow number="0.7372676381073395"/>
            <maxpow number="0.7372676381073395"/>
            <fprob>0.0</fprob>
        </actor>
        <actor name="D0N5">
            <wcet number="0">150</wcet>
            <wcet number="1">240</wcet>
            <maxpow number="0.42806041943647366"/>
            <maxpow number="0.42806041943647366"/>
            <fprob>0.0</fprob>
        </actor>
        <actor name="D0N7">
            <wcet number="0">10</wcet>
            <wcet number="1">20</wcet>
            <maxpow number="0.5027788285394753"/>
            <maxpow number="0.5027788285394753"/>
            <fprob>0.0</fprob>
        </actor>
        <actor name="D0N24">
            <wcet number="0">50</wcet>
            <wcet number="1">410</wcet>
            <maxpow number="0.3020412028448217"/>
            <maxpow number="0.3020412028448217"/>
            <fprob>0.0</fprob>
        </actor>
        <actor name="D0N28">
            <wcet number="0">60</wcet>
            <wcet number="1">90</wcet>
            <maxpow number="1.0259369442976967"/>
            <maxpow number="1.0259369442976967"/>
            <fprob>0.0</fprob>
        </actor>
        <actor name="D0N31">
            <wcet number="0">40</wcet>
            <wcet number="1">50</wcet>
            <maxpow number="0.6238495307127023"/>
            <maxpow number="0.6238495307127023"/>
            <fprob>0.0</fprob>
        </actor>
        <actor name="D0N36">
            <wcet number="0">80</wcet>
            <wcet number="1">90</wcet>
            <maxpow number="0.5724658604577734"/>
            <maxpow number="0.5724658604577734"/>
            <fprob>0.0</fprob>
        </actor>
        <actor name="D0N18">
            <wcet number="0">10</wcet>
            <wcet number="1">420</wcet>
            <maxpow number="0.3948522494811274"/>
            <maxpow number="0.3948522494811274"/>
            <fprob>0.0</fprob>
        </actor>
        <actor name="D0N37">
            <wcet number="0">830</wcet>
            <wcet number="1">1220</wcet>
            <maxpow number="0.5028379557720379"/>
            <maxpow number="0.5028379557720379"/>
            <fprob>0.0</fprob>
        </actor>
        <actor name="D0N17">
            <wcet number="0">140</wcet>
            <wcet number="1">340</wcet>
            <maxpow number="0.6765966013761099"/>
            <maxpow number="0.6765966013761099"/>
            <fprob>0.0</fprob>
        </actor>
        <actor name="D0N23">
            <wcet number="0">20</wcet>
            <wcet number="1">20</wcet>
            <maxpow number="0.3770086264087201"/>
            <maxpow number="0.3770086264087201"/>
            <fprob>0.0</fprob>
        </actor>
        <actor name="D0N46">
            <wcet number="0">10</wcet>
            <wcet number="1">10</wcet>
            <maxpow number="0.511405189486273"/>
            <maxpow number="0.511405189486273"/>
            <fprob>0.0</fprob>
        </actor>
        <actor name="D0N43">
            <wcet number="0">210</wcet>
            <wcet number="1">220</wcet>
            <maxpow number="0.5758282203139393"/>
            <maxpow number="0.5758282203139393"/>
            <fprob>0.0</fprob>
        </actor>
        <actor name="D0N49">
            <wcet number="0">30</wcet>
            <wcet number="1">30</wcet>
            <maxpow number="0.4959237202898225"/>
            <maxpow number="0.4959237202898225"/>
            <fprob>0.0</fprob>
        </actor>
        <actor name="D0N42">
            <wcet number="0">310</wcet>
            <wcet number="1">440</wcet>
            <maxpow number="0.4165212049635896"/>
            <maxpow number="0.4165212049635896"/>
            <fprob>0.0</fprob>
        </actor>
        <actor name="D0N6">
            <wcet number="0">80</wcet>
            <wcet number="1">260</wcet>
            <maxpow number="0.509364887348739"/>
            <maxpow number="0.509364887348739"/>
            <fprob>0.0</fprob>
        </actor>
        <actor name="D0N34">
            <wcet number="0">170</wcet>
            <wcet number="1">1170</wcet>
            <maxpow number="0.2922365966332253"/>
            <maxpow number="0.2922365966332253"/>
            <fprob>0.0</fprob>
        </actor>
        <actor name="D0N9">
            <wcet number="0">300</wcet>
            <wcet number="1">630</wcet>
            <maxpow number="0.902547953892497"/>
            <maxpow number="0.902547953892497"/>
            <fprob>0.0</fprob>
        </actor>
        <actor name="D0N41">
            <wcet number="0">90</wcet>
            <wcet number="1">260</wcet>
            <maxpow number="0.7986537610557927"/>
            <maxpow number="0.7986537610557927"/>
            <fprob>0.0</fprob>
        </actor>
        <actor name="D0N12">
            <wcet number="0">20</wcet>
            <wcet number="1">50</wcet>
            <maxpow number="0.5815499850742516"/>
            <maxpow number="0.5815499850742516"/>
            <fprob>0.0</fprob>
        </actor>
        <actor name="D0N0">
            <wcet number="0">270</wcet>
            <wcet number="1">320</wcet>
            <maxpow number="0.4117229757286103"/>
            <maxpow number="0.4117229757286103"/>
            <fprob>0.0</fprob>
        </actor>
        <actor name="D0N2">
            <wcet number="0">200</wcet>
            <wcet number="1">230</wcet>
            <maxpow number="0.7114132533150657"/>
            <maxpow number="0.7114132533150657"/>
            <fprob>0.0</fprob>
        </actor>
        <actor name="D0N35">
            <wcet number="0">30</wcet>
            <wcet number="1">40</wcet>
            <maxpow number="0.2764284084025385"/>
            <maxpow number="0.2764284084025385"/>
            <fprob>0.0</fprob>
        </actor>
        <actor name="D0N4">
            <wcet number="0">420</wcet>
            <wcet number="1">690</wcet>
            <maxpow number="0.40337893626969634"/>
            <maxpow number="0.40337893626969634"/>
            <fprob>0.0</fprob>
        </actor>
        <actor name="D0N45">
            <wcet number="0">30</wcet>
            <wcet number="1">70</wcet>
            <maxpow number="0.3783019152092331"/>
            <maxpow number="0.3783019152092331"/>
            <fprob>0.0</fprob>
        </actor>
        <actor name="D0N14">
            <wcet number="0">70</wcet>
            <wcet number="1">170</wcet>
            <maxpow number="0.7067994418867831"/>
            <maxpow number="0.7067994418867831"/>
            <fprob>0.0</fprob>
        </actor>
        <actor name="D0N22">
            <wcet number="0">80</wcet>
            <wcet number="1">80</wcet>
            <maxpow number="0.7329989166447549"/>
            <maxpow number="0.7329989166447549"/>
            <fprob>0.0</fprob>
        </actor>
        <actor name="D0N26">
            <wcet number="0">80</wcet>
            <wcet number="1">540</wcet>
            <maxpow number="0.28389581655897017"/>
            <maxpow number="0.28389581655897017"/>
            <fprob>0.0</fprob>
        </actor>
        <actor name="D0N29">
            <wcet number="0">20</wcet>
            <wcet number="1">20</wcet>
            <maxpow number="0.29438155065072996"/>
            <maxpow number="0.29438155065072996"/>
            <fprob>0.0</fprob>
        </actor>
        <actor name="D0N10">
            <wcet number="0">20</wcet>
            <wcet number="1">110</wcet>
            <maxpow number="0.637556110389605"/>
            <maxpow number="0.637556110389605"/>
            <fprob>0.0</fprob>
        </actor>
        <actor name="D0N16">
            <wcet number="0">20</wcet>
            <wcet number="1">20</wcet>
            <maxpow number="0.6086427079974627"/>
            <maxpow number="0.6086427079974627"/>
            <fprob>0.0</fprob>
        </actor>
        <actor name="D0N20">
            <wcet number="0">20</wcet>
            <wcet number="1">60</wcet>
            <maxpow number="0.34944946334006843"/>
            <maxpow number="0.34944946334006843"/>
            <fprob>0.0</fprob>
        </actor>
        <actor name="D0N27">
            <wcet number="0">100</wcet>
            <wcet number="1">190</wcet>
            <maxpow number="0.5725724685060786"/>
            <maxpow number="0.5725724685060786"/>
            <fprob>0.0</fprob>
        </actor>
        <actor name="D0N13">
            <wcet number="0">20</wcet>
            <wcet number="1">570</wcet>
            <maxpow number="0.31117206824982846"/>
            <maxpow number="0.31117206824982846"/>
            <fprob>0.0</fprob>
        </actor>
        <actor name="D0N30">
            <wcet number="0">120</wcet>
            <wcet number="1">160</wcet>
            <maxpow number="0.36332035868677903"/>
            <maxpow number="0.36332035868677903"/>
            <fprob>0.0</fprob>
        </actor>
        <actor name="D0N33">
            <wcet number="0">170</wcet>
            <wcet number="1">320</wcet>
            <maxpow number="0.44198495013486244"/>
            <maxpow number="0.44198495013486244"/>
            <fprob>0.0</fprob>
        </actor>
        <ports>
            <port dstActor="D0N49" name="p0" srcActor="D0N40"/>
            <port dstActor="D0N46" name="p1" srcActor="D0N32"/>
            <port dstActor="D0N14" name="p2" srcActor="D0N8"/>
            <port dstActor="D0N15" name="p3" srcActor="D0N8"/>
            <port dstActor="D0N31" name="p4" srcActor="D0N8"/>
            <port dstActor="D0N32" name="p5" srcActor="D0N8"/>
            <port dstActor="D0N29" name="p6" srcActor="D0N3"/>
            <port dstActor="D0N13" name="p7" srcActor="D0N3"/>
            <port dstActor="D0N49" name="p8" srcActor="D0N3"/>
            <port dstActor="D0N35" name="p9" srcActor="D0N15"/>
            <port dstActor="D0N27" name="p10" srcActor="D0N15"/>
            <port dstActor="D0N38" name="p11" srcActor="D0N19"/>
            <port dstActor="D0N46" name="p12" srcActor="D0N19"/>
            <port dstActor="D0N22" name="p13" srcActor="D0N19"/>
            <port dstActor="D0N37" name="p14" srcActor="D0N19"/>
            <port dstActor="D0N42" name="p15" srcActor="D0N19"/>
            <port dstActor="D0N35" name="p16" srcActor="D0N25"/>
            <port dstActor="D0N47" name="p17" srcActor="D0N25"/>
            <port dstActor="D0N27" name="p18" srcActor="D0N25"/>
            <port dstActor="D0N31" name="p19" srcActor="D0N25"/>
            <port dstActor="D0N34" name="p20" srcActor="D0N25"/>
            <port dstActor="D0N47" name="p21" srcActor="D0N1"/>
            <port dstActor="D0N17" name="p22" srcActor="D0N1"/>
            <port dstActor="D0N12" name="p23" srcActor="D0N1"/>
            <port dstActor="D0N14" name="p24" srcActor="D0N1"/>
            <port dstActor="D0N23" name="p25" srcActor="D0N1"/>
            <port dstActor="D0N29" name="p26" srcActor="D0N21"/>
            <port dstActor="D0N36" name="p27" srcActor="D0N21"/>
            <port dstActor="D0N41" name="p28" srcActor="D0N11"/>
            <port dstActor="D0N31" name="p29" srcActor="D0N11"/>
            <port dstActor="D0N22" name="p30" srcActor="D0N11"/>
            <port dstActor="D0N42" name="p31" srcActor="D0N11"/>
            <port dstActor="D0N43" name="p32" srcActor="D0N39"/>
            <port dstActor="D0N45" name="p33" srcActor="D0N5"/>
            <port dstActor="D0N14" name="p34" srcActor="D0N5"/>
            <port dstActor="D0N23" name="p35" srcActor="D0N5"/>
            <port dstActor="D0N12" name="p36" srcActor="D0N5"/>
            <port dstActor="D0N48" name="p37" srcActor="D0N5"/>
            <port dstActor="D0N13" name="p38" srcActor="D0N5"/>
            <port dstActor="D0N34" name="p39" srcActor="D0N5"/>
            <port dstActor="D0N39" name="p40" srcActor="D0N5"/>
            <port dstActor="D0N33" name="p41" srcActor="D0N7"/>
            <port dstActor="D0N45" name="p42" srcActor="D0N7"/>
            <port dstActor="D0N9" name="p43" srcActor="D0N7"/>
            <port dstActor="D0N18" name="p44" srcActor="D0N7"/>
            <port dstActor="D0N38" name="p45" srcActor="D0N24"/>
            <port dstActor="D0N39" name="p46" srcActor="D0N24"/>
            <port dstActor="D0N42" name="p47" srcActor="D0N24"/>
            <port dstActor="D0N34" name="p48" srcActor="D0N28"/>
            <port dstActor="D0N33" name="p49" srcActor="D0N28"/>
            <port dstActor="D0N38" name="p50" srcActor="D0N31"/>
            <port dstActor="D0N40" name="p51" srcActor="D0N31"/>
            <port dstActor="D0N47" name="p52" srcActor="D0N36"/>
            <port dstActor="D0N43" name="p53" srcActor="D0N36"/>
            <port dstActor="D0N22" name="p54" srcActor="D0N18"/>
            <port dstActor="D0N40" name="p55" srcActor="D0N18"/>
            <port dstActor="D0N24" name="p56" srcActor="D0N18"/>
            <port dstActor="D0N43" name="p57" srcActor="D0N37"/>
            <port dstActor="D0N47" name="p58" srcActor="D0N37"/>
            <port dstActor="D0N18" name="p59" srcActor="D0N17"/>
            <port dstActor="D0N34" name="p60" srcActor="D0N17"/>
            <port dstActor="D0N33" name="p61" srcActor="D0N17"/>
            <port dstActor="D0N44" name="p62" srcActor="D0N17"/>
            <port dstActor="D0N29" name="p63" srcActor="D0N23"/>
            <port dstActor="D0N33" name="p64" srcActor="D0N23"/>
            <port dstActor="D0N49" name="p65" srcActor="D0N46"/>
            <port dstActor="D0N45" name="p66" srcActor="D0N42"/>
            <port dstActor="D0N27" name="p67" srcActor="D0N6"/>
            <port dstActor="D0N17" name="p68" srcActor="D0N6"/>
            <port dstActor="D0N11" name="p69" srcActor="D0N6"/>
            <port dstActor="D0N27" name="p70" srcActor="D0N9"/>
            <port dstActor="D0N33" name="p71" srcActor="D0N9"/>
            <port dstActor="D0N43" name="p72" srcActor="D0N9"/>
            <port dstActor="D0N44" name="p73" srcActor="D0N9"/>
            <port dstActor="D0N46" name="p74" srcActor="D0N9"/>
            <port dstActor="D0N42" name="p75" srcActor="D0N41"/>
            <port dstActor="D0N22" name="p76" srcActor="D0N12"/>
            <port dstActor="D0N24" name="p77" srcActor="D0N12"/>
            <port dstActor="D0N43" name="p78" srcActor="D0N12"/>
            <port dstActor="D0N19" name="p79" srcActor="D0N12"/>
            <port dstActor="D0N33" name="p80" srcActor="D0N12"/>
            <port dstActor="D0N40" name="p81" srcActor="D0N12"/>
            <port dstActor="D0N3" name="p82" srcActor="D0N0"/>
            <port dstActor="D0N41" name="p83" srcActor="D0N0"/>
            <port dstActor="D0N32" name="p84" srcActor="D0N0"/>
            <port dstActor="D0N22" name="p85" srcActor="D0N0"/>
            <port dstActor="D0N19" name="p86" srcActor="D0N0"/>
            <port dstActor="D0N24" name="p87" srcActor="D0N2"/>
            <port dstActor="D0N48" name="p88" srcActor="D0N2"/>
            <port dstActor="D0N9" name="p89" srcActor="D0N2"/>
            <port dstActor="D0N19" name="p90" srcActor="D0N2"/>
            <port dstActor="D0N5" name="p91" srcActor="D0N2"/>
            <port dstActor="D0N11" name="p92" srcActor="D0N2"/>
            <port dstActor="D0N42" name="p93" srcActor="D0N4"/>
            <port dstActor="D0N9" name="p94" srcActor="D0N4"/>
            <port dstActor="D0N46" name="p95" srcActor="D0N4"/>
            <port dstActor="D0N49" name="p96" srcActor="D0N4"/>
            <port dstActor="D0N32" name="p97" srcActor="D0N4"/>
            <port dstActor="D0N46" name="p98" srcActor="D0N45"/>
            <port dstActor="D0N36" name="p99" srcActor="D0N14"/>
            <port dstActor="D0N34" name="p100" srcActor="D0N14"/>
            <port dstActor="D0N43" name="p101" srcActor="D0N14"/>
            <port dstActor="D0N36" name="p102" srcActor="D0N22"/>
            <port dstActor="D0N23" name="p103" srcActor="D0N22"/>
            <port dstActor="D0N34" name="p104" srcActor="D0N22"/>
            <port dstActor="D0N38" name="p105" srcActor="D0N22"/>
            <port dstActor="D0N29" name="p106" srcActor="D0N26"/>
            <port dstActor="D0N33" name="p107" srcActor="D0N29"/>
            <port dstActor="D0N34" name="p108" srcActor="D0N29"/>
            <port dstActor="D0N26" name="p109" srcActor="D0N10"/>
            <port dstActor="D0N42" name="p110" srcActor="D0N10"/>
            <port dstActor="D0N40" name="p111" srcActor="D0N10"/>
            <port dstActor="D0N23" name="p112" srcActor="D0N10"/>
            <port dstActor="D0N13" name="p113" srcActor="D0N10"/>
            <port dstActor="D0N31" name="p114" srcActor="D0N16"/>
            <port dstActor="D0N44" name="p115" srcActor="D0N16"/>
            <port dstActor="D0N36" name="p116" srcActor="D0N16"/>
            <port dstActor="D0N41" name="p117" srcActor="D0N16"/>
            <port dstActor="D0N46" name="p118" srcActor="D0N20"/>
            <port dstActor="D0N49" name="p119" srcActor="D0N27"/>
            <port dstActor="D0N47" name="p120" srcActor="D0N27"/>
            <port dstActor="D0N44" name="p121" srcActor="D0N27"/>
            <port dstActor="D0N38" name="p122" srcActor="D0N27"/>
            <port dstActor="D0N39" name="p123" srcActor="D0N13"/>
            <port dstActor="D0N40" name="p124" srcActor="D0N30"/>
            <port dstActor="D0N37" name="p125" srcActor="D0N33"/>
            <port dstActor="D0N46" name="p126" srcActor="D0N33"/>
            <port dstActor="D0N44" name="p127" srcActor="D0N33"/>
        </ports>
    </mcdag>
    <cores number="3"/>
    <levels number="2"/>
</mcsystem>
