<?xml version="1.0" encoding="UTF-8" standalone="no"?>
<mcsystem>
    <mcdag deadline="1200" name="genned-0-ed-10.0-0">
        <actor name="D0N31">
            <wcet number="0">120</wcet>
            <wcet number="1">200</wcet>
            <maxpow number="0.5437097196791466"/>
            <maxpow number="0.5437097196791466"/>
            <fprob>0.0</fprob>
        </actor>
        <actor name="D0N24">
            <wcet number="0">10</wcet>
            <wcet number="1">20</wcet>
            <maxpow number="0.5290089484275605"/>
            <maxpow number="0.5290089484275605"/>
            <fprob>0.0</fprob>
        </actor>
        <actor name="D0N40">
            <wcet number="0">20</wcet>
            <wcet number="1">40</wcet>
            <maxpow number="0.53330319432295"/>
            <maxpow number="0.53330319432295"/>
            <fprob>0.0</fprob>
        </actor>
        <actor name="D0N45">
            <wcet number="0">10</wcet>
            <wcet number="1">20</wcet>
            <maxpow number="0.9426619186230376"/>
            <maxpow number="0.9426619186230376"/>
            <fprob>0.0</fprob>
        </actor>
        <actor name="D0N21">
            <wcet number="0">30</wcet>
            <wcet number="1">30</wcet>
            <maxpow number="0.6616387691337924"/>
            <maxpow number="0.6616387691337924"/>
            <fprob>0.0</fprob>
        </actor>
        <actor name="D0N16">
            <wcet number="0">20</wcet>
            <wcet number="1">60</wcet>
            <maxpow number="0.9067664685980382"/>
            <maxpow number="0.9067664685980382"/>
            <fprob>0.0</fprob>
        </actor>
        <actor name="D0N2">
            <wcet number="0">60</wcet>
            <wcet number="1">70</wcet>
            <maxpow number="0.6923730439785685"/>
            <maxpow number="0.6923730439785685"/>
            <fprob>0.0</fprob>
        </actor>
        <actor name="D0N23">
            <wcet number="0">20</wcet>
            <wcet number="1">20</wcet>
            <maxpow number="0.4890913989785168"/>
            <maxpow number="0.4890913989785168"/>
            <fprob>0.0</fprob>
        </actor>
        <actor name="D0N1">
            <wcet number="0">60</wcet>
            <wcet number="1">80</wcet>
            <maxpow number="0.5228647651407895"/>
            <maxpow number="0.5228647651407895"/>
            <fprob>0.0</fprob>
        </actor>
        <actor name="D0N34">
            <wcet number="0">10</wcet>
            <wcet number="1">10</wcet>
            <maxpow number="0.6770619795451119"/>
            <maxpow number="0.6770619795451119"/>
            <fprob>0.0</fprob>
        </actor>
        <actor name="D0N0">
            <wcet number="0">20</wcet>
            <wcet number="1">20</wcet>
            <maxpow number="0.2862732330357821"/>
            <maxpow number="0.2862732330357821"/>
            <fprob>0.0</fprob>
        </actor>
        <actor name="D0N28">
            <wcet number="0">70</wcet>
            <wcet number="1">90</wcet>
            <maxpow number="0.596018483270319"/>
            <maxpow number="0.596018483270319"/>
            <fprob>0.0</fprob>
        </actor>
        <actor name="D0N3">
            <wcet number="0">50</wcet>
            <wcet number="1">80</wcet>
            <maxpow number="0.643876293691473"/>
            <maxpow number="0.643876293691473"/>
            <fprob>0.0</fprob>
        </actor>
        <actor name="D0N42">
            <wcet number="0">170</wcet>
            <wcet number="1">210</wcet>
            <maxpow number="1.0543978074119333"/>
            <maxpow number="1.0543978074119333"/>
            <fprob>0.0</fprob>
        </actor>
        <actor name="D0N17">
            <wcet number="0">20</wcet>
            <wcet number="1">30</wcet>
            <maxpow number="0.541569743668462"/>
            <maxpow number="0.541569743668462"/>
            <fprob>0.0</fprob>
        </actor>
        <actor name="D0N35">
            <wcet number="0">60</wcet>
            <wcet number="1">60</wcet>
            <maxpow number="0.6363791187123042"/>
            <maxpow number="0.6363791187123042"/>
            <fprob>0.0</fprob>
        </actor>
        <actor name="D0N8">
            <wcet number="0">50</wcet>
            <wcet number="1">120</wcet>
            <maxpow number="0.7546986877512918"/>
            <maxpow number="0.7546986877512918"/>
            <fprob>0.0</fprob>
        </actor>
        <actor name="D0N26">
            <wcet number="0">20</wcet>
            <wcet number="1">20</wcet>
            <maxpow number="0.617088179178255"/>
            <maxpow number="0.617088179178255"/>
            <fprob>0.0</fprob>
        </actor>
        <actor name="D0N30">
            <wcet number="0">40</wcet>
            <wcet number="1">50</wcet>
            <maxpow number="0.3622685546780041"/>
            <maxpow number="0.3622685546780041"/>
            <fprob>0.0</fprob>
        </actor>
        <actor name="D0N25">
            <wcet number="0">50</wcet>
            <wcet number="1">50</wcet>
            <maxpow number="0.580207697351397"/>
            <maxpow number="0.580207697351397"/>
            <fprob>0.0</fprob>
        </actor>
        <actor name="D0N9">
            <wcet number="0">50</wcet>
            <wcet number="1">70</wcet>
            <maxpow number="0.7572819139543335"/>
            <maxpow number="0.7572819139543335"/>
            <fprob>0.0</fprob>
        </actor>
        <actor name="D0N19">
            <wcet number="0">10</wcet>
            <wcet number="1">100</wcet>
            <maxpow number="0.5571360717196333"/>
            <maxpow number="0.5571360717196333"/>
            <fprob>0.0</fprob>
        </actor>
        <actor name="D0N14">
            <wcet number="0">210</wcet>
            <wcet number="1">210</wcet>
            <maxpow number="0.5355684654050774"/>
            <maxpow number="0.5355684654050774"/>
            <fprob>0.0</fprob>
        </actor>
        <actor name="D0N33">
            <wcet number="0">10</wcet>
            <wcet number="1">40</wcet>
            <maxpow number="0.6750006942299368"/>
            <maxpow number="0.6750006942299368"/>
            <fprob>0.0</fprob>
        </actor>
        <actor name="D0N39">
            <wcet number="0">30</wcet>
            <wcet number="1">30</wcet>
            <maxpow number="0.4503239205000147"/>
            <maxpow number="0.4503239205000147"/>
            <fprob>0.0</fprob>
        </actor>
        <actor name="D0N4">
            <wcet number="0">10</wcet>
            <wcet number="1">20</wcet>
            <maxpow number="0.4998872653658564"/>
            <maxpow number="0.4998872653658564"/>
            <fprob>0.0</fprob>
        </actor>
        <actor name="D0N27">
            <wcet number="0">60</wcet>
            <wcet number="1">140</wcet>
            <maxpow number="0.8054496115225663"/>
            <maxpow number="0.8054496115225663"/>
            <fprob>0.0</fprob>
        </actor>
        <actor name="D0N13">
            <wcet number="0">20</wcet>
            <wcet number="1">30</wcet>
            <maxpow number="0.6371441997580081"/>
            <maxpow number="0.6371441997580081"/>
            <fprob>0.0</fprob>
        </actor>
        <actor name="D0N22">
            <wcet number="0">90</wcet>
            <wcet number="1">120</wcet>
            <maxpow number="0.5687592870100873"/>
            <maxpow number="0.5687592870100873"/>
            <fprob>0.0</fprob>
        </actor>
        <actor name="D0N10">
            <wcet number="0">70</wcet>
            <wcet number="1">210</wcet>
            <maxpow number="0.4784788159820809"/>
            <maxpow number="0.4784788159820809"/>
            <fprob>0.0</fprob>
        </actor>
        <actor name="D0N44">
            <wcet number="0">100</wcet>
            <wcet number="1">140</wcet>
            <maxpow number="0.635512989259133"/>
            <maxpow number="0.635512989259133"/>
            <fprob>0.0</fprob>
        </actor>
        <actor name="D0N37">
            <wcet number="0">10</wcet>
            <wcet number="1">20</wcet>
            <maxpow number="0.5186030604663469"/>
            <maxpow number="0.5186030604663469"/>
            <fprob>0.0</fprob>
        </actor>
        <actor name="D0N11">
            <wcet number="0">30</wcet>
            <wcet number="1">30</wcet>
            <maxpow number="0.5809551811417597"/>
            <maxpow number="0.5809551811417597"/>
            <fprob>0.0</fprob>
        </actor>
        <actor name="D0N5">
            <wcet number="0">30</wcet>
            <wcet number="1">40</wcet>
            <maxpow number="0.5082720437152702"/>
            <maxpow number="0.5082720437152702"/>
            <fprob>0.0</fprob>
        </actor>
        <actor name="D0N46">
            <wcet number="0">20</wcet>
            <wcet number="1">20</wcet>
            <maxpow number="0.7324506651632253"/>
            <maxpow number="0.7324506651632253"/>
            <fprob>0.0</fprob>
        </actor>
        <actor name="D0N15">
            <wcet number="0">10</wcet>
            <wcet number="1">10</wcet>
            <maxpow number="0.7332376078756906"/>
            <maxpow number="0.7332376078756906"/>
            <fprob>0.0</fprob>
        </actor>
        <actor name="D0N29">
            <wcet number="0">100</wcet>
            <wcet number="1">100</wcet>
            <maxpow number="0.5261939427554632"/>
            <maxpow number="0.5261939427554632"/>
            <fprob>0.0</fprob>
        </actor>
        <actor name="D0N7">
            <wcet number="0">20</wcet>
            <wcet number="1">80</wcet>
            <maxpow number="0.6299281220723285"/>
            <maxpow number="0.6299281220723285"/>
            <fprob>0.0</fprob>
        </actor>
        <actor name="D0N41">
            <wcet number="0">10</wcet>
            <wcet number="1">10</wcet>
            <maxpow number="0.5864600159876076"/>
            <maxpow number="0.5864600159876076"/>
            <fprob>0.0</fprob>
        </actor>
        <actor name="D0N43">
            <wcet number="0">10</wcet>
            <wcet number="1">40</wcet>
            <maxpow number="0.5320657457722275"/>
            <maxpow number="0.5320657457722275"/>
            <fprob>0.0</fprob>
        </actor>
        <actor name="D0N12">
            <wcet number="0">20</wcet>
            <wcet number="1">30</wcet>
            <maxpow number="0.5493052317893217"/>
            <maxpow number="0.5493052317893217"/>
            <fprob>0.0</fprob>
        </actor>
        <actor name="D0N38">
            <wcet number="0">60</wcet>
            <wcet number="1">140</wcet>
            <maxpow number="0.3548268508977601"/>
            <maxpow number="0.3548268508977601"/>
            <fprob>0.0</fprob>
        </actor>
        <actor name="D0N20">
            <wcet number="0">10</wcet>
            <wcet number="1">20</wcet>
            <maxpow number="0.5274949137255125"/>
            <maxpow number="0.5274949137255125"/>
            <fprob>0.0</fprob>
        </actor>
        <actor name="D0N36">
            <wcet number="0">70</wcet>
            <wcet number="1">150</wcet>
            <maxpow number="0.26281404798716385"/>
            <maxpow number="0.26281404798716385"/>
            <fprob>0.0</fprob>
        </actor>
        <actor name="D0N47">
            <wcet number="0">60</wcet>
            <wcet number="1">60</wcet>
            <maxpow number="0.6171563593837252"/>
            <maxpow number="0.6171563593837252"/>
            <fprob>0.0</fprob>
        </actor>
        <actor name="D0N32">
            <wcet number="0">10</wcet>
            <wcet number="1">20</wcet>
            <maxpow number="0.38575779224499396"/>
            <maxpow number="0.38575779224499396"/>
            <fprob>0.0</fprob>
        </actor>
        <actor name="D0N6">
            <wcet number="0">10</wcet>
            <wcet number="1">50</wcet>
            <maxpow number="0.7196985620881076"/>
            <maxpow number="0.7196985620881076"/>
            <fprob>0.0</fprob>
        </actor>
        <actor name="D0N18">
            <wcet number="0">10</wcet>
            <wcet number="1">30</wcet>
            <maxpow number="0.489087603785093"/>
            <maxpow number="0.489087603785093"/>
            <fprob>0.0</fprob>
        </actor>
        <ports>
            <port dstActor="D0N42" name="p0" srcActor="D0N31"/>
            <port dstActor="D0N38" name="p1" srcActor="D0N31"/>
            <port dstActor="D0N37" name="p2" srcActor="D0N24"/>
            <port dstActor="D0N38" name="p3" srcActor="D0N24"/>
            <port dstActor="D0N28" name="p4" srcActor="D0N24"/>
            <port dstActor="D0N46" name="p5" srcActor="D0N40"/>
            <port dstActor="D0N47" name="p6" srcActor="D0N21"/>
            <port dstActor="D0N30" name="p7" srcActor="D0N21"/>
            <port dstActor="D0N27" name="p8" srcActor="D0N21"/>
            <port dstActor="D0N33" name="p9" srcActor="D0N21"/>
            <port dstActor="D0N36" name="p10" srcActor="D0N21"/>
            <port dstActor="D0N30" name="p11" srcActor="D0N16"/>
            <port dstActor="D0N28" name="p12" srcActor="D0N16"/>
            <port dstActor="D0N29" name="p13" srcActor="D0N16"/>
            <port dstActor="D0N21" name="p14" srcActor="D0N2"/>
            <port dstActor="D0N29" name="p15" srcActor="D0N23"/>
            <port dstActor="D0N45" name="p16" srcActor="D0N23"/>
            <port dstActor="D0N39" name="p17" srcActor="D0N23"/>
            <port dstActor="D0N26" name="p18" srcActor="D0N1"/>
            <port dstActor="D0N44" name="p19" srcActor="D0N1"/>
            <port dstActor="D0N29" name="p20" srcActor="D0N1"/>
            <port dstActor="D0N20" name="p21" srcActor="D0N1"/>
            <port dstActor="D0N6" name="p22" srcActor="D0N1"/>
            <port dstActor="D0N28" name="p23" srcActor="D0N1"/>
            <port dstActor="D0N37" name="p24" srcActor="D0N34"/>
            <port dstActor="D0N38" name="p25" srcActor="D0N34"/>
            <port dstActor="D0N19" name="p26" srcActor="D0N0"/>
            <port dstActor="D0N20" name="p27" srcActor="D0N0"/>
            <port dstActor="D0N11" name="p28" srcActor="D0N0"/>
            <port dstActor="D0N32" name="p29" srcActor="D0N0"/>
            <port dstActor="D0N42" name="p30" srcActor="D0N0"/>
            <port dstActor="D0N36" name="p31" srcActor="D0N28"/>
            <port dstActor="D0N37" name="p32" srcActor="D0N28"/>
            <port dstActor="D0N47" name="p33" srcActor="D0N3"/>
            <port dstActor="D0N9" name="p34" srcActor="D0N3"/>
            <port dstActor="D0N32" name="p35" srcActor="D0N3"/>
            <port dstActor="D0N33" name="p36" srcActor="D0N17"/>
            <port dstActor="D0N37" name="p37" srcActor="D0N17"/>
            <port dstActor="D0N39" name="p38" srcActor="D0N17"/>
            <port dstActor="D0N37" name="p39" srcActor="D0N35"/>
            <port dstActor="D0N18" name="p40" srcActor="D0N8"/>
            <port dstActor="D0N23" name="p41" srcActor="D0N8"/>
            <port dstActor="D0N45" name="p42" srcActor="D0N8"/>
            <port dstActor="D0N22" name="p43" srcActor="D0N8"/>
            <port dstActor="D0N34" name="p44" srcActor="D0N26"/>
            <port dstActor="D0N26" name="p45" srcActor="D0N25"/>
            <port dstActor="D0N41" name="p46" srcActor="D0N25"/>
            <port dstActor="D0N29" name="p47" srcActor="D0N25"/>
            <port dstActor="D0N20" name="p48" srcActor="D0N9"/>
            <port dstActor="D0N46" name="p49" srcActor="D0N9"/>
            <port dstActor="D0N45" name="p50" srcActor="D0N9"/>
            <port dstActor="D0N31" name="p51" srcActor="D0N19"/>
            <port dstActor="D0N33" name="p52" srcActor="D0N19"/>
            <port dstActor="D0N47" name="p53" srcActor="D0N19"/>
            <port dstActor="D0N43" name="p54" srcActor="D0N19"/>
            <port dstActor="D0N45" name="p55" srcActor="D0N14"/>
            <port dstActor="D0N40" name="p56" srcActor="D0N14"/>
            <port dstActor="D0N24" name="p57" srcActor="D0N14"/>
            <port dstActor="D0N39" name="p58" srcActor="D0N33"/>
            <port dstActor="D0N25" name="p59" srcActor="D0N4"/>
            <port dstActor="D0N39" name="p60" srcActor="D0N4"/>
            <port dstActor="D0N9" name="p61" srcActor="D0N4"/>
            <port dstActor="D0N23" name="p62" srcActor="D0N4"/>
            <port dstActor="D0N18" name="p63" srcActor="D0N4"/>
            <port dstActor="D0N46" name="p64" srcActor="D0N27"/>
            <port dstActor="D0N47" name="p65" srcActor="D0N27"/>
            <port dstActor="D0N45" name="p66" srcActor="D0N27"/>
            <port dstActor="D0N45" name="p67" srcActor="D0N13"/>
            <port dstActor="D0N24" name="p68" srcActor="D0N13"/>
            <port dstActor="D0N23" name="p69" srcActor="D0N13"/>
            <port dstActor="D0N31" name="p70" srcActor="D0N22"/>
            <port dstActor="D0N43" name="p71" srcActor="D0N22"/>
            <port dstActor="D0N24" name="p72" srcActor="D0N22"/>
            <port dstActor="D0N41" name="p73" srcActor="D0N22"/>
            <port dstActor="D0N29" name="p74" srcActor="D0N10"/>
            <port dstActor="D0N35" name="p75" srcActor="D0N10"/>
            <port dstActor="D0N28" name="p76" srcActor="D0N10"/>
            <port dstActor="D0N47" name="p77" srcActor="D0N10"/>
            <port dstActor="D0N33" name="p78" srcActor="D0N10"/>
            <port dstActor="D0N30" name="p79" srcActor="D0N10"/>
            <port dstActor="D0N44" name="p80" srcActor="D0N37"/>
            <port dstActor="D0N41" name="p81" srcActor="D0N11"/>
            <port dstActor="D0N42" name="p82" srcActor="D0N11"/>
            <port dstActor="D0N31" name="p83" srcActor="D0N11"/>
            <port dstActor="D0N33" name="p84" srcActor="D0N11"/>
            <port dstActor="D0N29" name="p85" srcActor="D0N5"/>
            <port dstActor="D0N39" name="p86" srcActor="D0N5"/>
            <port dstActor="D0N45" name="p87" srcActor="D0N5"/>
            <port dstActor="D0N46" name="p88" srcActor="D0N5"/>
            <port dstActor="D0N9" name="p89" srcActor="D0N5"/>
            <port dstActor="D0N28" name="p90" srcActor="D0N5"/>
            <port dstActor="D0N40" name="p91" srcActor="D0N5"/>
            <port dstActor="D0N30" name="p92" srcActor="D0N15"/>
            <port dstActor="D0N18" name="p93" srcActor="D0N7"/>
            <port dstActor="D0N25" name="p94" srcActor="D0N7"/>
            <port dstActor="D0N38" name="p95" srcActor="D0N7"/>
            <port dstActor="D0N46" name="p96" srcActor="D0N7"/>
            <port dstActor="D0N36" name="p97" srcActor="D0N7"/>
            <port dstActor="D0N34" name="p98" srcActor="D0N7"/>
            <port dstActor="D0N45" name="p99" srcActor="D0N43"/>
            <port dstActor="D0N47" name="p100" srcActor="D0N43"/>
            <port dstActor="D0N20" name="p101" srcActor="D0N12"/>
            <port dstActor="D0N40" name="p102" srcActor="D0N12"/>
            <port dstActor="D0N22" name="p103" srcActor="D0N12"/>
            <port dstActor="D0N29" name="p104" srcActor="D0N12"/>
            <port dstActor="D0N39" name="p105" srcActor="D0N12"/>
            <port dstActor="D0N45" name="p106" srcActor="D0N38"/>
            <port dstActor="D0N41" name="p107" srcActor="D0N38"/>
            <port dstActor="D0N39" name="p108" srcActor="D0N38"/>
            <port dstActor="D0N41" name="p109" srcActor="D0N20"/>
            <port dstActor="D0N22" name="p110" srcActor="D0N20"/>
            <port dstActor="D0N46" name="p111" srcActor="D0N36"/>
            <port dstActor="D0N42" name="p112" srcActor="D0N36"/>
            <port dstActor="D0N42" name="p113" srcActor="D0N32"/>
            <port dstActor="D0N19" name="p114" srcActor="D0N6"/>
            <port dstActor="D0N46" name="p115" srcActor="D0N6"/>
            <port dstActor="D0N43" name="p116" srcActor="D0N6"/>
            <port dstActor="D0N19" name="p117" srcActor="D0N18"/>
            <port dstActor="D0N41" name="p118" srcActor="D0N18"/>
            <port dstActor="D0N31" name="p119" srcActor="D0N18"/>
            <port dstActor="D0N27" name="p120" srcActor="D0N18"/>
        </ports>
    </mcdag>
    <cores number="3"/>
    <levels number="2"/>
</mcsystem>
