<?xml version="1.0" encoding="UTF-8" standalone="no"?>
<mcsystem>
    <mcdag deadline="5000" name="genned-0-ed-10.0-0">
        <actor name="D0N28">
            <wcet number="0">10</wcet>
            <wcet number="1">120</wcet>
            <maxpow number="0.5405795018357394"/>
            <maxpow number="0.5405795018357394"/>
            <fprob>0.0</fprob>
        </actor>
        <actor name="D0N39">
            <wcet number="0">170</wcet>
            <wcet number="1">170</wcet>
            <maxpow number="0.5724015293202623"/>
            <maxpow number="0.5724015293202623"/>
            <fprob>0.0</fprob>
        </actor>
        <actor name="D0N9">
            <wcet number="0">10</wcet>
            <wcet number="1">360</wcet>
            <maxpow number="0.5838028585466883"/>
            <maxpow number="0.5838028585466883"/>
            <fprob>0.0</fprob>
        </actor>
        <actor name="D0N31">
            <wcet number="0">350</wcet>
            <wcet number="1">530</wcet>
            <maxpow number="0.7442492109688099"/>
            <maxpow number="0.7442492109688099"/>
            <fprob>0.0</fprob>
        </actor>
        <actor name="D0N22">
            <wcet number="0">50</wcet>
            <wcet number="1">50</wcet>
            <maxpow number="0.4145512165527846"/>
            <maxpow number="0.4145512165527846"/>
            <fprob>0.0</fprob>
        </actor>
        <actor name="D0N45">
            <wcet number="0">250</wcet>
            <wcet number="1">260</wcet>
            <maxpow number="0.45996858797375517"/>
            <maxpow number="0.45996858797375517"/>
            <fprob>0.0</fprob>
        </actor>
        <actor name="D0N10">
            <wcet number="0">70</wcet>
            <wcet number="1">90</wcet>
            <maxpow number="0.5676833666606941"/>
            <maxpow number="0.5676833666606941"/>
            <fprob>0.0</fprob>
        </actor>
        <actor name="D0N46">
            <wcet number="0">40</wcet>
            <wcet number="1">180</wcet>
            <maxpow number="0.6431325704340176"/>
            <maxpow number="0.6431325704340176"/>
            <fprob>0.0</fprob>
        </actor>
        <actor name="D0N21">
            <wcet number="0">120</wcet>
            <wcet number="1">470</wcet>
            <maxpow number="0.34026326249589206"/>
            <maxpow number="0.34026326249589206"/>
            <fprob>0.0</fprob>
        </actor>
        <actor name="D0N11">
            <wcet number="0">10</wcet>
            <wcet number="1">20</wcet>
            <maxpow number="0.23180769790206396"/>
            <maxpow number="0.23180769790206396"/>
            <fprob>0.0</fprob>
        </actor>
        <actor name="D0N47">
            <wcet number="0">90</wcet>
            <wcet number="1">100</wcet>
            <maxpow number="0.5726841167876495"/>
            <maxpow number="0.5726841167876495"/>
            <fprob>0.0</fprob>
        </actor>
        <actor name="D0N1">
            <wcet number="0">20</wcet>
            <wcet number="1">20</wcet>
            <maxpow number="0.40220503584627554"/>
            <maxpow number="0.40220503584627554"/>
            <fprob>0.0</fprob>
        </actor>
        <actor name="D0N12">
            <wcet number="0">40</wcet>
            <wcet number="1">120</wcet>
            <maxpow number="0.9240140785800739"/>
            <maxpow number="0.9240140785800739"/>
            <fprob>0.0</fprob>
        </actor>
        <actor name="D0N8">
            <wcet number="0">140</wcet>
            <wcet number="1">240</wcet>
            <maxpow number="0.6650593529920984"/>
            <maxpow number="0.6650593529920984"/>
            <fprob>0.0</fprob>
        </actor>
        <actor name="D0N48">
            <wcet number="0">10</wcet>
            <wcet number="1">10</wcet>
            <maxpow number="0.7236820267854268"/>
            <maxpow number="0.7236820267854268"/>
            <fprob>0.0</fprob>
        </actor>
        <actor name="D0N30">
            <wcet number="0">10</wcet>
            <wcet number="1">10</wcet>
            <maxpow number="0.8202154007449035"/>
            <maxpow number="0.8202154007449035"/>
            <fprob>0.0</fprob>
        </actor>
        <actor name="D0N23">
            <wcet number="0">60</wcet>
            <wcet number="1">180</wcet>
            <maxpow number="0.370936142272845"/>
            <maxpow number="0.370936142272845"/>
            <fprob>0.0</fprob>
        </actor>
        <actor name="D0N36">
            <wcet number="0">30</wcet>
            <wcet number="1">60</wcet>
            <maxpow number="0.5927701681384144"/>
            <maxpow number="0.5927701681384144"/>
            <fprob>0.0</fprob>
        </actor>
        <actor name="D0N18">
            <wcet number="0">140</wcet>
            <wcet number="1">230</wcet>
            <maxpow number="0.6428361448435973"/>
            <maxpow number="0.6428361448435973"/>
            <fprob>0.0</fprob>
        </actor>
        <actor name="D0N35">
            <wcet number="0">60</wcet>
            <wcet number="1">90</wcet>
            <maxpow number="0.26678172727532984"/>
            <maxpow number="0.26678172727532984"/>
            <fprob>0.0</fprob>
        </actor>
        <actor name="D0N15">
            <wcet number="0">10</wcet>
            <wcet number="1">10</wcet>
            <maxpow number="0.48464582267857537"/>
            <maxpow number="0.48464582267857537"/>
            <fprob>0.0</fprob>
        </actor>
        <actor name="D0N17">
            <wcet number="0">190</wcet>
            <wcet number="1">220</wcet>
            <maxpow number="0.8564917345100436"/>
            <maxpow number="0.8564917345100436"/>
            <fprob>0.0</fprob>
        </actor>
        <actor name="D0N29">
            <wcet number="0">1180</wcet>
            <wcet number="1">1500</wcet>
            <maxpow number="0.9061538677675594"/>
            <maxpow number="0.9061538677675594"/>
            <fprob>0.0</fprob>
        </actor>
        <actor name="D0N41">
            <wcet number="0">10</wcet>
            <wcet number="1">20</wcet>
            <maxpow number="0.399887489489404"/>
            <maxpow number="0.399887489489404"/>
            <fprob>0.0</fprob>
        </actor>
        <actor name="D0N6">
            <wcet number="0">630</wcet>
            <wcet number="1">690</wcet>
            <maxpow number="0.6443428725818193"/>
            <maxpow number="0.6443428725818193"/>
            <fprob>0.0</fprob>
        </actor>
        <actor name="D0N26">
            <wcet number="0">40</wcet>
            <wcet number="1">60</wcet>
            <maxpow number="0.4383198355806475"/>
            <maxpow number="0.4383198355806475"/>
            <fprob>0.0</fprob>
        </actor>
        <actor name="D0N24">
            <wcet number="0">140</wcet>
            <wcet number="1">220</wcet>
            <maxpow number="0.550212449830251"/>
            <maxpow number="0.550212449830251"/>
            <fprob>0.0</fprob>
        </actor>
        <actor name="D0N40">
            <wcet number="0">20</wcet>
            <wcet number="1">60</wcet>
            <maxpow number="0.5382875511002513"/>
            <maxpow number="0.5382875511002513"/>
            <fprob>0.0</fprob>
        </actor>
        <actor name="D0N2">
            <wcet number="0">50</wcet>
            <wcet number="1">60</wcet>
            <maxpow number="0.7010426394011999"/>
            <maxpow number="0.7010426394011999"/>
            <fprob>0.0</fprob>
        </actor>
        <actor name="D0N14">
            <wcet number="0">170</wcet>
            <wcet number="1">360</wcet>
            <maxpow number="0.45927131693512235"/>
            <maxpow number="0.45927131693512235"/>
            <fprob>0.0</fprob>
        </actor>
        <actor name="D0N5">
            <wcet number="0">40</wcet>
            <wcet number="1">40</wcet>
            <maxpow number="0.4137273424357414"/>
            <maxpow number="0.4137273424357414"/>
            <fprob>0.0</fprob>
        </actor>
        <actor name="D0N34">
            <wcet number="0">60</wcet>
            <wcet number="1">120</wcet>
            <maxpow number="0.7023576154329654"/>
            <maxpow number="0.7023576154329654"/>
            <fprob>0.0</fprob>
        </actor>
        <actor name="D0N20">
            <wcet number="0">170</wcet>
            <wcet number="1">230</wcet>
            <maxpow number="0.3722405194350449"/>
            <maxpow number="0.3722405194350449"/>
            <fprob>0.0</fprob>
        </actor>
        <actor name="D0N43">
            <wcet number="0">200</wcet>
            <wcet number="1">200</wcet>
            <maxpow number="0.7495781887698917"/>
            <maxpow number="0.7495781887698917"/>
            <fprob>0.0</fprob>
        </actor>
        <actor name="D0N38">
            <wcet number="0">10</wcet>
            <wcet number="1">50</wcet>
            <maxpow number="0.3081504299595671"/>
            <maxpow number="0.3081504299595671"/>
            <fprob>0.0</fprob>
        </actor>
        <actor name="D0N0">
            <wcet number="0">650</wcet>
            <wcet number="1">760</wcet>
            <maxpow number="0.8257603600690945"/>
            <maxpow number="0.8257603600690945"/>
            <fprob>0.0</fprob>
        </actor>
        <actor name="D0N42">
            <wcet number="0">90</wcet>
            <wcet number="1">210</wcet>
            <maxpow number="0.7726546440940378"/>
            <maxpow number="0.7726546440940378"/>
            <fprob>0.0</fprob>
        </actor>
        <actor name="D0N44">
            <wcet number="0">90</wcet>
            <wcet number="1">90</wcet>
            <maxpow number="0.4346389680212276"/>
            <maxpow number="0.4346389680212276"/>
            <fprob>0.0</fprob>
        </actor>
        <actor name="D0N3">
            <wcet number="0">10</wcet>
            <wcet number="1">10</wcet>
            <maxpow number="0.5472488949620551"/>
            <maxpow number="0.5472488949620551"/>
            <fprob>0.0</fprob>
        </actor>
        <actor name="D0N37">
            <wcet number="0">80</wcet>
            <wcet number="1">100</wcet>
            <maxpow number="0.21743904787984247"/>
            <maxpow number="0.21743904787984247"/>
            <fprob>0.0</fprob>
        </actor>
        <actor name="D0N33">
            <wcet number="0">170</wcet>
            <wcet number="1">210</wcet>
            <maxpow number="0.12024856142179013"/>
            <maxpow number="0.12024856142179013"/>
            <fprob>0.0</fprob>
        </actor>
        <actor name="D0N25">
            <wcet number="0">60</wcet>
            <wcet number="1">420</wcet>
            <maxpow number="0.49982203883577236"/>
            <maxpow number="0.49982203883577236"/>
            <fprob>0.0</fprob>
        </actor>
        <actor name="D0N32">
            <wcet number="0">620</wcet>
            <wcet number="1">720</wcet>
            <maxpow number="0.6834918869132576"/>
            <maxpow number="0.6834918869132576"/>
            <fprob>0.0</fprob>
        </actor>
        <actor name="D0N7">
            <wcet number="0">20</wcet>
            <wcet number="1">80</wcet>
            <maxpow number="0.1494536376432517"/>
            <maxpow number="0.1494536376432517"/>
            <fprob>0.0</fprob>
        </actor>
        <actor name="D0N4">
            <wcet number="0">230</wcet>
            <wcet number="1">560</wcet>
            <maxpow number="1.0153720827749362"/>
            <maxpow number="1.0153720827749362"/>
            <fprob>0.0</fprob>
        </actor>
        <actor name="D0N19">
            <wcet number="0">30</wcet>
            <wcet number="1">150</wcet>
            <maxpow number="0.5655072748368338"/>
            <maxpow number="0.5655072748368338"/>
            <fprob>0.0</fprob>
        </actor>
        <actor name="D0N13">
            <wcet number="0">40</wcet>
            <wcet number="1">70</wcet>
            <maxpow number="0.5804063385863257"/>
            <maxpow number="0.5804063385863257"/>
            <fprob>0.0</fprob>
        </actor>
        <actor name="D0N16">
            <wcet number="0">10</wcet>
            <wcet number="1">10</wcet>
            <maxpow number="0.8610404203685889"/>
            <maxpow number="0.8610404203685889"/>
            <fprob>0.0</fprob>
        </actor>
        <actor name="D0N27">
            <wcet number="0">210</wcet>
            <wcet number="1">460</wcet>
            <maxpow number="0.6145293585324442"/>
            <maxpow number="0.6145293585324442"/>
            <fprob>0.0</fprob>
        </actor>
        <ports>
            <port dstActor="D0N42" name="p0" srcActor="D0N28"/>
            <port dstActor="D0N48" name="p1" srcActor="D0N28"/>
            <port dstActor="D0N44" name="p2" srcActor="D0N39"/>
            <port dstActor="D0N40" name="p3" srcActor="D0N39"/>
            <port dstActor="D0N45" name="p4" srcActor="D0N39"/>
            <port dstActor="D0N38" name="p5" srcActor="D0N9"/>
            <port dstActor="D0N20" name="p6" srcActor="D0N9"/>
            <port dstActor="D0N13" name="p7" srcActor="D0N9"/>
            <port dstActor="D0N14" name="p8" srcActor="D0N9"/>
            <port dstActor="D0N33" name="p9" srcActor="D0N31"/>
            <port dstActor="D0N38" name="p10" srcActor="D0N31"/>
            <port dstActor="D0N42" name="p11" srcActor="D0N22"/>
            <port dstActor="D0N38" name="p12" srcActor="D0N22"/>
            <port dstActor="D0N26" name="p13" srcActor="D0N22"/>
            <port dstActor="D0N47" name="p14" srcActor="D0N22"/>
            <port dstActor="D0N31" name="p15" srcActor="D0N22"/>
            <port dstActor="D0N44" name="p16" srcActor="D0N22"/>
            <port dstActor="D0N46" name="p17" srcActor="D0N45"/>
            <port dstActor="D0N47" name="p18" srcActor="D0N10"/>
            <port dstActor="D0N41" name="p19" srcActor="D0N10"/>
            <port dstActor="D0N27" name="p20" srcActor="D0N10"/>
            <port dstActor="D0N23" name="p21" srcActor="D0N21"/>
            <port dstActor="D0N38" name="p22" srcActor="D0N21"/>
            <port dstActor="D0N41" name="p23" srcActor="D0N11"/>
            <port dstActor="D0N32" name="p24" srcActor="D0N11"/>
            <port dstActor="D0N16" name="p25" srcActor="D0N11"/>
            <port dstActor="D0N15" name="p26" srcActor="D0N11"/>
            <port dstActor="D0N30" name="p27" srcActor="D0N1"/>
            <port dstActor="D0N35" name="p28" srcActor="D0N1"/>
            <port dstActor="D0N29" name="p29" srcActor="D0N1"/>
            <port dstActor="D0N3" name="p30" srcActor="D0N1"/>
            <port dstActor="D0N14" name="p31" srcActor="D0N1"/>
            <port dstActor="D0N23" name="p32" srcActor="D0N1"/>
            <port dstActor="D0N10" name="p33" srcActor="D0N1"/>
            <port dstActor="D0N39" name="p34" srcActor="D0N12"/>
            <port dstActor="D0N25" name="p35" srcActor="D0N12"/>
            <port dstActor="D0N26" name="p36" srcActor="D0N12"/>
            <port dstActor="D0N37" name="p37" srcActor="D0N12"/>
            <port dstActor="D0N29" name="p38" srcActor="D0N8"/>
            <port dstActor="D0N38" name="p39" srcActor="D0N8"/>
            <port dstActor="D0N48" name="p40" srcActor="D0N8"/>
            <port dstActor="D0N32" name="p41" srcActor="D0N30"/>
            <port dstActor="D0N40" name="p42" srcActor="D0N23"/>
            <port dstActor="D0N43" name="p43" srcActor="D0N36"/>
            <port dstActor="D0N19" name="p44" srcActor="D0N15"/>
            <port dstActor="D0N21" name="p45" srcActor="D0N15"/>
            <port dstActor="D0N19" name="p46" srcActor="D0N17"/>
            <port dstActor="D0N33" name="p47" srcActor="D0N17"/>
            <port dstActor="D0N36" name="p48" srcActor="D0N17"/>
            <port dstActor="D0N44" name="p49" srcActor="D0N17"/>
            <port dstActor="D0N45" name="p50" srcActor="D0N29"/>
            <port dstActor="D0N44" name="p51" srcActor="D0N29"/>
            <port dstActor="D0N34" name="p52" srcActor="D0N29"/>
            <port dstActor="D0N43" name="p53" srcActor="D0N6"/>
            <port dstActor="D0N40" name="p54" srcActor="D0N26"/>
            <port dstActor="D0N41" name="p55" srcActor="D0N26"/>
            <port dstActor="D0N46" name="p56" srcActor="D0N26"/>
            <port dstActor="D0N39" name="p57" srcActor="D0N26"/>
            <port dstActor="D0N36" name="p58" srcActor="D0N26"/>
            <port dstActor="D0N33" name="p59" srcActor="D0N24"/>
            <port dstActor="D0N34" name="p60" srcActor="D0N24"/>
            <port dstActor="D0N26" name="p61" srcActor="D0N24"/>
            <port dstActor="D0N27" name="p62" srcActor="D0N24"/>
            <port dstActor="D0N22" name="p63" srcActor="D0N2"/>
            <port dstActor="D0N14" name="p64" srcActor="D0N2"/>
            <port dstActor="D0N40" name="p65" srcActor="D0N2"/>
            <port dstActor="D0N21" name="p66" srcActor="D0N2"/>
            <port dstActor="D0N48" name="p67" srcActor="D0N2"/>
            <port dstActor="D0N13" name="p68" srcActor="D0N2"/>
            <port dstActor="D0N17" name="p69" srcActor="D0N2"/>
            <port dstActor="D0N33" name="p70" srcActor="D0N14"/>
            <port dstActor="D0N26" name="p71" srcActor="D0N14"/>
            <port dstActor="D0N18" name="p72" srcActor="D0N14"/>
            <port dstActor="D0N27" name="p73" srcActor="D0N5"/>
            <port dstActor="D0N38" name="p74" srcActor="D0N5"/>
            <port dstActor="D0N37" name="p75" srcActor="D0N5"/>
            <port dstActor="D0N41" name="p76" srcActor="D0N5"/>
            <port dstActor="D0N22" name="p77" srcActor="D0N5"/>
            <port dstActor="D0N45" name="p78" srcActor="D0N34"/>
            <port dstActor="D0N41" name="p79" srcActor="D0N34"/>
            <port dstActor="D0N31" name="p80" srcActor="D0N20"/>
            <port dstActor="D0N45" name="p81" srcActor="D0N43"/>
            <port dstActor="D0N39" name="p82" srcActor="D0N38"/>
            <port dstActor="D0N48" name="p83" srcActor="D0N38"/>
            <port dstActor="D0N24" name="p84" srcActor="D0N0"/>
            <port dstActor="D0N36" name="p85" srcActor="D0N0"/>
            <port dstActor="D0N38" name="p86" srcActor="D0N0"/>
            <port dstActor="D0N48" name="p87" srcActor="D0N0"/>
            <port dstActor="D0N22" name="p88" srcActor="D0N0"/>
            <port dstActor="D0N42" name="p89" srcActor="D0N0"/>
            <port dstActor="D0N43" name="p90" srcActor="D0N42"/>
            <port dstActor="D0N37" name="p91" srcActor="D0N3"/>
            <port dstActor="D0N45" name="p92" srcActor="D0N3"/>
            <port dstActor="D0N22" name="p93" srcActor="D0N3"/>
            <port dstActor="D0N32" name="p94" srcActor="D0N3"/>
            <port dstActor="D0N10" name="p95" srcActor="D0N3"/>
            <port dstActor="D0N36" name="p96" srcActor="D0N3"/>
            <port dstActor="D0N13" name="p97" srcActor="D0N3"/>
            <port dstActor="D0N43" name="p98" srcActor="D0N37"/>
            <port dstActor="D0N38" name="p99" srcActor="D0N37"/>
            <port dstActor="D0N45" name="p100" srcActor="D0N37"/>
            <port dstActor="D0N35" name="p101" srcActor="D0N33"/>
            <port dstActor="D0N38" name="p102" srcActor="D0N25"/>
            <port dstActor="D0N30" name="p103" srcActor="D0N25"/>
            <port dstActor="D0N26" name="p104" srcActor="D0N25"/>
            <port dstActor="D0N41" name="p105" srcActor="D0N25"/>
            <port dstActor="D0N42" name="p106" srcActor="D0N32"/>
            <port dstActor="D0N33" name="p107" srcActor="D0N32"/>
            <port dstActor="D0N19" name="p108" srcActor="D0N7"/>
            <port dstActor="D0N38" name="p109" srcActor="D0N7"/>
            <port dstActor="D0N11" name="p110" srcActor="D0N4"/>
            <port dstActor="D0N21" name="p111" srcActor="D0N4"/>
            <port dstActor="D0N33" name="p112" srcActor="D0N4"/>
            <port dstActor="D0N27" name="p113" srcActor="D0N19"/>
            <port dstActor="D0N15" name="p114" srcActor="D0N13"/>
            <port dstActor="D0N37" name="p115" srcActor="D0N13"/>
            <port dstActor="D0N17" name="p116" srcActor="D0N16"/>
            <port dstActor="D0N40" name="p117" srcActor="D0N16"/>
            <port dstActor="D0N18" name="p118" srcActor="D0N16"/>
            <port dstActor="D0N42" name="p119" srcActor="D0N27"/>
        </ports>
    </mcdag>
    <cores number="3"/>
    <levels number="2"/>
</mcsystem>
