<?xml version="1.0" encoding="UTF-8" standalone="no"?>
<mcsystem>
    <mcdag deadline="1500" name="genned-0-ed-10.0-0">
        <actor name="D0N21">
            <wcet number="0">10</wcet>
            <wcet number="1">50</wcet>
            <maxpow number="0.375446884877203"/>
            <maxpow number="0.375446884877203"/>
            <fprob>0.0</fprob>
        </actor>
        <actor name="D0N14">
            <wcet number="0">10</wcet>
            <wcet number="1">10</wcet>
            <maxpow number="0.5758506493110953"/>
            <maxpow number="0.5758506493110953"/>
            <fprob>0.0</fprob>
        </actor>
        <actor name="D0N15">
            <wcet number="0">20</wcet>
            <wcet number="1">40</wcet>
            <maxpow number="0.7558469766644955"/>
            <maxpow number="0.7558469766644955"/>
            <fprob>0.0</fprob>
        </actor>
        <actor name="D0N1">
            <wcet number="0">10</wcet>
            <wcet number="1">10</wcet>
            <maxpow number="0.6969457364891195"/>
            <maxpow number="0.6969457364891195"/>
            <fprob>0.0</fprob>
        </actor>
        <actor name="D0N42">
            <wcet number="0">20</wcet>
            <wcet number="1">110</wcet>
            <maxpow number="0.6043222989130849"/>
            <maxpow number="0.6043222989130849"/>
            <fprob>0.0</fprob>
        </actor>
        <actor name="D0N36">
            <wcet number="0">80</wcet>
            <wcet number="1">90</wcet>
            <maxpow number="0.2877786331222185"/>
            <maxpow number="0.2877786331222185"/>
            <fprob>0.0</fprob>
        </actor>
        <actor name="D0N20">
            <wcet number="0">10</wcet>
            <wcet number="1">10</wcet>
            <maxpow number="0.6676136417710312"/>
            <maxpow number="0.6676136417710312"/>
            <fprob>0.0</fprob>
        </actor>
        <actor name="D0N26">
            <wcet number="0">170</wcet>
            <wcet number="1">210</wcet>
            <maxpow number="0.5488360778299083"/>
            <maxpow number="0.5488360778299083"/>
            <fprob>0.0</fprob>
        </actor>
        <actor name="D0N12">
            <wcet number="0">30</wcet>
            <wcet number="1">80</wcet>
            <maxpow number="0.534908810047192"/>
            <maxpow number="0.534908810047192"/>
            <fprob>0.0</fprob>
        </actor>
        <actor name="D0N9">
            <wcet number="0">50</wcet>
            <wcet number="1">110</wcet>
            <maxpow number="0.4417941931193066"/>
            <maxpow number="0.4417941931193066"/>
            <fprob>0.0</fprob>
        </actor>
        <actor name="D0N10">
            <wcet number="0">180</wcet>
            <wcet number="1">210</wcet>
            <maxpow number="0.6114209348396703"/>
            <maxpow number="0.6114209348396703"/>
            <fprob>0.0</fprob>
        </actor>
        <actor name="D0N41">
            <wcet number="0">40</wcet>
            <wcet number="1">60</wcet>
            <maxpow number="0.2777358721560366"/>
            <maxpow number="0.2777358721560366"/>
            <fprob>0.0</fprob>
        </actor>
        <actor name="D0N43">
            <wcet number="0">10</wcet>
            <wcet number="1">20</wcet>
            <maxpow number="0.4654695566046763"/>
            <maxpow number="0.4654695566046763"/>
            <fprob>0.0</fprob>
        </actor>
        <actor name="D0N34">
            <wcet number="0">30</wcet>
            <wcet number="1">30</wcet>
            <maxpow number="0.4663623631217828"/>
            <maxpow number="0.4663623631217828"/>
            <fprob>0.0</fprob>
        </actor>
        <actor name="D0N31">
            <wcet number="0">20</wcet>
            <wcet number="1">20</wcet>
            <maxpow number="0.5308140136801651"/>
            <maxpow number="0.5308140136801651"/>
            <fprob>0.0</fprob>
        </actor>
        <actor name="D0N37">
            <wcet number="0">40</wcet>
            <wcet number="1">50</wcet>
            <maxpow number="0.48863972357563756"/>
            <maxpow number="0.48863972357563756"/>
            <fprob>0.0</fprob>
        </actor>
        <actor name="D0N44">
            <wcet number="0">10</wcet>
            <wcet number="1">120</wcet>
            <maxpow number="0.4944802526304614"/>
            <maxpow number="0.4944802526304614"/>
            <fprob>0.0</fprob>
        </actor>
        <actor name="D0N27">
            <wcet number="0">100</wcet>
            <wcet number="1">120</wcet>
            <maxpow number="0.36894780393068094"/>
            <maxpow number="0.36894780393068094"/>
            <fprob>0.0</fprob>
        </actor>
        <actor name="D0N35">
            <wcet number="0">40</wcet>
            <wcet number="1">60</wcet>
            <maxpow number="0.6157564941240128"/>
            <maxpow number="0.6157564941240128"/>
            <fprob>0.0</fprob>
        </actor>
        <actor name="D0N6">
            <wcet number="0">10</wcet>
            <wcet number="1">40</wcet>
            <maxpow number="0.6229703151185567"/>
            <maxpow number="0.6229703151185567"/>
            <fprob>0.0</fprob>
        </actor>
        <actor name="D0N25">
            <wcet number="0">10</wcet>
            <wcet number="1">10</wcet>
            <maxpow number="0.5678389892943589"/>
            <maxpow number="0.5678389892943589"/>
            <fprob>0.0</fprob>
        </actor>
        <actor name="D0N18">
            <wcet number="0">30</wcet>
            <wcet number="1">70</wcet>
            <maxpow number="0.7326278383070322"/>
            <maxpow number="0.7326278383070322"/>
            <fprob>0.0</fprob>
        </actor>
        <actor name="D0N22">
            <wcet number="0">60</wcet>
            <wcet number="1">250</wcet>
            <maxpow number="0.6031549446967415"/>
            <maxpow number="0.6031549446967415"/>
            <fprob>0.0</fprob>
        </actor>
        <actor name="D0N24">
            <wcet number="0">150</wcet>
            <wcet number="1">180</wcet>
            <maxpow number="0.28960316494665433"/>
            <maxpow number="0.28960316494665433"/>
            <fprob>0.0</fprob>
        </actor>
        <actor name="D0N3">
            <wcet number="0">80</wcet>
            <wcet number="1">180</wcet>
            <maxpow number="0.7194072944820407"/>
            <maxpow number="0.7194072944820407"/>
            <fprob>0.0</fprob>
        </actor>
        <actor name="D0N39">
            <wcet number="0">40</wcet>
            <wcet number="1">70</wcet>
            <maxpow number="0.5580373703216466"/>
            <maxpow number="0.5580373703216466"/>
            <fprob>0.0</fprob>
        </actor>
        <actor name="D0N38">
            <wcet number="0">10</wcet>
            <wcet number="1">20</wcet>
            <maxpow number="0.6262424570976463"/>
            <maxpow number="0.6262424570976463"/>
            <fprob>0.0</fprob>
        </actor>
        <actor name="D0N17">
            <wcet number="0">10</wcet>
            <wcet number="1">30</wcet>
            <maxpow number="0.8434482919261455"/>
            <maxpow number="0.8434482919261455"/>
            <fprob>0.0</fprob>
        </actor>
        <actor name="D0N23">
            <wcet number="0">100</wcet>
            <wcet number="1">260</wcet>
            <maxpow number="0.5043029929075951"/>
            <maxpow number="0.5043029929075951"/>
            <fprob>0.0</fprob>
        </actor>
        <actor name="D0N40">
            <wcet number="0">10</wcet>
            <wcet number="1">10</wcet>
            <maxpow number="0.3664657278348783"/>
            <maxpow number="0.3664657278348783"/>
            <fprob>0.0</fprob>
        </actor>
        <actor name="D0N32">
            <wcet number="0">30</wcet>
            <wcet number="1">80</wcet>
            <maxpow number="0.26504395890318116"/>
            <maxpow number="0.26504395890318116"/>
            <fprob>0.0</fprob>
        </actor>
        <actor name="D0N28">
            <wcet number="0">90</wcet>
            <wcet number="1">260</wcet>
            <maxpow number="0.36444336110227465"/>
            <maxpow number="0.36444336110227465"/>
            <fprob>0.0</fprob>
        </actor>
        <actor name="D0N30">
            <wcet number="0">90</wcet>
            <wcet number="1">250</wcet>
            <maxpow number="0.6713613361201491"/>
            <maxpow number="0.6713613361201491"/>
            <fprob>0.0</fprob>
        </actor>
        <actor name="D0N13">
            <wcet number="0">20</wcet>
            <wcet number="1">30</wcet>
            <maxpow number="0.49125890586486287"/>
            <maxpow number="0.49125890586486287"/>
            <fprob>0.0</fprob>
        </actor>
        <actor name="D0N7">
            <wcet number="0">10</wcet>
            <wcet number="1">20</wcet>
            <maxpow number="0.5168277407625109"/>
            <maxpow number="0.5168277407625109"/>
            <fprob>0.0</fprob>
        </actor>
        <actor name="D0N11">
            <wcet number="0">110</wcet>
            <wcet number="1">170</wcet>
            <maxpow number="0.5297364905391742"/>
            <maxpow number="0.5297364905391742"/>
            <fprob>0.0</fprob>
        </actor>
        <actor name="D0N29">
            <wcet number="0">10</wcet>
            <wcet number="1">60</wcet>
            <maxpow number="0.5764852755410659"/>
            <maxpow number="0.5764852755410659"/>
            <fprob>0.0</fprob>
        </actor>
        <actor name="D0N16">
            <wcet number="0">20</wcet>
            <wcet number="1">60</wcet>
            <maxpow number="0.7835383141895825"/>
            <maxpow number="0.7835383141895825"/>
            <fprob>0.0</fprob>
        </actor>
        <actor name="D0N5">
            <wcet number="0">10</wcet>
            <wcet number="1">120</wcet>
            <maxpow number="0.5488271938938135"/>
            <maxpow number="0.5488271938938135"/>
            <fprob>0.0</fprob>
        </actor>
        <actor name="D0N0">
            <wcet number="0">100</wcet>
            <wcet number="1">110</wcet>
            <maxpow number="0.723285658921623"/>
            <maxpow number="0.723285658921623"/>
            <fprob>0.0</fprob>
        </actor>
        <actor name="D0N4">
            <wcet number="0">90</wcet>
            <wcet number="1">110</wcet>
            <maxpow number="0.45165472529700884"/>
            <maxpow number="0.45165472529700884"/>
            <fprob>0.0</fprob>
        </actor>
        <actor name="D0N19">
            <wcet number="0">10</wcet>
            <wcet number="1">10</wcet>
            <maxpow number="0.30099690408142865"/>
            <maxpow number="0.30099690408142865"/>
            <fprob>0.0</fprob>
        </actor>
        <actor name="D0N33">
            <wcet number="0">20</wcet>
            <wcet number="1">150</wcet>
            <maxpow number="0.4902577606491544"/>
            <maxpow number="0.4902577606491544"/>
            <fprob>0.0</fprob>
        </actor>
        <actor name="D0N45">
            <wcet number="0">50</wcet>
            <wcet number="1">90</wcet>
            <maxpow number="0.7139961413190898"/>
            <maxpow number="0.7139961413190898"/>
            <fprob>0.0</fprob>
        </actor>
        <actor name="D0N2">
            <wcet number="0">20</wcet>
            <wcet number="1">90</wcet>
            <maxpow number="0.5973812301675984"/>
            <maxpow number="0.5973812301675984"/>
            <fprob>0.0</fprob>
        </actor>
        <actor name="D0N8">
            <wcet number="0">40</wcet>
            <wcet number="1">60</wcet>
            <maxpow number="0.6204392666212013"/>
            <maxpow number="0.6204392666212013"/>
            <fprob>0.0</fprob>
        </actor>
        <ports>
            <port dstActor="D0N40" name="p0" srcActor="D0N21"/>
            <port dstActor="D0N45" name="p1" srcActor="D0N21"/>
            <port dstActor="D0N39" name="p2" srcActor="D0N21"/>
            <port dstActor="D0N22" name="p3" srcActor="D0N14"/>
            <port dstActor="D0N38" name="p4" srcActor="D0N14"/>
            <port dstActor="D0N42" name="p5" srcActor="D0N14"/>
            <port dstActor="D0N43" name="p6" srcActor="D0N14"/>
            <port dstActor="D0N21" name="p7" srcActor="D0N14"/>
            <port dstActor="D0N35" name="p8" srcActor="D0N15"/>
            <port dstActor="D0N39" name="p9" srcActor="D0N15"/>
            <port dstActor="D0N34" name="p10" srcActor="D0N15"/>
            <port dstActor="D0N14" name="p11" srcActor="D0N1"/>
            <port dstActor="D0N22" name="p12" srcActor="D0N1"/>
            <port dstActor="D0N36" name="p13" srcActor="D0N1"/>
            <port dstActor="D0N3" name="p14" srcActor="D0N1"/>
            <port dstActor="D0N42" name="p15" srcActor="D0N1"/>
            <port dstActor="D0N35" name="p16" srcActor="D0N1"/>
            <port dstActor="D0N20" name="p17" srcActor="D0N1"/>
            <port dstActor="D0N45" name="p18" srcActor="D0N36"/>
            <port dstActor="D0N37" name="p19" srcActor="D0N36"/>
            <port dstActor="D0N45" name="p20" srcActor="D0N20"/>
            <port dstActor="D0N42" name="p21" srcActor="D0N20"/>
            <port dstActor="D0N30" name="p22" srcActor="D0N26"/>
            <port dstActor="D0N43" name="p23" srcActor="D0N26"/>
            <port dstActor="D0N27" name="p24" srcActor="D0N26"/>
            <port dstActor="D0N29" name="p25" srcActor="D0N26"/>
            <port dstActor="D0N13" name="p26" srcActor="D0N12"/>
            <port dstActor="D0N44" name="p27" srcActor="D0N12"/>
            <port dstActor="D0N39" name="p28" srcActor="D0N12"/>
            <port dstActor="D0N14" name="p29" srcActor="D0N9"/>
            <port dstActor="D0N42" name="p30" srcActor="D0N9"/>
            <port dstActor="D0N26" name="p31" srcActor="D0N9"/>
            <port dstActor="D0N34" name="p32" srcActor="D0N9"/>
            <port dstActor="D0N33" name="p33" srcActor="D0N10"/>
            <port dstActor="D0N41" name="p34" srcActor="D0N34"/>
            <port dstActor="D0N38" name="p35" srcActor="D0N31"/>
            <port dstActor="D0N44" name="p36" srcActor="D0N37"/>
            <port dstActor="D0N45" name="p37" srcActor="D0N27"/>
            <port dstActor="D0N23" name="p38" srcActor="D0N6"/>
            <port dstActor="D0N19" name="p39" srcActor="D0N6"/>
            <port dstActor="D0N7" name="p40" srcActor="D0N6"/>
            <port dstActor="D0N45" name="p41" srcActor="D0N6"/>
            <port dstActor="D0N24" name="p42" srcActor="D0N6"/>
            <port dstActor="D0N30" name="p43" srcActor="D0N25"/>
            <port dstActor="D0N39" name="p44" srcActor="D0N18"/>
            <port dstActor="D0N28" name="p45" srcActor="D0N18"/>
            <port dstActor="D0N29" name="p46" srcActor="D0N18"/>
            <port dstActor="D0N43" name="p47" srcActor="D0N18"/>
            <port dstActor="D0N30" name="p48" srcActor="D0N22"/>
            <port dstActor="D0N31" name="p49" srcActor="D0N22"/>
            <port dstActor="D0N32" name="p50" srcActor="D0N22"/>
            <port dstActor="D0N28" name="p51" srcActor="D0N22"/>
            <port dstActor="D0N32" name="p52" srcActor="D0N3"/>
            <port dstActor="D0N31" name="p53" srcActor="D0N3"/>
            <port dstActor="D0N28" name="p54" srcActor="D0N3"/>
            <port dstActor="D0N42" name="p55" srcActor="D0N3"/>
            <port dstActor="D0N16" name="p56" srcActor="D0N3"/>
            <port dstActor="D0N45" name="p57" srcActor="D0N38"/>
            <port dstActor="D0N18" name="p58" srcActor="D0N17"/>
            <port dstActor="D0N36" name="p59" srcActor="D0N17"/>
            <port dstActor="D0N27" name="p60" srcActor="D0N17"/>
            <port dstActor="D0N33" name="p61" srcActor="D0N23"/>
            <port dstActor="D0N34" name="p62" srcActor="D0N23"/>
            <port dstActor="D0N38" name="p63" srcActor="D0N23"/>
            <port dstActor="D0N44" name="p64" srcActor="D0N40"/>
            <port dstActor="D0N44" name="p65" srcActor="D0N32"/>
            <port dstActor="D0N36" name="p66" srcActor="D0N32"/>
            <port dstActor="D0N40" name="p67" srcActor="D0N28"/>
            <port dstActor="D0N45" name="p68" srcActor="D0N28"/>
            <port dstActor="D0N30" name="p69" srcActor="D0N28"/>
            <port dstActor="D0N45" name="p70" srcActor="D0N30"/>
            <port dstActor="D0N39" name="p71" srcActor="D0N30"/>
            <port dstActor="D0N35" name="p72" srcActor="D0N30"/>
            <port dstActor="D0N40" name="p73" srcActor="D0N30"/>
            <port dstActor="D0N44" name="p74" srcActor="D0N13"/>
            <port dstActor="D0N16" name="p75" srcActor="D0N13"/>
            <port dstActor="D0N24" name="p76" srcActor="D0N13"/>
            <port dstActor="D0N43" name="p77" srcActor="D0N13"/>
            <port dstActor="D0N37" name="p78" srcActor="D0N7"/>
            <port dstActor="D0N13" name="p79" srcActor="D0N11"/>
            <port dstActor="D0N36" name="p80" srcActor="D0N11"/>
            <port dstActor="D0N40" name="p81" srcActor="D0N11"/>
            <port dstActor="D0N26" name="p82" srcActor="D0N16"/>
            <port dstActor="D0N32" name="p83" srcActor="D0N16"/>
            <port dstActor="D0N35" name="p84" srcActor="D0N16"/>
            <port dstActor="D0N43" name="p85" srcActor="D0N16"/>
            <port dstActor="D0N26" name="p86" srcActor="D0N5"/>
            <port dstActor="D0N43" name="p87" srcActor="D0N5"/>
            <port dstActor="D0N45" name="p88" srcActor="D0N0"/>
            <port dstActor="D0N9" name="p89" srcActor="D0N4"/>
            <port dstActor="D0N44" name="p90" srcActor="D0N4"/>
            <port dstActor="D0N42" name="p91" srcActor="D0N4"/>
            <port dstActor="D0N40" name="p92" srcActor="D0N19"/>
            <port dstActor="D0N25" name="p93" srcActor="D0N19"/>
            <port dstActor="D0N37" name="p94" srcActor="D0N19"/>
            <port dstActor="D0N15" name="p95" srcActor="D0N2"/>
            <port dstActor="D0N28" name="p96" srcActor="D0N2"/>
            <port dstActor="D0N20" name="p97" srcActor="D0N2"/>
            <port dstActor="D0N21" name="p98" srcActor="D0N2"/>
            <port dstActor="D0N14" name="p99" srcActor="D0N2"/>
            <port dstActor="D0N24" name="p100" srcActor="D0N2"/>
            <port dstActor="D0N5" name="p101" srcActor="D0N2"/>
            <port dstActor="D0N22" name="p102" srcActor="D0N2"/>
            <port dstActor="D0N44" name="p103" srcActor="D0N2"/>
            <port dstActor="D0N21" name="p104" srcActor="D0N8"/>
            <port dstActor="D0N38" name="p105" srcActor="D0N8"/>
            <port dstActor="D0N13" name="p106" srcActor="D0N8"/>
            <port dstActor="D0N43" name="p107" srcActor="D0N8"/>
        </ports>
    </mcdag>
    <cores number="3"/>
    <levels number="2"/>
</mcsystem>
