<?xml version="1.0" encoding="UTF-8" standalone="no"?>
<mcsystem>
    <mcdag deadline="1200" name="genned-0-ed-10.0-0">
        <actor name="D0N43">
            <wcet number="0">20</wcet>
            <wcet number="1">30</wcet>
            <maxpow number="0.42551545129683055"/>
            <maxpow number="0.42551545129683055"/>
            <fprob>0.0</fprob>
        </actor>
        <actor name="D0N7">
            <wcet number="0">30</wcet>
            <wcet number="1">50</wcet>
            <maxpow number="0.8256852755003488"/>
            <maxpow number="0.8256852755003488"/>
            <fprob>0.0</fprob>
        </actor>
        <actor name="D0N37">
            <wcet number="0">40</wcet>
            <wcet number="1">60</wcet>
            <maxpow number="0.6277112712187878"/>
            <maxpow number="0.6277112712187878"/>
            <fprob>0.0</fprob>
        </actor>
        <actor name="D0N32">
            <wcet number="0">30</wcet>
            <wcet number="1">80</wcet>
            <maxpow number="0.6337941437748789"/>
            <maxpow number="0.6337941437748789"/>
            <fprob>0.0</fprob>
        </actor>
        <actor name="D0N17">
            <wcet number="0">40</wcet>
            <wcet number="1">50</wcet>
            <maxpow number="0.42731227084055756"/>
            <maxpow number="0.42731227084055756"/>
            <fprob>0.0</fprob>
        </actor>
        <actor name="D0N42">
            <wcet number="0">90</wcet>
            <wcet number="1">270</wcet>
            <maxpow number="0.3525147810353447"/>
            <maxpow number="0.3525147810353447"/>
            <fprob>0.0</fprob>
        </actor>
        <actor name="D0N35">
            <wcet number="0">10</wcet>
            <wcet number="1">10</wcet>
            <maxpow number="0.6482542156099315"/>
            <maxpow number="0.6482542156099315"/>
            <fprob>0.0</fprob>
        </actor>
        <actor name="D0N18">
            <wcet number="0">40</wcet>
            <wcet number="1">50</wcet>
            <maxpow number="0.6756845008990098"/>
            <maxpow number="0.6756845008990098"/>
            <fprob>0.0</fprob>
        </actor>
        <actor name="D0N25">
            <wcet number="0">350</wcet>
            <wcet number="1">400</wcet>
            <maxpow number="0.5775178616573614"/>
            <maxpow number="0.5775178616573614"/>
            <fprob>0.0</fprob>
        </actor>
        <actor name="D0N10">
            <wcet number="0">170</wcet>
            <wcet number="1">190</wcet>
            <maxpow number="0.4598268486830677"/>
            <maxpow number="0.4598268486830677"/>
            <fprob>0.0</fprob>
        </actor>
        <actor name="D0N14">
            <wcet number="0">30</wcet>
            <wcet number="1">30</wcet>
            <maxpow number="0.5691440801863256"/>
            <maxpow number="0.5691440801863256"/>
            <fprob>0.0</fprob>
        </actor>
        <actor name="D0N11">
            <wcet number="0">20</wcet>
            <wcet number="1">20</wcet>
            <maxpow number="0.47609433276408164"/>
            <maxpow number="0.47609433276408164"/>
            <fprob>0.0</fprob>
        </actor>
        <actor name="D0N19">
            <wcet number="0">20</wcet>
            <wcet number="1">30</wcet>
            <maxpow number="0.4833705024236844"/>
            <maxpow number="0.4833705024236844"/>
            <fprob>0.0</fprob>
        </actor>
        <actor name="D0N4">
            <wcet number="0">10</wcet>
            <wcet number="1">10</wcet>
            <maxpow number="0.7255397918614451"/>
            <maxpow number="0.7255397918614451"/>
            <fprob>0.0</fprob>
        </actor>
        <actor name="D0N6">
            <wcet number="0">10</wcet>
            <wcet number="1">30</wcet>
            <maxpow number="-0.03468548300617802"/>
            <maxpow number="-0.03468548300617802"/>
            <fprob>0.0</fprob>
        </actor>
        <actor name="D0N12">
            <wcet number="0">60</wcet>
            <wcet number="1">160</wcet>
            <maxpow number="0.5267782486163143"/>
            <maxpow number="0.5267782486163143"/>
            <fprob>0.0</fprob>
        </actor>
        <actor name="D0N8">
            <wcet number="0">20</wcet>
            <wcet number="1">20</wcet>
            <maxpow number="0.5983397960945341"/>
            <maxpow number="0.5983397960945341"/>
            <fprob>0.0</fprob>
        </actor>
        <actor name="D0N9">
            <wcet number="0">10</wcet>
            <wcet number="1">20</wcet>
            <maxpow number="0.40766742656993293"/>
            <maxpow number="0.40766742656993293"/>
            <fprob>0.0</fprob>
        </actor>
        <actor name="D0N33">
            <wcet number="0">10</wcet>
            <wcet number="1">50</wcet>
            <maxpow number="0.5702228266988237"/>
            <maxpow number="0.5702228266988237"/>
            <fprob>0.0</fprob>
        </actor>
        <actor name="D0N40">
            <wcet number="0">20</wcet>
            <wcet number="1">20</wcet>
            <maxpow number="0.4292604007695778"/>
            <maxpow number="0.4292604007695778"/>
            <fprob>0.0</fprob>
        </actor>
        <actor name="D0N45">
            <wcet number="0">10</wcet>
            <wcet number="1">10</wcet>
            <maxpow number="0.6166070130193078"/>
            <maxpow number="0.6166070130193078"/>
            <fprob>0.0</fprob>
        </actor>
        <actor name="D0N31">
            <wcet number="0">90</wcet>
            <wcet number="1">140</wcet>
            <maxpow number="0.5454799655125918"/>
            <maxpow number="0.5454799655125918"/>
            <fprob>0.0</fprob>
        </actor>
        <actor name="D0N38">
            <wcet number="0">10</wcet>
            <wcet number="1">70</wcet>
            <maxpow number="0.3958670142043286"/>
            <maxpow number="0.3958670142043286"/>
            <fprob>0.0</fprob>
        </actor>
        <actor name="D0N27">
            <wcet number="0">20</wcet>
            <wcet number="1">50</wcet>
            <maxpow number="0.7242040344192396"/>
            <maxpow number="0.7242040344192396"/>
            <fprob>0.0</fprob>
        </actor>
        <actor name="D0N1">
            <wcet number="0">10</wcet>
            <wcet number="1">10</wcet>
            <maxpow number="0.4293944501341949"/>
            <maxpow number="0.4293944501341949"/>
            <fprob>0.0</fprob>
        </actor>
        <actor name="D0N28">
            <wcet number="0">20</wcet>
            <wcet number="1">20</wcet>
            <maxpow number="0.7181197985309536"/>
            <maxpow number="0.7181197985309536"/>
            <fprob>0.0</fprob>
        </actor>
        <actor name="D0N5">
            <wcet number="0">30</wcet>
            <wcet number="1">40</wcet>
            <maxpow number="0.5930367789153362"/>
            <maxpow number="0.5930367789153362"/>
            <fprob>0.0</fprob>
        </actor>
        <actor name="D0N20">
            <wcet number="0">20</wcet>
            <wcet number="1">30</wcet>
            <maxpow number="0.1281448879267738"/>
            <maxpow number="0.1281448879267738"/>
            <fprob>0.0</fprob>
        </actor>
        <actor name="D0N34">
            <wcet number="0">10</wcet>
            <wcet number="1">10</wcet>
            <maxpow number="0.5848252202154852"/>
            <maxpow number="0.5848252202154852"/>
            <fprob>0.0</fprob>
        </actor>
        <actor name="D0N0">
            <wcet number="0">60</wcet>
            <wcet number="1">60</wcet>
            <maxpow number="0.5048793422391938"/>
            <maxpow number="0.5048793422391938"/>
            <fprob>0.0</fprob>
        </actor>
        <actor name="D0N15">
            <wcet number="0">30</wcet>
            <wcet number="1">30</wcet>
            <maxpow number="0.3044608352969611"/>
            <maxpow number="0.3044608352969611"/>
            <fprob>0.0</fprob>
        </actor>
        <actor name="D0N13">
            <wcet number="0">160</wcet>
            <wcet number="1">220</wcet>
            <maxpow number="0.40623967187587295"/>
            <maxpow number="0.40623967187587295"/>
            <fprob>0.0</fprob>
        </actor>
        <actor name="D0N26">
            <wcet number="0">50</wcet>
            <wcet number="1">130</wcet>
            <maxpow number="0.6608100601836395"/>
            <maxpow number="0.6608100601836395"/>
            <fprob>0.0</fprob>
        </actor>
        <actor name="D0N44">
            <wcet number="0">90</wcet>
            <wcet number="1">170</wcet>
            <maxpow number="0.4342267866776398"/>
            <maxpow number="0.4342267866776398"/>
            <fprob>0.0</fprob>
        </actor>
        <actor name="D0N30">
            <wcet number="0">10</wcet>
            <wcet number="1">30</wcet>
            <maxpow number="0.7225235533651608"/>
            <maxpow number="0.7225235533651608"/>
            <fprob>0.0</fprob>
        </actor>
        <actor name="D0N2">
            <wcet number="0">10</wcet>
            <wcet number="1">10</wcet>
            <maxpow number="0.5415199524852693"/>
            <maxpow number="0.5415199524852693"/>
            <fprob>0.0</fprob>
        </actor>
        <actor name="D0N3">
            <wcet number="0">10</wcet>
            <wcet number="1">10</wcet>
            <maxpow number="0.3497822000559955"/>
            <maxpow number="0.3497822000559955"/>
            <fprob>0.0</fprob>
        </actor>
        <actor name="D0N39">
            <wcet number="0">20</wcet>
            <wcet number="1">20</wcet>
            <maxpow number="0.525204206126016"/>
            <maxpow number="0.525204206126016"/>
            <fprob>0.0</fprob>
        </actor>
        <actor name="D0N23">
            <wcet number="0">80</wcet>
            <wcet number="1">120</wcet>
            <maxpow number="0.4576913467504915"/>
            <maxpow number="0.4576913467504915"/>
            <fprob>0.0</fprob>
        </actor>
        <actor name="D0N24">
            <wcet number="0">20</wcet>
            <wcet number="1">50</wcet>
            <maxpow number="0.48899147821525923"/>
            <maxpow number="0.48899147821525923"/>
            <fprob>0.0</fprob>
        </actor>
        <actor name="D0N21">
            <wcet number="0">20</wcet>
            <wcet number="1">30</wcet>
            <maxpow number="0.408991614740019"/>
            <maxpow number="0.408991614740019"/>
            <fprob>0.0</fprob>
        </actor>
        <actor name="D0N22">
            <wcet number="0">10</wcet>
            <wcet number="1">10</wcet>
            <maxpow number="0.6802347857268215"/>
            <maxpow number="0.6802347857268215"/>
            <fprob>0.0</fprob>
        </actor>
        <actor name="D0N16">
            <wcet number="0">30</wcet>
            <wcet number="1">50</wcet>
            <maxpow number="0.8277006469958372"/>
            <maxpow number="0.8277006469958372"/>
            <fprob>0.0</fprob>
        </actor>
        <actor name="D0N29">
            <wcet number="0">80</wcet>
            <wcet number="1">110</wcet>
            <maxpow number="0.7880739775544566"/>
            <maxpow number="0.7880739775544566"/>
            <fprob>0.0</fprob>
        </actor>
        <actor name="D0N36">
            <wcet number="0">50</wcet>
            <wcet number="1">80</wcet>
            <maxpow number="0.35473943377962497"/>
            <maxpow number="0.35473943377962497"/>
            <fprob>0.0</fprob>
        </actor>
        <actor name="D0N41">
            <wcet number="0">10</wcet>
            <wcet number="1">30</wcet>
            <maxpow number="0.8137792616243336"/>
            <maxpow number="0.8137792616243336"/>
            <fprob>0.0</fprob>
        </actor>
        <ports>
            <port dstActor="D0N32" name="p0" srcActor="D0N7"/>
            <port dstActor="D0N44" name="p1" srcActor="D0N37"/>
            <port dstActor="D0N44" name="p2" srcActor="D0N35"/>
            <port dstActor="D0N20" name="p3" srcActor="D0N18"/>
            <port dstActor="D0N39" name="p4" srcActor="D0N18"/>
            <port dstActor="D0N32" name="p5" srcActor="D0N25"/>
            <port dstActor="D0N23" name="p6" srcActor="D0N10"/>
            <port dstActor="D0N19" name="p7" srcActor="D0N10"/>
            <port dstActor="D0N35" name="p8" srcActor="D0N10"/>
            <port dstActor="D0N30" name="p9" srcActor="D0N10"/>
            <port dstActor="D0N14" name="p10" srcActor="D0N10"/>
            <port dstActor="D0N25" name="p11" srcActor="D0N14"/>
            <port dstActor="D0N16" name="p12" srcActor="D0N14"/>
            <port dstActor="D0N44" name="p13" srcActor="D0N14"/>
            <port dstActor="D0N37" name="p14" srcActor="D0N11"/>
            <port dstActor="D0N35" name="p15" srcActor="D0N11"/>
            <port dstActor="D0N39" name="p16" srcActor="D0N19"/>
            <port dstActor="D0N45" name="p17" srcActor="D0N4"/>
            <port dstActor="D0N11" name="p18" srcActor="D0N4"/>
            <port dstActor="D0N25" name="p19" srcActor="D0N4"/>
            <port dstActor="D0N17" name="p20" srcActor="D0N4"/>
            <port dstActor="D0N27" name="p21" srcActor="D0N6"/>
            <port dstActor="D0N40" name="p22" srcActor="D0N6"/>
            <port dstActor="D0N17" name="p23" srcActor="D0N6"/>
            <port dstActor="D0N22" name="p24" srcActor="D0N6"/>
            <port dstActor="D0N26" name="p25" srcActor="D0N12"/>
            <port dstActor="D0N44" name="p26" srcActor="D0N12"/>
            <port dstActor="D0N13" name="p27" srcActor="D0N12"/>
            <port dstActor="D0N34" name="p28" srcActor="D0N12"/>
            <port dstActor="D0N15" name="p29" srcActor="D0N8"/>
            <port dstActor="D0N11" name="p30" srcActor="D0N8"/>
            <port dstActor="D0N40" name="p31" srcActor="D0N8"/>
            <port dstActor="D0N42" name="p32" srcActor="D0N8"/>
            <port dstActor="D0N22" name="p33" srcActor="D0N8"/>
            <port dstActor="D0N28" name="p34" srcActor="D0N8"/>
            <port dstActor="D0N17" name="p35" srcActor="D0N8"/>
            <port dstActor="D0N36" name="p36" srcActor="D0N9"/>
            <port dstActor="D0N26" name="p37" srcActor="D0N9"/>
            <port dstActor="D0N43" name="p38" srcActor="D0N9"/>
            <port dstActor="D0N40" name="p39" srcActor="D0N9"/>
            <port dstActor="D0N42" name="p40" srcActor="D0N9"/>
            <port dstActor="D0N23" name="p41" srcActor="D0N9"/>
            <port dstActor="D0N43" name="p42" srcActor="D0N40"/>
            <port dstActor="D0N33" name="p43" srcActor="D0N31"/>
            <port dstActor="D0N40" name="p44" srcActor="D0N31"/>
            <port dstActor="D0N44" name="p45" srcActor="D0N31"/>
            <port dstActor="D0N39" name="p46" srcActor="D0N27"/>
            <port dstActor="D0N33" name="p47" srcActor="D0N27"/>
            <port dstActor="D0N21" name="p48" srcActor="D0N1"/>
            <port dstActor="D0N37" name="p49" srcActor="D0N1"/>
            <port dstActor="D0N41" name="p50" srcActor="D0N1"/>
            <port dstActor="D0N14" name="p51" srcActor="D0N1"/>
            <port dstActor="D0N39" name="p52" srcActor="D0N1"/>
            <port dstActor="D0N29" name="p53" srcActor="D0N1"/>
            <port dstActor="D0N7" name="p54" srcActor="D0N1"/>
            <port dstActor="D0N45" name="p55" srcActor="D0N1"/>
            <port dstActor="D0N45" name="p56" srcActor="D0N28"/>
            <port dstActor="D0N17" name="p57" srcActor="D0N5"/>
            <port dstActor="D0N40" name="p58" srcActor="D0N5"/>
            <port dstActor="D0N9" name="p59" srcActor="D0N5"/>
            <port dstActor="D0N20" name="p60" srcActor="D0N5"/>
            <port dstActor="D0N39" name="p61" srcActor="D0N5"/>
            <port dstActor="D0N43" name="p62" srcActor="D0N20"/>
            <port dstActor="D0N45" name="p63" srcActor="D0N34"/>
            <port dstActor="D0N33" name="p64" srcActor="D0N0"/>
            <port dstActor="D0N1" name="p65" srcActor="D0N0"/>
            <port dstActor="D0N43" name="p66" srcActor="D0N15"/>
            <port dstActor="D0N31" name="p67" srcActor="D0N15"/>
            <port dstActor="D0N32" name="p68" srcActor="D0N15"/>
            <port dstActor="D0N37" name="p69" srcActor="D0N13"/>
            <port dstActor="D0N21" name="p70" srcActor="D0N13"/>
            <port dstActor="D0N31" name="p71" srcActor="D0N30"/>
            <port dstActor="D0N10" name="p72" srcActor="D0N2"/>
            <port dstActor="D0N35" name="p73" srcActor="D0N2"/>
            <port dstActor="D0N32" name="p74" srcActor="D0N2"/>
            <port dstActor="D0N31" name="p75" srcActor="D0N2"/>
            <port dstActor="D0N6" name="p76" srcActor="D0N2"/>
            <port dstActor="D0N10" name="p77" srcActor="D0N3"/>
            <port dstActor="D0N40" name="p78" srcActor="D0N39"/>
            <port dstActor="D0N45" name="p79" srcActor="D0N39"/>
            <port dstActor="D0N30" name="p80" srcActor="D0N23"/>
            <port dstActor="D0N25" name="p81" srcActor="D0N23"/>
            <port dstActor="D0N22" name="p82" srcActor="D0N21"/>
            <port dstActor="D0N23" name="p83" srcActor="D0N21"/>
            <port dstActor="D0N30" name="p84" srcActor="D0N21"/>
            <port dstActor="D0N45" name="p85" srcActor="D0N22"/>
            <port dstActor="D0N23" name="p86" srcActor="D0N22"/>
            <port dstActor="D0N38" name="p87" srcActor="D0N16"/>
            <port dstActor="D0N25" name="p88" srcActor="D0N16"/>
            <port dstActor="D0N26" name="p89" srcActor="D0N16"/>
            <port dstActor="D0N40" name="p90" srcActor="D0N29"/>
            <port dstActor="D0N34" name="p91" srcActor="D0N29"/>
        </ports>
    </mcdag>
    <cores number="3"/>
    <levels number="2"/>
</mcsystem>
