<?xml version="1.0" encoding="UTF-8" standalone="no"?>
<mcsystem>
    <mcdag deadline="3000" name="genned-0-ed-10.0-0">
        <actor name="D0N15">
            <wcet number="0">10</wcet>
            <wcet number="1">80</wcet>
            <maxpow number="0.23250612758725864"/>
            <maxpow number="0.23250612758725864"/>
            <fprob>0.0</fprob>
        </actor>
        <actor name="D0N33">
            <wcet number="0">30</wcet>
            <wcet number="1">60</wcet>
            <maxpow number="0.7167894617426198"/>
            <maxpow number="0.7167894617426198"/>
            <fprob>0.0</fprob>
        </actor>
        <actor name="D0N12">
            <wcet number="0">80</wcet>
            <wcet number="1">180</wcet>
            <maxpow number="0.7339289002251722"/>
            <maxpow number="0.7339289002251722"/>
            <fprob>0.0</fprob>
        </actor>
        <actor name="D0N16">
            <wcet number="0">100</wcet>
            <wcet number="1">110</wcet>
            <maxpow number="0.7028207682053366"/>
            <maxpow number="0.7028207682053366"/>
            <fprob>0.0</fprob>
        </actor>
        <actor name="D0N23">
            <wcet number="0">340</wcet>
            <wcet number="1">490</wcet>
            <maxpow number="0.8282926907204089"/>
            <maxpow number="0.8282926907204089"/>
            <fprob>0.0</fprob>
        </actor>
        <actor name="D0N37">
            <wcet number="0">240</wcet>
            <wcet number="1">320</wcet>
            <maxpow number="0.2477393767147144"/>
            <maxpow number="0.2477393767147144"/>
            <fprob>0.0</fprob>
        </actor>
        <actor name="D0N32">
            <wcet number="0">10</wcet>
            <wcet number="1">140</wcet>
            <maxpow number="0.671055813131623"/>
            <maxpow number="0.671055813131623"/>
            <fprob>0.0</fprob>
        </actor>
        <actor name="D0N18">
            <wcet number="0">90</wcet>
            <wcet number="1">170</wcet>
            <maxpow number="0.3781880351426293"/>
            <maxpow number="0.3781880351426293"/>
            <fprob>0.0</fprob>
        </actor>
        <actor name="D0N27">
            <wcet number="0">20</wcet>
            <wcet number="1">20</wcet>
            <maxpow number="0.7763459862054292"/>
            <maxpow number="0.7763459862054292"/>
            <fprob>0.0</fprob>
        </actor>
        <actor name="D0N8">
            <wcet number="0">50</wcet>
            <wcet number="1">140</wcet>
            <maxpow number="0.7674990626398147"/>
            <maxpow number="0.7674990626398147"/>
            <fprob>0.0</fprob>
        </actor>
        <actor name="D0N3">
            <wcet number="0">170</wcet>
            <wcet number="1">240</wcet>
            <maxpow number="0.4761112615669635"/>
            <maxpow number="0.4761112615669635"/>
            <fprob>0.0</fprob>
        </actor>
        <actor name="D0N11">
            <wcet number="0">20</wcet>
            <wcet number="1">70</wcet>
            <maxpow number="0.9390387727337229"/>
            <maxpow number="0.9390387727337229"/>
            <fprob>0.0</fprob>
        </actor>
        <actor name="D0N1">
            <wcet number="0">110</wcet>
            <wcet number="1">120</wcet>
            <maxpow number="0.7512117622076953"/>
            <maxpow number="0.7512117622076953"/>
            <fprob>0.0</fprob>
        </actor>
        <actor name="D0N30">
            <wcet number="0">50</wcet>
            <wcet number="1">110</wcet>
            <maxpow number="0.4914641477514281"/>
            <maxpow number="0.4914641477514281"/>
            <fprob>0.0</fprob>
        </actor>
        <actor name="D0N7">
            <wcet number="0">10</wcet>
            <wcet number="1">80</wcet>
            <maxpow number="0.7211722964573339"/>
            <maxpow number="0.7211722964573339"/>
            <fprob>0.0</fprob>
        </actor>
        <actor name="D0N45">
            <wcet number="0">10</wcet>
            <wcet number="1">10</wcet>
            <maxpow number="0.27985166510841764"/>
            <maxpow number="0.27985166510841764"/>
            <fprob>0.0</fprob>
        </actor>
        <actor name="D0N10">
            <wcet number="0">30</wcet>
            <wcet number="1">90</wcet>
            <maxpow number="0.5733251519451716"/>
            <maxpow number="0.5733251519451716"/>
            <fprob>0.0</fprob>
        </actor>
        <actor name="D0N38">
            <wcet number="0">40</wcet>
            <wcet number="1">130</wcet>
            <maxpow number="0.8208606783381345"/>
            <maxpow number="0.8208606783381345"/>
            <fprob>0.0</fprob>
        </actor>
        <actor name="D0N43">
            <wcet number="0">190</wcet>
            <wcet number="1">420</wcet>
            <maxpow number="0.5012630208395301"/>
            <maxpow number="0.5012630208395301"/>
            <fprob>0.0</fprob>
        </actor>
        <actor name="D0N40">
            <wcet number="0">20</wcet>
            <wcet number="1">60</wcet>
            <maxpow number="0.49239956530902845"/>
            <maxpow number="0.49239956530902845"/>
            <fprob>0.0</fprob>
        </actor>
        <actor name="D0N13">
            <wcet number="0">20</wcet>
            <wcet number="1">40</wcet>
            <maxpow number="0.6708073187765357"/>
            <maxpow number="0.6708073187765357"/>
            <fprob>0.0</fprob>
        </actor>
        <actor name="D0N47">
            <wcet number="0">550</wcet>
            <wcet number="1">710</wcet>
            <maxpow number="0.6458187081586317"/>
            <maxpow number="0.6458187081586317"/>
            <fprob>0.0</fprob>
        </actor>
        <actor name="D0N42">
            <wcet number="0">70</wcet>
            <wcet number="1">90</wcet>
            <maxpow number="0.5763801457356839"/>
            <maxpow number="0.5763801457356839"/>
            <fprob>0.0</fprob>
        </actor>
        <actor name="D0N31">
            <wcet number="0">20</wcet>
            <wcet number="1">20</wcet>
            <maxpow number="0.4100158317278474"/>
            <maxpow number="0.4100158317278474"/>
            <fprob>0.0</fprob>
        </actor>
        <actor name="D0N35">
            <wcet number="0">110</wcet>
            <wcet number="1">150</wcet>
            <maxpow number="0.3510196238324873"/>
            <maxpow number="0.3510196238324873"/>
            <fprob>0.0</fprob>
        </actor>
        <actor name="D0N20">
            <wcet number="0">10</wcet>
            <wcet number="1">20</wcet>
            <maxpow number="0.27545357981131663"/>
            <maxpow number="0.27545357981131663"/>
            <fprob>0.0</fprob>
        </actor>
        <actor name="D0N4">
            <wcet number="0">280</wcet>
            <wcet number="1">310</wcet>
            <maxpow number="0.6472501001892834"/>
            <maxpow number="0.6472501001892834"/>
            <fprob>0.0</fprob>
        </actor>
        <actor name="D0N6">
            <wcet number="0">50</wcet>
            <wcet number="1">100</wcet>
            <maxpow number="0.3917644603444812"/>
            <maxpow number="0.3917644603444812"/>
            <fprob>0.0</fprob>
        </actor>
        <actor name="D0N21">
            <wcet number="0">10</wcet>
            <wcet number="1">50</wcet>
            <maxpow number="0.6207164575528469"/>
            <maxpow number="0.6207164575528469"/>
            <fprob>0.0</fprob>
        </actor>
        <actor name="D0N29">
            <wcet number="0">10</wcet>
            <wcet number="1">30</wcet>
            <maxpow number="0.18145051957084202"/>
            <maxpow number="0.18145051957084202"/>
            <fprob>0.0</fprob>
        </actor>
        <actor name="D0N41">
            <wcet number="0">120</wcet>
            <wcet number="1">120</wcet>
            <maxpow number="0.5426528782822144"/>
            <maxpow number="0.5426528782822144"/>
            <fprob>0.0</fprob>
        </actor>
        <actor name="D0N46">
            <wcet number="0">40</wcet>
            <wcet number="1">250</wcet>
            <maxpow number="0.164556378480271"/>
            <maxpow number="0.164556378480271"/>
            <fprob>0.0</fprob>
        </actor>
        <actor name="D0N24">
            <wcet number="0">10</wcet>
            <wcet number="1">20</wcet>
            <maxpow number="0.8313991435879409"/>
            <maxpow number="0.8313991435879409"/>
            <fprob>0.0</fprob>
        </actor>
        <actor name="D0N9">
            <wcet number="0">10</wcet>
            <wcet number="1">250</wcet>
            <maxpow number="0.4861568472936266"/>
            <maxpow number="0.4861568472936266"/>
            <fprob>0.0</fprob>
        </actor>
        <actor name="D0N14">
            <wcet number="0">10</wcet>
            <wcet number="1">280</wcet>
            <maxpow number="0.7435332736453194"/>
            <maxpow number="0.7435332736453194"/>
            <fprob>0.0</fprob>
        </actor>
        <actor name="D0N44">
            <wcet number="0">230</wcet>
            <wcet number="1">580</wcet>
            <maxpow number="0.42979679729875686"/>
            <maxpow number="0.42979679729875686"/>
            <fprob>0.0</fprob>
        </actor>
        <actor name="D0N5">
            <wcet number="0">10</wcet>
            <wcet number="1">10</wcet>
            <maxpow number="0.3246390689504819"/>
            <maxpow number="0.3246390689504819"/>
            <fprob>0.0</fprob>
        </actor>
        <actor name="D0N17">
            <wcet number="0">60</wcet>
            <wcet number="1">160</wcet>
            <maxpow number="0.5134844833775278"/>
            <maxpow number="0.5134844833775278"/>
            <fprob>0.0</fprob>
        </actor>
        <actor name="D0N36">
            <wcet number="0">80</wcet>
            <wcet number="1">80</wcet>
            <maxpow number="0.3469838345769889"/>
            <maxpow number="0.3469838345769889"/>
            <fprob>0.0</fprob>
        </actor>
        <actor name="D0N28">
            <wcet number="0">110</wcet>
            <wcet number="1">160</wcet>
            <maxpow number="0.45966515769510113"/>
            <maxpow number="0.45966515769510113"/>
            <fprob>0.0</fprob>
        </actor>
        <actor name="D0N26">
            <wcet number="0">30</wcet>
            <wcet number="1">160</wcet>
            <maxpow number="0.6947226855544291"/>
            <maxpow number="0.6947226855544291"/>
            <fprob>0.0</fprob>
        </actor>
        <actor name="D0N39">
            <wcet number="0">60</wcet>
            <wcet number="1">110</wcet>
            <maxpow number="0.3962190591405633"/>
            <maxpow number="0.3962190591405633"/>
            <fprob>0.0</fprob>
        </actor>
        <actor name="D0N2">
            <wcet number="0">30</wcet>
            <wcet number="1">30</wcet>
            <maxpow number="0.46196153966936293"/>
            <maxpow number="0.46196153966936293"/>
            <fprob>0.0</fprob>
        </actor>
        <actor name="D0N19">
            <wcet number="0">110</wcet>
            <wcet number="1">120</wcet>
            <maxpow number="0.571142169596191"/>
            <maxpow number="0.571142169596191"/>
            <fprob>0.0</fprob>
        </actor>
        <actor name="D0N0">
            <wcet number="0">90</wcet>
            <wcet number="1">200</wcet>
            <maxpow number="0.4697006928240722"/>
            <maxpow number="0.4697006928240722"/>
            <fprob>0.0</fprob>
        </actor>
        <actor name="D0N34">
            <wcet number="0">50</wcet>
            <wcet number="1">50</wcet>
            <maxpow number="0.4980882226898061"/>
            <maxpow number="0.4980882226898061"/>
            <fprob>0.0</fprob>
        </actor>
        <actor name="D0N25">
            <wcet number="0">20</wcet>
            <wcet number="1">50</wcet>
            <maxpow number="0.5830590895460344"/>
            <maxpow number="0.5830590895460344"/>
            <fprob>0.0</fprob>
        </actor>
        <actor name="D0N22">
            <wcet number="0">10</wcet>
            <wcet number="1">10</wcet>
            <maxpow number="0.5845348323400472"/>
            <maxpow number="0.5845348323400472"/>
            <fprob>0.0</fprob>
        </actor>
        <ports>
            <port dstActor="D0N17" name="p0" srcActor="D0N15"/>
            <port dstActor="D0N29" name="p1" srcActor="D0N15"/>
            <port dstActor="D0N44" name="p2" srcActor="D0N33"/>
            <port dstActor="D0N47" name="p3" srcActor="D0N33"/>
            <port dstActor="D0N16" name="p4" srcActor="D0N12"/>
            <port dstActor="D0N27" name="p5" srcActor="D0N12"/>
            <port dstActor="D0N18" name="p6" srcActor="D0N12"/>
            <port dstActor="D0N31" name="p7" srcActor="D0N12"/>
            <port dstActor="D0N17" name="p8" srcActor="D0N16"/>
            <port dstActor="D0N43" name="p9" srcActor="D0N16"/>
            <port dstActor="D0N44" name="p10" srcActor="D0N16"/>
            <port dstActor="D0N29" name="p11" srcActor="D0N16"/>
            <port dstActor="D0N30" name="p12" srcActor="D0N16"/>
            <port dstActor="D0N39" name="p13" srcActor="D0N23"/>
            <port dstActor="D0N45" name="p14" srcActor="D0N37"/>
            <port dstActor="D0N39" name="p15" srcActor="D0N37"/>
            <port dstActor="D0N43" name="p16" srcActor="D0N37"/>
            <port dstActor="D0N46" name="p17" srcActor="D0N32"/>
            <port dstActor="D0N38" name="p18" srcActor="D0N32"/>
            <port dstActor="D0N42" name="p19" srcActor="D0N32"/>
            <port dstActor="D0N34" name="p20" srcActor="D0N32"/>
            <port dstActor="D0N44" name="p21" srcActor="D0N18"/>
            <port dstActor="D0N46" name="p22" srcActor="D0N18"/>
            <port dstActor="D0N33" name="p23" srcActor="D0N18"/>
            <port dstActor="D0N42" name="p24" srcActor="D0N18"/>
            <port dstActor="D0N43" name="p25" srcActor="D0N27"/>
            <port dstActor="D0N30" name="p26" srcActor="D0N27"/>
            <port dstActor="D0N32" name="p27" srcActor="D0N8"/>
            <port dstActor="D0N23" name="p28" srcActor="D0N8"/>
            <port dstActor="D0N37" name="p29" srcActor="D0N8"/>
            <port dstActor="D0N6" name="p30" srcActor="D0N3"/>
            <port dstActor="D0N42" name="p31" srcActor="D0N3"/>
            <port dstActor="D0N41" name="p32" srcActor="D0N11"/>
            <port dstActor="D0N38" name="p33" srcActor="D0N11"/>
            <port dstActor="D0N42" name="p34" srcActor="D0N1"/>
            <port dstActor="D0N44" name="p35" srcActor="D0N1"/>
            <port dstActor="D0N33" name="p36" srcActor="D0N30"/>
            <port dstActor="D0N39" name="p37" srcActor="D0N30"/>
            <port dstActor="D0N35" name="p38" srcActor="D0N30"/>
            <port dstActor="D0N34" name="p39" srcActor="D0N30"/>
            <port dstActor="D0N36" name="p40" srcActor="D0N30"/>
            <port dstActor="D0N28" name="p41" srcActor="D0N7"/>
            <port dstActor="D0N47" name="p42" srcActor="D0N7"/>
            <port dstActor="D0N19" name="p43" srcActor="D0N7"/>
            <port dstActor="D0N17" name="p44" srcActor="D0N10"/>
            <port dstActor="D0N40" name="p45" srcActor="D0N10"/>
            <port dstActor="D0N45" name="p46" srcActor="D0N10"/>
            <port dstActor="D0N41" name="p47" srcActor="D0N38"/>
            <port dstActor="D0N45" name="p48" srcActor="D0N38"/>
            <port dstActor="D0N47" name="p49" srcActor="D0N38"/>
            <port dstActor="D0N45" name="p50" srcActor="D0N43"/>
            <port dstActor="D0N44" name="p51" srcActor="D0N40"/>
            <port dstActor="D0N15" name="p52" srcActor="D0N13"/>
            <port dstActor="D0N37" name="p53" srcActor="D0N13"/>
            <port dstActor="D0N21" name="p54" srcActor="D0N13"/>
            <port dstActor="D0N29" name="p55" srcActor="D0N13"/>
            <port dstActor="D0N30" name="p56" srcActor="D0N13"/>
            <port dstActor="D0N38" name="p57" srcActor="D0N13"/>
            <port dstActor="D0N39" name="p58" srcActor="D0N31"/>
            <port dstActor="D0N43" name="p59" srcActor="D0N31"/>
            <port dstActor="D0N38" name="p60" srcActor="D0N35"/>
            <port dstActor="D0N28" name="p61" srcActor="D0N20"/>
            <port dstActor="D0N36" name="p62" srcActor="D0N4"/>
            <port dstActor="D0N11" name="p63" srcActor="D0N4"/>
            <port dstActor="D0N38" name="p64" srcActor="D0N4"/>
            <port dstActor="D0N39" name="p65" srcActor="D0N6"/>
            <port dstActor="D0N8" name="p66" srcActor="D0N6"/>
            <port dstActor="D0N46" name="p67" srcActor="D0N6"/>
            <port dstActor="D0N26" name="p68" srcActor="D0N21"/>
            <port dstActor="D0N41" name="p69" srcActor="D0N21"/>
            <port dstActor="D0N36" name="p70" srcActor="D0N29"/>
            <port dstActor="D0N47" name="p71" srcActor="D0N46"/>
            <port dstActor="D0N29" name="p72" srcActor="D0N24"/>
            <port dstActor="D0N20" name="p73" srcActor="D0N9"/>
            <port dstActor="D0N34" name="p74" srcActor="D0N9"/>
            <port dstActor="D0N18" name="p75" srcActor="D0N9"/>
            <port dstActor="D0N42" name="p76" srcActor="D0N14"/>
            <port dstActor="D0N17" name="p77" srcActor="D0N14"/>
            <port dstActor="D0N31" name="p78" srcActor="D0N14"/>
            <port dstActor="D0N32" name="p79" srcActor="D0N5"/>
            <port dstActor="D0N27" name="p80" srcActor="D0N5"/>
            <port dstActor="D0N38" name="p81" srcActor="D0N5"/>
            <port dstActor="D0N12" name="p82" srcActor="D0N5"/>
            <port dstActor="D0N26" name="p83" srcActor="D0N17"/>
            <port dstActor="D0N34" name="p84" srcActor="D0N17"/>
            <port dstActor="D0N46" name="p85" srcActor="D0N36"/>
            <port dstActor="D0N31" name="p86" srcActor="D0N28"/>
            <port dstActor="D0N37" name="p87" srcActor="D0N26"/>
            <port dstActor="D0N23" name="p88" srcActor="D0N2"/>
            <port dstActor="D0N36" name="p89" srcActor="D0N2"/>
            <port dstActor="D0N10" name="p90" srcActor="D0N2"/>
            <port dstActor="D0N27" name="p91" srcActor="D0N2"/>
            <port dstActor="D0N42" name="p92" srcActor="D0N19"/>
            <port dstActor="D0N25" name="p93" srcActor="D0N19"/>
            <port dstActor="D0N38" name="p94" srcActor="D0N19"/>
            <port dstActor="D0N43" name="p95" srcActor="D0N19"/>
            <port dstActor="D0N21" name="p96" srcActor="D0N19"/>
            <port dstActor="D0N46" name="p97" srcActor="D0N0"/>
            <port dstActor="D0N14" name="p98" srcActor="D0N0"/>
            <port dstActor="D0N47" name="p99" srcActor="D0N34"/>
            <port dstActor="D0N40" name="p100" srcActor="D0N25"/>
            <port dstActor="D0N37" name="p101" srcActor="D0N25"/>
            <port dstActor="D0N38" name="p102" srcActor="D0N25"/>
            <port dstActor="D0N30" name="p103" srcActor="D0N25"/>
            <port dstActor="D0N40" name="p104" srcActor="D0N22"/>
            <port dstActor="D0N30" name="p105" srcActor="D0N22"/>
            <port dstActor="D0N28" name="p106" srcActor="D0N22"/>
        </ports>
    </mcdag>
    <cores number="3"/>
    <levels number="2"/>
</mcsystem>
