<?xml version="1.0" encoding="UTF-8" standalone="no"?>
<mcsystem>
    <mcdag deadline="2200" name="genned-0-ed-10.0-0">
        <actor name="D0N34">
            <wcet number="0">40</wcet>
            <wcet number="1">70</wcet>
            <maxpow number="0.4087925494305231"/>
            <maxpow number="0.4087925494305231"/>
            <fprob>0.0</fprob>
        </actor>
        <actor name="D0N7">
            <wcet number="0">20</wcet>
            <wcet number="1">40</wcet>
            <maxpow number="0.14536759020864176"/>
            <maxpow number="0.14536759020864176"/>
            <fprob>0.0</fprob>
        </actor>
        <actor name="D0N6">
            <wcet number="0">190</wcet>
            <wcet number="1">190</wcet>
            <maxpow number="0.4776114214670428"/>
            <maxpow number="0.4776114214670428"/>
            <fprob>0.0</fprob>
        </actor>
        <actor name="D0N42">
            <wcet number="0">100</wcet>
            <wcet number="1">150</wcet>
            <maxpow number="0.8421004337445706"/>
            <maxpow number="0.8421004337445706"/>
            <fprob>0.0</fprob>
        </actor>
        <actor name="D0N10">
            <wcet number="0">20</wcet>
            <wcet number="1">20</wcet>
            <maxpow number="0.5214934683791046"/>
            <maxpow number="0.5214934683791046"/>
            <fprob>0.0</fprob>
        </actor>
        <actor name="D0N19">
            <wcet number="0">10</wcet>
            <wcet number="1">90</wcet>
            <maxpow number="0.7021328494329098"/>
            <maxpow number="0.7021328494329098"/>
            <fprob>0.0</fprob>
        </actor>
        <actor name="D0N25">
            <wcet number="0">240</wcet>
            <wcet number="1">260</wcet>
            <maxpow number="0.32354406713421413"/>
            <maxpow number="0.32354406713421413"/>
            <fprob>0.0</fprob>
        </actor>
        <actor name="D0N32">
            <wcet number="0">130</wcet>
            <wcet number="1">160</wcet>
            <maxpow number="0.8355537530626652"/>
            <maxpow number="0.8355537530626652"/>
            <fprob>0.0</fprob>
        </actor>
        <actor name="D0N13">
            <wcet number="0">10</wcet>
            <wcet number="1">10</wcet>
            <maxpow number="0.4647090619886757"/>
            <maxpow number="0.4647090619886757"/>
            <fprob>0.0</fprob>
        </actor>
        <actor name="D0N18">
            <wcet number="0">10</wcet>
            <wcet number="1">40</wcet>
            <maxpow number="0.44007361326113587"/>
            <maxpow number="0.44007361326113587"/>
            <fprob>0.0</fprob>
        </actor>
        <actor name="D0N22">
            <wcet number="0">10</wcet>
            <wcet number="1">10</wcet>
            <maxpow number="0.62638504736398"/>
            <maxpow number="0.62638504736398"/>
            <fprob>0.0</fprob>
        </actor>
        <actor name="D0N31">
            <wcet number="0">20</wcet>
            <wcet number="1">180</wcet>
            <maxpow number="0.45971483590171913"/>
            <maxpow number="0.45971483590171913"/>
            <fprob>0.0</fprob>
        </actor>
        <actor name="D0N9">
            <wcet number="0">10</wcet>
            <wcet number="1">10</wcet>
            <maxpow number="0.6337815947457677"/>
            <maxpow number="0.6337815947457677"/>
            <fprob>0.0</fprob>
        </actor>
        <actor name="D0N16">
            <wcet number="0">170</wcet>
            <wcet number="1">200</wcet>
            <maxpow number="0.1746519097980509"/>
            <maxpow number="0.1746519097980509"/>
            <fprob>0.0</fprob>
        </actor>
        <actor name="D0N35">
            <wcet number="0">30</wcet>
            <wcet number="1">60</wcet>
            <maxpow number="0.508097015782158"/>
            <maxpow number="0.508097015782158"/>
            <fprob>0.0</fprob>
        </actor>
        <actor name="D0N23">
            <wcet number="0">10</wcet>
            <wcet number="1">20</wcet>
            <maxpow number="0.48235489748504223"/>
            <maxpow number="0.48235489748504223"/>
            <fprob>0.0</fprob>
        </actor>
        <actor name="D0N36">
            <wcet number="0">50</wcet>
            <wcet number="1">50</wcet>
            <maxpow number="0.48646185754295596"/>
            <maxpow number="0.48646185754295596"/>
            <fprob>0.0</fprob>
        </actor>
        <actor name="D0N38">
            <wcet number="0">60</wcet>
            <wcet number="1">60</wcet>
            <maxpow number="0.39741615194173"/>
            <maxpow number="0.39741615194173"/>
            <fprob>0.0</fprob>
        </actor>
        <actor name="D0N37">
            <wcet number="0">20</wcet>
            <wcet number="1">30</wcet>
            <maxpow number="0.567660508340516"/>
            <maxpow number="0.567660508340516"/>
            <fprob>0.0</fprob>
        </actor>
        <actor name="D0N24">
            <wcet number="0">10</wcet>
            <wcet number="1">30</wcet>
            <maxpow number="0.6359465825142985"/>
            <maxpow number="0.6359465825142985"/>
            <fprob>0.0</fprob>
        </actor>
        <actor name="D0N1">
            <wcet number="0">20</wcet>
            <wcet number="1">20</wcet>
            <maxpow number="0.718028787946579"/>
            <maxpow number="0.718028787946579"/>
            <fprob>0.0</fprob>
        </actor>
        <actor name="D0N0">
            <wcet number="0">80</wcet>
            <wcet number="1">110</wcet>
            <maxpow number="0.5477367291671488"/>
            <maxpow number="0.5477367291671488"/>
            <fprob>0.0</fprob>
        </actor>
        <actor name="D0N14">
            <wcet number="0">140</wcet>
            <wcet number="1">150</wcet>
            <maxpow number="0.38010067531748026"/>
            <maxpow number="0.38010067531748026"/>
            <fprob>0.0</fprob>
        </actor>
        <actor name="D0N17">
            <wcet number="0">40</wcet>
            <wcet number="1">40</wcet>
            <maxpow number="0.5440837316285807"/>
            <maxpow number="0.5440837316285807"/>
            <fprob>0.0</fprob>
        </actor>
        <actor name="D0N2">
            <wcet number="0">130</wcet>
            <wcet number="1">130</wcet>
            <maxpow number="0.408191104053783"/>
            <maxpow number="0.408191104053783"/>
            <fprob>0.0</fprob>
        </actor>
        <actor name="D0N28">
            <wcet number="0">10</wcet>
            <wcet number="1">10</wcet>
            <maxpow number="0.33215510191783704"/>
            <maxpow number="0.33215510191783704"/>
            <fprob>0.0</fprob>
        </actor>
        <actor name="D0N44">
            <wcet number="0">30</wcet>
            <wcet number="1">30</wcet>
            <maxpow number="0.6040179648072728"/>
            <maxpow number="0.6040179648072728"/>
            <fprob>0.0</fprob>
        </actor>
        <actor name="D0N29">
            <wcet number="0">20</wcet>
            <wcet number="1">40</wcet>
            <maxpow number="0.6715273281167398"/>
            <maxpow number="0.6715273281167398"/>
            <fprob>0.0</fprob>
        </actor>
        <actor name="D0N21">
            <wcet number="0">40</wcet>
            <wcet number="1">130</wcet>
            <maxpow number="0.5442089542577992"/>
            <maxpow number="0.5442089542577992"/>
            <fprob>0.0</fprob>
        </actor>
        <actor name="D0N20">
            <wcet number="0">40</wcet>
            <wcet number="1">110</wcet>
            <maxpow number="0.34621933311190256"/>
            <maxpow number="0.34621933311190256"/>
            <fprob>0.0</fprob>
        </actor>
        <actor name="D0N15">
            <wcet number="0">10</wcet>
            <wcet number="1">30</wcet>
            <maxpow number="0.5437976707246525"/>
            <maxpow number="0.5437976707246525"/>
            <fprob>0.0</fprob>
        </actor>
        <actor name="D0N43">
            <wcet number="0">40</wcet>
            <wcet number="1">140</wcet>
            <maxpow number="0.4897142287222154"/>
            <maxpow number="0.4897142287222154"/>
            <fprob>0.0</fprob>
        </actor>
        <actor name="D0N40">
            <wcet number="0">350</wcet>
            <wcet number="1">380</wcet>
            <maxpow number="0.6468063910108057"/>
            <maxpow number="0.6468063910108057"/>
            <fprob>0.0</fprob>
        </actor>
        <actor name="D0N3">
            <wcet number="0">10</wcet>
            <wcet number="1">10</wcet>
            <maxpow number="0.2846298028959015"/>
            <maxpow number="0.2846298028959015"/>
            <fprob>0.0</fprob>
        </actor>
        <actor name="D0N8">
            <wcet number="0">10</wcet>
            <wcet number="1">10</wcet>
            <maxpow number="0.7778412849178027"/>
            <maxpow number="0.7778412849178027"/>
            <fprob>0.0</fprob>
        </actor>
        <actor name="D0N30">
            <wcet number="0">10</wcet>
            <wcet number="1">90</wcet>
            <maxpow number="0.28324004517681756"/>
            <maxpow number="0.28324004517681756"/>
            <fprob>0.0</fprob>
        </actor>
        <actor name="D0N4">
            <wcet number="0">50</wcet>
            <wcet number="1">140</wcet>
            <maxpow number="0.44698842168034847"/>
            <maxpow number="0.44698842168034847"/>
            <fprob>0.0</fprob>
        </actor>
        <actor name="D0N12">
            <wcet number="0">140</wcet>
            <wcet number="1">150</wcet>
            <maxpow number="0.3757651290748397"/>
            <maxpow number="0.3757651290748397"/>
            <fprob>0.0</fprob>
        </actor>
        <actor name="D0N39">
            <wcet number="0">30</wcet>
            <wcet number="1">160</wcet>
            <maxpow number="0.5070072467415123"/>
            <maxpow number="0.5070072467415123"/>
            <fprob>0.0</fprob>
        </actor>
        <actor name="D0N33">
            <wcet number="0">80</wcet>
            <wcet number="1">100</wcet>
            <maxpow number="0.17635612927721667"/>
            <maxpow number="0.17635612927721667"/>
            <fprob>0.0</fprob>
        </actor>
        <actor name="D0N11">
            <wcet number="0">80</wcet>
            <wcet number="1">110</wcet>
            <maxpow number="0.5568693866391289"/>
            <maxpow number="0.5568693866391289"/>
            <fprob>0.0</fprob>
        </actor>
        <actor name="D0N5">
            <wcet number="0">10</wcet>
            <wcet number="1">20</wcet>
            <maxpow number="0.5257383202218113"/>
            <maxpow number="0.5257383202218113"/>
            <fprob>0.0</fprob>
        </actor>
        <actor name="D0N41">
            <wcet number="0">20</wcet>
            <wcet number="1">90</wcet>
            <maxpow number="0.5027121859426812"/>
            <maxpow number="0.5027121859426812"/>
            <fprob>0.0</fprob>
        </actor>
        <actor name="D0N26">
            <wcet number="0">290</wcet>
            <wcet number="1">350</wcet>
            <maxpow number="0.3136857491721485"/>
            <maxpow number="0.3136857491721485"/>
            <fprob>0.0</fprob>
        </actor>
        <actor name="D0N45">
            <wcet number="0">130</wcet>
            <wcet number="1">140</wcet>
            <maxpow number="0.4223733777474603"/>
            <maxpow number="0.4223733777474603"/>
            <fprob>0.0</fprob>
        </actor>
        <actor name="D0N27">
            <wcet number="0">30</wcet>
            <wcet number="1">30</wcet>
            <maxpow number="0.42234496195265053"/>
            <maxpow number="0.42234496195265053"/>
            <fprob>0.0</fprob>
        </actor>
        <ports>
            <port dstActor="D0N40" name="p0" srcActor="D0N34"/>
            <port dstActor="D0N27" name="p1" srcActor="D0N7"/>
            <port dstActor="D0N42" name="p2" srcActor="D0N7"/>
            <port dstActor="D0N33" name="p3" srcActor="D0N6"/>
            <port dstActor="D0N35" name="p4" srcActor="D0N6"/>
            <port dstActor="D0N40" name="p5" srcActor="D0N6"/>
            <port dstActor="D0N18" name="p6" srcActor="D0N6"/>
            <port dstActor="D0N14" name="p7" srcActor="D0N10"/>
            <port dstActor="D0N31" name="p8" srcActor="D0N10"/>
            <port dstActor="D0N32" name="p9" srcActor="D0N25"/>
            <port dstActor="D0N30" name="p10" srcActor="D0N25"/>
            <port dstActor="D0N39" name="p11" srcActor="D0N25"/>
            <port dstActor="D0N37" name="p12" srcActor="D0N32"/>
            <port dstActor="D0N42" name="p13" srcActor="D0N13"/>
            <port dstActor="D0N25" name="p14" srcActor="D0N13"/>
            <port dstActor="D0N23" name="p15" srcActor="D0N13"/>
            <port dstActor="D0N32" name="p16" srcActor="D0N13"/>
            <port dstActor="D0N38" name="p17" srcActor="D0N18"/>
            <port dstActor="D0N33" name="p18" srcActor="D0N22"/>
            <port dstActor="D0N36" name="p19" srcActor="D0N22"/>
            <port dstActor="D0N25" name="p20" srcActor="D0N22"/>
            <port dstActor="D0N41" name="p21" srcActor="D0N22"/>
            <port dstActor="D0N37" name="p22" srcActor="D0N31"/>
            <port dstActor="D0N34" name="p23" srcActor="D0N31"/>
            <port dstActor="D0N30" name="p24" srcActor="D0N9"/>
            <port dstActor="D0N18" name="p25" srcActor="D0N9"/>
            <port dstActor="D0N20" name="p26" srcActor="D0N9"/>
            <port dstActor="D0N34" name="p27" srcActor="D0N9"/>
            <port dstActor="D0N31" name="p28" srcActor="D0N9"/>
            <port dstActor="D0N23" name="p29" srcActor="D0N16"/>
            <port dstActor="D0N41" name="p30" srcActor="D0N35"/>
            <port dstActor="D0N44" name="p31" srcActor="D0N35"/>
            <port dstActor="D0N37" name="p32" srcActor="D0N23"/>
            <port dstActor="D0N44" name="p33" srcActor="D0N23"/>
            <port dstActor="D0N36" name="p34" srcActor="D0N23"/>
            <port dstActor="D0N42" name="p35" srcActor="D0N38"/>
            <port dstActor="D0N45" name="p36" srcActor="D0N38"/>
            <port dstActor="D0N41" name="p37" srcActor="D0N38"/>
            <port dstActor="D0N40" name="p38" srcActor="D0N38"/>
            <port dstActor="D0N41" name="p39" srcActor="D0N37"/>
            <port dstActor="D0N37" name="p40" srcActor="D0N24"/>
            <port dstActor="D0N43" name="p41" srcActor="D0N24"/>
            <port dstActor="D0N30" name="p42" srcActor="D0N1"/>
            <port dstActor="D0N41" name="p43" srcActor="D0N1"/>
            <port dstActor="D0N3" name="p44" srcActor="D0N1"/>
            <port dstActor="D0N6" name="p45" srcActor="D0N1"/>
            <port dstActor="D0N14" name="p46" srcActor="D0N1"/>
            <port dstActor="D0N26" name="p47" srcActor="D0N0"/>
            <port dstActor="D0N28" name="p48" srcActor="D0N0"/>
            <port dstActor="D0N42" name="p49" srcActor="D0N0"/>
            <port dstActor="D0N35" name="p50" srcActor="D0N0"/>
            <port dstActor="D0N24" name="p51" srcActor="D0N14"/>
            <port dstActor="D0N43" name="p52" srcActor="D0N14"/>
            <port dstActor="D0N36" name="p53" srcActor="D0N17"/>
            <port dstActor="D0N39" name="p54" srcActor="D0N17"/>
            <port dstActor="D0N9" name="p55" srcActor="D0N2"/>
            <port dstActor="D0N17" name="p56" srcActor="D0N2"/>
            <port dstActor="D0N22" name="p57" srcActor="D0N2"/>
            <port dstActor="D0N44" name="p58" srcActor="D0N28"/>
            <port dstActor="D0N33" name="p59" srcActor="D0N28"/>
            <port dstActor="D0N30" name="p60" srcActor="D0N29"/>
            <port dstActor="D0N22" name="p61" srcActor="D0N21"/>
            <port dstActor="D0N30" name="p62" srcActor="D0N21"/>
            <port dstActor="D0N42" name="p63" srcActor="D0N21"/>
            <port dstActor="D0N44" name="p64" srcActor="D0N20"/>
            <port dstActor="D0N26" name="p65" srcActor="D0N20"/>
            <port dstActor="D0N35" name="p66" srcActor="D0N15"/>
            <port dstActor="D0N28" name="p67" srcActor="D0N15"/>
            <port dstActor="D0N41" name="p68" srcActor="D0N40"/>
            <port dstActor="D0N42" name="p69" srcActor="D0N40"/>
            <port dstActor="D0N14" name="p70" srcActor="D0N3"/>
            <port dstActor="D0N12" name="p71" srcActor="D0N3"/>
            <port dstActor="D0N42" name="p72" srcActor="D0N3"/>
            <port dstActor="D0N9" name="p73" srcActor="D0N3"/>
            <port dstActor="D0N13" name="p74" srcActor="D0N3"/>
            <port dstActor="D0N19" name="p75" srcActor="D0N8"/>
            <port dstActor="D0N24" name="p76" srcActor="D0N8"/>
            <port dstActor="D0N42" name="p77" srcActor="D0N8"/>
            <port dstActor="D0N13" name="p78" srcActor="D0N8"/>
            <port dstActor="D0N35" name="p79" srcActor="D0N30"/>
            <port dstActor="D0N38" name="p80" srcActor="D0N30"/>
            <port dstActor="D0N36" name="p81" srcActor="D0N30"/>
            <port dstActor="D0N20" name="p82" srcActor="D0N4"/>
            <port dstActor="D0N28" name="p83" srcActor="D0N4"/>
            <port dstActor="D0N18" name="p84" srcActor="D0N12"/>
            <port dstActor="D0N43" name="p85" srcActor="D0N12"/>
            <port dstActor="D0N23" name="p86" srcActor="D0N12"/>
            <port dstActor="D0N27" name="p87" srcActor="D0N12"/>
            <port dstActor="D0N42" name="p88" srcActor="D0N12"/>
            <port dstActor="D0N40" name="p89" srcActor="D0N39"/>
            <port dstActor="D0N45" name="p90" srcActor="D0N33"/>
            <port dstActor="D0N15" name="p91" srcActor="D0N11"/>
            <port dstActor="D0N19" name="p92" srcActor="D0N11"/>
            <port dstActor="D0N6" name="p93" srcActor="D0N5"/>
            <port dstActor="D0N26" name="p94" srcActor="D0N5"/>
            <port dstActor="D0N22" name="p95" srcActor="D0N5"/>
            <port dstActor="D0N20" name="p96" srcActor="D0N5"/>
            <port dstActor="D0N45" name="p97" srcActor="D0N41"/>
            <port dstActor="D0N32" name="p98" srcActor="D0N27"/>
            <port dstActor="D0N31" name="p99" srcActor="D0N27"/>
            <port dstActor="D0N43" name="p100" srcActor="D0N27"/>
            <port dstActor="D0N39" name="p101" srcActor="D0N27"/>
        </ports>
    </mcdag>
    <cores number="2"/>
    <levels number="2"/>
</mcsystem>
