<?xml version="1.0" encoding="UTF-8" standalone="no"?>
<mcsystem>
    <mcdag deadline="3000" name="genned-0-ed-10.0-0">
        <actor name="D0N7">
            <wcet number="0">20</wcet>
            <wcet number="1">90</wcet>
            <maxpow number="0.5105118435796357"/>
            <maxpow number="0.5105118435796357"/>
            <fprob>0.0</fprob>
        </actor>
        <actor name="D0N9">
            <wcet number="0">20</wcet>
            <wcet number="1">30</wcet>
            <maxpow number="0.5890811072382567"/>
            <maxpow number="0.5890811072382567"/>
            <fprob>0.0</fprob>
        </actor>
        <actor name="D0N14">
            <wcet number="0">100</wcet>
            <wcet number="1">430</wcet>
            <maxpow number="0.3460709719866088"/>
            <maxpow number="0.3460709719866088"/>
            <fprob>0.0</fprob>
        </actor>
        <actor name="D0N12">
            <wcet number="0">90</wcet>
            <wcet number="1">110</wcet>
            <maxpow number="0.4957833700883553"/>
            <maxpow number="0.4957833700883553"/>
            <fprob>0.0</fprob>
        </actor>
        <actor name="D0N27">
            <wcet number="0">20</wcet>
            <wcet number="1">40</wcet>
            <maxpow number="0.6598323653589613"/>
            <maxpow number="0.6598323653589613"/>
            <fprob>0.0</fprob>
        </actor>
        <actor name="D0N35">
            <wcet number="0">130</wcet>
            <wcet number="1">170</wcet>
            <maxpow number="0.5725300198579548"/>
            <maxpow number="0.5725300198579548"/>
            <fprob>0.0</fprob>
        </actor>
        <actor name="D0N2">
            <wcet number="0">20</wcet>
            <wcet number="1">20</wcet>
            <maxpow number="0.6263758725413261"/>
            <maxpow number="0.6263758725413261"/>
            <fprob>0.0</fprob>
        </actor>
        <actor name="D0N48">
            <wcet number="0">60</wcet>
            <wcet number="1">380</wcet>
            <maxpow number="0.7714992759907653"/>
            <maxpow number="0.7714992759907653"/>
            <fprob>0.0</fprob>
        </actor>
        <actor name="D0N45">
            <wcet number="0">110</wcet>
            <wcet number="1">310</wcet>
            <maxpow number="0.6261889393920248"/>
            <maxpow number="0.6261889393920248"/>
            <fprob>0.0</fprob>
        </actor>
        <actor name="D0N5">
            <wcet number="0">40</wcet>
            <wcet number="1">90</wcet>
            <maxpow number="0.5463593502937661"/>
            <maxpow number="0.5463593502937661"/>
            <fprob>0.0</fprob>
        </actor>
        <actor name="D0N44">
            <wcet number="0">30</wcet>
            <wcet number="1">40</wcet>
            <maxpow number="0.3222887659308785"/>
            <maxpow number="0.3222887659308785"/>
            <fprob>0.0</fprob>
        </actor>
        <actor name="D0N15">
            <wcet number="0">110</wcet>
            <wcet number="1">110</wcet>
            <maxpow number="0.2134167221444218"/>
            <maxpow number="0.2134167221444218"/>
            <fprob>0.0</fprob>
        </actor>
        <actor name="D0N10">
            <wcet number="0">310</wcet>
            <wcet number="1">360</wcet>
            <maxpow number="0.2724414410773646"/>
            <maxpow number="0.2724414410773646"/>
            <fprob>0.0</fprob>
        </actor>
        <actor name="D0N8">
            <wcet number="0">40</wcet>
            <wcet number="1">50</wcet>
            <maxpow number="0.6187615011751781"/>
            <maxpow number="0.6187615011751781"/>
            <fprob>0.0</fprob>
        </actor>
        <actor name="D0N23">
            <wcet number="0">100</wcet>
            <wcet number="1">150</wcet>
            <maxpow number="0.6438399907728761"/>
            <maxpow number="0.6438399907728761"/>
            <fprob>0.0</fprob>
        </actor>
        <actor name="D0N39">
            <wcet number="0">100</wcet>
            <wcet number="1">110</wcet>
            <maxpow number="0.5483984913399921"/>
            <maxpow number="0.5483984913399921"/>
            <fprob>0.0</fprob>
        </actor>
        <actor name="D0N41">
            <wcet number="0">40</wcet>
            <wcet number="1">40</wcet>
            <maxpow number="0.27783867527268197"/>
            <maxpow number="0.27783867527268197"/>
            <fprob>0.0</fprob>
        </actor>
        <actor name="D0N28">
            <wcet number="0">10</wcet>
            <wcet number="1">10</wcet>
            <maxpow number="0.6024172521463853"/>
            <maxpow number="0.6024172521463853"/>
            <fprob>0.0</fprob>
        </actor>
        <actor name="D0N1">
            <wcet number="0">120</wcet>
            <wcet number="1">140</wcet>
            <maxpow number="0.4230594761287557"/>
            <maxpow number="0.4230594761287557"/>
            <fprob>0.0</fprob>
        </actor>
        <actor name="D0N19">
            <wcet number="0">10</wcet>
            <wcet number="1">10</wcet>
            <maxpow number="0.7067275661269913"/>
            <maxpow number="0.7067275661269913"/>
            <fprob>0.0</fprob>
        </actor>
        <actor name="D0N33">
            <wcet number="0">40</wcet>
            <wcet number="1">40</wcet>
            <maxpow number="0.7143216567788779"/>
            <maxpow number="0.7143216567788779"/>
            <fprob>0.0</fprob>
        </actor>
        <actor name="D0N47">
            <wcet number="0">10</wcet>
            <wcet number="1">80</wcet>
            <maxpow number="0.3061708952765977"/>
            <maxpow number="0.3061708952765977"/>
            <fprob>0.0</fprob>
        </actor>
        <actor name="D0N36">
            <wcet number="0">20</wcet>
            <wcet number="1">310</wcet>
            <maxpow number="0.355780843129205"/>
            <maxpow number="0.355780843129205"/>
            <fprob>0.0</fprob>
        </actor>
        <actor name="D0N37">
            <wcet number="0">40</wcet>
            <wcet number="1">60</wcet>
            <maxpow number="0.4310124588764514"/>
            <maxpow number="0.4310124588764514"/>
            <fprob>0.0</fprob>
        </actor>
        <actor name="D0N0">
            <wcet number="0">10</wcet>
            <wcet number="1">10</wcet>
            <maxpow number="0.6727460588732168"/>
            <maxpow number="0.6727460588732168"/>
            <fprob>0.0</fprob>
        </actor>
        <actor name="D0N21">
            <wcet number="0">50</wcet>
            <wcet number="1">80</wcet>
            <maxpow number="0.3640789855651033"/>
            <maxpow number="0.3640789855651033"/>
            <fprob>0.0</fprob>
        </actor>
        <actor name="D0N4">
            <wcet number="0">70</wcet>
            <wcet number="1">190</wcet>
            <maxpow number="0.8077404284970437"/>
            <maxpow number="0.8077404284970437"/>
            <fprob>0.0</fprob>
        </actor>
        <actor name="D0N6">
            <wcet number="0">30</wcet>
            <wcet number="1">30</wcet>
            <maxpow number="0.4568608541640722"/>
            <maxpow number="0.4568608541640722"/>
            <fprob>0.0</fprob>
        </actor>
        <actor name="D0N34">
            <wcet number="0">10</wcet>
            <wcet number="1">40</wcet>
            <maxpow number="0.4766541868114442"/>
            <maxpow number="0.4766541868114442"/>
            <fprob>0.0</fprob>
        </actor>
        <actor name="D0N17">
            <wcet number="0">10</wcet>
            <wcet number="1">50</wcet>
            <maxpow number="0.5405647383276648"/>
            <maxpow number="0.5405647383276648"/>
            <fprob>0.0</fprob>
        </actor>
        <actor name="D0N22">
            <wcet number="0">70</wcet>
            <wcet number="1">70</wcet>
            <maxpow number="0.5471445728239951"/>
            <maxpow number="0.5471445728239951"/>
            <fprob>0.0</fprob>
        </actor>
        <actor name="D0N3">
            <wcet number="0">40</wcet>
            <wcet number="1">50</wcet>
            <maxpow number="0.653940624781009"/>
            <maxpow number="0.653940624781009"/>
            <fprob>0.0</fprob>
        </actor>
        <actor name="D0N25">
            <wcet number="0">20</wcet>
            <wcet number="1">20</wcet>
            <maxpow number="0.2852647978543935"/>
            <maxpow number="0.2852647978543935"/>
            <fprob>0.0</fprob>
        </actor>
        <actor name="D0N20">
            <wcet number="0">30</wcet>
            <wcet number="1">30</wcet>
            <maxpow number="0.4483847949025732"/>
            <maxpow number="0.4483847949025732"/>
            <fprob>0.0</fprob>
        </actor>
        <actor name="D0N26">
            <wcet number="0">20</wcet>
            <wcet number="1">50</wcet>
            <maxpow number="0.08099302011862064"/>
            <maxpow number="0.08099302011862064"/>
            <fprob>0.0</fprob>
        </actor>
        <actor name="D0N40">
            <wcet number="0">80</wcet>
            <wcet number="1">280</wcet>
            <maxpow number="0.49234001631842106"/>
            <maxpow number="0.49234001631842106"/>
            <fprob>0.0</fprob>
        </actor>
        <actor name="D0N31">
            <wcet number="0">10</wcet>
            <wcet number="1">220</wcet>
            <maxpow number="0.6863911241254731"/>
            <maxpow number="0.6863911241254731"/>
            <fprob>0.0</fprob>
        </actor>
        <actor name="D0N11">
            <wcet number="0">40</wcet>
            <wcet number="1">40</wcet>
            <maxpow number="0.7213163374332258"/>
            <maxpow number="0.7213163374332258"/>
            <fprob>0.0</fprob>
        </actor>
        <actor name="D0N13">
            <wcet number="0">20</wcet>
            <wcet number="1">20</wcet>
            <maxpow number="0.5329709908319779"/>
            <maxpow number="0.5329709908319779"/>
            <fprob>0.0</fprob>
        </actor>
        <actor name="D0N46">
            <wcet number="0">10</wcet>
            <wcet number="1">40</wcet>
            <maxpow number="0.6163510437184192"/>
            <maxpow number="0.6163510437184192"/>
            <fprob>0.0</fprob>
        </actor>
        <actor name="D0N43">
            <wcet number="0">80</wcet>
            <wcet number="1">100</wcet>
            <maxpow number="0.6908090600737506"/>
            <maxpow number="0.6908090600737506"/>
            <fprob>0.0</fprob>
        </actor>
        <actor name="D0N18">
            <wcet number="0">10</wcet>
            <wcet number="1">50</wcet>
            <maxpow number="0.7529077167147638"/>
            <maxpow number="0.7529077167147638"/>
            <fprob>0.0</fprob>
        </actor>
        <actor name="D0N42">
            <wcet number="0">170</wcet>
            <wcet number="1">280</wcet>
            <maxpow number="0.771994652913036"/>
            <maxpow number="0.771994652913036"/>
            <fprob>0.0</fprob>
        </actor>
        <actor name="D0N24">
            <wcet number="0">150</wcet>
            <wcet number="1">300</wcet>
            <maxpow number="0.6452309776976695"/>
            <maxpow number="0.6452309776976695"/>
            <fprob>0.0</fprob>
        </actor>
        <actor name="D0N29">
            <wcet number="0">110</wcet>
            <wcet number="1">140</wcet>
            <maxpow number="0.4280981317186575"/>
            <maxpow number="0.4280981317186575"/>
            <fprob>0.0</fprob>
        </actor>
        <actor name="D0N16">
            <wcet number="0">10</wcet>
            <wcet number="1">20</wcet>
            <maxpow number="0.38865373070539366"/>
            <maxpow number="0.38865373070539366"/>
            <fprob>0.0</fprob>
        </actor>
        <actor name="D0N30">
            <wcet number="0">260</wcet>
            <wcet number="1">320</wcet>
            <maxpow number="0.8088158011379982"/>
            <maxpow number="0.8088158011379982"/>
            <fprob>0.0</fprob>
        </actor>
        <actor name="D0N32">
            <wcet number="0">10</wcet>
            <wcet number="1">70</wcet>
            <maxpow number="-0.1706836568715484"/>
            <maxpow number="-0.1706836568715484"/>
            <fprob>0.0</fprob>
        </actor>
        <actor name="D0N38">
            <wcet number="0">210</wcet>
            <wcet number="1">320</wcet>
            <maxpow number="0.5919712597893444"/>
            <maxpow number="0.5919712597893444"/>
            <fprob>0.0</fprob>
        </actor>
        <ports>
            <port dstActor="D0N28" name="p0" srcActor="D0N7"/>
            <port dstActor="D0N29" name="p1" srcActor="D0N7"/>
            <port dstActor="D0N17" name="p2" srcActor="D0N7"/>
            <port dstActor="D0N20" name="p3" srcActor="D0N7"/>
            <port dstActor="D0N37" name="p4" srcActor="D0N9"/>
            <port dstActor="D0N26" name="p5" srcActor="D0N9"/>
            <port dstActor="D0N20" name="p6" srcActor="D0N9"/>
            <port dstActor="D0N30" name="p7" srcActor="D0N14"/>
            <port dstActor="D0N39" name="p8" srcActor="D0N12"/>
            <port dstActor="D0N15" name="p9" srcActor="D0N12"/>
            <port dstActor="D0N36" name="p10" srcActor="D0N12"/>
            <port dstActor="D0N41" name="p11" srcActor="D0N27"/>
            <port dstActor="D0N34" name="p12" srcActor="D0N27"/>
            <port dstActor="D0N44" name="p13" srcActor="D0N27"/>
            <port dstActor="D0N43" name="p14" srcActor="D0N35"/>
            <port dstActor="D0N37" name="p15" srcActor="D0N2"/>
            <port dstActor="D0N29" name="p16" srcActor="D0N2"/>
            <port dstActor="D0N12" name="p17" srcActor="D0N2"/>
            <port dstActor="D0N6" name="p18" srcActor="D0N2"/>
            <port dstActor="D0N15" name="p19" srcActor="D0N2"/>
            <port dstActor="D0N27" name="p20" srcActor="D0N5"/>
            <port dstActor="D0N22" name="p21" srcActor="D0N5"/>
            <port dstActor="D0N41" name="p22" srcActor="D0N15"/>
            <port dstActor="D0N46" name="p23" srcActor="D0N15"/>
            <port dstActor="D0N29" name="p24" srcActor="D0N15"/>
            <port dstActor="D0N17" name="p25" srcActor="D0N10"/>
            <port dstActor="D0N43" name="p26" srcActor="D0N8"/>
            <port dstActor="D0N41" name="p27" srcActor="D0N8"/>
            <port dstActor="D0N31" name="p28" srcActor="D0N8"/>
            <port dstActor="D0N33" name="p29" srcActor="D0N8"/>
            <port dstActor="D0N18" name="p30" srcActor="D0N8"/>
            <port dstActor="D0N30" name="p31" srcActor="D0N23"/>
            <port dstActor="D0N43" name="p32" srcActor="D0N39"/>
            <port dstActor="D0N40" name="p33" srcActor="D0N39"/>
            <port dstActor="D0N29" name="p34" srcActor="D0N28"/>
            <port dstActor="D0N36" name="p35" srcActor="D0N28"/>
            <port dstActor="D0N10" name="p36" srcActor="D0N1"/>
            <port dstActor="D0N45" name="p37" srcActor="D0N19"/>
            <port dstActor="D0N39" name="p38" srcActor="D0N19"/>
            <port dstActor="D0N22" name="p39" srcActor="D0N19"/>
            <port dstActor="D0N43" name="p40" srcActor="D0N33"/>
            <port dstActor="D0N42" name="p41" srcActor="D0N36"/>
            <port dstActor="D0N48" name="p42" srcActor="D0N36"/>
            <port dstActor="D0N3" name="p43" srcActor="D0N0"/>
            <port dstActor="D0N14" name="p44" srcActor="D0N0"/>
            <port dstActor="D0N21" name="p45" srcActor="D0N0"/>
            <port dstActor="D0N44" name="p46" srcActor="D0N0"/>
            <port dstActor="D0N43" name="p47" srcActor="D0N21"/>
            <port dstActor="D0N6" name="p48" srcActor="D0N4"/>
            <port dstActor="D0N26" name="p49" srcActor="D0N4"/>
            <port dstActor="D0N33" name="p50" srcActor="D0N4"/>
            <port dstActor="D0N31" name="p51" srcActor="D0N4"/>
            <port dstActor="D0N11" name="p52" srcActor="D0N4"/>
            <port dstActor="D0N7" name="p53" srcActor="D0N4"/>
            <port dstActor="D0N12" name="p54" srcActor="D0N4"/>
            <port dstActor="D0N35" name="p55" srcActor="D0N6"/>
            <port dstActor="D0N42" name="p56" srcActor="D0N6"/>
            <port dstActor="D0N33" name="p57" srcActor="D0N6"/>
            <port dstActor="D0N12" name="p58" srcActor="D0N6"/>
            <port dstActor="D0N16" name="p59" srcActor="D0N6"/>
            <port dstActor="D0N36" name="p60" srcActor="D0N34"/>
            <port dstActor="D0N45" name="p61" srcActor="D0N34"/>
            <port dstActor="D0N33" name="p62" srcActor="D0N17"/>
            <port dstActor="D0N45" name="p63" srcActor="D0N17"/>
            <port dstActor="D0N48" name="p64" srcActor="D0N17"/>
            <port dstActor="D0N22" name="p65" srcActor="D0N17"/>
            <port dstActor="D0N31" name="p66" srcActor="D0N17"/>
            <port dstActor="D0N31" name="p67" srcActor="D0N22"/>
            <port dstActor="D0N41" name="p68" srcActor="D0N22"/>
            <port dstActor="D0N38" name="p69" srcActor="D0N22"/>
            <port dstActor="D0N40" name="p70" srcActor="D0N22"/>
            <port dstActor="D0N8" name="p71" srcActor="D0N3"/>
            <port dstActor="D0N35" name="p72" srcActor="D0N25"/>
            <port dstActor="D0N40" name="p73" srcActor="D0N20"/>
            <port dstActor="D0N36" name="p74" srcActor="D0N20"/>
            <port dstActor="D0N37" name="p75" srcActor="D0N26"/>
            <port dstActor="D0N38" name="p76" srcActor="D0N26"/>
            <port dstActor="D0N35" name="p77" srcActor="D0N26"/>
            <port dstActor="D0N48" name="p78" srcActor="D0N31"/>
            <port dstActor="D0N40" name="p79" srcActor="D0N31"/>
            <port dstActor="D0N33" name="p80" srcActor="D0N11"/>
            <port dstActor="D0N32" name="p81" srcActor="D0N11"/>
            <port dstActor="D0N12" name="p82" srcActor="D0N11"/>
            <port dstActor="D0N46" name="p83" srcActor="D0N11"/>
            <port dstActor="D0N37" name="p84" srcActor="D0N11"/>
            <port dstActor="D0N20" name="p85" srcActor="D0N13"/>
            <port dstActor="D0N14" name="p86" srcActor="D0N13"/>
            <port dstActor="D0N40" name="p87" srcActor="D0N13"/>
            <port dstActor="D0N22" name="p88" srcActor="D0N13"/>
            <port dstActor="D0N46" name="p89" srcActor="D0N43"/>
            <port dstActor="D0N43" name="p90" srcActor="D0N18"/>
            <port dstActor="D0N29" name="p91" srcActor="D0N18"/>
            <port dstActor="D0N30" name="p92" srcActor="D0N18"/>
            <port dstActor="D0N44" name="p93" srcActor="D0N18"/>
            <port dstActor="D0N33" name="p94" srcActor="D0N24"/>
            <port dstActor="D0N46" name="p95" srcActor="D0N24"/>
            <port dstActor="D0N25" name="p96" srcActor="D0N24"/>
            <port dstActor="D0N42" name="p97" srcActor="D0N24"/>
            <port dstActor="D0N38" name="p98" srcActor="D0N29"/>
            <port dstActor="D0N30" name="p99" srcActor="D0N29"/>
            <port dstActor="D0N35" name="p100" srcActor="D0N29"/>
            <port dstActor="D0N17" name="p101" srcActor="D0N16"/>
            <port dstActor="D0N35" name="p102" srcActor="D0N16"/>
            <port dstActor="D0N40" name="p103" srcActor="D0N30"/>
            <port dstActor="D0N45" name="p104" srcActor="D0N30"/>
            <port dstActor="D0N48" name="p105" srcActor="D0N38"/>
        </ports>
    </mcdag>
    <cores number="2"/>
    <levels number="2"/>
</mcsystem>
