<?xml version="1.0" encoding="UTF-8" standalone="no"?>
<mcsystem>
    <mcdag deadline="1200" name="genned-0-ed-10.0-0">
        <actor name="D0N34">
            <wcet number="0">10</wcet>
            <wcet number="1">30</wcet>
            <maxpow number="0.612579333590641"/>
            <maxpow number="0.612579333590641"/>
            <fprob>0.0</fprob>
        </actor>
        <actor name="D0N35">
            <wcet number="0">110</wcet>
            <wcet number="1">130</wcet>
            <maxpow number="0.6993724852470468"/>
            <maxpow number="0.6993724852470468"/>
            <fprob>0.0</fprob>
        </actor>
        <actor name="D0N40">
            <wcet number="0">20</wcet>
            <wcet number="1">40</wcet>
            <maxpow number="0.5860340194547927"/>
            <maxpow number="0.5860340194547927"/>
            <fprob>0.0</fprob>
        </actor>
        <actor name="D0N26">
            <wcet number="0">10</wcet>
            <wcet number="1">50</wcet>
            <maxpow number="0.31173644077580587"/>
            <maxpow number="0.31173644077580587"/>
            <fprob>0.0</fprob>
        </actor>
        <actor name="D0N29">
            <wcet number="0">30</wcet>
            <wcet number="1">30</wcet>
            <maxpow number="0.7475879992491761"/>
            <maxpow number="0.7475879992491761"/>
            <fprob>0.0</fprob>
        </actor>
        <actor name="D0N3">
            <wcet number="0">30</wcet>
            <wcet number="1">30</wcet>
            <maxpow number="0.5799546535594398"/>
            <maxpow number="0.5799546535594398"/>
            <fprob>0.0</fprob>
        </actor>
        <actor name="D0N42">
            <wcet number="0">70</wcet>
            <wcet number="1">90</wcet>
            <maxpow number="0.5102124701655513"/>
            <maxpow number="0.5102124701655513"/>
            <fprob>0.0</fprob>
        </actor>
        <actor name="D0N36">
            <wcet number="0">10</wcet>
            <wcet number="1">20</wcet>
            <maxpow number="0.5465645230956474"/>
            <maxpow number="0.5465645230956474"/>
            <fprob>0.0</fprob>
        </actor>
        <actor name="D0N33">
            <wcet number="0">40</wcet>
            <wcet number="1">90</wcet>
            <maxpow number="0.6275612290688368"/>
            <maxpow number="0.6275612290688368"/>
            <fprob>0.0</fprob>
        </actor>
        <actor name="D0N46">
            <wcet number="0">10</wcet>
            <wcet number="1">20</wcet>
            <maxpow number="0.2722846854424591"/>
            <maxpow number="0.2722846854424591"/>
            <fprob>0.0</fprob>
        </actor>
        <actor name="D0N44">
            <wcet number="0">90</wcet>
            <wcet number="1">230</wcet>
            <maxpow number="0.555824436662197"/>
            <maxpow number="0.555824436662197"/>
            <fprob>0.0</fprob>
        </actor>
        <actor name="D0N19">
            <wcet number="0">10</wcet>
            <wcet number="1">60</wcet>
            <maxpow number="0.6096770342232188"/>
            <maxpow number="0.6096770342232188"/>
            <fprob>0.0</fprob>
        </actor>
        <actor name="D0N31">
            <wcet number="0">10</wcet>
            <wcet number="1">30</wcet>
            <maxpow number="0.32452603605208347"/>
            <maxpow number="0.32452603605208347"/>
            <fprob>0.0</fprob>
        </actor>
        <actor name="D0N37">
            <wcet number="0">10</wcet>
            <wcet number="1">10</wcet>
            <maxpow number="0.32038770013053597"/>
            <maxpow number="0.32038770013053597"/>
            <fprob>0.0</fprob>
        </actor>
        <actor name="D0N30">
            <wcet number="0">10</wcet>
            <wcet number="1">20</wcet>
            <maxpow number="0.5309179410684801"/>
            <maxpow number="0.5309179410684801"/>
            <fprob>0.0</fprob>
        </actor>
        <actor name="D0N0">
            <wcet number="0">10</wcet>
            <wcet number="1">10</wcet>
            <maxpow number="0.4522990198799397"/>
            <maxpow number="0.4522990198799397"/>
            <fprob>0.0</fprob>
        </actor>
        <actor name="D0N1">
            <wcet number="0">20</wcet>
            <wcet number="1">20</wcet>
            <maxpow number="0.36822664800702487"/>
            <maxpow number="0.36822664800702487"/>
            <fprob>0.0</fprob>
        </actor>
        <actor name="D0N32">
            <wcet number="0">130</wcet>
            <wcet number="1">200</wcet>
            <maxpow number="0.6328593281654302"/>
            <maxpow number="0.6328593281654302"/>
            <fprob>0.0</fprob>
        </actor>
        <actor name="D0N2">
            <wcet number="0">40</wcet>
            <wcet number="1">50</wcet>
            <maxpow number="0.3283537444508323"/>
            <maxpow number="0.3283537444508323"/>
            <fprob>0.0</fprob>
        </actor>
        <actor name="D0N28">
            <wcet number="0">20</wcet>
            <wcet number="1">20</wcet>
            <maxpow number="0.5928831487171774"/>
            <maxpow number="0.5928831487171774"/>
            <fprob>0.0</fprob>
        </actor>
        <actor name="D0N27">
            <wcet number="0">30</wcet>
            <wcet number="1">60</wcet>
            <maxpow number="0.6290617709297401"/>
            <maxpow number="0.6290617709297401"/>
            <fprob>0.0</fprob>
        </actor>
        <actor name="D0N18">
            <wcet number="0">30</wcet>
            <wcet number="1">70</wcet>
            <maxpow number="0.8077603091342616"/>
            <maxpow number="0.8077603091342616"/>
            <fprob>0.0</fprob>
        </actor>
        <actor name="D0N7">
            <wcet number="0">30</wcet>
            <wcet number="1">40</wcet>
            <maxpow number="0.6200006015092627"/>
            <maxpow number="0.6200006015092627"/>
            <fprob>0.0</fprob>
        </actor>
        <actor name="D0N24">
            <wcet number="0">10</wcet>
            <wcet number="1">50</wcet>
            <maxpow number="0.3883197855109605"/>
            <maxpow number="0.3883197855109605"/>
            <fprob>0.0</fprob>
        </actor>
        <actor name="D0N17">
            <wcet number="0">50</wcet>
            <wcet number="1">70</wcet>
            <maxpow number="0.43582684282464446"/>
            <maxpow number="0.43582684282464446"/>
            <fprob>0.0</fprob>
        </actor>
        <actor name="D0N39">
            <wcet number="0">10</wcet>
            <wcet number="1">10</wcet>
            <maxpow number="0.5962788298121194"/>
            <maxpow number="0.5962788298121194"/>
            <fprob>0.0</fprob>
        </actor>
        <actor name="D0N5">
            <wcet number="0">30</wcet>
            <wcet number="1">50</wcet>
            <maxpow number="0.7251097395901204"/>
            <maxpow number="0.7251097395901204"/>
            <fprob>0.0</fprob>
        </actor>
        <actor name="D0N41">
            <wcet number="0">10</wcet>
            <wcet number="1">50</wcet>
            <maxpow number="0.6626678218552076"/>
            <maxpow number="0.6626678218552076"/>
            <fprob>0.0</fprob>
        </actor>
        <actor name="D0N9">
            <wcet number="0">20</wcet>
            <wcet number="1">60</wcet>
            <maxpow number="0.7053858745699109"/>
            <maxpow number="0.7053858745699109"/>
            <fprob>0.0</fprob>
        </actor>
        <actor name="D0N6">
            <wcet number="0">50</wcet>
            <wcet number="1">90</wcet>
            <maxpow number="0.6359431082829976"/>
            <maxpow number="0.6359431082829976"/>
            <fprob>0.0</fprob>
        </actor>
        <actor name="D0N13">
            <wcet number="0">20</wcet>
            <wcet number="1">20</wcet>
            <maxpow number="0.6271954544085124"/>
            <maxpow number="0.6271954544085124"/>
            <fprob>0.0</fprob>
        </actor>
        <actor name="D0N38">
            <wcet number="0">20</wcet>
            <wcet number="1">20</wcet>
            <maxpow number="0.5176377872676015"/>
            <maxpow number="0.5176377872676015"/>
            <fprob>0.0</fprob>
        </actor>
        <actor name="D0N10">
            <wcet number="0">80</wcet>
            <wcet number="1">80</wcet>
            <maxpow number="0.5595436672147917"/>
            <maxpow number="0.5595436672147917"/>
            <fprob>0.0</fprob>
        </actor>
        <actor name="D0N22">
            <wcet number="0">10</wcet>
            <wcet number="1">20</wcet>
            <maxpow number="0.6770335200727702"/>
            <maxpow number="0.6770335200727702"/>
            <fprob>0.0</fprob>
        </actor>
        <actor name="D0N11">
            <wcet number="0">10</wcet>
            <wcet number="1">10</wcet>
            <maxpow number="0.572902893410434"/>
            <maxpow number="0.572902893410434"/>
            <fprob>0.0</fprob>
        </actor>
        <actor name="D0N45">
            <wcet number="0">20</wcet>
            <wcet number="1">50</wcet>
            <maxpow number="0.6952513783814909"/>
            <maxpow number="0.6952513783814909"/>
            <fprob>0.0</fprob>
        </actor>
        <actor name="D0N25">
            <wcet number="0">20</wcet>
            <wcet number="1">30</wcet>
            <maxpow number="0.5142861724861938"/>
            <maxpow number="0.5142861724861938"/>
            <fprob>0.0</fprob>
        </actor>
        <actor name="D0N20">
            <wcet number="0">30</wcet>
            <wcet number="1">30</wcet>
            <maxpow number="0.6245251078041721"/>
            <maxpow number="0.6245251078041721"/>
            <fprob>0.0</fprob>
        </actor>
        <actor name="D0N16">
            <wcet number="0">130</wcet>
            <wcet number="1">280</wcet>
            <maxpow number="0.24646252799736806"/>
            <maxpow number="0.24646252799736806"/>
            <fprob>0.0</fprob>
        </actor>
        <actor name="D0N8">
            <wcet number="0">100</wcet>
            <wcet number="1">110</wcet>
            <maxpow number="0.8214730167916098"/>
            <maxpow number="0.8214730167916098"/>
            <fprob>0.0</fprob>
        </actor>
        <actor name="D0N12">
            <wcet number="0">20</wcet>
            <wcet number="1">60</wcet>
            <maxpow number="0.6438900201569077"/>
            <maxpow number="0.6438900201569077"/>
            <fprob>0.0</fprob>
        </actor>
        <actor name="D0N14">
            <wcet number="0">20</wcet>
            <wcet number="1">20</wcet>
            <maxpow number="0.3101043183076863"/>
            <maxpow number="0.3101043183076863"/>
            <fprob>0.0</fprob>
        </actor>
        <actor name="D0N15">
            <wcet number="0">30</wcet>
            <wcet number="1">30</wcet>
            <maxpow number="0.5719437867656783"/>
            <maxpow number="0.5719437867656783"/>
            <fprob>0.0</fprob>
        </actor>
        <actor name="D0N23">
            <wcet number="0">10</wcet>
            <wcet number="1">30</wcet>
            <maxpow number="0.584846068073124"/>
            <maxpow number="0.584846068073124"/>
            <fprob>0.0</fprob>
        </actor>
        <actor name="D0N21">
            <wcet number="0">60</wcet>
            <wcet number="1">90</wcet>
            <maxpow number="0.1964098790568547"/>
            <maxpow number="0.1964098790568547"/>
            <fprob>0.0</fprob>
        </actor>
        <actor name="D0N4">
            <wcet number="0">10</wcet>
            <wcet number="1">20</wcet>
            <maxpow number="0.6619788198247402"/>
            <maxpow number="0.6619788198247402"/>
            <fprob>0.0</fprob>
        </actor>
        <actor name="D0N43">
            <wcet number="0">10</wcet>
            <wcet number="1">10</wcet>
            <maxpow number="0.49037269210043244"/>
            <maxpow number="0.49037269210043244"/>
            <fprob>0.0</fprob>
        </actor>
        <ports>
            <port dstActor="D0N45" name="p0" srcActor="D0N34"/>
            <port dstActor="D0N38" name="p1" srcActor="D0N35"/>
            <port dstActor="D0N33" name="p2" srcActor="D0N26"/>
            <port dstActor="D0N31" name="p3" srcActor="D0N26"/>
            <port dstActor="D0N30" name="p4" srcActor="D0N29"/>
            <port dstActor="D0N13" name="p5" srcActor="D0N3"/>
            <port dstActor="D0N40" name="p6" srcActor="D0N3"/>
            <port dstActor="D0N16" name="p7" srcActor="D0N3"/>
            <port dstActor="D0N8" name="p8" srcActor="D0N3"/>
            <port dstActor="D0N45" name="p9" srcActor="D0N42"/>
            <port dstActor="D0N40" name="p10" srcActor="D0N33"/>
            <port dstActor="D0N43" name="p11" srcActor="D0N31"/>
            <port dstActor="D0N41" name="p12" srcActor="D0N31"/>
            <port dstActor="D0N39" name="p13" srcActor="D0N37"/>
            <port dstActor="D0N33" name="p14" srcActor="D0N30"/>
            <port dstActor="D0N1" name="p15" srcActor="D0N0"/>
            <port dstActor="D0N46" name="p16" srcActor="D0N0"/>
            <port dstActor="D0N4" name="p17" srcActor="D0N0"/>
            <port dstActor="D0N4" name="p18" srcActor="D0N1"/>
            <port dstActor="D0N45" name="p19" srcActor="D0N1"/>
            <port dstActor="D0N3" name="p20" srcActor="D0N1"/>
            <port dstActor="D0N10" name="p21" srcActor="D0N1"/>
            <port dstActor="D0N2" name="p22" srcActor="D0N1"/>
            <port dstActor="D0N41" name="p23" srcActor="D0N1"/>
            <port dstActor="D0N13" name="p24" srcActor="D0N1"/>
            <port dstActor="D0N25" name="p25" srcActor="D0N1"/>
            <port dstActor="D0N36" name="p26" srcActor="D0N1"/>
            <port dstActor="D0N35" name="p27" srcActor="D0N32"/>
            <port dstActor="D0N43" name="p28" srcActor="D0N32"/>
            <port dstActor="D0N17" name="p29" srcActor="D0N2"/>
            <port dstActor="D0N36" name="p30" srcActor="D0N2"/>
            <port dstActor="D0N12" name="p31" srcActor="D0N2"/>
            <port dstActor="D0N30" name="p32" srcActor="D0N27"/>
            <port dstActor="D0N46" name="p33" srcActor="D0N18"/>
            <port dstActor="D0N26" name="p34" srcActor="D0N18"/>
            <port dstActor="D0N27" name="p35" srcActor="D0N18"/>
            <port dstActor="D0N25" name="p36" srcActor="D0N7"/>
            <port dstActor="D0N40" name="p37" srcActor="D0N7"/>
            <port dstActor="D0N36" name="p38" srcActor="D0N7"/>
            <port dstActor="D0N46" name="p39" srcActor="D0N24"/>
            <port dstActor="D0N44" name="p40" srcActor="D0N24"/>
            <port dstActor="D0N36" name="p41" srcActor="D0N24"/>
            <port dstActor="D0N32" name="p42" srcActor="D0N24"/>
            <port dstActor="D0N35" name="p43" srcActor="D0N17"/>
            <port dstActor="D0N19" name="p44" srcActor="D0N5"/>
            <port dstActor="D0N31" name="p45" srcActor="D0N5"/>
            <port dstActor="D0N45" name="p46" srcActor="D0N41"/>
            <port dstActor="D0N16" name="p47" srcActor="D0N9"/>
            <port dstActor="D0N38" name="p48" srcActor="D0N9"/>
            <port dstActor="D0N45" name="p49" srcActor="D0N9"/>
            <port dstActor="D0N18" name="p50" srcActor="D0N9"/>
            <port dstActor="D0N37" name="p51" srcActor="D0N9"/>
            <port dstActor="D0N21" name="p52" srcActor="D0N6"/>
            <port dstActor="D0N20" name="p53" srcActor="D0N13"/>
            <port dstActor="D0N15" name="p54" srcActor="D0N13"/>
            <port dstActor="D0N38" name="p55" srcActor="D0N13"/>
            <port dstActor="D0N23" name="p56" srcActor="D0N13"/>
            <port dstActor="D0N24" name="p57" srcActor="D0N10"/>
            <port dstActor="D0N38" name="p58" srcActor="D0N10"/>
            <port dstActor="D0N39" name="p59" srcActor="D0N10"/>
            <port dstActor="D0N15" name="p60" srcActor="D0N10"/>
            <port dstActor="D0N44" name="p61" srcActor="D0N22"/>
            <port dstActor="D0N33" name="p62" srcActor="D0N22"/>
            <port dstActor="D0N42" name="p63" srcActor="D0N22"/>
            <port dstActor="D0N43" name="p64" srcActor="D0N22"/>
            <port dstActor="D0N44" name="p65" srcActor="D0N11"/>
            <port dstActor="D0N43" name="p66" srcActor="D0N11"/>
            <port dstActor="D0N32" name="p67" srcActor="D0N11"/>
            <port dstActor="D0N38" name="p68" srcActor="D0N20"/>
            <port dstActor="D0N28" name="p69" srcActor="D0N16"/>
            <port dstActor="D0N11" name="p70" srcActor="D0N8"/>
            <port dstActor="D0N20" name="p71" srcActor="D0N8"/>
            <port dstActor="D0N26" name="p72" srcActor="D0N8"/>
            <port dstActor="D0N22" name="p73" srcActor="D0N8"/>
            <port dstActor="D0N23" name="p74" srcActor="D0N8"/>
            <port dstActor="D0N38" name="p75" srcActor="D0N8"/>
            <port dstActor="D0N41" name="p76" srcActor="D0N12"/>
            <port dstActor="D0N28" name="p77" srcActor="D0N12"/>
            <port dstActor="D0N38" name="p78" srcActor="D0N12"/>
            <port dstActor="D0N15" name="p79" srcActor="D0N12"/>
            <port dstActor="D0N19" name="p80" srcActor="D0N12"/>
            <port dstActor="D0N29" name="p81" srcActor="D0N14"/>
            <port dstActor="D0N45" name="p82" srcActor="D0N14"/>
            <port dstActor="D0N32" name="p83" srcActor="D0N14"/>
            <port dstActor="D0N34" name="p84" srcActor="D0N15"/>
            <port dstActor="D0N35" name="p85" srcActor="D0N15"/>
            <port dstActor="D0N45" name="p86" srcActor="D0N15"/>
            <port dstActor="D0N24" name="p87" srcActor="D0N15"/>
            <port dstActor="D0N33" name="p88" srcActor="D0N15"/>
            <port dstActor="D0N29" name="p89" srcActor="D0N23"/>
            <port dstActor="D0N37" name="p90" srcActor="D0N21"/>
            <port dstActor="D0N35" name="p91" srcActor="D0N21"/>
            <port dstActor="D0N46" name="p92" srcActor="D0N21"/>
            <port dstActor="D0N36" name="p93" srcActor="D0N21"/>
            <port dstActor="D0N25" name="p94" srcActor="D0N21"/>
            <port dstActor="D0N13" name="p95" srcActor="D0N4"/>
            <port dstActor="D0N32" name="p96" srcActor="D0N4"/>
            <port dstActor="D0N20" name="p97" srcActor="D0N4"/>
            <port dstActor="D0N36" name="p98" srcActor="D0N4"/>
        </ports>
    </mcdag>
    <cores number="3"/>
    <levels number="2"/>
</mcsystem>
