<?xml version="1.0" encoding="UTF-8" standalone="no"?>
<mcsystem>
    <mcdag deadline="4000" name="genned-0-ed-10.0-0">
        <actor name="D0N46">
            <wcet number="0">280</wcet>
            <wcet number="1">410</wcet>
            <maxpow number="0.9703172786155405"/>
            <maxpow number="0.9703172786155405"/>
            <fprob>0.0</fprob>
        </actor>
        <actor name="D0N49">
            <wcet number="0">370</wcet>
            <wcet number="1">410</wcet>
            <maxpow number="0.3731297940239915"/>
            <maxpow number="0.3731297940239915"/>
            <fprob>0.0</fprob>
        </actor>
        <actor name="D0N19">
            <wcet number="0">30</wcet>
            <wcet number="1">160</wcet>
            <maxpow number="0.5256438080282269"/>
            <maxpow number="0.5256438080282269"/>
            <fprob>0.0</fprob>
        </actor>
        <actor name="D0N8">
            <wcet number="0">60</wcet>
            <wcet number="1">190</wcet>
            <maxpow number="0.6548483356921472"/>
            <maxpow number="0.6548483356921472"/>
            <fprob>0.0</fprob>
        </actor>
        <actor name="D0N9">
            <wcet number="0">50</wcet>
            <wcet number="1">50</wcet>
            <maxpow number="0.6125742795733198"/>
            <maxpow number="0.6125742795733198"/>
            <fprob>0.0</fprob>
        </actor>
        <actor name="D0N15">
            <wcet number="0">10</wcet>
            <wcet number="1">40</wcet>
            <maxpow number="0.9992027908029129"/>
            <maxpow number="0.9992027908029129"/>
            <fprob>0.0</fprob>
        </actor>
        <actor name="D0N13">
            <wcet number="0">110</wcet>
            <wcet number="1">140</wcet>
            <maxpow number="0.6465498517339474"/>
            <maxpow number="0.6465498517339474"/>
            <fprob>0.0</fprob>
        </actor>
        <actor name="D0N12">
            <wcet number="0">350</wcet>
            <wcet number="1">400</wcet>
            <maxpow number="0.8399554626747481"/>
            <maxpow number="0.8399554626747481"/>
            <fprob>0.0</fprob>
        </actor>
        <actor name="D0N33">
            <wcet number="0">60</wcet>
            <wcet number="1">110</wcet>
            <maxpow number="0.9390303693406459"/>
            <maxpow number="0.9390303693406459"/>
            <fprob>0.0</fprob>
        </actor>
        <actor name="D0N2">
            <wcet number="0">40</wcet>
            <wcet number="1">50</wcet>
            <maxpow number="0.18161108702400497"/>
            <maxpow number="0.18161108702400497"/>
            <fprob>0.0</fprob>
        </actor>
        <actor name="D0N5">
            <wcet number="0">30</wcet>
            <wcet number="1">30</wcet>
            <maxpow number="0.47400351022917914"/>
            <maxpow number="0.47400351022917914"/>
            <fprob>0.0</fprob>
        </actor>
        <actor name="D0N24">
            <wcet number="0">10</wcet>
            <wcet number="1">30</wcet>
            <maxpow number="0.4975686253186911"/>
            <maxpow number="0.4975686253186911"/>
            <fprob>0.0</fprob>
        </actor>
        <actor name="D0N32">
            <wcet number="0">70</wcet>
            <wcet number="1">80</wcet>
            <maxpow number="0.56678389623866"/>
            <maxpow number="0.56678389623866"/>
            <fprob>0.0</fprob>
        </actor>
        <actor name="D0N35">
            <wcet number="0">110</wcet>
            <wcet number="1">150</wcet>
            <maxpow number="0.40614152074872123"/>
            <maxpow number="0.40614152074872123"/>
            <fprob>0.0</fprob>
        </actor>
        <actor name="D0N44">
            <wcet number="0">10</wcet>
            <wcet number="1">20</wcet>
            <maxpow number="0.7100304219880461"/>
            <maxpow number="0.7100304219880461"/>
            <fprob>0.0</fprob>
        </actor>
        <actor name="D0N20">
            <wcet number="0">10</wcet>
            <wcet number="1">10</wcet>
            <maxpow number="0.6304539594279107"/>
            <maxpow number="0.6304539594279107"/>
            <fprob>0.0</fprob>
        </actor>
        <actor name="D0N22">
            <wcet number="0">10</wcet>
            <wcet number="1">10</wcet>
            <maxpow number="0.5574127418713217"/>
            <maxpow number="0.5574127418713217"/>
            <fprob>0.0</fprob>
        </actor>
        <actor name="D0N26">
            <wcet number="0">60</wcet>
            <wcet number="1">80</wcet>
            <maxpow number="0.6050112767102587"/>
            <maxpow number="0.6050112767102587"/>
            <fprob>0.0</fprob>
        </actor>
        <actor name="D0N42">
            <wcet number="0">260</wcet>
            <wcet number="1">550</wcet>
            <maxpow number="0.7241698717269529"/>
            <maxpow number="0.7241698717269529"/>
            <fprob>0.0</fprob>
        </actor>
        <actor name="D0N18">
            <wcet number="0">20</wcet>
            <wcet number="1">20</wcet>
            <maxpow number="0.5493867853995166"/>
            <maxpow number="0.5493867853995166"/>
            <fprob>0.0</fprob>
        </actor>
        <actor name="D0N16">
            <wcet number="0">20</wcet>
            <wcet number="1">30</wcet>
            <maxpow number="0.7567171744590445"/>
            <maxpow number="0.7567171744590445"/>
            <fprob>0.0</fprob>
        </actor>
        <actor name="D0N6">
            <wcet number="0">80</wcet>
            <wcet number="1">80</wcet>
            <maxpow number="0.19350704637038024"/>
            <maxpow number="0.19350704637038024"/>
            <fprob>0.0</fprob>
        </actor>
        <actor name="D0N25">
            <wcet number="0">80</wcet>
            <wcet number="1">110</wcet>
            <maxpow number="0.24547472568729362"/>
            <maxpow number="0.24547472568729362"/>
            <fprob>0.0</fprob>
        </actor>
        <actor name="D0N29">
            <wcet number="0">190</wcet>
            <wcet number="1">190</wcet>
            <maxpow number="0.7831900240098362"/>
            <maxpow number="0.7831900240098362"/>
            <fprob>0.0</fprob>
        </actor>
        <actor name="D0N43">
            <wcet number="0">190</wcet>
            <wcet number="1">290</wcet>
            <maxpow number="0.9099822608924766"/>
            <maxpow number="0.9099822608924766"/>
            <fprob>0.0</fprob>
        </actor>
        <actor name="D0N48">
            <wcet number="0">60</wcet>
            <wcet number="1">450</wcet>
            <maxpow number="0.5988605006073354"/>
            <maxpow number="0.5988605006073354"/>
            <fprob>0.0</fprob>
        </actor>
        <actor name="D0N0">
            <wcet number="0">30</wcet>
            <wcet number="1">80</wcet>
            <maxpow number="0.5963129277382991"/>
            <maxpow number="0.5963129277382991"/>
            <fprob>0.0</fprob>
        </actor>
        <actor name="D0N45">
            <wcet number="0">120</wcet>
            <wcet number="1">220</wcet>
            <maxpow number="0.5377224266255665"/>
            <maxpow number="0.5377224266255665"/>
            <fprob>0.0</fprob>
        </actor>
        <actor name="D0N21">
            <wcet number="0">40</wcet>
            <wcet number="1">130</wcet>
            <maxpow number="0.716522569743687"/>
            <maxpow number="0.716522569743687"/>
            <fprob>0.0</fprob>
        </actor>
        <actor name="D0N40">
            <wcet number="0">60</wcet>
            <wcet number="1">260</wcet>
            <maxpow number="0.47750736334439864"/>
            <maxpow number="0.47750736334439864"/>
            <fprob>0.0</fprob>
        </actor>
        <actor name="D0N4">
            <wcet number="0">20</wcet>
            <wcet number="1">80</wcet>
            <maxpow number="0.3822910344821466"/>
            <maxpow number="0.3822910344821466"/>
            <fprob>0.0</fprob>
        </actor>
        <actor name="D0N3">
            <wcet number="0">80</wcet>
            <wcet number="1">450</wcet>
            <maxpow number="0.6655156481735446"/>
            <maxpow number="0.6655156481735446"/>
            <fprob>0.0</fprob>
        </actor>
        <actor name="D0N1">
            <wcet number="0">30</wcet>
            <wcet number="1">180</wcet>
            <maxpow number="0.357302067848736"/>
            <maxpow number="0.357302067848736"/>
            <fprob>0.0</fprob>
        </actor>
        <actor name="D0N34">
            <wcet number="0">350</wcet>
            <wcet number="1">670</wcet>
            <maxpow number="0.33569912150898557"/>
            <maxpow number="0.33569912150898557"/>
            <fprob>0.0</fprob>
        </actor>
        <actor name="D0N27">
            <wcet number="0">260</wcet>
            <wcet number="1">390</wcet>
            <maxpow number="0.2855514754842489"/>
            <maxpow number="0.2855514754842489"/>
            <fprob>0.0</fprob>
        </actor>
        <actor name="D0N30">
            <wcet number="0">50</wcet>
            <wcet number="1">130</wcet>
            <maxpow number="0.552179319153806"/>
            <maxpow number="0.552179319153806"/>
            <fprob>0.0</fprob>
        </actor>
        <actor name="D0N38">
            <wcet number="0">100</wcet>
            <wcet number="1">280</wcet>
            <maxpow number="0.5512436383559316"/>
            <maxpow number="0.5512436383559316"/>
            <fprob>0.0</fprob>
        </actor>
        <actor name="D0N37">
            <wcet number="0">340</wcet>
            <wcet number="1">390</wcet>
            <maxpow number="0.42102996070807364"/>
            <maxpow number="0.42102996070807364"/>
            <fprob>0.0</fprob>
        </actor>
        <actor name="D0N17">
            <wcet number="0">10</wcet>
            <wcet number="1">10</wcet>
            <maxpow number="0.28932345820642863"/>
            <maxpow number="0.28932345820642863"/>
            <fprob>0.0</fprob>
        </actor>
        <actor name="D0N14">
            <wcet number="0">80</wcet>
            <wcet number="1">170</wcet>
            <maxpow number="0.6185824310809436"/>
            <maxpow number="0.6185824310809436"/>
            <fprob>0.0</fprob>
        </actor>
        <actor name="D0N36">
            <wcet number="0">60</wcet>
            <wcet number="1">430</wcet>
            <maxpow number="0.2765132552150851"/>
            <maxpow number="0.2765132552150851"/>
            <fprob>0.0</fprob>
        </actor>
        <actor name="D0N31">
            <wcet number="0">110</wcet>
            <wcet number="1">200</wcet>
            <maxpow number="0.47499603307240224"/>
            <maxpow number="0.47499603307240224"/>
            <fprob>0.0</fprob>
        </actor>
        <actor name="D0N23">
            <wcet number="0">50</wcet>
            <wcet number="1">60</wcet>
            <maxpow number="0.5084493472756064"/>
            <maxpow number="0.5084493472756064"/>
            <fprob>0.0</fprob>
        </actor>
        <actor name="D0N47">
            <wcet number="0">40</wcet>
            <wcet number="1">50</wcet>
            <maxpow number="0.4427314424756183"/>
            <maxpow number="0.4427314424756183"/>
            <fprob>0.0</fprob>
        </actor>
        <actor name="D0N39">
            <wcet number="0">20</wcet>
            <wcet number="1">120</wcet>
            <maxpow number="0.4912900503956315"/>
            <maxpow number="0.4912900503956315"/>
            <fprob>0.0</fprob>
        </actor>
        <actor name="D0N10">
            <wcet number="0">360</wcet>
            <wcet number="1">530</wcet>
            <maxpow number="0.6547934350111188"/>
            <maxpow number="0.6547934350111188"/>
            <fprob>0.0</fprob>
        </actor>
        <actor name="D0N11">
            <wcet number="0">10</wcet>
            <wcet number="1">30</wcet>
            <maxpow number="0.4773290771124332"/>
            <maxpow number="0.4773290771124332"/>
            <fprob>0.0</fprob>
        </actor>
        <actor name="D0N7">
            <wcet number="0">140</wcet>
            <wcet number="1">190</wcet>
            <maxpow number="0.8613078085615078"/>
            <maxpow number="0.8613078085615078"/>
            <fprob>0.0</fprob>
        </actor>
        <actor name="D0N28">
            <wcet number="0">50</wcet>
            <wcet number="1">360</wcet>
            <maxpow number="0.4807162060918969"/>
            <maxpow number="0.4807162060918969"/>
            <fprob>0.0</fprob>
        </actor>
        <actor name="D0N41">
            <wcet number="0">50</wcet>
            <wcet number="1">100</wcet>
            <maxpow number="0.6479273374519671"/>
            <maxpow number="0.6479273374519671"/>
            <fprob>0.0</fprob>
        </actor>
        <ports>
            <port dstActor="D0N49" name="p0" srcActor="D0N46"/>
            <port dstActor="D0N22" name="p1" srcActor="D0N19"/>
            <port dstActor="D0N28" name="p2" srcActor="D0N19"/>
            <port dstActor="D0N11" name="p3" srcActor="D0N8"/>
            <port dstActor="D0N37" name="p4" srcActor="D0N8"/>
            <port dstActor="D0N29" name="p5" srcActor="D0N8"/>
            <port dstActor="D0N34" name="p6" srcActor="D0N8"/>
            <port dstActor="D0N12" name="p7" srcActor="D0N8"/>
            <port dstActor="D0N44" name="p8" srcActor="D0N9"/>
            <port dstActor="D0N42" name="p9" srcActor="D0N9"/>
            <port dstActor="D0N32" name="p10" srcActor="D0N9"/>
            <port dstActor="D0N28" name="p11" srcActor="D0N9"/>
            <port dstActor="D0N27" name="p12" srcActor="D0N9"/>
            <port dstActor="D0N20" name="p13" srcActor="D0N9"/>
            <port dstActor="D0N37" name="p14" srcActor="D0N15"/>
            <port dstActor="D0N41" name="p15" srcActor="D0N13"/>
            <port dstActor="D0N30" name="p16" srcActor="D0N13"/>
            <port dstActor="D0N26" name="p17" srcActor="D0N13"/>
            <port dstActor="D0N32" name="p18" srcActor="D0N13"/>
            <port dstActor="D0N14" name="p19" srcActor="D0N12"/>
            <port dstActor="D0N33" name="p20" srcActor="D0N12"/>
            <port dstActor="D0N47" name="p21" srcActor="D0N12"/>
            <port dstActor="D0N28" name="p22" srcActor="D0N2"/>
            <port dstActor="D0N22" name="p23" srcActor="D0N2"/>
            <port dstActor="D0N7" name="p24" srcActor="D0N2"/>
            <port dstActor="D0N19" name="p25" srcActor="D0N5"/>
            <port dstActor="D0N36" name="p26" srcActor="D0N5"/>
            <port dstActor="D0N23" name="p27" srcActor="D0N5"/>
            <port dstActor="D0N18" name="p28" srcActor="D0N5"/>
            <port dstActor="D0N24" name="p29" srcActor="D0N5"/>
            <port dstActor="D0N28" name="p30" srcActor="D0N24"/>
            <port dstActor="D0N41" name="p31" srcActor="D0N32"/>
            <port dstActor="D0N39" name="p32" srcActor="D0N32"/>
            <port dstActor="D0N47" name="p33" srcActor="D0N35"/>
            <port dstActor="D0N49" name="p34" srcActor="D0N35"/>
            <port dstActor="D0N38" name="p35" srcActor="D0N20"/>
            <port dstActor="D0N39" name="p36" srcActor="D0N20"/>
            <port dstActor="D0N34" name="p37" srcActor="D0N22"/>
            <port dstActor="D0N46" name="p38" srcActor="D0N26"/>
            <port dstActor="D0N43" name="p39" srcActor="D0N26"/>
            <port dstActor="D0N47" name="p40" srcActor="D0N42"/>
            <port dstActor="D0N39" name="p41" srcActor="D0N18"/>
            <port dstActor="D0N37" name="p42" srcActor="D0N18"/>
            <port dstActor="D0N43" name="p43" srcActor="D0N18"/>
            <port dstActor="D0N21" name="p44" srcActor="D0N16"/>
            <port dstActor="D0N30" name="p45" srcActor="D0N16"/>
            <port dstActor="D0N42" name="p46" srcActor="D0N16"/>
            <port dstActor="D0N44" name="p47" srcActor="D0N16"/>
            <port dstActor="D0N24" name="p48" srcActor="D0N16"/>
            <port dstActor="D0N28" name="p49" srcActor="D0N16"/>
            <port dstActor="D0N18" name="p50" srcActor="D0N6"/>
            <port dstActor="D0N44" name="p51" srcActor="D0N6"/>
            <port dstActor="D0N31" name="p52" srcActor="D0N6"/>
            <port dstActor="D0N26" name="p53" srcActor="D0N6"/>
            <port dstActor="D0N29" name="p54" srcActor="D0N6"/>
            <port dstActor="D0N33" name="p55" srcActor="D0N25"/>
            <port dstActor="D0N29" name="p56" srcActor="D0N25"/>
            <port dstActor="D0N46" name="p57" srcActor="D0N43"/>
            <port dstActor="D0N48" name="p58" srcActor="D0N43"/>
            <port dstActor="D0N19" name="p59" srcActor="D0N0"/>
            <port dstActor="D0N49" name="p60" srcActor="D0N0"/>
            <port dstActor="D0N44" name="p61" srcActor="D0N40"/>
            <port dstActor="D0N10" name="p62" srcActor="D0N4"/>
            <port dstActor="D0N7" name="p63" srcActor="D0N4"/>
            <port dstActor="D0N39" name="p64" srcActor="D0N4"/>
            <port dstActor="D0N34" name="p65" srcActor="D0N3"/>
            <port dstActor="D0N9" name="p66" srcActor="D0N3"/>
            <port dstActor="D0N20" name="p67" srcActor="D0N3"/>
            <port dstActor="D0N13" name="p68" srcActor="D0N3"/>
            <port dstActor="D0N11" name="p69" srcActor="D0N3"/>
            <port dstActor="D0N38" name="p70" srcActor="D0N3"/>
            <port dstActor="D0N42" name="p71" srcActor="D0N3"/>
            <port dstActor="D0N8" name="p72" srcActor="D0N1"/>
            <port dstActor="D0N36" name="p73" srcActor="D0N1"/>
            <port dstActor="D0N23" name="p74" srcActor="D0N1"/>
            <port dstActor="D0N15" name="p75" srcActor="D0N1"/>
            <port dstActor="D0N49" name="p76" srcActor="D0N34"/>
            <port dstActor="D0N49" name="p77" srcActor="D0N27"/>
            <port dstActor="D0N37" name="p78" srcActor="D0N27"/>
            <port dstActor="D0N44" name="p79" srcActor="D0N27"/>
            <port dstActor="D0N48" name="p80" srcActor="D0N37"/>
            <port dstActor="D0N44" name="p81" srcActor="D0N17"/>
            <port dstActor="D0N32" name="p82" srcActor="D0N17"/>
            <port dstActor="D0N45" name="p83" srcActor="D0N17"/>
            <port dstActor="D0N19" name="p84" srcActor="D0N17"/>
            <port dstActor="D0N27" name="p85" srcActor="D0N17"/>
            <port dstActor="D0N24" name="p86" srcActor="D0N14"/>
            <port dstActor="D0N22" name="p87" srcActor="D0N14"/>
            <port dstActor="D0N38" name="p88" srcActor="D0N14"/>
            <port dstActor="D0N45" name="p89" srcActor="D0N14"/>
            <port dstActor="D0N44" name="p90" srcActor="D0N14"/>
            <port dstActor="D0N46" name="p91" srcActor="D0N14"/>
            <port dstActor="D0N47" name="p92" srcActor="D0N36"/>
            <port dstActor="D0N41" name="p93" srcActor="D0N36"/>
            <port dstActor="D0N38" name="p94" srcActor="D0N36"/>
            <port dstActor="D0N42" name="p95" srcActor="D0N36"/>
            <port dstActor="D0N37" name="p96" srcActor="D0N36"/>
            <port dstActor="D0N38" name="p97" srcActor="D0N31"/>
            <port dstActor="D0N46" name="p98" srcActor="D0N31"/>
            <port dstActor="D0N44" name="p99" srcActor="D0N23"/>
            <port dstActor="D0N36" name="p100" srcActor="D0N23"/>
            <port dstActor="D0N30" name="p101" srcActor="D0N23"/>
            <port dstActor="D0N18" name="p102" srcActor="D0N10"/>
            <port dstActor="D0N38" name="p103" srcActor="D0N10"/>
            <port dstActor="D0N27" name="p104" srcActor="D0N11"/>
            <port dstActor="D0N19" name="p105" srcActor="D0N11"/>
            <port dstActor="D0N39" name="p106" srcActor="D0N11"/>
            <port dstActor="D0N38" name="p107" srcActor="D0N11"/>
            <port dstActor="D0N23" name="p108" srcActor="D0N11"/>
            <port dstActor="D0N8" name="p109" srcActor="D0N7"/>
            <port dstActor="D0N18" name="p110" srcActor="D0N7"/>
            <port dstActor="D0N23" name="p111" srcActor="D0N7"/>
            <port dstActor="D0N21" name="p112" srcActor="D0N7"/>
            <port dstActor="D0N46" name="p113" srcActor="D0N28"/>
            <port dstActor="D0N45" name="p114" srcActor="D0N41"/>
            <port dstActor="D0N49" name="p115" srcActor="D0N41"/>
        </ports>
    </mcdag>
    <cores number="3"/>
    <levels number="2"/>
</mcsystem>
