<?xml version="1.0" encoding="UTF-8" standalone="no"?>
<mcsystem>
    <mcdag deadline="1200" name="genned-0-ed-10.0-0">
        <actor name="D0N6">
            <wcet number="0">60</wcet>
            <wcet number="1">140</wcet>
            <maxpow number="0.6199728632960072"/>
            <maxpow number="0.6199728632960072"/>
            <fprob>0.0</fprob>
        </actor>
        <actor name="D0N18">
            <wcet number="0">30</wcet>
            <wcet number="1">50</wcet>
            <maxpow number="0.599302966472695"/>
            <maxpow number="0.599302966472695"/>
            <fprob>0.0</fprob>
        </actor>
        <actor name="D0N24">
            <wcet number="0">220</wcet>
            <wcet number="1">280</wcet>
            <maxpow number="0.9135015860532139"/>
            <maxpow number="0.9135015860532139"/>
            <fprob>0.0</fprob>
        </actor>
        <actor name="D0N7">
            <wcet number="0">20</wcet>
            <wcet number="1">20</wcet>
            <maxpow number="0.4124442544072883"/>
            <maxpow number="0.4124442544072883"/>
            <fprob>0.0</fprob>
        </actor>
        <actor name="D0N34">
            <wcet number="0">20</wcet>
            <wcet number="1">20</wcet>
            <maxpow number="0.42397675944208624"/>
            <maxpow number="0.42397675944208624"/>
            <fprob>0.0</fprob>
        </actor>
        <actor name="D0N46">
            <wcet number="0">20</wcet>
            <wcet number="1">20</wcet>
            <maxpow number="0.22001635786820983"/>
            <maxpow number="0.22001635786820983"/>
            <fprob>0.0</fprob>
        </actor>
        <actor name="D0N19">
            <wcet number="0">10</wcet>
            <wcet number="1">20</wcet>
            <maxpow number="0.4814926327093064"/>
            <maxpow number="0.4814926327093064"/>
            <fprob>0.0</fprob>
        </actor>
        <actor name="D0N33">
            <wcet number="0">10</wcet>
            <wcet number="1">10</wcet>
            <maxpow number="0.8693895711702367"/>
            <maxpow number="0.8693895711702367"/>
            <fprob>0.0</fprob>
        </actor>
        <actor name="D0N37">
            <wcet number="0">50</wcet>
            <wcet number="1">60</wcet>
            <maxpow number="0.38803341287780047"/>
            <maxpow number="0.38803341287780047"/>
            <fprob>0.0</fprob>
        </actor>
        <actor name="D0N11">
            <wcet number="0">10</wcet>
            <wcet number="1">60</wcet>
            <maxpow number="0.8660071926993529"/>
            <maxpow number="0.8660071926993529"/>
            <fprob>0.0</fprob>
        </actor>
        <actor name="D0N12">
            <wcet number="0">60</wcet>
            <wcet number="1">100</wcet>
            <maxpow number="0.1280318095949738"/>
            <maxpow number="0.1280318095949738"/>
            <fprob>0.0</fprob>
        </actor>
        <actor name="D0N31">
            <wcet number="0">20</wcet>
            <wcet number="1">50</wcet>
            <maxpow number="0.7618381299903602"/>
            <maxpow number="0.7618381299903602"/>
            <fprob>0.0</fprob>
        </actor>
        <actor name="D0N2">
            <wcet number="0">30</wcet>
            <wcet number="1">40</wcet>
            <maxpow number="0.48305965712266563"/>
            <maxpow number="0.48305965712266563"/>
            <fprob>0.0</fprob>
        </actor>
        <actor name="D0N45">
            <wcet number="0">60</wcet>
            <wcet number="1">60</wcet>
            <maxpow number="0.40360298495640606"/>
            <maxpow number="0.40360298495640606"/>
            <fprob>0.0</fprob>
        </actor>
        <actor name="D0N35">
            <wcet number="0">10</wcet>
            <wcet number="1">10</wcet>
            <maxpow number="0.37675415192967576"/>
            <maxpow number="0.37675415192967576"/>
            <fprob>0.0</fprob>
        </actor>
        <actor name="D0N14">
            <wcet number="0">10</wcet>
            <wcet number="1">10</wcet>
            <maxpow number="0.6528348438339523"/>
            <maxpow number="0.6528348438339523"/>
            <fprob>0.0</fprob>
        </actor>
        <actor name="D0N0">
            <wcet number="0">10</wcet>
            <wcet number="1">40</wcet>
            <maxpow number="0.548477647763391"/>
            <maxpow number="0.548477647763391"/>
            <fprob>0.0</fprob>
        </actor>
        <actor name="D0N21">
            <wcet number="0">10</wcet>
            <wcet number="1">10</wcet>
            <maxpow number="0.47305033727325685"/>
            <maxpow number="0.47305033727325685"/>
            <fprob>0.0</fprob>
        </actor>
        <actor name="D0N23">
            <wcet number="0">20</wcet>
            <wcet number="1">30</wcet>
            <maxpow number="0.327942412055481"/>
            <maxpow number="0.327942412055481"/>
            <fprob>0.0</fprob>
        </actor>
        <actor name="D0N4">
            <wcet number="0">100</wcet>
            <wcet number="1">110</wcet>
            <maxpow number="0.5326145770847815"/>
            <maxpow number="0.5326145770847815"/>
            <fprob>0.0</fprob>
        </actor>
        <actor name="D0N9">
            <wcet number="0">20</wcet>
            <wcet number="1">100</wcet>
            <maxpow number="0.40702391236656477"/>
            <maxpow number="0.40702391236656477"/>
            <fprob>0.0</fprob>
        </actor>
        <actor name="D0N10">
            <wcet number="0">10</wcet>
            <wcet number="1">20</wcet>
            <maxpow number="0.2579833567350315"/>
            <maxpow number="0.2579833567350315"/>
            <fprob>0.0</fprob>
        </actor>
        <actor name="D0N28">
            <wcet number="0">50</wcet>
            <wcet number="1">50</wcet>
            <maxpow number="0.4161254467537638"/>
            <maxpow number="0.4161254467537638"/>
            <fprob>0.0</fprob>
        </actor>
        <actor name="D0N17">
            <wcet number="0">10</wcet>
            <wcet number="1">10</wcet>
            <maxpow number="0.6727391826868315"/>
            <maxpow number="0.6727391826868315"/>
            <fprob>0.0</fprob>
        </actor>
        <actor name="D0N16">
            <wcet number="0">50</wcet>
            <wcet number="1">140</wcet>
            <maxpow number="0.44322489298015766"/>
            <maxpow number="0.44322489298015766"/>
            <fprob>0.0</fprob>
        </actor>
        <actor name="D0N40">
            <wcet number="0">10</wcet>
            <wcet number="1">10</wcet>
            <maxpow number="0.5479816263993739"/>
            <maxpow number="0.5479816263993739"/>
            <fprob>0.0</fprob>
        </actor>
        <actor name="D0N26">
            <wcet number="0">70</wcet>
            <wcet number="1">100</wcet>
            <maxpow number="0.3568127173692892"/>
            <maxpow number="0.3568127173692892"/>
            <fprob>0.0</fprob>
        </actor>
        <actor name="D0N29">
            <wcet number="0">10</wcet>
            <wcet number="1">20</wcet>
            <maxpow number="0.8832331977377672"/>
            <maxpow number="0.8832331977377672"/>
            <fprob>0.0</fprob>
        </actor>
        <actor name="D0N38">
            <wcet number="0">20</wcet>
            <wcet number="1">30</wcet>
            <maxpow number="0.7536049003409006"/>
            <maxpow number="0.7536049003409006"/>
            <fprob>0.0</fprob>
        </actor>
        <actor name="D0N1">
            <wcet number="0">30</wcet>
            <wcet number="1">40</wcet>
            <maxpow number="0.42243976282120166"/>
            <maxpow number="0.42243976282120166"/>
            <fprob>0.0</fprob>
        </actor>
        <actor name="D0N30">
            <wcet number="0">20</wcet>
            <wcet number="1">20</wcet>
            <maxpow number="0.31181890842884363"/>
            <maxpow number="0.31181890842884363"/>
            <fprob>0.0</fprob>
        </actor>
        <actor name="D0N32">
            <wcet number="0">20</wcet>
            <wcet number="1">20</wcet>
            <maxpow number="0.6306871229041375"/>
            <maxpow number="0.6306871229041375"/>
            <fprob>0.0</fprob>
        </actor>
        <actor name="D0N39">
            <wcet number="0">10</wcet>
            <wcet number="1">10</wcet>
            <maxpow number="0.5551271470124861"/>
            <maxpow number="0.5551271470124861"/>
            <fprob>0.0</fprob>
        </actor>
        <actor name="D0N3">
            <wcet number="0">50</wcet>
            <wcet number="1">70</wcet>
            <maxpow number="0.6457594823297648"/>
            <maxpow number="0.6457594823297648"/>
            <fprob>0.0</fprob>
        </actor>
        <actor name="D0N36">
            <wcet number="0">40</wcet>
            <wcet number="1">70</wcet>
            <maxpow number="0.7016200328503963"/>
            <maxpow number="0.7016200328503963"/>
            <fprob>0.0</fprob>
        </actor>
        <actor name="D0N27">
            <wcet number="0">10</wcet>
            <wcet number="1">10</wcet>
            <maxpow number="0.7013021859891482"/>
            <maxpow number="0.7013021859891482"/>
            <fprob>0.0</fprob>
        </actor>
        <actor name="D0N43">
            <wcet number="0">20</wcet>
            <wcet number="1">60</wcet>
            <maxpow number="0.6896368154814589"/>
            <maxpow number="0.6896368154814589"/>
            <fprob>0.0</fprob>
        </actor>
        <actor name="D0N25">
            <wcet number="0">20</wcet>
            <wcet number="1">50</wcet>
            <maxpow number="0.5248441797330402"/>
            <maxpow number="0.5248441797330402"/>
            <fprob>0.0</fprob>
        </actor>
        <actor name="D0N44">
            <wcet number="0">40</wcet>
            <wcet number="1">60</wcet>
            <maxpow number="0.9462661557772445"/>
            <maxpow number="0.9462661557772445"/>
            <fprob>0.0</fprob>
        </actor>
        <actor name="D0N13">
            <wcet number="0">20</wcet>
            <wcet number="1">30</wcet>
            <maxpow number="0.3487795036013758"/>
            <maxpow number="0.3487795036013758"/>
            <fprob>0.0</fprob>
        </actor>
        <actor name="D0N20">
            <wcet number="0">20</wcet>
            <wcet number="1">60</wcet>
            <maxpow number="0.3404160679343352"/>
            <maxpow number="0.3404160679343352"/>
            <fprob>0.0</fprob>
        </actor>
        <actor name="D0N15">
            <wcet number="0">20</wcet>
            <wcet number="1">50</wcet>
            <maxpow number="0.32731560355814837"/>
            <maxpow number="0.32731560355814837"/>
            <fprob>0.0</fprob>
        </actor>
        <actor name="D0N5">
            <wcet number="0">10</wcet>
            <wcet number="1">250</wcet>
            <maxpow number="0.639543481808193"/>
            <maxpow number="0.639543481808193"/>
            <fprob>0.0</fprob>
        </actor>
        <actor name="D0N8">
            <wcet number="0">10</wcet>
            <wcet number="1">70</wcet>
            <maxpow number="0.4927529936073699"/>
            <maxpow number="0.4927529936073699"/>
            <fprob>0.0</fprob>
        </actor>
        <actor name="D0N41">
            <wcet number="0">50</wcet>
            <wcet number="1">60</wcet>
            <maxpow number="0.3852515342264121"/>
            <maxpow number="0.3852515342264121"/>
            <fprob>0.0</fprob>
        </actor>
        <actor name="D0N42">
            <wcet number="0">50</wcet>
            <wcet number="1">80</wcet>
            <maxpow number="0.3592871189463451"/>
            <maxpow number="0.3592871189463451"/>
            <fprob>0.0</fprob>
        </actor>
        <actor name="D0N22">
            <wcet number="0">10</wcet>
            <wcet number="1">10</wcet>
            <maxpow number="0.5278078782049238"/>
            <maxpow number="0.5278078782049238"/>
            <fprob>0.0</fprob>
        </actor>
        <ports>
            <port dstActor="D0N33" name="p0" srcActor="D0N6"/>
            <port dstActor="D0N39" name="p1" srcActor="D0N18"/>
            <port dstActor="D0N44" name="p2" srcActor="D0N18"/>
            <port dstActor="D0N28" name="p3" srcActor="D0N18"/>
            <port dstActor="D0N38" name="p4" srcActor="D0N18"/>
            <port dstActor="D0N28" name="p5" srcActor="D0N24"/>
            <port dstActor="D0N43" name="p6" srcActor="D0N24"/>
            <port dstActor="D0N29" name="p7" srcActor="D0N7"/>
            <port dstActor="D0N19" name="p8" srcActor="D0N7"/>
            <port dstActor="D0N28" name="p9" srcActor="D0N7"/>
            <port dstActor="D0N39" name="p10" srcActor="D0N7"/>
            <port dstActor="D0N43" name="p11" srcActor="D0N7"/>
            <port dstActor="D0N40" name="p12" srcActor="D0N34"/>
            <port dstActor="D0N35" name="p13" srcActor="D0N34"/>
            <port dstActor="D0N43" name="p14" srcActor="D0N34"/>
            <port dstActor="D0N44" name="p15" srcActor="D0N34"/>
            <port dstActor="D0N29" name="p16" srcActor="D0N19"/>
            <port dstActor="D0N32" name="p17" srcActor="D0N19"/>
            <port dstActor="D0N46" name="p18" srcActor="D0N19"/>
            <port dstActor="D0N41" name="p19" srcActor="D0N19"/>
            <port dstActor="D0N33" name="p20" srcActor="D0N19"/>
            <port dstActor="D0N37" name="p21" srcActor="D0N33"/>
            <port dstActor="D0N38" name="p22" srcActor="D0N33"/>
            <port dstActor="D0N44" name="p23" srcActor="D0N33"/>
            <port dstActor="D0N43" name="p24" srcActor="D0N37"/>
            <port dstActor="D0N28" name="p25" srcActor="D0N11"/>
            <port dstActor="D0N41" name="p26" srcActor="D0N11"/>
            <port dstActor="D0N25" name="p27" srcActor="D0N11"/>
            <port dstActor="D0N20" name="p28" srcActor="D0N11"/>
            <port dstActor="D0N21" name="p29" srcActor="D0N12"/>
            <port dstActor="D0N45" name="p30" srcActor="D0N12"/>
            <port dstActor="D0N34" name="p31" srcActor="D0N12"/>
            <port dstActor="D0N30" name="p32" srcActor="D0N12"/>
            <port dstActor="D0N17" name="p33" srcActor="D0N12"/>
            <port dstActor="D0N16" name="p34" srcActor="D0N12"/>
            <port dstActor="D0N38" name="p35" srcActor="D0N31"/>
            <port dstActor="D0N10" name="p36" srcActor="D0N2"/>
            <port dstActor="D0N5" name="p37" srcActor="D0N2"/>
            <port dstActor="D0N43" name="p38" srcActor="D0N2"/>
            <port dstActor="D0N7" name="p39" srcActor="D0N2"/>
            <port dstActor="D0N46" name="p40" srcActor="D0N45"/>
            <port dstActor="D0N45" name="p41" srcActor="D0N35"/>
            <port dstActor="D0N38" name="p42" srcActor="D0N35"/>
            <port dstActor="D0N39" name="p43" srcActor="D0N35"/>
            <port dstActor="D0N34" name="p44" srcActor="D0N14"/>
            <port dstActor="D0N39" name="p45" srcActor="D0N14"/>
            <port dstActor="D0N38" name="p46" srcActor="D0N14"/>
            <port dstActor="D0N19" name="p47" srcActor="D0N0"/>
            <port dstActor="D0N23" name="p48" srcActor="D0N0"/>
            <port dstActor="D0N20" name="p49" srcActor="D0N0"/>
            <port dstActor="D0N37" name="p50" srcActor="D0N0"/>
            <port dstActor="D0N5" name="p51" srcActor="D0N0"/>
            <port dstActor="D0N21" name="p52" srcActor="D0N0"/>
            <port dstActor="D0N42" name="p53" srcActor="D0N21"/>
            <port dstActor="D0N45" name="p54" srcActor="D0N21"/>
            <port dstActor="D0N39" name="p55" srcActor="D0N21"/>
            <port dstActor="D0N34" name="p56" srcActor="D0N23"/>
            <port dstActor="D0N26" name="p57" srcActor="D0N23"/>
            <port dstActor="D0N37" name="p58" srcActor="D0N23"/>
            <port dstActor="D0N43" name="p59" srcActor="D0N23"/>
            <port dstActor="D0N13" name="p60" srcActor="D0N4"/>
            <port dstActor="D0N15" name="p61" srcActor="D0N4"/>
            <port dstActor="D0N5" name="p62" srcActor="D0N4"/>
            <port dstActor="D0N40" name="p63" srcActor="D0N4"/>
            <port dstActor="D0N31" name="p64" srcActor="D0N9"/>
            <port dstActor="D0N41" name="p65" srcActor="D0N9"/>
            <port dstActor="D0N17" name="p66" srcActor="D0N9"/>
            <port dstActor="D0N18" name="p67" srcActor="D0N9"/>
            <port dstActor="D0N34" name="p68" srcActor="D0N9"/>
            <port dstActor="D0N46" name="p69" srcActor="D0N9"/>
            <port dstActor="D0N37" name="p70" srcActor="D0N10"/>
            <port dstActor="D0N21" name="p71" srcActor="D0N10"/>
            <port dstActor="D0N33" name="p72" srcActor="D0N10"/>
            <port dstActor="D0N46" name="p73" srcActor="D0N10"/>
            <port dstActor="D0N25" name="p74" srcActor="D0N10"/>
            <port dstActor="D0N39" name="p75" srcActor="D0N10"/>
            <port dstActor="D0N44" name="p76" srcActor="D0N10"/>
            <port dstActor="D0N33" name="p77" srcActor="D0N17"/>
            <port dstActor="D0N39" name="p78" srcActor="D0N17"/>
            <port dstActor="D0N31" name="p79" srcActor="D0N16"/>
            <port dstActor="D0N45" name="p80" srcActor="D0N40"/>
            <port dstActor="D0N44" name="p81" srcActor="D0N40"/>
            <port dstActor="D0N29" name="p82" srcActor="D0N26"/>
            <port dstActor="D0N35" name="p83" srcActor="D0N26"/>
            <port dstActor="D0N33" name="p84" srcActor="D0N26"/>
            <port dstActor="D0N37" name="p85" srcActor="D0N29"/>
            <port dstActor="D0N45" name="p86" srcActor="D0N38"/>
            <port dstActor="D0N44" name="p87" srcActor="D0N38"/>
            <port dstActor="D0N43" name="p88" srcActor="D0N1"/>
            <port dstActor="D0N33" name="p89" srcActor="D0N1"/>
            <port dstActor="D0N45" name="p90" srcActor="D0N30"/>
            <port dstActor="D0N37" name="p91" srcActor="D0N30"/>
            <port dstActor="D0N43" name="p92" srcActor="D0N32"/>
            <port dstActor="D0N44" name="p93" srcActor="D0N3"/>
            <port dstActor="D0N36" name="p94" srcActor="D0N3"/>
            <port dstActor="D0N40" name="p95" srcActor="D0N3"/>
            <port dstActor="D0N41" name="p96" srcActor="D0N36"/>
            <port dstActor="D0N40" name="p97" srcActor="D0N27"/>
            <port dstActor="D0N45" name="p98" srcActor="D0N27"/>
            <port dstActor="D0N14" name="p99" srcActor="D0N13"/>
            <port dstActor="D0N37" name="p100" srcActor="D0N13"/>
            <port dstActor="D0N33" name="p101" srcActor="D0N20"/>
            <port dstActor="D0N26" name="p102" srcActor="D0N20"/>
            <port dstActor="D0N36" name="p103" srcActor="D0N15"/>
            <port dstActor="D0N42" name="p104" srcActor="D0N15"/>
            <port dstActor="D0N16" name="p105" srcActor="D0N15"/>
            <port dstActor="D0N15" name="p106" srcActor="D0N5"/>
            <port dstActor="D0N17" name="p107" srcActor="D0N5"/>
            <port dstActor="D0N26" name="p108" srcActor="D0N5"/>
            <port dstActor="D0N25" name="p109" srcActor="D0N5"/>
            <port dstActor="D0N33" name="p110" srcActor="D0N8"/>
            <port dstActor="D0N31" name="p111" srcActor="D0N8"/>
            <port dstActor="D0N26" name="p112" srcActor="D0N8"/>
            <port dstActor="D0N43" name="p113" srcActor="D0N8"/>
            <port dstActor="D0N46" name="p114" srcActor="D0N41"/>
            <port dstActor="D0N33" name="p115" srcActor="D0N22"/>
            <port dstActor="D0N23" name="p116" srcActor="D0N22"/>
        </ports>
    </mcdag>
    <cores number="3"/>
    <levels number="2"/>
</mcsystem>
