<?xml version="1.0" encoding="UTF-8" standalone="no"?>
<mcsystem>
    <mcdag deadline="2000" name="genned-0-ed-10.0-0">
        <actor name="D0N9">
            <wcet number="0">20</wcet>
            <wcet number="1">20</wcet>
            <maxpow number="0.5396564021508029"/>
            <maxpow number="0.5396564021508029"/>
            <fprob>0.0</fprob>
        </actor>
        <actor name="D0N21">
            <wcet number="0">30</wcet>
            <wcet number="1">150</wcet>
            <maxpow number="0.5239387883216889"/>
            <maxpow number="0.5239387883216889"/>
            <fprob>0.0</fprob>
        </actor>
        <actor name="D0N33">
            <wcet number="0">20</wcet>
            <wcet number="1">100</wcet>
            <maxpow number="0.38206839561675743"/>
            <maxpow number="0.38206839561675743"/>
            <fprob>0.0</fprob>
        </actor>
        <actor name="D0N40">
            <wcet number="0">10</wcet>
            <wcet number="1">10</wcet>
            <maxpow number="0.7095970725037877"/>
            <maxpow number="0.7095970725037877"/>
            <fprob>0.0</fprob>
        </actor>
        <actor name="D0N11">
            <wcet number="0">10</wcet>
            <wcet number="1">40</wcet>
            <maxpow number="0.6703804384047867"/>
            <maxpow number="0.6703804384047867"/>
            <fprob>0.0</fprob>
        </actor>
        <actor name="D0N38">
            <wcet number="0">10</wcet>
            <wcet number="1">10</wcet>
            <maxpow number="0.6514005783880688"/>
            <maxpow number="0.6514005783880688"/>
            <fprob>0.0</fprob>
        </actor>
        <actor name="D0N8">
            <wcet number="0">30</wcet>
            <wcet number="1">230</wcet>
            <maxpow number="0.5459452996871769"/>
            <maxpow number="0.5459452996871769"/>
            <fprob>0.0</fprob>
        </actor>
        <actor name="D0N29">
            <wcet number="0">70</wcet>
            <wcet number="1">80</wcet>
            <maxpow number="0.5123010841746185"/>
            <maxpow number="0.5123010841746185"/>
            <fprob>0.0</fprob>
        </actor>
        <actor name="D0N13">
            <wcet number="0">60</wcet>
            <wcet number="1">90</wcet>
            <maxpow number="0.5379765650674921"/>
            <maxpow number="0.5379765650674921"/>
            <fprob>0.0</fprob>
        </actor>
        <actor name="D0N17">
            <wcet number="0">10</wcet>
            <wcet number="1">40</wcet>
            <maxpow number="0.4538768850391088"/>
            <maxpow number="0.4538768850391088"/>
            <fprob>0.0</fprob>
        </actor>
        <actor name="D0N14">
            <wcet number="0">80</wcet>
            <wcet number="1">80</wcet>
            <maxpow number="0.4158758589789079"/>
            <maxpow number="0.4158758589789079"/>
            <fprob>0.0</fprob>
        </actor>
        <actor name="D0N32">
            <wcet number="0">50</wcet>
            <wcet number="1">340</wcet>
            <maxpow number="0.8606427817550599"/>
            <maxpow number="0.8606427817550599"/>
            <fprob>0.0</fprob>
        </actor>
        <actor name="D0N30">
            <wcet number="0">10</wcet>
            <wcet number="1">10</wcet>
            <maxpow number="0.8255046769008201"/>
            <maxpow number="0.8255046769008201"/>
            <fprob>0.0</fprob>
        </actor>
        <actor name="D0N46">
            <wcet number="0">10</wcet>
            <wcet number="1">20</wcet>
            <maxpow number="0.36821018572520625"/>
            <maxpow number="0.36821018572520625"/>
            <fprob>0.0</fprob>
        </actor>
        <actor name="D0N37">
            <wcet number="0">10</wcet>
            <wcet number="1">70</wcet>
            <maxpow number="0.7061609388713741"/>
            <maxpow number="0.7061609388713741"/>
            <fprob>0.0</fprob>
        </actor>
        <actor name="D0N36">
            <wcet number="0">80</wcet>
            <wcet number="1">220</wcet>
            <maxpow number="0.282786851592439"/>
            <maxpow number="0.282786851592439"/>
            <fprob>0.0</fprob>
        </actor>
        <actor name="D0N12">
            <wcet number="0">50</wcet>
            <wcet number="1">170</wcet>
            <maxpow number="0.28917076730312286"/>
            <maxpow number="0.28917076730312286"/>
            <fprob>0.0</fprob>
        </actor>
        <actor name="D0N42">
            <wcet number="0">160</wcet>
            <wcet number="1">190</wcet>
            <maxpow number="0.559823889074922"/>
            <maxpow number="0.559823889074922"/>
            <fprob>0.0</fprob>
        </actor>
        <actor name="D0N43">
            <wcet number="0">310</wcet>
            <wcet number="1">360</wcet>
            <maxpow number="0.708373948697961"/>
            <maxpow number="0.708373948697961"/>
            <fprob>0.0</fprob>
        </actor>
        <actor name="D0N3">
            <wcet number="0">80</wcet>
            <wcet number="1">170</wcet>
            <maxpow number="0.6577400447957209"/>
            <maxpow number="0.6577400447957209"/>
            <fprob>0.0</fprob>
        </actor>
        <actor name="D0N22">
            <wcet number="0">10</wcet>
            <wcet number="1">20</wcet>
            <maxpow number="0.46305323095716283"/>
            <maxpow number="0.46305323095716283"/>
            <fprob>0.0</fprob>
        </actor>
        <actor name="D0N23">
            <wcet number="0">80</wcet>
            <wcet number="1">80</wcet>
            <maxpow number="0.38009196639494947"/>
            <maxpow number="0.38009196639494947"/>
            <fprob>0.0</fprob>
        </actor>
        <actor name="D0N6">
            <wcet number="0">310</wcet>
            <wcet number="1">450</wcet>
            <maxpow number="0.7605106735981393"/>
            <maxpow number="0.7605106735981393"/>
            <fprob>0.0</fprob>
        </actor>
        <actor name="D0N26">
            <wcet number="0">70</wcet>
            <wcet number="1">290</wcet>
            <maxpow number="0.5718884058171165"/>
            <maxpow number="0.5718884058171165"/>
            <fprob>0.0</fprob>
        </actor>
        <actor name="D0N18">
            <wcet number="0">170</wcet>
            <wcet number="1">290</wcet>
            <maxpow number="0.37519682909006713"/>
            <maxpow number="0.37519682909006713"/>
            <fprob>0.0</fprob>
        </actor>
        <actor name="D0N19">
            <wcet number="0">40</wcet>
            <wcet number="1">60</wcet>
            <maxpow number="0.8357951248634974"/>
            <maxpow number="0.8357951248634974"/>
            <fprob>0.0</fprob>
        </actor>
        <actor name="D0N25">
            <wcet number="0">80</wcet>
            <wcet number="1">80</wcet>
            <maxpow number="0.6303819875992085"/>
            <maxpow number="0.6303819875992085"/>
            <fprob>0.0</fprob>
        </actor>
        <actor name="D0N15">
            <wcet number="0">100</wcet>
            <wcet number="1">190</wcet>
            <maxpow number="0.6896469541012938"/>
            <maxpow number="0.6896469541012938"/>
            <fprob>0.0</fprob>
        </actor>
        <actor name="D0N7">
            <wcet number="0">150</wcet>
            <wcet number="1">160</wcet>
            <maxpow number="0.43837674015869926"/>
            <maxpow number="0.43837674015869926"/>
            <fprob>0.0</fprob>
        </actor>
        <actor name="D0N41">
            <wcet number="0">10</wcet>
            <wcet number="1">20</wcet>
            <maxpow number="0.7126114155885785"/>
            <maxpow number="0.7126114155885785"/>
            <fprob>0.0</fprob>
        </actor>
        <actor name="D0N0">
            <wcet number="0">30</wcet>
            <wcet number="1">60</wcet>
            <maxpow number="0.34879648728238755"/>
            <maxpow number="0.34879648728238755"/>
            <fprob>0.0</fprob>
        </actor>
        <actor name="D0N1">
            <wcet number="0">40</wcet>
            <wcet number="1">90</wcet>
            <maxpow number="0.40334538537302234"/>
            <maxpow number="0.40334538537302234"/>
            <fprob>0.0</fprob>
        </actor>
        <actor name="D0N2">
            <wcet number="0">10</wcet>
            <wcet number="1">10</wcet>
            <maxpow number="0.5993300000523887"/>
            <maxpow number="0.5993300000523887"/>
            <fprob>0.0</fprob>
        </actor>
        <actor name="D0N28">
            <wcet number="0">10</wcet>
            <wcet number="1">50</wcet>
            <maxpow number="0.37910104215521334"/>
            <maxpow number="0.37910104215521334"/>
            <fprob>0.0</fprob>
        </actor>
        <actor name="D0N45">
            <wcet number="0">100</wcet>
            <wcet number="1">100</wcet>
            <maxpow number="0.48298150312150856"/>
            <maxpow number="0.48298150312150856"/>
            <fprob>0.0</fprob>
        </actor>
        <actor name="D0N34">
            <wcet number="0">10</wcet>
            <wcet number="1">10</wcet>
            <maxpow number="0.7064475461464109"/>
            <maxpow number="0.7064475461464109"/>
            <fprob>0.0</fprob>
        </actor>
        <actor name="D0N5">
            <wcet number="0">30</wcet>
            <wcet number="1">210</wcet>
            <maxpow number="0.26435703780438313"/>
            <maxpow number="0.26435703780438313"/>
            <fprob>0.0</fprob>
        </actor>
        <actor name="D0N10">
            <wcet number="0">40</wcet>
            <wcet number="1">110</wcet>
            <maxpow number="0.5612869529070642"/>
            <maxpow number="0.5612869529070642"/>
            <fprob>0.0</fprob>
        </actor>
        <actor name="D0N20">
            <wcet number="0">150</wcet>
            <wcet number="1">180</wcet>
            <maxpow number="0.44819901032520215"/>
            <maxpow number="0.44819901032520215"/>
            <fprob>0.0</fprob>
        </actor>
        <actor name="D0N4">
            <wcet number="0">80</wcet>
            <wcet number="1">100</wcet>
            <maxpow number="0.27736232696988933"/>
            <maxpow number="0.27736232696988933"/>
            <fprob>0.0</fprob>
        </actor>
        <actor name="D0N44">
            <wcet number="0">30</wcet>
            <wcet number="1">30</wcet>
            <maxpow number="0.7705234551810423"/>
            <maxpow number="0.7705234551810423"/>
            <fprob>0.0</fprob>
        </actor>
        <actor name="D0N24">
            <wcet number="0">80</wcet>
            <wcet number="1">210</wcet>
            <maxpow number="0.6997255521801661"/>
            <maxpow number="0.6997255521801661"/>
            <fprob>0.0</fprob>
        </actor>
        <actor name="D0N31">
            <wcet number="0">20</wcet>
            <wcet number="1">110</wcet>
            <maxpow number="0.5169808922897455"/>
            <maxpow number="0.5169808922897455"/>
            <fprob>0.0</fprob>
        </actor>
        <actor name="D0N27">
            <wcet number="0">60</wcet>
            <wcet number="1">80</wcet>
            <maxpow number="0.33263639486085606"/>
            <maxpow number="0.33263639486085606"/>
            <fprob>0.0</fprob>
        </actor>
        <actor name="D0N35">
            <wcet number="0">10</wcet>
            <wcet number="1">20</wcet>
            <maxpow number="0.331461724025814"/>
            <maxpow number="0.331461724025814"/>
            <fprob>0.0</fprob>
        </actor>
        <actor name="D0N16">
            <wcet number="0">140</wcet>
            <wcet number="1">170</wcet>
            <maxpow number="0.7628257951636521"/>
            <maxpow number="0.7628257951636521"/>
            <fprob>0.0</fprob>
        </actor>
        <actor name="D0N39">
            <wcet number="0">10</wcet>
            <wcet number="1">20</wcet>
            <maxpow number="0.36613301545859683"/>
            <maxpow number="0.36613301545859683"/>
            <fprob>0.0</fprob>
        </actor>
        <ports>
            <port dstActor="D0N14" name="p0" srcActor="D0N9"/>
            <port dstActor="D0N30" name="p1" srcActor="D0N9"/>
            <port dstActor="D0N33" name="p2" srcActor="D0N9"/>
            <port dstActor="D0N27" name="p3" srcActor="D0N9"/>
            <port dstActor="D0N40" name="p4" srcActor="D0N9"/>
            <port dstActor="D0N22" name="p5" srcActor="D0N9"/>
            <port dstActor="D0N21" name="p6" srcActor="D0N9"/>
            <port dstActor="D0N23" name="p7" srcActor="D0N9"/>
            <port dstActor="D0N13" name="p8" srcActor="D0N9"/>
            <port dstActor="D0N43" name="p9" srcActor="D0N9"/>
            <port dstActor="D0N37" name="p10" srcActor="D0N9"/>
            <port dstActor="D0N10" name="p11" srcActor="D0N9"/>
            <port dstActor="D0N41" name="p12" srcActor="D0N21"/>
            <port dstActor="D0N26" name="p13" srcActor="D0N21"/>
            <port dstActor="D0N39" name="p14" srcActor="D0N21"/>
            <port dstActor="D0N35" name="p15" srcActor="D0N33"/>
            <port dstActor="D0N36" name="p16" srcActor="D0N33"/>
            <port dstActor="D0N19" name="p17" srcActor="D0N11"/>
            <port dstActor="D0N25" name="p18" srcActor="D0N11"/>
            <port dstActor="D0N42" name="p19" srcActor="D0N38"/>
            <port dstActor="D0N43" name="p20" srcActor="D0N38"/>
            <port dstActor="D0N35" name="p21" srcActor="D0N8"/>
            <port dstActor="D0N18" name="p22" srcActor="D0N8"/>
            <port dstActor="D0N40" name="p23" srcActor="D0N29"/>
            <port dstActor="D0N38" name="p24" srcActor="D0N13"/>
            <port dstActor="D0N42" name="p25" srcActor="D0N13"/>
            <port dstActor="D0N39" name="p26" srcActor="D0N13"/>
            <port dstActor="D0N16" name="p27" srcActor="D0N13"/>
            <port dstActor="D0N26" name="p28" srcActor="D0N13"/>
            <port dstActor="D0N29" name="p29" srcActor="D0N17"/>
            <port dstActor="D0N30" name="p30" srcActor="D0N17"/>
            <port dstActor="D0N18" name="p31" srcActor="D0N14"/>
            <port dstActor="D0N44" name="p32" srcActor="D0N14"/>
            <port dstActor="D0N24" name="p33" srcActor="D0N14"/>
            <port dstActor="D0N46" name="p34" srcActor="D0N14"/>
            <port dstActor="D0N32" name="p35" srcActor="D0N14"/>
            <port dstActor="D0N43" name="p36" srcActor="D0N32"/>
            <port dstActor="D0N39" name="p37" srcActor="D0N30"/>
            <port dstActor="D0N46" name="p38" srcActor="D0N37"/>
            <port dstActor="D0N43" name="p39" srcActor="D0N36"/>
            <port dstActor="D0N44" name="p40" srcActor="D0N36"/>
            <port dstActor="D0N38" name="p41" srcActor="D0N36"/>
            <port dstActor="D0N17" name="p42" srcActor="D0N12"/>
            <port dstActor="D0N23" name="p43" srcActor="D0N12"/>
            <port dstActor="D0N43" name="p44" srcActor="D0N12"/>
            <port dstActor="D0N44" name="p45" srcActor="D0N42"/>
            <port dstActor="D0N46" name="p46" srcActor="D0N43"/>
            <port dstActor="D0N41" name="p47" srcActor="D0N3"/>
            <port dstActor="D0N21" name="p48" srcActor="D0N3"/>
            <port dstActor="D0N15" name="p49" srcActor="D0N3"/>
            <port dstActor="D0N17" name="p50" srcActor="D0N3"/>
            <port dstActor="D0N35" name="p51" srcActor="D0N22"/>
            <port dstActor="D0N32" name="p52" srcActor="D0N22"/>
            <port dstActor="D0N42" name="p53" srcActor="D0N22"/>
            <port dstActor="D0N28" name="p54" srcActor="D0N22"/>
            <port dstActor="D0N40" name="p55" srcActor="D0N23"/>
            <port dstActor="D0N29" name="p56" srcActor="D0N23"/>
            <port dstActor="D0N27" name="p57" srcActor="D0N23"/>
            <port dstActor="D0N28" name="p58" srcActor="D0N23"/>
            <port dstActor="D0N45" name="p59" srcActor="D0N23"/>
            <port dstActor="D0N22" name="p60" srcActor="D0N6"/>
            <port dstActor="D0N40" name="p61" srcActor="D0N6"/>
            <port dstActor="D0N43" name="p62" srcActor="D0N6"/>
            <port dstActor="D0N28" name="p63" srcActor="D0N6"/>
            <port dstActor="D0N37" name="p64" srcActor="D0N6"/>
            <port dstActor="D0N35" name="p65" srcActor="D0N26"/>
            <port dstActor="D0N41" name="p66" srcActor="D0N26"/>
            <port dstActor="D0N44" name="p67" srcActor="D0N26"/>
            <port dstActor="D0N29" name="p68" srcActor="D0N18"/>
            <port dstActor="D0N44" name="p69" srcActor="D0N18"/>
            <port dstActor="D0N39" name="p70" srcActor="D0N19"/>
            <port dstActor="D0N24" name="p71" srcActor="D0N19"/>
            <port dstActor="D0N35" name="p72" srcActor="D0N19"/>
            <port dstActor="D0N37" name="p73" srcActor="D0N25"/>
            <port dstActor="D0N46" name="p74" srcActor="D0N15"/>
            <port dstActor="D0N19" name="p75" srcActor="D0N15"/>
            <port dstActor="D0N31" name="p76" srcActor="D0N15"/>
            <port dstActor="D0N15" name="p77" srcActor="D0N7"/>
            <port dstActor="D0N44" name="p78" srcActor="D0N41"/>
            <port dstActor="D0N4" name="p79" srcActor="D0N0"/>
            <port dstActor="D0N17" name="p80" srcActor="D0N0"/>
            <port dstActor="D0N33" name="p81" srcActor="D0N0"/>
            <port dstActor="D0N32" name="p82" srcActor="D0N0"/>
            <port dstActor="D0N37" name="p83" srcActor="D0N0"/>
            <port dstActor="D0N2" name="p84" srcActor="D0N1"/>
            <port dstActor="D0N13" name="p85" srcActor="D0N1"/>
            <port dstActor="D0N40" name="p86" srcActor="D0N1"/>
            <port dstActor="D0N38" name="p87" srcActor="D0N1"/>
            <port dstActor="D0N38" name="p88" srcActor="D0N2"/>
            <port dstActor="D0N21" name="p89" srcActor="D0N2"/>
            <port dstActor="D0N9" name="p90" srcActor="D0N2"/>
            <port dstActor="D0N45" name="p91" srcActor="D0N2"/>
            <port dstActor="D0N3" name="p92" srcActor="D0N2"/>
            <port dstActor="D0N46" name="p93" srcActor="D0N45"/>
            <port dstActor="D0N12" name="p94" srcActor="D0N5"/>
            <port dstActor="D0N16" name="p95" srcActor="D0N5"/>
            <port dstActor="D0N46" name="p96" srcActor="D0N10"/>
            <port dstActor="D0N13" name="p97" srcActor="D0N10"/>
            <port dstActor="D0N36" name="p98" srcActor="D0N10"/>
            <port dstActor="D0N24" name="p99" srcActor="D0N10"/>
            <port dstActor="D0N33" name="p100" srcActor="D0N20"/>
            <port dstActor="D0N36" name="p101" srcActor="D0N20"/>
            <port dstActor="D0N30" name="p102" srcActor="D0N4"/>
            <port dstActor="D0N42" name="p103" srcActor="D0N4"/>
            <port dstActor="D0N31" name="p104" srcActor="D0N4"/>
            <port dstActor="D0N20" name="p105" srcActor="D0N4"/>
            <port dstActor="D0N35" name="p106" srcActor="D0N24"/>
            <port dstActor="D0N40" name="p107" srcActor="D0N24"/>
            <port dstActor="D0N42" name="p108" srcActor="D0N24"/>
            <port dstActor="D0N30" name="p109" srcActor="D0N24"/>
            <port dstActor="D0N35" name="p110" srcActor="D0N31"/>
            <port dstActor="D0N40" name="p111" srcActor="D0N27"/>
            <port dstActor="D0N33" name="p112" srcActor="D0N27"/>
            <port dstActor="D0N34" name="p113" srcActor="D0N27"/>
            <port dstActor="D0N42" name="p114" srcActor="D0N27"/>
            <port dstActor="D0N39" name="p115" srcActor="D0N35"/>
            <port dstActor="D0N23" name="p116" srcActor="D0N16"/>
            <port dstActor="D0N28" name="p117" srcActor="D0N16"/>
            <port dstActor="D0N32" name="p118" srcActor="D0N16"/>
            <port dstActor="D0N17" name="p119" srcActor="D0N16"/>
            <port dstActor="D0N46" name="p120" srcActor="D0N16"/>
            <port dstActor="D0N38" name="p121" srcActor="D0N16"/>
            <port dstActor="D0N44" name="p122" srcActor="D0N39"/>
        </ports>
    </mcdag>
    <cores number="3"/>
    <levels number="2"/>
</mcsystem>
