<?xml version="1.0" encoding="UTF-8" standalone="no"?>
<mcsystem>
    <mcdag deadline="2000" name="genned-0-ed-10.0-0">
        <actor name="D0N37">
            <wcet number="0">200</wcet>
            <wcet number="1">290</wcet>
            <maxpow number="0.4992993419581408"/>
            <maxpow number="0.4992993419581408"/>
            <fprob>0.0</fprob>
        </actor>
        <actor name="D0N45">
            <wcet number="0">40</wcet>
            <wcet number="1">50</wcet>
            <maxpow number="0.035392648545114924"/>
            <maxpow number="0.035392648545114924"/>
            <fprob>0.0</fprob>
        </actor>
        <actor name="D0N35">
            <wcet number="0">10</wcet>
            <wcet number="1">20</wcet>
            <maxpow number="0.6007840668045303"/>
            <maxpow number="0.6007840668045303"/>
            <fprob>0.0</fprob>
        </actor>
        <actor name="D0N5">
            <wcet number="0">10</wcet>
            <wcet number="1">10</wcet>
            <maxpow number="0.7791242727956119"/>
            <maxpow number="0.7791242727956119"/>
            <fprob>0.0</fprob>
        </actor>
        <actor name="D0N14">
            <wcet number="0">60</wcet>
            <wcet number="1">80</wcet>
            <maxpow number="0.697809772879636"/>
            <maxpow number="0.697809772879636"/>
            <fprob>0.0</fprob>
        </actor>
        <actor name="D0N1">
            <wcet number="0">10</wcet>
            <wcet number="1">30</wcet>
            <maxpow number="0.8782146525540563"/>
            <maxpow number="0.8782146525540563"/>
            <fprob>0.0</fprob>
        </actor>
        <actor name="D0N36">
            <wcet number="0">20</wcet>
            <wcet number="1">30</wcet>
            <maxpow number="0.5723590474811204"/>
            <maxpow number="0.5723590474811204"/>
            <fprob>0.0</fprob>
        </actor>
        <actor name="D0N40">
            <wcet number="0">40</wcet>
            <wcet number="1">40</wcet>
            <maxpow number="0.7650395675656554"/>
            <maxpow number="0.7650395675656554"/>
            <fprob>0.0</fprob>
        </actor>
        <actor name="D0N42">
            <wcet number="0">20</wcet>
            <wcet number="1">40</wcet>
            <maxpow number="0.4298139810427593"/>
            <maxpow number="0.4298139810427593"/>
            <fprob>0.0</fprob>
        </actor>
        <actor name="D0N7">
            <wcet number="0">20</wcet>
            <wcet number="1">230</wcet>
            <maxpow number="0.5580842279263306"/>
            <maxpow number="0.5580842279263306"/>
            <fprob>0.0</fprob>
        </actor>
        <actor name="D0N15">
            <wcet number="0">10</wcet>
            <wcet number="1">20</wcet>
            <maxpow number="0.44262287283929397"/>
            <maxpow number="0.44262287283929397"/>
            <fprob>0.0</fprob>
        </actor>
        <actor name="D0N10">
            <wcet number="0">50</wcet>
            <wcet number="1">90</wcet>
            <maxpow number="0.5882203757938922"/>
            <maxpow number="0.5882203757938922"/>
            <fprob>0.0</fprob>
        </actor>
        <actor name="D0N11">
            <wcet number="0">10</wcet>
            <wcet number="1">20</wcet>
            <maxpow number="0.4081374273787727"/>
            <maxpow number="0.4081374273787727"/>
            <fprob>0.0</fprob>
        </actor>
        <actor name="D0N16">
            <wcet number="0">40</wcet>
            <wcet number="1">80</wcet>
            <maxpow number="0.6174913006400777"/>
            <maxpow number="0.6174913006400777"/>
            <fprob>0.0</fprob>
        </actor>
        <actor name="D0N39">
            <wcet number="0">10</wcet>
            <wcet number="1">20</wcet>
            <maxpow number="0.4875293023757026"/>
            <maxpow number="0.4875293023757026"/>
            <fprob>0.0</fprob>
        </actor>
        <actor name="D0N28">
            <wcet number="0">10</wcet>
            <wcet number="1">30</wcet>
            <maxpow number="0.9138187721341"/>
            <maxpow number="0.9138187721341"/>
            <fprob>0.0</fprob>
        </actor>
        <actor name="D0N2">
            <wcet number="0">10</wcet>
            <wcet number="1">10</wcet>
            <maxpow number="0.8753408848049118"/>
            <maxpow number="0.8753408848049118"/>
            <fprob>0.0</fprob>
        </actor>
        <actor name="D0N21">
            <wcet number="0">140</wcet>
            <wcet number="1">170</wcet>
            <maxpow number="0.8281270569581803"/>
            <maxpow number="0.8281270569581803"/>
            <fprob>0.0</fprob>
        </actor>
        <actor name="D0N23">
            <wcet number="0">20</wcet>
            <wcet number="1">200</wcet>
            <maxpow number="0.5461701813901254"/>
            <maxpow number="0.5461701813901254"/>
            <fprob>0.0</fprob>
        </actor>
        <actor name="D0N33">
            <wcet number="0">10</wcet>
            <wcet number="1">10</wcet>
            <maxpow number="0.6761094795965807"/>
            <maxpow number="0.6761094795965807"/>
            <fprob>0.0</fprob>
        </actor>
        <actor name="D0N29">
            <wcet number="0">100</wcet>
            <wcet number="1">230</wcet>
            <maxpow number="0.7151900150788083"/>
            <maxpow number="0.7151900150788083"/>
            <fprob>0.0</fprob>
        </actor>
        <actor name="D0N34">
            <wcet number="0">30</wcet>
            <wcet number="1">40</wcet>
            <maxpow number="0.6914009859690369"/>
            <maxpow number="0.6914009859690369"/>
            <fprob>0.0</fprob>
        </actor>
        <actor name="D0N41">
            <wcet number="0">30</wcet>
            <wcet number="1">100</wcet>
            <maxpow number="0.42839180158784795"/>
            <maxpow number="0.42839180158784795"/>
            <fprob>0.0</fprob>
        </actor>
        <actor name="D0N32">
            <wcet number="0">110</wcet>
            <wcet number="1">240</wcet>
            <maxpow number="0.6933445927576684"/>
            <maxpow number="0.6933445927576684"/>
            <fprob>0.0</fprob>
        </actor>
        <actor name="D0N44">
            <wcet number="0">10</wcet>
            <wcet number="1">20</wcet>
            <maxpow number="0.4104149894364779"/>
            <maxpow number="0.4104149894364779"/>
            <fprob>0.0</fprob>
        </actor>
        <actor name="D0N18">
            <wcet number="0">10</wcet>
            <wcet number="1">10</wcet>
            <maxpow number="0.44576939180936076"/>
            <maxpow number="0.44576939180936076"/>
            <fprob>0.0</fprob>
        </actor>
        <actor name="D0N8">
            <wcet number="0">10</wcet>
            <wcet number="1">20</wcet>
            <maxpow number="0.7442561228100262"/>
            <maxpow number="0.7442561228100262"/>
            <fprob>0.0</fprob>
        </actor>
        <actor name="D0N3">
            <wcet number="0">80</wcet>
            <wcet number="1">140</wcet>
            <maxpow number="0.5607086631726231"/>
            <maxpow number="0.5607086631726231"/>
            <fprob>0.0</fprob>
        </actor>
        <actor name="D0N31">
            <wcet number="0">10</wcet>
            <wcet number="1">60</wcet>
            <maxpow number="0.6968807574577554"/>
            <maxpow number="0.6968807574577554"/>
            <fprob>0.0</fprob>
        </actor>
        <actor name="D0N4">
            <wcet number="0">30</wcet>
            <wcet number="1">120</wcet>
            <maxpow number="0.784081589652175"/>
            <maxpow number="0.784081589652175"/>
            <fprob>0.0</fprob>
        </actor>
        <actor name="D0N6">
            <wcet number="0">80</wcet>
            <wcet number="1">120</wcet>
            <maxpow number="0.49578823785467696"/>
            <maxpow number="0.49578823785467696"/>
            <fprob>0.0</fprob>
        </actor>
        <actor name="D0N43">
            <wcet number="0">60</wcet>
            <wcet number="1">160</wcet>
            <maxpow number="0.5152476675363838"/>
            <maxpow number="0.5152476675363838"/>
            <fprob>0.0</fprob>
        </actor>
        <actor name="D0N27">
            <wcet number="0">10</wcet>
            <wcet number="1">90</wcet>
            <maxpow number="0.6484945167683631"/>
            <maxpow number="0.6484945167683631"/>
            <fprob>0.0</fprob>
        </actor>
        <actor name="D0N30">
            <wcet number="0">40</wcet>
            <wcet number="1">200</wcet>
            <maxpow number="0.7803364510919117"/>
            <maxpow number="0.7803364510919117"/>
            <fprob>0.0</fprob>
        </actor>
        <actor name="D0N0">
            <wcet number="0">230</wcet>
            <wcet number="1">300</wcet>
            <maxpow number="0.4043365120495441"/>
            <maxpow number="0.4043365120495441"/>
            <fprob>0.0</fprob>
        </actor>
        <actor name="D0N9">
            <wcet number="0">160</wcet>
            <wcet number="1">220</wcet>
            <maxpow number="0.4731832285236496"/>
            <maxpow number="0.4731832285236496"/>
            <fprob>0.0</fprob>
        </actor>
        <actor name="D0N12">
            <wcet number="0">20</wcet>
            <wcet number="1">70</wcet>
            <maxpow number="0.6377232366187443"/>
            <maxpow number="0.6377232366187443"/>
            <fprob>0.0</fprob>
        </actor>
        <actor name="D0N19">
            <wcet number="0">30</wcet>
            <wcet number="1">60</wcet>
            <maxpow number="0.5326878162942157"/>
            <maxpow number="0.5326878162942157"/>
            <fprob>0.0</fprob>
        </actor>
        <actor name="D0N25">
            <wcet number="0">40</wcet>
            <wcet number="1">70</wcet>
            <maxpow number="0.31179617869432275"/>
            <maxpow number="0.31179617869432275"/>
            <fprob>0.0</fprob>
        </actor>
        <actor name="D0N20">
            <wcet number="0">90</wcet>
            <wcet number="1">90</wcet>
            <maxpow number="0.3587631358489344"/>
            <maxpow number="0.3587631358489344"/>
            <fprob>0.0</fprob>
        </actor>
        <actor name="D0N22">
            <wcet number="0">20</wcet>
            <wcet number="1">70</wcet>
            <maxpow number="0.6582387264337738"/>
            <maxpow number="0.6582387264337738"/>
            <fprob>0.0</fprob>
        </actor>
        <actor name="D0N26">
            <wcet number="0">60</wcet>
            <wcet number="1">140</wcet>
            <maxpow number="0.12904705984924764"/>
            <maxpow number="0.12904705984924764"/>
            <fprob>0.0</fprob>
        </actor>
        <actor name="D0N17">
            <wcet number="0">30</wcet>
            <wcet number="1">30</wcet>
            <maxpow number="0.6793582297566119"/>
            <maxpow number="0.6793582297566119"/>
            <fprob>0.0</fprob>
        </actor>
        <actor name="D0N24">
            <wcet number="0">40</wcet>
            <wcet number="1">40</wcet>
            <maxpow number="0.4546019395748866"/>
            <maxpow number="0.4546019395748866"/>
            <fprob>0.0</fprob>
        </actor>
        <actor name="D0N13">
            <wcet number="0">10</wcet>
            <wcet number="1">10</wcet>
            <maxpow number="0.6441787968416112"/>
            <maxpow number="0.6441787968416112"/>
            <fprob>0.0</fprob>
        </actor>
        <actor name="D0N38">
            <wcet number="0">60</wcet>
            <wcet number="1">80</wcet>
            <maxpow number="0.5616094668125314"/>
            <maxpow number="0.5616094668125314"/>
            <fprob>0.0</fprob>
        </actor>
        <ports>
            <port dstActor="D0N37" name="p0" srcActor="D0N35"/>
            <port dstActor="D0N42" name="p1" srcActor="D0N35"/>
            <port dstActor="D0N18" name="p2" srcActor="D0N5"/>
            <port dstActor="D0N32" name="p3" srcActor="D0N5"/>
            <port dstActor="D0N29" name="p4" srcActor="D0N5"/>
            <port dstActor="D0N23" name="p5" srcActor="D0N14"/>
            <port dstActor="D0N39" name="p6" srcActor="D0N14"/>
            <port dstActor="D0N28" name="p7" srcActor="D0N14"/>
            <port dstActor="D0N29" name="p8" srcActor="D0N14"/>
            <port dstActor="D0N30" name="p9" srcActor="D0N14"/>
            <port dstActor="D0N43" name="p10" srcActor="D0N40"/>
            <port dstActor="D0N44" name="p11" srcActor="D0N42"/>
            <port dstActor="D0N8" name="p12" srcActor="D0N7"/>
            <port dstActor="D0N36" name="p13" srcActor="D0N7"/>
            <port dstActor="D0N35" name="p14" srcActor="D0N7"/>
            <port dstActor="D0N33" name="p15" srcActor="D0N15"/>
            <port dstActor="D0N44" name="p16" srcActor="D0N15"/>
            <port dstActor="D0N45" name="p17" srcActor="D0N15"/>
            <port dstActor="D0N18" name="p18" srcActor="D0N15"/>
            <port dstActor="D0N25" name="p19" srcActor="D0N10"/>
            <port dstActor="D0N42" name="p20" srcActor="D0N10"/>
            <port dstActor="D0N22" name="p21" srcActor="D0N10"/>
            <port dstActor="D0N41" name="p22" srcActor="D0N10"/>
            <port dstActor="D0N32" name="p23" srcActor="D0N10"/>
            <port dstActor="D0N43" name="p24" srcActor="D0N11"/>
            <port dstActor="D0N22" name="p25" srcActor="D0N11"/>
            <port dstActor="D0N18" name="p26" srcActor="D0N16"/>
            <port dstActor="D0N21" name="p27" srcActor="D0N16"/>
            <port dstActor="D0N20" name="p28" srcActor="D0N16"/>
            <port dstActor="D0N27" name="p29" srcActor="D0N16"/>
            <port dstActor="D0N26" name="p30" srcActor="D0N16"/>
            <port dstActor="D0N45" name="p31" srcActor="D0N16"/>
            <port dstActor="D0N43" name="p32" srcActor="D0N16"/>
            <port dstActor="D0N45" name="p33" srcActor="D0N39"/>
            <port dstActor="D0N33" name="p34" srcActor="D0N28"/>
            <port dstActor="D0N29" name="p35" srcActor="D0N28"/>
            <port dstActor="D0N9" name="p36" srcActor="D0N2"/>
            <port dstActor="D0N5" name="p37" srcActor="D0N2"/>
            <port dstActor="D0N37" name="p38" srcActor="D0N2"/>
            <port dstActor="D0N7" name="p39" srcActor="D0N2"/>
            <port dstActor="D0N39" name="p40" srcActor="D0N2"/>
            <port dstActor="D0N41" name="p41" srcActor="D0N2"/>
            <port dstActor="D0N27" name="p42" srcActor="D0N21"/>
            <port dstActor="D0N31" name="p43" srcActor="D0N21"/>
            <port dstActor="D0N33" name="p44" srcActor="D0N23"/>
            <port dstActor="D0N42" name="p45" srcActor="D0N33"/>
            <port dstActor="D0N37" name="p46" srcActor="D0N33"/>
            <port dstActor="D0N33" name="p47" srcActor="D0N29"/>
            <port dstActor="D0N42" name="p48" srcActor="D0N29"/>
            <port dstActor="D0N40" name="p49" srcActor="D0N34"/>
            <port dstActor="D0N43" name="p50" srcActor="D0N41"/>
            <port dstActor="D0N44" name="p51" srcActor="D0N32"/>
            <port dstActor="D0N22" name="p52" srcActor="D0N8"/>
            <port dstActor="D0N29" name="p53" srcActor="D0N8"/>
            <port dstActor="D0N15" name="p54" srcActor="D0N8"/>
            <port dstActor="D0N34" name="p55" srcActor="D0N8"/>
            <port dstActor="D0N30" name="p56" srcActor="D0N8"/>
            <port dstActor="D0N24" name="p57" srcActor="D0N8"/>
            <port dstActor="D0N15" name="p58" srcActor="D0N3"/>
            <port dstActor="D0N13" name="p59" srcActor="D0N3"/>
            <port dstActor="D0N25" name="p60" srcActor="D0N3"/>
            <port dstActor="D0N45" name="p61" srcActor="D0N3"/>
            <port dstActor="D0N7" name="p62" srcActor="D0N3"/>
            <port dstActor="D0N38" name="p63" srcActor="D0N3"/>
            <port dstActor="D0N44" name="p64" srcActor="D0N3"/>
            <port dstActor="D0N11" name="p65" srcActor="D0N3"/>
            <port dstActor="D0N41" name="p66" srcActor="D0N31"/>
            <port dstActor="D0N33" name="p67" srcActor="D0N31"/>
            <port dstActor="D0N12" name="p68" srcActor="D0N4"/>
            <port dstActor="D0N8" name="p69" srcActor="D0N4"/>
            <port dstActor="D0N44" name="p70" srcActor="D0N4"/>
            <port dstActor="D0N23" name="p71" srcActor="D0N4"/>
            <port dstActor="D0N32" name="p72" srcActor="D0N4"/>
            <port dstActor="D0N14" name="p73" srcActor="D0N4"/>
            <port dstActor="D0N16" name="p74" srcActor="D0N4"/>
            <port dstActor="D0N13" name="p75" srcActor="D0N6"/>
            <port dstActor="D0N25" name="p76" srcActor="D0N6"/>
            <port dstActor="D0N36" name="p77" srcActor="D0N6"/>
            <port dstActor="D0N40" name="p78" srcActor="D0N27"/>
            <port dstActor="D0N39" name="p79" srcActor="D0N30"/>
            <port dstActor="D0N41" name="p80" srcActor="D0N30"/>
            <port dstActor="D0N7" name="p81" srcActor="D0N0"/>
            <port dstActor="D0N33" name="p82" srcActor="D0N0"/>
            <port dstActor="D0N36" name="p83" srcActor="D0N0"/>
            <port dstActor="D0N38" name="p84" srcActor="D0N9"/>
            <port dstActor="D0N31" name="p85" srcActor="D0N9"/>
            <port dstActor="D0N15" name="p86" srcActor="D0N9"/>
            <port dstActor="D0N45" name="p87" srcActor="D0N12"/>
            <port dstActor="D0N35" name="p88" srcActor="D0N19"/>
            <port dstActor="D0N41" name="p89" srcActor="D0N19"/>
            <port dstActor="D0N26" name="p90" srcActor="D0N25"/>
            <port dstActor="D0N22" name="p91" srcActor="D0N20"/>
            <port dstActor="D0N31" name="p92" srcActor="D0N20"/>
            <port dstActor="D0N33" name="p93" srcActor="D0N22"/>
            <port dstActor="D0N41" name="p94" srcActor="D0N22"/>
            <port dstActor="D0N31" name="p95" srcActor="D0N26"/>
            <port dstActor="D0N27" name="p96" srcActor="D0N26"/>
            <port dstActor="D0N45" name="p97" srcActor="D0N17"/>
            <port dstActor="D0N30" name="p98" srcActor="D0N17"/>
            <port dstActor="D0N19" name="p99" srcActor="D0N17"/>
            <port dstActor="D0N34" name="p100" srcActor="D0N17"/>
            <port dstActor="D0N40" name="p101" srcActor="D0N17"/>
            <port dstActor="D0N26" name="p102" srcActor="D0N24"/>
            <port dstActor="D0N14" name="p103" srcActor="D0N13"/>
            <port dstActor="D0N43" name="p104" srcActor="D0N38"/>
        </ports>
    </mcdag>
    <cores number="3"/>
    <levels number="2"/>
</mcsystem>
