<?xml version="1.0" encoding="UTF-8" standalone="no"?>
<mcsystem>
    <mcdag deadline="5000" name="genned-0-ed-10.0-0">
        <actor name="D0N37">
            <wcet number="0">20</wcet>
            <wcet number="1">20</wcet>
            <maxpow number="0.3811892272215581"/>
            <maxpow number="0.3811892272215581"/>
            <fprob>0.0</fprob>
        </actor>
        <actor name="D0N22">
            <wcet number="0">140</wcet>
            <wcet number="1">360</wcet>
            <maxpow number="0.6450248354304763"/>
            <maxpow number="0.6450248354304763"/>
            <fprob>0.0</fprob>
        </actor>
        <actor name="D0N40">
            <wcet number="0">10</wcet>
            <wcet number="1">30</wcet>
            <maxpow number="0.3994871945012909"/>
            <maxpow number="0.3994871945012909"/>
            <fprob>0.0</fprob>
        </actor>
        <actor name="D0N17">
            <wcet number="0">180</wcet>
            <wcet number="1">540</wcet>
            <maxpow number="0.6713432957484824"/>
            <maxpow number="0.6713432957484824"/>
            <fprob>0.0</fprob>
        </actor>
        <actor name="D0N24">
            <wcet number="0">50</wcet>
            <wcet number="1">70</wcet>
            <maxpow number="0.5985106595641736"/>
            <maxpow number="0.5985106595641736"/>
            <fprob>0.0</fprob>
        </actor>
        <actor name="D0N28">
            <wcet number="0">440</wcet>
            <wcet number="1">560</wcet>
            <maxpow number="0.7328034164146642"/>
            <maxpow number="0.7328034164146642"/>
            <fprob>0.0</fprob>
        </actor>
        <actor name="D0N34">
            <wcet number="0">10</wcet>
            <wcet number="1">20</wcet>
            <maxpow number="0.5828599488684606"/>
            <maxpow number="0.5828599488684606"/>
            <fprob>0.0</fprob>
        </actor>
        <actor name="D0N43">
            <wcet number="0">180</wcet>
            <wcet number="1">200</wcet>
            <maxpow number="1.0134349718474365"/>
            <maxpow number="1.0134349718474365"/>
            <fprob>0.0</fprob>
        </actor>
        <actor name="D0N31">
            <wcet number="0">10</wcet>
            <wcet number="1">70</wcet>
            <maxpow number="0.6838370657293695"/>
            <maxpow number="0.6838370657293695"/>
            <fprob>0.0</fprob>
        </actor>
        <actor name="D0N0">
            <wcet number="0">50</wcet>
            <wcet number="1">320</wcet>
            <maxpow number="0.7065919228181985"/>
            <maxpow number="0.7065919228181985"/>
            <fprob>0.0</fprob>
        </actor>
        <actor name="D0N6">
            <wcet number="0">30</wcet>
            <wcet number="1">610</wcet>
            <maxpow number="0.4599772611406376"/>
            <maxpow number="0.4599772611406376"/>
            <fprob>0.0</fprob>
        </actor>
        <actor name="D0N8">
            <wcet number="0">60</wcet>
            <wcet number="1">80</wcet>
            <maxpow number="0.7681379999850215"/>
            <maxpow number="0.7681379999850215"/>
            <fprob>0.0</fprob>
        </actor>
        <actor name="D0N13">
            <wcet number="0">10</wcet>
            <wcet number="1">20</wcet>
            <maxpow number="0.6435831372906738"/>
            <maxpow number="0.6435831372906738"/>
            <fprob>0.0</fprob>
        </actor>
        <actor name="D0N26">
            <wcet number="0">710</wcet>
            <wcet number="1">770</wcet>
            <maxpow number="0.7171287276065389"/>
            <maxpow number="0.7171287276065389"/>
            <fprob>0.0</fprob>
        </actor>
        <actor name="D0N1">
            <wcet number="0">60</wcet>
            <wcet number="1">140</wcet>
            <maxpow number="0.8563610500574388"/>
            <maxpow number="0.8563610500574388"/>
            <fprob>0.0</fprob>
        </actor>
        <actor name="D0N20">
            <wcet number="0">70</wcet>
            <wcet number="1">460</wcet>
            <maxpow number="1.182530833454531"/>
            <maxpow number="1.182530833454531"/>
            <fprob>0.0</fprob>
        </actor>
        <actor name="D0N19">
            <wcet number="0">80</wcet>
            <wcet number="1">220</wcet>
            <maxpow number="0.524457856969163"/>
            <maxpow number="0.524457856969163"/>
            <fprob>0.0</fprob>
        </actor>
        <actor name="D0N32">
            <wcet number="0">50</wcet>
            <wcet number="1">100</wcet>
            <maxpow number="0.5250257701685153"/>
            <maxpow number="0.5250257701685153"/>
            <fprob>0.0</fprob>
        </actor>
        <actor name="D0N33">
            <wcet number="0">20</wcet>
            <wcet number="1">50</wcet>
            <maxpow number="0.7072872011306983"/>
            <maxpow number="0.7072872011306983"/>
            <fprob>0.0</fprob>
        </actor>
        <actor name="D0N35">
            <wcet number="0">460</wcet>
            <wcet number="1">540</wcet>
            <maxpow number="0.36031714753308036"/>
            <maxpow number="0.36031714753308036"/>
            <fprob>0.0</fprob>
        </actor>
        <actor name="D0N4">
            <wcet number="0">20</wcet>
            <wcet number="1">150</wcet>
            <maxpow number="0.18493940749603133"/>
            <maxpow number="0.18493940749603133"/>
            <fprob>0.0</fprob>
        </actor>
        <actor name="D0N23">
            <wcet number="0">10</wcet>
            <wcet number="1">30</wcet>
            <maxpow number="0.7160675028465029"/>
            <maxpow number="0.7160675028465029"/>
            <fprob>0.0</fprob>
        </actor>
        <actor name="D0N7">
            <wcet number="0">20</wcet>
            <wcet number="1">50</wcet>
            <maxpow number="0.679714073627083"/>
            <maxpow number="0.679714073627083"/>
            <fprob>0.0</fprob>
        </actor>
        <actor name="D0N2">
            <wcet number="0">440</wcet>
            <wcet number="1">650</wcet>
            <maxpow number="0.7062485985968462"/>
            <maxpow number="0.7062485985968462"/>
            <fprob>0.0</fprob>
        </actor>
        <actor name="D0N45">
            <wcet number="0">100</wcet>
            <wcet number="1">200</wcet>
            <maxpow number="0.6487529343643278"/>
            <maxpow number="0.6487529343643278"/>
            <fprob>0.0</fprob>
        </actor>
        <actor name="D0N36">
            <wcet number="0">490</wcet>
            <wcet number="1">560</wcet>
            <maxpow number="0.8748824651224842"/>
            <maxpow number="0.8748824651224842"/>
            <fprob>0.0</fprob>
        </actor>
        <actor name="D0N21">
            <wcet number="0">600</wcet>
            <wcet number="1">900</wcet>
            <maxpow number="0.5169387574034209"/>
            <maxpow number="0.5169387574034209"/>
            <fprob>0.0</fprob>
        </actor>
        <actor name="D0N30">
            <wcet number="0">120</wcet>
            <wcet number="1">130</wcet>
            <maxpow number="0.5354883003056451"/>
            <maxpow number="0.5354883003056451"/>
            <fprob>0.0</fprob>
        </actor>
        <actor name="D0N18">
            <wcet number="0">100</wcet>
            <wcet number="1">120</wcet>
            <maxpow number="0.7370188994675392"/>
            <maxpow number="0.7370188994675392"/>
            <fprob>0.0</fprob>
        </actor>
        <actor name="D0N12">
            <wcet number="0">40</wcet>
            <wcet number="1">80</wcet>
            <maxpow number="0.6823307487910734"/>
            <maxpow number="0.6823307487910734"/>
            <fprob>0.0</fprob>
        </actor>
        <actor name="D0N39">
            <wcet number="0">470</wcet>
            <wcet number="1">670</wcet>
            <maxpow number="0.4604464615854259"/>
            <maxpow number="0.4604464615854259"/>
            <fprob>0.0</fprob>
        </actor>
        <actor name="D0N25">
            <wcet number="0">430</wcet>
            <wcet number="1">490</wcet>
            <maxpow number="0.684607776601533"/>
            <maxpow number="0.684607776601533"/>
            <fprob>0.0</fprob>
        </actor>
        <actor name="D0N11">
            <wcet number="0">120</wcet>
            <wcet number="1">410</wcet>
            <maxpow number="0.7203832511993626"/>
            <maxpow number="0.7203832511993626"/>
            <fprob>0.0</fprob>
        </actor>
        <actor name="D0N5">
            <wcet number="0">10</wcet>
            <wcet number="1">120</wcet>
            <maxpow number="0.4324909637897773"/>
            <maxpow number="0.4324909637897773"/>
            <fprob>0.0</fprob>
        </actor>
        <actor name="D0N3">
            <wcet number="0">110</wcet>
            <wcet number="1">180</wcet>
            <maxpow number="0.561120515429498"/>
            <maxpow number="0.561120515429498"/>
            <fprob>0.0</fprob>
        </actor>
        <actor name="D0N16">
            <wcet number="0">180</wcet>
            <wcet number="1">200</wcet>
            <maxpow number="0.601850830731616"/>
            <maxpow number="0.601850830731616"/>
            <fprob>0.0</fprob>
        </actor>
        <actor name="D0N44">
            <wcet number="0">10</wcet>
            <wcet number="1">10</wcet>
            <maxpow number="0.13629092916252827"/>
            <maxpow number="0.13629092916252827"/>
            <fprob>0.0</fprob>
        </actor>
        <actor name="D0N38">
            <wcet number="0">30</wcet>
            <wcet number="1">50</wcet>
            <maxpow number="0.29854596257247573"/>
            <maxpow number="0.29854596257247573"/>
            <fprob>0.0</fprob>
        </actor>
        <actor name="D0N46">
            <wcet number="0">40</wcet>
            <wcet number="1">1030</wcet>
            <maxpow number="0.2928052230274559"/>
            <maxpow number="0.2928052230274559"/>
            <fprob>0.0</fprob>
        </actor>
        <actor name="D0N41">
            <wcet number="0">60</wcet>
            <wcet number="1">60</wcet>
            <maxpow number="0.5677756971180883"/>
            <maxpow number="0.5677756971180883"/>
            <fprob>0.0</fprob>
        </actor>
        <actor name="D0N9">
            <wcet number="0">30</wcet>
            <wcet number="1">130</wcet>
            <maxpow number="0.6060098403610166"/>
            <maxpow number="0.6060098403610166"/>
            <fprob>0.0</fprob>
        </actor>
        <actor name="D0N42">
            <wcet number="0">70</wcet>
            <wcet number="1">90</wcet>
            <maxpow number="0.9177898260719892"/>
            <maxpow number="0.9177898260719892"/>
            <fprob>0.0</fprob>
        </actor>
        <actor name="D0N10">
            <wcet number="0">30</wcet>
            <wcet number="1">50</wcet>
            <maxpow number="0.6216168315022506"/>
            <maxpow number="0.6216168315022506"/>
            <fprob>0.0</fprob>
        </actor>
        <actor name="D0N15">
            <wcet number="0">160</wcet>
            <wcet number="1">170</wcet>
            <maxpow number="0.4542075940234966"/>
            <maxpow number="0.4542075940234966"/>
            <fprob>0.0</fprob>
        </actor>
        <actor name="D0N27">
            <wcet number="0">40</wcet>
            <wcet number="1">240</wcet>
            <maxpow number="0.2605383474911427"/>
            <maxpow number="0.2605383474911427"/>
            <fprob>0.0</fprob>
        </actor>
        <actor name="D0N29">
            <wcet number="0">90</wcet>
            <wcet number="1">470</wcet>
            <maxpow number="0.7270588867867523"/>
            <maxpow number="0.7270588867867523"/>
            <fprob>0.0</fprob>
        </actor>
        <actor name="D0N14">
            <wcet number="0">70</wcet>
            <wcet number="1">80</wcet>
            <maxpow number="0.5774667537564074"/>
            <maxpow number="0.5774667537564074"/>
            <fprob>0.0</fprob>
        </actor>
        <ports>
            <port dstActor="D0N30" name="p0" srcActor="D0N22"/>
            <port dstActor="D0N32" name="p1" srcActor="D0N22"/>
            <port dstActor="D0N38" name="p2" srcActor="D0N22"/>
            <port dstActor="D0N21" name="p3" srcActor="D0N17"/>
            <port dstActor="D0N20" name="p4" srcActor="D0N17"/>
            <port dstActor="D0N42" name="p5" srcActor="D0N17"/>
            <port dstActor="D0N39" name="p6" srcActor="D0N24"/>
            <port dstActor="D0N37" name="p7" srcActor="D0N34"/>
            <port dstActor="D0N12" name="p8" srcActor="D0N0"/>
            <port dstActor="D0N17" name="p9" srcActor="D0N0"/>
            <port dstActor="D0N43" name="p10" srcActor="D0N0"/>
            <port dstActor="D0N1" name="p11" srcActor="D0N0"/>
            <port dstActor="D0N15" name="p12" srcActor="D0N6"/>
            <port dstActor="D0N19" name="p13" srcActor="D0N6"/>
            <port dstActor="D0N22" name="p14" srcActor="D0N6"/>
            <port dstActor="D0N39" name="p15" srcActor="D0N6"/>
            <port dstActor="D0N12" name="p16" srcActor="D0N6"/>
            <port dstActor="D0N39" name="p17" srcActor="D0N8"/>
            <port dstActor="D0N32" name="p18" srcActor="D0N8"/>
            <port dstActor="D0N39" name="p19" srcActor="D0N13"/>
            <port dstActor="D0N41" name="p20" srcActor="D0N13"/>
            <port dstActor="D0N38" name="p21" srcActor="D0N26"/>
            <port dstActor="D0N36" name="p22" srcActor="D0N26"/>
            <port dstActor="D0N10" name="p23" srcActor="D0N1"/>
            <port dstActor="D0N4" name="p24" srcActor="D0N1"/>
            <port dstActor="D0N7" name="p25" srcActor="D0N1"/>
            <port dstActor="D0N37" name="p26" srcActor="D0N1"/>
            <port dstActor="D0N27" name="p27" srcActor="D0N20"/>
            <port dstActor="D0N35" name="p28" srcActor="D0N20"/>
            <port dstActor="D0N27" name="p29" srcActor="D0N19"/>
            <port dstActor="D0N20" name="p30" srcActor="D0N19"/>
            <port dstActor="D0N25" name="p31" srcActor="D0N19"/>
            <port dstActor="D0N36" name="p32" srcActor="D0N32"/>
            <port dstActor="D0N38" name="p33" srcActor="D0N32"/>
            <port dstActor="D0N33" name="p34" srcActor="D0N32"/>
            <port dstActor="D0N21" name="p35" srcActor="D0N4"/>
            <port dstActor="D0N41" name="p36" srcActor="D0N4"/>
            <port dstActor="D0N22" name="p37" srcActor="D0N4"/>
            <port dstActor="D0N33" name="p38" srcActor="D0N4"/>
            <port dstActor="D0N35" name="p39" srcActor="D0N23"/>
            <port dstActor="D0N24" name="p40" srcActor="D0N7"/>
            <port dstActor="D0N14" name="p41" srcActor="D0N7"/>
            <port dstActor="D0N15" name="p42" srcActor="D0N2"/>
            <port dstActor="D0N45" name="p43" srcActor="D0N2"/>
            <port dstActor="D0N9" name="p44" srcActor="D0N2"/>
            <port dstActor="D0N39" name="p45" srcActor="D0N36"/>
            <port dstActor="D0N46" name="p46" srcActor="D0N36"/>
            <port dstActor="D0N46" name="p47" srcActor="D0N21"/>
            <port dstActor="D0N29" name="p48" srcActor="D0N18"/>
            <port dstActor="D0N28" name="p49" srcActor="D0N18"/>
            <port dstActor="D0N41" name="p50" srcActor="D0N18"/>
            <port dstActor="D0N45" name="p51" srcActor="D0N18"/>
            <port dstActor="D0N36" name="p52" srcActor="D0N18"/>
            <port dstActor="D0N42" name="p53" srcActor="D0N12"/>
            <port dstActor="D0N26" name="p54" srcActor="D0N25"/>
            <port dstActor="D0N40" name="p55" srcActor="D0N25"/>
            <port dstActor="D0N30" name="p56" srcActor="D0N11"/>
            <port dstActor="D0N22" name="p57" srcActor="D0N11"/>
            <port dstActor="D0N35" name="p58" srcActor="D0N11"/>
            <port dstActor="D0N39" name="p59" srcActor="D0N11"/>
            <port dstActor="D0N46" name="p60" srcActor="D0N11"/>
            <port dstActor="D0N34" name="p61" srcActor="D0N5"/>
            <port dstActor="D0N12" name="p62" srcActor="D0N3"/>
            <port dstActor="D0N25" name="p63" srcActor="D0N3"/>
            <port dstActor="D0N6" name="p64" srcActor="D0N3"/>
            <port dstActor="D0N9" name="p65" srcActor="D0N3"/>
            <port dstActor="D0N20" name="p66" srcActor="D0N3"/>
            <port dstActor="D0N31" name="p67" srcActor="D0N16"/>
            <port dstActor="D0N46" name="p68" srcActor="D0N38"/>
            <port dstActor="D0N23" name="p69" srcActor="D0N9"/>
            <port dstActor="D0N12" name="p70" srcActor="D0N9"/>
            <port dstActor="D0N28" name="p71" srcActor="D0N9"/>
            <port dstActor="D0N17" name="p72" srcActor="D0N9"/>
            <port dstActor="D0N41" name="p73" srcActor="D0N9"/>
            <port dstActor="D0N26" name="p74" srcActor="D0N9"/>
            <port dstActor="D0N34" name="p75" srcActor="D0N10"/>
            <port dstActor="D0N38" name="p76" srcActor="D0N10"/>
            <port dstActor="D0N17" name="p77" srcActor="D0N10"/>
            <port dstActor="D0N37" name="p78" srcActor="D0N10"/>
            <port dstActor="D0N38" name="p79" srcActor="D0N15"/>
            <port dstActor="D0N36" name="p80" srcActor="D0N15"/>
            <port dstActor="D0N43" name="p81" srcActor="D0N15"/>
            <port dstActor="D0N33" name="p82" srcActor="D0N15"/>
            <port dstActor="D0N34" name="p83" srcActor="D0N29"/>
            <port dstActor="D0N36" name="p84" srcActor="D0N29"/>
            <port dstActor="D0N46" name="p85" srcActor="D0N14"/>
            <port dstActor="D0N21" name="p86" srcActor="D0N14"/>
            <port dstActor="D0N28" name="p87" srcActor="D0N14"/>
            <port dstActor="D0N25" name="p88" srcActor="D0N14"/>
            <port dstActor="D0N40" name="p89" srcActor="D0N14"/>
            <port dstActor="D0N39" name="p90" srcActor="D0N14"/>
        </ports>
    </mcdag>
    <cores number="3"/>
    <levels number="2"/>
</mcsystem>
