<?xml version="1.0" encoding="UTF-8" standalone="no"?>
<mcsystem>
    <mcdag deadline="1800" name="genned-0-ed-10.0-0">
        <actor name="D0N23">
            <wcet number="0">140</wcet>
            <wcet number="1">160</wcet>
            <maxpow number="0.35053896319743777"/>
            <maxpow number="0.35053896319743777"/>
            <fprob>0.0</fprob>
        </actor>
        <actor name="D0N16">
            <wcet number="0">30</wcet>
            <wcet number="1">30</wcet>
            <maxpow number="0.5622218959497043"/>
            <maxpow number="0.5622218959497043"/>
            <fprob>0.0</fprob>
        </actor>
        <actor name="D0N6">
            <wcet number="0">40</wcet>
            <wcet number="1">110</wcet>
            <maxpow number="0.5367860974334429"/>
            <maxpow number="0.5367860974334429"/>
            <fprob>0.0</fprob>
        </actor>
        <actor name="D0N15">
            <wcet number="0">20</wcet>
            <wcet number="1">40</wcet>
            <maxpow number="0.482570385120388"/>
            <maxpow number="0.482570385120388"/>
            <fprob>0.0</fprob>
        </actor>
        <actor name="D0N8">
            <wcet number="0">80</wcet>
            <wcet number="1">200</wcet>
            <maxpow number="0.5435792630062803"/>
            <maxpow number="0.5435792630062803"/>
            <fprob>0.0</fprob>
        </actor>
        <actor name="D0N33">
            <wcet number="0">10</wcet>
            <wcet number="1">10</wcet>
            <maxpow number="0.851924513024687"/>
            <maxpow number="0.851924513024687"/>
            <fprob>0.0</fprob>
        </actor>
        <actor name="D0N7">
            <wcet number="0">10</wcet>
            <wcet number="1">30</wcet>
            <maxpow number="0.6856565230549687"/>
            <maxpow number="0.6856565230549687"/>
            <fprob>0.0</fprob>
        </actor>
        <actor name="D0N35">
            <wcet number="0">60</wcet>
            <wcet number="1">160</wcet>
            <maxpow number="0.5240505069312066"/>
            <maxpow number="0.5240505069312066"/>
            <fprob>0.0</fprob>
        </actor>
        <actor name="D0N10">
            <wcet number="0">30</wcet>
            <wcet number="1">30</wcet>
            <maxpow number="0.5076953052306901"/>
            <maxpow number="0.5076953052306901"/>
            <fprob>0.0</fprob>
        </actor>
        <actor name="D0N34">
            <wcet number="0">10</wcet>
            <wcet number="1">30</wcet>
            <maxpow number="0.3129484973735057"/>
            <maxpow number="0.3129484973735057"/>
            <fprob>0.0</fprob>
        </actor>
        <actor name="D0N19">
            <wcet number="0">20</wcet>
            <wcet number="1">30</wcet>
            <maxpow number="0.6509760910391438"/>
            <maxpow number="0.6509760910391438"/>
            <fprob>0.0</fprob>
        </actor>
        <actor name="D0N14">
            <wcet number="0">10</wcet>
            <wcet number="1">30</wcet>
            <maxpow number="0.36060696367609535"/>
            <maxpow number="0.36060696367609535"/>
            <fprob>0.0</fprob>
        </actor>
        <actor name="D0N48">
            <wcet number="0">30</wcet>
            <wcet number="1">100</wcet>
            <maxpow number="0.7395946787446066"/>
            <maxpow number="0.7395946787446066"/>
            <fprob>0.0</fprob>
        </actor>
        <actor name="D0N22">
            <wcet number="0">10</wcet>
            <wcet number="1">10</wcet>
            <maxpow number="0.26745377182103014"/>
            <maxpow number="0.26745377182103014"/>
            <fprob>0.0</fprob>
        </actor>
        <actor name="D0N11">
            <wcet number="0">30</wcet>
            <wcet number="1">90</wcet>
            <maxpow number="0.4973116873282769"/>
            <maxpow number="0.4973116873282769"/>
            <fprob>0.0</fprob>
        </actor>
        <actor name="D0N27">
            <wcet number="0">20</wcet>
            <wcet number="1">20</wcet>
            <maxpow number="0.5181899984291707"/>
            <maxpow number="0.5181899984291707"/>
            <fprob>0.0</fprob>
        </actor>
        <actor name="D0N24">
            <wcet number="0">30</wcet>
            <wcet number="1">30</wcet>
            <maxpow number="0.5491554861886638"/>
            <maxpow number="0.5491554861886638"/>
            <fprob>0.0</fprob>
        </actor>
        <actor name="D0N30">
            <wcet number="0">30</wcet>
            <wcet number="1">50</wcet>
            <maxpow number="0.6433318806072829"/>
            <maxpow number="0.6433318806072829"/>
            <fprob>0.0</fprob>
        </actor>
        <actor name="D0N13">
            <wcet number="0">50</wcet>
            <wcet number="1">60</wcet>
            <maxpow number="0.6300900427525665"/>
            <maxpow number="0.6300900427525665"/>
            <fprob>0.0</fprob>
        </actor>
        <actor name="D0N31">
            <wcet number="0">30</wcet>
            <wcet number="1">140</wcet>
            <maxpow number="0.7574418054140653"/>
            <maxpow number="0.7574418054140653"/>
            <fprob>0.0</fprob>
        </actor>
        <actor name="D0N3">
            <wcet number="0">20</wcet>
            <wcet number="1">190</wcet>
            <maxpow number="0.520030913299413"/>
            <maxpow number="0.520030913299413"/>
            <fprob>0.0</fprob>
        </actor>
        <actor name="D0N32">
            <wcet number="0">40</wcet>
            <wcet number="1">40</wcet>
            <maxpow number="0.5700084067243212"/>
            <maxpow number="0.5700084067243212"/>
            <fprob>0.0</fprob>
        </actor>
        <actor name="D0N0">
            <wcet number="0">40</wcet>
            <wcet number="1">130</wcet>
            <maxpow number="0.5335557730031385"/>
            <maxpow number="0.5335557730031385"/>
            <fprob>0.0</fprob>
        </actor>
        <actor name="D0N20">
            <wcet number="0">80</wcet>
            <wcet number="1">480</wcet>
            <maxpow number="0.6302596123491122"/>
            <maxpow number="0.6302596123491122"/>
            <fprob>0.0</fprob>
        </actor>
        <actor name="D0N1">
            <wcet number="0">230</wcet>
            <wcet number="1">270</wcet>
            <maxpow number="0.467179196298367"/>
            <maxpow number="0.467179196298367"/>
            <fprob>0.0</fprob>
        </actor>
        <actor name="D0N39">
            <wcet number="0">60</wcet>
            <wcet number="1">70</wcet>
            <maxpow number="0.44108378196435216"/>
            <maxpow number="0.44108378196435216"/>
            <fprob>0.0</fprob>
        </actor>
        <actor name="D0N25">
            <wcet number="0">20</wcet>
            <wcet number="1">50</wcet>
            <maxpow number="0.39936629333664686"/>
            <maxpow number="0.39936629333664686"/>
            <fprob>0.0</fprob>
        </actor>
        <actor name="D0N2">
            <wcet number="0">70</wcet>
            <wcet number="1">110</wcet>
            <maxpow number="0.7558085787425111"/>
            <maxpow number="0.7558085787425111"/>
            <fprob>0.0</fprob>
        </actor>
        <actor name="D0N42">
            <wcet number="0">10</wcet>
            <wcet number="1">20</wcet>
            <maxpow number="0.31591097400710444"/>
            <maxpow number="0.31591097400710444"/>
            <fprob>0.0</fprob>
        </actor>
        <actor name="D0N44">
            <wcet number="0">10</wcet>
            <wcet number="1">10</wcet>
            <maxpow number="0.4291211665094411"/>
            <maxpow number="0.4291211665094411"/>
            <fprob>0.0</fprob>
        </actor>
        <actor name="D0N47">
            <wcet number="0">90</wcet>
            <wcet number="1">120</wcet>
            <maxpow number="0.42619729576211673"/>
            <maxpow number="0.42619729576211673"/>
            <fprob>0.0</fprob>
        </actor>
        <actor name="D0N9">
            <wcet number="0">150</wcet>
            <wcet number="1">230</wcet>
            <maxpow number="0.44338937903207754"/>
            <maxpow number="0.44338937903207754"/>
            <fprob>0.0</fprob>
        </actor>
        <actor name="D0N18">
            <wcet number="0">50</wcet>
            <wcet number="1">120</wcet>
            <maxpow number="0.503292194796501"/>
            <maxpow number="0.503292194796501"/>
            <fprob>0.0</fprob>
        </actor>
        <actor name="D0N43">
            <wcet number="0">10</wcet>
            <wcet number="1">10</wcet>
            <maxpow number="0.339757509494632"/>
            <maxpow number="0.339757509494632"/>
            <fprob>0.0</fprob>
        </actor>
        <actor name="D0N49">
            <wcet number="0">70</wcet>
            <wcet number="1">110</wcet>
            <maxpow number="0.1758605760644446"/>
            <maxpow number="0.1758605760644446"/>
            <fprob>0.0</fprob>
        </actor>
        <actor name="D0N21">
            <wcet number="0">210</wcet>
            <wcet number="1">220</wcet>
            <maxpow number="0.4495765286487668"/>
            <maxpow number="0.4495765286487668"/>
            <fprob>0.0</fprob>
        </actor>
        <actor name="D0N4">
            <wcet number="0">60</wcet>
            <wcet number="1">110</wcet>
            <maxpow number="0.326034973148676"/>
            <maxpow number="0.326034973148676"/>
            <fprob>0.0</fprob>
        </actor>
        <actor name="D0N28">
            <wcet number="0">320</wcet>
            <wcet number="1">410</wcet>
            <maxpow number="0.6885131442196533"/>
            <maxpow number="0.6885131442196533"/>
            <fprob>0.0</fprob>
        </actor>
        <actor name="D0N29">
            <wcet number="0">70</wcet>
            <wcet number="1">80</wcet>
            <maxpow number="0.7466469308400165"/>
            <maxpow number="0.7466469308400165"/>
            <fprob>0.0</fprob>
        </actor>
        <actor name="D0N41">
            <wcet number="0">210</wcet>
            <wcet number="1">260</wcet>
            <maxpow number="0.5869229778157738"/>
            <maxpow number="0.5869229778157738"/>
            <fprob>0.0</fprob>
        </actor>
        <actor name="D0N26">
            <wcet number="0">30</wcet>
            <wcet number="1">120</wcet>
            <maxpow number="0.5469823828449981"/>
            <maxpow number="0.5469823828449981"/>
            <fprob>0.0</fprob>
        </actor>
        <actor name="D0N38">
            <wcet number="0">10</wcet>
            <wcet number="1">10</wcet>
            <maxpow number="0.546581507803254"/>
            <maxpow number="0.546581507803254"/>
            <fprob>0.0</fprob>
        </actor>
        <actor name="D0N5">
            <wcet number="0">20</wcet>
            <wcet number="1">90</wcet>
            <maxpow number="0.614275998557686"/>
            <maxpow number="0.614275998557686"/>
            <fprob>0.0</fprob>
        </actor>
        <actor name="D0N12">
            <wcet number="0">70</wcet>
            <wcet number="1">100</wcet>
            <maxpow number="0.4505049678862867"/>
            <maxpow number="0.4505049678862867"/>
            <fprob>0.0</fprob>
        </actor>
        <actor name="D0N40">
            <wcet number="0">10</wcet>
            <wcet number="1">60</wcet>
            <maxpow number="1.0369566232231533"/>
            <maxpow number="1.0369566232231533"/>
            <fprob>0.0</fprob>
        </actor>
        <actor name="D0N37">
            <wcet number="0">20</wcet>
            <wcet number="1">40</wcet>
            <maxpow number="0.36505571241212753"/>
            <maxpow number="0.36505571241212753"/>
            <fprob>0.0</fprob>
        </actor>
        <actor name="D0N36">
            <wcet number="0">20</wcet>
            <wcet number="1">150</wcet>
            <maxpow number="0.3893512373882493"/>
            <maxpow number="0.3893512373882493"/>
            <fprob>0.0</fprob>
        </actor>
        <actor name="D0N46">
            <wcet number="0">70</wcet>
            <wcet number="1">90</wcet>
            <maxpow number="0.6256535465068475"/>
            <maxpow number="0.6256535465068475"/>
            <fprob>0.0</fprob>
        </actor>
        <actor name="D0N17">
            <wcet number="0">10</wcet>
            <wcet number="1">20</wcet>
            <maxpow number="0.2758345862574033"/>
            <maxpow number="0.2758345862574033"/>
            <fprob>0.0</fprob>
        </actor>
        <actor name="D0N45">
            <wcet number="0">10</wcet>
            <wcet number="1">140</wcet>
            <maxpow number="0.8360055136869209"/>
            <maxpow number="0.8360055136869209"/>
            <fprob>0.0</fprob>
        </actor>
        <ports>
            <port dstActor="D0N35" name="p0" srcActor="D0N23"/>
            <port dstActor="D0N38" name="p1" srcActor="D0N16"/>
            <port dstActor="D0N24" name="p2" srcActor="D0N6"/>
            <port dstActor="D0N20" name="p3" srcActor="D0N6"/>
            <port dstActor="D0N40" name="p4" srcActor="D0N6"/>
            <port dstActor="D0N22" name="p5" srcActor="D0N15"/>
            <port dstActor="D0N31" name="p6" srcActor="D0N8"/>
            <port dstActor="D0N39" name="p7" srcActor="D0N8"/>
            <port dstActor="D0N44" name="p8" srcActor="D0N8"/>
            <port dstActor="D0N46" name="p9" srcActor="D0N8"/>
            <port dstActor="D0N49" name="p10" srcActor="D0N33"/>
            <port dstActor="D0N10" name="p11" srcActor="D0N7"/>
            <port dstActor="D0N17" name="p12" srcActor="D0N7"/>
            <port dstActor="D0N44" name="p13" srcActor="D0N35"/>
            <port dstActor="D0N30" name="p14" srcActor="D0N10"/>
            <port dstActor="D0N32" name="p15" srcActor="D0N10"/>
            <port dstActor="D0N33" name="p16" srcActor="D0N10"/>
            <port dstActor="D0N16" name="p17" srcActor="D0N10"/>
            <port dstActor="D0N36" name="p18" srcActor="D0N34"/>
            <port dstActor="D0N39" name="p19" srcActor="D0N34"/>
            <port dstActor="D0N47" name="p20" srcActor="D0N34"/>
            <port dstActor="D0N27" name="p21" srcActor="D0N19"/>
            <port dstActor="D0N25" name="p22" srcActor="D0N19"/>
            <port dstActor="D0N43" name="p23" srcActor="D0N19"/>
            <port dstActor="D0N24" name="p24" srcActor="D0N19"/>
            <port dstActor="D0N31" name="p25" srcActor="D0N19"/>
            <port dstActor="D0N45" name="p26" srcActor="D0N19"/>
            <port dstActor="D0N46" name="p27" srcActor="D0N14"/>
            <port dstActor="D0N21" name="p28" srcActor="D0N14"/>
            <port dstActor="D0N36" name="p29" srcActor="D0N14"/>
            <port dstActor="D0N27" name="p30" srcActor="D0N14"/>
            <port dstActor="D0N35" name="p31" srcActor="D0N22"/>
            <port dstActor="D0N28" name="p32" srcActor="D0N22"/>
            <port dstActor="D0N46" name="p33" srcActor="D0N22"/>
            <port dstActor="D0N41" name="p34" srcActor="D0N11"/>
            <port dstActor="D0N19" name="p35" srcActor="D0N11"/>
            <port dstActor="D0N42" name="p36" srcActor="D0N11"/>
            <port dstActor="D0N47" name="p37" srcActor="D0N11"/>
            <port dstActor="D0N30" name="p38" srcActor="D0N11"/>
            <port dstActor="D0N49" name="p39" srcActor="D0N11"/>
            <port dstActor="D0N32" name="p40" srcActor="D0N27"/>
            <port dstActor="D0N35" name="p41" srcActor="D0N27"/>
            <port dstActor="D0N30" name="p42" srcActor="D0N27"/>
            <port dstActor="D0N34" name="p43" srcActor="D0N24"/>
            <port dstActor="D0N41" name="p44" srcActor="D0N24"/>
            <port dstActor="D0N30" name="p45" srcActor="D0N24"/>
            <port dstActor="D0N46" name="p46" srcActor="D0N30"/>
            <port dstActor="D0N31" name="p47" srcActor="D0N30"/>
            <port dstActor="D0N45" name="p48" srcActor="D0N30"/>
            <port dstActor="D0N42" name="p49" srcActor="D0N13"/>
            <port dstActor="D0N48" name="p50" srcActor="D0N13"/>
            <port dstActor="D0N35" name="p51" srcActor="D0N13"/>
            <port dstActor="D0N47" name="p52" srcActor="D0N31"/>
            <port dstActor="D0N44" name="p53" srcActor="D0N31"/>
            <port dstActor="D0N28" name="p54" srcActor="D0N3"/>
            <port dstActor="D0N26" name="p55" srcActor="D0N3"/>
            <port dstActor="D0N12" name="p56" srcActor="D0N3"/>
            <port dstActor="D0N16" name="p57" srcActor="D0N3"/>
            <port dstActor="D0N38" name="p58" srcActor="D0N32"/>
            <port dstActor="D0N36" name="p59" srcActor="D0N32"/>
            <port dstActor="D0N33" name="p60" srcActor="D0N32"/>
            <port dstActor="D0N47" name="p61" srcActor="D0N32"/>
            <port dstActor="D0N16" name="p62" srcActor="D0N0"/>
            <port dstActor="D0N14" name="p63" srcActor="D0N0"/>
            <port dstActor="D0N32" name="p64" srcActor="D0N20"/>
            <port dstActor="D0N42" name="p65" srcActor="D0N20"/>
            <port dstActor="D0N23" name="p66" srcActor="D0N20"/>
            <port dstActor="D0N33" name="p67" srcActor="D0N20"/>
            <port dstActor="D0N36" name="p68" srcActor="D0N1"/>
            <port dstActor="D0N49" name="p69" srcActor="D0N1"/>
            <port dstActor="D0N25" name="p70" srcActor="D0N1"/>
            <port dstActor="D0N27" name="p71" srcActor="D0N1"/>
            <port dstActor="D0N21" name="p72" srcActor="D0N1"/>
            <port dstActor="D0N38" name="p73" srcActor="D0N1"/>
            <port dstActor="D0N16" name="p74" srcActor="D0N1"/>
            <port dstActor="D0N43" name="p75" srcActor="D0N1"/>
            <port dstActor="D0N42" name="p76" srcActor="D0N25"/>
            <port dstActor="D0N48" name="p77" srcActor="D0N25"/>
            <port dstActor="D0N27" name="p78" srcActor="D0N25"/>
            <port dstActor="D0N45" name="p79" srcActor="D0N25"/>
            <port dstActor="D0N28" name="p80" srcActor="D0N2"/>
            <port dstActor="D0N13" name="p81" srcActor="D0N2"/>
            <port dstActor="D0N23" name="p82" srcActor="D0N2"/>
            <port dstActor="D0N12" name="p83" srcActor="D0N2"/>
            <port dstActor="D0N47" name="p84" srcActor="D0N42"/>
            <port dstActor="D0N33" name="p85" srcActor="D0N9"/>
            <port dstActor="D0N28" name="p86" srcActor="D0N9"/>
            <port dstActor="D0N46" name="p87" srcActor="D0N18"/>
            <port dstActor="D0N35" name="p88" srcActor="D0N18"/>
            <port dstActor="D0N36" name="p89" srcActor="D0N18"/>
            <port dstActor="D0N20" name="p90" srcActor="D0N18"/>
            <port dstActor="D0N27" name="p91" srcActor="D0N18"/>
            <port dstActor="D0N48" name="p92" srcActor="D0N43"/>
            <port dstActor="D0N48" name="p93" srcActor="D0N21"/>
            <port dstActor="D0N32" name="p94" srcActor="D0N21"/>
            <port dstActor="D0N36" name="p95" srcActor="D0N21"/>
            <port dstActor="D0N28" name="p96" srcActor="D0N4"/>
            <port dstActor="D0N46" name="p97" srcActor="D0N4"/>
            <port dstActor="D0N37" name="p98" srcActor="D0N28"/>
            <port dstActor="D0N48" name="p99" srcActor="D0N41"/>
            <port dstActor="D0N44" name="p100" srcActor="D0N41"/>
            <port dstActor="D0N47" name="p101" srcActor="D0N41"/>
            <port dstActor="D0N49" name="p102" srcActor="D0N38"/>
            <port dstActor="D0N43" name="p103" srcActor="D0N38"/>
            <port dstActor="D0N16" name="p104" srcActor="D0N5"/>
            <port dstActor="D0N42" name="p105" srcActor="D0N5"/>
            <port dstActor="D0N8" name="p106" srcActor="D0N5"/>
            <port dstActor="D0N15" name="p107" srcActor="D0N5"/>
            <port dstActor="D0N37" name="p108" srcActor="D0N5"/>
            <port dstActor="D0N38" name="p109" srcActor="D0N12"/>
            <port dstActor="D0N44" name="p110" srcActor="D0N12"/>
            <port dstActor="D0N34" name="p111" srcActor="D0N12"/>
            <port dstActor="D0N41" name="p112" srcActor="D0N37"/>
            <port dstActor="D0N39" name="p113" srcActor="D0N37"/>
            <port dstActor="D0N45" name="p114" srcActor="D0N36"/>
            <port dstActor="D0N48" name="p115" srcActor="D0N46"/>
            <port dstActor="D0N35" name="p116" srcActor="D0N17"/>
            <port dstActor="D0N29" name="p117" srcActor="D0N17"/>
            <port dstActor="D0N49" name="p118" srcActor="D0N17"/>
        </ports>
    </mcdag>
    <cores number="3"/>
    <levels number="2"/>
</mcsystem>
