<?xml version="1.0" encoding="UTF-8" standalone="no"?>
<mcsystem>
    <mcdag deadline="1800" name="genned-0-ed-10.0-0">
        <actor name="D0N5">
            <wcet number="0">50</wcet>
            <wcet number="1">80</wcet>
            <maxpow number="0.5793433052454486"/>
            <maxpow number="0.5793433052454486"/>
            <fprob>0.0</fprob>
        </actor>
        <actor name="D0N20">
            <wcet number="0">60</wcet>
            <wcet number="1">150</wcet>
            <maxpow number="0.6543745804474541"/>
            <maxpow number="0.6543745804474541"/>
            <fprob>0.0</fprob>
        </actor>
        <actor name="D0N12">
            <wcet number="0">80</wcet>
            <wcet number="1">180</wcet>
            <maxpow number="0.8646160363035249"/>
            <maxpow number="0.8646160363035249"/>
            <fprob>0.0</fprob>
        </actor>
        <actor name="D0N48">
            <wcet number="0">20</wcet>
            <wcet number="1">30</wcet>
            <maxpow number="0.09712023161876893"/>
            <maxpow number="0.09712023161876893"/>
            <fprob>0.0</fprob>
        </actor>
        <actor name="D0N28">
            <wcet number="0">10</wcet>
            <wcet number="1">10</wcet>
            <maxpow number="0.5735601923883623"/>
            <maxpow number="0.5735601923883623"/>
            <fprob>0.0</fprob>
        </actor>
        <actor name="D0N17">
            <wcet number="0">10</wcet>
            <wcet number="1">10</wcet>
            <maxpow number="0.44840885714249845"/>
            <maxpow number="0.44840885714249845"/>
            <fprob>0.0</fprob>
        </actor>
        <actor name="D0N30">
            <wcet number="0">30</wcet>
            <wcet number="1">110</wcet>
            <maxpow number="0.4087540379168851"/>
            <maxpow number="0.4087540379168851"/>
            <fprob>0.0</fprob>
        </actor>
        <actor name="D0N33">
            <wcet number="0">110</wcet>
            <wcet number="1">190</wcet>
            <maxpow number="0.6508601586127827"/>
            <maxpow number="0.6508601586127827"/>
            <fprob>0.0</fprob>
        </actor>
        <actor name="D0N47">
            <wcet number="0">30</wcet>
            <wcet number="1">40</wcet>
            <maxpow number="0.9388510311952138"/>
            <maxpow number="0.9388510311952138"/>
            <fprob>0.0</fprob>
        </actor>
        <actor name="D0N0">
            <wcet number="0">10</wcet>
            <wcet number="1">10</wcet>
            <maxpow number="0.5141086136903926"/>
            <maxpow number="0.5141086136903926"/>
            <fprob>0.0</fprob>
        </actor>
        <actor name="D0N2">
            <wcet number="0">10</wcet>
            <wcet number="1">50</wcet>
            <maxpow number="0.7912035292263258"/>
            <maxpow number="0.7912035292263258"/>
            <fprob>0.0</fprob>
        </actor>
        <actor name="D0N39">
            <wcet number="0">30</wcet>
            <wcet number="1">100</wcet>
            <maxpow number="0.5484773919839314"/>
            <maxpow number="0.5484773919839314"/>
            <fprob>0.0</fprob>
        </actor>
        <actor name="D0N8">
            <wcet number="0">10</wcet>
            <wcet number="1">10</wcet>
            <maxpow number="0.47061267364435705"/>
            <maxpow number="0.47061267364435705"/>
            <fprob>0.0</fprob>
        </actor>
        <actor name="D0N16">
            <wcet number="0">30</wcet>
            <wcet number="1">30</wcet>
            <maxpow number="0.7923890612323472"/>
            <maxpow number="0.7923890612323472"/>
            <fprob>0.0</fprob>
        </actor>
        <actor name="D0N7">
            <wcet number="0">30</wcet>
            <wcet number="1">80</wcet>
            <maxpow number="0.569487943400011"/>
            <maxpow number="0.569487943400011"/>
            <fprob>0.0</fprob>
        </actor>
        <actor name="D0N29">
            <wcet number="0">40</wcet>
            <wcet number="1">180</wcet>
            <maxpow number="0.3915282885025422"/>
            <maxpow number="0.3915282885025422"/>
            <fprob>0.0</fprob>
        </actor>
        <actor name="D0N43">
            <wcet number="0">50</wcet>
            <wcet number="1">60</wcet>
            <maxpow number="0.41263522273533837"/>
            <maxpow number="0.41263522273533837"/>
            <fprob>0.0</fprob>
        </actor>
        <actor name="D0N38">
            <wcet number="0">50</wcet>
            <wcet number="1">50</wcet>
            <maxpow number="0.3559698609181355"/>
            <maxpow number="0.3559698609181355"/>
            <fprob>0.0</fprob>
        </actor>
        <actor name="D0N23">
            <wcet number="0">30</wcet>
            <wcet number="1">30</wcet>
            <maxpow number="0.8377635492858615"/>
            <maxpow number="0.8377635492858615"/>
            <fprob>0.0</fprob>
        </actor>
        <actor name="D0N14">
            <wcet number="0">90</wcet>
            <wcet number="1">120</wcet>
            <maxpow number="0.5793747298727837"/>
            <maxpow number="0.5793747298727837"/>
            <fprob>0.0</fprob>
        </actor>
        <actor name="D0N13">
            <wcet number="0">240</wcet>
            <wcet number="1">250</wcet>
            <maxpow number="0.5566960981013122"/>
            <maxpow number="0.5566960981013122"/>
            <fprob>0.0</fprob>
        </actor>
        <actor name="D0N46">
            <wcet number="0">90</wcet>
            <wcet number="1">110</wcet>
            <maxpow number="0.29746917285829433"/>
            <maxpow number="0.29746917285829433"/>
            <fprob>0.0</fprob>
        </actor>
        <actor name="D0N10">
            <wcet number="0">50</wcet>
            <wcet number="1">60</wcet>
            <maxpow number="0.4811966933287211"/>
            <maxpow number="0.4811966933287211"/>
            <fprob>0.0</fprob>
        </actor>
        <actor name="D0N6">
            <wcet number="0">20</wcet>
            <wcet number="1">50</wcet>
            <maxpow number="0.588199620737752"/>
            <maxpow number="0.588199620737752"/>
            <fprob>0.0</fprob>
        </actor>
        <actor name="D0N31">
            <wcet number="0">10</wcet>
            <wcet number="1">50</wcet>
            <maxpow number="0.4353526566309014"/>
            <maxpow number="0.4353526566309014"/>
            <fprob>0.0</fprob>
        </actor>
        <actor name="D0N45">
            <wcet number="0">40</wcet>
            <wcet number="1">90</wcet>
            <maxpow number="0.6098449703369343"/>
            <maxpow number="0.6098449703369343"/>
            <fprob>0.0</fprob>
        </actor>
        <actor name="D0N42">
            <wcet number="0">170</wcet>
            <wcet number="1">200</wcet>
            <maxpow number="0.620834978521513"/>
            <maxpow number="0.620834978521513"/>
            <fprob>0.0</fprob>
        </actor>
        <actor name="D0N22">
            <wcet number="0">180</wcet>
            <wcet number="1">210</wcet>
            <maxpow number="0.4449065851971687"/>
            <maxpow number="0.4449065851971687"/>
            <fprob>0.0</fprob>
        </actor>
        <actor name="D0N4">
            <wcet number="0">20</wcet>
            <wcet number="1">40</wcet>
            <maxpow number="0.6584031142686078"/>
            <maxpow number="0.6584031142686078"/>
            <fprob>0.0</fprob>
        </actor>
        <actor name="D0N15">
            <wcet number="0">120</wcet>
            <wcet number="1">130</wcet>
            <maxpow number="0.4322105350498342"/>
            <maxpow number="0.4322105350498342"/>
            <fprob>0.0</fprob>
        </actor>
        <actor name="D0N19">
            <wcet number="0">70</wcet>
            <wcet number="1">390</wcet>
            <maxpow number="0.6684839602100603"/>
            <maxpow number="0.6684839602100603"/>
            <fprob>0.0</fprob>
        </actor>
        <actor name="D0N37">
            <wcet number="0">10</wcet>
            <wcet number="1">10</wcet>
            <maxpow number="0.6296438219884039"/>
            <maxpow number="0.6296438219884039"/>
            <fprob>0.0</fprob>
        </actor>
        <actor name="D0N35">
            <wcet number="0">110</wcet>
            <wcet number="1">360</wcet>
            <maxpow number="0.47607813599394355"/>
            <maxpow number="0.47607813599394355"/>
            <fprob>0.0</fprob>
        </actor>
        <actor name="D0N40">
            <wcet number="0">10</wcet>
            <wcet number="1">10</wcet>
            <maxpow number="0.2966504399238774"/>
            <maxpow number="0.2966504399238774"/>
            <fprob>0.0</fprob>
        </actor>
        <actor name="D0N21">
            <wcet number="0">10</wcet>
            <wcet number="1">30</wcet>
            <maxpow number="0.695186875850271"/>
            <maxpow number="0.695186875850271"/>
            <fprob>0.0</fprob>
        </actor>
        <actor name="D0N3">
            <wcet number="0">10</wcet>
            <wcet number="1">10</wcet>
            <maxpow number="0.5995639019102005"/>
            <maxpow number="0.5995639019102005"/>
            <fprob>0.0</fprob>
        </actor>
        <actor name="D0N25">
            <wcet number="0">10</wcet>
            <wcet number="1">10</wcet>
            <maxpow number="0.9364500688354921"/>
            <maxpow number="0.9364500688354921"/>
            <fprob>0.0</fprob>
        </actor>
        <actor name="D0N1">
            <wcet number="0">130</wcet>
            <wcet number="1">190</wcet>
            <maxpow number="0.4005353343612065"/>
            <maxpow number="0.4005353343612065"/>
            <fprob>0.0</fprob>
        </actor>
        <actor name="D0N24">
            <wcet number="0">120</wcet>
            <wcet number="1">160</wcet>
            <maxpow number="0.45885365547979984"/>
            <maxpow number="0.45885365547979984"/>
            <fprob>0.0</fprob>
        </actor>
        <actor name="D0N11">
            <wcet number="0">20</wcet>
            <wcet number="1">20</wcet>
            <maxpow number="0.7488996044696641"/>
            <maxpow number="0.7488996044696641"/>
            <fprob>0.0</fprob>
        </actor>
        <actor name="D0N32">
            <wcet number="0">10</wcet>
            <wcet number="1">20</wcet>
            <maxpow number="0.570611834941421"/>
            <maxpow number="0.570611834941421"/>
            <fprob>0.0</fprob>
        </actor>
        <actor name="D0N27">
            <wcet number="0">110</wcet>
            <wcet number="1">140</wcet>
            <maxpow number="0.5967563293290826"/>
            <maxpow number="0.5967563293290826"/>
            <fprob>0.0</fprob>
        </actor>
        <actor name="D0N41">
            <wcet number="0">50</wcet>
            <wcet number="1">70</wcet>
            <maxpow number="0.7368233014095814"/>
            <maxpow number="0.7368233014095814"/>
            <fprob>0.0</fprob>
        </actor>
        <actor name="D0N36">
            <wcet number="0">70</wcet>
            <wcet number="1">70</wcet>
            <maxpow number="0.6672544235948399"/>
            <maxpow number="0.6672544235948399"/>
            <fprob>0.0</fprob>
        </actor>
        <actor name="D0N44">
            <wcet number="0">40</wcet>
            <wcet number="1">160</wcet>
            <maxpow number="0.7673349579019563"/>
            <maxpow number="0.7673349579019563"/>
            <fprob>0.0</fprob>
        </actor>
        <actor name="D0N26">
            <wcet number="0">20</wcet>
            <wcet number="1">40</wcet>
            <maxpow number="0.4936517588994267"/>
            <maxpow number="0.4936517588994267"/>
            <fprob>0.0</fprob>
        </actor>
        <actor name="D0N34">
            <wcet number="0">10</wcet>
            <wcet number="1">10</wcet>
            <maxpow number="0.47147986207037096"/>
            <maxpow number="0.47147986207037096"/>
            <fprob>0.0</fprob>
        </actor>
        <actor name="D0N9">
            <wcet number="0">20</wcet>
            <wcet number="1">70</wcet>
            <maxpow number="0.4583487902920916"/>
            <maxpow number="0.4583487902920916"/>
            <fprob>0.0</fprob>
        </actor>
        <actor name="D0N18">
            <wcet number="0">20</wcet>
            <wcet number="1">20</wcet>
            <maxpow number="0.8574555435615449"/>
            <maxpow number="0.8574555435615449"/>
            <fprob>0.0</fprob>
        </actor>
        <ports>
            <port dstActor="D0N28" name="p0" srcActor="D0N5"/>
            <port dstActor="D0N47" name="p1" srcActor="D0N5"/>
            <port dstActor="D0N29" name="p2" srcActor="D0N5"/>
            <port dstActor="D0N14" name="p3" srcActor="D0N5"/>
            <port dstActor="D0N27" name="p4" srcActor="D0N20"/>
            <port dstActor="D0N29" name="p5" srcActor="D0N20"/>
            <port dstActor="D0N19" name="p6" srcActor="D0N12"/>
            <port dstActor="D0N37" name="p7" srcActor="D0N28"/>
            <port dstActor="D0N44" name="p8" srcActor="D0N28"/>
            <port dstActor="D0N25" name="p9" srcActor="D0N17"/>
            <port dstActor="D0N32" name="p10" srcActor="D0N17"/>
            <port dstActor="D0N43" name="p11" srcActor="D0N17"/>
            <port dstActor="D0N34" name="p12" srcActor="D0N17"/>
            <port dstActor="D0N42" name="p13" srcActor="D0N30"/>
            <port dstActor="D0N45" name="p14" srcActor="D0N33"/>
            <port dstActor="D0N47" name="p15" srcActor="D0N33"/>
            <port dstActor="D0N48" name="p16" srcActor="D0N33"/>
            <port dstActor="D0N35" name="p17" srcActor="D0N33"/>
            <port dstActor="D0N27" name="p18" srcActor="D0N0"/>
            <port dstActor="D0N22" name="p19" srcActor="D0N0"/>
            <port dstActor="D0N4" name="p20" srcActor="D0N0"/>
            <port dstActor="D0N19" name="p21" srcActor="D0N2"/>
            <port dstActor="D0N14" name="p22" srcActor="D0N2"/>
            <port dstActor="D0N45" name="p23" srcActor="D0N2"/>
            <port dstActor="D0N4" name="p24" srcActor="D0N2"/>
            <port dstActor="D0N15" name="p25" srcActor="D0N2"/>
            <port dstActor="D0N25" name="p26" srcActor="D0N2"/>
            <port dstActor="D0N46" name="p27" srcActor="D0N39"/>
            <port dstActor="D0N48" name="p28" srcActor="D0N39"/>
            <port dstActor="D0N18" name="p29" srcActor="D0N16"/>
            <port dstActor="D0N25" name="p30" srcActor="D0N16"/>
            <port dstActor="D0N47" name="p31" srcActor="D0N16"/>
            <port dstActor="D0N36" name="p32" srcActor="D0N16"/>
            <port dstActor="D0N47" name="p33" srcActor="D0N7"/>
            <port dstActor="D0N24" name="p34" srcActor="D0N7"/>
            <port dstActor="D0N14" name="p35" srcActor="D0N7"/>
            <port dstActor="D0N41" name="p36" srcActor="D0N29"/>
            <port dstActor="D0N32" name="p37" srcActor="D0N29"/>
            <port dstActor="D0N47" name="p38" srcActor="D0N43"/>
            <port dstActor="D0N47" name="p39" srcActor="D0N38"/>
            <port dstActor="D0N48" name="p40" srcActor="D0N23"/>
            <port dstActor="D0N26" name="p41" srcActor="D0N13"/>
            <port dstActor="D0N44" name="p42" srcActor="D0N13"/>
            <port dstActor="D0N23" name="p43" srcActor="D0N13"/>
            <port dstActor="D0N27" name="p44" srcActor="D0N13"/>
            <port dstActor="D0N33" name="p45" srcActor="D0N13"/>
            <port dstActor="D0N48" name="p46" srcActor="D0N46"/>
            <port dstActor="D0N42" name="p47" srcActor="D0N10"/>
            <port dstActor="D0N40" name="p48" srcActor="D0N10"/>
            <port dstActor="D0N18" name="p49" srcActor="D0N10"/>
            <port dstActor="D0N27" name="p50" srcActor="D0N6"/>
            <port dstActor="D0N8" name="p51" srcActor="D0N6"/>
            <port dstActor="D0N40" name="p52" srcActor="D0N6"/>
            <port dstActor="D0N44" name="p53" srcActor="D0N31"/>
            <port dstActor="D0N38" name="p54" srcActor="D0N22"/>
            <port dstActor="D0N34" name="p55" srcActor="D0N22"/>
            <port dstActor="D0N31" name="p56" srcActor="D0N22"/>
            <port dstActor="D0N32" name="p57" srcActor="D0N22"/>
            <port dstActor="D0N9" name="p58" srcActor="D0N4"/>
            <port dstActor="D0N14" name="p59" srcActor="D0N4"/>
            <port dstActor="D0N29" name="p60" srcActor="D0N4"/>
            <port dstActor="D0N12" name="p61" srcActor="D0N4"/>
            <port dstActor="D0N11" name="p62" srcActor="D0N4"/>
            <port dstActor="D0N8" name="p63" srcActor="D0N4"/>
            <port dstActor="D0N43" name="p64" srcActor="D0N15"/>
            <port dstActor="D0N21" name="p65" srcActor="D0N15"/>
            <port dstActor="D0N40" name="p66" srcActor="D0N15"/>
            <port dstActor="D0N48" name="p67" srcActor="D0N19"/>
            <port dstActor="D0N28" name="p68" srcActor="D0N19"/>
            <port dstActor="D0N46" name="p69" srcActor="D0N35"/>
            <port dstActor="D0N35" name="p70" srcActor="D0N21"/>
            <port dstActor="D0N38" name="p71" srcActor="D0N21"/>
            <port dstActor="D0N24" name="p72" srcActor="D0N21"/>
            <port dstActor="D0N22" name="p73" srcActor="D0N21"/>
            <port dstActor="D0N43" name="p74" srcActor="D0N3"/>
            <port dstActor="D0N28" name="p75" srcActor="D0N25"/>
            <port dstActor="D0N31" name="p76" srcActor="D0N25"/>
            <port dstActor="D0N46" name="p77" srcActor="D0N25"/>
            <port dstActor="D0N8" name="p78" srcActor="D0N1"/>
            <port dstActor="D0N30" name="p79" srcActor="D0N1"/>
            <port dstActor="D0N43" name="p80" srcActor="D0N1"/>
            <port dstActor="D0N33" name="p81" srcActor="D0N1"/>
            <port dstActor="D0N42" name="p82" srcActor="D0N1"/>
            <port dstActor="D0N32" name="p83" srcActor="D0N1"/>
            <port dstActor="D0N44" name="p84" srcActor="D0N24"/>
            <port dstActor="D0N31" name="p85" srcActor="D0N24"/>
            <port dstActor="D0N32" name="p86" srcActor="D0N11"/>
            <port dstActor="D0N21" name="p87" srcActor="D0N11"/>
            <port dstActor="D0N42" name="p88" srcActor="D0N11"/>
            <port dstActor="D0N24" name="p89" srcActor="D0N11"/>
            <port dstActor="D0N38" name="p90" srcActor="D0N11"/>
            <port dstActor="D0N18" name="p91" srcActor="D0N11"/>
            <port dstActor="D0N46" name="p92" srcActor="D0N32"/>
            <port dstActor="D0N48" name="p93" srcActor="D0N27"/>
            <port dstActor="D0N42" name="p94" srcActor="D0N41"/>
            <port dstActor="D0N29" name="p95" srcActor="D0N26"/>
            <port dstActor="D0N39" name="p96" srcActor="D0N26"/>
            <port dstActor="D0N46" name="p97" srcActor="D0N34"/>
            <port dstActor="D0N48" name="p98" srcActor="D0N34"/>
            <port dstActor="D0N36" name="p99" srcActor="D0N9"/>
            <port dstActor="D0N11" name="p100" srcActor="D0N9"/>
            <port dstActor="D0N18" name="p101" srcActor="D0N9"/>
            <port dstActor="D0N46" name="p102" srcActor="D0N9"/>
            <port dstActor="D0N34" name="p103" srcActor="D0N18"/>
            <port dstActor="D0N35" name="p104" srcActor="D0N18"/>
            <port dstActor="D0N37" name="p105" srcActor="D0N18"/>
            <port dstActor="D0N24" name="p106" srcActor="D0N18"/>
        </ports>
    </mcdag>
    <cores number="3"/>
    <levels number="2"/>
</mcsystem>
