<?xml version="1.0" encoding="UTF-8" standalone="no"?>
<mcsystem>
    <mcdag deadline="1200" name="genned-0-ed-10.0-0">
        <actor name="D0N33">
            <wcet number="0">270</wcet>
            <wcet number="1">300</wcet>
            <maxpow number="0.6608514017782562"/>
            <maxpow number="0.6608514017782562"/>
            <fprob>0.0</fprob>
        </actor>
        <actor name="D0N1">
            <wcet number="0">50</wcet>
            <wcet number="1">60</wcet>
            <maxpow number="0.5251897288593892"/>
            <maxpow number="0.5251897288593892"/>
            <fprob>0.0</fprob>
        </actor>
        <actor name="D0N12">
            <wcet number="0">20</wcet>
            <wcet number="1">20</wcet>
            <maxpow number="0.6080078677518894"/>
            <maxpow number="0.6080078677518894"/>
            <fprob>0.0</fprob>
        </actor>
        <actor name="D0N2">
            <wcet number="0">10</wcet>
            <wcet number="1">20</wcet>
            <maxpow number="0.3810857394460677"/>
            <maxpow number="0.3810857394460677"/>
            <fprob>0.0</fprob>
        </actor>
        <actor name="D0N17">
            <wcet number="0">160</wcet>
            <wcet number="1">230</wcet>
            <maxpow number="0.5575730379234929"/>
            <maxpow number="0.5575730379234929"/>
            <fprob>0.0</fprob>
        </actor>
        <actor name="D0N43">
            <wcet number="0">10</wcet>
            <wcet number="1">40</wcet>
            <maxpow number="0.6003641895930002"/>
            <maxpow number="0.6003641895930002"/>
            <fprob>0.0</fprob>
        </actor>
        <actor name="D0N9">
            <wcet number="0">50</wcet>
            <wcet number="1">120</wcet>
            <maxpow number="0.688261497896943"/>
            <maxpow number="0.688261497896943"/>
            <fprob>0.0</fprob>
        </actor>
        <actor name="D0N5">
            <wcet number="0">30</wcet>
            <wcet number="1">40</wcet>
            <maxpow number="0.8098862212083806"/>
            <maxpow number="0.8098862212083806"/>
            <fprob>0.0</fprob>
        </actor>
        <actor name="D0N42">
            <wcet number="0">40</wcet>
            <wcet number="1">130</wcet>
            <maxpow number="0.4175929978687952"/>
            <maxpow number="0.4175929978687952"/>
            <fprob>0.0</fprob>
        </actor>
        <actor name="D0N34">
            <wcet number="0">40</wcet>
            <wcet number="1">80</wcet>
            <maxpow number="0.5400225530292039"/>
            <maxpow number="0.5400225530292039"/>
            <fprob>0.0</fprob>
        </actor>
        <actor name="D0N4">
            <wcet number="0">20</wcet>
            <wcet number="1">250</wcet>
            <maxpow number="0.19729796824913454"/>
            <maxpow number="0.19729796824913454"/>
            <fprob>0.0</fprob>
        </actor>
        <actor name="D0N10">
            <wcet number="0">10</wcet>
            <wcet number="1">10</wcet>
            <maxpow number="0.656479365450592"/>
            <maxpow number="0.656479365450592"/>
            <fprob>0.0</fprob>
        </actor>
        <actor name="D0N11">
            <wcet number="0">10</wcet>
            <wcet number="1">50</wcet>
            <maxpow number="0.6904343284951169"/>
            <maxpow number="0.6904343284951169"/>
            <fprob>0.0</fprob>
        </actor>
        <actor name="D0N30">
            <wcet number="0">20</wcet>
            <wcet number="1">70</wcet>
            <maxpow number="0.2900221022653073"/>
            <maxpow number="0.2900221022653073"/>
            <fprob>0.0</fprob>
        </actor>
        <actor name="D0N3">
            <wcet number="0">10</wcet>
            <wcet number="1">90</wcet>
            <maxpow number="0.2672067604287573"/>
            <maxpow number="0.2672067604287573"/>
            <fprob>0.0</fprob>
        </actor>
        <actor name="D0N23">
            <wcet number="0">10</wcet>
            <wcet number="1">20</wcet>
            <maxpow number="0.4815711284023497"/>
            <maxpow number="0.4815711284023497"/>
            <fprob>0.0</fprob>
        </actor>
        <actor name="D0N44">
            <wcet number="0">30</wcet>
            <wcet number="1">50</wcet>
            <maxpow number="0.7769263391866913"/>
            <maxpow number="0.7769263391866913"/>
            <fprob>0.0</fprob>
        </actor>
        <actor name="D0N15">
            <wcet number="0">80</wcet>
            <wcet number="1">90</wcet>
            <maxpow number="0.6885081454600216"/>
            <maxpow number="0.6885081454600216"/>
            <fprob>0.0</fprob>
        </actor>
        <actor name="D0N0">
            <wcet number="0">10</wcet>
            <wcet number="1">20</wcet>
            <maxpow number="0.4709014496969397"/>
            <maxpow number="0.4709014496969397"/>
            <fprob>0.0</fprob>
        </actor>
        <actor name="D0N40">
            <wcet number="0">20</wcet>
            <wcet number="1">70</wcet>
            <maxpow number="0.4093673285252968"/>
            <maxpow number="0.4093673285252968"/>
            <fprob>0.0</fprob>
        </actor>
        <actor name="D0N14">
            <wcet number="0">30</wcet>
            <wcet number="1">60</wcet>
            <maxpow number="0.5036817111289194"/>
            <maxpow number="0.5036817111289194"/>
            <fprob>0.0</fprob>
        </actor>
        <actor name="D0N16">
            <wcet number="0">50</wcet>
            <wcet number="1">100</wcet>
            <maxpow number="0.6391256058190804"/>
            <maxpow number="0.6391256058190804"/>
            <fprob>0.0</fprob>
        </actor>
        <actor name="D0N22">
            <wcet number="0">10</wcet>
            <wcet number="1">20</wcet>
            <maxpow number="0.6408393462613474"/>
            <maxpow number="0.6408393462613474"/>
            <fprob>0.0</fprob>
        </actor>
        <actor name="D0N24">
            <wcet number="0">10</wcet>
            <wcet number="1">30</wcet>
            <maxpow number="0.6793202546812261"/>
            <maxpow number="0.6793202546812261"/>
            <fprob>0.0</fprob>
        </actor>
        <actor name="D0N20">
            <wcet number="0">40</wcet>
            <wcet number="1">40</wcet>
            <maxpow number="0.673373991964282"/>
            <maxpow number="0.673373991964282"/>
            <fprob>0.0</fprob>
        </actor>
        <actor name="D0N8">
            <wcet number="0">10</wcet>
            <wcet number="1">30</wcet>
            <maxpow number="0.3196437431065756"/>
            <maxpow number="0.3196437431065756"/>
            <fprob>0.0</fprob>
        </actor>
        <actor name="D0N35">
            <wcet number="0">10</wcet>
            <wcet number="1">20</wcet>
            <maxpow number="0.1040485451408788"/>
            <maxpow number="0.1040485451408788"/>
            <fprob>0.0</fprob>
        </actor>
        <actor name="D0N38">
            <wcet number="0">30</wcet>
            <wcet number="1">50</wcet>
            <maxpow number="0.6823586198951019"/>
            <maxpow number="0.6823586198951019"/>
            <fprob>0.0</fprob>
        </actor>
        <actor name="D0N13">
            <wcet number="0">20</wcet>
            <wcet number="1">110</wcet>
            <maxpow number="0.777414981140053"/>
            <maxpow number="0.777414981140053"/>
            <fprob>0.0</fprob>
        </actor>
        <actor name="D0N21">
            <wcet number="0">20</wcet>
            <wcet number="1">30</wcet>
            <maxpow number="0.6567886206999125"/>
            <maxpow number="0.6567886206999125"/>
            <fprob>0.0</fprob>
        </actor>
        <actor name="D0N37">
            <wcet number="0">30</wcet>
            <wcet number="1">70</wcet>
            <maxpow number="0.4635913754516488"/>
            <maxpow number="0.4635913754516488"/>
            <fprob>0.0</fprob>
        </actor>
        <actor name="D0N27">
            <wcet number="0">50</wcet>
            <wcet number="1">50</wcet>
            <maxpow number="0.7076183999457362"/>
            <maxpow number="0.7076183999457362"/>
            <fprob>0.0</fprob>
        </actor>
        <actor name="D0N19">
            <wcet number="0">10</wcet>
            <wcet number="1">10</wcet>
            <maxpow number="0.347810455323204"/>
            <maxpow number="0.347810455323204"/>
            <fprob>0.0</fprob>
        </actor>
        <actor name="D0N6">
            <wcet number="0">10</wcet>
            <wcet number="1">20</wcet>
            <maxpow number="0.7602279566139957"/>
            <maxpow number="0.7602279566139957"/>
            <fprob>0.0</fprob>
        </actor>
        <actor name="D0N25">
            <wcet number="0">10</wcet>
            <wcet number="1">10</wcet>
            <maxpow number="0.5789114622297108"/>
            <maxpow number="0.5789114622297108"/>
            <fprob>0.0</fprob>
        </actor>
        <actor name="D0N29">
            <wcet number="0">50</wcet>
            <wcet number="1">90</wcet>
            <maxpow number="-0.009256475021185095"/>
            <maxpow number="-0.009256475021185095"/>
            <fprob>0.0</fprob>
        </actor>
        <actor name="D0N18">
            <wcet number="0">10</wcet>
            <wcet number="1">150</wcet>
            <maxpow number="0.9033431428325376"/>
            <maxpow number="0.9033431428325376"/>
            <fprob>0.0</fprob>
        </actor>
        <actor name="D0N39">
            <wcet number="0">10</wcet>
            <wcet number="1">20</wcet>
            <maxpow number="0.8554965301864048"/>
            <maxpow number="0.8554965301864048"/>
            <fprob>0.0</fprob>
        </actor>
        <actor name="D0N26">
            <wcet number="0">10</wcet>
            <wcet number="1">10</wcet>
            <maxpow number="0.6326176465605172"/>
            <maxpow number="0.6326176465605172"/>
            <fprob>0.0</fprob>
        </actor>
        <actor name="D0N41">
            <wcet number="0">110</wcet>
            <wcet number="1">130</wcet>
            <maxpow number="0.5988684549584791"/>
            <maxpow number="0.5988684549584791"/>
            <fprob>0.0</fprob>
        </actor>
        <actor name="D0N31">
            <wcet number="0">70</wcet>
            <wcet number="1">110</wcet>
            <maxpow number="0.258179907081225"/>
            <maxpow number="0.258179907081225"/>
            <fprob>0.0</fprob>
        </actor>
        <actor name="D0N36">
            <wcet number="0">20</wcet>
            <wcet number="1">20</wcet>
            <maxpow number="0.4678720947108965"/>
            <maxpow number="0.4678720947108965"/>
            <fprob>0.0</fprob>
        </actor>
        <actor name="D0N7">
            <wcet number="0">20</wcet>
            <wcet number="1">30</wcet>
            <maxpow number="0.7246012706284672"/>
            <maxpow number="0.7246012706284672"/>
            <fprob>0.0</fprob>
        </actor>
        <actor name="D0N28">
            <wcet number="0">60</wcet>
            <wcet number="1">110</wcet>
            <maxpow number="0.6719689275702007"/>
            <maxpow number="0.6719689275702007"/>
            <fprob>0.0</fprob>
        </actor>
        <actor name="D0N32">
            <wcet number="0">40</wcet>
            <wcet number="1">160</wcet>
            <maxpow number="0.5013210612658668"/>
            <maxpow number="0.5013210612658668"/>
            <fprob>0.0</fprob>
        </actor>
        <ports>
            <port dstActor="D0N35" name="p0" srcActor="D0N33"/>
            <port dstActor="D0N33" name="p1" srcActor="D0N1"/>
            <port dstActor="D0N2" name="p2" srcActor="D0N1"/>
            <port dstActor="D0N27" name="p3" srcActor="D0N12"/>
            <port dstActor="D0N21" name="p4" srcActor="D0N12"/>
            <port dstActor="D0N18" name="p5" srcActor="D0N12"/>
            <port dstActor="D0N9" name="p6" srcActor="D0N2"/>
            <port dstActor="D0N4" name="p7" srcActor="D0N2"/>
            <port dstActor="D0N3" name="p8" srcActor="D0N2"/>
            <port dstActor="D0N26" name="p9" srcActor="D0N2"/>
            <port dstActor="D0N11" name="p10" srcActor="D0N2"/>
            <port dstActor="D0N43" name="p11" srcActor="D0N17"/>
            <port dstActor="D0N26" name="p12" srcActor="D0N17"/>
            <port dstActor="D0N44" name="p13" srcActor="D0N43"/>
            <port dstActor="D0N23" name="p14" srcActor="D0N9"/>
            <port dstActor="D0N11" name="p15" srcActor="D0N9"/>
            <port dstActor="D0N24" name="p16" srcActor="D0N5"/>
            <port dstActor="D0N39" name="p17" srcActor="D0N5"/>
            <port dstActor="D0N37" name="p18" srcActor="D0N5"/>
            <port dstActor="D0N23" name="p19" srcActor="D0N4"/>
            <port dstActor="D0N32" name="p20" srcActor="D0N4"/>
            <port dstActor="D0N16" name="p21" srcActor="D0N4"/>
            <port dstActor="D0N21" name="p22" srcActor="D0N4"/>
            <port dstActor="D0N28" name="p23" srcActor="D0N4"/>
            <port dstActor="D0N30" name="p24" srcActor="D0N10"/>
            <port dstActor="D0N14" name="p25" srcActor="D0N10"/>
            <port dstActor="D0N24" name="p26" srcActor="D0N11"/>
            <port dstActor="D0N41" name="p27" srcActor="D0N11"/>
            <port dstActor="D0N33" name="p28" srcActor="D0N30"/>
            <port dstActor="D0N41" name="p29" srcActor="D0N30"/>
            <port dstActor="D0N43" name="p30" srcActor="D0N3"/>
            <port dstActor="D0N32" name="p31" srcActor="D0N3"/>
            <port dstActor="D0N18" name="p32" srcActor="D0N3"/>
            <port dstActor="D0N36" name="p33" srcActor="D0N3"/>
            <port dstActor="D0N20" name="p34" srcActor="D0N3"/>
            <port dstActor="D0N28" name="p35" srcActor="D0N23"/>
            <port dstActor="D0N34" name="p36" srcActor="D0N23"/>
            <port dstActor="D0N28" name="p37" srcActor="D0N15"/>
            <port dstActor="D0N26" name="p38" srcActor="D0N15"/>
            <port dstActor="D0N41" name="p39" srcActor="D0N15"/>
            <port dstActor="D0N27" name="p40" srcActor="D0N15"/>
            <port dstActor="D0N3" name="p41" srcActor="D0N0"/>
            <port dstActor="D0N42" name="p42" srcActor="D0N0"/>
            <port dstActor="D0N12" name="p43" srcActor="D0N0"/>
            <port dstActor="D0N17" name="p44" srcActor="D0N0"/>
            <port dstActor="D0N31" name="p45" srcActor="D0N0"/>
            <port dstActor="D0N29" name="p46" srcActor="D0N0"/>
            <port dstActor="D0N32" name="p47" srcActor="D0N14"/>
            <port dstActor="D0N42" name="p48" srcActor="D0N14"/>
            <port dstActor="D0N39" name="p49" srcActor="D0N14"/>
            <port dstActor="D0N34" name="p50" srcActor="D0N14"/>
            <port dstActor="D0N31" name="p51" srcActor="D0N14"/>
            <port dstActor="D0N39" name="p52" srcActor="D0N16"/>
            <port dstActor="D0N21" name="p53" srcActor="D0N16"/>
            <port dstActor="D0N39" name="p54" srcActor="D0N22"/>
            <port dstActor="D0N32" name="p55" srcActor="D0N22"/>
            <port dstActor="D0N29" name="p56" srcActor="D0N24"/>
            <port dstActor="D0N23" name="p57" srcActor="D0N20"/>
            <port dstActor="D0N33" name="p58" srcActor="D0N20"/>
            <port dstActor="D0N11" name="p59" srcActor="D0N8"/>
            <port dstActor="D0N9" name="p60" srcActor="D0N8"/>
            <port dstActor="D0N33" name="p61" srcActor="D0N8"/>
            <port dstActor="D0N42" name="p62" srcActor="D0N8"/>
            <port dstActor="D0N41" name="p63" srcActor="D0N35"/>
            <port dstActor="D0N37" name="p64" srcActor="D0N13"/>
            <port dstActor="D0N21" name="p65" srcActor="D0N13"/>
            <port dstActor="D0N16" name="p66" srcActor="D0N13"/>
            <port dstActor="D0N29" name="p67" srcActor="D0N13"/>
            <port dstActor="D0N30" name="p68" srcActor="D0N21"/>
            <port dstActor="D0N26" name="p69" srcActor="D0N21"/>
            <port dstActor="D0N35" name="p70" srcActor="D0N27"/>
            <port dstActor="D0N41" name="p71" srcActor="D0N27"/>
            <port dstActor="D0N20" name="p72" srcActor="D0N19"/>
            <port dstActor="D0N36" name="p73" srcActor="D0N19"/>
            <port dstActor="D0N24" name="p74" srcActor="D0N19"/>
            <port dstActor="D0N22" name="p75" srcActor="D0N19"/>
            <port dstActor="D0N17" name="p76" srcActor="D0N6"/>
            <port dstActor="D0N44" name="p77" srcActor="D0N6"/>
            <port dstActor="D0N24" name="p78" srcActor="D0N6"/>
            <port dstActor="D0N34" name="p79" srcActor="D0N6"/>
            <port dstActor="D0N32" name="p80" srcActor="D0N29"/>
            <port dstActor="D0N36" name="p81" srcActor="D0N29"/>
            <port dstActor="D0N30" name="p82" srcActor="D0N18"/>
            <port dstActor="D0N38" name="p83" srcActor="D0N18"/>
            <port dstActor="D0N44" name="p84" srcActor="D0N39"/>
            <port dstActor="D0N42" name="p85" srcActor="D0N39"/>
            <port dstActor="D0N27" name="p86" srcActor="D0N26"/>
            <port dstActor="D0N39" name="p87" srcActor="D0N26"/>
            <port dstActor="D0N38" name="p88" srcActor="D0N36"/>
            <port dstActor="D0N34" name="p89" srcActor="D0N32"/>
        </ports>
    </mcdag>
    <cores number="3"/>
    <levels number="2"/>
</mcsystem>
