<?xml version="1.0" encoding="UTF-8" standalone="no"?>
<mcsystem>
    <mcdag deadline="2500" name="genned-0-ed-10.0-0">
        <actor name="D0N35">
            <wcet number="0">170</wcet>
            <wcet number="1">380</wcet>
            <maxpow number="0.45157871096719365"/>
            <maxpow number="0.45157871096719365"/>
            <fprob>0.0</fprob>
        </actor>
        <actor name="D0N5">
            <wcet number="0">30</wcet>
            <wcet number="1">210</wcet>
            <maxpow number="0.5203246522216439"/>
            <maxpow number="0.5203246522216439"/>
            <fprob>0.0</fprob>
        </actor>
        <actor name="D0N25">
            <wcet number="0">10</wcet>
            <wcet number="1">20</wcet>
            <maxpow number="0.7325851596560583"/>
            <maxpow number="0.7325851596560583"/>
            <fprob>0.0</fprob>
        </actor>
        <actor name="D0N9">
            <wcet number="0">50</wcet>
            <wcet number="1">90</wcet>
            <maxpow number="0.5159344526137296"/>
            <maxpow number="0.5159344526137296"/>
            <fprob>0.0</fprob>
        </actor>
        <actor name="D0N15">
            <wcet number="0">10</wcet>
            <wcet number="1">40</wcet>
            <maxpow number="0.7779393204229224"/>
            <maxpow number="0.7779393204229224"/>
            <fprob>0.0</fprob>
        </actor>
        <actor name="D0N28">
            <wcet number="0">30</wcet>
            <wcet number="1">80</wcet>
            <maxpow number="0.7504722452553916"/>
            <maxpow number="0.7504722452553916"/>
            <fprob>0.0</fprob>
        </actor>
        <actor name="D0N2">
            <wcet number="0">20</wcet>
            <wcet number="1">50</wcet>
            <maxpow number="0.5387222609260558"/>
            <maxpow number="0.5387222609260558"/>
            <fprob>0.0</fprob>
        </actor>
        <actor name="D0N7">
            <wcet number="0">10</wcet>
            <wcet number="1">230</wcet>
            <maxpow number="0.31575584538588924"/>
            <maxpow number="0.31575584538588924"/>
            <fprob>0.0</fprob>
        </actor>
        <actor name="D0N8">
            <wcet number="0">220</wcet>
            <wcet number="1">480</wcet>
            <maxpow number="0.7128295267206609"/>
            <maxpow number="0.7128295267206609"/>
            <fprob>0.0</fprob>
        </actor>
        <actor name="D0N19">
            <wcet number="0">10</wcet>
            <wcet number="1">340</wcet>
            <maxpow number="0.7191285177180264"/>
            <maxpow number="0.7191285177180264"/>
            <fprob>0.0</fprob>
        </actor>
        <actor name="D0N21">
            <wcet number="0">30</wcet>
            <wcet number="1">290</wcet>
            <maxpow number="0.30838820403580747"/>
            <maxpow number="0.30838820403580747"/>
            <fprob>0.0</fprob>
        </actor>
        <actor name="D0N33">
            <wcet number="0">30</wcet>
            <wcet number="1">40</wcet>
            <maxpow number="0.8653523909422798"/>
            <maxpow number="0.8653523909422798"/>
            <fprob>0.0</fprob>
        </actor>
        <actor name="D0N10">
            <wcet number="0">10</wcet>
            <wcet number="1">50</wcet>
            <maxpow number="0.6654618689668416"/>
            <maxpow number="0.6654618689668416"/>
            <fprob>0.0</fprob>
        </actor>
        <actor name="D0N40">
            <wcet number="0">40</wcet>
            <wcet number="1">40</wcet>
            <maxpow number="0.32699488181109815"/>
            <maxpow number="0.32699488181109815"/>
            <fprob>0.0</fprob>
        </actor>
        <actor name="D0N20">
            <wcet number="0">10</wcet>
            <wcet number="1">30</wcet>
            <maxpow number="0.6016032616755048"/>
            <maxpow number="0.6016032616755048"/>
            <fprob>0.0</fprob>
        </actor>
        <actor name="D0N42">
            <wcet number="0">10</wcet>
            <wcet number="1">10</wcet>
            <maxpow number="0.7667172251675631"/>
            <maxpow number="0.7667172251675631"/>
            <fprob>0.0</fprob>
        </actor>
        <actor name="D0N27">
            <wcet number="0">70</wcet>
            <wcet number="1">110</wcet>
            <maxpow number="0.5961807686881878"/>
            <maxpow number="0.5961807686881878"/>
            <fprob>0.0</fprob>
        </actor>
        <actor name="D0N49">
            <wcet number="0">40</wcet>
            <wcet number="1">90</wcet>
            <maxpow number="0.28340978035144704"/>
            <maxpow number="0.28340978035144704"/>
            <fprob>0.0</fprob>
        </actor>
        <actor name="D0N18">
            <wcet number="0">10</wcet>
            <wcet number="1">10</wcet>
            <maxpow number="0.3389070106295684"/>
            <maxpow number="0.3389070106295684"/>
            <fprob>0.0</fprob>
        </actor>
        <actor name="D0N41">
            <wcet number="0">210</wcet>
            <wcet number="1">410</wcet>
            <maxpow number="0.6897159409753445"/>
            <maxpow number="0.6897159409753445"/>
            <fprob>0.0</fprob>
        </actor>
        <actor name="D0N39">
            <wcet number="0">20</wcet>
            <wcet number="1">20</wcet>
            <maxpow number="0.06849795166533301"/>
            <maxpow number="0.06849795166533301"/>
            <fprob>0.0</fprob>
        </actor>
        <actor name="D0N22">
            <wcet number="0">30</wcet>
            <wcet number="1">30</wcet>
            <maxpow number="0.7870366476840259"/>
            <maxpow number="0.7870366476840259"/>
            <fprob>0.0</fprob>
        </actor>
        <actor name="D0N46">
            <wcet number="0">10</wcet>
            <wcet number="1">10</wcet>
            <maxpow number="0.46243177048157347"/>
            <maxpow number="0.46243177048157347"/>
            <fprob>0.0</fprob>
        </actor>
        <actor name="D0N47">
            <wcet number="0">70</wcet>
            <wcet number="1">90</wcet>
            <maxpow number="0.5381975940658114"/>
            <maxpow number="0.5381975940658114"/>
            <fprob>0.0</fprob>
        </actor>
        <actor name="D0N37">
            <wcet number="0">50</wcet>
            <wcet number="1">50</wcet>
            <maxpow number="0.4196648677925807"/>
            <maxpow number="0.4196648677925807"/>
            <fprob>0.0</fprob>
        </actor>
        <actor name="D0N13">
            <wcet number="0">20</wcet>
            <wcet number="1">30</wcet>
            <maxpow number="0.5989216642567994"/>
            <maxpow number="0.5989216642567994"/>
            <fprob>0.0</fprob>
        </actor>
        <actor name="D0N16">
            <wcet number="0">10</wcet>
            <wcet number="1">20</wcet>
            <maxpow number="0.3689368617508323"/>
            <maxpow number="0.3689368617508323"/>
            <fprob>0.0</fprob>
        </actor>
        <actor name="D0N45">
            <wcet number="0">90</wcet>
            <wcet number="1">130</wcet>
            <maxpow number="0.4074560700590758"/>
            <maxpow number="0.4074560700590758"/>
            <fprob>0.0</fprob>
        </actor>
        <actor name="D0N31">
            <wcet number="0">40</wcet>
            <wcet number="1">120</wcet>
            <maxpow number="0.519457764587294"/>
            <maxpow number="0.519457764587294"/>
            <fprob>0.0</fprob>
        </actor>
        <actor name="D0N44">
            <wcet number="0">20</wcet>
            <wcet number="1">50</wcet>
            <maxpow number="0.4048084320540426"/>
            <maxpow number="0.4048084320540426"/>
            <fprob>0.0</fprob>
        </actor>
        <actor name="D0N29">
            <wcet number="0">20</wcet>
            <wcet number="1">20</wcet>
            <maxpow number="0.6542367423460018"/>
            <maxpow number="0.6542367423460018"/>
            <fprob>0.0</fprob>
        </actor>
        <actor name="D0N0">
            <wcet number="0">80</wcet>
            <wcet number="1">200</wcet>
            <maxpow number="0.6303747181493837"/>
            <maxpow number="0.6303747181493837"/>
            <fprob>0.0</fprob>
        </actor>
        <actor name="D0N32">
            <wcet number="0">10</wcet>
            <wcet number="1">20</wcet>
            <maxpow number="0.7386319284870501"/>
            <maxpow number="0.7386319284870501"/>
            <fprob>0.0</fprob>
        </actor>
        <actor name="D0N34">
            <wcet number="0">160</wcet>
            <wcet number="1">170</wcet>
            <maxpow number="0.6133401315051489"/>
            <maxpow number="0.6133401315051489"/>
            <fprob>0.0</fprob>
        </actor>
        <actor name="D0N30">
            <wcet number="0">80</wcet>
            <wcet number="1">170</wcet>
            <maxpow number="0.41286646300183755"/>
            <maxpow number="0.41286646300183755"/>
            <fprob>0.0</fprob>
        </actor>
        <actor name="D0N43">
            <wcet number="0">250</wcet>
            <wcet number="1">280</wcet>
            <maxpow number="0.7693679475478696"/>
            <maxpow number="0.7693679475478696"/>
            <fprob>0.0</fprob>
        </actor>
        <actor name="D0N3">
            <wcet number="0">10</wcet>
            <wcet number="1">10</wcet>
            <maxpow number="0.3874168627967884"/>
            <maxpow number="0.3874168627967884"/>
            <fprob>0.0</fprob>
        </actor>
        <actor name="D0N1">
            <wcet number="0">140</wcet>
            <wcet number="1">140</wcet>
            <maxpow number="0.368093554207437"/>
            <maxpow number="0.368093554207437"/>
            <fprob>0.0</fprob>
        </actor>
        <actor name="D0N26">
            <wcet number="0">40</wcet>
            <wcet number="1">40</wcet>
            <maxpow number="0.6137792389095601"/>
            <maxpow number="0.6137792389095601"/>
            <fprob>0.0</fprob>
        </actor>
        <actor name="D0N6">
            <wcet number="0">60</wcet>
            <wcet number="1">60</wcet>
            <maxpow number="0.5394017125697986"/>
            <maxpow number="0.5394017125697986"/>
            <fprob>0.0</fprob>
        </actor>
        <actor name="D0N4">
            <wcet number="0">10</wcet>
            <wcet number="1">10</wcet>
            <maxpow number="0.6490418221012371"/>
            <maxpow number="0.6490418221012371"/>
            <fprob>0.0</fprob>
        </actor>
        <actor name="D0N36">
            <wcet number="0">30</wcet>
            <wcet number="1">30</wcet>
            <maxpow number="0.5969811946446864"/>
            <maxpow number="0.5969811946446864"/>
            <fprob>0.0</fprob>
        </actor>
        <actor name="D0N38">
            <wcet number="0">40</wcet>
            <wcet number="1">40</wcet>
            <maxpow number="0.625338769540341"/>
            <maxpow number="0.625338769540341"/>
            <fprob>0.0</fprob>
        </actor>
        <actor name="D0N11">
            <wcet number="0">90</wcet>
            <wcet number="1">110</wcet>
            <maxpow number="0.5949664996833206"/>
            <maxpow number="0.5949664996833206"/>
            <fprob>0.0</fprob>
        </actor>
        <actor name="D0N12">
            <wcet number="0">30</wcet>
            <wcet number="1">30</wcet>
            <maxpow number="0.6000183356974589"/>
            <maxpow number="0.6000183356974589"/>
            <fprob>0.0</fprob>
        </actor>
        <actor name="D0N14">
            <wcet number="0">30</wcet>
            <wcet number="1">30</wcet>
            <maxpow number="0.7485880993904017"/>
            <maxpow number="0.7485880993904017"/>
            <fprob>0.0</fprob>
        </actor>
        <actor name="D0N24">
            <wcet number="0">70</wcet>
            <wcet number="1">110</wcet>
            <maxpow number="0.7242190112456695"/>
            <maxpow number="0.7242190112456695"/>
            <fprob>0.0</fprob>
        </actor>
        <actor name="D0N17">
            <wcet number="0">10</wcet>
            <wcet number="1">10</wcet>
            <maxpow number="0.3465113119077096"/>
            <maxpow number="0.3465113119077096"/>
            <fprob>0.0</fprob>
        </actor>
        <actor name="D0N23">
            <wcet number="0">10</wcet>
            <wcet number="1">10</wcet>
            <maxpow number="0.4086680271925871"/>
            <maxpow number="0.4086680271925871"/>
            <fprob>0.0</fprob>
        </actor>
        <actor name="D0N48">
            <wcet number="0">180</wcet>
            <wcet number="1">210</wcet>
            <maxpow number="0.6849269488811258"/>
            <maxpow number="0.6849269488811258"/>
            <fprob>0.0</fprob>
        </actor>
        <ports>
            <port dstActor="D0N43" name="p0" srcActor="D0N35"/>
            <port dstActor="D0N36" name="p1" srcActor="D0N35"/>
            <port dstActor="D0N28" name="p2" srcActor="D0N25"/>
            <port dstActor="D0N32" name="p3" srcActor="D0N25"/>
            <port dstActor="D0N48" name="p4" srcActor="D0N25"/>
            <port dstActor="D0N33" name="p5" srcActor="D0N25"/>
            <port dstActor="D0N46" name="p6" srcActor="D0N25"/>
            <port dstActor="D0N30" name="p7" srcActor="D0N25"/>
            <port dstActor="D0N15" name="p8" srcActor="D0N9"/>
            <port dstActor="D0N25" name="p9" srcActor="D0N9"/>
            <port dstActor="D0N22" name="p10" srcActor="D0N15"/>
            <port dstActor="D0N26" name="p11" srcActor="D0N15"/>
            <port dstActor="D0N28" name="p12" srcActor="D0N15"/>
            <port dstActor="D0N46" name="p13" srcActor="D0N28"/>
            <port dstActor="D0N45" name="p14" srcActor="D0N28"/>
            <port dstActor="D0N33" name="p15" srcActor="D0N28"/>
            <port dstActor="D0N15" name="p16" srcActor="D0N2"/>
            <port dstActor="D0N8" name="p17" srcActor="D0N2"/>
            <port dstActor="D0N34" name="p18" srcActor="D0N2"/>
            <port dstActor="D0N28" name="p19" srcActor="D0N2"/>
            <port dstActor="D0N10" name="p20" srcActor="D0N2"/>
            <port dstActor="D0N41" name="p21" srcActor="D0N2"/>
            <port dstActor="D0N24" name="p22" srcActor="D0N7"/>
            <port dstActor="D0N32" name="p23" srcActor="D0N7"/>
            <port dstActor="D0N27" name="p24" srcActor="D0N7"/>
            <port dstActor="D0N34" name="p25" srcActor="D0N8"/>
            <port dstActor="D0N21" name="p26" srcActor="D0N8"/>
            <port dstActor="D0N32" name="p27" srcActor="D0N8"/>
            <port dstActor="D0N44" name="p28" srcActor="D0N19"/>
            <port dstActor="D0N45" name="p29" srcActor="D0N19"/>
            <port dstActor="D0N49" name="p30" srcActor="D0N19"/>
            <port dstActor="D0N38" name="p31" srcActor="D0N19"/>
            <port dstActor="D0N30" name="p32" srcActor="D0N19"/>
            <port dstActor="D0N36" name="p33" srcActor="D0N21"/>
            <port dstActor="D0N27" name="p34" srcActor="D0N21"/>
            <port dstActor="D0N23" name="p35" srcActor="D0N21"/>
            <port dstActor="D0N31" name="p36" srcActor="D0N21"/>
            <port dstActor="D0N47" name="p37" srcActor="D0N21"/>
            <port dstActor="D0N28" name="p38" srcActor="D0N21"/>
            <port dstActor="D0N45" name="p39" srcActor="D0N21"/>
            <port dstActor="D0N33" name="p40" srcActor="D0N21"/>
            <port dstActor="D0N39" name="p41" srcActor="D0N33"/>
            <port dstActor="D0N48" name="p42" srcActor="D0N33"/>
            <port dstActor="D0N49" name="p43" srcActor="D0N33"/>
            <port dstActor="D0N37" name="p44" srcActor="D0N33"/>
            <port dstActor="D0N37" name="p45" srcActor="D0N10"/>
            <port dstActor="D0N15" name="p46" srcActor="D0N10"/>
            <port dstActor="D0N16" name="p47" srcActor="D0N10"/>
            <port dstActor="D0N48" name="p48" srcActor="D0N40"/>
            <port dstActor="D0N47" name="p49" srcActor="D0N20"/>
            <port dstActor="D0N29" name="p50" srcActor="D0N20"/>
            <port dstActor="D0N30" name="p51" srcActor="D0N20"/>
            <port dstActor="D0N29" name="p52" srcActor="D0N27"/>
            <port dstActor="D0N30" name="p53" srcActor="D0N27"/>
            <port dstActor="D0N38" name="p54" srcActor="D0N27"/>
            <port dstActor="D0N45" name="p55" srcActor="D0N27"/>
            <port dstActor="D0N30" name="p56" srcActor="D0N18"/>
            <port dstActor="D0N42" name="p57" srcActor="D0N41"/>
            <port dstActor="D0N47" name="p58" srcActor="D0N41"/>
            <port dstActor="D0N48" name="p59" srcActor="D0N41"/>
            <port dstActor="D0N48" name="p60" srcActor="D0N22"/>
            <port dstActor="D0N27" name="p61" srcActor="D0N22"/>
            <port dstActor="D0N25" name="p62" srcActor="D0N22"/>
            <port dstActor="D0N28" name="p63" srcActor="D0N13"/>
            <port dstActor="D0N20" name="p64" srcActor="D0N13"/>
            <port dstActor="D0N40" name="p65" srcActor="D0N13"/>
            <port dstActor="D0N41" name="p66" srcActor="D0N13"/>
            <port dstActor="D0N37" name="p67" srcActor="D0N16"/>
            <port dstActor="D0N36" name="p68" srcActor="D0N16"/>
            <port dstActor="D0N26" name="p69" srcActor="D0N16"/>
            <port dstActor="D0N21" name="p70" srcActor="D0N16"/>
            <port dstActor="D0N48" name="p71" srcActor="D0N45"/>
            <port dstActor="D0N46" name="p72" srcActor="D0N31"/>
            <port dstActor="D0N43" name="p73" srcActor="D0N31"/>
            <port dstActor="D0N37" name="p74" srcActor="D0N29"/>
            <port dstActor="D0N41" name="p75" srcActor="D0N29"/>
            <port dstActor="D0N39" name="p76" srcActor="D0N29"/>
            <port dstActor="D0N13" name="p77" srcActor="D0N0"/>
            <port dstActor="D0N33" name="p78" srcActor="D0N0"/>
            <port dstActor="D0N6" name="p79" srcActor="D0N0"/>
            <port dstActor="D0N38" name="p80" srcActor="D0N0"/>
            <port dstActor="D0N37" name="p81" srcActor="D0N32"/>
            <port dstActor="D0N44" name="p82" srcActor="D0N32"/>
            <port dstActor="D0N44" name="p83" srcActor="D0N43"/>
            <port dstActor="D0N17" name="p84" srcActor="D0N3"/>
            <port dstActor="D0N8" name="p85" srcActor="D0N3"/>
            <port dstActor="D0N47" name="p86" srcActor="D0N3"/>
            <port dstActor="D0N38" name="p87" srcActor="D0N3"/>
            <port dstActor="D0N21" name="p88" srcActor="D0N1"/>
            <port dstActor="D0N24" name="p89" srcActor="D0N1"/>
            <port dstActor="D0N20" name="p90" srcActor="D0N1"/>
            <port dstActor="D0N35" name="p91" srcActor="D0N1"/>
            <port dstActor="D0N38" name="p92" srcActor="D0N1"/>
            <port dstActor="D0N37" name="p93" srcActor="D0N1"/>
            <port dstActor="D0N47" name="p94" srcActor="D0N26"/>
            <port dstActor="D0N40" name="p95" srcActor="D0N26"/>
            <port dstActor="D0N29" name="p96" srcActor="D0N26"/>
            <port dstActor="D0N23" name="p97" srcActor="D0N6"/>
            <port dstActor="D0N22" name="p98" srcActor="D0N6"/>
            <port dstActor="D0N37" name="p99" srcActor="D0N6"/>
            <port dstActor="D0N36" name="p100" srcActor="D0N6"/>
            <port dstActor="D0N29" name="p101" srcActor="D0N6"/>
            <port dstActor="D0N31" name="p102" srcActor="D0N6"/>
            <port dstActor="D0N34" name="p103" srcActor="D0N6"/>
            <port dstActor="D0N40" name="p104" srcActor="D0N6"/>
            <port dstActor="D0N21" name="p105" srcActor="D0N4"/>
            <port dstActor="D0N43" name="p106" srcActor="D0N4"/>
            <port dstActor="D0N28" name="p107" srcActor="D0N4"/>
            <port dstActor="D0N44" name="p108" srcActor="D0N4"/>
            <port dstActor="D0N26" name="p109" srcActor="D0N4"/>
            <port dstActor="D0N39" name="p110" srcActor="D0N36"/>
            <port dstActor="D0N45" name="p111" srcActor="D0N36"/>
            <port dstActor="D0N43" name="p112" srcActor="D0N38"/>
            <port dstActor="D0N17" name="p113" srcActor="D0N11"/>
            <port dstActor="D0N12" name="p114" srcActor="D0N11"/>
            <port dstActor="D0N45" name="p115" srcActor="D0N11"/>
            <port dstActor="D0N35" name="p116" srcActor="D0N12"/>
            <port dstActor="D0N22" name="p117" srcActor="D0N12"/>
            <port dstActor="D0N19" name="p118" srcActor="D0N14"/>
            <port dstActor="D0N37" name="p119" srcActor="D0N24"/>
            <port dstActor="D0N39" name="p120" srcActor="D0N24"/>
            <port dstActor="D0N36" name="p121" srcActor="D0N24"/>
            <port dstActor="D0N44" name="p122" srcActor="D0N17"/>
            <port dstActor="D0N46" name="p123" srcActor="D0N17"/>
            <port dstActor="D0N29" name="p124" srcActor="D0N23"/>
            <port dstActor="D0N47" name="p125" srcActor="D0N23"/>
        </ports>
    </mcdag>
    <cores number="3"/>
    <levels number="2"/>
</mcsystem>
