<?xml version="1.0" encoding="UTF-8" standalone="no"?>
<mcsystem>
    <mcdag deadline="5000" name="genned-0-ed-10.0-0">
        <actor name="D0N28">
            <wcet number="0">100</wcet>
            <wcet number="1">180</wcet>
            <maxpow number="0.2422914528893957"/>
            <maxpow number="0.2422914528893957"/>
            <fprob>0.0</fprob>
        </actor>
        <actor name="D0N44">
            <wcet number="0">60</wcet>
            <wcet number="1">210</wcet>
            <maxpow number="0.38441013878232"/>
            <maxpow number="0.38441013878232"/>
            <fprob>0.0</fprob>
        </actor>
        <actor name="D0N29">
            <wcet number="0">280</wcet>
            <wcet number="1">600</wcet>
            <maxpow number="0.5005097001338539"/>
            <maxpow number="0.5005097001338539"/>
            <fprob>0.0</fprob>
        </actor>
        <actor name="D0N15">
            <wcet number="0">10</wcet>
            <wcet number="1">20</wcet>
            <maxpow number="0.47808869534353293"/>
            <maxpow number="0.47808869534353293"/>
            <fprob>0.0</fprob>
        </actor>
        <actor name="D0N42">
            <wcet number="0">30</wcet>
            <wcet number="1">60</wcet>
            <maxpow number="0.6735381742877155"/>
            <maxpow number="0.6735381742877155"/>
            <fprob>0.0</fprob>
        </actor>
        <actor name="D0N2">
            <wcet number="0">90</wcet>
            <wcet number="1">90</wcet>
            <maxpow number="0.7631076234363752"/>
            <maxpow number="0.7631076234363752"/>
            <fprob>0.0</fprob>
        </actor>
        <actor name="D0N0">
            <wcet number="0">180</wcet>
            <wcet number="1">540</wcet>
            <maxpow number="0.823179729470095"/>
            <maxpow number="0.823179729470095"/>
            <fprob>0.0</fprob>
        </actor>
        <actor name="D0N33">
            <wcet number="0">220</wcet>
            <wcet number="1">260</wcet>
            <maxpow number="0.5894795987782322"/>
            <maxpow number="0.5894795987782322"/>
            <fprob>0.0</fprob>
        </actor>
        <actor name="D0N14">
            <wcet number="0">20</wcet>
            <wcet number="1">100</wcet>
            <maxpow number="0.7497272118683354"/>
            <maxpow number="0.7497272118683354"/>
            <fprob>0.0</fprob>
        </actor>
        <actor name="D0N23">
            <wcet number="0">120</wcet>
            <wcet number="1">120</wcet>
            <maxpow number="0.6388280720657715"/>
            <maxpow number="0.6388280720657715"/>
            <fprob>0.0</fprob>
        </actor>
        <actor name="D0N45">
            <wcet number="0">190</wcet>
            <wcet number="1">280</wcet>
            <maxpow number="0.756244926466463"/>
            <maxpow number="0.756244926466463"/>
            <fprob>0.0</fprob>
        </actor>
        <actor name="D0N6">
            <wcet number="0">110</wcet>
            <wcet number="1">170</wcet>
            <maxpow number="0.3572861193568948"/>
            <maxpow number="0.3572861193568948"/>
            <fprob>0.0</fprob>
        </actor>
        <actor name="D0N17">
            <wcet number="0">120</wcet>
            <wcet number="1">140</wcet>
            <maxpow number="0.619399690527492"/>
            <maxpow number="0.619399690527492"/>
            <fprob>0.0</fprob>
        </actor>
        <actor name="D0N26">
            <wcet number="0">40</wcet>
            <wcet number="1">40</wcet>
            <maxpow number="0.44361671564440985"/>
            <maxpow number="0.44361671564440985"/>
            <fprob>0.0</fprob>
        </actor>
        <actor name="D0N30">
            <wcet number="0">360</wcet>
            <wcet number="1">360</wcet>
            <maxpow number="0.564142086553625"/>
            <maxpow number="0.564142086553625"/>
            <fprob>0.0</fprob>
        </actor>
        <actor name="D0N1">
            <wcet number="0">420</wcet>
            <wcet number="1">500</wcet>
            <maxpow number="0.5282289490411879"/>
            <maxpow number="0.5282289490411879"/>
            <fprob>0.0</fprob>
        </actor>
        <actor name="D0N36">
            <wcet number="0">60</wcet>
            <wcet number="1">260</wcet>
            <maxpow number="0.42392562582980053"/>
            <maxpow number="0.42392562582980053"/>
            <fprob>0.0</fprob>
        </actor>
        <actor name="D0N20">
            <wcet number="0">170</wcet>
            <wcet number="1">170</wcet>
            <maxpow number="0.6418398040141996"/>
            <maxpow number="0.6418398040141996"/>
            <fprob>0.0</fprob>
        </actor>
        <actor name="D0N16">
            <wcet number="0">190</wcet>
            <wcet number="1">390</wcet>
            <maxpow number="0.6362519391937322"/>
            <maxpow number="0.6362519391937322"/>
            <fprob>0.0</fprob>
        </actor>
        <actor name="D0N4">
            <wcet number="0">10</wcet>
            <wcet number="1">200</wcet>
            <maxpow number="0.8142249256682033"/>
            <maxpow number="0.8142249256682033"/>
            <fprob>0.0</fprob>
        </actor>
        <actor name="D0N11">
            <wcet number="0">110</wcet>
            <wcet number="1">130</wcet>
            <maxpow number="0.5940280414654121"/>
            <maxpow number="0.5940280414654121"/>
            <fprob>0.0</fprob>
        </actor>
        <actor name="D0N13">
            <wcet number="0">30</wcet>
            <wcet number="1">560</wcet>
            <maxpow number="0.8244593318187818"/>
            <maxpow number="0.8244593318187818"/>
            <fprob>0.0</fprob>
        </actor>
        <actor name="D0N19">
            <wcet number="0">120</wcet>
            <wcet number="1">190</wcet>
            <maxpow number="0.7047436529327368"/>
            <maxpow number="0.7047436529327368"/>
            <fprob>0.0</fprob>
        </actor>
        <actor name="D0N32">
            <wcet number="0">80</wcet>
            <wcet number="1">80</wcet>
            <maxpow number="0.3328378413996724"/>
            <maxpow number="0.3328378413996724"/>
            <fprob>0.0</fprob>
        </actor>
        <actor name="D0N27">
            <wcet number="0">10</wcet>
            <wcet number="1">10</wcet>
            <maxpow number="0.6670012197621433"/>
            <maxpow number="0.6670012197621433"/>
            <fprob>0.0</fprob>
        </actor>
        <actor name="D0N24">
            <wcet number="0">120</wcet>
            <wcet number="1">180</wcet>
            <maxpow number="0.6136875987001964"/>
            <maxpow number="0.6136875987001964"/>
            <fprob>0.0</fprob>
        </actor>
        <actor name="D0N39">
            <wcet number="0">10</wcet>
            <wcet number="1">380</wcet>
            <maxpow number="0.46933618634542307"/>
            <maxpow number="0.46933618634542307"/>
            <fprob>0.0</fprob>
        </actor>
        <actor name="D0N35">
            <wcet number="0">60</wcet>
            <wcet number="1">70</wcet>
            <maxpow number="0.6219834476385276"/>
            <maxpow number="0.6219834476385276"/>
            <fprob>0.0</fprob>
        </actor>
        <actor name="D0N40">
            <wcet number="0">10</wcet>
            <wcet number="1">10</wcet>
            <maxpow number="0.4009592961007884"/>
            <maxpow number="0.4009592961007884"/>
            <fprob>0.0</fprob>
        </actor>
        <actor name="D0N3">
            <wcet number="0">70</wcet>
            <wcet number="1">610</wcet>
            <maxpow number="0.3155935047318098"/>
            <maxpow number="0.3155935047318098"/>
            <fprob>0.0</fprob>
        </actor>
        <actor name="D0N25">
            <wcet number="0">70</wcet>
            <wcet number="1">680</wcet>
            <maxpow number="0.8686410923075997"/>
            <maxpow number="0.8686410923075997"/>
            <fprob>0.0</fprob>
        </actor>
        <actor name="D0N34">
            <wcet number="0">20</wcet>
            <wcet number="1">30</wcet>
            <maxpow number="0.46139681875507194"/>
            <maxpow number="0.46139681875507194"/>
            <fprob>0.0</fprob>
        </actor>
        <actor name="D0N22">
            <wcet number="0">650</wcet>
            <wcet number="1">720</wcet>
            <maxpow number="0.5784913859908942"/>
            <maxpow number="0.5784913859908942"/>
            <fprob>0.0</fprob>
        </actor>
        <actor name="D0N48">
            <wcet number="0">240</wcet>
            <wcet number="1">250</wcet>
            <maxpow number="0.36434945820425835"/>
            <maxpow number="0.36434945820425835"/>
            <fprob>0.0</fprob>
        </actor>
        <actor name="D0N12">
            <wcet number="0">100</wcet>
            <wcet number="1">180</wcet>
            <maxpow number="0.32025145679183464"/>
            <maxpow number="0.32025145679183464"/>
            <fprob>0.0</fprob>
        </actor>
        <actor name="D0N46">
            <wcet number="0">60</wcet>
            <wcet number="1">80</wcet>
            <maxpow number="0.6942578899961713"/>
            <maxpow number="0.6942578899961713"/>
            <fprob>0.0</fprob>
        </actor>
        <actor name="D0N38">
            <wcet number="0">20</wcet>
            <wcet number="1">90</wcet>
            <maxpow number="0.4264505164118378"/>
            <maxpow number="0.4264505164118378"/>
            <fprob>0.0</fprob>
        </actor>
        <actor name="D0N31">
            <wcet number="0">120</wcet>
            <wcet number="1">260</wcet>
            <maxpow number="0.6745703660420259"/>
            <maxpow number="0.6745703660420259"/>
            <fprob>0.0</fprob>
        </actor>
        <actor name="D0N47">
            <wcet number="0">60</wcet>
            <wcet number="1">90</wcet>
            <maxpow number="0.5815740454721375"/>
            <maxpow number="0.5815740454721375"/>
            <fprob>0.0</fprob>
        </actor>
        <actor name="D0N8">
            <wcet number="0">10</wcet>
            <wcet number="1">30</wcet>
            <maxpow number="0.6917330804353227"/>
            <maxpow number="0.6917330804353227"/>
            <fprob>0.0</fprob>
        </actor>
        <actor name="D0N43">
            <wcet number="0">300</wcet>
            <wcet number="1">390</wcet>
            <maxpow number="0.47550265387772434"/>
            <maxpow number="0.47550265387772434"/>
            <fprob>0.0</fprob>
        </actor>
        <actor name="D0N37">
            <wcet number="0">70</wcet>
            <wcet number="1">210</wcet>
            <maxpow number="0.7538873160902833"/>
            <maxpow number="0.7538873160902833"/>
            <fprob>0.0</fprob>
        </actor>
        <actor name="D0N5">
            <wcet number="0">10</wcet>
            <wcet number="1">130</wcet>
            <maxpow number="0.6159962353122264"/>
            <maxpow number="0.6159962353122264"/>
            <fprob>0.0</fprob>
        </actor>
        <actor name="D0N21">
            <wcet number="0">10</wcet>
            <wcet number="1">20</wcet>
            <maxpow number="0.8054430314812122"/>
            <maxpow number="0.8054430314812122"/>
            <fprob>0.0</fprob>
        </actor>
        <actor name="D0N7">
            <wcet number="0">130</wcet>
            <wcet number="1">220</wcet>
            <maxpow number="0.4945435474402373"/>
            <maxpow number="0.4945435474402373"/>
            <fprob>0.0</fprob>
        </actor>
        <actor name="D0N9">
            <wcet number="0">40</wcet>
            <wcet number="1">50</wcet>
            <maxpow number="0.48635165040190936"/>
            <maxpow number="0.48635165040190936"/>
            <fprob>0.0</fprob>
        </actor>
        <actor name="D0N18">
            <wcet number="0">10</wcet>
            <wcet number="1">70</wcet>
            <maxpow number="0.5238033141538072"/>
            <maxpow number="0.5238033141538072"/>
            <fprob>0.0</fprob>
        </actor>
        <actor name="D0N41">
            <wcet number="0">420</wcet>
            <wcet number="1">570</wcet>
            <maxpow number="-0.03257912048000711"/>
            <maxpow number="-0.03257912048000711"/>
            <fprob>0.0</fprob>
        </actor>
        <actor name="D0N10">
            <wcet number="0">20</wcet>
            <wcet number="1">20</wcet>
            <maxpow number="0.972608673230828"/>
            <maxpow number="0.972608673230828"/>
            <fprob>0.0</fprob>
        </actor>
        <ports>
            <port dstActor="D0N40" name="p0" srcActor="D0N28"/>
            <port dstActor="D0N29" name="p1" srcActor="D0N28"/>
            <port dstActor="D0N31" name="p2" srcActor="D0N28"/>
            <port dstActor="D0N32" name="p3" srcActor="D0N29"/>
            <port dstActor="D0N45" name="p4" srcActor="D0N29"/>
            <port dstActor="D0N35" name="p5" srcActor="D0N29"/>
            <port dstActor="D0N35" name="p6" srcActor="D0N15"/>
            <port dstActor="D0N41" name="p7" srcActor="D0N15"/>
            <port dstActor="D0N25" name="p8" srcActor="D0N15"/>
            <port dstActor="D0N37" name="p9" srcActor="D0N15"/>
            <port dstActor="D0N33" name="p10" srcActor="D0N15"/>
            <port dstActor="D0N24" name="p11" srcActor="D0N2"/>
            <port dstActor="D0N20" name="p12" srcActor="D0N2"/>
            <port dstActor="D0N18" name="p13" srcActor="D0N2"/>
            <port dstActor="D0N22" name="p14" srcActor="D0N2"/>
            <port dstActor="D0N24" name="p15" srcActor="D0N0"/>
            <port dstActor="D0N42" name="p16" srcActor="D0N0"/>
            <port dstActor="D0N12" name="p17" srcActor="D0N0"/>
            <port dstActor="D0N37" name="p18" srcActor="D0N0"/>
            <port dstActor="D0N37" name="p19" srcActor="D0N14"/>
            <port dstActor="D0N30" name="p20" srcActor="D0N14"/>
            <port dstActor="D0N38" name="p21" srcActor="D0N23"/>
            <port dstActor="D0N44" name="p22" srcActor="D0N23"/>
            <port dstActor="D0N45" name="p23" srcActor="D0N23"/>
            <port dstActor="D0N48" name="p24" srcActor="D0N45"/>
            <port dstActor="D0N25" name="p25" srcActor="D0N17"/>
            <port dstActor="D0N20" name="p26" srcActor="D0N17"/>
            <port dstActor="D0N30" name="p27" srcActor="D0N17"/>
            <port dstActor="D0N37" name="p28" srcActor="D0N17"/>
            <port dstActor="D0N37" name="p29" srcActor="D0N26"/>
            <port dstActor="D0N29" name="p30" srcActor="D0N26"/>
            <port dstActor="D0N35" name="p31" srcActor="D0N26"/>
            <port dstActor="D0N42" name="p32" srcActor="D0N30"/>
            <port dstActor="D0N31" name="p33" srcActor="D0N30"/>
            <port dstActor="D0N25" name="p34" srcActor="D0N1"/>
            <port dstActor="D0N29" name="p35" srcActor="D0N1"/>
            <port dstActor="D0N38" name="p36" srcActor="D0N1"/>
            <port dstActor="D0N46" name="p37" srcActor="D0N1"/>
            <port dstActor="D0N37" name="p38" srcActor="D0N1"/>
            <port dstActor="D0N10" name="p39" srcActor="D0N1"/>
            <port dstActor="D0N32" name="p40" srcActor="D0N1"/>
            <port dstActor="D0N41" name="p41" srcActor="D0N1"/>
            <port dstActor="D0N7" name="p42" srcActor="D0N1"/>
            <port dstActor="D0N37" name="p43" srcActor="D0N36"/>
            <port dstActor="D0N42" name="p44" srcActor="D0N36"/>
            <port dstActor="D0N48" name="p45" srcActor="D0N36"/>
            <port dstActor="D0N24" name="p46" srcActor="D0N20"/>
            <port dstActor="D0N44" name="p47" srcActor="D0N20"/>
            <port dstActor="D0N30" name="p48" srcActor="D0N20"/>
            <port dstActor="D0N38" name="p49" srcActor="D0N20"/>
            <port dstActor="D0N44" name="p50" srcActor="D0N16"/>
            <port dstActor="D0N45" name="p51" srcActor="D0N16"/>
            <port dstActor="D0N47" name="p52" srcActor="D0N16"/>
            <port dstActor="D0N16" name="p53" srcActor="D0N4"/>
            <port dstActor="D0N21" name="p54" srcActor="D0N4"/>
            <port dstActor="D0N38" name="p55" srcActor="D0N11"/>
            <port dstActor="D0N17" name="p56" srcActor="D0N11"/>
            <port dstActor="D0N18" name="p57" srcActor="D0N13"/>
            <port dstActor="D0N46" name="p58" srcActor="D0N13"/>
            <port dstActor="D0N27" name="p59" srcActor="D0N13"/>
            <port dstActor="D0N32" name="p60" srcActor="D0N19"/>
            <port dstActor="D0N38" name="p61" srcActor="D0N19"/>
            <port dstActor="D0N37" name="p62" srcActor="D0N19"/>
            <port dstActor="D0N31" name="p63" srcActor="D0N19"/>
            <port dstActor="D0N43" name="p64" srcActor="D0N27"/>
            <port dstActor="D0N34" name="p65" srcActor="D0N27"/>
            <port dstActor="D0N38" name="p66" srcActor="D0N27"/>
            <port dstActor="D0N32" name="p67" srcActor="D0N27"/>
            <port dstActor="D0N41" name="p68" srcActor="D0N27"/>
            <port dstActor="D0N30" name="p69" srcActor="D0N24"/>
            <port dstActor="D0N32" name="p70" srcActor="D0N24"/>
            <port dstActor="D0N45" name="p71" srcActor="D0N24"/>
            <port dstActor="D0N36" name="p72" srcActor="D0N24"/>
            <port dstActor="D0N27" name="p73" srcActor="D0N24"/>
            <port dstActor="D0N44" name="p74" srcActor="D0N39"/>
            <port dstActor="D0N47" name="p75" srcActor="D0N35"/>
            <port dstActor="D0N43" name="p76" srcActor="D0N40"/>
            <port dstActor="D0N23" name="p77" srcActor="D0N3"/>
            <port dstActor="D0N9" name="p78" srcActor="D0N3"/>
            <port dstActor="D0N22" name="p79" srcActor="D0N3"/>
            <port dstActor="D0N41" name="p80" srcActor="D0N3"/>
            <port dstActor="D0N48" name="p81" srcActor="D0N34"/>
            <port dstActor="D0N43" name="p82" srcActor="D0N12"/>
            <port dstActor="D0N34" name="p83" srcActor="D0N12"/>
            <port dstActor="D0N24" name="p84" srcActor="D0N12"/>
            <port dstActor="D0N32" name="p85" srcActor="D0N12"/>
            <port dstActor="D0N31" name="p86" srcActor="D0N12"/>
            <port dstActor="D0N48" name="p87" srcActor="D0N46"/>
            <port dstActor="D0N47" name="p88" srcActor="D0N46"/>
            <port dstActor="D0N48" name="p89" srcActor="D0N38"/>
            <port dstActor="D0N27" name="p90" srcActor="D0N8"/>
            <port dstActor="D0N21" name="p91" srcActor="D0N8"/>
            <port dstActor="D0N42" name="p92" srcActor="D0N8"/>
            <port dstActor="D0N22" name="p93" srcActor="D0N8"/>
            <port dstActor="D0N45" name="p94" srcActor="D0N8"/>
            <port dstActor="D0N44" name="p95" srcActor="D0N43"/>
            <port dstActor="D0N47" name="p96" srcActor="D0N37"/>
            <port dstActor="D0N33" name="p97" srcActor="D0N5"/>
            <port dstActor="D0N6" name="p98" srcActor="D0N5"/>
            <port dstActor="D0N35" name="p99" srcActor="D0N5"/>
            <port dstActor="D0N45" name="p100" srcActor="D0N21"/>
            <port dstActor="D0N38" name="p101" srcActor="D0N21"/>
            <port dstActor="D0N47" name="p102" srcActor="D0N7"/>
            <port dstActor="D0N45" name="p103" srcActor="D0N7"/>
            <port dstActor="D0N33" name="p104" srcActor="D0N7"/>
            <port dstActor="D0N44" name="p105" srcActor="D0N7"/>
            <port dstActor="D0N29" name="p106" srcActor="D0N7"/>
            <port dstActor="D0N21" name="p107" srcActor="D0N9"/>
            <port dstActor="D0N30" name="p108" srcActor="D0N9"/>
            <port dstActor="D0N10" name="p109" srcActor="D0N9"/>
            <port dstActor="D0N41" name="p110" srcActor="D0N9"/>
            <port dstActor="D0N27" name="p111" srcActor="D0N9"/>
            <port dstActor="D0N46" name="p112" srcActor="D0N18"/>
            <port dstActor="D0N21" name="p113" srcActor="D0N18"/>
            <port dstActor="D0N48" name="p114" srcActor="D0N18"/>
            <port dstActor="D0N23" name="p115" srcActor="D0N10"/>
            <port dstActor="D0N43" name="p116" srcActor="D0N10"/>
        </ports>
    </mcdag>
    <cores number="3"/>
    <levels number="2"/>
</mcsystem>
