<?xml version="1.0" encoding="UTF-8" standalone="no"?>
<mcsystem>
    <mcdag deadline="2200" name="genned-0-ed-10.0-0">
        <actor name="D0N34">
            <wcet number="0">20</wcet>
            <wcet number="1">20</wcet>
            <maxpow number="0.2862909725893238"/>
            <maxpow number="0.2862909725893238"/>
            <fprob>0.0</fprob>
        </actor>
        <actor name="D0N24">
            <wcet number="0">80</wcet>
            <wcet number="1">150</wcet>
            <maxpow number="0.4193036572405757"/>
            <maxpow number="0.4193036572405757"/>
            <fprob>0.0</fprob>
        </actor>
        <actor name="D0N44">
            <wcet number="0">30</wcet>
            <wcet number="1">50</wcet>
            <maxpow number="0.4864376803141625"/>
            <maxpow number="0.4864376803141625"/>
            <fprob>0.0</fprob>
        </actor>
        <actor name="D0N19">
            <wcet number="0">20</wcet>
            <wcet number="1">100</wcet>
            <maxpow number="0.5415757866981836"/>
            <maxpow number="0.5415757866981836"/>
            <fprob>0.0</fprob>
        </actor>
        <actor name="D0N42">
            <wcet number="0">10</wcet>
            <wcet number="1">120</wcet>
            <maxpow number="0.27513294955644785"/>
            <maxpow number="0.27513294955644785"/>
            <fprob>0.0</fprob>
        </actor>
        <actor name="D0N38">
            <wcet number="0">100</wcet>
            <wcet number="1">200</wcet>
            <maxpow number="0.5105422043925427"/>
            <maxpow number="0.5105422043925427"/>
            <fprob>0.0</fprob>
        </actor>
        <actor name="D0N12">
            <wcet number="0">100</wcet>
            <wcet number="1">190</wcet>
            <maxpow number="0.7523489813704072"/>
            <maxpow number="0.7523489813704072"/>
            <fprob>0.0</fprob>
        </actor>
        <actor name="D0N21">
            <wcet number="0">10</wcet>
            <wcet number="1">10</wcet>
            <maxpow number="0.6355245431469427"/>
            <maxpow number="0.6355245431469427"/>
            <fprob>0.0</fprob>
        </actor>
        <actor name="D0N9">
            <wcet number="0">20</wcet>
            <wcet number="1">80</wcet>
            <maxpow number="0.5242651257733407"/>
            <maxpow number="0.5242651257733407"/>
            <fprob>0.0</fprob>
        </actor>
        <actor name="D0N28">
            <wcet number="0">50</wcet>
            <wcet number="1">50</wcet>
            <maxpow number="0.2794377128405753"/>
            <maxpow number="0.2794377128405753"/>
            <fprob>0.0</fprob>
        </actor>
        <actor name="D0N18">
            <wcet number="0">50</wcet>
            <wcet number="1">50</wcet>
            <maxpow number="0.48624247957412153"/>
            <maxpow number="0.48624247957412153"/>
            <fprob>0.0</fprob>
        </actor>
        <actor name="D0N25">
            <wcet number="0">40</wcet>
            <wcet number="1">60</wcet>
            <maxpow number="0.6129387677391047"/>
            <maxpow number="0.6129387677391047"/>
            <fprob>0.0</fprob>
        </actor>
        <actor name="D0N37">
            <wcet number="0">50</wcet>
            <wcet number="1">160</wcet>
            <maxpow number="0.5452085039302748"/>
            <maxpow number="0.5452085039302748"/>
            <fprob>0.0</fprob>
        </actor>
        <actor name="D0N15">
            <wcet number="0">80</wcet>
            <wcet number="1">130</wcet>
            <maxpow number="0.47797975921116737"/>
            <maxpow number="0.47797975921116737"/>
            <fprob>0.0</fprob>
        </actor>
        <actor name="D0N36">
            <wcet number="0">90</wcet>
            <wcet number="1">90</wcet>
            <maxpow number="0.43329373624585876"/>
            <maxpow number="0.43329373624585876"/>
            <fprob>0.0</fprob>
        </actor>
        <actor name="D0N41">
            <wcet number="0">270</wcet>
            <wcet number="1">300</wcet>
            <maxpow number="0.5903343193148993"/>
            <maxpow number="0.5903343193148993"/>
            <fprob>0.0</fprob>
        </actor>
        <actor name="D0N4">
            <wcet number="0">10</wcet>
            <wcet number="1">20</wcet>
            <maxpow number="0.42975251845121976"/>
            <maxpow number="0.42975251845121976"/>
            <fprob>0.0</fprob>
        </actor>
        <actor name="D0N29">
            <wcet number="0">40</wcet>
            <wcet number="1">50</wcet>
            <maxpow number="0.43159330201366775"/>
            <maxpow number="0.43159330201366775"/>
            <fprob>0.0</fprob>
        </actor>
        <actor name="D0N45">
            <wcet number="0">130</wcet>
            <wcet number="1">130</wcet>
            <maxpow number="0.8519968637077542"/>
            <maxpow number="0.8519968637077542"/>
            <fprob>0.0</fprob>
        </actor>
        <actor name="D0N33">
            <wcet number="0">40</wcet>
            <wcet number="1">40</wcet>
            <maxpow number="0.6881224709156926"/>
            <maxpow number="0.6881224709156926"/>
            <fprob>0.0</fprob>
        </actor>
        <actor name="D0N10">
            <wcet number="0">10</wcet>
            <wcet number="1">10</wcet>
            <maxpow number="1.0045604561849621"/>
            <maxpow number="1.0045604561849621"/>
            <fprob>0.0</fprob>
        </actor>
        <actor name="D0N20">
            <wcet number="0">10</wcet>
            <wcet number="1">80</wcet>
            <maxpow number="0.7869136383089144"/>
            <maxpow number="0.7869136383089144"/>
            <fprob>0.0</fprob>
        </actor>
        <actor name="D0N13">
            <wcet number="0">400</wcet>
            <wcet number="1">480</wcet>
            <maxpow number="0.2460625313744388"/>
            <maxpow number="0.2460625313744388"/>
            <fprob>0.0</fprob>
        </actor>
        <actor name="D0N30">
            <wcet number="0">160</wcet>
            <wcet number="1">170</wcet>
            <maxpow number="0.45598513067943625"/>
            <maxpow number="0.45598513067943625"/>
            <fprob>0.0</fprob>
        </actor>
        <actor name="D0N35">
            <wcet number="0">90</wcet>
            <wcet number="1">90</wcet>
            <maxpow number="0.3858747411442528"/>
            <maxpow number="0.3858747411442528"/>
            <fprob>0.0</fprob>
        </actor>
        <actor name="D0N2">
            <wcet number="0">10</wcet>
            <wcet number="1">110</wcet>
            <maxpow number="0.7523955055426695"/>
            <maxpow number="0.7523955055426695"/>
            <fprob>0.0</fprob>
        </actor>
        <actor name="D0N14">
            <wcet number="0">10</wcet>
            <wcet number="1">30</wcet>
            <maxpow number="0.6903307594625422"/>
            <maxpow number="0.6903307594625422"/>
            <fprob>0.0</fprob>
        </actor>
        <actor name="D0N32">
            <wcet number="0">20</wcet>
            <wcet number="1">100</wcet>
            <maxpow number="0.6995063283729983"/>
            <maxpow number="0.6995063283729983"/>
            <fprob>0.0</fprob>
        </actor>
        <actor name="D0N26">
            <wcet number="0">10</wcet>
            <wcet number="1">150</wcet>
            <maxpow number="0.7619789773900609"/>
            <maxpow number="0.7619789773900609"/>
            <fprob>0.0</fprob>
        </actor>
        <actor name="D0N0">
            <wcet number="0">40</wcet>
            <wcet number="1">60</wcet>
            <maxpow number="0.4701301511144269"/>
            <maxpow number="0.4701301511144269"/>
            <fprob>0.0</fprob>
        </actor>
        <actor name="D0N22">
            <wcet number="0">30</wcet>
            <wcet number="1">40</wcet>
            <maxpow number="0.5709383249475541"/>
            <maxpow number="0.5709383249475541"/>
            <fprob>0.0</fprob>
        </actor>
        <actor name="D0N43">
            <wcet number="0">10</wcet>
            <wcet number="1">40</wcet>
            <maxpow number="0.7073429542884142"/>
            <maxpow number="0.7073429542884142"/>
            <fprob>0.0</fprob>
        </actor>
        <actor name="D0N46">
            <wcet number="0">10</wcet>
            <wcet number="1">10</wcet>
            <maxpow number="0.501632347382707"/>
            <maxpow number="0.501632347382707"/>
            <fprob>0.0</fprob>
        </actor>
        <actor name="D0N1">
            <wcet number="0">40</wcet>
            <wcet number="1">40</wcet>
            <maxpow number="0.4551899008170261"/>
            <maxpow number="0.4551899008170261"/>
            <fprob>0.0</fprob>
        </actor>
        <actor name="D0N3">
            <wcet number="0">20</wcet>
            <wcet number="1">20</wcet>
            <maxpow number="0.4962828877349851"/>
            <maxpow number="0.4962828877349851"/>
            <fprob>0.0</fprob>
        </actor>
        <actor name="D0N5">
            <wcet number="0">70</wcet>
            <wcet number="1">70</wcet>
            <maxpow number="0.7282765796474487"/>
            <maxpow number="0.7282765796474487"/>
            <fprob>0.0</fprob>
        </actor>
        <actor name="D0N6">
            <wcet number="0">30</wcet>
            <wcet number="1">40</wcet>
            <maxpow number="0.7684184185632993"/>
            <maxpow number="0.7684184185632993"/>
            <fprob>0.0</fprob>
        </actor>
        <actor name="D0N7">
            <wcet number="0">20</wcet>
            <wcet number="1">20</wcet>
            <maxpow number="0.5142226935724336"/>
            <maxpow number="0.5142226935724336"/>
            <fprob>0.0</fprob>
        </actor>
        <actor name="D0N11">
            <wcet number="0">10</wcet>
            <wcet number="1">60</wcet>
            <maxpow number="0.43946806865179533"/>
            <maxpow number="0.43946806865179533"/>
            <fprob>0.0</fprob>
        </actor>
        <actor name="D0N17">
            <wcet number="0">100</wcet>
            <wcet number="1">100</wcet>
            <maxpow number="0.7518883905340322"/>
            <maxpow number="0.7518883905340322"/>
            <fprob>0.0</fprob>
        </actor>
        <actor name="D0N40">
            <wcet number="0">30</wcet>
            <wcet number="1">30</wcet>
            <maxpow number="0.4284927336815058"/>
            <maxpow number="0.4284927336815058"/>
            <fprob>0.0</fprob>
        </actor>
        <actor name="D0N16">
            <wcet number="0">110</wcet>
            <wcet number="1">120</wcet>
            <maxpow number="0.4962390274058864"/>
            <maxpow number="0.4962390274058864"/>
            <fprob>0.0</fprob>
        </actor>
        <actor name="D0N27">
            <wcet number="0">50</wcet>
            <wcet number="1">190</wcet>
            <maxpow number="0.2162711950446296"/>
            <maxpow number="0.2162711950446296"/>
            <fprob>0.0</fprob>
        </actor>
        <actor name="D0N31">
            <wcet number="0">60</wcet>
            <wcet number="1">100</wcet>
            <maxpow number="0.6771054854022684"/>
            <maxpow number="0.6771054854022684"/>
            <fprob>0.0</fprob>
        </actor>
        <actor name="D0N8">
            <wcet number="0">20</wcet>
            <wcet number="1">40</wcet>
            <maxpow number="0.5421064573995072"/>
            <maxpow number="0.5421064573995072"/>
            <fprob>0.0</fprob>
        </actor>
        <actor name="D0N23">
            <wcet number="0">30</wcet>
            <wcet number="1">90</wcet>
            <maxpow number="0.6582042499872103"/>
            <maxpow number="0.6582042499872103"/>
            <fprob>0.0</fprob>
        </actor>
        <actor name="D0N39">
            <wcet number="0">20</wcet>
            <wcet number="1">30</wcet>
            <maxpow number="0.5273895182478926"/>
            <maxpow number="0.5273895182478926"/>
            <fprob>0.0</fprob>
        </actor>
        <actor name="D0N47">
            <wcet number="0">20</wcet>
            <wcet number="1">80</wcet>
            <maxpow number="0.6020485760982625"/>
            <maxpow number="0.6020485760982625"/>
            <fprob>0.0</fprob>
        </actor>
        <ports>
            <port dstActor="D0N43" name="p0" srcActor="D0N34"/>
            <port dstActor="D0N47" name="p1" srcActor="D0N34"/>
            <port dstActor="D0N39" name="p2" srcActor="D0N34"/>
            <port dstActor="D0N42" name="p3" srcActor="D0N34"/>
            <port dstActor="D0N28" name="p4" srcActor="D0N24"/>
            <port dstActor="D0N39" name="p5" srcActor="D0N24"/>
            <port dstActor="D0N45" name="p6" srcActor="D0N19"/>
            <port dstActor="D0N42" name="p7" srcActor="D0N19"/>
            <port dstActor="D0N27" name="p8" srcActor="D0N19"/>
            <port dstActor="D0N36" name="p9" srcActor="D0N19"/>
            <port dstActor="D0N39" name="p10" srcActor="D0N38"/>
            <port dstActor="D0N41" name="p11" srcActor="D0N38"/>
            <port dstActor="D0N44" name="p12" srcActor="D0N38"/>
            <port dstActor="D0N46" name="p13" srcActor="D0N38"/>
            <port dstActor="D0N17" name="p14" srcActor="D0N12"/>
            <port dstActor="D0N31" name="p15" srcActor="D0N12"/>
            <port dstActor="D0N28" name="p16" srcActor="D0N21"/>
            <port dstActor="D0N37" name="p17" srcActor="D0N21"/>
            <port dstActor="D0N30" name="p18" srcActor="D0N21"/>
            <port dstActor="D0N26" name="p19" srcActor="D0N21"/>
            <port dstActor="D0N16" name="p20" srcActor="D0N9"/>
            <port dstActor="D0N22" name="p21" srcActor="D0N9"/>
            <port dstActor="D0N30" name="p22" srcActor="D0N9"/>
            <port dstActor="D0N18" name="p23" srcActor="D0N9"/>
            <port dstActor="D0N34" name="p24" srcActor="D0N28"/>
            <port dstActor="D0N31" name="p25" srcActor="D0N28"/>
            <port dstActor="D0N21" name="p26" srcActor="D0N18"/>
            <port dstActor="D0N45" name="p27" srcActor="D0N18"/>
            <port dstActor="D0N23" name="p28" srcActor="D0N18"/>
            <port dstActor="D0N25" name="p29" srcActor="D0N18"/>
            <port dstActor="D0N36" name="p30" srcActor="D0N18"/>
            <port dstActor="D0N36" name="p31" srcActor="D0N25"/>
            <port dstActor="D0N33" name="p32" srcActor="D0N25"/>
            <port dstActor="D0N30" name="p33" srcActor="D0N25"/>
            <port dstActor="D0N37" name="p34" srcActor="D0N25"/>
            <port dstActor="D0N46" name="p35" srcActor="D0N37"/>
            <port dstActor="D0N31" name="p36" srcActor="D0N15"/>
            <port dstActor="D0N26" name="p37" srcActor="D0N15"/>
            <port dstActor="D0N30" name="p38" srcActor="D0N15"/>
            <port dstActor="D0N33" name="p39" srcActor="D0N15"/>
            <port dstActor="D0N38" name="p40" srcActor="D0N15"/>
            <port dstActor="D0N25" name="p41" srcActor="D0N15"/>
            <port dstActor="D0N41" name="p42" srcActor="D0N36"/>
            <port dstActor="D0N7" name="p43" srcActor="D0N4"/>
            <port dstActor="D0N21" name="p44" srcActor="D0N4"/>
            <port dstActor="D0N9" name="p45" srcActor="D0N4"/>
            <port dstActor="D0N29" name="p46" srcActor="D0N4"/>
            <port dstActor="D0N35" name="p47" srcActor="D0N33"/>
            <port dstActor="D0N41" name="p48" srcActor="D0N33"/>
            <port dstActor="D0N24" name="p49" srcActor="D0N10"/>
            <port dstActor="D0N13" name="p50" srcActor="D0N10"/>
            <port dstActor="D0N47" name="p51" srcActor="D0N10"/>
            <port dstActor="D0N17" name="p52" srcActor="D0N10"/>
            <port dstActor="D0N26" name="p53" srcActor="D0N10"/>
            <port dstActor="D0N21" name="p54" srcActor="D0N10"/>
            <port dstActor="D0N45" name="p55" srcActor="D0N10"/>
            <port dstActor="D0N24" name="p56" srcActor="D0N20"/>
            <port dstActor="D0N29" name="p57" srcActor="D0N20"/>
            <port dstActor="D0N34" name="p58" srcActor="D0N20"/>
            <port dstActor="D0N21" name="p59" srcActor="D0N13"/>
            <port dstActor="D0N36" name="p60" srcActor="D0N30"/>
            <port dstActor="D0N46" name="p61" srcActor="D0N30"/>
            <port dstActor="D0N41" name="p62" srcActor="D0N30"/>
            <port dstActor="D0N46" name="p63" srcActor="D0N35"/>
            <port dstActor="D0N40" name="p64" srcActor="D0N2"/>
            <port dstActor="D0N6" name="p65" srcActor="D0N2"/>
            <port dstActor="D0N10" name="p66" srcActor="D0N2"/>
            <port dstActor="D0N4" name="p67" srcActor="D0N2"/>
            <port dstActor="D0N46" name="p68" srcActor="D0N2"/>
            <port dstActor="D0N30" name="p69" srcActor="D0N14"/>
            <port dstActor="D0N15" name="p70" srcActor="D0N14"/>
            <port dstActor="D0N41" name="p71" srcActor="D0N14"/>
            <port dstActor="D0N31" name="p72" srcActor="D0N14"/>
            <port dstActor="D0N36" name="p73" srcActor="D0N32"/>
            <port dstActor="D0N15" name="p74" srcActor="D0N0"/>
            <port dstActor="D0N21" name="p75" srcActor="D0N0"/>
            <port dstActor="D0N14" name="p76" srcActor="D0N0"/>
            <port dstActor="D0N32" name="p77" srcActor="D0N0"/>
            <port dstActor="D0N44" name="p78" srcActor="D0N0"/>
            <port dstActor="D0N34" name="p79" srcActor="D0N22"/>
            <port dstActor="D0N29" name="p80" srcActor="D0N22"/>
            <port dstActor="D0N21" name="p81" srcActor="D0N1"/>
            <port dstActor="D0N34" name="p82" srcActor="D0N1"/>
            <port dstActor="D0N18" name="p83" srcActor="D0N1"/>
            <port dstActor="D0N24" name="p84" srcActor="D0N1"/>
            <port dstActor="D0N26" name="p85" srcActor="D0N1"/>
            <port dstActor="D0N21" name="p86" srcActor="D0N3"/>
            <port dstActor="D0N30" name="p87" srcActor="D0N3"/>
            <port dstActor="D0N29" name="p88" srcActor="D0N3"/>
            <port dstActor="D0N19" name="p89" srcActor="D0N3"/>
            <port dstActor="D0N41" name="p90" srcActor="D0N5"/>
            <port dstActor="D0N46" name="p91" srcActor="D0N5"/>
            <port dstActor="D0N16" name="p92" srcActor="D0N5"/>
            <port dstActor="D0N15" name="p93" srcActor="D0N6"/>
            <port dstActor="D0N21" name="p94" srcActor="D0N6"/>
            <port dstActor="D0N10" name="p95" srcActor="D0N6"/>
            <port dstActor="D0N42" name="p96" srcActor="D0N7"/>
            <port dstActor="D0N33" name="p97" srcActor="D0N11"/>
            <port dstActor="D0N46" name="p98" srcActor="D0N11"/>
            <port dstActor="D0N13" name="p99" srcActor="D0N11"/>
            <port dstActor="D0N25" name="p100" srcActor="D0N17"/>
            <port dstActor="D0N33" name="p101" srcActor="D0N17"/>
            <port dstActor="D0N41" name="p102" srcActor="D0N17"/>
            <port dstActor="D0N47" name="p103" srcActor="D0N17"/>
            <port dstActor="D0N46" name="p104" srcActor="D0N40"/>
            <port dstActor="D0N29" name="p105" srcActor="D0N16"/>
            <port dstActor="D0N22" name="p106" srcActor="D0N16"/>
            <port dstActor="D0N30" name="p107" srcActor="D0N16"/>
            <port dstActor="D0N36" name="p108" srcActor="D0N16"/>
            <port dstActor="D0N29" name="p109" srcActor="D0N27"/>
            <port dstActor="D0N28" name="p110" srcActor="D0N27"/>
            <port dstActor="D0N33" name="p111" srcActor="D0N27"/>
            <port dstActor="D0N45" name="p112" srcActor="D0N31"/>
            <port dstActor="D0N33" name="p113" srcActor="D0N31"/>
            <port dstActor="D0N31" name="p114" srcActor="D0N8"/>
            <port dstActor="D0N10" name="p115" srcActor="D0N8"/>
            <port dstActor="D0N11" name="p116" srcActor="D0N8"/>
            <port dstActor="D0N29" name="p117" srcActor="D0N23"/>
            <port dstActor="D0N46" name="p118" srcActor="D0N39"/>
        </ports>
    </mcdag>
    <cores number="2"/>
    <levels number="2"/>
</mcsystem>
