<?xml version="1.0" encoding="UTF-8" standalone="no"?>
<mcsystem>
    <mcdag deadline="2500" name="genned-0-ed-10.0-0">
        <actor name="D0N19">
            <wcet number="0">10</wcet>
            <wcet number="1">30</wcet>
            <maxpow number="0.6612079690706724"/>
            <maxpow number="0.6612079690706724"/>
            <fprob>0.0</fprob>
        </actor>
        <actor name="D0N4">
            <wcet number="0">60</wcet>
            <wcet number="1">110</wcet>
            <maxpow number="0.47341302594540774"/>
            <maxpow number="0.47341302594540774"/>
            <fprob>0.0</fprob>
        </actor>
        <actor name="D0N39">
            <wcet number="0">50</wcet>
            <wcet number="1">60</wcet>
            <maxpow number="0.4021938174660403"/>
            <maxpow number="0.4021938174660403"/>
            <fprob>0.0</fprob>
        </actor>
        <actor name="D0N22">
            <wcet number="0">160</wcet>
            <wcet number="1">280</wcet>
            <maxpow number="0.5967965323782496"/>
            <maxpow number="0.5967965323782496"/>
            <fprob>0.0</fprob>
        </actor>
        <actor name="D0N11">
            <wcet number="0">100</wcet>
            <wcet number="1">170</wcet>
            <maxpow number="0.673862404239186"/>
            <maxpow number="0.673862404239186"/>
            <fprob>0.0</fprob>
        </actor>
        <actor name="D0N28">
            <wcet number="0">190</wcet>
            <wcet number="1">190</wcet>
            <maxpow number="0.7499564443937837"/>
            <maxpow number="0.7499564443937837"/>
            <fprob>0.0</fprob>
        </actor>
        <actor name="D0N23">
            <wcet number="0">20</wcet>
            <wcet number="1">20</wcet>
            <maxpow number="0.7647534448515378"/>
            <maxpow number="0.7647534448515378"/>
            <fprob>0.0</fprob>
        </actor>
        <actor name="D0N46">
            <wcet number="0">10</wcet>
            <wcet number="1">50</wcet>
            <maxpow number="0.7828070994452299"/>
            <maxpow number="0.7828070994452299"/>
            <fprob>0.0</fprob>
        </actor>
        <actor name="D0N29">
            <wcet number="0">40</wcet>
            <wcet number="1">110</wcet>
            <maxpow number="0.5334476622519359"/>
            <maxpow number="0.5334476622519359"/>
            <fprob>0.0</fprob>
        </actor>
        <actor name="D0N31">
            <wcet number="0">140</wcet>
            <wcet number="1">350</wcet>
            <maxpow number="0.60674207252275"/>
            <maxpow number="0.60674207252275"/>
            <fprob>0.0</fprob>
        </actor>
        <actor name="D0N37">
            <wcet number="0">320</wcet>
            <wcet number="1">410</wcet>
            <maxpow number="0.6045322152784289"/>
            <maxpow number="0.6045322152784289"/>
            <fprob>0.0</fprob>
        </actor>
        <actor name="D0N16">
            <wcet number="0">50</wcet>
            <wcet number="1">120</wcet>
            <maxpow number="0.6588038672593808"/>
            <maxpow number="0.6588038672593808"/>
            <fprob>0.0</fprob>
        </actor>
        <actor name="D0N33">
            <wcet number="0">80</wcet>
            <wcet number="1">80</wcet>
            <maxpow number="0.9330564709756408"/>
            <maxpow number="0.9330564709756408"/>
            <fprob>0.0</fprob>
        </actor>
        <actor name="D0N7">
            <wcet number="0">10</wcet>
            <wcet number="1">10</wcet>
            <maxpow number="0.13813822441354218"/>
            <maxpow number="0.13813822441354218"/>
            <fprob>0.0</fprob>
        </actor>
        <actor name="D0N14">
            <wcet number="0">10</wcet>
            <wcet number="1">10</wcet>
            <maxpow number="0.6581010213322313"/>
            <maxpow number="0.6581010213322313"/>
            <fprob>0.0</fprob>
        </actor>
        <actor name="D0N40">
            <wcet number="0">10</wcet>
            <wcet number="1">30</wcet>
            <maxpow number="0.5525750823122544"/>
            <maxpow number="0.5525750823122544"/>
            <fprob>0.0</fprob>
        </actor>
        <actor name="D0N27">
            <wcet number="0">60</wcet>
            <wcet number="1">120</wcet>
            <maxpow number="0.6525296024431168"/>
            <maxpow number="0.6525296024431168"/>
            <fprob>0.0</fprob>
        </actor>
        <actor name="D0N42">
            <wcet number="0">20</wcet>
            <wcet number="1">20</wcet>
            <maxpow number="0.7232999862052271"/>
            <maxpow number="0.7232999862052271"/>
            <fprob>0.0</fprob>
        </actor>
        <actor name="D0N5">
            <wcet number="0">80</wcet>
            <wcet number="1">120</wcet>
            <maxpow number="0.38961851396495856"/>
            <maxpow number="0.38961851396495856"/>
            <fprob>0.0</fprob>
        </actor>
        <actor name="D0N30">
            <wcet number="0">10</wcet>
            <wcet number="1">20</wcet>
            <maxpow number="0.2764080290749433"/>
            <maxpow number="0.2764080290749433"/>
            <fprob>0.0</fprob>
        </actor>
        <actor name="D0N12">
            <wcet number="0">70</wcet>
            <wcet number="1">180</wcet>
            <maxpow number="0.7019143450003668"/>
            <maxpow number="0.7019143450003668"/>
            <fprob>0.0</fprob>
        </actor>
        <actor name="D0N38">
            <wcet number="0">30</wcet>
            <wcet number="1">40</wcet>
            <maxpow number="0.611619225504333"/>
            <maxpow number="0.611619225504333"/>
            <fprob>0.0</fprob>
        </actor>
        <actor name="D0N34">
            <wcet number="0">70</wcet>
            <wcet number="1">130</wcet>
            <maxpow number="0.2999186603081886"/>
            <maxpow number="0.2999186603081886"/>
            <fprob>0.0</fprob>
        </actor>
        <actor name="D0N20">
            <wcet number="0">10</wcet>
            <wcet number="1">10</wcet>
            <maxpow number="0.5903923252048391"/>
            <maxpow number="0.5903923252048391"/>
            <fprob>0.0</fprob>
        </actor>
        <actor name="D0N45">
            <wcet number="0">50</wcet>
            <wcet number="1">100</wcet>
            <maxpow number="0.6273875212602426"/>
            <maxpow number="0.6273875212602426"/>
            <fprob>0.0</fprob>
        </actor>
        <actor name="D0N44">
            <wcet number="0">40</wcet>
            <wcet number="1">40</wcet>
            <maxpow number="0.4602633333747734"/>
            <maxpow number="0.4602633333747734"/>
            <fprob>0.0</fprob>
        </actor>
        <actor name="D0N13">
            <wcet number="0">30</wcet>
            <wcet number="1">40</wcet>
            <maxpow number="0.41556124811665207"/>
            <maxpow number="0.41556124811665207"/>
            <fprob>0.0</fprob>
        </actor>
        <actor name="D0N15">
            <wcet number="0">20</wcet>
            <wcet number="1">150</wcet>
            <maxpow number="0.5111856559012337"/>
            <maxpow number="0.5111856559012337"/>
            <fprob>0.0</fprob>
        </actor>
        <actor name="D0N3">
            <wcet number="0">90</wcet>
            <wcet number="1">150</wcet>
            <maxpow number="0.41036716466625045"/>
            <maxpow number="0.41036716466625045"/>
            <fprob>0.0</fprob>
        </actor>
        <actor name="D0N17">
            <wcet number="0">20</wcet>
            <wcet number="1">60</wcet>
            <maxpow number="0.4311822930675223"/>
            <maxpow number="0.4311822930675223"/>
            <fprob>0.0</fprob>
        </actor>
        <actor name="D0N35">
            <wcet number="0">10</wcet>
            <wcet number="1">220</wcet>
            <maxpow number="0.4910238578885747"/>
            <maxpow number="0.4910238578885747"/>
            <fprob>0.0</fprob>
        </actor>
        <actor name="D0N6">
            <wcet number="0">20</wcet>
            <wcet number="1">40</wcet>
            <maxpow number="0.44788290779318496"/>
            <maxpow number="0.44788290779318496"/>
            <fprob>0.0</fprob>
        </actor>
        <actor name="D0N43">
            <wcet number="0">80</wcet>
            <wcet number="1">300</wcet>
            <maxpow number="0.6772209393206421"/>
            <maxpow number="0.6772209393206421"/>
            <fprob>0.0</fprob>
        </actor>
        <actor name="D0N25">
            <wcet number="0">50</wcet>
            <wcet number="1">80</wcet>
            <maxpow number="0.4473963796894341"/>
            <maxpow number="0.4473963796894341"/>
            <fprob>0.0</fprob>
        </actor>
        <actor name="D0N26">
            <wcet number="0">10</wcet>
            <wcet number="1">140</wcet>
            <maxpow number="0.5001910312740483"/>
            <maxpow number="0.5001910312740483"/>
            <fprob>0.0</fprob>
        </actor>
        <actor name="D0N10">
            <wcet number="0">230</wcet>
            <wcet number="1">360</wcet>
            <maxpow number="0.6394863691695207"/>
            <maxpow number="0.6394863691695207"/>
            <fprob>0.0</fprob>
        </actor>
        <actor name="D0N32">
            <wcet number="0">20</wcet>
            <wcet number="1">20</wcet>
            <maxpow number="0.9000599441519201"/>
            <maxpow number="0.9000599441519201"/>
            <fprob>0.0</fprob>
        </actor>
        <actor name="D0N1">
            <wcet number="0">130</wcet>
            <wcet number="1">150</wcet>
            <maxpow number="0.4455129870298975"/>
            <maxpow number="0.4455129870298975"/>
            <fprob>0.0</fprob>
        </actor>
        <actor name="D0N2">
            <wcet number="0">70</wcet>
            <wcet number="1">160</wcet>
            <maxpow number="0.6549243823530393"/>
            <maxpow number="0.6549243823530393"/>
            <fprob>0.0</fprob>
        </actor>
        <actor name="D0N0">
            <wcet number="0">190</wcet>
            <wcet number="1">190</wcet>
            <maxpow number="0.4883260350498813"/>
            <maxpow number="0.4883260350498813"/>
            <fprob>0.0</fprob>
        </actor>
        <actor name="D0N24">
            <wcet number="0">40</wcet>
            <wcet number="1">50</wcet>
            <maxpow number="0.48193060803509175"/>
            <maxpow number="0.48193060803509175"/>
            <fprob>0.0</fprob>
        </actor>
        <actor name="D0N8">
            <wcet number="0">140</wcet>
            <wcet number="1">160</wcet>
            <maxpow number="0.5299844859440465"/>
            <maxpow number="0.5299844859440465"/>
            <fprob>0.0</fprob>
        </actor>
        <actor name="D0N47">
            <wcet number="0">130</wcet>
            <wcet number="1">280</wcet>
            <maxpow number="0.4622387556496703"/>
            <maxpow number="0.4622387556496703"/>
            <fprob>0.0</fprob>
        </actor>
        <actor name="D0N18">
            <wcet number="0">20</wcet>
            <wcet number="1">210</wcet>
            <maxpow number="0.6957145711770671"/>
            <maxpow number="0.6957145711770671"/>
            <fprob>0.0</fprob>
        </actor>
        <actor name="D0N21">
            <wcet number="0">10</wcet>
            <wcet number="1">20</wcet>
            <maxpow number="0.6668664306630756"/>
            <maxpow number="0.6668664306630756"/>
            <fprob>0.0</fprob>
        </actor>
        <actor name="D0N36">
            <wcet number="0">30</wcet>
            <wcet number="1">40</wcet>
            <maxpow number="0.5658337411294467"/>
            <maxpow number="0.5658337411294467"/>
            <fprob>0.0</fprob>
        </actor>
        <actor name="D0N41">
            <wcet number="0">30</wcet>
            <wcet number="1">30</wcet>
            <maxpow number="0.6892830321345939"/>
            <maxpow number="0.6892830321345939"/>
            <fprob>0.0</fprob>
        </actor>
        <actor name="D0N9">
            <wcet number="0">40</wcet>
            <wcet number="1">90</wcet>
            <maxpow number="0.3369881566363261"/>
            <maxpow number="0.3369881566363261"/>
            <fprob>0.0</fprob>
        </actor>
        <ports>
            <port dstActor="D0N46" name="p0" srcActor="D0N19"/>
            <port dstActor="D0N37" name="p1" srcActor="D0N19"/>
            <port dstActor="D0N14" name="p2" srcActor="D0N4"/>
            <port dstActor="D0N46" name="p3" srcActor="D0N39"/>
            <port dstActor="D0N47" name="p4" srcActor="D0N39"/>
            <port dstActor="D0N32" name="p5" srcActor="D0N22"/>
            <port dstActor="D0N39" name="p6" srcActor="D0N22"/>
            <port dstActor="D0N41" name="p7" srcActor="D0N22"/>
            <port dstActor="D0N27" name="p8" srcActor="D0N22"/>
            <port dstActor="D0N17" name="p9" srcActor="D0N11"/>
            <port dstActor="D0N44" name="p10" srcActor="D0N11"/>
            <port dstActor="D0N32" name="p11" srcActor="D0N28"/>
            <port dstActor="D0N40" name="p12" srcActor="D0N28"/>
            <port dstActor="D0N44" name="p13" srcActor="D0N29"/>
            <port dstActor="D0N46" name="p14" srcActor="D0N31"/>
            <port dstActor="D0N33" name="p15" srcActor="D0N31"/>
            <port dstActor="D0N38" name="p16" srcActor="D0N37"/>
            <port dstActor="D0N39" name="p17" srcActor="D0N37"/>
            <port dstActor="D0N27" name="p18" srcActor="D0N16"/>
            <port dstActor="D0N28" name="p19" srcActor="D0N16"/>
            <port dstActor="D0N29" name="p20" srcActor="D0N16"/>
            <port dstActor="D0N34" name="p21" srcActor="D0N33"/>
            <port dstActor="D0N39" name="p22" srcActor="D0N33"/>
            <port dstActor="D0N42" name="p23" srcActor="D0N33"/>
            <port dstActor="D0N46" name="p24" srcActor="D0N33"/>
            <port dstActor="D0N41" name="p25" srcActor="D0N33"/>
            <port dstActor="D0N38" name="p26" srcActor="D0N7"/>
            <port dstActor="D0N36" name="p27" srcActor="D0N7"/>
            <port dstActor="D0N43" name="p28" srcActor="D0N7"/>
            <port dstActor="D0N40" name="p29" srcActor="D0N7"/>
            <port dstActor="D0N41" name="p30" srcActor="D0N7"/>
            <port dstActor="D0N45" name="p31" srcActor="D0N7"/>
            <port dstActor="D0N29" name="p32" srcActor="D0N14"/>
            <port dstActor="D0N47" name="p33" srcActor="D0N40"/>
            <port dstActor="D0N42" name="p34" srcActor="D0N40"/>
            <port dstActor="D0N44" name="p35" srcActor="D0N42"/>
            <port dstActor="D0N33" name="p36" srcActor="D0N5"/>
            <port dstActor="D0N15" name="p37" srcActor="D0N5"/>
            <port dstActor="D0N29" name="p38" srcActor="D0N5"/>
            <port dstActor="D0N32" name="p39" srcActor="D0N30"/>
            <port dstActor="D0N42" name="p40" srcActor="D0N30"/>
            <port dstActor="D0N14" name="p41" srcActor="D0N12"/>
            <port dstActor="D0N25" name="p42" srcActor="D0N12"/>
            <port dstActor="D0N44" name="p43" srcActor="D0N12"/>
            <port dstActor="D0N41" name="p44" srcActor="D0N12"/>
            <port dstActor="D0N33" name="p45" srcActor="D0N12"/>
            <port dstActor="D0N43" name="p46" srcActor="D0N38"/>
            <port dstActor="D0N38" name="p47" srcActor="D0N34"/>
            <port dstActor="D0N42" name="p48" srcActor="D0N20"/>
            <port dstActor="D0N22" name="p49" srcActor="D0N20"/>
            <port dstActor="D0N36" name="p50" srcActor="D0N20"/>
            <port dstActor="D0N38" name="p51" srcActor="D0N13"/>
            <port dstActor="D0N21" name="p52" srcActor="D0N13"/>
            <port dstActor="D0N26" name="p53" srcActor="D0N13"/>
            <port dstActor="D0N45" name="p54" srcActor="D0N15"/>
            <port dstActor="D0N44" name="p55" srcActor="D0N15"/>
            <port dstActor="D0N31" name="p56" srcActor="D0N15"/>
            <port dstActor="D0N41" name="p57" srcActor="D0N15"/>
            <port dstActor="D0N33" name="p58" srcActor="D0N3"/>
            <port dstActor="D0N4" name="p59" srcActor="D0N3"/>
            <port dstActor="D0N42" name="p60" srcActor="D0N3"/>
            <port dstActor="D0N11" name="p61" srcActor="D0N3"/>
            <port dstActor="D0N22" name="p62" srcActor="D0N3"/>
            <port dstActor="D0N19" name="p63" srcActor="D0N17"/>
            <port dstActor="D0N18" name="p64" srcActor="D0N17"/>
            <port dstActor="D0N20" name="p65" srcActor="D0N17"/>
            <port dstActor="D0N37" name="p66" srcActor="D0N17"/>
            <port dstActor="D0N24" name="p67" srcActor="D0N17"/>
            <port dstActor="D0N13" name="p68" srcActor="D0N6"/>
            <port dstActor="D0N26" name="p69" srcActor="D0N6"/>
            <port dstActor="D0N32" name="p70" srcActor="D0N6"/>
            <port dstActor="D0N21" name="p71" srcActor="D0N6"/>
            <port dstActor="D0N39" name="p72" srcActor="D0N6"/>
            <port dstActor="D0N27" name="p73" srcActor="D0N6"/>
            <port dstActor="D0N33" name="p74" srcActor="D0N25"/>
            <port dstActor="D0N29" name="p75" srcActor="D0N25"/>
            <port dstActor="D0N34" name="p76" srcActor="D0N25"/>
            <port dstActor="D0N30" name="p77" srcActor="D0N26"/>
            <port dstActor="D0N19" name="p78" srcActor="D0N10"/>
            <port dstActor="D0N14" name="p79" srcActor="D0N10"/>
            <port dstActor="D0N32" name="p80" srcActor="D0N10"/>
            <port dstActor="D0N39" name="p81" srcActor="D0N10"/>
            <port dstActor="D0N34" name="p82" srcActor="D0N32"/>
            <port dstActor="D0N44" name="p83" srcActor="D0N32"/>
            <port dstActor="D0N45" name="p84" srcActor="D0N32"/>
            <port dstActor="D0N21" name="p85" srcActor="D0N1"/>
            <port dstActor="D0N27" name="p86" srcActor="D0N1"/>
            <port dstActor="D0N37" name="p87" srcActor="D0N1"/>
            <port dstActor="D0N37" name="p88" srcActor="D0N2"/>
            <port dstActor="D0N4" name="p89" srcActor="D0N2"/>
            <port dstActor="D0N35" name="p90" srcActor="D0N2"/>
            <port dstActor="D0N22" name="p91" srcActor="D0N2"/>
            <port dstActor="D0N12" name="p92" srcActor="D0N0"/>
            <port dstActor="D0N22" name="p93" srcActor="D0N0"/>
            <port dstActor="D0N10" name="p94" srcActor="D0N0"/>
            <port dstActor="D0N30" name="p95" srcActor="D0N0"/>
            <port dstActor="D0N43" name="p96" srcActor="D0N0"/>
            <port dstActor="D0N8" name="p97" srcActor="D0N0"/>
            <port dstActor="D0N29" name="p98" srcActor="D0N0"/>
            <port dstActor="D0N40" name="p99" srcActor="D0N24"/>
            <port dstActor="D0N40" name="p100" srcActor="D0N8"/>
            <port dstActor="D0N23" name="p101" srcActor="D0N8"/>
            <port dstActor="D0N30" name="p102" srcActor="D0N8"/>
            <port dstActor="D0N29" name="p103" srcActor="D0N8"/>
            <port dstActor="D0N34" name="p104" srcActor="D0N8"/>
            <port dstActor="D0N35" name="p105" srcActor="D0N18"/>
            <port dstActor="D0N46" name="p106" srcActor="D0N18"/>
            <port dstActor="D0N38" name="p107" srcActor="D0N18"/>
            <port dstActor="D0N46" name="p108" srcActor="D0N36"/>
            <port dstActor="D0N39" name="p109" srcActor="D0N36"/>
            <port dstActor="D0N42" name="p110" srcActor="D0N36"/>
            <port dstActor="D0N46" name="p111" srcActor="D0N41"/>
            <port dstActor="D0N32" name="p112" srcActor="D0N9"/>
            <port dstActor="D0N22" name="p113" srcActor="D0N9"/>
        </ports>
    </mcdag>
    <cores number="3"/>
    <levels number="2"/>
</mcsystem>
