<?xml version="1.0" encoding="UTF-8" standalone="no"?>
<mcsystem>
    <mcdag deadline="4000" name="genned-0-ed-10.0-0">
        <actor name="D0N28">
            <wcet number="0">10</wcet>
            <wcet number="1">60</wcet>
            <maxpow number="0.5614207895096189"/>
            <maxpow number="0.5614207895096189"/>
            <fprob>0.0</fprob>
        </actor>
        <actor name="D0N26">
            <wcet number="0">10</wcet>
            <wcet number="1">10</wcet>
            <maxpow number="0.8078513960482281"/>
            <maxpow number="0.8078513960482281"/>
            <fprob>0.0</fprob>
        </actor>
        <actor name="D0N32">
            <wcet number="0">180</wcet>
            <wcet number="1">200</wcet>
            <maxpow number="0.5631046072157628"/>
            <maxpow number="0.5631046072157628"/>
            <fprob>0.0</fprob>
        </actor>
        <actor name="D0N9">
            <wcet number="0">70</wcet>
            <wcet number="1">160</wcet>
            <maxpow number="0.5783926176061401"/>
            <maxpow number="0.5783926176061401"/>
            <fprob>0.0</fprob>
        </actor>
        <actor name="D0N17">
            <wcet number="0">170</wcet>
            <wcet number="1">230</wcet>
            <maxpow number="0.3422870333638319"/>
            <maxpow number="0.3422870333638319"/>
            <fprob>0.0</fprob>
        </actor>
        <actor name="D0N23">
            <wcet number="0">30</wcet>
            <wcet number="1">50</wcet>
            <maxpow number="0.8222811606193676"/>
            <maxpow number="0.8222811606193676"/>
            <fprob>0.0</fprob>
        </actor>
        <actor name="D0N46">
            <wcet number="0">130</wcet>
            <wcet number="1">160</wcet>
            <maxpow number="0.49922755582147704"/>
            <maxpow number="0.49922755582147704"/>
            <fprob>0.0</fprob>
        </actor>
        <actor name="D0N5">
            <wcet number="0">30</wcet>
            <wcet number="1">190</wcet>
            <maxpow number="0.46737464902069037"/>
            <maxpow number="0.46737464902069037"/>
            <fprob>0.0</fprob>
        </actor>
        <actor name="D0N45">
            <wcet number="0">10</wcet>
            <wcet number="1">30</wcet>
            <maxpow number="0.6000513169910098"/>
            <maxpow number="0.6000513169910098"/>
            <fprob>0.0</fprob>
        </actor>
        <actor name="D0N4">
            <wcet number="0">170</wcet>
            <wcet number="1">390</wcet>
            <maxpow number="0.6837344579753813"/>
            <maxpow number="0.6837344579753813"/>
            <fprob>0.0</fprob>
        </actor>
        <actor name="D0N44">
            <wcet number="0">280</wcet>
            <wcet number="1">300</wcet>
            <maxpow number="0.5788342272422965"/>
            <maxpow number="0.5788342272422965"/>
            <fprob>0.0</fprob>
        </actor>
        <actor name="D0N42">
            <wcet number="0">40</wcet>
            <wcet number="1">40</wcet>
            <maxpow number="0.26930371753010685"/>
            <maxpow number="0.26930371753010685"/>
            <fprob>0.0</fprob>
        </actor>
        <actor name="D0N8">
            <wcet number="0">50</wcet>
            <wcet number="1">80</wcet>
            <maxpow number="0.34490206479017105"/>
            <maxpow number="0.34490206479017105"/>
            <fprob>0.0</fprob>
        </actor>
        <actor name="D0N18">
            <wcet number="0">60</wcet>
            <wcet number="1">70</wcet>
            <maxpow number="0.54107778810735"/>
            <maxpow number="0.54107778810735"/>
            <fprob>0.0</fprob>
        </actor>
        <actor name="D0N25">
            <wcet number="0">50</wcet>
            <wcet number="1">150</wcet>
            <maxpow number="0.11632973213851627"/>
            <maxpow number="0.11632973213851627"/>
            <fprob>0.0</fprob>
        </actor>
        <actor name="D0N1">
            <wcet number="0">190</wcet>
            <wcet number="1">210</wcet>
            <maxpow number="0.528691483600162"/>
            <maxpow number="0.528691483600162"/>
            <fprob>0.0</fprob>
        </actor>
        <actor name="D0N14">
            <wcet number="0">80</wcet>
            <wcet number="1">210</wcet>
            <maxpow number="0.7285913105062467"/>
            <maxpow number="0.7285913105062467"/>
            <fprob>0.0</fprob>
        </actor>
        <actor name="D0N30">
            <wcet number="0">160</wcet>
            <wcet number="1">350</wcet>
            <maxpow number="0.5822115697523147"/>
            <maxpow number="0.5822115697523147"/>
            <fprob>0.0</fprob>
        </actor>
        <actor name="D0N21">
            <wcet number="0">60</wcet>
            <wcet number="1">120</wcet>
            <maxpow number="0.6357609490647151"/>
            <maxpow number="0.6357609490647151"/>
            <fprob>0.0</fprob>
        </actor>
        <actor name="D0N49">
            <wcet number="0">10</wcet>
            <wcet number="1">320</wcet>
            <maxpow number="0.7709804768451907"/>
            <maxpow number="0.7709804768451907"/>
            <fprob>0.0</fprob>
        </actor>
        <actor name="D0N35">
            <wcet number="0">50</wcet>
            <wcet number="1">160</wcet>
            <maxpow number="0.36229991738910255"/>
            <maxpow number="0.36229991738910255"/>
            <fprob>0.0</fprob>
        </actor>
        <actor name="D0N2">
            <wcet number="0">190</wcet>
            <wcet number="1">200</wcet>
            <maxpow number="0.5965780700351243"/>
            <maxpow number="0.5965780700351243"/>
            <fprob>0.0</fprob>
        </actor>
        <actor name="D0N31">
            <wcet number="0">40</wcet>
            <wcet number="1">70</wcet>
            <maxpow number="0.673646907390788"/>
            <maxpow number="0.673646907390788"/>
            <fprob>0.0</fprob>
        </actor>
        <actor name="D0N29">
            <wcet number="0">180</wcet>
            <wcet number="1">230</wcet>
            <maxpow number="0.9181529956840133"/>
            <maxpow number="0.9181529956840133"/>
            <fprob>0.0</fprob>
        </actor>
        <actor name="D0N3">
            <wcet number="0">260</wcet>
            <wcet number="1">390</wcet>
            <maxpow number="0.5972260490532199"/>
            <maxpow number="0.5972260490532199"/>
            <fprob>0.0</fprob>
        </actor>
        <actor name="D0N36">
            <wcet number="0">20</wcet>
            <wcet number="1">20</wcet>
            <maxpow number="0.3787636310868947"/>
            <maxpow number="0.3787636310868947"/>
            <fprob>0.0</fprob>
        </actor>
        <actor name="D0N43">
            <wcet number="0">40</wcet>
            <wcet number="1">40</wcet>
            <maxpow number="0.43575580893009186"/>
            <maxpow number="0.43575580893009186"/>
            <fprob>0.0</fprob>
        </actor>
        <actor name="D0N13">
            <wcet number="0">20</wcet>
            <wcet number="1">190</wcet>
            <maxpow number="0.5288329098435989"/>
            <maxpow number="0.5288329098435989"/>
            <fprob>0.0</fprob>
        </actor>
        <actor name="D0N38">
            <wcet number="0">70</wcet>
            <wcet number="1">110</wcet>
            <maxpow number="0.656332433898398"/>
            <maxpow number="0.656332433898398"/>
            <fprob>0.0</fprob>
        </actor>
        <actor name="D0N39">
            <wcet number="0">570</wcet>
            <wcet number="1">850</wcet>
            <maxpow number="0.7068884457513497"/>
            <maxpow number="0.7068884457513497"/>
            <fprob>0.0</fprob>
        </actor>
        <actor name="D0N0">
            <wcet number="0">90</wcet>
            <wcet number="1">340</wcet>
            <maxpow number="0.7297810130617068"/>
            <maxpow number="0.7297810130617068"/>
            <fprob>0.0</fprob>
        </actor>
        <actor name="D0N41">
            <wcet number="0">130</wcet>
            <wcet number="1">210</wcet>
            <maxpow number="0.5059297842499585"/>
            <maxpow number="0.5059297842499585"/>
            <fprob>0.0</fprob>
        </actor>
        <actor name="D0N27">
            <wcet number="0">360</wcet>
            <wcet number="1">470</wcet>
            <maxpow number="0.42899610932453347"/>
            <maxpow number="0.42899610932453347"/>
            <fprob>0.0</fprob>
        </actor>
        <actor name="D0N11">
            <wcet number="0">120</wcet>
            <wcet number="1">150</wcet>
            <maxpow number="0.6541325704504171"/>
            <maxpow number="0.6541325704504171"/>
            <fprob>0.0</fprob>
        </actor>
        <actor name="D0N10">
            <wcet number="0">170</wcet>
            <wcet number="1">270</wcet>
            <maxpow number="0.568502063043741"/>
            <maxpow number="0.568502063043741"/>
            <fprob>0.0</fprob>
        </actor>
        <actor name="D0N15">
            <wcet number="0">180</wcet>
            <wcet number="1">210</wcet>
            <maxpow number="0.2499890364644448"/>
            <maxpow number="0.2499890364644448"/>
            <fprob>0.0</fprob>
        </actor>
        <actor name="D0N16">
            <wcet number="0">40</wcet>
            <wcet number="1">40</wcet>
            <maxpow number="0.9058183239659275"/>
            <maxpow number="0.9058183239659275"/>
            <fprob>0.0</fprob>
        </actor>
        <actor name="D0N7">
            <wcet number="0">10</wcet>
            <wcet number="1">10</wcet>
            <maxpow number="0.5568452868949458"/>
            <maxpow number="0.5568452868949458"/>
            <fprob>0.0</fprob>
        </actor>
        <actor name="D0N24">
            <wcet number="0">190</wcet>
            <wcet number="1">190</wcet>
            <maxpow number="0.5946776702077476"/>
            <maxpow number="0.5946776702077476"/>
            <fprob>0.0</fprob>
        </actor>
        <actor name="D0N12">
            <wcet number="0">20</wcet>
            <wcet number="1">220</wcet>
            <maxpow number="0.2973734186481512"/>
            <maxpow number="0.2973734186481512"/>
            <fprob>0.0</fprob>
        </actor>
        <actor name="D0N37">
            <wcet number="0">100</wcet>
            <wcet number="1">100</wcet>
            <maxpow number="0.6460221626010508"/>
            <maxpow number="0.6460221626010508"/>
            <fprob>0.0</fprob>
        </actor>
        <actor name="D0N48">
            <wcet number="0">90</wcet>
            <wcet number="1">100</wcet>
            <maxpow number="0.5483760238368592"/>
            <maxpow number="0.5483760238368592"/>
            <fprob>0.0</fprob>
        </actor>
        <actor name="D0N33">
            <wcet number="0">10</wcet>
            <wcet number="1">10</wcet>
            <maxpow number="0.48918701177642476"/>
            <maxpow number="0.48918701177642476"/>
            <fprob>0.0</fprob>
        </actor>
        <actor name="D0N47">
            <wcet number="0">80</wcet>
            <wcet number="1">200</wcet>
            <maxpow number="0.6082290499403056"/>
            <maxpow number="0.6082290499403056"/>
            <fprob>0.0</fprob>
        </actor>
        <actor name="D0N40">
            <wcet number="0">30</wcet>
            <wcet number="1">30</wcet>
            <maxpow number="0.6697446245446653"/>
            <maxpow number="0.6697446245446653"/>
            <fprob>0.0</fprob>
        </actor>
        <actor name="D0N6">
            <wcet number="0">270</wcet>
            <wcet number="1">390</wcet>
            <maxpow number="0.43051943248075264"/>
            <maxpow number="0.43051943248075264"/>
            <fprob>0.0</fprob>
        </actor>
        <actor name="D0N20">
            <wcet number="0">20</wcet>
            <wcet number="1">250</wcet>
            <maxpow number="0.6179584184150277"/>
            <maxpow number="0.6179584184150277"/>
            <fprob>0.0</fprob>
        </actor>
        <actor name="D0N19">
            <wcet number="0">50</wcet>
            <wcet number="1">50</wcet>
            <maxpow number="0.9170761154678888"/>
            <maxpow number="0.9170761154678888"/>
            <fprob>0.0</fprob>
        </actor>
        <actor name="D0N34">
            <wcet number="0">90</wcet>
            <wcet number="1">200</wcet>
            <maxpow number="0.6735991714394933"/>
            <maxpow number="0.6735991714394933"/>
            <fprob>0.0</fprob>
        </actor>
        <actor name="D0N22">
            <wcet number="0">70</wcet>
            <wcet number="1">170</wcet>
            <maxpow number="0.6102223576450324"/>
            <maxpow number="0.6102223576450324"/>
            <fprob>0.0</fprob>
        </actor>
        <ports>
            <port dstActor="D0N39" name="p0" srcActor="D0N28"/>
            <port dstActor="D0N39" name="p1" srcActor="D0N26"/>
            <port dstActor="D0N49" name="p2" srcActor="D0N32"/>
            <port dstActor="D0N43" name="p3" srcActor="D0N32"/>
            <port dstActor="D0N15" name="p4" srcActor="D0N9"/>
            <port dstActor="D0N27" name="p5" srcActor="D0N9"/>
            <port dstActor="D0N38" name="p6" srcActor="D0N9"/>
            <port dstActor="D0N18" name="p7" srcActor="D0N9"/>
            <port dstActor="D0N19" name="p8" srcActor="D0N9"/>
            <port dstActor="D0N42" name="p9" srcActor="D0N17"/>
            <port dstActor="D0N34" name="p10" srcActor="D0N17"/>
            <port dstActor="D0N41" name="p11" srcActor="D0N23"/>
            <port dstActor="D0N47" name="p12" srcActor="D0N23"/>
            <port dstActor="D0N45" name="p13" srcActor="D0N23"/>
            <port dstActor="D0N22" name="p14" srcActor="D0N5"/>
            <port dstActor="D0N40" name="p15" srcActor="D0N5"/>
            <port dstActor="D0N45" name="p16" srcActor="D0N4"/>
            <port dstActor="D0N48" name="p17" srcActor="D0N4"/>
            <port dstActor="D0N24" name="p18" srcActor="D0N4"/>
            <port dstActor="D0N13" name="p19" srcActor="D0N4"/>
            <port dstActor="D0N14" name="p20" srcActor="D0N4"/>
            <port dstActor="D0N47" name="p21" srcActor="D0N44"/>
            <port dstActor="D0N45" name="p22" srcActor="D0N42"/>
            <port dstActor="D0N32" name="p23" srcActor="D0N8"/>
            <port dstActor="D0N49" name="p24" srcActor="D0N8"/>
            <port dstActor="D0N26" name="p25" srcActor="D0N18"/>
            <port dstActor="D0N47" name="p26" srcActor="D0N18"/>
            <port dstActor="D0N22" name="p27" srcActor="D0N18"/>
            <port dstActor="D0N44" name="p28" srcActor="D0N25"/>
            <port dstActor="D0N43" name="p29" srcActor="D0N25"/>
            <port dstActor="D0N15" name="p30" srcActor="D0N1"/>
            <port dstActor="D0N22" name="p31" srcActor="D0N1"/>
            <port dstActor="D0N7" name="p32" srcActor="D0N1"/>
            <port dstActor="D0N38" name="p33" srcActor="D0N1"/>
            <port dstActor="D0N39" name="p34" srcActor="D0N1"/>
            <port dstActor="D0N37" name="p35" srcActor="D0N1"/>
            <port dstActor="D0N10" name="p36" srcActor="D0N1"/>
            <port dstActor="D0N15" name="p37" srcActor="D0N14"/>
            <port dstActor="D0N33" name="p38" srcActor="D0N14"/>
            <port dstActor="D0N32" name="p39" srcActor="D0N30"/>
            <port dstActor="D0N48" name="p40" srcActor="D0N30"/>
            <port dstActor="D0N39" name="p41" srcActor="D0N21"/>
            <port dstActor="D0N41" name="p42" srcActor="D0N35"/>
            <port dstActor="D0N39" name="p43" srcActor="D0N35"/>
            <port dstActor="D0N45" name="p44" srcActor="D0N35"/>
            <port dstActor="D0N29" name="p45" srcActor="D0N2"/>
            <port dstActor="D0N4" name="p46" srcActor="D0N2"/>
            <port dstActor="D0N7" name="p47" srcActor="D0N2"/>
            <port dstActor="D0N43" name="p48" srcActor="D0N31"/>
            <port dstActor="D0N42" name="p49" srcActor="D0N31"/>
            <port dstActor="D0N20" name="p50" srcActor="D0N3"/>
            <port dstActor="D0N48" name="p51" srcActor="D0N43"/>
            <port dstActor="D0N49" name="p52" srcActor="D0N43"/>
            <port dstActor="D0N33" name="p53" srcActor="D0N13"/>
            <port dstActor="D0N44" name="p54" srcActor="D0N13"/>
            <port dstActor="D0N21" name="p55" srcActor="D0N13"/>
            <port dstActor="D0N49" name="p56" srcActor="D0N13"/>
            <port dstActor="D0N44" name="p57" srcActor="D0N39"/>
            <port dstActor="D0N3" name="p58" srcActor="D0N0"/>
            <port dstActor="D0N32" name="p59" srcActor="D0N0"/>
            <port dstActor="D0N13" name="p60" srcActor="D0N0"/>
            <port dstActor="D0N17" name="p61" srcActor="D0N0"/>
            <port dstActor="D0N35" name="p62" srcActor="D0N27"/>
            <port dstActor="D0N25" name="p63" srcActor="D0N11"/>
            <port dstActor="D0N28" name="p64" srcActor="D0N11"/>
            <port dstActor="D0N45" name="p65" srcActor="D0N11"/>
            <port dstActor="D0N16" name="p66" srcActor="D0N11"/>
            <port dstActor="D0N17" name="p67" srcActor="D0N11"/>
            <port dstActor="D0N37" name="p68" srcActor="D0N10"/>
            <port dstActor="D0N39" name="p69" srcActor="D0N10"/>
            <port dstActor="D0N29" name="p70" srcActor="D0N10"/>
            <port dstActor="D0N42" name="p71" srcActor="D0N15"/>
            <port dstActor="D0N19" name="p72" srcActor="D0N15"/>
            <port dstActor="D0N40" name="p73" srcActor="D0N16"/>
            <port dstActor="D0N20" name="p74" srcActor="D0N7"/>
            <port dstActor="D0N9" name="p75" srcActor="D0N7"/>
            <port dstActor="D0N28" name="p76" srcActor="D0N24"/>
            <port dstActor="D0N41" name="p77" srcActor="D0N24"/>
            <port dstActor="D0N43" name="p78" srcActor="D0N24"/>
            <port dstActor="D0N16" name="p79" srcActor="D0N12"/>
            <port dstActor="D0N29" name="p80" srcActor="D0N12"/>
            <port dstActor="D0N33" name="p81" srcActor="D0N12"/>
            <port dstActor="D0N39" name="p82" srcActor="D0N12"/>
            <port dstActor="D0N49" name="p83" srcActor="D0N12"/>
            <port dstActor="D0N41" name="p84" srcActor="D0N33"/>
            <port dstActor="D0N42" name="p85" srcActor="D0N40"/>
            <port dstActor="D0N11" name="p86" srcActor="D0N6"/>
            <port dstActor="D0N48" name="p87" srcActor="D0N6"/>
            <port dstActor="D0N45" name="p88" srcActor="D0N6"/>
            <port dstActor="D0N48" name="p89" srcActor="D0N20"/>
            <port dstActor="D0N29" name="p90" srcActor="D0N19"/>
            <port dstActor="D0N35" name="p91" srcActor="D0N19"/>
            <port dstActor="D0N40" name="p92" srcActor="D0N19"/>
            <port dstActor="D0N43" name="p93" srcActor="D0N34"/>
            <port dstActor="D0N44" name="p94" srcActor="D0N34"/>
            <port dstActor="D0N36" name="p95" srcActor="D0N22"/>
            <port dstActor="D0N29" name="p96" srcActor="D0N22"/>
            <port dstActor="D0N46" name="p97" srcActor="D0N22"/>
        </ports>
    </mcdag>
    <cores number="3"/>
    <levels number="2"/>
</mcsystem>
