<?xml version="1.0" encoding="UTF-8" standalone="no"?>
<mcsystem>
    <mcdag deadline="1200" name="genned-0-ed-10.0-0">
        <actor name="D0N37">
            <wcet number="0">10</wcet>
            <wcet number="1">10</wcet>
            <maxpow number="0.7944641006980974"/>
            <maxpow number="0.7944641006980974"/>
            <fprob>0.0</fprob>
        </actor>
        <actor name="D0N29">
            <wcet number="0">30</wcet>
            <wcet number="1">50</wcet>
            <maxpow number="0.6689891949560834"/>
            <maxpow number="0.6689891949560834"/>
            <fprob>0.0</fprob>
        </actor>
        <actor name="D0N14">
            <wcet number="0">50</wcet>
            <wcet number="1">60</wcet>
            <maxpow number="0.8372101262749354"/>
            <maxpow number="0.8372101262749354"/>
            <fprob>0.0</fprob>
        </actor>
        <actor name="D0N34">
            <wcet number="0">100</wcet>
            <wcet number="1">100</wcet>
            <maxpow number="0.6722579038390776"/>
            <maxpow number="0.6722579038390776"/>
            <fprob>0.0</fprob>
        </actor>
        <actor name="D0N23">
            <wcet number="0">10</wcet>
            <wcet number="1">10</wcet>
            <maxpow number="0.6158816928764738"/>
            <maxpow number="0.6158816928764738"/>
            <fprob>0.0</fprob>
        </actor>
        <actor name="D0N30">
            <wcet number="0">10</wcet>
            <wcet number="1">10</wcet>
            <maxpow number="0.5639066121693668"/>
            <maxpow number="0.5639066121693668"/>
            <fprob>0.0</fprob>
        </actor>
        <actor name="D0N8">
            <wcet number="0">50</wcet>
            <wcet number="1">100</wcet>
            <maxpow number="0.4031794600336811"/>
            <maxpow number="0.4031794600336811"/>
            <fprob>0.0</fprob>
        </actor>
        <actor name="D0N19">
            <wcet number="0">20</wcet>
            <wcet number="1">50</wcet>
            <maxpow number="0.8523213512253511"/>
            <maxpow number="0.8523213512253511"/>
            <fprob>0.0</fprob>
        </actor>
        <actor name="D0N13">
            <wcet number="0">10</wcet>
            <wcet number="1">10</wcet>
            <maxpow number="0.44899041798166084"/>
            <maxpow number="0.44899041798166084"/>
            <fprob>0.0</fprob>
        </actor>
        <actor name="D0N15">
            <wcet number="0">90</wcet>
            <wcet number="1">120</wcet>
            <maxpow number="0.7909725618004826"/>
            <maxpow number="0.7909725618004826"/>
            <fprob>0.0</fprob>
        </actor>
        <actor name="D0N7">
            <wcet number="0">20</wcet>
            <wcet number="1">70</wcet>
            <maxpow number="0.37017070712980593"/>
            <maxpow number="0.37017070712980593"/>
            <fprob>0.0</fprob>
        </actor>
        <actor name="D0N4">
            <wcet number="0">10</wcet>
            <wcet number="1">10</wcet>
            <maxpow number="0.7117916554456227"/>
            <maxpow number="0.7117916554456227"/>
            <fprob>0.0</fprob>
        </actor>
        <actor name="D0N17">
            <wcet number="0">30</wcet>
            <wcet number="1">40</wcet>
            <maxpow number="0.5228149319507491"/>
            <maxpow number="0.5228149319507491"/>
            <fprob>0.0</fprob>
        </actor>
        <actor name="D0N45">
            <wcet number="0">10</wcet>
            <wcet number="1">10</wcet>
            <maxpow number="0.48192423320574185"/>
            <maxpow number="0.48192423320574185"/>
            <fprob>0.0</fprob>
        </actor>
        <actor name="D0N3">
            <wcet number="0">70</wcet>
            <wcet number="1">80</wcet>
            <maxpow number="0.3714412249755321"/>
            <maxpow number="0.3714412249755321"/>
            <fprob>0.0</fprob>
        </actor>
        <actor name="D0N1">
            <wcet number="0">50</wcet>
            <wcet number="1">60</wcet>
            <maxpow number="0.8955454602033579"/>
            <maxpow number="0.8955454602033579"/>
            <fprob>0.0</fprob>
        </actor>
        <actor name="D0N31">
            <wcet number="0">10</wcet>
            <wcet number="1">20</wcet>
            <maxpow number="0.4677734467620835"/>
            <maxpow number="0.4677734467620835"/>
            <fprob>0.0</fprob>
        </actor>
        <actor name="D0N35">
            <wcet number="0">90</wcet>
            <wcet number="1">90</wcet>
            <maxpow number="0.5520061302417434"/>
            <maxpow number="0.5520061302417434"/>
            <fprob>0.0</fprob>
        </actor>
        <actor name="D0N24">
            <wcet number="0">10</wcet>
            <wcet number="1">70</wcet>
            <maxpow number="0.45376340411923344"/>
            <maxpow number="0.45376340411923344"/>
            <fprob>0.0</fprob>
        </actor>
        <actor name="D0N12">
            <wcet number="0">40</wcet>
            <wcet number="1">40</wcet>
            <maxpow number="0.5566687493192582"/>
            <maxpow number="0.5566687493192582"/>
            <fprob>0.0</fprob>
        </actor>
        <actor name="D0N20">
            <wcet number="0">60</wcet>
            <wcet number="1">130</wcet>
            <maxpow number="0.6832254915578237"/>
            <maxpow number="0.6832254915578237"/>
            <fprob>0.0</fprob>
        </actor>
        <actor name="D0N39">
            <wcet number="0">30</wcet>
            <wcet number="1">80</wcet>
            <maxpow number="0.6139889780404382"/>
            <maxpow number="0.6139889780404382"/>
            <fprob>0.0</fprob>
        </actor>
        <actor name="D0N16">
            <wcet number="0">10</wcet>
            <wcet number="1">30</wcet>
            <maxpow number="0.8247543994667308"/>
            <maxpow number="0.8247543994667308"/>
            <fprob>0.0</fprob>
        </actor>
        <actor name="D0N32">
            <wcet number="0">140</wcet>
            <wcet number="1">170</wcet>
            <maxpow number="0.5137937576607646"/>
            <maxpow number="0.5137937576607646"/>
            <fprob>0.0</fprob>
        </actor>
        <actor name="D0N46">
            <wcet number="0">10</wcet>
            <wcet number="1">10</wcet>
            <maxpow number="0.40056919983567124"/>
            <maxpow number="0.40056919983567124"/>
            <fprob>0.0</fprob>
        </actor>
        <actor name="D0N27">
            <wcet number="0">50</wcet>
            <wcet number="1">80</wcet>
            <maxpow number="0.35709574624846496"/>
            <maxpow number="0.35709574624846496"/>
            <fprob>0.0</fprob>
        </actor>
        <actor name="D0N2">
            <wcet number="0">110</wcet>
            <wcet number="1">160</wcet>
            <maxpow number="0.38531807529850515"/>
            <maxpow number="0.38531807529850515"/>
            <fprob>0.0</fprob>
        </actor>
        <actor name="D0N44">
            <wcet number="0">40</wcet>
            <wcet number="1">120</wcet>
            <maxpow number="0.6692850873921725"/>
            <maxpow number="0.6692850873921725"/>
            <fprob>0.0</fprob>
        </actor>
        <actor name="D0N22">
            <wcet number="0">10</wcet>
            <wcet number="1">10</wcet>
            <maxpow number="0.4833422934666713"/>
            <maxpow number="0.4833422934666713"/>
            <fprob>0.0</fprob>
        </actor>
        <actor name="D0N40">
            <wcet number="0">10</wcet>
            <wcet number="1">30</wcet>
            <maxpow number="0.3939391615507334"/>
            <maxpow number="0.3939391615507334"/>
            <fprob>0.0</fprob>
        </actor>
        <actor name="D0N26">
            <wcet number="0">10</wcet>
            <wcet number="1">70</wcet>
            <maxpow number="0.36102493678469705"/>
            <maxpow number="0.36102493678469705"/>
            <fprob>0.0</fprob>
        </actor>
        <actor name="D0N41">
            <wcet number="0">40</wcet>
            <wcet number="1">60</wcet>
            <maxpow number="0.571854092682686"/>
            <maxpow number="0.571854092682686"/>
            <fprob>0.0</fprob>
        </actor>
        <actor name="D0N6">
            <wcet number="0">70</wcet>
            <wcet number="1">190</wcet>
            <maxpow number="0.28421524668659104"/>
            <maxpow number="0.28421524668659104"/>
            <fprob>0.0</fprob>
        </actor>
        <actor name="D0N0">
            <wcet number="0">60</wcet>
            <wcet number="1">120</wcet>
            <maxpow number="0.4670318602404893"/>
            <maxpow number="0.4670318602404893"/>
            <fprob>0.0</fprob>
        </actor>
        <actor name="D0N33">
            <wcet number="0">20</wcet>
            <wcet number="1">30</wcet>
            <maxpow number="0.33823052002631193"/>
            <maxpow number="0.33823052002631193"/>
            <fprob>0.0</fprob>
        </actor>
        <actor name="D0N9">
            <wcet number="0">30</wcet>
            <wcet number="1">30</wcet>
            <maxpow number="0.4089402480375008"/>
            <maxpow number="0.4089402480375008"/>
            <fprob>0.0</fprob>
        </actor>
        <actor name="D0N47">
            <wcet number="0">70</wcet>
            <wcet number="1">100</wcet>
            <maxpow number="0.634540938894433"/>
            <maxpow number="0.634540938894433"/>
            <fprob>0.0</fprob>
        </actor>
        <actor name="D0N38">
            <wcet number="0">40</wcet>
            <wcet number="1">40</wcet>
            <maxpow number="0.5461975257572687"/>
            <maxpow number="0.5461975257572687"/>
            <fprob>0.0</fprob>
        </actor>
        <actor name="D0N36">
            <wcet number="0">10</wcet>
            <wcet number="1">30</wcet>
            <maxpow number="0.5336137247845291"/>
            <maxpow number="0.5336137247845291"/>
            <fprob>0.0</fprob>
        </actor>
        <actor name="D0N42">
            <wcet number="0">10</wcet>
            <wcet number="1">20</wcet>
            <maxpow number="0.5472833642520005"/>
            <maxpow number="0.5472833642520005"/>
            <fprob>0.0</fprob>
        </actor>
        <actor name="D0N10">
            <wcet number="0">50</wcet>
            <wcet number="1">50</wcet>
            <maxpow number="0.39650013098953735"/>
            <maxpow number="0.39650013098953735"/>
            <fprob>0.0</fprob>
        </actor>
        <actor name="D0N11">
            <wcet number="0">30</wcet>
            <wcet number="1">90</wcet>
            <maxpow number="0.6676214242372763"/>
            <maxpow number="0.6676214242372763"/>
            <fprob>0.0</fprob>
        </actor>
        <actor name="D0N18">
            <wcet number="0">10</wcet>
            <wcet number="1">50</wcet>
            <maxpow number="0.7229301823474599"/>
            <maxpow number="0.7229301823474599"/>
            <fprob>0.0</fprob>
        </actor>
        <actor name="D0N21">
            <wcet number="0">10</wcet>
            <wcet number="1">10</wcet>
            <maxpow number="0.36691197750817006"/>
            <maxpow number="0.36691197750817006"/>
            <fprob>0.0</fprob>
        </actor>
        <actor name="D0N5">
            <wcet number="0">10</wcet>
            <wcet number="1">10</wcet>
            <maxpow number="0.45121275620307727"/>
            <maxpow number="0.45121275620307727"/>
            <fprob>0.0</fprob>
        </actor>
        <actor name="D0N25">
            <wcet number="0">10</wcet>
            <wcet number="1">20</wcet>
            <maxpow number="0.42525565387965125"/>
            <maxpow number="0.42525565387965125"/>
            <fprob>0.0</fprob>
        </actor>
        <actor name="D0N43">
            <wcet number="0">20</wcet>
            <wcet number="1">120</wcet>
            <maxpow number="0.2723341676368323"/>
            <maxpow number="0.2723341676368323"/>
            <fprob>0.0</fprob>
        </actor>
        <actor name="D0N28">
            <wcet number="0">10</wcet>
            <wcet number="1">10</wcet>
            <maxpow number="0.5956217869372143"/>
            <maxpow number="0.5956217869372143"/>
            <fprob>0.0</fprob>
        </actor>
        <ports>
            <port dstActor="D0N47" name="p0" srcActor="D0N37"/>
            <port dstActor="D0N43" name="p1" srcActor="D0N37"/>
            <port dstActor="D0N38" name="p2" srcActor="D0N29"/>
            <port dstActor="D0N46" name="p3" srcActor="D0N29"/>
            <port dstActor="D0N29" name="p4" srcActor="D0N14"/>
            <port dstActor="D0N44" name="p5" srcActor="D0N14"/>
            <port dstActor="D0N34" name="p6" srcActor="D0N14"/>
            <port dstActor="D0N39" name="p7" srcActor="D0N14"/>
            <port dstActor="D0N31" name="p8" srcActor="D0N14"/>
            <port dstActor="D0N42" name="p9" srcActor="D0N34"/>
            <port dstActor="D0N38" name="p10" srcActor="D0N23"/>
            <port dstActor="D0N30" name="p11" srcActor="D0N23"/>
            <port dstActor="D0N26" name="p12" srcActor="D0N23"/>
            <port dstActor="D0N37" name="p13" srcActor="D0N23"/>
            <port dstActor="D0N33" name="p14" srcActor="D0N23"/>
            <port dstActor="D0N31" name="p15" srcActor="D0N30"/>
            <port dstActor="D0N31" name="p16" srcActor="D0N8"/>
            <port dstActor="D0N20" name="p17" srcActor="D0N19"/>
            <port dstActor="D0N26" name="p18" srcActor="D0N19"/>
            <port dstActor="D0N28" name="p19" srcActor="D0N19"/>
            <port dstActor="D0N41" name="p20" srcActor="D0N19"/>
            <port dstActor="D0N32" name="p21" srcActor="D0N13"/>
            <port dstActor="D0N29" name="p22" srcActor="D0N13"/>
            <port dstActor="D0N18" name="p23" srcActor="D0N13"/>
            <port dstActor="D0N41" name="p24" srcActor="D0N15"/>
            <port dstActor="D0N29" name="p25" srcActor="D0N15"/>
            <port dstActor="D0N12" name="p26" srcActor="D0N7"/>
            <port dstActor="D0N45" name="p27" srcActor="D0N7"/>
            <port dstActor="D0N42" name="p28" srcActor="D0N7"/>
            <port dstActor="D0N33" name="p29" srcActor="D0N7"/>
            <port dstActor="D0N37" name="p30" srcActor="D0N4"/>
            <port dstActor="D0N17" name="p31" srcActor="D0N4"/>
            <port dstActor="D0N32" name="p32" srcActor="D0N4"/>
            <port dstActor="D0N8" name="p33" srcActor="D0N4"/>
            <port dstActor="D0N7" name="p34" srcActor="D0N4"/>
            <port dstActor="D0N27" name="p35" srcActor="D0N4"/>
            <port dstActor="D0N19" name="p36" srcActor="D0N4"/>
            <port dstActor="D0N28" name="p37" srcActor="D0N17"/>
            <port dstActor="D0N16" name="p38" srcActor="D0N3"/>
            <port dstActor="D0N5" name="p39" srcActor="D0N3"/>
            <port dstActor="D0N30" name="p40" srcActor="D0N3"/>
            <port dstActor="D0N11" name="p41" srcActor="D0N3"/>
            <port dstActor="D0N25" name="p42" srcActor="D0N3"/>
            <port dstActor="D0N43" name="p43" srcActor="D0N1"/>
            <port dstActor="D0N45" name="p44" srcActor="D0N1"/>
            <port dstActor="D0N8" name="p45" srcActor="D0N1"/>
            <port dstActor="D0N32" name="p46" srcActor="D0N1"/>
            <port dstActor="D0N43" name="p47" srcActor="D0N31"/>
            <port dstActor="D0N32" name="p48" srcActor="D0N31"/>
            <port dstActor="D0N44" name="p49" srcActor="D0N35"/>
            <port dstActor="D0N45" name="p50" srcActor="D0N35"/>
            <port dstActor="D0N39" name="p51" srcActor="D0N35"/>
            <port dstActor="D0N45" name="p52" srcActor="D0N24"/>
            <port dstActor="D0N33" name="p53" srcActor="D0N12"/>
            <port dstActor="D0N40" name="p54" srcActor="D0N12"/>
            <port dstActor="D0N38" name="p55" srcActor="D0N12"/>
            <port dstActor="D0N23" name="p56" srcActor="D0N12"/>
            <port dstActor="D0N22" name="p57" srcActor="D0N12"/>
            <port dstActor="D0N46" name="p58" srcActor="D0N20"/>
            <port dstActor="D0N40" name="p59" srcActor="D0N39"/>
            <port dstActor="D0N22" name="p60" srcActor="D0N16"/>
            <port dstActor="D0N41" name="p61" srcActor="D0N16"/>
            <port dstActor="D0N38" name="p62" srcActor="D0N16"/>
            <port dstActor="D0N37" name="p63" srcActor="D0N16"/>
            <port dstActor="D0N44" name="p64" srcActor="D0N32"/>
            <port dstActor="D0N46" name="p65" srcActor="D0N32"/>
            <port dstActor="D0N37" name="p66" srcActor="D0N32"/>
            <port dstActor="D0N47" name="p67" srcActor="D0N46"/>
            <port dstActor="D0N25" name="p68" srcActor="D0N2"/>
            <port dstActor="D0N15" name="p69" srcActor="D0N2"/>
            <port dstActor="D0N32" name="p70" srcActor="D0N2"/>
            <port dstActor="D0N12" name="p71" srcActor="D0N2"/>
            <port dstActor="D0N41" name="p72" srcActor="D0N22"/>
            <port dstActor="D0N23" name="p73" srcActor="D0N22"/>
            <port dstActor="D0N32" name="p74" srcActor="D0N26"/>
            <port dstActor="D0N38" name="p75" srcActor="D0N26"/>
            <port dstActor="D0N46" name="p76" srcActor="D0N26"/>
            <port dstActor="D0N29" name="p77" srcActor="D0N26"/>
            <port dstActor="D0N47" name="p78" srcActor="D0N41"/>
            <port dstActor="D0N44" name="p79" srcActor="D0N41"/>
            <port dstActor="D0N46" name="p80" srcActor="D0N6"/>
            <port dstActor="D0N12" name="p81" srcActor="D0N6"/>
            <port dstActor="D0N13" name="p82" srcActor="D0N6"/>
            <port dstActor="D0N21" name="p83" srcActor="D0N6"/>
            <port dstActor="D0N39" name="p84" srcActor="D0N6"/>
            <port dstActor="D0N34" name="p85" srcActor="D0N0"/>
            <port dstActor="D0N30" name="p86" srcActor="D0N0"/>
            <port dstActor="D0N24" name="p87" srcActor="D0N0"/>
            <port dstActor="D0N39" name="p88" srcActor="D0N0"/>
            <port dstActor="D0N13" name="p89" srcActor="D0N0"/>
            <port dstActor="D0N12" name="p90" srcActor="D0N9"/>
            <port dstActor="D0N31" name="p91" srcActor="D0N9"/>
            <port dstActor="D0N17" name="p92" srcActor="D0N9"/>
            <port dstActor="D0N47" name="p93" srcActor="D0N36"/>
            <port dstActor="D0N41" name="p94" srcActor="D0N36"/>
            <port dstActor="D0N45" name="p95" srcActor="D0N42"/>
            <port dstActor="D0N43" name="p96" srcActor="D0N42"/>
            <port dstActor="D0N31" name="p97" srcActor="D0N10"/>
            <port dstActor="D0N30" name="p98" srcActor="D0N10"/>
            <port dstActor="D0N45" name="p99" srcActor="D0N10"/>
            <port dstActor="D0N38" name="p100" srcActor="D0N10"/>
            <port dstActor="D0N43" name="p101" srcActor="D0N11"/>
            <port dstActor="D0N32" name="p102" srcActor="D0N11"/>
            <port dstActor="D0N40" name="p103" srcActor="D0N11"/>
            <port dstActor="D0N15" name="p104" srcActor="D0N11"/>
            <port dstActor="D0N31" name="p105" srcActor="D0N18"/>
            <port dstActor="D0N20" name="p106" srcActor="D0N18"/>
            <port dstActor="D0N21" name="p107" srcActor="D0N18"/>
            <port dstActor="D0N32" name="p108" srcActor="D0N21"/>
            <port dstActor="D0N47" name="p109" srcActor="D0N21"/>
            <port dstActor="D0N31" name="p110" srcActor="D0N21"/>
            <port dstActor="D0N31" name="p111" srcActor="D0N5"/>
            <port dstActor="D0N23" name="p112" srcActor="D0N5"/>
            <port dstActor="D0N47" name="p113" srcActor="D0N5"/>
            <port dstActor="D0N35" name="p114" srcActor="D0N5"/>
            <port dstActor="D0N13" name="p115" srcActor="D0N5"/>
            <port dstActor="D0N45" name="p116" srcActor="D0N5"/>
            <port dstActor="D0N27" name="p117" srcActor="D0N25"/>
            <port dstActor="D0N37" name="p118" srcActor="D0N25"/>
            <port dstActor="D0N38" name="p119" srcActor="D0N28"/>
            <port dstActor="D0N45" name="p120" srcActor="D0N28"/>
            <port dstActor="D0N36" name="p121" srcActor="D0N28"/>
        </ports>
    </mcdag>
    <cores number="3"/>
    <levels number="2"/>
</mcsystem>
