<?xml version="1.0" encoding="UTF-8" standalone="no"?>
<mcsystem>
    <mcdag deadline="4000" name="genned-0-ed-10.0-0">
        <actor name="D0N16">
            <wcet number="0">10</wcet>
            <wcet number="1">270</wcet>
            <maxpow number="0.6183003116921274"/>
            <maxpow number="0.6183003116921274"/>
            <fprob>0.0</fprob>
        </actor>
        <actor name="D0N34">
            <wcet number="0">790</wcet>
            <wcet number="1">990</wcet>
            <maxpow number="0.6661156324263874"/>
            <maxpow number="0.6661156324263874"/>
            <fprob>0.0</fprob>
        </actor>
        <actor name="D0N8">
            <wcet number="0">100</wcet>
            <wcet number="1">460</wcet>
            <maxpow number="0.8910982501238005"/>
            <maxpow number="0.8910982501238005"/>
            <fprob>0.0</fprob>
        </actor>
        <actor name="D0N4">
            <wcet number="0">180</wcet>
            <wcet number="1">280</wcet>
            <maxpow number="0.6135261428129222"/>
            <maxpow number="0.6135261428129222"/>
            <fprob>0.0</fprob>
        </actor>
        <actor name="D0N27">
            <wcet number="0">90</wcet>
            <wcet number="1">310</wcet>
            <maxpow number="0.5578622588005747"/>
            <maxpow number="0.5578622588005747"/>
            <fprob>0.0</fprob>
        </actor>
        <actor name="D0N43">
            <wcet number="0">50</wcet>
            <wcet number="1">180</wcet>
            <maxpow number="0.7079018077058689"/>
            <maxpow number="0.7079018077058689"/>
            <fprob>0.0</fprob>
        </actor>
        <actor name="D0N32">
            <wcet number="0">60</wcet>
            <wcet number="1">80</wcet>
            <maxpow number="0.9095354036805784"/>
            <maxpow number="0.9095354036805784"/>
            <fprob>0.0</fprob>
        </actor>
        <actor name="D0N13">
            <wcet number="0">10</wcet>
            <wcet number="1">60</wcet>
            <maxpow number="0.7051917370093523"/>
            <maxpow number="0.7051917370093523"/>
            <fprob>0.0</fprob>
        </actor>
        <actor name="D0N40">
            <wcet number="0">320</wcet>
            <wcet number="1">340</wcet>
            <maxpow number="0.6409848106856433"/>
            <maxpow number="0.6409848106856433"/>
            <fprob>0.0</fprob>
        </actor>
        <actor name="D0N44">
            <wcet number="0">10</wcet>
            <wcet number="1">10</wcet>
            <maxpow number="0.4588051290477757"/>
            <maxpow number="0.4588051290477757"/>
            <fprob>0.0</fprob>
        </actor>
        <actor name="D0N2">
            <wcet number="0">60</wcet>
            <wcet number="1">70</wcet>
            <maxpow number="0.5058606024797281"/>
            <maxpow number="0.5058606024797281"/>
            <fprob>0.0</fprob>
        </actor>
        <actor name="D0N21">
            <wcet number="0">10</wcet>
            <wcet number="1">10</wcet>
            <maxpow number="0.8036744498276367"/>
            <maxpow number="0.8036744498276367"/>
            <fprob>0.0</fprob>
        </actor>
        <actor name="D0N7">
            <wcet number="0">40</wcet>
            <wcet number="1">90</wcet>
            <maxpow number="0.568785449822941"/>
            <maxpow number="0.568785449822941"/>
            <fprob>0.0</fprob>
        </actor>
        <actor name="D0N31">
            <wcet number="0">60</wcet>
            <wcet number="1">100</wcet>
            <maxpow number="0.4242390718379092"/>
            <maxpow number="0.4242390718379092"/>
            <fprob>0.0</fprob>
        </actor>
        <actor name="D0N49">
            <wcet number="0">40</wcet>
            <wcet number="1">50</wcet>
            <maxpow number="0.9092964404347328"/>
            <maxpow number="0.9092964404347328"/>
            <fprob>0.0</fprob>
        </actor>
        <actor name="D0N46">
            <wcet number="0">40</wcet>
            <wcet number="1">40</wcet>
            <maxpow number="0.9189668940241906"/>
            <maxpow number="0.9189668940241906"/>
            <fprob>0.0</fprob>
        </actor>
        <actor name="D0N14">
            <wcet number="0">30</wcet>
            <wcet number="1">40</wcet>
            <maxpow number="0.6299099791188456"/>
            <maxpow number="0.6299099791188456"/>
            <fprob>0.0</fprob>
        </actor>
        <actor name="D0N36">
            <wcet number="0">140</wcet>
            <wcet number="1">160</wcet>
            <maxpow number="0.6909757961421661"/>
            <maxpow number="0.6909757961421661"/>
            <fprob>0.0</fprob>
        </actor>
        <actor name="D0N20">
            <wcet number="0">30</wcet>
            <wcet number="1">80</wcet>
            <maxpow number="0.4631977465504369"/>
            <maxpow number="0.4631977465504369"/>
            <fprob>0.0</fprob>
        </actor>
        <actor name="D0N39">
            <wcet number="0">340</wcet>
            <wcet number="1">430</wcet>
            <maxpow number="0.7753388785932156"/>
            <maxpow number="0.7753388785932156"/>
            <fprob>0.0</fprob>
        </actor>
        <actor name="D0N11">
            <wcet number="0">10</wcet>
            <wcet number="1">470</wcet>
            <maxpow number="0.791815876703269"/>
            <maxpow number="0.791815876703269"/>
            <fprob>0.0</fprob>
        </actor>
        <actor name="D0N9">
            <wcet number="0">140</wcet>
            <wcet number="1">260</wcet>
            <maxpow number="0.43698620437401353"/>
            <maxpow number="0.43698620437401353"/>
            <fprob>0.0</fprob>
        </actor>
        <actor name="D0N38">
            <wcet number="0">20</wcet>
            <wcet number="1">20</wcet>
            <maxpow number="0.47615568263817337"/>
            <maxpow number="0.47615568263817337"/>
            <fprob>0.0</fprob>
        </actor>
        <actor name="D0N47">
            <wcet number="0">50</wcet>
            <wcet number="1">50</wcet>
            <maxpow number="0.4395050835767699"/>
            <maxpow number="0.4395050835767699"/>
            <fprob>0.0</fprob>
        </actor>
        <actor name="D0N24">
            <wcet number="0">170</wcet>
            <wcet number="1">190</wcet>
            <maxpow number="0.46478363162216074"/>
            <maxpow number="0.46478363162216074"/>
            <fprob>0.0</fprob>
        </actor>
        <actor name="D0N5">
            <wcet number="0">20</wcet>
            <wcet number="1">130</wcet>
            <maxpow number="0.3889564282349579"/>
            <maxpow number="0.3889564282349579"/>
            <fprob>0.0</fprob>
        </actor>
        <actor name="D0N18">
            <wcet number="0">20</wcet>
            <wcet number="1">20</wcet>
            <maxpow number="0.5799995720783372"/>
            <maxpow number="0.5799995720783372"/>
            <fprob>0.0</fprob>
        </actor>
        <actor name="D0N29">
            <wcet number="0">530</wcet>
            <wcet number="1">560</wcet>
            <maxpow number="0.37576951157870037"/>
            <maxpow number="0.37576951157870037"/>
            <fprob>0.0</fprob>
        </actor>
        <actor name="D0N33">
            <wcet number="0">50</wcet>
            <wcet number="1">330</wcet>
            <maxpow number="0.11511186350781927"/>
            <maxpow number="0.11511186350781927"/>
            <fprob>0.0</fprob>
        </actor>
        <actor name="D0N30">
            <wcet number="0">30</wcet>
            <wcet number="1">60</wcet>
            <maxpow number="0.292863524840178"/>
            <maxpow number="0.292863524840178"/>
            <fprob>0.0</fprob>
        </actor>
        <actor name="D0N22">
            <wcet number="0">580</wcet>
            <wcet number="1">730</wcet>
            <maxpow number="0.753465271032949"/>
            <maxpow number="0.753465271032949"/>
            <fprob>0.0</fprob>
        </actor>
        <actor name="D0N10">
            <wcet number="0">140</wcet>
            <wcet number="1">270</wcet>
            <maxpow number="0.7151258938393636"/>
            <maxpow number="0.7151258938393636"/>
            <fprob>0.0</fprob>
        </actor>
        <actor name="D0N19">
            <wcet number="0">20</wcet>
            <wcet number="1">80</wcet>
            <maxpow number="0.520301840718613"/>
            <maxpow number="0.520301840718613"/>
            <fprob>0.0</fprob>
        </actor>
        <actor name="D0N25">
            <wcet number="0">200</wcet>
            <wcet number="1">610</wcet>
            <maxpow number="0.38345315392281165"/>
            <maxpow number="0.38345315392281165"/>
            <fprob>0.0</fprob>
        </actor>
        <actor name="D0N3">
            <wcet number="0">50</wcet>
            <wcet number="1">50</wcet>
            <maxpow number="0.6415993402427873"/>
            <maxpow number="0.6415993402427873"/>
            <fprob>0.0</fprob>
        </actor>
        <actor name="D0N1">
            <wcet number="0">310</wcet>
            <wcet number="1">420</wcet>
            <maxpow number="0.390292802064934"/>
            <maxpow number="0.390292802064934"/>
            <fprob>0.0</fprob>
        </actor>
        <actor name="D0N28">
            <wcet number="0">10</wcet>
            <wcet number="1">50</wcet>
            <maxpow number="0.49229507391855937"/>
            <maxpow number="0.49229507391855937"/>
            <fprob>0.0</fprob>
        </actor>
        <actor name="D0N48">
            <wcet number="0">310</wcet>
            <wcet number="1">550</wcet>
            <maxpow number="0.6809393737269618"/>
            <maxpow number="0.6809393737269618"/>
            <fprob>0.0</fprob>
        </actor>
        <actor name="D0N45">
            <wcet number="0">20</wcet>
            <wcet number="1">30</wcet>
            <maxpow number="0.4429035216436813"/>
            <maxpow number="0.4429035216436813"/>
            <fprob>0.0</fprob>
        </actor>
        <actor name="D0N26">
            <wcet number="0">160</wcet>
            <wcet number="1">160</wcet>
            <maxpow number="0.21293431086240378"/>
            <maxpow number="0.21293431086240378"/>
            <fprob>0.0</fprob>
        </actor>
        <actor name="D0N37">
            <wcet number="0">60</wcet>
            <wcet number="1">90</wcet>
            <maxpow number="0.5376784637775316"/>
            <maxpow number="0.5376784637775316"/>
            <fprob>0.0</fprob>
        </actor>
        <actor name="D0N35">
            <wcet number="0">120</wcet>
            <wcet number="1">190</wcet>
            <maxpow number="0.7105694633544342"/>
            <maxpow number="0.7105694633544342"/>
            <fprob>0.0</fprob>
        </actor>
        <actor name="D0N17">
            <wcet number="0">10</wcet>
            <wcet number="1">80</wcet>
            <maxpow number="0.2801123156084929"/>
            <maxpow number="0.2801123156084929"/>
            <fprob>0.0</fprob>
        </actor>
        <actor name="D0N41">
            <wcet number="0">70</wcet>
            <wcet number="1">90</wcet>
            <maxpow number="0.5129965145169885"/>
            <maxpow number="0.5129965145169885"/>
            <fprob>0.0</fprob>
        </actor>
        <actor name="D0N42">
            <wcet number="0">310</wcet>
            <wcet number="1">400</wcet>
            <maxpow number="0.4838365424299742"/>
            <maxpow number="0.4838365424299742"/>
            <fprob>0.0</fprob>
        </actor>
        <actor name="D0N6">
            <wcet number="0">20</wcet>
            <wcet number="1">110</wcet>
            <maxpow number="0.6039703099589762"/>
            <maxpow number="0.6039703099589762"/>
            <fprob>0.0</fprob>
        </actor>
        <actor name="D0N0">
            <wcet number="0">30</wcet>
            <wcet number="1">50</wcet>
            <maxpow number="0.644516355004867"/>
            <maxpow number="0.644516355004867"/>
            <fprob>0.0</fprob>
        </actor>
        <actor name="D0N12">
            <wcet number="0">100</wcet>
            <wcet number="1">210</wcet>
            <maxpow number="0.5303527451729831"/>
            <maxpow number="0.5303527451729831"/>
            <fprob>0.0</fprob>
        </actor>
        <actor name="D0N23">
            <wcet number="0">10</wcet>
            <wcet number="1">310</wcet>
            <maxpow number="0.5473548365169068"/>
            <maxpow number="0.5473548365169068"/>
            <fprob>0.0</fprob>
        </actor>
        <actor name="D0N15">
            <wcet number="0">30</wcet>
            <wcet number="1">180</wcet>
            <maxpow number="0.5366289308579171"/>
            <maxpow number="0.5366289308579171"/>
            <fprob>0.0</fprob>
        </actor>
        <ports>
            <port dstActor="D0N31" name="p0" srcActor="D0N16"/>
            <port dstActor="D0N42" name="p1" srcActor="D0N16"/>
            <port dstActor="D0N35" name="p2" srcActor="D0N16"/>
            <port dstActor="D0N41" name="p3" srcActor="D0N16"/>
            <port dstActor="D0N24" name="p4" srcActor="D0N16"/>
            <port dstActor="D0N45" name="p5" srcActor="D0N34"/>
            <port dstActor="D0N41" name="p6" srcActor="D0N8"/>
            <port dstActor="D0N19" name="p7" srcActor="D0N8"/>
            <port dstActor="D0N16" name="p8" srcActor="D0N8"/>
            <port dstActor="D0N44" name="p9" srcActor="D0N4"/>
            <port dstActor="D0N34" name="p10" srcActor="D0N4"/>
            <port dstActor="D0N24" name="p11" srcActor="D0N4"/>
            <port dstActor="D0N12" name="p12" srcActor="D0N4"/>
            <port dstActor="D0N44" name="p13" srcActor="D0N27"/>
            <port dstActor="D0N47" name="p14" srcActor="D0N27"/>
            <port dstActor="D0N38" name="p15" srcActor="D0N27"/>
            <port dstActor="D0N39" name="p16" srcActor="D0N27"/>
            <port dstActor="D0N46" name="p17" srcActor="D0N27"/>
            <port dstActor="D0N47" name="p18" srcActor="D0N43"/>
            <port dstActor="D0N44" name="p19" srcActor="D0N32"/>
            <port dstActor="D0N19" name="p20" srcActor="D0N13"/>
            <port dstActor="D0N35" name="p21" srcActor="D0N13"/>
            <port dstActor="D0N25" name="p22" srcActor="D0N13"/>
            <port dstActor="D0N33" name="p23" srcActor="D0N13"/>
            <port dstActor="D0N47" name="p24" srcActor="D0N40"/>
            <port dstActor="D0N46" name="p25" srcActor="D0N44"/>
            <port dstActor="D0N48" name="p26" srcActor="D0N44"/>
            <port dstActor="D0N17" name="p27" srcActor="D0N2"/>
            <port dstActor="D0N48" name="p28" srcActor="D0N21"/>
            <port dstActor="D0N36" name="p29" srcActor="D0N21"/>
            <port dstActor="D0N24" name="p30" srcActor="D0N21"/>
            <port dstActor="D0N11" name="p31" srcActor="D0N7"/>
            <port dstActor="D0N47" name="p32" srcActor="D0N7"/>
            <port dstActor="D0N31" name="p33" srcActor="D0N7"/>
            <port dstActor="D0N35" name="p34" srcActor="D0N7"/>
            <port dstActor="D0N40" name="p35" srcActor="D0N7"/>
            <port dstActor="D0N49" name="p36" srcActor="D0N31"/>
            <port dstActor="D0N29" name="p37" srcActor="D0N14"/>
            <port dstActor="D0N49" name="p38" srcActor="D0N14"/>
            <port dstActor="D0N30" name="p39" srcActor="D0N14"/>
            <port dstActor="D0N44" name="p40" srcActor="D0N36"/>
            <port dstActor="D0N49" name="p41" srcActor="D0N36"/>
            <port dstActor="D0N34" name="p42" srcActor="D0N20"/>
            <port dstActor="D0N24" name="p43" srcActor="D0N20"/>
            <port dstActor="D0N33" name="p44" srcActor="D0N20"/>
            <port dstActor="D0N25" name="p45" srcActor="D0N20"/>
            <port dstActor="D0N22" name="p46" srcActor="D0N20"/>
            <port dstActor="D0N14" name="p47" srcActor="D0N11"/>
            <port dstActor="D0N15" name="p48" srcActor="D0N11"/>
            <port dstActor="D0N13" name="p49" srcActor="D0N11"/>
            <port dstActor="D0N25" name="p50" srcActor="D0N11"/>
            <port dstActor="D0N23" name="p51" srcActor="D0N9"/>
            <port dstActor="D0N14" name="p52" srcActor="D0N9"/>
            <port dstActor="D0N34" name="p53" srcActor="D0N9"/>
            <port dstActor="D0N42" name="p54" srcActor="D0N38"/>
            <port dstActor="D0N47" name="p55" srcActor="D0N38"/>
            <port dstActor="D0N40" name="p56" srcActor="D0N38"/>
            <port dstActor="D0N47" name="p57" srcActor="D0N24"/>
            <port dstActor="D0N39" name="p58" srcActor="D0N5"/>
            <port dstActor="D0N45" name="p59" srcActor="D0N5"/>
            <port dstActor="D0N18" name="p60" srcActor="D0N5"/>
            <port dstActor="D0N28" name="p61" srcActor="D0N18"/>
            <port dstActor="D0N30" name="p62" srcActor="D0N18"/>
            <port dstActor="D0N19" name="p63" srcActor="D0N18"/>
            <port dstActor="D0N49" name="p64" srcActor="D0N29"/>
            <port dstActor="D0N39" name="p65" srcActor="D0N33"/>
            <port dstActor="D0N48" name="p66" srcActor="D0N33"/>
            <port dstActor="D0N34" name="p67" srcActor="D0N33"/>
            <port dstActor="D0N38" name="p68" srcActor="D0N30"/>
            <port dstActor="D0N32" name="p69" srcActor="D0N30"/>
            <port dstActor="D0N37" name="p70" srcActor="D0N30"/>
            <port dstActor="D0N44" name="p71" srcActor="D0N30"/>
            <port dstActor="D0N42" name="p72" srcActor="D0N30"/>
            <port dstActor="D0N47" name="p73" srcActor="D0N30"/>
            <port dstActor="D0N46" name="p74" srcActor="D0N30"/>
            <port dstActor="D0N49" name="p75" srcActor="D0N30"/>
            <port dstActor="D0N43" name="p76" srcActor="D0N30"/>
            <port dstActor="D0N47" name="p77" srcActor="D0N22"/>
            <port dstActor="D0N43" name="p78" srcActor="D0N22"/>
            <port dstActor="D0N46" name="p79" srcActor="D0N10"/>
            <port dstActor="D0N19" name="p80" srcActor="D0N10"/>
            <port dstActor="D0N43" name="p81" srcActor="D0N10"/>
            <port dstActor="D0N22" name="p82" srcActor="D0N10"/>
            <port dstActor="D0N35" name="p83" srcActor="D0N10"/>
            <port dstActor="D0N21" name="p84" srcActor="D0N19"/>
            <port dstActor="D0N33" name="p85" srcActor="D0N19"/>
            <port dstActor="D0N35" name="p86" srcActor="D0N25"/>
            <port dstActor="D0N48" name="p87" srcActor="D0N25"/>
            <port dstActor="D0N47" name="p88" srcActor="D0N25"/>
            <port dstActor="D0N29" name="p89" srcActor="D0N25"/>
            <port dstActor="D0N30" name="p90" srcActor="D0N25"/>
            <port dstActor="D0N9" name="p91" srcActor="D0N3"/>
            <port dstActor="D0N21" name="p92" srcActor="D0N3"/>
            <port dstActor="D0N18" name="p93" srcActor="D0N3"/>
            <port dstActor="D0N20" name="p94" srcActor="D0N3"/>
            <port dstActor="D0N35" name="p95" srcActor="D0N1"/>
            <port dstActor="D0N24" name="p96" srcActor="D0N1"/>
            <port dstActor="D0N46" name="p97" srcActor="D0N1"/>
            <port dstActor="D0N34" name="p98" srcActor="D0N1"/>
            <port dstActor="D0N33" name="p99" srcActor="D0N1"/>
            <port dstActor="D0N48" name="p100" srcActor="D0N1"/>
            <port dstActor="D0N23" name="p101" srcActor="D0N1"/>
            <port dstActor="D0N40" name="p102" srcActor="D0N1"/>
            <port dstActor="D0N21" name="p103" srcActor="D0N1"/>
            <port dstActor="D0N38" name="p104" srcActor="D0N28"/>
            <port dstActor="D0N35" name="p105" srcActor="D0N28"/>
            <port dstActor="D0N37" name="p106" srcActor="D0N28"/>
            <port dstActor="D0N49" name="p107" srcActor="D0N48"/>
            <port dstActor="D0N37" name="p108" srcActor="D0N26"/>
            <port dstActor="D0N43" name="p109" srcActor="D0N26"/>
            <port dstActor="D0N48" name="p110" srcActor="D0N26"/>
            <port dstActor="D0N41" name="p111" srcActor="D0N37"/>
            <port dstActor="D0N39" name="p112" srcActor="D0N37"/>
            <port dstActor="D0N44" name="p113" srcActor="D0N37"/>
            <port dstActor="D0N42" name="p114" srcActor="D0N35"/>
            <port dstActor="D0N47" name="p115" srcActor="D0N35"/>
            <port dstActor="D0N49" name="p116" srcActor="D0N35"/>
            <port dstActor="D0N21" name="p117" srcActor="D0N17"/>
            <port dstActor="D0N30" name="p118" srcActor="D0N17"/>
            <port dstActor="D0N49" name="p119" srcActor="D0N17"/>
            <port dstActor="D0N20" name="p120" srcActor="D0N17"/>
            <port dstActor="D0N49" name="p121" srcActor="D0N41"/>
            <port dstActor="D0N47" name="p122" srcActor="D0N41"/>
            <port dstActor="D0N49" name="p123" srcActor="D0N6"/>
            <port dstActor="D0N29" name="p124" srcActor="D0N6"/>
            <port dstActor="D0N38" name="p125" srcActor="D0N6"/>
            <port dstActor="D0N13" name="p126" srcActor="D0N0"/>
            <port dstActor="D0N20" name="p127" srcActor="D0N0"/>
            <port dstActor="D0N30" name="p128" srcActor="D0N0"/>
            <port dstActor="D0N5" name="p129" srcActor="D0N0"/>
            <port dstActor="D0N42" name="p130" srcActor="D0N0"/>
            <port dstActor="D0N19" name="p131" srcActor="D0N0"/>
            <port dstActor="D0N18" name="p132" srcActor="D0N12"/>
            <port dstActor="D0N49" name="p133" srcActor="D0N12"/>
            <port dstActor="D0N26" name="p134" srcActor="D0N23"/>
            <port dstActor="D0N44" name="p135" srcActor="D0N15"/>
            <port dstActor="D0N20" name="p136" srcActor="D0N15"/>
        </ports>
    </mcdag>
    <cores number="3"/>
    <levels number="2"/>
</mcsystem>
