<?xml version="1.0" encoding="UTF-8" standalone="no"?>
<mcsystem>
    <mcdag deadline="1000" name="genned-0-ed-10.0-0">
        <actor name="D0N9">
            <wcet number="0">10</wcet>
            <wcet number="1">30</wcet>
            <maxpow number="0.4481690185003041"/>
            <maxpow number="0.4481690185003041"/>
            <fprob>0.0</fprob>
        </actor>
        <actor name="D0N44">
            <wcet number="0">10</wcet>
            <wcet number="1">30</wcet>
            <maxpow number="0.1823735877928418"/>
            <maxpow number="0.1823735877928418"/>
            <fprob>0.0</fprob>
        </actor>
        <actor name="D0N23">
            <wcet number="0">20</wcet>
            <wcet number="1">30</wcet>
            <maxpow number="0.4220508452192634"/>
            <maxpow number="0.4220508452192634"/>
            <fprob>0.0</fprob>
        </actor>
        <actor name="D0N19">
            <wcet number="0">140</wcet>
            <wcet number="1">160</wcet>
            <maxpow number="0.9173211321733259"/>
            <maxpow number="0.9173211321733259"/>
            <fprob>0.0</fprob>
        </actor>
        <actor name="D0N15">
            <wcet number="0">10</wcet>
            <wcet number="1">50</wcet>
            <maxpow number="0.6452698203717294"/>
            <maxpow number="0.6452698203717294"/>
            <fprob>0.0</fprob>
        </actor>
        <actor name="D0N5">
            <wcet number="0">10</wcet>
            <wcet number="1">30</wcet>
            <maxpow number="0.6163727860788536"/>
            <maxpow number="0.6163727860788536"/>
            <fprob>0.0</fprob>
        </actor>
        <actor name="D0N7">
            <wcet number="0">10</wcet>
            <wcet number="1">20</wcet>
            <maxpow number="0.2901620465637394"/>
            <maxpow number="0.2901620465637394"/>
            <fprob>0.0</fprob>
        </actor>
        <actor name="D0N10">
            <wcet number="0">10</wcet>
            <wcet number="1">10</wcet>
            <maxpow number="0.6731844038921099"/>
            <maxpow number="0.6731844038921099"/>
            <fprob>0.0</fprob>
        </actor>
        <actor name="D0N30">
            <wcet number="0">20</wcet>
            <wcet number="1">30</wcet>
            <maxpow number="0.5086432115244185"/>
            <maxpow number="0.5086432115244185"/>
            <fprob>0.0</fprob>
        </actor>
        <actor name="D0N37">
            <wcet number="0">20</wcet>
            <wcet number="1">40</wcet>
            <maxpow number="0.5178668800386352"/>
            <maxpow number="0.5178668800386352"/>
            <fprob>0.0</fprob>
        </actor>
        <actor name="D0N34">
            <wcet number="0">50</wcet>
            <wcet number="1">50</wcet>
            <maxpow number="0.7129568541066846"/>
            <maxpow number="0.7129568541066846"/>
            <fprob>0.0</fprob>
        </actor>
        <actor name="D0N47">
            <wcet number="0">20</wcet>
            <wcet number="1">20</wcet>
            <maxpow number="0.7632785225992356"/>
            <maxpow number="0.7632785225992356"/>
            <fprob>0.0</fprob>
        </actor>
        <actor name="D0N18">
            <wcet number="0">30</wcet>
            <wcet number="1">50</wcet>
            <maxpow number="0.3500712294908415"/>
            <maxpow number="0.3500712294908415"/>
            <fprob>0.0</fprob>
        </actor>
        <actor name="D0N38">
            <wcet number="0">10</wcet>
            <wcet number="1">40</wcet>
            <maxpow number="0.8511367740251924"/>
            <maxpow number="0.8511367740251924"/>
            <fprob>0.0</fprob>
        </actor>
        <actor name="D0N14">
            <wcet number="0">20</wcet>
            <wcet number="1">20</wcet>
            <maxpow number="0.47535994419492744"/>
            <maxpow number="0.47535994419492744"/>
            <fprob>0.0</fprob>
        </actor>
        <actor name="D0N13">
            <wcet number="0">10</wcet>
            <wcet number="1">90</wcet>
            <maxpow number="0.5916217956605195"/>
            <maxpow number="0.5916217956605195"/>
            <fprob>0.0</fprob>
        </actor>
        <actor name="D0N31">
            <wcet number="0">10</wcet>
            <wcet number="1">10</wcet>
            <maxpow number="0.5918826048850919"/>
            <maxpow number="0.5918826048850919"/>
            <fprob>0.0</fprob>
        </actor>
        <actor name="D0N32">
            <wcet number="0">10</wcet>
            <wcet number="1">60</wcet>
            <maxpow number="0.92707066883982"/>
            <maxpow number="0.92707066883982"/>
            <fprob>0.0</fprob>
        </actor>
        <actor name="D0N12">
            <wcet number="0">30</wcet>
            <wcet number="1">50</wcet>
            <maxpow number="0.5476809805206533"/>
            <maxpow number="0.5476809805206533"/>
            <fprob>0.0</fprob>
        </actor>
        <actor name="D0N22">
            <wcet number="0">10</wcet>
            <wcet number="1">10</wcet>
            <maxpow number="0.8378643083558366"/>
            <maxpow number="0.8378643083558366"/>
            <fprob>0.0</fprob>
        </actor>
        <actor name="D0N11">
            <wcet number="0">20</wcet>
            <wcet number="1">60</wcet>
            <maxpow number="0.43166964773797895"/>
            <maxpow number="0.43166964773797895"/>
            <fprob>0.0</fprob>
        </actor>
        <actor name="D0N21">
            <wcet number="0">60</wcet>
            <wcet number="1">220</wcet>
            <maxpow number="0.39201584246193383"/>
            <maxpow number="0.39201584246193383"/>
            <fprob>0.0</fprob>
        </actor>
        <actor name="D0N16">
            <wcet number="0">10</wcet>
            <wcet number="1">60</wcet>
            <maxpow number="0.6061701765364269"/>
            <maxpow number="0.6061701765364269"/>
            <fprob>0.0</fprob>
        </actor>
        <actor name="D0N48">
            <wcet number="0">10</wcet>
            <wcet number="1">20</wcet>
            <maxpow number="0.4140019533284348"/>
            <maxpow number="0.4140019533284348"/>
            <fprob>0.0</fprob>
        </actor>
        <actor name="D0N49">
            <wcet number="0">10</wcet>
            <wcet number="1">10</wcet>
            <maxpow number="0.45800468304778497"/>
            <maxpow number="0.45800468304778497"/>
            <fprob>0.0</fprob>
        </actor>
        <actor name="D0N4">
            <wcet number="0">20</wcet>
            <wcet number="1">20</wcet>
            <maxpow number="0.5223692867510512"/>
            <maxpow number="0.5223692867510512"/>
            <fprob>0.0</fprob>
        </actor>
        <actor name="D0N46">
            <wcet number="0">50</wcet>
            <wcet number="1">60</wcet>
            <maxpow number="0.6445809413064453"/>
            <maxpow number="0.6445809413064453"/>
            <fprob>0.0</fprob>
        </actor>
        <actor name="D0N24">
            <wcet number="0">30</wcet>
            <wcet number="1">60</wcet>
            <maxpow number="0.6984149784498191"/>
            <maxpow number="0.6984149784498191"/>
            <fprob>0.0</fprob>
        </actor>
        <actor name="D0N41">
            <wcet number="0">20</wcet>
            <wcet number="1">40</wcet>
            <maxpow number="0.3379040953706839"/>
            <maxpow number="0.3379040953706839"/>
            <fprob>0.0</fprob>
        </actor>
        <actor name="D0N17">
            <wcet number="0">40</wcet>
            <wcet number="1">70</wcet>
            <maxpow number="0.4538830311560074"/>
            <maxpow number="0.4538830311560074"/>
            <fprob>0.0</fprob>
        </actor>
        <actor name="D0N2">
            <wcet number="0">20</wcet>
            <wcet number="1">20</wcet>
            <maxpow number="0.21621532404432392"/>
            <maxpow number="0.21621532404432392"/>
            <fprob>0.0</fprob>
        </actor>
        <actor name="D0N40">
            <wcet number="0">30</wcet>
            <wcet number="1">30</wcet>
            <maxpow number="0.6202322698455833"/>
            <maxpow number="0.6202322698455833"/>
            <fprob>0.0</fprob>
        </actor>
        <actor name="D0N45">
            <wcet number="0">10</wcet>
            <wcet number="1">20</wcet>
            <maxpow number="0.6940006855263473"/>
            <maxpow number="0.6940006855263473"/>
            <fprob>0.0</fprob>
        </actor>
        <actor name="D0N0">
            <wcet number="0">20</wcet>
            <wcet number="1">20</wcet>
            <maxpow number="0.821466942397711"/>
            <maxpow number="0.821466942397711"/>
            <fprob>0.0</fprob>
        </actor>
        <actor name="D0N27">
            <wcet number="0">50</wcet>
            <wcet number="1">60</wcet>
            <maxpow number="0.34742223350089524"/>
            <maxpow number="0.34742223350089524"/>
            <fprob>0.0</fprob>
        </actor>
        <actor name="D0N36">
            <wcet number="0">10</wcet>
            <wcet number="1">40</wcet>
            <maxpow number="0.6844249714922819"/>
            <maxpow number="0.6844249714922819"/>
            <fprob>0.0</fprob>
        </actor>
        <actor name="D0N35">
            <wcet number="0">10</wcet>
            <wcet number="1">60</wcet>
            <maxpow number="0.5918989918028232"/>
            <maxpow number="0.5918989918028232"/>
            <fprob>0.0</fprob>
        </actor>
        <actor name="D0N8">
            <wcet number="0">10</wcet>
            <wcet number="1">10</wcet>
            <maxpow number="0.26474892699001157"/>
            <maxpow number="0.26474892699001157"/>
            <fprob>0.0</fprob>
        </actor>
        <actor name="D0N25">
            <wcet number="0">30</wcet>
            <wcet number="1">80</wcet>
            <maxpow number="0.5439469541749716"/>
            <maxpow number="0.5439469541749716"/>
            <fprob>0.0</fprob>
        </actor>
        <actor name="D0N43">
            <wcet number="0">30</wcet>
            <wcet number="1">40</wcet>
            <maxpow number="0.290495295447285"/>
            <maxpow number="0.290495295447285"/>
            <fprob>0.0</fprob>
        </actor>
        <actor name="D0N29">
            <wcet number="0">10</wcet>
            <wcet number="1">30</wcet>
            <maxpow number="0.33814423662892035"/>
            <maxpow number="0.33814423662892035"/>
            <fprob>0.0</fprob>
        </actor>
        <actor name="D0N6">
            <wcet number="0">20</wcet>
            <wcet number="1">20</wcet>
            <maxpow number="0.382892564053522"/>
            <maxpow number="0.382892564053522"/>
            <fprob>0.0</fprob>
        </actor>
        <actor name="D0N20">
            <wcet number="0">120</wcet>
            <wcet number="1">280</wcet>
            <maxpow number="0.5330157111600446"/>
            <maxpow number="0.5330157111600446"/>
            <fprob>0.0</fprob>
        </actor>
        <actor name="D0N42">
            <wcet number="0">50</wcet>
            <wcet number="1">90</wcet>
            <maxpow number="0.5824857889105086"/>
            <maxpow number="0.5824857889105086"/>
            <fprob>0.0</fprob>
        </actor>
        <actor name="D0N33">
            <wcet number="0">60</wcet>
            <wcet number="1">60</wcet>
            <maxpow number="0.4606519443828831"/>
            <maxpow number="0.4606519443828831"/>
            <fprob>0.0</fprob>
        </actor>
        <actor name="D0N26">
            <wcet number="0">10</wcet>
            <wcet number="1">10</wcet>
            <maxpow number="0.5489421797336264"/>
            <maxpow number="0.5489421797336264"/>
            <fprob>0.0</fprob>
        </actor>
        <actor name="D0N3">
            <wcet number="0">20</wcet>
            <wcet number="1">20</wcet>
            <maxpow number="0.5472862007999137"/>
            <maxpow number="0.5472862007999137"/>
            <fprob>0.0</fprob>
        </actor>
        <actor name="D0N39">
            <wcet number="0">20</wcet>
            <wcet number="1">40</wcet>
            <maxpow number="0.6769817083548516"/>
            <maxpow number="0.6769817083548516"/>
            <fprob>0.0</fprob>
        </actor>
        <actor name="D0N1">
            <wcet number="0">40</wcet>
            <wcet number="1">40</wcet>
            <maxpow number="0.6955247099569546"/>
            <maxpow number="0.6955247099569546"/>
            <fprob>0.0</fprob>
        </actor>
        <actor name="D0N28">
            <wcet number="0">150</wcet>
            <wcet number="1">180</wcet>
            <maxpow number="0.48405633007091137"/>
            <maxpow number="0.48405633007091137"/>
            <fprob>0.0</fprob>
        </actor>
        <ports>
            <port dstActor="D0N46" name="p0" srcActor="D0N9"/>
            <port dstActor="D0N24" name="p1" srcActor="D0N9"/>
            <port dstActor="D0N41" name="p2" srcActor="D0N9"/>
            <port dstActor="D0N47" name="p3" srcActor="D0N9"/>
            <port dstActor="D0N26" name="p4" srcActor="D0N9"/>
            <port dstActor="D0N27" name="p5" srcActor="D0N9"/>
            <port dstActor="D0N48" name="p6" srcActor="D0N9"/>
            <port dstActor="D0N33" name="p7" srcActor="D0N23"/>
            <port dstActor="D0N46" name="p8" srcActor="D0N23"/>
            <port dstActor="D0N48" name="p9" srcActor="D0N23"/>
            <port dstActor="D0N28" name="p10" srcActor="D0N23"/>
            <port dstActor="D0N34" name="p11" srcActor="D0N19"/>
            <port dstActor="D0N41" name="p12" srcActor="D0N15"/>
            <port dstActor="D0N34" name="p13" srcActor="D0N15"/>
            <port dstActor="D0N35" name="p14" srcActor="D0N15"/>
            <port dstActor="D0N48" name="p15" srcActor="D0N15"/>
            <port dstActor="D0N21" name="p16" srcActor="D0N15"/>
            <port dstActor="D0N22" name="p17" srcActor="D0N15"/>
            <port dstActor="D0N40" name="p18" srcActor="D0N15"/>
            <port dstActor="D0N32" name="p19" srcActor="D0N5"/>
            <port dstActor="D0N38" name="p20" srcActor="D0N5"/>
            <port dstActor="D0N34" name="p21" srcActor="D0N5"/>
            <port dstActor="D0N30" name="p22" srcActor="D0N5"/>
            <port dstActor="D0N47" name="p23" srcActor="D0N5"/>
            <port dstActor="D0N26" name="p24" srcActor="D0N5"/>
            <port dstActor="D0N41" name="p25" srcActor="D0N7"/>
            <port dstActor="D0N15" name="p26" srcActor="D0N7"/>
            <port dstActor="D0N43" name="p27" srcActor="D0N7"/>
            <port dstActor="D0N21" name="p28" srcActor="D0N7"/>
            <port dstActor="D0N14" name="p29" srcActor="D0N10"/>
            <port dstActor="D0N11" name="p30" srcActor="D0N10"/>
            <port dstActor="D0N37" name="p31" srcActor="D0N30"/>
            <port dstActor="D0N36" name="p32" srcActor="D0N30"/>
            <port dstActor="D0N39" name="p33" srcActor="D0N37"/>
            <port dstActor="D0N48" name="p34" srcActor="D0N37"/>
            <port dstActor="D0N35" name="p35" srcActor="D0N34"/>
            <port dstActor="D0N48" name="p36" srcActor="D0N34"/>
            <port dstActor="D0N44" name="p37" srcActor="D0N18"/>
            <port dstActor="D0N27" name="p38" srcActor="D0N18"/>
            <port dstActor="D0N22" name="p39" srcActor="D0N14"/>
            <port dstActor="D0N20" name="p40" srcActor="D0N14"/>
            <port dstActor="D0N31" name="p41" srcActor="D0N14"/>
            <port dstActor="D0N24" name="p42" srcActor="D0N14"/>
            <port dstActor="D0N43" name="p43" srcActor="D0N13"/>
            <port dstActor="D0N30" name="p44" srcActor="D0N13"/>
            <port dstActor="D0N46" name="p45" srcActor="D0N13"/>
            <port dstActor="D0N36" name="p46" srcActor="D0N13"/>
            <port dstActor="D0N41" name="p47" srcActor="D0N13"/>
            <port dstActor="D0N16" name="p48" srcActor="D0N13"/>
            <port dstActor="D0N24" name="p49" srcActor="D0N13"/>
            <port dstActor="D0N38" name="p50" srcActor="D0N13"/>
            <port dstActor="D0N29" name="p51" srcActor="D0N13"/>
            <port dstActor="D0N41" name="p52" srcActor="D0N31"/>
            <port dstActor="D0N49" name="p53" srcActor="D0N31"/>
            <port dstActor="D0N40" name="p54" srcActor="D0N32"/>
            <port dstActor="D0N41" name="p55" srcActor="D0N32"/>
            <port dstActor="D0N35" name="p56" srcActor="D0N32"/>
            <port dstActor="D0N49" name="p57" srcActor="D0N32"/>
            <port dstActor="D0N36" name="p58" srcActor="D0N32"/>
            <port dstActor="D0N42" name="p59" srcActor="D0N32"/>
            <port dstActor="D0N45" name="p60" srcActor="D0N32"/>
            <port dstActor="D0N34" name="p61" srcActor="D0N12"/>
            <port dstActor="D0N42" name="p62" srcActor="D0N12"/>
            <port dstActor="D0N23" name="p63" srcActor="D0N22"/>
            <port dstActor="D0N32" name="p64" srcActor="D0N22"/>
            <port dstActor="D0N35" name="p65" srcActor="D0N22"/>
            <port dstActor="D0N30" name="p66" srcActor="D0N22"/>
            <port dstActor="D0N48" name="p67" srcActor="D0N22"/>
            <port dstActor="D0N47" name="p68" srcActor="D0N11"/>
            <port dstActor="D0N36" name="p69" srcActor="D0N11"/>
            <port dstActor="D0N36" name="p70" srcActor="D0N21"/>
            <port dstActor="D0N42" name="p71" srcActor="D0N21"/>
            <port dstActor="D0N47" name="p72" srcActor="D0N21"/>
            <port dstActor="D0N30" name="p73" srcActor="D0N16"/>
            <port dstActor="D0N19" name="p74" srcActor="D0N4"/>
            <port dstActor="D0N33" name="p75" srcActor="D0N4"/>
            <port dstActor="D0N42" name="p76" srcActor="D0N4"/>
            <port dstActor="D0N39" name="p77" srcActor="D0N4"/>
            <port dstActor="D0N49" name="p78" srcActor="D0N4"/>
            <port dstActor="D0N32" name="p79" srcActor="D0N24"/>
            <port dstActor="D0N43" name="p80" srcActor="D0N24"/>
            <port dstActor="D0N39" name="p81" srcActor="D0N24"/>
            <port dstActor="D0N28" name="p82" srcActor="D0N17"/>
            <port dstActor="D0N26" name="p83" srcActor="D0N17"/>
            <port dstActor="D0N42" name="p84" srcActor="D0N17"/>
            <port dstActor="D0N47" name="p85" srcActor="D0N17"/>
            <port dstActor="D0N49" name="p86" srcActor="D0N17"/>
            <port dstActor="D0N42" name="p87" srcActor="D0N2"/>
            <port dstActor="D0N20" name="p88" srcActor="D0N2"/>
            <port dstActor="D0N45" name="p89" srcActor="D0N2"/>
            <port dstActor="D0N34" name="p90" srcActor="D0N2"/>
            <port dstActor="D0N38" name="p91" srcActor="D0N2"/>
            <port dstActor="D0N18" name="p92" srcActor="D0N2"/>
            <port dstActor="D0N41" name="p93" srcActor="D0N40"/>
            <port dstActor="D0N45" name="p94" srcActor="D0N40"/>
            <port dstActor="D0N42" name="p95" srcActor="D0N40"/>
            <port dstActor="D0N47" name="p96" srcActor="D0N45"/>
            <port dstActor="D0N19" name="p97" srcActor="D0N0"/>
            <port dstActor="D0N27" name="p98" srcActor="D0N0"/>
            <port dstActor="D0N47" name="p99" srcActor="D0N27"/>
            <port dstActor="D0N31" name="p100" srcActor="D0N27"/>
            <port dstActor="D0N38" name="p101" srcActor="D0N27"/>
            <port dstActor="D0N43" name="p102" srcActor="D0N36"/>
            <port dstActor="D0N27" name="p103" srcActor="D0N8"/>
            <port dstActor="D0N10" name="p104" srcActor="D0N8"/>
            <port dstActor="D0N31" name="p105" srcActor="D0N25"/>
            <port dstActor="D0N47" name="p106" srcActor="D0N25"/>
            <port dstActor="D0N30" name="p107" srcActor="D0N29"/>
            <port dstActor="D0N35" name="p108" srcActor="D0N29"/>
            <port dstActor="D0N38" name="p109" srcActor="D0N29"/>
            <port dstActor="D0N12" name="p110" srcActor="D0N6"/>
            <port dstActor="D0N22" name="p111" srcActor="D0N6"/>
            <port dstActor="D0N16" name="p112" srcActor="D0N6"/>
            <port dstActor="D0N22" name="p113" srcActor="D0N20"/>
            <port dstActor="D0N30" name="p114" srcActor="D0N20"/>
            <port dstActor="D0N40" name="p115" srcActor="D0N20"/>
            <port dstActor="D0N47" name="p116" srcActor="D0N20"/>
            <port dstActor="D0N37" name="p117" srcActor="D0N33"/>
            <port dstActor="D0N45" name="p118" srcActor="D0N33"/>
            <port dstActor="D0N43" name="p119" srcActor="D0N33"/>
            <port dstActor="D0N36" name="p120" srcActor="D0N26"/>
            <port dstActor="D0N37" name="p121" srcActor="D0N26"/>
            <port dstActor="D0N16" name="p122" srcActor="D0N3"/>
            <port dstActor="D0N11" name="p123" srcActor="D0N3"/>
            <port dstActor="D0N46" name="p124" srcActor="D0N3"/>
            <port dstActor="D0N10" name="p125" srcActor="D0N3"/>
            <port dstActor="D0N42" name="p126" srcActor="D0N39"/>
            <port dstActor="D0N15" name="p127" srcActor="D0N1"/>
            <port dstActor="D0N46" name="p128" srcActor="D0N1"/>
            <port dstActor="D0N24" name="p129" srcActor="D0N1"/>
            <port dstActor="D0N48" name="p130" srcActor="D0N28"/>
            <port dstActor="D0N38" name="p131" srcActor="D0N28"/>
            <port dstActor="D0N43" name="p132" srcActor="D0N28"/>
            <port dstActor="D0N44" name="p133" srcActor="D0N28"/>
        </ports>
    </mcdag>
    <cores number="3"/>
    <levels number="2"/>
</mcsystem>
