<?xml version="1.0" encoding="UTF-8" standalone="no"?>
<mcsystem>
    <mcdag deadline="3000" name="genned-0-ed-10.0-0">
        <actor name="D0N23">
            <wcet number="0">10</wcet>
            <wcet number="1">30</wcet>
            <maxpow number="0.5438129555001128"/>
            <maxpow number="0.5438129555001128"/>
            <fprob>0.0</fprob>
        </actor>
        <actor name="D0N8">
            <wcet number="0">130</wcet>
            <wcet number="1">200</wcet>
            <maxpow number="-0.02729431608279065"/>
            <maxpow number="-0.02729431608279065"/>
            <fprob>0.0</fprob>
        </actor>
        <actor name="D0N28">
            <wcet number="0">50</wcet>
            <wcet number="1">190</wcet>
            <maxpow number="0.5016547976263569"/>
            <maxpow number="0.5016547976263569"/>
            <fprob>0.0</fprob>
        </actor>
        <actor name="D0N48">
            <wcet number="0">40</wcet>
            <wcet number="1">40</wcet>
            <maxpow number="0.24404325796921889"/>
            <maxpow number="0.24404325796921889"/>
            <fprob>0.0</fprob>
        </actor>
        <actor name="D0N7">
            <wcet number="0">10</wcet>
            <wcet number="1">110</wcet>
            <maxpow number="0.4338426125530656"/>
            <maxpow number="0.4338426125530656"/>
            <fprob>0.0</fprob>
        </actor>
        <actor name="D0N17">
            <wcet number="0">30</wcet>
            <wcet number="1">60</wcet>
            <maxpow number="0.4093213018925229"/>
            <maxpow number="0.4093213018925229"/>
            <fprob>0.0</fprob>
        </actor>
        <actor name="D0N43">
            <wcet number="0">80</wcet>
            <wcet number="1">80</wcet>
            <maxpow number="0.4912292401070743"/>
            <maxpow number="0.4912292401070743"/>
            <fprob>0.0</fprob>
        </actor>
        <actor name="D0N42">
            <wcet number="0">70</wcet>
            <wcet number="1">70</wcet>
            <maxpow number="0.46653016587092766"/>
            <maxpow number="0.46653016587092766"/>
            <fprob>0.0</fprob>
        </actor>
        <actor name="D0N14">
            <wcet number="0">10</wcet>
            <wcet number="1">110</wcet>
            <maxpow number="0.7134988190081571"/>
            <maxpow number="0.7134988190081571"/>
            <fprob>0.0</fprob>
        </actor>
        <actor name="D0N2">
            <wcet number="0">30</wcet>
            <wcet number="1">150</wcet>
            <maxpow number="0.14851575977033799"/>
            <maxpow number="0.14851575977033799"/>
            <fprob>0.0</fprob>
        </actor>
        <actor name="D0N18">
            <wcet number="0">30</wcet>
            <wcet number="1">60</wcet>
            <maxpow number="0.5080069432404413"/>
            <maxpow number="0.5080069432404413"/>
            <fprob>0.0</fprob>
        </actor>
        <actor name="D0N47">
            <wcet number="0">160</wcet>
            <wcet number="1">240</wcet>
            <maxpow number="0.2716876678200733"/>
            <maxpow number="0.2716876678200733"/>
            <fprob>0.0</fprob>
        </actor>
        <actor name="D0N21">
            <wcet number="0">170</wcet>
            <wcet number="1">240</wcet>
            <maxpow number="0.37206922956545474"/>
            <maxpow number="0.37206922956545474"/>
            <fprob>0.0</fprob>
        </actor>
        <actor name="D0N29">
            <wcet number="0">250</wcet>
            <wcet number="1">330</wcet>
            <maxpow number="0.14473947329677023"/>
            <maxpow number="0.14473947329677023"/>
            <fprob>0.0</fprob>
        </actor>
        <actor name="D0N10">
            <wcet number="0">10</wcet>
            <wcet number="1">40</wcet>
            <maxpow number="0.5646964962738132"/>
            <maxpow number="0.5646964962738132"/>
            <fprob>0.0</fprob>
        </actor>
        <actor name="D0N16">
            <wcet number="0">40</wcet>
            <wcet number="1">40</wcet>
            <maxpow number="0.6869769269151371"/>
            <maxpow number="0.6869769269151371"/>
            <fprob>0.0</fprob>
        </actor>
        <actor name="D0N15">
            <wcet number="0">20</wcet>
            <wcet number="1">30</wcet>
            <maxpow number="0.6254265029066501"/>
            <maxpow number="0.6254265029066501"/>
            <fprob>0.0</fprob>
        </actor>
        <actor name="D0N49">
            <wcet number="0">180</wcet>
            <wcet number="1">210</wcet>
            <maxpow number="0.3516900268428541"/>
            <maxpow number="0.3516900268428541"/>
            <fprob>0.0</fprob>
        </actor>
        <actor name="D0N30">
            <wcet number="0">70</wcet>
            <wcet number="1">90</wcet>
            <maxpow number="0.884577489139533"/>
            <maxpow number="0.884577489139533"/>
            <fprob>0.0</fprob>
        </actor>
        <actor name="D0N4">
            <wcet number="0">80</wcet>
            <wcet number="1">160</wcet>
            <maxpow number="0.6222749170056924"/>
            <maxpow number="0.6222749170056924"/>
            <fprob>0.0</fprob>
        </actor>
        <actor name="D0N20">
            <wcet number="0">40</wcet>
            <wcet number="1">120</wcet>
            <maxpow number="0.5019069717875134"/>
            <maxpow number="0.5019069717875134"/>
            <fprob>0.0</fprob>
        </actor>
        <actor name="D0N6">
            <wcet number="0">200</wcet>
            <wcet number="1">200</wcet>
            <maxpow number="0.523913383786912"/>
            <maxpow number="0.523913383786912"/>
            <fprob>0.0</fprob>
        </actor>
        <actor name="D0N22">
            <wcet number="0">20</wcet>
            <wcet number="1">20</wcet>
            <maxpow number="0.44717014154922136"/>
            <maxpow number="0.44717014154922136"/>
            <fprob>0.0</fprob>
        </actor>
        <actor name="D0N24">
            <wcet number="0">550</wcet>
            <wcet number="1">590</wcet>
            <maxpow number="0.78193956994786"/>
            <maxpow number="0.78193956994786"/>
            <fprob>0.0</fprob>
        </actor>
        <actor name="D0N39">
            <wcet number="0">40</wcet>
            <wcet number="1">40</wcet>
            <maxpow number="0.4002312360884755"/>
            <maxpow number="0.4002312360884755"/>
            <fprob>0.0</fprob>
        </actor>
        <actor name="D0N13">
            <wcet number="0">100</wcet>
            <wcet number="1">130</wcet>
            <maxpow number="0.8565479295108451"/>
            <maxpow number="0.8565479295108451"/>
            <fprob>0.0</fprob>
        </actor>
        <actor name="D0N34">
            <wcet number="0">10</wcet>
            <wcet number="1">130</wcet>
            <maxpow number="0.8680670008821896"/>
            <maxpow number="0.8680670008821896"/>
            <fprob>0.0</fprob>
        </actor>
        <actor name="D0N36">
            <wcet number="0">390</wcet>
            <wcet number="1">400</wcet>
            <maxpow number="0.3980845687730877"/>
            <maxpow number="0.3980845687730877"/>
            <fprob>0.0</fprob>
        </actor>
        <actor name="D0N12">
            <wcet number="0">20</wcet>
            <wcet number="1">20</wcet>
            <maxpow number="0.6984837022057354"/>
            <maxpow number="0.6984837022057354"/>
            <fprob>0.0</fprob>
        </actor>
        <actor name="D0N37">
            <wcet number="0">40</wcet>
            <wcet number="1">40</wcet>
            <maxpow number="0.3526939331105843"/>
            <maxpow number="0.3526939331105843"/>
            <fprob>0.0</fprob>
        </actor>
        <actor name="D0N0">
            <wcet number="0">160</wcet>
            <wcet number="1">190</wcet>
            <maxpow number="0.6509085137739155"/>
            <maxpow number="0.6509085137739155"/>
            <fprob>0.0</fprob>
        </actor>
        <actor name="D0N5">
            <wcet number="0">80</wcet>
            <wcet number="1">90</wcet>
            <maxpow number="0.5687778862485046"/>
            <maxpow number="0.5687778862485046"/>
            <fprob>0.0</fprob>
        </actor>
        <actor name="D0N46">
            <wcet number="0">130</wcet>
            <wcet number="1">160</wcet>
            <maxpow number="0.5020165712964094"/>
            <maxpow number="0.5020165712964094"/>
            <fprob>0.0</fprob>
        </actor>
        <actor name="D0N26">
            <wcet number="0">10</wcet>
            <wcet number="1">220</wcet>
            <maxpow number="0.7128648670679183"/>
            <maxpow number="0.7128648670679183"/>
            <fprob>0.0</fprob>
        </actor>
        <actor name="D0N38">
            <wcet number="0">100</wcet>
            <wcet number="1">120</wcet>
            <maxpow number="0.5636017346710079"/>
            <maxpow number="0.5636017346710079"/>
            <fprob>0.0</fprob>
        </actor>
        <actor name="D0N33">
            <wcet number="0">120</wcet>
            <wcet number="1">240</wcet>
            <maxpow number="0.5475690930843078"/>
            <maxpow number="0.5475690930843078"/>
            <fprob>0.0</fprob>
        </actor>
        <actor name="D0N19">
            <wcet number="0">20</wcet>
            <wcet number="1">120</wcet>
            <maxpow number="0.9057343678279737"/>
            <maxpow number="0.9057343678279737"/>
            <fprob>0.0</fprob>
        </actor>
        <actor name="D0N27">
            <wcet number="0">120</wcet>
            <wcet number="1">240</wcet>
            <maxpow number="0.5281871406167998"/>
            <maxpow number="0.5281871406167998"/>
            <fprob>0.0</fprob>
        </actor>
        <actor name="D0N3">
            <wcet number="0">10</wcet>
            <wcet number="1">340</wcet>
            <maxpow number="0.8492859182034862"/>
            <maxpow number="0.8492859182034862"/>
            <fprob>0.0</fprob>
        </actor>
        <actor name="D0N11">
            <wcet number="0">60</wcet>
            <wcet number="1">120</wcet>
            <maxpow number="0.8425899621785403"/>
            <maxpow number="0.8425899621785403"/>
            <fprob>0.0</fprob>
        </actor>
        <actor name="D0N1">
            <wcet number="0">10</wcet>
            <wcet number="1">10</wcet>
            <maxpow number="0.46280167437956016"/>
            <maxpow number="0.46280167437956016"/>
            <fprob>0.0</fprob>
        </actor>
        <actor name="D0N9">
            <wcet number="0">60</wcet>
            <wcet number="1">80</wcet>
            <maxpow number="0.572385875404036"/>
            <maxpow number="0.572385875404036"/>
            <fprob>0.0</fprob>
        </actor>
        <actor name="D0N45">
            <wcet number="0">50</wcet>
            <wcet number="1">80</wcet>
            <maxpow number="0.35503653500949184"/>
            <maxpow number="0.35503653500949184"/>
            <fprob>0.0</fprob>
        </actor>
        <actor name="D0N41">
            <wcet number="0">590</wcet>
            <wcet number="1">640</wcet>
            <maxpow number="0.969372280253628"/>
            <maxpow number="0.969372280253628"/>
            <fprob>0.0</fprob>
        </actor>
        <actor name="D0N35">
            <wcet number="0">60</wcet>
            <wcet number="1">150</wcet>
            <maxpow number="0.574821487022448"/>
            <maxpow number="0.574821487022448"/>
            <fprob>0.0</fprob>
        </actor>
        <actor name="D0N25">
            <wcet number="0">30</wcet>
            <wcet number="1">420</wcet>
            <maxpow number="0.7403409989602103"/>
            <maxpow number="0.7403409989602103"/>
            <fprob>0.0</fprob>
        </actor>
        <actor name="D0N32">
            <wcet number="0">160</wcet>
            <wcet number="1">420</wcet>
            <maxpow number="0.10790991458514732"/>
            <maxpow number="0.10790991458514732"/>
            <fprob>0.0</fprob>
        </actor>
        <actor name="D0N44">
            <wcet number="0">160</wcet>
            <wcet number="1">240</wcet>
            <maxpow number="0.7226162338695398"/>
            <maxpow number="0.7226162338695398"/>
            <fprob>0.0</fprob>
        </actor>
        <actor name="D0N40">
            <wcet number="0">160</wcet>
            <wcet number="1">180</wcet>
            <maxpow number="0.6512977244385008"/>
            <maxpow number="0.6512977244385008"/>
            <fprob>0.0</fprob>
        </actor>
        <actor name="D0N31">
            <wcet number="0">20</wcet>
            <wcet number="1">170</wcet>
            <maxpow number="0.6794567654344001"/>
            <maxpow number="0.6794567654344001"/>
            <fprob>0.0</fprob>
        </actor>
        <ports>
            <port dstActor="D0N45" name="p0" srcActor="D0N23"/>
            <port dstActor="D0N34" name="p1" srcActor="D0N23"/>
            <port dstActor="D0N19" name="p2" srcActor="D0N8"/>
            <port dstActor="D0N12" name="p3" srcActor="D0N8"/>
            <port dstActor="D0N17" name="p4" srcActor="D0N8"/>
            <port dstActor="D0N26" name="p5" srcActor="D0N8"/>
            <port dstActor="D0N9" name="p6" srcActor="D0N8"/>
            <port dstActor="D0N11" name="p7" srcActor="D0N8"/>
            <port dstActor="D0N13" name="p8" srcActor="D0N8"/>
            <port dstActor="D0N39" name="p9" srcActor="D0N28"/>
            <port dstActor="D0N44" name="p10" srcActor="D0N28"/>
            <port dstActor="D0N49" name="p11" srcActor="D0N48"/>
            <port dstActor="D0N16" name="p12" srcActor="D0N7"/>
            <port dstActor="D0N28" name="p13" srcActor="D0N7"/>
            <port dstActor="D0N19" name="p14" srcActor="D0N17"/>
            <port dstActor="D0N30" name="p15" srcActor="D0N17"/>
            <port dstActor="D0N49" name="p16" srcActor="D0N43"/>
            <port dstActor="D0N47" name="p17" srcActor="D0N14"/>
            <port dstActor="D0N17" name="p18" srcActor="D0N14"/>
            <port dstActor="D0N41" name="p19" srcActor="D0N14"/>
            <port dstActor="D0N30" name="p20" srcActor="D0N2"/>
            <port dstActor="D0N4" name="p21" srcActor="D0N2"/>
            <port dstActor="D0N46" name="p22" srcActor="D0N2"/>
            <port dstActor="D0N14" name="p23" srcActor="D0N2"/>
            <port dstActor="D0N13" name="p24" srcActor="D0N2"/>
            <port dstActor="D0N38" name="p25" srcActor="D0N2"/>
            <port dstActor="D0N23" name="p26" srcActor="D0N18"/>
            <port dstActor="D0N44" name="p27" srcActor="D0N18"/>
            <port dstActor="D0N32" name="p28" srcActor="D0N18"/>
            <port dstActor="D0N47" name="p29" srcActor="D0N18"/>
            <port dstActor="D0N37" name="p30" srcActor="D0N21"/>
            <port dstActor="D0N25" name="p31" srcActor="D0N21"/>
            <port dstActor="D0N26" name="p32" srcActor="D0N21"/>
            <port dstActor="D0N41" name="p33" srcActor="D0N21"/>
            <port dstActor="D0N23" name="p34" srcActor="D0N21"/>
            <port dstActor="D0N40" name="p35" srcActor="D0N29"/>
            <port dstActor="D0N45" name="p36" srcActor="D0N29"/>
            <port dstActor="D0N39" name="p37" srcActor="D0N29"/>
            <port dstActor="D0N11" name="p38" srcActor="D0N10"/>
            <port dstActor="D0N41" name="p39" srcActor="D0N10"/>
            <port dstActor="D0N17" name="p40" srcActor="D0N16"/>
            <port dstActor="D0N45" name="p41" srcActor="D0N16"/>
            <port dstActor="D0N39" name="p42" srcActor="D0N16"/>
            <port dstActor="D0N41" name="p43" srcActor="D0N16"/>
            <port dstActor="D0N38" name="p44" srcActor="D0N15"/>
            <port dstActor="D0N40" name="p45" srcActor="D0N15"/>
            <port dstActor="D0N48" name="p46" srcActor="D0N15"/>
            <port dstActor="D0N46" name="p47" srcActor="D0N15"/>
            <port dstActor="D0N44" name="p48" srcActor="D0N30"/>
            <port dstActor="D0N10" name="p49" srcActor="D0N4"/>
            <port dstActor="D0N25" name="p50" srcActor="D0N4"/>
            <port dstActor="D0N37" name="p51" srcActor="D0N4"/>
            <port dstActor="D0N40" name="p52" srcActor="D0N4"/>
            <port dstActor="D0N21" name="p53" srcActor="D0N4"/>
            <port dstActor="D0N13" name="p54" srcActor="D0N4"/>
            <port dstActor="D0N49" name="p55" srcActor="D0N20"/>
            <port dstActor="D0N38" name="p56" srcActor="D0N20"/>
            <port dstActor="D0N39" name="p57" srcActor="D0N20"/>
            <port dstActor="D0N35" name="p58" srcActor="D0N6"/>
            <port dstActor="D0N45" name="p59" srcActor="D0N6"/>
            <port dstActor="D0N25" name="p60" srcActor="D0N6"/>
            <port dstActor="D0N13" name="p61" srcActor="D0N6"/>
            <port dstActor="D0N39" name="p62" srcActor="D0N6"/>
            <port dstActor="D0N23" name="p63" srcActor="D0N22"/>
            <port dstActor="D0N26" name="p64" srcActor="D0N22"/>
            <port dstActor="D0N33" name="p65" srcActor="D0N22"/>
            <port dstActor="D0N28" name="p66" srcActor="D0N22"/>
            <port dstActor="D0N37" name="p67" srcActor="D0N22"/>
            <port dstActor="D0N27" name="p68" srcActor="D0N22"/>
            <port dstActor="D0N39" name="p69" srcActor="D0N24"/>
            <port dstActor="D0N40" name="p70" srcActor="D0N24"/>
            <port dstActor="D0N27" name="p71" srcActor="D0N13"/>
            <port dstActor="D0N49" name="p72" srcActor="D0N13"/>
            <port dstActor="D0N34" name="p73" srcActor="D0N13"/>
            <port dstActor="D0N27" name="p74" srcActor="D0N12"/>
            <port dstActor="D0N44" name="p75" srcActor="D0N37"/>
            <port dstActor="D0N13" name="p76" srcActor="D0N0"/>
            <port dstActor="D0N37" name="p77" srcActor="D0N0"/>
            <port dstActor="D0N11" name="p78" srcActor="D0N0"/>
            <port dstActor="D0N47" name="p79" srcActor="D0N0"/>
            <port dstActor="D0N14" name="p80" srcActor="D0N0"/>
            <port dstActor="D0N19" name="p81" srcActor="D0N0"/>
            <port dstActor="D0N49" name="p82" srcActor="D0N0"/>
            <port dstActor="D0N35" name="p83" srcActor="D0N5"/>
            <port dstActor="D0N14" name="p84" srcActor="D0N5"/>
            <port dstActor="D0N20" name="p85" srcActor="D0N5"/>
            <port dstActor="D0N26" name="p86" srcActor="D0N5"/>
            <port dstActor="D0N34" name="p87" srcActor="D0N5"/>
            <port dstActor="D0N15" name="p88" srcActor="D0N5"/>
            <port dstActor="D0N16" name="p89" srcActor="D0N5"/>
            <port dstActor="D0N23" name="p90" srcActor="D0N5"/>
            <port dstActor="D0N27" name="p91" srcActor="D0N5"/>
            <port dstActor="D0N48" name="p92" srcActor="D0N46"/>
            <port dstActor="D0N32" name="p93" srcActor="D0N26"/>
            <port dstActor="D0N42" name="p94" srcActor="D0N26"/>
            <port dstActor="D0N43" name="p95" srcActor="D0N26"/>
            <port dstActor="D0N31" name="p96" srcActor="D0N26"/>
            <port dstActor="D0N43" name="p97" srcActor="D0N33"/>
            <port dstActor="D0N48" name="p98" srcActor="D0N33"/>
            <port dstActor="D0N45" name="p99" srcActor="D0N33"/>
            <port dstActor="D0N46" name="p100" srcActor="D0N19"/>
            <port dstActor="D0N40" name="p101" srcActor="D0N27"/>
            <port dstActor="D0N28" name="p102" srcActor="D0N27"/>
            <port dstActor="D0N34" name="p103" srcActor="D0N27"/>
            <port dstActor="D0N38" name="p104" srcActor="D0N3"/>
            <port dstActor="D0N15" name="p105" srcActor="D0N3"/>
            <port dstActor="D0N26" name="p106" srcActor="D0N3"/>
            <port dstActor="D0N6" name="p107" srcActor="D0N3"/>
            <port dstActor="D0N39" name="p108" srcActor="D0N11"/>
            <port dstActor="D0N41" name="p109" srcActor="D0N11"/>
            <port dstActor="D0N34" name="p110" srcActor="D0N1"/>
            <port dstActor="D0N42" name="p111" srcActor="D0N1"/>
            <port dstActor="D0N4" name="p112" srcActor="D0N1"/>
            <port dstActor="D0N14" name="p113" srcActor="D0N9"/>
            <port dstActor="D0N31" name="p114" srcActor="D0N9"/>
            <port dstActor="D0N35" name="p115" srcActor="D0N9"/>
            <port dstActor="D0N45" name="p116" srcActor="D0N9"/>
            <port dstActor="D0N15" name="p117" srcActor="D0N9"/>
            <port dstActor="D0N46" name="p118" srcActor="D0N45"/>
            <port dstActor="D0N49" name="p119" srcActor="D0N35"/>
            <port dstActor="D0N37" name="p120" srcActor="D0N35"/>
            <port dstActor="D0N28" name="p121" srcActor="D0N25"/>
            <port dstActor="D0N43" name="p122" srcActor="D0N25"/>
            <port dstActor="D0N34" name="p123" srcActor="D0N32"/>
            <port dstActor="D0N49" name="p124" srcActor="D0N44"/>
            <port dstActor="D0N46" name="p125" srcActor="D0N40"/>
            <port dstActor="D0N41" name="p126" srcActor="D0N40"/>
        </ports>
    </mcdag>
    <cores number="3"/>
    <levels number="2"/>
</mcsystem>
