<?xml version="1.0" encoding="UTF-8" standalone="no"?>
<mcsystem>
    <mcdag deadline="4000" name="genned-0-ed-10.0-0">
        <actor name="D0N41">
            <wcet number="0">50</wcet>
            <wcet number="1">70</wcet>
            <maxpow number="0.6328101275220456"/>
            <maxpow number="0.6328101275220456"/>
            <fprob>0.0</fprob>
        </actor>
        <actor name="D0N18">
            <wcet number="0">30</wcet>
            <wcet number="1">240</wcet>
            <maxpow number="0.7291787687076596"/>
            <maxpow number="0.7291787687076596"/>
            <fprob>0.0</fprob>
        </actor>
        <actor name="D0N48">
            <wcet number="0">90</wcet>
            <wcet number="1">90</wcet>
            <maxpow number="0.44454507317712477"/>
            <maxpow number="0.44454507317712477"/>
            <fprob>0.0</fprob>
        </actor>
        <actor name="D0N33">
            <wcet number="0">140</wcet>
            <wcet number="1">170</wcet>
            <maxpow number="0.2963921534812469"/>
            <maxpow number="0.2963921534812469"/>
            <fprob>0.0</fprob>
        </actor>
        <actor name="D0N25">
            <wcet number="0">50</wcet>
            <wcet number="1">190</wcet>
            <maxpow number="0.39398337420017765"/>
            <maxpow number="0.39398337420017765"/>
            <fprob>0.0</fprob>
        </actor>
        <actor name="D0N43">
            <wcet number="0">70</wcet>
            <wcet number="1">220</wcet>
            <maxpow number="0.74686154463365"/>
            <maxpow number="0.74686154463365"/>
            <fprob>0.0</fprob>
        </actor>
        <actor name="D0N7">
            <wcet number="0">10</wcet>
            <wcet number="1">80</wcet>
            <maxpow number="0.5692256695999219"/>
            <maxpow number="0.5692256695999219"/>
            <fprob>0.0</fprob>
        </actor>
        <actor name="D0N32">
            <wcet number="0">80</wcet>
            <wcet number="1">110</wcet>
            <maxpow number="0.2953062245244812"/>
            <maxpow number="0.2953062245244812"/>
            <fprob>0.0</fprob>
        </actor>
        <actor name="D0N37">
            <wcet number="0">60</wcet>
            <wcet number="1">60</wcet>
            <maxpow number="0.19186128091857668"/>
            <maxpow number="0.19186128091857668"/>
            <fprob>0.0</fprob>
        </actor>
        <actor name="D0N40">
            <wcet number="0">50</wcet>
            <wcet number="1">370</wcet>
            <maxpow number="0.4030249746086427"/>
            <maxpow number="0.4030249746086427"/>
            <fprob>0.0</fprob>
        </actor>
        <actor name="D0N42">
            <wcet number="0">100</wcet>
            <wcet number="1">140</wcet>
            <maxpow number="0.6794997933379223"/>
            <maxpow number="0.6794997933379223"/>
            <fprob>0.0</fprob>
        </actor>
        <actor name="D0N46">
            <wcet number="0">180</wcet>
            <wcet number="1">310</wcet>
            <maxpow number="0.3821789252203409"/>
            <maxpow number="0.3821789252203409"/>
            <fprob>0.0</fprob>
        </actor>
        <actor name="D0N2">
            <wcet number="0">20</wcet>
            <wcet number="1">20</wcet>
            <maxpow number="0.26696815306261307"/>
            <maxpow number="0.26696815306261307"/>
            <fprob>0.0</fprob>
        </actor>
        <actor name="D0N28">
            <wcet number="0">140</wcet>
            <wcet number="1">150</wcet>
            <maxpow number="0.7548640562038529"/>
            <maxpow number="0.7548640562038529"/>
            <fprob>0.0</fprob>
        </actor>
        <actor name="D0N12">
            <wcet number="0">20</wcet>
            <wcet number="1">110</wcet>
            <maxpow number="0.8252181495248979"/>
            <maxpow number="0.8252181495248979"/>
            <fprob>0.0</fprob>
        </actor>
        <actor name="D0N20">
            <wcet number="0">160</wcet>
            <wcet number="1">180</wcet>
            <maxpow number="0.35097928048247473"/>
            <maxpow number="0.35097928048247473"/>
            <fprob>0.0</fprob>
        </actor>
        <actor name="D0N6">
            <wcet number="0">20</wcet>
            <wcet number="1">90</wcet>
            <maxpow number="0.8011715490208156"/>
            <maxpow number="0.8011715490208156"/>
            <fprob>0.0</fprob>
        </actor>
        <actor name="D0N24">
            <wcet number="0">10</wcet>
            <wcet number="1">10</wcet>
            <maxpow number="0.5847179715534752"/>
            <maxpow number="0.5847179715534752"/>
            <fprob>0.0</fprob>
        </actor>
        <actor name="D0N13">
            <wcet number="0">10</wcet>
            <wcet number="1">10</wcet>
            <maxpow number="0.7385302779091206"/>
            <maxpow number="0.7385302779091206"/>
            <fprob>0.0</fprob>
        </actor>
        <actor name="D0N22">
            <wcet number="0">50</wcet>
            <wcet number="1">90</wcet>
            <maxpow number="0.7035112878649941"/>
            <maxpow number="0.7035112878649941"/>
            <fprob>0.0</fprob>
        </actor>
        <actor name="D0N30">
            <wcet number="0">110</wcet>
            <wcet number="1">540</wcet>
            <maxpow number="0.7407121112634649"/>
            <maxpow number="0.7407121112634649"/>
            <fprob>0.0</fprob>
        </actor>
        <actor name="D0N5">
            <wcet number="0">10</wcet>
            <wcet number="1">10</wcet>
            <maxpow number="0.530519197429671"/>
            <maxpow number="0.530519197429671"/>
            <fprob>0.0</fprob>
        </actor>
        <actor name="D0N47">
            <wcet number="0">280</wcet>
            <wcet number="1">300</wcet>
            <maxpow number="0.3580389862885773"/>
            <maxpow number="0.3580389862885773"/>
            <fprob>0.0</fprob>
        </actor>
        <actor name="D0N27">
            <wcet number="0">40</wcet>
            <wcet number="1">40</wcet>
            <maxpow number="0.700216252361842"/>
            <maxpow number="0.700216252361842"/>
            <fprob>0.0</fprob>
        </actor>
        <actor name="D0N29">
            <wcet number="0">50</wcet>
            <wcet number="1">160</wcet>
            <maxpow number="0.5445057588254468"/>
            <maxpow number="0.5445057588254468"/>
            <fprob>0.0</fprob>
        </actor>
        <actor name="D0N16">
            <wcet number="0">180</wcet>
            <wcet number="1">210</wcet>
            <maxpow number="0.7031691005653732"/>
            <maxpow number="0.7031691005653732"/>
            <fprob>0.0</fprob>
        </actor>
        <actor name="D0N4">
            <wcet number="0">40</wcet>
            <wcet number="1">40</wcet>
            <maxpow number="0.2862892631608617"/>
            <maxpow number="0.2862892631608617"/>
            <fprob>0.0</fprob>
        </actor>
        <actor name="D0N3">
            <wcet number="0">200</wcet>
            <wcet number="1">390</wcet>
            <maxpow number="0.6970804317707961"/>
            <maxpow number="0.6970804317707961"/>
            <fprob>0.0</fprob>
        </actor>
        <actor name="D0N1">
            <wcet number="0">70</wcet>
            <wcet number="1">70</wcet>
            <maxpow number="0.7633264336109868"/>
            <maxpow number="0.7633264336109868"/>
            <fprob>0.0</fprob>
        </actor>
        <actor name="D0N39">
            <wcet number="0">20</wcet>
            <wcet number="1">40</wcet>
            <maxpow number="0.5399186919905389"/>
            <maxpow number="0.5399186919905389"/>
            <fprob>0.0</fprob>
        </actor>
        <actor name="D0N15">
            <wcet number="0">60</wcet>
            <wcet number="1">60</wcet>
            <maxpow number="0.5305927456364473"/>
            <maxpow number="0.5305927456364473"/>
            <fprob>0.0</fprob>
        </actor>
        <actor name="D0N21">
            <wcet number="0">10</wcet>
            <wcet number="1">20</wcet>
            <maxpow number="0.2666538273381405"/>
            <maxpow number="0.2666538273381405"/>
            <fprob>0.0</fprob>
        </actor>
        <actor name="D0N26">
            <wcet number="0">130</wcet>
            <wcet number="1">400</wcet>
            <maxpow number="0.5832021807787733"/>
            <maxpow number="0.5832021807787733"/>
            <fprob>0.0</fprob>
        </actor>
        <actor name="D0N10">
            <wcet number="0">200</wcet>
            <wcet number="1">200</wcet>
            <maxpow number="0.47146957251116545"/>
            <maxpow number="0.47146957251116545"/>
            <fprob>0.0</fprob>
        </actor>
        <actor name="D0N44">
            <wcet number="0">50</wcet>
            <wcet number="1">250</wcet>
            <maxpow number="0.7099213787732044"/>
            <maxpow number="0.7099213787732044"/>
            <fprob>0.0</fprob>
        </actor>
        <actor name="D0N0">
            <wcet number="0">190</wcet>
            <wcet number="1">240</wcet>
            <maxpow number="0.7224486572410158"/>
            <maxpow number="0.7224486572410158"/>
            <fprob>0.0</fprob>
        </actor>
        <actor name="D0N35">
            <wcet number="0">60</wcet>
            <wcet number="1">90</wcet>
            <maxpow number="0.6729893567114487"/>
            <maxpow number="0.6729893567114487"/>
            <fprob>0.0</fprob>
        </actor>
        <actor name="D0N17">
            <wcet number="0">110</wcet>
            <wcet number="1">190</wcet>
            <maxpow number="0.6048433938220262"/>
            <maxpow number="0.6048433938220262"/>
            <fprob>0.0</fprob>
        </actor>
        <actor name="D0N36">
            <wcet number="0">10</wcet>
            <wcet number="1">20</wcet>
            <maxpow number="0.4748971851363868"/>
            <maxpow number="0.4748971851363868"/>
            <fprob>0.0</fprob>
        </actor>
        <actor name="D0N23">
            <wcet number="0">40</wcet>
            <wcet number="1">70</wcet>
            <maxpow number="0.25233602077509315"/>
            <maxpow number="0.25233602077509315"/>
            <fprob>0.0</fprob>
        </actor>
        <actor name="D0N8">
            <wcet number="0">60</wcet>
            <wcet number="1">260</wcet>
            <maxpow number="0.25499219047595517"/>
            <maxpow number="0.25499219047595517"/>
            <fprob>0.0</fprob>
        </actor>
        <actor name="D0N38">
            <wcet number="0">20</wcet>
            <wcet number="1">20</wcet>
            <maxpow number="0.762351340402144"/>
            <maxpow number="0.762351340402144"/>
            <fprob>0.0</fprob>
        </actor>
        <actor name="D0N34">
            <wcet number="0">30</wcet>
            <wcet number="1">160</wcet>
            <maxpow number="-0.0014701990526737596"/>
            <maxpow number="-0.0014701990526737596"/>
            <fprob>0.0</fprob>
        </actor>
        <actor name="D0N11">
            <wcet number="0">170</wcet>
            <wcet number="1">210</wcet>
            <maxpow number="0.664807844528812"/>
            <maxpow number="0.664807844528812"/>
            <fprob>0.0</fprob>
        </actor>
        <actor name="D0N19">
            <wcet number="0">590</wcet>
            <wcet number="1">680</wcet>
            <maxpow number="0.6167555831716592"/>
            <maxpow number="0.6167555831716592"/>
            <fprob>0.0</fprob>
        </actor>
        <actor name="D0N31">
            <wcet number="0">40</wcet>
            <wcet number="1">140</wcet>
            <maxpow number="0.5583382633655547"/>
            <maxpow number="0.5583382633655547"/>
            <fprob>0.0</fprob>
        </actor>
        <actor name="D0N14">
            <wcet number="0">220</wcet>
            <wcet number="1">220</wcet>
            <maxpow number="0.676395640373425"/>
            <maxpow number="0.676395640373425"/>
            <fprob>0.0</fprob>
        </actor>
        <actor name="D0N45">
            <wcet number="0">60</wcet>
            <wcet number="1">120</wcet>
            <maxpow number="0.54299413754664"/>
            <maxpow number="0.54299413754664"/>
            <fprob>0.0</fprob>
        </actor>
        <actor name="D0N9">
            <wcet number="0">20</wcet>
            <wcet number="1">140</wcet>
            <maxpow number="0.5092613230273917"/>
            <maxpow number="0.5092613230273917"/>
            <fprob>0.0</fprob>
        </actor>
        <ports>
            <port dstActor="D0N46" name="p0" srcActor="D0N18"/>
            <port dstActor="D0N41" name="p1" srcActor="D0N18"/>
            <port dstActor="D0N19" name="p2" srcActor="D0N18"/>
            <port dstActor="D0N28" name="p3" srcActor="D0N18"/>
            <port dstActor="D0N34" name="p4" srcActor="D0N33"/>
            <port dstActor="D0N45" name="p5" srcActor="D0N33"/>
            <port dstActor="D0N48" name="p6" srcActor="D0N25"/>
            <port dstActor="D0N15" name="p7" srcActor="D0N7"/>
            <port dstActor="D0N10" name="p8" srcActor="D0N7"/>
            <port dstActor="D0N44" name="p9" srcActor="D0N37"/>
            <port dstActor="D0N39" name="p10" srcActor="D0N37"/>
            <port dstActor="D0N44" name="p11" srcActor="D0N2"/>
            <port dstActor="D0N37" name="p12" srcActor="D0N2"/>
            <port dstActor="D0N20" name="p13" srcActor="D0N2"/>
            <port dstActor="D0N38" name="p14" srcActor="D0N28"/>
            <port dstActor="D0N21" name="p15" srcActor="D0N12"/>
            <port dstActor="D0N28" name="p16" srcActor="D0N12"/>
            <port dstActor="D0N25" name="p17" srcActor="D0N12"/>
            <port dstActor="D0N15" name="p18" srcActor="D0N12"/>
            <port dstActor="D0N46" name="p19" srcActor="D0N12"/>
            <port dstActor="D0N44" name="p20" srcActor="D0N20"/>
            <port dstActor="D0N32" name="p21" srcActor="D0N6"/>
            <port dstActor="D0N14" name="p22" srcActor="D0N6"/>
            <port dstActor="D0N36" name="p23" srcActor="D0N6"/>
            <port dstActor="D0N8" name="p24" srcActor="D0N6"/>
            <port dstActor="D0N29" name="p25" srcActor="D0N24"/>
            <port dstActor="D0N23" name="p26" srcActor="D0N13"/>
            <port dstActor="D0N24" name="p27" srcActor="D0N13"/>
            <port dstActor="D0N26" name="p28" srcActor="D0N13"/>
            <port dstActor="D0N28" name="p29" srcActor="D0N13"/>
            <port dstActor="D0N22" name="p30" srcActor="D0N13"/>
            <port dstActor="D0N36" name="p31" srcActor="D0N13"/>
            <port dstActor="D0N30" name="p32" srcActor="D0N22"/>
            <port dstActor="D0N32" name="p33" srcActor="D0N22"/>
            <port dstActor="D0N46" name="p34" srcActor="D0N22"/>
            <port dstActor="D0N41" name="p35" srcActor="D0N30"/>
            <port dstActor="D0N32" name="p36" srcActor="D0N30"/>
            <port dstActor="D0N45" name="p37" srcActor="D0N30"/>
            <port dstActor="D0N48" name="p38" srcActor="D0N30"/>
            <port dstActor="D0N47" name="p39" srcActor="D0N5"/>
            <port dstActor="D0N26" name="p40" srcActor="D0N5"/>
            <port dstActor="D0N38" name="p41" srcActor="D0N5"/>
            <port dstActor="D0N7" name="p42" srcActor="D0N5"/>
            <port dstActor="D0N25" name="p43" srcActor="D0N5"/>
            <port dstActor="D0N33" name="p44" srcActor="D0N5"/>
            <port dstActor="D0N30" name="p45" srcActor="D0N5"/>
            <port dstActor="D0N41" name="p46" srcActor="D0N27"/>
            <port dstActor="D0N30" name="p47" srcActor="D0N27"/>
            <port dstActor="D0N45" name="p48" srcActor="D0N27"/>
            <port dstActor="D0N46" name="p49" srcActor="D0N16"/>
            <port dstActor="D0N20" name="p50" srcActor="D0N16"/>
            <port dstActor="D0N15" name="p51" srcActor="D0N4"/>
            <port dstActor="D0N26" name="p52" srcActor="D0N4"/>
            <port dstActor="D0N42" name="p53" srcActor="D0N4"/>
            <port dstActor="D0N48" name="p54" srcActor="D0N4"/>
            <port dstActor="D0N44" name="p55" srcActor="D0N4"/>
            <port dstActor="D0N18" name="p56" srcActor="D0N4"/>
            <port dstActor="D0N32" name="p57" srcActor="D0N3"/>
            <port dstActor="D0N29" name="p58" srcActor="D0N3"/>
            <port dstActor="D0N44" name="p59" srcActor="D0N3"/>
            <port dstActor="D0N4" name="p60" srcActor="D0N3"/>
            <port dstActor="D0N6" name="p61" srcActor="D0N3"/>
            <port dstActor="D0N48" name="p62" srcActor="D0N3"/>
            <port dstActor="D0N9" name="p63" srcActor="D0N3"/>
            <port dstActor="D0N8" name="p64" srcActor="D0N3"/>
            <port dstActor="D0N35" name="p65" srcActor="D0N1"/>
            <port dstActor="D0N41" name="p66" srcActor="D0N1"/>
            <port dstActor="D0N48" name="p67" srcActor="D0N39"/>
            <port dstActor="D0N25" name="p68" srcActor="D0N15"/>
            <port dstActor="D0N35" name="p69" srcActor="D0N15"/>
            <port dstActor="D0N46" name="p70" srcActor="D0N15"/>
            <port dstActor="D0N26" name="p71" srcActor="D0N15"/>
            <port dstActor="D0N24" name="p72" srcActor="D0N21"/>
            <port dstActor="D0N44" name="p73" srcActor="D0N10"/>
            <port dstActor="D0N26" name="p74" srcActor="D0N10"/>
            <port dstActor="D0N45" name="p75" srcActor="D0N10"/>
            <port dstActor="D0N37" name="p76" srcActor="D0N35"/>
            <port dstActor="D0N46" name="p77" srcActor="D0N17"/>
            <port dstActor="D0N30" name="p78" srcActor="D0N17"/>
            <port dstActor="D0N43" name="p79" srcActor="D0N17"/>
            <port dstActor="D0N35" name="p80" srcActor="D0N17"/>
            <port dstActor="D0N40" name="p81" srcActor="D0N23"/>
            <port dstActor="D0N42" name="p82" srcActor="D0N23"/>
            <port dstActor="D0N19" name="p83" srcActor="D0N8"/>
            <port dstActor="D0N28" name="p84" srcActor="D0N8"/>
            <port dstActor="D0N12" name="p85" srcActor="D0N8"/>
            <port dstActor="D0N13" name="p86" srcActor="D0N8"/>
            <port dstActor="D0N25" name="p87" srcActor="D0N8"/>
            <port dstActor="D0N18" name="p88" srcActor="D0N8"/>
            <port dstActor="D0N39" name="p89" srcActor="D0N8"/>
            <port dstActor="D0N42" name="p90" srcActor="D0N34"/>
            <port dstActor="D0N46" name="p91" srcActor="D0N11"/>
            <port dstActor="D0N24" name="p92" srcActor="D0N11"/>
            <port dstActor="D0N23" name="p93" srcActor="D0N11"/>
            <port dstActor="D0N36" name="p94" srcActor="D0N11"/>
            <port dstActor="D0N37" name="p95" srcActor="D0N19"/>
            <port dstActor="D0N26" name="p96" srcActor="D0N19"/>
            <port dstActor="D0N30" name="p97" srcActor="D0N19"/>
            <port dstActor="D0N38" name="p98" srcActor="D0N31"/>
            <port dstActor="D0N42" name="p99" srcActor="D0N31"/>
            <port dstActor="D0N32" name="p100" srcActor="D0N14"/>
            <port dstActor="D0N36" name="p101" srcActor="D0N14"/>
            <port dstActor="D0N44" name="p102" srcActor="D0N14"/>
            <port dstActor="D0N46" name="p103" srcActor="D0N45"/>
            <port dstActor="D0N42" name="p104" srcActor="D0N9"/>
            <port dstActor="D0N38" name="p105" srcActor="D0N9"/>
        </ports>
    </mcdag>
    <cores number="2"/>
    <levels number="2"/>
</mcsystem>
