<?xml version="1.0" encoding="UTF-8" standalone="no"?>
<mcsystem>
    <mcdag deadline="5000" name="genned-0-ed-10.0-0">
        <actor name="D0N33">
            <wcet number="0">10</wcet>
            <wcet number="1">260</wcet>
            <maxpow number="0.5044450611040711"/>
            <maxpow number="0.5044450611040711"/>
            <fprob>0.0</fprob>
        </actor>
        <actor name="D0N11">
            <wcet number="0">50</wcet>
            <wcet number="1">50</wcet>
            <maxpow number="0.3395141641818078"/>
            <maxpow number="0.3395141641818078"/>
            <fprob>0.0</fprob>
        </actor>
        <actor name="D0N48">
            <wcet number="0">50</wcet>
            <wcet number="1">290</wcet>
            <maxpow number="0.6443570547461804"/>
            <maxpow number="0.6443570547461804"/>
            <fprob>0.0</fprob>
        </actor>
        <actor name="D0N47">
            <wcet number="0">80</wcet>
            <wcet number="1">180</wcet>
            <maxpow number="0.2292691064787516"/>
            <maxpow number="0.2292691064787516"/>
            <fprob>0.0</fprob>
        </actor>
        <actor name="D0N9">
            <wcet number="0">10</wcet>
            <wcet number="1">10</wcet>
            <maxpow number="0.6997508012924751"/>
            <maxpow number="0.6997508012924751"/>
            <fprob>0.0</fprob>
        </actor>
        <actor name="D0N39">
            <wcet number="0">210</wcet>
            <wcet number="1">230</wcet>
            <maxpow number="0.32509175353423597"/>
            <maxpow number="0.32509175353423597"/>
            <fprob>0.0</fprob>
        </actor>
        <actor name="D0N18">
            <wcet number="0">120</wcet>
            <wcet number="1">130</wcet>
            <maxpow number="0.7348923555485293"/>
            <maxpow number="0.7348923555485293"/>
            <fprob>0.0</fprob>
        </actor>
        <actor name="D0N21">
            <wcet number="0">370</wcet>
            <wcet number="1">410</wcet>
            <maxpow number="0.47222861370615177"/>
            <maxpow number="0.47222861370615177"/>
            <fprob>0.0</fprob>
        </actor>
        <actor name="D0N2">
            <wcet number="0">40</wcet>
            <wcet number="1">90</wcet>
            <maxpow number="0.4614797831211814"/>
            <maxpow number="0.4614797831211814"/>
            <fprob>0.0</fprob>
        </actor>
        <actor name="D0N6">
            <wcet number="0">340</wcet>
            <wcet number="1">390</wcet>
            <maxpow number="0.6839554821491656"/>
            <maxpow number="0.6839554821491656"/>
            <fprob>0.0</fprob>
        </actor>
        <actor name="D0N14">
            <wcet number="0">60</wcet>
            <wcet number="1">990</wcet>
            <maxpow number="0.5820376125201108"/>
            <maxpow number="0.5820376125201108"/>
            <fprob>0.0</fprob>
        </actor>
        <actor name="D0N49">
            <wcet number="0">360</wcet>
            <wcet number="1">450</wcet>
            <maxpow number="0.8683047008666064"/>
            <maxpow number="0.8683047008666064"/>
            <fprob>0.0</fprob>
        </actor>
        <actor name="D0N19">
            <wcet number="0">270</wcet>
            <wcet number="1">640</wcet>
            <maxpow number="0.8036618186294258"/>
            <maxpow number="0.8036618186294258"/>
            <fprob>0.0</fprob>
        </actor>
        <actor name="D0N37">
            <wcet number="0">10</wcet>
            <wcet number="1">60</wcet>
            <maxpow number="0.6125388788898551"/>
            <maxpow number="0.6125388788898551"/>
            <fprob>0.0</fprob>
        </actor>
        <actor name="D0N27">
            <wcet number="0">560</wcet>
            <wcet number="1">700</wcet>
            <maxpow number="0.8394170641740148"/>
            <maxpow number="0.8394170641740148"/>
            <fprob>0.0</fprob>
        </actor>
        <actor name="D0N26">
            <wcet number="0">90</wcet>
            <wcet number="1">350</wcet>
            <maxpow number="0.6793350520537549"/>
            <maxpow number="0.6793350520537549"/>
            <fprob>0.0</fprob>
        </actor>
        <actor name="D0N34">
            <wcet number="0">260</wcet>
            <wcet number="1">310</wcet>
            <maxpow number="0.49015898203032693"/>
            <maxpow number="0.49015898203032693"/>
            <fprob>0.0</fprob>
        </actor>
        <actor name="D0N42">
            <wcet number="0">130</wcet>
            <wcet number="1">260</wcet>
            <maxpow number="0.9772756756120997"/>
            <maxpow number="0.9772756756120997"/>
            <fprob>0.0</fprob>
        </actor>
        <actor name="D0N44">
            <wcet number="0">30</wcet>
            <wcet number="1">80</wcet>
            <maxpow number="0.6214225204875562"/>
            <maxpow number="0.6214225204875562"/>
            <fprob>0.0</fprob>
        </actor>
        <actor name="D0N16">
            <wcet number="0">60</wcet>
            <wcet number="1">120</wcet>
            <maxpow number="0.8253520799552991"/>
            <maxpow number="0.8253520799552991"/>
            <fprob>0.0</fprob>
        </actor>
        <actor name="D0N30">
            <wcet number="0">60</wcet>
            <wcet number="1">280</wcet>
            <maxpow number="0.7689220651428486"/>
            <maxpow number="0.7689220651428486"/>
            <fprob>0.0</fprob>
        </actor>
        <actor name="D0N12">
            <wcet number="0">10</wcet>
            <wcet number="1">20</wcet>
            <maxpow number="0.5599550984944714"/>
            <maxpow number="0.5599550984944714"/>
            <fprob>0.0</fprob>
        </actor>
        <actor name="D0N20">
            <wcet number="0">20</wcet>
            <wcet number="1">240</wcet>
            <maxpow number="0.44164835250022216"/>
            <maxpow number="0.44164835250022216"/>
            <fprob>0.0</fprob>
        </actor>
        <actor name="D0N5">
            <wcet number="0">30</wcet>
            <wcet number="1">380</wcet>
            <maxpow number="0.622010642047744"/>
            <maxpow number="0.622010642047744"/>
            <fprob>0.0</fprob>
        </actor>
        <actor name="D0N46">
            <wcet number="0">180</wcet>
            <wcet number="1">330</wcet>
            <maxpow number="0.7961146726774753"/>
            <maxpow number="0.7961146726774753"/>
            <fprob>0.0</fprob>
        </actor>
        <actor name="D0N24">
            <wcet number="0">100</wcet>
            <wcet number="1">360</wcet>
            <maxpow number="0.33750831427910344"/>
            <maxpow number="0.33750831427910344"/>
            <fprob>0.0</fprob>
        </actor>
        <actor name="D0N8">
            <wcet number="0">10</wcet>
            <wcet number="1">30</wcet>
            <maxpow number="0.4602900642043544"/>
            <maxpow number="0.4602900642043544"/>
            <fprob>0.0</fprob>
        </actor>
        <actor name="D0N0">
            <wcet number="0">30</wcet>
            <wcet number="1">330</wcet>
            <maxpow number="0.7373613590878512"/>
            <maxpow number="0.7373613590878512"/>
            <fprob>0.0</fprob>
        </actor>
        <actor name="D0N25">
            <wcet number="0">150</wcet>
            <wcet number="1">160</wcet>
            <maxpow number="0.7152523350965189"/>
            <maxpow number="0.7152523350965189"/>
            <fprob>0.0</fprob>
        </actor>
        <actor name="D0N17">
            <wcet number="0">1340</wcet>
            <wcet number="1">1380</wcet>
            <maxpow number="0.6879196671176844"/>
            <maxpow number="0.6879196671176844"/>
            <fprob>0.0</fprob>
        </actor>
        <actor name="D0N3">
            <wcet number="0">60</wcet>
            <wcet number="1">110</wcet>
            <maxpow number="0.5411881625118564"/>
            <maxpow number="0.5411881625118564"/>
            <fprob>0.0</fprob>
        </actor>
        <actor name="D0N43">
            <wcet number="0">60</wcet>
            <wcet number="1">180</wcet>
            <maxpow number="0.4988687997175888"/>
            <maxpow number="0.4988687997175888"/>
            <fprob>0.0</fprob>
        </actor>
        <actor name="D0N4">
            <wcet number="0">40</wcet>
            <wcet number="1">130</wcet>
            <maxpow number="0.24386117750575437"/>
            <maxpow number="0.24386117750575437"/>
            <fprob>0.0</fprob>
        </actor>
        <actor name="D0N23">
            <wcet number="0">720</wcet>
            <wcet number="1">790</wcet>
            <maxpow number="0.5771292713004911"/>
            <maxpow number="0.5771292713004911"/>
            <fprob>0.0</fprob>
        </actor>
        <actor name="D0N35">
            <wcet number="0">10</wcet>
            <wcet number="1">10</wcet>
            <maxpow number="0.33475922563094507"/>
            <maxpow number="0.33475922563094507"/>
            <fprob>0.0</fprob>
        </actor>
        <actor name="D0N10">
            <wcet number="0">290</wcet>
            <wcet number="1">570</wcet>
            <maxpow number="0.8105414634881593"/>
            <maxpow number="0.8105414634881593"/>
            <fprob>0.0</fprob>
        </actor>
        <actor name="D0N31">
            <wcet number="0">130</wcet>
            <wcet number="1">130</wcet>
            <maxpow number="0.6922754793978554"/>
            <maxpow number="0.6922754793978554"/>
            <fprob>0.0</fprob>
        </actor>
        <actor name="D0N32">
            <wcet number="0">10</wcet>
            <wcet number="1">20</wcet>
            <maxpow number="0.5308332991101882"/>
            <maxpow number="0.5308332991101882"/>
            <fprob>0.0</fprob>
        </actor>
        <actor name="D0N15">
            <wcet number="0">20</wcet>
            <wcet number="1">20</wcet>
            <maxpow number="0.5963006226693579"/>
            <maxpow number="0.5963006226693579"/>
            <fprob>0.0</fprob>
        </actor>
        <actor name="D0N45">
            <wcet number="0">120</wcet>
            <wcet number="1">1020</wcet>
            <maxpow number="0.8847557071363795"/>
            <maxpow number="0.8847557071363795"/>
            <fprob>0.0</fprob>
        </actor>
        <actor name="D0N41">
            <wcet number="0">10</wcet>
            <wcet number="1">10</wcet>
            <maxpow number="0.7283412418422179"/>
            <maxpow number="0.7283412418422179"/>
            <fprob>0.0</fprob>
        </actor>
        <actor name="D0N22">
            <wcet number="0">110</wcet>
            <wcet number="1">110</wcet>
            <maxpow number="0.4447224728158734"/>
            <maxpow number="0.4447224728158734"/>
            <fprob>0.0</fprob>
        </actor>
        <actor name="D0N28">
            <wcet number="0">10</wcet>
            <wcet number="1">20</wcet>
            <maxpow number="0.8410168167718901"/>
            <maxpow number="0.8410168167718901"/>
            <fprob>0.0</fprob>
        </actor>
        <actor name="D0N7">
            <wcet number="0">40</wcet>
            <wcet number="1">420</wcet>
            <maxpow number="0.6062392312170152"/>
            <maxpow number="0.6062392312170152"/>
            <fprob>0.0</fprob>
        </actor>
        <actor name="D0N36">
            <wcet number="0">280</wcet>
            <wcet number="1">450</wcet>
            <maxpow number="0.23987347369159617"/>
            <maxpow number="0.23987347369159617"/>
            <fprob>0.0</fprob>
        </actor>
        <actor name="D0N40">
            <wcet number="0">20</wcet>
            <wcet number="1">210</wcet>
            <maxpow number="0.5067990138774069"/>
            <maxpow number="0.5067990138774069"/>
            <fprob>0.0</fprob>
        </actor>
        <actor name="D0N1">
            <wcet number="0">170</wcet>
            <wcet number="1">270</wcet>
            <maxpow number="0.48145201674806304"/>
            <maxpow number="0.48145201674806304"/>
            <fprob>0.0</fprob>
        </actor>
        <actor name="D0N13">
            <wcet number="0">10</wcet>
            <wcet number="1">60</wcet>
            <maxpow number="0.6432856557666567"/>
            <maxpow number="0.6432856557666567"/>
            <fprob>0.0</fprob>
        </actor>
        <actor name="D0N38">
            <wcet number="0">240</wcet>
            <wcet number="1">250</wcet>
            <maxpow number="0.5616486693736495"/>
            <maxpow number="0.5616486693736495"/>
            <fprob>0.0</fprob>
        </actor>
        <actor name="D0N29">
            <wcet number="0">160</wcet>
            <wcet number="1">200</wcet>
            <maxpow number="0.4075496310990593"/>
            <maxpow number="0.4075496310990593"/>
            <fprob>0.0</fprob>
        </actor>
        <ports>
            <port dstActor="D0N37" name="p0" srcActor="D0N33"/>
            <port dstActor="D0N39" name="p1" srcActor="D0N11"/>
            <port dstActor="D0N47" name="p2" srcActor="D0N11"/>
            <port dstActor="D0N19" name="p3" srcActor="D0N11"/>
            <port dstActor="D0N40" name="p4" srcActor="D0N9"/>
            <port dstActor="D0N46" name="p5" srcActor="D0N9"/>
            <port dstActor="D0N23" name="p6" srcActor="D0N9"/>
            <port dstActor="D0N25" name="p7" srcActor="D0N9"/>
            <port dstActor="D0N14" name="p8" srcActor="D0N9"/>
            <port dstActor="D0N29" name="p9" srcActor="D0N9"/>
            <port dstActor="D0N43" name="p10" srcActor="D0N39"/>
            <port dstActor="D0N49" name="p11" srcActor="D0N39"/>
            <port dstActor="D0N32" name="p12" srcActor="D0N18"/>
            <port dstActor="D0N42" name="p13" srcActor="D0N18"/>
            <port dstActor="D0N37" name="p14" srcActor="D0N18"/>
            <port dstActor="D0N45" name="p15" srcActor="D0N18"/>
            <port dstActor="D0N36" name="p16" srcActor="D0N21"/>
            <port dstActor="D0N20" name="p17" srcActor="D0N2"/>
            <port dstActor="D0N44" name="p18" srcActor="D0N2"/>
            <port dstActor="D0N12" name="p19" srcActor="D0N2"/>
            <port dstActor="D0N35" name="p20" srcActor="D0N2"/>
            <port dstActor="D0N22" name="p21" srcActor="D0N2"/>
            <port dstActor="D0N18" name="p22" srcActor="D0N6"/>
            <port dstActor="D0N28" name="p23" srcActor="D0N6"/>
            <port dstActor="D0N27" name="p24" srcActor="D0N6"/>
            <port dstActor="D0N25" name="p25" srcActor="D0N6"/>
            <port dstActor="D0N46" name="p26" srcActor="D0N6"/>
            <port dstActor="D0N47" name="p27" srcActor="D0N6"/>
            <port dstActor="D0N23" name="p28" srcActor="D0N14"/>
            <port dstActor="D0N21" name="p29" srcActor="D0N14"/>
            <port dstActor="D0N35" name="p30" srcActor="D0N19"/>
            <port dstActor="D0N28" name="p31" srcActor="D0N19"/>
            <port dstActor="D0N49" name="p32" srcActor="D0N19"/>
            <port dstActor="D0N41" name="p33" srcActor="D0N37"/>
            <port dstActor="D0N42" name="p34" srcActor="D0N27"/>
            <port dstActor="D0N45" name="p35" srcActor="D0N27"/>
            <port dstActor="D0N42" name="p36" srcActor="D0N26"/>
            <port dstActor="D0N31" name="p37" srcActor="D0N26"/>
            <port dstActor="D0N46" name="p38" srcActor="D0N42"/>
            <port dstActor="D0N49" name="p39" srcActor="D0N42"/>
            <port dstActor="D0N38" name="p40" srcActor="D0N16"/>
            <port dstActor="D0N39" name="p41" srcActor="D0N30"/>
            <port dstActor="D0N43" name="p42" srcActor="D0N30"/>
            <port dstActor="D0N17" name="p43" srcActor="D0N12"/>
            <port dstActor="D0N42" name="p44" srcActor="D0N12"/>
            <port dstActor="D0N20" name="p45" srcActor="D0N12"/>
            <port dstActor="D0N44" name="p46" srcActor="D0N12"/>
            <port dstActor="D0N45" name="p47" srcActor="D0N12"/>
            <port dstActor="D0N48" name="p48" srcActor="D0N20"/>
            <port dstActor="D0N42" name="p49" srcActor="D0N20"/>
            <port dstActor="D0N25" name="p50" srcActor="D0N5"/>
            <port dstActor="D0N18" name="p51" srcActor="D0N5"/>
            <port dstActor="D0N30" name="p52" srcActor="D0N5"/>
            <port dstActor="D0N39" name="p53" srcActor="D0N24"/>
            <port dstActor="D0N32" name="p54" srcActor="D0N24"/>
            <port dstActor="D0N46" name="p55" srcActor="D0N24"/>
            <port dstActor="D0N28" name="p56" srcActor="D0N8"/>
            <port dstActor="D0N32" name="p57" srcActor="D0N8"/>
            <port dstActor="D0N33" name="p58" srcActor="D0N8"/>
            <port dstActor="D0N49" name="p59" srcActor="D0N8"/>
            <port dstActor="D0N39" name="p60" srcActor="D0N8"/>
            <port dstActor="D0N3" name="p61" srcActor="D0N0"/>
            <port dstActor="D0N20" name="p62" srcActor="D0N0"/>
            <port dstActor="D0N47" name="p63" srcActor="D0N0"/>
            <port dstActor="D0N41" name="p64" srcActor="D0N0"/>
            <port dstActor="D0N25" name="p65" srcActor="D0N0"/>
            <port dstActor="D0N36" name="p66" srcActor="D0N0"/>
            <port dstActor="D0N46" name="p67" srcActor="D0N0"/>
            <port dstActor="D0N40" name="p68" srcActor="D0N25"/>
            <port dstActor="D0N26" name="p69" srcActor="D0N25"/>
            <port dstActor="D0N27" name="p70" srcActor="D0N25"/>
            <port dstActor="D0N42" name="p71" srcActor="D0N17"/>
            <port dstActor="D0N37" name="p72" srcActor="D0N17"/>
            <port dstActor="D0N20" name="p73" srcActor="D0N17"/>
            <port dstActor="D0N35" name="p74" srcActor="D0N17"/>
            <port dstActor="D0N23" name="p75" srcActor="D0N17"/>
            <port dstActor="D0N35" name="p76" srcActor="D0N3"/>
            <port dstActor="D0N49" name="p77" srcActor="D0N3"/>
            <port dstActor="D0N13" name="p78" srcActor="D0N3"/>
            <port dstActor="D0N38" name="p79" srcActor="D0N3"/>
            <port dstActor="D0N47" name="p80" srcActor="D0N3"/>
            <port dstActor="D0N19" name="p81" srcActor="D0N3"/>
            <port dstActor="D0N44" name="p82" srcActor="D0N43"/>
            <port dstActor="D0N46" name="p83" srcActor="D0N4"/>
            <port dstActor="D0N48" name="p84" srcActor="D0N4"/>
            <port dstActor="D0N45" name="p85" srcActor="D0N4"/>
            <port dstActor="D0N21" name="p86" srcActor="D0N4"/>
            <port dstActor="D0N42" name="p87" srcActor="D0N4"/>
            <port dstActor="D0N7" name="p88" srcActor="D0N4"/>
            <port dstActor="D0N45" name="p89" srcActor="D0N23"/>
            <port dstActor="D0N27" name="p90" srcActor="D0N23"/>
            <port dstActor="D0N33" name="p91" srcActor="D0N23"/>
            <port dstActor="D0N43" name="p92" srcActor="D0N35"/>
            <port dstActor="D0N46" name="p93" srcActor="D0N35"/>
            <port dstActor="D0N41" name="p94" srcActor="D0N10"/>
            <port dstActor="D0N38" name="p95" srcActor="D0N10"/>
            <port dstActor="D0N39" name="p96" srcActor="D0N31"/>
            <port dstActor="D0N43" name="p97" srcActor="D0N31"/>
            <port dstActor="D0N46" name="p98" srcActor="D0N31"/>
            <port dstActor="D0N36" name="p99" srcActor="D0N32"/>
            <port dstActor="D0N47" name="p100" srcActor="D0N32"/>
            <port dstActor="D0N42" name="p101" srcActor="D0N32"/>
            <port dstActor="D0N27" name="p102" srcActor="D0N15"/>
            <port dstActor="D0N19" name="p103" srcActor="D0N15"/>
            <port dstActor="D0N25" name="p104" srcActor="D0N15"/>
            <port dstActor="D0N17" name="p105" srcActor="D0N15"/>
            <port dstActor="D0N41" name="p106" srcActor="D0N15"/>
            <port dstActor="D0N31" name="p107" srcActor="D0N22"/>
            <port dstActor="D0N38" name="p108" srcActor="D0N22"/>
            <port dstActor="D0N34" name="p109" srcActor="D0N22"/>
            <port dstActor="D0N42" name="p110" srcActor="D0N28"/>
            <port dstActor="D0N45" name="p111" srcActor="D0N7"/>
            <port dstActor="D0N28" name="p112" srcActor="D0N7"/>
            <port dstActor="D0N43" name="p113" srcActor="D0N7"/>
            <port dstActor="D0N30" name="p114" srcActor="D0N7"/>
            <port dstActor="D0N42" name="p115" srcActor="D0N40"/>
            <port dstActor="D0N43" name="p116" srcActor="D0N40"/>
            <port dstActor="D0N48" name="p117" srcActor="D0N1"/>
            <port dstActor="D0N28" name="p118" srcActor="D0N1"/>
            <port dstActor="D0N3" name="p119" srcActor="D0N1"/>
            <port dstActor="D0N31" name="p120" srcActor="D0N1"/>
            <port dstActor="D0N40" name="p121" srcActor="D0N1"/>
            <port dstActor="D0N49" name="p122" srcActor="D0N1"/>
            <port dstActor="D0N16" name="p123" srcActor="D0N13"/>
            <port dstActor="D0N39" name="p124" srcActor="D0N13"/>
            <port dstActor="D0N40" name="p125" srcActor="D0N13"/>
            <port dstActor="D0N46" name="p126" srcActor="D0N38"/>
            <port dstActor="D0N44" name="p127" srcActor="D0N38"/>
            <port dstActor="D0N37" name="p128" srcActor="D0N29"/>
            <port dstActor="D0N48" name="p129" srcActor="D0N29"/>
        </ports>
    </mcdag>
    <cores number="3"/>
    <levels number="2"/>
</mcsystem>
