<?xml version="1.0" encoding="UTF-8" standalone="no"?>
<mcsystem>
    <mcdag deadline="5000" name="genned-0-ed-10.0-0">
        <actor name="D0N7">
            <wcet number="0">60</wcet>
            <wcet number="1">60</wcet>
            <maxpow number="0.3632124260963144"/>
            <maxpow number="0.3632124260963144"/>
            <fprob>0.0</fprob>
        </actor>
        <actor name="D0N20">
            <wcet number="0">30</wcet>
            <wcet number="1">90</wcet>
            <maxpow number="0.5137375875914965"/>
            <maxpow number="0.5137375875914965"/>
            <fprob>0.0</fprob>
        </actor>
        <actor name="D0N39">
            <wcet number="0">240</wcet>
            <wcet number="1">550</wcet>
            <maxpow number="0.5415755435735758"/>
            <maxpow number="0.5415755435735758"/>
            <fprob>0.0</fprob>
        </actor>
        <actor name="D0N44">
            <wcet number="0">400</wcet>
            <wcet number="1">490</wcet>
            <maxpow number="0.44937760383754805"/>
            <maxpow number="0.44937760383754805"/>
            <fprob>0.0</fprob>
        </actor>
        <actor name="D0N12">
            <wcet number="0">130</wcet>
            <wcet number="1">140</wcet>
            <maxpow number="0.7354286976793691"/>
            <maxpow number="0.7354286976793691"/>
            <fprob>0.0</fprob>
        </actor>
        <actor name="D0N28">
            <wcet number="0">250</wcet>
            <wcet number="1">250</wcet>
            <maxpow number="0.5712068524843209"/>
            <maxpow number="0.5712068524843209"/>
            <fprob>0.0</fprob>
        </actor>
        <actor name="D0N40">
            <wcet number="0">810</wcet>
            <wcet number="1">850</wcet>
            <maxpow number="0.6851509903189781"/>
            <maxpow number="0.6851509903189781"/>
            <fprob>0.0</fprob>
        </actor>
        <actor name="D0N6">
            <wcet number="0">220</wcet>
            <wcet number="1">250</wcet>
            <maxpow number="0.3277759221307752"/>
            <maxpow number="0.3277759221307752"/>
            <fprob>0.0</fprob>
        </actor>
        <actor name="D0N41">
            <wcet number="0">20</wcet>
            <wcet number="1">50</wcet>
            <maxpow number="0.6214226708665446"/>
            <maxpow number="0.6214226708665446"/>
            <fprob>0.0</fprob>
        </actor>
        <actor name="D0N32">
            <wcet number="0">180</wcet>
            <wcet number="1">230</wcet>
            <maxpow number="0.21318554911117826"/>
            <maxpow number="0.21318554911117826"/>
            <fprob>0.0</fprob>
        </actor>
        <actor name="D0N47">
            <wcet number="0">160</wcet>
            <wcet number="1">180</wcet>
            <maxpow number="0.8213244077755376"/>
            <maxpow number="0.8213244077755376"/>
            <fprob>0.0</fprob>
        </actor>
        <actor name="D0N17">
            <wcet number="0">170</wcet>
            <wcet number="1">420</wcet>
            <maxpow number="0.5226014705583678"/>
            <maxpow number="0.5226014705583678"/>
            <fprob>0.0</fprob>
        </actor>
        <actor name="D0N42">
            <wcet number="0">530</wcet>
            <wcet number="1">1090</wcet>
            <maxpow number="0.4424217050556297"/>
            <maxpow number="0.4424217050556297"/>
            <fprob>0.0</fprob>
        </actor>
        <actor name="D0N14">
            <wcet number="0">160</wcet>
            <wcet number="1">210</wcet>
            <maxpow number="0.31470336849927133"/>
            <maxpow number="0.31470336849927133"/>
            <fprob>0.0</fprob>
        </actor>
        <actor name="D0N33">
            <wcet number="0">70</wcet>
            <wcet number="1">240</wcet>
            <maxpow number="0.4104450011863882"/>
            <maxpow number="0.4104450011863882"/>
            <fprob>0.0</fprob>
        </actor>
        <actor name="D0N38">
            <wcet number="0">220</wcet>
            <wcet number="1">240</wcet>
            <maxpow number="0.6478736914870498"/>
            <maxpow number="0.6478736914870498"/>
            <fprob>0.0</fprob>
        </actor>
        <actor name="D0N25">
            <wcet number="0">20</wcet>
            <wcet number="1">20</wcet>
            <maxpow number="0.5504182627829589"/>
            <maxpow number="0.5504182627829589"/>
            <fprob>0.0</fprob>
        </actor>
        <actor name="D0N3">
            <wcet number="0">560</wcet>
            <wcet number="1">990</wcet>
            <maxpow number="0.3320079916189249"/>
            <maxpow number="0.3320079916189249"/>
            <fprob>0.0</fprob>
        </actor>
        <actor name="D0N49">
            <wcet number="0">80</wcet>
            <wcet number="1">330</wcet>
            <maxpow number="0.49590883056383267"/>
            <maxpow number="0.49590883056383267"/>
            <fprob>0.0</fprob>
        </actor>
        <actor name="D0N19">
            <wcet number="0">110</wcet>
            <wcet number="1">110</wcet>
            <maxpow number="0.4513640448899391"/>
            <maxpow number="0.4513640448899391"/>
            <fprob>0.0</fprob>
        </actor>
        <actor name="D0N35">
            <wcet number="0">440</wcet>
            <wcet number="1">490</wcet>
            <maxpow number="0.6657521027140072"/>
            <maxpow number="0.6657521027140072"/>
            <fprob>0.0</fprob>
        </actor>
        <actor name="D0N34">
            <wcet number="0">90</wcet>
            <wcet number="1">110</wcet>
            <maxpow number="0.32938313484004167"/>
            <maxpow number="0.32938313484004167"/>
            <fprob>0.0</fprob>
        </actor>
        <actor name="D0N23">
            <wcet number="0">10</wcet>
            <wcet number="1">90</wcet>
            <maxpow number="0.5323567387418162"/>
            <maxpow number="0.5323567387418162"/>
            <fprob>0.0</fprob>
        </actor>
        <actor name="D0N48">
            <wcet number="0">240</wcet>
            <wcet number="1">690</wcet>
            <maxpow number="0.5225092039615491"/>
            <maxpow number="0.5225092039615491"/>
            <fprob>0.0</fprob>
        </actor>
        <actor name="D0N1">
            <wcet number="0">50</wcet>
            <wcet number="1">140</wcet>
            <maxpow number="0.3719700004091717"/>
            <maxpow number="0.3719700004091717"/>
            <fprob>0.0</fprob>
        </actor>
        <actor name="D0N22">
            <wcet number="0">100</wcet>
            <wcet number="1">100</wcet>
            <maxpow number="0.5215504323966366"/>
            <maxpow number="0.5215504323966366"/>
            <fprob>0.0</fprob>
        </actor>
        <actor name="D0N0">
            <wcet number="0">10</wcet>
            <wcet number="1">10</wcet>
            <maxpow number="0.835057895099818"/>
            <maxpow number="0.835057895099818"/>
            <fprob>0.0</fprob>
        </actor>
        <actor name="D0N31">
            <wcet number="0">30</wcet>
            <wcet number="1">50</wcet>
            <maxpow number="0.7092784026508167"/>
            <maxpow number="0.7092784026508167"/>
            <fprob>0.0</fprob>
        </actor>
        <actor name="D0N21">
            <wcet number="0">810</wcet>
            <wcet number="1">1010</wcet>
            <maxpow number="0.2912486917388886"/>
            <maxpow number="0.2912486917388886"/>
            <fprob>0.0</fprob>
        </actor>
        <actor name="D0N13">
            <wcet number="0">130</wcet>
            <wcet number="1">260</wcet>
            <maxpow number="0.746964855177972"/>
            <maxpow number="0.746964855177972"/>
            <fprob>0.0</fprob>
        </actor>
        <actor name="D0N9">
            <wcet number="0">260</wcet>
            <wcet number="1">260</wcet>
            <maxpow number="0.42915097322802687"/>
            <maxpow number="0.42915097322802687"/>
            <fprob>0.0</fprob>
        </actor>
        <actor name="D0N46">
            <wcet number="0">10</wcet>
            <wcet number="1">180</wcet>
            <maxpow number="0.6176777801077002"/>
            <maxpow number="0.6176777801077002"/>
            <fprob>0.0</fprob>
        </actor>
        <actor name="D0N43">
            <wcet number="0">20</wcet>
            <wcet number="1">170</wcet>
            <maxpow number="1.0783865312484702"/>
            <maxpow number="1.0783865312484702"/>
            <fprob>0.0</fprob>
        </actor>
        <actor name="D0N45">
            <wcet number="0">60</wcet>
            <wcet number="1">60</wcet>
            <maxpow number="0.9782411570494798"/>
            <maxpow number="0.9782411570494798"/>
            <fprob>0.0</fprob>
        </actor>
        <actor name="D0N10">
            <wcet number="0">10</wcet>
            <wcet number="1">20</wcet>
            <maxpow number="0.38675053515896785"/>
            <maxpow number="0.38675053515896785"/>
            <fprob>0.0</fprob>
        </actor>
        <actor name="D0N8">
            <wcet number="0">290</wcet>
            <wcet number="1">340</wcet>
            <maxpow number="0.46636907325419735"/>
            <maxpow number="0.46636907325419735"/>
            <fprob>0.0</fprob>
        </actor>
        <actor name="D0N36">
            <wcet number="0">120</wcet>
            <wcet number="1">140</wcet>
            <maxpow number="0.45693234294366547"/>
            <maxpow number="0.45693234294366547"/>
            <fprob>0.0</fprob>
        </actor>
        <actor name="D0N5">
            <wcet number="0">10</wcet>
            <wcet number="1">130</wcet>
            <maxpow number="0.6982396784665734"/>
            <maxpow number="0.6982396784665734"/>
            <fprob>0.0</fprob>
        </actor>
        <actor name="D0N24">
            <wcet number="0">50</wcet>
            <wcet number="1">110</wcet>
            <maxpow number="0.7590298900159543"/>
            <maxpow number="0.7590298900159543"/>
            <fprob>0.0</fprob>
        </actor>
        <actor name="D0N26">
            <wcet number="0">130</wcet>
            <wcet number="1">550</wcet>
            <maxpow number="0.45147864146861705"/>
            <maxpow number="0.45147864146861705"/>
            <fprob>0.0</fprob>
        </actor>
        <actor name="D0N15">
            <wcet number="0">40</wcet>
            <wcet number="1">50</wcet>
            <maxpow number="0.5396686540850216"/>
            <maxpow number="0.5396686540850216"/>
            <fprob>0.0</fprob>
        </actor>
        <actor name="D0N2">
            <wcet number="0">20</wcet>
            <wcet number="1">50</wcet>
            <maxpow number="0.6805566048307683"/>
            <maxpow number="0.6805566048307683"/>
            <fprob>0.0</fprob>
        </actor>
        <actor name="D0N18">
            <wcet number="0">250</wcet>
            <wcet number="1">260</wcet>
            <maxpow number="0.7185459727589659"/>
            <maxpow number="0.7185459727589659"/>
            <fprob>0.0</fprob>
        </actor>
        <actor name="D0N16">
            <wcet number="0">30</wcet>
            <wcet number="1">130</wcet>
            <maxpow number="0.5721643269916817"/>
            <maxpow number="0.5721643269916817"/>
            <fprob>0.0</fprob>
        </actor>
        <actor name="D0N37">
            <wcet number="0">20</wcet>
            <wcet number="1">220</wcet>
            <maxpow number="0.7344197878374442"/>
            <maxpow number="0.7344197878374442"/>
            <fprob>0.0</fprob>
        </actor>
        <actor name="D0N11">
            <wcet number="0">230</wcet>
            <wcet number="1">650</wcet>
            <maxpow number="0.2960651355632386"/>
            <maxpow number="0.2960651355632386"/>
            <fprob>0.0</fprob>
        </actor>
        <actor name="D0N4">
            <wcet number="0">100</wcet>
            <wcet number="1">180</wcet>
            <maxpow number="0.14943218278326842"/>
            <maxpow number="0.14943218278326842"/>
            <fprob>0.0</fprob>
        </actor>
        <actor name="D0N27">
            <wcet number="0">30</wcet>
            <wcet number="1">40</wcet>
            <maxpow number="0.4789220292246269"/>
            <maxpow number="0.4789220292246269"/>
            <fprob>0.0</fprob>
        </actor>
        <actor name="D0N29">
            <wcet number="0">480</wcet>
            <wcet number="1">530</wcet>
            <maxpow number="0.6167390789606918"/>
            <maxpow number="0.6167390789606918"/>
            <fprob>0.0</fprob>
        </actor>
        <actor name="D0N30">
            <wcet number="0">120</wcet>
            <wcet number="1">190</wcet>
            <maxpow number="0.513419718603377"/>
            <maxpow number="0.513419718603377"/>
            <fprob>0.0</fprob>
        </actor>
        <ports>
            <port dstActor="D0N27" name="p0" srcActor="D0N7"/>
            <port dstActor="D0N40" name="p1" srcActor="D0N7"/>
            <port dstActor="D0N22" name="p2" srcActor="D0N7"/>
            <port dstActor="D0N32" name="p3" srcActor="D0N7"/>
            <port dstActor="D0N10" name="p4" srcActor="D0N7"/>
            <port dstActor="D0N43" name="p5" srcActor="D0N7"/>
            <port dstActor="D0N48" name="p6" srcActor="D0N7"/>
            <port dstActor="D0N24" name="p7" srcActor="D0N20"/>
            <port dstActor="D0N31" name="p8" srcActor="D0N20"/>
            <port dstActor="D0N41" name="p9" srcActor="D0N39"/>
            <port dstActor="D0N45" name="p10" srcActor="D0N39"/>
            <port dstActor="D0N45" name="p11" srcActor="D0N44"/>
            <port dstActor="D0N15" name="p12" srcActor="D0N12"/>
            <port dstActor="D0N36" name="p13" srcActor="D0N28"/>
            <port dstActor="D0N30" name="p14" srcActor="D0N28"/>
            <port dstActor="D0N41" name="p15" srcActor="D0N40"/>
            <port dstActor="D0N22" name="p16" srcActor="D0N6"/>
            <port dstActor="D0N17" name="p17" srcActor="D0N6"/>
            <port dstActor="D0N31" name="p18" srcActor="D0N6"/>
            <port dstActor="D0N13" name="p19" srcActor="D0N6"/>
            <port dstActor="D0N38" name="p20" srcActor="D0N6"/>
            <port dstActor="D0N45" name="p21" srcActor="D0N6"/>
            <port dstActor="D0N43" name="p22" srcActor="D0N6"/>
            <port dstActor="D0N42" name="p23" srcActor="D0N41"/>
            <port dstActor="D0N44" name="p24" srcActor="D0N32"/>
            <port dstActor="D0N39" name="p25" srcActor="D0N32"/>
            <port dstActor="D0N49" name="p26" srcActor="D0N47"/>
            <port dstActor="D0N28" name="p27" srcActor="D0N17"/>
            <port dstActor="D0N36" name="p28" srcActor="D0N14"/>
            <port dstActor="D0N47" name="p29" srcActor="D0N33"/>
            <port dstActor="D0N38" name="p30" srcActor="D0N33"/>
            <port dstActor="D0N48" name="p31" srcActor="D0N38"/>
            <port dstActor="D0N35" name="p32" srcActor="D0N25"/>
            <port dstActor="D0N45" name="p33" srcActor="D0N25"/>
            <port dstActor="D0N21" name="p34" srcActor="D0N3"/>
            <port dstActor="D0N36" name="p35" srcActor="D0N3"/>
            <port dstActor="D0N13" name="p36" srcActor="D0N3"/>
            <port dstActor="D0N17" name="p37" srcActor="D0N3"/>
            <port dstActor="D0N37" name="p38" srcActor="D0N3"/>
            <port dstActor="D0N46" name="p39" srcActor="D0N3"/>
            <port dstActor="D0N23" name="p40" srcActor="D0N19"/>
            <port dstActor="D0N22" name="p41" srcActor="D0N19"/>
            <port dstActor="D0N28" name="p42" srcActor="D0N19"/>
            <port dstActor="D0N43" name="p43" srcActor="D0N35"/>
            <port dstActor="D0N46" name="p44" srcActor="D0N35"/>
            <port dstActor="D0N36" name="p45" srcActor="D0N35"/>
            <port dstActor="D0N39" name="p46" srcActor="D0N35"/>
            <port dstActor="D0N49" name="p47" srcActor="D0N35"/>
            <port dstActor="D0N35" name="p48" srcActor="D0N23"/>
            <port dstActor="D0N35" name="p49" srcActor="D0N1"/>
            <port dstActor="D0N30" name="p50" srcActor="D0N1"/>
            <port dstActor="D0N33" name="p51" srcActor="D0N1"/>
            <port dstActor="D0N9" name="p52" srcActor="D0N1"/>
            <port dstActor="D0N14" name="p53" srcActor="D0N1"/>
            <port dstActor="D0N2" name="p54" srcActor="D0N1"/>
            <port dstActor="D0N37" name="p55" srcActor="D0N22"/>
            <port dstActor="D0N48" name="p56" srcActor="D0N22"/>
            <port dstActor="D0N19" name="p57" srcActor="D0N0"/>
            <port dstActor="D0N44" name="p58" srcActor="D0N0"/>
            <port dstActor="D0N28" name="p59" srcActor="D0N0"/>
            <port dstActor="D0N5" name="p60" srcActor="D0N0"/>
            <port dstActor="D0N7" name="p61" srcActor="D0N0"/>
            <port dstActor="D0N2" name="p62" srcActor="D0N0"/>
            <port dstActor="D0N4" name="p63" srcActor="D0N0"/>
            <port dstActor="D0N6" name="p64" srcActor="D0N0"/>
            <port dstActor="D0N30" name="p65" srcActor="D0N0"/>
            <port dstActor="D0N35" name="p66" srcActor="D0N0"/>
            <port dstActor="D0N36" name="p67" srcActor="D0N31"/>
            <port dstActor="D0N44" name="p68" srcActor="D0N21"/>
            <port dstActor="D0N43" name="p69" srcActor="D0N21"/>
            <port dstActor="D0N45" name="p70" srcActor="D0N21"/>
            <port dstActor="D0N44" name="p71" srcActor="D0N13"/>
            <port dstActor="D0N28" name="p72" srcActor="D0N13"/>
            <port dstActor="D0N49" name="p73" srcActor="D0N13"/>
            <port dstActor="D0N24" name="p74" srcActor="D0N13"/>
            <port dstActor="D0N26" name="p75" srcActor="D0N13"/>
            <port dstActor="D0N35" name="p76" srcActor="D0N9"/>
            <port dstActor="D0N32" name="p77" srcActor="D0N9"/>
            <port dstActor="D0N28" name="p78" srcActor="D0N10"/>
            <port dstActor="D0N14" name="p79" srcActor="D0N10"/>
            <port dstActor="D0N47" name="p80" srcActor="D0N10"/>
            <port dstActor="D0N37" name="p81" srcActor="D0N10"/>
            <port dstActor="D0N19" name="p82" srcActor="D0N8"/>
            <port dstActor="D0N13" name="p83" srcActor="D0N8"/>
            <port dstActor="D0N46" name="p84" srcActor="D0N8"/>
            <port dstActor="D0N9" name="p85" srcActor="D0N8"/>
            <port dstActor="D0N48" name="p86" srcActor="D0N8"/>
            <port dstActor="D0N32" name="p87" srcActor="D0N5"/>
            <port dstActor="D0N39" name="p88" srcActor="D0N5"/>
            <port dstActor="D0N41" name="p89" srcActor="D0N5"/>
            <port dstActor="D0N31" name="p90" srcActor="D0N5"/>
            <port dstActor="D0N38" name="p91" srcActor="D0N5"/>
            <port dstActor="D0N10" name="p92" srcActor="D0N5"/>
            <port dstActor="D0N30" name="p93" srcActor="D0N24"/>
            <port dstActor="D0N42" name="p94" srcActor="D0N24"/>
            <port dstActor="D0N18" name="p95" srcActor="D0N15"/>
            <port dstActor="D0N19" name="p96" srcActor="D0N15"/>
            <port dstActor="D0N49" name="p97" srcActor="D0N15"/>
            <port dstActor="D0N27" name="p98" srcActor="D0N15"/>
            <port dstActor="D0N5" name="p99" srcActor="D0N2"/>
            <port dstActor="D0N4" name="p100" srcActor="D0N2"/>
            <port dstActor="D0N26" name="p101" srcActor="D0N2"/>
            <port dstActor="D0N39" name="p102" srcActor="D0N2"/>
            <port dstActor="D0N46" name="p103" srcActor="D0N18"/>
            <port dstActor="D0N47" name="p104" srcActor="D0N18"/>
            <port dstActor="D0N20" name="p105" srcActor="D0N18"/>
            <port dstActor="D0N31" name="p106" srcActor="D0N18"/>
            <port dstActor="D0N27" name="p107" srcActor="D0N18"/>
            <port dstActor="D0N30" name="p108" srcActor="D0N16"/>
            <port dstActor="D0N33" name="p109" srcActor="D0N16"/>
            <port dstActor="D0N46" name="p110" srcActor="D0N16"/>
            <port dstActor="D0N23" name="p111" srcActor="D0N16"/>
            <port dstActor="D0N21" name="p112" srcActor="D0N16"/>
            <port dstActor="D0N46" name="p113" srcActor="D0N11"/>
            <port dstActor="D0N35" name="p114" srcActor="D0N11"/>
            <port dstActor="D0N18" name="p115" srcActor="D0N11"/>
            <port dstActor="D0N31" name="p116" srcActor="D0N11"/>
            <port dstActor="D0N10" name="p117" srcActor="D0N4"/>
            <port dstActor="D0N39" name="p118" srcActor="D0N4"/>
            <port dstActor="D0N27" name="p119" srcActor="D0N4"/>
            <port dstActor="D0N32" name="p120" srcActor="D0N27"/>
            <port dstActor="D0N33" name="p121" srcActor="D0N29"/>
            <port dstActor="D0N34" name="p122" srcActor="D0N29"/>
            <port dstActor="D0N35" name="p123" srcActor="D0N30"/>
            <port dstActor="D0N48" name="p124" srcActor="D0N30"/>
            <port dstActor="D0N36" name="p125" srcActor="D0N30"/>
        </ports>
    </mcdag>
    <cores number="3"/>
    <levels number="2"/>
</mcsystem>
