<?xml version="1.0" encoding="UTF-8" standalone="no"?>
<mcsystem>
    <mcdag deadline="5000" name="genned-0-ed-10.0-0">
        <actor name="D0N20">
            <wcet number="0">290</wcet>
            <wcet number="1">480</wcet>
            <maxpow number="0.615896027962092"/>
            <maxpow number="0.615896027962092"/>
            <fprob>0.0</fprob>
        </actor>
        <actor name="D0N17">
            <wcet number="0">70</wcet>
            <wcet number="1">140</wcet>
            <maxpow number="0.5603371286769598"/>
            <maxpow number="0.5603371286769598"/>
            <fprob>0.0</fprob>
        </actor>
        <actor name="D0N12">
            <wcet number="0">80</wcet>
            <wcet number="1">230</wcet>
            <maxpow number="0.8548194966101494"/>
            <maxpow number="0.8548194966101494"/>
            <fprob>0.0</fprob>
        </actor>
        <actor name="D0N14">
            <wcet number="0">130</wcet>
            <wcet number="1">240</wcet>
            <maxpow number="0.5094772441466722"/>
            <maxpow number="0.5094772441466722"/>
            <fprob>0.0</fprob>
        </actor>
        <actor name="D0N15">
            <wcet number="0">30</wcet>
            <wcet number="1">80</wcet>
            <maxpow number="0.2756061538256976"/>
            <maxpow number="0.2756061538256976"/>
            <fprob>0.0</fprob>
        </actor>
        <actor name="D0N35">
            <wcet number="0">10</wcet>
            <wcet number="1">50</wcet>
            <maxpow number="0.6186592690804202"/>
            <maxpow number="0.6186592690804202"/>
            <fprob>0.0</fprob>
        </actor>
        <actor name="D0N42">
            <wcet number="0">30</wcet>
            <wcet number="1">30</wcet>
            <maxpow number="0.961985289835209"/>
            <maxpow number="0.961985289835209"/>
            <fprob>0.0</fprob>
        </actor>
        <actor name="D0N13">
            <wcet number="0">180</wcet>
            <wcet number="1">210</wcet>
            <maxpow number="0.5409344824490643"/>
            <maxpow number="0.5409344824490643"/>
            <fprob>0.0</fprob>
        </actor>
        <actor name="D0N28">
            <wcet number="0">10</wcet>
            <wcet number="1">20</wcet>
            <maxpow number="0.9385475314934534"/>
            <maxpow number="0.9385475314934534"/>
            <fprob>0.0</fprob>
        </actor>
        <actor name="D0N21">
            <wcet number="0">60</wcet>
            <wcet number="1">60</wcet>
            <maxpow number="0.8544278855091293"/>
            <maxpow number="0.8544278855091293"/>
            <fprob>0.0</fprob>
        </actor>
        <actor name="D0N2">
            <wcet number="0">20</wcet>
            <wcet number="1">30</wcet>
            <maxpow number="0.38334620033082256"/>
            <maxpow number="0.38334620033082256"/>
            <fprob>0.0</fprob>
        </actor>
        <actor name="D0N44">
            <wcet number="0">350</wcet>
            <wcet number="1">440</wcet>
            <maxpow number="0.6658135209132285"/>
            <maxpow number="0.6658135209132285"/>
            <fprob>0.0</fprob>
        </actor>
        <actor name="D0N23">
            <wcet number="0">10</wcet>
            <wcet number="1">40</wcet>
            <maxpow number="0.7600076875540631"/>
            <maxpow number="0.7600076875540631"/>
            <fprob>0.0</fprob>
        </actor>
        <actor name="D0N4">
            <wcet number="0">10</wcet>
            <wcet number="1">30</wcet>
            <maxpow number="0.6770722595658285"/>
            <maxpow number="0.6770722595658285"/>
            <fprob>0.0</fprob>
        </actor>
        <actor name="D0N19">
            <wcet number="0">150</wcet>
            <wcet number="1">300</wcet>
            <maxpow number="0.6792289613348076"/>
            <maxpow number="0.6792289613348076"/>
            <fprob>0.0</fprob>
        </actor>
        <actor name="D0N18">
            <wcet number="0">50</wcet>
            <wcet number="1">70</wcet>
            <maxpow number="0.615756035335288"/>
            <maxpow number="0.615756035335288"/>
            <fprob>0.0</fprob>
        </actor>
        <actor name="D0N26">
            <wcet number="0">130</wcet>
            <wcet number="1">750</wcet>
            <maxpow number="0.4486909866213212"/>
            <maxpow number="0.4486909866213212"/>
            <fprob>0.0</fprob>
        </actor>
        <actor name="D0N40">
            <wcet number="0">490</wcet>
            <wcet number="1">860</wcet>
            <maxpow number="0.5889471113226037"/>
            <maxpow number="0.5889471113226037"/>
            <fprob>0.0</fprob>
        </actor>
        <actor name="D0N33">
            <wcet number="0">10</wcet>
            <wcet number="1">20</wcet>
            <maxpow number="0.8145772070526591"/>
            <maxpow number="0.8145772070526591"/>
            <fprob>0.0</fprob>
        </actor>
        <actor name="D0N43">
            <wcet number="0">20</wcet>
            <wcet number="1">160</wcet>
            <maxpow number="0.8166612682373717"/>
            <maxpow number="0.8166612682373717"/>
            <fprob>0.0</fprob>
        </actor>
        <actor name="D0N10">
            <wcet number="0">520</wcet>
            <wcet number="1">650</wcet>
            <maxpow number="0.6351276092163971"/>
            <maxpow number="0.6351276092163971"/>
            <fprob>0.0</fprob>
        </actor>
        <actor name="D0N27">
            <wcet number="0">30</wcet>
            <wcet number="1">270</wcet>
            <maxpow number="0.7256268516155958"/>
            <maxpow number="0.7256268516155958"/>
            <fprob>0.0</fprob>
        </actor>
        <actor name="D0N39">
            <wcet number="0">190</wcet>
            <wcet number="1">310</wcet>
            <maxpow number="0.7832359177221672"/>
            <maxpow number="0.7832359177221672"/>
            <fprob>0.0</fprob>
        </actor>
        <actor name="D0N34">
            <wcet number="0">10</wcet>
            <wcet number="1">10</wcet>
            <maxpow number="0.4170852915138544"/>
            <maxpow number="0.4170852915138544"/>
            <fprob>0.0</fprob>
        </actor>
        <actor name="D0N7">
            <wcet number="0">130</wcet>
            <wcet number="1">450</wcet>
            <maxpow number="0.6523616881844422"/>
            <maxpow number="0.6523616881844422"/>
            <fprob>0.0</fprob>
        </actor>
        <actor name="D0N6">
            <wcet number="0">40</wcet>
            <wcet number="1">40</wcet>
            <maxpow number="0.5683980112203884"/>
            <maxpow number="0.5683980112203884"/>
            <fprob>0.0</fprob>
        </actor>
        <actor name="D0N11">
            <wcet number="0">10</wcet>
            <wcet number="1">30</wcet>
            <maxpow number="0.22552146964216713"/>
            <maxpow number="0.22552146964216713"/>
            <fprob>0.0</fprob>
        </actor>
        <actor name="D0N22">
            <wcet number="0">90</wcet>
            <wcet number="1">100</wcet>
            <maxpow number="0.8138152487505119"/>
            <maxpow number="0.8138152487505119"/>
            <fprob>0.0</fprob>
        </actor>
        <actor name="D0N16">
            <wcet number="0">80</wcet>
            <wcet number="1">210</wcet>
            <maxpow number="0.770593750343561"/>
            <maxpow number="0.770593750343561"/>
            <fprob>0.0</fprob>
        </actor>
        <actor name="D0N30">
            <wcet number="0">120</wcet>
            <wcet number="1">320</wcet>
            <maxpow number="0.5316513110878158"/>
            <maxpow number="0.5316513110878158"/>
            <fprob>0.0</fprob>
        </actor>
        <actor name="D0N25">
            <wcet number="0">70</wcet>
            <wcet number="1">190</wcet>
            <maxpow number="0.4712858954732573"/>
            <maxpow number="0.4712858954732573"/>
            <fprob>0.0</fprob>
        </actor>
        <actor name="D0N47">
            <wcet number="0">110</wcet>
            <wcet number="1">190</wcet>
            <maxpow number="0.6059511754764315"/>
            <maxpow number="0.6059511754764315"/>
            <fprob>0.0</fprob>
        </actor>
        <actor name="D0N36">
            <wcet number="0">120</wcet>
            <wcet number="1">120</wcet>
            <maxpow number="0.6528166710510088"/>
            <maxpow number="0.6528166710510088"/>
            <fprob>0.0</fprob>
        </actor>
        <actor name="D0N45">
            <wcet number="0">10</wcet>
            <wcet number="1">20</wcet>
            <maxpow number="0.790012297504534"/>
            <maxpow number="0.790012297504534"/>
            <fprob>0.0</fprob>
        </actor>
        <actor name="D0N0">
            <wcet number="0">50</wcet>
            <wcet number="1">50</wcet>
            <maxpow number="0.5880662580031768"/>
            <maxpow number="0.5880662580031768"/>
            <fprob>0.0</fprob>
        </actor>
        <actor name="D0N31">
            <wcet number="0">10</wcet>
            <wcet number="1">20</wcet>
            <maxpow number="0.595499749735833"/>
            <maxpow number="0.595499749735833"/>
            <fprob>0.0</fprob>
        </actor>
        <actor name="D0N24">
            <wcet number="0">100</wcet>
            <wcet number="1">240</wcet>
            <maxpow number="0.2964997050346247"/>
            <maxpow number="0.2964997050346247"/>
            <fprob>0.0</fprob>
        </actor>
        <actor name="D0N37">
            <wcet number="0">150</wcet>
            <wcet number="1">860</wcet>
            <maxpow number="0.27240123557840845"/>
            <maxpow number="0.27240123557840845"/>
            <fprob>0.0</fprob>
        </actor>
        <actor name="D0N29">
            <wcet number="0">300</wcet>
            <wcet number="1">630</wcet>
            <maxpow number="0.7873250039459376"/>
            <maxpow number="0.7873250039459376"/>
            <fprob>0.0</fprob>
        </actor>
        <actor name="D0N5">
            <wcet number="0">100</wcet>
            <wcet number="1">100</wcet>
            <maxpow number="0.6463143433460521"/>
            <maxpow number="0.6463143433460521"/>
            <fprob>0.0</fprob>
        </actor>
        <actor name="D0N1">
            <wcet number="0">10</wcet>
            <wcet number="1">10</wcet>
            <maxpow number="0.628799551219955"/>
            <maxpow number="0.628799551219955"/>
            <fprob>0.0</fprob>
        </actor>
        <actor name="D0N3">
            <wcet number="0">10</wcet>
            <wcet number="1">10</wcet>
            <maxpow number="0.7436500374400808"/>
            <maxpow number="0.7436500374400808"/>
            <fprob>0.0</fprob>
        </actor>
        <actor name="D0N48">
            <wcet number="0">90</wcet>
            <wcet number="1">100</wcet>
            <maxpow number="0.657774104977926"/>
            <maxpow number="0.657774104977926"/>
            <fprob>0.0</fprob>
        </actor>
        <actor name="D0N32">
            <wcet number="0">90</wcet>
            <wcet number="1">300</wcet>
            <maxpow number="0.6087944661584898"/>
            <maxpow number="0.6087944661584898"/>
            <fprob>0.0</fprob>
        </actor>
        <actor name="D0N41">
            <wcet number="0">60</wcet>
            <wcet number="1">100</wcet>
            <maxpow number="0.6405203611374546"/>
            <maxpow number="0.6405203611374546"/>
            <fprob>0.0</fprob>
        </actor>
        <actor name="D0N9">
            <wcet number="0">250</wcet>
            <wcet number="1">270</wcet>
            <maxpow number="0.45980928693328976"/>
            <maxpow number="0.45980928693328976"/>
            <fprob>0.0</fprob>
        </actor>
        <actor name="D0N49">
            <wcet number="0">10</wcet>
            <wcet number="1">190</wcet>
            <maxpow number="0.7293093808012732"/>
            <maxpow number="0.7293093808012732"/>
            <fprob>0.0</fprob>
        </actor>
        <actor name="D0N38">
            <wcet number="0">190</wcet>
            <wcet number="1">440</wcet>
            <maxpow number="0.5441224688314322"/>
            <maxpow number="0.5441224688314322"/>
            <fprob>0.0</fprob>
        </actor>
        <actor name="D0N46">
            <wcet number="0">370</wcet>
            <wcet number="1">490</wcet>
            <maxpow number="0.42355275112806295"/>
            <maxpow number="0.42355275112806295"/>
            <fprob>0.0</fprob>
        </actor>
        <actor name="D0N8">
            <wcet number="0">20</wcet>
            <wcet number="1">40</wcet>
            <maxpow number="0.6410675073563917"/>
            <maxpow number="0.6410675073563917"/>
            <fprob>0.0</fprob>
        </actor>
        <ports>
            <port dstActor="D0N31" name="p0" srcActor="D0N20"/>
            <port dstActor="D0N25" name="p1" srcActor="D0N17"/>
            <port dstActor="D0N32" name="p2" srcActor="D0N17"/>
            <port dstActor="D0N36" name="p3" srcActor="D0N12"/>
            <port dstActor="D0N22" name="p4" srcActor="D0N12"/>
            <port dstActor="D0N37" name="p5" srcActor="D0N12"/>
            <port dstActor="D0N49" name="p6" srcActor="D0N14"/>
            <port dstActor="D0N16" name="p7" srcActor="D0N14"/>
            <port dstActor="D0N18" name="p8" srcActor="D0N14"/>
            <port dstActor="D0N44" name="p9" srcActor="D0N15"/>
            <port dstActor="D0N44" name="p10" srcActor="D0N42"/>
            <port dstActor="D0N38" name="p11" srcActor="D0N13"/>
            <port dstActor="D0N34" name="p12" srcActor="D0N13"/>
            <port dstActor="D0N32" name="p13" srcActor="D0N13"/>
            <port dstActor="D0N46" name="p14" srcActor="D0N28"/>
            <port dstActor="D0N34" name="p15" srcActor="D0N28"/>
            <port dstActor="D0N45" name="p16" srcActor="D0N28"/>
            <port dstActor="D0N38" name="p17" srcActor="D0N28"/>
            <port dstActor="D0N34" name="p18" srcActor="D0N21"/>
            <port dstActor="D0N43" name="p19" srcActor="D0N21"/>
            <port dstActor="D0N27" name="p20" srcActor="D0N21"/>
            <port dstActor="D0N25" name="p21" srcActor="D0N21"/>
            <port dstActor="D0N47" name="p22" srcActor="D0N21"/>
            <port dstActor="D0N42" name="p23" srcActor="D0N2"/>
            <port dstActor="D0N18" name="p24" srcActor="D0N2"/>
            <port dstActor="D0N48" name="p25" srcActor="D0N2"/>
            <port dstActor="D0N25" name="p26" srcActor="D0N23"/>
            <port dstActor="D0N35" name="p27" srcActor="D0N23"/>
            <port dstActor="D0N36" name="p28" srcActor="D0N23"/>
            <port dstActor="D0N31" name="p29" srcActor="D0N4"/>
            <port dstActor="D0N15" name="p30" srcActor="D0N4"/>
            <port dstActor="D0N45" name="p31" srcActor="D0N4"/>
            <port dstActor="D0N42" name="p32" srcActor="D0N19"/>
            <port dstActor="D0N23" name="p33" srcActor="D0N19"/>
            <port dstActor="D0N45" name="p34" srcActor="D0N19"/>
            <port dstActor="D0N47" name="p35" srcActor="D0N19"/>
            <port dstActor="D0N32" name="p36" srcActor="D0N18"/>
            <port dstActor="D0N48" name="p37" srcActor="D0N18"/>
            <port dstActor="D0N34" name="p38" srcActor="D0N18"/>
            <port dstActor="D0N40" name="p39" srcActor="D0N18"/>
            <port dstActor="D0N42" name="p40" srcActor="D0N26"/>
            <port dstActor="D0N49" name="p41" srcActor="D0N26"/>
            <port dstActor="D0N47" name="p42" srcActor="D0N26"/>
            <port dstActor="D0N39" name="p43" srcActor="D0N26"/>
            <port dstActor="D0N38" name="p44" srcActor="D0N33"/>
            <port dstActor="D0N47" name="p45" srcActor="D0N10"/>
            <port dstActor="D0N30" name="p46" srcActor="D0N10"/>
            <port dstActor="D0N46" name="p47" srcActor="D0N10"/>
            <port dstActor="D0N44" name="p48" srcActor="D0N10"/>
            <port dstActor="D0N43" name="p49" srcActor="D0N10"/>
            <port dstActor="D0N26" name="p50" srcActor="D0N10"/>
            <port dstActor="D0N36" name="p51" srcActor="D0N10"/>
            <port dstActor="D0N24" name="p52" srcActor="D0N10"/>
            <port dstActor="D0N40" name="p53" srcActor="D0N27"/>
            <port dstActor="D0N31" name="p54" srcActor="D0N27"/>
            <port dstActor="D0N36" name="p55" srcActor="D0N27"/>
            <port dstActor="D0N29" name="p56" srcActor="D0N27"/>
            <port dstActor="D0N33" name="p57" srcActor="D0N27"/>
            <port dstActor="D0N39" name="p58" srcActor="D0N27"/>
            <port dstActor="D0N49" name="p59" srcActor="D0N39"/>
            <port dstActor="D0N41" name="p60" srcActor="D0N34"/>
            <port dstActor="D0N19" name="p61" srcActor="D0N7"/>
            <port dstActor="D0N26" name="p62" srcActor="D0N7"/>
            <port dstActor="D0N27" name="p63" srcActor="D0N7"/>
            <port dstActor="D0N23" name="p64" srcActor="D0N7"/>
            <port dstActor="D0N15" name="p65" srcActor="D0N7"/>
            <port dstActor="D0N45" name="p66" srcActor="D0N7"/>
            <port dstActor="D0N9" name="p67" srcActor="D0N7"/>
            <port dstActor="D0N21" name="p68" srcActor="D0N6"/>
            <port dstActor="D0N7" name="p69" srcActor="D0N6"/>
            <port dstActor="D0N35" name="p70" srcActor="D0N6"/>
            <port dstActor="D0N43" name="p71" srcActor="D0N6"/>
            <port dstActor="D0N19" name="p72" srcActor="D0N11"/>
            <port dstActor="D0N22" name="p73" srcActor="D0N11"/>
            <port dstActor="D0N34" name="p74" srcActor="D0N11"/>
            <port dstActor="D0N39" name="p75" srcActor="D0N11"/>
            <port dstActor="D0N26" name="p76" srcActor="D0N22"/>
            <port dstActor="D0N36" name="p77" srcActor="D0N22"/>
            <port dstActor="D0N43" name="p78" srcActor="D0N16"/>
            <port dstActor="D0N44" name="p79" srcActor="D0N16"/>
            <port dstActor="D0N22" name="p80" srcActor="D0N16"/>
            <port dstActor="D0N27" name="p81" srcActor="D0N16"/>
            <port dstActor="D0N45" name="p82" srcActor="D0N30"/>
            <port dstActor="D0N32" name="p83" srcActor="D0N30"/>
            <port dstActor="D0N42" name="p84" srcActor="D0N30"/>
            <port dstActor="D0N29" name="p85" srcActor="D0N25"/>
            <port dstActor="D0N41" name="p86" srcActor="D0N25"/>
            <port dstActor="D0N34" name="p87" srcActor="D0N25"/>
            <port dstActor="D0N28" name="p88" srcActor="D0N25"/>
            <port dstActor="D0N40" name="p89" srcActor="D0N36"/>
            <port dstActor="D0N45" name="p90" srcActor="D0N36"/>
            <port dstActor="D0N21" name="p91" srcActor="D0N0"/>
            <port dstActor="D0N42" name="p92" srcActor="D0N0"/>
            <port dstActor="D0N6" name="p93" srcActor="D0N0"/>
            <port dstActor="D0N12" name="p94" srcActor="D0N0"/>
            <port dstActor="D0N46" name="p95" srcActor="D0N0"/>
            <port dstActor="D0N20" name="p96" srcActor="D0N0"/>
            <port dstActor="D0N11" name="p97" srcActor="D0N0"/>
            <port dstActor="D0N38" name="p98" srcActor="D0N31"/>
            <port dstActor="D0N47" name="p99" srcActor="D0N31"/>
            <port dstActor="D0N48" name="p100" srcActor="D0N24"/>
            <port dstActor="D0N36" name="p101" srcActor="D0N24"/>
            <port dstActor="D0N26" name="p102" srcActor="D0N24"/>
            <port dstActor="D0N48" name="p103" srcActor="D0N37"/>
            <port dstActor="D0N30" name="p104" srcActor="D0N29"/>
            <port dstActor="D0N47" name="p105" srcActor="D0N29"/>
            <port dstActor="D0N39" name="p106" srcActor="D0N29"/>
            <port dstActor="D0N32" name="p107" srcActor="D0N5"/>
            <port dstActor="D0N47" name="p108" srcActor="D0N1"/>
            <port dstActor="D0N12" name="p109" srcActor="D0N1"/>
            <port dstActor="D0N37" name="p110" srcActor="D0N1"/>
            <port dstActor="D0N22" name="p111" srcActor="D0N1"/>
            <port dstActor="D0N21" name="p112" srcActor="D0N1"/>
            <port dstActor="D0N29" name="p113" srcActor="D0N3"/>
            <port dstActor="D0N11" name="p114" srcActor="D0N3"/>
            <port dstActor="D0N4" name="p115" srcActor="D0N3"/>
            <port dstActor="D0N47" name="p116" srcActor="D0N32"/>
            <port dstActor="D0N48" name="p117" srcActor="D0N9"/>
            <port dstActor="D0N43" name="p118" srcActor="D0N9"/>
            <port dstActor="D0N31" name="p119" srcActor="D0N9"/>
            <port dstActor="D0N20" name="p120" srcActor="D0N8"/>
            <port dstActor="D0N24" name="p121" srcActor="D0N8"/>
            <port dstActor="D0N16" name="p122" srcActor="D0N8"/>
            <port dstActor="D0N18" name="p123" srcActor="D0N8"/>
            <port dstActor="D0N14" name="p124" srcActor="D0N8"/>
        </ports>
    </mcdag>
    <cores number="3"/>
    <levels number="2"/>
</mcsystem>
