<?xml version="1.0" encoding="UTF-8" standalone="no"?>
<mcsystem>
    <mcdag deadline="1500" name="genned-0-ed-10.0-0">
        <actor name="D0N4">
            <wcet number="0">30</wcet>
            <wcet number="1">70</wcet>
            <maxpow number="0.3138859924615627"/>
            <maxpow number="0.3138859924615627"/>
            <fprob>0.0</fprob>
        </actor>
        <actor name="D0N1">
            <wcet number="0">30</wcet>
            <wcet number="1">30</wcet>
            <maxpow number="0.6440407866722153"/>
            <maxpow number="0.6440407866722153"/>
            <fprob>0.0</fprob>
        </actor>
        <actor name="D0N28">
            <wcet number="0">60</wcet>
            <wcet number="1">70</wcet>
            <maxpow number="0.25211512990452184"/>
            <maxpow number="0.25211512990452184"/>
            <fprob>0.0</fprob>
        </actor>
        <actor name="D0N8">
            <wcet number="0">10</wcet>
            <wcet number="1">50</wcet>
            <maxpow number="0.8661421330528802"/>
            <maxpow number="0.8661421330528802"/>
            <fprob>0.0</fprob>
        </actor>
        <actor name="D0N30">
            <wcet number="0">20</wcet>
            <wcet number="1">30</wcet>
            <maxpow number="0.6496890531361441"/>
            <maxpow number="0.6496890531361441"/>
            <fprob>0.0</fprob>
        </actor>
        <actor name="D0N33">
            <wcet number="0">60</wcet>
            <wcet number="1">60</wcet>
            <maxpow number="0.4428905667938901"/>
            <maxpow number="0.4428905667938901"/>
            <fprob>0.0</fprob>
        </actor>
        <actor name="D0N11">
            <wcet number="0">10</wcet>
            <wcet number="1">60</wcet>
            <maxpow number="0.4341064678907195"/>
            <maxpow number="0.4341064678907195"/>
            <fprob>0.0</fprob>
        </actor>
        <actor name="D0N9">
            <wcet number="0">60</wcet>
            <wcet number="1">140</wcet>
            <maxpow number="0.8083548316366229"/>
            <maxpow number="0.8083548316366229"/>
            <fprob>0.0</fprob>
        </actor>
        <actor name="D0N22">
            <wcet number="0">10</wcet>
            <wcet number="1">160</wcet>
            <maxpow number="0.47434624497669187"/>
            <maxpow number="0.47434624497669187"/>
            <fprob>0.0</fprob>
        </actor>
        <actor name="D0N21">
            <wcet number="0">150</wcet>
            <wcet number="1">170</wcet>
            <maxpow number="0.7371635201596921"/>
            <maxpow number="0.7371635201596921"/>
            <fprob>0.0</fprob>
        </actor>
        <actor name="D0N23">
            <wcet number="0">180</wcet>
            <wcet number="1">380</wcet>
            <maxpow number="0.3640410817560996"/>
            <maxpow number="0.3640410817560996"/>
            <fprob>0.0</fprob>
        </actor>
        <actor name="D0N27">
            <wcet number="0">10</wcet>
            <wcet number="1">20</wcet>
            <maxpow number="0.4496421717003253"/>
            <maxpow number="0.4496421717003253"/>
            <fprob>0.0</fprob>
        </actor>
        <actor name="D0N35">
            <wcet number="0">10</wcet>
            <wcet number="1">10</wcet>
            <maxpow number="0.6964694351779288"/>
            <maxpow number="0.6964694351779288"/>
            <fprob>0.0</fprob>
        </actor>
        <actor name="D0N39">
            <wcet number="0">10</wcet>
            <wcet number="1">150</wcet>
            <maxpow number="0.9432723419156352"/>
            <maxpow number="0.9432723419156352"/>
            <fprob>0.0</fprob>
        </actor>
        <actor name="D0N37">
            <wcet number="0">140</wcet>
            <wcet number="1">160</wcet>
            <maxpow number="0.5729737236165356"/>
            <maxpow number="0.5729737236165356"/>
            <fprob>0.0</fprob>
        </actor>
        <actor name="D0N40">
            <wcet number="0">50</wcet>
            <wcet number="1">80</wcet>
            <maxpow number="0.7483605982920604"/>
            <maxpow number="0.7483605982920604"/>
            <fprob>0.0</fprob>
        </actor>
        <actor name="D0N42">
            <wcet number="0">10</wcet>
            <wcet number="1">30</wcet>
            <maxpow number="0.7193341998106674"/>
            <maxpow number="0.7193341998106674"/>
            <fprob>0.0</fprob>
        </actor>
        <actor name="D0N15">
            <wcet number="0">40</wcet>
            <wcet number="1">170</wcet>
            <maxpow number="0.3837772716845116"/>
            <maxpow number="0.3837772716845116"/>
            <fprob>0.0</fprob>
        </actor>
        <actor name="D0N5">
            <wcet number="0">10</wcet>
            <wcet number="1">10</wcet>
            <maxpow number="0.38928827305341707"/>
            <maxpow number="0.38928827305341707"/>
            <fprob>0.0</fprob>
        </actor>
        <actor name="D0N38">
            <wcet number="0">10</wcet>
            <wcet number="1">40</wcet>
            <maxpow number="0.7664306481076237"/>
            <maxpow number="0.7664306481076237"/>
            <fprob>0.0</fprob>
        </actor>
        <actor name="D0N17">
            <wcet number="0">30</wcet>
            <wcet number="1">40</wcet>
            <maxpow number="0.7662710567085546"/>
            <maxpow number="0.7662710567085546"/>
            <fprob>0.0</fprob>
        </actor>
        <actor name="D0N26">
            <wcet number="0">30</wcet>
            <wcet number="1">60</wcet>
            <maxpow number="0.6878318293567581"/>
            <maxpow number="0.6878318293567581"/>
            <fprob>0.0</fprob>
        </actor>
        <actor name="D0N34">
            <wcet number="0">50</wcet>
            <wcet number="1">60</wcet>
            <maxpow number="0.6681002485446182"/>
            <maxpow number="0.6681002485446182"/>
            <fprob>0.0</fprob>
        </actor>
        <actor name="D0N41">
            <wcet number="0">20</wcet>
            <wcet number="1">50</wcet>
            <maxpow number="0.937907313215658"/>
            <maxpow number="0.937907313215658"/>
            <fprob>0.0</fprob>
        </actor>
        <actor name="D0N3">
            <wcet number="0">110</wcet>
            <wcet number="1">180</wcet>
            <maxpow number="0.2828246987418776"/>
            <maxpow number="0.2828246987418776"/>
            <fprob>0.0</fprob>
        </actor>
        <actor name="D0N32">
            <wcet number="0">10</wcet>
            <wcet number="1">80</wcet>
            <maxpow number="0.6574135262242927"/>
            <maxpow number="0.6574135262242927"/>
            <fprob>0.0</fprob>
        </actor>
        <actor name="D0N44">
            <wcet number="0">60</wcet>
            <wcet number="1">140</wcet>
            <maxpow number="0.6800467245404644"/>
            <maxpow number="0.6800467245404644"/>
            <fprob>0.0</fprob>
        </actor>
        <actor name="D0N20">
            <wcet number="0">50</wcet>
            <wcet number="1">70</wcet>
            <maxpow number="0.3596526662671099"/>
            <maxpow number="0.3596526662671099"/>
            <fprob>0.0</fprob>
        </actor>
        <actor name="D0N6">
            <wcet number="0">230</wcet>
            <wcet number="1">270</wcet>
            <maxpow number="0.712413328814307"/>
            <maxpow number="0.712413328814307"/>
            <fprob>0.0</fprob>
        </actor>
        <actor name="D0N19">
            <wcet number="0">100</wcet>
            <wcet number="1">150</wcet>
            <maxpow number="0.525999003334772"/>
            <maxpow number="0.525999003334772"/>
            <fprob>0.0</fprob>
        </actor>
        <actor name="D0N7">
            <wcet number="0">20</wcet>
            <wcet number="1">40</wcet>
            <maxpow number="0.6522427534683682"/>
            <maxpow number="0.6522427534683682"/>
            <fprob>0.0</fprob>
        </actor>
        <actor name="D0N10">
            <wcet number="0">20</wcet>
            <wcet number="1">70</wcet>
            <maxpow number="0.6381427862225152"/>
            <maxpow number="0.6381427862225152"/>
            <fprob>0.0</fprob>
        </actor>
        <actor name="D0N25">
            <wcet number="0">10</wcet>
            <wcet number="1">30</wcet>
            <maxpow number="0.4425879584046438"/>
            <maxpow number="0.4425879584046438"/>
            <fprob>0.0</fprob>
        </actor>
        <actor name="D0N45">
            <wcet number="0">30</wcet>
            <wcet number="1">30</wcet>
            <maxpow number="0.3510105251111968"/>
            <maxpow number="0.3510105251111968"/>
            <fprob>0.0</fprob>
        </actor>
        <actor name="D0N13">
            <wcet number="0">10</wcet>
            <wcet number="1">10</wcet>
            <maxpow number="0.2545242282888082"/>
            <maxpow number="0.2545242282888082"/>
            <fprob>0.0</fprob>
        </actor>
        <actor name="D0N36">
            <wcet number="0">90</wcet>
            <wcet number="1">250</wcet>
            <maxpow number="0.4051021012995564"/>
            <maxpow number="0.4051021012995564"/>
            <fprob>0.0</fprob>
        </actor>
        <actor name="D0N0">
            <wcet number="0">10</wcet>
            <wcet number="1">10</wcet>
            <maxpow number="0.4446432485092062"/>
            <maxpow number="0.4446432485092062"/>
            <fprob>0.0</fprob>
        </actor>
        <actor name="D0N29">
            <wcet number="0">20</wcet>
            <wcet number="1">60</wcet>
            <maxpow number="0.7514808493658716"/>
            <maxpow number="0.7514808493658716"/>
            <fprob>0.0</fprob>
        </actor>
        <actor name="D0N12">
            <wcet number="0">100</wcet>
            <wcet number="1">160</wcet>
            <maxpow number="0.6875479800510576"/>
            <maxpow number="0.6875479800510576"/>
            <fprob>0.0</fprob>
        </actor>
        <actor name="D0N14">
            <wcet number="0">20</wcet>
            <wcet number="1">100</wcet>
            <maxpow number="0.446967533953096"/>
            <maxpow number="0.446967533953096"/>
            <fprob>0.0</fprob>
        </actor>
        <actor name="D0N31">
            <wcet number="0">10</wcet>
            <wcet number="1">10</wcet>
            <maxpow number="0.6790664594819792"/>
            <maxpow number="0.6790664594819792"/>
            <fprob>0.0</fprob>
        </actor>
        <actor name="D0N24">
            <wcet number="0">20</wcet>
            <wcet number="1">30</wcet>
            <maxpow number="0.5405244637859412"/>
            <maxpow number="0.5405244637859412"/>
            <fprob>0.0</fprob>
        </actor>
        <actor name="D0N16">
            <wcet number="0">120</wcet>
            <wcet number="1">130</wcet>
            <maxpow number="0.35393084236186223"/>
            <maxpow number="0.35393084236186223"/>
            <fprob>0.0</fprob>
        </actor>
        <actor name="D0N43">
            <wcet number="0">20</wcet>
            <wcet number="1">30</wcet>
            <maxpow number="0.44529516598142393"/>
            <maxpow number="0.44529516598142393"/>
            <fprob>0.0</fprob>
        </actor>
        <actor name="D0N18">
            <wcet number="0">30</wcet>
            <wcet number="1">80</wcet>
            <maxpow number="0.5997497007221805"/>
            <maxpow number="0.5997497007221805"/>
            <fprob>0.0</fprob>
        </actor>
        <actor name="D0N2">
            <wcet number="0">20</wcet>
            <wcet number="1">20</wcet>
            <maxpow number="0.3431916768791789"/>
            <maxpow number="0.3431916768791789"/>
            <fprob>0.0</fprob>
        </actor>
        <ports>
            <port dstActor="D0N29" name="p0" srcActor="D0N4"/>
            <port dstActor="D0N25" name="p1" srcActor="D0N4"/>
            <port dstActor="D0N20" name="p2" srcActor="D0N4"/>
            <port dstActor="D0N22" name="p3" srcActor="D0N1"/>
            <port dstActor="D0N37" name="p4" srcActor="D0N1"/>
            <port dstActor="D0N24" name="p5" srcActor="D0N1"/>
            <port dstActor="D0N13" name="p6" srcActor="D0N1"/>
            <port dstActor="D0N8" name="p7" srcActor="D0N1"/>
            <port dstActor="D0N35" name="p8" srcActor="D0N1"/>
            <port dstActor="D0N33" name="p9" srcActor="D0N1"/>
            <port dstActor="D0N25" name="p10" srcActor="D0N1"/>
            <port dstActor="D0N36" name="p11" srcActor="D0N28"/>
            <port dstActor="D0N41" name="p12" srcActor="D0N28"/>
            <port dstActor="D0N21" name="p13" srcActor="D0N8"/>
            <port dstActor="D0N12" name="p14" srcActor="D0N8"/>
            <port dstActor="D0N37" name="p15" srcActor="D0N30"/>
            <port dstActor="D0N36" name="p16" srcActor="D0N30"/>
            <port dstActor="D0N35" name="p17" srcActor="D0N30"/>
            <port dstActor="D0N41" name="p18" srcActor="D0N33"/>
            <port dstActor="D0N45" name="p19" srcActor="D0N33"/>
            <port dstActor="D0N42" name="p20" srcActor="D0N11"/>
            <port dstActor="D0N15" name="p21" srcActor="D0N11"/>
            <port dstActor="D0N30" name="p22" srcActor="D0N11"/>
            <port dstActor="D0N18" name="p23" srcActor="D0N11"/>
            <port dstActor="D0N45" name="p24" srcActor="D0N11"/>
            <port dstActor="D0N39" name="p25" srcActor="D0N9"/>
            <port dstActor="D0N27" name="p26" srcActor="D0N9"/>
            <port dstActor="D0N12" name="p27" srcActor="D0N9"/>
            <port dstActor="D0N16" name="p28" srcActor="D0N9"/>
            <port dstActor="D0N11" name="p29" srcActor="D0N9"/>
            <port dstActor="D0N39" name="p30" srcActor="D0N22"/>
            <port dstActor="D0N23" name="p31" srcActor="D0N22"/>
            <port dstActor="D0N32" name="p32" srcActor="D0N22"/>
            <port dstActor="D0N37" name="p33" srcActor="D0N23"/>
            <port dstActor="D0N38" name="p34" srcActor="D0N23"/>
            <port dstActor="D0N44" name="p35" srcActor="D0N23"/>
            <port dstActor="D0N32" name="p36" srcActor="D0N23"/>
            <port dstActor="D0N41" name="p37" srcActor="D0N23"/>
            <port dstActor="D0N30" name="p38" srcActor="D0N27"/>
            <port dstActor="D0N34" name="p39" srcActor="D0N27"/>
            <port dstActor="D0N41" name="p40" srcActor="D0N27"/>
            <port dstActor="D0N45" name="p41" srcActor="D0N27"/>
            <port dstActor="D0N42" name="p42" srcActor="D0N37"/>
            <port dstActor="D0N29" name="p43" srcActor="D0N5"/>
            <port dstActor="D0N18" name="p44" srcActor="D0N5"/>
            <port dstActor="D0N17" name="p45" srcActor="D0N5"/>
            <port dstActor="D0N24" name="p46" srcActor="D0N5"/>
            <port dstActor="D0N21" name="p47" srcActor="D0N5"/>
            <port dstActor="D0N28" name="p48" srcActor="D0N17"/>
            <port dstActor="D0N23" name="p49" srcActor="D0N17"/>
            <port dstActor="D0N32" name="p50" srcActor="D0N26"/>
            <port dstActor="D0N34" name="p51" srcActor="D0N26"/>
            <port dstActor="D0N44" name="p52" srcActor="D0N26"/>
            <port dstActor="D0N31" name="p53" srcActor="D0N26"/>
            <port dstActor="D0N43" name="p54" srcActor="D0N26"/>
            <port dstActor="D0N45" name="p55" srcActor="D0N34"/>
            <port dstActor="D0N35" name="p56" srcActor="D0N34"/>
            <port dstActor="D0N43" name="p57" srcActor="D0N41"/>
            <port dstActor="D0N4" name="p58" srcActor="D0N3"/>
            <port dstActor="D0N38" name="p59" srcActor="D0N3"/>
            <port dstActor="D0N26" name="p60" srcActor="D0N3"/>
            <port dstActor="D0N44" name="p61" srcActor="D0N3"/>
            <port dstActor="D0N37" name="p62" srcActor="D0N20"/>
            <port dstActor="D0N45" name="p63" srcActor="D0N20"/>
            <port dstActor="D0N15" name="p64" srcActor="D0N6"/>
            <port dstActor="D0N32" name="p65" srcActor="D0N6"/>
            <port dstActor="D0N45" name="p66" srcActor="D0N6"/>
            <port dstActor="D0N32" name="p67" srcActor="D0N19"/>
            <port dstActor="D0N33" name="p68" srcActor="D0N19"/>
            <port dstActor="D0N30" name="p69" srcActor="D0N19"/>
            <port dstActor="D0N26" name="p70" srcActor="D0N19"/>
            <port dstActor="D0N34" name="p71" srcActor="D0N7"/>
            <port dstActor="D0N28" name="p72" srcActor="D0N7"/>
            <port dstActor="D0N17" name="p73" srcActor="D0N7"/>
            <port dstActor="D0N20" name="p74" srcActor="D0N7"/>
            <port dstActor="D0N32" name="p75" srcActor="D0N10"/>
            <port dstActor="D0N26" name="p76" srcActor="D0N25"/>
            <port dstActor="D0N37" name="p77" srcActor="D0N25"/>
            <port dstActor="D0N39" name="p78" srcActor="D0N25"/>
            <port dstActor="D0N34" name="p79" srcActor="D0N25"/>
            <port dstActor="D0N38" name="p80" srcActor="D0N25"/>
            <port dstActor="D0N40" name="p81" srcActor="D0N25"/>
            <port dstActor="D0N18" name="p82" srcActor="D0N13"/>
            <port dstActor="D0N29" name="p83" srcActor="D0N13"/>
            <port dstActor="D0N37" name="p84" srcActor="D0N13"/>
            <port dstActor="D0N31" name="p85" srcActor="D0N0"/>
            <port dstActor="D0N23" name="p86" srcActor="D0N0"/>
            <port dstActor="D0N12" name="p87" srcActor="D0N0"/>
            <port dstActor="D0N14" name="p88" srcActor="D0N0"/>
            <port dstActor="D0N33" name="p89" srcActor="D0N0"/>
            <port dstActor="D0N43" name="p90" srcActor="D0N0"/>
            <port dstActor="D0N19" name="p91" srcActor="D0N0"/>
            <port dstActor="D0N18" name="p92" srcActor="D0N0"/>
            <port dstActor="D0N39" name="p93" srcActor="D0N0"/>
            <port dstActor="D0N31" name="p94" srcActor="D0N29"/>
            <port dstActor="D0N39" name="p95" srcActor="D0N29"/>
            <port dstActor="D0N45" name="p96" srcActor="D0N29"/>
            <port dstActor="D0N32" name="p97" srcActor="D0N12"/>
            <port dstActor="D0N42" name="p98" srcActor="D0N12"/>
            <port dstActor="D0N25" name="p99" srcActor="D0N12"/>
            <port dstActor="D0N28" name="p100" srcActor="D0N14"/>
            <port dstActor="D0N23" name="p101" srcActor="D0N14"/>
            <port dstActor="D0N29" name="p102" srcActor="D0N14"/>
            <port dstActor="D0N18" name="p103" srcActor="D0N14"/>
            <port dstActor="D0N39" name="p104" srcActor="D0N14"/>
            <port dstActor="D0N36" name="p105" srcActor="D0N14"/>
            <port dstActor="D0N33" name="p106" srcActor="D0N31"/>
            <port dstActor="D0N43" name="p107" srcActor="D0N24"/>
            <port dstActor="D0N29" name="p108" srcActor="D0N24"/>
            <port dstActor="D0N33" name="p109" srcActor="D0N24"/>
            <port dstActor="D0N39" name="p110" srcActor="D0N16"/>
            <port dstActor="D0N27" name="p111" srcActor="D0N16"/>
            <port dstActor="D0N22" name="p112" srcActor="D0N16"/>
            <port dstActor="D0N23" name="p113" srcActor="D0N18"/>
            <port dstActor="D0N27" name="p114" srcActor="D0N18"/>
            <port dstActor="D0N37" name="p115" srcActor="D0N18"/>
            <port dstActor="D0N41" name="p116" srcActor="D0N2"/>
            <port dstActor="D0N20" name="p117" srcActor="D0N2"/>
            <port dstActor="D0N32" name="p118" srcActor="D0N2"/>
        </ports>
    </mcdag>
    <cores number="3"/>
    <levels number="2"/>
</mcsystem>
