<?xml version="1.0" encoding="UTF-8" standalone="no"?>
<mcsystem>
    <mcdag deadline="2200" name="genned-0-ed-10.0-0">
        <actor name="D0N6">
            <wcet number="0">40</wcet>
            <wcet number="1">80</wcet>
            <maxpow number="0.5215704239816221"/>
            <maxpow number="0.5215704239816221"/>
            <fprob>0.0</fprob>
        </actor>
        <actor name="D0N34">
            <wcet number="0">10</wcet>
            <wcet number="1">10</wcet>
            <maxpow number="0.3416232821933032"/>
            <maxpow number="0.3416232821933032"/>
            <fprob>0.0</fprob>
        </actor>
        <actor name="D0N7">
            <wcet number="0">10</wcet>
            <wcet number="1">30</wcet>
            <maxpow number="0.6041637675900443"/>
            <maxpow number="0.6041637675900443"/>
            <fprob>0.0</fprob>
        </actor>
        <actor name="D0N17">
            <wcet number="0">200</wcet>
            <wcet number="1">260</wcet>
            <maxpow number="0.6265238986587215"/>
            <maxpow number="0.6265238986587215"/>
            <fprob>0.0</fprob>
        </actor>
        <actor name="D0N32">
            <wcet number="0">10</wcet>
            <wcet number="1">20</wcet>
            <maxpow number="0.8036481427003181"/>
            <maxpow number="0.8036481427003181"/>
            <fprob>0.0</fprob>
        </actor>
        <actor name="D0N44">
            <wcet number="0">110</wcet>
            <wcet number="1">130</wcet>
            <maxpow number="0.6267091568634442"/>
            <maxpow number="0.6267091568634442"/>
            <fprob>0.0</fprob>
        </actor>
        <actor name="D0N15">
            <wcet number="0">40</wcet>
            <wcet number="1">110</wcet>
            <maxpow number="0.8181366452624164"/>
            <maxpow number="0.8181366452624164"/>
            <fprob>0.0</fprob>
        </actor>
        <actor name="D0N12">
            <wcet number="0">70</wcet>
            <wcet number="1">80</wcet>
            <maxpow number="0.7174510001395572"/>
            <maxpow number="0.7174510001395572"/>
            <fprob>0.0</fprob>
        </actor>
        <actor name="D0N48">
            <wcet number="0">90</wcet>
            <wcet number="1">280</wcet>
            <maxpow number="0.6971392141611515"/>
            <maxpow number="0.6971392141611515"/>
            <fprob>0.0</fprob>
        </actor>
        <actor name="D0N16">
            <wcet number="0">40</wcet>
            <wcet number="1">40</wcet>
            <maxpow number="0.7134445116545298"/>
            <maxpow number="0.7134445116545298"/>
            <fprob>0.0</fprob>
        </actor>
        <actor name="D0N9">
            <wcet number="0">70</wcet>
            <wcet number="1">130</wcet>
            <maxpow number="0.465433925029557"/>
            <maxpow number="0.465433925029557"/>
            <fprob>0.0</fprob>
        </actor>
        <actor name="D0N24">
            <wcet number="0">40</wcet>
            <wcet number="1">460</wcet>
            <maxpow number="0.7704228237412505"/>
            <maxpow number="0.7704228237412505"/>
            <fprob>0.0</fprob>
        </actor>
        <actor name="D0N14">
            <wcet number="0">30</wcet>
            <wcet number="1">100</wcet>
            <maxpow number="0.18861883314081723"/>
            <maxpow number="0.18861883314081723"/>
            <fprob>0.0</fprob>
        </actor>
        <actor name="D0N21">
            <wcet number="0">30</wcet>
            <wcet number="1">140</wcet>
            <maxpow number="0.34218105091530826"/>
            <maxpow number="0.34218105091530826"/>
            <fprob>0.0</fprob>
        </actor>
        <actor name="D0N46">
            <wcet number="0">90</wcet>
            <wcet number="1">120</wcet>
            <maxpow number="0.8475089422620492"/>
            <maxpow number="0.8475089422620492"/>
            <fprob>0.0</fprob>
        </actor>
        <actor name="D0N11">
            <wcet number="0">160</wcet>
            <wcet number="1">250</wcet>
            <maxpow number="0.8633108466726189"/>
            <maxpow number="0.8633108466726189"/>
            <fprob>0.0</fprob>
        </actor>
        <actor name="D0N36">
            <wcet number="0">90</wcet>
            <wcet number="1">90</wcet>
            <maxpow number="0.5588982838999798"/>
            <maxpow number="0.5588982838999798"/>
            <fprob>0.0</fprob>
        </actor>
        <actor name="D0N40">
            <wcet number="0">50</wcet>
            <wcet number="1">190</wcet>
            <maxpow number="0.6067842032255685"/>
            <maxpow number="0.6067842032255685"/>
            <fprob>0.0</fprob>
        </actor>
        <actor name="D0N35">
            <wcet number="0">30</wcet>
            <wcet number="1">150</wcet>
            <maxpow number="0.5927579127531497"/>
            <maxpow number="0.5927579127531497"/>
            <fprob>0.0</fprob>
        </actor>
        <actor name="D0N22">
            <wcet number="0">10</wcet>
            <wcet number="1">10</wcet>
            <maxpow number="0.6112444676875559"/>
            <maxpow number="0.6112444676875559"/>
            <fprob>0.0</fprob>
        </actor>
        <actor name="D0N41">
            <wcet number="0">60</wcet>
            <wcet number="1">70</wcet>
            <maxpow number="0.4826376176764052"/>
            <maxpow number="0.4826376176764052"/>
            <fprob>0.0</fprob>
        </actor>
        <actor name="D0N1">
            <wcet number="0">60</wcet>
            <wcet number="1">70</wcet>
            <maxpow number="0.5260090233072855"/>
            <maxpow number="0.5260090233072855"/>
            <fprob>0.0</fprob>
        </actor>
        <actor name="D0N0">
            <wcet number="0">100</wcet>
            <wcet number="1">130</wcet>
            <maxpow number="0.5055752056202409"/>
            <maxpow number="0.5055752056202409"/>
            <fprob>0.0</fprob>
        </actor>
        <actor name="D0N13">
            <wcet number="0">110</wcet>
            <wcet number="1">240</wcet>
            <maxpow number="0.5992659289936145"/>
            <maxpow number="0.5992659289936145"/>
            <fprob>0.0</fprob>
        </actor>
        <actor name="D0N2">
            <wcet number="0">10</wcet>
            <wcet number="1">30</wcet>
            <maxpow number="0.5081419631425783"/>
            <maxpow number="0.5081419631425783"/>
            <fprob>0.0</fprob>
        </actor>
        <actor name="D0N26">
            <wcet number="0">250</wcet>
            <wcet number="1">340</wcet>
            <maxpow number="0.5869366819726725"/>
            <maxpow number="0.5869366819726725"/>
            <fprob>0.0</fprob>
        </actor>
        <actor name="D0N27">
            <wcet number="0">110</wcet>
            <wcet number="1">290</wcet>
            <maxpow number="1.0097678608754825"/>
            <maxpow number="1.0097678608754825"/>
            <fprob>0.0</fprob>
        </actor>
        <actor name="D0N10">
            <wcet number="0">30</wcet>
            <wcet number="1">80</wcet>
            <maxpow number="0.821457384448954"/>
            <maxpow number="0.821457384448954"/>
            <fprob>0.0</fprob>
        </actor>
        <actor name="D0N8">
            <wcet number="0">50</wcet>
            <wcet number="1">200</wcet>
            <maxpow number="0.5688041762268017"/>
            <maxpow number="0.5688041762268017"/>
            <fprob>0.0</fprob>
        </actor>
        <actor name="D0N19">
            <wcet number="0">50</wcet>
            <wcet number="1">100</wcet>
            <maxpow number="0.5989686019932037"/>
            <maxpow number="0.5989686019932037"/>
            <fprob>0.0</fprob>
        </actor>
        <actor name="D0N31">
            <wcet number="0">40</wcet>
            <wcet number="1">40</wcet>
            <maxpow number="0.4203920435809217"/>
            <maxpow number="0.4203920435809217"/>
            <fprob>0.0</fprob>
        </actor>
        <actor name="D0N29">
            <wcet number="0">170</wcet>
            <wcet number="1">170</wcet>
            <maxpow number="0.43765415139082703"/>
            <maxpow number="0.43765415139082703"/>
            <fprob>0.0</fprob>
        </actor>
        <actor name="D0N5">
            <wcet number="0">60</wcet>
            <wcet number="1">60</wcet>
            <maxpow number="0.3626602800066666"/>
            <maxpow number="0.3626602800066666"/>
            <fprob>0.0</fprob>
        </actor>
        <actor name="D0N38">
            <wcet number="0">10</wcet>
            <wcet number="1">20</wcet>
            <maxpow number="0.4841033179476565"/>
            <maxpow number="0.4841033179476565"/>
            <fprob>0.0</fprob>
        </actor>
        <actor name="D0N3">
            <wcet number="0">50</wcet>
            <wcet number="1">90</wcet>
            <maxpow number="0.3963735310160096"/>
            <maxpow number="0.3963735310160096"/>
            <fprob>0.0</fprob>
        </actor>
        <actor name="D0N20">
            <wcet number="0">10</wcet>
            <wcet number="1">10</wcet>
            <maxpow number="0.9382161667508564"/>
            <maxpow number="0.9382161667508564"/>
            <fprob>0.0</fprob>
        </actor>
        <actor name="D0N28">
            <wcet number="0">70</wcet>
            <wcet number="1">80</wcet>
            <maxpow number="0.5135282283389634"/>
            <maxpow number="0.5135282283389634"/>
            <fprob>0.0</fprob>
        </actor>
        <actor name="D0N37">
            <wcet number="0">30</wcet>
            <wcet number="1">30</wcet>
            <maxpow number="0.5453734422027583"/>
            <maxpow number="0.5453734422027583"/>
            <fprob>0.0</fprob>
        </actor>
        <actor name="D0N30">
            <wcet number="0">20</wcet>
            <wcet number="1">20</wcet>
            <maxpow number="0.8330873862126655"/>
            <maxpow number="0.8330873862126655"/>
            <fprob>0.0</fprob>
        </actor>
        <actor name="D0N23">
            <wcet number="0">210</wcet>
            <wcet number="1">260</wcet>
            <maxpow number="0.6157366952271436"/>
            <maxpow number="0.6157366952271436"/>
            <fprob>0.0</fprob>
        </actor>
        <actor name="D0N4">
            <wcet number="0">30</wcet>
            <wcet number="1">40</wcet>
            <maxpow number="0.46049821967036325"/>
            <maxpow number="0.46049821967036325"/>
            <fprob>0.0</fprob>
        </actor>
        <actor name="D0N39">
            <wcet number="0">50</wcet>
            <wcet number="1">70</wcet>
            <maxpow number="0.2776526461486325"/>
            <maxpow number="0.2776526461486325"/>
            <fprob>0.0</fprob>
        </actor>
        <actor name="D0N42">
            <wcet number="0">30</wcet>
            <wcet number="1">40</wcet>
            <maxpow number="0.5352306490624326"/>
            <maxpow number="0.5352306490624326"/>
            <fprob>0.0</fprob>
        </actor>
        <actor name="D0N47">
            <wcet number="0">30</wcet>
            <wcet number="1">100</wcet>
            <maxpow number="0.4573195707947188"/>
            <maxpow number="0.4573195707947188"/>
            <fprob>0.0</fprob>
        </actor>
        <actor name="D0N43">
            <wcet number="0">180</wcet>
            <wcet number="1">190</wcet>
            <maxpow number="0.8163296585576927"/>
            <maxpow number="0.8163296585576927"/>
            <fprob>0.0</fprob>
        </actor>
        <actor name="D0N45">
            <wcet number="0">30</wcet>
            <wcet number="1">60</wcet>
            <maxpow number="0.24923241302525545"/>
            <maxpow number="0.24923241302525545"/>
            <fprob>0.0</fprob>
        </actor>
        <actor name="D0N18">
            <wcet number="0">10</wcet>
            <wcet number="1">20</wcet>
            <maxpow number="0.503803926237407"/>
            <maxpow number="0.503803926237407"/>
            <fprob>0.0</fprob>
        </actor>
        <actor name="D0N25">
            <wcet number="0">100</wcet>
            <wcet number="1">180</wcet>
            <maxpow number="0.7659888697218085"/>
            <maxpow number="0.7659888697218085"/>
            <fprob>0.0</fprob>
        </actor>
        <actor name="D0N33">
            <wcet number="0">10</wcet>
            <wcet number="1">10</wcet>
            <maxpow number="0.37599161137724624"/>
            <maxpow number="0.37599161137724624"/>
            <fprob>0.0</fprob>
        </actor>
        <ports>
            <port dstActor="D0N33" name="p0" srcActor="D0N6"/>
            <port dstActor="D0N10" name="p1" srcActor="D0N6"/>
            <port dstActor="D0N44" name="p2" srcActor="D0N6"/>
            <port dstActor="D0N11" name="p3" srcActor="D0N6"/>
            <port dstActor="D0N26" name="p4" srcActor="D0N6"/>
            <port dstActor="D0N45" name="p5" srcActor="D0N6"/>
            <port dstActor="D0N25" name="p6" srcActor="D0N7"/>
            <port dstActor="D0N47" name="p7" srcActor="D0N7"/>
            <port dstActor="D0N41" name="p8" srcActor="D0N7"/>
            <port dstActor="D0N39" name="p9" srcActor="D0N7"/>
            <port dstActor="D0N20" name="p10" srcActor="D0N17"/>
            <port dstActor="D0N33" name="p11" srcActor="D0N17"/>
            <port dstActor="D0N45" name="p12" srcActor="D0N17"/>
            <port dstActor="D0N34" name="p13" srcActor="D0N32"/>
            <port dstActor="D0N42" name="p14" srcActor="D0N32"/>
            <port dstActor="D0N16" name="p15" srcActor="D0N15"/>
            <port dstActor="D0N21" name="p16" srcActor="D0N15"/>
            <port dstActor="D0N29" name="p17" srcActor="D0N12"/>
            <port dstActor="D0N35" name="p18" srcActor="D0N16"/>
            <port dstActor="D0N17" name="p19" srcActor="D0N16"/>
            <port dstActor="D0N32" name="p20" srcActor="D0N16"/>
            <port dstActor="D0N19" name="p21" srcActor="D0N16"/>
            <port dstActor="D0N30" name="p22" srcActor="D0N16"/>
            <port dstActor="D0N38" name="p23" srcActor="D0N16"/>
            <port dstActor="D0N26" name="p24" srcActor="D0N16"/>
            <port dstActor="D0N22" name="p25" srcActor="D0N9"/>
            <port dstActor="D0N46" name="p26" srcActor="D0N9"/>
            <port dstActor="D0N44" name="p27" srcActor="D0N9"/>
            <port dstActor="D0N38" name="p28" srcActor="D0N9"/>
            <port dstActor="D0N14" name="p29" srcActor="D0N9"/>
            <port dstActor="D0N40" name="p30" srcActor="D0N24"/>
            <port dstActor="D0N42" name="p31" srcActor="D0N24"/>
            <port dstActor="D0N28" name="p32" srcActor="D0N24"/>
            <port dstActor="D0N26" name="p33" srcActor="D0N24"/>
            <port dstActor="D0N47" name="p34" srcActor="D0N14"/>
            <port dstActor="D0N28" name="p35" srcActor="D0N14"/>
            <port dstActor="D0N30" name="p36" srcActor="D0N14"/>
            <port dstActor="D0N23" name="p37" srcActor="D0N14"/>
            <port dstActor="D0N37" name="p38" srcActor="D0N14"/>
            <port dstActor="D0N35" name="p39" srcActor="D0N21"/>
            <port dstActor="D0N46" name="p40" srcActor="D0N21"/>
            <port dstActor="D0N26" name="p41" srcActor="D0N21"/>
            <port dstActor="D0N47" name="p42" srcActor="D0N21"/>
            <port dstActor="D0N22" name="p43" srcActor="D0N21"/>
            <port dstActor="D0N38" name="p44" srcActor="D0N21"/>
            <port dstActor="D0N41" name="p45" srcActor="D0N21"/>
            <port dstActor="D0N48" name="p46" srcActor="D0N46"/>
            <port dstActor="D0N13" name="p47" srcActor="D0N11"/>
            <port dstActor="D0N31" name="p48" srcActor="D0N11"/>
            <port dstActor="D0N15" name="p49" srcActor="D0N11"/>
            <port dstActor="D0N45" name="p50" srcActor="D0N11"/>
            <port dstActor="D0N43" name="p51" srcActor="D0N36"/>
            <port dstActor="D0N48" name="p52" srcActor="D0N36"/>
            <port dstActor="D0N37" name="p53" srcActor="D0N36"/>
            <port dstActor="D0N44" name="p54" srcActor="D0N35"/>
            <port dstActor="D0N47" name="p55" srcActor="D0N22"/>
            <port dstActor="D0N33" name="p56" srcActor="D0N22"/>
            <port dstActor="D0N6" name="p57" srcActor="D0N1"/>
            <port dstActor="D0N30" name="p58" srcActor="D0N1"/>
            <port dstActor="D0N43" name="p59" srcActor="D0N1"/>
            <port dstActor="D0N36" name="p60" srcActor="D0N1"/>
            <port dstActor="D0N46" name="p61" srcActor="D0N1"/>
            <port dstActor="D0N15" name="p62" srcActor="D0N1"/>
            <port dstActor="D0N22" name="p63" srcActor="D0N1"/>
            <port dstActor="D0N7" name="p64" srcActor="D0N1"/>
            <port dstActor="D0N25" name="p65" srcActor="D0N0"/>
            <port dstActor="D0N31" name="p66" srcActor="D0N0"/>
            <port dstActor="D0N44" name="p67" srcActor="D0N0"/>
            <port dstActor="D0N42" name="p68" srcActor="D0N0"/>
            <port dstActor="D0N46" name="p69" srcActor="D0N0"/>
            <port dstActor="D0N28" name="p70" srcActor="D0N13"/>
            <port dstActor="D0N39" name="p71" srcActor="D0N13"/>
            <port dstActor="D0N33" name="p72" srcActor="D0N13"/>
            <port dstActor="D0N36" name="p73" srcActor="D0N13"/>
            <port dstActor="D0N3" name="p74" srcActor="D0N2"/>
            <port dstActor="D0N6" name="p75" srcActor="D0N2"/>
            <port dstActor="D0N20" name="p76" srcActor="D0N2"/>
            <port dstActor="D0N47" name="p77" srcActor="D0N2"/>
            <port dstActor="D0N4" name="p78" srcActor="D0N2"/>
            <port dstActor="D0N40" name="p79" srcActor="D0N2"/>
            <port dstActor="D0N39" name="p80" srcActor="D0N27"/>
            <port dstActor="D0N30" name="p81" srcActor="D0N27"/>
            <port dstActor="D0N13" name="p82" srcActor="D0N10"/>
            <port dstActor="D0N34" name="p83" srcActor="D0N10"/>
            <port dstActor="D0N48" name="p84" srcActor="D0N10"/>
            <port dstActor="D0N22" name="p85" srcActor="D0N10"/>
            <port dstActor="D0N44" name="p86" srcActor="D0N8"/>
            <port dstActor="D0N16" name="p87" srcActor="D0N8"/>
            <port dstActor="D0N33" name="p88" srcActor="D0N8"/>
            <port dstActor="D0N10" name="p89" srcActor="D0N8"/>
            <port dstActor="D0N14" name="p90" srcActor="D0N8"/>
            <port dstActor="D0N17" name="p91" srcActor="D0N8"/>
            <port dstActor="D0N33" name="p92" srcActor="D0N19"/>
            <port dstActor="D0N23" name="p93" srcActor="D0N19"/>
            <port dstActor="D0N39" name="p94" srcActor="D0N31"/>
            <port dstActor="D0N37" name="p95" srcActor="D0N31"/>
            <port dstActor="D0N31" name="p96" srcActor="D0N5"/>
            <port dstActor="D0N38" name="p97" srcActor="D0N5"/>
            <port dstActor="D0N45" name="p98" srcActor="D0N38"/>
            <port dstActor="D0N40" name="p99" srcActor="D0N38"/>
            <port dstActor="D0N19" name="p100" srcActor="D0N3"/>
            <port dstActor="D0N45" name="p101" srcActor="D0N3"/>
            <port dstActor="D0N43" name="p102" srcActor="D0N3"/>
            <port dstActor="D0N29" name="p103" srcActor="D0N3"/>
            <port dstActor="D0N23" name="p104" srcActor="D0N3"/>
            <port dstActor="D0N33" name="p105" srcActor="D0N3"/>
            <port dstActor="D0N32" name="p106" srcActor="D0N20"/>
            <port dstActor="D0N44" name="p107" srcActor="D0N20"/>
            <port dstActor="D0N29" name="p108" srcActor="D0N20"/>
            <port dstActor="D0N47" name="p109" srcActor="D0N30"/>
            <port dstActor="D0N43" name="p110" srcActor="D0N23"/>
            <port dstActor="D0N42" name="p111" srcActor="D0N4"/>
            <port dstActor="D0N19" name="p112" srcActor="D0N4"/>
            <port dstActor="D0N24" name="p113" srcActor="D0N4"/>
            <port dstActor="D0N13" name="p114" srcActor="D0N4"/>
            <port dstActor="D0N12" name="p115" srcActor="D0N4"/>
            <port dstActor="D0N33" name="p116" srcActor="D0N4"/>
            <port dstActor="D0N46" name="p117" srcActor="D0N45"/>
            <port dstActor="D0N43" name="p118" srcActor="D0N18"/>
            <port dstActor="D0N22" name="p119" srcActor="D0N18"/>
            <port dstActor="D0N40" name="p120" srcActor="D0N18"/>
            <port dstActor="D0N42" name="p121" srcActor="D0N18"/>
            <port dstActor="D0N37" name="p122" srcActor="D0N18"/>
            <port dstActor="D0N45" name="p123" srcActor="D0N25"/>
            <port dstActor="D0N34" name="p124" srcActor="D0N33"/>
            <port dstActor="D0N35" name="p125" srcActor="D0N33"/>
            <port dstActor="D0N43" name="p126" srcActor="D0N33"/>
        </ports>
    </mcdag>
    <cores number="3"/>
    <levels number="2"/>
</mcsystem>
