<?xml version="1.0" encoding="UTF-8" standalone="no"?>
<mcsystem>
    <mcdag deadline="1000" name="genned-0-ed-10.0-0">
        <actor name="D0N21">
            <wcet number="0">20</wcet>
            <wcet number="1">50</wcet>
            <maxpow number="0.9021512827008418"/>
            <maxpow number="0.9021512827008418"/>
            <fprob>0.0</fprob>
        </actor>
        <actor name="D0N6">
            <wcet number="0">40</wcet>
            <wcet number="1">60</wcet>
            <maxpow number="0.4214353651610019"/>
            <maxpow number="0.4214353651610019"/>
            <fprob>0.0</fprob>
        </actor>
        <actor name="D0N43">
            <wcet number="0">10</wcet>
            <wcet number="1">40</wcet>
            <maxpow number="0.5492603880711917"/>
            <maxpow number="0.5492603880711917"/>
            <fprob>0.0</fprob>
        </actor>
        <actor name="D0N34">
            <wcet number="0">10</wcet>
            <wcet number="1">60</wcet>
            <maxpow number="0.46823948344844746"/>
            <maxpow number="0.46823948344844746"/>
            <fprob>0.0</fprob>
        </actor>
        <actor name="D0N24">
            <wcet number="0">30</wcet>
            <wcet number="1">60</wcet>
            <maxpow number="0.5133700588136894"/>
            <maxpow number="0.5133700588136894"/>
            <fprob>0.0</fprob>
        </actor>
        <actor name="D0N44">
            <wcet number="0">60</wcet>
            <wcet number="1">90</wcet>
            <maxpow number="0.6720894142293065"/>
            <maxpow number="0.6720894142293065"/>
            <fprob>0.0</fprob>
        </actor>
        <actor name="D0N14">
            <wcet number="0">10</wcet>
            <wcet number="1">10</wcet>
            <maxpow number="0.5616245229236482"/>
            <maxpow number="0.5616245229236482"/>
            <fprob>0.0</fprob>
        </actor>
        <actor name="D0N23">
            <wcet number="0">50</wcet>
            <wcet number="1">120</wcet>
            <maxpow number="0.5594625845761555"/>
            <maxpow number="0.5594625845761555"/>
            <fprob>0.0</fprob>
        </actor>
        <actor name="D0N15">
            <wcet number="0">10</wcet>
            <wcet number="1">20</wcet>
            <maxpow number="0.6413609316387254"/>
            <maxpow number="0.6413609316387254"/>
            <fprob>0.0</fprob>
        </actor>
        <actor name="D0N18">
            <wcet number="0">20</wcet>
            <wcet number="1">30</wcet>
            <maxpow number="0.5571776243991816"/>
            <maxpow number="0.5571776243991816"/>
            <fprob>0.0</fprob>
        </actor>
        <actor name="D0N36">
            <wcet number="0">250</wcet>
            <wcet number="1">270</wcet>
            <maxpow number="0.6767564975139958"/>
            <maxpow number="0.6767564975139958"/>
            <fprob>0.0</fprob>
        </actor>
        <actor name="D0N17">
            <wcet number="0">70</wcet>
            <wcet number="1">80</wcet>
            <maxpow number="0.5266170579865996"/>
            <maxpow number="0.5266170579865996"/>
            <fprob>0.0</fprob>
        </actor>
        <actor name="D0N40">
            <wcet number="0">40</wcet>
            <wcet number="1">100</wcet>
            <maxpow number="0.6628500512923952"/>
            <maxpow number="0.6628500512923952"/>
            <fprob>0.0</fprob>
        </actor>
        <actor name="D0N3">
            <wcet number="0">50</wcet>
            <wcet number="1">80</wcet>
            <maxpow number="0.31611341999627995"/>
            <maxpow number="0.31611341999627995"/>
            <fprob>0.0</fprob>
        </actor>
        <actor name="D0N39">
            <wcet number="0">140</wcet>
            <wcet number="1">160</wcet>
            <maxpow number="0.5062268491146255"/>
            <maxpow number="0.5062268491146255"/>
            <fprob>0.0</fprob>
        </actor>
        <actor name="D0N4">
            <wcet number="0">30</wcet>
            <wcet number="1">40</wcet>
            <maxpow number="0.43861361409032507"/>
            <maxpow number="0.43861361409032507"/>
            <fprob>0.0</fprob>
        </actor>
        <actor name="D0N37">
            <wcet number="0">20</wcet>
            <wcet number="1">40</wcet>
            <maxpow number="0.26381745976683285"/>
            <maxpow number="0.26381745976683285"/>
            <fprob>0.0</fprob>
        </actor>
        <actor name="D0N45">
            <wcet number="0">10</wcet>
            <wcet number="1">30</wcet>
            <maxpow number="0.3662202579770779"/>
            <maxpow number="0.3662202579770779"/>
            <fprob>0.0</fprob>
        </actor>
        <actor name="D0N13">
            <wcet number="0">10</wcet>
            <wcet number="1">10</wcet>
            <maxpow number="0.726727123393668"/>
            <maxpow number="0.726727123393668"/>
            <fprob>0.0</fprob>
        </actor>
        <actor name="D0N42">
            <wcet number="0">10</wcet>
            <wcet number="1">40</wcet>
            <maxpow number="0.6483398068622529"/>
            <maxpow number="0.6483398068622529"/>
            <fprob>0.0</fprob>
        </actor>
        <actor name="D0N8">
            <wcet number="0">10</wcet>
            <wcet number="1">40</wcet>
            <maxpow number="0.41419509157759005"/>
            <maxpow number="0.41419509157759005"/>
            <fprob>0.0</fprob>
        </actor>
        <actor name="D0N25">
            <wcet number="0">80</wcet>
            <wcet number="1">90</wcet>
            <maxpow number="0.47370720877760275"/>
            <maxpow number="0.47370720877760275"/>
            <fprob>0.0</fprob>
        </actor>
        <actor name="D0N5">
            <wcet number="0">10</wcet>
            <wcet number="1">20</wcet>
            <maxpow number="0.6717957220089249"/>
            <maxpow number="0.6717957220089249"/>
            <fprob>0.0</fprob>
        </actor>
        <actor name="D0N2">
            <wcet number="0">10</wcet>
            <wcet number="1">10</wcet>
            <maxpow number="0.4190988277241601"/>
            <maxpow number="0.4190988277241601"/>
            <fprob>0.0</fprob>
        </actor>
        <actor name="D0N7">
            <wcet number="0">10</wcet>
            <wcet number="1">30</wcet>
            <maxpow number="0.6912378345731633"/>
            <maxpow number="0.6912378345731633"/>
            <fprob>0.0</fprob>
        </actor>
        <actor name="D0N30">
            <wcet number="0">80</wcet>
            <wcet number="1">110</wcet>
            <maxpow number="0.580401688942455"/>
            <maxpow number="0.580401688942455"/>
            <fprob>0.0</fprob>
        </actor>
        <actor name="D0N0">
            <wcet number="0">20</wcet>
            <wcet number="1">50</wcet>
            <maxpow number="0.5908825903524304"/>
            <maxpow number="0.5908825903524304"/>
            <fprob>0.0</fprob>
        </actor>
        <actor name="D0N9">
            <wcet number="0">10</wcet>
            <wcet number="1">70</wcet>
            <maxpow number="0.6365070096914858"/>
            <maxpow number="0.6365070096914858"/>
            <fprob>0.0</fprob>
        </actor>
        <actor name="D0N33">
            <wcet number="0">50</wcet>
            <wcet number="1">50</wcet>
            <maxpow number="1.0785575415701918"/>
            <maxpow number="1.0785575415701918"/>
            <fprob>0.0</fprob>
        </actor>
        <actor name="D0N32">
            <wcet number="0">90</wcet>
            <wcet number="1">240</wcet>
            <maxpow number="0.2959058024758762"/>
            <maxpow number="0.2959058024758762"/>
            <fprob>0.0</fprob>
        </actor>
        <actor name="D0N10">
            <wcet number="0">10</wcet>
            <wcet number="1">10</wcet>
            <maxpow number="0.5420290900538594"/>
            <maxpow number="0.5420290900538594"/>
            <fprob>0.0</fprob>
        </actor>
        <actor name="D0N12">
            <wcet number="0">10</wcet>
            <wcet number="1">10</wcet>
            <maxpow number="0.5501793912525706"/>
            <maxpow number="0.5501793912525706"/>
            <fprob>0.0</fprob>
        </actor>
        <actor name="D0N35">
            <wcet number="0">10</wcet>
            <wcet number="1">40</wcet>
            <maxpow number="0.2491665999130946"/>
            <maxpow number="0.2491665999130946"/>
            <fprob>0.0</fprob>
        </actor>
        <actor name="D0N27">
            <wcet number="0">10</wcet>
            <wcet number="1">20</wcet>
            <maxpow number="0.657169386981698"/>
            <maxpow number="0.657169386981698"/>
            <fprob>0.0</fprob>
        </actor>
        <actor name="D0N22">
            <wcet number="0">10</wcet>
            <wcet number="1">10</wcet>
            <maxpow number="0.5344559710243724"/>
            <maxpow number="0.5344559710243724"/>
            <fprob>0.0</fprob>
        </actor>
        <actor name="D0N19">
            <wcet number="0">100</wcet>
            <wcet number="1">200</wcet>
            <maxpow number="0.37117497202124694"/>
            <maxpow number="0.37117497202124694"/>
            <fprob>0.0</fprob>
        </actor>
        <actor name="D0N26">
            <wcet number="0">10</wcet>
            <wcet number="1">20</wcet>
            <maxpow number="0.6556617205351167"/>
            <maxpow number="0.6556617205351167"/>
            <fprob>0.0</fprob>
        </actor>
        <actor name="D0N16">
            <wcet number="0">20</wcet>
            <wcet number="1">40</wcet>
            <maxpow number="0.7541401178359572"/>
            <maxpow number="0.7541401178359572"/>
            <fprob>0.0</fprob>
        </actor>
        <actor name="D0N41">
            <wcet number="0">10</wcet>
            <wcet number="1">100</wcet>
            <maxpow number="0.5711545875554852"/>
            <maxpow number="0.5711545875554852"/>
            <fprob>0.0</fprob>
        </actor>
        <actor name="D0N1">
            <wcet number="0">20</wcet>
            <wcet number="1">20</wcet>
            <maxpow number="0.4939456310808364"/>
            <maxpow number="0.4939456310808364"/>
            <fprob>0.0</fprob>
        </actor>
        <actor name="D0N38">
            <wcet number="0">10</wcet>
            <wcet number="1">10</wcet>
            <maxpow number="0.7917737230050568"/>
            <maxpow number="0.7917737230050568"/>
            <fprob>0.0</fprob>
        </actor>
        <actor name="D0N28">
            <wcet number="0">20</wcet>
            <wcet number="1">30</wcet>
            <maxpow number="0.4160800223773251"/>
            <maxpow number="0.4160800223773251"/>
            <fprob>0.0</fprob>
        </actor>
        <actor name="D0N31">
            <wcet number="0">10</wcet>
            <wcet number="1">30</wcet>
            <maxpow number="0.21294190195766988"/>
            <maxpow number="0.21294190195766988"/>
            <fprob>0.0</fprob>
        </actor>
        <actor name="D0N29">
            <wcet number="0">20</wcet>
            <wcet number="1">20</wcet>
            <maxpow number="0.4230896202483967"/>
            <maxpow number="0.4230896202483967"/>
            <fprob>0.0</fprob>
        </actor>
        <actor name="D0N20">
            <wcet number="0">10</wcet>
            <wcet number="1">20</wcet>
            <maxpow number="0.5031452300661833"/>
            <maxpow number="0.5031452300661833"/>
            <fprob>0.0</fprob>
        </actor>
        <actor name="D0N11">
            <wcet number="0">10</wcet>
            <wcet number="1">20</wcet>
            <maxpow number="0.780525905896353"/>
            <maxpow number="0.780525905896353"/>
            <fprob>0.0</fprob>
        </actor>
        <ports>
            <port dstActor="D0N20" name="p0" srcActor="D0N6"/>
            <port dstActor="D0N35" name="p1" srcActor="D0N6"/>
            <port dstActor="D0N16" name="p2" srcActor="D0N6"/>
            <port dstActor="D0N36" name="p3" srcActor="D0N34"/>
            <port dstActor="D0N40" name="p4" srcActor="D0N34"/>
            <port dstActor="D0N41" name="p5" srcActor="D0N34"/>
            <port dstActor="D0N35" name="p6" srcActor="D0N34"/>
            <port dstActor="D0N29" name="p7" srcActor="D0N14"/>
            <port dstActor="D0N16" name="p8" srcActor="D0N14"/>
            <port dstActor="D0N18" name="p9" srcActor="D0N14"/>
            <port dstActor="D0N39" name="p10" srcActor="D0N14"/>
            <port dstActor="D0N23" name="p11" srcActor="D0N14"/>
            <port dstActor="D0N44" name="p12" srcActor="D0N14"/>
            <port dstActor="D0N38" name="p13" srcActor="D0N23"/>
            <port dstActor="D0N29" name="p14" srcActor="D0N23"/>
            <port dstActor="D0N31" name="p15" srcActor="D0N23"/>
            <port dstActor="D0N45" name="p16" srcActor="D0N23"/>
            <port dstActor="D0N44" name="p17" srcActor="D0N23"/>
            <port dstActor="D0N43" name="p18" srcActor="D0N23"/>
            <port dstActor="D0N18" name="p19" srcActor="D0N15"/>
            <port dstActor="D0N31" name="p20" srcActor="D0N15"/>
            <port dstActor="D0N24" name="p21" srcActor="D0N15"/>
            <port dstActor="D0N25" name="p22" srcActor="D0N15"/>
            <port dstActor="D0N36" name="p23" srcActor="D0N15"/>
            <port dstActor="D0N34" name="p24" srcActor="D0N18"/>
            <port dstActor="D0N43" name="p25" srcActor="D0N18"/>
            <port dstActor="D0N33" name="p26" srcActor="D0N17"/>
            <port dstActor="D0N44" name="p27" srcActor="D0N17"/>
            <port dstActor="D0N23" name="p28" srcActor="D0N17"/>
            <port dstActor="D0N42" name="p29" srcActor="D0N17"/>
            <port dstActor="D0N28" name="p30" srcActor="D0N17"/>
            <port dstActor="D0N29" name="p31" srcActor="D0N17"/>
            <port dstActor="D0N34" name="p32" srcActor="D0N17"/>
            <port dstActor="D0N28" name="p33" srcActor="D0N3"/>
            <port dstActor="D0N9" name="p34" srcActor="D0N3"/>
            <port dstActor="D0N41" name="p35" srcActor="D0N3"/>
            <port dstActor="D0N40" name="p36" srcActor="D0N39"/>
            <port dstActor="D0N20" name="p37" srcActor="D0N4"/>
            <port dstActor="D0N42" name="p38" srcActor="D0N4"/>
            <port dstActor="D0N45" name="p39" srcActor="D0N37"/>
            <port dstActor="D0N32" name="p40" srcActor="D0N13"/>
            <port dstActor="D0N43" name="p41" srcActor="D0N13"/>
            <port dstActor="D0N25" name="p42" srcActor="D0N13"/>
            <port dstActor="D0N45" name="p43" srcActor="D0N13"/>
            <port dstActor="D0N12" name="p44" srcActor="D0N8"/>
            <port dstActor="D0N42" name="p45" srcActor="D0N8"/>
            <port dstActor="D0N41" name="p46" srcActor="D0N25"/>
            <port dstActor="D0N30" name="p47" srcActor="D0N25"/>
            <port dstActor="D0N31" name="p48" srcActor="D0N5"/>
            <port dstActor="D0N7" name="p49" srcActor="D0N5"/>
            <port dstActor="D0N23" name="p50" srcActor="D0N5"/>
            <port dstActor="D0N26" name="p51" srcActor="D0N5"/>
            <port dstActor="D0N44" name="p52" srcActor="D0N5"/>
            <port dstActor="D0N14" name="p53" srcActor="D0N5"/>
            <port dstActor="D0N12" name="p54" srcActor="D0N5"/>
            <port dstActor="D0N23" name="p55" srcActor="D0N2"/>
            <port dstActor="D0N15" name="p56" srcActor="D0N7"/>
            <port dstActor="D0N36" name="p57" srcActor="D0N7"/>
            <port dstActor="D0N45" name="p58" srcActor="D0N7"/>
            <port dstActor="D0N31" name="p59" srcActor="D0N7"/>
            <port dstActor="D0N42" name="p60" srcActor="D0N7"/>
            <port dstActor="D0N8" name="p61" srcActor="D0N7"/>
            <port dstActor="D0N37" name="p62" srcActor="D0N30"/>
            <port dstActor="D0N31" name="p63" srcActor="D0N30"/>
            <port dstActor="D0N5" name="p64" srcActor="D0N0"/>
            <port dstActor="D0N13" name="p65" srcActor="D0N0"/>
            <port dstActor="D0N33" name="p66" srcActor="D0N0"/>
            <port dstActor="D0N37" name="p67" srcActor="D0N0"/>
            <port dstActor="D0N9" name="p68" srcActor="D0N0"/>
            <port dstActor="D0N21" name="p69" srcActor="D0N9"/>
            <port dstActor="D0N18" name="p70" srcActor="D0N9"/>
            <port dstActor="D0N40" name="p71" srcActor="D0N9"/>
            <port dstActor="D0N38" name="p72" srcActor="D0N9"/>
            <port dstActor="D0N45" name="p73" srcActor="D0N32"/>
            <port dstActor="D0N32" name="p74" srcActor="D0N10"/>
            <port dstActor="D0N31" name="p75" srcActor="D0N10"/>
            <port dstActor="D0N27" name="p76" srcActor="D0N12"/>
            <port dstActor="D0N42" name="p77" srcActor="D0N12"/>
            <port dstActor="D0N26" name="p78" srcActor="D0N12"/>
            <port dstActor="D0N21" name="p79" srcActor="D0N12"/>
            <port dstActor="D0N37" name="p80" srcActor="D0N12"/>
            <port dstActor="D0N38" name="p81" srcActor="D0N12"/>
            <port dstActor="D0N36" name="p82" srcActor="D0N27"/>
            <port dstActor="D0N45" name="p83" srcActor="D0N27"/>
            <port dstActor="D0N43" name="p84" srcActor="D0N27"/>
            <port dstActor="D0N24" name="p85" srcActor="D0N22"/>
            <port dstActor="D0N38" name="p86" srcActor="D0N19"/>
            <port dstActor="D0N26" name="p87" srcActor="D0N19"/>
            <port dstActor="D0N33" name="p88" srcActor="D0N26"/>
            <port dstActor="D0N27" name="p89" srcActor="D0N16"/>
            <port dstActor="D0N42" name="p90" srcActor="D0N41"/>
            <port dstActor="D0N43" name="p91" srcActor="D0N41"/>
            <port dstActor="D0N5" name="p92" srcActor="D0N1"/>
            <port dstActor="D0N3" name="p93" srcActor="D0N1"/>
            <port dstActor="D0N6" name="p94" srcActor="D0N1"/>
            <port dstActor="D0N21" name="p95" srcActor="D0N1"/>
            <port dstActor="D0N29" name="p96" srcActor="D0N1"/>
            <port dstActor="D0N36" name="p97" srcActor="D0N31"/>
            <port dstActor="D0N45" name="p98" srcActor="D0N31"/>
            <port dstActor="D0N44" name="p99" srcActor="D0N31"/>
            <port dstActor="D0N43" name="p100" srcActor="D0N29"/>
            <port dstActor="D0N24" name="p101" srcActor="D0N20"/>
            <port dstActor="D0N21" name="p102" srcActor="D0N20"/>
            <port dstActor="D0N29" name="p103" srcActor="D0N20"/>
            <port dstActor="D0N15" name="p104" srcActor="D0N11"/>
            <port dstActor="D0N30" name="p105" srcActor="D0N11"/>
            <port dstActor="D0N19" name="p106" srcActor="D0N11"/>
        </ports>
    </mcdag>
    <cores number="3"/>
    <levels number="2"/>
</mcsystem>
