<?xml version="1.0" encoding="UTF-8" standalone="no"?>
<mcsystem>
    <mcdag deadline="3000" name="genned-0-ed-10.0-0">
        <actor name="D0N10">
            <wcet number="0">130</wcet>
            <wcet number="1">150</wcet>
            <maxpow number="0.5771708759470232"/>
            <maxpow number="0.5771708759470232"/>
            <fprob>0.0</fprob>
        </actor>
        <actor name="D0N28">
            <wcet number="0">10</wcet>
            <wcet number="1">20</wcet>
            <maxpow number="0.32684431455416296"/>
            <maxpow number="0.32684431455416296"/>
            <fprob>0.0</fprob>
        </actor>
        <actor name="D0N26">
            <wcet number="0">70</wcet>
            <wcet number="1">70</wcet>
            <maxpow number="0.09724168069459233"/>
            <maxpow number="0.09724168069459233"/>
            <fprob>0.0</fprob>
        </actor>
        <actor name="D0N8">
            <wcet number="0">20</wcet>
            <wcet number="1">100</wcet>
            <maxpow number="0.663435538098319"/>
            <maxpow number="0.663435538098319"/>
            <fprob>0.0</fprob>
        </actor>
        <actor name="D0N24">
            <wcet number="0">160</wcet>
            <wcet number="1">190</wcet>
            <maxpow number="0.6004967461997915"/>
            <maxpow number="0.6004967461997915"/>
            <fprob>0.0</fprob>
        </actor>
        <actor name="D0N32">
            <wcet number="0">10</wcet>
            <wcet number="1">10</wcet>
            <maxpow number="1.0743785933270678"/>
            <maxpow number="1.0743785933270678"/>
            <fprob>0.0</fprob>
        </actor>
        <actor name="D0N45">
            <wcet number="0">30</wcet>
            <wcet number="1">30</wcet>
            <maxpow number="0.17059448080624606"/>
            <maxpow number="0.17059448080624606"/>
            <fprob>0.0</fprob>
        </actor>
        <actor name="D0N20">
            <wcet number="0">100</wcet>
            <wcet number="1">100</wcet>
            <maxpow number="0.3581558394363774"/>
            <maxpow number="0.3581558394363774"/>
            <fprob>0.0</fprob>
        </actor>
        <actor name="D0N31">
            <wcet number="0">10</wcet>
            <wcet number="1">100</wcet>
            <maxpow number="0.41751215714217366"/>
            <maxpow number="0.41751215714217366"/>
            <fprob>0.0</fprob>
        </actor>
        <actor name="D0N17">
            <wcet number="0">30</wcet>
            <wcet number="1">30</wcet>
            <maxpow number="0.46993319806582007"/>
            <maxpow number="0.46993319806582007"/>
            <fprob>0.0</fprob>
        </actor>
        <actor name="D0N41">
            <wcet number="0">160</wcet>
            <wcet number="1">160</wcet>
            <maxpow number="0.2459655052163885"/>
            <maxpow number="0.2459655052163885"/>
            <fprob>0.0</fprob>
        </actor>
        <actor name="D0N22">
            <wcet number="0">10</wcet>
            <wcet number="1">180</wcet>
            <maxpow number="0.4554442757130734"/>
            <maxpow number="0.4554442757130734"/>
            <fprob>0.0</fprob>
        </actor>
        <actor name="D0N46">
            <wcet number="0">90</wcet>
            <wcet number="1">130</wcet>
            <maxpow number="0.4509257584431329"/>
            <maxpow number="0.4509257584431329"/>
            <fprob>0.0</fprob>
        </actor>
        <actor name="D0N33">
            <wcet number="0">110</wcet>
            <wcet number="1">310</wcet>
            <maxpow number="0.527401382340152"/>
            <maxpow number="0.527401382340152"/>
            <fprob>0.0</fprob>
        </actor>
        <actor name="D0N27">
            <wcet number="0">40</wcet>
            <wcet number="1">70</wcet>
            <maxpow number="0.5477261047419075"/>
            <maxpow number="0.5477261047419075"/>
            <fprob>0.0</fprob>
        </actor>
        <actor name="D0N47">
            <wcet number="0">160</wcet>
            <wcet number="1">430</wcet>
            <maxpow number="0.723159834411636"/>
            <maxpow number="0.723159834411636"/>
            <fprob>0.0</fprob>
        </actor>
        <actor name="D0N36">
            <wcet number="0">30</wcet>
            <wcet number="1">80</wcet>
            <maxpow number="0.6641807240548054"/>
            <maxpow number="0.6641807240548054"/>
            <fprob>0.0</fprob>
        </actor>
        <actor name="D0N13">
            <wcet number="0">30</wcet>
            <wcet number="1">60</wcet>
            <maxpow number="0.730704134400777"/>
            <maxpow number="0.730704134400777"/>
            <fprob>0.0</fprob>
        </actor>
        <actor name="D0N1">
            <wcet number="0">10</wcet>
            <wcet number="1">40</wcet>
            <maxpow number="0.723188989833142"/>
            <maxpow number="0.723188989833142"/>
            <fprob>0.0</fprob>
        </actor>
        <actor name="D0N3">
            <wcet number="0">200</wcet>
            <wcet number="1">210</wcet>
            <maxpow number="0.09715459030460638"/>
            <maxpow number="0.09715459030460638"/>
            <fprob>0.0</fprob>
        </actor>
        <actor name="D0N35">
            <wcet number="0">90</wcet>
            <wcet number="1">100</wcet>
            <maxpow number="0.42540848727106895"/>
            <maxpow number="0.42540848727106895"/>
            <fprob>0.0</fprob>
        </actor>
        <actor name="D0N9">
            <wcet number="0">150</wcet>
            <wcet number="1">240</wcet>
            <maxpow number="0.4949190158027178"/>
            <maxpow number="0.4949190158027178"/>
            <fprob>0.0</fprob>
        </actor>
        <actor name="D0N11">
            <wcet number="0">40</wcet>
            <wcet number="1">130</wcet>
            <maxpow number="0.6786676798658905"/>
            <maxpow number="0.6786676798658905"/>
            <fprob>0.0</fprob>
        </actor>
        <actor name="D0N34">
            <wcet number="0">50</wcet>
            <wcet number="1">130</wcet>
            <maxpow number="0.45507951183717277"/>
            <maxpow number="0.45507951183717277"/>
            <fprob>0.0</fprob>
        </actor>
        <actor name="D0N38">
            <wcet number="0">170</wcet>
            <wcet number="1">270</wcet>
            <maxpow number="0.5153516206907298"/>
            <maxpow number="0.5153516206907298"/>
            <fprob>0.0</fprob>
        </actor>
        <actor name="D0N43">
            <wcet number="0">30</wcet>
            <wcet number="1">130</wcet>
            <maxpow number="0.5517069839288966"/>
            <maxpow number="0.5517069839288966"/>
            <fprob>0.0</fprob>
        </actor>
        <actor name="D0N16">
            <wcet number="0">40</wcet>
            <wcet number="1">150</wcet>
            <maxpow number="0.5378591601844283"/>
            <maxpow number="0.5378591601844283"/>
            <fprob>0.0</fprob>
        </actor>
        <actor name="D0N4">
            <wcet number="0">50</wcet>
            <wcet number="1">50</wcet>
            <maxpow number="0.5309662591211807"/>
            <maxpow number="0.5309662591211807"/>
            <fprob>0.0</fprob>
        </actor>
        <actor name="D0N23">
            <wcet number="0">160</wcet>
            <wcet number="1">260</wcet>
            <maxpow number="0.7012957508944645"/>
            <maxpow number="0.7012957508944645"/>
            <fprob>0.0</fprob>
        </actor>
        <actor name="D0N37">
            <wcet number="0">20</wcet>
            <wcet number="1">30</wcet>
            <maxpow number="0.42274179865039363"/>
            <maxpow number="0.42274179865039363"/>
            <fprob>0.0</fprob>
        </actor>
        <actor name="D0N19">
            <wcet number="0">350</wcet>
            <wcet number="1">370</wcet>
            <maxpow number="0.5706929806651625"/>
            <maxpow number="0.5706929806651625"/>
            <fprob>0.0</fprob>
        </actor>
        <actor name="D0N30">
            <wcet number="0">170</wcet>
            <wcet number="1">190</wcet>
            <maxpow number="0.4119730842302033"/>
            <maxpow number="0.4119730842302033"/>
            <fprob>0.0</fprob>
        </actor>
        <actor name="D0N18">
            <wcet number="0">10</wcet>
            <wcet number="1">20</wcet>
            <maxpow number="0.41394236820957636"/>
            <maxpow number="0.41394236820957636"/>
            <fprob>0.0</fprob>
        </actor>
        <actor name="D0N12">
            <wcet number="0">20</wcet>
            <wcet number="1">50</wcet>
            <maxpow number="0.46893471024746336"/>
            <maxpow number="0.46893471024746336"/>
            <fprob>0.0</fprob>
        </actor>
        <actor name="D0N21">
            <wcet number="0">190</wcet>
            <wcet number="1">630</wcet>
            <maxpow number="0.6330055314750817"/>
            <maxpow number="0.6330055314750817"/>
            <fprob>0.0</fprob>
        </actor>
        <actor name="D0N6">
            <wcet number="0">60</wcet>
            <wcet number="1">130</wcet>
            <maxpow number="0.816992059166714"/>
            <maxpow number="0.816992059166714"/>
            <fprob>0.0</fprob>
        </actor>
        <actor name="D0N44">
            <wcet number="0">170</wcet>
            <wcet number="1">200</wcet>
            <maxpow number="0.6992229116205407"/>
            <maxpow number="0.6992229116205407"/>
            <fprob>0.0</fprob>
        </actor>
        <actor name="D0N15">
            <wcet number="0">460</wcet>
            <wcet number="1">520</wcet>
            <maxpow number="0.6736651731897719"/>
            <maxpow number="0.6736651731897719"/>
            <fprob>0.0</fprob>
        </actor>
        <actor name="D0N0">
            <wcet number="0">20</wcet>
            <wcet number="1">30</wcet>
            <maxpow number="0.2903098214722714"/>
            <maxpow number="0.2903098214722714"/>
            <fprob>0.0</fprob>
        </actor>
        <actor name="D0N39">
            <wcet number="0">30</wcet>
            <wcet number="1">70</wcet>
            <maxpow number="0.5569377673386208"/>
            <maxpow number="0.5569377673386208"/>
            <fprob>0.0</fprob>
        </actor>
        <actor name="D0N14">
            <wcet number="0">60</wcet>
            <wcet number="1">120</wcet>
            <maxpow number="0.6020904307709243"/>
            <maxpow number="0.6020904307709243"/>
            <fprob>0.0</fprob>
        </actor>
        <actor name="D0N5">
            <wcet number="0">60</wcet>
            <wcet number="1">160</wcet>
            <maxpow number="0.5205183477973925"/>
            <maxpow number="0.5205183477973925"/>
            <fprob>0.0</fprob>
        </actor>
        <actor name="D0N25">
            <wcet number="0">30</wcet>
            <wcet number="1">30</wcet>
            <maxpow number="0.6959625826700971"/>
            <maxpow number="0.6959625826700971"/>
            <fprob>0.0</fprob>
        </actor>
        <actor name="D0N2">
            <wcet number="0">30</wcet>
            <wcet number="1">50</wcet>
            <maxpow number="0.5350838621710245"/>
            <maxpow number="0.5350838621710245"/>
            <fprob>0.0</fprob>
        </actor>
        <actor name="D0N29">
            <wcet number="0">120</wcet>
            <wcet number="1">350</wcet>
            <maxpow number="0.7095445201468338"/>
            <maxpow number="0.7095445201468338"/>
            <fprob>0.0</fprob>
        </actor>
        <actor name="D0N7">
            <wcet number="0">30</wcet>
            <wcet number="1">160</wcet>
            <maxpow number="0.5499024598415417"/>
            <maxpow number="0.5499024598415417"/>
            <fprob>0.0</fprob>
        </actor>
        <actor name="D0N40">
            <wcet number="0">350</wcet>
            <wcet number="1">380</wcet>
            <maxpow number="0.9812429382028963"/>
            <maxpow number="0.9812429382028963"/>
            <fprob>0.0</fprob>
        </actor>
        <actor name="D0N42">
            <wcet number="0">70</wcet>
            <wcet number="1">80</wcet>
            <maxpow number="0.3930486051928817"/>
            <maxpow number="0.3930486051928817"/>
            <fprob>0.0</fprob>
        </actor>
        <ports>
            <port dstActor="D0N41" name="p0" srcActor="D0N10"/>
            <port dstActor="D0N31" name="p1" srcActor="D0N28"/>
            <port dstActor="D0N41" name="p2" srcActor="D0N28"/>
            <port dstActor="D0N29" name="p3" srcActor="D0N28"/>
            <port dstActor="D0N34" name="p4" srcActor="D0N26"/>
            <port dstActor="D0N32" name="p5" srcActor="D0N26"/>
            <port dstActor="D0N41" name="p6" srcActor="D0N26"/>
            <port dstActor="D0N29" name="p7" srcActor="D0N8"/>
            <port dstActor="D0N45" name="p8" srcActor="D0N24"/>
            <port dstActor="D0N35" name="p9" srcActor="D0N24"/>
            <port dstActor="D0N40" name="p10" srcActor="D0N24"/>
            <port dstActor="D0N39" name="p11" srcActor="D0N24"/>
            <port dstActor="D0N33" name="p12" srcActor="D0N32"/>
            <port dstActor="D0N34" name="p13" srcActor="D0N32"/>
            <port dstActor="D0N45" name="p14" srcActor="D0N32"/>
            <port dstActor="D0N34" name="p15" srcActor="D0N20"/>
            <port dstActor="D0N40" name="p16" srcActor="D0N20"/>
            <port dstActor="D0N43" name="p17" srcActor="D0N20"/>
            <port dstActor="D0N27" name="p18" srcActor="D0N20"/>
            <port dstActor="D0N37" name="p19" srcActor="D0N31"/>
            <port dstActor="D0N42" name="p20" srcActor="D0N31"/>
            <port dstActor="D0N47" name="p21" srcActor="D0N31"/>
            <port dstActor="D0N38" name="p22" srcActor="D0N31"/>
            <port dstActor="D0N19" name="p23" srcActor="D0N17"/>
            <port dstActor="D0N36" name="p24" srcActor="D0N22"/>
            <port dstActor="D0N38" name="p25" srcActor="D0N22"/>
            <port dstActor="D0N25" name="p26" srcActor="D0N22"/>
            <port dstActor="D0N46" name="p27" srcActor="D0N33"/>
            <port dstActor="D0N44" name="p28" srcActor="D0N33"/>
            <port dstActor="D0N43" name="p29" srcActor="D0N27"/>
            <port dstActor="D0N28" name="p30" srcActor="D0N27"/>
            <port dstActor="D0N29" name="p31" srcActor="D0N27"/>
            <port dstActor="D0N47" name="p32" srcActor="D0N36"/>
            <port dstActor="D0N41" name="p33" srcActor="D0N13"/>
            <port dstActor="D0N45" name="p34" srcActor="D0N13"/>
            <port dstActor="D0N29" name="p35" srcActor="D0N1"/>
            <port dstActor="D0N16" name="p36" srcActor="D0N1"/>
            <port dstActor="D0N45" name="p37" srcActor="D0N1"/>
            <port dstActor="D0N31" name="p38" srcActor="D0N3"/>
            <port dstActor="D0N29" name="p39" srcActor="D0N3"/>
            <port dstActor="D0N42" name="p40" srcActor="D0N3"/>
            <port dstActor="D0N33" name="p41" srcActor="D0N3"/>
            <port dstActor="D0N12" name="p42" srcActor="D0N3"/>
            <port dstActor="D0N45" name="p43" srcActor="D0N3"/>
            <port dstActor="D0N44" name="p44" srcActor="D0N35"/>
            <port dstActor="D0N42" name="p45" srcActor="D0N35"/>
            <port dstActor="D0N37" name="p46" srcActor="D0N9"/>
            <port dstActor="D0N23" name="p47" srcActor="D0N9"/>
            <port dstActor="D0N14" name="p48" srcActor="D0N9"/>
            <port dstActor="D0N13" name="p49" srcActor="D0N9"/>
            <port dstActor="D0N30" name="p50" srcActor="D0N9"/>
            <port dstActor="D0N47" name="p51" srcActor="D0N9"/>
            <port dstActor="D0N38" name="p52" srcActor="D0N11"/>
            <port dstActor="D0N34" name="p53" srcActor="D0N11"/>
            <port dstActor="D0N12" name="p54" srcActor="D0N11"/>
            <port dstActor="D0N18" name="p55" srcActor="D0N11"/>
            <port dstActor="D0N39" name="p56" srcActor="D0N34"/>
            <port dstActor="D0N46" name="p57" srcActor="D0N34"/>
            <port dstActor="D0N47" name="p58" srcActor="D0N34"/>
            <port dstActor="D0N40" name="p59" srcActor="D0N38"/>
            <port dstActor="D0N41" name="p60" srcActor="D0N38"/>
            <port dstActor="D0N47" name="p61" srcActor="D0N43"/>
            <port dstActor="D0N21" name="p62" srcActor="D0N16"/>
            <port dstActor="D0N44" name="p63" srcActor="D0N16"/>
            <port dstActor="D0N27" name="p64" srcActor="D0N16"/>
            <port dstActor="D0N32" name="p65" srcActor="D0N16"/>
            <port dstActor="D0N31" name="p66" srcActor="D0N4"/>
            <port dstActor="D0N39" name="p67" srcActor="D0N4"/>
            <port dstActor="D0N20" name="p68" srcActor="D0N4"/>
            <port dstActor="D0N5" name="p69" srcActor="D0N4"/>
            <port dstActor="D0N44" name="p70" srcActor="D0N23"/>
            <port dstActor="D0N28" name="p71" srcActor="D0N23"/>
            <port dstActor="D0N32" name="p72" srcActor="D0N23"/>
            <port dstActor="D0N43" name="p73" srcActor="D0N23"/>
            <port dstActor="D0N44" name="p74" srcActor="D0N37"/>
            <port dstActor="D0N26" name="p75" srcActor="D0N19"/>
            <port dstActor="D0N21" name="p76" srcActor="D0N19"/>
            <port dstActor="D0N25" name="p77" srcActor="D0N19"/>
            <port dstActor="D0N26" name="p78" srcActor="D0N18"/>
            <port dstActor="D0N33" name="p79" srcActor="D0N12"/>
            <port dstActor="D0N35" name="p80" srcActor="D0N12"/>
            <port dstActor="D0N32" name="p81" srcActor="D0N12"/>
            <port dstActor="D0N25" name="p82" srcActor="D0N12"/>
            <port dstActor="D0N21" name="p83" srcActor="D0N12"/>
            <port dstActor="D0N27" name="p84" srcActor="D0N21"/>
            <port dstActor="D0N43" name="p85" srcActor="D0N21"/>
            <port dstActor="D0N45" name="p86" srcActor="D0N21"/>
            <port dstActor="D0N22" name="p87" srcActor="D0N21"/>
            <port dstActor="D0N22" name="p88" srcActor="D0N6"/>
            <port dstActor="D0N32" name="p89" srcActor="D0N6"/>
            <port dstActor="D0N38" name="p90" srcActor="D0N6"/>
            <port dstActor="D0N31" name="p91" srcActor="D0N15"/>
            <port dstActor="D0N25" name="p92" srcActor="D0N15"/>
            <port dstActor="D0N47" name="p93" srcActor="D0N0"/>
            <port dstActor="D0N26" name="p94" srcActor="D0N0"/>
            <port dstActor="D0N30" name="p95" srcActor="D0N0"/>
            <port dstActor="D0N15" name="p96" srcActor="D0N0"/>
            <port dstActor="D0N27" name="p97" srcActor="D0N0"/>
            <port dstActor="D0N34" name="p98" srcActor="D0N0"/>
            <port dstActor="D0N34" name="p99" srcActor="D0N14"/>
            <port dstActor="D0N45" name="p100" srcActor="D0N14"/>
            <port dstActor="D0N16" name="p101" srcActor="D0N14"/>
            <port dstActor="D0N25" name="p102" srcActor="D0N14"/>
            <port dstActor="D0N41" name="p103" srcActor="D0N14"/>
            <port dstActor="D0N33" name="p104" srcActor="D0N5"/>
            <port dstActor="D0N38" name="p105" srcActor="D0N5"/>
            <port dstActor="D0N17" name="p106" srcActor="D0N5"/>
            <port dstActor="D0N37" name="p107" srcActor="D0N25"/>
            <port dstActor="D0N12" name="p108" srcActor="D0N2"/>
            <port dstActor="D0N7" name="p109" srcActor="D0N2"/>
            <port dstActor="D0N31" name="p110" srcActor="D0N29"/>
            <port dstActor="D0N8" name="p111" srcActor="D0N7"/>
            <port dstActor="D0N20" name="p112" srcActor="D0N7"/>
            <port dstActor="D0N19" name="p113" srcActor="D0N7"/>
            <port dstActor="D0N27" name="p114" srcActor="D0N7"/>
            <port dstActor="D0N45" name="p115" srcActor="D0N40"/>
            <port dstActor="D0N41" name="p116" srcActor="D0N40"/>
        </ports>
    </mcdag>
    <cores number="3"/>
    <levels number="2"/>
</mcsystem>
