<?xml version="1.0" encoding="UTF-8" standalone="no"?>
<mcsystem>
    <mcdag deadline="5000" name="genned-0-ed-10.0-0">
        <actor name="D0N46">
            <wcet number="0">120</wcet>
            <wcet number="1">120</wcet>
            <maxpow number="0.5940568734567548"/>
            <maxpow number="0.5940568734567548"/>
            <fprob>0.0</fprob>
        </actor>
        <actor name="D0N36">
            <wcet number="0">10</wcet>
            <wcet number="1">80</wcet>
            <maxpow number="0.9003406433594103"/>
            <maxpow number="0.9003406433594103"/>
            <fprob>0.0</fprob>
        </actor>
        <actor name="D0N34">
            <wcet number="0">120</wcet>
            <wcet number="1">310</wcet>
            <maxpow number="0.4648537405786216"/>
            <maxpow number="0.4648537405786216"/>
            <fprob>0.0</fprob>
        </actor>
        <actor name="D0N15">
            <wcet number="0">630</wcet>
            <wcet number="1">1020</wcet>
            <maxpow number="0.5837739801669615"/>
            <maxpow number="0.5837739801669615"/>
            <fprob>0.0</fprob>
        </actor>
        <actor name="D0N13">
            <wcet number="0">50</wcet>
            <wcet number="1">220</wcet>
            <maxpow number="0.837849994983024"/>
            <maxpow number="0.837849994983024"/>
            <fprob>0.0</fprob>
        </actor>
        <actor name="D0N33">
            <wcet number="0">190</wcet>
            <wcet number="1">270</wcet>
            <maxpow number="0.940752392324731"/>
            <maxpow number="0.940752392324731"/>
            <fprob>0.0</fprob>
        </actor>
        <actor name="D0N1">
            <wcet number="0">550</wcet>
            <wcet number="1">620</wcet>
            <maxpow number="0.5406523017742079"/>
            <maxpow number="0.5406523017742079"/>
            <fprob>0.0</fprob>
        </actor>
        <actor name="D0N16">
            <wcet number="0">510</wcet>
            <wcet number="1">600</wcet>
            <maxpow number="0.4190153030102881"/>
            <maxpow number="0.4190153030102881"/>
            <fprob>0.0</fprob>
        </actor>
        <actor name="D0N18">
            <wcet number="0">30</wcet>
            <wcet number="1">70</wcet>
            <maxpow number="0.5237561683645029"/>
            <maxpow number="0.5237561683645029"/>
            <fprob>0.0</fprob>
        </actor>
        <actor name="D0N31">
            <wcet number="0">20</wcet>
            <wcet number="1">240</wcet>
            <maxpow number="0.5692981893495367"/>
            <maxpow number="0.5692981893495367"/>
            <fprob>0.0</fprob>
        </actor>
        <actor name="D0N12">
            <wcet number="0">190</wcet>
            <wcet number="1">210</wcet>
            <maxpow number="0.7842929947384379"/>
            <maxpow number="0.7842929947384379"/>
            <fprob>0.0</fprob>
        </actor>
        <actor name="D0N14">
            <wcet number="0">90</wcet>
            <wcet number="1">110</wcet>
            <maxpow number="0.37830915699210776"/>
            <maxpow number="0.37830915699210776"/>
            <fprob>0.0</fprob>
        </actor>
        <actor name="D0N45">
            <wcet number="0">180</wcet>
            <wcet number="1">480</wcet>
            <maxpow number="0.5827905406560818"/>
            <maxpow number="0.5827905406560818"/>
            <fprob>0.0</fprob>
        </actor>
        <actor name="D0N32">
            <wcet number="0">20</wcet>
            <wcet number="1">240</wcet>
            <maxpow number="0.4627213118345865"/>
            <maxpow number="0.4627213118345865"/>
            <fprob>0.0</fprob>
        </actor>
        <actor name="D0N21">
            <wcet number="0">50</wcet>
            <wcet number="1">80</wcet>
            <maxpow number="0.5240996964587592"/>
            <maxpow number="0.5240996964587592"/>
            <fprob>0.0</fprob>
        </actor>
        <actor name="D0N11">
            <wcet number="0">10</wcet>
            <wcet number="1">10</wcet>
            <maxpow number="0.4109159765145243"/>
            <maxpow number="0.4109159765145243"/>
            <fprob>0.0</fprob>
        </actor>
        <actor name="D0N7">
            <wcet number="0">30</wcet>
            <wcet number="1">120</wcet>
            <maxpow number="0.6309614706720337"/>
            <maxpow number="0.6309614706720337"/>
            <fprob>0.0</fprob>
        </actor>
        <actor name="D0N41">
            <wcet number="0">440</wcet>
            <wcet number="1">540</wcet>
            <maxpow number="0.7715594042031085"/>
            <maxpow number="0.7715594042031085"/>
            <fprob>0.0</fprob>
        </actor>
        <actor name="D0N48">
            <wcet number="0">330</wcet>
            <wcet number="1">370</wcet>
            <maxpow number="0.7641134503275453"/>
            <maxpow number="0.7641134503275453"/>
            <fprob>0.0</fprob>
        </actor>
        <actor name="D0N22">
            <wcet number="0">120</wcet>
            <wcet number="1">360</wcet>
            <maxpow number="0.6438165021678913"/>
            <maxpow number="0.6438165021678913"/>
            <fprob>0.0</fprob>
        </actor>
        <actor name="D0N20">
            <wcet number="0">90</wcet>
            <wcet number="1">120</wcet>
            <maxpow number="0.6915546443067628"/>
            <maxpow number="0.6915546443067628"/>
            <fprob>0.0</fprob>
        </actor>
        <actor name="D0N26">
            <wcet number="0">40</wcet>
            <wcet number="1">50</wcet>
            <maxpow number="0.7185827047460449"/>
            <maxpow number="0.7185827047460449"/>
            <fprob>0.0</fprob>
        </actor>
        <actor name="D0N49">
            <wcet number="0">10</wcet>
            <wcet number="1">30</wcet>
            <maxpow number="0.5874293330849881"/>
            <maxpow number="0.5874293330849881"/>
            <fprob>0.0</fprob>
        </actor>
        <actor name="D0N17">
            <wcet number="0">30</wcet>
            <wcet number="1">370</wcet>
            <maxpow number="0.6416603167981952"/>
            <maxpow number="0.6416603167981952"/>
            <fprob>0.0</fprob>
        </actor>
        <actor name="D0N24">
            <wcet number="0">20</wcet>
            <wcet number="1">380</wcet>
            <maxpow number="0.44376572134118486"/>
            <maxpow number="0.44376572134118486"/>
            <fprob>0.0</fprob>
        </actor>
        <actor name="D0N8">
            <wcet number="0">20</wcet>
            <wcet number="1">40</wcet>
            <maxpow number="0.23854937408649352"/>
            <maxpow number="0.23854937408649352"/>
            <fprob>0.0</fprob>
        </actor>
        <actor name="D0N38">
            <wcet number="0">270</wcet>
            <wcet number="1">280</wcet>
            <maxpow number="0.3377999903976333"/>
            <maxpow number="0.3377999903976333"/>
            <fprob>0.0</fprob>
        </actor>
        <actor name="D0N3">
            <wcet number="0">70</wcet>
            <wcet number="1">360</wcet>
            <maxpow number="0.5167244722060232"/>
            <maxpow number="0.5167244722060232"/>
            <fprob>0.0</fprob>
        </actor>
        <actor name="D0N47">
            <wcet number="0">30</wcet>
            <wcet number="1">50</wcet>
            <maxpow number="0.43070900261264566"/>
            <maxpow number="0.43070900261264566"/>
            <fprob>0.0</fprob>
        </actor>
        <actor name="D0N19">
            <wcet number="0">40</wcet>
            <wcet number="1">160</wcet>
            <maxpow number="0.636244261344592"/>
            <maxpow number="0.636244261344592"/>
            <fprob>0.0</fprob>
        </actor>
        <actor name="D0N39">
            <wcet number="0">110</wcet>
            <wcet number="1">320</wcet>
            <maxpow number="0.6038895524076006"/>
            <maxpow number="0.6038895524076006"/>
            <fprob>0.0</fprob>
        </actor>
        <actor name="D0N5">
            <wcet number="0">20</wcet>
            <wcet number="1">230</wcet>
            <maxpow number="0.7189143392852033"/>
            <maxpow number="0.7189143392852033"/>
            <fprob>0.0</fprob>
        </actor>
        <actor name="D0N9">
            <wcet number="0">80</wcet>
            <wcet number="1">170</wcet>
            <maxpow number="0.561062144695922"/>
            <maxpow number="0.561062144695922"/>
            <fprob>0.0</fprob>
        </actor>
        <actor name="D0N44">
            <wcet number="0">880</wcet>
            <wcet number="1">960</wcet>
            <maxpow number="0.5947055858229846"/>
            <maxpow number="0.5947055858229846"/>
            <fprob>0.0</fprob>
        </actor>
        <actor name="D0N2">
            <wcet number="0">40</wcet>
            <wcet number="1">70</wcet>
            <maxpow number="0.5902886764792648"/>
            <maxpow number="0.5902886764792648"/>
            <fprob>0.0</fprob>
        </actor>
        <actor name="D0N4">
            <wcet number="0">50</wcet>
            <wcet number="1">70</wcet>
            <maxpow number="0.6475451382146581"/>
            <maxpow number="0.6475451382146581"/>
            <fprob>0.0</fprob>
        </actor>
        <actor name="D0N40">
            <wcet number="0">30</wcet>
            <wcet number="1">120</wcet>
            <maxpow number="0.3703422941660212"/>
            <maxpow number="0.3703422941660212"/>
            <fprob>0.0</fprob>
        </actor>
        <actor name="D0N37">
            <wcet number="0">500</wcet>
            <wcet number="1">800</wcet>
            <maxpow number="0.3516371506124937"/>
            <maxpow number="0.3516371506124937"/>
            <fprob>0.0</fprob>
        </actor>
        <actor name="D0N30">
            <wcet number="0">580</wcet>
            <wcet number="1">820</wcet>
            <maxpow number="0.6119908730574899"/>
            <maxpow number="0.6119908730574899"/>
            <fprob>0.0</fprob>
        </actor>
        <actor name="D0N23">
            <wcet number="0">50</wcet>
            <wcet number="1">90</wcet>
            <maxpow number="0.4835580168582185"/>
            <maxpow number="0.4835580168582185"/>
            <fprob>0.0</fprob>
        </actor>
        <actor name="D0N28">
            <wcet number="0">1010</wcet>
            <wcet number="1">1030</wcet>
            <maxpow number="0.23388125236036078"/>
            <maxpow number="0.23388125236036078"/>
            <fprob>0.0</fprob>
        </actor>
        <actor name="D0N6">
            <wcet number="0">10</wcet>
            <wcet number="1">30</wcet>
            <maxpow number="0.5641655634279229"/>
            <maxpow number="0.5641655634279229"/>
            <fprob>0.0</fprob>
        </actor>
        <actor name="D0N27">
            <wcet number="0">110</wcet>
            <wcet number="1">120</wcet>
            <maxpow number="0.8109232617968716"/>
            <maxpow number="0.8109232617968716"/>
            <fprob>0.0</fprob>
        </actor>
        <actor name="D0N43">
            <wcet number="0">250</wcet>
            <wcet number="1">260</wcet>
            <maxpow number="0.7536972926548516"/>
            <maxpow number="0.7536972926548516"/>
            <fprob>0.0</fprob>
        </actor>
        <actor name="D0N25">
            <wcet number="0">30</wcet>
            <wcet number="1">50</wcet>
            <maxpow number="0.515956934557579"/>
            <maxpow number="0.515956934557579"/>
            <fprob>0.0</fprob>
        </actor>
        <actor name="D0N42">
            <wcet number="0">50</wcet>
            <wcet number="1">170</wcet>
            <maxpow number="0.6895730578483779"/>
            <maxpow number="0.6895730578483779"/>
            <fprob>0.0</fprob>
        </actor>
        <actor name="D0N10">
            <wcet number="0">80</wcet>
            <wcet number="1">170</wcet>
            <maxpow number="0.46422379774574296"/>
            <maxpow number="0.46422379774574296"/>
            <fprob>0.0</fprob>
        </actor>
        <actor name="D0N35">
            <wcet number="0">370</wcet>
            <wcet number="1">480</wcet>
            <maxpow number="0.7882745477768258"/>
            <maxpow number="0.7882745477768258"/>
            <fprob>0.0</fprob>
        </actor>
        <actor name="D0N0">
            <wcet number="0">90</wcet>
            <wcet number="1">90</wcet>
            <maxpow number="0.4707796859684127"/>
            <maxpow number="0.4707796859684127"/>
            <fprob>0.0</fprob>
        </actor>
        <actor name="D0N29">
            <wcet number="0">30</wcet>
            <wcet number="1">40</wcet>
            <maxpow number="0.7671518701681116"/>
            <maxpow number="0.7671518701681116"/>
            <fprob>0.0</fprob>
        </actor>
        <ports>
            <port dstActor="D0N38" name="p0" srcActor="D0N36"/>
            <port dstActor="D0N45" name="p1" srcActor="D0N36"/>
            <port dstActor="D0N43" name="p2" srcActor="D0N36"/>
            <port dstActor="D0N47" name="p3" srcActor="D0N34"/>
            <port dstActor="D0N43" name="p4" srcActor="D0N34"/>
            <port dstActor="D0N26" name="p5" srcActor="D0N15"/>
            <port dstActor="D0N34" name="p6" srcActor="D0N15"/>
            <port dstActor="D0N49" name="p7" srcActor="D0N13"/>
            <port dstActor="D0N46" name="p8" srcActor="D0N33"/>
            <port dstActor="D0N36" name="p9" srcActor="D0N33"/>
            <port dstActor="D0N22" name="p10" srcActor="D0N1"/>
            <port dstActor="D0N10" name="p11" srcActor="D0N1"/>
            <port dstActor="D0N38" name="p12" srcActor="D0N1"/>
            <port dstActor="D0N27" name="p13" srcActor="D0N1"/>
            <port dstActor="D0N36" name="p14" srcActor="D0N1"/>
            <port dstActor="D0N17" name="p15" srcActor="D0N16"/>
            <port dstActor="D0N41" name="p16" srcActor="D0N16"/>
            <port dstActor="D0N33" name="p17" srcActor="D0N16"/>
            <port dstActor="D0N28" name="p18" srcActor="D0N16"/>
            <port dstActor="D0N28" name="p19" srcActor="D0N18"/>
            <port dstActor="D0N49" name="p20" srcActor="D0N18"/>
            <port dstActor="D0N29" name="p21" srcActor="D0N18"/>
            <port dstActor="D0N44" name="p22" srcActor="D0N31"/>
            <port dstActor="D0N35" name="p23" srcActor="D0N31"/>
            <port dstActor="D0N23" name="p24" srcActor="D0N12"/>
            <port dstActor="D0N32" name="p25" srcActor="D0N12"/>
            <port dstActor="D0N49" name="p26" srcActor="D0N12"/>
            <port dstActor="D0N13" name="p27" srcActor="D0N12"/>
            <port dstActor="D0N38" name="p28" srcActor="D0N12"/>
            <port dstActor="D0N22" name="p29" srcActor="D0N14"/>
            <port dstActor="D0N32" name="p30" srcActor="D0N14"/>
            <port dstActor="D0N27" name="p31" srcActor="D0N14"/>
            <port dstActor="D0N48" name="p32" srcActor="D0N45"/>
            <port dstActor="D0N30" name="p33" srcActor="D0N21"/>
            <port dstActor="D0N36" name="p34" srcActor="D0N21"/>
            <port dstActor="D0N43" name="p35" srcActor="D0N21"/>
            <port dstActor="D0N40" name="p36" srcActor="D0N21"/>
            <port dstActor="D0N38" name="p37" srcActor="D0N21"/>
            <port dstActor="D0N48" name="p38" srcActor="D0N11"/>
            <port dstActor="D0N40" name="p39" srcActor="D0N11"/>
            <port dstActor="D0N30" name="p40" srcActor="D0N7"/>
            <port dstActor="D0N11" name="p41" srcActor="D0N7"/>
            <port dstActor="D0N19" name="p42" srcActor="D0N7"/>
            <port dstActor="D0N20" name="p43" srcActor="D0N7"/>
            <port dstActor="D0N40" name="p44" srcActor="D0N7"/>
            <port dstActor="D0N49" name="p45" srcActor="D0N41"/>
            <port dstActor="D0N42" name="p46" srcActor="D0N22"/>
            <port dstActor="D0N28" name="p47" srcActor="D0N22"/>
            <port dstActor="D0N39" name="p48" srcActor="D0N22"/>
            <port dstActor="D0N31" name="p49" srcActor="D0N22"/>
            <port dstActor="D0N47" name="p50" srcActor="D0N22"/>
            <port dstActor="D0N32" name="p51" srcActor="D0N22"/>
            <port dstActor="D0N49" name="p52" srcActor="D0N20"/>
            <port dstActor="D0N45" name="p53" srcActor="D0N20"/>
            <port dstActor="D0N46" name="p54" srcActor="D0N26"/>
            <port dstActor="D0N35" name="p55" srcActor="D0N26"/>
            <port dstActor="D0N27" name="p56" srcActor="D0N26"/>
            <port dstActor="D0N30" name="p57" srcActor="D0N26"/>
            <port dstActor="D0N29" name="p58" srcActor="D0N26"/>
            <port dstActor="D0N37" name="p59" srcActor="D0N17"/>
            <port dstActor="D0N35" name="p60" srcActor="D0N24"/>
            <port dstActor="D0N30" name="p61" srcActor="D0N24"/>
            <port dstActor="D0N40" name="p62" srcActor="D0N8"/>
            <port dstActor="D0N30" name="p63" srcActor="D0N8"/>
            <port dstActor="D0N26" name="p64" srcActor="D0N8"/>
            <port dstActor="D0N48" name="p65" srcActor="D0N38"/>
            <port dstActor="D0N39" name="p66" srcActor="D0N38"/>
            <port dstActor="D0N39" name="p67" srcActor="D0N3"/>
            <port dstActor="D0N43" name="p68" srcActor="D0N3"/>
            <port dstActor="D0N9" name="p69" srcActor="D0N3"/>
            <port dstActor="D0N30" name="p70" srcActor="D0N3"/>
            <port dstActor="D0N36" name="p71" srcActor="D0N19"/>
            <port dstActor="D0N46" name="p72" srcActor="D0N19"/>
            <port dstActor="D0N42" name="p73" srcActor="D0N19"/>
            <port dstActor="D0N29" name="p74" srcActor="D0N19"/>
            <port dstActor="D0N42" name="p75" srcActor="D0N39"/>
            <port dstActor="D0N45" name="p76" srcActor="D0N5"/>
            <port dstActor="D0N36" name="p77" srcActor="D0N5"/>
            <port dstActor="D0N18" name="p78" srcActor="D0N5"/>
            <port dstActor="D0N10" name="p79" srcActor="D0N5"/>
            <port dstActor="D0N40" name="p80" srcActor="D0N9"/>
            <port dstActor="D0N37" name="p81" srcActor="D0N9"/>
            <port dstActor="D0N4" name="p82" srcActor="D0N2"/>
            <port dstActor="D0N6" name="p83" srcActor="D0N2"/>
            <port dstActor="D0N19" name="p84" srcActor="D0N2"/>
            <port dstActor="D0N37" name="p85" srcActor="D0N2"/>
            <port dstActor="D0N24" name="p86" srcActor="D0N2"/>
            <port dstActor="D0N5" name="p87" srcActor="D0N4"/>
            <port dstActor="D0N10" name="p88" srcActor="D0N4"/>
            <port dstActor="D0N25" name="p89" srcActor="D0N4"/>
            <port dstActor="D0N38" name="p90" srcActor="D0N4"/>
            <port dstActor="D0N34" name="p91" srcActor="D0N30"/>
            <port dstActor="D0N48" name="p92" srcActor="D0N30"/>
            <port dstActor="D0N28" name="p93" srcActor="D0N23"/>
            <port dstActor="D0N49" name="p94" srcActor="D0N23"/>
            <port dstActor="D0N49" name="p95" srcActor="D0N28"/>
            <port dstActor="D0N34" name="p96" srcActor="D0N28"/>
            <port dstActor="D0N34" name="p97" srcActor="D0N6"/>
            <port dstActor="D0N41" name="p98" srcActor="D0N6"/>
            <port dstActor="D0N11" name="p99" srcActor="D0N6"/>
            <port dstActor="D0N22" name="p100" srcActor="D0N6"/>
            <port dstActor="D0N32" name="p101" srcActor="D0N6"/>
            <port dstActor="D0N36" name="p102" srcActor="D0N6"/>
            <port dstActor="D0N46" name="p103" srcActor="D0N27"/>
            <port dstActor="D0N47" name="p104" srcActor="D0N27"/>
            <port dstActor="D0N46" name="p105" srcActor="D0N43"/>
            <port dstActor="D0N31" name="p106" srcActor="D0N25"/>
            <port dstActor="D0N49" name="p107" srcActor="D0N42"/>
            <port dstActor="D0N46" name="p108" srcActor="D0N10"/>
            <port dstActor="D0N28" name="p109" srcActor="D0N10"/>
            <port dstActor="D0N44" name="p110" srcActor="D0N10"/>
            <port dstActor="D0N25" name="p111" srcActor="D0N10"/>
            <port dstActor="D0N49" name="p112" srcActor="D0N10"/>
            <port dstActor="D0N24" name="p113" srcActor="D0N10"/>
            <port dstActor="D0N43" name="p114" srcActor="D0N35"/>
            <port dstActor="D0N3" name="p115" srcActor="D0N0"/>
            <port dstActor="D0N28" name="p116" srcActor="D0N0"/>
            <port dstActor="D0N11" name="p117" srcActor="D0N0"/>
            <port dstActor="D0N19" name="p118" srcActor="D0N0"/>
            <port dstActor="D0N45" name="p119" srcActor="D0N0"/>
            <port dstActor="D0N5" name="p120" srcActor="D0N0"/>
            <port dstActor="D0N49" name="p121" srcActor="D0N29"/>
        </ports>
    </mcdag>
    <cores number="3"/>
    <levels number="2"/>
</mcsystem>
