<?xml version="1.0" encoding="UTF-8" standalone="no"?>
<mcsystem>
    <mcdag deadline="1200" name="genned-0-ed-10.0-0">
        <actor name="D0N0">
            <wcet number="0">20</wcet>
            <wcet number="1">70</wcet>
            <maxpow number="0.8525941938202961"/>
            <maxpow number="0.8525941938202961"/>
            <fprob>0.0</fprob>
        </actor>
        <actor name="D0N4">
            <wcet number="0">10</wcet>
            <wcet number="1">10</wcet>
            <maxpow number="0.6086433565041788"/>
            <maxpow number="0.6086433565041788"/>
            <fprob>0.0</fprob>
        </actor>
        <actor name="D0N40">
            <wcet number="0">90</wcet>
            <wcet number="1">90</wcet>
            <maxpow number="0.6677077237228446"/>
            <maxpow number="0.6677077237228446"/>
            <fprob>0.0</fprob>
        </actor>
        <actor name="D0N41">
            <wcet number="0">40</wcet>
            <wcet number="1">40</wcet>
            <maxpow number="0.6226155450768325"/>
            <maxpow number="0.6226155450768325"/>
            <fprob>0.0</fprob>
        </actor>
        <actor name="D0N13">
            <wcet number="0">20</wcet>
            <wcet number="1">20</wcet>
            <maxpow number="0.7278661572155191"/>
            <maxpow number="0.7278661572155191"/>
            <fprob>0.0</fprob>
        </actor>
        <actor name="D0N2">
            <wcet number="0">10</wcet>
            <wcet number="1">40</wcet>
            <maxpow number="0.7909629968634262"/>
            <maxpow number="0.7909629968634262"/>
            <fprob>0.0</fprob>
        </actor>
        <actor name="D0N18">
            <wcet number="0">20</wcet>
            <wcet number="1">40</wcet>
            <maxpow number="0.6138054782432308"/>
            <maxpow number="0.6138054782432308"/>
            <fprob>0.0</fprob>
        </actor>
        <actor name="D0N22">
            <wcet number="0">30</wcet>
            <wcet number="1">30</wcet>
            <maxpow number="0.5777156835617726"/>
            <maxpow number="0.5777156835617726"/>
            <fprob>0.0</fprob>
        </actor>
        <actor name="D0N38">
            <wcet number="0">170</wcet>
            <wcet number="1">180</wcet>
            <maxpow number="0.4161307801240868"/>
            <maxpow number="0.4161307801240868"/>
            <fprob>0.0</fprob>
        </actor>
        <actor name="D0N19">
            <wcet number="0">10</wcet>
            <wcet number="1">10</wcet>
            <maxpow number="0.21842898009148376"/>
            <maxpow number="0.21842898009148376"/>
            <fprob>0.0</fprob>
        </actor>
        <actor name="D0N9">
            <wcet number="0">20</wcet>
            <wcet number="1">70</wcet>
            <maxpow number="0.5571223193864469"/>
            <maxpow number="0.5571223193864469"/>
            <fprob>0.0</fprob>
        </actor>
        <actor name="D0N8">
            <wcet number="0">40</wcet>
            <wcet number="1">50</wcet>
            <maxpow number="0.6057222636330013"/>
            <maxpow number="0.6057222636330013"/>
            <fprob>0.0</fprob>
        </actor>
        <actor name="D0N11">
            <wcet number="0">170</wcet>
            <wcet number="1">190</wcet>
            <maxpow number="0.48457580104252684"/>
            <maxpow number="0.48457580104252684"/>
            <fprob>0.0</fprob>
        </actor>
        <actor name="D0N31">
            <wcet number="0">20</wcet>
            <wcet number="1">20</wcet>
            <maxpow number="0.41993228315975983"/>
            <maxpow number="0.41993228315975983"/>
            <fprob>0.0</fprob>
        </actor>
        <actor name="D0N44">
            <wcet number="0">10</wcet>
            <wcet number="1">80</wcet>
            <maxpow number="0.7948034844271836"/>
            <maxpow number="0.7948034844271836"/>
            <fprob>0.0</fprob>
        </actor>
        <actor name="D0N23">
            <wcet number="0">50</wcet>
            <wcet number="1">50</wcet>
            <maxpow number="0.6534057523132871"/>
            <maxpow number="0.6534057523132871"/>
            <fprob>0.0</fprob>
        </actor>
        <actor name="D0N33">
            <wcet number="0">20</wcet>
            <wcet number="1">30</wcet>
            <maxpow number="0.1544733247399256"/>
            <maxpow number="0.1544733247399256"/>
            <fprob>0.0</fprob>
        </actor>
        <actor name="D0N20">
            <wcet number="0">20</wcet>
            <wcet number="1">60</wcet>
            <maxpow number="1.1226272438769935"/>
            <maxpow number="1.1226272438769935"/>
            <fprob>0.0</fprob>
        </actor>
        <actor name="D0N6">
            <wcet number="0">40</wcet>
            <wcet number="1">50</wcet>
            <maxpow number="0.29456750637203916"/>
            <maxpow number="0.29456750637203916"/>
            <fprob>0.0</fprob>
        </actor>
        <actor name="D0N17">
            <wcet number="0">40</wcet>
            <wcet number="1">80</wcet>
            <maxpow number="0.5355578249314042"/>
            <maxpow number="0.5355578249314042"/>
            <fprob>0.0</fprob>
        </actor>
        <actor name="D0N14">
            <wcet number="0">10</wcet>
            <wcet number="1">70</wcet>
            <maxpow number="0.5628974917794087"/>
            <maxpow number="0.5628974917794087"/>
            <fprob>0.0</fprob>
        </actor>
        <actor name="D0N43">
            <wcet number="0">20</wcet>
            <wcet number="1">20</wcet>
            <maxpow number="0.6123846968269465"/>
            <maxpow number="0.6123846968269465"/>
            <fprob>0.0</fprob>
        </actor>
        <actor name="D0N5">
            <wcet number="0">30</wcet>
            <wcet number="1">100</wcet>
            <maxpow number="0.4329619412220934"/>
            <maxpow number="0.4329619412220934"/>
            <fprob>0.0</fprob>
        </actor>
        <actor name="D0N46">
            <wcet number="0">10</wcet>
            <wcet number="1">20</wcet>
            <maxpow number="0.41066247171595427"/>
            <maxpow number="0.41066247171595427"/>
            <fprob>0.0</fprob>
        </actor>
        <actor name="D0N36">
            <wcet number="0">60</wcet>
            <wcet number="1">140</wcet>
            <maxpow number="0.426052572951051"/>
            <maxpow number="0.426052572951051"/>
            <fprob>0.0</fprob>
        </actor>
        <actor name="D0N48">
            <wcet number="0">130</wcet>
            <wcet number="1">140</wcet>
            <maxpow number="0.4119772196429281"/>
            <maxpow number="0.4119772196429281"/>
            <fprob>0.0</fprob>
        </actor>
        <actor name="D0N26">
            <wcet number="0">10</wcet>
            <wcet number="1">10</wcet>
            <maxpow number="0.2903621742970675"/>
            <maxpow number="0.2903621742970675"/>
            <fprob>0.0</fprob>
        </actor>
        <actor name="D0N35">
            <wcet number="0">10</wcet>
            <wcet number="1">10</wcet>
            <maxpow number="0.5172285621739017"/>
            <maxpow number="0.5172285621739017"/>
            <fprob>0.0</fprob>
        </actor>
        <actor name="D0N45">
            <wcet number="0">60</wcet>
            <wcet number="1">90</wcet>
            <maxpow number="0.5320001385095201"/>
            <maxpow number="0.5320001385095201"/>
            <fprob>0.0</fprob>
        </actor>
        <actor name="D0N3">
            <wcet number="0">10</wcet>
            <wcet number="1">10</wcet>
            <maxpow number="0.23300046590348128"/>
            <maxpow number="0.23300046590348128"/>
            <fprob>0.0</fprob>
        </actor>
        <actor name="D0N42">
            <wcet number="0">20</wcet>
            <wcet number="1">30</wcet>
            <maxpow number="0.7123552232983347"/>
            <maxpow number="0.7123552232983347"/>
            <fprob>0.0</fprob>
        </actor>
        <actor name="D0N1">
            <wcet number="0">20</wcet>
            <wcet number="1">80</wcet>
            <maxpow number="0.4866943766814242"/>
            <maxpow number="0.4866943766814242"/>
            <fprob>0.0</fprob>
        </actor>
        <actor name="D0N15">
            <wcet number="0">10</wcet>
            <wcet number="1">10</wcet>
            <maxpow number="0.5623123050613864"/>
            <maxpow number="0.5623123050613864"/>
            <fprob>0.0</fprob>
        </actor>
        <actor name="D0N27">
            <wcet number="0">10</wcet>
            <wcet number="1">60</wcet>
            <maxpow number="0.6129817403975736"/>
            <maxpow number="0.6129817403975736"/>
            <fprob>0.0</fprob>
        </actor>
        <actor name="D0N32">
            <wcet number="0">80</wcet>
            <wcet number="1">220</wcet>
            <maxpow number="0.5672446874797628"/>
            <maxpow number="0.5672446874797628"/>
            <fprob>0.0</fprob>
        </actor>
        <actor name="D0N21">
            <wcet number="0">20</wcet>
            <wcet number="1">50</wcet>
            <maxpow number="0.767206846070898"/>
            <maxpow number="0.767206846070898"/>
            <fprob>0.0</fprob>
        </actor>
        <actor name="D0N16">
            <wcet number="0">30</wcet>
            <wcet number="1">30</wcet>
            <maxpow number="0.5944914372136015"/>
            <maxpow number="0.5944914372136015"/>
            <fprob>0.0</fprob>
        </actor>
        <actor name="D0N24">
            <wcet number="0">10</wcet>
            <wcet number="1">10</wcet>
            <maxpow number="0.26081346299482844"/>
            <maxpow number="0.26081346299482844"/>
            <fprob>0.0</fprob>
        </actor>
        <actor name="D0N28">
            <wcet number="0">20</wcet>
            <wcet number="1">40</wcet>
            <maxpow number="0.6049381858474319"/>
            <maxpow number="0.6049381858474319"/>
            <fprob>0.0</fprob>
        </actor>
        <actor name="D0N39">
            <wcet number="0">40</wcet>
            <wcet number="1">50</wcet>
            <maxpow number="0.612961748566484"/>
            <maxpow number="0.612961748566484"/>
            <fprob>0.0</fprob>
        </actor>
        <actor name="D0N10">
            <wcet number="0">30</wcet>
            <wcet number="1">40</wcet>
            <maxpow number="0.6707212319402174"/>
            <maxpow number="0.6707212319402174"/>
            <fprob>0.0</fprob>
        </actor>
        <actor name="D0N29">
            <wcet number="0">20</wcet>
            <wcet number="1">30</wcet>
            <maxpow number="0.5002002577137248"/>
            <maxpow number="0.5002002577137248"/>
            <fprob>0.0</fprob>
        </actor>
        <actor name="D0N30">
            <wcet number="0">20</wcet>
            <wcet number="1">60</wcet>
            <maxpow number="0.48242686410884167"/>
            <maxpow number="0.48242686410884167"/>
            <fprob>0.0</fprob>
        </actor>
        <actor name="D0N12">
            <wcet number="0">30</wcet>
            <wcet number="1">30</wcet>
            <maxpow number="0.46930887840188545"/>
            <maxpow number="0.46930887840188545"/>
            <fprob>0.0</fprob>
        </actor>
        <actor name="D0N7">
            <wcet number="0">20</wcet>
            <wcet number="1">20</wcet>
            <maxpow number="0.57881552082702"/>
            <maxpow number="0.57881552082702"/>
            <fprob>0.0</fprob>
        </actor>
        <actor name="D0N37">
            <wcet number="0">40</wcet>
            <wcet number="1">140</wcet>
            <maxpow number="0.38074961336421487"/>
            <maxpow number="0.38074961336421487"/>
            <fprob>0.0</fprob>
        </actor>
        <actor name="D0N47">
            <wcet number="0">80</wcet>
            <wcet number="1">180</wcet>
            <maxpow number="0.5273865508269496"/>
            <maxpow number="0.5273865508269496"/>
            <fprob>0.0</fprob>
        </actor>
        <actor name="D0N34">
            <wcet number="0">40</wcet>
            <wcet number="1">90</wcet>
            <maxpow number="0.5477449387321857"/>
            <maxpow number="0.5477449387321857"/>
            <fprob>0.0</fprob>
        </actor>
        <actor name="D0N25">
            <wcet number="0">80</wcet>
            <wcet number="1">130</wcet>
            <maxpow number="0.5782860344999219"/>
            <maxpow number="0.5782860344999219"/>
            <fprob>0.0</fprob>
        </actor>
        <ports>
            <port dstActor="D0N15" name="p0" srcActor="D0N0"/>
            <port dstActor="D0N8" name="p1" srcActor="D0N0"/>
            <port dstActor="D0N16" name="p2" srcActor="D0N0"/>
            <port dstActor="D0N11" name="p3" srcActor="D0N0"/>
            <port dstActor="D0N26" name="p4" srcActor="D0N4"/>
            <port dstActor="D0N43" name="p5" srcActor="D0N41"/>
            <port dstActor="D0N44" name="p6" srcActor="D0N13"/>
            <port dstActor="D0N35" name="p7" srcActor="D0N13"/>
            <port dstActor="D0N36" name="p8" srcActor="D0N13"/>
            <port dstActor="D0N14" name="p9" srcActor="D0N2"/>
            <port dstActor="D0N37" name="p10" srcActor="D0N2"/>
            <port dstActor="D0N26" name="p11" srcActor="D0N18"/>
            <port dstActor="D0N28" name="p12" srcActor="D0N18"/>
            <port dstActor="D0N48" name="p13" srcActor="D0N18"/>
            <port dstActor="D0N44" name="p14" srcActor="D0N22"/>
            <port dstActor="D0N41" name="p15" srcActor="D0N22"/>
            <port dstActor="D0N43" name="p16" srcActor="D0N38"/>
            <port dstActor="D0N25" name="p17" srcActor="D0N19"/>
            <port dstActor="D0N18" name="p18" srcActor="D0N9"/>
            <port dstActor="D0N19" name="p19" srcActor="D0N9"/>
            <port dstActor="D0N35" name="p20" srcActor="D0N9"/>
            <port dstActor="D0N47" name="p21" srcActor="D0N8"/>
            <port dstActor="D0N45" name="p22" srcActor="D0N8"/>
            <port dstActor="D0N17" name="p23" srcActor="D0N8"/>
            <port dstActor="D0N21" name="p24" srcActor="D0N8"/>
            <port dstActor="D0N27" name="p25" srcActor="D0N8"/>
            <port dstActor="D0N33" name="p26" srcActor="D0N8"/>
            <port dstActor="D0N37" name="p27" srcActor="D0N11"/>
            <port dstActor="D0N35" name="p28" srcActor="D0N31"/>
            <port dstActor="D0N45" name="p29" srcActor="D0N31"/>
            <port dstActor="D0N46" name="p30" srcActor="D0N31"/>
            <port dstActor="D0N42" name="p31" srcActor="D0N31"/>
            <port dstActor="D0N45" name="p32" srcActor="D0N44"/>
            <port dstActor="D0N26" name="p33" srcActor="D0N23"/>
            <port dstActor="D0N30" name="p34" srcActor="D0N23"/>
            <port dstActor="D0N35" name="p35" srcActor="D0N33"/>
            <port dstActor="D0N36" name="p36" srcActor="D0N33"/>
            <port dstActor="D0N25" name="p37" srcActor="D0N20"/>
            <port dstActor="D0N10" name="p38" srcActor="D0N6"/>
            <port dstActor="D0N19" name="p39" srcActor="D0N6"/>
            <port dstActor="D0N23" name="p40" srcActor="D0N6"/>
            <port dstActor="D0N15" name="p41" srcActor="D0N6"/>
            <port dstActor="D0N40" name="p42" srcActor="D0N6"/>
            <port dstActor="D0N28" name="p43" srcActor="D0N17"/>
            <port dstActor="D0N27" name="p44" srcActor="D0N17"/>
            <port dstActor="D0N22" name="p45" srcActor="D0N14"/>
            <port dstActor="D0N32" name="p46" srcActor="D0N14"/>
            <port dstActor="D0N48" name="p47" srcActor="D0N14"/>
            <port dstActor="D0N44" name="p48" srcActor="D0N14"/>
            <port dstActor="D0N40" name="p49" srcActor="D0N5"/>
            <port dstActor="D0N33" name="p50" srcActor="D0N5"/>
            <port dstActor="D0N22" name="p51" srcActor="D0N5"/>
            <port dstActor="D0N27" name="p52" srcActor="D0N5"/>
            <port dstActor="D0N45" name="p53" srcActor="D0N5"/>
            <port dstActor="D0N45" name="p54" srcActor="D0N36"/>
            <port dstActor="D0N48" name="p55" srcActor="D0N35"/>
            <port dstActor="D0N47" name="p56" srcActor="D0N35"/>
            <port dstActor="D0N4" name="p57" srcActor="D0N3"/>
            <port dstActor="D0N25" name="p58" srcActor="D0N3"/>
            <port dstActor="D0N21" name="p59" srcActor="D0N3"/>
            <port dstActor="D0N34" name="p60" srcActor="D0N3"/>
            <port dstActor="D0N47" name="p61" srcActor="D0N42"/>
            <port dstActor="D0N43" name="p62" srcActor="D0N1"/>
            <port dstActor="D0N7" name="p63" srcActor="D0N1"/>
            <port dstActor="D0N14" name="p64" srcActor="D0N1"/>
            <port dstActor="D0N38" name="p65" srcActor="D0N1"/>
            <port dstActor="D0N33" name="p66" srcActor="D0N15"/>
            <port dstActor="D0N32" name="p67" srcActor="D0N15"/>
            <port dstActor="D0N23" name="p68" srcActor="D0N15"/>
            <port dstActor="D0N32" name="p69" srcActor="D0N27"/>
            <port dstActor="D0N40" name="p70" srcActor="D0N27"/>
            <port dstActor="D0N33" name="p71" srcActor="D0N27"/>
            <port dstActor="D0N39" name="p72" srcActor="D0N27"/>
            <port dstActor="D0N41" name="p73" srcActor="D0N32"/>
            <port dstActor="D0N48" name="p74" srcActor="D0N32"/>
            <port dstActor="D0N25" name="p75" srcActor="D0N21"/>
            <port dstActor="D0N48" name="p76" srcActor="D0N21"/>
            <port dstActor="D0N23" name="p77" srcActor="D0N16"/>
            <port dstActor="D0N25" name="p78" srcActor="D0N16"/>
            <port dstActor="D0N40" name="p79" srcActor="D0N16"/>
            <port dstActor="D0N18" name="p80" srcActor="D0N16"/>
            <port dstActor="D0N24" name="p81" srcActor="D0N16"/>
            <port dstActor="D0N47" name="p82" srcActor="D0N16"/>
            <port dstActor="D0N34" name="p83" srcActor="D0N16"/>
            <port dstActor="D0N46" name="p84" srcActor="D0N24"/>
            <port dstActor="D0N26" name="p85" srcActor="D0N24"/>
            <port dstActor="D0N33" name="p86" srcActor="D0N24"/>
            <port dstActor="D0N36" name="p87" srcActor="D0N28"/>
            <port dstActor="D0N37" name="p88" srcActor="D0N28"/>
            <port dstActor="D0N41" name="p89" srcActor="D0N28"/>
            <port dstActor="D0N45" name="p90" srcActor="D0N39"/>
            <port dstActor="D0N17" name="p91" srcActor="D0N10"/>
            <port dstActor="D0N48" name="p92" srcActor="D0N10"/>
            <port dstActor="D0N43" name="p93" srcActor="D0N29"/>
            <port dstActor="D0N45" name="p94" srcActor="D0N30"/>
            <port dstActor="D0N46" name="p95" srcActor="D0N30"/>
            <port dstActor="D0N44" name="p96" srcActor="D0N12"/>
            <port dstActor="D0N33" name="p97" srcActor="D0N12"/>
            <port dstActor="D0N42" name="p98" srcActor="D0N12"/>
            <port dstActor="D0N27" name="p99" srcActor="D0N7"/>
            <port dstActor="D0N44" name="p100" srcActor="D0N7"/>
            <port dstActor="D0N43" name="p101" srcActor="D0N7"/>
            <port dstActor="D0N26" name="p102" srcActor="D0N25"/>
            <port dstActor="D0N33" name="p103" srcActor="D0N25"/>
            <port dstActor="D0N36" name="p104" srcActor="D0N25"/>
        </ports>
    </mcdag>
    <cores number="3"/>
    <levels number="2"/>
</mcsystem>
