<?xml version="1.0" encoding="UTF-8" standalone="no"?>
<mcsystem>
    <mcdag deadline="3000" name="genned-0-ed-10.0-0">
        <actor name="D0N30">
            <wcet number="0">10</wcet>
            <wcet number="1">10</wcet>
            <maxpow number="0.47496232530441795"/>
            <maxpow number="0.47496232530441795"/>
            <fprob>0.0</fprob>
        </actor>
        <actor name="D0N39">
            <wcet number="0">40</wcet>
            <wcet number="1">240</wcet>
            <maxpow number="0.44580616594554157"/>
            <maxpow number="0.44580616594554157"/>
            <fprob>0.0</fprob>
        </actor>
        <actor name="D0N27">
            <wcet number="0">30</wcet>
            <wcet number="1">30</wcet>
            <maxpow number="0.47575102241920253"/>
            <maxpow number="0.47575102241920253"/>
            <fprob>0.0</fprob>
        </actor>
        <actor name="D0N0">
            <wcet number="0">10</wcet>
            <wcet number="1">190</wcet>
            <maxpow number="0.9265171720124197"/>
            <maxpow number="0.9265171720124197"/>
            <fprob>0.0</fprob>
        </actor>
        <actor name="D0N6">
            <wcet number="0">40</wcet>
            <wcet number="1">260</wcet>
            <maxpow number="0.5563394047014371"/>
            <maxpow number="0.5563394047014371"/>
            <fprob>0.0</fprob>
        </actor>
        <actor name="D0N20">
            <wcet number="0">130</wcet>
            <wcet number="1">480</wcet>
            <maxpow number="0.18314290304651792"/>
            <maxpow number="0.18314290304651792"/>
            <fprob>0.0</fprob>
        </actor>
        <actor name="D0N41">
            <wcet number="0">220</wcet>
            <wcet number="1">420</wcet>
            <maxpow number="0.5037505662041775"/>
            <maxpow number="0.5037505662041775"/>
            <fprob>0.0</fprob>
        </actor>
        <actor name="D0N16">
            <wcet number="0">160</wcet>
            <wcet number="1">230</wcet>
            <maxpow number="0.9867638007615951"/>
            <maxpow number="0.9867638007615951"/>
            <fprob>0.0</fprob>
        </actor>
        <actor name="D0N34">
            <wcet number="0">190</wcet>
            <wcet number="1">220</wcet>
            <maxpow number="0.5112329187640829"/>
            <maxpow number="0.5112329187640829"/>
            <fprob>0.0</fprob>
        </actor>
        <actor name="D0N40">
            <wcet number="0">10</wcet>
            <wcet number="1">30</wcet>
            <maxpow number="0.28339560636532507"/>
            <maxpow number="0.28339560636532507"/>
            <fprob>0.0</fprob>
        </actor>
        <actor name="D0N9">
            <wcet number="0">20</wcet>
            <wcet number="1">20</wcet>
            <maxpow number="0.7108588183942168"/>
            <maxpow number="0.7108588183942168"/>
            <fprob>0.0</fprob>
        </actor>
        <actor name="D0N45">
            <wcet number="0">330</wcet>
            <wcet number="1">370</wcet>
            <maxpow number="0.33946374460253226"/>
            <maxpow number="0.33946374460253226"/>
            <fprob>0.0</fprob>
        </actor>
        <actor name="D0N25">
            <wcet number="0">100</wcet>
            <wcet number="1">270</wcet>
            <maxpow number="0.7549485105608381"/>
            <maxpow number="0.7549485105608381"/>
            <fprob>0.0</fprob>
        </actor>
        <actor name="D0N23">
            <wcet number="0">230</wcet>
            <wcet number="1">350</wcet>
            <maxpow number="0.7139953508674516"/>
            <maxpow number="0.7139953508674516"/>
            <fprob>0.0</fprob>
        </actor>
        <actor name="D0N33">
            <wcet number="0">140</wcet>
            <wcet number="1">150</wcet>
            <maxpow number="0.2009474457533707"/>
            <maxpow number="0.2009474457533707"/>
            <fprob>0.0</fprob>
        </actor>
        <actor name="D0N46">
            <wcet number="0">10</wcet>
            <wcet number="1">10</wcet>
            <maxpow number="0.7343494451074549"/>
            <maxpow number="0.7343494451074549"/>
            <fprob>0.0</fprob>
        </actor>
        <actor name="D0N14">
            <wcet number="0">30</wcet>
            <wcet number="1">40</wcet>
            <maxpow number="0.6483943691828367"/>
            <maxpow number="0.6483943691828367"/>
            <fprob>0.0</fprob>
        </actor>
        <actor name="D0N17">
            <wcet number="0">10</wcet>
            <wcet number="1">10</wcet>
            <maxpow number="0.5797247522577694"/>
            <maxpow number="0.5797247522577694"/>
            <fprob>0.0</fprob>
        </actor>
        <actor name="D0N43">
            <wcet number="0">20</wcet>
            <wcet number="1">20</wcet>
            <maxpow number="0.14319960057858994"/>
            <maxpow number="0.14319960057858994"/>
            <fprob>0.0</fprob>
        </actor>
        <actor name="D0N36">
            <wcet number="0">10</wcet>
            <wcet number="1">30</wcet>
            <maxpow number="0.38313755741597255"/>
            <maxpow number="0.38313755741597255"/>
            <fprob>0.0</fprob>
        </actor>
        <actor name="D0N31">
            <wcet number="0">230</wcet>
            <wcet number="1">290</wcet>
            <maxpow number="0.6756828073644612"/>
            <maxpow number="0.6756828073644612"/>
            <fprob>0.0</fprob>
        </actor>
        <actor name="D0N2">
            <wcet number="0">10</wcet>
            <wcet number="1">10</wcet>
            <maxpow number="0.38227121928678637"/>
            <maxpow number="0.38227121928678637"/>
            <fprob>0.0</fprob>
        </actor>
        <actor name="D0N24">
            <wcet number="0">10</wcet>
            <wcet number="1">20</wcet>
            <maxpow number="0.5606645998857356"/>
            <maxpow number="0.5606645998857356"/>
            <fprob>0.0</fprob>
        </actor>
        <actor name="D0N26">
            <wcet number="0">80</wcet>
            <wcet number="1">90</wcet>
            <maxpow number="0.3888341978505028"/>
            <maxpow number="0.3888341978505028"/>
            <fprob>0.0</fprob>
        </actor>
        <actor name="D0N13">
            <wcet number="0">340</wcet>
            <wcet number="1">450</wcet>
            <maxpow number="0.4245872275146114"/>
            <maxpow number="0.4245872275146114"/>
            <fprob>0.0</fprob>
        </actor>
        <actor name="D0N3">
            <wcet number="0">150</wcet>
            <wcet number="1">170</wcet>
            <maxpow number="0.502334152917863"/>
            <maxpow number="0.502334152917863"/>
            <fprob>0.0</fprob>
        </actor>
        <actor name="D0N8">
            <wcet number="0">180</wcet>
            <wcet number="1">380</wcet>
            <maxpow number="0.5346765705068518"/>
            <maxpow number="0.5346765705068518"/>
            <fprob>0.0</fprob>
        </actor>
        <actor name="D0N37">
            <wcet number="0">30</wcet>
            <wcet number="1">40</wcet>
            <maxpow number="0.6511301292252268"/>
            <maxpow number="0.6511301292252268"/>
            <fprob>0.0</fprob>
        </actor>
        <actor name="D0N4">
            <wcet number="0">200</wcet>
            <wcet number="1">200</wcet>
            <maxpow number="0.5213252659478473"/>
            <maxpow number="0.5213252659478473"/>
            <fprob>0.0</fprob>
        </actor>
        <actor name="D0N19">
            <wcet number="0">10</wcet>
            <wcet number="1">130</wcet>
            <maxpow number="0.9097209743466508"/>
            <maxpow number="0.9097209743466508"/>
            <fprob>0.0</fprob>
        </actor>
        <actor name="D0N38">
            <wcet number="0">240</wcet>
            <wcet number="1">250</wcet>
            <maxpow number="0.5826970193427352"/>
            <maxpow number="0.5826970193427352"/>
            <fprob>0.0</fprob>
        </actor>
        <actor name="D0N22">
            <wcet number="0">30</wcet>
            <wcet number="1">460</wcet>
            <maxpow number="0.489800338967036"/>
            <maxpow number="0.489800338967036"/>
            <fprob>0.0</fprob>
        </actor>
        <actor name="D0N15">
            <wcet number="0">10</wcet>
            <wcet number="1">10</wcet>
            <maxpow number="0.6950120257297749"/>
            <maxpow number="0.6950120257297749"/>
            <fprob>0.0</fprob>
        </actor>
        <actor name="D0N12">
            <wcet number="0">40</wcet>
            <wcet number="1">220</wcet>
            <maxpow number="-0.03098445543610473"/>
            <maxpow number="-0.03098445543610473"/>
            <fprob>0.0</fprob>
        </actor>
        <actor name="D0N28">
            <wcet number="0">100</wcet>
            <wcet number="1">150</wcet>
            <maxpow number="0.7527052421242018"/>
            <maxpow number="0.7527052421242018"/>
            <fprob>0.0</fprob>
        </actor>
        <actor name="D0N5">
            <wcet number="0">10</wcet>
            <wcet number="1">60</wcet>
            <maxpow number="0.493829962743909"/>
            <maxpow number="0.493829962743909"/>
            <fprob>0.0</fprob>
        </actor>
        <actor name="D0N7">
            <wcet number="0">120</wcet>
            <wcet number="1">230</wcet>
            <maxpow number="0.7304481467411166"/>
            <maxpow number="0.7304481467411166"/>
            <fprob>0.0</fprob>
        </actor>
        <actor name="D0N11">
            <wcet number="0">20</wcet>
            <wcet number="1">310</wcet>
            <maxpow number="0.4114693896084127"/>
            <maxpow number="0.4114693896084127"/>
            <fprob>0.0</fprob>
        </actor>
        <actor name="D0N32">
            <wcet number="0">10</wcet>
            <wcet number="1">80</wcet>
            <maxpow number="0.7198804592926399"/>
            <maxpow number="0.7198804592926399"/>
            <fprob>0.0</fprob>
        </actor>
        <actor name="D0N21">
            <wcet number="0">30</wcet>
            <wcet number="1">50</wcet>
            <maxpow number="0.1799149760855342"/>
            <maxpow number="0.1799149760855342"/>
            <fprob>0.0</fprob>
        </actor>
        <actor name="D0N35">
            <wcet number="0">60</wcet>
            <wcet number="1">110</wcet>
            <maxpow number="0.43236916868701136"/>
            <maxpow number="0.43236916868701136"/>
            <fprob>0.0</fprob>
        </actor>
        <actor name="D0N47">
            <wcet number="0">20</wcet>
            <wcet number="1">70</wcet>
            <maxpow number="0.9074266380820798"/>
            <maxpow number="0.9074266380820798"/>
            <fprob>0.0</fprob>
        </actor>
        <actor name="D0N29">
            <wcet number="0">50</wcet>
            <wcet number="1">160</wcet>
            <maxpow number="0.6917068965897804"/>
            <maxpow number="0.6917068965897804"/>
            <fprob>0.0</fprob>
        </actor>
        <actor name="D0N42">
            <wcet number="0">60</wcet>
            <wcet number="1">230</wcet>
            <maxpow number="0.37727084867456806"/>
            <maxpow number="0.37727084867456806"/>
            <fprob>0.0</fprob>
        </actor>
        <actor name="D0N44">
            <wcet number="0">20</wcet>
            <wcet number="1">20</wcet>
            <maxpow number="0.4006748687091557"/>
            <maxpow number="0.4006748687091557"/>
            <fprob>0.0</fprob>
        </actor>
        <actor name="D0N10">
            <wcet number="0">10</wcet>
            <wcet number="1">10</wcet>
            <maxpow number="0.47139166099335406"/>
            <maxpow number="0.47139166099335406"/>
            <fprob>0.0</fprob>
        </actor>
        <actor name="D0N18">
            <wcet number="0">30</wcet>
            <wcet number="1">80</wcet>
            <maxpow number="0.1989072494288141"/>
            <maxpow number="0.1989072494288141"/>
            <fprob>0.0</fprob>
        </actor>
        <actor name="D0N1">
            <wcet number="0">140</wcet>
            <wcet number="1">140</wcet>
            <maxpow number="0.6628425613318119"/>
            <maxpow number="0.6628425613318119"/>
            <fprob>0.0</fprob>
        </actor>
        <ports>
            <port dstActor="D0N47" name="p0" srcActor="D0N30"/>
            <port dstActor="D0N35" name="p1" srcActor="D0N30"/>
            <port dstActor="D0N40" name="p2" srcActor="D0N39"/>
            <port dstActor="D0N38" name="p3" srcActor="D0N27"/>
            <port dstActor="D0N2" name="p4" srcActor="D0N0"/>
            <port dstActor="D0N27" name="p5" srcActor="D0N0"/>
            <port dstActor="D0N47" name="p6" srcActor="D0N6"/>
            <port dstActor="D0N27" name="p7" srcActor="D0N6"/>
            <port dstActor="D0N15" name="p8" srcActor="D0N6"/>
            <port dstActor="D0N41" name="p9" srcActor="D0N6"/>
            <port dstActor="D0N14" name="p10" srcActor="D0N6"/>
            <port dstActor="D0N30" name="p11" srcActor="D0N20"/>
            <port dstActor="D0N40" name="p12" srcActor="D0N20"/>
            <port dstActor="D0N26" name="p13" srcActor="D0N16"/>
            <port dstActor="D0N32" name="p14" srcActor="D0N16"/>
            <port dstActor="D0N34" name="p15" srcActor="D0N16"/>
            <port dstActor="D0N45" name="p16" srcActor="D0N16"/>
            <port dstActor="D0N19" name="p17" srcActor="D0N16"/>
            <port dstActor="D0N28" name="p18" srcActor="D0N16"/>
            <port dstActor="D0N25" name="p19" srcActor="D0N16"/>
            <port dstActor="D0N45" name="p20" srcActor="D0N9"/>
            <port dstActor="D0N23" name="p21" srcActor="D0N9"/>
            <port dstActor="D0N32" name="p22" srcActor="D0N9"/>
            <port dstActor="D0N39" name="p23" srcActor="D0N9"/>
            <port dstActor="D0N30" name="p24" srcActor="D0N25"/>
            <port dstActor="D0N33" name="p25" srcActor="D0N25"/>
            <port dstActor="D0N32" name="p26" srcActor="D0N25"/>
            <port dstActor="D0N47" name="p27" srcActor="D0N25"/>
            <port dstActor="D0N31" name="p28" srcActor="D0N23"/>
            <port dstActor="D0N25" name="p29" srcActor="D0N23"/>
            <port dstActor="D0N33" name="p30" srcActor="D0N23"/>
            <port dstActor="D0N47" name="p31" srcActor="D0N33"/>
            <port dstActor="D0N45" name="p32" srcActor="D0N14"/>
            <port dstActor="D0N42" name="p33" srcActor="D0N14"/>
            <port dstActor="D0N31" name="p34" srcActor="D0N14"/>
            <port dstActor="D0N24" name="p35" srcActor="D0N14"/>
            <port dstActor="D0N17" name="p36" srcActor="D0N14"/>
            <port dstActor="D0N35" name="p37" srcActor="D0N14"/>
            <port dstActor="D0N23" name="p38" srcActor="D0N14"/>
            <port dstActor="D0N43" name="p39" srcActor="D0N17"/>
            <port dstActor="D0N44" name="p40" srcActor="D0N17"/>
            <port dstActor="D0N18" name="p41" srcActor="D0N17"/>
            <port dstActor="D0N43" name="p42" srcActor="D0N36"/>
            <port dstActor="D0N44" name="p43" srcActor="D0N36"/>
            <port dstActor="D0N36" name="p44" srcActor="D0N2"/>
            <port dstActor="D0N23" name="p45" srcActor="D0N2"/>
            <port dstActor="D0N34" name="p46" srcActor="D0N2"/>
            <port dstActor="D0N37" name="p47" srcActor="D0N2"/>
            <port dstActor="D0N21" name="p48" srcActor="D0N2"/>
            <port dstActor="D0N24" name="p49" srcActor="D0N2"/>
            <port dstActor="D0N15" name="p50" srcActor="D0N2"/>
            <port dstActor="D0N41" name="p51" srcActor="D0N24"/>
            <port dstActor="D0N25" name="p52" srcActor="D0N24"/>
            <port dstActor="D0N34" name="p53" srcActor="D0N24"/>
            <port dstActor="D0N36" name="p54" srcActor="D0N24"/>
            <port dstActor="D0N29" name="p55" srcActor="D0N24"/>
            <port dstActor="D0N33" name="p56" srcActor="D0N24"/>
            <port dstActor="D0N46" name="p57" srcActor="D0N24"/>
            <port dstActor="D0N27" name="p58" srcActor="D0N26"/>
            <port dstActor="D0N33" name="p59" srcActor="D0N26"/>
            <port dstActor="D0N23" name="p60" srcActor="D0N13"/>
            <port dstActor="D0N27" name="p61" srcActor="D0N13"/>
            <port dstActor="D0N12" name="p62" srcActor="D0N3"/>
            <port dstActor="D0N27" name="p63" srcActor="D0N3"/>
            <port dstActor="D0N35" name="p64" srcActor="D0N8"/>
            <port dstActor="D0N17" name="p65" srcActor="D0N8"/>
            <port dstActor="D0N10" name="p66" srcActor="D0N8"/>
            <port dstActor="D0N24" name="p67" srcActor="D0N8"/>
            <port dstActor="D0N18" name="p68" srcActor="D0N8"/>
            <port dstActor="D0N34" name="p69" srcActor="D0N4"/>
            <port dstActor="D0N33" name="p70" srcActor="D0N4"/>
            <port dstActor="D0N30" name="p71" srcActor="D0N19"/>
            <port dstActor="D0N35" name="p72" srcActor="D0N19"/>
            <port dstActor="D0N33" name="p73" srcActor="D0N19"/>
            <port dstActor="D0N34" name="p74" srcActor="D0N19"/>
            <port dstActor="D0N21" name="p75" srcActor="D0N19"/>
            <port dstActor="D0N43" name="p76" srcActor="D0N38"/>
            <port dstActor="D0N45" name="p77" srcActor="D0N38"/>
            <port dstActor="D0N37" name="p78" srcActor="D0N22"/>
            <port dstActor="D0N23" name="p79" srcActor="D0N22"/>
            <port dstActor="D0N28" name="p80" srcActor="D0N22"/>
            <port dstActor="D0N26" name="p81" srcActor="D0N15"/>
            <port dstActor="D0N31" name="p82" srcActor="D0N15"/>
            <port dstActor="D0N38" name="p83" srcActor="D0N15"/>
            <port dstActor="D0N27" name="p84" srcActor="D0N12"/>
            <port dstActor="D0N43" name="p85" srcActor="D0N12"/>
            <port dstActor="D0N22" name="p86" srcActor="D0N12"/>
            <port dstActor="D0N42" name="p87" srcActor="D0N28"/>
            <port dstActor="D0N13" name="p88" srcActor="D0N5"/>
            <port dstActor="D0N38" name="p89" srcActor="D0N5"/>
            <port dstActor="D0N21" name="p90" srcActor="D0N5"/>
            <port dstActor="D0N41" name="p91" srcActor="D0N7"/>
            <port dstActor="D0N28" name="p92" srcActor="D0N7"/>
            <port dstActor="D0N40" name="p93" srcActor="D0N7"/>
            <port dstActor="D0N25" name="p94" srcActor="D0N7"/>
            <port dstActor="D0N45" name="p95" srcActor="D0N7"/>
            <port dstActor="D0N23" name="p96" srcActor="D0N7"/>
            <port dstActor="D0N34" name="p97" srcActor="D0N11"/>
            <port dstActor="D0N33" name="p98" srcActor="D0N11"/>
            <port dstActor="D0N46" name="p99" srcActor="D0N11"/>
            <port dstActor="D0N41" name="p100" srcActor="D0N32"/>
            <port dstActor="D0N39" name="p101" srcActor="D0N32"/>
            <port dstActor="D0N28" name="p102" srcActor="D0N21"/>
            <port dstActor="D0N29" name="p103" srcActor="D0N21"/>
            <port dstActor="D0N27" name="p104" srcActor="D0N21"/>
            <port dstActor="D0N39" name="p105" srcActor="D0N35"/>
            <port dstActor="D0N34" name="p106" srcActor="D0N29"/>
            <port dstActor="D0N45" name="p107" srcActor="D0N29"/>
            <port dstActor="D0N47" name="p108" srcActor="D0N29"/>
            <port dstActor="D0N44" name="p109" srcActor="D0N42"/>
            <port dstActor="D0N46" name="p110" srcActor="D0N10"/>
            <port dstActor="D0N40" name="p111" srcActor="D0N10"/>
            <port dstActor="D0N40" name="p112" srcActor="D0N18"/>
            <port dstActor="D0N46" name="p113" srcActor="D0N18"/>
            <port dstActor="D0N4" name="p114" srcActor="D0N1"/>
            <port dstActor="D0N22" name="p115" srcActor="D0N1"/>
            <port dstActor="D0N46" name="p116" srcActor="D0N1"/>
            <port dstActor="D0N2" name="p117" srcActor="D0N1"/>
            <port dstActor="D0N37" name="p118" srcActor="D0N1"/>
        </ports>
    </mcdag>
    <cores number="3"/>
    <levels number="2"/>
</mcsystem>
