<?xml version="1.0" encoding="UTF-8" standalone="no"?>
<mcsystem>
    <mcdag deadline="1000" name="genned-0-ed-10.0-0">
        <actor name="D0N37">
            <wcet number="0">40</wcet>
            <wcet number="1">40</wcet>
            <maxpow number="0.6532406699767624"/>
            <maxpow number="0.6532406699767624"/>
            <fprob>0.0</fprob>
        </actor>
        <actor name="D0N3">
            <wcet number="0">20</wcet>
            <wcet number="1">60</wcet>
            <maxpow number="0.5232193982151037"/>
            <maxpow number="0.5232193982151037"/>
            <fprob>0.0</fprob>
        </actor>
        <actor name="D0N1">
            <wcet number="0">40</wcet>
            <wcet number="1">90</wcet>
            <maxpow number="0.7054950780562739"/>
            <maxpow number="0.7054950780562739"/>
            <fprob>0.0</fprob>
        </actor>
        <actor name="D0N33">
            <wcet number="0">30</wcet>
            <wcet number="1">40</wcet>
            <maxpow number="0.93637671327823"/>
            <maxpow number="0.93637671327823"/>
            <fprob>0.0</fprob>
        </actor>
        <actor name="D0N6">
            <wcet number="0">20</wcet>
            <wcet number="1">20</wcet>
            <maxpow number="0.6748563468307684"/>
            <maxpow number="0.6748563468307684"/>
            <fprob>0.0</fprob>
        </actor>
        <actor name="D0N28">
            <wcet number="0">150</wcet>
            <wcet number="1">170</wcet>
            <maxpow number="0.5698071122837952"/>
            <maxpow number="0.5698071122837952"/>
            <fprob>0.0</fprob>
        </actor>
        <actor name="D0N31">
            <wcet number="0">30</wcet>
            <wcet number="1">120</wcet>
            <maxpow number="0.4684611793363112"/>
            <maxpow number="0.4684611793363112"/>
            <fprob>0.0</fprob>
        </actor>
        <actor name="D0N5">
            <wcet number="0">30</wcet>
            <wcet number="1">50</wcet>
            <maxpow number="0.5963660486476796"/>
            <maxpow number="0.5963660486476796"/>
            <fprob>0.0</fprob>
        </actor>
        <actor name="D0N16">
            <wcet number="0">20</wcet>
            <wcet number="1">20</wcet>
            <maxpow number="0.26698753381076423"/>
            <maxpow number="0.26698753381076423"/>
            <fprob>0.0</fprob>
        </actor>
        <actor name="D0N18">
            <wcet number="0">10</wcet>
            <wcet number="1">30</wcet>
            <maxpow number="0.6558165685799429"/>
            <maxpow number="0.6558165685799429"/>
            <fprob>0.0</fprob>
        </actor>
        <actor name="D0N41">
            <wcet number="0">10</wcet>
            <wcet number="1">40</wcet>
            <maxpow number="0.5299641818586406"/>
            <maxpow number="0.5299641818586406"/>
            <fprob>0.0</fprob>
        </actor>
        <actor name="D0N43">
            <wcet number="0">50</wcet>
            <wcet number="1">170</wcet>
            <maxpow number="0.43153314429676737"/>
            <maxpow number="0.43153314429676737"/>
            <fprob>0.0</fprob>
        </actor>
        <actor name="D0N26">
            <wcet number="0">10</wcet>
            <wcet number="1">40</wcet>
            <maxpow number="0.6560373395959466"/>
            <maxpow number="0.6560373395959466"/>
            <fprob>0.0</fprob>
        </actor>
        <actor name="D0N42">
            <wcet number="0">120</wcet>
            <wcet number="1">150</wcet>
            <maxpow number="0.4007075283243334"/>
            <maxpow number="0.4007075283243334"/>
            <fprob>0.0</fprob>
        </actor>
        <actor name="D0N13">
            <wcet number="0">20</wcet>
            <wcet number="1">30</wcet>
            <maxpow number="0.3071328957362107"/>
            <maxpow number="0.3071328957362107"/>
            <fprob>0.0</fprob>
        </actor>
        <actor name="D0N24">
            <wcet number="0">170</wcet>
            <wcet number="1">220</wcet>
            <maxpow number="0.4622628626463195"/>
            <maxpow number="0.4622628626463195"/>
            <fprob>0.0</fprob>
        </actor>
        <actor name="D0N39">
            <wcet number="0">60</wcet>
            <wcet number="1">60</wcet>
            <maxpow number="0.5873615727541094"/>
            <maxpow number="0.5873615727541094"/>
            <fprob>0.0</fprob>
        </actor>
        <actor name="D0N20">
            <wcet number="0">80</wcet>
            <wcet number="1">100</wcet>
            <maxpow number="0.6554447830719063"/>
            <maxpow number="0.6554447830719063"/>
            <fprob>0.0</fprob>
        </actor>
        <actor name="D0N35">
            <wcet number="0">40</wcet>
            <wcet number="1">40</wcet>
            <maxpow number="0.22095047199794698"/>
            <maxpow number="0.22095047199794698"/>
            <fprob>0.0</fprob>
        </actor>
        <actor name="D0N19">
            <wcet number="0">20</wcet>
            <wcet number="1">60</wcet>
            <maxpow number="0.8357172318719842"/>
            <maxpow number="0.8357172318719842"/>
            <fprob>0.0</fprob>
        </actor>
        <actor name="D0N38">
            <wcet number="0">10</wcet>
            <wcet number="1">20</wcet>
            <maxpow number="0.6521794182056897"/>
            <maxpow number="0.6521794182056897"/>
            <fprob>0.0</fprob>
        </actor>
        <actor name="D0N36">
            <wcet number="0">10</wcet>
            <wcet number="1">10</wcet>
            <maxpow number="0.6283621488113037"/>
            <maxpow number="0.6283621488113037"/>
            <fprob>0.0</fprob>
        </actor>
        <actor name="D0N22">
            <wcet number="0">20</wcet>
            <wcet number="1">20</wcet>
            <maxpow number="0.8070122016248386"/>
            <maxpow number="0.8070122016248386"/>
            <fprob>0.0</fprob>
        </actor>
        <actor name="D0N15">
            <wcet number="0">40</wcet>
            <wcet number="1">50</wcet>
            <maxpow number="0.5304391183537663"/>
            <maxpow number="0.5304391183537663"/>
            <fprob>0.0</fprob>
        </actor>
        <actor name="D0N11">
            <wcet number="0">10</wcet>
            <wcet number="1">10</wcet>
            <maxpow number="0.5142539312079157"/>
            <maxpow number="0.5142539312079157"/>
            <fprob>0.0</fprob>
        </actor>
        <actor name="D0N4">
            <wcet number="0">20</wcet>
            <wcet number="1">20</wcet>
            <maxpow number="0.5726915225372147"/>
            <maxpow number="0.5726915225372147"/>
            <fprob>0.0</fprob>
        </actor>
        <actor name="D0N0">
            <wcet number="0">40</wcet>
            <wcet number="1">70</wcet>
            <maxpow number="0.45232046041440227"/>
            <maxpow number="0.45232046041440227"/>
            <fprob>0.0</fprob>
        </actor>
        <actor name="D0N44">
            <wcet number="0">20</wcet>
            <wcet number="1">20</wcet>
            <maxpow number="0.6277240022430071"/>
            <maxpow number="0.6277240022430071"/>
            <fprob>0.0</fprob>
        </actor>
        <actor name="D0N21">
            <wcet number="0">10</wcet>
            <wcet number="1">10</wcet>
            <maxpow number="0.10363673397937556"/>
            <maxpow number="0.10363673397937556"/>
            <fprob>0.0</fprob>
        </actor>
        <actor name="D0N2">
            <wcet number="0">40</wcet>
            <wcet number="1">50</wcet>
            <maxpow number="0.5462299827558574"/>
            <maxpow number="0.5462299827558574"/>
            <fprob>0.0</fprob>
        </actor>
        <actor name="D0N10">
            <wcet number="0">20</wcet>
            <wcet number="1">50</wcet>
            <maxpow number="0.9710235762553066"/>
            <maxpow number="0.9710235762553066"/>
            <fprob>0.0</fprob>
        </actor>
        <actor name="D0N45">
            <wcet number="0">10</wcet>
            <wcet number="1">20</wcet>
            <maxpow number="0.511280310935218"/>
            <maxpow number="0.511280310935218"/>
            <fprob>0.0</fprob>
        </actor>
        <actor name="D0N34">
            <wcet number="0">10</wcet>
            <wcet number="1">10</wcet>
            <maxpow number="0.24835264401638252"/>
            <maxpow number="0.24835264401638252"/>
            <fprob>0.0</fprob>
        </actor>
        <actor name="D0N8">
            <wcet number="0">20</wcet>
            <wcet number="1">30</wcet>
            <maxpow number="0.5186699974336029"/>
            <maxpow number="0.5186699974336029"/>
            <fprob>0.0</fprob>
        </actor>
        <actor name="D0N9">
            <wcet number="0">20</wcet>
            <wcet number="1">240</wcet>
            <maxpow number="0.477255628086399"/>
            <maxpow number="0.477255628086399"/>
            <fprob>0.0</fprob>
        </actor>
        <actor name="D0N7">
            <wcet number="0">10</wcet>
            <wcet number="1">10</wcet>
            <maxpow number="0.34546752367947253"/>
            <maxpow number="0.34546752367947253"/>
            <fprob>0.0</fprob>
        </actor>
        <actor name="D0N40">
            <wcet number="0">10</wcet>
            <wcet number="1">10</wcet>
            <maxpow number="0.4909852922935824"/>
            <maxpow number="0.4909852922935824"/>
            <fprob>0.0</fprob>
        </actor>
        <actor name="D0N17">
            <wcet number="0">30</wcet>
            <wcet number="1">40</wcet>
            <maxpow number="0.46837067129411647"/>
            <maxpow number="0.46837067129411647"/>
            <fprob>0.0</fprob>
        </actor>
        <actor name="D0N30">
            <wcet number="0">20</wcet>
            <wcet number="1">20</wcet>
            <maxpow number="0.5024342856094428"/>
            <maxpow number="0.5024342856094428"/>
            <fprob>0.0</fprob>
        </actor>
        <actor name="D0N27">
            <wcet number="0">110</wcet>
            <wcet number="1">130</wcet>
            <maxpow number="0.47215223847721105"/>
            <maxpow number="0.47215223847721105"/>
            <fprob>0.0</fprob>
        </actor>
        <actor name="D0N25">
            <wcet number="0">50</wcet>
            <wcet number="1">60</wcet>
            <maxpow number="0.5166160410469549"/>
            <maxpow number="0.5166160410469549"/>
            <fprob>0.0</fprob>
        </actor>
        <actor name="D0N29">
            <wcet number="0">70</wcet>
            <wcet number="1">110</wcet>
            <maxpow number="0.8404318874022685"/>
            <maxpow number="0.8404318874022685"/>
            <fprob>0.0</fprob>
        </actor>
        <actor name="D0N32">
            <wcet number="0">40</wcet>
            <wcet number="1">40</wcet>
            <maxpow number="0.7455870320080205"/>
            <maxpow number="0.7455870320080205"/>
            <fprob>0.0</fprob>
        </actor>
        <actor name="D0N12">
            <wcet number="0">40</wcet>
            <wcet number="1">40</wcet>
            <maxpow number="0.2958508259673727"/>
            <maxpow number="0.2958508259673727"/>
            <fprob>0.0</fprob>
        </actor>
        <actor name="D0N14">
            <wcet number="0">60</wcet>
            <wcet number="1">60</wcet>
            <maxpow number="0.7813592783751782"/>
            <maxpow number="0.7813592783751782"/>
            <fprob>0.0</fprob>
        </actor>
        <actor name="D0N23">
            <wcet number="0">10</wcet>
            <wcet number="1">100</wcet>
            <maxpow number="0.6425655316465461"/>
            <maxpow number="0.6425655316465461"/>
            <fprob>0.0</fprob>
        </actor>
        <ports>
            <port dstActor="D0N37" name="p0" srcActor="D0N3"/>
            <port dstActor="D0N42" name="p1" srcActor="D0N3"/>
            <port dstActor="D0N36" name="p2" srcActor="D0N3"/>
            <port dstActor="D0N17" name="p3" srcActor="D0N3"/>
            <port dstActor="D0N43" name="p4" srcActor="D0N1"/>
            <port dstActor="D0N21" name="p5" srcActor="D0N1"/>
            <port dstActor="D0N42" name="p6" srcActor="D0N1"/>
            <port dstActor="D0N35" name="p7" srcActor="D0N1"/>
            <port dstActor="D0N29" name="p8" srcActor="D0N6"/>
            <port dstActor="D0N21" name="p9" srcActor="D0N6"/>
            <port dstActor="D0N43" name="p10" srcActor="D0N6"/>
            <port dstActor="D0N28" name="p11" srcActor="D0N6"/>
            <port dstActor="D0N29" name="p12" srcActor="D0N28"/>
            <port dstActor="D0N44" name="p13" srcActor="D0N28"/>
            <port dstActor="D0N39" name="p14" srcActor="D0N28"/>
            <port dstActor="D0N37" name="p15" srcActor="D0N28"/>
            <port dstActor="D0N32" name="p16" srcActor="D0N31"/>
            <port dstActor="D0N36" name="p17" srcActor="D0N31"/>
            <port dstActor="D0N8" name="p18" srcActor="D0N5"/>
            <port dstActor="D0N35" name="p19" srcActor="D0N5"/>
            <port dstActor="D0N25" name="p20" srcActor="D0N5"/>
            <port dstActor="D0N22" name="p21" srcActor="D0N16"/>
            <port dstActor="D0N19" name="p22" srcActor="D0N16"/>
            <port dstActor="D0N34" name="p23" srcActor="D0N18"/>
            <port dstActor="D0N33" name="p24" srcActor="D0N18"/>
            <port dstActor="D0N35" name="p25" srcActor="D0N18"/>
            <port dstActor="D0N45" name="p26" srcActor="D0N41"/>
            <port dstActor="D0N42" name="p27" srcActor="D0N41"/>
            <port dstActor="D0N40" name="p28" srcActor="D0N26"/>
            <port dstActor="D0N38" name="p29" srcActor="D0N26"/>
            <port dstActor="D0N37" name="p30" srcActor="D0N26"/>
            <port dstActor="D0N32" name="p31" srcActor="D0N26"/>
            <port dstActor="D0N41" name="p32" srcActor="D0N13"/>
            <port dstActor="D0N40" name="p33" srcActor="D0N13"/>
            <port dstActor="D0N27" name="p34" srcActor="D0N13"/>
            <port dstActor="D0N31" name="p35" srcActor="D0N13"/>
            <port dstActor="D0N42" name="p36" srcActor="D0N13"/>
            <port dstActor="D0N18" name="p37" srcActor="D0N13"/>
            <port dstActor="D0N35" name="p38" srcActor="D0N13"/>
            <port dstActor="D0N28" name="p39" srcActor="D0N13"/>
            <port dstActor="D0N26" name="p40" srcActor="D0N24"/>
            <port dstActor="D0N29" name="p41" srcActor="D0N20"/>
            <port dstActor="D0N41" name="p42" srcActor="D0N35"/>
            <port dstActor="D0N38" name="p43" srcActor="D0N35"/>
            <port dstActor="D0N44" name="p44" srcActor="D0N19"/>
            <port dstActor="D0N41" name="p45" srcActor="D0N36"/>
            <port dstActor="D0N35" name="p46" srcActor="D0N22"/>
            <port dstActor="D0N27" name="p47" srcActor="D0N22"/>
            <port dstActor="D0N38" name="p48" srcActor="D0N22"/>
            <port dstActor="D0N33" name="p49" srcActor="D0N22"/>
            <port dstActor="D0N44" name="p50" srcActor="D0N15"/>
            <port dstActor="D0N43" name="p51" srcActor="D0N15"/>
            <port dstActor="D0N26" name="p52" srcActor="D0N11"/>
            <port dstActor="D0N27" name="p53" srcActor="D0N11"/>
            <port dstActor="D0N45" name="p54" srcActor="D0N11"/>
            <port dstActor="D0N43" name="p55" srcActor="D0N11"/>
            <port dstActor="D0N17" name="p56" srcActor="D0N11"/>
            <port dstActor="D0N28" name="p57" srcActor="D0N4"/>
            <port dstActor="D0N9" name="p58" srcActor="D0N4"/>
            <port dstActor="D0N31" name="p59" srcActor="D0N4"/>
            <port dstActor="D0N22" name="p60" srcActor="D0N0"/>
            <port dstActor="D0N34" name="p61" srcActor="D0N0"/>
            <port dstActor="D0N28" name="p62" srcActor="D0N0"/>
            <port dstActor="D0N29" name="p63" srcActor="D0N0"/>
            <port dstActor="D0N21" name="p64" srcActor="D0N0"/>
            <port dstActor="D0N20" name="p65" srcActor="D0N0"/>
            <port dstActor="D0N23" name="p66" srcActor="D0N21"/>
            <port dstActor="D0N32" name="p67" srcActor="D0N21"/>
            <port dstActor="D0N42" name="p68" srcActor="D0N21"/>
            <port dstActor="D0N30" name="p69" srcActor="D0N2"/>
            <port dstActor="D0N35" name="p70" srcActor="D0N2"/>
            <port dstActor="D0N19" name="p71" srcActor="D0N10"/>
            <port dstActor="D0N34" name="p72" srcActor="D0N10"/>
            <port dstActor="D0N38" name="p73" srcActor="D0N10"/>
            <port dstActor="D0N40" name="p74" srcActor="D0N10"/>
            <port dstActor="D0N39" name="p75" srcActor="D0N10"/>
            <port dstActor="D0N23" name="p76" srcActor="D0N10"/>
            <port dstActor="D0N36" name="p77" srcActor="D0N34"/>
            <port dstActor="D0N43" name="p78" srcActor="D0N34"/>
            <port dstActor="D0N35" name="p79" srcActor="D0N8"/>
            <port dstActor="D0N31" name="p80" srcActor="D0N8"/>
            <port dstActor="D0N28" name="p81" srcActor="D0N8"/>
            <port dstActor="D0N15" name="p82" srcActor="D0N8"/>
            <port dstActor="D0N36" name="p83" srcActor="D0N8"/>
            <port dstActor="D0N20" name="p84" srcActor="D0N9"/>
            <port dstActor="D0N22" name="p85" srcActor="D0N9"/>
            <port dstActor="D0N41" name="p86" srcActor="D0N9"/>
            <port dstActor="D0N31" name="p87" srcActor="D0N9"/>
            <port dstActor="D0N43" name="p88" srcActor="D0N9"/>
            <port dstActor="D0N19" name="p89" srcActor="D0N7"/>
            <port dstActor="D0N15" name="p90" srcActor="D0N7"/>
            <port dstActor="D0N23" name="p91" srcActor="D0N7"/>
            <port dstActor="D0N11" name="p92" srcActor="D0N7"/>
            <port dstActor="D0N24" name="p93" srcActor="D0N7"/>
            <port dstActor="D0N41" name="p94" srcActor="D0N7"/>
            <port dstActor="D0N31" name="p95" srcActor="D0N7"/>
            <port dstActor="D0N36" name="p96" srcActor="D0N7"/>
            <port dstActor="D0N18" name="p97" srcActor="D0N17"/>
            <port dstActor="D0N40" name="p98" srcActor="D0N17"/>
            <port dstActor="D0N40" name="p99" srcActor="D0N30"/>
            <port dstActor="D0N31" name="p100" srcActor="D0N27"/>
            <port dstActor="D0N27" name="p101" srcActor="D0N25"/>
            <port dstActor="D0N31" name="p102" srcActor="D0N25"/>
            <port dstActor="D0N34" name="p103" srcActor="D0N25"/>
            <port dstActor="D0N35" name="p104" srcActor="D0N25"/>
            <port dstActor="D0N34" name="p105" srcActor="D0N29"/>
            <port dstActor="D0N13" name="p106" srcActor="D0N12"/>
            <port dstActor="D0N34" name="p107" srcActor="D0N12"/>
            <port dstActor="D0N39" name="p108" srcActor="D0N12"/>
            <port dstActor="D0N20" name="p109" srcActor="D0N12"/>
            <port dstActor="D0N45" name="p110" srcActor="D0N14"/>
            <port dstActor="D0N26" name="p111" srcActor="D0N14"/>
            <port dstActor="D0N29" name="p112" srcActor="D0N14"/>
            <port dstActor="D0N38" name="p113" srcActor="D0N14"/>
        </ports>
    </mcdag>
    <cores number="3"/>
    <levels number="2"/>
</mcsystem>
