<?xml version="1.0" encoding="UTF-8" standalone="no"?>
<mcsystem>
    <mcdag deadline="3000" name="genned-0-ed-10.0-0">
        <actor name="D0N30">
            <wcet number="0">240</wcet>
            <wcet number="1">250</wcet>
            <maxpow number="0.3447599149067857"/>
            <maxpow number="0.3447599149067857"/>
            <fprob>0.0</fprob>
        </actor>
        <actor name="D0N31">
            <wcet number="0">200</wcet>
            <wcet number="1">300</wcet>
            <maxpow number="0.2352061040791399"/>
            <maxpow number="0.2352061040791399"/>
            <fprob>0.0</fprob>
        </actor>
        <actor name="D0N32">
            <wcet number="0">10</wcet>
            <wcet number="1">20</wcet>
            <maxpow number="0.6102020324754154"/>
            <maxpow number="0.6102020324754154"/>
            <fprob>0.0</fprob>
        </actor>
        <actor name="D0N12">
            <wcet number="0">80</wcet>
            <wcet number="1">100</wcet>
            <maxpow number="0.5542883594207542"/>
            <maxpow number="0.5542883594207542"/>
            <fprob>0.0</fprob>
        </actor>
        <actor name="D0N45">
            <wcet number="0">60</wcet>
            <wcet number="1">120</wcet>
            <maxpow number="0.6171484797621104"/>
            <maxpow number="0.6171484797621104"/>
            <fprob>0.0</fprob>
        </actor>
        <actor name="D0N46">
            <wcet number="0">110</wcet>
            <wcet number="1">160</wcet>
            <maxpow number="0.2531869810401662"/>
            <maxpow number="0.2531869810401662"/>
            <fprob>0.0</fprob>
        </actor>
        <actor name="D0N8">
            <wcet number="0">70</wcet>
            <wcet number="1">70</wcet>
            <maxpow number="0.38972557812071884"/>
            <maxpow number="0.38972557812071884"/>
            <fprob>0.0</fprob>
        </actor>
        <actor name="D0N27">
            <wcet number="0">20</wcet>
            <wcet number="1">30</wcet>
            <maxpow number="0.3592226823672293"/>
            <maxpow number="0.3592226823672293"/>
            <fprob>0.0</fprob>
        </actor>
        <actor name="D0N7">
            <wcet number="0">80</wcet>
            <wcet number="1">80</wcet>
            <maxpow number="0.6454859144938946"/>
            <maxpow number="0.6454859144938946"/>
            <fprob>0.0</fprob>
        </actor>
        <actor name="D0N1">
            <wcet number="0">40</wcet>
            <wcet number="1">160</wcet>
            <maxpow number="0.5842930966968571"/>
            <maxpow number="0.5842930966968571"/>
            <fprob>0.0</fprob>
        </actor>
        <actor name="D0N39">
            <wcet number="0">30</wcet>
            <wcet number="1">50</wcet>
            <maxpow number="0.2969570315719489"/>
            <maxpow number="0.2969570315719489"/>
            <fprob>0.0</fprob>
        </actor>
        <actor name="D0N4">
            <wcet number="0">10</wcet>
            <wcet number="1">10</wcet>
            <maxpow number="0.5075192243678976"/>
            <maxpow number="0.5075192243678976"/>
            <fprob>0.0</fprob>
        </actor>
        <actor name="D0N44">
            <wcet number="0">160</wcet>
            <wcet number="1">290</wcet>
            <maxpow number="0.456129355631984"/>
            <maxpow number="0.456129355631984"/>
            <fprob>0.0</fprob>
        </actor>
        <actor name="D0N42">
            <wcet number="0">140</wcet>
            <wcet number="1">140</wcet>
            <maxpow number="0.4320816469887285"/>
            <maxpow number="0.4320816469887285"/>
            <fprob>0.0</fprob>
        </actor>
        <actor name="D0N41">
            <wcet number="0">10</wcet>
            <wcet number="1">60</wcet>
            <maxpow number="0.30393731799663215"/>
            <maxpow number="0.30393731799663215"/>
            <fprob>0.0</fprob>
        </actor>
        <actor name="D0N2">
            <wcet number="0">130</wcet>
            <wcet number="1">250</wcet>
            <maxpow number="0.640530477239453"/>
            <maxpow number="0.640530477239453"/>
            <fprob>0.0</fprob>
        </actor>
        <actor name="D0N48">
            <wcet number="0">50</wcet>
            <wcet number="1">50</wcet>
            <maxpow number="0.5055221234993691"/>
            <maxpow number="0.5055221234993691"/>
            <fprob>0.0</fprob>
        </actor>
        <actor name="D0N20">
            <wcet number="0">240</wcet>
            <wcet number="1">350</wcet>
            <maxpow number="0.7530965770653627"/>
            <maxpow number="0.7530965770653627"/>
            <fprob>0.0</fprob>
        </actor>
        <actor name="D0N23">
            <wcet number="0">20</wcet>
            <wcet number="1">140</wcet>
            <maxpow number="0.3655177060384454"/>
            <maxpow number="0.3655177060384454"/>
            <fprob>0.0</fprob>
        </actor>
        <actor name="D0N37">
            <wcet number="0">20</wcet>
            <wcet number="1">80</wcet>
            <maxpow number="0.5901709532457771"/>
            <maxpow number="0.5901709532457771"/>
            <fprob>0.0</fprob>
        </actor>
        <actor name="D0N33">
            <wcet number="0">120</wcet>
            <wcet number="1">160</wcet>
            <maxpow number="0.6525043239043102"/>
            <maxpow number="0.6525043239043102"/>
            <fprob>0.0</fprob>
        </actor>
        <actor name="D0N26">
            <wcet number="0">40</wcet>
            <wcet number="1">60</wcet>
            <maxpow number="0.6820694519113094"/>
            <maxpow number="0.6820694519113094"/>
            <fprob>0.0</fprob>
        </actor>
        <actor name="D0N16">
            <wcet number="0">140</wcet>
            <wcet number="1">310</wcet>
            <maxpow number="0.6537401504437059"/>
            <maxpow number="0.6537401504437059"/>
            <fprob>0.0</fprob>
        </actor>
        <actor name="D0N25">
            <wcet number="0">50</wcet>
            <wcet number="1">120</wcet>
            <maxpow number="0.5334459225651894"/>
            <maxpow number="0.5334459225651894"/>
            <fprob>0.0</fprob>
        </actor>
        <actor name="D0N22">
            <wcet number="0">10</wcet>
            <wcet number="1">140</wcet>
            <maxpow number="0.49941494246575024"/>
            <maxpow number="0.49941494246575024"/>
            <fprob>0.0</fprob>
        </actor>
        <actor name="D0N18">
            <wcet number="0">10</wcet>
            <wcet number="1">360</wcet>
            <maxpow number="0.6248642219997776"/>
            <maxpow number="0.6248642219997776"/>
            <fprob>0.0</fprob>
        </actor>
        <actor name="D0N10">
            <wcet number="0">50</wcet>
            <wcet number="1">60</wcet>
            <maxpow number="0.2913453282622287"/>
            <maxpow number="0.2913453282622287"/>
            <fprob>0.0</fprob>
        </actor>
        <actor name="D0N9">
            <wcet number="0">120</wcet>
            <wcet number="1">130</wcet>
            <maxpow number="0.7732033982768731"/>
            <maxpow number="0.7732033982768731"/>
            <fprob>0.0</fprob>
        </actor>
        <actor name="D0N40">
            <wcet number="0">80</wcet>
            <wcet number="1">200</wcet>
            <maxpow number="0.5573517037878515"/>
            <maxpow number="0.5573517037878515"/>
            <fprob>0.0</fprob>
        </actor>
        <actor name="D0N11">
            <wcet number="0">10</wcet>
            <wcet number="1">20</wcet>
            <maxpow number="0.5735147951961423"/>
            <maxpow number="0.5735147951961423"/>
            <fprob>0.0</fprob>
        </actor>
        <actor name="D0N36">
            <wcet number="0">10</wcet>
            <wcet number="1">310</wcet>
            <maxpow number="0.17434948895497682"/>
            <maxpow number="0.17434948895497682"/>
            <fprob>0.0</fprob>
        </actor>
        <actor name="D0N17">
            <wcet number="0">170</wcet>
            <wcet number="1">300</wcet>
            <maxpow number="0.6392144224219203"/>
            <maxpow number="0.6392144224219203"/>
            <fprob>0.0</fprob>
        </actor>
        <actor name="D0N0">
            <wcet number="0">30</wcet>
            <wcet number="1">30</wcet>
            <maxpow number="1.1158804661592974"/>
            <maxpow number="1.1158804661592974"/>
            <fprob>0.0</fprob>
        </actor>
        <actor name="D0N13">
            <wcet number="0">30</wcet>
            <wcet number="1">350</wcet>
            <maxpow number="0.5709871566505038"/>
            <maxpow number="0.5709871566505038"/>
            <fprob>0.0</fprob>
        </actor>
        <actor name="D0N21">
            <wcet number="0">20</wcet>
            <wcet number="1">20</wcet>
            <maxpow number="0.7926256089169159"/>
            <maxpow number="0.7926256089169159"/>
            <fprob>0.0</fprob>
        </actor>
        <actor name="D0N19">
            <wcet number="0">40</wcet>
            <wcet number="1">40</wcet>
            <maxpow number="0.4053559811321622"/>
            <maxpow number="0.4053559811321622"/>
            <fprob>0.0</fprob>
        </actor>
        <actor name="D0N28">
            <wcet number="0">110</wcet>
            <wcet number="1">160</wcet>
            <maxpow number="0.34909281694796035"/>
            <maxpow number="0.34909281694796035"/>
            <fprob>0.0</fprob>
        </actor>
        <actor name="D0N38">
            <wcet number="0">30</wcet>
            <wcet number="1">50</wcet>
            <maxpow number="0.28541603583517355"/>
            <maxpow number="0.28541603583517355"/>
            <fprob>0.0</fprob>
        </actor>
        <actor name="D0N47">
            <wcet number="0">160</wcet>
            <wcet number="1">180</wcet>
            <maxpow number="0.4949387025212195"/>
            <maxpow number="0.4949387025212195"/>
            <fprob>0.0</fprob>
        </actor>
        <actor name="D0N24">
            <wcet number="0">20</wcet>
            <wcet number="1">30</wcet>
            <maxpow number="0.5489243036985058"/>
            <maxpow number="0.5489243036985058"/>
            <fprob>0.0</fprob>
        </actor>
        <actor name="D0N34">
            <wcet number="0">10</wcet>
            <wcet number="1">20</wcet>
            <maxpow number="0.4599171512139478"/>
            <maxpow number="0.4599171512139478"/>
            <fprob>0.0</fprob>
        </actor>
        <actor name="D0N43">
            <wcet number="0">20</wcet>
            <wcet number="1">60</wcet>
            <maxpow number="0.7998114725157637"/>
            <maxpow number="0.7998114725157637"/>
            <fprob>0.0</fprob>
        </actor>
        <actor name="D0N15">
            <wcet number="0">140</wcet>
            <wcet number="1">250</wcet>
            <maxpow number="0.15707886776671942"/>
            <maxpow number="0.15707886776671942"/>
            <fprob>0.0</fprob>
        </actor>
        <actor name="D0N3">
            <wcet number="0">20</wcet>
            <wcet number="1">40</wcet>
            <maxpow number="0.7688935087392206"/>
            <maxpow number="0.7688935087392206"/>
            <fprob>0.0</fprob>
        </actor>
        <actor name="D0N5">
            <wcet number="0">180</wcet>
            <wcet number="1">500</wcet>
            <maxpow number="0.34328249210101874"/>
            <maxpow number="0.34328249210101874"/>
            <fprob>0.0</fprob>
        </actor>
        <actor name="D0N29">
            <wcet number="0">90</wcet>
            <wcet number="1">240</wcet>
            <maxpow number="0.5621948707169636"/>
            <maxpow number="0.5621948707169636"/>
            <fprob>0.0</fprob>
        </actor>
        <actor name="D0N6">
            <wcet number="0">20</wcet>
            <wcet number="1">40</wcet>
            <maxpow number="0.7952968775304187"/>
            <maxpow number="0.7952968775304187"/>
            <fprob>0.0</fprob>
        </actor>
        <actor name="D0N35">
            <wcet number="0">260</wcet>
            <wcet number="1">270</wcet>
            <maxpow number="0.8830874254802765"/>
            <maxpow number="0.8830874254802765"/>
            <fprob>0.0</fprob>
        </actor>
        <actor name="D0N14">
            <wcet number="0">330</wcet>
            <wcet number="1">340</wcet>
            <maxpow number="0.4482115515184389"/>
            <maxpow number="0.4482115515184389"/>
            <fprob>0.0</fprob>
        </actor>
        <ports>
            <port dstActor="D0N31" name="p0" srcActor="D0N30"/>
            <port dstActor="D0N41" name="p1" srcActor="D0N30"/>
            <port dstActor="D0N37" name="p2" srcActor="D0N31"/>
            <port dstActor="D0N38" name="p3" srcActor="D0N32"/>
            <port dstActor="D0N46" name="p4" srcActor="D0N32"/>
            <port dstActor="D0N37" name="p5" srcActor="D0N12"/>
            <port dstActor="D0N14" name="p6" srcActor="D0N12"/>
            <port dstActor="D0N33" name="p7" srcActor="D0N12"/>
            <port dstActor="D0N43" name="p8" srcActor="D0N12"/>
            <port dstActor="D0N35" name="p9" srcActor="D0N12"/>
            <port dstActor="D0N47" name="p10" srcActor="D0N46"/>
            <port dstActor="D0N44" name="p11" srcActor="D0N8"/>
            <port dstActor="D0N18" name="p12" srcActor="D0N8"/>
            <port dstActor="D0N40" name="p13" srcActor="D0N8"/>
            <port dstActor="D0N47" name="p14" srcActor="D0N8"/>
            <port dstActor="D0N11" name="p15" srcActor="D0N8"/>
            <port dstActor="D0N40" name="p16" srcActor="D0N27"/>
            <port dstActor="D0N44" name="p17" srcActor="D0N27"/>
            <port dstActor="D0N45" name="p18" srcActor="D0N27"/>
            <port dstActor="D0N12" name="p19" srcActor="D0N7"/>
            <port dstActor="D0N27" name="p20" srcActor="D0N7"/>
            <port dstActor="D0N22" name="p21" srcActor="D0N7"/>
            <port dstActor="D0N37" name="p22" srcActor="D0N7"/>
            <port dstActor="D0N8" name="p23" srcActor="D0N7"/>
            <port dstActor="D0N39" name="p24" srcActor="D0N7"/>
            <port dstActor="D0N19" name="p25" srcActor="D0N7"/>
            <port dstActor="D0N41" name="p26" srcActor="D0N7"/>
            <port dstActor="D0N25" name="p27" srcActor="D0N1"/>
            <port dstActor="D0N4" name="p28" srcActor="D0N1"/>
            <port dstActor="D0N23" name="p29" srcActor="D0N1"/>
            <port dstActor="D0N48" name="p30" srcActor="D0N1"/>
            <port dstActor="D0N20" name="p31" srcActor="D0N1"/>
            <port dstActor="D0N22" name="p32" srcActor="D0N1"/>
            <port dstActor="D0N40" name="p33" srcActor="D0N39"/>
            <port dstActor="D0N47" name="p34" srcActor="D0N39"/>
            <port dstActor="D0N19" name="p35" srcActor="D0N4"/>
            <port dstActor="D0N47" name="p36" srcActor="D0N44"/>
            <port dstActor="D0N43" name="p37" srcActor="D0N41"/>
            <port dstActor="D0N5" name="p38" srcActor="D0N2"/>
            <port dstActor="D0N10" name="p39" srcActor="D0N2"/>
            <port dstActor="D0N45" name="p40" srcActor="D0N2"/>
            <port dstActor="D0N16" name="p41" srcActor="D0N2"/>
            <port dstActor="D0N33" name="p42" srcActor="D0N20"/>
            <port dstActor="D0N34" name="p43" srcActor="D0N20"/>
            <port dstActor="D0N46" name="p44" srcActor="D0N23"/>
            <port dstActor="D0N37" name="p45" srcActor="D0N23"/>
            <port dstActor="D0N48" name="p46" srcActor="D0N37"/>
            <port dstActor="D0N35" name="p47" srcActor="D0N33"/>
            <port dstActor="D0N38" name="p48" srcActor="D0N16"/>
            <port dstActor="D0N40" name="p49" srcActor="D0N16"/>
            <port dstActor="D0N36" name="p50" srcActor="D0N16"/>
            <port dstActor="D0N29" name="p51" srcActor="D0N18"/>
            <port dstActor="D0N46" name="p52" srcActor="D0N18"/>
            <port dstActor="D0N26" name="p53" srcActor="D0N18"/>
            <port dstActor="D0N38" name="p54" srcActor="D0N10"/>
            <port dstActor="D0N25" name="p55" srcActor="D0N10"/>
            <port dstActor="D0N15" name="p56" srcActor="D0N10"/>
            <port dstActor="D0N23" name="p57" srcActor="D0N10"/>
            <port dstActor="D0N35" name="p58" srcActor="D0N10"/>
            <port dstActor="D0N19" name="p59" srcActor="D0N10"/>
            <port dstActor="D0N12" name="p60" srcActor="D0N10"/>
            <port dstActor="D0N36" name="p61" srcActor="D0N9"/>
            <port dstActor="D0N17" name="p62" srcActor="D0N9"/>
            <port dstActor="D0N47" name="p63" srcActor="D0N9"/>
            <port dstActor="D0N14" name="p64" srcActor="D0N9"/>
            <port dstActor="D0N32" name="p65" srcActor="D0N9"/>
            <port dstActor="D0N43" name="p66" srcActor="D0N40"/>
            <port dstActor="D0N37" name="p67" srcActor="D0N11"/>
            <port dstActor="D0N29" name="p68" srcActor="D0N11"/>
            <port dstActor="D0N13" name="p69" srcActor="D0N11"/>
            <port dstActor="D0N44" name="p70" srcActor="D0N36"/>
            <port dstActor="D0N46" name="p71" srcActor="D0N36"/>
            <port dstActor="D0N36" name="p72" srcActor="D0N17"/>
            <port dstActor="D0N43" name="p73" srcActor="D0N17"/>
            <port dstActor="D0N28" name="p74" srcActor="D0N17"/>
            <port dstActor="D0N47" name="p75" srcActor="D0N17"/>
            <port dstActor="D0N41" name="p76" srcActor="D0N17"/>
            <port dstActor="D0N27" name="p77" srcActor="D0N0"/>
            <port dstActor="D0N9" name="p78" srcActor="D0N0"/>
            <port dstActor="D0N12" name="p79" srcActor="D0N0"/>
            <port dstActor="D0N35" name="p80" srcActor="D0N0"/>
            <port dstActor="D0N37" name="p81" srcActor="D0N0"/>
            <port dstActor="D0N24" name="p82" srcActor="D0N0"/>
            <port dstActor="D0N23" name="p83" srcActor="D0N0"/>
            <port dstActor="D0N34" name="p84" srcActor="D0N0"/>
            <port dstActor="D0N22" name="p85" srcActor="D0N0"/>
            <port dstActor="D0N5" name="p86" srcActor="D0N0"/>
            <port dstActor="D0N14" name="p87" srcActor="D0N13"/>
            <port dstActor="D0N37" name="p88" srcActor="D0N13"/>
            <port dstActor="D0N24" name="p89" srcActor="D0N13"/>
            <port dstActor="D0N15" name="p90" srcActor="D0N13"/>
            <port dstActor="D0N28" name="p91" srcActor="D0N21"/>
            <port dstActor="D0N45" name="p92" srcActor="D0N28"/>
            <port dstActor="D0N48" name="p93" srcActor="D0N28"/>
            <port dstActor="D0N31" name="p94" srcActor="D0N24"/>
            <port dstActor="D0N39" name="p95" srcActor="D0N24"/>
            <port dstActor="D0N37" name="p96" srcActor="D0N34"/>
            <port dstActor="D0N46" name="p97" srcActor="D0N43"/>
            <port dstActor="D0N39" name="p98" srcActor="D0N15"/>
            <port dstActor="D0N44" name="p99" srcActor="D0N15"/>
            <port dstActor="D0N12" name="p100" srcActor="D0N3"/>
            <port dstActor="D0N43" name="p101" srcActor="D0N3"/>
            <port dstActor="D0N4" name="p102" srcActor="D0N3"/>
            <port dstActor="D0N9" name="p103" srcActor="D0N3"/>
            <port dstActor="D0N21" name="p104" srcActor="D0N3"/>
            <port dstActor="D0N23" name="p105" srcActor="D0N3"/>
            <port dstActor="D0N38" name="p106" srcActor="D0N5"/>
            <port dstActor="D0N36" name="p107" srcActor="D0N5"/>
            <port dstActor="D0N45" name="p108" srcActor="D0N5"/>
            <port dstActor="D0N10" name="p109" srcActor="D0N5"/>
            <port dstActor="D0N25" name="p110" srcActor="D0N5"/>
            <port dstActor="D0N48" name="p111" srcActor="D0N5"/>
            <port dstActor="D0N30" name="p112" srcActor="D0N5"/>
            <port dstActor="D0N27" name="p113" srcActor="D0N5"/>
            <port dstActor="D0N47" name="p114" srcActor="D0N5"/>
            <port dstActor="D0N37" name="p115" srcActor="D0N29"/>
            <port dstActor="D0N30" name="p116" srcActor="D0N29"/>
            <port dstActor="D0N31" name="p117" srcActor="D0N6"/>
            <port dstActor="D0N39" name="p118" srcActor="D0N6"/>
            <port dstActor="D0N10" name="p119" srcActor="D0N6"/>
            <port dstActor="D0N48" name="p120" srcActor="D0N35"/>
            <port dstActor="D0N28" name="p121" srcActor="D0N14"/>
        </ports>
    </mcdag>
    <cores number="3"/>
    <levels number="2"/>
</mcsystem>
