<?xml version="1.0" encoding="UTF-8" standalone="no"?>
<mcsystem>
    <mcdag deadline="1000" name="genned-0-ed-10.0-0">
        <actor name="D0N16">
            <wcet number="0">10</wcet>
            <wcet number="1">30</wcet>
            <maxpow number="0.3907194677600311"/>
            <maxpow number="0.3907194677600311"/>
            <fprob>0.0</fprob>
        </actor>
        <actor name="D0N41">
            <wcet number="0">10</wcet>
            <wcet number="1">10</wcet>
            <maxpow number="0.8502422208735023"/>
            <maxpow number="0.8502422208735023"/>
            <fprob>0.0</fprob>
        </actor>
        <actor name="D0N3">
            <wcet number="0">50</wcet>
            <wcet number="1">60</wcet>
            <maxpow number="0.5340303039422701"/>
            <maxpow number="0.5340303039422701"/>
            <fprob>0.0</fprob>
        </actor>
        <actor name="D0N32">
            <wcet number="0">10</wcet>
            <wcet number="1">30</wcet>
            <maxpow number="0.32399293488115966"/>
            <maxpow number="0.32399293488115966"/>
            <fprob>0.0</fprob>
        </actor>
        <actor name="D0N2">
            <wcet number="0">30</wcet>
            <wcet number="1">100</wcet>
            <maxpow number="0.7654874098566385"/>
            <maxpow number="0.7654874098566385"/>
            <fprob>0.0</fprob>
        </actor>
        <actor name="D0N46">
            <wcet number="0">30</wcet>
            <wcet number="1">40</wcet>
            <maxpow number="0.24940470631677525"/>
            <maxpow number="0.24940470631677525"/>
            <fprob>0.0</fprob>
        </actor>
        <actor name="D0N44">
            <wcet number="0">20</wcet>
            <wcet number="1">20</wcet>
            <maxpow number="0.46303458896393135"/>
            <maxpow number="0.46303458896393135"/>
            <fprob>0.0</fprob>
        </actor>
        <actor name="D0N9">
            <wcet number="0">30</wcet>
            <wcet number="1">30</wcet>
            <maxpow number="0.8547439346964285"/>
            <maxpow number="0.8547439346964285"/>
            <fprob>0.0</fprob>
        </actor>
        <actor name="D0N4">
            <wcet number="0">10</wcet>
            <wcet number="1">60</wcet>
            <maxpow number="0.7215215912052001"/>
            <maxpow number="0.7215215912052001"/>
            <fprob>0.0</fprob>
        </actor>
        <actor name="D0N17">
            <wcet number="0">100</wcet>
            <wcet number="1">110</wcet>
            <maxpow number="0.4180863161397489"/>
            <maxpow number="0.4180863161397489"/>
            <fprob>0.0</fprob>
        </actor>
        <actor name="D0N1">
            <wcet number="0">40</wcet>
            <wcet number="1">170</wcet>
            <maxpow number="0.3967286048070856"/>
            <maxpow number="0.3967286048070856"/>
            <fprob>0.0</fprob>
        </actor>
        <actor name="D0N22">
            <wcet number="0">20</wcet>
            <wcet number="1">20</wcet>
            <maxpow number="0.6263206616011869"/>
            <maxpow number="0.6263206616011869"/>
            <fprob>0.0</fprob>
        </actor>
        <actor name="D0N42">
            <wcet number="0">10</wcet>
            <wcet number="1">20</wcet>
            <maxpow number="0.8124212326553407"/>
            <maxpow number="0.8124212326553407"/>
            <fprob>0.0</fprob>
        </actor>
        <actor name="D0N45">
            <wcet number="0">10</wcet>
            <wcet number="1">10</wcet>
            <maxpow number="0.42665874060521364"/>
            <maxpow number="0.42665874060521364"/>
            <fprob>0.0</fprob>
        </actor>
        <actor name="D0N38">
            <wcet number="0">30</wcet>
            <wcet number="1">30</wcet>
            <maxpow number="0.2965729782038312"/>
            <maxpow number="0.2965729782038312"/>
            <fprob>0.0</fprob>
        </actor>
        <actor name="D0N28">
            <wcet number="0">20</wcet>
            <wcet number="1">70</wcet>
            <maxpow number="0.4190055097486898"/>
            <maxpow number="0.4190055097486898"/>
            <fprob>0.0</fprob>
        </actor>
        <actor name="D0N20">
            <wcet number="0">10</wcet>
            <wcet number="1">10</wcet>
            <maxpow number="0.5324028600943583"/>
            <maxpow number="0.5324028600943583"/>
            <fprob>0.0</fprob>
        </actor>
        <actor name="D0N29">
            <wcet number="0">10</wcet>
            <wcet number="1">10</wcet>
            <maxpow number="0.5547073390322964"/>
            <maxpow number="0.5547073390322964"/>
            <fprob>0.0</fprob>
        </actor>
        <actor name="D0N26">
            <wcet number="0">210</wcet>
            <wcet number="1">250</wcet>
            <maxpow number="0.6981816316283667"/>
            <maxpow number="0.6981816316283667"/>
            <fprob>0.0</fprob>
        </actor>
        <actor name="D0N24">
            <wcet number="0">10</wcet>
            <wcet number="1">10</wcet>
            <maxpow number="0.7033105187487267"/>
            <maxpow number="0.7033105187487267"/>
            <fprob>0.0</fprob>
        </actor>
        <actor name="D0N36">
            <wcet number="0">40</wcet>
            <wcet number="1">50</wcet>
            <maxpow number="0.8775330461181329"/>
            <maxpow number="0.8775330461181329"/>
            <fprob>0.0</fprob>
        </actor>
        <actor name="D0N8">
            <wcet number="0">30</wcet>
            <wcet number="1">100</wcet>
            <maxpow number="0.666713379604082"/>
            <maxpow number="0.666713379604082"/>
            <fprob>0.0</fprob>
        </actor>
        <actor name="D0N37">
            <wcet number="0">10</wcet>
            <wcet number="1">10</wcet>
            <maxpow number="0.2897634583436768"/>
            <maxpow number="0.2897634583436768"/>
            <fprob>0.0</fprob>
        </actor>
        <actor name="D0N25">
            <wcet number="0">40</wcet>
            <wcet number="1">50</wcet>
            <maxpow number="0.61321914726287"/>
            <maxpow number="0.61321914726287"/>
            <fprob>0.0</fprob>
        </actor>
        <actor name="D0N15">
            <wcet number="0">30</wcet>
            <wcet number="1">30</wcet>
            <maxpow number="0.7626983369871527"/>
            <maxpow number="0.7626983369871527"/>
            <fprob>0.0</fprob>
        </actor>
        <actor name="D0N39">
            <wcet number="0">20</wcet>
            <wcet number="1">20</wcet>
            <maxpow number="0.5412423210811208"/>
            <maxpow number="0.5412423210811208"/>
            <fprob>0.0</fprob>
        </actor>
        <actor name="D0N33">
            <wcet number="0">20</wcet>
            <wcet number="1">30</wcet>
            <maxpow number="0.3647127121641217"/>
            <maxpow number="0.3647127121641217"/>
            <fprob>0.0</fprob>
        </actor>
        <actor name="D0N30">
            <wcet number="0">20</wcet>
            <wcet number="1">40</wcet>
            <maxpow number="0.3373192593613468"/>
            <maxpow number="0.3373192593613468"/>
            <fprob>0.0</fprob>
        </actor>
        <actor name="D0N47">
            <wcet number="0">10</wcet>
            <wcet number="1">80</wcet>
            <maxpow number="0.614305656303602"/>
            <maxpow number="0.614305656303602"/>
            <fprob>0.0</fprob>
        </actor>
        <actor name="D0N34">
            <wcet number="0">10</wcet>
            <wcet number="1">20</wcet>
            <maxpow number="0.4918498854114108"/>
            <maxpow number="0.4918498854114108"/>
            <fprob>0.0</fprob>
        </actor>
        <actor name="D0N18">
            <wcet number="0">10</wcet>
            <wcet number="1">10</wcet>
            <maxpow number="0.44831420855168824"/>
            <maxpow number="0.44831420855168824"/>
            <fprob>0.0</fprob>
        </actor>
        <actor name="D0N5">
            <wcet number="0">70</wcet>
            <wcet number="1">90</wcet>
            <maxpow number="0.44408206065490796"/>
            <maxpow number="0.44408206065490796"/>
            <fprob>0.0</fprob>
        </actor>
        <actor name="D0N14">
            <wcet number="0">60</wcet>
            <wcet number="1">60</wcet>
            <maxpow number="0.7032443832270578"/>
            <maxpow number="0.7032443832270578"/>
            <fprob>0.0</fprob>
        </actor>
        <actor name="D0N0">
            <wcet number="0">10</wcet>
            <wcet number="1">10</wcet>
            <maxpow number="0.2518601372754102"/>
            <maxpow number="0.2518601372754102"/>
            <fprob>0.0</fprob>
        </actor>
        <actor name="D0N43">
            <wcet number="0">40</wcet>
            <wcet number="1">70</wcet>
            <maxpow number="0.5291534345324339"/>
            <maxpow number="0.5291534345324339"/>
            <fprob>0.0</fprob>
        </actor>
        <actor name="D0N12">
            <wcet number="0">20</wcet>
            <wcet number="1">20</wcet>
            <maxpow number="0.5001867482542873"/>
            <maxpow number="0.5001867482542873"/>
            <fprob>0.0</fprob>
        </actor>
        <actor name="D0N27">
            <wcet number="0">50</wcet>
            <wcet number="1">90</wcet>
            <maxpow number="0.21866049954195754"/>
            <maxpow number="0.21866049954195754"/>
            <fprob>0.0</fprob>
        </actor>
        <actor name="D0N11">
            <wcet number="0">40</wcet>
            <wcet number="1">60</wcet>
            <maxpow number="0.5852870358327577"/>
            <maxpow number="0.5852870358327577"/>
            <fprob>0.0</fprob>
        </actor>
        <actor name="D0N6">
            <wcet number="0">10</wcet>
            <wcet number="1">30</wcet>
            <maxpow number="0.46514195329915087"/>
            <maxpow number="0.46514195329915087"/>
            <fprob>0.0</fprob>
        </actor>
        <actor name="D0N23">
            <wcet number="0">160</wcet>
            <wcet number="1">230</wcet>
            <maxpow number="0.48636588539724673"/>
            <maxpow number="0.48636588539724673"/>
            <fprob>0.0</fprob>
        </actor>
        <actor name="D0N35">
            <wcet number="0">20</wcet>
            <wcet number="1">80</wcet>
            <maxpow number="0.47546895557281676"/>
            <maxpow number="0.47546895557281676"/>
            <fprob>0.0</fprob>
        </actor>
        <actor name="D0N31">
            <wcet number="0">220</wcet>
            <wcet number="1">220</wcet>
            <maxpow number="0.2782126923221459"/>
            <maxpow number="0.2782126923221459"/>
            <fprob>0.0</fprob>
        </actor>
        <actor name="D0N10">
            <wcet number="0">10</wcet>
            <wcet number="1">30</wcet>
            <maxpow number="0.5187055842365011"/>
            <maxpow number="0.5187055842365011"/>
            <fprob>0.0</fprob>
        </actor>
        <actor name="D0N19">
            <wcet number="0">10</wcet>
            <wcet number="1">10</wcet>
            <maxpow number="0.6211323965622095"/>
            <maxpow number="0.6211323965622095"/>
            <fprob>0.0</fprob>
        </actor>
        <actor name="D0N7">
            <wcet number="0">90</wcet>
            <wcet number="1">140</wcet>
            <maxpow number="0.39116026591767095"/>
            <maxpow number="0.39116026591767095"/>
            <fprob>0.0</fprob>
        </actor>
        <actor name="D0N21">
            <wcet number="0">70</wcet>
            <wcet number="1">130</wcet>
            <maxpow number="0.325187793960758"/>
            <maxpow number="0.325187793960758"/>
            <fprob>0.0</fprob>
        </actor>
        <actor name="D0N13">
            <wcet number="0">10</wcet>
            <wcet number="1">90</wcet>
            <maxpow number="0.6442238069078678"/>
            <maxpow number="0.6442238069078678"/>
            <fprob>0.0</fprob>
        </actor>
        <actor name="D0N40">
            <wcet number="0">10</wcet>
            <wcet number="1">10</wcet>
            <maxpow number="0.4221049471253193"/>
            <maxpow number="0.4221049471253193"/>
            <fprob>0.0</fprob>
        </actor>
        <ports>
            <port dstActor="D0N47" name="p0" srcActor="D0N16"/>
            <port dstActor="D0N27" name="p1" srcActor="D0N16"/>
            <port dstActor="D0N42" name="p2" srcActor="D0N41"/>
            <port dstActor="D0N38" name="p3" srcActor="D0N3"/>
            <port dstActor="D0N28" name="p4" srcActor="D0N3"/>
            <port dstActor="D0N37" name="p5" srcActor="D0N3"/>
            <port dstActor="D0N44" name="p6" srcActor="D0N3"/>
            <port dstActor="D0N35" name="p7" srcActor="D0N32"/>
            <port dstActor="D0N41" name="p8" srcActor="D0N32"/>
            <port dstActor="D0N46" name="p9" srcActor="D0N32"/>
            <port dstActor="D0N29" name="p10" srcActor="D0N2"/>
            <port dstActor="D0N46" name="p11" srcActor="D0N2"/>
            <port dstActor="D0N27" name="p12" srcActor="D0N2"/>
            <port dstActor="D0N39" name="p13" srcActor="D0N9"/>
            <port dstActor="D0N19" name="p14" srcActor="D0N9"/>
            <port dstActor="D0N16" name="p15" srcActor="D0N4"/>
            <port dstActor="D0N13" name="p16" srcActor="D0N4"/>
            <port dstActor="D0N46" name="p17" srcActor="D0N4"/>
            <port dstActor="D0N33" name="p18" srcActor="D0N4"/>
            <port dstActor="D0N27" name="p19" srcActor="D0N4"/>
            <port dstActor="D0N36" name="p20" srcActor="D0N17"/>
            <port dstActor="D0N43" name="p21" srcActor="D0N17"/>
            <port dstActor="D0N27" name="p22" srcActor="D0N17"/>
            <port dstActor="D0N46" name="p23" srcActor="D0N1"/>
            <port dstActor="D0N10" name="p24" srcActor="D0N1"/>
            <port dstActor="D0N47" name="p25" srcActor="D0N1"/>
            <port dstActor="D0N16" name="p26" srcActor="D0N1"/>
            <port dstActor="D0N41" name="p27" srcActor="D0N1"/>
            <port dstActor="D0N47" name="p28" srcActor="D0N22"/>
            <port dstActor="D0N46" name="p29" srcActor="D0N42"/>
            <port dstActor="D0N47" name="p30" srcActor="D0N42"/>
            <port dstActor="D0N45" name="p31" srcActor="D0N42"/>
            <port dstActor="D0N43" name="p32" srcActor="D0N28"/>
            <port dstActor="D0N29" name="p33" srcActor="D0N28"/>
            <port dstActor="D0N34" name="p34" srcActor="D0N28"/>
            <port dstActor="D0N32" name="p35" srcActor="D0N20"/>
            <port dstActor="D0N33" name="p36" srcActor="D0N20"/>
            <port dstActor="D0N45" name="p37" srcActor="D0N20"/>
            <port dstActor="D0N29" name="p38" srcActor="D0N20"/>
            <port dstActor="D0N37" name="p39" srcActor="D0N20"/>
            <port dstActor="D0N46" name="p40" srcActor="D0N20"/>
            <port dstActor="D0N27" name="p41" srcActor="D0N20"/>
            <port dstActor="D0N38" name="p42" srcActor="D0N29"/>
            <port dstActor="D0N31" name="p43" srcActor="D0N29"/>
            <port dstActor="D0N32" name="p44" srcActor="D0N29"/>
            <port dstActor="D0N37" name="p45" srcActor="D0N29"/>
            <port dstActor="D0N33" name="p46" srcActor="D0N26"/>
            <port dstActor="D0N42" name="p47" srcActor="D0N26"/>
            <port dstActor="D0N41" name="p48" srcActor="D0N26"/>
            <port dstActor="D0N41" name="p49" srcActor="D0N24"/>
            <port dstActor="D0N37" name="p50" srcActor="D0N36"/>
            <port dstActor="D0N42" name="p51" srcActor="D0N36"/>
            <port dstActor="D0N30" name="p52" srcActor="D0N8"/>
            <port dstActor="D0N45" name="p53" srcActor="D0N8"/>
            <port dstActor="D0N20" name="p54" srcActor="D0N8"/>
            <port dstActor="D0N41" name="p55" srcActor="D0N8"/>
            <port dstActor="D0N12" name="p56" srcActor="D0N8"/>
            <port dstActor="D0N40" name="p57" srcActor="D0N37"/>
            <port dstActor="D0N45" name="p58" srcActor="D0N37"/>
            <port dstActor="D0N31" name="p59" srcActor="D0N25"/>
            <port dstActor="D0N46" name="p60" srcActor="D0N25"/>
            <port dstActor="D0N44" name="p61" srcActor="D0N15"/>
            <port dstActor="D0N47" name="p62" srcActor="D0N15"/>
            <port dstActor="D0N21" name="p63" srcActor="D0N15"/>
            <port dstActor="D0N33" name="p64" srcActor="D0N30"/>
            <port dstActor="D0N45" name="p65" srcActor="D0N34"/>
            <port dstActor="D0N44" name="p66" srcActor="D0N18"/>
            <port dstActor="D0N45" name="p67" srcActor="D0N18"/>
            <port dstActor="D0N33" name="p68" srcActor="D0N18"/>
            <port dstActor="D0N27" name="p69" srcActor="D0N5"/>
            <port dstActor="D0N26" name="p70" srcActor="D0N14"/>
            <port dstActor="D0N18" name="p71" srcActor="D0N14"/>
            <port dstActor="D0N40" name="p72" srcActor="D0N14"/>
            <port dstActor="D0N30" name="p73" srcActor="D0N14"/>
            <port dstActor="D0N2" name="p74" srcActor="D0N0"/>
            <port dstActor="D0N9" name="p75" srcActor="D0N0"/>
            <port dstActor="D0N39" name="p76" srcActor="D0N0"/>
            <port dstActor="D0N22" name="p77" srcActor="D0N0"/>
            <port dstActor="D0N45" name="p78" srcActor="D0N0"/>
            <port dstActor="D0N8" name="p79" srcActor="D0N0"/>
            <port dstActor="D0N38" name="p80" srcActor="D0N12"/>
            <port dstActor="D0N39" name="p81" srcActor="D0N27"/>
            <port dstActor="D0N40" name="p82" srcActor="D0N27"/>
            <port dstActor="D0N33" name="p83" srcActor="D0N27"/>
            <port dstActor="D0N41" name="p84" srcActor="D0N11"/>
            <port dstActor="D0N33" name="p85" srcActor="D0N11"/>
            <port dstActor="D0N8" name="p86" srcActor="D0N6"/>
            <port dstActor="D0N24" name="p87" srcActor="D0N6"/>
            <port dstActor="D0N42" name="p88" srcActor="D0N6"/>
            <port dstActor="D0N47" name="p89" srcActor="D0N6"/>
            <port dstActor="D0N26" name="p90" srcActor="D0N6"/>
            <port dstActor="D0N14" name="p91" srcActor="D0N6"/>
            <port dstActor="D0N23" name="p92" srcActor="D0N6"/>
            <port dstActor="D0N38" name="p93" srcActor="D0N23"/>
            <port dstActor="D0N46" name="p94" srcActor="D0N23"/>
            <port dstActor="D0N44" name="p95" srcActor="D0N23"/>
            <port dstActor="D0N47" name="p96" srcActor="D0N31"/>
            <port dstActor="D0N13" name="p97" srcActor="D0N10"/>
            <port dstActor="D0N40" name="p98" srcActor="D0N10"/>
            <port dstActor="D0N20" name="p99" srcActor="D0N10"/>
            <port dstActor="D0N37" name="p100" srcActor="D0N10"/>
            <port dstActor="D0N29" name="p101" srcActor="D0N10"/>
            <port dstActor="D0N44" name="p102" srcActor="D0N10"/>
            <port dstActor="D0N20" name="p103" srcActor="D0N19"/>
            <port dstActor="D0N47" name="p104" srcActor="D0N19"/>
            <port dstActor="D0N24" name="p105" srcActor="D0N19"/>
            <port dstActor="D0N23" name="p106" srcActor="D0N19"/>
            <port dstActor="D0N30" name="p107" srcActor="D0N7"/>
            <port dstActor="D0N11" name="p108" srcActor="D0N7"/>
            <port dstActor="D0N38" name="p109" srcActor="D0N7"/>
            <port dstActor="D0N32" name="p110" srcActor="D0N7"/>
            <port dstActor="D0N9" name="p111" srcActor="D0N7"/>
            <port dstActor="D0N40" name="p112" srcActor="D0N7"/>
            <port dstActor="D0N24" name="p113" srcActor="D0N21"/>
            <port dstActor="D0N31" name="p114" srcActor="D0N21"/>
            <port dstActor="D0N43" name="p115" srcActor="D0N21"/>
            <port dstActor="D0N41" name="p116" srcActor="D0N21"/>
            <port dstActor="D0N46" name="p117" srcActor="D0N40"/>
        </ports>
    </mcdag>
    <cores number="3"/>
    <levels number="2"/>
</mcsystem>
