<?xml version="1.0" encoding="UTF-8" standalone="no"?>
<mcsystem>
    <mcdag deadline="3000" name="genned-0-ed-10.0-0">
        <actor name="D0N1">
            <wcet number="0">200</wcet>
            <wcet number="1">210</wcet>
            <maxpow number="0.36372195498755966"/>
            <maxpow number="0.36372195498755966"/>
            <fprob>0.0</fprob>
        </actor>
        <actor name="D0N45">
            <wcet number="0">10</wcet>
            <wcet number="1">20</wcet>
            <maxpow number="0.37369513376568847"/>
            <maxpow number="0.37369513376568847"/>
            <fprob>0.0</fprob>
        </actor>
        <actor name="D0N3">
            <wcet number="0">80</wcet>
            <wcet number="1">100</wcet>
            <maxpow number="0.624327741091848"/>
            <maxpow number="0.624327741091848"/>
            <fprob>0.0</fprob>
        </actor>
        <actor name="D0N38">
            <wcet number="0">10</wcet>
            <wcet number="1">10</wcet>
            <maxpow number="0.37474601474632696"/>
            <maxpow number="0.37474601474632696"/>
            <fprob>0.0</fprob>
        </actor>
        <actor name="D0N4">
            <wcet number="0">20</wcet>
            <wcet number="1">30</wcet>
            <maxpow number="0.8129906842680404"/>
            <maxpow number="0.8129906842680404"/>
            <fprob>0.0</fprob>
        </actor>
        <actor name="D0N10">
            <wcet number="0">110</wcet>
            <wcet number="1">190</wcet>
            <maxpow number="0.5397196840565309"/>
            <maxpow number="0.5397196840565309"/>
            <fprob>0.0</fprob>
        </actor>
        <actor name="D0N8">
            <wcet number="0">10</wcet>
            <wcet number="1">40</wcet>
            <maxpow number="0.4461236496321817"/>
            <maxpow number="0.4461236496321817"/>
            <fprob>0.0</fprob>
        </actor>
        <actor name="D0N15">
            <wcet number="0">30</wcet>
            <wcet number="1">40</wcet>
            <maxpow number="0.2930870839835786"/>
            <maxpow number="0.2930870839835786"/>
            <fprob>0.0</fprob>
        </actor>
        <actor name="D0N42">
            <wcet number="0">10</wcet>
            <wcet number="1">20</wcet>
            <maxpow number="0.1930056569860525"/>
            <maxpow number="0.1930056569860525"/>
            <fprob>0.0</fprob>
        </actor>
        <actor name="D0N35">
            <wcet number="0">380</wcet>
            <wcet number="1">400</wcet>
            <maxpow number="0.6942155977238849"/>
            <maxpow number="0.6942155977238849"/>
            <fprob>0.0</fprob>
        </actor>
        <actor name="D0N36">
            <wcet number="0">10</wcet>
            <wcet number="1">10</wcet>
            <maxpow number="0.24095766047636402"/>
            <maxpow number="0.24095766047636402"/>
            <fprob>0.0</fprob>
        </actor>
        <actor name="D0N25">
            <wcet number="0">10</wcet>
            <wcet number="1">10</wcet>
            <maxpow number="0.45290052631034217"/>
            <maxpow number="0.45290052631034217"/>
            <fprob>0.0</fprob>
        </actor>
        <actor name="D0N44">
            <wcet number="0">50</wcet>
            <wcet number="1">80</wcet>
            <maxpow number="0.6863458835972339"/>
            <maxpow number="0.6863458835972339"/>
            <fprob>0.0</fprob>
        </actor>
        <actor name="D0N6">
            <wcet number="0">90</wcet>
            <wcet number="1">150</wcet>
            <maxpow number="0.4546504942502742"/>
            <maxpow number="0.4546504942502742"/>
            <fprob>0.0</fprob>
        </actor>
        <actor name="D0N30">
            <wcet number="0">20</wcet>
            <wcet number="1">40</wcet>
            <maxpow number="0.34434278119306594"/>
            <maxpow number="0.34434278119306594"/>
            <fprob>0.0</fprob>
        </actor>
        <actor name="D0N0">
            <wcet number="0">40</wcet>
            <wcet number="1">160</wcet>
            <maxpow number="0.5261902735455499"/>
            <maxpow number="0.5261902735455499"/>
            <fprob>0.0</fprob>
        </actor>
        <actor name="D0N11">
            <wcet number="0">10</wcet>
            <wcet number="1">10</wcet>
            <maxpow number="0.48530570003613616"/>
            <maxpow number="0.48530570003613616"/>
            <fprob>0.0</fprob>
        </actor>
        <actor name="D0N19">
            <wcet number="0">120</wcet>
            <wcet number="1">130</wcet>
            <maxpow number="0.3455250377944523"/>
            <maxpow number="0.3455250377944523"/>
            <fprob>0.0</fprob>
        </actor>
        <actor name="D0N17">
            <wcet number="0">110</wcet>
            <wcet number="1">240</wcet>
            <maxpow number="0.31197338497092697"/>
            <maxpow number="0.31197338497092697"/>
            <fprob>0.0</fprob>
        </actor>
        <actor name="D0N26">
            <wcet number="0">100</wcet>
            <wcet number="1">350</wcet>
            <maxpow number="0.6997386345451744"/>
            <maxpow number="0.6997386345451744"/>
            <fprob>0.0</fprob>
        </actor>
        <actor name="D0N41">
            <wcet number="0">70</wcet>
            <wcet number="1">440</wcet>
            <maxpow number="0.7334402912477979"/>
            <maxpow number="0.7334402912477979"/>
            <fprob>0.0</fprob>
        </actor>
        <actor name="D0N47">
            <wcet number="0">70</wcet>
            <wcet number="1">170</wcet>
            <maxpow number="0.6775299096471239"/>
            <maxpow number="0.6775299096471239"/>
            <fprob>0.0</fprob>
        </actor>
        <actor name="D0N28">
            <wcet number="0">40</wcet>
            <wcet number="1">70</wcet>
            <maxpow number="0.40079302002819694"/>
            <maxpow number="0.40079302002819694"/>
            <fprob>0.0</fprob>
        </actor>
        <actor name="D0N7">
            <wcet number="0">80</wcet>
            <wcet number="1">80</wcet>
            <maxpow number="0.4296025743377269"/>
            <maxpow number="0.4296025743377269"/>
            <fprob>0.0</fprob>
        </actor>
        <actor name="D0N22">
            <wcet number="0">40</wcet>
            <wcet number="1">180</wcet>
            <maxpow number="0.6437838325174228"/>
            <maxpow number="0.6437838325174228"/>
            <fprob>0.0</fprob>
        </actor>
        <actor name="D0N5">
            <wcet number="0">130</wcet>
            <wcet number="1">170</wcet>
            <maxpow number="0.718647224080098"/>
            <maxpow number="0.718647224080098"/>
            <fprob>0.0</fprob>
        </actor>
        <actor name="D0N12">
            <wcet number="0">60</wcet>
            <wcet number="1">240</wcet>
            <maxpow number="0.6617493841349852"/>
            <maxpow number="0.6617493841349852"/>
            <fprob>0.0</fprob>
        </actor>
        <actor name="D0N20">
            <wcet number="0">70</wcet>
            <wcet number="1">90</wcet>
            <maxpow number="0.5673818221812309"/>
            <maxpow number="0.5673818221812309"/>
            <fprob>0.0</fprob>
        </actor>
        <actor name="D0N32">
            <wcet number="0">10</wcet>
            <wcet number="1">230</wcet>
            <maxpow number="0.4371621522214488"/>
            <maxpow number="0.4371621522214488"/>
            <fprob>0.0</fprob>
        </actor>
        <actor name="D0N24">
            <wcet number="0">440</wcet>
            <wcet number="1">610</wcet>
            <maxpow number="0.46371396800722836"/>
            <maxpow number="0.46371396800722836"/>
            <fprob>0.0</fprob>
        </actor>
        <actor name="D0N27">
            <wcet number="0">10</wcet>
            <wcet number="1">20</wcet>
            <maxpow number="0.6457093586461605"/>
            <maxpow number="0.6457093586461605"/>
            <fprob>0.0</fprob>
        </actor>
        <actor name="D0N40">
            <wcet number="0">220</wcet>
            <wcet number="1">640</wcet>
            <maxpow number="0.3708002857949907"/>
            <maxpow number="0.3708002857949907"/>
            <fprob>0.0</fprob>
        </actor>
        <actor name="D0N43">
            <wcet number="0">30</wcet>
            <wcet number="1">30</wcet>
            <maxpow number="0.5898522378830334"/>
            <maxpow number="0.5898522378830334"/>
            <fprob>0.0</fprob>
        </actor>
        <actor name="D0N39">
            <wcet number="0">40</wcet>
            <wcet number="1">60</wcet>
            <maxpow number="0.5356870867669792"/>
            <maxpow number="0.5356870867669792"/>
            <fprob>0.0</fprob>
        </actor>
        <actor name="D0N49">
            <wcet number="0">170</wcet>
            <wcet number="1">310</wcet>
            <maxpow number="0.3134170787434992"/>
            <maxpow number="0.3134170787434992"/>
            <fprob>0.0</fprob>
        </actor>
        <actor name="D0N23">
            <wcet number="0">120</wcet>
            <wcet number="1">170</wcet>
            <maxpow number="0.5347419091185072"/>
            <maxpow number="0.5347419091185072"/>
            <fprob>0.0</fprob>
        </actor>
        <actor name="D0N13">
            <wcet number="0">140</wcet>
            <wcet number="1">230</wcet>
            <maxpow number="0.7320484883206573"/>
            <maxpow number="0.7320484883206573"/>
            <fprob>0.0</fprob>
        </actor>
        <actor name="D0N31">
            <wcet number="0">30</wcet>
            <wcet number="1">30</wcet>
            <maxpow number="0.7235859335235962"/>
            <maxpow number="0.7235859335235962"/>
            <fprob>0.0</fprob>
        </actor>
        <actor name="D0N46">
            <wcet number="0">20</wcet>
            <wcet number="1">20</wcet>
            <maxpow number="0.5285258998984349"/>
            <maxpow number="0.5285258998984349"/>
            <fprob>0.0</fprob>
        </actor>
        <actor name="D0N9">
            <wcet number="0">10</wcet>
            <wcet number="1">10</wcet>
            <maxpow number="0.3352490570561066"/>
            <maxpow number="0.3352490570561066"/>
            <fprob>0.0</fprob>
        </actor>
        <actor name="D0N33">
            <wcet number="0">40</wcet>
            <wcet number="1">50</wcet>
            <maxpow number="0.9472731986096032"/>
            <maxpow number="0.9472731986096032"/>
            <fprob>0.0</fprob>
        </actor>
        <actor name="D0N16">
            <wcet number="0">40</wcet>
            <wcet number="1">360</wcet>
            <maxpow number="0.39767524341516614"/>
            <maxpow number="0.39767524341516614"/>
            <fprob>0.0</fprob>
        </actor>
        <actor name="D0N2">
            <wcet number="0">10</wcet>
            <wcet number="1">130</wcet>
            <maxpow number="0.46347606915749684"/>
            <maxpow number="0.46347606915749684"/>
            <fprob>0.0</fprob>
        </actor>
        <actor name="D0N34">
            <wcet number="0">10</wcet>
            <wcet number="1">10</wcet>
            <maxpow number="0.6695393976619746"/>
            <maxpow number="0.6695393976619746"/>
            <fprob>0.0</fprob>
        </actor>
        <actor name="D0N48">
            <wcet number="0">120</wcet>
            <wcet number="1">180</wcet>
            <maxpow number="0.9857201035799059"/>
            <maxpow number="0.9857201035799059"/>
            <fprob>0.0</fprob>
        </actor>
        <actor name="D0N14">
            <wcet number="0">90</wcet>
            <wcet number="1">240</wcet>
            <maxpow number="0.2943180689494942"/>
            <maxpow number="0.2943180689494942"/>
            <fprob>0.0</fprob>
        </actor>
        <actor name="D0N21">
            <wcet number="0">40</wcet>
            <wcet number="1">60</wcet>
            <maxpow number="0.29732220183547237"/>
            <maxpow number="0.29732220183547237"/>
            <fprob>0.0</fprob>
        </actor>
        <actor name="D0N29">
            <wcet number="0">10</wcet>
            <wcet number="1">30</wcet>
            <maxpow number="0.3149839277723052"/>
            <maxpow number="0.3149839277723052"/>
            <fprob>0.0</fprob>
        </actor>
        <actor name="D0N18">
            <wcet number="0">10</wcet>
            <wcet number="1">70</wcet>
            <maxpow number="0.6024315576812912"/>
            <maxpow number="0.6024315576812912"/>
            <fprob>0.0</fprob>
        </actor>
        <actor name="D0N37">
            <wcet number="0">20</wcet>
            <wcet number="1">30</wcet>
            <maxpow number="0.43572771604439103"/>
            <maxpow number="0.43572771604439103"/>
            <fprob>0.0</fprob>
        </actor>
        <ports>
            <port dstActor="D0N34" name="p0" srcActor="D0N1"/>
            <port dstActor="D0N19" name="p1" srcActor="D0N1"/>
            <port dstActor="D0N13" name="p2" srcActor="D0N1"/>
            <port dstActor="D0N35" name="p3" srcActor="D0N1"/>
            <port dstActor="D0N44" name="p4" srcActor="D0N1"/>
            <port dstActor="D0N32" name="p5" srcActor="D0N1"/>
            <port dstActor="D0N33" name="p6" srcActor="D0N1"/>
            <port dstActor="D0N13" name="p7" srcActor="D0N3"/>
            <port dstActor="D0N42" name="p8" srcActor="D0N3"/>
            <port dstActor="D0N24" name="p9" srcActor="D0N3"/>
            <port dstActor="D0N42" name="p10" srcActor="D0N38"/>
            <port dstActor="D0N43" name="p11" srcActor="D0N4"/>
            <port dstActor="D0N41" name="p12" srcActor="D0N4"/>
            <port dstActor="D0N24" name="p13" srcActor="D0N10"/>
            <port dstActor="D0N17" name="p14" srcActor="D0N10"/>
            <port dstActor="D0N41" name="p15" srcActor="D0N10"/>
            <port dstActor="D0N11" name="p16" srcActor="D0N10"/>
            <port dstActor="D0N29" name="p17" srcActor="D0N10"/>
            <port dstActor="D0N46" name="p18" srcActor="D0N10"/>
            <port dstActor="D0N32" name="p19" srcActor="D0N10"/>
            <port dstActor="D0N27" name="p20" srcActor="D0N8"/>
            <port dstActor="D0N44" name="p21" srcActor="D0N15"/>
            <port dstActor="D0N46" name="p22" srcActor="D0N15"/>
            <port dstActor="D0N44" name="p23" srcActor="D0N35"/>
            <port dstActor="D0N49" name="p24" srcActor="D0N35"/>
            <port dstActor="D0N48" name="p25" srcActor="D0N35"/>
            <port dstActor="D0N37" name="p26" srcActor="D0N25"/>
            <port dstActor="D0N47" name="p27" srcActor="D0N44"/>
            <port dstActor="D0N40" name="p28" srcActor="D0N6"/>
            <port dstActor="D0N42" name="p29" srcActor="D0N6"/>
            <port dstActor="D0N17" name="p30" srcActor="D0N6"/>
            <port dstActor="D0N46" name="p31" srcActor="D0N6"/>
            <port dstActor="D0N28" name="p32" srcActor="D0N6"/>
            <port dstActor="D0N29" name="p33" srcActor="D0N6"/>
            <port dstActor="D0N18" name="p34" srcActor="D0N6"/>
            <port dstActor="D0N11" name="p35" srcActor="D0N0"/>
            <port dstActor="D0N13" name="p36" srcActor="D0N0"/>
            <port dstActor="D0N44" name="p37" srcActor="D0N0"/>
            <port dstActor="D0N32" name="p38" srcActor="D0N0"/>
            <port dstActor="D0N48" name="p39" srcActor="D0N11"/>
            <port dstActor="D0N32" name="p40" srcActor="D0N19"/>
            <port dstActor="D0N48" name="p41" srcActor="D0N19"/>
            <port dstActor="D0N42" name="p42" srcActor="D0N17"/>
            <port dstActor="D0N44" name="p43" srcActor="D0N17"/>
            <port dstActor="D0N34" name="p44" srcActor="D0N17"/>
            <port dstActor="D0N46" name="p45" srcActor="D0N26"/>
            <port dstActor="D0N31" name="p46" srcActor="D0N26"/>
            <port dstActor="D0N42" name="p47" srcActor="D0N41"/>
            <port dstActor="D0N46" name="p48" srcActor="D0N41"/>
            <port dstActor="D0N37" name="p49" srcActor="D0N28"/>
            <port dstActor="D0N23" name="p50" srcActor="D0N7"/>
            <port dstActor="D0N42" name="p51" srcActor="D0N7"/>
            <port dstActor="D0N37" name="p52" srcActor="D0N7"/>
            <port dstActor="D0N47" name="p53" srcActor="D0N7"/>
            <port dstActor="D0N34" name="p54" srcActor="D0N22"/>
            <port dstActor="D0N24" name="p55" srcActor="D0N22"/>
            <port dstActor="D0N24" name="p56" srcActor="D0N5"/>
            <port dstActor="D0N39" name="p57" srcActor="D0N5"/>
            <port dstActor="D0N7" name="p58" srcActor="D0N5"/>
            <port dstActor="D0N22" name="p59" srcActor="D0N5"/>
            <port dstActor="D0N47" name="p60" srcActor="D0N5"/>
            <port dstActor="D0N36" name="p61" srcActor="D0N5"/>
            <port dstActor="D0N21" name="p62" srcActor="D0N5"/>
            <port dstActor="D0N42" name="p63" srcActor="D0N5"/>
            <port dstActor="D0N28" name="p64" srcActor="D0N12"/>
            <port dstActor="D0N44" name="p65" srcActor="D0N12"/>
            <port dstActor="D0N48" name="p66" srcActor="D0N20"/>
            <port dstActor="D0N27" name="p67" srcActor="D0N20"/>
            <port dstActor="D0N42" name="p68" srcActor="D0N20"/>
            <port dstActor="D0N44" name="p69" srcActor="D0N20"/>
            <port dstActor="D0N38" name="p70" srcActor="D0N32"/>
            <port dstActor="D0N42" name="p71" srcActor="D0N32"/>
            <port dstActor="D0N34" name="p72" srcActor="D0N32"/>
            <port dstActor="D0N45" name="p73" srcActor="D0N32"/>
            <port dstActor="D0N31" name="p74" srcActor="D0N24"/>
            <port dstActor="D0N40" name="p75" srcActor="D0N24"/>
            <port dstActor="D0N30" name="p76" srcActor="D0N27"/>
            <port dstActor="D0N38" name="p77" srcActor="D0N27"/>
            <port dstActor="D0N44" name="p78" srcActor="D0N27"/>
            <port dstActor="D0N39" name="p79" srcActor="D0N27"/>
            <port dstActor="D0N49" name="p80" srcActor="D0N40"/>
            <port dstActor="D0N44" name="p81" srcActor="D0N40"/>
            <port dstActor="D0N47" name="p82" srcActor="D0N40"/>
            <port dstActor="D0N45" name="p83" srcActor="D0N39"/>
            <port dstActor="D0N31" name="p84" srcActor="D0N23"/>
            <port dstActor="D0N27" name="p85" srcActor="D0N13"/>
            <port dstActor="D0N17" name="p86" srcActor="D0N13"/>
            <port dstActor="D0N36" name="p87" srcActor="D0N13"/>
            <port dstActor="D0N35" name="p88" srcActor="D0N13"/>
            <port dstActor="D0N40" name="p89" srcActor="D0N13"/>
            <port dstActor="D0N32" name="p90" srcActor="D0N31"/>
            <port dstActor="D0N20" name="p91" srcActor="D0N9"/>
            <port dstActor="D0N12" name="p92" srcActor="D0N9"/>
            <port dstActor="D0N31" name="p93" srcActor="D0N16"/>
            <port dstActor="D0N47" name="p94" srcActor="D0N16"/>
            <port dstActor="D0N49" name="p95" srcActor="D0N16"/>
            <port dstActor="D0N26" name="p96" srcActor="D0N16"/>
            <port dstActor="D0N37" name="p97" srcActor="D0N16"/>
            <port dstActor="D0N22" name="p98" srcActor="D0N2"/>
            <port dstActor="D0N20" name="p99" srcActor="D0N2"/>
            <port dstActor="D0N37" name="p100" srcActor="D0N2"/>
            <port dstActor="D0N25" name="p101" srcActor="D0N2"/>
            <port dstActor="D0N15" name="p102" srcActor="D0N2"/>
            <port dstActor="D0N49" name="p103" srcActor="D0N2"/>
            <port dstActor="D0N41" name="p104" srcActor="D0N34"/>
            <port dstActor="D0N47" name="p105" srcActor="D0N34"/>
            <port dstActor="D0N46" name="p106" srcActor="D0N34"/>
            <port dstActor="D0N42" name="p107" srcActor="D0N34"/>
            <port dstActor="D0N28" name="p108" srcActor="D0N14"/>
            <port dstActor="D0N30" name="p109" srcActor="D0N21"/>
            <port dstActor="D0N32" name="p110" srcActor="D0N21"/>
            <port dstActor="D0N46" name="p111" srcActor="D0N21"/>
            <port dstActor="D0N32" name="p112" srcActor="D0N29"/>
            <port dstActor="D0N31" name="p113" srcActor="D0N29"/>
            <port dstActor="D0N35" name="p114" srcActor="D0N18"/>
            <port dstActor="D0N48" name="p115" srcActor="D0N18"/>
            <port dstActor="D0N25" name="p116" srcActor="D0N18"/>
            <port dstActor="D0N40" name="p117" srcActor="D0N18"/>
            <port dstActor="D0N44" name="p118" srcActor="D0N18"/>
            <port dstActor="D0N19" name="p119" srcActor="D0N18"/>
            <port dstActor="D0N47" name="p120" srcActor="D0N18"/>
            <port dstActor="D0N40" name="p121" srcActor="D0N37"/>
            <port dstActor="D0N47" name="p122" srcActor="D0N37"/>
        </ports>
    </mcdag>
    <cores number="3"/>
    <levels number="2"/>
</mcsystem>
