<?xml version="1.0" encoding="UTF-8" standalone="no"?>
<mcsystem>
    <mcdag deadline="2000" name="genned-0-ed-10.0-0">
        <actor name="D0N18">
            <wcet number="0">50</wcet>
            <wcet number="1">60</wcet>
            <maxpow number="0.6337226599093274"/>
            <maxpow number="0.6337226599093274"/>
            <fprob>0.0</fprob>
        </actor>
        <actor name="D0N21">
            <wcet number="0">30</wcet>
            <wcet number="1">50</wcet>
            <maxpow number="0.4290662488482725"/>
            <maxpow number="0.4290662488482725"/>
            <fprob>0.0</fprob>
        </actor>
        <actor name="D0N42">
            <wcet number="0">20</wcet>
            <wcet number="1">40</wcet>
            <maxpow number="0.2969694453851185"/>
            <maxpow number="0.2969694453851185"/>
            <fprob>0.0</fprob>
        </actor>
        <actor name="D0N39">
            <wcet number="0">40</wcet>
            <wcet number="1">40</wcet>
            <maxpow number="0.5631067069356528"/>
            <maxpow number="0.5631067069356528"/>
            <fprob>0.0</fprob>
        </actor>
        <actor name="D0N40">
            <wcet number="0">120</wcet>
            <wcet number="1">290</wcet>
            <maxpow number="0.32915142548044374"/>
            <maxpow number="0.32915142548044374"/>
            <fprob>0.0</fprob>
        </actor>
        <actor name="D0N25">
            <wcet number="0">80</wcet>
            <wcet number="1">110</wcet>
            <maxpow number="0.13710418182788775"/>
            <maxpow number="0.13710418182788775"/>
            <fprob>0.0</fprob>
        </actor>
        <actor name="D0N45">
            <wcet number="0">10</wcet>
            <wcet number="1">10</wcet>
            <maxpow number="0.41577961404508335"/>
            <maxpow number="0.41577961404508335"/>
            <fprob>0.0</fprob>
        </actor>
        <actor name="D0N41">
            <wcet number="0">130</wcet>
            <wcet number="1">190</wcet>
            <maxpow number="0.29367749760514456"/>
            <maxpow number="0.29367749760514456"/>
            <fprob>0.0</fprob>
        </actor>
        <actor name="D0N9">
            <wcet number="0">30</wcet>
            <wcet number="1">60</wcet>
            <maxpow number="0.7666247306833411"/>
            <maxpow number="0.7666247306833411"/>
            <fprob>0.0</fprob>
        </actor>
        <actor name="D0N26">
            <wcet number="0">60</wcet>
            <wcet number="1">60</wcet>
            <maxpow number="0.727003521003589"/>
            <maxpow number="0.727003521003589"/>
            <fprob>0.0</fprob>
        </actor>
        <actor name="D0N46">
            <wcet number="0">20</wcet>
            <wcet number="1">20</wcet>
            <maxpow number="0.32314450576133624"/>
            <maxpow number="0.32314450576133624"/>
            <fprob>0.0</fprob>
        </actor>
        <actor name="D0N38">
            <wcet number="0">130</wcet>
            <wcet number="1">260</wcet>
            <maxpow number="0.43373308985450776"/>
            <maxpow number="0.43373308985450776"/>
            <fprob>0.0</fprob>
        </actor>
        <actor name="D0N33">
            <wcet number="0">10</wcet>
            <wcet number="1">40</wcet>
            <maxpow number="0.3531286412642675"/>
            <maxpow number="0.3531286412642675"/>
            <fprob>0.0</fprob>
        </actor>
        <actor name="D0N30">
            <wcet number="0">20</wcet>
            <wcet number="1">250</wcet>
            <maxpow number="0.5243285957865409"/>
            <maxpow number="0.5243285957865409"/>
            <fprob>0.0</fprob>
        </actor>
        <actor name="D0N4">
            <wcet number="0">10</wcet>
            <wcet number="1">120</wcet>
            <maxpow number="0.6220359656949095"/>
            <maxpow number="0.6220359656949095"/>
            <fprob>0.0</fprob>
        </actor>
        <actor name="D0N31">
            <wcet number="0">60</wcet>
            <wcet number="1">90</wcet>
            <maxpow number="0.5568830005092732"/>
            <maxpow number="0.5568830005092732"/>
            <fprob>0.0</fprob>
        </actor>
        <actor name="D0N28">
            <wcet number="0">30</wcet>
            <wcet number="1">30</wcet>
            <maxpow number="0.5382000050099156"/>
            <maxpow number="0.5382000050099156"/>
            <fprob>0.0</fprob>
        </actor>
        <actor name="D0N22">
            <wcet number="0">10</wcet>
            <wcet number="1">40</wcet>
            <maxpow number="0.6465512870889129"/>
            <maxpow number="0.6465512870889129"/>
            <fprob>0.0</fprob>
        </actor>
        <actor name="D0N27">
            <wcet number="0">270</wcet>
            <wcet number="1">280</wcet>
            <maxpow number="0.5378744007130448"/>
            <maxpow number="0.5378744007130448"/>
            <fprob>0.0</fprob>
        </actor>
        <actor name="D0N1">
            <wcet number="0">50</wcet>
            <wcet number="1">100</wcet>
            <maxpow number="0.5652647883442438"/>
            <maxpow number="0.5652647883442438"/>
            <fprob>0.0</fprob>
        </actor>
        <actor name="D0N36">
            <wcet number="0">20</wcet>
            <wcet number="1">20</wcet>
            <maxpow number="0.6157716691626857"/>
            <maxpow number="0.6157716691626857"/>
            <fprob>0.0</fprob>
        </actor>
        <actor name="D0N16">
            <wcet number="0">70</wcet>
            <wcet number="1">180</wcet>
            <maxpow number="0.2637178113791188"/>
            <maxpow number="0.2637178113791188"/>
            <fprob>0.0</fprob>
        </actor>
        <actor name="D0N0">
            <wcet number="0">230</wcet>
            <wcet number="1">560</wcet>
            <maxpow number="0.6065535878483703"/>
            <maxpow number="0.6065535878483703"/>
            <fprob>0.0</fprob>
        </actor>
        <actor name="D0N44">
            <wcet number="0">20</wcet>
            <wcet number="1">50</wcet>
            <maxpow number="0.38231184130608553"/>
            <maxpow number="0.38231184130608553"/>
            <fprob>0.0</fprob>
        </actor>
        <actor name="D0N19">
            <wcet number="0">10</wcet>
            <wcet number="1">10</wcet>
            <maxpow number="0.22004072554063908"/>
            <maxpow number="0.22004072554063908"/>
            <fprob>0.0</fprob>
        </actor>
        <actor name="D0N7">
            <wcet number="0">20</wcet>
            <wcet number="1">70</wcet>
            <maxpow number="0.5182514002125358"/>
            <maxpow number="0.5182514002125358"/>
            <fprob>0.0</fprob>
        </actor>
        <actor name="D0N2">
            <wcet number="0">10</wcet>
            <wcet number="1">30</wcet>
            <maxpow number="0.8443810154820091"/>
            <maxpow number="0.8443810154820091"/>
            <fprob>0.0</fprob>
        </actor>
        <actor name="D0N15">
            <wcet number="0">30</wcet>
            <wcet number="1">120</wcet>
            <maxpow number="0.4109711461897307"/>
            <maxpow number="0.4109711461897307"/>
            <fprob>0.0</fprob>
        </actor>
        <actor name="D0N5">
            <wcet number="0">40</wcet>
            <wcet number="1">40</wcet>
            <maxpow number="0.40235492312534205"/>
            <maxpow number="0.40235492312534205"/>
            <fprob>0.0</fprob>
        </actor>
        <actor name="D0N6">
            <wcet number="0">30</wcet>
            <wcet number="1">110</wcet>
            <maxpow number="0.6206639880589964"/>
            <maxpow number="0.6206639880589964"/>
            <fprob>0.0</fprob>
        </actor>
        <actor name="D0N12">
            <wcet number="0">10</wcet>
            <wcet number="1">70</wcet>
            <maxpow number="0.565746666498805"/>
            <maxpow number="0.565746666498805"/>
            <fprob>0.0</fprob>
        </actor>
        <actor name="D0N32">
            <wcet number="0">10</wcet>
            <wcet number="1">30</wcet>
            <maxpow number="0.4470263115413731"/>
            <maxpow number="0.4470263115413731"/>
            <fprob>0.0</fprob>
        </actor>
        <actor name="D0N37">
            <wcet number="0">60</wcet>
            <wcet number="1">90</wcet>
            <maxpow number="0.6008308442878929"/>
            <maxpow number="0.6008308442878929"/>
            <fprob>0.0</fprob>
        </actor>
        <actor name="D0N11">
            <wcet number="0">340</wcet>
            <wcet number="1">600</wcet>
            <maxpow number="0.4800406803471255"/>
            <maxpow number="0.4800406803471255"/>
            <fprob>0.0</fprob>
        </actor>
        <actor name="D0N13">
            <wcet number="0">40</wcet>
            <wcet number="1">50</wcet>
            <maxpow number="0.6300496119563216"/>
            <maxpow number="0.6300496119563216"/>
            <fprob>0.0</fprob>
        </actor>
        <actor name="D0N24">
            <wcet number="0">80</wcet>
            <wcet number="1">170</wcet>
            <maxpow number="0.44218615740223144"/>
            <maxpow number="0.44218615740223144"/>
            <fprob>0.0</fprob>
        </actor>
        <actor name="D0N35">
            <wcet number="0">40</wcet>
            <wcet number="1">60</wcet>
            <maxpow number="0.49834230415208347"/>
            <maxpow number="0.49834230415208347"/>
            <fprob>0.0</fprob>
        </actor>
        <actor name="D0N47">
            <wcet number="0">10</wcet>
            <wcet number="1">20</wcet>
            <maxpow number="0.24861110234067857"/>
            <maxpow number="0.24861110234067857"/>
            <fprob>0.0</fprob>
        </actor>
        <actor name="D0N3">
            <wcet number="0">160</wcet>
            <wcet number="1">160</wcet>
            <maxpow number="1.1373403908404054"/>
            <maxpow number="1.1373403908404054"/>
            <fprob>0.0</fprob>
        </actor>
        <actor name="D0N8">
            <wcet number="0">100</wcet>
            <wcet number="1">220</wcet>
            <maxpow number="0.5417918391671728"/>
            <maxpow number="0.5417918391671728"/>
            <fprob>0.0</fprob>
        </actor>
        <actor name="D0N34">
            <wcet number="0">20</wcet>
            <wcet number="1">60</wcet>
            <maxpow number="0.4816003383255924"/>
            <maxpow number="0.4816003383255924"/>
            <fprob>0.0</fprob>
        </actor>
        <actor name="D0N29">
            <wcet number="0">40</wcet>
            <wcet number="1">60</wcet>
            <maxpow number="0.4915189721647871"/>
            <maxpow number="0.4915189721647871"/>
            <fprob>0.0</fprob>
        </actor>
        <actor name="D0N14">
            <wcet number="0">40</wcet>
            <wcet number="1">70</wcet>
            <maxpow number="0.5479627777902646"/>
            <maxpow number="0.5479627777902646"/>
            <fprob>0.0</fprob>
        </actor>
        <actor name="D0N20">
            <wcet number="0">20</wcet>
            <wcet number="1">230</wcet>
            <maxpow number="0.6803665979781365"/>
            <maxpow number="0.6803665979781365"/>
            <fprob>0.0</fprob>
        </actor>
        <actor name="D0N23">
            <wcet number="0">10</wcet>
            <wcet number="1">10</wcet>
            <maxpow number="0.5939418247954678"/>
            <maxpow number="0.5939418247954678"/>
            <fprob>0.0</fprob>
        </actor>
        <actor name="D0N10">
            <wcet number="0">120</wcet>
            <wcet number="1">200</wcet>
            <maxpow number="0.9909125597782118"/>
            <maxpow number="0.9909125597782118"/>
            <fprob>0.0</fprob>
        </actor>
        <actor name="D0N43">
            <wcet number="0">30</wcet>
            <wcet number="1">150</wcet>
            <maxpow number="0.8321560184787058"/>
            <maxpow number="0.8321560184787058"/>
            <fprob>0.0</fprob>
        </actor>
        <actor name="D0N17">
            <wcet number="0">10</wcet>
            <wcet number="1">20</wcet>
            <maxpow number="0.14972353657894416"/>
            <maxpow number="0.14972353657894416"/>
            <fprob>0.0</fprob>
        </actor>
        <ports>
            <port dstActor="D0N25" name="p0" srcActor="D0N18"/>
            <port dstActor="D0N45" name="p1" srcActor="D0N18"/>
            <port dstActor="D0N41" name="p2" srcActor="D0N18"/>
            <port dstActor="D0N46" name="p3" srcActor="D0N18"/>
            <port dstActor="D0N27" name="p4" srcActor="D0N18"/>
            <port dstActor="D0N44" name="p5" srcActor="D0N21"/>
            <port dstActor="D0N46" name="p6" srcActor="D0N21"/>
            <port dstActor="D0N47" name="p7" srcActor="D0N21"/>
            <port dstActor="D0N44" name="p8" srcActor="D0N42"/>
            <port dstActor="D0N41" name="p9" srcActor="D0N39"/>
            <port dstActor="D0N40" name="p10" srcActor="D0N39"/>
            <port dstActor="D0N44" name="p11" srcActor="D0N25"/>
            <port dstActor="D0N16" name="p12" srcActor="D0N9"/>
            <port dstActor="D0N22" name="p13" srcActor="D0N9"/>
            <port dstActor="D0N17" name="p14" srcActor="D0N9"/>
            <port dstActor="D0N30" name="p15" srcActor="D0N26"/>
            <port dstActor="D0N40" name="p16" srcActor="D0N26"/>
            <port dstActor="D0N45" name="p17" srcActor="D0N38"/>
            <port dstActor="D0N46" name="p18" srcActor="D0N38"/>
            <port dstActor="D0N45" name="p19" srcActor="D0N33"/>
            <port dstActor="D0N32" name="p20" srcActor="D0N30"/>
            <port dstActor="D0N37" name="p21" srcActor="D0N30"/>
            <port dstActor="D0N31" name="p22" srcActor="D0N30"/>
            <port dstActor="D0N14" name="p23" srcActor="D0N4"/>
            <port dstActor="D0N11" name="p24" srcActor="D0N4"/>
            <port dstActor="D0N18" name="p25" srcActor="D0N4"/>
            <port dstActor="D0N16" name="p26" srcActor="D0N4"/>
            <port dstActor="D0N32" name="p27" srcActor="D0N4"/>
            <port dstActor="D0N43" name="p28" srcActor="D0N31"/>
            <port dstActor="D0N39" name="p29" srcActor="D0N31"/>
            <port dstActor="D0N39" name="p30" srcActor="D0N28"/>
            <port dstActor="D0N24" name="p31" srcActor="D0N22"/>
            <port dstActor="D0N27" name="p32" srcActor="D0N22"/>
            <port dstActor="D0N32" name="p33" srcActor="D0N22"/>
            <port dstActor="D0N44" name="p34" srcActor="D0N27"/>
            <port dstActor="D0N42" name="p35" srcActor="D0N27"/>
            <port dstActor="D0N15" name="p36" srcActor="D0N1"/>
            <port dstActor="D0N31" name="p37" srcActor="D0N1"/>
            <port dstActor="D0N46" name="p38" srcActor="D0N1"/>
            <port dstActor="D0N41" name="p39" srcActor="D0N1"/>
            <port dstActor="D0N42" name="p40" srcActor="D0N36"/>
            <port dstActor="D0N41" name="p41" srcActor="D0N36"/>
            <port dstActor="D0N30" name="p42" srcActor="D0N16"/>
            <port dstActor="D0N1" name="p43" srcActor="D0N0"/>
            <port dstActor="D0N12" name="p44" srcActor="D0N0"/>
            <port dstActor="D0N42" name="p45" srcActor="D0N0"/>
            <port dstActor="D0N26" name="p46" srcActor="D0N0"/>
            <port dstActor="D0N27" name="p47" srcActor="D0N0"/>
            <port dstActor="D0N35" name="p48" srcActor="D0N19"/>
            <port dstActor="D0N42" name="p49" srcActor="D0N19"/>
            <port dstActor="D0N23" name="p50" srcActor="D0N7"/>
            <port dstActor="D0N41" name="p51" srcActor="D0N7"/>
            <port dstActor="D0N31" name="p52" srcActor="D0N7"/>
            <port dstActor="D0N13" name="p53" srcActor="D0N7"/>
            <port dstActor="D0N14" name="p54" srcActor="D0N7"/>
            <port dstActor="D0N9" name="p55" srcActor="D0N7"/>
            <port dstActor="D0N6" name="p56" srcActor="D0N2"/>
            <port dstActor="D0N44" name="p57" srcActor="D0N2"/>
            <port dstActor="D0N10" name="p58" srcActor="D0N2"/>
            <port dstActor="D0N45" name="p59" srcActor="D0N2"/>
            <port dstActor="D0N26" name="p60" srcActor="D0N15"/>
            <port dstActor="D0N45" name="p61" srcActor="D0N5"/>
            <port dstActor="D0N28" name="p62" srcActor="D0N5"/>
            <port dstActor="D0N37" name="p63" srcActor="D0N5"/>
            <port dstActor="D0N8" name="p64" srcActor="D0N6"/>
            <port dstActor="D0N21" name="p65" srcActor="D0N6"/>
            <port dstActor="D0N31" name="p66" srcActor="D0N6"/>
            <port dstActor="D0N40" name="p67" srcActor="D0N12"/>
            <port dstActor="D0N14" name="p68" srcActor="D0N12"/>
            <port dstActor="D0N19" name="p69" srcActor="D0N12"/>
            <port dstActor="D0N18" name="p70" srcActor="D0N12"/>
            <port dstActor="D0N13" name="p71" srcActor="D0N12"/>
            <port dstActor="D0N25" name="p72" srcActor="D0N12"/>
            <port dstActor="D0N42" name="p73" srcActor="D0N32"/>
            <port dstActor="D0N33" name="p74" srcActor="D0N32"/>
            <port dstActor="D0N34" name="p75" srcActor="D0N32"/>
            <port dstActor="D0N44" name="p76" srcActor="D0N32"/>
            <port dstActor="D0N40" name="p77" srcActor="D0N37"/>
            <port dstActor="D0N16" name="p78" srcActor="D0N11"/>
            <port dstActor="D0N29" name="p79" srcActor="D0N11"/>
            <port dstActor="D0N26" name="p80" srcActor="D0N11"/>
            <port dstActor="D0N35" name="p81" srcActor="D0N11"/>
            <port dstActor="D0N16" name="p82" srcActor="D0N13"/>
            <port dstActor="D0N35" name="p83" srcActor="D0N24"/>
            <port dstActor="D0N38" name="p84" srcActor="D0N24"/>
            <port dstActor="D0N44" name="p85" srcActor="D0N24"/>
            <port dstActor="D0N45" name="p86" srcActor="D0N35"/>
            <port dstActor="D0N37" name="p87" srcActor="D0N35"/>
            <port dstActor="D0N10" name="p88" srcActor="D0N3"/>
            <port dstActor="D0N41" name="p89" srcActor="D0N3"/>
            <port dstActor="D0N11" name="p90" srcActor="D0N8"/>
            <port dstActor="D0N23" name="p91" srcActor="D0N8"/>
            <port dstActor="D0N38" name="p92" srcActor="D0N8"/>
            <port dstActor="D0N17" name="p93" srcActor="D0N8"/>
            <port dstActor="D0N37" name="p94" srcActor="D0N34"/>
            <port dstActor="D0N40" name="p95" srcActor="D0N29"/>
            <port dstActor="D0N46" name="p96" srcActor="D0N29"/>
            <port dstActor="D0N15" name="p97" srcActor="D0N14"/>
            <port dstActor="D0N32" name="p98" srcActor="D0N14"/>
            <port dstActor="D0N21" name="p99" srcActor="D0N14"/>
            <port dstActor="D0N31" name="p100" srcActor="D0N14"/>
            <port dstActor="D0N47" name="p101" srcActor="D0N20"/>
            <port dstActor="D0N35" name="p102" srcActor="D0N23"/>
            <port dstActor="D0N37" name="p103" srcActor="D0N23"/>
            <port dstActor="D0N27" name="p104" srcActor="D0N10"/>
            <port dstActor="D0N44" name="p105" srcActor="D0N43"/>
            <port dstActor="D0N18" name="p106" srcActor="D0N17"/>
            <port dstActor="D0N27" name="p107" srcActor="D0N17"/>
            <port dstActor="D0N36" name="p108" srcActor="D0N17"/>
        </ports>
    </mcdag>
    <cores number="3"/>
    <levels number="2"/>
</mcsystem>
