<?xml version="1.0" encoding="UTF-8" standalone="no"?>
<mcsystem>
    <mcdag deadline="1500" name="genned-0-ed-10.0-0">
        <actor name="D0N13">
            <wcet number="0">10</wcet>
            <wcet number="1">20</wcet>
            <maxpow number="0.7230959206463456"/>
            <maxpow number="0.7230959206463456"/>
            <fprob>0.0</fprob>
        </actor>
        <actor name="D0N17">
            <wcet number="0">10</wcet>
            <wcet number="1">80</wcet>
            <maxpow number="0.8570646192160836"/>
            <maxpow number="0.8570646192160836"/>
            <fprob>0.0</fprob>
        </actor>
        <actor name="D0N28">
            <wcet number="0">30</wcet>
            <wcet number="1">30</wcet>
            <maxpow number="0.34796302373037236"/>
            <maxpow number="0.34796302373037236"/>
            <fprob>0.0</fprob>
        </actor>
        <actor name="D0N21">
            <wcet number="0">40</wcet>
            <wcet number="1">40</wcet>
            <maxpow number="0.4041963344643227"/>
            <maxpow number="0.4041963344643227"/>
            <fprob>0.0</fprob>
        </actor>
        <actor name="D0N3">
            <wcet number="0">10</wcet>
            <wcet number="1">10</wcet>
            <maxpow number="0.6427665182217864"/>
            <maxpow number="0.6427665182217864"/>
            <fprob>0.0</fprob>
        </actor>
        <actor name="D0N16">
            <wcet number="0">20</wcet>
            <wcet number="1">20</wcet>
            <maxpow number="0.5215713948800955"/>
            <maxpow number="0.5215713948800955"/>
            <fprob>0.0</fprob>
        </actor>
        <actor name="D0N1">
            <wcet number="0">30</wcet>
            <wcet number="1">50</wcet>
            <maxpow number="0.6742499594921733"/>
            <maxpow number="0.6742499594921733"/>
            <fprob>0.0</fprob>
        </actor>
        <actor name="D0N41">
            <wcet number="0">70</wcet>
            <wcet number="1">70</wcet>
            <maxpow number="0.4011922879707931"/>
            <maxpow number="0.4011922879707931"/>
            <fprob>0.0</fprob>
        </actor>
        <actor name="D0N45">
            <wcet number="0">30</wcet>
            <wcet number="1">60</wcet>
            <maxpow number="0.6236361736269264"/>
            <maxpow number="0.6236361736269264"/>
            <fprob>0.0</fprob>
        </actor>
        <actor name="D0N9">
            <wcet number="0">50</wcet>
            <wcet number="1">70</wcet>
            <maxpow number="0.37290367173943406"/>
            <maxpow number="0.37290367173943406"/>
            <fprob>0.0</fprob>
        </actor>
        <actor name="D0N18">
            <wcet number="0">40</wcet>
            <wcet number="1">60</wcet>
            <maxpow number="0.6111051553968192"/>
            <maxpow number="0.6111051553968192"/>
            <fprob>0.0</fprob>
        </actor>
        <actor name="D0N34">
            <wcet number="0">30</wcet>
            <wcet number="1">50</wcet>
            <maxpow number="0.7238375809151745"/>
            <maxpow number="0.7238375809151745"/>
            <fprob>0.0</fprob>
        </actor>
        <actor name="D0N4">
            <wcet number="0">110</wcet>
            <wcet number="1">220</wcet>
            <maxpow number="0.8669383924091685"/>
            <maxpow number="0.8669383924091685"/>
            <fprob>0.0</fprob>
        </actor>
        <actor name="D0N15">
            <wcet number="0">10</wcet>
            <wcet number="1">10</wcet>
            <maxpow number="0.5521949983565575"/>
            <maxpow number="0.5521949983565575"/>
            <fprob>0.0</fprob>
        </actor>
        <actor name="D0N10">
            <wcet number="0">80</wcet>
            <wcet number="1">80</wcet>
            <maxpow number="0.44385666518678424"/>
            <maxpow number="0.44385666518678424"/>
            <fprob>0.0</fprob>
        </actor>
        <actor name="D0N42">
            <wcet number="0">10</wcet>
            <wcet number="1">60</wcet>
            <maxpow number="0.3275248629942915"/>
            <maxpow number="0.3275248629942915"/>
            <fprob>0.0</fprob>
        </actor>
        <actor name="D0N7">
            <wcet number="0">20</wcet>
            <wcet number="1">60</wcet>
            <maxpow number="0.5289777817591527"/>
            <maxpow number="0.5289777817591527"/>
            <fprob>0.0</fprob>
        </actor>
        <actor name="D0N26">
            <wcet number="0">20</wcet>
            <wcet number="1">20</wcet>
            <maxpow number="0.6318239136438344"/>
            <maxpow number="0.6318239136438344"/>
            <fprob>0.0</fprob>
        </actor>
        <actor name="D0N2">
            <wcet number="0">20</wcet>
            <wcet number="1">30</wcet>
            <maxpow number="0.5059493852252132"/>
            <maxpow number="0.5059493852252132"/>
            <fprob>0.0</fprob>
        </actor>
        <actor name="D0N33">
            <wcet number="0">20</wcet>
            <wcet number="1">40</wcet>
            <maxpow number="0.5859322225945687"/>
            <maxpow number="0.5859322225945687"/>
            <fprob>0.0</fprob>
        </actor>
        <actor name="D0N25">
            <wcet number="0">10</wcet>
            <wcet number="1">20</wcet>
            <maxpow number="0.5594724840174472"/>
            <maxpow number="0.5594724840174472"/>
            <fprob>0.0</fprob>
        </actor>
        <actor name="D0N0">
            <wcet number="0">20</wcet>
            <wcet number="1">20</wcet>
            <maxpow number="0.6429216831650313"/>
            <maxpow number="0.6429216831650313"/>
            <fprob>0.0</fprob>
        </actor>
        <actor name="D0N23">
            <wcet number="0">10</wcet>
            <wcet number="1">20</wcet>
            <maxpow number="0.5806804444006602"/>
            <maxpow number="0.5806804444006602"/>
            <fprob>0.0</fprob>
        </actor>
        <actor name="D0N39">
            <wcet number="0">20</wcet>
            <wcet number="1">20</wcet>
            <maxpow number="0.4356269681637342"/>
            <maxpow number="0.4356269681637342"/>
            <fprob>0.0</fprob>
        </actor>
        <actor name="D0N20">
            <wcet number="0">230</wcet>
            <wcet number="1">250</wcet>
            <maxpow number="0.36696481449876506"/>
            <maxpow number="0.36696481449876506"/>
            <fprob>0.0</fprob>
        </actor>
        <actor name="D0N40">
            <wcet number="0">10</wcet>
            <wcet number="1">10</wcet>
            <maxpow number="0.5098655163433512"/>
            <maxpow number="0.5098655163433512"/>
            <fprob>0.0</fprob>
        </actor>
        <actor name="D0N22">
            <wcet number="0">40</wcet>
            <wcet number="1">90</wcet>
            <maxpow number="0.6129533800892013"/>
            <maxpow number="0.6129533800892013"/>
            <fprob>0.0</fprob>
        </actor>
        <actor name="D0N24">
            <wcet number="0">10</wcet>
            <wcet number="1">120</wcet>
            <maxpow number="0.34467236582494043"/>
            <maxpow number="0.34467236582494043"/>
            <fprob>0.0</fprob>
        </actor>
        <actor name="D0N37">
            <wcet number="0">230</wcet>
            <wcet number="1">280</wcet>
            <maxpow number="0.5126606287745263"/>
            <maxpow number="0.5126606287745263"/>
            <fprob>0.0</fprob>
        </actor>
        <actor name="D0N31">
            <wcet number="0">60</wcet>
            <wcet number="1">80</wcet>
            <maxpow number="0.695718194937664"/>
            <maxpow number="0.695718194937664"/>
            <fprob>0.0</fprob>
        </actor>
        <actor name="D0N47">
            <wcet number="0">230</wcet>
            <wcet number="1">360</wcet>
            <maxpow number="0.3204048325986516"/>
            <maxpow number="0.3204048325986516"/>
            <fprob>0.0</fprob>
        </actor>
        <actor name="D0N8">
            <wcet number="0">10</wcet>
            <wcet number="1">10</wcet>
            <maxpow number="0.6190393405491141"/>
            <maxpow number="0.6190393405491141"/>
            <fprob>0.0</fprob>
        </actor>
        <actor name="D0N27">
            <wcet number="0">60</wcet>
            <wcet number="1">80</wcet>
            <maxpow number="0.3835999644774583"/>
            <maxpow number="0.3835999644774583"/>
            <fprob>0.0</fprob>
        </actor>
        <actor name="D0N32">
            <wcet number="0">60</wcet>
            <wcet number="1">80</wcet>
            <maxpow number="0.5391919409464638"/>
            <maxpow number="0.5391919409464638"/>
            <fprob>0.0</fprob>
        </actor>
        <actor name="D0N29">
            <wcet number="0">10</wcet>
            <wcet number="1">80</wcet>
            <maxpow number="0.9605341048807894"/>
            <maxpow number="0.9605341048807894"/>
            <fprob>0.0</fprob>
        </actor>
        <actor name="D0N6">
            <wcet number="0">10</wcet>
            <wcet number="1">10</wcet>
            <maxpow number="0.37932316274713496"/>
            <maxpow number="0.37932316274713496"/>
            <fprob>0.0</fprob>
        </actor>
        <actor name="D0N44">
            <wcet number="0">50</wcet>
            <wcet number="1">60</wcet>
            <maxpow number="0.47060044264002965"/>
            <maxpow number="0.47060044264002965"/>
            <fprob>0.0</fprob>
        </actor>
        <actor name="D0N11">
            <wcet number="0">10</wcet>
            <wcet number="1">30</wcet>
            <maxpow number="0.4832143533787126"/>
            <maxpow number="0.4832143533787126"/>
            <fprob>0.0</fprob>
        </actor>
        <actor name="D0N46">
            <wcet number="0">10</wcet>
            <wcet number="1">110</wcet>
            <maxpow number="0.548576535609996"/>
            <maxpow number="0.548576535609996"/>
            <fprob>0.0</fprob>
        </actor>
        <actor name="D0N38">
            <wcet number="0">20</wcet>
            <wcet number="1">40</wcet>
            <maxpow number="0.28709642654987594"/>
            <maxpow number="0.28709642654987594"/>
            <fprob>0.0</fprob>
        </actor>
        <actor name="D0N36">
            <wcet number="0">90</wcet>
            <wcet number="1">90</wcet>
            <maxpow number="0.3243525383364688"/>
            <maxpow number="0.3243525383364688"/>
            <fprob>0.0</fprob>
        </actor>
        <actor name="D0N19">
            <wcet number="0">130</wcet>
            <wcet number="1">240</wcet>
            <maxpow number="0.3988026356407053"/>
            <maxpow number="0.3988026356407053"/>
            <fprob>0.0</fprob>
        </actor>
        <actor name="D0N5">
            <wcet number="0">40</wcet>
            <wcet number="1">50</wcet>
            <maxpow number="0.5441422651078748"/>
            <maxpow number="0.5441422651078748"/>
            <fprob>0.0</fprob>
        </actor>
        <actor name="D0N14">
            <wcet number="0">40</wcet>
            <wcet number="1">50</wcet>
            <maxpow number="0.7905831152031275"/>
            <maxpow number="0.7905831152031275"/>
            <fprob>0.0</fprob>
        </actor>
        <actor name="D0N35">
            <wcet number="0">60</wcet>
            <wcet number="1">70</wcet>
            <maxpow number="0.683734742801356"/>
            <maxpow number="0.683734742801356"/>
            <fprob>0.0</fprob>
        </actor>
        <actor name="D0N12">
            <wcet number="0">90</wcet>
            <wcet number="1">170</wcet>
            <maxpow number="0.7152241911448529"/>
            <maxpow number="0.7152241911448529"/>
            <fprob>0.0</fprob>
        </actor>
        <actor name="D0N30">
            <wcet number="0">10</wcet>
            <wcet number="1">10</wcet>
            <maxpow number="0.6981096376394957"/>
            <maxpow number="0.6981096376394957"/>
            <fprob>0.0</fprob>
        </actor>
        <actor name="D0N43">
            <wcet number="0">100</wcet>
            <wcet number="1">220</wcet>
            <maxpow number="0.5747382315336776"/>
            <maxpow number="0.5747382315336776"/>
            <fprob>0.0</fprob>
        </actor>
        <ports>
            <port dstActor="D0N26" name="p0" srcActor="D0N13"/>
            <port dstActor="D0N24" name="p1" srcActor="D0N13"/>
            <port dstActor="D0N32" name="p2" srcActor="D0N17"/>
            <port dstActor="D0N29" name="p3" srcActor="D0N17"/>
            <port dstActor="D0N33" name="p4" srcActor="D0N17"/>
            <port dstActor="D0N39" name="p5" srcActor="D0N17"/>
            <port dstActor="D0N35" name="p6" srcActor="D0N28"/>
            <port dstActor="D0N30" name="p7" srcActor="D0N21"/>
            <port dstActor="D0N43" name="p8" srcActor="D0N21"/>
            <port dstActor="D0N35" name="p9" srcActor="D0N3"/>
            <port dstActor="D0N26" name="p10" srcActor="D0N3"/>
            <port dstActor="D0N11" name="p11" srcActor="D0N3"/>
            <port dstActor="D0N14" name="p12" srcActor="D0N3"/>
            <port dstActor="D0N16" name="p13" srcActor="D0N3"/>
            <port dstActor="D0N8" name="p14" srcActor="D0N3"/>
            <port dstActor="D0N33" name="p15" srcActor="D0N3"/>
            <port dstActor="D0N37" name="p16" srcActor="D0N3"/>
            <port dstActor="D0N31" name="p17" srcActor="D0N16"/>
            <port dstActor="D0N22" name="p18" srcActor="D0N16"/>
            <port dstActor="D0N21" name="p19" srcActor="D0N1"/>
            <port dstActor="D0N6" name="p20" srcActor="D0N1"/>
            <port dstActor="D0N24" name="p21" srcActor="D0N1"/>
            <port dstActor="D0N4" name="p22" srcActor="D0N1"/>
            <port dstActor="D0N31" name="p23" srcActor="D0N1"/>
            <port dstActor="D0N46" name="p24" srcActor="D0N45"/>
            <port dstActor="D0N20" name="p25" srcActor="D0N9"/>
            <port dstActor="D0N39" name="p26" srcActor="D0N9"/>
            <port dstActor="D0N45" name="p27" srcActor="D0N9"/>
            <port dstActor="D0N38" name="p28" srcActor="D0N18"/>
            <port dstActor="D0N40" name="p29" srcActor="D0N18"/>
            <port dstActor="D0N46" name="p30" srcActor="D0N18"/>
            <port dstActor="D0N41" name="p31" srcActor="D0N18"/>
            <port dstActor="D0N35" name="p32" srcActor="D0N18"/>
            <port dstActor="D0N39" name="p33" srcActor="D0N34"/>
            <port dstActor="D0N43" name="p34" srcActor="D0N34"/>
            <port dstActor="D0N42" name="p35" srcActor="D0N34"/>
            <port dstActor="D0N46" name="p36" srcActor="D0N34"/>
            <port dstActor="D0N21" name="p37" srcActor="D0N4"/>
            <port dstActor="D0N34" name="p38" srcActor="D0N15"/>
            <port dstActor="D0N31" name="p39" srcActor="D0N15"/>
            <port dstActor="D0N29" name="p40" srcActor="D0N15"/>
            <port dstActor="D0N33" name="p41" srcActor="D0N10"/>
            <port dstActor="D0N19" name="p42" srcActor="D0N10"/>
            <port dstActor="D0N40" name="p43" srcActor="D0N10"/>
            <port dstActor="D0N30" name="p44" srcActor="D0N10"/>
            <port dstActor="D0N34" name="p45" srcActor="D0N10"/>
            <port dstActor="D0N43" name="p46" srcActor="D0N7"/>
            <port dstActor="D0N23" name="p47" srcActor="D0N7"/>
            <port dstActor="D0N32" name="p48" srcActor="D0N7"/>
            <port dstActor="D0N12" name="p49" srcActor="D0N7"/>
            <port dstActor="D0N25" name="p50" srcActor="D0N7"/>
            <port dstActor="D0N10" name="p51" srcActor="D0N7"/>
            <port dstActor="D0N42" name="p52" srcActor="D0N26"/>
            <port dstActor="D0N19" name="p53" srcActor="D0N2"/>
            <port dstActor="D0N27" name="p54" srcActor="D0N2"/>
            <port dstActor="D0N34" name="p55" srcActor="D0N2"/>
            <port dstActor="D0N22" name="p56" srcActor="D0N2"/>
            <port dstActor="D0N30" name="p57" srcActor="D0N2"/>
            <port dstActor="D0N35" name="p58" srcActor="D0N2"/>
            <port dstActor="D0N43" name="p59" srcActor="D0N33"/>
            <port dstActor="D0N39" name="p60" srcActor="D0N25"/>
            <port dstActor="D0N31" name="p61" srcActor="D0N25"/>
            <port dstActor="D0N5" name="p62" srcActor="D0N0"/>
            <port dstActor="D0N29" name="p63" srcActor="D0N0"/>
            <port dstActor="D0N37" name="p64" srcActor="D0N0"/>
            <port dstActor="D0N35" name="p65" srcActor="D0N0"/>
            <port dstActor="D0N10" name="p66" srcActor="D0N0"/>
            <port dstActor="D0N23" name="p67" srcActor="D0N0"/>
            <port dstActor="D0N47" name="p68" srcActor="D0N23"/>
            <port dstActor="D0N34" name="p69" srcActor="D0N23"/>
            <port dstActor="D0N47" name="p70" srcActor="D0N39"/>
            <port dstActor="D0N46" name="p71" srcActor="D0N39"/>
            <port dstActor="D0N22" name="p72" srcActor="D0N20"/>
            <port dstActor="D0N32" name="p73" srcActor="D0N20"/>
            <port dstActor="D0N46" name="p74" srcActor="D0N22"/>
            <port dstActor="D0N38" name="p75" srcActor="D0N22"/>
            <port dstActor="D0N42" name="p76" srcActor="D0N22"/>
            <port dstActor="D0N41" name="p77" srcActor="D0N22"/>
            <port dstActor="D0N28" name="p78" srcActor="D0N24"/>
            <port dstActor="D0N38" name="p79" srcActor="D0N24"/>
            <port dstActor="D0N47" name="p80" srcActor="D0N37"/>
            <port dstActor="D0N34" name="p81" srcActor="D0N31"/>
            <port dstActor="D0N45" name="p82" srcActor="D0N31"/>
            <port dstActor="D0N12" name="p83" srcActor="D0N8"/>
            <port dstActor="D0N13" name="p84" srcActor="D0N8"/>
            <port dstActor="D0N21" name="p85" srcActor="D0N8"/>
            <port dstActor="D0N43" name="p86" srcActor="D0N27"/>
            <port dstActor="D0N42" name="p87" srcActor="D0N27"/>
            <port dstActor="D0N39" name="p88" srcActor="D0N32"/>
            <port dstActor="D0N46" name="p89" srcActor="D0N29"/>
            <port dstActor="D0N47" name="p90" srcActor="D0N6"/>
            <port dstActor="D0N24" name="p91" srcActor="D0N6"/>
            <port dstActor="D0N31" name="p92" srcActor="D0N6"/>
            <port dstActor="D0N42" name="p93" srcActor="D0N6"/>
            <port dstActor="D0N31" name="p94" srcActor="D0N11"/>
            <port dstActor="D0N22" name="p95" srcActor="D0N11"/>
            <port dstActor="D0N47" name="p96" srcActor="D0N38"/>
            <port dstActor="D0N34" name="p97" srcActor="D0N19"/>
            <port dstActor="D0N23" name="p98" srcActor="D0N19"/>
            <port dstActor="D0N24" name="p99" srcActor="D0N5"/>
            <port dstActor="D0N28" name="p100" srcActor="D0N5"/>
            <port dstActor="D0N26" name="p101" srcActor="D0N5"/>
            <port dstActor="D0N12" name="p102" srcActor="D0N5"/>
            <port dstActor="D0N18" name="p103" srcActor="D0N5"/>
            <port dstActor="D0N38" name="p104" srcActor="D0N5"/>
            <port dstActor="D0N33" name="p105" srcActor="D0N5"/>
            <port dstActor="D0N45" name="p106" srcActor="D0N14"/>
            <port dstActor="D0N35" name="p107" srcActor="D0N14"/>
            <port dstActor="D0N34" name="p108" srcActor="D0N14"/>
            <port dstActor="D0N46" name="p109" srcActor="D0N35"/>
            <port dstActor="D0N35" name="p110" srcActor="D0N12"/>
            <port dstActor="D0N46" name="p111" srcActor="D0N12"/>
            <port dstActor="D0N26" name="p112" srcActor="D0N12"/>
            <port dstActor="D0N27" name="p113" srcActor="D0N12"/>
            <port dstActor="D0N23" name="p114" srcActor="D0N12"/>
            <port dstActor="D0N28" name="p115" srcActor="D0N12"/>
            <port dstActor="D0N31" name="p116" srcActor="D0N12"/>
            <port dstActor="D0N35" name="p117" srcActor="D0N30"/>
            <port dstActor="D0N39" name="p118" srcActor="D0N30"/>
            <port dstActor="D0N45" name="p119" srcActor="D0N43"/>
            <port dstActor="D0N44" name="p120" srcActor="D0N43"/>
        </ports>
    </mcdag>
    <cores number="3"/>
    <levels number="2"/>
</mcsystem>
