<?xml version="1.0" encoding="UTF-8" standalone="no"?>
<mcsystem>
    <mcdag deadline="1000" name="genned-0-ed-10.0-0">
        <actor name="D0N13">
            <wcet number="0">30</wcet>
            <wcet number="1">40</wcet>
            <maxpow number="0.47936073332687845"/>
            <maxpow number="0.47936073332687845"/>
            <fprob>0.0</fprob>
        </actor>
        <actor name="D0N14">
            <wcet number="0">20</wcet>
            <wcet number="1">20</wcet>
            <maxpow number="0.4055973505523748"/>
            <maxpow number="0.4055973505523748"/>
            <fprob>0.0</fprob>
        </actor>
        <actor name="D0N32">
            <wcet number="0">10</wcet>
            <wcet number="1">10</wcet>
            <maxpow number="0.49913271286477356"/>
            <maxpow number="0.49913271286477356"/>
            <fprob>0.0</fprob>
        </actor>
        <actor name="D0N22">
            <wcet number="0">10</wcet>
            <wcet number="1">10</wcet>
            <maxpow number="0.2705888158246396"/>
            <maxpow number="0.2705888158246396"/>
            <fprob>0.0</fprob>
        </actor>
        <actor name="D0N1">
            <wcet number="0">20</wcet>
            <wcet number="1">40</wcet>
            <maxpow number="0.6271057871468955"/>
            <maxpow number="0.6271057871468955"/>
            <fprob>0.0</fprob>
        </actor>
        <actor name="D0N36">
            <wcet number="0">40</wcet>
            <wcet number="1">50</wcet>
            <maxpow number="0.7537148926674799"/>
            <maxpow number="0.7537148926674799"/>
            <fprob>0.0</fprob>
        </actor>
        <actor name="D0N35">
            <wcet number="0">20</wcet>
            <wcet number="1">20</wcet>
            <maxpow number="0.3742616009921199"/>
            <maxpow number="0.3742616009921199"/>
            <fprob>0.0</fprob>
        </actor>
        <actor name="D0N0">
            <wcet number="0">20</wcet>
            <wcet number="1">20</wcet>
            <maxpow number="0.24258890751416884"/>
            <maxpow number="0.24258890751416884"/>
            <fprob>0.0</fprob>
        </actor>
        <actor name="D0N19">
            <wcet number="0">20</wcet>
            <wcet number="1">50</wcet>
            <maxpow number="0.34981492389177316"/>
            <maxpow number="0.34981492389177316"/>
            <fprob>0.0</fprob>
        </actor>
        <actor name="D0N5">
            <wcet number="0">10</wcet>
            <wcet number="1">20</wcet>
            <maxpow number="0.4052634511326308"/>
            <maxpow number="0.4052634511326308"/>
            <fprob>0.0</fprob>
        </actor>
        <actor name="D0N23">
            <wcet number="0">40</wcet>
            <wcet number="1">40</wcet>
            <maxpow number="0.6805000881824638"/>
            <maxpow number="0.6805000881824638"/>
            <fprob>0.0</fprob>
        </actor>
        <actor name="D0N4">
            <wcet number="0">10</wcet>
            <wcet number="1">30</wcet>
            <maxpow number="0.47654682827840195"/>
            <maxpow number="0.47654682827840195"/>
            <fprob>0.0</fprob>
        </actor>
        <actor name="D0N16">
            <wcet number="0">50</wcet>
            <wcet number="1">50</wcet>
            <maxpow number="0.35263528122018845"/>
            <maxpow number="0.35263528122018845"/>
            <fprob>0.0</fprob>
        </actor>
        <actor name="D0N17">
            <wcet number="0">10</wcet>
            <wcet number="1">40</wcet>
            <maxpow number="0.764258106169333"/>
            <maxpow number="0.764258106169333"/>
            <fprob>0.0</fprob>
        </actor>
        <actor name="D0N18">
            <wcet number="0">10</wcet>
            <wcet number="1">10</wcet>
            <maxpow number="0.46814699880796445"/>
            <maxpow number="0.46814699880796445"/>
            <fprob>0.0</fprob>
        </actor>
        <actor name="D0N7">
            <wcet number="0">20</wcet>
            <wcet number="1">20</wcet>
            <maxpow number="0.41073693766671016"/>
            <maxpow number="0.41073693766671016"/>
            <fprob>0.0</fprob>
        </actor>
        <actor name="D0N20">
            <wcet number="0">10</wcet>
            <wcet number="1">10</wcet>
            <maxpow number="0.30478615538300713"/>
            <maxpow number="0.30478615538300713"/>
            <fprob>0.0</fprob>
        </actor>
        <actor name="D0N26">
            <wcet number="0">60</wcet>
            <wcet number="1">140</wcet>
            <maxpow number="0.5032498060162774"/>
            <maxpow number="0.5032498060162774"/>
            <fprob>0.0</fprob>
        </actor>
        <actor name="D0N12">
            <wcet number="0">30</wcet>
            <wcet number="1">30</wcet>
            <maxpow number="0.4856564031894907"/>
            <maxpow number="0.4856564031894907"/>
            <fprob>0.0</fprob>
        </actor>
        <actor name="D0N31">
            <wcet number="0">30</wcet>
            <wcet number="1">40</wcet>
            <maxpow number="0.3374963757397714"/>
            <maxpow number="0.3374963757397714"/>
            <fprob>0.0</fprob>
        </actor>
        <actor name="D0N27">
            <wcet number="0">30</wcet>
            <wcet number="1">70</wcet>
            <maxpow number="0.2862119006999545"/>
            <maxpow number="0.2862119006999545"/>
            <fprob>0.0</fprob>
        </actor>
        <actor name="D0N29">
            <wcet number="0">50</wcet>
            <wcet number="1">150</wcet>
            <maxpow number="0.3708497328650986"/>
            <maxpow number="0.3708497328650986"/>
            <fprob>0.0</fprob>
        </actor>
        <actor name="D0N30">
            <wcet number="0">30</wcet>
            <wcet number="1">40</wcet>
            <maxpow number="0.5361068978950992"/>
            <maxpow number="0.5361068978950992"/>
            <fprob>0.0</fprob>
        </actor>
        <actor name="D0N42">
            <wcet number="0">30</wcet>
            <wcet number="1">50</wcet>
            <maxpow number="0.8149959742085451"/>
            <maxpow number="0.8149959742085451"/>
            <fprob>0.0</fprob>
        </actor>
        <actor name="D0N40">
            <wcet number="0">10</wcet>
            <wcet number="1">10</wcet>
            <maxpow number="0.7495459830270448"/>
            <maxpow number="0.7495459830270448"/>
            <fprob>0.0</fprob>
        </actor>
        <actor name="D0N2">
            <wcet number="0">50</wcet>
            <wcet number="1">70</wcet>
            <maxpow number="0.6987632739265639"/>
            <maxpow number="0.6987632739265639"/>
            <fprob>0.0</fprob>
        </actor>
        <actor name="D0N10">
            <wcet number="0">30</wcet>
            <wcet number="1">60</wcet>
            <maxpow number="0.5903518200124064"/>
            <maxpow number="0.5903518200124064"/>
            <fprob>0.0</fprob>
        </actor>
        <actor name="D0N8">
            <wcet number="0">10</wcet>
            <wcet number="1">10</wcet>
            <maxpow number="0.35952429178347"/>
            <maxpow number="0.35952429178347"/>
            <fprob>0.0</fprob>
        </actor>
        <actor name="D0N21">
            <wcet number="0">10</wcet>
            <wcet number="1">60</wcet>
            <maxpow number="0.41078200479688726"/>
            <maxpow number="0.41078200479688726"/>
            <fprob>0.0</fprob>
        </actor>
        <actor name="D0N15">
            <wcet number="0">40</wcet>
            <wcet number="1">40</wcet>
            <maxpow number="0.7200861464512347"/>
            <maxpow number="0.7200861464512347"/>
            <fprob>0.0</fprob>
        </actor>
        <actor name="D0N33">
            <wcet number="0">70</wcet>
            <wcet number="1">110</wcet>
            <maxpow number="0.5935546102941246"/>
            <maxpow number="0.5935546102941246"/>
            <fprob>0.0</fprob>
        </actor>
        <actor name="D0N9">
            <wcet number="0">50</wcet>
            <wcet number="1">100</wcet>
            <maxpow number="0.6916579698694801"/>
            <maxpow number="0.6916579698694801"/>
            <fprob>0.0</fprob>
        </actor>
        <actor name="D0N39">
            <wcet number="0">40</wcet>
            <wcet number="1">80</wcet>
            <maxpow number="0.7407186524021119"/>
            <maxpow number="0.7407186524021119"/>
            <fprob>0.0</fprob>
        </actor>
        <actor name="D0N28">
            <wcet number="0">30</wcet>
            <wcet number="1">50</wcet>
            <maxpow number="0.42361584764315136"/>
            <maxpow number="0.42361584764315136"/>
            <fprob>0.0</fprob>
        </actor>
        <actor name="D0N41">
            <wcet number="0">10</wcet>
            <wcet number="1">20</wcet>
            <maxpow number="0.45466304082776743"/>
            <maxpow number="0.45466304082776743"/>
            <fprob>0.0</fprob>
        </actor>
        <actor name="D0N6">
            <wcet number="0">30</wcet>
            <wcet number="1">120</wcet>
            <maxpow number="0.9126874958018956"/>
            <maxpow number="0.9126874958018956"/>
            <fprob>0.0</fprob>
        </actor>
        <actor name="D0N25">
            <wcet number="0">10</wcet>
            <wcet number="1">40</wcet>
            <maxpow number="0.7844684370375516"/>
            <maxpow number="0.7844684370375516"/>
            <fprob>0.0</fprob>
        </actor>
        <actor name="D0N37">
            <wcet number="0">60</wcet>
            <wcet number="1">100</wcet>
            <maxpow number="0.38647556963370044"/>
            <maxpow number="0.38647556963370044"/>
            <fprob>0.0</fprob>
        </actor>
        <actor name="D0N24">
            <wcet number="0">10</wcet>
            <wcet number="1">50</wcet>
            <maxpow number="0.6350184601805908"/>
            <maxpow number="0.6350184601805908"/>
            <fprob>0.0</fprob>
        </actor>
        <actor name="D0N11">
            <wcet number="0">40</wcet>
            <wcet number="1">50</wcet>
            <maxpow number="0.5881999895284298"/>
            <maxpow number="0.5881999895284298"/>
            <fprob>0.0</fprob>
        </actor>
        <actor name="D0N38">
            <wcet number="0">10</wcet>
            <wcet number="1">10</wcet>
            <maxpow number="0.391452319461145"/>
            <maxpow number="0.391452319461145"/>
            <fprob>0.0</fprob>
        </actor>
        <actor name="D0N34">
            <wcet number="0">10</wcet>
            <wcet number="1">50</wcet>
            <maxpow number="0.7241333573432402"/>
            <maxpow number="0.7241333573432402"/>
            <fprob>0.0</fprob>
        </actor>
        <actor name="D0N3">
            <wcet number="0">10</wcet>
            <wcet number="1">70</wcet>
            <maxpow number="0.5479058457518667"/>
            <maxpow number="0.5479058457518667"/>
            <fprob>0.0</fprob>
        </actor>
        <ports>
            <port dstActor="D0N19" name="p0" srcActor="D0N13"/>
            <port dstActor="D0N36" name="p1" srcActor="D0N13"/>
            <port dstActor="D0N37" name="p2" srcActor="D0N13"/>
            <port dstActor="D0N24" name="p3" srcActor="D0N14"/>
            <port dstActor="D0N31" name="p4" srcActor="D0N14"/>
            <port dstActor="D0N34" name="p5" srcActor="D0N22"/>
            <port dstActor="D0N23" name="p6" srcActor="D0N22"/>
            <port dstActor="D0N27" name="p7" srcActor="D0N22"/>
            <port dstActor="D0N42" name="p8" srcActor="D0N1"/>
            <port dstActor="D0N25" name="p9" srcActor="D0N1"/>
            <port dstActor="D0N14" name="p10" srcActor="D0N1"/>
            <port dstActor="D0N8" name="p11" srcActor="D0N1"/>
            <port dstActor="D0N36" name="p12" srcActor="D0N35"/>
            <port dstActor="D0N31" name="p13" srcActor="D0N0"/>
            <port dstActor="D0N1" name="p14" srcActor="D0N0"/>
            <port dstActor="D0N19" name="p15" srcActor="D0N0"/>
            <port dstActor="D0N23" name="p16" srcActor="D0N0"/>
            <port dstActor="D0N39" name="p17" srcActor="D0N19"/>
            <port dstActor="D0N42" name="p18" srcActor="D0N19"/>
            <port dstActor="D0N40" name="p19" srcActor="D0N5"/>
            <port dstActor="D0N42" name="p20" srcActor="D0N23"/>
            <port dstActor="D0N32" name="p21" srcActor="D0N23"/>
            <port dstActor="D0N39" name="p22" srcActor="D0N4"/>
            <port dstActor="D0N8" name="p23" srcActor="D0N4"/>
            <port dstActor="D0N11" name="p24" srcActor="D0N4"/>
            <port dstActor="D0N5" name="p25" srcActor="D0N4"/>
            <port dstActor="D0N36" name="p26" srcActor="D0N16"/>
            <port dstActor="D0N31" name="p27" srcActor="D0N16"/>
            <port dstActor="D0N30" name="p28" srcActor="D0N16"/>
            <port dstActor="D0N18" name="p29" srcActor="D0N17"/>
            <port dstActor="D0N34" name="p30" srcActor="D0N17"/>
            <port dstActor="D0N21" name="p31" srcActor="D0N18"/>
            <port dstActor="D0N36" name="p32" srcActor="D0N18"/>
            <port dstActor="D0N35" name="p33" srcActor="D0N7"/>
            <port dstActor="D0N27" name="p34" srcActor="D0N20"/>
            <port dstActor="D0N41" name="p35" srcActor="D0N26"/>
            <port dstActor="D0N35" name="p36" srcActor="D0N26"/>
            <port dstActor="D0N22" name="p37" srcActor="D0N12"/>
            <port dstActor="D0N24" name="p38" srcActor="D0N12"/>
            <port dstActor="D0N35" name="p39" srcActor="D0N12"/>
            <port dstActor="D0N38" name="p40" srcActor="D0N12"/>
            <port dstActor="D0N18" name="p41" srcActor="D0N12"/>
            <port dstActor="D0N38" name="p42" srcActor="D0N31"/>
            <port dstActor="D0N39" name="p43" srcActor="D0N27"/>
            <port dstActor="D0N37" name="p44" srcActor="D0N27"/>
            <port dstActor="D0N33" name="p45" srcActor="D0N27"/>
            <port dstActor="D0N35" name="p46" srcActor="D0N27"/>
            <port dstActor="D0N36" name="p47" srcActor="D0N27"/>
            <port dstActor="D0N34" name="p48" srcActor="D0N29"/>
            <port dstActor="D0N40" name="p49" srcActor="D0N29"/>
            <port dstActor="D0N36" name="p50" srcActor="D0N29"/>
            <port dstActor="D0N41" name="p51" srcActor="D0N30"/>
            <port dstActor="D0N19" name="p52" srcActor="D0N2"/>
            <port dstActor="D0N41" name="p53" srcActor="D0N2"/>
            <port dstActor="D0N22" name="p54" srcActor="D0N2"/>
            <port dstActor="D0N15" name="p55" srcActor="D0N2"/>
            <port dstActor="D0N17" name="p56" srcActor="D0N10"/>
            <port dstActor="D0N30" name="p57" srcActor="D0N10"/>
            <port dstActor="D0N29" name="p58" srcActor="D0N10"/>
            <port dstActor="D0N30" name="p59" srcActor="D0N8"/>
            <port dstActor="D0N11" name="p60" srcActor="D0N8"/>
            <port dstActor="D0N16" name="p61" srcActor="D0N8"/>
            <port dstActor="D0N24" name="p62" srcActor="D0N8"/>
            <port dstActor="D0N34" name="p63" srcActor="D0N21"/>
            <port dstActor="D0N25" name="p64" srcActor="D0N21"/>
            <port dstActor="D0N24" name="p65" srcActor="D0N15"/>
            <port dstActor="D0N34" name="p66" srcActor="D0N15"/>
            <port dstActor="D0N35" name="p67" srcActor="D0N15"/>
            <port dstActor="D0N42" name="p68" srcActor="D0N9"/>
            <port dstActor="D0N11" name="p69" srcActor="D0N9"/>
            <port dstActor="D0N32" name="p70" srcActor="D0N6"/>
            <port dstActor="D0N23" name="p71" srcActor="D0N6"/>
            <port dstActor="D0N26" name="p72" srcActor="D0N6"/>
            <port dstActor="D0N35" name="p73" srcActor="D0N25"/>
            <port dstActor="D0N32" name="p74" srcActor="D0N25"/>
            <port dstActor="D0N37" name="p75" srcActor="D0N25"/>
            <port dstActor="D0N34" name="p76" srcActor="D0N25"/>
            <port dstActor="D0N30" name="p77" srcActor="D0N25"/>
            <port dstActor="D0N41" name="p78" srcActor="D0N37"/>
            <port dstActor="D0N38" name="p79" srcActor="D0N37"/>
            <port dstActor="D0N42" name="p80" srcActor="D0N38"/>
            <port dstActor="D0N39" name="p81" srcActor="D0N38"/>
            <port dstActor="D0N31" name="p82" srcActor="D0N3"/>
            <port dstActor="D0N39" name="p83" srcActor="D0N3"/>
            <port dstActor="D0N17" name="p84" srcActor="D0N3"/>
            <port dstActor="D0N16" name="p85" srcActor="D0N3"/>
            <port dstActor="D0N14" name="p86" srcActor="D0N3"/>
        </ports>
    </mcdag>
    <cores number="3"/>
    <levels number="2"/>
</mcsystem>
