<?xml version="1.0" encoding="UTF-8" standalone="no"?>
<mcsystem>
    <mcdag deadline="2200" name="genned-0-ed-10.0-0">
        <actor name="D0N38">
            <wcet number="0">280</wcet>
            <wcet number="1">750</wcet>
            <maxpow number="0.745992774609906"/>
            <maxpow number="0.745992774609906"/>
            <fprob>0.0</fprob>
        </actor>
        <actor name="D0N46">
            <wcet number="0">50</wcet>
            <wcet number="1">90</wcet>
            <maxpow number="0.4656196670420678"/>
            <maxpow number="0.4656196670420678"/>
            <fprob>0.0</fprob>
        </actor>
        <actor name="D0N1">
            <wcet number="0">50</wcet>
            <wcet number="1">70</wcet>
            <maxpow number="0.5341172147111901"/>
            <maxpow number="0.5341172147111901"/>
            <fprob>0.0</fprob>
        </actor>
        <actor name="D0N34">
            <wcet number="0">60</wcet>
            <wcet number="1">70</wcet>
            <maxpow number="0.635031538163352"/>
            <maxpow number="0.635031538163352"/>
            <fprob>0.0</fprob>
        </actor>
        <actor name="D0N45">
            <wcet number="0">260</wcet>
            <wcet number="1">400</wcet>
            <maxpow number="0.47507578084142166"/>
            <maxpow number="0.47507578084142166"/>
            <fprob>0.0</fprob>
        </actor>
        <actor name="D0N39">
            <wcet number="0">40</wcet>
            <wcet number="1">50</wcet>
            <maxpow number="0.575538830824016"/>
            <maxpow number="0.575538830824016"/>
            <fprob>0.0</fprob>
        </actor>
        <actor name="D0N25">
            <wcet number="0">50</wcet>
            <wcet number="1">80</wcet>
            <maxpow number="0.19058065293398985"/>
            <maxpow number="0.19058065293398985"/>
            <fprob>0.0</fprob>
        </actor>
        <actor name="D0N8">
            <wcet number="0">30</wcet>
            <wcet number="1">110</wcet>
            <maxpow number="0.6818076435546131"/>
            <maxpow number="0.6818076435546131"/>
            <fprob>0.0</fprob>
        </actor>
        <actor name="D0N40">
            <wcet number="0">70</wcet>
            <wcet number="1">100</wcet>
            <maxpow number="0.919862117662978"/>
            <maxpow number="0.919862117662978"/>
            <fprob>0.0</fprob>
        </actor>
        <actor name="D0N11">
            <wcet number="0">140</wcet>
            <wcet number="1">220</wcet>
            <maxpow number="0.4573343855489163"/>
            <maxpow number="0.4573343855489163"/>
            <fprob>0.0</fprob>
        </actor>
        <actor name="D0N16">
            <wcet number="0">70</wcet>
            <wcet number="1">70</wcet>
            <maxpow number="0.7745086532296415"/>
            <maxpow number="0.7745086532296415"/>
            <fprob>0.0</fprob>
        </actor>
        <actor name="D0N6">
            <wcet number="0">90</wcet>
            <wcet number="1">90</wcet>
            <maxpow number="0.4118183101002041"/>
            <maxpow number="0.4118183101002041"/>
            <fprob>0.0</fprob>
        </actor>
        <actor name="D0N21">
            <wcet number="0">20</wcet>
            <wcet number="1">60</wcet>
            <maxpow number="0.6897937688343667"/>
            <maxpow number="0.6897937688343667"/>
            <fprob>0.0</fprob>
        </actor>
        <actor name="D0N12">
            <wcet number="0">10</wcet>
            <wcet number="1">10</wcet>
            <maxpow number="0.7602084224653529"/>
            <maxpow number="0.7602084224653529"/>
            <fprob>0.0</fprob>
        </actor>
        <actor name="D0N18">
            <wcet number="0">20</wcet>
            <wcet number="1">260</wcet>
            <maxpow number="0.6426611898635486"/>
            <maxpow number="0.6426611898635486"/>
            <fprob>0.0</fprob>
        </actor>
        <actor name="D0N20">
            <wcet number="0">30</wcet>
            <wcet number="1">200</wcet>
            <maxpow number="0.8490455511405678"/>
            <maxpow number="0.8490455511405678"/>
            <fprob>0.0</fprob>
        </actor>
        <actor name="D0N5">
            <wcet number="0">200</wcet>
            <wcet number="1">210</wcet>
            <maxpow number="0.49290100974088424"/>
            <maxpow number="0.49290100974088424"/>
            <fprob>0.0</fprob>
        </actor>
        <actor name="D0N10">
            <wcet number="0">80</wcet>
            <wcet number="1">100</wcet>
            <maxpow number="0.6171798958823175"/>
            <maxpow number="0.6171798958823175"/>
            <fprob>0.0</fprob>
        </actor>
        <actor name="D0N27">
            <wcet number="0">70</wcet>
            <wcet number="1">90</wcet>
            <maxpow number="0.6370801293683857"/>
            <maxpow number="0.6370801293683857"/>
            <fprob>0.0</fprob>
        </actor>
        <actor name="D0N14">
            <wcet number="0">30</wcet>
            <wcet number="1">130</wcet>
            <maxpow number="0.4917061544649541"/>
            <maxpow number="0.4917061544649541"/>
            <fprob>0.0</fprob>
        </actor>
        <actor name="D0N31">
            <wcet number="0">100</wcet>
            <wcet number="1">100</wcet>
            <maxpow number="0.5269185276902679"/>
            <maxpow number="0.5269185276902679"/>
            <fprob>0.0</fprob>
        </actor>
        <actor name="D0N7">
            <wcet number="0">90</wcet>
            <wcet number="1">200</wcet>
            <maxpow number="0.9004021542275611"/>
            <maxpow number="0.9004021542275611"/>
            <fprob>0.0</fprob>
        </actor>
        <actor name="D0N15">
            <wcet number="0">10</wcet>
            <wcet number="1">60</wcet>
            <maxpow number="0.535431823078323"/>
            <maxpow number="0.535431823078323"/>
            <fprob>0.0</fprob>
        </actor>
        <actor name="D0N24">
            <wcet number="0">10</wcet>
            <wcet number="1">30</wcet>
            <maxpow number="0.9179700857070088"/>
            <maxpow number="0.9179700857070088"/>
            <fprob>0.0</fprob>
        </actor>
        <actor name="D0N2">
            <wcet number="0">120</wcet>
            <wcet number="1">170</wcet>
            <maxpow number="0.5784115509907248"/>
            <maxpow number="0.5784115509907248"/>
            <fprob>0.0</fprob>
        </actor>
        <actor name="D0N35">
            <wcet number="0">10</wcet>
            <wcet number="1">50</wcet>
            <maxpow number="0.5017017946410873"/>
            <maxpow number="0.5017017946410873"/>
            <fprob>0.0</fprob>
        </actor>
        <actor name="D0N13">
            <wcet number="0">50</wcet>
            <wcet number="1">70</wcet>
            <maxpow number="0.5613383397535812"/>
            <maxpow number="0.5613383397535812"/>
            <fprob>0.0</fprob>
        </actor>
        <actor name="D0N26">
            <wcet number="0">10</wcet>
            <wcet number="1">10</wcet>
            <maxpow number="0.5692546807991714"/>
            <maxpow number="0.5692546807991714"/>
            <fprob>0.0</fprob>
        </actor>
        <actor name="D0N19">
            <wcet number="0">120</wcet>
            <wcet number="1">430</wcet>
            <maxpow number="0.624666862576934"/>
            <maxpow number="0.624666862576934"/>
            <fprob>0.0</fprob>
        </actor>
        <actor name="D0N37">
            <wcet number="0">30</wcet>
            <wcet number="1">30</wcet>
            <maxpow number="0.6304291951499444"/>
            <maxpow number="0.6304291951499444"/>
            <fprob>0.0</fprob>
        </actor>
        <actor name="D0N43">
            <wcet number="0">30</wcet>
            <wcet number="1">40</wcet>
            <maxpow number="0.43684206647767454"/>
            <maxpow number="0.43684206647767454"/>
            <fprob>0.0</fprob>
        </actor>
        <actor name="D0N41">
            <wcet number="0">130</wcet>
            <wcet number="1">230</wcet>
            <maxpow number="0.3811413713158368"/>
            <maxpow number="0.3811413713158368"/>
            <fprob>0.0</fprob>
        </actor>
        <actor name="D0N42">
            <wcet number="0">10</wcet>
            <wcet number="1">20</wcet>
            <maxpow number="0.6081867003253516"/>
            <maxpow number="0.6081867003253516"/>
            <fprob>0.0</fprob>
        </actor>
        <actor name="D0N36">
            <wcet number="0">10</wcet>
            <wcet number="1">30</wcet>
            <maxpow number="0.7134110113230446"/>
            <maxpow number="0.7134110113230446"/>
            <fprob>0.0</fprob>
        </actor>
        <actor name="D0N44">
            <wcet number="0">10</wcet>
            <wcet number="1">10</wcet>
            <maxpow number="0.5831786705997463"/>
            <maxpow number="0.5831786705997463"/>
            <fprob>0.0</fprob>
        </actor>
        <actor name="D0N32">
            <wcet number="0">150</wcet>
            <wcet number="1">190</wcet>
            <maxpow number="0.8565521550228961"/>
            <maxpow number="0.8565521550228961"/>
            <fprob>0.0</fprob>
        </actor>
        <actor name="D0N23">
            <wcet number="0">30</wcet>
            <wcet number="1">70</wcet>
            <maxpow number="0.4296904344492384"/>
            <maxpow number="0.4296904344492384"/>
            <fprob>0.0</fprob>
        </actor>
        <actor name="D0N30">
            <wcet number="0">10</wcet>
            <wcet number="1">110</wcet>
            <maxpow number="0.7148498643487631"/>
            <maxpow number="0.7148498643487631"/>
            <fprob>0.0</fprob>
        </actor>
        <actor name="D0N9">
            <wcet number="0">10</wcet>
            <wcet number="1">40</wcet>
            <maxpow number="0.7418342390353201"/>
            <maxpow number="0.7418342390353201"/>
            <fprob>0.0</fprob>
        </actor>
        <actor name="D0N3">
            <wcet number="0">100</wcet>
            <wcet number="1">190</wcet>
            <maxpow number="0.3853801153190301"/>
            <maxpow number="0.3853801153190301"/>
            <fprob>0.0</fprob>
        </actor>
        <actor name="D0N28">
            <wcet number="0">110</wcet>
            <wcet number="1">200</wcet>
            <maxpow number="0.22404658497260654"/>
            <maxpow number="0.22404658497260654"/>
            <fprob>0.0</fprob>
        </actor>
        <actor name="D0N33">
            <wcet number="0">60</wcet>
            <wcet number="1">60</wcet>
            <maxpow number="0.5296624826977658"/>
            <maxpow number="0.5296624826977658"/>
            <fprob>0.0</fprob>
        </actor>
        <actor name="D0N22">
            <wcet number="0">10</wcet>
            <wcet number="1">20</wcet>
            <maxpow number="0.6822211300482148"/>
            <maxpow number="0.6822211300482148"/>
            <fprob>0.0</fprob>
        </actor>
        <actor name="D0N0">
            <wcet number="0">410</wcet>
            <wcet number="1">670</wcet>
            <maxpow number="0.5612018846146402"/>
            <maxpow number="0.5612018846146402"/>
            <fprob>0.0</fprob>
        </actor>
        <actor name="D0N4">
            <wcet number="0">130</wcet>
            <wcet number="1">130</wcet>
            <maxpow number="0.557680690872005"/>
            <maxpow number="0.557680690872005"/>
            <fprob>0.0</fprob>
        </actor>
        <actor name="D0N17">
            <wcet number="0">10</wcet>
            <wcet number="1">20</wcet>
            <maxpow number="0.3878590056474016"/>
            <maxpow number="0.3878590056474016"/>
            <fprob>0.0</fprob>
        </actor>
        <actor name="D0N29">
            <wcet number="0">10</wcet>
            <wcet number="1">40</wcet>
            <maxpow number="0.35305274567322614"/>
            <maxpow number="0.35305274567322614"/>
            <fprob>0.0</fprob>
        </actor>
        <ports>
            <port dstActor="D0N46" name="p0" srcActor="D0N38"/>
            <port dstActor="D0N40" name="p1" srcActor="D0N38"/>
            <port dstActor="D0N31" name="p2" srcActor="D0N1"/>
            <port dstActor="D0N2" name="p3" srcActor="D0N1"/>
            <port dstActor="D0N40" name="p4" srcActor="D0N1"/>
            <port dstActor="D0N5" name="p5" srcActor="D0N1"/>
            <port dstActor="D0N6" name="p6" srcActor="D0N1"/>
            <port dstActor="D0N38" name="p7" srcActor="D0N34"/>
            <port dstActor="D0N35" name="p8" srcActor="D0N34"/>
            <port dstActor="D0N32" name="p9" srcActor="D0N25"/>
            <port dstActor="D0N31" name="p10" srcActor="D0N25"/>
            <port dstActor="D0N37" name="p11" srcActor="D0N25"/>
            <port dstActor="D0N34" name="p12" srcActor="D0N8"/>
            <port dstActor="D0N20" name="p13" srcActor="D0N8"/>
            <port dstActor="D0N44" name="p14" srcActor="D0N8"/>
            <port dstActor="D0N34" name="p15" srcActor="D0N16"/>
            <port dstActor="D0N46" name="p16" srcActor="D0N16"/>
            <port dstActor="D0N29" name="p17" srcActor="D0N16"/>
            <port dstActor="D0N35" name="p18" srcActor="D0N16"/>
            <port dstActor="D0N27" name="p19" srcActor="D0N6"/>
            <port dstActor="D0N9" name="p20" srcActor="D0N6"/>
            <port dstActor="D0N30" name="p21" srcActor="D0N6"/>
            <port dstActor="D0N35" name="p22" srcActor="D0N6"/>
            <port dstActor="D0N44" name="p23" srcActor="D0N6"/>
            <port dstActor="D0N45" name="p24" srcActor="D0N6"/>
            <port dstActor="D0N38" name="p25" srcActor="D0N21"/>
            <port dstActor="D0N21" name="p26" srcActor="D0N12"/>
            <port dstActor="D0N16" name="p27" srcActor="D0N12"/>
            <port dstActor="D0N39" name="p28" srcActor="D0N12"/>
            <port dstActor="D0N43" name="p29" srcActor="D0N12"/>
            <port dstActor="D0N32" name="p30" srcActor="D0N12"/>
            <port dstActor="D0N33" name="p31" srcActor="D0N18"/>
            <port dstActor="D0N44" name="p32" srcActor="D0N20"/>
            <port dstActor="D0N32" name="p33" srcActor="D0N20"/>
            <port dstActor="D0N30" name="p34" srcActor="D0N20"/>
            <port dstActor="D0N9" name="p35" srcActor="D0N5"/>
            <port dstActor="D0N26" name="p36" srcActor="D0N5"/>
            <port dstActor="D0N46" name="p37" srcActor="D0N5"/>
            <port dstActor="D0N20" name="p38" srcActor="D0N5"/>
            <port dstActor="D0N44" name="p39" srcActor="D0N10"/>
            <port dstActor="D0N19" name="p40" srcActor="D0N10"/>
            <port dstActor="D0N28" name="p41" srcActor="D0N27"/>
            <port dstActor="D0N28" name="p42" srcActor="D0N14"/>
            <port dstActor="D0N45" name="p43" srcActor="D0N14"/>
            <port dstActor="D0N39" name="p44" srcActor="D0N14"/>
            <port dstActor="D0N35" name="p45" srcActor="D0N14"/>
            <port dstActor="D0N21" name="p46" srcActor="D0N14"/>
            <port dstActor="D0N24" name="p47" srcActor="D0N14"/>
            <port dstActor="D0N37" name="p48" srcActor="D0N14"/>
            <port dstActor="D0N33" name="p49" srcActor="D0N14"/>
            <port dstActor="D0N41" name="p50" srcActor="D0N31"/>
            <port dstActor="D0N40" name="p51" srcActor="D0N31"/>
            <port dstActor="D0N18" name="p52" srcActor="D0N7"/>
            <port dstActor="D0N19" name="p53" srcActor="D0N7"/>
            <port dstActor="D0N34" name="p54" srcActor="D0N15"/>
            <port dstActor="D0N26" name="p55" srcActor="D0N15"/>
            <port dstActor="D0N27" name="p56" srcActor="D0N15"/>
            <port dstActor="D0N26" name="p57" srcActor="D0N24"/>
            <port dstActor="D0N18" name="p58" srcActor="D0N2"/>
            <port dstActor="D0N24" name="p59" srcActor="D0N2"/>
            <port dstActor="D0N41" name="p60" srcActor="D0N35"/>
            <port dstActor="D0N29" name="p61" srcActor="D0N13"/>
            <port dstActor="D0N38" name="p62" srcActor="D0N13"/>
            <port dstActor="D0N22" name="p63" srcActor="D0N13"/>
            <port dstActor="D0N44" name="p64" srcActor="D0N13"/>
            <port dstActor="D0N40" name="p65" srcActor="D0N26"/>
            <port dstActor="D0N35" name="p66" srcActor="D0N26"/>
            <port dstActor="D0N46" name="p67" srcActor="D0N26"/>
            <port dstActor="D0N26" name="p68" srcActor="D0N19"/>
            <port dstActor="D0N28" name="p69" srcActor="D0N19"/>
            <port dstActor="D0N23" name="p70" srcActor="D0N19"/>
            <port dstActor="D0N39" name="p71" srcActor="D0N19"/>
            <port dstActor="D0N40" name="p72" srcActor="D0N37"/>
            <port dstActor="D0N24" name="p73" srcActor="D0N23"/>
            <port dstActor="D0N45" name="p74" srcActor="D0N30"/>
            <port dstActor="D0N39" name="p75" srcActor="D0N9"/>
            <port dstActor="D0N18" name="p76" srcActor="D0N9"/>
            <port dstActor="D0N38" name="p77" srcActor="D0N3"/>
            <port dstActor="D0N30" name="p78" srcActor="D0N3"/>
            <port dstActor="D0N28" name="p79" srcActor="D0N3"/>
            <port dstActor="D0N35" name="p80" srcActor="D0N28"/>
            <port dstActor="D0N34" name="p81" srcActor="D0N28"/>
            <port dstActor="D0N44" name="p82" srcActor="D0N28"/>
            <port dstActor="D0N29" name="p83" srcActor="D0N28"/>
            <port dstActor="D0N40" name="p84" srcActor="D0N33"/>
            <port dstActor="D0N38" name="p85" srcActor="D0N22"/>
            <port dstActor="D0N20" name="p86" srcActor="D0N0"/>
            <port dstActor="D0N42" name="p87" srcActor="D0N0"/>
            <port dstActor="D0N26" name="p88" srcActor="D0N0"/>
            <port dstActor="D0N22" name="p89" srcActor="D0N0"/>
            <port dstActor="D0N33" name="p90" srcActor="D0N0"/>
            <port dstActor="D0N8" name="p91" srcActor="D0N0"/>
            <port dstActor="D0N19" name="p92" srcActor="D0N4"/>
            <port dstActor="D0N12" name="p93" srcActor="D0N4"/>
            <port dstActor="D0N27" name="p94" srcActor="D0N4"/>
            <port dstActor="D0N36" name="p95" srcActor="D0N4"/>
            <port dstActor="D0N27" name="p96" srcActor="D0N17"/>
            <port dstActor="D0N32" name="p97" srcActor="D0N29"/>
            <port dstActor="D0N45" name="p98" srcActor="D0N29"/>
        </ports>
    </mcdag>
    <cores number="3"/>
    <levels number="2"/>
</mcsystem>
