<?xml version="1.0" encoding="UTF-8" standalone="no"?>
<mcsystem>
    <mcdag deadline="1200" name="genned-0-ed-10.0-0">
        <actor name="D0N25">
            <wcet number="0">30</wcet>
            <wcet number="1">150</wcet>
            <maxpow number="0.2940593618335832"/>
            <maxpow number="0.2940593618335832"/>
            <fprob>0.0</fprob>
        </actor>
        <actor name="D0N31">
            <wcet number="0">20</wcet>
            <wcet number="1">20</wcet>
            <maxpow number="0.6262071185677546"/>
            <maxpow number="0.6262071185677546"/>
            <fprob>0.0</fprob>
        </actor>
        <actor name="D0N10">
            <wcet number="0">50</wcet>
            <wcet number="1">100</wcet>
            <maxpow number="0.5530151427520217"/>
            <maxpow number="0.5530151427520217"/>
            <fprob>0.0</fprob>
        </actor>
        <actor name="D0N40">
            <wcet number="0">10</wcet>
            <wcet number="1">20</wcet>
            <maxpow number="0.5708508992893251"/>
            <maxpow number="0.5708508992893251"/>
            <fprob>0.0</fprob>
        </actor>
        <actor name="D0N15">
            <wcet number="0">20</wcet>
            <wcet number="1">80</wcet>
            <maxpow number="0.5067812192912353"/>
            <maxpow number="0.5067812192912353"/>
            <fprob>0.0</fprob>
        </actor>
        <actor name="D0N7">
            <wcet number="0">20</wcet>
            <wcet number="1">20</wcet>
            <maxpow number="0.1883804750713437"/>
            <maxpow number="0.1883804750713437"/>
            <fprob>0.0</fprob>
        </actor>
        <actor name="D0N38">
            <wcet number="0">20</wcet>
            <wcet number="1">20</wcet>
            <maxpow number="0.5700699245289065"/>
            <maxpow number="0.5700699245289065"/>
            <fprob>0.0</fprob>
        </actor>
        <actor name="D0N26">
            <wcet number="0">10</wcet>
            <wcet number="1">10</wcet>
            <maxpow number="0.49331267967279924"/>
            <maxpow number="0.49331267967279924"/>
            <fprob>0.0</fprob>
        </actor>
        <actor name="D0N33">
            <wcet number="0">40</wcet>
            <wcet number="1">90</wcet>
            <maxpow number="0.5897666388441167"/>
            <maxpow number="0.5897666388441167"/>
            <fprob>0.0</fprob>
        </actor>
        <actor name="D0N5">
            <wcet number="0">40</wcet>
            <wcet number="1">80</wcet>
            <maxpow number="0.4233263706038486"/>
            <maxpow number="0.4233263706038486"/>
            <fprob>0.0</fprob>
        </actor>
        <actor name="D0N44">
            <wcet number="0">20</wcet>
            <wcet number="1">80</wcet>
            <maxpow number="0.6244172197909132"/>
            <maxpow number="0.6244172197909132"/>
            <fprob>0.0</fprob>
        </actor>
        <actor name="D0N39">
            <wcet number="0">30</wcet>
            <wcet number="1">30</wcet>
            <maxpow number="0.25007154328866416"/>
            <maxpow number="0.25007154328866416"/>
            <fprob>0.0</fprob>
        </actor>
        <actor name="D0N0">
            <wcet number="0">20</wcet>
            <wcet number="1">40</wcet>
            <maxpow number="0.7340604386700458"/>
            <maxpow number="0.7340604386700458"/>
            <fprob>0.0</fprob>
        </actor>
        <actor name="D0N12">
            <wcet number="0">10</wcet>
            <wcet number="1">20</wcet>
            <maxpow number="0.5102871443563965"/>
            <maxpow number="0.5102871443563965"/>
            <fprob>0.0</fprob>
        </actor>
        <actor name="D0N8">
            <wcet number="0">80</wcet>
            <wcet number="1">160</wcet>
            <maxpow number="0.6774333190742053"/>
            <maxpow number="0.6774333190742053"/>
            <fprob>0.0</fprob>
        </actor>
        <actor name="D0N28">
            <wcet number="0">20</wcet>
            <wcet number="1">20</wcet>
            <maxpow number="0.5234600115111915"/>
            <maxpow number="0.5234600115111915"/>
            <fprob>0.0</fprob>
        </actor>
        <actor name="D0N2">
            <wcet number="0">20</wcet>
            <wcet number="1">30</wcet>
            <maxpow number="0.40966240488031835"/>
            <maxpow number="0.40966240488031835"/>
            <fprob>0.0</fprob>
        </actor>
        <actor name="D0N17">
            <wcet number="0">20</wcet>
            <wcet number="1">40</wcet>
            <maxpow number="0.5439372996081198"/>
            <maxpow number="0.5439372996081198"/>
            <fprob>0.0</fprob>
        </actor>
        <actor name="D0N3">
            <wcet number="0">30</wcet>
            <wcet number="1">50</wcet>
            <maxpow number="0.5376044225435644"/>
            <maxpow number="0.5376044225435644"/>
            <fprob>0.0</fprob>
        </actor>
        <actor name="D0N14">
            <wcet number="0">20</wcet>
            <wcet number="1">30</wcet>
            <maxpow number="0.521166601383015"/>
            <maxpow number="0.521166601383015"/>
            <fprob>0.0</fprob>
        </actor>
        <actor name="D0N4">
            <wcet number="0">30</wcet>
            <wcet number="1">90</wcet>
            <maxpow number="0.5741127496620416"/>
            <maxpow number="0.5741127496620416"/>
            <fprob>0.0</fprob>
        </actor>
        <actor name="D0N34">
            <wcet number="0">20</wcet>
            <wcet number="1">20</wcet>
            <maxpow number="0.5122437128236764"/>
            <maxpow number="0.5122437128236764"/>
            <fprob>0.0</fprob>
        </actor>
        <actor name="D0N18">
            <wcet number="0">20</wcet>
            <wcet number="1">30</wcet>
            <maxpow number="0.5577679764097131"/>
            <maxpow number="0.5577679764097131"/>
            <fprob>0.0</fprob>
        </actor>
        <actor name="D0N21">
            <wcet number="0">60</wcet>
            <wcet number="1">80</wcet>
            <maxpow number="0.2590039633370472"/>
            <maxpow number="0.2590039633370472"/>
            <fprob>0.0</fprob>
        </actor>
        <actor name="D0N1">
            <wcet number="0">80</wcet>
            <wcet number="1">180</wcet>
            <maxpow number="0.6842739703880821"/>
            <maxpow number="0.6842739703880821"/>
            <fprob>0.0</fprob>
        </actor>
        <actor name="D0N37">
            <wcet number="0">50</wcet>
            <wcet number="1">140</wcet>
            <maxpow number="0.5494724254169768"/>
            <maxpow number="0.5494724254169768"/>
            <fprob>0.0</fprob>
        </actor>
        <actor name="D0N27">
            <wcet number="0">10</wcet>
            <wcet number="1">10</wcet>
            <maxpow number="0.17414021886538256"/>
            <maxpow number="0.17414021886538256"/>
            <fprob>0.0</fprob>
        </actor>
        <actor name="D0N13">
            <wcet number="0">10</wcet>
            <wcet number="1">10</wcet>
            <maxpow number="0.8190602957423871"/>
            <maxpow number="0.8190602957423871"/>
            <fprob>0.0</fprob>
        </actor>
        <actor name="D0N29">
            <wcet number="0">40</wcet>
            <wcet number="1">70</wcet>
            <maxpow number="0.7361749093921888"/>
            <maxpow number="0.7361749093921888"/>
            <fprob>0.0</fprob>
        </actor>
        <actor name="D0N16">
            <wcet number="0">10</wcet>
            <wcet number="1">60</wcet>
            <maxpow number="0.6562855959398808"/>
            <maxpow number="0.6562855959398808"/>
            <fprob>0.0</fprob>
        </actor>
        <actor name="D0N24">
            <wcet number="0">100</wcet>
            <wcet number="1">140</wcet>
            <maxpow number="0.4847336417547233"/>
            <maxpow number="0.4847336417547233"/>
            <fprob>0.0</fprob>
        </actor>
        <actor name="D0N9">
            <wcet number="0">10</wcet>
            <wcet number="1">10</wcet>
            <maxpow number="0.5188521977867185"/>
            <maxpow number="0.5188521977867185"/>
            <fprob>0.0</fprob>
        </actor>
        <actor name="D0N30">
            <wcet number="0">10</wcet>
            <wcet number="1">20</wcet>
            <maxpow number="0.5748631759637051"/>
            <maxpow number="0.5748631759637051"/>
            <fprob>0.0</fprob>
        </actor>
        <actor name="D0N41">
            <wcet number="0">10</wcet>
            <wcet number="1">20</wcet>
            <maxpow number="0.5306090732679566"/>
            <maxpow number="0.5306090732679566"/>
            <fprob>0.0</fprob>
        </actor>
        <actor name="D0N42">
            <wcet number="0">280</wcet>
            <wcet number="1">360</wcet>
            <maxpow number="0.5355557076290566"/>
            <maxpow number="0.5355557076290566"/>
            <fprob>0.0</fprob>
        </actor>
        <actor name="D0N23">
            <wcet number="0">10</wcet>
            <wcet number="1">20</wcet>
            <maxpow number="0.5793114162888228"/>
            <maxpow number="0.5793114162888228"/>
            <fprob>0.0</fprob>
        </actor>
        <actor name="D0N45">
            <wcet number="0">20</wcet>
            <wcet number="1">30</wcet>
            <maxpow number="0.7359710441909524"/>
            <maxpow number="0.7359710441909524"/>
            <fprob>0.0</fprob>
        </actor>
        <actor name="D0N20">
            <wcet number="0">160</wcet>
            <wcet number="1">160</wcet>
            <maxpow number="0.5179286801093239"/>
            <maxpow number="0.5179286801093239"/>
            <fprob>0.0</fprob>
        </actor>
        <actor name="D0N36">
            <wcet number="0">50</wcet>
            <wcet number="1">50</wcet>
            <maxpow number="0.5367191219720715"/>
            <maxpow number="0.5367191219720715"/>
            <fprob>0.0</fprob>
        </actor>
        <actor name="D0N35">
            <wcet number="0">10</wcet>
            <wcet number="1">10</wcet>
            <maxpow number="0.37658648240611003"/>
            <maxpow number="0.37658648240611003"/>
            <fprob>0.0</fprob>
        </actor>
        <actor name="D0N19">
            <wcet number="0">30</wcet>
            <wcet number="1">40</wcet>
            <maxpow number="0.49248042564043576"/>
            <maxpow number="0.49248042564043576"/>
            <fprob>0.0</fprob>
        </actor>
        <actor name="D0N11">
            <wcet number="0">10</wcet>
            <wcet number="1">50</wcet>
            <maxpow number="0.686863902991533"/>
            <maxpow number="0.686863902991533"/>
            <fprob>0.0</fprob>
        </actor>
        <actor name="D0N32">
            <wcet number="0">50</wcet>
            <wcet number="1">60</wcet>
            <maxpow number="0.4396036612470281"/>
            <maxpow number="0.4396036612470281"/>
            <fprob>0.0</fprob>
        </actor>
        <actor name="D0N22">
            <wcet number="0">40</wcet>
            <wcet number="1">120</wcet>
            <maxpow number="0.7763266623344449"/>
            <maxpow number="0.7763266623344449"/>
            <fprob>0.0</fprob>
        </actor>
        <actor name="D0N6">
            <wcet number="0">30</wcet>
            <wcet number="1">30</wcet>
            <maxpow number="0.27135057237203736"/>
            <maxpow number="0.27135057237203736"/>
            <fprob>0.0</fprob>
        </actor>
        <actor name="D0N43">
            <wcet number="0">70</wcet>
            <wcet number="1">80</wcet>
            <maxpow number="0.19941650375837183"/>
            <maxpow number="0.19941650375837183"/>
            <fprob>0.0</fprob>
        </actor>
        <actor name="D0N46">
            <wcet number="0">20</wcet>
            <wcet number="1">20</wcet>
            <maxpow number="0.4151483322316929"/>
            <maxpow number="0.4151483322316929"/>
            <fprob>0.0</fprob>
        </actor>
        <ports>
            <port dstActor="D0N39" name="p0" srcActor="D0N25"/>
            <port dstActor="D0N38" name="p1" srcActor="D0N25"/>
            <port dstActor="D0N37" name="p2" srcActor="D0N25"/>
            <port dstActor="D0N43" name="p3" srcActor="D0N25"/>
            <port dstActor="D0N24" name="p4" srcActor="D0N10"/>
            <port dstActor="D0N27" name="p5" srcActor="D0N10"/>
            <port dstActor="D0N46" name="p6" srcActor="D0N40"/>
            <port dstActor="D0N34" name="p7" srcActor="D0N7"/>
            <port dstActor="D0N43" name="p8" srcActor="D0N7"/>
            <port dstActor="D0N35" name="p9" srcActor="D0N7"/>
            <port dstActor="D0N39" name="p10" srcActor="D0N7"/>
            <port dstActor="D0N44" name="p11" srcActor="D0N7"/>
            <port dstActor="D0N42" name="p12" srcActor="D0N38"/>
            <port dstActor="D0N30" name="p13" srcActor="D0N26"/>
            <port dstActor="D0N40" name="p14" srcActor="D0N26"/>
            <port dstActor="D0N41" name="p15" srcActor="D0N26"/>
            <port dstActor="D0N29" name="p16" srcActor="D0N26"/>
            <port dstActor="D0N45" name="p17" srcActor="D0N26"/>
            <port dstActor="D0N27" name="p18" srcActor="D0N26"/>
            <port dstActor="D0N40" name="p19" srcActor="D0N33"/>
            <port dstActor="D0N36" name="p20" srcActor="D0N5"/>
            <port dstActor="D0N37" name="p21" srcActor="D0N5"/>
            <port dstActor="D0N9" name="p22" srcActor="D0N5"/>
            <port dstActor="D0N14" name="p23" srcActor="D0N5"/>
            <port dstActor="D0N46" name="p24" srcActor="D0N0"/>
            <port dstActor="D0N17" name="p25" srcActor="D0N0"/>
            <port dstActor="D0N45" name="p26" srcActor="D0N0"/>
            <port dstActor="D0N25" name="p27" srcActor="D0N0"/>
            <port dstActor="D0N7" name="p28" srcActor="D0N0"/>
            <port dstActor="D0N30" name="p29" srcActor="D0N0"/>
            <port dstActor="D0N42" name="p30" srcActor="D0N12"/>
            <port dstActor="D0N19" name="p31" srcActor="D0N12"/>
            <port dstActor="D0N13" name="p32" srcActor="D0N12"/>
            <port dstActor="D0N44" name="p33" srcActor="D0N12"/>
            <port dstActor="D0N12" name="p34" srcActor="D0N8"/>
            <port dstActor="D0N46" name="p35" srcActor="D0N8"/>
            <port dstActor="D0N25" name="p36" srcActor="D0N8"/>
            <port dstActor="D0N35" name="p37" srcActor="D0N8"/>
            <port dstActor="D0N30" name="p38" srcActor="D0N8"/>
            <port dstActor="D0N31" name="p39" srcActor="D0N28"/>
            <port dstActor="D0N18" name="p40" srcActor="D0N2"/>
            <port dstActor="D0N14" name="p41" srcActor="D0N2"/>
            <port dstActor="D0N20" name="p42" srcActor="D0N2"/>
            <port dstActor="D0N20" name="p43" srcActor="D0N17"/>
            <port dstActor="D0N28" name="p44" srcActor="D0N3"/>
            <port dstActor="D0N12" name="p45" srcActor="D0N3"/>
            <port dstActor="D0N42" name="p46" srcActor="D0N3"/>
            <port dstActor="D0N25" name="p47" srcActor="D0N3"/>
            <port dstActor="D0N5" name="p48" srcActor="D0N3"/>
            <port dstActor="D0N15" name="p49" srcActor="D0N3"/>
            <port dstActor="D0N37" name="p50" srcActor="D0N3"/>
            <port dstActor="D0N40" name="p51" srcActor="D0N14"/>
            <port dstActor="D0N35" name="p52" srcActor="D0N14"/>
            <port dstActor="D0N36" name="p53" srcActor="D0N14"/>
            <port dstActor="D0N28" name="p54" srcActor="D0N14"/>
            <port dstActor="D0N12" name="p55" srcActor="D0N4"/>
            <port dstActor="D0N5" name="p56" srcActor="D0N4"/>
            <port dstActor="D0N24" name="p57" srcActor="D0N4"/>
            <port dstActor="D0N28" name="p58" srcActor="D0N4"/>
            <port dstActor="D0N35" name="p59" srcActor="D0N34"/>
            <port dstActor="D0N46" name="p60" srcActor="D0N1"/>
            <port dstActor="D0N40" name="p61" srcActor="D0N1"/>
            <port dstActor="D0N8" name="p62" srcActor="D0N1"/>
            <port dstActor="D0N38" name="p63" srcActor="D0N37"/>
            <port dstActor="D0N39" name="p64" srcActor="D0N37"/>
            <port dstActor="D0N46" name="p65" srcActor="D0N37"/>
            <port dstActor="D0N42" name="p66" srcActor="D0N37"/>
            <port dstActor="D0N40" name="p67" srcActor="D0N27"/>
            <port dstActor="D0N31" name="p68" srcActor="D0N27"/>
            <port dstActor="D0N46" name="p69" srcActor="D0N13"/>
            <port dstActor="D0N15" name="p70" srcActor="D0N13"/>
            <port dstActor="D0N31" name="p71" srcActor="D0N29"/>
            <port dstActor="D0N42" name="p72" srcActor="D0N29"/>
            <port dstActor="D0N30" name="p73" srcActor="D0N29"/>
            <port dstActor="D0N22" name="p74" srcActor="D0N16"/>
            <port dstActor="D0N32" name="p75" srcActor="D0N16"/>
            <port dstActor="D0N33" name="p76" srcActor="D0N24"/>
            <port dstActor="D0N17" name="p77" srcActor="D0N9"/>
            <port dstActor="D0N37" name="p78" srcActor="D0N9"/>
            <port dstActor="D0N37" name="p79" srcActor="D0N30"/>
            <port dstActor="D0N41" name="p80" srcActor="D0N30"/>
            <port dstActor="D0N32" name="p81" srcActor="D0N30"/>
            <port dstActor="D0N42" name="p82" srcActor="D0N41"/>
            <port dstActor="D0N41" name="p83" srcActor="D0N23"/>
            <port dstActor="D0N29" name="p84" srcActor="D0N23"/>
            <port dstActor="D0N33" name="p85" srcActor="D0N20"/>
            <port dstActor="D0N38" name="p86" srcActor="D0N36"/>
            <port dstActor="D0N44" name="p87" srcActor="D0N36"/>
            <port dstActor="D0N46" name="p88" srcActor="D0N36"/>
            <port dstActor="D0N40" name="p89" srcActor="D0N35"/>
            <port dstActor="D0N46" name="p90" srcActor="D0N35"/>
            <port dstActor="D0N44" name="p91" srcActor="D0N19"/>
            <port dstActor="D0N40" name="p92" srcActor="D0N19"/>
            <port dstActor="D0N46" name="p93" srcActor="D0N11"/>
            <port dstActor="D0N36" name="p94" srcActor="D0N11"/>
            <port dstActor="D0N42" name="p95" srcActor="D0N32"/>
            <port dstActor="D0N24" name="p96" srcActor="D0N22"/>
            <port dstActor="D0N27" name="p97" srcActor="D0N22"/>
            <port dstActor="D0N42" name="p98" srcActor="D0N22"/>
            <port dstActor="D0N9" name="p99" srcActor="D0N6"/>
            <port dstActor="D0N28" name="p100" srcActor="D0N6"/>
            <port dstActor="D0N35" name="p101" srcActor="D0N6"/>
            <port dstActor="D0N27" name="p102" srcActor="D0N6"/>
            <port dstActor="D0N25" name="p103" srcActor="D0N6"/>
            <port dstActor="D0N15" name="p104" srcActor="D0N6"/>
        </ports>
    </mcdag>
    <cores number="3"/>
    <levels number="2"/>
</mcsystem>
