<?xml version="1.0" encoding="UTF-8" standalone="no"?>
<mcsystem>
    <mcdag deadline="2000" name="genned-0-ed-10.0-0">
        <actor name="D0N11">
            <wcet number="0">10</wcet>
            <wcet number="1">10</wcet>
            <maxpow number="0.6110783547705123"/>
            <maxpow number="0.6110783547705123"/>
            <fprob>0.0</fprob>
        </actor>
        <actor name="D0N9">
            <wcet number="0">170</wcet>
            <wcet number="1">170</wcet>
            <maxpow number="0.4835506163867053"/>
            <maxpow number="0.4835506163867053"/>
            <fprob>0.0</fprob>
        </actor>
        <actor name="D0N29">
            <wcet number="0">150</wcet>
            <wcet number="1">180</wcet>
            <maxpow number="0.4006497954527768"/>
            <maxpow number="0.4006497954527768"/>
            <fprob>0.0</fprob>
        </actor>
        <actor name="D0N25">
            <wcet number="0">20</wcet>
            <wcet number="1">20</wcet>
            <maxpow number="0.5159240425681819"/>
            <maxpow number="0.5159240425681819"/>
            <fprob>0.0</fprob>
        </actor>
        <actor name="D0N13">
            <wcet number="0">80</wcet>
            <wcet number="1">100</wcet>
            <maxpow number="0.4379169262603001"/>
            <maxpow number="0.4379169262603001"/>
            <fprob>0.0</fprob>
        </actor>
        <actor name="D0N1">
            <wcet number="0">20</wcet>
            <wcet number="1">20</wcet>
            <maxpow number="0.5323374961998886"/>
            <maxpow number="0.5323374961998886"/>
            <fprob>0.0</fprob>
        </actor>
        <actor name="D0N17">
            <wcet number="0">10</wcet>
            <wcet number="1">10</wcet>
            <maxpow number="0.4596553070906305"/>
            <maxpow number="0.4596553070906305"/>
            <fprob>0.0</fprob>
        </actor>
        <actor name="D0N35">
            <wcet number="0">20</wcet>
            <wcet number="1">60</wcet>
            <maxpow number="0.8605316603052022"/>
            <maxpow number="0.8605316603052022"/>
            <fprob>0.0</fprob>
        </actor>
        <actor name="D0N45">
            <wcet number="0">10</wcet>
            <wcet number="1">10</wcet>
            <maxpow number="0.5350687986121302"/>
            <maxpow number="0.5350687986121302"/>
            <fprob>0.0</fprob>
        </actor>
        <actor name="D0N47">
            <wcet number="0">70</wcet>
            <wcet number="1">270</wcet>
            <maxpow number="0.4723241533159558"/>
            <maxpow number="0.4723241533159558"/>
            <fprob>0.0</fprob>
        </actor>
        <actor name="D0N24">
            <wcet number="0">20</wcet>
            <wcet number="1">20</wcet>
            <maxpow number="0.3400622019765887"/>
            <maxpow number="0.3400622019765887"/>
            <fprob>0.0</fprob>
        </actor>
        <actor name="D0N36">
            <wcet number="0">140</wcet>
            <wcet number="1">140</wcet>
            <maxpow number="0.5745907411801973"/>
            <maxpow number="0.5745907411801973"/>
            <fprob>0.0</fprob>
        </actor>
        <actor name="D0N43">
            <wcet number="0">40</wcet>
            <wcet number="1">50</wcet>
            <maxpow number="0.5961478102883236"/>
            <maxpow number="0.5961478102883236"/>
            <fprob>0.0</fprob>
        </actor>
        <actor name="D0N32">
            <wcet number="0">10</wcet>
            <wcet number="1">200</wcet>
            <maxpow number="0.53012504356444"/>
            <maxpow number="0.53012504356444"/>
            <fprob>0.0</fprob>
        </actor>
        <actor name="D0N46">
            <wcet number="0">80</wcet>
            <wcet number="1">150</wcet>
            <maxpow number="0.489602112267623"/>
            <maxpow number="0.489602112267623"/>
            <fprob>0.0</fprob>
        </actor>
        <actor name="D0N14">
            <wcet number="0">20</wcet>
            <wcet number="1">30</wcet>
            <maxpow number="0.5958528739917486"/>
            <maxpow number="0.5958528739917486"/>
            <fprob>0.0</fprob>
        </actor>
        <actor name="D0N31">
            <wcet number="0">20</wcet>
            <wcet number="1">30</wcet>
            <maxpow number="0.5450024290923465"/>
            <maxpow number="0.5450024290923465"/>
            <fprob>0.0</fprob>
        </actor>
        <actor name="D0N12">
            <wcet number="0">130</wcet>
            <wcet number="1">210</wcet>
            <maxpow number="0.593300136719704"/>
            <maxpow number="0.593300136719704"/>
            <fprob>0.0</fprob>
        </actor>
        <actor name="D0N0">
            <wcet number="0">10</wcet>
            <wcet number="1">20</wcet>
            <maxpow number="0.7552877210975719"/>
            <maxpow number="0.7552877210975719"/>
            <fprob>0.0</fprob>
        </actor>
        <actor name="D0N19">
            <wcet number="0">10</wcet>
            <wcet number="1">10</wcet>
            <maxpow number="0.4730385937568431"/>
            <maxpow number="0.4730385937568431"/>
            <fprob>0.0</fprob>
        </actor>
        <actor name="D0N4">
            <wcet number="0">30</wcet>
            <wcet number="1">60</wcet>
            <maxpow number="0.5320948066253128"/>
            <maxpow number="0.5320948066253128"/>
            <fprob>0.0</fprob>
        </actor>
        <actor name="D0N18">
            <wcet number="0">30</wcet>
            <wcet number="1">30</wcet>
            <maxpow number="0.5121332063318624"/>
            <maxpow number="0.5121332063318624"/>
            <fprob>0.0</fprob>
        </actor>
        <actor name="D0N26">
            <wcet number="0">270</wcet>
            <wcet number="1">330</wcet>
            <maxpow number="0.4660876527883747"/>
            <maxpow number="0.4660876527883747"/>
            <fprob>0.0</fprob>
        </actor>
        <actor name="D0N33">
            <wcet number="0">10</wcet>
            <wcet number="1">390</wcet>
            <maxpow number="0.44581132349576885"/>
            <maxpow number="0.44581132349576885"/>
            <fprob>0.0</fprob>
        </actor>
        <actor name="D0N40">
            <wcet number="0">50</wcet>
            <wcet number="1">60</wcet>
            <maxpow number="0.6448855037859216"/>
            <maxpow number="0.6448855037859216"/>
            <fprob>0.0</fprob>
        </actor>
        <actor name="D0N34">
            <wcet number="0">140</wcet>
            <wcet number="1">230</wcet>
            <maxpow number="0.5445843279024745"/>
            <maxpow number="0.5445843279024745"/>
            <fprob>0.0</fprob>
        </actor>
        <actor name="D0N39">
            <wcet number="0">100</wcet>
            <wcet number="1">190</wcet>
            <maxpow number="0.43682507836074247"/>
            <maxpow number="0.43682507836074247"/>
            <fprob>0.0</fprob>
        </actor>
        <actor name="D0N37">
            <wcet number="0">20</wcet>
            <wcet number="1">50</wcet>
            <maxpow number="0.3031652462299699"/>
            <maxpow number="0.3031652462299699"/>
            <fprob>0.0</fprob>
        </actor>
        <actor name="D0N23">
            <wcet number="0">120</wcet>
            <wcet number="1">160</wcet>
            <maxpow number="0.4129380525587729"/>
            <maxpow number="0.4129380525587729"/>
            <fprob>0.0</fprob>
        </actor>
        <actor name="D0N3">
            <wcet number="0">80</wcet>
            <wcet number="1">90</wcet>
            <maxpow number="0.4488767397858682"/>
            <maxpow number="0.4488767397858682"/>
            <fprob>0.0</fprob>
        </actor>
        <actor name="D0N15">
            <wcet number="0">70</wcet>
            <wcet number="1">80</wcet>
            <maxpow number="0.30213955994383374"/>
            <maxpow number="0.30213955994383374"/>
            <fprob>0.0</fprob>
        </actor>
        <actor name="D0N41">
            <wcet number="0">50</wcet>
            <wcet number="1">90</wcet>
            <maxpow number="0.6674268016556597"/>
            <maxpow number="0.6674268016556597"/>
            <fprob>0.0</fprob>
        </actor>
        <actor name="D0N42">
            <wcet number="0">230</wcet>
            <wcet number="1">290</wcet>
            <maxpow number="0.7526838968178886"/>
            <maxpow number="0.7526838968178886"/>
            <fprob>0.0</fprob>
        </actor>
        <actor name="D0N30">
            <wcet number="0">10</wcet>
            <wcet number="1">10</wcet>
            <maxpow number="0.7844112151121503"/>
            <maxpow number="0.7844112151121503"/>
            <fprob>0.0</fprob>
        </actor>
        <actor name="D0N10">
            <wcet number="0">60</wcet>
            <wcet number="1">200</wcet>
            <maxpow number="0.6653424390789124"/>
            <maxpow number="0.6653424390789124"/>
            <fprob>0.0</fprob>
        </actor>
        <actor name="D0N2">
            <wcet number="0">130</wcet>
            <wcet number="1">210</wcet>
            <maxpow number="0.61970894771803"/>
            <maxpow number="0.61970894771803"/>
            <fprob>0.0</fprob>
        </actor>
        <actor name="D0N8">
            <wcet number="0">60</wcet>
            <wcet number="1">90</wcet>
            <maxpow number="0.623817702330639"/>
            <maxpow number="0.623817702330639"/>
            <fprob>0.0</fprob>
        </actor>
        <actor name="D0N6">
            <wcet number="0">30</wcet>
            <wcet number="1">80</wcet>
            <maxpow number="0.4236568813304975"/>
            <maxpow number="0.4236568813304975"/>
            <fprob>0.0</fprob>
        </actor>
        <actor name="D0N16">
            <wcet number="0">210</wcet>
            <wcet number="1">310</wcet>
            <maxpow number="0.7171340415676665"/>
            <maxpow number="0.7171340415676665"/>
            <fprob>0.0</fprob>
        </actor>
        <actor name="D0N5">
            <wcet number="0">10</wcet>
            <wcet number="1">20</wcet>
            <maxpow number="0.4942103217477427"/>
            <maxpow number="0.4942103217477427"/>
            <fprob>0.0</fprob>
        </actor>
        <actor name="D0N27">
            <wcet number="0">10</wcet>
            <wcet number="1">80</wcet>
            <maxpow number="0.6002803241947875"/>
            <maxpow number="0.6002803241947875"/>
            <fprob>0.0</fprob>
        </actor>
        <actor name="D0N7">
            <wcet number="0">70</wcet>
            <wcet number="1">120</wcet>
            <maxpow number="0.7893199885742109"/>
            <maxpow number="0.7893199885742109"/>
            <fprob>0.0</fprob>
        </actor>
        <actor name="D0N21">
            <wcet number="0">10</wcet>
            <wcet number="1">10</wcet>
            <maxpow number="0.6848229200598779"/>
            <maxpow number="0.6848229200598779"/>
            <fprob>0.0</fprob>
        </actor>
        <actor name="D0N38">
            <wcet number="0">10</wcet>
            <wcet number="1">10</wcet>
            <maxpow number="0.364214024267078"/>
            <maxpow number="0.364214024267078"/>
            <fprob>0.0</fprob>
        </actor>
        <actor name="D0N22">
            <wcet number="0">10</wcet>
            <wcet number="1">30</wcet>
            <maxpow number="0.6782545927695784"/>
            <maxpow number="0.6782545927695784"/>
            <fprob>0.0</fprob>
        </actor>
        <actor name="D0N28">
            <wcet number="0">140</wcet>
            <wcet number="1">360</wcet>
            <maxpow number="0.7398851810674952"/>
            <maxpow number="0.7398851810674952"/>
            <fprob>0.0</fprob>
        </actor>
        <actor name="D0N44">
            <wcet number="0">180</wcet>
            <wcet number="1">240</wcet>
            <maxpow number="0.7459611958293296"/>
            <maxpow number="0.7459611958293296"/>
            <fprob>0.0</fprob>
        </actor>
        <actor name="D0N20">
            <wcet number="0">50</wcet>
            <wcet number="1">70</wcet>
            <maxpow number="0.6460265715888414"/>
            <maxpow number="0.6460265715888414"/>
            <fprob>0.0</fprob>
        </actor>
        <ports>
            <port dstActor="D0N22" name="p0" srcActor="D0N11"/>
            <port dstActor="D0N44" name="p1" srcActor="D0N11"/>
            <port dstActor="D0N28" name="p2" srcActor="D0N11"/>
            <port dstActor="D0N19" name="p3" srcActor="D0N9"/>
            <port dstActor="D0N40" name="p4" srcActor="D0N9"/>
            <port dstActor="D0N25" name="p5" srcActor="D0N9"/>
            <port dstActor="D0N29" name="p6" srcActor="D0N9"/>
            <port dstActor="D0N12" name="p7" srcActor="D0N9"/>
            <port dstActor="D0N46" name="p8" srcActor="D0N9"/>
            <port dstActor="D0N38" name="p9" srcActor="D0N9"/>
            <port dstActor="D0N43" name="p10" srcActor="D0N29"/>
            <port dstActor="D0N28" name="p11" srcActor="D0N25"/>
            <port dstActor="D0N41" name="p12" srcActor="D0N25"/>
            <port dstActor="D0N37" name="p13" srcActor="D0N25"/>
            <port dstActor="D0N42" name="p14" srcActor="D0N13"/>
            <port dstActor="D0N39" name="p15" srcActor="D0N13"/>
            <port dstActor="D0N18" name="p16" srcActor="D0N13"/>
            <port dstActor="D0N41" name="p17" srcActor="D0N13"/>
            <port dstActor="D0N28" name="p18" srcActor="D0N1"/>
            <port dstActor="D0N29" name="p19" srcActor="D0N1"/>
            <port dstActor="D0N39" name="p20" srcActor="D0N17"/>
            <port dstActor="D0N33" name="p21" srcActor="D0N17"/>
            <port dstActor="D0N47" name="p22" srcActor="D0N17"/>
            <port dstActor="D0N30" name="p23" srcActor="D0N17"/>
            <port dstActor="D0N44" name="p24" srcActor="D0N17"/>
            <port dstActor="D0N32" name="p25" srcActor="D0N17"/>
            <port dstActor="D0N38" name="p26" srcActor="D0N35"/>
            <port dstActor="D0N41" name="p27" srcActor="D0N35"/>
            <port dstActor="D0N35" name="p28" srcActor="D0N24"/>
            <port dstActor="D0N42" name="p29" srcActor="D0N24"/>
            <port dstActor="D0N43" name="p30" srcActor="D0N24"/>
            <port dstActor="D0N41" name="p31" srcActor="D0N24"/>
            <port dstActor="D0N37" name="p32" srcActor="D0N24"/>
            <port dstActor="D0N43" name="p33" srcActor="D0N36"/>
            <port dstActor="D0N47" name="p34" srcActor="D0N36"/>
            <port dstActor="D0N41" name="p35" srcActor="D0N36"/>
            <port dstActor="D0N44" name="p36" srcActor="D0N32"/>
            <port dstActor="D0N47" name="p37" srcActor="D0N32"/>
            <port dstActor="D0N35" name="p38" srcActor="D0N14"/>
            <port dstActor="D0N45" name="p39" srcActor="D0N31"/>
            <port dstActor="D0N43" name="p40" srcActor="D0N12"/>
            <port dstActor="D0N21" name="p41" srcActor="D0N12"/>
            <port dstActor="D0N26" name="p42" srcActor="D0N12"/>
            <port dstActor="D0N24" name="p43" srcActor="D0N0"/>
            <port dstActor="D0N14" name="p44" srcActor="D0N0"/>
            <port dstActor="D0N34" name="p45" srcActor="D0N0"/>
            <port dstActor="D0N10" name="p46" srcActor="D0N0"/>
            <port dstActor="D0N28" name="p47" srcActor="D0N0"/>
            <port dstActor="D0N21" name="p48" srcActor="D0N19"/>
            <port dstActor="D0N22" name="p49" srcActor="D0N19"/>
            <port dstActor="D0N13" name="p50" srcActor="D0N4"/>
            <port dstActor="D0N27" name="p51" srcActor="D0N4"/>
            <port dstActor="D0N14" name="p52" srcActor="D0N4"/>
            <port dstActor="D0N11" name="p53" srcActor="D0N4"/>
            <port dstActor="D0N37" name="p54" srcActor="D0N4"/>
            <port dstActor="D0N23" name="p55" srcActor="D0N4"/>
            <port dstActor="D0N31" name="p56" srcActor="D0N4"/>
            <port dstActor="D0N37" name="p57" srcActor="D0N18"/>
            <port dstActor="D0N39" name="p58" srcActor="D0N18"/>
            <port dstActor="D0N40" name="p59" srcActor="D0N18"/>
            <port dstActor="D0N30" name="p60" srcActor="D0N18"/>
            <port dstActor="D0N47" name="p61" srcActor="D0N26"/>
            <port dstActor="D0N27" name="p62" srcActor="D0N26"/>
            <port dstActor="D0N36" name="p63" srcActor="D0N26"/>
            <port dstActor="D0N29" name="p64" srcActor="D0N26"/>
            <port dstActor="D0N38" name="p65" srcActor="D0N34"/>
            <port dstActor="D0N40" name="p66" srcActor="D0N34"/>
            <port dstActor="D0N36" name="p67" srcActor="D0N34"/>
            <port dstActor="D0N39" name="p68" srcActor="D0N23"/>
            <port dstActor="D0N9" name="p69" srcActor="D0N3"/>
            <port dstActor="D0N46" name="p70" srcActor="D0N3"/>
            <port dstActor="D0N41" name="p71" srcActor="D0N3"/>
            <port dstActor="D0N19" name="p72" srcActor="D0N3"/>
            <port dstActor="D0N18" name="p73" srcActor="D0N15"/>
            <port dstActor="D0N16" name="p74" srcActor="D0N15"/>
            <port dstActor="D0N19" name="p75" srcActor="D0N15"/>
            <port dstActor="D0N44" name="p76" srcActor="D0N41"/>
            <port dstActor="D0N43" name="p77" srcActor="D0N42"/>
            <port dstActor="D0N37" name="p78" srcActor="D0N30"/>
            <port dstActor="D0N45" name="p79" srcActor="D0N30"/>
            <port dstActor="D0N17" name="p80" srcActor="D0N10"/>
            <port dstActor="D0N18" name="p81" srcActor="D0N10"/>
            <port dstActor="D0N15" name="p82" srcActor="D0N2"/>
            <port dstActor="D0N37" name="p83" srcActor="D0N2"/>
            <port dstActor="D0N18" name="p84" srcActor="D0N2"/>
            <port dstActor="D0N16" name="p85" srcActor="D0N2"/>
            <port dstActor="D0N36" name="p86" srcActor="D0N8"/>
            <port dstActor="D0N33" name="p87" srcActor="D0N8"/>
            <port dstActor="D0N31" name="p88" srcActor="D0N8"/>
            <port dstActor="D0N10" name="p89" srcActor="D0N6"/>
            <port dstActor="D0N17" name="p90" srcActor="D0N6"/>
            <port dstActor="D0N11" name="p91" srcActor="D0N6"/>
            <port dstActor="D0N31" name="p92" srcActor="D0N16"/>
            <port dstActor="D0N18" name="p93" srcActor="D0N16"/>
            <port dstActor="D0N20" name="p94" srcActor="D0N5"/>
            <port dstActor="D0N35" name="p95" srcActor="D0N5"/>
            <port dstActor="D0N37" name="p96" srcActor="D0N27"/>
            <port dstActor="D0N36" name="p97" srcActor="D0N27"/>
            <port dstActor="D0N43" name="p98" srcActor="D0N7"/>
            <port dstActor="D0N10" name="p99" srcActor="D0N7"/>
            <port dstActor="D0N40" name="p100" srcActor="D0N7"/>
            <port dstActor="D0N34" name="p101" srcActor="D0N7"/>
            <port dstActor="D0N29" name="p102" srcActor="D0N21"/>
            <port dstActor="D0N42" name="p103" srcActor="D0N21"/>
            <port dstActor="D0N44" name="p104" srcActor="D0N38"/>
            <port dstActor="D0N45" name="p105" srcActor="D0N22"/>
            <port dstActor="D0N41" name="p106" srcActor="D0N22"/>
            <port dstActor="D0N47" name="p107" srcActor="D0N44"/>
            <port dstActor="D0N39" name="p108" srcActor="D0N20"/>
        </ports>
    </mcdag>
    <cores number="3"/>
    <levels number="2"/>
</mcsystem>
