<?xml version="1.0" encoding="UTF-8" standalone="no"?>
<mcsystem>
    <mcdag deadline="2000" name="genned-0-ed-10.0-0">
        <actor name="D0N8">
            <wcet number="0">60</wcet>
            <wcet number="1">70</wcet>
            <maxpow number="0.7069858492547513"/>
            <maxpow number="0.7069858492547513"/>
            <fprob>0.0</fprob>
        </actor>
        <actor name="D0N34">
            <wcet number="0">90</wcet>
            <wcet number="1">200</wcet>
            <maxpow number="0.3563743497043495"/>
            <maxpow number="0.3563743497043495"/>
            <fprob>0.0</fprob>
        </actor>
        <actor name="D0N35">
            <wcet number="0">10</wcet>
            <wcet number="1">30</wcet>
            <maxpow number="0.5644847615705346"/>
            <maxpow number="0.5644847615705346"/>
            <fprob>0.0</fprob>
        </actor>
        <actor name="D0N1">
            <wcet number="0">30</wcet>
            <wcet number="1">70</wcet>
            <maxpow number="0.254315051733689"/>
            <maxpow number="0.254315051733689"/>
            <fprob>0.0</fprob>
        </actor>
        <actor name="D0N3">
            <wcet number="0">100</wcet>
            <wcet number="1">100</wcet>
            <maxpow number="0.7225686119837921"/>
            <maxpow number="0.7225686119837921"/>
            <fprob>0.0</fprob>
        </actor>
        <actor name="D0N44">
            <wcet number="0">40</wcet>
            <wcet number="1">40</wcet>
            <maxpow number="0.37626219668224736"/>
            <maxpow number="0.37626219668224736"/>
            <fprob>0.0</fprob>
        </actor>
        <actor name="D0N36">
            <wcet number="0">80</wcet>
            <wcet number="1">90</wcet>
            <maxpow number="0.6123316850375334"/>
            <maxpow number="0.6123316850375334"/>
            <fprob>0.0</fprob>
        </actor>
        <actor name="D0N48">
            <wcet number="0">50</wcet>
            <wcet number="1">110</wcet>
            <maxpow number="0.7079934862810477"/>
            <maxpow number="0.7079934862810477"/>
            <fprob>0.0</fprob>
        </actor>
        <actor name="D0N25">
            <wcet number="0">60</wcet>
            <wcet number="1">100</wcet>
            <maxpow number="0.6186433188419864"/>
            <maxpow number="0.6186433188419864"/>
            <fprob>0.0</fprob>
        </actor>
        <actor name="D0N14">
            <wcet number="0">20</wcet>
            <wcet number="1">20</wcet>
            <maxpow number="0.7157200662349167"/>
            <maxpow number="0.7157200662349167"/>
            <fprob>0.0</fprob>
        </actor>
        <actor name="D0N10">
            <wcet number="0">20</wcet>
            <wcet number="1">20</wcet>
            <maxpow number="0.5532860783305955"/>
            <maxpow number="0.5532860783305955"/>
            <fprob>0.0</fprob>
        </actor>
        <actor name="D0N7">
            <wcet number="0">20</wcet>
            <wcet number="1">20</wcet>
            <maxpow number="0.5631406337848417"/>
            <maxpow number="0.5631406337848417"/>
            <fprob>0.0</fprob>
        </actor>
        <actor name="D0N23">
            <wcet number="0">10</wcet>
            <wcet number="1">20</wcet>
            <maxpow number="0.4952204339508354"/>
            <maxpow number="0.4952204339508354"/>
            <fprob>0.0</fprob>
        </actor>
        <actor name="D0N30">
            <wcet number="0">40</wcet>
            <wcet number="1">100</wcet>
            <maxpow number="0.49599157519526443"/>
            <maxpow number="0.49599157519526443"/>
            <fprob>0.0</fprob>
        </actor>
        <actor name="D0N41">
            <wcet number="0">10</wcet>
            <wcet number="1">10</wcet>
            <maxpow number="0.6150346758800309"/>
            <maxpow number="0.6150346758800309"/>
            <fprob>0.0</fprob>
        </actor>
        <actor name="D0N21">
            <wcet number="0">10</wcet>
            <wcet number="1">50</wcet>
            <maxpow number="0.4638300285754561"/>
            <maxpow number="0.4638300285754561"/>
            <fprob>0.0</fprob>
        </actor>
        <actor name="D0N31">
            <wcet number="0">10</wcet>
            <wcet number="1">50</wcet>
            <maxpow number="0.6742542252076068"/>
            <maxpow number="0.6742542252076068"/>
            <fprob>0.0</fprob>
        </actor>
        <actor name="D0N38">
            <wcet number="0">160</wcet>
            <wcet number="1">260</wcet>
            <maxpow number="0.6148565144836036"/>
            <maxpow number="0.6148565144836036"/>
            <fprob>0.0</fprob>
        </actor>
        <actor name="D0N22">
            <wcet number="0">60</wcet>
            <wcet number="1">60</wcet>
            <maxpow number="0.4627905446739509"/>
            <maxpow number="0.4627905446739509"/>
            <fprob>0.0</fprob>
        </actor>
        <actor name="D0N40">
            <wcet number="0">10</wcet>
            <wcet number="1">30</wcet>
            <maxpow number="0.39276363817818205"/>
            <maxpow number="0.39276363817818205"/>
            <fprob>0.0</fprob>
        </actor>
        <actor name="D0N0">
            <wcet number="0">10</wcet>
            <wcet number="1">30</wcet>
            <maxpow number="0.5875506742242688"/>
            <maxpow number="0.5875506742242688"/>
            <fprob>0.0</fprob>
        </actor>
        <actor name="D0N27">
            <wcet number="0">30</wcet>
            <wcet number="1">40</wcet>
            <maxpow number="0.3181201953927415"/>
            <maxpow number="0.3181201953927415"/>
            <fprob>0.0</fprob>
        </actor>
        <actor name="D0N20">
            <wcet number="0">10</wcet>
            <wcet number="1">10</wcet>
            <maxpow number="0.605378581468697"/>
            <maxpow number="0.605378581468697"/>
            <fprob>0.0</fprob>
        </actor>
        <actor name="D0N5">
            <wcet number="0">100</wcet>
            <wcet number="1">100</wcet>
            <maxpow number="0.7082333435319925"/>
            <maxpow number="0.7082333435319925"/>
            <fprob>0.0</fprob>
        </actor>
        <actor name="D0N33">
            <wcet number="0">50</wcet>
            <wcet number="1">60</wcet>
            <maxpow number="0.4154135415080301"/>
            <maxpow number="0.4154135415080301"/>
            <fprob>0.0</fprob>
        </actor>
        <actor name="D0N12">
            <wcet number="0">10</wcet>
            <wcet number="1">50</wcet>
            <maxpow number="0.581220196847205"/>
            <maxpow number="0.581220196847205"/>
            <fprob>0.0</fprob>
        </actor>
        <actor name="D0N16">
            <wcet number="0">10</wcet>
            <wcet number="1">60</wcet>
            <maxpow number="0.7013785218169356"/>
            <maxpow number="0.7013785218169356"/>
            <fprob>0.0</fprob>
        </actor>
        <actor name="D0N43">
            <wcet number="0">10</wcet>
            <wcet number="1">50</wcet>
            <maxpow number="0.5963745751820274"/>
            <maxpow number="0.5963745751820274"/>
            <fprob>0.0</fprob>
        </actor>
        <actor name="D0N6">
            <wcet number="0">30</wcet>
            <wcet number="1">90</wcet>
            <maxpow number="0.6769210199878902"/>
            <maxpow number="0.6769210199878902"/>
            <fprob>0.0</fprob>
        </actor>
        <actor name="D0N4">
            <wcet number="0">150</wcet>
            <wcet number="1">200</wcet>
            <maxpow number="0.5325672632649575"/>
            <maxpow number="0.5325672632649575"/>
            <fprob>0.0</fprob>
        </actor>
        <actor name="D0N17">
            <wcet number="0">90</wcet>
            <wcet number="1">130</wcet>
            <maxpow number="0.62399613557624"/>
            <maxpow number="0.62399613557624"/>
            <fprob>0.0</fprob>
        </actor>
        <actor name="D0N15">
            <wcet number="0">150</wcet>
            <wcet number="1">160</wcet>
            <maxpow number="0.5100364436012707"/>
            <maxpow number="0.5100364436012707"/>
            <fprob>0.0</fprob>
        </actor>
        <actor name="D0N18">
            <wcet number="0">20</wcet>
            <wcet number="1">40</wcet>
            <maxpow number="0.476746471818455"/>
            <maxpow number="0.476746471818455"/>
            <fprob>0.0</fprob>
        </actor>
        <actor name="D0N47">
            <wcet number="0">30</wcet>
            <wcet number="1">130</wcet>
            <maxpow number="0.43414152482800533"/>
            <maxpow number="0.43414152482800533"/>
            <fprob>0.0</fprob>
        </actor>
        <actor name="D0N28">
            <wcet number="0">20</wcet>
            <wcet number="1">120</wcet>
            <maxpow number="0.5677383959174183"/>
            <maxpow number="0.5677383959174183"/>
            <fprob>0.0</fprob>
        </actor>
        <actor name="D0N42">
            <wcet number="0">70</wcet>
            <wcet number="1">70</wcet>
            <maxpow number="0.4392491443083854"/>
            <maxpow number="0.4392491443083854"/>
            <fprob>0.0</fprob>
        </actor>
        <actor name="D0N13">
            <wcet number="0">270</wcet>
            <wcet number="1">270</wcet>
            <maxpow number="0.36077736121578186"/>
            <maxpow number="0.36077736121578186"/>
            <fprob>0.0</fprob>
        </actor>
        <actor name="D0N39">
            <wcet number="0">40</wcet>
            <wcet number="1">70</wcet>
            <maxpow number="0.7611037954086767"/>
            <maxpow number="0.7611037954086767"/>
            <fprob>0.0</fprob>
        </actor>
        <actor name="D0N9">
            <wcet number="0">160</wcet>
            <wcet number="1">160</wcet>
            <maxpow number="0.3971219101167628"/>
            <maxpow number="0.3971219101167628"/>
            <fprob>0.0</fprob>
        </actor>
        <actor name="D0N19">
            <wcet number="0">40</wcet>
            <wcet number="1">300</wcet>
            <maxpow number="0.36431414622677505"/>
            <maxpow number="0.36431414622677505"/>
            <fprob>0.0</fprob>
        </actor>
        <actor name="D0N49">
            <wcet number="0">90</wcet>
            <wcet number="1">110</wcet>
            <maxpow number="0.49037416909588705"/>
            <maxpow number="0.49037416909588705"/>
            <fprob>0.0</fprob>
        </actor>
        <actor name="D0N32">
            <wcet number="0">20</wcet>
            <wcet number="1">20</wcet>
            <maxpow number="0.5337010571669422"/>
            <maxpow number="0.5337010571669422"/>
            <fprob>0.0</fprob>
        </actor>
        <actor name="D0N37">
            <wcet number="0">10</wcet>
            <wcet number="1">10</wcet>
            <maxpow number="0.4817969340641515"/>
            <maxpow number="0.4817969340641515"/>
            <fprob>0.0</fprob>
        </actor>
        <actor name="D0N2">
            <wcet number="0">30</wcet>
            <wcet number="1">170</wcet>
            <maxpow number="0.39415109749130695"/>
            <maxpow number="0.39415109749130695"/>
            <fprob>0.0</fprob>
        </actor>
        <actor name="D0N11">
            <wcet number="0">40</wcet>
            <wcet number="1">180</wcet>
            <maxpow number="0.6631506562114687"/>
            <maxpow number="0.6631506562114687"/>
            <fprob>0.0</fprob>
        </actor>
        <actor name="D0N29">
            <wcet number="0">80</wcet>
            <wcet number="1">210</wcet>
            <maxpow number="0.4752524308590081"/>
            <maxpow number="0.4752524308590081"/>
            <fprob>0.0</fprob>
        </actor>
        <actor name="D0N45">
            <wcet number="0">20</wcet>
            <wcet number="1">80</wcet>
            <maxpow number="0.6653275189311473"/>
            <maxpow number="0.6653275189311473"/>
            <fprob>0.0</fprob>
        </actor>
        <actor name="D0N24">
            <wcet number="0">10</wcet>
            <wcet number="1">270</wcet>
            <maxpow number="0.40449178085028853"/>
            <maxpow number="0.40449178085028853"/>
            <fprob>0.0</fprob>
        </actor>
        <actor name="D0N26">
            <wcet number="0">10</wcet>
            <wcet number="1">150</wcet>
            <maxpow number="0.40272474621350807"/>
            <maxpow number="0.40272474621350807"/>
            <fprob>0.0</fprob>
        </actor>
        <actor name="D0N46">
            <wcet number="0">10</wcet>
            <wcet number="1">10</wcet>
            <maxpow number="0.536952188653093"/>
            <maxpow number="0.536952188653093"/>
            <fprob>0.0</fprob>
        </actor>
        <ports>
            <port dstActor="D0N10" name="p0" srcActor="D0N8"/>
            <port dstActor="D0N11" name="p1" srcActor="D0N8"/>
            <port dstActor="D0N12" name="p2" srcActor="D0N8"/>
            <port dstActor="D0N45" name="p3" srcActor="D0N8"/>
            <port dstActor="D0N37" name="p4" srcActor="D0N8"/>
            <port dstActor="D0N39" name="p5" srcActor="D0N8"/>
            <port dstActor="D0N33" name="p6" srcActor="D0N8"/>
            <port dstActor="D0N39" name="p7" srcActor="D0N34"/>
            <port dstActor="D0N38" name="p8" srcActor="D0N34"/>
            <port dstActor="D0N34" name="p9" srcActor="D0N1"/>
            <port dstActor="D0N39" name="p10" srcActor="D0N1"/>
            <port dstActor="D0N13" name="p11" srcActor="D0N1"/>
            <port dstActor="D0N21" name="p12" srcActor="D0N1"/>
            <port dstActor="D0N7" name="p13" srcActor="D0N1"/>
            <port dstActor="D0N47" name="p14" srcActor="D0N3"/>
            <port dstActor="D0N10" name="p15" srcActor="D0N3"/>
            <port dstActor="D0N41" name="p16" srcActor="D0N3"/>
            <port dstActor="D0N32" name="p17" srcActor="D0N3"/>
            <port dstActor="D0N49" name="p18" srcActor="D0N44"/>
            <port dstActor="D0N43" name="p19" srcActor="D0N36"/>
            <port dstActor="D0N40" name="p20" srcActor="D0N25"/>
            <port dstActor="D0N31" name="p21" srcActor="D0N25"/>
            <port dstActor="D0N37" name="p22" srcActor="D0N25"/>
            <port dstActor="D0N16" name="p23" srcActor="D0N14"/>
            <port dstActor="D0N36" name="p24" srcActor="D0N14"/>
            <port dstActor="D0N46" name="p25" srcActor="D0N14"/>
            <port dstActor="D0N49" name="p26" srcActor="D0N10"/>
            <port dstActor="D0N30" name="p27" srcActor="D0N7"/>
            <port dstActor="D0N10" name="p28" srcActor="D0N7"/>
            <port dstActor="D0N26" name="p29" srcActor="D0N7"/>
            <port dstActor="D0N47" name="p30" srcActor="D0N7"/>
            <port dstActor="D0N13" name="p31" srcActor="D0N7"/>
            <port dstActor="D0N48" name="p32" srcActor="D0N23"/>
            <port dstActor="D0N31" name="p33" srcActor="D0N23"/>
            <port dstActor="D0N43" name="p34" srcActor="D0N23"/>
            <port dstActor="D0N29" name="p35" srcActor="D0N23"/>
            <port dstActor="D0N38" name="p36" srcActor="D0N23"/>
            <port dstActor="D0N41" name="p37" srcActor="D0N30"/>
            <port dstActor="D0N44" name="p38" srcActor="D0N30"/>
            <port dstActor="D0N49" name="p39" srcActor="D0N41"/>
            <port dstActor="D0N44" name="p40" srcActor="D0N41"/>
            <port dstActor="D0N41" name="p41" srcActor="D0N21"/>
            <port dstActor="D0N39" name="p42" srcActor="D0N31"/>
            <port dstActor="D0N32" name="p43" srcActor="D0N31"/>
            <port dstActor="D0N25" name="p44" srcActor="D0N22"/>
            <port dstActor="D0N4" name="p45" srcActor="D0N0"/>
            <port dstActor="D0N46" name="p46" srcActor="D0N0"/>
            <port dstActor="D0N26" name="p47" srcActor="D0N0"/>
            <port dstActor="D0N21" name="p48" srcActor="D0N0"/>
            <port dstActor="D0N36" name="p49" srcActor="D0N27"/>
            <port dstActor="D0N31" name="p50" srcActor="D0N27"/>
            <port dstActor="D0N43" name="p51" srcActor="D0N20"/>
            <port dstActor="D0N33" name="p52" srcActor="D0N20"/>
            <port dstActor="D0N29" name="p53" srcActor="D0N20"/>
            <port dstActor="D0N34" name="p54" srcActor="D0N5"/>
            <port dstActor="D0N23" name="p55" srcActor="D0N5"/>
            <port dstActor="D0N21" name="p56" srcActor="D0N5"/>
            <port dstActor="D0N31" name="p57" srcActor="D0N5"/>
            <port dstActor="D0N40" name="p58" srcActor="D0N5"/>
            <port dstActor="D0N37" name="p59" srcActor="D0N33"/>
            <port dstActor="D0N36" name="p60" srcActor="D0N33"/>
            <port dstActor="D0N34" name="p61" srcActor="D0N33"/>
            <port dstActor="D0N43" name="p62" srcActor="D0N33"/>
            <port dstActor="D0N49" name="p63" srcActor="D0N33"/>
            <port dstActor="D0N44" name="p64" srcActor="D0N12"/>
            <port dstActor="D0N32" name="p65" srcActor="D0N12"/>
            <port dstActor="D0N21" name="p66" srcActor="D0N12"/>
            <port dstActor="D0N23" name="p67" srcActor="D0N12"/>
            <port dstActor="D0N40" name="p68" srcActor="D0N12"/>
            <port dstActor="D0N37" name="p69" srcActor="D0N12"/>
            <port dstActor="D0N28" name="p70" srcActor="D0N16"/>
            <port dstActor="D0N44" name="p71" srcActor="D0N16"/>
            <port dstActor="D0N21" name="p72" srcActor="D0N16"/>
            <port dstActor="D0N47" name="p73" srcActor="D0N6"/>
            <port dstActor="D0N9" name="p74" srcActor="D0N6"/>
            <port dstActor="D0N32" name="p75" srcActor="D0N6"/>
            <port dstActor="D0N34" name="p76" srcActor="D0N6"/>
            <port dstActor="D0N21" name="p77" srcActor="D0N4"/>
            <port dstActor="D0N45" name="p78" srcActor="D0N17"/>
            <port dstActor="D0N44" name="p79" srcActor="D0N17"/>
            <port dstActor="D0N42" name="p80" srcActor="D0N15"/>
            <port dstActor="D0N36" name="p81" srcActor="D0N18"/>
            <port dstActor="D0N40" name="p82" srcActor="D0N18"/>
            <port dstActor="D0N48" name="p83" srcActor="D0N47"/>
            <port dstActor="D0N33" name="p84" srcActor="D0N28"/>
            <port dstActor="D0N44" name="p85" srcActor="D0N13"/>
            <port dstActor="D0N48" name="p86" srcActor="D0N39"/>
            <port dstActor="D0N43" name="p87" srcActor="D0N39"/>
            <port dstActor="D0N41" name="p88" srcActor="D0N39"/>
            <port dstActor="D0N37" name="p89" srcActor="D0N9"/>
            <port dstActor="D0N46" name="p90" srcActor="D0N19"/>
            <port dstActor="D0N20" name="p91" srcActor="D0N19"/>
            <port dstActor="D0N38" name="p92" srcActor="D0N19"/>
            <port dstActor="D0N38" name="p93" srcActor="D0N32"/>
            <port dstActor="D0N42" name="p94" srcActor="D0N32"/>
            <port dstActor="D0N33" name="p95" srcActor="D0N2"/>
            <port dstActor="D0N8" name="p96" srcActor="D0N2"/>
            <port dstActor="D0N15" name="p97" srcActor="D0N2"/>
            <port dstActor="D0N5" name="p98" srcActor="D0N2"/>
            <port dstActor="D0N44" name="p99" srcActor="D0N11"/>
            <port dstActor="D0N25" name="p100" srcActor="D0N11"/>
            <port dstActor="D0N24" name="p101" srcActor="D0N11"/>
            <port dstActor="D0N42" name="p102" srcActor="D0N11"/>
            <port dstActor="D0N42" name="p103" srcActor="D0N29"/>
            <port dstActor="D0N27" name="p104" srcActor="D0N24"/>
            <port dstActor="D0N31" name="p105" srcActor="D0N24"/>
            <port dstActor="D0N48" name="p106" srcActor="D0N24"/>
        </ports>
    </mcdag>
    <cores number="3"/>
    <levels number="2"/>
</mcsystem>
