<?xml version="1.0" encoding="UTF-8" standalone="no"?>
<mcsystem>
    <mcdag deadline="1500" name="genned-0-ed-10.0-0">
        <actor name="D0N9">
            <wcet number="0">200</wcet>
            <wcet number="1">290</wcet>
            <maxpow number="0.6295477518118874"/>
            <maxpow number="0.6295477518118874"/>
            <fprob>0.0</fprob>
        </actor>
        <actor name="D0N30">
            <wcet number="0">10</wcet>
            <wcet number="1">10</wcet>
            <maxpow number="0.32136313169374303"/>
            <maxpow number="0.32136313169374303"/>
            <fprob>0.0</fprob>
        </actor>
        <actor name="D0N28">
            <wcet number="0">50</wcet>
            <wcet number="1">60</wcet>
            <maxpow number="0.7982193645578902"/>
            <maxpow number="0.7982193645578902"/>
            <fprob>0.0</fprob>
        </actor>
        <actor name="D0N45">
            <wcet number="0">80</wcet>
            <wcet number="1">100</wcet>
            <maxpow number="0.5140800230005905"/>
            <maxpow number="0.5140800230005905"/>
            <fprob>0.0</fprob>
        </actor>
        <actor name="D0N32">
            <wcet number="0">50</wcet>
            <wcet number="1">50</wcet>
            <maxpow number="0.48337057464280314"/>
            <maxpow number="0.48337057464280314"/>
            <fprob>0.0</fprob>
        </actor>
        <actor name="D0N18">
            <wcet number="0">30</wcet>
            <wcet number="1">80</wcet>
            <maxpow number="0.5623567332306454"/>
            <maxpow number="0.5623567332306454"/>
            <fprob>0.0</fprob>
        </actor>
        <actor name="D0N48">
            <wcet number="0">10</wcet>
            <wcet number="1">60</wcet>
            <maxpow number="0.4067387536038407"/>
            <maxpow number="0.4067387536038407"/>
            <fprob>0.0</fprob>
        </actor>
        <actor name="D0N42">
            <wcet number="0">120</wcet>
            <wcet number="1">240</wcet>
            <maxpow number="0.41761593672896713"/>
            <maxpow number="0.41761593672896713"/>
            <fprob>0.0</fprob>
        </actor>
        <actor name="D0N16">
            <wcet number="0">30</wcet>
            <wcet number="1">120</wcet>
            <maxpow number="0.7940207498969459"/>
            <maxpow number="0.7940207498969459"/>
            <fprob>0.0</fprob>
        </actor>
        <actor name="D0N27">
            <wcet number="0">10</wcet>
            <wcet number="1">50</wcet>
            <maxpow number="0.5021953619054795"/>
            <maxpow number="0.5021953619054795"/>
            <fprob>0.0</fprob>
        </actor>
        <actor name="D0N8">
            <wcet number="0">30</wcet>
            <wcet number="1">80</wcet>
            <maxpow number="0.4917396437922566"/>
            <maxpow number="0.4917396437922566"/>
            <fprob>0.0</fprob>
        </actor>
        <actor name="D0N5">
            <wcet number="0">10</wcet>
            <wcet number="1">70</wcet>
            <maxpow number="0.38642574289507464"/>
            <maxpow number="0.38642574289507464"/>
            <fprob>0.0</fprob>
        </actor>
        <actor name="D0N34">
            <wcet number="0">20</wcet>
            <wcet number="1">40</wcet>
            <maxpow number="0.24807270498691275"/>
            <maxpow number="0.24807270498691275"/>
            <fprob>0.0</fprob>
        </actor>
        <actor name="D0N36">
            <wcet number="0">130</wcet>
            <wcet number="1">260</wcet>
            <maxpow number="0.4873683863311839"/>
            <maxpow number="0.4873683863311839"/>
            <fprob>0.0</fprob>
        </actor>
        <actor name="D0N7">
            <wcet number="0">50</wcet>
            <wcet number="1">130</wcet>
            <maxpow number="0.6536339082895861"/>
            <maxpow number="0.6536339082895861"/>
            <fprob>0.0</fprob>
        </actor>
        <actor name="D0N2">
            <wcet number="0">20</wcet>
            <wcet number="1">20</wcet>
            <maxpow number="0.7747686744789937"/>
            <maxpow number="0.7747686744789937"/>
            <fprob>0.0</fprob>
        </actor>
        <actor name="D0N14">
            <wcet number="0">70</wcet>
            <wcet number="1">70</wcet>
            <maxpow number="0.402169808907757"/>
            <maxpow number="0.402169808907757"/>
            <fprob>0.0</fprob>
        </actor>
        <actor name="D0N20">
            <wcet number="0">50</wcet>
            <wcet number="1">50</wcet>
            <maxpow number="0.6505209893185793"/>
            <maxpow number="0.6505209893185793"/>
            <fprob>0.0</fprob>
        </actor>
        <actor name="D0N46">
            <wcet number="0">10</wcet>
            <wcet number="1">10</wcet>
            <maxpow number="0.4132145294907913"/>
            <maxpow number="0.4132145294907913"/>
            <fprob>0.0</fprob>
        </actor>
        <actor name="D0N35">
            <wcet number="0">30</wcet>
            <wcet number="1">30</wcet>
            <maxpow number="0.45945826073789586"/>
            <maxpow number="0.45945826073789586"/>
            <fprob>0.0</fprob>
        </actor>
        <actor name="D0N25">
            <wcet number="0">10</wcet>
            <wcet number="1">10</wcet>
            <maxpow number="0.4224552311536085"/>
            <maxpow number="0.4224552311536085"/>
            <fprob>0.0</fprob>
        </actor>
        <actor name="D0N33">
            <wcet number="0">50</wcet>
            <wcet number="1">190</wcet>
            <maxpow number="0.6125682007961003"/>
            <maxpow number="0.6125682007961003"/>
            <fprob>0.0</fprob>
        </actor>
        <actor name="D0N0">
            <wcet number="0">10</wcet>
            <wcet number="1">10</wcet>
            <maxpow number="0.5279247584085425"/>
            <maxpow number="0.5279247584085425"/>
            <fprob>0.0</fprob>
        </actor>
        <actor name="D0N12">
            <wcet number="0">50</wcet>
            <wcet number="1">70</wcet>
            <maxpow number="0.2672102625632614"/>
            <maxpow number="0.2672102625632614"/>
            <fprob>0.0</fprob>
        </actor>
        <actor name="D0N21">
            <wcet number="0">10</wcet>
            <wcet number="1">90</wcet>
            <maxpow number="0.7445162346155433"/>
            <maxpow number="0.7445162346155433"/>
            <fprob>0.0</fprob>
        </actor>
        <actor name="D0N22">
            <wcet number="0">10</wcet>
            <wcet number="1">10</wcet>
            <maxpow number="0.4134973321971992"/>
            <maxpow number="0.4134973321971992"/>
            <fprob>0.0</fprob>
        </actor>
        <actor name="D0N44">
            <wcet number="0">50</wcet>
            <wcet number="1">70</wcet>
            <maxpow number="0.7275866959608267"/>
            <maxpow number="0.7275866959608267"/>
            <fprob>0.0</fprob>
        </actor>
        <actor name="D0N41">
            <wcet number="0">30</wcet>
            <wcet number="1">50</wcet>
            <maxpow number="0.5289644429425908"/>
            <maxpow number="0.5289644429425908"/>
            <fprob>0.0</fprob>
        </actor>
        <actor name="D0N11">
            <wcet number="0">240</wcet>
            <wcet number="1">290</wcet>
            <maxpow number="0.3722519837156214"/>
            <maxpow number="0.3722519837156214"/>
            <fprob>0.0</fprob>
        </actor>
        <actor name="D0N31">
            <wcet number="0">20</wcet>
            <wcet number="1">70</wcet>
            <maxpow number="0.3262305281831622"/>
            <maxpow number="0.3262305281831622"/>
            <fprob>0.0</fprob>
        </actor>
        <actor name="D0N4">
            <wcet number="0">10</wcet>
            <wcet number="1">40</wcet>
            <maxpow number="0.6988612871806372"/>
            <maxpow number="0.6988612871806372"/>
            <fprob>0.0</fprob>
        </actor>
        <actor name="D0N24">
            <wcet number="0">20</wcet>
            <wcet number="1">40</wcet>
            <maxpow number="0.7415595083980415"/>
            <maxpow number="0.7415595083980415"/>
            <fprob>0.0</fprob>
        </actor>
        <actor name="D0N47">
            <wcet number="0">30</wcet>
            <wcet number="1">40</wcet>
            <maxpow number="0.4014340404993806"/>
            <maxpow number="0.4014340404993806"/>
            <fprob>0.0</fprob>
        </actor>
        <actor name="D0N15">
            <wcet number="0">20</wcet>
            <wcet number="1">90</wcet>
            <maxpow number="0.613723165733716"/>
            <maxpow number="0.613723165733716"/>
            <fprob>0.0</fprob>
        </actor>
        <actor name="D0N6">
            <wcet number="0">100</wcet>
            <wcet number="1">140</wcet>
            <maxpow number="0.2831925157273791"/>
            <maxpow number="0.2831925157273791"/>
            <fprob>0.0</fprob>
        </actor>
        <actor name="D0N19">
            <wcet number="0">10</wcet>
            <wcet number="1">50</wcet>
            <maxpow number="0.5204658456150915"/>
            <maxpow number="0.5204658456150915"/>
            <fprob>0.0</fprob>
        </actor>
        <actor name="D0N17">
            <wcet number="0">10</wcet>
            <wcet number="1">10</wcet>
            <maxpow number="0.31663819086618233"/>
            <maxpow number="0.31663819086618233"/>
            <fprob>0.0</fprob>
        </actor>
        <actor name="D0N43">
            <wcet number="0">40</wcet>
            <wcet number="1">50</wcet>
            <maxpow number="0.5951408492457368"/>
            <maxpow number="0.5951408492457368"/>
            <fprob>0.0</fprob>
        </actor>
        <actor name="D0N39">
            <wcet number="0">70</wcet>
            <wcet number="1">160</wcet>
            <maxpow number="0.5048646608516677"/>
            <maxpow number="0.5048646608516677"/>
            <fprob>0.0</fprob>
        </actor>
        <actor name="D0N10">
            <wcet number="0">70</wcet>
            <wcet number="1">200</wcet>
            <maxpow number="0.550212346222348"/>
            <maxpow number="0.550212346222348"/>
            <fprob>0.0</fprob>
        </actor>
        <actor name="D0N29">
            <wcet number="0">60</wcet>
            <wcet number="1">60</wcet>
            <maxpow number="0.7692959432142272"/>
            <maxpow number="0.7692959432142272"/>
            <fprob>0.0</fprob>
        </actor>
        <actor name="D0N40">
            <wcet number="0">10</wcet>
            <wcet number="1">20</wcet>
            <maxpow number="0.7075027178751365"/>
            <maxpow number="0.7075027178751365"/>
            <fprob>0.0</fprob>
        </actor>
        <actor name="D0N37">
            <wcet number="0">30</wcet>
            <wcet number="1">30</wcet>
            <maxpow number="0.5189199989627705"/>
            <maxpow number="0.5189199989627705"/>
            <fprob>0.0</fprob>
        </actor>
        <actor name="D0N38">
            <wcet number="0">40</wcet>
            <wcet number="1">60</wcet>
            <maxpow number="1.0577780296467993"/>
            <maxpow number="1.0577780296467993"/>
            <fprob>0.0</fprob>
        </actor>
        <actor name="D0N26">
            <wcet number="0">60</wcet>
            <wcet number="1">60</wcet>
            <maxpow number="0.28340240239551573"/>
            <maxpow number="0.28340240239551573"/>
            <fprob>0.0</fprob>
        </actor>
        <actor name="D0N13">
            <wcet number="0">10</wcet>
            <wcet number="1">20</wcet>
            <maxpow number="0.6838703411949327"/>
            <maxpow number="0.6838703411949327"/>
            <fprob>0.0</fprob>
        </actor>
        <actor name="D0N1">
            <wcet number="0">220</wcet>
            <wcet number="1">270</wcet>
            <maxpow number="0.8136463519629855"/>
            <maxpow number="0.8136463519629855"/>
            <fprob>0.0</fprob>
        </actor>
        <actor name="D0N3">
            <wcet number="0">10</wcet>
            <wcet number="1">100</wcet>
            <maxpow number="0.43238269079143815"/>
            <maxpow number="0.43238269079143815"/>
            <fprob>0.0</fprob>
        </actor>
        <actor name="D0N23">
            <wcet number="0">40</wcet>
            <wcet number="1">80</wcet>
            <maxpow number="0.46772713615614325"/>
            <maxpow number="0.46772713615614325"/>
            <fprob>0.0</fprob>
        </actor>
        <ports>
            <port dstActor="D0N24" name="p0" srcActor="D0N9"/>
            <port dstActor="D0N11" name="p1" srcActor="D0N9"/>
            <port dstActor="D0N20" name="p2" srcActor="D0N9"/>
            <port dstActor="D0N14" name="p3" srcActor="D0N9"/>
            <port dstActor="D0N33" name="p4" srcActor="D0N30"/>
            <port dstActor="D0N38" name="p5" srcActor="D0N30"/>
            <port dstActor="D0N47" name="p6" srcActor="D0N28"/>
            <port dstActor="D0N36" name="p7" srcActor="D0N28"/>
            <port dstActor="D0N30" name="p8" srcActor="D0N28"/>
            <port dstActor="D0N37" name="p9" srcActor="D0N28"/>
            <port dstActor="D0N43" name="p10" srcActor="D0N28"/>
            <port dstActor="D0N39" name="p11" srcActor="D0N28"/>
            <port dstActor="D0N47" name="p12" srcActor="D0N45"/>
            <port dstActor="D0N46" name="p13" srcActor="D0N45"/>
            <port dstActor="D0N41" name="p14" srcActor="D0N32"/>
            <port dstActor="D0N42" name="p15" srcActor="D0N32"/>
            <port dstActor="D0N34" name="p16" srcActor="D0N18"/>
            <port dstActor="D0N25" name="p17" srcActor="D0N18"/>
            <port dstActor="D0N30" name="p18" srcActor="D0N18"/>
            <port dstActor="D0N46" name="p19" srcActor="D0N42"/>
            <port dstActor="D0N17" name="p20" srcActor="D0N16"/>
            <port dstActor="D0N21" name="p21" srcActor="D0N16"/>
            <port dstActor="D0N26" name="p22" srcActor="D0N16"/>
            <port dstActor="D0N20" name="p23" srcActor="D0N16"/>
            <port dstActor="D0N42" name="p24" srcActor="D0N27"/>
            <port dstActor="D0N36" name="p25" srcActor="D0N27"/>
            <port dstActor="D0N32" name="p26" srcActor="D0N8"/>
            <port dstActor="D0N18" name="p27" srcActor="D0N8"/>
            <port dstActor="D0N33" name="p28" srcActor="D0N8"/>
            <port dstActor="D0N29" name="p29" srcActor="D0N8"/>
            <port dstActor="D0N40" name="p30" srcActor="D0N8"/>
            <port dstActor="D0N43" name="p31" srcActor="D0N5"/>
            <port dstActor="D0N24" name="p32" srcActor="D0N5"/>
            <port dstActor="D0N47" name="p33" srcActor="D0N5"/>
            <port dstActor="D0N32" name="p34" srcActor="D0N5"/>
            <port dstActor="D0N39" name="p35" srcActor="D0N34"/>
            <port dstActor="D0N41" name="p36" srcActor="D0N34"/>
            <port dstActor="D0N39" name="p37" srcActor="D0N36"/>
            <port dstActor="D0N47" name="p38" srcActor="D0N7"/>
            <port dstActor="D0N46" name="p39" srcActor="D0N7"/>
            <port dstActor="D0N33" name="p40" srcActor="D0N2"/>
            <port dstActor="D0N17" name="p41" srcActor="D0N2"/>
            <port dstActor="D0N42" name="p42" srcActor="D0N2"/>
            <port dstActor="D0N27" name="p43" srcActor="D0N2"/>
            <port dstActor="D0N7" name="p44" srcActor="D0N2"/>
            <port dstActor="D0N4" name="p45" srcActor="D0N2"/>
            <port dstActor="D0N22" name="p46" srcActor="D0N2"/>
            <port dstActor="D0N32" name="p47" srcActor="D0N2"/>
            <port dstActor="D0N35" name="p48" srcActor="D0N14"/>
            <port dstActor="D0N45" name="p49" srcActor="D0N14"/>
            <port dstActor="D0N33" name="p50" srcActor="D0N14"/>
            <port dstActor="D0N45" name="p51" srcActor="D0N20"/>
            <port dstActor="D0N23" name="p52" srcActor="D0N20"/>
            <port dstActor="D0N42" name="p53" srcActor="D0N35"/>
            <port dstActor="D0N38" name="p54" srcActor="D0N35"/>
            <port dstActor="D0N37" name="p55" srcActor="D0N35"/>
            <port dstActor="D0N38" name="p56" srcActor="D0N25"/>
            <port dstActor="D0N28" name="p57" srcActor="D0N25"/>
            <port dstActor="D0N39" name="p58" srcActor="D0N25"/>
            <port dstActor="D0N37" name="p59" srcActor="D0N33"/>
            <port dstActor="D0N39" name="p60" srcActor="D0N33"/>
            <port dstActor="D0N46" name="p61" srcActor="D0N33"/>
            <port dstActor="D0N42" name="p62" srcActor="D0N0"/>
            <port dstActor="D0N14" name="p63" srcActor="D0N0"/>
            <port dstActor="D0N27" name="p64" srcActor="D0N0"/>
            <port dstActor="D0N26" name="p65" srcActor="D0N12"/>
            <port dstActor="D0N44" name="p66" srcActor="D0N21"/>
            <port dstActor="D0N38" name="p67" srcActor="D0N21"/>
            <port dstActor="D0N41" name="p68" srcActor="D0N21"/>
            <port dstActor="D0N22" name="p69" srcActor="D0N21"/>
            <port dstActor="D0N24" name="p70" srcActor="D0N22"/>
            <port dstActor="D0N40" name="p71" srcActor="D0N22"/>
            <port dstActor="D0N43" name="p72" srcActor="D0N22"/>
            <port dstActor="D0N38" name="p73" srcActor="D0N22"/>
            <port dstActor="D0N45" name="p74" srcActor="D0N22"/>
            <port dstActor="D0N46" name="p75" srcActor="D0N22"/>
            <port dstActor="D0N34" name="p76" srcActor="D0N22"/>
            <port dstActor="D0N45" name="p77" srcActor="D0N41"/>
            <port dstActor="D0N29" name="p78" srcActor="D0N11"/>
            <port dstActor="D0N24" name="p79" srcActor="D0N11"/>
            <port dstActor="D0N16" name="p80" srcActor="D0N11"/>
            <port dstActor="D0N47" name="p81" srcActor="D0N31"/>
            <port dstActor="D0N35" name="p82" srcActor="D0N31"/>
            <port dstActor="D0N42" name="p83" srcActor="D0N31"/>
            <port dstActor="D0N48" name="p84" srcActor="D0N4"/>
            <port dstActor="D0N6" name="p85" srcActor="D0N4"/>
            <port dstActor="D0N33" name="p86" srcActor="D0N24"/>
            <port dstActor="D0N44" name="p87" srcActor="D0N24"/>
            <port dstActor="D0N40" name="p88" srcActor="D0N24"/>
            <port dstActor="D0N39" name="p89" srcActor="D0N24"/>
            <port dstActor="D0N45" name="p90" srcActor="D0N15"/>
            <port dstActor="D0N38" name="p91" srcActor="D0N15"/>
            <port dstActor="D0N48" name="p92" srcActor="D0N15"/>
            <port dstActor="D0N24" name="p93" srcActor="D0N15"/>
            <port dstActor="D0N27" name="p94" srcActor="D0N15"/>
            <port dstActor="D0N37" name="p95" srcActor="D0N15"/>
            <port dstActor="D0N18" name="p96" srcActor="D0N6"/>
            <port dstActor="D0N20" name="p97" srcActor="D0N6"/>
            <port dstActor="D0N24" name="p98" srcActor="D0N6"/>
            <port dstActor="D0N44" name="p99" srcActor="D0N6"/>
            <port dstActor="D0N12" name="p100" srcActor="D0N6"/>
            <port dstActor="D0N46" name="p101" srcActor="D0N6"/>
            <port dstActor="D0N28" name="p102" srcActor="D0N19"/>
            <port dstActor="D0N31" name="p103" srcActor="D0N19"/>
            <port dstActor="D0N29" name="p104" srcActor="D0N17"/>
            <port dstActor="D0N37" name="p105" srcActor="D0N17"/>
            <port dstActor="D0N33" name="p106" srcActor="D0N17"/>
            <port dstActor="D0N41" name="p107" srcActor="D0N17"/>
            <port dstActor="D0N40" name="p108" srcActor="D0N39"/>
            <port dstActor="D0N44" name="p109" srcActor="D0N39"/>
            <port dstActor="D0N30" name="p110" srcActor="D0N10"/>
            <port dstActor="D0N44" name="p111" srcActor="D0N10"/>
            <port dstActor="D0N43" name="p112" srcActor="D0N40"/>
            <port dstActor="D0N48" name="p113" srcActor="D0N40"/>
            <port dstActor="D0N47" name="p114" srcActor="D0N38"/>
            <port dstActor="D0N35" name="p115" srcActor="D0N26"/>
            <port dstActor="D0N41" name="p116" srcActor="D0N26"/>
            <port dstActor="D0N45" name="p117" srcActor="D0N26"/>
            <port dstActor="D0N25" name="p118" srcActor="D0N13"/>
            <port dstActor="D0N24" name="p119" srcActor="D0N13"/>
            <port dstActor="D0N42" name="p120" srcActor="D0N13"/>
            <port dstActor="D0N21" name="p121" srcActor="D0N13"/>
            <port dstActor="D0N39" name="p122" srcActor="D0N13"/>
            <port dstActor="D0N23" name="p123" srcActor="D0N13"/>
            <port dstActor="D0N37" name="p124" srcActor="D0N1"/>
            <port dstActor="D0N42" name="p125" srcActor="D0N1"/>
            <port dstActor="D0N4" name="p126" srcActor="D0N1"/>
            <port dstActor="D0N27" name="p127" srcActor="D0N3"/>
            <port dstActor="D0N47" name="p128" srcActor="D0N3"/>
            <port dstActor="D0N11" name="p129" srcActor="D0N3"/>
            <port dstActor="D0N41" name="p130" srcActor="D0N3"/>
            <port dstActor="D0N20" name="p131" srcActor="D0N3"/>
            <port dstActor="D0N44" name="p132" srcActor="D0N23"/>
            <port dstActor="D0N31" name="p133" srcActor="D0N23"/>
            <port dstActor="D0N42" name="p134" srcActor="D0N23"/>
        </ports>
    </mcdag>
    <cores number="3"/>
    <levels number="2"/>
</mcsystem>
