<?xml version="1.0" encoding="UTF-8" standalone="no"?>
<mcsystem>
    <mcdag deadline="2500" name="genned-0-ed-10.0-0">
        <actor name="D0N4">
            <wcet number="0">10</wcet>
            <wcet number="1">40</wcet>
            <maxpow number="0.8383815122233941"/>
            <maxpow number="0.8383815122233941"/>
            <fprob>0.0</fprob>
        </actor>
        <actor name="D0N21">
            <wcet number="0">10</wcet>
            <wcet number="1">70</wcet>
            <maxpow number="0.37733151224609535"/>
            <maxpow number="0.37733151224609535"/>
            <fprob>0.0</fprob>
        </actor>
        <actor name="D0N22">
            <wcet number="0">90</wcet>
            <wcet number="1">100</wcet>
            <maxpow number="0.610901892901612"/>
            <maxpow number="0.610901892901612"/>
            <fprob>0.0</fprob>
        </actor>
        <actor name="D0N35">
            <wcet number="0">130</wcet>
            <wcet number="1">220</wcet>
            <maxpow number="0.5180363660569668"/>
            <maxpow number="0.5180363660569668"/>
            <fprob>0.0</fprob>
        </actor>
        <actor name="D0N6">
            <wcet number="0">10</wcet>
            <wcet number="1">30</wcet>
            <maxpow number="0.6597060709992132"/>
            <maxpow number="0.6597060709992132"/>
            <fprob>0.0</fprob>
        </actor>
        <actor name="D0N28">
            <wcet number="0">30</wcet>
            <wcet number="1">70</wcet>
            <maxpow number="0.8210026108827959"/>
            <maxpow number="0.8210026108827959"/>
            <fprob>0.0</fprob>
        </actor>
        <actor name="D0N30">
            <wcet number="0">20</wcet>
            <wcet number="1">50</wcet>
            <maxpow number="0.43929152923218023"/>
            <maxpow number="0.43929152923218023"/>
            <fprob>0.0</fprob>
        </actor>
        <actor name="D0N32">
            <wcet number="0">120</wcet>
            <wcet number="1">210</wcet>
            <maxpow number="0.7279207315643851"/>
            <maxpow number="0.7279207315643851"/>
            <fprob>0.0</fprob>
        </actor>
        <actor name="D0N31">
            <wcet number="0">10</wcet>
            <wcet number="1">10</wcet>
            <maxpow number="0.7164268826050144"/>
            <maxpow number="0.7164268826050144"/>
            <fprob>0.0</fprob>
        </actor>
        <actor name="D0N13">
            <wcet number="0">100</wcet>
            <wcet number="1">450</wcet>
            <maxpow number="0.6745512519780564"/>
            <maxpow number="0.6745512519780564"/>
            <fprob>0.0</fprob>
        </actor>
        <actor name="D0N14">
            <wcet number="0">10</wcet>
            <wcet number="1">120</wcet>
            <maxpow number="0.5650845691650224"/>
            <maxpow number="0.5650845691650224"/>
            <fprob>0.0</fprob>
        </actor>
        <actor name="D0N47">
            <wcet number="0">110</wcet>
            <wcet number="1">150</wcet>
            <maxpow number="0.34911509120629475"/>
            <maxpow number="0.34911509120629475"/>
            <fprob>0.0</fprob>
        </actor>
        <actor name="D0N24">
            <wcet number="0">30</wcet>
            <wcet number="1">40</wcet>
            <maxpow number="0.3765895425910733"/>
            <maxpow number="0.3765895425910733"/>
            <fprob>0.0</fprob>
        </actor>
        <actor name="D0N45">
            <wcet number="0">40</wcet>
            <wcet number="1">40</wcet>
            <maxpow number="0.38553675868184767"/>
            <maxpow number="0.38553675868184767"/>
            <fprob>0.0</fprob>
        </actor>
        <actor name="D0N11">
            <wcet number="0">30</wcet>
            <wcet number="1">30</wcet>
            <maxpow number="0.5520215297175829"/>
            <maxpow number="0.5520215297175829"/>
            <fprob>0.0</fprob>
        </actor>
        <actor name="D0N27">
            <wcet number="0">10</wcet>
            <wcet number="1">10</wcet>
            <maxpow number="0.7069633538829425"/>
            <maxpow number="0.7069633538829425"/>
            <fprob>0.0</fprob>
        </actor>
        <actor name="D0N39">
            <wcet number="0">70</wcet>
            <wcet number="1">90</wcet>
            <maxpow number="0.6821784997549635"/>
            <maxpow number="0.6821784997549635"/>
            <fprob>0.0</fprob>
        </actor>
        <actor name="D0N46">
            <wcet number="0">10</wcet>
            <wcet number="1">10</wcet>
            <maxpow number="0.6477178366788765"/>
            <maxpow number="0.6477178366788765"/>
            <fprob>0.0</fprob>
        </actor>
        <actor name="D0N44">
            <wcet number="0">10</wcet>
            <wcet number="1">70</wcet>
            <maxpow number="0.189857698995678"/>
            <maxpow number="0.189857698995678"/>
            <fprob>0.0</fprob>
        </actor>
        <actor name="D0N3">
            <wcet number="0">330</wcet>
            <wcet number="1">340</wcet>
            <maxpow number="0.5465089160969757"/>
            <maxpow number="0.5465089160969757"/>
            <fprob>0.0</fprob>
        </actor>
        <actor name="D0N38">
            <wcet number="0">180</wcet>
            <wcet number="1">250</wcet>
            <maxpow number="0.6919586659211434"/>
            <maxpow number="0.6919586659211434"/>
            <fprob>0.0</fprob>
        </actor>
        <actor name="D0N7">
            <wcet number="0">40</wcet>
            <wcet number="1">310</wcet>
            <maxpow number="0.7856985718690055"/>
            <maxpow number="0.7856985718690055"/>
            <fprob>0.0</fprob>
        </actor>
        <actor name="D0N43">
            <wcet number="0">80</wcet>
            <wcet number="1">180</wcet>
            <maxpow number="0.3943612257297152"/>
            <maxpow number="0.3943612257297152"/>
            <fprob>0.0</fprob>
        </actor>
        <actor name="D0N9">
            <wcet number="0">90</wcet>
            <wcet number="1">90</wcet>
            <maxpow number="0.49981317770759537"/>
            <maxpow number="0.49981317770759537"/>
            <fprob>0.0</fprob>
        </actor>
        <actor name="D0N42">
            <wcet number="0">30</wcet>
            <wcet number="1">90</wcet>
            <maxpow number="0.3417087840846884"/>
            <maxpow number="0.3417087840846884"/>
            <fprob>0.0</fprob>
        </actor>
        <actor name="D0N37">
            <wcet number="0">30</wcet>
            <wcet number="1">60</wcet>
            <maxpow number="0.44755891778419143"/>
            <maxpow number="0.44755891778419143"/>
            <fprob>0.0</fprob>
        </actor>
        <actor name="D0N5">
            <wcet number="0">30</wcet>
            <wcet number="1">30</wcet>
            <maxpow number="0.6566967139514697"/>
            <maxpow number="0.6566967139514697"/>
            <fprob>0.0</fprob>
        </actor>
        <actor name="D0N20">
            <wcet number="0">140</wcet>
            <wcet number="1">170</wcet>
            <maxpow number="0.6277712336223585"/>
            <maxpow number="0.6277712336223585"/>
            <fprob>0.0</fprob>
        </actor>
        <actor name="D0N23">
            <wcet number="0">10</wcet>
            <wcet number="1">10</wcet>
            <maxpow number="0.185110653164281"/>
            <maxpow number="0.185110653164281"/>
            <fprob>0.0</fprob>
        </actor>
        <actor name="D0N19">
            <wcet number="0">10</wcet>
            <wcet number="1">40</wcet>
            <maxpow number="0.4550375027993514"/>
            <maxpow number="0.4550375027993514"/>
            <fprob>0.0</fprob>
        </actor>
        <actor name="D0N18">
            <wcet number="0">90</wcet>
            <wcet number="1">100</wcet>
            <maxpow number="0.8488160317035403"/>
            <maxpow number="0.8488160317035403"/>
            <fprob>0.0</fprob>
        </actor>
        <actor name="D0N25">
            <wcet number="0">100</wcet>
            <wcet number="1">130</wcet>
            <maxpow number="0.6909030000467352"/>
            <maxpow number="0.6909030000467352"/>
            <fprob>0.0</fprob>
        </actor>
        <actor name="D0N2">
            <wcet number="0">20</wcet>
            <wcet number="1">50</wcet>
            <maxpow number="0.5563294825604759"/>
            <maxpow number="0.5563294825604759"/>
            <fprob>0.0</fprob>
        </actor>
        <actor name="D0N26">
            <wcet number="0">80</wcet>
            <wcet number="1">140</wcet>
            <maxpow number="0.2786153854056455"/>
            <maxpow number="0.2786153854056455"/>
            <fprob>0.0</fprob>
        </actor>
        <actor name="D0N10">
            <wcet number="0">10</wcet>
            <wcet number="1">120</wcet>
            <maxpow number="0.1849139948262743"/>
            <maxpow number="0.1849139948262743"/>
            <fprob>0.0</fprob>
        </actor>
        <actor name="D0N29">
            <wcet number="0">140</wcet>
            <wcet number="1">160</wcet>
            <maxpow number="0.5796601422527379"/>
            <maxpow number="0.5796601422527379"/>
            <fprob>0.0</fprob>
        </actor>
        <actor name="D0N41">
            <wcet number="0">100</wcet>
            <wcet number="1">750</wcet>
            <maxpow number="0.5855997895866839"/>
            <maxpow number="0.5855997895866839"/>
            <fprob>0.0</fprob>
        </actor>
        <actor name="D0N17">
            <wcet number="0">50</wcet>
            <wcet number="1">90</wcet>
            <maxpow number="0.6855874287012359"/>
            <maxpow number="0.6855874287012359"/>
            <fprob>0.0</fprob>
        </actor>
        <actor name="D0N8">
            <wcet number="0">20</wcet>
            <wcet number="1">30</wcet>
            <maxpow number="0.725188556494864"/>
            <maxpow number="0.725188556494864"/>
            <fprob>0.0</fprob>
        </actor>
        <actor name="D0N48">
            <wcet number="0">80</wcet>
            <wcet number="1">100</wcet>
            <maxpow number="0.45436362702890715"/>
            <maxpow number="0.45436362702890715"/>
            <fprob>0.0</fprob>
        </actor>
        <actor name="D0N34">
            <wcet number="0">200</wcet>
            <wcet number="1">330</wcet>
            <maxpow number="0.6153141687645064"/>
            <maxpow number="0.6153141687645064"/>
            <fprob>0.0</fprob>
        </actor>
        <actor name="D0N0">
            <wcet number="0">30</wcet>
            <wcet number="1">80</wcet>
            <maxpow number="0.22033116051618468"/>
            <maxpow number="0.22033116051618468"/>
            <fprob>0.0</fprob>
        </actor>
        <actor name="D0N36">
            <wcet number="0">10</wcet>
            <wcet number="1">10</wcet>
            <maxpow number="0.4772482158711976"/>
            <maxpow number="0.4772482158711976"/>
            <fprob>0.0</fprob>
        </actor>
        <actor name="D0N33">
            <wcet number="0">10</wcet>
            <wcet number="1">50</wcet>
            <maxpow number="0.7285087896961807"/>
            <maxpow number="0.7285087896961807"/>
            <fprob>0.0</fprob>
        </actor>
        <actor name="D0N1">
            <wcet number="0">280</wcet>
            <wcet number="1">290</wcet>
            <maxpow number="0.7671400159555116"/>
            <maxpow number="0.7671400159555116"/>
            <fprob>0.0</fprob>
        </actor>
        <actor name="D0N16">
            <wcet number="0">30</wcet>
            <wcet number="1">40</wcet>
            <maxpow number="0.1965798067352723"/>
            <maxpow number="0.1965798067352723"/>
            <fprob>0.0</fprob>
        </actor>
        <actor name="D0N12">
            <wcet number="0">20</wcet>
            <wcet number="1">20</wcet>
            <maxpow number="0.2026992719069406"/>
            <maxpow number="0.2026992719069406"/>
            <fprob>0.0</fprob>
        </actor>
        <actor name="D0N15">
            <wcet number="0">50</wcet>
            <wcet number="1">50</wcet>
            <maxpow number="0.44471033963144596"/>
            <maxpow number="0.44471033963144596"/>
            <fprob>0.0</fprob>
        </actor>
        <actor name="D0N40">
            <wcet number="0">70</wcet>
            <wcet number="1">80</wcet>
            <maxpow number="0.41351876101189977"/>
            <maxpow number="0.41351876101189977"/>
            <fprob>0.0</fprob>
        </actor>
        <ports>
            <port dstActor="D0N41" name="p0" srcActor="D0N4"/>
            <port dstActor="D0N25" name="p1" srcActor="D0N4"/>
            <port dstActor="D0N32" name="p2" srcActor="D0N4"/>
            <port dstActor="D0N38" name="p3" srcActor="D0N4"/>
            <port dstActor="D0N28" name="p4" srcActor="D0N21"/>
            <port dstActor="D0N34" name="p5" srcActor="D0N22"/>
            <port dstActor="D0N28" name="p6" srcActor="D0N22"/>
            <port dstActor="D0N29" name="p7" srcActor="D0N22"/>
            <port dstActor="D0N47" name="p8" srcActor="D0N22"/>
            <port dstActor="D0N38" name="p9" srcActor="D0N22"/>
            <port dstActor="D0N45" name="p10" srcActor="D0N35"/>
            <port dstActor="D0N36" name="p11" srcActor="D0N6"/>
            <port dstActor="D0N44" name="p12" srcActor="D0N6"/>
            <port dstActor="D0N14" name="p13" srcActor="D0N6"/>
            <port dstActor="D0N20" name="p14" srcActor="D0N6"/>
            <port dstActor="D0N7" name="p15" srcActor="D0N6"/>
            <port dstActor="D0N11" name="p16" srcActor="D0N6"/>
            <port dstActor="D0N41" name="p17" srcActor="D0N6"/>
            <port dstActor="D0N30" name="p18" srcActor="D0N6"/>
            <port dstActor="D0N46" name="p19" srcActor="D0N28"/>
            <port dstActor="D0N36" name="p20" srcActor="D0N28"/>
            <port dstActor="D0N34" name="p21" srcActor="D0N28"/>
            <port dstActor="D0N48" name="p22" srcActor="D0N28"/>
            <port dstActor="D0N44" name="p23" srcActor="D0N32"/>
            <port dstActor="D0N44" name="p24" srcActor="D0N31"/>
            <port dstActor="D0N18" name="p25" srcActor="D0N13"/>
            <port dstActor="D0N33" name="p26" srcActor="D0N13"/>
            <port dstActor="D0N26" name="p27" srcActor="D0N13"/>
            <port dstActor="D0N17" name="p28" srcActor="D0N13"/>
            <port dstActor="D0N27" name="p29" srcActor="D0N13"/>
            <port dstActor="D0N15" name="p30" srcActor="D0N14"/>
            <port dstActor="D0N46" name="p31" srcActor="D0N14"/>
            <port dstActor="D0N34" name="p32" srcActor="D0N24"/>
            <port dstActor="D0N30" name="p33" srcActor="D0N11"/>
            <port dstActor="D0N47" name="p34" srcActor="D0N11"/>
            <port dstActor="D0N20" name="p35" srcActor="D0N11"/>
            <port dstActor="D0N43" name="p36" srcActor="D0N27"/>
            <port dstActor="D0N48" name="p37" srcActor="D0N39"/>
            <port dstActor="D0N40" name="p38" srcActor="D0N39"/>
            <port dstActor="D0N42" name="p39" srcActor="D0N39"/>
            <port dstActor="D0N34" name="p40" srcActor="D0N3"/>
            <port dstActor="D0N37" name="p41" srcActor="D0N3"/>
            <port dstActor="D0N27" name="p42" srcActor="D0N3"/>
            <port dstActor="D0N48" name="p43" srcActor="D0N3"/>
            <port dstActor="D0N46" name="p44" srcActor="D0N38"/>
            <port dstActor="D0N19" name="p45" srcActor="D0N7"/>
            <port dstActor="D0N15" name="p46" srcActor="D0N7"/>
            <port dstActor="D0N48" name="p47" srcActor="D0N7"/>
            <port dstActor="D0N17" name="p48" srcActor="D0N7"/>
            <port dstActor="D0N20" name="p49" srcActor="D0N7"/>
            <port dstActor="D0N40" name="p50" srcActor="D0N7"/>
            <port dstActor="D0N46" name="p51" srcActor="D0N43"/>
            <port dstActor="D0N42" name="p52" srcActor="D0N9"/>
            <port dstActor="D0N34" name="p53" srcActor="D0N9"/>
            <port dstActor="D0N11" name="p54" srcActor="D0N9"/>
            <port dstActor="D0N25" name="p55" srcActor="D0N9"/>
            <port dstActor="D0N45" name="p56" srcActor="D0N42"/>
            <port dstActor="D0N43" name="p57" srcActor="D0N37"/>
            <port dstActor="D0N38" name="p58" srcActor="D0N37"/>
            <port dstActor="D0N41" name="p59" srcActor="D0N5"/>
            <port dstActor="D0N21" name="p60" srcActor="D0N5"/>
            <port dstActor="D0N31" name="p61" srcActor="D0N5"/>
            <port dstActor="D0N43" name="p62" srcActor="D0N5"/>
            <port dstActor="D0N40" name="p63" srcActor="D0N5"/>
            <port dstActor="D0N36" name="p64" srcActor="D0N5"/>
            <port dstActor="D0N35" name="p65" srcActor="D0N5"/>
            <port dstActor="D0N6" name="p66" srcActor="D0N5"/>
            <port dstActor="D0N11" name="p67" srcActor="D0N5"/>
            <port dstActor="D0N18" name="p68" srcActor="D0N5"/>
            <port dstActor="D0N29" name="p69" srcActor="D0N20"/>
            <port dstActor="D0N23" name="p70" srcActor="D0N20"/>
            <port dstActor="D0N22" name="p71" srcActor="D0N20"/>
            <port dstActor="D0N26" name="p72" srcActor="D0N20"/>
            <port dstActor="D0N41" name="p73" srcActor="D0N20"/>
            <port dstActor="D0N46" name="p74" srcActor="D0N20"/>
            <port dstActor="D0N38" name="p75" srcActor="D0N23"/>
            <port dstActor="D0N41" name="p76" srcActor="D0N23"/>
            <port dstActor="D0N35" name="p77" srcActor="D0N19"/>
            <port dstActor="D0N42" name="p78" srcActor="D0N19"/>
            <port dstActor="D0N26" name="p79" srcActor="D0N19"/>
            <port dstActor="D0N43" name="p80" srcActor="D0N19"/>
            <port dstActor="D0N23" name="p81" srcActor="D0N18"/>
            <port dstActor="D0N47" name="p82" srcActor="D0N18"/>
            <port dstActor="D0N30" name="p83" srcActor="D0N25"/>
            <port dstActor="D0N6" name="p84" srcActor="D0N2"/>
            <port dstActor="D0N29" name="p85" srcActor="D0N2"/>
            <port dstActor="D0N16" name="p86" srcActor="D0N2"/>
            <port dstActor="D0N36" name="p87" srcActor="D0N2"/>
            <port dstActor="D0N28" name="p88" srcActor="D0N2"/>
            <port dstActor="D0N40" name="p89" srcActor="D0N2"/>
            <port dstActor="D0N44" name="p90" srcActor="D0N2"/>
            <port dstActor="D0N41" name="p91" srcActor="D0N26"/>
            <port dstActor="D0N16" name="p92" srcActor="D0N10"/>
            <port dstActor="D0N33" name="p93" srcActor="D0N17"/>
            <port dstActor="D0N23" name="p94" srcActor="D0N17"/>
            <port dstActor="D0N47" name="p95" srcActor="D0N17"/>
            <port dstActor="D0N22" name="p96" srcActor="D0N17"/>
            <port dstActor="D0N24" name="p97" srcActor="D0N8"/>
            <port dstActor="D0N34" name="p98" srcActor="D0N8"/>
            <port dstActor="D0N35" name="p99" srcActor="D0N8"/>
            <port dstActor="D0N30" name="p100" srcActor="D0N8"/>
            <port dstActor="D0N33" name="p101" srcActor="D0N8"/>
            <port dstActor="D0N45" name="p102" srcActor="D0N34"/>
            <port dstActor="D0N47" name="p103" srcActor="D0N34"/>
            <port dstActor="D0N46" name="p104" srcActor="D0N34"/>
            <port dstActor="D0N36" name="p105" srcActor="D0N34"/>
            <port dstActor="D0N1" name="p106" srcActor="D0N0"/>
            <port dstActor="D0N43" name="p107" srcActor="D0N0"/>
            <port dstActor="D0N23" name="p108" srcActor="D0N0"/>
            <port dstActor="D0N39" name="p109" srcActor="D0N0"/>
            <port dstActor="D0N11" name="p110" srcActor="D0N0"/>
            <port dstActor="D0N47" name="p111" srcActor="D0N0"/>
            <port dstActor="D0N12" name="p112" srcActor="D0N0"/>
            <port dstActor="D0N33" name="p113" srcActor="D0N0"/>
            <port dstActor="D0N43" name="p114" srcActor="D0N33"/>
            <port dstActor="D0N18" name="p115" srcActor="D0N1"/>
            <port dstActor="D0N21" name="p116" srcActor="D0N16"/>
            <port dstActor="D0N47" name="p117" srcActor="D0N16"/>
            <port dstActor="D0N31" name="p118" srcActor="D0N16"/>
            <port dstActor="D0N38" name="p119" srcActor="D0N12"/>
            <port dstActor="D0N41" name="p120" srcActor="D0N12"/>
            <port dstActor="D0N37" name="p121" srcActor="D0N12"/>
            <port dstActor="D0N16" name="p122" srcActor="D0N12"/>
            <port dstActor="D0N45" name="p123" srcActor="D0N12"/>
            <port dstActor="D0N15" name="p124" srcActor="D0N12"/>
            <port dstActor="D0N30" name="p125" srcActor="D0N15"/>
            <port dstActor="D0N38" name="p126" srcActor="D0N15"/>
            <port dstActor="D0N19" name="p127" srcActor="D0N15"/>
            <port dstActor="D0N26" name="p128" srcActor="D0N15"/>
            <port dstActor="D0N41" name="p129" srcActor="D0N15"/>
        </ports>
    </mcdag>
    <cores number="3"/>
    <levels number="2"/>
</mcsystem>
