<?xml version="1.0" encoding="UTF-8" standalone="no"?>
<mcsystem>
    <mcdag deadline="2200" name="genned-0-ed-10.0-0">
        <actor name="D0N38">
            <wcet number="0">20</wcet>
            <wcet number="1">40</wcet>
            <maxpow number="0.9773078060163827"/>
            <maxpow number="0.9773078060163827"/>
            <fprob>0.0</fprob>
        </actor>
        <actor name="D0N34">
            <wcet number="0">130</wcet>
            <wcet number="1">140</wcet>
            <maxpow number="0.4108015068266134"/>
            <maxpow number="0.4108015068266134"/>
            <fprob>0.0</fprob>
        </actor>
        <actor name="D0N35">
            <wcet number="0">210</wcet>
            <wcet number="1">230</wcet>
            <maxpow number="0.5550021471838679"/>
            <maxpow number="0.5550021471838679"/>
            <fprob>0.0</fprob>
        </actor>
        <actor name="D0N45">
            <wcet number="0">10</wcet>
            <wcet number="1">20</wcet>
            <maxpow number="0.4141465833212229"/>
            <maxpow number="0.4141465833212229"/>
            <fprob>0.0</fprob>
        </actor>
        <actor name="D0N11">
            <wcet number="0">30</wcet>
            <wcet number="1">60</wcet>
            <maxpow number="0.6680299375205776"/>
            <maxpow number="0.6680299375205776"/>
            <fprob>0.0</fprob>
        </actor>
        <actor name="D0N40">
            <wcet number="0">630</wcet>
            <wcet number="1">770</wcet>
            <maxpow number="0.5284860459294286"/>
            <maxpow number="0.5284860459294286"/>
            <fprob>0.0</fprob>
        </actor>
        <actor name="D0N33">
            <wcet number="0">40</wcet>
            <wcet number="1">90</wcet>
            <maxpow number="0.2994649199002982"/>
            <maxpow number="0.2994649199002982"/>
            <fprob>0.0</fprob>
        </actor>
        <actor name="D0N42">
            <wcet number="0">10</wcet>
            <wcet number="1">30</wcet>
            <maxpow number="0.1986111061960858"/>
            <maxpow number="0.1986111061960858"/>
            <fprob>0.0</fprob>
        </actor>
        <actor name="D0N37">
            <wcet number="0">20</wcet>
            <wcet number="1">60</wcet>
            <maxpow number="0.6029484623048375"/>
            <maxpow number="0.6029484623048375"/>
            <fprob>0.0</fprob>
        </actor>
        <actor name="D0N3">
            <wcet number="0">30</wcet>
            <wcet number="1">240</wcet>
            <maxpow number="0.33978901037254294"/>
            <maxpow number="0.33978901037254294"/>
            <fprob>0.0</fprob>
        </actor>
        <actor name="D0N1">
            <wcet number="0">20</wcet>
            <wcet number="1">50</wcet>
            <maxpow number="0.6022556118977496"/>
            <maxpow number="0.6022556118977496"/>
            <fprob>0.0</fprob>
        </actor>
        <actor name="D0N20">
            <wcet number="0">80</wcet>
            <wcet number="1">120</wcet>
            <maxpow number="0.669015211155285"/>
            <maxpow number="0.669015211155285"/>
            <fprob>0.0</fprob>
        </actor>
        <actor name="D0N22">
            <wcet number="0">100</wcet>
            <wcet number="1">110</wcet>
            <maxpow number="0.6725899378474022"/>
            <maxpow number="0.6725899378474022"/>
            <fprob>0.0</fprob>
        </actor>
        <actor name="D0N44">
            <wcet number="0">40</wcet>
            <wcet number="1">50</wcet>
            <maxpow number="0.2989821370208499"/>
            <maxpow number="0.2989821370208499"/>
            <fprob>0.0</fprob>
        </actor>
        <actor name="D0N39">
            <wcet number="0">20</wcet>
            <wcet number="1">190</wcet>
            <maxpow number="0.5346205208188648"/>
            <maxpow number="0.5346205208188648"/>
            <fprob>0.0</fprob>
        </actor>
        <actor name="D0N21">
            <wcet number="0">100</wcet>
            <wcet number="1">110</wcet>
            <maxpow number="0.5373476442080823"/>
            <maxpow number="0.5373476442080823"/>
            <fprob>0.0</fprob>
        </actor>
        <actor name="D0N19">
            <wcet number="0">360</wcet>
            <wcet number="1">630</wcet>
            <maxpow number="0.4500832315980997"/>
            <maxpow number="0.4500832315980997"/>
            <fprob>0.0</fprob>
        </actor>
        <actor name="D0N24">
            <wcet number="0">20</wcet>
            <wcet number="1">30</wcet>
            <maxpow number="0.5105811485732411"/>
            <maxpow number="0.5105811485732411"/>
            <fprob>0.0</fprob>
        </actor>
        <actor name="D0N43">
            <wcet number="0">20</wcet>
            <wcet number="1">110</wcet>
            <maxpow number="0.7435687273416235"/>
            <maxpow number="0.7435687273416235"/>
            <fprob>0.0</fprob>
        </actor>
        <actor name="D0N5">
            <wcet number="0">30</wcet>
            <wcet number="1">130</wcet>
            <maxpow number="0.8899790656588733"/>
            <maxpow number="0.8899790656588733"/>
            <fprob>0.0</fprob>
        </actor>
        <actor name="D0N10">
            <wcet number="0">110</wcet>
            <wcet number="1">110</wcet>
            <maxpow number="0.33803697395916765"/>
            <maxpow number="0.33803697395916765"/>
            <fprob>0.0</fprob>
        </actor>
        <actor name="D0N4">
            <wcet number="0">100</wcet>
            <wcet number="1">120</wcet>
            <maxpow number="0.6774593384749721"/>
            <maxpow number="0.6774593384749721"/>
            <fprob>0.0</fprob>
        </actor>
        <actor name="D0N8">
            <wcet number="0">10</wcet>
            <wcet number="1">10</wcet>
            <maxpow number="0.5141261953159472"/>
            <maxpow number="0.5141261953159472"/>
            <fprob>0.0</fprob>
        </actor>
        <actor name="D0N0">
            <wcet number="0">380</wcet>
            <wcet number="1">430</wcet>
            <maxpow number="0.31994681550746473"/>
            <maxpow number="0.31994681550746473"/>
            <fprob>0.0</fprob>
        </actor>
        <actor name="D0N16">
            <wcet number="0">140</wcet>
            <wcet number="1">220</wcet>
            <maxpow number="0.629227657919255"/>
            <maxpow number="0.629227657919255"/>
            <fprob>0.0</fprob>
        </actor>
        <actor name="D0N9">
            <wcet number="0">90</wcet>
            <wcet number="1">90</wcet>
            <maxpow number="0.5332466063491057"/>
            <maxpow number="0.5332466063491057"/>
            <fprob>0.0</fprob>
        </actor>
        <actor name="D0N2">
            <wcet number="0">10</wcet>
            <wcet number="1">50</wcet>
            <maxpow number="0.26000003215323586"/>
            <maxpow number="0.26000003215323586"/>
            <fprob>0.0</fprob>
        </actor>
        <actor name="D0N13">
            <wcet number="0">20</wcet>
            <wcet number="1">20</wcet>
            <maxpow number="0.6247514602248914"/>
            <maxpow number="0.6247514602248914"/>
            <fprob>0.0</fprob>
        </actor>
        <actor name="D0N17">
            <wcet number="0">60</wcet>
            <wcet number="1">140</wcet>
            <maxpow number="0.39303018216571733"/>
            <maxpow number="0.39303018216571733"/>
            <fprob>0.0</fprob>
        </actor>
        <actor name="D0N27">
            <wcet number="0">70</wcet>
            <wcet number="1">70</wcet>
            <maxpow number="0.7211953608955619"/>
            <maxpow number="0.7211953608955619"/>
            <fprob>0.0</fprob>
        </actor>
        <actor name="D0N41">
            <wcet number="0">120</wcet>
            <wcet number="1">140</wcet>
            <maxpow number="0.6156083109153101"/>
            <maxpow number="0.6156083109153101"/>
            <fprob>0.0</fprob>
        </actor>
        <actor name="D0N25">
            <wcet number="0">10</wcet>
            <wcet number="1">300</wcet>
            <maxpow number="0.6648487935077882"/>
            <maxpow number="0.6648487935077882"/>
            <fprob>0.0</fprob>
        </actor>
        <actor name="D0N28">
            <wcet number="0">170</wcet>
            <wcet number="1">350</wcet>
            <maxpow number="0.579902837041103"/>
            <maxpow number="0.579902837041103"/>
            <fprob>0.0</fprob>
        </actor>
        <actor name="D0N15">
            <wcet number="0">30</wcet>
            <wcet number="1">70</wcet>
            <maxpow number="0.39202235855796086"/>
            <maxpow number="0.39202235855796086"/>
            <fprob>0.0</fprob>
        </actor>
        <actor name="D0N26">
            <wcet number="0">10</wcet>
            <wcet number="1">10</wcet>
            <maxpow number="0.40726927440318017"/>
            <maxpow number="0.40726927440318017"/>
            <fprob>0.0</fprob>
        </actor>
        <actor name="D0N29">
            <wcet number="0">100</wcet>
            <wcet number="1">110</wcet>
            <maxpow number="0.29818383755341626"/>
            <maxpow number="0.29818383755341626"/>
            <fprob>0.0</fprob>
        </actor>
        <actor name="D0N12">
            <wcet number="0">90</wcet>
            <wcet number="1">90</wcet>
            <maxpow number="0.5051455304523291"/>
            <maxpow number="0.5051455304523291"/>
            <fprob>0.0</fprob>
        </actor>
        <actor name="D0N23">
            <wcet number="0">10</wcet>
            <wcet number="1">70</wcet>
            <maxpow number="0.3984890871456218"/>
            <maxpow number="0.3984890871456218"/>
            <fprob>0.0</fprob>
        </actor>
        <actor name="D0N7">
            <wcet number="0">20</wcet>
            <wcet number="1">60</wcet>
            <maxpow number="0.4096765708721493"/>
            <maxpow number="0.4096765708721493"/>
            <fprob>0.0</fprob>
        </actor>
        <actor name="D0N36">
            <wcet number="0">80</wcet>
            <wcet number="1">110</wcet>
            <maxpow number="0.7494601413184704"/>
            <maxpow number="0.7494601413184704"/>
            <fprob>0.0</fprob>
        </actor>
        <actor name="D0N30">
            <wcet number="0">20</wcet>
            <wcet number="1">20</wcet>
            <maxpow number="0.46397641938952583"/>
            <maxpow number="0.46397641938952583"/>
            <fprob>0.0</fprob>
        </actor>
        <actor name="D0N31">
            <wcet number="0">10</wcet>
            <wcet number="1">20</wcet>
            <maxpow number="0.3668154992378295"/>
            <maxpow number="0.3668154992378295"/>
            <fprob>0.0</fprob>
        </actor>
        <actor name="D0N32">
            <wcet number="0">70</wcet>
            <wcet number="1">140</wcet>
            <maxpow number="0.42205504486490764"/>
            <maxpow number="0.42205504486490764"/>
            <fprob>0.0</fprob>
        </actor>
        <actor name="D0N6">
            <wcet number="0">30</wcet>
            <wcet number="1">50</wcet>
            <maxpow number="0.5234939585524371"/>
            <maxpow number="0.5234939585524371"/>
            <fprob>0.0</fprob>
        </actor>
        <actor name="D0N18">
            <wcet number="0">10</wcet>
            <wcet number="1">80</wcet>
            <maxpow number="0.34801661968718367"/>
            <maxpow number="0.34801661968718367"/>
            <fprob>0.0</fprob>
        </actor>
        <actor name="D0N14">
            <wcet number="0">40</wcet>
            <wcet number="1">70</wcet>
            <maxpow number="0.5869227257337454"/>
            <maxpow number="0.5869227257337454"/>
            <fprob>0.0</fprob>
        </actor>
        <ports>
            <port dstActor="D0N18" name="p0" srcActor="D0N11"/>
            <port dstActor="D0N30" name="p1" srcActor="D0N11"/>
            <port dstActor="D0N13" name="p2" srcActor="D0N11"/>
            <port dstActor="D0N41" name="p3" srcActor="D0N11"/>
            <port dstActor="D0N22" name="p4" srcActor="D0N11"/>
            <port dstActor="D0N21" name="p5" srcActor="D0N11"/>
            <port dstActor="D0N23" name="p6" srcActor="D0N11"/>
            <port dstActor="D0N17" name="p7" srcActor="D0N11"/>
            <port dstActor="D0N36" name="p8" srcActor="D0N33"/>
            <port dstActor="D0N35" name="p9" srcActor="D0N33"/>
            <port dstActor="D0N37" name="p10" srcActor="D0N33"/>
            <port dstActor="D0N4" name="p11" srcActor="D0N3"/>
            <port dstActor="D0N9" name="p12" srcActor="D0N3"/>
            <port dstActor="D0N23" name="p13" srcActor="D0N1"/>
            <port dstActor="D0N40" name="p14" srcActor="D0N1"/>
            <port dstActor="D0N27" name="p15" srcActor="D0N20"/>
            <port dstActor="D0N32" name="p16" srcActor="D0N20"/>
            <port dstActor="D0N45" name="p17" srcActor="D0N20"/>
            <port dstActor="D0N32" name="p18" srcActor="D0N22"/>
            <port dstActor="D0N23" name="p19" srcActor="D0N22"/>
            <port dstActor="D0N26" name="p20" srcActor="D0N22"/>
            <port dstActor="D0N31" name="p21" srcActor="D0N22"/>
            <port dstActor="D0N45" name="p22" srcActor="D0N39"/>
            <port dstActor="D0N41" name="p23" srcActor="D0N21"/>
            <port dstActor="D0N44" name="p24" srcActor="D0N19"/>
            <port dstActor="D0N30" name="p25" srcActor="D0N19"/>
            <port dstActor="D0N38" name="p26" srcActor="D0N19"/>
            <port dstActor="D0N36" name="p27" srcActor="D0N19"/>
            <port dstActor="D0N27" name="p28" srcActor="D0N24"/>
            <port dstActor="D0N11" name="p29" srcActor="D0N5"/>
            <port dstActor="D0N34" name="p30" srcActor="D0N5"/>
            <port dstActor="D0N37" name="p31" srcActor="D0N5"/>
            <port dstActor="D0N43" name="p32" srcActor="D0N5"/>
            <port dstActor="D0N21" name="p33" srcActor="D0N5"/>
            <port dstActor="D0N25" name="p34" srcActor="D0N5"/>
            <port dstActor="D0N35" name="p35" srcActor="D0N5"/>
            <port dstActor="D0N13" name="p36" srcActor="D0N10"/>
            <port dstActor="D0N45" name="p37" srcActor="D0N10"/>
            <port dstActor="D0N19" name="p38" srcActor="D0N10"/>
            <port dstActor="D0N39" name="p39" srcActor="D0N4"/>
            <port dstActor="D0N33" name="p40" srcActor="D0N4"/>
            <port dstActor="D0N13" name="p41" srcActor="D0N8"/>
            <port dstActor="D0N34" name="p42" srcActor="D0N8"/>
            <port dstActor="D0N13" name="p43" srcActor="D0N0"/>
            <port dstActor="D0N8" name="p44" srcActor="D0N0"/>
            <port dstActor="D0N34" name="p45" srcActor="D0N0"/>
            <port dstActor="D0N19" name="p46" srcActor="D0N16"/>
            <port dstActor="D0N33" name="p47" srcActor="D0N16"/>
            <port dstActor="D0N25" name="p48" srcActor="D0N9"/>
            <port dstActor="D0N40" name="p49" srcActor="D0N9"/>
            <port dstActor="D0N16" name="p50" srcActor="D0N9"/>
            <port dstActor="D0N25" name="p51" srcActor="D0N2"/>
            <port dstActor="D0N25" name="p52" srcActor="D0N13"/>
            <port dstActor="D0N40" name="p53" srcActor="D0N13"/>
            <port dstActor="D0N19" name="p54" srcActor="D0N13"/>
            <port dstActor="D0N20" name="p55" srcActor="D0N17"/>
            <port dstActor="D0N35" name="p56" srcActor="D0N17"/>
            <port dstActor="D0N40" name="p57" srcActor="D0N27"/>
            <port dstActor="D0N36" name="p58" srcActor="D0N27"/>
            <port dstActor="D0N33" name="p59" srcActor="D0N27"/>
            <port dstActor="D0N30" name="p60" srcActor="D0N27"/>
            <port dstActor="D0N44" name="p61" srcActor="D0N28"/>
            <port dstActor="D0N30" name="p62" srcActor="D0N28"/>
            <port dstActor="D0N31" name="p63" srcActor="D0N28"/>
            <port dstActor="D0N36" name="p64" srcActor="D0N28"/>
            <port dstActor="D0N42" name="p65" srcActor="D0N28"/>
            <port dstActor="D0N24" name="p66" srcActor="D0N15"/>
            <port dstActor="D0N38" name="p67" srcActor="D0N15"/>
            <port dstActor="D0N35" name="p68" srcActor="D0N15"/>
            <port dstActor="D0N28" name="p69" srcActor="D0N26"/>
            <port dstActor="D0N39" name="p70" srcActor="D0N29"/>
            <port dstActor="D0N24" name="p71" srcActor="D0N12"/>
            <port dstActor="D0N39" name="p72" srcActor="D0N12"/>
            <port dstActor="D0N36" name="p73" srcActor="D0N12"/>
            <port dstActor="D0N19" name="p74" srcActor="D0N12"/>
            <port dstActor="D0N24" name="p75" srcActor="D0N23"/>
            <port dstActor="D0N33" name="p76" srcActor="D0N23"/>
            <port dstActor="D0N28" name="p77" srcActor="D0N23"/>
            <port dstActor="D0N39" name="p78" srcActor="D0N23"/>
            <port dstActor="D0N44" name="p79" srcActor="D0N7"/>
            <port dstActor="D0N32" name="p80" srcActor="D0N7"/>
            <port dstActor="D0N15" name="p81" srcActor="D0N7"/>
            <port dstActor="D0N29" name="p82" srcActor="D0N7"/>
            <port dstActor="D0N43" name="p83" srcActor="D0N30"/>
            <port dstActor="D0N45" name="p84" srcActor="D0N30"/>
            <port dstActor="D0N42" name="p85" srcActor="D0N30"/>
            <port dstActor="D0N45" name="p86" srcActor="D0N32"/>
            <port dstActor="D0N39" name="p87" srcActor="D0N6"/>
            <port dstActor="D0N43" name="p88" srcActor="D0N6"/>
            <port dstActor="D0N40" name="p89" srcActor="D0N6"/>
            <port dstActor="D0N44" name="p90" srcActor="D0N18"/>
            <port dstActor="D0N27" name="p91" srcActor="D0N18"/>
            <port dstActor="D0N24" name="p92" srcActor="D0N18"/>
            <port dstActor="D0N40" name="p93" srcActor="D0N18"/>
            <port dstActor="D0N29" name="p94" srcActor="D0N14"/>
            <port dstActor="D0N17" name="p95" srcActor="D0N14"/>
            <port dstActor="D0N21" name="p96" srcActor="D0N14"/>
            <port dstActor="D0N22" name="p97" srcActor="D0N14"/>
            <port dstActor="D0N34" name="p98" srcActor="D0N14"/>
            <port dstActor="D0N37" name="p99" srcActor="D0N14"/>
        </ports>
    </mcdag>
    <cores number="3"/>
    <levels number="2"/>
</mcsystem>
