<?xml version="1.0" encoding="UTF-8" standalone="no"?>
<mcsystem>
    <mcdag deadline="4000" name="genned-0-ed-10.0-0">
        <actor name="D0N10">
            <wcet number="0">470</wcet>
            <wcet number="1">520</wcet>
            <maxpow number="0.7166553756298737"/>
            <maxpow number="0.7166553756298737"/>
            <fprob>0.0</fprob>
        </actor>
        <actor name="D0N22">
            <wcet number="0">30</wcet>
            <wcet number="1">40</wcet>
            <maxpow number="0.7098985280830524"/>
            <maxpow number="0.7098985280830524"/>
            <fprob>0.0</fprob>
        </actor>
        <actor name="D0N29">
            <wcet number="0">10</wcet>
            <wcet number="1">70</wcet>
            <maxpow number="0.6508225264807488"/>
            <maxpow number="0.6508225264807488"/>
            <fprob>0.0</fprob>
        </actor>
        <actor name="D0N36">
            <wcet number="0">210</wcet>
            <wcet number="1">430</wcet>
            <maxpow number="0.643538181241932"/>
            <maxpow number="0.643538181241932"/>
            <fprob>0.0</fprob>
        </actor>
        <actor name="D0N48">
            <wcet number="0">270</wcet>
            <wcet number="1">460</wcet>
            <maxpow number="0.6393846161518042"/>
            <maxpow number="0.6393846161518042"/>
            <fprob>0.0</fprob>
        </actor>
        <actor name="D0N34">
            <wcet number="0">60</wcet>
            <wcet number="1">90</wcet>
            <maxpow number="0.3774156769509221"/>
            <maxpow number="0.3774156769509221"/>
            <fprob>0.0</fprob>
        </actor>
        <actor name="D0N40">
            <wcet number="0">70</wcet>
            <wcet number="1">310</wcet>
            <maxpow number="0.5863830464824525"/>
            <maxpow number="0.5863830464824525"/>
            <fprob>0.0</fprob>
        </actor>
        <actor name="D0N12">
            <wcet number="0">30</wcet>
            <wcet number="1">50</wcet>
            <maxpow number="0.36901580873408146"/>
            <maxpow number="0.36901580873408146"/>
            <fprob>0.0</fprob>
        </actor>
        <actor name="D0N15">
            <wcet number="0">320</wcet>
            <wcet number="1">570</wcet>
            <maxpow number="0.44151098972296227"/>
            <maxpow number="0.44151098972296227"/>
            <fprob>0.0</fprob>
        </actor>
        <actor name="D0N11">
            <wcet number="0">40</wcet>
            <wcet number="1">50</wcet>
            <maxpow number="0.2131826953863799"/>
            <maxpow number="0.2131826953863799"/>
            <fprob>0.0</fprob>
        </actor>
        <actor name="D0N4">
            <wcet number="0">460</wcet>
            <wcet number="1">530</wcet>
            <maxpow number="0.5299979987605241"/>
            <maxpow number="0.5299979987605241"/>
            <fprob>0.0</fprob>
        </actor>
        <actor name="D0N33">
            <wcet number="0">40</wcet>
            <wcet number="1">260</wcet>
            <maxpow number="0.5777447361116408"/>
            <maxpow number="0.5777447361116408"/>
            <fprob>0.0</fprob>
        </actor>
        <actor name="D0N38">
            <wcet number="0">50</wcet>
            <wcet number="1">100</wcet>
            <maxpow number="0.6540402907598581"/>
            <maxpow number="0.6540402907598581"/>
            <fprob>0.0</fprob>
        </actor>
        <actor name="D0N20">
            <wcet number="0">50</wcet>
            <wcet number="1">180</wcet>
            <maxpow number="0.14950934051796777"/>
            <maxpow number="0.14950934051796777"/>
            <fprob>0.0</fprob>
        </actor>
        <actor name="D0N41">
            <wcet number="0">50</wcet>
            <wcet number="1">170</wcet>
            <maxpow number="0.703268725846147"/>
            <maxpow number="0.703268725846147"/>
            <fprob>0.0</fprob>
        </actor>
        <actor name="D0N19">
            <wcet number="0">60</wcet>
            <wcet number="1">90</wcet>
            <maxpow number="0.6936566415200768"/>
            <maxpow number="0.6936566415200768"/>
            <fprob>0.0</fprob>
        </actor>
        <actor name="D0N44">
            <wcet number="0">10</wcet>
            <wcet number="1">40</wcet>
            <maxpow number="0.517933554419998"/>
            <maxpow number="0.517933554419998"/>
            <fprob>0.0</fprob>
        </actor>
        <actor name="D0N23">
            <wcet number="0">80</wcet>
            <wcet number="1">110</wcet>
            <maxpow number="0.3143363966483913"/>
            <maxpow number="0.3143363966483913"/>
            <fprob>0.0</fprob>
        </actor>
        <actor name="D0N37">
            <wcet number="0">210</wcet>
            <wcet number="1">350</wcet>
            <maxpow number="0.4147249939629577"/>
            <maxpow number="0.4147249939629577"/>
            <fprob>0.0</fprob>
        </actor>
        <actor name="D0N17">
            <wcet number="0">10</wcet>
            <wcet number="1">150</wcet>
            <maxpow number="0.36147597510222923"/>
            <maxpow number="0.36147597510222923"/>
            <fprob>0.0</fprob>
        </actor>
        <actor name="D0N30">
            <wcet number="0">40</wcet>
            <wcet number="1">120</wcet>
            <maxpow number="0.5367313340289804"/>
            <maxpow number="0.5367313340289804"/>
            <fprob>0.0</fprob>
        </actor>
        <actor name="D0N18">
            <wcet number="0">80</wcet>
            <wcet number="1">240</wcet>
            <maxpow number="0.5907950737163721"/>
            <maxpow number="0.5907950737163721"/>
            <fprob>0.0</fprob>
        </actor>
        <actor name="D0N16">
            <wcet number="0">60</wcet>
            <wcet number="1">390</wcet>
            <maxpow number="0.3435298015552255"/>
            <maxpow number="0.3435298015552255"/>
            <fprob>0.0</fprob>
        </actor>
        <actor name="D0N24">
            <wcet number="0">190</wcet>
            <wcet number="1">280</wcet>
            <maxpow number="0.5002542549566318"/>
            <maxpow number="0.5002542549566318"/>
            <fprob>0.0</fprob>
        </actor>
        <actor name="D0N25">
            <wcet number="0">150</wcet>
            <wcet number="1">210</wcet>
            <maxpow number="0.3670765087118448"/>
            <maxpow number="0.3670765087118448"/>
            <fprob>0.0</fprob>
        </actor>
        <actor name="D0N45">
            <wcet number="0">20</wcet>
            <wcet number="1">30</wcet>
            <maxpow number="0.7527196679016792"/>
            <maxpow number="0.7527196679016792"/>
            <fprob>0.0</fprob>
        </actor>
        <actor name="D0N7">
            <wcet number="0">40</wcet>
            <wcet number="1">130</wcet>
            <maxpow number="0.7779447391807127"/>
            <maxpow number="0.7779447391807127"/>
            <fprob>0.0</fprob>
        </actor>
        <actor name="D0N47">
            <wcet number="0">120</wcet>
            <wcet number="1">180</wcet>
            <maxpow number="0.6776966810629492"/>
            <maxpow number="0.6776966810629492"/>
            <fprob>0.0</fprob>
        </actor>
        <actor name="D0N49">
            <wcet number="0">110</wcet>
            <wcet number="1">130</wcet>
            <maxpow number="0.5172004972042978"/>
            <maxpow number="0.5172004972042978"/>
            <fprob>0.0</fprob>
        </actor>
        <actor name="D0N26">
            <wcet number="0">20</wcet>
            <wcet number="1">70</wcet>
            <maxpow number="0.5010217014960713"/>
            <maxpow number="0.5010217014960713"/>
            <fprob>0.0</fprob>
        </actor>
        <actor name="D0N13">
            <wcet number="0">80</wcet>
            <wcet number="1">100</wcet>
            <maxpow number="0.5401278415202739"/>
            <maxpow number="0.5401278415202739"/>
            <fprob>0.0</fprob>
        </actor>
        <actor name="D0N32">
            <wcet number="0">10</wcet>
            <wcet number="1">30</wcet>
            <maxpow number="0.4442363785931462"/>
            <maxpow number="0.4442363785931462"/>
            <fprob>0.0</fprob>
        </actor>
        <actor name="D0N5">
            <wcet number="0">140</wcet>
            <wcet number="1">760</wcet>
            <maxpow number="0.42615747944796023"/>
            <maxpow number="0.42615747944796023"/>
            <fprob>0.0</fprob>
        </actor>
        <actor name="D0N28">
            <wcet number="0">410</wcet>
            <wcet number="1">420</wcet>
            <maxpow number="0.6053333883447943"/>
            <maxpow number="0.6053333883447943"/>
            <fprob>0.0</fprob>
        </actor>
        <actor name="D0N0">
            <wcet number="0">120</wcet>
            <wcet number="1">230</wcet>
            <maxpow number="0.506076734125787"/>
            <maxpow number="0.506076734125787"/>
            <fprob>0.0</fprob>
        </actor>
        <actor name="D0N35">
            <wcet number="0">40</wcet>
            <wcet number="1">100</wcet>
            <maxpow number="0.49057951255571397"/>
            <maxpow number="0.49057951255571397"/>
            <fprob>0.0</fprob>
        </actor>
        <actor name="D0N14">
            <wcet number="0">210</wcet>
            <wcet number="1">230</wcet>
            <maxpow number="0.47528300833670084"/>
            <maxpow number="0.47528300833670084"/>
            <fprob>0.0</fprob>
        </actor>
        <actor name="D0N3">
            <wcet number="0">60</wcet>
            <wcet number="1">170</wcet>
            <maxpow number="0.4361037170287201"/>
            <maxpow number="0.4361037170287201"/>
            <fprob>0.0</fprob>
        </actor>
        <actor name="D0N42">
            <wcet number="0">90</wcet>
            <wcet number="1">200</wcet>
            <maxpow number="0.6610955518522841"/>
            <maxpow number="0.6610955518522841"/>
            <fprob>0.0</fprob>
        </actor>
        <actor name="D0N43">
            <wcet number="0">50</wcet>
            <wcet number="1">250</wcet>
            <maxpow number="0.6987176796091341"/>
            <maxpow number="0.6987176796091341"/>
            <fprob>0.0</fprob>
        </actor>
        <actor name="D0N6">
            <wcet number="0">20</wcet>
            <wcet number="1">20</wcet>
            <maxpow number="0.7229137022489408"/>
            <maxpow number="0.7229137022489408"/>
            <fprob>0.0</fprob>
        </actor>
        <actor name="D0N27">
            <wcet number="0">10</wcet>
            <wcet number="1">20</wcet>
            <maxpow number="0.515074922967558"/>
            <maxpow number="0.515074922967558"/>
            <fprob>0.0</fprob>
        </actor>
        <actor name="D0N46">
            <wcet number="0">60</wcet>
            <wcet number="1">80</wcet>
            <maxpow number="0.4765873048509929"/>
            <maxpow number="0.4765873048509929"/>
            <fprob>0.0</fprob>
        </actor>
        <actor name="D0N8">
            <wcet number="0">400</wcet>
            <wcet number="1">490</wcet>
            <maxpow number="0.7304776603721794"/>
            <maxpow number="0.7304776603721794"/>
            <fprob>0.0</fprob>
        </actor>
        <actor name="D0N21">
            <wcet number="0">310</wcet>
            <wcet number="1">340</wcet>
            <maxpow number="0.6786784731779774"/>
            <maxpow number="0.6786784731779774"/>
            <fprob>0.0</fprob>
        </actor>
        <actor name="D0N31">
            <wcet number="0">10</wcet>
            <wcet number="1">20</wcet>
            <maxpow number="0.6008829194532145"/>
            <maxpow number="0.6008829194532145"/>
            <fprob>0.0</fprob>
        </actor>
        <actor name="D0N9">
            <wcet number="0">210</wcet>
            <wcet number="1">260</wcet>
            <maxpow number="0.7454545620572732"/>
            <maxpow number="0.7454545620572732"/>
            <fprob>0.0</fprob>
        </actor>
        <actor name="D0N2">
            <wcet number="0">260</wcet>
            <wcet number="1">290</wcet>
            <maxpow number="0.7482754667164757"/>
            <maxpow number="0.7482754667164757"/>
            <fprob>0.0</fprob>
        </actor>
        <actor name="D0N39">
            <wcet number="0">300</wcet>
            <wcet number="1">350</wcet>
            <maxpow number="0.7868368270109707"/>
            <maxpow number="0.7868368270109707"/>
            <fprob>0.0</fprob>
        </actor>
        <actor name="D0N1">
            <wcet number="0">390</wcet>
            <wcet number="1">490</wcet>
            <maxpow number="0.7900947176988316"/>
            <maxpow number="0.7900947176988316"/>
            <fprob>0.0</fprob>
        </actor>
        <ports>
            <port dstActor="D0N47" name="p0" srcActor="D0N10"/>
            <port dstActor="D0N29" name="p1" srcActor="D0N10"/>
            <port dstActor="D0N39" name="p2" srcActor="D0N10"/>
            <port dstActor="D0N38" name="p3" srcActor="D0N22"/>
            <port dstActor="D0N45" name="p4" srcActor="D0N22"/>
            <port dstActor="D0N46" name="p5" srcActor="D0N22"/>
            <port dstActor="D0N30" name="p6" srcActor="D0N22"/>
            <port dstActor="D0N41" name="p7" srcActor="D0N22"/>
            <port dstActor="D0N24" name="p8" srcActor="D0N22"/>
            <port dstActor="D0N49" name="p9" srcActor="D0N29"/>
            <port dstActor="D0N49" name="p10" srcActor="D0N36"/>
            <port dstActor="D0N44" name="p11" srcActor="D0N36"/>
            <port dstActor="D0N41" name="p12" srcActor="D0N36"/>
            <port dstActor="D0N47" name="p13" srcActor="D0N34"/>
            <port dstActor="D0N47" name="p14" srcActor="D0N40"/>
            <port dstActor="D0N49" name="p15" srcActor="D0N40"/>
            <port dstActor="D0N17" name="p16" srcActor="D0N12"/>
            <port dstActor="D0N49" name="p17" srcActor="D0N12"/>
            <port dstActor="D0N32" name="p18" srcActor="D0N12"/>
            <port dstActor="D0N30" name="p19" srcActor="D0N12"/>
            <port dstActor="D0N49" name="p20" srcActor="D0N15"/>
            <port dstActor="D0N22" name="p21" srcActor="D0N15"/>
            <port dstActor="D0N36" name="p22" srcActor="D0N15"/>
            <port dstActor="D0N42" name="p23" srcActor="D0N15"/>
            <port dstActor="D0N13" name="p24" srcActor="D0N11"/>
            <port dstActor="D0N37" name="p25" srcActor="D0N11"/>
            <port dstActor="D0N35" name="p26" srcActor="D0N4"/>
            <port dstActor="D0N43" name="p27" srcActor="D0N33"/>
            <port dstActor="D0N34" name="p28" srcActor="D0N33"/>
            <port dstActor="D0N49" name="p29" srcActor="D0N33"/>
            <port dstActor="D0N45" name="p30" srcActor="D0N38"/>
            <port dstActor="D0N32" name="p31" srcActor="D0N20"/>
            <port dstActor="D0N49" name="p32" srcActor="D0N20"/>
            <port dstActor="D0N46" name="p33" srcActor="D0N41"/>
            <port dstActor="D0N36" name="p34" srcActor="D0N19"/>
            <port dstActor="D0N45" name="p35" srcActor="D0N19"/>
            <port dstActor="D0N42" name="p36" srcActor="D0N19"/>
            <port dstActor="D0N26" name="p37" srcActor="D0N19"/>
            <port dstActor="D0N37" name="p38" srcActor="D0N19"/>
            <port dstActor="D0N44" name="p39" srcActor="D0N19"/>
            <port dstActor="D0N46" name="p40" srcActor="D0N23"/>
            <port dstActor="D0N38" name="p41" srcActor="D0N23"/>
            <port dstActor="D0N43" name="p42" srcActor="D0N23"/>
            <port dstActor="D0N36" name="p43" srcActor="D0N23"/>
            <port dstActor="D0N44" name="p44" srcActor="D0N37"/>
            <port dstActor="D0N41" name="p45" srcActor="D0N37"/>
            <port dstActor="D0N35" name="p46" srcActor="D0N17"/>
            <port dstActor="D0N43" name="p47" srcActor="D0N17"/>
            <port dstActor="D0N25" name="p48" srcActor="D0N17"/>
            <port dstActor="D0N39" name="p49" srcActor="D0N17"/>
            <port dstActor="D0N33" name="p50" srcActor="D0N17"/>
            <port dstActor="D0N40" name="p51" srcActor="D0N30"/>
            <port dstActor="D0N33" name="p52" srcActor="D0N30"/>
            <port dstActor="D0N31" name="p53" srcActor="D0N18"/>
            <port dstActor="D0N39" name="p54" srcActor="D0N18"/>
            <port dstActor="D0N18" name="p55" srcActor="D0N16"/>
            <port dstActor="D0N28" name="p56" srcActor="D0N16"/>
            <port dstActor="D0N47" name="p57" srcActor="D0N16"/>
            <port dstActor="D0N30" name="p58" srcActor="D0N16"/>
            <port dstActor="D0N36" name="p59" srcActor="D0N16"/>
            <port dstActor="D0N48" name="p60" srcActor="D0N24"/>
            <port dstActor="D0N41" name="p61" srcActor="D0N24"/>
            <port dstActor="D0N43" name="p62" srcActor="D0N25"/>
            <port dstActor="D0N9" name="p63" srcActor="D0N7"/>
            <port dstActor="D0N40" name="p64" srcActor="D0N7"/>
            <port dstActor="D0N42" name="p65" srcActor="D0N7"/>
            <port dstActor="D0N49" name="p66" srcActor="D0N7"/>
            <port dstActor="D0N43" name="p67" srcActor="D0N26"/>
            <port dstActor="D0N39" name="p68" srcActor="D0N26"/>
            <port dstActor="D0N36" name="p69" srcActor="D0N26"/>
            <port dstActor="D0N29" name="p70" srcActor="D0N26"/>
            <port dstActor="D0N29" name="p71" srcActor="D0N13"/>
            <port dstActor="D0N35" name="p72" srcActor="D0N32"/>
            <port dstActor="D0N45" name="p73" srcActor="D0N32"/>
            <port dstActor="D0N36" name="p74" srcActor="D0N32"/>
            <port dstActor="D0N47" name="p75" srcActor="D0N32"/>
            <port dstActor="D0N36" name="p76" srcActor="D0N5"/>
            <port dstActor="D0N32" name="p77" srcActor="D0N5"/>
            <port dstActor="D0N16" name="p78" srcActor="D0N5"/>
            <port dstActor="D0N9" name="p79" srcActor="D0N0"/>
            <port dstActor="D0N5" name="p80" srcActor="D0N0"/>
            <port dstActor="D0N49" name="p81" srcActor="D0N0"/>
            <port dstActor="D0N48" name="p82" srcActor="D0N0"/>
            <port dstActor="D0N25" name="p83" srcActor="D0N0"/>
            <port dstActor="D0N6" name="p84" srcActor="D0N0"/>
            <port dstActor="D0N17" name="p85" srcActor="D0N0"/>
            <port dstActor="D0N2" name="p86" srcActor="D0N0"/>
            <port dstActor="D0N42" name="p87" srcActor="D0N35"/>
            <port dstActor="D0N41" name="p88" srcActor="D0N35"/>
            <port dstActor="D0N34" name="p89" srcActor="D0N14"/>
            <port dstActor="D0N29" name="p90" srcActor="D0N14"/>
            <port dstActor="D0N33" name="p91" srcActor="D0N14"/>
            <port dstActor="D0N32" name="p92" srcActor="D0N14"/>
            <port dstActor="D0N25" name="p93" srcActor="D0N3"/>
            <port dstActor="D0N15" name="p94" srcActor="D0N3"/>
            <port dstActor="D0N40" name="p95" srcActor="D0N3"/>
            <port dstActor="D0N47" name="p96" srcActor="D0N42"/>
            <port dstActor="D0N44" name="p97" srcActor="D0N43"/>
            <port dstActor="D0N48" name="p98" srcActor="D0N43"/>
            <port dstActor="D0N37" name="p99" srcActor="D0N6"/>
            <port dstActor="D0N32" name="p100" srcActor="D0N6"/>
            <port dstActor="D0N36" name="p101" srcActor="D0N6"/>
            <port dstActor="D0N38" name="p102" srcActor="D0N6"/>
            <port dstActor="D0N11" name="p103" srcActor="D0N6"/>
            <port dstActor="D0N34" name="p104" srcActor="D0N6"/>
            <port dstActor="D0N21" name="p105" srcActor="D0N6"/>
            <port dstActor="D0N46" name="p106" srcActor="D0N27"/>
            <port dstActor="D0N48" name="p107" srcActor="D0N27"/>
            <port dstActor="D0N48" name="p108" srcActor="D0N46"/>
            <port dstActor="D0N47" name="p109" srcActor="D0N46"/>
            <port dstActor="D0N28" name="p110" srcActor="D0N8"/>
            <port dstActor="D0N25" name="p111" srcActor="D0N8"/>
            <port dstActor="D0N48" name="p112" srcActor="D0N31"/>
            <port dstActor="D0N29" name="p113" srcActor="D0N9"/>
            <port dstActor="D0N37" name="p114" srcActor="D0N9"/>
            <port dstActor="D0N32" name="p115" srcActor="D0N9"/>
            <port dstActor="D0N30" name="p116" srcActor="D0N9"/>
            <port dstActor="D0N14" name="p117" srcActor="D0N9"/>
            <port dstActor="D0N47" name="p118" srcActor="D0N2"/>
            <port dstActor="D0N21" name="p119" srcActor="D0N2"/>
            <port dstActor="D0N39" name="p120" srcActor="D0N2"/>
            <port dstActor="D0N44" name="p121" srcActor="D0N39"/>
            <port dstActor="D0N43" name="p122" srcActor="D0N39"/>
            <port dstActor="D0N49" name="p123" srcActor="D0N39"/>
            <port dstActor="D0N47" name="p124" srcActor="D0N1"/>
            <port dstActor="D0N37" name="p125" srcActor="D0N1"/>
            <port dstActor="D0N19" name="p126" srcActor="D0N1"/>
            <port dstActor="D0N32" name="p127" srcActor="D0N1"/>
            <port dstActor="D0N29" name="p128" srcActor="D0N1"/>
        </ports>
    </mcdag>
    <cores number="3"/>
    <levels number="2"/>
</mcsystem>
