<?xml version="1.0" encoding="UTF-8" standalone="no"?>
<mcsystem>
    <mcdag deadline="3000" name="genned-0-ed-10.0-0">
        <actor name="D0N8">
            <wcet number="0">60</wcet>
            <wcet number="1">400</wcet>
            <maxpow number="0.5216419226753155"/>
            <maxpow number="0.5216419226753155"/>
            <fprob>0.0</fprob>
        </actor>
        <actor name="D0N44">
            <wcet number="0">150</wcet>
            <wcet number="1">260</wcet>
            <maxpow number="0.630100695553971"/>
            <maxpow number="0.630100695553971"/>
            <fprob>0.0</fprob>
        </actor>
        <actor name="D0N15">
            <wcet number="0">200</wcet>
            <wcet number="1">480</wcet>
            <maxpow number="0.7287825292925025"/>
            <maxpow number="0.7287825292925025"/>
            <fprob>0.0</fprob>
        </actor>
        <actor name="D0N13">
            <wcet number="0">40</wcet>
            <wcet number="1">50</wcet>
            <maxpow number="0.21626596036399215"/>
            <maxpow number="0.21626596036399215"/>
            <fprob>0.0</fprob>
        </actor>
        <actor name="D0N32">
            <wcet number="0">20</wcet>
            <wcet number="1">130</wcet>
            <maxpow number="0.8638345466539912"/>
            <maxpow number="0.8638345466539912"/>
            <fprob>0.0</fprob>
        </actor>
        <actor name="D0N25">
            <wcet number="0">40</wcet>
            <wcet number="1">320</wcet>
            <maxpow number="0.47132908341958024"/>
            <maxpow number="0.47132908341958024"/>
            <fprob>0.0</fprob>
        </actor>
        <actor name="D0N31">
            <wcet number="0">30</wcet>
            <wcet number="1">70</wcet>
            <maxpow number="0.40125319254984293"/>
            <maxpow number="0.40125319254984293"/>
            <fprob>0.0</fprob>
        </actor>
        <actor name="D0N9">
            <wcet number="0">40</wcet>
            <wcet number="1">70</wcet>
            <maxpow number="0.6801116832629464"/>
            <maxpow number="0.6801116832629464"/>
            <fprob>0.0</fprob>
        </actor>
        <actor name="D0N17">
            <wcet number="0">260</wcet>
            <wcet number="1">320</wcet>
            <maxpow number="0.6287526065138042"/>
            <maxpow number="0.6287526065138042"/>
            <fprob>0.0</fprob>
        </actor>
        <actor name="D0N11">
            <wcet number="0">130</wcet>
            <wcet number="1">130</wcet>
            <maxpow number="0.8641488801613866"/>
            <maxpow number="0.8641488801613866"/>
            <fprob>0.0</fprob>
        </actor>
        <actor name="D0N10">
            <wcet number="0">20</wcet>
            <wcet number="1">100</wcet>
            <maxpow number="0.6055996952408236"/>
            <maxpow number="0.6055996952408236"/>
            <fprob>0.0</fprob>
        </actor>
        <actor name="D0N29">
            <wcet number="0">30</wcet>
            <wcet number="1">270</wcet>
            <maxpow number="0.5362090700070358"/>
            <maxpow number="0.5362090700070358"/>
            <fprob>0.0</fprob>
        </actor>
        <actor name="D0N24">
            <wcet number="0">10</wcet>
            <wcet number="1">80</wcet>
            <maxpow number="0.8223193723166006"/>
            <maxpow number="0.8223193723166006"/>
            <fprob>0.0</fprob>
        </actor>
        <actor name="D0N28">
            <wcet number="0">10</wcet>
            <wcet number="1">20</wcet>
            <maxpow number="0.6212644448206336"/>
            <maxpow number="0.6212644448206336"/>
            <fprob>0.0</fprob>
        </actor>
        <actor name="D0N30">
            <wcet number="0">110</wcet>
            <wcet number="1">230</wcet>
            <maxpow number="0.4049954369345569"/>
            <maxpow number="0.4049954369345569"/>
            <fprob>0.0</fprob>
        </actor>
        <actor name="D0N23">
            <wcet number="0">30</wcet>
            <wcet number="1">30</wcet>
            <maxpow number="0.47950764892529424"/>
            <maxpow number="0.47950764892529424"/>
            <fprob>0.0</fprob>
        </actor>
        <actor name="D0N6">
            <wcet number="0">100</wcet>
            <wcet number="1">110</wcet>
            <maxpow number="0.532889319387197"/>
            <maxpow number="0.532889319387197"/>
            <fprob>0.0</fprob>
        </actor>
        <actor name="D0N22">
            <wcet number="0">30</wcet>
            <wcet number="1">40</wcet>
            <maxpow number="0.4827263681577372"/>
            <maxpow number="0.4827263681577372"/>
            <fprob>0.0</fprob>
        </actor>
        <actor name="D0N16">
            <wcet number="0">20</wcet>
            <wcet number="1">80</wcet>
            <maxpow number="0.42625340510812987"/>
            <maxpow number="0.42625340510812987"/>
            <fprob>0.0</fprob>
        </actor>
        <actor name="D0N34">
            <wcet number="0">10</wcet>
            <wcet number="1">70</wcet>
            <maxpow number="0.7074820360610072"/>
            <maxpow number="0.7074820360610072"/>
            <fprob>0.0</fprob>
        </actor>
        <actor name="D0N40">
            <wcet number="0">30</wcet>
            <wcet number="1">90</wcet>
            <maxpow number="0.37839035817581923"/>
            <maxpow number="0.37839035817581923"/>
            <fprob>0.0</fprob>
        </actor>
        <actor name="D0N41">
            <wcet number="0">20</wcet>
            <wcet number="1">60</wcet>
            <maxpow number="0.3915043726931338"/>
            <maxpow number="0.3915043726931338"/>
            <fprob>0.0</fprob>
        </actor>
        <actor name="D0N0">
            <wcet number="0">230</wcet>
            <wcet number="1">390</wcet>
            <maxpow number="0.5141768723158145"/>
            <maxpow number="0.5141768723158145"/>
            <fprob>0.0</fprob>
        </actor>
        <actor name="D0N27">
            <wcet number="0">100</wcet>
            <wcet number="1">100</wcet>
            <maxpow number="0.5024219063724044"/>
            <maxpow number="0.5024219063724044"/>
            <fprob>0.0</fprob>
        </actor>
        <actor name="D0N2">
            <wcet number="0">60</wcet>
            <wcet number="1">80</wcet>
            <maxpow number="0.6392995104957846"/>
            <maxpow number="0.6392995104957846"/>
            <fprob>0.0</fprob>
        </actor>
        <actor name="D0N5">
            <wcet number="0">230</wcet>
            <wcet number="1">290</wcet>
            <maxpow number="0.6309945724961727"/>
            <maxpow number="0.6309945724961727"/>
            <fprob>0.0</fprob>
        </actor>
        <actor name="D0N1">
            <wcet number="0">40</wcet>
            <wcet number="1">50</wcet>
            <maxpow number="0.6991692217129235"/>
            <maxpow number="0.6991692217129235"/>
            <fprob>0.0</fprob>
        </actor>
        <actor name="D0N3">
            <wcet number="0">20</wcet>
            <wcet number="1">200</wcet>
            <maxpow number="0.2529711681432809"/>
            <maxpow number="0.2529711681432809"/>
            <fprob>0.0</fprob>
        </actor>
        <actor name="D0N45">
            <wcet number="0">40</wcet>
            <wcet number="1">80</wcet>
            <maxpow number="0.2537530824760966"/>
            <maxpow number="0.2537530824760966"/>
            <fprob>0.0</fprob>
        </actor>
        <actor name="D0N37">
            <wcet number="0">20</wcet>
            <wcet number="1">30</wcet>
            <maxpow number="0.8830570293993127"/>
            <maxpow number="0.8830570293993127"/>
            <fprob>0.0</fprob>
        </actor>
        <actor name="D0N7">
            <wcet number="0">30</wcet>
            <wcet number="1">100</wcet>
            <maxpow number="0.8200258162090479"/>
            <maxpow number="0.8200258162090479"/>
            <fprob>0.0</fprob>
        </actor>
        <actor name="D0N33">
            <wcet number="0">50</wcet>
            <wcet number="1">50</wcet>
            <maxpow number="0.5047257260023671"/>
            <maxpow number="0.5047257260023671"/>
            <fprob>0.0</fprob>
        </actor>
        <actor name="D0N47">
            <wcet number="0">70</wcet>
            <wcet number="1">80</wcet>
            <maxpow number="0.6376088548168946"/>
            <maxpow number="0.6376088548168946"/>
            <fprob>0.0</fprob>
        </actor>
        <actor name="D0N19">
            <wcet number="0">60</wcet>
            <wcet number="1">60</wcet>
            <maxpow number="0.5509081201289692"/>
            <maxpow number="0.5509081201289692"/>
            <fprob>0.0</fprob>
        </actor>
        <actor name="D0N21">
            <wcet number="0">20</wcet>
            <wcet number="1">90</wcet>
            <maxpow number="0.5446130133812446"/>
            <maxpow number="0.5446130133812446"/>
            <fprob>0.0</fprob>
        </actor>
        <actor name="D0N4">
            <wcet number="0">20</wcet>
            <wcet number="1">20</wcet>
            <maxpow number="0.6088257094406319"/>
            <maxpow number="0.6088257094406319"/>
            <fprob>0.0</fprob>
        </actor>
        <actor name="D0N39">
            <wcet number="0">10</wcet>
            <wcet number="1">10</wcet>
            <maxpow number="0.5478826737790667"/>
            <maxpow number="0.5478826737790667"/>
            <fprob>0.0</fprob>
        </actor>
        <actor name="D0N36">
            <wcet number="0">10</wcet>
            <wcet number="1">160</wcet>
            <maxpow number="0.4281464467154915"/>
            <maxpow number="0.4281464467154915"/>
            <fprob>0.0</fprob>
        </actor>
        <actor name="D0N42">
            <wcet number="0">20</wcet>
            <wcet number="1">20</wcet>
            <maxpow number="0.4891500843371012"/>
            <maxpow number="0.4891500843371012"/>
            <fprob>0.0</fprob>
        </actor>
        <actor name="D0N48">
            <wcet number="0">40</wcet>
            <wcet number="1">40</wcet>
            <maxpow number="0.6425804985276443"/>
            <maxpow number="0.6425804985276443"/>
            <fprob>0.0</fprob>
        </actor>
        <actor name="D0N18">
            <wcet number="0">10</wcet>
            <wcet number="1">140</wcet>
            <maxpow number="0.562403806414882"/>
            <maxpow number="0.562403806414882"/>
            <fprob>0.0</fprob>
        </actor>
        <actor name="D0N14">
            <wcet number="0">240</wcet>
            <wcet number="1">330</wcet>
            <maxpow number="0.33455555419893357"/>
            <maxpow number="0.33455555419893357"/>
            <fprob>0.0</fprob>
        </actor>
        <actor name="D0N43">
            <wcet number="0">20</wcet>
            <wcet number="1">40</wcet>
            <maxpow number="0.5188229949070494"/>
            <maxpow number="0.5188229949070494"/>
            <fprob>0.0</fprob>
        </actor>
        <actor name="D0N26">
            <wcet number="0">10</wcet>
            <wcet number="1">30</wcet>
            <maxpow number="0.7781675082549712"/>
            <maxpow number="0.7781675082549712"/>
            <fprob>0.0</fprob>
        </actor>
        <actor name="D0N12">
            <wcet number="0">690</wcet>
            <wcet number="1">770</wcet>
            <maxpow number="0.5243908377759193"/>
            <maxpow number="0.5243908377759193"/>
            <fprob>0.0</fprob>
        </actor>
        <actor name="D0N38">
            <wcet number="0">70</wcet>
            <wcet number="1">80</wcet>
            <maxpow number="0.39736225464212666"/>
            <maxpow number="0.39736225464212666"/>
            <fprob>0.0</fprob>
        </actor>
        <actor name="D0N20">
            <wcet number="0">90</wcet>
            <wcet number="1">100</wcet>
            <maxpow number="0.5104179875497804"/>
            <maxpow number="0.5104179875497804"/>
            <fprob>0.0</fprob>
        </actor>
        <actor name="D0N35">
            <wcet number="0">10</wcet>
            <wcet number="1">10</wcet>
            <maxpow number="0.5988607466446738"/>
            <maxpow number="0.5988607466446738"/>
            <fprob>0.0</fprob>
        </actor>
        <actor name="D0N46">
            <wcet number="0">140</wcet>
            <wcet number="1">140</wcet>
            <maxpow number="0.32252259952474216"/>
            <maxpow number="0.32252259952474216"/>
            <fprob>0.0</fprob>
        </actor>
        <ports>
            <port dstActor="D0N20" name="p0" srcActor="D0N8"/>
            <port dstActor="D0N17" name="p1" srcActor="D0N15"/>
            <port dstActor="D0N32" name="p2" srcActor="D0N15"/>
            <port dstActor="D0N20" name="p3" srcActor="D0N15"/>
            <port dstActor="D0N43" name="p4" srcActor="D0N15"/>
            <port dstActor="D0N37" name="p5" srcActor="D0N15"/>
            <port dstActor="D0N38" name="p6" srcActor="D0N13"/>
            <port dstActor="D0N42" name="p7" srcActor="D0N13"/>
            <port dstActor="D0N32" name="p8" srcActor="D0N13"/>
            <port dstActor="D0N41" name="p9" srcActor="D0N13"/>
            <port dstActor="D0N40" name="p10" srcActor="D0N32"/>
            <port dstActor="D0N35" name="p11" srcActor="D0N32"/>
            <port dstActor="D0N31" name="p12" srcActor="D0N25"/>
            <port dstActor="D0N37" name="p13" srcActor="D0N25"/>
            <port dstActor="D0N43" name="p14" srcActor="D0N25"/>
            <port dstActor="D0N47" name="p15" srcActor="D0N31"/>
            <port dstActor="D0N36" name="p16" srcActor="D0N31"/>
            <port dstActor="D0N46" name="p17" srcActor="D0N31"/>
            <port dstActor="D0N37" name="p18" srcActor="D0N9"/>
            <port dstActor="D0N45" name="p19" srcActor="D0N9"/>
            <port dstActor="D0N31" name="p20" srcActor="D0N9"/>
            <port dstActor="D0N35" name="p21" srcActor="D0N11"/>
            <port dstActor="D0N40" name="p22" srcActor="D0N11"/>
            <port dstActor="D0N22" name="p23" srcActor="D0N11"/>
            <port dstActor="D0N15" name="p24" srcActor="D0N10"/>
            <port dstActor="D0N43" name="p25" srcActor="D0N10"/>
            <port dstActor="D0N26" name="p26" srcActor="D0N10"/>
            <port dstActor="D0N46" name="p27" srcActor="D0N29"/>
            <port dstActor="D0N36" name="p28" srcActor="D0N29"/>
            <port dstActor="D0N48" name="p29" srcActor="D0N29"/>
            <port dstActor="D0N48" name="p30" srcActor="D0N24"/>
            <port dstActor="D0N28" name="p31" srcActor="D0N24"/>
            <port dstActor="D0N37" name="p32" srcActor="D0N24"/>
            <port dstActor="D0N46" name="p33" srcActor="D0N28"/>
            <port dstActor="D0N32" name="p34" srcActor="D0N28"/>
            <port dstActor="D0N38" name="p35" srcActor="D0N28"/>
            <port dstActor="D0N46" name="p36" srcActor="D0N30"/>
            <port dstActor="D0N43" name="p37" srcActor="D0N23"/>
            <port dstActor="D0N40" name="p38" srcActor="D0N23"/>
            <port dstActor="D0N44" name="p39" srcActor="D0N23"/>
            <port dstActor="D0N28" name="p40" srcActor="D0N6"/>
            <port dstActor="D0N10" name="p41" srcActor="D0N6"/>
            <port dstActor="D0N15" name="p42" srcActor="D0N6"/>
            <port dstActor="D0N37" name="p43" srcActor="D0N22"/>
            <port dstActor="D0N27" name="p44" srcActor="D0N22"/>
            <port dstActor="D0N25" name="p45" srcActor="D0N16"/>
            <port dstActor="D0N35" name="p46" srcActor="D0N16"/>
            <port dstActor="D0N34" name="p47" srcActor="D0N16"/>
            <port dstActor="D0N36" name="p48" srcActor="D0N34"/>
            <port dstActor="D0N45" name="p49" srcActor="D0N34"/>
            <port dstActor="D0N41" name="p50" srcActor="D0N34"/>
            <port dstActor="D0N39" name="p51" srcActor="D0N34"/>
            <port dstActor="D0N44" name="p52" srcActor="D0N40"/>
            <port dstActor="D0N44" name="p53" srcActor="D0N41"/>
            <port dstActor="D0N45" name="p54" srcActor="D0N0"/>
            <port dstActor="D0N12" name="p55" srcActor="D0N0"/>
            <port dstActor="D0N48" name="p56" srcActor="D0N0"/>
            <port dstActor="D0N4" name="p57" srcActor="D0N0"/>
            <port dstActor="D0N21" name="p58" srcActor="D0N0"/>
            <port dstActor="D0N30" name="p59" srcActor="D0N0"/>
            <port dstActor="D0N43" name="p60" srcActor="D0N0"/>
            <port dstActor="D0N30" name="p61" srcActor="D0N27"/>
            <port dstActor="D0N34" name="p62" srcActor="D0N27"/>
            <port dstActor="D0N33" name="p63" srcActor="D0N27"/>
            <port dstActor="D0N41" name="p64" srcActor="D0N27"/>
            <port dstActor="D0N48" name="p65" srcActor="D0N2"/>
            <port dstActor="D0N39" name="p66" srcActor="D0N2"/>
            <port dstActor="D0N13" name="p67" srcActor="D0N2"/>
            <port dstActor="D0N24" name="p68" srcActor="D0N2"/>
            <port dstActor="D0N14" name="p69" srcActor="D0N2"/>
            <port dstActor="D0N30" name="p70" srcActor="D0N2"/>
            <port dstActor="D0N29" name="p71" srcActor="D0N2"/>
            <port dstActor="D0N10" name="p72" srcActor="D0N5"/>
            <port dstActor="D0N29" name="p73" srcActor="D0N5"/>
            <port dstActor="D0N25" name="p74" srcActor="D0N5"/>
            <port dstActor="D0N26" name="p75" srcActor="D0N5"/>
            <port dstActor="D0N14" name="p76" srcActor="D0N5"/>
            <port dstActor="D0N32" name="p77" srcActor="D0N5"/>
            <port dstActor="D0N44" name="p78" srcActor="D0N1"/>
            <port dstActor="D0N41" name="p79" srcActor="D0N1"/>
            <port dstActor="D0N17" name="p80" srcActor="D0N3"/>
            <port dstActor="D0N8" name="p81" srcActor="D0N3"/>
            <port dstActor="D0N22" name="p82" srcActor="D0N3"/>
            <port dstActor="D0N20" name="p83" srcActor="D0N3"/>
            <port dstActor="D0N6" name="p84" srcActor="D0N3"/>
            <port dstActor="D0N18" name="p85" srcActor="D0N3"/>
            <port dstActor="D0N48" name="p86" srcActor="D0N45"/>
            <port dstActor="D0N47" name="p87" srcActor="D0N37"/>
            <port dstActor="D0N48" name="p88" srcActor="D0N7"/>
            <port dstActor="D0N23" name="p89" srcActor="D0N7"/>
            <port dstActor="D0N35" name="p90" srcActor="D0N19"/>
            <port dstActor="D0N28" name="p91" srcActor="D0N19"/>
            <port dstActor="D0N44" name="p92" srcActor="D0N19"/>
            <port dstActor="D0N41" name="p93" srcActor="D0N19"/>
            <port dstActor="D0N28" name="p94" srcActor="D0N21"/>
            <port dstActor="D0N37" name="p95" srcActor="D0N21"/>
            <port dstActor="D0N43" name="p96" srcActor="D0N21"/>
            <port dstActor="D0N48" name="p97" srcActor="D0N4"/>
            <port dstActor="D0N35" name="p98" srcActor="D0N4"/>
            <port dstActor="D0N47" name="p99" srcActor="D0N4"/>
            <port dstActor="D0N8" name="p100" srcActor="D0N4"/>
            <port dstActor="D0N34" name="p101" srcActor="D0N4"/>
            <port dstActor="D0N13" name="p102" srcActor="D0N4"/>
            <port dstActor="D0N26" name="p103" srcActor="D0N4"/>
            <port dstActor="D0N46" name="p104" srcActor="D0N4"/>
            <port dstActor="D0N47" name="p105" srcActor="D0N39"/>
            <port dstActor="D0N48" name="p106" srcActor="D0N39"/>
            <port dstActor="D0N40" name="p107" srcActor="D0N39"/>
            <port dstActor="D0N42" name="p108" srcActor="D0N36"/>
            <port dstActor="D0N47" name="p109" srcActor="D0N42"/>
            <port dstActor="D0N28" name="p110" srcActor="D0N18"/>
            <port dstActor="D0N23" name="p111" srcActor="D0N18"/>
            <port dstActor="D0N38" name="p112" srcActor="D0N18"/>
            <port dstActor="D0N48" name="p113" srcActor="D0N14"/>
            <port dstActor="D0N33" name="p114" srcActor="D0N14"/>
            <port dstActor="D0N46" name="p115" srcActor="D0N43"/>
            <port dstActor="D0N47" name="p116" srcActor="D0N43"/>
            <port dstActor="D0N37" name="p117" srcActor="D0N12"/>
            <port dstActor="D0N21" name="p118" srcActor="D0N12"/>
            <port dstActor="D0N36" name="p119" srcActor="D0N12"/>
            <port dstActor="D0N22" name="p120" srcActor="D0N12"/>
            <port dstActor="D0N23" name="p121" srcActor="D0N12"/>
            <port dstActor="D0N41" name="p122" srcActor="D0N38"/>
            <port dstActor="D0N35" name="p123" srcActor="D0N20"/>
            <port dstActor="D0N24" name="p124" srcActor="D0N20"/>
            <port dstActor="D0N44" name="p125" srcActor="D0N20"/>
        </ports>
    </mcdag>
    <cores number="3"/>
    <levels number="2"/>
</mcsystem>
