<?xml version="1.0" encoding="UTF-8" standalone="no"?>
<mcsystem>
    <mcdag deadline="5000" name="genned-0-ed-10.0-0">
        <actor name="D0N43">
            <wcet number="0">50</wcet>
            <wcet number="1">50</wcet>
            <maxpow number="0.3936388104241495"/>
            <maxpow number="0.3936388104241495"/>
            <fprob>0.0</fprob>
        </actor>
        <actor name="D0N1">
            <wcet number="0">60</wcet>
            <wcet number="1">240</wcet>
            <maxpow number="0.3657678975791203"/>
            <maxpow number="0.3657678975791203"/>
            <fprob>0.0</fprob>
        </actor>
        <actor name="D0N3">
            <wcet number="0">40</wcet>
            <wcet number="1">330</wcet>
            <maxpow number="0.6004535045645232"/>
            <maxpow number="0.6004535045645232"/>
            <fprob>0.0</fprob>
        </actor>
        <actor name="D0N31">
            <wcet number="0">460</wcet>
            <wcet number="1">460</wcet>
            <maxpow number="0.6480577761018659"/>
            <maxpow number="0.6480577761018659"/>
            <fprob>0.0</fprob>
        </actor>
        <actor name="D0N4">
            <wcet number="0">290</wcet>
            <wcet number="1">300</wcet>
            <maxpow number="0.34066456357721275"/>
            <maxpow number="0.34066456357721275"/>
            <fprob>0.0</fprob>
        </actor>
        <actor name="D0N32">
            <wcet number="0">50</wcet>
            <wcet number="1">70</wcet>
            <maxpow number="0.5845736602243896"/>
            <maxpow number="0.5845736602243896"/>
            <fprob>0.0</fprob>
        </actor>
        <actor name="D0N39">
            <wcet number="0">120</wcet>
            <wcet number="1">120</wcet>
            <maxpow number="0.3210993602043417"/>
            <maxpow number="0.3210993602043417"/>
            <fprob>0.0</fprob>
        </actor>
        <actor name="D0N8">
            <wcet number="0">10</wcet>
            <wcet number="1">10</wcet>
            <maxpow number="0.8278121708470765"/>
            <maxpow number="0.8278121708470765"/>
            <fprob>0.0</fprob>
        </actor>
        <actor name="D0N33">
            <wcet number="0">330</wcet>
            <wcet number="1">380</wcet>
            <maxpow number="0.7439255930943236"/>
            <maxpow number="0.7439255930943236"/>
            <fprob>0.0</fprob>
        </actor>
        <actor name="D0N12">
            <wcet number="0">30</wcet>
            <wcet number="1">50</wcet>
            <maxpow number="0.35135710203000226"/>
            <maxpow number="0.35135710203000226"/>
            <fprob>0.0</fprob>
        </actor>
        <actor name="D0N38">
            <wcet number="0">10</wcet>
            <wcet number="1">40</wcet>
            <maxpow number="0.5006202292336019"/>
            <maxpow number="0.5006202292336019"/>
            <fprob>0.0</fprob>
        </actor>
        <actor name="D0N11">
            <wcet number="0">10</wcet>
            <wcet number="1">90</wcet>
            <maxpow number="0.9731737949483901"/>
            <maxpow number="0.9731737949483901"/>
            <fprob>0.0</fprob>
        </actor>
        <actor name="D0N42">
            <wcet number="0">20</wcet>
            <wcet number="1">30</wcet>
            <maxpow number="0.5437629776357628"/>
            <maxpow number="0.5437629776357628"/>
            <fprob>0.0</fprob>
        </actor>
        <actor name="D0N30">
            <wcet number="0">80</wcet>
            <wcet number="1">110</wcet>
            <maxpow number="0.46981598225285354"/>
            <maxpow number="0.46981598225285354"/>
            <fprob>0.0</fprob>
        </actor>
        <actor name="D0N24">
            <wcet number="0">50</wcet>
            <wcet number="1">140</wcet>
            <maxpow number="0.740178915056158"/>
            <maxpow number="0.740178915056158"/>
            <fprob>0.0</fprob>
        </actor>
        <actor name="D0N5">
            <wcet number="0">30</wcet>
            <wcet number="1">40</wcet>
            <maxpow number="0.32565742943542025"/>
            <maxpow number="0.32565742943542025"/>
            <fprob>0.0</fprob>
        </actor>
        <actor name="D0N21">
            <wcet number="0">110</wcet>
            <wcet number="1">150</wcet>
            <maxpow number="0.523421492743381"/>
            <maxpow number="0.523421492743381"/>
            <fprob>0.0</fprob>
        </actor>
        <actor name="D0N28">
            <wcet number="0">10</wcet>
            <wcet number="1">20</wcet>
            <maxpow number="0.43828545887822784"/>
            <maxpow number="0.43828545887822784"/>
            <fprob>0.0</fprob>
        </actor>
        <actor name="D0N17">
            <wcet number="0">30</wcet>
            <wcet number="1">30</wcet>
            <maxpow number="0.5031280911619784"/>
            <maxpow number="0.5031280911619784"/>
            <fprob>0.0</fprob>
        </actor>
        <actor name="D0N25">
            <wcet number="0">300</wcet>
            <wcet number="1">420</wcet>
            <maxpow number="0.6622386811989709"/>
            <maxpow number="0.6622386811989709"/>
            <fprob>0.0</fprob>
        </actor>
        <actor name="D0N22">
            <wcet number="0">30</wcet>
            <wcet number="1">70</wcet>
            <maxpow number="0.6426760768314155"/>
            <maxpow number="0.6426760768314155"/>
            <fprob>0.0</fprob>
        </actor>
        <actor name="D0N0">
            <wcet number="0">110</wcet>
            <wcet number="1">110</wcet>
            <maxpow number="0.6312289712646235"/>
            <maxpow number="0.6312289712646235"/>
            <fprob>0.0</fprob>
        </actor>
        <actor name="D0N37">
            <wcet number="0">130</wcet>
            <wcet number="1">330</wcet>
            <maxpow number="0.5456449373886552"/>
            <maxpow number="0.5456449373886552"/>
            <fprob>0.0</fprob>
        </actor>
        <actor name="D0N48">
            <wcet number="0">20</wcet>
            <wcet number="1">50</wcet>
            <maxpow number="0.6772376035915213"/>
            <maxpow number="0.6772376035915213"/>
            <fprob>0.0</fprob>
        </actor>
        <actor name="D0N6">
            <wcet number="0">30</wcet>
            <wcet number="1">40</wcet>
            <maxpow number="0.6062180692158325"/>
            <maxpow number="0.6062180692158325"/>
            <fprob>0.0</fprob>
        </actor>
        <actor name="D0N41">
            <wcet number="0">10</wcet>
            <wcet number="1">10</wcet>
            <maxpow number="0.28623384843055727"/>
            <maxpow number="0.28623384843055727"/>
            <fprob>0.0</fprob>
        </actor>
        <actor name="D0N7">
            <wcet number="0">20</wcet>
            <wcet number="1">140</wcet>
            <maxpow number="0.7098619190717742"/>
            <maxpow number="0.7098619190717742"/>
            <fprob>0.0</fprob>
        </actor>
        <actor name="D0N19">
            <wcet number="0">10</wcet>
            <wcet number="1">20</wcet>
            <maxpow number="0.22870442888899029"/>
            <maxpow number="0.22870442888899029"/>
            <fprob>0.0</fprob>
        </actor>
        <actor name="D0N10">
            <wcet number="0">40</wcet>
            <wcet number="1">280</wcet>
            <maxpow number="0.4492635175978087"/>
            <maxpow number="0.4492635175978087"/>
            <fprob>0.0</fprob>
        </actor>
        <actor name="D0N26">
            <wcet number="0">40</wcet>
            <wcet number="1">270</wcet>
            <maxpow number="0.25057829537047965"/>
            <maxpow number="0.25057829537047965"/>
            <fprob>0.0</fprob>
        </actor>
        <actor name="D0N40">
            <wcet number="0">140</wcet>
            <wcet number="1">290</wcet>
            <maxpow number="0.37019802896791565"/>
            <maxpow number="0.37019802896791565"/>
            <fprob>0.0</fprob>
        </actor>
        <actor name="D0N20">
            <wcet number="0">150</wcet>
            <wcet number="1">240</wcet>
            <maxpow number="0.7064057188459083"/>
            <maxpow number="0.7064057188459083"/>
            <fprob>0.0</fprob>
        </actor>
        <actor name="D0N46">
            <wcet number="0">310</wcet>
            <wcet number="1">570</wcet>
            <maxpow number="0.7185499423256441"/>
            <maxpow number="0.7185499423256441"/>
            <fprob>0.0</fprob>
        </actor>
        <actor name="D0N47">
            <wcet number="0">140</wcet>
            <wcet number="1">240</wcet>
            <maxpow number="0.7214227906276125"/>
            <maxpow number="0.7214227906276125"/>
            <fprob>0.0</fprob>
        </actor>
        <actor name="D0N27">
            <wcet number="0">50</wcet>
            <wcet number="1">80</wcet>
            <maxpow number="0.6278778085618739"/>
            <maxpow number="0.6278778085618739"/>
            <fprob>0.0</fprob>
        </actor>
        <actor name="D0N45">
            <wcet number="0">170</wcet>
            <wcet number="1">190</wcet>
            <maxpow number="0.5939853760246228"/>
            <maxpow number="0.5939853760246228"/>
            <fprob>0.0</fprob>
        </actor>
        <actor name="D0N29">
            <wcet number="0">80</wcet>
            <wcet number="1">220</wcet>
            <maxpow number="0.058514856994404785"/>
            <maxpow number="0.058514856994404785"/>
            <fprob>0.0</fprob>
        </actor>
        <actor name="D0N9">
            <wcet number="0">340</wcet>
            <wcet number="1">1840</wcet>
            <maxpow number="0.37092115408017645"/>
            <maxpow number="0.37092115408017645"/>
            <fprob>0.0</fprob>
        </actor>
        <actor name="D0N44">
            <wcet number="0">830</wcet>
            <wcet number="1">1210</wcet>
            <maxpow number="0.27037924056066326"/>
            <maxpow number="0.27037924056066326"/>
            <fprob>0.0</fprob>
        </actor>
        <actor name="D0N16">
            <wcet number="0">80</wcet>
            <wcet number="1">210</wcet>
            <maxpow number="0.3748144485545767"/>
            <maxpow number="0.3748144485545767"/>
            <fprob>0.0</fprob>
        </actor>
        <actor name="D0N2">
            <wcet number="0">230</wcet>
            <wcet number="1">310</wcet>
            <maxpow number="0.8337901906470888"/>
            <maxpow number="0.8337901906470888"/>
            <fprob>0.0</fprob>
        </actor>
        <actor name="D0N34">
            <wcet number="0">130</wcet>
            <wcet number="1">260</wcet>
            <maxpow number="0.5719520580738766"/>
            <maxpow number="0.5719520580738766"/>
            <fprob>0.0</fprob>
        </actor>
        <actor name="D0N15">
            <wcet number="0">140</wcet>
            <wcet number="1">410</wcet>
            <maxpow number="0.6597593271323988"/>
            <maxpow number="0.6597593271323988"/>
            <fprob>0.0</fprob>
        </actor>
        <actor name="D0N35">
            <wcet number="0">390</wcet>
            <wcet number="1">410</wcet>
            <maxpow number="0.3008086383909132"/>
            <maxpow number="0.3008086383909132"/>
            <fprob>0.0</fprob>
        </actor>
        <actor name="D0N36">
            <wcet number="0">20</wcet>
            <wcet number="1">90</wcet>
            <maxpow number="0.4761614371019353"/>
            <maxpow number="0.4761614371019353"/>
            <fprob>0.0</fprob>
        </actor>
        <actor name="D0N13">
            <wcet number="0">60</wcet>
            <wcet number="1">80</wcet>
            <maxpow number="0.5957477725431306"/>
            <maxpow number="0.5957477725431306"/>
            <fprob>0.0</fprob>
        </actor>
        <actor name="D0N14">
            <wcet number="0">10</wcet>
            <wcet number="1">20</wcet>
            <maxpow number="0.47169158040477865"/>
            <maxpow number="0.47169158040477865"/>
            <fprob>0.0</fprob>
        </actor>
        <actor name="D0N23">
            <wcet number="0">80</wcet>
            <wcet number="1">350</wcet>
            <maxpow number="0.6030582175254153"/>
            <maxpow number="0.6030582175254153"/>
            <fprob>0.0</fprob>
        </actor>
        <actor name="D0N18">
            <wcet number="0">160</wcet>
            <wcet number="1">510</wcet>
            <maxpow number="0.5513137833514995"/>
            <maxpow number="0.5513137833514995"/>
            <fprob>0.0</fprob>
        </actor>
        <actor name="D0N49">
            <wcet number="0">480</wcet>
            <wcet number="1">570</wcet>
            <maxpow number="0.7329536937238768"/>
            <maxpow number="0.7329536937238768"/>
            <fprob>0.0</fprob>
        </actor>
        <ports>
            <port dstActor="D0N45" name="p0" srcActor="D0N43"/>
            <port dstActor="D0N44" name="p1" srcActor="D0N43"/>
            <port dstActor="D0N34" name="p2" srcActor="D0N1"/>
            <port dstActor="D0N25" name="p3" srcActor="D0N1"/>
            <port dstActor="D0N20" name="p4" srcActor="D0N3"/>
            <port dstActor="D0N28" name="p5" srcActor="D0N3"/>
            <port dstActor="D0N10" name="p6" srcActor="D0N3"/>
            <port dstActor="D0N38" name="p7" srcActor="D0N31"/>
            <port dstActor="D0N45" name="p8" srcActor="D0N31"/>
            <port dstActor="D0N35" name="p9" srcActor="D0N4"/>
            <port dstActor="D0N42" name="p10" srcActor="D0N4"/>
            <port dstActor="D0N42" name="p11" srcActor="D0N32"/>
            <port dstActor="D0N43" name="p12" srcActor="D0N39"/>
            <port dstActor="D0N48" name="p13" srcActor="D0N39"/>
            <port dstActor="D0N27" name="p14" srcActor="D0N8"/>
            <port dstActor="D0N10" name="p15" srcActor="D0N8"/>
            <port dstActor="D0N9" name="p16" srcActor="D0N8"/>
            <port dstActor="D0N16" name="p17" srcActor="D0N8"/>
            <port dstActor="D0N45" name="p18" srcActor="D0N33"/>
            <port dstActor="D0N35" name="p19" srcActor="D0N12"/>
            <port dstActor="D0N29" name="p20" srcActor="D0N12"/>
            <port dstActor="D0N46" name="p21" srcActor="D0N12"/>
            <port dstActor="D0N48" name="p22" srcActor="D0N12"/>
            <port dstActor="D0N21" name="p23" srcActor="D0N12"/>
            <port dstActor="D0N30" name="p24" srcActor="D0N12"/>
            <port dstActor="D0N33" name="p25" srcActor="D0N12"/>
            <port dstActor="D0N40" name="p26" srcActor="D0N38"/>
            <port dstActor="D0N25" name="p27" srcActor="D0N11"/>
            <port dstActor="D0N47" name="p28" srcActor="D0N42"/>
            <port dstActor="D0N35" name="p29" srcActor="D0N30"/>
            <port dstActor="D0N45" name="p30" srcActor="D0N30"/>
            <port dstActor="D0N39" name="p31" srcActor="D0N30"/>
            <port dstActor="D0N10" name="p32" srcActor="D0N5"/>
            <port dstActor="D0N32" name="p33" srcActor="D0N5"/>
            <port dstActor="D0N14" name="p34" srcActor="D0N5"/>
            <port dstActor="D0N15" name="p35" srcActor="D0N5"/>
            <port dstActor="D0N29" name="p36" srcActor="D0N5"/>
            <port dstActor="D0N28" name="p37" srcActor="D0N5"/>
            <port dstActor="D0N11" name="p38" srcActor="D0N5"/>
            <port dstActor="D0N42" name="p39" srcActor="D0N21"/>
            <port dstActor="D0N38" name="p40" srcActor="D0N21"/>
            <port dstActor="D0N48" name="p41" srcActor="D0N21"/>
            <port dstActor="D0N33" name="p42" srcActor="D0N28"/>
            <port dstActor="D0N33" name="p43" srcActor="D0N17"/>
            <port dstActor="D0N36" name="p44" srcActor="D0N17"/>
            <port dstActor="D0N46" name="p45" srcActor="D0N17"/>
            <port dstActor="D0N28" name="p46" srcActor="D0N25"/>
            <port dstActor="D0N30" name="p47" srcActor="D0N25"/>
            <port dstActor="D0N14" name="p48" srcActor="D0N0"/>
            <port dstActor="D0N16" name="p49" srcActor="D0N0"/>
            <port dstActor="D0N10" name="p50" srcActor="D0N0"/>
            <port dstActor="D0N8" name="p51" srcActor="D0N0"/>
            <port dstActor="D0N41" name="p52" srcActor="D0N37"/>
            <port dstActor="D0N11" name="p53" srcActor="D0N6"/>
            <port dstActor="D0N40" name="p54" srcActor="D0N6"/>
            <port dstActor="D0N14" name="p55" srcActor="D0N6"/>
            <port dstActor="D0N44" name="p56" srcActor="D0N41"/>
            <port dstActor="D0N13" name="p57" srcActor="D0N7"/>
            <port dstActor="D0N19" name="p58" srcActor="D0N7"/>
            <port dstActor="D0N26" name="p59" srcActor="D0N7"/>
            <port dstActor="D0N30" name="p60" srcActor="D0N19"/>
            <port dstActor="D0N28" name="p61" srcActor="D0N19"/>
            <port dstActor="D0N21" name="p62" srcActor="D0N19"/>
            <port dstActor="D0N11" name="p63" srcActor="D0N10"/>
            <port dstActor="D0N27" name="p64" srcActor="D0N10"/>
            <port dstActor="D0N25" name="p65" srcActor="D0N10"/>
            <port dstActor="D0N42" name="p66" srcActor="D0N10"/>
            <port dstActor="D0N47" name="p67" srcActor="D0N26"/>
            <port dstActor="D0N48" name="p68" srcActor="D0N26"/>
            <port dstActor="D0N44" name="p69" srcActor="D0N26"/>
            <port dstActor="D0N33" name="p70" srcActor="D0N26"/>
            <port dstActor="D0N38" name="p71" srcActor="D0N26"/>
            <port dstActor="D0N42" name="p72" srcActor="D0N40"/>
            <port dstActor="D0N43" name="p73" srcActor="D0N40"/>
            <port dstActor="D0N46" name="p74" srcActor="D0N20"/>
            <port dstActor="D0N39" name="p75" srcActor="D0N20"/>
            <port dstActor="D0N36" name="p76" srcActor="D0N27"/>
            <port dstActor="D0N49" name="p77" srcActor="D0N45"/>
            <port dstActor="D0N44" name="p78" srcActor="D0N29"/>
            <port dstActor="D0N42" name="p79" srcActor="D0N9"/>
            <port dstActor="D0N29" name="p80" srcActor="D0N9"/>
            <port dstActor="D0N19" name="p81" srcActor="D0N16"/>
            <port dstActor="D0N29" name="p82" srcActor="D0N16"/>
            <port dstActor="D0N18" name="p83" srcActor="D0N16"/>
            <port dstActor="D0N27" name="p84" srcActor="D0N16"/>
            <port dstActor="D0N48" name="p85" srcActor="D0N2"/>
            <port dstActor="D0N22" name="p86" srcActor="D0N2"/>
            <port dstActor="D0N5" name="p87" srcActor="D0N2"/>
            <port dstActor="D0N34" name="p88" srcActor="D0N2"/>
            <port dstActor="D0N43" name="p89" srcActor="D0N2"/>
            <port dstActor="D0N8" name="p90" srcActor="D0N2"/>
            <port dstActor="D0N18" name="p91" srcActor="D0N2"/>
            <port dstActor="D0N39" name="p92" srcActor="D0N34"/>
            <port dstActor="D0N36" name="p93" srcActor="D0N15"/>
            <port dstActor="D0N38" name="p94" srcActor="D0N35"/>
            <port dstActor="D0N42" name="p95" srcActor="D0N35"/>
            <port dstActor="D0N38" name="p96" srcActor="D0N36"/>
            <port dstActor="D0N27" name="p97" srcActor="D0N13"/>
            <port dstActor="D0N22" name="p98" srcActor="D0N13"/>
            <port dstActor="D0N40" name="p99" srcActor="D0N13"/>
            <port dstActor="D0N43" name="p100" srcActor="D0N13"/>
            <port dstActor="D0N47" name="p101" srcActor="D0N14"/>
            <port dstActor="D0N35" name="p102" srcActor="D0N14"/>
            <port dstActor="D0N30" name="p103" srcActor="D0N14"/>
            <port dstActor="D0N41" name="p104" srcActor="D0N14"/>
            <port dstActor="D0N38" name="p105" srcActor="D0N18"/>
            <port dstActor="D0N49" name="p106" srcActor="D0N18"/>
        </ports>
    </mcdag>
    <cores number="3"/>
    <levels number="2"/>
</mcsystem>
