<?xml version="1.0" encoding="UTF-8" standalone="no"?>
<sched>
    <Mode-0>
        <core number="0">
            <slot slot="0">D0N4</slot>
            <slot slot="1">D0N4</slot>
            <slot slot="2">D0N4</slot>
            <slot slot="3">D0N4</slot>
            <slot slot="4">D0N4</slot>
            <slot slot="5">D0N4</slot>
            <slot slot="6">D0N4</slot>
            <slot slot="7">D0N4</slot>
            <slot slot="8">D0N4</slot>
            <slot slot="9">D0N4</slot>
            <slot slot="10">D0N3</slot>
            <slot slot="11">D0N3</slot>
            <slot slot="12">D0N3</slot>
            <slot slot="13">D0N3</slot>
            <slot slot="14">D0N3</slot>
            <slot slot="15">D0N3</slot>
            <slot slot="16">D0N3</slot>
            <slot slot="17">D0N3</slot>
            <slot slot="18">D0N3</slot>
            <slot slot="19">D0N3</slot>
            <slot slot="20">D0N3</slot>
            <slot slot="21">D0N3</slot>
            <slot slot="22">D0N3</slot>
            <slot slot="23">D0N3</slot>
            <slot slot="24">D0N3</slot>
            <slot slot="25">D0N3</slot>
            <slot slot="26">D0N3</slot>
            <slot slot="27">D0N3</slot>
            <slot slot="28">D0N3</slot>
            <slot slot="29">D0N3</slot>
            <slot slot="30">D0N3</slot>
            <slot slot="31">D0N3</slot>
            <slot slot="32">D0N3</slot>
            <slot slot="33">D0N3</slot>
            <slot slot="34">D0N3</slot>
            <slot slot="35">D0N3</slot>
            <slot slot="36">D0N3</slot>
            <slot slot="37">D0N3</slot>
            <slot slot="38">D0N3</slot>
            <slot slot="39">D0N3</slot>
            <slot slot="40">D0N3</slot>
            <slot slot="41">D0N3</slot>
            <slot slot="42">D0N3</slot>
            <slot slot="43">D0N3</slot>
            <slot slot="44">D0N3</slot>
            <slot slot="45">D0N3</slot>
            <slot slot="46">D0N3</slot>
            <slot slot="47">D0N3</slot>
            <slot slot="48">D0N3</slot>
            <slot slot="49">D0N3</slot>
            <slot slot="50">D0N3</slot>
            <slot slot="51">D0N3</slot>
            <slot slot="52">D0N3</slot>
            <slot slot="53">D0N3</slot>
            <slot slot="54">D0N3</slot>
            <slot slot="55">D0N3</slot>
            <slot slot="56">D0N3</slot>
            <slot slot="57">D0N3</slot>
            <slot slot="58">D0N3</slot>
            <slot slot="59">D0N3</slot>
            <slot slot="60">D0N3</slot>
            <slot slot="61">D0N3</slot>
            <slot slot="62">D0N3</slot>
            <slot slot="63">D0N3</slot>
            <slot slot="64">D0N3</slot>
            <slot slot="65">D0N3</slot>
            <slot slot="66">D0N3</slot>
            <slot slot="67">D0N3</slot>
            <slot slot="68">D0N3</slot>
            <slot slot="69">D0N3</slot>
            <slot slot="70">D0N3</slot>
            <slot slot="71">D0N3</slot>
            <slot slot="72">D0N3</slot>
            <slot slot="73">D0N3</slot>
            <slot slot="74">D0N3</slot>
            <slot slot="75">D0N3</slot>
            <slot slot="76">D0N3</slot>
            <slot slot="77">D0N3</slot>
            <slot slot="78">D0N3</slot>
            <slot slot="79">D0N3</slot>
            <slot slot="80">D0N3</slot>
            <slot slot="81">D0N3</slot>
            <slot slot="82">D0N3</slot>
            <slot slot="83">D0N3</slot>
            <slot slot="84">D0N3</slot>
            <slot slot="85">D0N3</slot>
            <slot slot="86">D0N3</slot>
            <slot slot="87">D0N3</slot>
            <slot slot="88">D0N3</slot>
            <slot slot="89">D0N3</slot>
            <slot slot="90">D0N3</slot>
            <slot slot="91">D0N3</slot>
            <slot slot="92">D0N3</slot>
            <slot slot="93">D0N3</slot>
            <slot slot="94">D0N3</slot>
            <slot slot="95">D0N3</slot>
            <slot slot="96">D0N3</slot>
            <slot slot="97">D0N3</slot>
            <slot slot="98">D0N3</slot>
            <slot slot="99">D0N3</slot>
            <slot slot="100">D0N3</slot>
            <slot slot="101">D0N3</slot>
            <slot slot="102">D0N3</slot>
            <slot slot="103">D0N3</slot>
            <slot slot="104">D0N3</slot>
            <slot slot="105">D0N3</slot>
            <slot slot="106">D0N3</slot>
            <slot slot="107">D0N3</slot>
            <slot slot="108">D0N3</slot>
            <slot slot="109">D0N3</slot>
            <slot slot="110">D0N10</slot>
            <slot slot="111">D0N10</slot>
            <slot slot="112">D0N10</slot>
            <slot slot="113">D0N10</slot>
            <slot slot="114">D0N10</slot>
            <slot slot="115">D0N10</slot>
            <slot slot="116">D0N10</slot>
            <slot slot="117">D0N10</slot>
            <slot slot="118">D0N10</slot>
            <slot slot="119">D0N10</slot>
            <slot slot="120">D0N10</slot>
            <slot slot="121">D0N10</slot>
            <slot slot="122">D0N10</slot>
            <slot slot="123">D0N10</slot>
            <slot slot="124">D0N10</slot>
            <slot slot="125">D0N10</slot>
            <slot slot="126">D0N10</slot>
            <slot slot="127">D0N10</slot>
            <slot slot="128">D0N10</slot>
            <slot slot="129">D0N10</slot>
            <slot slot="130">D0N10</slot>
            <slot slot="131">D0N10</slot>
            <slot slot="132">D0N10</slot>
            <slot slot="133">D0N10</slot>
            <slot slot="134">D0N10</slot>
            <slot slot="135">D0N10</slot>
            <slot slot="136">D0N10</slot>
            <slot slot="137">D0N10</slot>
            <slot slot="138">D0N10</slot>
            <slot slot="139">D0N10</slot>
            <slot slot="140">D0N10</slot>
            <slot slot="141">D0N10</slot>
            <slot slot="142">D0N10</slot>
            <slot slot="143">D0N10</slot>
            <slot slot="144">D0N10</slot>
            <slot slot="145">D0N10</slot>
            <slot slot="146">D0N10</slot>
            <slot slot="147">D0N10</slot>
            <slot slot="148">D0N10</slot>
            <slot slot="149">D0N10</slot>
            <slot slot="150">D0N10</slot>
            <slot slot="151">D0N10</slot>
            <slot slot="152">D0N10</slot>
            <slot slot="153">D0N10</slot>
            <slot slot="154">D0N10</slot>
            <slot slot="155">D0N10</slot>
            <slot slot="156">D0N10</slot>
            <slot slot="157">D0N10</slot>
            <slot slot="158">D0N10</slot>
            <slot slot="159">D0N10</slot>
            <slot slot="160">D0N10</slot>
            <slot slot="161">D0N10</slot>
            <slot slot="162">D0N10</slot>
            <slot slot="163">D0N10</slot>
            <slot slot="164">D0N10</slot>
            <slot slot="165">D0N10</slot>
            <slot slot="166">D0N10</slot>
            <slot slot="167">D0N10</slot>
            <slot slot="168">D0N10</slot>
            <slot slot="169">D0N10</slot>
            <slot slot="170">D0N12</slot>
            <slot slot="171">D0N12</slot>
            <slot slot="172">D0N12</slot>
            <slot slot="173">D0N12</slot>
            <slot slot="174">D0N12</slot>
            <slot slot="175">D0N12</slot>
            <slot slot="176">D0N12</slot>
            <slot slot="177">D0N12</slot>
            <slot slot="178">D0N12</slot>
            <slot slot="179">D0N12</slot>
            <slot slot="180">D0N14</slot>
            <slot slot="181">D0N14</slot>
            <slot slot="182">D0N14</slot>
            <slot slot="183">D0N14</slot>
            <slot slot="184">D0N14</slot>
            <slot slot="185">D0N14</slot>
            <slot slot="186">D0N14</slot>
            <slot slot="187">D0N14</slot>
            <slot slot="188">D0N14</slot>
            <slot slot="189">D0N14</slot>
            <slot slot="190">D0N14</slot>
            <slot slot="191">D0N14</slot>
            <slot slot="192">D0N14</slot>
            <slot slot="193">D0N14</slot>
            <slot slot="194">D0N14</slot>
            <slot slot="195">D0N14</slot>
            <slot slot="196">D0N14</slot>
            <slot slot="197">D0N14</slot>
            <slot slot="198">D0N14</slot>
            <slot slot="199">D0N14</slot>
            <slot slot="200">D0N14</slot>
            <slot slot="201">D0N14</slot>
            <slot slot="202">D0N14</slot>
            <slot slot="203">D0N14</slot>
            <slot slot="204">D0N14</slot>
            <slot slot="205">D0N14</slot>
            <slot slot="206">D0N14</slot>
            <slot slot="207">D0N14</slot>
            <slot slot="208">D0N14</slot>
            <slot slot="209">D0N14</slot>
            <slot slot="210">D0N20</slot>
            <slot slot="211">D0N20</slot>
            <slot slot="212">D0N20</slot>
            <slot slot="213">D0N20</slot>
            <slot slot="214">D0N20</slot>
            <slot slot="215">D0N20</slot>
            <slot slot="216">D0N20</slot>
            <slot slot="217">D0N20</slot>
            <slot slot="218">D0N20</slot>
            <slot slot="219">D0N20</slot>
            <slot slot="220">D0N23</slot>
            <slot slot="221">D0N23</slot>
            <slot slot="222">D0N23</slot>
            <slot slot="223">D0N23</slot>
            <slot slot="224">D0N23</slot>
            <slot slot="225">D0N23</slot>
            <slot slot="226">D0N23</slot>
            <slot slot="227">D0N23</slot>
            <slot slot="228">D0N23</slot>
            <slot slot="229">D0N23</slot>
            <slot slot="230">D0N24</slot>
            <slot slot="231">D0N24</slot>
            <slot slot="232">D0N24</slot>
            <slot slot="233">D0N24</slot>
            <slot slot="234">D0N24</slot>
            <slot slot="235">D0N24</slot>
            <slot slot="236">D0N24</slot>
            <slot slot="237">D0N24</slot>
            <slot slot="238">D0N24</slot>
            <slot slot="239">D0N24</slot>
            <slot slot="240">D0N24</slot>
            <slot slot="241">D0N24</slot>
            <slot slot="242">D0N24</slot>
            <slot slot="243">D0N24</slot>
            <slot slot="244">D0N24</slot>
            <slot slot="245">D0N24</slot>
            <slot slot="246">D0N24</slot>
            <slot slot="247">D0N24</slot>
            <slot slot="248">D0N24</slot>
            <slot slot="249">D0N24</slot>
            <slot slot="250">D0N24</slot>
            <slot slot="251">D0N24</slot>
            <slot slot="252">D0N24</slot>
            <slot slot="253">D0N24</slot>
            <slot slot="254">D0N24</slot>
            <slot slot="255">D0N24</slot>
            <slot slot="256">D0N24</slot>
            <slot slot="257">D0N24</slot>
            <slot slot="258">D0N24</slot>
            <slot slot="259">D0N24</slot>
            <slot slot="260">D0N24</slot>
            <slot slot="261">D0N24</slot>
            <slot slot="262">D0N24</slot>
            <slot slot="263">D0N24</slot>
            <slot slot="264">D0N24</slot>
            <slot slot="265">D0N24</slot>
            <slot slot="266">D0N24</slot>
            <slot slot="267">D0N24</slot>
            <slot slot="268">D0N24</slot>
            <slot slot="269">D0N24</slot>
            <slot slot="270">D0N24</slot>
            <slot slot="271">D0N24</slot>
            <slot slot="272">D0N24</slot>
            <slot slot="273">D0N24</slot>
            <slot slot="274">D0N24</slot>
            <slot slot="275">D0N24</slot>
            <slot slot="276">D0N24</slot>
            <slot slot="277">D0N24</slot>
            <slot slot="278">D0N24</slot>
            <slot slot="279">D0N24</slot>
            <slot slot="280">D0N44</slot>
            <slot slot="281">D0N44</slot>
            <slot slot="282">D0N44</slot>
            <slot slot="283">D0N44</slot>
            <slot slot="284">D0N44</slot>
            <slot slot="285">D0N44</slot>
            <slot slot="286">D0N44</slot>
            <slot slot="287">D0N44</slot>
            <slot slot="288">D0N44</slot>
            <slot slot="289">D0N44</slot>
            <slot slot="290">D0N26</slot>
            <slot slot="291">D0N26</slot>
            <slot slot="292">D0N26</slot>
            <slot slot="293">D0N26</slot>
            <slot slot="294">D0N26</slot>
            <slot slot="295">D0N26</slot>
            <slot slot="296">D0N26</slot>
            <slot slot="297">D0N26</slot>
            <slot slot="298">D0N26</slot>
            <slot slot="299">D0N26</slot>
            <slot slot="300">D0N26</slot>
            <slot slot="301">D0N26</slot>
            <slot slot="302">D0N26</slot>
            <slot slot="303">D0N26</slot>
            <slot slot="304">D0N26</slot>
            <slot slot="305">D0N26</slot>
            <slot slot="306">D0N26</slot>
            <slot slot="307">D0N26</slot>
            <slot slot="308">D0N26</slot>
            <slot slot="309">D0N26</slot>
            <slot slot="310">D0N26</slot>
            <slot slot="311">D0N26</slot>
            <slot slot="312">D0N26</slot>
            <slot slot="313">D0N26</slot>
            <slot slot="314">D0N26</slot>
            <slot slot="315">D0N26</slot>
            <slot slot="316">D0N26</slot>
            <slot slot="317">D0N26</slot>
            <slot slot="318">D0N26</slot>
            <slot slot="319">D0N26</slot>
            <slot slot="320">D0N26</slot>
            <slot slot="321">D0N26</slot>
            <slot slot="322">D0N26</slot>
            <slot slot="323">D0N26</slot>
            <slot slot="324">D0N26</slot>
            <slot slot="325">D0N26</slot>
            <slot slot="326">D0N26</slot>
            <slot slot="327">D0N26</slot>
            <slot slot="328">D0N26</slot>
            <slot slot="329">D0N26</slot>
            <slot slot="330">D0N26</slot>
            <slot slot="331">D0N26</slot>
            <slot slot="332">D0N26</slot>
            <slot slot="333">D0N26</slot>
            <slot slot="334">D0N26</slot>
            <slot slot="335">D0N26</slot>
            <slot slot="336">D0N26</slot>
            <slot slot="337">D0N26</slot>
            <slot slot="338">D0N26</slot>
            <slot slot="339">D0N26</slot>
            <slot slot="340">D0N29</slot>
            <slot slot="341">D0N29</slot>
            <slot slot="342">D0N29</slot>
            <slot slot="343">D0N29</slot>
            <slot slot="344">D0N29</slot>
            <slot slot="345">D0N29</slot>
            <slot slot="346">D0N29</slot>
            <slot slot="347">D0N29</slot>
            <slot slot="348">D0N29</slot>
            <slot slot="349">D0N29</slot>
            <slot slot="350">D0N29</slot>
            <slot slot="351">D0N29</slot>
            <slot slot="352">D0N29</slot>
            <slot slot="353">D0N29</slot>
            <slot slot="354">D0N29</slot>
            <slot slot="355">D0N29</slot>
            <slot slot="356">D0N29</slot>
            <slot slot="357">D0N29</slot>
            <slot slot="358">D0N29</slot>
            <slot slot="359">D0N29</slot>
            <slot slot="360">D0N36</slot>
            <slot slot="361">D0N36</slot>
            <slot slot="362">D0N36</slot>
            <slot slot="363">D0N36</slot>
            <slot slot="364">D0N36</slot>
            <slot slot="365">D0N36</slot>
            <slot slot="366">D0N36</slot>
            <slot slot="367">D0N36</slot>
            <slot slot="368">D0N36</slot>
            <slot slot="369">D0N36</slot>
            <slot slot="370">D0N45</slot>
            <slot slot="371">D0N45</slot>
            <slot slot="372">D0N45</slot>
            <slot slot="373">D0N45</slot>
            <slot slot="374">D0N45</slot>
            <slot slot="375">D0N45</slot>
            <slot slot="376">D0N45</slot>
            <slot slot="377">D0N45</slot>
            <slot slot="378">D0N45</slot>
            <slot slot="379">D0N45</slot>
            <slot slot="380">D0N45</slot>
            <slot slot="381">D0N45</slot>
            <slot slot="382">D0N45</slot>
            <slot slot="383">D0N45</slot>
            <slot slot="384">D0N45</slot>
            <slot slot="385">D0N45</slot>
            <slot slot="386">D0N45</slot>
            <slot slot="387">D0N45</slot>
            <slot slot="388">D0N45</slot>
            <slot slot="389">D0N45</slot>
            <slot slot="390">D0N45</slot>
            <slot slot="391">D0N45</slot>
            <slot slot="392">D0N45</slot>
            <slot slot="393">D0N45</slot>
            <slot slot="394">D0N45</slot>
            <slot slot="395">D0N45</slot>
            <slot slot="396">D0N45</slot>
            <slot slot="397">D0N45</slot>
            <slot slot="398">D0N45</slot>
            <slot slot="399">D0N45</slot>
            <slot slot="400">D0N45</slot>
            <slot slot="401">D0N45</slot>
            <slot slot="402">D0N45</slot>
            <slot slot="403">D0N45</slot>
            <slot slot="404">D0N45</slot>
            <slot slot="405">D0N45</slot>
            <slot slot="406">D0N45</slot>
            <slot slot="407">D0N45</slot>
            <slot slot="408">D0N45</slot>
            <slot slot="409">D0N45</slot>
            <slot slot="410">D0N45</slot>
            <slot slot="411">D0N45</slot>
            <slot slot="412">D0N45</slot>
            <slot slot="413">D0N45</slot>
            <slot slot="414">D0N45</slot>
            <slot slot="415">D0N45</slot>
            <slot slot="416">D0N45</slot>
            <slot slot="417">D0N45</slot>
            <slot slot="418">D0N45</slot>
            <slot slot="419">D0N45</slot>
            <slot slot="420">D0N45</slot>
            <slot slot="421">D0N45</slot>
            <slot slot="422">D0N45</slot>
            <slot slot="423">D0N45</slot>
            <slot slot="424">D0N45</slot>
            <slot slot="425">D0N45</slot>
            <slot slot="426">D0N45</slot>
            <slot slot="427">D0N45</slot>
            <slot slot="428">D0N45</slot>
            <slot slot="429">D0N45</slot>
            <slot slot="430">D0N45</slot>
            <slot slot="431">D0N45</slot>
            <slot slot="432">D0N45</slot>
            <slot slot="433">D0N45</slot>
            <slot slot="434">D0N45</slot>
            <slot slot="435">D0N45</slot>
            <slot slot="436">D0N45</slot>
            <slot slot="437">D0N45</slot>
            <slot slot="438">D0N45</slot>
            <slot slot="439">D0N45</slot>
            <slot slot="440">-</slot>
            <slot slot="441">-</slot>
            <slot slot="442">-</slot>
            <slot slot="443">-</slot>
            <slot slot="444">-</slot>
            <slot slot="445">-</slot>
            <slot slot="446">-</slot>
            <slot slot="447">-</slot>
            <slot slot="448">-</slot>
            <slot slot="449">-</slot>
            <slot slot="450">-</slot>
            <slot slot="451">-</slot>
            <slot slot="452">-</slot>
            <slot slot="453">-</slot>
            <slot slot="454">-</slot>
            <slot slot="455">-</slot>
            <slot slot="456">-</slot>
            <slot slot="457">-</slot>
            <slot slot="458">-</slot>
            <slot slot="459">-</slot>
            <slot slot="460">-</slot>
            <slot slot="461">-</slot>
            <slot slot="462">-</slot>
            <slot slot="463">-</slot>
            <slot slot="464">-</slot>
            <slot slot="465">-</slot>
            <slot slot="466">-</slot>
            <slot slot="467">-</slot>
            <slot slot="468">-</slot>
            <slot slot="469">-</slot>
            <slot slot="470">-</slot>
            <slot slot="471">-</slot>
            <slot slot="472">-</slot>
            <slot slot="473">-</slot>
            <slot slot="474">-</slot>
            <slot slot="475">-</slot>
            <slot slot="476">-</slot>
            <slot slot="477">-</slot>
            <slot slot="478">-</slot>
            <slot slot="479">-</slot>
            <slot slot="480">-</slot>
            <slot slot="481">-</slot>
            <slot slot="482">-</slot>
            <slot slot="483">-</slot>
            <slot slot="484">-</slot>
            <slot slot="485">-</slot>
            <slot slot="486">-</slot>
            <slot slot="487">-</slot>
            <slot slot="488">-</slot>
            <slot slot="489">-</slot>
            <slot slot="490">-</slot>
            <slot slot="491">-</slot>
            <slot slot="492">-</slot>
            <slot slot="493">-</slot>
            <slot slot="494">-</slot>
            <slot slot="495">-</slot>
            <slot slot="496">-</slot>
            <slot slot="497">-</slot>
            <slot slot="498">-</slot>
            <slot slot="499">-</slot>
            <slot slot="500">-</slot>
            <slot slot="501">-</slot>
            <slot slot="502">-</slot>
            <slot slot="503">-</slot>
            <slot slot="504">-</slot>
            <slot slot="505">-</slot>
            <slot slot="506">-</slot>
            <slot slot="507">-</slot>
            <slot slot="508">-</slot>
            <slot slot="509">-</slot>
            <slot slot="510">-</slot>
            <slot slot="511">-</slot>
            <slot slot="512">-</slot>
            <slot slot="513">-</slot>
            <slot slot="514">-</slot>
            <slot slot="515">-</slot>
            <slot slot="516">-</slot>
            <slot slot="517">-</slot>
            <slot slot="518">-</slot>
            <slot slot="519">-</slot>
            <slot slot="520">-</slot>
            <slot slot="521">-</slot>
            <slot slot="522">-</slot>
            <slot slot="523">-</slot>
            <slot slot="524">-</slot>
            <slot slot="525">-</slot>
            <slot slot="526">-</slot>
            <slot slot="527">-</slot>
            <slot slot="528">-</slot>
            <slot slot="529">-</slot>
            <slot slot="530">-</slot>
            <slot slot="531">-</slot>
            <slot slot="532">-</slot>
            <slot slot="533">-</slot>
            <slot slot="534">-</slot>
            <slot slot="535">-</slot>
            <slot slot="536">-</slot>
            <slot slot="537">-</slot>
            <slot slot="538">-</slot>
            <slot slot="539">-</slot>
            <slot slot="540">-</slot>
            <slot slot="541">-</slot>
            <slot slot="542">-</slot>
            <slot slot="543">-</slot>
            <slot slot="544">-</slot>
            <slot slot="545">-</slot>
            <slot slot="546">-</slot>
            <slot slot="547">-</slot>
            <slot slot="548">-</slot>
            <slot slot="549">-</slot>
            <slot slot="550">-</slot>
            <slot slot="551">-</slot>
            <slot slot="552">-</slot>
            <slot slot="553">-</slot>
            <slot slot="554">-</slot>
            <slot slot="555">-</slot>
            <slot slot="556">-</slot>
            <slot slot="557">-</slot>
            <slot slot="558">-</slot>
            <slot slot="559">-</slot>
            <slot slot="560">-</slot>
            <slot slot="561">-</slot>
            <slot slot="562">-</slot>
            <slot slot="563">-</slot>
            <slot slot="564">-</slot>
            <slot slot="565">-</slot>
            <slot slot="566">-</slot>
            <slot slot="567">-</slot>
            <slot slot="568">-</slot>
            <slot slot="569">-</slot>
            <slot slot="570">-</slot>
            <slot slot="571">-</slot>
            <slot slot="572">-</slot>
            <slot slot="573">-</slot>
            <slot slot="574">-</slot>
            <slot slot="575">-</slot>
            <slot slot="576">-</slot>
            <slot slot="577">-</slot>
            <slot slot="578">-</slot>
            <slot slot="579">-</slot>
            <slot slot="580">-</slot>
            <slot slot="581">-</slot>
            <slot slot="582">-</slot>
            <slot slot="583">-</slot>
            <slot slot="584">-</slot>
            <slot slot="585">-</slot>
            <slot slot="586">-</slot>
            <slot slot="587">-</slot>
            <slot slot="588">-</slot>
            <slot slot="589">-</slot>
            <slot slot="590">-</slot>
            <slot slot="591">-</slot>
            <slot slot="592">-</slot>
            <slot slot="593">-</slot>
            <slot slot="594">-</slot>
            <slot slot="595">-</slot>
            <slot slot="596">-</slot>
            <slot slot="597">-</slot>
            <slot slot="598">-</slot>
            <slot slot="599">-</slot>
            <slot slot="600">-</slot>
            <slot slot="601">-</slot>
            <slot slot="602">-</slot>
            <slot slot="603">-</slot>
            <slot slot="604">-</slot>
            <slot slot="605">-</slot>
            <slot slot="606">-</slot>
            <slot slot="607">-</slot>
            <slot slot="608">-</slot>
            <slot slot="609">-</slot>
            <slot slot="610">-</slot>
            <slot slot="611">-</slot>
            <slot slot="612">-</slot>
            <slot slot="613">-</slot>
            <slot slot="614">-</slot>
            <slot slot="615">-</slot>
            <slot slot="616">-</slot>
            <slot slot="617">-</slot>
            <slot slot="618">-</slot>
            <slot slot="619">-</slot>
            <slot slot="620">-</slot>
            <slot slot="621">-</slot>
            <slot slot="622">-</slot>
            <slot slot="623">-</slot>
            <slot slot="624">-</slot>
            <slot slot="625">-</slot>
            <slot slot="626">-</slot>
            <slot slot="627">-</slot>
            <slot slot="628">-</slot>
            <slot slot="629">-</slot>
            <slot slot="630">-</slot>
            <slot slot="631">-</slot>
            <slot slot="632">-</slot>
            <slot slot="633">-</slot>
            <slot slot="634">-</slot>
            <slot slot="635">-</slot>
            <slot slot="636">-</slot>
            <slot slot="637">-</slot>
            <slot slot="638">-</slot>
            <slot slot="639">-</slot>
            <slot slot="640">-</slot>
            <slot slot="641">-</slot>
            <slot slot="642">-</slot>
            <slot slot="643">-</slot>
            <slot slot="644">-</slot>
            <slot slot="645">-</slot>
            <slot slot="646">-</slot>
            <slot slot="647">-</slot>
            <slot slot="648">-</slot>
            <slot slot="649">-</slot>
            <slot slot="650">-</slot>
            <slot slot="651">-</slot>
            <slot slot="652">-</slot>
            <slot slot="653">-</slot>
            <slot slot="654">-</slot>
            <slot slot="655">-</slot>
            <slot slot="656">-</slot>
            <slot slot="657">-</slot>
            <slot slot="658">-</slot>
            <slot slot="659">-</slot>
            <slot slot="660">-</slot>
            <slot slot="661">-</slot>
            <slot slot="662">-</slot>
            <slot slot="663">-</slot>
            <slot slot="664">-</slot>
            <slot slot="665">-</slot>
            <slot slot="666">-</slot>
            <slot slot="667">-</slot>
            <slot slot="668">-</slot>
            <slot slot="669">-</slot>
            <slot slot="670">-</slot>
            <slot slot="671">-</slot>
            <slot slot="672">-</slot>
            <slot slot="673">-</slot>
            <slot slot="674">-</slot>
            <slot slot="675">-</slot>
            <slot slot="676">-</slot>
            <slot slot="677">-</slot>
            <slot slot="678">-</slot>
            <slot slot="679">-</slot>
            <slot slot="680">-</slot>
            <slot slot="681">-</slot>
            <slot slot="682">-</slot>
            <slot slot="683">-</slot>
            <slot slot="684">-</slot>
            <slot slot="685">-</slot>
            <slot slot="686">-</slot>
            <slot slot="687">-</slot>
            <slot slot="688">-</slot>
            <slot slot="689">-</slot>
            <slot slot="690">-</slot>
            <slot slot="691">-</slot>
            <slot slot="692">-</slot>
            <slot slot="693">-</slot>
            <slot slot="694">-</slot>
            <slot slot="695">-</slot>
            <slot slot="696">-</slot>
            <slot slot="697">-</slot>
            <slot slot="698">-</slot>
            <slot slot="699">-</slot>
            <slot slot="700">-</slot>
            <slot slot="701">-</slot>
            <slot slot="702">-</slot>
            <slot slot="703">-</slot>
            <slot slot="704">-</slot>
            <slot slot="705">-</slot>
            <slot slot="706">-</slot>
            <slot slot="707">-</slot>
            <slot slot="708">-</slot>
            <slot slot="709">-</slot>
            <slot slot="710">-</slot>
            <slot slot="711">-</slot>
            <slot slot="712">-</slot>
            <slot slot="713">-</slot>
            <slot slot="714">-</slot>
            <slot slot="715">-</slot>
            <slot slot="716">-</slot>
            <slot slot="717">-</slot>
            <slot slot="718">-</slot>
            <slot slot="719">-</slot>
            <slot slot="720">-</slot>
            <slot slot="721">-</slot>
            <slot slot="722">-</slot>
            <slot slot="723">-</slot>
            <slot slot="724">-</slot>
            <slot slot="725">-</slot>
            <slot slot="726">-</slot>
            <slot slot="727">-</slot>
            <slot slot="728">-</slot>
            <slot slot="729">-</slot>
            <slot slot="730">-</slot>
            <slot slot="731">-</slot>
            <slot slot="732">-</slot>
            <slot slot="733">-</slot>
            <slot slot="734">-</slot>
            <slot slot="735">-</slot>
            <slot slot="736">-</slot>
            <slot slot="737">-</slot>
            <slot slot="738">-</slot>
            <slot slot="739">-</slot>
            <slot slot="740">-</slot>
            <slot slot="741">-</slot>
            <slot slot="742">-</slot>
            <slot slot="743">-</slot>
            <slot slot="744">-</slot>
            <slot slot="745">-</slot>
            <slot slot="746">-</slot>
            <slot slot="747">-</slot>
            <slot slot="748">-</slot>
            <slot slot="749">-</slot>
            <slot slot="750">-</slot>
            <slot slot="751">-</slot>
            <slot slot="752">-</slot>
            <slot slot="753">-</slot>
            <slot slot="754">-</slot>
            <slot slot="755">-</slot>
            <slot slot="756">-</slot>
            <slot slot="757">-</slot>
            <slot slot="758">-</slot>
            <slot slot="759">-</slot>
            <slot slot="760">-</slot>
            <slot slot="761">-</slot>
            <slot slot="762">-</slot>
            <slot slot="763">-</slot>
            <slot slot="764">-</slot>
            <slot slot="765">-</slot>
            <slot slot="766">-</slot>
            <slot slot="767">-</slot>
            <slot slot="768">-</slot>
            <slot slot="769">-</slot>
            <slot slot="770">-</slot>
            <slot slot="771">-</slot>
            <slot slot="772">-</slot>
            <slot slot="773">-</slot>
            <slot slot="774">-</slot>
            <slot slot="775">-</slot>
            <slot slot="776">-</slot>
            <slot slot="777">-</slot>
            <slot slot="778">-</slot>
            <slot slot="779">-</slot>
            <slot slot="780">-</slot>
            <slot slot="781">-</slot>
            <slot slot="782">-</slot>
            <slot slot="783">-</slot>
            <slot slot="784">-</slot>
            <slot slot="785">-</slot>
            <slot slot="786">-</slot>
            <slot slot="787">-</slot>
            <slot slot="788">-</slot>
            <slot slot="789">-</slot>
            <slot slot="790">-</slot>
            <slot slot="791">-</slot>
            <slot slot="792">-</slot>
            <slot slot="793">-</slot>
            <slot slot="794">-</slot>
            <slot slot="795">-</slot>
            <slot slot="796">-</slot>
            <slot slot="797">-</slot>
            <slot slot="798">-</slot>
            <slot slot="799">-</slot>
            <slot slot="800">-</slot>
            <slot slot="801">-</slot>
            <slot slot="802">-</slot>
            <slot slot="803">-</slot>
            <slot slot="804">-</slot>
            <slot slot="805">-</slot>
            <slot slot="806">-</slot>
            <slot slot="807">-</slot>
            <slot slot="808">-</slot>
            <slot slot="809">-</slot>
            <slot slot="810">-</slot>
            <slot slot="811">-</slot>
            <slot slot="812">-</slot>
            <slot slot="813">-</slot>
            <slot slot="814">-</slot>
            <slot slot="815">-</slot>
            <slot slot="816">-</slot>
            <slot slot="817">-</slot>
            <slot slot="818">-</slot>
            <slot slot="819">-</slot>
            <slot slot="820">-</slot>
            <slot slot="821">-</slot>
            <slot slot="822">-</slot>
            <slot slot="823">-</slot>
            <slot slot="824">-</slot>
            <slot slot="825">-</slot>
            <slot slot="826">-</slot>
            <slot slot="827">-</slot>
            <slot slot="828">-</slot>
            <slot slot="829">-</slot>
            <slot slot="830">-</slot>
            <slot slot="831">-</slot>
            <slot slot="832">-</slot>
            <slot slot="833">-</slot>
            <slot slot="834">-</slot>
            <slot slot="835">-</slot>
            <slot slot="836">-</slot>
            <slot slot="837">-</slot>
            <slot slot="838">-</slot>
            <slot slot="839">-</slot>
            <slot slot="840">-</slot>
            <slot slot="841">-</slot>
            <slot slot="842">-</slot>
            <slot slot="843">-</slot>
            <slot slot="844">-</slot>
            <slot slot="845">-</slot>
            <slot slot="846">-</slot>
            <slot slot="847">-</slot>
            <slot slot="848">-</slot>
            <slot slot="849">-</slot>
            <slot slot="850">-</slot>
            <slot slot="851">-</slot>
            <slot slot="852">-</slot>
            <slot slot="853">-</slot>
            <slot slot="854">-</slot>
            <slot slot="855">-</slot>
            <slot slot="856">-</slot>
            <slot slot="857">-</slot>
            <slot slot="858">-</slot>
            <slot slot="859">-</slot>
            <slot slot="860">-</slot>
            <slot slot="861">-</slot>
            <slot slot="862">-</slot>
            <slot slot="863">-</slot>
            <slot slot="864">-</slot>
            <slot slot="865">-</slot>
            <slot slot="866">-</slot>
            <slot slot="867">-</slot>
            <slot slot="868">-</slot>
            <slot slot="869">-</slot>
            <slot slot="870">-</slot>
            <slot slot="871">-</slot>
            <slot slot="872">-</slot>
            <slot slot="873">-</slot>
            <slot slot="874">-</slot>
            <slot slot="875">-</slot>
            <slot slot="876">-</slot>
            <slot slot="877">-</slot>
            <slot slot="878">-</slot>
            <slot slot="879">-</slot>
            <slot slot="880">-</slot>
            <slot slot="881">-</slot>
            <slot slot="882">-</slot>
            <slot slot="883">-</slot>
            <slot slot="884">-</slot>
            <slot slot="885">-</slot>
            <slot slot="886">-</slot>
            <slot slot="887">-</slot>
            <slot slot="888">-</slot>
            <slot slot="889">-</slot>
            <slot slot="890">-</slot>
            <slot slot="891">-</slot>
            <slot slot="892">-</slot>
            <slot slot="893">-</slot>
            <slot slot="894">-</slot>
            <slot slot="895">-</slot>
            <slot slot="896">-</slot>
            <slot slot="897">-</slot>
            <slot slot="898">-</slot>
            <slot slot="899">-</slot>
            <slot slot="900">-</slot>
            <slot slot="901">-</slot>
            <slot slot="902">-</slot>
            <slot slot="903">-</slot>
            <slot slot="904">-</slot>
            <slot slot="905">-</slot>
            <slot slot="906">-</slot>
            <slot slot="907">-</slot>
            <slot slot="908">-</slot>
            <slot slot="909">-</slot>
            <slot slot="910">-</slot>
            <slot slot="911">-</slot>
            <slot slot="912">-</slot>
            <slot slot="913">-</slot>
            <slot slot="914">-</slot>
            <slot slot="915">-</slot>
            <slot slot="916">-</slot>
            <slot slot="917">-</slot>
            <slot slot="918">-</slot>
            <slot slot="919">-</slot>
            <slot slot="920">-</slot>
            <slot slot="921">-</slot>
            <slot slot="922">-</slot>
            <slot slot="923">-</slot>
            <slot slot="924">-</slot>
            <slot slot="925">-</slot>
            <slot slot="926">-</slot>
            <slot slot="927">-</slot>
            <slot slot="928">-</slot>
            <slot slot="929">-</slot>
            <slot slot="930">-</slot>
            <slot slot="931">-</slot>
            <slot slot="932">-</slot>
            <slot slot="933">-</slot>
            <slot slot="934">-</slot>
            <slot slot="935">-</slot>
            <slot slot="936">-</slot>
            <slot slot="937">-</slot>
            <slot slot="938">-</slot>
            <slot slot="939">-</slot>
            <slot slot="940">-</slot>
            <slot slot="941">-</slot>
            <slot slot="942">-</slot>
            <slot slot="943">-</slot>
            <slot slot="944">-</slot>
            <slot slot="945">-</slot>
            <slot slot="946">-</slot>
            <slot slot="947">-</slot>
            <slot slot="948">-</slot>
            <slot slot="949">-</slot>
            <slot slot="950">-</slot>
            <slot slot="951">-</slot>
            <slot slot="952">-</slot>
            <slot slot="953">-</slot>
            <slot slot="954">-</slot>
            <slot slot="955">-</slot>
            <slot slot="956">-</slot>
            <slot slot="957">-</slot>
            <slot slot="958">-</slot>
            <slot slot="959">-</slot>
            <slot slot="960">-</slot>
            <slot slot="961">-</slot>
            <slot slot="962">-</slot>
            <slot slot="963">-</slot>
            <slot slot="964">-</slot>
            <slot slot="965">-</slot>
            <slot slot="966">-</slot>
            <slot slot="967">-</slot>
            <slot slot="968">-</slot>
            <slot slot="969">-</slot>
            <slot slot="970">-</slot>
            <slot slot="971">-</slot>
            <slot slot="972">-</slot>
            <slot slot="973">-</slot>
            <slot slot="974">-</slot>
            <slot slot="975">-</slot>
            <slot slot="976">-</slot>
            <slot slot="977">-</slot>
            <slot slot="978">-</slot>
            <slot slot="979">-</slot>
            <slot slot="980">-</slot>
            <slot slot="981">-</slot>
            <slot slot="982">-</slot>
            <slot slot="983">-</slot>
            <slot slot="984">-</slot>
            <slot slot="985">-</slot>
            <slot slot="986">-</slot>
            <slot slot="987">-</slot>
            <slot slot="988">-</slot>
            <slot slot="989">-</slot>
            <slot slot="990">-</slot>
            <slot slot="991">-</slot>
            <slot slot="992">-</slot>
            <slot slot="993">-</slot>
            <slot slot="994">-</slot>
            <slot slot="995">-</slot>
            <slot slot="996">-</slot>
            <slot slot="997">-</slot>
            <slot slot="998">-</slot>
            <slot slot="999">-</slot>
            <slot slot="1000">-</slot>
            <slot slot="1001">-</slot>
            <slot slot="1002">-</slot>
            <slot slot="1003">-</slot>
            <slot slot="1004">-</slot>
            <slot slot="1005">-</slot>
            <slot slot="1006">-</slot>
            <slot slot="1007">-</slot>
            <slot slot="1008">-</slot>
            <slot slot="1009">-</slot>
            <slot slot="1010">-</slot>
            <slot slot="1011">-</slot>
            <slot slot="1012">-</slot>
            <slot slot="1013">-</slot>
            <slot slot="1014">-</slot>
            <slot slot="1015">-</slot>
            <slot slot="1016">-</slot>
            <slot slot="1017">-</slot>
            <slot slot="1018">-</slot>
            <slot slot="1019">-</slot>
            <slot slot="1020">-</slot>
            <slot slot="1021">-</slot>
            <slot slot="1022">-</slot>
            <slot slot="1023">-</slot>
            <slot slot="1024">-</slot>
            <slot slot="1025">-</slot>
            <slot slot="1026">-</slot>
            <slot slot="1027">-</slot>
            <slot slot="1028">-</slot>
            <slot slot="1029">-</slot>
            <slot slot="1030">-</slot>
            <slot slot="1031">-</slot>
            <slot slot="1032">-</slot>
            <slot slot="1033">-</slot>
            <slot slot="1034">-</slot>
            <slot slot="1035">-</slot>
            <slot slot="1036">-</slot>
            <slot slot="1037">-</slot>
            <slot slot="1038">-</slot>
            <slot slot="1039">-</slot>
            <slot slot="1040">-</slot>
            <slot slot="1041">-</slot>
            <slot slot="1042">-</slot>
            <slot slot="1043">-</slot>
            <slot slot="1044">-</slot>
            <slot slot="1045">-</slot>
            <slot slot="1046">-</slot>
            <slot slot="1047">-</slot>
            <slot slot="1048">-</slot>
            <slot slot="1049">-</slot>
            <slot slot="1050">-</slot>
            <slot slot="1051">-</slot>
            <slot slot="1052">-</slot>
            <slot slot="1053">-</slot>
            <slot slot="1054">-</slot>
            <slot slot="1055">-</slot>
            <slot slot="1056">-</slot>
            <slot slot="1057">-</slot>
            <slot slot="1058">-</slot>
            <slot slot="1059">-</slot>
            <slot slot="1060">-</slot>
            <slot slot="1061">-</slot>
            <slot slot="1062">-</slot>
            <slot slot="1063">-</slot>
            <slot slot="1064">-</slot>
            <slot slot="1065">-</slot>
            <slot slot="1066">-</slot>
            <slot slot="1067">-</slot>
            <slot slot="1068">-</slot>
            <slot slot="1069">-</slot>
            <slot slot="1070">-</slot>
            <slot slot="1071">-</slot>
            <slot slot="1072">-</slot>
            <slot slot="1073">-</slot>
            <slot slot="1074">-</slot>
            <slot slot="1075">-</slot>
            <slot slot="1076">-</slot>
            <slot slot="1077">-</slot>
            <slot slot="1078">-</slot>
            <slot slot="1079">-</slot>
            <slot slot="1080">-</slot>
            <slot slot="1081">-</slot>
            <slot slot="1082">-</slot>
            <slot slot="1083">-</slot>
            <slot slot="1084">-</slot>
            <slot slot="1085">-</slot>
            <slot slot="1086">-</slot>
            <slot slot="1087">-</slot>
            <slot slot="1088">-</slot>
            <slot slot="1089">-</slot>
            <slot slot="1090">-</slot>
            <slot slot="1091">-</slot>
            <slot slot="1092">-</slot>
            <slot slot="1093">-</slot>
            <slot slot="1094">-</slot>
            <slot slot="1095">-</slot>
            <slot slot="1096">-</slot>
            <slot slot="1097">-</slot>
            <slot slot="1098">-</slot>
            <slot slot="1099">-</slot>
            <slot slot="1100">-</slot>
            <slot slot="1101">-</slot>
            <slot slot="1102">-</slot>
            <slot slot="1103">-</slot>
            <slot slot="1104">-</slot>
            <slot slot="1105">-</slot>
            <slot slot="1106">-</slot>
            <slot slot="1107">-</slot>
            <slot slot="1108">-</slot>
            <slot slot="1109">-</slot>
            <slot slot="1110">-</slot>
            <slot slot="1111">-</slot>
            <slot slot="1112">-</slot>
            <slot slot="1113">-</slot>
            <slot slot="1114">-</slot>
            <slot slot="1115">-</slot>
            <slot slot="1116">-</slot>
            <slot slot="1117">-</slot>
            <slot slot="1118">-</slot>
            <slot slot="1119">-</slot>
            <slot slot="1120">-</slot>
            <slot slot="1121">-</slot>
            <slot slot="1122">-</slot>
            <slot slot="1123">-</slot>
            <slot slot="1124">-</slot>
            <slot slot="1125">-</slot>
            <slot slot="1126">-</slot>
            <slot slot="1127">-</slot>
            <slot slot="1128">-</slot>
            <slot slot="1129">-</slot>
            <slot slot="1130">-</slot>
            <slot slot="1131">-</slot>
            <slot slot="1132">-</slot>
            <slot slot="1133">-</slot>
            <slot slot="1134">-</slot>
            <slot slot="1135">-</slot>
            <slot slot="1136">-</slot>
            <slot slot="1137">-</slot>
            <slot slot="1138">-</slot>
            <slot slot="1139">-</slot>
            <slot slot="1140">-</slot>
            <slot slot="1141">-</slot>
            <slot slot="1142">-</slot>
            <slot slot="1143">-</slot>
            <slot slot="1144">-</slot>
            <slot slot="1145">-</slot>
            <slot slot="1146">-</slot>
            <slot slot="1147">-</slot>
            <slot slot="1148">-</slot>
            <slot slot="1149">-</slot>
            <slot slot="1150">-</slot>
            <slot slot="1151">-</slot>
            <slot slot="1152">-</slot>
            <slot slot="1153">-</slot>
            <slot slot="1154">-</slot>
            <slot slot="1155">-</slot>
            <slot slot="1156">-</slot>
            <slot slot="1157">-</slot>
            <slot slot="1158">-</slot>
            <slot slot="1159">-</slot>
            <slot slot="1160">-</slot>
            <slot slot="1161">-</slot>
            <slot slot="1162">-</slot>
            <slot slot="1163">-</slot>
            <slot slot="1164">-</slot>
            <slot slot="1165">-</slot>
            <slot slot="1166">-</slot>
            <slot slot="1167">-</slot>
            <slot slot="1168">-</slot>
            <slot slot="1169">-</slot>
            <slot slot="1170">-</slot>
            <slot slot="1171">-</slot>
            <slot slot="1172">-</slot>
            <slot slot="1173">-</slot>
            <slot slot="1174">-</slot>
            <slot slot="1175">-</slot>
            <slot slot="1176">-</slot>
            <slot slot="1177">-</slot>
            <slot slot="1178">-</slot>
            <slot slot="1179">-</slot>
            <slot slot="1180">-</slot>
            <slot slot="1181">-</slot>
            <slot slot="1182">-</slot>
            <slot slot="1183">-</slot>
            <slot slot="1184">-</slot>
            <slot slot="1185">-</slot>
            <slot slot="1186">-</slot>
            <slot slot="1187">-</slot>
            <slot slot="1188">-</slot>
            <slot slot="1189">-</slot>
            <slot slot="1190">-</slot>
            <slot slot="1191">-</slot>
            <slot slot="1192">-</slot>
            <slot slot="1193">-</slot>
            <slot slot="1194">-</slot>
            <slot slot="1195">-</slot>
            <slot slot="1196">-</slot>
            <slot slot="1197">-</slot>
            <slot slot="1198">-</slot>
            <slot slot="1199">-</slot>
        </core>
        <core number="1">
            <slot slot="0">D0N5</slot>
            <slot slot="1">D0N5</slot>
            <slot slot="2">D0N5</slot>
            <slot slot="3">D0N5</slot>
            <slot slot="4">D0N5</slot>
            <slot slot="5">D0N5</slot>
            <slot slot="6">D0N5</slot>
            <slot slot="7">D0N5</slot>
            <slot slot="8">D0N5</slot>
            <slot slot="9">D0N5</slot>
            <slot slot="10">D0N7</slot>
            <slot slot="11">D0N7</slot>
            <slot slot="12">D0N7</slot>
            <slot slot="13">D0N7</slot>
            <slot slot="14">D0N7</slot>
            <slot slot="15">D0N7</slot>
            <slot slot="16">D0N7</slot>
            <slot slot="17">D0N7</slot>
            <slot slot="18">D0N7</slot>
            <slot slot="19">D0N7</slot>
            <slot slot="20">D0N7</slot>
            <slot slot="21">D0N7</slot>
            <slot slot="22">D0N7</slot>
            <slot slot="23">D0N7</slot>
            <slot slot="24">D0N7</slot>
            <slot slot="25">D0N7</slot>
            <slot slot="26">D0N7</slot>
            <slot slot="27">D0N7</slot>
            <slot slot="28">D0N7</slot>
            <slot slot="29">D0N7</slot>
            <slot slot="30">D0N7</slot>
            <slot slot="31">D0N7</slot>
            <slot slot="32">D0N7</slot>
            <slot slot="33">D0N7</slot>
            <slot slot="34">D0N7</slot>
            <slot slot="35">D0N7</slot>
            <slot slot="36">D0N7</slot>
            <slot slot="37">D0N7</slot>
            <slot slot="38">D0N7</slot>
            <slot slot="39">D0N7</slot>
            <slot slot="40">D0N7</slot>
            <slot slot="41">D0N7</slot>
            <slot slot="42">D0N7</slot>
            <slot slot="43">D0N7</slot>
            <slot slot="44">D0N7</slot>
            <slot slot="45">D0N7</slot>
            <slot slot="46">D0N7</slot>
            <slot slot="47">D0N7</slot>
            <slot slot="48">D0N7</slot>
            <slot slot="49">D0N7</slot>
            <slot slot="50">D0N9</slot>
            <slot slot="51">D0N9</slot>
            <slot slot="52">D0N9</slot>
            <slot slot="53">D0N9</slot>
            <slot slot="54">D0N9</slot>
            <slot slot="55">D0N9</slot>
            <slot slot="56">D0N9</slot>
            <slot slot="57">D0N9</slot>
            <slot slot="58">D0N9</slot>
            <slot slot="59">D0N9</slot>
            <slot slot="60">D0N9</slot>
            <slot slot="61">D0N9</slot>
            <slot slot="62">D0N9</slot>
            <slot slot="63">D0N9</slot>
            <slot slot="64">D0N9</slot>
            <slot slot="65">D0N9</slot>
            <slot slot="66">D0N9</slot>
            <slot slot="67">D0N9</slot>
            <slot slot="68">D0N9</slot>
            <slot slot="69">D0N9</slot>
            <slot slot="70">D0N9</slot>
            <slot slot="71">D0N9</slot>
            <slot slot="72">D0N9</slot>
            <slot slot="73">D0N9</slot>
            <slot slot="74">D0N9</slot>
            <slot slot="75">D0N9</slot>
            <slot slot="76">D0N9</slot>
            <slot slot="77">D0N9</slot>
            <slot slot="78">D0N9</slot>
            <slot slot="79">D0N9</slot>
            <slot slot="80">D0N8</slot>
            <slot slot="81">D0N8</slot>
            <slot slot="82">D0N8</slot>
            <slot slot="83">D0N8</slot>
            <slot slot="84">D0N8</slot>
            <slot slot="85">D0N8</slot>
            <slot slot="86">D0N8</slot>
            <slot slot="87">D0N8</slot>
            <slot slot="88">D0N8</slot>
            <slot slot="89">D0N8</slot>
            <slot slot="90">D0N16</slot>
            <slot slot="91">D0N16</slot>
            <slot slot="92">D0N16</slot>
            <slot slot="93">D0N16</slot>
            <slot slot="94">D0N16</slot>
            <slot slot="95">D0N16</slot>
            <slot slot="96">D0N16</slot>
            <slot slot="97">D0N16</slot>
            <slot slot="98">D0N16</slot>
            <slot slot="99">D0N16</slot>
            <slot slot="100">D0N16</slot>
            <slot slot="101">D0N16</slot>
            <slot slot="102">D0N16</slot>
            <slot slot="103">D0N16</slot>
            <slot slot="104">D0N16</slot>
            <slot slot="105">D0N16</slot>
            <slot slot="106">D0N16</slot>
            <slot slot="107">D0N16</slot>
            <slot slot="108">D0N16</slot>
            <slot slot="109">D0N16</slot>
            <slot slot="110">D0N16</slot>
            <slot slot="111">D0N16</slot>
            <slot slot="112">D0N16</slot>
            <slot slot="113">D0N16</slot>
            <slot slot="114">D0N16</slot>
            <slot slot="115">D0N16</slot>
            <slot slot="116">D0N16</slot>
            <slot slot="117">D0N16</slot>
            <slot slot="118">D0N16</slot>
            <slot slot="119">D0N16</slot>
            <slot slot="120">D0N16</slot>
            <slot slot="121">D0N16</slot>
            <slot slot="122">D0N16</slot>
            <slot slot="123">D0N16</slot>
            <slot slot="124">D0N16</slot>
            <slot slot="125">D0N16</slot>
            <slot slot="126">D0N16</slot>
            <slot slot="127">D0N16</slot>
            <slot slot="128">D0N16</slot>
            <slot slot="129">D0N16</slot>
            <slot slot="130">D0N21</slot>
            <slot slot="131">D0N21</slot>
            <slot slot="132">D0N21</slot>
            <slot slot="133">D0N21</slot>
            <slot slot="134">D0N21</slot>
            <slot slot="135">D0N21</slot>
            <slot slot="136">D0N21</slot>
            <slot slot="137">D0N21</slot>
            <slot slot="138">D0N21</slot>
            <slot slot="139">D0N21</slot>
            <slot slot="140">D0N35</slot>
            <slot slot="141">D0N35</slot>
            <slot slot="142">D0N35</slot>
            <slot slot="143">D0N35</slot>
            <slot slot="144">D0N35</slot>
            <slot slot="145">D0N35</slot>
            <slot slot="146">D0N35</slot>
            <slot slot="147">D0N35</slot>
            <slot slot="148">D0N35</slot>
            <slot slot="149">D0N35</slot>
            <slot slot="150">D0N35</slot>
            <slot slot="151">D0N35</slot>
            <slot slot="152">D0N35</slot>
            <slot slot="153">D0N35</slot>
            <slot slot="154">D0N35</slot>
            <slot slot="155">D0N35</slot>
            <slot slot="156">D0N35</slot>
            <slot slot="157">D0N35</slot>
            <slot slot="158">D0N35</slot>
            <slot slot="159">D0N35</slot>
            <slot slot="160">D0N35</slot>
            <slot slot="161">D0N35</slot>
            <slot slot="162">D0N35</slot>
            <slot slot="163">D0N35</slot>
            <slot slot="164">D0N35</slot>
            <slot slot="165">D0N35</slot>
            <slot slot="166">D0N35</slot>
            <slot slot="167">D0N35</slot>
            <slot slot="168">D0N35</slot>
            <slot slot="169">D0N35</slot>
            <slot slot="170">D0N14</slot>
            <slot slot="171">D0N14</slot>
            <slot slot="172">D0N14</slot>
            <slot slot="173">D0N14</slot>
            <slot slot="174">D0N14</slot>
            <slot slot="175">D0N14</slot>
            <slot slot="176">D0N14</slot>
            <slot slot="177">D0N14</slot>
            <slot slot="178">D0N14</slot>
            <slot slot="179">D0N14</slot>
            <slot slot="180">D0N22</slot>
            <slot slot="181">D0N22</slot>
            <slot slot="182">D0N22</slot>
            <slot slot="183">D0N22</slot>
            <slot slot="184">D0N22</slot>
            <slot slot="185">D0N22</slot>
            <slot slot="186">D0N22</slot>
            <slot slot="187">D0N22</slot>
            <slot slot="188">D0N22</slot>
            <slot slot="189">D0N22</slot>
            <slot slot="190">D0N25</slot>
            <slot slot="191">D0N25</slot>
            <slot slot="192">D0N25</slot>
            <slot slot="193">D0N25</slot>
            <slot slot="194">D0N25</slot>
            <slot slot="195">D0N25</slot>
            <slot slot="196">D0N25</slot>
            <slot slot="197">D0N25</slot>
            <slot slot="198">D0N25</slot>
            <slot slot="199">D0N25</slot>
            <slot slot="200">D0N31</slot>
            <slot slot="201">D0N31</slot>
            <slot slot="202">D0N31</slot>
            <slot slot="203">D0N31</slot>
            <slot slot="204">D0N31</slot>
            <slot slot="205">D0N31</slot>
            <slot slot="206">D0N31</slot>
            <slot slot="207">D0N31</slot>
            <slot slot="208">D0N31</slot>
            <slot slot="209">D0N31</slot>
            <slot slot="210">D0N43</slot>
            <slot slot="211">D0N43</slot>
            <slot slot="212">D0N43</slot>
            <slot slot="213">D0N43</slot>
            <slot slot="214">D0N43</slot>
            <slot slot="215">D0N43</slot>
            <slot slot="216">D0N43</slot>
            <slot slot="217">D0N43</slot>
            <slot slot="218">D0N43</slot>
            <slot slot="219">D0N43</slot>
            <slot slot="220">D0N37</slot>
            <slot slot="221">D0N37</slot>
            <slot slot="222">D0N37</slot>
            <slot slot="223">D0N37</slot>
            <slot slot="224">D0N37</slot>
            <slot slot="225">D0N37</slot>
            <slot slot="226">D0N37</slot>
            <slot slot="227">D0N37</slot>
            <slot slot="228">D0N37</slot>
            <slot slot="229">D0N37</slot>
            <slot slot="230">D0N17</slot>
            <slot slot="231">D0N17</slot>
            <slot slot="232">D0N17</slot>
            <slot slot="233">D0N17</slot>
            <slot slot="234">D0N17</slot>
            <slot slot="235">D0N17</slot>
            <slot slot="236">D0N17</slot>
            <slot slot="237">D0N17</slot>
            <slot slot="238">D0N17</slot>
            <slot slot="239">D0N17</slot>
            <slot slot="240">D0N17</slot>
            <slot slot="241">D0N17</slot>
            <slot slot="242">D0N17</slot>
            <slot slot="243">D0N17</slot>
            <slot slot="244">D0N17</slot>
            <slot slot="245">D0N17</slot>
            <slot slot="246">D0N17</slot>
            <slot slot="247">D0N17</slot>
            <slot slot="248">D0N17</slot>
            <slot slot="249">D0N17</slot>
            <slot slot="250">D0N17</slot>
            <slot slot="251">D0N17</slot>
            <slot slot="252">D0N17</slot>
            <slot slot="253">D0N17</slot>
            <slot slot="254">D0N17</slot>
            <slot slot="255">D0N17</slot>
            <slot slot="256">D0N17</slot>
            <slot slot="257">D0N17</slot>
            <slot slot="258">D0N17</slot>
            <slot slot="259">D0N17</slot>
            <slot slot="260">D0N33</slot>
            <slot slot="261">D0N33</slot>
            <slot slot="262">D0N33</slot>
            <slot slot="263">D0N33</slot>
            <slot slot="264">D0N33</slot>
            <slot slot="265">D0N33</slot>
            <slot slot="266">D0N33</slot>
            <slot slot="267">D0N33</slot>
            <slot slot="268">D0N33</slot>
            <slot slot="269">D0N33</slot>
            <slot slot="270">D0N33</slot>
            <slot slot="271">D0N33</slot>
            <slot slot="272">D0N33</slot>
            <slot slot="273">D0N33</slot>
            <slot slot="274">D0N33</slot>
            <slot slot="275">D0N33</slot>
            <slot slot="276">D0N33</slot>
            <slot slot="277">D0N33</slot>
            <slot slot="278">D0N33</slot>
            <slot slot="279">D0N33</slot>
            <slot slot="280">D0N26</slot>
            <slot slot="281">D0N26</slot>
            <slot slot="282">D0N26</slot>
            <slot slot="283">D0N26</slot>
            <slot slot="284">D0N26</slot>
            <slot slot="285">D0N26</slot>
            <slot slot="286">D0N26</slot>
            <slot slot="287">D0N26</slot>
            <slot slot="288">D0N26</slot>
            <slot slot="289">D0N26</slot>
            <slot slot="290">D0N42</slot>
            <slot slot="291">D0N42</slot>
            <slot slot="292">D0N42</slot>
            <slot slot="293">D0N42</slot>
            <slot slot="294">D0N42</slot>
            <slot slot="295">D0N42</slot>
            <slot slot="296">D0N42</slot>
            <slot slot="297">D0N42</slot>
            <slot slot="298">D0N42</slot>
            <slot slot="299">D0N42</slot>
            <slot slot="300">D0N42</slot>
            <slot slot="301">D0N42</slot>
            <slot slot="302">D0N42</slot>
            <slot slot="303">D0N42</slot>
            <slot slot="304">D0N42</slot>
            <slot slot="305">D0N42</slot>
            <slot slot="306">D0N42</slot>
            <slot slot="307">D0N42</slot>
            <slot slot="308">D0N42</slot>
            <slot slot="309">D0N42</slot>
            <slot slot="310">D0N45</slot>
            <slot slot="311">D0N45</slot>
            <slot slot="312">D0N45</slot>
            <slot slot="313">D0N45</slot>
            <slot slot="314">D0N45</slot>
            <slot slot="315">D0N45</slot>
            <slot slot="316">D0N45</slot>
            <slot slot="317">D0N45</slot>
            <slot slot="318">D0N45</slot>
            <slot slot="319">D0N45</slot>
            <slot slot="320">D0N45</slot>
            <slot slot="321">D0N45</slot>
            <slot slot="322">D0N45</slot>
            <slot slot="323">D0N45</slot>
            <slot slot="324">D0N45</slot>
            <slot slot="325">D0N45</slot>
            <slot slot="326">D0N45</slot>
            <slot slot="327">D0N45</slot>
            <slot slot="328">D0N45</slot>
            <slot slot="329">D0N45</slot>
            <slot slot="330">D0N45</slot>
            <slot slot="331">D0N45</slot>
            <slot slot="332">D0N45</slot>
            <slot slot="333">D0N45</slot>
            <slot slot="334">D0N45</slot>
            <slot slot="335">D0N45</slot>
            <slot slot="336">D0N45</slot>
            <slot slot="337">D0N45</slot>
            <slot slot="338">D0N45</slot>
            <slot slot="339">D0N45</slot>
            <slot slot="340">D0N45</slot>
            <slot slot="341">D0N45</slot>
            <slot slot="342">D0N45</slot>
            <slot slot="343">D0N45</slot>
            <slot slot="344">D0N45</slot>
            <slot slot="345">D0N45</slot>
            <slot slot="346">D0N45</slot>
            <slot slot="347">D0N45</slot>
            <slot slot="348">D0N45</slot>
            <slot slot="349">D0N45</slot>
            <slot slot="350">D0N45</slot>
            <slot slot="351">D0N45</slot>
            <slot slot="352">D0N45</slot>
            <slot slot="353">D0N45</slot>
            <slot slot="354">D0N45</slot>
            <slot slot="355">D0N45</slot>
            <slot slot="356">D0N45</slot>
            <slot slot="357">D0N45</slot>
            <slot slot="358">D0N45</slot>
            <slot slot="359">D0N45</slot>
            <slot slot="360">D0N45</slot>
            <slot slot="361">D0N45</slot>
            <slot slot="362">D0N45</slot>
            <slot slot="363">D0N45</slot>
            <slot slot="364">D0N45</slot>
            <slot slot="365">D0N45</slot>
            <slot slot="366">D0N45</slot>
            <slot slot="367">D0N45</slot>
            <slot slot="368">D0N45</slot>
            <slot slot="369">D0N45</slot>
            <slot slot="370">D0N34</slot>
            <slot slot="371">D0N34</slot>
            <slot slot="372">D0N34</slot>
            <slot slot="373">D0N34</slot>
            <slot slot="374">D0N34</slot>
            <slot slot="375">D0N34</slot>
            <slot slot="376">D0N34</slot>
            <slot slot="377">D0N34</slot>
            <slot slot="378">D0N34</slot>
            <slot slot="379">D0N34</slot>
            <slot slot="380">-</slot>
            <slot slot="381">-</slot>
            <slot slot="382">-</slot>
            <slot slot="383">-</slot>
            <slot slot="384">-</slot>
            <slot slot="385">-</slot>
            <slot slot="386">-</slot>
            <slot slot="387">-</slot>
            <slot slot="388">-</slot>
            <slot slot="389">-</slot>
            <slot slot="390">-</slot>
            <slot slot="391">-</slot>
            <slot slot="392">-</slot>
            <slot slot="393">-</slot>
            <slot slot="394">-</slot>
            <slot slot="395">-</slot>
            <slot slot="396">-</slot>
            <slot slot="397">-</slot>
            <slot slot="398">-</slot>
            <slot slot="399">-</slot>
            <slot slot="400">-</slot>
            <slot slot="401">-</slot>
            <slot slot="402">-</slot>
            <slot slot="403">-</slot>
            <slot slot="404">-</slot>
            <slot slot="405">-</slot>
            <slot slot="406">-</slot>
            <slot slot="407">-</slot>
            <slot slot="408">-</slot>
            <slot slot="409">-</slot>
            <slot slot="410">-</slot>
            <slot slot="411">-</slot>
            <slot slot="412">-</slot>
            <slot slot="413">-</slot>
            <slot slot="414">-</slot>
            <slot slot="415">-</slot>
            <slot slot="416">-</slot>
            <slot slot="417">-</slot>
            <slot slot="418">-</slot>
            <slot slot="419">-</slot>
            <slot slot="420">-</slot>
            <slot slot="421">-</slot>
            <slot slot="422">-</slot>
            <slot slot="423">-</slot>
            <slot slot="424">-</slot>
            <slot slot="425">-</slot>
            <slot slot="426">-</slot>
            <slot slot="427">-</slot>
            <slot slot="428">-</slot>
            <slot slot="429">-</slot>
            <slot slot="430">-</slot>
            <slot slot="431">-</slot>
            <slot slot="432">-</slot>
            <slot slot="433">-</slot>
            <slot slot="434">-</slot>
            <slot slot="435">-</slot>
            <slot slot="436">-</slot>
            <slot slot="437">-</slot>
            <slot slot="438">-</slot>
            <slot slot="439">-</slot>
            <slot slot="440">-</slot>
            <slot slot="441">-</slot>
            <slot slot="442">-</slot>
            <slot slot="443">-</slot>
            <slot slot="444">-</slot>
            <slot slot="445">-</slot>
            <slot slot="446">-</slot>
            <slot slot="447">-</slot>
            <slot slot="448">-</slot>
            <slot slot="449">-</slot>
            <slot slot="450">-</slot>
            <slot slot="451">-</slot>
            <slot slot="452">-</slot>
            <slot slot="453">-</slot>
            <slot slot="454">-</slot>
            <slot slot="455">-</slot>
            <slot slot="456">-</slot>
            <slot slot="457">-</slot>
            <slot slot="458">-</slot>
            <slot slot="459">-</slot>
            <slot slot="460">-</slot>
            <slot slot="461">-</slot>
            <slot slot="462">-</slot>
            <slot slot="463">-</slot>
            <slot slot="464">-</slot>
            <slot slot="465">-</slot>
            <slot slot="466">-</slot>
            <slot slot="467">-</slot>
            <slot slot="468">-</slot>
            <slot slot="469">-</slot>
            <slot slot="470">-</slot>
            <slot slot="471">-</slot>
            <slot slot="472">-</slot>
            <slot slot="473">-</slot>
            <slot slot="474">-</slot>
            <slot slot="475">-</slot>
            <slot slot="476">-</slot>
            <slot slot="477">-</slot>
            <slot slot="478">-</slot>
            <slot slot="479">-</slot>
            <slot slot="480">-</slot>
            <slot slot="481">-</slot>
            <slot slot="482">-</slot>
            <slot slot="483">-</slot>
            <slot slot="484">-</slot>
            <slot slot="485">-</slot>
            <slot slot="486">-</slot>
            <slot slot="487">-</slot>
            <slot slot="488">-</slot>
            <slot slot="489">-</slot>
            <slot slot="490">-</slot>
            <slot slot="491">-</slot>
            <slot slot="492">-</slot>
            <slot slot="493">-</slot>
            <slot slot="494">-</slot>
            <slot slot="495">-</slot>
            <slot slot="496">-</slot>
            <slot slot="497">-</slot>
            <slot slot="498">-</slot>
            <slot slot="499">-</slot>
            <slot slot="500">-</slot>
            <slot slot="501">-</slot>
            <slot slot="502">-</slot>
            <slot slot="503">-</slot>
            <slot slot="504">-</slot>
            <slot slot="505">-</slot>
            <slot slot="506">-</slot>
            <slot slot="507">-</slot>
            <slot slot="508">-</slot>
            <slot slot="509">-</slot>
            <slot slot="510">-</slot>
            <slot slot="511">-</slot>
            <slot slot="512">-</slot>
            <slot slot="513">-</slot>
            <slot slot="514">-</slot>
            <slot slot="515">-</slot>
            <slot slot="516">-</slot>
            <slot slot="517">-</slot>
            <slot slot="518">-</slot>
            <slot slot="519">-</slot>
            <slot slot="520">-</slot>
            <slot slot="521">-</slot>
            <slot slot="522">-</slot>
            <slot slot="523">-</slot>
            <slot slot="524">-</slot>
            <slot slot="525">-</slot>
            <slot slot="526">-</slot>
            <slot slot="527">-</slot>
            <slot slot="528">-</slot>
            <slot slot="529">-</slot>
            <slot slot="530">-</slot>
            <slot slot="531">-</slot>
            <slot slot="532">-</slot>
            <slot slot="533">-</slot>
            <slot slot="534">-</slot>
            <slot slot="535">-</slot>
            <slot slot="536">-</slot>
            <slot slot="537">-</slot>
            <slot slot="538">-</slot>
            <slot slot="539">-</slot>
            <slot slot="540">-</slot>
            <slot slot="541">-</slot>
            <slot slot="542">-</slot>
            <slot slot="543">-</slot>
            <slot slot="544">-</slot>
            <slot slot="545">-</slot>
            <slot slot="546">-</slot>
            <slot slot="547">-</slot>
            <slot slot="548">-</slot>
            <slot slot="549">-</slot>
            <slot slot="550">-</slot>
            <slot slot="551">-</slot>
            <slot slot="552">-</slot>
            <slot slot="553">-</slot>
            <slot slot="554">-</slot>
            <slot slot="555">-</slot>
            <slot slot="556">-</slot>
            <slot slot="557">-</slot>
            <slot slot="558">-</slot>
            <slot slot="559">-</slot>
            <slot slot="560">-</slot>
            <slot slot="561">-</slot>
            <slot slot="562">-</slot>
            <slot slot="563">-</slot>
            <slot slot="564">-</slot>
            <slot slot="565">-</slot>
            <slot slot="566">-</slot>
            <slot slot="567">-</slot>
            <slot slot="568">-</slot>
            <slot slot="569">-</slot>
            <slot slot="570">-</slot>
            <slot slot="571">-</slot>
            <slot slot="572">-</slot>
            <slot slot="573">-</slot>
            <slot slot="574">-</slot>
            <slot slot="575">-</slot>
            <slot slot="576">-</slot>
            <slot slot="577">-</slot>
            <slot slot="578">-</slot>
            <slot slot="579">-</slot>
            <slot slot="580">-</slot>
            <slot slot="581">-</slot>
            <slot slot="582">-</slot>
            <slot slot="583">-</slot>
            <slot slot="584">-</slot>
            <slot slot="585">-</slot>
            <slot slot="586">-</slot>
            <slot slot="587">-</slot>
            <slot slot="588">-</slot>
            <slot slot="589">-</slot>
            <slot slot="590">-</slot>
            <slot slot="591">-</slot>
            <slot slot="592">-</slot>
            <slot slot="593">-</slot>
            <slot slot="594">-</slot>
            <slot slot="595">-</slot>
            <slot slot="596">-</slot>
            <slot slot="597">-</slot>
            <slot slot="598">-</slot>
            <slot slot="599">-</slot>
            <slot slot="600">-</slot>
            <slot slot="601">-</slot>
            <slot slot="602">-</slot>
            <slot slot="603">-</slot>
            <slot slot="604">-</slot>
            <slot slot="605">-</slot>
            <slot slot="606">-</slot>
            <slot slot="607">-</slot>
            <slot slot="608">-</slot>
            <slot slot="609">-</slot>
            <slot slot="610">-</slot>
            <slot slot="611">-</slot>
            <slot slot="612">-</slot>
            <slot slot="613">-</slot>
            <slot slot="614">-</slot>
            <slot slot="615">-</slot>
            <slot slot="616">-</slot>
            <slot slot="617">-</slot>
            <slot slot="618">-</slot>
            <slot slot="619">-</slot>
            <slot slot="620">-</slot>
            <slot slot="621">-</slot>
            <slot slot="622">-</slot>
            <slot slot="623">-</slot>
            <slot slot="624">-</slot>
            <slot slot="625">-</slot>
            <slot slot="626">-</slot>
            <slot slot="627">-</slot>
            <slot slot="628">-</slot>
            <slot slot="629">-</slot>
            <slot slot="630">-</slot>
            <slot slot="631">-</slot>
            <slot slot="632">-</slot>
            <slot slot="633">-</slot>
            <slot slot="634">-</slot>
            <slot slot="635">-</slot>
            <slot slot="636">-</slot>
            <slot slot="637">-</slot>
            <slot slot="638">-</slot>
            <slot slot="639">-</slot>
            <slot slot="640">-</slot>
            <slot slot="641">-</slot>
            <slot slot="642">-</slot>
            <slot slot="643">-</slot>
            <slot slot="644">-</slot>
            <slot slot="645">-</slot>
            <slot slot="646">-</slot>
            <slot slot="647">-</slot>
            <slot slot="648">-</slot>
            <slot slot="649">-</slot>
            <slot slot="650">-</slot>
            <slot slot="651">-</slot>
            <slot slot="652">-</slot>
            <slot slot="653">-</slot>
            <slot slot="654">-</slot>
            <slot slot="655">-</slot>
            <slot slot="656">-</slot>
            <slot slot="657">-</slot>
            <slot slot="658">-</slot>
            <slot slot="659">-</slot>
            <slot slot="660">-</slot>
            <slot slot="661">-</slot>
            <slot slot="662">-</slot>
            <slot slot="663">-</slot>
            <slot slot="664">-</slot>
            <slot slot="665">-</slot>
            <slot slot="666">-</slot>
            <slot slot="667">-</slot>
            <slot slot="668">-</slot>
            <slot slot="669">-</slot>
            <slot slot="670">-</slot>
            <slot slot="671">-</slot>
            <slot slot="672">-</slot>
            <slot slot="673">-</slot>
            <slot slot="674">-</slot>
            <slot slot="675">-</slot>
            <slot slot="676">-</slot>
            <slot slot="677">-</slot>
            <slot slot="678">-</slot>
            <slot slot="679">-</slot>
            <slot slot="680">-</slot>
            <slot slot="681">-</slot>
            <slot slot="682">-</slot>
            <slot slot="683">-</slot>
            <slot slot="684">-</slot>
            <slot slot="685">-</slot>
            <slot slot="686">-</slot>
            <slot slot="687">-</slot>
            <slot slot="688">-</slot>
            <slot slot="689">-</slot>
            <slot slot="690">-</slot>
            <slot slot="691">-</slot>
            <slot slot="692">-</slot>
            <slot slot="693">-</slot>
            <slot slot="694">-</slot>
            <slot slot="695">-</slot>
            <slot slot="696">-</slot>
            <slot slot="697">-</slot>
            <slot slot="698">-</slot>
            <slot slot="699">-</slot>
            <slot slot="700">-</slot>
            <slot slot="701">-</slot>
            <slot slot="702">-</slot>
            <slot slot="703">-</slot>
            <slot slot="704">-</slot>
            <slot slot="705">-</slot>
            <slot slot="706">-</slot>
            <slot slot="707">-</slot>
            <slot slot="708">-</slot>
            <slot slot="709">-</slot>
            <slot slot="710">-</slot>
            <slot slot="711">-</slot>
            <slot slot="712">-</slot>
            <slot slot="713">-</slot>
            <slot slot="714">-</slot>
            <slot slot="715">-</slot>
            <slot slot="716">-</slot>
            <slot slot="717">-</slot>
            <slot slot="718">-</slot>
            <slot slot="719">-</slot>
            <slot slot="720">-</slot>
            <slot slot="721">-</slot>
            <slot slot="722">-</slot>
            <slot slot="723">-</slot>
            <slot slot="724">-</slot>
            <slot slot="725">-</slot>
            <slot slot="726">-</slot>
            <slot slot="727">-</slot>
            <slot slot="728">-</slot>
            <slot slot="729">-</slot>
            <slot slot="730">-</slot>
            <slot slot="731">-</slot>
            <slot slot="732">-</slot>
            <slot slot="733">-</slot>
            <slot slot="734">-</slot>
            <slot slot="735">-</slot>
            <slot slot="736">-</slot>
            <slot slot="737">-</slot>
            <slot slot="738">-</slot>
            <slot slot="739">-</slot>
            <slot slot="740">-</slot>
            <slot slot="741">-</slot>
            <slot slot="742">-</slot>
            <slot slot="743">-</slot>
            <slot slot="744">-</slot>
            <slot slot="745">-</slot>
            <slot slot="746">-</slot>
            <slot slot="747">-</slot>
            <slot slot="748">-</slot>
            <slot slot="749">-</slot>
            <slot slot="750">-</slot>
            <slot slot="751">-</slot>
            <slot slot="752">-</slot>
            <slot slot="753">-</slot>
            <slot slot="754">-</slot>
            <slot slot="755">-</slot>
            <slot slot="756">-</slot>
            <slot slot="757">-</slot>
            <slot slot="758">-</slot>
            <slot slot="759">-</slot>
            <slot slot="760">-</slot>
            <slot slot="761">-</slot>
            <slot slot="762">-</slot>
            <slot slot="763">-</slot>
            <slot slot="764">-</slot>
            <slot slot="765">-</slot>
            <slot slot="766">-</slot>
            <slot slot="767">-</slot>
            <slot slot="768">-</slot>
            <slot slot="769">-</slot>
            <slot slot="770">-</slot>
            <slot slot="771">-</slot>
            <slot slot="772">-</slot>
            <slot slot="773">-</slot>
            <slot slot="774">-</slot>
            <slot slot="775">-</slot>
            <slot slot="776">-</slot>
            <slot slot="777">-</slot>
            <slot slot="778">-</slot>
            <slot slot="779">-</slot>
            <slot slot="780">-</slot>
            <slot slot="781">-</slot>
            <slot slot="782">-</slot>
            <slot slot="783">-</slot>
            <slot slot="784">-</slot>
            <slot slot="785">-</slot>
            <slot slot="786">-</slot>
            <slot slot="787">-</slot>
            <slot slot="788">-</slot>
            <slot slot="789">-</slot>
            <slot slot="790">-</slot>
            <slot slot="791">-</slot>
            <slot slot="792">-</slot>
            <slot slot="793">-</slot>
            <slot slot="794">-</slot>
            <slot slot="795">-</slot>
            <slot slot="796">-</slot>
            <slot slot="797">-</slot>
            <slot slot="798">-</slot>
            <slot slot="799">-</slot>
            <slot slot="800">-</slot>
            <slot slot="801">-</slot>
            <slot slot="802">-</slot>
            <slot slot="803">-</slot>
            <slot slot="804">-</slot>
            <slot slot="805">-</slot>
            <slot slot="806">-</slot>
            <slot slot="807">-</slot>
            <slot slot="808">-</slot>
            <slot slot="809">-</slot>
            <slot slot="810">-</slot>
            <slot slot="811">-</slot>
            <slot slot="812">-</slot>
            <slot slot="813">-</slot>
            <slot slot="814">-</slot>
            <slot slot="815">-</slot>
            <slot slot="816">-</slot>
            <slot slot="817">-</slot>
            <slot slot="818">-</slot>
            <slot slot="819">-</slot>
            <slot slot="820">-</slot>
            <slot slot="821">-</slot>
            <slot slot="822">-</slot>
            <slot slot="823">-</slot>
            <slot slot="824">-</slot>
            <slot slot="825">-</slot>
            <slot slot="826">-</slot>
            <slot slot="827">-</slot>
            <slot slot="828">-</slot>
            <slot slot="829">-</slot>
            <slot slot="830">-</slot>
            <slot slot="831">-</slot>
            <slot slot="832">-</slot>
            <slot slot="833">-</slot>
            <slot slot="834">-</slot>
            <slot slot="835">-</slot>
            <slot slot="836">-</slot>
            <slot slot="837">-</slot>
            <slot slot="838">-</slot>
            <slot slot="839">-</slot>
            <slot slot="840">-</slot>
            <slot slot="841">-</slot>
            <slot slot="842">-</slot>
            <slot slot="843">-</slot>
            <slot slot="844">-</slot>
            <slot slot="845">-</slot>
            <slot slot="846">-</slot>
            <slot slot="847">-</slot>
            <slot slot="848">-</slot>
            <slot slot="849">-</slot>
            <slot slot="850">-</slot>
            <slot slot="851">-</slot>
            <slot slot="852">-</slot>
            <slot slot="853">-</slot>
            <slot slot="854">-</slot>
            <slot slot="855">-</slot>
            <slot slot="856">-</slot>
            <slot slot="857">-</slot>
            <slot slot="858">-</slot>
            <slot slot="859">-</slot>
            <slot slot="860">-</slot>
            <slot slot="861">-</slot>
            <slot slot="862">-</slot>
            <slot slot="863">-</slot>
            <slot slot="864">-</slot>
            <slot slot="865">-</slot>
            <slot slot="866">-</slot>
            <slot slot="867">-</slot>
            <slot slot="868">-</slot>
            <slot slot="869">-</slot>
            <slot slot="870">-</slot>
            <slot slot="871">-</slot>
            <slot slot="872">-</slot>
            <slot slot="873">-</slot>
            <slot slot="874">-</slot>
            <slot slot="875">-</slot>
            <slot slot="876">-</slot>
            <slot slot="877">-</slot>
            <slot slot="878">-</slot>
            <slot slot="879">-</slot>
            <slot slot="880">-</slot>
            <slot slot="881">-</slot>
            <slot slot="882">-</slot>
            <slot slot="883">-</slot>
            <slot slot="884">-</slot>
            <slot slot="885">-</slot>
            <slot slot="886">-</slot>
            <slot slot="887">-</slot>
            <slot slot="888">-</slot>
            <slot slot="889">-</slot>
            <slot slot="890">-</slot>
            <slot slot="891">-</slot>
            <slot slot="892">-</slot>
            <slot slot="893">-</slot>
            <slot slot="894">-</slot>
            <slot slot="895">-</slot>
            <slot slot="896">-</slot>
            <slot slot="897">-</slot>
            <slot slot="898">-</slot>
            <slot slot="899">-</slot>
            <slot slot="900">-</slot>
            <slot slot="901">-</slot>
            <slot slot="902">-</slot>
            <slot slot="903">-</slot>
            <slot slot="904">-</slot>
            <slot slot="905">-</slot>
            <slot slot="906">-</slot>
            <slot slot="907">-</slot>
            <slot slot="908">-</slot>
            <slot slot="909">-</slot>
            <slot slot="910">-</slot>
            <slot slot="911">-</slot>
            <slot slot="912">-</slot>
            <slot slot="913">-</slot>
            <slot slot="914">-</slot>
            <slot slot="915">-</slot>
            <slot slot="916">-</slot>
            <slot slot="917">-</slot>
            <slot slot="918">-</slot>
            <slot slot="919">-</slot>
            <slot slot="920">-</slot>
            <slot slot="921">-</slot>
            <slot slot="922">-</slot>
            <slot slot="923">-</slot>
            <slot slot="924">-</slot>
            <slot slot="925">-</slot>
            <slot slot="926">-</slot>
            <slot slot="927">-</slot>
            <slot slot="928">-</slot>
            <slot slot="929">-</slot>
            <slot slot="930">-</slot>
            <slot slot="931">-</slot>
            <slot slot="932">-</slot>
            <slot slot="933">-</slot>
            <slot slot="934">-</slot>
            <slot slot="935">-</slot>
            <slot slot="936">-</slot>
            <slot slot="937">-</slot>
            <slot slot="938">-</slot>
            <slot slot="939">-</slot>
            <slot slot="940">-</slot>
            <slot slot="941">-</slot>
            <slot slot="942">-</slot>
            <slot slot="943">-</slot>
            <slot slot="944">-</slot>
            <slot slot="945">-</slot>
            <slot slot="946">-</slot>
            <slot slot="947">-</slot>
            <slot slot="948">-</slot>
            <slot slot="949">-</slot>
            <slot slot="950">-</slot>
            <slot slot="951">-</slot>
            <slot slot="952">-</slot>
            <slot slot="953">-</slot>
            <slot slot="954">-</slot>
            <slot slot="955">-</slot>
            <slot slot="956">-</slot>
            <slot slot="957">-</slot>
            <slot slot="958">-</slot>
            <slot slot="959">-</slot>
            <slot slot="960">-</slot>
            <slot slot="961">-</slot>
            <slot slot="962">-</slot>
            <slot slot="963">-</slot>
            <slot slot="964">-</slot>
            <slot slot="965">-</slot>
            <slot slot="966">-</slot>
            <slot slot="967">-</slot>
            <slot slot="968">-</slot>
            <slot slot="969">-</slot>
            <slot slot="970">-</slot>
            <slot slot="971">-</slot>
            <slot slot="972">-</slot>
            <slot slot="973">-</slot>
            <slot slot="974">-</slot>
            <slot slot="975">-</slot>
            <slot slot="976">-</slot>
            <slot slot="977">-</slot>
            <slot slot="978">-</slot>
            <slot slot="979">-</slot>
            <slot slot="980">-</slot>
            <slot slot="981">-</slot>
            <slot slot="982">-</slot>
            <slot slot="983">-</slot>
            <slot slot="984">-</slot>
            <slot slot="985">-</slot>
            <slot slot="986">-</slot>
            <slot slot="987">-</slot>
            <slot slot="988">-</slot>
            <slot slot="989">-</slot>
            <slot slot="990">-</slot>
            <slot slot="991">-</slot>
            <slot slot="992">-</slot>
            <slot slot="993">-</slot>
            <slot slot="994">-</slot>
            <slot slot="995">-</slot>
            <slot slot="996">-</slot>
            <slot slot="997">-</slot>
            <slot slot="998">-</slot>
            <slot slot="999">-</slot>
            <slot slot="1000">-</slot>
            <slot slot="1001">-</slot>
            <slot slot="1002">-</slot>
            <slot slot="1003">-</slot>
            <slot slot="1004">-</slot>
            <slot slot="1005">-</slot>
            <slot slot="1006">-</slot>
            <slot slot="1007">-</slot>
            <slot slot="1008">-</slot>
            <slot slot="1009">-</slot>
            <slot slot="1010">-</slot>
            <slot slot="1011">-</slot>
            <slot slot="1012">-</slot>
            <slot slot="1013">-</slot>
            <slot slot="1014">-</slot>
            <slot slot="1015">-</slot>
            <slot slot="1016">-</slot>
            <slot slot="1017">-</slot>
            <slot slot="1018">-</slot>
            <slot slot="1019">-</slot>
            <slot slot="1020">-</slot>
            <slot slot="1021">-</slot>
            <slot slot="1022">-</slot>
            <slot slot="1023">-</slot>
            <slot slot="1024">-</slot>
            <slot slot="1025">-</slot>
            <slot slot="1026">-</slot>
            <slot slot="1027">-</slot>
            <slot slot="1028">-</slot>
            <slot slot="1029">-</slot>
            <slot slot="1030">-</slot>
            <slot slot="1031">-</slot>
            <slot slot="1032">-</slot>
            <slot slot="1033">-</slot>
            <slot slot="1034">-</slot>
            <slot slot="1035">-</slot>
            <slot slot="1036">-</slot>
            <slot slot="1037">-</slot>
            <slot slot="1038">-</slot>
            <slot slot="1039">-</slot>
            <slot slot="1040">-</slot>
            <slot slot="1041">-</slot>
            <slot slot="1042">-</slot>
            <slot slot="1043">-</slot>
            <slot slot="1044">-</slot>
            <slot slot="1045">-</slot>
            <slot slot="1046">-</slot>
            <slot slot="1047">-</slot>
            <slot slot="1048">-</slot>
            <slot slot="1049">-</slot>
            <slot slot="1050">-</slot>
            <slot slot="1051">-</slot>
            <slot slot="1052">-</slot>
            <slot slot="1053">-</slot>
            <slot slot="1054">-</slot>
            <slot slot="1055">-</slot>
            <slot slot="1056">-</slot>
            <slot slot="1057">-</slot>
            <slot slot="1058">-</slot>
            <slot slot="1059">-</slot>
            <slot slot="1060">-</slot>
            <slot slot="1061">-</slot>
            <slot slot="1062">-</slot>
            <slot slot="1063">-</slot>
            <slot slot="1064">-</slot>
            <slot slot="1065">-</slot>
            <slot slot="1066">-</slot>
            <slot slot="1067">-</slot>
            <slot slot="1068">-</slot>
            <slot slot="1069">-</slot>
            <slot slot="1070">-</slot>
            <slot slot="1071">-</slot>
            <slot slot="1072">-</slot>
            <slot slot="1073">-</slot>
            <slot slot="1074">-</slot>
            <slot slot="1075">-</slot>
            <slot slot="1076">-</slot>
            <slot slot="1077">-</slot>
            <slot slot="1078">-</slot>
            <slot slot="1079">-</slot>
            <slot slot="1080">-</slot>
            <slot slot="1081">-</slot>
            <slot slot="1082">-</slot>
            <slot slot="1083">-</slot>
            <slot slot="1084">-</slot>
            <slot slot="1085">-</slot>
            <slot slot="1086">-</slot>
            <slot slot="1087">-</slot>
            <slot slot="1088">-</slot>
            <slot slot="1089">-</slot>
            <slot slot="1090">-</slot>
            <slot slot="1091">-</slot>
            <slot slot="1092">-</slot>
            <slot slot="1093">-</slot>
            <slot slot="1094">-</slot>
            <slot slot="1095">-</slot>
            <slot slot="1096">-</slot>
            <slot slot="1097">-</slot>
            <slot slot="1098">-</slot>
            <slot slot="1099">-</slot>
            <slot slot="1100">-</slot>
            <slot slot="1101">-</slot>
            <slot slot="1102">-</slot>
            <slot slot="1103">-</slot>
            <slot slot="1104">-</slot>
            <slot slot="1105">-</slot>
            <slot slot="1106">-</slot>
            <slot slot="1107">-</slot>
            <slot slot="1108">-</slot>
            <slot slot="1109">-</slot>
            <slot slot="1110">-</slot>
            <slot slot="1111">-</slot>
            <slot slot="1112">-</slot>
            <slot slot="1113">-</slot>
            <slot slot="1114">-</slot>
            <slot slot="1115">-</slot>
            <slot slot="1116">-</slot>
            <slot slot="1117">-</slot>
            <slot slot="1118">-</slot>
            <slot slot="1119">-</slot>
            <slot slot="1120">-</slot>
            <slot slot="1121">-</slot>
            <slot slot="1122">-</slot>
            <slot slot="1123">-</slot>
            <slot slot="1124">-</slot>
            <slot slot="1125">-</slot>
            <slot slot="1126">-</slot>
            <slot slot="1127">-</slot>
            <slot slot="1128">-</slot>
            <slot slot="1129">-</slot>
            <slot slot="1130">-</slot>
            <slot slot="1131">-</slot>
            <slot slot="1132">-</slot>
            <slot slot="1133">-</slot>
            <slot slot="1134">-</slot>
            <slot slot="1135">-</slot>
            <slot slot="1136">-</slot>
            <slot slot="1137">-</slot>
            <slot slot="1138">-</slot>
            <slot slot="1139">-</slot>
            <slot slot="1140">-</slot>
            <slot slot="1141">-</slot>
            <slot slot="1142">-</slot>
            <slot slot="1143">-</slot>
            <slot slot="1144">-</slot>
            <slot slot="1145">-</slot>
            <slot slot="1146">-</slot>
            <slot slot="1147">-</slot>
            <slot slot="1148">-</slot>
            <slot slot="1149">-</slot>
            <slot slot="1150">-</slot>
            <slot slot="1151">-</slot>
            <slot slot="1152">-</slot>
            <slot slot="1153">-</slot>
            <slot slot="1154">-</slot>
            <slot slot="1155">-</slot>
            <slot slot="1156">-</slot>
            <slot slot="1157">-</slot>
            <slot slot="1158">-</slot>
            <slot slot="1159">-</slot>
            <slot slot="1160">-</slot>
            <slot slot="1161">-</slot>
            <slot slot="1162">-</slot>
            <slot slot="1163">-</slot>
            <slot slot="1164">-</slot>
            <slot slot="1165">-</slot>
            <slot slot="1166">-</slot>
            <slot slot="1167">-</slot>
            <slot slot="1168">-</slot>
            <slot slot="1169">-</slot>
            <slot slot="1170">-</slot>
            <slot slot="1171">-</slot>
            <slot slot="1172">-</slot>
            <slot slot="1173">-</slot>
            <slot slot="1174">-</slot>
            <slot slot="1175">-</slot>
            <slot slot="1176">-</slot>
            <slot slot="1177">-</slot>
            <slot slot="1178">-</slot>
            <slot slot="1179">-</slot>
            <slot slot="1180">-</slot>
            <slot slot="1181">-</slot>
            <slot slot="1182">-</slot>
            <slot slot="1183">-</slot>
            <slot slot="1184">-</slot>
            <slot slot="1185">-</slot>
            <slot slot="1186">-</slot>
            <slot slot="1187">-</slot>
            <slot slot="1188">-</slot>
            <slot slot="1189">-</slot>
            <slot slot="1190">-</slot>
            <slot slot="1191">-</slot>
            <slot slot="1192">-</slot>
            <slot slot="1193">-</slot>
            <slot slot="1194">-</slot>
            <slot slot="1195">-</slot>
            <slot slot="1196">-</slot>
            <slot slot="1197">-</slot>
            <slot slot="1198">-</slot>
            <slot slot="1199">-</slot>
        </core>
        <core number="2">
            <slot slot="0">D0N3</slot>
            <slot slot="1">D0N3</slot>
            <slot slot="2">D0N3</slot>
            <slot slot="3">D0N3</slot>
            <slot slot="4">D0N3</slot>
            <slot slot="5">D0N3</slot>
            <slot slot="6">D0N3</slot>
            <slot slot="7">D0N3</slot>
            <slot slot="8">D0N3</slot>
            <slot slot="9">D0N3</slot>
            <slot slot="10">D0N13</slot>
            <slot slot="11">D0N13</slot>
            <slot slot="12">D0N13</slot>
            <slot slot="13">D0N13</slot>
            <slot slot="14">D0N13</slot>
            <slot slot="15">D0N13</slot>
            <slot slot="16">D0N13</slot>
            <slot slot="17">D0N13</slot>
            <slot slot="18">D0N13</slot>
            <slot slot="19">D0N13</slot>
            <slot slot="20">D0N13</slot>
            <slot slot="21">D0N13</slot>
            <slot slot="22">D0N13</slot>
            <slot slot="23">D0N13</slot>
            <slot slot="24">D0N13</slot>
            <slot slot="25">D0N13</slot>
            <slot slot="26">D0N13</slot>
            <slot slot="27">D0N13</slot>
            <slot slot="28">D0N13</slot>
            <slot slot="29">D0N13</slot>
            <slot slot="30">D0N19</slot>
            <slot slot="31">D0N19</slot>
            <slot slot="32">D0N19</slot>
            <slot slot="33">D0N19</slot>
            <slot slot="34">D0N19</slot>
            <slot slot="35">D0N19</slot>
            <slot slot="36">D0N19</slot>
            <slot slot="37">D0N19</slot>
            <slot slot="38">D0N19</slot>
            <slot slot="39">D0N19</slot>
            <slot slot="40">D0N19</slot>
            <slot slot="41">D0N19</slot>
            <slot slot="42">D0N19</slot>
            <slot slot="43">D0N19</slot>
            <slot slot="44">D0N19</slot>
            <slot slot="45">D0N19</slot>
            <slot slot="46">D0N19</slot>
            <slot slot="47">D0N19</slot>
            <slot slot="48">D0N19</slot>
            <slot slot="49">D0N19</slot>
            <slot slot="50">D0N11</slot>
            <slot slot="51">D0N11</slot>
            <slot slot="52">D0N11</slot>
            <slot slot="53">D0N11</slot>
            <slot slot="54">D0N11</slot>
            <slot slot="55">D0N11</slot>
            <slot slot="56">D0N11</slot>
            <slot slot="57">D0N11</slot>
            <slot slot="58">D0N11</slot>
            <slot slot="59">D0N11</slot>
            <slot slot="60">D0N11</slot>
            <slot slot="61">D0N11</slot>
            <slot slot="62">D0N11</slot>
            <slot slot="63">D0N11</slot>
            <slot slot="64">D0N11</slot>
            <slot slot="65">D0N11</slot>
            <slot slot="66">D0N11</slot>
            <slot slot="67">D0N11</slot>
            <slot slot="68">D0N11</slot>
            <slot slot="69">D0N11</slot>
            <slot slot="70">D0N8</slot>
            <slot slot="71">D0N8</slot>
            <slot slot="72">D0N8</slot>
            <slot slot="73">D0N8</slot>
            <slot slot="74">D0N8</slot>
            <slot slot="75">D0N8</slot>
            <slot slot="76">D0N8</slot>
            <slot slot="77">D0N8</slot>
            <slot slot="78">D0N8</slot>
            <slot slot="79">D0N8</slot>
            <slot slot="80">D0N16</slot>
            <slot slot="81">D0N16</slot>
            <slot slot="82">D0N16</slot>
            <slot slot="83">D0N16</slot>
            <slot slot="84">D0N16</slot>
            <slot slot="85">D0N16</slot>
            <slot slot="86">D0N16</slot>
            <slot slot="87">D0N16</slot>
            <slot slot="88">D0N16</slot>
            <slot slot="89">D0N16</slot>
            <slot slot="90">D0N41</slot>
            <slot slot="91">D0N41</slot>
            <slot slot="92">D0N41</slot>
            <slot slot="93">D0N41</slot>
            <slot slot="94">D0N41</slot>
            <slot slot="95">D0N41</slot>
            <slot slot="96">D0N41</slot>
            <slot slot="97">D0N41</slot>
            <slot slot="98">D0N41</slot>
            <slot slot="99">D0N41</slot>
            <slot slot="100">D0N30</slot>
            <slot slot="101">D0N30</slot>
            <slot slot="102">D0N30</slot>
            <slot slot="103">D0N30</slot>
            <slot slot="104">D0N30</slot>
            <slot slot="105">D0N30</slot>
            <slot slot="106">D0N30</slot>
            <slot slot="107">D0N30</slot>
            <slot slot="108">D0N30</slot>
            <slot slot="109">D0N30</slot>
            <slot slot="110">D0N15</slot>
            <slot slot="111">D0N15</slot>
            <slot slot="112">D0N15</slot>
            <slot slot="113">D0N15</slot>
            <slot slot="114">D0N15</slot>
            <slot slot="115">D0N15</slot>
            <slot slot="116">D0N15</slot>
            <slot slot="117">D0N15</slot>
            <slot slot="118">D0N15</slot>
            <slot slot="119">D0N15</slot>
            <slot slot="120">D0N21</slot>
            <slot slot="121">D0N21</slot>
            <slot slot="122">D0N21</slot>
            <slot slot="123">D0N21</slot>
            <slot slot="124">D0N21</slot>
            <slot slot="125">D0N21</slot>
            <slot slot="126">D0N21</slot>
            <slot slot="127">D0N21</slot>
            <slot slot="128">D0N21</slot>
            <slot slot="129">D0N21</slot>
            <slot slot="130">D0N35</slot>
            <slot slot="131">D0N35</slot>
            <slot slot="132">D0N35</slot>
            <slot slot="133">D0N35</slot>
            <slot slot="134">D0N35</slot>
            <slot slot="135">D0N35</slot>
            <slot slot="136">D0N35</slot>
            <slot slot="137">D0N35</slot>
            <slot slot="138">D0N35</slot>
            <slot slot="139">D0N35</slot>
            <slot slot="140">D0N43</slot>
            <slot slot="141">D0N43</slot>
            <slot slot="142">D0N43</slot>
            <slot slot="143">D0N43</slot>
            <slot slot="144">D0N43</slot>
            <slot slot="145">D0N43</slot>
            <slot slot="146">D0N43</slot>
            <slot slot="147">D0N43</slot>
            <slot slot="148">D0N43</slot>
            <slot slot="149">D0N43</slot>
            <slot slot="150">D0N43</slot>
            <slot slot="151">D0N43</slot>
            <slot slot="152">D0N43</slot>
            <slot slot="153">D0N43</slot>
            <slot slot="154">D0N43</slot>
            <slot slot="155">D0N43</slot>
            <slot slot="156">D0N43</slot>
            <slot slot="157">D0N43</slot>
            <slot slot="158">D0N43</slot>
            <slot slot="159">D0N43</slot>
            <slot slot="160">D0N43</slot>
            <slot slot="161">D0N43</slot>
            <slot slot="162">D0N43</slot>
            <slot slot="163">D0N43</slot>
            <slot slot="164">D0N43</slot>
            <slot slot="165">D0N43</slot>
            <slot slot="166">D0N43</slot>
            <slot slot="167">D0N43</slot>
            <slot slot="168">D0N43</slot>
            <slot slot="169">D0N43</slot>
            <slot slot="170">D0N22</slot>
            <slot slot="171">D0N22</slot>
            <slot slot="172">D0N22</slot>
            <slot slot="173">D0N22</slot>
            <slot slot="174">D0N22</slot>
            <slot slot="175">D0N22</slot>
            <slot slot="176">D0N22</slot>
            <slot slot="177">D0N22</slot>
            <slot slot="178">D0N22</slot>
            <slot slot="179">D0N22</slot>
            <slot slot="180">D0N35</slot>
            <slot slot="181">D0N35</slot>
            <slot slot="182">D0N35</slot>
            <slot slot="183">D0N35</slot>
            <slot slot="184">D0N35</slot>
            <slot slot="185">D0N35</slot>
            <slot slot="186">D0N35</slot>
            <slot slot="187">D0N35</slot>
            <slot slot="188">D0N35</slot>
            <slot slot="189">D0N35</slot>
            <slot slot="190">D0N43</slot>
            <slot slot="191">D0N43</slot>
            <slot slot="192">D0N43</slot>
            <slot slot="193">D0N43</slot>
            <slot slot="194">D0N43</slot>
            <slot slot="195">D0N43</slot>
            <slot slot="196">D0N43</slot>
            <slot slot="197">D0N43</slot>
            <slot slot="198">D0N43</slot>
            <slot slot="199">D0N43</slot>
            <slot slot="200">D0N43</slot>
            <slot slot="201">D0N43</slot>
            <slot slot="202">D0N43</slot>
            <slot slot="203">D0N43</slot>
            <slot slot="204">D0N43</slot>
            <slot slot="205">D0N43</slot>
            <slot slot="206">D0N43</slot>
            <slot slot="207">D0N43</slot>
            <slot slot="208">D0N43</slot>
            <slot slot="209">D0N43</slot>
            <slot slot="210">D0N17</slot>
            <slot slot="211">D0N17</slot>
            <slot slot="212">D0N17</slot>
            <slot slot="213">D0N17</slot>
            <slot slot="214">D0N17</slot>
            <slot slot="215">D0N17</slot>
            <slot slot="216">D0N17</slot>
            <slot slot="217">D0N17</slot>
            <slot slot="218">D0N17</slot>
            <slot slot="219">D0N17</slot>
            <slot slot="220">D0N17</slot>
            <slot slot="221">D0N17</slot>
            <slot slot="222">D0N17</slot>
            <slot slot="223">D0N17</slot>
            <slot slot="224">D0N17</slot>
            <slot slot="225">D0N17</slot>
            <slot slot="226">D0N17</slot>
            <slot slot="227">D0N17</slot>
            <slot slot="228">D0N17</slot>
            <slot slot="229">D0N17</slot>
            <slot slot="230">D0N33</slot>
            <slot slot="231">D0N33</slot>
            <slot slot="232">D0N33</slot>
            <slot slot="233">D0N33</slot>
            <slot slot="234">D0N33</slot>
            <slot slot="235">D0N33</slot>
            <slot slot="236">D0N33</slot>
            <slot slot="237">D0N33</slot>
            <slot slot="238">D0N33</slot>
            <slot slot="239">D0N33</slot>
            <slot slot="240">D0N33</slot>
            <slot slot="241">D0N33</slot>
            <slot slot="242">D0N33</slot>
            <slot slot="243">D0N33</slot>
            <slot slot="244">D0N33</slot>
            <slot slot="245">D0N33</slot>
            <slot slot="246">D0N33</slot>
            <slot slot="247">D0N33</slot>
            <slot slot="248">D0N33</slot>
            <slot slot="249">D0N33</slot>
            <slot slot="250">D0N33</slot>
            <slot slot="251">D0N33</slot>
            <slot slot="252">D0N33</slot>
            <slot slot="253">D0N33</slot>
            <slot slot="254">D0N33</slot>
            <slot slot="255">D0N33</slot>
            <slot slot="256">D0N33</slot>
            <slot slot="257">D0N33</slot>
            <slot slot="258">D0N33</slot>
            <slot slot="259">D0N33</slot>
            <slot slot="260">D0N32</slot>
            <slot slot="261">D0N32</slot>
            <slot slot="262">D0N32</slot>
            <slot slot="263">D0N32</slot>
            <slot slot="264">D0N32</slot>
            <slot slot="265">D0N32</slot>
            <slot slot="266">D0N32</slot>
            <slot slot="267">D0N32</slot>
            <slot slot="268">D0N32</slot>
            <slot slot="269">D0N32</slot>
            <slot slot="270">D0N32</slot>
            <slot slot="271">D0N32</slot>
            <slot slot="272">D0N32</slot>
            <slot slot="273">D0N32</slot>
            <slot slot="274">D0N32</slot>
            <slot slot="275">D0N32</slot>
            <slot slot="276">D0N32</slot>
            <slot slot="277">D0N32</slot>
            <slot slot="278">D0N32</slot>
            <slot slot="279">D0N32</slot>
            <slot slot="280">D0N32</slot>
            <slot slot="281">D0N32</slot>
            <slot slot="282">D0N32</slot>
            <slot slot="283">D0N32</slot>
            <slot slot="284">D0N32</slot>
            <slot slot="285">D0N32</slot>
            <slot slot="286">D0N32</slot>
            <slot slot="287">D0N32</slot>
            <slot slot="288">D0N32</slot>
            <slot slot="289">D0N32</slot>
            <slot slot="290">D0N46</slot>
            <slot slot="291">D0N46</slot>
            <slot slot="292">D0N46</slot>
            <slot slot="293">D0N46</slot>
            <slot slot="294">D0N46</slot>
            <slot slot="295">D0N46</slot>
            <slot slot="296">D0N46</slot>
            <slot slot="297">D0N46</slot>
            <slot slot="298">D0N46</slot>
            <slot slot="299">D0N46</slot>
            <slot slot="300">D0N46</slot>
            <slot slot="301">D0N46</slot>
            <slot slot="302">D0N46</slot>
            <slot slot="303">D0N46</slot>
            <slot slot="304">D0N46</slot>
            <slot slot="305">D0N46</slot>
            <slot slot="306">D0N46</slot>
            <slot slot="307">D0N46</slot>
            <slot slot="308">D0N46</slot>
            <slot slot="309">D0N46</slot>
            <slot slot="310">D0N47</slot>
            <slot slot="311">D0N47</slot>
            <slot slot="312">D0N47</slot>
            <slot slot="313">D0N47</slot>
            <slot slot="314">D0N47</slot>
            <slot slot="315">D0N47</slot>
            <slot slot="316">D0N47</slot>
            <slot slot="317">D0N47</slot>
            <slot slot="318">D0N47</slot>
            <slot slot="319">D0N47</slot>
            <slot slot="320">D0N40</slot>
            <slot slot="321">D0N40</slot>
            <slot slot="322">D0N40</slot>
            <slot slot="323">D0N40</slot>
            <slot slot="324">D0N40</slot>
            <slot slot="325">D0N40</slot>
            <slot slot="326">D0N40</slot>
            <slot slot="327">D0N40</slot>
            <slot slot="328">D0N40</slot>
            <slot slot="329">D0N40</slot>
            <slot slot="330">D0N40</slot>
            <slot slot="331">D0N40</slot>
            <slot slot="332">D0N40</slot>
            <slot slot="333">D0N40</slot>
            <slot slot="334">D0N40</slot>
            <slot slot="335">D0N40</slot>
            <slot slot="336">D0N40</slot>
            <slot slot="337">D0N40</slot>
            <slot slot="338">D0N40</slot>
            <slot slot="339">D0N40</slot>
            <slot slot="340">D0N40</slot>
            <slot slot="341">D0N40</slot>
            <slot slot="342">D0N40</slot>
            <slot slot="343">D0N40</slot>
            <slot slot="344">D0N40</slot>
            <slot slot="345">D0N40</slot>
            <slot slot="346">D0N40</slot>
            <slot slot="347">D0N40</slot>
            <slot slot="348">D0N40</slot>
            <slot slot="349">D0N40</slot>
            <slot slot="350">D0N34</slot>
            <slot slot="351">D0N34</slot>
            <slot slot="352">D0N34</slot>
            <slot slot="353">D0N34</slot>
            <slot slot="354">D0N34</slot>
            <slot slot="355">D0N34</slot>
            <slot slot="356">D0N34</slot>
            <slot slot="357">D0N34</slot>
            <slot slot="358">D0N34</slot>
            <slot slot="359">D0N34</slot>
            <slot slot="360">D0N34</slot>
            <slot slot="361">D0N34</slot>
            <slot slot="362">D0N34</slot>
            <slot slot="363">D0N34</slot>
            <slot slot="364">D0N34</slot>
            <slot slot="365">D0N34</slot>
            <slot slot="366">D0N34</slot>
            <slot slot="367">D0N34</slot>
            <slot slot="368">D0N34</slot>
            <slot slot="369">D0N34</slot>
            <slot slot="370">-</slot>
            <slot slot="371">-</slot>
            <slot slot="372">-</slot>
            <slot slot="373">-</slot>
            <slot slot="374">-</slot>
            <slot slot="375">-</slot>
            <slot slot="376">-</slot>
            <slot slot="377">-</slot>
            <slot slot="378">-</slot>
            <slot slot="379">-</slot>
            <slot slot="380">-</slot>
            <slot slot="381">-</slot>
            <slot slot="382">-</slot>
            <slot slot="383">-</slot>
            <slot slot="384">-</slot>
            <slot slot="385">-</slot>
            <slot slot="386">-</slot>
            <slot slot="387">-</slot>
            <slot slot="388">-</slot>
            <slot slot="389">-</slot>
            <slot slot="390">-</slot>
            <slot slot="391">-</slot>
            <slot slot="392">-</slot>
            <slot slot="393">-</slot>
            <slot slot="394">-</slot>
            <slot slot="395">-</slot>
            <slot slot="396">-</slot>
            <slot slot="397">-</slot>
            <slot slot="398">-</slot>
            <slot slot="399">-</slot>
            <slot slot="400">-</slot>
            <slot slot="401">-</slot>
            <slot slot="402">-</slot>
            <slot slot="403">-</slot>
            <slot slot="404">-</slot>
            <slot slot="405">-</slot>
            <slot slot="406">-</slot>
            <slot slot="407">-</slot>
            <slot slot="408">-</slot>
            <slot slot="409">-</slot>
            <slot slot="410">-</slot>
            <slot slot="411">-</slot>
            <slot slot="412">-</slot>
            <slot slot="413">-</slot>
            <slot slot="414">-</slot>
            <slot slot="415">-</slot>
            <slot slot="416">-</slot>
            <slot slot="417">-</slot>
            <slot slot="418">-</slot>
            <slot slot="419">-</slot>
            <slot slot="420">-</slot>
            <slot slot="421">-</slot>
            <slot slot="422">-</slot>
            <slot slot="423">-</slot>
            <slot slot="424">-</slot>
            <slot slot="425">-</slot>
            <slot slot="426">-</slot>
            <slot slot="427">-</slot>
            <slot slot="428">-</slot>
            <slot slot="429">-</slot>
            <slot slot="430">-</slot>
            <slot slot="431">-</slot>
            <slot slot="432">-</slot>
            <slot slot="433">-</slot>
            <slot slot="434">-</slot>
            <slot slot="435">-</slot>
            <slot slot="436">-</slot>
            <slot slot="437">-</slot>
            <slot slot="438">-</slot>
            <slot slot="439">-</slot>
            <slot slot="440">-</slot>
            <slot slot="441">-</slot>
            <slot slot="442">-</slot>
            <slot slot="443">-</slot>
            <slot slot="444">-</slot>
            <slot slot="445">-</slot>
            <slot slot="446">-</slot>
            <slot slot="447">-</slot>
            <slot slot="448">-</slot>
            <slot slot="449">-</slot>
            <slot slot="450">-</slot>
            <slot slot="451">-</slot>
            <slot slot="452">-</slot>
            <slot slot="453">-</slot>
            <slot slot="454">-</slot>
            <slot slot="455">-</slot>
            <slot slot="456">-</slot>
            <slot slot="457">-</slot>
            <slot slot="458">-</slot>
            <slot slot="459">-</slot>
            <slot slot="460">-</slot>
            <slot slot="461">-</slot>
            <slot slot="462">-</slot>
            <slot slot="463">-</slot>
            <slot slot="464">-</slot>
            <slot slot="465">-</slot>
            <slot slot="466">-</slot>
            <slot slot="467">-</slot>
            <slot slot="468">-</slot>
            <slot slot="469">-</slot>
            <slot slot="470">-</slot>
            <slot slot="471">-</slot>
            <slot slot="472">-</slot>
            <slot slot="473">-</slot>
            <slot slot="474">-</slot>
            <slot slot="475">-</slot>
            <slot slot="476">-</slot>
            <slot slot="477">-</slot>
            <slot slot="478">-</slot>
            <slot slot="479">-</slot>
            <slot slot="480">-</slot>
            <slot slot="481">-</slot>
            <slot slot="482">-</slot>
            <slot slot="483">-</slot>
            <slot slot="484">-</slot>
            <slot slot="485">-</slot>
            <slot slot="486">-</slot>
            <slot slot="487">-</slot>
            <slot slot="488">-</slot>
            <slot slot="489">-</slot>
            <slot slot="490">-</slot>
            <slot slot="491">-</slot>
            <slot slot="492">-</slot>
            <slot slot="493">-</slot>
            <slot slot="494">-</slot>
            <slot slot="495">-</slot>
            <slot slot="496">-</slot>
            <slot slot="497">-</slot>
            <slot slot="498">-</slot>
            <slot slot="499">-</slot>
            <slot slot="500">-</slot>
            <slot slot="501">-</slot>
            <slot slot="502">-</slot>
            <slot slot="503">-</slot>
            <slot slot="504">-</slot>
            <slot slot="505">-</slot>
            <slot slot="506">-</slot>
            <slot slot="507">-</slot>
            <slot slot="508">-</slot>
            <slot slot="509">-</slot>
            <slot slot="510">-</slot>
            <slot slot="511">-</slot>
            <slot slot="512">-</slot>
            <slot slot="513">-</slot>
            <slot slot="514">-</slot>
            <slot slot="515">-</slot>
            <slot slot="516">-</slot>
            <slot slot="517">-</slot>
            <slot slot="518">-</slot>
            <slot slot="519">-</slot>
            <slot slot="520">-</slot>
            <slot slot="521">-</slot>
            <slot slot="522">-</slot>
            <slot slot="523">-</slot>
            <slot slot="524">-</slot>
            <slot slot="525">-</slot>
            <slot slot="526">-</slot>
            <slot slot="527">-</slot>
            <slot slot="528">-</slot>
            <slot slot="529">-</slot>
            <slot slot="530">-</slot>
            <slot slot="531">-</slot>
            <slot slot="532">-</slot>
            <slot slot="533">-</slot>
            <slot slot="534">-</slot>
            <slot slot="535">-</slot>
            <slot slot="536">-</slot>
            <slot slot="537">-</slot>
            <slot slot="538">-</slot>
            <slot slot="539">-</slot>
            <slot slot="540">-</slot>
            <slot slot="541">-</slot>
            <slot slot="542">-</slot>
            <slot slot="543">-</slot>
            <slot slot="544">-</slot>
            <slot slot="545">-</slot>
            <slot slot="546">-</slot>
            <slot slot="547">-</slot>
            <slot slot="548">-</slot>
            <slot slot="549">-</slot>
            <slot slot="550">-</slot>
            <slot slot="551">-</slot>
            <slot slot="552">-</slot>
            <slot slot="553">-</slot>
            <slot slot="554">-</slot>
            <slot slot="555">-</slot>
            <slot slot="556">-</slot>
            <slot slot="557">-</slot>
            <slot slot="558">-</slot>
            <slot slot="559">-</slot>
            <slot slot="560">-</slot>
            <slot slot="561">-</slot>
            <slot slot="562">-</slot>
            <slot slot="563">-</slot>
            <slot slot="564">-</slot>
            <slot slot="565">-</slot>
            <slot slot="566">-</slot>
            <slot slot="567">-</slot>
            <slot slot="568">-</slot>
            <slot slot="569">-</slot>
            <slot slot="570">-</slot>
            <slot slot="571">-</slot>
            <slot slot="572">-</slot>
            <slot slot="573">-</slot>
            <slot slot="574">-</slot>
            <slot slot="575">-</slot>
            <slot slot="576">-</slot>
            <slot slot="577">-</slot>
            <slot slot="578">-</slot>
            <slot slot="579">-</slot>
            <slot slot="580">-</slot>
            <slot slot="581">-</slot>
            <slot slot="582">-</slot>
            <slot slot="583">-</slot>
            <slot slot="584">-</slot>
            <slot slot="585">-</slot>
            <slot slot="586">-</slot>
            <slot slot="587">-</slot>
            <slot slot="588">-</slot>
            <slot slot="589">-</slot>
            <slot slot="590">-</slot>
            <slot slot="591">-</slot>
            <slot slot="592">-</slot>
            <slot slot="593">-</slot>
            <slot slot="594">-</slot>
            <slot slot="595">-</slot>
            <slot slot="596">-</slot>
            <slot slot="597">-</slot>
            <slot slot="598">-</slot>
            <slot slot="599">-</slot>
            <slot slot="600">-</slot>
            <slot slot="601">-</slot>
            <slot slot="602">-</slot>
            <slot slot="603">-</slot>
            <slot slot="604">-</slot>
            <slot slot="605">-</slot>
            <slot slot="606">-</slot>
            <slot slot="607">-</slot>
            <slot slot="608">-</slot>
            <slot slot="609">-</slot>
            <slot slot="610">-</slot>
            <slot slot="611">-</slot>
            <slot slot="612">-</slot>
            <slot slot="613">-</slot>
            <slot slot="614">-</slot>
            <slot slot="615">-</slot>
            <slot slot="616">-</slot>
            <slot slot="617">-</slot>
            <slot slot="618">-</slot>
            <slot slot="619">-</slot>
            <slot slot="620">-</slot>
            <slot slot="621">-</slot>
            <slot slot="622">-</slot>
            <slot slot="623">-</slot>
            <slot slot="624">-</slot>
            <slot slot="625">-</slot>
            <slot slot="626">-</slot>
            <slot slot="627">-</slot>
            <slot slot="628">-</slot>
            <slot slot="629">-</slot>
            <slot slot="630">-</slot>
            <slot slot="631">-</slot>
            <slot slot="632">-</slot>
            <slot slot="633">-</slot>
            <slot slot="634">-</slot>
            <slot slot="635">-</slot>
            <slot slot="636">-</slot>
            <slot slot="637">-</slot>
            <slot slot="638">-</slot>
            <slot slot="639">-</slot>
            <slot slot="640">-</slot>
            <slot slot="641">-</slot>
            <slot slot="642">-</slot>
            <slot slot="643">-</slot>
            <slot slot="644">-</slot>
            <slot slot="645">-</slot>
            <slot slot="646">-</slot>
            <slot slot="647">-</slot>
            <slot slot="648">-</slot>
            <slot slot="649">-</slot>
            <slot slot="650">-</slot>
            <slot slot="651">-</slot>
            <slot slot="652">-</slot>
            <slot slot="653">-</slot>
            <slot slot="654">-</slot>
            <slot slot="655">-</slot>
            <slot slot="656">-</slot>
            <slot slot="657">-</slot>
            <slot slot="658">-</slot>
            <slot slot="659">-</slot>
            <slot slot="660">-</slot>
            <slot slot="661">-</slot>
            <slot slot="662">-</slot>
            <slot slot="663">-</slot>
            <slot slot="664">-</slot>
            <slot slot="665">-</slot>
            <slot slot="666">-</slot>
            <slot slot="667">-</slot>
            <slot slot="668">-</slot>
            <slot slot="669">-</slot>
            <slot slot="670">-</slot>
            <slot slot="671">-</slot>
            <slot slot="672">-</slot>
            <slot slot="673">-</slot>
            <slot slot="674">-</slot>
            <slot slot="675">-</slot>
            <slot slot="676">-</slot>
            <slot slot="677">-</slot>
            <slot slot="678">-</slot>
            <slot slot="679">-</slot>
            <slot slot="680">-</slot>
            <slot slot="681">-</slot>
            <slot slot="682">-</slot>
            <slot slot="683">-</slot>
            <slot slot="684">-</slot>
            <slot slot="685">-</slot>
            <slot slot="686">-</slot>
            <slot slot="687">-</slot>
            <slot slot="688">-</slot>
            <slot slot="689">-</slot>
            <slot slot="690">-</slot>
            <slot slot="691">-</slot>
            <slot slot="692">-</slot>
            <slot slot="693">-</slot>
            <slot slot="694">-</slot>
            <slot slot="695">-</slot>
            <slot slot="696">-</slot>
            <slot slot="697">-</slot>
            <slot slot="698">-</slot>
            <slot slot="699">-</slot>
            <slot slot="700">-</slot>
            <slot slot="701">-</slot>
            <slot slot="702">-</slot>
            <slot slot="703">-</slot>
            <slot slot="704">-</slot>
            <slot slot="705">-</slot>
            <slot slot="706">-</slot>
            <slot slot="707">-</slot>
            <slot slot="708">-</slot>
            <slot slot="709">-</slot>
            <slot slot="710">-</slot>
            <slot slot="711">-</slot>
            <slot slot="712">-</slot>
            <slot slot="713">-</slot>
            <slot slot="714">-</slot>
            <slot slot="715">-</slot>
            <slot slot="716">-</slot>
            <slot slot="717">-</slot>
            <slot slot="718">-</slot>
            <slot slot="719">-</slot>
            <slot slot="720">-</slot>
            <slot slot="721">-</slot>
            <slot slot="722">-</slot>
            <slot slot="723">-</slot>
            <slot slot="724">-</slot>
            <slot slot="725">-</slot>
            <slot slot="726">-</slot>
            <slot slot="727">-</slot>
            <slot slot="728">-</slot>
            <slot slot="729">-</slot>
            <slot slot="730">-</slot>
            <slot slot="731">-</slot>
            <slot slot="732">-</slot>
            <slot slot="733">-</slot>
            <slot slot="734">-</slot>
            <slot slot="735">-</slot>
            <slot slot="736">-</slot>
            <slot slot="737">-</slot>
            <slot slot="738">-</slot>
            <slot slot="739">-</slot>
            <slot slot="740">-</slot>
            <slot slot="741">-</slot>
            <slot slot="742">-</slot>
            <slot slot="743">-</slot>
            <slot slot="744">-</slot>
            <slot slot="745">-</slot>
            <slot slot="746">-</slot>
            <slot slot="747">-</slot>
            <slot slot="748">-</slot>
            <slot slot="749">-</slot>
            <slot slot="750">-</slot>
            <slot slot="751">-</slot>
            <slot slot="752">-</slot>
            <slot slot="753">-</slot>
            <slot slot="754">-</slot>
            <slot slot="755">-</slot>
            <slot slot="756">-</slot>
            <slot slot="757">-</slot>
            <slot slot="758">-</slot>
            <slot slot="759">-</slot>
            <slot slot="760">-</slot>
            <slot slot="761">-</slot>
            <slot slot="762">-</slot>
            <slot slot="763">-</slot>
            <slot slot="764">-</slot>
            <slot slot="765">-</slot>
            <slot slot="766">-</slot>
            <slot slot="767">-</slot>
            <slot slot="768">-</slot>
            <slot slot="769">-</slot>
            <slot slot="770">-</slot>
            <slot slot="771">-</slot>
            <slot slot="772">-</slot>
            <slot slot="773">-</slot>
            <slot slot="774">-</slot>
            <slot slot="775">-</slot>
            <slot slot="776">-</slot>
            <slot slot="777">-</slot>
            <slot slot="778">-</slot>
            <slot slot="779">-</slot>
            <slot slot="780">-</slot>
            <slot slot="781">-</slot>
            <slot slot="782">-</slot>
            <slot slot="783">-</slot>
            <slot slot="784">-</slot>
            <slot slot="785">-</slot>
            <slot slot="786">-</slot>
            <slot slot="787">-</slot>
            <slot slot="788">-</slot>
            <slot slot="789">-</slot>
            <slot slot="790">-</slot>
            <slot slot="791">-</slot>
            <slot slot="792">-</slot>
            <slot slot="793">-</slot>
            <slot slot="794">-</slot>
            <slot slot="795">-</slot>
            <slot slot="796">-</slot>
            <slot slot="797">-</slot>
            <slot slot="798">-</slot>
            <slot slot="799">-</slot>
            <slot slot="800">-</slot>
            <slot slot="801">-</slot>
            <slot slot="802">-</slot>
            <slot slot="803">-</slot>
            <slot slot="804">-</slot>
            <slot slot="805">-</slot>
            <slot slot="806">-</slot>
            <slot slot="807">-</slot>
            <slot slot="808">-</slot>
            <slot slot="809">-</slot>
            <slot slot="810">-</slot>
            <slot slot="811">-</slot>
            <slot slot="812">-</slot>
            <slot slot="813">-</slot>
            <slot slot="814">-</slot>
            <slot slot="815">-</slot>
            <slot slot="816">-</slot>
            <slot slot="817">-</slot>
            <slot slot="818">-</slot>
            <slot slot="819">-</slot>
            <slot slot="820">-</slot>
            <slot slot="821">-</slot>
            <slot slot="822">-</slot>
            <slot slot="823">-</slot>
            <slot slot="824">-</slot>
            <slot slot="825">-</slot>
            <slot slot="826">-</slot>
            <slot slot="827">-</slot>
            <slot slot="828">-</slot>
            <slot slot="829">-</slot>
            <slot slot="830">-</slot>
            <slot slot="831">-</slot>
            <slot slot="832">-</slot>
            <slot slot="833">-</slot>
            <slot slot="834">-</slot>
            <slot slot="835">-</slot>
            <slot slot="836">-</slot>
            <slot slot="837">-</slot>
            <slot slot="838">-</slot>
            <slot slot="839">-</slot>
            <slot slot="840">-</slot>
            <slot slot="841">-</slot>
            <slot slot="842">-</slot>
            <slot slot="843">-</slot>
            <slot slot="844">-</slot>
            <slot slot="845">-</slot>
            <slot slot="846">-</slot>
            <slot slot="847">-</slot>
            <slot slot="848">-</slot>
            <slot slot="849">-</slot>
            <slot slot="850">-</slot>
            <slot slot="851">-</slot>
            <slot slot="852">-</slot>
            <slot slot="853">-</slot>
            <slot slot="854">-</slot>
            <slot slot="855">-</slot>
            <slot slot="856">-</slot>
            <slot slot="857">-</slot>
            <slot slot="858">-</slot>
            <slot slot="859">-</slot>
            <slot slot="860">-</slot>
            <slot slot="861">-</slot>
            <slot slot="862">-</slot>
            <slot slot="863">-</slot>
            <slot slot="864">-</slot>
            <slot slot="865">-</slot>
            <slot slot="866">-</slot>
            <slot slot="867">-</slot>
            <slot slot="868">-</slot>
            <slot slot="869">-</slot>
            <slot slot="870">-</slot>
            <slot slot="871">-</slot>
            <slot slot="872">-</slot>
            <slot slot="873">-</slot>
            <slot slot="874">-</slot>
            <slot slot="875">-</slot>
            <slot slot="876">-</slot>
            <slot slot="877">-</slot>
            <slot slot="878">-</slot>
            <slot slot="879">-</slot>
            <slot slot="880">-</slot>
            <slot slot="881">-</slot>
            <slot slot="882">-</slot>
            <slot slot="883">-</slot>
            <slot slot="884">-</slot>
            <slot slot="885">-</slot>
            <slot slot="886">-</slot>
            <slot slot="887">-</slot>
            <slot slot="888">-</slot>
            <slot slot="889">-</slot>
            <slot slot="890">-</slot>
            <slot slot="891">-</slot>
            <slot slot="892">-</slot>
            <slot slot="893">-</slot>
            <slot slot="894">-</slot>
            <slot slot="895">-</slot>
            <slot slot="896">-</slot>
            <slot slot="897">-</slot>
            <slot slot="898">-</slot>
            <slot slot="899">-</slot>
            <slot slot="900">-</slot>
            <slot slot="901">-</slot>
            <slot slot="902">-</slot>
            <slot slot="903">-</slot>
            <slot slot="904">-</slot>
            <slot slot="905">-</slot>
            <slot slot="906">-</slot>
            <slot slot="907">-</slot>
            <slot slot="908">-</slot>
            <slot slot="909">-</slot>
            <slot slot="910">-</slot>
            <slot slot="911">-</slot>
            <slot slot="912">-</slot>
            <slot slot="913">-</slot>
            <slot slot="914">-</slot>
            <slot slot="915">-</slot>
            <slot slot="916">-</slot>
            <slot slot="917">-</slot>
            <slot slot="918">-</slot>
            <slot slot="919">-</slot>
            <slot slot="920">-</slot>
            <slot slot="921">-</slot>
            <slot slot="922">-</slot>
            <slot slot="923">-</slot>
            <slot slot="924">-</slot>
            <slot slot="925">-</slot>
            <slot slot="926">-</slot>
            <slot slot="927">-</slot>
            <slot slot="928">-</slot>
            <slot slot="929">-</slot>
            <slot slot="930">-</slot>
            <slot slot="931">-</slot>
            <slot slot="932">-</slot>
            <slot slot="933">-</slot>
            <slot slot="934">-</slot>
            <slot slot="935">-</slot>
            <slot slot="936">-</slot>
            <slot slot="937">-</slot>
            <slot slot="938">-</slot>
            <slot slot="939">-</slot>
            <slot slot="940">-</slot>
            <slot slot="941">-</slot>
            <slot slot="942">-</slot>
            <slot slot="943">-</slot>
            <slot slot="944">-</slot>
            <slot slot="945">-</slot>
            <slot slot="946">-</slot>
            <slot slot="947">-</slot>
            <slot slot="948">-</slot>
            <slot slot="949">-</slot>
            <slot slot="950">-</slot>
            <slot slot="951">-</slot>
            <slot slot="952">-</slot>
            <slot slot="953">-</slot>
            <slot slot="954">-</slot>
            <slot slot="955">-</slot>
            <slot slot="956">-</slot>
            <slot slot="957">-</slot>
            <slot slot="958">-</slot>
            <slot slot="959">-</slot>
            <slot slot="960">-</slot>
            <slot slot="961">-</slot>
            <slot slot="962">-</slot>
            <slot slot="963">-</slot>
            <slot slot="964">-</slot>
            <slot slot="965">-</slot>
            <slot slot="966">-</slot>
            <slot slot="967">-</slot>
            <slot slot="968">-</slot>
            <slot slot="969">-</slot>
            <slot slot="970">-</slot>
            <slot slot="971">-</slot>
            <slot slot="972">-</slot>
            <slot slot="973">-</slot>
            <slot slot="974">-</slot>
            <slot slot="975">-</slot>
            <slot slot="976">-</slot>
            <slot slot="977">-</slot>
            <slot slot="978">-</slot>
            <slot slot="979">-</slot>
            <slot slot="980">-</slot>
            <slot slot="981">-</slot>
            <slot slot="982">-</slot>
            <slot slot="983">-</slot>
            <slot slot="984">-</slot>
            <slot slot="985">-</slot>
            <slot slot="986">-</slot>
            <slot slot="987">-</slot>
            <slot slot="988">-</slot>
            <slot slot="989">-</slot>
            <slot slot="990">-</slot>
            <slot slot="991">-</slot>
            <slot slot="992">-</slot>
            <slot slot="993">-</slot>
            <slot slot="994">-</slot>
            <slot slot="995">-</slot>
            <slot slot="996">-</slot>
            <slot slot="997">-</slot>
            <slot slot="998">-</slot>
            <slot slot="999">-</slot>
            <slot slot="1000">-</slot>
            <slot slot="1001">-</slot>
            <slot slot="1002">-</slot>
            <slot slot="1003">-</slot>
            <slot slot="1004">-</slot>
            <slot slot="1005">-</slot>
            <slot slot="1006">-</slot>
            <slot slot="1007">-</slot>
            <slot slot="1008">-</slot>
            <slot slot="1009">-</slot>
            <slot slot="1010">-</slot>
            <slot slot="1011">-</slot>
            <slot slot="1012">-</slot>
            <slot slot="1013">-</slot>
            <slot slot="1014">-</slot>
            <slot slot="1015">-</slot>
            <slot slot="1016">-</slot>
            <slot slot="1017">-</slot>
            <slot slot="1018">-</slot>
            <slot slot="1019">-</slot>
            <slot slot="1020">-</slot>
            <slot slot="1021">-</slot>
            <slot slot="1022">-</slot>
            <slot slot="1023">-</slot>
            <slot slot="1024">-</slot>
            <slot slot="1025">-</slot>
            <slot slot="1026">-</slot>
            <slot slot="1027">-</slot>
            <slot slot="1028">-</slot>
            <slot slot="1029">-</slot>
            <slot slot="1030">-</slot>
            <slot slot="1031">-</slot>
            <slot slot="1032">-</slot>
            <slot slot="1033">-</slot>
            <slot slot="1034">-</slot>
            <slot slot="1035">-</slot>
            <slot slot="1036">-</slot>
            <slot slot="1037">-</slot>
            <slot slot="1038">-</slot>
            <slot slot="1039">-</slot>
            <slot slot="1040">-</slot>
            <slot slot="1041">-</slot>
            <slot slot="1042">-</slot>
            <slot slot="1043">-</slot>
            <slot slot="1044">-</slot>
            <slot slot="1045">-</slot>
            <slot slot="1046">-</slot>
            <slot slot="1047">-</slot>
            <slot slot="1048">-</slot>
            <slot slot="1049">-</slot>
            <slot slot="1050">-</slot>
            <slot slot="1051">-</slot>
            <slot slot="1052">-</slot>
            <slot slot="1053">-</slot>
            <slot slot="1054">-</slot>
            <slot slot="1055">-</slot>
            <slot slot="1056">-</slot>
            <slot slot="1057">-</slot>
            <slot slot="1058">-</slot>
            <slot slot="1059">-</slot>
            <slot slot="1060">-</slot>
            <slot slot="1061">-</slot>
            <slot slot="1062">-</slot>
            <slot slot="1063">-</slot>
            <slot slot="1064">-</slot>
            <slot slot="1065">-</slot>
            <slot slot="1066">-</slot>
            <slot slot="1067">-</slot>
            <slot slot="1068">-</slot>
            <slot slot="1069">-</slot>
            <slot slot="1070">-</slot>
            <slot slot="1071">-</slot>
            <slot slot="1072">-</slot>
            <slot slot="1073">-</slot>
            <slot slot="1074">-</slot>
            <slot slot="1075">-</slot>
            <slot slot="1076">-</slot>
            <slot slot="1077">-</slot>
            <slot slot="1078">-</slot>
            <slot slot="1079">-</slot>
            <slot slot="1080">-</slot>
            <slot slot="1081">-</slot>
            <slot slot="1082">-</slot>
            <slot slot="1083">-</slot>
            <slot slot="1084">-</slot>
            <slot slot="1085">-</slot>
            <slot slot="1086">-</slot>
            <slot slot="1087">-</slot>
            <slot slot="1088">-</slot>
            <slot slot="1089">-</slot>
            <slot slot="1090">-</slot>
            <slot slot="1091">-</slot>
            <slot slot="1092">-</slot>
            <slot slot="1093">-</slot>
            <slot slot="1094">-</slot>
            <slot slot="1095">-</slot>
            <slot slot="1096">-</slot>
            <slot slot="1097">-</slot>
            <slot slot="1098">-</slot>
            <slot slot="1099">-</slot>
            <slot slot="1100">-</slot>
            <slot slot="1101">-</slot>
            <slot slot="1102">-</slot>
            <slot slot="1103">-</slot>
            <slot slot="1104">-</slot>
            <slot slot="1105">-</slot>
            <slot slot="1106">-</slot>
            <slot slot="1107">-</slot>
            <slot slot="1108">-</slot>
            <slot slot="1109">-</slot>
            <slot slot="1110">-</slot>
            <slot slot="1111">-</slot>
            <slot slot="1112">-</slot>
            <slot slot="1113">-</slot>
            <slot slot="1114">-</slot>
            <slot slot="1115">-</slot>
            <slot slot="1116">-</slot>
            <slot slot="1117">-</slot>
            <slot slot="1118">-</slot>
            <slot slot="1119">-</slot>
            <slot slot="1120">-</slot>
            <slot slot="1121">-</slot>
            <slot slot="1122">-</slot>
            <slot slot="1123">-</slot>
            <slot slot="1124">-</slot>
            <slot slot="1125">-</slot>
            <slot slot="1126">-</slot>
            <slot slot="1127">-</slot>
            <slot slot="1128">-</slot>
            <slot slot="1129">-</slot>
            <slot slot="1130">-</slot>
            <slot slot="1131">-</slot>
            <slot slot="1132">-</slot>
            <slot slot="1133">-</slot>
            <slot slot="1134">-</slot>
            <slot slot="1135">-</slot>
            <slot slot="1136">-</slot>
            <slot slot="1137">-</slot>
            <slot slot="1138">-</slot>
            <slot slot="1139">-</slot>
            <slot slot="1140">-</slot>
            <slot slot="1141">-</slot>
            <slot slot="1142">-</slot>
            <slot slot="1143">-</slot>
            <slot slot="1144">-</slot>
            <slot slot="1145">-</slot>
            <slot slot="1146">-</slot>
            <slot slot="1147">-</slot>
            <slot slot="1148">-</slot>
            <slot slot="1149">-</slot>
            <slot slot="1150">-</slot>
            <slot slot="1151">-</slot>
            <slot slot="1152">-</slot>
            <slot slot="1153">-</slot>
            <slot slot="1154">-</slot>
            <slot slot="1155">-</slot>
            <slot slot="1156">-</slot>
            <slot slot="1157">-</slot>
            <slot slot="1158">-</slot>
            <slot slot="1159">-</slot>
            <slot slot="1160">-</slot>
            <slot slot="1161">-</slot>
            <slot slot="1162">-</slot>
            <slot slot="1163">-</slot>
            <slot slot="1164">-</slot>
            <slot slot="1165">-</slot>
            <slot slot="1166">-</slot>
            <slot slot="1167">-</slot>
            <slot slot="1168">-</slot>
            <slot slot="1169">-</slot>
            <slot slot="1170">-</slot>
            <slot slot="1171">-</slot>
            <slot slot="1172">-</slot>
            <slot slot="1173">-</slot>
            <slot slot="1174">-</slot>
            <slot slot="1175">-</slot>
            <slot slot="1176">-</slot>
            <slot slot="1177">-</slot>
            <slot slot="1178">-</slot>
            <slot slot="1179">-</slot>
            <slot slot="1180">-</slot>
            <slot slot="1181">-</slot>
            <slot slot="1182">-</slot>
            <slot slot="1183">-</slot>
            <slot slot="1184">-</slot>
            <slot slot="1185">-</slot>
            <slot slot="1186">-</slot>
            <slot slot="1187">-</slot>
            <slot slot="1188">-</slot>
            <slot slot="1189">-</slot>
            <slot slot="1190">-</slot>
            <slot slot="1191">-</slot>
            <slot slot="1192">-</slot>
            <slot slot="1193">-</slot>
            <slot slot="1194">-</slot>
            <slot slot="1195">-</slot>
            <slot slot="1196">-</slot>
            <slot slot="1197">-</slot>
            <slot slot="1198">-</slot>
            <slot slot="1199">-</slot>
        </core>
        <core number="3">
            <slot slot="0">D0N1</slot>
            <slot slot="1">D0N1</slot>
            <slot slot="2">D0N1</slot>
            <slot slot="3">D0N1</slot>
            <slot slot="4">D0N1</slot>
            <slot slot="5">D0N1</slot>
            <slot slot="6">D0N1</slot>
            <slot slot="7">D0N1</slot>
            <slot slot="8">D0N1</slot>
            <slot slot="9">D0N1</slot>
            <slot slot="10">D0N19</slot>
            <slot slot="11">D0N19</slot>
            <slot slot="12">D0N19</slot>
            <slot slot="13">D0N19</slot>
            <slot slot="14">D0N19</slot>
            <slot slot="15">D0N19</slot>
            <slot slot="16">D0N19</slot>
            <slot slot="17">D0N19</slot>
            <slot slot="18">D0N19</slot>
            <slot slot="19">D0N19</slot>
            <slot slot="20">D0N19</slot>
            <slot slot="21">D0N19</slot>
            <slot slot="22">D0N19</slot>
            <slot slot="23">D0N19</slot>
            <slot slot="24">D0N19</slot>
            <slot slot="25">D0N19</slot>
            <slot slot="26">D0N19</slot>
            <slot slot="27">D0N19</slot>
            <slot slot="28">D0N19</slot>
            <slot slot="29">D0N19</slot>
            <slot slot="30">D0N28</slot>
            <slot slot="31">D0N28</slot>
            <slot slot="32">D0N28</slot>
            <slot slot="33">D0N28</slot>
            <slot slot="34">D0N28</slot>
            <slot slot="35">D0N28</slot>
            <slot slot="36">D0N28</slot>
            <slot slot="37">D0N28</slot>
            <slot slot="38">D0N28</slot>
            <slot slot="39">D0N28</slot>
            <slot slot="40">D0N28</slot>
            <slot slot="41">D0N28</slot>
            <slot slot="42">D0N28</slot>
            <slot slot="43">D0N28</slot>
            <slot slot="44">D0N28</slot>
            <slot slot="45">D0N28</slot>
            <slot slot="46">D0N28</slot>
            <slot slot="47">D0N28</slot>
            <slot slot="48">D0N28</slot>
            <slot slot="49">D0N28</slot>
            <slot slot="50">D0N8</slot>
            <slot slot="51">D0N8</slot>
            <slot slot="52">D0N8</slot>
            <slot slot="53">D0N8</slot>
            <slot slot="54">D0N8</slot>
            <slot slot="55">D0N8</slot>
            <slot slot="56">D0N8</slot>
            <slot slot="57">D0N8</slot>
            <slot slot="58">D0N8</slot>
            <slot slot="59">D0N8</slot>
            <slot slot="60">D0N8</slot>
            <slot slot="61">D0N8</slot>
            <slot slot="62">D0N8</slot>
            <slot slot="63">D0N8</slot>
            <slot slot="64">D0N8</slot>
            <slot slot="65">D0N8</slot>
            <slot slot="66">D0N8</slot>
            <slot slot="67">D0N8</slot>
            <slot slot="68">D0N8</slot>
            <slot slot="69">D0N8</slot>
            <slot slot="70">D0N16</slot>
            <slot slot="71">D0N16</slot>
            <slot slot="72">D0N16</slot>
            <slot slot="73">D0N16</slot>
            <slot slot="74">D0N16</slot>
            <slot slot="75">D0N16</slot>
            <slot slot="76">D0N16</slot>
            <slot slot="77">D0N16</slot>
            <slot slot="78">D0N16</slot>
            <slot slot="79">D0N16</slot>
            <slot slot="80">D0N2</slot>
            <slot slot="81">D0N2</slot>
            <slot slot="82">D0N2</slot>
            <slot slot="83">D0N2</slot>
            <slot slot="84">D0N2</slot>
            <slot slot="85">D0N2</slot>
            <slot slot="86">D0N2</slot>
            <slot slot="87">D0N2</slot>
            <slot slot="88">D0N2</slot>
            <slot slot="89">D0N2</slot>
            <slot slot="90">D0N0</slot>
            <slot slot="91">D0N0</slot>
            <slot slot="92">D0N0</slot>
            <slot slot="93">D0N0</slot>
            <slot slot="94">D0N0</slot>
            <slot slot="95">D0N0</slot>
            <slot slot="96">D0N0</slot>
            <slot slot="97">D0N0</slot>
            <slot slot="98">D0N0</slot>
            <slot slot="99">D0N0</slot>
            <slot slot="100">D0N35</slot>
            <slot slot="101">D0N35</slot>
            <slot slot="102">D0N35</slot>
            <slot slot="103">D0N35</slot>
            <slot slot="104">D0N35</slot>
            <slot slot="105">D0N35</slot>
            <slot slot="106">D0N35</slot>
            <slot slot="107">D0N35</slot>
            <slot slot="108">D0N35</slot>
            <slot slot="109">D0N35</slot>
            <slot slot="110">D0N35</slot>
            <slot slot="111">D0N35</slot>
            <slot slot="112">D0N35</slot>
            <slot slot="113">D0N35</slot>
            <slot slot="114">D0N35</slot>
            <slot slot="115">D0N35</slot>
            <slot slot="116">D0N35</slot>
            <slot slot="117">D0N35</slot>
            <slot slot="118">D0N35</slot>
            <slot slot="119">D0N35</slot>
            <slot slot="120">D0N35</slot>
            <slot slot="121">D0N35</slot>
            <slot slot="122">D0N35</slot>
            <slot slot="123">D0N35</slot>
            <slot slot="124">D0N35</slot>
            <slot slot="125">D0N35</slot>
            <slot slot="126">D0N35</slot>
            <slot slot="127">D0N35</slot>
            <slot slot="128">D0N35</slot>
            <slot slot="129">D0N35</slot>
            <slot slot="130">D0N43</slot>
            <slot slot="131">D0N43</slot>
            <slot slot="132">D0N43</slot>
            <slot slot="133">D0N43</slot>
            <slot slot="134">D0N43</slot>
            <slot slot="135">D0N43</slot>
            <slot slot="136">D0N43</slot>
            <slot slot="137">D0N43</slot>
            <slot slot="138">D0N43</slot>
            <slot slot="139">D0N43</slot>
            <slot slot="140">D0N6</slot>
            <slot slot="141">D0N6</slot>
            <slot slot="142">D0N6</slot>
            <slot slot="143">D0N6</slot>
            <slot slot="144">D0N6</slot>
            <slot slot="145">D0N6</slot>
            <slot slot="146">D0N6</slot>
            <slot slot="147">D0N6</slot>
            <slot slot="148">D0N6</slot>
            <slot slot="149">D0N6</slot>
            <slot slot="150">D0N38</slot>
            <slot slot="151">D0N38</slot>
            <slot slot="152">D0N38</slot>
            <slot slot="153">D0N38</slot>
            <slot slot="154">D0N38</slot>
            <slot slot="155">D0N38</slot>
            <slot slot="156">D0N38</slot>
            <slot slot="157">D0N38</slot>
            <slot slot="158">D0N38</slot>
            <slot slot="159">D0N38</slot>
            <slot slot="160">D0N34</slot>
            <slot slot="161">D0N34</slot>
            <slot slot="162">D0N34</slot>
            <slot slot="163">D0N34</slot>
            <slot slot="164">D0N34</slot>
            <slot slot="165">D0N34</slot>
            <slot slot="166">D0N34</slot>
            <slot slot="167">D0N34</slot>
            <slot slot="168">D0N34</slot>
            <slot slot="169">D0N34</slot>
            <slot slot="170">D0N35</slot>
            <slot slot="171">D0N35</slot>
            <slot slot="172">D0N35</slot>
            <slot slot="173">D0N35</slot>
            <slot slot="174">D0N35</slot>
            <slot slot="175">D0N35</slot>
            <slot slot="176">D0N35</slot>
            <slot slot="177">D0N35</slot>
            <slot slot="178">D0N35</slot>
            <slot slot="179">D0N35</slot>
            <slot slot="180">D0N43</slot>
            <slot slot="181">D0N43</slot>
            <slot slot="182">D0N43</slot>
            <slot slot="183">D0N43</slot>
            <slot slot="184">D0N43</slot>
            <slot slot="185">D0N43</slot>
            <slot slot="186">D0N43</slot>
            <slot slot="187">D0N43</slot>
            <slot slot="188">D0N43</slot>
            <slot slot="189">D0N43</slot>
            <slot slot="190">D0N27</slot>
            <slot slot="191">D0N27</slot>
            <slot slot="192">D0N27</slot>
            <slot slot="193">D0N27</slot>
            <slot slot="194">D0N27</slot>
            <slot slot="195">D0N27</slot>
            <slot slot="196">D0N27</slot>
            <slot slot="197">D0N27</slot>
            <slot slot="198">D0N27</slot>
            <slot slot="199">D0N27</slot>
            <slot slot="200">D0N42</slot>
            <slot slot="201">D0N42</slot>
            <slot slot="202">D0N42</slot>
            <slot slot="203">D0N42</slot>
            <slot slot="204">D0N42</slot>
            <slot slot="205">D0N42</slot>
            <slot slot="206">D0N42</slot>
            <slot slot="207">D0N42</slot>
            <slot slot="208">D0N42</slot>
            <slot slot="209">D0N42</slot>
            <slot slot="210">D0N18</slot>
            <slot slot="211">D0N18</slot>
            <slot slot="212">D0N18</slot>
            <slot slot="213">D0N18</slot>
            <slot slot="214">D0N18</slot>
            <slot slot="215">D0N18</slot>
            <slot slot="216">D0N18</slot>
            <slot slot="217">D0N18</slot>
            <slot slot="218">D0N18</slot>
            <slot slot="219">D0N18</slot>
            <slot slot="220">D0N18</slot>
            <slot slot="221">D0N18</slot>
            <slot slot="222">D0N18</slot>
            <slot slot="223">D0N18</slot>
            <slot slot="224">D0N18</slot>
            <slot slot="225">D0N18</slot>
            <slot slot="226">D0N18</slot>
            <slot slot="227">D0N18</slot>
            <slot slot="228">D0N18</slot>
            <slot slot="229">D0N18</slot>
            <slot slot="230">D0N39</slot>
            <slot slot="231">D0N39</slot>
            <slot slot="232">D0N39</slot>
            <slot slot="233">D0N39</slot>
            <slot slot="234">D0N39</slot>
            <slot slot="235">D0N39</slot>
            <slot slot="236">D0N39</slot>
            <slot slot="237">D0N39</slot>
            <slot slot="238">D0N39</slot>
            <slot slot="239">D0N39</slot>
            <slot slot="240">D0N42</slot>
            <slot slot="241">D0N42</slot>
            <slot slot="242">D0N42</slot>
            <slot slot="243">D0N42</slot>
            <slot slot="244">D0N42</slot>
            <slot slot="245">D0N42</slot>
            <slot slot="246">D0N42</slot>
            <slot slot="247">D0N42</slot>
            <slot slot="248">D0N42</slot>
            <slot slot="249">D0N42</slot>
            <slot slot="250">D0N42</slot>
            <slot slot="251">D0N42</slot>
            <slot slot="252">D0N42</slot>
            <slot slot="253">D0N42</slot>
            <slot slot="254">D0N42</slot>
            <slot slot="255">D0N42</slot>
            <slot slot="256">D0N42</slot>
            <slot slot="257">D0N42</slot>
            <slot slot="258">D0N42</slot>
            <slot slot="259">D0N42</slot>
            <slot slot="260">D0N42</slot>
            <slot slot="261">D0N42</slot>
            <slot slot="262">D0N42</slot>
            <slot slot="263">D0N42</slot>
            <slot slot="264">D0N42</slot>
            <slot slot="265">D0N42</slot>
            <slot slot="266">D0N42</slot>
            <slot slot="267">D0N42</slot>
            <slot slot="268">D0N42</slot>
            <slot slot="269">D0N42</slot>
            <slot slot="270">D0N42</slot>
            <slot slot="271">D0N42</slot>
            <slot slot="272">D0N42</slot>
            <slot slot="273">D0N42</slot>
            <slot slot="274">D0N42</slot>
            <slot slot="275">D0N42</slot>
            <slot slot="276">D0N42</slot>
            <slot slot="277">D0N42</slot>
            <slot slot="278">D0N42</slot>
            <slot slot="279">D0N42</slot>
            <slot slot="280">D0N42</slot>
            <slot slot="281">D0N42</slot>
            <slot slot="282">D0N42</slot>
            <slot slot="283">D0N42</slot>
            <slot slot="284">D0N42</slot>
            <slot slot="285">D0N42</slot>
            <slot slot="286">D0N42</slot>
            <slot slot="287">D0N42</slot>
            <slot slot="288">D0N42</slot>
            <slot slot="289">D0N42</slot>
            <slot slot="290">D0N45</slot>
            <slot slot="291">D0N45</slot>
            <slot slot="292">D0N45</slot>
            <slot slot="293">D0N45</slot>
            <slot slot="294">D0N45</slot>
            <slot slot="295">D0N45</slot>
            <slot slot="296">D0N45</slot>
            <slot slot="297">D0N45</slot>
            <slot slot="298">D0N45</slot>
            <slot slot="299">D0N45</slot>
            <slot slot="300">D0N45</slot>
            <slot slot="301">D0N45</slot>
            <slot slot="302">D0N45</slot>
            <slot slot="303">D0N45</slot>
            <slot slot="304">D0N45</slot>
            <slot slot="305">D0N45</slot>
            <slot slot="306">D0N45</slot>
            <slot slot="307">D0N45</slot>
            <slot slot="308">D0N45</slot>
            <slot slot="309">D0N45</slot>
            <slot slot="310">D0N40</slot>
            <slot slot="311">D0N40</slot>
            <slot slot="312">D0N40</slot>
            <slot slot="313">D0N40</slot>
            <slot slot="314">D0N40</slot>
            <slot slot="315">D0N40</slot>
            <slot slot="316">D0N40</slot>
            <slot slot="317">D0N40</slot>
            <slot slot="318">D0N40</slot>
            <slot slot="319">D0N40</slot>
            <slot slot="320">D0N34</slot>
            <slot slot="321">D0N34</slot>
            <slot slot="322">D0N34</slot>
            <slot slot="323">D0N34</slot>
            <slot slot="324">D0N34</slot>
            <slot slot="325">D0N34</slot>
            <slot slot="326">D0N34</slot>
            <slot slot="327">D0N34</slot>
            <slot slot="328">D0N34</slot>
            <slot slot="329">D0N34</slot>
            <slot slot="330">D0N34</slot>
            <slot slot="331">D0N34</slot>
            <slot slot="332">D0N34</slot>
            <slot slot="333">D0N34</slot>
            <slot slot="334">D0N34</slot>
            <slot slot="335">D0N34</slot>
            <slot slot="336">D0N34</slot>
            <slot slot="337">D0N34</slot>
            <slot slot="338">D0N34</slot>
            <slot slot="339">D0N34</slot>
            <slot slot="340">D0N34</slot>
            <slot slot="341">D0N34</slot>
            <slot slot="342">D0N34</slot>
            <slot slot="343">D0N34</slot>
            <slot slot="344">D0N34</slot>
            <slot slot="345">D0N34</slot>
            <slot slot="346">D0N34</slot>
            <slot slot="347">D0N34</slot>
            <slot slot="348">D0N34</slot>
            <slot slot="349">D0N34</slot>
            <slot slot="350">-</slot>
            <slot slot="351">-</slot>
            <slot slot="352">-</slot>
            <slot slot="353">-</slot>
            <slot slot="354">-</slot>
            <slot slot="355">-</slot>
            <slot slot="356">-</slot>
            <slot slot="357">-</slot>
            <slot slot="358">-</slot>
            <slot slot="359">-</slot>
            <slot slot="360">-</slot>
            <slot slot="361">-</slot>
            <slot slot="362">-</slot>
            <slot slot="363">-</slot>
            <slot slot="364">-</slot>
            <slot slot="365">-</slot>
            <slot slot="366">-</slot>
            <slot slot="367">-</slot>
            <slot slot="368">-</slot>
            <slot slot="369">-</slot>
            <slot slot="370">-</slot>
            <slot slot="371">-</slot>
            <slot slot="372">-</slot>
            <slot slot="373">-</slot>
            <slot slot="374">-</slot>
            <slot slot="375">-</slot>
            <slot slot="376">-</slot>
            <slot slot="377">-</slot>
            <slot slot="378">-</slot>
            <slot slot="379">-</slot>
            <slot slot="380">-</slot>
            <slot slot="381">-</slot>
            <slot slot="382">-</slot>
            <slot slot="383">-</slot>
            <slot slot="384">-</slot>
            <slot slot="385">-</slot>
            <slot slot="386">-</slot>
            <slot slot="387">-</slot>
            <slot slot="388">-</slot>
            <slot slot="389">-</slot>
            <slot slot="390">-</slot>
            <slot slot="391">-</slot>
            <slot slot="392">-</slot>
            <slot slot="393">-</slot>
            <slot slot="394">-</slot>
            <slot slot="395">-</slot>
            <slot slot="396">-</slot>
            <slot slot="397">-</slot>
            <slot slot="398">-</slot>
            <slot slot="399">-</slot>
            <slot slot="400">-</slot>
            <slot slot="401">-</slot>
            <slot slot="402">-</slot>
            <slot slot="403">-</slot>
            <slot slot="404">-</slot>
            <slot slot="405">-</slot>
            <slot slot="406">-</slot>
            <slot slot="407">-</slot>
            <slot slot="408">-</slot>
            <slot slot="409">-</slot>
            <slot slot="410">-</slot>
            <slot slot="411">-</slot>
            <slot slot="412">-</slot>
            <slot slot="413">-</slot>
            <slot slot="414">-</slot>
            <slot slot="415">-</slot>
            <slot slot="416">-</slot>
            <slot slot="417">-</slot>
            <slot slot="418">-</slot>
            <slot slot="419">-</slot>
            <slot slot="420">-</slot>
            <slot slot="421">-</slot>
            <slot slot="422">-</slot>
            <slot slot="423">-</slot>
            <slot slot="424">-</slot>
            <slot slot="425">-</slot>
            <slot slot="426">-</slot>
            <slot slot="427">-</slot>
            <slot slot="428">-</slot>
            <slot slot="429">-</slot>
            <slot slot="430">-</slot>
            <slot slot="431">-</slot>
            <slot slot="432">-</slot>
            <slot slot="433">-</slot>
            <slot slot="434">-</slot>
            <slot slot="435">-</slot>
            <slot slot="436">-</slot>
            <slot slot="437">-</slot>
            <slot slot="438">-</slot>
            <slot slot="439">-</slot>
            <slot slot="440">-</slot>
            <slot slot="441">-</slot>
            <slot slot="442">-</slot>
            <slot slot="443">-</slot>
            <slot slot="444">-</slot>
            <slot slot="445">-</slot>
            <slot slot="446">-</slot>
            <slot slot="447">-</slot>
            <slot slot="448">-</slot>
            <slot slot="449">-</slot>
            <slot slot="450">-</slot>
            <slot slot="451">-</slot>
            <slot slot="452">-</slot>
            <slot slot="453">-</slot>
            <slot slot="454">-</slot>
            <slot slot="455">-</slot>
            <slot slot="456">-</slot>
            <slot slot="457">-</slot>
            <slot slot="458">-</slot>
            <slot slot="459">-</slot>
            <slot slot="460">-</slot>
            <slot slot="461">-</slot>
            <slot slot="462">-</slot>
            <slot slot="463">-</slot>
            <slot slot="464">-</slot>
            <slot slot="465">-</slot>
            <slot slot="466">-</slot>
            <slot slot="467">-</slot>
            <slot slot="468">-</slot>
            <slot slot="469">-</slot>
            <slot slot="470">-</slot>
            <slot slot="471">-</slot>
            <slot slot="472">-</slot>
            <slot slot="473">-</slot>
            <slot slot="474">-</slot>
            <slot slot="475">-</slot>
            <slot slot="476">-</slot>
            <slot slot="477">-</slot>
            <slot slot="478">-</slot>
            <slot slot="479">-</slot>
            <slot slot="480">-</slot>
            <slot slot="481">-</slot>
            <slot slot="482">-</slot>
            <slot slot="483">-</slot>
            <slot slot="484">-</slot>
            <slot slot="485">-</slot>
            <slot slot="486">-</slot>
            <slot slot="487">-</slot>
            <slot slot="488">-</slot>
            <slot slot="489">-</slot>
            <slot slot="490">-</slot>
            <slot slot="491">-</slot>
            <slot slot="492">-</slot>
            <slot slot="493">-</slot>
            <slot slot="494">-</slot>
            <slot slot="495">-</slot>
            <slot slot="496">-</slot>
            <slot slot="497">-</slot>
            <slot slot="498">-</slot>
            <slot slot="499">-</slot>
            <slot slot="500">-</slot>
            <slot slot="501">-</slot>
            <slot slot="502">-</slot>
            <slot slot="503">-</slot>
            <slot slot="504">-</slot>
            <slot slot="505">-</slot>
            <slot slot="506">-</slot>
            <slot slot="507">-</slot>
            <slot slot="508">-</slot>
            <slot slot="509">-</slot>
            <slot slot="510">-</slot>
            <slot slot="511">-</slot>
            <slot slot="512">-</slot>
            <slot slot="513">-</slot>
            <slot slot="514">-</slot>
            <slot slot="515">-</slot>
            <slot slot="516">-</slot>
            <slot slot="517">-</slot>
            <slot slot="518">-</slot>
            <slot slot="519">-</slot>
            <slot slot="520">-</slot>
            <slot slot="521">-</slot>
            <slot slot="522">-</slot>
            <slot slot="523">-</slot>
            <slot slot="524">-</slot>
            <slot slot="525">-</slot>
            <slot slot="526">-</slot>
            <slot slot="527">-</slot>
            <slot slot="528">-</slot>
            <slot slot="529">-</slot>
            <slot slot="530">-</slot>
            <slot slot="531">-</slot>
            <slot slot="532">-</slot>
            <slot slot="533">-</slot>
            <slot slot="534">-</slot>
            <slot slot="535">-</slot>
            <slot slot="536">-</slot>
            <slot slot="537">-</slot>
            <slot slot="538">-</slot>
            <slot slot="539">-</slot>
            <slot slot="540">-</slot>
            <slot slot="541">-</slot>
            <slot slot="542">-</slot>
            <slot slot="543">-</slot>
            <slot slot="544">-</slot>
            <slot slot="545">-</slot>
            <slot slot="546">-</slot>
            <slot slot="547">-</slot>
            <slot slot="548">-</slot>
            <slot slot="549">-</slot>
            <slot slot="550">-</slot>
            <slot slot="551">-</slot>
            <slot slot="552">-</slot>
            <slot slot="553">-</slot>
            <slot slot="554">-</slot>
            <slot slot="555">-</slot>
            <slot slot="556">-</slot>
            <slot slot="557">-</slot>
            <slot slot="558">-</slot>
            <slot slot="559">-</slot>
            <slot slot="560">-</slot>
            <slot slot="561">-</slot>
            <slot slot="562">-</slot>
            <slot slot="563">-</slot>
            <slot slot="564">-</slot>
            <slot slot="565">-</slot>
            <slot slot="566">-</slot>
            <slot slot="567">-</slot>
            <slot slot="568">-</slot>
            <slot slot="569">-</slot>
            <slot slot="570">-</slot>
            <slot slot="571">-</slot>
            <slot slot="572">-</slot>
            <slot slot="573">-</slot>
            <slot slot="574">-</slot>
            <slot slot="575">-</slot>
            <slot slot="576">-</slot>
            <slot slot="577">-</slot>
            <slot slot="578">-</slot>
            <slot slot="579">-</slot>
            <slot slot="580">-</slot>
            <slot slot="581">-</slot>
            <slot slot="582">-</slot>
            <slot slot="583">-</slot>
            <slot slot="584">-</slot>
            <slot slot="585">-</slot>
            <slot slot="586">-</slot>
            <slot slot="587">-</slot>
            <slot slot="588">-</slot>
            <slot slot="589">-</slot>
            <slot slot="590">-</slot>
            <slot slot="591">-</slot>
            <slot slot="592">-</slot>
            <slot slot="593">-</slot>
            <slot slot="594">-</slot>
            <slot slot="595">-</slot>
            <slot slot="596">-</slot>
            <slot slot="597">-</slot>
            <slot slot="598">-</slot>
            <slot slot="599">-</slot>
            <slot slot="600">-</slot>
            <slot slot="601">-</slot>
            <slot slot="602">-</slot>
            <slot slot="603">-</slot>
            <slot slot="604">-</slot>
            <slot slot="605">-</slot>
            <slot slot="606">-</slot>
            <slot slot="607">-</slot>
            <slot slot="608">-</slot>
            <slot slot="609">-</slot>
            <slot slot="610">-</slot>
            <slot slot="611">-</slot>
            <slot slot="612">-</slot>
            <slot slot="613">-</slot>
            <slot slot="614">-</slot>
            <slot slot="615">-</slot>
            <slot slot="616">-</slot>
            <slot slot="617">-</slot>
            <slot slot="618">-</slot>
            <slot slot="619">-</slot>
            <slot slot="620">-</slot>
            <slot slot="621">-</slot>
            <slot slot="622">-</slot>
            <slot slot="623">-</slot>
            <slot slot="624">-</slot>
            <slot slot="625">-</slot>
            <slot slot="626">-</slot>
            <slot slot="627">-</slot>
            <slot slot="628">-</slot>
            <slot slot="629">-</slot>
            <slot slot="630">-</slot>
            <slot slot="631">-</slot>
            <slot slot="632">-</slot>
            <slot slot="633">-</slot>
            <slot slot="634">-</slot>
            <slot slot="635">-</slot>
            <slot slot="636">-</slot>
            <slot slot="637">-</slot>
            <slot slot="638">-</slot>
            <slot slot="639">-</slot>
            <slot slot="640">-</slot>
            <slot slot="641">-</slot>
            <slot slot="642">-</slot>
            <slot slot="643">-</slot>
            <slot slot="644">-</slot>
            <slot slot="645">-</slot>
            <slot slot="646">-</slot>
            <slot slot="647">-</slot>
            <slot slot="648">-</slot>
            <slot slot="649">-</slot>
            <slot slot="650">-</slot>
            <slot slot="651">-</slot>
            <slot slot="652">-</slot>
            <slot slot="653">-</slot>
            <slot slot="654">-</slot>
            <slot slot="655">-</slot>
            <slot slot="656">-</slot>
            <slot slot="657">-</slot>
            <slot slot="658">-</slot>
            <slot slot="659">-</slot>
            <slot slot="660">-</slot>
            <slot slot="661">-</slot>
            <slot slot="662">-</slot>
            <slot slot="663">-</slot>
            <slot slot="664">-</slot>
            <slot slot="665">-</slot>
            <slot slot="666">-</slot>
            <slot slot="667">-</slot>
            <slot slot="668">-</slot>
            <slot slot="669">-</slot>
            <slot slot="670">-</slot>
            <slot slot="671">-</slot>
            <slot slot="672">-</slot>
            <slot slot="673">-</slot>
            <slot slot="674">-</slot>
            <slot slot="675">-</slot>
            <slot slot="676">-</slot>
            <slot slot="677">-</slot>
            <slot slot="678">-</slot>
            <slot slot="679">-</slot>
            <slot slot="680">-</slot>
            <slot slot="681">-</slot>
            <slot slot="682">-</slot>
            <slot slot="683">-</slot>
            <slot slot="684">-</slot>
            <slot slot="685">-</slot>
            <slot slot="686">-</slot>
            <slot slot="687">-</slot>
            <slot slot="688">-</slot>
            <slot slot="689">-</slot>
            <slot slot="690">-</slot>
            <slot slot="691">-</slot>
            <slot slot="692">-</slot>
            <slot slot="693">-</slot>
            <slot slot="694">-</slot>
            <slot slot="695">-</slot>
            <slot slot="696">-</slot>
            <slot slot="697">-</slot>
            <slot slot="698">-</slot>
            <slot slot="699">-</slot>
            <slot slot="700">-</slot>
            <slot slot="701">-</slot>
            <slot slot="702">-</slot>
            <slot slot="703">-</slot>
            <slot slot="704">-</slot>
            <slot slot="705">-</slot>
            <slot slot="706">-</slot>
            <slot slot="707">-</slot>
            <slot slot="708">-</slot>
            <slot slot="709">-</slot>
            <slot slot="710">-</slot>
            <slot slot="711">-</slot>
            <slot slot="712">-</slot>
            <slot slot="713">-</slot>
            <slot slot="714">-</slot>
            <slot slot="715">-</slot>
            <slot slot="716">-</slot>
            <slot slot="717">-</slot>
            <slot slot="718">-</slot>
            <slot slot="719">-</slot>
            <slot slot="720">-</slot>
            <slot slot="721">-</slot>
            <slot slot="722">-</slot>
            <slot slot="723">-</slot>
            <slot slot="724">-</slot>
            <slot slot="725">-</slot>
            <slot slot="726">-</slot>
            <slot slot="727">-</slot>
            <slot slot="728">-</slot>
            <slot slot="729">-</slot>
            <slot slot="730">-</slot>
            <slot slot="731">-</slot>
            <slot slot="732">-</slot>
            <slot slot="733">-</slot>
            <slot slot="734">-</slot>
            <slot slot="735">-</slot>
            <slot slot="736">-</slot>
            <slot slot="737">-</slot>
            <slot slot="738">-</slot>
            <slot slot="739">-</slot>
            <slot slot="740">-</slot>
            <slot slot="741">-</slot>
            <slot slot="742">-</slot>
            <slot slot="743">-</slot>
            <slot slot="744">-</slot>
            <slot slot="745">-</slot>
            <slot slot="746">-</slot>
            <slot slot="747">-</slot>
            <slot slot="748">-</slot>
            <slot slot="749">-</slot>
            <slot slot="750">-</slot>
            <slot slot="751">-</slot>
            <slot slot="752">-</slot>
            <slot slot="753">-</slot>
            <slot slot="754">-</slot>
            <slot slot="755">-</slot>
            <slot slot="756">-</slot>
            <slot slot="757">-</slot>
            <slot slot="758">-</slot>
            <slot slot="759">-</slot>
            <slot slot="760">-</slot>
            <slot slot="761">-</slot>
            <slot slot="762">-</slot>
            <slot slot="763">-</slot>
            <slot slot="764">-</slot>
            <slot slot="765">-</slot>
            <slot slot="766">-</slot>
            <slot slot="767">-</slot>
            <slot slot="768">-</slot>
            <slot slot="769">-</slot>
            <slot slot="770">-</slot>
            <slot slot="771">-</slot>
            <slot slot="772">-</slot>
            <slot slot="773">-</slot>
            <slot slot="774">-</slot>
            <slot slot="775">-</slot>
            <slot slot="776">-</slot>
            <slot slot="777">-</slot>
            <slot slot="778">-</slot>
            <slot slot="779">-</slot>
            <slot slot="780">-</slot>
            <slot slot="781">-</slot>
            <slot slot="782">-</slot>
            <slot slot="783">-</slot>
            <slot slot="784">-</slot>
            <slot slot="785">-</slot>
            <slot slot="786">-</slot>
            <slot slot="787">-</slot>
            <slot slot="788">-</slot>
            <slot slot="789">-</slot>
            <slot slot="790">-</slot>
            <slot slot="791">-</slot>
            <slot slot="792">-</slot>
            <slot slot="793">-</slot>
            <slot slot="794">-</slot>
            <slot slot="795">-</slot>
            <slot slot="796">-</slot>
            <slot slot="797">-</slot>
            <slot slot="798">-</slot>
            <slot slot="799">-</slot>
            <slot slot="800">-</slot>
            <slot slot="801">-</slot>
            <slot slot="802">-</slot>
            <slot slot="803">-</slot>
            <slot slot="804">-</slot>
            <slot slot="805">-</slot>
            <slot slot="806">-</slot>
            <slot slot="807">-</slot>
            <slot slot="808">-</slot>
            <slot slot="809">-</slot>
            <slot slot="810">-</slot>
            <slot slot="811">-</slot>
            <slot slot="812">-</slot>
            <slot slot="813">-</slot>
            <slot slot="814">-</slot>
            <slot slot="815">-</slot>
            <slot slot="816">-</slot>
            <slot slot="817">-</slot>
            <slot slot="818">-</slot>
            <slot slot="819">-</slot>
            <slot slot="820">-</slot>
            <slot slot="821">-</slot>
            <slot slot="822">-</slot>
            <slot slot="823">-</slot>
            <slot slot="824">-</slot>
            <slot slot="825">-</slot>
            <slot slot="826">-</slot>
            <slot slot="827">-</slot>
            <slot slot="828">-</slot>
            <slot slot="829">-</slot>
            <slot slot="830">-</slot>
            <slot slot="831">-</slot>
            <slot slot="832">-</slot>
            <slot slot="833">-</slot>
            <slot slot="834">-</slot>
            <slot slot="835">-</slot>
            <slot slot="836">-</slot>
            <slot slot="837">-</slot>
            <slot slot="838">-</slot>
            <slot slot="839">-</slot>
            <slot slot="840">-</slot>
            <slot slot="841">-</slot>
            <slot slot="842">-</slot>
            <slot slot="843">-</slot>
            <slot slot="844">-</slot>
            <slot slot="845">-</slot>
            <slot slot="846">-</slot>
            <slot slot="847">-</slot>
            <slot slot="848">-</slot>
            <slot slot="849">-</slot>
            <slot slot="850">-</slot>
            <slot slot="851">-</slot>
            <slot slot="852">-</slot>
            <slot slot="853">-</slot>
            <slot slot="854">-</slot>
            <slot slot="855">-</slot>
            <slot slot="856">-</slot>
            <slot slot="857">-</slot>
            <slot slot="858">-</slot>
            <slot slot="859">-</slot>
            <slot slot="860">-</slot>
            <slot slot="861">-</slot>
            <slot slot="862">-</slot>
            <slot slot="863">-</slot>
            <slot slot="864">-</slot>
            <slot slot="865">-</slot>
            <slot slot="866">-</slot>
            <slot slot="867">-</slot>
            <slot slot="868">-</slot>
            <slot slot="869">-</slot>
            <slot slot="870">-</slot>
            <slot slot="871">-</slot>
            <slot slot="872">-</slot>
            <slot slot="873">-</slot>
            <slot slot="874">-</slot>
            <slot slot="875">-</slot>
            <slot slot="876">-</slot>
            <slot slot="877">-</slot>
            <slot slot="878">-</slot>
            <slot slot="879">-</slot>
            <slot slot="880">-</slot>
            <slot slot="881">-</slot>
            <slot slot="882">-</slot>
            <slot slot="883">-</slot>
            <slot slot="884">-</slot>
            <slot slot="885">-</slot>
            <slot slot="886">-</slot>
            <slot slot="887">-</slot>
            <slot slot="888">-</slot>
            <slot slot="889">-</slot>
            <slot slot="890">-</slot>
            <slot slot="891">-</slot>
            <slot slot="892">-</slot>
            <slot slot="893">-</slot>
            <slot slot="894">-</slot>
            <slot slot="895">-</slot>
            <slot slot="896">-</slot>
            <slot slot="897">-</slot>
            <slot slot="898">-</slot>
            <slot slot="899">-</slot>
            <slot slot="900">-</slot>
            <slot slot="901">-</slot>
            <slot slot="902">-</slot>
            <slot slot="903">-</slot>
            <slot slot="904">-</slot>
            <slot slot="905">-</slot>
            <slot slot="906">-</slot>
            <slot slot="907">-</slot>
            <slot slot="908">-</slot>
            <slot slot="909">-</slot>
            <slot slot="910">-</slot>
            <slot slot="911">-</slot>
            <slot slot="912">-</slot>
            <slot slot="913">-</slot>
            <slot slot="914">-</slot>
            <slot slot="915">-</slot>
            <slot slot="916">-</slot>
            <slot slot="917">-</slot>
            <slot slot="918">-</slot>
            <slot slot="919">-</slot>
            <slot slot="920">-</slot>
            <slot slot="921">-</slot>
            <slot slot="922">-</slot>
            <slot slot="923">-</slot>
            <slot slot="924">-</slot>
            <slot slot="925">-</slot>
            <slot slot="926">-</slot>
            <slot slot="927">-</slot>
            <slot slot="928">-</slot>
            <slot slot="929">-</slot>
            <slot slot="930">-</slot>
            <slot slot="931">-</slot>
            <slot slot="932">-</slot>
            <slot slot="933">-</slot>
            <slot slot="934">-</slot>
            <slot slot="935">-</slot>
            <slot slot="936">-</slot>
            <slot slot="937">-</slot>
            <slot slot="938">-</slot>
            <slot slot="939">-</slot>
            <slot slot="940">-</slot>
            <slot slot="941">-</slot>
            <slot slot="942">-</slot>
            <slot slot="943">-</slot>
            <slot slot="944">-</slot>
            <slot slot="945">-</slot>
            <slot slot="946">-</slot>
            <slot slot="947">-</slot>
            <slot slot="948">-</slot>
            <slot slot="949">-</slot>
            <slot slot="950">-</slot>
            <slot slot="951">-</slot>
            <slot slot="952">-</slot>
            <slot slot="953">-</slot>
            <slot slot="954">-</slot>
            <slot slot="955">-</slot>
            <slot slot="956">-</slot>
            <slot slot="957">-</slot>
            <slot slot="958">-</slot>
            <slot slot="959">-</slot>
            <slot slot="960">-</slot>
            <slot slot="961">-</slot>
            <slot slot="962">-</slot>
            <slot slot="963">-</slot>
            <slot slot="964">-</slot>
            <slot slot="965">-</slot>
            <slot slot="966">-</slot>
            <slot slot="967">-</slot>
            <slot slot="968">-</slot>
            <slot slot="969">-</slot>
            <slot slot="970">-</slot>
            <slot slot="971">-</slot>
            <slot slot="972">-</slot>
            <slot slot="973">-</slot>
            <slot slot="974">-</slot>
            <slot slot="975">-</slot>
            <slot slot="976">-</slot>
            <slot slot="977">-</slot>
            <slot slot="978">-</slot>
            <slot slot="979">-</slot>
            <slot slot="980">-</slot>
            <slot slot="981">-</slot>
            <slot slot="982">-</slot>
            <slot slot="983">-</slot>
            <slot slot="984">-</slot>
            <slot slot="985">-</slot>
            <slot slot="986">-</slot>
            <slot slot="987">-</slot>
            <slot slot="988">-</slot>
            <slot slot="989">-</slot>
            <slot slot="990">-</slot>
            <slot slot="991">-</slot>
            <slot slot="992">-</slot>
            <slot slot="993">-</slot>
            <slot slot="994">-</slot>
            <slot slot="995">-</slot>
            <slot slot="996">-</slot>
            <slot slot="997">-</slot>
            <slot slot="998">-</slot>
            <slot slot="999">-</slot>
            <slot slot="1000">-</slot>
            <slot slot="1001">-</slot>
            <slot slot="1002">-</slot>
            <slot slot="1003">-</slot>
            <slot slot="1004">-</slot>
            <slot slot="1005">-</slot>
            <slot slot="1006">-</slot>
            <slot slot="1007">-</slot>
            <slot slot="1008">-</slot>
            <slot slot="1009">-</slot>
            <slot slot="1010">-</slot>
            <slot slot="1011">-</slot>
            <slot slot="1012">-</slot>
            <slot slot="1013">-</slot>
            <slot slot="1014">-</slot>
            <slot slot="1015">-</slot>
            <slot slot="1016">-</slot>
            <slot slot="1017">-</slot>
            <slot slot="1018">-</slot>
            <slot slot="1019">-</slot>
            <slot slot="1020">-</slot>
            <slot slot="1021">-</slot>
            <slot slot="1022">-</slot>
            <slot slot="1023">-</slot>
            <slot slot="1024">-</slot>
            <slot slot="1025">-</slot>
            <slot slot="1026">-</slot>
            <slot slot="1027">-</slot>
            <slot slot="1028">-</slot>
            <slot slot="1029">-</slot>
            <slot slot="1030">-</slot>
            <slot slot="1031">-</slot>
            <slot slot="1032">-</slot>
            <slot slot="1033">-</slot>
            <slot slot="1034">-</slot>
            <slot slot="1035">-</slot>
            <slot slot="1036">-</slot>
            <slot slot="1037">-</slot>
            <slot slot="1038">-</slot>
            <slot slot="1039">-</slot>
            <slot slot="1040">-</slot>
            <slot slot="1041">-</slot>
            <slot slot="1042">-</slot>
            <slot slot="1043">-</slot>
            <slot slot="1044">-</slot>
            <slot slot="1045">-</slot>
            <slot slot="1046">-</slot>
            <slot slot="1047">-</slot>
            <slot slot="1048">-</slot>
            <slot slot="1049">-</slot>
            <slot slot="1050">-</slot>
            <slot slot="1051">-</slot>
            <slot slot="1052">-</slot>
            <slot slot="1053">-</slot>
            <slot slot="1054">-</slot>
            <slot slot="1055">-</slot>
            <slot slot="1056">-</slot>
            <slot slot="1057">-</slot>
            <slot slot="1058">-</slot>
            <slot slot="1059">-</slot>
            <slot slot="1060">-</slot>
            <slot slot="1061">-</slot>
            <slot slot="1062">-</slot>
            <slot slot="1063">-</slot>
            <slot slot="1064">-</slot>
            <slot slot="1065">-</slot>
            <slot slot="1066">-</slot>
            <slot slot="1067">-</slot>
            <slot slot="1068">-</slot>
            <slot slot="1069">-</slot>
            <slot slot="1070">-</slot>
            <slot slot="1071">-</slot>
            <slot slot="1072">-</slot>
            <slot slot="1073">-</slot>
            <slot slot="1074">-</slot>
            <slot slot="1075">-</slot>
            <slot slot="1076">-</slot>
            <slot slot="1077">-</slot>
            <slot slot="1078">-</slot>
            <slot slot="1079">-</slot>
            <slot slot="1080">-</slot>
            <slot slot="1081">-</slot>
            <slot slot="1082">-</slot>
            <slot slot="1083">-</slot>
            <slot slot="1084">-</slot>
            <slot slot="1085">-</slot>
            <slot slot="1086">-</slot>
            <slot slot="1087">-</slot>
            <slot slot="1088">-</slot>
            <slot slot="1089">-</slot>
            <slot slot="1090">-</slot>
            <slot slot="1091">-</slot>
            <slot slot="1092">-</slot>
            <slot slot="1093">-</slot>
            <slot slot="1094">-</slot>
            <slot slot="1095">-</slot>
            <slot slot="1096">-</slot>
            <slot slot="1097">-</slot>
            <slot slot="1098">-</slot>
            <slot slot="1099">-</slot>
            <slot slot="1100">-</slot>
            <slot slot="1101">-</slot>
            <slot slot="1102">-</slot>
            <slot slot="1103">-</slot>
            <slot slot="1104">-</slot>
            <slot slot="1105">-</slot>
            <slot slot="1106">-</slot>
            <slot slot="1107">-</slot>
            <slot slot="1108">-</slot>
            <slot slot="1109">-</slot>
            <slot slot="1110">-</slot>
            <slot slot="1111">-</slot>
            <slot slot="1112">-</slot>
            <slot slot="1113">-</slot>
            <slot slot="1114">-</slot>
            <slot slot="1115">-</slot>
            <slot slot="1116">-</slot>
            <slot slot="1117">-</slot>
            <slot slot="1118">-</slot>
            <slot slot="1119">-</slot>
            <slot slot="1120">-</slot>
            <slot slot="1121">-</slot>
            <slot slot="1122">-</slot>
            <slot slot="1123">-</slot>
            <slot slot="1124">-</slot>
            <slot slot="1125">-</slot>
            <slot slot="1126">-</slot>
            <slot slot="1127">-</slot>
            <slot slot="1128">-</slot>
            <slot slot="1129">-</slot>
            <slot slot="1130">-</slot>
            <slot slot="1131">-</slot>
            <slot slot="1132">-</slot>
            <slot slot="1133">-</slot>
            <slot slot="1134">-</slot>
            <slot slot="1135">-</slot>
            <slot slot="1136">-</slot>
            <slot slot="1137">-</slot>
            <slot slot="1138">-</slot>
            <slot slot="1139">-</slot>
            <slot slot="1140">-</slot>
            <slot slot="1141">-</slot>
            <slot slot="1142">-</slot>
            <slot slot="1143">-</slot>
            <slot slot="1144">-</slot>
            <slot slot="1145">-</slot>
            <slot slot="1146">-</slot>
            <slot slot="1147">-</slot>
            <slot slot="1148">-</slot>
            <slot slot="1149">-</slot>
            <slot slot="1150">-</slot>
            <slot slot="1151">-</slot>
            <slot slot="1152">-</slot>
            <slot slot="1153">-</slot>
            <slot slot="1154">-</slot>
            <slot slot="1155">-</slot>
            <slot slot="1156">-</slot>
            <slot slot="1157">-</slot>
            <slot slot="1158">-</slot>
            <slot slot="1159">-</slot>
            <slot slot="1160">-</slot>
            <slot slot="1161">-</slot>
            <slot slot="1162">-</slot>
            <slot slot="1163">-</slot>
            <slot slot="1164">-</slot>
            <slot slot="1165">-</slot>
            <slot slot="1166">-</slot>
            <slot slot="1167">-</slot>
            <slot slot="1168">-</slot>
            <slot slot="1169">-</slot>
            <slot slot="1170">-</slot>
            <slot slot="1171">-</slot>
            <slot slot="1172">-</slot>
            <slot slot="1173">-</slot>
            <slot slot="1174">-</slot>
            <slot slot="1175">-</slot>
            <slot slot="1176">-</slot>
            <slot slot="1177">-</slot>
            <slot slot="1178">-</slot>
            <slot slot="1179">-</slot>
            <slot slot="1180">-</slot>
            <slot slot="1181">-</slot>
            <slot slot="1182">-</slot>
            <slot slot="1183">-</slot>
            <slot slot="1184">-</slot>
            <slot slot="1185">-</slot>
            <slot slot="1186">-</slot>
            <slot slot="1187">-</slot>
            <slot slot="1188">-</slot>
            <slot slot="1189">-</slot>
            <slot slot="1190">-</slot>
            <slot slot="1191">-</slot>
            <slot slot="1192">-</slot>
            <slot slot="1193">-</slot>
            <slot slot="1194">-</slot>
            <slot slot="1195">-</slot>
            <slot slot="1196">-</slot>
            <slot slot="1197">-</slot>
            <slot slot="1198">-</slot>
            <slot slot="1199">-</slot>
        </core>
    </Mode-0>
    <Mode-1>
        <core number="0">
            <slot slot="0">-</slot>
            <slot slot="1">-</slot>
            <slot slot="2">-</slot>
            <slot slot="3">-</slot>
            <slot slot="4">-</slot>
            <slot slot="5">-</slot>
            <slot slot="6">-</slot>
            <slot slot="7">-</slot>
            <slot slot="8">-</slot>
            <slot slot="9">-</slot>
            <slot slot="10">-</slot>
            <slot slot="11">-</slot>
            <slot slot="12">-</slot>
            <slot slot="13">-</slot>
            <slot slot="14">-</slot>
            <slot slot="15">-</slot>
            <slot slot="16">-</slot>
            <slot slot="17">-</slot>
            <slot slot="18">-</slot>
            <slot slot="19">-</slot>
            <slot slot="20">-</slot>
            <slot slot="21">-</slot>
            <slot slot="22">-</slot>
            <slot slot="23">-</slot>
            <slot slot="24">-</slot>
            <slot slot="25">-</slot>
            <slot slot="26">-</slot>
            <slot slot="27">-</slot>
            <slot slot="28">-</slot>
            <slot slot="29">-</slot>
            <slot slot="30">-</slot>
            <slot slot="31">-</slot>
            <slot slot="32">-</slot>
            <slot slot="33">-</slot>
            <slot slot="34">-</slot>
            <slot slot="35">-</slot>
            <slot slot="36">-</slot>
            <slot slot="37">-</slot>
            <slot slot="38">-</slot>
            <slot slot="39">-</slot>
            <slot slot="40">-</slot>
            <slot slot="41">-</slot>
            <slot slot="42">-</slot>
            <slot slot="43">-</slot>
            <slot slot="44">-</slot>
            <slot slot="45">-</slot>
            <slot slot="46">-</slot>
            <slot slot="47">-</slot>
            <slot slot="48">-</slot>
            <slot slot="49">-</slot>
            <slot slot="50">-</slot>
            <slot slot="51">-</slot>
            <slot slot="52">-</slot>
            <slot slot="53">-</slot>
            <slot slot="54">-</slot>
            <slot slot="55">-</slot>
            <slot slot="56">-</slot>
            <slot slot="57">-</slot>
            <slot slot="58">-</slot>
            <slot slot="59">-</slot>
            <slot slot="60">-</slot>
            <slot slot="61">-</slot>
            <slot slot="62">-</slot>
            <slot slot="63">-</slot>
            <slot slot="64">-</slot>
            <slot slot="65">-</slot>
            <slot slot="66">-</slot>
            <slot slot="67">-</slot>
            <slot slot="68">-</slot>
            <slot slot="69">-</slot>
            <slot slot="70">-</slot>
            <slot slot="71">-</slot>
            <slot slot="72">-</slot>
            <slot slot="73">-</slot>
            <slot slot="74">-</slot>
            <slot slot="75">-</slot>
            <slot slot="76">-</slot>
            <slot slot="77">-</slot>
            <slot slot="78">-</slot>
            <slot slot="79">-</slot>
            <slot slot="80">-</slot>
            <slot slot="81">-</slot>
            <slot slot="82">-</slot>
            <slot slot="83">-</slot>
            <slot slot="84">-</slot>
            <slot slot="85">-</slot>
            <slot slot="86">-</slot>
            <slot slot="87">-</slot>
            <slot slot="88">-</slot>
            <slot slot="89">-</slot>
            <slot slot="90">-</slot>
            <slot slot="91">-</slot>
            <slot slot="92">-</slot>
            <slot slot="93">-</slot>
            <slot slot="94">-</slot>
            <slot slot="95">-</slot>
            <slot slot="96">-</slot>
            <slot slot="97">-</slot>
            <slot slot="98">-</slot>
            <slot slot="99">-</slot>
            <slot slot="100">-</slot>
            <slot slot="101">-</slot>
            <slot slot="102">-</slot>
            <slot slot="103">-</slot>
            <slot slot="104">-</slot>
            <slot slot="105">-</slot>
            <slot slot="106">-</slot>
            <slot slot="107">-</slot>
            <slot slot="108">-</slot>
            <slot slot="109">-</slot>
            <slot slot="110">-</slot>
            <slot slot="111">-</slot>
            <slot slot="112">-</slot>
            <slot slot="113">-</slot>
            <slot slot="114">-</slot>
            <slot slot="115">-</slot>
            <slot slot="116">-</slot>
            <slot slot="117">-</slot>
            <slot slot="118">-</slot>
            <slot slot="119">-</slot>
            <slot slot="120">-</slot>
            <slot slot="121">-</slot>
            <slot slot="122">-</slot>
            <slot slot="123">-</slot>
            <slot slot="124">-</slot>
            <slot slot="125">-</slot>
            <slot slot="126">-</slot>
            <slot slot="127">-</slot>
            <slot slot="128">-</slot>
            <slot slot="129">-</slot>
            <slot slot="130">-</slot>
            <slot slot="131">-</slot>
            <slot slot="132">-</slot>
            <slot slot="133">-</slot>
            <slot slot="134">-</slot>
            <slot slot="135">-</slot>
            <slot slot="136">-</slot>
            <slot slot="137">-</slot>
            <slot slot="138">-</slot>
            <slot slot="139">-</slot>
            <slot slot="140">-</slot>
            <slot slot="141">-</slot>
            <slot slot="142">-</slot>
            <slot slot="143">-</slot>
            <slot slot="144">-</slot>
            <slot slot="145">-</slot>
            <slot slot="146">-</slot>
            <slot slot="147">-</slot>
            <slot slot="148">-</slot>
            <slot slot="149">-</slot>
            <slot slot="150">-</slot>
            <slot slot="151">-</slot>
            <slot slot="152">-</slot>
            <slot slot="153">-</slot>
            <slot slot="154">-</slot>
            <slot slot="155">-</slot>
            <slot slot="156">-</slot>
            <slot slot="157">-</slot>
            <slot slot="158">-</slot>
            <slot slot="159">-</slot>
            <slot slot="160">-</slot>
            <slot slot="161">-</slot>
            <slot slot="162">-</slot>
            <slot slot="163">-</slot>
            <slot slot="164">-</slot>
            <slot slot="165">-</slot>
            <slot slot="166">-</slot>
            <slot slot="167">-</slot>
            <slot slot="168">-</slot>
            <slot slot="169">-</slot>
            <slot slot="170">-</slot>
            <slot slot="171">-</slot>
            <slot slot="172">-</slot>
            <slot slot="173">-</slot>
            <slot slot="174">-</slot>
            <slot slot="175">-</slot>
            <slot slot="176">-</slot>
            <slot slot="177">-</slot>
            <slot slot="178">-</slot>
            <slot slot="179">-</slot>
            <slot slot="180">-</slot>
            <slot slot="181">-</slot>
            <slot slot="182">-</slot>
            <slot slot="183">-</slot>
            <slot slot="184">-</slot>
            <slot slot="185">-</slot>
            <slot slot="186">-</slot>
            <slot slot="187">-</slot>
            <slot slot="188">-</slot>
            <slot slot="189">-</slot>
            <slot slot="190">-</slot>
            <slot slot="191">-</slot>
            <slot slot="192">-</slot>
            <slot slot="193">-</slot>
            <slot slot="194">-</slot>
            <slot slot="195">-</slot>
            <slot slot="196">-</slot>
            <slot slot="197">-</slot>
            <slot slot="198">-</slot>
            <slot slot="199">-</slot>
            <slot slot="200">-</slot>
            <slot slot="201">-</slot>
            <slot slot="202">-</slot>
            <slot slot="203">-</slot>
            <slot slot="204">-</slot>
            <slot slot="205">-</slot>
            <slot slot="206">-</slot>
            <slot slot="207">-</slot>
            <slot slot="208">-</slot>
            <slot slot="209">-</slot>
            <slot slot="210">-</slot>
            <slot slot="211">-</slot>
            <slot slot="212">-</slot>
            <slot slot="213">-</slot>
            <slot slot="214">-</slot>
            <slot slot="215">-</slot>
            <slot slot="216">-</slot>
            <slot slot="217">-</slot>
            <slot slot="218">-</slot>
            <slot slot="219">-</slot>
            <slot slot="220">-</slot>
            <slot slot="221">-</slot>
            <slot slot="222">-</slot>
            <slot slot="223">-</slot>
            <slot slot="224">-</slot>
            <slot slot="225">-</slot>
            <slot slot="226">-</slot>
            <slot slot="227">-</slot>
            <slot slot="228">-</slot>
            <slot slot="229">-</slot>
            <slot slot="230">-</slot>
            <slot slot="231">-</slot>
            <slot slot="232">-</slot>
            <slot slot="233">-</slot>
            <slot slot="234">-</slot>
            <slot slot="235">-</slot>
            <slot slot="236">-</slot>
            <slot slot="237">-</slot>
            <slot slot="238">-</slot>
            <slot slot="239">-</slot>
            <slot slot="240">-</slot>
            <slot slot="241">-</slot>
            <slot slot="242">-</slot>
            <slot slot="243">-</slot>
            <slot slot="244">-</slot>
            <slot slot="245">-</slot>
            <slot slot="246">-</slot>
            <slot slot="247">-</slot>
            <slot slot="248">-</slot>
            <slot slot="249">-</slot>
            <slot slot="250">-</slot>
            <slot slot="251">-</slot>
            <slot slot="252">-</slot>
            <slot slot="253">-</slot>
            <slot slot="254">-</slot>
            <slot slot="255">-</slot>
            <slot slot="256">-</slot>
            <slot slot="257">-</slot>
            <slot slot="258">-</slot>
            <slot slot="259">-</slot>
            <slot slot="260">-</slot>
            <slot slot="261">-</slot>
            <slot slot="262">-</slot>
            <slot slot="263">-</slot>
            <slot slot="264">-</slot>
            <slot slot="265">-</slot>
            <slot slot="266">-</slot>
            <slot slot="267">-</slot>
            <slot slot="268">-</slot>
            <slot slot="269">-</slot>
            <slot slot="270">-</slot>
            <slot slot="271">-</slot>
            <slot slot="272">-</slot>
            <slot slot="273">-</slot>
            <slot slot="274">-</slot>
            <slot slot="275">-</slot>
            <slot slot="276">-</slot>
            <slot slot="277">-</slot>
            <slot slot="278">-</slot>
            <slot slot="279">-</slot>
            <slot slot="280">-</slot>
            <slot slot="281">-</slot>
            <slot slot="282">-</slot>
            <slot slot="283">-</slot>
            <slot slot="284">-</slot>
            <slot slot="285">-</slot>
            <slot slot="286">-</slot>
            <slot slot="287">-</slot>
            <slot slot="288">-</slot>
            <slot slot="289">-</slot>
            <slot slot="290">-</slot>
            <slot slot="291">-</slot>
            <slot slot="292">-</slot>
            <slot slot="293">-</slot>
            <slot slot="294">-</slot>
            <slot slot="295">-</slot>
            <slot slot="296">-</slot>
            <slot slot="297">-</slot>
            <slot slot="298">-</slot>
            <slot slot="299">-</slot>
            <slot slot="300">-</slot>
            <slot slot="301">-</slot>
            <slot slot="302">-</slot>
            <slot slot="303">-</slot>
            <slot slot="304">-</slot>
            <slot slot="305">-</slot>
            <slot slot="306">-</slot>
            <slot slot="307">-</slot>
            <slot slot="308">-</slot>
            <slot slot="309">-</slot>
            <slot slot="310">-</slot>
            <slot slot="311">-</slot>
            <slot slot="312">-</slot>
            <slot slot="313">-</slot>
            <slot slot="314">-</slot>
            <slot slot="315">-</slot>
            <slot slot="316">-</slot>
            <slot slot="317">-</slot>
            <slot slot="318">-</slot>
            <slot slot="319">-</slot>
            <slot slot="320">-</slot>
            <slot slot="321">-</slot>
            <slot slot="322">-</slot>
            <slot slot="323">-</slot>
            <slot slot="324">-</slot>
            <slot slot="325">-</slot>
            <slot slot="326">-</slot>
            <slot slot="327">-</slot>
            <slot slot="328">-</slot>
            <slot slot="329">-</slot>
            <slot slot="330">-</slot>
            <slot slot="331">-</slot>
            <slot slot="332">-</slot>
            <slot slot="333">-</slot>
            <slot slot="334">-</slot>
            <slot slot="335">-</slot>
            <slot slot="336">-</slot>
            <slot slot="337">-</slot>
            <slot slot="338">-</slot>
            <slot slot="339">-</slot>
            <slot slot="340">-</slot>
            <slot slot="341">-</slot>
            <slot slot="342">-</slot>
            <slot slot="343">-</slot>
            <slot slot="344">-</slot>
            <slot slot="345">-</slot>
            <slot slot="346">-</slot>
            <slot slot="347">-</slot>
            <slot slot="348">-</slot>
            <slot slot="349">-</slot>
            <slot slot="350">-</slot>
            <slot slot="351">-</slot>
            <slot slot="352">-</slot>
            <slot slot="353">-</slot>
            <slot slot="354">-</slot>
            <slot slot="355">-</slot>
            <slot slot="356">-</slot>
            <slot slot="357">-</slot>
            <slot slot="358">-</slot>
            <slot slot="359">-</slot>
            <slot slot="360">-</slot>
            <slot slot="361">-</slot>
            <slot slot="362">-</slot>
            <slot slot="363">-</slot>
            <slot slot="364">-</slot>
            <slot slot="365">-</slot>
            <slot slot="366">-</slot>
            <slot slot="367">-</slot>
            <slot slot="368">-</slot>
            <slot slot="369">-</slot>
            <slot slot="370">-</slot>
            <slot slot="371">-</slot>
            <slot slot="372">-</slot>
            <slot slot="373">-</slot>
            <slot slot="374">-</slot>
            <slot slot="375">-</slot>
            <slot slot="376">-</slot>
            <slot slot="377">-</slot>
            <slot slot="378">-</slot>
            <slot slot="379">-</slot>
            <slot slot="380">-</slot>
            <slot slot="381">-</slot>
            <slot slot="382">-</slot>
            <slot slot="383">-</slot>
            <slot slot="384">-</slot>
            <slot slot="385">-</slot>
            <slot slot="386">-</slot>
            <slot slot="387">-</slot>
            <slot slot="388">-</slot>
            <slot slot="389">-</slot>
            <slot slot="390">-</slot>
            <slot slot="391">-</slot>
            <slot slot="392">-</slot>
            <slot slot="393">-</slot>
            <slot slot="394">-</slot>
            <slot slot="395">-</slot>
            <slot slot="396">-</slot>
            <slot slot="397">-</slot>
            <slot slot="398">-</slot>
            <slot slot="399">-</slot>
            <slot slot="400">-</slot>
            <slot slot="401">-</slot>
            <slot slot="402">-</slot>
            <slot slot="403">-</slot>
            <slot slot="404">-</slot>
            <slot slot="405">-</slot>
            <slot slot="406">-</slot>
            <slot slot="407">-</slot>
            <slot slot="408">-</slot>
            <slot slot="409">-</slot>
            <slot slot="410">-</slot>
            <slot slot="411">-</slot>
            <slot slot="412">-</slot>
            <slot slot="413">-</slot>
            <slot slot="414">-</slot>
            <slot slot="415">-</slot>
            <slot slot="416">-</slot>
            <slot slot="417">-</slot>
            <slot slot="418">-</slot>
            <slot slot="419">-</slot>
            <slot slot="420">-</slot>
            <slot slot="421">-</slot>
            <slot slot="422">-</slot>
            <slot slot="423">-</slot>
            <slot slot="424">-</slot>
            <slot slot="425">-</slot>
            <slot slot="426">-</slot>
            <slot slot="427">-</slot>
            <slot slot="428">-</slot>
            <slot slot="429">-</slot>
            <slot slot="430">-</slot>
            <slot slot="431">-</slot>
            <slot slot="432">-</slot>
            <slot slot="433">-</slot>
            <slot slot="434">-</slot>
            <slot slot="435">-</slot>
            <slot slot="436">-</slot>
            <slot slot="437">-</slot>
            <slot slot="438">-</slot>
            <slot slot="439">-</slot>
            <slot slot="440">-</slot>
            <slot slot="441">-</slot>
            <slot slot="442">-</slot>
            <slot slot="443">-</slot>
            <slot slot="444">-</slot>
            <slot slot="445">-</slot>
            <slot slot="446">-</slot>
            <slot slot="447">-</slot>
            <slot slot="448">-</slot>
            <slot slot="449">-</slot>
            <slot slot="450">-</slot>
            <slot slot="451">-</slot>
            <slot slot="452">-</slot>
            <slot slot="453">-</slot>
            <slot slot="454">-</slot>
            <slot slot="455">-</slot>
            <slot slot="456">-</slot>
            <slot slot="457">-</slot>
            <slot slot="458">-</slot>
            <slot slot="459">-</slot>
            <slot slot="460">-</slot>
            <slot slot="461">-</slot>
            <slot slot="462">-</slot>
            <slot slot="463">-</slot>
            <slot slot="464">-</slot>
            <slot slot="465">-</slot>
            <slot slot="466">-</slot>
            <slot slot="467">-</slot>
            <slot slot="468">-</slot>
            <slot slot="469">-</slot>
            <slot slot="470">-</slot>
            <slot slot="471">-</slot>
            <slot slot="472">-</slot>
            <slot slot="473">-</slot>
            <slot slot="474">-</slot>
            <slot slot="475">-</slot>
            <slot slot="476">-</slot>
            <slot slot="477">-</slot>
            <slot slot="478">-</slot>
            <slot slot="479">-</slot>
            <slot slot="480">-</slot>
            <slot slot="481">-</slot>
            <slot slot="482">-</slot>
            <slot slot="483">-</slot>
            <slot slot="484">-</slot>
            <slot slot="485">-</slot>
            <slot slot="486">-</slot>
            <slot slot="487">-</slot>
            <slot slot="488">-</slot>
            <slot slot="489">-</slot>
            <slot slot="490">-</slot>
            <slot slot="491">-</slot>
            <slot slot="492">-</slot>
            <slot slot="493">-</slot>
            <slot slot="494">-</slot>
            <slot slot="495">-</slot>
            <slot slot="496">-</slot>
            <slot slot="497">-</slot>
            <slot slot="498">-</slot>
            <slot slot="499">-</slot>
            <slot slot="500">-</slot>
            <slot slot="501">-</slot>
            <slot slot="502">-</slot>
            <slot slot="503">-</slot>
            <slot slot="504">-</slot>
            <slot slot="505">-</slot>
            <slot slot="506">-</slot>
            <slot slot="507">-</slot>
            <slot slot="508">-</slot>
            <slot slot="509">-</slot>
            <slot slot="510">-</slot>
            <slot slot="511">-</slot>
            <slot slot="512">-</slot>
            <slot slot="513">-</slot>
            <slot slot="514">-</slot>
            <slot slot="515">-</slot>
            <slot slot="516">-</slot>
            <slot slot="517">-</slot>
            <slot slot="518">-</slot>
            <slot slot="519">-</slot>
            <slot slot="520">-</slot>
            <slot slot="521">-</slot>
            <slot slot="522">-</slot>
            <slot slot="523">-</slot>
            <slot slot="524">-</slot>
            <slot slot="525">-</slot>
            <slot slot="526">-</slot>
            <slot slot="527">-</slot>
            <slot slot="528">-</slot>
            <slot slot="529">-</slot>
            <slot slot="530">-</slot>
            <slot slot="531">-</slot>
            <slot slot="532">-</slot>
            <slot slot="533">-</slot>
            <slot slot="534">-</slot>
            <slot slot="535">-</slot>
            <slot slot="536">-</slot>
            <slot slot="537">-</slot>
            <slot slot="538">-</slot>
            <slot slot="539">-</slot>
            <slot slot="540">-</slot>
            <slot slot="541">-</slot>
            <slot slot="542">-</slot>
            <slot slot="543">-</slot>
            <slot slot="544">-</slot>
            <slot slot="545">-</slot>
            <slot slot="546">-</slot>
            <slot slot="547">-</slot>
            <slot slot="548">-</slot>
            <slot slot="549">-</slot>
            <slot slot="550">-</slot>
            <slot slot="551">-</slot>
            <slot slot="552">-</slot>
            <slot slot="553">-</slot>
            <slot slot="554">-</slot>
            <slot slot="555">-</slot>
            <slot slot="556">-</slot>
            <slot slot="557">-</slot>
            <slot slot="558">-</slot>
            <slot slot="559">-</slot>
            <slot slot="560">D0N28</slot>
            <slot slot="561">D0N28</slot>
            <slot slot="562">D0N28</slot>
            <slot slot="563">D0N28</slot>
            <slot slot="564">D0N28</slot>
            <slot slot="565">D0N28</slot>
            <slot slot="566">D0N28</slot>
            <slot slot="567">D0N28</slot>
            <slot slot="568">D0N28</slot>
            <slot slot="569">D0N28</slot>
            <slot slot="570">D0N11</slot>
            <slot slot="571">D0N11</slot>
            <slot slot="572">D0N11</slot>
            <slot slot="573">D0N11</slot>
            <slot slot="574">D0N11</slot>
            <slot slot="575">D0N11</slot>
            <slot slot="576">D0N11</slot>
            <slot slot="577">D0N11</slot>
            <slot slot="578">D0N11</slot>
            <slot slot="579">D0N11</slot>
            <slot slot="580">D0N11</slot>
            <slot slot="581">D0N11</slot>
            <slot slot="582">D0N11</slot>
            <slot slot="583">D0N11</slot>
            <slot slot="584">D0N11</slot>
            <slot slot="585">D0N11</slot>
            <slot slot="586">D0N11</slot>
            <slot slot="587">D0N11</slot>
            <slot slot="588">D0N11</slot>
            <slot slot="589">D0N11</slot>
            <slot slot="590">D0N11</slot>
            <slot slot="591">D0N11</slot>
            <slot slot="592">D0N11</slot>
            <slot slot="593">D0N11</slot>
            <slot slot="594">D0N11</slot>
            <slot slot="595">D0N11</slot>
            <slot slot="596">D0N11</slot>
            <slot slot="597">D0N11</slot>
            <slot slot="598">D0N11</slot>
            <slot slot="599">D0N11</slot>
            <slot slot="600">D0N11</slot>
            <slot slot="601">D0N11</slot>
            <slot slot="602">D0N11</slot>
            <slot slot="603">D0N11</slot>
            <slot slot="604">D0N11</slot>
            <slot slot="605">D0N11</slot>
            <slot slot="606">D0N11</slot>
            <slot slot="607">D0N11</slot>
            <slot slot="608">D0N11</slot>
            <slot slot="609">D0N11</slot>
            <slot slot="610">D0N11</slot>
            <slot slot="611">D0N11</slot>
            <slot slot="612">D0N11</slot>
            <slot slot="613">D0N11</slot>
            <slot slot="614">D0N11</slot>
            <slot slot="615">D0N11</slot>
            <slot slot="616">D0N11</slot>
            <slot slot="617">D0N11</slot>
            <slot slot="618">D0N11</slot>
            <slot slot="619">D0N11</slot>
            <slot slot="620">D0N11</slot>
            <slot slot="621">D0N11</slot>
            <slot slot="622">D0N11</slot>
            <slot slot="623">D0N11</slot>
            <slot slot="624">D0N11</slot>
            <slot slot="625">D0N11</slot>
            <slot slot="626">D0N11</slot>
            <slot slot="627">D0N11</slot>
            <slot slot="628">D0N11</slot>
            <slot slot="629">D0N11</slot>
            <slot slot="630">D0N5</slot>
            <slot slot="631">D0N5</slot>
            <slot slot="632">D0N5</slot>
            <slot slot="633">D0N5</slot>
            <slot slot="634">D0N5</slot>
            <slot slot="635">D0N5</slot>
            <slot slot="636">D0N5</slot>
            <slot slot="637">D0N5</slot>
            <slot slot="638">D0N5</slot>
            <slot slot="639">D0N5</slot>
            <slot slot="640">D0N5</slot>
            <slot slot="641">D0N5</slot>
            <slot slot="642">D0N5</slot>
            <slot slot="643">D0N5</slot>
            <slot slot="644">D0N5</slot>
            <slot slot="645">D0N5</slot>
            <slot slot="646">D0N5</slot>
            <slot slot="647">D0N5</slot>
            <slot slot="648">D0N5</slot>
            <slot slot="649">D0N5</slot>
            <slot slot="650">D0N5</slot>
            <slot slot="651">D0N5</slot>
            <slot slot="652">D0N5</slot>
            <slot slot="653">D0N5</slot>
            <slot slot="654">D0N5</slot>
            <slot slot="655">D0N5</slot>
            <slot slot="656">D0N5</slot>
            <slot slot="657">D0N5</slot>
            <slot slot="658">D0N5</slot>
            <slot slot="659">D0N5</slot>
            <slot slot="660">D0N9</slot>
            <slot slot="661">D0N9</slot>
            <slot slot="662">D0N9</slot>
            <slot slot="663">D0N9</slot>
            <slot slot="664">D0N9</slot>
            <slot slot="665">D0N9</slot>
            <slot slot="666">D0N9</slot>
            <slot slot="667">D0N9</slot>
            <slot slot="668">D0N9</slot>
            <slot slot="669">D0N9</slot>
            <slot slot="670">D0N6</slot>
            <slot slot="671">D0N6</slot>
            <slot slot="672">D0N6</slot>
            <slot slot="673">D0N6</slot>
            <slot slot="674">D0N6</slot>
            <slot slot="675">D0N6</slot>
            <slot slot="676">D0N6</slot>
            <slot slot="677">D0N6</slot>
            <slot slot="678">D0N6</slot>
            <slot slot="679">D0N6</slot>
            <slot slot="680">D0N30</slot>
            <slot slot="681">D0N30</slot>
            <slot slot="682">D0N30</slot>
            <slot slot="683">D0N30</slot>
            <slot slot="684">D0N30</slot>
            <slot slot="685">D0N30</slot>
            <slot slot="686">D0N30</slot>
            <slot slot="687">D0N30</slot>
            <slot slot="688">D0N30</slot>
            <slot slot="689">D0N30</slot>
            <slot slot="690">D0N7</slot>
            <slot slot="691">D0N7</slot>
            <slot slot="692">D0N7</slot>
            <slot slot="693">D0N7</slot>
            <slot slot="694">D0N7</slot>
            <slot slot="695">D0N7</slot>
            <slot slot="696">D0N7</slot>
            <slot slot="697">D0N7</slot>
            <slot slot="698">D0N7</slot>
            <slot slot="699">D0N7</slot>
            <slot slot="700">D0N7</slot>
            <slot slot="701">D0N7</slot>
            <slot slot="702">D0N7</slot>
            <slot slot="703">D0N7</slot>
            <slot slot="704">D0N7</slot>
            <slot slot="705">D0N7</slot>
            <slot slot="706">D0N7</slot>
            <slot slot="707">D0N7</slot>
            <slot slot="708">D0N7</slot>
            <slot slot="709">D0N7</slot>
            <slot slot="710">D0N7</slot>
            <slot slot="711">D0N7</slot>
            <slot slot="712">D0N7</slot>
            <slot slot="713">D0N7</slot>
            <slot slot="714">D0N7</slot>
            <slot slot="715">D0N7</slot>
            <slot slot="716">D0N7</slot>
            <slot slot="717">D0N7</slot>
            <slot slot="718">D0N7</slot>
            <slot slot="719">D0N7</slot>
            <slot slot="720">D0N8</slot>
            <slot slot="721">D0N8</slot>
            <slot slot="722">D0N8</slot>
            <slot slot="723">D0N8</slot>
            <slot slot="724">D0N8</slot>
            <slot slot="725">D0N8</slot>
            <slot slot="726">D0N8</slot>
            <slot slot="727">D0N8</slot>
            <slot slot="728">D0N8</slot>
            <slot slot="729">D0N8</slot>
            <slot slot="730">D0N8</slot>
            <slot slot="731">D0N8</slot>
            <slot slot="732">D0N8</slot>
            <slot slot="733">D0N8</slot>
            <slot slot="734">D0N8</slot>
            <slot slot="735">D0N8</slot>
            <slot slot="736">D0N8</slot>
            <slot slot="737">D0N8</slot>
            <slot slot="738">D0N8</slot>
            <slot slot="739">D0N8</slot>
            <slot slot="740">D0N8</slot>
            <slot slot="741">D0N8</slot>
            <slot slot="742">D0N8</slot>
            <slot slot="743">D0N8</slot>
            <slot slot="744">D0N8</slot>
            <slot slot="745">D0N8</slot>
            <slot slot="746">D0N8</slot>
            <slot slot="747">D0N8</slot>
            <slot slot="748">D0N8</slot>
            <slot slot="749">D0N8</slot>
            <slot slot="750">D0N8</slot>
            <slot slot="751">D0N8</slot>
            <slot slot="752">D0N8</slot>
            <slot slot="753">D0N8</slot>
            <slot slot="754">D0N8</slot>
            <slot slot="755">D0N8</slot>
            <slot slot="756">D0N8</slot>
            <slot slot="757">D0N8</slot>
            <slot slot="758">D0N8</slot>
            <slot slot="759">D0N8</slot>
            <slot slot="760">D0N8</slot>
            <slot slot="761">D0N8</slot>
            <slot slot="762">D0N8</slot>
            <slot slot="763">D0N8</slot>
            <slot slot="764">D0N8</slot>
            <slot slot="765">D0N8</slot>
            <slot slot="766">D0N8</slot>
            <slot slot="767">D0N8</slot>
            <slot slot="768">D0N8</slot>
            <slot slot="769">D0N8</slot>
            <slot slot="770">D0N16</slot>
            <slot slot="771">D0N16</slot>
            <slot slot="772">D0N16</slot>
            <slot slot="773">D0N16</slot>
            <slot slot="774">D0N16</slot>
            <slot slot="775">D0N16</slot>
            <slot slot="776">D0N16</slot>
            <slot slot="777">D0N16</slot>
            <slot slot="778">D0N16</slot>
            <slot slot="779">D0N16</slot>
            <slot slot="780">D0N34</slot>
            <slot slot="781">D0N34</slot>
            <slot slot="782">D0N34</slot>
            <slot slot="783">D0N34</slot>
            <slot slot="784">D0N34</slot>
            <slot slot="785">D0N34</slot>
            <slot slot="786">D0N34</slot>
            <slot slot="787">D0N34</slot>
            <slot slot="788">D0N34</slot>
            <slot slot="789">D0N34</slot>
            <slot slot="790">D0N30</slot>
            <slot slot="791">D0N30</slot>
            <slot slot="792">D0N30</slot>
            <slot slot="793">D0N30</slot>
            <slot slot="794">D0N30</slot>
            <slot slot="795">D0N30</slot>
            <slot slot="796">D0N30</slot>
            <slot slot="797">D0N30</slot>
            <slot slot="798">D0N30</slot>
            <slot slot="799">D0N30</slot>
            <slot slot="800">D0N30</slot>
            <slot slot="801">D0N30</slot>
            <slot slot="802">D0N30</slot>
            <slot slot="803">D0N30</slot>
            <slot slot="804">D0N30</slot>
            <slot slot="805">D0N30</slot>
            <slot slot="806">D0N30</slot>
            <slot slot="807">D0N30</slot>
            <slot slot="808">D0N30</slot>
            <slot slot="809">D0N30</slot>
            <slot slot="810">D0N38</slot>
            <slot slot="811">D0N38</slot>
            <slot slot="812">D0N38</slot>
            <slot slot="813">D0N38</slot>
            <slot slot="814">D0N38</slot>
            <slot slot="815">D0N38</slot>
            <slot slot="816">D0N38</slot>
            <slot slot="817">D0N38</slot>
            <slot slot="818">D0N38</slot>
            <slot slot="819">D0N38</slot>
            <slot slot="820">D0N35</slot>
            <slot slot="821">D0N35</slot>
            <slot slot="822">D0N35</slot>
            <slot slot="823">D0N35</slot>
            <slot slot="824">D0N35</slot>
            <slot slot="825">D0N35</slot>
            <slot slot="826">D0N35</slot>
            <slot slot="827">D0N35</slot>
            <slot slot="828">D0N35</slot>
            <slot slot="829">D0N35</slot>
            <slot slot="830">D0N35</slot>
            <slot slot="831">D0N35</slot>
            <slot slot="832">D0N35</slot>
            <slot slot="833">D0N35</slot>
            <slot slot="834">D0N35</slot>
            <slot slot="835">D0N35</slot>
            <slot slot="836">D0N35</slot>
            <slot slot="837">D0N35</slot>
            <slot slot="838">D0N35</slot>
            <slot slot="839">D0N35</slot>
            <slot slot="840">D0N35</slot>
            <slot slot="841">D0N35</slot>
            <slot slot="842">D0N35</slot>
            <slot slot="843">D0N35</slot>
            <slot slot="844">D0N35</slot>
            <slot slot="845">D0N35</slot>
            <slot slot="846">D0N35</slot>
            <slot slot="847">D0N35</slot>
            <slot slot="848">D0N35</slot>
            <slot slot="849">D0N35</slot>
            <slot slot="850">D0N35</slot>
            <slot slot="851">D0N35</slot>
            <slot slot="852">D0N35</slot>
            <slot slot="853">D0N35</slot>
            <slot slot="854">D0N35</slot>
            <slot slot="855">D0N35</slot>
            <slot slot="856">D0N35</slot>
            <slot slot="857">D0N35</slot>
            <slot slot="858">D0N35</slot>
            <slot slot="859">D0N35</slot>
            <slot slot="860">D0N35</slot>
            <slot slot="861">D0N35</slot>
            <slot slot="862">D0N35</slot>
            <slot slot="863">D0N35</slot>
            <slot slot="864">D0N35</slot>
            <slot slot="865">D0N35</slot>
            <slot slot="866">D0N35</slot>
            <slot slot="867">D0N35</slot>
            <slot slot="868">D0N35</slot>
            <slot slot="869">D0N35</slot>
            <slot slot="870">D0N35</slot>
            <slot slot="871">D0N35</slot>
            <slot slot="872">D0N35</slot>
            <slot slot="873">D0N35</slot>
            <slot slot="874">D0N35</slot>
            <slot slot="875">D0N35</slot>
            <slot slot="876">D0N35</slot>
            <slot slot="877">D0N35</slot>
            <slot slot="878">D0N35</slot>
            <slot slot="879">D0N35</slot>
            <slot slot="880">D0N35</slot>
            <slot slot="881">D0N35</slot>
            <slot slot="882">D0N35</slot>
            <slot slot="883">D0N35</slot>
            <slot slot="884">D0N35</slot>
            <slot slot="885">D0N35</slot>
            <slot slot="886">D0N35</slot>
            <slot slot="887">D0N35</slot>
            <slot slot="888">D0N35</slot>
            <slot slot="889">D0N35</slot>
            <slot slot="890">D0N35</slot>
            <slot slot="891">D0N35</slot>
            <slot slot="892">D0N35</slot>
            <slot slot="893">D0N35</slot>
            <slot slot="894">D0N35</slot>
            <slot slot="895">D0N35</slot>
            <slot slot="896">D0N35</slot>
            <slot slot="897">D0N35</slot>
            <slot slot="898">D0N35</slot>
            <slot slot="899">D0N35</slot>
            <slot slot="900">D0N35</slot>
            <slot slot="901">D0N35</slot>
            <slot slot="902">D0N35</slot>
            <slot slot="903">D0N35</slot>
            <slot slot="904">D0N35</slot>
            <slot slot="905">D0N35</slot>
            <slot slot="906">D0N35</slot>
            <slot slot="907">D0N35</slot>
            <slot slot="908">D0N35</slot>
            <slot slot="909">D0N35</slot>
            <slot slot="910">D0N43</slot>
            <slot slot="911">D0N43</slot>
            <slot slot="912">D0N43</slot>
            <slot slot="913">D0N43</slot>
            <slot slot="914">D0N43</slot>
            <slot slot="915">D0N43</slot>
            <slot slot="916">D0N43</slot>
            <slot slot="917">D0N43</slot>
            <slot slot="918">D0N43</slot>
            <slot slot="919">D0N43</slot>
            <slot slot="920">D0N22</slot>
            <slot slot="921">D0N22</slot>
            <slot slot="922">D0N22</slot>
            <slot slot="923">D0N22</slot>
            <slot slot="924">D0N22</slot>
            <slot slot="925">D0N22</slot>
            <slot slot="926">D0N22</slot>
            <slot slot="927">D0N22</slot>
            <slot slot="928">D0N22</slot>
            <slot slot="929">D0N22</slot>
            <slot slot="930">D0N22</slot>
            <slot slot="931">D0N22</slot>
            <slot slot="932">D0N22</slot>
            <slot slot="933">D0N22</slot>
            <slot slot="934">D0N22</slot>
            <slot slot="935">D0N22</slot>
            <slot slot="936">D0N22</slot>
            <slot slot="937">D0N22</slot>
            <slot slot="938">D0N22</slot>
            <slot slot="939">D0N22</slot>
            <slot slot="940">D0N22</slot>
            <slot slot="941">D0N22</slot>
            <slot slot="942">D0N22</slot>
            <slot slot="943">D0N22</slot>
            <slot slot="944">D0N22</slot>
            <slot slot="945">D0N22</slot>
            <slot slot="946">D0N22</slot>
            <slot slot="947">D0N22</slot>
            <slot slot="948">D0N22</slot>
            <slot slot="949">D0N22</slot>
            <slot slot="950">D0N27</slot>
            <slot slot="951">D0N27</slot>
            <slot slot="952">D0N27</slot>
            <slot slot="953">D0N27</slot>
            <slot slot="954">D0N27</slot>
            <slot slot="955">D0N27</slot>
            <slot slot="956">D0N27</slot>
            <slot slot="957">D0N27</slot>
            <slot slot="958">D0N27</slot>
            <slot slot="959">D0N27</slot>
            <slot slot="960">D0N27</slot>
            <slot slot="961">D0N27</slot>
            <slot slot="962">D0N27</slot>
            <slot slot="963">D0N27</slot>
            <slot slot="964">D0N27</slot>
            <slot slot="965">D0N27</slot>
            <slot slot="966">D0N27</slot>
            <slot slot="967">D0N27</slot>
            <slot slot="968">D0N27</slot>
            <slot slot="969">D0N27</slot>
            <slot slot="970">D0N27</slot>
            <slot slot="971">D0N27</slot>
            <slot slot="972">D0N27</slot>
            <slot slot="973">D0N27</slot>
            <slot slot="974">D0N27</slot>
            <slot slot="975">D0N27</slot>
            <slot slot="976">D0N27</slot>
            <slot slot="977">D0N27</slot>
            <slot slot="978">D0N27</slot>
            <slot slot="979">D0N27</slot>
            <slot slot="980">D0N27</slot>
            <slot slot="981">D0N27</slot>
            <slot slot="982">D0N27</slot>
            <slot slot="983">D0N27</slot>
            <slot slot="984">D0N27</slot>
            <slot slot="985">D0N27</slot>
            <slot slot="986">D0N27</slot>
            <slot slot="987">D0N27</slot>
            <slot slot="988">D0N27</slot>
            <slot slot="989">D0N27</slot>
            <slot slot="990">D0N42</slot>
            <slot slot="991">D0N42</slot>
            <slot slot="992">D0N42</slot>
            <slot slot="993">D0N42</slot>
            <slot slot="994">D0N42</slot>
            <slot slot="995">D0N42</slot>
            <slot slot="996">D0N42</slot>
            <slot slot="997">D0N42</slot>
            <slot slot="998">D0N42</slot>
            <slot slot="999">D0N42</slot>
            <slot slot="1000">D0N42</slot>
            <slot slot="1001">D0N42</slot>
            <slot slot="1002">D0N42</slot>
            <slot slot="1003">D0N42</slot>
            <slot slot="1004">D0N42</slot>
            <slot slot="1005">D0N42</slot>
            <slot slot="1006">D0N42</slot>
            <slot slot="1007">D0N42</slot>
            <slot slot="1008">D0N42</slot>
            <slot slot="1009">D0N42</slot>
            <slot slot="1010">D0N42</slot>
            <slot slot="1011">D0N42</slot>
            <slot slot="1012">D0N42</slot>
            <slot slot="1013">D0N42</slot>
            <slot slot="1014">D0N42</slot>
            <slot slot="1015">D0N42</slot>
            <slot slot="1016">D0N42</slot>
            <slot slot="1017">D0N42</slot>
            <slot slot="1018">D0N42</slot>
            <slot slot="1019">D0N42</slot>
            <slot slot="1020">D0N37</slot>
            <slot slot="1021">D0N37</slot>
            <slot slot="1022">D0N37</slot>
            <slot slot="1023">D0N37</slot>
            <slot slot="1024">D0N37</slot>
            <slot slot="1025">D0N37</slot>
            <slot slot="1026">D0N37</slot>
            <slot slot="1027">D0N37</slot>
            <slot slot="1028">D0N37</slot>
            <slot slot="1029">D0N37</slot>
            <slot slot="1030">D0N37</slot>
            <slot slot="1031">D0N37</slot>
            <slot slot="1032">D0N37</slot>
            <slot slot="1033">D0N37</slot>
            <slot slot="1034">D0N37</slot>
            <slot slot="1035">D0N37</slot>
            <slot slot="1036">D0N37</slot>
            <slot slot="1037">D0N37</slot>
            <slot slot="1038">D0N37</slot>
            <slot slot="1039">D0N37</slot>
            <slot slot="1040">D0N42</slot>
            <slot slot="1041">D0N42</slot>
            <slot slot="1042">D0N42</slot>
            <slot slot="1043">D0N42</slot>
            <slot slot="1044">D0N42</slot>
            <slot slot="1045">D0N42</slot>
            <slot slot="1046">D0N42</slot>
            <slot slot="1047">D0N42</slot>
            <slot slot="1048">D0N42</slot>
            <slot slot="1049">D0N42</slot>
            <slot slot="1050">D0N42</slot>
            <slot slot="1051">D0N42</slot>
            <slot slot="1052">D0N42</slot>
            <slot slot="1053">D0N42</slot>
            <slot slot="1054">D0N42</slot>
            <slot slot="1055">D0N42</slot>
            <slot slot="1056">D0N42</slot>
            <slot slot="1057">D0N42</slot>
            <slot slot="1058">D0N42</slot>
            <slot slot="1059">D0N42</slot>
            <slot slot="1060">D0N33</slot>
            <slot slot="1061">D0N33</slot>
            <slot slot="1062">D0N33</slot>
            <slot slot="1063">D0N33</slot>
            <slot slot="1064">D0N33</slot>
            <slot slot="1065">D0N33</slot>
            <slot slot="1066">D0N33</slot>
            <slot slot="1067">D0N33</slot>
            <slot slot="1068">D0N33</slot>
            <slot slot="1069">D0N33</slot>
            <slot slot="1070">D0N33</slot>
            <slot slot="1071">D0N33</slot>
            <slot slot="1072">D0N33</slot>
            <slot slot="1073">D0N33</slot>
            <slot slot="1074">D0N33</slot>
            <slot slot="1075">D0N33</slot>
            <slot slot="1076">D0N33</slot>
            <slot slot="1077">D0N33</slot>
            <slot slot="1078">D0N33</slot>
            <slot slot="1079">D0N33</slot>
            <slot slot="1080">D0N33</slot>
            <slot slot="1081">D0N33</slot>
            <slot slot="1082">D0N33</slot>
            <slot slot="1083">D0N33</slot>
            <slot slot="1084">D0N33</slot>
            <slot slot="1085">D0N33</slot>
            <slot slot="1086">D0N33</slot>
            <slot slot="1087">D0N33</slot>
            <slot slot="1088">D0N33</slot>
            <slot slot="1089">D0N33</slot>
            <slot slot="1090">D0N33</slot>
            <slot slot="1091">D0N33</slot>
            <slot slot="1092">D0N33</slot>
            <slot slot="1093">D0N33</slot>
            <slot slot="1094">D0N33</slot>
            <slot slot="1095">D0N33</slot>
            <slot slot="1096">D0N33</slot>
            <slot slot="1097">D0N33</slot>
            <slot slot="1098">D0N33</slot>
            <slot slot="1099">D0N33</slot>
            <slot slot="1100">D0N33</slot>
            <slot slot="1101">D0N33</slot>
            <slot slot="1102">D0N33</slot>
            <slot slot="1103">D0N33</slot>
            <slot slot="1104">D0N33</slot>
            <slot slot="1105">D0N33</slot>
            <slot slot="1106">D0N33</slot>
            <slot slot="1107">D0N33</slot>
            <slot slot="1108">D0N33</slot>
            <slot slot="1109">D0N33</slot>
            <slot slot="1110">D0N39</slot>
            <slot slot="1111">D0N39</slot>
            <slot slot="1112">D0N39</slot>
            <slot slot="1113">D0N39</slot>
            <slot slot="1114">D0N39</slot>
            <slot slot="1115">D0N39</slot>
            <slot slot="1116">D0N39</slot>
            <slot slot="1117">D0N39</slot>
            <slot slot="1118">D0N39</slot>
            <slot slot="1119">D0N39</slot>
            <slot slot="1120">D0N46</slot>
            <slot slot="1121">D0N46</slot>
            <slot slot="1122">D0N46</slot>
            <slot slot="1123">D0N46</slot>
            <slot slot="1124">D0N46</slot>
            <slot slot="1125">D0N46</slot>
            <slot slot="1126">D0N46</slot>
            <slot slot="1127">D0N46</slot>
            <slot slot="1128">D0N46</slot>
            <slot slot="1129">D0N46</slot>
            <slot slot="1130">D0N46</slot>
            <slot slot="1131">D0N46</slot>
            <slot slot="1132">D0N46</slot>
            <slot slot="1133">D0N46</slot>
            <slot slot="1134">D0N46</slot>
            <slot slot="1135">D0N46</slot>
            <slot slot="1136">D0N46</slot>
            <slot slot="1137">D0N46</slot>
            <slot slot="1138">D0N46</slot>
            <slot slot="1139">D0N46</slot>
            <slot slot="1140">D0N46</slot>
            <slot slot="1141">D0N46</slot>
            <slot slot="1142">D0N46</slot>
            <slot slot="1143">D0N46</slot>
            <slot slot="1144">D0N46</slot>
            <slot slot="1145">D0N46</slot>
            <slot slot="1146">D0N46</slot>
            <slot slot="1147">D0N46</slot>
            <slot slot="1148">D0N46</slot>
            <slot slot="1149">D0N46</slot>
            <slot slot="1150">D0N46</slot>
            <slot slot="1151">D0N46</slot>
            <slot slot="1152">D0N46</slot>
            <slot slot="1153">D0N46</slot>
            <slot slot="1154">D0N46</slot>
            <slot slot="1155">D0N46</slot>
            <slot slot="1156">D0N46</slot>
            <slot slot="1157">D0N46</slot>
            <slot slot="1158">D0N46</slot>
            <slot slot="1159">D0N46</slot>
            <slot slot="1160">D0N46</slot>
            <slot slot="1161">D0N46</slot>
            <slot slot="1162">D0N46</slot>
            <slot slot="1163">D0N46</slot>
            <slot slot="1164">D0N46</slot>
            <slot slot="1165">D0N46</slot>
            <slot slot="1166">D0N46</slot>
            <slot slot="1167">D0N46</slot>
            <slot slot="1168">D0N46</slot>
            <slot slot="1169">D0N46</slot>
            <slot slot="1170">D0N45</slot>
            <slot slot="1171">D0N45</slot>
            <slot slot="1172">D0N45</slot>
            <slot slot="1173">D0N45</slot>
            <slot slot="1174">D0N45</slot>
            <slot slot="1175">D0N45</slot>
            <slot slot="1176">D0N45</slot>
            <slot slot="1177">D0N45</slot>
            <slot slot="1178">D0N45</slot>
            <slot slot="1179">D0N45</slot>
            <slot slot="1180">D0N45</slot>
            <slot slot="1181">D0N45</slot>
            <slot slot="1182">D0N45</slot>
            <slot slot="1183">D0N45</slot>
            <slot slot="1184">D0N45</slot>
            <slot slot="1185">D0N45</slot>
            <slot slot="1186">D0N45</slot>
            <slot slot="1187">D0N45</slot>
            <slot slot="1188">D0N45</slot>
            <slot slot="1189">D0N45</slot>
            <slot slot="1190">D0N40</slot>
            <slot slot="1191">D0N40</slot>
            <slot slot="1192">D0N40</slot>
            <slot slot="1193">D0N40</slot>
            <slot slot="1194">D0N40</slot>
            <slot slot="1195">D0N40</slot>
            <slot slot="1196">D0N40</slot>
            <slot slot="1197">D0N40</slot>
            <slot slot="1198">D0N40</slot>
            <slot slot="1199">D0N40</slot>
        </core>
        <core number="1">
            <slot slot="0">-</slot>
            <slot slot="1">-</slot>
            <slot slot="2">-</slot>
            <slot slot="3">-</slot>
            <slot slot="4">-</slot>
            <slot slot="5">-</slot>
            <slot slot="6">-</slot>
            <slot slot="7">-</slot>
            <slot slot="8">-</slot>
            <slot slot="9">-</slot>
            <slot slot="10">-</slot>
            <slot slot="11">-</slot>
            <slot slot="12">-</slot>
            <slot slot="13">-</slot>
            <slot slot="14">-</slot>
            <slot slot="15">-</slot>
            <slot slot="16">-</slot>
            <slot slot="17">-</slot>
            <slot slot="18">-</slot>
            <slot slot="19">-</slot>
            <slot slot="20">-</slot>
            <slot slot="21">-</slot>
            <slot slot="22">-</slot>
            <slot slot="23">-</slot>
            <slot slot="24">-</slot>
            <slot slot="25">-</slot>
            <slot slot="26">-</slot>
            <slot slot="27">-</slot>
            <slot slot="28">-</slot>
            <slot slot="29">-</slot>
            <slot slot="30">-</slot>
            <slot slot="31">-</slot>
            <slot slot="32">-</slot>
            <slot slot="33">-</slot>
            <slot slot="34">-</slot>
            <slot slot="35">-</slot>
            <slot slot="36">-</slot>
            <slot slot="37">-</slot>
            <slot slot="38">-</slot>
            <slot slot="39">-</slot>
            <slot slot="40">-</slot>
            <slot slot="41">-</slot>
            <slot slot="42">-</slot>
            <slot slot="43">-</slot>
            <slot slot="44">-</slot>
            <slot slot="45">-</slot>
            <slot slot="46">-</slot>
            <slot slot="47">-</slot>
            <slot slot="48">-</slot>
            <slot slot="49">-</slot>
            <slot slot="50">-</slot>
            <slot slot="51">-</slot>
            <slot slot="52">-</slot>
            <slot slot="53">-</slot>
            <slot slot="54">-</slot>
            <slot slot="55">-</slot>
            <slot slot="56">-</slot>
            <slot slot="57">-</slot>
            <slot slot="58">-</slot>
            <slot slot="59">-</slot>
            <slot slot="60">-</slot>
            <slot slot="61">-</slot>
            <slot slot="62">-</slot>
            <slot slot="63">-</slot>
            <slot slot="64">-</slot>
            <slot slot="65">-</slot>
            <slot slot="66">-</slot>
            <slot slot="67">-</slot>
            <slot slot="68">-</slot>
            <slot slot="69">-</slot>
            <slot slot="70">-</slot>
            <slot slot="71">-</slot>
            <slot slot="72">-</slot>
            <slot slot="73">-</slot>
            <slot slot="74">-</slot>
            <slot slot="75">-</slot>
            <slot slot="76">-</slot>
            <slot slot="77">-</slot>
            <slot slot="78">-</slot>
            <slot slot="79">-</slot>
            <slot slot="80">-</slot>
            <slot slot="81">-</slot>
            <slot slot="82">-</slot>
            <slot slot="83">-</slot>
            <slot slot="84">-</slot>
            <slot slot="85">-</slot>
            <slot slot="86">-</slot>
            <slot slot="87">-</slot>
            <slot slot="88">-</slot>
            <slot slot="89">-</slot>
            <slot slot="90">-</slot>
            <slot slot="91">-</slot>
            <slot slot="92">-</slot>
            <slot slot="93">-</slot>
            <slot slot="94">-</slot>
            <slot slot="95">-</slot>
            <slot slot="96">-</slot>
            <slot slot="97">-</slot>
            <slot slot="98">-</slot>
            <slot slot="99">-</slot>
            <slot slot="100">-</slot>
            <slot slot="101">-</slot>
            <slot slot="102">-</slot>
            <slot slot="103">-</slot>
            <slot slot="104">-</slot>
            <slot slot="105">-</slot>
            <slot slot="106">-</slot>
            <slot slot="107">-</slot>
            <slot slot="108">-</slot>
            <slot slot="109">-</slot>
            <slot slot="110">-</slot>
            <slot slot="111">-</slot>
            <slot slot="112">-</slot>
            <slot slot="113">-</slot>
            <slot slot="114">-</slot>
            <slot slot="115">-</slot>
            <slot slot="116">-</slot>
            <slot slot="117">-</slot>
            <slot slot="118">-</slot>
            <slot slot="119">-</slot>
            <slot slot="120">-</slot>
            <slot slot="121">-</slot>
            <slot slot="122">-</slot>
            <slot slot="123">-</slot>
            <slot slot="124">-</slot>
            <slot slot="125">-</slot>
            <slot slot="126">-</slot>
            <slot slot="127">-</slot>
            <slot slot="128">-</slot>
            <slot slot="129">-</slot>
            <slot slot="130">-</slot>
            <slot slot="131">-</slot>
            <slot slot="132">-</slot>
            <slot slot="133">-</slot>
            <slot slot="134">-</slot>
            <slot slot="135">-</slot>
            <slot slot="136">-</slot>
            <slot slot="137">-</slot>
            <slot slot="138">-</slot>
            <slot slot="139">-</slot>
            <slot slot="140">-</slot>
            <slot slot="141">-</slot>
            <slot slot="142">-</slot>
            <slot slot="143">-</slot>
            <slot slot="144">-</slot>
            <slot slot="145">-</slot>
            <slot slot="146">-</slot>
            <slot slot="147">-</slot>
            <slot slot="148">-</slot>
            <slot slot="149">-</slot>
            <slot slot="150">-</slot>
            <slot slot="151">-</slot>
            <slot slot="152">-</slot>
            <slot slot="153">-</slot>
            <slot slot="154">-</slot>
            <slot slot="155">-</slot>
            <slot slot="156">-</slot>
            <slot slot="157">-</slot>
            <slot slot="158">-</slot>
            <slot slot="159">-</slot>
            <slot slot="160">-</slot>
            <slot slot="161">-</slot>
            <slot slot="162">-</slot>
            <slot slot="163">-</slot>
            <slot slot="164">-</slot>
            <slot slot="165">-</slot>
            <slot slot="166">-</slot>
            <slot slot="167">-</slot>
            <slot slot="168">-</slot>
            <slot slot="169">-</slot>
            <slot slot="170">-</slot>
            <slot slot="171">-</slot>
            <slot slot="172">-</slot>
            <slot slot="173">-</slot>
            <slot slot="174">-</slot>
            <slot slot="175">-</slot>
            <slot slot="176">-</slot>
            <slot slot="177">-</slot>
            <slot slot="178">-</slot>
            <slot slot="179">-</slot>
            <slot slot="180">-</slot>
            <slot slot="181">-</slot>
            <slot slot="182">-</slot>
            <slot slot="183">-</slot>
            <slot slot="184">-</slot>
            <slot slot="185">-</slot>
            <slot slot="186">-</slot>
            <slot slot="187">-</slot>
            <slot slot="188">-</slot>
            <slot slot="189">-</slot>
            <slot slot="190">-</slot>
            <slot slot="191">-</slot>
            <slot slot="192">-</slot>
            <slot slot="193">-</slot>
            <slot slot="194">-</slot>
            <slot slot="195">-</slot>
            <slot slot="196">-</slot>
            <slot slot="197">-</slot>
            <slot slot="198">-</slot>
            <slot slot="199">-</slot>
            <slot slot="200">-</slot>
            <slot slot="201">-</slot>
            <slot slot="202">-</slot>
            <slot slot="203">-</slot>
            <slot slot="204">-</slot>
            <slot slot="205">-</slot>
            <slot slot="206">-</slot>
            <slot slot="207">-</slot>
            <slot slot="208">-</slot>
            <slot slot="209">-</slot>
            <slot slot="210">-</slot>
            <slot slot="211">-</slot>
            <slot slot="212">-</slot>
            <slot slot="213">-</slot>
            <slot slot="214">-</slot>
            <slot slot="215">-</slot>
            <slot slot="216">-</slot>
            <slot slot="217">-</slot>
            <slot slot="218">-</slot>
            <slot slot="219">-</slot>
            <slot slot="220">-</slot>
            <slot slot="221">-</slot>
            <slot slot="222">-</slot>
            <slot slot="223">-</slot>
            <slot slot="224">-</slot>
            <slot slot="225">-</slot>
            <slot slot="226">-</slot>
            <slot slot="227">-</slot>
            <slot slot="228">-</slot>
            <slot slot="229">-</slot>
            <slot slot="230">-</slot>
            <slot slot="231">-</slot>
            <slot slot="232">-</slot>
            <slot slot="233">-</slot>
            <slot slot="234">-</slot>
            <slot slot="235">-</slot>
            <slot slot="236">-</slot>
            <slot slot="237">-</slot>
            <slot slot="238">-</slot>
            <slot slot="239">-</slot>
            <slot slot="240">-</slot>
            <slot slot="241">-</slot>
            <slot slot="242">-</slot>
            <slot slot="243">-</slot>
            <slot slot="244">-</slot>
            <slot slot="245">-</slot>
            <slot slot="246">-</slot>
            <slot slot="247">-</slot>
            <slot slot="248">-</slot>
            <slot slot="249">-</slot>
            <slot slot="250">-</slot>
            <slot slot="251">-</slot>
            <slot slot="252">-</slot>
            <slot slot="253">-</slot>
            <slot slot="254">-</slot>
            <slot slot="255">-</slot>
            <slot slot="256">-</slot>
            <slot slot="257">-</slot>
            <slot slot="258">-</slot>
            <slot slot="259">-</slot>
            <slot slot="260">-</slot>
            <slot slot="261">-</slot>
            <slot slot="262">-</slot>
            <slot slot="263">-</slot>
            <slot slot="264">-</slot>
            <slot slot="265">-</slot>
            <slot slot="266">-</slot>
            <slot slot="267">-</slot>
            <slot slot="268">-</slot>
            <slot slot="269">-</slot>
            <slot slot="270">-</slot>
            <slot slot="271">-</slot>
            <slot slot="272">-</slot>
            <slot slot="273">-</slot>
            <slot slot="274">-</slot>
            <slot slot="275">-</slot>
            <slot slot="276">-</slot>
            <slot slot="277">-</slot>
            <slot slot="278">-</slot>
            <slot slot="279">-</slot>
            <slot slot="280">-</slot>
            <slot slot="281">-</slot>
            <slot slot="282">-</slot>
            <slot slot="283">-</slot>
            <slot slot="284">-</slot>
            <slot slot="285">-</slot>
            <slot slot="286">-</slot>
            <slot slot="287">-</slot>
            <slot slot="288">-</slot>
            <slot slot="289">-</slot>
            <slot slot="290">-</slot>
            <slot slot="291">-</slot>
            <slot slot="292">-</slot>
            <slot slot="293">-</slot>
            <slot slot="294">-</slot>
            <slot slot="295">-</slot>
            <slot slot="296">-</slot>
            <slot slot="297">-</slot>
            <slot slot="298">-</slot>
            <slot slot="299">-</slot>
            <slot slot="300">-</slot>
            <slot slot="301">-</slot>
            <slot slot="302">-</slot>
            <slot slot="303">-</slot>
            <slot slot="304">-</slot>
            <slot slot="305">-</slot>
            <slot slot="306">-</slot>
            <slot slot="307">-</slot>
            <slot slot="308">-</slot>
            <slot slot="309">-</slot>
            <slot slot="310">-</slot>
            <slot slot="311">-</slot>
            <slot slot="312">-</slot>
            <slot slot="313">-</slot>
            <slot slot="314">-</slot>
            <slot slot="315">-</slot>
            <slot slot="316">-</slot>
            <slot slot="317">-</slot>
            <slot slot="318">-</slot>
            <slot slot="319">-</slot>
            <slot slot="320">-</slot>
            <slot slot="321">-</slot>
            <slot slot="322">-</slot>
            <slot slot="323">-</slot>
            <slot slot="324">-</slot>
            <slot slot="325">-</slot>
            <slot slot="326">-</slot>
            <slot slot="327">-</slot>
            <slot slot="328">-</slot>
            <slot slot="329">-</slot>
            <slot slot="330">-</slot>
            <slot slot="331">-</slot>
            <slot slot="332">-</slot>
            <slot slot="333">-</slot>
            <slot slot="334">-</slot>
            <slot slot="335">-</slot>
            <slot slot="336">-</slot>
            <slot slot="337">-</slot>
            <slot slot="338">-</slot>
            <slot slot="339">-</slot>
            <slot slot="340">-</slot>
            <slot slot="341">-</slot>
            <slot slot="342">-</slot>
            <slot slot="343">-</slot>
            <slot slot="344">-</slot>
            <slot slot="345">-</slot>
            <slot slot="346">-</slot>
            <slot slot="347">-</slot>
            <slot slot="348">-</slot>
            <slot slot="349">-</slot>
            <slot slot="350">-</slot>
            <slot slot="351">-</slot>
            <slot slot="352">-</slot>
            <slot slot="353">-</slot>
            <slot slot="354">-</slot>
            <slot slot="355">-</slot>
            <slot slot="356">-</slot>
            <slot slot="357">-</slot>
            <slot slot="358">-</slot>
            <slot slot="359">-</slot>
            <slot slot="360">-</slot>
            <slot slot="361">-</slot>
            <slot slot="362">-</slot>
            <slot slot="363">-</slot>
            <slot slot="364">-</slot>
            <slot slot="365">-</slot>
            <slot slot="366">-</slot>
            <slot slot="367">-</slot>
            <slot slot="368">-</slot>
            <slot slot="369">-</slot>
            <slot slot="370">-</slot>
            <slot slot="371">-</slot>
            <slot slot="372">-</slot>
            <slot slot="373">-</slot>
            <slot slot="374">-</slot>
            <slot slot="375">-</slot>
            <slot slot="376">-</slot>
            <slot slot="377">-</slot>
            <slot slot="378">-</slot>
            <slot slot="379">-</slot>
            <slot slot="380">-</slot>
            <slot slot="381">-</slot>
            <slot slot="382">-</slot>
            <slot slot="383">-</slot>
            <slot slot="384">-</slot>
            <slot slot="385">-</slot>
            <slot slot="386">-</slot>
            <slot slot="387">-</slot>
            <slot slot="388">-</slot>
            <slot slot="389">-</slot>
            <slot slot="390">-</slot>
            <slot slot="391">-</slot>
            <slot slot="392">-</slot>
            <slot slot="393">-</slot>
            <slot slot="394">-</slot>
            <slot slot="395">-</slot>
            <slot slot="396">-</slot>
            <slot slot="397">-</slot>
            <slot slot="398">-</slot>
            <slot slot="399">-</slot>
            <slot slot="400">-</slot>
            <slot slot="401">-</slot>
            <slot slot="402">-</slot>
            <slot slot="403">-</slot>
            <slot slot="404">-</slot>
            <slot slot="405">-</slot>
            <slot slot="406">-</slot>
            <slot slot="407">-</slot>
            <slot slot="408">-</slot>
            <slot slot="409">-</slot>
            <slot slot="410">-</slot>
            <slot slot="411">-</slot>
            <slot slot="412">-</slot>
            <slot slot="413">-</slot>
            <slot slot="414">-</slot>
            <slot slot="415">-</slot>
            <slot slot="416">-</slot>
            <slot slot="417">-</slot>
            <slot slot="418">-</slot>
            <slot slot="419">-</slot>
            <slot slot="420">-</slot>
            <slot slot="421">-</slot>
            <slot slot="422">-</slot>
            <slot slot="423">-</slot>
            <slot slot="424">-</slot>
            <slot slot="425">-</slot>
            <slot slot="426">-</slot>
            <slot slot="427">-</slot>
            <slot slot="428">-</slot>
            <slot slot="429">-</slot>
            <slot slot="430">-</slot>
            <slot slot="431">-</slot>
            <slot slot="432">-</slot>
            <slot slot="433">-</slot>
            <slot slot="434">-</slot>
            <slot slot="435">-</slot>
            <slot slot="436">-</slot>
            <slot slot="437">-</slot>
            <slot slot="438">-</slot>
            <slot slot="439">-</slot>
            <slot slot="440">-</slot>
            <slot slot="441">-</slot>
            <slot slot="442">-</slot>
            <slot slot="443">-</slot>
            <slot slot="444">-</slot>
            <slot slot="445">-</slot>
            <slot slot="446">-</slot>
            <slot slot="447">-</slot>
            <slot slot="448">-</slot>
            <slot slot="449">-</slot>
            <slot slot="450">-</slot>
            <slot slot="451">-</slot>
            <slot slot="452">-</slot>
            <slot slot="453">-</slot>
            <slot slot="454">-</slot>
            <slot slot="455">-</slot>
            <slot slot="456">-</slot>
            <slot slot="457">-</slot>
            <slot slot="458">-</slot>
            <slot slot="459">-</slot>
            <slot slot="460">-</slot>
            <slot slot="461">-</slot>
            <slot slot="462">-</slot>
            <slot slot="463">-</slot>
            <slot slot="464">-</slot>
            <slot slot="465">-</slot>
            <slot slot="466">-</slot>
            <slot slot="467">-</slot>
            <slot slot="468">-</slot>
            <slot slot="469">-</slot>
            <slot slot="470">-</slot>
            <slot slot="471">-</slot>
            <slot slot="472">-</slot>
            <slot slot="473">-</slot>
            <slot slot="474">-</slot>
            <slot slot="475">-</slot>
            <slot slot="476">-</slot>
            <slot slot="477">-</slot>
            <slot slot="478">-</slot>
            <slot slot="479">-</slot>
            <slot slot="480">-</slot>
            <slot slot="481">-</slot>
            <slot slot="482">-</slot>
            <slot slot="483">-</slot>
            <slot slot="484">-</slot>
            <slot slot="485">-</slot>
            <slot slot="486">-</slot>
            <slot slot="487">-</slot>
            <slot slot="488">-</slot>
            <slot slot="489">-</slot>
            <slot slot="490">-</slot>
            <slot slot="491">-</slot>
            <slot slot="492">-</slot>
            <slot slot="493">-</slot>
            <slot slot="494">-</slot>
            <slot slot="495">-</slot>
            <slot slot="496">-</slot>
            <slot slot="497">-</slot>
            <slot slot="498">-</slot>
            <slot slot="499">-</slot>
            <slot slot="500">-</slot>
            <slot slot="501">-</slot>
            <slot slot="502">-</slot>
            <slot slot="503">-</slot>
            <slot slot="504">-</slot>
            <slot slot="505">-</slot>
            <slot slot="506">-</slot>
            <slot slot="507">-</slot>
            <slot slot="508">-</slot>
            <slot slot="509">-</slot>
            <slot slot="510">-</slot>
            <slot slot="511">-</slot>
            <slot slot="512">-</slot>
            <slot slot="513">-</slot>
            <slot slot="514">-</slot>
            <slot slot="515">-</slot>
            <slot slot="516">-</slot>
            <slot slot="517">-</slot>
            <slot slot="518">-</slot>
            <slot slot="519">-</slot>
            <slot slot="520">-</slot>
            <slot slot="521">-</slot>
            <slot slot="522">-</slot>
            <slot slot="523">-</slot>
            <slot slot="524">-</slot>
            <slot slot="525">-</slot>
            <slot slot="526">-</slot>
            <slot slot="527">-</slot>
            <slot slot="528">-</slot>
            <slot slot="529">-</slot>
            <slot slot="530">D0N19</slot>
            <slot slot="531">D0N19</slot>
            <slot slot="532">D0N19</slot>
            <slot slot="533">D0N19</slot>
            <slot slot="534">D0N19</slot>
            <slot slot="535">D0N19</slot>
            <slot slot="536">D0N19</slot>
            <slot slot="537">D0N19</slot>
            <slot slot="538">D0N19</slot>
            <slot slot="539">D0N19</slot>
            <slot slot="540">D0N28</slot>
            <slot slot="541">D0N28</slot>
            <slot slot="542">D0N28</slot>
            <slot slot="543">D0N28</slot>
            <slot slot="544">D0N28</slot>
            <slot slot="545">D0N28</slot>
            <slot slot="546">D0N28</slot>
            <slot slot="547">D0N28</slot>
            <slot slot="548">D0N28</slot>
            <slot slot="549">D0N28</slot>
            <slot slot="550">D0N28</slot>
            <slot slot="551">D0N28</slot>
            <slot slot="552">D0N28</slot>
            <slot slot="553">D0N28</slot>
            <slot slot="554">D0N28</slot>
            <slot slot="555">D0N28</slot>
            <slot slot="556">D0N28</slot>
            <slot slot="557">D0N28</slot>
            <slot slot="558">D0N28</slot>
            <slot slot="559">D0N28</slot>
            <slot slot="560">D0N1</slot>
            <slot slot="561">D0N1</slot>
            <slot slot="562">D0N1</slot>
            <slot slot="563">D0N1</slot>
            <slot slot="564">D0N1</slot>
            <slot slot="565">D0N1</slot>
            <slot slot="566">D0N1</slot>
            <slot slot="567">D0N1</slot>
            <slot slot="568">D0N1</slot>
            <slot slot="569">D0N1</slot>
            <slot slot="570">D0N19</slot>
            <slot slot="571">D0N19</slot>
            <slot slot="572">D0N19</slot>
            <slot slot="573">D0N19</slot>
            <slot slot="574">D0N19</slot>
            <slot slot="575">D0N19</slot>
            <slot slot="576">D0N19</slot>
            <slot slot="577">D0N19</slot>
            <slot slot="578">D0N19</slot>
            <slot slot="579">D0N19</slot>
            <slot slot="580">D0N19</slot>
            <slot slot="581">D0N19</slot>
            <slot slot="582">D0N19</slot>
            <slot slot="583">D0N19</slot>
            <slot slot="584">D0N19</slot>
            <slot slot="585">D0N19</slot>
            <slot slot="586">D0N19</slot>
            <slot slot="587">D0N19</slot>
            <slot slot="588">D0N19</slot>
            <slot slot="589">D0N19</slot>
            <slot slot="590">D0N19</slot>
            <slot slot="591">D0N19</slot>
            <slot slot="592">D0N19</slot>
            <slot slot="593">D0N19</slot>
            <slot slot="594">D0N19</slot>
            <slot slot="595">D0N19</slot>
            <slot slot="596">D0N19</slot>
            <slot slot="597">D0N19</slot>
            <slot slot="598">D0N19</slot>
            <slot slot="599">D0N19</slot>
            <slot slot="600">D0N19</slot>
            <slot slot="601">D0N19</slot>
            <slot slot="602">D0N19</slot>
            <slot slot="603">D0N19</slot>
            <slot slot="604">D0N19</slot>
            <slot slot="605">D0N19</slot>
            <slot slot="606">D0N19</slot>
            <slot slot="607">D0N19</slot>
            <slot slot="608">D0N19</slot>
            <slot slot="609">D0N19</slot>
            <slot slot="610">D0N19</slot>
            <slot slot="611">D0N19</slot>
            <slot slot="612">D0N19</slot>
            <slot slot="613">D0N19</slot>
            <slot slot="614">D0N19</slot>
            <slot slot="615">D0N19</slot>
            <slot slot="616">D0N19</slot>
            <slot slot="617">D0N19</slot>
            <slot slot="618">D0N19</slot>
            <slot slot="619">D0N19</slot>
            <slot slot="620">D0N19</slot>
            <slot slot="621">D0N19</slot>
            <slot slot="622">D0N19</slot>
            <slot slot="623">D0N19</slot>
            <slot slot="624">D0N19</slot>
            <slot slot="625">D0N19</slot>
            <slot slot="626">D0N19</slot>
            <slot slot="627">D0N19</slot>
            <slot slot="628">D0N19</slot>
            <slot slot="629">D0N19</slot>
            <slot slot="630">D0N9</slot>
            <slot slot="631">D0N9</slot>
            <slot slot="632">D0N9</slot>
            <slot slot="633">D0N9</slot>
            <slot slot="634">D0N9</slot>
            <slot slot="635">D0N9</slot>
            <slot slot="636">D0N9</slot>
            <slot slot="637">D0N9</slot>
            <slot slot="638">D0N9</slot>
            <slot slot="639">D0N9</slot>
            <slot slot="640">D0N9</slot>
            <slot slot="641">D0N9</slot>
            <slot slot="642">D0N9</slot>
            <slot slot="643">D0N9</slot>
            <slot slot="644">D0N9</slot>
            <slot slot="645">D0N9</slot>
            <slot slot="646">D0N9</slot>
            <slot slot="647">D0N9</slot>
            <slot slot="648">D0N9</slot>
            <slot slot="649">D0N9</slot>
            <slot slot="650">D0N9</slot>
            <slot slot="651">D0N9</slot>
            <slot slot="652">D0N9</slot>
            <slot slot="653">D0N9</slot>
            <slot slot="654">D0N9</slot>
            <slot slot="655">D0N9</slot>
            <slot slot="656">D0N9</slot>
            <slot slot="657">D0N9</slot>
            <slot slot="658">D0N9</slot>
            <slot slot="659">D0N9</slot>
            <slot slot="660">D0N34</slot>
            <slot slot="661">D0N34</slot>
            <slot slot="662">D0N34</slot>
            <slot slot="663">D0N34</slot>
            <slot slot="664">D0N34</slot>
            <slot slot="665">D0N34</slot>
            <slot slot="666">D0N34</slot>
            <slot slot="667">D0N34</slot>
            <slot slot="668">D0N34</slot>
            <slot slot="669">D0N34</slot>
            <slot slot="670">D0N34</slot>
            <slot slot="671">D0N34</slot>
            <slot slot="672">D0N34</slot>
            <slot slot="673">D0N34</slot>
            <slot slot="674">D0N34</slot>
            <slot slot="675">D0N34</slot>
            <slot slot="676">D0N34</slot>
            <slot slot="677">D0N34</slot>
            <slot slot="678">D0N34</slot>
            <slot slot="679">D0N34</slot>
            <slot slot="680">D0N7</slot>
            <slot slot="681">D0N7</slot>
            <slot slot="682">D0N7</slot>
            <slot slot="683">D0N7</slot>
            <slot slot="684">D0N7</slot>
            <slot slot="685">D0N7</slot>
            <slot slot="686">D0N7</slot>
            <slot slot="687">D0N7</slot>
            <slot slot="688">D0N7</slot>
            <slot slot="689">D0N7</slot>
            <slot slot="690">D0N13</slot>
            <slot slot="691">D0N13</slot>
            <slot slot="692">D0N13</slot>
            <slot slot="693">D0N13</slot>
            <slot slot="694">D0N13</slot>
            <slot slot="695">D0N13</slot>
            <slot slot="696">D0N13</slot>
            <slot slot="697">D0N13</slot>
            <slot slot="698">D0N13</slot>
            <slot slot="699">D0N13</slot>
            <slot slot="700">D0N13</slot>
            <slot slot="701">D0N13</slot>
            <slot slot="702">D0N13</slot>
            <slot slot="703">D0N13</slot>
            <slot slot="704">D0N13</slot>
            <slot slot="705">D0N13</slot>
            <slot slot="706">D0N13</slot>
            <slot slot="707">D0N13</slot>
            <slot slot="708">D0N13</slot>
            <slot slot="709">D0N13</slot>
            <slot slot="710">D0N13</slot>
            <slot slot="711">D0N13</slot>
            <slot slot="712">D0N13</slot>
            <slot slot="713">D0N13</slot>
            <slot slot="714">D0N13</slot>
            <slot slot="715">D0N13</slot>
            <slot slot="716">D0N13</slot>
            <slot slot="717">D0N13</slot>
            <slot slot="718">D0N13</slot>
            <slot slot="719">D0N13</slot>
            <slot slot="720">D0N16</slot>
            <slot slot="721">D0N16</slot>
            <slot slot="722">D0N16</slot>
            <slot slot="723">D0N16</slot>
            <slot slot="724">D0N16</slot>
            <slot slot="725">D0N16</slot>
            <slot slot="726">D0N16</slot>
            <slot slot="727">D0N16</slot>
            <slot slot="728">D0N16</slot>
            <slot slot="729">D0N16</slot>
            <slot slot="730">D0N16</slot>
            <slot slot="731">D0N16</slot>
            <slot slot="732">D0N16</slot>
            <slot slot="733">D0N16</slot>
            <slot slot="734">D0N16</slot>
            <slot slot="735">D0N16</slot>
            <slot slot="736">D0N16</slot>
            <slot slot="737">D0N16</slot>
            <slot slot="738">D0N16</slot>
            <slot slot="739">D0N16</slot>
            <slot slot="740">D0N16</slot>
            <slot slot="741">D0N16</slot>
            <slot slot="742">D0N16</slot>
            <slot slot="743">D0N16</slot>
            <slot slot="744">D0N16</slot>
            <slot slot="745">D0N16</slot>
            <slot slot="746">D0N16</slot>
            <slot slot="747">D0N16</slot>
            <slot slot="748">D0N16</slot>
            <slot slot="749">D0N16</slot>
            <slot slot="750">D0N16</slot>
            <slot slot="751">D0N16</slot>
            <slot slot="752">D0N16</slot>
            <slot slot="753">D0N16</slot>
            <slot slot="754">D0N16</slot>
            <slot slot="755">D0N16</slot>
            <slot slot="756">D0N16</slot>
            <slot slot="757">D0N16</slot>
            <slot slot="758">D0N16</slot>
            <slot slot="759">D0N16</slot>
            <slot slot="760">D0N16</slot>
            <slot slot="761">D0N16</slot>
            <slot slot="762">D0N16</slot>
            <slot slot="763">D0N16</slot>
            <slot slot="764">D0N16</slot>
            <slot slot="765">D0N16</slot>
            <slot slot="766">D0N16</slot>
            <slot slot="767">D0N16</slot>
            <slot slot="768">D0N16</slot>
            <slot slot="769">D0N16</slot>
            <slot slot="770">D0N41</slot>
            <slot slot="771">D0N41</slot>
            <slot slot="772">D0N41</slot>
            <slot slot="773">D0N41</slot>
            <slot slot="774">D0N41</slot>
            <slot slot="775">D0N41</slot>
            <slot slot="776">D0N41</slot>
            <slot slot="777">D0N41</slot>
            <slot slot="778">D0N41</slot>
            <slot slot="779">D0N41</slot>
            <slot slot="780">D0N30</slot>
            <slot slot="781">D0N30</slot>
            <slot slot="782">D0N30</slot>
            <slot slot="783">D0N30</slot>
            <slot slot="784">D0N30</slot>
            <slot slot="785">D0N30</slot>
            <slot slot="786">D0N30</slot>
            <slot slot="787">D0N30</slot>
            <slot slot="788">D0N30</slot>
            <slot slot="789">D0N30</slot>
            <slot slot="790">D0N35</slot>
            <slot slot="791">D0N35</slot>
            <slot slot="792">D0N35</slot>
            <slot slot="793">D0N35</slot>
            <slot slot="794">D0N35</slot>
            <slot slot="795">D0N35</slot>
            <slot slot="796">D0N35</slot>
            <slot slot="797">D0N35</slot>
            <slot slot="798">D0N35</slot>
            <slot slot="799">D0N35</slot>
            <slot slot="800">D0N35</slot>
            <slot slot="801">D0N35</slot>
            <slot slot="802">D0N35</slot>
            <slot slot="803">D0N35</slot>
            <slot slot="804">D0N35</slot>
            <slot slot="805">D0N35</slot>
            <slot slot="806">D0N35</slot>
            <slot slot="807">D0N35</slot>
            <slot slot="808">D0N35</slot>
            <slot slot="809">D0N35</slot>
            <slot slot="810">D0N35</slot>
            <slot slot="811">D0N35</slot>
            <slot slot="812">D0N35</slot>
            <slot slot="813">D0N35</slot>
            <slot slot="814">D0N35</slot>
            <slot slot="815">D0N35</slot>
            <slot slot="816">D0N35</slot>
            <slot slot="817">D0N35</slot>
            <slot slot="818">D0N35</slot>
            <slot slot="819">D0N35</slot>
            <slot slot="820">D0N15</slot>
            <slot slot="821">D0N15</slot>
            <slot slot="822">D0N15</slot>
            <slot slot="823">D0N15</slot>
            <slot slot="824">D0N15</slot>
            <slot slot="825">D0N15</slot>
            <slot slot="826">D0N15</slot>
            <slot slot="827">D0N15</slot>
            <slot slot="828">D0N15</slot>
            <slot slot="829">D0N15</slot>
            <slot slot="830">D0N15</slot>
            <slot slot="831">D0N15</slot>
            <slot slot="832">D0N15</slot>
            <slot slot="833">D0N15</slot>
            <slot slot="834">D0N15</slot>
            <slot slot="835">D0N15</slot>
            <slot slot="836">D0N15</slot>
            <slot slot="837">D0N15</slot>
            <slot slot="838">D0N15</slot>
            <slot slot="839">D0N15</slot>
            <slot slot="840">D0N21</slot>
            <slot slot="841">D0N21</slot>
            <slot slot="842">D0N21</slot>
            <slot slot="843">D0N21</slot>
            <slot slot="844">D0N21</slot>
            <slot slot="845">D0N21</slot>
            <slot slot="846">D0N21</slot>
            <slot slot="847">D0N21</slot>
            <slot slot="848">D0N21</slot>
            <slot slot="849">D0N21</slot>
            <slot slot="850">D0N21</slot>
            <slot slot="851">D0N21</slot>
            <slot slot="852">D0N21</slot>
            <slot slot="853">D0N21</slot>
            <slot slot="854">D0N21</slot>
            <slot slot="855">D0N21</slot>
            <slot slot="856">D0N21</slot>
            <slot slot="857">D0N21</slot>
            <slot slot="858">D0N21</slot>
            <slot slot="859">D0N21</slot>
            <slot slot="860">D0N43</slot>
            <slot slot="861">D0N43</slot>
            <slot slot="862">D0N43</slot>
            <slot slot="863">D0N43</slot>
            <slot slot="864">D0N43</slot>
            <slot slot="865">D0N43</slot>
            <slot slot="866">D0N43</slot>
            <slot slot="867">D0N43</slot>
            <slot slot="868">D0N43</slot>
            <slot slot="869">D0N43</slot>
            <slot slot="870">D0N43</slot>
            <slot slot="871">D0N43</slot>
            <slot slot="872">D0N43</slot>
            <slot slot="873">D0N43</slot>
            <slot slot="874">D0N43</slot>
            <slot slot="875">D0N43</slot>
            <slot slot="876">D0N43</slot>
            <slot slot="877">D0N43</slot>
            <slot slot="878">D0N43</slot>
            <slot slot="879">D0N43</slot>
            <slot slot="880">D0N43</slot>
            <slot slot="881">D0N43</slot>
            <slot slot="882">D0N43</slot>
            <slot slot="883">D0N43</slot>
            <slot slot="884">D0N43</slot>
            <slot slot="885">D0N43</slot>
            <slot slot="886">D0N43</slot>
            <slot slot="887">D0N43</slot>
            <slot slot="888">D0N43</slot>
            <slot slot="889">D0N43</slot>
            <slot slot="890">D0N43</slot>
            <slot slot="891">D0N43</slot>
            <slot slot="892">D0N43</slot>
            <slot slot="893">D0N43</slot>
            <slot slot="894">D0N43</slot>
            <slot slot="895">D0N43</slot>
            <slot slot="896">D0N43</slot>
            <slot slot="897">D0N43</slot>
            <slot slot="898">D0N43</slot>
            <slot slot="899">D0N43</slot>
            <slot slot="900">D0N43</slot>
            <slot slot="901">D0N43</slot>
            <slot slot="902">D0N43</slot>
            <slot slot="903">D0N43</slot>
            <slot slot="904">D0N43</slot>
            <slot slot="905">D0N43</slot>
            <slot slot="906">D0N43</slot>
            <slot slot="907">D0N43</slot>
            <slot slot="908">D0N43</slot>
            <slot slot="909">D0N43</slot>
            <slot slot="910">D0N42</slot>
            <slot slot="911">D0N42</slot>
            <slot slot="912">D0N42</slot>
            <slot slot="913">D0N42</slot>
            <slot slot="914">D0N42</slot>
            <slot slot="915">D0N42</slot>
            <slot slot="916">D0N42</slot>
            <slot slot="917">D0N42</slot>
            <slot slot="918">D0N42</slot>
            <slot slot="919">D0N42</slot>
            <slot slot="920">D0N27</slot>
            <slot slot="921">D0N27</slot>
            <slot slot="922">D0N27</slot>
            <slot slot="923">D0N27</slot>
            <slot slot="924">D0N27</slot>
            <slot slot="925">D0N27</slot>
            <slot slot="926">D0N27</slot>
            <slot slot="927">D0N27</slot>
            <slot slot="928">D0N27</slot>
            <slot slot="929">D0N27</slot>
            <slot slot="930">D0N27</slot>
            <slot slot="931">D0N27</slot>
            <slot slot="932">D0N27</slot>
            <slot slot="933">D0N27</slot>
            <slot slot="934">D0N27</slot>
            <slot slot="935">D0N27</slot>
            <slot slot="936">D0N27</slot>
            <slot slot="937">D0N27</slot>
            <slot slot="938">D0N27</slot>
            <slot slot="939">D0N27</slot>
            <slot slot="940">D0N27</slot>
            <slot slot="941">D0N27</slot>
            <slot slot="942">D0N27</slot>
            <slot slot="943">D0N27</slot>
            <slot slot="944">D0N27</slot>
            <slot slot="945">D0N27</slot>
            <slot slot="946">D0N27</slot>
            <slot slot="947">D0N27</slot>
            <slot slot="948">D0N27</slot>
            <slot slot="949">D0N27</slot>
            <slot slot="950">D0N25</slot>
            <slot slot="951">D0N25</slot>
            <slot slot="952">D0N25</slot>
            <slot slot="953">D0N25</slot>
            <slot slot="954">D0N25</slot>
            <slot slot="955">D0N25</slot>
            <slot slot="956">D0N25</slot>
            <slot slot="957">D0N25</slot>
            <slot slot="958">D0N25</slot>
            <slot slot="959">D0N25</slot>
            <slot slot="960">D0N31</slot>
            <slot slot="961">D0N31</slot>
            <slot slot="962">D0N31</slot>
            <slot slot="963">D0N31</slot>
            <slot slot="964">D0N31</slot>
            <slot slot="965">D0N31</slot>
            <slot slot="966">D0N31</slot>
            <slot slot="967">D0N31</slot>
            <slot slot="968">D0N31</slot>
            <slot slot="969">D0N31</slot>
            <slot slot="970">D0N31</slot>
            <slot slot="971">D0N31</slot>
            <slot slot="972">D0N31</slot>
            <slot slot="973">D0N31</slot>
            <slot slot="974">D0N31</slot>
            <slot slot="975">D0N31</slot>
            <slot slot="976">D0N31</slot>
            <slot slot="977">D0N31</slot>
            <slot slot="978">D0N31</slot>
            <slot slot="979">D0N31</slot>
            <slot slot="980">D0N31</slot>
            <slot slot="981">D0N31</slot>
            <slot slot="982">D0N31</slot>
            <slot slot="983">D0N31</slot>
            <slot slot="984">D0N31</slot>
            <slot slot="985">D0N31</slot>
            <slot slot="986">D0N31</slot>
            <slot slot="987">D0N31</slot>
            <slot slot="988">D0N31</slot>
            <slot slot="989">D0N31</slot>
            <slot slot="990">D0N31</slot>
            <slot slot="991">D0N31</slot>
            <slot slot="992">D0N31</slot>
            <slot slot="993">D0N31</slot>
            <slot slot="994">D0N31</slot>
            <slot slot="995">D0N31</slot>
            <slot slot="996">D0N31</slot>
            <slot slot="997">D0N31</slot>
            <slot slot="998">D0N31</slot>
            <slot slot="999">D0N31</slot>
            <slot slot="1000">D0N31</slot>
            <slot slot="1001">D0N31</slot>
            <slot slot="1002">D0N31</slot>
            <slot slot="1003">D0N31</slot>
            <slot slot="1004">D0N31</slot>
            <slot slot="1005">D0N31</slot>
            <slot slot="1006">D0N31</slot>
            <slot slot="1007">D0N31</slot>
            <slot slot="1008">D0N31</slot>
            <slot slot="1009">D0N31</slot>
            <slot slot="1010">D0N31</slot>
            <slot slot="1011">D0N31</slot>
            <slot slot="1012">D0N31</slot>
            <slot slot="1013">D0N31</slot>
            <slot slot="1014">D0N31</slot>
            <slot slot="1015">D0N31</slot>
            <slot slot="1016">D0N31</slot>
            <slot slot="1017">D0N31</slot>
            <slot slot="1018">D0N31</slot>
            <slot slot="1019">D0N31</slot>
            <slot slot="1020">D0N46</slot>
            <slot slot="1021">D0N46</slot>
            <slot slot="1022">D0N46</slot>
            <slot slot="1023">D0N46</slot>
            <slot slot="1024">D0N46</slot>
            <slot slot="1025">D0N46</slot>
            <slot slot="1026">D0N46</slot>
            <slot slot="1027">D0N46</slot>
            <slot slot="1028">D0N46</slot>
            <slot slot="1029">D0N46</slot>
            <slot slot="1030">D0N46</slot>
            <slot slot="1031">D0N46</slot>
            <slot slot="1032">D0N46</slot>
            <slot slot="1033">D0N46</slot>
            <slot slot="1034">D0N46</slot>
            <slot slot="1035">D0N46</slot>
            <slot slot="1036">D0N46</slot>
            <slot slot="1037">D0N46</slot>
            <slot slot="1038">D0N46</slot>
            <slot slot="1039">D0N46</slot>
            <slot slot="1040">D0N46</slot>
            <slot slot="1041">D0N46</slot>
            <slot slot="1042">D0N46</slot>
            <slot slot="1043">D0N46</slot>
            <slot slot="1044">D0N46</slot>
            <slot slot="1045">D0N46</slot>
            <slot slot="1046">D0N46</slot>
            <slot slot="1047">D0N46</slot>
            <slot slot="1048">D0N46</slot>
            <slot slot="1049">D0N46</slot>
            <slot slot="1050">D0N46</slot>
            <slot slot="1051">D0N46</slot>
            <slot slot="1052">D0N46</slot>
            <slot slot="1053">D0N46</slot>
            <slot slot="1054">D0N46</slot>
            <slot slot="1055">D0N46</slot>
            <slot slot="1056">D0N46</slot>
            <slot slot="1057">D0N46</slot>
            <slot slot="1058">D0N46</slot>
            <slot slot="1059">D0N46</slot>
            <slot slot="1060">D0N46</slot>
            <slot slot="1061">D0N46</slot>
            <slot slot="1062">D0N46</slot>
            <slot slot="1063">D0N46</slot>
            <slot slot="1064">D0N46</slot>
            <slot slot="1065">D0N46</slot>
            <slot slot="1066">D0N46</slot>
            <slot slot="1067">D0N46</slot>
            <slot slot="1068">D0N46</slot>
            <slot slot="1069">D0N46</slot>
            <slot slot="1070">D0N46</slot>
            <slot slot="1071">D0N46</slot>
            <slot slot="1072">D0N46</slot>
            <slot slot="1073">D0N46</slot>
            <slot slot="1074">D0N46</slot>
            <slot slot="1075">D0N46</slot>
            <slot slot="1076">D0N46</slot>
            <slot slot="1077">D0N46</slot>
            <slot slot="1078">D0N46</slot>
            <slot slot="1079">D0N46</slot>
            <slot slot="1080">D0N46</slot>
            <slot slot="1081">D0N46</slot>
            <slot slot="1082">D0N46</slot>
            <slot slot="1083">D0N46</slot>
            <slot slot="1084">D0N46</slot>
            <slot slot="1085">D0N46</slot>
            <slot slot="1086">D0N46</slot>
            <slot slot="1087">D0N46</slot>
            <slot slot="1088">D0N46</slot>
            <slot slot="1089">D0N46</slot>
            <slot slot="1090">D0N46</slot>
            <slot slot="1091">D0N46</slot>
            <slot slot="1092">D0N46</slot>
            <slot slot="1093">D0N46</slot>
            <slot slot="1094">D0N46</slot>
            <slot slot="1095">D0N46</slot>
            <slot slot="1096">D0N46</slot>
            <slot slot="1097">D0N46</slot>
            <slot slot="1098">D0N46</slot>
            <slot slot="1099">D0N46</slot>
            <slot slot="1100">D0N46</slot>
            <slot slot="1101">D0N46</slot>
            <slot slot="1102">D0N46</slot>
            <slot slot="1103">D0N46</slot>
            <slot slot="1104">D0N46</slot>
            <slot slot="1105">D0N46</slot>
            <slot slot="1106">D0N46</slot>
            <slot slot="1107">D0N46</slot>
            <slot slot="1108">D0N46</slot>
            <slot slot="1109">D0N46</slot>
            <slot slot="1110">D0N46</slot>
            <slot slot="1111">D0N46</slot>
            <slot slot="1112">D0N46</slot>
            <slot slot="1113">D0N46</slot>
            <slot slot="1114">D0N46</slot>
            <slot slot="1115">D0N46</slot>
            <slot slot="1116">D0N46</slot>
            <slot slot="1117">D0N46</slot>
            <slot slot="1118">D0N46</slot>
            <slot slot="1119">D0N46</slot>
            <slot slot="1120">D0N45</slot>
            <slot slot="1121">D0N45</slot>
            <slot slot="1122">D0N45</slot>
            <slot slot="1123">D0N45</slot>
            <slot slot="1124">D0N45</slot>
            <slot slot="1125">D0N45</slot>
            <slot slot="1126">D0N45</slot>
            <slot slot="1127">D0N45</slot>
            <slot slot="1128">D0N45</slot>
            <slot slot="1129">D0N45</slot>
            <slot slot="1130">D0N45</slot>
            <slot slot="1131">D0N45</slot>
            <slot slot="1132">D0N45</slot>
            <slot slot="1133">D0N45</slot>
            <slot slot="1134">D0N45</slot>
            <slot slot="1135">D0N45</slot>
            <slot slot="1136">D0N45</slot>
            <slot slot="1137">D0N45</slot>
            <slot slot="1138">D0N45</slot>
            <slot slot="1139">D0N45</slot>
            <slot slot="1140">D0N45</slot>
            <slot slot="1141">D0N45</slot>
            <slot slot="1142">D0N45</slot>
            <slot slot="1143">D0N45</slot>
            <slot slot="1144">D0N45</slot>
            <slot slot="1145">D0N45</slot>
            <slot slot="1146">D0N45</slot>
            <slot slot="1147">D0N45</slot>
            <slot slot="1148">D0N45</slot>
            <slot slot="1149">D0N45</slot>
            <slot slot="1150">D0N45</slot>
            <slot slot="1151">D0N45</slot>
            <slot slot="1152">D0N45</slot>
            <slot slot="1153">D0N45</slot>
            <slot slot="1154">D0N45</slot>
            <slot slot="1155">D0N45</slot>
            <slot slot="1156">D0N45</slot>
            <slot slot="1157">D0N45</slot>
            <slot slot="1158">D0N45</slot>
            <slot slot="1159">D0N45</slot>
            <slot slot="1160">D0N45</slot>
            <slot slot="1161">D0N45</slot>
            <slot slot="1162">D0N45</slot>
            <slot slot="1163">D0N45</slot>
            <slot slot="1164">D0N45</slot>
            <slot slot="1165">D0N45</slot>
            <slot slot="1166">D0N45</slot>
            <slot slot="1167">D0N45</slot>
            <slot slot="1168">D0N45</slot>
            <slot slot="1169">D0N45</slot>
            <slot slot="1170">D0N40</slot>
            <slot slot="1171">D0N40</slot>
            <slot slot="1172">D0N40</slot>
            <slot slot="1173">D0N40</slot>
            <slot slot="1174">D0N40</slot>
            <slot slot="1175">D0N40</slot>
            <slot slot="1176">D0N40</slot>
            <slot slot="1177">D0N40</slot>
            <slot slot="1178">D0N40</slot>
            <slot slot="1179">D0N40</slot>
            <slot slot="1180">D0N40</slot>
            <slot slot="1181">D0N40</slot>
            <slot slot="1182">D0N40</slot>
            <slot slot="1183">D0N40</slot>
            <slot slot="1184">D0N40</slot>
            <slot slot="1185">D0N40</slot>
            <slot slot="1186">D0N40</slot>
            <slot slot="1187">D0N40</slot>
            <slot slot="1188">D0N40</slot>
            <slot slot="1189">D0N40</slot>
            <slot slot="1190">D0N47</slot>
            <slot slot="1191">D0N47</slot>
            <slot slot="1192">D0N47</slot>
            <slot slot="1193">D0N47</slot>
            <slot slot="1194">D0N47</slot>
            <slot slot="1195">D0N47</slot>
            <slot slot="1196">D0N47</slot>
            <slot slot="1197">D0N47</slot>
            <slot slot="1198">D0N47</slot>
            <slot slot="1199">D0N47</slot>
        </core>
        <core number="2">
            <slot slot="0">-</slot>
            <slot slot="1">-</slot>
            <slot slot="2">-</slot>
            <slot slot="3">-</slot>
            <slot slot="4">-</slot>
            <slot slot="5">-</slot>
            <slot slot="6">-</slot>
            <slot slot="7">-</slot>
            <slot slot="8">-</slot>
            <slot slot="9">-</slot>
            <slot slot="10">-</slot>
            <slot slot="11">-</slot>
            <slot slot="12">-</slot>
            <slot slot="13">-</slot>
            <slot slot="14">-</slot>
            <slot slot="15">-</slot>
            <slot slot="16">-</slot>
            <slot slot="17">-</slot>
            <slot slot="18">-</slot>
            <slot slot="19">-</slot>
            <slot slot="20">-</slot>
            <slot slot="21">-</slot>
            <slot slot="22">-</slot>
            <slot slot="23">-</slot>
            <slot slot="24">-</slot>
            <slot slot="25">-</slot>
            <slot slot="26">-</slot>
            <slot slot="27">-</slot>
            <slot slot="28">-</slot>
            <slot slot="29">-</slot>
            <slot slot="30">-</slot>
            <slot slot="31">-</slot>
            <slot slot="32">-</slot>
            <slot slot="33">-</slot>
            <slot slot="34">-</slot>
            <slot slot="35">-</slot>
            <slot slot="36">-</slot>
            <slot slot="37">-</slot>
            <slot slot="38">-</slot>
            <slot slot="39">-</slot>
            <slot slot="40">-</slot>
            <slot slot="41">-</slot>
            <slot slot="42">-</slot>
            <slot slot="43">-</slot>
            <slot slot="44">-</slot>
            <slot slot="45">-</slot>
            <slot slot="46">-</slot>
            <slot slot="47">-</slot>
            <slot slot="48">-</slot>
            <slot slot="49">-</slot>
            <slot slot="50">-</slot>
            <slot slot="51">-</slot>
            <slot slot="52">-</slot>
            <slot slot="53">-</slot>
            <slot slot="54">-</slot>
            <slot slot="55">-</slot>
            <slot slot="56">-</slot>
            <slot slot="57">-</slot>
            <slot slot="58">-</slot>
            <slot slot="59">-</slot>
            <slot slot="60">-</slot>
            <slot slot="61">-</slot>
            <slot slot="62">-</slot>
            <slot slot="63">-</slot>
            <slot slot="64">-</slot>
            <slot slot="65">-</slot>
            <slot slot="66">-</slot>
            <slot slot="67">-</slot>
            <slot slot="68">-</slot>
            <slot slot="69">-</slot>
            <slot slot="70">-</slot>
            <slot slot="71">-</slot>
            <slot slot="72">-</slot>
            <slot slot="73">-</slot>
            <slot slot="74">-</slot>
            <slot slot="75">-</slot>
            <slot slot="76">-</slot>
            <slot slot="77">-</slot>
            <slot slot="78">-</slot>
            <slot slot="79">-</slot>
            <slot slot="80">-</slot>
            <slot slot="81">-</slot>
            <slot slot="82">-</slot>
            <slot slot="83">-</slot>
            <slot slot="84">-</slot>
            <slot slot="85">-</slot>
            <slot slot="86">-</slot>
            <slot slot="87">-</slot>
            <slot slot="88">-</slot>
            <slot slot="89">-</slot>
            <slot slot="90">-</slot>
            <slot slot="91">-</slot>
            <slot slot="92">-</slot>
            <slot slot="93">-</slot>
            <slot slot="94">-</slot>
            <slot slot="95">-</slot>
            <slot slot="96">-</slot>
            <slot slot="97">-</slot>
            <slot slot="98">-</slot>
            <slot slot="99">-</slot>
            <slot slot="100">-</slot>
            <slot slot="101">-</slot>
            <slot slot="102">-</slot>
            <slot slot="103">-</slot>
            <slot slot="104">-</slot>
            <slot slot="105">-</slot>
            <slot slot="106">-</slot>
            <slot slot="107">-</slot>
            <slot slot="108">-</slot>
            <slot slot="109">-</slot>
            <slot slot="110">-</slot>
            <slot slot="111">-</slot>
            <slot slot="112">-</slot>
            <slot slot="113">-</slot>
            <slot slot="114">-</slot>
            <slot slot="115">-</slot>
            <slot slot="116">-</slot>
            <slot slot="117">-</slot>
            <slot slot="118">-</slot>
            <slot slot="119">-</slot>
            <slot slot="120">-</slot>
            <slot slot="121">-</slot>
            <slot slot="122">-</slot>
            <slot slot="123">-</slot>
            <slot slot="124">-</slot>
            <slot slot="125">-</slot>
            <slot slot="126">-</slot>
            <slot slot="127">-</slot>
            <slot slot="128">-</slot>
            <slot slot="129">-</slot>
            <slot slot="130">-</slot>
            <slot slot="131">-</slot>
            <slot slot="132">-</slot>
            <slot slot="133">-</slot>
            <slot slot="134">-</slot>
            <slot slot="135">-</slot>
            <slot slot="136">-</slot>
            <slot slot="137">-</slot>
            <slot slot="138">-</slot>
            <slot slot="139">-</slot>
            <slot slot="140">-</slot>
            <slot slot="141">-</slot>
            <slot slot="142">-</slot>
            <slot slot="143">-</slot>
            <slot slot="144">-</slot>
            <slot slot="145">-</slot>
            <slot slot="146">-</slot>
            <slot slot="147">-</slot>
            <slot slot="148">-</slot>
            <slot slot="149">-</slot>
            <slot slot="150">-</slot>
            <slot slot="151">-</slot>
            <slot slot="152">-</slot>
            <slot slot="153">-</slot>
            <slot slot="154">-</slot>
            <slot slot="155">-</slot>
            <slot slot="156">-</slot>
            <slot slot="157">-</slot>
            <slot slot="158">-</slot>
            <slot slot="159">-</slot>
            <slot slot="160">-</slot>
            <slot slot="161">-</slot>
            <slot slot="162">-</slot>
            <slot slot="163">-</slot>
            <slot slot="164">-</slot>
            <slot slot="165">-</slot>
            <slot slot="166">-</slot>
            <slot slot="167">-</slot>
            <slot slot="168">-</slot>
            <slot slot="169">-</slot>
            <slot slot="170">-</slot>
            <slot slot="171">-</slot>
            <slot slot="172">-</slot>
            <slot slot="173">-</slot>
            <slot slot="174">-</slot>
            <slot slot="175">-</slot>
            <slot slot="176">-</slot>
            <slot slot="177">-</slot>
            <slot slot="178">-</slot>
            <slot slot="179">-</slot>
            <slot slot="180">-</slot>
            <slot slot="181">-</slot>
            <slot slot="182">-</slot>
            <slot slot="183">-</slot>
            <slot slot="184">-</slot>
            <slot slot="185">-</slot>
            <slot slot="186">-</slot>
            <slot slot="187">-</slot>
            <slot slot="188">-</slot>
            <slot slot="189">-</slot>
            <slot slot="190">-</slot>
            <slot slot="191">-</slot>
            <slot slot="192">-</slot>
            <slot slot="193">-</slot>
            <slot slot="194">-</slot>
            <slot slot="195">-</slot>
            <slot slot="196">-</slot>
            <slot slot="197">-</slot>
            <slot slot="198">-</slot>
            <slot slot="199">-</slot>
            <slot slot="200">-</slot>
            <slot slot="201">-</slot>
            <slot slot="202">-</slot>
            <slot slot="203">-</slot>
            <slot slot="204">-</slot>
            <slot slot="205">-</slot>
            <slot slot="206">-</slot>
            <slot slot="207">-</slot>
            <slot slot="208">-</slot>
            <slot slot="209">-</slot>
            <slot slot="210">-</slot>
            <slot slot="211">-</slot>
            <slot slot="212">-</slot>
            <slot slot="213">-</slot>
            <slot slot="214">-</slot>
            <slot slot="215">-</slot>
            <slot slot="216">-</slot>
            <slot slot="217">-</slot>
            <slot slot="218">-</slot>
            <slot slot="219">-</slot>
            <slot slot="220">-</slot>
            <slot slot="221">-</slot>
            <slot slot="222">-</slot>
            <slot slot="223">-</slot>
            <slot slot="224">-</slot>
            <slot slot="225">-</slot>
            <slot slot="226">-</slot>
            <slot slot="227">-</slot>
            <slot slot="228">-</slot>
            <slot slot="229">-</slot>
            <slot slot="230">-</slot>
            <slot slot="231">-</slot>
            <slot slot="232">-</slot>
            <slot slot="233">-</slot>
            <slot slot="234">-</slot>
            <slot slot="235">-</slot>
            <slot slot="236">-</slot>
            <slot slot="237">-</slot>
            <slot slot="238">-</slot>
            <slot slot="239">-</slot>
            <slot slot="240">-</slot>
            <slot slot="241">-</slot>
            <slot slot="242">-</slot>
            <slot slot="243">-</slot>
            <slot slot="244">-</slot>
            <slot slot="245">-</slot>
            <slot slot="246">-</slot>
            <slot slot="247">-</slot>
            <slot slot="248">-</slot>
            <slot slot="249">-</slot>
            <slot slot="250">-</slot>
            <slot slot="251">-</slot>
            <slot slot="252">-</slot>
            <slot slot="253">-</slot>
            <slot slot="254">-</slot>
            <slot slot="255">-</slot>
            <slot slot="256">-</slot>
            <slot slot="257">-</slot>
            <slot slot="258">-</slot>
            <slot slot="259">-</slot>
            <slot slot="260">-</slot>
            <slot slot="261">-</slot>
            <slot slot="262">-</slot>
            <slot slot="263">-</slot>
            <slot slot="264">-</slot>
            <slot slot="265">-</slot>
            <slot slot="266">-</slot>
            <slot slot="267">-</slot>
            <slot slot="268">-</slot>
            <slot slot="269">-</slot>
            <slot slot="270">-</slot>
            <slot slot="271">-</slot>
            <slot slot="272">-</slot>
            <slot slot="273">-</slot>
            <slot slot="274">-</slot>
            <slot slot="275">-</slot>
            <slot slot="276">-</slot>
            <slot slot="277">-</slot>
            <slot slot="278">-</slot>
            <slot slot="279">-</slot>
            <slot slot="280">-</slot>
            <slot slot="281">-</slot>
            <slot slot="282">-</slot>
            <slot slot="283">-</slot>
            <slot slot="284">-</slot>
            <slot slot="285">-</slot>
            <slot slot="286">-</slot>
            <slot slot="287">-</slot>
            <slot slot="288">-</slot>
            <slot slot="289">-</slot>
            <slot slot="290">-</slot>
            <slot slot="291">-</slot>
            <slot slot="292">-</slot>
            <slot slot="293">-</slot>
            <slot slot="294">-</slot>
            <slot slot="295">-</slot>
            <slot slot="296">-</slot>
            <slot slot="297">-</slot>
            <slot slot="298">-</slot>
            <slot slot="299">-</slot>
            <slot slot="300">-</slot>
            <slot slot="301">-</slot>
            <slot slot="302">-</slot>
            <slot slot="303">-</slot>
            <slot slot="304">-</slot>
            <slot slot="305">-</slot>
            <slot slot="306">-</slot>
            <slot slot="307">-</slot>
            <slot slot="308">-</slot>
            <slot slot="309">-</slot>
            <slot slot="310">-</slot>
            <slot slot="311">-</slot>
            <slot slot="312">-</slot>
            <slot slot="313">-</slot>
            <slot slot="314">-</slot>
            <slot slot="315">-</slot>
            <slot slot="316">-</slot>
            <slot slot="317">-</slot>
            <slot slot="318">-</slot>
            <slot slot="319">-</slot>
            <slot slot="320">D0N3</slot>
            <slot slot="321">D0N3</slot>
            <slot slot="322">D0N3</slot>
            <slot slot="323">D0N3</slot>
            <slot slot="324">D0N3</slot>
            <slot slot="325">D0N3</slot>
            <slot slot="326">D0N3</slot>
            <slot slot="327">D0N3</slot>
            <slot slot="328">D0N3</slot>
            <slot slot="329">D0N3</slot>
            <slot slot="330">D0N3</slot>
            <slot slot="331">D0N3</slot>
            <slot slot="332">D0N3</slot>
            <slot slot="333">D0N3</slot>
            <slot slot="334">D0N3</slot>
            <slot slot="335">D0N3</slot>
            <slot slot="336">D0N3</slot>
            <slot slot="337">D0N3</slot>
            <slot slot="338">D0N3</slot>
            <slot slot="339">D0N3</slot>
            <slot slot="340">D0N3</slot>
            <slot slot="341">D0N3</slot>
            <slot slot="342">D0N3</slot>
            <slot slot="343">D0N3</slot>
            <slot slot="344">D0N3</slot>
            <slot slot="345">D0N3</slot>
            <slot slot="346">D0N3</slot>
            <slot slot="347">D0N3</slot>
            <slot slot="348">D0N3</slot>
            <slot slot="349">D0N3</slot>
            <slot slot="350">D0N3</slot>
            <slot slot="351">D0N3</slot>
            <slot slot="352">D0N3</slot>
            <slot slot="353">D0N3</slot>
            <slot slot="354">D0N3</slot>
            <slot slot="355">D0N3</slot>
            <slot slot="356">D0N3</slot>
            <slot slot="357">D0N3</slot>
            <slot slot="358">D0N3</slot>
            <slot slot="359">D0N3</slot>
            <slot slot="360">D0N3</slot>
            <slot slot="361">D0N3</slot>
            <slot slot="362">D0N3</slot>
            <slot slot="363">D0N3</slot>
            <slot slot="364">D0N3</slot>
            <slot slot="365">D0N3</slot>
            <slot slot="366">D0N3</slot>
            <slot slot="367">D0N3</slot>
            <slot slot="368">D0N3</slot>
            <slot slot="369">D0N3</slot>
            <slot slot="370">D0N3</slot>
            <slot slot="371">D0N3</slot>
            <slot slot="372">D0N3</slot>
            <slot slot="373">D0N3</slot>
            <slot slot="374">D0N3</slot>
            <slot slot="375">D0N3</slot>
            <slot slot="376">D0N3</slot>
            <slot slot="377">D0N3</slot>
            <slot slot="378">D0N3</slot>
            <slot slot="379">D0N3</slot>
            <slot slot="380">-</slot>
            <slot slot="381">-</slot>
            <slot slot="382">-</slot>
            <slot slot="383">-</slot>
            <slot slot="384">-</slot>
            <slot slot="385">-</slot>
            <slot slot="386">-</slot>
            <slot slot="387">-</slot>
            <slot slot="388">-</slot>
            <slot slot="389">-</slot>
            <slot slot="390">-</slot>
            <slot slot="391">-</slot>
            <slot slot="392">-</slot>
            <slot slot="393">-</slot>
            <slot slot="394">-</slot>
            <slot slot="395">-</slot>
            <slot slot="396">-</slot>
            <slot slot="397">-</slot>
            <slot slot="398">-</slot>
            <slot slot="399">-</slot>
            <slot slot="400">-</slot>
            <slot slot="401">-</slot>
            <slot slot="402">-</slot>
            <slot slot="403">-</slot>
            <slot slot="404">-</slot>
            <slot slot="405">-</slot>
            <slot slot="406">-</slot>
            <slot slot="407">-</slot>
            <slot slot="408">-</slot>
            <slot slot="409">-</slot>
            <slot slot="410">-</slot>
            <slot slot="411">-</slot>
            <slot slot="412">-</slot>
            <slot slot="413">-</slot>
            <slot slot="414">-</slot>
            <slot slot="415">-</slot>
            <slot slot="416">-</slot>
            <slot slot="417">-</slot>
            <slot slot="418">-</slot>
            <slot slot="419">-</slot>
            <slot slot="420">-</slot>
            <slot slot="421">-</slot>
            <slot slot="422">-</slot>
            <slot slot="423">-</slot>
            <slot slot="424">-</slot>
            <slot slot="425">-</slot>
            <slot slot="426">-</slot>
            <slot slot="427">-</slot>
            <slot slot="428">-</slot>
            <slot slot="429">-</slot>
            <slot slot="430">-</slot>
            <slot slot="431">-</slot>
            <slot slot="432">-</slot>
            <slot slot="433">-</slot>
            <slot slot="434">-</slot>
            <slot slot="435">-</slot>
            <slot slot="436">-</slot>
            <slot slot="437">-</slot>
            <slot slot="438">-</slot>
            <slot slot="439">-</slot>
            <slot slot="440">-</slot>
            <slot slot="441">-</slot>
            <slot slot="442">-</slot>
            <slot slot="443">-</slot>
            <slot slot="444">-</slot>
            <slot slot="445">-</slot>
            <slot slot="446">-</slot>
            <slot slot="447">-</slot>
            <slot slot="448">-</slot>
            <slot slot="449">-</slot>
            <slot slot="450">-</slot>
            <slot slot="451">-</slot>
            <slot slot="452">-</slot>
            <slot slot="453">-</slot>
            <slot slot="454">-</slot>
            <slot slot="455">-</slot>
            <slot slot="456">-</slot>
            <slot slot="457">-</slot>
            <slot slot="458">-</slot>
            <slot slot="459">-</slot>
            <slot slot="460">-</slot>
            <slot slot="461">-</slot>
            <slot slot="462">-</slot>
            <slot slot="463">-</slot>
            <slot slot="464">-</slot>
            <slot slot="465">-</slot>
            <slot slot="466">-</slot>
            <slot slot="467">-</slot>
            <slot slot="468">-</slot>
            <slot slot="469">-</slot>
            <slot slot="470">-</slot>
            <slot slot="471">-</slot>
            <slot slot="472">-</slot>
            <slot slot="473">-</slot>
            <slot slot="474">-</slot>
            <slot slot="475">-</slot>
            <slot slot="476">-</slot>
            <slot slot="477">-</slot>
            <slot slot="478">-</slot>
            <slot slot="479">-</slot>
            <slot slot="480">-</slot>
            <slot slot="481">-</slot>
            <slot slot="482">-</slot>
            <slot slot="483">-</slot>
            <slot slot="484">-</slot>
            <slot slot="485">-</slot>
            <slot slot="486">-</slot>
            <slot slot="487">-</slot>
            <slot slot="488">-</slot>
            <slot slot="489">-</slot>
            <slot slot="490">-</slot>
            <slot slot="491">-</slot>
            <slot slot="492">-</slot>
            <slot slot="493">-</slot>
            <slot slot="494">-</slot>
            <slot slot="495">-</slot>
            <slot slot="496">-</slot>
            <slot slot="497">-</slot>
            <slot slot="498">-</slot>
            <slot slot="499">-</slot>
            <slot slot="500">-</slot>
            <slot slot="501">-</slot>
            <slot slot="502">-</slot>
            <slot slot="503">-</slot>
            <slot slot="504">-</slot>
            <slot slot="505">-</slot>
            <slot slot="506">-</slot>
            <slot slot="507">-</slot>
            <slot slot="508">-</slot>
            <slot slot="509">-</slot>
            <slot slot="510">D0N19</slot>
            <slot slot="511">D0N19</slot>
            <slot slot="512">D0N19</slot>
            <slot slot="513">D0N19</slot>
            <slot slot="514">D0N19</slot>
            <slot slot="515">D0N19</slot>
            <slot slot="516">D0N19</slot>
            <slot slot="517">D0N19</slot>
            <slot slot="518">D0N19</slot>
            <slot slot="519">D0N19</slot>
            <slot slot="520">D0N19</slot>
            <slot slot="521">D0N19</slot>
            <slot slot="522">D0N19</slot>
            <slot slot="523">D0N19</slot>
            <slot slot="524">D0N19</slot>
            <slot slot="525">D0N19</slot>
            <slot slot="526">D0N19</slot>
            <slot slot="527">D0N19</slot>
            <slot slot="528">D0N19</slot>
            <slot slot="529">D0N19</slot>
            <slot slot="530">D0N0</slot>
            <slot slot="531">D0N0</slot>
            <slot slot="532">D0N0</slot>
            <slot slot="533">D0N0</slot>
            <slot slot="534">D0N0</slot>
            <slot slot="535">D0N0</slot>
            <slot slot="536">D0N0</slot>
            <slot slot="537">D0N0</slot>
            <slot slot="538">D0N0</slot>
            <slot slot="539">D0N0</slot>
            <slot slot="540">D0N19</slot>
            <slot slot="541">D0N19</slot>
            <slot slot="542">D0N19</slot>
            <slot slot="543">D0N19</slot>
            <slot slot="544">D0N19</slot>
            <slot slot="545">D0N19</slot>
            <slot slot="546">D0N19</slot>
            <slot slot="547">D0N19</slot>
            <slot slot="548">D0N19</slot>
            <slot slot="549">D0N19</slot>
            <slot slot="550">D0N19</slot>
            <slot slot="551">D0N19</slot>
            <slot slot="552">D0N19</slot>
            <slot slot="553">D0N19</slot>
            <slot slot="554">D0N19</slot>
            <slot slot="555">D0N19</slot>
            <slot slot="556">D0N19</slot>
            <slot slot="557">D0N19</slot>
            <slot slot="558">D0N19</slot>
            <slot slot="559">D0N19</slot>
            <slot slot="560">D0N19</slot>
            <slot slot="561">D0N19</slot>
            <slot slot="562">D0N19</slot>
            <slot slot="563">D0N19</slot>
            <slot slot="564">D0N19</slot>
            <slot slot="565">D0N19</slot>
            <slot slot="566">D0N19</slot>
            <slot slot="567">D0N19</slot>
            <slot slot="568">D0N19</slot>
            <slot slot="569">D0N19</slot>
            <slot slot="570">D0N2</slot>
            <slot slot="571">D0N2</slot>
            <slot slot="572">D0N2</slot>
            <slot slot="573">D0N2</slot>
            <slot slot="574">D0N2</slot>
            <slot slot="575">D0N2</slot>
            <slot slot="576">D0N2</slot>
            <slot slot="577">D0N2</slot>
            <slot slot="578">D0N2</slot>
            <slot slot="579">D0N2</slot>
            <slot slot="580">D0N2</slot>
            <slot slot="581">D0N2</slot>
            <slot slot="582">D0N2</slot>
            <slot slot="583">D0N2</slot>
            <slot slot="584">D0N2</slot>
            <slot slot="585">D0N2</slot>
            <slot slot="586">D0N2</slot>
            <slot slot="587">D0N2</slot>
            <slot slot="588">D0N2</slot>
            <slot slot="589">D0N2</slot>
            <slot slot="590">D0N34</slot>
            <slot slot="591">D0N34</slot>
            <slot slot="592">D0N34</slot>
            <slot slot="593">D0N34</slot>
            <slot slot="594">D0N34</slot>
            <slot slot="595">D0N34</slot>
            <slot slot="596">D0N34</slot>
            <slot slot="597">D0N34</slot>
            <slot slot="598">D0N34</slot>
            <slot slot="599">D0N34</slot>
            <slot slot="600">D0N34</slot>
            <slot slot="601">D0N34</slot>
            <slot slot="602">D0N34</slot>
            <slot slot="603">D0N34</slot>
            <slot slot="604">D0N34</slot>
            <slot slot="605">D0N34</slot>
            <slot slot="606">D0N34</slot>
            <slot slot="607">D0N34</slot>
            <slot slot="608">D0N34</slot>
            <slot slot="609">D0N34</slot>
            <slot slot="610">D0N34</slot>
            <slot slot="611">D0N34</slot>
            <slot slot="612">D0N34</slot>
            <slot slot="613">D0N34</slot>
            <slot slot="614">D0N34</slot>
            <slot slot="615">D0N34</slot>
            <slot slot="616">D0N34</slot>
            <slot slot="617">D0N34</slot>
            <slot slot="618">D0N34</slot>
            <slot slot="619">D0N34</slot>
            <slot slot="620">D0N34</slot>
            <slot slot="621">D0N34</slot>
            <slot slot="622">D0N34</slot>
            <slot slot="623">D0N34</slot>
            <slot slot="624">D0N34</slot>
            <slot slot="625">D0N34</slot>
            <slot slot="626">D0N34</slot>
            <slot slot="627">D0N34</slot>
            <slot slot="628">D0N34</slot>
            <slot slot="629">D0N34</slot>
            <slot slot="630">D0N34</slot>
            <slot slot="631">D0N34</slot>
            <slot slot="632">D0N34</slot>
            <slot slot="633">D0N34</slot>
            <slot slot="634">D0N34</slot>
            <slot slot="635">D0N34</slot>
            <slot slot="636">D0N34</slot>
            <slot slot="637">D0N34</slot>
            <slot slot="638">D0N34</slot>
            <slot slot="639">D0N34</slot>
            <slot slot="640">D0N34</slot>
            <slot slot="641">D0N34</slot>
            <slot slot="642">D0N34</slot>
            <slot slot="643">D0N34</slot>
            <slot slot="644">D0N34</slot>
            <slot slot="645">D0N34</slot>
            <slot slot="646">D0N34</slot>
            <slot slot="647">D0N34</slot>
            <slot slot="648">D0N34</slot>
            <slot slot="649">D0N34</slot>
            <slot slot="650">D0N34</slot>
            <slot slot="651">D0N34</slot>
            <slot slot="652">D0N34</slot>
            <slot slot="653">D0N34</slot>
            <slot slot="654">D0N34</slot>
            <slot slot="655">D0N34</slot>
            <slot slot="656">D0N34</slot>
            <slot slot="657">D0N34</slot>
            <slot slot="658">D0N34</slot>
            <slot slot="659">D0N34</slot>
            <slot slot="660">D0N12</slot>
            <slot slot="661">D0N12</slot>
            <slot slot="662">D0N12</slot>
            <slot slot="663">D0N12</slot>
            <slot slot="664">D0N12</slot>
            <slot slot="665">D0N12</slot>
            <slot slot="666">D0N12</slot>
            <slot slot="667">D0N12</slot>
            <slot slot="668">D0N12</slot>
            <slot slot="669">D0N12</slot>
            <slot slot="670">D0N20</slot>
            <slot slot="671">D0N20</slot>
            <slot slot="672">D0N20</slot>
            <slot slot="673">D0N20</slot>
            <slot slot="674">D0N20</slot>
            <slot slot="675">D0N20</slot>
            <slot slot="676">D0N20</slot>
            <slot slot="677">D0N20</slot>
            <slot slot="678">D0N20</slot>
            <slot slot="679">D0N20</slot>
            <slot slot="680">D0N17</slot>
            <slot slot="681">D0N17</slot>
            <slot slot="682">D0N17</slot>
            <slot slot="683">D0N17</slot>
            <slot slot="684">D0N17</slot>
            <slot slot="685">D0N17</slot>
            <slot slot="686">D0N17</slot>
            <slot slot="687">D0N17</slot>
            <slot slot="688">D0N17</slot>
            <slot slot="689">D0N17</slot>
            <slot slot="690">D0N17</slot>
            <slot slot="691">D0N17</slot>
            <slot slot="692">D0N17</slot>
            <slot slot="693">D0N17</slot>
            <slot slot="694">D0N17</slot>
            <slot slot="695">D0N17</slot>
            <slot slot="696">D0N17</slot>
            <slot slot="697">D0N17</slot>
            <slot slot="698">D0N17</slot>
            <slot slot="699">D0N17</slot>
            <slot slot="700">D0N17</slot>
            <slot slot="701">D0N17</slot>
            <slot slot="702">D0N17</slot>
            <slot slot="703">D0N17</slot>
            <slot slot="704">D0N17</slot>
            <slot slot="705">D0N17</slot>
            <slot slot="706">D0N17</slot>
            <slot slot="707">D0N17</slot>
            <slot slot="708">D0N17</slot>
            <slot slot="709">D0N17</slot>
            <slot slot="710">D0N17</slot>
            <slot slot="711">D0N17</slot>
            <slot slot="712">D0N17</slot>
            <slot slot="713">D0N17</slot>
            <slot slot="714">D0N17</slot>
            <slot slot="715">D0N17</slot>
            <slot slot="716">D0N17</slot>
            <slot slot="717">D0N17</slot>
            <slot slot="718">D0N17</slot>
            <slot slot="719">D0N17</slot>
            <slot slot="720">D0N17</slot>
            <slot slot="721">D0N17</slot>
            <slot slot="722">D0N17</slot>
            <slot slot="723">D0N17</slot>
            <slot slot="724">D0N17</slot>
            <slot slot="725">D0N17</slot>
            <slot slot="726">D0N17</slot>
            <slot slot="727">D0N17</slot>
            <slot slot="728">D0N17</slot>
            <slot slot="729">D0N17</slot>
            <slot slot="730">D0N17</slot>
            <slot slot="731">D0N17</slot>
            <slot slot="732">D0N17</slot>
            <slot slot="733">D0N17</slot>
            <slot slot="734">D0N17</slot>
            <slot slot="735">D0N17</slot>
            <slot slot="736">D0N17</slot>
            <slot slot="737">D0N17</slot>
            <slot slot="738">D0N17</slot>
            <slot slot="739">D0N17</slot>
            <slot slot="740">D0N17</slot>
            <slot slot="741">D0N17</slot>
            <slot slot="742">D0N17</slot>
            <slot slot="743">D0N17</slot>
            <slot slot="744">D0N17</slot>
            <slot slot="745">D0N17</slot>
            <slot slot="746">D0N17</slot>
            <slot slot="747">D0N17</slot>
            <slot slot="748">D0N17</slot>
            <slot slot="749">D0N17</slot>
            <slot slot="750">D0N17</slot>
            <slot slot="751">D0N17</slot>
            <slot slot="752">D0N17</slot>
            <slot slot="753">D0N17</slot>
            <slot slot="754">D0N17</slot>
            <slot slot="755">D0N17</slot>
            <slot slot="756">D0N17</slot>
            <slot slot="757">D0N17</slot>
            <slot slot="758">D0N17</slot>
            <slot slot="759">D0N17</slot>
            <slot slot="760">D0N17</slot>
            <slot slot="761">D0N17</slot>
            <slot slot="762">D0N17</slot>
            <slot slot="763">D0N17</slot>
            <slot slot="764">D0N17</slot>
            <slot slot="765">D0N17</slot>
            <slot slot="766">D0N17</slot>
            <slot slot="767">D0N17</slot>
            <slot slot="768">D0N17</slot>
            <slot slot="769">D0N17</slot>
            <slot slot="770">D0N17</slot>
            <slot slot="771">D0N17</slot>
            <slot slot="772">D0N17</slot>
            <slot slot="773">D0N17</slot>
            <slot slot="774">D0N17</slot>
            <slot slot="775">D0N17</slot>
            <slot slot="776">D0N17</slot>
            <slot slot="777">D0N17</slot>
            <slot slot="778">D0N17</slot>
            <slot slot="779">D0N17</slot>
            <slot slot="780">D0N43</slot>
            <slot slot="781">D0N43</slot>
            <slot slot="782">D0N43</slot>
            <slot slot="783">D0N43</slot>
            <slot slot="784">D0N43</slot>
            <slot slot="785">D0N43</slot>
            <slot slot="786">D0N43</slot>
            <slot slot="787">D0N43</slot>
            <slot slot="788">D0N43</slot>
            <slot slot="789">D0N43</slot>
            <slot slot="790">D0N43</slot>
            <slot slot="791">D0N43</slot>
            <slot slot="792">D0N43</slot>
            <slot slot="793">D0N43</slot>
            <slot slot="794">D0N43</slot>
            <slot slot="795">D0N43</slot>
            <slot slot="796">D0N43</slot>
            <slot slot="797">D0N43</slot>
            <slot slot="798">D0N43</slot>
            <slot slot="799">D0N43</slot>
            <slot slot="800">D0N43</slot>
            <slot slot="801">D0N43</slot>
            <slot slot="802">D0N43</slot>
            <slot slot="803">D0N43</slot>
            <slot slot="804">D0N43</slot>
            <slot slot="805">D0N43</slot>
            <slot slot="806">D0N43</slot>
            <slot slot="807">D0N43</slot>
            <slot slot="808">D0N43</slot>
            <slot slot="809">D0N43</slot>
            <slot slot="810">D0N43</slot>
            <slot slot="811">D0N43</slot>
            <slot slot="812">D0N43</slot>
            <slot slot="813">D0N43</slot>
            <slot slot="814">D0N43</slot>
            <slot slot="815">D0N43</slot>
            <slot slot="816">D0N43</slot>
            <slot slot="817">D0N43</slot>
            <slot slot="818">D0N43</slot>
            <slot slot="819">D0N43</slot>
            <slot slot="820">D0N43</slot>
            <slot slot="821">D0N43</slot>
            <slot slot="822">D0N43</slot>
            <slot slot="823">D0N43</slot>
            <slot slot="824">D0N43</slot>
            <slot slot="825">D0N43</slot>
            <slot slot="826">D0N43</slot>
            <slot slot="827">D0N43</slot>
            <slot slot="828">D0N43</slot>
            <slot slot="829">D0N43</slot>
            <slot slot="830">D0N43</slot>
            <slot slot="831">D0N43</slot>
            <slot slot="832">D0N43</slot>
            <slot slot="833">D0N43</slot>
            <slot slot="834">D0N43</slot>
            <slot slot="835">D0N43</slot>
            <slot slot="836">D0N43</slot>
            <slot slot="837">D0N43</slot>
            <slot slot="838">D0N43</slot>
            <slot slot="839">D0N43</slot>
            <slot slot="840">D0N43</slot>
            <slot slot="841">D0N43</slot>
            <slot slot="842">D0N43</slot>
            <slot slot="843">D0N43</slot>
            <slot slot="844">D0N43</slot>
            <slot slot="845">D0N43</slot>
            <slot slot="846">D0N43</slot>
            <slot slot="847">D0N43</slot>
            <slot slot="848">D0N43</slot>
            <slot slot="849">D0N43</slot>
            <slot slot="850">D0N43</slot>
            <slot slot="851">D0N43</slot>
            <slot slot="852">D0N43</slot>
            <slot slot="853">D0N43</slot>
            <slot slot="854">D0N43</slot>
            <slot slot="855">D0N43</slot>
            <slot slot="856">D0N43</slot>
            <slot slot="857">D0N43</slot>
            <slot slot="858">D0N43</slot>
            <slot slot="859">D0N43</slot>
            <slot slot="860">D0N42</slot>
            <slot slot="861">D0N42</slot>
            <slot slot="862">D0N42</slot>
            <slot slot="863">D0N42</slot>
            <slot slot="864">D0N42</slot>
            <slot slot="865">D0N42</slot>
            <slot slot="866">D0N42</slot>
            <slot slot="867">D0N42</slot>
            <slot slot="868">D0N42</slot>
            <slot slot="869">D0N42</slot>
            <slot slot="870">D0N42</slot>
            <slot slot="871">D0N42</slot>
            <slot slot="872">D0N42</slot>
            <slot slot="873">D0N42</slot>
            <slot slot="874">D0N42</slot>
            <slot slot="875">D0N42</slot>
            <slot slot="876">D0N42</slot>
            <slot slot="877">D0N42</slot>
            <slot slot="878">D0N42</slot>
            <slot slot="879">D0N42</slot>
            <slot slot="880">D0N42</slot>
            <slot slot="881">D0N42</slot>
            <slot slot="882">D0N42</slot>
            <slot slot="883">D0N42</slot>
            <slot slot="884">D0N42</slot>
            <slot slot="885">D0N42</slot>
            <slot slot="886">D0N42</slot>
            <slot slot="887">D0N42</slot>
            <slot slot="888">D0N42</slot>
            <slot slot="889">D0N42</slot>
            <slot slot="890">D0N42</slot>
            <slot slot="891">D0N42</slot>
            <slot slot="892">D0N42</slot>
            <slot slot="893">D0N42</slot>
            <slot slot="894">D0N42</slot>
            <slot slot="895">D0N42</slot>
            <slot slot="896">D0N42</slot>
            <slot slot="897">D0N42</slot>
            <slot slot="898">D0N42</slot>
            <slot slot="899">D0N42</slot>
            <slot slot="900">D0N42</slot>
            <slot slot="901">D0N42</slot>
            <slot slot="902">D0N42</slot>
            <slot slot="903">D0N42</slot>
            <slot slot="904">D0N42</slot>
            <slot slot="905">D0N42</slot>
            <slot slot="906">D0N42</slot>
            <slot slot="907">D0N42</slot>
            <slot slot="908">D0N42</slot>
            <slot slot="909">D0N42</slot>
            <slot slot="910">D0N27</slot>
            <slot slot="911">D0N27</slot>
            <slot slot="912">D0N27</slot>
            <slot slot="913">D0N27</slot>
            <slot slot="914">D0N27</slot>
            <slot slot="915">D0N27</slot>
            <slot slot="916">D0N27</slot>
            <slot slot="917">D0N27</slot>
            <slot slot="918">D0N27</slot>
            <slot slot="919">D0N27</slot>
            <slot slot="920">D0N18</slot>
            <slot slot="921">D0N18</slot>
            <slot slot="922">D0N18</slot>
            <slot slot="923">D0N18</slot>
            <slot slot="924">D0N18</slot>
            <slot slot="925">D0N18</slot>
            <slot slot="926">D0N18</slot>
            <slot slot="927">D0N18</slot>
            <slot slot="928">D0N18</slot>
            <slot slot="929">D0N18</slot>
            <slot slot="930">D0N18</slot>
            <slot slot="931">D0N18</slot>
            <slot slot="932">D0N18</slot>
            <slot slot="933">D0N18</slot>
            <slot slot="934">D0N18</slot>
            <slot slot="935">D0N18</slot>
            <slot slot="936">D0N18</slot>
            <slot slot="937">D0N18</slot>
            <slot slot="938">D0N18</slot>
            <slot slot="939">D0N18</slot>
            <slot slot="940">D0N18</slot>
            <slot slot="941">D0N18</slot>
            <slot slot="942">D0N18</slot>
            <slot slot="943">D0N18</slot>
            <slot slot="944">D0N18</slot>
            <slot slot="945">D0N18</slot>
            <slot slot="946">D0N18</slot>
            <slot slot="947">D0N18</slot>
            <slot slot="948">D0N18</slot>
            <slot slot="949">D0N18</slot>
            <slot slot="950">D0N18</slot>
            <slot slot="951">D0N18</slot>
            <slot slot="952">D0N18</slot>
            <slot slot="953">D0N18</slot>
            <slot slot="954">D0N18</slot>
            <slot slot="955">D0N18</slot>
            <slot slot="956">D0N18</slot>
            <slot slot="957">D0N18</slot>
            <slot slot="958">D0N18</slot>
            <slot slot="959">D0N18</slot>
            <slot slot="960">D0N18</slot>
            <slot slot="961">D0N18</slot>
            <slot slot="962">D0N18</slot>
            <slot slot="963">D0N18</slot>
            <slot slot="964">D0N18</slot>
            <slot slot="965">D0N18</slot>
            <slot slot="966">D0N18</slot>
            <slot slot="967">D0N18</slot>
            <slot slot="968">D0N18</slot>
            <slot slot="969">D0N18</slot>
            <slot slot="970">D0N18</slot>
            <slot slot="971">D0N18</slot>
            <slot slot="972">D0N18</slot>
            <slot slot="973">D0N18</slot>
            <slot slot="974">D0N18</slot>
            <slot slot="975">D0N18</slot>
            <slot slot="976">D0N18</slot>
            <slot slot="977">D0N18</slot>
            <slot slot="978">D0N18</slot>
            <slot slot="979">D0N18</slot>
            <slot slot="980">D0N18</slot>
            <slot slot="981">D0N18</slot>
            <slot slot="982">D0N18</slot>
            <slot slot="983">D0N18</slot>
            <slot slot="984">D0N18</slot>
            <slot slot="985">D0N18</slot>
            <slot slot="986">D0N18</slot>
            <slot slot="987">D0N18</slot>
            <slot slot="988">D0N18</slot>
            <slot slot="989">D0N18</slot>
            <slot slot="990">D0N46</slot>
            <slot slot="991">D0N46</slot>
            <slot slot="992">D0N46</slot>
            <slot slot="993">D0N46</slot>
            <slot slot="994">D0N46</slot>
            <slot slot="995">D0N46</slot>
            <slot slot="996">D0N46</slot>
            <slot slot="997">D0N46</slot>
            <slot slot="998">D0N46</slot>
            <slot slot="999">D0N46</slot>
            <slot slot="1000">D0N46</slot>
            <slot slot="1001">D0N46</slot>
            <slot slot="1002">D0N46</slot>
            <slot slot="1003">D0N46</slot>
            <slot slot="1004">D0N46</slot>
            <slot slot="1005">D0N46</slot>
            <slot slot="1006">D0N46</slot>
            <slot slot="1007">D0N46</slot>
            <slot slot="1008">D0N46</slot>
            <slot slot="1009">D0N46</slot>
            <slot slot="1010">D0N46</slot>
            <slot slot="1011">D0N46</slot>
            <slot slot="1012">D0N46</slot>
            <slot slot="1013">D0N46</slot>
            <slot slot="1014">D0N46</slot>
            <slot slot="1015">D0N46</slot>
            <slot slot="1016">D0N46</slot>
            <slot slot="1017">D0N46</slot>
            <slot slot="1018">D0N46</slot>
            <slot slot="1019">D0N46</slot>
            <slot slot="1020">D0N44</slot>
            <slot slot="1021">D0N44</slot>
            <slot slot="1022">D0N44</slot>
            <slot slot="1023">D0N44</slot>
            <slot slot="1024">D0N44</slot>
            <slot slot="1025">D0N44</slot>
            <slot slot="1026">D0N44</slot>
            <slot slot="1027">D0N44</slot>
            <slot slot="1028">D0N44</slot>
            <slot slot="1029">D0N44</slot>
            <slot slot="1030">D0N44</slot>
            <slot slot="1031">D0N44</slot>
            <slot slot="1032">D0N44</slot>
            <slot slot="1033">D0N44</slot>
            <slot slot="1034">D0N44</slot>
            <slot slot="1035">D0N44</slot>
            <slot slot="1036">D0N44</slot>
            <slot slot="1037">D0N44</slot>
            <slot slot="1038">D0N44</slot>
            <slot slot="1039">D0N44</slot>
            <slot slot="1040">D0N45</slot>
            <slot slot="1041">D0N45</slot>
            <slot slot="1042">D0N45</slot>
            <slot slot="1043">D0N45</slot>
            <slot slot="1044">D0N45</slot>
            <slot slot="1045">D0N45</slot>
            <slot slot="1046">D0N45</slot>
            <slot slot="1047">D0N45</slot>
            <slot slot="1048">D0N45</slot>
            <slot slot="1049">D0N45</slot>
            <slot slot="1050">D0N45</slot>
            <slot slot="1051">D0N45</slot>
            <slot slot="1052">D0N45</slot>
            <slot slot="1053">D0N45</slot>
            <slot slot="1054">D0N45</slot>
            <slot slot="1055">D0N45</slot>
            <slot slot="1056">D0N45</slot>
            <slot slot="1057">D0N45</slot>
            <slot slot="1058">D0N45</slot>
            <slot slot="1059">D0N45</slot>
            <slot slot="1060">D0N45</slot>
            <slot slot="1061">D0N45</slot>
            <slot slot="1062">D0N45</slot>
            <slot slot="1063">D0N45</slot>
            <slot slot="1064">D0N45</slot>
            <slot slot="1065">D0N45</slot>
            <slot slot="1066">D0N45</slot>
            <slot slot="1067">D0N45</slot>
            <slot slot="1068">D0N45</slot>
            <slot slot="1069">D0N45</slot>
            <slot slot="1070">D0N45</slot>
            <slot slot="1071">D0N45</slot>
            <slot slot="1072">D0N45</slot>
            <slot slot="1073">D0N45</slot>
            <slot slot="1074">D0N45</slot>
            <slot slot="1075">D0N45</slot>
            <slot slot="1076">D0N45</slot>
            <slot slot="1077">D0N45</slot>
            <slot slot="1078">D0N45</slot>
            <slot slot="1079">D0N45</slot>
            <slot slot="1080">D0N45</slot>
            <slot slot="1081">D0N45</slot>
            <slot slot="1082">D0N45</slot>
            <slot slot="1083">D0N45</slot>
            <slot slot="1084">D0N45</slot>
            <slot slot="1085">D0N45</slot>
            <slot slot="1086">D0N45</slot>
            <slot slot="1087">D0N45</slot>
            <slot slot="1088">D0N45</slot>
            <slot slot="1089">D0N45</slot>
            <slot slot="1090">D0N45</slot>
            <slot slot="1091">D0N45</slot>
            <slot slot="1092">D0N45</slot>
            <slot slot="1093">D0N45</slot>
            <slot slot="1094">D0N45</slot>
            <slot slot="1095">D0N45</slot>
            <slot slot="1096">D0N45</slot>
            <slot slot="1097">D0N45</slot>
            <slot slot="1098">D0N45</slot>
            <slot slot="1099">D0N45</slot>
            <slot slot="1100">D0N45</slot>
            <slot slot="1101">D0N45</slot>
            <slot slot="1102">D0N45</slot>
            <slot slot="1103">D0N45</slot>
            <slot slot="1104">D0N45</slot>
            <slot slot="1105">D0N45</slot>
            <slot slot="1106">D0N45</slot>
            <slot slot="1107">D0N45</slot>
            <slot slot="1108">D0N45</slot>
            <slot slot="1109">D0N45</slot>
            <slot slot="1110">D0N45</slot>
            <slot slot="1111">D0N45</slot>
            <slot slot="1112">D0N45</slot>
            <slot slot="1113">D0N45</slot>
            <slot slot="1114">D0N45</slot>
            <slot slot="1115">D0N45</slot>
            <slot slot="1116">D0N45</slot>
            <slot slot="1117">D0N45</slot>
            <slot slot="1118">D0N45</slot>
            <slot slot="1119">D0N45</slot>
            <slot slot="1120">D0N40</slot>
            <slot slot="1121">D0N40</slot>
            <slot slot="1122">D0N40</slot>
            <slot slot="1123">D0N40</slot>
            <slot slot="1124">D0N40</slot>
            <slot slot="1125">D0N40</slot>
            <slot slot="1126">D0N40</slot>
            <slot slot="1127">D0N40</slot>
            <slot slot="1128">D0N40</slot>
            <slot slot="1129">D0N40</slot>
            <slot slot="1130">D0N40</slot>
            <slot slot="1131">D0N40</slot>
            <slot slot="1132">D0N40</slot>
            <slot slot="1133">D0N40</slot>
            <slot slot="1134">D0N40</slot>
            <slot slot="1135">D0N40</slot>
            <slot slot="1136">D0N40</slot>
            <slot slot="1137">D0N40</slot>
            <slot slot="1138">D0N40</slot>
            <slot slot="1139">D0N40</slot>
            <slot slot="1140">D0N40</slot>
            <slot slot="1141">D0N40</slot>
            <slot slot="1142">D0N40</slot>
            <slot slot="1143">D0N40</slot>
            <slot slot="1144">D0N40</slot>
            <slot slot="1145">D0N40</slot>
            <slot slot="1146">D0N40</slot>
            <slot slot="1147">D0N40</slot>
            <slot slot="1148">D0N40</slot>
            <slot slot="1149">D0N40</slot>
            <slot slot="1150">D0N40</slot>
            <slot slot="1151">D0N40</slot>
            <slot slot="1152">D0N40</slot>
            <slot slot="1153">D0N40</slot>
            <slot slot="1154">D0N40</slot>
            <slot slot="1155">D0N40</slot>
            <slot slot="1156">D0N40</slot>
            <slot slot="1157">D0N40</slot>
            <slot slot="1158">D0N40</slot>
            <slot slot="1159">D0N40</slot>
            <slot slot="1160">D0N40</slot>
            <slot slot="1161">D0N40</slot>
            <slot slot="1162">D0N40</slot>
            <slot slot="1163">D0N40</slot>
            <slot slot="1164">D0N40</slot>
            <slot slot="1165">D0N40</slot>
            <slot slot="1166">D0N40</slot>
            <slot slot="1167">D0N40</slot>
            <slot slot="1168">D0N40</slot>
            <slot slot="1169">D0N40</slot>
            <slot slot="1170">D0N32</slot>
            <slot slot="1171">D0N32</slot>
            <slot slot="1172">D0N32</slot>
            <slot slot="1173">D0N32</slot>
            <slot slot="1174">D0N32</slot>
            <slot slot="1175">D0N32</slot>
            <slot slot="1176">D0N32</slot>
            <slot slot="1177">D0N32</slot>
            <slot slot="1178">D0N32</slot>
            <slot slot="1179">D0N32</slot>
            <slot slot="1180">D0N32</slot>
            <slot slot="1181">D0N32</slot>
            <slot slot="1182">D0N32</slot>
            <slot slot="1183">D0N32</slot>
            <slot slot="1184">D0N32</slot>
            <slot slot="1185">D0N32</slot>
            <slot slot="1186">D0N32</slot>
            <slot slot="1187">D0N32</slot>
            <slot slot="1188">D0N32</slot>
            <slot slot="1189">D0N32</slot>
            <slot slot="1190">D0N32</slot>
            <slot slot="1191">D0N32</slot>
            <slot slot="1192">D0N32</slot>
            <slot slot="1193">D0N32</slot>
            <slot slot="1194">D0N32</slot>
            <slot slot="1195">D0N32</slot>
            <slot slot="1196">D0N32</slot>
            <slot slot="1197">D0N32</slot>
            <slot slot="1198">D0N32</slot>
            <slot slot="1199">D0N32</slot>
        </core>
        <core number="3">
            <slot slot="0">-</slot>
            <slot slot="1">-</slot>
            <slot slot="2">-</slot>
            <slot slot="3">-</slot>
            <slot slot="4">-</slot>
            <slot slot="5">-</slot>
            <slot slot="6">-</slot>
            <slot slot="7">-</slot>
            <slot slot="8">-</slot>
            <slot slot="9">-</slot>
            <slot slot="10">-</slot>
            <slot slot="11">-</slot>
            <slot slot="12">-</slot>
            <slot slot="13">-</slot>
            <slot slot="14">-</slot>
            <slot slot="15">-</slot>
            <slot slot="16">-</slot>
            <slot slot="17">-</slot>
            <slot slot="18">-</slot>
            <slot slot="19">-</slot>
            <slot slot="20">-</slot>
            <slot slot="21">-</slot>
            <slot slot="22">-</slot>
            <slot slot="23">-</slot>
            <slot slot="24">-</slot>
            <slot slot="25">-</slot>
            <slot slot="26">-</slot>
            <slot slot="27">-</slot>
            <slot slot="28">-</slot>
            <slot slot="29">-</slot>
            <slot slot="30">-</slot>
            <slot slot="31">-</slot>
            <slot slot="32">-</slot>
            <slot slot="33">-</slot>
            <slot slot="34">-</slot>
            <slot slot="35">-</slot>
            <slot slot="36">-</slot>
            <slot slot="37">-</slot>
            <slot slot="38">-</slot>
            <slot slot="39">-</slot>
            <slot slot="40">-</slot>
            <slot slot="41">-</slot>
            <slot slot="42">-</slot>
            <slot slot="43">-</slot>
            <slot slot="44">-</slot>
            <slot slot="45">-</slot>
            <slot slot="46">-</slot>
            <slot slot="47">-</slot>
            <slot slot="48">-</slot>
            <slot slot="49">-</slot>
            <slot slot="50">-</slot>
            <slot slot="51">-</slot>
            <slot slot="52">-</slot>
            <slot slot="53">-</slot>
            <slot slot="54">-</slot>
            <slot slot="55">-</slot>
            <slot slot="56">-</slot>
            <slot slot="57">-</slot>
            <slot slot="58">-</slot>
            <slot slot="59">-</slot>
            <slot slot="60">-</slot>
            <slot slot="61">-</slot>
            <slot slot="62">-</slot>
            <slot slot="63">-</slot>
            <slot slot="64">-</slot>
            <slot slot="65">-</slot>
            <slot slot="66">-</slot>
            <slot slot="67">-</slot>
            <slot slot="68">-</slot>
            <slot slot="69">-</slot>
            <slot slot="70">-</slot>
            <slot slot="71">-</slot>
            <slot slot="72">-</slot>
            <slot slot="73">-</slot>
            <slot slot="74">-</slot>
            <slot slot="75">-</slot>
            <slot slot="76">-</slot>
            <slot slot="77">-</slot>
            <slot slot="78">-</slot>
            <slot slot="79">-</slot>
            <slot slot="80">-</slot>
            <slot slot="81">-</slot>
            <slot slot="82">-</slot>
            <slot slot="83">-</slot>
            <slot slot="84">-</slot>
            <slot slot="85">-</slot>
            <slot slot="86">-</slot>
            <slot slot="87">-</slot>
            <slot slot="88">-</slot>
            <slot slot="89">-</slot>
            <slot slot="90">-</slot>
            <slot slot="91">-</slot>
            <slot slot="92">-</slot>
            <slot slot="93">-</slot>
            <slot slot="94">-</slot>
            <slot slot="95">-</slot>
            <slot slot="96">-</slot>
            <slot slot="97">-</slot>
            <slot slot="98">-</slot>
            <slot slot="99">-</slot>
            <slot slot="100">-</slot>
            <slot slot="101">-</slot>
            <slot slot="102">-</slot>
            <slot slot="103">-</slot>
            <slot slot="104">-</slot>
            <slot slot="105">-</slot>
            <slot slot="106">-</slot>
            <slot slot="107">-</slot>
            <slot slot="108">-</slot>
            <slot slot="109">-</slot>
            <slot slot="110">-</slot>
            <slot slot="111">-</slot>
            <slot slot="112">-</slot>
            <slot slot="113">-</slot>
            <slot slot="114">-</slot>
            <slot slot="115">-</slot>
            <slot slot="116">-</slot>
            <slot slot="117">-</slot>
            <slot slot="118">-</slot>
            <slot slot="119">-</slot>
            <slot slot="120">-</slot>
            <slot slot="121">-</slot>
            <slot slot="122">-</slot>
            <slot slot="123">-</slot>
            <slot slot="124">-</slot>
            <slot slot="125">-</slot>
            <slot slot="126">-</slot>
            <slot slot="127">-</slot>
            <slot slot="128">-</slot>
            <slot slot="129">-</slot>
            <slot slot="130">-</slot>
            <slot slot="131">-</slot>
            <slot slot="132">-</slot>
            <slot slot="133">-</slot>
            <slot slot="134">-</slot>
            <slot slot="135">-</slot>
            <slot slot="136">-</slot>
            <slot slot="137">-</slot>
            <slot slot="138">-</slot>
            <slot slot="139">-</slot>
            <slot slot="140">-</slot>
            <slot slot="141">-</slot>
            <slot slot="142">-</slot>
            <slot slot="143">-</slot>
            <slot slot="144">-</slot>
            <slot slot="145">-</slot>
            <slot slot="146">-</slot>
            <slot slot="147">-</slot>
            <slot slot="148">-</slot>
            <slot slot="149">-</slot>
            <slot slot="150">-</slot>
            <slot slot="151">-</slot>
            <slot slot="152">-</slot>
            <slot slot="153">-</slot>
            <slot slot="154">-</slot>
            <slot slot="155">-</slot>
            <slot slot="156">-</slot>
            <slot slot="157">-</slot>
            <slot slot="158">-</slot>
            <slot slot="159">-</slot>
            <slot slot="160">-</slot>
            <slot slot="161">-</slot>
            <slot slot="162">-</slot>
            <slot slot="163">-</slot>
            <slot slot="164">-</slot>
            <slot slot="165">-</slot>
            <slot slot="166">-</slot>
            <slot slot="167">-</slot>
            <slot slot="168">-</slot>
            <slot slot="169">-</slot>
            <slot slot="170">-</slot>
            <slot slot="171">-</slot>
            <slot slot="172">-</slot>
            <slot slot="173">-</slot>
            <slot slot="174">-</slot>
            <slot slot="175">-</slot>
            <slot slot="176">-</slot>
            <slot slot="177">-</slot>
            <slot slot="178">-</slot>
            <slot slot="179">-</slot>
            <slot slot="180">-</slot>
            <slot slot="181">-</slot>
            <slot slot="182">-</slot>
            <slot slot="183">-</slot>
            <slot slot="184">-</slot>
            <slot slot="185">-</slot>
            <slot slot="186">-</slot>
            <slot slot="187">-</slot>
            <slot slot="188">-</slot>
            <slot slot="189">-</slot>
            <slot slot="190">-</slot>
            <slot slot="191">-</slot>
            <slot slot="192">-</slot>
            <slot slot="193">-</slot>
            <slot slot="194">-</slot>
            <slot slot="195">-</slot>
            <slot slot="196">-</slot>
            <slot slot="197">-</slot>
            <slot slot="198">-</slot>
            <slot slot="199">-</slot>
            <slot slot="200">-</slot>
            <slot slot="201">-</slot>
            <slot slot="202">-</slot>
            <slot slot="203">-</slot>
            <slot slot="204">-</slot>
            <slot slot="205">-</slot>
            <slot slot="206">-</slot>
            <slot slot="207">-</slot>
            <slot slot="208">-</slot>
            <slot slot="209">-</slot>
            <slot slot="210">-</slot>
            <slot slot="211">-</slot>
            <slot slot="212">-</slot>
            <slot slot="213">-</slot>
            <slot slot="214">-</slot>
            <slot slot="215">-</slot>
            <slot slot="216">-</slot>
            <slot slot="217">-</slot>
            <slot slot="218">-</slot>
            <slot slot="219">-</slot>
            <slot slot="220">-</slot>
            <slot slot="221">-</slot>
            <slot slot="222">-</slot>
            <slot slot="223">-</slot>
            <slot slot="224">-</slot>
            <slot slot="225">-</slot>
            <slot slot="226">-</slot>
            <slot slot="227">-</slot>
            <slot slot="228">-</slot>
            <slot slot="229">-</slot>
            <slot slot="230">-</slot>
            <slot slot="231">-</slot>
            <slot slot="232">-</slot>
            <slot slot="233">-</slot>
            <slot slot="234">-</slot>
            <slot slot="235">-</slot>
            <slot slot="236">-</slot>
            <slot slot="237">-</slot>
            <slot slot="238">-</slot>
            <slot slot="239">-</slot>
            <slot slot="240">-</slot>
            <slot slot="241">-</slot>
            <slot slot="242">-</slot>
            <slot slot="243">-</slot>
            <slot slot="244">-</slot>
            <slot slot="245">-</slot>
            <slot slot="246">-</slot>
            <slot slot="247">-</slot>
            <slot slot="248">-</slot>
            <slot slot="249">-</slot>
            <slot slot="250">-</slot>
            <slot slot="251">-</slot>
            <slot slot="252">-</slot>
            <slot slot="253">-</slot>
            <slot slot="254">-</slot>
            <slot slot="255">-</slot>
            <slot slot="256">-</slot>
            <slot slot="257">-</slot>
            <slot slot="258">-</slot>
            <slot slot="259">-</slot>
            <slot slot="260">D0N3</slot>
            <slot slot="261">D0N3</slot>
            <slot slot="262">D0N3</slot>
            <slot slot="263">D0N3</slot>
            <slot slot="264">D0N3</slot>
            <slot slot="265">D0N3</slot>
            <slot slot="266">D0N3</slot>
            <slot slot="267">D0N3</slot>
            <slot slot="268">D0N3</slot>
            <slot slot="269">D0N3</slot>
            <slot slot="270">D0N3</slot>
            <slot slot="271">D0N3</slot>
            <slot slot="272">D0N3</slot>
            <slot slot="273">D0N3</slot>
            <slot slot="274">D0N3</slot>
            <slot slot="275">D0N3</slot>
            <slot slot="276">D0N3</slot>
            <slot slot="277">D0N3</slot>
            <slot slot="278">D0N3</slot>
            <slot slot="279">D0N3</slot>
            <slot slot="280">D0N3</slot>
            <slot slot="281">D0N3</slot>
            <slot slot="282">D0N3</slot>
            <slot slot="283">D0N3</slot>
            <slot slot="284">D0N3</slot>
            <slot slot="285">D0N3</slot>
            <slot slot="286">D0N3</slot>
            <slot slot="287">D0N3</slot>
            <slot slot="288">D0N3</slot>
            <slot slot="289">D0N3</slot>
            <slot slot="290">D0N3</slot>
            <slot slot="291">D0N3</slot>
            <slot slot="292">D0N3</slot>
            <slot slot="293">D0N3</slot>
            <slot slot="294">D0N3</slot>
            <slot slot="295">D0N3</slot>
            <slot slot="296">D0N3</slot>
            <slot slot="297">D0N3</slot>
            <slot slot="298">D0N3</slot>
            <slot slot="299">D0N3</slot>
            <slot slot="300">D0N3</slot>
            <slot slot="301">D0N3</slot>
            <slot slot="302">D0N3</slot>
            <slot slot="303">D0N3</slot>
            <slot slot="304">D0N3</slot>
            <slot slot="305">D0N3</slot>
            <slot slot="306">D0N3</slot>
            <slot slot="307">D0N3</slot>
            <slot slot="308">D0N3</slot>
            <slot slot="309">D0N3</slot>
            <slot slot="310">D0N3</slot>
            <slot slot="311">D0N3</slot>
            <slot slot="312">D0N3</slot>
            <slot slot="313">D0N3</slot>
            <slot slot="314">D0N3</slot>
            <slot slot="315">D0N3</slot>
            <slot slot="316">D0N3</slot>
            <slot slot="317">D0N3</slot>
            <slot slot="318">D0N3</slot>
            <slot slot="319">D0N3</slot>
            <slot slot="320">D0N4</slot>
            <slot slot="321">D0N4</slot>
            <slot slot="322">D0N4</slot>
            <slot slot="323">D0N4</slot>
            <slot slot="324">D0N4</slot>
            <slot slot="325">D0N4</slot>
            <slot slot="326">D0N4</slot>
            <slot slot="327">D0N4</slot>
            <slot slot="328">D0N4</slot>
            <slot slot="329">D0N4</slot>
            <slot slot="330">D0N4</slot>
            <slot slot="331">D0N4</slot>
            <slot slot="332">D0N4</slot>
            <slot slot="333">D0N4</slot>
            <slot slot="334">D0N4</slot>
            <slot slot="335">D0N4</slot>
            <slot slot="336">D0N4</slot>
            <slot slot="337">D0N4</slot>
            <slot slot="338">D0N4</slot>
            <slot slot="339">D0N4</slot>
            <slot slot="340">D0N4</slot>
            <slot slot="341">D0N4</slot>
            <slot slot="342">D0N4</slot>
            <slot slot="343">D0N4</slot>
            <slot slot="344">D0N4</slot>
            <slot slot="345">D0N4</slot>
            <slot slot="346">D0N4</slot>
            <slot slot="347">D0N4</slot>
            <slot slot="348">D0N4</slot>
            <slot slot="349">D0N4</slot>
            <slot slot="350">D0N4</slot>
            <slot slot="351">D0N4</slot>
            <slot slot="352">D0N4</slot>
            <slot slot="353">D0N4</slot>
            <slot slot="354">D0N4</slot>
            <slot slot="355">D0N4</slot>
            <slot slot="356">D0N4</slot>
            <slot slot="357">D0N4</slot>
            <slot slot="358">D0N4</slot>
            <slot slot="359">D0N4</slot>
            <slot slot="360">D0N4</slot>
            <slot slot="361">D0N4</slot>
            <slot slot="362">D0N4</slot>
            <slot slot="363">D0N4</slot>
            <slot slot="364">D0N4</slot>
            <slot slot="365">D0N4</slot>
            <slot slot="366">D0N4</slot>
            <slot slot="367">D0N4</slot>
            <slot slot="368">D0N4</slot>
            <slot slot="369">D0N4</slot>
            <slot slot="370">D0N4</slot>
            <slot slot="371">D0N4</slot>
            <slot slot="372">D0N4</slot>
            <slot slot="373">D0N4</slot>
            <slot slot="374">D0N4</slot>
            <slot slot="375">D0N4</slot>
            <slot slot="376">D0N4</slot>
            <slot slot="377">D0N4</slot>
            <slot slot="378">D0N4</slot>
            <slot slot="379">D0N4</slot>
            <slot slot="380">D0N10</slot>
            <slot slot="381">D0N10</slot>
            <slot slot="382">D0N10</slot>
            <slot slot="383">D0N10</slot>
            <slot slot="384">D0N10</slot>
            <slot slot="385">D0N10</slot>
            <slot slot="386">D0N10</slot>
            <slot slot="387">D0N10</slot>
            <slot slot="388">D0N10</slot>
            <slot slot="389">D0N10</slot>
            <slot slot="390">D0N10</slot>
            <slot slot="391">D0N10</slot>
            <slot slot="392">D0N10</slot>
            <slot slot="393">D0N10</slot>
            <slot slot="394">D0N10</slot>
            <slot slot="395">D0N10</slot>
            <slot slot="396">D0N10</slot>
            <slot slot="397">D0N10</slot>
            <slot slot="398">D0N10</slot>
            <slot slot="399">D0N10</slot>
            <slot slot="400">D0N10</slot>
            <slot slot="401">D0N10</slot>
            <slot slot="402">D0N10</slot>
            <slot slot="403">D0N10</slot>
            <slot slot="404">D0N10</slot>
            <slot slot="405">D0N10</slot>
            <slot slot="406">D0N10</slot>
            <slot slot="407">D0N10</slot>
            <slot slot="408">D0N10</slot>
            <slot slot="409">D0N10</slot>
            <slot slot="410">D0N10</slot>
            <slot slot="411">D0N10</slot>
            <slot slot="412">D0N10</slot>
            <slot slot="413">D0N10</slot>
            <slot slot="414">D0N10</slot>
            <slot slot="415">D0N10</slot>
            <slot slot="416">D0N10</slot>
            <slot slot="417">D0N10</slot>
            <slot slot="418">D0N10</slot>
            <slot slot="419">D0N10</slot>
            <slot slot="420">D0N10</slot>
            <slot slot="421">D0N10</slot>
            <slot slot="422">D0N10</slot>
            <slot slot="423">D0N10</slot>
            <slot slot="424">D0N10</slot>
            <slot slot="425">D0N10</slot>
            <slot slot="426">D0N10</slot>
            <slot slot="427">D0N10</slot>
            <slot slot="428">D0N10</slot>
            <slot slot="429">D0N10</slot>
            <slot slot="430">D0N10</slot>
            <slot slot="431">D0N10</slot>
            <slot slot="432">D0N10</slot>
            <slot slot="433">D0N10</slot>
            <slot slot="434">D0N10</slot>
            <slot slot="435">D0N10</slot>
            <slot slot="436">D0N10</slot>
            <slot slot="437">D0N10</slot>
            <slot slot="438">D0N10</slot>
            <slot slot="439">D0N10</slot>
            <slot slot="440">D0N10</slot>
            <slot slot="441">D0N10</slot>
            <slot slot="442">D0N10</slot>
            <slot slot="443">D0N10</slot>
            <slot slot="444">D0N10</slot>
            <slot slot="445">D0N10</slot>
            <slot slot="446">D0N10</slot>
            <slot slot="447">D0N10</slot>
            <slot slot="448">D0N10</slot>
            <slot slot="449">D0N10</slot>
            <slot slot="450">D0N10</slot>
            <slot slot="451">D0N10</slot>
            <slot slot="452">D0N10</slot>
            <slot slot="453">D0N10</slot>
            <slot slot="454">D0N10</slot>
            <slot slot="455">D0N10</slot>
            <slot slot="456">D0N10</slot>
            <slot slot="457">D0N10</slot>
            <slot slot="458">D0N10</slot>
            <slot slot="459">D0N10</slot>
            <slot slot="460">D0N10</slot>
            <slot slot="461">D0N10</slot>
            <slot slot="462">D0N10</slot>
            <slot slot="463">D0N10</slot>
            <slot slot="464">D0N10</slot>
            <slot slot="465">D0N10</slot>
            <slot slot="466">D0N10</slot>
            <slot slot="467">D0N10</slot>
            <slot slot="468">D0N10</slot>
            <slot slot="469">D0N10</slot>
            <slot slot="470">D0N10</slot>
            <slot slot="471">D0N10</slot>
            <slot slot="472">D0N10</slot>
            <slot slot="473">D0N10</slot>
            <slot slot="474">D0N10</slot>
            <slot slot="475">D0N10</slot>
            <slot slot="476">D0N10</slot>
            <slot slot="477">D0N10</slot>
            <slot slot="478">D0N10</slot>
            <slot slot="479">D0N10</slot>
            <slot slot="480">D0N10</slot>
            <slot slot="481">D0N10</slot>
            <slot slot="482">D0N10</slot>
            <slot slot="483">D0N10</slot>
            <slot slot="484">D0N10</slot>
            <slot slot="485">D0N10</slot>
            <slot slot="486">D0N10</slot>
            <slot slot="487">D0N10</slot>
            <slot slot="488">D0N10</slot>
            <slot slot="489">D0N10</slot>
            <slot slot="490">D0N10</slot>
            <slot slot="491">D0N10</slot>
            <slot slot="492">D0N10</slot>
            <slot slot="493">D0N10</slot>
            <slot slot="494">D0N10</slot>
            <slot slot="495">D0N10</slot>
            <slot slot="496">D0N10</slot>
            <slot slot="497">D0N10</slot>
            <slot slot="498">D0N10</slot>
            <slot slot="499">D0N10</slot>
            <slot slot="500">D0N14</slot>
            <slot slot="501">D0N14</slot>
            <slot slot="502">D0N14</slot>
            <slot slot="503">D0N14</slot>
            <slot slot="504">D0N14</slot>
            <slot slot="505">D0N14</slot>
            <slot slot="506">D0N14</slot>
            <slot slot="507">D0N14</slot>
            <slot slot="508">D0N14</slot>
            <slot slot="509">D0N14</slot>
            <slot slot="510">D0N14</slot>
            <slot slot="511">D0N14</slot>
            <slot slot="512">D0N14</slot>
            <slot slot="513">D0N14</slot>
            <slot slot="514">D0N14</slot>
            <slot slot="515">D0N14</slot>
            <slot slot="516">D0N14</slot>
            <slot slot="517">D0N14</slot>
            <slot slot="518">D0N14</slot>
            <slot slot="519">D0N14</slot>
            <slot slot="520">D0N14</slot>
            <slot slot="521">D0N14</slot>
            <slot slot="522">D0N14</slot>
            <slot slot="523">D0N14</slot>
            <slot slot="524">D0N14</slot>
            <slot slot="525">D0N14</slot>
            <slot slot="526">D0N14</slot>
            <slot slot="527">D0N14</slot>
            <slot slot="528">D0N14</slot>
            <slot slot="529">D0N14</slot>
            <slot slot="530">D0N14</slot>
            <slot slot="531">D0N14</slot>
            <slot slot="532">D0N14</slot>
            <slot slot="533">D0N14</slot>
            <slot slot="534">D0N14</slot>
            <slot slot="535">D0N14</slot>
            <slot slot="536">D0N14</slot>
            <slot slot="537">D0N14</slot>
            <slot slot="538">D0N14</slot>
            <slot slot="539">D0N14</slot>
            <slot slot="540">D0N17</slot>
            <slot slot="541">D0N17</slot>
            <slot slot="542">D0N17</slot>
            <slot slot="543">D0N17</slot>
            <slot slot="544">D0N17</slot>
            <slot slot="545">D0N17</slot>
            <slot slot="546">D0N17</slot>
            <slot slot="547">D0N17</slot>
            <slot slot="548">D0N17</slot>
            <slot slot="549">D0N17</slot>
            <slot slot="550">D0N17</slot>
            <slot slot="551">D0N17</slot>
            <slot slot="552">D0N17</slot>
            <slot slot="553">D0N17</slot>
            <slot slot="554">D0N17</slot>
            <slot slot="555">D0N17</slot>
            <slot slot="556">D0N17</slot>
            <slot slot="557">D0N17</slot>
            <slot slot="558">D0N17</slot>
            <slot slot="559">D0N17</slot>
            <slot slot="560">D0N17</slot>
            <slot slot="561">D0N17</slot>
            <slot slot="562">D0N17</slot>
            <slot slot="563">D0N17</slot>
            <slot slot="564">D0N17</slot>
            <slot slot="565">D0N17</slot>
            <slot slot="566">D0N17</slot>
            <slot slot="567">D0N17</slot>
            <slot slot="568">D0N17</slot>
            <slot slot="569">D0N17</slot>
            <slot slot="570">D0N17</slot>
            <slot slot="571">D0N17</slot>
            <slot slot="572">D0N17</slot>
            <slot slot="573">D0N17</slot>
            <slot slot="574">D0N17</slot>
            <slot slot="575">D0N17</slot>
            <slot slot="576">D0N17</slot>
            <slot slot="577">D0N17</slot>
            <slot slot="578">D0N17</slot>
            <slot slot="579">D0N17</slot>
            <slot slot="580">D0N17</slot>
            <slot slot="581">D0N17</slot>
            <slot slot="582">D0N17</slot>
            <slot slot="583">D0N17</slot>
            <slot slot="584">D0N17</slot>
            <slot slot="585">D0N17</slot>
            <slot slot="586">D0N17</slot>
            <slot slot="587">D0N17</slot>
            <slot slot="588">D0N17</slot>
            <slot slot="589">D0N17</slot>
            <slot slot="590">D0N17</slot>
            <slot slot="591">D0N17</slot>
            <slot slot="592">D0N17</slot>
            <slot slot="593">D0N17</slot>
            <slot slot="594">D0N17</slot>
            <slot slot="595">D0N17</slot>
            <slot slot="596">D0N17</slot>
            <slot slot="597">D0N17</slot>
            <slot slot="598">D0N17</slot>
            <slot slot="599">D0N17</slot>
            <slot slot="600">D0N17</slot>
            <slot slot="601">D0N17</slot>
            <slot slot="602">D0N17</slot>
            <slot slot="603">D0N17</slot>
            <slot slot="604">D0N17</slot>
            <slot slot="605">D0N17</slot>
            <slot slot="606">D0N17</slot>
            <slot slot="607">D0N17</slot>
            <slot slot="608">D0N17</slot>
            <slot slot="609">D0N17</slot>
            <slot slot="610">D0N17</slot>
            <slot slot="611">D0N17</slot>
            <slot slot="612">D0N17</slot>
            <slot slot="613">D0N17</slot>
            <slot slot="614">D0N17</slot>
            <slot slot="615">D0N17</slot>
            <slot slot="616">D0N17</slot>
            <slot slot="617">D0N17</slot>
            <slot slot="618">D0N17</slot>
            <slot slot="619">D0N17</slot>
            <slot slot="620">D0N17</slot>
            <slot slot="621">D0N17</slot>
            <slot slot="622">D0N17</slot>
            <slot slot="623">D0N17</slot>
            <slot slot="624">D0N17</slot>
            <slot slot="625">D0N17</slot>
            <slot slot="626">D0N17</slot>
            <slot slot="627">D0N17</slot>
            <slot slot="628">D0N17</slot>
            <slot slot="629">D0N17</slot>
            <slot slot="630">D0N17</slot>
            <slot slot="631">D0N17</slot>
            <slot slot="632">D0N17</slot>
            <slot slot="633">D0N17</slot>
            <slot slot="634">D0N17</slot>
            <slot slot="635">D0N17</slot>
            <slot slot="636">D0N17</slot>
            <slot slot="637">D0N17</slot>
            <slot slot="638">D0N17</slot>
            <slot slot="639">D0N17</slot>
            <slot slot="640">D0N17</slot>
            <slot slot="641">D0N17</slot>
            <slot slot="642">D0N17</slot>
            <slot slot="643">D0N17</slot>
            <slot slot="644">D0N17</slot>
            <slot slot="645">D0N17</slot>
            <slot slot="646">D0N17</slot>
            <slot slot="647">D0N17</slot>
            <slot slot="648">D0N17</slot>
            <slot slot="649">D0N17</slot>
            <slot slot="650">D0N17</slot>
            <slot slot="651">D0N17</slot>
            <slot slot="652">D0N17</slot>
            <slot slot="653">D0N17</slot>
            <slot slot="654">D0N17</slot>
            <slot slot="655">D0N17</slot>
            <slot slot="656">D0N17</slot>
            <slot slot="657">D0N17</slot>
            <slot slot="658">D0N17</slot>
            <slot slot="659">D0N17</slot>
            <slot slot="660">D0N17</slot>
            <slot slot="661">D0N17</slot>
            <slot slot="662">D0N17</slot>
            <slot slot="663">D0N17</slot>
            <slot slot="664">D0N17</slot>
            <slot slot="665">D0N17</slot>
            <slot slot="666">D0N17</slot>
            <slot slot="667">D0N17</slot>
            <slot slot="668">D0N17</slot>
            <slot slot="669">D0N17</slot>
            <slot slot="670">D0N17</slot>
            <slot slot="671">D0N17</slot>
            <slot slot="672">D0N17</slot>
            <slot slot="673">D0N17</slot>
            <slot slot="674">D0N17</slot>
            <slot slot="675">D0N17</slot>
            <slot slot="676">D0N17</slot>
            <slot slot="677">D0N17</slot>
            <slot slot="678">D0N17</slot>
            <slot slot="679">D0N17</slot>
            <slot slot="680">D0N23</slot>
            <slot slot="681">D0N23</slot>
            <slot slot="682">D0N23</slot>
            <slot slot="683">D0N23</slot>
            <slot slot="684">D0N23</slot>
            <slot slot="685">D0N23</slot>
            <slot slot="686">D0N23</slot>
            <slot slot="687">D0N23</slot>
            <slot slot="688">D0N23</slot>
            <slot slot="689">D0N23</slot>
            <slot slot="690">D0N24</slot>
            <slot slot="691">D0N24</slot>
            <slot slot="692">D0N24</slot>
            <slot slot="693">D0N24</slot>
            <slot slot="694">D0N24</slot>
            <slot slot="695">D0N24</slot>
            <slot slot="696">D0N24</slot>
            <slot slot="697">D0N24</slot>
            <slot slot="698">D0N24</slot>
            <slot slot="699">D0N24</slot>
            <slot slot="700">D0N24</slot>
            <slot slot="701">D0N24</slot>
            <slot slot="702">D0N24</slot>
            <slot slot="703">D0N24</slot>
            <slot slot="704">D0N24</slot>
            <slot slot="705">D0N24</slot>
            <slot slot="706">D0N24</slot>
            <slot slot="707">D0N24</slot>
            <slot slot="708">D0N24</slot>
            <slot slot="709">D0N24</slot>
            <slot slot="710">D0N24</slot>
            <slot slot="711">D0N24</slot>
            <slot slot="712">D0N24</slot>
            <slot slot="713">D0N24</slot>
            <slot slot="714">D0N24</slot>
            <slot slot="715">D0N24</slot>
            <slot slot="716">D0N24</slot>
            <slot slot="717">D0N24</slot>
            <slot slot="718">D0N24</slot>
            <slot slot="719">D0N24</slot>
            <slot slot="720">D0N24</slot>
            <slot slot="721">D0N24</slot>
            <slot slot="722">D0N24</slot>
            <slot slot="723">D0N24</slot>
            <slot slot="724">D0N24</slot>
            <slot slot="725">D0N24</slot>
            <slot slot="726">D0N24</slot>
            <slot slot="727">D0N24</slot>
            <slot slot="728">D0N24</slot>
            <slot slot="729">D0N24</slot>
            <slot slot="730">D0N24</slot>
            <slot slot="731">D0N24</slot>
            <slot slot="732">D0N24</slot>
            <slot slot="733">D0N24</slot>
            <slot slot="734">D0N24</slot>
            <slot slot="735">D0N24</slot>
            <slot slot="736">D0N24</slot>
            <slot slot="737">D0N24</slot>
            <slot slot="738">D0N24</slot>
            <slot slot="739">D0N24</slot>
            <slot slot="740">D0N24</slot>
            <slot slot="741">D0N24</slot>
            <slot slot="742">D0N24</slot>
            <slot slot="743">D0N24</slot>
            <slot slot="744">D0N24</slot>
            <slot slot="745">D0N24</slot>
            <slot slot="746">D0N24</slot>
            <slot slot="747">D0N24</slot>
            <slot slot="748">D0N24</slot>
            <slot slot="749">D0N24</slot>
            <slot slot="750">D0N24</slot>
            <slot slot="751">D0N24</slot>
            <slot slot="752">D0N24</slot>
            <slot slot="753">D0N24</slot>
            <slot slot="754">D0N24</slot>
            <slot slot="755">D0N24</slot>
            <slot slot="756">D0N24</slot>
            <slot slot="757">D0N24</slot>
            <slot slot="758">D0N24</slot>
            <slot slot="759">D0N24</slot>
            <slot slot="760">D0N24</slot>
            <slot slot="761">D0N24</slot>
            <slot slot="762">D0N24</slot>
            <slot slot="763">D0N24</slot>
            <slot slot="764">D0N24</slot>
            <slot slot="765">D0N24</slot>
            <slot slot="766">D0N24</slot>
            <slot slot="767">D0N24</slot>
            <slot slot="768">D0N24</slot>
            <slot slot="769">D0N24</slot>
            <slot slot="770">D0N24</slot>
            <slot slot="771">D0N24</slot>
            <slot slot="772">D0N24</slot>
            <slot slot="773">D0N24</slot>
            <slot slot="774">D0N24</slot>
            <slot slot="775">D0N24</slot>
            <slot slot="776">D0N24</slot>
            <slot slot="777">D0N24</slot>
            <slot slot="778">D0N24</slot>
            <slot slot="779">D0N24</slot>
            <slot slot="780">D0N26</slot>
            <slot slot="781">D0N26</slot>
            <slot slot="782">D0N26</slot>
            <slot slot="783">D0N26</slot>
            <slot slot="784">D0N26</slot>
            <slot slot="785">D0N26</slot>
            <slot slot="786">D0N26</slot>
            <slot slot="787">D0N26</slot>
            <slot slot="788">D0N26</slot>
            <slot slot="789">D0N26</slot>
            <slot slot="790">D0N26</slot>
            <slot slot="791">D0N26</slot>
            <slot slot="792">D0N26</slot>
            <slot slot="793">D0N26</slot>
            <slot slot="794">D0N26</slot>
            <slot slot="795">D0N26</slot>
            <slot slot="796">D0N26</slot>
            <slot slot="797">D0N26</slot>
            <slot slot="798">D0N26</slot>
            <slot slot="799">D0N26</slot>
            <slot slot="800">D0N26</slot>
            <slot slot="801">D0N26</slot>
            <slot slot="802">D0N26</slot>
            <slot slot="803">D0N26</slot>
            <slot slot="804">D0N26</slot>
            <slot slot="805">D0N26</slot>
            <slot slot="806">D0N26</slot>
            <slot slot="807">D0N26</slot>
            <slot slot="808">D0N26</slot>
            <slot slot="809">D0N26</slot>
            <slot slot="810">D0N26</slot>
            <slot slot="811">D0N26</slot>
            <slot slot="812">D0N26</slot>
            <slot slot="813">D0N26</slot>
            <slot slot="814">D0N26</slot>
            <slot slot="815">D0N26</slot>
            <slot slot="816">D0N26</slot>
            <slot slot="817">D0N26</slot>
            <slot slot="818">D0N26</slot>
            <slot slot="819">D0N26</slot>
            <slot slot="820">D0N26</slot>
            <slot slot="821">D0N26</slot>
            <slot slot="822">D0N26</slot>
            <slot slot="823">D0N26</slot>
            <slot slot="824">D0N26</slot>
            <slot slot="825">D0N26</slot>
            <slot slot="826">D0N26</slot>
            <slot slot="827">D0N26</slot>
            <slot slot="828">D0N26</slot>
            <slot slot="829">D0N26</slot>
            <slot slot="830">D0N26</slot>
            <slot slot="831">D0N26</slot>
            <slot slot="832">D0N26</slot>
            <slot slot="833">D0N26</slot>
            <slot slot="834">D0N26</slot>
            <slot slot="835">D0N26</slot>
            <slot slot="836">D0N26</slot>
            <slot slot="837">D0N26</slot>
            <slot slot="838">D0N26</slot>
            <slot slot="839">D0N26</slot>
            <slot slot="840">D0N26</slot>
            <slot slot="841">D0N26</slot>
            <slot slot="842">D0N26</slot>
            <slot slot="843">D0N26</slot>
            <slot slot="844">D0N26</slot>
            <slot slot="845">D0N26</slot>
            <slot slot="846">D0N26</slot>
            <slot slot="847">D0N26</slot>
            <slot slot="848">D0N26</slot>
            <slot slot="849">D0N26</slot>
            <slot slot="850">D0N26</slot>
            <slot slot="851">D0N26</slot>
            <slot slot="852">D0N26</slot>
            <slot slot="853">D0N26</slot>
            <slot slot="854">D0N26</slot>
            <slot slot="855">D0N26</slot>
            <slot slot="856">D0N26</slot>
            <slot slot="857">D0N26</slot>
            <slot slot="858">D0N26</slot>
            <slot slot="859">D0N26</slot>
            <slot slot="860">D0N26</slot>
            <slot slot="861">D0N26</slot>
            <slot slot="862">D0N26</slot>
            <slot slot="863">D0N26</slot>
            <slot slot="864">D0N26</slot>
            <slot slot="865">D0N26</slot>
            <slot slot="866">D0N26</slot>
            <slot slot="867">D0N26</slot>
            <slot slot="868">D0N26</slot>
            <slot slot="869">D0N26</slot>
            <slot slot="870">D0N26</slot>
            <slot slot="871">D0N26</slot>
            <slot slot="872">D0N26</slot>
            <slot slot="873">D0N26</slot>
            <slot slot="874">D0N26</slot>
            <slot slot="875">D0N26</slot>
            <slot slot="876">D0N26</slot>
            <slot slot="877">D0N26</slot>
            <slot slot="878">D0N26</slot>
            <slot slot="879">D0N26</slot>
            <slot slot="880">D0N26</slot>
            <slot slot="881">D0N26</slot>
            <slot slot="882">D0N26</slot>
            <slot slot="883">D0N26</slot>
            <slot slot="884">D0N26</slot>
            <slot slot="885">D0N26</slot>
            <slot slot="886">D0N26</slot>
            <slot slot="887">D0N26</slot>
            <slot slot="888">D0N26</slot>
            <slot slot="889">D0N26</slot>
            <slot slot="890">D0N26</slot>
            <slot slot="891">D0N26</slot>
            <slot slot="892">D0N26</slot>
            <slot slot="893">D0N26</slot>
            <slot slot="894">D0N26</slot>
            <slot slot="895">D0N26</slot>
            <slot slot="896">D0N26</slot>
            <slot slot="897">D0N26</slot>
            <slot slot="898">D0N26</slot>
            <slot slot="899">D0N26</slot>
            <slot slot="900">D0N26</slot>
            <slot slot="901">D0N26</slot>
            <slot slot="902">D0N26</slot>
            <slot slot="903">D0N26</slot>
            <slot slot="904">D0N26</slot>
            <slot slot="905">D0N26</slot>
            <slot slot="906">D0N26</slot>
            <slot slot="907">D0N26</slot>
            <slot slot="908">D0N26</slot>
            <slot slot="909">D0N26</slot>
            <slot slot="910">D0N26</slot>
            <slot slot="911">D0N26</slot>
            <slot slot="912">D0N26</slot>
            <slot slot="913">D0N26</slot>
            <slot slot="914">D0N26</slot>
            <slot slot="915">D0N26</slot>
            <slot slot="916">D0N26</slot>
            <slot slot="917">D0N26</slot>
            <slot slot="918">D0N26</slot>
            <slot slot="919">D0N26</slot>
            <slot slot="920">D0N26</slot>
            <slot slot="921">D0N26</slot>
            <slot slot="922">D0N26</slot>
            <slot slot="923">D0N26</slot>
            <slot slot="924">D0N26</slot>
            <slot slot="925">D0N26</slot>
            <slot slot="926">D0N26</slot>
            <slot slot="927">D0N26</slot>
            <slot slot="928">D0N26</slot>
            <slot slot="929">D0N26</slot>
            <slot slot="930">D0N26</slot>
            <slot slot="931">D0N26</slot>
            <slot slot="932">D0N26</slot>
            <slot slot="933">D0N26</slot>
            <slot slot="934">D0N26</slot>
            <slot slot="935">D0N26</slot>
            <slot slot="936">D0N26</slot>
            <slot slot="937">D0N26</slot>
            <slot slot="938">D0N26</slot>
            <slot slot="939">D0N26</slot>
            <slot slot="940">D0N26</slot>
            <slot slot="941">D0N26</slot>
            <slot slot="942">D0N26</slot>
            <slot slot="943">D0N26</slot>
            <slot slot="944">D0N26</slot>
            <slot slot="945">D0N26</slot>
            <slot slot="946">D0N26</slot>
            <slot slot="947">D0N26</slot>
            <slot slot="948">D0N26</slot>
            <slot slot="949">D0N26</slot>
            <slot slot="950">D0N26</slot>
            <slot slot="951">D0N26</slot>
            <slot slot="952">D0N26</slot>
            <slot slot="953">D0N26</slot>
            <slot slot="954">D0N26</slot>
            <slot slot="955">D0N26</slot>
            <slot slot="956">D0N26</slot>
            <slot slot="957">D0N26</slot>
            <slot slot="958">D0N26</slot>
            <slot slot="959">D0N26</slot>
            <slot slot="960">D0N26</slot>
            <slot slot="961">D0N26</slot>
            <slot slot="962">D0N26</slot>
            <slot slot="963">D0N26</slot>
            <slot slot="964">D0N26</slot>
            <slot slot="965">D0N26</slot>
            <slot slot="966">D0N26</slot>
            <slot slot="967">D0N26</slot>
            <slot slot="968">D0N26</slot>
            <slot slot="969">D0N26</slot>
            <slot slot="970">D0N26</slot>
            <slot slot="971">D0N26</slot>
            <slot slot="972">D0N26</slot>
            <slot slot="973">D0N26</slot>
            <slot slot="974">D0N26</slot>
            <slot slot="975">D0N26</slot>
            <slot slot="976">D0N26</slot>
            <slot slot="977">D0N26</slot>
            <slot slot="978">D0N26</slot>
            <slot slot="979">D0N26</slot>
            <slot slot="980">D0N26</slot>
            <slot slot="981">D0N26</slot>
            <slot slot="982">D0N26</slot>
            <slot slot="983">D0N26</slot>
            <slot slot="984">D0N26</slot>
            <slot slot="985">D0N26</slot>
            <slot slot="986">D0N26</slot>
            <slot slot="987">D0N26</slot>
            <slot slot="988">D0N26</slot>
            <slot slot="989">D0N26</slot>
            <slot slot="990">D0N26</slot>
            <slot slot="991">D0N26</slot>
            <slot slot="992">D0N26</slot>
            <slot slot="993">D0N26</slot>
            <slot slot="994">D0N26</slot>
            <slot slot="995">D0N26</slot>
            <slot slot="996">D0N26</slot>
            <slot slot="997">D0N26</slot>
            <slot slot="998">D0N26</slot>
            <slot slot="999">D0N26</slot>
            <slot slot="1000">D0N26</slot>
            <slot slot="1001">D0N26</slot>
            <slot slot="1002">D0N26</slot>
            <slot slot="1003">D0N26</slot>
            <slot slot="1004">D0N26</slot>
            <slot slot="1005">D0N26</slot>
            <slot slot="1006">D0N26</slot>
            <slot slot="1007">D0N26</slot>
            <slot slot="1008">D0N26</slot>
            <slot slot="1009">D0N26</slot>
            <slot slot="1010">D0N26</slot>
            <slot slot="1011">D0N26</slot>
            <slot slot="1012">D0N26</slot>
            <slot slot="1013">D0N26</slot>
            <slot slot="1014">D0N26</slot>
            <slot slot="1015">D0N26</slot>
            <slot slot="1016">D0N26</slot>
            <slot slot="1017">D0N26</slot>
            <slot slot="1018">D0N26</slot>
            <slot slot="1019">D0N26</slot>
            <slot slot="1020">D0N26</slot>
            <slot slot="1021">D0N26</slot>
            <slot slot="1022">D0N26</slot>
            <slot slot="1023">D0N26</slot>
            <slot slot="1024">D0N26</slot>
            <slot slot="1025">D0N26</slot>
            <slot slot="1026">D0N26</slot>
            <slot slot="1027">D0N26</slot>
            <slot slot="1028">D0N26</slot>
            <slot slot="1029">D0N26</slot>
            <slot slot="1030">D0N26</slot>
            <slot slot="1031">D0N26</slot>
            <slot slot="1032">D0N26</slot>
            <slot slot="1033">D0N26</slot>
            <slot slot="1034">D0N26</slot>
            <slot slot="1035">D0N26</slot>
            <slot slot="1036">D0N26</slot>
            <slot slot="1037">D0N26</slot>
            <slot slot="1038">D0N26</slot>
            <slot slot="1039">D0N26</slot>
            <slot slot="1040">D0N26</slot>
            <slot slot="1041">D0N26</slot>
            <slot slot="1042">D0N26</slot>
            <slot slot="1043">D0N26</slot>
            <slot slot="1044">D0N26</slot>
            <slot slot="1045">D0N26</slot>
            <slot slot="1046">D0N26</slot>
            <slot slot="1047">D0N26</slot>
            <slot slot="1048">D0N26</slot>
            <slot slot="1049">D0N26</slot>
            <slot slot="1050">D0N26</slot>
            <slot slot="1051">D0N26</slot>
            <slot slot="1052">D0N26</slot>
            <slot slot="1053">D0N26</slot>
            <slot slot="1054">D0N26</slot>
            <slot slot="1055">D0N26</slot>
            <slot slot="1056">D0N26</slot>
            <slot slot="1057">D0N26</slot>
            <slot slot="1058">D0N26</slot>
            <slot slot="1059">D0N26</slot>
            <slot slot="1060">D0N26</slot>
            <slot slot="1061">D0N26</slot>
            <slot slot="1062">D0N26</slot>
            <slot slot="1063">D0N26</slot>
            <slot slot="1064">D0N26</slot>
            <slot slot="1065">D0N26</slot>
            <slot slot="1066">D0N26</slot>
            <slot slot="1067">D0N26</slot>
            <slot slot="1068">D0N26</slot>
            <slot slot="1069">D0N26</slot>
            <slot slot="1070">D0N26</slot>
            <slot slot="1071">D0N26</slot>
            <slot slot="1072">D0N26</slot>
            <slot slot="1073">D0N26</slot>
            <slot slot="1074">D0N26</slot>
            <slot slot="1075">D0N26</slot>
            <slot slot="1076">D0N26</slot>
            <slot slot="1077">D0N26</slot>
            <slot slot="1078">D0N26</slot>
            <slot slot="1079">D0N26</slot>
            <slot slot="1080">D0N26</slot>
            <slot slot="1081">D0N26</slot>
            <slot slot="1082">D0N26</slot>
            <slot slot="1083">D0N26</slot>
            <slot slot="1084">D0N26</slot>
            <slot slot="1085">D0N26</slot>
            <slot slot="1086">D0N26</slot>
            <slot slot="1087">D0N26</slot>
            <slot slot="1088">D0N26</slot>
            <slot slot="1089">D0N26</slot>
            <slot slot="1090">D0N29</slot>
            <slot slot="1091">D0N29</slot>
            <slot slot="1092">D0N29</slot>
            <slot slot="1093">D0N29</slot>
            <slot slot="1094">D0N29</slot>
            <slot slot="1095">D0N29</slot>
            <slot slot="1096">D0N29</slot>
            <slot slot="1097">D0N29</slot>
            <slot slot="1098">D0N29</slot>
            <slot slot="1099">D0N29</slot>
            <slot slot="1100">D0N29</slot>
            <slot slot="1101">D0N29</slot>
            <slot slot="1102">D0N29</slot>
            <slot slot="1103">D0N29</slot>
            <slot slot="1104">D0N29</slot>
            <slot slot="1105">D0N29</slot>
            <slot slot="1106">D0N29</slot>
            <slot slot="1107">D0N29</slot>
            <slot slot="1108">D0N29</slot>
            <slot slot="1109">D0N29</slot>
            <slot slot="1110">D0N29</slot>
            <slot slot="1111">D0N29</slot>
            <slot slot="1112">D0N29</slot>
            <slot slot="1113">D0N29</slot>
            <slot slot="1114">D0N29</slot>
            <slot slot="1115">D0N29</slot>
            <slot slot="1116">D0N29</slot>
            <slot slot="1117">D0N29</slot>
            <slot slot="1118">D0N29</slot>
            <slot slot="1119">D0N29</slot>
            <slot slot="1120">D0N29</slot>
            <slot slot="1121">D0N29</slot>
            <slot slot="1122">D0N29</slot>
            <slot slot="1123">D0N29</slot>
            <slot slot="1124">D0N29</slot>
            <slot slot="1125">D0N29</slot>
            <slot slot="1126">D0N29</slot>
            <slot slot="1127">D0N29</slot>
            <slot slot="1128">D0N29</slot>
            <slot slot="1129">D0N29</slot>
            <slot slot="1130">D0N29</slot>
            <slot slot="1131">D0N29</slot>
            <slot slot="1132">D0N29</slot>
            <slot slot="1133">D0N29</slot>
            <slot slot="1134">D0N29</slot>
            <slot slot="1135">D0N29</slot>
            <slot slot="1136">D0N29</slot>
            <slot slot="1137">D0N29</slot>
            <slot slot="1138">D0N29</slot>
            <slot slot="1139">D0N29</slot>
            <slot slot="1140">D0N29</slot>
            <slot slot="1141">D0N29</slot>
            <slot slot="1142">D0N29</slot>
            <slot slot="1143">D0N29</slot>
            <slot slot="1144">D0N29</slot>
            <slot slot="1145">D0N29</slot>
            <slot slot="1146">D0N29</slot>
            <slot slot="1147">D0N29</slot>
            <slot slot="1148">D0N29</slot>
            <slot slot="1149">D0N29</slot>
            <slot slot="1150">D0N29</slot>
            <slot slot="1151">D0N29</slot>
            <slot slot="1152">D0N29</slot>
            <slot slot="1153">D0N29</slot>
            <slot slot="1154">D0N29</slot>
            <slot slot="1155">D0N29</slot>
            <slot slot="1156">D0N29</slot>
            <slot slot="1157">D0N29</slot>
            <slot slot="1158">D0N29</slot>
            <slot slot="1159">D0N29</slot>
            <slot slot="1160">D0N29</slot>
            <slot slot="1161">D0N29</slot>
            <slot slot="1162">D0N29</slot>
            <slot slot="1163">D0N29</slot>
            <slot slot="1164">D0N29</slot>
            <slot slot="1165">D0N29</slot>
            <slot slot="1166">D0N29</slot>
            <slot slot="1167">D0N29</slot>
            <slot slot="1168">D0N29</slot>
            <slot slot="1169">D0N29</slot>
            <slot slot="1170">D0N29</slot>
            <slot slot="1171">D0N29</slot>
            <slot slot="1172">D0N29</slot>
            <slot slot="1173">D0N29</slot>
            <slot slot="1174">D0N29</slot>
            <slot slot="1175">D0N29</slot>
            <slot slot="1176">D0N29</slot>
            <slot slot="1177">D0N29</slot>
            <slot slot="1178">D0N29</slot>
            <slot slot="1179">D0N29</slot>
            <slot slot="1180">D0N29</slot>
            <slot slot="1181">D0N29</slot>
            <slot slot="1182">D0N29</slot>
            <slot slot="1183">D0N29</slot>
            <slot slot="1184">D0N29</slot>
            <slot slot="1185">D0N29</slot>
            <slot slot="1186">D0N29</slot>
            <slot slot="1187">D0N29</slot>
            <slot slot="1188">D0N29</slot>
            <slot slot="1189">D0N29</slot>
            <slot slot="1190">D0N36</slot>
            <slot slot="1191">D0N36</slot>
            <slot slot="1192">D0N36</slot>
            <slot slot="1193">D0N36</slot>
            <slot slot="1194">D0N36</slot>
            <slot slot="1195">D0N36</slot>
            <slot slot="1196">D0N36</slot>
            <slot slot="1197">D0N36</slot>
            <slot slot="1198">D0N36</slot>
            <slot slot="1199">D0N36</slot>
        </core>
    </Mode-1>
</sched>
