<?xml version="1.0" encoding="UTF-8" standalone="no"?>
<mcsystem>
    <mcdag deadline="3000" name="genned-0-ed-10.0-0">
        <actor name="D0N13">
            <wcet number="0">80</wcet>
            <wcet number="1">170</wcet>
            <maxpow number="0.689882061706039"/>
            <maxpow number="0.689882061706039"/>
            <fprob>0.0</fprob>
        </actor>
        <actor name="D0N9">
            <wcet number="0">10</wcet>
            <wcet number="1">30</wcet>
            <maxpow number="0.6502858801238859"/>
            <maxpow number="0.6502858801238859"/>
            <fprob>0.0</fprob>
        </actor>
        <actor name="D0N42">
            <wcet number="0">10</wcet>
            <wcet number="1">10</wcet>
            <maxpow number="0.7185228712001805"/>
            <maxpow number="0.7185228712001805"/>
            <fprob>0.0</fprob>
        </actor>
        <actor name="D0N38">
            <wcet number="0">10</wcet>
            <wcet number="1">10</wcet>
            <maxpow number="0.39048956631329024"/>
            <maxpow number="0.39048956631329024"/>
            <fprob>0.0</fprob>
        </actor>
        <actor name="D0N15">
            <wcet number="0">20</wcet>
            <wcet number="1">210</wcet>
            <maxpow number="0.7308068356375806"/>
            <maxpow number="0.7308068356375806"/>
            <fprob>0.0</fprob>
        </actor>
        <actor name="D0N6">
            <wcet number="0">120</wcet>
            <wcet number="1">280</wcet>
            <maxpow number="0.6989047013354901"/>
            <maxpow number="0.6989047013354901"/>
            <fprob>0.0</fprob>
        </actor>
        <actor name="D0N28">
            <wcet number="0">220</wcet>
            <wcet number="1">260</wcet>
            <maxpow number="0.38518906464379715"/>
            <maxpow number="0.38518906464379715"/>
            <fprob>0.0</fprob>
        </actor>
        <actor name="D0N37">
            <wcet number="0">60</wcet>
            <wcet number="1">100</wcet>
            <maxpow number="0.6515794491786076"/>
            <maxpow number="0.6515794491786076"/>
            <fprob>0.0</fprob>
        </actor>
        <actor name="D0N44">
            <wcet number="0">80</wcet>
            <wcet number="1">350</wcet>
            <maxpow number="0.5395305336370632"/>
            <maxpow number="0.5395305336370632"/>
            <fprob>0.0</fprob>
        </actor>
        <actor name="D0N41">
            <wcet number="0">630</wcet>
            <wcet number="1">860</wcet>
            <maxpow number="0.8180110058057526"/>
            <maxpow number="0.8180110058057526"/>
            <fprob>0.0</fprob>
        </actor>
        <actor name="D0N7">
            <wcet number="0">20</wcet>
            <wcet number="1">50</wcet>
            <maxpow number="0.41725367840536903"/>
            <maxpow number="0.41725367840536903"/>
            <fprob>0.0</fprob>
        </actor>
        <actor name="D0N35">
            <wcet number="0">20</wcet>
            <wcet number="1">70</wcet>
            <maxpow number="0.8087733633467454"/>
            <maxpow number="0.8087733633467454"/>
            <fprob>0.0</fprob>
        </actor>
        <actor name="D0N48">
            <wcet number="0">120</wcet>
            <wcet number="1">200</wcet>
            <maxpow number="0.5304500729868261"/>
            <maxpow number="0.5304500729868261"/>
            <fprob>0.0</fprob>
        </actor>
        <actor name="D0N29">
            <wcet number="0">50</wcet>
            <wcet number="1">250</wcet>
            <maxpow number="0.8632473795324703"/>
            <maxpow number="0.8632473795324703"/>
            <fprob>0.0</fprob>
        </actor>
        <actor name="D0N14">
            <wcet number="0">150</wcet>
            <wcet number="1">230</wcet>
            <maxpow number="0.7068859668832477"/>
            <maxpow number="0.7068859668832477"/>
            <fprob>0.0</fprob>
        </actor>
        <actor name="D0N25">
            <wcet number="0">20</wcet>
            <wcet number="1">70</wcet>
            <maxpow number="0.46964743465628256"/>
            <maxpow number="0.46964743465628256"/>
            <fprob>0.0</fprob>
        </actor>
        <actor name="D0N12">
            <wcet number="0">10</wcet>
            <wcet number="1">130</wcet>
            <maxpow number="0.7181381829466976"/>
            <maxpow number="0.7181381829466976"/>
            <fprob>0.0</fprob>
        </actor>
        <actor name="D0N20">
            <wcet number="0">30</wcet>
            <wcet number="1">50</wcet>
            <maxpow number="0.4795726560885717"/>
            <maxpow number="0.4795726560885717"/>
            <fprob>0.0</fprob>
        </actor>
        <actor name="D0N19">
            <wcet number="0">70</wcet>
            <wcet number="1">80</wcet>
            <maxpow number="0.6733409393447063"/>
            <maxpow number="0.6733409393447063"/>
            <fprob>0.0</fprob>
        </actor>
        <actor name="D0N34">
            <wcet number="0">10</wcet>
            <wcet number="1">10</wcet>
            <maxpow number="0.737591679739882"/>
            <maxpow number="0.737591679739882"/>
            <fprob>0.0</fprob>
        </actor>
        <actor name="D0N1">
            <wcet number="0">20</wcet>
            <wcet number="1">20</wcet>
            <maxpow number="0.6003590365003747"/>
            <maxpow number="0.6003590365003747"/>
            <fprob>0.0</fprob>
        </actor>
        <actor name="D0N27">
            <wcet number="0">10</wcet>
            <wcet number="1">20</wcet>
            <maxpow number="0.3973290278094702"/>
            <maxpow number="0.3973290278094702"/>
            <fprob>0.0</fprob>
        </actor>
        <actor name="D0N22">
            <wcet number="0">80</wcet>
            <wcet number="1">80</wcet>
            <maxpow number="0.7332433866124872"/>
            <maxpow number="0.7332433866124872"/>
            <fprob>0.0</fprob>
        </actor>
        <actor name="D0N33">
            <wcet number="0">20</wcet>
            <wcet number="1">170</wcet>
            <maxpow number="0.5134787012451949"/>
            <maxpow number="0.5134787012451949"/>
            <fprob>0.0</fprob>
        </actor>
        <actor name="D0N4">
            <wcet number="0">10</wcet>
            <wcet number="1">30</wcet>
            <maxpow number="0.5679867533118144"/>
            <maxpow number="0.5679867533118144"/>
            <fprob>0.0</fprob>
        </actor>
        <actor name="D0N11">
            <wcet number="0">20</wcet>
            <wcet number="1">100</wcet>
            <maxpow number="0.6423174302346607"/>
            <maxpow number="0.6423174302346607"/>
            <fprob>0.0</fprob>
        </actor>
        <actor name="D0N46">
            <wcet number="0">30</wcet>
            <wcet number="1">30</wcet>
            <maxpow number="0.8134239819646549"/>
            <maxpow number="0.8134239819646549"/>
            <fprob>0.0</fprob>
        </actor>
        <actor name="D0N10">
            <wcet number="0">20</wcet>
            <wcet number="1">30</wcet>
            <maxpow number="0.6611609011537597"/>
            <maxpow number="0.6611609011537597"/>
            <fprob>0.0</fprob>
        </actor>
        <actor name="D0N43">
            <wcet number="0">40</wcet>
            <wcet number="1">50</wcet>
            <maxpow number="0.5331400633794597"/>
            <maxpow number="0.5331400633794597"/>
            <fprob>0.0</fprob>
        </actor>
        <actor name="D0N47">
            <wcet number="0">10</wcet>
            <wcet number="1">10</wcet>
            <maxpow number="0.6788708641386497"/>
            <maxpow number="0.6788708641386497"/>
            <fprob>0.0</fprob>
        </actor>
        <actor name="D0N26">
            <wcet number="0">10</wcet>
            <wcet number="1">90</wcet>
            <maxpow number="0.41896480189995877"/>
            <maxpow number="0.41896480189995877"/>
            <fprob>0.0</fprob>
        </actor>
        <actor name="D0N17">
            <wcet number="0">20</wcet>
            <wcet number="1">250</wcet>
            <maxpow number="0.3585768367178815"/>
            <maxpow number="0.3585768367178815"/>
            <fprob>0.0</fprob>
        </actor>
        <actor name="D0N45">
            <wcet number="0">30</wcet>
            <wcet number="1">30</wcet>
            <maxpow number="0.7135655378592927"/>
            <maxpow number="0.7135655378592927"/>
            <fprob>0.0</fprob>
        </actor>
        <actor name="D0N21">
            <wcet number="0">60</wcet>
            <wcet number="1">90</wcet>
            <maxpow number="0.25239504181003464"/>
            <maxpow number="0.25239504181003464"/>
            <fprob>0.0</fprob>
        </actor>
        <actor name="D0N5">
            <wcet number="0">20</wcet>
            <wcet number="1">20</wcet>
            <maxpow number="0.3926290901487034"/>
            <maxpow number="0.3926290901487034"/>
            <fprob>0.0</fprob>
        </actor>
        <actor name="D0N16">
            <wcet number="0">10</wcet>
            <wcet number="1">20</wcet>
            <maxpow number="0.7448331974471125"/>
            <maxpow number="0.7448331974471125"/>
            <fprob>0.0</fprob>
        </actor>
        <actor name="D0N40">
            <wcet number="0">200</wcet>
            <wcet number="1">500</wcet>
            <maxpow number="0.5136490362223973"/>
            <maxpow number="0.5136490362223973"/>
            <fprob>0.0</fprob>
        </actor>
        <actor name="D0N3">
            <wcet number="0">90</wcet>
            <wcet number="1">90</wcet>
            <maxpow number="0.24038191762008887"/>
            <maxpow number="0.24038191762008887"/>
            <fprob>0.0</fprob>
        </actor>
        <actor name="D0N31">
            <wcet number="0">90</wcet>
            <wcet number="1">120</wcet>
            <maxpow number="0.927073467656083"/>
            <maxpow number="0.927073467656083"/>
            <fprob>0.0</fprob>
        </actor>
        <actor name="D0N23">
            <wcet number="0">90</wcet>
            <wcet number="1">230</wcet>
            <maxpow number="0.7089806547735485"/>
            <maxpow number="0.7089806547735485"/>
            <fprob>0.0</fprob>
        </actor>
        <actor name="D0N36">
            <wcet number="0">40</wcet>
            <wcet number="1">50</wcet>
            <maxpow number="0.8215608541161807"/>
            <maxpow number="0.8215608541161807"/>
            <fprob>0.0</fprob>
        </actor>
        <actor name="D0N18">
            <wcet number="0">10</wcet>
            <wcet number="1">20</wcet>
            <maxpow number="0.6671562800700371"/>
            <maxpow number="0.6671562800700371"/>
            <fprob>0.0</fprob>
        </actor>
        <actor name="D0N39">
            <wcet number="0">50</wcet>
            <wcet number="1">90</wcet>
            <maxpow number="0.45462669318234905"/>
            <maxpow number="0.45462669318234905"/>
            <fprob>0.0</fprob>
        </actor>
        <actor name="D0N0">
            <wcet number="0">70</wcet>
            <wcet number="1">80</wcet>
            <maxpow number="0.5737505207349676"/>
            <maxpow number="0.5737505207349676"/>
            <fprob>0.0</fprob>
        </actor>
        <actor name="D0N2">
            <wcet number="0">40</wcet>
            <wcet number="1">70</wcet>
            <maxpow number="0.5885280729738122"/>
            <maxpow number="0.5885280729738122"/>
            <fprob>0.0</fprob>
        </actor>
        <actor name="D0N32">
            <wcet number="0">220</wcet>
            <wcet number="1">260</wcet>
            <maxpow number="0.3056832073057941"/>
            <maxpow number="0.3056832073057941"/>
            <fprob>0.0</fprob>
        </actor>
        <actor name="D0N30">
            <wcet number="0">220</wcet>
            <wcet number="1">390</wcet>
            <maxpow number="0.45509058242594824"/>
            <maxpow number="0.45509058242594824"/>
            <fprob>0.0</fprob>
        </actor>
        <actor name="D0N8">
            <wcet number="0">20</wcet>
            <wcet number="1">40</wcet>
            <maxpow number="0.7256211190041231"/>
            <maxpow number="0.7256211190041231"/>
            <fprob>0.0</fprob>
        </actor>
        <actor name="D0N24">
            <wcet number="0">90</wcet>
            <wcet number="1">200</wcet>
            <maxpow number="0.4774858565458431"/>
            <maxpow number="0.4774858565458431"/>
            <fprob>0.0</fprob>
        </actor>
        <ports>
            <port dstActor="D0N46" name="p0" srcActor="D0N13"/>
            <port dstActor="D0N15" name="p1" srcActor="D0N13"/>
            <port dstActor="D0N18" name="p2" srcActor="D0N13"/>
            <port dstActor="D0N22" name="p3" srcActor="D0N13"/>
            <port dstActor="D0N25" name="p4" srcActor="D0N9"/>
            <port dstActor="D0N15" name="p5" srcActor="D0N9"/>
            <port dstActor="D0N34" name="p6" srcActor="D0N9"/>
            <port dstActor="D0N35" name="p7" srcActor="D0N9"/>
            <port dstActor="D0N23" name="p8" srcActor="D0N15"/>
            <port dstActor="D0N18" name="p9" srcActor="D0N15"/>
            <port dstActor="D0N47" name="p10" srcActor="D0N15"/>
            <port dstActor="D0N24" name="p11" srcActor="D0N15"/>
            <port dstActor="D0N16" name="p12" srcActor="D0N6"/>
            <port dstActor="D0N24" name="p13" srcActor="D0N6"/>
            <port dstActor="D0N32" name="p14" srcActor="D0N6"/>
            <port dstActor="D0N29" name="p15" srcActor="D0N6"/>
            <port dstActor="D0N13" name="p16" srcActor="D0N6"/>
            <port dstActor="D0N38" name="p17" srcActor="D0N6"/>
            <port dstActor="D0N36" name="p18" srcActor="D0N6"/>
            <port dstActor="D0N44" name="p19" srcActor="D0N28"/>
            <port dstActor="D0N41" name="p20" srcActor="D0N37"/>
            <port dstActor="D0N43" name="p21" srcActor="D0N37"/>
            <port dstActor="D0N46" name="p22" srcActor="D0N44"/>
            <port dstActor="D0N42" name="p23" srcActor="D0N41"/>
            <port dstActor="D0N45" name="p24" srcActor="D0N41"/>
            <port dstActor="D0N35" name="p25" srcActor="D0N7"/>
            <port dstActor="D0N18" name="p26" srcActor="D0N7"/>
            <port dstActor="D0N23" name="p27" srcActor="D0N14"/>
            <port dstActor="D0N24" name="p28" srcActor="D0N14"/>
            <port dstActor="D0N21" name="p29" srcActor="D0N14"/>
            <port dstActor="D0N45" name="p30" srcActor="D0N14"/>
            <port dstActor="D0N42" name="p31" srcActor="D0N25"/>
            <port dstActor="D0N32" name="p32" srcActor="D0N25"/>
            <port dstActor="D0N38" name="p33" srcActor="D0N25"/>
            <port dstActor="D0N35" name="p34" srcActor="D0N25"/>
            <port dstActor="D0N18" name="p35" srcActor="D0N12"/>
            <port dstActor="D0N20" name="p36" srcActor="D0N12"/>
            <port dstActor="D0N34" name="p37" srcActor="D0N12"/>
            <port dstActor="D0N36" name="p38" srcActor="D0N12"/>
            <port dstActor="D0N13" name="p39" srcActor="D0N12"/>
            <port dstActor="D0N21" name="p40" srcActor="D0N12"/>
            <port dstActor="D0N29" name="p41" srcActor="D0N20"/>
            <port dstActor="D0N43" name="p42" srcActor="D0N20"/>
            <port dstActor="D0N24" name="p43" srcActor="D0N19"/>
            <port dstActor="D0N44" name="p44" srcActor="D0N19"/>
            <port dstActor="D0N45" name="p45" srcActor="D0N19"/>
            <port dstActor="D0N48" name="p46" srcActor="D0N34"/>
            <port dstActor="D0N47" name="p47" srcActor="D0N34"/>
            <port dstActor="D0N25" name="p48" srcActor="D0N1"/>
            <port dstActor="D0N3" name="p49" srcActor="D0N1"/>
            <port dstActor="D0N34" name="p50" srcActor="D0N1"/>
            <port dstActor="D0N43" name="p51" srcActor="D0N1"/>
            <port dstActor="D0N43" name="p52" srcActor="D0N27"/>
            <port dstActor="D0N28" name="p53" srcActor="D0N27"/>
            <port dstActor="D0N45" name="p54" srcActor="D0N27"/>
            <port dstActor="D0N36" name="p55" srcActor="D0N22"/>
            <port dstActor="D0N40" name="p56" srcActor="D0N22"/>
            <port dstActor="D0N24" name="p57" srcActor="D0N22"/>
            <port dstActor="D0N35" name="p58" srcActor="D0N33"/>
            <port dstActor="D0N45" name="p59" srcActor="D0N33"/>
            <port dstActor="D0N38" name="p60" srcActor="D0N4"/>
            <port dstActor="D0N43" name="p61" srcActor="D0N4"/>
            <port dstActor="D0N12" name="p62" srcActor="D0N11"/>
            <port dstActor="D0N17" name="p63" srcActor="D0N11"/>
            <port dstActor="D0N21" name="p64" srcActor="D0N11"/>
            <port dstActor="D0N13" name="p65" srcActor="D0N11"/>
            <port dstActor="D0N14" name="p66" srcActor="D0N11"/>
            <port dstActor="D0N48" name="p67" srcActor="D0N11"/>
            <port dstActor="D0N27" name="p68" srcActor="D0N11"/>
            <port dstActor="D0N35" name="p69" srcActor="D0N10"/>
            <port dstActor="D0N13" name="p70" srcActor="D0N10"/>
            <port dstActor="D0N27" name="p71" srcActor="D0N10"/>
            <port dstActor="D0N11" name="p72" srcActor="D0N10"/>
            <port dstActor="D0N45" name="p73" srcActor="D0N43"/>
            <port dstActor="D0N41" name="p74" srcActor="D0N26"/>
            <port dstActor="D0N40" name="p75" srcActor="D0N26"/>
            <port dstActor="D0N37" name="p76" srcActor="D0N26"/>
            <port dstActor="D0N37" name="p77" srcActor="D0N17"/>
            <port dstActor="D0N24" name="p78" srcActor="D0N17"/>
            <port dstActor="D0N34" name="p79" srcActor="D0N17"/>
            <port dstActor="D0N22" name="p80" srcActor="D0N17"/>
            <port dstActor="D0N41" name="p81" srcActor="D0N17"/>
            <port dstActor="D0N36" name="p82" srcActor="D0N21"/>
            <port dstActor="D0N44" name="p83" srcActor="D0N21"/>
            <port dstActor="D0N46" name="p84" srcActor="D0N21"/>
            <port dstActor="D0N27" name="p85" srcActor="D0N5"/>
            <port dstActor="D0N28" name="p86" srcActor="D0N5"/>
            <port dstActor="D0N26" name="p87" srcActor="D0N5"/>
            <port dstActor="D0N43" name="p88" srcActor="D0N16"/>
            <port dstActor="D0N44" name="p89" srcActor="D0N16"/>
            <port dstActor="D0N17" name="p90" srcActor="D0N16"/>
            <port dstActor="D0N19" name="p91" srcActor="D0N16"/>
            <port dstActor="D0N41" name="p92" srcActor="D0N16"/>
            <port dstActor="D0N38" name="p93" srcActor="D0N16"/>
            <port dstActor="D0N43" name="p94" srcActor="D0N40"/>
            <port dstActor="D0N45" name="p95" srcActor="D0N40"/>
            <port dstActor="D0N14" name="p96" srcActor="D0N3"/>
            <port dstActor="D0N38" name="p97" srcActor="D0N31"/>
            <port dstActor="D0N46" name="p98" srcActor="D0N31"/>
            <port dstActor="D0N26" name="p99" srcActor="D0N23"/>
            <port dstActor="D0N33" name="p100" srcActor="D0N18"/>
            <port dstActor="D0N43" name="p101" srcActor="D0N18"/>
            <port dstActor="D0N26" name="p102" srcActor="D0N18"/>
            <port dstActor="D0N41" name="p103" srcActor="D0N39"/>
            <port dstActor="D0N48" name="p104" srcActor="D0N39"/>
            <port dstActor="D0N46" name="p105" srcActor="D0N39"/>
            <port dstActor="D0N1" name="p106" srcActor="D0N0"/>
            <port dstActor="D0N10" name="p107" srcActor="D0N0"/>
            <port dstActor="D0N26" name="p108" srcActor="D0N0"/>
            <port dstActor="D0N24" name="p109" srcActor="D0N0"/>
            <port dstActor="D0N6" name="p110" srcActor="D0N0"/>
            <port dstActor="D0N18" name="p111" srcActor="D0N2"/>
            <port dstActor="D0N32" name="p112" srcActor="D0N2"/>
            <port dstActor="D0N10" name="p113" srcActor="D0N2"/>
            <port dstActor="D0N4" name="p114" srcActor="D0N2"/>
            <port dstActor="D0N26" name="p115" srcActor="D0N2"/>
            <port dstActor="D0N42" name="p116" srcActor="D0N32"/>
            <port dstActor="D0N34" name="p117" srcActor="D0N30"/>
            <port dstActor="D0N18" name="p118" srcActor="D0N8"/>
            <port dstActor="D0N11" name="p119" srcActor="D0N8"/>
            <port dstActor="D0N19" name="p120" srcActor="D0N8"/>
            <port dstActor="D0N38" name="p121" srcActor="D0N24"/>
            <port dstActor="D0N43" name="p122" srcActor="D0N24"/>
        </ports>
    </mcdag>
    <cores number="3"/>
    <levels number="2"/>
</mcsystem>
