<?xml version="1.0" encoding="UTF-8" standalone="no"?>
<mcsystem>
    <mcdag deadline="5000" name="genned-0-ed-10.0-0">
        <actor name="D0N45">
            <wcet number="0">170</wcet>
            <wcet number="1">300</wcet>
            <maxpow number="0.5866887817350414"/>
            <maxpow number="0.5866887817350414"/>
            <fprob>0.0</fprob>
        </actor>
        <actor name="D0N28">
            <wcet number="0">10</wcet>
            <wcet number="1">40</wcet>
            <maxpow number="0.4039568584009754"/>
            <maxpow number="0.4039568584009754"/>
            <fprob>0.0</fprob>
        </actor>
        <actor name="D0N12">
            <wcet number="0">10</wcet>
            <wcet number="1">10</wcet>
            <maxpow number="0.6767444602059178"/>
            <maxpow number="0.6767444602059178"/>
            <fprob>0.0</fprob>
        </actor>
        <actor name="D0N8">
            <wcet number="0">110</wcet>
            <wcet number="1">150</wcet>
            <maxpow number="0.509680946547298"/>
            <maxpow number="0.509680946547298"/>
            <fprob>0.0</fprob>
        </actor>
        <actor name="D0N32">
            <wcet number="0">180</wcet>
            <wcet number="1">320</wcet>
            <maxpow number="0.5935284387318001"/>
            <maxpow number="0.5935284387318001"/>
            <fprob>0.0</fprob>
        </actor>
        <actor name="D0N7">
            <wcet number="0">30</wcet>
            <wcet number="1">70</wcet>
            <maxpow number="0.2640588510245543"/>
            <maxpow number="0.2640588510245543"/>
            <fprob>0.0</fprob>
        </actor>
        <actor name="D0N38">
            <wcet number="0">110</wcet>
            <wcet number="1">330</wcet>
            <maxpow number="0.4629707808534238"/>
            <maxpow number="0.4629707808534238"/>
            <fprob>0.0</fprob>
        </actor>
        <actor name="D0N31">
            <wcet number="0">10</wcet>
            <wcet number="1">240</wcet>
            <maxpow number="0.41190715203917294"/>
            <maxpow number="0.41190715203917294"/>
            <fprob>0.0</fprob>
        </actor>
        <actor name="D0N41">
            <wcet number="0">240</wcet>
            <wcet number="1">300</wcet>
            <maxpow number="0.2798310971884884"/>
            <maxpow number="0.2798310971884884"/>
            <fprob>0.0</fprob>
        </actor>
        <actor name="D0N44">
            <wcet number="0">120</wcet>
            <wcet number="1">140</wcet>
            <maxpow number="0.5578982703529816"/>
            <maxpow number="0.5578982703529816"/>
            <fprob>0.0</fprob>
        </actor>
        <actor name="D0N16">
            <wcet number="0">130</wcet>
            <wcet number="1">280</wcet>
            <maxpow number="0.3997337837942352"/>
            <maxpow number="0.3997337837942352"/>
            <fprob>0.0</fprob>
        </actor>
        <actor name="D0N18">
            <wcet number="0">10</wcet>
            <wcet number="1">170</wcet>
            <maxpow number="0.6131045461713498"/>
            <maxpow number="0.6131045461713498"/>
            <fprob>0.0</fprob>
        </actor>
        <actor name="D0N39">
            <wcet number="0">40</wcet>
            <wcet number="1">220</wcet>
            <maxpow number="0.41433938712884977"/>
            <maxpow number="0.41433938712884977"/>
            <fprob>0.0</fprob>
        </actor>
        <actor name="D0N2">
            <wcet number="0">10</wcet>
            <wcet number="1">100</wcet>
            <maxpow number="0.16140838874164865"/>
            <maxpow number="0.16140838874164865"/>
            <fprob>0.0</fprob>
        </actor>
        <actor name="D0N4">
            <wcet number="0">80</wcet>
            <wcet number="1">140</wcet>
            <maxpow number="0.7834864664508965"/>
            <maxpow number="0.7834864664508965"/>
            <fprob>0.0</fprob>
        </actor>
        <actor name="D0N27">
            <wcet number="0">10</wcet>
            <wcet number="1">10</wcet>
            <maxpow number="0.6765900109114088"/>
            <maxpow number="0.6765900109114088"/>
            <fprob>0.0</fprob>
        </actor>
        <actor name="D0N6">
            <wcet number="0">120</wcet>
            <wcet number="1">290</wcet>
            <maxpow number="0.8481516257832129"/>
            <maxpow number="0.8481516257832129"/>
            <fprob>0.0</fprob>
        </actor>
        <actor name="D0N17">
            <wcet number="0">120</wcet>
            <wcet number="1">230</wcet>
            <maxpow number="0.7559276211753181"/>
            <maxpow number="0.7559276211753181"/>
            <fprob>0.0</fprob>
        </actor>
        <actor name="D0N22">
            <wcet number="0">300</wcet>
            <wcet number="1">320</wcet>
            <maxpow number="0.4967784751811838"/>
            <maxpow number="0.4967784751811838"/>
            <fprob>0.0</fprob>
        </actor>
        <actor name="D0N11">
            <wcet number="0">490</wcet>
            <wcet number="1">730</wcet>
            <maxpow number="0.6438905468710668"/>
            <maxpow number="0.6438905468710668"/>
            <fprob>0.0</fprob>
        </actor>
        <actor name="D0N15">
            <wcet number="0">90</wcet>
            <wcet number="1">140</wcet>
            <maxpow number="0.5334902998711881"/>
            <maxpow number="0.5334902998711881"/>
            <fprob>0.0</fprob>
        </actor>
        <actor name="D0N20">
            <wcet number="0">50</wcet>
            <wcet number="1">210</wcet>
            <maxpow number="1.1206290721857792"/>
            <maxpow number="1.1206290721857792"/>
            <fprob>0.0</fprob>
        </actor>
        <actor name="D0N19">
            <wcet number="0">300</wcet>
            <wcet number="1">410</wcet>
            <maxpow number="0.4486050018131673"/>
            <maxpow number="0.4486050018131673"/>
            <fprob>0.0</fprob>
        </actor>
        <actor name="D0N35">
            <wcet number="0">60</wcet>
            <wcet number="1">120</wcet>
            <maxpow number="0.24436687166843774"/>
            <maxpow number="0.24436687166843774"/>
            <fprob>0.0</fprob>
        </actor>
        <actor name="D0N48">
            <wcet number="0">40</wcet>
            <wcet number="1">120</wcet>
            <maxpow number="0.7779468465711513"/>
            <maxpow number="0.7779468465711513"/>
            <fprob>0.0</fprob>
        </actor>
        <actor name="D0N33">
            <wcet number="0">30</wcet>
            <wcet number="1">40</wcet>
            <maxpow number="0.2786271895288955"/>
            <maxpow number="0.2786271895288955"/>
            <fprob>0.0</fprob>
        </actor>
        <actor name="D0N46">
            <wcet number="0">220</wcet>
            <wcet number="1">360</wcet>
            <maxpow number="0.526929857971538"/>
            <maxpow number="0.526929857971538"/>
            <fprob>0.0</fprob>
        </actor>
        <actor name="D0N24">
            <wcet number="0">180</wcet>
            <wcet number="1">180</wcet>
            <maxpow number="0.6635063577635498"/>
            <maxpow number="0.6635063577635498"/>
            <fprob>0.0</fprob>
        </actor>
        <actor name="D0N37">
            <wcet number="0">50</wcet>
            <wcet number="1">860</wcet>
            <maxpow number="0.261982041450857"/>
            <maxpow number="0.261982041450857"/>
            <fprob>0.0</fprob>
        </actor>
        <actor name="D0N13">
            <wcet number="0">90</wcet>
            <wcet number="1">210</wcet>
            <maxpow number="0.689719327023514"/>
            <maxpow number="0.689719327023514"/>
            <fprob>0.0</fprob>
        </actor>
        <actor name="D0N25">
            <wcet number="0">90</wcet>
            <wcet number="1">140</wcet>
            <maxpow number="0.9189641907112132"/>
            <maxpow number="0.9189641907112132"/>
            <fprob>0.0</fprob>
        </actor>
        <actor name="D0N9">
            <wcet number="0">20</wcet>
            <wcet number="1">60</wcet>
            <maxpow number="0.5732454061692162"/>
            <maxpow number="0.5732454061692162"/>
            <fprob>0.0</fprob>
        </actor>
        <actor name="D0N26">
            <wcet number="0">40</wcet>
            <wcet number="1">90</wcet>
            <maxpow number="0.3023817283760653"/>
            <maxpow number="0.3023817283760653"/>
            <fprob>0.0</fprob>
        </actor>
        <actor name="D0N40">
            <wcet number="0">10</wcet>
            <wcet number="1">30</wcet>
            <maxpow number="0.64232085383242"/>
            <maxpow number="0.64232085383242"/>
            <fprob>0.0</fprob>
        </actor>
        <actor name="D0N0">
            <wcet number="0">90</wcet>
            <wcet number="1">320</wcet>
            <maxpow number="0.7003983539821101"/>
            <maxpow number="0.7003983539821101"/>
            <fprob>0.0</fprob>
        </actor>
        <actor name="D0N5">
            <wcet number="0">130</wcet>
            <wcet number="1">240</wcet>
            <maxpow number="0.7750813465781788"/>
            <maxpow number="0.7750813465781788"/>
            <fprob>0.0</fprob>
        </actor>
        <actor name="D0N29">
            <wcet number="0">480</wcet>
            <wcet number="1">610</wcet>
            <maxpow number="0.5055229745911985"/>
            <maxpow number="0.5055229745911985"/>
            <fprob>0.0</fprob>
        </actor>
        <actor name="D0N43">
            <wcet number="0">610</wcet>
            <wcet number="1">760</wcet>
            <maxpow number="0.4315292322688629"/>
            <maxpow number="0.4315292322688629"/>
            <fprob>0.0</fprob>
        </actor>
        <actor name="D0N36">
            <wcet number="0">10</wcet>
            <wcet number="1">30</wcet>
            <maxpow number="0.7978674106788474"/>
            <maxpow number="0.7978674106788474"/>
            <fprob>0.0</fprob>
        </actor>
        <actor name="D0N23">
            <wcet number="0">810</wcet>
            <wcet number="1">860</wcet>
            <maxpow number="0.6614279140597343"/>
            <maxpow number="0.6614279140597343"/>
            <fprob>0.0</fprob>
        </actor>
        <actor name="D0N30">
            <wcet number="0">20</wcet>
            <wcet number="1">40</wcet>
            <maxpow number="0.37202659690715845"/>
            <maxpow number="0.37202659690715845"/>
            <fprob>0.0</fprob>
        </actor>
        <actor name="D0N14">
            <wcet number="0">20</wcet>
            <wcet number="1">20</wcet>
            <maxpow number="0.6300485221832909"/>
            <maxpow number="0.6300485221832909"/>
            <fprob>0.0</fprob>
        </actor>
        <actor name="D0N1">
            <wcet number="0">270</wcet>
            <wcet number="1">280</wcet>
            <maxpow number="0.5145773280125343"/>
            <maxpow number="0.5145773280125343"/>
            <fprob>0.0</fprob>
        </actor>
        <actor name="D0N49">
            <wcet number="0">330</wcet>
            <wcet number="1">1190</wcet>
            <maxpow number="0.6235585233034374"/>
            <maxpow number="0.6235585233034374"/>
            <fprob>0.0</fprob>
        </actor>
        <actor name="D0N21">
            <wcet number="0">10</wcet>
            <wcet number="1">160</wcet>
            <maxpow number="0.7303601732298022"/>
            <maxpow number="0.7303601732298022"/>
            <fprob>0.0</fprob>
        </actor>
        <actor name="D0N10">
            <wcet number="0">400</wcet>
            <wcet number="1">460</wcet>
            <maxpow number="0.6282081754251703"/>
            <maxpow number="0.6282081754251703"/>
            <fprob>0.0</fprob>
        </actor>
        <actor name="D0N47">
            <wcet number="0">210</wcet>
            <wcet number="1">440</wcet>
            <maxpow number="0.27023975862509986"/>
            <maxpow number="0.27023975862509986"/>
            <fprob>0.0</fprob>
        </actor>
        <actor name="D0N42">
            <wcet number="0">20</wcet>
            <wcet number="1">70</wcet>
            <maxpow number="0.7568919328747759"/>
            <maxpow number="0.7568919328747759"/>
            <fprob>0.0</fprob>
        </actor>
        <actor name="D0N34">
            <wcet number="0">20</wcet>
            <wcet number="1">50</wcet>
            <maxpow number="0.5231520561110111"/>
            <maxpow number="0.5231520561110111"/>
            <fprob>0.0</fprob>
        </actor>
        <actor name="D0N3">
            <wcet number="0">70</wcet>
            <wcet number="1">110</wcet>
            <maxpow number="0.20415913216032971"/>
            <maxpow number="0.20415913216032971"/>
            <fprob>0.0</fprob>
        </actor>
        <ports>
            <port dstActor="D0N40" name="p0" srcActor="D0N28"/>
            <port dstActor="D0N48" name="p1" srcActor="D0N12"/>
            <port dstActor="D0N14" name="p2" srcActor="D0N12"/>
            <port dstActor="D0N17" name="p3" srcActor="D0N12"/>
            <port dstActor="D0N20" name="p4" srcActor="D0N12"/>
            <port dstActor="D0N44" name="p5" srcActor="D0N12"/>
            <port dstActor="D0N45" name="p6" srcActor="D0N8"/>
            <port dstActor="D0N11" name="p7" srcActor="D0N8"/>
            <port dstActor="D0N36" name="p8" srcActor="D0N8"/>
            <port dstActor="D0N46" name="p9" srcActor="D0N8"/>
            <port dstActor="D0N22" name="p10" srcActor="D0N8"/>
            <port dstActor="D0N49" name="p11" srcActor="D0N32"/>
            <port dstActor="D0N47" name="p12" srcActor="D0N32"/>
            <port dstActor="D0N44" name="p13" srcActor="D0N32"/>
            <port dstActor="D0N43" name="p14" srcActor="D0N7"/>
            <port dstActor="D0N17" name="p15" srcActor="D0N7"/>
            <port dstActor="D0N39" name="p16" srcActor="D0N38"/>
            <port dstActor="D0N46" name="p17" srcActor="D0N38"/>
            <port dstActor="D0N45" name="p18" srcActor="D0N31"/>
            <port dstActor="D0N42" name="p19" srcActor="D0N31"/>
            <port dstActor="D0N44" name="p20" srcActor="D0N41"/>
            <port dstActor="D0N34" name="p21" srcActor="D0N16"/>
            <port dstActor="D0N48" name="p22" srcActor="D0N18"/>
            <port dstActor="D0N25" name="p23" srcActor="D0N18"/>
            <port dstActor="D0N19" name="p24" srcActor="D0N18"/>
            <port dstActor="D0N44" name="p25" srcActor="D0N18"/>
            <port dstActor="D0N46" name="p26" srcActor="D0N39"/>
            <port dstActor="D0N47" name="p27" srcActor="D0N39"/>
            <port dstActor="D0N19" name="p28" srcActor="D0N2"/>
            <port dstActor="D0N31" name="p29" srcActor="D0N4"/>
            <port dstActor="D0N49" name="p30" srcActor="D0N4"/>
            <port dstActor="D0N43" name="p31" srcActor="D0N4"/>
            <port dstActor="D0N49" name="p32" srcActor="D0N27"/>
            <port dstActor="D0N42" name="p33" srcActor="D0N27"/>
            <port dstActor="D0N30" name="p34" srcActor="D0N27"/>
            <port dstActor="D0N44" name="p35" srcActor="D0N27"/>
            <port dstActor="D0N27" name="p36" srcActor="D0N17"/>
            <port dstActor="D0N39" name="p37" srcActor="D0N17"/>
            <port dstActor="D0N21" name="p38" srcActor="D0N17"/>
            <port dstActor="D0N39" name="p39" srcActor="D0N22"/>
            <port dstActor="D0N46" name="p40" srcActor="D0N22"/>
            <port dstActor="D0N36" name="p41" srcActor="D0N22"/>
            <port dstActor="D0N31" name="p42" srcActor="D0N22"/>
            <port dstActor="D0N30" name="p43" srcActor="D0N22"/>
            <port dstActor="D0N41" name="p44" srcActor="D0N11"/>
            <port dstActor="D0N29" name="p45" srcActor="D0N11"/>
            <port dstActor="D0N46" name="p46" srcActor="D0N11"/>
            <port dstActor="D0N22" name="p47" srcActor="D0N11"/>
            <port dstActor="D0N17" name="p48" srcActor="D0N11"/>
            <port dstActor="D0N40" name="p49" srcActor="D0N11"/>
            <port dstActor="D0N16" name="p50" srcActor="D0N11"/>
            <port dstActor="D0N27" name="p51" srcActor="D0N15"/>
            <port dstActor="D0N43" name="p52" srcActor="D0N15"/>
            <port dstActor="D0N39" name="p53" srcActor="D0N20"/>
            <port dstActor="D0N32" name="p54" srcActor="D0N20"/>
            <port dstActor="D0N42" name="p55" srcActor="D0N20"/>
            <port dstActor="D0N42" name="p56" srcActor="D0N19"/>
            <port dstActor="D0N41" name="p57" srcActor="D0N19"/>
            <port dstActor="D0N41" name="p58" srcActor="D0N35"/>
            <port dstActor="D0N49" name="p59" srcActor="D0N35"/>
            <port dstActor="D0N46" name="p60" srcActor="D0N33"/>
            <port dstActor="D0N48" name="p61" srcActor="D0N24"/>
            <port dstActor="D0N49" name="p62" srcActor="D0N37"/>
            <port dstActor="D0N39" name="p63" srcActor="D0N37"/>
            <port dstActor="D0N14" name="p64" srcActor="D0N13"/>
            <port dstActor="D0N31" name="p65" srcActor="D0N13"/>
            <port dstActor="D0N29" name="p66" srcActor="D0N13"/>
            <port dstActor="D0N23" name="p67" srcActor="D0N13"/>
            <port dstActor="D0N42" name="p68" srcActor="D0N13"/>
            <port dstActor="D0N19" name="p69" srcActor="D0N13"/>
            <port dstActor="D0N48" name="p70" srcActor="D0N9"/>
            <port dstActor="D0N21" name="p71" srcActor="D0N9"/>
            <port dstActor="D0N28" name="p72" srcActor="D0N9"/>
            <port dstActor="D0N34" name="p73" srcActor="D0N9"/>
            <port dstActor="D0N40" name="p74" srcActor="D0N9"/>
            <port dstActor="D0N29" name="p75" srcActor="D0N26"/>
            <port dstActor="D0N41" name="p76" srcActor="D0N26"/>
            <port dstActor="D0N30" name="p77" srcActor="D0N26"/>
            <port dstActor="D0N3" name="p78" srcActor="D0N0"/>
            <port dstActor="D0N42" name="p79" srcActor="D0N0"/>
            <port dstActor="D0N29" name="p80" srcActor="D0N0"/>
            <port dstActor="D0N22" name="p81" srcActor="D0N0"/>
            <port dstActor="D0N13" name="p82" srcActor="D0N0"/>
            <port dstActor="D0N15" name="p83" srcActor="D0N5"/>
            <port dstActor="D0N39" name="p84" srcActor="D0N36"/>
            <port dstActor="D0N28" name="p85" srcActor="D0N23"/>
            <port dstActor="D0N39" name="p86" srcActor="D0N23"/>
            <port dstActor="D0N41" name="p87" srcActor="D0N23"/>
            <port dstActor="D0N37" name="p88" srcActor="D0N30"/>
            <port dstActor="D0N39" name="p89" srcActor="D0N30"/>
            <port dstActor="D0N30" name="p90" srcActor="D0N14"/>
            <port dstActor="D0N49" name="p91" srcActor="D0N14"/>
            <port dstActor="D0N28" name="p92" srcActor="D0N14"/>
            <port dstActor="D0N29" name="p93" srcActor="D0N1"/>
            <port dstActor="D0N43" name="p94" srcActor="D0N1"/>
            <port dstActor="D0N5" name="p95" srcActor="D0N1"/>
            <port dstActor="D0N42" name="p96" srcActor="D0N1"/>
            <port dstActor="D0N33" name="p97" srcActor="D0N21"/>
            <port dstActor="D0N37" name="p98" srcActor="D0N21"/>
            <port dstActor="D0N25" name="p99" srcActor="D0N21"/>
            <port dstActor="D0N32" name="p100" srcActor="D0N21"/>
            <port dstActor="D0N36" name="p101" srcActor="D0N21"/>
            <port dstActor="D0N43" name="p102" srcActor="D0N21"/>
            <port dstActor="D0N46" name="p103" srcActor="D0N21"/>
            <port dstActor="D0N24" name="p104" srcActor="D0N21"/>
            <port dstActor="D0N40" name="p105" srcActor="D0N21"/>
            <port dstActor="D0N47" name="p106" srcActor="D0N10"/>
            <port dstActor="D0N29" name="p107" srcActor="D0N10"/>
            <port dstActor="D0N14" name="p108" srcActor="D0N10"/>
            <port dstActor="D0N20" name="p109" srcActor="D0N10"/>
            <port dstActor="D0N41" name="p110" srcActor="D0N34"/>
            <port dstActor="D0N44" name="p111" srcActor="D0N34"/>
            <port dstActor="D0N39" name="p112" srcActor="D0N34"/>
            <port dstActor="D0N28" name="p113" srcActor="D0N3"/>
            <port dstActor="D0N46" name="p114" srcActor="D0N3"/>
            <port dstActor="D0N17" name="p115" srcActor="D0N3"/>
            <port dstActor="D0N7" name="p116" srcActor="D0N3"/>
        </ports>
    </mcdag>
    <cores number="3"/>
    <levels number="2"/>
</mcsystem>
