<?xml version="1.0" encoding="UTF-8" standalone="no"?>
<mcsystem>
    <mcdag deadline="4000" name="genned-0-ed-10.0-0">
        <actor name="D0N3">
            <wcet number="0">60</wcet>
            <wcet number="1">280</wcet>
            <maxpow number="0.3504264380806644"/>
            <maxpow number="0.3504264380806644"/>
            <fprob>0.0</fprob>
        </actor>
        <actor name="D0N7">
            <wcet number="0">300</wcet>
            <wcet number="1">720</wcet>
            <maxpow number="0.49793477895294214"/>
            <maxpow number="0.49793477895294214"/>
            <fprob>0.0</fprob>
        </actor>
        <actor name="D0N9">
            <wcet number="0">190</wcet>
            <wcet number="1">250</wcet>
            <maxpow number="0.8699499857709798"/>
            <maxpow number="0.8699499857709798"/>
            <fprob>0.0</fprob>
        </actor>
        <actor name="D0N26">
            <wcet number="0">90</wcet>
            <wcet number="1">260</wcet>
            <maxpow number="1.0673575493254184"/>
            <maxpow number="1.0673575493254184"/>
            <fprob>0.0</fprob>
        </actor>
        <actor name="D0N45">
            <wcet number="0">40</wcet>
            <wcet number="1">90</wcet>
            <maxpow number="1.0525374404583854"/>
            <maxpow number="1.0525374404583854"/>
            <fprob>0.0</fprob>
        </actor>
        <actor name="D0N1">
            <wcet number="0">210</wcet>
            <wcet number="1">230</wcet>
            <maxpow number="0.45430871363354025"/>
            <maxpow number="0.45430871363354025"/>
            <fprob>0.0</fprob>
        </actor>
        <actor name="D0N36">
            <wcet number="0">190</wcet>
            <wcet number="1">400</wcet>
            <maxpow number="0.6005358389455758"/>
            <maxpow number="0.6005358389455758"/>
            <fprob>0.0</fprob>
        </actor>
        <actor name="D0N12">
            <wcet number="0">120</wcet>
            <wcet number="1">270</wcet>
            <maxpow number="0.584086089179259"/>
            <maxpow number="0.584086089179259"/>
            <fprob>0.0</fprob>
        </actor>
        <actor name="D0N5">
            <wcet number="0">90</wcet>
            <wcet number="1">390</wcet>
            <maxpow number="0.520839823612529"/>
            <maxpow number="0.520839823612529"/>
            <fprob>0.0</fprob>
        </actor>
        <actor name="D0N15">
            <wcet number="0">30</wcet>
            <wcet number="1">120</wcet>
            <maxpow number="0.36390129214348066"/>
            <maxpow number="0.36390129214348066"/>
            <fprob>0.0</fprob>
        </actor>
        <actor name="D0N29">
            <wcet number="0">100</wcet>
            <wcet number="1">170</wcet>
            <maxpow number="0.7339516863934956"/>
            <maxpow number="0.7339516863934956"/>
            <fprob>0.0</fprob>
        </actor>
        <actor name="D0N43">
            <wcet number="0">30</wcet>
            <wcet number="1">70</wcet>
            <maxpow number="0.2840706198098132"/>
            <maxpow number="0.2840706198098132"/>
            <fprob>0.0</fprob>
        </actor>
        <actor name="D0N40">
            <wcet number="0">200</wcet>
            <wcet number="1">210</wcet>
            <maxpow number="0.6344378518829233"/>
            <maxpow number="0.6344378518829233"/>
            <fprob>0.0</fprob>
        </actor>
        <actor name="D0N18">
            <wcet number="0">70</wcet>
            <wcet number="1">100</wcet>
            <maxpow number="0.5919942923763185"/>
            <maxpow number="0.5919942923763185"/>
            <fprob>0.0</fprob>
        </actor>
        <actor name="D0N30">
            <wcet number="0">340</wcet>
            <wcet number="1">350</wcet>
            <maxpow number="0.4788796687472374"/>
            <maxpow number="0.4788796687472374"/>
            <fprob>0.0</fprob>
        </actor>
        <actor name="D0N11">
            <wcet number="0">60</wcet>
            <wcet number="1">150</wcet>
            <maxpow number="0.0951636567652755"/>
            <maxpow number="0.0951636567652755"/>
            <fprob>0.0</fprob>
        </actor>
        <actor name="D0N48">
            <wcet number="0">10</wcet>
            <wcet number="1">160</wcet>
            <maxpow number="0.6257546194339898"/>
            <maxpow number="0.6257546194339898"/>
            <fprob>0.0</fprob>
        </actor>
        <actor name="D0N38">
            <wcet number="0">210</wcet>
            <wcet number="1">610</wcet>
            <maxpow number="0.22291002331966375"/>
            <maxpow number="0.22291002331966375"/>
            <fprob>0.0</fprob>
        </actor>
        <actor name="D0N44">
            <wcet number="0">160</wcet>
            <wcet number="1">370</wcet>
            <maxpow number="0.6071140418061322"/>
            <maxpow number="0.6071140418061322"/>
            <fprob>0.0</fprob>
        </actor>
        <actor name="D0N42">
            <wcet number="0">140</wcet>
            <wcet number="1">170</wcet>
            <maxpow number="0.5003517509241192"/>
            <maxpow number="0.5003517509241192"/>
            <fprob>0.0</fprob>
        </actor>
        <actor name="D0N21">
            <wcet number="0">160</wcet>
            <wcet number="1">240</wcet>
            <maxpow number="0.5216209835766601"/>
            <maxpow number="0.5216209835766601"/>
            <fprob>0.0</fprob>
        </actor>
        <actor name="D0N46">
            <wcet number="0">200</wcet>
            <wcet number="1">250</wcet>
            <maxpow number="0.5608591914692901"/>
            <maxpow number="0.5608591914692901"/>
            <fprob>0.0</fprob>
        </actor>
        <actor name="D0N24">
            <wcet number="0">40</wcet>
            <wcet number="1">50</wcet>
            <maxpow number="0.9926038317173069"/>
            <maxpow number="0.9926038317173069"/>
            <fprob>0.0</fprob>
        </actor>
        <actor name="D0N39">
            <wcet number="0">20</wcet>
            <wcet number="1">30</wcet>
            <maxpow number="0.6633667021309836"/>
            <maxpow number="0.6633667021309836"/>
            <fprob>0.0</fprob>
        </actor>
        <actor name="D0N34">
            <wcet number="0">30</wcet>
            <wcet number="1">30</wcet>
            <maxpow number="0.7618468752217691"/>
            <maxpow number="0.7618468752217691"/>
            <fprob>0.0</fprob>
        </actor>
        <actor name="D0N8">
            <wcet number="0">10</wcet>
            <wcet number="1">40</wcet>
            <maxpow number="0.48596525237479143"/>
            <maxpow number="0.48596525237479143"/>
            <fprob>0.0</fprob>
        </actor>
        <actor name="D0N27">
            <wcet number="0">30</wcet>
            <wcet number="1">170</wcet>
            <maxpow number="0.568324334644484"/>
            <maxpow number="0.568324334644484"/>
            <fprob>0.0</fprob>
        </actor>
        <actor name="D0N20">
            <wcet number="0">10</wcet>
            <wcet number="1">10</wcet>
            <maxpow number="0.656967729809155"/>
            <maxpow number="0.656967729809155"/>
            <fprob>0.0</fprob>
        </actor>
        <actor name="D0N47">
            <wcet number="0">50</wcet>
            <wcet number="1">90</wcet>
            <maxpow number="0.6361214023008425"/>
            <maxpow number="0.6361214023008425"/>
            <fprob>0.0</fprob>
        </actor>
        <actor name="D0N35">
            <wcet number="0">70</wcet>
            <wcet number="1">70</wcet>
            <maxpow number="0.6172432602239337"/>
            <maxpow number="0.6172432602239337"/>
            <fprob>0.0</fprob>
        </actor>
        <actor name="D0N6">
            <wcet number="0">10</wcet>
            <wcet number="1">10</wcet>
            <maxpow number="0.6651086260801131"/>
            <maxpow number="0.6651086260801131"/>
            <fprob>0.0</fprob>
        </actor>
        <actor name="D0N31">
            <wcet number="0">30</wcet>
            <wcet number="1">30</wcet>
            <maxpow number="0.5698186560422221"/>
            <maxpow number="0.5698186560422221"/>
            <fprob>0.0</fprob>
        </actor>
        <actor name="D0N22">
            <wcet number="0">20</wcet>
            <wcet number="1">40</wcet>
            <maxpow number="0.56242563937295"/>
            <maxpow number="0.56242563937295"/>
            <fprob>0.0</fprob>
        </actor>
        <actor name="D0N10">
            <wcet number="0">220</wcet>
            <wcet number="1">360</wcet>
            <maxpow number="0.37655745513972083"/>
            <maxpow number="0.37655745513972083"/>
            <fprob>0.0</fprob>
        </actor>
        <actor name="D0N17">
            <wcet number="0">10</wcet>
            <wcet number="1">10</wcet>
            <maxpow number="0.4826227909031935"/>
            <maxpow number="0.4826227909031935"/>
            <fprob>0.0</fprob>
        </actor>
        <actor name="D0N4">
            <wcet number="0">230</wcet>
            <wcet number="1">230</wcet>
            <maxpow number="0.47483100497209485"/>
            <maxpow number="0.47483100497209485"/>
            <fprob>0.0</fprob>
        </actor>
        <actor name="D0N37">
            <wcet number="0">10</wcet>
            <wcet number="1">160</wcet>
            <maxpow number="0.7672933484604657"/>
            <maxpow number="0.7672933484604657"/>
            <fprob>0.0</fprob>
        </actor>
        <actor name="D0N13">
            <wcet number="0">160</wcet>
            <wcet number="1">200</wcet>
            <maxpow number="0.702325892366083"/>
            <maxpow number="0.702325892366083"/>
            <fprob>0.0</fprob>
        </actor>
        <actor name="D0N19">
            <wcet number="0">190</wcet>
            <wcet number="1">630</wcet>
            <maxpow number="0.6497289208879313"/>
            <maxpow number="0.6497289208879313"/>
            <fprob>0.0</fprob>
        </actor>
        <actor name="D0N0">
            <wcet number="0">20</wcet>
            <wcet number="1">110</wcet>
            <maxpow number="0.371980388034847"/>
            <maxpow number="0.371980388034847"/>
            <fprob>0.0</fprob>
        </actor>
        <actor name="D0N33">
            <wcet number="0">20</wcet>
            <wcet number="1">20</wcet>
            <maxpow number="0.6171445184479667"/>
            <maxpow number="0.6171445184479667"/>
            <fprob>0.0</fprob>
        </actor>
        <actor name="D0N41">
            <wcet number="0">40</wcet>
            <wcet number="1">60</wcet>
            <maxpow number="0.5248605965263288"/>
            <maxpow number="0.5248605965263288"/>
            <fprob>0.0</fprob>
        </actor>
        <actor name="D0N16">
            <wcet number="0">130</wcet>
            <wcet number="1">150</wcet>
            <maxpow number="0.5300760210882407"/>
            <maxpow number="0.5300760210882407"/>
            <fprob>0.0</fprob>
        </actor>
        <actor name="D0N23">
            <wcet number="0">170</wcet>
            <wcet number="1">480</wcet>
            <maxpow number="0.2379963100495735"/>
            <maxpow number="0.2379963100495735"/>
            <fprob>0.0</fprob>
        </actor>
        <actor name="D0N32">
            <wcet number="0">60</wcet>
            <wcet number="1">100</wcet>
            <maxpow number="0.519540233927355"/>
            <maxpow number="0.519540233927355"/>
            <fprob>0.0</fprob>
        </actor>
        <actor name="D0N2">
            <wcet number="0">170</wcet>
            <wcet number="1">170</wcet>
            <maxpow number="0.47857894443087706"/>
            <maxpow number="0.47857894443087706"/>
            <fprob>0.0</fprob>
        </actor>
        <actor name="D0N25">
            <wcet number="0">30</wcet>
            <wcet number="1">100</wcet>
            <maxpow number="0.6769638048289919"/>
            <maxpow number="0.6769638048289919"/>
            <fprob>0.0</fprob>
        </actor>
        <actor name="D0N14">
            <wcet number="0">180</wcet>
            <wcet number="1">340</wcet>
            <maxpow number="0.7384044109250428"/>
            <maxpow number="0.7384044109250428"/>
            <fprob>0.0</fprob>
        </actor>
        <actor name="D0N28">
            <wcet number="0">40</wcet>
            <wcet number="1">50</wcet>
            <maxpow number="0.4235374847015958"/>
            <maxpow number="0.4235374847015958"/>
            <fprob>0.0</fprob>
        </actor>
        <ports>
            <port dstActor="D0N40" name="p0" srcActor="D0N3"/>
            <port dstActor="D0N9" name="p1" srcActor="D0N3"/>
            <port dstActor="D0N23" name="p2" srcActor="D0N3"/>
            <port dstActor="D0N11" name="p3" srcActor="D0N3"/>
            <port dstActor="D0N28" name="p4" srcActor="D0N7"/>
            <port dstActor="D0N16" name="p5" srcActor="D0N7"/>
            <port dstActor="D0N48" name="p6" srcActor="D0N7"/>
            <port dstActor="D0N31" name="p7" srcActor="D0N7"/>
            <port dstActor="D0N13" name="p8" srcActor="D0N9"/>
            <port dstActor="D0N42" name="p9" srcActor="D0N9"/>
            <port dstActor="D0N31" name="p10" srcActor="D0N9"/>
            <port dstActor="D0N30" name="p11" srcActor="D0N26"/>
            <port dstActor="D0N27" name="p12" srcActor="D0N26"/>
            <port dstActor="D0N42" name="p13" srcActor="D0N26"/>
            <port dstActor="D0N46" name="p14" srcActor="D0N45"/>
            <port dstActor="D0N9" name="p15" srcActor="D0N1"/>
            <port dstActor="D0N26" name="p16" srcActor="D0N1"/>
            <port dstActor="D0N4" name="p17" srcActor="D0N1"/>
            <port dstActor="D0N18" name="p18" srcActor="D0N1"/>
            <port dstActor="D0N40" name="p19" srcActor="D0N36"/>
            <port dstActor="D0N39" name="p20" srcActor="D0N36"/>
            <port dstActor="D0N20" name="p21" srcActor="D0N12"/>
            <port dstActor="D0N42" name="p22" srcActor="D0N12"/>
            <port dstActor="D0N17" name="p23" srcActor="D0N12"/>
            <port dstActor="D0N32" name="p24" srcActor="D0N12"/>
            <port dstActor="D0N44" name="p25" srcActor="D0N12"/>
            <port dstActor="D0N27" name="p26" srcActor="D0N12"/>
            <port dstActor="D0N43" name="p27" srcActor="D0N12"/>
            <port dstActor="D0N31" name="p28" srcActor="D0N5"/>
            <port dstActor="D0N13" name="p29" srcActor="D0N5"/>
            <port dstActor="D0N32" name="p30" srcActor="D0N5"/>
            <port dstActor="D0N21" name="p31" srcActor="D0N15"/>
            <port dstActor="D0N26" name="p32" srcActor="D0N15"/>
            <port dstActor="D0N43" name="p33" srcActor="D0N29"/>
            <port dstActor="D0N46" name="p34" srcActor="D0N29"/>
            <port dstActor="D0N39" name="p35" srcActor="D0N18"/>
            <port dstActor="D0N34" name="p36" srcActor="D0N18"/>
            <port dstActor="D0N43" name="p37" srcActor="D0N18"/>
            <port dstActor="D0N41" name="p38" srcActor="D0N18"/>
            <port dstActor="D0N22" name="p39" srcActor="D0N18"/>
            <port dstActor="D0N37" name="p40" srcActor="D0N18"/>
            <port dstActor="D0N44" name="p41" srcActor="D0N30"/>
            <port dstActor="D0N43" name="p42" srcActor="D0N30"/>
            <port dstActor="D0N39" name="p43" srcActor="D0N30"/>
            <port dstActor="D0N39" name="p44" srcActor="D0N11"/>
            <port dstActor="D0N14" name="p45" srcActor="D0N11"/>
            <port dstActor="D0N41" name="p46" srcActor="D0N38"/>
            <port dstActor="D0N45" name="p47" srcActor="D0N38"/>
            <port dstActor="D0N25" name="p48" srcActor="D0N21"/>
            <port dstActor="D0N33" name="p49" srcActor="D0N21"/>
            <port dstActor="D0N37" name="p50" srcActor="D0N21"/>
            <port dstActor="D0N48" name="p51" srcActor="D0N21"/>
            <port dstActor="D0N38" name="p52" srcActor="D0N24"/>
            <port dstActor="D0N34" name="p53" srcActor="D0N24"/>
            <port dstActor="D0N45" name="p54" srcActor="D0N24"/>
            <port dstActor="D0N40" name="p55" srcActor="D0N34"/>
            <port dstActor="D0N37" name="p56" srcActor="D0N34"/>
            <port dstActor="D0N42" name="p57" srcActor="D0N34"/>
            <port dstActor="D0N9" name="p58" srcActor="D0N8"/>
            <port dstActor="D0N17" name="p59" srcActor="D0N8"/>
            <port dstActor="D0N46" name="p60" srcActor="D0N27"/>
            <port dstActor="D0N27" name="p61" srcActor="D0N20"/>
            <port dstActor="D0N32" name="p62" srcActor="D0N20"/>
            <port dstActor="D0N40" name="p63" srcActor="D0N20"/>
            <port dstActor="D0N40" name="p64" srcActor="D0N35"/>
            <port dstActor="D0N39" name="p65" srcActor="D0N35"/>
            <port dstActor="D0N28" name="p66" srcActor="D0N6"/>
            <port dstActor="D0N7" name="p67" srcActor="D0N6"/>
            <port dstActor="D0N13" name="p68" srcActor="D0N6"/>
            <port dstActor="D0N21" name="p69" srcActor="D0N6"/>
            <port dstActor="D0N41" name="p70" srcActor="D0N6"/>
            <port dstActor="D0N47" name="p71" srcActor="D0N31"/>
            <port dstActor="D0N39" name="p72" srcActor="D0N31"/>
            <port dstActor="D0N29" name="p73" srcActor="D0N22"/>
            <port dstActor="D0N44" name="p74" srcActor="D0N22"/>
            <port dstActor="D0N25" name="p75" srcActor="D0N22"/>
            <port dstActor="D0N34" name="p76" srcActor="D0N22"/>
            <port dstActor="D0N32" name="p77" srcActor="D0N22"/>
            <port dstActor="D0N43" name="p78" srcActor="D0N22"/>
            <port dstActor="D0N20" name="p79" srcActor="D0N10"/>
            <port dstActor="D0N17" name="p80" srcActor="D0N10"/>
            <port dstActor="D0N31" name="p81" srcActor="D0N17"/>
            <port dstActor="D0N35" name="p82" srcActor="D0N17"/>
            <port dstActor="D0N20" name="p83" srcActor="D0N17"/>
            <port dstActor="D0N26" name="p84" srcActor="D0N17"/>
            <port dstActor="D0N8" name="p85" srcActor="D0N4"/>
            <port dstActor="D0N29" name="p86" srcActor="D0N4"/>
            <port dstActor="D0N22" name="p87" srcActor="D0N4"/>
            <port dstActor="D0N21" name="p88" srcActor="D0N4"/>
            <port dstActor="D0N16" name="p89" srcActor="D0N4"/>
            <port dstActor="D0N43" name="p90" srcActor="D0N4"/>
            <port dstActor="D0N45" name="p91" srcActor="D0N37"/>
            <port dstActor="D0N40" name="p92" srcActor="D0N37"/>
            <port dstActor="D0N22" name="p93" srcActor="D0N13"/>
            <port dstActor="D0N20" name="p94" srcActor="D0N13"/>
            <port dstActor="D0N34" name="p95" srcActor="D0N13"/>
            <port dstActor="D0N44" name="p96" srcActor="D0N13"/>
            <port dstActor="D0N35" name="p97" srcActor="D0N13"/>
            <port dstActor="D0N21" name="p98" srcActor="D0N19"/>
            <port dstActor="D0N34" name="p99" srcActor="D0N19"/>
            <port dstActor="D0N27" name="p100" srcActor="D0N19"/>
            <port dstActor="D0N43" name="p101" srcActor="D0N0"/>
            <port dstActor="D0N42" name="p102" srcActor="D0N0"/>
            <port dstActor="D0N22" name="p103" srcActor="D0N0"/>
            <port dstActor="D0N40" name="p104" srcActor="D0N33"/>
            <port dstActor="D0N31" name="p105" srcActor="D0N16"/>
            <port dstActor="D0N26" name="p106" srcActor="D0N16"/>
            <port dstActor="D0N36" name="p107" srcActor="D0N16"/>
            <port dstActor="D0N39" name="p108" srcActor="D0N16"/>
            <port dstActor="D0N48" name="p109" srcActor="D0N23"/>
            <port dstActor="D0N42" name="p110" srcActor="D0N32"/>
            <port dstActor="D0N47" name="p111" srcActor="D0N2"/>
            <port dstActor="D0N17" name="p112" srcActor="D0N2"/>
            <port dstActor="D0N24" name="p113" srcActor="D0N2"/>
            <port dstActor="D0N36" name="p114" srcActor="D0N2"/>
            <port dstActor="D0N9" name="p115" srcActor="D0N2"/>
            <port dstActor="D0N44" name="p116" srcActor="D0N2"/>
            <port dstActor="D0N10" name="p117" srcActor="D0N2"/>
            <port dstActor="D0N38" name="p118" srcActor="D0N25"/>
            <port dstActor="D0N24" name="p119" srcActor="D0N14"/>
            <port dstActor="D0N43" name="p120" srcActor="D0N14"/>
            <port dstActor="D0N22" name="p121" srcActor="D0N14"/>
            <port dstActor="D0N29" name="p122" srcActor="D0N28"/>
            <port dstActor="D0N48" name="p123" srcActor="D0N28"/>
            <port dstActor="D0N35" name="p124" srcActor="D0N28"/>
            <port dstActor="D0N38" name="p125" srcActor="D0N28"/>
            <port dstActor="D0N45" name="p126" srcActor="D0N28"/>
        </ports>
    </mcdag>
    <cores number="3"/>
    <levels number="2"/>
</mcsystem>
