<?xml version="1.0" encoding="UTF-8" standalone="no"?>
<mcsystem>
    <mcdag deadline="1200" name="genned-0-ed-10.0-0">
        <actor name="D0N30">
            <wcet number="0">140</wcet>
            <wcet number="1">220</wcet>
            <maxpow number="0.545397253717551"/>
            <maxpow number="0.545397253717551"/>
            <fprob>0.0</fprob>
        </actor>
        <actor name="D0N23">
            <wcet number="0">40</wcet>
            <wcet number="1">40</wcet>
            <maxpow number="0.7056453586152825"/>
            <maxpow number="0.7056453586152825"/>
            <fprob>0.0</fprob>
        </actor>
        <actor name="D0N31">
            <wcet number="0">130</wcet>
            <wcet number="1">130</wcet>
            <maxpow number="0.8831766477181535"/>
            <maxpow number="0.8831766477181535"/>
            <fprob>0.0</fprob>
        </actor>
        <actor name="D0N12">
            <wcet number="0">130</wcet>
            <wcet number="1">160</wcet>
            <maxpow number="0.3225609368179463"/>
            <maxpow number="0.3225609368179463"/>
            <fprob>0.0</fprob>
        </actor>
        <actor name="D0N34">
            <wcet number="0">40</wcet>
            <wcet number="1">150</wcet>
            <maxpow number="0.7950597617116505"/>
            <maxpow number="0.7950597617116505"/>
            <fprob>0.0</fprob>
        </actor>
        <actor name="D0N40">
            <wcet number="0">10</wcet>
            <wcet number="1">20</wcet>
            <maxpow number="0.3631390218819601"/>
            <maxpow number="0.3631390218819601"/>
            <fprob>0.0</fprob>
        </actor>
        <actor name="D0N16">
            <wcet number="0">30</wcet>
            <wcet number="1">100</wcet>
            <maxpow number="0.2928042140993317"/>
            <maxpow number="0.2928042140993317"/>
            <fprob>0.0</fprob>
        </actor>
        <actor name="D0N39">
            <wcet number="0">40</wcet>
            <wcet number="1">100</wcet>
            <maxpow number="0.3553191182948846"/>
            <maxpow number="0.3553191182948846"/>
            <fprob>0.0</fprob>
        </actor>
        <actor name="D0N29">
            <wcet number="0">50</wcet>
            <wcet number="1">70</wcet>
            <maxpow number="0.7269211792572212"/>
            <maxpow number="0.7269211792572212"/>
            <fprob>0.0</fprob>
        </actor>
        <actor name="D0N37">
            <wcet number="0">10</wcet>
            <wcet number="1">50</wcet>
            <maxpow number="0.6928699144047039"/>
            <maxpow number="0.6928699144047039"/>
            <fprob>0.0</fprob>
        </actor>
        <actor name="D0N33">
            <wcet number="0">20</wcet>
            <wcet number="1">20</wcet>
            <maxpow number="0.6286659087770508"/>
            <maxpow number="0.6286659087770508"/>
            <fprob>0.0</fprob>
        </actor>
        <actor name="D0N13">
            <wcet number="0">20</wcet>
            <wcet number="1">20</wcet>
            <maxpow number="0.7803947114227896"/>
            <maxpow number="0.7803947114227896"/>
            <fprob>0.0</fprob>
        </actor>
        <actor name="D0N26">
            <wcet number="0">10</wcet>
            <wcet number="1">40</wcet>
            <maxpow number="0.39403758556406265"/>
            <maxpow number="0.39403758556406265"/>
            <fprob>0.0</fprob>
        </actor>
        <actor name="D0N8">
            <wcet number="0">10</wcet>
            <wcet number="1">30</wcet>
            <maxpow number="0.44710948911309806"/>
            <maxpow number="0.44710948911309806"/>
            <fprob>0.0</fprob>
        </actor>
        <actor name="D0N1">
            <wcet number="0">30</wcet>
            <wcet number="1">30</wcet>
            <maxpow number="0.6253472894317788"/>
            <maxpow number="0.6253472894317788"/>
            <fprob>0.0</fprob>
        </actor>
        <actor name="D0N27">
            <wcet number="0">30</wcet>
            <wcet number="1">30</wcet>
            <maxpow number="0.6174800417965326"/>
            <maxpow number="0.6174800417965326"/>
            <fprob>0.0</fprob>
        </actor>
        <actor name="D0N3">
            <wcet number="0">20</wcet>
            <wcet number="1">40</wcet>
            <maxpow number="0.49241053679220537"/>
            <maxpow number="0.49241053679220537"/>
            <fprob>0.0</fprob>
        </actor>
        <actor name="D0N38">
            <wcet number="0">60</wcet>
            <wcet number="1">60</wcet>
            <maxpow number="0.4869292219809098"/>
            <maxpow number="0.4869292219809098"/>
            <fprob>0.0</fprob>
        </actor>
        <actor name="D0N48">
            <wcet number="0">40</wcet>
            <wcet number="1">60</wcet>
            <maxpow number="0.4964281432387227"/>
            <maxpow number="0.4964281432387227"/>
            <fprob>0.0</fprob>
        </actor>
        <actor name="D0N17">
            <wcet number="0">50</wcet>
            <wcet number="1">50</wcet>
            <maxpow number="0.4866803792733473"/>
            <maxpow number="0.4866803792733473"/>
            <fprob>0.0</fprob>
        </actor>
        <actor name="D0N32">
            <wcet number="0">30</wcet>
            <wcet number="1">30</wcet>
            <maxpow number="0.9334655525609532"/>
            <maxpow number="0.9334655525609532"/>
            <fprob>0.0</fprob>
        </actor>
        <actor name="D0N7">
            <wcet number="0">120</wcet>
            <wcet number="1">200</wcet>
            <maxpow number="0.33930629517776356"/>
            <maxpow number="0.33930629517776356"/>
            <fprob>0.0</fprob>
        </actor>
        <actor name="D0N43">
            <wcet number="0">30</wcet>
            <wcet number="1">70</wcet>
            <maxpow number="0.402007590971428"/>
            <maxpow number="0.402007590971428"/>
            <fprob>0.0</fprob>
        </actor>
        <actor name="D0N35">
            <wcet number="0">10</wcet>
            <wcet number="1">40</wcet>
            <maxpow number="0.8011197123993752"/>
            <maxpow number="0.8011197123993752"/>
            <fprob>0.0</fprob>
        </actor>
        <actor name="D0N6">
            <wcet number="0">150</wcet>
            <wcet number="1">180</wcet>
            <maxpow number="0.1746609889564789"/>
            <maxpow number="0.1746609889564789"/>
            <fprob>0.0</fprob>
        </actor>
        <actor name="D0N25">
            <wcet number="0">30</wcet>
            <wcet number="1">50</wcet>
            <maxpow number="0.29986037301292195"/>
            <maxpow number="0.29986037301292195"/>
            <fprob>0.0</fprob>
        </actor>
        <actor name="D0N10">
            <wcet number="0">10</wcet>
            <wcet number="1">10</wcet>
            <maxpow number="0.6478755816105194"/>
            <maxpow number="0.6478755816105194"/>
            <fprob>0.0</fprob>
        </actor>
        <actor name="D0N20">
            <wcet number="0">40</wcet>
            <wcet number="1">60</wcet>
            <maxpow number="0.4995047573392687"/>
            <maxpow number="0.4995047573392687"/>
            <fprob>0.0</fprob>
        </actor>
        <actor name="D0N47">
            <wcet number="0">30</wcet>
            <wcet number="1">90</wcet>
            <maxpow number="0.5582356272239745"/>
            <maxpow number="0.5582356272239745"/>
            <fprob>0.0</fprob>
        </actor>
        <actor name="D0N19">
            <wcet number="0">20</wcet>
            <wcet number="1">20</wcet>
            <maxpow number="0.37977375942721947"/>
            <maxpow number="0.37977375942721947"/>
            <fprob>0.0</fprob>
        </actor>
        <actor name="D0N4">
            <wcet number="0">20</wcet>
            <wcet number="1">60</wcet>
            <maxpow number="0.31623120670435634"/>
            <maxpow number="0.31623120670435634"/>
            <fprob>0.0</fprob>
        </actor>
        <actor name="D0N24">
            <wcet number="0">20</wcet>
            <wcet number="1">20</wcet>
            <maxpow number="0.6186756565166015"/>
            <maxpow number="0.6186756565166015"/>
            <fprob>0.0</fprob>
        </actor>
        <actor name="D0N2">
            <wcet number="0">20</wcet>
            <wcet number="1">30</wcet>
            <maxpow number="0.4391756278866906"/>
            <maxpow number="0.4391756278866906"/>
            <fprob>0.0</fprob>
        </actor>
        <actor name="D0N41">
            <wcet number="0">220</wcet>
            <wcet number="1">250</wcet>
            <maxpow number="0.46668663854161696"/>
            <maxpow number="0.46668663854161696"/>
            <fprob>0.0</fprob>
        </actor>
        <actor name="D0N11">
            <wcet number="0">10</wcet>
            <wcet number="1">170</wcet>
            <maxpow number="0.5875939520909745"/>
            <maxpow number="0.5875939520909745"/>
            <fprob>0.0</fprob>
        </actor>
        <actor name="D0N0">
            <wcet number="0">40</wcet>
            <wcet number="1">50</wcet>
            <maxpow number="0.27005833747549296"/>
            <maxpow number="0.27005833747549296"/>
            <fprob>0.0</fprob>
        </actor>
        <actor name="D0N18">
            <wcet number="0">30</wcet>
            <wcet number="1">100</wcet>
            <maxpow number="0.5631836008371485"/>
            <maxpow number="0.5631836008371485"/>
            <fprob>0.0</fprob>
        </actor>
        <actor name="D0N44">
            <wcet number="0">20</wcet>
            <wcet number="1">20</wcet>
            <maxpow number="0.7042557590568939"/>
            <maxpow number="0.7042557590568939"/>
            <fprob>0.0</fprob>
        </actor>
        <actor name="D0N46">
            <wcet number="0">120</wcet>
            <wcet number="1">160</wcet>
            <maxpow number="0.35737924428105133"/>
            <maxpow number="0.35737924428105133"/>
            <fprob>0.0</fprob>
        </actor>
        <actor name="D0N5">
            <wcet number="0">20</wcet>
            <wcet number="1">20</wcet>
            <maxpow number="0.5735495330461434"/>
            <maxpow number="0.5735495330461434"/>
            <fprob>0.0</fprob>
        </actor>
        <actor name="D0N9">
            <wcet number="0">10</wcet>
            <wcet number="1">10</wcet>
            <maxpow number="0.5329475079069838"/>
            <maxpow number="0.5329475079069838"/>
            <fprob>0.0</fprob>
        </actor>
        <actor name="D0N28">
            <wcet number="0">10</wcet>
            <wcet number="1">120</wcet>
            <maxpow number="0.5928981938601432"/>
            <maxpow number="0.5928981938601432"/>
            <fprob>0.0</fprob>
        </actor>
        <actor name="D0N22">
            <wcet number="0">10</wcet>
            <wcet number="1">20</wcet>
            <maxpow number="0.8071279164904248"/>
            <maxpow number="0.8071279164904248"/>
            <fprob>0.0</fprob>
        </actor>
        <actor name="D0N42">
            <wcet number="0">60</wcet>
            <wcet number="1">80</wcet>
            <maxpow number="0.5971535526213625"/>
            <maxpow number="0.5971535526213625"/>
            <fprob>0.0</fprob>
        </actor>
        <actor name="D0N15">
            <wcet number="0">20</wcet>
            <wcet number="1">20</wcet>
            <maxpow number="0.5744281402415005"/>
            <maxpow number="0.5744281402415005"/>
            <fprob>0.0</fprob>
        </actor>
        <actor name="D0N21">
            <wcet number="0">10</wcet>
            <wcet number="1">10</wcet>
            <maxpow number="0.7375736104437114"/>
            <maxpow number="0.7375736104437114"/>
            <fprob>0.0</fprob>
        </actor>
        <actor name="D0N14">
            <wcet number="0">30</wcet>
            <wcet number="1">30</wcet>
            <maxpow number="0.6142385769715162"/>
            <maxpow number="0.6142385769715162"/>
            <fprob>0.0</fprob>
        </actor>
        <actor name="D0N45">
            <wcet number="0">10</wcet>
            <wcet number="1">10</wcet>
            <maxpow number="0.5647520404637901"/>
            <maxpow number="0.5647520404637901"/>
            <fprob>0.0</fprob>
        </actor>
        <actor name="D0N36">
            <wcet number="0">10</wcet>
            <wcet number="1">10</wcet>
            <maxpow number="0.5263051310155425"/>
            <maxpow number="0.5263051310155425"/>
            <fprob>0.0</fprob>
        </actor>
        <ports>
            <port dstActor="D0N33" name="p0" srcActor="D0N30"/>
            <port dstActor="D0N47" name="p1" srcActor="D0N23"/>
            <port dstActor="D0N26" name="p2" srcActor="D0N23"/>
            <port dstActor="D0N43" name="p3" srcActor="D0N31"/>
            <port dstActor="D0N26" name="p4" srcActor="D0N12"/>
            <port dstActor="D0N21" name="p5" srcActor="D0N12"/>
            <port dstActor="D0N48" name="p6" srcActor="D0N12"/>
            <port dstActor="D0N13" name="p7" srcActor="D0N12"/>
            <port dstActor="D0N33" name="p8" srcActor="D0N12"/>
            <port dstActor="D0N30" name="p9" srcActor="D0N12"/>
            <port dstActor="D0N38" name="p10" srcActor="D0N34"/>
            <port dstActor="D0N43" name="p11" srcActor="D0N40"/>
            <port dstActor="D0N34" name="p12" srcActor="D0N16"/>
            <port dstActor="D0N21" name="p13" srcActor="D0N16"/>
            <port dstActor="D0N43" name="p14" srcActor="D0N16"/>
            <port dstActor="D0N44" name="p15" srcActor="D0N16"/>
            <port dstActor="D0N43" name="p16" srcActor="D0N39"/>
            <port dstActor="D0N41" name="p17" srcActor="D0N39"/>
            <port dstActor="D0N41" name="p18" srcActor="D0N29"/>
            <port dstActor="D0N36" name="p19" srcActor="D0N33"/>
            <port dstActor="D0N41" name="p20" srcActor="D0N33"/>
            <port dstActor="D0N40" name="p21" srcActor="D0N33"/>
            <port dstActor="D0N48" name="p22" srcActor="D0N33"/>
            <port dstActor="D0N45" name="p23" srcActor="D0N13"/>
            <port dstActor="D0N22" name="p24" srcActor="D0N13"/>
            <port dstActor="D0N16" name="p25" srcActor="D0N13"/>
            <port dstActor="D0N43" name="p26" srcActor="D0N13"/>
            <port dstActor="D0N37" name="p27" srcActor="D0N13"/>
            <port dstActor="D0N42" name="p28" srcActor="D0N26"/>
            <port dstActor="D0N37" name="p29" srcActor="D0N26"/>
            <port dstActor="D0N41" name="p30" srcActor="D0N26"/>
            <port dstActor="D0N38" name="p31" srcActor="D0N8"/>
            <port dstActor="D0N35" name="p32" srcActor="D0N8"/>
            <port dstActor="D0N4" name="p33" srcActor="D0N1"/>
            <port dstActor="D0N7" name="p34" srcActor="D0N1"/>
            <port dstActor="D0N38" name="p35" srcActor="D0N1"/>
            <port dstActor="D0N36" name="p36" srcActor="D0N1"/>
            <port dstActor="D0N34" name="p37" srcActor="D0N27"/>
            <port dstActor="D0N39" name="p38" srcActor="D0N27"/>
            <port dstActor="D0N40" name="p39" srcActor="D0N3"/>
            <port dstActor="D0N42" name="p40" srcActor="D0N3"/>
            <port dstActor="D0N29" name="p41" srcActor="D0N3"/>
            <port dstActor="D0N35" name="p42" srcActor="D0N3"/>
            <port dstActor="D0N40" name="p43" srcActor="D0N17"/>
            <port dstActor="D0N23" name="p44" srcActor="D0N17"/>
            <port dstActor="D0N26" name="p45" srcActor="D0N17"/>
            <port dstActor="D0N33" name="p46" srcActor="D0N32"/>
            <port dstActor="D0N34" name="p47" srcActor="D0N32"/>
            <port dstActor="D0N24" name="p48" srcActor="D0N7"/>
            <port dstActor="D0N13" name="p49" srcActor="D0N7"/>
            <port dstActor="D0N29" name="p50" srcActor="D0N7"/>
            <port dstActor="D0N11" name="p51" srcActor="D0N7"/>
            <port dstActor="D0N48" name="p52" srcActor="D0N6"/>
            <port dstActor="D0N37" name="p53" srcActor="D0N6"/>
            <port dstActor="D0N34" name="p54" srcActor="D0N6"/>
            <port dstActor="D0N32" name="p55" srcActor="D0N25"/>
            <port dstActor="D0N43" name="p56" srcActor="D0N25"/>
            <port dstActor="D0N23" name="p57" srcActor="D0N10"/>
            <port dstActor="D0N46" name="p58" srcActor="D0N10"/>
            <port dstActor="D0N43" name="p59" srcActor="D0N20"/>
            <port dstActor="D0N38" name="p60" srcActor="D0N20"/>
            <port dstActor="D0N48" name="p61" srcActor="D0N47"/>
            <port dstActor="D0N42" name="p62" srcActor="D0N19"/>
            <port dstActor="D0N24" name="p63" srcActor="D0N19"/>
            <port dstActor="D0N39" name="p64" srcActor="D0N19"/>
            <port dstActor="D0N45" name="p65" srcActor="D0N19"/>
            <port dstActor="D0N38" name="p66" srcActor="D0N19"/>
            <port dstActor="D0N41" name="p67" srcActor="D0N19"/>
            <port dstActor="D0N31" name="p68" srcActor="D0N19"/>
            <port dstActor="D0N47" name="p69" srcActor="D0N19"/>
            <port dstActor="D0N16" name="p70" srcActor="D0N4"/>
            <port dstActor="D0N27" name="p71" srcActor="D0N24"/>
            <port dstActor="D0N40" name="p72" srcActor="D0N24"/>
            <port dstActor="D0N34" name="p73" srcActor="D0N24"/>
            <port dstActor="D0N27" name="p74" srcActor="D0N2"/>
            <port dstActor="D0N4" name="p75" srcActor="D0N2"/>
            <port dstActor="D0N31" name="p76" srcActor="D0N2"/>
            <port dstActor="D0N35" name="p77" srcActor="D0N2"/>
            <port dstActor="D0N24" name="p78" srcActor="D0N2"/>
            <port dstActor="D0N20" name="p79" srcActor="D0N2"/>
            <port dstActor="D0N16" name="p80" srcActor="D0N2"/>
            <port dstActor="D0N47" name="p81" srcActor="D0N11"/>
            <port dstActor="D0N19" name="p82" srcActor="D0N11"/>
            <port dstActor="D0N38" name="p83" srcActor="D0N11"/>
            <port dstActor="D0N4" name="p84" srcActor="D0N0"/>
            <port dstActor="D0N16" name="p85" srcActor="D0N0"/>
            <port dstActor="D0N17" name="p86" srcActor="D0N0"/>
            <port dstActor="D0N28" name="p87" srcActor="D0N18"/>
            <port dstActor="D0N31" name="p88" srcActor="D0N18"/>
            <port dstActor="D0N48" name="p89" srcActor="D0N44"/>
            <port dstActor="D0N20" name="p90" srcActor="D0N5"/>
            <port dstActor="D0N42" name="p91" srcActor="D0N5"/>
            <port dstActor="D0N39" name="p92" srcActor="D0N5"/>
            <port dstActor="D0N25" name="p93" srcActor="D0N5"/>
            <port dstActor="D0N35" name="p94" srcActor="D0N5"/>
            <port dstActor="D0N22" name="p95" srcActor="D0N9"/>
            <port dstActor="D0N21" name="p96" srcActor="D0N9"/>
            <port dstActor="D0N31" name="p97" srcActor="D0N9"/>
            <port dstActor="D0N30" name="p98" srcActor="D0N22"/>
            <port dstActor="D0N46" name="p99" srcActor="D0N22"/>
            <port dstActor="D0N25" name="p100" srcActor="D0N22"/>
            <port dstActor="D0N47" name="p101" srcActor="D0N15"/>
            <port dstActor="D0N46" name="p102" srcActor="D0N15"/>
            <port dstActor="D0N40" name="p103" srcActor="D0N21"/>
            <port dstActor="D0N36" name="p104" srcActor="D0N21"/>
            <port dstActor="D0N41" name="p105" srcActor="D0N14"/>
            <port dstActor="D0N40" name="p106" srcActor="D0N36"/>
        </ports>
    </mcdag>
    <cores number="3"/>
    <levels number="2"/>
</mcsystem>
