<?xml version="1.0" encoding="UTF-8" standalone="no"?>
<mcsystem>
    <mcdag deadline="1800" name="genned-0-ed-10.0-0">
        <actor name="D0N5">
            <wcet number="0">90</wcet>
            <wcet number="1">110</wcet>
            <maxpow number="0.3115065825939135"/>
            <maxpow number="0.3115065825939135"/>
            <fprob>0.0</fprob>
        </actor>
        <actor name="D0N4">
            <wcet number="0">30</wcet>
            <wcet number="1">40</wcet>
            <maxpow number="0.2751355780549581"/>
            <maxpow number="0.2751355780549581"/>
            <fprob>0.0</fprob>
        </actor>
        <actor name="D0N17">
            <wcet number="0">10</wcet>
            <wcet number="1">10</wcet>
            <maxpow number="0.8241144108260511"/>
            <maxpow number="0.8241144108260511"/>
            <fprob>0.0</fprob>
        </actor>
        <actor name="D0N19">
            <wcet number="0">40</wcet>
            <wcet number="1">50</wcet>
            <maxpow number="0.6084799158044678"/>
            <maxpow number="0.6084799158044678"/>
            <fprob>0.0</fprob>
        </actor>
        <actor name="D0N11">
            <wcet number="0">70</wcet>
            <wcet number="1">120</wcet>
            <maxpow number="0.4550190614595586"/>
            <maxpow number="0.4550190614595586"/>
            <fprob>0.0</fprob>
        </actor>
        <actor name="D0N12">
            <wcet number="0">30</wcet>
            <wcet number="1">30</wcet>
            <maxpow number="0.4478182891167501"/>
            <maxpow number="0.4478182891167501"/>
            <fprob>0.0</fprob>
        </actor>
        <actor name="D0N26">
            <wcet number="0">40</wcet>
            <wcet number="1">40</wcet>
            <maxpow number="0.4990428137308435"/>
            <maxpow number="0.4990428137308435"/>
            <fprob>0.0</fprob>
        </actor>
        <actor name="D0N15">
            <wcet number="0">170</wcet>
            <wcet number="1">210</wcet>
            <maxpow number="0.2390352411744066"/>
            <maxpow number="0.2390352411744066"/>
            <fprob>0.0</fprob>
        </actor>
        <actor name="D0N31">
            <wcet number="0">20</wcet>
            <wcet number="1">30</wcet>
            <maxpow number="1.0445345567211342"/>
            <maxpow number="1.0445345567211342"/>
            <fprob>0.0</fprob>
        </actor>
        <actor name="D0N47">
            <wcet number="0">60</wcet>
            <wcet number="1">80</wcet>
            <maxpow number="0.4782644311719092"/>
            <maxpow number="0.4782644311719092"/>
            <fprob>0.0</fprob>
        </actor>
        <actor name="D0N22">
            <wcet number="0">20</wcet>
            <wcet number="1">20</wcet>
            <maxpow number="0.6369385368245704"/>
            <maxpow number="0.6369385368245704"/>
            <fprob>0.0</fprob>
        </actor>
        <actor name="D0N2">
            <wcet number="0">40</wcet>
            <wcet number="1">40</wcet>
            <maxpow number="0.443858002820003"/>
            <maxpow number="0.443858002820003"/>
            <fprob>0.0</fprob>
        </actor>
        <actor name="D0N34">
            <wcet number="0">10</wcet>
            <wcet number="1">10</wcet>
            <maxpow number="0.9156478751269645"/>
            <maxpow number="0.9156478751269645"/>
            <fprob>0.0</fprob>
        </actor>
        <actor name="D0N3">
            <wcet number="0">50</wcet>
            <wcet number="1">100</wcet>
            <maxpow number="0.5705868203882697"/>
            <maxpow number="0.5705868203882697"/>
            <fprob>0.0</fprob>
        </actor>
        <actor name="D0N32">
            <wcet number="0">10</wcet>
            <wcet number="1">10</wcet>
            <maxpow number="0.8504014469900332"/>
            <maxpow number="0.8504014469900332"/>
            <fprob>0.0</fprob>
        </actor>
        <actor name="D0N9">
            <wcet number="0">30</wcet>
            <wcet number="1">40</wcet>
            <maxpow number="0.1796102139639253"/>
            <maxpow number="0.1796102139639253"/>
            <fprob>0.0</fprob>
        </actor>
        <actor name="D0N43">
            <wcet number="0">50</wcet>
            <wcet number="1">50</wcet>
            <maxpow number="0.4771658330080141"/>
            <maxpow number="0.4771658330080141"/>
            <fprob>0.0</fprob>
        </actor>
        <actor name="D0N10">
            <wcet number="0">10</wcet>
            <wcet number="1">10</wcet>
            <maxpow number="0.4671849791416723"/>
            <maxpow number="0.4671849791416723"/>
            <fprob>0.0</fprob>
        </actor>
        <actor name="D0N13">
            <wcet number="0">20</wcet>
            <wcet number="1">90</wcet>
            <maxpow number="0.46343992309420023"/>
            <maxpow number="0.46343992309420023"/>
            <fprob>0.0</fprob>
        </actor>
        <actor name="D0N20">
            <wcet number="0">30</wcet>
            <wcet number="1">40</wcet>
            <maxpow number="0.37993906041048775"/>
            <maxpow number="0.37993906041048775"/>
            <fprob>0.0</fprob>
        </actor>
        <actor name="D0N1">
            <wcet number="0">160</wcet>
            <wcet number="1">260</wcet>
            <maxpow number="0.6792883599701675"/>
            <maxpow number="0.6792883599701675"/>
            <fprob>0.0</fprob>
        </actor>
        <actor name="D0N41">
            <wcet number="0">20</wcet>
            <wcet number="1">20</wcet>
            <maxpow number="0.6661023329472244"/>
            <maxpow number="0.6661023329472244"/>
            <fprob>0.0</fprob>
        </actor>
        <actor name="D0N18">
            <wcet number="0">90</wcet>
            <wcet number="1">290</wcet>
            <maxpow number="0.5929708507040944"/>
            <maxpow number="0.5929708507040944"/>
            <fprob>0.0</fprob>
        </actor>
        <actor name="D0N0">
            <wcet number="0">40</wcet>
            <wcet number="1">40</wcet>
            <maxpow number="0.5000827016953823"/>
            <maxpow number="0.5000827016953823"/>
            <fprob>0.0</fprob>
        </actor>
        <actor name="D0N45">
            <wcet number="0">30</wcet>
            <wcet number="1">40</wcet>
            <maxpow number="0.35662825234689605"/>
            <maxpow number="0.35662825234689605"/>
            <fprob>0.0</fprob>
        </actor>
        <actor name="D0N29">
            <wcet number="0">80</wcet>
            <wcet number="1">110</wcet>
            <maxpow number="0.6128007899403648"/>
            <maxpow number="0.6128007899403648"/>
            <fprob>0.0</fprob>
        </actor>
        <actor name="D0N33">
            <wcet number="0">10</wcet>
            <wcet number="1">20</wcet>
            <maxpow number="0.5795928557258349"/>
            <maxpow number="0.5795928557258349"/>
            <fprob>0.0</fprob>
        </actor>
        <actor name="D0N28">
            <wcet number="0">30</wcet>
            <wcet number="1">160</wcet>
            <maxpow number="0.37346594768694574"/>
            <maxpow number="0.37346594768694574"/>
            <fprob>0.0</fprob>
        </actor>
        <actor name="D0N8">
            <wcet number="0">50</wcet>
            <wcet number="1">130</wcet>
            <maxpow number="1.0715065858409347"/>
            <maxpow number="1.0715065858409347"/>
            <fprob>0.0</fprob>
        </actor>
        <actor name="D0N42">
            <wcet number="0">230</wcet>
            <wcet number="1">290</wcet>
            <maxpow number="0.7240522385574037"/>
            <maxpow number="0.7240522385574037"/>
            <fprob>0.0</fprob>
        </actor>
        <actor name="D0N6">
            <wcet number="0">90</wcet>
            <wcet number="1">450</wcet>
            <maxpow number="0.5496369820317853"/>
            <maxpow number="0.5496369820317853"/>
            <fprob>0.0</fprob>
        </actor>
        <actor name="D0N37">
            <wcet number="0">20</wcet>
            <wcet number="1">110</wcet>
            <maxpow number="0.5495105363639922"/>
            <maxpow number="0.5495105363639922"/>
            <fprob>0.0</fprob>
        </actor>
        <actor name="D0N7">
            <wcet number="0">110</wcet>
            <wcet number="1">170</wcet>
            <maxpow number="0.4704434554162725"/>
            <maxpow number="0.4704434554162725"/>
            <fprob>0.0</fprob>
        </actor>
        <actor name="D0N27">
            <wcet number="0">10</wcet>
            <wcet number="1">10</wcet>
            <maxpow number="0.4527422606683922"/>
            <maxpow number="0.4527422606683922"/>
            <fprob>0.0</fprob>
        </actor>
        <actor name="D0N23">
            <wcet number="0">10</wcet>
            <wcet number="1">30</wcet>
            <maxpow number="0.6768451115282104"/>
            <maxpow number="0.6768451115282104"/>
            <fprob>0.0</fprob>
        </actor>
        <actor name="D0N39">
            <wcet number="0">120</wcet>
            <wcet number="1">120</wcet>
            <maxpow number="0.48040674054543375"/>
            <maxpow number="0.48040674054543375"/>
            <fprob>0.0</fprob>
        </actor>
        <actor name="D0N21">
            <wcet number="0">50</wcet>
            <wcet number="1">150</wcet>
            <maxpow number="0.694793328946234"/>
            <maxpow number="0.694793328946234"/>
            <fprob>0.0</fprob>
        </actor>
        <actor name="D0N30">
            <wcet number="0">20</wcet>
            <wcet number="1">100</wcet>
            <maxpow number="0.30113593705414254"/>
            <maxpow number="0.30113593705414254"/>
            <fprob>0.0</fprob>
        </actor>
        <actor name="D0N14">
            <wcet number="0">40</wcet>
            <wcet number="1">70</wcet>
            <maxpow number="0.31774931933180167"/>
            <maxpow number="0.31774931933180167"/>
            <fprob>0.0</fprob>
        </actor>
        <actor name="D0N36">
            <wcet number="0">50</wcet>
            <wcet number="1">90</wcet>
            <maxpow number="0.544492419440115"/>
            <maxpow number="0.544492419440115"/>
            <fprob>0.0</fprob>
        </actor>
        <actor name="D0N16">
            <wcet number="0">40</wcet>
            <wcet number="1">150</wcet>
            <maxpow number="0.4118537128316357"/>
            <maxpow number="0.4118537128316357"/>
            <fprob>0.0</fprob>
        </actor>
        <actor name="D0N24">
            <wcet number="0">110</wcet>
            <wcet number="1">110</wcet>
            <maxpow number="0.5735781790261854"/>
            <maxpow number="0.5735781790261854"/>
            <fprob>0.0</fprob>
        </actor>
        <actor name="D0N25">
            <wcet number="0">240</wcet>
            <wcet number="1">290</wcet>
            <maxpow number="0.5864650179724191"/>
            <maxpow number="0.5864650179724191"/>
            <fprob>0.0</fprob>
        </actor>
        <actor name="D0N40">
            <wcet number="0">50</wcet>
            <wcet number="1">50</wcet>
            <maxpow number="0.3362288842515625"/>
            <maxpow number="0.3362288842515625"/>
            <fprob>0.0</fprob>
        </actor>
        <actor name="D0N35">
            <wcet number="0">10</wcet>
            <wcet number="1">60</wcet>
            <maxpow number="0.39519196162206555"/>
            <maxpow number="0.39519196162206555"/>
            <fprob>0.0</fprob>
        </actor>
        <actor name="D0N38">
            <wcet number="0">100</wcet>
            <wcet number="1">130</wcet>
            <maxpow number="0.7866847146121472"/>
            <maxpow number="0.7866847146121472"/>
            <fprob>0.0</fprob>
        </actor>
        <actor name="D0N44">
            <wcet number="0">20</wcet>
            <wcet number="1">20</wcet>
            <maxpow number="0.24775415874238532"/>
            <maxpow number="0.24775415874238532"/>
            <fprob>0.0</fprob>
        </actor>
        <actor name="D0N46">
            <wcet number="0">80</wcet>
            <wcet number="1">80</wcet>
            <maxpow number="0.6803937289298381"/>
            <maxpow number="0.6803937289298381"/>
            <fprob>0.0</fprob>
        </actor>
        <ports>
            <port dstActor="D0N25" name="p0" srcActor="D0N5"/>
            <port dstActor="D0N36" name="p1" srcActor="D0N5"/>
            <port dstActor="D0N9" name="p2" srcActor="D0N5"/>
            <port dstActor="D0N34" name="p3" srcActor="D0N5"/>
            <port dstActor="D0N18" name="p4" srcActor="D0N4"/>
            <port dstActor="D0N28" name="p5" srcActor="D0N4"/>
            <port dstActor="D0N6" name="p6" srcActor="D0N4"/>
            <port dstActor="D0N27" name="p7" srcActor="D0N4"/>
            <port dstActor="D0N8" name="p8" srcActor="D0N4"/>
            <port dstActor="D0N31" name="p9" srcActor="D0N4"/>
            <port dstActor="D0N32" name="p10" srcActor="D0N17"/>
            <port dstActor="D0N22" name="p11" srcActor="D0N17"/>
            <port dstActor="D0N27" name="p12" srcActor="D0N17"/>
            <port dstActor="D0N20" name="p13" srcActor="D0N19"/>
            <port dstActor="D0N32" name="p14" srcActor="D0N19"/>
            <port dstActor="D0N22" name="p15" srcActor="D0N19"/>
            <port dstActor="D0N31" name="p16" srcActor="D0N11"/>
            <port dstActor="D0N21" name="p17" srcActor="D0N11"/>
            <port dstActor="D0N38" name="p18" srcActor="D0N11"/>
            <port dstActor="D0N13" name="p19" srcActor="D0N11"/>
            <port dstActor="D0N14" name="p20" srcActor="D0N12"/>
            <port dstActor="D0N46" name="p21" srcActor="D0N12"/>
            <port dstActor="D0N30" name="p22" srcActor="D0N15"/>
            <port dstActor="D0N35" name="p23" srcActor="D0N15"/>
            <port dstActor="D0N18" name="p24" srcActor="D0N15"/>
            <port dstActor="D0N22" name="p25" srcActor="D0N15"/>
            <port dstActor="D0N28" name="p26" srcActor="D0N15"/>
            <port dstActor="D0N17" name="p27" srcActor="D0N15"/>
            <port dstActor="D0N47" name="p28" srcActor="D0N15"/>
            <port dstActor="D0N26" name="p29" srcActor="D0N15"/>
            <port dstActor="D0N47" name="p30" srcActor="D0N31"/>
            <port dstActor="D0N42" name="p31" srcActor="D0N31"/>
            <port dstActor="D0N37" name="p32" srcActor="D0N31"/>
            <port dstActor="D0N39" name="p33" srcActor="D0N22"/>
            <port dstActor="D0N41" name="p34" srcActor="D0N22"/>
            <port dstActor="D0N36" name="p35" srcActor="D0N22"/>
            <port dstActor="D0N45" name="p36" srcActor="D0N22"/>
            <port dstActor="D0N40" name="p37" srcActor="D0N2"/>
            <port dstActor="D0N27" name="p38" srcActor="D0N2"/>
            <port dstActor="D0N16" name="p39" srcActor="D0N2"/>
            <port dstActor="D0N19" name="p40" srcActor="D0N2"/>
            <port dstActor="D0N34" name="p41" srcActor="D0N2"/>
            <port dstActor="D0N6" name="p42" srcActor="D0N2"/>
            <port dstActor="D0N47" name="p43" srcActor="D0N34"/>
            <port dstActor="D0N4" name="p44" srcActor="D0N3"/>
            <port dstActor="D0N24" name="p45" srcActor="D0N3"/>
            <port dstActor="D0N37" name="p46" srcActor="D0N3"/>
            <port dstActor="D0N5" name="p47" srcActor="D0N3"/>
            <port dstActor="D0N6" name="p48" srcActor="D0N3"/>
            <port dstActor="D0N41" name="p49" srcActor="D0N32"/>
            <port dstActor="D0N39" name="p50" srcActor="D0N32"/>
            <port dstActor="D0N12" name="p51" srcActor="D0N9"/>
            <port dstActor="D0N10" name="p52" srcActor="D0N9"/>
            <port dstActor="D0N14" name="p53" srcActor="D0N9"/>
            <port dstActor="D0N29" name="p54" srcActor="D0N9"/>
            <port dstActor="D0N28" name="p55" srcActor="D0N9"/>
            <port dstActor="D0N42" name="p56" srcActor="D0N9"/>
            <port dstActor="D0N19" name="p57" srcActor="D0N9"/>
            <port dstActor="D0N44" name="p58" srcActor="D0N43"/>
            <port dstActor="D0N35" name="p59" srcActor="D0N10"/>
            <port dstActor="D0N16" name="p60" srcActor="D0N10"/>
            <port dstActor="D0N30" name="p61" srcActor="D0N10"/>
            <port dstActor="D0N20" name="p62" srcActor="D0N10"/>
            <port dstActor="D0N26" name="p63" srcActor="D0N13"/>
            <port dstActor="D0N30" name="p64" srcActor="D0N13"/>
            <port dstActor="D0N46" name="p65" srcActor="D0N13"/>
            <port dstActor="D0N26" name="p66" srcActor="D0N20"/>
            <port dstActor="D0N23" name="p67" srcActor="D0N1"/>
            <port dstActor="D0N19" name="p68" srcActor="D0N1"/>
            <port dstActor="D0N46" name="p69" srcActor="D0N1"/>
            <port dstActor="D0N6" name="p70" srcActor="D0N1"/>
            <port dstActor="D0N26" name="p71" srcActor="D0N1"/>
            <port dstActor="D0N46" name="p72" srcActor="D0N18"/>
            <port dstActor="D0N36" name="p73" srcActor="D0N0"/>
            <port dstActor="D0N2" name="p74" srcActor="D0N0"/>
            <port dstActor="D0N1" name="p75" srcActor="D0N0"/>
            <port dstActor="D0N5" name="p76" srcActor="D0N0"/>
            <port dstActor="D0N46" name="p77" srcActor="D0N45"/>
            <port dstActor="D0N47" name="p78" srcActor="D0N29"/>
            <port dstActor="D0N43" name="p79" srcActor="D0N29"/>
            <port dstActor="D0N31" name="p80" srcActor="D0N29"/>
            <port dstActor="D0N32" name="p81" srcActor="D0N29"/>
            <port dstActor="D0N37" name="p82" srcActor="D0N33"/>
            <port dstActor="D0N42" name="p83" srcActor="D0N28"/>
            <port dstActor="D0N45" name="p84" srcActor="D0N28"/>
            <port dstActor="D0N44" name="p85" srcActor="D0N28"/>
            <port dstActor="D0N25" name="p86" srcActor="D0N8"/>
            <port dstActor="D0N18" name="p87" srcActor="D0N8"/>
            <port dstActor="D0N10" name="p88" srcActor="D0N8"/>
            <port dstActor="D0N23" name="p89" srcActor="D0N8"/>
            <port dstActor="D0N38" name="p90" srcActor="D0N8"/>
            <port dstActor="D0N15" name="p91" srcActor="D0N8"/>
            <port dstActor="D0N44" name="p92" srcActor="D0N42"/>
            <port dstActor="D0N33" name="p93" srcActor="D0N6"/>
            <port dstActor="D0N12" name="p94" srcActor="D0N6"/>
            <port dstActor="D0N23" name="p95" srcActor="D0N6"/>
            <port dstActor="D0N44" name="p96" srcActor="D0N37"/>
            <port dstActor="D0N12" name="p97" srcActor="D0N7"/>
            <port dstActor="D0N14" name="p98" srcActor="D0N7"/>
            <port dstActor="D0N29" name="p99" srcActor="D0N7"/>
            <port dstActor="D0N9" name="p100" srcActor="D0N7"/>
            <port dstActor="D0N16" name="p101" srcActor="D0N7"/>
            <port dstActor="D0N47" name="p102" srcActor="D0N27"/>
            <port dstActor="D0N37" name="p103" srcActor="D0N27"/>
            <port dstActor="D0N36" name="p104" srcActor="D0N23"/>
            <port dstActor="D0N33" name="p105" srcActor="D0N23"/>
            <port dstActor="D0N24" name="p106" srcActor="D0N23"/>
            <port dstActor="D0N28" name="p107" srcActor="D0N23"/>
            <port dstActor="D0N47" name="p108" srcActor="D0N39"/>
            <port dstActor="D0N43" name="p109" srcActor="D0N39"/>
            <port dstActor="D0N45" name="p110" srcActor="D0N21"/>
            <port dstActor="D0N34" name="p111" srcActor="D0N21"/>
            <port dstActor="D0N40" name="p112" srcActor="D0N21"/>
            <port dstActor="D0N23" name="p113" srcActor="D0N21"/>
            <port dstActor="D0N43" name="p114" srcActor="D0N30"/>
            <port dstActor="D0N30" name="p115" srcActor="D0N14"/>
            <port dstActor="D0N16" name="p116" srcActor="D0N14"/>
            <port dstActor="D0N28" name="p117" srcActor="D0N14"/>
            <port dstActor="D0N29" name="p118" srcActor="D0N14"/>
            <port dstActor="D0N15" name="p119" srcActor="D0N14"/>
            <port dstActor="D0N31" name="p120" srcActor="D0N14"/>
            <port dstActor="D0N47" name="p121" srcActor="D0N14"/>
            <port dstActor="D0N45" name="p122" srcActor="D0N36"/>
            <port dstActor="D0N28" name="p123" srcActor="D0N16"/>
            <port dstActor="D0N32" name="p124" srcActor="D0N24"/>
            <port dstActor="D0N38" name="p125" srcActor="D0N24"/>
            <port dstActor="D0N32" name="p126" srcActor="D0N25"/>
            <port dstActor="D0N38" name="p127" srcActor="D0N25"/>
            <port dstActor="D0N44" name="p128" srcActor="D0N35"/>
            <port dstActor="D0N42" name="p129" srcActor="D0N38"/>
            <port dstActor="D0N47" name="p130" srcActor="D0N38"/>
            <port dstActor="D0N47" name="p131" srcActor="D0N44"/>
        </ports>
    </mcdag>
    <cores number="3"/>
    <levels number="2"/>
</mcsystem>
