<?xml version="1.0" encoding="UTF-8" standalone="no"?>
<mcsystem>
    <mcdag deadline="2500" name="genned-0-ed-10.0-0">
        <actor name="D0N3">
            <wcet number="0">10</wcet>
            <wcet number="1">30</wcet>
            <maxpow number="0.43798741399265895"/>
            <maxpow number="0.43798741399265895"/>
            <fprob>0.0</fprob>
        </actor>
        <actor name="D0N49">
            <wcet number="0">20</wcet>
            <wcet number="1">260</wcet>
            <maxpow number="0.570156273878708"/>
            <maxpow number="0.570156273878708"/>
            <fprob>0.0</fprob>
        </actor>
        <actor name="D0N48">
            <wcet number="0">20</wcet>
            <wcet number="1">20</wcet>
            <maxpow number="0.4958560830658861"/>
            <maxpow number="0.4958560830658861"/>
            <fprob>0.0</fprob>
        </actor>
        <actor name="D0N35">
            <wcet number="0">40</wcet>
            <wcet number="1">40</wcet>
            <maxpow number="0.6188226961366226"/>
            <maxpow number="0.6188226961366226"/>
            <fprob>0.0</fprob>
        </actor>
        <actor name="D0N4">
            <wcet number="0">10</wcet>
            <wcet number="1">10</wcet>
            <maxpow number="0.7252596197639314"/>
            <maxpow number="0.7252596197639314"/>
            <fprob>0.0</fprob>
        </actor>
        <actor name="D0N15">
            <wcet number="0">340</wcet>
            <wcet number="1">460</wcet>
            <maxpow number="0.6213235704226812"/>
            <maxpow number="0.6213235704226812"/>
            <fprob>0.0</fprob>
        </actor>
        <actor name="D0N43">
            <wcet number="0">30</wcet>
            <wcet number="1">80</wcet>
            <maxpow number="0.6696759686927791"/>
            <maxpow number="0.6696759686927791"/>
            <fprob>0.0</fprob>
        </actor>
        <actor name="D0N42">
            <wcet number="0">30</wcet>
            <wcet number="1">40</wcet>
            <maxpow number="0.5044523057406451"/>
            <maxpow number="0.5044523057406451"/>
            <fprob>0.0</fprob>
        </actor>
        <actor name="D0N9">
            <wcet number="0">40</wcet>
            <wcet number="1">40</wcet>
            <maxpow number="0.7168014746261221"/>
            <maxpow number="0.7168014746261221"/>
            <fprob>0.0</fprob>
        </actor>
        <actor name="D0N47">
            <wcet number="0">40</wcet>
            <wcet number="1">130</wcet>
            <maxpow number="0.7137104939524741"/>
            <maxpow number="0.7137104939524741"/>
            <fprob>0.0</fprob>
        </actor>
        <actor name="D0N10">
            <wcet number="0">10</wcet>
            <wcet number="1">210</wcet>
            <maxpow number="0.8450456518346456"/>
            <maxpow number="0.8450456518346456"/>
            <fprob>0.0</fprob>
        </actor>
        <actor name="D0N40">
            <wcet number="0">130</wcet>
            <wcet number="1">200</wcet>
            <maxpow number="0.4750187242562351"/>
            <maxpow number="0.4750187242562351"/>
            <fprob>0.0</fprob>
        </actor>
        <actor name="D0N12">
            <wcet number="0">50</wcet>
            <wcet number="1">50</wcet>
            <maxpow number="0.572882748394485"/>
            <maxpow number="0.572882748394485"/>
            <fprob>0.0</fprob>
        </actor>
        <actor name="D0N29">
            <wcet number="0">150</wcet>
            <wcet number="1">170</wcet>
            <maxpow number="0.725128694688042"/>
            <maxpow number="0.725128694688042"/>
            <fprob>0.0</fprob>
        </actor>
        <actor name="D0N34">
            <wcet number="0">50</wcet>
            <wcet number="1">70</wcet>
            <maxpow number="0.4910125687129424"/>
            <maxpow number="0.4910125687129424"/>
            <fprob>0.0</fprob>
        </actor>
        <actor name="D0N18">
            <wcet number="0">120</wcet>
            <wcet number="1">140</wcet>
            <maxpow number="0.5384070197052283"/>
            <maxpow number="0.5384070197052283"/>
            <fprob>0.0</fprob>
        </actor>
        <actor name="D0N8">
            <wcet number="0">240</wcet>
            <wcet number="1">240</wcet>
            <maxpow number="0.49313996227526563"/>
            <maxpow number="0.49313996227526563"/>
            <fprob>0.0</fprob>
        </actor>
        <actor name="D0N26">
            <wcet number="0">70</wcet>
            <wcet number="1">100</wcet>
            <maxpow number="0.4649391206036562"/>
            <maxpow number="0.4649391206036562"/>
            <fprob>0.0</fprob>
        </actor>
        <actor name="D0N20">
            <wcet number="0">20</wcet>
            <wcet number="1">50</wcet>
            <maxpow number="0.3580142505347052"/>
            <maxpow number="0.3580142505347052"/>
            <fprob>0.0</fprob>
        </actor>
        <actor name="D0N5">
            <wcet number="0">240</wcet>
            <wcet number="1">290</wcet>
            <maxpow number="0.6357261589927949"/>
            <maxpow number="0.6357261589927949"/>
            <fprob>0.0</fprob>
        </actor>
        <actor name="D0N19">
            <wcet number="0">20</wcet>
            <wcet number="1">100</wcet>
            <maxpow number="0.6507857758068611"/>
            <maxpow number="0.6507857758068611"/>
            <fprob>0.0</fprob>
        </actor>
        <actor name="D0N44">
            <wcet number="0">480</wcet>
            <wcet number="1">660</wcet>
            <maxpow number="0.7026070111450401"/>
            <maxpow number="0.7026070111450401"/>
            <fprob>0.0</fprob>
        </actor>
        <actor name="D0N0">
            <wcet number="0">230</wcet>
            <wcet number="1">400</wcet>
            <maxpow number="0.6067614906040243"/>
            <maxpow number="0.6067614906040243"/>
            <fprob>0.0</fprob>
        </actor>
        <actor name="D0N46">
            <wcet number="0">20</wcet>
            <wcet number="1">50</wcet>
            <maxpow number="0.5005379979082927"/>
            <maxpow number="0.5005379979082927"/>
            <fprob>0.0</fprob>
        </actor>
        <actor name="D0N6">
            <wcet number="0">20</wcet>
            <wcet number="1">50</wcet>
            <maxpow number="0.513735298972345"/>
            <maxpow number="0.513735298972345"/>
            <fprob>0.0</fprob>
        </actor>
        <actor name="D0N32">
            <wcet number="0">40</wcet>
            <wcet number="1">60</wcet>
            <maxpow number="0.6264614375718266"/>
            <maxpow number="0.6264614375718266"/>
            <fprob>0.0</fprob>
        </actor>
        <actor name="D0N45">
            <wcet number="0">30</wcet>
            <wcet number="1">70</wcet>
            <maxpow number="0.6026516781393944"/>
            <maxpow number="0.6026516781393944"/>
            <fprob>0.0</fprob>
        </actor>
        <actor name="D0N38">
            <wcet number="0">10</wcet>
            <wcet number="1">80</wcet>
            <maxpow number="0.49004347657985786"/>
            <maxpow number="0.49004347657985786"/>
            <fprob>0.0</fprob>
        </actor>
        <actor name="D0N36">
            <wcet number="0">20</wcet>
            <wcet number="1">80</wcet>
            <maxpow number="0.5664924451270401"/>
            <maxpow number="0.5664924451270401"/>
            <fprob>0.0</fprob>
        </actor>
        <actor name="D0N31">
            <wcet number="0">200</wcet>
            <wcet number="1">230</wcet>
            <maxpow number="0.3736656388059075"/>
            <maxpow number="0.3736656388059075"/>
            <fprob>0.0</fprob>
        </actor>
        <actor name="D0N24">
            <wcet number="0">60</wcet>
            <wcet number="1">120</wcet>
            <maxpow number="0.7694339083400905"/>
            <maxpow number="0.7694339083400905"/>
            <fprob>0.0</fprob>
        </actor>
        <actor name="D0N25">
            <wcet number="0">20</wcet>
            <wcet number="1">60</wcet>
            <maxpow number="0.6267076859917988"/>
            <maxpow number="0.6267076859917988"/>
            <fprob>0.0</fprob>
        </actor>
        <actor name="D0N28">
            <wcet number="0">10</wcet>
            <wcet number="1">20</wcet>
            <maxpow number="0.36100511377059374"/>
            <maxpow number="0.36100511377059374"/>
            <fprob>0.0</fprob>
        </actor>
        <actor name="D0N39">
            <wcet number="0">20</wcet>
            <wcet number="1">30</wcet>
            <maxpow number="0.35699165121354004"/>
            <maxpow number="0.35699165121354004"/>
            <fprob>0.0</fprob>
        </actor>
        <actor name="D0N22">
            <wcet number="0">10</wcet>
            <wcet number="1">40</wcet>
            <maxpow number="0.5072409591281296"/>
            <maxpow number="0.5072409591281296"/>
            <fprob>0.0</fprob>
        </actor>
        <actor name="D0N1">
            <wcet number="0">20</wcet>
            <wcet number="1">40</wcet>
            <maxpow number="0.6854992246933411"/>
            <maxpow number="0.6854992246933411"/>
            <fprob>0.0</fprob>
        </actor>
        <actor name="D0N2">
            <wcet number="0">130</wcet>
            <wcet number="1">150</wcet>
            <maxpow number="0.673304104378189"/>
            <maxpow number="0.673304104378189"/>
            <fprob>0.0</fprob>
        </actor>
        <actor name="D0N27">
            <wcet number="0">60</wcet>
            <wcet number="1">70</wcet>
            <maxpow number="0.3664246645866695"/>
            <maxpow number="0.3664246645866695"/>
            <fprob>0.0</fprob>
        </actor>
        <actor name="D0N41">
            <wcet number="0">10</wcet>
            <wcet number="1">10</wcet>
            <maxpow number="0.45133297351976365"/>
            <maxpow number="0.45133297351976365"/>
            <fprob>0.0</fprob>
        </actor>
        <actor name="D0N11">
            <wcet number="0">80</wcet>
            <wcet number="1">160</wcet>
            <maxpow number="0.5773199417957395"/>
            <maxpow number="0.5773199417957395"/>
            <fprob>0.0</fprob>
        </actor>
        <actor name="D0N13">
            <wcet number="0">30</wcet>
            <wcet number="1">100</wcet>
            <maxpow number="0.7409308566619914"/>
            <maxpow number="0.7409308566619914"/>
            <fprob>0.0</fprob>
        </actor>
        <actor name="D0N7">
            <wcet number="0">90</wcet>
            <wcet number="1">160</wcet>
            <maxpow number="0.674391185333004"/>
            <maxpow number="0.674391185333004"/>
            <fprob>0.0</fprob>
        </actor>
        <actor name="D0N37">
            <wcet number="0">120</wcet>
            <wcet number="1">210</wcet>
            <maxpow number="0.7468735745216022"/>
            <maxpow number="0.7468735745216022"/>
            <fprob>0.0</fprob>
        </actor>
        <actor name="D0N16">
            <wcet number="0">20</wcet>
            <wcet number="1">160</wcet>
            <maxpow number="0.5408263885036139"/>
            <maxpow number="0.5408263885036139"/>
            <fprob>0.0</fprob>
        </actor>
        <actor name="D0N17">
            <wcet number="0">120</wcet>
            <wcet number="1">160</wcet>
            <maxpow number="0.6103179374322063"/>
            <maxpow number="0.6103179374322063"/>
            <fprob>0.0</fprob>
        </actor>
        <actor name="D0N14">
            <wcet number="0">30</wcet>
            <wcet number="1">80</wcet>
            <maxpow number="0.7887563390733423"/>
            <maxpow number="0.7887563390733423"/>
            <fprob>0.0</fprob>
        </actor>
        <actor name="D0N33">
            <wcet number="0">50</wcet>
            <wcet number="1">50</wcet>
            <maxpow number="0.8565196705429526"/>
            <maxpow number="0.8565196705429526"/>
            <fprob>0.0</fprob>
        </actor>
        <actor name="D0N21">
            <wcet number="0">80</wcet>
            <wcet number="1">130</wcet>
            <maxpow number="0.5073570576285639"/>
            <maxpow number="0.5073570576285639"/>
            <fprob>0.0</fprob>
        </actor>
        <actor name="D0N30">
            <wcet number="0">40</wcet>
            <wcet number="1">40</wcet>
            <maxpow number="0.6654432934168443"/>
            <maxpow number="0.6654432934168443"/>
            <fprob>0.0</fprob>
        </actor>
        <actor name="D0N23">
            <wcet number="0">40</wcet>
            <wcet number="1">50</wcet>
            <maxpow number="0.49981247518140176"/>
            <maxpow number="0.49981247518140176"/>
            <fprob>0.0</fprob>
        </actor>
        <ports>
            <port dstActor="D0N13" name="p0" srcActor="D0N3"/>
            <port dstActor="D0N29" name="p1" srcActor="D0N3"/>
            <port dstActor="D0N36" name="p2" srcActor="D0N3"/>
            <port dstActor="D0N40" name="p3" srcActor="D0N35"/>
            <port dstActor="D0N43" name="p4" srcActor="D0N35"/>
            <port dstActor="D0N37" name="p5" srcActor="D0N35"/>
            <port dstActor="D0N24" name="p6" srcActor="D0N4"/>
            <port dstActor="D0N36" name="p7" srcActor="D0N4"/>
            <port dstActor="D0N22" name="p8" srcActor="D0N4"/>
            <port dstActor="D0N15" name="p9" srcActor="D0N4"/>
            <port dstActor="D0N40" name="p10" srcActor="D0N4"/>
            <port dstActor="D0N12" name="p11" srcActor="D0N4"/>
            <port dstActor="D0N38" name="p12" srcActor="D0N4"/>
            <port dstActor="D0N29" name="p13" srcActor="D0N4"/>
            <port dstActor="D0N17" name="p14" srcActor="D0N15"/>
            <port dstActor="D0N42" name="p15" srcActor="D0N15"/>
            <port dstActor="D0N45" name="p16" srcActor="D0N9"/>
            <port dstActor="D0N44" name="p17" srcActor="D0N9"/>
            <port dstActor="D0N24" name="p18" srcActor="D0N9"/>
            <port dstActor="D0N24" name="p19" srcActor="D0N10"/>
            <port dstActor="D0N28" name="p20" srcActor="D0N10"/>
            <port dstActor="D0N22" name="p21" srcActor="D0N10"/>
            <port dstActor="D0N35" name="p22" srcActor="D0N10"/>
            <port dstActor="D0N49" name="p23" srcActor="D0N40"/>
            <port dstActor="D0N45" name="p24" srcActor="D0N12"/>
            <port dstActor="D0N14" name="p25" srcActor="D0N12"/>
            <port dstActor="D0N49" name="p26" srcActor="D0N12"/>
            <port dstActor="D0N34" name="p27" srcActor="D0N29"/>
            <port dstActor="D0N39" name="p28" srcActor="D0N29"/>
            <port dstActor="D0N47" name="p29" srcActor="D0N29"/>
            <port dstActor="D0N35" name="p30" srcActor="D0N34"/>
            <port dstActor="D0N26" name="p31" srcActor="D0N18"/>
            <port dstActor="D0N46" name="p32" srcActor="D0N18"/>
            <port dstActor="D0N49" name="p33" srcActor="D0N18"/>
            <port dstActor="D0N39" name="p34" srcActor="D0N18"/>
            <port dstActor="D0N20" name="p35" srcActor="D0N18"/>
            <port dstActor="D0N44" name="p36" srcActor="D0N18"/>
            <port dstActor="D0N24" name="p37" srcActor="D0N18"/>
            <port dstActor="D0N9" name="p38" srcActor="D0N8"/>
            <port dstActor="D0N21" name="p39" srcActor="D0N8"/>
            <port dstActor="D0N40" name="p40" srcActor="D0N8"/>
            <port dstActor="D0N45" name="p41" srcActor="D0N26"/>
            <port dstActor="D0N37" name="p42" srcActor="D0N20"/>
            <port dstActor="D0N23" name="p43" srcActor="D0N20"/>
            <port dstActor="D0N43" name="p44" srcActor="D0N20"/>
            <port dstActor="D0N45" name="p45" srcActor="D0N20"/>
            <port dstActor="D0N45" name="p46" srcActor="D0N5"/>
            <port dstActor="D0N38" name="p47" srcActor="D0N5"/>
            <port dstActor="D0N47" name="p48" srcActor="D0N5"/>
            <port dstActor="D0N41" name="p49" srcActor="D0N5"/>
            <port dstActor="D0N13" name="p50" srcActor="D0N5"/>
            <port dstActor="D0N25" name="p51" srcActor="D0N5"/>
            <port dstActor="D0N48" name="p52" srcActor="D0N5"/>
            <port dstActor="D0N12" name="p53" srcActor="D0N5"/>
            <port dstActor="D0N35" name="p54" srcActor="D0N5"/>
            <port dstActor="D0N38" name="p55" srcActor="D0N19"/>
            <port dstActor="D0N21" name="p56" srcActor="D0N19"/>
            <port dstActor="D0N24" name="p57" srcActor="D0N0"/>
            <port dstActor="D0N2" name="p58" srcActor="D0N0"/>
            <port dstActor="D0N21" name="p59" srcActor="D0N0"/>
            <port dstActor="D0N33" name="p60" srcActor="D0N0"/>
            <port dstActor="D0N34" name="p61" srcActor="D0N0"/>
            <port dstActor="D0N29" name="p62" srcActor="D0N6"/>
            <port dstActor="D0N22" name="p63" srcActor="D0N6"/>
            <port dstActor="D0N28" name="p64" srcActor="D0N6"/>
            <port dstActor="D0N49" name="p65" srcActor="D0N6"/>
            <port dstActor="D0N13" name="p66" srcActor="D0N6"/>
            <port dstActor="D0N33" name="p67" srcActor="D0N6"/>
            <port dstActor="D0N47" name="p68" srcActor="D0N45"/>
            <port dstActor="D0N44" name="p69" srcActor="D0N36"/>
            <port dstActor="D0N45" name="p70" srcActor="D0N31"/>
            <port dstActor="D0N34" name="p71" srcActor="D0N24"/>
            <port dstActor="D0N25" name="p72" srcActor="D0N24"/>
            <port dstActor="D0N42" name="p73" srcActor="D0N25"/>
            <port dstActor="D0N49" name="p74" srcActor="D0N25"/>
            <port dstActor="D0N36" name="p75" srcActor="D0N28"/>
            <port dstActor="D0N24" name="p76" srcActor="D0N22"/>
            <port dstActor="D0N13" name="p77" srcActor="D0N1"/>
            <port dstActor="D0N42" name="p78" srcActor="D0N1"/>
            <port dstActor="D0N23" name="p79" srcActor="D0N1"/>
            <port dstActor="D0N34" name="p80" srcActor="D0N1"/>
            <port dstActor="D0N28" name="p81" srcActor="D0N1"/>
            <port dstActor="D0N30" name="p82" srcActor="D0N1"/>
            <port dstActor="D0N4" name="p83" srcActor="D0N2"/>
            <port dstActor="D0N44" name="p84" srcActor="D0N2"/>
            <port dstActor="D0N19" name="p85" srcActor="D0N2"/>
            <port dstActor="D0N42" name="p86" srcActor="D0N2"/>
            <port dstActor="D0N31" name="p87" srcActor="D0N27"/>
            <port dstActor="D0N32" name="p88" srcActor="D0N27"/>
            <port dstActor="D0N35" name="p89" srcActor="D0N27"/>
            <port dstActor="D0N28" name="p90" srcActor="D0N11"/>
            <port dstActor="D0N17" name="p91" srcActor="D0N11"/>
            <port dstActor="D0N39" name="p92" srcActor="D0N11"/>
            <port dstActor="D0N40" name="p93" srcActor="D0N11"/>
            <port dstActor="D0N46" name="p94" srcActor="D0N11"/>
            <port dstActor="D0N28" name="p95" srcActor="D0N13"/>
            <port dstActor="D0N30" name="p96" srcActor="D0N13"/>
            <port dstActor="D0N44" name="p97" srcActor="D0N13"/>
            <port dstActor="D0N38" name="p98" srcActor="D0N13"/>
            <port dstActor="D0N37" name="p99" srcActor="D0N13"/>
            <port dstActor="D0N18" name="p100" srcActor="D0N13"/>
            <port dstActor="D0N46" name="p101" srcActor="D0N13"/>
            <port dstActor="D0N11" name="p102" srcActor="D0N7"/>
            <port dstActor="D0N39" name="p103" srcActor="D0N7"/>
            <port dstActor="D0N29" name="p104" srcActor="D0N7"/>
            <port dstActor="D0N43" name="p105" srcActor="D0N37"/>
            <port dstActor="D0N28" name="p106" srcActor="D0N16"/>
            <port dstActor="D0N41" name="p107" srcActor="D0N16"/>
            <port dstActor="D0N45" name="p108" srcActor="D0N17"/>
            <port dstActor="D0N42" name="p109" srcActor="D0N17"/>
            <port dstActor="D0N29" name="p110" srcActor="D0N17"/>
            <port dstActor="D0N41" name="p111" srcActor="D0N17"/>
            <port dstActor="D0N20" name="p112" srcActor="D0N14"/>
            <port dstActor="D0N42" name="p113" srcActor="D0N14"/>
            <port dstActor="D0N35" name="p114" srcActor="D0N14"/>
            <port dstActor="D0N18" name="p115" srcActor="D0N14"/>
            <port dstActor="D0N38" name="p116" srcActor="D0N14"/>
            <port dstActor="D0N35" name="p117" srcActor="D0N33"/>
            <port dstActor="D0N28" name="p118" srcActor="D0N21"/>
            <port dstActor="D0N31" name="p119" srcActor="D0N21"/>
            <port dstActor="D0N27" name="p120" srcActor="D0N21"/>
            <port dstActor="D0N32" name="p121" srcActor="D0N30"/>
            <port dstActor="D0N24" name="p122" srcActor="D0N23"/>
            <port dstActor="D0N29" name="p123" srcActor="D0N23"/>
            <port dstActor="D0N34" name="p124" srcActor="D0N23"/>
            <port dstActor="D0N33" name="p125" srcActor="D0N23"/>
            <port dstActor="D0N40" name="p126" srcActor="D0N23"/>
            <port dstActor="D0N41" name="p127" srcActor="D0N23"/>
            <port dstActor="D0N45" name="p128" srcActor="D0N23"/>
        </ports>
    </mcdag>
    <cores number="3"/>
    <levels number="2"/>
</mcsystem>
