<?xml version="1.0" encoding="UTF-8" standalone="no"?>
<mcsystem>
    <mcdag deadline="5000" name="genned-0-ed-10.0-0">
        <actor name="D0N31">
            <wcet number="0">10</wcet>
            <wcet number="1">280</wcet>
            <maxpow number="0.7020491952259491"/>
            <maxpow number="0.7020491952259491"/>
            <fprob>0.0</fprob>
        </actor>
        <actor name="D0N12">
            <wcet number="0">40</wcet>
            <wcet number="1">110</wcet>
            <maxpow number="0.8433851353538402"/>
            <maxpow number="0.8433851353538402"/>
            <fprob>0.0</fprob>
        </actor>
        <actor name="D0N36">
            <wcet number="0">110</wcet>
            <wcet number="1">1580</wcet>
            <maxpow number="0.5029373159930142"/>
            <maxpow number="0.5029373159930142"/>
            <fprob>0.0</fprob>
        </actor>
        <actor name="D0N15">
            <wcet number="0">150</wcet>
            <wcet number="1">260</wcet>
            <maxpow number="0.576519715295324"/>
            <maxpow number="0.576519715295324"/>
            <fprob>0.0</fprob>
        </actor>
        <actor name="D0N25">
            <wcet number="0">60</wcet>
            <wcet number="1">270</wcet>
            <maxpow number="0.34562900064087176"/>
            <maxpow number="0.34562900064087176"/>
            <fprob>0.0</fprob>
        </actor>
        <actor name="D0N2">
            <wcet number="0">140</wcet>
            <wcet number="1">170</wcet>
            <maxpow number="0.41287429677351384"/>
            <maxpow number="0.41287429677351384"/>
            <fprob>0.0</fprob>
        </actor>
        <actor name="D0N8">
            <wcet number="0">30</wcet>
            <wcet number="1">200</wcet>
            <maxpow number="0.7517446013405511"/>
            <maxpow number="0.7517446013405511"/>
            <fprob>0.0</fprob>
        </actor>
        <actor name="D0N11">
            <wcet number="0">400</wcet>
            <wcet number="1">560</wcet>
            <maxpow number="0.5483981385206708"/>
            <maxpow number="0.5483981385206708"/>
            <fprob>0.0</fprob>
        </actor>
        <actor name="D0N41">
            <wcet number="0">290</wcet>
            <wcet number="1">290</wcet>
            <maxpow number="0.6102503495670119"/>
            <maxpow number="0.6102503495670119"/>
            <fprob>0.0</fprob>
        </actor>
        <actor name="D0N24">
            <wcet number="0">120</wcet>
            <wcet number="1">130</wcet>
            <maxpow number="0.707455729710039"/>
            <maxpow number="0.707455729710039"/>
            <fprob>0.0</fprob>
        </actor>
        <actor name="D0N39">
            <wcet number="0">50</wcet>
            <wcet number="1">110</wcet>
            <maxpow number="0.4958711848583665"/>
            <maxpow number="0.4958711848583665"/>
            <fprob>0.0</fprob>
        </actor>
        <actor name="D0N16">
            <wcet number="0">70</wcet>
            <wcet number="1">90</wcet>
            <maxpow number="0.20529986700407377"/>
            <maxpow number="0.20529986700407377"/>
            <fprob>0.0</fprob>
        </actor>
        <actor name="D0N32">
            <wcet number="0">210</wcet>
            <wcet number="1">250</wcet>
            <maxpow number="0.46454189384420397"/>
            <maxpow number="0.46454189384420397"/>
            <fprob>0.0</fprob>
        </actor>
        <actor name="D0N22">
            <wcet number="0">320</wcet>
            <wcet number="1">460</wcet>
            <maxpow number="0.43161816330372293"/>
            <maxpow number="0.43161816330372293"/>
            <fprob>0.0</fprob>
        </actor>
        <actor name="D0N30">
            <wcet number="0">80</wcet>
            <wcet number="1">120</wcet>
            <maxpow number="0.7771175312905281"/>
            <maxpow number="0.7771175312905281"/>
            <fprob>0.0</fprob>
        </actor>
        <actor name="D0N34">
            <wcet number="0">160</wcet>
            <wcet number="1">330</wcet>
            <maxpow number="0.3235157889567651"/>
            <maxpow number="0.3235157889567651"/>
            <fprob>0.0</fprob>
        </actor>
        <actor name="D0N21">
            <wcet number="0">60</wcet>
            <wcet number="1">130</wcet>
            <maxpow number="0.5431697977326146"/>
            <maxpow number="0.5431697977326146"/>
            <fprob>0.0</fprob>
        </actor>
        <actor name="D0N44">
            <wcet number="0">230</wcet>
            <wcet number="1">290</wcet>
            <maxpow number="0.6560300648235643"/>
            <maxpow number="0.6560300648235643"/>
            <fprob>0.0</fprob>
        </actor>
        <actor name="D0N40">
            <wcet number="0">10</wcet>
            <wcet number="1">10</wcet>
            <maxpow number="0.531355800282638"/>
            <maxpow number="0.531355800282638"/>
            <fprob>0.0</fprob>
        </actor>
        <actor name="D0N18">
            <wcet number="0">260</wcet>
            <wcet number="1">260</wcet>
            <maxpow number="0.35555444971395744"/>
            <maxpow number="0.35555444971395744"/>
            <fprob>0.0</fprob>
        </actor>
        <actor name="D0N27">
            <wcet number="0">80</wcet>
            <wcet number="1">150</wcet>
            <maxpow number="0.35896428639259514"/>
            <maxpow number="0.35896428639259514"/>
            <fprob>0.0</fprob>
        </actor>
        <actor name="D0N38">
            <wcet number="0">160</wcet>
            <wcet number="1">330</wcet>
            <maxpow number="0.2165349749924088"/>
            <maxpow number="0.2165349749924088"/>
            <fprob>0.0</fprob>
        </actor>
        <actor name="D0N26">
            <wcet number="0">10</wcet>
            <wcet number="1">220</wcet>
            <maxpow number="0.29303915636666067"/>
            <maxpow number="0.29303915636666067"/>
            <fprob>0.0</fprob>
        </actor>
        <actor name="D0N0">
            <wcet number="0">100</wcet>
            <wcet number="1">100</wcet>
            <maxpow number="0.6430025553753203"/>
            <maxpow number="0.6430025553753203"/>
            <fprob>0.0</fprob>
        </actor>
        <actor name="D0N37">
            <wcet number="0">140</wcet>
            <wcet number="1">170</wcet>
            <maxpow number="0.850308414299155"/>
            <maxpow number="0.850308414299155"/>
            <fprob>0.0</fprob>
        </actor>
        <actor name="D0N7">
            <wcet number="0">230</wcet>
            <wcet number="1">290</wcet>
            <maxpow number="0.3129995551493626"/>
            <maxpow number="0.3129995551493626"/>
            <fprob>0.0</fprob>
        </actor>
        <actor name="D0N33">
            <wcet number="0">40</wcet>
            <wcet number="1">90</wcet>
            <maxpow number="0.16472925291375845"/>
            <maxpow number="0.16472925291375845"/>
            <fprob>0.0</fprob>
        </actor>
        <actor name="D0N4">
            <wcet number="0">30</wcet>
            <wcet number="1">30</wcet>
            <maxpow number="0.5324366565917422"/>
            <maxpow number="0.5324366565917422"/>
            <fprob>0.0</fprob>
        </actor>
        <actor name="D0N6">
            <wcet number="0">140</wcet>
            <wcet number="1">270</wcet>
            <maxpow number="0.40440340319266044"/>
            <maxpow number="0.40440340319266044"/>
            <fprob>0.0</fprob>
        </actor>
        <actor name="D0N35">
            <wcet number="0">10</wcet>
            <wcet number="1">110</wcet>
            <maxpow number="0.3856668919233889"/>
            <maxpow number="0.3856668919233889"/>
            <fprob>0.0</fprob>
        </actor>
        <actor name="D0N47">
            <wcet number="0">40</wcet>
            <wcet number="1">380</wcet>
            <maxpow number="0.7404033405924659"/>
            <maxpow number="0.7404033405924659"/>
            <fprob>0.0</fprob>
        </actor>
        <actor name="D0N13">
            <wcet number="0">20</wcet>
            <wcet number="1">220</wcet>
            <maxpow number="0.34655834113686823"/>
            <maxpow number="0.34655834113686823"/>
            <fprob>0.0</fprob>
        </actor>
        <actor name="D0N9">
            <wcet number="0">30</wcet>
            <wcet number="1">40</wcet>
            <maxpow number="0.4418166582610207"/>
            <maxpow number="0.4418166582610207"/>
            <fprob>0.0</fprob>
        </actor>
        <actor name="D0N17">
            <wcet number="0">110</wcet>
            <wcet number="1">270</wcet>
            <maxpow number="0.4062869687698618"/>
            <maxpow number="0.4062869687698618"/>
            <fprob>0.0</fprob>
        </actor>
        <actor name="D0N10">
            <wcet number="0">40</wcet>
            <wcet number="1">100</wcet>
            <maxpow number="0.2049063194079317"/>
            <maxpow number="0.2049063194079317"/>
            <fprob>0.0</fprob>
        </actor>
        <actor name="D0N3">
            <wcet number="0">20</wcet>
            <wcet number="1">30</wcet>
            <maxpow number="0.44183394071804527"/>
            <maxpow number="0.44183394071804527"/>
            <fprob>0.0</fprob>
        </actor>
        <actor name="D0N23">
            <wcet number="0">70</wcet>
            <wcet number="1">190</wcet>
            <maxpow number="0.854202282311416"/>
            <maxpow number="0.854202282311416"/>
            <fprob>0.0</fprob>
        </actor>
        <actor name="D0N48">
            <wcet number="0">170</wcet>
            <wcet number="1">310</wcet>
            <maxpow number="0.5882304403080285"/>
            <maxpow number="0.5882304403080285"/>
            <fprob>0.0</fprob>
        </actor>
        <actor name="D0N19">
            <wcet number="0">30</wcet>
            <wcet number="1">230</wcet>
            <maxpow number="0.8338256500670419"/>
            <maxpow number="0.8338256500670419"/>
            <fprob>0.0</fprob>
        </actor>
        <actor name="D0N1">
            <wcet number="0">20</wcet>
            <wcet number="1">80</wcet>
            <maxpow number="0.674860507669419"/>
            <maxpow number="0.674860507669419"/>
            <fprob>0.0</fprob>
        </actor>
        <actor name="D0N45">
            <wcet number="0">250</wcet>
            <wcet number="1">270</wcet>
            <maxpow number="0.5244025921885355"/>
            <maxpow number="0.5244025921885355"/>
            <fprob>0.0</fprob>
        </actor>
        <actor name="D0N46">
            <wcet number="0">330</wcet>
            <wcet number="1">720</wcet>
            <maxpow number="0.6292098213188634"/>
            <maxpow number="0.6292098213188634"/>
            <fprob>0.0</fprob>
        </actor>
        <actor name="D0N20">
            <wcet number="0">380</wcet>
            <wcet number="1">490</wcet>
            <maxpow number="0.8545953186715144"/>
            <maxpow number="0.8545953186715144"/>
            <fprob>0.0</fprob>
        </actor>
        <actor name="D0N29">
            <wcet number="0">520</wcet>
            <wcet number="1">530</wcet>
            <maxpow number="0.6217827007775233"/>
            <maxpow number="0.6217827007775233"/>
            <fprob>0.0</fprob>
        </actor>
        <actor name="D0N14">
            <wcet number="0">80</wcet>
            <wcet number="1">150</wcet>
            <maxpow number="0.6347628782170115"/>
            <maxpow number="0.6347628782170115"/>
            <fprob>0.0</fprob>
        </actor>
        <actor name="D0N43">
            <wcet number="0">20</wcet>
            <wcet number="1">40</wcet>
            <maxpow number="0.7010917578248276"/>
            <maxpow number="0.7010917578248276"/>
            <fprob>0.0</fprob>
        </actor>
        <actor name="D0N42">
            <wcet number="0">130</wcet>
            <wcet number="1">150</wcet>
            <maxpow number="0.43650792688420154"/>
            <maxpow number="0.43650792688420154"/>
            <fprob>0.0</fprob>
        </actor>
        <actor name="D0N28">
            <wcet number="0">10</wcet>
            <wcet number="1">160</wcet>
            <maxpow number="0.3217415285322269"/>
            <maxpow number="0.3217415285322269"/>
            <fprob>0.0</fprob>
        </actor>
        <actor name="D0N5">
            <wcet number="0">330</wcet>
            <wcet number="1">480</wcet>
            <maxpow number="0.6504710655829709"/>
            <maxpow number="0.6504710655829709"/>
            <fprob>0.0</fprob>
        </actor>
        <ports>
            <port dstActor="D0N32" name="p0" srcActor="D0N31"/>
            <port dstActor="D0N46" name="p1" srcActor="D0N31"/>
            <port dstActor="D0N36" name="p2" srcActor="D0N31"/>
            <port dstActor="D0N27" name="p3" srcActor="D0N12"/>
            <port dstActor="D0N13" name="p4" srcActor="D0N12"/>
            <port dstActor="D0N19" name="p5" srcActor="D0N15"/>
            <port dstActor="D0N22" name="p6" srcActor="D0N15"/>
            <port dstActor="D0N46" name="p7" srcActor="D0N25"/>
            <port dstActor="D0N17" name="p8" srcActor="D0N2"/>
            <port dstActor="D0N16" name="p9" srcActor="D0N2"/>
            <port dstActor="D0N5" name="p10" srcActor="D0N2"/>
            <port dstActor="D0N36" name="p11" srcActor="D0N2"/>
            <port dstActor="D0N9" name="p12" srcActor="D0N2"/>
            <port dstActor="D0N34" name="p13" srcActor="D0N8"/>
            <port dstActor="D0N14" name="p14" srcActor="D0N8"/>
            <port dstActor="D0N27" name="p15" srcActor="D0N8"/>
            <port dstActor="D0N10" name="p16" srcActor="D0N8"/>
            <port dstActor="D0N44" name="p17" srcActor="D0N8"/>
            <port dstActor="D0N37" name="p18" srcActor="D0N8"/>
            <port dstActor="D0N13" name="p19" srcActor="D0N8"/>
            <port dstActor="D0N40" name="p20" srcActor="D0N8"/>
            <port dstActor="D0N23" name="p21" srcActor="D0N8"/>
            <port dstActor="D0N36" name="p22" srcActor="D0N8"/>
            <port dstActor="D0N31" name="p23" srcActor="D0N11"/>
            <port dstActor="D0N28" name="p24" srcActor="D0N11"/>
            <port dstActor="D0N26" name="p25" srcActor="D0N24"/>
            <port dstActor="D0N35" name="p26" srcActor="D0N24"/>
            <port dstActor="D0N42" name="p27" srcActor="D0N39"/>
            <port dstActor="D0N18" name="p28" srcActor="D0N16"/>
            <port dstActor="D0N47" name="p29" srcActor="D0N16"/>
            <port dstActor="D0N20" name="p30" srcActor="D0N16"/>
            <port dstActor="D0N44" name="p31" srcActor="D0N32"/>
            <port dstActor="D0N46" name="p32" srcActor="D0N32"/>
            <port dstActor="D0N35" name="p33" srcActor="D0N32"/>
            <port dstActor="D0N33" name="p34" srcActor="D0N32"/>
            <port dstActor="D0N32" name="p35" srcActor="D0N22"/>
            <port dstActor="D0N33" name="p36" srcActor="D0N22"/>
            <port dstActor="D0N44" name="p37" srcActor="D0N34"/>
            <port dstActor="D0N45" name="p38" srcActor="D0N34"/>
            <port dstActor="D0N36" name="p39" srcActor="D0N34"/>
            <port dstActor="D0N35" name="p40" srcActor="D0N21"/>
            <port dstActor="D0N38" name="p41" srcActor="D0N21"/>
            <port dstActor="D0N37" name="p42" srcActor="D0N21"/>
            <port dstActor="D0N44" name="p43" srcActor="D0N21"/>
            <port dstActor="D0N31" name="p44" srcActor="D0N21"/>
            <port dstActor="D0N45" name="p45" srcActor="D0N21"/>
            <port dstActor="D0N46" name="p46" srcActor="D0N44"/>
            <port dstActor="D0N46" name="p47" srcActor="D0N40"/>
            <port dstActor="D0N33" name="p48" srcActor="D0N18"/>
            <port dstActor="D0N47" name="p49" srcActor="D0N27"/>
            <port dstActor="D0N32" name="p50" srcActor="D0N27"/>
            <port dstActor="D0N48" name="p51" srcActor="D0N27"/>
            <port dstActor="D0N47" name="p52" srcActor="D0N38"/>
            <port dstActor="D0N44" name="p53" srcActor="D0N38"/>
            <port dstActor="D0N48" name="p54" srcActor="D0N38"/>
            <port dstActor="D0N37" name="p55" srcActor="D0N26"/>
            <port dstActor="D0N40" name="p56" srcActor="D0N26"/>
            <port dstActor="D0N45" name="p57" srcActor="D0N26"/>
            <port dstActor="D0N46" name="p58" srcActor="D0N26"/>
            <port dstActor="D0N36" name="p59" srcActor="D0N26"/>
            <port dstActor="D0N33" name="p60" srcActor="D0N26"/>
            <port dstActor="D0N39" name="p61" srcActor="D0N26"/>
            <port dstActor="D0N13" name="p62" srcActor="D0N0"/>
            <port dstActor="D0N30" name="p63" srcActor="D0N0"/>
            <port dstActor="D0N9" name="p64" srcActor="D0N0"/>
            <port dstActor="D0N20" name="p65" srcActor="D0N0"/>
            <port dstActor="D0N36" name="p66" srcActor="D0N0"/>
            <port dstActor="D0N36" name="p67" srcActor="D0N7"/>
            <port dstActor="D0N19" name="p68" srcActor="D0N7"/>
            <port dstActor="D0N28" name="p69" srcActor="D0N7"/>
            <port dstActor="D0N21" name="p70" srcActor="D0N7"/>
            <port dstActor="D0N48" name="p71" srcActor="D0N7"/>
            <port dstActor="D0N18" name="p72" srcActor="D0N7"/>
            <port dstActor="D0N42" name="p73" srcActor="D0N33"/>
            <port dstActor="D0N46" name="p74" srcActor="D0N4"/>
            <port dstActor="D0N11" name="p75" srcActor="D0N4"/>
            <port dstActor="D0N32" name="p76" srcActor="D0N4"/>
            <port dstActor="D0N35" name="p77" srcActor="D0N4"/>
            <port dstActor="D0N9" name="p78" srcActor="D0N4"/>
            <port dstActor="D0N21" name="p79" srcActor="D0N6"/>
            <port dstActor="D0N9" name="p80" srcActor="D0N6"/>
            <port dstActor="D0N38" name="p81" srcActor="D0N35"/>
            <port dstActor="D0N39" name="p82" srcActor="D0N35"/>
            <port dstActor="D0N14" name="p83" srcActor="D0N9"/>
            <port dstActor="D0N32" name="p84" srcActor="D0N9"/>
            <port dstActor="D0N34" name="p85" srcActor="D0N9"/>
            <port dstActor="D0N25" name="p86" srcActor="D0N9"/>
            <port dstActor="D0N48" name="p87" srcActor="D0N17"/>
            <port dstActor="D0N28" name="p88" srcActor="D0N17"/>
            <port dstActor="D0N19" name="p89" srcActor="D0N10"/>
            <port dstActor="D0N32" name="p90" srcActor="D0N10"/>
            <port dstActor="D0N11" name="p91" srcActor="D0N10"/>
            <port dstActor="D0N34" name="p92" srcActor="D0N3"/>
            <port dstActor="D0N31" name="p93" srcActor="D0N3"/>
            <port dstActor="D0N43" name="p94" srcActor="D0N3"/>
            <port dstActor="D0N46" name="p95" srcActor="D0N23"/>
            <port dstActor="D0N35" name="p96" srcActor="D0N23"/>
            <port dstActor="D0N35" name="p97" srcActor="D0N19"/>
            <port dstActor="D0N32" name="p98" srcActor="D0N1"/>
            <port dstActor="D0N26" name="p99" srcActor="D0N1"/>
            <port dstActor="D0N33" name="p100" srcActor="D0N1"/>
            <port dstActor="D0N31" name="p101" srcActor="D0N1"/>
            <port dstActor="D0N40" name="p102" srcActor="D0N20"/>
            <port dstActor="D0N25" name="p103" srcActor="D0N20"/>
            <port dstActor="D0N27" name="p104" srcActor="D0N20"/>
            <port dstActor="D0N40" name="p105" srcActor="D0N29"/>
            <port dstActor="D0N31" name="p106" srcActor="D0N29"/>
            <port dstActor="D0N38" name="p107" srcActor="D0N29"/>
            <port dstActor="D0N37" name="p108" srcActor="D0N29"/>
            <port dstActor="D0N25" name="p109" srcActor="D0N14"/>
            <port dstActor="D0N23" name="p110" srcActor="D0N14"/>
            <port dstActor="D0N48" name="p111" srcActor="D0N42"/>
            <port dstActor="D0N45" name="p112" srcActor="D0N28"/>
            <port dstActor="D0N41" name="p113" srcActor="D0N5"/>
            <port dstActor="D0N8" name="p114" srcActor="D0N5"/>
            <port dstActor="D0N42" name="p115" srcActor="D0N5"/>
        </ports>
    </mcdag>
    <cores number="3"/>
    <levels number="2"/>
</mcsystem>
