<?xml version="1.0" encoding="UTF-8" standalone="no"?>
<mcsystem>
    <mcdag deadline="1500" name="genned-0-ed-10.0-0">
        <actor name="D0N46">
            <wcet number="0">20</wcet>
            <wcet number="1">40</wcet>
            <maxpow number="0.4479726800018183"/>
            <maxpow number="0.4479726800018183"/>
            <fprob>0.0</fprob>
        </actor>
        <actor name="D0N5">
            <wcet number="0">30</wcet>
            <wcet number="1">30</wcet>
            <maxpow number="0.9115799988525024"/>
            <maxpow number="0.9115799988525024"/>
            <fprob>0.0</fprob>
        </actor>
        <actor name="D0N23">
            <wcet number="0">10</wcet>
            <wcet number="1">220</wcet>
            <maxpow number="0.4794353588429108"/>
            <maxpow number="0.4794353588429108"/>
            <fprob>0.0</fprob>
        </actor>
        <actor name="D0N6">
            <wcet number="0">10</wcet>
            <wcet number="1">80</wcet>
            <maxpow number="0.46257553119380773"/>
            <maxpow number="0.46257553119380773"/>
            <fprob>0.0</fprob>
        </actor>
        <actor name="D0N45">
            <wcet number="0">10</wcet>
            <wcet number="1">20</wcet>
            <maxpow number="0.5564127764046343"/>
            <maxpow number="0.5564127764046343"/>
            <fprob>0.0</fprob>
        </actor>
        <actor name="D0N40">
            <wcet number="0">30</wcet>
            <wcet number="1">80</wcet>
            <maxpow number="0.7320261915020028"/>
            <maxpow number="0.7320261915020028"/>
            <fprob>0.0</fprob>
        </actor>
        <actor name="D0N28">
            <wcet number="0">10</wcet>
            <wcet number="1">40</wcet>
            <maxpow number="0.6230091959086494"/>
            <maxpow number="0.6230091959086494"/>
            <fprob>0.0</fprob>
        </actor>
        <actor name="D0N31">
            <wcet number="0">20</wcet>
            <wcet number="1">20</wcet>
            <maxpow number="0.7398261930886554"/>
            <maxpow number="0.7398261930886554"/>
            <fprob>0.0</fprob>
        </actor>
        <actor name="D0N32">
            <wcet number="0">30</wcet>
            <wcet number="1">30</wcet>
            <maxpow number="0.5988546497356017"/>
            <maxpow number="0.5988546497356017"/>
            <fprob>0.0</fprob>
        </actor>
        <actor name="D0N1">
            <wcet number="0">10</wcet>
            <wcet number="1">40</wcet>
            <maxpow number="0.7156357332700956"/>
            <maxpow number="0.7156357332700956"/>
            <fprob>0.0</fprob>
        </actor>
        <actor name="D0N12">
            <wcet number="0">20</wcet>
            <wcet number="1">20</wcet>
            <maxpow number="0.9699215372986115"/>
            <maxpow number="0.9699215372986115"/>
            <fprob>0.0</fprob>
        </actor>
        <actor name="D0N36">
            <wcet number="0">110</wcet>
            <wcet number="1">300</wcet>
            <maxpow number="0.5349065405198783"/>
            <maxpow number="0.5349065405198783"/>
            <fprob>0.0</fprob>
        </actor>
        <actor name="D0N39">
            <wcet number="0">50</wcet>
            <wcet number="1">70</wcet>
            <maxpow number="0.45801582135197483"/>
            <maxpow number="0.45801582135197483"/>
            <fprob>0.0</fprob>
        </actor>
        <actor name="D0N41">
            <wcet number="0">40</wcet>
            <wcet number="1">40</wcet>
            <maxpow number="0.4024007078159527"/>
            <maxpow number="0.4024007078159527"/>
            <fprob>0.0</fprob>
        </actor>
        <actor name="D0N26">
            <wcet number="0">60</wcet>
            <wcet number="1">70</wcet>
            <maxpow number="0.3835522657647512"/>
            <maxpow number="0.3835522657647512"/>
            <fprob>0.0</fprob>
        </actor>
        <actor name="D0N21">
            <wcet number="0">130</wcet>
            <wcet number="1">170</wcet>
            <maxpow number="0.3469149858965448"/>
            <maxpow number="0.3469149858965448"/>
            <fprob>0.0</fprob>
        </actor>
        <actor name="D0N0">
            <wcet number="0">120</wcet>
            <wcet number="1">130</wcet>
            <maxpow number="0.6375245806615432"/>
            <maxpow number="0.6375245806615432"/>
            <fprob>0.0</fprob>
        </actor>
        <actor name="D0N25">
            <wcet number="0">60</wcet>
            <wcet number="1">170</wcet>
            <maxpow number="0.7623857678569211"/>
            <maxpow number="0.7623857678569211"/>
            <fprob>0.0</fprob>
        </actor>
        <actor name="D0N2">
            <wcet number="0">40</wcet>
            <wcet number="1">120</wcet>
            <maxpow number="0.5913007474707667"/>
            <maxpow number="0.5913007474707667"/>
            <fprob>0.0</fprob>
        </actor>
        <actor name="D0N15">
            <wcet number="0">20</wcet>
            <wcet number="1">20</wcet>
            <maxpow number="0.7390038840305966"/>
            <maxpow number="0.7390038840305966"/>
            <fprob>0.0</fprob>
        </actor>
        <actor name="D0N33">
            <wcet number="0">20</wcet>
            <wcet number="1">30</wcet>
            <maxpow number="0.7646213987746484"/>
            <maxpow number="0.7646213987746484"/>
            <fprob>0.0</fprob>
        </actor>
        <actor name="D0N4">
            <wcet number="0">60</wcet>
            <wcet number="1">100</wcet>
            <maxpow number="0.68478332805247"/>
            <maxpow number="0.68478332805247"/>
            <fprob>0.0</fprob>
        </actor>
        <actor name="D0N7">
            <wcet number="0">50</wcet>
            <wcet number="1">150</wcet>
            <maxpow number="0.5131091394253369"/>
            <maxpow number="0.5131091394253369"/>
            <fprob>0.0</fprob>
        </actor>
        <actor name="D0N29">
            <wcet number="0">40</wcet>
            <wcet number="1">40</wcet>
            <maxpow number="0.552045817109741"/>
            <maxpow number="0.552045817109741"/>
            <fprob>0.0</fprob>
        </actor>
        <actor name="D0N27">
            <wcet number="0">140</wcet>
            <wcet number="1">180</wcet>
            <maxpow number="0.6338799867177035"/>
            <maxpow number="0.6338799867177035"/>
            <fprob>0.0</fprob>
        </actor>
        <actor name="D0N35">
            <wcet number="0">30</wcet>
            <wcet number="1">40</wcet>
            <maxpow number="0.4269830021177179"/>
            <maxpow number="0.4269830021177179"/>
            <fprob>0.0</fprob>
        </actor>
        <actor name="D0N20">
            <wcet number="0">10</wcet>
            <wcet number="1">10</wcet>
            <maxpow number="0.2024618485517209"/>
            <maxpow number="0.2024618485517209"/>
            <fprob>0.0</fprob>
        </actor>
        <actor name="D0N10">
            <wcet number="0">210</wcet>
            <wcet number="1">300</wcet>
            <maxpow number="0.9340424917771106"/>
            <maxpow number="0.9340424917771106"/>
            <fprob>0.0</fprob>
        </actor>
        <actor name="D0N19">
            <wcet number="0">30</wcet>
            <wcet number="1">30</wcet>
            <maxpow number="0.5269504276526461"/>
            <maxpow number="0.5269504276526461"/>
            <fprob>0.0</fprob>
        </actor>
        <actor name="D0N43">
            <wcet number="0">70</wcet>
            <wcet number="1">140</wcet>
            <maxpow number="0.4237646212859236"/>
            <maxpow number="0.4237646212859236"/>
            <fprob>0.0</fprob>
        </actor>
        <actor name="D0N8">
            <wcet number="0">40</wcet>
            <wcet number="1">80</wcet>
            <maxpow number="0.5388399944275759"/>
            <maxpow number="0.5388399944275759"/>
            <fprob>0.0</fprob>
        </actor>
        <actor name="D0N16">
            <wcet number="0">60</wcet>
            <wcet number="1">60</wcet>
            <maxpow number="0.46308832951586076"/>
            <maxpow number="0.46308832951586076"/>
            <fprob>0.0</fprob>
        </actor>
        <actor name="D0N24">
            <wcet number="0">20</wcet>
            <wcet number="1">110</wcet>
            <maxpow number="0.31470258012105334"/>
            <maxpow number="0.31470258012105334"/>
            <fprob>0.0</fprob>
        </actor>
        <actor name="D0N44">
            <wcet number="0">70</wcet>
            <wcet number="1">90</wcet>
            <maxpow number="0.607631126187017"/>
            <maxpow number="0.607631126187017"/>
            <fprob>0.0</fprob>
        </actor>
        <actor name="D0N3">
            <wcet number="0">70</wcet>
            <wcet number="1">80</wcet>
            <maxpow number="0.7747242426383198"/>
            <maxpow number="0.7747242426383198"/>
            <fprob>0.0</fprob>
        </actor>
        <actor name="D0N9">
            <wcet number="0">10</wcet>
            <wcet number="1">10</wcet>
            <maxpow number="0.31176199623596046"/>
            <maxpow number="0.31176199623596046"/>
            <fprob>0.0</fprob>
        </actor>
        <actor name="D0N11">
            <wcet number="0">20</wcet>
            <wcet number="1">80</wcet>
            <maxpow number="0.3181344440502942"/>
            <maxpow number="0.3181344440502942"/>
            <fprob>0.0</fprob>
        </actor>
        <actor name="D0N14">
            <wcet number="0">70</wcet>
            <wcet number="1">160</wcet>
            <maxpow number="0.4675908389632105"/>
            <maxpow number="0.4675908389632105"/>
            <fprob>0.0</fprob>
        </actor>
        <actor name="D0N42">
            <wcet number="0">10</wcet>
            <wcet number="1">10</wcet>
            <maxpow number="0.7605024885100398"/>
            <maxpow number="0.7605024885100398"/>
            <fprob>0.0</fprob>
        </actor>
        <actor name="D0N18">
            <wcet number="0">40</wcet>
            <wcet number="1">110</wcet>
            <maxpow number="0.35400595858231526"/>
            <maxpow number="0.35400595858231526"/>
            <fprob>0.0</fprob>
        </actor>
        <actor name="D0N34">
            <wcet number="0">20</wcet>
            <wcet number="1">30</wcet>
            <maxpow number="0.7334113840126685"/>
            <maxpow number="0.7334113840126685"/>
            <fprob>0.0</fprob>
        </actor>
        <actor name="D0N13">
            <wcet number="0">50</wcet>
            <wcet number="1">60</wcet>
            <maxpow number="0.5556519552641512"/>
            <maxpow number="0.5556519552641512"/>
            <fprob>0.0</fprob>
        </actor>
        <actor name="D0N37">
            <wcet number="0">10</wcet>
            <wcet number="1">20</wcet>
            <maxpow number="0.5487766833356902"/>
            <maxpow number="0.5487766833356902"/>
            <fprob>0.0</fprob>
        </actor>
        <actor name="D0N30">
            <wcet number="0">10</wcet>
            <wcet number="1">40</wcet>
            <maxpow number="0.5188597103252134"/>
            <maxpow number="0.5188597103252134"/>
            <fprob>0.0</fprob>
        </actor>
        <actor name="D0N22">
            <wcet number="0">20</wcet>
            <wcet number="1">50</wcet>
            <maxpow number="0.36386034743774653"/>
            <maxpow number="0.36386034743774653"/>
            <fprob>0.0</fprob>
        </actor>
        <actor name="D0N38">
            <wcet number="0">70</wcet>
            <wcet number="1">120</wcet>
            <maxpow number="0.6290967359494785"/>
            <maxpow number="0.6290967359494785"/>
            <fprob>0.0</fprob>
        </actor>
        <actor name="D0N17">
            <wcet number="0">30</wcet>
            <wcet number="1">60</wcet>
            <maxpow number="0.3430932337093013"/>
            <maxpow number="0.3430932337093013"/>
            <fprob>0.0</fprob>
        </actor>
        <ports>
            <port dstActor="D0N12" name="p0" srcActor="D0N5"/>
            <port dstActor="D0N35" name="p1" srcActor="D0N5"/>
            <port dstActor="D0N13" name="p2" srcActor="D0N5"/>
            <port dstActor="D0N43" name="p3" srcActor="D0N5"/>
            <port dstActor="D0N45" name="p4" srcActor="D0N5"/>
            <port dstActor="D0N32" name="p5" srcActor="D0N23"/>
            <port dstActor="D0N27" name="p6" srcActor="D0N23"/>
            <port dstActor="D0N35" name="p7" srcActor="D0N23"/>
            <port dstActor="D0N40" name="p8" srcActor="D0N23"/>
            <port dstActor="D0N13" name="p9" srcActor="D0N6"/>
            <port dstActor="D0N35" name="p10" srcActor="D0N6"/>
            <port dstActor="D0N42" name="p11" srcActor="D0N6"/>
            <port dstActor="D0N12" name="p12" srcActor="D0N6"/>
            <port dstActor="D0N45" name="p13" srcActor="D0N28"/>
            <port dstActor="D0N46" name="p14" srcActor="D0N28"/>
            <port dstActor="D0N43" name="p15" srcActor="D0N31"/>
            <port dstActor="D0N37" name="p16" srcActor="D0N32"/>
            <port dstActor="D0N38" name="p17" srcActor="D0N32"/>
            <port dstActor="D0N25" name="p18" srcActor="D0N1"/>
            <port dstActor="D0N6" name="p19" srcActor="D0N1"/>
            <port dstActor="D0N29" name="p20" srcActor="D0N1"/>
            <port dstActor="D0N44" name="p21" srcActor="D0N1"/>
            <port dstActor="D0N32" name="p22" srcActor="D0N1"/>
            <port dstActor="D0N5" name="p23" srcActor="D0N1"/>
            <port dstActor="D0N40" name="p24" srcActor="D0N12"/>
            <port dstActor="D0N43" name="p25" srcActor="D0N12"/>
            <port dstActor="D0N45" name="p26" srcActor="D0N12"/>
            <port dstActor="D0N39" name="p27" srcActor="D0N36"/>
            <port dstActor="D0N43" name="p28" srcActor="D0N39"/>
            <port dstActor="D0N46" name="p29" srcActor="D0N39"/>
            <port dstActor="D0N42" name="p30" srcActor="D0N41"/>
            <port dstActor="D0N40" name="p31" srcActor="D0N21"/>
            <port dstActor="D0N2" name="p32" srcActor="D0N0"/>
            <port dstActor="D0N27" name="p33" srcActor="D0N25"/>
            <port dstActor="D0N34" name="p34" srcActor="D0N25"/>
            <port dstActor="D0N12" name="p35" srcActor="D0N2"/>
            <port dstActor="D0N26" name="p36" srcActor="D0N2"/>
            <port dstActor="D0N14" name="p37" srcActor="D0N2"/>
            <port dstActor="D0N33" name="p38" srcActor="D0N15"/>
            <port dstActor="D0N32" name="p39" srcActor="D0N4"/>
            <port dstActor="D0N37" name="p40" srcActor="D0N7"/>
            <port dstActor="D0N29" name="p41" srcActor="D0N7"/>
            <port dstActor="D0N32" name="p42" srcActor="D0N7"/>
            <port dstActor="D0N30" name="p43" srcActor="D0N7"/>
            <port dstActor="D0N41" name="p44" srcActor="D0N29"/>
            <port dstActor="D0N44" name="p45" srcActor="D0N29"/>
            <port dstActor="D0N38" name="p46" srcActor="D0N27"/>
            <port dstActor="D0N36" name="p47" srcActor="D0N27"/>
            <port dstActor="D0N34" name="p48" srcActor="D0N20"/>
            <port dstActor="D0N45" name="p49" srcActor="D0N20"/>
            <port dstActor="D0N23" name="p50" srcActor="D0N10"/>
            <port dstActor="D0N44" name="p51" srcActor="D0N10"/>
            <port dstActor="D0N14" name="p52" srcActor="D0N10"/>
            <port dstActor="D0N16" name="p53" srcActor="D0N10"/>
            <port dstActor="D0N32" name="p54" srcActor="D0N10"/>
            <port dstActor="D0N32" name="p55" srcActor="D0N19"/>
            <port dstActor="D0N36" name="p56" srcActor="D0N19"/>
            <port dstActor="D0N11" name="p57" srcActor="D0N8"/>
            <port dstActor="D0N29" name="p58" srcActor="D0N8"/>
            <port dstActor="D0N20" name="p59" srcActor="D0N8"/>
            <port dstActor="D0N43" name="p60" srcActor="D0N8"/>
            <port dstActor="D0N41" name="p61" srcActor="D0N16"/>
            <port dstActor="D0N24" name="p62" srcActor="D0N16"/>
            <port dstActor="D0N36" name="p63" srcActor="D0N16"/>
            <port dstActor="D0N40" name="p64" srcActor="D0N16"/>
            <port dstActor="D0N32" name="p65" srcActor="D0N16"/>
            <port dstActor="D0N30" name="p66" srcActor="D0N24"/>
            <port dstActor="D0N32" name="p67" srcActor="D0N3"/>
            <port dstActor="D0N17" name="p68" srcActor="D0N3"/>
            <port dstActor="D0N42" name="p69" srcActor="D0N3"/>
            <port dstActor="D0N40" name="p70" srcActor="D0N9"/>
            <port dstActor="D0N45" name="p71" srcActor="D0N9"/>
            <port dstActor="D0N12" name="p72" srcActor="D0N11"/>
            <port dstActor="D0N33" name="p73" srcActor="D0N11"/>
            <port dstActor="D0N35" name="p74" srcActor="D0N14"/>
            <port dstActor="D0N30" name="p75" srcActor="D0N14"/>
            <port dstActor="D0N31" name="p76" srcActor="D0N14"/>
            <port dstActor="D0N29" name="p77" srcActor="D0N14"/>
            <port dstActor="D0N41" name="p78" srcActor="D0N18"/>
            <port dstActor="D0N26" name="p79" srcActor="D0N18"/>
            <port dstActor="D0N44" name="p80" srcActor="D0N34"/>
            <port dstActor="D0N35" name="p81" srcActor="D0N34"/>
            <port dstActor="D0N36" name="p82" srcActor="D0N13"/>
            <port dstActor="D0N18" name="p83" srcActor="D0N13"/>
            <port dstActor="D0N43" name="p84" srcActor="D0N13"/>
            <port dstActor="D0N23" name="p85" srcActor="D0N22"/>
            <port dstActor="D0N31" name="p86" srcActor="D0N22"/>
            <port dstActor="D0N46" name="p87" srcActor="D0N38"/>
            <port dstActor="D0N24" name="p88" srcActor="D0N17"/>
            <port dstActor="D0N39" name="p89" srcActor="D0N17"/>
        </ports>
    </mcdag>
    <cores number="3"/>
    <levels number="2"/>
</mcsystem>
