<?xml version="1.0" encoding="UTF-8" standalone="no"?>
<mcsystem>
    <mcdag deadline="5000" name="genned-0-ed-10.0-0">
        <actor name="D0N4">
            <wcet number="0">190</wcet>
            <wcet number="1">190</wcet>
            <maxpow number="0.6459552875215522"/>
            <maxpow number="0.6459552875215522"/>
            <fprob>0.0</fprob>
        </actor>
        <actor name="D0N13">
            <wcet number="0">30</wcet>
            <wcet number="1">40</wcet>
            <maxpow number="0.2947698283310594"/>
            <maxpow number="0.2947698283310594"/>
            <fprob>0.0</fprob>
        </actor>
        <actor name="D0N3">
            <wcet number="0">40</wcet>
            <wcet number="1">40</wcet>
            <maxpow number="0.4402974266784527"/>
            <maxpow number="0.4402974266784527"/>
            <fprob>0.0</fprob>
        </actor>
        <actor name="D0N0">
            <wcet number="0">20</wcet>
            <wcet number="1">90</wcet>
            <maxpow number="0.4267031218480253"/>
            <maxpow number="0.4267031218480253"/>
            <fprob>0.0</fprob>
        </actor>
        <actor name="D0N1">
            <wcet number="0">260</wcet>
            <wcet number="1">510</wcet>
            <maxpow number="0.4615116675758193"/>
            <maxpow number="0.4615116675758193"/>
            <fprob>0.0</fprob>
        </actor>
        <actor name="D0N22">
            <wcet number="0">200</wcet>
            <wcet number="1">720</wcet>
            <maxpow number="0.336813137956935"/>
            <maxpow number="0.336813137956935"/>
            <fprob>0.0</fprob>
        </actor>
        <actor name="D0N24">
            <wcet number="0">30</wcet>
            <wcet number="1">30</wcet>
            <maxpow number="0.47498970467901713"/>
            <maxpow number="0.47498970467901713"/>
            <fprob>0.0</fprob>
        </actor>
        <actor name="D0N2">
            <wcet number="0">120</wcet>
            <wcet number="1">150</wcet>
            <maxpow number="0.5515777462212468"/>
            <maxpow number="0.5515777462212468"/>
            <fprob>0.0</fprob>
        </actor>
        <actor name="D0N42">
            <wcet number="0">40</wcet>
            <wcet number="1">40</wcet>
            <maxpow number="0.3751166308388058"/>
            <maxpow number="0.3751166308388058"/>
            <fprob>0.0</fprob>
        </actor>
        <actor name="D0N41">
            <wcet number="0">50</wcet>
            <wcet number="1">130</wcet>
            <maxpow number="0.7647098228688253"/>
            <maxpow number="0.7647098228688253"/>
            <fprob>0.0</fprob>
        </actor>
        <actor name="D0N6">
            <wcet number="0">10</wcet>
            <wcet number="1">30</wcet>
            <maxpow number="0.5979500462094434"/>
            <maxpow number="0.5979500462094434"/>
            <fprob>0.0</fprob>
        </actor>
        <actor name="D0N9">
            <wcet number="0">30</wcet>
            <wcet number="1">70</wcet>
            <maxpow number="0.6755082111007709"/>
            <maxpow number="0.6755082111007709"/>
            <fprob>0.0</fprob>
        </actor>
        <actor name="D0N12">
            <wcet number="0">60</wcet>
            <wcet number="1">120</wcet>
            <maxpow number="0.9030068986344586"/>
            <maxpow number="0.9030068986344586"/>
            <fprob>0.0</fprob>
        </actor>
        <actor name="D0N39">
            <wcet number="0">90</wcet>
            <wcet number="1">150</wcet>
            <maxpow number="0.6222270294943946"/>
            <maxpow number="0.6222270294943946"/>
            <fprob>0.0</fprob>
        </actor>
        <actor name="D0N26">
            <wcet number="0">150</wcet>
            <wcet number="1">160</wcet>
            <maxpow number="0.8150907776664391"/>
            <maxpow number="0.8150907776664391"/>
            <fprob>0.0</fprob>
        </actor>
        <actor name="D0N32">
            <wcet number="0">120</wcet>
            <wcet number="1">150</wcet>
            <maxpow number="0.5213002214938554"/>
            <maxpow number="0.5213002214938554"/>
            <fprob>0.0</fprob>
        </actor>
        <actor name="D0N38">
            <wcet number="0">240</wcet>
            <wcet number="1">270</wcet>
            <maxpow number="0.20289640151843696"/>
            <maxpow number="0.20289640151843696"/>
            <fprob>0.0</fprob>
        </actor>
        <actor name="D0N46">
            <wcet number="0">30</wcet>
            <wcet number="1">30</wcet>
            <maxpow number="0.49123858324691394"/>
            <maxpow number="0.49123858324691394"/>
            <fprob>0.0</fprob>
        </actor>
        <actor name="D0N7">
            <wcet number="0">60</wcet>
            <wcet number="1">240</wcet>
            <maxpow number="0.9588763011507133"/>
            <maxpow number="0.9588763011507133"/>
            <fprob>0.0</fprob>
        </actor>
        <actor name="D0N25">
            <wcet number="0">60</wcet>
            <wcet number="1">60</wcet>
            <maxpow number="-0.014475011704002116"/>
            <maxpow number="-0.014475011704002116"/>
            <fprob>0.0</fprob>
        </actor>
        <actor name="D0N10">
            <wcet number="0">150</wcet>
            <wcet number="1">180</wcet>
            <maxpow number="0.5148603899754425"/>
            <maxpow number="0.5148603899754425"/>
            <fprob>0.0</fprob>
        </actor>
        <actor name="D0N29">
            <wcet number="0">220</wcet>
            <wcet number="1">310</wcet>
            <maxpow number="0.8233683330322195"/>
            <maxpow number="0.8233683330322195"/>
            <fprob>0.0</fprob>
        </actor>
        <actor name="D0N36">
            <wcet number="0">40</wcet>
            <wcet number="1">40</wcet>
            <maxpow number="0.4859311960850483"/>
            <maxpow number="0.4859311960850483"/>
            <fprob>0.0</fprob>
        </actor>
        <actor name="D0N45">
            <wcet number="0">340</wcet>
            <wcet number="1">460</wcet>
            <maxpow number="0.5562934297735284"/>
            <maxpow number="0.5562934297735284"/>
            <fprob>0.0</fprob>
        </actor>
        <actor name="D0N17">
            <wcet number="0">110</wcet>
            <wcet number="1">110</wcet>
            <maxpow number="0.41646737825686664"/>
            <maxpow number="0.41646737825686664"/>
            <fprob>0.0</fprob>
        </actor>
        <actor name="D0N48">
            <wcet number="0">160</wcet>
            <wcet number="1">220</wcet>
            <maxpow number="0.7516029906213653"/>
            <maxpow number="0.7516029906213653"/>
            <fprob>0.0</fprob>
        </actor>
        <actor name="D0N14">
            <wcet number="0">30</wcet>
            <wcet number="1">250</wcet>
            <maxpow number="1.0017365333218287"/>
            <maxpow number="1.0017365333218287"/>
            <fprob>0.0</fprob>
        </actor>
        <actor name="D0N43">
            <wcet number="0">180</wcet>
            <wcet number="1">190</wcet>
            <maxpow number="0.5135417511778025"/>
            <maxpow number="0.5135417511778025"/>
            <fprob>0.0</fprob>
        </actor>
        <actor name="D0N16">
            <wcet number="0">300</wcet>
            <wcet number="1">370</wcet>
            <maxpow number="0.43871231794706184"/>
            <maxpow number="0.43871231794706184"/>
            <fprob>0.0</fprob>
        </actor>
        <actor name="D0N40">
            <wcet number="0">150</wcet>
            <wcet number="1">220</wcet>
            <maxpow number="0.5632280225939631"/>
            <maxpow number="0.5632280225939631"/>
            <fprob>0.0</fprob>
        </actor>
        <actor name="D0N27">
            <wcet number="0">130</wcet>
            <wcet number="1">470</wcet>
            <maxpow number="0.28792224433973995"/>
            <maxpow number="0.28792224433973995"/>
            <fprob>0.0</fprob>
        </actor>
        <actor name="D0N33">
            <wcet number="0">20</wcet>
            <wcet number="1">110</wcet>
            <maxpow number="0.5764789936287661"/>
            <maxpow number="0.5764789936287661"/>
            <fprob>0.0</fprob>
        </actor>
        <actor name="D0N47">
            <wcet number="0">40</wcet>
            <wcet number="1">60</wcet>
            <maxpow number="0.682742769535033"/>
            <maxpow number="0.682742769535033"/>
            <fprob>0.0</fprob>
        </actor>
        <actor name="D0N19">
            <wcet number="0">270</wcet>
            <wcet number="1">300</wcet>
            <maxpow number="0.19706173517241504"/>
            <maxpow number="0.19706173517241504"/>
            <fprob>0.0</fprob>
        </actor>
        <actor name="D0N23">
            <wcet number="0">170</wcet>
            <wcet number="1">290</wcet>
            <maxpow number="0.6155515817159196"/>
            <maxpow number="0.6155515817159196"/>
            <fprob>0.0</fprob>
        </actor>
        <actor name="D0N21">
            <wcet number="0">80</wcet>
            <wcet number="1">200</wcet>
            <maxpow number="0.4327419637175317"/>
            <maxpow number="0.4327419637175317"/>
            <fprob>0.0</fprob>
        </actor>
        <actor name="D0N30">
            <wcet number="0">140</wcet>
            <wcet number="1">160</wcet>
            <maxpow number="0.5000656719243564"/>
            <maxpow number="0.5000656719243564"/>
            <fprob>0.0</fprob>
        </actor>
        <actor name="D0N34">
            <wcet number="0">450</wcet>
            <wcet number="1">520</wcet>
            <maxpow number="0.8507288007189999"/>
            <maxpow number="0.8507288007189999"/>
            <fprob>0.0</fprob>
        </actor>
        <actor name="D0N5">
            <wcet number="0">80</wcet>
            <wcet number="1">140</wcet>
            <maxpow number="0.380578425146512"/>
            <maxpow number="0.380578425146512"/>
            <fprob>0.0</fprob>
        </actor>
        <actor name="D0N18">
            <wcet number="0">40</wcet>
            <wcet number="1">200</wcet>
            <maxpow number="0.5520104177836466"/>
            <maxpow number="0.5520104177836466"/>
            <fprob>0.0</fprob>
        </actor>
        <actor name="D0N15">
            <wcet number="0">20</wcet>
            <wcet number="1">40</wcet>
            <maxpow number="0.5454783968612059"/>
            <maxpow number="0.5454783968612059"/>
            <fprob>0.0</fprob>
        </actor>
        <actor name="D0N44">
            <wcet number="0">480</wcet>
            <wcet number="1">580</wcet>
            <maxpow number="0.6398069213431371"/>
            <maxpow number="0.6398069213431371"/>
            <fprob>0.0</fprob>
        </actor>
        <actor name="D0N11">
            <wcet number="0">20</wcet>
            <wcet number="1">20</wcet>
            <maxpow number="0.47812323030179915"/>
            <maxpow number="0.47812323030179915"/>
            <fprob>0.0</fprob>
        </actor>
        <actor name="D0N20">
            <wcet number="0">330</wcet>
            <wcet number="1">590</wcet>
            <maxpow number="0.5920790982620192"/>
            <maxpow number="0.5920790982620192"/>
            <fprob>0.0</fprob>
        </actor>
        <actor name="D0N31">
            <wcet number="0">20</wcet>
            <wcet number="1">20</wcet>
            <maxpow number="0.3413683510750506"/>
            <maxpow number="0.3413683510750506"/>
            <fprob>0.0</fprob>
        </actor>
        <actor name="D0N35">
            <wcet number="0">40</wcet>
            <wcet number="1">40</wcet>
            <maxpow number="0.5792156265444166"/>
            <maxpow number="0.5792156265444166"/>
            <fprob>0.0</fprob>
        </actor>
        <actor name="D0N8">
            <wcet number="0">120</wcet>
            <wcet number="1">400</wcet>
            <maxpow number="0.6694642719801387"/>
            <maxpow number="0.6694642719801387"/>
            <fprob>0.0</fprob>
        </actor>
        <actor name="D0N28">
            <wcet number="0">10</wcet>
            <wcet number="1">40</wcet>
            <maxpow number="0.5276185258639003"/>
            <maxpow number="0.5276185258639003"/>
            <fprob>0.0</fprob>
        </actor>
        <actor name="D0N37">
            <wcet number="0">130</wcet>
            <wcet number="1">250</wcet>
            <maxpow number="0.46983089579988746"/>
            <maxpow number="0.46983089579988746"/>
            <fprob>0.0</fprob>
        </actor>
        <ports>
            <port dstActor="D0N16" name="p0" srcActor="D0N4"/>
            <port dstActor="D0N17" name="p1" srcActor="D0N4"/>
            <port dstActor="D0N44" name="p2" srcActor="D0N4"/>
            <port dstActor="D0N38" name="p3" srcActor="D0N4"/>
            <port dstActor="D0N40" name="p4" srcActor="D0N4"/>
            <port dstActor="D0N40" name="p5" srcActor="D0N13"/>
            <port dstActor="D0N45" name="p6" srcActor="D0N13"/>
            <port dstActor="D0N39" name="p7" srcActor="D0N13"/>
            <port dstActor="D0N33" name="p8" srcActor="D0N13"/>
            <port dstActor="D0N36" name="p9" srcActor="D0N13"/>
            <port dstActor="D0N12" name="p10" srcActor="D0N3"/>
            <port dstActor="D0N42" name="p11" srcActor="D0N3"/>
            <port dstActor="D0N48" name="p12" srcActor="D0N3"/>
            <port dstActor="D0N44" name="p13" srcActor="D0N3"/>
            <port dstActor="D0N17" name="p14" srcActor="D0N3"/>
            <port dstActor="D0N11" name="p15" srcActor="D0N0"/>
            <port dstActor="D0N14" name="p16" srcActor="D0N0"/>
            <port dstActor="D0N5" name="p17" srcActor="D0N0"/>
            <port dstActor="D0N16" name="p18" srcActor="D0N0"/>
            <port dstActor="D0N27" name="p19" srcActor="D0N0"/>
            <port dstActor="D0N35" name="p20" srcActor="D0N0"/>
            <port dstActor="D0N10" name="p21" srcActor="D0N1"/>
            <port dstActor="D0N35" name="p22" srcActor="D0N1"/>
            <port dstActor="D0N26" name="p23" srcActor="D0N22"/>
            <port dstActor="D0N40" name="p24" srcActor="D0N24"/>
            <port dstActor="D0N29" name="p25" srcActor="D0N24"/>
            <port dstActor="D0N47" name="p26" srcActor="D0N24"/>
            <port dstActor="D0N30" name="p27" srcActor="D0N24"/>
            <port dstActor="D0N4" name="p28" srcActor="D0N2"/>
            <port dstActor="D0N48" name="p29" srcActor="D0N2"/>
            <port dstActor="D0N10" name="p30" srcActor="D0N2"/>
            <port dstActor="D0N45" name="p31" srcActor="D0N2"/>
            <port dstActor="D0N28" name="p32" srcActor="D0N2"/>
            <port dstActor="D0N25" name="p33" srcActor="D0N2"/>
            <port dstActor="D0N37" name="p34" srcActor="D0N2"/>
            <port dstActor="D0N24" name="p35" srcActor="D0N6"/>
            <port dstActor="D0N37" name="p36" srcActor="D0N6"/>
            <port dstActor="D0N48" name="p37" srcActor="D0N6"/>
            <port dstActor="D0N25" name="p38" srcActor="D0N9"/>
            <port dstActor="D0N19" name="p39" srcActor="D0N9"/>
            <port dstActor="D0N22" name="p40" srcActor="D0N9"/>
            <port dstActor="D0N15" name="p41" srcActor="D0N12"/>
            <port dstActor="D0N33" name="p42" srcActor="D0N12"/>
            <port dstActor="D0N45" name="p43" srcActor="D0N12"/>
            <port dstActor="D0N35" name="p44" srcActor="D0N12"/>
            <port dstActor="D0N25" name="p45" srcActor="D0N12"/>
            <port dstActor="D0N24" name="p46" srcActor="D0N12"/>
            <port dstActor="D0N40" name="p47" srcActor="D0N12"/>
            <port dstActor="D0N41" name="p48" srcActor="D0N39"/>
            <port dstActor="D0N44" name="p49" srcActor="D0N26"/>
            <port dstActor="D0N31" name="p50" srcActor="D0N26"/>
            <port dstActor="D0N34" name="p51" srcActor="D0N26"/>
            <port dstActor="D0N42" name="p52" srcActor="D0N32"/>
            <port dstActor="D0N34" name="p53" srcActor="D0N32"/>
            <port dstActor="D0N37" name="p54" srcActor="D0N7"/>
            <port dstActor="D0N10" name="p55" srcActor="D0N7"/>
            <port dstActor="D0N46" name="p56" srcActor="D0N7"/>
            <port dstActor="D0N28" name="p57" srcActor="D0N7"/>
            <port dstActor="D0N42" name="p58" srcActor="D0N25"/>
            <port dstActor="D0N39" name="p59" srcActor="D0N25"/>
            <port dstActor="D0N40" name="p60" srcActor="D0N10"/>
            <port dstActor="D0N44" name="p61" srcActor="D0N10"/>
            <port dstActor="D0N27" name="p62" srcActor="D0N10"/>
            <port dstActor="D0N33" name="p63" srcActor="D0N10"/>
            <port dstActor="D0N45" name="p64" srcActor="D0N10"/>
            <port dstActor="D0N26" name="p65" srcActor="D0N10"/>
            <port dstActor="D0N14" name="p66" srcActor="D0N10"/>
            <port dstActor="D0N34" name="p67" srcActor="D0N29"/>
            <port dstActor="D0N45" name="p68" srcActor="D0N29"/>
            <port dstActor="D0N46" name="p69" srcActor="D0N36"/>
            <port dstActor="D0N40" name="p70" srcActor="D0N36"/>
            <port dstActor="D0N46" name="p71" srcActor="D0N45"/>
            <port dstActor="D0N27" name="p72" srcActor="D0N17"/>
            <port dstActor="D0N45" name="p73" srcActor="D0N17"/>
            <port dstActor="D0N39" name="p74" srcActor="D0N17"/>
            <port dstActor="D0N42" name="p75" srcActor="D0N17"/>
            <port dstActor="D0N20" name="p76" srcActor="D0N17"/>
            <port dstActor="D0N19" name="p77" srcActor="D0N14"/>
            <port dstActor="D0N16" name="p78" srcActor="D0N14"/>
            <port dstActor="D0N18" name="p79" srcActor="D0N14"/>
            <port dstActor="D0N20" name="p80" srcActor="D0N14"/>
            <port dstActor="D0N26" name="p81" srcActor="D0N16"/>
            <port dstActor="D0N43" name="p82" srcActor="D0N16"/>
            <port dstActor="D0N39" name="p83" srcActor="D0N16"/>
            <port dstActor="D0N18" name="p84" srcActor="D0N16"/>
            <port dstActor="D0N45" name="p85" srcActor="D0N16"/>
            <port dstActor="D0N22" name="p86" srcActor="D0N16"/>
            <port dstActor="D0N48" name="p87" srcActor="D0N40"/>
            <port dstActor="D0N48" name="p88" srcActor="D0N27"/>
            <port dstActor="D0N47" name="p89" srcActor="D0N33"/>
            <port dstActor="D0N25" name="p90" srcActor="D0N19"/>
            <port dstActor="D0N23" name="p91" srcActor="D0N19"/>
            <port dstActor="D0N20" name="p92" srcActor="D0N19"/>
            <port dstActor="D0N43" name="p93" srcActor="D0N23"/>
            <port dstActor="D0N39" name="p94" srcActor="D0N23"/>
            <port dstActor="D0N43" name="p95" srcActor="D0N21"/>
            <port dstActor="D0N26" name="p96" srcActor="D0N21"/>
            <port dstActor="D0N36" name="p97" srcActor="D0N30"/>
            <port dstActor="D0N48" name="p98" srcActor="D0N34"/>
            <port dstActor="D0N25" name="p99" srcActor="D0N5"/>
            <port dstActor="D0N7" name="p100" srcActor="D0N5"/>
            <port dstActor="D0N29" name="p101" srcActor="D0N5"/>
            <port dstActor="D0N21" name="p102" srcActor="D0N18"/>
            <port dstActor="D0N29" name="p103" srcActor="D0N18"/>
            <port dstActor="D0N28" name="p104" srcActor="D0N15"/>
            <port dstActor="D0N33" name="p105" srcActor="D0N15"/>
            <port dstActor="D0N26" name="p106" srcActor="D0N11"/>
            <port dstActor="D0N17" name="p107" srcActor="D0N11"/>
            <port dstActor="D0N38" name="p108" srcActor="D0N20"/>
            <port dstActor="D0N36" name="p109" srcActor="D0N31"/>
            <port dstActor="D0N39" name="p110" srcActor="D0N31"/>
            <port dstActor="D0N42" name="p111" srcActor="D0N35"/>
            <port dstActor="D0N32" name="p112" srcActor="D0N8"/>
            <port dstActor="D0N36" name="p113" srcActor="D0N8"/>
            <port dstActor="D0N37" name="p114" srcActor="D0N8"/>
            <port dstActor="D0N40" name="p115" srcActor="D0N28"/>
            <port dstActor="D0N46" name="p116" srcActor="D0N37"/>
        </ports>
    </mcdag>
    <cores number="2"/>
    <levels number="2"/>
</mcsystem>
