<?xml version="1.0" encoding="UTF-8" standalone="no"?>
<mcsystem>
    <mcdag deadline="1200" name="genned-0-ed-10.0-0">
        <actor name="D0N26">
            <wcet number="0">20</wcet>
            <wcet number="1">20</wcet>
            <maxpow number="0.6308274963498008"/>
            <maxpow number="0.6308274963498008"/>
            <fprob>0.0</fprob>
        </actor>
        <actor name="D0N32">
            <wcet number="0">120</wcet>
            <wcet number="1">120</wcet>
            <maxpow number="0.17653815304426274"/>
            <maxpow number="0.17653815304426274"/>
            <fprob>0.0</fprob>
        </actor>
        <actor name="D0N34">
            <wcet number="0">10</wcet>
            <wcet number="1">20</wcet>
            <maxpow number="0.3292301336781379"/>
            <maxpow number="0.3292301336781379"/>
            <fprob>0.0</fprob>
        </actor>
        <actor name="D0N17">
            <wcet number="0">10</wcet>
            <wcet number="1">20</wcet>
            <maxpow number="0.18560823392818443"/>
            <maxpow number="0.18560823392818443"/>
            <fprob>0.0</fprob>
        </actor>
        <actor name="D0N44">
            <wcet number="0">10</wcet>
            <wcet number="1">10</wcet>
            <maxpow number="0.4753894341773194"/>
            <maxpow number="0.4753894341773194"/>
            <fprob>0.0</fprob>
        </actor>
        <actor name="D0N12">
            <wcet number="0">40</wcet>
            <wcet number="1">70</wcet>
            <maxpow number="0.2253344860439478"/>
            <maxpow number="0.2253344860439478"/>
            <fprob>0.0</fprob>
        </actor>
        <actor name="D0N36">
            <wcet number="0">40</wcet>
            <wcet number="1">70</wcet>
            <maxpow number="0.6488453280613284"/>
            <maxpow number="0.6488453280613284"/>
            <fprob>0.0</fprob>
        </actor>
        <actor name="D0N37">
            <wcet number="0">30</wcet>
            <wcet number="1">60</wcet>
            <maxpow number="0.718566647714584"/>
            <maxpow number="0.718566647714584"/>
            <fprob>0.0</fprob>
        </actor>
        <actor name="D0N0">
            <wcet number="0">40</wcet>
            <wcet number="1">70</wcet>
            <maxpow number="0.4630364427850807"/>
            <maxpow number="0.4630364427850807"/>
            <fprob>0.0</fprob>
        </actor>
        <actor name="D0N2">
            <wcet number="0">30</wcet>
            <wcet number="1">30</wcet>
            <maxpow number="0.4704304335116678"/>
            <maxpow number="0.4704304335116678"/>
            <fprob>0.0</fprob>
        </actor>
        <actor name="D0N30">
            <wcet number="0">30</wcet>
            <wcet number="1">120</wcet>
            <maxpow number="0.3910765680378979"/>
            <maxpow number="0.3910765680378979"/>
            <fprob>0.0</fprob>
        </actor>
        <actor name="D0N4">
            <wcet number="0">20</wcet>
            <wcet number="1">30</wcet>
            <maxpow number="0.756772332824189"/>
            <maxpow number="0.756772332824189"/>
            <fprob>0.0</fprob>
        </actor>
        <actor name="D0N9">
            <wcet number="0">10</wcet>
            <wcet number="1">10</wcet>
            <maxpow number="0.9156026613190249"/>
            <maxpow number="0.9156026613190249"/>
            <fprob>0.0</fprob>
        </actor>
        <actor name="D0N14">
            <wcet number="0">60</wcet>
            <wcet number="1">110</wcet>
            <maxpow number="0.6216644139275489"/>
            <maxpow number="0.6216644139275489"/>
            <fprob>0.0</fprob>
        </actor>
        <actor name="D0N6">
            <wcet number="0">40</wcet>
            <wcet number="1">110</wcet>
            <maxpow number="0.5549609501267323"/>
            <maxpow number="0.5549609501267323"/>
            <fprob>0.0</fprob>
        </actor>
        <actor name="D0N19">
            <wcet number="0">30</wcet>
            <wcet number="1">160</wcet>
            <maxpow number="0.18081459259073374"/>
            <maxpow number="0.18081459259073374"/>
            <fprob>0.0</fprob>
        </actor>
        <actor name="D0N15">
            <wcet number="0">10</wcet>
            <wcet number="1">20</wcet>
            <maxpow number="0.3225099415089136"/>
            <maxpow number="0.3225099415089136"/>
            <fprob>0.0</fprob>
        </actor>
        <actor name="D0N40">
            <wcet number="0">10</wcet>
            <wcet number="1">140</wcet>
            <maxpow number="1.0631403563616653"/>
            <maxpow number="1.0631403563616653"/>
            <fprob>0.0</fprob>
        </actor>
        <actor name="D0N35">
            <wcet number="0">40</wcet>
            <wcet number="1">50</wcet>
            <maxpow number="0.6919723334747842"/>
            <maxpow number="0.6919723334747842"/>
            <fprob>0.0</fprob>
        </actor>
        <actor name="D0N10">
            <wcet number="0">10</wcet>
            <wcet number="1">70</wcet>
            <maxpow number="0.4951219598571992"/>
            <maxpow number="0.4951219598571992"/>
            <fprob>0.0</fprob>
        </actor>
        <actor name="D0N31">
            <wcet number="0">20</wcet>
            <wcet number="1">30</wcet>
            <maxpow number="0.6848069966112162"/>
            <maxpow number="0.6848069966112162"/>
            <fprob>0.0</fprob>
        </actor>
        <actor name="D0N7">
            <wcet number="0">80</wcet>
            <wcet number="1">110</wcet>
            <maxpow number="0.7541525770842983"/>
            <maxpow number="0.7541525770842983"/>
            <fprob>0.0</fprob>
        </actor>
        <actor name="D0N8">
            <wcet number="0">30</wcet>
            <wcet number="1">40</wcet>
            <maxpow number="0.6363494671594764"/>
            <maxpow number="0.6363494671594764"/>
            <fprob>0.0</fprob>
        </actor>
        <actor name="D0N11">
            <wcet number="0">70</wcet>
            <wcet number="1">120</wcet>
            <maxpow number="0.6278495144252232"/>
            <maxpow number="0.6278495144252232"/>
            <fprob>0.0</fprob>
        </actor>
        <actor name="D0N3">
            <wcet number="0">30</wcet>
            <wcet number="1">30</wcet>
            <maxpow number="1.0212600836447265"/>
            <maxpow number="1.0212600836447265"/>
            <fprob>0.0</fprob>
        </actor>
        <actor name="D0N43">
            <wcet number="0">10</wcet>
            <wcet number="1">200</wcet>
            <maxpow number="0.487097857912773"/>
            <maxpow number="0.487097857912773"/>
            <fprob>0.0</fprob>
        </actor>
        <actor name="D0N22">
            <wcet number="0">50</wcet>
            <wcet number="1">50</wcet>
            <maxpow number="0.5022137397250666"/>
            <maxpow number="0.5022137397250666"/>
            <fprob>0.0</fprob>
        </actor>
        <actor name="D0N1">
            <wcet number="0">50</wcet>
            <wcet number="1">230</wcet>
            <maxpow number="0.5854076381987823"/>
            <maxpow number="0.5854076381987823"/>
            <fprob>0.0</fprob>
        </actor>
        <actor name="D0N33">
            <wcet number="0">70</wcet>
            <wcet number="1">70</wcet>
            <maxpow number="0.6110970140748798"/>
            <maxpow number="0.6110970140748798"/>
            <fprob>0.0</fprob>
        </actor>
        <actor name="D0N21">
            <wcet number="0">100</wcet>
            <wcet number="1">140</wcet>
            <maxpow number="0.016658720829297646"/>
            <maxpow number="0.016658720829297646"/>
            <fprob>0.0</fprob>
        </actor>
        <actor name="D0N18">
            <wcet number="0">20</wcet>
            <wcet number="1">20</wcet>
            <maxpow number="0.7452190509182127"/>
            <maxpow number="0.7452190509182127"/>
            <fprob>0.0</fprob>
        </actor>
        <actor name="D0N27">
            <wcet number="0">20</wcet>
            <wcet number="1">30</wcet>
            <maxpow number="0.3823460223748031"/>
            <maxpow number="0.3823460223748031"/>
            <fprob>0.0</fprob>
        </actor>
        <actor name="D0N16">
            <wcet number="0">30</wcet>
            <wcet number="1">50</wcet>
            <maxpow number="0.7275363238883792"/>
            <maxpow number="0.7275363238883792"/>
            <fprob>0.0</fprob>
        </actor>
        <actor name="D0N39">
            <wcet number="0">20</wcet>
            <wcet number="1">20</wcet>
            <maxpow number="0.6352683543259479"/>
            <maxpow number="0.6352683543259479"/>
            <fprob>0.0</fprob>
        </actor>
        <actor name="D0N29">
            <wcet number="0">10</wcet>
            <wcet number="1">10</wcet>
            <maxpow number="0.5128883087621701"/>
            <maxpow number="0.5128883087621701"/>
            <fprob>0.0</fprob>
        </actor>
        <actor name="D0N41">
            <wcet number="0">20</wcet>
            <wcet number="1">50</wcet>
            <maxpow number="0.5695264931390303"/>
            <maxpow number="0.5695264931390303"/>
            <fprob>0.0</fprob>
        </actor>
        <actor name="D0N20">
            <wcet number="0">100</wcet>
            <wcet number="1">110</wcet>
            <maxpow number="0.3536812752823618"/>
            <maxpow number="0.3536812752823618"/>
            <fprob>0.0</fprob>
        </actor>
        <actor name="D0N28">
            <wcet number="0">10</wcet>
            <wcet number="1">50</wcet>
            <maxpow number="0.5354041879345693"/>
            <maxpow number="0.5354041879345693"/>
            <fprob>0.0</fprob>
        </actor>
        <actor name="D0N42">
            <wcet number="0">20</wcet>
            <wcet number="1">20</wcet>
            <maxpow number="0.5809277462276673"/>
            <maxpow number="0.5809277462276673"/>
            <fprob>0.0</fprob>
        </actor>
        <actor name="D0N23">
            <wcet number="0">60</wcet>
            <wcet number="1">70</wcet>
            <maxpow number="0.22679803202806087"/>
            <maxpow number="0.22679803202806087"/>
            <fprob>0.0</fprob>
        </actor>
        <actor name="D0N13">
            <wcet number="0">80</wcet>
            <wcet number="1">160</wcet>
            <maxpow number="0.47665703960828326"/>
            <maxpow number="0.47665703960828326"/>
            <fprob>0.0</fprob>
        </actor>
        <actor name="D0N38">
            <wcet number="0">10</wcet>
            <wcet number="1">30</wcet>
            <maxpow number="0.429727332260176"/>
            <maxpow number="0.429727332260176"/>
            <fprob>0.0</fprob>
        </actor>
        <actor name="D0N24">
            <wcet number="0">60</wcet>
            <wcet number="1">70</wcet>
            <maxpow number="0.2084080720546964"/>
            <maxpow number="0.2084080720546964"/>
            <fprob>0.0</fprob>
        </actor>
        <actor name="D0N5">
            <wcet number="0">10</wcet>
            <wcet number="1">30</wcet>
            <maxpow number="0.3617981378701075"/>
            <maxpow number="0.3617981378701075"/>
            <fprob>0.0</fprob>
        </actor>
        <actor name="D0N25">
            <wcet number="0">30</wcet>
            <wcet number="1">70</wcet>
            <maxpow number="0.4774124062663274"/>
            <maxpow number="0.4774124062663274"/>
            <fprob>0.0</fprob>
        </actor>
        <ports>
            <port dstActor="D0N30" name="p0" srcActor="D0N26"/>
            <port dstActor="D0N40" name="p1" srcActor="D0N26"/>
            <port dstActor="D0N37" name="p2" srcActor="D0N26"/>
            <port dstActor="D0N36" name="p3" srcActor="D0N26"/>
            <port dstActor="D0N28" name="p4" srcActor="D0N26"/>
            <port dstActor="D0N33" name="p5" srcActor="D0N32"/>
            <port dstActor="D0N38" name="p6" srcActor="D0N17"/>
            <port dstActor="D0N23" name="p7" srcActor="D0N17"/>
            <port dstActor="D0N32" name="p8" srcActor="D0N12"/>
            <port dstActor="D0N39" name="p9" srcActor="D0N12"/>
            <port dstActor="D0N24" name="p10" srcActor="D0N0"/>
            <port dstActor="D0N31" name="p11" srcActor="D0N0"/>
            <port dstActor="D0N44" name="p12" srcActor="D0N2"/>
            <port dstActor="D0N29" name="p13" srcActor="D0N2"/>
            <port dstActor="D0N41" name="p14" srcActor="D0N2"/>
            <port dstActor="D0N14" name="p15" srcActor="D0N2"/>
            <port dstActor="D0N37" name="p16" srcActor="D0N2"/>
            <port dstActor="D0N12" name="p17" srcActor="D0N2"/>
            <port dstActor="D0N38" name="p18" srcActor="D0N2"/>
            <port dstActor="D0N35" name="p19" srcActor="D0N30"/>
            <port dstActor="D0N31" name="p20" srcActor="D0N30"/>
            <port dstActor="D0N23" name="p21" srcActor="D0N4"/>
            <port dstActor="D0N5" name="p22" srcActor="D0N4"/>
            <port dstActor="D0N17" name="p23" srcActor="D0N4"/>
            <port dstActor="D0N24" name="p24" srcActor="D0N4"/>
            <port dstActor="D0N20" name="p25" srcActor="D0N9"/>
            <port dstActor="D0N16" name="p26" srcActor="D0N9"/>
            <port dstActor="D0N38" name="p27" srcActor="D0N9"/>
            <port dstActor="D0N12" name="p28" srcActor="D0N9"/>
            <port dstActor="D0N30" name="p29" srcActor="D0N9"/>
            <port dstActor="D0N16" name="p30" srcActor="D0N14"/>
            <port dstActor="D0N42" name="p31" srcActor="D0N14"/>
            <port dstActor="D0N21" name="p32" srcActor="D0N6"/>
            <port dstActor="D0N7" name="p33" srcActor="D0N6"/>
            <port dstActor="D0N40" name="p34" srcActor="D0N6"/>
            <port dstActor="D0N33" name="p35" srcActor="D0N6"/>
            <port dstActor="D0N19" name="p36" srcActor="D0N6"/>
            <port dstActor="D0N25" name="p37" srcActor="D0N19"/>
            <port dstActor="D0N43" name="p38" srcActor="D0N19"/>
            <port dstActor="D0N26" name="p39" srcActor="D0N19"/>
            <port dstActor="D0N34" name="p40" srcActor="D0N19"/>
            <port dstActor="D0N23" name="p41" srcActor="D0N19"/>
            <port dstActor="D0N25" name="p42" srcActor="D0N15"/>
            <port dstActor="D0N42" name="p43" srcActor="D0N15"/>
            <port dstActor="D0N32" name="p44" srcActor="D0N15"/>
            <port dstActor="D0N41" name="p45" srcActor="D0N35"/>
            <port dstActor="D0N12" name="p46" srcActor="D0N10"/>
            <port dstActor="D0N36" name="p47" srcActor="D0N10"/>
            <port dstActor="D0N29" name="p48" srcActor="D0N10"/>
            <port dstActor="D0N40" name="p49" srcActor="D0N10"/>
            <port dstActor="D0N33" name="p50" srcActor="D0N31"/>
            <port dstActor="D0N40" name="p51" srcActor="D0N7"/>
            <port dstActor="D0N32" name="p52" srcActor="D0N7"/>
            <port dstActor="D0N35" name="p53" srcActor="D0N8"/>
            <port dstActor="D0N38" name="p54" srcActor="D0N8"/>
            <port dstActor="D0N30" name="p55" srcActor="D0N8"/>
            <port dstActor="D0N36" name="p56" srcActor="D0N8"/>
            <port dstActor="D0N38" name="p57" srcActor="D0N11"/>
            <port dstActor="D0N36" name="p58" srcActor="D0N11"/>
            <port dstActor="D0N18" name="p59" srcActor="D0N3"/>
            <port dstActor="D0N28" name="p60" srcActor="D0N3"/>
            <port dstActor="D0N35" name="p61" srcActor="D0N3"/>
            <port dstActor="D0N11" name="p62" srcActor="D0N3"/>
            <port dstActor="D0N43" name="p63" srcActor="D0N3"/>
            <port dstActor="D0N44" name="p64" srcActor="D0N43"/>
            <port dstActor="D0N35" name="p65" srcActor="D0N22"/>
            <port dstActor="D0N31" name="p66" srcActor="D0N22"/>
            <port dstActor="D0N24" name="p67" srcActor="D0N22"/>
            <port dstActor="D0N8" name="p68" srcActor="D0N1"/>
            <port dstActor="D0N37" name="p69" srcActor="D0N1"/>
            <port dstActor="D0N25" name="p70" srcActor="D0N1"/>
            <port dstActor="D0N35" name="p71" srcActor="D0N1"/>
            <port dstActor="D0N34" name="p72" srcActor="D0N1"/>
            <port dstActor="D0N42" name="p73" srcActor="D0N33"/>
            <port dstActor="D0N43" name="p74" srcActor="D0N21"/>
            <port dstActor="D0N34" name="p75" srcActor="D0N18"/>
            <port dstActor="D0N43" name="p76" srcActor="D0N27"/>
            <port dstActor="D0N28" name="p77" srcActor="D0N16"/>
            <port dstActor="D0N33" name="p78" srcActor="D0N29"/>
            <port dstActor="D0N25" name="p79" srcActor="D0N20"/>
            <port dstActor="D0N36" name="p80" srcActor="D0N20"/>
            <port dstActor="D0N34" name="p81" srcActor="D0N20"/>
            <port dstActor="D0N21" name="p82" srcActor="D0N20"/>
            <port dstActor="D0N39" name="p83" srcActor="D0N20"/>
            <port dstActor="D0N42" name="p84" srcActor="D0N28"/>
            <port dstActor="D0N40" name="p85" srcActor="D0N28"/>
            <port dstActor="D0N43" name="p86" srcActor="D0N42"/>
            <port dstActor="D0N25" name="p87" srcActor="D0N23"/>
            <port dstActor="D0N38" name="p88" srcActor="D0N23"/>
            <port dstActor="D0N29" name="p89" srcActor="D0N23"/>
            <port dstActor="D0N24" name="p90" srcActor="D0N13"/>
            <port dstActor="D0N39" name="p91" srcActor="D0N13"/>
            <port dstActor="D0N39" name="p92" srcActor="D0N38"/>
            <port dstActor="D0N31" name="p93" srcActor="D0N24"/>
            <port dstActor="D0N26" name="p94" srcActor="D0N5"/>
            <port dstActor="D0N8" name="p95" srcActor="D0N5"/>
            <port dstActor="D0N10" name="p96" srcActor="D0N5"/>
            <port dstActor="D0N29" name="p97" srcActor="D0N25"/>
            <port dstActor="D0N36" name="p98" srcActor="D0N25"/>
            <port dstActor="D0N26" name="p99" srcActor="D0N25"/>
            <port dstActor="D0N38" name="p100" srcActor="D0N25"/>
            <port dstActor="D0N44" name="p101" srcActor="D0N25"/>
        </ports>
    </mcdag>
    <cores number="3"/>
    <levels number="2"/>
</mcsystem>
