<?xml version="1.0" encoding="UTF-8" standalone="no"?>
<mcsystem>
    <mcdag deadline="1500" name="genned-0-ed-10.0-0">
        <actor name="D0N6">
            <wcet number="0">20</wcet>
            <wcet number="1">60</wcet>
            <maxpow number="0.7927359643376858"/>
            <maxpow number="0.7927359643376858"/>
            <fprob>0.0</fprob>
        </actor>
        <actor name="D0N21">
            <wcet number="0">10</wcet>
            <wcet number="1">30</wcet>
            <maxpow number="0.5221005134180814"/>
            <maxpow number="0.5221005134180814"/>
            <fprob>0.0</fprob>
        </actor>
        <actor name="D0N7">
            <wcet number="0">30</wcet>
            <wcet number="1">50</wcet>
            <maxpow number="0.5371125414805463"/>
            <maxpow number="0.5371125414805463"/>
            <fprob>0.0</fprob>
        </actor>
        <actor name="D0N40">
            <wcet number="0">10</wcet>
            <wcet number="1">10</wcet>
            <maxpow number="0.8337528348423537"/>
            <maxpow number="0.8337528348423537"/>
            <fprob>0.0</fprob>
        </actor>
        <actor name="D0N5">
            <wcet number="0">20</wcet>
            <wcet number="1">60</wcet>
            <maxpow number="0.19321783875637039"/>
            <maxpow number="0.19321783875637039"/>
            <fprob>0.0</fprob>
        </actor>
        <actor name="D0N22">
            <wcet number="0">30</wcet>
            <wcet number="1">40</wcet>
            <maxpow number="0.39644835120515776"/>
            <maxpow number="0.39644835120515776"/>
            <fprob>0.0</fprob>
        </actor>
        <actor name="D0N31">
            <wcet number="0">20</wcet>
            <wcet number="1">60</wcet>
            <maxpow number="0.25435504741362625"/>
            <maxpow number="0.25435504741362625"/>
            <fprob>0.0</fprob>
        </actor>
        <actor name="D0N16">
            <wcet number="0">40</wcet>
            <wcet number="1">40</wcet>
            <maxpow number="0.30453636380689375"/>
            <maxpow number="0.30453636380689375"/>
            <fprob>0.0</fprob>
        </actor>
        <actor name="D0N27">
            <wcet number="0">70</wcet>
            <wcet number="1">80</wcet>
            <maxpow number="0.37737650251952654"/>
            <maxpow number="0.37737650251952654"/>
            <fprob>0.0</fprob>
        </actor>
        <actor name="D0N28">
            <wcet number="0">10</wcet>
            <wcet number="1">10</wcet>
            <maxpow number="0.7480689299661046"/>
            <maxpow number="0.7480689299661046"/>
            <fprob>0.0</fprob>
        </actor>
        <actor name="D0N29">
            <wcet number="0">180</wcet>
            <wcet number="1">260</wcet>
            <maxpow number="0.6693682375726936"/>
            <maxpow number="0.6693682375726936"/>
            <fprob>0.0</fprob>
        </actor>
        <actor name="D0N10">
            <wcet number="0">70</wcet>
            <wcet number="1">170</wcet>
            <maxpow number="0.6379332666781681"/>
            <maxpow number="0.6379332666781681"/>
            <fprob>0.0</fprob>
        </actor>
        <actor name="D0N39">
            <wcet number="0">90</wcet>
            <wcet number="1">100</wcet>
            <maxpow number="0.735175041768094"/>
            <maxpow number="0.735175041768094"/>
            <fprob>0.0</fprob>
        </actor>
        <actor name="D0N19">
            <wcet number="0">50</wcet>
            <wcet number="1">50</wcet>
            <maxpow number="0.4932676144724052"/>
            <maxpow number="0.4932676144724052"/>
            <fprob>0.0</fprob>
        </actor>
        <actor name="D0N18">
            <wcet number="0">10</wcet>
            <wcet number="1">190</wcet>
            <maxpow number="0.40893214103852826"/>
            <maxpow number="0.40893214103852826"/>
            <fprob>0.0</fprob>
        </actor>
        <actor name="D0N43">
            <wcet number="0">20</wcet>
            <wcet number="1">30</wcet>
            <maxpow number="0.319623829038179"/>
            <maxpow number="0.319623829038179"/>
            <fprob>0.0</fprob>
        </actor>
        <actor name="D0N17">
            <wcet number="0">10</wcet>
            <wcet number="1">10</wcet>
            <maxpow number="0.6134579051214923"/>
            <maxpow number="0.6134579051214923"/>
            <fprob>0.0</fprob>
        </actor>
        <actor name="D0N20">
            <wcet number="0">50</wcet>
            <wcet number="1">50</wcet>
            <maxpow number="0.6970910831487633"/>
            <maxpow number="0.6970910831487633"/>
            <fprob>0.0</fprob>
        </actor>
        <actor name="D0N26">
            <wcet number="0">20</wcet>
            <wcet number="1">50</wcet>
            <maxpow number="0.645824474935283"/>
            <maxpow number="0.645824474935283"/>
            <fprob>0.0</fprob>
        </actor>
        <actor name="D0N8">
            <wcet number="0">30</wcet>
            <wcet number="1">50</wcet>
            <maxpow number="0.36769105493367316"/>
            <maxpow number="0.36769105493367316"/>
            <fprob>0.0</fprob>
        </actor>
        <actor name="D0N0">
            <wcet number="0">10</wcet>
            <wcet number="1">10</wcet>
            <maxpow number="0.4446997228457116"/>
            <maxpow number="0.4446997228457116"/>
            <fprob>0.0</fprob>
        </actor>
        <actor name="D0N37">
            <wcet number="0">40</wcet>
            <wcet number="1">50</wcet>
            <maxpow number="0.7234013211147488"/>
            <maxpow number="0.7234013211147488"/>
            <fprob>0.0</fprob>
        </actor>
        <actor name="D0N12">
            <wcet number="0">90</wcet>
            <wcet number="1">150</wcet>
            <maxpow number="0.39277921146026396"/>
            <maxpow number="0.39277921146026396"/>
            <fprob>0.0</fprob>
        </actor>
        <actor name="D0N11">
            <wcet number="0">80</wcet>
            <wcet number="1">130</wcet>
            <maxpow number="0.35355243024338445"/>
            <maxpow number="0.35355243024338445"/>
            <fprob>0.0</fprob>
        </actor>
        <actor name="D0N25">
            <wcet number="0">20</wcet>
            <wcet number="1">90</wcet>
            <maxpow number="0.5113676116536384"/>
            <maxpow number="0.5113676116536384"/>
            <fprob>0.0</fprob>
        </actor>
        <actor name="D0N13">
            <wcet number="0">130</wcet>
            <wcet number="1">230</wcet>
            <maxpow number="0.8800206694201093"/>
            <maxpow number="0.8800206694201093"/>
            <fprob>0.0</fprob>
        </actor>
        <actor name="D0N2">
            <wcet number="0">110</wcet>
            <wcet number="1">140</wcet>
            <maxpow number="0.6835411055190543"/>
            <maxpow number="0.6835411055190543"/>
            <fprob>0.0</fprob>
        </actor>
        <actor name="D0N30">
            <wcet number="0">10</wcet>
            <wcet number="1">10</wcet>
            <maxpow number="0.3953772605760838"/>
            <maxpow number="0.3953772605760838"/>
            <fprob>0.0</fprob>
        </actor>
        <actor name="D0N23">
            <wcet number="0">10</wcet>
            <wcet number="1">140</wcet>
            <maxpow number="0.6169346428896243"/>
            <maxpow number="0.6169346428896243"/>
            <fprob>0.0</fprob>
        </actor>
        <actor name="D0N33">
            <wcet number="0">10</wcet>
            <wcet number="1">70</wcet>
            <maxpow number="0.5644143214122326"/>
            <maxpow number="0.5644143214122326"/>
            <fprob>0.0</fprob>
        </actor>
        <actor name="D0N36">
            <wcet number="0">30</wcet>
            <wcet number="1">30</wcet>
            <maxpow number="0.693653454998696"/>
            <maxpow number="0.693653454998696"/>
            <fprob>0.0</fprob>
        </actor>
        <actor name="D0N4">
            <wcet number="0">90</wcet>
            <wcet number="1">90</wcet>
            <maxpow number="0.8406933400780294"/>
            <maxpow number="0.8406933400780294"/>
            <fprob>0.0</fprob>
        </actor>
        <actor name="D0N34">
            <wcet number="0">20</wcet>
            <wcet number="1">130</wcet>
            <maxpow number="0.7817422567224972"/>
            <maxpow number="0.7817422567224972"/>
            <fprob>0.0</fprob>
        </actor>
        <actor name="D0N9">
            <wcet number="0">70</wcet>
            <wcet number="1">90</wcet>
            <maxpow number="0.21978287367913707"/>
            <maxpow number="0.21978287367913707"/>
            <fprob>0.0</fprob>
        </actor>
        <actor name="D0N44">
            <wcet number="0">10</wcet>
            <wcet number="1">50</wcet>
            <maxpow number="0.6069551569477912"/>
            <maxpow number="0.6069551569477912"/>
            <fprob>0.0</fprob>
        </actor>
        <actor name="D0N1">
            <wcet number="0">70</wcet>
            <wcet number="1">70</wcet>
            <maxpow number="0.4433196092232611"/>
            <maxpow number="0.4433196092232611"/>
            <fprob>0.0</fprob>
        </actor>
        <actor name="D0N32">
            <wcet number="0">30</wcet>
            <wcet number="1">30</wcet>
            <maxpow number="0.4727501091843155"/>
            <maxpow number="0.4727501091843155"/>
            <fprob>0.0</fprob>
        </actor>
        <actor name="D0N24">
            <wcet number="0">40</wcet>
            <wcet number="1">160</wcet>
            <maxpow number="0.7175959601991702"/>
            <maxpow number="0.7175959601991702"/>
            <fprob>0.0</fprob>
        </actor>
        <actor name="D0N35">
            <wcet number="0">30</wcet>
            <wcet number="1">50</wcet>
            <maxpow number="0.38951151326961425"/>
            <maxpow number="0.38951151326961425"/>
            <fprob>0.0</fprob>
        </actor>
        <actor name="D0N3">
            <wcet number="0">10</wcet>
            <wcet number="1">10</wcet>
            <maxpow number="0.43850743572333517"/>
            <maxpow number="0.43850743572333517"/>
            <fprob>0.0</fprob>
        </actor>
        <actor name="D0N42">
            <wcet number="0">10</wcet>
            <wcet number="1">40</wcet>
            <maxpow number="0.6167640624363651"/>
            <maxpow number="0.6167640624363651"/>
            <fprob>0.0</fprob>
        </actor>
        <actor name="D0N14">
            <wcet number="0">60</wcet>
            <wcet number="1">130</wcet>
            <maxpow number="0.5540826224431613"/>
            <maxpow number="0.5540826224431613"/>
            <fprob>0.0</fprob>
        </actor>
        <actor name="D0N38">
            <wcet number="0">90</wcet>
            <wcet number="1">150</wcet>
            <maxpow number="0.49002191769554965"/>
            <maxpow number="0.49002191769554965"/>
            <fprob>0.0</fprob>
        </actor>
        <actor name="D0N15">
            <wcet number="0">90</wcet>
            <wcet number="1">130</wcet>
            <maxpow number="0.683115444178977"/>
            <maxpow number="0.683115444178977"/>
            <fprob>0.0</fprob>
        </actor>
        <actor name="D0N41">
            <wcet number="0">10</wcet>
            <wcet number="1">20</wcet>
            <maxpow number="0.7178533642831588"/>
            <maxpow number="0.7178533642831588"/>
            <fprob>0.0</fprob>
        </actor>
        <ports>
            <port dstActor="D0N16" name="p0" srcActor="D0N6"/>
            <port dstActor="D0N12" name="p1" srcActor="D0N6"/>
            <port dstActor="D0N24" name="p2" srcActor="D0N6"/>
            <port dstActor="D0N32" name="p3" srcActor="D0N21"/>
            <port dstActor="D0N29" name="p4" srcActor="D0N21"/>
            <port dstActor="D0N28" name="p5" srcActor="D0N21"/>
            <port dstActor="D0N30" name="p6" srcActor="D0N21"/>
            <port dstActor="D0N22" name="p7" srcActor="D0N21"/>
            <port dstActor="D0N29" name="p8" srcActor="D0N7"/>
            <port dstActor="D0N41" name="p9" srcActor="D0N40"/>
            <port dstActor="D0N33" name="p10" srcActor="D0N5"/>
            <port dstActor="D0N17" name="p11" srcActor="D0N5"/>
            <port dstActor="D0N28" name="p12" srcActor="D0N22"/>
            <port dstActor="D0N43" name="p13" srcActor="D0N31"/>
            <port dstActor="D0N36" name="p14" srcActor="D0N31"/>
            <port dstActor="D0N27" name="p15" srcActor="D0N16"/>
            <port dstActor="D0N35" name="p16" srcActor="D0N16"/>
            <port dstActor="D0N28" name="p17" srcActor="D0N27"/>
            <port dstActor="D0N40" name="p18" srcActor="D0N27"/>
            <port dstActor="D0N38" name="p19" srcActor="D0N28"/>
            <port dstActor="D0N35" name="p20" srcActor="D0N28"/>
            <port dstActor="D0N44" name="p21" srcActor="D0N28"/>
            <port dstActor="D0N34" name="p22" srcActor="D0N28"/>
            <port dstActor="D0N31" name="p23" srcActor="D0N29"/>
            <port dstActor="D0N33" name="p24" srcActor="D0N29"/>
            <port dstActor="D0N24" name="p25" srcActor="D0N10"/>
            <port dstActor="D0N15" name="p26" srcActor="D0N10"/>
            <port dstActor="D0N28" name="p27" srcActor="D0N19"/>
            <port dstActor="D0N31" name="p28" srcActor="D0N19"/>
            <port dstActor="D0N33" name="p29" srcActor="D0N18"/>
            <port dstActor="D0N20" name="p30" srcActor="D0N18"/>
            <port dstActor="D0N32" name="p31" srcActor="D0N18"/>
            <port dstActor="D0N41" name="p32" srcActor="D0N17"/>
            <port dstActor="D0N23" name="p33" srcActor="D0N17"/>
            <port dstActor="D0N25" name="p34" srcActor="D0N17"/>
            <port dstActor="D0N35" name="p35" srcActor="D0N20"/>
            <port dstActor="D0N43" name="p36" srcActor="D0N20"/>
            <port dstActor="D0N31" name="p37" srcActor="D0N20"/>
            <port dstActor="D0N32" name="p38" srcActor="D0N26"/>
            <port dstActor="D0N31" name="p39" srcActor="D0N26"/>
            <port dstActor="D0N14" name="p40" srcActor="D0N0"/>
            <port dstActor="D0N16" name="p41" srcActor="D0N0"/>
            <port dstActor="D0N31" name="p42" srcActor="D0N0"/>
            <port dstActor="D0N38" name="p43" srcActor="D0N12"/>
            <port dstActor="D0N21" name="p44" srcActor="D0N12"/>
            <port dstActor="D0N43" name="p45" srcActor="D0N12"/>
            <port dstActor="D0N37" name="p46" srcActor="D0N12"/>
            <port dstActor="D0N15" name="p47" srcActor="D0N12"/>
            <port dstActor="D0N16" name="p48" srcActor="D0N11"/>
            <port dstActor="D0N15" name="p49" srcActor="D0N13"/>
            <port dstActor="D0N30" name="p50" srcActor="D0N13"/>
            <port dstActor="D0N34" name="p51" srcActor="D0N13"/>
            <port dstActor="D0N31" name="p52" srcActor="D0N13"/>
            <port dstActor="D0N17" name="p53" srcActor="D0N2"/>
            <port dstActor="D0N16" name="p54" srcActor="D0N2"/>
            <port dstActor="D0N36" name="p55" srcActor="D0N2"/>
            <port dstActor="D0N44" name="p56" srcActor="D0N2"/>
            <port dstActor="D0N44" name="p57" srcActor="D0N30"/>
            <port dstActor="D0N43" name="p58" srcActor="D0N30"/>
            <port dstActor="D0N34" name="p59" srcActor="D0N30"/>
            <port dstActor="D0N42" name="p60" srcActor="D0N4"/>
            <port dstActor="D0N30" name="p61" srcActor="D0N4"/>
            <port dstActor="D0N24" name="p62" srcActor="D0N4"/>
            <port dstActor="D0N19" name="p63" srcActor="D0N4"/>
            <port dstActor="D0N37" name="p64" srcActor="D0N34"/>
            <port dstActor="D0N41" name="p65" srcActor="D0N9"/>
            <port dstActor="D0N33" name="p66" srcActor="D0N9"/>
            <port dstActor="D0N38" name="p67" srcActor="D0N9"/>
            <port dstActor="D0N42" name="p68" srcActor="D0N9"/>
            <port dstActor="D0N28" name="p69" srcActor="D0N9"/>
            <port dstActor="D0N32" name="p70" srcActor="D0N9"/>
            <port dstActor="D0N31" name="p71" srcActor="D0N1"/>
            <port dstActor="D0N14" name="p72" srcActor="D0N1"/>
            <port dstActor="D0N43" name="p73" srcActor="D0N1"/>
            <port dstActor="D0N37" name="p74" srcActor="D0N32"/>
            <port dstActor="D0N27" name="p75" srcActor="D0N24"/>
            <port dstActor="D0N25" name="p76" srcActor="D0N24"/>
            <port dstActor="D0N44" name="p77" srcActor="D0N35"/>
            <port dstActor="D0N4" name="p78" srcActor="D0N3"/>
            <port dstActor="D0N21" name="p79" srcActor="D0N3"/>
            <port dstActor="D0N36" name="p80" srcActor="D0N3"/>
            <port dstActor="D0N28" name="p81" srcActor="D0N14"/>
            <port dstActor="D0N43" name="p82" srcActor="D0N15"/>
            <port dstActor="D0N31" name="p83" srcActor="D0N15"/>
            <port dstActor="D0N35" name="p84" srcActor="D0N15"/>
        </ports>
    </mcdag>
    <cores number="3"/>
    <levels number="2"/>
</mcsystem>
