<?xml version="1.0" encoding="UTF-8" standalone="no"?>
<mcsystem>
    <mcdag deadline="3000" name="genned-0-ed-10.0-0">
        <actor name="D0N45">
            <wcet number="0">10</wcet>
            <wcet number="1">20</wcet>
            <maxpow number="0.3512023049529186"/>
            <maxpow number="0.3512023049529186"/>
            <fprob>0.0</fprob>
        </actor>
        <actor name="D0N35">
            <wcet number="0">30</wcet>
            <wcet number="1">80</wcet>
            <maxpow number="0.28497284445986554"/>
            <maxpow number="0.28497284445986554"/>
            <fprob>0.0</fprob>
        </actor>
        <actor name="D0N19">
            <wcet number="0">40</wcet>
            <wcet number="1">120</wcet>
            <maxpow number="0.49353702409465905"/>
            <maxpow number="0.49353702409465905"/>
            <fprob>0.0</fprob>
        </actor>
        <actor name="D0N9">
            <wcet number="0">30</wcet>
            <wcet number="1">110</wcet>
            <maxpow number="0.6333246570984031"/>
            <maxpow number="0.6333246570984031"/>
            <fprob>0.0</fprob>
        </actor>
        <actor name="D0N39">
            <wcet number="0">70</wcet>
            <wcet number="1">90</wcet>
            <maxpow number="0.44156648767746587"/>
            <maxpow number="0.44156648767746587"/>
            <fprob>0.0</fprob>
        </actor>
        <actor name="D0N38">
            <wcet number="0">20</wcet>
            <wcet number="1">20</wcet>
            <maxpow number="0.6290980827136791"/>
            <maxpow number="0.6290980827136791"/>
            <fprob>0.0</fprob>
        </actor>
        <actor name="D0N12">
            <wcet number="0">80</wcet>
            <wcet number="1">110</wcet>
            <maxpow number="0.553381717108719"/>
            <maxpow number="0.553381717108719"/>
            <fprob>0.0</fprob>
        </actor>
        <actor name="D0N46">
            <wcet number="0">10</wcet>
            <wcet number="1">20</wcet>
            <maxpow number="0.5758471788134133"/>
            <maxpow number="0.5758471788134133"/>
            <fprob>0.0</fprob>
        </actor>
        <actor name="D0N30">
            <wcet number="0">20</wcet>
            <wcet number="1">220</wcet>
            <maxpow number="0.45162131568928277"/>
            <maxpow number="0.45162131568928277"/>
            <fprob>0.0</fprob>
        </actor>
        <actor name="D0N28">
            <wcet number="0">20</wcet>
            <wcet number="1">30</wcet>
            <maxpow number="0.17500897126992754"/>
            <maxpow number="0.17500897126992754"/>
            <fprob>0.0</fprob>
        </actor>
        <actor name="D0N22">
            <wcet number="0">20</wcet>
            <wcet number="1">200</wcet>
            <maxpow number="0.4899278557585308"/>
            <maxpow number="0.4899278557585308"/>
            <fprob>0.0</fprob>
        </actor>
        <actor name="D0N32">
            <wcet number="0">170</wcet>
            <wcet number="1">300</wcet>
            <maxpow number="0.7649267144263043"/>
            <maxpow number="0.7649267144263043"/>
            <fprob>0.0</fprob>
        </actor>
        <actor name="D0N14">
            <wcet number="0">640</wcet>
            <wcet number="1">980</wcet>
            <maxpow number="0.5227699661497222"/>
            <maxpow number="0.5227699661497222"/>
            <fprob>0.0</fprob>
        </actor>
        <actor name="D0N8">
            <wcet number="0">60</wcet>
            <wcet number="1">160</wcet>
            <maxpow number="0.6707135101066174"/>
            <maxpow number="0.6707135101066174"/>
            <fprob>0.0</fprob>
        </actor>
        <actor name="D0N27">
            <wcet number="0">40</wcet>
            <wcet number="1">150</wcet>
            <maxpow number="0.31902797579648956"/>
            <maxpow number="0.31902797579648956"/>
            <fprob>0.0</fprob>
        </actor>
        <actor name="D0N33">
            <wcet number="0">10</wcet>
            <wcet number="1">10</wcet>
            <maxpow number="0.7528284422739007"/>
            <maxpow number="0.7528284422739007"/>
            <fprob>0.0</fprob>
        </actor>
        <actor name="D0N37">
            <wcet number="0">70</wcet>
            <wcet number="1">80</wcet>
            <maxpow number="0.2214996263808512"/>
            <maxpow number="0.2214996263808512"/>
            <fprob>0.0</fprob>
        </actor>
        <actor name="D0N10">
            <wcet number="0">20</wcet>
            <wcet number="1">20</wcet>
            <maxpow number="0.6838665991625906"/>
            <maxpow number="0.6838665991625906"/>
            <fprob>0.0</fprob>
        </actor>
        <actor name="D0N1">
            <wcet number="0">10</wcet>
            <wcet number="1">20</wcet>
            <maxpow number="0.5114976821099069"/>
            <maxpow number="0.5114976821099069"/>
            <fprob>0.0</fprob>
        </actor>
        <actor name="D0N20">
            <wcet number="0">10</wcet>
            <wcet number="1">30</wcet>
            <maxpow number="0.5246048023562332"/>
            <maxpow number="0.5246048023562332"/>
            <fprob>0.0</fprob>
        </actor>
        <actor name="D0N0">
            <wcet number="0">60</wcet>
            <wcet number="1">280</wcet>
            <maxpow number="0.6081826753782729"/>
            <maxpow number="0.6081826753782729"/>
            <fprob>0.0</fprob>
        </actor>
        <actor name="D0N24">
            <wcet number="0">30</wcet>
            <wcet number="1">50</wcet>
            <maxpow number="0.5598752748890526"/>
            <maxpow number="0.5598752748890526"/>
            <fprob>0.0</fprob>
        </actor>
        <actor name="D0N43">
            <wcet number="0">20</wcet>
            <wcet number="1">20</wcet>
            <maxpow number="0.7200340096863027"/>
            <maxpow number="0.7200340096863027"/>
            <fprob>0.0</fprob>
        </actor>
        <actor name="D0N44">
            <wcet number="0">20</wcet>
            <wcet number="1">90</wcet>
            <maxpow number="0.2465827360727847"/>
            <maxpow number="0.2465827360727847"/>
            <fprob>0.0</fprob>
        </actor>
        <actor name="D0N6">
            <wcet number="0">10</wcet>
            <wcet number="1">100</wcet>
            <maxpow number="0.4436899729074919"/>
            <maxpow number="0.4436899729074919"/>
            <fprob>0.0</fprob>
        </actor>
        <actor name="D0N2">
            <wcet number="0">20</wcet>
            <wcet number="1">20</wcet>
            <maxpow number="0.410415353728949"/>
            <maxpow number="0.410415353728949"/>
            <fprob>0.0</fprob>
        </actor>
        <actor name="D0N34">
            <wcet number="0">290</wcet>
            <wcet number="1">540</wcet>
            <maxpow number="0.723847389139749"/>
            <maxpow number="0.723847389139749"/>
            <fprob>0.0</fprob>
        </actor>
        <actor name="D0N17">
            <wcet number="0">170</wcet>
            <wcet number="1">470</wcet>
            <maxpow number="0.5692057881526197"/>
            <maxpow number="0.5692057881526197"/>
            <fprob>0.0</fprob>
        </actor>
        <actor name="D0N4">
            <wcet number="0">210</wcet>
            <wcet number="1">270</wcet>
            <maxpow number="0.5774233459913962"/>
            <maxpow number="0.5774233459913962"/>
            <fprob>0.0</fprob>
        </actor>
        <actor name="D0N5">
            <wcet number="0">30</wcet>
            <wcet number="1">70</wcet>
            <maxpow number="0.32032103717957255"/>
            <maxpow number="0.32032103717957255"/>
            <fprob>0.0</fprob>
        </actor>
        <actor name="D0N13">
            <wcet number="0">70</wcet>
            <wcet number="1">90</wcet>
            <maxpow number="0.6322054912902954"/>
            <maxpow number="0.6322054912902954"/>
            <fprob>0.0</fprob>
        </actor>
        <actor name="D0N31">
            <wcet number="0">350</wcet>
            <wcet number="1">460</wcet>
            <maxpow number="0.6467726161048785"/>
            <maxpow number="0.6467726161048785"/>
            <fprob>0.0</fprob>
        </actor>
        <actor name="D0N36">
            <wcet number="0">80</wcet>
            <wcet number="1">200</wcet>
            <maxpow number="0.4537635539910029"/>
            <maxpow number="0.4537635539910029"/>
            <fprob>0.0</fprob>
        </actor>
        <actor name="D0N18">
            <wcet number="0">20</wcet>
            <wcet number="1">90</wcet>
            <maxpow number="0.4934496787406977"/>
            <maxpow number="0.4934496787406977"/>
            <fprob>0.0</fprob>
        </actor>
        <actor name="D0N49">
            <wcet number="0">50</wcet>
            <wcet number="1">110</wcet>
            <maxpow number="0.8644881506966576"/>
            <maxpow number="0.8644881506966576"/>
            <fprob>0.0</fprob>
        </actor>
        <actor name="D0N15">
            <wcet number="0">60</wcet>
            <wcet number="1">90</wcet>
            <maxpow number="0.7654075799984289"/>
            <maxpow number="0.7654075799984289"/>
            <fprob>0.0</fprob>
        </actor>
        <actor name="D0N47">
            <wcet number="0">10</wcet>
            <wcet number="1">10</wcet>
            <maxpow number="0.3664313798782014"/>
            <maxpow number="0.3664313798782014"/>
            <fprob>0.0</fprob>
        </actor>
        <actor name="D0N48">
            <wcet number="0">10</wcet>
            <wcet number="1">50</wcet>
            <maxpow number="0.45786166016930074"/>
            <maxpow number="0.45786166016930074"/>
            <fprob>0.0</fprob>
        </actor>
        <actor name="D0N3">
            <wcet number="0">10</wcet>
            <wcet number="1">30</wcet>
            <maxpow number="0.533752459689449"/>
            <maxpow number="0.533752459689449"/>
            <fprob>0.0</fprob>
        </actor>
        <actor name="D0N25">
            <wcet number="0">50</wcet>
            <wcet number="1">70</wcet>
            <maxpow number="0.6011726528073461"/>
            <maxpow number="0.6011726528073461"/>
            <fprob>0.0</fprob>
        </actor>
        <actor name="D0N7">
            <wcet number="0">50</wcet>
            <wcet number="1">50</wcet>
            <maxpow number="0.6408799588900792"/>
            <maxpow number="0.6408799588900792"/>
            <fprob>0.0</fprob>
        </actor>
        <actor name="D0N42">
            <wcet number="0">90</wcet>
            <wcet number="1">130</wcet>
            <maxpow number="0.45776188650062816"/>
            <maxpow number="0.45776188650062816"/>
            <fprob>0.0</fprob>
        </actor>
        <actor name="D0N29">
            <wcet number="0">20</wcet>
            <wcet number="1">160</wcet>
            <maxpow number="0.6026950576107579"/>
            <maxpow number="0.6026950576107579"/>
            <fprob>0.0</fprob>
        </actor>
        <actor name="D0N23">
            <wcet number="0">30</wcet>
            <wcet number="1">30</wcet>
            <maxpow number="0.3614379598800848"/>
            <maxpow number="0.3614379598800848"/>
            <fprob>0.0</fprob>
        </actor>
        <actor name="D0N21">
            <wcet number="0">40</wcet>
            <wcet number="1">40</wcet>
            <maxpow number="0.5749105226648835"/>
            <maxpow number="0.5749105226648835"/>
            <fprob>0.0</fprob>
        </actor>
        <actor name="D0N16">
            <wcet number="0">20</wcet>
            <wcet number="1">60</wcet>
            <maxpow number="0.8481895100041412"/>
            <maxpow number="0.8481895100041412"/>
            <fprob>0.0</fprob>
        </actor>
        <actor name="D0N40">
            <wcet number="0">270</wcet>
            <wcet number="1">420</wcet>
            <maxpow number="0.41382913127773324"/>
            <maxpow number="0.41382913127773324"/>
            <fprob>0.0</fprob>
        </actor>
        <actor name="D0N11">
            <wcet number="0">60</wcet>
            <wcet number="1">160</wcet>
            <maxpow number="0.8618107869407372"/>
            <maxpow number="0.8618107869407372"/>
            <fprob>0.0</fprob>
        </actor>
        <actor name="D0N41">
            <wcet number="0">90</wcet>
            <wcet number="1">160</wcet>
            <maxpow number="0.5415272122194835"/>
            <maxpow number="0.5415272122194835"/>
            <fprob>0.0</fprob>
        </actor>
        <actor name="D0N26">
            <wcet number="0">30</wcet>
            <wcet number="1">110</wcet>
            <maxpow number="0.4515865518168698"/>
            <maxpow number="0.4515865518168698"/>
            <fprob>0.0</fprob>
        </actor>
        <ports>
            <port dstActor="D0N48" name="p0" srcActor="D0N35"/>
            <port dstActor="D0N45" name="p1" srcActor="D0N35"/>
            <port dstActor="D0N43" name="p2" srcActor="D0N35"/>
            <port dstActor="D0N39" name="p3" srcActor="D0N19"/>
            <port dstActor="D0N47" name="p4" srcActor="D0N19"/>
            <port dstActor="D0N31" name="p5" srcActor="D0N19"/>
            <port dstActor="D0N22" name="p6" srcActor="D0N9"/>
            <port dstActor="D0N43" name="p7" srcActor="D0N9"/>
            <port dstActor="D0N30" name="p8" srcActor="D0N9"/>
            <port dstActor="D0N40" name="p9" srcActor="D0N38"/>
            <port dstActor="D0N41" name="p10" srcActor="D0N38"/>
            <port dstActor="D0N17" name="p11" srcActor="D0N12"/>
            <port dstActor="D0N40" name="p12" srcActor="D0N12"/>
            <port dstActor="D0N19" name="p13" srcActor="D0N12"/>
            <port dstActor="D0N40" name="p14" srcActor="D0N30"/>
            <port dstActor="D0N47" name="p15" srcActor="D0N30"/>
            <port dstActor="D0N40" name="p16" srcActor="D0N28"/>
            <port dstActor="D0N33" name="p17" srcActor="D0N28"/>
            <port dstActor="D0N28" name="p18" srcActor="D0N22"/>
            <port dstActor="D0N39" name="p19" srcActor="D0N22"/>
            <port dstActor="D0N26" name="p20" srcActor="D0N22"/>
            <port dstActor="D0N33" name="p21" srcActor="D0N32"/>
            <port dstActor="D0N34" name="p22" srcActor="D0N32"/>
            <port dstActor="D0N34" name="p23" srcActor="D0N14"/>
            <port dstActor="D0N33" name="p24" srcActor="D0N14"/>
            <port dstActor="D0N23" name="p25" srcActor="D0N14"/>
            <port dstActor="D0N38" name="p26" srcActor="D0N14"/>
            <port dstActor="D0N42" name="p27" srcActor="D0N14"/>
            <port dstActor="D0N25" name="p28" srcActor="D0N14"/>
            <port dstActor="D0N17" name="p29" srcActor="D0N8"/>
            <port dstActor="D0N43" name="p30" srcActor="D0N8"/>
            <port dstActor="D0N32" name="p31" srcActor="D0N27"/>
            <port dstActor="D0N36" name="p32" srcActor="D0N27"/>
            <port dstActor="D0N38" name="p33" srcActor="D0N10"/>
            <port dstActor="D0N20" name="p34" srcActor="D0N10"/>
            <port dstActor="D0N13" name="p35" srcActor="D0N1"/>
            <port dstActor="D0N19" name="p36" srcActor="D0N1"/>
            <port dstActor="D0N45" name="p37" srcActor="D0N1"/>
            <port dstActor="D0N17" name="p38" srcActor="D0N1"/>
            <port dstActor="D0N31" name="p39" srcActor="D0N1"/>
            <port dstActor="D0N37" name="p40" srcActor="D0N1"/>
            <port dstActor="D0N33" name="p41" srcActor="D0N1"/>
            <port dstActor="D0N24" name="p42" srcActor="D0N20"/>
            <port dstActor="D0N42" name="p43" srcActor="D0N20"/>
            <port dstActor="D0N35" name="p44" srcActor="D0N20"/>
            <port dstActor="D0N1" name="p45" srcActor="D0N0"/>
            <port dstActor="D0N44" name="p46" srcActor="D0N0"/>
            <port dstActor="D0N18" name="p47" srcActor="D0N0"/>
            <port dstActor="D0N30" name="p48" srcActor="D0N0"/>
            <port dstActor="D0N37" name="p49" srcActor="D0N0"/>
            <port dstActor="D0N32" name="p50" srcActor="D0N24"/>
            <port dstActor="D0N48" name="p51" srcActor="D0N44"/>
            <port dstActor="D0N17" name="p52" srcActor="D0N6"/>
            <port dstActor="D0N32" name="p53" srcActor="D0N6"/>
            <port dstActor="D0N24" name="p54" srcActor="D0N6"/>
            <port dstActor="D0N13" name="p55" srcActor="D0N6"/>
            <port dstActor="D0N41" name="p56" srcActor="D0N6"/>
            <port dstActor="D0N40" name="p57" srcActor="D0N6"/>
            <port dstActor="D0N10" name="p58" srcActor="D0N6"/>
            <port dstActor="D0N46" name="p59" srcActor="D0N6"/>
            <port dstActor="D0N26" name="p60" srcActor="D0N6"/>
            <port dstActor="D0N45" name="p61" srcActor="D0N6"/>
            <port dstActor="D0N18" name="p62" srcActor="D0N2"/>
            <port dstActor="D0N19" name="p63" srcActor="D0N2"/>
            <port dstActor="D0N4" name="p64" srcActor="D0N2"/>
            <port dstActor="D0N49" name="p65" srcActor="D0N34"/>
            <port dstActor="D0N40" name="p66" srcActor="D0N34"/>
            <port dstActor="D0N44" name="p67" srcActor="D0N34"/>
            <port dstActor="D0N45" name="p68" srcActor="D0N17"/>
            <port dstActor="D0N19" name="p69" srcActor="D0N17"/>
            <port dstActor="D0N12" name="p70" srcActor="D0N4"/>
            <port dstActor="D0N49" name="p71" srcActor="D0N4"/>
            <port dstActor="D0N46" name="p72" srcActor="D0N4"/>
            <port dstActor="D0N7" name="p73" srcActor="D0N5"/>
            <port dstActor="D0N27" name="p74" srcActor="D0N5"/>
            <port dstActor="D0N25" name="p75" srcActor="D0N5"/>
            <port dstActor="D0N16" name="p76" srcActor="D0N13"/>
            <port dstActor="D0N37" name="p77" srcActor="D0N13"/>
            <port dstActor="D0N29" name="p78" srcActor="D0N13"/>
            <port dstActor="D0N35" name="p79" srcActor="D0N13"/>
            <port dstActor="D0N27" name="p80" srcActor="D0N13"/>
            <port dstActor="D0N21" name="p81" srcActor="D0N13"/>
            <port dstActor="D0N42" name="p82" srcActor="D0N31"/>
            <port dstActor="D0N38" name="p83" srcActor="D0N31"/>
            <port dstActor="D0N49" name="p84" srcActor="D0N31"/>
            <port dstActor="D0N23" name="p85" srcActor="D0N18"/>
            <port dstActor="D0N39" name="p86" srcActor="D0N18"/>
            <port dstActor="D0N36" name="p87" srcActor="D0N15"/>
            <port dstActor="D0N31" name="p88" srcActor="D0N15"/>
            <port dstActor="D0N22" name="p89" srcActor="D0N15"/>
            <port dstActor="D0N40" name="p90" srcActor="D0N15"/>
            <port dstActor="D0N44" name="p91" srcActor="D0N3"/>
            <port dstActor="D0N5" name="p92" srcActor="D0N3"/>
            <port dstActor="D0N14" name="p93" srcActor="D0N3"/>
            <port dstActor="D0N22" name="p94" srcActor="D0N3"/>
            <port dstActor="D0N35" name="p95" srcActor="D0N25"/>
            <port dstActor="D0N40" name="p96" srcActor="D0N7"/>
            <port dstActor="D0N18" name="p97" srcActor="D0N7"/>
            <port dstActor="D0N27" name="p98" srcActor="D0N7"/>
            <port dstActor="D0N37" name="p99" srcActor="D0N7"/>
            <port dstActor="D0N47" name="p100" srcActor="D0N7"/>
            <port dstActor="D0N25" name="p101" srcActor="D0N23"/>
            <port dstActor="D0N48" name="p102" srcActor="D0N23"/>
            <port dstActor="D0N23" name="p103" srcActor="D0N21"/>
            <port dstActor="D0N30" name="p104" srcActor="D0N21"/>
            <port dstActor="D0N21" name="p105" srcActor="D0N16"/>
            <port dstActor="D0N22" name="p106" srcActor="D0N16"/>
            <port dstActor="D0N34" name="p107" srcActor="D0N16"/>
            <port dstActor="D0N42" name="p108" srcActor="D0N16"/>
            <port dstActor="D0N21" name="p109" srcActor="D0N11"/>
            <port dstActor="D0N39" name="p110" srcActor="D0N11"/>
            <port dstActor="D0N35" name="p111" srcActor="D0N11"/>
            <port dstActor="D0N36" name="p112" srcActor="D0N11"/>
            <port dstActor="D0N48" name="p113" srcActor="D0N11"/>
            <port dstActor="D0N38" name="p114" srcActor="D0N11"/>
            <port dstActor="D0N34" name="p115" srcActor="D0N26"/>
        </ports>
    </mcdag>
    <cores number="3"/>
    <levels number="2"/>
</mcsystem>
