<?xml version="1.0" encoding="UTF-8" standalone="no"?>
<mcsystem>
    <mcdag deadline="2200" name="genned-0-ed-10.0-0">
        <actor name="D0N21">
            <wcet number="0">20</wcet>
            <wcet number="1">100</wcet>
            <maxpow number="0.5539401507520871"/>
            <maxpow number="0.5539401507520871"/>
            <fprob>0.0</fprob>
        </actor>
        <actor name="D0N17">
            <wcet number="0">70</wcet>
            <wcet number="1">100</wcet>
            <maxpow number="0.9179161085639587"/>
            <maxpow number="0.9179161085639587"/>
            <fprob>0.0</fprob>
        </actor>
        <actor name="D0N0">
            <wcet number="0">90</wcet>
            <wcet number="1">260</wcet>
            <maxpow number="0.8544075707314018"/>
            <maxpow number="0.8544075707314018"/>
            <fprob>0.0</fprob>
        </actor>
        <actor name="D0N43">
            <wcet number="0">100</wcet>
            <wcet number="1">100</wcet>
            <maxpow number="0.34847467089331263"/>
            <maxpow number="0.34847467089331263"/>
            <fprob>0.0</fprob>
        </actor>
        <actor name="D0N4">
            <wcet number="0">20</wcet>
            <wcet number="1">30</wcet>
            <maxpow number="0.5899683357528535"/>
            <maxpow number="0.5899683357528535"/>
            <fprob>0.0</fprob>
        </actor>
        <actor name="D0N36">
            <wcet number="0">20</wcet>
            <wcet number="1">30</wcet>
            <maxpow number="0.3276435812947935"/>
            <maxpow number="0.3276435812947935"/>
            <fprob>0.0</fprob>
        </actor>
        <actor name="D0N14">
            <wcet number="0">100</wcet>
            <wcet number="1">620</wcet>
            <maxpow number="0.5354677580848041"/>
            <maxpow number="0.5354677580848041"/>
            <fprob>0.0</fprob>
        </actor>
        <actor name="D0N35">
            <wcet number="0">80</wcet>
            <wcet number="1">80</wcet>
            <maxpow number="0.4244430595089733"/>
            <maxpow number="0.4244430595089733"/>
            <fprob>0.0</fprob>
        </actor>
        <actor name="D0N33">
            <wcet number="0">80</wcet>
            <wcet number="1">120</wcet>
            <maxpow number="0.6706403302420155"/>
            <maxpow number="0.6706403302420155"/>
            <fprob>0.0</fprob>
        </actor>
        <actor name="D0N22">
            <wcet number="0">20</wcet>
            <wcet number="1">20</wcet>
            <maxpow number="0.6890858781675888"/>
            <maxpow number="0.6890858781675888"/>
            <fprob>0.0</fprob>
        </actor>
        <actor name="D0N32">
            <wcet number="0">40</wcet>
            <wcet number="1">70</wcet>
            <maxpow number="0.03639207315667925"/>
            <maxpow number="0.03639207315667925"/>
            <fprob>0.0</fprob>
        </actor>
        <actor name="D0N39">
            <wcet number="0">80</wcet>
            <wcet number="1">200</wcet>
            <maxpow number="0.8586307676156237"/>
            <maxpow number="0.8586307676156237"/>
            <fprob>0.0</fprob>
        </actor>
        <actor name="D0N19">
            <wcet number="0">10</wcet>
            <wcet number="1">10</wcet>
            <maxpow number="0.439068582945649"/>
            <maxpow number="0.439068582945649"/>
            <fprob>0.0</fprob>
        </actor>
        <actor name="D0N5">
            <wcet number="0">120</wcet>
            <wcet number="1">120</wcet>
            <maxpow number="0.31583373342499943"/>
            <maxpow number="0.31583373342499943"/>
            <fprob>0.0</fprob>
        </actor>
        <actor name="D0N29">
            <wcet number="0">30</wcet>
            <wcet number="1">30</wcet>
            <maxpow number="0.4620096201531432"/>
            <maxpow number="0.4620096201531432"/>
            <fprob>0.0</fprob>
        </actor>
        <actor name="D0N30">
            <wcet number="0">10</wcet>
            <wcet number="1">100</wcet>
            <maxpow number="0.17427095650187646"/>
            <maxpow number="0.17427095650187646"/>
            <fprob>0.0</fprob>
        </actor>
        <actor name="D0N31">
            <wcet number="0">30</wcet>
            <wcet number="1">30</wcet>
            <maxpow number="0.26356173015248996"/>
            <maxpow number="0.26356173015248996"/>
            <fprob>0.0</fprob>
        </actor>
        <actor name="D0N34">
            <wcet number="0">10</wcet>
            <wcet number="1">30</wcet>
            <maxpow number="0.7364187464093627"/>
            <maxpow number="0.7364187464093627"/>
            <fprob>0.0</fprob>
        </actor>
        <actor name="D0N41">
            <wcet number="0">30</wcet>
            <wcet number="1">50</wcet>
            <maxpow number="0.5310731140457252"/>
            <maxpow number="0.5310731140457252"/>
            <fprob>0.0</fprob>
        </actor>
        <actor name="D0N18">
            <wcet number="0">100</wcet>
            <wcet number="1">150</wcet>
            <maxpow number="0.5354601392909176"/>
            <maxpow number="0.5354601392909176"/>
            <fprob>0.0</fprob>
        </actor>
        <actor name="D0N20">
            <wcet number="0">30</wcet>
            <wcet number="1">60</wcet>
            <maxpow number="0.4222051850929331"/>
            <maxpow number="0.4222051850929331"/>
            <fprob>0.0</fprob>
        </actor>
        <actor name="D0N12">
            <wcet number="0">80</wcet>
            <wcet number="1">80</wcet>
            <maxpow number="0.33810224956073076"/>
            <maxpow number="0.33810224956073076"/>
            <fprob>0.0</fprob>
        </actor>
        <actor name="D0N3">
            <wcet number="0">220</wcet>
            <wcet number="1">260</wcet>
            <maxpow number="0.5279775132168403"/>
            <maxpow number="0.5279775132168403"/>
            <fprob>0.0</fprob>
        </actor>
        <actor name="D0N44">
            <wcet number="0">40</wcet>
            <wcet number="1">40</wcet>
            <maxpow number="0.466418326089384"/>
            <maxpow number="0.466418326089384"/>
            <fprob>0.0</fprob>
        </actor>
        <actor name="D0N1">
            <wcet number="0">130</wcet>
            <wcet number="1">130</wcet>
            <maxpow number="0.3191680844312406"/>
            <maxpow number="0.3191680844312406"/>
            <fprob>0.0</fprob>
        </actor>
        <actor name="D0N9">
            <wcet number="0">170</wcet>
            <wcet number="1">210</wcet>
            <maxpow number="0.3619892621448988"/>
            <maxpow number="0.3619892621448988"/>
            <fprob>0.0</fprob>
        </actor>
        <actor name="D0N23">
            <wcet number="0">130</wcet>
            <wcet number="1">150</wcet>
            <maxpow number="0.5839558307836608"/>
            <maxpow number="0.5839558307836608"/>
            <fprob>0.0</fprob>
        </actor>
        <actor name="D0N2">
            <wcet number="0">100</wcet>
            <wcet number="1">170</wcet>
            <maxpow number="0.6971383384697191"/>
            <maxpow number="0.6971383384697191"/>
            <fprob>0.0</fprob>
        </actor>
        <actor name="D0N16">
            <wcet number="0">10</wcet>
            <wcet number="1">140</wcet>
            <maxpow number="0.7204532891897942"/>
            <maxpow number="0.7204532891897942"/>
            <fprob>0.0</fprob>
        </actor>
        <actor name="D0N27">
            <wcet number="0">30</wcet>
            <wcet number="1">40</wcet>
            <maxpow number="0.8236650954234677"/>
            <maxpow number="0.8236650954234677"/>
            <fprob>0.0</fprob>
        </actor>
        <actor name="D0N49">
            <wcet number="0">10</wcet>
            <wcet number="1">60</wcet>
            <maxpow number="0.4172514884197947"/>
            <maxpow number="0.4172514884197947"/>
            <fprob>0.0</fprob>
        </actor>
        <actor name="D0N38">
            <wcet number="0">50</wcet>
            <wcet number="1">70</wcet>
            <maxpow number="0.47730510690670264"/>
            <maxpow number="0.47730510690670264"/>
            <fprob>0.0</fprob>
        </actor>
        <actor name="D0N48">
            <wcet number="0">250</wcet>
            <wcet number="1">320</wcet>
            <maxpow number="0.5092041154703314"/>
            <maxpow number="0.5092041154703314"/>
            <fprob>0.0</fprob>
        </actor>
        <actor name="D0N42">
            <wcet number="0">10</wcet>
            <wcet number="1">60</wcet>
            <maxpow number="0.35570181395192857"/>
            <maxpow number="0.35570181395192857"/>
            <fprob>0.0</fprob>
        </actor>
        <actor name="D0N25">
            <wcet number="0">20</wcet>
            <wcet number="1">40</wcet>
            <maxpow number="0.8728729225257237"/>
            <maxpow number="0.8728729225257237"/>
            <fprob>0.0</fprob>
        </actor>
        <actor name="D0N26">
            <wcet number="0">140</wcet>
            <wcet number="1">190</wcet>
            <maxpow number="0.7373240032462185"/>
            <maxpow number="0.7373240032462185"/>
            <fprob>0.0</fprob>
        </actor>
        <actor name="D0N24">
            <wcet number="0">20</wcet>
            <wcet number="1">530</wcet>
            <maxpow number="0.39724911000796115"/>
            <maxpow number="0.39724911000796115"/>
            <fprob>0.0</fprob>
        </actor>
        <actor name="D0N28">
            <wcet number="0">10</wcet>
            <wcet number="1">10</wcet>
            <maxpow number="0.4270403295396453"/>
            <maxpow number="0.4270403295396453"/>
            <fprob>0.0</fprob>
        </actor>
        <actor name="D0N10">
            <wcet number="0">10</wcet>
            <wcet number="1">10</wcet>
            <maxpow number="0.6659273550931522"/>
            <maxpow number="0.6659273550931522"/>
            <fprob>0.0</fprob>
        </actor>
        <actor name="D0N47">
            <wcet number="0">10</wcet>
            <wcet number="1">20</wcet>
            <maxpow number="0.7995102328708354"/>
            <maxpow number="0.7995102328708354"/>
            <fprob>0.0</fprob>
        </actor>
        <actor name="D0N15">
            <wcet number="0">10</wcet>
            <wcet number="1">10</wcet>
            <maxpow number="0.4199022610172751"/>
            <maxpow number="0.4199022610172751"/>
            <fprob>0.0</fprob>
        </actor>
        <actor name="D0N11">
            <wcet number="0">60</wcet>
            <wcet number="1">100</wcet>
            <maxpow number="0.8785162572529082"/>
            <maxpow number="0.8785162572529082"/>
            <fprob>0.0</fprob>
        </actor>
        <actor name="D0N6">
            <wcet number="0">10</wcet>
            <wcet number="1">10</wcet>
            <maxpow number="0.8507972198409474"/>
            <maxpow number="0.8507972198409474"/>
            <fprob>0.0</fprob>
        </actor>
        <actor name="D0N45">
            <wcet number="0">10</wcet>
            <wcet number="1">240</wcet>
            <maxpow number="0.5156627342585104"/>
            <maxpow number="0.5156627342585104"/>
            <fprob>0.0</fprob>
        </actor>
        <actor name="D0N13">
            <wcet number="0">60</wcet>
            <wcet number="1">80</wcet>
            <maxpow number="-0.09067481271408706"/>
            <maxpow number="-0.09067481271408706"/>
            <fprob>0.0</fprob>
        </actor>
        <actor name="D0N46">
            <wcet number="0">50</wcet>
            <wcet number="1">60</wcet>
            <maxpow number="0.5194859766948653"/>
            <maxpow number="0.5194859766948653"/>
            <fprob>0.0</fprob>
        </actor>
        <actor name="D0N40">
            <wcet number="0">10</wcet>
            <wcet number="1">50</wcet>
            <maxpow number="0.45276255640315344"/>
            <maxpow number="0.45276255640315344"/>
            <fprob>0.0</fprob>
        </actor>
        <actor name="D0N37">
            <wcet number="0">20</wcet>
            <wcet number="1">20</wcet>
            <maxpow number="0.8919694024766092"/>
            <maxpow number="0.8919694024766092"/>
            <fprob>0.0</fprob>
        </actor>
        <actor name="D0N7">
            <wcet number="0">160</wcet>
            <wcet number="1">200</wcet>
            <maxpow number="0.3934885276439064"/>
            <maxpow number="0.3934885276439064"/>
            <fprob>0.0</fprob>
        </actor>
        <actor name="D0N8">
            <wcet number="0">100</wcet>
            <wcet number="1">110</wcet>
            <maxpow number="0.6383219162427795"/>
            <maxpow number="0.6383219162427795"/>
            <fprob>0.0</fprob>
        </actor>
        <ports>
            <port dstActor="D0N29" name="p0" srcActor="D0N17"/>
            <port dstActor="D0N33" name="p1" srcActor="D0N17"/>
            <port dstActor="D0N49" name="p2" srcActor="D0N0"/>
            <port dstActor="D0N20" name="p3" srcActor="D0N0"/>
            <port dstActor="D0N46" name="p4" srcActor="D0N0"/>
            <port dstActor="D0N46" name="p5" srcActor="D0N43"/>
            <port dstActor="D0N31" name="p6" srcActor="D0N4"/>
            <port dstActor="D0N13" name="p7" srcActor="D0N4"/>
            <port dstActor="D0N43" name="p8" srcActor="D0N36"/>
            <port dstActor="D0N45" name="p9" srcActor="D0N36"/>
            <port dstActor="D0N36" name="p10" srcActor="D0N14"/>
            <port dstActor="D0N39" name="p11" srcActor="D0N14"/>
            <port dstActor="D0N42" name="p12" srcActor="D0N14"/>
            <port dstActor="D0N24" name="p13" srcActor="D0N14"/>
            <port dstActor="D0N37" name="p14" srcActor="D0N35"/>
            <port dstActor="D0N39" name="p15" srcActor="D0N33"/>
            <port dstActor="D0N49" name="p16" srcActor="D0N22"/>
            <port dstActor="D0N31" name="p17" srcActor="D0N22"/>
            <port dstActor="D0N42" name="p18" srcActor="D0N32"/>
            <port dstActor="D0N27" name="p19" srcActor="D0N19"/>
            <port dstActor="D0N26" name="p20" srcActor="D0N5"/>
            <port dstActor="D0N39" name="p21" srcActor="D0N5"/>
            <port dstActor="D0N16" name="p22" srcActor="D0N5"/>
            <port dstActor="D0N15" name="p23" srcActor="D0N5"/>
            <port dstActor="D0N27" name="p24" srcActor="D0N5"/>
            <port dstActor="D0N30" name="p25" srcActor="D0N29"/>
            <port dstActor="D0N37" name="p26" srcActor="D0N29"/>
            <port dstActor="D0N44" name="p27" srcActor="D0N30"/>
            <port dstActor="D0N36" name="p28" srcActor="D0N30"/>
            <port dstActor="D0N42" name="p29" srcActor="D0N31"/>
            <port dstActor="D0N35" name="p30" srcActor="D0N31"/>
            <port dstActor="D0N37" name="p31" srcActor="D0N34"/>
            <port dstActor="D0N47" name="p32" srcActor="D0N34"/>
            <port dstActor="D0N48" name="p33" srcActor="D0N34"/>
            <port dstActor="D0N29" name="p34" srcActor="D0N18"/>
            <port dstActor="D0N46" name="p35" srcActor="D0N18"/>
            <port dstActor="D0N33" name="p36" srcActor="D0N20"/>
            <port dstActor="D0N22" name="p37" srcActor="D0N20"/>
            <port dstActor="D0N46" name="p38" srcActor="D0N20"/>
            <port dstActor="D0N38" name="p39" srcActor="D0N20"/>
            <port dstActor="D0N34" name="p40" srcActor="D0N20"/>
            <port dstActor="D0N46" name="p41" srcActor="D0N12"/>
            <port dstActor="D0N34" name="p42" srcActor="D0N12"/>
            <port dstActor="D0N48" name="p43" srcActor="D0N12"/>
            <port dstActor="D0N36" name="p44" srcActor="D0N12"/>
            <port dstActor="D0N23" name="p45" srcActor="D0N12"/>
            <port dstActor="D0N17" name="p46" srcActor="D0N12"/>
            <port dstActor="D0N32" name="p47" srcActor="D0N12"/>
            <port dstActor="D0N29" name="p48" srcActor="D0N3"/>
            <port dstActor="D0N35" name="p49" srcActor="D0N3"/>
            <port dstActor="D0N6" name="p50" srcActor="D0N3"/>
            <port dstActor="D0N15" name="p51" srcActor="D0N3"/>
            <port dstActor="D0N15" name="p52" srcActor="D0N1"/>
            <port dstActor="D0N39" name="p53" srcActor="D0N1"/>
            <port dstActor="D0N39" name="p54" srcActor="D0N9"/>
            <port dstActor="D0N11" name="p55" srcActor="D0N9"/>
            <port dstActor="D0N36" name="p56" srcActor="D0N9"/>
            <port dstActor="D0N34" name="p57" srcActor="D0N23"/>
            <port dstActor="D0N44" name="p58" srcActor="D0N23"/>
            <port dstActor="D0N30" name="p59" srcActor="D0N2"/>
            <port dstActor="D0N37" name="p60" srcActor="D0N2"/>
            <port dstActor="D0N12" name="p61" srcActor="D0N2"/>
            <port dstActor="D0N16" name="p62" srcActor="D0N2"/>
            <port dstActor="D0N32" name="p63" srcActor="D0N2"/>
            <port dstActor="D0N43" name="p64" srcActor="D0N16"/>
            <port dstActor="D0N40" name="p65" srcActor="D0N16"/>
            <port dstActor="D0N49" name="p66" srcActor="D0N16"/>
            <port dstActor="D0N23" name="p67" srcActor="D0N16"/>
            <port dstActor="D0N43" name="p68" srcActor="D0N27"/>
            <port dstActor="D0N29" name="p69" srcActor="D0N27"/>
            <port dstActor="D0N46" name="p70" srcActor="D0N27"/>
            <port dstActor="D0N45" name="p71" srcActor="D0N38"/>
            <port dstActor="D0N42" name="p72" srcActor="D0N38"/>
            <port dstActor="D0N49" name="p73" srcActor="D0N38"/>
            <port dstActor="D0N43" name="p74" srcActor="D0N38"/>
            <port dstActor="D0N48" name="p75" srcActor="D0N38"/>
            <port dstActor="D0N44" name="p76" srcActor="D0N42"/>
            <port dstActor="D0N48" name="p77" srcActor="D0N25"/>
            <port dstActor="D0N36" name="p78" srcActor="D0N25"/>
            <port dstActor="D0N44" name="p79" srcActor="D0N25"/>
            <port dstActor="D0N47" name="p80" srcActor="D0N25"/>
            <port dstActor="D0N28" name="p81" srcActor="D0N26"/>
            <port dstActor="D0N35" name="p82" srcActor="D0N26"/>
            <port dstActor="D0N39" name="p83" srcActor="D0N26"/>
            <port dstActor="D0N46" name="p84" srcActor="D0N24"/>
            <port dstActor="D0N32" name="p85" srcActor="D0N24"/>
            <port dstActor="D0N41" name="p86" srcActor="D0N24"/>
            <port dstActor="D0N19" name="p87" srcActor="D0N10"/>
            <port dstActor="D0N27" name="p88" srcActor="D0N10"/>
            <port dstActor="D0N41" name="p89" srcActor="D0N10"/>
            <port dstActor="D0N22" name="p90" srcActor="D0N15"/>
            <port dstActor="D0N39" name="p91" srcActor="D0N15"/>
            <port dstActor="D0N45" name="p92" srcActor="D0N15"/>
            <port dstActor="D0N40" name="p93" srcActor="D0N11"/>
            <port dstActor="D0N41" name="p94" srcActor="D0N6"/>
            <port dstActor="D0N30" name="p95" srcActor="D0N6"/>
            <port dstActor="D0N47" name="p96" srcActor="D0N13"/>
            <port dstActor="D0N29" name="p97" srcActor="D0N13"/>
            <port dstActor="D0N24" name="p98" srcActor="D0N13"/>
            <port dstActor="D0N45" name="p99" srcActor="D0N40"/>
            <port dstActor="D0N45" name="p100" srcActor="D0N37"/>
            <port dstActor="D0N19" name="p101" srcActor="D0N7"/>
            <port dstActor="D0N27" name="p102" srcActor="D0N7"/>
            <port dstActor="D0N15" name="p103" srcActor="D0N7"/>
            <port dstActor="D0N18" name="p104" srcActor="D0N7"/>
            <port dstActor="D0N49" name="p105" srcActor="D0N7"/>
            <port dstActor="D0N30" name="p106" srcActor="D0N7"/>
            <port dstActor="D0N48" name="p107" srcActor="D0N7"/>
            <port dstActor="D0N28" name="p108" srcActor="D0N8"/>
            <port dstActor="D0N10" name="p109" srcActor="D0N8"/>
            <port dstActor="D0N33" name="p110" srcActor="D0N8"/>
            <port dstActor="D0N34" name="p111" srcActor="D0N8"/>
        </ports>
    </mcdag>
    <cores number="3"/>
    <levels number="2"/>
</mcsystem>
