<?xml version="1.0" encoding="UTF-8" standalone="no"?>
<mcsystem>
    <mcdag deadline="2200" name="genned-0-ed-10.0-0">
        <actor name="D0N10">
            <wcet number="0">10</wcet>
            <wcet number="1">10</wcet>
            <maxpow number="0.7571553826300418"/>
            <maxpow number="0.7571553826300418"/>
            <fprob>0.0</fprob>
        </actor>
        <actor name="D0N16">
            <wcet number="0">260</wcet>
            <wcet number="1">290</wcet>
            <maxpow number="0.35115901607285227"/>
            <maxpow number="0.35115901607285227"/>
            <fprob>0.0</fprob>
        </actor>
        <actor name="D0N33">
            <wcet number="0">20</wcet>
            <wcet number="1">20</wcet>
            <maxpow number="0.4788162734454894"/>
            <maxpow number="0.4788162734454894"/>
            <fprob>0.0</fprob>
        </actor>
        <actor name="D0N14">
            <wcet number="0">30</wcet>
            <wcet number="1">120</wcet>
            <maxpow number="0.7768710987105927"/>
            <maxpow number="0.7768710987105927"/>
            <fprob>0.0</fprob>
        </actor>
        <actor name="D0N26">
            <wcet number="0">120</wcet>
            <wcet number="1">120</wcet>
            <maxpow number="0.7295057872682218"/>
            <maxpow number="0.7295057872682218"/>
            <fprob>0.0</fprob>
        </actor>
        <actor name="D0N18">
            <wcet number="0">120</wcet>
            <wcet number="1">500</wcet>
            <maxpow number="0.48427142832712"/>
            <maxpow number="0.48427142832712"/>
            <fprob>0.0</fprob>
        </actor>
        <actor name="D0N1">
            <wcet number="0">70</wcet>
            <wcet number="1">70</wcet>
            <maxpow number="0.8902913077356953"/>
            <maxpow number="0.8902913077356953"/>
            <fprob>0.0</fprob>
        </actor>
        <actor name="D0N19">
            <wcet number="0">20</wcet>
            <wcet number="1">60</wcet>
            <maxpow number="0.7250154580096295"/>
            <maxpow number="0.7250154580096295"/>
            <fprob>0.0</fprob>
        </actor>
        <actor name="D0N46">
            <wcet number="0">70</wcet>
            <wcet number="1">160</wcet>
            <maxpow number="0.49841934897405077"/>
            <maxpow number="0.49841934897405077"/>
            <fprob>0.0</fprob>
        </actor>
        <actor name="D0N44">
            <wcet number="0">30</wcet>
            <wcet number="1">70</wcet>
            <maxpow number="0.8389806200530837"/>
            <maxpow number="0.8389806200530837"/>
            <fprob>0.0</fprob>
        </actor>
        <actor name="D0N49">
            <wcet number="0">440</wcet>
            <wcet number="1">450</wcet>
            <maxpow number="0.6135232267906872"/>
            <maxpow number="0.6135232267906872"/>
            <fprob>0.0</fprob>
        </actor>
        <actor name="D0N20">
            <wcet number="0">140</wcet>
            <wcet number="1">150</wcet>
            <maxpow number="0.3583472279718132"/>
            <maxpow number="0.3583472279718132"/>
            <fprob>0.0</fprob>
        </actor>
        <actor name="D0N21">
            <wcet number="0">70</wcet>
            <wcet number="1">120</wcet>
            <maxpow number="0.7760706915225241"/>
            <maxpow number="0.7760706915225241"/>
            <fprob>0.0</fprob>
        </actor>
        <actor name="D0N5">
            <wcet number="0">10</wcet>
            <wcet number="1">90</wcet>
            <maxpow number="0.5098806978878807"/>
            <maxpow number="0.5098806978878807"/>
            <fprob>0.0</fprob>
        </actor>
        <actor name="D0N41">
            <wcet number="0">20</wcet>
            <wcet number="1">20</wcet>
            <maxpow number="0.5946201433776399"/>
            <maxpow number="0.5946201433776399"/>
            <fprob>0.0</fprob>
        </actor>
        <actor name="D0N11">
            <wcet number="0">10</wcet>
            <wcet number="1">10</wcet>
            <maxpow number="0.6093513654646205"/>
            <maxpow number="0.6093513654646205"/>
            <fprob>0.0</fprob>
        </actor>
        <actor name="D0N35">
            <wcet number="0">20</wcet>
            <wcet number="1">60</wcet>
            <maxpow number="0.5008447650211422"/>
            <maxpow number="0.5008447650211422"/>
            <fprob>0.0</fprob>
        </actor>
        <actor name="D0N9">
            <wcet number="0">170</wcet>
            <wcet number="1">320</wcet>
            <maxpow number="0.4773472570994669"/>
            <maxpow number="0.4773472570994669"/>
            <fprob>0.0</fprob>
        </actor>
        <actor name="D0N2">
            <wcet number="0">10</wcet>
            <wcet number="1">10</wcet>
            <maxpow number="0.1405012722512437"/>
            <maxpow number="0.1405012722512437"/>
            <fprob>0.0</fprob>
        </actor>
        <actor name="D0N17">
            <wcet number="0">20</wcet>
            <wcet number="1">70</wcet>
            <maxpow number="0.530343015254285"/>
            <maxpow number="0.530343015254285"/>
            <fprob>0.0</fprob>
        </actor>
        <actor name="D0N31">
            <wcet number="0">30</wcet>
            <wcet number="1">80</wcet>
            <maxpow number="0.9661536679651048"/>
            <maxpow number="0.9661536679651048"/>
            <fprob>0.0</fprob>
        </actor>
        <actor name="D0N15">
            <wcet number="0">40</wcet>
            <wcet number="1">90</wcet>
            <maxpow number="0.7192632081699852"/>
            <maxpow number="0.7192632081699852"/>
            <fprob>0.0</fprob>
        </actor>
        <actor name="D0N29">
            <wcet number="0">20</wcet>
            <wcet number="1">50</wcet>
            <maxpow number="0.9120068161644115"/>
            <maxpow number="0.9120068161644115"/>
            <fprob>0.0</fprob>
        </actor>
        <actor name="D0N47">
            <wcet number="0">10</wcet>
            <wcet number="1">110</wcet>
            <maxpow number="0.5228125624182256"/>
            <maxpow number="0.5228125624182256"/>
            <fprob>0.0</fprob>
        </actor>
        <actor name="D0N34">
            <wcet number="0">10</wcet>
            <wcet number="1">40</wcet>
            <maxpow number="0.5210569059152269"/>
            <maxpow number="0.5210569059152269"/>
            <fprob>0.0</fprob>
        </actor>
        <actor name="D0N28">
            <wcet number="0">10</wcet>
            <wcet number="1">20</wcet>
            <maxpow number="0.6668838009587938"/>
            <maxpow number="0.6668838009587938"/>
            <fprob>0.0</fprob>
        </actor>
        <actor name="D0N0">
            <wcet number="0">20</wcet>
            <wcet number="1">50</wcet>
            <maxpow number="0.38340925636039375"/>
            <maxpow number="0.38340925636039375"/>
            <fprob>0.0</fprob>
        </actor>
        <actor name="D0N37">
            <wcet number="0">70</wcet>
            <wcet number="1">100</wcet>
            <maxpow number="0.7188417144033394"/>
            <maxpow number="0.7188417144033394"/>
            <fprob>0.0</fprob>
        </actor>
        <actor name="D0N42">
            <wcet number="0">20</wcet>
            <wcet number="1">50</wcet>
            <maxpow number="0.7286077481261679"/>
            <maxpow number="0.7286077481261679"/>
            <fprob>0.0</fprob>
        </actor>
        <actor name="D0N25">
            <wcet number="0">350</wcet>
            <wcet number="1">450</wcet>
            <maxpow number="0.44246108625766006"/>
            <maxpow number="0.44246108625766006"/>
            <fprob>0.0</fprob>
        </actor>
        <actor name="D0N40">
            <wcet number="0">10</wcet>
            <wcet number="1">30</wcet>
            <maxpow number="0.2203933323162217"/>
            <maxpow number="0.2203933323162217"/>
            <fprob>0.0</fprob>
        </actor>
        <actor name="D0N22">
            <wcet number="0">50</wcet>
            <wcet number="1">90</wcet>
            <maxpow number="0.4166291428477905"/>
            <maxpow number="0.4166291428477905"/>
            <fprob>0.0</fprob>
        </actor>
        <actor name="D0N4">
            <wcet number="0">30</wcet>
            <wcet number="1">150</wcet>
            <maxpow number="0.521923060803628"/>
            <maxpow number="0.521923060803628"/>
            <fprob>0.0</fprob>
        </actor>
        <actor name="D0N7">
            <wcet number="0">50</wcet>
            <wcet number="1">50</wcet>
            <maxpow number="0.23558721171113495"/>
            <maxpow number="0.23558721171113495"/>
            <fprob>0.0</fprob>
        </actor>
        <actor name="D0N23">
            <wcet number="0">10</wcet>
            <wcet number="1">10</wcet>
            <maxpow number="0.8969580220666589"/>
            <maxpow number="0.8969580220666589"/>
            <fprob>0.0</fprob>
        </actor>
        <actor name="D0N3">
            <wcet number="0">10</wcet>
            <wcet number="1">80</wcet>
            <maxpow number="0.46474846573296114"/>
            <maxpow number="0.46474846573296114"/>
            <fprob>0.0</fprob>
        </actor>
        <actor name="D0N24">
            <wcet number="0">10</wcet>
            <wcet number="1">40</wcet>
            <maxpow number="0.29995446309288426"/>
            <maxpow number="0.29995446309288426"/>
            <fprob>0.0</fprob>
        </actor>
        <actor name="D0N39">
            <wcet number="0">80</wcet>
            <wcet number="1">80</wcet>
            <maxpow number="0.7746495414801018"/>
            <maxpow number="0.7746495414801018"/>
            <fprob>0.0</fprob>
        </actor>
        <actor name="D0N36">
            <wcet number="0">70</wcet>
            <wcet number="1">70</wcet>
            <maxpow number="0.4942353511749365"/>
            <maxpow number="0.4942353511749365"/>
            <fprob>0.0</fprob>
        </actor>
        <actor name="D0N6">
            <wcet number="0">20</wcet>
            <wcet number="1">60</wcet>
            <maxpow number="0.7725546338552546"/>
            <maxpow number="0.7725546338552546"/>
            <fprob>0.0</fprob>
        </actor>
        <actor name="D0N32">
            <wcet number="0">110</wcet>
            <wcet number="1">180</wcet>
            <maxpow number="0.41975208814095444"/>
            <maxpow number="0.41975208814095444"/>
            <fprob>0.0</fprob>
        </actor>
        <actor name="D0N38">
            <wcet number="0">50</wcet>
            <wcet number="1">130</wcet>
            <maxpow number="0.3661350373594511"/>
            <maxpow number="0.3661350373594511"/>
            <fprob>0.0</fprob>
        </actor>
        <actor name="D0N48">
            <wcet number="0">230</wcet>
            <wcet number="1">290</wcet>
            <maxpow number="0.5414384814511962"/>
            <maxpow number="0.5414384814511962"/>
            <fprob>0.0</fprob>
        </actor>
        <actor name="D0N45">
            <wcet number="0">40</wcet>
            <wcet number="1">60</wcet>
            <maxpow number="0.5469396059968579"/>
            <maxpow number="0.5469396059968579"/>
            <fprob>0.0</fprob>
        </actor>
        <actor name="D0N8">
            <wcet number="0">10</wcet>
            <wcet number="1">30</wcet>
            <maxpow number="0.5963565711535702"/>
            <maxpow number="0.5963565711535702"/>
            <fprob>0.0</fprob>
        </actor>
        <actor name="D0N27">
            <wcet number="0">10</wcet>
            <wcet number="1">10</wcet>
            <maxpow number="0.7753879316804599"/>
            <maxpow number="0.7753879316804599"/>
            <fprob>0.0</fprob>
        </actor>
        <actor name="D0N13">
            <wcet number="0">160</wcet>
            <wcet number="1">330</wcet>
            <maxpow number="0.5176224201251496"/>
            <maxpow number="0.5176224201251496"/>
            <fprob>0.0</fprob>
        </actor>
        <actor name="D0N30">
            <wcet number="0">10</wcet>
            <wcet number="1">30</wcet>
            <maxpow number="0.6714972807082119"/>
            <maxpow number="0.6714972807082119"/>
            <fprob>0.0</fprob>
        </actor>
        <actor name="D0N12">
            <wcet number="0">20</wcet>
            <wcet number="1">20</wcet>
            <maxpow number="0.6216976750417499"/>
            <maxpow number="0.6216976750417499"/>
            <fprob>0.0</fprob>
        </actor>
        <actor name="D0N43">
            <wcet number="0">110</wcet>
            <wcet number="1">220</wcet>
            <maxpow number="0.7407140936125447"/>
            <maxpow number="0.7407140936125447"/>
            <fprob>0.0</fprob>
        </actor>
        <ports>
            <port dstActor="D0N22" name="p0" srcActor="D0N10"/>
            <port dstActor="D0N37" name="p1" srcActor="D0N16"/>
            <port dstActor="D0N36" name="p2" srcActor="D0N16"/>
            <port dstActor="D0N41" name="p3" srcActor="D0N16"/>
            <port dstActor="D0N40" name="p4" srcActor="D0N16"/>
            <port dstActor="D0N31" name="p5" srcActor="D0N16"/>
            <port dstActor="D0N39" name="p6" srcActor="D0N33"/>
            <port dstActor="D0N23" name="p7" srcActor="D0N14"/>
            <port dstActor="D0N39" name="p8" srcActor="D0N14"/>
            <port dstActor="D0N45" name="p9" srcActor="D0N26"/>
            <port dstActor="D0N38" name="p10" srcActor="D0N26"/>
            <port dstActor="D0N20" name="p11" srcActor="D0N18"/>
            <port dstActor="D0N28" name="p12" srcActor="D0N18"/>
            <port dstActor="D0N24" name="p13" srcActor="D0N18"/>
            <port dstActor="D0N26" name="p14" srcActor="D0N1"/>
            <port dstActor="D0N22" name="p15" srcActor="D0N1"/>
            <port dstActor="D0N22" name="p16" srcActor="D0N19"/>
            <port dstActor="D0N47" name="p17" srcActor="D0N19"/>
            <port dstActor="D0N41" name="p18" srcActor="D0N19"/>
            <port dstActor="D0N23" name="p19" srcActor="D0N19"/>
            <port dstActor="D0N21" name="p20" srcActor="D0N20"/>
            <port dstActor="D0N44" name="p21" srcActor="D0N20"/>
            <port dstActor="D0N42" name="p22" srcActor="D0N21"/>
            <port dstActor="D0N31" name="p23" srcActor="D0N21"/>
            <port dstActor="D0N25" name="p24" srcActor="D0N21"/>
            <port dstActor="D0N21" name="p25" srcActor="D0N5"/>
            <port dstActor="D0N41" name="p26" srcActor="D0N5"/>
            <port dstActor="D0N48" name="p27" srcActor="D0N5"/>
            <port dstActor="D0N12" name="p28" srcActor="D0N5"/>
            <port dstActor="D0N44" name="p29" srcActor="D0N41"/>
            <port dstActor="D0N45" name="p30" srcActor="D0N41"/>
            <port dstActor="D0N15" name="p31" srcActor="D0N11"/>
            <port dstActor="D0N33" name="p32" srcActor="D0N11"/>
            <port dstActor="D0N19" name="p33" srcActor="D0N11"/>
            <port dstActor="D0N24" name="p34" srcActor="D0N11"/>
            <port dstActor="D0N14" name="p35" srcActor="D0N11"/>
            <port dstActor="D0N48" name="p36" srcActor="D0N11"/>
            <port dstActor="D0N36" name="p37" srcActor="D0N35"/>
            <port dstActor="D0N47" name="p38" srcActor="D0N35"/>
            <port dstActor="D0N48" name="p39" srcActor="D0N9"/>
            <port dstActor="D0N15" name="p40" srcActor="D0N2"/>
            <port dstActor="D0N37" name="p41" srcActor="D0N2"/>
            <port dstActor="D0N32" name="p42" srcActor="D0N2"/>
            <port dstActor="D0N32" name="p43" srcActor="D0N17"/>
            <port dstActor="D0N45" name="p44" srcActor="D0N17"/>
            <port dstActor="D0N24" name="p45" srcActor="D0N17"/>
            <port dstActor="D0N48" name="p46" srcActor="D0N17"/>
            <port dstActor="D0N34" name="p47" srcActor="D0N17"/>
            <port dstActor="D0N46" name="p48" srcActor="D0N17"/>
            <port dstActor="D0N35" name="p49" srcActor="D0N31"/>
            <port dstActor="D0N46" name="p50" srcActor="D0N31"/>
            <port dstActor="D0N20" name="p51" srcActor="D0N15"/>
            <port dstActor="D0N36" name="p52" srcActor="D0N15"/>
            <port dstActor="D0N42" name="p53" srcActor="D0N15"/>
            <port dstActor="D0N18" name="p54" srcActor="D0N15"/>
            <port dstActor="D0N40" name="p55" srcActor="D0N29"/>
            <port dstActor="D0N37" name="p56" srcActor="D0N29"/>
            <port dstActor="D0N41" name="p57" srcActor="D0N29"/>
            <port dstActor="D0N49" name="p58" srcActor="D0N29"/>
            <port dstActor="D0N43" name="p59" srcActor="D0N34"/>
            <port dstActor="D0N37" name="p60" srcActor="D0N28"/>
            <port dstActor="D0N40" name="p61" srcActor="D0N28"/>
            <port dstActor="D0N30" name="p62" srcActor="D0N28"/>
            <port dstActor="D0N48" name="p63" srcActor="D0N28"/>
            <port dstActor="D0N10" name="p64" srcActor="D0N0"/>
            <port dstActor="D0N1" name="p65" srcActor="D0N0"/>
            <port dstActor="D0N12" name="p66" srcActor="D0N0"/>
            <port dstActor="D0N44" name="p67" srcActor="D0N37"/>
            <port dstActor="D0N46" name="p68" srcActor="D0N37"/>
            <port dstActor="D0N48" name="p69" srcActor="D0N37"/>
            <port dstActor="D0N46" name="p70" srcActor="D0N42"/>
            <port dstActor="D0N32" name="p71" srcActor="D0N25"/>
            <port dstActor="D0N37" name="p72" srcActor="D0N25"/>
            <port dstActor="D0N35" name="p73" srcActor="D0N22"/>
            <port dstActor="D0N42" name="p74" srcActor="D0N22"/>
            <port dstActor="D0N31" name="p75" srcActor="D0N22"/>
            <port dstActor="D0N32" name="p76" srcActor="D0N4"/>
            <port dstActor="D0N23" name="p77" srcActor="D0N4"/>
            <port dstActor="D0N28" name="p78" srcActor="D0N4"/>
            <port dstActor="D0N43" name="p79" srcActor="D0N4"/>
            <port dstActor="D0N22" name="p80" srcActor="D0N7"/>
            <port dstActor="D0N9" name="p81" srcActor="D0N7"/>
            <port dstActor="D0N14" name="p82" srcActor="D0N7"/>
            <port dstActor="D0N28" name="p83" srcActor="D0N7"/>
            <port dstActor="D0N41" name="p84" srcActor="D0N23"/>
            <port dstActor="D0N28" name="p85" srcActor="D0N23"/>
            <port dstActor="D0N30" name="p86" srcActor="D0N23"/>
            <port dstActor="D0N49" name="p87" srcActor="D0N23"/>
            <port dstActor="D0N29" name="p88" srcActor="D0N23"/>
            <port dstActor="D0N6" name="p89" srcActor="D0N3"/>
            <port dstActor="D0N26" name="p90" srcActor="D0N3"/>
            <port dstActor="D0N33" name="p91" srcActor="D0N3"/>
            <port dstActor="D0N38" name="p92" srcActor="D0N24"/>
            <port dstActor="D0N44" name="p93" srcActor="D0N24"/>
            <port dstActor="D0N40" name="p94" srcActor="D0N24"/>
            <port dstActor="D0N47" name="p95" srcActor="D0N39"/>
            <port dstActor="D0N43" name="p96" srcActor="D0N39"/>
            <port dstActor="D0N38" name="p97" srcActor="D0N36"/>
            <port dstActor="D0N49" name="p98" srcActor="D0N36"/>
            <port dstActor="D0N30" name="p99" srcActor="D0N6"/>
            <port dstActor="D0N11" name="p100" srcActor="D0N6"/>
            <port dstActor="D0N41" name="p101" srcActor="D0N6"/>
            <port dstActor="D0N33" name="p102" srcActor="D0N6"/>
            <port dstActor="D0N29" name="p103" srcActor="D0N6"/>
            <port dstActor="D0N49" name="p104" srcActor="D0N32"/>
            <port dstActor="D0N42" name="p105" srcActor="D0N8"/>
            <port dstActor="D0N22" name="p106" srcActor="D0N8"/>
            <port dstActor="D0N33" name="p107" srcActor="D0N8"/>
            <port dstActor="D0N31" name="p108" srcActor="D0N8"/>
            <port dstActor="D0N38" name="p109" srcActor="D0N8"/>
            <port dstActor="D0N35" name="p110" srcActor="D0N27"/>
            <port dstActor="D0N46" name="p111" srcActor="D0N27"/>
            <port dstActor="D0N48" name="p112" srcActor="D0N27"/>
            <port dstActor="D0N20" name="p113" srcActor="D0N13"/>
            <port dstActor="D0N33" name="p114" srcActor="D0N30"/>
            <port dstActor="D0N34" name="p115" srcActor="D0N30"/>
            <port dstActor="D0N38" name="p116" srcActor="D0N12"/>
            <port dstActor="D0N35" name="p117" srcActor="D0N12"/>
            <port dstActor="D0N45" name="p118" srcActor="D0N12"/>
            <port dstActor="D0N18" name="p119" srcActor="D0N12"/>
            <port dstActor="D0N31" name="p120" srcActor="D0N12"/>
            <port dstActor="D0N44" name="p121" srcActor="D0N43"/>
        </ports>
    </mcdag>
    <cores number="3"/>
    <levels number="2"/>
</mcsystem>
