<?xml version="1.0" encoding="UTF-8" standalone="no"?>
<mcsystem>
    <mcdag deadline="2500" name="genned-0-ed-10.0-0">
        <actor name="D0N46">
            <wcet number="0">10</wcet>
            <wcet number="1">160</wcet>
            <maxpow number="0.5072843830903098"/>
            <maxpow number="0.5072843830903098"/>
            <fprob>0.0</fprob>
        </actor>
        <actor name="D0N18">
            <wcet number="0">20</wcet>
            <wcet number="1">20</wcet>
            <maxpow number="0.501778237703514"/>
            <maxpow number="0.501778237703514"/>
            <fprob>0.0</fprob>
        </actor>
        <actor name="D0N8">
            <wcet number="0">260</wcet>
            <wcet number="1">370</wcet>
            <maxpow number="0.6168421138329234"/>
            <maxpow number="0.6168421138329234"/>
            <fprob>0.0</fprob>
        </actor>
        <actor name="D0N15">
            <wcet number="0">40</wcet>
            <wcet number="1">40</wcet>
            <maxpow number="0.7256132009091543"/>
            <maxpow number="0.7256132009091543"/>
            <fprob>0.0</fprob>
        </actor>
        <actor name="D0N41">
            <wcet number="0">80</wcet>
            <wcet number="1">130</wcet>
            <maxpow number="0.42960927749438726"/>
            <maxpow number="0.42960927749438726"/>
            <fprob>0.0</fprob>
        </actor>
        <actor name="D0N32">
            <wcet number="0">10</wcet>
            <wcet number="1">10</wcet>
            <maxpow number="0.7112802880628483"/>
            <maxpow number="0.7112802880628483"/>
            <fprob>0.0</fprob>
        </actor>
        <actor name="D0N42">
            <wcet number="0">30</wcet>
            <wcet number="1">30</wcet>
            <maxpow number="0.5706883217112395"/>
            <maxpow number="0.5706883217112395"/>
            <fprob>0.0</fprob>
        </actor>
        <actor name="D0N12">
            <wcet number="0">60</wcet>
            <wcet number="1">80</wcet>
            <maxpow number="0.6743419377365427"/>
            <maxpow number="0.6743419377365427"/>
            <fprob>0.0</fprob>
        </actor>
        <actor name="D0N35">
            <wcet number="0">160</wcet>
            <wcet number="1">170</wcet>
            <maxpow number="0.9225527492321571"/>
            <maxpow number="0.9225527492321571"/>
            <fprob>0.0</fprob>
        </actor>
        <actor name="D0N10">
            <wcet number="0">240</wcet>
            <wcet number="1">520</wcet>
            <maxpow number="0.5500675533963199"/>
            <maxpow number="0.5500675533963199"/>
            <fprob>0.0</fprob>
        </actor>
        <actor name="D0N9">
            <wcet number="0">190</wcet>
            <wcet number="1">280</wcet>
            <maxpow number="0.6387612218450269"/>
            <maxpow number="0.6387612218450269"/>
            <fprob>0.0</fprob>
        </actor>
        <actor name="D0N44">
            <wcet number="0">10</wcet>
            <wcet number="1">140</wcet>
            <maxpow number="0.6359814275156673"/>
            <maxpow number="0.6359814275156673"/>
            <fprob>0.0</fprob>
        </actor>
        <actor name="D0N16">
            <wcet number="0">210</wcet>
            <wcet number="1">330</wcet>
            <maxpow number="0.6489652848792562"/>
            <maxpow number="0.6489652848792562"/>
            <fprob>0.0</fprob>
        </actor>
        <actor name="D0N31">
            <wcet number="0">40</wcet>
            <wcet number="1">220</wcet>
            <maxpow number="0.5534290813123331"/>
            <maxpow number="0.5534290813123331"/>
            <fprob>0.0</fprob>
        </actor>
        <actor name="D0N34">
            <wcet number="0">60</wcet>
            <wcet number="1">60</wcet>
            <maxpow number="0.4209983166066388"/>
            <maxpow number="0.4209983166066388"/>
            <fprob>0.0</fprob>
        </actor>
        <actor name="D0N37">
            <wcet number="0">180</wcet>
            <wcet number="1">190</wcet>
            <maxpow number="0.30307676412286977"/>
            <maxpow number="0.30307676412286977"/>
            <fprob>0.0</fprob>
        </actor>
        <actor name="D0N26">
            <wcet number="0">10</wcet>
            <wcet number="1">10</wcet>
            <maxpow number="0.7341874026871654"/>
            <maxpow number="0.7341874026871654"/>
            <fprob>0.0</fprob>
        </actor>
        <actor name="D0N5">
            <wcet number="0">10</wcet>
            <wcet number="1">20</wcet>
            <maxpow number="0.256627524426526"/>
            <maxpow number="0.256627524426526"/>
            <fprob>0.0</fprob>
        </actor>
        <actor name="D0N40">
            <wcet number="0">80</wcet>
            <wcet number="1">80</wcet>
            <maxpow number="0.4502335408138004"/>
            <maxpow number="0.4502335408138004"/>
            <fprob>0.0</fprob>
        </actor>
        <actor name="D0N20">
            <wcet number="0">10</wcet>
            <wcet number="1">10</wcet>
            <maxpow number="0.7797858985952362"/>
            <maxpow number="0.7797858985952362"/>
            <fprob>0.0</fprob>
        </actor>
        <actor name="D0N47">
            <wcet number="0">40</wcet>
            <wcet number="1">140</wcet>
            <maxpow number="0.6088926152094604"/>
            <maxpow number="0.6088926152094604"/>
            <fprob>0.0</fprob>
        </actor>
        <actor name="D0N38">
            <wcet number="0">200</wcet>
            <wcet number="1">370</wcet>
            <maxpow number="0.530881562475788"/>
            <maxpow number="0.530881562475788"/>
            <fprob>0.0</fprob>
        </actor>
        <actor name="D0N7">
            <wcet number="0">120</wcet>
            <wcet number="1">140</wcet>
            <maxpow number="0.6811041958496443"/>
            <maxpow number="0.6811041958496443"/>
            <fprob>0.0</fprob>
        </actor>
        <actor name="D0N6">
            <wcet number="0">30</wcet>
            <wcet number="1">50</wcet>
            <maxpow number="0.8471279736773729"/>
            <maxpow number="0.8471279736773729"/>
            <fprob>0.0</fprob>
        </actor>
        <actor name="D0N17">
            <wcet number="0">110</wcet>
            <wcet number="1">110</wcet>
            <maxpow number="0.5005415709024273"/>
            <maxpow number="0.5005415709024273"/>
            <fprob>0.0</fprob>
        </actor>
        <actor name="D0N22">
            <wcet number="0">140</wcet>
            <wcet number="1">150</wcet>
            <maxpow number="0.6531106968401146"/>
            <maxpow number="0.6531106968401146"/>
            <fprob>0.0</fprob>
        </actor>
        <actor name="D0N33">
            <wcet number="0">20</wcet>
            <wcet number="1">40</wcet>
            <maxpow number="0.7711754476498774"/>
            <maxpow number="0.7711754476498774"/>
            <fprob>0.0</fprob>
        </actor>
        <actor name="D0N45">
            <wcet number="0">120</wcet>
            <wcet number="1">250</wcet>
            <maxpow number="0.7321182516524831"/>
            <maxpow number="0.7321182516524831"/>
            <fprob>0.0</fprob>
        </actor>
        <actor name="D0N28">
            <wcet number="0">100</wcet>
            <wcet number="1">100</wcet>
            <maxpow number="0.28849731622623315"/>
            <maxpow number="0.28849731622623315"/>
            <fprob>0.0</fprob>
        </actor>
        <actor name="D0N27">
            <wcet number="0">100</wcet>
            <wcet number="1">130</wcet>
            <maxpow number="0.9403543806005064"/>
            <maxpow number="0.9403543806005064"/>
            <fprob>0.0</fprob>
        </actor>
        <actor name="D0N23">
            <wcet number="0">60</wcet>
            <wcet number="1">60</wcet>
            <maxpow number="0.31152465830305875"/>
            <maxpow number="0.31152465830305875"/>
            <fprob>0.0</fprob>
        </actor>
        <actor name="D0N4">
            <wcet number="0">20</wcet>
            <wcet number="1">90</wcet>
            <maxpow number="0.5057087219837797"/>
            <maxpow number="0.5057087219837797"/>
            <fprob>0.0</fprob>
        </actor>
        <actor name="D0N48">
            <wcet number="0">130</wcet>
            <wcet number="1">170</wcet>
            <maxpow number="0.3134982277399335"/>
            <maxpow number="0.3134982277399335"/>
            <fprob>0.0</fprob>
        </actor>
        <actor name="D0N0">
            <wcet number="0">50</wcet>
            <wcet number="1">80</wcet>
            <maxpow number="0.5169417545398278"/>
            <maxpow number="0.5169417545398278"/>
            <fprob>0.0</fprob>
        </actor>
        <actor name="D0N3">
            <wcet number="0">110</wcet>
            <wcet number="1">130</wcet>
            <maxpow number="0.3391513522036669"/>
            <maxpow number="0.3391513522036669"/>
            <fprob>0.0</fprob>
        </actor>
        <actor name="D0N21">
            <wcet number="0">40</wcet>
            <wcet number="1">150</wcet>
            <maxpow number="0.7677931099576017"/>
            <maxpow number="0.7677931099576017"/>
            <fprob>0.0</fprob>
        </actor>
        <actor name="D0N11">
            <wcet number="0">10</wcet>
            <wcet number="1">60</wcet>
            <maxpow number="0.7144800611524389"/>
            <maxpow number="0.7144800611524389"/>
            <fprob>0.0</fprob>
        </actor>
        <actor name="D0N1">
            <wcet number="0">140</wcet>
            <wcet number="1">170</wcet>
            <maxpow number="0.5948667717946454"/>
            <maxpow number="0.5948667717946454"/>
            <fprob>0.0</fprob>
        </actor>
        <actor name="D0N29">
            <wcet number="0">50</wcet>
            <wcet number="1">50</wcet>
            <maxpow number="0.5121527004809644"/>
            <maxpow number="0.5121527004809644"/>
            <fprob>0.0</fprob>
        </actor>
        <actor name="D0N39">
            <wcet number="0">10</wcet>
            <wcet number="1">180</wcet>
            <maxpow number="0.5885592015407853"/>
            <maxpow number="0.5885592015407853"/>
            <fprob>0.0</fprob>
        </actor>
        <actor name="D0N13">
            <wcet number="0">100</wcet>
            <wcet number="1">100</wcet>
            <maxpow number="0.2772515056421274"/>
            <maxpow number="0.2772515056421274"/>
            <fprob>0.0</fprob>
        </actor>
        <actor name="D0N24">
            <wcet number="0">30</wcet>
            <wcet number="1">40</wcet>
            <maxpow number="0.5124508682211133"/>
            <maxpow number="0.5124508682211133"/>
            <fprob>0.0</fprob>
        </actor>
        <actor name="D0N25">
            <wcet number="0">50</wcet>
            <wcet number="1">80</wcet>
            <maxpow number="0.7024179828362322"/>
            <maxpow number="0.7024179828362322"/>
            <fprob>0.0</fprob>
        </actor>
        <actor name="D0N2">
            <wcet number="0">10</wcet>
            <wcet number="1">10</wcet>
            <maxpow number="0.3526661815309236"/>
            <maxpow number="0.3526661815309236"/>
            <fprob>0.0</fprob>
        </actor>
        <actor name="D0N43">
            <wcet number="0">150</wcet>
            <wcet number="1">570</wcet>
            <maxpow number="0.4817212891832815"/>
            <maxpow number="0.4817212891832815"/>
            <fprob>0.0</fprob>
        </actor>
        <actor name="D0N30">
            <wcet number="0">70</wcet>
            <wcet number="1">150</wcet>
            <maxpow number="0.5433766168188059"/>
            <maxpow number="0.5433766168188059"/>
            <fprob>0.0</fprob>
        </actor>
        <actor name="D0N14">
            <wcet number="0">40</wcet>
            <wcet number="1">90</wcet>
            <maxpow number="0.5410244186421056"/>
            <maxpow number="0.5410244186421056"/>
            <fprob>0.0</fprob>
        </actor>
        <actor name="D0N36">
            <wcet number="0">70</wcet>
            <wcet number="1">80</wcet>
            <maxpow number="0.5520011341867163"/>
            <maxpow number="0.5520011341867163"/>
            <fprob>0.0</fprob>
        </actor>
        <actor name="D0N19">
            <wcet number="0">40</wcet>
            <wcet number="1">140</wcet>
            <maxpow number="0.4317439301778778"/>
            <maxpow number="0.4317439301778778"/>
            <fprob>0.0</fprob>
        </actor>
        <ports>
            <port dstActor="D0N32" name="p0" srcActor="D0N18"/>
            <port dstActor="D0N9" name="p1" srcActor="D0N8"/>
            <port dstActor="D0N13" name="p2" srcActor="D0N8"/>
            <port dstActor="D0N45" name="p3" srcActor="D0N8"/>
            <port dstActor="D0N24" name="p4" srcActor="D0N15"/>
            <port dstActor="D0N35" name="p5" srcActor="D0N15"/>
            <port dstActor="D0N45" name="p6" srcActor="D0N15"/>
            <port dstActor="D0N13" name="p7" srcActor="D0N12"/>
            <port dstActor="D0N42" name="p8" srcActor="D0N12"/>
            <port dstActor="D0N36" name="p9" srcActor="D0N35"/>
            <port dstActor="D0N38" name="p10" srcActor="D0N10"/>
            <port dstActor="D0N32" name="p11" srcActor="D0N10"/>
            <port dstActor="D0N39" name="p12" srcActor="D0N10"/>
            <port dstActor="D0N40" name="p13" srcActor="D0N10"/>
            <port dstActor="D0N31" name="p14" srcActor="D0N9"/>
            <port dstActor="D0N42" name="p15" srcActor="D0N9"/>
            <port dstActor="D0N20" name="p16" srcActor="D0N16"/>
            <port dstActor="D0N29" name="p17" srcActor="D0N16"/>
            <port dstActor="D0N28" name="p18" srcActor="D0N16"/>
            <port dstActor="D0N21" name="p19" srcActor="D0N16"/>
            <port dstActor="D0N45" name="p20" srcActor="D0N31"/>
            <port dstActor="D0N45" name="p21" srcActor="D0N34"/>
            <port dstActor="D0N45" name="p22" srcActor="D0N37"/>
            <port dstActor="D0N37" name="p23" srcActor="D0N5"/>
            <port dstActor="D0N19" name="p24" srcActor="D0N5"/>
            <port dstActor="D0N23" name="p25" srcActor="D0N5"/>
            <port dstActor="D0N30" name="p26" srcActor="D0N5"/>
            <port dstActor="D0N29" name="p27" srcActor="D0N5"/>
            <port dstActor="D0N7" name="p28" srcActor="D0N5"/>
            <port dstActor="D0N35" name="p29" srcActor="D0N20"/>
            <port dstActor="D0N44" name="p30" srcActor="D0N38"/>
            <port dstActor="D0N39" name="p31" srcActor="D0N38"/>
            <port dstActor="D0N11" name="p32" srcActor="D0N7"/>
            <port dstActor="D0N28" name="p33" srcActor="D0N7"/>
            <port dstActor="D0N46" name="p34" srcActor="D0N7"/>
            <port dstActor="D0N10" name="p35" srcActor="D0N6"/>
            <port dstActor="D0N27" name="p36" srcActor="D0N6"/>
            <port dstActor="D0N16" name="p37" srcActor="D0N6"/>
            <port dstActor="D0N27" name="p38" srcActor="D0N17"/>
            <port dstActor="D0N36" name="p39" srcActor="D0N17"/>
            <port dstActor="D0N41" name="p40" srcActor="D0N22"/>
            <port dstActor="D0N34" name="p41" srcActor="D0N33"/>
            <port dstActor="D0N48" name="p42" srcActor="D0N33"/>
            <port dstActor="D0N47" name="p43" srcActor="D0N45"/>
            <port dstActor="D0N42" name="p44" srcActor="D0N28"/>
            <port dstActor="D0N48" name="p45" srcActor="D0N28"/>
            <port dstActor="D0N41" name="p46" srcActor="D0N28"/>
            <port dstActor="D0N35" name="p47" srcActor="D0N28"/>
            <port dstActor="D0N42" name="p48" srcActor="D0N27"/>
            <port dstActor="D0N46" name="p49" srcActor="D0N27"/>
            <port dstActor="D0N35" name="p50" srcActor="D0N23"/>
            <port dstActor="D0N24" name="p51" srcActor="D0N23"/>
            <port dstActor="D0N25" name="p52" srcActor="D0N23"/>
            <port dstActor="D0N38" name="p53" srcActor="D0N23"/>
            <port dstActor="D0N44" name="p54" srcActor="D0N23"/>
            <port dstActor="D0N33" name="p55" srcActor="D0N4"/>
            <port dstActor="D0N36" name="p56" srcActor="D0N4"/>
            <port dstActor="D0N12" name="p57" srcActor="D0N4"/>
            <port dstActor="D0N24" name="p58" srcActor="D0N4"/>
            <port dstActor="D0N42" name="p59" srcActor="D0N4"/>
            <port dstActor="D0N46" name="p60" srcActor="D0N4"/>
            <port dstActor="D0N20" name="p61" srcActor="D0N4"/>
            <port dstActor="D0N39" name="p62" srcActor="D0N4"/>
            <port dstActor="D0N11" name="p63" srcActor="D0N0"/>
            <port dstActor="D0N15" name="p64" srcActor="D0N0"/>
            <port dstActor="D0N48" name="p65" srcActor="D0N0"/>
            <port dstActor="D0N39" name="p66" srcActor="D0N0"/>
            <port dstActor="D0N10" name="p67" srcActor="D0N0"/>
            <port dstActor="D0N22" name="p68" srcActor="D0N0"/>
            <port dstActor="D0N25" name="p69" srcActor="D0N0"/>
            <port dstActor="D0N33" name="p70" srcActor="D0N3"/>
            <port dstActor="D0N38" name="p71" srcActor="D0N3"/>
            <port dstActor="D0N44" name="p72" srcActor="D0N21"/>
            <port dstActor="D0N41" name="p73" srcActor="D0N11"/>
            <port dstActor="D0N43" name="p74" srcActor="D0N11"/>
            <port dstActor="D0N17" name="p75" srcActor="D0N11"/>
            <port dstActor="D0N26" name="p76" srcActor="D0N1"/>
            <port dstActor="D0N6" name="p77" srcActor="D0N1"/>
            <port dstActor="D0N14" name="p78" srcActor="D0N1"/>
            <port dstActor="D0N42" name="p79" srcActor="D0N1"/>
            <port dstActor="D0N48" name="p80" srcActor="D0N1"/>
            <port dstActor="D0N28" name="p81" srcActor="D0N1"/>
            <port dstActor="D0N42" name="p82" srcActor="D0N29"/>
            <port dstActor="D0N48" name="p83" srcActor="D0N29"/>
            <port dstActor="D0N44" name="p84" srcActor="D0N39"/>
            <port dstActor="D0N45" name="p85" srcActor="D0N39"/>
            <port dstActor="D0N22" name="p86" srcActor="D0N13"/>
            <port dstActor="D0N29" name="p87" srcActor="D0N24"/>
            <port dstActor="D0N41" name="p88" srcActor="D0N24"/>
            <port dstActor="D0N33" name="p89" srcActor="D0N25"/>
            <port dstActor="D0N44" name="p90" srcActor="D0N25"/>
            <port dstActor="D0N45" name="p91" srcActor="D0N25"/>
            <port dstActor="D0N41" name="p92" srcActor="D0N25"/>
            <port dstActor="D0N30" name="p93" srcActor="D0N25"/>
            <port dstActor="D0N10" name="p94" srcActor="D0N2"/>
            <port dstActor="D0N23" name="p95" srcActor="D0N2"/>
            <port dstActor="D0N45" name="p96" srcActor="D0N2"/>
            <port dstActor="D0N7" name="p97" srcActor="D0N2"/>
            <port dstActor="D0N48" name="p98" srcActor="D0N2"/>
            <port dstActor="D0N41" name="p99" srcActor="D0N2"/>
            <port dstActor="D0N42" name="p100" srcActor="D0N30"/>
            <port dstActor="D0N44" name="p101" srcActor="D0N30"/>
            <port dstActor="D0N35" name="p102" srcActor="D0N14"/>
            <port dstActor="D0N45" name="p103" srcActor="D0N14"/>
            <port dstActor="D0N32" name="p104" srcActor="D0N14"/>
            <port dstActor="D0N44" name="p105" srcActor="D0N36"/>
            <port dstActor="D0N32" name="p106" srcActor="D0N19"/>
            <port dstActor="D0N34" name="p107" srcActor="D0N19"/>
            <port dstActor="D0N43" name="p108" srcActor="D0N19"/>
        </ports>
    </mcdag>
    <cores number="3"/>
    <levels number="2"/>
</mcsystem>
