<?xml version="1.0" encoding="UTF-8" standalone="no"?>
<mcsystem>
    <mcdag deadline="2200" name="genned-0-ed-10.0-0">
        <actor name="D0N25">
            <wcet number="0">10</wcet>
            <wcet number="1">10</wcet>
            <maxpow number="0.4526659369597442"/>
            <maxpow number="0.4526659369597442"/>
            <fprob>0.0</fprob>
        </actor>
        <actor name="D0N9">
            <wcet number="0">140</wcet>
            <wcet number="1">190</wcet>
            <maxpow number="0.6148448216361828"/>
            <maxpow number="0.6148448216361828"/>
            <fprob>0.0</fprob>
        </actor>
        <actor name="D0N40">
            <wcet number="0">90</wcet>
            <wcet number="1">90</wcet>
            <maxpow number="0.2694290475832"/>
            <maxpow number="0.2694290475832"/>
            <fprob>0.0</fprob>
        </actor>
        <actor name="D0N13">
            <wcet number="0">90</wcet>
            <wcet number="1">90</wcet>
            <maxpow number="0.5840894381703071"/>
            <maxpow number="0.5840894381703071"/>
            <fprob>0.0</fprob>
        </actor>
        <actor name="D0N19">
            <wcet number="0">50</wcet>
            <wcet number="1">500</wcet>
            <maxpow number="0.5440891222438994"/>
            <maxpow number="0.5440891222438994"/>
            <fprob>0.0</fprob>
        </actor>
        <actor name="D0N15">
            <wcet number="0">90</wcet>
            <wcet number="1">110</wcet>
            <maxpow number="0.4991053711508608"/>
            <maxpow number="0.4991053711508608"/>
            <fprob>0.0</fprob>
        </actor>
        <actor name="D0N1">
            <wcet number="0">10</wcet>
            <wcet number="1">20</wcet>
            <maxpow number="0.747332850323035"/>
            <maxpow number="0.747332850323035"/>
            <fprob>0.0</fprob>
        </actor>
        <actor name="D0N47">
            <wcet number="0">20</wcet>
            <wcet number="1">30</wcet>
            <maxpow number="0.5494925961640584"/>
            <maxpow number="0.5494925961640584"/>
            <fprob>0.0</fprob>
        </actor>
        <actor name="D0N20">
            <wcet number="0">10</wcet>
            <wcet number="1">10</wcet>
            <maxpow number="0.7053310802703149"/>
            <maxpow number="0.7053310802703149"/>
            <fprob>0.0</fprob>
        </actor>
        <actor name="D0N33">
            <wcet number="0">10</wcet>
            <wcet number="1">10</wcet>
            <maxpow number="0.5492243630150784"/>
            <maxpow number="0.5492243630150784"/>
            <fprob>0.0</fprob>
        </actor>
        <actor name="D0N37">
            <wcet number="0">80</wcet>
            <wcet number="1">80</wcet>
            <maxpow number="0.235880909170197"/>
            <maxpow number="0.235880909170197"/>
            <fprob>0.0</fprob>
        </actor>
        <actor name="D0N3">
            <wcet number="0">190</wcet>
            <wcet number="1">440</wcet>
            <maxpow number="0.5336408608615696"/>
            <maxpow number="0.5336408608615696"/>
            <fprob>0.0</fprob>
        </actor>
        <actor name="D0N28">
            <wcet number="0">10</wcet>
            <wcet number="1">10</wcet>
            <maxpow number="0.5339953987885634"/>
            <maxpow number="0.5339953987885634"/>
            <fprob>0.0</fprob>
        </actor>
        <actor name="D0N48">
            <wcet number="0">10</wcet>
            <wcet number="1">50</wcet>
            <maxpow number="0.8462383584700566"/>
            <maxpow number="0.8462383584700566"/>
            <fprob>0.0</fprob>
        </actor>
        <actor name="D0N22">
            <wcet number="0">150</wcet>
            <wcet number="1">280</wcet>
            <maxpow number="0.6452074283936905"/>
            <maxpow number="0.6452074283936905"/>
            <fprob>0.0</fprob>
        </actor>
        <actor name="D0N2">
            <wcet number="0">50</wcet>
            <wcet number="1">180</wcet>
            <maxpow number="0.7435712969166939"/>
            <maxpow number="0.7435712969166939"/>
            <fprob>0.0</fprob>
        </actor>
        <actor name="D0N38">
            <wcet number="0">110</wcet>
            <wcet number="1">200</wcet>
            <maxpow number="0.5335268995573181"/>
            <maxpow number="0.5335268995573181"/>
            <fprob>0.0</fprob>
        </actor>
        <actor name="D0N17">
            <wcet number="0">90</wcet>
            <wcet number="1">100</wcet>
            <maxpow number="0.6523850867934198"/>
            <maxpow number="0.6523850867934198"/>
            <fprob>0.0</fprob>
        </actor>
        <actor name="D0N29">
            <wcet number="0">30</wcet>
            <wcet number="1">90</wcet>
            <maxpow number="0.2659476032973857"/>
            <maxpow number="0.2659476032973857"/>
            <fprob>0.0</fprob>
        </actor>
        <actor name="D0N0">
            <wcet number="0">90</wcet>
            <wcet number="1">90</wcet>
            <maxpow number="0.28290124296335345"/>
            <maxpow number="0.28290124296335345"/>
            <fprob>0.0</fprob>
        </actor>
        <actor name="D0N36">
            <wcet number="0">10</wcet>
            <wcet number="1">10</wcet>
            <maxpow number="0.4430521326504674"/>
            <maxpow number="0.4430521326504674"/>
            <fprob>0.0</fprob>
        </actor>
        <actor name="D0N24">
            <wcet number="0">10</wcet>
            <wcet number="1">10</wcet>
            <maxpow number="0.4417157230098653"/>
            <maxpow number="0.4417157230098653"/>
            <fprob>0.0</fprob>
        </actor>
        <actor name="D0N41">
            <wcet number="0">40</wcet>
            <wcet number="1">40</wcet>
            <maxpow number="0.6375979425477077"/>
            <maxpow number="0.6375979425477077"/>
            <fprob>0.0</fprob>
        </actor>
        <actor name="D0N44">
            <wcet number="0">360</wcet>
            <wcet number="1">430</wcet>
            <maxpow number="0.7983801502118626"/>
            <maxpow number="0.7983801502118626"/>
            <fprob>0.0</fprob>
        </actor>
        <actor name="D0N18">
            <wcet number="0">40</wcet>
            <wcet number="1">90</wcet>
            <maxpow number="0.7953457169075178"/>
            <maxpow number="0.7953457169075178"/>
            <fprob>0.0</fprob>
        </actor>
        <actor name="D0N43">
            <wcet number="0">60</wcet>
            <wcet number="1">110</wcet>
            <maxpow number="0.69928992208071"/>
            <maxpow number="0.69928992208071"/>
            <fprob>0.0</fprob>
        </actor>
        <actor name="D0N45">
            <wcet number="0">30</wcet>
            <wcet number="1">40</wcet>
            <maxpow number="0.6813180936417624"/>
            <maxpow number="0.6813180936417624"/>
            <fprob>0.0</fprob>
        </actor>
        <actor name="D0N21">
            <wcet number="0">10</wcet>
            <wcet number="1">10</wcet>
            <maxpow number="0.5113031707531509"/>
            <maxpow number="0.5113031707531509"/>
            <fprob>0.0</fprob>
        </actor>
        <actor name="D0N46">
            <wcet number="0">30</wcet>
            <wcet number="1">40</wcet>
            <maxpow number="0.5306941407060343"/>
            <maxpow number="0.5306941407060343"/>
            <fprob>0.0</fprob>
        </actor>
        <actor name="D0N16">
            <wcet number="0">40</wcet>
            <wcet number="1">370</wcet>
            <maxpow number="0.998999456536134"/>
            <maxpow number="0.998999456536134"/>
            <fprob>0.0</fprob>
        </actor>
        <actor name="D0N26">
            <wcet number="0">10</wcet>
            <wcet number="1">10</wcet>
            <maxpow number="0.6051057474599135"/>
            <maxpow number="0.6051057474599135"/>
            <fprob>0.0</fprob>
        </actor>
        <actor name="D0N5">
            <wcet number="0">70</wcet>
            <wcet number="1">80</wcet>
            <maxpow number="0.6670627487513722"/>
            <maxpow number="0.6670627487513722"/>
            <fprob>0.0</fprob>
        </actor>
        <actor name="D0N35">
            <wcet number="0">80</wcet>
            <wcet number="1">80</wcet>
            <maxpow number="0.599286257185989"/>
            <maxpow number="0.599286257185989"/>
            <fprob>0.0</fprob>
        </actor>
        <actor name="D0N14">
            <wcet number="0">20</wcet>
            <wcet number="1">20</wcet>
            <maxpow number="0.6405006509456135"/>
            <maxpow number="0.6405006509456135"/>
            <fprob>0.0</fprob>
        </actor>
        <actor name="D0N6">
            <wcet number="0">40</wcet>
            <wcet number="1">170</wcet>
            <maxpow number="0.5578110299372719"/>
            <maxpow number="0.5578110299372719"/>
            <fprob>0.0</fprob>
        </actor>
        <actor name="D0N8">
            <wcet number="0">80</wcet>
            <wcet number="1">90</wcet>
            <maxpow number="0.5155804188111636"/>
            <maxpow number="0.5155804188111636"/>
            <fprob>0.0</fprob>
        </actor>
        <actor name="D0N4">
            <wcet number="0">20</wcet>
            <wcet number="1">50</wcet>
            <maxpow number="0.8315030933117289"/>
            <maxpow number="0.8315030933117289"/>
            <fprob>0.0</fprob>
        </actor>
        <actor name="D0N23">
            <wcet number="0">50</wcet>
            <wcet number="1">90</wcet>
            <maxpow number="0.5822996449398306"/>
            <maxpow number="0.5822996449398306"/>
            <fprob>0.0</fprob>
        </actor>
        <actor name="D0N10">
            <wcet number="0">60</wcet>
            <wcet number="1">70</wcet>
            <maxpow number="0.5402321136979045"/>
            <maxpow number="0.5402321136979045"/>
            <fprob>0.0</fprob>
        </actor>
        <actor name="D0N11">
            <wcet number="0">50</wcet>
            <wcet number="1">70</wcet>
            <maxpow number="0.6490261136312515"/>
            <maxpow number="0.6490261136312515"/>
            <fprob>0.0</fprob>
        </actor>
        <actor name="D0N32">
            <wcet number="0">90</wcet>
            <wcet number="1">330</wcet>
            <maxpow number="0.021027549348583197"/>
            <maxpow number="0.021027549348583197"/>
            <fprob>0.0</fprob>
        </actor>
        <actor name="D0N34">
            <wcet number="0">250</wcet>
            <wcet number="1">250</wcet>
            <maxpow number="0.5765398220167339"/>
            <maxpow number="0.5765398220167339"/>
            <fprob>0.0</fprob>
        </actor>
        <actor name="D0N39">
            <wcet number="0">40</wcet>
            <wcet number="1">100</wcet>
            <maxpow number="0.49340701857097613"/>
            <maxpow number="0.49340701857097613"/>
            <fprob>0.0</fprob>
        </actor>
        <actor name="D0N12">
            <wcet number="0">50</wcet>
            <wcet number="1">220</wcet>
            <maxpow number="0.6609901165572063"/>
            <maxpow number="0.6609901165572063"/>
            <fprob>0.0</fprob>
        </actor>
        <actor name="D0N31">
            <wcet number="0">50</wcet>
            <wcet number="1">70</wcet>
            <maxpow number="0.5622785548579967"/>
            <maxpow number="0.5622785548579967"/>
            <fprob>0.0</fprob>
        </actor>
        <actor name="D0N30">
            <wcet number="0">10</wcet>
            <wcet number="1">10</wcet>
            <maxpow number="0.585271045534655"/>
            <maxpow number="0.585271045534655"/>
            <fprob>0.0</fprob>
        </actor>
        <actor name="D0N27">
            <wcet number="0">100</wcet>
            <wcet number="1">120</wcet>
            <maxpow number="0.2743916398412645"/>
            <maxpow number="0.2743916398412645"/>
            <fprob>0.0</fprob>
        </actor>
        <actor name="D0N42">
            <wcet number="0">70</wcet>
            <wcet number="1">110</wcet>
            <maxpow number="0.5981946353192791"/>
            <maxpow number="0.5981946353192791"/>
            <fprob>0.0</fprob>
        </actor>
        <actor name="D0N7">
            <wcet number="0">50</wcet>
            <wcet number="1">50</wcet>
            <maxpow number="0.37170738894053634"/>
            <maxpow number="0.37170738894053634"/>
            <fprob>0.0</fprob>
        </actor>
        <ports>
            <port dstActor="D0N27" name="p0" srcActor="D0N25"/>
            <port dstActor="D0N35" name="p1" srcActor="D0N25"/>
            <port dstActor="D0N26" name="p2" srcActor="D0N25"/>
            <port dstActor="D0N29" name="p3" srcActor="D0N25"/>
            <port dstActor="D0N34" name="p4" srcActor="D0N25"/>
            <port dstActor="D0N40" name="p5" srcActor="D0N9"/>
            <port dstActor="D0N46" name="p6" srcActor="D0N9"/>
            <port dstActor="D0N20" name="p7" srcActor="D0N9"/>
            <port dstActor="D0N28" name="p8" srcActor="D0N9"/>
            <port dstActor="D0N19" name="p9" srcActor="D0N13"/>
            <port dstActor="D0N23" name="p10" srcActor="D0N13"/>
            <port dstActor="D0N42" name="p11" srcActor="D0N13"/>
            <port dstActor="D0N18" name="p12" srcActor="D0N13"/>
            <port dstActor="D0N47" name="p13" srcActor="D0N19"/>
            <port dstActor="D0N43" name="p14" srcActor="D0N19"/>
            <port dstActor="D0N46" name="p15" srcActor="D0N19"/>
            <port dstActor="D0N37" name="p16" srcActor="D0N15"/>
            <port dstActor="D0N24" name="p17" srcActor="D0N15"/>
            <port dstActor="D0N42" name="p18" srcActor="D0N15"/>
            <port dstActor="D0N18" name="p19" srcActor="D0N15"/>
            <port dstActor="D0N42" name="p20" srcActor="D0N1"/>
            <port dstActor="D0N48" name="p21" srcActor="D0N47"/>
            <port dstActor="D0N47" name="p22" srcActor="D0N20"/>
            <port dstActor="D0N39" name="p23" srcActor="D0N20"/>
            <port dstActor="D0N32" name="p24" srcActor="D0N20"/>
            <port dstActor="D0N36" name="p25" srcActor="D0N33"/>
            <port dstActor="D0N17" name="p26" srcActor="D0N3"/>
            <port dstActor="D0N10" name="p27" srcActor="D0N3"/>
            <port dstActor="D0N30" name="p28" srcActor="D0N3"/>
            <port dstActor="D0N43" name="p29" srcActor="D0N3"/>
            <port dstActor="D0N39" name="p30" srcActor="D0N28"/>
            <port dstActor="D0N43" name="p31" srcActor="D0N28"/>
            <port dstActor="D0N38" name="p32" srcActor="D0N28"/>
            <port dstActor="D0N31" name="p33" srcActor="D0N22"/>
            <port dstActor="D0N12" name="p34" srcActor="D0N2"/>
            <port dstActor="D0N16" name="p35" srcActor="D0N2"/>
            <port dstActor="D0N34" name="p36" srcActor="D0N2"/>
            <port dstActor="D0N45" name="p37" srcActor="D0N2"/>
            <port dstActor="D0N37" name="p38" srcActor="D0N2"/>
            <port dstActor="D0N40" name="p39" srcActor="D0N38"/>
            <port dstActor="D0N46" name="p40" srcActor="D0N38"/>
            <port dstActor="D0N45" name="p41" srcActor="D0N38"/>
            <port dstActor="D0N39" name="p42" srcActor="D0N38"/>
            <port dstActor="D0N25" name="p43" srcActor="D0N17"/>
            <port dstActor="D0N45" name="p44" srcActor="D0N17"/>
            <port dstActor="D0N41" name="p45" srcActor="D0N17"/>
            <port dstActor="D0N30" name="p46" srcActor="D0N29"/>
            <port dstActor="D0N40" name="p47" srcActor="D0N0"/>
            <port dstActor="D0N45" name="p48" srcActor="D0N36"/>
            <port dstActor="D0N36" name="p49" srcActor="D0N24"/>
            <port dstActor="D0N26" name="p50" srcActor="D0N24"/>
            <port dstActor="D0N30" name="p51" srcActor="D0N24"/>
            <port dstActor="D0N42" name="p52" srcActor="D0N24"/>
            <port dstActor="D0N47" name="p53" srcActor="D0N41"/>
            <port dstActor="D0N34" name="p54" srcActor="D0N18"/>
            <port dstActor="D0N38" name="p55" srcActor="D0N18"/>
            <port dstActor="D0N47" name="p56" srcActor="D0N43"/>
            <port dstActor="D0N47" name="p57" srcActor="D0N45"/>
            <port dstActor="D0N41" name="p58" srcActor="D0N16"/>
            <port dstActor="D0N46" name="p59" srcActor="D0N16"/>
            <port dstActor="D0N48" name="p60" srcActor="D0N16"/>
            <port dstActor="D0N17" name="p61" srcActor="D0N16"/>
            <port dstActor="D0N36" name="p62" srcActor="D0N26"/>
            <port dstActor="D0N41" name="p63" srcActor="D0N26"/>
            <port dstActor="D0N39" name="p64" srcActor="D0N26"/>
            <port dstActor="D0N41" name="p65" srcActor="D0N5"/>
            <port dstActor="D0N32" name="p66" srcActor="D0N5"/>
            <port dstActor="D0N22" name="p67" srcActor="D0N5"/>
            <port dstActor="D0N42" name="p68" srcActor="D0N35"/>
            <port dstActor="D0N39" name="p69" srcActor="D0N14"/>
            <port dstActor="D0N46" name="p70" srcActor="D0N14"/>
            <port dstActor="D0N19" name="p71" srcActor="D0N14"/>
            <port dstActor="D0N45" name="p72" srcActor="D0N14"/>
            <port dstActor="D0N10" name="p73" srcActor="D0N6"/>
            <port dstActor="D0N32" name="p74" srcActor="D0N6"/>
            <port dstActor="D0N39" name="p75" srcActor="D0N6"/>
            <port dstActor="D0N16" name="p76" srcActor="D0N6"/>
            <port dstActor="D0N44" name="p77" srcActor="D0N8"/>
            <port dstActor="D0N18" name="p78" srcActor="D0N8"/>
            <port dstActor="D0N9" name="p79" srcActor="D0N4"/>
            <port dstActor="D0N22" name="p80" srcActor="D0N4"/>
            <port dstActor="D0N34" name="p81" srcActor="D0N4"/>
            <port dstActor="D0N36" name="p82" srcActor="D0N10"/>
            <port dstActor="D0N21" name="p83" srcActor="D0N10"/>
            <port dstActor="D0N24" name="p84" srcActor="D0N10"/>
            <port dstActor="D0N48" name="p85" srcActor="D0N10"/>
            <port dstActor="D0N42" name="p86" srcActor="D0N10"/>
            <port dstActor="D0N16" name="p87" srcActor="D0N10"/>
            <port dstActor="D0N48" name="p88" srcActor="D0N11"/>
            <port dstActor="D0N39" name="p89" srcActor="D0N11"/>
            <port dstActor="D0N40" name="p90" srcActor="D0N32"/>
            <port dstActor="D0N33" name="p91" srcActor="D0N32"/>
            <port dstActor="D0N45" name="p92" srcActor="D0N34"/>
            <port dstActor="D0N48" name="p93" srcActor="D0N34"/>
            <port dstActor="D0N42" name="p94" srcActor="D0N12"/>
            <port dstActor="D0N22" name="p95" srcActor="D0N12"/>
            <port dstActor="D0N21" name="p96" srcActor="D0N12"/>
            <port dstActor="D0N27" name="p97" srcActor="D0N12"/>
            <port dstActor="D0N23" name="p98" srcActor="D0N12"/>
            <port dstActor="D0N43" name="p99" srcActor="D0N31"/>
            <port dstActor="D0N47" name="p100" srcActor="D0N31"/>
            <port dstActor="D0N34" name="p101" srcActor="D0N27"/>
            <port dstActor="D0N38" name="p102" srcActor="D0N27"/>
            <port dstActor="D0N35" name="p103" srcActor="D0N27"/>
            <port dstActor="D0N29" name="p104" srcActor="D0N27"/>
            <port dstActor="D0N48" name="p105" srcActor="D0N7"/>
            <port dstActor="D0N31" name="p106" srcActor="D0N7"/>
            <port dstActor="D0N23" name="p107" srcActor="D0N7"/>
        </ports>
    </mcdag>
    <cores number="3"/>
    <levels number="2"/>
</mcsystem>
