<?xml version="1.0" encoding="UTF-8" standalone="no"?>
<mcsystem>
    <mcdag deadline="1200" name="genned-0-ed-10.0-0">
        <actor name="D0N12">
            <wcet number="0">30</wcet>
            <wcet number="1">30</wcet>
            <maxpow number="0.3581640163325742"/>
            <maxpow number="0.3581640163325742"/>
            <fprob>0.0</fprob>
        </actor>
        <actor name="D0N38">
            <wcet number="0">40</wcet>
            <wcet number="1">40</wcet>
            <maxpow number="0.7335166214463457"/>
            <maxpow number="0.7335166214463457"/>
            <fprob>0.0</fprob>
        </actor>
        <actor name="D0N1">
            <wcet number="0">20</wcet>
            <wcet number="1">20</wcet>
            <maxpow number="0.2930309853824919"/>
            <maxpow number="0.2930309853824919"/>
            <fprob>0.0</fprob>
        </actor>
        <actor name="D0N40">
            <wcet number="0">30</wcet>
            <wcet number="1">40</wcet>
            <maxpow number="0.3336326994852076"/>
            <maxpow number="0.3336326994852076"/>
            <fprob>0.0</fprob>
        </actor>
        <actor name="D0N9">
            <wcet number="0">70</wcet>
            <wcet number="1">70</wcet>
            <maxpow number="0.5326806892460861"/>
            <maxpow number="0.5326806892460861"/>
            <fprob>0.0</fprob>
        </actor>
        <actor name="D0N23">
            <wcet number="0">20</wcet>
            <wcet number="1">20</wcet>
            <maxpow number="0.5959203301233817"/>
            <maxpow number="0.5959203301233817"/>
            <fprob>0.0</fprob>
        </actor>
        <actor name="D0N27">
            <wcet number="0">20</wcet>
            <wcet number="1">70</wcet>
            <maxpow number="0.5212128614930477"/>
            <maxpow number="0.5212128614930477"/>
            <fprob>0.0</fprob>
        </actor>
        <actor name="D0N41">
            <wcet number="0">10</wcet>
            <wcet number="1">10</wcet>
            <maxpow number="0.5583464340074609"/>
            <maxpow number="0.5583464340074609"/>
            <fprob>0.0</fprob>
        </actor>
        <actor name="D0N21">
            <wcet number="0">40</wcet>
            <wcet number="1">50</wcet>
            <maxpow number="0.46439307519452855"/>
            <maxpow number="0.46439307519452855"/>
            <fprob>0.0</fprob>
        </actor>
        <actor name="D0N18">
            <wcet number="0">10</wcet>
            <wcet number="1">10</wcet>
            <maxpow number="0.3850750597043465"/>
            <maxpow number="0.3850750597043465"/>
            <fprob>0.0</fprob>
        </actor>
        <actor name="D0N22">
            <wcet number="0">70</wcet>
            <wcet number="1">140</wcet>
            <maxpow number="0.542019948523601"/>
            <maxpow number="0.542019948523601"/>
            <fprob>0.0</fprob>
        </actor>
        <actor name="D0N25">
            <wcet number="0">80</wcet>
            <wcet number="1">90</wcet>
            <maxpow number="0.5134557277509053"/>
            <maxpow number="0.5134557277509053"/>
            <fprob>0.0</fprob>
        </actor>
        <actor name="D0N4">
            <wcet number="0">60</wcet>
            <wcet number="1">60</wcet>
            <maxpow number="0.5117941966105845"/>
            <maxpow number="0.5117941966105845"/>
            <fprob>0.0</fprob>
        </actor>
        <actor name="D0N8">
            <wcet number="0">10</wcet>
            <wcet number="1">50</wcet>
            <maxpow number="0.1611892562048155"/>
            <maxpow number="0.1611892562048155"/>
            <fprob>0.0</fprob>
        </actor>
        <actor name="D0N26">
            <wcet number="0">110</wcet>
            <wcet number="1">120</wcet>
            <maxpow number="0.679901663471735"/>
            <maxpow number="0.679901663471735"/>
            <fprob>0.0</fprob>
        </actor>
        <actor name="D0N29">
            <wcet number="0">10</wcet>
            <wcet number="1">10</wcet>
            <maxpow number="0.2522433853867557"/>
            <maxpow number="0.2522433853867557"/>
            <fprob>0.0</fprob>
        </actor>
        <actor name="D0N15">
            <wcet number="0">30</wcet>
            <wcet number="1">70</wcet>
            <maxpow number="0.5058400796827774"/>
            <maxpow number="0.5058400796827774"/>
            <fprob>0.0</fprob>
        </actor>
        <actor name="D0N44">
            <wcet number="0">20</wcet>
            <wcet number="1">30</wcet>
            <maxpow number="0.6588805719314191"/>
            <maxpow number="0.6588805719314191"/>
            <fprob>0.0</fprob>
        </actor>
        <actor name="D0N2">
            <wcet number="0">20</wcet>
            <wcet number="1">40</wcet>
            <maxpow number="0.8123026380504894"/>
            <maxpow number="0.8123026380504894"/>
            <fprob>0.0</fprob>
        </actor>
        <actor name="D0N31">
            <wcet number="0">40</wcet>
            <wcet number="1">80</wcet>
            <maxpow number="0.6731927808344168"/>
            <maxpow number="0.6731927808344168"/>
            <fprob>0.0</fprob>
        </actor>
        <actor name="D0N34">
            <wcet number="0">10</wcet>
            <wcet number="1">10</wcet>
            <maxpow number="0.6735281766204126"/>
            <maxpow number="0.6735281766204126"/>
            <fprob>0.0</fprob>
        </actor>
        <actor name="D0N39">
            <wcet number="0">40</wcet>
            <wcet number="1">40</wcet>
            <maxpow number="0.0033988409086428417"/>
            <maxpow number="0.0033988409086428417"/>
            <fprob>0.0</fprob>
        </actor>
        <actor name="D0N43">
            <wcet number="0">10</wcet>
            <wcet number="1">10</wcet>
            <maxpow number="0.7144207099735863"/>
            <maxpow number="0.7144207099735863"/>
            <fprob>0.0</fprob>
        </actor>
        <actor name="D0N17">
            <wcet number="0">10</wcet>
            <wcet number="1">70</wcet>
            <maxpow number="0.9336647495207419"/>
            <maxpow number="0.9336647495207419"/>
            <fprob>0.0</fprob>
        </actor>
        <actor name="D0N0">
            <wcet number="0">20</wcet>
            <wcet number="1">100</wcet>
            <maxpow number="0.19232692639540772"/>
            <maxpow number="0.19232692639540772"/>
            <fprob>0.0</fprob>
        </actor>
        <actor name="D0N48">
            <wcet number="0">20</wcet>
            <wcet number="1">230</wcet>
            <maxpow number="0.4792241616823703"/>
            <maxpow number="0.4792241616823703"/>
            <fprob>0.0</fprob>
        </actor>
        <actor name="D0N14">
            <wcet number="0">10</wcet>
            <wcet number="1">10</wcet>
            <maxpow number="0.6955317065480412"/>
            <maxpow number="0.6955317065480412"/>
            <fprob>0.0</fprob>
        </actor>
        <actor name="D0N16">
            <wcet number="0">10</wcet>
            <wcet number="1">20</wcet>
            <maxpow number="0.46253131640288614"/>
            <maxpow number="0.46253131640288614"/>
            <fprob>0.0</fprob>
        </actor>
        <actor name="D0N20">
            <wcet number="0">20</wcet>
            <wcet number="1">100</wcet>
            <maxpow number="0.17189722538616403"/>
            <maxpow number="0.17189722538616403"/>
            <fprob>0.0</fprob>
        </actor>
        <actor name="D0N37">
            <wcet number="0">290</wcet>
            <wcet number="1">310</wcet>
            <maxpow number="0.6304273976783303"/>
            <maxpow number="0.6304273976783303"/>
            <fprob>0.0</fprob>
        </actor>
        <actor name="D0N47">
            <wcet number="0">10</wcet>
            <wcet number="1">10</wcet>
            <maxpow number="0.6583662210685812"/>
            <maxpow number="0.6583662210685812"/>
            <fprob>0.0</fprob>
        </actor>
        <actor name="D0N7">
            <wcet number="0">20</wcet>
            <wcet number="1">20</wcet>
            <maxpow number="0.5349858316316451"/>
            <maxpow number="0.5349858316316451"/>
            <fprob>0.0</fprob>
        </actor>
        <actor name="D0N28">
            <wcet number="0">30</wcet>
            <wcet number="1">110</wcet>
            <maxpow number="0.5536412998301665"/>
            <maxpow number="0.5536412998301665"/>
            <fprob>0.0</fprob>
        </actor>
        <actor name="D0N13">
            <wcet number="0">110</wcet>
            <wcet number="1">160</wcet>
            <maxpow number="0.4418590569281246"/>
            <maxpow number="0.4418590569281246"/>
            <fprob>0.0</fprob>
        </actor>
        <actor name="D0N6">
            <wcet number="0">20</wcet>
            <wcet number="1">100</wcet>
            <maxpow number="0.7246633406263014"/>
            <maxpow number="0.7246633406263014"/>
            <fprob>0.0</fprob>
        </actor>
        <actor name="D0N42">
            <wcet number="0">30</wcet>
            <wcet number="1">50</wcet>
            <maxpow number="0.5255748106816477"/>
            <maxpow number="0.5255748106816477"/>
            <fprob>0.0</fprob>
        </actor>
        <actor name="D0N32">
            <wcet number="0">10</wcet>
            <wcet number="1">30</wcet>
            <maxpow number="0.6274346414352832"/>
            <maxpow number="0.6274346414352832"/>
            <fprob>0.0</fprob>
        </actor>
        <actor name="D0N35">
            <wcet number="0">30</wcet>
            <wcet number="1">30</wcet>
            <maxpow number="0.8852416997490539"/>
            <maxpow number="0.8852416997490539"/>
            <fprob>0.0</fprob>
        </actor>
        <actor name="D0N33">
            <wcet number="0">20</wcet>
            <wcet number="1">30</wcet>
            <maxpow number="0.7477484485859894"/>
            <maxpow number="0.7477484485859894"/>
            <fprob>0.0</fprob>
        </actor>
        <actor name="D0N45">
            <wcet number="0">130</wcet>
            <wcet number="1">290</wcet>
            <maxpow number="0.6935439078158951"/>
            <maxpow number="0.6935439078158951"/>
            <fprob>0.0</fprob>
        </actor>
        <actor name="D0N36">
            <wcet number="0">10</wcet>
            <wcet number="1">10</wcet>
            <maxpow number="0.3857423591678321"/>
            <maxpow number="0.3857423591678321"/>
            <fprob>0.0</fprob>
        </actor>
        <actor name="D0N3">
            <wcet number="0">20</wcet>
            <wcet number="1">40</wcet>
            <maxpow number="0.60979975898683"/>
            <maxpow number="0.60979975898683"/>
            <fprob>0.0</fprob>
        </actor>
        <actor name="D0N24">
            <wcet number="0">10</wcet>
            <wcet number="1">20</wcet>
            <maxpow number="0.7074510746265912"/>
            <maxpow number="0.7074510746265912"/>
            <fprob>0.0</fprob>
        </actor>
        <actor name="D0N30">
            <wcet number="0">20</wcet>
            <wcet number="1">60</wcet>
            <maxpow number="0.4821674696687503"/>
            <maxpow number="0.4821674696687503"/>
            <fprob>0.0</fprob>
        </actor>
        <actor name="D0N5">
            <wcet number="0">80</wcet>
            <wcet number="1">130</wcet>
            <maxpow number="0.525851415503679"/>
            <maxpow number="0.525851415503679"/>
            <fprob>0.0</fprob>
        </actor>
        <actor name="D0N46">
            <wcet number="0">10</wcet>
            <wcet number="1">10</wcet>
            <maxpow number="0.35393529069869634"/>
            <maxpow number="0.35393529069869634"/>
            <fprob>0.0</fprob>
        </actor>
        <actor name="D0N19">
            <wcet number="0">30</wcet>
            <wcet number="1">50</wcet>
            <maxpow number="0.5776672325088605"/>
            <maxpow number="0.5776672325088605"/>
            <fprob>0.0</fprob>
        </actor>
        <actor name="D0N10">
            <wcet number="0">100</wcet>
            <wcet number="1">120</wcet>
            <maxpow number="0.6910526196468139"/>
            <maxpow number="0.6910526196468139"/>
            <fprob>0.0</fprob>
        </actor>
        <actor name="D0N11">
            <wcet number="0">10</wcet>
            <wcet number="1">20</wcet>
            <maxpow number="0.5481786317982317"/>
            <maxpow number="0.5481786317982317"/>
            <fprob>0.0</fprob>
        </actor>
        <ports>
            <port dstActor="D0N23" name="p0" srcActor="D0N12"/>
            <port dstActor="D0N24" name="p1" srcActor="D0N12"/>
            <port dstActor="D0N14" name="p2" srcActor="D0N12"/>
            <port dstActor="D0N20" name="p3" srcActor="D0N12"/>
            <port dstActor="D0N30" name="p4" srcActor="D0N12"/>
            <port dstActor="D0N33" name="p5" srcActor="D0N12"/>
            <port dstActor="D0N35" name="p6" srcActor="D0N12"/>
            <port dstActor="D0N17" name="p7" srcActor="D0N1"/>
            <port dstActor="D0N42" name="p8" srcActor="D0N1"/>
            <port dstActor="D0N3" name="p9" srcActor="D0N1"/>
            <port dstActor="D0N28" name="p10" srcActor="D0N1"/>
            <port dstActor="D0N46" name="p11" srcActor="D0N1"/>
            <port dstActor="D0N34" name="p12" srcActor="D0N1"/>
            <port dstActor="D0N7" name="p13" srcActor="D0N1"/>
            <port dstActor="D0N20" name="p14" srcActor="D0N1"/>
            <port dstActor="D0N44" name="p15" srcActor="D0N40"/>
            <port dstActor="D0N31" name="p16" srcActor="D0N9"/>
            <port dstActor="D0N44" name="p17" srcActor="D0N9"/>
            <port dstActor="D0N29" name="p18" srcActor="D0N23"/>
            <port dstActor="D0N48" name="p19" srcActor="D0N23"/>
            <port dstActor="D0N44" name="p20" srcActor="D0N23"/>
            <port dstActor="D0N41" name="p21" srcActor="D0N23"/>
            <port dstActor="D0N47" name="p22" srcActor="D0N23"/>
            <port dstActor="D0N46" name="p23" srcActor="D0N27"/>
            <port dstActor="D0N28" name="p24" srcActor="D0N21"/>
            <port dstActor="D0N23" name="p25" srcActor="D0N21"/>
            <port dstActor="D0N34" name="p26" srcActor="D0N21"/>
            <port dstActor="D0N25" name="p27" srcActor="D0N21"/>
            <port dstActor="D0N39" name="p28" srcActor="D0N21"/>
            <port dstActor="D0N29" name="p29" srcActor="D0N18"/>
            <port dstActor="D0N26" name="p30" srcActor="D0N18"/>
            <port dstActor="D0N36" name="p31" srcActor="D0N18"/>
            <port dstActor="D0N45" name="p32" srcActor="D0N18"/>
            <port dstActor="D0N34" name="p33" srcActor="D0N22"/>
            <port dstActor="D0N31" name="p34" srcActor="D0N25"/>
            <port dstActor="D0N30" name="p35" srcActor="D0N25"/>
            <port dstActor="D0N41" name="p36" srcActor="D0N25"/>
            <port dstActor="D0N47" name="p37" srcActor="D0N25"/>
            <port dstActor="D0N40" name="p38" srcActor="D0N25"/>
            <port dstActor="D0N38" name="p39" srcActor="D0N25"/>
            <port dstActor="D0N27" name="p40" srcActor="D0N4"/>
            <port dstActor="D0N9" name="p41" srcActor="D0N4"/>
            <port dstActor="D0N23" name="p42" srcActor="D0N4"/>
            <port dstActor="D0N11" name="p43" srcActor="D0N4"/>
            <port dstActor="D0N18" name="p44" srcActor="D0N4"/>
            <port dstActor="D0N8" name="p45" srcActor="D0N4"/>
            <port dstActor="D0N14" name="p46" srcActor="D0N4"/>
            <port dstActor="D0N6" name="p47" srcActor="D0N4"/>
            <port dstActor="D0N18" name="p48" srcActor="D0N8"/>
            <port dstActor="D0N44" name="p49" srcActor="D0N8"/>
            <port dstActor="D0N10" name="p50" srcActor="D0N8"/>
            <port dstActor="D0N35" name="p51" srcActor="D0N8"/>
            <port dstActor="D0N45" name="p52" srcActor="D0N26"/>
            <port dstActor="D0N35" name="p53" srcActor="D0N26"/>
            <port dstActor="D0N36" name="p54" srcActor="D0N26"/>
            <port dstActor="D0N46" name="p55" srcActor="D0N29"/>
            <port dstActor="D0N33" name="p56" srcActor="D0N29"/>
            <port dstActor="D0N38" name="p57" srcActor="D0N29"/>
            <port dstActor="D0N48" name="p58" srcActor="D0N29"/>
            <port dstActor="D0N22" name="p59" srcActor="D0N15"/>
            <port dstActor="D0N17" name="p60" srcActor="D0N15"/>
            <port dstActor="D0N19" name="p61" srcActor="D0N15"/>
            <port dstActor="D0N29" name="p62" srcActor="D0N15"/>
            <port dstActor="D0N28" name="p63" srcActor="D0N15"/>
            <port dstActor="D0N44" name="p64" srcActor="D0N15"/>
            <port dstActor="D0N47" name="p65" srcActor="D0N44"/>
            <port dstActor="D0N23" name="p66" srcActor="D0N2"/>
            <port dstActor="D0N38" name="p67" srcActor="D0N2"/>
            <port dstActor="D0N25" name="p68" srcActor="D0N2"/>
            <port dstActor="D0N9" name="p69" srcActor="D0N2"/>
            <port dstActor="D0N6" name="p70" srcActor="D0N2"/>
            <port dstActor="D0N32" name="p71" srcActor="D0N31"/>
            <port dstActor="D0N45" name="p72" srcActor="D0N39"/>
            <port dstActor="D0N47" name="p73" srcActor="D0N43"/>
            <port dstActor="D0N40" name="p74" srcActor="D0N17"/>
            <port dstActor="D0N32" name="p75" srcActor="D0N17"/>
            <port dstActor="D0N18" name="p76" srcActor="D0N17"/>
            <port dstActor="D0N19" name="p77" srcActor="D0N17"/>
            <port dstActor="D0N47" name="p78" srcActor="D0N0"/>
            <port dstActor="D0N17" name="p79" srcActor="D0N0"/>
            <port dstActor="D0N14" name="p80" srcActor="D0N0"/>
            <port dstActor="D0N4" name="p81" srcActor="D0N0"/>
            <port dstActor="D0N41" name="p82" srcActor="D0N14"/>
            <port dstActor="D0N31" name="p83" srcActor="D0N16"/>
            <port dstActor="D0N46" name="p84" srcActor="D0N16"/>
            <port dstActor="D0N33" name="p85" srcActor="D0N16"/>
            <port dstActor="D0N27" name="p86" srcActor="D0N16"/>
            <port dstActor="D0N32" name="p87" srcActor="D0N16"/>
            <port dstActor="D0N22" name="p88" srcActor="D0N16"/>
            <port dstActor="D0N42" name="p89" srcActor="D0N16"/>
            <port dstActor="D0N23" name="p90" srcActor="D0N20"/>
            <port dstActor="D0N22" name="p91" srcActor="D0N20"/>
            <port dstActor="D0N30" name="p92" srcActor="D0N20"/>
            <port dstActor="D0N42" name="p93" srcActor="D0N20"/>
            <port dstActor="D0N33" name="p94" srcActor="D0N20"/>
            <port dstActor="D0N17" name="p95" srcActor="D0N7"/>
            <port dstActor="D0N39" name="p96" srcActor="D0N7"/>
            <port dstActor="D0N41" name="p97" srcActor="D0N7"/>
            <port dstActor="D0N31" name="p98" srcActor="D0N7"/>
            <port dstActor="D0N45" name="p99" srcActor="D0N28"/>
            <port dstActor="D0N48" name="p100" srcActor="D0N28"/>
            <port dstActor="D0N47" name="p101" srcActor="D0N28"/>
            <port dstActor="D0N19" name="p102" srcActor="D0N13"/>
            <port dstActor="D0N21" name="p103" srcActor="D0N13"/>
            <port dstActor="D0N31" name="p104" srcActor="D0N13"/>
            <port dstActor="D0N27" name="p105" srcActor="D0N6"/>
            <port dstActor="D0N20" name="p106" srcActor="D0N6"/>
            <port dstActor="D0N48" name="p107" srcActor="D0N6"/>
            <port dstActor="D0N46" name="p108" srcActor="D0N6"/>
            <port dstActor="D0N36" name="p109" srcActor="D0N6"/>
            <port dstActor="D0N12" name="p110" srcActor="D0N6"/>
            <port dstActor="D0N25" name="p111" srcActor="D0N6"/>
            <port dstActor="D0N48" name="p112" srcActor="D0N42"/>
            <port dstActor="D0N40" name="p113" srcActor="D0N32"/>
            <port dstActor="D0N45" name="p114" srcActor="D0N32"/>
            <port dstActor="D0N41" name="p115" srcActor="D0N32"/>
            <port dstActor="D0N44" name="p116" srcActor="D0N33"/>
            <port dstActor="D0N37" name="p117" srcActor="D0N33"/>
            <port dstActor="D0N38" name="p118" srcActor="D0N36"/>
            <port dstActor="D0N43" name="p119" srcActor="D0N36"/>
            <port dstActor="D0N45" name="p120" srcActor="D0N3"/>
            <port dstActor="D0N19" name="p121" srcActor="D0N3"/>
            <port dstActor="D0N39" name="p122" srcActor="D0N3"/>
            <port dstActor="D0N12" name="p123" srcActor="D0N3"/>
            <port dstActor="D0N45" name="p124" srcActor="D0N24"/>
            <port dstActor="D0N36" name="p125" srcActor="D0N30"/>
            <port dstActor="D0N43" name="p126" srcActor="D0N30"/>
            <port dstActor="D0N39" name="p127" srcActor="D0N30"/>
            <port dstActor="D0N32" name="p128" srcActor="D0N5"/>
            <port dstActor="D0N11" name="p129" srcActor="D0N5"/>
            <port dstActor="D0N10" name="p130" srcActor="D0N5"/>
            <port dstActor="D0N21" name="p131" srcActor="D0N19"/>
            <port dstActor="D0N24" name="p132" srcActor="D0N19"/>
            <port dstActor="D0N42" name="p133" srcActor="D0N19"/>
            <port dstActor="D0N19" name="p134" srcActor="D0N10"/>
            <port dstActor="D0N30" name="p135" srcActor="D0N10"/>
            <port dstActor="D0N28" name="p136" srcActor="D0N10"/>
            <port dstActor="D0N28" name="p137" srcActor="D0N11"/>
            <port dstActor="D0N35" name="p138" srcActor="D0N11"/>
            <port dstActor="D0N15" name="p139" srcActor="D0N11"/>
        </ports>
    </mcdag>
    <cores number="3"/>
    <levels number="2"/>
</mcsystem>
