<?xml version="1.0" encoding="UTF-8" standalone="no"?>
<mcsystem>
    <mcdag deadline="2500" name="genned-0-ed-10.0-0">
        <actor name="D0N3">
            <wcet number="0">10</wcet>
            <wcet number="1">20</wcet>
            <maxpow number="0.256850595216365"/>
            <maxpow number="0.256850595216365"/>
            <fprob>0.0</fprob>
        </actor>
        <actor name="D0N27">
            <wcet number="0">60</wcet>
            <wcet number="1">270</wcet>
            <maxpow number="0.40925073040377147"/>
            <maxpow number="0.40925073040377147"/>
            <fprob>0.0</fprob>
        </actor>
        <actor name="D0N44">
            <wcet number="0">40</wcet>
            <wcet number="1">170</wcet>
            <maxpow number="0.4306680472201734"/>
            <maxpow number="0.4306680472201734"/>
            <fprob>0.0</fprob>
        </actor>
        <actor name="D0N38">
            <wcet number="0">110</wcet>
            <wcet number="1">110</wcet>
            <maxpow number="0.5051589451617668"/>
            <maxpow number="0.5051589451617668"/>
            <fprob>0.0</fprob>
        </actor>
        <actor name="D0N25">
            <wcet number="0">140</wcet>
            <wcet number="1">160</wcet>
            <maxpow number="0.769668975777067"/>
            <maxpow number="0.769668975777067"/>
            <fprob>0.0</fprob>
        </actor>
        <actor name="D0N36">
            <wcet number="0">60</wcet>
            <wcet number="1">110</wcet>
            <maxpow number="0.4591778194306513"/>
            <maxpow number="0.4591778194306513"/>
            <fprob>0.0</fprob>
        </actor>
        <actor name="D0N13">
            <wcet number="0">70</wcet>
            <wcet number="1">120</wcet>
            <maxpow number="0.4570605603069029"/>
            <maxpow number="0.4570605603069029"/>
            <fprob>0.0</fprob>
        </actor>
        <actor name="D0N26">
            <wcet number="0">10</wcet>
            <wcet number="1">90</wcet>
            <maxpow number="0.5330949460386887"/>
            <maxpow number="0.5330949460386887"/>
            <fprob>0.0</fprob>
        </actor>
        <actor name="D0N43">
            <wcet number="0">10</wcet>
            <wcet number="1">20</wcet>
            <maxpow number="0.6798500601636543"/>
            <maxpow number="0.6798500601636543"/>
            <fprob>0.0</fprob>
        </actor>
        <actor name="D0N14">
            <wcet number="0">60</wcet>
            <wcet number="1">60</wcet>
            <maxpow number="0.5368735717386596"/>
            <maxpow number="0.5368735717386596"/>
            <fprob>0.0</fprob>
        </actor>
        <actor name="D0N15">
            <wcet number="0">50</wcet>
            <wcet number="1">50</wcet>
            <maxpow number="0.2062355864373318"/>
            <maxpow number="0.2062355864373318"/>
            <fprob>0.0</fprob>
        </actor>
        <actor name="D0N30">
            <wcet number="0">10</wcet>
            <wcet number="1">10</wcet>
            <maxpow number="0.49619658754664014"/>
            <maxpow number="0.49619658754664014"/>
            <fprob>0.0</fprob>
        </actor>
        <actor name="D0N34">
            <wcet number="0">80</wcet>
            <wcet number="1">100</wcet>
            <maxpow number="0.4618892485108303"/>
            <maxpow number="0.4618892485108303"/>
            <fprob>0.0</fprob>
        </actor>
        <actor name="D0N10">
            <wcet number="0">10</wcet>
            <wcet number="1">20</wcet>
            <maxpow number="0.38767809554367333"/>
            <maxpow number="0.38767809554367333"/>
            <fprob>0.0</fprob>
        </actor>
        <actor name="D0N39">
            <wcet number="0">40</wcet>
            <wcet number="1">70</wcet>
            <maxpow number="0.3959977829604293"/>
            <maxpow number="0.3959977829604293"/>
            <fprob>0.0</fprob>
        </actor>
        <actor name="D0N47">
            <wcet number="0">40</wcet>
            <wcet number="1">40</wcet>
            <maxpow number="0.38259465192022557"/>
            <maxpow number="0.38259465192022557"/>
            <fprob>0.0</fprob>
        </actor>
        <actor name="D0N24">
            <wcet number="0">10</wcet>
            <wcet number="1">50</wcet>
            <maxpow number="0.32353884518497134"/>
            <maxpow number="0.32353884518497134"/>
            <fprob>0.0</fprob>
        </actor>
        <actor name="D0N31">
            <wcet number="0">10</wcet>
            <wcet number="1">30</wcet>
            <maxpow number="0.7385272389455674"/>
            <maxpow number="0.7385272389455674"/>
            <fprob>0.0</fprob>
        </actor>
        <actor name="D0N37">
            <wcet number="0">10</wcet>
            <wcet number="1">10</wcet>
            <maxpow number="0.527540419644394"/>
            <maxpow number="0.527540419644394"/>
            <fprob>0.0</fprob>
        </actor>
        <actor name="D0N9">
            <wcet number="0">30</wcet>
            <wcet number="1">30</wcet>
            <maxpow number="0.32382068599001135"/>
            <maxpow number="0.32382068599001135"/>
            <fprob>0.0</fprob>
        </actor>
        <actor name="D0N40">
            <wcet number="0">10</wcet>
            <wcet number="1">10</wcet>
            <maxpow number="0.22838974056552153"/>
            <maxpow number="0.22838974056552153"/>
            <fprob>0.0</fprob>
        </actor>
        <actor name="D0N4">
            <wcet number="0">10</wcet>
            <wcet number="1">40</wcet>
            <maxpow number="0.3094170860255337"/>
            <maxpow number="0.3094170860255337"/>
            <fprob>0.0</fprob>
        </actor>
        <actor name="D0N19">
            <wcet number="0">10</wcet>
            <wcet number="1">10</wcet>
            <maxpow number="0.5757761027522583"/>
            <maxpow number="0.5757761027522583"/>
            <fprob>0.0</fprob>
        </actor>
        <actor name="D0N7">
            <wcet number="0">220</wcet>
            <wcet number="1">260</wcet>
            <maxpow number="0.28839636382401923"/>
            <maxpow number="0.28839636382401923"/>
            <fprob>0.0</fprob>
        </actor>
        <actor name="D0N32">
            <wcet number="0">160</wcet>
            <wcet number="1">490</wcet>
            <maxpow number="0.790449622491092"/>
            <maxpow number="0.790449622491092"/>
            <fprob>0.0</fprob>
        </actor>
        <actor name="D0N2">
            <wcet number="0">10</wcet>
            <wcet number="1">10</wcet>
            <maxpow number="0.3442032930141865"/>
            <maxpow number="0.3442032930141865"/>
            <fprob>0.0</fprob>
        </actor>
        <actor name="D0N35">
            <wcet number="0">90</wcet>
            <wcet number="1">180</wcet>
            <maxpow number="0.7053468701513033"/>
            <maxpow number="0.7053468701513033"/>
            <fprob>0.0</fprob>
        </actor>
        <actor name="D0N6">
            <wcet number="0">80</wcet>
            <wcet number="1">130</wcet>
            <maxpow number="0.708415992749769"/>
            <maxpow number="0.708415992749769"/>
            <fprob>0.0</fprob>
        </actor>
        <actor name="D0N33">
            <wcet number="0">130</wcet>
            <wcet number="1">180</wcet>
            <maxpow number="0.5678082281097376"/>
            <maxpow number="0.5678082281097376"/>
            <fprob>0.0</fprob>
        </actor>
        <actor name="D0N29">
            <wcet number="0">90</wcet>
            <wcet number="1">190</wcet>
            <maxpow number="0.5791454413666194"/>
            <maxpow number="0.5791454413666194"/>
            <fprob>0.0</fprob>
        </actor>
        <actor name="D0N49">
            <wcet number="0">90</wcet>
            <wcet number="1">90</wcet>
            <maxpow number="0.6265654816686026"/>
            <maxpow number="0.6265654816686026"/>
            <fprob>0.0</fprob>
        </actor>
        <actor name="D0N48">
            <wcet number="0">90</wcet>
            <wcet number="1">130</wcet>
            <maxpow number="0.5453927526760406"/>
            <maxpow number="0.5453927526760406"/>
            <fprob>0.0</fprob>
        </actor>
        <actor name="D0N41">
            <wcet number="0">10</wcet>
            <wcet number="1">20</wcet>
            <maxpow number="0.6646317943235349"/>
            <maxpow number="0.6646317943235349"/>
            <fprob>0.0</fprob>
        </actor>
        <actor name="D0N16">
            <wcet number="0">50</wcet>
            <wcet number="1">50</wcet>
            <maxpow number="0.7183577043442222"/>
            <maxpow number="0.7183577043442222"/>
            <fprob>0.0</fprob>
        </actor>
        <actor name="D0N22">
            <wcet number="0">210</wcet>
            <wcet number="1">270</wcet>
            <maxpow number="0.4992002805557018"/>
            <maxpow number="0.4992002805557018"/>
            <fprob>0.0</fprob>
        </actor>
        <actor name="D0N42">
            <wcet number="0">20</wcet>
            <wcet number="1">60</wcet>
            <maxpow number="0.2413792846346391"/>
            <maxpow number="0.2413792846346391"/>
            <fprob>0.0</fprob>
        </actor>
        <actor name="D0N12">
            <wcet number="0">20</wcet>
            <wcet number="1">60</wcet>
            <maxpow number="0.6935031961947672"/>
            <maxpow number="0.6935031961947672"/>
            <fprob>0.0</fprob>
        </actor>
        <actor name="D0N1">
            <wcet number="0">50</wcet>
            <wcet number="1">50</wcet>
            <maxpow number="0.28633484973084955"/>
            <maxpow number="0.28633484973084955"/>
            <fprob>0.0</fprob>
        </actor>
        <actor name="D0N11">
            <wcet number="0">40</wcet>
            <wcet number="1">160</wcet>
            <maxpow number="0.6826000615892994"/>
            <maxpow number="0.6826000615892994"/>
            <fprob>0.0</fprob>
        </actor>
        <actor name="D0N20">
            <wcet number="0">30</wcet>
            <wcet number="1">100</wcet>
            <maxpow number="0.679929003124706"/>
            <maxpow number="0.679929003124706"/>
            <fprob>0.0</fprob>
        </actor>
        <actor name="D0N5">
            <wcet number="0">10</wcet>
            <wcet number="1">20</wcet>
            <maxpow number="0.646266056120132"/>
            <maxpow number="0.646266056120132"/>
            <fprob>0.0</fprob>
        </actor>
        <actor name="D0N17">
            <wcet number="0">90</wcet>
            <wcet number="1">160</wcet>
            <maxpow number="0.6010372820594218"/>
            <maxpow number="0.6010372820594218"/>
            <fprob>0.0</fprob>
        </actor>
        <actor name="D0N18">
            <wcet number="0">230</wcet>
            <wcet number="1">270</wcet>
            <maxpow number="0.6559873864550999"/>
            <maxpow number="0.6559873864550999"/>
            <fprob>0.0</fprob>
        </actor>
        <actor name="D0N45">
            <wcet number="0">70</wcet>
            <wcet number="1">100</wcet>
            <maxpow number="0.5975291682418997"/>
            <maxpow number="0.5975291682418997"/>
            <fprob>0.0</fprob>
        </actor>
        <actor name="D0N21">
            <wcet number="0">50</wcet>
            <wcet number="1">140</wcet>
            <maxpow number="0.7804767814490574"/>
            <maxpow number="0.7804767814490574"/>
            <fprob>0.0</fprob>
        </actor>
        <actor name="D0N23">
            <wcet number="0">10</wcet>
            <wcet number="1">30</wcet>
            <maxpow number="0.3766696972844322"/>
            <maxpow number="0.3766696972844322"/>
            <fprob>0.0</fprob>
        </actor>
        <actor name="D0N8">
            <wcet number="0">20</wcet>
            <wcet number="1">20</wcet>
            <maxpow number="0.5799752224175918"/>
            <maxpow number="0.5799752224175918"/>
            <fprob>0.0</fprob>
        </actor>
        <actor name="D0N46">
            <wcet number="0">220</wcet>
            <wcet number="1">310</wcet>
            <maxpow number="0.5708526135125107"/>
            <maxpow number="0.5708526135125107"/>
            <fprob>0.0</fprob>
        </actor>
        <actor name="D0N0">
            <wcet number="0">10</wcet>
            <wcet number="1">110</wcet>
            <maxpow number="0.33237928390951604"/>
            <maxpow number="0.33237928390951604"/>
            <fprob>0.0</fprob>
        </actor>
        <actor name="D0N28">
            <wcet number="0">280</wcet>
            <wcet number="1">310</wcet>
            <maxpow number="0.5347816689619682"/>
            <maxpow number="0.5347816689619682"/>
            <fprob>0.0</fprob>
        </actor>
        <ports>
            <port dstActor="D0N42" name="p0" srcActor="D0N3"/>
            <port dstActor="D0N24" name="p1" srcActor="D0N3"/>
            <port dstActor="D0N40" name="p2" srcActor="D0N3"/>
            <port dstActor="D0N40" name="p3" srcActor="D0N27"/>
            <port dstActor="D0N49" name="p4" srcActor="D0N38"/>
            <port dstActor="D0N48" name="p5" srcActor="D0N38"/>
            <port dstActor="D0N47" name="p6" srcActor="D0N38"/>
            <port dstActor="D0N42" name="p7" srcActor="D0N25"/>
            <port dstActor="D0N26" name="p8" srcActor="D0N25"/>
            <port dstActor="D0N39" name="p9" srcActor="D0N36"/>
            <port dstActor="D0N43" name="p10" srcActor="D0N36"/>
            <port dstActor="D0N29" name="p11" srcActor="D0N13"/>
            <port dstActor="D0N15" name="p12" srcActor="D0N13"/>
            <port dstActor="D0N37" name="p13" srcActor="D0N13"/>
            <port dstActor="D0N42" name="p14" srcActor="D0N13"/>
            <port dstActor="D0N39" name="p15" srcActor="D0N26"/>
            <port dstActor="D0N46" name="p16" srcActor="D0N43"/>
            <port dstActor="D0N40" name="p17" srcActor="D0N14"/>
            <port dstActor="D0N34" name="p18" srcActor="D0N15"/>
            <port dstActor="D0N49" name="p19" srcActor="D0N30"/>
            <port dstActor="D0N41" name="p20" srcActor="D0N34"/>
            <port dstActor="D0N41" name="p21" srcActor="D0N10"/>
            <port dstActor="D0N18" name="p22" srcActor="D0N10"/>
            <port dstActor="D0N49" name="p23" srcActor="D0N39"/>
            <port dstActor="D0N29" name="p24" srcActor="D0N24"/>
            <port dstActor="D0N38" name="p25" srcActor="D0N24"/>
            <port dstActor="D0N42" name="p26" srcActor="D0N24"/>
            <port dstActor="D0N49" name="p27" srcActor="D0N31"/>
            <port dstActor="D0N47" name="p28" srcActor="D0N37"/>
            <port dstActor="D0N45" name="p29" srcActor="D0N37"/>
            <port dstActor="D0N10" name="p30" srcActor="D0N9"/>
            <port dstActor="D0N16" name="p31" srcActor="D0N9"/>
            <port dstActor="D0N43" name="p32" srcActor="D0N9"/>
            <port dstActor="D0N18" name="p33" srcActor="D0N9"/>
            <port dstActor="D0N26" name="p34" srcActor="D0N9"/>
            <port dstActor="D0N37" name="p35" srcActor="D0N9"/>
            <port dstActor="D0N41" name="p36" srcActor="D0N9"/>
            <port dstActor="D0N19" name="p37" srcActor="D0N9"/>
            <port dstActor="D0N30" name="p38" srcActor="D0N4"/>
            <port dstActor="D0N49" name="p39" srcActor="D0N4"/>
            <port dstActor="D0N35" name="p40" srcActor="D0N4"/>
            <port dstActor="D0N15" name="p41" srcActor="D0N4"/>
            <port dstActor="D0N16" name="p42" srcActor="D0N4"/>
            <port dstActor="D0N20" name="p43" srcActor="D0N4"/>
            <port dstActor="D0N25" name="p44" srcActor="D0N19"/>
            <port dstActor="D0N21" name="p45" srcActor="D0N19"/>
            <port dstActor="D0N42" name="p46" srcActor="D0N19"/>
            <port dstActor="D0N45" name="p47" srcActor="D0N19"/>
            <port dstActor="D0N27" name="p48" srcActor="D0N7"/>
            <port dstActor="D0N21" name="p49" srcActor="D0N7"/>
            <port dstActor="D0N40" name="p50" srcActor="D0N7"/>
            <port dstActor="D0N49" name="p51" srcActor="D0N7"/>
            <port dstActor="D0N31" name="p52" srcActor="D0N7"/>
            <port dstActor="D0N46" name="p53" srcActor="D0N32"/>
            <port dstActor="D0N35" name="p54" srcActor="D0N32"/>
            <port dstActor="D0N47" name="p55" srcActor="D0N32"/>
            <port dstActor="D0N3" name="p56" srcActor="D0N2"/>
            <port dstActor="D0N10" name="p57" srcActor="D0N2"/>
            <port dstActor="D0N19" name="p58" srcActor="D0N2"/>
            <port dstActor="D0N49" name="p59" srcActor="D0N2"/>
            <port dstActor="D0N26" name="p60" srcActor="D0N2"/>
            <port dstActor="D0N33" name="p61" srcActor="D0N2"/>
            <port dstActor="D0N5" name="p62" srcActor="D0N2"/>
            <port dstActor="D0N45" name="p63" srcActor="D0N35"/>
            <port dstActor="D0N36" name="p64" srcActor="D0N6"/>
            <port dstActor="D0N9" name="p65" srcActor="D0N6"/>
            <port dstActor="D0N12" name="p66" srcActor="D0N6"/>
            <port dstActor="D0N44" name="p67" srcActor="D0N6"/>
            <port dstActor="D0N42" name="p68" srcActor="D0N33"/>
            <port dstActor="D0N46" name="p69" srcActor="D0N29"/>
            <port dstActor="D0N47" name="p70" srcActor="D0N29"/>
            <port dstActor="D0N38" name="p71" srcActor="D0N29"/>
            <port dstActor="D0N44" name="p72" srcActor="D0N16"/>
            <port dstActor="D0N29" name="p73" srcActor="D0N16"/>
            <port dstActor="D0N29" name="p74" srcActor="D0N22"/>
            <port dstActor="D0N23" name="p75" srcActor="D0N22"/>
            <port dstActor="D0N30" name="p76" srcActor="D0N22"/>
            <port dstActor="D0N46" name="p77" srcActor="D0N22"/>
            <port dstActor="D0N47" name="p78" srcActor="D0N42"/>
            <port dstActor="D0N17" name="p79" srcActor="D0N12"/>
            <port dstActor="D0N34" name="p80" srcActor="D0N12"/>
            <port dstActor="D0N25" name="p81" srcActor="D0N12"/>
            <port dstActor="D0N22" name="p82" srcActor="D0N12"/>
            <port dstActor="D0N34" name="p83" srcActor="D0N1"/>
            <port dstActor="D0N4" name="p84" srcActor="D0N1"/>
            <port dstActor="D0N35" name="p85" srcActor="D0N1"/>
            <port dstActor="D0N9" name="p86" srcActor="D0N1"/>
            <port dstActor="D0N28" name="p87" srcActor="D0N1"/>
            <port dstActor="D0N27" name="p88" srcActor="D0N11"/>
            <port dstActor="D0N38" name="p89" srcActor="D0N11"/>
            <port dstActor="D0N40" name="p90" srcActor="D0N11"/>
            <port dstActor="D0N34" name="p91" srcActor="D0N20"/>
            <port dstActor="D0N39" name="p92" srcActor="D0N20"/>
            <port dstActor="D0N42" name="p93" srcActor="D0N20"/>
            <port dstActor="D0N21" name="p94" srcActor="D0N20"/>
            <port dstActor="D0N45" name="p95" srcActor="D0N20"/>
            <port dstActor="D0N27" name="p96" srcActor="D0N5"/>
            <port dstActor="D0N9" name="p97" srcActor="D0N5"/>
            <port dstActor="D0N35" name="p98" srcActor="D0N5"/>
            <port dstActor="D0N11" name="p99" srcActor="D0N5"/>
            <port dstActor="D0N30" name="p100" srcActor="D0N5"/>
            <port dstActor="D0N10" name="p101" srcActor="D0N5"/>
            <port dstActor="D0N14" name="p102" srcActor="D0N5"/>
            <port dstActor="D0N48" name="p103" srcActor="D0N5"/>
            <port dstActor="D0N20" name="p104" srcActor="D0N17"/>
            <port dstActor="D0N23" name="p105" srcActor="D0N17"/>
            <port dstActor="D0N41" name="p106" srcActor="D0N18"/>
            <port dstActor="D0N33" name="p107" srcActor="D0N18"/>
            <port dstActor="D0N26" name="p108" srcActor="D0N18"/>
            <port dstActor="D0N27" name="p109" srcActor="D0N18"/>
            <port dstActor="D0N48" name="p110" srcActor="D0N45"/>
            <port dstActor="D0N26" name="p111" srcActor="D0N21"/>
            <port dstActor="D0N41" name="p112" srcActor="D0N21"/>
            <port dstActor="D0N46" name="p113" srcActor="D0N21"/>
            <port dstActor="D0N47" name="p114" srcActor="D0N23"/>
            <port dstActor="D0N44" name="p115" srcActor="D0N23"/>
            <port dstActor="D0N45" name="p116" srcActor="D0N23"/>
            <port dstActor="D0N45" name="p117" srcActor="D0N8"/>
            <port dstActor="D0N41" name="p118" srcActor="D0N8"/>
            <port dstActor="D0N11" name="p119" srcActor="D0N8"/>
            <port dstActor="D0N13" name="p120" srcActor="D0N8"/>
            <port dstActor="D0N31" name="p121" srcActor="D0N8"/>
            <port dstActor="D0N39" name="p122" srcActor="D0N8"/>
            <port dstActor="D0N26" name="p123" srcActor="D0N8"/>
            <port dstActor="D0N20" name="p124" srcActor="D0N0"/>
            <port dstActor="D0N49" name="p125" srcActor="D0N0"/>
            <port dstActor="D0N16" name="p126" srcActor="D0N0"/>
        </ports>
    </mcdag>
    <cores number="3"/>
    <levels number="2"/>
</mcsystem>
