<?xml version="1.0" encoding="UTF-8" standalone="no"?>
<mcsystem>
    <mcdag deadline="1000" name="genned-0-ed-10.0-0">
        <actor name="D0N26">
            <wcet number="0">10</wcet>
            <wcet number="1">20</wcet>
            <maxpow number="0.529237336472931"/>
            <maxpow number="0.529237336472931"/>
            <fprob>0.0</fprob>
        </actor>
        <actor name="D0N1">
            <wcet number="0">10</wcet>
            <wcet number="1">20</wcet>
            <maxpow number="0.35030118482201333"/>
            <maxpow number="0.35030118482201333"/>
            <fprob>0.0</fprob>
        </actor>
        <actor name="D0N28">
            <wcet number="0">10</wcet>
            <wcet number="1">50</wcet>
            <maxpow number="0.9040777960874442"/>
            <maxpow number="0.9040777960874442"/>
            <fprob>0.0</fprob>
        </actor>
        <actor name="D0N3">
            <wcet number="0">10</wcet>
            <wcet number="1">20</wcet>
            <maxpow number="0.46859285535954914"/>
            <maxpow number="0.46859285535954914"/>
            <fprob>0.0</fprob>
        </actor>
        <actor name="D0N15">
            <wcet number="0">20</wcet>
            <wcet number="1">20</wcet>
            <maxpow number="0.4622833720887942"/>
            <maxpow number="0.4622833720887942"/>
            <fprob>0.0</fprob>
        </actor>
        <actor name="D0N44">
            <wcet number="0">20</wcet>
            <wcet number="1">70</wcet>
            <maxpow number="0.47495227224402525"/>
            <maxpow number="0.47495227224402525"/>
            <fprob>0.0</fprob>
        </actor>
        <actor name="D0N37">
            <wcet number="0">10</wcet>
            <wcet number="1">20</wcet>
            <maxpow number="0.16742642634820182"/>
            <maxpow number="0.16742642634820182"/>
            <fprob>0.0</fprob>
        </actor>
        <actor name="D0N11">
            <wcet number="0">20</wcet>
            <wcet number="1">20</wcet>
            <maxpow number="0.416527985857074"/>
            <maxpow number="0.416527985857074"/>
            <fprob>0.0</fprob>
        </actor>
        <actor name="D0N18">
            <wcet number="0">40</wcet>
            <wcet number="1">50</wcet>
            <maxpow number="0.3158922234296146"/>
            <maxpow number="0.3158922234296146"/>
            <fprob>0.0</fprob>
        </actor>
        <actor name="D0N16">
            <wcet number="0">10</wcet>
            <wcet number="1">90</wcet>
            <maxpow number="0.5708398172578759"/>
            <maxpow number="0.5708398172578759"/>
            <fprob>0.0</fprob>
        </actor>
        <actor name="D0N34">
            <wcet number="0">10</wcet>
            <wcet number="1">20</wcet>
            <maxpow number="0.7571068733895212"/>
            <maxpow number="0.7571068733895212"/>
            <fprob>0.0</fprob>
        </actor>
        <actor name="D0N5">
            <wcet number="0">50</wcet>
            <wcet number="1">140</wcet>
            <maxpow number="0.31328169309285325"/>
            <maxpow number="0.31328169309285325"/>
            <fprob>0.0</fprob>
        </actor>
        <actor name="D0N21">
            <wcet number="0">10</wcet>
            <wcet number="1">10</wcet>
            <maxpow number="0.5711490486523123"/>
            <maxpow number="0.5711490486523123"/>
            <fprob>0.0</fprob>
        </actor>
        <actor name="D0N43">
            <wcet number="0">10</wcet>
            <wcet number="1">10</wcet>
            <maxpow number="0.5907799915995544"/>
            <maxpow number="0.5907799915995544"/>
            <fprob>0.0</fprob>
        </actor>
        <actor name="D0N19">
            <wcet number="0">10</wcet>
            <wcet number="1">10</wcet>
            <maxpow number="0.6328480994570573"/>
            <maxpow number="0.6328480994570573"/>
            <fprob>0.0</fprob>
        </actor>
        <actor name="D0N42">
            <wcet number="0">10</wcet>
            <wcet number="1">30</wcet>
            <maxpow number="0.6403434105298341"/>
            <maxpow number="0.6403434105298341"/>
            <fprob>0.0</fprob>
        </actor>
        <actor name="D0N17">
            <wcet number="0">60</wcet>
            <wcet number="1">90</wcet>
            <maxpow number="0.4668735992322486"/>
            <maxpow number="0.4668735992322486"/>
            <fprob>0.0</fprob>
        </actor>
        <actor name="D0N30">
            <wcet number="0">20</wcet>
            <wcet number="1">60</wcet>
            <maxpow number="0.6557595335122811"/>
            <maxpow number="0.6557595335122811"/>
            <fprob>0.0</fprob>
        </actor>
        <actor name="D0N31">
            <wcet number="0">50</wcet>
            <wcet number="1">80</wcet>
            <maxpow number="0.4473506296502705"/>
            <maxpow number="0.4473506296502705"/>
            <fprob>0.0</fprob>
        </actor>
        <actor name="D0N41">
            <wcet number="0">40</wcet>
            <wcet number="1">40</wcet>
            <maxpow number="0.39920534375639993"/>
            <maxpow number="0.39920534375639993"/>
            <fprob>0.0</fprob>
        </actor>
        <actor name="D0N14">
            <wcet number="0">90</wcet>
            <wcet number="1">130</wcet>
            <maxpow number="0.5066806526407053"/>
            <maxpow number="0.5066806526407053"/>
            <fprob>0.0</fprob>
        </actor>
        <actor name="D0N38">
            <wcet number="0">10</wcet>
            <wcet number="1">20</wcet>
            <maxpow number="0.5053206344657011"/>
            <maxpow number="0.5053206344657011"/>
            <fprob>0.0</fprob>
        </actor>
        <actor name="D0N24">
            <wcet number="0">60</wcet>
            <wcet number="1">60</wcet>
            <maxpow number="0.723281406598806"/>
            <maxpow number="0.723281406598806"/>
            <fprob>0.0</fprob>
        </actor>
        <actor name="D0N45">
            <wcet number="0">80</wcet>
            <wcet number="1">80</wcet>
            <maxpow number="0.631378677718888"/>
            <maxpow number="0.631378677718888"/>
            <fprob>0.0</fprob>
        </actor>
        <actor name="D0N46">
            <wcet number="0">90</wcet>
            <wcet number="1">250</wcet>
            <maxpow number="0.2036436828305735"/>
            <maxpow number="0.2036436828305735"/>
            <fprob>0.0</fprob>
        </actor>
        <actor name="D0N23">
            <wcet number="0">40</wcet>
            <wcet number="1">40</wcet>
            <maxpow number="0.4756632091115222"/>
            <maxpow number="0.4756632091115222"/>
            <fprob>0.0</fprob>
        </actor>
        <actor name="D0N39">
            <wcet number="0">30</wcet>
            <wcet number="1">50</wcet>
            <maxpow number="0.7235247798351886"/>
            <maxpow number="0.7235247798351886"/>
            <fprob>0.0</fprob>
        </actor>
        <actor name="D0N33">
            <wcet number="0">20</wcet>
            <wcet number="1">20</wcet>
            <maxpow number="0.38789137379892696"/>
            <maxpow number="0.38789137379892696"/>
            <fprob>0.0</fprob>
        </actor>
        <actor name="D0N9">
            <wcet number="0">20</wcet>
            <wcet number="1">40</wcet>
            <maxpow number="0.9305319013394139"/>
            <maxpow number="0.9305319013394139"/>
            <fprob>0.0</fprob>
        </actor>
        <actor name="D0N35">
            <wcet number="0">50</wcet>
            <wcet number="1">50</wcet>
            <maxpow number="0.2979559914113895"/>
            <maxpow number="0.2979559914113895"/>
            <fprob>0.0</fprob>
        </actor>
        <actor name="D0N4">
            <wcet number="0">20</wcet>
            <wcet number="1">30</wcet>
            <maxpow number="0.445803741083033"/>
            <maxpow number="0.445803741083033"/>
            <fprob>0.0</fprob>
        </actor>
        <actor name="D0N20">
            <wcet number="0">10</wcet>
            <wcet number="1">30</wcet>
            <maxpow number="0.6787816254252361"/>
            <maxpow number="0.6787816254252361"/>
            <fprob>0.0</fprob>
        </actor>
        <actor name="D0N8">
            <wcet number="0">30</wcet>
            <wcet number="1">60</wcet>
            <maxpow number="0.4097606210679077"/>
            <maxpow number="0.4097606210679077"/>
            <fprob>0.0</fprob>
        </actor>
        <actor name="D0N47">
            <wcet number="0">20</wcet>
            <wcet number="1">20</wcet>
            <maxpow number="0.8615609981225052"/>
            <maxpow number="0.8615609981225052"/>
            <fprob>0.0</fprob>
        </actor>
        <actor name="D0N40">
            <wcet number="0">40</wcet>
            <wcet number="1">60</wcet>
            <maxpow number="0.5024329992424487"/>
            <maxpow number="0.5024329992424487"/>
            <fprob>0.0</fprob>
        </actor>
        <actor name="D0N36">
            <wcet number="0">10</wcet>
            <wcet number="1">140</wcet>
            <maxpow number="0.48295985388221546"/>
            <maxpow number="0.48295985388221546"/>
            <fprob>0.0</fprob>
        </actor>
        <actor name="D0N32">
            <wcet number="0">10</wcet>
            <wcet number="1">10</wcet>
            <maxpow number="0.5998791648123231"/>
            <maxpow number="0.5998791648123231"/>
            <fprob>0.0</fprob>
        </actor>
        <actor name="D0N22">
            <wcet number="0">90</wcet>
            <wcet number="1">110</wcet>
            <maxpow number="0.41243978415842286"/>
            <maxpow number="0.41243978415842286"/>
            <fprob>0.0</fprob>
        </actor>
        <actor name="D0N25">
            <wcet number="0">60</wcet>
            <wcet number="1">100</wcet>
            <maxpow number="0.5839990287080064"/>
            <maxpow number="0.5839990287080064"/>
            <fprob>0.0</fprob>
        </actor>
        <actor name="D0N27">
            <wcet number="0">10</wcet>
            <wcet number="1">10</wcet>
            <maxpow number="0.6272199782626786"/>
            <maxpow number="0.6272199782626786"/>
            <fprob>0.0</fprob>
        </actor>
        <actor name="D0N12">
            <wcet number="0">10</wcet>
            <wcet number="1">60</wcet>
            <maxpow number="0.6883026586465296"/>
            <maxpow number="0.6883026586465296"/>
            <fprob>0.0</fprob>
        </actor>
        <actor name="D0N6">
            <wcet number="0">10</wcet>
            <wcet number="1">10</wcet>
            <maxpow number="0.6355597070882787"/>
            <maxpow number="0.6355597070882787"/>
            <fprob>0.0</fprob>
        </actor>
        <actor name="D0N0">
            <wcet number="0">10</wcet>
            <wcet number="1">60</wcet>
            <maxpow number="0.5054197859411528"/>
            <maxpow number="0.5054197859411528"/>
            <fprob>0.0</fprob>
        </actor>
        <actor name="D0N13">
            <wcet number="0">20</wcet>
            <wcet number="1">20</wcet>
            <maxpow number="0.46167994423847564"/>
            <maxpow number="0.46167994423847564"/>
            <fprob>0.0</fprob>
        </actor>
        <actor name="D0N10">
            <wcet number="0">10</wcet>
            <wcet number="1">10</wcet>
            <maxpow number="0.49772363572836054"/>
            <maxpow number="0.49772363572836054"/>
            <fprob>0.0</fprob>
        </actor>
        <actor name="D0N7">
            <wcet number="0">60</wcet>
            <wcet number="1">70</wcet>
            <maxpow number="0.6742450766701201"/>
            <maxpow number="0.6742450766701201"/>
            <fprob>0.0</fprob>
        </actor>
        <actor name="D0N29">
            <wcet number="0">20</wcet>
            <wcet number="1">70</wcet>
            <maxpow number="0.477686217857792"/>
            <maxpow number="0.477686217857792"/>
            <fprob>0.0</fprob>
        </actor>
        <actor name="D0N2">
            <wcet number="0">10</wcet>
            <wcet number="1">20</wcet>
            <maxpow number="0.5724001073995958"/>
            <maxpow number="0.5724001073995958"/>
            <fprob>0.0</fprob>
        </actor>
        <ports>
            <port dstActor="D0N42" name="p0" srcActor="D0N26"/>
            <port dstActor="D0N38" name="p1" srcActor="D0N1"/>
            <port dstActor="D0N14" name="p2" srcActor="D0N1"/>
            <port dstActor="D0N34" name="p3" srcActor="D0N1"/>
            <port dstActor="D0N43" name="p4" srcActor="D0N1"/>
            <port dstActor="D0N37" name="p5" srcActor="D0N28"/>
            <port dstActor="D0N46" name="p6" srcActor="D0N28"/>
            <port dstActor="D0N41" name="p7" srcActor="D0N28"/>
            <port dstActor="D0N19" name="p8" srcActor="D0N3"/>
            <port dstActor="D0N16" name="p9" srcActor="D0N3"/>
            <port dstActor="D0N28" name="p10" srcActor="D0N3"/>
            <port dstActor="D0N18" name="p11" srcActor="D0N3"/>
            <port dstActor="D0N25" name="p12" srcActor="D0N15"/>
            <port dstActor="D0N39" name="p13" srcActor="D0N15"/>
            <port dstActor="D0N38" name="p14" srcActor="D0N15"/>
            <port dstActor="D0N40" name="p15" srcActor="D0N37"/>
            <port dstActor="D0N37" name="p16" srcActor="D0N11"/>
            <port dstActor="D0N27" name="p17" srcActor="D0N18"/>
            <port dstActor="D0N37" name="p18" srcActor="D0N18"/>
            <port dstActor="D0N25" name="p19" srcActor="D0N18"/>
            <port dstActor="D0N42" name="p20" srcActor="D0N18"/>
            <port dstActor="D0N42" name="p21" srcActor="D0N16"/>
            <port dstActor="D0N30" name="p22" srcActor="D0N16"/>
            <port dstActor="D0N36" name="p23" srcActor="D0N34"/>
            <port dstActor="D0N47" name="p24" srcActor="D0N34"/>
            <port dstActor="D0N39" name="p25" srcActor="D0N34"/>
            <port dstActor="D0N27" name="p26" srcActor="D0N5"/>
            <port dstActor="D0N21" name="p27" srcActor="D0N5"/>
            <port dstActor="D0N6" name="p28" srcActor="D0N5"/>
            <port dstActor="D0N9" name="p29" srcActor="D0N5"/>
            <port dstActor="D0N28" name="p30" srcActor="D0N19"/>
            <port dstActor="D0N35" name="p31" srcActor="D0N19"/>
            <port dstActor="D0N46" name="p32" srcActor="D0N19"/>
            <port dstActor="D0N24" name="p33" srcActor="D0N19"/>
            <port dstActor="D0N23" name="p34" srcActor="D0N17"/>
            <port dstActor="D0N47" name="p35" srcActor="D0N17"/>
            <port dstActor="D0N18" name="p36" srcActor="D0N17"/>
            <port dstActor="D0N34" name="p37" srcActor="D0N30"/>
            <port dstActor="D0N31" name="p38" srcActor="D0N30"/>
            <port dstActor="D0N41" name="p39" srcActor="D0N30"/>
            <port dstActor="D0N38" name="p40" srcActor="D0N31"/>
            <port dstActor="D0N44" name="p41" srcActor="D0N31"/>
            <port dstActor="D0N45" name="p42" srcActor="D0N14"/>
            <port dstActor="D0N27" name="p43" srcActor="D0N14"/>
            <port dstActor="D0N28" name="p44" srcActor="D0N14"/>
            <port dstActor="D0N16" name="p45" srcActor="D0N14"/>
            <port dstActor="D0N43" name="p46" srcActor="D0N38"/>
            <port dstActor="D0N44" name="p47" srcActor="D0N24"/>
            <port dstActor="D0N39" name="p48" srcActor="D0N24"/>
            <port dstActor="D0N30" name="p49" srcActor="D0N24"/>
            <port dstActor="D0N47" name="p50" srcActor="D0N46"/>
            <port dstActor="D0N40" name="p51" srcActor="D0N23"/>
            <port dstActor="D0N24" name="p52" srcActor="D0N23"/>
            <port dstActor="D0N35" name="p53" srcActor="D0N23"/>
            <port dstActor="D0N41" name="p54" srcActor="D0N39"/>
            <port dstActor="D0N44" name="p55" srcActor="D0N33"/>
            <port dstActor="D0N45" name="p56" srcActor="D0N33"/>
            <port dstActor="D0N21" name="p57" srcActor="D0N9"/>
            <port dstActor="D0N46" name="p58" srcActor="D0N9"/>
            <port dstActor="D0N35" name="p59" srcActor="D0N9"/>
            <port dstActor="D0N46" name="p60" srcActor="D0N35"/>
            <port dstActor="D0N36" name="p61" srcActor="D0N4"/>
            <port dstActor="D0N23" name="p62" srcActor="D0N4"/>
            <port dstActor="D0N17" name="p63" srcActor="D0N4"/>
            <port dstActor="D0N31" name="p64" srcActor="D0N4"/>
            <port dstActor="D0N34" name="p65" srcActor="D0N20"/>
            <port dstActor="D0N22" name="p66" srcActor="D0N8"/>
            <port dstActor="D0N18" name="p67" srcActor="D0N8"/>
            <port dstActor="D0N44" name="p68" srcActor="D0N32"/>
            <port dstActor="D0N37" name="p69" srcActor="D0N32"/>
            <port dstActor="D0N42" name="p70" srcActor="D0N32"/>
            <port dstActor="D0N46" name="p71" srcActor="D0N22"/>
            <port dstActor="D0N27" name="p72" srcActor="D0N22"/>
            <port dstActor="D0N38" name="p73" srcActor="D0N22"/>
            <port dstActor="D0N40" name="p74" srcActor="D0N22"/>
            <port dstActor="D0N41" name="p75" srcActor="D0N22"/>
            <port dstActor="D0N33" name="p76" srcActor="D0N25"/>
            <port dstActor="D0N33" name="p77" srcActor="D0N27"/>
            <port dstActor="D0N44" name="p78" srcActor="D0N12"/>
            <port dstActor="D0N36" name="p79" srcActor="D0N12"/>
            <port dstActor="D0N47" name="p80" srcActor="D0N12"/>
            <port dstActor="D0N29" name="p81" srcActor="D0N6"/>
            <port dstActor="D0N42" name="p82" srcActor="D0N6"/>
            <port dstActor="D0N25" name="p83" srcActor="D0N6"/>
            <port dstActor="D0N32" name="p84" srcActor="D0N6"/>
            <port dstActor="D0N13" name="p85" srcActor="D0N6"/>
            <port dstActor="D0N24" name="p86" srcActor="D0N0"/>
            <port dstActor="D0N34" name="p87" srcActor="D0N0"/>
            <port dstActor="D0N25" name="p88" srcActor="D0N13"/>
            <port dstActor="D0N47" name="p89" srcActor="D0N13"/>
            <port dstActor="D0N17" name="p90" srcActor="D0N13"/>
            <port dstActor="D0N23" name="p91" srcActor="D0N13"/>
            <port dstActor="D0N33" name="p92" srcActor="D0N10"/>
            <port dstActor="D0N26" name="p93" srcActor="D0N10"/>
            <port dstActor="D0N37" name="p94" srcActor="D0N10"/>
            <port dstActor="D0N28" name="p95" srcActor="D0N10"/>
            <port dstActor="D0N18" name="p96" srcActor="D0N7"/>
            <port dstActor="D0N46" name="p97" srcActor="D0N7"/>
            <port dstActor="D0N20" name="p98" srcActor="D0N7"/>
            <port dstActor="D0N14" name="p99" srcActor="D0N7"/>
            <port dstActor="D0N37" name="p100" srcActor="D0N29"/>
            <port dstActor="D0N42" name="p101" srcActor="D0N29"/>
            <port dstActor="D0N31" name="p102" srcActor="D0N29"/>
            <port dstActor="D0N43" name="p103" srcActor="D0N29"/>
            <port dstActor="D0N34" name="p104" srcActor="D0N29"/>
            <port dstActor="D0N47" name="p105" srcActor="D0N2"/>
            <port dstActor="D0N41" name="p106" srcActor="D0N2"/>
            <port dstActor="D0N16" name="p107" srcActor="D0N2"/>
        </ports>
    </mcdag>
    <cores number="3"/>
    <levels number="2"/>
</mcsystem>
