<?xml version="1.0" encoding="UTF-8" standalone="no"?>
<mcsystem>
    <mcdag deadline="5000" name="genned-0-ed-10.0-0">
        <actor name="D0N3">
            <wcet number="0">10</wcet>
            <wcet number="1">10</wcet>
            <maxpow number="0.3195925365549032"/>
            <maxpow number="0.3195925365549032"/>
            <fprob>0.0</fprob>
        </actor>
        <actor name="D0N29">
            <wcet number="0">70</wcet>
            <wcet number="1">160</wcet>
            <maxpow number="0.5212469859257415"/>
            <maxpow number="0.5212469859257415"/>
            <fprob>0.0</fprob>
        </actor>
        <actor name="D0N10">
            <wcet number="0">160</wcet>
            <wcet number="1">490</wcet>
            <maxpow number="0.6344963422848607"/>
            <maxpow number="0.6344963422848607"/>
            <fprob>0.0</fprob>
        </actor>
        <actor name="D0N16">
            <wcet number="0">70</wcet>
            <wcet number="1">260</wcet>
            <maxpow number="0.35582095303743044"/>
            <maxpow number="0.35582095303743044"/>
            <fprob>0.0</fprob>
        </actor>
        <actor name="D0N30">
            <wcet number="0">90</wcet>
            <wcet number="1">360</wcet>
            <maxpow number="0.6581811886924447"/>
            <maxpow number="0.6581811886924447"/>
            <fprob>0.0</fprob>
        </actor>
        <actor name="D0N2">
            <wcet number="0">40</wcet>
            <wcet number="1">50</wcet>
            <maxpow number="0.8010786128873763"/>
            <maxpow number="0.8010786128873763"/>
            <fprob>0.0</fprob>
        </actor>
        <actor name="D0N23">
            <wcet number="0">60</wcet>
            <wcet number="1">90</wcet>
            <maxpow number="0.8040269232657694"/>
            <maxpow number="0.8040269232657694"/>
            <fprob>0.0</fprob>
        </actor>
        <actor name="D0N31">
            <wcet number="0">10</wcet>
            <wcet number="1">10</wcet>
            <maxpow number="0.5959995661639065"/>
            <maxpow number="0.5959995661639065"/>
            <fprob>0.0</fprob>
        </actor>
        <actor name="D0N46">
            <wcet number="0">40</wcet>
            <wcet number="1">50</wcet>
            <maxpow number="0.21833881884180967"/>
            <maxpow number="0.21833881884180967"/>
            <fprob>0.0</fprob>
        </actor>
        <actor name="D0N21">
            <wcet number="0">30</wcet>
            <wcet number="1">100</wcet>
            <maxpow number="0.5247351705598722"/>
            <maxpow number="0.5247351705598722"/>
            <fprob>0.0</fprob>
        </actor>
        <actor name="D0N27">
            <wcet number="0">20</wcet>
            <wcet number="1">40</wcet>
            <maxpow number="0.8202746860073553"/>
            <maxpow number="0.8202746860073553"/>
            <fprob>0.0</fprob>
        </actor>
        <actor name="D0N38">
            <wcet number="0">340</wcet>
            <wcet number="1">480</wcet>
            <maxpow number="0.5886691561896679"/>
            <maxpow number="0.5886691561896679"/>
            <fprob>0.0</fprob>
        </actor>
        <actor name="D0N19">
            <wcet number="0">10</wcet>
            <wcet number="1">90</wcet>
            <maxpow number="0.6306526681779482"/>
            <maxpow number="0.6306526681779482"/>
            <fprob>0.0</fprob>
        </actor>
        <actor name="D0N0">
            <wcet number="0">230</wcet>
            <wcet number="1">280</wcet>
            <maxpow number="0.25999427060790764"/>
            <maxpow number="0.25999427060790764"/>
            <fprob>0.0</fprob>
        </actor>
        <actor name="D0N42">
            <wcet number="0">10</wcet>
            <wcet number="1">10</wcet>
            <maxpow number="0.5653051128278551"/>
            <maxpow number="0.5653051128278551"/>
            <fprob>0.0</fprob>
        </actor>
        <actor name="D0N40">
            <wcet number="0">30</wcet>
            <wcet number="1">190</wcet>
            <maxpow number="0.5433266686406206"/>
            <maxpow number="0.5433266686406206"/>
            <fprob>0.0</fprob>
        </actor>
        <actor name="D0N4">
            <wcet number="0">20</wcet>
            <wcet number="1">30</wcet>
            <maxpow number="0.5990894898002648"/>
            <maxpow number="0.5990894898002648"/>
            <fprob>0.0</fprob>
        </actor>
        <actor name="D0N44">
            <wcet number="0">40</wcet>
            <wcet number="1">70</wcet>
            <maxpow number="0.6656901872517463"/>
            <maxpow number="0.6656901872517463"/>
            <fprob>0.0</fprob>
        </actor>
        <actor name="D0N20">
            <wcet number="0">80</wcet>
            <wcet number="1">80</wcet>
            <maxpow number="0.35936815897402835"/>
            <maxpow number="0.35936815897402835"/>
            <fprob>0.0</fprob>
        </actor>
        <actor name="D0N6">
            <wcet number="0">30</wcet>
            <wcet number="1">50</wcet>
            <maxpow number="0.5070974039445226"/>
            <maxpow number="0.5070974039445226"/>
            <fprob>0.0</fprob>
        </actor>
        <actor name="D0N37">
            <wcet number="0">100</wcet>
            <wcet number="1">170</wcet>
            <maxpow number="0.6102039598250408"/>
            <maxpow number="0.6102039598250408"/>
            <fprob>0.0</fprob>
        </actor>
        <actor name="D0N41">
            <wcet number="0">70</wcet>
            <wcet number="1">330</wcet>
            <maxpow number="0.427339233755688"/>
            <maxpow number="0.427339233755688"/>
            <fprob>0.0</fprob>
        </actor>
        <actor name="D0N8">
            <wcet number="0">10</wcet>
            <wcet number="1">30</wcet>
            <maxpow number="0.7483696053666306"/>
            <maxpow number="0.7483696053666306"/>
            <fprob>0.0</fprob>
        </actor>
        <actor name="D0N34">
            <wcet number="0">20</wcet>
            <wcet number="1">250</wcet>
            <maxpow number="0.32845040081271093"/>
            <maxpow number="0.32845040081271093"/>
            <fprob>0.0</fprob>
        </actor>
        <actor name="D0N26">
            <wcet number="0">90</wcet>
            <wcet number="1">120</wcet>
            <maxpow number="0.43933083673433676"/>
            <maxpow number="0.43933083673433676"/>
            <fprob>0.0</fprob>
        </actor>
        <actor name="D0N47">
            <wcet number="0">60</wcet>
            <wcet number="1">130</wcet>
            <maxpow number="0.717494673820218"/>
            <maxpow number="0.717494673820218"/>
            <fprob>0.0</fprob>
        </actor>
        <actor name="D0N13">
            <wcet number="0">90</wcet>
            <wcet number="1">430</wcet>
            <maxpow number="0.37918198648678414"/>
            <maxpow number="0.37918198648678414"/>
            <fprob>0.0</fprob>
        </actor>
        <actor name="D0N7">
            <wcet number="0">30</wcet>
            <wcet number="1">100</wcet>
            <maxpow number="0.5259281481697464"/>
            <maxpow number="0.5259281481697464"/>
            <fprob>0.0</fprob>
        </actor>
        <actor name="D0N17">
            <wcet number="0">250</wcet>
            <wcet number="1">340</wcet>
            <maxpow number="0.5283296587669241"/>
            <maxpow number="0.5283296587669241"/>
            <fprob>0.0</fprob>
        </actor>
        <actor name="D0N18">
            <wcet number="0">180</wcet>
            <wcet number="1">640</wcet>
            <maxpow number="0.5924519348750724"/>
            <maxpow number="0.5924519348750724"/>
            <fprob>0.0</fprob>
        </actor>
        <actor name="D0N43">
            <wcet number="0">190</wcet>
            <wcet number="1">300</wcet>
            <maxpow number="0.48638063994440583"/>
            <maxpow number="0.48638063994440583"/>
            <fprob>0.0</fprob>
        </actor>
        <actor name="D0N25">
            <wcet number="0">70</wcet>
            <wcet number="1">80</wcet>
            <maxpow number="0.5640943194017146"/>
            <maxpow number="0.5640943194017146"/>
            <fprob>0.0</fprob>
        </actor>
        <actor name="D0N39">
            <wcet number="0">50</wcet>
            <wcet number="1">210</wcet>
            <maxpow number="0.5031892393653941"/>
            <maxpow number="0.5031892393653941"/>
            <fprob>0.0</fprob>
        </actor>
        <actor name="D0N32">
            <wcet number="0">760</wcet>
            <wcet number="1">1080</wcet>
            <maxpow number="0.4012973206002823"/>
            <maxpow number="0.4012973206002823"/>
            <fprob>0.0</fprob>
        </actor>
        <actor name="D0N36">
            <wcet number="0">40</wcet>
            <wcet number="1">240</wcet>
            <maxpow number="0.6277491410557023"/>
            <maxpow number="0.6277491410557023"/>
            <fprob>0.0</fprob>
        </actor>
        <actor name="D0N49">
            <wcet number="0">30</wcet>
            <wcet number="1">30</wcet>
            <maxpow number="0.701303061938348"/>
            <maxpow number="0.701303061938348"/>
            <fprob>0.0</fprob>
        </actor>
        <actor name="D0N45">
            <wcet number="0">20</wcet>
            <wcet number="1">30</wcet>
            <maxpow number="0.501258544083352"/>
            <maxpow number="0.501258544083352"/>
            <fprob>0.0</fprob>
        </actor>
        <actor name="D0N14">
            <wcet number="0">140</wcet>
            <wcet number="1">140</wcet>
            <maxpow number="0.5559567460255095"/>
            <maxpow number="0.5559567460255095"/>
            <fprob>0.0</fprob>
        </actor>
        <actor name="D0N5">
            <wcet number="0">60</wcet>
            <wcet number="1">110</wcet>
            <maxpow number="0.6879660331645997"/>
            <maxpow number="0.6879660331645997"/>
            <fprob>0.0</fprob>
        </actor>
        <actor name="D0N1">
            <wcet number="0">10</wcet>
            <wcet number="1">40</wcet>
            <maxpow number="0.8027522846387811"/>
            <maxpow number="0.8027522846387811"/>
            <fprob>0.0</fprob>
        </actor>
        <actor name="D0N12">
            <wcet number="0">40</wcet>
            <wcet number="1">170</wcet>
            <maxpow number="0.4453061321560409"/>
            <maxpow number="0.4453061321560409"/>
            <fprob>0.0</fprob>
        </actor>
        <actor name="D0N35">
            <wcet number="0">20</wcet>
            <wcet number="1">260</wcet>
            <maxpow number="0.6410761016485627"/>
            <maxpow number="0.6410761016485627"/>
            <fprob>0.0</fprob>
        </actor>
        <actor name="D0N11">
            <wcet number="0">20</wcet>
            <wcet number="1">20</wcet>
            <maxpow number="0.36393029275256933"/>
            <maxpow number="0.36393029275256933"/>
            <fprob>0.0</fprob>
        </actor>
        <actor name="D0N28">
            <wcet number="0">80</wcet>
            <wcet number="1">180</wcet>
            <maxpow number="0.2286020762538516"/>
            <maxpow number="0.2286020762538516"/>
            <fprob>0.0</fprob>
        </actor>
        <actor name="D0N33">
            <wcet number="0">20</wcet>
            <wcet number="1">150</wcet>
            <maxpow number="0.4129564893813702"/>
            <maxpow number="0.4129564893813702"/>
            <fprob>0.0</fprob>
        </actor>
        <actor name="D0N15">
            <wcet number="0">100</wcet>
            <wcet number="1">270</wcet>
            <maxpow number="0.3150224138523495"/>
            <maxpow number="0.3150224138523495"/>
            <fprob>0.0</fprob>
        </actor>
        <actor name="D0N22">
            <wcet number="0">50</wcet>
            <wcet number="1">270</wcet>
            <maxpow number="0.6617253873604989"/>
            <maxpow number="0.6617253873604989"/>
            <fprob>0.0</fprob>
        </actor>
        <actor name="D0N24">
            <wcet number="0">30</wcet>
            <wcet number="1">30</wcet>
            <maxpow number="0.5596422844145464"/>
            <maxpow number="0.5596422844145464"/>
            <fprob>0.0</fprob>
        </actor>
        <actor name="D0N48">
            <wcet number="0">590</wcet>
            <wcet number="1">850</wcet>
            <maxpow number="0.22430590838140357"/>
            <maxpow number="0.22430590838140357"/>
            <fprob>0.0</fprob>
        </actor>
        <actor name="D0N9">
            <wcet number="0">80</wcet>
            <wcet number="1">100</wcet>
            <maxpow number="0.7328540280561349"/>
            <maxpow number="0.7328540280561349"/>
            <fprob>0.0</fprob>
        </actor>
        <ports>
            <port dstActor="D0N48" name="p0" srcActor="D0N3"/>
            <port dstActor="D0N12" name="p1" srcActor="D0N3"/>
            <port dstActor="D0N10" name="p2" srcActor="D0N3"/>
            <port dstActor="D0N34" name="p3" srcActor="D0N29"/>
            <port dstActor="D0N39" name="p4" srcActor="D0N29"/>
            <port dstActor="D0N47" name="p5" srcActor="D0N10"/>
            <port dstActor="D0N13" name="p6" srcActor="D0N10"/>
            <port dstActor="D0N43" name="p7" srcActor="D0N10"/>
            <port dstActor="D0N37" name="p8" srcActor="D0N10"/>
            <port dstActor="D0N33" name="p9" srcActor="D0N10"/>
            <port dstActor="D0N48" name="p10" srcActor="D0N10"/>
            <port dstActor="D0N17" name="p11" srcActor="D0N16"/>
            <port dstActor="D0N26" name="p12" srcActor="D0N16"/>
            <port dstActor="D0N31" name="p13" srcActor="D0N30"/>
            <port dstActor="D0N34" name="p14" srcActor="D0N30"/>
            <port dstActor="D0N19" name="p15" srcActor="D0N2"/>
            <port dstActor="D0N34" name="p16" srcActor="D0N2"/>
            <port dstActor="D0N47" name="p17" srcActor="D0N23"/>
            <port dstActor="D0N37" name="p18" srcActor="D0N23"/>
            <port dstActor="D0N43" name="p19" srcActor="D0N23"/>
            <port dstActor="D0N38" name="p20" srcActor="D0N23"/>
            <port dstActor="D0N45" name="p21" srcActor="D0N31"/>
            <port dstActor="D0N36" name="p22" srcActor="D0N31"/>
            <port dstActor="D0N47" name="p23" srcActor="D0N46"/>
            <port dstActor="D0N35" name="p24" srcActor="D0N21"/>
            <port dstActor="D0N44" name="p25" srcActor="D0N21"/>
            <port dstActor="D0N48" name="p26" srcActor="D0N21"/>
            <port dstActor="D0N43" name="p27" srcActor="D0N38"/>
            <port dstActor="D0N38" name="p28" srcActor="D0N19"/>
            <port dstActor="D0N8" name="p29" srcActor="D0N0"/>
            <port dstActor="D0N46" name="p30" srcActor="D0N0"/>
            <port dstActor="D0N44" name="p31" srcActor="D0N0"/>
            <port dstActor="D0N33" name="p32" srcActor="D0N0"/>
            <port dstActor="D0N24" name="p33" srcActor="D0N0"/>
            <port dstActor="D0N7" name="p34" srcActor="D0N0"/>
            <port dstActor="D0N28" name="p35" srcActor="D0N0"/>
            <port dstActor="D0N30" name="p36" srcActor="D0N0"/>
            <port dstActor="D0N42" name="p37" srcActor="D0N0"/>
            <port dstActor="D0N29" name="p38" srcActor="D0N0"/>
            <port dstActor="D0N25" name="p39" srcActor="D0N0"/>
            <port dstActor="D0N47" name="p40" srcActor="D0N42"/>
            <port dstActor="D0N42" name="p41" srcActor="D0N40"/>
            <port dstActor="D0N41" name="p42" srcActor="D0N40"/>
            <port dstActor="D0N8" name="p43" srcActor="D0N4"/>
            <port dstActor="D0N26" name="p44" srcActor="D0N4"/>
            <port dstActor="D0N18" name="p45" srcActor="D0N4"/>
            <port dstActor="D0N36" name="p46" srcActor="D0N20"/>
            <port dstActor="D0N35" name="p47" srcActor="D0N20"/>
            <port dstActor="D0N27" name="p48" srcActor="D0N20"/>
            <port dstActor="D0N37" name="p49" srcActor="D0N20"/>
            <port dstActor="D0N38" name="p50" srcActor="D0N20"/>
            <port dstActor="D0N7" name="p51" srcActor="D0N6"/>
            <port dstActor="D0N25" name="p52" srcActor="D0N6"/>
            <port dstActor="D0N49" name="p53" srcActor="D0N6"/>
            <port dstActor="D0N12" name="p54" srcActor="D0N6"/>
            <port dstActor="D0N40" name="p55" srcActor="D0N6"/>
            <port dstActor="D0N49" name="p56" srcActor="D0N37"/>
            <port dstActor="D0N46" name="p57" srcActor="D0N41"/>
            <port dstActor="D0N20" name="p58" srcActor="D0N8"/>
            <port dstActor="D0N11" name="p59" srcActor="D0N8"/>
            <port dstActor="D0N41" name="p60" srcActor="D0N8"/>
            <port dstActor="D0N43" name="p61" srcActor="D0N34"/>
            <port dstActor="D0N42" name="p62" srcActor="D0N34"/>
            <port dstActor="D0N49" name="p63" srcActor="D0N34"/>
            <port dstActor="D0N44" name="p64" srcActor="D0N34"/>
            <port dstActor="D0N14" name="p65" srcActor="D0N13"/>
            <port dstActor="D0N44" name="p66" srcActor="D0N13"/>
            <port dstActor="D0N33" name="p67" srcActor="D0N13"/>
            <port dstActor="D0N27" name="p68" srcActor="D0N13"/>
            <port dstActor="D0N30" name="p69" srcActor="D0N13"/>
            <port dstActor="D0N25" name="p70" srcActor="D0N7"/>
            <port dstActor="D0N28" name="p71" srcActor="D0N7"/>
            <port dstActor="D0N19" name="p72" srcActor="D0N7"/>
            <port dstActor="D0N36" name="p73" srcActor="D0N17"/>
            <port dstActor="D0N28" name="p74" srcActor="D0N17"/>
            <port dstActor="D0N34" name="p75" srcActor="D0N17"/>
            <port dstActor="D0N31" name="p76" srcActor="D0N17"/>
            <port dstActor="D0N18" name="p77" srcActor="D0N17"/>
            <port dstActor="D0N21" name="p78" srcActor="D0N17"/>
            <port dstActor="D0N47" name="p79" srcActor="D0N43"/>
            <port dstActor="D0N35" name="p80" srcActor="D0N25"/>
            <port dstActor="D0N41" name="p81" srcActor="D0N25"/>
            <port dstActor="D0N45" name="p82" srcActor="D0N39"/>
            <port dstActor="D0N47" name="p83" srcActor="D0N39"/>
            <port dstActor="D0N41" name="p84" srcActor="D0N32"/>
            <port dstActor="D0N34" name="p85" srcActor="D0N32"/>
            <port dstActor="D0N45" name="p86" srcActor="D0N32"/>
            <port dstActor="D0N39" name="p87" srcActor="D0N36"/>
            <port dstActor="D0N44" name="p88" srcActor="D0N36"/>
            <port dstActor="D0N26" name="p89" srcActor="D0N14"/>
            <port dstActor="D0N35" name="p90" srcActor="D0N14"/>
            <port dstActor="D0N44" name="p91" srcActor="D0N14"/>
            <port dstActor="D0N40" name="p92" srcActor="D0N14"/>
            <port dstActor="D0N19" name="p93" srcActor="D0N5"/>
            <port dstActor="D0N12" name="p94" srcActor="D0N5"/>
            <port dstActor="D0N32" name="p95" srcActor="D0N5"/>
            <port dstActor="D0N25" name="p96" srcActor="D0N5"/>
            <port dstActor="D0N36" name="p97" srcActor="D0N5"/>
            <port dstActor="D0N7" name="p98" srcActor="D0N5"/>
            <port dstActor="D0N30" name="p99" srcActor="D0N5"/>
            <port dstActor="D0N47" name="p100" srcActor="D0N1"/>
            <port dstActor="D0N32" name="p101" srcActor="D0N1"/>
            <port dstActor="D0N23" name="p102" srcActor="D0N1"/>
            <port dstActor="D0N16" name="p103" srcActor="D0N12"/>
            <port dstActor="D0N32" name="p104" srcActor="D0N12"/>
            <port dstActor="D0N39" name="p105" srcActor="D0N12"/>
            <port dstActor="D0N35" name="p106" srcActor="D0N12"/>
            <port dstActor="D0N45" name="p107" srcActor="D0N12"/>
            <port dstActor="D0N41" name="p108" srcActor="D0N35"/>
            <port dstActor="D0N27" name="p109" srcActor="D0N11"/>
            <port dstActor="D0N40" name="p110" srcActor="D0N11"/>
            <port dstActor="D0N16" name="p111" srcActor="D0N11"/>
            <port dstActor="D0N19" name="p112" srcActor="D0N11"/>
            <port dstActor="D0N47" name="p113" srcActor="D0N11"/>
            <port dstActor="D0N46" name="p114" srcActor="D0N28"/>
            <port dstActor="D0N29" name="p115" srcActor="D0N28"/>
            <port dstActor="D0N45" name="p116" srcActor="D0N15"/>
            <port dstActor="D0N33" name="p117" srcActor="D0N15"/>
            <port dstActor="D0N49" name="p118" srcActor="D0N15"/>
            <port dstActor="D0N31" name="p119" srcActor="D0N15"/>
            <port dstActor="D0N29" name="p120" srcActor="D0N22"/>
            <port dstActor="D0N33" name="p121" srcActor="D0N22"/>
            <port dstActor="D0N49" name="p122" srcActor="D0N22"/>
            <port dstActor="D0N40" name="p123" srcActor="D0N22"/>
            <port dstActor="D0N46" name="p124" srcActor="D0N24"/>
            <port dstActor="D0N44" name="p125" srcActor="D0N24"/>
            <port dstActor="D0N28" name="p126" srcActor="D0N24"/>
            <port dstActor="D0N39" name="p127" srcActor="D0N24"/>
            <port dstActor="D0N49" name="p128" srcActor="D0N9"/>
            <port dstActor="D0N15" name="p129" srcActor="D0N9"/>
            <port dstActor="D0N25" name="p130" srcActor="D0N9"/>
            <port dstActor="D0N19" name="p131" srcActor="D0N9"/>
            <port dstActor="D0N48" name="p132" srcActor="D0N9"/>
            <port dstActor="D0N16" name="p133" srcActor="D0N9"/>
        </ports>
    </mcdag>
    <cores number="2"/>
    <levels number="2"/>
</mcsystem>
