<?xml version="1.0" encoding="UTF-8" standalone="no"?>
<mcsystem>
    <mcdag deadline="2000" name="genned-0-ed-10.0-0">
        <actor name="D0N6">
            <wcet number="0">110</wcet>
            <wcet number="1">120</wcet>
            <maxpow number="0.5193500493302758"/>
            <maxpow number="0.5193500493302758"/>
            <fprob>0.0</fprob>
        </actor>
        <actor name="D0N41">
            <wcet number="0">20</wcet>
            <wcet number="1">20</wcet>
            <maxpow number="0.4721830885080138"/>
            <maxpow number="0.4721830885080138"/>
            <fprob>0.0</fprob>
        </actor>
        <actor name="D0N31">
            <wcet number="0">60</wcet>
            <wcet number="1">130</wcet>
            <maxpow number="0.3864610852944239"/>
            <maxpow number="0.3864610852944239"/>
            <fprob>0.0</fprob>
        </actor>
        <actor name="D0N37">
            <wcet number="0">100</wcet>
            <wcet number="1">250</wcet>
            <maxpow number="0.554057170747257"/>
            <maxpow number="0.554057170747257"/>
            <fprob>0.0</fprob>
        </actor>
        <actor name="D0N19">
            <wcet number="0">150</wcet>
            <wcet number="1">240</wcet>
            <maxpow number="0.5347256659191312"/>
            <maxpow number="0.5347256659191312"/>
            <fprob>0.0</fprob>
        </actor>
        <actor name="D0N28">
            <wcet number="0">10</wcet>
            <wcet number="1">20</wcet>
            <maxpow number="0.2209907156665631"/>
            <maxpow number="0.2209907156665631"/>
            <fprob>0.0</fprob>
        </actor>
        <actor name="D0N32">
            <wcet number="0">50</wcet>
            <wcet number="1">70</wcet>
            <maxpow number="0.6788898342187133"/>
            <maxpow number="0.6788898342187133"/>
            <fprob>0.0</fprob>
        </actor>
        <actor name="D0N20">
            <wcet number="0">10</wcet>
            <wcet number="1">10</wcet>
            <maxpow number="0.3444884407099007"/>
            <maxpow number="0.3444884407099007"/>
            <fprob>0.0</fprob>
        </actor>
        <actor name="D0N14">
            <wcet number="0">30</wcet>
            <wcet number="1">50</wcet>
            <maxpow number="0.3073665102506113"/>
            <maxpow number="0.3073665102506113"/>
            <fprob>0.0</fprob>
        </actor>
        <actor name="D0N27">
            <wcet number="0">10</wcet>
            <wcet number="1">80</wcet>
            <maxpow number="0.7012781291081955"/>
            <maxpow number="0.7012781291081955"/>
            <fprob>0.0</fprob>
        </actor>
        <actor name="D0N10">
            <wcet number="0">70</wcet>
            <wcet number="1">120</wcet>
            <maxpow number="0.45510671094866356"/>
            <maxpow number="0.45510671094866356"/>
            <fprob>0.0</fprob>
        </actor>
        <actor name="D0N1">
            <wcet number="0">10</wcet>
            <wcet number="1">70</wcet>
            <maxpow number="0.3934206118357897"/>
            <maxpow number="0.3934206118357897"/>
            <fprob>0.0</fprob>
        </actor>
        <actor name="D0N22">
            <wcet number="0">30</wcet>
            <wcet number="1">80</wcet>
            <maxpow number="0.6730475983331201"/>
            <maxpow number="0.6730475983331201"/>
            <fprob>0.0</fprob>
        </actor>
        <actor name="D0N3">
            <wcet number="0">20</wcet>
            <wcet number="1">70</wcet>
            <maxpow number="0.6896308639516757"/>
            <maxpow number="0.6896308639516757"/>
            <fprob>0.0</fprob>
        </actor>
        <actor name="D0N35">
            <wcet number="0">130</wcet>
            <wcet number="1">150</wcet>
            <maxpow number="0.6067991241068639"/>
            <maxpow number="0.6067991241068639"/>
            <fprob>0.0</fprob>
        </actor>
        <actor name="D0N4">
            <wcet number="0">30</wcet>
            <wcet number="1">50</wcet>
            <maxpow number="0.8093422294556439"/>
            <maxpow number="0.8093422294556439"/>
            <fprob>0.0</fprob>
        </actor>
        <actor name="D0N29">
            <wcet number="0">10</wcet>
            <wcet number="1">10</wcet>
            <maxpow number="0.33353324912433524"/>
            <maxpow number="0.33353324912433524"/>
            <fprob>0.0</fprob>
        </actor>
        <actor name="D0N17">
            <wcet number="0">90</wcet>
            <wcet number="1">110</wcet>
            <maxpow number="0.5746593424606209"/>
            <maxpow number="0.5746593424606209"/>
            <fprob>0.0</fprob>
        </actor>
        <actor name="D0N26">
            <wcet number="0">30</wcet>
            <wcet number="1">140</wcet>
            <maxpow number="0.36933431956818985"/>
            <maxpow number="0.36933431956818985"/>
            <fprob>0.0</fprob>
        </actor>
        <actor name="D0N9">
            <wcet number="0">10</wcet>
            <wcet number="1">110</wcet>
            <maxpow number="0.5289834667822038"/>
            <maxpow number="0.5289834667822038"/>
            <fprob>0.0</fprob>
        </actor>
        <actor name="D0N7">
            <wcet number="0">30</wcet>
            <wcet number="1">30</wcet>
            <maxpow number="0.5937352854158717"/>
            <maxpow number="0.5937352854158717"/>
            <fprob>0.0</fprob>
        </actor>
        <actor name="D0N8">
            <wcet number="0">20</wcet>
            <wcet number="1">20</wcet>
            <maxpow number="0.4910836816237941"/>
            <maxpow number="0.4910836816237941"/>
            <fprob>0.0</fprob>
        </actor>
        <actor name="D0N39">
            <wcet number="0">260</wcet>
            <wcet number="1">260</wcet>
            <maxpow number="0.30862236378228525"/>
            <maxpow number="0.30862236378228525"/>
            <fprob>0.0</fprob>
        </actor>
        <actor name="D0N18">
            <wcet number="0">10</wcet>
            <wcet number="1">70</wcet>
            <maxpow number="0.5944835776920375"/>
            <maxpow number="0.5944835776920375"/>
            <fprob>0.0</fprob>
        </actor>
        <actor name="D0N33">
            <wcet number="0">10</wcet>
            <wcet number="1">10</wcet>
            <maxpow number="0.6294650434808036"/>
            <maxpow number="0.6294650434808036"/>
            <fprob>0.0</fprob>
        </actor>
        <actor name="D0N25">
            <wcet number="0">20</wcet>
            <wcet number="1">20</wcet>
            <maxpow number="0.8413334617608821"/>
            <maxpow number="0.8413334617608821"/>
            <fprob>0.0</fprob>
        </actor>
        <actor name="D0N44">
            <wcet number="0">20</wcet>
            <wcet number="1">30</wcet>
            <maxpow number="0.5468909672945983"/>
            <maxpow number="0.5468909672945983"/>
            <fprob>0.0</fprob>
        </actor>
        <actor name="D0N40">
            <wcet number="0">30</wcet>
            <wcet number="1">50</wcet>
            <maxpow number="0.5631594264421755"/>
            <maxpow number="0.5631594264421755"/>
            <fprob>0.0</fprob>
        </actor>
        <actor name="D0N43">
            <wcet number="0">30</wcet>
            <wcet number="1">30</wcet>
            <maxpow number="0.2601682007363653"/>
            <maxpow number="0.2601682007363653"/>
            <fprob>0.0</fprob>
        </actor>
        <actor name="D0N0">
            <wcet number="0">10</wcet>
            <wcet number="1">110</wcet>
            <maxpow number="0.6256854476499867"/>
            <maxpow number="0.6256854476499867"/>
            <fprob>0.0</fprob>
        </actor>
        <actor name="D0N13">
            <wcet number="0">10</wcet>
            <wcet number="1">10</wcet>
            <maxpow number="0.6824799266352573"/>
            <maxpow number="0.6824799266352573"/>
            <fprob>0.0</fprob>
        </actor>
        <actor name="D0N36">
            <wcet number="0">120</wcet>
            <wcet number="1">190</wcet>
            <maxpow number="0.6667870615718011"/>
            <maxpow number="0.6667870615718011"/>
            <fprob>0.0</fprob>
        </actor>
        <actor name="D0N12">
            <wcet number="0">20</wcet>
            <wcet number="1">20</wcet>
            <maxpow number="0.590496450824839"/>
            <maxpow number="0.590496450824839"/>
            <fprob>0.0</fprob>
        </actor>
        <actor name="D0N2">
            <wcet number="0">50</wcet>
            <wcet number="1">50</wcet>
            <maxpow number="0.5935072635301103"/>
            <maxpow number="0.5935072635301103"/>
            <fprob>0.0</fprob>
        </actor>
        <actor name="D0N42">
            <wcet number="0">30</wcet>
            <wcet number="1">30</wcet>
            <maxpow number="0.3706687618983986"/>
            <maxpow number="0.3706687618983986"/>
            <fprob>0.0</fprob>
        </actor>
        <actor name="D0N34">
            <wcet number="0">10</wcet>
            <wcet number="1">10</wcet>
            <maxpow number="0.4792663700665141"/>
            <maxpow number="0.4792663700665141"/>
            <fprob>0.0</fprob>
        </actor>
        <actor name="D0N24">
            <wcet number="0">150</wcet>
            <wcet number="1">230</wcet>
            <maxpow number="0.6666972924315124"/>
            <maxpow number="0.6666972924315124"/>
            <fprob>0.0</fprob>
        </actor>
        <actor name="D0N38">
            <wcet number="0">30</wcet>
            <wcet number="1">50</wcet>
            <maxpow number="0.5672965208020158"/>
            <maxpow number="0.5672965208020158"/>
            <fprob>0.0</fprob>
        </actor>
        <actor name="D0N16">
            <wcet number="0">10</wcet>
            <wcet number="1">70</wcet>
            <maxpow number="0.5476360297594758"/>
            <maxpow number="0.5476360297594758"/>
            <fprob>0.0</fprob>
        </actor>
        <actor name="D0N23">
            <wcet number="0">10</wcet>
            <wcet number="1">70</wcet>
            <maxpow number="0.368440712014528"/>
            <maxpow number="0.368440712014528"/>
            <fprob>0.0</fprob>
        </actor>
        <actor name="D0N30">
            <wcet number="0">100</wcet>
            <wcet number="1">140</wcet>
            <maxpow number="0.7405207695047578"/>
            <maxpow number="0.7405207695047578"/>
            <fprob>0.0</fprob>
        </actor>
        <actor name="D0N15">
            <wcet number="0">30</wcet>
            <wcet number="1">100</wcet>
            <maxpow number="0.4908507428226143"/>
            <maxpow number="0.4908507428226143"/>
            <fprob>0.0</fprob>
        </actor>
        <actor name="D0N21">
            <wcet number="0">40</wcet>
            <wcet number="1">80</wcet>
            <maxpow number="0.4090616394254398"/>
            <maxpow number="0.4090616394254398"/>
            <fprob>0.0</fprob>
        </actor>
        <actor name="D0N11">
            <wcet number="0">350</wcet>
            <wcet number="1">400</wcet>
            <maxpow number="0.2543737069121264"/>
            <maxpow number="0.2543737069121264"/>
            <fprob>0.0</fprob>
        </actor>
        <actor name="D0N5">
            <wcet number="0">10</wcet>
            <wcet number="1">20</wcet>
            <maxpow number="0.7244089061582448"/>
            <maxpow number="0.7244089061582448"/>
            <fprob>0.0</fprob>
        </actor>
        <ports>
            <port dstActor="D0N9" name="p0" srcActor="D0N6"/>
            <port dstActor="D0N8" name="p1" srcActor="D0N6"/>
            <port dstActor="D0N40" name="p2" srcActor="D0N37"/>
            <port dstActor="D0N21" name="p3" srcActor="D0N19"/>
            <port dstActor="D0N43" name="p4" srcActor="D0N28"/>
            <port dstActor="D0N40" name="p5" srcActor="D0N28"/>
            <port dstActor="D0N36" name="p6" srcActor="D0N20"/>
            <port dstActor="D0N43" name="p7" srcActor="D0N14"/>
            <port dstActor="D0N15" name="p8" srcActor="D0N14"/>
            <port dstActor="D0N36" name="p9" srcActor="D0N27"/>
            <port dstActor="D0N39" name="p10" srcActor="D0N27"/>
            <port dstActor="D0N17" name="p11" srcActor="D0N10"/>
            <port dstActor="D0N12" name="p12" srcActor="D0N1"/>
            <port dstActor="D0N30" name="p13" srcActor="D0N1"/>
            <port dstActor="D0N21" name="p14" srcActor="D0N1"/>
            <port dstActor="D0N14" name="p15" srcActor="D0N1"/>
            <port dstActor="D0N41" name="p16" srcActor="D0N1"/>
            <port dstActor="D0N39" name="p17" srcActor="D0N22"/>
            <port dstActor="D0N17" name="p18" srcActor="D0N3"/>
            <port dstActor="D0N36" name="p19" srcActor="D0N3"/>
            <port dstActor="D0N23" name="p20" srcActor="D0N3"/>
            <port dstActor="D0N28" name="p21" srcActor="D0N3"/>
            <port dstActor="D0N22" name="p22" srcActor="D0N3"/>
            <port dstActor="D0N41" name="p23" srcActor="D0N3"/>
            <port dstActor="D0N16" name="p24" srcActor="D0N3"/>
            <port dstActor="D0N32" name="p25" srcActor="D0N3"/>
            <port dstActor="D0N43" name="p26" srcActor="D0N35"/>
            <port dstActor="D0N36" name="p27" srcActor="D0N35"/>
            <port dstActor="D0N35" name="p28" srcActor="D0N4"/>
            <port dstActor="D0N39" name="p29" srcActor="D0N4"/>
            <port dstActor="D0N25" name="p30" srcActor="D0N4"/>
            <port dstActor="D0N20" name="p31" srcActor="D0N4"/>
            <port dstActor="D0N38" name="p32" srcActor="D0N4"/>
            <port dstActor="D0N19" name="p33" srcActor="D0N17"/>
            <port dstActor="D0N39" name="p34" srcActor="D0N17"/>
            <port dstActor="D0N29" name="p35" srcActor="D0N26"/>
            <port dstActor="D0N44" name="p36" srcActor="D0N26"/>
            <port dstActor="D0N33" name="p37" srcActor="D0N26"/>
            <port dstActor="D0N42" name="p38" srcActor="D0N26"/>
            <port dstActor="D0N40" name="p39" srcActor="D0N26"/>
            <port dstActor="D0N27" name="p40" srcActor="D0N26"/>
            <port dstActor="D0N21" name="p41" srcActor="D0N9"/>
            <port dstActor="D0N38" name="p42" srcActor="D0N7"/>
            <port dstActor="D0N11" name="p43" srcActor="D0N7"/>
            <port dstActor="D0N34" name="p44" srcActor="D0N7"/>
            <port dstActor="D0N23" name="p45" srcActor="D0N7"/>
            <port dstActor="D0N22" name="p46" srcActor="D0N7"/>
            <port dstActor="D0N10" name="p47" srcActor="D0N7"/>
            <port dstActor="D0N34" name="p48" srcActor="D0N8"/>
            <port dstActor="D0N30" name="p49" srcActor="D0N8"/>
            <port dstActor="D0N35" name="p50" srcActor="D0N8"/>
            <port dstActor="D0N26" name="p51" srcActor="D0N8"/>
            <port dstActor="D0N22" name="p52" srcActor="D0N8"/>
            <port dstActor="D0N43" name="p53" srcActor="D0N8"/>
            <port dstActor="D0N29" name="p54" srcActor="D0N18"/>
            <port dstActor="D0N34" name="p55" srcActor="D0N18"/>
            <port dstActor="D0N40" name="p56" srcActor="D0N18"/>
            <port dstActor="D0N31" name="p57" srcActor="D0N25"/>
            <port dstActor="D0N39" name="p58" srcActor="D0N25"/>
            <port dstActor="D0N3" name="p59" srcActor="D0N0"/>
            <port dstActor="D0N26" name="p60" srcActor="D0N0"/>
            <port dstActor="D0N27" name="p61" srcActor="D0N0"/>
            <port dstActor="D0N14" name="p62" srcActor="D0N13"/>
            <port dstActor="D0N30" name="p63" srcActor="D0N13"/>
            <port dstActor="D0N22" name="p64" srcActor="D0N13"/>
            <port dstActor="D0N28" name="p65" srcActor="D0N13"/>
            <port dstActor="D0N18" name="p66" srcActor="D0N13"/>
            <port dstActor="D0N39" name="p67" srcActor="D0N36"/>
            <port dstActor="D0N42" name="p68" srcActor="D0N36"/>
            <port dstActor="D0N44" name="p69" srcActor="D0N12"/>
            <port dstActor="D0N28" name="p70" srcActor="D0N12"/>
            <port dstActor="D0N29" name="p71" srcActor="D0N12"/>
            <port dstActor="D0N20" name="p72" srcActor="D0N12"/>
            <port dstActor="D0N32" name="p73" srcActor="D0N12"/>
            <port dstActor="D0N38" name="p74" srcActor="D0N2"/>
            <port dstActor="D0N20" name="p75" srcActor="D0N2"/>
            <port dstActor="D0N35" name="p76" srcActor="D0N34"/>
            <port dstActor="D0N41" name="p77" srcActor="D0N34"/>
            <port dstActor="D0N25" name="p78" srcActor="D0N24"/>
            <port dstActor="D0N42" name="p79" srcActor="D0N38"/>
            <port dstActor="D0N25" name="p80" srcActor="D0N16"/>
            <port dstActor="D0N20" name="p81" srcActor="D0N16"/>
            <port dstActor="D0N26" name="p82" srcActor="D0N23"/>
            <port dstActor="D0N34" name="p83" srcActor="D0N30"/>
            <port dstActor="D0N25" name="p84" srcActor="D0N15"/>
            <port dstActor="D0N24" name="p85" srcActor="D0N11"/>
            <port dstActor="D0N15" name="p86" srcActor="D0N11"/>
            <port dstActor="D0N33" name="p87" srcActor="D0N11"/>
            <port dstActor="D0N28" name="p88" srcActor="D0N11"/>
            <port dstActor="D0N41" name="p89" srcActor="D0N11"/>
            <port dstActor="D0N28" name="p90" srcActor="D0N5"/>
            <port dstActor="D0N6" name="p91" srcActor="D0N5"/>
            <port dstActor="D0N44" name="p92" srcActor="D0N5"/>
            <port dstActor="D0N23" name="p93" srcActor="D0N5"/>
        </ports>
    </mcdag>
    <cores number="2"/>
    <levels number="2"/>
</mcsystem>
