<?xml version="1.0" encoding="UTF-8" standalone="no"?>
<mcsystem>
    <mcdag deadline="5000" name="genned-0-ed-10.0-0">
        <actor name="D0N8">
            <wcet number="0">70</wcet>
            <wcet number="1">80</wcet>
            <maxpow number="0.2738339290696744"/>
            <maxpow number="0.2738339290696744"/>
            <fprob>0.0</fprob>
        </actor>
        <actor name="D0N27">
            <wcet number="0">440</wcet>
            <wcet number="1">460</wcet>
            <maxpow number="0.36407225679253563"/>
            <maxpow number="0.36407225679253563"/>
            <fprob>0.0</fprob>
        </actor>
        <actor name="D0N48">
            <wcet number="0">320</wcet>
            <wcet number="1">990</wcet>
            <maxpow number="0.6054091564219244"/>
            <maxpow number="0.6054091564219244"/>
            <fprob>0.0</fprob>
        </actor>
        <actor name="D0N13">
            <wcet number="0">10</wcet>
            <wcet number="1">20</wcet>
            <maxpow number="0.6723138715094548"/>
            <maxpow number="0.6723138715094548"/>
            <fprob>0.0</fprob>
        </actor>
        <actor name="D0N7">
            <wcet number="0">240</wcet>
            <wcet number="1">290</wcet>
            <maxpow number="0.4880652839995198"/>
            <maxpow number="0.4880652839995198"/>
            <fprob>0.0</fprob>
        </actor>
        <actor name="D0N34">
            <wcet number="0">100</wcet>
            <wcet number="1">110</wcet>
            <maxpow number="0.34751997657699785"/>
            <maxpow number="0.34751997657699785"/>
            <fprob>0.0</fprob>
        </actor>
        <actor name="D0N6">
            <wcet number="0">70</wcet>
            <wcet number="1">70</wcet>
            <maxpow number="0.2149925172209179"/>
            <maxpow number="0.2149925172209179"/>
            <fprob>0.0</fprob>
        </actor>
        <actor name="D0N16">
            <wcet number="0">90</wcet>
            <wcet number="1">180</wcet>
            <maxpow number="0.6905958664129443"/>
            <maxpow number="0.6905958664129443"/>
            <fprob>0.0</fprob>
        </actor>
        <actor name="D0N21">
            <wcet number="0">10</wcet>
            <wcet number="1">10</wcet>
            <maxpow number="0.5456833949044023"/>
            <maxpow number="0.5456833949044023"/>
            <fprob>0.0</fprob>
        </actor>
        <actor name="D0N14">
            <wcet number="0">70</wcet>
            <wcet number="1">170</wcet>
            <maxpow number="0.5542909319398897"/>
            <maxpow number="0.5542909319398897"/>
            <fprob>0.0</fprob>
        </actor>
        <actor name="D0N37">
            <wcet number="0">50</wcet>
            <wcet number="1">70</wcet>
            <maxpow number="0.5108034823977841"/>
            <maxpow number="0.5108034823977841"/>
            <fprob>0.0</fprob>
        </actor>
        <actor name="D0N44">
            <wcet number="0">1650</wcet>
            <wcet number="1">1820</wcet>
            <maxpow number="0.4010012393386323"/>
            <maxpow number="0.4010012393386323"/>
            <fprob>0.0</fprob>
        </actor>
        <actor name="D0N38">
            <wcet number="0">50</wcet>
            <wcet number="1">70</wcet>
            <maxpow number="0.6268334391027857"/>
            <maxpow number="0.6268334391027857"/>
            <fprob>0.0</fprob>
        </actor>
        <actor name="D0N46">
            <wcet number="0">50</wcet>
            <wcet number="1">80</wcet>
            <maxpow number="0.8700289215865664"/>
            <maxpow number="0.8700289215865664"/>
            <fprob>0.0</fprob>
        </actor>
        <actor name="D0N25">
            <wcet number="0">290</wcet>
            <wcet number="1">600</wcet>
            <maxpow number="0.5431724158044253"/>
            <maxpow number="0.5431724158044253"/>
            <fprob>0.0</fprob>
        </actor>
        <actor name="D0N9">
            <wcet number="0">180</wcet>
            <wcet number="1">270</wcet>
            <maxpow number="0.45500910470605377"/>
            <maxpow number="0.45500910470605377"/>
            <fprob>0.0</fprob>
        </actor>
        <actor name="D0N3">
            <wcet number="0">20</wcet>
            <wcet number="1">100</wcet>
            <maxpow number="0.7564634936998029"/>
            <maxpow number="0.7564634936998029"/>
            <fprob>0.0</fprob>
        </actor>
        <actor name="D0N45">
            <wcet number="0">20</wcet>
            <wcet number="1">20</wcet>
            <maxpow number="0.6117676565975594"/>
            <maxpow number="0.6117676565975594"/>
            <fprob>0.0</fprob>
        </actor>
        <actor name="D0N2">
            <wcet number="0">220</wcet>
            <wcet number="1">410</wcet>
            <maxpow number="0.15856474320557046"/>
            <maxpow number="0.15856474320557046"/>
            <fprob>0.0</fprob>
        </actor>
        <actor name="D0N36">
            <wcet number="0">10</wcet>
            <wcet number="1">40</wcet>
            <maxpow number="0.33414801702170305"/>
            <maxpow number="0.33414801702170305"/>
            <fprob>0.0</fprob>
        </actor>
        <actor name="D0N5">
            <wcet number="0">30</wcet>
            <wcet number="1">30</wcet>
            <maxpow number="0.35097492007060904"/>
            <maxpow number="0.35097492007060904"/>
            <fprob>0.0</fprob>
        </actor>
        <actor name="D0N23">
            <wcet number="0">60</wcet>
            <wcet number="1">70</wcet>
            <maxpow number="0.6907108579700811"/>
            <maxpow number="0.6907108579700811"/>
            <fprob>0.0</fprob>
        </actor>
        <actor name="D0N19">
            <wcet number="0">150</wcet>
            <wcet number="1">340</wcet>
            <maxpow number="0.4578056637707497"/>
            <maxpow number="0.4578056637707497"/>
            <fprob>0.0</fprob>
        </actor>
        <actor name="D0N1">
            <wcet number="0">20</wcet>
            <wcet number="1">30</wcet>
            <maxpow number="0.4034745048211267"/>
            <maxpow number="0.4034745048211267"/>
            <fprob>0.0</fprob>
        </actor>
        <actor name="D0N49">
            <wcet number="0">150</wcet>
            <wcet number="1">300</wcet>
            <maxpow number="0.5421567381670696"/>
            <maxpow number="0.5421567381670696"/>
            <fprob>0.0</fprob>
        </actor>
        <actor name="D0N47">
            <wcet number="0">20</wcet>
            <wcet number="1">550</wcet>
            <maxpow number="0.4203262622247307"/>
            <maxpow number="0.4203262622247307"/>
            <fprob>0.0</fprob>
        </actor>
        <actor name="D0N42">
            <wcet number="0">160</wcet>
            <wcet number="1">180</wcet>
            <maxpow number="0.2882200211371892"/>
            <maxpow number="0.2882200211371892"/>
            <fprob>0.0</fprob>
        </actor>
        <actor name="D0N10">
            <wcet number="0">20</wcet>
            <wcet number="1">20</wcet>
            <maxpow number="0.4075416841713353"/>
            <maxpow number="0.4075416841713353"/>
            <fprob>0.0</fprob>
        </actor>
        <actor name="D0N15">
            <wcet number="0">10</wcet>
            <wcet number="1">10</wcet>
            <maxpow number="0.4687055710529649"/>
            <maxpow number="0.4687055710529649"/>
            <fprob>0.0</fprob>
        </actor>
        <actor name="D0N40">
            <wcet number="0">450</wcet>
            <wcet number="1">760</wcet>
            <maxpow number="0.684228550922688"/>
            <maxpow number="0.684228550922688"/>
            <fprob>0.0</fprob>
        </actor>
        <actor name="D0N0">
            <wcet number="0">100</wcet>
            <wcet number="1">200</wcet>
            <maxpow number="0.8414207270042707"/>
            <maxpow number="0.8414207270042707"/>
            <fprob>0.0</fprob>
        </actor>
        <actor name="D0N28">
            <wcet number="0">10</wcet>
            <wcet number="1">50</wcet>
            <maxpow number="0.6673585031461694"/>
            <maxpow number="0.6673585031461694"/>
            <fprob>0.0</fprob>
        </actor>
        <actor name="D0N4">
            <wcet number="0">10</wcet>
            <wcet number="1">40</wcet>
            <maxpow number="0.4253944709756175"/>
            <maxpow number="0.4253944709756175"/>
            <fprob>0.0</fprob>
        </actor>
        <actor name="D0N18">
            <wcet number="0">30</wcet>
            <wcet number="1">120</wcet>
            <maxpow number="0.9094809731995517"/>
            <maxpow number="0.9094809731995517"/>
            <fprob>0.0</fprob>
        </actor>
        <actor name="D0N30">
            <wcet number="0">80</wcet>
            <wcet number="1">230</wcet>
            <maxpow number="0.3858126356976272"/>
            <maxpow number="0.3858126356976272"/>
            <fprob>0.0</fprob>
        </actor>
        <actor name="D0N17">
            <wcet number="0">220</wcet>
            <wcet number="1">250</wcet>
            <maxpow number="0.5431341804321631"/>
            <maxpow number="0.5431341804321631"/>
            <fprob>0.0</fprob>
        </actor>
        <actor name="D0N12">
            <wcet number="0">30</wcet>
            <wcet number="1">260</wcet>
            <maxpow number="0.4126572490314221"/>
            <maxpow number="0.4126572490314221"/>
            <fprob>0.0</fprob>
        </actor>
        <actor name="D0N20">
            <wcet number="0">140</wcet>
            <wcet number="1">200</wcet>
            <maxpow number="0.2567876399797878"/>
            <maxpow number="0.2567876399797878"/>
            <fprob>0.0</fprob>
        </actor>
        <actor name="D0N35">
            <wcet number="0">30</wcet>
            <wcet number="1">90</wcet>
            <maxpow number="0.6801557237802636"/>
            <maxpow number="0.6801557237802636"/>
            <fprob>0.0</fprob>
        </actor>
        <actor name="D0N31">
            <wcet number="0">10</wcet>
            <wcet number="1">10</wcet>
            <maxpow number="0.5844067891476549"/>
            <maxpow number="0.5844067891476549"/>
            <fprob>0.0</fprob>
        </actor>
        <actor name="D0N39">
            <wcet number="0">610</wcet>
            <wcet number="1">700</wcet>
            <maxpow number="0.6434694054270942"/>
            <maxpow number="0.6434694054270942"/>
            <fprob>0.0</fprob>
        </actor>
        <actor name="D0N32">
            <wcet number="0">1190</wcet>
            <wcet number="1">1220</wcet>
            <maxpow number="0.6304123630140372"/>
            <maxpow number="0.6304123630140372"/>
            <fprob>0.0</fprob>
        </actor>
        <actor name="D0N11">
            <wcet number="0">60</wcet>
            <wcet number="1">400</wcet>
            <maxpow number="0.46566386541596705"/>
            <maxpow number="0.46566386541596705"/>
            <fprob>0.0</fprob>
        </actor>
        <actor name="D0N41">
            <wcet number="0">90</wcet>
            <wcet number="1">100</wcet>
            <maxpow number="0.6487979484586729"/>
            <maxpow number="0.6487979484586729"/>
            <fprob>0.0</fprob>
        </actor>
        <actor name="D0N29">
            <wcet number="0">10</wcet>
            <wcet number="1">70</wcet>
            <maxpow number="0.3598930579268407"/>
            <maxpow number="0.3598930579268407"/>
            <fprob>0.0</fprob>
        </actor>
        <actor name="D0N33">
            <wcet number="0">200</wcet>
            <wcet number="1">300</wcet>
            <maxpow number="0.6787290806945327"/>
            <maxpow number="0.6787290806945327"/>
            <fprob>0.0</fprob>
        </actor>
        <actor name="D0N26">
            <wcet number="0">240</wcet>
            <wcet number="1">570</wcet>
            <maxpow number="0.5135572471595284"/>
            <maxpow number="0.5135572471595284"/>
            <fprob>0.0</fprob>
        </actor>
        <actor name="D0N22">
            <wcet number="0">70</wcet>
            <wcet number="1">150</wcet>
            <maxpow number="0.6306235380488716"/>
            <maxpow number="0.6306235380488716"/>
            <fprob>0.0</fprob>
        </actor>
        <actor name="D0N24">
            <wcet number="0">130</wcet>
            <wcet number="1">220</wcet>
            <maxpow number="0.7075151252854306"/>
            <maxpow number="0.7075151252854306"/>
            <fprob>0.0</fprob>
        </actor>
        <actor name="D0N43">
            <wcet number="0">110</wcet>
            <wcet number="1">170</wcet>
            <maxpow number="0.2982859897345013"/>
            <maxpow number="0.2982859897345013"/>
            <fprob>0.0</fprob>
        </actor>
        <ports>
            <port dstActor="D0N23" name="p0" srcActor="D0N8"/>
            <port dstActor="D0N38" name="p1" srcActor="D0N8"/>
            <port dstActor="D0N40" name="p2" srcActor="D0N27"/>
            <port dstActor="D0N30" name="p3" srcActor="D0N13"/>
            <port dstActor="D0N46" name="p4" srcActor="D0N13"/>
            <port dstActor="D0N20" name="p5" srcActor="D0N13"/>
            <port dstActor="D0N31" name="p6" srcActor="D0N7"/>
            <port dstActor="D0N29" name="p7" srcActor="D0N7"/>
            <port dstActor="D0N39" name="p8" srcActor="D0N7"/>
            <port dstActor="D0N19" name="p9" srcActor="D0N7"/>
            <port dstActor="D0N17" name="p10" srcActor="D0N7"/>
            <port dstActor="D0N48" name="p11" srcActor="D0N34"/>
            <port dstActor="D0N41" name="p12" srcActor="D0N6"/>
            <port dstActor="D0N30" name="p13" srcActor="D0N6"/>
            <port dstActor="D0N34" name="p14" srcActor="D0N6"/>
            <port dstActor="D0N38" name="p15" srcActor="D0N6"/>
            <port dstActor="D0N14" name="p16" srcActor="D0N6"/>
            <port dstActor="D0N33" name="p17" srcActor="D0N6"/>
            <port dstActor="D0N18" name="p18" srcActor="D0N16"/>
            <port dstActor="D0N42" name="p19" srcActor="D0N16"/>
            <port dstActor="D0N27" name="p20" srcActor="D0N21"/>
            <port dstActor="D0N43" name="p21" srcActor="D0N21"/>
            <port dstActor="D0N24" name="p22" srcActor="D0N21"/>
            <port dstActor="D0N36" name="p23" srcActor="D0N21"/>
            <port dstActor="D0N27" name="p24" srcActor="D0N14"/>
            <port dstActor="D0N40" name="p25" srcActor="D0N14"/>
            <port dstActor="D0N43" name="p26" srcActor="D0N14"/>
            <port dstActor="D0N39" name="p27" srcActor="D0N14"/>
            <port dstActor="D0N25" name="p28" srcActor="D0N14"/>
            <port dstActor="D0N46" name="p29" srcActor="D0N37"/>
            <port dstActor="D0N38" name="p30" srcActor="D0N37"/>
            <port dstActor="D0N47" name="p31" srcActor="D0N38"/>
            <port dstActor="D0N27" name="p32" srcActor="D0N25"/>
            <port dstActor="D0N48" name="p33" srcActor="D0N25"/>
            <port dstActor="D0N33" name="p34" srcActor="D0N25"/>
            <port dstActor="D0N15" name="p35" srcActor="D0N9"/>
            <port dstActor="D0N38" name="p36" srcActor="D0N9"/>
            <port dstActor="D0N29" name="p37" srcActor="D0N9"/>
            <port dstActor="D0N27" name="p38" srcActor="D0N9"/>
            <port dstActor="D0N42" name="p39" srcActor="D0N9"/>
            <port dstActor="D0N4" name="p40" srcActor="D0N3"/>
            <port dstActor="D0N47" name="p41" srcActor="D0N3"/>
            <port dstActor="D0N8" name="p42" srcActor="D0N3"/>
            <port dstActor="D0N33" name="p43" srcActor="D0N3"/>
            <port dstActor="D0N18" name="p44" srcActor="D0N3"/>
            <port dstActor="D0N16" name="p45" srcActor="D0N3"/>
            <port dstActor="D0N27" name="p46" srcActor="D0N2"/>
            <port dstActor="D0N20" name="p47" srcActor="D0N2"/>
            <port dstActor="D0N42" name="p48" srcActor="D0N2"/>
            <port dstActor="D0N7" name="p49" srcActor="D0N2"/>
            <port dstActor="D0N35" name="p50" srcActor="D0N2"/>
            <port dstActor="D0N17" name="p51" srcActor="D0N2"/>
            <port dstActor="D0N18" name="p52" srcActor="D0N2"/>
            <port dstActor="D0N40" name="p53" srcActor="D0N36"/>
            <port dstActor="D0N45" name="p54" srcActor="D0N36"/>
            <port dstActor="D0N20" name="p55" srcActor="D0N5"/>
            <port dstActor="D0N24" name="p56" srcActor="D0N5"/>
            <port dstActor="D0N16" name="p57" srcActor="D0N5"/>
            <port dstActor="D0N22" name="p58" srcActor="D0N5"/>
            <port dstActor="D0N32" name="p59" srcActor="D0N5"/>
            <port dstActor="D0N33" name="p60" srcActor="D0N5"/>
            <port dstActor="D0N47" name="p61" srcActor="D0N5"/>
            <port dstActor="D0N30" name="p62" srcActor="D0N5"/>
            <port dstActor="D0N38" name="p63" srcActor="D0N23"/>
            <port dstActor="D0N43" name="p64" srcActor="D0N19"/>
            <port dstActor="D0N33" name="p65" srcActor="D0N19"/>
            <port dstActor="D0N4" name="p66" srcActor="D0N1"/>
            <port dstActor="D0N42" name="p67" srcActor="D0N1"/>
            <port dstActor="D0N11" name="p68" srcActor="D0N1"/>
            <port dstActor="D0N33" name="p69" srcActor="D0N1"/>
            <port dstActor="D0N21" name="p70" srcActor="D0N1"/>
            <port dstActor="D0N5" name="p71" srcActor="D0N1"/>
            <port dstActor="D0N45" name="p72" srcActor="D0N10"/>
            <port dstActor="D0N31" name="p73" srcActor="D0N10"/>
            <port dstActor="D0N44" name="p74" srcActor="D0N10"/>
            <port dstActor="D0N41" name="p75" srcActor="D0N15"/>
            <port dstActor="D0N42" name="p76" srcActor="D0N15"/>
            <port dstActor="D0N22" name="p77" srcActor="D0N15"/>
            <port dstActor="D0N37" name="p78" srcActor="D0N15"/>
            <port dstActor="D0N23" name="p79" srcActor="D0N15"/>
            <port dstActor="D0N43" name="p80" srcActor="D0N40"/>
            <port dstActor="D0N42" name="p81" srcActor="D0N40"/>
            <port dstActor="D0N4" name="p82" srcActor="D0N0"/>
            <port dstActor="D0N49" name="p83" srcActor="D0N0"/>
            <port dstActor="D0N31" name="p84" srcActor="D0N0"/>
            <port dstActor="D0N3" name="p85" srcActor="D0N0"/>
            <port dstActor="D0N49" name="p86" srcActor="D0N28"/>
            <port dstActor="D0N31" name="p87" srcActor="D0N28"/>
            <port dstActor="D0N30" name="p88" srcActor="D0N28"/>
            <port dstActor="D0N15" name="p89" srcActor="D0N4"/>
            <port dstActor="D0N47" name="p90" srcActor="D0N18"/>
            <port dstActor="D0N46" name="p91" srcActor="D0N18"/>
            <port dstActor="D0N40" name="p92" srcActor="D0N18"/>
            <port dstActor="D0N22" name="p93" srcActor="D0N18"/>
            <port dstActor="D0N33" name="p94" srcActor="D0N18"/>
            <port dstActor="D0N35" name="p95" srcActor="D0N30"/>
            <port dstActor="D0N49" name="p96" srcActor="D0N30"/>
            <port dstActor="D0N48" name="p97" srcActor="D0N30"/>
            <port dstActor="D0N31" name="p98" srcActor="D0N30"/>
            <port dstActor="D0N39" name="p99" srcActor="D0N30"/>
            <port dstActor="D0N24" name="p100" srcActor="D0N17"/>
            <port dstActor="D0N37" name="p101" srcActor="D0N17"/>
            <port dstActor="D0N28" name="p102" srcActor="D0N17"/>
            <port dstActor="D0N18" name="p103" srcActor="D0N17"/>
            <port dstActor="D0N32" name="p104" srcActor="D0N12"/>
            <port dstActor="D0N48" name="p105" srcActor="D0N12"/>
            <port dstActor="D0N22" name="p106" srcActor="D0N12"/>
            <port dstActor="D0N23" name="p107" srcActor="D0N20"/>
            <port dstActor="D0N39" name="p108" srcActor="D0N20"/>
            <port dstActor="D0N24" name="p109" srcActor="D0N20"/>
            <port dstActor="D0N35" name="p110" srcActor="D0N31"/>
            <port dstActor="D0N40" name="p111" srcActor="D0N31"/>
            <port dstActor="D0N44" name="p112" srcActor="D0N39"/>
            <port dstActor="D0N22" name="p113" srcActor="D0N11"/>
            <port dstActor="D0N14" name="p114" srcActor="D0N11"/>
            <port dstActor="D0N39" name="p115" srcActor="D0N11"/>
            <port dstActor="D0N26" name="p116" srcActor="D0N11"/>
            <port dstActor="D0N43" name="p117" srcActor="D0N41"/>
            <port dstActor="D0N36" name="p118" srcActor="D0N29"/>
            <port dstActor="D0N30" name="p119" srcActor="D0N29"/>
            <port dstActor="D0N36" name="p120" srcActor="D0N33"/>
            <port dstActor="D0N40" name="p121" srcActor="D0N33"/>
            <port dstActor="D0N47" name="p122" srcActor="D0N33"/>
            <port dstActor="D0N35" name="p123" srcActor="D0N33"/>
            <port dstActor="D0N30" name="p124" srcActor="D0N26"/>
            <port dstActor="D0N44" name="p125" srcActor="D0N26"/>
            <port dstActor="D0N28" name="p126" srcActor="D0N22"/>
            <port dstActor="D0N47" name="p127" srcActor="D0N22"/>
            <port dstActor="D0N30" name="p128" srcActor="D0N24"/>
            <port dstActor="D0N28" name="p129" srcActor="D0N24"/>
            <port dstActor="D0N46" name="p130" srcActor="D0N43"/>
        </ports>
    </mcdag>
    <cores number="3"/>
    <levels number="2"/>
</mcsystem>
