<?xml version="1.0" encoding="UTF-8" standalone="no"?>
<mcsystem>
    <mcdag deadline="2500" name="genned-0-ed-10.0-0">
        <actor name="D0N10">
            <wcet number="0">10</wcet>
            <wcet number="1">40</wcet>
            <maxpow number="0.16534540028296024"/>
            <maxpow number="0.16534540028296024"/>
            <fprob>0.0</fprob>
        </actor>
        <actor name="D0N4">
            <wcet number="0">10</wcet>
            <wcet number="1">30</wcet>
            <maxpow number="0.6912863105160041"/>
            <maxpow number="0.6912863105160041"/>
            <fprob>0.0</fprob>
        </actor>
        <actor name="D0N9">
            <wcet number="0">20</wcet>
            <wcet number="1">30</wcet>
            <maxpow number="0.4902181316185738"/>
            <maxpow number="0.4902181316185738"/>
            <fprob>0.0</fprob>
        </actor>
        <actor name="D0N12">
            <wcet number="0">40</wcet>
            <wcet number="1">230</wcet>
            <maxpow number="0.8616949536027887"/>
            <maxpow number="0.8616949536027887"/>
            <fprob>0.0</fprob>
        </actor>
        <actor name="D0N36">
            <wcet number="0">10</wcet>
            <wcet number="1">320</wcet>
            <maxpow number="0.716252871740241"/>
            <maxpow number="0.716252871740241"/>
            <fprob>0.0</fprob>
        </actor>
        <actor name="D0N45">
            <wcet number="0">30</wcet>
            <wcet number="1">250</wcet>
            <maxpow number="0.6249469850619987"/>
            <maxpow number="0.6249469850619987"/>
            <fprob>0.0</fprob>
        </actor>
        <actor name="D0N2">
            <wcet number="0">20</wcet>
            <wcet number="1">230</wcet>
            <maxpow number="0.3979379947082351"/>
            <maxpow number="0.3979379947082351"/>
            <fprob>0.0</fprob>
        </actor>
        <actor name="D0N7">
            <wcet number="0">70</wcet>
            <wcet number="1">110</wcet>
            <maxpow number="0.6497471332498099"/>
            <maxpow number="0.6497471332498099"/>
            <fprob>0.0</fprob>
        </actor>
        <actor name="D0N44">
            <wcet number="0">70</wcet>
            <wcet number="1">140</wcet>
            <maxpow number="0.6898585610977392"/>
            <maxpow number="0.6898585610977392"/>
            <fprob>0.0</fprob>
        </actor>
        <actor name="D0N40">
            <wcet number="0">30</wcet>
            <wcet number="1">200</wcet>
            <maxpow number="0.5948327114288475"/>
            <maxpow number="0.5948327114288475"/>
            <fprob>0.0</fprob>
        </actor>
        <actor name="D0N0">
            <wcet number="0">10</wcet>
            <wcet number="1">110</wcet>
            <maxpow number="0.4274058625622711"/>
            <maxpow number="0.4274058625622711"/>
            <fprob>0.0</fprob>
        </actor>
        <actor name="D0N27">
            <wcet number="0">10</wcet>
            <wcet number="1">10</wcet>
            <maxpow number="0.6433280518215971"/>
            <maxpow number="0.6433280518215971"/>
            <fprob>0.0</fprob>
        </actor>
        <actor name="D0N11">
            <wcet number="0">20</wcet>
            <wcet number="1">70</wcet>
            <maxpow number="0.28418803951951205"/>
            <maxpow number="0.28418803951951205"/>
            <fprob>0.0</fprob>
        </actor>
        <actor name="D0N22">
            <wcet number="0">210</wcet>
            <wcet number="1">270</wcet>
            <maxpow number="0.49328927007236195"/>
            <maxpow number="0.49328927007236195"/>
            <fprob>0.0</fprob>
        </actor>
        <actor name="D0N46">
            <wcet number="0">80</wcet>
            <wcet number="1">100</wcet>
            <maxpow number="0.6570307601317789"/>
            <maxpow number="0.6570307601317789"/>
            <fprob>0.0</fprob>
        </actor>
        <actor name="D0N32">
            <wcet number="0">30</wcet>
            <wcet number="1">100</wcet>
            <maxpow number="0.6444552563005301"/>
            <maxpow number="0.6444552563005301"/>
            <fprob>0.0</fprob>
        </actor>
        <actor name="D0N25">
            <wcet number="0">10</wcet>
            <wcet number="1">10</wcet>
            <maxpow number="0.2475029814274109"/>
            <maxpow number="0.2475029814274109"/>
            <fprob>0.0</fprob>
        </actor>
        <actor name="D0N39">
            <wcet number="0">100</wcet>
            <wcet number="1">270</wcet>
            <maxpow number="0.2052486656442789"/>
            <maxpow number="0.2052486656442789"/>
            <fprob>0.0</fprob>
        </actor>
        <actor name="D0N37">
            <wcet number="0">70</wcet>
            <wcet number="1">160</wcet>
            <maxpow number="0.4670289323593464"/>
            <maxpow number="0.4670289323593464"/>
            <fprob>0.0</fprob>
        </actor>
        <actor name="D0N21">
            <wcet number="0">150</wcet>
            <wcet number="1">200</wcet>
            <maxpow number="0.6083535025731563"/>
            <maxpow number="0.6083535025731563"/>
            <fprob>0.0</fprob>
        </actor>
        <actor name="D0N47">
            <wcet number="0">220</wcet>
            <wcet number="1">400</wcet>
            <maxpow number="0.5289979996622555"/>
            <maxpow number="0.5289979996622555"/>
            <fprob>0.0</fprob>
        </actor>
        <actor name="D0N17">
            <wcet number="0">90</wcet>
            <wcet number="1">130</wcet>
            <maxpow number="0.6331307065853494"/>
            <maxpow number="0.6331307065853494"/>
            <fprob>0.0</fprob>
        </actor>
        <actor name="D0N14">
            <wcet number="0">30</wcet>
            <wcet number="1">30</wcet>
            <maxpow number="0.534726224949656"/>
            <maxpow number="0.534726224949656"/>
            <fprob>0.0</fprob>
        </actor>
        <actor name="D0N16">
            <wcet number="0">280</wcet>
            <wcet number="1">350</wcet>
            <maxpow number="0.8064708834783999"/>
            <maxpow number="0.8064708834783999"/>
            <fprob>0.0</fprob>
        </actor>
        <actor name="D0N49">
            <wcet number="0">10</wcet>
            <wcet number="1">80</wcet>
            <maxpow number="0.506557794567412"/>
            <maxpow number="0.506557794567412"/>
            <fprob>0.0</fprob>
        </actor>
        <actor name="D0N19">
            <wcet number="0">170</wcet>
            <wcet number="1">180</wcet>
            <maxpow number="0.6503461355880685"/>
            <maxpow number="0.6503461355880685"/>
            <fprob>0.0</fprob>
        </actor>
        <actor name="D0N1">
            <wcet number="0">150</wcet>
            <wcet number="1">170</wcet>
            <maxpow number="0.5377493575347029"/>
            <maxpow number="0.5377493575347029"/>
            <fprob>0.0</fprob>
        </actor>
        <actor name="D0N6">
            <wcet number="0">60</wcet>
            <wcet number="1">250</wcet>
            <maxpow number="0.806373131413954"/>
            <maxpow number="0.806373131413954"/>
            <fprob>0.0</fprob>
        </actor>
        <actor name="D0N24">
            <wcet number="0">50</wcet>
            <wcet number="1">80</wcet>
            <maxpow number="0.31283405928411046"/>
            <maxpow number="0.31283405928411046"/>
            <fprob>0.0</fprob>
        </actor>
        <actor name="D0N48">
            <wcet number="0">620</wcet>
            <wcet number="1">720</wcet>
            <maxpow number="0.4621531815056086"/>
            <maxpow number="0.4621531815056086"/>
            <fprob>0.0</fprob>
        </actor>
        <actor name="D0N33">
            <wcet number="0">40</wcet>
            <wcet number="1">290</wcet>
            <maxpow number="0.5625101152438652"/>
            <maxpow number="0.5625101152438652"/>
            <fprob>0.0</fprob>
        </actor>
        <actor name="D0N42">
            <wcet number="0">30</wcet>
            <wcet number="1">30</wcet>
            <maxpow number="0.7911570534886615"/>
            <maxpow number="0.7911570534886615"/>
            <fprob>0.0</fprob>
        </actor>
        <actor name="D0N20">
            <wcet number="0">120</wcet>
            <wcet number="1">200</wcet>
            <maxpow number="0.30893588432827346"/>
            <maxpow number="0.30893588432827346"/>
            <fprob>0.0</fprob>
        </actor>
        <actor name="D0N29">
            <wcet number="0">20</wcet>
            <wcet number="1">20</wcet>
            <maxpow number="0.2605436849167787"/>
            <maxpow number="0.2605436849167787"/>
            <fprob>0.0</fprob>
        </actor>
        <actor name="D0N34">
            <wcet number="0">50</wcet>
            <wcet number="1">50</wcet>
            <maxpow number="0.5719606743832861"/>
            <maxpow number="0.5719606743832861"/>
            <fprob>0.0</fprob>
        </actor>
        <actor name="D0N3">
            <wcet number="0">20</wcet>
            <wcet number="1">40</wcet>
            <maxpow number="0.619968550334371"/>
            <maxpow number="0.619968550334371"/>
            <fprob>0.0</fprob>
        </actor>
        <actor name="D0N18">
            <wcet number="0">50</wcet>
            <wcet number="1">140</wcet>
            <maxpow number="0.5425722787578675"/>
            <maxpow number="0.5425722787578675"/>
            <fprob>0.0</fprob>
        </actor>
        <actor name="D0N8">
            <wcet number="0">10</wcet>
            <wcet number="1">30</wcet>
            <maxpow number="0.5834081028506387"/>
            <maxpow number="0.5834081028506387"/>
            <fprob>0.0</fprob>
        </actor>
        <actor name="D0N5">
            <wcet number="0">40</wcet>
            <wcet number="1">40</wcet>
            <maxpow number="0.5818220257251926"/>
            <maxpow number="0.5818220257251926"/>
            <fprob>0.0</fprob>
        </actor>
        <actor name="D0N38">
            <wcet number="0">30</wcet>
            <wcet number="1">60</wcet>
            <maxpow number="0.626516937793395"/>
            <maxpow number="0.626516937793395"/>
            <fprob>0.0</fprob>
        </actor>
        <actor name="D0N41">
            <wcet number="0">110</wcet>
            <wcet number="1">150</wcet>
            <maxpow number="0.38847070481943147"/>
            <maxpow number="0.38847070481943147"/>
            <fprob>0.0</fprob>
        </actor>
        <actor name="D0N26">
            <wcet number="0">10</wcet>
            <wcet number="1">10</wcet>
            <maxpow number="0.4242523128331884"/>
            <maxpow number="0.4242523128331884"/>
            <fprob>0.0</fprob>
        </actor>
        <actor name="D0N43">
            <wcet number="0">10</wcet>
            <wcet number="1">40</wcet>
            <maxpow number="0.4655709182611376"/>
            <maxpow number="0.4655709182611376"/>
            <fprob>0.0</fprob>
        </actor>
        <actor name="D0N30">
            <wcet number="0">10</wcet>
            <wcet number="1">20</wcet>
            <maxpow number="0.5560191355535529"/>
            <maxpow number="0.5560191355535529"/>
            <fprob>0.0</fprob>
        </actor>
        <actor name="D0N23">
            <wcet number="0">40</wcet>
            <wcet number="1">50</wcet>
            <maxpow number="0.57890214052823"/>
            <maxpow number="0.57890214052823"/>
            <fprob>0.0</fprob>
        </actor>
        <actor name="D0N28">
            <wcet number="0">70</wcet>
            <wcet number="1">160</wcet>
            <maxpow number="0.3872696078652367"/>
            <maxpow number="0.3872696078652367"/>
            <fprob>0.0</fprob>
        </actor>
        <actor name="D0N31">
            <wcet number="0">10</wcet>
            <wcet number="1">60</wcet>
            <maxpow number="0.7484599614547396"/>
            <maxpow number="0.7484599614547396"/>
            <fprob>0.0</fprob>
        </actor>
        <actor name="D0N35">
            <wcet number="0">10</wcet>
            <wcet number="1">10</wcet>
            <maxpow number="0.3405655733371161"/>
            <maxpow number="0.3405655733371161"/>
            <fprob>0.0</fprob>
        </actor>
        <actor name="D0N13">
            <wcet number="0">20</wcet>
            <wcet number="1">20</wcet>
            <maxpow number="0.3801549392004496"/>
            <maxpow number="0.3801549392004496"/>
            <fprob>0.0</fprob>
        </actor>
        <actor name="D0N15">
            <wcet number="0">30</wcet>
            <wcet number="1">60</wcet>
            <maxpow number="0.3393920225048234"/>
            <maxpow number="0.3393920225048234"/>
            <fprob>0.0</fprob>
        </actor>
        <ports>
            <port dstActor="D0N31" name="p0" srcActor="D0N10"/>
            <port dstActor="D0N27" name="p1" srcActor="D0N10"/>
            <port dstActor="D0N22" name="p2" srcActor="D0N10"/>
            <port dstActor="D0N49" name="p3" srcActor="D0N10"/>
            <port dstActor="D0N17" name="p4" srcActor="D0N4"/>
            <port dstActor="D0N26" name="p5" srcActor="D0N4"/>
            <port dstActor="D0N15" name="p6" srcActor="D0N4"/>
            <port dstActor="D0N40" name="p7" srcActor="D0N4"/>
            <port dstActor="D0N47" name="p8" srcActor="D0N4"/>
            <port dstActor="D0N38" name="p9" srcActor="D0N9"/>
            <port dstActor="D0N14" name="p10" srcActor="D0N9"/>
            <port dstActor="D0N44" name="p11" srcActor="D0N9"/>
            <port dstActor="D0N13" name="p12" srcActor="D0N12"/>
            <port dstActor="D0N19" name="p13" srcActor="D0N12"/>
            <port dstActor="D0N25" name="p14" srcActor="D0N12"/>
            <port dstActor="D0N41" name="p15" srcActor="D0N36"/>
            <port dstActor="D0N30" name="p16" srcActor="D0N2"/>
            <port dstActor="D0N42" name="p17" srcActor="D0N2"/>
            <port dstActor="D0N29" name="p18" srcActor="D0N2"/>
            <port dstActor="D0N6" name="p19" srcActor="D0N2"/>
            <port dstActor="D0N18" name="p20" srcActor="D0N2"/>
            <port dstActor="D0N26" name="p21" srcActor="D0N7"/>
            <port dstActor="D0N37" name="p22" srcActor="D0N7"/>
            <port dstActor="D0N9" name="p23" srcActor="D0N7"/>
            <port dstActor="D0N28" name="p24" srcActor="D0N7"/>
            <port dstActor="D0N44" name="p25" srcActor="D0N7"/>
            <port dstActor="D0N11" name="p26" srcActor="D0N7"/>
            <port dstActor="D0N46" name="p27" srcActor="D0N7"/>
            <port dstActor="D0N49" name="p28" srcActor="D0N44"/>
            <port dstActor="D0N46" name="p29" srcActor="D0N44"/>
            <port dstActor="D0N45" name="p30" srcActor="D0N44"/>
            <port dstActor="D0N43" name="p31" srcActor="D0N40"/>
            <port dstActor="D0N19" name="p32" srcActor="D0N0"/>
            <port dstActor="D0N13" name="p33" srcActor="D0N0"/>
            <port dstActor="D0N44" name="p34" srcActor="D0N0"/>
            <port dstActor="D0N43" name="p35" srcActor="D0N0"/>
            <port dstActor="D0N27" name="p36" srcActor="D0N11"/>
            <port dstActor="D0N38" name="p37" srcActor="D0N11"/>
            <port dstActor="D0N37" name="p38" srcActor="D0N11"/>
            <port dstActor="D0N45" name="p39" srcActor="D0N22"/>
            <port dstActor="D0N28" name="p40" srcActor="D0N22"/>
            <port dstActor="D0N37" name="p41" srcActor="D0N22"/>
            <port dstActor="D0N25" name="p42" srcActor="D0N22"/>
            <port dstActor="D0N42" name="p43" srcActor="D0N32"/>
            <port dstActor="D0N49" name="p44" srcActor="D0N32"/>
            <port dstActor="D0N39" name="p45" srcActor="D0N25"/>
            <port dstActor="D0N27" name="p46" srcActor="D0N25"/>
            <port dstActor="D0N33" name="p47" srcActor="D0N25"/>
            <port dstActor="D0N44" name="p48" srcActor="D0N39"/>
            <port dstActor="D0N39" name="p49" srcActor="D0N37"/>
            <port dstActor="D0N49" name="p50" srcActor="D0N37"/>
            <port dstActor="D0N27" name="p51" srcActor="D0N21"/>
            <port dstActor="D0N19" name="p52" srcActor="D0N17"/>
            <port dstActor="D0N20" name="p53" srcActor="D0N14"/>
            <port dstActor="D0N25" name="p54" srcActor="D0N16"/>
            <port dstActor="D0N48" name="p55" srcActor="D0N16"/>
            <port dstActor="D0N21" name="p56" srcActor="D0N16"/>
            <port dstActor="D0N29" name="p57" srcActor="D0N16"/>
            <port dstActor="D0N25" name="p58" srcActor="D0N19"/>
            <port dstActor="D0N48" name="p59" srcActor="D0N19"/>
            <port dstActor="D0N46" name="p60" srcActor="D0N19"/>
            <port dstActor="D0N12" name="p61" srcActor="D0N1"/>
            <port dstActor="D0N28" name="p62" srcActor="D0N1"/>
            <port dstActor="D0N5" name="p63" srcActor="D0N1"/>
            <port dstActor="D0N15" name="p64" srcActor="D0N1"/>
            <port dstActor="D0N39" name="p65" srcActor="D0N1"/>
            <port dstActor="D0N14" name="p66" srcActor="D0N1"/>
            <port dstActor="D0N34" name="p67" srcActor="D0N6"/>
            <port dstActor="D0N29" name="p68" srcActor="D0N6"/>
            <port dstActor="D0N17" name="p69" srcActor="D0N6"/>
            <port dstActor="D0N32" name="p70" srcActor="D0N24"/>
            <port dstActor="D0N41" name="p71" srcActor="D0N24"/>
            <port dstActor="D0N38" name="p72" srcActor="D0N33"/>
            <port dstActor="D0N43" name="p73" srcActor="D0N33"/>
            <port dstActor="D0N44" name="p74" srcActor="D0N42"/>
            <port dstActor="D0N32" name="p75" srcActor="D0N20"/>
            <port dstActor="D0N36" name="p76" srcActor="D0N29"/>
            <port dstActor="D0N37" name="p77" srcActor="D0N29"/>
            <port dstActor="D0N32" name="p78" srcActor="D0N29"/>
            <port dstActor="D0N49" name="p79" srcActor="D0N34"/>
            <port dstActor="D0N40" name="p80" srcActor="D0N34"/>
            <port dstActor="D0N43" name="p81" srcActor="D0N34"/>
            <port dstActor="D0N35" name="p82" srcActor="D0N3"/>
            <port dstActor="D0N30" name="p83" srcActor="D0N3"/>
            <port dstActor="D0N18" name="p84" srcActor="D0N3"/>
            <port dstActor="D0N46" name="p85" srcActor="D0N18"/>
            <port dstActor="D0N35" name="p86" srcActor="D0N8"/>
            <port dstActor="D0N47" name="p87" srcActor="D0N8"/>
            <port dstActor="D0N26" name="p88" srcActor="D0N8"/>
            <port dstActor="D0N44" name="p89" srcActor="D0N8"/>
            <port dstActor="D0N10" name="p90" srcActor="D0N5"/>
            <port dstActor="D0N30" name="p91" srcActor="D0N5"/>
            <port dstActor="D0N13" name="p92" srcActor="D0N5"/>
            <port dstActor="D0N26" name="p93" srcActor="D0N5"/>
            <port dstActor="D0N11" name="p94" srcActor="D0N5"/>
            <port dstActor="D0N40" name="p95" srcActor="D0N5"/>
            <port dstActor="D0N22" name="p96" srcActor="D0N5"/>
            <port dstActor="D0N19" name="p97" srcActor="D0N5"/>
            <port dstActor="D0N49" name="p98" srcActor="D0N5"/>
            <port dstActor="D0N36" name="p99" srcActor="D0N5"/>
            <port dstActor="D0N37" name="p100" srcActor="D0N26"/>
            <port dstActor="D0N38" name="p101" srcActor="D0N26"/>
            <port dstActor="D0N27" name="p102" srcActor="D0N26"/>
            <port dstActor="D0N42" name="p103" srcActor="D0N26"/>
            <port dstActor="D0N45" name="p104" srcActor="D0N26"/>
            <port dstActor="D0N30" name="p105" srcActor="D0N26"/>
            <port dstActor="D0N37" name="p106" srcActor="D0N30"/>
            <port dstActor="D0N39" name="p107" srcActor="D0N30"/>
            <port dstActor="D0N49" name="p108" srcActor="D0N23"/>
            <port dstActor="D0N45" name="p109" srcActor="D0N28"/>
            <port dstActor="D0N32" name="p110" srcActor="D0N28"/>
            <port dstActor="D0N36" name="p111" srcActor="D0N28"/>
            <port dstActor="D0N49" name="p112" srcActor="D0N28"/>
            <port dstActor="D0N32" name="p113" srcActor="D0N31"/>
            <port dstActor="D0N48" name="p114" srcActor="D0N31"/>
            <port dstActor="D0N42" name="p115" srcActor="D0N31"/>
            <port dstActor="D0N43" name="p116" srcActor="D0N35"/>
            <port dstActor="D0N38" name="p117" srcActor="D0N35"/>
            <port dstActor="D0N19" name="p118" srcActor="D0N13"/>
            <port dstActor="D0N24" name="p119" srcActor="D0N13"/>
            <port dstActor="D0N41" name="p120" srcActor="D0N15"/>
        </ports>
    </mcdag>
    <cores number="3"/>
    <levels number="2"/>
</mcsystem>
