<?xml version="1.0" encoding="UTF-8" standalone="no"?>
<mcsystem>
    <mcdag deadline="1000" name="genned-0-ed-10.0-0">
        <actor name="D0N27">
            <wcet number="0">40</wcet>
            <wcet number="1">80</wcet>
            <maxpow number="0.515307459494529"/>
            <maxpow number="0.515307459494529"/>
            <fprob>0.0</fprob>
        </actor>
        <actor name="D0N39">
            <wcet number="0">10</wcet>
            <wcet number="1">10</wcet>
            <maxpow number="0.6744109810316603"/>
            <maxpow number="0.6744109810316603"/>
            <fprob>0.0</fprob>
        </actor>
        <actor name="D0N26">
            <wcet number="0">80</wcet>
            <wcet number="1">140</wcet>
            <maxpow number="0.5113155859951163"/>
            <maxpow number="0.5113155859951163"/>
            <fprob>0.0</fprob>
        </actor>
        <actor name="D0N23">
            <wcet number="0">10</wcet>
            <wcet number="1">30</wcet>
            <maxpow number="0.4913094957898127"/>
            <maxpow number="0.4913094957898127"/>
            <fprob>0.0</fprob>
        </actor>
        <actor name="D0N25">
            <wcet number="0">90</wcet>
            <wcet number="1">90</wcet>
            <maxpow number="0.2690320437523253"/>
            <maxpow number="0.2690320437523253"/>
            <fprob>0.0</fprob>
        </actor>
        <actor name="D0N30">
            <wcet number="0">50</wcet>
            <wcet number="1">50</wcet>
            <maxpow number="0.7135349371741176"/>
            <maxpow number="0.7135349371741176"/>
            <fprob>0.0</fprob>
        </actor>
        <actor name="D0N37">
            <wcet number="0">10</wcet>
            <wcet number="1">20</wcet>
            <maxpow number="0.7062958948226453"/>
            <maxpow number="0.7062958948226453"/>
            <fprob>0.0</fprob>
        </actor>
        <actor name="D0N33">
            <wcet number="0">10</wcet>
            <wcet number="1">10</wcet>
            <maxpow number="0.5156013532509494"/>
            <maxpow number="0.5156013532509494"/>
            <fprob>0.0</fprob>
        </actor>
        <actor name="D0N14">
            <wcet number="0">60</wcet>
            <wcet number="1">90</wcet>
            <maxpow number="0.831440308799525"/>
            <maxpow number="0.831440308799525"/>
            <fprob>0.0</fprob>
        </actor>
        <actor name="D0N4">
            <wcet number="0">30</wcet>
            <wcet number="1">30</wcet>
            <maxpow number="0.26842814770464474"/>
            <maxpow number="0.26842814770464474"/>
            <fprob>0.0</fprob>
        </actor>
        <actor name="D0N34">
            <wcet number="0">10</wcet>
            <wcet number="1">120</wcet>
            <maxpow number="0.397570323853108"/>
            <maxpow number="0.397570323853108"/>
            <fprob>0.0</fprob>
        </actor>
        <actor name="D0N20">
            <wcet number="0">90</wcet>
            <wcet number="1">90</wcet>
            <maxpow number="0.48608732888163386"/>
            <maxpow number="0.48608732888163386"/>
            <fprob>0.0</fprob>
        </actor>
        <actor name="D0N38">
            <wcet number="0">30</wcet>
            <wcet number="1">50</wcet>
            <maxpow number="0.3360160235540779"/>
            <maxpow number="0.3360160235540779"/>
            <fprob>0.0</fprob>
        </actor>
        <actor name="D0N6">
            <wcet number="0">50</wcet>
            <wcet number="1">60</wcet>
            <maxpow number="0.9115900917006753"/>
            <maxpow number="0.9115900917006753"/>
            <fprob>0.0</fprob>
        </actor>
        <actor name="D0N24">
            <wcet number="0">10</wcet>
            <wcet number="1">80</wcet>
            <maxpow number="0.6563607860744448"/>
            <maxpow number="0.6563607860744448"/>
            <fprob>0.0</fprob>
        </actor>
        <actor name="D0N11">
            <wcet number="0">20</wcet>
            <wcet number="1">90</wcet>
            <maxpow number="0.5782339923294962"/>
            <maxpow number="0.5782339923294962"/>
            <fprob>0.0</fprob>
        </actor>
        <actor name="D0N31">
            <wcet number="0">10</wcet>
            <wcet number="1">20</wcet>
            <maxpow number="0.37302490369309566"/>
            <maxpow number="0.37302490369309566"/>
            <fprob>0.0</fprob>
        </actor>
        <actor name="D0N22">
            <wcet number="0">10</wcet>
            <wcet number="1">10</wcet>
            <maxpow number="0.6315838184623357"/>
            <maxpow number="0.6315838184623357"/>
            <fprob>0.0</fprob>
        </actor>
        <actor name="D0N12">
            <wcet number="0">20</wcet>
            <wcet number="1">30</wcet>
            <maxpow number="0.3591013927710849"/>
            <maxpow number="0.3591013927710849"/>
            <fprob>0.0</fprob>
        </actor>
        <actor name="D0N21">
            <wcet number="0">20</wcet>
            <wcet number="1">60</wcet>
            <maxpow number="0.05413043425725805"/>
            <maxpow number="0.05413043425725805"/>
            <fprob>0.0</fprob>
        </actor>
        <actor name="D0N0">
            <wcet number="0">10</wcet>
            <wcet number="1">20</wcet>
            <maxpow number="0.3959498512770545"/>
            <maxpow number="0.3959498512770545"/>
            <fprob>0.0</fprob>
        </actor>
        <actor name="D0N8">
            <wcet number="0">10</wcet>
            <wcet number="1">10</wcet>
            <maxpow number="0.36734975284479576"/>
            <maxpow number="0.36734975284479576"/>
            <fprob>0.0</fprob>
        </actor>
        <actor name="D0N1">
            <wcet number="0">10</wcet>
            <wcet number="1">10</wcet>
            <maxpow number="0.7707819496922379"/>
            <maxpow number="0.7707819496922379"/>
            <fprob>0.0</fprob>
        </actor>
        <actor name="D0N2">
            <wcet number="0">40</wcet>
            <wcet number="1">40</wcet>
            <maxpow number="0.4833158073056"/>
            <maxpow number="0.4833158073056"/>
            <fprob>0.0</fprob>
        </actor>
        <actor name="D0N36">
            <wcet number="0">10</wcet>
            <wcet number="1">20</wcet>
            <maxpow number="0.3970278166165662"/>
            <maxpow number="0.3970278166165662"/>
            <fprob>0.0</fprob>
        </actor>
        <actor name="D0N5">
            <wcet number="0">30</wcet>
            <wcet number="1">40</wcet>
            <maxpow number="0.3160998085608555"/>
            <maxpow number="0.3160998085608555"/>
            <fprob>0.0</fprob>
        </actor>
        <actor name="D0N7">
            <wcet number="0">10</wcet>
            <wcet number="1">20</wcet>
            <maxpow number="0.8653338217775297"/>
            <maxpow number="0.8653338217775297"/>
            <fprob>0.0</fprob>
        </actor>
        <actor name="D0N40">
            <wcet number="0">30</wcet>
            <wcet number="1">90</wcet>
            <maxpow number="0.6966526342179673"/>
            <maxpow number="0.6966526342179673"/>
            <fprob>0.0</fprob>
        </actor>
        <actor name="D0N16">
            <wcet number="0">50</wcet>
            <wcet number="1">110</wcet>
            <maxpow number="0.4137246012951258"/>
            <maxpow number="0.4137246012951258"/>
            <fprob>0.0</fprob>
        </actor>
        <actor name="D0N35">
            <wcet number="0">10</wcet>
            <wcet number="1">20</wcet>
            <maxpow number="0.43909878264989616"/>
            <maxpow number="0.43909878264989616"/>
            <fprob>0.0</fprob>
        </actor>
        <actor name="D0N9">
            <wcet number="0">30</wcet>
            <wcet number="1">30</wcet>
            <maxpow number="0.6294273846975114"/>
            <maxpow number="0.6294273846975114"/>
            <fprob>0.0</fprob>
        </actor>
        <actor name="D0N15">
            <wcet number="0">10</wcet>
            <wcet number="1">30</wcet>
            <maxpow number="0.6235103734458032"/>
            <maxpow number="0.6235103734458032"/>
            <fprob>0.0</fprob>
        </actor>
        <actor name="D0N19">
            <wcet number="0">40</wcet>
            <wcet number="1">50</wcet>
            <maxpow number="0.609251067996383"/>
            <maxpow number="0.609251067996383"/>
            <fprob>0.0</fprob>
        </actor>
        <actor name="D0N17">
            <wcet number="0">50</wcet>
            <wcet number="1">110</wcet>
            <maxpow number="0.4987094884994597"/>
            <maxpow number="0.4987094884994597"/>
            <fprob>0.0</fprob>
        </actor>
        <actor name="D0N29">
            <wcet number="0">20</wcet>
            <wcet number="1">30</wcet>
            <maxpow number="0.6702669713070982"/>
            <maxpow number="0.6702669713070982"/>
            <fprob>0.0</fprob>
        </actor>
        <actor name="D0N3">
            <wcet number="0">10</wcet>
            <wcet number="1">20</wcet>
            <maxpow number="0.24053840505225788"/>
            <maxpow number="0.24053840505225788"/>
            <fprob>0.0</fprob>
        </actor>
        <actor name="D0N10">
            <wcet number="0">20</wcet>
            <wcet number="1">60</wcet>
            <maxpow number="0.6269532466212967"/>
            <maxpow number="0.6269532466212967"/>
            <fprob>0.0</fprob>
        </actor>
        <actor name="D0N32">
            <wcet number="0">20</wcet>
            <wcet number="1">70</wcet>
            <maxpow number="0.5585512047516414"/>
            <maxpow number="0.5585512047516414"/>
            <fprob>0.0</fprob>
        </actor>
        <actor name="D0N18">
            <wcet number="0">40</wcet>
            <wcet number="1">80</wcet>
            <maxpow number="1.0213203678868141"/>
            <maxpow number="1.0213203678868141"/>
            <fprob>0.0</fprob>
        </actor>
        <actor name="D0N28">
            <wcet number="0">10</wcet>
            <wcet number="1">20</wcet>
            <maxpow number="0.5654943589572548"/>
            <maxpow number="0.5654943589572548"/>
            <fprob>0.0</fprob>
        </actor>
        <actor name="D0N13">
            <wcet number="0">40</wcet>
            <wcet number="1">60</wcet>
            <maxpow number="0.4720959356597509"/>
            <maxpow number="0.4720959356597509"/>
            <fprob>0.0</fprob>
        </actor>
        <ports>
            <port dstActor="D0N36" name="p0" srcActor="D0N27"/>
            <port dstActor="D0N36" name="p1" srcActor="D0N26"/>
            <port dstActor="D0N38" name="p2" srcActor="D0N26"/>
            <port dstActor="D0N32" name="p3" srcActor="D0N23"/>
            <port dstActor="D0N25" name="p4" srcActor="D0N23"/>
            <port dstActor="D0N37" name="p5" srcActor="D0N23"/>
            <port dstActor="D0N30" name="p6" srcActor="D0N25"/>
            <port dstActor="D0N34" name="p7" srcActor="D0N25"/>
            <port dstActor="D0N32" name="p8" srcActor="D0N25"/>
            <port dstActor="D0N33" name="p9" srcActor="D0N25"/>
            <port dstActor="D0N31" name="p10" srcActor="D0N25"/>
            <port dstActor="D0N26" name="p11" srcActor="D0N25"/>
            <port dstActor="D0N37" name="p12" srcActor="D0N33"/>
            <port dstActor="D0N36" name="p13" srcActor="D0N33"/>
            <port dstActor="D0N38" name="p14" srcActor="D0N33"/>
            <port dstActor="D0N34" name="p15" srcActor="D0N14"/>
            <port dstActor="D0N17" name="p16" srcActor="D0N14"/>
            <port dstActor="D0N23" name="p17" srcActor="D0N14"/>
            <port dstActor="D0N31" name="p18" srcActor="D0N14"/>
            <port dstActor="D0N28" name="p19" srcActor="D0N4"/>
            <port dstActor="D0N36" name="p20" srcActor="D0N4"/>
            <port dstActor="D0N35" name="p21" srcActor="D0N20"/>
            <port dstActor="D0N31" name="p22" srcActor="D0N20"/>
            <port dstActor="D0N36" name="p23" srcActor="D0N20"/>
            <port dstActor="D0N40" name="p24" srcActor="D0N20"/>
            <port dstActor="D0N18" name="p25" srcActor="D0N6"/>
            <port dstActor="D0N14" name="p26" srcActor="D0N6"/>
            <port dstActor="D0N17" name="p27" srcActor="D0N6"/>
            <port dstActor="D0N34" name="p28" srcActor="D0N6"/>
            <port dstActor="D0N30" name="p29" srcActor="D0N24"/>
            <port dstActor="D0N33" name="p30" srcActor="D0N24"/>
            <port dstActor="D0N12" name="p31" srcActor="D0N11"/>
            <port dstActor="D0N28" name="p32" srcActor="D0N11"/>
            <port dstActor="D0N31" name="p33" srcActor="D0N11"/>
            <port dstActor="D0N34" name="p34" srcActor="D0N11"/>
            <port dstActor="D0N37" name="p35" srcActor="D0N31"/>
            <port dstActor="D0N40" name="p36" srcActor="D0N22"/>
            <port dstActor="D0N19" name="p37" srcActor="D0N12"/>
            <port dstActor="D0N36" name="p38" srcActor="D0N12"/>
            <port dstActor="D0N31" name="p39" srcActor="D0N12"/>
            <port dstActor="D0N30" name="p40" srcActor="D0N12"/>
            <port dstActor="D0N34" name="p41" srcActor="D0N12"/>
            <port dstActor="D0N40" name="p42" srcActor="D0N12"/>
            <port dstActor="D0N39" name="p43" srcActor="D0N12"/>
            <port dstActor="D0N2" name="p44" srcActor="D0N0"/>
            <port dstActor="D0N28" name="p45" srcActor="D0N8"/>
            <port dstActor="D0N28" name="p46" srcActor="D0N1"/>
            <port dstActor="D0N12" name="p47" srcActor="D0N2"/>
            <port dstActor="D0N39" name="p48" srcActor="D0N2"/>
            <port dstActor="D0N27" name="p49" srcActor="D0N5"/>
            <port dstActor="D0N35" name="p50" srcActor="D0N7"/>
            <port dstActor="D0N26" name="p51" srcActor="D0N7"/>
            <port dstActor="D0N25" name="p52" srcActor="D0N16"/>
            <port dstActor="D0N18" name="p53" srcActor="D0N9"/>
            <port dstActor="D0N29" name="p54" srcActor="D0N9"/>
            <port dstActor="D0N32" name="p55" srcActor="D0N9"/>
            <port dstActor="D0N35" name="p56" srcActor="D0N9"/>
            <port dstActor="D0N37" name="p57" srcActor="D0N15"/>
            <port dstActor="D0N21" name="p58" srcActor="D0N15"/>
            <port dstActor="D0N30" name="p59" srcActor="D0N15"/>
            <port dstActor="D0N36" name="p60" srcActor="D0N15"/>
            <port dstActor="D0N39" name="p61" srcActor="D0N19"/>
            <port dstActor="D0N20" name="p62" srcActor="D0N19"/>
            <port dstActor="D0N21" name="p63" srcActor="D0N17"/>
            <port dstActor="D0N18" name="p64" srcActor="D0N17"/>
            <port dstActor="D0N37" name="p65" srcActor="D0N29"/>
            <port dstActor="D0N16" name="p66" srcActor="D0N3"/>
            <port dstActor="D0N31" name="p67" srcActor="D0N3"/>
            <port dstActor="D0N38" name="p68" srcActor="D0N3"/>
            <port dstActor="D0N35" name="p69" srcActor="D0N10"/>
            <port dstActor="D0N40" name="p70" srcActor="D0N32"/>
            <port dstActor="D0N20" name="p71" srcActor="D0N18"/>
            <port dstActor="D0N39" name="p72" srcActor="D0N18"/>
            <port dstActor="D0N31" name="p73" srcActor="D0N13"/>
            <port dstActor="D0N23" name="p74" srcActor="D0N13"/>
        </ports>
    </mcdag>
    <cores number="3"/>
    <levels number="2"/>
</mcsystem>
