<?xml version="1.0" encoding="UTF-8" standalone="no"?>
<mcsystem>
    <mcdag deadline="1500" name="genned-0-ed-10.0-0">
        <actor name="D0N26">
            <wcet number="0">50</wcet>
            <wcet number="1">60</wcet>
            <maxpow number="0.36879540627791363"/>
            <maxpow number="0.36879540627791363"/>
            <fprob>0.0</fprob>
        </actor>
        <actor name="D0N32">
            <wcet number="0">30</wcet>
            <wcet number="1">30</wcet>
            <maxpow number="0.5357195434425089"/>
            <maxpow number="0.5357195434425089"/>
            <fprob>0.0</fprob>
        </actor>
        <actor name="D0N30">
            <wcet number="0">40</wcet>
            <wcet number="1">90</wcet>
            <maxpow number="0.7323477774484438"/>
            <maxpow number="0.7323477774484438"/>
            <fprob>0.0</fprob>
        </actor>
        <actor name="D0N44">
            <wcet number="0">10</wcet>
            <wcet number="1">40</wcet>
            <maxpow number="0.43808695485763977"/>
            <maxpow number="0.43808695485763977"/>
            <fprob>0.0</fprob>
        </actor>
        <actor name="D0N19">
            <wcet number="0">10</wcet>
            <wcet number="1">10</wcet>
            <maxpow number="0.32919442537216637"/>
            <maxpow number="0.32919442537216637"/>
            <fprob>0.0</fprob>
        </actor>
        <actor name="D0N37">
            <wcet number="0">10</wcet>
            <wcet number="1">10</wcet>
            <maxpow number="0.6137187751028089"/>
            <maxpow number="0.6137187751028089"/>
            <fprob>0.0</fprob>
        </actor>
        <actor name="D0N23">
            <wcet number="0">20</wcet>
            <wcet number="1">20</wcet>
            <maxpow number="0.36082678436825744"/>
            <maxpow number="0.36082678436825744"/>
            <fprob>0.0</fprob>
        </actor>
        <actor name="D0N0">
            <wcet number="0">170</wcet>
            <wcet number="1">200</wcet>
            <maxpow number="0.44483054776759823"/>
            <maxpow number="0.44483054776759823"/>
            <fprob>0.0</fprob>
        </actor>
        <actor name="D0N6">
            <wcet number="0">30</wcet>
            <wcet number="1">140</wcet>
            <maxpow number="0.5320385854846504"/>
            <maxpow number="0.5320385854846504"/>
            <fprob>0.0</fprob>
        </actor>
        <actor name="D0N24">
            <wcet number="0">80</wcet>
            <wcet number="1">90</wcet>
            <maxpow number="0.0828234636720449"/>
            <maxpow number="0.0828234636720449"/>
            <fprob>0.0</fprob>
        </actor>
        <actor name="D0N34">
            <wcet number="0">30</wcet>
            <wcet number="1">50</wcet>
            <maxpow number="0.5329066393998039"/>
            <maxpow number="0.5329066393998039"/>
            <fprob>0.0</fprob>
        </actor>
        <actor name="D0N17">
            <wcet number="0">150</wcet>
            <wcet number="1">250</wcet>
            <maxpow number="0.38426347761669455"/>
            <maxpow number="0.38426347761669455"/>
            <fprob>0.0</fprob>
        </actor>
        <actor name="D0N42">
            <wcet number="0">60</wcet>
            <wcet number="1">180</wcet>
            <maxpow number="0.30050086138264986"/>
            <maxpow number="0.30050086138264986"/>
            <fprob>0.0</fprob>
        </actor>
        <actor name="D0N2">
            <wcet number="0">140</wcet>
            <wcet number="1">290</wcet>
            <maxpow number="0.5163993518785501"/>
            <maxpow number="0.5163993518785501"/>
            <fprob>0.0</fprob>
        </actor>
        <actor name="D0N8">
            <wcet number="0">120</wcet>
            <wcet number="1">140</wcet>
            <maxpow number="0.3934957644960939"/>
            <maxpow number="0.3934957644960939"/>
            <fprob>0.0</fprob>
        </actor>
        <actor name="D0N31">
            <wcet number="0">40</wcet>
            <wcet number="1">50</wcet>
            <maxpow number="0.5447521706746224"/>
            <maxpow number="0.5447521706746224"/>
            <fprob>0.0</fprob>
        </actor>
        <actor name="D0N4">
            <wcet number="0">100</wcet>
            <wcet number="1">150</wcet>
            <maxpow number="0.7800469920323241"/>
            <maxpow number="0.7800469920323241"/>
            <fprob>0.0</fprob>
        </actor>
        <actor name="D0N9">
            <wcet number="0">50</wcet>
            <wcet number="1">50</wcet>
            <maxpow number="0.4389479530508924"/>
            <maxpow number="0.4389479530508924"/>
            <fprob>0.0</fprob>
        </actor>
        <actor name="D0N14">
            <wcet number="0">50</wcet>
            <wcet number="1">70</wcet>
            <maxpow number="0.7140887053532816"/>
            <maxpow number="0.7140887053532816"/>
            <fprob>0.0</fprob>
        </actor>
        <actor name="D0N5">
            <wcet number="0">20</wcet>
            <wcet number="1">30</wcet>
            <maxpow number="0.6254090888849472"/>
            <maxpow number="0.6254090888849472"/>
            <fprob>0.0</fprob>
        </actor>
        <actor name="D0N36">
            <wcet number="0">70</wcet>
            <wcet number="1">110</wcet>
            <maxpow number="0.3483573007551052"/>
            <maxpow number="0.3483573007551052"/>
            <fprob>0.0</fprob>
        </actor>
        <actor name="D0N38">
            <wcet number="0">110</wcet>
            <wcet number="1">110</wcet>
            <maxpow number="0.6665366721364281"/>
            <maxpow number="0.6665366721364281"/>
            <fprob>0.0</fprob>
        </actor>
        <actor name="D0N35">
            <wcet number="0">10</wcet>
            <wcet number="1">10</wcet>
            <maxpow number="0.47075561785726816"/>
            <maxpow number="0.47075561785726816"/>
            <fprob>0.0</fprob>
        </actor>
        <actor name="D0N12">
            <wcet number="0">10</wcet>
            <wcet number="1">40</wcet>
            <maxpow number="0.6484423190345364"/>
            <maxpow number="0.6484423190345364"/>
            <fprob>0.0</fprob>
        </actor>
        <actor name="D0N15">
            <wcet number="0">10</wcet>
            <wcet number="1">10</wcet>
            <maxpow number="0.21827555083123407"/>
            <maxpow number="0.21827555083123407"/>
            <fprob>0.0</fprob>
        </actor>
        <actor name="D0N49">
            <wcet number="0">20</wcet>
            <wcet number="1">20</wcet>
            <maxpow number="0.4469958777291154"/>
            <maxpow number="0.4469958777291154"/>
            <fprob>0.0</fprob>
        </actor>
        <actor name="D0N45">
            <wcet number="0">30</wcet>
            <wcet number="1">30</wcet>
            <maxpow number="0.5350527347740681"/>
            <maxpow number="0.5350527347740681"/>
            <fprob>0.0</fprob>
        </actor>
        <actor name="D0N10">
            <wcet number="0">30</wcet>
            <wcet number="1">30</wcet>
            <maxpow number="0.5377510692334662"/>
            <maxpow number="0.5377510692334662"/>
            <fprob>0.0</fprob>
        </actor>
        <actor name="D0N41">
            <wcet number="0">50</wcet>
            <wcet number="1">130</wcet>
            <maxpow number="0.5477054906151292"/>
            <maxpow number="0.5477054906151292"/>
            <fprob>0.0</fprob>
        </actor>
        <actor name="D0N7">
            <wcet number="0">20</wcet>
            <wcet number="1">20</wcet>
            <maxpow number="0.31474762987910415"/>
            <maxpow number="0.31474762987910415"/>
            <fprob>0.0</fprob>
        </actor>
        <actor name="D0N18">
            <wcet number="0">10</wcet>
            <wcet number="1">10</wcet>
            <maxpow number="0.07703733155518905"/>
            <maxpow number="0.07703733155518905"/>
            <fprob>0.0</fprob>
        </actor>
        <actor name="D0N43">
            <wcet number="0">40</wcet>
            <wcet number="1">50</wcet>
            <maxpow number="0.5113270792665056"/>
            <maxpow number="0.5113270792665056"/>
            <fprob>0.0</fprob>
        </actor>
        <actor name="D0N33">
            <wcet number="0">90</wcet>
            <wcet number="1">180</wcet>
            <maxpow number="0.39810796810730753"/>
            <maxpow number="0.39810796810730753"/>
            <fprob>0.0</fprob>
        </actor>
        <actor name="D0N22">
            <wcet number="0">70</wcet>
            <wcet number="1">130</wcet>
            <maxpow number="0.6154064631151416"/>
            <maxpow number="0.6154064631151416"/>
            <fprob>0.0</fprob>
        </actor>
        <actor name="D0N3">
            <wcet number="0">20</wcet>
            <wcet number="1">30</wcet>
            <maxpow number="0.8712293625257908"/>
            <maxpow number="0.8712293625257908"/>
            <fprob>0.0</fprob>
        </actor>
        <actor name="D0N48">
            <wcet number="0">30</wcet>
            <wcet number="1">40</wcet>
            <maxpow number="0.6998596304048497"/>
            <maxpow number="0.6998596304048497"/>
            <fprob>0.0</fprob>
        </actor>
        <actor name="D0N29">
            <wcet number="0">10</wcet>
            <wcet number="1">40</wcet>
            <maxpow number="0.4061652871040441"/>
            <maxpow number="0.4061652871040441"/>
            <fprob>0.0</fprob>
        </actor>
        <actor name="D0N1">
            <wcet number="0">10</wcet>
            <wcet number="1">10</wcet>
            <maxpow number="0.6644274176146717"/>
            <maxpow number="0.6644274176146717"/>
            <fprob>0.0</fprob>
        </actor>
        <actor name="D0N16">
            <wcet number="0">10</wcet>
            <wcet number="1">20</wcet>
            <maxpow number="0.4488656894266974"/>
            <maxpow number="0.4488656894266974"/>
            <fprob>0.0</fprob>
        </actor>
        <actor name="D0N20">
            <wcet number="0">10</wcet>
            <wcet number="1">20</wcet>
            <maxpow number="0.42319790984877165"/>
            <maxpow number="0.42319790984877165"/>
            <fprob>0.0</fprob>
        </actor>
        <actor name="D0N28">
            <wcet number="0">30</wcet>
            <wcet number="1">30</wcet>
            <maxpow number="0.886270312094839"/>
            <maxpow number="0.886270312094839"/>
            <fprob>0.0</fprob>
        </actor>
        <actor name="D0N40">
            <wcet number="0">10</wcet>
            <wcet number="1">10</wcet>
            <maxpow number="0.5287652961935245"/>
            <maxpow number="0.5287652961935245"/>
            <fprob>0.0</fprob>
        </actor>
        <actor name="D0N27">
            <wcet number="0">60</wcet>
            <wcet number="1">100</wcet>
            <maxpow number="0.7142031821499905"/>
            <maxpow number="0.7142031821499905"/>
            <fprob>0.0</fprob>
        </actor>
        <actor name="D0N46">
            <wcet number="0">10</wcet>
            <wcet number="1">10</wcet>
            <maxpow number="0.3388451309006829"/>
            <maxpow number="0.3388451309006829"/>
            <fprob>0.0</fprob>
        </actor>
        <actor name="D0N21">
            <wcet number="0">20</wcet>
            <wcet number="1">50</wcet>
            <maxpow number="0.5651616369978404"/>
            <maxpow number="0.5651616369978404"/>
            <fprob>0.0</fprob>
        </actor>
        <actor name="D0N13">
            <wcet number="0">30</wcet>
            <wcet number="1">40</wcet>
            <maxpow number="0.3557095535748249"/>
            <maxpow number="0.3557095535748249"/>
            <fprob>0.0</fprob>
        </actor>
        <actor name="D0N47">
            <wcet number="0">40</wcet>
            <wcet number="1">40</wcet>
            <maxpow number="0.696506928210306"/>
            <maxpow number="0.696506928210306"/>
            <fprob>0.0</fprob>
        </actor>
        <actor name="D0N25">
            <wcet number="0">20</wcet>
            <wcet number="1">50</wcet>
            <maxpow number="0.8058178096008503"/>
            <maxpow number="0.8058178096008503"/>
            <fprob>0.0</fprob>
        </actor>
        <actor name="D0N11">
            <wcet number="0">20</wcet>
            <wcet number="1">30</wcet>
            <maxpow number="0.05211236948326625"/>
            <maxpow number="0.05211236948326625"/>
            <fprob>0.0</fprob>
        </actor>
        <actor name="D0N39">
            <wcet number="0">60</wcet>
            <wcet number="1">100</wcet>
            <maxpow number="0.7796394199978122"/>
            <maxpow number="0.7796394199978122"/>
            <fprob>0.0</fprob>
        </actor>
        <ports>
            <port dstActor="D0N46" name="p0" srcActor="D0N26"/>
            <port dstActor="D0N32" name="p1" srcActor="D0N26"/>
            <port dstActor="D0N39" name="p2" srcActor="D0N26"/>
            <port dstActor="D0N48" name="p3" srcActor="D0N32"/>
            <port dstActor="D0N35" name="p4" srcActor="D0N19"/>
            <port dstActor="D0N46" name="p5" srcActor="D0N19"/>
            <port dstActor="D0N44" name="p6" srcActor="D0N19"/>
            <port dstActor="D0N30" name="p7" srcActor="D0N19"/>
            <port dstActor="D0N31" name="p8" srcActor="D0N23"/>
            <port dstActor="D0N39" name="p9" srcActor="D0N0"/>
            <port dstActor="D0N16" name="p10" srcActor="D0N0"/>
            <port dstActor="D0N27" name="p11" srcActor="D0N0"/>
            <port dstActor="D0N11" name="p12" srcActor="D0N0"/>
            <port dstActor="D0N26" name="p13" srcActor="D0N0"/>
            <port dstActor="D0N41" name="p14" srcActor="D0N0"/>
            <port dstActor="D0N23" name="p15" srcActor="D0N0"/>
            <port dstActor="D0N30" name="p16" srcActor="D0N0"/>
            <port dstActor="D0N24" name="p17" srcActor="D0N6"/>
            <port dstActor="D0N39" name="p18" srcActor="D0N6"/>
            <port dstActor="D0N35" name="p19" srcActor="D0N6"/>
            <port dstActor="D0N19" name="p20" srcActor="D0N6"/>
            <port dstActor="D0N48" name="p21" srcActor="D0N6"/>
            <port dstActor="D0N42" name="p22" srcActor="D0N24"/>
            <port dstActor="D0N37" name="p23" srcActor="D0N34"/>
            <port dstActor="D0N49" name="p24" srcActor="D0N34"/>
            <port dstActor="D0N42" name="p25" srcActor="D0N34"/>
            <port dstActor="D0N38" name="p26" srcActor="D0N34"/>
            <port dstActor="D0N41" name="p27" srcActor="D0N17"/>
            <port dstActor="D0N38" name="p28" srcActor="D0N17"/>
            <port dstActor="D0N49" name="p29" srcActor="D0N42"/>
            <port dstActor="D0N19" name="p30" srcActor="D0N2"/>
            <port dstActor="D0N40" name="p31" srcActor="D0N2"/>
            <port dstActor="D0N47" name="p32" srcActor="D0N2"/>
            <port dstActor="D0N9" name="p33" srcActor="D0N2"/>
            <port dstActor="D0N19" name="p34" srcActor="D0N8"/>
            <port dstActor="D0N38" name="p35" srcActor="D0N8"/>
            <port dstActor="D0N44" name="p36" srcActor="D0N8"/>
            <port dstActor="D0N35" name="p37" srcActor="D0N31"/>
            <port dstActor="D0N48" name="p38" srcActor="D0N31"/>
            <port dstActor="D0N33" name="p39" srcActor="D0N4"/>
            <port dstActor="D0N5" name="p40" srcActor="D0N4"/>
            <port dstActor="D0N20" name="p41" srcActor="D0N4"/>
            <port dstActor="D0N34" name="p42" srcActor="D0N4"/>
            <port dstActor="D0N44" name="p43" srcActor="D0N4"/>
            <port dstActor="D0N11" name="p44" srcActor="D0N9"/>
            <port dstActor="D0N19" name="p45" srcActor="D0N9"/>
            <port dstActor="D0N34" name="p46" srcActor="D0N9"/>
            <port dstActor="D0N37" name="p47" srcActor="D0N9"/>
            <port dstActor="D0N44" name="p48" srcActor="D0N9"/>
            <port dstActor="D0N20" name="p49" srcActor="D0N14"/>
            <port dstActor="D0N19" name="p50" srcActor="D0N14"/>
            <port dstActor="D0N39" name="p51" srcActor="D0N14"/>
            <port dstActor="D0N41" name="p52" srcActor="D0N14"/>
            <port dstActor="D0N21" name="p53" srcActor="D0N5"/>
            <port dstActor="D0N34" name="p54" srcActor="D0N5"/>
            <port dstActor="D0N46" name="p55" srcActor="D0N36"/>
            <port dstActor="D0N44" name="p56" srcActor="D0N36"/>
            <port dstActor="D0N45" name="p57" srcActor="D0N38"/>
            <port dstActor="D0N47" name="p58" srcActor="D0N38"/>
            <port dstActor="D0N44" name="p59" srcActor="D0N38"/>
            <port dstActor="D0N31" name="p60" srcActor="D0N12"/>
            <port dstActor="D0N47" name="p61" srcActor="D0N12"/>
            <port dstActor="D0N49" name="p62" srcActor="D0N12"/>
            <port dstActor="D0N17" name="p63" srcActor="D0N15"/>
            <port dstActor="D0N36" name="p64" srcActor="D0N15"/>
            <port dstActor="D0N46" name="p65" srcActor="D0N15"/>
            <port dstActor="D0N21" name="p66" srcActor="D0N10"/>
            <port dstActor="D0N29" name="p67" srcActor="D0N10"/>
            <port dstActor="D0N22" name="p68" srcActor="D0N10"/>
            <port dstActor="D0N30" name="p69" srcActor="D0N10"/>
            <port dstActor="D0N28" name="p70" srcActor="D0N10"/>
            <port dstActor="D0N45" name="p71" srcActor="D0N41"/>
            <port dstActor="D0N46" name="p72" srcActor="D0N41"/>
            <port dstActor="D0N42" name="p73" srcActor="D0N41"/>
            <port dstActor="D0N44" name="p74" srcActor="D0N41"/>
            <port dstActor="D0N47" name="p75" srcActor="D0N7"/>
            <port dstActor="D0N8" name="p76" srcActor="D0N7"/>
            <port dstActor="D0N12" name="p77" srcActor="D0N7"/>
            <port dstActor="D0N48" name="p78" srcActor="D0N7"/>
            <port dstActor="D0N13" name="p79" srcActor="D0N7"/>
            <port dstActor="D0N10" name="p80" srcActor="D0N7"/>
            <port dstActor="D0N25" name="p81" srcActor="D0N18"/>
            <port dstActor="D0N46" name="p82" srcActor="D0N43"/>
            <port dstActor="D0N45" name="p83" srcActor="D0N33"/>
            <port dstActor="D0N40" name="p84" srcActor="D0N22"/>
            <port dstActor="D0N37" name="p85" srcActor="D0N22"/>
            <port dstActor="D0N43" name="p86" srcActor="D0N22"/>
            <port dstActor="D0N36" name="p87" srcActor="D0N22"/>
            <port dstActor="D0N5" name="p88" srcActor="D0N3"/>
            <port dstActor="D0N14" name="p89" srcActor="D0N3"/>
            <port dstActor="D0N30" name="p90" srcActor="D0N29"/>
            <port dstActor="D0N46" name="p91" srcActor="D0N29"/>
            <port dstActor="D0N39" name="p92" srcActor="D0N29"/>
            <port dstActor="D0N24" name="p93" srcActor="D0N1"/>
            <port dstActor="D0N38" name="p94" srcActor="D0N1"/>
            <port dstActor="D0N40" name="p95" srcActor="D0N1"/>
            <port dstActor="D0N43" name="p96" srcActor="D0N1"/>
            <port dstActor="D0N28" name="p97" srcActor="D0N1"/>
            <port dstActor="D0N43" name="p98" srcActor="D0N16"/>
            <port dstActor="D0N44" name="p99" srcActor="D0N16"/>
            <port dstActor="D0N20" name="p100" srcActor="D0N16"/>
            <port dstActor="D0N49" name="p101" srcActor="D0N20"/>
            <port dstActor="D0N47" name="p102" srcActor="D0N20"/>
            <port dstActor="D0N29" name="p103" srcActor="D0N28"/>
            <port dstActor="D0N48" name="p104" srcActor="D0N27"/>
            <port dstActor="D0N31" name="p105" srcActor="D0N21"/>
            <port dstActor="D0N26" name="p106" srcActor="D0N21"/>
            <port dstActor="D0N28" name="p107" srcActor="D0N21"/>
            <port dstActor="D0N38" name="p108" srcActor="D0N21"/>
            <port dstActor="D0N18" name="p109" srcActor="D0N13"/>
            <port dstActor="D0N22" name="p110" srcActor="D0N13"/>
            <port dstActor="D0N27" name="p111" srcActor="D0N13"/>
            <port dstActor="D0N49" name="p112" srcActor="D0N47"/>
            <port dstActor="D0N45" name="p113" srcActor="D0N25"/>
            <port dstActor="D0N27" name="p114" srcActor="D0N25"/>
            <port dstActor="D0N26" name="p115" srcActor="D0N25"/>
            <port dstActor="D0N30" name="p116" srcActor="D0N25"/>
            <port dstActor="D0N34" name="p117" srcActor="D0N25"/>
            <port dstActor="D0N19" name="p118" srcActor="D0N11"/>
            <port dstActor="D0N48" name="p119" srcActor="D0N39"/>
            <port dstActor="D0N41" name="p120" srcActor="D0N39"/>
        </ports>
    </mcdag>
    <cores number="3"/>
    <levels number="2"/>
</mcsystem>
