<?xml version="1.0" encoding="UTF-8" standalone="no"?>
<mcsystem>
    <mcdag deadline="1800" name="genned-0-ed-10.0-0">
        <actor name="D0N29">
            <wcet number="0">30</wcet>
            <wcet number="1">40</wcet>
            <maxpow number="0.7205441945351083"/>
            <maxpow number="0.7205441945351083"/>
            <fprob>0.0</fprob>
        </actor>
        <actor name="D0N44">
            <wcet number="0">10</wcet>
            <wcet number="1">10</wcet>
            <maxpow number="0.37492703742497735"/>
            <maxpow number="0.37492703742497735"/>
            <fprob>0.0</fprob>
        </actor>
        <actor name="D0N34">
            <wcet number="0">10</wcet>
            <wcet number="1">20</wcet>
            <maxpow number="0.17595974157964156"/>
            <maxpow number="0.17595974157964156"/>
            <fprob>0.0</fprob>
        </actor>
        <actor name="D0N39">
            <wcet number="0">70</wcet>
            <wcet number="1">110</wcet>
            <maxpow number="0.23307537411163276"/>
            <maxpow number="0.23307537411163276"/>
            <fprob>0.0</fprob>
        </actor>
        <actor name="D0N10">
            <wcet number="0">50</wcet>
            <wcet number="1">190</wcet>
            <maxpow number="0.545710490964138"/>
            <maxpow number="0.545710490964138"/>
            <fprob>0.0</fprob>
        </actor>
        <actor name="D0N0">
            <wcet number="0">60</wcet>
            <wcet number="1">140</wcet>
            <maxpow number="0.6193910297901756"/>
            <maxpow number="0.6193910297901756"/>
            <fprob>0.0</fprob>
        </actor>
        <actor name="D0N31">
            <wcet number="0">20</wcet>
            <wcet number="1">160</wcet>
            <maxpow number="0.4360986852573451"/>
            <maxpow number="0.4360986852573451"/>
            <fprob>0.0</fprob>
        </actor>
        <actor name="D0N7">
            <wcet number="0">10</wcet>
            <wcet number="1">20</wcet>
            <maxpow number="0.35304130581059723"/>
            <maxpow number="0.35304130581059723"/>
            <fprob>0.0</fprob>
        </actor>
        <actor name="D0N42">
            <wcet number="0">90</wcet>
            <wcet number="1">120</wcet>
            <maxpow number="0.6356138050021354"/>
            <maxpow number="0.6356138050021354"/>
            <fprob>0.0</fprob>
        </actor>
        <actor name="D0N4">
            <wcet number="0">90</wcet>
            <wcet number="1">100</wcet>
            <maxpow number="0.6246721354060432"/>
            <maxpow number="0.6246721354060432"/>
            <fprob>0.0</fprob>
        </actor>
        <actor name="D0N48">
            <wcet number="0">10</wcet>
            <wcet number="1">70</wcet>
            <maxpow number="0.6334404721300395"/>
            <maxpow number="0.6334404721300395"/>
            <fprob>0.0</fprob>
        </actor>
        <actor name="D0N17">
            <wcet number="0">20</wcet>
            <wcet number="1">20</wcet>
            <maxpow number="0.6440220177727067"/>
            <maxpow number="0.6440220177727067"/>
            <fprob>0.0</fprob>
        </actor>
        <actor name="D0N21">
            <wcet number="0">30</wcet>
            <wcet number="1">190</wcet>
            <maxpow number="0.3573915906088888"/>
            <maxpow number="0.3573915906088888"/>
            <fprob>0.0</fprob>
        </actor>
        <actor name="D0N40">
            <wcet number="0">50</wcet>
            <wcet number="1">130</wcet>
            <maxpow number="0.45152322282311647"/>
            <maxpow number="0.45152322282311647"/>
            <fprob>0.0</fprob>
        </actor>
        <actor name="D0N12">
            <wcet number="0">90</wcet>
            <wcet number="1">110</wcet>
            <maxpow number="0.5951713834593394"/>
            <maxpow number="0.5951713834593394"/>
            <fprob>0.0</fprob>
        </actor>
        <actor name="D0N27">
            <wcet number="0">100</wcet>
            <wcet number="1">110</wcet>
            <maxpow number="0.39013117939518477"/>
            <maxpow number="0.39013117939518477"/>
            <fprob>0.0</fprob>
        </actor>
        <actor name="D0N26">
            <wcet number="0">30</wcet>
            <wcet number="1">50</wcet>
            <maxpow number="0.4273748510483616"/>
            <maxpow number="0.4273748510483616"/>
            <fprob>0.0</fprob>
        </actor>
        <actor name="D0N35">
            <wcet number="0">30</wcet>
            <wcet number="1">90</wcet>
            <maxpow number="0.7642782136228463"/>
            <maxpow number="0.7642782136228463"/>
            <fprob>0.0</fprob>
        </actor>
        <actor name="D0N22">
            <wcet number="0">30</wcet>
            <wcet number="1">60</wcet>
            <maxpow number="0.5586944742033085"/>
            <maxpow number="0.5586944742033085"/>
            <fprob>0.0</fprob>
        </actor>
        <actor name="D0N38">
            <wcet number="0">250</wcet>
            <wcet number="1">270</wcet>
            <maxpow number="0.35430104860813694"/>
            <maxpow number="0.35430104860813694"/>
            <fprob>0.0</fprob>
        </actor>
        <actor name="D0N5">
            <wcet number="0">10</wcet>
            <wcet number="1">20</wcet>
            <maxpow number="0.5235547699139905"/>
            <maxpow number="0.5235547699139905"/>
            <fprob>0.0</fprob>
        </actor>
        <actor name="D0N6">
            <wcet number="0">30</wcet>
            <wcet number="1">40</wcet>
            <maxpow number="0.4617515556919499"/>
            <maxpow number="0.4617515556919499"/>
            <fprob>0.0</fprob>
        </actor>
        <actor name="D0N24">
            <wcet number="0">10</wcet>
            <wcet number="1">160</wcet>
            <maxpow number="0.5301616019482386"/>
            <maxpow number="0.5301616019482386"/>
            <fprob>0.0</fprob>
        </actor>
        <actor name="D0N14">
            <wcet number="0">10</wcet>
            <wcet number="1">50</wcet>
            <maxpow number="0.47670912075503885"/>
            <maxpow number="0.47670912075503885"/>
            <fprob>0.0</fprob>
        </actor>
        <actor name="D0N18">
            <wcet number="0">10</wcet>
            <wcet number="1">10</wcet>
            <maxpow number="0.7121898659618076"/>
            <maxpow number="0.7121898659618076"/>
            <fprob>0.0</fprob>
        </actor>
        <actor name="D0N32">
            <wcet number="0">40</wcet>
            <wcet number="1">50</wcet>
            <maxpow number="0.5438428569057255"/>
            <maxpow number="0.5438428569057255"/>
            <fprob>0.0</fprob>
        </actor>
        <actor name="D0N45">
            <wcet number="0">20</wcet>
            <wcet number="1">20</wcet>
            <maxpow number="0.7897139455968206"/>
            <maxpow number="0.7897139455968206"/>
            <fprob>0.0</fprob>
        </actor>
        <actor name="D0N11">
            <wcet number="0">40</wcet>
            <wcet number="1">40</wcet>
            <maxpow number="0.6940459666191052"/>
            <maxpow number="0.6940459666191052"/>
            <fprob>0.0</fprob>
        </actor>
        <actor name="D0N46">
            <wcet number="0">20</wcet>
            <wcet number="1">20</wcet>
            <maxpow number="0.44784860369392604"/>
            <maxpow number="0.44784860369392604"/>
            <fprob>0.0</fprob>
        </actor>
        <actor name="D0N47">
            <wcet number="0">40</wcet>
            <wcet number="1">80</wcet>
            <maxpow number="0.29397959839077026"/>
            <maxpow number="0.29397959839077026"/>
            <fprob>0.0</fprob>
        </actor>
        <actor name="D0N9">
            <wcet number="0">60</wcet>
            <wcet number="1">110</wcet>
            <maxpow number="0.3153485588798508"/>
            <maxpow number="0.3153485588798508"/>
            <fprob>0.0</fprob>
        </actor>
        <actor name="D0N15">
            <wcet number="0">20</wcet>
            <wcet number="1">20</wcet>
            <maxpow number="0.5621669581843636"/>
            <maxpow number="0.5621669581843636"/>
            <fprob>0.0</fprob>
        </actor>
        <actor name="D0N30">
            <wcet number="0">70</wcet>
            <wcet number="1">70</wcet>
            <maxpow number="0.5063010321325767"/>
            <maxpow number="0.5063010321325767"/>
            <fprob>0.0</fprob>
        </actor>
        <actor name="D0N20">
            <wcet number="0">40</wcet>
            <wcet number="1">90</wcet>
            <maxpow number="0.6084770686997559"/>
            <maxpow number="0.6084770686997559"/>
            <fprob>0.0</fprob>
        </actor>
        <actor name="D0N8">
            <wcet number="0">110</wcet>
            <wcet number="1">170</wcet>
            <maxpow number="0.5578531532847835"/>
            <maxpow number="0.5578531532847835"/>
            <fprob>0.0</fprob>
        </actor>
        <actor name="D0N23">
            <wcet number="0">20</wcet>
            <wcet number="1">60</wcet>
            <maxpow number="0.7284739037845535"/>
            <maxpow number="0.7284739037845535"/>
            <fprob>0.0</fprob>
        </actor>
        <actor name="D0N13">
            <wcet number="0">220</wcet>
            <wcet number="1">270</wcet>
            <maxpow number="0.4892698480851388"/>
            <maxpow number="0.4892698480851388"/>
            <fprob>0.0</fprob>
        </actor>
        <actor name="D0N16">
            <wcet number="0">10</wcet>
            <wcet number="1">30</wcet>
            <maxpow number="0.2798630734070479"/>
            <maxpow number="0.2798630734070479"/>
            <fprob>0.0</fprob>
        </actor>
        <actor name="D0N36">
            <wcet number="0">10</wcet>
            <wcet number="1">70</wcet>
            <maxpow number="0.6957192380563493"/>
            <maxpow number="0.6957192380563493"/>
            <fprob>0.0</fprob>
        </actor>
        <actor name="D0N19">
            <wcet number="0">30</wcet>
            <wcet number="1">30</wcet>
            <maxpow number="0.6138251583311817"/>
            <maxpow number="0.6138251583311817"/>
            <fprob>0.0</fprob>
        </actor>
        <actor name="D0N41">
            <wcet number="0">60</wcet>
            <wcet number="1">80</wcet>
            <maxpow number="0.6199473932421512"/>
            <maxpow number="0.6199473932421512"/>
            <fprob>0.0</fprob>
        </actor>
        <actor name="D0N43">
            <wcet number="0">70</wcet>
            <wcet number="1">90</wcet>
            <maxpow number="0.609342265553501"/>
            <maxpow number="0.609342265553501"/>
            <fprob>0.0</fprob>
        </actor>
        <actor name="D0N37">
            <wcet number="0">50</wcet>
            <wcet number="1">100</wcet>
            <maxpow number="0.8319369871479672"/>
            <maxpow number="0.8319369871479672"/>
            <fprob>0.0</fprob>
        </actor>
        <actor name="D0N3">
            <wcet number="0">10</wcet>
            <wcet number="1">20</wcet>
            <maxpow number="0.38589776203768433"/>
            <maxpow number="0.38589776203768433"/>
            <fprob>0.0</fprob>
        </actor>
        <actor name="D0N2">
            <wcet number="0">30</wcet>
            <wcet number="1">100</wcet>
            <maxpow number="0.4705377527830852"/>
            <maxpow number="0.4705377527830852"/>
            <fprob>0.0</fprob>
        </actor>
        <actor name="D0N28">
            <wcet number="0">20</wcet>
            <wcet number="1">30</wcet>
            <maxpow number="0.7793397456892398"/>
            <maxpow number="0.7793397456892398"/>
            <fprob>0.0</fprob>
        </actor>
        <actor name="D0N1">
            <wcet number="0">30</wcet>
            <wcet number="1">80</wcet>
            <maxpow number="0.2887316929083768"/>
            <maxpow number="0.2887316929083768"/>
            <fprob>0.0</fprob>
        </actor>
        <actor name="D0N25">
            <wcet number="0">60</wcet>
            <wcet number="1">200</wcet>
            <maxpow number="0.6038163289886986"/>
            <maxpow number="0.6038163289886986"/>
            <fprob>0.0</fprob>
        </actor>
        <actor name="D0N33">
            <wcet number="0">20</wcet>
            <wcet number="1">20</wcet>
            <maxpow number="0.5262160698918652"/>
            <maxpow number="0.5262160698918652"/>
            <fprob>0.0</fprob>
        </actor>
        <ports>
            <port dstActor="D0N41" name="p0" srcActor="D0N29"/>
            <port dstActor="D0N46" name="p1" srcActor="D0N29"/>
            <port dstActor="D0N40" name="p2" srcActor="D0N29"/>
            <port dstActor="D0N48" name="p3" srcActor="D0N44"/>
            <port dstActor="D0N21" name="p4" srcActor="D0N10"/>
            <port dstActor="D0N45" name="p5" srcActor="D0N10"/>
            <port dstActor="D0N17" name="p6" srcActor="D0N10"/>
            <port dstActor="D0N4" name="p7" srcActor="D0N0"/>
            <port dstActor="D0N2" name="p8" srcActor="D0N0"/>
            <port dstActor="D0N34" name="p9" srcActor="D0N31"/>
            <port dstActor="D0N42" name="p10" srcActor="D0N7"/>
            <port dstActor="D0N26" name="p11" srcActor="D0N7"/>
            <port dstActor="D0N28" name="p12" srcActor="D0N7"/>
            <port dstActor="D0N43" name="p13" srcActor="D0N7"/>
            <port dstActor="D0N11" name="p14" srcActor="D0N7"/>
            <port dstActor="D0N46" name="p15" srcActor="D0N42"/>
            <port dstActor="D0N28" name="p16" srcActor="D0N4"/>
            <port dstActor="D0N46" name="p17" srcActor="D0N4"/>
            <port dstActor="D0N6" name="p18" srcActor="D0N4"/>
            <port dstActor="D0N38" name="p19" srcActor="D0N17"/>
            <port dstActor="D0N39" name="p20" srcActor="D0N17"/>
            <port dstActor="D0N45" name="p21" srcActor="D0N17"/>
            <port dstActor="D0N27" name="p22" srcActor="D0N17"/>
            <port dstActor="D0N40" name="p23" srcActor="D0N17"/>
            <port dstActor="D0N47" name="p24" srcActor="D0N21"/>
            <port dstActor="D0N29" name="p25" srcActor="D0N21"/>
            <port dstActor="D0N41" name="p26" srcActor="D0N21"/>
            <port dstActor="D0N48" name="p27" srcActor="D0N21"/>
            <port dstActor="D0N25" name="p28" srcActor="D0N21"/>
            <port dstActor="D0N34" name="p29" srcActor="D0N21"/>
            <port dstActor="D0N46" name="p30" srcActor="D0N21"/>
            <port dstActor="D0N46" name="p31" srcActor="D0N12"/>
            <port dstActor="D0N16" name="p32" srcActor="D0N12"/>
            <port dstActor="D0N44" name="p33" srcActor="D0N27"/>
            <port dstActor="D0N46" name="p34" srcActor="D0N27"/>
            <port dstActor="D0N28" name="p35" srcActor="D0N27"/>
            <port dstActor="D0N42" name="p36" srcActor="D0N26"/>
            <port dstActor="D0N41" name="p37" srcActor="D0N26"/>
            <port dstActor="D0N42" name="p38" srcActor="D0N35"/>
            <port dstActor="D0N30" name="p39" srcActor="D0N22"/>
            <port dstActor="D0N25" name="p40" srcActor="D0N22"/>
            <port dstActor="D0N33" name="p41" srcActor="D0N22"/>
            <port dstActor="D0N34" name="p42" srcActor="D0N22"/>
            <port dstActor="D0N35" name="p43" srcActor="D0N5"/>
            <port dstActor="D0N12" name="p44" srcActor="D0N5"/>
            <port dstActor="D0N10" name="p45" srcActor="D0N5"/>
            <port dstActor="D0N19" name="p46" srcActor="D0N5"/>
            <port dstActor="D0N34" name="p47" srcActor="D0N5"/>
            <port dstActor="D0N17" name="p48" srcActor="D0N6"/>
            <port dstActor="D0N12" name="p49" srcActor="D0N6"/>
            <port dstActor="D0N34" name="p50" srcActor="D0N24"/>
            <port dstActor="D0N22" name="p51" srcActor="D0N14"/>
            <port dstActor="D0N24" name="p52" srcActor="D0N14"/>
            <port dstActor="D0N39" name="p53" srcActor="D0N14"/>
            <port dstActor="D0N20" name="p54" srcActor="D0N14"/>
            <port dstActor="D0N21" name="p55" srcActor="D0N14"/>
            <port dstActor="D0N36" name="p56" srcActor="D0N18"/>
            <port dstActor="D0N33" name="p57" srcActor="D0N18"/>
            <port dstActor="D0N24" name="p58" srcActor="D0N18"/>
            <port dstActor="D0N45" name="p59" srcActor="D0N32"/>
            <port dstActor="D0N35" name="p60" srcActor="D0N32"/>
            <port dstActor="D0N46" name="p61" srcActor="D0N32"/>
            <port dstActor="D0N18" name="p62" srcActor="D0N11"/>
            <port dstActor="D0N45" name="p63" srcActor="D0N11"/>
            <port dstActor="D0N29" name="p64" srcActor="D0N11"/>
            <port dstActor="D0N47" name="p65" srcActor="D0N11"/>
            <port dstActor="D0N20" name="p66" srcActor="D0N11"/>
            <port dstActor="D0N48" name="p67" srcActor="D0N46"/>
            <port dstActor="D0N44" name="p68" srcActor="D0N9"/>
            <port dstActor="D0N26" name="p69" srcActor="D0N9"/>
            <port dstActor="D0N32" name="p70" srcActor="D0N9"/>
            <port dstActor="D0N41" name="p71" srcActor="D0N9"/>
            <port dstActor="D0N42" name="p72" srcActor="D0N15"/>
            <port dstActor="D0N22" name="p73" srcActor="D0N15"/>
            <port dstActor="D0N23" name="p74" srcActor="D0N15"/>
            <port dstActor="D0N36" name="p75" srcActor="D0N20"/>
            <port dstActor="D0N45" name="p76" srcActor="D0N20"/>
            <port dstActor="D0N24" name="p77" srcActor="D0N20"/>
            <port dstActor="D0N9" name="p78" srcActor="D0N8"/>
            <port dstActor="D0N10" name="p79" srcActor="D0N8"/>
            <port dstActor="D0N21" name="p80" srcActor="D0N8"/>
            <port dstActor="D0N22" name="p81" srcActor="D0N8"/>
            <port dstActor="D0N42" name="p82" srcActor="D0N23"/>
            <port dstActor="D0N29" name="p83" srcActor="D0N23"/>
            <port dstActor="D0N34" name="p84" srcActor="D0N23"/>
            <port dstActor="D0N32" name="p85" srcActor="D0N23"/>
            <port dstActor="D0N39" name="p86" srcActor="D0N23"/>
            <port dstActor="D0N48" name="p87" srcActor="D0N23"/>
            <port dstActor="D0N37" name="p88" srcActor="D0N13"/>
            <port dstActor="D0N42" name="p89" srcActor="D0N13"/>
            <port dstActor="D0N33" name="p90" srcActor="D0N13"/>
            <port dstActor="D0N21" name="p91" srcActor="D0N13"/>
            <port dstActor="D0N29" name="p92" srcActor="D0N16"/>
            <port dstActor="D0N38" name="p93" srcActor="D0N36"/>
            <port dstActor="D0N29" name="p94" srcActor="D0N19"/>
            <port dstActor="D0N44" name="p95" srcActor="D0N19"/>
            <port dstActor="D0N35" name="p96" srcActor="D0N19"/>
            <port dstActor="D0N22" name="p97" srcActor="D0N19"/>
            <port dstActor="D0N47" name="p98" srcActor="D0N41"/>
            <port dstActor="D0N48" name="p99" srcActor="D0N37"/>
            <port dstActor="D0N45" name="p100" srcActor="D0N37"/>
            <port dstActor="D0N23" name="p101" srcActor="D0N3"/>
            <port dstActor="D0N22" name="p102" srcActor="D0N3"/>
            <port dstActor="D0N48" name="p103" srcActor="D0N3"/>
            <port dstActor="D0N9" name="p104" srcActor="D0N3"/>
            <port dstActor="D0N27" name="p105" srcActor="D0N3"/>
            <port dstActor="D0N45" name="p106" srcActor="D0N3"/>
            <port dstActor="D0N4" name="p107" srcActor="D0N3"/>
            <port dstActor="D0N45" name="p108" srcActor="D0N2"/>
            <port dstActor="D0N8" name="p109" srcActor="D0N2"/>
            <port dstActor="D0N26" name="p110" srcActor="D0N2"/>
            <port dstActor="D0N11" name="p111" srcActor="D0N2"/>
            <port dstActor="D0N33" name="p112" srcActor="D0N28"/>
            <port dstActor="D0N39" name="p113" srcActor="D0N28"/>
            <port dstActor="D0N24" name="p114" srcActor="D0N1"/>
            <port dstActor="D0N27" name="p115" srcActor="D0N1"/>
            <port dstActor="D0N38" name="p116" srcActor="D0N1"/>
            <port dstActor="D0N36" name="p117" srcActor="D0N1"/>
            <port dstActor="D0N45" name="p118" srcActor="D0N1"/>
            <port dstActor="D0N37" name="p119" srcActor="D0N25"/>
            <port dstActor="D0N35" name="p120" srcActor="D0N25"/>
            <port dstActor="D0N48" name="p121" srcActor="D0N25"/>
            <port dstActor="D0N40" name="p122" srcActor="D0N33"/>
        </ports>
    </mcdag>
    <cores number="3"/>
    <levels number="2"/>
</mcsystem>
