<?xml version="1.0" encoding="UTF-8" standalone="no"?>
<mcsystem>
    <mcdag deadline="5000" name="genned-0-ed-10.0-0">
        <actor name="D0N36">
            <wcet number="0">20</wcet>
            <wcet number="1">70</wcet>
            <maxpow number="0.5398064601810378"/>
            <maxpow number="0.5398064601810378"/>
            <fprob>0.0</fprob>
        </actor>
        <actor name="D0N45">
            <wcet number="0">100</wcet>
            <wcet number="1">110</wcet>
            <maxpow number="0.8130237083879694"/>
            <maxpow number="0.8130237083879694"/>
            <fprob>0.0</fprob>
        </actor>
        <actor name="D0N20">
            <wcet number="0">60</wcet>
            <wcet number="1">70</wcet>
            <maxpow number="0.39685076904056893"/>
            <maxpow number="0.39685076904056893"/>
            <fprob>0.0</fprob>
        </actor>
        <actor name="D0N35">
            <wcet number="0">10</wcet>
            <wcet number="1">10</wcet>
            <maxpow number="0.5974903907167962"/>
            <maxpow number="0.5974903907167962"/>
            <fprob>0.0</fprob>
        </actor>
        <actor name="D0N14">
            <wcet number="0">10</wcet>
            <wcet number="1">100</wcet>
            <maxpow number="0.4690127647343565"/>
            <maxpow number="0.4690127647343565"/>
            <fprob>0.0</fprob>
        </actor>
        <actor name="D0N33">
            <wcet number="0">20</wcet>
            <wcet number="1">290</wcet>
            <maxpow number="0.6615505532093342"/>
            <maxpow number="0.6615505532093342"/>
            <fprob>0.0</fprob>
        </actor>
        <actor name="D0N28">
            <wcet number="0">200</wcet>
            <wcet number="1">540</wcet>
            <maxpow number="0.10521999669134452"/>
            <maxpow number="0.10521999669134452"/>
            <fprob>0.0</fprob>
        </actor>
        <actor name="D0N18">
            <wcet number="0">20</wcet>
            <wcet number="1">60</wcet>
            <maxpow number="0.9771381072936292"/>
            <maxpow number="0.9771381072936292"/>
            <fprob>0.0</fprob>
        </actor>
        <actor name="D0N8">
            <wcet number="0">40</wcet>
            <wcet number="1">40</wcet>
            <maxpow number="0.4742067349878688"/>
            <maxpow number="0.4742067349878688"/>
            <fprob>0.0</fprob>
        </actor>
        <actor name="D0N40">
            <wcet number="0">250</wcet>
            <wcet number="1">400</wcet>
            <maxpow number="0.3101937579397637"/>
            <maxpow number="0.3101937579397637"/>
            <fprob>0.0</fprob>
        </actor>
        <actor name="D0N2">
            <wcet number="0">20</wcet>
            <wcet number="1">20</wcet>
            <maxpow number="0.35372002989926776"/>
            <maxpow number="0.35372002989926776"/>
            <fprob>0.0</fprob>
        </actor>
        <actor name="D0N27">
            <wcet number="0">20</wcet>
            <wcet number="1">1090</wcet>
            <maxpow number="0.659938083638185"/>
            <maxpow number="0.659938083638185"/>
            <fprob>0.0</fprob>
        </actor>
        <actor name="D0N1">
            <wcet number="0">50</wcet>
            <wcet number="1">130</wcet>
            <maxpow number="0.8192173738123405"/>
            <maxpow number="0.8192173738123405"/>
            <fprob>0.0</fprob>
        </actor>
        <actor name="D0N22">
            <wcet number="0">210</wcet>
            <wcet number="1">290</wcet>
            <maxpow number="0.718590338547477"/>
            <maxpow number="0.718590338547477"/>
            <fprob>0.0</fprob>
        </actor>
        <actor name="D0N43">
            <wcet number="0">130</wcet>
            <wcet number="1">380</wcet>
            <maxpow number="0.748113241044655"/>
            <maxpow number="0.748113241044655"/>
            <fprob>0.0</fprob>
        </actor>
        <actor name="D0N12">
            <wcet number="0">620</wcet>
            <wcet number="1">670</wcet>
            <maxpow number="0.46072414726841354"/>
            <maxpow number="0.46072414726841354"/>
            <fprob>0.0</fprob>
        </actor>
        <actor name="D0N19">
            <wcet number="0">500</wcet>
            <wcet number="1">500</wcet>
            <maxpow number="0.7162747964785185"/>
            <maxpow number="0.7162747964785185"/>
            <fprob>0.0</fprob>
        </actor>
        <actor name="D0N38">
            <wcet number="0">120</wcet>
            <wcet number="1">120</wcet>
            <maxpow number="0.4716095397264394"/>
            <maxpow number="0.4716095397264394"/>
            <fprob>0.0</fprob>
        </actor>
        <actor name="D0N7">
            <wcet number="0">40</wcet>
            <wcet number="1">70</wcet>
            <maxpow number="0.7083179417938466"/>
            <maxpow number="0.7083179417938466"/>
            <fprob>0.0</fprob>
        </actor>
        <actor name="D0N0">
            <wcet number="0">70</wcet>
            <wcet number="1">750</wcet>
            <maxpow number="0.4161752237594665"/>
            <maxpow number="0.4161752237594665"/>
            <fprob>0.0</fprob>
        </actor>
        <actor name="D0N31">
            <wcet number="0">160</wcet>
            <wcet number="1">220</wcet>
            <maxpow number="0.49090502099119593"/>
            <maxpow number="0.49090502099119593"/>
            <fprob>0.0</fprob>
        </actor>
        <actor name="D0N5">
            <wcet number="0">190</wcet>
            <wcet number="1">370</wcet>
            <maxpow number="0.36057873310893956"/>
            <maxpow number="0.36057873310893956"/>
            <fprob>0.0</fprob>
        </actor>
        <actor name="D0N46">
            <wcet number="0">270</wcet>
            <wcet number="1">800</wcet>
            <maxpow number="0.6544701222490751"/>
            <maxpow number="0.6544701222490751"/>
            <fprob>0.0</fprob>
        </actor>
        <actor name="D0N17">
            <wcet number="0">360</wcet>
            <wcet number="1">510</wcet>
            <maxpow number="0.4433145432612833"/>
            <maxpow number="0.4433145432612833"/>
            <fprob>0.0</fprob>
        </actor>
        <actor name="D0N13">
            <wcet number="0">300</wcet>
            <wcet number="1">700</wcet>
            <maxpow number="0.7118642817438005"/>
            <maxpow number="0.7118642817438005"/>
            <fprob>0.0</fprob>
        </actor>
        <actor name="D0N10">
            <wcet number="0">10</wcet>
            <wcet number="1">30</wcet>
            <maxpow number="0.8846672476240348"/>
            <maxpow number="0.8846672476240348"/>
            <fprob>0.0</fprob>
        </actor>
        <actor name="D0N47">
            <wcet number="0">80</wcet>
            <wcet number="1">140</wcet>
            <maxpow number="0.4001783961820218"/>
            <maxpow number="0.4001783961820218"/>
            <fprob>0.0</fprob>
        </actor>
        <actor name="D0N34">
            <wcet number="0">40</wcet>
            <wcet number="1">60</wcet>
            <maxpow number="0.518738867835395"/>
            <maxpow number="0.518738867835395"/>
            <fprob>0.0</fprob>
        </actor>
        <actor name="D0N3">
            <wcet number="0">140</wcet>
            <wcet number="1">250</wcet>
            <maxpow number="0.6340874398395234"/>
            <maxpow number="0.6340874398395234"/>
            <fprob>0.0</fprob>
        </actor>
        <actor name="D0N29">
            <wcet number="0">30</wcet>
            <wcet number="1">110</wcet>
            <maxpow number="0.5991381694909627"/>
            <maxpow number="0.5991381694909627"/>
            <fprob>0.0</fprob>
        </actor>
        <actor name="D0N23">
            <wcet number="0">760</wcet>
            <wcet number="1">900</wcet>
            <maxpow number="0.31439775655497826"/>
            <maxpow number="0.31439775655497826"/>
            <fprob>0.0</fprob>
        </actor>
        <actor name="D0N9">
            <wcet number="0">620</wcet>
            <wcet number="1">760</wcet>
            <maxpow number="0.42122812705475154"/>
            <maxpow number="0.42122812705475154"/>
            <fprob>0.0</fprob>
        </actor>
        <actor name="D0N4">
            <wcet number="0">250</wcet>
            <wcet number="1">330</wcet>
            <maxpow number="0.5004016833807589"/>
            <maxpow number="0.5004016833807589"/>
            <fprob>0.0</fprob>
        </actor>
        <actor name="D0N21">
            <wcet number="0">10</wcet>
            <wcet number="1">10</wcet>
            <maxpow number="0.6657134901458233"/>
            <maxpow number="0.6657134901458233"/>
            <fprob>0.0</fprob>
        </actor>
        <actor name="D0N30">
            <wcet number="0">80</wcet>
            <wcet number="1">230</wcet>
            <maxpow number="0.5922622136168656"/>
            <maxpow number="0.5922622136168656"/>
            <fprob>0.0</fprob>
        </actor>
        <actor name="D0N32">
            <wcet number="0">330</wcet>
            <wcet number="1">550</wcet>
            <maxpow number="0.5026700870880771"/>
            <maxpow number="0.5026700870880771"/>
            <fprob>0.0</fprob>
        </actor>
        <actor name="D0N39">
            <wcet number="0">90</wcet>
            <wcet number="1">160</wcet>
            <maxpow number="0.5954511909922556"/>
            <maxpow number="0.5954511909922556"/>
            <fprob>0.0</fprob>
        </actor>
        <actor name="D0N15">
            <wcet number="0">360</wcet>
            <wcet number="1">360</wcet>
            <maxpow number="0.640995240601542"/>
            <maxpow number="0.640995240601542"/>
            <fprob>0.0</fprob>
        </actor>
        <actor name="D0N41">
            <wcet number="0">90</wcet>
            <wcet number="1">100</wcet>
            <maxpow number="0.6438659056521351"/>
            <maxpow number="0.6438659056521351"/>
            <fprob>0.0</fprob>
        </actor>
        <actor name="D0N42">
            <wcet number="0">10</wcet>
            <wcet number="1">240</wcet>
            <maxpow number="0.3201147589475204"/>
            <maxpow number="0.3201147589475204"/>
            <fprob>0.0</fprob>
        </actor>
        <actor name="D0N44">
            <wcet number="0">200</wcet>
            <wcet number="1">270</wcet>
            <maxpow number="0.7558603996091828"/>
            <maxpow number="0.7558603996091828"/>
            <fprob>0.0</fprob>
        </actor>
        <actor name="D0N6">
            <wcet number="0">20</wcet>
            <wcet number="1">190</wcet>
            <maxpow number="0.28690290457942513"/>
            <maxpow number="0.28690290457942513"/>
            <fprob>0.0</fprob>
        </actor>
        <actor name="D0N26">
            <wcet number="0">30</wcet>
            <wcet number="1">340</wcet>
            <maxpow number="0.6543429691185255"/>
            <maxpow number="0.6543429691185255"/>
            <fprob>0.0</fprob>
        </actor>
        <actor name="D0N11">
            <wcet number="0">30</wcet>
            <wcet number="1">50</wcet>
            <maxpow number="0.5044776026271147"/>
            <maxpow number="0.5044776026271147"/>
            <fprob>0.0</fprob>
        </actor>
        <actor name="D0N16">
            <wcet number="0">320</wcet>
            <wcet number="1">390</wcet>
            <maxpow number="0.3892571578140109"/>
            <maxpow number="0.3892571578140109"/>
            <fprob>0.0</fprob>
        </actor>
        <actor name="D0N24">
            <wcet number="0">30</wcet>
            <wcet number="1">120</wcet>
            <maxpow number="0.5233964693131993"/>
            <maxpow number="0.5233964693131993"/>
            <fprob>0.0</fprob>
        </actor>
        <actor name="D0N25">
            <wcet number="0">20</wcet>
            <wcet number="1">80</wcet>
            <maxpow number="0.6860117770887048"/>
            <maxpow number="0.6860117770887048"/>
            <fprob>0.0</fprob>
        </actor>
        <actor name="D0N37">
            <wcet number="0">170</wcet>
            <wcet number="1">520</wcet>
            <maxpow number="0.6242945605758259"/>
            <maxpow number="0.6242945605758259"/>
            <fprob>0.0</fprob>
        </actor>
        <ports>
            <port dstActor="D0N38" name="p0" srcActor="D0N20"/>
            <port dstActor="D0N27" name="p1" srcActor="D0N20"/>
            <port dstActor="D0N43" name="p2" srcActor="D0N20"/>
            <port dstActor="D0N39" name="p3" srcActor="D0N35"/>
            <port dstActor="D0N44" name="p4" srcActor="D0N14"/>
            <port dstActor="D0N32" name="p5" srcActor="D0N14"/>
            <port dstActor="D0N45" name="p6" srcActor="D0N33"/>
            <port dstActor="D0N42" name="p7" srcActor="D0N28"/>
            <port dstActor="D0N36" name="p8" srcActor="D0N28"/>
            <port dstActor="D0N40" name="p9" srcActor="D0N28"/>
            <port dstActor="D0N43" name="p10" srcActor="D0N28"/>
            <port dstActor="D0N36" name="p11" srcActor="D0N18"/>
            <port dstActor="D0N21" name="p12" srcActor="D0N18"/>
            <port dstActor="D0N26" name="p13" srcActor="D0N18"/>
            <port dstActor="D0N43" name="p14" srcActor="D0N18"/>
            <port dstActor="D0N47" name="p15" srcActor="D0N18"/>
            <port dstActor="D0N26" name="p16" srcActor="D0N8"/>
            <port dstActor="D0N19" name="p17" srcActor="D0N8"/>
            <port dstActor="D0N46" name="p18" srcActor="D0N8"/>
            <port dstActor="D0N13" name="p19" srcActor="D0N8"/>
            <port dstActor="D0N18" name="p20" srcActor="D0N8"/>
            <port dstActor="D0N16" name="p21" srcActor="D0N8"/>
            <port dstActor="D0N46" name="p22" srcActor="D0N2"/>
            <port dstActor="D0N4" name="p23" srcActor="D0N2"/>
            <port dstActor="D0N42" name="p24" srcActor="D0N2"/>
            <port dstActor="D0N41" name="p25" srcActor="D0N2"/>
            <port dstActor="D0N43" name="p26" srcActor="D0N27"/>
            <port dstActor="D0N47" name="p27" srcActor="D0N27"/>
            <port dstActor="D0N14" name="p28" srcActor="D0N1"/>
            <port dstActor="D0N22" name="p29" srcActor="D0N1"/>
            <port dstActor="D0N28" name="p30" srcActor="D0N1"/>
            <port dstActor="D0N32" name="p31" srcActor="D0N1"/>
            <port dstActor="D0N30" name="p32" srcActor="D0N1"/>
            <port dstActor="D0N39" name="p33" srcActor="D0N22"/>
            <port dstActor="D0N35" name="p34" srcActor="D0N22"/>
            <port dstActor="D0N29" name="p35" srcActor="D0N22"/>
            <port dstActor="D0N47" name="p36" srcActor="D0N43"/>
            <port dstActor="D0N44" name="p37" srcActor="D0N43"/>
            <port dstActor="D0N46" name="p38" srcActor="D0N12"/>
            <port dstActor="D0N17" name="p39" srcActor="D0N12"/>
            <port dstActor="D0N47" name="p40" srcActor="D0N12"/>
            <port dstActor="D0N39" name="p41" srcActor="D0N19"/>
            <port dstActor="D0N42" name="p42" srcActor="D0N19"/>
            <port dstActor="D0N41" name="p43" srcActor="D0N38"/>
            <port dstActor="D0N46" name="p44" srcActor="D0N7"/>
            <port dstActor="D0N22" name="p45" srcActor="D0N7"/>
            <port dstActor="D0N44" name="p46" srcActor="D0N0"/>
            <port dstActor="D0N16" name="p47" srcActor="D0N0"/>
            <port dstActor="D0N7" name="p48" srcActor="D0N0"/>
            <port dstActor="D0N33" name="p49" srcActor="D0N31"/>
            <port dstActor="D0N43" name="p50" srcActor="D0N31"/>
            <port dstActor="D0N36" name="p51" srcActor="D0N5"/>
            <port dstActor="D0N40" name="p52" srcActor="D0N5"/>
            <port dstActor="D0N47" name="p53" srcActor="D0N5"/>
            <port dstActor="D0N10" name="p54" srcActor="D0N5"/>
            <port dstActor="D0N43" name="p55" srcActor="D0N5"/>
            <port dstActor="D0N46" name="p56" srcActor="D0N5"/>
            <port dstActor="D0N30" name="p57" srcActor="D0N5"/>
            <port dstActor="D0N20" name="p58" srcActor="D0N5"/>
            <port dstActor="D0N31" name="p59" srcActor="D0N17"/>
            <port dstActor="D0N33" name="p60" srcActor="D0N17"/>
            <port dstActor="D0N14" name="p61" srcActor="D0N13"/>
            <port dstActor="D0N43" name="p62" srcActor="D0N13"/>
            <port dstActor="D0N46" name="p63" srcActor="D0N13"/>
            <port dstActor="D0N33" name="p64" srcActor="D0N13"/>
            <port dstActor="D0N27" name="p65" srcActor="D0N10"/>
            <port dstActor="D0N44" name="p66" srcActor="D0N10"/>
            <port dstActor="D0N39" name="p67" srcActor="D0N34"/>
            <port dstActor="D0N41" name="p68" srcActor="D0N34"/>
            <port dstActor="D0N35" name="p69" srcActor="D0N34"/>
            <port dstActor="D0N25" name="p70" srcActor="D0N3"/>
            <port dstActor="D0N42" name="p71" srcActor="D0N3"/>
            <port dstActor="D0N7" name="p72" srcActor="D0N3"/>
            <port dstActor="D0N37" name="p73" srcActor="D0N3"/>
            <port dstActor="D0N11" name="p74" srcActor="D0N3"/>
            <port dstActor="D0N34" name="p75" srcActor="D0N3"/>
            <port dstActor="D0N5" name="p76" srcActor="D0N3"/>
            <port dstActor="D0N32" name="p77" srcActor="D0N29"/>
            <port dstActor="D0N33" name="p78" srcActor="D0N29"/>
            <port dstActor="D0N38" name="p79" srcActor="D0N29"/>
            <port dstActor="D0N29" name="p80" srcActor="D0N23"/>
            <port dstActor="D0N24" name="p81" srcActor="D0N23"/>
            <port dstActor="D0N38" name="p82" srcActor="D0N23"/>
            <port dstActor="D0N41" name="p83" srcActor="D0N23"/>
            <port dstActor="D0N23" name="p84" srcActor="D0N9"/>
            <port dstActor="D0N42" name="p85" srcActor="D0N9"/>
            <port dstActor="D0N28" name="p86" srcActor="D0N9"/>
            <port dstActor="D0N10" name="p87" srcActor="D0N9"/>
            <port dstActor="D0N22" name="p88" srcActor="D0N9"/>
            <port dstActor="D0N41" name="p89" srcActor="D0N9"/>
            <port dstActor="D0N41" name="p90" srcActor="D0N4"/>
            <port dstActor="D0N5" name="p91" srcActor="D0N4"/>
            <port dstActor="D0N27" name="p92" srcActor="D0N21"/>
            <port dstActor="D0N39" name="p93" srcActor="D0N21"/>
            <port dstActor="D0N41" name="p94" srcActor="D0N21"/>
            <port dstActor="D0N31" name="p95" srcActor="D0N30"/>
            <port dstActor="D0N41" name="p96" srcActor="D0N30"/>
            <port dstActor="D0N39" name="p97" srcActor="D0N32"/>
            <port dstActor="D0N47" name="p98" srcActor="D0N32"/>
            <port dstActor="D0N44" name="p99" srcActor="D0N32"/>
            <port dstActor="D0N26" name="p100" srcActor="D0N15"/>
            <port dstActor="D0N35" name="p101" srcActor="D0N15"/>
            <port dstActor="D0N22" name="p102" srcActor="D0N15"/>
            <port dstActor="D0N24" name="p103" srcActor="D0N15"/>
            <port dstActor="D0N32" name="p104" srcActor="D0N15"/>
            <port dstActor="D0N45" name="p105" srcActor="D0N42"/>
            <port dstActor="D0N45" name="p106" srcActor="D0N44"/>
            <port dstActor="D0N47" name="p107" srcActor="D0N44"/>
            <port dstActor="D0N11" name="p108" srcActor="D0N6"/>
            <port dstActor="D0N27" name="p109" srcActor="D0N6"/>
            <port dstActor="D0N46" name="p110" srcActor="D0N6"/>
            <port dstActor="D0N36" name="p111" srcActor="D0N6"/>
            <port dstActor="D0N43" name="p112" srcActor="D0N6"/>
            <port dstActor="D0N19" name="p113" srcActor="D0N6"/>
            <port dstActor="D0N10" name="p114" srcActor="D0N6"/>
            <port dstActor="D0N46" name="p115" srcActor="D0N26"/>
            <port dstActor="D0N42" name="p116" srcActor="D0N11"/>
            <port dstActor="D0N44" name="p117" srcActor="D0N11"/>
            <port dstActor="D0N20" name="p118" srcActor="D0N11"/>
            <port dstActor="D0N40" name="p119" srcActor="D0N11"/>
            <port dstActor="D0N26" name="p120" srcActor="D0N16"/>
            <port dstActor="D0N38" name="p121" srcActor="D0N16"/>
            <port dstActor="D0N26" name="p122" srcActor="D0N24"/>
            <port dstActor="D0N46" name="p123" srcActor="D0N24"/>
            <port dstActor="D0N41" name="p124" srcActor="D0N37"/>
        </ports>
    </mcdag>
    <cores number="3"/>
    <levels number="2"/>
</mcsystem>
