<?xml version="1.0" encoding="UTF-8" standalone="no"?>
<mcsystem>
    <mcdag deadline="4000" name="genned-0-ed-10.0-0">
        <actor name="D0N23">
            <wcet number="0">20</wcet>
            <wcet number="1">130</wcet>
            <maxpow number="0.42881699132736645"/>
            <maxpow number="0.42881699132736645"/>
            <fprob>0.0</fprob>
        </actor>
        <actor name="D0N18">
            <wcet number="0">50</wcet>
            <wcet number="1">50</wcet>
            <maxpow number="0.4591435783483009"/>
            <maxpow number="0.4591435783483009"/>
            <fprob>0.0</fprob>
        </actor>
        <actor name="D0N21">
            <wcet number="0">130</wcet>
            <wcet number="1">160</wcet>
            <maxpow number="0.6643806019298666"/>
            <maxpow number="0.6643806019298666"/>
            <fprob>0.0</fprob>
        </actor>
        <actor name="D0N11">
            <wcet number="0">20</wcet>
            <wcet number="1">30</wcet>
            <maxpow number="0.6020076055425757"/>
            <maxpow number="0.6020076055425757"/>
            <fprob>0.0</fprob>
        </actor>
        <actor name="D0N39">
            <wcet number="0">150</wcet>
            <wcet number="1">240</wcet>
            <maxpow number="0.4402533894956238"/>
            <maxpow number="0.4402533894956238"/>
            <fprob>0.0</fprob>
        </actor>
        <actor name="D0N2">
            <wcet number="0">390</wcet>
            <wcet number="1">400</wcet>
            <maxpow number="0.6609358705794282"/>
            <maxpow number="0.6609358705794282"/>
            <fprob>0.0</fprob>
        </actor>
        <actor name="D0N36">
            <wcet number="0">150</wcet>
            <wcet number="1">150</wcet>
            <maxpow number="0.46879096132183445"/>
            <maxpow number="0.46879096132183445"/>
            <fprob>0.0</fprob>
        </actor>
        <actor name="D0N29">
            <wcet number="0">10</wcet>
            <wcet number="1">20</wcet>
            <maxpow number="0.3966863868690013"/>
            <maxpow number="0.3966863868690013"/>
            <fprob>0.0</fprob>
        </actor>
        <actor name="D0N8">
            <wcet number="0">50</wcet>
            <wcet number="1">370</wcet>
            <maxpow number="0.7489502762296874"/>
            <maxpow number="0.7489502762296874"/>
            <fprob>0.0</fprob>
        </actor>
        <actor name="D0N28">
            <wcet number="0">10</wcet>
            <wcet number="1">150</wcet>
            <maxpow number="0.3916299051024732"/>
            <maxpow number="0.3916299051024732"/>
            <fprob>0.0</fprob>
        </actor>
        <actor name="D0N16">
            <wcet number="0">10</wcet>
            <wcet number="1">430</wcet>
            <maxpow number="0.5648622082574427"/>
            <maxpow number="0.5648622082574427"/>
            <fprob>0.0</fprob>
        </actor>
        <actor name="D0N30">
            <wcet number="0">10</wcet>
            <wcet number="1">10</wcet>
            <maxpow number="0.3523278593764888"/>
            <maxpow number="0.3523278593764888"/>
            <fprob>0.0</fprob>
        </actor>
        <actor name="D0N48">
            <wcet number="0">10</wcet>
            <wcet number="1">30</wcet>
            <maxpow number="0.5338930055560798"/>
            <maxpow number="0.5338930055560798"/>
            <fprob>0.0</fprob>
        </actor>
        <actor name="D0N47">
            <wcet number="0">10</wcet>
            <wcet number="1">20</wcet>
            <maxpow number="0.31036914199461163"/>
            <maxpow number="0.31036914199461163"/>
            <fprob>0.0</fprob>
        </actor>
        <actor name="D0N20">
            <wcet number="0">230</wcet>
            <wcet number="1">240</wcet>
            <maxpow number="0.6190313679954041"/>
            <maxpow number="0.6190313679954041"/>
            <fprob>0.0</fprob>
        </actor>
        <actor name="D0N12">
            <wcet number="0">70</wcet>
            <wcet number="1">90</wcet>
            <maxpow number="0.6011168193336289"/>
            <maxpow number="0.6011168193336289"/>
            <fprob>0.0</fprob>
        </actor>
        <actor name="D0N7">
            <wcet number="0">260</wcet>
            <wcet number="1">540</wcet>
            <maxpow number="0.5843231544331375"/>
            <maxpow number="0.5843231544331375"/>
            <fprob>0.0</fprob>
        </actor>
        <actor name="D0N46">
            <wcet number="0">100</wcet>
            <wcet number="1">140</wcet>
            <maxpow number="0.8048072724043573"/>
            <maxpow number="0.8048072724043573"/>
            <fprob>0.0</fprob>
        </actor>
        <actor name="D0N22">
            <wcet number="0">30</wcet>
            <wcet number="1">240</wcet>
            <maxpow number="0.6134016703970063"/>
            <maxpow number="0.6134016703970063"/>
            <fprob>0.0</fprob>
        </actor>
        <actor name="D0N45">
            <wcet number="0">70</wcet>
            <wcet number="1">90</wcet>
            <maxpow number="0.4739542802863421"/>
            <maxpow number="0.4739542802863421"/>
            <fprob>0.0</fprob>
        </actor>
        <actor name="D0N34">
            <wcet number="0">50</wcet>
            <wcet number="1">70</wcet>
            <maxpow number="0.5847728791174173"/>
            <maxpow number="0.5847728791174173"/>
            <fprob>0.0</fprob>
        </actor>
        <actor name="D0N26">
            <wcet number="0">290</wcet>
            <wcet number="1">400</wcet>
            <maxpow number="0.5071566957072691"/>
            <maxpow number="0.5071566957072691"/>
            <fprob>0.0</fprob>
        </actor>
        <actor name="D0N43">
            <wcet number="0">10</wcet>
            <wcet number="1">60</wcet>
            <maxpow number="0.3086260943418586"/>
            <maxpow number="0.3086260943418586"/>
            <fprob>0.0</fprob>
        </actor>
        <actor name="D0N24">
            <wcet number="0">60</wcet>
            <wcet number="1">70</wcet>
            <maxpow number="0.30988550765273937"/>
            <maxpow number="0.30988550765273937"/>
            <fprob>0.0</fprob>
        </actor>
        <actor name="D0N9">
            <wcet number="0">10</wcet>
            <wcet number="1">10</wcet>
            <maxpow number="0.5435844720785646"/>
            <maxpow number="0.5435844720785646"/>
            <fprob>0.0</fprob>
        </actor>
        <actor name="D0N35">
            <wcet number="0">140</wcet>
            <wcet number="1">300</wcet>
            <maxpow number="0.7203482975088523"/>
            <maxpow number="0.7203482975088523"/>
            <fprob>0.0</fprob>
        </actor>
        <actor name="D0N13">
            <wcet number="0">30</wcet>
            <wcet number="1">40</wcet>
            <maxpow number="0.41226432532494817"/>
            <maxpow number="0.41226432532494817"/>
            <fprob>0.0</fprob>
        </actor>
        <actor name="D0N32">
            <wcet number="0">140</wcet>
            <wcet number="1">470</wcet>
            <maxpow number="0.6648638215301262"/>
            <maxpow number="0.6648638215301262"/>
            <fprob>0.0</fprob>
        </actor>
        <actor name="D0N0">
            <wcet number="0">100</wcet>
            <wcet number="1">250</wcet>
            <maxpow number="0.5680635600596754"/>
            <maxpow number="0.5680635600596754"/>
            <fprob>0.0</fprob>
        </actor>
        <actor name="D0N31">
            <wcet number="0">60</wcet>
            <wcet number="1">60</wcet>
            <maxpow number="0.35926925348255273"/>
            <maxpow number="0.35926925348255273"/>
            <fprob>0.0</fprob>
        </actor>
        <actor name="D0N15">
            <wcet number="0">60</wcet>
            <wcet number="1">80</wcet>
            <maxpow number="0.8086782710472211"/>
            <maxpow number="0.8086782710472211"/>
            <fprob>0.0</fprob>
        </actor>
        <actor name="D0N6">
            <wcet number="0">150</wcet>
            <wcet number="1">200</wcet>
            <maxpow number="0.5761403288087433"/>
            <maxpow number="0.5761403288087433"/>
            <fprob>0.0</fprob>
        </actor>
        <actor name="D0N40">
            <wcet number="0">140</wcet>
            <wcet number="1">210</wcet>
            <maxpow number="0.07149954925020585"/>
            <maxpow number="0.07149954925020585"/>
            <fprob>0.0</fprob>
        </actor>
        <actor name="D0N33">
            <wcet number="0">170</wcet>
            <wcet number="1">290</wcet>
            <maxpow number="0.45590303876089167"/>
            <maxpow number="0.45590303876089167"/>
            <fprob>0.0</fprob>
        </actor>
        <actor name="D0N38">
            <wcet number="0">20</wcet>
            <wcet number="1">20</wcet>
            <maxpow number="0.6275020622968841"/>
            <maxpow number="0.6275020622968841"/>
            <fprob>0.0</fprob>
        </actor>
        <actor name="D0N25">
            <wcet number="0">80</wcet>
            <wcet number="1">80</wcet>
            <maxpow number="0.48752050618150644"/>
            <maxpow number="0.48752050618150644"/>
            <fprob>0.0</fprob>
        </actor>
        <actor name="D0N5">
            <wcet number="0">70</wcet>
            <wcet number="1">250</wcet>
            <maxpow number="0.464721455399236"/>
            <maxpow number="0.464721455399236"/>
            <fprob>0.0</fprob>
        </actor>
        <actor name="D0N19">
            <wcet number="0">60</wcet>
            <wcet number="1">60</wcet>
            <maxpow number="0.3505476574310792"/>
            <maxpow number="0.3505476574310792"/>
            <fprob>0.0</fprob>
        </actor>
        <actor name="D0N14">
            <wcet number="0">50</wcet>
            <wcet number="1">400</wcet>
            <maxpow number="0.6551704676552554"/>
            <maxpow number="0.6551704676552554"/>
            <fprob>0.0</fprob>
        </actor>
        <actor name="D0N27">
            <wcet number="0">10</wcet>
            <wcet number="1">20</wcet>
            <maxpow number="0.4069814765437437"/>
            <maxpow number="0.4069814765437437"/>
            <fprob>0.0</fprob>
        </actor>
        <actor name="D0N4">
            <wcet number="0">80</wcet>
            <wcet number="1">180</wcet>
            <maxpow number="0.6176179318279563"/>
            <maxpow number="0.6176179318279563"/>
            <fprob>0.0</fprob>
        </actor>
        <actor name="D0N37">
            <wcet number="0">10</wcet>
            <wcet number="1">70</wcet>
            <maxpow number="0.3731850604082254"/>
            <maxpow number="0.3731850604082254"/>
            <fprob>0.0</fprob>
        </actor>
        <actor name="D0N10">
            <wcet number="0">30</wcet>
            <wcet number="1">50</wcet>
            <maxpow number="0.37239672127465706"/>
            <maxpow number="0.37239672127465706"/>
            <fprob>0.0</fprob>
        </actor>
        <actor name="D0N3">
            <wcet number="0">10</wcet>
            <wcet number="1">10</wcet>
            <maxpow number="0.39209060204584645"/>
            <maxpow number="0.39209060204584645"/>
            <fprob>0.0</fprob>
        </actor>
        <actor name="D0N1">
            <wcet number="0">40</wcet>
            <wcet number="1">40</wcet>
            <maxpow number="0.689244465702665"/>
            <maxpow number="0.689244465702665"/>
            <fprob>0.0</fprob>
        </actor>
        <actor name="D0N41">
            <wcet number="0">330</wcet>
            <wcet number="1">400</wcet>
            <maxpow number="0.5597769236969304"/>
            <maxpow number="0.5597769236969304"/>
            <fprob>0.0</fprob>
        </actor>
        <actor name="D0N44">
            <wcet number="0">170</wcet>
            <wcet number="1">200</wcet>
            <maxpow number="0.5864569022201651"/>
            <maxpow number="0.5864569022201651"/>
            <fprob>0.0</fprob>
        </actor>
        <actor name="D0N17">
            <wcet number="0">40</wcet>
            <wcet number="1">50</wcet>
            <maxpow number="0.5881067504829367"/>
            <maxpow number="0.5881067504829367"/>
            <fprob>0.0</fprob>
        </actor>
        <actor name="D0N42">
            <wcet number="0">30</wcet>
            <wcet number="1">130</wcet>
            <maxpow number="0.3787151684145838"/>
            <maxpow number="0.3787151684145838"/>
            <fprob>0.0</fprob>
        </actor>
        <ports>
            <port dstActor="D0N31" name="p0" srcActor="D0N23"/>
            <port dstActor="D0N24" name="p1" srcActor="D0N23"/>
            <port dstActor="D0N46" name="p2" srcActor="D0N23"/>
            <port dstActor="D0N30" name="p3" srcActor="D0N18"/>
            <port dstActor="D0N37" name="p4" srcActor="D0N18"/>
            <port dstActor="D0N48" name="p5" srcActor="D0N18"/>
            <port dstActor="D0N23" name="p6" srcActor="D0N18"/>
            <port dstActor="D0N21" name="p7" srcActor="D0N18"/>
            <port dstActor="D0N23" name="p8" srcActor="D0N21"/>
            <port dstActor="D0N39" name="p9" srcActor="D0N11"/>
            <port dstActor="D0N21" name="p10" srcActor="D0N11"/>
            <port dstActor="D0N47" name="p11" srcActor="D0N11"/>
            <port dstActor="D0N19" name="p12" srcActor="D0N11"/>
            <port dstActor="D0N34" name="p13" srcActor="D0N2"/>
            <port dstActor="D0N29" name="p14" srcActor="D0N2"/>
            <port dstActor="D0N26" name="p15" srcActor="D0N2"/>
            <port dstActor="D0N43" name="p16" srcActor="D0N36"/>
            <port dstActor="D0N48" name="p17" srcActor="D0N36"/>
            <port dstActor="D0N40" name="p18" srcActor="D0N36"/>
            <port dstActor="D0N47" name="p19" srcActor="D0N29"/>
            <port dstActor="D0N16" name="p20" srcActor="D0N8"/>
            <port dstActor="D0N17" name="p21" srcActor="D0N8"/>
            <port dstActor="D0N27" name="p22" srcActor="D0N8"/>
            <port dstActor="D0N39" name="p23" srcActor="D0N28"/>
            <port dstActor="D0N38" name="p24" srcActor="D0N28"/>
            <port dstActor="D0N48" name="p25" srcActor="D0N16"/>
            <port dstActor="D0N25" name="p26" srcActor="D0N16"/>
            <port dstActor="D0N44" name="p27" srcActor="D0N16"/>
            <port dstActor="D0N20" name="p28" srcActor="D0N16"/>
            <port dstActor="D0N40" name="p29" srcActor="D0N16"/>
            <port dstActor="D0N47" name="p30" srcActor="D0N16"/>
            <port dstActor="D0N48" name="p31" srcActor="D0N30"/>
            <port dstActor="D0N42" name="p32" srcActor="D0N30"/>
            <port dstActor="D0N47" name="p33" srcActor="D0N30"/>
            <port dstActor="D0N26" name="p34" srcActor="D0N20"/>
            <port dstActor="D0N29" name="p35" srcActor="D0N20"/>
            <port dstActor="D0N40" name="p36" srcActor="D0N20"/>
            <port dstActor="D0N40" name="p37" srcActor="D0N12"/>
            <port dstActor="D0N22" name="p38" srcActor="D0N12"/>
            <port dstActor="D0N39" name="p39" srcActor="D0N12"/>
            <port dstActor="D0N32" name="p40" srcActor="D0N12"/>
            <port dstActor="D0N27" name="p41" srcActor="D0N7"/>
            <port dstActor="D0N24" name="p42" srcActor="D0N7"/>
            <port dstActor="D0N26" name="p43" srcActor="D0N7"/>
            <port dstActor="D0N18" name="p44" srcActor="D0N7"/>
            <port dstActor="D0N48" name="p45" srcActor="D0N46"/>
            <port dstActor="D0N37" name="p46" srcActor="D0N22"/>
            <port dstActor="D0N31" name="p47" srcActor="D0N26"/>
            <port dstActor="D0N45" name="p48" srcActor="D0N26"/>
            <port dstActor="D0N37" name="p49" srcActor="D0N26"/>
            <port dstActor="D0N36" name="p50" srcActor="D0N26"/>
            <port dstActor="D0N40" name="p51" srcActor="D0N24"/>
            <port dstActor="D0N33" name="p52" srcActor="D0N24"/>
            <port dstActor="D0N24" name="p53" srcActor="D0N9"/>
            <port dstActor="D0N21" name="p54" srcActor="D0N9"/>
            <port dstActor="D0N45" name="p55" srcActor="D0N9"/>
            <port dstActor="D0N15" name="p56" srcActor="D0N9"/>
            <port dstActor="D0N19" name="p57" srcActor="D0N9"/>
            <port dstActor="D0N29" name="p58" srcActor="D0N9"/>
            <port dstActor="D0N40" name="p59" srcActor="D0N35"/>
            <port dstActor="D0N30" name="p60" srcActor="D0N13"/>
            <port dstActor="D0N36" name="p61" srcActor="D0N32"/>
            <port dstActor="D0N38" name="p62" srcActor="D0N32"/>
            <port dstActor="D0N39" name="p63" srcActor="D0N32"/>
            <port dstActor="D0N12" name="p64" srcActor="D0N0"/>
            <port dstActor="D0N17" name="p65" srcActor="D0N0"/>
            <port dstActor="D0N14" name="p66" srcActor="D0N0"/>
            <port dstActor="D0N44" name="p67" srcActor="D0N0"/>
            <port dstActor="D0N5" name="p68" srcActor="D0N0"/>
            <port dstActor="D0N19" name="p69" srcActor="D0N0"/>
            <port dstActor="D0N34" name="p70" srcActor="D0N31"/>
            <port dstActor="D0N36" name="p71" srcActor="D0N31"/>
            <port dstActor="D0N19" name="p72" srcActor="D0N15"/>
            <port dstActor="D0N25" name="p73" srcActor="D0N15"/>
            <port dstActor="D0N40" name="p74" srcActor="D0N15"/>
            <port dstActor="D0N24" name="p75" srcActor="D0N15"/>
            <port dstActor="D0N27" name="p76" srcActor="D0N15"/>
            <port dstActor="D0N23" name="p77" srcActor="D0N6"/>
            <port dstActor="D0N15" name="p78" srcActor="D0N6"/>
            <port dstActor="D0N39" name="p79" srcActor="D0N38"/>
            <port dstActor="D0N31" name="p80" srcActor="D0N25"/>
            <port dstActor="D0N35" name="p81" srcActor="D0N25"/>
            <port dstActor="D0N11" name="p82" srcActor="D0N5"/>
            <port dstActor="D0N29" name="p83" srcActor="D0N5"/>
            <port dstActor="D0N30" name="p84" srcActor="D0N5"/>
            <port dstActor="D0N31" name="p85" srcActor="D0N19"/>
            <port dstActor="D0N44" name="p86" srcActor="D0N19"/>
            <port dstActor="D0N43" name="p87" srcActor="D0N14"/>
            <port dstActor="D0N23" name="p88" srcActor="D0N14"/>
            <port dstActor="D0N44" name="p89" srcActor="D0N14"/>
            <port dstActor="D0N36" name="p90" srcActor="D0N14"/>
            <port dstActor="D0N18" name="p91" srcActor="D0N14"/>
            <port dstActor="D0N16" name="p92" srcActor="D0N14"/>
            <port dstActor="D0N33" name="p93" srcActor="D0N14"/>
            <port dstActor="D0N42" name="p94" srcActor="D0N27"/>
            <port dstActor="D0N34" name="p95" srcActor="D0N4"/>
            <port dstActor="D0N38" name="p96" srcActor="D0N4"/>
            <port dstActor="D0N17" name="p97" srcActor="D0N4"/>
            <port dstActor="D0N9" name="p98" srcActor="D0N4"/>
            <port dstActor="D0N23" name="p99" srcActor="D0N4"/>
            <port dstActor="D0N15" name="p100" srcActor="D0N4"/>
            <port dstActor="D0N40" name="p101" srcActor="D0N10"/>
            <port dstActor="D0N12" name="p102" srcActor="D0N3"/>
            <port dstActor="D0N20" name="p103" srcActor="D0N1"/>
            <port dstActor="D0N38" name="p104" srcActor="D0N1"/>
            <port dstActor="D0N34" name="p105" srcActor="D0N1"/>
            <port dstActor="D0N43" name="p106" srcActor="D0N1"/>
            <port dstActor="D0N5" name="p107" srcActor="D0N1"/>
            <port dstActor="D0N12" name="p108" srcActor="D0N1"/>
            <port dstActor="D0N47" name="p109" srcActor="D0N41"/>
            <port dstActor="D0N26" name="p110" srcActor="D0N17"/>
            <port dstActor="D0N45" name="p111" srcActor="D0N17"/>
            <port dstActor="D0N30" name="p112" srcActor="D0N17"/>
        </ports>
    </mcdag>
    <cores number="2"/>
    <levels number="2"/>
</mcsystem>
