<?xml version="1.0" encoding="UTF-8" standalone="no"?>
<mcsystem>
    <mcdag deadline="1800" name="genned-0-ed-10.0-0">
        <actor name="D0N12">
            <wcet number="0">30</wcet>
            <wcet number="1">30</wcet>
            <maxpow number="0.5066656591400757"/>
            <maxpow number="0.5066656591400757"/>
            <fprob>0.0</fprob>
        </actor>
        <actor name="D0N1">
            <wcet number="0">60</wcet>
            <wcet number="1">120</wcet>
            <maxpow number="0.7015285845014707"/>
            <maxpow number="0.7015285845014707"/>
            <fprob>0.0</fprob>
        </actor>
        <actor name="D0N11">
            <wcet number="0">20</wcet>
            <wcet number="1">30</wcet>
            <maxpow number="0.5383737025067289"/>
            <maxpow number="0.5383737025067289"/>
            <fprob>0.0</fprob>
        </actor>
        <actor name="D0N13">
            <wcet number="0">110</wcet>
            <wcet number="1">120</wcet>
            <maxpow number="0.6187183029763232"/>
            <maxpow number="0.6187183029763232"/>
            <fprob>0.0</fprob>
        </actor>
        <actor name="D0N10">
            <wcet number="0">30</wcet>
            <wcet number="1">130</wcet>
            <maxpow number="0.6135870434997449"/>
            <maxpow number="0.6135870434997449"/>
            <fprob>0.0</fprob>
        </actor>
        <actor name="D0N4">
            <wcet number="0">30</wcet>
            <wcet number="1">30</wcet>
            <maxpow number="0.4952554048642202"/>
            <maxpow number="0.4952554048642202"/>
            <fprob>0.0</fprob>
        </actor>
        <actor name="D0N14">
            <wcet number="0">10</wcet>
            <wcet number="1">10</wcet>
            <maxpow number="0.49455032136656835"/>
            <maxpow number="0.49455032136656835"/>
            <fprob>0.0</fprob>
        </actor>
        <actor name="D0N43">
            <wcet number="0">20</wcet>
            <wcet number="1">20</wcet>
            <maxpow number="0.4918649418000511"/>
            <maxpow number="0.4918649418000511"/>
            <fprob>0.0</fprob>
        </actor>
        <actor name="D0N41">
            <wcet number="0">10</wcet>
            <wcet number="1">100</wcet>
            <maxpow number="0.6369529674823702"/>
            <maxpow number="0.6369529674823702"/>
            <fprob>0.0</fprob>
        </actor>
        <actor name="D0N29">
            <wcet number="0">10</wcet>
            <wcet number="1">10</wcet>
            <maxpow number="0.5668922589722384"/>
            <maxpow number="0.5668922589722384"/>
            <fprob>0.0</fprob>
        </actor>
        <actor name="D0N6">
            <wcet number="0">10</wcet>
            <wcet number="1">10</wcet>
            <maxpow number="0.6923766580661487"/>
            <maxpow number="0.6923766580661487"/>
            <fprob>0.0</fprob>
        </actor>
        <actor name="D0N44">
            <wcet number="0">50</wcet>
            <wcet number="1">70</wcet>
            <maxpow number="0.4361773721252026"/>
            <maxpow number="0.4361773721252026"/>
            <fprob>0.0</fprob>
        </actor>
        <actor name="D0N17">
            <wcet number="0">10</wcet>
            <wcet number="1">10</wcet>
            <maxpow number="0.6830184489542519"/>
            <maxpow number="0.6830184489542519"/>
            <fprob>0.0</fprob>
        </actor>
        <actor name="D0N33">
            <wcet number="0">10</wcet>
            <wcet number="1">70</wcet>
            <maxpow number="0.6306046262390822"/>
            <maxpow number="0.6306046262390822"/>
            <fprob>0.0</fprob>
        </actor>
        <actor name="D0N38">
            <wcet number="0">30</wcet>
            <wcet number="1">30</wcet>
            <maxpow number="0.3741816935877098"/>
            <maxpow number="0.3741816935877098"/>
            <fprob>0.0</fprob>
        </actor>
        <actor name="D0N3">
            <wcet number="0">10</wcet>
            <wcet number="1">10</wcet>
            <maxpow number="0.6165861051660025"/>
            <maxpow number="0.6165861051660025"/>
            <fprob>0.0</fprob>
        </actor>
        <actor name="D0N39">
            <wcet number="0">30</wcet>
            <wcet number="1">30</wcet>
            <maxpow number="0.5694737679773199"/>
            <maxpow number="0.5694737679773199"/>
            <fprob>0.0</fprob>
        </actor>
        <actor name="D0N28">
            <wcet number="0">20</wcet>
            <wcet number="1">60</wcet>
            <maxpow number="0.38191268877736356"/>
            <maxpow number="0.38191268877736356"/>
            <fprob>0.0</fprob>
        </actor>
        <actor name="D0N20">
            <wcet number="0">10</wcet>
            <wcet number="1">30</wcet>
            <maxpow number="0.5439520144405808"/>
            <maxpow number="0.5439520144405808"/>
            <fprob>0.0</fprob>
        </actor>
        <actor name="D0N40">
            <wcet number="0">270</wcet>
            <wcet number="1">370</wcet>
            <maxpow number="0.5967792015776654"/>
            <maxpow number="0.5967792015776654"/>
            <fprob>0.0</fprob>
        </actor>
        <actor name="D0N23">
            <wcet number="0">70</wcet>
            <wcet number="1">200</wcet>
            <maxpow number="0.4549986413781869"/>
            <maxpow number="0.4549986413781869"/>
            <fprob>0.0</fprob>
        </actor>
        <actor name="D0N46">
            <wcet number="0">10</wcet>
            <wcet number="1">180</wcet>
            <maxpow number="0.4845258393174466"/>
            <maxpow number="0.4845258393174466"/>
            <fprob>0.0</fprob>
        </actor>
        <actor name="D0N7">
            <wcet number="0">40</wcet>
            <wcet number="1">90</wcet>
            <maxpow number="0.4862756883992989"/>
            <maxpow number="0.4862756883992989"/>
            <fprob>0.0</fprob>
        </actor>
        <actor name="D0N32">
            <wcet number="0">10</wcet>
            <wcet number="1">10</wcet>
            <maxpow number="0.5783140081907181"/>
            <maxpow number="0.5783140081907181"/>
            <fprob>0.0</fprob>
        </actor>
        <actor name="D0N36">
            <wcet number="0">370</wcet>
            <wcet number="1">480</wcet>
            <maxpow number="0.43534821337182456"/>
            <maxpow number="0.43534821337182456"/>
            <fprob>0.0</fprob>
        </actor>
        <actor name="D0N35">
            <wcet number="0">10</wcet>
            <wcet number="1">10</wcet>
            <maxpow number="0.2836310931195478"/>
            <maxpow number="0.2836310931195478"/>
            <fprob>0.0</fprob>
        </actor>
        <actor name="D0N8">
            <wcet number="0">10</wcet>
            <wcet number="1">50</wcet>
            <maxpow number="0.6885506398294835"/>
            <maxpow number="0.6885506398294835"/>
            <fprob>0.0</fprob>
        </actor>
        <actor name="D0N37">
            <wcet number="0">20</wcet>
            <wcet number="1">50</wcet>
            <maxpow number="0.4223759322444016"/>
            <maxpow number="0.4223759322444016"/>
            <fprob>0.0</fprob>
        </actor>
        <actor name="D0N5">
            <wcet number="0">30</wcet>
            <wcet number="1">130</wcet>
            <maxpow number="0.47694866935979363"/>
            <maxpow number="0.47694866935979363"/>
            <fprob>0.0</fprob>
        </actor>
        <actor name="D0N18">
            <wcet number="0">60</wcet>
            <wcet number="1">180</wcet>
            <maxpow number="0.6029279363094693"/>
            <maxpow number="0.6029279363094693"/>
            <fprob>0.0</fprob>
        </actor>
        <actor name="D0N22">
            <wcet number="0">50</wcet>
            <wcet number="1">80</wcet>
            <maxpow number="0.7920017116761333"/>
            <maxpow number="0.7920017116761333"/>
            <fprob>0.0</fprob>
        </actor>
        <actor name="D0N16">
            <wcet number="0">60</wcet>
            <wcet number="1">70</wcet>
            <maxpow number="0.5106090666972974"/>
            <maxpow number="0.5106090666972974"/>
            <fprob>0.0</fprob>
        </actor>
        <actor name="D0N34">
            <wcet number="0">190</wcet>
            <wcet number="1">190</wcet>
            <maxpow number="0.5964635249431633"/>
            <maxpow number="0.5964635249431633"/>
            <fprob>0.0</fprob>
        </actor>
        <actor name="D0N21">
            <wcet number="0">20</wcet>
            <wcet number="1">20</wcet>
            <maxpow number="0.3983934985561177"/>
            <maxpow number="0.3983934985561177"/>
            <fprob>0.0</fprob>
        </actor>
        <actor name="D0N0">
            <wcet number="0">90</wcet>
            <wcet number="1">100</wcet>
            <maxpow number="0.5111173091930491"/>
            <maxpow number="0.5111173091930491"/>
            <fprob>0.0</fprob>
        </actor>
        <actor name="D0N27">
            <wcet number="0">40</wcet>
            <wcet number="1">60</wcet>
            <maxpow number="0.6308636065274984"/>
            <maxpow number="0.6308636065274984"/>
            <fprob>0.0</fprob>
        </actor>
        <actor name="D0N31">
            <wcet number="0">30</wcet>
            <wcet number="1">70</wcet>
            <maxpow number="0.26280600126372733"/>
            <maxpow number="0.26280600126372733"/>
            <fprob>0.0</fprob>
        </actor>
        <actor name="D0N47">
            <wcet number="0">10</wcet>
            <wcet number="1">50</wcet>
            <maxpow number="0.39997884521950827"/>
            <maxpow number="0.39997884521950827"/>
            <fprob>0.0</fprob>
        </actor>
        <actor name="D0N19">
            <wcet number="0">40</wcet>
            <wcet number="1">40</wcet>
            <maxpow number="0.3892938532155297"/>
            <maxpow number="0.3892938532155297"/>
            <fprob>0.0</fprob>
        </actor>
        <actor name="D0N42">
            <wcet number="0">20</wcet>
            <wcet number="1">20</wcet>
            <maxpow number="0.24719008409247595"/>
            <maxpow number="0.24719008409247595"/>
            <fprob>0.0</fprob>
        </actor>
        <actor name="D0N15">
            <wcet number="0">80</wcet>
            <wcet number="1">120</wcet>
            <maxpow number="0.2829971029630501"/>
            <maxpow number="0.2829971029630501"/>
            <fprob>0.0</fprob>
        </actor>
        <actor name="D0N24">
            <wcet number="0">80</wcet>
            <wcet number="1">80</wcet>
            <maxpow number="0.630091494294315"/>
            <maxpow number="0.630091494294315"/>
            <fprob>0.0</fprob>
        </actor>
        <actor name="D0N26">
            <wcet number="0">60</wcet>
            <wcet number="1">110</wcet>
            <maxpow number="0.645177623350644"/>
            <maxpow number="0.645177623350644"/>
            <fprob>0.0</fprob>
        </actor>
        <actor name="D0N30">
            <wcet number="0">20</wcet>
            <wcet number="1">20</wcet>
            <maxpow number="0.4681995826622399"/>
            <maxpow number="0.4681995826622399"/>
            <fprob>0.0</fprob>
        </actor>
        <actor name="D0N25">
            <wcet number="0">10</wcet>
            <wcet number="1">10</wcet>
            <maxpow number="0.23327100619824814"/>
            <maxpow number="0.23327100619824814"/>
            <fprob>0.0</fprob>
        </actor>
        <actor name="D0N2">
            <wcet number="0">150</wcet>
            <wcet number="1">180</wcet>
            <maxpow number="0.5636422681548968"/>
            <maxpow number="0.5636422681548968"/>
            <fprob>0.0</fprob>
        </actor>
        <actor name="D0N9">
            <wcet number="0">160</wcet>
            <wcet number="1">170</wcet>
            <maxpow number="0.4599354415949057"/>
            <maxpow number="0.4599354415949057"/>
            <fprob>0.0</fprob>
        </actor>
        <actor name="D0N45">
            <wcet number="0">50</wcet>
            <wcet number="1">80</wcet>
            <maxpow number="0.758650159040785"/>
            <maxpow number="0.758650159040785"/>
            <fprob>0.0</fprob>
        </actor>
        <ports>
            <port dstActor="D0N26" name="p0" srcActor="D0N12"/>
            <port dstActor="D0N39" name="p1" srcActor="D0N12"/>
            <port dstActor="D0N31" name="p2" srcActor="D0N12"/>
            <port dstActor="D0N43" name="p3" srcActor="D0N12"/>
            <port dstActor="D0N44" name="p4" srcActor="D0N12"/>
            <port dstActor="D0N13" name="p5" srcActor="D0N12"/>
            <port dstActor="D0N36" name="p6" srcActor="D0N1"/>
            <port dstActor="D0N38" name="p7" srcActor="D0N1"/>
            <port dstActor="D0N8" name="p8" srcActor="D0N1"/>
            <port dstActor="D0N11" name="p9" srcActor="D0N1"/>
            <port dstActor="D0N33" name="p10" srcActor="D0N1"/>
            <port dstActor="D0N43" name="p11" srcActor="D0N1"/>
            <port dstActor="D0N47" name="p12" srcActor="D0N1"/>
            <port dstActor="D0N12" name="p13" srcActor="D0N11"/>
            <port dstActor="D0N27" name="p14" srcActor="D0N11"/>
            <port dstActor="D0N15" name="p15" srcActor="D0N11"/>
            <port dstActor="D0N16" name="p16" srcActor="D0N11"/>
            <port dstActor="D0N31" name="p17" srcActor="D0N11"/>
            <port dstActor="D0N40" name="p18" srcActor="D0N11"/>
            <port dstActor="D0N21" name="p19" srcActor="D0N11"/>
            <port dstActor="D0N40" name="p20" srcActor="D0N13"/>
            <port dstActor="D0N43" name="p21" srcActor="D0N10"/>
            <port dstActor="D0N27" name="p22" srcActor="D0N10"/>
            <port dstActor="D0N25" name="p23" srcActor="D0N10"/>
            <port dstActor="D0N40" name="p24" srcActor="D0N10"/>
            <port dstActor="D0N45" name="p25" srcActor="D0N10"/>
            <port dstActor="D0N36" name="p26" srcActor="D0N10"/>
            <port dstActor="D0N20" name="p27" srcActor="D0N10"/>
            <port dstActor="D0N7" name="p28" srcActor="D0N4"/>
            <port dstActor="D0N21" name="p29" srcActor="D0N4"/>
            <port dstActor="D0N26" name="p30" srcActor="D0N4"/>
            <port dstActor="D0N37" name="p31" srcActor="D0N4"/>
            <port dstActor="D0N19" name="p32" srcActor="D0N14"/>
            <port dstActor="D0N45" name="p33" srcActor="D0N14"/>
            <port dstActor="D0N18" name="p34" srcActor="D0N14"/>
            <port dstActor="D0N44" name="p35" srcActor="D0N43"/>
            <port dstActor="D0N47" name="p36" srcActor="D0N41"/>
            <port dstActor="D0N30" name="p37" srcActor="D0N29"/>
            <port dstActor="D0N46" name="p38" srcActor="D0N29"/>
            <port dstActor="D0N33" name="p39" srcActor="D0N29"/>
            <port dstActor="D0N31" name="p40" srcActor="D0N6"/>
            <port dstActor="D0N30" name="p41" srcActor="D0N6"/>
            <port dstActor="D0N44" name="p42" srcActor="D0N6"/>
            <port dstActor="D0N16" name="p43" srcActor="D0N6"/>
            <port dstActor="D0N36" name="p44" srcActor="D0N6"/>
            <port dstActor="D0N45" name="p45" srcActor="D0N44"/>
            <port dstActor="D0N34" name="p46" srcActor="D0N17"/>
            <port dstActor="D0N18" name="p47" srcActor="D0N17"/>
            <port dstActor="D0N45" name="p48" srcActor="D0N17"/>
            <port dstActor="D0N47" name="p49" srcActor="D0N17"/>
            <port dstActor="D0N37" name="p50" srcActor="D0N17"/>
            <port dstActor="D0N26" name="p51" srcActor="D0N17"/>
            <port dstActor="D0N10" name="p52" srcActor="D0N3"/>
            <port dstActor="D0N15" name="p53" srcActor="D0N3"/>
            <port dstActor="D0N37" name="p54" srcActor="D0N3"/>
            <port dstActor="D0N21" name="p55" srcActor="D0N3"/>
            <port dstActor="D0N11" name="p56" srcActor="D0N3"/>
            <port dstActor="D0N26" name="p57" srcActor="D0N3"/>
            <port dstActor="D0N40" name="p58" srcActor="D0N39"/>
            <port dstActor="D0N43" name="p59" srcActor="D0N39"/>
            <port dstActor="D0N42" name="p60" srcActor="D0N39"/>
            <port dstActor="D0N37" name="p61" srcActor="D0N28"/>
            <port dstActor="D0N43" name="p62" srcActor="D0N28"/>
            <port dstActor="D0N45" name="p63" srcActor="D0N20"/>
            <port dstActor="D0N44" name="p64" srcActor="D0N40"/>
            <port dstActor="D0N8" name="p65" srcActor="D0N7"/>
            <port dstActor="D0N9" name="p66" srcActor="D0N7"/>
            <port dstActor="D0N31" name="p67" srcActor="D0N7"/>
            <port dstActor="D0N33" name="p68" srcActor="D0N7"/>
            <port dstActor="D0N41" name="p69" srcActor="D0N32"/>
            <port dstActor="D0N39" name="p70" srcActor="D0N32"/>
            <port dstActor="D0N40" name="p71" srcActor="D0N32"/>
            <port dstActor="D0N46" name="p72" srcActor="D0N32"/>
            <port dstActor="D0N44" name="p73" srcActor="D0N32"/>
            <port dstActor="D0N37" name="p74" srcActor="D0N36"/>
            <port dstActor="D0N36" name="p75" srcActor="D0N35"/>
            <port dstActor="D0N24" name="p76" srcActor="D0N8"/>
            <port dstActor="D0N26" name="p77" srcActor="D0N8"/>
            <port dstActor="D0N36" name="p78" srcActor="D0N8"/>
            <port dstActor="D0N42" name="p79" srcActor="D0N8"/>
            <port dstActor="D0N22" name="p80" srcActor="D0N5"/>
            <port dstActor="D0N20" name="p81" srcActor="D0N5"/>
            <port dstActor="D0N31" name="p82" srcActor="D0N18"/>
            <port dstActor="D0N45" name="p83" srcActor="D0N18"/>
            <port dstActor="D0N28" name="p84" srcActor="D0N18"/>
            <port dstActor="D0N25" name="p85" srcActor="D0N22"/>
            <port dstActor="D0N38" name="p86" srcActor="D0N22"/>
            <port dstActor="D0N47" name="p87" srcActor="D0N22"/>
            <port dstActor="D0N29" name="p88" srcActor="D0N16"/>
            <port dstActor="D0N32" name="p89" srcActor="D0N16"/>
            <port dstActor="D0N39" name="p90" srcActor="D0N16"/>
            <port dstActor="D0N35" name="p91" srcActor="D0N34"/>
            <port dstActor="D0N45" name="p92" srcActor="D0N34"/>
            <port dstActor="D0N22" name="p93" srcActor="D0N21"/>
            <port dstActor="D0N43" name="p94" srcActor="D0N21"/>
            <port dstActor="D0N43" name="p95" srcActor="D0N0"/>
            <port dstActor="D0N8" name="p96" srcActor="D0N0"/>
            <port dstActor="D0N24" name="p97" srcActor="D0N0"/>
            <port dstActor="D0N30" name="p98" srcActor="D0N0"/>
            <port dstActor="D0N19" name="p99" srcActor="D0N0"/>
            <port dstActor="D0N45" name="p100" srcActor="D0N0"/>
            <port dstActor="D0N29" name="p101" srcActor="D0N27"/>
            <port dstActor="D0N45" name="p102" srcActor="D0N31"/>
            <port dstActor="D0N44" name="p103" srcActor="D0N31"/>
            <port dstActor="D0N36" name="p104" srcActor="D0N31"/>
            <port dstActor="D0N43" name="p105" srcActor="D0N19"/>
            <port dstActor="D0N46" name="p106" srcActor="D0N19"/>
            <port dstActor="D0N28" name="p107" srcActor="D0N15"/>
            <port dstActor="D0N43" name="p108" srcActor="D0N15"/>
            <port dstActor="D0N16" name="p109" srcActor="D0N15"/>
            <port dstActor="D0N44" name="p110" srcActor="D0N24"/>
            <port dstActor="D0N32" name="p111" srcActor="D0N26"/>
            <port dstActor="D0N42" name="p112" srcActor="D0N26"/>
            <port dstActor="D0N45" name="p113" srcActor="D0N26"/>
            <port dstActor="D0N37" name="p114" srcActor="D0N26"/>
            <port dstActor="D0N47" name="p115" srcActor="D0N30"/>
            <port dstActor="D0N35" name="p116" srcActor="D0N25"/>
            <port dstActor="D0N39" name="p117" srcActor="D0N25"/>
            <port dstActor="D0N3" name="p118" srcActor="D0N2"/>
            <port dstActor="D0N37" name="p119" srcActor="D0N2"/>
            <port dstActor="D0N34" name="p120" srcActor="D0N2"/>
            <port dstActor="D0N8" name="p121" srcActor="D0N2"/>
            <port dstActor="D0N27" name="p122" srcActor="D0N2"/>
            <port dstActor="D0N4" name="p123" srcActor="D0N2"/>
            <port dstActor="D0N45" name="p124" srcActor="D0N2"/>
            <port dstActor="D0N15" name="p125" srcActor="D0N2"/>
            <port dstActor="D0N14" name="p126" srcActor="D0N2"/>
            <port dstActor="D0N38" name="p127" srcActor="D0N9"/>
            <port dstActor="D0N25" name="p128" srcActor="D0N9"/>
        </ports>
    </mcdag>
    <cores number="3"/>
    <levels number="2"/>
</mcsystem>
