<?xml version="1.0" encoding="UTF-8" standalone="no"?>
<mcsystem>
    <mcdag deadline="3000" name="genned-0-ed-10.0-0">
        <actor name="D0N33">
            <wcet number="0">30</wcet>
            <wcet number="1">90</wcet>
            <maxpow number="0.6154353612617658"/>
            <maxpow number="0.6154353612617658"/>
            <fprob>0.0</fprob>
        </actor>
        <actor name="D0N18">
            <wcet number="0">140</wcet>
            <wcet number="1">280</wcet>
            <maxpow number="0.26973350409623975"/>
            <maxpow number="0.26973350409623975"/>
            <fprob>0.0</fprob>
        </actor>
        <actor name="D0N30">
            <wcet number="0">50</wcet>
            <wcet number="1">170</wcet>
            <maxpow number="0.3472415254230007"/>
            <maxpow number="0.3472415254230007"/>
            <fprob>0.0</fprob>
        </actor>
        <actor name="D0N35">
            <wcet number="0">10</wcet>
            <wcet number="1">170</wcet>
            <maxpow number="0.36896855763753217"/>
            <maxpow number="0.36896855763753217"/>
            <fprob>0.0</fprob>
        </actor>
        <actor name="D0N17">
            <wcet number="0">350</wcet>
            <wcet number="1">430</wcet>
            <maxpow number="0.3396100827103108"/>
            <maxpow number="0.3396100827103108"/>
            <fprob>0.0</fprob>
        </actor>
        <actor name="D0N37">
            <wcet number="0">30</wcet>
            <wcet number="1">70</wcet>
            <maxpow number="0.6582536797025573"/>
            <maxpow number="0.6582536797025573"/>
            <fprob>0.0</fprob>
        </actor>
        <actor name="D0N7">
            <wcet number="0">10</wcet>
            <wcet number="1">10</wcet>
            <maxpow number="0.7759176673641066"/>
            <maxpow number="0.7759176673641066"/>
            <fprob>0.0</fprob>
        </actor>
        <actor name="D0N47">
            <wcet number="0">100</wcet>
            <wcet number="1">260</wcet>
            <maxpow number="0.27724057982371203"/>
            <maxpow number="0.27724057982371203"/>
            <fprob>0.0</fprob>
        </actor>
        <actor name="D0N43">
            <wcet number="0">60</wcet>
            <wcet number="1">60</wcet>
            <maxpow number="0.47841060394092133"/>
            <maxpow number="0.47841060394092133"/>
            <fprob>0.0</fprob>
        </actor>
        <actor name="D0N42">
            <wcet number="0">150</wcet>
            <wcet number="1">480</wcet>
            <maxpow number="0.40943927749233977"/>
            <maxpow number="0.40943927749233977"/>
            <fprob>0.0</fprob>
        </actor>
        <actor name="D0N5">
            <wcet number="0">30</wcet>
            <wcet number="1">260</wcet>
            <maxpow number="0.49864543345651996"/>
            <maxpow number="0.49864543345651996"/>
            <fprob>0.0</fprob>
        </actor>
        <actor name="D0N31">
            <wcet number="0">130</wcet>
            <wcet number="1">260</wcet>
            <maxpow number="0.3876384495387284"/>
            <maxpow number="0.3876384495387284"/>
            <fprob>0.0</fprob>
        </actor>
        <actor name="D0N15">
            <wcet number="0">20</wcet>
            <wcet number="1">90</wcet>
            <maxpow number="0.8599287879952273"/>
            <maxpow number="0.8599287879952273"/>
            <fprob>0.0</fprob>
        </actor>
        <actor name="D0N9">
            <wcet number="0">20</wcet>
            <wcet number="1">20</wcet>
            <maxpow number="0.8569520287648378"/>
            <maxpow number="0.8569520287648378"/>
            <fprob>0.0</fprob>
        </actor>
        <actor name="D0N44">
            <wcet number="0">150</wcet>
            <wcet number="1">150</wcet>
            <maxpow number="0.6439372159423772"/>
            <maxpow number="0.6439372159423772"/>
            <fprob>0.0</fprob>
        </actor>
        <actor name="D0N3">
            <wcet number="0">50</wcet>
            <wcet number="1">50</wcet>
            <maxpow number="0.2677113146610599"/>
            <maxpow number="0.2677113146610599"/>
            <fprob>0.0</fprob>
        </actor>
        <actor name="D0N22">
            <wcet number="0">60</wcet>
            <wcet number="1">90</wcet>
            <maxpow number="0.5615416959012708"/>
            <maxpow number="0.5615416959012708"/>
            <fprob>0.0</fprob>
        </actor>
        <actor name="D0N1">
            <wcet number="0">60</wcet>
            <wcet number="1">90</wcet>
            <maxpow number="0.3694182026388325"/>
            <maxpow number="0.3694182026388325"/>
            <fprob>0.0</fprob>
        </actor>
        <actor name="D0N23">
            <wcet number="0">100</wcet>
            <wcet number="1">130</wcet>
            <maxpow number="0.7650181962831295"/>
            <maxpow number="0.7650181962831295"/>
            <fprob>0.0</fprob>
        </actor>
        <actor name="D0N14">
            <wcet number="0">80</wcet>
            <wcet number="1">110</wcet>
            <maxpow number="0.8176128093421193"/>
            <maxpow number="0.8176128093421193"/>
            <fprob>0.0</fprob>
        </actor>
        <actor name="D0N12">
            <wcet number="0">30</wcet>
            <wcet number="1">390</wcet>
            <maxpow number="0.6435942829067369"/>
            <maxpow number="0.6435942829067369"/>
            <fprob>0.0</fprob>
        </actor>
        <actor name="D0N29">
            <wcet number="0">50</wcet>
            <wcet number="1">50</wcet>
            <maxpow number="0.7206632899784957"/>
            <maxpow number="0.7206632899784957"/>
            <fprob>0.0</fprob>
        </actor>
        <actor name="D0N36">
            <wcet number="0">50</wcet>
            <wcet number="1">50</wcet>
            <maxpow number="0.44279270857873765"/>
            <maxpow number="0.44279270857873765"/>
            <fprob>0.0</fprob>
        </actor>
        <actor name="D0N25">
            <wcet number="0">450</wcet>
            <wcet number="1">560</wcet>
            <maxpow number="0.41941507762692865"/>
            <maxpow number="0.41941507762692865"/>
            <fprob>0.0</fprob>
        </actor>
        <actor name="D0N39">
            <wcet number="0">50</wcet>
            <wcet number="1">60</wcet>
            <maxpow number="0.41488274601885466"/>
            <maxpow number="0.41488274601885466"/>
            <fprob>0.0</fprob>
        </actor>
        <actor name="D0N19">
            <wcet number="0">40</wcet>
            <wcet number="1">50</wcet>
            <maxpow number="0.8215784935130701"/>
            <maxpow number="0.8215784935130701"/>
            <fprob>0.0</fprob>
        </actor>
        <actor name="D0N11">
            <wcet number="0">30</wcet>
            <wcet number="1">70</wcet>
            <maxpow number="0.877596215697974"/>
            <maxpow number="0.877596215697974"/>
            <fprob>0.0</fprob>
        </actor>
        <actor name="D0N46">
            <wcet number="0">40</wcet>
            <wcet number="1">40</wcet>
            <maxpow number="0.17957334573480488"/>
            <maxpow number="0.17957334573480488"/>
            <fprob>0.0</fprob>
        </actor>
        <actor name="D0N10">
            <wcet number="0">80</wcet>
            <wcet number="1">80</wcet>
            <maxpow number="0.6598103286447866"/>
            <maxpow number="0.6598103286447866"/>
            <fprob>0.0</fprob>
        </actor>
        <actor name="D0N21">
            <wcet number="0">70</wcet>
            <wcet number="1">70</wcet>
            <maxpow number="0.6055945282551152"/>
            <maxpow number="0.6055945282551152"/>
            <fprob>0.0</fprob>
        </actor>
        <actor name="D0N26">
            <wcet number="0">20</wcet>
            <wcet number="1">30</wcet>
            <maxpow number="0.5497327238442414"/>
            <maxpow number="0.5497327238442414"/>
            <fprob>0.0</fprob>
        </actor>
        <actor name="D0N27">
            <wcet number="0">150</wcet>
            <wcet number="1">380</wcet>
            <maxpow number="0.49864042482498333"/>
            <maxpow number="0.49864042482498333"/>
            <fprob>0.0</fprob>
        </actor>
        <actor name="D0N34">
            <wcet number="0">10</wcet>
            <wcet number="1">20</wcet>
            <maxpow number="0.7814337189125636"/>
            <maxpow number="0.7814337189125636"/>
            <fprob>0.0</fprob>
        </actor>
        <actor name="D0N13">
            <wcet number="0">220</wcet>
            <wcet number="1">230</wcet>
            <maxpow number="0.5708615745407041"/>
            <maxpow number="0.5708615745407041"/>
            <fprob>0.0</fprob>
        </actor>
        <actor name="D0N4">
            <wcet number="0">70</wcet>
            <wcet number="1">270</wcet>
            <maxpow number="0.5917422564821132"/>
            <maxpow number="0.5917422564821132"/>
            <fprob>0.0</fprob>
        </actor>
        <actor name="D0N32">
            <wcet number="0">200</wcet>
            <wcet number="1">260</wcet>
            <maxpow number="0.6606941066612351"/>
            <maxpow number="0.6606941066612351"/>
            <fprob>0.0</fprob>
        </actor>
        <actor name="D0N2">
            <wcet number="0">90</wcet>
            <wcet number="1">110</wcet>
            <maxpow number="0.6234497217523284"/>
            <maxpow number="0.6234497217523284"/>
            <fprob>0.0</fprob>
        </actor>
        <actor name="D0N8">
            <wcet number="0">80</wcet>
            <wcet number="1">320</wcet>
            <maxpow number="0.9101657321830012"/>
            <maxpow number="0.9101657321830012"/>
            <fprob>0.0</fprob>
        </actor>
        <actor name="D0N45">
            <wcet number="0">90</wcet>
            <wcet number="1">90</wcet>
            <maxpow number="0.4184731851044249"/>
            <maxpow number="0.4184731851044249"/>
            <fprob>0.0</fprob>
        </actor>
        <actor name="D0N40">
            <wcet number="0">110</wcet>
            <wcet number="1">110</wcet>
            <maxpow number="0.6764538288078158"/>
            <maxpow number="0.6764538288078158"/>
            <fprob>0.0</fprob>
        </actor>
        <actor name="D0N28">
            <wcet number="0">100</wcet>
            <wcet number="1">160</wcet>
            <maxpow number="0.14665314723139156"/>
            <maxpow number="0.14665314723139156"/>
            <fprob>0.0</fprob>
        </actor>
        <actor name="D0N20">
            <wcet number="0">250</wcet>
            <wcet number="1">730</wcet>
            <maxpow number="0.7124542109386028"/>
            <maxpow number="0.7124542109386028"/>
            <fprob>0.0</fprob>
        </actor>
        <actor name="D0N0">
            <wcet number="0">20</wcet>
            <wcet number="1">70</wcet>
            <maxpow number="0.5549653260729317"/>
            <maxpow number="0.5549653260729317"/>
            <fprob>0.0</fprob>
        </actor>
        <actor name="D0N6">
            <wcet number="0">80</wcet>
            <wcet number="1">210</wcet>
            <maxpow number="0.5786317640026889"/>
            <maxpow number="0.5786317640026889"/>
            <fprob>0.0</fprob>
        </actor>
        <actor name="D0N41">
            <wcet number="0">30</wcet>
            <wcet number="1">300</wcet>
            <maxpow number="0.5187647239104163"/>
            <maxpow number="0.5187647239104163"/>
            <fprob>0.0</fprob>
        </actor>
        <actor name="D0N38">
            <wcet number="0">150</wcet>
            <wcet number="1">350</wcet>
            <maxpow number="0.3764052178126597"/>
            <maxpow number="0.3764052178126597"/>
            <fprob>0.0</fprob>
        </actor>
        <actor name="D0N24">
            <wcet number="0">20</wcet>
            <wcet number="1">20</wcet>
            <maxpow number="0.529015663709184"/>
            <maxpow number="0.529015663709184"/>
            <fprob>0.0</fprob>
        </actor>
        <actor name="D0N16">
            <wcet number="0">20</wcet>
            <wcet number="1">50</wcet>
            <maxpow number="0.47003937108118743"/>
            <maxpow number="0.47003937108118743"/>
            <fprob>0.0</fprob>
        </actor>
        <ports>
            <port dstActor="D0N37" name="p0" srcActor="D0N33"/>
            <port dstActor="D0N45" name="p1" srcActor="D0N33"/>
            <port dstActor="D0N43" name="p2" srcActor="D0N33"/>
            <port dstActor="D0N37" name="p3" srcActor="D0N18"/>
            <port dstActor="D0N39" name="p4" srcActor="D0N18"/>
            <port dstActor="D0N42" name="p5" srcActor="D0N30"/>
            <port dstActor="D0N45" name="p6" srcActor="D0N35"/>
            <port dstActor="D0N37" name="p7" srcActor="D0N35"/>
            <port dstActor="D0N33" name="p8" srcActor="D0N17"/>
            <port dstActor="D0N12" name="p9" srcActor="D0N7"/>
            <port dstActor="D0N19" name="p10" srcActor="D0N7"/>
            <port dstActor="D0N22" name="p11" srcActor="D0N7"/>
            <port dstActor="D0N24" name="p12" srcActor="D0N7"/>
            <port dstActor="D0N46" name="p13" srcActor="D0N43"/>
            <port dstActor="D0N47" name="p14" srcActor="D0N42"/>
            <port dstActor="D0N44" name="p15" srcActor="D0N5"/>
            <port dstActor="D0N37" name="p16" srcActor="D0N5"/>
            <port dstActor="D0N41" name="p17" srcActor="D0N5"/>
            <port dstActor="D0N43" name="p18" srcActor="D0N5"/>
            <port dstActor="D0N7" name="p19" srcActor="D0N5"/>
            <port dstActor="D0N47" name="p20" srcActor="D0N31"/>
            <port dstActor="D0N33" name="p21" srcActor="D0N31"/>
            <port dstActor="D0N38" name="p22" srcActor="D0N31"/>
            <port dstActor="D0N18" name="p23" srcActor="D0N15"/>
            <port dstActor="D0N23" name="p24" srcActor="D0N15"/>
            <port dstActor="D0N31" name="p25" srcActor="D0N15"/>
            <port dstActor="D0N44" name="p26" srcActor="D0N15"/>
            <port dstActor="D0N45" name="p27" srcActor="D0N15"/>
            <port dstActor="D0N21" name="p28" srcActor="D0N15"/>
            <port dstActor="D0N33" name="p29" srcActor="D0N15"/>
            <port dstActor="D0N20" name="p30" srcActor="D0N15"/>
            <port dstActor="D0N21" name="p31" srcActor="D0N9"/>
            <port dstActor="D0N13" name="p32" srcActor="D0N9"/>
            <port dstActor="D0N42" name="p33" srcActor="D0N9"/>
            <port dstActor="D0N45" name="p34" srcActor="D0N44"/>
            <port dstActor="D0N19" name="p35" srcActor="D0N3"/>
            <port dstActor="D0N35" name="p36" srcActor="D0N3"/>
            <port dstActor="D0N27" name="p37" srcActor="D0N3"/>
            <port dstActor="D0N7" name="p38" srcActor="D0N3"/>
            <port dstActor="D0N14" name="p39" srcActor="D0N3"/>
            <port dstActor="D0N46" name="p40" srcActor="D0N22"/>
            <port dstActor="D0N33" name="p41" srcActor="D0N22"/>
            <port dstActor="D0N44" name="p42" srcActor="D0N22"/>
            <port dstActor="D0N40" name="p43" srcActor="D0N22"/>
            <port dstActor="D0N15" name="p44" srcActor="D0N1"/>
            <port dstActor="D0N12" name="p45" srcActor="D0N1"/>
            <port dstActor="D0N18" name="p46" srcActor="D0N1"/>
            <port dstActor="D0N20" name="p47" srcActor="D0N1"/>
            <port dstActor="D0N40" name="p48" srcActor="D0N1"/>
            <port dstActor="D0N35" name="p49" srcActor="D0N23"/>
            <port dstActor="D0N31" name="p50" srcActor="D0N23"/>
            <port dstActor="D0N26" name="p51" srcActor="D0N14"/>
            <port dstActor="D0N47" name="p52" srcActor="D0N14"/>
            <port dstActor="D0N39" name="p53" srcActor="D0N14"/>
            <port dstActor="D0N19" name="p54" srcActor="D0N14"/>
            <port dstActor="D0N23" name="p55" srcActor="D0N14"/>
            <port dstActor="D0N41" name="p56" srcActor="D0N29"/>
            <port dstActor="D0N41" name="p57" srcActor="D0N36"/>
            <port dstActor="D0N44" name="p58" srcActor="D0N25"/>
            <port dstActor="D0N29" name="p59" srcActor="D0N25"/>
            <port dstActor="D0N26" name="p60" srcActor="D0N25"/>
            <port dstActor="D0N37" name="p61" srcActor="D0N25"/>
            <port dstActor="D0N41" name="p62" srcActor="D0N39"/>
            <port dstActor="D0N26" name="p63" srcActor="D0N19"/>
            <port dstActor="D0N21" name="p64" srcActor="D0N19"/>
            <port dstActor="D0N28" name="p65" srcActor="D0N19"/>
            <port dstActor="D0N41" name="p66" srcActor="D0N19"/>
            <port dstActor="D0N25" name="p67" srcActor="D0N11"/>
            <port dstActor="D0N38" name="p68" srcActor="D0N11"/>
            <port dstActor="D0N33" name="p69" srcActor="D0N11"/>
            <port dstActor="D0N27" name="p70" srcActor="D0N11"/>
            <port dstActor="D0N47" name="p71" srcActor="D0N46"/>
            <port dstActor="D0N28" name="p72" srcActor="D0N10"/>
            <port dstActor="D0N43" name="p73" srcActor="D0N10"/>
            <port dstActor="D0N33" name="p74" srcActor="D0N21"/>
            <port dstActor="D0N41" name="p75" srcActor="D0N21"/>
            <port dstActor="D0N39" name="p76" srcActor="D0N21"/>
            <port dstActor="D0N30" name="p77" srcActor="D0N21"/>
            <port dstActor="D0N27" name="p78" srcActor="D0N26"/>
            <port dstActor="D0N43" name="p79" srcActor="D0N26"/>
            <port dstActor="D0N47" name="p80" srcActor="D0N27"/>
            <port dstActor="D0N44" name="p81" srcActor="D0N27"/>
            <port dstActor="D0N31" name="p82" srcActor="D0N27"/>
            <port dstActor="D0N32" name="p83" srcActor="D0N27"/>
            <port dstActor="D0N39" name="p84" srcActor="D0N13"/>
            <port dstActor="D0N38" name="p85" srcActor="D0N13"/>
            <port dstActor="D0N24" name="p86" srcActor="D0N13"/>
            <port dstActor="D0N16" name="p87" srcActor="D0N13"/>
            <port dstActor="D0N6" name="p88" srcActor="D0N4"/>
            <port dstActor="D0N37" name="p89" srcActor="D0N4"/>
            <port dstActor="D0N44" name="p90" srcActor="D0N32"/>
            <port dstActor="D0N35" name="p91" srcActor="D0N32"/>
            <port dstActor="D0N19" name="p92" srcActor="D0N2"/>
            <port dstActor="D0N30" name="p93" srcActor="D0N2"/>
            <port dstActor="D0N41" name="p94" srcActor="D0N2"/>
            <port dstActor="D0N5" name="p95" srcActor="D0N2"/>
            <port dstActor="D0N45" name="p96" srcActor="D0N2"/>
            <port dstActor="D0N26" name="p97" srcActor="D0N8"/>
            <port dstActor="D0N30" name="p98" srcActor="D0N8"/>
            <port dstActor="D0N35" name="p99" srcActor="D0N8"/>
            <port dstActor="D0N17" name="p100" srcActor="D0N8"/>
            <port dstActor="D0N47" name="p101" srcActor="D0N45"/>
            <port dstActor="D0N46" name="p102" srcActor="D0N40"/>
            <port dstActor="D0N31" name="p103" srcActor="D0N28"/>
            <port dstActor="D0N30" name="p104" srcActor="D0N28"/>
            <port dstActor="D0N33" name="p105" srcActor="D0N28"/>
            <port dstActor="D0N26" name="p106" srcActor="D0N20"/>
            <port dstActor="D0N30" name="p107" srcActor="D0N20"/>
            <port dstActor="D0N45" name="p108" srcActor="D0N20"/>
            <port dstActor="D0N33" name="p109" srcActor="D0N20"/>
            <port dstActor="D0N20" name="p110" srcActor="D0N0"/>
            <port dstActor="D0N8" name="p111" srcActor="D0N0"/>
            <port dstActor="D0N19" name="p112" srcActor="D0N0"/>
            <port dstActor="D0N16" name="p113" srcActor="D0N0"/>
            <port dstActor="D0N25" name="p114" srcActor="D0N6"/>
            <port dstActor="D0N35" name="p115" srcActor="D0N6"/>
            <port dstActor="D0N39" name="p116" srcActor="D0N6"/>
            <port dstActor="D0N44" name="p117" srcActor="D0N6"/>
            <port dstActor="D0N23" name="p118" srcActor="D0N6"/>
            <port dstActor="D0N30" name="p119" srcActor="D0N6"/>
            <port dstActor="D0N45" name="p120" srcActor="D0N41"/>
            <port dstActor="D0N42" name="p121" srcActor="D0N41"/>
            <port dstActor="D0N47" name="p122" srcActor="D0N38"/>
            <port dstActor="D0N45" name="p123" srcActor="D0N38"/>
            <port dstActor="D0N41" name="p124" srcActor="D0N16"/>
            <port dstActor="D0N32" name="p125" srcActor="D0N16"/>
            <port dstActor="D0N39" name="p126" srcActor="D0N16"/>
            <port dstActor="D0N46" name="p127" srcActor="D0N16"/>
        </ports>
    </mcdag>
    <cores number="3"/>
    <levels number="2"/>
</mcsystem>
