<?xml version="1.0" encoding="UTF-8" standalone="no"?>
<mcsystem>
    <mcdag deadline="1200" name="genned-0-ed-10.0-0">
        <actor name="D0N35">
            <wcet number="0">10</wcet>
            <wcet number="1">10</wcet>
            <maxpow number="0.5847882149340609"/>
            <maxpow number="0.5847882149340609"/>
            <fprob>0.0</fprob>
        </actor>
        <actor name="D0N23">
            <wcet number="0">30</wcet>
            <wcet number="1">110</wcet>
            <maxpow number="0.5068527850899566"/>
            <maxpow number="0.5068527850899566"/>
            <fprob>0.0</fprob>
        </actor>
        <actor name="D0N22">
            <wcet number="0">50</wcet>
            <wcet number="1">130</wcet>
            <maxpow number="0.2810498963577494"/>
            <maxpow number="0.2810498963577494"/>
            <fprob>0.0</fprob>
        </actor>
        <actor name="D0N4">
            <wcet number="0">10</wcet>
            <wcet number="1">50</wcet>
            <maxpow number="0.6702784962712006"/>
            <maxpow number="0.6702784962712006"/>
            <fprob>0.0</fprob>
        </actor>
        <actor name="D0N39">
            <wcet number="0">60</wcet>
            <wcet number="1">60</wcet>
            <maxpow number="0.470258896783021"/>
            <maxpow number="0.470258896783021"/>
            <fprob>0.0</fprob>
        </actor>
        <actor name="D0N26">
            <wcet number="0">50</wcet>
            <wcet number="1">70</wcet>
            <maxpow number="0.5666890437663816"/>
            <maxpow number="0.5666890437663816"/>
            <fprob>0.0</fprob>
        </actor>
        <actor name="D0N20">
            <wcet number="0">20</wcet>
            <wcet number="1">30</wcet>
            <maxpow number="0.08055853649233569"/>
            <maxpow number="0.08055853649233569"/>
            <fprob>0.0</fprob>
        </actor>
        <actor name="D0N25">
            <wcet number="0">10</wcet>
            <wcet number="1">20</wcet>
            <maxpow number="0.31039041547752977"/>
            <maxpow number="0.31039041547752977"/>
            <fprob>0.0</fprob>
        </actor>
        <actor name="D0N31">
            <wcet number="0">20</wcet>
            <wcet number="1">60</wcet>
            <maxpow number="0.3395430086242348"/>
            <maxpow number="0.3395430086242348"/>
            <fprob>0.0</fprob>
        </actor>
        <actor name="D0N7">
            <wcet number="0">10</wcet>
            <wcet number="1">30</wcet>
            <maxpow number="0.7363227303367723"/>
            <maxpow number="0.7363227303367723"/>
            <fprob>0.0</fprob>
        </actor>
        <actor name="D0N11">
            <wcet number="0">30</wcet>
            <wcet number="1">40</wcet>
            <maxpow number="0.6551124204670828"/>
            <maxpow number="0.6551124204670828"/>
            <fprob>0.0</fprob>
        </actor>
        <actor name="D0N29">
            <wcet number="0">10</wcet>
            <wcet number="1">20</wcet>
            <maxpow number="0.5345258355664313"/>
            <maxpow number="0.5345258355664313"/>
            <fprob>0.0</fprob>
        </actor>
        <actor name="D0N27">
            <wcet number="0">40</wcet>
            <wcet number="1">40</wcet>
            <maxpow number="0.7798218855452992"/>
            <maxpow number="0.7798218855452992"/>
            <fprob>0.0</fprob>
        </actor>
        <actor name="D0N8">
            <wcet number="0">30</wcet>
            <wcet number="1">30</wcet>
            <maxpow number="0.5065985436520095"/>
            <maxpow number="0.5065985436520095"/>
            <fprob>0.0</fprob>
        </actor>
        <actor name="D0N17">
            <wcet number="0">10</wcet>
            <wcet number="1">30</wcet>
            <maxpow number="0.3990145376560684"/>
            <maxpow number="0.3990145376560684"/>
            <fprob>0.0</fprob>
        </actor>
        <actor name="D0N9">
            <wcet number="0">30</wcet>
            <wcet number="1">30</wcet>
            <maxpow number="0.31891662757461803"/>
            <maxpow number="0.31891662757461803"/>
            <fprob>0.0</fprob>
        </actor>
        <actor name="D0N5">
            <wcet number="0">100</wcet>
            <wcet number="1">150</wcet>
            <maxpow number="0.6368195935650682"/>
            <maxpow number="0.6368195935650682"/>
            <fprob>0.0</fprob>
        </actor>
        <actor name="D0N40">
            <wcet number="0">10</wcet>
            <wcet number="1">50</wcet>
            <maxpow number="0.24665664649874813"/>
            <maxpow number="0.24665664649874813"/>
            <fprob>0.0</fprob>
        </actor>
        <actor name="D0N33">
            <wcet number="0">60</wcet>
            <wcet number="1">90</wcet>
            <maxpow number="0.6853831950103011"/>
            <maxpow number="0.6853831950103011"/>
            <fprob>0.0</fprob>
        </actor>
        <actor name="D0N0">
            <wcet number="0">10</wcet>
            <wcet number="1">20</wcet>
            <maxpow number="0.7724394673558183"/>
            <maxpow number="0.7724394673558183"/>
            <fprob>0.0</fprob>
        </actor>
        <actor name="D0N2">
            <wcet number="0">30</wcet>
            <wcet number="1">30</wcet>
            <maxpow number="0.12677365370342336"/>
            <maxpow number="0.12677365370342336"/>
            <fprob>0.0</fprob>
        </actor>
        <actor name="D0N10">
            <wcet number="0">40</wcet>
            <wcet number="1">160</wcet>
            <maxpow number="0.27387247969920614"/>
            <maxpow number="0.27387247969920614"/>
            <fprob>0.0</fprob>
        </actor>
        <actor name="D0N21">
            <wcet number="0">10</wcet>
            <wcet number="1">30</wcet>
            <maxpow number="0.6190723987284875"/>
            <maxpow number="0.6190723987284875"/>
            <fprob>0.0</fprob>
        </actor>
        <actor name="D0N48">
            <wcet number="0">70</wcet>
            <wcet number="1">70</wcet>
            <maxpow number="0.011883989738939338"/>
            <maxpow number="0.011883989738939338"/>
            <fprob>0.0</fprob>
        </actor>
        <actor name="D0N12">
            <wcet number="0">10</wcet>
            <wcet number="1">20</wcet>
            <maxpow number="0.43339827153585564"/>
            <maxpow number="0.43339827153585564"/>
            <fprob>0.0</fprob>
        </actor>
        <actor name="D0N42">
            <wcet number="0">20</wcet>
            <wcet number="1">30</wcet>
            <maxpow number="0.6311888265092904"/>
            <maxpow number="0.6311888265092904"/>
            <fprob>0.0</fprob>
        </actor>
        <actor name="D0N44">
            <wcet number="0">20</wcet>
            <wcet number="1">80</wcet>
            <maxpow number="0.4801991697100112"/>
            <maxpow number="0.4801991697100112"/>
            <fprob>0.0</fprob>
        </actor>
        <actor name="D0N37">
            <wcet number="0">10</wcet>
            <wcet number="1">10</wcet>
            <maxpow number="0.9007004354866803"/>
            <maxpow number="0.9007004354866803"/>
            <fprob>0.0</fprob>
        </actor>
        <actor name="D0N45">
            <wcet number="0">30</wcet>
            <wcet number="1">30</wcet>
            <maxpow number="0.8651349115480825"/>
            <maxpow number="0.8651349115480825"/>
            <fprob>0.0</fprob>
        </actor>
        <actor name="D0N38">
            <wcet number="0">10</wcet>
            <wcet number="1">30</wcet>
            <maxpow number="0.3976429810184927"/>
            <maxpow number="0.3976429810184927"/>
            <fprob>0.0</fprob>
        </actor>
        <actor name="D0N13">
            <wcet number="0">10</wcet>
            <wcet number="1">20</wcet>
            <maxpow number="0.4779138965524876"/>
            <maxpow number="0.4779138965524876"/>
            <fprob>0.0</fprob>
        </actor>
        <actor name="D0N46">
            <wcet number="0">30</wcet>
            <wcet number="1">30</wcet>
            <maxpow number="0.21851819494313085"/>
            <maxpow number="0.21851819494313085"/>
            <fprob>0.0</fprob>
        </actor>
        <actor name="D0N47">
            <wcet number="0">80</wcet>
            <wcet number="1">120</wcet>
            <maxpow number="0.43902386799140597"/>
            <maxpow number="0.43902386799140597"/>
            <fprob>0.0</fprob>
        </actor>
        <actor name="D0N16">
            <wcet number="0">10</wcet>
            <wcet number="1">10</wcet>
            <maxpow number="0.716360450402298"/>
            <maxpow number="0.716360450402298"/>
            <fprob>0.0</fprob>
        </actor>
        <actor name="D0N6">
            <wcet number="0">10</wcet>
            <wcet number="1">30</wcet>
            <maxpow number="0.4221526989205293"/>
            <maxpow number="0.4221526989205293"/>
            <fprob>0.0</fprob>
        </actor>
        <actor name="D0N30">
            <wcet number="0">10</wcet>
            <wcet number="1">10</wcet>
            <maxpow number="0.621212532689057"/>
            <maxpow number="0.621212532689057"/>
            <fprob>0.0</fprob>
        </actor>
        <actor name="D0N36">
            <wcet number="0">40</wcet>
            <wcet number="1">40</wcet>
            <maxpow number="0.42527085739942605"/>
            <maxpow number="0.42527085739942605"/>
            <fprob>0.0</fprob>
        </actor>
        <actor name="D0N19">
            <wcet number="0">30</wcet>
            <wcet number="1">40</wcet>
            <maxpow number="0.444704055580411"/>
            <maxpow number="0.444704055580411"/>
            <fprob>0.0</fprob>
        </actor>
        <actor name="D0N34">
            <wcet number="0">120</wcet>
            <wcet number="1">230</wcet>
            <maxpow number="0.776636979306826"/>
            <maxpow number="0.776636979306826"/>
            <fprob>0.0</fprob>
        </actor>
        <actor name="D0N15">
            <wcet number="0">10</wcet>
            <wcet number="1">40</wcet>
            <maxpow number="0.6519632459053234"/>
            <maxpow number="0.6519632459053234"/>
            <fprob>0.0</fprob>
        </actor>
        <actor name="D0N14">
            <wcet number="0">210</wcet>
            <wcet number="1">210</wcet>
            <maxpow number="0.3357700690198849"/>
            <maxpow number="0.3357700690198849"/>
            <fprob>0.0</fprob>
        </actor>
        <actor name="D0N1">
            <wcet number="0">100</wcet>
            <wcet number="1">120</wcet>
            <maxpow number="0.5785780933853037"/>
            <maxpow number="0.5785780933853037"/>
            <fprob>0.0</fprob>
        </actor>
        <actor name="D0N3">
            <wcet number="0">140</wcet>
            <wcet number="1">150</wcet>
            <maxpow number="0.3213374953383027"/>
            <maxpow number="0.3213374953383027"/>
            <fprob>0.0</fprob>
        </actor>
        <actor name="D0N18">
            <wcet number="0">10</wcet>
            <wcet number="1">10</wcet>
            <maxpow number="0.02101052727613717"/>
            <maxpow number="0.02101052727613717"/>
            <fprob>0.0</fprob>
        </actor>
        <actor name="D0N41">
            <wcet number="0">20</wcet>
            <wcet number="1">70</wcet>
            <maxpow number="0.47031752754491807"/>
            <maxpow number="0.47031752754491807"/>
            <fprob>0.0</fprob>
        </actor>
        <actor name="D0N32">
            <wcet number="0">10</wcet>
            <wcet number="1">140</wcet>
            <maxpow number="0.7714952460502871"/>
            <maxpow number="0.7714952460502871"/>
            <fprob>0.0</fprob>
        </actor>
        <actor name="D0N43">
            <wcet number="0">40</wcet>
            <wcet number="1">120</wcet>
            <maxpow number="0.45193551608876215"/>
            <maxpow number="0.45193551608876215"/>
            <fprob>0.0</fprob>
        </actor>
        <actor name="D0N24">
            <wcet number="0">20</wcet>
            <wcet number="1">30</wcet>
            <maxpow number="0.4961107077701853"/>
            <maxpow number="0.4961107077701853"/>
            <fprob>0.0</fprob>
        </actor>
        <actor name="D0N28">
            <wcet number="0">10</wcet>
            <wcet number="1">20</wcet>
            <maxpow number="0.5620323535545829"/>
            <maxpow number="0.5620323535545829"/>
            <fprob>0.0</fprob>
        </actor>
        <ports>
            <port dstActor="D0N45" name="p0" srcActor="D0N35"/>
            <port dstActor="D0N45" name="p1" srcActor="D0N23"/>
            <port dstActor="D0N27" name="p2" srcActor="D0N23"/>
            <port dstActor="D0N40" name="p3" srcActor="D0N23"/>
            <port dstActor="D0N37" name="p4" srcActor="D0N22"/>
            <port dstActor="D0N32" name="p5" srcActor="D0N22"/>
            <port dstActor="D0N44" name="p6" srcActor="D0N22"/>
            <port dstActor="D0N39" name="p7" srcActor="D0N22"/>
            <port dstActor="D0N41" name="p8" srcActor="D0N22"/>
            <port dstActor="D0N38" name="p9" srcActor="D0N4"/>
            <port dstActor="D0N16" name="p10" srcActor="D0N4"/>
            <port dstActor="D0N46" name="p11" srcActor="D0N4"/>
            <port dstActor="D0N43" name="p12" srcActor="D0N39"/>
            <port dstActor="D0N29" name="p13" srcActor="D0N26"/>
            <port dstActor="D0N31" name="p14" srcActor="D0N20"/>
            <port dstActor="D0N48" name="p15" srcActor="D0N20"/>
            <port dstActor="D0N26" name="p16" srcActor="D0N25"/>
            <port dstActor="D0N27" name="p17" srcActor="D0N25"/>
            <port dstActor="D0N44" name="p18" srcActor="D0N25"/>
            <port dstActor="D0N43" name="p19" srcActor="D0N31"/>
            <port dstActor="D0N29" name="p20" srcActor="D0N7"/>
            <port dstActor="D0N34" name="p21" srcActor="D0N7"/>
            <port dstActor="D0N21" name="p22" srcActor="D0N7"/>
            <port dstActor="D0N35" name="p23" srcActor="D0N7"/>
            <port dstActor="D0N40" name="p24" srcActor="D0N7"/>
            <port dstActor="D0N44" name="p25" srcActor="D0N7"/>
            <port dstActor="D0N23" name="p26" srcActor="D0N7"/>
            <port dstActor="D0N14" name="p27" srcActor="D0N11"/>
            <port dstActor="D0N33" name="p28" srcActor="D0N29"/>
            <port dstActor="D0N34" name="p29" srcActor="D0N27"/>
            <port dstActor="D0N37" name="p30" srcActor="D0N27"/>
            <port dstActor="D0N20" name="p31" srcActor="D0N8"/>
            <port dstActor="D0N43" name="p32" srcActor="D0N17"/>
            <port dstActor="D0N35" name="p33" srcActor="D0N17"/>
            <port dstActor="D0N25" name="p34" srcActor="D0N17"/>
            <port dstActor="D0N27" name="p35" srcActor="D0N17"/>
            <port dstActor="D0N31" name="p36" srcActor="D0N17"/>
            <port dstActor="D0N44" name="p37" srcActor="D0N17"/>
            <port dstActor="D0N19" name="p38" srcActor="D0N9"/>
            <port dstActor="D0N33" name="p39" srcActor="D0N9"/>
            <port dstActor="D0N46" name="p40" srcActor="D0N9"/>
            <port dstActor="D0N31" name="p41" srcActor="D0N9"/>
            <port dstActor="D0N40" name="p42" srcActor="D0N9"/>
            <port dstActor="D0N24" name="p43" srcActor="D0N5"/>
            <port dstActor="D0N25" name="p44" srcActor="D0N5"/>
            <port dstActor="D0N32" name="p45" srcActor="D0N5"/>
            <port dstActor="D0N27" name="p46" srcActor="D0N5"/>
            <port dstActor="D0N28" name="p47" srcActor="D0N5"/>
            <port dstActor="D0N8" name="p48" srcActor="D0N5"/>
            <port dstActor="D0N43" name="p49" srcActor="D0N5"/>
            <port dstActor="D0N46" name="p50" srcActor="D0N5"/>
            <port dstActor="D0N43" name="p51" srcActor="D0N40"/>
            <port dstActor="D0N36" name="p52" srcActor="D0N33"/>
            <port dstActor="D0N19" name="p53" srcActor="D0N0"/>
            <port dstActor="D0N24" name="p54" srcActor="D0N0"/>
            <port dstActor="D0N5" name="p55" srcActor="D0N0"/>
            <port dstActor="D0N15" name="p56" srcActor="D0N0"/>
            <port dstActor="D0N37" name="p57" srcActor="D0N0"/>
            <port dstActor="D0N5" name="p58" srcActor="D0N2"/>
            <port dstActor="D0N8" name="p59" srcActor="D0N2"/>
            <port dstActor="D0N20" name="p60" srcActor="D0N2"/>
            <port dstActor="D0N4" name="p61" srcActor="D0N2"/>
            <port dstActor="D0N39" name="p62" srcActor="D0N2"/>
            <port dstActor="D0N36" name="p63" srcActor="D0N10"/>
            <port dstActor="D0N42" name="p64" srcActor="D0N10"/>
            <port dstActor="D0N45" name="p65" srcActor="D0N10"/>
            <port dstActor="D0N39" name="p66" srcActor="D0N21"/>
            <port dstActor="D0N42" name="p67" srcActor="D0N21"/>
            <port dstActor="D0N23" name="p68" srcActor="D0N21"/>
            <port dstActor="D0N24" name="p69" srcActor="D0N12"/>
            <port dstActor="D0N36" name="p70" srcActor="D0N13"/>
            <port dstActor="D0N38" name="p71" srcActor="D0N13"/>
            <port dstActor="D0N41" name="p72" srcActor="D0N13"/>
            <port dstActor="D0N18" name="p73" srcActor="D0N13"/>
            <port dstActor="D0N48" name="p74" srcActor="D0N46"/>
            <port dstActor="D0N44" name="p75" srcActor="D0N16"/>
            <port dstActor="D0N25" name="p76" srcActor="D0N16"/>
            <port dstActor="D0N20" name="p77" srcActor="D0N6"/>
            <port dstActor="D0N27" name="p78" srcActor="D0N6"/>
            <port dstActor="D0N31" name="p79" srcActor="D0N6"/>
            <port dstActor="D0N40" name="p80" srcActor="D0N6"/>
            <port dstActor="D0N43" name="p81" srcActor="D0N30"/>
            <port dstActor="D0N47" name="p82" srcActor="D0N36"/>
            <port dstActor="D0N40" name="p83" srcActor="D0N36"/>
            <port dstActor="D0N42" name="p84" srcActor="D0N36"/>
            <port dstActor="D0N36" name="p85" srcActor="D0N34"/>
            <port dstActor="D0N16" name="p86" srcActor="D0N15"/>
            <port dstActor="D0N28" name="p87" srcActor="D0N15"/>
            <port dstActor="D0N31" name="p88" srcActor="D0N15"/>
            <port dstActor="D0N32" name="p89" srcActor="D0N15"/>
            <port dstActor="D0N39" name="p90" srcActor="D0N15"/>
            <port dstActor="D0N18" name="p91" srcActor="D0N15"/>
            <port dstActor="D0N46" name="p92" srcActor="D0N15"/>
            <port dstActor="D0N19" name="p93" srcActor="D0N14"/>
            <port dstActor="D0N32" name="p94" srcActor="D0N14"/>
            <port dstActor="D0N29" name="p95" srcActor="D0N14"/>
            <port dstActor="D0N41" name="p96" srcActor="D0N1"/>
            <port dstActor="D0N44" name="p97" srcActor="D0N1"/>
            <port dstActor="D0N11" name="p98" srcActor="D0N1"/>
            <port dstActor="D0N15" name="p99" srcActor="D0N1"/>
            <port dstActor="D0N19" name="p100" srcActor="D0N1"/>
            <port dstActor="D0N24" name="p101" srcActor="D0N1"/>
            <port dstActor="D0N19" name="p102" srcActor="D0N3"/>
            <port dstActor="D0N22" name="p103" srcActor="D0N18"/>
            <port dstActor="D0N37" name="p104" srcActor="D0N18"/>
            <port dstActor="D0N20" name="p105" srcActor="D0N18"/>
            <port dstActor="D0N42" name="p106" srcActor="D0N32"/>
            <port dstActor="D0N31" name="p107" srcActor="D0N24"/>
            <port dstActor="D0N38" name="p108" srcActor="D0N28"/>
        </ports>
    </mcdag>
    <cores number="3"/>
    <levels number="2"/>
</mcsystem>
