<?xml version="1.0" encoding="UTF-8" standalone="no"?>
<mcsystem>
    <mcdag deadline="4000" name="genned-0-ed-10.0-0">
        <actor name="D0N27">
            <wcet number="0">220</wcet>
            <wcet number="1">440</wcet>
            <maxpow number="0.5875140447949624"/>
            <maxpow number="0.5875140447949624"/>
            <fprob>0.0</fprob>
        </actor>
        <actor name="D0N38">
            <wcet number="0">40</wcet>
            <wcet number="1">150</wcet>
            <maxpow number="0.6039294626824177"/>
            <maxpow number="0.6039294626824177"/>
            <fprob>0.0</fprob>
        </actor>
        <actor name="D0N1">
            <wcet number="0">30</wcet>
            <wcet number="1">30</wcet>
            <maxpow number="0.6621587374904125"/>
            <maxpow number="0.6621587374904125"/>
            <fprob>0.0</fprob>
        </actor>
        <actor name="D0N22">
            <wcet number="0">490</wcet>
            <wcet number="1">590</wcet>
            <maxpow number="0.5568780291212432"/>
            <maxpow number="0.5568780291212432"/>
            <fprob>0.0</fprob>
        </actor>
        <actor name="D0N39">
            <wcet number="0">140</wcet>
            <wcet number="1">140</wcet>
            <maxpow number="0.5080097599010456"/>
            <maxpow number="0.5080097599010456"/>
            <fprob>0.0</fprob>
        </actor>
        <actor name="D0N44">
            <wcet number="0">10</wcet>
            <wcet number="1">10</wcet>
            <maxpow number="0.1716938172631966"/>
            <maxpow number="0.1716938172631966"/>
            <fprob>0.0</fprob>
        </actor>
        <actor name="D0N40">
            <wcet number="0">60</wcet>
            <wcet number="1">230</wcet>
            <maxpow number="0.6384052435581212"/>
            <maxpow number="0.6384052435581212"/>
            <fprob>0.0</fprob>
        </actor>
        <actor name="D0N42">
            <wcet number="0">10</wcet>
            <wcet number="1">20</wcet>
            <maxpow number="0.6669270997240744"/>
            <maxpow number="0.6669270997240744"/>
            <fprob>0.0</fprob>
        </actor>
        <actor name="D0N12">
            <wcet number="0">260</wcet>
            <wcet number="1">270</wcet>
            <maxpow number="0.528156762181195"/>
            <maxpow number="0.528156762181195"/>
            <fprob>0.0</fprob>
        </actor>
        <actor name="D0N8">
            <wcet number="0">150</wcet>
            <wcet number="1">420</wcet>
            <maxpow number="0.5390680042716766"/>
            <maxpow number="0.5390680042716766"/>
            <fprob>0.0</fprob>
        </actor>
        <actor name="D0N45">
            <wcet number="0">30</wcet>
            <wcet number="1">130</wcet>
            <maxpow number="0.3049101071588324"/>
            <maxpow number="0.3049101071588324"/>
            <fprob>0.0</fprob>
        </actor>
        <actor name="D0N47">
            <wcet number="0">170</wcet>
            <wcet number="1">310</wcet>
            <maxpow number="0.7216839628992483"/>
            <maxpow number="0.7216839628992483"/>
            <fprob>0.0</fprob>
        </actor>
        <actor name="D0N5">
            <wcet number="0">110</wcet>
            <wcet number="1">220</wcet>
            <maxpow number="0.50701158517761"/>
            <maxpow number="0.50701158517761"/>
            <fprob>0.0</fprob>
        </actor>
        <actor name="D0N41">
            <wcet number="0">10</wcet>
            <wcet number="1">40</wcet>
            <maxpow number="0.3830877364811418"/>
            <maxpow number="0.3830877364811418"/>
            <fprob>0.0</fprob>
        </actor>
        <actor name="D0N13">
            <wcet number="0">100</wcet>
            <wcet number="1">230</wcet>
            <maxpow number="0.3640138917005964"/>
            <maxpow number="0.3640138917005964"/>
            <fprob>0.0</fprob>
        </actor>
        <actor name="D0N14">
            <wcet number="0">70</wcet>
            <wcet number="1">90</wcet>
            <maxpow number="0.4795832940227278"/>
            <maxpow number="0.4795832940227278"/>
            <fprob>0.0</fprob>
        </actor>
        <actor name="D0N33">
            <wcet number="0">20</wcet>
            <wcet number="1">320</wcet>
            <maxpow number="0.4021183257160671"/>
            <maxpow number="0.4021183257160671"/>
            <fprob>0.0</fprob>
        </actor>
        <actor name="D0N2">
            <wcet number="0">160</wcet>
            <wcet number="1">330</wcet>
            <maxpow number="0.6042567552538605"/>
            <maxpow number="0.6042567552538605"/>
            <fprob>0.0</fprob>
        </actor>
        <actor name="D0N31">
            <wcet number="0">110</wcet>
            <wcet number="1">110</wcet>
            <maxpow number="0.3785446855365683"/>
            <maxpow number="0.3785446855365683"/>
            <fprob>0.0</fprob>
        </actor>
        <actor name="D0N26">
            <wcet number="0">270</wcet>
            <wcet number="1">320</wcet>
            <maxpow number="0.417365344798327"/>
            <maxpow number="0.417365344798327"/>
            <fprob>0.0</fprob>
        </actor>
        <actor name="D0N36">
            <wcet number="0">70</wcet>
            <wcet number="1">70</wcet>
            <maxpow number="0.4383062620895695"/>
            <maxpow number="0.4383062620895695"/>
            <fprob>0.0</fprob>
        </actor>
        <actor name="D0N9">
            <wcet number="0">40</wcet>
            <wcet number="1">60</wcet>
            <maxpow number="0.2857947777821896"/>
            <maxpow number="0.2857947777821896"/>
            <fprob>0.0</fprob>
        </actor>
        <actor name="D0N16">
            <wcet number="0">50</wcet>
            <wcet number="1">60</wcet>
            <maxpow number="0.4292258278767816"/>
            <maxpow number="0.4292258278767816"/>
            <fprob>0.0</fprob>
        </actor>
        <actor name="D0N10">
            <wcet number="0">250</wcet>
            <wcet number="1">300</wcet>
            <maxpow number="0.7741144134469259"/>
            <maxpow number="0.7741144134469259"/>
            <fprob>0.0</fprob>
        </actor>
        <actor name="D0N7">
            <wcet number="0">10</wcet>
            <wcet number="1">420</wcet>
            <maxpow number="0.39244616779534747"/>
            <maxpow number="0.39244616779534747"/>
            <fprob>0.0</fprob>
        </actor>
        <actor name="D0N30">
            <wcet number="0">30</wcet>
            <wcet number="1">90</wcet>
            <maxpow number="0.7078092099427022"/>
            <maxpow number="0.7078092099427022"/>
            <fprob>0.0</fprob>
        </actor>
        <actor name="D0N4">
            <wcet number="0">100</wcet>
            <wcet number="1">300</wcet>
            <maxpow number="0.4392063181945521"/>
            <maxpow number="0.4392063181945521"/>
            <fprob>0.0</fprob>
        </actor>
        <actor name="D0N20">
            <wcet number="0">250</wcet>
            <wcet number="1">350</wcet>
            <maxpow number="0.7593833867589792"/>
            <maxpow number="0.7593833867589792"/>
            <fprob>0.0</fprob>
        </actor>
        <actor name="D0N28">
            <wcet number="0">20</wcet>
            <wcet number="1">30</wcet>
            <maxpow number="0.5248106717767004"/>
            <maxpow number="0.5248106717767004"/>
            <fprob>0.0</fprob>
        </actor>
        <actor name="D0N24">
            <wcet number="0">10</wcet>
            <wcet number="1">10</wcet>
            <maxpow number="0.593733651157413"/>
            <maxpow number="0.593733651157413"/>
            <fprob>0.0</fprob>
        </actor>
        <actor name="D0N29">
            <wcet number="0">10</wcet>
            <wcet number="1">100</wcet>
            <maxpow number="0.6376362155699135"/>
            <maxpow number="0.6376362155699135"/>
            <fprob>0.0</fprob>
        </actor>
        <actor name="D0N32">
            <wcet number="0">50</wcet>
            <wcet number="1">70</wcet>
            <maxpow number="0.5309053900119589"/>
            <maxpow number="0.5309053900119589"/>
            <fprob>0.0</fprob>
        </actor>
        <actor name="D0N34">
            <wcet number="0">30</wcet>
            <wcet number="1">50</wcet>
            <maxpow number="0.5675303265276128"/>
            <maxpow number="0.5675303265276128"/>
            <fprob>0.0</fprob>
        </actor>
        <actor name="D0N48">
            <wcet number="0">530</wcet>
            <wcet number="1">710</wcet>
            <maxpow number="0.5181918362579974"/>
            <maxpow number="0.5181918362579974"/>
            <fprob>0.0</fprob>
        </actor>
        <actor name="D0N21">
            <wcet number="0">60</wcet>
            <wcet number="1">80</wcet>
            <maxpow number="0.6990768371959212"/>
            <maxpow number="0.6990768371959212"/>
            <fprob>0.0</fprob>
        </actor>
        <actor name="D0N46">
            <wcet number="0">50</wcet>
            <wcet number="1">120</wcet>
            <maxpow number="0.6280718680819779"/>
            <maxpow number="0.6280718680819779"/>
            <fprob>0.0</fprob>
        </actor>
        <actor name="D0N19">
            <wcet number="0">180</wcet>
            <wcet number="1">200</wcet>
            <maxpow number="0.6781650989731024"/>
            <maxpow number="0.6781650989731024"/>
            <fprob>0.0</fprob>
        </actor>
        <actor name="D0N11">
            <wcet number="0">70</wcet>
            <wcet number="1">420</wcet>
            <maxpow number="0.64590156775318"/>
            <maxpow number="0.64590156775318"/>
            <fprob>0.0</fprob>
        </actor>
        <actor name="D0N37">
            <wcet number="0">70</wcet>
            <wcet number="1">90</wcet>
            <maxpow number="0.6161900390343142"/>
            <maxpow number="0.6161900390343142"/>
            <fprob>0.0</fprob>
        </actor>
        <actor name="D0N15">
            <wcet number="0">100</wcet>
            <wcet number="1">170</wcet>
            <maxpow number="0.6486415683429171"/>
            <maxpow number="0.6486415683429171"/>
            <fprob>0.0</fprob>
        </actor>
        <actor name="D0N35">
            <wcet number="0">70</wcet>
            <wcet number="1">80</wcet>
            <maxpow number="0.3614186199749085"/>
            <maxpow number="0.3614186199749085"/>
            <fprob>0.0</fprob>
        </actor>
        <actor name="D0N43">
            <wcet number="0">310</wcet>
            <wcet number="1">370</wcet>
            <maxpow number="0.6870960893524288"/>
            <maxpow number="0.6870960893524288"/>
            <fprob>0.0</fprob>
        </actor>
        <actor name="D0N3">
            <wcet number="0">10</wcet>
            <wcet number="1">160</wcet>
            <maxpow number="0.5463600538517432"/>
            <maxpow number="0.5463600538517432"/>
            <fprob>0.0</fprob>
        </actor>
        <actor name="D0N25">
            <wcet number="0">10</wcet>
            <wcet number="1">30</wcet>
            <maxpow number="0.7422897168025699"/>
            <maxpow number="0.7422897168025699"/>
            <fprob>0.0</fprob>
        </actor>
        <actor name="D0N23">
            <wcet number="0">180</wcet>
            <wcet number="1">220</wcet>
            <maxpow number="0.5315866011875806"/>
            <maxpow number="0.5315866011875806"/>
            <fprob>0.0</fprob>
        </actor>
        <actor name="D0N0">
            <wcet number="0">10</wcet>
            <wcet number="1">10</wcet>
            <maxpow number="0.6042970280688205"/>
            <maxpow number="0.6042970280688205"/>
            <fprob>0.0</fprob>
        </actor>
        <actor name="D0N6">
            <wcet number="0">440</wcet>
            <wcet number="1">480</wcet>
            <maxpow number="0.3866373174990507"/>
            <maxpow number="0.3866373174990507"/>
            <fprob>0.0</fprob>
        </actor>
        <actor name="D0N17">
            <wcet number="0">60</wcet>
            <wcet number="1">60</wcet>
            <maxpow number="0.7950332241553552"/>
            <maxpow number="0.7950332241553552"/>
            <fprob>0.0</fprob>
        </actor>
        <actor name="D0N18">
            <wcet number="0">20</wcet>
            <wcet number="1">90</wcet>
            <maxpow number="0.7405263124836152"/>
            <maxpow number="0.7405263124836152"/>
            <fprob>0.0</fprob>
        </actor>
        <ports>
            <port dstActor="D0N41" name="p0" srcActor="D0N27"/>
            <port dstActor="D0N35" name="p1" srcActor="D0N27"/>
            <port dstActor="D0N36" name="p2" srcActor="D0N27"/>
            <port dstActor="D0N42" name="p3" srcActor="D0N27"/>
            <port dstActor="D0N24" name="p4" srcActor="D0N1"/>
            <port dstActor="D0N14" name="p5" srcActor="D0N1"/>
            <port dstActor="D0N25" name="p6" srcActor="D0N1"/>
            <port dstActor="D0N21" name="p7" srcActor="D0N1"/>
            <port dstActor="D0N19" name="p8" srcActor="D0N1"/>
            <port dstActor="D0N45" name="p9" srcActor="D0N22"/>
            <port dstActor="D0N33" name="p10" srcActor="D0N22"/>
            <port dstActor="D0N43" name="p11" srcActor="D0N39"/>
            <port dstActor="D0N28" name="p12" srcActor="D0N12"/>
            <port dstActor="D0N30" name="p13" srcActor="D0N12"/>
            <port dstActor="D0N14" name="p14" srcActor="D0N8"/>
            <port dstActor="D0N16" name="p15" srcActor="D0N8"/>
            <port dstActor="D0N48" name="p16" srcActor="D0N47"/>
            <port dstActor="D0N27" name="p17" srcActor="D0N5"/>
            <port dstActor="D0N30" name="p18" srcActor="D0N5"/>
            <port dstActor="D0N11" name="p19" srcActor="D0N5"/>
            <port dstActor="D0N43" name="p20" srcActor="D0N41"/>
            <port dstActor="D0N40" name="p21" srcActor="D0N13"/>
            <port dstActor="D0N25" name="p22" srcActor="D0N13"/>
            <port dstActor="D0N26" name="p23" srcActor="D0N13"/>
            <port dstActor="D0N19" name="p24" srcActor="D0N13"/>
            <port dstActor="D0N22" name="p25" srcActor="D0N13"/>
            <port dstActor="D0N42" name="p26" srcActor="D0N13"/>
            <port dstActor="D0N39" name="p27" srcActor="D0N14"/>
            <port dstActor="D0N25" name="p28" srcActor="D0N14"/>
            <port dstActor="D0N45" name="p29" srcActor="D0N33"/>
            <port dstActor="D0N35" name="p30" srcActor="D0N33"/>
            <port dstActor="D0N3" name="p31" srcActor="D0N2"/>
            <port dstActor="D0N24" name="p32" srcActor="D0N2"/>
            <port dstActor="D0N35" name="p33" srcActor="D0N31"/>
            <port dstActor="D0N48" name="p34" srcActor="D0N26"/>
            <port dstActor="D0N39" name="p35" srcActor="D0N36"/>
            <port dstActor="D0N42" name="p36" srcActor="D0N36"/>
            <port dstActor="D0N38" name="p37" srcActor="D0N9"/>
            <port dstActor="D0N40" name="p38" srcActor="D0N16"/>
            <port dstActor="D0N25" name="p39" srcActor="D0N16"/>
            <port dstActor="D0N43" name="p40" srcActor="D0N16"/>
            <port dstActor="D0N31" name="p41" srcActor="D0N16"/>
            <port dstActor="D0N14" name="p42" srcActor="D0N10"/>
            <port dstActor="D0N41" name="p43" srcActor="D0N7"/>
            <port dstActor="D0N36" name="p44" srcActor="D0N30"/>
            <port dstActor="D0N48" name="p45" srcActor="D0N30"/>
            <port dstActor="D0N27" name="p46" srcActor="D0N4"/>
            <port dstActor="D0N17" name="p47" srcActor="D0N4"/>
            <port dstActor="D0N45" name="p48" srcActor="D0N20"/>
            <port dstActor="D0N35" name="p49" srcActor="D0N20"/>
            <port dstActor="D0N37" name="p50" srcActor="D0N20"/>
            <port dstActor="D0N42" name="p51" srcActor="D0N28"/>
            <port dstActor="D0N30" name="p52" srcActor="D0N28"/>
            <port dstActor="D0N28" name="p53" srcActor="D0N24"/>
            <port dstActor="D0N27" name="p54" srcActor="D0N24"/>
            <port dstActor="D0N40" name="p55" srcActor="D0N32"/>
            <port dstActor="D0N33" name="p56" srcActor="D0N32"/>
            <port dstActor="D0N36" name="p57" srcActor="D0N34"/>
            <port dstActor="D0N42" name="p58" srcActor="D0N34"/>
            <port dstActor="D0N37" name="p59" srcActor="D0N21"/>
            <port dstActor="D0N40" name="p60" srcActor="D0N21"/>
            <port dstActor="D0N24" name="p61" srcActor="D0N21"/>
            <port dstActor="D0N43" name="p62" srcActor="D0N21"/>
            <port dstActor="D0N47" name="p63" srcActor="D0N21"/>
            <port dstActor="D0N20" name="p64" srcActor="D0N19"/>
            <port dstActor="D0N47" name="p65" srcActor="D0N19"/>
            <port dstActor="D0N33" name="p66" srcActor="D0N19"/>
            <port dstActor="D0N32" name="p67" srcActor="D0N11"/>
            <port dstActor="D0N39" name="p68" srcActor="D0N11"/>
            <port dstActor="D0N41" name="p69" srcActor="D0N11"/>
            <port dstActor="D0N39" name="p70" srcActor="D0N37"/>
            <port dstActor="D0N27" name="p71" srcActor="D0N15"/>
            <port dstActor="D0N35" name="p72" srcActor="D0N15"/>
            <port dstActor="D0N20" name="p73" srcActor="D0N15"/>
            <port dstActor="D0N30" name="p74" srcActor="D0N15"/>
            <port dstActor="D0N42" name="p75" srcActor="D0N15"/>
            <port dstActor="D0N23" name="p76" srcActor="D0N15"/>
            <port dstActor="D0N46" name="p77" srcActor="D0N35"/>
            <port dstActor="D0N40" name="p78" srcActor="D0N35"/>
            <port dstActor="D0N47" name="p79" srcActor="D0N35"/>
            <port dstActor="D0N46" name="p80" srcActor="D0N43"/>
            <port dstActor="D0N47" name="p81" srcActor="D0N43"/>
            <port dstActor="D0N5" name="p82" srcActor="D0N3"/>
            <port dstActor="D0N19" name="p83" srcActor="D0N3"/>
            <port dstActor="D0N48" name="p84" srcActor="D0N3"/>
            <port dstActor="D0N17" name="p85" srcActor="D0N3"/>
            <port dstActor="D0N27" name="p86" srcActor="D0N25"/>
            <port dstActor="D0N28" name="p87" srcActor="D0N25"/>
            <port dstActor="D0N36" name="p88" srcActor="D0N25"/>
            <port dstActor="D0N11" name="p89" srcActor="D0N0"/>
            <port dstActor="D0N42" name="p90" srcActor="D0N0"/>
            <port dstActor="D0N16" name="p91" srcActor="D0N0"/>
            <port dstActor="D0N37" name="p92" srcActor="D0N0"/>
            <port dstActor="D0N33" name="p93" srcActor="D0N0"/>
            <port dstActor="D0N19" name="p94" srcActor="D0N17"/>
            <port dstActor="D0N29" name="p95" srcActor="D0N17"/>
            <port dstActor="D0N45" name="p96" srcActor="D0N18"/>
            <port dstActor="D0N25" name="p97" srcActor="D0N18"/>
            <port dstActor="D0N34" name="p98" srcActor="D0N18"/>
            <port dstActor="D0N23" name="p99" srcActor="D0N18"/>
        </ports>
    </mcdag>
    <cores number="3"/>
    <levels number="2"/>
</mcsystem>
