<?xml version="1.0" encoding="UTF-8" standalone="no"?>
<mcsystem>
    <mcdag deadline="1800" name="genned-0-ed-10.0-0">
        <actor name="D0N42">
            <wcet number="0">20</wcet>
            <wcet number="1">20</wcet>
            <maxpow number="0.8115496216809733"/>
            <maxpow number="0.8115496216809733"/>
            <fprob>0.0</fprob>
        </actor>
        <actor name="D0N37">
            <wcet number="0">20</wcet>
            <wcet number="1">30</wcet>
            <maxpow number="0.30841715970314376"/>
            <maxpow number="0.30841715970314376"/>
            <fprob>0.0</fprob>
        </actor>
        <actor name="D0N39">
            <wcet number="0">210</wcet>
            <wcet number="1">250</wcet>
            <maxpow number="0.5362113756349787"/>
            <maxpow number="0.5362113756349787"/>
            <fprob>0.0</fprob>
        </actor>
        <actor name="D0N29">
            <wcet number="0">30</wcet>
            <wcet number="1">50</wcet>
            <maxpow number="0.9174423143774999"/>
            <maxpow number="0.9174423143774999"/>
            <fprob>0.0</fprob>
        </actor>
        <actor name="D0N10">
            <wcet number="0">150</wcet>
            <wcet number="1">150</wcet>
            <maxpow number="0.43526179832689543"/>
            <maxpow number="0.43526179832689543"/>
            <fprob>0.0</fprob>
        </actor>
        <actor name="D0N14">
            <wcet number="0">50</wcet>
            <wcet number="1">50</wcet>
            <maxpow number="0.6636162319902559"/>
            <maxpow number="0.6636162319902559"/>
            <fprob>0.0</fprob>
        </actor>
        <actor name="D0N27">
            <wcet number="0">50</wcet>
            <wcet number="1">80</wcet>
            <maxpow number="0.6139405427996686"/>
            <maxpow number="0.6139405427996686"/>
            <fprob>0.0</fprob>
        </actor>
        <actor name="D0N24">
            <wcet number="0">50</wcet>
            <wcet number="1">50</wcet>
            <maxpow number="0.1887335893561024"/>
            <maxpow number="0.1887335893561024"/>
            <fprob>0.0</fprob>
        </actor>
        <actor name="D0N32">
            <wcet number="0">70</wcet>
            <wcet number="1">430</wcet>
            <maxpow number="0.8532098241000841"/>
            <maxpow number="0.8532098241000841"/>
            <fprob>0.0</fprob>
        </actor>
        <actor name="D0N26">
            <wcet number="0">60</wcet>
            <wcet number="1">120</wcet>
            <maxpow number="0.8519619391884384"/>
            <maxpow number="0.8519619391884384"/>
            <fprob>0.0</fprob>
        </actor>
        <actor name="D0N18">
            <wcet number="0">20</wcet>
            <wcet number="1">40</wcet>
            <maxpow number="0.443280317013508"/>
            <maxpow number="0.443280317013508"/>
            <fprob>0.0</fprob>
        </actor>
        <actor name="D0N22">
            <wcet number="0">10</wcet>
            <wcet number="1">20</wcet>
            <maxpow number="0.5762834504423787"/>
            <maxpow number="0.5762834504423787"/>
            <fprob>0.0</fprob>
        </actor>
        <actor name="D0N2">
            <wcet number="0">150</wcet>
            <wcet number="1">210</wcet>
            <maxpow number="0.5828479669508461"/>
            <maxpow number="0.5828479669508461"/>
            <fprob>0.0</fprob>
        </actor>
        <actor name="D0N5">
            <wcet number="0">40</wcet>
            <wcet number="1">40</wcet>
            <maxpow number="0.5834747021522136"/>
            <maxpow number="0.5834747021522136"/>
            <fprob>0.0</fprob>
        </actor>
        <actor name="D0N38">
            <wcet number="0">20</wcet>
            <wcet number="1">50</wcet>
            <maxpow number="0.7728802662948392"/>
            <maxpow number="0.7728802662948392"/>
            <fprob>0.0</fprob>
        </actor>
        <actor name="D0N9">
            <wcet number="0">110</wcet>
            <wcet number="1">450</wcet>
            <maxpow number="0.5561223946446603"/>
            <maxpow number="0.5561223946446603"/>
            <fprob>0.0</fprob>
        </actor>
        <actor name="D0N40">
            <wcet number="0">50</wcet>
            <wcet number="1">70</wcet>
            <maxpow number="0.6314100452100225"/>
            <maxpow number="0.6314100452100225"/>
            <fprob>0.0</fprob>
        </actor>
        <actor name="D0N13">
            <wcet number="0">50</wcet>
            <wcet number="1">160</wcet>
            <maxpow number="0.5017268280065812"/>
            <maxpow number="0.5017268280065812"/>
            <fprob>0.0</fprob>
        </actor>
        <actor name="D0N28">
            <wcet number="0">270</wcet>
            <wcet number="1">320</wcet>
            <maxpow number="0.9079327267188149"/>
            <maxpow number="0.9079327267188149"/>
            <fprob>0.0</fprob>
        </actor>
        <actor name="D0N41">
            <wcet number="0">20</wcet>
            <wcet number="1">60</wcet>
            <maxpow number="0.8748663397217822"/>
            <maxpow number="0.8748663397217822"/>
            <fprob>0.0</fprob>
        </actor>
        <actor name="D0N3">
            <wcet number="0">20</wcet>
            <wcet number="1">90</wcet>
            <maxpow number="0.36408428590335945"/>
            <maxpow number="0.36408428590335945"/>
            <fprob>0.0</fprob>
        </actor>
        <actor name="D0N12">
            <wcet number="0">20</wcet>
            <wcet number="1">30</wcet>
            <maxpow number="0.6383182143713929"/>
            <maxpow number="0.6383182143713929"/>
            <fprob>0.0</fprob>
        </actor>
        <actor name="D0N31">
            <wcet number="0">30</wcet>
            <wcet number="1">30</wcet>
            <maxpow number="0.3762034245502198"/>
            <maxpow number="0.3762034245502198"/>
            <fprob>0.0</fprob>
        </actor>
        <actor name="D0N36">
            <wcet number="0">10</wcet>
            <wcet number="1">10</wcet>
            <maxpow number="0.9021191377854372"/>
            <maxpow number="0.9021191377854372"/>
            <fprob>0.0</fprob>
        </actor>
        <actor name="D0N20">
            <wcet number="0">110</wcet>
            <wcet number="1">110</wcet>
            <maxpow number="0.48880006821744953"/>
            <maxpow number="0.48880006821744953"/>
            <fprob>0.0</fprob>
        </actor>
        <actor name="D0N33">
            <wcet number="0">20</wcet>
            <wcet number="1">40</wcet>
            <maxpow number="0.7959303305442189"/>
            <maxpow number="0.7959303305442189"/>
            <fprob>0.0</fprob>
        </actor>
        <actor name="D0N0">
            <wcet number="0">30</wcet>
            <wcet number="1">360</wcet>
            <maxpow number="0.3876932385364337"/>
            <maxpow number="0.3876932385364337"/>
            <fprob>0.0</fprob>
        </actor>
        <actor name="D0N15">
            <wcet number="0">10</wcet>
            <wcet number="1">20</wcet>
            <maxpow number="0.7027845315652181"/>
            <maxpow number="0.7027845315652181"/>
            <fprob>0.0</fprob>
        </actor>
        <actor name="D0N35">
            <wcet number="0">10</wcet>
            <wcet number="1">20</wcet>
            <maxpow number="0.681743158177536"/>
            <maxpow number="0.681743158177536"/>
            <fprob>0.0</fprob>
        </actor>
        <actor name="D0N1">
            <wcet number="0">30</wcet>
            <wcet number="1">30</wcet>
            <maxpow number="1.0596636117233897"/>
            <maxpow number="1.0596636117233897"/>
            <fprob>0.0</fprob>
        </actor>
        <actor name="D0N7">
            <wcet number="0">20</wcet>
            <wcet number="1">20</wcet>
            <maxpow number="0.4873002805203832"/>
            <maxpow number="0.4873002805203832"/>
            <fprob>0.0</fprob>
        </actor>
        <actor name="D0N16">
            <wcet number="0">80</wcet>
            <wcet number="1">180</wcet>
            <maxpow number="0.6983633051316644"/>
            <maxpow number="0.6983633051316644"/>
            <fprob>0.0</fprob>
        </actor>
        <actor name="D0N4">
            <wcet number="0">40</wcet>
            <wcet number="1">80</wcet>
            <maxpow number="0.7241605218208753"/>
            <maxpow number="0.7241605218208753"/>
            <fprob>0.0</fprob>
        </actor>
        <actor name="D0N21">
            <wcet number="0">10</wcet>
            <wcet number="1">10</wcet>
            <maxpow number="0.5284458114960814"/>
            <maxpow number="0.5284458114960814"/>
            <fprob>0.0</fprob>
        </actor>
        <actor name="D0N11">
            <wcet number="0">30</wcet>
            <wcet number="1">80</wcet>
            <maxpow number="0.7813408269111931"/>
            <maxpow number="0.7813408269111931"/>
            <fprob>0.0</fprob>
        </actor>
        <actor name="D0N23">
            <wcet number="0">10</wcet>
            <wcet number="1">20</wcet>
            <maxpow number="0.7112062251284417"/>
            <maxpow number="0.7112062251284417"/>
            <fprob>0.0</fprob>
        </actor>
        <actor name="D0N19">
            <wcet number="0">20</wcet>
            <wcet number="1">20</wcet>
            <maxpow number="0.759660051369019"/>
            <maxpow number="0.759660051369019"/>
            <fprob>0.0</fprob>
        </actor>
        <actor name="D0N17">
            <wcet number="0">10</wcet>
            <wcet number="1">50</wcet>
            <maxpow number="0.6304381516527101"/>
            <maxpow number="0.6304381516527101"/>
            <fprob>0.0</fprob>
        </actor>
        <actor name="D0N8">
            <wcet number="0">50</wcet>
            <wcet number="1">160</wcet>
            <maxpow number="0.3954478196175236"/>
            <maxpow number="0.3954478196175236"/>
            <fprob>0.0</fprob>
        </actor>
        <actor name="D0N25">
            <wcet number="0">60</wcet>
            <wcet number="1">70</wcet>
            <maxpow number="0.7711520284388659"/>
            <maxpow number="0.7711520284388659"/>
            <fprob>0.0</fprob>
        </actor>
        <actor name="D0N6">
            <wcet number="0">30</wcet>
            <wcet number="1">40</wcet>
            <maxpow number="0.6420141938762232"/>
            <maxpow number="0.6420141938762232"/>
            <fprob>0.0</fprob>
        </actor>
        <actor name="D0N34">
            <wcet number="0">30</wcet>
            <wcet number="1">90</wcet>
            <maxpow number="0.547682251382751"/>
            <maxpow number="0.547682251382751"/>
            <fprob>0.0</fprob>
        </actor>
        <actor name="D0N30">
            <wcet number="0">30</wcet>
            <wcet number="1">40</wcet>
            <maxpow number="0.5391862003279946"/>
            <maxpow number="0.5391862003279946"/>
            <fprob>0.0</fprob>
        </actor>
        <actor name="D0N43">
            <wcet number="0">330</wcet>
            <wcet number="1">430</wcet>
            <maxpow number="0.43732679280797315"/>
            <maxpow number="0.43732679280797315"/>
            <fprob>0.0</fprob>
        </actor>
        <ports>
            <port dstActor="D0N42" name="p0" srcActor="D0N37"/>
            <port dstActor="D0N43" name="p1" srcActor="D0N29"/>
            <port dstActor="D0N30" name="p2" srcActor="D0N29"/>
            <port dstActor="D0N26" name="p3" srcActor="D0N10"/>
            <port dstActor="D0N36" name="p4" srcActor="D0N14"/>
            <port dstActor="D0N23" name="p5" srcActor="D0N14"/>
            <port dstActor="D0N29" name="p6" srcActor="D0N14"/>
            <port dstActor="D0N42" name="p7" srcActor="D0N14"/>
            <port dstActor="D0N33" name="p8" srcActor="D0N14"/>
            <port dstActor="D0N31" name="p9" srcActor="D0N27"/>
            <port dstActor="D0N29" name="p10" srcActor="D0N27"/>
            <port dstActor="D0N28" name="p11" srcActor="D0N27"/>
            <port dstActor="D0N37" name="p12" srcActor="D0N24"/>
            <port dstActor="D0N32" name="p13" srcActor="D0N24"/>
            <port dstActor="D0N29" name="p14" srcActor="D0N26"/>
            <port dstActor="D0N32" name="p15" srcActor="D0N18"/>
            <port dstActor="D0N19" name="p16" srcActor="D0N18"/>
            <port dstActor="D0N37" name="p17" srcActor="D0N18"/>
            <port dstActor="D0N42" name="p18" srcActor="D0N22"/>
            <port dstActor="D0N28" name="p19" srcActor="D0N22"/>
            <port dstActor="D0N33" name="p20" srcActor="D0N22"/>
            <port dstActor="D0N3" name="p21" srcActor="D0N2"/>
            <port dstActor="D0N40" name="p22" srcActor="D0N2"/>
            <port dstActor="D0N14" name="p23" srcActor="D0N2"/>
            <port dstActor="D0N30" name="p24" srcActor="D0N2"/>
            <port dstActor="D0N15" name="p25" srcActor="D0N2"/>
            <port dstActor="D0N20" name="p26" srcActor="D0N2"/>
            <port dstActor="D0N43" name="p27" srcActor="D0N2"/>
            <port dstActor="D0N25" name="p28" srcActor="D0N2"/>
            <port dstActor="D0N37" name="p29" srcActor="D0N5"/>
            <port dstActor="D0N25" name="p30" srcActor="D0N5"/>
            <port dstActor="D0N36" name="p31" srcActor="D0N5"/>
            <port dstActor="D0N24" name="p32" srcActor="D0N9"/>
            <port dstActor="D0N41" name="p33" srcActor="D0N9"/>
            <port dstActor="D0N19" name="p34" srcActor="D0N13"/>
            <port dstActor="D0N31" name="p35" srcActor="D0N13"/>
            <port dstActor="D0N41" name="p36" srcActor="D0N28"/>
            <port dstActor="D0N42" name="p37" srcActor="D0N28"/>
            <port dstActor="D0N40" name="p38" srcActor="D0N3"/>
            <port dstActor="D0N11" name="p39" srcActor="D0N3"/>
            <port dstActor="D0N41" name="p40" srcActor="D0N3"/>
            <port dstActor="D0N24" name="p41" srcActor="D0N3"/>
            <port dstActor="D0N40" name="p42" srcActor="D0N12"/>
            <port dstActor="D0N22" name="p43" srcActor="D0N12"/>
            <port dstActor="D0N37" name="p44" srcActor="D0N12"/>
            <port dstActor="D0N38" name="p45" srcActor="D0N12"/>
            <port dstActor="D0N37" name="p46" srcActor="D0N36"/>
            <port dstActor="D0N23" name="p47" srcActor="D0N20"/>
            <port dstActor="D0N39" name="p48" srcActor="D0N20"/>
            <port dstActor="D0N43" name="p49" srcActor="D0N33"/>
            <port dstActor="D0N26" name="p50" srcActor="D0N0"/>
            <port dstActor="D0N33" name="p51" srcActor="D0N15"/>
            <port dstActor="D0N25" name="p52" srcActor="D0N15"/>
            <port dstActor="D0N21" name="p53" srcActor="D0N15"/>
            <port dstActor="D0N37" name="p54" srcActor="D0N15"/>
            <port dstActor="D0N39" name="p55" srcActor="D0N15"/>
            <port dstActor="D0N42" name="p56" srcActor="D0N35"/>
            <port dstActor="D0N16" name="p57" srcActor="D0N1"/>
            <port dstActor="D0N5" name="p58" srcActor="D0N1"/>
            <port dstActor="D0N23" name="p59" srcActor="D0N1"/>
            <port dstActor="D0N8" name="p60" srcActor="D0N1"/>
            <port dstActor="D0N26" name="p61" srcActor="D0N1"/>
            <port dstActor="D0N31" name="p62" srcActor="D0N1"/>
            <port dstActor="D0N32" name="p63" srcActor="D0N1"/>
            <port dstActor="D0N33" name="p64" srcActor="D0N1"/>
            <port dstActor="D0N34" name="p65" srcActor="D0N7"/>
            <port dstActor="D0N26" name="p66" srcActor="D0N16"/>
            <port dstActor="D0N27" name="p67" srcActor="D0N16"/>
            <port dstActor="D0N36" name="p68" srcActor="D0N16"/>
            <port dstActor="D0N20" name="p69" srcActor="D0N16"/>
            <port dstActor="D0N21" name="p70" srcActor="D0N16"/>
            <port dstActor="D0N30" name="p71" srcActor="D0N16"/>
            <port dstActor="D0N5" name="p72" srcActor="D0N4"/>
            <port dstActor="D0N21" name="p73" srcActor="D0N4"/>
            <port dstActor="D0N22" name="p74" srcActor="D0N4"/>
            <port dstActor="D0N42" name="p75" srcActor="D0N4"/>
            <port dstActor="D0N10" name="p76" srcActor="D0N4"/>
            <port dstActor="D0N31" name="p77" srcActor="D0N4"/>
            <port dstActor="D0N27" name="p78" srcActor="D0N4"/>
            <port dstActor="D0N36" name="p79" srcActor="D0N21"/>
            <port dstActor="D0N37" name="p80" srcActor="D0N21"/>
            <port dstActor="D0N41" name="p81" srcActor="D0N11"/>
            <port dstActor="D0N31" name="p82" srcActor="D0N11"/>
            <port dstActor="D0N34" name="p83" srcActor="D0N11"/>
            <port dstActor="D0N22" name="p84" srcActor="D0N11"/>
            <port dstActor="D0N43" name="p85" srcActor="D0N23"/>
            <port dstActor="D0N20" name="p86" srcActor="D0N19"/>
            <port dstActor="D0N29" name="p87" srcActor="D0N19"/>
            <port dstActor="D0N33" name="p88" srcActor="D0N19"/>
            <port dstActor="D0N41" name="p89" srcActor="D0N17"/>
            <port dstActor="D0N39" name="p90" srcActor="D0N17"/>
            <port dstActor="D0N11" name="p91" srcActor="D0N8"/>
            <port dstActor="D0N30" name="p92" srcActor="D0N8"/>
            <port dstActor="D0N10" name="p93" srcActor="D0N8"/>
            <port dstActor="D0N43" name="p94" srcActor="D0N25"/>
            <port dstActor="D0N37" name="p95" srcActor="D0N25"/>
            <port dstActor="D0N7" name="p96" srcActor="D0N6"/>
            <port dstActor="D0N19" name="p97" srcActor="D0N6"/>
            <port dstActor="D0N20" name="p98" srcActor="D0N6"/>
            <port dstActor="D0N39" name="p99" srcActor="D0N34"/>
            <port dstActor="D0N38" name="p100" srcActor="D0N34"/>
            <port dstActor="D0N33" name="p101" srcActor="D0N30"/>
        </ports>
    </mcdag>
    <cores number="3"/>
    <levels number="2"/>
</mcsystem>
