<?xml version="1.0" encoding="UTF-8" standalone="no"?>
<mcsystem>
    <mcdag deadline="1200" name="genned-0-ed-10.0-0">
        <actor name="D0N1">
            <wcet number="0">40</wcet>
            <wcet number="1">80</wcet>
            <maxpow number="0.5452756694880326"/>
            <maxpow number="0.5452756694880326"/>
            <fprob>0.0</fprob>
        </actor>
        <actor name="D0N21">
            <wcet number="0">20</wcet>
            <wcet number="1">130</wcet>
            <maxpow number="0.6347876915961106"/>
            <maxpow number="0.6347876915961106"/>
            <fprob>0.0</fprob>
        </actor>
        <actor name="D0N11">
            <wcet number="0">10</wcet>
            <wcet number="1">10</wcet>
            <maxpow number="0.5887132951685594"/>
            <maxpow number="0.5887132951685594"/>
            <fprob>0.0</fprob>
        </actor>
        <actor name="D0N27">
            <wcet number="0">190</wcet>
            <wcet number="1">210</wcet>
            <maxpow number="0.35710792085821785"/>
            <maxpow number="0.35710792085821785"/>
            <fprob>0.0</fprob>
        </actor>
        <actor name="D0N3">
            <wcet number="0">40</wcet>
            <wcet number="1">50</wcet>
            <maxpow number="0.43153803488021114"/>
            <maxpow number="0.43153803488021114"/>
            <fprob>0.0</fprob>
        </actor>
        <actor name="D0N37">
            <wcet number="0">10</wcet>
            <wcet number="1">20</wcet>
            <maxpow number="0.24399625407034897"/>
            <maxpow number="0.24399625407034897"/>
            <fprob>0.0</fprob>
        </actor>
        <actor name="D0N43">
            <wcet number="0">10</wcet>
            <wcet number="1">20</wcet>
            <maxpow number="0.4517580233912503"/>
            <maxpow number="0.4517580233912503"/>
            <fprob>0.0</fprob>
        </actor>
        <actor name="D0N34">
            <wcet number="0">10</wcet>
            <wcet number="1">10</wcet>
            <maxpow number="0.4480469351090617"/>
            <maxpow number="0.4480469351090617"/>
            <fprob>0.0</fprob>
        </actor>
        <actor name="D0N7">
            <wcet number="0">10</wcet>
            <wcet number="1">30</wcet>
            <maxpow number="0.48657963225657797"/>
            <maxpow number="0.48657963225657797"/>
            <fprob>0.0</fprob>
        </actor>
        <actor name="D0N29">
            <wcet number="0">30</wcet>
            <wcet number="1">60</wcet>
            <maxpow number="0.4371275198341117"/>
            <maxpow number="0.4371275198341117"/>
            <fprob>0.0</fprob>
        </actor>
        <actor name="D0N13">
            <wcet number="0">10</wcet>
            <wcet number="1">10</wcet>
            <maxpow number="0.6490168769126268"/>
            <maxpow number="0.6490168769126268"/>
            <fprob>0.0</fprob>
        </actor>
        <actor name="D0N39">
            <wcet number="0">20</wcet>
            <wcet number="1">40</wcet>
            <maxpow number="0.6228889794624147"/>
            <maxpow number="0.6228889794624147"/>
            <fprob>0.0</fprob>
        </actor>
        <actor name="D0N40">
            <wcet number="0">30</wcet>
            <wcet number="1">50</wcet>
            <maxpow number="0.6767794268447159"/>
            <maxpow number="0.6767794268447159"/>
            <fprob>0.0</fprob>
        </actor>
        <actor name="D0N0">
            <wcet number="0">10</wcet>
            <wcet number="1">20</wcet>
            <maxpow number="0.4291201442189605"/>
            <maxpow number="0.4291201442189605"/>
            <fprob>0.0</fprob>
        </actor>
        <actor name="D0N42">
            <wcet number="0">10</wcet>
            <wcet number="1">30</wcet>
            <maxpow number="0.7723838984342806"/>
            <maxpow number="0.7723838984342806"/>
            <fprob>0.0</fprob>
        </actor>
        <actor name="D0N38">
            <wcet number="0">120</wcet>
            <wcet number="1">150</wcet>
            <maxpow number="0.7658987194200655"/>
            <maxpow number="0.7658987194200655"/>
            <fprob>0.0</fprob>
        </actor>
        <actor name="D0N2">
            <wcet number="0">60</wcet>
            <wcet number="1">60</wcet>
            <maxpow number="0.2522035108644032"/>
            <maxpow number="0.2522035108644032"/>
            <fprob>0.0</fprob>
        </actor>
        <actor name="D0N22">
            <wcet number="0">10</wcet>
            <wcet number="1">50</wcet>
            <maxpow number="0.7194425134118285"/>
            <maxpow number="0.7194425134118285"/>
            <fprob>0.0</fprob>
        </actor>
        <actor name="D0N33">
            <wcet number="0">80</wcet>
            <wcet number="1">80</wcet>
            <maxpow number="0.38972228610960147"/>
            <maxpow number="0.38972228610960147"/>
            <fprob>0.0</fprob>
        </actor>
        <actor name="D0N9">
            <wcet number="0">20</wcet>
            <wcet number="1">20</wcet>
            <maxpow number="0.6812700717649249"/>
            <maxpow number="0.6812700717649249"/>
            <fprob>0.0</fprob>
        </actor>
        <actor name="D0N10">
            <wcet number="0">30</wcet>
            <wcet number="1">30</wcet>
            <maxpow number="0.6577443657482125"/>
            <maxpow number="0.6577443657482125"/>
            <fprob>0.0</fprob>
        </actor>
        <actor name="D0N17">
            <wcet number="0">20</wcet>
            <wcet number="1">30</wcet>
            <maxpow number="0.7748745109918427"/>
            <maxpow number="0.7748745109918427"/>
            <fprob>0.0</fprob>
        </actor>
        <actor name="D0N31">
            <wcet number="0">200</wcet>
            <wcet number="1">200</wcet>
            <maxpow number="0.4967969370128914"/>
            <maxpow number="0.4967969370128914"/>
            <fprob>0.0</fprob>
        </actor>
        <actor name="D0N25">
            <wcet number="0">10</wcet>
            <wcet number="1">20</wcet>
            <maxpow number="0.3343664786478263"/>
            <maxpow number="0.3343664786478263"/>
            <fprob>0.0</fprob>
        </actor>
        <actor name="D0N6">
            <wcet number="0">40</wcet>
            <wcet number="1">60</wcet>
            <maxpow number="0.5278803365228725"/>
            <maxpow number="0.5278803365228725"/>
            <fprob>0.0</fprob>
        </actor>
        <actor name="D0N19">
            <wcet number="0">210</wcet>
            <wcet number="1">270</wcet>
            <maxpow number="0.41722144059224126"/>
            <maxpow number="0.41722144059224126"/>
            <fprob>0.0</fprob>
        </actor>
        <actor name="D0N46">
            <wcet number="0">20</wcet>
            <wcet number="1">40</wcet>
            <maxpow number="0.19391459091465607"/>
            <maxpow number="0.19391459091465607"/>
            <fprob>0.0</fprob>
        </actor>
        <actor name="D0N12">
            <wcet number="0">20</wcet>
            <wcet number="1">110</wcet>
            <maxpow number="0.6171838232794256"/>
            <maxpow number="0.6171838232794256"/>
            <fprob>0.0</fprob>
        </actor>
        <actor name="D0N24">
            <wcet number="0">70</wcet>
            <wcet number="1">100</wcet>
            <maxpow number="0.765834990278551"/>
            <maxpow number="0.765834990278551"/>
            <fprob>0.0</fprob>
        </actor>
        <actor name="D0N26">
            <wcet number="0">60</wcet>
            <wcet number="1">140</wcet>
            <maxpow number="0.5168075861316135"/>
            <maxpow number="0.5168075861316135"/>
            <fprob>0.0</fprob>
        </actor>
        <actor name="D0N8">
            <wcet number="0">70</wcet>
            <wcet number="1">140</wcet>
            <maxpow number="0.6407148612722233"/>
            <maxpow number="0.6407148612722233"/>
            <fprob>0.0</fprob>
        </actor>
        <actor name="D0N28">
            <wcet number="0">10</wcet>
            <wcet number="1">30</wcet>
            <maxpow number="0.3412707337123061"/>
            <maxpow number="0.3412707337123061"/>
            <fprob>0.0</fprob>
        </actor>
        <actor name="D0N36">
            <wcet number="0">40</wcet>
            <wcet number="1">90</wcet>
            <maxpow number="0.7058116818064087"/>
            <maxpow number="0.7058116818064087"/>
            <fprob>0.0</fprob>
        </actor>
        <actor name="D0N15">
            <wcet number="0">10</wcet>
            <wcet number="1">60</wcet>
            <maxpow number="0.6541580671931025"/>
            <maxpow number="0.6541580671931025"/>
            <fprob>0.0</fprob>
        </actor>
        <actor name="D0N45">
            <wcet number="0">100</wcet>
            <wcet number="1">130</wcet>
            <maxpow number="0.2080673107240027"/>
            <maxpow number="0.2080673107240027"/>
            <fprob>0.0</fprob>
        </actor>
        <actor name="D0N23">
            <wcet number="0">70</wcet>
            <wcet number="1">90</wcet>
            <maxpow number="0.5544864853616795"/>
            <maxpow number="0.5544864853616795"/>
            <fprob>0.0</fprob>
        </actor>
        <actor name="D0N30">
            <wcet number="0">20</wcet>
            <wcet number="1">30</wcet>
            <maxpow number="0.45444537702016324"/>
            <maxpow number="0.45444537702016324"/>
            <fprob>0.0</fprob>
        </actor>
        <actor name="D0N16">
            <wcet number="0">40</wcet>
            <wcet number="1">140</wcet>
            <maxpow number="0.5258766088321452"/>
            <maxpow number="0.5258766088321452"/>
            <fprob>0.0</fprob>
        </actor>
        <actor name="D0N35">
            <wcet number="0">10</wcet>
            <wcet number="1">10</wcet>
            <maxpow number="0.4970276700161684"/>
            <maxpow number="0.4970276700161684"/>
            <fprob>0.0</fprob>
        </actor>
        <actor name="D0N14">
            <wcet number="0">20</wcet>
            <wcet number="1">20</wcet>
            <maxpow number="0.3214248917881988"/>
            <maxpow number="0.3214248917881988"/>
            <fprob>0.0</fprob>
        </actor>
        <actor name="D0N20">
            <wcet number="0">20</wcet>
            <wcet number="1">40</wcet>
            <maxpow number="0.17155247170757693"/>
            <maxpow number="0.17155247170757693"/>
            <fprob>0.0</fprob>
        </actor>
        <actor name="D0N44">
            <wcet number="0">20</wcet>
            <wcet number="1">130</wcet>
            <maxpow number="0.3842385231749854"/>
            <maxpow number="0.3842385231749854"/>
            <fprob>0.0</fprob>
        </actor>
        <actor name="D0N5">
            <wcet number="0">20</wcet>
            <wcet number="1">110</wcet>
            <maxpow number="0.5832909897798471"/>
            <maxpow number="0.5832909897798471"/>
            <fprob>0.0</fprob>
        </actor>
        <actor name="D0N32">
            <wcet number="0">30</wcet>
            <wcet number="1">80</wcet>
            <maxpow number="0.5218270124614505"/>
            <maxpow number="0.5218270124614505"/>
            <fprob>0.0</fprob>
        </actor>
        <actor name="D0N41">
            <wcet number="0">10</wcet>
            <wcet number="1">30</wcet>
            <maxpow number="0.3021131580113353"/>
            <maxpow number="0.3021131580113353"/>
            <fprob>0.0</fprob>
        </actor>
        <actor name="D0N18">
            <wcet number="0">160</wcet>
            <wcet number="1">210</wcet>
            <maxpow number="0.5291423298784392"/>
            <maxpow number="0.5291423298784392"/>
            <fprob>0.0</fprob>
        </actor>
        <actor name="D0N4">
            <wcet number="0">10</wcet>
            <wcet number="1">10</wcet>
            <maxpow number="0.5187977309465146"/>
            <maxpow number="0.5187977309465146"/>
            <fprob>0.0</fprob>
        </actor>
        <ports>
            <port dstActor="D0N18" name="p0" srcActor="D0N1"/>
            <port dstActor="D0N22" name="p1" srcActor="D0N1"/>
            <port dstActor="D0N32" name="p2" srcActor="D0N1"/>
            <port dstActor="D0N46" name="p3" srcActor="D0N1"/>
            <port dstActor="D0N15" name="p4" srcActor="D0N1"/>
            <port dstActor="D0N45" name="p5" srcActor="D0N1"/>
            <port dstActor="D0N30" name="p6" srcActor="D0N21"/>
            <port dstActor="D0N28" name="p7" srcActor="D0N21"/>
            <port dstActor="D0N46" name="p8" srcActor="D0N21"/>
            <port dstActor="D0N22" name="p9" srcActor="D0N11"/>
            <port dstActor="D0N42" name="p10" srcActor="D0N27"/>
            <port dstActor="D0N43" name="p11" srcActor="D0N27"/>
            <port dstActor="D0N23" name="p12" srcActor="D0N3"/>
            <port dstActor="D0N6" name="p13" srcActor="D0N3"/>
            <port dstActor="D0N36" name="p14" srcActor="D0N34"/>
            <port dstActor="D0N11" name="p15" srcActor="D0N7"/>
            <port dstActor="D0N20" name="p16" srcActor="D0N7"/>
            <port dstActor="D0N38" name="p17" srcActor="D0N7"/>
            <port dstActor="D0N15" name="p18" srcActor="D0N7"/>
            <port dstActor="D0N36" name="p19" srcActor="D0N29"/>
            <port dstActor="D0N37" name="p20" srcActor="D0N29"/>
            <port dstActor="D0N40" name="p21" srcActor="D0N29"/>
            <port dstActor="D0N35" name="p22" srcActor="D0N29"/>
            <port dstActor="D0N22" name="p23" srcActor="D0N13"/>
            <port dstActor="D0N29" name="p24" srcActor="D0N13"/>
            <port dstActor="D0N20" name="p25" srcActor="D0N13"/>
            <port dstActor="D0N18" name="p26" srcActor="D0N13"/>
            <port dstActor="D0N25" name="p27" srcActor="D0N13"/>
            <port dstActor="D0N43" name="p28" srcActor="D0N13"/>
            <port dstActor="D0N26" name="p29" srcActor="D0N13"/>
            <port dstActor="D0N44" name="p30" srcActor="D0N40"/>
            <port dstActor="D0N15" name="p31" srcActor="D0N0"/>
            <port dstActor="D0N14" name="p32" srcActor="D0N0"/>
            <port dstActor="D0N33" name="p33" srcActor="D0N0"/>
            <port dstActor="D0N20" name="p34" srcActor="D0N0"/>
            <port dstActor="D0N30" name="p35" srcActor="D0N0"/>
            <port dstActor="D0N6" name="p36" srcActor="D0N2"/>
            <port dstActor="D0N28" name="p37" srcActor="D0N2"/>
            <port dstActor="D0N18" name="p38" srcActor="D0N2"/>
            <port dstActor="D0N23" name="p39" srcActor="D0N2"/>
            <port dstActor="D0N46" name="p40" srcActor="D0N2"/>
            <port dstActor="D0N25" name="p41" srcActor="D0N22"/>
            <port dstActor="D0N44" name="p42" srcActor="D0N33"/>
            <port dstActor="D0N38" name="p43" srcActor="D0N9"/>
            <port dstActor="D0N26" name="p44" srcActor="D0N10"/>
            <port dstActor="D0N40" name="p45" srcActor="D0N10"/>
            <port dstActor="D0N18" name="p46" srcActor="D0N17"/>
            <port dstActor="D0N38" name="p47" srcActor="D0N31"/>
            <port dstActor="D0N37" name="p48" srcActor="D0N25"/>
            <port dstActor="D0N35" name="p49" srcActor="D0N25"/>
            <port dstActor="D0N37" name="p50" srcActor="D0N6"/>
            <port dstActor="D0N31" name="p51" srcActor="D0N6"/>
            <port dstActor="D0N39" name="p52" srcActor="D0N19"/>
            <port dstActor="D0N24" name="p53" srcActor="D0N19"/>
            <port dstActor="D0N31" name="p54" srcActor="D0N12"/>
            <port dstActor="D0N30" name="p55" srcActor="D0N24"/>
            <port dstActor="D0N29" name="p56" srcActor="D0N24"/>
            <port dstActor="D0N33" name="p57" srcActor="D0N24"/>
            <port dstActor="D0N28" name="p58" srcActor="D0N24"/>
            <port dstActor="D0N33" name="p59" srcActor="D0N26"/>
            <port dstActor="D0N45" name="p60" srcActor="D0N26"/>
            <port dstActor="D0N46" name="p61" srcActor="D0N26"/>
            <port dstActor="D0N39" name="p62" srcActor="D0N26"/>
            <port dstActor="D0N26" name="p63" srcActor="D0N8"/>
            <port dstActor="D0N13" name="p64" srcActor="D0N8"/>
            <port dstActor="D0N24" name="p65" srcActor="D0N8"/>
            <port dstActor="D0N42" name="p66" srcActor="D0N8"/>
            <port dstActor="D0N31" name="p67" srcActor="D0N28"/>
            <port dstActor="D0N35" name="p68" srcActor="D0N28"/>
            <port dstActor="D0N44" name="p69" srcActor="D0N36"/>
            <port dstActor="D0N34" name="p70" srcActor="D0N15"/>
            <port dstActor="D0N40" name="p71" srcActor="D0N15"/>
            <port dstActor="D0N44" name="p72" srcActor="D0N15"/>
            <port dstActor="D0N42" name="p73" srcActor="D0N23"/>
            <port dstActor="D0N44" name="p74" srcActor="D0N23"/>
            <port dstActor="D0N28" name="p75" srcActor="D0N23"/>
            <port dstActor="D0N39" name="p76" srcActor="D0N30"/>
            <port dstActor="D0N38" name="p77" srcActor="D0N30"/>
            <port dstActor="D0N45" name="p78" srcActor="D0N30"/>
            <port dstActor="D0N17" name="p79" srcActor="D0N16"/>
            <port dstActor="D0N40" name="p80" srcActor="D0N16"/>
            <port dstActor="D0N46" name="p81" srcActor="D0N35"/>
            <port dstActor="D0N44" name="p82" srcActor="D0N35"/>
            <port dstActor="D0N37" name="p83" srcActor="D0N14"/>
            <port dstActor="D0N46" name="p84" srcActor="D0N14"/>
            <port dstActor="D0N36" name="p85" srcActor="D0N20"/>
            <port dstActor="D0N35" name="p86" srcActor="D0N20"/>
            <port dstActor="D0N27" name="p87" srcActor="D0N20"/>
            <port dstActor="D0N13" name="p88" srcActor="D0N5"/>
            <port dstActor="D0N18" name="p89" srcActor="D0N5"/>
            <port dstActor="D0N14" name="p90" srcActor="D0N5"/>
            <port dstActor="D0N23" name="p91" srcActor="D0N5"/>
            <port dstActor="D0N20" name="p92" srcActor="D0N5"/>
            <port dstActor="D0N33" name="p93" srcActor="D0N18"/>
            <port dstActor="D0N28" name="p94" srcActor="D0N18"/>
            <port dstActor="D0N32" name="p95" srcActor="D0N18"/>
            <port dstActor="D0N41" name="p96" srcActor="D0N18"/>
            <port dstActor="D0N7" name="p97" srcActor="D0N4"/>
            <port dstActor="D0N44" name="p98" srcActor="D0N4"/>
            <port dstActor="D0N19" name="p99" srcActor="D0N4"/>
        </ports>
    </mcdag>
    <cores number="3"/>
    <levels number="2"/>
</mcsystem>
