<?xml version="1.0" encoding="UTF-8" standalone="no"?>
<mcsystem>
    <mcdag deadline="2500" name="genned-0-ed-10.0-0">
        <actor name="D0N42">
            <wcet number="0">160</wcet>
            <wcet number="1">240</wcet>
            <maxpow number="1.019168816092406"/>
            <maxpow number="1.019168816092406"/>
            <fprob>0.0</fprob>
        </actor>
        <actor name="D0N35">
            <wcet number="0">310</wcet>
            <wcet number="1">310</wcet>
            <maxpow number="0.3178789810449347"/>
            <maxpow number="0.3178789810449347"/>
            <fprob>0.0</fprob>
        </actor>
        <actor name="D0N17">
            <wcet number="0">60</wcet>
            <wcet number="1">80</wcet>
            <maxpow number="0.6918256764313084"/>
            <maxpow number="0.6918256764313084"/>
            <fprob>0.0</fprob>
        </actor>
        <actor name="D0N39">
            <wcet number="0">10</wcet>
            <wcet number="1">20</wcet>
            <maxpow number="0.5197853407745348"/>
            <maxpow number="0.5197853407745348"/>
            <fprob>0.0</fprob>
        </actor>
        <actor name="D0N4">
            <wcet number="0">400</wcet>
            <wcet number="1">500</wcet>
            <maxpow number="1.0165620613013435"/>
            <maxpow number="1.0165620613013435"/>
            <fprob>0.0</fprob>
        </actor>
        <actor name="D0N20">
            <wcet number="0">90</wcet>
            <wcet number="1">140</wcet>
            <maxpow number="0.6471444953750647"/>
            <maxpow number="0.6471444953750647"/>
            <fprob>0.0</fprob>
        </actor>
        <actor name="D0N34">
            <wcet number="0">140</wcet>
            <wcet number="1">150</wcet>
            <maxpow number="0.5094774994391632"/>
            <maxpow number="0.5094774994391632"/>
            <fprob>0.0</fprob>
        </actor>
        <actor name="D0N41">
            <wcet number="0">50</wcet>
            <wcet number="1">110</wcet>
            <maxpow number="0.7247129407748646"/>
            <maxpow number="0.7247129407748646"/>
            <fprob>0.0</fprob>
        </actor>
        <actor name="D0N30">
            <wcet number="0">10</wcet>
            <wcet number="1">10</wcet>
            <maxpow number="0.9234133414591768"/>
            <maxpow number="0.9234133414591768"/>
            <fprob>0.0</fprob>
        </actor>
        <actor name="D0N0">
            <wcet number="0">20</wcet>
            <wcet number="1">30</wcet>
            <maxpow number="0.5360827464452984"/>
            <maxpow number="0.5360827464452984"/>
            <fprob>0.0</fprob>
        </actor>
        <actor name="D0N3">
            <wcet number="0">50</wcet>
            <wcet number="1">70</wcet>
            <maxpow number="0.6255089369196825"/>
            <maxpow number="0.6255089369196825"/>
            <fprob>0.0</fprob>
        </actor>
        <actor name="D0N16">
            <wcet number="0">10</wcet>
            <wcet number="1">40</wcet>
            <maxpow number="0.5160667538852332"/>
            <maxpow number="0.5160667538852332"/>
            <fprob>0.0</fprob>
        </actor>
        <actor name="D0N22">
            <wcet number="0">230</wcet>
            <wcet number="1">320</wcet>
            <maxpow number="0.46638916213369686"/>
            <maxpow number="0.46638916213369686"/>
            <fprob>0.0</fprob>
        </actor>
        <actor name="D0N44">
            <wcet number="0">80</wcet>
            <wcet number="1">80</wcet>
            <maxpow number="0.4842944437997562"/>
            <maxpow number="0.4842944437997562"/>
            <fprob>0.0</fprob>
        </actor>
        <actor name="D0N2">
            <wcet number="0">70</wcet>
            <wcet number="1">110</wcet>
            <maxpow number="0.6699381956040072"/>
            <maxpow number="0.6699381956040072"/>
            <fprob>0.0</fprob>
        </actor>
        <actor name="D0N43">
            <wcet number="0">170</wcet>
            <wcet number="1">300</wcet>
            <maxpow number="0.3719640022484085"/>
            <maxpow number="0.3719640022484085"/>
            <fprob>0.0</fprob>
        </actor>
        <actor name="D0N9">
            <wcet number="0">10</wcet>
            <wcet number="1">10</wcet>
            <maxpow number="0.5172314159330277"/>
            <maxpow number="0.5172314159330277"/>
            <fprob>0.0</fprob>
        </actor>
        <actor name="D0N25">
            <wcet number="0">120</wcet>
            <wcet number="1">130</wcet>
            <maxpow number="0.5777332485606004"/>
            <maxpow number="0.5777332485606004"/>
            <fprob>0.0</fprob>
        </actor>
        <actor name="D0N13">
            <wcet number="0">20</wcet>
            <wcet number="1">20</wcet>
            <maxpow number="0.9125863632303115"/>
            <maxpow number="0.9125863632303115"/>
            <fprob>0.0</fprob>
        </actor>
        <actor name="D0N12">
            <wcet number="0">80</wcet>
            <wcet number="1">260</wcet>
            <maxpow number="0.6029246253260987"/>
            <maxpow number="0.6029246253260987"/>
            <fprob>0.0</fprob>
        </actor>
        <actor name="D0N5">
            <wcet number="0">70</wcet>
            <wcet number="1">260</wcet>
            <maxpow number="0.4840997739857822"/>
            <maxpow number="0.4840997739857822"/>
            <fprob>0.0</fprob>
        </actor>
        <actor name="D0N26">
            <wcet number="0">110</wcet>
            <wcet number="1">140</wcet>
            <maxpow number="0.7692975949733664"/>
            <maxpow number="0.7692975949733664"/>
            <fprob>0.0</fprob>
        </actor>
        <actor name="D0N36">
            <wcet number="0">10</wcet>
            <wcet number="1">10</wcet>
            <maxpow number="0.6044206872492447"/>
            <maxpow number="0.6044206872492447"/>
            <fprob>0.0</fprob>
        </actor>
        <actor name="D0N8">
            <wcet number="0">150</wcet>
            <wcet number="1">150</wcet>
            <maxpow number="0.7387045864135484"/>
            <maxpow number="0.7387045864135484"/>
            <fprob>0.0</fprob>
        </actor>
        <actor name="D0N37">
            <wcet number="0">60</wcet>
            <wcet number="1">110</wcet>
            <maxpow number="0.4830183896575679"/>
            <maxpow number="0.4830183896575679"/>
            <fprob>0.0</fprob>
        </actor>
        <actor name="D0N45">
            <wcet number="0">140</wcet>
            <wcet number="1">160</wcet>
            <maxpow number="0.23672952974269879"/>
            <maxpow number="0.23672952974269879"/>
            <fprob>0.0</fprob>
        </actor>
        <actor name="D0N40">
            <wcet number="0">120</wcet>
            <wcet number="1">170</wcet>
            <maxpow number="0.4712935982298601"/>
            <maxpow number="0.4712935982298601"/>
            <fprob>0.0</fprob>
        </actor>
        <actor name="D0N21">
            <wcet number="0">180</wcet>
            <wcet number="1">440</wcet>
            <maxpow number="0.8172221603916112"/>
            <maxpow number="0.8172221603916112"/>
            <fprob>0.0</fprob>
        </actor>
        <actor name="D0N27">
            <wcet number="0">10</wcet>
            <wcet number="1">10</wcet>
            <maxpow number="0.518621877709788"/>
            <maxpow number="0.518621877709788"/>
            <fprob>0.0</fprob>
        </actor>
        <actor name="D0N14">
            <wcet number="0">20</wcet>
            <wcet number="1">30</wcet>
            <maxpow number="0.445628856243634"/>
            <maxpow number="0.445628856243634"/>
            <fprob>0.0</fprob>
        </actor>
        <actor name="D0N6">
            <wcet number="0">50</wcet>
            <wcet number="1">200</wcet>
            <maxpow number="0.6048147718543571"/>
            <maxpow number="0.6048147718543571"/>
            <fprob>0.0</fprob>
        </actor>
        <actor name="D0N31">
            <wcet number="0">130</wcet>
            <wcet number="1">180</wcet>
            <maxpow number="0.5517297894300043"/>
            <maxpow number="0.5517297894300043"/>
            <fprob>0.0</fprob>
        </actor>
        <actor name="D0N33">
            <wcet number="0">50</wcet>
            <wcet number="1">150</wcet>
            <maxpow number="0.8565988416452265"/>
            <maxpow number="0.8565988416452265"/>
            <fprob>0.0</fprob>
        </actor>
        <actor name="D0N32">
            <wcet number="0">70</wcet>
            <wcet number="1">380</wcet>
            <maxpow number="0.5470935873109238"/>
            <maxpow number="0.5470935873109238"/>
            <fprob>0.0</fprob>
        </actor>
        <actor name="D0N10">
            <wcet number="0">70</wcet>
            <wcet number="1">170</wcet>
            <maxpow number="0.5604534116428801"/>
            <maxpow number="0.5604534116428801"/>
            <fprob>0.0</fprob>
        </actor>
        <actor name="D0N1">
            <wcet number="0">80</wcet>
            <wcet number="1">80</wcet>
            <maxpow number="0.6259299622738138"/>
            <maxpow number="0.6259299622738138"/>
            <fprob>0.0</fprob>
        </actor>
        <actor name="D0N46">
            <wcet number="0">40</wcet>
            <wcet number="1">60</wcet>
            <maxpow number="0.6280401187857368"/>
            <maxpow number="0.6280401187857368"/>
            <fprob>0.0</fprob>
        </actor>
        <actor name="D0N47">
            <wcet number="0">50</wcet>
            <wcet number="1">50</wcet>
            <maxpow number="0.7071982814829896"/>
            <maxpow number="0.7071982814829896"/>
            <fprob>0.0</fprob>
        </actor>
        <actor name="D0N18">
            <wcet number="0">130</wcet>
            <wcet number="1">240</wcet>
            <maxpow number="0.444157046553882"/>
            <maxpow number="0.444157046553882"/>
            <fprob>0.0</fprob>
        </actor>
        <actor name="D0N23">
            <wcet number="0">10</wcet>
            <wcet number="1">10</wcet>
            <maxpow number="0.5982951556780395"/>
            <maxpow number="0.5982951556780395"/>
            <fprob>0.0</fprob>
        </actor>
        <actor name="D0N38">
            <wcet number="0">30</wcet>
            <wcet number="1">60</wcet>
            <maxpow number="0.5409772637348196"/>
            <maxpow number="0.5409772637348196"/>
            <fprob>0.0</fprob>
        </actor>
        <actor name="D0N24">
            <wcet number="0">80</wcet>
            <wcet number="1">130</wcet>
            <maxpow number="0.33973444470102193"/>
            <maxpow number="0.33973444470102193"/>
            <fprob>0.0</fprob>
        </actor>
        <actor name="D0N29">
            <wcet number="0">50</wcet>
            <wcet number="1">330</wcet>
            <maxpow number="0.698326640984962"/>
            <maxpow number="0.698326640984962"/>
            <fprob>0.0</fprob>
        </actor>
        <actor name="D0N15">
            <wcet number="0">20</wcet>
            <wcet number="1">30</wcet>
            <maxpow number="0.9119958680429243"/>
            <maxpow number="0.9119958680429243"/>
            <fprob>0.0</fprob>
        </actor>
        <actor name="D0N7">
            <wcet number="0">30</wcet>
            <wcet number="1">30</wcet>
            <maxpow number="0.3770943951855288"/>
            <maxpow number="0.3770943951855288"/>
            <fprob>0.0</fprob>
        </actor>
        <actor name="D0N28">
            <wcet number="0">60</wcet>
            <wcet number="1">90</wcet>
            <maxpow number="0.6195611232381508"/>
            <maxpow number="0.6195611232381508"/>
            <fprob>0.0</fprob>
        </actor>
        <actor name="D0N19">
            <wcet number="0">70</wcet>
            <wcet number="1">140</wcet>
            <maxpow number="0.6193050122144214"/>
            <maxpow number="0.6193050122144214"/>
            <fprob>0.0</fprob>
        </actor>
        <actor name="D0N11">
            <wcet number="0">10</wcet>
            <wcet number="1">10</wcet>
            <maxpow number="0.3754114159715412"/>
            <maxpow number="0.3754114159715412"/>
            <fprob>0.0</fprob>
        </actor>
        <ports>
            <port dstActor="D0N43" name="p0" srcActor="D0N42"/>
            <port dstActor="D0N38" name="p1" srcActor="D0N35"/>
            <port dstActor="D0N47" name="p2" srcActor="D0N35"/>
            <port dstActor="D0N31" name="p3" srcActor="D0N17"/>
            <port dstActor="D0N35" name="p4" srcActor="D0N17"/>
            <port dstActor="D0N28" name="p5" srcActor="D0N17"/>
            <port dstActor="D0N30" name="p6" srcActor="D0N17"/>
            <port dstActor="D0N31" name="p7" srcActor="D0N4"/>
            <port dstActor="D0N25" name="p8" srcActor="D0N4"/>
            <port dstActor="D0N44" name="p9" srcActor="D0N4"/>
            <port dstActor="D0N28" name="p10" srcActor="D0N20"/>
            <port dstActor="D0N40" name="p11" srcActor="D0N20"/>
            <port dstActor="D0N34" name="p12" srcActor="D0N20"/>
            <port dstActor="D0N26" name="p13" srcActor="D0N20"/>
            <port dstActor="D0N47" name="p14" srcActor="D0N20"/>
            <port dstActor="D0N47" name="p15" srcActor="D0N34"/>
            <port dstActor="D0N37" name="p16" srcActor="D0N30"/>
            <port dstActor="D0N34" name="p17" srcActor="D0N0"/>
            <port dstActor="D0N3" name="p18" srcActor="D0N0"/>
            <port dstActor="D0N38" name="p19" srcActor="D0N0"/>
            <port dstActor="D0N47" name="p20" srcActor="D0N0"/>
            <port dstActor="D0N7" name="p21" srcActor="D0N0"/>
            <port dstActor="D0N37" name="p22" srcActor="D0N0"/>
            <port dstActor="D0N34" name="p23" srcActor="D0N3"/>
            <port dstActor="D0N12" name="p24" srcActor="D0N3"/>
            <port dstActor="D0N25" name="p25" srcActor="D0N3"/>
            <port dstActor="D0N4" name="p26" srcActor="D0N3"/>
            <port dstActor="D0N37" name="p27" srcActor="D0N16"/>
            <port dstActor="D0N45" name="p28" srcActor="D0N22"/>
            <port dstActor="D0N36" name="p29" srcActor="D0N22"/>
            <port dstActor="D0N41" name="p30" srcActor="D0N22"/>
            <port dstActor="D0N23" name="p31" srcActor="D0N22"/>
            <port dstActor="D0N46" name="p32" srcActor="D0N44"/>
            <port dstActor="D0N10" name="p33" srcActor="D0N2"/>
            <port dstActor="D0N44" name="p34" srcActor="D0N2"/>
            <port dstActor="D0N45" name="p35" srcActor="D0N2"/>
            <port dstActor="D0N40" name="p36" srcActor="D0N9"/>
            <port dstActor="D0N18" name="p37" srcActor="D0N9"/>
            <port dstActor="D0N16" name="p38" srcActor="D0N9"/>
            <port dstActor="D0N46" name="p39" srcActor="D0N9"/>
            <port dstActor="D0N30" name="p40" srcActor="D0N9"/>
            <port dstActor="D0N35" name="p41" srcActor="D0N9"/>
            <port dstActor="D0N35" name="p42" srcActor="D0N25"/>
            <port dstActor="D0N33" name="p43" srcActor="D0N13"/>
            <port dstActor="D0N26" name="p44" srcActor="D0N13"/>
            <port dstActor="D0N38" name="p45" srcActor="D0N13"/>
            <port dstActor="D0N36" name="p46" srcActor="D0N12"/>
            <port dstActor="D0N44" name="p47" srcActor="D0N12"/>
            <port dstActor="D0N40" name="p48" srcActor="D0N12"/>
            <port dstActor="D0N34" name="p49" srcActor="D0N12"/>
            <port dstActor="D0N37" name="p50" srcActor="D0N5"/>
            <port dstActor="D0N41" name="p51" srcActor="D0N5"/>
            <port dstActor="D0N29" name="p52" srcActor="D0N26"/>
            <port dstActor="D0N42" name="p53" srcActor="D0N26"/>
            <port dstActor="D0N36" name="p54" srcActor="D0N26"/>
            <port dstActor="D0N34" name="p55" srcActor="D0N26"/>
            <port dstActor="D0N46" name="p56" srcActor="D0N8"/>
            <port dstActor="D0N13" name="p57" srcActor="D0N8"/>
            <port dstActor="D0N44" name="p58" srcActor="D0N37"/>
            <port dstActor="D0N46" name="p59" srcActor="D0N45"/>
            <port dstActor="D0N42" name="p60" srcActor="D0N21"/>
            <port dstActor="D0N25" name="p61" srcActor="D0N21"/>
            <port dstActor="D0N37" name="p62" srcActor="D0N27"/>
            <port dstActor="D0N44" name="p63" srcActor="D0N27"/>
            <port dstActor="D0N40" name="p64" srcActor="D0N27"/>
            <port dstActor="D0N40" name="p65" srcActor="D0N14"/>
            <port dstActor="D0N41" name="p66" srcActor="D0N14"/>
            <port dstActor="D0N34" name="p67" srcActor="D0N14"/>
            <port dstActor="D0N31" name="p68" srcActor="D0N14"/>
            <port dstActor="D0N17" name="p69" srcActor="D0N14"/>
            <port dstActor="D0N19" name="p70" srcActor="D0N14"/>
            <port dstActor="D0N45" name="p71" srcActor="D0N6"/>
            <port dstActor="D0N36" name="p72" srcActor="D0N6"/>
            <port dstActor="D0N7" name="p73" srcActor="D0N6"/>
            <port dstActor="D0N47" name="p74" srcActor="D0N6"/>
            <port dstActor="D0N36" name="p75" srcActor="D0N31"/>
            <port dstActor="D0N44" name="p76" srcActor="D0N32"/>
            <port dstActor="D0N23" name="p77" srcActor="D0N10"/>
            <port dstActor="D0N15" name="p78" srcActor="D0N10"/>
            <port dstActor="D0N30" name="p79" srcActor="D0N10"/>
            <port dstActor="D0N41" name="p80" srcActor="D0N10"/>
            <port dstActor="D0N31" name="p81" srcActor="D0N10"/>
            <port dstActor="D0N37" name="p82" srcActor="D0N10"/>
            <port dstActor="D0N11" name="p83" srcActor="D0N10"/>
            <port dstActor="D0N33" name="p84" srcActor="D0N10"/>
            <port dstActor="D0N32" name="p85" srcActor="D0N10"/>
            <port dstActor="D0N39" name="p86" srcActor="D0N10"/>
            <port dstActor="D0N40" name="p87" srcActor="D0N10"/>
            <port dstActor="D0N38" name="p88" srcActor="D0N1"/>
            <port dstActor="D0N14" name="p89" srcActor="D0N1"/>
            <port dstActor="D0N47" name="p90" srcActor="D0N46"/>
            <port dstActor="D0N45" name="p91" srcActor="D0N18"/>
            <port dstActor="D0N22" name="p92" srcActor="D0N18"/>
            <port dstActor="D0N27" name="p93" srcActor="D0N23"/>
            <port dstActor="D0N33" name="p94" srcActor="D0N23"/>
            <port dstActor="D0N39" name="p95" srcActor="D0N23"/>
            <port dstActor="D0N46" name="p96" srcActor="D0N38"/>
            <port dstActor="D0N47" name="p97" srcActor="D0N38"/>
            <port dstActor="D0N25" name="p98" srcActor="D0N24"/>
            <port dstActor="D0N44" name="p99" srcActor="D0N24"/>
            <port dstActor="D0N35" name="p100" srcActor="D0N29"/>
            <port dstActor="D0N31" name="p101" srcActor="D0N29"/>
            <port dstActor="D0N35" name="p102" srcActor="D0N15"/>
            <port dstActor="D0N29" name="p103" srcActor="D0N15"/>
            <port dstActor="D0N39" name="p104" srcActor="D0N15"/>
            <port dstActor="D0N26" name="p105" srcActor="D0N15"/>
            <port dstActor="D0N24" name="p106" srcActor="D0N7"/>
            <port dstActor="D0N14" name="p107" srcActor="D0N7"/>
            <port dstActor="D0N42" name="p108" srcActor="D0N28"/>
            <port dstActor="D0N43" name="p109" srcActor="D0N28"/>
            <port dstActor="D0N39" name="p110" srcActor="D0N28"/>
            <port dstActor="D0N41" name="p111" srcActor="D0N28"/>
            <port dstActor="D0N31" name="p112" srcActor="D0N19"/>
            <port dstActor="D0N43" name="p113" srcActor="D0N19"/>
            <port dstActor="D0N21" name="p114" srcActor="D0N19"/>
            <port dstActor="D0N32" name="p115" srcActor="D0N19"/>
            <port dstActor="D0N42" name="p116" srcActor="D0N19"/>
            <port dstActor="D0N30" name="p117" srcActor="D0N19"/>
            <port dstActor="D0N43" name="p118" srcActor="D0N11"/>
            <port dstActor="D0N16" name="p119" srcActor="D0N11"/>
            <port dstActor="D0N26" name="p120" srcActor="D0N11"/>
        </ports>
    </mcdag>
    <cores number="3"/>
    <levels number="2"/>
</mcsystem>
