<?xml version="1.0" encoding="UTF-8" standalone="no"?>
<mcsystem>
    <mcdag deadline="1000" name="genned-0-ed-10.0-0">
        <actor name="D0N28">
            <wcet number="0">10</wcet>
            <wcet number="1">10</wcet>
            <maxpow number="0.39253343290292175"/>
            <maxpow number="0.39253343290292175"/>
            <fprob>0.0</fprob>
        </actor>
        <actor name="D0N11">
            <wcet number="0">50</wcet>
            <wcet number="1">70</wcet>
            <maxpow number="0.5787874352274183"/>
            <maxpow number="0.5787874352274183"/>
            <fprob>0.0</fprob>
        </actor>
        <actor name="D0N5">
            <wcet number="0">30</wcet>
            <wcet number="1">50</wcet>
            <maxpow number="0.27389234191704726"/>
            <maxpow number="0.27389234191704726"/>
            <fprob>0.0</fprob>
        </actor>
        <actor name="D0N26">
            <wcet number="0">110</wcet>
            <wcet number="1">110</wcet>
            <maxpow number="0.17419068963615553"/>
            <maxpow number="0.17419068963615553"/>
            <fprob>0.0</fprob>
        </actor>
        <actor name="D0N8">
            <wcet number="0">20</wcet>
            <wcet number="1">30</wcet>
            <maxpow number="0.4410272768130357"/>
            <maxpow number="0.4410272768130357"/>
            <fprob>0.0</fprob>
        </actor>
        <actor name="D0N20">
            <wcet number="0">30</wcet>
            <wcet number="1">60</wcet>
            <maxpow number="0.5373196380368608"/>
            <maxpow number="0.5373196380368608"/>
            <fprob>0.0</fprob>
        </actor>
        <actor name="D0N46">
            <wcet number="0">10</wcet>
            <wcet number="1">30</wcet>
            <maxpow number="0.31369061485940236"/>
            <maxpow number="0.31369061485940236"/>
            <fprob>0.0</fprob>
        </actor>
        <actor name="D0N7">
            <wcet number="0">40</wcet>
            <wcet number="1">60</wcet>
            <maxpow number="0.6411974693121565"/>
            <maxpow number="0.6411974693121565"/>
            <fprob>0.0</fprob>
        </actor>
        <actor name="D0N34">
            <wcet number="0">50</wcet>
            <wcet number="1">50</wcet>
            <maxpow number="0.7571515691461829"/>
            <maxpow number="0.7571515691461829"/>
            <fprob>0.0</fprob>
        </actor>
        <actor name="D0N9">
            <wcet number="0">100</wcet>
            <wcet number="1">130</wcet>
            <maxpow number="0.4515865080727357"/>
            <maxpow number="0.4515865080727357"/>
            <fprob>0.0</fprob>
        </actor>
        <actor name="D0N12">
            <wcet number="0">30</wcet>
            <wcet number="1">40</wcet>
            <maxpow number="0.4033944803383046"/>
            <maxpow number="0.4033944803383046"/>
            <fprob>0.0</fprob>
        </actor>
        <actor name="D0N25">
            <wcet number="0">20</wcet>
            <wcet number="1">90</wcet>
            <maxpow number="0.6683286014017742"/>
            <maxpow number="0.6683286014017742"/>
            <fprob>0.0</fprob>
        </actor>
        <actor name="D0N41">
            <wcet number="0">30</wcet>
            <wcet number="1">30</wcet>
            <maxpow number="0.07044581833243552"/>
            <maxpow number="0.07044581833243552"/>
            <fprob>0.0</fprob>
        </actor>
        <actor name="D0N37">
            <wcet number="0">40</wcet>
            <wcet number="1">50</wcet>
            <maxpow number="0.3840995318954095"/>
            <maxpow number="0.3840995318954095"/>
            <fprob>0.0</fprob>
        </actor>
        <actor name="D0N17">
            <wcet number="0">30</wcet>
            <wcet number="1">30</wcet>
            <maxpow number="1.0048892066682495"/>
            <maxpow number="1.0048892066682495"/>
            <fprob>0.0</fprob>
        </actor>
        <actor name="D0N42">
            <wcet number="0">50</wcet>
            <wcet number="1">60</wcet>
            <maxpow number="0.18349810223369317"/>
            <maxpow number="0.18349810223369317"/>
            <fprob>0.0</fprob>
        </actor>
        <actor name="D0N29">
            <wcet number="0">50</wcet>
            <wcet number="1">50</wcet>
            <maxpow number="0.45304412009516376"/>
            <maxpow number="0.45304412009516376"/>
            <fprob>0.0</fprob>
        </actor>
        <actor name="D0N43">
            <wcet number="0">30</wcet>
            <wcet number="1">30</wcet>
            <maxpow number="0.45543517099852904"/>
            <maxpow number="0.45543517099852904"/>
            <fprob>0.0</fprob>
        </actor>
        <actor name="D0N23">
            <wcet number="0">20</wcet>
            <wcet number="1">40</wcet>
            <maxpow number="0.5369186071651832"/>
            <maxpow number="0.5369186071651832"/>
            <fprob>0.0</fprob>
        </actor>
        <actor name="D0N3">
            <wcet number="0">30</wcet>
            <wcet number="1">30</wcet>
            <maxpow number="0.6474851981096104"/>
            <maxpow number="0.6474851981096104"/>
            <fprob>0.0</fprob>
        </actor>
        <actor name="D0N14">
            <wcet number="0">100</wcet>
            <wcet number="1">100</wcet>
            <maxpow number="0.1966951484852556"/>
            <maxpow number="0.1966951484852556"/>
            <fprob>0.0</fprob>
        </actor>
        <actor name="D0N1">
            <wcet number="0">20</wcet>
            <wcet number="1">30</wcet>
            <maxpow number="0.4526632745822324"/>
            <maxpow number="0.4526632745822324"/>
            <fprob>0.0</fprob>
        </actor>
        <actor name="D0N19">
            <wcet number="0">10</wcet>
            <wcet number="1">30</wcet>
            <maxpow number="0.5877592751944251"/>
            <maxpow number="0.5877592751944251"/>
            <fprob>0.0</fprob>
        </actor>
        <actor name="D0N2">
            <wcet number="0">20</wcet>
            <wcet number="1">20</wcet>
            <maxpow number="0.5711875934949109"/>
            <maxpow number="0.5711875934949109"/>
            <fprob>0.0</fprob>
        </actor>
        <actor name="D0N35">
            <wcet number="0">20</wcet>
            <wcet number="1">40</wcet>
            <maxpow number="0.747946915724939"/>
            <maxpow number="0.747946915724939"/>
            <fprob>0.0</fprob>
        </actor>
        <actor name="D0N13">
            <wcet number="0">20</wcet>
            <wcet number="1">20</wcet>
            <maxpow number="0.7964649853457859"/>
            <maxpow number="0.7964649853457859"/>
            <fprob>0.0</fprob>
        </actor>
        <actor name="D0N30">
            <wcet number="0">10</wcet>
            <wcet number="1">140</wcet>
            <maxpow number="0.6847320172899762"/>
            <maxpow number="0.6847320172899762"/>
            <fprob>0.0</fprob>
        </actor>
        <actor name="D0N36">
            <wcet number="0">10</wcet>
            <wcet number="1">10</wcet>
            <maxpow number="0.535802717384462"/>
            <maxpow number="0.535802717384462"/>
            <fprob>0.0</fprob>
        </actor>
        <actor name="D0N33">
            <wcet number="0">10</wcet>
            <wcet number="1">30</wcet>
            <maxpow number="0.1277796027225852"/>
            <maxpow number="0.1277796027225852"/>
            <fprob>0.0</fprob>
        </actor>
        <actor name="D0N22">
            <wcet number="0">10</wcet>
            <wcet number="1">50</wcet>
            <maxpow number="0.3758468324634038"/>
            <maxpow number="0.3758468324634038"/>
            <fprob>0.0</fprob>
        </actor>
        <actor name="D0N40">
            <wcet number="0">10</wcet>
            <wcet number="1">120</wcet>
            <maxpow number="0.322728307792954"/>
            <maxpow number="0.322728307792954"/>
            <fprob>0.0</fprob>
        </actor>
        <actor name="D0N31">
            <wcet number="0">60</wcet>
            <wcet number="1">60</wcet>
            <maxpow number="0.24110799837692376"/>
            <maxpow number="0.24110799837692376"/>
            <fprob>0.0</fprob>
        </actor>
        <actor name="D0N21">
            <wcet number="0">40</wcet>
            <wcet number="1">100</wcet>
            <maxpow number="0.7815541886706723"/>
            <maxpow number="0.7815541886706723"/>
            <fprob>0.0</fprob>
        </actor>
        <actor name="D0N27">
            <wcet number="0">20</wcet>
            <wcet number="1">40</wcet>
            <maxpow number="0.713989154940289"/>
            <maxpow number="0.713989154940289"/>
            <fprob>0.0</fprob>
        </actor>
        <actor name="D0N38">
            <wcet number="0">10</wcet>
            <wcet number="1">30</wcet>
            <maxpow number="0.5983698174388745"/>
            <maxpow number="0.5983698174388745"/>
            <fprob>0.0</fprob>
        </actor>
        <actor name="D0N32">
            <wcet number="0">20</wcet>
            <wcet number="1">40</wcet>
            <maxpow number="0.8418376628904569"/>
            <maxpow number="0.8418376628904569"/>
            <fprob>0.0</fprob>
        </actor>
        <actor name="D0N4">
            <wcet number="0">10</wcet>
            <wcet number="1">20</wcet>
            <maxpow number="0.5419201459717538"/>
            <maxpow number="0.5419201459717538"/>
            <fprob>0.0</fprob>
        </actor>
        <actor name="D0N24">
            <wcet number="0">40</wcet>
            <wcet number="1">40</wcet>
            <maxpow number="0.6622402218174105"/>
            <maxpow number="0.6622402218174105"/>
            <fprob>0.0</fprob>
        </actor>
        <actor name="D0N16">
            <wcet number="0">20</wcet>
            <wcet number="1">20</wcet>
            <maxpow number="0.6562818814162031"/>
            <maxpow number="0.6562818814162031"/>
            <fprob>0.0</fprob>
        </actor>
        <actor name="D0N18">
            <wcet number="0">10</wcet>
            <wcet number="1">10</wcet>
            <maxpow number="0.9514148361011918"/>
            <maxpow number="0.9514148361011918"/>
            <fprob>0.0</fprob>
        </actor>
        <actor name="D0N6">
            <wcet number="0">10</wcet>
            <wcet number="1">100</wcet>
            <maxpow number="0.4502923305674469"/>
            <maxpow number="0.4502923305674469"/>
            <fprob>0.0</fprob>
        </actor>
        <actor name="D0N0">
            <wcet number="0">30</wcet>
            <wcet number="1">40</wcet>
            <maxpow number="0.48320698492215614"/>
            <maxpow number="0.48320698492215614"/>
            <fprob>0.0</fprob>
        </actor>
        <actor name="D0N45">
            <wcet number="0">10</wcet>
            <wcet number="1">20</wcet>
            <maxpow number="0.5713247580649184"/>
            <maxpow number="0.5713247580649184"/>
            <fprob>0.0</fprob>
        </actor>
        <actor name="D0N15">
            <wcet number="0">30</wcet>
            <wcet number="1">120</wcet>
            <maxpow number="0.6799865182114405"/>
            <maxpow number="0.6799865182114405"/>
            <fprob>0.0</fprob>
        </actor>
        <actor name="D0N39">
            <wcet number="0">30</wcet>
            <wcet number="1">30</wcet>
            <maxpow number="0.32257416445886056"/>
            <maxpow number="0.32257416445886056"/>
            <fprob>0.0</fprob>
        </actor>
        <actor name="D0N10">
            <wcet number="0">20</wcet>
            <wcet number="1">20</wcet>
            <maxpow number="0.39422334129011594"/>
            <maxpow number="0.39422334129011594"/>
            <fprob>0.0</fprob>
        </actor>
        <actor name="D0N44">
            <wcet number="0">50</wcet>
            <wcet number="1">70</wcet>
            <maxpow number="0.4336289080660354"/>
            <maxpow number="0.4336289080660354"/>
            <fprob>0.0</fprob>
        </actor>
        <ports>
            <port dstActor="D0N45" name="p0" srcActor="D0N28"/>
            <port dstActor="D0N38" name="p1" srcActor="D0N28"/>
            <port dstActor="D0N45" name="p2" srcActor="D0N11"/>
            <port dstActor="D0N15" name="p3" srcActor="D0N11"/>
            <port dstActor="D0N16" name="p4" srcActor="D0N5"/>
            <port dstActor="D0N22" name="p5" srcActor="D0N5"/>
            <port dstActor="D0N33" name="p6" srcActor="D0N26"/>
            <port dstActor="D0N30" name="p7" srcActor="D0N26"/>
            <port dstActor="D0N46" name="p8" srcActor="D0N26"/>
            <port dstActor="D0N29" name="p9" srcActor="D0N26"/>
            <port dstActor="D0N38" name="p10" srcActor="D0N8"/>
            <port dstActor="D0N34" name="p11" srcActor="D0N8"/>
            <port dstActor="D0N19" name="p12" srcActor="D0N8"/>
            <port dstActor="D0N30" name="p13" srcActor="D0N20"/>
            <port dstActor="D0N45" name="p14" srcActor="D0N20"/>
            <port dstActor="D0N44" name="p15" srcActor="D0N20"/>
            <port dstActor="D0N9" name="p16" srcActor="D0N7"/>
            <port dstActor="D0N22" name="p17" srcActor="D0N7"/>
            <port dstActor="D0N36" name="p18" srcActor="D0N7"/>
            <port dstActor="D0N28" name="p19" srcActor="D0N7"/>
            <port dstActor="D0N31" name="p20" srcActor="D0N7"/>
            <port dstActor="D0N12" name="p21" srcActor="D0N7"/>
            <port dstActor="D0N40" name="p22" srcActor="D0N34"/>
            <port dstActor="D0N10" name="p23" srcActor="D0N9"/>
            <port dstActor="D0N19" name="p24" srcActor="D0N9"/>
            <port dstActor="D0N24" name="p25" srcActor="D0N9"/>
            <port dstActor="D0N17" name="p26" srcActor="D0N12"/>
            <port dstActor="D0N21" name="p27" srcActor="D0N12"/>
            <port dstActor="D0N32" name="p28" srcActor="D0N12"/>
            <port dstActor="D0N39" name="p29" srcActor="D0N12"/>
            <port dstActor="D0N35" name="p30" srcActor="D0N25"/>
            <port dstActor="D0N27" name="p31" srcActor="D0N25"/>
            <port dstActor="D0N31" name="p32" srcActor="D0N25"/>
            <port dstActor="D0N39" name="p33" srcActor="D0N25"/>
            <port dstActor="D0N43" name="p34" srcActor="D0N25"/>
            <port dstActor="D0N43" name="p35" srcActor="D0N37"/>
            <port dstActor="D0N41" name="p36" srcActor="D0N37"/>
            <port dstActor="D0N27" name="p37" srcActor="D0N17"/>
            <port dstActor="D0N31" name="p38" srcActor="D0N17"/>
            <port dstActor="D0N39" name="p39" srcActor="D0N17"/>
            <port dstActor="D0N37" name="p40" srcActor="D0N17"/>
            <port dstActor="D0N28" name="p41" srcActor="D0N17"/>
            <port dstActor="D0N41" name="p42" srcActor="D0N29"/>
            <port dstActor="D0N30" name="p43" srcActor="D0N29"/>
            <port dstActor="D0N44" name="p44" srcActor="D0N23"/>
            <port dstActor="D0N32" name="p45" srcActor="D0N23"/>
            <port dstActor="D0N41" name="p46" srcActor="D0N3"/>
            <port dstActor="D0N15" name="p47" srcActor="D0N3"/>
            <port dstActor="D0N22" name="p48" srcActor="D0N14"/>
            <port dstActor="D0N27" name="p49" srcActor="D0N1"/>
            <port dstActor="D0N36" name="p50" srcActor="D0N1"/>
            <port dstActor="D0N18" name="p51" srcActor="D0N1"/>
            <port dstActor="D0N25" name="p52" srcActor="D0N19"/>
            <port dstActor="D0N29" name="p53" srcActor="D0N19"/>
            <port dstActor="D0N11" name="p54" srcActor="D0N2"/>
            <port dstActor="D0N15" name="p55" srcActor="D0N2"/>
            <port dstActor="D0N10" name="p56" srcActor="D0N2"/>
            <port dstActor="D0N39" name="p57" srcActor="D0N35"/>
            <port dstActor="D0N15" name="p58" srcActor="D0N13"/>
            <port dstActor="D0N26" name="p59" srcActor="D0N13"/>
            <port dstActor="D0N16" name="p60" srcActor="D0N13"/>
            <port dstActor="D0N22" name="p61" srcActor="D0N13"/>
            <port dstActor="D0N46" name="p62" srcActor="D0N30"/>
            <port dstActor="D0N45" name="p63" srcActor="D0N30"/>
            <port dstActor="D0N25" name="p64" srcActor="D0N22"/>
            <port dstActor="D0N45" name="p65" srcActor="D0N31"/>
            <port dstActor="D0N23" name="p66" srcActor="D0N21"/>
            <port dstActor="D0N28" name="p67" srcActor="D0N21"/>
            <port dstActor="D0N34" name="p68" srcActor="D0N21"/>
            <port dstActor="D0N32" name="p69" srcActor="D0N21"/>
            <port dstActor="D0N38" name="p70" srcActor="D0N21"/>
            <port dstActor="D0N41" name="p71" srcActor="D0N27"/>
            <port dstActor="D0N45" name="p72" srcActor="D0N27"/>
            <port dstActor="D0N39" name="p73" srcActor="D0N27"/>
            <port dstActor="D0N36" name="p74" srcActor="D0N27"/>
            <port dstActor="D0N35" name="p75" srcActor="D0N27"/>
            <port dstActor="D0N46" name="p76" srcActor="D0N32"/>
            <port dstActor="D0N33" name="p77" srcActor="D0N32"/>
            <port dstActor="D0N36" name="p78" srcActor="D0N32"/>
            <port dstActor="D0N19" name="p79" srcActor="D0N4"/>
            <port dstActor="D0N22" name="p80" srcActor="D0N4"/>
            <port dstActor="D0N44" name="p81" srcActor="D0N4"/>
            <port dstActor="D0N5" name="p82" srcActor="D0N4"/>
            <port dstActor="D0N14" name="p83" srcActor="D0N4"/>
            <port dstActor="D0N18" name="p84" srcActor="D0N4"/>
            <port dstActor="D0N25" name="p85" srcActor="D0N4"/>
            <port dstActor="D0N39" name="p86" srcActor="D0N24"/>
            <port dstActor="D0N22" name="p87" srcActor="D0N16"/>
            <port dstActor="D0N42" name="p88" srcActor="D0N16"/>
            <port dstActor="D0N44" name="p89" srcActor="D0N18"/>
            <port dstActor="D0N40" name="p90" srcActor="D0N18"/>
            <port dstActor="D0N28" name="p91" srcActor="D0N18"/>
            <port dstActor="D0N26" name="p92" srcActor="D0N18"/>
            <port dstActor="D0N38" name="p93" srcActor="D0N18"/>
            <port dstActor="D0N15" name="p94" srcActor="D0N6"/>
            <port dstActor="D0N39" name="p95" srcActor="D0N6"/>
            <port dstActor="D0N7" name="p96" srcActor="D0N6"/>
            <port dstActor="D0N17" name="p97" srcActor="D0N6"/>
            <port dstActor="D0N11" name="p98" srcActor="D0N0"/>
            <port dstActor="D0N39" name="p99" srcActor="D0N0"/>
            <port dstActor="D0N4" name="p100" srcActor="D0N0"/>
            <port dstActor="D0N41" name="p101" srcActor="D0N0"/>
            <port dstActor="D0N26" name="p102" srcActor="D0N0"/>
            <port dstActor="D0N22" name="p103" srcActor="D0N0"/>
            <port dstActor="D0N2" name="p104" srcActor="D0N0"/>
            <port dstActor="D0N46" name="p105" srcActor="D0N15"/>
            <port dstActor="D0N36" name="p106" srcActor="D0N15"/>
            <port dstActor="D0N22" name="p107" srcActor="D0N15"/>
            <port dstActor="D0N34" name="p108" srcActor="D0N15"/>
            <port dstActor="D0N24" name="p109" srcActor="D0N15"/>
            <port dstActor="D0N30" name="p110" srcActor="D0N15"/>
            <port dstActor="D0N38" name="p111" srcActor="D0N15"/>
            <port dstActor="D0N32" name="p112" srcActor="D0N15"/>
            <port dstActor="D0N46" name="p113" srcActor="D0N39"/>
            <port dstActor="D0N45" name="p114" srcActor="D0N10"/>
            <port dstActor="D0N23" name="p115" srcActor="D0N10"/>
            <port dstActor="D0N36" name="p116" srcActor="D0N10"/>
            <port dstActor="D0N45" name="p117" srcActor="D0N44"/>
        </ports>
    </mcdag>
    <cores number="3"/>
    <levels number="2"/>
</mcsystem>
