<?xml version="1.0" encoding="UTF-8" standalone="no"?>
<mcsystem>
    <mcdag deadline="1800" name="genned-0-ed-10.0-0">
        <actor name="D0N26">
            <wcet number="0">80</wcet>
            <wcet number="1">110</wcet>
            <maxpow number="0.2144237566947501"/>
            <maxpow number="0.2144237566947501"/>
            <fprob>0.0</fprob>
        </actor>
        <actor name="D0N4">
            <wcet number="0">70</wcet>
            <wcet number="1">120</wcet>
            <maxpow number="0.7604714561250977"/>
            <maxpow number="0.7604714561250977"/>
            <fprob>0.0</fprob>
        </actor>
        <actor name="D0N15">
            <wcet number="0">120</wcet>
            <wcet number="1">160</wcet>
            <maxpow number="0.29209387319773417"/>
            <maxpow number="0.29209387319773417"/>
            <fprob>0.0</fprob>
        </actor>
        <actor name="D0N32">
            <wcet number="0">30</wcet>
            <wcet number="1">30</wcet>
            <maxpow number="0.5283663981715314"/>
            <maxpow number="0.5283663981715314"/>
            <fprob>0.0</fprob>
        </actor>
        <actor name="D0N16">
            <wcet number="0">50</wcet>
            <wcet number="1">100</wcet>
            <maxpow number="0.7907058374736329"/>
            <maxpow number="0.7907058374736329"/>
            <fprob>0.0</fprob>
        </actor>
        <actor name="D0N20">
            <wcet number="0">40</wcet>
            <wcet number="1">50</wcet>
            <maxpow number="0.5896121480441947"/>
            <maxpow number="0.5896121480441947"/>
            <fprob>0.0</fprob>
        </actor>
        <actor name="D0N21">
            <wcet number="0">30</wcet>
            <wcet number="1">90</wcet>
            <maxpow number="0.7301557446507347"/>
            <maxpow number="0.7301557446507347"/>
            <fprob>0.0</fprob>
        </actor>
        <actor name="D0N25">
            <wcet number="0">60</wcet>
            <wcet number="1">140</wcet>
            <maxpow number="0.45300916420968995"/>
            <maxpow number="0.45300916420968995"/>
            <fprob>0.0</fprob>
        </actor>
        <actor name="D0N40">
            <wcet number="0">10</wcet>
            <wcet number="1">50</wcet>
            <maxpow number="0.21287108950651096"/>
            <maxpow number="0.21287108950651096"/>
            <fprob>0.0</fprob>
        </actor>
        <actor name="D0N10">
            <wcet number="0">40</wcet>
            <wcet number="1">40</wcet>
            <maxpow number="0.2489847492125799"/>
            <maxpow number="0.2489847492125799"/>
            <fprob>0.0</fprob>
        </actor>
        <actor name="D0N23">
            <wcet number="0">30</wcet>
            <wcet number="1">70</wcet>
            <maxpow number="0.5663082743325225"/>
            <maxpow number="0.5663082743325225"/>
            <fprob>0.0</fprob>
        </actor>
        <actor name="D0N12">
            <wcet number="0">250</wcet>
            <wcet number="1">330</wcet>
            <maxpow number="0.6051194850936699"/>
            <maxpow number="0.6051194850936699"/>
            <fprob>0.0</fprob>
        </actor>
        <actor name="D0N31">
            <wcet number="0">10</wcet>
            <wcet number="1">70</wcet>
            <maxpow number="0.5064127669367293"/>
            <maxpow number="0.5064127669367293"/>
            <fprob>0.0</fprob>
        </actor>
        <actor name="D0N41">
            <wcet number="0">130</wcet>
            <wcet number="1">170</wcet>
            <maxpow number="0.5984310941952081"/>
            <maxpow number="0.5984310941952081"/>
            <fprob>0.0</fprob>
        </actor>
        <actor name="D0N43">
            <wcet number="0">60</wcet>
            <wcet number="1">60</wcet>
            <maxpow number="0.7669978492550916"/>
            <maxpow number="0.7669978492550916"/>
            <fprob>0.0</fprob>
        </actor>
        <actor name="D0N37">
            <wcet number="0">10</wcet>
            <wcet number="1">10</wcet>
            <maxpow number="0.5482124158391704"/>
            <maxpow number="0.5482124158391704"/>
            <fprob>0.0</fprob>
        </actor>
        <actor name="D0N11">
            <wcet number="0">30</wcet>
            <wcet number="1">60</wcet>
            <maxpow number="0.2293185581581389"/>
            <maxpow number="0.2293185581581389"/>
            <fprob>0.0</fprob>
        </actor>
        <actor name="D0N8">
            <wcet number="0">10</wcet>
            <wcet number="1">110</wcet>
            <maxpow number="0.4888629531827922"/>
            <maxpow number="0.4888629531827922"/>
            <fprob>0.0</fprob>
        </actor>
        <actor name="D0N9">
            <wcet number="0">10</wcet>
            <wcet number="1">10</wcet>
            <maxpow number="0.8350033122871909"/>
            <maxpow number="0.8350033122871909"/>
            <fprob>0.0</fprob>
        </actor>
        <actor name="D0N13">
            <wcet number="0">60</wcet>
            <wcet number="1">70</wcet>
            <maxpow number="0.12006717624264596"/>
            <maxpow number="0.12006717624264596"/>
            <fprob>0.0</fprob>
        </actor>
        <actor name="D0N18">
            <wcet number="0">10</wcet>
            <wcet number="1">10</wcet>
            <maxpow number="1.040180639440539"/>
            <maxpow number="1.040180639440539"/>
            <fprob>0.0</fprob>
        </actor>
        <actor name="D0N3">
            <wcet number="0">270</wcet>
            <wcet number="1">290</wcet>
            <maxpow number="0.4726537084882985"/>
            <maxpow number="0.4726537084882985"/>
            <fprob>0.0</fprob>
        </actor>
        <actor name="D0N35">
            <wcet number="0">50</wcet>
            <wcet number="1">70</wcet>
            <maxpow number="0.6716283676884737"/>
            <maxpow number="0.6716283676884737"/>
            <fprob>0.0</fprob>
        </actor>
        <actor name="D0N5">
            <wcet number="0">30</wcet>
            <wcet number="1">40</wcet>
            <maxpow number="0.5785362673920271"/>
            <maxpow number="0.5785362673920271"/>
            <fprob>0.0</fprob>
        </actor>
        <actor name="D0N30">
            <wcet number="0">20</wcet>
            <wcet number="1">20</wcet>
            <maxpow number="0.5594902527669151"/>
            <maxpow number="0.5594902527669151"/>
            <fprob>0.0</fprob>
        </actor>
        <actor name="D0N36">
            <wcet number="0">90</wcet>
            <wcet number="1">120</wcet>
            <maxpow number="0.46227046373191294"/>
            <maxpow number="0.46227046373191294"/>
            <fprob>0.0</fprob>
        </actor>
        <actor name="D0N22">
            <wcet number="0">240</wcet>
            <wcet number="1">280</wcet>
            <maxpow number="0.6997608859705018"/>
            <maxpow number="0.6997608859705018"/>
            <fprob>0.0</fprob>
        </actor>
        <actor name="D0N27">
            <wcet number="0">10</wcet>
            <wcet number="1">70</wcet>
            <maxpow number="0.18444916932942695"/>
            <maxpow number="0.18444916932942695"/>
            <fprob>0.0</fprob>
        </actor>
        <actor name="D0N45">
            <wcet number="0">10</wcet>
            <wcet number="1">410</wcet>
            <maxpow number="0.6786740870490048"/>
            <maxpow number="0.6786740870490048"/>
            <fprob>0.0</fprob>
        </actor>
        <actor name="D0N14">
            <wcet number="0">40</wcet>
            <wcet number="1">140</wcet>
            <maxpow number="0.4536756234161511"/>
            <maxpow number="0.4536756234161511"/>
            <fprob>0.0</fprob>
        </actor>
        <actor name="D0N44">
            <wcet number="0">20</wcet>
            <wcet number="1">20</wcet>
            <maxpow number="0.6185096877615958"/>
            <maxpow number="0.6185096877615958"/>
            <fprob>0.0</fprob>
        </actor>
        <actor name="D0N34">
            <wcet number="0">60</wcet>
            <wcet number="1">60</wcet>
            <maxpow number="0.6618499507316516"/>
            <maxpow number="0.6618499507316516"/>
            <fprob>0.0</fprob>
        </actor>
        <actor name="D0N24">
            <wcet number="0">10</wcet>
            <wcet number="1">160</wcet>
            <maxpow number="0.0779171770986089"/>
            <maxpow number="0.0779171770986089"/>
            <fprob>0.0</fprob>
        </actor>
        <actor name="D0N38">
            <wcet number="0">410</wcet>
            <wcet number="1">450</wcet>
            <maxpow number="0.6157538096343544"/>
            <maxpow number="0.6157538096343544"/>
            <fprob>0.0</fprob>
        </actor>
        <actor name="D0N33">
            <wcet number="0">30</wcet>
            <wcet number="1">50</wcet>
            <maxpow number="0.47296353412298053"/>
            <maxpow number="0.47296353412298053"/>
            <fprob>0.0</fprob>
        </actor>
        <actor name="D0N7">
            <wcet number="0">30</wcet>
            <wcet number="1">40</wcet>
            <maxpow number="0.7958885641597739"/>
            <maxpow number="0.7958885641597739"/>
            <fprob>0.0</fprob>
        </actor>
        <actor name="D0N6">
            <wcet number="0">10</wcet>
            <wcet number="1">10</wcet>
            <maxpow number="0.5433880527374725"/>
            <maxpow number="0.5433880527374725"/>
            <fprob>0.0</fprob>
        </actor>
        <actor name="D0N39">
            <wcet number="0">10</wcet>
            <wcet number="1">50</wcet>
            <maxpow number="0.8379082588328212"/>
            <maxpow number="0.8379082588328212"/>
            <fprob>0.0</fprob>
        </actor>
        <actor name="D0N29">
            <wcet number="0">60</wcet>
            <wcet number="1">120</wcet>
            <maxpow number="0.3064948436963344"/>
            <maxpow number="0.3064948436963344"/>
            <fprob>0.0</fprob>
        </actor>
        <actor name="D0N2">
            <wcet number="0">20</wcet>
            <wcet number="1">40</wcet>
            <maxpow number="0.5856537631169352"/>
            <maxpow number="0.5856537631169352"/>
            <fprob>0.0</fprob>
        </actor>
        <actor name="D0N47">
            <wcet number="0">10</wcet>
            <wcet number="1">10</wcet>
            <maxpow number="0.9257317143419683"/>
            <maxpow number="0.9257317143419683"/>
            <fprob>0.0</fprob>
        </actor>
        <actor name="D0N19">
            <wcet number="0">20</wcet>
            <wcet number="1">20</wcet>
            <maxpow number="0.3801873956059867"/>
            <maxpow number="0.3801873956059867"/>
            <fprob>0.0</fprob>
        </actor>
        <actor name="D0N28">
            <wcet number="0">60</wcet>
            <wcet number="1">60</wcet>
            <maxpow number="0.6985670667661397"/>
            <maxpow number="0.6985670667661397"/>
            <fprob>0.0</fprob>
        </actor>
        <actor name="D0N46">
            <wcet number="0">20</wcet>
            <wcet number="1">20</wcet>
            <maxpow number="0.5658554362485129"/>
            <maxpow number="0.5658554362485129"/>
            <fprob>0.0</fprob>
        </actor>
        <actor name="D0N1">
            <wcet number="0">10</wcet>
            <wcet number="1">20</wcet>
            <maxpow number="0.3959106914120468"/>
            <maxpow number="0.3959106914120468"/>
            <fprob>0.0</fprob>
        </actor>
        <actor name="D0N42">
            <wcet number="0">10</wcet>
            <wcet number="1">10</wcet>
            <maxpow number="0.5329987928265998"/>
            <maxpow number="0.5329987928265998"/>
            <fprob>0.0</fprob>
        </actor>
        <actor name="D0N17">
            <wcet number="0">80</wcet>
            <wcet number="1">150</wcet>
            <maxpow number="0.7276642267183011"/>
            <maxpow number="0.7276642267183011"/>
            <fprob>0.0</fprob>
        </actor>
        <actor name="D0N0">
            <wcet number="0">60</wcet>
            <wcet number="1">90</wcet>
            <maxpow number="0.4305687530812431"/>
            <maxpow number="0.4305687530812431"/>
            <fprob>0.0</fprob>
        </actor>
        <ports>
            <port dstActor="D0N35" name="p0" srcActor="D0N26"/>
            <port dstActor="D0N47" name="p1" srcActor="D0N26"/>
            <port dstActor="D0N22" name="p2" srcActor="D0N4"/>
            <port dstActor="D0N18" name="p3" srcActor="D0N4"/>
            <port dstActor="D0N27" name="p4" srcActor="D0N4"/>
            <port dstActor="D0N13" name="p5" srcActor="D0N4"/>
            <port dstActor="D0N17" name="p6" srcActor="D0N4"/>
            <port dstActor="D0N38" name="p7" srcActor="D0N4"/>
            <port dstActor="D0N42" name="p8" srcActor="D0N15"/>
            <port dstActor="D0N32" name="p9" srcActor="D0N15"/>
            <port dstActor="D0N43" name="p10" srcActor="D0N15"/>
            <port dstActor="D0N39" name="p11" srcActor="D0N32"/>
            <port dstActor="D0N40" name="p12" srcActor="D0N32"/>
            <port dstActor="D0N35" name="p13" srcActor="D0N16"/>
            <port dstActor="D0N30" name="p14" srcActor="D0N16"/>
            <port dstActor="D0N36" name="p15" srcActor="D0N16"/>
            <port dstActor="D0N42" name="p16" srcActor="D0N16"/>
            <port dstActor="D0N18" name="p17" srcActor="D0N16"/>
            <port dstActor="D0N27" name="p18" srcActor="D0N20"/>
            <port dstActor="D0N31" name="p19" srcActor="D0N21"/>
            <port dstActor="D0N40" name="p20" srcActor="D0N21"/>
            <port dstActor="D0N28" name="p21" srcActor="D0N21"/>
            <port dstActor="D0N29" name="p22" srcActor="D0N21"/>
            <port dstActor="D0N41" name="p23" srcActor="D0N21"/>
            <port dstActor="D0N27" name="p24" srcActor="D0N25"/>
            <port dstActor="D0N37" name="p25" srcActor="D0N25"/>
            <port dstActor="D0N44" name="p26" srcActor="D0N25"/>
            <port dstActor="D0N33" name="p27" srcActor="D0N25"/>
            <port dstActor="D0N46" name="p28" srcActor="D0N25"/>
            <port dstActor="D0N14" name="p29" srcActor="D0N10"/>
            <port dstActor="D0N37" name="p30" srcActor="D0N10"/>
            <port dstActor="D0N26" name="p31" srcActor="D0N23"/>
            <port dstActor="D0N29" name="p32" srcActor="D0N23"/>
            <port dstActor="D0N31" name="p33" srcActor="D0N23"/>
            <port dstActor="D0N44" name="p34" srcActor="D0N23"/>
            <port dstActor="D0N36" name="p35" srcActor="D0N23"/>
            <port dstActor="D0N14" name="p36" srcActor="D0N12"/>
            <port dstActor="D0N29" name="p37" srcActor="D0N12"/>
            <port dstActor="D0N46" name="p38" srcActor="D0N31"/>
            <port dstActor="D0N43" name="p39" srcActor="D0N31"/>
            <port dstActor="D0N45" name="p40" srcActor="D0N37"/>
            <port dstActor="D0N43" name="p41" srcActor="D0N11"/>
            <port dstActor="D0N25" name="p42" srcActor="D0N11"/>
            <port dstActor="D0N47" name="p43" srcActor="D0N11"/>
            <port dstActor="D0N18" name="p44" srcActor="D0N11"/>
            <port dstActor="D0N12" name="p45" srcActor="D0N11"/>
            <port dstActor="D0N28" name="p46" srcActor="D0N8"/>
            <port dstActor="D0N12" name="p47" srcActor="D0N8"/>
            <port dstActor="D0N10" name="p48" srcActor="D0N8"/>
            <port dstActor="D0N41" name="p49" srcActor="D0N8"/>
            <port dstActor="D0N16" name="p50" srcActor="D0N8"/>
            <port dstActor="D0N42" name="p51" srcActor="D0N8"/>
            <port dstActor="D0N46" name="p52" srcActor="D0N9"/>
            <port dstActor="D0N25" name="p53" srcActor="D0N9"/>
            <port dstActor="D0N32" name="p54" srcActor="D0N9"/>
            <port dstActor="D0N47" name="p55" srcActor="D0N13"/>
            <port dstActor="D0N45" name="p56" srcActor="D0N13"/>
            <port dstActor="D0N32" name="p57" srcActor="D0N13"/>
            <port dstActor="D0N25" name="p58" srcActor="D0N18"/>
            <port dstActor="D0N31" name="p59" srcActor="D0N18"/>
            <port dstActor="D0N21" name="p60" srcActor="D0N18"/>
            <port dstActor="D0N37" name="p61" srcActor="D0N18"/>
            <port dstActor="D0N42" name="p62" srcActor="D0N3"/>
            <port dstActor="D0N33" name="p63" srcActor="D0N3"/>
            <port dstActor="D0N12" name="p64" srcActor="D0N3"/>
            <port dstActor="D0N28" name="p65" srcActor="D0N3"/>
            <port dstActor="D0N43" name="p66" srcActor="D0N3"/>
            <port dstActor="D0N43" name="p67" srcActor="D0N35"/>
            <port dstActor="D0N36" name="p68" srcActor="D0N35"/>
            <port dstActor="D0N27" name="p69" srcActor="D0N5"/>
            <port dstActor="D0N33" name="p70" srcActor="D0N30"/>
            <port dstActor="D0N32" name="p71" srcActor="D0N30"/>
            <port dstActor="D0N35" name="p72" srcActor="D0N30"/>
            <port dstActor="D0N37" name="p73" srcActor="D0N36"/>
            <port dstActor="D0N28" name="p74" srcActor="D0N22"/>
            <port dstActor="D0N45" name="p75" srcActor="D0N22"/>
            <port dstActor="D0N27" name="p76" srcActor="D0N22"/>
            <port dstActor="D0N43" name="p77" srcActor="D0N27"/>
            <port dstActor="D0N46" name="p78" srcActor="D0N14"/>
            <port dstActor="D0N17" name="p79" srcActor="D0N14"/>
            <port dstActor="D0N31" name="p80" srcActor="D0N14"/>
            <port dstActor="D0N42" name="p81" srcActor="D0N34"/>
            <port dstActor="D0N45" name="p82" srcActor="D0N34"/>
            <port dstActor="D0N32" name="p83" srcActor="D0N24"/>
            <port dstActor="D0N28" name="p84" srcActor="D0N24"/>
            <port dstActor="D0N31" name="p85" srcActor="D0N24"/>
            <port dstActor="D0N29" name="p86" srcActor="D0N24"/>
            <port dstActor="D0N41" name="p87" srcActor="D0N38"/>
            <port dstActor="D0N24" name="p88" srcActor="D0N7"/>
            <port dstActor="D0N46" name="p89" srcActor="D0N7"/>
            <port dstActor="D0N19" name="p90" srcActor="D0N7"/>
            <port dstActor="D0N43" name="p91" srcActor="D0N6"/>
            <port dstActor="D0N42" name="p92" srcActor="D0N6"/>
            <port dstActor="D0N21" name="p93" srcActor="D0N6"/>
            <port dstActor="D0N19" name="p94" srcActor="D0N6"/>
            <port dstActor="D0N23" name="p95" srcActor="D0N6"/>
            <port dstActor="D0N46" name="p96" srcActor="D0N29"/>
            <port dstActor="D0N11" name="p97" srcActor="D0N2"/>
            <port dstActor="D0N47" name="p98" srcActor="D0N2"/>
            <port dstActor="D0N15" name="p99" srcActor="D0N2"/>
            <port dstActor="D0N27" name="p100" srcActor="D0N19"/>
            <port dstActor="D0N42" name="p101" srcActor="D0N19"/>
            <port dstActor="D0N31" name="p102" srcActor="D0N19"/>
            <port dstActor="D0N17" name="p103" srcActor="D0N1"/>
            <port dstActor="D0N16" name="p104" srcActor="D0N1"/>
            <port dstActor="D0N43" name="p105" srcActor="D0N1"/>
            <port dstActor="D0N26" name="p106" srcActor="D0N1"/>
            <port dstActor="D0N35" name="p107" srcActor="D0N1"/>
            <port dstActor="D0N46" name="p108" srcActor="D0N1"/>
            <port dstActor="D0N26" name="p109" srcActor="D0N17"/>
            <port dstActor="D0N36" name="p110" srcActor="D0N17"/>
            <port dstActor="D0N32" name="p111" srcActor="D0N17"/>
            <port dstActor="D0N21" name="p112" srcActor="D0N17"/>
            <port dstActor="D0N38" name="p113" srcActor="D0N17"/>
            <port dstActor="D0N3" name="p114" srcActor="D0N0"/>
            <port dstActor="D0N8" name="p115" srcActor="D0N0"/>
            <port dstActor="D0N1" name="p116" srcActor="D0N0"/>
            <port dstActor="D0N29" name="p117" srcActor="D0N0"/>
            <port dstActor="D0N40" name="p118" srcActor="D0N0"/>
        </ports>
    </mcdag>
    <cores number="3"/>
    <levels number="2"/>
</mcsystem>
