<?xml version="1.0" encoding="UTF-8" standalone="no"?>
<mcsystem>
    <mcdag deadline="5000" name="genned-0-ed-10.0-0">
        <actor name="D0N4">
            <wcet number="0">20</wcet>
            <wcet number="1">30</wcet>
            <maxpow number="0.3388167182755547"/>
            <maxpow number="0.3388167182755547"/>
            <fprob>0.0</fprob>
        </actor>
        <actor name="D0N26">
            <wcet number="0">50</wcet>
            <wcet number="1">60</wcet>
            <maxpow number="0.37117238611147263"/>
            <maxpow number="0.37117238611147263"/>
            <fprob>0.0</fprob>
        </actor>
        <actor name="D0N25">
            <wcet number="0">20</wcet>
            <wcet number="1">20</wcet>
            <maxpow number="0.5438319129735613"/>
            <maxpow number="0.5438319129735613"/>
            <fprob>0.0</fprob>
        </actor>
        <actor name="D0N0">
            <wcet number="0">30</wcet>
            <wcet number="1">80</wcet>
            <maxpow number="0.1731771773546938"/>
            <maxpow number="0.1731771773546938"/>
            <fprob>0.0</fprob>
        </actor>
        <actor name="D0N40">
            <wcet number="0">30</wcet>
            <wcet number="1">40</wcet>
            <maxpow number="0.5708180276848928"/>
            <maxpow number="0.5708180276848928"/>
            <fprob>0.0</fprob>
        </actor>
        <actor name="D0N12">
            <wcet number="0">270</wcet>
            <wcet number="1">380</wcet>
            <maxpow number="0.573971652199682"/>
            <maxpow number="0.573971652199682"/>
            <fprob>0.0</fprob>
        </actor>
        <actor name="D0N9">
            <wcet number="0">20</wcet>
            <wcet number="1">20</wcet>
            <maxpow number="0.9838346594833887"/>
            <maxpow number="0.9838346594833887"/>
            <fprob>0.0</fprob>
        </actor>
        <actor name="D0N17">
            <wcet number="0">340</wcet>
            <wcet number="1">440</wcet>
            <maxpow number="0.5016701765419652"/>
            <maxpow number="0.5016701765419652"/>
            <fprob>0.0</fprob>
        </actor>
        <actor name="D0N7">
            <wcet number="0">20</wcet>
            <wcet number="1">40</wcet>
            <maxpow number="0.6735732943712662"/>
            <maxpow number="0.6735732943712662"/>
            <fprob>0.0</fprob>
        </actor>
        <actor name="D0N8">
            <wcet number="0">150</wcet>
            <wcet number="1">200</wcet>
            <maxpow number="0.6056062597123716"/>
            <maxpow number="0.6056062597123716"/>
            <fprob>0.0</fprob>
        </actor>
        <actor name="D0N39">
            <wcet number="0">50</wcet>
            <wcet number="1">100</wcet>
            <maxpow number="0.5535751070933936"/>
            <maxpow number="0.5535751070933936"/>
            <fprob>0.0</fprob>
        </actor>
        <actor name="D0N22">
            <wcet number="0">120</wcet>
            <wcet number="1">230</wcet>
            <maxpow number="0.5949867433123827"/>
            <maxpow number="0.5949867433123827"/>
            <fprob>0.0</fprob>
        </actor>
        <actor name="D0N11">
            <wcet number="0">140</wcet>
            <wcet number="1">310</wcet>
            <maxpow number="0.4041318956661616"/>
            <maxpow number="0.4041318956661616"/>
            <fprob>0.0</fprob>
        </actor>
        <actor name="D0N6">
            <wcet number="0">100</wcet>
            <wcet number="1">200</wcet>
            <maxpow number="0.5277314964477312"/>
            <maxpow number="0.5277314964477312"/>
            <fprob>0.0</fprob>
        </actor>
        <actor name="D0N29">
            <wcet number="0">380</wcet>
            <wcet number="1">780</wcet>
            <maxpow number="0.6424968126521532"/>
            <maxpow number="0.6424968126521532"/>
            <fprob>0.0</fprob>
        </actor>
        <actor name="D0N32">
            <wcet number="0">10</wcet>
            <wcet number="1">10</wcet>
            <maxpow number="0.6024843136644584"/>
            <maxpow number="0.6024843136644584"/>
            <fprob>0.0</fprob>
        </actor>
        <actor name="D0N31">
            <wcet number="0">50</wcet>
            <wcet number="1">60</wcet>
            <maxpow number="0.7412728419684289"/>
            <maxpow number="0.7412728419684289"/>
            <fprob>0.0</fprob>
        </actor>
        <actor name="D0N19">
            <wcet number="0">40</wcet>
            <wcet number="1">130</wcet>
            <maxpow number="0.5399663916307612"/>
            <maxpow number="0.5399663916307612"/>
            <fprob>0.0</fprob>
        </actor>
        <actor name="D0N47">
            <wcet number="0">30</wcet>
            <wcet number="1">40</wcet>
            <maxpow number="0.8773020014315391"/>
            <maxpow number="0.8773020014315391"/>
            <fprob>0.0</fprob>
        </actor>
        <actor name="D0N48">
            <wcet number="0">10</wcet>
            <wcet number="1">60</wcet>
            <maxpow number="1.0751461166969614"/>
            <maxpow number="1.0751461166969614"/>
            <fprob>0.0</fprob>
        </actor>
        <actor name="D0N14">
            <wcet number="0">20</wcet>
            <wcet number="1">30</wcet>
            <maxpow number="0.30617212239219327"/>
            <maxpow number="0.30617212239219327"/>
            <fprob>0.0</fprob>
        </actor>
        <actor name="D0N3">
            <wcet number="0">20</wcet>
            <wcet number="1">20</wcet>
            <maxpow number="0.5417760870009364"/>
            <maxpow number="0.5417760870009364"/>
            <fprob>0.0</fprob>
        </actor>
        <actor name="D0N1">
            <wcet number="0">130</wcet>
            <wcet number="1">220</wcet>
            <maxpow number="0.6703565949308309"/>
            <maxpow number="0.6703565949308309"/>
            <fprob>0.0</fprob>
        </actor>
        <actor name="D0N36">
            <wcet number="0">30</wcet>
            <wcet number="1">40</wcet>
            <maxpow number="0.5328632990011177"/>
            <maxpow number="0.5328632990011177"/>
            <fprob>0.0</fprob>
        </actor>
        <actor name="D0N21">
            <wcet number="0">290</wcet>
            <wcet number="1">310</wcet>
            <maxpow number="0.8392839022583636"/>
            <maxpow number="0.8392839022583636"/>
            <fprob>0.0</fprob>
        </actor>
        <actor name="D0N10">
            <wcet number="0">70</wcet>
            <wcet number="1">70</wcet>
            <maxpow number="0.27703956042005906"/>
            <maxpow number="0.27703956042005906"/>
            <fprob>0.0</fprob>
        </actor>
        <actor name="D0N24">
            <wcet number="0">220</wcet>
            <wcet number="1">250</wcet>
            <maxpow number="0.36689749887517575"/>
            <maxpow number="0.36689749887517575"/>
            <fprob>0.0</fprob>
        </actor>
        <actor name="D0N20">
            <wcet number="0">770</wcet>
            <wcet number="1">1080</wcet>
            <maxpow number="0.3770411567068106"/>
            <maxpow number="0.3770411567068106"/>
            <fprob>0.0</fprob>
        </actor>
        <actor name="D0N13">
            <wcet number="0">340</wcet>
            <wcet number="1">420</wcet>
            <maxpow number="0.43965900457178786"/>
            <maxpow number="0.43965900457178786"/>
            <fprob>0.0</fprob>
        </actor>
        <actor name="D0N27">
            <wcet number="0">280</wcet>
            <wcet number="1">300</wcet>
            <maxpow number="0.30003758740728464"/>
            <maxpow number="0.30003758740728464"/>
            <fprob>0.0</fprob>
        </actor>
        <actor name="D0N44">
            <wcet number="0">230</wcet>
            <wcet number="1">340</wcet>
            <maxpow number="0.5445391263549595"/>
            <maxpow number="0.5445391263549595"/>
            <fprob>0.0</fprob>
        </actor>
        <actor name="D0N2">
            <wcet number="0">90</wcet>
            <wcet number="1">120</wcet>
            <maxpow number="0.5566582251325526"/>
            <maxpow number="0.5566582251325526"/>
            <fprob>0.0</fprob>
        </actor>
        <actor name="D0N42">
            <wcet number="0">60</wcet>
            <wcet number="1">150</wcet>
            <maxpow number="0.5043112594718321"/>
            <maxpow number="0.5043112594718321"/>
            <fprob>0.0</fprob>
        </actor>
        <actor name="D0N30">
            <wcet number="0">20</wcet>
            <wcet number="1">90</wcet>
            <maxpow number="0.5703537704991141"/>
            <maxpow number="0.5703537704991141"/>
            <fprob>0.0</fprob>
        </actor>
        <actor name="D0N46">
            <wcet number="0">110</wcet>
            <wcet number="1">170</wcet>
            <maxpow number="0.3742877607954952"/>
            <maxpow number="0.3742877607954952"/>
            <fprob>0.0</fprob>
        </actor>
        <actor name="D0N18">
            <wcet number="0">240</wcet>
            <wcet number="1">490</wcet>
            <maxpow number="0.4774692465128079"/>
            <maxpow number="0.4774692465128079"/>
            <fprob>0.0</fprob>
        </actor>
        <actor name="D0N43">
            <wcet number="0">40</wcet>
            <wcet number="1">50</wcet>
            <maxpow number="0.40236492078172015"/>
            <maxpow number="0.40236492078172015"/>
            <fprob>0.0</fprob>
        </actor>
        <actor name="D0N5">
            <wcet number="0">170</wcet>
            <wcet number="1">480</wcet>
            <maxpow number="0.5049087543998454"/>
            <maxpow number="0.5049087543998454"/>
            <fprob>0.0</fprob>
        </actor>
        <actor name="D0N15">
            <wcet number="0">20</wcet>
            <wcet number="1">70</wcet>
            <maxpow number="1.0998120011178274"/>
            <maxpow number="1.0998120011178274"/>
            <fprob>0.0</fprob>
        </actor>
        <actor name="D0N45">
            <wcet number="0">250</wcet>
            <wcet number="1">470</wcet>
            <maxpow number="0.3254132701983381"/>
            <maxpow number="0.3254132701983381"/>
            <fprob>0.0</fprob>
        </actor>
        <actor name="D0N16">
            <wcet number="0">130</wcet>
            <wcet number="1">140</wcet>
            <maxpow number="0.4268344147772386"/>
            <maxpow number="0.4268344147772386"/>
            <fprob>0.0</fprob>
        </actor>
        <actor name="D0N28">
            <wcet number="0">50</wcet>
            <wcet number="1">100</wcet>
            <maxpow number="0.4727642065477094"/>
            <maxpow number="0.4727642065477094"/>
            <fprob>0.0</fprob>
        </actor>
        <actor name="D0N38">
            <wcet number="0">10</wcet>
            <wcet number="1">50</wcet>
            <maxpow number="0.5767473214604887"/>
            <maxpow number="0.5767473214604887"/>
            <fprob>0.0</fprob>
        </actor>
        <actor name="D0N41">
            <wcet number="0">70</wcet>
            <wcet number="1">290</wcet>
            <maxpow number="0.3164805844505988"/>
            <maxpow number="0.3164805844505988"/>
            <fprob>0.0</fprob>
        </actor>
        <actor name="D0N33">
            <wcet number="0">30</wcet>
            <wcet number="1">680</wcet>
            <maxpow number="0.5849235611775802"/>
            <maxpow number="0.5849235611775802"/>
            <fprob>0.0</fprob>
        </actor>
        <actor name="D0N34">
            <wcet number="0">10</wcet>
            <wcet number="1">70</wcet>
            <maxpow number="0.23630274784012134"/>
            <maxpow number="0.23630274784012134"/>
            <fprob>0.0</fprob>
        </actor>
        <actor name="D0N35">
            <wcet number="0">70</wcet>
            <wcet number="1">70</wcet>
            <maxpow number="0.34086992816342454"/>
            <maxpow number="0.34086992816342454"/>
            <fprob>0.0</fprob>
        </actor>
        <actor name="D0N23">
            <wcet number="0">30</wcet>
            <wcet number="1">70</wcet>
            <maxpow number="0.8162730586446709"/>
            <maxpow number="0.8162730586446709"/>
            <fprob>0.0</fprob>
        </actor>
        <actor name="D0N37">
            <wcet number="0">10</wcet>
            <wcet number="1">130</wcet>
            <maxpow number="0.5356205075103253"/>
            <maxpow number="0.5356205075103253"/>
            <fprob>0.0</fprob>
        </actor>
        <ports>
            <port dstActor="D0N8" name="p0" srcActor="D0N4"/>
            <port dstActor="D0N6" name="p1" srcActor="D0N4"/>
            <port dstActor="D0N22" name="p2" srcActor="D0N4"/>
            <port dstActor="D0N9" name="p3" srcActor="D0N4"/>
            <port dstActor="D0N31" name="p4" srcActor="D0N26"/>
            <port dstActor="D0N44" name="p5" srcActor="D0N26"/>
            <port dstActor="D0N32" name="p6" srcActor="D0N26"/>
            <port dstActor="D0N40" name="p7" srcActor="D0N26"/>
            <port dstActor="D0N43" name="p8" srcActor="D0N25"/>
            <port dstActor="D0N37" name="p9" srcActor="D0N25"/>
            <port dstActor="D0N35" name="p10" srcActor="D0N25"/>
            <port dstActor="D0N41" name="p11" srcActor="D0N0"/>
            <port dstActor="D0N27" name="p12" srcActor="D0N0"/>
            <port dstActor="D0N21" name="p13" srcActor="D0N0"/>
            <port dstActor="D0N42" name="p14" srcActor="D0N40"/>
            <port dstActor="D0N48" name="p15" srcActor="D0N40"/>
            <port dstActor="D0N14" name="p16" srcActor="D0N12"/>
            <port dstActor="D0N26" name="p17" srcActor="D0N12"/>
            <port dstActor="D0N47" name="p18" srcActor="D0N12"/>
            <port dstActor="D0N30" name="p19" srcActor="D0N9"/>
            <port dstActor="D0N40" name="p20" srcActor="D0N9"/>
            <port dstActor="D0N24" name="p21" srcActor="D0N17"/>
            <port dstActor="D0N16" name="p22" srcActor="D0N7"/>
            <port dstActor="D0N28" name="p23" srcActor="D0N7"/>
            <port dstActor="D0N13" name="p24" srcActor="D0N7"/>
            <port dstActor="D0N24" name="p25" srcActor="D0N7"/>
            <port dstActor="D0N25" name="p26" srcActor="D0N7"/>
            <port dstActor="D0N43" name="p27" srcActor="D0N7"/>
            <port dstActor="D0N47" name="p28" srcActor="D0N7"/>
            <port dstActor="D0N23" name="p29" srcActor="D0N8"/>
            <port dstActor="D0N22" name="p30" srcActor="D0N8"/>
            <port dstActor="D0N19" name="p31" srcActor="D0N8"/>
            <port dstActor="D0N13" name="p32" srcActor="D0N8"/>
            <port dstActor="D0N29" name="p33" srcActor="D0N22"/>
            <port dstActor="D0N47" name="p34" srcActor="D0N22"/>
            <port dstActor="D0N48" name="p35" srcActor="D0N22"/>
            <port dstActor="D0N21" name="p36" srcActor="D0N11"/>
            <port dstActor="D0N40" name="p37" srcActor="D0N11"/>
            <port dstActor="D0N27" name="p38" srcActor="D0N6"/>
            <port dstActor="D0N16" name="p39" srcActor="D0N6"/>
            <port dstActor="D0N48" name="p40" srcActor="D0N6"/>
            <port dstActor="D0N29" name="p41" srcActor="D0N6"/>
            <port dstActor="D0N40" name="p42" srcActor="D0N6"/>
            <port dstActor="D0N15" name="p43" srcActor="D0N6"/>
            <port dstActor="D0N46" name="p44" srcActor="D0N32"/>
            <port dstActor="D0N33" name="p45" srcActor="D0N32"/>
            <port dstActor="D0N38" name="p46" srcActor="D0N31"/>
            <port dstActor="D0N33" name="p47" srcActor="D0N31"/>
            <port dstActor="D0N37" name="p48" srcActor="D0N31"/>
            <port dstActor="D0N42" name="p49" srcActor="D0N31"/>
            <port dstActor="D0N24" name="p50" srcActor="D0N19"/>
            <port dstActor="D0N44" name="p51" srcActor="D0N19"/>
            <port dstActor="D0N36" name="p52" srcActor="D0N19"/>
            <port dstActor="D0N17" name="p53" srcActor="D0N14"/>
            <port dstActor="D0N26" name="p54" srcActor="D0N14"/>
            <port dstActor="D0N25" name="p55" srcActor="D0N14"/>
            <port dstActor="D0N31" name="p56" srcActor="D0N14"/>
            <port dstActor="D0N21" name="p57" srcActor="D0N14"/>
            <port dstActor="D0N45" name="p58" srcActor="D0N14"/>
            <port dstActor="D0N38" name="p59" srcActor="D0N3"/>
            <port dstActor="D0N29" name="p60" srcActor="D0N3"/>
            <port dstActor="D0N5" name="p61" srcActor="D0N3"/>
            <port dstActor="D0N44" name="p62" srcActor="D0N3"/>
            <port dstActor="D0N25" name="p63" srcActor="D0N3"/>
            <port dstActor="D0N19" name="p64" srcActor="D0N1"/>
            <port dstActor="D0N24" name="p65" srcActor="D0N1"/>
            <port dstActor="D0N42" name="p66" srcActor="D0N1"/>
            <port dstActor="D0N18" name="p67" srcActor="D0N1"/>
            <port dstActor="D0N27" name="p68" srcActor="D0N21"/>
            <port dstActor="D0N39" name="p69" srcActor="D0N21"/>
            <port dstActor="D0N48" name="p70" srcActor="D0N21"/>
            <port dstActor="D0N30" name="p71" srcActor="D0N21"/>
            <port dstActor="D0N18" name="p72" srcActor="D0N10"/>
            <port dstActor="D0N13" name="p73" srcActor="D0N10"/>
            <port dstActor="D0N19" name="p74" srcActor="D0N10"/>
            <port dstActor="D0N33" name="p75" srcActor="D0N10"/>
            <port dstActor="D0N28" name="p76" srcActor="D0N10"/>
            <port dstActor="D0N44" name="p77" srcActor="D0N10"/>
            <port dstActor="D0N44" name="p78" srcActor="D0N24"/>
            <port dstActor="D0N27" name="p79" srcActor="D0N24"/>
            <port dstActor="D0N28" name="p80" srcActor="D0N24"/>
            <port dstActor="D0N36" name="p81" srcActor="D0N24"/>
            <port dstActor="D0N34" name="p82" srcActor="D0N24"/>
            <port dstActor="D0N42" name="p83" srcActor="D0N24"/>
            <port dstActor="D0N35" name="p84" srcActor="D0N20"/>
            <port dstActor="D0N43" name="p85" srcActor="D0N20"/>
            <port dstActor="D0N31" name="p86" srcActor="D0N20"/>
            <port dstActor="D0N29" name="p87" srcActor="D0N20"/>
            <port dstActor="D0N21" name="p88" srcActor="D0N13"/>
            <port dstActor="D0N24" name="p89" srcActor="D0N13"/>
            <port dstActor="D0N20" name="p90" srcActor="D0N13"/>
            <port dstActor="D0N47" name="p91" srcActor="D0N27"/>
            <port dstActor="D0N28" name="p92" srcActor="D0N27"/>
            <port dstActor="D0N34" name="p93" srcActor="D0N27"/>
            <port dstActor="D0N44" name="p94" srcActor="D0N27"/>
            <port dstActor="D0N46" name="p95" srcActor="D0N27"/>
            <port dstActor="D0N48" name="p96" srcActor="D0N27"/>
            <port dstActor="D0N25" name="p97" srcActor="D0N2"/>
            <port dstActor="D0N26" name="p98" srcActor="D0N2"/>
            <port dstActor="D0N46" name="p99" srcActor="D0N2"/>
            <port dstActor="D0N30" name="p100" srcActor="D0N2"/>
            <port dstActor="D0N46" name="p101" srcActor="D0N30"/>
            <port dstActor="D0N42" name="p102" srcActor="D0N30"/>
            <port dstActor="D0N34" name="p103" srcActor="D0N18"/>
            <port dstActor="D0N28" name="p104" srcActor="D0N18"/>
            <port dstActor="D0N48" name="p105" srcActor="D0N18"/>
            <port dstActor="D0N24" name="p106" srcActor="D0N18"/>
            <port dstActor="D0N36" name="p107" srcActor="D0N5"/>
            <port dstActor="D0N10" name="p108" srcActor="D0N5"/>
            <port dstActor="D0N24" name="p109" srcActor="D0N5"/>
            <port dstActor="D0N40" name="p110" srcActor="D0N5"/>
            <port dstActor="D0N23" name="p111" srcActor="D0N5"/>
            <port dstActor="D0N44" name="p112" srcActor="D0N5"/>
            <port dstActor="D0N32" name="p113" srcActor="D0N15"/>
            <port dstActor="D0N48" name="p114" srcActor="D0N15"/>
            <port dstActor="D0N24" name="p115" srcActor="D0N16"/>
            <port dstActor="D0N19" name="p116" srcActor="D0N16"/>
            <port dstActor="D0N34" name="p117" srcActor="D0N28"/>
            <port dstActor="D0N32" name="p118" srcActor="D0N28"/>
            <port dstActor="D0N39" name="p119" srcActor="D0N38"/>
            <port dstActor="D0N48" name="p120" srcActor="D0N41"/>
            <port dstActor="D0N36" name="p121" srcActor="D0N33"/>
            <port dstActor="D0N25" name="p122" srcActor="D0N23"/>
            <port dstActor="D0N40" name="p123" srcActor="D0N37"/>
            <port dstActor="D0N39" name="p124" srcActor="D0N37"/>
        </ports>
    </mcdag>
    <cores number="2"/>
    <levels number="2"/>
</mcsystem>
