<?xml version="1.0" encoding="UTF-8" standalone="no"?>
<mcsystem>
    <mcdag deadline="5000" name="genned-0-ed-10.0-0">
        <actor name="D0N9">
            <wcet number="0">30</wcet>
            <wcet number="1">30</wcet>
            <maxpow number="0.6249460034054288"/>
            <maxpow number="0.6249460034054288"/>
            <fprob>0.0</fprob>
        </actor>
        <actor name="D0N8">
            <wcet number="0">450</wcet>
            <wcet number="1">920</wcet>
            <maxpow number="0.2668998843701911"/>
            <maxpow number="0.2668998843701911"/>
            <fprob>0.0</fprob>
        </actor>
        <actor name="D0N16">
            <wcet number="0">10</wcet>
            <wcet number="1">50</wcet>
            <maxpow number="0.5886304296119161"/>
            <maxpow number="0.5886304296119161"/>
            <fprob>0.0</fprob>
        </actor>
        <actor name="D0N12">
            <wcet number="0">20</wcet>
            <wcet number="1">50</wcet>
            <maxpow number="0.5314364679109246"/>
            <maxpow number="0.5314364679109246"/>
            <fprob>0.0</fprob>
        </actor>
        <actor name="D0N15">
            <wcet number="0">70</wcet>
            <wcet number="1">130</wcet>
            <maxpow number="0.5802671094053736"/>
            <maxpow number="0.5802671094053736"/>
            <fprob>0.0</fprob>
        </actor>
        <actor name="D0N45">
            <wcet number="0">90</wcet>
            <wcet number="1">160</wcet>
            <maxpow number="0.5175820706061114"/>
            <maxpow number="0.5175820706061114"/>
            <fprob>0.0</fprob>
        </actor>
        <actor name="D0N17">
            <wcet number="0">10</wcet>
            <wcet number="1">10</wcet>
            <maxpow number="0.5172926020674625"/>
            <maxpow number="0.5172926020674625"/>
            <fprob>0.0</fprob>
        </actor>
        <actor name="D0N46">
            <wcet number="0">110</wcet>
            <wcet number="1">170</wcet>
            <maxpow number="0.43184670990034907"/>
            <maxpow number="0.43184670990034907"/>
            <fprob>0.0</fprob>
        </actor>
        <actor name="D0N0">
            <wcet number="0">30</wcet>
            <wcet number="1">50</wcet>
            <maxpow number="0.40966413738212804"/>
            <maxpow number="0.40966413738212804"/>
            <fprob>0.0</fprob>
        </actor>
        <actor name="D0N32">
            <wcet number="0">10</wcet>
            <wcet number="1">130</wcet>
            <maxpow number="0.4876456472970916"/>
            <maxpow number="0.4876456472970916"/>
            <fprob>0.0</fprob>
        </actor>
        <actor name="D0N25">
            <wcet number="0">60</wcet>
            <wcet number="1">340</wcet>
            <maxpow number="0.5610252773727646"/>
            <maxpow number="0.5610252773727646"/>
            <fprob>0.0</fprob>
        </actor>
        <actor name="D0N1">
            <wcet number="0">60</wcet>
            <wcet number="1">260</wcet>
            <maxpow number="0.4938359949772438"/>
            <maxpow number="0.4938359949772438"/>
            <fprob>0.0</fprob>
        </actor>
        <actor name="D0N3">
            <wcet number="0">270</wcet>
            <wcet number="1">420</wcet>
            <maxpow number="0.7039462548170169"/>
            <maxpow number="0.7039462548170169"/>
            <fprob>0.0</fprob>
        </actor>
        <actor name="D0N5">
            <wcet number="0">20</wcet>
            <wcet number="1">40</wcet>
            <maxpow number="0.6818412850854989"/>
            <maxpow number="0.6818412850854989"/>
            <fprob>0.0</fprob>
        </actor>
        <actor name="D0N14">
            <wcet number="0">120</wcet>
            <wcet number="1">360</wcet>
            <maxpow number="0.7508505656296718"/>
            <maxpow number="0.7508505656296718"/>
            <fprob>0.0</fprob>
        </actor>
        <actor name="D0N28">
            <wcet number="0">150</wcet>
            <wcet number="1">190</wcet>
            <maxpow number="0.7223104452854362"/>
            <maxpow number="0.7223104452854362"/>
            <fprob>0.0</fprob>
        </actor>
        <actor name="D0N37">
            <wcet number="0">10</wcet>
            <wcet number="1">150</wcet>
            <maxpow number="0.763634161224151"/>
            <maxpow number="0.763634161224151"/>
            <fprob>0.0</fprob>
        </actor>
        <actor name="D0N26">
            <wcet number="0">30</wcet>
            <wcet number="1">70</wcet>
            <maxpow number="0.2686115549707286"/>
            <maxpow number="0.2686115549707286"/>
            <fprob>0.0</fprob>
        </actor>
        <actor name="D0N36">
            <wcet number="0">190</wcet>
            <wcet number="1">220</wcet>
            <maxpow number="0.6049334165465516"/>
            <maxpow number="0.6049334165465516"/>
            <fprob>0.0</fprob>
        </actor>
        <actor name="D0N11">
            <wcet number="0">170</wcet>
            <wcet number="1">320</wcet>
            <maxpow number="0.42206335033880377"/>
            <maxpow number="0.42206335033880377"/>
            <fprob>0.0</fprob>
        </actor>
        <actor name="D0N31">
            <wcet number="0">30</wcet>
            <wcet number="1">60</wcet>
            <maxpow number="0.6378855265952856"/>
            <maxpow number="0.6378855265952856"/>
            <fprob>0.0</fprob>
        </actor>
        <actor name="D0N40">
            <wcet number="0">240</wcet>
            <wcet number="1">490</wcet>
            <maxpow number="0.6033531191350737"/>
            <maxpow number="0.6033531191350737"/>
            <fprob>0.0</fprob>
        </actor>
        <actor name="D0N48">
            <wcet number="0">60</wcet>
            <wcet number="1">70</wcet>
            <maxpow number="0.5999559742230167"/>
            <maxpow number="0.5999559742230167"/>
            <fprob>0.0</fprob>
        </actor>
        <actor name="D0N35">
            <wcet number="0">90</wcet>
            <wcet number="1">120</wcet>
            <maxpow number="0.5541812253176353"/>
            <maxpow number="0.5541812253176353"/>
            <fprob>0.0</fprob>
        </actor>
        <actor name="D0N43">
            <wcet number="0">30</wcet>
            <wcet number="1">480</wcet>
            <maxpow number="0.4754723239701472"/>
            <maxpow number="0.4754723239701472"/>
            <fprob>0.0</fprob>
        </actor>
        <actor name="D0N33">
            <wcet number="0">170</wcet>
            <wcet number="1">190</wcet>
            <maxpow number="0.43572557317838023"/>
            <maxpow number="0.43572557317838023"/>
            <fprob>0.0</fprob>
        </actor>
        <actor name="D0N49">
            <wcet number="0">10</wcet>
            <wcet number="1">70</wcet>
            <maxpow number="0.8303819888322079"/>
            <maxpow number="0.8303819888322079"/>
            <fprob>0.0</fprob>
        </actor>
        <actor name="D0N10">
            <wcet number="0">80</wcet>
            <wcet number="1">330</wcet>
            <maxpow number="0.556985296360457"/>
            <maxpow number="0.556985296360457"/>
            <fprob>0.0</fprob>
        </actor>
        <actor name="D0N22">
            <wcet number="0">20</wcet>
            <wcet number="1">30</wcet>
            <maxpow number="0.5612079888928484"/>
            <maxpow number="0.5612079888928484"/>
            <fprob>0.0</fprob>
        </actor>
        <actor name="D0N13">
            <wcet number="0">230</wcet>
            <wcet number="1">270</wcet>
            <maxpow number="0.3557323668353159"/>
            <maxpow number="0.3557323668353159"/>
            <fprob>0.0</fprob>
        </actor>
        <actor name="D0N24">
            <wcet number="0">190</wcet>
            <wcet number="1">420</wcet>
            <maxpow number="0.6979665027115218"/>
            <maxpow number="0.6979665027115218"/>
            <fprob>0.0</fprob>
        </actor>
        <actor name="D0N19">
            <wcet number="0">120</wcet>
            <wcet number="1">240</wcet>
            <maxpow number="0.566027871212191"/>
            <maxpow number="0.566027871212191"/>
            <fprob>0.0</fprob>
        </actor>
        <actor name="D0N4">
            <wcet number="0">790</wcet>
            <wcet number="1">1020</wcet>
            <maxpow number="0.37577282364602305"/>
            <maxpow number="0.37577282364602305"/>
            <fprob>0.0</fprob>
        </actor>
        <actor name="D0N42">
            <wcet number="0">80</wcet>
            <wcet number="1">110</wcet>
            <maxpow number="0.7267696582867453"/>
            <maxpow number="0.7267696582867453"/>
            <fprob>0.0</fprob>
        </actor>
        <actor name="D0N44">
            <wcet number="0">10</wcet>
            <wcet number="1">10</wcet>
            <maxpow number="0.6606286292523988"/>
            <maxpow number="0.6606286292523988"/>
            <fprob>0.0</fprob>
        </actor>
        <actor name="D0N7">
            <wcet number="0">10</wcet>
            <wcet number="1">30</wcet>
            <maxpow number="0.7231580558355977"/>
            <maxpow number="0.7231580558355977"/>
            <fprob>0.0</fprob>
        </actor>
        <actor name="D0N27">
            <wcet number="0">120</wcet>
            <wcet number="1">290</wcet>
            <maxpow number="0.8846798499725698"/>
            <maxpow number="0.8846798499725698"/>
            <fprob>0.0</fprob>
        </actor>
        <actor name="D0N39">
            <wcet number="0">80</wcet>
            <wcet number="1">140</wcet>
            <maxpow number="0.32200730825846025"/>
            <maxpow number="0.32200730825846025"/>
            <fprob>0.0</fprob>
        </actor>
        <actor name="D0N29">
            <wcet number="0">20</wcet>
            <wcet number="1">20</wcet>
            <maxpow number="0.6373733256606073"/>
            <maxpow number="0.6373733256606073"/>
            <fprob>0.0</fprob>
        </actor>
        <actor name="D0N41">
            <wcet number="0">20</wcet>
            <wcet number="1">20</wcet>
            <maxpow number="0.42570193007319207"/>
            <maxpow number="0.42570193007319207"/>
            <fprob>0.0</fprob>
        </actor>
        <actor name="D0N2">
            <wcet number="0">100</wcet>
            <wcet number="1">130</wcet>
            <maxpow number="0.5688353395171167"/>
            <maxpow number="0.5688353395171167"/>
            <fprob>0.0</fprob>
        </actor>
        <actor name="D0N38">
            <wcet number="0">50</wcet>
            <wcet number="1">260</wcet>
            <maxpow number="0.4760092064855172"/>
            <maxpow number="0.4760092064855172"/>
            <fprob>0.0</fprob>
        </actor>
        <actor name="D0N6">
            <wcet number="0">40</wcet>
            <wcet number="1">80</wcet>
            <maxpow number="0.41167892258612776"/>
            <maxpow number="0.41167892258612776"/>
            <fprob>0.0</fprob>
        </actor>
        <actor name="D0N23">
            <wcet number="0">120</wcet>
            <wcet number="1">170</wcet>
            <maxpow number="0.636508294498065"/>
            <maxpow number="0.636508294498065"/>
            <fprob>0.0</fprob>
        </actor>
        <actor name="D0N47">
            <wcet number="0">10</wcet>
            <wcet number="1">220</wcet>
            <maxpow number="0.7896257382815752"/>
            <maxpow number="0.7896257382815752"/>
            <fprob>0.0</fprob>
        </actor>
        <actor name="D0N21">
            <wcet number="0">10</wcet>
            <wcet number="1">650</wcet>
            <maxpow number="0.6374534270851933"/>
            <maxpow number="0.6374534270851933"/>
            <fprob>0.0</fprob>
        </actor>
        <actor name="D0N30">
            <wcet number="0">130</wcet>
            <wcet number="1">290</wcet>
            <maxpow number="0.5521662265474172"/>
            <maxpow number="0.5521662265474172"/>
            <fprob>0.0</fprob>
        </actor>
        <actor name="D0N18">
            <wcet number="0">280</wcet>
            <wcet number="1">390</wcet>
            <maxpow number="0.8353642863228434"/>
            <maxpow number="0.8353642863228434"/>
            <fprob>0.0</fprob>
        </actor>
        <actor name="D0N34">
            <wcet number="0">790</wcet>
            <wcet number="1">1210</wcet>
            <maxpow number="0.6094823557238901"/>
            <maxpow number="0.6094823557238901"/>
            <fprob>0.0</fprob>
        </actor>
        <actor name="D0N20">
            <wcet number="0">60</wcet>
            <wcet number="1">120</wcet>
            <maxpow number="0.5583982139475413"/>
            <maxpow number="0.5583982139475413"/>
            <fprob>0.0</fprob>
        </actor>
        <ports>
            <port dstActor="D0N22" name="p0" srcActor="D0N9"/>
            <port dstActor="D0N37" name="p1" srcActor="D0N9"/>
            <port dstActor="D0N14" name="p2" srcActor="D0N9"/>
            <port dstActor="D0N31" name="p3" srcActor="D0N9"/>
            <port dstActor="D0N45" name="p4" srcActor="D0N9"/>
            <port dstActor="D0N27" name="p5" srcActor="D0N9"/>
            <port dstActor="D0N33" name="p6" srcActor="D0N9"/>
            <port dstActor="D0N32" name="p7" srcActor="D0N9"/>
            <port dstActor="D0N16" name="p8" srcActor="D0N9"/>
            <port dstActor="D0N47" name="p9" srcActor="D0N8"/>
            <port dstActor="D0N29" name="p10" srcActor="D0N8"/>
            <port dstActor="D0N45" name="p11" srcActor="D0N8"/>
            <port dstActor="D0N17" name="p12" srcActor="D0N8"/>
            <port dstActor="D0N18" name="p13" srcActor="D0N16"/>
            <port dstActor="D0N22" name="p14" srcActor="D0N16"/>
            <port dstActor="D0N43" name="p15" srcActor="D0N16"/>
            <port dstActor="D0N36" name="p16" srcActor="D0N16"/>
            <port dstActor="D0N41" name="p17" srcActor="D0N16"/>
            <port dstActor="D0N16" name="p18" srcActor="D0N12"/>
            <port dstActor="D0N46" name="p19" srcActor="D0N12"/>
            <port dstActor="D0N29" name="p20" srcActor="D0N12"/>
            <port dstActor="D0N43" name="p21" srcActor="D0N12"/>
            <port dstActor="D0N49" name="p22" srcActor="D0N15"/>
            <port dstActor="D0N46" name="p23" srcActor="D0N15"/>
            <port dstActor="D0N24" name="p24" srcActor="D0N15"/>
            <port dstActor="D0N39" name="p25" srcActor="D0N15"/>
            <port dstActor="D0N47" name="p26" srcActor="D0N15"/>
            <port dstActor="D0N41" name="p27" srcActor="D0N15"/>
            <port dstActor="D0N40" name="p28" srcActor="D0N15"/>
            <port dstActor="D0N48" name="p29" srcActor="D0N45"/>
            <port dstActor="D0N49" name="p30" srcActor="D0N17"/>
            <port dstActor="D0N19" name="p31" srcActor="D0N17"/>
            <port dstActor="D0N42" name="p32" srcActor="D0N0"/>
            <port dstActor="D0N11" name="p33" srcActor="D0N0"/>
            <port dstActor="D0N33" name="p34" srcActor="D0N0"/>
            <port dstActor="D0N31" name="p35" srcActor="D0N0"/>
            <port dstActor="D0N21" name="p36" srcActor="D0N0"/>
            <port dstActor="D0N47" name="p37" srcActor="D0N25"/>
            <port dstActor="D0N38" name="p38" srcActor="D0N25"/>
            <port dstActor="D0N37" name="p39" srcActor="D0N25"/>
            <port dstActor="D0N33" name="p40" srcActor="D0N25"/>
            <port dstActor="D0N39" name="p41" srcActor="D0N25"/>
            <port dstActor="D0N44" name="p42" srcActor="D0N25"/>
            <port dstActor="D0N21" name="p43" srcActor="D0N1"/>
            <port dstActor="D0N46" name="p44" srcActor="D0N1"/>
            <port dstActor="D0N45" name="p45" srcActor="D0N1"/>
            <port dstActor="D0N25" name="p46" srcActor="D0N1"/>
            <port dstActor="D0N10" name="p47" srcActor="D0N3"/>
            <port dstActor="D0N38" name="p48" srcActor="D0N3"/>
            <port dstActor="D0N36" name="p49" srcActor="D0N3"/>
            <port dstActor="D0N8" name="p50" srcActor="D0N3"/>
            <port dstActor="D0N43" name="p51" srcActor="D0N5"/>
            <port dstActor="D0N37" name="p52" srcActor="D0N5"/>
            <port dstActor="D0N24" name="p53" srcActor="D0N5"/>
            <port dstActor="D0N19" name="p54" srcActor="D0N14"/>
            <port dstActor="D0N42" name="p55" srcActor="D0N14"/>
            <port dstActor="D0N44" name="p56" srcActor="D0N14"/>
            <port dstActor="D0N21" name="p57" srcActor="D0N14"/>
            <port dstActor="D0N31" name="p58" srcActor="D0N14"/>
            <port dstActor="D0N38" name="p59" srcActor="D0N14"/>
            <port dstActor="D0N34" name="p60" srcActor="D0N14"/>
            <port dstActor="D0N47" name="p61" srcActor="D0N37"/>
            <port dstActor="D0N42" name="p62" srcActor="D0N37"/>
            <port dstActor="D0N28" name="p63" srcActor="D0N26"/>
            <port dstActor="D0N39" name="p64" srcActor="D0N26"/>
            <port dstActor="D0N43" name="p65" srcActor="D0N26"/>
            <port dstActor="D0N43" name="p66" srcActor="D0N36"/>
            <port dstActor="D0N42" name="p67" srcActor="D0N36"/>
            <port dstActor="D0N44" name="p68" srcActor="D0N11"/>
            <port dstActor="D0N37" name="p69" srcActor="D0N11"/>
            <port dstActor="D0N27" name="p70" srcActor="D0N11"/>
            <port dstActor="D0N19" name="p71" srcActor="D0N11"/>
            <port dstActor="D0N48" name="p72" srcActor="D0N31"/>
            <port dstActor="D0N49" name="p73" srcActor="D0N35"/>
            <port dstActor="D0N37" name="p74" srcActor="D0N35"/>
            <port dstActor="D0N38" name="p75" srcActor="D0N35"/>
            <port dstActor="D0N18" name="p76" srcActor="D0N10"/>
            <port dstActor="D0N33" name="p77" srcActor="D0N10"/>
            <port dstActor="D0N31" name="p78" srcActor="D0N22"/>
            <port dstActor="D0N36" name="p79" srcActor="D0N22"/>
            <port dstActor="D0N23" name="p80" srcActor="D0N22"/>
            <port dstActor="D0N28" name="p81" srcActor="D0N13"/>
            <port dstActor="D0N33" name="p82" srcActor="D0N13"/>
            <port dstActor="D0N14" name="p83" srcActor="D0N13"/>
            <port dstActor="D0N23" name="p84" srcActor="D0N13"/>
            <port dstActor="D0N32" name="p85" srcActor="D0N13"/>
            <port dstActor="D0N28" name="p86" srcActor="D0N19"/>
            <port dstActor="D0N42" name="p87" srcActor="D0N19"/>
            <port dstActor="D0N25" name="p88" srcActor="D0N19"/>
            <port dstActor="D0N17" name="p89" srcActor="D0N4"/>
            <port dstActor="D0N44" name="p90" srcActor="D0N4"/>
            <port dstActor="D0N7" name="p91" srcActor="D0N4"/>
            <port dstActor="D0N22" name="p92" srcActor="D0N4"/>
            <port dstActor="D0N16" name="p93" srcActor="D0N4"/>
            <port dstActor="D0N48" name="p94" srcActor="D0N42"/>
            <port dstActor="D0N45" name="p95" srcActor="D0N44"/>
            <port dstActor="D0N46" name="p96" srcActor="D0N7"/>
            <port dstActor="D0N16" name="p97" srcActor="D0N7"/>
            <port dstActor="D0N39" name="p98" srcActor="D0N27"/>
            <port dstActor="D0N49" name="p99" srcActor="D0N27"/>
            <port dstActor="D0N30" name="p100" srcActor="D0N27"/>
            <port dstActor="D0N45" name="p101" srcActor="D0N39"/>
            <port dstActor="D0N35" name="p102" srcActor="D0N29"/>
            <port dstActor="D0N42" name="p103" srcActor="D0N29"/>
            <port dstActor="D0N34" name="p104" srcActor="D0N29"/>
            <port dstActor="D0N41" name="p105" srcActor="D0N2"/>
            <port dstActor="D0N44" name="p106" srcActor="D0N2"/>
            <port dstActor="D0N37" name="p107" srcActor="D0N2"/>
            <port dstActor="D0N39" name="p108" srcActor="D0N2"/>
            <port dstActor="D0N40" name="p109" srcActor="D0N2"/>
            <port dstActor="D0N39" name="p110" srcActor="D0N38"/>
            <port dstActor="D0N30" name="p111" srcActor="D0N6"/>
            <port dstActor="D0N38" name="p112" srcActor="D0N6"/>
            <port dstActor="D0N15" name="p113" srcActor="D0N6"/>
            <port dstActor="D0N25" name="p114" srcActor="D0N6"/>
            <port dstActor="D0N44" name="p115" srcActor="D0N6"/>
            <port dstActor="D0N14" name="p116" srcActor="D0N6"/>
            <port dstActor="D0N36" name="p117" srcActor="D0N23"/>
            <port dstActor="D0N35" name="p118" srcActor="D0N21"/>
            <port dstActor="D0N36" name="p119" srcActor="D0N30"/>
            <port dstActor="D0N46" name="p120" srcActor="D0N30"/>
            <port dstActor="D0N31" name="p121" srcActor="D0N30"/>
            <port dstActor="D0N41" name="p122" srcActor="D0N30"/>
            <port dstActor="D0N24" name="p123" srcActor="D0N18"/>
            <port dstActor="D0N48" name="p124" srcActor="D0N34"/>
            <port dstActor="D0N49" name="p125" srcActor="D0N34"/>
            <port dstActor="D0N49" name="p126" srcActor="D0N20"/>
            <port dstActor="D0N23" name="p127" srcActor="D0N20"/>
        </ports>
    </mcdag>
    <cores number="3"/>
    <levels number="2"/>
</mcsystem>
