<?xml version="1.0" encoding="UTF-8" standalone="no"?>
<mcsystem>
    <mcdag deadline="1500" name="genned-0-ed-10.0-0">
        <actor name="D0N14">
            <wcet number="0">30</wcet>
            <wcet number="1">40</wcet>
            <maxpow number="0.5229349421979641"/>
            <maxpow number="0.5229349421979641"/>
            <fprob>0.0</fprob>
        </actor>
        <actor name="D0N20">
            <wcet number="0">50</wcet>
            <wcet number="1">160</wcet>
            <maxpow number="0.6727074195539442"/>
            <maxpow number="0.6727074195539442"/>
            <fprob>0.0</fprob>
        </actor>
        <actor name="D0N36">
            <wcet number="0">60</wcet>
            <wcet number="1">150</wcet>
            <maxpow number="0.5424899972139358"/>
            <maxpow number="0.5424899972139358"/>
            <fprob>0.0</fprob>
        </actor>
        <actor name="D0N13">
            <wcet number="0">90</wcet>
            <wcet number="1">100</wcet>
            <maxpow number="0.8173424215270553"/>
            <maxpow number="0.8173424215270553"/>
            <fprob>0.0</fprob>
        </actor>
        <actor name="D0N26">
            <wcet number="0">70</wcet>
            <wcet number="1">70</wcet>
            <maxpow number="0.4751623074547471"/>
            <maxpow number="0.4751623074547471"/>
            <fprob>0.0</fprob>
        </actor>
        <actor name="D0N37">
            <wcet number="0">40</wcet>
            <wcet number="1">100</wcet>
            <maxpow number="0.34471468386649307"/>
            <maxpow number="0.34471468386649307"/>
            <fprob>0.0</fprob>
        </actor>
        <actor name="D0N44">
            <wcet number="0">10</wcet>
            <wcet number="1">90</wcet>
            <maxpow number="0.28294441229840483"/>
            <maxpow number="0.28294441229840483"/>
            <fprob>0.0</fprob>
        </actor>
        <actor name="D0N33">
            <wcet number="0">10</wcet>
            <wcet number="1">10</wcet>
            <maxpow number="0.625520880017356"/>
            <maxpow number="0.625520880017356"/>
            <fprob>0.0</fprob>
        </actor>
        <actor name="D0N21">
            <wcet number="0">80</wcet>
            <wcet number="1">110</wcet>
            <maxpow number="0.8271308820225718"/>
            <maxpow number="0.8271308820225718"/>
            <fprob>0.0</fprob>
        </actor>
        <actor name="D0N24">
            <wcet number="0">50</wcet>
            <wcet number="1">50</wcet>
            <maxpow number="0.7295725734654372"/>
            <maxpow number="0.7295725734654372"/>
            <fprob>0.0</fprob>
        </actor>
        <actor name="D0N40">
            <wcet number="0">50</wcet>
            <wcet number="1">80</wcet>
            <maxpow number="0.388803135974667"/>
            <maxpow number="0.388803135974667"/>
            <fprob>0.0</fprob>
        </actor>
        <actor name="D0N17">
            <wcet number="0">20</wcet>
            <wcet number="1">140</wcet>
            <maxpow number="0.7357848016873415"/>
            <maxpow number="0.7357848016873415"/>
            <fprob>0.0</fprob>
        </actor>
        <actor name="D0N15">
            <wcet number="0">50</wcet>
            <wcet number="1">70</wcet>
            <maxpow number="0.5618602255497912"/>
            <maxpow number="0.5618602255497912"/>
            <fprob>0.0</fprob>
        </actor>
        <actor name="D0N7">
            <wcet number="0">10</wcet>
            <wcet number="1">30</wcet>
            <maxpow number="0.5353895954318698"/>
            <maxpow number="0.5353895954318698"/>
            <fprob>0.0</fprob>
        </actor>
        <actor name="D0N5">
            <wcet number="0">20</wcet>
            <wcet number="1">130</wcet>
            <maxpow number="0.6043108040650466"/>
            <maxpow number="0.6043108040650466"/>
            <fprob>0.0</fprob>
        </actor>
        <actor name="D0N4">
            <wcet number="0">10</wcet>
            <wcet number="1">30</wcet>
            <maxpow number="0.5327519134455925"/>
            <maxpow number="0.5327519134455925"/>
            <fprob>0.0</fprob>
        </actor>
        <actor name="D0N11">
            <wcet number="0">70</wcet>
            <wcet number="1">100</wcet>
            <maxpow number="0.46431836611905397"/>
            <maxpow number="0.46431836611905397"/>
            <fprob>0.0</fprob>
        </actor>
        <actor name="D0N35">
            <wcet number="0">110</wcet>
            <wcet number="1">120</wcet>
            <maxpow number="0.4891902112318417"/>
            <maxpow number="0.4891902112318417"/>
            <fprob>0.0</fprob>
        </actor>
        <actor name="D0N41">
            <wcet number="0">30</wcet>
            <wcet number="1">130</wcet>
            <maxpow number="0.38612268102543346"/>
            <maxpow number="0.38612268102543346"/>
            <fprob>0.0</fprob>
        </actor>
        <actor name="D0N2">
            <wcet number="0">50</wcet>
            <wcet number="1">50</wcet>
            <maxpow number="0.5224941924795263"/>
            <maxpow number="0.5224941924795263"/>
            <fprob>0.0</fprob>
        </actor>
        <actor name="D0N18">
            <wcet number="0">20</wcet>
            <wcet number="1">60</wcet>
            <maxpow number="0.6713090477571809"/>
            <maxpow number="0.6713090477571809"/>
            <fprob>0.0</fprob>
        </actor>
        <actor name="D0N8">
            <wcet number="0">10</wcet>
            <wcet number="1">50</wcet>
            <maxpow number="0.4394513410757446"/>
            <maxpow number="0.4394513410757446"/>
            <fprob>0.0</fprob>
        </actor>
        <actor name="D0N30">
            <wcet number="0">10</wcet>
            <wcet number="1">10</wcet>
            <maxpow number="0.8442913704682089"/>
            <maxpow number="0.8442913704682089"/>
            <fprob>0.0</fprob>
        </actor>
        <actor name="D0N31">
            <wcet number="0">70</wcet>
            <wcet number="1">130</wcet>
            <maxpow number="0.38839933268339877"/>
            <maxpow number="0.38839933268339877"/>
            <fprob>0.0</fprob>
        </actor>
        <actor name="D0N6">
            <wcet number="0">50</wcet>
            <wcet number="1">80</wcet>
            <maxpow number="0.5411439977456248"/>
            <maxpow number="0.5411439977456248"/>
            <fprob>0.0</fprob>
        </actor>
        <actor name="D0N16">
            <wcet number="0">10</wcet>
            <wcet number="1">40</wcet>
            <maxpow number="0.2821528577206191"/>
            <maxpow number="0.2821528577206191"/>
            <fprob>0.0</fprob>
        </actor>
        <actor name="D0N45">
            <wcet number="0">40</wcet>
            <wcet number="1">40</wcet>
            <maxpow number="0.6765316905346129"/>
            <maxpow number="0.6765316905346129"/>
            <fprob>0.0</fprob>
        </actor>
        <actor name="D0N9">
            <wcet number="0">40</wcet>
            <wcet number="1">40</wcet>
            <maxpow number="0.8182586991530262"/>
            <maxpow number="0.8182586991530262"/>
            <fprob>0.0</fprob>
        </actor>
        <actor name="D0N39">
            <wcet number="0">50</wcet>
            <wcet number="1">50</wcet>
            <maxpow number="0.674666733239603"/>
            <maxpow number="0.674666733239603"/>
            <fprob>0.0</fprob>
        </actor>
        <actor name="D0N1">
            <wcet number="0">50</wcet>
            <wcet number="1">50</wcet>
            <maxpow number="0.8892315307379048"/>
            <maxpow number="0.8892315307379048"/>
            <fprob>0.0</fprob>
        </actor>
        <actor name="D0N10">
            <wcet number="0">50</wcet>
            <wcet number="1">50</wcet>
            <maxpow number="0.4690455030943861"/>
            <maxpow number="0.4690455030943861"/>
            <fprob>0.0</fprob>
        </actor>
        <actor name="D0N38">
            <wcet number="0">40</wcet>
            <wcet number="1">50</wcet>
            <maxpow number="0.5112601742904379"/>
            <maxpow number="0.5112601742904379"/>
            <fprob>0.0</fprob>
        </actor>
        <actor name="D0N23">
            <wcet number="0">20</wcet>
            <wcet number="1">140</wcet>
            <maxpow number="0.6114976015664272"/>
            <maxpow number="0.6114976015664272"/>
            <fprob>0.0</fprob>
        </actor>
        <actor name="D0N43">
            <wcet number="0">30</wcet>
            <wcet number="1">60</wcet>
            <maxpow number="0.5114175725531541"/>
            <maxpow number="0.5114175725531541"/>
            <fprob>0.0</fprob>
        </actor>
        <actor name="D0N42">
            <wcet number="0">10</wcet>
            <wcet number="1">10</wcet>
            <maxpow number="0.6751701132785416"/>
            <maxpow number="0.6751701132785416"/>
            <fprob>0.0</fprob>
        </actor>
        <actor name="D0N27">
            <wcet number="0">20</wcet>
            <wcet number="1">20</wcet>
            <maxpow number="0.525906819567574"/>
            <maxpow number="0.525906819567574"/>
            <fprob>0.0</fprob>
        </actor>
        <actor name="D0N34">
            <wcet number="0">30</wcet>
            <wcet number="1">110</wcet>
            <maxpow number="0.3691928355971024"/>
            <maxpow number="0.3691928355971024"/>
            <fprob>0.0</fprob>
        </actor>
        <actor name="D0N32">
            <wcet number="0">20</wcet>
            <wcet number="1">110</wcet>
            <maxpow number="0.4365295096277811"/>
            <maxpow number="0.4365295096277811"/>
            <fprob>0.0</fprob>
        </actor>
        <actor name="D0N28">
            <wcet number="0">60</wcet>
            <wcet number="1">70</wcet>
            <maxpow number="0.6928619771860823"/>
            <maxpow number="0.6928619771860823"/>
            <fprob>0.0</fprob>
        </actor>
        <actor name="D0N12">
            <wcet number="0">40</wcet>
            <wcet number="1">100</wcet>
            <maxpow number="0.6694434088231316"/>
            <maxpow number="0.6694434088231316"/>
            <fprob>0.0</fprob>
        </actor>
        <actor name="D0N0">
            <wcet number="0">30</wcet>
            <wcet number="1">40</wcet>
            <maxpow number="0.8289092112616177"/>
            <maxpow number="0.8289092112616177"/>
            <fprob>0.0</fprob>
        </actor>
        <actor name="D0N19">
            <wcet number="0">20</wcet>
            <wcet number="1">50</wcet>
            <maxpow number="0.39147733255497724"/>
            <maxpow number="0.39147733255497724"/>
            <fprob>0.0</fprob>
        </actor>
        <actor name="D0N22">
            <wcet number="0">40</wcet>
            <wcet number="1">40</wcet>
            <maxpow number="0.8288719203755479"/>
            <maxpow number="0.8288719203755479"/>
            <fprob>0.0</fprob>
        </actor>
        <actor name="D0N3">
            <wcet number="0">10</wcet>
            <wcet number="1">20</wcet>
            <maxpow number="0.9031588507996504"/>
            <maxpow number="0.9031588507996504"/>
            <fprob>0.0</fprob>
        </actor>
        <actor name="D0N25">
            <wcet number="0">20</wcet>
            <wcet number="1">20</wcet>
            <maxpow number="0.264423338519977"/>
            <maxpow number="0.264423338519977"/>
            <fprob>0.0</fprob>
        </actor>
        <actor name="D0N29">
            <wcet number="0">80</wcet>
            <wcet number="1">100</wcet>
            <maxpow number="0.4488400244998666"/>
            <maxpow number="0.4488400244998666"/>
            <fprob>0.0</fprob>
        </actor>
        <ports>
            <port dstActor="D0N23" name="p0" srcActor="D0N14"/>
            <port dstActor="D0N45" name="p1" srcActor="D0N14"/>
            <port dstActor="D0N29" name="p2" srcActor="D0N14"/>
            <port dstActor="D0N25" name="p3" srcActor="D0N20"/>
            <port dstActor="D0N29" name="p4" srcActor="D0N20"/>
            <port dstActor="D0N31" name="p5" srcActor="D0N20"/>
            <port dstActor="D0N42" name="p6" srcActor="D0N20"/>
            <port dstActor="D0N27" name="p7" srcActor="D0N13"/>
            <port dstActor="D0N45" name="p8" srcActor="D0N13"/>
            <port dstActor="D0N18" name="p9" srcActor="D0N13"/>
            <port dstActor="D0N37" name="p10" srcActor="D0N13"/>
            <port dstActor="D0N43" name="p11" srcActor="D0N26"/>
            <port dstActor="D0N35" name="p12" srcActor="D0N26"/>
            <port dstActor="D0N44" name="p13" srcActor="D0N37"/>
            <port dstActor="D0N37" name="p14" srcActor="D0N33"/>
            <port dstActor="D0N45" name="p15" srcActor="D0N21"/>
            <port dstActor="D0N30" name="p16" srcActor="D0N24"/>
            <port dstActor="D0N31" name="p17" srcActor="D0N24"/>
            <port dstActor="D0N31" name="p18" srcActor="D0N17"/>
            <port dstActor="D0N20" name="p19" srcActor="D0N17"/>
            <port dstActor="D0N35" name="p20" srcActor="D0N15"/>
            <port dstActor="D0N31" name="p21" srcActor="D0N15"/>
            <port dstActor="D0N22" name="p22" srcActor="D0N15"/>
            <port dstActor="D0N25" name="p23" srcActor="D0N7"/>
            <port dstActor="D0N10" name="p24" srcActor="D0N7"/>
            <port dstActor="D0N39" name="p25" srcActor="D0N7"/>
            <port dstActor="D0N32" name="p26" srcActor="D0N7"/>
            <port dstActor="D0N44" name="p27" srcActor="D0N7"/>
            <port dstActor="D0N27" name="p28" srcActor="D0N7"/>
            <port dstActor="D0N19" name="p29" srcActor="D0N7"/>
            <port dstActor="D0N34" name="p30" srcActor="D0N5"/>
            <port dstActor="D0N15" name="p31" srcActor="D0N5"/>
            <port dstActor="D0N32" name="p32" srcActor="D0N5"/>
            <port dstActor="D0N37" name="p33" srcActor="D0N5"/>
            <port dstActor="D0N15" name="p34" srcActor="D0N4"/>
            <port dstActor="D0N21" name="p35" srcActor="D0N4"/>
            <port dstActor="D0N23" name="p36" srcActor="D0N4"/>
            <port dstActor="D0N10" name="p37" srcActor="D0N4"/>
            <port dstActor="D0N37" name="p38" srcActor="D0N11"/>
            <port dstActor="D0N42" name="p39" srcActor="D0N11"/>
            <port dstActor="D0N12" name="p40" srcActor="D0N11"/>
            <port dstActor="D0N42" name="p41" srcActor="D0N35"/>
            <port dstActor="D0N45" name="p42" srcActor="D0N41"/>
            <port dstActor="D0N45" name="p43" srcActor="D0N2"/>
            <port dstActor="D0N3" name="p44" srcActor="D0N2"/>
            <port dstActor="D0N16" name="p45" srcActor="D0N2"/>
            <port dstActor="D0N6" name="p46" srcActor="D0N2"/>
            <port dstActor="D0N11" name="p47" srcActor="D0N2"/>
            <port dstActor="D0N13" name="p48" srcActor="D0N2"/>
            <port dstActor="D0N32" name="p49" srcActor="D0N2"/>
            <port dstActor="D0N12" name="p50" srcActor="D0N2"/>
            <port dstActor="D0N44" name="p51" srcActor="D0N2"/>
            <port dstActor="D0N32" name="p52" srcActor="D0N18"/>
            <port dstActor="D0N41" name="p53" srcActor="D0N18"/>
            <port dstActor="D0N32" name="p54" srcActor="D0N8"/>
            <port dstActor="D0N11" name="p55" srcActor="D0N8"/>
            <port dstActor="D0N20" name="p56" srcActor="D0N8"/>
            <port dstActor="D0N35" name="p57" srcActor="D0N8"/>
            <port dstActor="D0N42" name="p58" srcActor="D0N8"/>
            <port dstActor="D0N28" name="p59" srcActor="D0N8"/>
            <port dstActor="D0N29" name="p60" srcActor="D0N8"/>
            <port dstActor="D0N37" name="p61" srcActor="D0N31"/>
            <port dstActor="D0N30" name="p62" srcActor="D0N6"/>
            <port dstActor="D0N15" name="p63" srcActor="D0N6"/>
            <port dstActor="D0N24" name="p64" srcActor="D0N16"/>
            <port dstActor="D0N44" name="p65" srcActor="D0N16"/>
            <port dstActor="D0N37" name="p66" srcActor="D0N9"/>
            <port dstActor="D0N15" name="p67" srcActor="D0N9"/>
            <port dstActor="D0N10" name="p68" srcActor="D0N9"/>
            <port dstActor="D0N13" name="p69" srcActor="D0N9"/>
            <port dstActor="D0N17" name="p70" srcActor="D0N9"/>
            <port dstActor="D0N12" name="p71" srcActor="D0N1"/>
            <port dstActor="D0N26" name="p72" srcActor="D0N1"/>
            <port dstActor="D0N39" name="p73" srcActor="D0N1"/>
            <port dstActor="D0N18" name="p74" srcActor="D0N1"/>
            <port dstActor="D0N28" name="p75" srcActor="D0N1"/>
            <port dstActor="D0N40" name="p76" srcActor="D0N1"/>
            <port dstActor="D0N21" name="p77" srcActor="D0N10"/>
            <port dstActor="D0N39" name="p78" srcActor="D0N10"/>
            <port dstActor="D0N43" name="p79" srcActor="D0N10"/>
            <port dstActor="D0N15" name="p80" srcActor="D0N10"/>
            <port dstActor="D0N23" name="p81" srcActor="D0N10"/>
            <port dstActor="D0N33" name="p82" srcActor="D0N10"/>
            <port dstActor="D0N43" name="p83" srcActor="D0N38"/>
            <port dstActor="D0N45" name="p84" srcActor="D0N38"/>
            <port dstActor="D0N28" name="p85" srcActor="D0N23"/>
            <port dstActor="D0N24" name="p86" srcActor="D0N23"/>
            <port dstActor="D0N45" name="p87" srcActor="D0N27"/>
            <port dstActor="D0N42" name="p88" srcActor="D0N34"/>
            <port dstActor="D0N41" name="p89" srcActor="D0N34"/>
            <port dstActor="D0N35" name="p90" srcActor="D0N34"/>
            <port dstActor="D0N36" name="p91" srcActor="D0N32"/>
            <port dstActor="D0N36" name="p92" srcActor="D0N28"/>
            <port dstActor="D0N35" name="p93" srcActor="D0N28"/>
            <port dstActor="D0N21" name="p94" srcActor="D0N12"/>
            <port dstActor="D0N14" name="p95" srcActor="D0N0"/>
            <port dstActor="D0N22" name="p96" srcActor="D0N0"/>
            <port dstActor="D0N45" name="p97" srcActor="D0N0"/>
            <port dstActor="D0N26" name="p98" srcActor="D0N19"/>
            <port dstActor="D0N38" name="p99" srcActor="D0N19"/>
            <port dstActor="D0N28" name="p100" srcActor="D0N22"/>
            <port dstActor="D0N20" name="p101" srcActor="D0N3"/>
            <port dstActor="D0N36" name="p102" srcActor="D0N3"/>
            <port dstActor="D0N24" name="p103" srcActor="D0N3"/>
            <port dstActor="D0N21" name="p104" srcActor="D0N3"/>
            <port dstActor="D0N22" name="p105" srcActor="D0N3"/>
            <port dstActor="D0N10" name="p106" srcActor="D0N3"/>
            <port dstActor="D0N18" name="p107" srcActor="D0N3"/>
            <port dstActor="D0N36" name="p108" srcActor="D0N29"/>
        </ports>
    </mcdag>
    <cores number="3"/>
    <levels number="2"/>
</mcsystem>
