<?xml version="1.0" encoding="UTF-8" standalone="no"?>
<mcsystem>
    <mcdag deadline="1000" name="genned-0-ed-10.0-0">
        <actor name="D0N13">
            <wcet number="0">70</wcet>
            <wcet number="1">70</wcet>
            <maxpow number="0.7090770435073181"/>
            <maxpow number="0.7090770435073181"/>
            <fprob>0.0</fprob>
        </actor>
        <actor name="D0N3">
            <wcet number="0">10</wcet>
            <wcet number="1">20</wcet>
            <maxpow number="0.38312430358687366"/>
            <maxpow number="0.38312430358687366"/>
            <fprob>0.0</fprob>
        </actor>
        <actor name="D0N42">
            <wcet number="0">10</wcet>
            <wcet number="1">10</wcet>
            <maxpow number="0.7265108682220749"/>
            <maxpow number="0.7265108682220749"/>
            <fprob>0.0</fprob>
        </actor>
        <actor name="D0N0">
            <wcet number="0">10</wcet>
            <wcet number="1">10</wcet>
            <maxpow number="0.7121459904912282"/>
            <maxpow number="0.7121459904912282"/>
            <fprob>0.0</fprob>
        </actor>
        <actor name="D0N1">
            <wcet number="0">10</wcet>
            <wcet number="1">40</wcet>
            <maxpow number="0.5647961750695302"/>
            <maxpow number="0.5647961750695302"/>
            <fprob>0.0</fprob>
        </actor>
        <actor name="D0N24">
            <wcet number="0">70</wcet>
            <wcet number="1">180</wcet>
            <maxpow number="0.6116311622187468"/>
            <maxpow number="0.6116311622187468"/>
            <fprob>0.0</fprob>
        </actor>
        <actor name="D0N2">
            <wcet number="0">40</wcet>
            <wcet number="1">90</wcet>
            <maxpow number="0.7341018451348227"/>
            <maxpow number="0.7341018451348227"/>
            <fprob>0.0</fprob>
        </actor>
        <actor name="D0N7">
            <wcet number="0">50</wcet>
            <wcet number="1">80</wcet>
            <maxpow number="0.4446404993690612"/>
            <maxpow number="0.4446404993690612"/>
            <fprob>0.0</fprob>
        </actor>
        <actor name="D0N8">
            <wcet number="0">40</wcet>
            <wcet number="1">80</wcet>
            <maxpow number="0.45656964518694954"/>
            <maxpow number="0.45656964518694954"/>
            <fprob>0.0</fprob>
        </actor>
        <actor name="D0N16">
            <wcet number="0">60</wcet>
            <wcet number="1">60</wcet>
            <maxpow number="0.7979717576456501"/>
            <maxpow number="0.7979717576456501"/>
            <fprob>0.0</fprob>
        </actor>
        <actor name="D0N40">
            <wcet number="0">30</wcet>
            <wcet number="1">40</wcet>
            <maxpow number="0.7209106470940622"/>
            <maxpow number="0.7209106470940622"/>
            <fprob>0.0</fprob>
        </actor>
        <actor name="D0N34">
            <wcet number="0">50</wcet>
            <wcet number="1">70</wcet>
            <maxpow number="0.6060650229702984"/>
            <maxpow number="0.6060650229702984"/>
            <fprob>0.0</fprob>
        </actor>
        <actor name="D0N38">
            <wcet number="0">20</wcet>
            <wcet number="1">40</wcet>
            <maxpow number="0.6188574830499223"/>
            <maxpow number="0.6188574830499223"/>
            <fprob>0.0</fprob>
        </actor>
        <actor name="D0N46">
            <wcet number="0">10</wcet>
            <wcet number="1">30</wcet>
            <maxpow number="0.26433622011380875"/>
            <maxpow number="0.26433622011380875"/>
            <fprob>0.0</fprob>
        </actor>
        <actor name="D0N26">
            <wcet number="0">100</wcet>
            <wcet number="1">120</wcet>
            <maxpow number="0.909241620769917"/>
            <maxpow number="0.909241620769917"/>
            <fprob>0.0</fprob>
        </actor>
        <actor name="D0N43">
            <wcet number="0">20</wcet>
            <wcet number="1">20</wcet>
            <maxpow number="0.4464908722291658"/>
            <maxpow number="0.4464908722291658"/>
            <fprob>0.0</fprob>
        </actor>
        <actor name="D0N10">
            <wcet number="0">10</wcet>
            <wcet number="1">10</wcet>
            <maxpow number="0.6149299030383268"/>
            <maxpow number="0.6149299030383268"/>
            <fprob>0.0</fprob>
        </actor>
        <actor name="D0N28">
            <wcet number="0">30</wcet>
            <wcet number="1">30</wcet>
            <maxpow number="0.6862342242589266"/>
            <maxpow number="0.6862342242589266"/>
            <fprob>0.0</fprob>
        </actor>
        <actor name="D0N27">
            <wcet number="0">60</wcet>
            <wcet number="1">90</wcet>
            <maxpow number="0.743435828578817"/>
            <maxpow number="0.743435828578817"/>
            <fprob>0.0</fprob>
        </actor>
        <actor name="D0N35">
            <wcet number="0">20</wcet>
            <wcet number="1">50</wcet>
            <maxpow number="0.5897592240419737"/>
            <maxpow number="0.5897592240419737"/>
            <fprob>0.0</fprob>
        </actor>
        <actor name="D0N4">
            <wcet number="0">10</wcet>
            <wcet number="1">10</wcet>
            <maxpow number="0.6071377625152643"/>
            <maxpow number="0.6071377625152643"/>
            <fprob>0.0</fprob>
        </actor>
        <actor name="D0N45">
            <wcet number="0">70</wcet>
            <wcet number="1">90</wcet>
            <maxpow number="0.6748472773121196"/>
            <maxpow number="0.6748472773121196"/>
            <fprob>0.0</fprob>
        </actor>
        <actor name="D0N14">
            <wcet number="0">10</wcet>
            <wcet number="1">10</wcet>
            <maxpow number="0.26721352601412723"/>
            <maxpow number="0.26721352601412723"/>
            <fprob>0.0</fprob>
        </actor>
        <actor name="D0N39">
            <wcet number="0">50</wcet>
            <wcet number="1">70</wcet>
            <maxpow number="0.5211405353140219"/>
            <maxpow number="0.5211405353140219"/>
            <fprob>0.0</fprob>
        </actor>
        <actor name="D0N21">
            <wcet number="0">10</wcet>
            <wcet number="1">10</wcet>
            <maxpow number="0.5864989201589625"/>
            <maxpow number="0.5864989201589625"/>
            <fprob>0.0</fprob>
        </actor>
        <actor name="D0N44">
            <wcet number="0">50</wcet>
            <wcet number="1">50</wcet>
            <maxpow number="0.7373550400259606"/>
            <maxpow number="0.7373550400259606"/>
            <fprob>0.0</fprob>
        </actor>
        <actor name="D0N12">
            <wcet number="0">10</wcet>
            <wcet number="1">20</wcet>
            <maxpow number="0.6333289089909142"/>
            <maxpow number="0.6333289089909142"/>
            <fprob>0.0</fprob>
        </actor>
        <actor name="D0N19">
            <wcet number="0">10</wcet>
            <wcet number="1">10</wcet>
            <maxpow number="0.41172338763651206"/>
            <maxpow number="0.41172338763651206"/>
            <fprob>0.0</fprob>
        </actor>
        <actor name="D0N15">
            <wcet number="0">10</wcet>
            <wcet number="1">20</wcet>
            <maxpow number="0.745369864287032"/>
            <maxpow number="0.745369864287032"/>
            <fprob>0.0</fprob>
        </actor>
        <actor name="D0N17">
            <wcet number="0">130</wcet>
            <wcet number="1">180</wcet>
            <maxpow number="0.6222303702268464"/>
            <maxpow number="0.6222303702268464"/>
            <fprob>0.0</fprob>
        </actor>
        <actor name="D0N18">
            <wcet number="0">20</wcet>
            <wcet number="1">20</wcet>
            <maxpow number="0.45162223714424793"/>
            <maxpow number="0.45162223714424793"/>
            <fprob>0.0</fprob>
        </actor>
        <actor name="D0N20">
            <wcet number="0">20</wcet>
            <wcet number="1">20</wcet>
            <maxpow number="0.4031929894190601"/>
            <maxpow number="0.4031929894190601"/>
            <fprob>0.0</fprob>
        </actor>
        <actor name="D0N37">
            <wcet number="0">20</wcet>
            <wcet number="1">40</wcet>
            <maxpow number="0.5860424830777818"/>
            <maxpow number="0.5860424830777818"/>
            <fprob>0.0</fprob>
        </actor>
        <actor name="D0N41">
            <wcet number="0">20</wcet>
            <wcet number="1">20</wcet>
            <maxpow number="0.6691028928585596"/>
            <maxpow number="0.6691028928585596"/>
            <fprob>0.0</fprob>
        </actor>
        <actor name="D0N29">
            <wcet number="0">10</wcet>
            <wcet number="1">20</wcet>
            <maxpow number="0.38945933313226366"/>
            <maxpow number="0.38945933313226366"/>
            <fprob>0.0</fprob>
        </actor>
        <actor name="D0N33">
            <wcet number="0">20</wcet>
            <wcet number="1">80</wcet>
            <maxpow number="0.2929353963100739"/>
            <maxpow number="0.2929353963100739"/>
            <fprob>0.0</fprob>
        </actor>
        <actor name="D0N23">
            <wcet number="0">50</wcet>
            <wcet number="1">60</wcet>
            <maxpow number="0.30554445567965366"/>
            <maxpow number="0.30554445567965366"/>
            <fprob>0.0</fprob>
        </actor>
        <actor name="D0N36">
            <wcet number="0">30</wcet>
            <wcet number="1">30</wcet>
            <maxpow number="0.3632652047073551"/>
            <maxpow number="0.3632652047073551"/>
            <fprob>0.0</fprob>
        </actor>
        <actor name="D0N22">
            <wcet number="0">50</wcet>
            <wcet number="1">60</wcet>
            <maxpow number="0.6371597659246234"/>
            <maxpow number="0.6371597659246234"/>
            <fprob>0.0</fprob>
        </actor>
        <actor name="D0N25">
            <wcet number="0">80</wcet>
            <wcet number="1">120</wcet>
            <maxpow number="0.4231136673690027"/>
            <maxpow number="0.4231136673690027"/>
            <fprob>0.0</fprob>
        </actor>
        <actor name="D0N31">
            <wcet number="0">10</wcet>
            <wcet number="1">20</wcet>
            <maxpow number="0.4234376677057781"/>
            <maxpow number="0.4234376677057781"/>
            <fprob>0.0</fprob>
        </actor>
        <actor name="D0N6">
            <wcet number="0">60</wcet>
            <wcet number="1">70</wcet>
            <maxpow number="0.2052199950503965"/>
            <maxpow number="0.2052199950503965"/>
            <fprob>0.0</fprob>
        </actor>
        <actor name="D0N11">
            <wcet number="0">10</wcet>
            <wcet number="1">10</wcet>
            <maxpow number="0.6248789895413212"/>
            <maxpow number="0.6248789895413212"/>
            <fprob>0.0</fprob>
        </actor>
        <actor name="D0N5">
            <wcet number="0">20</wcet>
            <wcet number="1">60</wcet>
            <maxpow number="0.6409665780952615"/>
            <maxpow number="0.6409665780952615"/>
            <fprob>0.0</fprob>
        </actor>
        <actor name="D0N32">
            <wcet number="0">10</wcet>
            <wcet number="1">20</wcet>
            <maxpow number="0.9172567020083432"/>
            <maxpow number="0.9172567020083432"/>
            <fprob>0.0</fprob>
        </actor>
        <actor name="D0N9">
            <wcet number="0">40</wcet>
            <wcet number="1">110</wcet>
            <maxpow number="0.4536124600551201"/>
            <maxpow number="0.4536124600551201"/>
            <fprob>0.0</fprob>
        </actor>
        <actor name="D0N30">
            <wcet number="0">30</wcet>
            <wcet number="1">30</wcet>
            <maxpow number="0.3278140544941236"/>
            <maxpow number="0.3278140544941236"/>
            <fprob>0.0</fprob>
        </actor>
        <ports>
            <port dstActor="D0N38" name="p0" srcActor="D0N13"/>
            <port dstActor="D0N31" name="p1" srcActor="D0N13"/>
            <port dstActor="D0N19" name="p2" srcActor="D0N13"/>
            <port dstActor="D0N26" name="p3" srcActor="D0N13"/>
            <port dstActor="D0N24" name="p4" srcActor="D0N13"/>
            <port dstActor="D0N36" name="p5" srcActor="D0N13"/>
            <port dstActor="D0N15" name="p6" srcActor="D0N3"/>
            <port dstActor="D0N10" name="p7" srcActor="D0N3"/>
            <port dstActor="D0N46" name="p8" srcActor="D0N3"/>
            <port dstActor="D0N33" name="p9" srcActor="D0N3"/>
            <port dstActor="D0N8" name="p10" srcActor="D0N3"/>
            <port dstActor="D0N38" name="p11" srcActor="D0N3"/>
            <port dstActor="D0N23" name="p12" srcActor="D0N0"/>
            <port dstActor="D0N40" name="p13" srcActor="D0N0"/>
            <port dstActor="D0N10" name="p14" srcActor="D0N0"/>
            <port dstActor="D0N26" name="p15" srcActor="D0N0"/>
            <port dstActor="D0N39" name="p16" srcActor="D0N0"/>
            <port dstActor="D0N20" name="p17" srcActor="D0N0"/>
            <port dstActor="D0N5" name="p18" srcActor="D0N1"/>
            <port dstActor="D0N30" name="p19" srcActor="D0N1"/>
            <port dstActor="D0N39" name="p20" srcActor="D0N24"/>
            <port dstActor="D0N29" name="p21" srcActor="D0N24"/>
            <port dstActor="D0N31" name="p22" srcActor="D0N24"/>
            <port dstActor="D0N41" name="p23" srcActor="D0N24"/>
            <port dstActor="D0N33" name="p24" srcActor="D0N2"/>
            <port dstActor="D0N10" name="p25" srcActor="D0N7"/>
            <port dstActor="D0N38" name="p26" srcActor="D0N7"/>
            <port dstActor="D0N21" name="p27" srcActor="D0N7"/>
            <port dstActor="D0N8" name="p28" srcActor="D0N7"/>
            <port dstActor="D0N44" name="p29" srcActor="D0N8"/>
            <port dstActor="D0N36" name="p30" srcActor="D0N16"/>
            <port dstActor="D0N18" name="p31" srcActor="D0N16"/>
            <port dstActor="D0N46" name="p32" srcActor="D0N40"/>
            <port dstActor="D0N40" name="p33" srcActor="D0N34"/>
            <port dstActor="D0N44" name="p34" srcActor="D0N34"/>
            <port dstActor="D0N46" name="p35" srcActor="D0N34"/>
            <port dstActor="D0N42" name="p36" srcActor="D0N34"/>
            <port dstActor="D0N40" name="p37" srcActor="D0N38"/>
            <port dstActor="D0N46" name="p38" srcActor="D0N38"/>
            <port dstActor="D0N34" name="p39" srcActor="D0N26"/>
            <port dstActor="D0N41" name="p40" srcActor="D0N10"/>
            <port dstActor="D0N45" name="p41" srcActor="D0N10"/>
            <port dstActor="D0N32" name="p42" srcActor="D0N28"/>
            <port dstActor="D0N43" name="p43" srcActor="D0N28"/>
            <port dstActor="D0N44" name="p44" srcActor="D0N28"/>
            <port dstActor="D0N28" name="p45" srcActor="D0N27"/>
            <port dstActor="D0N22" name="p46" srcActor="D0N4"/>
            <port dstActor="D0N42" name="p47" srcActor="D0N4"/>
            <port dstActor="D0N28" name="p48" srcActor="D0N4"/>
            <port dstActor="D0N46" name="p49" srcActor="D0N45"/>
            <port dstActor="D0N31" name="p50" srcActor="D0N14"/>
            <port dstActor="D0N29" name="p51" srcActor="D0N21"/>
            <port dstActor="D0N26" name="p52" srcActor="D0N21"/>
            <port dstActor="D0N46" name="p53" srcActor="D0N21"/>
            <port dstActor="D0N38" name="p54" srcActor="D0N21"/>
            <port dstActor="D0N39" name="p55" srcActor="D0N21"/>
            <port dstActor="D0N46" name="p56" srcActor="D0N44"/>
            <port dstActor="D0N23" name="p57" srcActor="D0N12"/>
            <port dstActor="D0N34" name="p58" srcActor="D0N12"/>
            <port dstActor="D0N35" name="p59" srcActor="D0N19"/>
            <port dstActor="D0N33" name="p60" srcActor="D0N19"/>
            <port dstActor="D0N36" name="p61" srcActor="D0N19"/>
            <port dstActor="D0N37" name="p62" srcActor="D0N15"/>
            <port dstActor="D0N46" name="p63" srcActor="D0N15"/>
            <port dstActor="D0N21" name="p64" srcActor="D0N17"/>
            <port dstActor="D0N20" name="p65" srcActor="D0N17"/>
            <port dstActor="D0N44" name="p66" srcActor="D0N17"/>
            <port dstActor="D0N20" name="p67" srcActor="D0N18"/>
            <port dstActor="D0N19" name="p68" srcActor="D0N18"/>
            <port dstActor="D0N21" name="p69" srcActor="D0N20"/>
            <port dstActor="D0N38" name="p70" srcActor="D0N20"/>
            <port dstActor="D0N42" name="p71" srcActor="D0N37"/>
            <port dstActor="D0N37" name="p72" srcActor="D0N29"/>
            <port dstActor="D0N44" name="p73" srcActor="D0N29"/>
            <port dstActor="D0N42" name="p74" srcActor="D0N29"/>
            <port dstActor="D0N32" name="p75" srcActor="D0N29"/>
            <port dstActor="D0N45" name="p76" srcActor="D0N33"/>
            <port dstActor="D0N30" name="p77" srcActor="D0N22"/>
            <port dstActor="D0N34" name="p78" srcActor="D0N22"/>
            <port dstActor="D0N45" name="p79" srcActor="D0N22"/>
            <port dstActor="D0N37" name="p80" srcActor="D0N22"/>
            <port dstActor="D0N31" name="p81" srcActor="D0N25"/>
            <port dstActor="D0N34" name="p82" srcActor="D0N25"/>
            <port dstActor="D0N40" name="p83" srcActor="D0N25"/>
            <port dstActor="D0N42" name="p84" srcActor="D0N31"/>
            <port dstActor="D0N13" name="p85" srcActor="D0N6"/>
            <port dstActor="D0N8" name="p86" srcActor="D0N6"/>
            <port dstActor="D0N19" name="p87" srcActor="D0N6"/>
            <port dstActor="D0N23" name="p88" srcActor="D0N6"/>
            <port dstActor="D0N17" name="p89" srcActor="D0N11"/>
            <port dstActor="D0N44" name="p90" srcActor="D0N11"/>
            <port dstActor="D0N23" name="p91" srcActor="D0N11"/>
            <port dstActor="D0N36" name="p92" srcActor="D0N11"/>
            <port dstActor="D0N40" name="p93" srcActor="D0N5"/>
            <port dstActor="D0N26" name="p94" srcActor="D0N5"/>
            <port dstActor="D0N41" name="p95" srcActor="D0N5"/>
            <port dstActor="D0N31" name="p96" srcActor="D0N5"/>
            <port dstActor="D0N45" name="p97" srcActor="D0N32"/>
            <port dstActor="D0N17" name="p98" srcActor="D0N9"/>
            <port dstActor="D0N20" name="p99" srcActor="D0N9"/>
            <port dstActor="D0N34" name="p100" srcActor="D0N9"/>
            <port dstActor="D0N45" name="p101" srcActor="D0N9"/>
            <port dstActor="D0N30" name="p102" srcActor="D0N9"/>
            <port dstActor="D0N24" name="p103" srcActor="D0N9"/>
            <port dstActor="D0N22" name="p104" srcActor="D0N9"/>
            <port dstActor="D0N29" name="p105" srcActor="D0N9"/>
            <port dstActor="D0N44" name="p106" srcActor="D0N9"/>
            <port dstActor="D0N31" name="p107" srcActor="D0N30"/>
            <port dstActor="D0N37" name="p108" srcActor="D0N30"/>
        </ports>
    </mcdag>
    <cores number="3"/>
    <levels number="2"/>
</mcsystem>
