<?xml version="1.0" encoding="UTF-8" standalone="no"?>
<mcsystem>
    <mcdag deadline="3000" name="genned-0-ed-10.0-0">
        <actor name="D0N34">
            <wcet number="0">40</wcet>
            <wcet number="1">170</wcet>
            <maxpow number="0.4457041178180266"/>
            <maxpow number="0.4457041178180266"/>
            <fprob>0.0</fprob>
        </actor>
        <actor name="D0N17">
            <wcet number="0">90</wcet>
            <wcet number="1">100</wcet>
            <maxpow number="0.3577393884986865"/>
            <maxpow number="0.3577393884986865"/>
            <fprob>0.0</fprob>
        </actor>
        <actor name="D0N24">
            <wcet number="0">20</wcet>
            <wcet number="1">130</wcet>
            <maxpow number="0.8168110871753502"/>
            <maxpow number="0.8168110871753502"/>
            <fprob>0.0</fprob>
        </actor>
        <actor name="D0N25">
            <wcet number="0">20</wcet>
            <wcet number="1">230</wcet>
            <maxpow number="0.8753536260683235"/>
            <maxpow number="0.8753536260683235"/>
            <fprob>0.0</fprob>
        </actor>
        <actor name="D0N36">
            <wcet number="0">100</wcet>
            <wcet number="1">150</wcet>
            <maxpow number="0.48705896809220817"/>
            <maxpow number="0.48705896809220817"/>
            <fprob>0.0</fprob>
        </actor>
        <actor name="D0N23">
            <wcet number="0">150</wcet>
            <wcet number="1">160</wcet>
            <maxpow number="0.6601130146233731"/>
            <maxpow number="0.6601130146233731"/>
            <fprob>0.0</fprob>
        </actor>
        <actor name="D0N31">
            <wcet number="0">50</wcet>
            <wcet number="1">80</wcet>
            <maxpow number="0.597889819523655"/>
            <maxpow number="0.597889819523655"/>
            <fprob>0.0</fprob>
        </actor>
        <actor name="D0N27">
            <wcet number="0">130</wcet>
            <wcet number="1">240</wcet>
            <maxpow number="0.5386818138073239"/>
            <maxpow number="0.5386818138073239"/>
            <fprob>0.0</fprob>
        </actor>
        <actor name="D0N8">
            <wcet number="0">40</wcet>
            <wcet number="1">50</wcet>
            <maxpow number="0.6396562040571168"/>
            <maxpow number="0.6396562040571168"/>
            <fprob>0.0</fprob>
        </actor>
        <actor name="D0N4">
            <wcet number="0">20</wcet>
            <wcet number="1">30</wcet>
            <maxpow number="0.7990494583139405"/>
            <maxpow number="0.7990494583139405"/>
            <fprob>0.0</fprob>
        </actor>
        <actor name="D0N14">
            <wcet number="0">370</wcet>
            <wcet number="1">390</wcet>
            <maxpow number="0.3075856289017468"/>
            <maxpow number="0.3075856289017468"/>
            <fprob>0.0</fprob>
        </actor>
        <actor name="D0N9">
            <wcet number="0">40</wcet>
            <wcet number="1">50</wcet>
            <maxpow number="0.19288846356691236"/>
            <maxpow number="0.19288846356691236"/>
            <fprob>0.0</fprob>
        </actor>
        <actor name="D0N47">
            <wcet number="0">20</wcet>
            <wcet number="1">30</wcet>
            <maxpow number="0.6168281420221395"/>
            <maxpow number="0.6168281420221395"/>
            <fprob>0.0</fprob>
        </actor>
        <actor name="D0N45">
            <wcet number="0">120</wcet>
            <wcet number="1">120</wcet>
            <maxpow number="0.5054311860636012"/>
            <maxpow number="0.5054311860636012"/>
            <fprob>0.0</fprob>
        </actor>
        <actor name="D0N6">
            <wcet number="0">20</wcet>
            <wcet number="1">120</wcet>
            <maxpow number="0.7179073139661659"/>
            <maxpow number="0.7179073139661659"/>
            <fprob>0.0</fprob>
        </actor>
        <actor name="D0N2">
            <wcet number="0">480</wcet>
            <wcet number="1">490</wcet>
            <maxpow number="0.6506793481476276"/>
            <maxpow number="0.6506793481476276"/>
            <fprob>0.0</fprob>
        </actor>
        <actor name="D0N26">
            <wcet number="0">10</wcet>
            <wcet number="1">100</wcet>
            <maxpow number="0.5689376932086521"/>
            <maxpow number="0.5689376932086521"/>
            <fprob>0.0</fprob>
        </actor>
        <actor name="D0N30">
            <wcet number="0">20</wcet>
            <wcet number="1">70</wcet>
            <maxpow number="0.4638794284172714"/>
            <maxpow number="0.4638794284172714"/>
            <fprob>0.0</fprob>
        </actor>
        <actor name="D0N35">
            <wcet number="0">40</wcet>
            <wcet number="1">160</wcet>
            <maxpow number="0.4277728377867299"/>
            <maxpow number="0.4277728377867299"/>
            <fprob>0.0</fprob>
        </actor>
        <actor name="D0N12">
            <wcet number="0">50</wcet>
            <wcet number="1">170</wcet>
            <maxpow number="0.35350150099095734"/>
            <maxpow number="0.35350150099095734"/>
            <fprob>0.0</fprob>
        </actor>
        <actor name="D0N18">
            <wcet number="0">30</wcet>
            <wcet number="1">30</wcet>
            <maxpow number="0.5786493656842326"/>
            <maxpow number="0.5786493656842326"/>
            <fprob>0.0</fprob>
        </actor>
        <actor name="D0N44">
            <wcet number="0">30</wcet>
            <wcet number="1">70</wcet>
            <maxpow number="0.258512055066286"/>
            <maxpow number="0.258512055066286"/>
            <fprob>0.0</fprob>
        </actor>
        <actor name="D0N37">
            <wcet number="0">10</wcet>
            <wcet number="1">30</wcet>
            <maxpow number="0.4082364872403234"/>
            <maxpow number="0.4082364872403234"/>
            <fprob>0.0</fprob>
        </actor>
        <actor name="D0N19">
            <wcet number="0">30</wcet>
            <wcet number="1">150</wcet>
            <maxpow number="0.6395665254006843"/>
            <maxpow number="0.6395665254006843"/>
            <fprob>0.0</fprob>
        </actor>
        <actor name="D0N11">
            <wcet number="0">10</wcet>
            <wcet number="1">10</wcet>
            <maxpow number="0.45701912429013025"/>
            <maxpow number="0.45701912429013025"/>
            <fprob>0.0</fprob>
        </actor>
        <actor name="D0N7">
            <wcet number="0">10</wcet>
            <wcet number="1">10</wcet>
            <maxpow number="0.5858546882709281"/>
            <maxpow number="0.5858546882709281"/>
            <fprob>0.0</fprob>
        </actor>
        <actor name="D0N42">
            <wcet number="0">10</wcet>
            <wcet number="1">20</wcet>
            <maxpow number="0.3991527501838077"/>
            <maxpow number="0.3991527501838077"/>
            <fprob>0.0</fprob>
        </actor>
        <actor name="D0N5">
            <wcet number="0">20</wcet>
            <wcet number="1">60</wcet>
            <maxpow number="0.39137200786683657"/>
            <maxpow number="0.39137200786683657"/>
            <fprob>0.0</fprob>
        </actor>
        <actor name="D0N10">
            <wcet number="0">40</wcet>
            <wcet number="1">180</wcet>
            <maxpow number="0.5728866797882226"/>
            <maxpow number="0.5728866797882226"/>
            <fprob>0.0</fprob>
        </actor>
        <actor name="D0N39">
            <wcet number="0">40</wcet>
            <wcet number="1">80</wcet>
            <maxpow number="0.6535460206528507"/>
            <maxpow number="0.6535460206528507"/>
            <fprob>0.0</fprob>
        </actor>
        <actor name="D0N40">
            <wcet number="0">40</wcet>
            <wcet number="1">60</wcet>
            <maxpow number="0.5841901399811247"/>
            <maxpow number="0.5841901399811247"/>
            <fprob>0.0</fprob>
        </actor>
        <actor name="D0N43">
            <wcet number="0">60</wcet>
            <wcet number="1">120</wcet>
            <maxpow number="0.5303695852971876"/>
            <maxpow number="0.5303695852971876"/>
            <fprob>0.0</fprob>
        </actor>
        <actor name="D0N13">
            <wcet number="0">30</wcet>
            <wcet number="1">60</wcet>
            <maxpow number="0.7877063083582255"/>
            <maxpow number="0.7877063083582255"/>
            <fprob>0.0</fprob>
        </actor>
        <actor name="D0N41">
            <wcet number="0">10</wcet>
            <wcet number="1">30</wcet>
            <maxpow number="0.8199173869673178"/>
            <maxpow number="0.8199173869673178"/>
            <fprob>0.0</fprob>
        </actor>
        <actor name="D0N3">
            <wcet number="0">80</wcet>
            <wcet number="1">140</wcet>
            <maxpow number="0.571857479145751"/>
            <maxpow number="0.571857479145751"/>
            <fprob>0.0</fprob>
        </actor>
        <actor name="D0N29">
            <wcet number="0">70</wcet>
            <wcet number="1">170</wcet>
            <maxpow number="0.40291799975351095"/>
            <maxpow number="0.40291799975351095"/>
            <fprob>0.0</fprob>
        </actor>
        <actor name="D0N22">
            <wcet number="0">20</wcet>
            <wcet number="1">20</wcet>
            <maxpow number="0.3564234018879435"/>
            <maxpow number="0.3564234018879435"/>
            <fprob>0.0</fprob>
        </actor>
        <actor name="D0N16">
            <wcet number="0">20</wcet>
            <wcet number="1">20</wcet>
            <maxpow number="0.8450803793054983"/>
            <maxpow number="0.8450803793054983"/>
            <fprob>0.0</fprob>
        </actor>
        <actor name="D0N1">
            <wcet number="0">30</wcet>
            <wcet number="1">180</wcet>
            <maxpow number="0.7729540128686607"/>
            <maxpow number="0.7729540128686607"/>
            <fprob>0.0</fprob>
        </actor>
        <actor name="D0N38">
            <wcet number="0">70</wcet>
            <wcet number="1">150</wcet>
            <maxpow number="0.6867345155751119"/>
            <maxpow number="0.6867345155751119"/>
            <fprob>0.0</fprob>
        </actor>
        <actor name="D0N46">
            <wcet number="0">110</wcet>
            <wcet number="1">130</wcet>
            <maxpow number="0.2899008355303059"/>
            <maxpow number="0.2899008355303059"/>
            <fprob>0.0</fprob>
        </actor>
        <actor name="D0N28">
            <wcet number="0">10</wcet>
            <wcet number="1">10</wcet>
            <maxpow number="0.5533896230054409"/>
            <maxpow number="0.5533896230054409"/>
            <fprob>0.0</fprob>
        </actor>
        <actor name="D0N0">
            <wcet number="0">20</wcet>
            <wcet number="1">30</wcet>
            <maxpow number="0.8952167884630325"/>
            <maxpow number="0.8952167884630325"/>
            <fprob>0.0</fprob>
        </actor>
        <actor name="D0N21">
            <wcet number="0">880</wcet>
            <wcet number="1">1130</wcet>
            <maxpow number="0.32567790944686903"/>
            <maxpow number="0.32567790944686903"/>
            <fprob>0.0</fprob>
        </actor>
        <actor name="D0N15">
            <wcet number="0">10</wcet>
            <wcet number="1">10</wcet>
            <maxpow number="0.8582177485511326"/>
            <maxpow number="0.8582177485511326"/>
            <fprob>0.0</fprob>
        </actor>
        <actor name="D0N32">
            <wcet number="0">180</wcet>
            <wcet number="1">190</wcet>
            <maxpow number="0.8141145284822228"/>
            <maxpow number="0.8141145284822228"/>
            <fprob>0.0</fprob>
        </actor>
        <actor name="D0N33">
            <wcet number="0">230</wcet>
            <wcet number="1">280</wcet>
            <maxpow number="0.5329657776891683"/>
            <maxpow number="0.5329657776891683"/>
            <fprob>0.0</fprob>
        </actor>
        <actor name="D0N20">
            <wcet number="0">40</wcet>
            <wcet number="1">190</wcet>
            <maxpow number="0.1248537380007943"/>
            <maxpow number="0.1248537380007943"/>
            <fprob>0.0</fprob>
        </actor>
        <ports>
            <port dstActor="D0N39" name="p0" srcActor="D0N34"/>
            <port dstActor="D0N47" name="p1" srcActor="D0N17"/>
            <port dstActor="D0N23" name="p2" srcActor="D0N17"/>
            <port dstActor="D0N22" name="p3" srcActor="D0N17"/>
            <port dstActor="D0N46" name="p4" srcActor="D0N24"/>
            <port dstActor="D0N44" name="p5" srcActor="D0N24"/>
            <port dstActor="D0N26" name="p6" srcActor="D0N25"/>
            <port dstActor="D0N35" name="p7" srcActor="D0N25"/>
            <port dstActor="D0N47" name="p8" srcActor="D0N25"/>
            <port dstActor="D0N41" name="p9" srcActor="D0N25"/>
            <port dstActor="D0N46" name="p10" srcActor="D0N25"/>
            <port dstActor="D0N44" name="p11" srcActor="D0N25"/>
            <port dstActor="D0N38" name="p12" srcActor="D0N23"/>
            <port dstActor="D0N28" name="p13" srcActor="D0N23"/>
            <port dstActor="D0N44" name="p14" srcActor="D0N31"/>
            <port dstActor="D0N23" name="p15" srcActor="D0N8"/>
            <port dstActor="D0N14" name="p16" srcActor="D0N8"/>
            <port dstActor="D0N20" name="p17" srcActor="D0N8"/>
            <port dstActor="D0N25" name="p18" srcActor="D0N4"/>
            <port dstActor="D0N42" name="p19" srcActor="D0N4"/>
            <port dstActor="D0N22" name="p20" srcActor="D0N4"/>
            <port dstActor="D0N44" name="p21" srcActor="D0N4"/>
            <port dstActor="D0N25" name="p22" srcActor="D0N14"/>
            <port dstActor="D0N15" name="p23" srcActor="D0N14"/>
            <port dstActor="D0N47" name="p24" srcActor="D0N14"/>
            <port dstActor="D0N22" name="p25" srcActor="D0N14"/>
            <port dstActor="D0N44" name="p26" srcActor="D0N9"/>
            <port dstActor="D0N45" name="p27" srcActor="D0N9"/>
            <port dstActor="D0N26" name="p28" srcActor="D0N9"/>
            <port dstActor="D0N12" name="p29" srcActor="D0N6"/>
            <port dstActor="D0N34" name="p30" srcActor="D0N6"/>
            <port dstActor="D0N27" name="p31" srcActor="D0N6"/>
            <port dstActor="D0N40" name="p32" srcActor="D0N6"/>
            <port dstActor="D0N43" name="p33" srcActor="D0N2"/>
            <port dstActor="D0N45" name="p34" srcActor="D0N2"/>
            <port dstActor="D0N9" name="p35" srcActor="D0N2"/>
            <port dstActor="D0N22" name="p36" srcActor="D0N2"/>
            <port dstActor="D0N36" name="p37" srcActor="D0N30"/>
            <port dstActor="D0N46" name="p38" srcActor="D0N30"/>
            <port dstActor="D0N32" name="p39" srcActor="D0N12"/>
            <port dstActor="D0N35" name="p40" srcActor="D0N12"/>
            <port dstActor="D0N32" name="p41" srcActor="D0N18"/>
            <port dstActor="D0N29" name="p42" srcActor="D0N18"/>
            <port dstActor="D0N42" name="p43" srcActor="D0N18"/>
            <port dstActor="D0N46" name="p44" srcActor="D0N37"/>
            <port dstActor="D0N20" name="p45" srcActor="D0N19"/>
            <port dstActor="D0N24" name="p46" srcActor="D0N19"/>
            <port dstActor="D0N42" name="p47" srcActor="D0N19"/>
            <port dstActor="D0N28" name="p48" srcActor="D0N19"/>
            <port dstActor="D0N39" name="p49" srcActor="D0N11"/>
            <port dstActor="D0N18" name="p50" srcActor="D0N11"/>
            <port dstActor="D0N19" name="p51" srcActor="D0N11"/>
            <port dstActor="D0N16" name="p52" srcActor="D0N11"/>
            <port dstActor="D0N45" name="p53" srcActor="D0N11"/>
            <port dstActor="D0N21" name="p54" srcActor="D0N11"/>
            <port dstActor="D0N36" name="p55" srcActor="D0N11"/>
            <port dstActor="D0N15" name="p56" srcActor="D0N11"/>
            <port dstActor="D0N37" name="p57" srcActor="D0N7"/>
            <port dstActor="D0N22" name="p58" srcActor="D0N7"/>
            <port dstActor="D0N36" name="p59" srcActor="D0N7"/>
            <port dstActor="D0N21" name="p60" srcActor="D0N7"/>
            <port dstActor="D0N31" name="p61" srcActor="D0N5"/>
            <port dstActor="D0N17" name="p62" srcActor="D0N5"/>
            <port dstActor="D0N42" name="p63" srcActor="D0N5"/>
            <port dstActor="D0N32" name="p64" srcActor="D0N5"/>
            <port dstActor="D0N6" name="p65" srcActor="D0N5"/>
            <port dstActor="D0N16" name="p66" srcActor="D0N5"/>
            <port dstActor="D0N30" name="p67" srcActor="D0N10"/>
            <port dstActor="D0N35" name="p68" srcActor="D0N10"/>
            <port dstActor="D0N47" name="p69" srcActor="D0N10"/>
            <port dstActor="D0N46" name="p70" srcActor="D0N43"/>
            <port dstActor="D0N44" name="p71" srcActor="D0N43"/>
            <port dstActor="D0N30" name="p72" srcActor="D0N13"/>
            <port dstActor="D0N35" name="p73" srcActor="D0N13"/>
            <port dstActor="D0N25" name="p74" srcActor="D0N13"/>
            <port dstActor="D0N14" name="p75" srcActor="D0N13"/>
            <port dstActor="D0N4" name="p76" srcActor="D0N3"/>
            <port dstActor="D0N40" name="p77" srcActor="D0N3"/>
            <port dstActor="D0N22" name="p78" srcActor="D0N3"/>
            <port dstActor="D0N39" name="p79" srcActor="D0N3"/>
            <port dstActor="D0N36" name="p80" srcActor="D0N29"/>
            <port dstActor="D0N35" name="p81" srcActor="D0N29"/>
            <port dstActor="D0N30" name="p82" srcActor="D0N29"/>
            <port dstActor="D0N30" name="p83" srcActor="D0N22"/>
            <port dstActor="D0N40" name="p84" srcActor="D0N22"/>
            <port dstActor="D0N39" name="p85" srcActor="D0N22"/>
            <port dstActor="D0N34" name="p86" srcActor="D0N22"/>
            <port dstActor="D0N23" name="p87" srcActor="D0N16"/>
            <port dstActor="D0N12" name="p88" srcActor="D0N1"/>
            <port dstActor="D0N33" name="p89" srcActor="D0N1"/>
            <port dstActor="D0N19" name="p90" srcActor="D0N1"/>
            <port dstActor="D0N9" name="p91" srcActor="D0N1"/>
            <port dstActor="D0N21" name="p92" srcActor="D0N1"/>
            <port dstActor="D0N42" name="p93" srcActor="D0N1"/>
            <port dstActor="D0N13" name="p94" srcActor="D0N1"/>
            <port dstActor="D0N32" name="p95" srcActor="D0N1"/>
            <port dstActor="D0N40" name="p96" srcActor="D0N38"/>
            <port dstActor="D0N42" name="p97" srcActor="D0N38"/>
            <port dstActor="D0N29" name="p98" srcActor="D0N28"/>
            <port dstActor="D0N46" name="p99" srcActor="D0N28"/>
            <port dstActor="D0N38" name="p100" srcActor="D0N0"/>
            <port dstActor="D0N28" name="p101" srcActor="D0N0"/>
            <port dstActor="D0N1" name="p102" srcActor="D0N0"/>
            <port dstActor="D0N30" name="p103" srcActor="D0N0"/>
            <port dstActor="D0N43" name="p104" srcActor="D0N0"/>
            <port dstActor="D0N13" name="p105" srcActor="D0N0"/>
            <port dstActor="D0N47" name="p106" srcActor="D0N0"/>
            <port dstActor="D0N27" name="p107" srcActor="D0N21"/>
            <port dstActor="D0N31" name="p108" srcActor="D0N21"/>
            <port dstActor="D0N19" name="p109" srcActor="D0N15"/>
            <port dstActor="D0N39" name="p110" srcActor="D0N15"/>
            <port dstActor="D0N27" name="p111" srcActor="D0N15"/>
            <port dstActor="D0N45" name="p112" srcActor="D0N32"/>
            <port dstActor="D0N46" name="p113" srcActor="D0N32"/>
            <port dstActor="D0N41" name="p114" srcActor="D0N32"/>
            <port dstActor="D0N36" name="p115" srcActor="D0N33"/>
            <port dstActor="D0N40" name="p116" srcActor="D0N33"/>
            <port dstActor="D0N47" name="p117" srcActor="D0N20"/>
            <port dstActor="D0N22" name="p118" srcActor="D0N20"/>
            <port dstActor="D0N39" name="p119" srcActor="D0N20"/>
            <port dstActor="D0N29" name="p120" srcActor="D0N20"/>
            <port dstActor="D0N46" name="p121" srcActor="D0N20"/>
        </ports>
    </mcdag>
    <cores number="3"/>
    <levels number="2"/>
</mcsystem>
