<?xml version="1.0" encoding="UTF-8" standalone="no"?>
<mcsystem>
    <mcdag deadline="4000" name="genned-0-ed-10.0-0">
        <actor name="D0N13">
            <wcet number="0">60</wcet>
            <wcet number="1">100</wcet>
            <maxpow number="0.4721252912429307"/>
            <maxpow number="0.4721252912429307"/>
            <fprob>0.0</fprob>
        </actor>
        <actor name="D0N17">
            <wcet number="0">230</wcet>
            <wcet number="1">810</wcet>
            <maxpow number="0.6298604048835776"/>
            <maxpow number="0.6298604048835776"/>
            <fprob>0.0</fprob>
        </actor>
        <actor name="D0N48">
            <wcet number="0">10</wcet>
            <wcet number="1">20</wcet>
            <maxpow number="0.7914955939564773"/>
            <maxpow number="0.7914955939564773"/>
            <fprob>0.0</fprob>
        </actor>
        <actor name="D0N46">
            <wcet number="0">40</wcet>
            <wcet number="1">150</wcet>
            <maxpow number="0.47660099525834243"/>
            <maxpow number="0.47660099525834243"/>
            <fprob>0.0</fprob>
        </actor>
        <actor name="D0N32">
            <wcet number="0">130</wcet>
            <wcet number="1">130</wcet>
            <maxpow number="0.5843975889248336"/>
            <maxpow number="0.5843975889248336"/>
            <fprob>0.0</fprob>
        </actor>
        <actor name="D0N34">
            <wcet number="0">330</wcet>
            <wcet number="1">350</wcet>
            <maxpow number="0.6139259017748141"/>
            <maxpow number="0.6139259017748141"/>
            <fprob>0.0</fprob>
        </actor>
        <actor name="D0N27">
            <wcet number="0">110</wcet>
            <wcet number="1">110</wcet>
            <maxpow number="0.6603915702909179"/>
            <maxpow number="0.6603915702909179"/>
            <fprob>0.0</fprob>
        </actor>
        <actor name="D0N12">
            <wcet number="0">10</wcet>
            <wcet number="1">10</wcet>
            <maxpow number="0.46203589352254887"/>
            <maxpow number="0.46203589352254887"/>
            <fprob>0.0</fprob>
        </actor>
        <actor name="D0N14">
            <wcet number="0">10</wcet>
            <wcet number="1">20</wcet>
            <maxpow number="0.468395315313391"/>
            <maxpow number="0.468395315313391"/>
            <fprob>0.0</fprob>
        </actor>
        <actor name="D0N31">
            <wcet number="0">60</wcet>
            <wcet number="1">100</wcet>
            <maxpow number="0.8035078951021795"/>
            <maxpow number="0.8035078951021795"/>
            <fprob>0.0</fprob>
        </actor>
        <actor name="D0N16">
            <wcet number="0">250</wcet>
            <wcet number="1">270</wcet>
            <maxpow number="0.33972101267683924"/>
            <maxpow number="0.33972101267683924"/>
            <fprob>0.0</fprob>
        </actor>
        <actor name="D0N15">
            <wcet number="0">120</wcet>
            <wcet number="1">230</wcet>
            <maxpow number="0.7918830529639954"/>
            <maxpow number="0.7918830529639954"/>
            <fprob>0.0</fprob>
        </actor>
        <actor name="D0N47">
            <wcet number="0">10</wcet>
            <wcet number="1">10</wcet>
            <maxpow number="0.45980136721965265"/>
            <maxpow number="0.45980136721965265"/>
            <fprob>0.0</fprob>
        </actor>
        <actor name="D0N28">
            <wcet number="0">10</wcet>
            <wcet number="1">60</wcet>
            <maxpow number="0.8111778413260116"/>
            <maxpow number="0.8111778413260116"/>
            <fprob>0.0</fprob>
        </actor>
        <actor name="D0N40">
            <wcet number="0">220</wcet>
            <wcet number="1">220</wcet>
            <maxpow number="0.7163577422983018"/>
            <maxpow number="0.7163577422983018"/>
            <fprob>0.0</fprob>
        </actor>
        <actor name="D0N10">
            <wcet number="0">110</wcet>
            <wcet number="1">130</wcet>
            <maxpow number="0.7606352463418188"/>
            <maxpow number="0.7606352463418188"/>
            <fprob>0.0</fprob>
        </actor>
        <actor name="D0N7">
            <wcet number="0">30</wcet>
            <wcet number="1">50</wcet>
            <maxpow number="0.5183935801345211"/>
            <maxpow number="0.5183935801345211"/>
            <fprob>0.0</fprob>
        </actor>
        <actor name="D0N23">
            <wcet number="0">20</wcet>
            <wcet number="1">400</wcet>
            <maxpow number="0.5700885014544198"/>
            <maxpow number="0.5700885014544198"/>
            <fprob>0.0</fprob>
        </actor>
        <actor name="D0N22">
            <wcet number="0">70</wcet>
            <wcet number="1">100</wcet>
            <maxpow number="0.8050647584875594"/>
            <maxpow number="0.8050647584875594"/>
            <fprob>0.0</fprob>
        </actor>
        <actor name="D0N9">
            <wcet number="0">300</wcet>
            <wcet number="1">300</wcet>
            <maxpow number="0.518432644484874"/>
            <maxpow number="0.518432644484874"/>
            <fprob>0.0</fprob>
        </actor>
        <actor name="D0N43">
            <wcet number="0">50</wcet>
            <wcet number="1">110</wcet>
            <maxpow number="0.35696318361137136"/>
            <maxpow number="0.35696318361137136"/>
            <fprob>0.0</fprob>
        </actor>
        <actor name="D0N4">
            <wcet number="0">150</wcet>
            <wcet number="1">440</wcet>
            <maxpow number="0.3406690108985145"/>
            <maxpow number="0.3406690108985145"/>
            <fprob>0.0</fprob>
        </actor>
        <actor name="D0N20">
            <wcet number="0">10</wcet>
            <wcet number="1">10</wcet>
            <maxpow number="0.6582758175683906"/>
            <maxpow number="0.6582758175683906"/>
            <fprob>0.0</fprob>
        </actor>
        <actor name="D0N3">
            <wcet number="0">40</wcet>
            <wcet number="1">70</wcet>
            <maxpow number="0.27531370710021724"/>
            <maxpow number="0.27531370710021724"/>
            <fprob>0.0</fprob>
        </actor>
        <actor name="D0N45">
            <wcet number="0">100</wcet>
            <wcet number="1">190</wcet>
            <maxpow number="0.4594190565235941"/>
            <maxpow number="0.4594190565235941"/>
            <fprob>0.0</fprob>
        </actor>
        <actor name="D0N11">
            <wcet number="0">40</wcet>
            <wcet number="1">50</wcet>
            <maxpow number="0.6883280309146482"/>
            <maxpow number="0.6883280309146482"/>
            <fprob>0.0</fprob>
        </actor>
        <actor name="D0N1">
            <wcet number="0">350</wcet>
            <wcet number="1">460</wcet>
            <maxpow number="0.8327148557586468"/>
            <maxpow number="0.8327148557586468"/>
            <fprob>0.0</fprob>
        </actor>
        <actor name="D0N44">
            <wcet number="0">100</wcet>
            <wcet number="1">160</wcet>
            <maxpow number="0.6161213347298338"/>
            <maxpow number="0.6161213347298338"/>
            <fprob>0.0</fprob>
        </actor>
        <actor name="D0N24">
            <wcet number="0">10</wcet>
            <wcet number="1">30</wcet>
            <maxpow number="0.7111629550793725"/>
            <maxpow number="0.7111629550793725"/>
            <fprob>0.0</fprob>
        </actor>
        <actor name="D0N18">
            <wcet number="0">160</wcet>
            <wcet number="1">160</wcet>
            <maxpow number="0.30106445105459007"/>
            <maxpow number="0.30106445105459007"/>
            <fprob>0.0</fprob>
        </actor>
        <actor name="D0N26">
            <wcet number="0">20</wcet>
            <wcet number="1">100</wcet>
            <maxpow number="0.3080913455519122"/>
            <maxpow number="0.3080913455519122"/>
            <fprob>0.0</fprob>
        </actor>
        <actor name="D0N21">
            <wcet number="0">150</wcet>
            <wcet number="1">220</wcet>
            <maxpow number="0.5140713992961902"/>
            <maxpow number="0.5140713992961902"/>
            <fprob>0.0</fprob>
        </actor>
        <actor name="D0N2">
            <wcet number="0">50</wcet>
            <wcet number="1">90</wcet>
            <maxpow number="0.9549697078603117"/>
            <maxpow number="0.9549697078603117"/>
            <fprob>0.0</fprob>
        </actor>
        <actor name="D0N35">
            <wcet number="0">30</wcet>
            <wcet number="1">30</wcet>
            <maxpow number="0.6366429181999914"/>
            <maxpow number="0.6366429181999914"/>
            <fprob>0.0</fprob>
        </actor>
        <actor name="D0N8">
            <wcet number="0">10</wcet>
            <wcet number="1">20</wcet>
            <maxpow number="0.3612926312147596"/>
            <maxpow number="0.3612926312147596"/>
            <fprob>0.0</fprob>
        </actor>
        <actor name="D0N19">
            <wcet number="0">500</wcet>
            <wcet number="1">770</wcet>
            <maxpow number="0.34121316066778407"/>
            <maxpow number="0.34121316066778407"/>
            <fprob>0.0</fprob>
        </actor>
        <actor name="D0N37">
            <wcet number="0">160</wcet>
            <wcet number="1">190</wcet>
            <maxpow number="0.8821906350182089"/>
            <maxpow number="0.8821906350182089"/>
            <fprob>0.0</fprob>
        </actor>
        <actor name="D0N38">
            <wcet number="0">40</wcet>
            <wcet number="1">40</wcet>
            <maxpow number="0.5847696873705344"/>
            <maxpow number="0.5847696873705344"/>
            <fprob>0.0</fprob>
        </actor>
        <actor name="D0N25">
            <wcet number="0">20</wcet>
            <wcet number="1">40</wcet>
            <maxpow number="0.7553412461413017"/>
            <maxpow number="0.7553412461413017"/>
            <fprob>0.0</fprob>
        </actor>
        <actor name="D0N39">
            <wcet number="0">80</wcet>
            <wcet number="1">750</wcet>
            <maxpow number="0.5722725244630338"/>
            <maxpow number="0.5722725244630338"/>
            <fprob>0.0</fprob>
        </actor>
        <actor name="D0N5">
            <wcet number="0">30</wcet>
            <wcet number="1">30</wcet>
            <maxpow number="0.4406190604181805"/>
            <maxpow number="0.4406190604181805"/>
            <fprob>0.0</fprob>
        </actor>
        <actor name="D0N30">
            <wcet number="0">150</wcet>
            <wcet number="1">230</wcet>
            <maxpow number="0.5206492345070427"/>
            <maxpow number="0.5206492345070427"/>
            <fprob>0.0</fprob>
        </actor>
        <actor name="D0N42">
            <wcet number="0">20</wcet>
            <wcet number="1">140</wcet>
            <maxpow number="0.35217926692395074"/>
            <maxpow number="0.35217926692395074"/>
            <fprob>0.0</fprob>
        </actor>
        <actor name="D0N0">
            <wcet number="0">540</wcet>
            <wcet number="1">680</wcet>
            <maxpow number="0.40906374767379655"/>
            <maxpow number="0.40906374767379655"/>
            <fprob>0.0</fprob>
        </actor>
        <actor name="D0N49">
            <wcet number="0">10</wcet>
            <wcet number="1">10</wcet>
            <maxpow number="0.63052915972877"/>
            <maxpow number="0.63052915972877"/>
            <fprob>0.0</fprob>
        </actor>
        <actor name="D0N6">
            <wcet number="0">10</wcet>
            <wcet number="1">10</wcet>
            <maxpow number="0.44550777306527406"/>
            <maxpow number="0.44550777306527406"/>
            <fprob>0.0</fprob>
        </actor>
        <actor name="D0N29">
            <wcet number="0">10</wcet>
            <wcet number="1">20</wcet>
            <maxpow number="0.41850424769458594"/>
            <maxpow number="0.41850424769458594"/>
            <fprob>0.0</fprob>
        </actor>
        <actor name="D0N41">
            <wcet number="0">410</wcet>
            <wcet number="1">410</wcet>
            <maxpow number="0.7039319388363736"/>
            <maxpow number="0.7039319388363736"/>
            <fprob>0.0</fprob>
        </actor>
        <actor name="D0N36">
            <wcet number="0">60</wcet>
            <wcet number="1">90</wcet>
            <maxpow number="0.4550037556991756"/>
            <maxpow number="0.4550037556991756"/>
            <fprob>0.0</fprob>
        </actor>
        <actor name="D0N33">
            <wcet number="0">450</wcet>
            <wcet number="1">480</wcet>
            <maxpow number="0.782564173262865"/>
            <maxpow number="0.782564173262865"/>
            <fprob>0.0</fprob>
        </actor>
        <ports>
            <port dstActor="D0N44" name="p0" srcActor="D0N13"/>
            <port dstActor="D0N14" name="p1" srcActor="D0N13"/>
            <port dstActor="D0N26" name="p2" srcActor="D0N13"/>
            <port dstActor="D0N34" name="p3" srcActor="D0N13"/>
            <port dstActor="D0N21" name="p4" srcActor="D0N17"/>
            <port dstActor="D0N37" name="p5" srcActor="D0N17"/>
            <port dstActor="D0N29" name="p6" srcActor="D0N17"/>
            <port dstActor="D0N33" name="p7" srcActor="D0N32"/>
            <port dstActor="D0N48" name="p8" srcActor="D0N34"/>
            <port dstActor="D0N32" name="p9" srcActor="D0N27"/>
            <port dstActor="D0N13" name="p10" srcActor="D0N12"/>
            <port dstActor="D0N23" name="p11" srcActor="D0N14"/>
            <port dstActor="D0N47" name="p12" srcActor="D0N14"/>
            <port dstActor="D0N41" name="p13" srcActor="D0N14"/>
            <port dstActor="D0N30" name="p14" srcActor="D0N16"/>
            <port dstActor="D0N35" name="p15" srcActor="D0N16"/>
            <port dstActor="D0N46" name="p16" srcActor="D0N40"/>
            <port dstActor="D0N21" name="p17" srcActor="D0N10"/>
            <port dstActor="D0N14" name="p18" srcActor="D0N10"/>
            <port dstActor="D0N30" name="p19" srcActor="D0N10"/>
            <port dstActor="D0N32" name="p20" srcActor="D0N10"/>
            <port dstActor="D0N49" name="p21" srcActor="D0N7"/>
            <port dstActor="D0N16" name="p22" srcActor="D0N7"/>
            <port dstActor="D0N24" name="p23" srcActor="D0N23"/>
            <port dstActor="D0N25" name="p24" srcActor="D0N23"/>
            <port dstActor="D0N25" name="p25" srcActor="D0N22"/>
            <port dstActor="D0N35" name="p26" srcActor="D0N22"/>
            <port dstActor="D0N30" name="p27" srcActor="D0N9"/>
            <port dstActor="D0N11" name="p28" srcActor="D0N9"/>
            <port dstActor="D0N44" name="p29" srcActor="D0N9"/>
            <port dstActor="D0N20" name="p30" srcActor="D0N9"/>
            <port dstActor="D0N14" name="p31" srcActor="D0N9"/>
            <port dstActor="D0N38" name="p32" srcActor="D0N9"/>
            <port dstActor="D0N7" name="p33" srcActor="D0N4"/>
            <port dstActor="D0N23" name="p34" srcActor="D0N4"/>
            <port dstActor="D0N25" name="p35" srcActor="D0N4"/>
            <port dstActor="D0N32" name="p36" srcActor="D0N4"/>
            <port dstActor="D0N19" name="p37" srcActor="D0N4"/>
            <port dstActor="D0N30" name="p38" srcActor="D0N4"/>
            <port dstActor="D0N48" name="p39" srcActor="D0N4"/>
            <port dstActor="D0N36" name="p40" srcActor="D0N20"/>
            <port dstActor="D0N45" name="p41" srcActor="D0N20"/>
            <port dstActor="D0N39" name="p42" srcActor="D0N3"/>
            <port dstActor="D0N6" name="p43" srcActor="D0N3"/>
            <port dstActor="D0N11" name="p44" srcActor="D0N3"/>
            <port dstActor="D0N42" name="p45" srcActor="D0N3"/>
            <port dstActor="D0N12" name="p46" srcActor="D0N3"/>
            <port dstActor="D0N30" name="p47" srcActor="D0N3"/>
            <port dstActor="D0N38" name="p48" srcActor="D0N11"/>
            <port dstActor="D0N48" name="p49" srcActor="D0N11"/>
            <port dstActor="D0N27" name="p50" srcActor="D0N11"/>
            <port dstActor="D0N43" name="p51" srcActor="D0N11"/>
            <port dstActor="D0N20" name="p52" srcActor="D0N11"/>
            <port dstActor="D0N12" name="p53" srcActor="D0N1"/>
            <port dstActor="D0N25" name="p54" srcActor="D0N1"/>
            <port dstActor="D0N45" name="p55" srcActor="D0N1"/>
            <port dstActor="D0N45" name="p56" srcActor="D0N44"/>
            <port dstActor="D0N46" name="p57" srcActor="D0N44"/>
            <port dstActor="D0N47" name="p58" srcActor="D0N24"/>
            <port dstActor="D0N44" name="p59" srcActor="D0N24"/>
            <port dstActor="D0N48" name="p60" srcActor="D0N18"/>
            <port dstActor="D0N24" name="p61" srcActor="D0N18"/>
            <port dstActor="D0N40" name="p62" srcActor="D0N18"/>
            <port dstActor="D0N28" name="p63" srcActor="D0N18"/>
            <port dstActor="D0N44" name="p64" srcActor="D0N18"/>
            <port dstActor="D0N30" name="p65" srcActor="D0N26"/>
            <port dstActor="D0N39" name="p66" srcActor="D0N21"/>
            <port dstActor="D0N23" name="p67" srcActor="D0N21"/>
            <port dstActor="D0N43" name="p68" srcActor="D0N21"/>
            <port dstActor="D0N29" name="p69" srcActor="D0N21"/>
            <port dstActor="D0N29" name="p70" srcActor="D0N2"/>
            <port dstActor="D0N47" name="p71" srcActor="D0N2"/>
            <port dstActor="D0N40" name="p72" srcActor="D0N35"/>
            <port dstActor="D0N39" name="p73" srcActor="D0N35"/>
            <port dstActor="D0N49" name="p74" srcActor="D0N35"/>
            <port dstActor="D0N37" name="p75" srcActor="D0N35"/>
            <port dstActor="D0N48" name="p76" srcActor="D0N35"/>
            <port dstActor="D0N9" name="p77" srcActor="D0N8"/>
            <port dstActor="D0N26" name="p78" srcActor="D0N8"/>
            <port dstActor="D0N45" name="p79" srcActor="D0N19"/>
            <port dstActor="D0N46" name="p80" srcActor="D0N19"/>
            <port dstActor="D0N29" name="p81" srcActor="D0N19"/>
            <port dstActor="D0N40" name="p82" srcActor="D0N37"/>
            <port dstActor="D0N47" name="p83" srcActor="D0N38"/>
            <port dstActor="D0N40" name="p84" srcActor="D0N38"/>
            <port dstActor="D0N44" name="p85" srcActor="D0N38"/>
            <port dstActor="D0N31" name="p86" srcActor="D0N25"/>
            <port dstActor="D0N46" name="p87" srcActor="D0N25"/>
            <port dstActor="D0N44" name="p88" srcActor="D0N25"/>
            <port dstActor="D0N42" name="p89" srcActor="D0N5"/>
            <port dstActor="D0N22" name="p90" srcActor="D0N5"/>
            <port dstActor="D0N18" name="p91" srcActor="D0N5"/>
            <port dstActor="D0N43" name="p92" srcActor="D0N5"/>
            <port dstActor="D0N24" name="p93" srcActor="D0N5"/>
            <port dstActor="D0N33" name="p94" srcActor="D0N30"/>
            <port dstActor="D0N49" name="p95" srcActor="D0N30"/>
            <port dstActor="D0N41" name="p96" srcActor="D0N30"/>
            <port dstActor="D0N45" name="p97" srcActor="D0N42"/>
            <port dstActor="D0N28" name="p98" srcActor="D0N0"/>
            <port dstActor="D0N42" name="p99" srcActor="D0N0"/>
            <port dstActor="D0N47" name="p100" srcActor="D0N0"/>
            <port dstActor="D0N20" name="p101" srcActor="D0N6"/>
            <port dstActor="D0N19" name="p102" srcActor="D0N6"/>
            <port dstActor="D0N36" name="p103" srcActor="D0N29"/>
            <port dstActor="D0N31" name="p104" srcActor="D0N29"/>
            <port dstActor="D0N48" name="p105" srcActor="D0N29"/>
            <port dstActor="D0N47" name="p106" srcActor="D0N41"/>
            <port dstActor="D0N48" name="p107" srcActor="D0N36"/>
            <port dstActor="D0N46" name="p108" srcActor="D0N36"/>
            <port dstActor="D0N41" name="p109" srcActor="D0N36"/>
            <port dstActor="D0N47" name="p110" srcActor="D0N36"/>
            <port dstActor="D0N44" name="p111" srcActor="D0N33"/>
            <port dstActor="D0N45" name="p112" srcActor="D0N33"/>
        </ports>
    </mcdag>
    <cores number="3"/>
    <levels number="2"/>
</mcsystem>
