<?xml version="1.0" encoding="UTF-8" standalone="no"?>
<mcsystem>
    <mcdag deadline="4000" name="genned-0-ed-10.0-0">
        <actor name="D0N17">
            <wcet number="0">450</wcet>
            <wcet number="1">470</wcet>
            <maxpow number="0.5731789493295013"/>
            <maxpow number="0.5731789493295013"/>
            <fprob>0.0</fprob>
        </actor>
        <actor name="D0N18">
            <wcet number="0">160</wcet>
            <wcet number="1">490</wcet>
            <maxpow number="0.48461029690111695"/>
            <maxpow number="0.48461029690111695"/>
            <fprob>0.0</fprob>
        </actor>
        <actor name="D0N21">
            <wcet number="0">250</wcet>
            <wcet number="1">250</wcet>
            <maxpow number="0.6030517368221512"/>
            <maxpow number="0.6030517368221512"/>
            <fprob>0.0</fprob>
        </actor>
        <actor name="D0N14">
            <wcet number="0">50</wcet>
            <wcet number="1">50</wcet>
            <maxpow number="0.37440575068512916"/>
            <maxpow number="0.37440575068512916"/>
            <fprob>0.0</fprob>
        </actor>
        <actor name="D0N31">
            <wcet number="0">50</wcet>
            <wcet number="1">60</wcet>
            <maxpow number="0.7989255795785049"/>
            <maxpow number="0.7989255795785049"/>
            <fprob>0.0</fprob>
        </actor>
        <actor name="D0N26">
            <wcet number="0">60</wcet>
            <wcet number="1">140</wcet>
            <maxpow number="0.7126836856150263"/>
            <maxpow number="0.7126836856150263"/>
            <fprob>0.0</fprob>
        </actor>
        <actor name="D0N25">
            <wcet number="0">140</wcet>
            <wcet number="1">690</wcet>
            <maxpow number="0.3882256756772725"/>
            <maxpow number="0.3882256756772725"/>
            <fprob>0.0</fprob>
        </actor>
        <actor name="D0N23">
            <wcet number="0">80</wcet>
            <wcet number="1">90</wcet>
            <maxpow number="0.5108781221400402"/>
            <maxpow number="0.5108781221400402"/>
            <fprob>0.0</fprob>
        </actor>
        <actor name="D0N19">
            <wcet number="0">230</wcet>
            <wcet number="1">700</wcet>
            <maxpow number="0.44509802272570076"/>
            <maxpow number="0.44509802272570076"/>
            <fprob>0.0</fprob>
        </actor>
        <actor name="D0N27">
            <wcet number="0">40</wcet>
            <wcet number="1">150</wcet>
            <maxpow number="0.2909206311769479"/>
            <maxpow number="0.2909206311769479"/>
            <fprob>0.0</fprob>
        </actor>
        <actor name="D0N9">
            <wcet number="0">420</wcet>
            <wcet number="1">630</wcet>
            <maxpow number="0.4582422882794182"/>
            <maxpow number="0.4582422882794182"/>
            <fprob>0.0</fprob>
        </actor>
        <actor name="D0N47">
            <wcet number="0">30</wcet>
            <wcet number="1">110</wcet>
            <maxpow number="0.33783888886950986"/>
            <maxpow number="0.33783888886950986"/>
            <fprob>0.0</fprob>
        </actor>
        <actor name="D0N39">
            <wcet number="0">750</wcet>
            <wcet number="1">790</wcet>
            <maxpow number="0.47553511144013705"/>
            <maxpow number="0.47553511144013705"/>
            <fprob>0.0</fprob>
        </actor>
        <actor name="D0N24">
            <wcet number="0">10</wcet>
            <wcet number="1">10</wcet>
            <maxpow number="0.7124439952776209"/>
            <maxpow number="0.7124439952776209"/>
            <fprob>0.0</fprob>
        </actor>
        <actor name="D0N7">
            <wcet number="0">50</wcet>
            <wcet number="1">200</wcet>
            <maxpow number="0.39921373027750817"/>
            <maxpow number="0.39921373027750817"/>
            <fprob>0.0</fprob>
        </actor>
        <actor name="D0N15">
            <wcet number="0">170</wcet>
            <wcet number="1">220</wcet>
            <maxpow number="0.5944719618002328"/>
            <maxpow number="0.5944719618002328"/>
            <fprob>0.0</fprob>
        </actor>
        <actor name="D0N3">
            <wcet number="0">10</wcet>
            <wcet number="1">10</wcet>
            <maxpow number="0.7094228688382174"/>
            <maxpow number="0.7094228688382174"/>
            <fprob>0.0</fprob>
        </actor>
        <actor name="D0N35">
            <wcet number="0">130</wcet>
            <wcet number="1">130</wcet>
            <maxpow number="0.5115586188926097"/>
            <maxpow number="0.5115586188926097"/>
            <fprob>0.0</fprob>
        </actor>
        <actor name="D0N29">
            <wcet number="0">120</wcet>
            <wcet number="1">920</wcet>
            <maxpow number="0.5152751846115222"/>
            <maxpow number="0.5152751846115222"/>
            <fprob>0.0</fprob>
        </actor>
        <actor name="D0N10">
            <wcet number="0">60</wcet>
            <wcet number="1">60</wcet>
            <maxpow number="0.8671581185980488"/>
            <maxpow number="0.8671581185980488"/>
            <fprob>0.0</fprob>
        </actor>
        <actor name="D0N44">
            <wcet number="0">20</wcet>
            <wcet number="1">310</wcet>
            <maxpow number="0.25278575175587664"/>
            <maxpow number="0.25278575175587664"/>
            <fprob>0.0</fprob>
        </actor>
        <actor name="D0N46">
            <wcet number="0">70</wcet>
            <wcet number="1">260</wcet>
            <maxpow number="0.875716630734616"/>
            <maxpow number="0.875716630734616"/>
            <fprob>0.0</fprob>
        </actor>
        <actor name="D0N5">
            <wcet number="0">240</wcet>
            <wcet number="1">320</wcet>
            <maxpow number="0.4813554817450977"/>
            <maxpow number="0.4813554817450977"/>
            <fprob>0.0</fprob>
        </actor>
        <actor name="D0N45">
            <wcet number="0">340</wcet>
            <wcet number="1">350</wcet>
            <maxpow number="0.46690862477507955"/>
            <maxpow number="0.46690862477507955"/>
            <fprob>0.0</fprob>
        </actor>
        <actor name="D0N36">
            <wcet number="0">30</wcet>
            <wcet number="1">60</wcet>
            <maxpow number="0.5016175729826488"/>
            <maxpow number="0.5016175729826488"/>
            <fprob>0.0</fprob>
        </actor>
        <actor name="D0N32">
            <wcet number="0">20</wcet>
            <wcet number="1">70</wcet>
            <maxpow number="0.7254589856964425"/>
            <maxpow number="0.7254589856964425"/>
            <fprob>0.0</fprob>
        </actor>
        <actor name="D0N4">
            <wcet number="0">10</wcet>
            <wcet number="1">10</wcet>
            <maxpow number="0.5966210600130266"/>
            <maxpow number="0.5966210600130266"/>
            <fprob>0.0</fprob>
        </actor>
        <actor name="D0N43">
            <wcet number="0">110</wcet>
            <wcet number="1">220</wcet>
            <maxpow number="0.47285576001451957"/>
            <maxpow number="0.47285576001451957"/>
            <fprob>0.0</fprob>
        </actor>
        <actor name="D0N6">
            <wcet number="0">60</wcet>
            <wcet number="1">60</wcet>
            <maxpow number="0.7565708710285746"/>
            <maxpow number="0.7565708710285746"/>
            <fprob>0.0</fprob>
        </actor>
        <actor name="D0N22">
            <wcet number="0">20</wcet>
            <wcet number="1">190</wcet>
            <maxpow number="0.7368781661622075"/>
            <maxpow number="0.7368781661622075"/>
            <fprob>0.0</fprob>
        </actor>
        <actor name="D0N49">
            <wcet number="0">70</wcet>
            <wcet number="1">180</wcet>
            <maxpow number="0.6513381579979336"/>
            <maxpow number="0.6513381579979336"/>
            <fprob>0.0</fprob>
        </actor>
        <actor name="D0N0">
            <wcet number="0">10</wcet>
            <wcet number="1">120</wcet>
            <maxpow number="0.5051898165878429"/>
            <maxpow number="0.5051898165878429"/>
            <fprob>0.0</fprob>
        </actor>
        <actor name="D0N42">
            <wcet number="0">30</wcet>
            <wcet number="1">30</wcet>
            <maxpow number="0.6906637028266704"/>
            <maxpow number="0.6906637028266704"/>
            <fprob>0.0</fprob>
        </actor>
        <actor name="D0N37">
            <wcet number="0">230</wcet>
            <wcet number="1">290</wcet>
            <maxpow number="0.4777936916299034"/>
            <maxpow number="0.4777936916299034"/>
            <fprob>0.0</fprob>
        </actor>
        <actor name="D0N11">
            <wcet number="0">60</wcet>
            <wcet number="1">270</wcet>
            <maxpow number="0.6244486249696473"/>
            <maxpow number="0.6244486249696473"/>
            <fprob>0.0</fprob>
        </actor>
        <actor name="D0N16">
            <wcet number="0">110</wcet>
            <wcet number="1">110</wcet>
            <maxpow number="0.6014415410066034"/>
            <maxpow number="0.6014415410066034"/>
            <fprob>0.0</fprob>
        </actor>
        <actor name="D0N41">
            <wcet number="0">180</wcet>
            <wcet number="1">190</wcet>
            <maxpow number="0.5964395721208083"/>
            <maxpow number="0.5964395721208083"/>
            <fprob>0.0</fprob>
        </actor>
        <actor name="D0N13">
            <wcet number="0">20</wcet>
            <wcet number="1">20</wcet>
            <maxpow number="0.37233070046198613"/>
            <maxpow number="0.37233070046198613"/>
            <fprob>0.0</fprob>
        </actor>
        <actor name="D0N33">
            <wcet number="0">120</wcet>
            <wcet number="1">130</wcet>
            <maxpow number="0.9419471081521928"/>
            <maxpow number="0.9419471081521928"/>
            <fprob>0.0</fprob>
        </actor>
        <actor name="D0N28">
            <wcet number="0">50</wcet>
            <wcet number="1">80</wcet>
            <maxpow number="0.5171912861821141"/>
            <maxpow number="0.5171912861821141"/>
            <fprob>0.0</fprob>
        </actor>
        <actor name="D0N40">
            <wcet number="0">20</wcet>
            <wcet number="1">40</wcet>
            <maxpow number="0.8530192126393754"/>
            <maxpow number="0.8530192126393754"/>
            <fprob>0.0</fprob>
        </actor>
        <actor name="D0N12">
            <wcet number="0">120</wcet>
            <wcet number="1">190</wcet>
            <maxpow number="0.3797078501106842"/>
            <maxpow number="0.3797078501106842"/>
            <fprob>0.0</fprob>
        </actor>
        <actor name="D0N38">
            <wcet number="0">10</wcet>
            <wcet number="1">10</wcet>
            <maxpow number="0.2331522473181198"/>
            <maxpow number="0.2331522473181198"/>
            <fprob>0.0</fprob>
        </actor>
        <actor name="D0N30">
            <wcet number="0">90</wcet>
            <wcet number="1">120</wcet>
            <maxpow number="0.16595348370985502"/>
            <maxpow number="0.16595348370985502"/>
            <fprob>0.0</fprob>
        </actor>
        <actor name="D0N2">
            <wcet number="0">80</wcet>
            <wcet number="1">120</wcet>
            <maxpow number="0.8581114441204418"/>
            <maxpow number="0.8581114441204418"/>
            <fprob>0.0</fprob>
        </actor>
        <actor name="D0N1">
            <wcet number="0">190</wcet>
            <wcet number="1">500</wcet>
            <maxpow number="0.6472618099539748"/>
            <maxpow number="0.6472618099539748"/>
            <fprob>0.0</fprob>
        </actor>
        <actor name="D0N20">
            <wcet number="0">40</wcet>
            <wcet number="1">70</wcet>
            <maxpow number="0.1408417789135682"/>
            <maxpow number="0.1408417789135682"/>
            <fprob>0.0</fprob>
        </actor>
        <actor name="D0N34">
            <wcet number="0">360</wcet>
            <wcet number="1">560</wcet>
            <maxpow number="0.4172538239958973"/>
            <maxpow number="0.4172538239958973"/>
            <fprob>0.0</fprob>
        </actor>
        <actor name="D0N48">
            <wcet number="0">30</wcet>
            <wcet number="1">40</wcet>
            <maxpow number="0.48960731633434024"/>
            <maxpow number="0.48960731633434024"/>
            <fprob>0.0</fprob>
        </actor>
        <actor name="D0N8">
            <wcet number="0">40</wcet>
            <wcet number="1">110</wcet>
            <maxpow number="0.21005437850248737"/>
            <maxpow number="0.21005437850248737"/>
            <fprob>0.0</fprob>
        </actor>
        <ports>
            <port dstActor="D0N43" name="p0" srcActor="D0N17"/>
            <port dstActor="D0N39" name="p1" srcActor="D0N17"/>
            <port dstActor="D0N41" name="p2" srcActor="D0N17"/>
            <port dstActor="D0N28" name="p3" srcActor="D0N18"/>
            <port dstActor="D0N32" name="p4" srcActor="D0N18"/>
            <port dstActor="D0N23" name="p5" srcActor="D0N21"/>
            <port dstActor="D0N24" name="p6" srcActor="D0N21"/>
            <port dstActor="D0N32" name="p7" srcActor="D0N21"/>
            <port dstActor="D0N26" name="p8" srcActor="D0N21"/>
            <port dstActor="D0N42" name="p9" srcActor="D0N14"/>
            <port dstActor="D0N38" name="p10" srcActor="D0N14"/>
            <port dstActor="D0N33" name="p11" srcActor="D0N31"/>
            <port dstActor="D0N35" name="p12" srcActor="D0N31"/>
            <port dstActor="D0N46" name="p13" srcActor="D0N31"/>
            <port dstActor="D0N39" name="p14" srcActor="D0N31"/>
            <port dstActor="D0N47" name="p15" srcActor="D0N26"/>
            <port dstActor="D0N48" name="p16" srcActor="D0N26"/>
            <port dstActor="D0N32" name="p17" srcActor="D0N26"/>
            <port dstActor="D0N33" name="p18" srcActor="D0N26"/>
            <port dstActor="D0N30" name="p19" srcActor="D0N25"/>
            <port dstActor="D0N42" name="p20" srcActor="D0N25"/>
            <port dstActor="D0N43" name="p21" srcActor="D0N25"/>
            <port dstActor="D0N28" name="p22" srcActor="D0N23"/>
            <port dstActor="D0N46" name="p23" srcActor="D0N23"/>
            <port dstActor="D0N22" name="p24" srcActor="D0N19"/>
            <port dstActor="D0N30" name="p25" srcActor="D0N19"/>
            <port dstActor="D0N27" name="p26" srcActor="D0N19"/>
            <port dstActor="D0N31" name="p27" srcActor="D0N19"/>
            <port dstActor="D0N44" name="p28" srcActor="D0N27"/>
            <port dstActor="D0N24" name="p29" srcActor="D0N9"/>
            <port dstActor="D0N23" name="p30" srcActor="D0N9"/>
            <port dstActor="D0N44" name="p31" srcActor="D0N9"/>
            <port dstActor="D0N42" name="p32" srcActor="D0N39"/>
            <port dstActor="D0N25" name="p33" srcActor="D0N24"/>
            <port dstActor="D0N46" name="p34" srcActor="D0N24"/>
            <port dstActor="D0N47" name="p35" srcActor="D0N24"/>
            <port dstActor="D0N44" name="p36" srcActor="D0N7"/>
            <port dstActor="D0N23" name="p37" srcActor="D0N7"/>
            <port dstActor="D0N10" name="p38" srcActor="D0N7"/>
            <port dstActor="D0N29" name="p39" srcActor="D0N7"/>
            <port dstActor="D0N38" name="p40" srcActor="D0N15"/>
            <port dstActor="D0N31" name="p41" srcActor="D0N15"/>
            <port dstActor="D0N34" name="p42" srcActor="D0N15"/>
            <port dstActor="D0N13" name="p43" srcActor="D0N3"/>
            <port dstActor="D0N24" name="p44" srcActor="D0N3"/>
            <port dstActor="D0N38" name="p45" srcActor="D0N29"/>
            <port dstActor="D0N41" name="p46" srcActor="D0N29"/>
            <port dstActor="D0N30" name="p47" srcActor="D0N29"/>
            <port dstActor="D0N39" name="p48" srcActor="D0N10"/>
            <port dstActor="D0N42" name="p49" srcActor="D0N10"/>
            <port dstActor="D0N23" name="p50" srcActor="D0N10"/>
            <port dstActor="D0N49" name="p51" srcActor="D0N10"/>
            <port dstActor="D0N21" name="p52" srcActor="D0N10"/>
            <port dstActor="D0N31" name="p53" srcActor="D0N10"/>
            <port dstActor="D0N47" name="p54" srcActor="D0N10"/>
            <port dstActor="D0N48" name="p55" srcActor="D0N10"/>
            <port dstActor="D0N49" name="p56" srcActor="D0N46"/>
            <port dstActor="D0N13" name="p57" srcActor="D0N5"/>
            <port dstActor="D0N10" name="p58" srcActor="D0N5"/>
            <port dstActor="D0N43" name="p59" srcActor="D0N5"/>
            <port dstActor="D0N11" name="p60" srcActor="D0N5"/>
            <port dstActor="D0N49" name="p61" srcActor="D0N45"/>
            <port dstActor="D0N39" name="p62" srcActor="D0N36"/>
            <port dstActor="D0N41" name="p63" srcActor="D0N36"/>
            <port dstActor="D0N47" name="p64" srcActor="D0N36"/>
            <port dstActor="D0N44" name="p65" srcActor="D0N36"/>
            <port dstActor="D0N35" name="p66" srcActor="D0N32"/>
            <port dstActor="D0N5" name="p67" srcActor="D0N4"/>
            <port dstActor="D0N31" name="p68" srcActor="D0N4"/>
            <port dstActor="D0N19" name="p69" srcActor="D0N4"/>
            <port dstActor="D0N34" name="p70" srcActor="D0N4"/>
            <port dstActor="D0N22" name="p71" srcActor="D0N4"/>
            <port dstActor="D0N32" name="p72" srcActor="D0N6"/>
            <port dstActor="D0N48" name="p73" srcActor="D0N6"/>
            <port dstActor="D0N10" name="p74" srcActor="D0N6"/>
            <port dstActor="D0N13" name="p75" srcActor="D0N6"/>
            <port dstActor="D0N45" name="p76" srcActor="D0N22"/>
            <port dstActor="D0N23" name="p77" srcActor="D0N22"/>
            <port dstActor="D0N34" name="p78" srcActor="D0N0"/>
            <port dstActor="D0N12" name="p79" srcActor="D0N0"/>
            <port dstActor="D0N2" name="p80" srcActor="D0N0"/>
            <port dstActor="D0N39" name="p81" srcActor="D0N0"/>
            <port dstActor="D0N45" name="p82" srcActor="D0N0"/>
            <port dstActor="D0N45" name="p83" srcActor="D0N42"/>
            <port dstActor="D0N38" name="p84" srcActor="D0N37"/>
            <port dstActor="D0N39" name="p85" srcActor="D0N37"/>
            <port dstActor="D0N40" name="p86" srcActor="D0N37"/>
            <port dstActor="D0N18" name="p87" srcActor="D0N11"/>
            <port dstActor="D0N35" name="p88" srcActor="D0N16"/>
            <port dstActor="D0N49" name="p89" srcActor="D0N16"/>
            <port dstActor="D0N48" name="p90" srcActor="D0N16"/>
            <port dstActor="D0N42" name="p91" srcActor="D0N16"/>
            <port dstActor="D0N47" name="p92" srcActor="D0N41"/>
            <port dstActor="D0N49" name="p93" srcActor="D0N13"/>
            <port dstActor="D0N17" name="p94" srcActor="D0N13"/>
            <port dstActor="D0N30" name="p95" srcActor="D0N13"/>
            <port dstActor="D0N34" name="p96" srcActor="D0N13"/>
            <port dstActor="D0N16" name="p97" srcActor="D0N13"/>
            <port dstActor="D0N39" name="p98" srcActor="D0N33"/>
            <port dstActor="D0N42" name="p99" srcActor="D0N33"/>
            <port dstActor="D0N29" name="p100" srcActor="D0N28"/>
            <port dstActor="D0N37" name="p101" srcActor="D0N28"/>
            <port dstActor="D0N43" name="p102" srcActor="D0N12"/>
            <port dstActor="D0N47" name="p103" srcActor="D0N30"/>
            <port dstActor="D0N34" name="p104" srcActor="D0N30"/>
            <port dstActor="D0N43" name="p105" srcActor="D0N30"/>
            <port dstActor="D0N3" name="p106" srcActor="D0N2"/>
            <port dstActor="D0N31" name="p107" srcActor="D0N2"/>
            <port dstActor="D0N12" name="p108" srcActor="D0N2"/>
            <port dstActor="D0N27" name="p109" srcActor="D0N2"/>
            <port dstActor="D0N34" name="p110" srcActor="D0N2"/>
            <port dstActor="D0N21" name="p111" srcActor="D0N2"/>
            <port dstActor="D0N45" name="p112" srcActor="D0N1"/>
            <port dstActor="D0N29" name="p113" srcActor="D0N1"/>
            <port dstActor="D0N6" name="p114" srcActor="D0N1"/>
            <port dstActor="D0N33" name="p115" srcActor="D0N1"/>
            <port dstActor="D0N46" name="p116" srcActor="D0N20"/>
            <port dstActor="D0N29" name="p117" srcActor="D0N20"/>
            <port dstActor="D0N46" name="p118" srcActor="D0N34"/>
            <port dstActor="D0N45" name="p119" srcActor="D0N34"/>
            <port dstActor="D0N18" name="p120" srcActor="D0N8"/>
            <port dstActor="D0N19" name="p121" srcActor="D0N8"/>
            <port dstActor="D0N21" name="p122" srcActor="D0N8"/>
            <port dstActor="D0N43" name="p123" srcActor="D0N8"/>
        </ports>
    </mcdag>
    <cores number="3"/>
    <levels number="2"/>
</mcsystem>
