<?xml version="1.0" encoding="UTF-8" standalone="no"?>
<mcsystem>
    <mcdag deadline="2200" name="genned-0-ed-10.0-0">
        <actor name="D0N6">
            <wcet number="0">110</wcet>
            <wcet number="1">160</wcet>
            <maxpow number="0.48331330805830813"/>
            <maxpow number="0.48331330805830813"/>
            <fprob>0.0</fprob>
        </actor>
        <actor name="D0N5">
            <wcet number="0">60</wcet>
            <wcet number="1">330</wcet>
            <maxpow number="0.5201803842025611"/>
            <maxpow number="0.5201803842025611"/>
            <fprob>0.0</fprob>
        </actor>
        <actor name="D0N42">
            <wcet number="0">120</wcet>
            <wcet number="1">180</wcet>
            <maxpow number="0.7627558604258803"/>
            <maxpow number="0.7627558604258803"/>
            <fprob>0.0</fprob>
        </actor>
        <actor name="D0N12">
            <wcet number="0">270</wcet>
            <wcet number="1">320</wcet>
            <maxpow number="0.3135273275630187"/>
            <maxpow number="0.3135273275630187"/>
            <fprob>0.0</fprob>
        </actor>
        <actor name="D0N22">
            <wcet number="0">150</wcet>
            <wcet number="1">180</wcet>
            <maxpow number="0.09388705227443078"/>
            <maxpow number="0.09388705227443078"/>
            <fprob>0.0</fprob>
        </actor>
        <actor name="D0N16">
            <wcet number="0">20</wcet>
            <wcet number="1">20</wcet>
            <maxpow number="0.617674278537796"/>
            <maxpow number="0.617674278537796"/>
            <fprob>0.0</fprob>
        </actor>
        <actor name="D0N23">
            <wcet number="0">10</wcet>
            <wcet number="1">80</wcet>
            <maxpow number="0.5316398904042183"/>
            <maxpow number="0.5316398904042183"/>
            <fprob>0.0</fprob>
        </actor>
        <actor name="D0N36">
            <wcet number="0">160</wcet>
            <wcet number="1">230</wcet>
            <maxpow number="0.2857253514179615"/>
            <maxpow number="0.2857253514179615"/>
            <fprob>0.0</fprob>
        </actor>
        <actor name="D0N17">
            <wcet number="0">80</wcet>
            <wcet number="1">100</wcet>
            <maxpow number="0.43348643092149247"/>
            <maxpow number="0.43348643092149247"/>
            <fprob>0.0</fprob>
        </actor>
        <actor name="D0N21">
            <wcet number="0">40</wcet>
            <wcet number="1">100</wcet>
            <maxpow number="0.4199082732038375"/>
            <maxpow number="0.4199082732038375"/>
            <fprob>0.0</fprob>
        </actor>
        <actor name="D0N47">
            <wcet number="0">20</wcet>
            <wcet number="1">70</wcet>
            <maxpow number="0.3674280237206675"/>
            <maxpow number="0.3674280237206675"/>
            <fprob>0.0</fprob>
        </actor>
        <actor name="D0N19">
            <wcet number="0">120</wcet>
            <wcet number="1">130</wcet>
            <maxpow number="0.2682892852146859"/>
            <maxpow number="0.2682892852146859"/>
            <fprob>0.0</fprob>
        </actor>
        <actor name="D0N38">
            <wcet number="0">10</wcet>
            <wcet number="1">130</wcet>
            <maxpow number="0.4575661564559565"/>
            <maxpow number="0.4575661564559565"/>
            <fprob>0.0</fprob>
        </actor>
        <actor name="D0N30">
            <wcet number="0">40</wcet>
            <wcet number="1">50</wcet>
            <maxpow number="0.21552406274402713"/>
            <maxpow number="0.21552406274402713"/>
            <fprob>0.0</fprob>
        </actor>
        <actor name="D0N3">
            <wcet number="0">10</wcet>
            <wcet number="1">10</wcet>
            <maxpow number="0.5066198650030896"/>
            <maxpow number="0.5066198650030896"/>
            <fprob>0.0</fprob>
        </actor>
        <actor name="D0N8">
            <wcet number="0">10</wcet>
            <wcet number="1">20</wcet>
            <maxpow number="0.38508583746689684"/>
            <maxpow number="0.38508583746689684"/>
            <fprob>0.0</fprob>
        </actor>
        <actor name="D0N13">
            <wcet number="0">70</wcet>
            <wcet number="1">90</wcet>
            <maxpow number="0.44262900130219524"/>
            <maxpow number="0.44262900130219524"/>
            <fprob>0.0</fprob>
        </actor>
        <actor name="D0N29">
            <wcet number="0">150</wcet>
            <wcet number="1">200</wcet>
            <maxpow number="0.4107503552354268"/>
            <maxpow number="0.4107503552354268"/>
            <fprob>0.0</fprob>
        </actor>
        <actor name="D0N15">
            <wcet number="0">50</wcet>
            <wcet number="1">90</wcet>
            <maxpow number="0.7033218367066446"/>
            <maxpow number="0.7033218367066446"/>
            <fprob>0.0</fprob>
        </actor>
        <actor name="D0N35">
            <wcet number="0">40</wcet>
            <wcet number="1">50</wcet>
            <maxpow number="0.3491210498940446"/>
            <maxpow number="0.3491210498940446"/>
            <fprob>0.0</fprob>
        </actor>
        <actor name="D0N37">
            <wcet number="0">10</wcet>
            <wcet number="1">20</wcet>
            <maxpow number="0.39950844670243757"/>
            <maxpow number="0.39950844670243757"/>
            <fprob>0.0</fprob>
        </actor>
        <actor name="D0N24">
            <wcet number="0">20</wcet>
            <wcet number="1">110</wcet>
            <maxpow number="0.7719579500782967"/>
            <maxpow number="0.7719579500782967"/>
            <fprob>0.0</fprob>
        </actor>
        <actor name="D0N40">
            <wcet number="0">50</wcet>
            <wcet number="1">80</wcet>
            <maxpow number="0.6898581007144623"/>
            <maxpow number="0.6898581007144623"/>
            <fprob>0.0</fprob>
        </actor>
        <actor name="D0N9">
            <wcet number="0">30</wcet>
            <wcet number="1">360</wcet>
            <maxpow number="0.03656944655585381"/>
            <maxpow number="0.03656944655585381"/>
            <fprob>0.0</fprob>
        </actor>
        <actor name="D0N43">
            <wcet number="0">300</wcet>
            <wcet number="1">430</wcet>
            <maxpow number="0.6332586983032714"/>
            <maxpow number="0.6332586983032714"/>
            <fprob>0.0</fprob>
        </actor>
        <actor name="D0N4">
            <wcet number="0">20</wcet>
            <wcet number="1">30</wcet>
            <maxpow number="0.45593211345519946"/>
            <maxpow number="0.45593211345519946"/>
            <fprob>0.0</fprob>
        </actor>
        <actor name="D0N25">
            <wcet number="0">40</wcet>
            <wcet number="1">180</wcet>
            <maxpow number="0.2901202802727429"/>
            <maxpow number="0.2901202802727429"/>
            <fprob>0.0</fprob>
        </actor>
        <actor name="D0N2">
            <wcet number="0">20</wcet>
            <wcet number="1">20</wcet>
            <maxpow number="0.34049618680343463"/>
            <maxpow number="0.34049618680343463"/>
            <fprob>0.0</fprob>
        </actor>
        <actor name="D0N0">
            <wcet number="0">100</wcet>
            <wcet number="1">150</wcet>
            <maxpow number="0.4344125204219192"/>
            <maxpow number="0.4344125204219192"/>
            <fprob>0.0</fprob>
        </actor>
        <actor name="D0N10">
            <wcet number="0">70</wcet>
            <wcet number="1">110</wcet>
            <maxpow number="0.7530323696487138"/>
            <maxpow number="0.7530323696487138"/>
            <fprob>0.0</fprob>
        </actor>
        <actor name="D0N32">
            <wcet number="0">140</wcet>
            <wcet number="1">390</wcet>
            <maxpow number="0.4020925044570133"/>
            <maxpow number="0.4020925044570133"/>
            <fprob>0.0</fprob>
        </actor>
        <actor name="D0N14">
            <wcet number="0">20</wcet>
            <wcet number="1">20</wcet>
            <maxpow number="0.5236232986952601"/>
            <maxpow number="0.5236232986952601"/>
            <fprob>0.0</fprob>
        </actor>
        <actor name="D0N26">
            <wcet number="0">310</wcet>
            <wcet number="1">320</wcet>
            <maxpow number="0.4315948618194744"/>
            <maxpow number="0.4315948618194744"/>
            <fprob>0.0</fprob>
        </actor>
        <actor name="D0N31">
            <wcet number="0">30</wcet>
            <wcet number="1">30</wcet>
            <maxpow number="0.5800306313330887"/>
            <maxpow number="0.5800306313330887"/>
            <fprob>0.0</fprob>
        </actor>
        <actor name="D0N45">
            <wcet number="0">10</wcet>
            <wcet number="1">20</wcet>
            <maxpow number="0.5833972606262023"/>
            <maxpow number="0.5833972606262023"/>
            <fprob>0.0</fprob>
        </actor>
        <actor name="D0N41">
            <wcet number="0">20</wcet>
            <wcet number="1">30</wcet>
            <maxpow number="0.5669662736157908"/>
            <maxpow number="0.5669662736157908"/>
            <fprob>0.0</fprob>
        </actor>
        <actor name="D0N7">
            <wcet number="0">120</wcet>
            <wcet number="1">220</wcet>
            <maxpow number="0.2547770246852381"/>
            <maxpow number="0.2547770246852381"/>
            <fprob>0.0</fprob>
        </actor>
        <actor name="D0N27">
            <wcet number="0">60</wcet>
            <wcet number="1">120</wcet>
            <maxpow number="0.24870788911409303"/>
            <maxpow number="0.24870788911409303"/>
            <fprob>0.0</fprob>
        </actor>
        <actor name="D0N44">
            <wcet number="0">30</wcet>
            <wcet number="1">60</wcet>
            <maxpow number="0.6665281791199552"/>
            <maxpow number="0.6665281791199552"/>
            <fprob>0.0</fprob>
        </actor>
        <actor name="D0N33">
            <wcet number="0">10</wcet>
            <wcet number="1">270</wcet>
            <maxpow number="0.48382049976215746"/>
            <maxpow number="0.48382049976215746"/>
            <fprob>0.0</fprob>
        </actor>
        <actor name="D0N18">
            <wcet number="0">30</wcet>
            <wcet number="1">30</wcet>
            <maxpow number="0.9698829062673383"/>
            <maxpow number="0.9698829062673383"/>
            <fprob>0.0</fprob>
        </actor>
        <actor name="D0N39">
            <wcet number="0">60</wcet>
            <wcet number="1">90</wcet>
            <maxpow number="0.9536938051678895"/>
            <maxpow number="0.9536938051678895"/>
            <fprob>0.0</fprob>
        </actor>
        <actor name="D0N1">
            <wcet number="0">10</wcet>
            <wcet number="1">10</wcet>
            <maxpow number="0.5640446600887625"/>
            <maxpow number="0.5640446600887625"/>
            <fprob>0.0</fprob>
        </actor>
        <actor name="D0N20">
            <wcet number="0">140</wcet>
            <wcet number="1">170</wcet>
            <maxpow number="0.4348494947784276"/>
            <maxpow number="0.4348494947784276"/>
            <fprob>0.0</fprob>
        </actor>
        <actor name="D0N28">
            <wcet number="0">170</wcet>
            <wcet number="1">170</wcet>
            <maxpow number="0.33655679900089275"/>
            <maxpow number="0.33655679900089275"/>
            <fprob>0.0</fprob>
        </actor>
        <actor name="D0N46">
            <wcet number="0">10</wcet>
            <wcet number="1">20</wcet>
            <maxpow number="0.5055485336828657"/>
            <maxpow number="0.5055485336828657"/>
            <fprob>0.0</fprob>
        </actor>
        <actor name="D0N34">
            <wcet number="0">10</wcet>
            <wcet number="1">10</wcet>
            <maxpow number="0.5921387988431345"/>
            <maxpow number="0.5921387988431345"/>
            <fprob>0.0</fprob>
        </actor>
        <actor name="D0N11">
            <wcet number="0">100</wcet>
            <wcet number="1">150</wcet>
            <maxpow number="0.5116051314479726"/>
            <maxpow number="0.5116051314479726"/>
            <fprob>0.0</fprob>
        </actor>
        <ports>
            <port dstActor="D0N17" name="p0" srcActor="D0N6"/>
            <port dstActor="D0N11" name="p1" srcActor="D0N6"/>
            <port dstActor="D0N15" name="p2" srcActor="D0N6"/>
            <port dstActor="D0N24" name="p3" srcActor="D0N6"/>
            <port dstActor="D0N25" name="p4" srcActor="D0N6"/>
            <port dstActor="D0N40" name="p5" srcActor="D0N5"/>
            <port dstActor="D0N46" name="p6" srcActor="D0N5"/>
            <port dstActor="D0N10" name="p7" srcActor="D0N5"/>
            <port dstActor="D0N6" name="p8" srcActor="D0N5"/>
            <port dstActor="D0N26" name="p9" srcActor="D0N12"/>
            <port dstActor="D0N20" name="p10" srcActor="D0N12"/>
            <port dstActor="D0N28" name="p11" srcActor="D0N22"/>
            <port dstActor="D0N25" name="p12" srcActor="D0N22"/>
            <port dstActor="D0N30" name="p13" srcActor="D0N22"/>
            <port dstActor="D0N42" name="p14" srcActor="D0N16"/>
            <port dstActor="D0N31" name="p15" srcActor="D0N16"/>
            <port dstActor="D0N43" name="p16" srcActor="D0N16"/>
            <port dstActor="D0N30" name="p17" srcActor="D0N16"/>
            <port dstActor="D0N33" name="p18" srcActor="D0N16"/>
            <port dstActor="D0N18" name="p19" srcActor="D0N16"/>
            <port dstActor="D0N24" name="p20" srcActor="D0N23"/>
            <port dstActor="D0N44" name="p21" srcActor="D0N23"/>
            <port dstActor="D0N35" name="p22" srcActor="D0N23"/>
            <port dstActor="D0N41" name="p23" srcActor="D0N23"/>
            <port dstActor="D0N41" name="p24" srcActor="D0N36"/>
            <port dstActor="D0N23" name="p25" srcActor="D0N17"/>
            <port dstActor="D0N42" name="p26" srcActor="D0N17"/>
            <port dstActor="D0N28" name="p27" srcActor="D0N17"/>
            <port dstActor="D0N30" name="p28" srcActor="D0N21"/>
            <port dstActor="D0N29" name="p29" srcActor="D0N19"/>
            <port dstActor="D0N39" name="p30" srcActor="D0N19"/>
            <port dstActor="D0N45" name="p31" srcActor="D0N19"/>
            <port dstActor="D0N46" name="p32" srcActor="D0N19"/>
            <port dstActor="D0N35" name="p33" srcActor="D0N30"/>
            <port dstActor="D0N42" name="p34" srcActor="D0N30"/>
            <port dstActor="D0N34" name="p35" srcActor="D0N3"/>
            <port dstActor="D0N6" name="p36" srcActor="D0N3"/>
            <port dstActor="D0N23" name="p37" srcActor="D0N3"/>
            <port dstActor="D0N40" name="p38" srcActor="D0N3"/>
            <port dstActor="D0N21" name="p39" srcActor="D0N3"/>
            <port dstActor="D0N32" name="p40" srcActor="D0N3"/>
            <port dstActor="D0N40" name="p41" srcActor="D0N8"/>
            <port dstActor="D0N34" name="p42" srcActor="D0N8"/>
            <port dstActor="D0N46" name="p43" srcActor="D0N8"/>
            <port dstActor="D0N30" name="p44" srcActor="D0N13"/>
            <port dstActor="D0N44" name="p45" srcActor="D0N13"/>
            <port dstActor="D0N35" name="p46" srcActor="D0N29"/>
            <port dstActor="D0N34" name="p47" srcActor="D0N29"/>
            <port dstActor="D0N39" name="p48" srcActor="D0N29"/>
            <port dstActor="D0N46" name="p49" srcActor="D0N29"/>
            <port dstActor="D0N32" name="p50" srcActor="D0N15"/>
            <port dstActor="D0N33" name="p51" srcActor="D0N15"/>
            <port dstActor="D0N16" name="p52" srcActor="D0N15"/>
            <port dstActor="D0N45" name="p53" srcActor="D0N15"/>
            <port dstActor="D0N42" name="p54" srcActor="D0N35"/>
            <port dstActor="D0N45" name="p55" srcActor="D0N35"/>
            <port dstActor="D0N40" name="p56" srcActor="D0N37"/>
            <port dstActor="D0N26" name="p57" srcActor="D0N24"/>
            <port dstActor="D0N41" name="p58" srcActor="D0N40"/>
            <port dstActor="D0N32" name="p59" srcActor="D0N9"/>
            <port dstActor="D0N43" name="p60" srcActor="D0N9"/>
            <port dstActor="D0N17" name="p61" srcActor="D0N9"/>
            <port dstActor="D0N28" name="p62" srcActor="D0N9"/>
            <port dstActor="D0N34" name="p63" srcActor="D0N9"/>
            <port dstActor="D0N41" name="p64" srcActor="D0N9"/>
            <port dstActor="D0N24" name="p65" srcActor="D0N9"/>
            <port dstActor="D0N45" name="p66" srcActor="D0N9"/>
            <port dstActor="D0N36" name="p67" srcActor="D0N4"/>
            <port dstActor="D0N46" name="p68" srcActor="D0N4"/>
            <port dstActor="D0N8" name="p69" srcActor="D0N4"/>
            <port dstActor="D0N31" name="p70" srcActor="D0N4"/>
            <port dstActor="D0N31" name="p71" srcActor="D0N25"/>
            <port dstActor="D0N34" name="p72" srcActor="D0N25"/>
            <port dstActor="D0N20" name="p73" srcActor="D0N2"/>
            <port dstActor="D0N24" name="p74" srcActor="D0N2"/>
            <port dstActor="D0N26" name="p75" srcActor="D0N2"/>
            <port dstActor="D0N31" name="p76" srcActor="D0N2"/>
            <port dstActor="D0N47" name="p77" srcActor="D0N2"/>
            <port dstActor="D0N10" name="p78" srcActor="D0N2"/>
            <port dstActor="D0N25" name="p79" srcActor="D0N2"/>
            <port dstActor="D0N33" name="p80" srcActor="D0N0"/>
            <port dstActor="D0N18" name="p81" srcActor="D0N0"/>
            <port dstActor="D0N36" name="p82" srcActor="D0N0"/>
            <port dstActor="D0N40" name="p83" srcActor="D0N0"/>
            <port dstActor="D0N43" name="p84" srcActor="D0N0"/>
            <port dstActor="D0N45" name="p85" srcActor="D0N10"/>
            <port dstActor="D0N26" name="p86" srcActor="D0N10"/>
            <port dstActor="D0N42" name="p87" srcActor="D0N10"/>
            <port dstActor="D0N30" name="p88" srcActor="D0N10"/>
            <port dstActor="D0N41" name="p89" srcActor="D0N10"/>
            <port dstActor="D0N33" name="p90" srcActor="D0N32"/>
            <port dstActor="D0N47" name="p91" srcActor="D0N32"/>
            <port dstActor="D0N43" name="p92" srcActor="D0N14"/>
            <port dstActor="D0N22" name="p93" srcActor="D0N14"/>
            <port dstActor="D0N36" name="p94" srcActor="D0N14"/>
            <port dstActor="D0N37" name="p95" srcActor="D0N14"/>
            <port dstActor="D0N47" name="p96" srcActor="D0N14"/>
            <port dstActor="D0N40" name="p97" srcActor="D0N31"/>
            <port dstActor="D0N36" name="p98" srcActor="D0N31"/>
            <port dstActor="D0N28" name="p99" srcActor="D0N7"/>
            <port dstActor="D0N36" name="p100" srcActor="D0N7"/>
            <port dstActor="D0N37" name="p101" srcActor="D0N7"/>
            <port dstActor="D0N23" name="p102" srcActor="D0N7"/>
            <port dstActor="D0N43" name="p103" srcActor="D0N7"/>
            <port dstActor="D0N26" name="p104" srcActor="D0N7"/>
            <port dstActor="D0N29" name="p105" srcActor="D0N27"/>
            <port dstActor="D0N36" name="p106" srcActor="D0N27"/>
            <port dstActor="D0N39" name="p107" srcActor="D0N18"/>
            <port dstActor="D0N25" name="p108" srcActor="D0N18"/>
            <port dstActor="D0N26" name="p109" srcActor="D0N18"/>
            <port dstActor="D0N46" name="p110" srcActor="D0N18"/>
            <port dstActor="D0N35" name="p111" srcActor="D0N18"/>
            <port dstActor="D0N38" name="p112" srcActor="D0N18"/>
            <port dstActor="D0N24" name="p113" srcActor="D0N1"/>
            <port dstActor="D0N3" name="p114" srcActor="D0N1"/>
            <port dstActor="D0N4" name="p115" srcActor="D0N1"/>
            <port dstActor="D0N45" name="p116" srcActor="D0N1"/>
            <port dstActor="D0N42" name="p117" srcActor="D0N20"/>
            <port dstActor="D0N28" name="p118" srcActor="D0N20"/>
            <port dstActor="D0N29" name="p119" srcActor="D0N20"/>
            <port dstActor="D0N33" name="p120" srcActor="D0N28"/>
            <port dstActor="D0N35" name="p121" srcActor="D0N34"/>
            <port dstActor="D0N23" name="p122" srcActor="D0N11"/>
            <port dstActor="D0N36" name="p123" srcActor="D0N11"/>
        </ports>
    </mcdag>
    <cores number="3"/>
    <levels number="2"/>
</mcsystem>
