<?xml version="1.0" encoding="UTF-8" standalone="no"?>
<mcsystem>
    <mcdag deadline="5000" name="genned-0-ed-10.0-0">
        <actor name="D0N27">
            <wcet number="0">180</wcet>
            <wcet number="1">520</wcet>
            <maxpow number="0.3997729175551372"/>
            <maxpow number="0.3997729175551372"/>
            <fprob>0.0</fprob>
        </actor>
        <actor name="D0N12">
            <wcet number="0">80</wcet>
            <wcet number="1">80</wcet>
            <maxpow number="0.8441547584635138"/>
            <maxpow number="0.8441547584635138"/>
            <fprob>0.0</fprob>
        </actor>
        <actor name="D0N22">
            <wcet number="0">240</wcet>
            <wcet number="1">380</wcet>
            <maxpow number="0.283189500124207"/>
            <maxpow number="0.283189500124207"/>
            <fprob>0.0</fprob>
        </actor>
        <actor name="D0N0">
            <wcet number="0">290</wcet>
            <wcet number="1">290</wcet>
            <maxpow number="0.522675311048695"/>
            <maxpow number="0.522675311048695"/>
            <fprob>0.0</fprob>
        </actor>
        <actor name="D0N11">
            <wcet number="0">260</wcet>
            <wcet number="1">470</wcet>
            <maxpow number="0.2853984285466717"/>
            <maxpow number="0.2853984285466717"/>
            <fprob>0.0</fprob>
        </actor>
        <actor name="D0N13">
            <wcet number="0">280</wcet>
            <wcet number="1">330</wcet>
            <maxpow number="0.5247053552142912"/>
            <maxpow number="0.5247053552142912"/>
            <fprob>0.0</fprob>
        </actor>
        <actor name="D0N47">
            <wcet number="0">10</wcet>
            <wcet number="1">10</wcet>
            <maxpow number="0.461371835553808"/>
            <maxpow number="0.461371835553808"/>
            <fprob>0.0</fprob>
        </actor>
        <actor name="D0N37">
            <wcet number="0">60</wcet>
            <wcet number="1">80</wcet>
            <maxpow number="0.5725120364927921"/>
            <maxpow number="0.5725120364927921"/>
            <fprob>0.0</fprob>
        </actor>
        <actor name="D0N7">
            <wcet number="0">80</wcet>
            <wcet number="1">200</wcet>
            <maxpow number="0.5237897714190898"/>
            <maxpow number="0.5237897714190898"/>
            <fprob>0.0</fprob>
        </actor>
        <actor name="D0N23">
            <wcet number="0">10</wcet>
            <wcet number="1">50</wcet>
            <maxpow number="0.5026644561006484"/>
            <maxpow number="0.5026644561006484"/>
            <fprob>0.0</fprob>
        </actor>
        <actor name="D0N34">
            <wcet number="0">60</wcet>
            <wcet number="1">120</wcet>
            <maxpow number="0.8191703208540317"/>
            <maxpow number="0.8191703208540317"/>
            <fprob>0.0</fprob>
        </actor>
        <actor name="D0N4">
            <wcet number="0">10</wcet>
            <wcet number="1">700</wcet>
            <maxpow number="0.6478850191384568"/>
            <maxpow number="0.6478850191384568"/>
            <fprob>0.0</fprob>
        </actor>
        <actor name="D0N35">
            <wcet number="0">40</wcet>
            <wcet number="1">420</wcet>
            <maxpow number="0.7085374164634052"/>
            <maxpow number="0.7085374164634052"/>
            <fprob>0.0</fprob>
        </actor>
        <actor name="D0N38">
            <wcet number="0">20</wcet>
            <wcet number="1">30</wcet>
            <maxpow number="0.6794019873225647"/>
            <maxpow number="0.6794019873225647"/>
            <fprob>0.0</fprob>
        </actor>
        <actor name="D0N42">
            <wcet number="0">20</wcet>
            <wcet number="1">20</wcet>
            <maxpow number="0.5485737405047949"/>
            <maxpow number="0.5485737405047949"/>
            <fprob>0.0</fprob>
        </actor>
        <actor name="D0N24">
            <wcet number="0">340</wcet>
            <wcet number="1">370</wcet>
            <maxpow number="0.4522882259598008"/>
            <maxpow number="0.4522882259598008"/>
            <fprob>0.0</fprob>
        </actor>
        <actor name="D0N32">
            <wcet number="0">20</wcet>
            <wcet number="1">250</wcet>
            <maxpow number="0.5688536650729505"/>
            <maxpow number="0.5688536650729505"/>
            <fprob>0.0</fprob>
        </actor>
        <actor name="D0N8">
            <wcet number="0">130</wcet>
            <wcet number="1">390</wcet>
            <maxpow number="0.7824092965052178"/>
            <maxpow number="0.7824092965052178"/>
            <fprob>0.0</fprob>
        </actor>
        <actor name="D0N46">
            <wcet number="0">70</wcet>
            <wcet number="1">240</wcet>
            <maxpow number="0.45802673030654295"/>
            <maxpow number="0.45802673030654295"/>
            <fprob>0.0</fprob>
        </actor>
        <actor name="D0N10">
            <wcet number="0">480</wcet>
            <wcet number="1">600</wcet>
            <maxpow number="0.31373520176505887"/>
            <maxpow number="0.31373520176505887"/>
            <fprob>0.0</fprob>
        </actor>
        <actor name="D0N17">
            <wcet number="0">10</wcet>
            <wcet number="1">10</wcet>
            <maxpow number="0.7943261830511288"/>
            <maxpow number="0.7943261830511288"/>
            <fprob>0.0</fprob>
        </actor>
        <actor name="D0N39">
            <wcet number="0">10</wcet>
            <wcet number="1">10</wcet>
            <maxpow number="0.5948385610815194"/>
            <maxpow number="0.5948385610815194"/>
            <fprob>0.0</fprob>
        </actor>
        <actor name="D0N6">
            <wcet number="0">20</wcet>
            <wcet number="1">100</wcet>
            <maxpow number="0.43960838372938127"/>
            <maxpow number="0.43960838372938127"/>
            <fprob>0.0</fprob>
        </actor>
        <actor name="D0N29">
            <wcet number="0">40</wcet>
            <wcet number="1">80</wcet>
            <maxpow number="0.5085819135959107"/>
            <maxpow number="0.5085819135959107"/>
            <fprob>0.0</fprob>
        </actor>
        <actor name="D0N19">
            <wcet number="0">140</wcet>
            <wcet number="1">310</wcet>
            <maxpow number="0.22792019460951024"/>
            <maxpow number="0.22792019460951024"/>
            <fprob>0.0</fprob>
        </actor>
        <actor name="D0N26">
            <wcet number="0">180</wcet>
            <wcet number="1">210</wcet>
            <maxpow number="0.5404537011950458"/>
            <maxpow number="0.5404537011950458"/>
            <fprob>0.0</fprob>
        </actor>
        <actor name="D0N9">
            <wcet number="0">20</wcet>
            <wcet number="1">20</wcet>
            <maxpow number="0.29553150952473833"/>
            <maxpow number="0.29553150952473833"/>
            <fprob>0.0</fprob>
        </actor>
        <actor name="D0N20">
            <wcet number="0">70</wcet>
            <wcet number="1">220</wcet>
            <maxpow number="0.7161893559570839"/>
            <maxpow number="0.7161893559570839"/>
            <fprob>0.0</fprob>
        </actor>
        <actor name="D0N41">
            <wcet number="0">10</wcet>
            <wcet number="1">180</wcet>
            <maxpow number="0.4226176142501143"/>
            <maxpow number="0.4226176142501143"/>
            <fprob>0.0</fprob>
        </actor>
        <actor name="D0N33">
            <wcet number="0">150</wcet>
            <wcet number="1">160</wcet>
            <maxpow number="0.7670339722143684"/>
            <maxpow number="0.7670339722143684"/>
            <fprob>0.0</fprob>
        </actor>
        <actor name="D0N43">
            <wcet number="0">50</wcet>
            <wcet number="1">130</wcet>
            <maxpow number="0.29320840314435964"/>
            <maxpow number="0.29320840314435964"/>
            <fprob>0.0</fprob>
        </actor>
        <actor name="D0N14">
            <wcet number="0">290</wcet>
            <wcet number="1">300</wcet>
            <maxpow number="0.41151113594952615"/>
            <maxpow number="0.41151113594952615"/>
            <fprob>0.0</fprob>
        </actor>
        <actor name="D0N2">
            <wcet number="0">690</wcet>
            <wcet number="1">880</wcet>
            <maxpow number="0.48540395284663995"/>
            <maxpow number="0.48540395284663995"/>
            <fprob>0.0</fprob>
        </actor>
        <actor name="D0N44">
            <wcet number="0">60</wcet>
            <wcet number="1">260</wcet>
            <maxpow number="0.5880001690218031"/>
            <maxpow number="0.5880001690218031"/>
            <fprob>0.0</fprob>
        </actor>
        <actor name="D0N15">
            <wcet number="0">70</wcet>
            <wcet number="1">220</wcet>
            <maxpow number="0.4273626297419873"/>
            <maxpow number="0.4273626297419873"/>
            <fprob>0.0</fprob>
        </actor>
        <actor name="D0N18">
            <wcet number="0">110</wcet>
            <wcet number="1">110</wcet>
            <maxpow number="0.6665489557195592"/>
            <maxpow number="0.6665489557195592"/>
            <fprob>0.0</fprob>
        </actor>
        <actor name="D0N31">
            <wcet number="0">40</wcet>
            <wcet number="1">40</wcet>
            <maxpow number="0.5617119220570793"/>
            <maxpow number="0.5617119220570793"/>
            <fprob>0.0</fprob>
        </actor>
        <actor name="D0N30">
            <wcet number="0">70</wcet>
            <wcet number="1">130</wcet>
            <maxpow number="0.6984131731296468"/>
            <maxpow number="0.6984131731296468"/>
            <fprob>0.0</fprob>
        </actor>
        <actor name="D0N36">
            <wcet number="0">30</wcet>
            <wcet number="1">30</wcet>
            <maxpow number="0.5154778471458643"/>
            <maxpow number="0.5154778471458643"/>
            <fprob>0.0</fprob>
        </actor>
        <actor name="D0N1">
            <wcet number="0">100</wcet>
            <wcet number="1">140</wcet>
            <maxpow number="0.6136441494999177"/>
            <maxpow number="0.6136441494999177"/>
            <fprob>0.0</fprob>
        </actor>
        <actor name="D0N40">
            <wcet number="0">110</wcet>
            <wcet number="1">240</wcet>
            <maxpow number="0.8075811131597628"/>
            <maxpow number="0.8075811131597628"/>
            <fprob>0.0</fprob>
        </actor>
        <actor name="D0N3">
            <wcet number="0">10</wcet>
            <wcet number="1">10</wcet>
            <maxpow number="0.7394182417056788"/>
            <maxpow number="0.7394182417056788"/>
            <fprob>0.0</fprob>
        </actor>
        <actor name="D0N28">
            <wcet number="0">20</wcet>
            <wcet number="1">160</wcet>
            <maxpow number="0.5368656028814253"/>
            <maxpow number="0.5368656028814253"/>
            <fprob>0.0</fprob>
        </actor>
        <actor name="D0N5">
            <wcet number="0">80</wcet>
            <wcet number="1">210</wcet>
            <maxpow number="0.34838040661897435"/>
            <maxpow number="0.34838040661897435"/>
            <fprob>0.0</fprob>
        </actor>
        <actor name="D0N21">
            <wcet number="0">90</wcet>
            <wcet number="1">220</wcet>
            <maxpow number="0.435991129640796"/>
            <maxpow number="0.435991129640796"/>
            <fprob>0.0</fprob>
        </actor>
        <actor name="D0N16">
            <wcet number="0">120</wcet>
            <wcet number="1">200</wcet>
            <maxpow number="0.6884074397454407"/>
            <maxpow number="0.6884074397454407"/>
            <fprob>0.0</fprob>
        </actor>
        <actor name="D0N45">
            <wcet number="0">30</wcet>
            <wcet number="1">40</wcet>
            <maxpow number="0.6865022828582609"/>
            <maxpow number="0.6865022828582609"/>
            <fprob>0.0</fprob>
        </actor>
        <actor name="D0N25">
            <wcet number="0">260</wcet>
            <wcet number="1">330</wcet>
            <maxpow number="0.2510482002640097"/>
            <maxpow number="0.2510482002640097"/>
            <fprob>0.0</fprob>
        </actor>
        <ports>
            <port dstActor="D0N37" name="p0" srcActor="D0N27"/>
            <port dstActor="D0N43" name="p1" srcActor="D0N27"/>
            <port dstActor="D0N36" name="p2" srcActor="D0N27"/>
            <port dstActor="D0N33" name="p3" srcActor="D0N27"/>
            <port dstActor="D0N46" name="p4" srcActor="D0N27"/>
            <port dstActor="D0N14" name="p5" srcActor="D0N12"/>
            <port dstActor="D0N23" name="p6" srcActor="D0N12"/>
            <port dstActor="D0N30" name="p7" srcActor="D0N22"/>
            <port dstActor="D0N29" name="p8" srcActor="D0N0"/>
            <port dstActor="D0N12" name="p9" srcActor="D0N0"/>
            <port dstActor="D0N40" name="p10" srcActor="D0N0"/>
            <port dstActor="D0N6" name="p11" srcActor="D0N0"/>
            <port dstActor="D0N19" name="p12" srcActor="D0N11"/>
            <port dstActor="D0N21" name="p13" srcActor="D0N11"/>
            <port dstActor="D0N24" name="p14" srcActor="D0N11"/>
            <port dstActor="D0N42" name="p15" srcActor="D0N11"/>
            <port dstActor="D0N17" name="p16" srcActor="D0N11"/>
            <port dstActor="D0N45" name="p17" srcActor="D0N11"/>
            <port dstActor="D0N28" name="p18" srcActor="D0N11"/>
            <port dstActor="D0N23" name="p19" srcActor="D0N13"/>
            <port dstActor="D0N20" name="p20" srcActor="D0N13"/>
            <port dstActor="D0N21" name="p21" srcActor="D0N13"/>
            <port dstActor="D0N29" name="p22" srcActor="D0N13"/>
            <port dstActor="D0N42" name="p23" srcActor="D0N13"/>
            <port dstActor="D0N24" name="p24" srcActor="D0N13"/>
            <port dstActor="D0N16" name="p25" srcActor="D0N13"/>
            <port dstActor="D0N28" name="p26" srcActor="D0N7"/>
            <port dstActor="D0N44" name="p27" srcActor="D0N7"/>
            <port dstActor="D0N35" name="p28" srcActor="D0N7"/>
            <port dstActor="D0N32" name="p29" srcActor="D0N7"/>
            <port dstActor="D0N31" name="p30" srcActor="D0N23"/>
            <port dstActor="D0N34" name="p31" srcActor="D0N23"/>
            <port dstActor="D0N35" name="p32" srcActor="D0N34"/>
            <port dstActor="D0N40" name="p33" srcActor="D0N34"/>
            <port dstActor="D0N46" name="p34" srcActor="D0N34"/>
            <port dstActor="D0N40" name="p35" srcActor="D0N4"/>
            <port dstActor="D0N31" name="p36" srcActor="D0N4"/>
            <port dstActor="D0N41" name="p37" srcActor="D0N4"/>
            <port dstActor="D0N35" name="p38" srcActor="D0N4"/>
            <port dstActor="D0N42" name="p39" srcActor="D0N4"/>
            <port dstActor="D0N38" name="p40" srcActor="D0N35"/>
            <port dstActor="D0N45" name="p41" srcActor="D0N42"/>
            <port dstActor="D0N29" name="p42" srcActor="D0N24"/>
            <port dstActor="D0N36" name="p43" srcActor="D0N24"/>
            <port dstActor="D0N45" name="p44" srcActor="D0N24"/>
            <port dstActor="D0N41" name="p45" srcActor="D0N24"/>
            <port dstActor="D0N46" name="p46" srcActor="D0N32"/>
            <port dstActor="D0N38" name="p47" srcActor="D0N32"/>
            <port dstActor="D0N40" name="p48" srcActor="D0N32"/>
            <port dstActor="D0N42" name="p49" srcActor="D0N32"/>
            <port dstActor="D0N32" name="p50" srcActor="D0N8"/>
            <port dstActor="D0N27" name="p51" srcActor="D0N8"/>
            <port dstActor="D0N22" name="p52" srcActor="D0N8"/>
            <port dstActor="D0N47" name="p53" srcActor="D0N8"/>
            <port dstActor="D0N46" name="p54" srcActor="D0N10"/>
            <port dstActor="D0N24" name="p55" srcActor="D0N10"/>
            <port dstActor="D0N21" name="p56" srcActor="D0N10"/>
            <port dstActor="D0N24" name="p57" srcActor="D0N17"/>
            <port dstActor="D0N35" name="p58" srcActor="D0N17"/>
            <port dstActor="D0N44" name="p59" srcActor="D0N17"/>
            <port dstActor="D0N10" name="p60" srcActor="D0N6"/>
            <port dstActor="D0N11" name="p61" srcActor="D0N6"/>
            <port dstActor="D0N44" name="p62" srcActor="D0N6"/>
            <port dstActor="D0N28" name="p63" srcActor="D0N6"/>
            <port dstActor="D0N19" name="p64" srcActor="D0N6"/>
            <port dstActor="D0N23" name="p65" srcActor="D0N19"/>
            <port dstActor="D0N37" name="p66" srcActor="D0N26"/>
            <port dstActor="D0N43" name="p67" srcActor="D0N26"/>
            <port dstActor="D0N25" name="p68" srcActor="D0N9"/>
            <port dstActor="D0N14" name="p69" srcActor="D0N9"/>
            <port dstActor="D0N26" name="p70" srcActor="D0N9"/>
            <port dstActor="D0N30" name="p71" srcActor="D0N20"/>
            <port dstActor="D0N35" name="p72" srcActor="D0N20"/>
            <port dstActor="D0N36" name="p73" srcActor="D0N20"/>
            <port dstActor="D0N45" name="p74" srcActor="D0N33"/>
            <port dstActor="D0N36" name="p75" srcActor="D0N33"/>
            <port dstActor="D0N44" name="p76" srcActor="D0N33"/>
            <port dstActor="D0N35" name="p77" srcActor="D0N33"/>
            <port dstActor="D0N44" name="p78" srcActor="D0N43"/>
            <port dstActor="D0N41" name="p79" srcActor="D0N14"/>
            <port dstActor="D0N24" name="p80" srcActor="D0N14"/>
            <port dstActor="D0N42" name="p81" srcActor="D0N14"/>
            <port dstActor="D0N37" name="p82" srcActor="D0N14"/>
            <port dstActor="D0N40" name="p83" srcActor="D0N14"/>
            <port dstActor="D0N20" name="p84" srcActor="D0N2"/>
            <port dstActor="D0N47" name="p85" srcActor="D0N44"/>
            <port dstActor="D0N45" name="p86" srcActor="D0N44"/>
            <port dstActor="D0N17" name="p87" srcActor="D0N15"/>
            <port dstActor="D0N28" name="p88" srcActor="D0N15"/>
            <port dstActor="D0N25" name="p89" srcActor="D0N18"/>
            <port dstActor="D0N39" name="p90" srcActor="D0N18"/>
            <port dstActor="D0N33" name="p91" srcActor="D0N31"/>
            <port dstActor="D0N40" name="p92" srcActor="D0N30"/>
            <port dstActor="D0N45" name="p93" srcActor="D0N30"/>
            <port dstActor="D0N39" name="p94" srcActor="D0N36"/>
            <port dstActor="D0N34" name="p95" srcActor="D0N1"/>
            <port dstActor="D0N8" name="p96" srcActor="D0N1"/>
            <port dstActor="D0N16" name="p97" srcActor="D0N1"/>
            <port dstActor="D0N37" name="p98" srcActor="D0N1"/>
            <port dstActor="D0N36" name="p99" srcActor="D0N1"/>
            <port dstActor="D0N11" name="p100" srcActor="D0N3"/>
            <port dstActor="D0N6" name="p101" srcActor="D0N3"/>
            <port dstActor="D0N14" name="p102" srcActor="D0N3"/>
            <port dstActor="D0N47" name="p103" srcActor="D0N28"/>
            <port dstActor="D0N42" name="p104" srcActor="D0N28"/>
            <port dstActor="D0N15" name="p105" srcActor="D0N5"/>
            <port dstActor="D0N37" name="p106" srcActor="D0N5"/>
            <port dstActor="D0N12" name="p107" srcActor="D0N5"/>
            <port dstActor="D0N23" name="p108" srcActor="D0N5"/>
            <port dstActor="D0N36" name="p109" srcActor="D0N5"/>
            <port dstActor="D0N33" name="p110" srcActor="D0N21"/>
            <port dstActor="D0N43" name="p111" srcActor="D0N21"/>
            <port dstActor="D0N31" name="p112" srcActor="D0N16"/>
            <port dstActor="D0N20" name="p113" srcActor="D0N16"/>
            <port dstActor="D0N29" name="p114" srcActor="D0N16"/>
            <port dstActor="D0N33" name="p115" srcActor="D0N16"/>
            <port dstActor="D0N26" name="p116" srcActor="D0N25"/>
        </ports>
    </mcdag>
    <cores number="3"/>
    <levels number="2"/>
</mcsystem>
