<?xml version="1.0" encoding="UTF-8" standalone="no"?>
<mcsystem>
    <mcdag deadline="2000" name="genned-0-ed-10.0-0">
        <actor name="D0N26">
            <wcet number="0">40</wcet>
            <wcet number="1">110</wcet>
            <maxpow number="0.46270808096651384"/>
            <maxpow number="0.46270808096651384"/>
            <fprob>0.0</fprob>
        </actor>
        <actor name="D0N14">
            <wcet number="0">10</wcet>
            <wcet number="1">30</wcet>
            <maxpow number="0.5535925820031844"/>
            <maxpow number="0.5535925820031844"/>
            <fprob>0.0</fprob>
        </actor>
        <actor name="D0N36">
            <wcet number="0">40</wcet>
            <wcet number="1">40</wcet>
            <maxpow number="0.3481133010925847"/>
            <maxpow number="0.3481133010925847"/>
            <fprob>0.0</fprob>
        </actor>
        <actor name="D0N27">
            <wcet number="0">10</wcet>
            <wcet number="1">160</wcet>
            <maxpow number="0.40496408141432383"/>
            <maxpow number="0.40496408141432383"/>
            <fprob>0.0</fprob>
        </actor>
        <actor name="D0N29">
            <wcet number="0">140</wcet>
            <wcet number="1">360</wcet>
            <maxpow number="0.38425143783353843"/>
            <maxpow number="0.38425143783353843"/>
            <fprob>0.0</fprob>
        </actor>
        <actor name="D0N9">
            <wcet number="0">10</wcet>
            <wcet number="1">20</wcet>
            <maxpow number="0.35397668373607855"/>
            <maxpow number="0.35397668373607855"/>
            <fprob>0.0</fprob>
        </actor>
        <actor name="D0N32">
            <wcet number="0">30</wcet>
            <wcet number="1">50</wcet>
            <maxpow number="0.4785919661065204"/>
            <maxpow number="0.4785919661065204"/>
            <fprob>0.0</fprob>
        </actor>
        <actor name="D0N35">
            <wcet number="0">10</wcet>
            <wcet number="1">30</wcet>
            <maxpow number="0.6468346160973857"/>
            <maxpow number="0.6468346160973857"/>
            <fprob>0.0</fprob>
        </actor>
        <actor name="D0N33">
            <wcet number="0">30</wcet>
            <wcet number="1">30</wcet>
            <maxpow number="0.5636592731007748"/>
            <maxpow number="0.5636592731007748"/>
            <fprob>0.0</fprob>
        </actor>
        <actor name="D0N40">
            <wcet number="0">20</wcet>
            <wcet number="1">110</wcet>
            <maxpow number="0.575945206512454"/>
            <maxpow number="0.575945206512454"/>
            <fprob>0.0</fprob>
        </actor>
        <actor name="D0N46">
            <wcet number="0">40</wcet>
            <wcet number="1">40</wcet>
            <maxpow number="0.53478454648339"/>
            <maxpow number="0.53478454648339"/>
            <fprob>0.0</fprob>
        </actor>
        <actor name="D0N0">
            <wcet number="0">10</wcet>
            <wcet number="1">20</wcet>
            <maxpow number="0.403458323957429"/>
            <maxpow number="0.403458323957429"/>
            <fprob>0.0</fprob>
        </actor>
        <actor name="D0N7">
            <wcet number="0">250</wcet>
            <wcet number="1">250</wcet>
            <maxpow number="0.9727206017601849"/>
            <maxpow number="0.9727206017601849"/>
            <fprob>0.0</fprob>
        </actor>
        <actor name="D0N25">
            <wcet number="0">40</wcet>
            <wcet number="1">40</wcet>
            <maxpow number="0.3623530668429563"/>
            <maxpow number="0.3623530668429563"/>
            <fprob>0.0</fprob>
        </actor>
        <actor name="D0N17">
            <wcet number="0">10</wcet>
            <wcet number="1">20</wcet>
            <maxpow number="0.4757797509460967"/>
            <maxpow number="0.4757797509460967"/>
            <fprob>0.0</fprob>
        </actor>
        <actor name="D0N28">
            <wcet number="0">30</wcet>
            <wcet number="1">60</wcet>
            <maxpow number="0.5913850037415237"/>
            <maxpow number="0.5913850037415237"/>
            <fprob>0.0</fprob>
        </actor>
        <actor name="D0N2">
            <wcet number="0">10</wcet>
            <wcet number="1">50</wcet>
            <maxpow number="0.4965850964928192"/>
            <maxpow number="0.4965850964928192"/>
            <fprob>0.0</fprob>
        </actor>
        <actor name="D0N5">
            <wcet number="0">70</wcet>
            <wcet number="1">100</wcet>
            <maxpow number="0.6417605538799582"/>
            <maxpow number="0.6417605538799582"/>
            <fprob>0.0</fprob>
        </actor>
        <actor name="D0N23">
            <wcet number="0">40</wcet>
            <wcet number="1">70</wcet>
            <maxpow number="0.5414705812884127"/>
            <maxpow number="0.5414705812884127"/>
            <fprob>0.0</fprob>
        </actor>
        <actor name="D0N42">
            <wcet number="0">10</wcet>
            <wcet number="1">60</wcet>
            <maxpow number="0.6663494878274636"/>
            <maxpow number="0.6663494878274636"/>
            <fprob>0.0</fprob>
        </actor>
        <actor name="D0N44">
            <wcet number="0">10</wcet>
            <wcet number="1">20</wcet>
            <maxpow number="0.5651588435947958"/>
            <maxpow number="0.5651588435947958"/>
            <fprob>0.0</fprob>
        </actor>
        <actor name="D0N16">
            <wcet number="0">20</wcet>
            <wcet number="1">220</wcet>
            <maxpow number="0.2206975200779729"/>
            <maxpow number="0.2206975200779729"/>
            <fprob>0.0</fprob>
        </actor>
        <actor name="D0N39">
            <wcet number="0">50</wcet>
            <wcet number="1">50</wcet>
            <maxpow number="0.8547957412063203"/>
            <maxpow number="0.8547957412063203"/>
            <fprob>0.0</fprob>
        </actor>
        <actor name="D0N22">
            <wcet number="0">20</wcet>
            <wcet number="1">20</wcet>
            <maxpow number="0.45472682914678125"/>
            <maxpow number="0.45472682914678125"/>
            <fprob>0.0</fprob>
        </actor>
        <actor name="D0N18">
            <wcet number="0">20</wcet>
            <wcet number="1">20</wcet>
            <maxpow number="1.0572034342328775"/>
            <maxpow number="1.0572034342328775"/>
            <fprob>0.0</fprob>
        </actor>
        <actor name="D0N31">
            <wcet number="0">10</wcet>
            <wcet number="1">10</wcet>
            <maxpow number="0.23046853113358923"/>
            <maxpow number="0.23046853113358923"/>
            <fprob>0.0</fprob>
        </actor>
        <actor name="D0N30">
            <wcet number="0">10</wcet>
            <wcet number="1">20</wcet>
            <maxpow number="0.37305367735953876"/>
            <maxpow number="0.37305367735953876"/>
            <fprob>0.0</fprob>
        </actor>
        <actor name="D0N47">
            <wcet number="0">10</wcet>
            <wcet number="1">10</wcet>
            <maxpow number="0.506498532753941"/>
            <maxpow number="0.506498532753941"/>
            <fprob>0.0</fprob>
        </actor>
        <actor name="D0N3">
            <wcet number="0">240</wcet>
            <wcet number="1">440</wcet>
            <maxpow number="0.40870154276416004"/>
            <maxpow number="0.40870154276416004"/>
            <fprob>0.0</fprob>
        </actor>
        <actor name="D0N13">
            <wcet number="0">80</wcet>
            <wcet number="1">100</wcet>
            <maxpow number="0.4256484898247024"/>
            <maxpow number="0.4256484898247024"/>
            <fprob>0.0</fprob>
        </actor>
        <actor name="D0N1">
            <wcet number="0">120</wcet>
            <wcet number="1">210</wcet>
            <maxpow number="0.7327781516058949"/>
            <maxpow number="0.7327781516058949"/>
            <fprob>0.0</fprob>
        </actor>
        <actor name="D0N38">
            <wcet number="0">390</wcet>
            <wcet number="1">400</wcet>
            <maxpow number="0.5114834511340717"/>
            <maxpow number="0.5114834511340717"/>
            <fprob>0.0</fprob>
        </actor>
        <actor name="D0N21">
            <wcet number="0">20</wcet>
            <wcet number="1">170</wcet>
            <maxpow number="0.6209869034951292"/>
            <maxpow number="0.6209869034951292"/>
            <fprob>0.0</fprob>
        </actor>
        <actor name="D0N41">
            <wcet number="0">20</wcet>
            <wcet number="1">40</wcet>
            <maxpow number="0.39980765878998553"/>
            <maxpow number="0.39980765878998553"/>
            <fprob>0.0</fprob>
        </actor>
        <actor name="D0N10">
            <wcet number="0">20</wcet>
            <wcet number="1">60</wcet>
            <maxpow number="0.6257494812144975"/>
            <maxpow number="0.6257494812144975"/>
            <fprob>0.0</fprob>
        </actor>
        <actor name="D0N34">
            <wcet number="0">30</wcet>
            <wcet number="1">50</wcet>
            <maxpow number="0.66144207879683"/>
            <maxpow number="0.66144207879683"/>
            <fprob>0.0</fprob>
        </actor>
        <actor name="D0N20">
            <wcet number="0">50</wcet>
            <wcet number="1">140</wcet>
            <maxpow number="1.014799888254755"/>
            <maxpow number="1.014799888254755"/>
            <fprob>0.0</fprob>
        </actor>
        <actor name="D0N15">
            <wcet number="0">70</wcet>
            <wcet number="1">280</wcet>
            <maxpow number="0.4992867561956595"/>
            <maxpow number="0.4992867561956595"/>
            <fprob>0.0</fprob>
        </actor>
        <actor name="D0N19">
            <wcet number="0">40</wcet>
            <wcet number="1">40</wcet>
            <maxpow number="0.5871688647125778"/>
            <maxpow number="0.5871688647125778"/>
            <fprob>0.0</fprob>
        </actor>
        <actor name="D0N45">
            <wcet number="0">10</wcet>
            <wcet number="1">60</wcet>
            <maxpow number="0.2992423546066714"/>
            <maxpow number="0.2992423546066714"/>
            <fprob>0.0</fprob>
        </actor>
        <actor name="D0N6">
            <wcet number="0">10</wcet>
            <wcet number="1">100</wcet>
            <maxpow number="0.7055090694703322"/>
            <maxpow number="0.7055090694703322"/>
            <fprob>0.0</fprob>
        </actor>
        <actor name="D0N8">
            <wcet number="0">100</wcet>
            <wcet number="1">110</wcet>
            <maxpow number="0.7178201914233284"/>
            <maxpow number="0.7178201914233284"/>
            <fprob>0.0</fprob>
        </actor>
        <actor name="D0N12">
            <wcet number="0">20</wcet>
            <wcet number="1">70</wcet>
            <maxpow number="0.7802050458350162"/>
            <maxpow number="0.7802050458350162"/>
            <fprob>0.0</fprob>
        </actor>
        <actor name="D0N11">
            <wcet number="0">20</wcet>
            <wcet number="1">30</wcet>
            <maxpow number="0.5632210243811709"/>
            <maxpow number="0.5632210243811709"/>
            <fprob>0.0</fprob>
        </actor>
        <actor name="D0N37">
            <wcet number="0">60</wcet>
            <wcet number="1">160</wcet>
            <maxpow number="0.5816214157742943"/>
            <maxpow number="0.5816214157742943"/>
            <fprob>0.0</fprob>
        </actor>
        <actor name="D0N24">
            <wcet number="0">250</wcet>
            <wcet number="1">260</wcet>
            <maxpow number="0.8364513803954235"/>
            <maxpow number="0.8364513803954235"/>
            <fprob>0.0</fprob>
        </actor>
        <actor name="D0N43">
            <wcet number="0">10</wcet>
            <wcet number="1">10</wcet>
            <maxpow number="0.8048724071930142"/>
            <maxpow number="0.8048724071930142"/>
            <fprob>0.0</fprob>
        </actor>
        <actor name="D0N4">
            <wcet number="0">50</wcet>
            <wcet number="1">50</wcet>
            <maxpow number="0.0802179000541352"/>
            <maxpow number="0.0802179000541352"/>
            <fprob>0.0</fprob>
        </actor>
        <ports>
            <port dstActor="D0N15" name="p0" srcActor="D0N14"/>
            <port dstActor="D0N30" name="p1" srcActor="D0N14"/>
            <port dstActor="D0N27" name="p2" srcActor="D0N14"/>
            <port dstActor="D0N32" name="p3" srcActor="D0N14"/>
            <port dstActor="D0N20" name="p4" srcActor="D0N14"/>
            <port dstActor="D0N41" name="p5" srcActor="D0N14"/>
            <port dstActor="D0N33" name="p6" srcActor="D0N14"/>
            <port dstActor="D0N37" name="p7" srcActor="D0N27"/>
            <port dstActor="D0N43" name="p8" srcActor="D0N29"/>
            <port dstActor="D0N34" name="p9" srcActor="D0N9"/>
            <port dstActor="D0N26" name="p10" srcActor="D0N9"/>
            <port dstActor="D0N13" name="p11" srcActor="D0N9"/>
            <port dstActor="D0N39" name="p12" srcActor="D0N9"/>
            <port dstActor="D0N18" name="p13" srcActor="D0N9"/>
            <port dstActor="D0N37" name="p14" srcActor="D0N32"/>
            <port dstActor="D0N34" name="p15" srcActor="D0N33"/>
            <port dstActor="D0N46" name="p16" srcActor="D0N33"/>
            <port dstActor="D0N43" name="p17" srcActor="D0N40"/>
            <port dstActor="D0N47" name="p18" srcActor="D0N46"/>
            <port dstActor="D0N22" name="p19" srcActor="D0N0"/>
            <port dstActor="D0N31" name="p20" srcActor="D0N0"/>
            <port dstActor="D0N10" name="p21" srcActor="D0N0"/>
            <port dstActor="D0N39" name="p22" srcActor="D0N0"/>
            <port dstActor="D0N8" name="p23" srcActor="D0N0"/>
            <port dstActor="D0N14" name="p24" srcActor="D0N0"/>
            <port dstActor="D0N42" name="p25" srcActor="D0N7"/>
            <port dstActor="D0N15" name="p26" srcActor="D0N7"/>
            <port dstActor="D0N23" name="p27" srcActor="D0N17"/>
            <port dstActor="D0N22" name="p28" srcActor="D0N17"/>
            <port dstActor="D0N26" name="p29" srcActor="D0N17"/>
            <port dstActor="D0N32" name="p30" srcActor="D0N28"/>
            <port dstActor="D0N35" name="p31" srcActor="D0N28"/>
            <port dstActor="D0N9" name="p32" srcActor="D0N2"/>
            <port dstActor="D0N33" name="p33" srcActor="D0N2"/>
            <port dstActor="D0N34" name="p34" srcActor="D0N2"/>
            <port dstActor="D0N18" name="p35" srcActor="D0N2"/>
            <port dstActor="D0N41" name="p36" srcActor="D0N5"/>
            <port dstActor="D0N43" name="p37" srcActor="D0N23"/>
            <port dstActor="D0N46" name="p38" srcActor="D0N42"/>
            <port dstActor="D0N47" name="p39" srcActor="D0N42"/>
            <port dstActor="D0N43" name="p40" srcActor="D0N16"/>
            <port dstActor="D0N26" name="p41" srcActor="D0N16"/>
            <port dstActor="D0N18" name="p42" srcActor="D0N16"/>
            <port dstActor="D0N40" name="p43" srcActor="D0N16"/>
            <port dstActor="D0N42" name="p44" srcActor="D0N16"/>
            <port dstActor="D0N44" name="p45" srcActor="D0N39"/>
            <port dstActor="D0N29" name="p46" srcActor="D0N22"/>
            <port dstActor="D0N21" name="p47" srcActor="D0N18"/>
            <port dstActor="D0N30" name="p48" srcActor="D0N18"/>
            <port dstActor="D0N34" name="p49" srcActor="D0N31"/>
            <port dstActor="D0N42" name="p50" srcActor="D0N30"/>
            <port dstActor="D0N41" name="p51" srcActor="D0N3"/>
            <port dstActor="D0N38" name="p52" srcActor="D0N3"/>
            <port dstActor="D0N47" name="p53" srcActor="D0N3"/>
            <port dstActor="D0N18" name="p54" srcActor="D0N3"/>
            <port dstActor="D0N39" name="p55" srcActor="D0N3"/>
            <port dstActor="D0N34" name="p56" srcActor="D0N3"/>
            <port dstActor="D0N33" name="p57" srcActor="D0N13"/>
            <port dstActor="D0N38" name="p58" srcActor="D0N13"/>
            <port dstActor="D0N32" name="p59" srcActor="D0N1"/>
            <port dstActor="D0N11" name="p60" srcActor="D0N1"/>
            <port dstActor="D0N27" name="p61" srcActor="D0N21"/>
            <port dstActor="D0N45" name="p62" srcActor="D0N21"/>
            <port dstActor="D0N46" name="p63" srcActor="D0N41"/>
            <port dstActor="D0N11" name="p64" srcActor="D0N10"/>
            <port dstActor="D0N33" name="p65" srcActor="D0N10"/>
            <port dstActor="D0N20" name="p66" srcActor="D0N10"/>
            <port dstActor="D0N14" name="p67" srcActor="D0N10"/>
            <port dstActor="D0N40" name="p68" srcActor="D0N34"/>
            <port dstActor="D0N29" name="p69" srcActor="D0N20"/>
            <port dstActor="D0N34" name="p70" srcActor="D0N20"/>
            <port dstActor="D0N23" name="p71" srcActor="D0N20"/>
            <port dstActor="D0N36" name="p72" srcActor="D0N15"/>
            <port dstActor="D0N30" name="p73" srcActor="D0N19"/>
            <port dstActor="D0N47" name="p74" srcActor="D0N19"/>
            <port dstActor="D0N43" name="p75" srcActor="D0N19"/>
            <port dstActor="D0N44" name="p76" srcActor="D0N19"/>
            <port dstActor="D0N46" name="p77" srcActor="D0N45"/>
            <port dstActor="D0N33" name="p78" srcActor="D0N6"/>
            <port dstActor="D0N28" name="p79" srcActor="D0N6"/>
            <port dstActor="D0N14" name="p80" srcActor="D0N6"/>
            <port dstActor="D0N43" name="p81" srcActor="D0N6"/>
            <port dstActor="D0N13" name="p82" srcActor="D0N6"/>
            <port dstActor="D0N38" name="p83" srcActor="D0N8"/>
            <port dstActor="D0N40" name="p84" srcActor="D0N8"/>
            <port dstActor="D0N13" name="p85" srcActor="D0N12"/>
            <port dstActor="D0N21" name="p86" srcActor="D0N12"/>
            <port dstActor="D0N28" name="p87" srcActor="D0N12"/>
            <port dstActor="D0N30" name="p88" srcActor="D0N11"/>
            <port dstActor="D0N24" name="p89" srcActor="D0N11"/>
            <port dstActor="D0N14" name="p90" srcActor="D0N11"/>
            <port dstActor="D0N21" name="p91" srcActor="D0N11"/>
            <port dstActor="D0N42" name="p92" srcActor="D0N4"/>
            <port dstActor="D0N34" name="p93" srcActor="D0N4"/>
            <port dstActor="D0N25" name="p94" srcActor="D0N4"/>
            <port dstActor="D0N11" name="p95" srcActor="D0N4"/>
        </ports>
    </mcdag>
    <cores number="3"/>
    <levels number="2"/>
</mcsystem>
