<?xml version="1.0" encoding="UTF-8" standalone="no"?>
<mcsystem>
    <mcdag deadline="2500" name="genned-0-ed-10.0-0">
        <actor name="D0N40">
            <wcet number="0">150</wcet>
            <wcet number="1">210</wcet>
            <maxpow number="0.574424834345655"/>
            <maxpow number="0.574424834345655"/>
            <fprob>0.0</fprob>
        </actor>
        <actor name="D0N32">
            <wcet number="0">10</wcet>
            <wcet number="1">10</wcet>
            <maxpow number="0.7142371659166392"/>
            <maxpow number="0.7142371659166392"/>
            <fprob>0.0</fprob>
        </actor>
        <actor name="D0N30">
            <wcet number="0">60</wcet>
            <wcet number="1">60</wcet>
            <maxpow number="0.5848437321875265"/>
            <maxpow number="0.5848437321875265"/>
            <fprob>0.0</fprob>
        </actor>
        <actor name="D0N24">
            <wcet number="0">10</wcet>
            <wcet number="1">10</wcet>
            <maxpow number="0.4116597243433152"/>
            <maxpow number="0.4116597243433152"/>
            <fprob>0.0</fprob>
        </actor>
        <actor name="D0N36">
            <wcet number="0">40</wcet>
            <wcet number="1">90</wcet>
            <maxpow number="0.6525899661808235"/>
            <maxpow number="0.6525899661808235"/>
            <fprob>0.0</fprob>
        </actor>
        <actor name="D0N7">
            <wcet number="0">50</wcet>
            <wcet number="1">60</wcet>
            <maxpow number="0.46905006623681234"/>
            <maxpow number="0.46905006623681234"/>
            <fprob>0.0</fprob>
        </actor>
        <actor name="D0N33">
            <wcet number="0">10</wcet>
            <wcet number="1">10</wcet>
            <maxpow number="0.5740523114395832"/>
            <maxpow number="0.5740523114395832"/>
            <fprob>0.0</fprob>
        </actor>
        <actor name="D0N29">
            <wcet number="0">40</wcet>
            <wcet number="1">230</wcet>
            <maxpow number="0.5681545378402943"/>
            <maxpow number="0.5681545378402943"/>
            <fprob>0.0</fprob>
        </actor>
        <actor name="D0N22">
            <wcet number="0">20</wcet>
            <wcet number="1">30</wcet>
            <maxpow number="0.7493256624960798"/>
            <maxpow number="0.7493256624960798"/>
            <fprob>0.0</fprob>
        </actor>
        <actor name="D0N6">
            <wcet number="0">70</wcet>
            <wcet number="1">100</wcet>
            <maxpow number="0.42410599872788185"/>
            <maxpow number="0.42410599872788185"/>
            <fprob>0.0</fprob>
        </actor>
        <actor name="D0N1">
            <wcet number="0">10</wcet>
            <wcet number="1">10</wcet>
            <maxpow number="0.39490049330366045"/>
            <maxpow number="0.39490049330366045"/>
            <fprob>0.0</fprob>
        </actor>
        <actor name="D0N27">
            <wcet number="0">190</wcet>
            <wcet number="1">190</wcet>
            <maxpow number="0.5991855173716896"/>
            <maxpow number="0.5991855173716896"/>
            <fprob>0.0</fprob>
        </actor>
        <actor name="D0N19">
            <wcet number="0">420</wcet>
            <wcet number="1">420</wcet>
            <maxpow number="0.5109730139972481"/>
            <maxpow number="0.5109730139972481"/>
            <fprob>0.0</fprob>
        </actor>
        <actor name="D0N3">
            <wcet number="0">10</wcet>
            <wcet number="1">30</wcet>
            <maxpow number="0.5870172807986754"/>
            <maxpow number="0.5870172807986754"/>
            <fprob>0.0</fprob>
        </actor>
        <actor name="D0N42">
            <wcet number="0">30</wcet>
            <wcet number="1">40</wcet>
            <maxpow number="0.5646107576112327"/>
            <maxpow number="0.5646107576112327"/>
            <fprob>0.0</fprob>
        </actor>
        <actor name="D0N25">
            <wcet number="0">160</wcet>
            <wcet number="1">330</wcet>
            <maxpow number="0.7601035159806299"/>
            <maxpow number="0.7601035159806299"/>
            <fprob>0.0</fprob>
        </actor>
        <actor name="D0N23">
            <wcet number="0">30</wcet>
            <wcet number="1">40</wcet>
            <maxpow number="0.5828524777204446"/>
            <maxpow number="0.5828524777204446"/>
            <fprob>0.0</fprob>
        </actor>
        <actor name="D0N11">
            <wcet number="0">70</wcet>
            <wcet number="1">320</wcet>
            <maxpow number="0.47615915192420266"/>
            <maxpow number="0.47615915192420266"/>
            <fprob>0.0</fprob>
        </actor>
        <actor name="D0N14">
            <wcet number="0">150</wcet>
            <wcet number="1">150</wcet>
            <maxpow number="0.4934846391067733"/>
            <maxpow number="0.4934846391067733"/>
            <fprob>0.0</fprob>
        </actor>
        <actor name="D0N38">
            <wcet number="0">20</wcet>
            <wcet number="1">110</wcet>
            <maxpow number="0.41240975117004064"/>
            <maxpow number="0.41240975117004064"/>
            <fprob>0.0</fprob>
        </actor>
        <actor name="D0N28">
            <wcet number="0">20</wcet>
            <wcet number="1">70</wcet>
            <maxpow number="0.6276986764815125"/>
            <maxpow number="0.6276986764815125"/>
            <fprob>0.0</fprob>
        </actor>
        <actor name="D0N47">
            <wcet number="0">20</wcet>
            <wcet number="1">20</wcet>
            <maxpow number="0.7434661489681269"/>
            <maxpow number="0.7434661489681269"/>
            <fprob>0.0</fprob>
        </actor>
        <actor name="D0N34">
            <wcet number="0">150</wcet>
            <wcet number="1">160</wcet>
            <maxpow number="0.507212567765303"/>
            <maxpow number="0.507212567765303"/>
            <fprob>0.0</fprob>
        </actor>
        <actor name="D0N37">
            <wcet number="0">10</wcet>
            <wcet number="1">20</wcet>
            <maxpow number="0.44707629896563306"/>
            <maxpow number="0.44707629896563306"/>
            <fprob>0.0</fprob>
        </actor>
        <actor name="D0N13">
            <wcet number="0">50</wcet>
            <wcet number="1">110</wcet>
            <maxpow number="0.4674084283351475"/>
            <maxpow number="0.4674084283351475"/>
            <fprob>0.0</fprob>
        </actor>
        <actor name="D0N43">
            <wcet number="0">20</wcet>
            <wcet number="1">120</wcet>
            <maxpow number="0.46807393471376985"/>
            <maxpow number="0.46807393471376985"/>
            <fprob>0.0</fprob>
        </actor>
        <actor name="D0N44">
            <wcet number="0">20</wcet>
            <wcet number="1">30</wcet>
            <maxpow number="0.5246352623460394"/>
            <maxpow number="0.5246352623460394"/>
            <fprob>0.0</fprob>
        </actor>
        <actor name="D0N16">
            <wcet number="0">10</wcet>
            <wcet number="1">80</wcet>
            <maxpow number="0.7129021533002857"/>
            <maxpow number="0.7129021533002857"/>
            <fprob>0.0</fprob>
        </actor>
        <actor name="D0N15">
            <wcet number="0">20</wcet>
            <wcet number="1">80</wcet>
            <maxpow number="0.6600352265913131"/>
            <maxpow number="0.6600352265913131"/>
            <fprob>0.0</fprob>
        </actor>
        <actor name="D0N20">
            <wcet number="0">220</wcet>
            <wcet number="1">240</wcet>
            <maxpow number="0.5114213370288148"/>
            <maxpow number="0.5114213370288148"/>
            <fprob>0.0</fprob>
        </actor>
        <actor name="D0N41">
            <wcet number="0">80</wcet>
            <wcet number="1">110</wcet>
            <maxpow number="0.3647294922683678"/>
            <maxpow number="0.3647294922683678"/>
            <fprob>0.0</fprob>
        </actor>
        <actor name="D0N0">
            <wcet number="0">40</wcet>
            <wcet number="1">160</wcet>
            <maxpow number="0.4124898268291996"/>
            <maxpow number="0.4124898268291996"/>
            <fprob>0.0</fprob>
        </actor>
        <actor name="D0N26">
            <wcet number="0">50</wcet>
            <wcet number="1">80</wcet>
            <maxpow number="0.6002538821484475"/>
            <maxpow number="0.6002538821484475"/>
            <fprob>0.0</fprob>
        </actor>
        <actor name="D0N31">
            <wcet number="0">60</wcet>
            <wcet number="1">110</wcet>
            <maxpow number="0.4169262361897347"/>
            <maxpow number="0.4169262361897347"/>
            <fprob>0.0</fprob>
        </actor>
        <actor name="D0N5">
            <wcet number="0">110</wcet>
            <wcet number="1">170</wcet>
            <maxpow number="0.4724293939260948"/>
            <maxpow number="0.4724293939260948"/>
            <fprob>0.0</fprob>
        </actor>
        <actor name="D0N2">
            <wcet number="0">10</wcet>
            <wcet number="1">10</wcet>
            <maxpow number="0.47221244006149626"/>
            <maxpow number="0.47221244006149626"/>
            <fprob>0.0</fprob>
        </actor>
        <actor name="D0N39">
            <wcet number="0">70</wcet>
            <wcet number="1">90</wcet>
            <maxpow number="0.3109493824166008"/>
            <maxpow number="0.3109493824166008"/>
            <fprob>0.0</fprob>
        </actor>
        <actor name="D0N17">
            <wcet number="0">40</wcet>
            <wcet number="1">60</wcet>
            <maxpow number="0.7820474663579456"/>
            <maxpow number="0.7820474663579456"/>
            <fprob>0.0</fprob>
        </actor>
        <actor name="D0N45">
            <wcet number="0">30</wcet>
            <wcet number="1">30</wcet>
            <maxpow number="0.6541355047065424"/>
            <maxpow number="0.6541355047065424"/>
            <fprob>0.0</fprob>
        </actor>
        <actor name="D0N48">
            <wcet number="0">10</wcet>
            <wcet number="1">10</wcet>
            <maxpow number="0.533999312015554"/>
            <maxpow number="0.533999312015554"/>
            <fprob>0.0</fprob>
        </actor>
        <actor name="D0N46">
            <wcet number="0">10</wcet>
            <wcet number="1">10</wcet>
            <maxpow number="0.6294671063427486"/>
            <maxpow number="0.6294671063427486"/>
            <fprob>0.0</fprob>
        </actor>
        <actor name="D0N8">
            <wcet number="0">10</wcet>
            <wcet number="1">30</wcet>
            <maxpow number="0.6804275682091273"/>
            <maxpow number="0.6804275682091273"/>
            <fprob>0.0</fprob>
        </actor>
        <actor name="D0N9">
            <wcet number="0">70</wcet>
            <wcet number="1">90</wcet>
            <maxpow number="0.7737655739181999"/>
            <maxpow number="0.7737655739181999"/>
            <fprob>0.0</fprob>
        </actor>
        <actor name="D0N10">
            <wcet number="0">10</wcet>
            <wcet number="1">10</wcet>
            <maxpow number="0.3840045358015478"/>
            <maxpow number="0.3840045358015478"/>
            <fprob>0.0</fprob>
        </actor>
        <actor name="D0N18">
            <wcet number="0">40</wcet>
            <wcet number="1">40</wcet>
            <maxpow number="0.6558028226618988"/>
            <maxpow number="0.6558028226618988"/>
            <fprob>0.0</fprob>
        </actor>
        <actor name="D0N12">
            <wcet number="0">30</wcet>
            <wcet number="1">40</wcet>
            <maxpow number="0.5496473474613278"/>
            <maxpow number="0.5496473474613278"/>
            <fprob>0.0</fprob>
        </actor>
        <actor name="D0N35">
            <wcet number="0">70</wcet>
            <wcet number="1">290</wcet>
            <maxpow number="0.8615255468845132"/>
            <maxpow number="0.8615255468845132"/>
            <fprob>0.0</fprob>
        </actor>
        <actor name="D0N4">
            <wcet number="0">120</wcet>
            <wcet number="1">190</wcet>
            <maxpow number="0.7005748667389029"/>
            <maxpow number="0.7005748667389029"/>
            <fprob>0.0</fprob>
        </actor>
        <actor name="D0N21">
            <wcet number="0">10</wcet>
            <wcet number="1">90</wcet>
            <maxpow number="0.7201043325168481"/>
            <maxpow number="0.7201043325168481"/>
            <fprob>0.0</fprob>
        </actor>
        <ports>
            <port dstActor="D0N44" name="p0" srcActor="D0N30"/>
            <port dstActor="D0N33" name="p1" srcActor="D0N30"/>
            <port dstActor="D0N38" name="p2" srcActor="D0N30"/>
            <port dstActor="D0N40" name="p3" srcActor="D0N24"/>
            <port dstActor="D0N30" name="p4" srcActor="D0N24"/>
            <port dstActor="D0N42" name="p5" srcActor="D0N36"/>
            <port dstActor="D0N41" name="p6" srcActor="D0N7"/>
            <port dstActor="D0N11" name="p7" srcActor="D0N7"/>
            <port dstActor="D0N45" name="p8" srcActor="D0N7"/>
            <port dstActor="D0N30" name="p9" srcActor="D0N7"/>
            <port dstActor="D0N26" name="p10" srcActor="D0N7"/>
            <port dstActor="D0N13" name="p11" srcActor="D0N7"/>
            <port dstActor="D0N33" name="p12" srcActor="D0N7"/>
            <port dstActor="D0N17" name="p13" srcActor="D0N7"/>
            <port dstActor="D0N12" name="p14" srcActor="D0N7"/>
            <port dstActor="D0N38" name="p15" srcActor="D0N33"/>
            <port dstActor="D0N46" name="p16" srcActor="D0N29"/>
            <port dstActor="D0N41" name="p17" srcActor="D0N29"/>
            <port dstActor="D0N39" name="p18" srcActor="D0N22"/>
            <port dstActor="D0N35" name="p19" srcActor="D0N22"/>
            <port dstActor="D0N24" name="p20" srcActor="D0N22"/>
            <port dstActor="D0N22" name="p21" srcActor="D0N6"/>
            <port dstActor="D0N21" name="p22" srcActor="D0N6"/>
            <port dstActor="D0N10" name="p23" srcActor="D0N6"/>
            <port dstActor="D0N28" name="p24" srcActor="D0N6"/>
            <port dstActor="D0N12" name="p25" srcActor="D0N6"/>
            <port dstActor="D0N38" name="p26" srcActor="D0N6"/>
            <port dstActor="D0N18" name="p27" srcActor="D0N1"/>
            <port dstActor="D0N20" name="p28" srcActor="D0N1"/>
            <port dstActor="D0N32" name="p29" srcActor="D0N1"/>
            <port dstActor="D0N26" name="p30" srcActor="D0N1"/>
            <port dstActor="D0N44" name="p31" srcActor="D0N1"/>
            <port dstActor="D0N17" name="p32" srcActor="D0N1"/>
            <port dstActor="D0N41" name="p33" srcActor="D0N1"/>
            <port dstActor="D0N16" name="p34" srcActor="D0N1"/>
            <port dstActor="D0N27" name="p35" srcActor="D0N1"/>
            <port dstActor="D0N40" name="p36" srcActor="D0N1"/>
            <port dstActor="D0N22" name="p37" srcActor="D0N1"/>
            <port dstActor="D0N28" name="p38" srcActor="D0N27"/>
            <port dstActor="D0N47" name="p39" srcActor="D0N19"/>
            <port dstActor="D0N36" name="p40" srcActor="D0N19"/>
            <port dstActor="D0N7" name="p41" srcActor="D0N3"/>
            <port dstActor="D0N46" name="p42" srcActor="D0N3"/>
            <port dstActor="D0N47" name="p43" srcActor="D0N42"/>
            <port dstActor="D0N39" name="p44" srcActor="D0N25"/>
            <port dstActor="D0N39" name="p45" srcActor="D0N23"/>
            <port dstActor="D0N24" name="p46" srcActor="D0N23"/>
            <port dstActor="D0N47" name="p47" srcActor="D0N23"/>
            <port dstActor="D0N23" name="p48" srcActor="D0N11"/>
            <port dstActor="D0N12" name="p49" srcActor="D0N11"/>
            <port dstActor="D0N15" name="p50" srcActor="D0N11"/>
            <port dstActor="D0N30" name="p51" srcActor="D0N11"/>
            <port dstActor="D0N19" name="p52" srcActor="D0N11"/>
            <port dstActor="D0N20" name="p53" srcActor="D0N14"/>
            <port dstActor="D0N47" name="p54" srcActor="D0N14"/>
            <port dstActor="D0N15" name="p55" srcActor="D0N14"/>
            <port dstActor="D0N39" name="p56" srcActor="D0N38"/>
            <port dstActor="D0N36" name="p57" srcActor="D0N28"/>
            <port dstActor="D0N39" name="p58" srcActor="D0N28"/>
            <port dstActor="D0N45" name="p59" srcActor="D0N34"/>
            <port dstActor="D0N41" name="p60" srcActor="D0N34"/>
            <port dstActor="D0N47" name="p61" srcActor="D0N34"/>
            <port dstActor="D0N37" name="p62" srcActor="D0N13"/>
            <port dstActor="D0N23" name="p63" srcActor="D0N13"/>
            <port dstActor="D0N46" name="p64" srcActor="D0N44"/>
            <port dstActor="D0N23" name="p65" srcActor="D0N16"/>
            <port dstActor="D0N20" name="p66" srcActor="D0N16"/>
            <port dstActor="D0N48" name="p67" srcActor="D0N16"/>
            <port dstActor="D0N35" name="p68" srcActor="D0N16"/>
            <port dstActor="D0N25" name="p69" srcActor="D0N16"/>
            <port dstActor="D0N46" name="p70" srcActor="D0N16"/>
            <port dstActor="D0N32" name="p71" srcActor="D0N15"/>
            <port dstActor="D0N44" name="p72" srcActor="D0N15"/>
            <port dstActor="D0N29" name="p73" srcActor="D0N15"/>
            <port dstActor="D0N20" name="p74" srcActor="D0N15"/>
            <port dstActor="D0N21" name="p75" srcActor="D0N20"/>
            <port dstActor="D0N31" name="p76" srcActor="D0N20"/>
            <port dstActor="D0N34" name="p77" srcActor="D0N20"/>
            <port dstActor="D0N45" name="p78" srcActor="D0N41"/>
            <port dstActor="D0N11" name="p79" srcActor="D0N0"/>
            <port dstActor="D0N43" name="p80" srcActor="D0N0"/>
            <port dstActor="D0N15" name="p81" srcActor="D0N0"/>
            <port dstActor="D0N33" name="p82" srcActor="D0N0"/>
            <port dstActor="D0N16" name="p83" srcActor="D0N0"/>
            <port dstActor="D0N39" name="p84" srcActor="D0N0"/>
            <port dstActor="D0N36" name="p85" srcActor="D0N26"/>
            <port dstActor="D0N41" name="p86" srcActor="D0N31"/>
            <port dstActor="D0N46" name="p87" srcActor="D0N5"/>
            <port dstActor="D0N21" name="p88" srcActor="D0N5"/>
            <port dstActor="D0N22" name="p89" srcActor="D0N5"/>
            <port dstActor="D0N48" name="p90" srcActor="D0N5"/>
            <port dstActor="D0N18" name="p91" srcActor="D0N5"/>
            <port dstActor="D0N35" name="p92" srcActor="D0N5"/>
            <port dstActor="D0N12" name="p93" srcActor="D0N2"/>
            <port dstActor="D0N48" name="p94" srcActor="D0N2"/>
            <port dstActor="D0N33" name="p95" srcActor="D0N2"/>
            <port dstActor="D0N6" name="p96" srcActor="D0N2"/>
            <port dstActor="D0N44" name="p97" srcActor="D0N39"/>
            <port dstActor="D0N46" name="p98" srcActor="D0N39"/>
            <port dstActor="D0N28" name="p99" srcActor="D0N17"/>
            <port dstActor="D0N30" name="p100" srcActor="D0N17"/>
            <port dstActor="D0N32" name="p101" srcActor="D0N17"/>
            <port dstActor="D0N38" name="p102" srcActor="D0N17"/>
            <port dstActor="D0N31" name="p103" srcActor="D0N17"/>
            <port dstActor="D0N37" name="p104" srcActor="D0N8"/>
            <port dstActor="D0N20" name="p105" srcActor="D0N9"/>
            <port dstActor="D0N10" name="p106" srcActor="D0N9"/>
            <port dstActor="D0N17" name="p107" srcActor="D0N9"/>
            <port dstActor="D0N39" name="p108" srcActor="D0N9"/>
            <port dstActor="D0N31" name="p109" srcActor="D0N10"/>
            <port dstActor="D0N11" name="p110" srcActor="D0N10"/>
            <port dstActor="D0N39" name="p111" srcActor="D0N18"/>
            <port dstActor="D0N47" name="p112" srcActor="D0N18"/>
            <port dstActor="D0N41" name="p113" srcActor="D0N18"/>
            <port dstActor="D0N33" name="p114" srcActor="D0N18"/>
            <port dstActor="D0N32" name="p115" srcActor="D0N12"/>
            <port dstActor="D0N45" name="p116" srcActor="D0N12"/>
            <port dstActor="D0N18" name="p117" srcActor="D0N12"/>
            <port dstActor="D0N36" name="p118" srcActor="D0N12"/>
            <port dstActor="D0N39" name="p119" srcActor="D0N35"/>
            <port dstActor="D0N46" name="p120" srcActor="D0N35"/>
            <port dstActor="D0N28" name="p121" srcActor="D0N4"/>
            <port dstActor="D0N33" name="p122" srcActor="D0N4"/>
            <port dstActor="D0N6" name="p123" srcActor="D0N4"/>
            <port dstActor="D0N7" name="p124" srcActor="D0N4"/>
            <port dstActor="D0N17" name="p125" srcActor="D0N4"/>
            <port dstActor="D0N26" name="p126" srcActor="D0N21"/>
            <port dstActor="D0N35" name="p127" srcActor="D0N21"/>
            <port dstActor="D0N28" name="p128" srcActor="D0N21"/>
            <port dstActor="D0N39" name="p129" srcActor="D0N21"/>
        </ports>
    </mcdag>
    <cores number="2"/>
    <levels number="2"/>
</mcsystem>
