<?xml version="1.0" encoding="UTF-8" standalone="no"?>
<mcsystem>
    <mcdag deadline="2000" name="genned-0-ed-10.0-0">
        <actor name="D0N27">
            <wcet number="0">90</wcet>
            <wcet number="1">120</wcet>
            <maxpow number="0.6470458706597595"/>
            <maxpow number="0.6470458706597595"/>
            <fprob>0.0</fprob>
        </actor>
        <actor name="D0N24">
            <wcet number="0">80</wcet>
            <wcet number="1">190</wcet>
            <maxpow number="0.7163258030884212"/>
            <maxpow number="0.7163258030884212"/>
            <fprob>0.0</fprob>
        </actor>
        <actor name="D0N25">
            <wcet number="0">20</wcet>
            <wcet number="1">110</wcet>
            <maxpow number="0.6548307743607694"/>
            <maxpow number="0.6548307743607694"/>
            <fprob>0.0</fprob>
        </actor>
        <actor name="D0N26">
            <wcet number="0">10</wcet>
            <wcet number="1">20</wcet>
            <maxpow number="0.5171676882040581"/>
            <maxpow number="0.5171676882040581"/>
            <fprob>0.0</fprob>
        </actor>
        <actor name="D0N1">
            <wcet number="0">160</wcet>
            <wcet number="1">160</wcet>
            <maxpow number="0.6897841727979669"/>
            <maxpow number="0.6897841727979669"/>
            <fprob>0.0</fprob>
        </actor>
        <actor name="D0N36">
            <wcet number="0">90</wcet>
            <wcet number="1">140</wcet>
            <maxpow number="0.6488396312705413"/>
            <maxpow number="0.6488396312705413"/>
            <fprob>0.0</fprob>
        </actor>
        <actor name="D0N35">
            <wcet number="0">170</wcet>
            <wcet number="1">300</wcet>
            <maxpow number="0.44679951219962183"/>
            <maxpow number="0.44679951219962183"/>
            <fprob>0.0</fprob>
        </actor>
        <actor name="D0N0">
            <wcet number="0">10</wcet>
            <wcet number="1">40</wcet>
            <maxpow number="0.5545473502525785"/>
            <maxpow number="0.5545473502525785"/>
            <fprob>0.0</fprob>
        </actor>
        <actor name="D0N33">
            <wcet number="0">30</wcet>
            <wcet number="1">60</wcet>
            <maxpow number="0.2573312653791767"/>
            <maxpow number="0.2573312653791767"/>
            <fprob>0.0</fprob>
        </actor>
        <actor name="D0N2">
            <wcet number="0">10</wcet>
            <wcet number="1">20</wcet>
            <maxpow number="0.7241932505509368"/>
            <maxpow number="0.7241932505509368"/>
            <fprob>0.0</fprob>
        </actor>
        <actor name="D0N16">
            <wcet number="0">50</wcet>
            <wcet number="1">90</wcet>
            <maxpow number="0.28583604138451235"/>
            <maxpow number="0.28583604138451235"/>
            <fprob>0.0</fprob>
        </actor>
        <actor name="D0N13">
            <wcet number="0">80</wcet>
            <wcet number="1">240</wcet>
            <maxpow number="0.7446779236396743"/>
            <maxpow number="0.7446779236396743"/>
            <fprob>0.0</fprob>
        </actor>
        <actor name="D0N42">
            <wcet number="0">10</wcet>
            <wcet number="1">10</wcet>
            <maxpow number="0.7506591021387037"/>
            <maxpow number="0.7506591021387037"/>
            <fprob>0.0</fprob>
        </actor>
        <actor name="D0N21">
            <wcet number="0">10</wcet>
            <wcet number="1">10</wcet>
            <maxpow number="0.43350960337963745"/>
            <maxpow number="0.43350960337963745"/>
            <fprob>0.0</fprob>
        </actor>
        <actor name="D0N38">
            <wcet number="0">180</wcet>
            <wcet number="1">340</wcet>
            <maxpow number="0.38372481854373747"/>
            <maxpow number="0.38372481854373747"/>
            <fprob>0.0</fprob>
        </actor>
        <actor name="D0N8">
            <wcet number="0">20</wcet>
            <wcet number="1">20</wcet>
            <maxpow number="0.47921728629135063"/>
            <maxpow number="0.47921728629135063"/>
            <fprob>0.0</fprob>
        </actor>
        <actor name="D0N12">
            <wcet number="0">140</wcet>
            <wcet number="1">310</wcet>
            <maxpow number="0.3243000280249515"/>
            <maxpow number="0.3243000280249515"/>
            <fprob>0.0</fprob>
        </actor>
        <actor name="D0N9">
            <wcet number="0">10</wcet>
            <wcet number="1">20</wcet>
            <maxpow number="0.720665787085598"/>
            <maxpow number="0.720665787085598"/>
            <fprob>0.0</fprob>
        </actor>
        <actor name="D0N30">
            <wcet number="0">10</wcet>
            <wcet number="1">40</wcet>
            <maxpow number="0.5824867925491427"/>
            <maxpow number="0.5824867925491427"/>
            <fprob>0.0</fprob>
        </actor>
        <actor name="D0N18">
            <wcet number="0">30</wcet>
            <wcet number="1">40</wcet>
            <maxpow number="0.5654103435319019"/>
            <maxpow number="0.5654103435319019"/>
            <fprob>0.0</fprob>
        </actor>
        <actor name="D0N15">
            <wcet number="0">30</wcet>
            <wcet number="1">140</wcet>
            <maxpow number="0.5727161927952442"/>
            <maxpow number="0.5727161927952442"/>
            <fprob>0.0</fprob>
        </actor>
        <actor name="D0N20">
            <wcet number="0">40</wcet>
            <wcet number="1">60</wcet>
            <maxpow number="0.20966476592992678"/>
            <maxpow number="0.20966476592992678"/>
            <fprob>0.0</fprob>
        </actor>
        <actor name="D0N29">
            <wcet number="0">10</wcet>
            <wcet number="1">10</wcet>
            <maxpow number="0.5753750388582874"/>
            <maxpow number="0.5753750388582874"/>
            <fprob>0.0</fprob>
        </actor>
        <actor name="D0N6">
            <wcet number="0">10</wcet>
            <wcet number="1">10</wcet>
            <maxpow number="0.46002939127562953"/>
            <maxpow number="0.46002939127562953"/>
            <fprob>0.0</fprob>
        </actor>
        <actor name="D0N14">
            <wcet number="0">60</wcet>
            <wcet number="1">60</wcet>
            <maxpow number="0.6141574963228876"/>
            <maxpow number="0.6141574963228876"/>
            <fprob>0.0</fprob>
        </actor>
        <actor name="D0N43">
            <wcet number="0">160</wcet>
            <wcet number="1">180</wcet>
            <maxpow number="-0.02971087285119356"/>
            <maxpow number="-0.02971087285119356"/>
            <fprob>0.0</fprob>
        </actor>
        <actor name="D0N47">
            <wcet number="0">190</wcet>
            <wcet number="1">280</wcet>
            <maxpow number="0.19652929671037378"/>
            <maxpow number="0.19652929671037378"/>
            <fprob>0.0</fprob>
        </actor>
        <actor name="D0N3">
            <wcet number="0">40</wcet>
            <wcet number="1">40</wcet>
            <maxpow number="0.7439784950721477"/>
            <maxpow number="0.7439784950721477"/>
            <fprob>0.0</fprob>
        </actor>
        <actor name="D0N37">
            <wcet number="0">30</wcet>
            <wcet number="1">30</wcet>
            <maxpow number="0.46613392442195756"/>
            <maxpow number="0.46613392442195756"/>
            <fprob>0.0</fprob>
        </actor>
        <actor name="D0N32">
            <wcet number="0">50</wcet>
            <wcet number="1">130</wcet>
            <maxpow number="0.4967333010601529"/>
            <maxpow number="0.4967333010601529"/>
            <fprob>0.0</fprob>
        </actor>
        <actor name="D0N22">
            <wcet number="0">110</wcet>
            <wcet number="1">110</wcet>
            <maxpow number="0.43150709086171807"/>
            <maxpow number="0.43150709086171807"/>
            <fprob>0.0</fprob>
        </actor>
        <actor name="D0N5">
            <wcet number="0">10</wcet>
            <wcet number="1">160</wcet>
            <maxpow number="0.499250124070205"/>
            <maxpow number="0.499250124070205"/>
            <fprob>0.0</fprob>
        </actor>
        <actor name="D0N44">
            <wcet number="0">40</wcet>
            <wcet number="1">40</wcet>
            <maxpow number="0.6101540444392716"/>
            <maxpow number="0.6101540444392716"/>
            <fprob>0.0</fprob>
        </actor>
        <actor name="D0N46">
            <wcet number="0">110</wcet>
            <wcet number="1">140</wcet>
            <maxpow number="0.8283989157112619"/>
            <maxpow number="0.8283989157112619"/>
            <fprob>0.0</fprob>
        </actor>
        <actor name="D0N39">
            <wcet number="0">180</wcet>
            <wcet number="1">300</wcet>
            <maxpow number="0.4159875161790675"/>
            <maxpow number="0.4159875161790675"/>
            <fprob>0.0</fprob>
        </actor>
        <actor name="D0N31">
            <wcet number="0">100</wcet>
            <wcet number="1">160</wcet>
            <maxpow number="0.15776075012740293"/>
            <maxpow number="0.15776075012740293"/>
            <fprob>0.0</fprob>
        </actor>
        <actor name="D0N23">
            <wcet number="0">10</wcet>
            <wcet number="1">10</wcet>
            <maxpow number="0.4764679018716181"/>
            <maxpow number="0.4764679018716181"/>
            <fprob>0.0</fprob>
        </actor>
        <actor name="D0N7">
            <wcet number="0">20</wcet>
            <wcet number="1">20</wcet>
            <maxpow number="0.5472494547318865"/>
            <maxpow number="0.5472494547318865"/>
            <fprob>0.0</fprob>
        </actor>
        <actor name="D0N11">
            <wcet number="0">40</wcet>
            <wcet number="1">40</wcet>
            <maxpow number="0.47485731028471345"/>
            <maxpow number="0.47485731028471345"/>
            <fprob>0.0</fprob>
        </actor>
        <actor name="D0N41">
            <wcet number="0">40</wcet>
            <wcet number="1">40</wcet>
            <maxpow number="0.40161768103887596"/>
            <maxpow number="0.40161768103887596"/>
            <fprob>0.0</fprob>
        </actor>
        <actor name="D0N34">
            <wcet number="0">60</wcet>
            <wcet number="1">110</wcet>
            <maxpow number="0.47722082431950846"/>
            <maxpow number="0.47722082431950846"/>
            <fprob>0.0</fprob>
        </actor>
        <actor name="D0N45">
            <wcet number="0">30</wcet>
            <wcet number="1">40</wcet>
            <maxpow number="0.7715417002683284"/>
            <maxpow number="0.7715417002683284"/>
            <fprob>0.0</fprob>
        </actor>
        <actor name="D0N19">
            <wcet number="0">20</wcet>
            <wcet number="1">40</wcet>
            <maxpow number="0.7773004059628656"/>
            <maxpow number="0.7773004059628656"/>
            <fprob>0.0</fprob>
        </actor>
        <actor name="D0N10">
            <wcet number="0">50</wcet>
            <wcet number="1">50</wcet>
            <maxpow number="0.647091441435391"/>
            <maxpow number="0.647091441435391"/>
            <fprob>0.0</fprob>
        </actor>
        <actor name="D0N28">
            <wcet number="0">20</wcet>
            <wcet number="1">30</wcet>
            <maxpow number="0.7581879320208041"/>
            <maxpow number="0.7581879320208041"/>
            <fprob>0.0</fprob>
        </actor>
        <actor name="D0N40">
            <wcet number="0">10</wcet>
            <wcet number="1">20</wcet>
            <maxpow number="0.5734601496503527"/>
            <maxpow number="0.5734601496503527"/>
            <fprob>0.0</fprob>
        </actor>
        <actor name="D0N4">
            <wcet number="0">210</wcet>
            <wcet number="1">210</wcet>
            <maxpow number="0.6401839059139075"/>
            <maxpow number="0.6401839059139075"/>
            <fprob>0.0</fprob>
        </actor>
        <actor name="D0N17">
            <wcet number="0">10</wcet>
            <wcet number="1">60</wcet>
            <maxpow number="0.584996273493257"/>
            <maxpow number="0.584996273493257"/>
            <fprob>0.0</fprob>
        </actor>
        <ports>
            <port dstActor="D0N33" name="p0" srcActor="D0N27"/>
            <port dstActor="D0N36" name="p1" srcActor="D0N27"/>
            <port dstActor="D0N45" name="p2" srcActor="D0N24"/>
            <port dstActor="D0N37" name="p3" srcActor="D0N24"/>
            <port dstActor="D0N29" name="p4" srcActor="D0N24"/>
            <port dstActor="D0N39" name="p5" srcActor="D0N24"/>
            <port dstActor="D0N43" name="p6" srcActor="D0N24"/>
            <port dstActor="D0N31" name="p7" srcActor="D0N24"/>
            <port dstActor="D0N42" name="p8" srcActor="D0N25"/>
            <port dstActor="D0N38" name="p9" srcActor="D0N25"/>
            <port dstActor="D0N33" name="p10" srcActor="D0N26"/>
            <port dstActor="D0N30" name="p11" srcActor="D0N1"/>
            <port dstActor="D0N3" name="p12" srcActor="D0N1"/>
            <port dstActor="D0N18" name="p13" srcActor="D0N1"/>
            <port dstActor="D0N34" name="p14" srcActor="D0N1"/>
            <port dstActor="D0N38" name="p15" srcActor="D0N36"/>
            <port dstActor="D0N44" name="p16" srcActor="D0N36"/>
            <port dstActor="D0N44" name="p17" srcActor="D0N0"/>
            <port dstActor="D0N2" name="p18" srcActor="D0N0"/>
            <port dstActor="D0N37" name="p19" srcActor="D0N0"/>
            <port dstActor="D0N34" name="p20" srcActor="D0N33"/>
            <port dstActor="D0N45" name="p21" srcActor="D0N33"/>
            <port dstActor="D0N46" name="p22" srcActor="D0N33"/>
            <port dstActor="D0N14" name="p23" srcActor="D0N2"/>
            <port dstActor="D0N26" name="p24" srcActor="D0N2"/>
            <port dstActor="D0N24" name="p25" srcActor="D0N2"/>
            <port dstActor="D0N42" name="p26" srcActor="D0N2"/>
            <port dstActor="D0N35" name="p27" srcActor="D0N16"/>
            <port dstActor="D0N42" name="p28" srcActor="D0N16"/>
            <port dstActor="D0N43" name="p29" srcActor="D0N16"/>
            <port dstActor="D0N26" name="p30" srcActor="D0N13"/>
            <port dstActor="D0N23" name="p31" srcActor="D0N13"/>
            <port dstActor="D0N14" name="p32" srcActor="D0N13"/>
            <port dstActor="D0N27" name="p33" srcActor="D0N13"/>
            <port dstActor="D0N24" name="p34" srcActor="D0N21"/>
            <port dstActor="D0N27" name="p35" srcActor="D0N21"/>
            <port dstActor="D0N44" name="p36" srcActor="D0N38"/>
            <port dstActor="D0N46" name="p37" srcActor="D0N38"/>
            <port dstActor="D0N43" name="p38" srcActor="D0N8"/>
            <port dstActor="D0N19" name="p39" srcActor="D0N12"/>
            <port dstActor="D0N38" name="p40" srcActor="D0N12"/>
            <port dstActor="D0N34" name="p41" srcActor="D0N9"/>
            <port dstActor="D0N33" name="p42" srcActor="D0N30"/>
            <port dstActor="D0N40" name="p43" srcActor="D0N18"/>
            <port dstActor="D0N19" name="p44" srcActor="D0N18"/>
            <port dstActor="D0N45" name="p45" srcActor="D0N15"/>
            <port dstActor="D0N23" name="p46" srcActor="D0N15"/>
            <port dstActor="D0N28" name="p47" srcActor="D0N20"/>
            <port dstActor="D0N42" name="p48" srcActor="D0N29"/>
            <port dstActor="D0N46" name="p49" srcActor="D0N29"/>
            <port dstActor="D0N27" name="p50" srcActor="D0N6"/>
            <port dstActor="D0N30" name="p51" srcActor="D0N6"/>
            <port dstActor="D0N29" name="p52" srcActor="D0N6"/>
            <port dstActor="D0N33" name="p53" srcActor="D0N6"/>
            <port dstActor="D0N36" name="p54" srcActor="D0N14"/>
            <port dstActor="D0N32" name="p55" srcActor="D0N3"/>
            <port dstActor="D0N4" name="p56" srcActor="D0N3"/>
            <port dstActor="D0N9" name="p57" srcActor="D0N3"/>
            <port dstActor="D0N14" name="p58" srcActor="D0N3"/>
            <port dstActor="D0N47" name="p59" srcActor="D0N3"/>
            <port dstActor="D0N36" name="p60" srcActor="D0N32"/>
            <port dstActor="D0N25" name="p61" srcActor="D0N22"/>
            <port dstActor="D0N31" name="p62" srcActor="D0N22"/>
            <port dstActor="D0N27" name="p63" srcActor="D0N22"/>
            <port dstActor="D0N39" name="p64" srcActor="D0N22"/>
            <port dstActor="D0N23" name="p65" srcActor="D0N22"/>
            <port dstActor="D0N29" name="p66" srcActor="D0N22"/>
            <port dstActor="D0N33" name="p67" srcActor="D0N5"/>
            <port dstActor="D0N25" name="p68" srcActor="D0N5"/>
            <port dstActor="D0N29" name="p69" srcActor="D0N5"/>
            <port dstActor="D0N46" name="p70" srcActor="D0N44"/>
            <port dstActor="D0N47" name="p71" srcActor="D0N39"/>
            <port dstActor="D0N47" name="p72" srcActor="D0N31"/>
            <port dstActor="D0N40" name="p73" srcActor="D0N31"/>
            <port dstActor="D0N42" name="p74" srcActor="D0N31"/>
            <port dstActor="D0N41" name="p75" srcActor="D0N23"/>
            <port dstActor="D0N47" name="p76" srcActor="D0N23"/>
            <port dstActor="D0N27" name="p77" srcActor="D0N23"/>
            <port dstActor="D0N25" name="p78" srcActor="D0N7"/>
            <port dstActor="D0N43" name="p79" srcActor="D0N7"/>
            <port dstActor="D0N19" name="p80" srcActor="D0N7"/>
            <port dstActor="D0N44" name="p81" srcActor="D0N7"/>
            <port dstActor="D0N21" name="p82" srcActor="D0N7"/>
            <port dstActor="D0N18" name="p83" srcActor="D0N11"/>
            <port dstActor="D0N42" name="p84" srcActor="D0N11"/>
            <port dstActor="D0N43" name="p85" srcActor="D0N41"/>
            <port dstActor="D0N33" name="p86" srcActor="D0N19"/>
            <port dstActor="D0N42" name="p87" srcActor="D0N19"/>
            <port dstActor="D0N22" name="p88" srcActor="D0N19"/>
            <port dstActor="D0N31" name="p89" srcActor="D0N19"/>
            <port dstActor="D0N47" name="p90" srcActor="D0N10"/>
            <port dstActor="D0N35" name="p91" srcActor="D0N10"/>
            <port dstActor="D0N40" name="p92" srcActor="D0N10"/>
            <port dstActor="D0N11" name="p93" srcActor="D0N10"/>
            <port dstActor="D0N33" name="p94" srcActor="D0N10"/>
            <port dstActor="D0N45" name="p95" srcActor="D0N40"/>
            <port dstActor="D0N6" name="p96" srcActor="D0N4"/>
            <port dstActor="D0N22" name="p97" srcActor="D0N17"/>
            <port dstActor="D0N37" name="p98" srcActor="D0N17"/>
        </ports>
    </mcdag>
    <cores number="3"/>
    <levels number="2"/>
</mcsystem>
