<?xml version="1.0" encoding="UTF-8" standalone="no"?>
<mcsystem>
    <mcdag deadline="1500" name="genned-0-ed-10.0-0">
        <actor name="D0N32">
            <wcet number="0">70</wcet>
            <wcet number="1">110</wcet>
            <maxpow number="0.3486841704961366"/>
            <maxpow number="0.3486841704961366"/>
            <fprob>0.0</fprob>
        </actor>
        <actor name="D0N39">
            <wcet number="0">40</wcet>
            <wcet number="1">40</wcet>
            <maxpow number="0.5433769056871611"/>
            <maxpow number="0.5433769056871611"/>
            <fprob>0.0</fprob>
        </actor>
        <actor name="D0N12">
            <wcet number="0">50</wcet>
            <wcet number="1">60</wcet>
            <maxpow number="0.7718247848206923"/>
            <maxpow number="0.7718247848206923"/>
            <fprob>0.0</fprob>
        </actor>
        <actor name="D0N15">
            <wcet number="0">40</wcet>
            <wcet number="1">90</wcet>
            <maxpow number="0.06822808934895308"/>
            <maxpow number="0.06822808934895308"/>
            <fprob>0.0</fprob>
        </actor>
        <actor name="D0N3">
            <wcet number="0">20</wcet>
            <wcet number="1">40</wcet>
            <maxpow number="0.4521831571024769"/>
            <maxpow number="0.4521831571024769"/>
            <fprob>0.0</fprob>
        </actor>
        <actor name="D0N17">
            <wcet number="0">30</wcet>
            <wcet number="1">30</wcet>
            <maxpow number="0.3122173964773656"/>
            <maxpow number="0.3122173964773656"/>
            <fprob>0.0</fprob>
        </actor>
        <actor name="D0N1">
            <wcet number="0">10</wcet>
            <wcet number="1">10</wcet>
            <maxpow number="0.48879404951755434"/>
            <maxpow number="0.48879404951755434"/>
            <fprob>0.0</fprob>
        </actor>
        <actor name="D0N38">
            <wcet number="0">10</wcet>
            <wcet number="1">10</wcet>
            <maxpow number="0.3507477879784039"/>
            <maxpow number="0.3507477879784039"/>
            <fprob>0.0</fprob>
        </actor>
        <actor name="D0N44">
            <wcet number="0">80</wcet>
            <wcet number="1">80</wcet>
            <maxpow number="0.7996309503048548"/>
            <maxpow number="0.7996309503048548"/>
            <fprob>0.0</fprob>
        </actor>
        <actor name="D0N22">
            <wcet number="0">10</wcet>
            <wcet number="1">10</wcet>
            <maxpow number="0.6334562860387278"/>
            <maxpow number="0.6334562860387278"/>
            <fprob>0.0</fprob>
        </actor>
        <actor name="D0N29">
            <wcet number="0">90</wcet>
            <wcet number="1">90</wcet>
            <maxpow number="0.6678275820502956"/>
            <maxpow number="0.6678275820502956"/>
            <fprob>0.0</fprob>
        </actor>
        <actor name="D0N6">
            <wcet number="0">30</wcet>
            <wcet number="1">80</wcet>
            <maxpow number="0.4364167883129016"/>
            <maxpow number="0.4364167883129016"/>
            <fprob>0.0</fprob>
        </actor>
        <actor name="D0N45">
            <wcet number="0">30</wcet>
            <wcet number="1">30</wcet>
            <maxpow number="0.4763898110569461"/>
            <maxpow number="0.4763898110569461"/>
            <fprob>0.0</fprob>
        </actor>
        <actor name="D0N21">
            <wcet number="0">40</wcet>
            <wcet number="1">140</wcet>
            <maxpow number="0.523068940744284"/>
            <maxpow number="0.523068940744284"/>
            <fprob>0.0</fprob>
        </actor>
        <actor name="D0N24">
            <wcet number="0">10</wcet>
            <wcet number="1">20</wcet>
            <maxpow number="0.5945975017220352"/>
            <maxpow number="0.5945975017220352"/>
            <fprob>0.0</fprob>
        </actor>
        <actor name="D0N2">
            <wcet number="0">10</wcet>
            <wcet number="1">10</wcet>
            <maxpow number="0.35162382933951675"/>
            <maxpow number="0.35162382933951675"/>
            <fprob>0.0</fprob>
        </actor>
        <actor name="D0N4">
            <wcet number="0">50</wcet>
            <wcet number="1">50</wcet>
            <maxpow number="0.47229999123550287"/>
            <maxpow number="0.47229999123550287"/>
            <fprob>0.0</fprob>
        </actor>
        <actor name="D0N35">
            <wcet number="0">110</wcet>
            <wcet number="1">170</wcet>
            <maxpow number="0.7230118655165207"/>
            <maxpow number="0.7230118655165207"/>
            <fprob>0.0</fprob>
        </actor>
        <actor name="D0N26">
            <wcet number="0">10</wcet>
            <wcet number="1">20</wcet>
            <maxpow number="0.4381886126057369"/>
            <maxpow number="0.4381886126057369"/>
            <fprob>0.0</fprob>
        </actor>
        <actor name="D0N0">
            <wcet number="0">30</wcet>
            <wcet number="1">40</wcet>
            <maxpow number="0.4597985869270296"/>
            <maxpow number="0.4597985869270296"/>
            <fprob>0.0</fprob>
        </actor>
        <actor name="D0N23">
            <wcet number="0">10</wcet>
            <wcet number="1">50</wcet>
            <maxpow number="0.44864707047804564"/>
            <maxpow number="0.44864707047804564"/>
            <fprob>0.0</fprob>
        </actor>
        <actor name="D0N42">
            <wcet number="0">10</wcet>
            <wcet number="1">80</wcet>
            <maxpow number="0.43720083403189763"/>
            <maxpow number="0.43720083403189763"/>
            <fprob>0.0</fprob>
        </actor>
        <actor name="D0N25">
            <wcet number="0">10</wcet>
            <wcet number="1">10</wcet>
            <maxpow number="0.6036924011428471"/>
            <maxpow number="0.6036924011428471"/>
            <fprob>0.0</fprob>
        </actor>
        <actor name="D0N20">
            <wcet number="0">40</wcet>
            <wcet number="1">60</wcet>
            <maxpow number="0.6880821191522412"/>
            <maxpow number="0.6880821191522412"/>
            <fprob>0.0</fprob>
        </actor>
        <actor name="D0N11">
            <wcet number="0">10</wcet>
            <wcet number="1">30</wcet>
            <maxpow number="0.6419868807674528"/>
            <maxpow number="0.6419868807674528"/>
            <fprob>0.0</fprob>
        </actor>
        <actor name="D0N43">
            <wcet number="0">10</wcet>
            <wcet number="1">10</wcet>
            <maxpow number="0.5698205983482413"/>
            <maxpow number="0.5698205983482413"/>
            <fprob>0.0</fprob>
        </actor>
        <actor name="D0N33">
            <wcet number="0">10</wcet>
            <wcet number="1">10</wcet>
            <maxpow number="0.7071122235281893"/>
            <maxpow number="0.7071122235281893"/>
            <fprob>0.0</fprob>
        </actor>
        <actor name="D0N46">
            <wcet number="0">10</wcet>
            <wcet number="1">10</wcet>
            <maxpow number="0.6990296048205922"/>
            <maxpow number="0.6990296048205922"/>
            <fprob>0.0</fprob>
        </actor>
        <actor name="D0N30">
            <wcet number="0">20</wcet>
            <wcet number="1">20</wcet>
            <maxpow number="0.37459794376123967"/>
            <maxpow number="0.37459794376123967"/>
            <fprob>0.0</fprob>
        </actor>
        <actor name="D0N34">
            <wcet number="0">100</wcet>
            <wcet number="1">100</wcet>
            <maxpow number="0.4805066195394746"/>
            <maxpow number="0.4805066195394746"/>
            <fprob>0.0</fprob>
        </actor>
        <actor name="D0N7">
            <wcet number="0">50</wcet>
            <wcet number="1">180</wcet>
            <maxpow number="0.6332536425428898"/>
            <maxpow number="0.6332536425428898"/>
            <fprob>0.0</fprob>
        </actor>
        <actor name="D0N10">
            <wcet number="0">40</wcet>
            <wcet number="1">60</wcet>
            <maxpow number="0.5571382472757379"/>
            <maxpow number="0.5571382472757379"/>
            <fprob>0.0</fprob>
        </actor>
        <actor name="D0N36">
            <wcet number="0">10</wcet>
            <wcet number="1">20</wcet>
            <maxpow number="0.4250178497299291"/>
            <maxpow number="0.4250178497299291"/>
            <fprob>0.0</fprob>
        </actor>
        <actor name="D0N41">
            <wcet number="0">160</wcet>
            <wcet number="1">240</wcet>
            <maxpow number="0.3431651923381999"/>
            <maxpow number="0.3431651923381999"/>
            <fprob>0.0</fprob>
        </actor>
        <actor name="D0N19">
            <wcet number="0">20</wcet>
            <wcet number="1">20</wcet>
            <maxpow number="0.45857239241765513"/>
            <maxpow number="0.45857239241765513"/>
            <fprob>0.0</fprob>
        </actor>
        <actor name="D0N37">
            <wcet number="0">90</wcet>
            <wcet number="1">90</wcet>
            <maxpow number="0.492438954270882"/>
            <maxpow number="0.492438954270882"/>
            <fprob>0.0</fprob>
        </actor>
        <actor name="D0N16">
            <wcet number="0">50</wcet>
            <wcet number="1">90</wcet>
            <maxpow number="0.615446161463556"/>
            <maxpow number="0.615446161463556"/>
            <fprob>0.0</fprob>
        </actor>
        <actor name="D0N28">
            <wcet number="0">100</wcet>
            <wcet number="1">130</wcet>
            <maxpow number="0.3374045658598782"/>
            <maxpow number="0.3374045658598782"/>
            <fprob>0.0</fprob>
        </actor>
        <actor name="D0N8">
            <wcet number="0">160</wcet>
            <wcet number="1">220</wcet>
            <maxpow number="0.8237762152628945"/>
            <maxpow number="0.8237762152628945"/>
            <fprob>0.0</fprob>
        </actor>
        <actor name="D0N18">
            <wcet number="0">10</wcet>
            <wcet number="1">10</wcet>
            <maxpow number="0.5954264928150265"/>
            <maxpow number="0.5954264928150265"/>
            <fprob>0.0</fprob>
        </actor>
        <actor name="D0N14">
            <wcet number="0">20</wcet>
            <wcet number="1">140</wcet>
            <maxpow number="0.2904729890350916"/>
            <maxpow number="0.2904729890350916"/>
            <fprob>0.0</fprob>
        </actor>
        <actor name="D0N27">
            <wcet number="0">10</wcet>
            <wcet number="1">30</wcet>
            <maxpow number="0.4118636835675873"/>
            <maxpow number="0.4118636835675873"/>
            <fprob>0.0</fprob>
        </actor>
        <actor name="D0N5">
            <wcet number="0">10</wcet>
            <wcet number="1">50</wcet>
            <maxpow number="0.5231419075162073"/>
            <maxpow number="0.5231419075162073"/>
            <fprob>0.0</fprob>
        </actor>
        <actor name="D0N31">
            <wcet number="0">10</wcet>
            <wcet number="1">60</wcet>
            <maxpow number="0.3404274080408868"/>
            <maxpow number="0.3404274080408868"/>
            <fprob>0.0</fprob>
        </actor>
        <actor name="D0N13">
            <wcet number="0">40</wcet>
            <wcet number="1">60</wcet>
            <maxpow number="0.5221710593185529"/>
            <maxpow number="0.5221710593185529"/>
            <fprob>0.0</fprob>
        </actor>
        <actor name="D0N9">
            <wcet number="0">30</wcet>
            <wcet number="1">150</wcet>
            <maxpow number="0.5302588788158767"/>
            <maxpow number="0.5302588788158767"/>
            <fprob>0.0</fprob>
        </actor>
        <actor name="D0N40">
            <wcet number="0">20</wcet>
            <wcet number="1">90</wcet>
            <maxpow number="0.5638448507216723"/>
            <maxpow number="0.5638448507216723"/>
            <fprob>0.0</fprob>
        </actor>
        <ports>
            <port dstActor="D0N33" name="p0" srcActor="D0N32"/>
            <port dstActor="D0N46" name="p1" srcActor="D0N39"/>
            <port dstActor="D0N40" name="p2" srcActor="D0N12"/>
            <port dstActor="D0N16" name="p3" srcActor="D0N12"/>
            <port dstActor="D0N20" name="p4" srcActor="D0N12"/>
            <port dstActor="D0N46" name="p5" srcActor="D0N12"/>
            <port dstActor="D0N26" name="p6" srcActor="D0N12"/>
            <port dstActor="D0N44" name="p7" srcActor="D0N12"/>
            <port dstActor="D0N29" name="p8" srcActor="D0N15"/>
            <port dstActor="D0N39" name="p9" srcActor="D0N15"/>
            <port dstActor="D0N19" name="p10" srcActor="D0N3"/>
            <port dstActor="D0N46" name="p11" srcActor="D0N3"/>
            <port dstActor="D0N31" name="p12" srcActor="D0N3"/>
            <port dstActor="D0N43" name="p13" srcActor="D0N3"/>
            <port dstActor="D0N23" name="p14" srcActor="D0N17"/>
            <port dstActor="D0N32" name="p15" srcActor="D0N17"/>
            <port dstActor="D0N20" name="p16" srcActor="D0N17"/>
            <port dstActor="D0N37" name="p17" srcActor="D0N17"/>
            <port dstActor="D0N43" name="p18" srcActor="D0N17"/>
            <port dstActor="D0N21" name="p19" srcActor="D0N17"/>
            <port dstActor="D0N33" name="p20" srcActor="D0N17"/>
            <port dstActor="D0N41" name="p21" srcActor="D0N1"/>
            <port dstActor="D0N42" name="p22" srcActor="D0N38"/>
            <port dstActor="D0N43" name="p23" srcActor="D0N22"/>
            <port dstActor="D0N36" name="p24" srcActor="D0N22"/>
            <port dstActor="D0N33" name="p25" srcActor="D0N22"/>
            <port dstActor="D0N32" name="p26" srcActor="D0N29"/>
            <port dstActor="D0N24" name="p27" srcActor="D0N6"/>
            <port dstActor="D0N41" name="p28" srcActor="D0N6"/>
            <port dstActor="D0N46" name="p29" srcActor="D0N6"/>
            <port dstActor="D0N16" name="p30" srcActor="D0N6"/>
            <port dstActor="D0N41" name="p31" srcActor="D0N21"/>
            <port dstActor="D0N23" name="p32" srcActor="D0N21"/>
            <port dstActor="D0N43" name="p33" srcActor="D0N24"/>
            <port dstActor="D0N41" name="p34" srcActor="D0N24"/>
            <port dstActor="D0N31" name="p35" srcActor="D0N24"/>
            <port dstActor="D0N27" name="p36" srcActor="D0N2"/>
            <port dstActor="D0N5" name="p37" srcActor="D0N2"/>
            <port dstActor="D0N6" name="p38" srcActor="D0N2"/>
            <port dstActor="D0N8" name="p39" srcActor="D0N2"/>
            <port dstActor="D0N25" name="p40" srcActor="D0N4"/>
            <port dstActor="D0N19" name="p41" srcActor="D0N4"/>
            <port dstActor="D0N29" name="p42" srcActor="D0N4"/>
            <port dstActor="D0N15" name="p43" srcActor="D0N4"/>
            <port dstActor="D0N11" name="p44" srcActor="D0N4"/>
            <port dstActor="D0N45" name="p45" srcActor="D0N35"/>
            <port dstActor="D0N40" name="p46" srcActor="D0N26"/>
            <port dstActor="D0N34" name="p47" srcActor="D0N26"/>
            <port dstActor="D0N40" name="p48" srcActor="D0N0"/>
            <port dstActor="D0N9" name="p49" srcActor="D0N0"/>
            <port dstActor="D0N29" name="p50" srcActor="D0N25"/>
            <port dstActor="D0N34" name="p51" srcActor="D0N25"/>
            <port dstActor="D0N45" name="p52" srcActor="D0N25"/>
            <port dstActor="D0N31" name="p53" srcActor="D0N25"/>
            <port dstActor="D0N42" name="p54" srcActor="D0N11"/>
            <port dstActor="D0N34" name="p55" srcActor="D0N33"/>
            <port dstActor="D0N37" name="p56" srcActor="D0N33"/>
            <port dstActor="D0N43" name="p57" srcActor="D0N30"/>
            <port dstActor="D0N35" name="p58" srcActor="D0N30"/>
            <port dstActor="D0N38" name="p59" srcActor="D0N34"/>
            <port dstActor="D0N28" name="p60" srcActor="D0N7"/>
            <port dstActor="D0N9" name="p61" srcActor="D0N7"/>
            <port dstActor="D0N40" name="p62" srcActor="D0N10"/>
            <port dstActor="D0N14" name="p63" srcActor="D0N10"/>
            <port dstActor="D0N23" name="p64" srcActor="D0N10"/>
            <port dstActor="D0N45" name="p65" srcActor="D0N10"/>
            <port dstActor="D0N44" name="p66" srcActor="D0N19"/>
            <port dstActor="D0N41" name="p67" srcActor="D0N37"/>
            <port dstActor="D0N20" name="p68" srcActor="D0N16"/>
            <port dstActor="D0N31" name="p69" srcActor="D0N16"/>
            <port dstActor="D0N46" name="p70" srcActor="D0N28"/>
            <port dstActor="D0N38" name="p71" srcActor="D0N28"/>
            <port dstActor="D0N29" name="p72" srcActor="D0N28"/>
            <port dstActor="D0N31" name="p73" srcActor="D0N8"/>
            <port dstActor="D0N20" name="p74" srcActor="D0N8"/>
            <port dstActor="D0N39" name="p75" srcActor="D0N18"/>
            <port dstActor="D0N25" name="p76" srcActor="D0N18"/>
            <port dstActor="D0N30" name="p77" srcActor="D0N18"/>
            <port dstActor="D0N32" name="p78" srcActor="D0N14"/>
            <port dstActor="D0N35" name="p79" srcActor="D0N27"/>
            <port dstActor="D0N38" name="p80" srcActor="D0N27"/>
            <port dstActor="D0N25" name="p81" srcActor="D0N5"/>
            <port dstActor="D0N40" name="p82" srcActor="D0N5"/>
            <port dstActor="D0N30" name="p83" srcActor="D0N5"/>
            <port dstActor="D0N12" name="p84" srcActor="D0N5"/>
            <port dstActor="D0N45" name="p85" srcActor="D0N5"/>
            <port dstActor="D0N38" name="p86" srcActor="D0N31"/>
            <port dstActor="D0N44" name="p87" srcActor="D0N31"/>
            <port dstActor="D0N41" name="p88" srcActor="D0N31"/>
            <port dstActor="D0N29" name="p89" srcActor="D0N13"/>
            <port dstActor="D0N18" name="p90" srcActor="D0N13"/>
            <port dstActor="D0N21" name="p91" srcActor="D0N13"/>
            <port dstActor="D0N22" name="p92" srcActor="D0N13"/>
            <port dstActor="D0N31" name="p93" srcActor="D0N13"/>
            <port dstActor="D0N32" name="p94" srcActor="D0N9"/>
            <port dstActor="D0N16" name="p95" srcActor="D0N9"/>
            <port dstActor="D0N20" name="p96" srcActor="D0N9"/>
            <port dstActor="D0N36" name="p97" srcActor="D0N9"/>
            <port dstActor="D0N23" name="p98" srcActor="D0N9"/>
        </ports>
    </mcdag>
    <cores number="3"/>
    <levels number="2"/>
</mcsystem>
