<?xml version="1.0" encoding="UTF-8" standalone="no"?>
<mcsystem>
    <mcdag deadline="1000" name="genned-0-ed-10.0-0">
        <actor name="D0N42">
            <wcet number="0">30</wcet>
            <wcet number="1">60</wcet>
            <maxpow number="0.604466789417031"/>
            <maxpow number="0.604466789417031"/>
            <fprob>0.0</fprob>
        </actor>
        <actor name="D0N28">
            <wcet number="0">40</wcet>
            <wcet number="1">40</wcet>
            <maxpow number="0.32777616690381806"/>
            <maxpow number="0.32777616690381806"/>
            <fprob>0.0</fprob>
        </actor>
        <actor name="D0N27">
            <wcet number="0">10</wcet>
            <wcet number="1">10</wcet>
            <maxpow number="0.4213829486762345"/>
            <maxpow number="0.4213829486762345"/>
            <fprob>0.0</fprob>
        </actor>
        <actor name="D0N35">
            <wcet number="0">20</wcet>
            <wcet number="1">30</wcet>
            <maxpow number="0.20004850622624626"/>
            <maxpow number="0.20004850622624626"/>
            <fprob>0.0</fprob>
        </actor>
        <actor name="D0N39">
            <wcet number="0">10</wcet>
            <wcet number="1">10</wcet>
            <maxpow number="0.34997156539489593"/>
            <maxpow number="0.34997156539489593"/>
            <fprob>0.0</fprob>
        </actor>
        <actor name="D0N24">
            <wcet number="0">10</wcet>
            <wcet number="1">10</wcet>
            <maxpow number="0.624010158372967"/>
            <maxpow number="0.624010158372967"/>
            <fprob>0.0</fprob>
        </actor>
        <actor name="D0N8">
            <wcet number="0">20</wcet>
            <wcet number="1">20</wcet>
            <maxpow number="0.6805275527821351"/>
            <maxpow number="0.6805275527821351"/>
            <fprob>0.0</fprob>
        </actor>
        <actor name="D0N22">
            <wcet number="0">10</wcet>
            <wcet number="1">10</wcet>
            <maxpow number="0.39120630866273465"/>
            <maxpow number="0.39120630866273465"/>
            <fprob>0.0</fprob>
        </actor>
        <actor name="D0N10">
            <wcet number="0">20</wcet>
            <wcet number="1">20</wcet>
            <maxpow number="0.7476081963219691"/>
            <maxpow number="0.7476081963219691"/>
            <fprob>0.0</fprob>
        </actor>
        <actor name="D0N9">
            <wcet number="0">140</wcet>
            <wcet number="1">140</wcet>
            <maxpow number="0.22221907134710667"/>
            <maxpow number="0.22221907134710667"/>
            <fprob>0.0</fprob>
        </actor>
        <actor name="D0N31">
            <wcet number="0">10</wcet>
            <wcet number="1">10</wcet>
            <maxpow number="0.7282357021120704"/>
            <maxpow number="0.7282357021120704"/>
            <fprob>0.0</fprob>
        </actor>
        <actor name="D0N2">
            <wcet number="0">70</wcet>
            <wcet number="1">90</wcet>
            <maxpow number="0.36961974897759275"/>
            <maxpow number="0.36961974897759275"/>
            <fprob>0.0</fprob>
        </actor>
        <actor name="D0N4">
            <wcet number="0">20</wcet>
            <wcet number="1">40</wcet>
            <maxpow number="0.5237764013536644"/>
            <maxpow number="0.5237764013536644"/>
            <fprob>0.0</fprob>
        </actor>
        <actor name="D0N25">
            <wcet number="0">80</wcet>
            <wcet number="1">90</wcet>
            <maxpow number="0.5340198016001384"/>
            <maxpow number="0.5340198016001384"/>
            <fprob>0.0</fprob>
        </actor>
        <actor name="D0N19">
            <wcet number="0">20</wcet>
            <wcet number="1">30</wcet>
            <maxpow number="0.2740445217947122"/>
            <maxpow number="0.2740445217947122"/>
            <fprob>0.0</fprob>
        </actor>
        <actor name="D0N32">
            <wcet number="0">30</wcet>
            <wcet number="1">40</wcet>
            <maxpow number="0.6719007913581175"/>
            <maxpow number="0.6719007913581175"/>
            <fprob>0.0</fprob>
        </actor>
        <actor name="D0N37">
            <wcet number="0">10</wcet>
            <wcet number="1">20</wcet>
            <maxpow number="0.10118865542371402"/>
            <maxpow number="0.10118865542371402"/>
            <fprob>0.0</fprob>
        </actor>
        <actor name="D0N45">
            <wcet number="0">20</wcet>
            <wcet number="1">20</wcet>
            <maxpow number="0.47683824808212666"/>
            <maxpow number="0.47683824808212666"/>
            <fprob>0.0</fprob>
        </actor>
        <actor name="D0N20">
            <wcet number="0">10</wcet>
            <wcet number="1">30</wcet>
            <maxpow number="0.7045459092689438"/>
            <maxpow number="0.7045459092689438"/>
            <fprob>0.0</fprob>
        </actor>
        <actor name="D0N13">
            <wcet number="0">20</wcet>
            <wcet number="1">20</wcet>
            <maxpow number="0.6815428400025145"/>
            <maxpow number="0.6815428400025145"/>
            <fprob>0.0</fprob>
        </actor>
        <actor name="D0N21">
            <wcet number="0">10</wcet>
            <wcet number="1">10</wcet>
            <maxpow number="0.5517599821345918"/>
            <maxpow number="0.5517599821345918"/>
            <fprob>0.0</fprob>
        </actor>
        <actor name="D0N11">
            <wcet number="0">40</wcet>
            <wcet number="1">40</wcet>
            <maxpow number="0.30861732392178604"/>
            <maxpow number="0.30861732392178604"/>
            <fprob>0.0</fprob>
        </actor>
        <actor name="D0N7">
            <wcet number="0">30</wcet>
            <wcet number="1">30</wcet>
            <maxpow number="0.5107782562991621"/>
            <maxpow number="0.5107782562991621"/>
            <fprob>0.0</fprob>
        </actor>
        <actor name="D0N43">
            <wcet number="0">130</wcet>
            <wcet number="1">150</wcet>
            <maxpow number="0.5828980702455026"/>
            <maxpow number="0.5828980702455026"/>
            <fprob>0.0</fprob>
        </actor>
        <actor name="D0N5">
            <wcet number="0">60</wcet>
            <wcet number="1">60</wcet>
            <maxpow number="0.7082100679380452"/>
            <maxpow number="0.7082100679380452"/>
            <fprob>0.0</fprob>
        </actor>
        <actor name="D0N12">
            <wcet number="0">10</wcet>
            <wcet number="1">40</wcet>
            <maxpow number="0.5547277582659982"/>
            <maxpow number="0.5547277582659982"/>
            <fprob>0.0</fprob>
        </actor>
        <actor name="D0N29">
            <wcet number="0">60</wcet>
            <wcet number="1">110</wcet>
            <maxpow number="0.9839439165897824"/>
            <maxpow number="0.9839439165897824"/>
            <fprob>0.0</fprob>
        </actor>
        <actor name="D0N44">
            <wcet number="0">10</wcet>
            <wcet number="1">20</wcet>
            <maxpow number="0.710317148997882"/>
            <maxpow number="0.710317148997882"/>
            <fprob>0.0</fprob>
        </actor>
        <actor name="D0N36">
            <wcet number="0">10</wcet>
            <wcet number="1">20</wcet>
            <maxpow number="0.5416617832172945"/>
            <maxpow number="0.5416617832172945"/>
            <fprob>0.0</fprob>
        </actor>
        <actor name="D0N14">
            <wcet number="0">40</wcet>
            <wcet number="1">50</wcet>
            <maxpow number="0.5197063659578578"/>
            <maxpow number="0.5197063659578578"/>
            <fprob>0.0</fprob>
        </actor>
        <actor name="D0N3">
            <wcet number="0">10</wcet>
            <wcet number="1">10</wcet>
            <maxpow number="0.5528909160158433"/>
            <maxpow number="0.5528909160158433"/>
            <fprob>0.0</fprob>
        </actor>
        <actor name="D0N33">
            <wcet number="0">10</wcet>
            <wcet number="1">10</wcet>
            <maxpow number="0.6922637666766209"/>
            <maxpow number="0.6922637666766209"/>
            <fprob>0.0</fprob>
        </actor>
        <actor name="D0N34">
            <wcet number="0">10</wcet>
            <wcet number="1">30</wcet>
            <maxpow number="0.33301896018593136"/>
            <maxpow number="0.33301896018593136"/>
            <fprob>0.0</fprob>
        </actor>
        <actor name="D0N41">
            <wcet number="0">20</wcet>
            <wcet number="1">120</wcet>
            <maxpow number="0.5296745271341174"/>
            <maxpow number="0.5296745271341174"/>
            <fprob>0.0</fprob>
        </actor>
        <actor name="D0N23">
            <wcet number="0">40</wcet>
            <wcet number="1">60</wcet>
            <maxpow number="0.6791157220867005"/>
            <maxpow number="0.6791157220867005"/>
            <fprob>0.0</fprob>
        </actor>
        <actor name="D0N15">
            <wcet number="0">10</wcet>
            <wcet number="1">20</wcet>
            <maxpow number="0.41748244959017655"/>
            <maxpow number="0.41748244959017655"/>
            <fprob>0.0</fprob>
        </actor>
        <actor name="D0N18">
            <wcet number="0">70</wcet>
            <wcet number="1">90</wcet>
            <maxpow number="1.0135626440566656"/>
            <maxpow number="1.0135626440566656"/>
            <fprob>0.0</fprob>
        </actor>
        <actor name="D0N1">
            <wcet number="0">10</wcet>
            <wcet number="1">10</wcet>
            <maxpow number="0.4971527204547582"/>
            <maxpow number="0.4971527204547582"/>
            <fprob>0.0</fprob>
        </actor>
        <actor name="D0N46">
            <wcet number="0">50</wcet>
            <wcet number="1">50</wcet>
            <maxpow number="0.5031258648147126"/>
            <maxpow number="0.5031258648147126"/>
            <fprob>0.0</fprob>
        </actor>
        <actor name="D0N47">
            <wcet number="0">40</wcet>
            <wcet number="1">50</wcet>
            <maxpow number="0.4104669717987083"/>
            <maxpow number="0.4104669717987083"/>
            <fprob>0.0</fprob>
        </actor>
        <actor name="D0N0">
            <wcet number="0">60</wcet>
            <wcet number="1">130</wcet>
            <maxpow number="0.588496845476532"/>
            <maxpow number="0.588496845476532"/>
            <fprob>0.0</fprob>
        </actor>
        <actor name="D0N6">
            <wcet number="0">10</wcet>
            <wcet number="1">10</wcet>
            <maxpow number="0.25016423342694827"/>
            <maxpow number="0.25016423342694827"/>
            <fprob>0.0</fprob>
        </actor>
        <actor name="D0N40">
            <wcet number="0">40</wcet>
            <wcet number="1">50</wcet>
            <maxpow number="0.5534517592722955"/>
            <maxpow number="0.5534517592722955"/>
            <fprob>0.0</fprob>
        </actor>
        <actor name="D0N38">
            <wcet number="0">10</wcet>
            <wcet number="1">20</wcet>
            <maxpow number="0.46744206247148706"/>
            <maxpow number="0.46744206247148706"/>
            <fprob>0.0</fprob>
        </actor>
        <actor name="D0N30">
            <wcet number="0">10</wcet>
            <wcet number="1">20</wcet>
            <maxpow number="0.6603838947194822"/>
            <maxpow number="0.6603838947194822"/>
            <fprob>0.0</fprob>
        </actor>
        <actor name="D0N26">
            <wcet number="0">50</wcet>
            <wcet number="1">60</wcet>
            <maxpow number="0.6853190661389637"/>
            <maxpow number="0.6853190661389637"/>
            <fprob>0.0</fprob>
        </actor>
        <actor name="D0N17">
            <wcet number="0">20</wcet>
            <wcet number="1">20</wcet>
            <maxpow number="0.5507787810260136"/>
            <maxpow number="0.5507787810260136"/>
            <fprob>0.0</fprob>
        </actor>
        <actor name="D0N16">
            <wcet number="0">70</wcet>
            <wcet number="1">70</wcet>
            <maxpow number="0.5858272739002452"/>
            <maxpow number="0.5858272739002452"/>
            <fprob>0.0</fprob>
        </actor>
        <ports>
            <port dstActor="D0N40" name="p0" srcActor="D0N27"/>
            <port dstActor="D0N45" name="p1" srcActor="D0N27"/>
            <port dstActor="D0N43" name="p2" srcActor="D0N35"/>
            <port dstActor="D0N47" name="p3" srcActor="D0N35"/>
            <port dstActor="D0N46" name="p4" srcActor="D0N35"/>
            <port dstActor="D0N44" name="p5" srcActor="D0N35"/>
            <port dstActor="D0N25" name="p6" srcActor="D0N24"/>
            <port dstActor="D0N29" name="p7" srcActor="D0N24"/>
            <port dstActor="D0N45" name="p8" srcActor="D0N24"/>
            <port dstActor="D0N13" name="p9" srcActor="D0N8"/>
            <port dstActor="D0N20" name="p10" srcActor="D0N8"/>
            <port dstActor="D0N22" name="p11" srcActor="D0N8"/>
            <port dstActor="D0N28" name="p12" srcActor="D0N22"/>
            <port dstActor="D0N41" name="p13" srcActor="D0N22"/>
            <port dstActor="D0N36" name="p14" srcActor="D0N22"/>
            <port dstActor="D0N37" name="p15" srcActor="D0N22"/>
            <port dstActor="D0N23" name="p16" srcActor="D0N10"/>
            <port dstActor="D0N11" name="p17" srcActor="D0N10"/>
            <port dstActor="D0N45" name="p18" srcActor="D0N10"/>
            <port dstActor="D0N47" name="p19" srcActor="D0N10"/>
            <port dstActor="D0N26" name="p20" srcActor="D0N10"/>
            <port dstActor="D0N19" name="p21" srcActor="D0N9"/>
            <port dstActor="D0N14" name="p22" srcActor="D0N9"/>
            <port dstActor="D0N32" name="p23" srcActor="D0N9"/>
            <port dstActor="D0N16" name="p24" srcActor="D0N9"/>
            <port dstActor="D0N37" name="p25" srcActor="D0N31"/>
            <port dstActor="D0N32" name="p26" srcActor="D0N31"/>
            <port dstActor="D0N40" name="p27" srcActor="D0N2"/>
            <port dstActor="D0N32" name="p28" srcActor="D0N4"/>
            <port dstActor="D0N10" name="p29" srcActor="D0N4"/>
            <port dstActor="D0N39" name="p30" srcActor="D0N4"/>
            <port dstActor="D0N41" name="p31" srcActor="D0N25"/>
            <port dstActor="D0N39" name="p32" srcActor="D0N25"/>
            <port dstActor="D0N28" name="p33" srcActor="D0N25"/>
            <port dstActor="D0N42" name="p34" srcActor="D0N25"/>
            <port dstActor="D0N45" name="p35" srcActor="D0N19"/>
            <port dstActor="D0N42" name="p36" srcActor="D0N19"/>
            <port dstActor="D0N44" name="p37" srcActor="D0N19"/>
            <port dstActor="D0N36" name="p38" srcActor="D0N19"/>
            <port dstActor="D0N43" name="p39" srcActor="D0N19"/>
            <port dstActor="D0N38" name="p40" srcActor="D0N32"/>
            <port dstActor="D0N41" name="p41" srcActor="D0N32"/>
            <port dstActor="D0N43" name="p42" srcActor="D0N32"/>
            <port dstActor="D0N42" name="p43" srcActor="D0N37"/>
            <port dstActor="D0N47" name="p44" srcActor="D0N45"/>
            <port dstActor="D0N23" name="p45" srcActor="D0N20"/>
            <port dstActor="D0N36" name="p46" srcActor="D0N20"/>
            <port dstActor="D0N33" name="p47" srcActor="D0N13"/>
            <port dstActor="D0N41" name="p48" srcActor="D0N13"/>
            <port dstActor="D0N18" name="p49" srcActor="D0N13"/>
            <port dstActor="D0N23" name="p50" srcActor="D0N13"/>
            <port dstActor="D0N35" name="p51" srcActor="D0N13"/>
            <port dstActor="D0N42" name="p52" srcActor="D0N21"/>
            <port dstActor="D0N19" name="p53" srcActor="D0N11"/>
            <port dstActor="D0N37" name="p54" srcActor="D0N11"/>
            <port dstActor="D0N17" name="p55" srcActor="D0N11"/>
            <port dstActor="D0N38" name="p56" srcActor="D0N7"/>
            <port dstActor="D0N39" name="p57" srcActor="D0N7"/>
            <port dstActor="D0N19" name="p58" srcActor="D0N7"/>
            <port dstActor="D0N30" name="p59" srcActor="D0N7"/>
            <port dstActor="D0N19" name="p60" srcActor="D0N5"/>
            <port dstActor="D0N28" name="p61" srcActor="D0N5"/>
            <port dstActor="D0N30" name="p62" srcActor="D0N5"/>
            <port dstActor="D0N15" name="p63" srcActor="D0N5"/>
            <port dstActor="D0N27" name="p64" srcActor="D0N12"/>
            <port dstActor="D0N40" name="p65" srcActor="D0N12"/>
            <port dstActor="D0N18" name="p66" srcActor="D0N12"/>
            <port dstActor="D0N46" name="p67" srcActor="D0N29"/>
            <port dstActor="D0N44" name="p68" srcActor="D0N29"/>
            <port dstActor="D0N41" name="p69" srcActor="D0N29"/>
            <port dstActor="D0N42" name="p70" srcActor="D0N29"/>
            <port dstActor="D0N45" name="p71" srcActor="D0N14"/>
            <port dstActor="D0N30" name="p72" srcActor="D0N14"/>
            <port dstActor="D0N33" name="p73" srcActor="D0N3"/>
            <port dstActor="D0N44" name="p74" srcActor="D0N3"/>
            <port dstActor="D0N46" name="p75" srcActor="D0N33"/>
            <port dstActor="D0N29" name="p76" srcActor="D0N23"/>
            <port dstActor="D0N43" name="p77" srcActor="D0N23"/>
            <port dstActor="D0N22" name="p78" srcActor="D0N15"/>
            <port dstActor="D0N27" name="p79" srcActor="D0N18"/>
            <port dstActor="D0N47" name="p80" srcActor="D0N18"/>
            <port dstActor="D0N37" name="p81" srcActor="D0N18"/>
            <port dstActor="D0N30" name="p82" srcActor="D0N18"/>
            <port dstActor="D0N31" name="p83" srcActor="D0N18"/>
            <port dstActor="D0N34" name="p84" srcActor="D0N1"/>
            <port dstActor="D0N23" name="p85" srcActor="D0N1"/>
            <port dstActor="D0N46" name="p86" srcActor="D0N1"/>
            <port dstActor="D0N33" name="p87" srcActor="D0N1"/>
            <port dstActor="D0N5" name="p88" srcActor="D0N0"/>
            <port dstActor="D0N38" name="p89" srcActor="D0N0"/>
            <port dstActor="D0N42" name="p90" srcActor="D0N0"/>
            <port dstActor="D0N1" name="p91" srcActor="D0N0"/>
            <port dstActor="D0N35" name="p92" srcActor="D0N0"/>
            <port dstActor="D0N15" name="p93" srcActor="D0N0"/>
            <port dstActor="D0N22" name="p94" srcActor="D0N0"/>
            <port dstActor="D0N7" name="p95" srcActor="D0N0"/>
            <port dstActor="D0N28" name="p96" srcActor="D0N6"/>
            <port dstActor="D0N30" name="p97" srcActor="D0N6"/>
            <port dstActor="D0N42" name="p98" srcActor="D0N40"/>
            <port dstActor="D0N44" name="p99" srcActor="D0N40"/>
            <port dstActor="D0N39" name="p100" srcActor="D0N38"/>
            <port dstActor="D0N45" name="p101" srcActor="D0N30"/>
            <port dstActor="D0N31" name="p102" srcActor="D0N30"/>
            <port dstActor="D0N32" name="p103" srcActor="D0N30"/>
            <port dstActor="D0N28" name="p104" srcActor="D0N26"/>
            <port dstActor="D0N41" name="p105" srcActor="D0N26"/>
            <port dstActor="D0N19" name="p106" srcActor="D0N17"/>
            <port dstActor="D0N29" name="p107" srcActor="D0N17"/>
            <port dstActor="D0N36" name="p108" srcActor="D0N16"/>
            <port dstActor="D0N31" name="p109" srcActor="D0N16"/>
            <port dstActor="D0N41" name="p110" srcActor="D0N16"/>
            <port dstActor="D0N20" name="p111" srcActor="D0N16"/>
            <port dstActor="D0N47" name="p112" srcActor="D0N16"/>
            <port dstActor="D0N29" name="p113" srcActor="D0N16"/>
            <port dstActor="D0N30" name="p114" srcActor="D0N16"/>
        </ports>
    </mcdag>
    <cores number="3"/>
    <levels number="2"/>
</mcsystem>
