<?xml version="1.0" encoding="UTF-8" standalone="no"?>
<mcsystem>
    <mcdag deadline="2000" name="genned-0-ed-10.0-0">
        <actor name="D0N42">
            <wcet number="0">20</wcet>
            <wcet number="1">30</wcet>
            <maxpow number="0.2531007702746232"/>
            <maxpow number="0.2531007702746232"/>
            <fprob>0.0</fprob>
        </actor>
        <actor name="D0N31">
            <wcet number="0">10</wcet>
            <wcet number="1">160</wcet>
            <maxpow number="0.7093542770416689"/>
            <maxpow number="0.7093542770416689"/>
            <fprob>0.0</fprob>
        </actor>
        <actor name="D0N40">
            <wcet number="0">30</wcet>
            <wcet number="1">30</wcet>
            <maxpow number="0.4806171675398868"/>
            <maxpow number="0.4806171675398868"/>
            <fprob>0.0</fprob>
        </actor>
        <actor name="D0N10">
            <wcet number="0">40</wcet>
            <wcet number="1">180</wcet>
            <maxpow number="0.5922169779551629"/>
            <maxpow number="0.5922169779551629"/>
            <fprob>0.0</fprob>
        </actor>
        <actor name="D0N19">
            <wcet number="0">10</wcet>
            <wcet number="1">80</wcet>
            <maxpow number="0.8114589680648754"/>
            <maxpow number="0.8114589680648754"/>
            <fprob>0.0</fprob>
        </actor>
        <actor name="D0N36">
            <wcet number="0">40</wcet>
            <wcet number="1">60</wcet>
            <maxpow number="0.660878331108462"/>
            <maxpow number="0.660878331108462"/>
            <fprob>0.0</fprob>
        </actor>
        <actor name="D0N13">
            <wcet number="0">10</wcet>
            <wcet number="1">90</wcet>
            <maxpow number="0.4203588017296065"/>
            <maxpow number="0.4203588017296065"/>
            <fprob>0.0</fprob>
        </actor>
        <actor name="D0N15">
            <wcet number="0">330</wcet>
            <wcet number="1">410</wcet>
            <maxpow number="0.8290001849819549"/>
            <maxpow number="0.8290001849819549"/>
            <fprob>0.0</fprob>
        </actor>
        <actor name="D0N34">
            <wcet number="0">70</wcet>
            <wcet number="1">190</wcet>
            <maxpow number="0.7136048980309103"/>
            <maxpow number="0.7136048980309103"/>
            <fprob>0.0</fprob>
        </actor>
        <actor name="D0N5">
            <wcet number="0">10</wcet>
            <wcet number="1">40</wcet>
            <maxpow number="0.5423293121953933"/>
            <maxpow number="0.5423293121953933"/>
            <fprob>0.0</fprob>
        </actor>
        <actor name="D0N23">
            <wcet number="0">60</wcet>
            <wcet number="1">80</wcet>
            <maxpow number="0.7300041346040005"/>
            <maxpow number="0.7300041346040005"/>
            <fprob>0.0</fprob>
        </actor>
        <actor name="D0N17">
            <wcet number="0">10</wcet>
            <wcet number="1">140</wcet>
            <maxpow number="0.32314445968914973"/>
            <maxpow number="0.32314445968914973"/>
            <fprob>0.0</fprob>
        </actor>
        <actor name="D0N29">
            <wcet number="0">10</wcet>
            <wcet number="1">110</wcet>
            <maxpow number="0.4792376212261131"/>
            <maxpow number="0.4792376212261131"/>
            <fprob>0.0</fprob>
        </actor>
        <actor name="D0N21">
            <wcet number="0">20</wcet>
            <wcet number="1">30</wcet>
            <maxpow number="0.7409068343729223"/>
            <maxpow number="0.7409068343729223"/>
            <fprob>0.0</fprob>
        </actor>
        <actor name="D0N39">
            <wcet number="0">200</wcet>
            <wcet number="1">270</wcet>
            <maxpow number="0.7051993846501271"/>
            <maxpow number="0.7051993846501271"/>
            <fprob>0.0</fprob>
        </actor>
        <actor name="D0N16">
            <wcet number="0">10</wcet>
            <wcet number="1">30</wcet>
            <maxpow number="0.6017130704180034"/>
            <maxpow number="0.6017130704180034"/>
            <fprob>0.0</fprob>
        </actor>
        <actor name="D0N32">
            <wcet number="0">200</wcet>
            <wcet number="1">270</wcet>
            <maxpow number="0.5666098241956722"/>
            <maxpow number="0.5666098241956722"/>
            <fprob>0.0</fprob>
        </actor>
        <actor name="D0N43">
            <wcet number="0">10</wcet>
            <wcet number="1">20</wcet>
            <maxpow number="0.7478184493942817"/>
            <maxpow number="0.7478184493942817"/>
            <fprob>0.0</fprob>
        </actor>
        <actor name="D0N47">
            <wcet number="0">140</wcet>
            <wcet number="1">300</wcet>
            <maxpow number="0.6908409618250818"/>
            <maxpow number="0.6908409618250818"/>
            <fprob>0.0</fprob>
        </actor>
        <actor name="D0N2">
            <wcet number="0">20</wcet>
            <wcet number="1">20</wcet>
            <maxpow number="0.5473330256531302"/>
            <maxpow number="0.5473330256531302"/>
            <fprob>0.0</fprob>
        </actor>
        <actor name="D0N28">
            <wcet number="0">40</wcet>
            <wcet number="1">100</wcet>
            <maxpow number="0.728501048572362"/>
            <maxpow number="0.728501048572362"/>
            <fprob>0.0</fprob>
        </actor>
        <actor name="D0N38">
            <wcet number="0">30</wcet>
            <wcet number="1">40</wcet>
            <maxpow number="0.6542641653988137"/>
            <maxpow number="0.6542641653988137"/>
            <fprob>0.0</fprob>
        </actor>
        <actor name="D0N0">
            <wcet number="0">10</wcet>
            <wcet number="1">10</wcet>
            <maxpow number="0.6004428573858255"/>
            <maxpow number="0.6004428573858255"/>
            <fprob>0.0</fprob>
        </actor>
        <actor name="D0N8">
            <wcet number="0">260</wcet>
            <wcet number="1">270</wcet>
            <maxpow number="0.41506728135361065"/>
            <maxpow number="0.41506728135361065"/>
            <fprob>0.0</fprob>
        </actor>
        <actor name="D0N35">
            <wcet number="0">30</wcet>
            <wcet number="1">60</wcet>
            <maxpow number="0.6131872155238958"/>
            <maxpow number="0.6131872155238958"/>
            <fprob>0.0</fprob>
        </actor>
        <actor name="D0N6">
            <wcet number="0">80</wcet>
            <wcet number="1">100</wcet>
            <maxpow number="0.41746082216963154"/>
            <maxpow number="0.41746082216963154"/>
            <fprob>0.0</fprob>
        </actor>
        <actor name="D0N7">
            <wcet number="0">10</wcet>
            <wcet number="1">10</wcet>
            <maxpow number="0.49047352458389465"/>
            <maxpow number="0.49047352458389465"/>
            <fprob>0.0</fprob>
        </actor>
        <actor name="D0N30">
            <wcet number="0">10</wcet>
            <wcet number="1">60</wcet>
            <maxpow number="0.46136367794725275"/>
            <maxpow number="0.46136367794725275"/>
            <fprob>0.0</fprob>
        </actor>
        <actor name="D0N20">
            <wcet number="0">50</wcet>
            <wcet number="1">50</wcet>
            <maxpow number="0.6128172262840849"/>
            <maxpow number="0.6128172262840849"/>
            <fprob>0.0</fprob>
        </actor>
        <actor name="D0N27">
            <wcet number="0">10</wcet>
            <wcet number="1">120</wcet>
            <maxpow number="0.780363402742319"/>
            <maxpow number="0.780363402742319"/>
            <fprob>0.0</fprob>
        </actor>
        <actor name="D0N24">
            <wcet number="0">20</wcet>
            <wcet number="1">20</wcet>
            <maxpow number="0.7949885564419772"/>
            <maxpow number="0.7949885564419772"/>
            <fprob>0.0</fprob>
        </actor>
        <actor name="D0N41">
            <wcet number="0">10</wcet>
            <wcet number="1">10</wcet>
            <maxpow number="0.47212778878994693"/>
            <maxpow number="0.47212778878994693"/>
            <fprob>0.0</fprob>
        </actor>
        <actor name="D0N14">
            <wcet number="0">60</wcet>
            <wcet number="1">90</wcet>
            <maxpow number="0.6787715731885716"/>
            <maxpow number="0.6787715731885716"/>
            <fprob>0.0</fprob>
        </actor>
        <actor name="D0N4">
            <wcet number="0">10</wcet>
            <wcet number="1">30</wcet>
            <maxpow number="0.6558253844771657"/>
            <maxpow number="0.6558253844771657"/>
            <fprob>0.0</fprob>
        </actor>
        <actor name="D0N9">
            <wcet number="0">20</wcet>
            <wcet number="1">40</wcet>
            <maxpow number="0.27656142180297044"/>
            <maxpow number="0.27656142180297044"/>
            <fprob>0.0</fprob>
        </actor>
        <actor name="D0N18">
            <wcet number="0">10</wcet>
            <wcet number="1">10</wcet>
            <maxpow number="0.6379887496216012"/>
            <maxpow number="0.6379887496216012"/>
            <fprob>0.0</fprob>
        </actor>
        <actor name="D0N12">
            <wcet number="0">80</wcet>
            <wcet number="1">240</wcet>
            <maxpow number="0.6229783140407537"/>
            <maxpow number="0.6229783140407537"/>
            <fprob>0.0</fprob>
        </actor>
        <actor name="D0N33">
            <wcet number="0">30</wcet>
            <wcet number="1">30</wcet>
            <maxpow number="0.7890486753380129"/>
            <maxpow number="0.7890486753380129"/>
            <fprob>0.0</fprob>
        </actor>
        <actor name="D0N45">
            <wcet number="0">230</wcet>
            <wcet number="1">230</wcet>
            <maxpow number="0.6496545339118108"/>
            <maxpow number="0.6496545339118108"/>
            <fprob>0.0</fprob>
        </actor>
        <actor name="D0N25">
            <wcet number="0">30</wcet>
            <wcet number="1">260</wcet>
            <maxpow number="0.4495094453766194"/>
            <maxpow number="0.4495094453766194"/>
            <fprob>0.0</fprob>
        </actor>
        <actor name="D0N37">
            <wcet number="0">50</wcet>
            <wcet number="1">70</wcet>
            <maxpow number="0.6607786268104864"/>
            <maxpow number="0.6607786268104864"/>
            <fprob>0.0</fprob>
        </actor>
        <actor name="D0N1">
            <wcet number="0">30</wcet>
            <wcet number="1">60</wcet>
            <maxpow number="0.4523841753508765"/>
            <maxpow number="0.4523841753508765"/>
            <fprob>0.0</fprob>
        </actor>
        <actor name="D0N3">
            <wcet number="0">20</wcet>
            <wcet number="1">30</wcet>
            <maxpow number="0.510212445075373"/>
            <maxpow number="0.510212445075373"/>
            <fprob>0.0</fprob>
        </actor>
        <actor name="D0N44">
            <wcet number="0">50</wcet>
            <wcet number="1">230</wcet>
            <maxpow number="0.9056892474546687"/>
            <maxpow number="0.9056892474546687"/>
            <fprob>0.0</fprob>
        </actor>
        <actor name="D0N46">
            <wcet number="0">60</wcet>
            <wcet number="1">60</wcet>
            <maxpow number="0.7597125009470372"/>
            <maxpow number="0.7597125009470372"/>
            <fprob>0.0</fprob>
        </actor>
        <actor name="D0N22">
            <wcet number="0">10</wcet>
            <wcet number="1">20</wcet>
            <maxpow number="0.8028599441018356"/>
            <maxpow number="0.8028599441018356"/>
            <fprob>0.0</fprob>
        </actor>
        <actor name="D0N26">
            <wcet number="0">10</wcet>
            <wcet number="1">50</wcet>
            <maxpow number="0.5759247089965773"/>
            <maxpow number="0.5759247089965773"/>
            <fprob>0.0</fprob>
        </actor>
        <actor name="D0N11">
            <wcet number="0">40</wcet>
            <wcet number="1">160</wcet>
            <maxpow number="0.49818156268211206"/>
            <maxpow number="0.49818156268211206"/>
            <fprob>0.0</fprob>
        </actor>
        <ports>
            <port dstActor="D0N34" name="p0" srcActor="D0N31"/>
            <port dstActor="D0N41" name="p1" srcActor="D0N10"/>
            <port dstActor="D0N26" name="p2" srcActor="D0N10"/>
            <port dstActor="D0N45" name="p3" srcActor="D0N19"/>
            <port dstActor="D0N39" name="p4" srcActor="D0N19"/>
            <port dstActor="D0N39" name="p5" srcActor="D0N36"/>
            <port dstActor="D0N44" name="p6" srcActor="D0N36"/>
            <port dstActor="D0N38" name="p7" srcActor="D0N36"/>
            <port dstActor="D0N46" name="p8" srcActor="D0N13"/>
            <port dstActor="D0N26" name="p9" srcActor="D0N13"/>
            <port dstActor="D0N21" name="p10" srcActor="D0N13"/>
            <port dstActor="D0N32" name="p11" srcActor="D0N13"/>
            <port dstActor="D0N25" name="p12" srcActor="D0N13"/>
            <port dstActor="D0N17" name="p13" srcActor="D0N15"/>
            <port dstActor="D0N16" name="p14" srcActor="D0N15"/>
            <port dstActor="D0N19" name="p15" srcActor="D0N15"/>
            <port dstActor="D0N36" name="p16" srcActor="D0N15"/>
            <port dstActor="D0N23" name="p17" srcActor="D0N15"/>
            <port dstActor="D0N36" name="p18" srcActor="D0N34"/>
            <port dstActor="D0N42" name="p19" srcActor="D0N34"/>
            <port dstActor="D0N14" name="p20" srcActor="D0N5"/>
            <port dstActor="D0N41" name="p21" srcActor="D0N5"/>
            <port dstActor="D0N16" name="p22" srcActor="D0N5"/>
            <port dstActor="D0N6" name="p23" srcActor="D0N5"/>
            <port dstActor="D0N35" name="p24" srcActor="D0N23"/>
            <port dstActor="D0N31" name="p25" srcActor="D0N23"/>
            <port dstActor="D0N44" name="p26" srcActor="D0N17"/>
            <port dstActor="D0N21" name="p27" srcActor="D0N17"/>
            <port dstActor="D0N46" name="p28" srcActor="D0N17"/>
            <port dstActor="D0N43" name="p29" srcActor="D0N29"/>
            <port dstActor="D0N34" name="p30" srcActor="D0N21"/>
            <port dstActor="D0N40" name="p31" srcActor="D0N21"/>
            <port dstActor="D0N46" name="p32" srcActor="D0N39"/>
            <port dstActor="D0N29" name="p33" srcActor="D0N16"/>
            <port dstActor="D0N47" name="p34" srcActor="D0N16"/>
            <port dstActor="D0N30" name="p35" srcActor="D0N16"/>
            <port dstActor="D0N44" name="p36" srcActor="D0N16"/>
            <port dstActor="D0N24" name="p37" srcActor="D0N16"/>
            <port dstActor="D0N33" name="p38" srcActor="D0N16"/>
            <port dstActor="D0N41" name="p39" srcActor="D0N32"/>
            <port dstActor="D0N37" name="p40" srcActor="D0N32"/>
            <port dstActor="D0N14" name="p41" srcActor="D0N2"/>
            <port dstActor="D0N32" name="p42" srcActor="D0N2"/>
            <port dstActor="D0N4" name="p43" srcActor="D0N2"/>
            <port dstActor="D0N27" name="p44" srcActor="D0N2"/>
            <port dstActor="D0N10" name="p45" srcActor="D0N2"/>
            <port dstActor="D0N30" name="p46" srcActor="D0N28"/>
            <port dstActor="D0N41" name="p47" srcActor="D0N38"/>
            <port dstActor="D0N40" name="p48" srcActor="D0N38"/>
            <port dstActor="D0N40" name="p49" srcActor="D0N0"/>
            <port dstActor="D0N23" name="p50" srcActor="D0N0"/>
            <port dstActor="D0N42" name="p51" srcActor="D0N0"/>
            <port dstActor="D0N30" name="p52" srcActor="D0N8"/>
            <port dstActor="D0N38" name="p53" srcActor="D0N8"/>
            <port dstActor="D0N39" name="p54" srcActor="D0N8"/>
            <port dstActor="D0N41" name="p55" srcActor="D0N8"/>
            <port dstActor="D0N32" name="p56" srcActor="D0N8"/>
            <port dstActor="D0N26" name="p57" srcActor="D0N8"/>
            <port dstActor="D0N29" name="p58" srcActor="D0N8"/>
            <port dstActor="D0N44" name="p59" srcActor="D0N8"/>
            <port dstActor="D0N43" name="p60" srcActor="D0N8"/>
            <port dstActor="D0N42" name="p61" srcActor="D0N6"/>
            <port dstActor="D0N25" name="p62" srcActor="D0N7"/>
            <port dstActor="D0N30" name="p63" srcActor="D0N7"/>
            <port dstActor="D0N10" name="p64" srcActor="D0N7"/>
            <port dstActor="D0N40" name="p65" srcActor="D0N7"/>
            <port dstActor="D0N20" name="p66" srcActor="D0N7"/>
            <port dstActor="D0N24" name="p67" srcActor="D0N7"/>
            <port dstActor="D0N9" name="p68" srcActor="D0N7"/>
            <port dstActor="D0N34" name="p69" srcActor="D0N20"/>
            <port dstActor="D0N23" name="p70" srcActor="D0N20"/>
            <port dstActor="D0N33" name="p71" srcActor="D0N27"/>
            <port dstActor="D0N38" name="p72" srcActor="D0N27"/>
            <port dstActor="D0N29" name="p73" srcActor="D0N24"/>
            <port dstActor="D0N44" name="p74" srcActor="D0N24"/>
            <port dstActor="D0N32" name="p75" srcActor="D0N24"/>
            <port dstActor="D0N42" name="p76" srcActor="D0N24"/>
            <port dstActor="D0N47" name="p77" srcActor="D0N41"/>
            <port dstActor="D0N42" name="p78" srcActor="D0N41"/>
            <port dstActor="D0N45" name="p79" srcActor="D0N14"/>
            <port dstActor="D0N15" name="p80" srcActor="D0N14"/>
            <port dstActor="D0N30" name="p81" srcActor="D0N14"/>
            <port dstActor="D0N16" name="p82" srcActor="D0N14"/>
            <port dstActor="D0N37" name="p83" srcActor="D0N14"/>
            <port dstActor="D0N38" name="p84" srcActor="D0N14"/>
            <port dstActor="D0N19" name="p85" srcActor="D0N4"/>
            <port dstActor="D0N37" name="p86" srcActor="D0N4"/>
            <port dstActor="D0N25" name="p87" srcActor="D0N4"/>
            <port dstActor="D0N13" name="p88" srcActor="D0N4"/>
            <port dstActor="D0N27" name="p89" srcActor="D0N4"/>
            <port dstActor="D0N13" name="p90" srcActor="D0N9"/>
            <port dstActor="D0N20" name="p91" srcActor="D0N9"/>
            <port dstActor="D0N33" name="p92" srcActor="D0N9"/>
            <port dstActor="D0N41" name="p93" srcActor="D0N9"/>
            <port dstActor="D0N31" name="p94" srcActor="D0N9"/>
            <port dstActor="D0N28" name="p95" srcActor="D0N18"/>
            <port dstActor="D0N42" name="p96" srcActor="D0N18"/>
            <port dstActor="D0N29" name="p97" srcActor="D0N18"/>
            <port dstActor="D0N36" name="p98" srcActor="D0N12"/>
            <port dstActor="D0N42" name="p99" srcActor="D0N33"/>
            <port dstActor="D0N40" name="p100" srcActor="D0N25"/>
            <port dstActor="D0N43" name="p101" srcActor="D0N25"/>
            <port dstActor="D0N42" name="p102" srcActor="D0N25"/>
            <port dstActor="D0N33" name="p103" srcActor="D0N25"/>
            <port dstActor="D0N26" name="p104" srcActor="D0N25"/>
            <port dstActor="D0N29" name="p105" srcActor="D0N25"/>
            <port dstActor="D0N39" name="p106" srcActor="D0N37"/>
            <port dstActor="D0N38" name="p107" srcActor="D0N37"/>
            <port dstActor="D0N47" name="p108" srcActor="D0N37"/>
            <port dstActor="D0N9" name="p109" srcActor="D0N1"/>
            <port dstActor="D0N20" name="p110" srcActor="D0N1"/>
            <port dstActor="D0N44" name="p111" srcActor="D0N1"/>
            <port dstActor="D0N11" name="p112" srcActor="D0N1"/>
            <port dstActor="D0N22" name="p113" srcActor="D0N3"/>
            <port dstActor="D0N39" name="p114" srcActor="D0N3"/>
            <port dstActor="D0N32" name="p115" srcActor="D0N3"/>
            <port dstActor="D0N6" name="p116" srcActor="D0N3"/>
            <port dstActor="D0N15" name="p117" srcActor="D0N3"/>
            <port dstActor="D0N9" name="p118" srcActor="D0N3"/>
            <port dstActor="D0N19" name="p119" srcActor="D0N3"/>
            <port dstActor="D0N35" name="p120" srcActor="D0N3"/>
            <port dstActor="D0N23" name="p121" srcActor="D0N3"/>
            <port dstActor="D0N47" name="p122" srcActor="D0N3"/>
            <port dstActor="D0N23" name="p123" srcActor="D0N22"/>
            <port dstActor="D0N24" name="p124" srcActor="D0N22"/>
            <port dstActor="D0N47" name="p125" srcActor="D0N22"/>
            <port dstActor="D0N42" name="p126" srcActor="D0N26"/>
            <port dstActor="D0N39" name="p127" srcActor="D0N26"/>
            <port dstActor="D0N22" name="p128" srcActor="D0N11"/>
            <port dstActor="D0N33" name="p129" srcActor="D0N11"/>
            <port dstActor="D0N32" name="p130" srcActor="D0N11"/>
            <port dstActor="D0N35" name="p131" srcActor="D0N11"/>
            <port dstActor="D0N38" name="p132" srcActor="D0N11"/>
            <port dstActor="D0N37" name="p133" srcActor="D0N11"/>
        </ports>
    </mcdag>
    <cores number="3"/>
    <levels number="2"/>
</mcsystem>
