<?xml version="1.0" encoding="UTF-8" standalone="no"?>
<mcsystem>
    <mcdag deadline="4000" name="genned-0-ed-10.0-0">
        <actor name="D0N12">
            <wcet number="0">40</wcet>
            <wcet number="1">70</wcet>
            <maxpow number="0.9402251056884795"/>
            <maxpow number="0.9402251056884795"/>
            <fprob>0.0</fprob>
        </actor>
        <actor name="D0N3">
            <wcet number="0">10</wcet>
            <wcet number="1">10</wcet>
            <maxpow number="0.6866508540017519"/>
            <maxpow number="0.6866508540017519"/>
            <fprob>0.0</fprob>
        </actor>
        <actor name="D0N30">
            <wcet number="0">20</wcet>
            <wcet number="1">60</wcet>
            <maxpow number="0.7797849633619551"/>
            <maxpow number="0.7797849633619551"/>
            <fprob>0.0</fprob>
        </actor>
        <actor name="D0N27">
            <wcet number="0">60</wcet>
            <wcet number="1">130</wcet>
            <maxpow number="0.49416368932969196"/>
            <maxpow number="0.49416368932969196"/>
            <fprob>0.0</fprob>
        </actor>
        <actor name="D0N38">
            <wcet number="0">190</wcet>
            <wcet number="1">250</wcet>
            <maxpow number="0.2214633355286748"/>
            <maxpow number="0.2214633355286748"/>
            <fprob>0.0</fprob>
        </actor>
        <actor name="D0N32">
            <wcet number="0">200</wcet>
            <wcet number="1">310</wcet>
            <maxpow number="0.6834960255529295"/>
            <maxpow number="0.6834960255529295"/>
            <fprob>0.0</fprob>
        </actor>
        <actor name="D0N22">
            <wcet number="0">90</wcet>
            <wcet number="1">120</wcet>
            <maxpow number="1.027419135845784"/>
            <maxpow number="1.027419135845784"/>
            <fprob>0.0</fprob>
        </actor>
        <actor name="D0N14">
            <wcet number="0">40</wcet>
            <wcet number="1">40</wcet>
            <maxpow number="0.5727217039160085"/>
            <maxpow number="0.5727217039160085"/>
            <fprob>0.0</fprob>
        </actor>
        <actor name="D0N9">
            <wcet number="0">160</wcet>
            <wcet number="1">180</wcet>
            <maxpow number="0.5560609975774511"/>
            <maxpow number="0.5560609975774511"/>
            <fprob>0.0</fprob>
        </actor>
        <actor name="D0N41">
            <wcet number="0">70</wcet>
            <wcet number="1">110</wcet>
            <maxpow number="0.7663315665640422"/>
            <maxpow number="0.7663315665640422"/>
            <fprob>0.0</fprob>
        </actor>
        <actor name="D0N21">
            <wcet number="0">110</wcet>
            <wcet number="1">150</wcet>
            <maxpow number="0.5606452611159864"/>
            <maxpow number="0.5606452611159864"/>
            <fprob>0.0</fprob>
        </actor>
        <actor name="D0N5">
            <wcet number="0">390</wcet>
            <wcet number="1">390</wcet>
            <maxpow number="0.7614086976899848"/>
            <maxpow number="0.7614086976899848"/>
            <fprob>0.0</fprob>
        </actor>
        <actor name="D0N6">
            <wcet number="0">70</wcet>
            <wcet number="1">150</wcet>
            <maxpow number="0.38298755971263687"/>
            <maxpow number="0.38298755971263687"/>
            <fprob>0.0</fprob>
        </actor>
        <actor name="D0N18">
            <wcet number="0">300</wcet>
            <wcet number="1">650</wcet>
            <maxpow number="0.45987028729559254"/>
            <maxpow number="0.45987028729559254"/>
            <fprob>0.0</fprob>
        </actor>
        <actor name="D0N49">
            <wcet number="0">250</wcet>
            <wcet number="1">290</wcet>
            <maxpow number="0.3929046519270514"/>
            <maxpow number="0.3929046519270514"/>
            <fprob>0.0</fprob>
        </actor>
        <actor name="D0N17">
            <wcet number="0">120</wcet>
            <wcet number="1">690</wcet>
            <maxpow number="0.6635262263822812"/>
            <maxpow number="0.6635262263822812"/>
            <fprob>0.0</fprob>
        </actor>
        <actor name="D0N15">
            <wcet number="0">50</wcet>
            <wcet number="1">90</wcet>
            <maxpow number="0.42051156721296257"/>
            <maxpow number="0.42051156721296257"/>
            <fprob>0.0</fprob>
        </actor>
        <actor name="D0N1">
            <wcet number="0">200</wcet>
            <wcet number="1">270</wcet>
            <maxpow number="0.4817016991295179"/>
            <maxpow number="0.4817016991295179"/>
            <fprob>0.0</fprob>
        </actor>
        <actor name="D0N39">
            <wcet number="0">50</wcet>
            <wcet number="1">200</wcet>
            <maxpow number="0.7098957307688931"/>
            <maxpow number="0.7098957307688931"/>
            <fprob>0.0</fprob>
        </actor>
        <actor name="D0N36">
            <wcet number="0">20</wcet>
            <wcet number="1">20</wcet>
            <maxpow number="0.6442180379950598"/>
            <maxpow number="0.6442180379950598"/>
            <fprob>0.0</fprob>
        </actor>
        <actor name="D0N20">
            <wcet number="0">100</wcet>
            <wcet number="1">130</wcet>
            <maxpow number="0.5087786549578882"/>
            <maxpow number="0.5087786549578882"/>
            <fprob>0.0</fprob>
        </actor>
        <actor name="D0N43">
            <wcet number="0">20</wcet>
            <wcet number="1">30</wcet>
            <maxpow number="0.9625758847869186"/>
            <maxpow number="0.9625758847869186"/>
            <fprob>0.0</fprob>
        </actor>
        <actor name="D0N28">
            <wcet number="0">10</wcet>
            <wcet number="1">10</wcet>
            <maxpow number="0.5925561446363559"/>
            <maxpow number="0.5925561446363559"/>
            <fprob>0.0</fprob>
        </actor>
        <actor name="D0N37">
            <wcet number="0">250</wcet>
            <wcet number="1">500</wcet>
            <maxpow number="0.877828841779495"/>
            <maxpow number="0.877828841779495"/>
            <fprob>0.0</fprob>
        </actor>
        <actor name="D0N46">
            <wcet number="0">10</wcet>
            <wcet number="1">20</wcet>
            <maxpow number="0.4873616403247269"/>
            <maxpow number="0.4873616403247269"/>
            <fprob>0.0</fprob>
        </actor>
        <actor name="D0N0">
            <wcet number="0">50</wcet>
            <wcet number="1">150</wcet>
            <maxpow number="0.4407133114547443"/>
            <maxpow number="0.4407133114547443"/>
            <fprob>0.0</fprob>
        </actor>
        <actor name="D0N45">
            <wcet number="0">40</wcet>
            <wcet number="1">60</wcet>
            <maxpow number="0.5298537221851705"/>
            <maxpow number="0.5298537221851705"/>
            <fprob>0.0</fprob>
        </actor>
        <actor name="D0N25">
            <wcet number="0">30</wcet>
            <wcet number="1">130</wcet>
            <maxpow number="0.6942387862696535"/>
            <maxpow number="0.6942387862696535"/>
            <fprob>0.0</fprob>
        </actor>
        <actor name="D0N31">
            <wcet number="0">40</wcet>
            <wcet number="1">200</wcet>
            <maxpow number="0.3588027401171875"/>
            <maxpow number="0.3588027401171875"/>
            <fprob>0.0</fprob>
        </actor>
        <actor name="D0N34">
            <wcet number="0">160</wcet>
            <wcet number="1">350</wcet>
            <maxpow number="0.4074733550113008"/>
            <maxpow number="0.4074733550113008"/>
            <fprob>0.0</fprob>
        </actor>
        <actor name="D0N47">
            <wcet number="0">20</wcet>
            <wcet number="1">60</wcet>
            <maxpow number="0.5438104850470058"/>
            <maxpow number="0.5438104850470058"/>
            <fprob>0.0</fprob>
        </actor>
        <actor name="D0N11">
            <wcet number="0">20</wcet>
            <wcet number="1">100</wcet>
            <maxpow number="0.4702268849892888"/>
            <maxpow number="0.4702268849892888"/>
            <fprob>0.0</fprob>
        </actor>
        <actor name="D0N13">
            <wcet number="0">20</wcet>
            <wcet number="1">80</wcet>
            <maxpow number="0.5991967899678081"/>
            <maxpow number="0.5991967899678081"/>
            <fprob>0.0</fprob>
        </actor>
        <actor name="D0N44">
            <wcet number="0">10</wcet>
            <wcet number="1">10</wcet>
            <maxpow number="0.49127362027611865"/>
            <maxpow number="0.49127362027611865"/>
            <fprob>0.0</fprob>
        </actor>
        <actor name="D0N35">
            <wcet number="0">60</wcet>
            <wcet number="1">250</wcet>
            <maxpow number="0.3623621969980058"/>
            <maxpow number="0.3623621969980058"/>
            <fprob>0.0</fprob>
        </actor>
        <actor name="D0N26">
            <wcet number="0">10</wcet>
            <wcet number="1">10</wcet>
            <maxpow number="0.9689106594810575"/>
            <maxpow number="0.9689106594810575"/>
            <fprob>0.0</fprob>
        </actor>
        <actor name="D0N23">
            <wcet number="0">110</wcet>
            <wcet number="1">120</wcet>
            <maxpow number="0.38656615569213393"/>
            <maxpow number="0.38656615569213393"/>
            <fprob>0.0</fprob>
        </actor>
        <actor name="D0N40">
            <wcet number="0">30</wcet>
            <wcet number="1">80</wcet>
            <maxpow number="0.5788116076337064"/>
            <maxpow number="0.5788116076337064"/>
            <fprob>0.0</fprob>
        </actor>
        <actor name="D0N42">
            <wcet number="0">500</wcet>
            <wcet number="1">510</wcet>
            <maxpow number="0.8312991783937652"/>
            <maxpow number="0.8312991783937652"/>
            <fprob>0.0</fprob>
        </actor>
        <actor name="D0N16">
            <wcet number="0">30</wcet>
            <wcet number="1">110</wcet>
            <maxpow number="0.6445534634196843"/>
            <maxpow number="0.6445534634196843"/>
            <fprob>0.0</fprob>
        </actor>
        <actor name="D0N19">
            <wcet number="0">230</wcet>
            <wcet number="1">350</wcet>
            <maxpow number="0.7162075044487348"/>
            <maxpow number="0.7162075044487348"/>
            <fprob>0.0</fprob>
        </actor>
        <actor name="D0N7">
            <wcet number="0">90</wcet>
            <wcet number="1">130</wcet>
            <maxpow number="0.5580374983566231"/>
            <maxpow number="0.5580374983566231"/>
            <fprob>0.0</fprob>
        </actor>
        <actor name="D0N33">
            <wcet number="0">70</wcet>
            <wcet number="1">180</wcet>
            <maxpow number="0.4092584685521137"/>
            <maxpow number="0.4092584685521137"/>
            <fprob>0.0</fprob>
        </actor>
        <actor name="D0N4">
            <wcet number="0">20</wcet>
            <wcet number="1">270</wcet>
            <maxpow number="0.6772015913865715"/>
            <maxpow number="0.6772015913865715"/>
            <fprob>0.0</fprob>
        </actor>
        <actor name="D0N10">
            <wcet number="0">70</wcet>
            <wcet number="1">80</wcet>
            <maxpow number="0.34125615874379267"/>
            <maxpow number="0.34125615874379267"/>
            <fprob>0.0</fprob>
        </actor>
        <actor name="D0N29">
            <wcet number="0">70</wcet>
            <wcet number="1">80</wcet>
            <maxpow number="0.11985637254327414"/>
            <maxpow number="0.11985637254327414"/>
            <fprob>0.0</fprob>
        </actor>
        <actor name="D0N2">
            <wcet number="0">10</wcet>
            <wcet number="1">140</wcet>
            <maxpow number="0.251082094053128"/>
            <maxpow number="0.251082094053128"/>
            <fprob>0.0</fprob>
        </actor>
        <actor name="D0N48">
            <wcet number="0">100</wcet>
            <wcet number="1">450</wcet>
            <maxpow number="0.8116616941815944"/>
            <maxpow number="0.8116616941815944"/>
            <fprob>0.0</fprob>
        </actor>
        <actor name="D0N24">
            <wcet number="0">20</wcet>
            <wcet number="1">30</wcet>
            <maxpow number="0.6453094835820761"/>
            <maxpow number="0.6453094835820761"/>
            <fprob>0.0</fprob>
        </actor>
        <actor name="D0N8">
            <wcet number="0">220</wcet>
            <wcet number="1">400</wcet>
            <maxpow number="0.6015076387616856"/>
            <maxpow number="0.6015076387616856"/>
            <fprob>0.0</fprob>
        </actor>
        <ports>
            <port dstActor="D0N31" name="p0" srcActor="D0N12"/>
            <port dstActor="D0N30" name="p1" srcActor="D0N12"/>
            <port dstActor="D0N26" name="p2" srcActor="D0N12"/>
            <port dstActor="D0N40" name="p3" srcActor="D0N12"/>
            <port dstActor="D0N29" name="p4" srcActor="D0N12"/>
            <port dstActor="D0N20" name="p5" srcActor="D0N12"/>
            <port dstActor="D0N44" name="p6" srcActor="D0N3"/>
            <port dstActor="D0N48" name="p7" srcActor="D0N3"/>
            <port dstActor="D0N19" name="p8" srcActor="D0N3"/>
            <port dstActor="D0N35" name="p9" srcActor="D0N3"/>
            <port dstActor="D0N23" name="p10" srcActor="D0N3"/>
            <port dstActor="D0N40" name="p11" srcActor="D0N3"/>
            <port dstActor="D0N15" name="p12" srcActor="D0N3"/>
            <port dstActor="D0N48" name="p13" srcActor="D0N30"/>
            <port dstActor="D0N47" name="p14" srcActor="D0N27"/>
            <port dstActor="D0N32" name="p15" srcActor="D0N27"/>
            <port dstActor="D0N30" name="p16" srcActor="D0N27"/>
            <port dstActor="D0N45" name="p17" srcActor="D0N38"/>
            <port dstActor="D0N43" name="p18" srcActor="D0N38"/>
            <port dstActor="D0N39" name="p19" srcActor="D0N38"/>
            <port dstActor="D0N43" name="p20" srcActor="D0N32"/>
            <port dstActor="D0N41" name="p21" srcActor="D0N32"/>
            <port dstActor="D0N48" name="p22" srcActor="D0N32"/>
            <port dstActor="D0N28" name="p23" srcActor="D0N22"/>
            <port dstActor="D0N38" name="p24" srcActor="D0N22"/>
            <port dstActor="D0N35" name="p25" srcActor="D0N22"/>
            <port dstActor="D0N43" name="p26" srcActor="D0N9"/>
            <port dstActor="D0N42" name="p27" srcActor="D0N9"/>
            <port dstActor="D0N31" name="p28" srcActor="D0N9"/>
            <port dstActor="D0N29" name="p29" srcActor="D0N9"/>
            <port dstActor="D0N48" name="p30" srcActor="D0N9"/>
            <port dstActor="D0N29" name="p31" srcActor="D0N21"/>
            <port dstActor="D0N40" name="p32" srcActor="D0N21"/>
            <port dstActor="D0N26" name="p33" srcActor="D0N21"/>
            <port dstActor="D0N8" name="p34" srcActor="D0N5"/>
            <port dstActor="D0N12" name="p35" srcActor="D0N5"/>
            <port dstActor="D0N29" name="p36" srcActor="D0N5"/>
            <port dstActor="D0N35" name="p37" srcActor="D0N5"/>
            <port dstActor="D0N19" name="p38" srcActor="D0N6"/>
            <port dstActor="D0N20" name="p39" srcActor="D0N6"/>
            <port dstActor="D0N24" name="p40" srcActor="D0N6"/>
            <port dstActor="D0N36" name="p41" srcActor="D0N6"/>
            <port dstActor="D0N13" name="p42" srcActor="D0N6"/>
            <port dstActor="D0N14" name="p43" srcActor="D0N6"/>
            <port dstActor="D0N33" name="p44" srcActor="D0N6"/>
            <port dstActor="D0N40" name="p45" srcActor="D0N18"/>
            <port dstActor="D0N20" name="p46" srcActor="D0N17"/>
            <port dstActor="D0N34" name="p47" srcActor="D0N17"/>
            <port dstActor="D0N22" name="p48" srcActor="D0N17"/>
            <port dstActor="D0N45" name="p49" srcActor="D0N17"/>
            <port dstActor="D0N16" name="p50" srcActor="D0N15"/>
            <port dstActor="D0N34" name="p51" srcActor="D0N15"/>
            <port dstActor="D0N18" name="p52" srcActor="D0N15"/>
            <port dstActor="D0N38" name="p53" srcActor="D0N15"/>
            <port dstActor="D0N33" name="p54" srcActor="D0N1"/>
            <port dstActor="D0N30" name="p55" srcActor="D0N1"/>
            <port dstActor="D0N35" name="p56" srcActor="D0N1"/>
            <port dstActor="D0N3" name="p57" srcActor="D0N1"/>
            <port dstActor="D0N44" name="p58" srcActor="D0N1"/>
            <port dstActor="D0N22" name="p59" srcActor="D0N1"/>
            <port dstActor="D0N5" name="p60" srcActor="D0N1"/>
            <port dstActor="D0N49" name="p61" srcActor="D0N39"/>
            <port dstActor="D0N38" name="p62" srcActor="D0N20"/>
            <port dstActor="D0N46" name="p63" srcActor="D0N43"/>
            <port dstActor="D0N34" name="p64" srcActor="D0N28"/>
            <port dstActor="D0N29" name="p65" srcActor="D0N28"/>
            <port dstActor="D0N39" name="p66" srcActor="D0N37"/>
            <port dstActor="D0N46" name="p67" srcActor="D0N37"/>
            <port dstActor="D0N20" name="p68" srcActor="D0N0"/>
            <port dstActor="D0N35" name="p69" srcActor="D0N0"/>
            <port dstActor="D0N19" name="p70" srcActor="D0N0"/>
            <port dstActor="D0N47" name="p71" srcActor="D0N0"/>
            <port dstActor="D0N11" name="p72" srcActor="D0N0"/>
            <port dstActor="D0N49" name="p73" srcActor="D0N0"/>
            <port dstActor="D0N12" name="p74" srcActor="D0N0"/>
            <port dstActor="D0N33" name="p75" srcActor="D0N25"/>
            <port dstActor="D0N43" name="p76" srcActor="D0N25"/>
            <port dstActor="D0N42" name="p77" srcActor="D0N25"/>
            <port dstActor="D0N47" name="p78" srcActor="D0N31"/>
            <port dstActor="D0N49" name="p79" srcActor="D0N34"/>
            <port dstActor="D0N42" name="p80" srcActor="D0N34"/>
            <port dstActor="D0N39" name="p81" srcActor="D0N34"/>
            <port dstActor="D0N43" name="p82" srcActor="D0N34"/>
            <port dstActor="D0N19" name="p83" srcActor="D0N11"/>
            <port dstActor="D0N14" name="p84" srcActor="D0N11"/>
            <port dstActor="D0N38" name="p85" srcActor="D0N11"/>
            <port dstActor="D0N36" name="p86" srcActor="D0N11"/>
            <port dstActor="D0N18" name="p87" srcActor="D0N11"/>
            <port dstActor="D0N22" name="p88" srcActor="D0N11"/>
            <port dstActor="D0N29" name="p89" srcActor="D0N11"/>
            <port dstActor="D0N18" name="p90" srcActor="D0N13"/>
            <port dstActor="D0N41" name="p91" srcActor="D0N13"/>
            <port dstActor="D0N23" name="p92" srcActor="D0N13"/>
            <port dstActor="D0N37" name="p93" srcActor="D0N13"/>
            <port dstActor="D0N49" name="p94" srcActor="D0N44"/>
            <port dstActor="D0N37" name="p95" srcActor="D0N35"/>
            <port dstActor="D0N42" name="p96" srcActor="D0N35"/>
            <port dstActor="D0N29" name="p97" srcActor="D0N26"/>
            <port dstActor="D0N42" name="p98" srcActor="D0N26"/>
            <port dstActor="D0N29" name="p99" srcActor="D0N23"/>
            <port dstActor="D0N36" name="p100" srcActor="D0N23"/>
            <port dstActor="D0N45" name="p101" srcActor="D0N23"/>
            <port dstActor="D0N40" name="p102" srcActor="D0N23"/>
            <port dstActor="D0N48" name="p103" srcActor="D0N40"/>
            <port dstActor="D0N44" name="p104" srcActor="D0N40"/>
            <port dstActor="D0N17" name="p105" srcActor="D0N16"/>
            <port dstActor="D0N41" name="p106" srcActor="D0N16"/>
            <port dstActor="D0N37" name="p107" srcActor="D0N16"/>
            <port dstActor="D0N35" name="p108" srcActor="D0N19"/>
            <port dstActor="D0N23" name="p109" srcActor="D0N19"/>
            <port dstActor="D0N25" name="p110" srcActor="D0N19"/>
            <port dstActor="D0N46" name="p111" srcActor="D0N19"/>
            <port dstActor="D0N41" name="p112" srcActor="D0N19"/>
            <port dstActor="D0N26" name="p113" srcActor="D0N19"/>
            <port dstActor="D0N47" name="p114" srcActor="D0N7"/>
            <port dstActor="D0N37" name="p115" srcActor="D0N7"/>
            <port dstActor="D0N21" name="p116" srcActor="D0N7"/>
            <port dstActor="D0N41" name="p117" srcActor="D0N33"/>
            <port dstActor="D0N39" name="p118" srcActor="D0N4"/>
            <port dstActor="D0N7" name="p119" srcActor="D0N4"/>
            <port dstActor="D0N6" name="p120" srcActor="D0N4"/>
            <port dstActor="D0N25" name="p121" srcActor="D0N4"/>
            <port dstActor="D0N45" name="p122" srcActor="D0N4"/>
            <port dstActor="D0N19" name="p123" srcActor="D0N10"/>
            <port dstActor="D0N46" name="p124" srcActor="D0N29"/>
            <port dstActor="D0N34" name="p125" srcActor="D0N29"/>
            <port dstActor="D0N18" name="p126" srcActor="D0N2"/>
            <port dstActor="D0N6" name="p127" srcActor="D0N2"/>
            <port dstActor="D0N31" name="p128" srcActor="D0N2"/>
            <port dstActor="D0N47" name="p129" srcActor="D0N2"/>
            <port dstActor="D0N29" name="p130" srcActor="D0N24"/>
            <port dstActor="D0N36" name="p131" srcActor="D0N24"/>
            <port dstActor="D0N28" name="p132" srcActor="D0N24"/>
            <port dstActor="D0N38" name="p133" srcActor="D0N24"/>
            <port dstActor="D0N43" name="p134" srcActor="D0N8"/>
            <port dstActor="D0N20" name="p135" srcActor="D0N8"/>
            <port dstActor="D0N28" name="p136" srcActor="D0N8"/>
            <port dstActor="D0N47" name="p137" srcActor="D0N8"/>
        </ports>
    </mcdag>
    <cores number="3"/>
    <levels number="2"/>
</mcsystem>
