<?xml version="1.0" encoding="UTF-8" standalone="no"?>
<mcsystem>
    <mcdag deadline="3000" name="genned-0-ed-10.0-0">
        <actor name="D0N8">
            <wcet number="0">10</wcet>
            <wcet number="1">10</wcet>
            <maxpow number="0.15553637948937532"/>
            <maxpow number="0.15553637948937532"/>
            <fprob>0.0</fprob>
        </actor>
        <actor name="D0N26">
            <wcet number="0">20</wcet>
            <wcet number="1">50</wcet>
            <maxpow number="0.4408377027459032"/>
            <maxpow number="0.4408377027459032"/>
            <fprob>0.0</fprob>
        </actor>
        <actor name="D0N40">
            <wcet number="0">20</wcet>
            <wcet number="1">20</wcet>
            <maxpow number="0.28739899889971465"/>
            <maxpow number="0.28739899889971465"/>
            <fprob>0.0</fprob>
        </actor>
        <actor name="D0N43">
            <wcet number="0">830</wcet>
            <wcet number="1">900</wcet>
            <maxpow number="0.25612847672532285"/>
            <maxpow number="0.25612847672532285"/>
            <fprob>0.0</fprob>
        </actor>
        <actor name="D0N30">
            <wcet number="0">10</wcet>
            <wcet number="1">190</wcet>
            <maxpow number="0.7421736142941977"/>
            <maxpow number="0.7421736142941977"/>
            <fprob>0.0</fprob>
        </actor>
        <actor name="D0N4">
            <wcet number="0">20</wcet>
            <wcet number="1">150</wcet>
            <maxpow number="0.4552516234266697"/>
            <maxpow number="0.4552516234266697"/>
            <fprob>0.0</fprob>
        </actor>
        <actor name="D0N47">
            <wcet number="0">10</wcet>
            <wcet number="1">60</wcet>
            <maxpow number="0.6711392579385552"/>
            <maxpow number="0.6711392579385552"/>
            <fprob>0.0</fprob>
        </actor>
        <actor name="D0N2">
            <wcet number="0">60</wcet>
            <wcet number="1">90</wcet>
            <maxpow number="0.3555545702522799"/>
            <maxpow number="0.3555545702522799"/>
            <fprob>0.0</fprob>
        </actor>
        <actor name="D0N6">
            <wcet number="0">230</wcet>
            <wcet number="1">260</wcet>
            <maxpow number="0.531369650467532"/>
            <maxpow number="0.531369650467532"/>
            <fprob>0.0</fprob>
        </actor>
        <actor name="D0N38">
            <wcet number="0">90</wcet>
            <wcet number="1">310</wcet>
            <maxpow number="0.7206415198467973"/>
            <maxpow number="0.7206415198467973"/>
            <fprob>0.0</fprob>
        </actor>
        <actor name="D0N35">
            <wcet number="0">110</wcet>
            <wcet number="1">120</wcet>
            <maxpow number="0.3665755694137194"/>
            <maxpow number="0.3665755694137194"/>
            <fprob>0.0</fprob>
        </actor>
        <actor name="D0N19">
            <wcet number="0">120</wcet>
            <wcet number="1">370</wcet>
            <maxpow number="0.7018911129572103"/>
            <maxpow number="0.7018911129572103"/>
            <fprob>0.0</fprob>
        </actor>
        <actor name="D0N31">
            <wcet number="0">10</wcet>
            <wcet number="1">20</wcet>
            <maxpow number="0.9086966991886747"/>
            <maxpow number="0.9086966991886747"/>
            <fprob>0.0</fprob>
        </actor>
        <actor name="D0N7">
            <wcet number="0">210</wcet>
            <wcet number="1">230</wcet>
            <maxpow number="0.6118834006388397"/>
            <maxpow number="0.6118834006388397"/>
            <fprob>0.0</fprob>
        </actor>
        <actor name="D0N21">
            <wcet number="0">20</wcet>
            <wcet number="1">40</wcet>
            <maxpow number="0.24853973957622355"/>
            <maxpow number="0.24853973957622355"/>
            <fprob>0.0</fprob>
        </actor>
        <actor name="D0N20">
            <wcet number="0">70</wcet>
            <wcet number="1">90</wcet>
            <maxpow number="0.5218827413308028"/>
            <maxpow number="0.5218827413308028"/>
            <fprob>0.0</fprob>
        </actor>
        <actor name="D0N23">
            <wcet number="0">30</wcet>
            <wcet number="1">80</wcet>
            <maxpow number="0.7179209709659159"/>
            <maxpow number="0.7179209709659159"/>
            <fprob>0.0</fprob>
        </actor>
        <actor name="D0N27">
            <wcet number="0">10</wcet>
            <wcet number="1">40</wcet>
            <maxpow number="0.43375352390292704"/>
            <maxpow number="0.43375352390292704"/>
            <fprob>0.0</fprob>
        </actor>
        <actor name="D0N14">
            <wcet number="0">220</wcet>
            <wcet number="1">220</wcet>
            <maxpow number="0.5117441614210883"/>
            <maxpow number="0.5117441614210883"/>
            <fprob>0.0</fprob>
        </actor>
        <actor name="D0N11">
            <wcet number="0">160</wcet>
            <wcet number="1">290</wcet>
            <maxpow number="0.24141689140506378"/>
            <maxpow number="0.24141689140506378"/>
            <fprob>0.0</fprob>
        </actor>
        <actor name="D0N0">
            <wcet number="0">230</wcet>
            <wcet number="1">270</wcet>
            <maxpow number="0.34502754266047553"/>
            <maxpow number="0.34502754266047553"/>
            <fprob>0.0</fprob>
        </actor>
        <actor name="D0N48">
            <wcet number="0">50</wcet>
            <wcet number="1">70</wcet>
            <maxpow number="0.3869018742252722"/>
            <maxpow number="0.3869018742252722"/>
            <fprob>0.0</fprob>
        </actor>
        <actor name="D0N25">
            <wcet number="0">70</wcet>
            <wcet number="1">90</wcet>
            <maxpow number="0.6653814398479865"/>
            <maxpow number="0.6653814398479865"/>
            <fprob>0.0</fprob>
        </actor>
        <actor name="D0N24">
            <wcet number="0">160</wcet>
            <wcet number="1">200</wcet>
            <maxpow number="0.40913459377014827"/>
            <maxpow number="0.40913459377014827"/>
            <fprob>0.0</fprob>
        </actor>
        <actor name="D0N28">
            <wcet number="0">30</wcet>
            <wcet number="1">60</wcet>
            <maxpow number="0.6930380989836948"/>
            <maxpow number="0.6930380989836948"/>
            <fprob>0.0</fprob>
        </actor>
        <actor name="D0N33">
            <wcet number="0">300</wcet>
            <wcet number="1">370</wcet>
            <maxpow number="0.8151572072494071"/>
            <maxpow number="0.8151572072494071"/>
            <fprob>0.0</fprob>
        </actor>
        <actor name="D0N39">
            <wcet number="0">20</wcet>
            <wcet number="1">40</wcet>
            <maxpow number="0.8159469622028039"/>
            <maxpow number="0.8159469622028039"/>
            <fprob>0.0</fprob>
        </actor>
        <actor name="D0N5">
            <wcet number="0">10</wcet>
            <wcet number="1">20</wcet>
            <maxpow number="0.7140863106490382"/>
            <maxpow number="0.7140863106490382"/>
            <fprob>0.0</fprob>
        </actor>
        <actor name="D0N16">
            <wcet number="0">10</wcet>
            <wcet number="1">20</wcet>
            <maxpow number="0.6704325291530377"/>
            <maxpow number="0.6704325291530377"/>
            <fprob>0.0</fprob>
        </actor>
        <actor name="D0N37">
            <wcet number="0">10</wcet>
            <wcet number="1">10</wcet>
            <maxpow number="0.8055495709869664"/>
            <maxpow number="0.8055495709869664"/>
            <fprob>0.0</fprob>
        </actor>
        <actor name="D0N32">
            <wcet number="0">120</wcet>
            <wcet number="1">200</wcet>
            <maxpow number="0.08095771522679723"/>
            <maxpow number="0.08095771522679723"/>
            <fprob>0.0</fprob>
        </actor>
        <actor name="D0N34">
            <wcet number="0">280</wcet>
            <wcet number="1">590</wcet>
            <maxpow number="0.569723809414179"/>
            <maxpow number="0.569723809414179"/>
            <fprob>0.0</fprob>
        </actor>
        <actor name="D0N12">
            <wcet number="0">10</wcet>
            <wcet number="1">300</wcet>
            <maxpow number="0.6847217504382476"/>
            <maxpow number="0.6847217504382476"/>
            <fprob>0.0</fprob>
        </actor>
        <actor name="D0N45">
            <wcet number="0">100</wcet>
            <wcet number="1">100</wcet>
            <maxpow number="0.3937399554771345"/>
            <maxpow number="0.3937399554771345"/>
            <fprob>0.0</fprob>
        </actor>
        <actor name="D0N13">
            <wcet number="0">110</wcet>
            <wcet number="1">310</wcet>
            <maxpow number="0.6397460803190032"/>
            <maxpow number="0.6397460803190032"/>
            <fprob>0.0</fprob>
        </actor>
        <actor name="D0N36">
            <wcet number="0">10</wcet>
            <wcet number="1">40</wcet>
            <maxpow number="0.6525675978204502"/>
            <maxpow number="0.6525675978204502"/>
            <fprob>0.0</fprob>
        </actor>
        <actor name="D0N46">
            <wcet number="0">60</wcet>
            <wcet number="1">60</wcet>
            <maxpow number="0.634198107436905"/>
            <maxpow number="0.634198107436905"/>
            <fprob>0.0</fprob>
        </actor>
        <actor name="D0N10">
            <wcet number="0">20</wcet>
            <wcet number="1">110</wcet>
            <maxpow number="0.06660896424883783"/>
            <maxpow number="0.06660896424883783"/>
            <fprob>0.0</fprob>
        </actor>
        <actor name="D0N9">
            <wcet number="0">10</wcet>
            <wcet number="1">70</wcet>
            <maxpow number="0.7333163344162879"/>
            <maxpow number="0.7333163344162879"/>
            <fprob>0.0</fprob>
        </actor>
        <actor name="D0N17">
            <wcet number="0">10</wcet>
            <wcet number="1">70</wcet>
            <maxpow number="0.6664584960797688"/>
            <maxpow number="0.6664584960797688"/>
            <fprob>0.0</fprob>
        </actor>
        <actor name="D0N29">
            <wcet number="0">20</wcet>
            <wcet number="1">110</wcet>
            <maxpow number="0.5851434831238234"/>
            <maxpow number="0.5851434831238234"/>
            <fprob>0.0</fprob>
        </actor>
        <actor name="D0N3">
            <wcet number="0">20</wcet>
            <wcet number="1">20</wcet>
            <maxpow number="0.5196868753792745"/>
            <maxpow number="0.5196868753792745"/>
            <fprob>0.0</fprob>
        </actor>
        <actor name="D0N42">
            <wcet number="0">200</wcet>
            <wcet number="1">210</wcet>
            <maxpow number="0.6935799492462119"/>
            <maxpow number="0.6935799492462119"/>
            <fprob>0.0</fprob>
        </actor>
        <actor name="D0N15">
            <wcet number="0">10</wcet>
            <wcet number="1">50</wcet>
            <maxpow number="0.5446978073419798"/>
            <maxpow number="0.5446978073419798"/>
            <fprob>0.0</fprob>
        </actor>
        <actor name="D0N44">
            <wcet number="0">20</wcet>
            <wcet number="1">20</wcet>
            <maxpow number="0.4078900944163446"/>
            <maxpow number="0.4078900944163446"/>
            <fprob>0.0</fprob>
        </actor>
        <actor name="D0N1">
            <wcet number="0">20</wcet>
            <wcet number="1">30</wcet>
            <maxpow number="0.27764727090930863"/>
            <maxpow number="0.27764727090930863"/>
            <fprob>0.0</fprob>
        </actor>
        <actor name="D0N41">
            <wcet number="0">20</wcet>
            <wcet number="1">50</wcet>
            <maxpow number="0.6557872506464352"/>
            <maxpow number="0.6557872506464352"/>
            <fprob>0.0</fprob>
        </actor>
        <actor name="D0N22">
            <wcet number="0">100</wcet>
            <wcet number="1">240</wcet>
            <maxpow number="0.40847635758952705"/>
            <maxpow number="0.40847635758952705"/>
            <fprob>0.0</fprob>
        </actor>
        <actor name="D0N18">
            <wcet number="0">130</wcet>
            <wcet number="1">230</wcet>
            <maxpow number="0.40285971567336565"/>
            <maxpow number="0.40285971567336565"/>
            <fprob>0.0</fprob>
        </actor>
        <ports>
            <port dstActor="D0N30" name="p0" srcActor="D0N8"/>
            <port dstActor="D0N14" name="p1" srcActor="D0N8"/>
            <port dstActor="D0N42" name="p2" srcActor="D0N8"/>
            <port dstActor="D0N21" name="p3" srcActor="D0N8"/>
            <port dstActor="D0N47" name="p4" srcActor="D0N26"/>
            <port dstActor="D0N45" name="p5" srcActor="D0N30"/>
            <port dstActor="D0N29" name="p6" srcActor="D0N4"/>
            <port dstActor="D0N10" name="p7" srcActor="D0N4"/>
            <port dstActor="D0N5" name="p8" srcActor="D0N4"/>
            <port dstActor="D0N46" name="p9" srcActor="D0N4"/>
            <port dstActor="D0N8" name="p10" srcActor="D0N4"/>
            <port dstActor="D0N35" name="p11" srcActor="D0N4"/>
            <port dstActor="D0N45" name="p12" srcActor="D0N4"/>
            <port dstActor="D0N39" name="p13" srcActor="D0N2"/>
            <port dstActor="D0N29" name="p14" srcActor="D0N2"/>
            <port dstActor="D0N12" name="p15" srcActor="D0N2"/>
            <port dstActor="D0N16" name="p16" srcActor="D0N6"/>
            <port dstActor="D0N48" name="p17" srcActor="D0N6"/>
            <port dstActor="D0N40" name="p18" srcActor="D0N6"/>
            <port dstActor="D0N21" name="p19" srcActor="D0N6"/>
            <port dstActor="D0N13" name="p20" srcActor="D0N6"/>
            <port dstActor="D0N12" name="p21" srcActor="D0N6"/>
            <port dstActor="D0N48" name="p22" srcActor="D0N38"/>
            <port dstActor="D0N44" name="p23" srcActor="D0N38"/>
            <port dstActor="D0N40" name="p24" srcActor="D0N38"/>
            <port dstActor="D0N46" name="p25" srcActor="D0N38"/>
            <port dstActor="D0N37" name="p26" srcActor="D0N35"/>
            <port dstActor="D0N47" name="p27" srcActor="D0N7"/>
            <port dstActor="D0N25" name="p28" srcActor="D0N7"/>
            <port dstActor="D0N21" name="p29" srcActor="D0N7"/>
            <port dstActor="D0N19" name="p30" srcActor="D0N7"/>
            <port dstActor="D0N39" name="p31" srcActor="D0N21"/>
            <port dstActor="D0N46" name="p32" srcActor="D0N21"/>
            <port dstActor="D0N24" name="p33" srcActor="D0N21"/>
            <port dstActor="D0N33" name="p34" srcActor="D0N21"/>
            <port dstActor="D0N42" name="p35" srcActor="D0N20"/>
            <port dstActor="D0N44" name="p36" srcActor="D0N20"/>
            <port dstActor="D0N45" name="p37" srcActor="D0N20"/>
            <port dstActor="D0N39" name="p38" srcActor="D0N23"/>
            <port dstActor="D0N48" name="p39" srcActor="D0N23"/>
            <port dstActor="D0N42" name="p40" srcActor="D0N23"/>
            <port dstActor="D0N40" name="p41" srcActor="D0N27"/>
            <port dstActor="D0N29" name="p42" srcActor="D0N27"/>
            <port dstActor="D0N41" name="p43" srcActor="D0N27"/>
            <port dstActor="D0N38" name="p44" srcActor="D0N14"/>
            <port dstActor="D0N33" name="p45" srcActor="D0N14"/>
            <port dstActor="D0N20" name="p46" srcActor="D0N14"/>
            <port dstActor="D0N42" name="p47" srcActor="D0N14"/>
            <port dstActor="D0N25" name="p48" srcActor="D0N14"/>
            <port dstActor="D0N35" name="p49" srcActor="D0N14"/>
            <port dstActor="D0N46" name="p50" srcActor="D0N14"/>
            <port dstActor="D0N35" name="p51" srcActor="D0N11"/>
            <port dstActor="D0N44" name="p52" srcActor="D0N11"/>
            <port dstActor="D0N32" name="p53" srcActor="D0N11"/>
            <port dstActor="D0N1" name="p54" srcActor="D0N0"/>
            <port dstActor="D0N12" name="p55" srcActor="D0N0"/>
            <port dstActor="D0N34" name="p56" srcActor="D0N0"/>
            <port dstActor="D0N4" name="p57" srcActor="D0N0"/>
            <port dstActor="D0N35" name="p58" srcActor="D0N25"/>
            <port dstActor="D0N26" name="p59" srcActor="D0N24"/>
            <port dstActor="D0N27" name="p60" srcActor="D0N24"/>
            <port dstActor="D0N29" name="p61" srcActor="D0N24"/>
            <port dstActor="D0N39" name="p62" srcActor="D0N24"/>
            <port dstActor="D0N46" name="p63" srcActor="D0N24"/>
            <port dstActor="D0N37" name="p64" srcActor="D0N28"/>
            <port dstActor="D0N32" name="p65" srcActor="D0N28"/>
            <port dstActor="D0N38" name="p66" srcActor="D0N28"/>
            <port dstActor="D0N38" name="p67" srcActor="D0N33"/>
            <port dstActor="D0N43" name="p68" srcActor="D0N39"/>
            <port dstActor="D0N42" name="p69" srcActor="D0N39"/>
            <port dstActor="D0N29" name="p70" srcActor="D0N5"/>
            <port dstActor="D0N22" name="p71" srcActor="D0N5"/>
            <port dstActor="D0N34" name="p72" srcActor="D0N5"/>
            <port dstActor="D0N11" name="p73" srcActor="D0N5"/>
            <port dstActor="D0N31" name="p74" srcActor="D0N5"/>
            <port dstActor="D0N24" name="p75" srcActor="D0N16"/>
            <port dstActor="D0N35" name="p76" srcActor="D0N16"/>
            <port dstActor="D0N27" name="p77" srcActor="D0N16"/>
            <port dstActor="D0N48" name="p78" srcActor="D0N32"/>
            <port dstActor="D0N40" name="p79" srcActor="D0N32"/>
            <port dstActor="D0N47" name="p80" srcActor="D0N34"/>
            <port dstActor="D0N38" name="p81" srcActor="D0N34"/>
            <port dstActor="D0N46" name="p82" srcActor="D0N34"/>
            <port dstActor="D0N20" name="p83" srcActor="D0N12"/>
            <port dstActor="D0N17" name="p84" srcActor="D0N12"/>
            <port dstActor="D0N28" name="p85" srcActor="D0N12"/>
            <port dstActor="D0N46" name="p86" srcActor="D0N45"/>
            <port dstActor="D0N15" name="p87" srcActor="D0N13"/>
            <port dstActor="D0N26" name="p88" srcActor="D0N13"/>
            <port dstActor="D0N31" name="p89" srcActor="D0N13"/>
            <port dstActor="D0N28" name="p90" srcActor="D0N13"/>
            <port dstActor="D0N47" name="p91" srcActor="D0N46"/>
            <port dstActor="D0N29" name="p92" srcActor="D0N10"/>
            <port dstActor="D0N26" name="p93" srcActor="D0N10"/>
            <port dstActor="D0N22" name="p94" srcActor="D0N10"/>
            <port dstActor="D0N43" name="p95" srcActor="D0N9"/>
            <port dstActor="D0N24" name="p96" srcActor="D0N9"/>
            <port dstActor="D0N38" name="p97" srcActor="D0N9"/>
            <port dstActor="D0N47" name="p98" srcActor="D0N9"/>
            <port dstActor="D0N20" name="p99" srcActor="D0N17"/>
            <port dstActor="D0N19" name="p100" srcActor="D0N17"/>
            <port dstActor="D0N44" name="p101" srcActor="D0N29"/>
            <port dstActor="D0N30" name="p102" srcActor="D0N29"/>
            <port dstActor="D0N10" name="p103" srcActor="D0N3"/>
            <port dstActor="D0N38" name="p104" srcActor="D0N3"/>
            <port dstActor="D0N27" name="p105" srcActor="D0N3"/>
            <port dstActor="D0N9" name="p106" srcActor="D0N3"/>
            <port dstActor="D0N35" name="p107" srcActor="D0N3"/>
            <port dstActor="D0N32" name="p108" srcActor="D0N3"/>
            <port dstActor="D0N23" name="p109" srcActor="D0N15"/>
            <port dstActor="D0N38" name="p110" srcActor="D0N15"/>
            <port dstActor="D0N24" name="p111" srcActor="D0N15"/>
            <port dstActor="D0N33" name="p112" srcActor="D0N15"/>
            <port dstActor="D0N39" name="p113" srcActor="D0N1"/>
            <port dstActor="D0N45" name="p114" srcActor="D0N41"/>
            <port dstActor="D0N30" name="p115" srcActor="D0N22"/>
            <port dstActor="D0N48" name="p116" srcActor="D0N22"/>
            <port dstActor="D0N28" name="p117" srcActor="D0N22"/>
            <port dstActor="D0N20" name="p118" srcActor="D0N18"/>
            <port dstActor="D0N27" name="p119" srcActor="D0N18"/>
            <port dstActor="D0N43" name="p120" srcActor="D0N18"/>
            <port dstActor="D0N22" name="p121" srcActor="D0N18"/>
        </ports>
    </mcdag>
    <cores number="3"/>
    <levels number="2"/>
</mcsystem>
