<?xml version="1.0" encoding="UTF-8" standalone="no"?>
<mcsystem>
    <mcdag deadline="2500" name="genned-0-ed-10.0-0">
        <actor name="D0N6">
            <wcet number="0">60</wcet>
            <wcet number="1">120</wcet>
            <maxpow number="0.5248380490427379"/>
            <maxpow number="0.5248380490427379"/>
            <fprob>0.0</fprob>
        </actor>
        <actor name="D0N40">
            <wcet number="0">20</wcet>
            <wcet number="1">40</wcet>
            <maxpow number="0.4845561264385868"/>
            <maxpow number="0.4845561264385868"/>
            <fprob>0.0</fprob>
        </actor>
        <actor name="D0N31">
            <wcet number="0">20</wcet>
            <wcet number="1">40</wcet>
            <maxpow number="0.5794802405256152"/>
            <maxpow number="0.5794802405256152"/>
            <fprob>0.0</fprob>
        </actor>
        <actor name="D0N17">
            <wcet number="0">130</wcet>
            <wcet number="1">340</wcet>
            <maxpow number="0.5513736509287613"/>
            <maxpow number="0.5513736509287613"/>
            <fprob>0.0</fprob>
        </actor>
        <actor name="D0N15">
            <wcet number="0">200</wcet>
            <wcet number="1">350</wcet>
            <maxpow number="0.6514210589628717"/>
            <maxpow number="0.6514210589628717"/>
            <fprob>0.0</fprob>
        </actor>
        <actor name="D0N10">
            <wcet number="0">130</wcet>
            <wcet number="1">380</wcet>
            <maxpow number="0.4212449395253527"/>
            <maxpow number="0.4212449395253527"/>
            <fprob>0.0</fprob>
        </actor>
        <actor name="D0N45">
            <wcet number="0">20</wcet>
            <wcet number="1">80</wcet>
            <maxpow number="0.7641600059364666"/>
            <maxpow number="0.7641600059364666"/>
            <fprob>0.0</fprob>
        </actor>
        <actor name="D0N29">
            <wcet number="0">40</wcet>
            <wcet number="1">190</wcet>
            <maxpow number="0.4792528669859709"/>
            <maxpow number="0.4792528669859709"/>
            <fprob>0.0</fprob>
        </actor>
        <actor name="D0N16">
            <wcet number="0">80</wcet>
            <wcet number="1">100</wcet>
            <maxpow number="0.481335417200785"/>
            <maxpow number="0.481335417200785"/>
            <fprob>0.0</fprob>
        </actor>
        <actor name="D0N36">
            <wcet number="0">10</wcet>
            <wcet number="1">50</wcet>
            <maxpow number="0.6654985529238665"/>
            <maxpow number="0.6654985529238665"/>
            <fprob>0.0</fprob>
        </actor>
        <actor name="D0N37">
            <wcet number="0">380</wcet>
            <wcet number="1">600</wcet>
            <maxpow number="0.5246613491840489"/>
            <maxpow number="0.5246613491840489"/>
            <fprob>0.0</fprob>
        </actor>
        <actor name="D0N11">
            <wcet number="0">10</wcet>
            <wcet number="1">20</wcet>
            <maxpow number="0.6470587850347013"/>
            <maxpow number="0.6470587850347013"/>
            <fprob>0.0</fprob>
        </actor>
        <actor name="D0N28">
            <wcet number="0">30</wcet>
            <wcet number="1">30</wcet>
            <maxpow number="0.5630436880074268"/>
            <maxpow number="0.5630436880074268"/>
            <fprob>0.0</fprob>
        </actor>
        <actor name="D0N32">
            <wcet number="0">40</wcet>
            <wcet number="1">130</wcet>
            <maxpow number="0.6263158868271339"/>
            <maxpow number="0.6263158868271339"/>
            <fprob>0.0</fprob>
        </actor>
        <actor name="D0N46">
            <wcet number="0">60</wcet>
            <wcet number="1">70</wcet>
            <maxpow number="0.6506784991319882"/>
            <maxpow number="0.6506784991319882"/>
            <fprob>0.0</fprob>
        </actor>
        <actor name="D0N1">
            <wcet number="0">10</wcet>
            <wcet number="1">10</wcet>
            <maxpow number="0.6935463635216607"/>
            <maxpow number="0.6935463635216607"/>
            <fprob>0.0</fprob>
        </actor>
        <actor name="D0N4">
            <wcet number="0">10</wcet>
            <wcet number="1">10</wcet>
            <maxpow number="0.40227455116285576"/>
            <maxpow number="0.40227455116285576"/>
            <fprob>0.0</fprob>
        </actor>
        <actor name="D0N3">
            <wcet number="0">30</wcet>
            <wcet number="1">50</wcet>
            <maxpow number="0.4480401060471889"/>
            <maxpow number="0.4480401060471889"/>
            <fprob>0.0</fprob>
        </actor>
        <actor name="D0N0">
            <wcet number="0">30</wcet>
            <wcet number="1">180</wcet>
            <maxpow number="0.28675385593223346"/>
            <maxpow number="0.28675385593223346"/>
            <fprob>0.0</fprob>
        </actor>
        <actor name="D0N35">
            <wcet number="0">160</wcet>
            <wcet number="1">260</wcet>
            <maxpow number="0.3191503082553129"/>
            <maxpow number="0.3191503082553129"/>
            <fprob>0.0</fprob>
        </actor>
        <actor name="D0N2">
            <wcet number="0">10</wcet>
            <wcet number="1">20</wcet>
            <maxpow number="0.4713830802390041"/>
            <maxpow number="0.4713830802390041"/>
            <fprob>0.0</fprob>
        </actor>
        <actor name="D0N30">
            <wcet number="0">150</wcet>
            <wcet number="1">270</wcet>
            <maxpow number="0.3186807701784717"/>
            <maxpow number="0.3186807701784717"/>
            <fprob>0.0</fprob>
        </actor>
        <actor name="D0N25">
            <wcet number="0">50</wcet>
            <wcet number="1">90</wcet>
            <maxpow number="0.7256405251337545"/>
            <maxpow number="0.7256405251337545"/>
            <fprob>0.0</fprob>
        </actor>
        <actor name="D0N41">
            <wcet number="0">40</wcet>
            <wcet number="1">170</wcet>
            <maxpow number="0.4218689562531244"/>
            <maxpow number="0.4218689562531244"/>
            <fprob>0.0</fprob>
        </actor>
        <actor name="D0N34">
            <wcet number="0">50</wcet>
            <wcet number="1">210</wcet>
            <maxpow number="0.34241492121967365"/>
            <maxpow number="0.34241492121967365"/>
            <fprob>0.0</fprob>
        </actor>
        <actor name="D0N43">
            <wcet number="0">140</wcet>
            <wcet number="1">200</wcet>
            <maxpow number="0.4558836675451248"/>
            <maxpow number="0.4558836675451248"/>
            <fprob>0.0</fprob>
        </actor>
        <actor name="D0N5">
            <wcet number="0">280</wcet>
            <wcet number="1">360</wcet>
            <maxpow number="0.5699552226335158"/>
            <maxpow number="0.5699552226335158"/>
            <fprob>0.0</fprob>
        </actor>
        <actor name="D0N7">
            <wcet number="0">30</wcet>
            <wcet number="1">30</wcet>
            <maxpow number="0.40513401511232416"/>
            <maxpow number="0.40513401511232416"/>
            <fprob>0.0</fprob>
        </actor>
        <actor name="D0N38">
            <wcet number="0">20</wcet>
            <wcet number="1">20</wcet>
            <maxpow number="0.567985764478717"/>
            <maxpow number="0.567985764478717"/>
            <fprob>0.0</fprob>
        </actor>
        <actor name="D0N26">
            <wcet number="0">10</wcet>
            <wcet number="1">10</wcet>
            <maxpow number="0.5408071017405224"/>
            <maxpow number="0.5408071017405224"/>
            <fprob>0.0</fprob>
        </actor>
        <actor name="D0N18">
            <wcet number="0">70</wcet>
            <wcet number="1">150</wcet>
            <maxpow number="0.5172218413159695"/>
            <maxpow number="0.5172218413159695"/>
            <fprob>0.0</fprob>
        </actor>
        <actor name="D0N39">
            <wcet number="0">20</wcet>
            <wcet number="1">30</wcet>
            <maxpow number="0.5655177562542862"/>
            <maxpow number="0.5655177562542862"/>
            <fprob>0.0</fprob>
        </actor>
        <actor name="D0N13">
            <wcet number="0">30</wcet>
            <wcet number="1">80</wcet>
            <maxpow number="0.3482728921827455"/>
            <maxpow number="0.3482728921827455"/>
            <fprob>0.0</fprob>
        </actor>
        <actor name="D0N21">
            <wcet number="0">190</wcet>
            <wcet number="1">360</wcet>
            <maxpow number="0.5046970897949741"/>
            <maxpow number="0.5046970897949741"/>
            <fprob>0.0</fprob>
        </actor>
        <actor name="D0N22">
            <wcet number="0">20</wcet>
            <wcet number="1">40</wcet>
            <maxpow number="0.5457576865999079"/>
            <maxpow number="0.5457576865999079"/>
            <fprob>0.0</fprob>
        </actor>
        <actor name="D0N9">
            <wcet number="0">30</wcet>
            <wcet number="1">110</wcet>
            <maxpow number="0.520939790620845"/>
            <maxpow number="0.520939790620845"/>
            <fprob>0.0</fprob>
        </actor>
        <actor name="D0N19">
            <wcet number="0">160</wcet>
            <wcet number="1">170</wcet>
            <maxpow number="0.614431892041152"/>
            <maxpow number="0.614431892041152"/>
            <fprob>0.0</fprob>
        </actor>
        <actor name="D0N23">
            <wcet number="0">170</wcet>
            <wcet number="1">180</wcet>
            <maxpow number="0.4073117975191961"/>
            <maxpow number="0.4073117975191961"/>
            <fprob>0.0</fprob>
        </actor>
        <actor name="D0N47">
            <wcet number="0">60</wcet>
            <wcet number="1">80</wcet>
            <maxpow number="0.22719740186358278"/>
            <maxpow number="0.22719740186358278"/>
            <fprob>0.0</fprob>
        </actor>
        <actor name="D0N20">
            <wcet number="0">10</wcet>
            <wcet number="1">10</wcet>
            <maxpow number="0.7277498661859791"/>
            <maxpow number="0.7277498661859791"/>
            <fprob>0.0</fprob>
        </actor>
        <actor name="D0N24">
            <wcet number="0">20</wcet>
            <wcet number="1">110</wcet>
            <maxpow number="0.5279944789070132"/>
            <maxpow number="0.5279944789070132"/>
            <fprob>0.0</fprob>
        </actor>
        <actor name="D0N48">
            <wcet number="0">30</wcet>
            <wcet number="1">80</wcet>
            <maxpow number="0.5168721105808437"/>
            <maxpow number="0.5168721105808437"/>
            <fprob>0.0</fprob>
        </actor>
        <actor name="D0N44">
            <wcet number="0">300</wcet>
            <wcet number="1">330</wcet>
            <maxpow number="0.4197329592614612"/>
            <maxpow number="0.4197329592614612"/>
            <fprob>0.0</fprob>
        </actor>
        <actor name="D0N14">
            <wcet number="0">10</wcet>
            <wcet number="1">10</wcet>
            <maxpow number="0.8340845572227664"/>
            <maxpow number="0.8340845572227664"/>
            <fprob>0.0</fprob>
        </actor>
        <actor name="D0N12">
            <wcet number="0">20</wcet>
            <wcet number="1">30</wcet>
            <maxpow number="0.5317676802920123"/>
            <maxpow number="0.5317676802920123"/>
            <fprob>0.0</fprob>
        </actor>
        <actor name="D0N27">
            <wcet number="0">120</wcet>
            <wcet number="1">450</wcet>
            <maxpow number="0.5463149615143981"/>
            <maxpow number="0.5463149615143981"/>
            <fprob>0.0</fprob>
        </actor>
        <actor name="D0N42">
            <wcet number="0">20</wcet>
            <wcet number="1">20</wcet>
            <maxpow number="0.4760875258010745"/>
            <maxpow number="0.4760875258010745"/>
            <fprob>0.0</fprob>
        </actor>
        <actor name="D0N8">
            <wcet number="0">30</wcet>
            <wcet number="1">40</wcet>
            <maxpow number="0.7236312610348333"/>
            <maxpow number="0.7236312610348333"/>
            <fprob>0.0</fprob>
        </actor>
        <actor name="D0N33">
            <wcet number="0">40</wcet>
            <wcet number="1">40</wcet>
            <maxpow number="-0.031048648196760342"/>
            <maxpow number="-0.031048648196760342"/>
            <fprob>0.0</fprob>
        </actor>
        <ports>
            <port dstActor="D0N10" name="p0" srcActor="D0N6"/>
            <port dstActor="D0N24" name="p1" srcActor="D0N6"/>
            <port dstActor="D0N47" name="p2" srcActor="D0N6"/>
            <port dstActor="D0N45" name="p3" srcActor="D0N40"/>
            <port dstActor="D0N37" name="p4" srcActor="D0N31"/>
            <port dstActor="D0N39" name="p5" srcActor="D0N17"/>
            <port dstActor="D0N32" name="p6" srcActor="D0N17"/>
            <port dstActor="D0N35" name="p7" srcActor="D0N15"/>
            <port dstActor="D0N24" name="p8" srcActor="D0N15"/>
            <port dstActor="D0N44" name="p9" srcActor="D0N15"/>
            <port dstActor="D0N12" name="p10" srcActor="D0N10"/>
            <port dstActor="D0N13" name="p11" srcActor="D0N10"/>
            <port dstActor="D0N21" name="p12" srcActor="D0N10"/>
            <port dstActor="D0N45" name="p13" srcActor="D0N10"/>
            <port dstActor="D0N48" name="p14" srcActor="D0N45"/>
            <port dstActor="D0N47" name="p15" srcActor="D0N29"/>
            <port dstActor="D0N40" name="p16" srcActor="D0N29"/>
            <port dstActor="D0N30" name="p17" srcActor="D0N29"/>
            <port dstActor="D0N46" name="p18" srcActor="D0N16"/>
            <port dstActor="D0N27" name="p19" srcActor="D0N16"/>
            <port dstActor="D0N43" name="p20" srcActor="D0N16"/>
            <port dstActor="D0N43" name="p21" srcActor="D0N37"/>
            <port dstActor="D0N22" name="p22" srcActor="D0N11"/>
            <port dstActor="D0N42" name="p23" srcActor="D0N28"/>
            <port dstActor="D0N44" name="p24" srcActor="D0N28"/>
            <port dstActor="D0N33" name="p25" srcActor="D0N28"/>
            <port dstActor="D0N40" name="p26" srcActor="D0N28"/>
            <port dstActor="D0N39" name="p27" srcActor="D0N1"/>
            <port dstActor="D0N27" name="p28" srcActor="D0N1"/>
            <port dstActor="D0N10" name="p29" srcActor="D0N1"/>
            <port dstActor="D0N37" name="p30" srcActor="D0N1"/>
            <port dstActor="D0N12" name="p31" srcActor="D0N4"/>
            <port dstActor="D0N28" name="p32" srcActor="D0N4"/>
            <port dstActor="D0N45" name="p33" srcActor="D0N4"/>
            <port dstActor="D0N19" name="p34" srcActor="D0N4"/>
            <port dstActor="D0N30" name="p35" srcActor="D0N3"/>
            <port dstActor="D0N16" name="p36" srcActor="D0N3"/>
            <port dstActor="D0N25" name="p37" srcActor="D0N3"/>
            <port dstActor="D0N15" name="p38" srcActor="D0N3"/>
            <port dstActor="D0N21" name="p39" srcActor="D0N3"/>
            <port dstActor="D0N40" name="p40" srcActor="D0N3"/>
            <port dstActor="D0N23" name="p41" srcActor="D0N0"/>
            <port dstActor="D0N7" name="p42" srcActor="D0N0"/>
            <port dstActor="D0N25" name="p43" srcActor="D0N0"/>
            <port dstActor="D0N21" name="p44" srcActor="D0N0"/>
            <port dstActor="D0N14" name="p45" srcActor="D0N0"/>
            <port dstActor="D0N16" name="p46" srcActor="D0N0"/>
            <port dstActor="D0N43" name="p47" srcActor="D0N0"/>
            <port dstActor="D0N47" name="p48" srcActor="D0N35"/>
            <port dstActor="D0N39" name="p49" srcActor="D0N35"/>
            <port dstActor="D0N37" name="p50" srcActor="D0N2"/>
            <port dstActor="D0N45" name="p51" srcActor="D0N2"/>
            <port dstActor="D0N44" name="p52" srcActor="D0N2"/>
            <port dstActor="D0N33" name="p53" srcActor="D0N2"/>
            <port dstActor="D0N8" name="p54" srcActor="D0N2"/>
            <port dstActor="D0N20" name="p55" srcActor="D0N2"/>
            <port dstActor="D0N14" name="p56" srcActor="D0N2"/>
            <port dstActor="D0N17" name="p57" srcActor="D0N2"/>
            <port dstActor="D0N24" name="p58" srcActor="D0N2"/>
            <port dstActor="D0N40" name="p59" srcActor="D0N30"/>
            <port dstActor="D0N35" name="p60" srcActor="D0N30"/>
            <port dstActor="D0N17" name="p61" srcActor="D0N5"/>
            <port dstActor="D0N25" name="p62" srcActor="D0N5"/>
            <port dstActor="D0N36" name="p63" srcActor="D0N5"/>
            <port dstActor="D0N45" name="p64" srcActor="D0N5"/>
            <port dstActor="D0N23" name="p65" srcActor="D0N7"/>
            <port dstActor="D0N21" name="p66" srcActor="D0N7"/>
            <port dstActor="D0N27" name="p67" srcActor="D0N7"/>
            <port dstActor="D0N36" name="p68" srcActor="D0N7"/>
            <port dstActor="D0N8" name="p69" srcActor="D0N7"/>
            <port dstActor="D0N44" name="p70" srcActor="D0N38"/>
            <port dstActor="D0N45" name="p71" srcActor="D0N38"/>
            <port dstActor="D0N29" name="p72" srcActor="D0N26"/>
            <port dstActor="D0N35" name="p73" srcActor="D0N26"/>
            <port dstActor="D0N33" name="p74" srcActor="D0N18"/>
            <port dstActor="D0N43" name="p75" srcActor="D0N18"/>
            <port dstActor="D0N20" name="p76" srcActor="D0N18"/>
            <port dstActor="D0N29" name="p77" srcActor="D0N18"/>
            <port dstActor="D0N45" name="p78" srcActor="D0N18"/>
            <port dstActor="D0N40" name="p79" srcActor="D0N18"/>
            <port dstActor="D0N30" name="p80" srcActor="D0N13"/>
            <port dstActor="D0N28" name="p81" srcActor="D0N13"/>
            <port dstActor="D0N43" name="p82" srcActor="D0N21"/>
            <port dstActor="D0N46" name="p83" srcActor="D0N21"/>
            <port dstActor="D0N33" name="p84" srcActor="D0N22"/>
            <port dstActor="D0N26" name="p85" srcActor="D0N22"/>
            <port dstActor="D0N23" name="p86" srcActor="D0N22"/>
            <port dstActor="D0N43" name="p87" srcActor="D0N22"/>
            <port dstActor="D0N47" name="p88" srcActor="D0N22"/>
            <port dstActor="D0N48" name="p89" srcActor="D0N22"/>
            <port dstActor="D0N38" name="p90" srcActor="D0N9"/>
            <port dstActor="D0N47" name="p91" srcActor="D0N9"/>
            <port dstActor="D0N46" name="p92" srcActor="D0N19"/>
            <port dstActor="D0N45" name="p93" srcActor="D0N19"/>
            <port dstActor="D0N43" name="p94" srcActor="D0N23"/>
            <port dstActor="D0N27" name="p95" srcActor="D0N23"/>
            <port dstActor="D0N32" name="p96" srcActor="D0N23"/>
            <port dstActor="D0N39" name="p97" srcActor="D0N23"/>
            <port dstActor="D0N48" name="p98" srcActor="D0N23"/>
            <port dstActor="D0N25" name="p99" srcActor="D0N23"/>
            <port dstActor="D0N38" name="p100" srcActor="D0N23"/>
            <port dstActor="D0N29" name="p101" srcActor="D0N20"/>
            <port dstActor="D0N47" name="p102" srcActor="D0N44"/>
            <port dstActor="D0N45" name="p103" srcActor="D0N44"/>
            <port dstActor="D0N41" name="p104" srcActor="D0N14"/>
            <port dstActor="D0N35" name="p105" srcActor="D0N14"/>
            <port dstActor="D0N23" name="p106" srcActor="D0N14"/>
            <port dstActor="D0N16" name="p107" srcActor="D0N14"/>
            <port dstActor="D0N32" name="p108" srcActor="D0N12"/>
            <port dstActor="D0N44" name="p109" srcActor="D0N12"/>
            <port dstActor="D0N30" name="p110" srcActor="D0N12"/>
            <port dstActor="D0N35" name="p111" srcActor="D0N12"/>
            <port dstActor="D0N48" name="p112" srcActor="D0N27"/>
            <port dstActor="D0N47" name="p113" srcActor="D0N27"/>
            <port dstActor="D0N39" name="p114" srcActor="D0N27"/>
            <port dstActor="D0N35" name="p115" srcActor="D0N8"/>
            <port dstActor="D0N34" name="p116" srcActor="D0N8"/>
            <port dstActor="D0N20" name="p117" srcActor="D0N8"/>
            <port dstActor="D0N46" name="p118" srcActor="D0N33"/>
        </ports>
    </mcdag>
    <cores number="3"/>
    <levels number="2"/>
</mcsystem>
