<?xml version="1.0" encoding="UTF-8" standalone="no"?>
<mcsystem>
    <mcdag deadline="1200" name="genned-0-ed-10.0-0">
        <actor name="D0N44">
            <wcet number="0">10</wcet>
            <wcet number="1">70</wcet>
            <maxpow number="0.24864889901227338"/>
            <maxpow number="0.24864889901227338"/>
            <fprob>0.0</fprob>
        </actor>
        <actor name="D0N17">
            <wcet number="0">10</wcet>
            <wcet number="1">10</wcet>
            <maxpow number="0.46670571806715455"/>
            <maxpow number="0.46670571806715455"/>
            <fprob>0.0</fprob>
        </actor>
        <actor name="D0N33">
            <wcet number="0">30</wcet>
            <wcet number="1">30</wcet>
            <maxpow number="0.7910854385182909"/>
            <maxpow number="0.7910854385182909"/>
            <fprob>0.0</fprob>
        </actor>
        <actor name="D0N19">
            <wcet number="0">10</wcet>
            <wcet number="1">30</wcet>
            <maxpow number="0.7474167346597249"/>
            <maxpow number="0.7474167346597249"/>
            <fprob>0.0</fprob>
        </actor>
        <actor name="D0N29">
            <wcet number="0">20</wcet>
            <wcet number="1">40</wcet>
            <maxpow number="0.5413966795991013"/>
            <maxpow number="0.5413966795991013"/>
            <fprob>0.0</fprob>
        </actor>
        <actor name="D0N40">
            <wcet number="0">20</wcet>
            <wcet number="1">20</wcet>
            <maxpow number="0.7123506486660134"/>
            <maxpow number="0.7123506486660134"/>
            <fprob>0.0</fprob>
        </actor>
        <actor name="D0N18">
            <wcet number="0">10</wcet>
            <wcet number="1">40</wcet>
            <maxpow number="0.5253103979795324"/>
            <maxpow number="0.5253103979795324"/>
            <fprob>0.0</fprob>
        </actor>
        <actor name="D0N0">
            <wcet number="0">40</wcet>
            <wcet number="1">40</wcet>
            <maxpow number="0.8786269444094121"/>
            <maxpow number="0.8786269444094121"/>
            <fprob>0.0</fprob>
        </actor>
        <actor name="D0N7">
            <wcet number="0">10</wcet>
            <wcet number="1">10</wcet>
            <maxpow number="0.23552491406450965"/>
            <maxpow number="0.23552491406450965"/>
            <fprob>0.0</fprob>
        </actor>
        <actor name="D0N1">
            <wcet number="0">30</wcet>
            <wcet number="1">40</wcet>
            <maxpow number="0.6730103891095259"/>
            <maxpow number="0.6730103891095259"/>
            <fprob>0.0</fprob>
        </actor>
        <actor name="D0N32">
            <wcet number="0">20</wcet>
            <wcet number="1">60</wcet>
            <maxpow number="0.6029454777788289"/>
            <maxpow number="0.6029454777788289"/>
            <fprob>0.0</fprob>
        </actor>
        <actor name="D0N23">
            <wcet number="0">10</wcet>
            <wcet number="1">90</wcet>
            <maxpow number="0.5530716675030499"/>
            <maxpow number="0.5530716675030499"/>
            <fprob>0.0</fprob>
        </actor>
        <actor name="D0N6">
            <wcet number="0">90</wcet>
            <wcet number="1">150</wcet>
            <maxpow number="0.7690740340018246"/>
            <maxpow number="0.7690740340018246"/>
            <fprob>0.0</fprob>
        </actor>
        <actor name="D0N4">
            <wcet number="0">20</wcet>
            <wcet number="1">20</wcet>
            <maxpow number="0.43989759181287025"/>
            <maxpow number="0.43989759181287025"/>
            <fprob>0.0</fprob>
        </actor>
        <actor name="D0N31">
            <wcet number="0">10</wcet>
            <wcet number="1">30</wcet>
            <maxpow number="0.7517529440066346"/>
            <maxpow number="0.7517529440066346"/>
            <fprob>0.0</fprob>
        </actor>
        <actor name="D0N26">
            <wcet number="0">10</wcet>
            <wcet number="1">40</wcet>
            <maxpow number="0.20631124090340097"/>
            <maxpow number="0.20631124090340097"/>
            <fprob>0.0</fprob>
        </actor>
        <actor name="D0N8">
            <wcet number="0">10</wcet>
            <wcet number="1">10</wcet>
            <maxpow number="0.492474861862448"/>
            <maxpow number="0.492474861862448"/>
            <fprob>0.0</fprob>
        </actor>
        <actor name="D0N11">
            <wcet number="0">30</wcet>
            <wcet number="1">60</wcet>
            <maxpow number="0.37660153241168326"/>
            <maxpow number="0.37660153241168326"/>
            <fprob>0.0</fprob>
        </actor>
        <actor name="D0N2">
            <wcet number="0">30</wcet>
            <wcet number="1">130</wcet>
            <maxpow number="0.21069638882329517"/>
            <maxpow number="0.21069638882329517"/>
            <fprob>0.0</fprob>
        </actor>
        <actor name="D0N45">
            <wcet number="0">50</wcet>
            <wcet number="1">70</wcet>
            <maxpow number="0.40130840414536456"/>
            <maxpow number="0.40130840414536456"/>
            <fprob>0.0</fprob>
        </actor>
        <actor name="D0N37">
            <wcet number="0">10</wcet>
            <wcet number="1">10</wcet>
            <maxpow number="0.5419330540483117"/>
            <maxpow number="0.5419330540483117"/>
            <fprob>0.0</fprob>
        </actor>
        <actor name="D0N14">
            <wcet number="0">50</wcet>
            <wcet number="1">160</wcet>
            <maxpow number="0.7224693674878659"/>
            <maxpow number="0.7224693674878659"/>
            <fprob>0.0</fprob>
        </actor>
        <actor name="D0N35">
            <wcet number="0">40</wcet>
            <wcet number="1">40</wcet>
            <maxpow number="0.7497075476223894"/>
            <maxpow number="0.7497075476223894"/>
            <fprob>0.0</fprob>
        </actor>
        <actor name="D0N22">
            <wcet number="0">10</wcet>
            <wcet number="1">20</wcet>
            <maxpow number="0.32511847899430274"/>
            <maxpow number="0.32511847899430274"/>
            <fprob>0.0</fprob>
        </actor>
        <actor name="D0N10">
            <wcet number="0">30</wcet>
            <wcet number="1">110</wcet>
            <maxpow number="0.6300500337344913"/>
            <maxpow number="0.6300500337344913"/>
            <fprob>0.0</fprob>
        </actor>
        <actor name="D0N34">
            <wcet number="0">60</wcet>
            <wcet number="1">130</wcet>
            <maxpow number="0.4971364878862282"/>
            <maxpow number="0.4971364878862282"/>
            <fprob>0.0</fprob>
        </actor>
        <actor name="D0N36">
            <wcet number="0">10</wcet>
            <wcet number="1">10</wcet>
            <maxpow number="0.594147367489298"/>
            <maxpow number="0.594147367489298"/>
            <fprob>0.0</fprob>
        </actor>
        <actor name="D0N41">
            <wcet number="0">40</wcet>
            <wcet number="1">90</wcet>
            <maxpow number="0.5039725973168722"/>
            <maxpow number="0.5039725973168722"/>
            <fprob>0.0</fprob>
        </actor>
        <actor name="D0N15">
            <wcet number="0">10</wcet>
            <wcet number="1">70</wcet>
            <maxpow number="0.5915957622999028"/>
            <maxpow number="0.5915957622999028"/>
            <fprob>0.0</fprob>
        </actor>
        <actor name="D0N43">
            <wcet number="0">20</wcet>
            <wcet number="1">30</wcet>
            <maxpow number="0.7885267494713678"/>
            <maxpow number="0.7885267494713678"/>
            <fprob>0.0</fprob>
        </actor>
        <actor name="D0N27">
            <wcet number="0">20</wcet>
            <wcet number="1">30</wcet>
            <maxpow number="0.8566946679831967"/>
            <maxpow number="0.8566946679831967"/>
            <fprob>0.0</fprob>
        </actor>
        <actor name="D0N5">
            <wcet number="0">10</wcet>
            <wcet number="1">10</wcet>
            <maxpow number="0.6647926023651345"/>
            <maxpow number="0.6647926023651345"/>
            <fprob>0.0</fprob>
        </actor>
        <actor name="D0N39">
            <wcet number="0">40</wcet>
            <wcet number="1">40</wcet>
            <maxpow number="0.6207030059733065"/>
            <maxpow number="0.6207030059733065"/>
            <fprob>0.0</fprob>
        </actor>
        <actor name="D0N3">
            <wcet number="0">10</wcet>
            <wcet number="1">30</wcet>
            <maxpow number="0.6018323547495371"/>
            <maxpow number="0.6018323547495371"/>
            <fprob>0.0</fprob>
        </actor>
        <actor name="D0N16">
            <wcet number="0">20</wcet>
            <wcet number="1">90</wcet>
            <maxpow number="0.25656632232717513"/>
            <maxpow number="0.25656632232717513"/>
            <fprob>0.0</fprob>
        </actor>
        <actor name="D0N38">
            <wcet number="0">50</wcet>
            <wcet number="1">90</wcet>
            <maxpow number="0.37498728009589244"/>
            <maxpow number="0.37498728009589244"/>
            <fprob>0.0</fprob>
        </actor>
        <actor name="D0N47">
            <wcet number="0">20</wcet>
            <wcet number="1">20</wcet>
            <maxpow number="0.39286895211503853"/>
            <maxpow number="0.39286895211503853"/>
            <fprob>0.0</fprob>
        </actor>
        <actor name="D0N42">
            <wcet number="0">50</wcet>
            <wcet number="1">60</wcet>
            <maxpow number="0.9146929225716294"/>
            <maxpow number="0.9146929225716294"/>
            <fprob>0.0</fprob>
        </actor>
        <actor name="D0N46">
            <wcet number="0">30</wcet>
            <wcet number="1">110</wcet>
            <maxpow number="0.5079438801122955"/>
            <maxpow number="0.5079438801122955"/>
            <fprob>0.0</fprob>
        </actor>
        <actor name="D0N12">
            <wcet number="0">40</wcet>
            <wcet number="1">40</wcet>
            <maxpow number="0.39936420371998893"/>
            <maxpow number="0.39936420371998893"/>
            <fprob>0.0</fprob>
        </actor>
        <actor name="D0N13">
            <wcet number="0">60</wcet>
            <wcet number="1">80</wcet>
            <maxpow number="0.23660480788960397"/>
            <maxpow number="0.23660480788960397"/>
            <fprob>0.0</fprob>
        </actor>
        <actor name="D0N25">
            <wcet number="0">20</wcet>
            <wcet number="1">40</wcet>
            <maxpow number="0.728735951981153"/>
            <maxpow number="0.728735951981153"/>
            <fprob>0.0</fprob>
        </actor>
        <actor name="D0N20">
            <wcet number="0">100</wcet>
            <wcet number="1">100</wcet>
            <maxpow number="0.9683407840318345"/>
            <maxpow number="0.9683407840318345"/>
            <fprob>0.0</fprob>
        </actor>
        <actor name="D0N24">
            <wcet number="0">10</wcet>
            <wcet number="1">10</wcet>
            <maxpow number="0.7080139303038232"/>
            <maxpow number="0.7080139303038232"/>
            <fprob>0.0</fprob>
        </actor>
        <actor name="D0N21">
            <wcet number="0">120</wcet>
            <wcet number="1">130</wcet>
            <maxpow number="0.5269115767122652"/>
            <maxpow number="0.5269115767122652"/>
            <fprob>0.0</fprob>
        </actor>
        <actor name="D0N28">
            <wcet number="0">20</wcet>
            <wcet number="1">40</wcet>
            <maxpow number="0.41485659272818876"/>
            <maxpow number="0.41485659272818876"/>
            <fprob>0.0</fprob>
        </actor>
        <actor name="D0N48">
            <wcet number="0">20</wcet>
            <wcet number="1">30</wcet>
            <maxpow number="0.8201341509776758"/>
            <maxpow number="0.8201341509776758"/>
            <fprob>0.0</fprob>
        </actor>
        <actor name="D0N30">
            <wcet number="0">10</wcet>
            <wcet number="1">20</wcet>
            <maxpow number="0.4234478048587432"/>
            <maxpow number="0.4234478048587432"/>
            <fprob>0.0</fprob>
        </actor>
        <actor name="D0N9">
            <wcet number="0">10</wcet>
            <wcet number="1">10</wcet>
            <maxpow number="0.7082856272741135"/>
            <maxpow number="0.7082856272741135"/>
            <fprob>0.0</fprob>
        </actor>
        <ports>
            <port dstActor="D0N23" name="p0" srcActor="D0N17"/>
            <port dstActor="D0N29" name="p1" srcActor="D0N17"/>
            <port dstActor="D0N41" name="p2" srcActor="D0N17"/>
            <port dstActor="D0N27" name="p3" srcActor="D0N17"/>
            <port dstActor="D0N40" name="p4" srcActor="D0N17"/>
            <port dstActor="D0N39" name="p5" srcActor="D0N17"/>
            <port dstActor="D0N43" name="p6" srcActor="D0N33"/>
            <port dstActor="D0N37" name="p7" srcActor="D0N33"/>
            <port dstActor="D0N38" name="p8" srcActor="D0N33"/>
            <port dstActor="D0N28" name="p9" srcActor="D0N19"/>
            <port dstActor="D0N38" name="p10" srcActor="D0N19"/>
            <port dstActor="D0N44" name="p11" srcActor="D0N19"/>
            <port dstActor="D0N46" name="p12" srcActor="D0N19"/>
            <port dstActor="D0N32" name="p13" srcActor="D0N29"/>
            <port dstActor="D0N44" name="p14" srcActor="D0N29"/>
            <port dstActor="D0N30" name="p15" srcActor="D0N29"/>
            <port dstActor="D0N33" name="p16" srcActor="D0N29"/>
            <port dstActor="D0N42" name="p17" srcActor="D0N29"/>
            <port dstActor="D0N45" name="p18" srcActor="D0N40"/>
            <port dstActor="D0N32" name="p19" srcActor="D0N18"/>
            <port dstActor="D0N19" name="p20" srcActor="D0N18"/>
            <port dstActor="D0N44" name="p21" srcActor="D0N18"/>
            <port dstActor="D0N34" name="p22" srcActor="D0N18"/>
            <port dstActor="D0N4" name="p23" srcActor="D0N0"/>
            <port dstActor="D0N8" name="p24" srcActor="D0N0"/>
            <port dstActor="D0N33" name="p25" srcActor="D0N0"/>
            <port dstActor="D0N26" name="p26" srcActor="D0N0"/>
            <port dstActor="D0N44" name="p27" srcActor="D0N0"/>
            <port dstActor="D0N42" name="p28" srcActor="D0N0"/>
            <port dstActor="D0N1" name="p29" srcActor="D0N0"/>
            <port dstActor="D0N28" name="p30" srcActor="D0N0"/>
            <port dstActor="D0N9" name="p31" srcActor="D0N7"/>
            <port dstActor="D0N28" name="p32" srcActor="D0N7"/>
            <port dstActor="D0N43" name="p33" srcActor="D0N7"/>
            <port dstActor="D0N22" name="p34" srcActor="D0N7"/>
            <port dstActor="D0N42" name="p35" srcActor="D0N1"/>
            <port dstActor="D0N46" name="p36" srcActor="D0N1"/>
            <port dstActor="D0N21" name="p37" srcActor="D0N1"/>
            <port dstActor="D0N25" name="p38" srcActor="D0N1"/>
            <port dstActor="D0N17" name="p39" srcActor="D0N1"/>
            <port dstActor="D0N47" name="p40" srcActor="D0N32"/>
            <port dstActor="D0N45" name="p41" srcActor="D0N32"/>
            <port dstActor="D0N36" name="p42" srcActor="D0N32"/>
            <port dstActor="D0N38" name="p43" srcActor="D0N23"/>
            <port dstActor="D0N42" name="p44" srcActor="D0N23"/>
            <port dstActor="D0N28" name="p45" srcActor="D0N23"/>
            <port dstActor="D0N41" name="p46" srcActor="D0N23"/>
            <port dstActor="D0N35" name="p47" srcActor="D0N23"/>
            <port dstActor="D0N46" name="p48" srcActor="D0N6"/>
            <port dstActor="D0N44" name="p49" srcActor="D0N6"/>
            <port dstActor="D0N22" name="p50" srcActor="D0N6"/>
            <port dstActor="D0N48" name="p51" srcActor="D0N6"/>
            <port dstActor="D0N13" name="p52" srcActor="D0N4"/>
            <port dstActor="D0N41" name="p53" srcActor="D0N4"/>
            <port dstActor="D0N38" name="p54" srcActor="D0N31"/>
            <port dstActor="D0N42" name="p55" srcActor="D0N31"/>
            <port dstActor="D0N44" name="p56" srcActor="D0N26"/>
            <port dstActor="D0N42" name="p57" srcActor="D0N26"/>
            <port dstActor="D0N35" name="p58" srcActor="D0N26"/>
            <port dstActor="D0N21" name="p59" srcActor="D0N8"/>
            <port dstActor="D0N37" name="p60" srcActor="D0N8"/>
            <port dstActor="D0N32" name="p61" srcActor="D0N8"/>
            <port dstActor="D0N16" name="p62" srcActor="D0N11"/>
            <port dstActor="D0N48" name="p63" srcActor="D0N11"/>
            <port dstActor="D0N47" name="p64" srcActor="D0N11"/>
            <port dstActor="D0N33" name="p65" srcActor="D0N11"/>
            <port dstActor="D0N32" name="p66" srcActor="D0N2"/>
            <port dstActor="D0N38" name="p67" srcActor="D0N2"/>
            <port dstActor="D0N20" name="p68" srcActor="D0N2"/>
            <port dstActor="D0N36" name="p69" srcActor="D0N14"/>
            <port dstActor="D0N29" name="p70" srcActor="D0N14"/>
            <port dstActor="D0N37" name="p71" srcActor="D0N14"/>
            <port dstActor="D0N36" name="p72" srcActor="D0N35"/>
            <port dstActor="D0N39" name="p73" srcActor="D0N22"/>
            <port dstActor="D0N32" name="p74" srcActor="D0N22"/>
            <port dstActor="D0N34" name="p75" srcActor="D0N10"/>
            <port dstActor="D0N23" name="p76" srcActor="D0N10"/>
            <port dstActor="D0N25" name="p77" srcActor="D0N10"/>
            <port dstActor="D0N45" name="p78" srcActor="D0N10"/>
            <port dstActor="D0N20" name="p79" srcActor="D0N10"/>
            <port dstActor="D0N42" name="p80" srcActor="D0N10"/>
            <port dstActor="D0N40" name="p81" srcActor="D0N34"/>
            <port dstActor="D0N42" name="p82" srcActor="D0N34"/>
            <port dstActor="D0N47" name="p83" srcActor="D0N15"/>
            <port dstActor="D0N33" name="p84" srcActor="D0N27"/>
            <port dstActor="D0N47" name="p85" srcActor="D0N27"/>
            <port dstActor="D0N35" name="p86" srcActor="D0N27"/>
            <port dstActor="D0N36" name="p87" srcActor="D0N5"/>
            <port dstActor="D0N48" name="p88" srcActor="D0N5"/>
            <port dstActor="D0N29" name="p89" srcActor="D0N5"/>
            <port dstActor="D0N42" name="p90" srcActor="D0N5"/>
            <port dstActor="D0N45" name="p91" srcActor="D0N39"/>
            <port dstActor="D0N42" name="p92" srcActor="D0N3"/>
            <port dstActor="D0N20" name="p93" srcActor="D0N3"/>
            <port dstActor="D0N37" name="p94" srcActor="D0N3"/>
            <port dstActor="D0N37" name="p95" srcActor="D0N16"/>
            <port dstActor="D0N42" name="p96" srcActor="D0N16"/>
            <port dstActor="D0N20" name="p97" srcActor="D0N16"/>
            <port dstActor="D0N45" name="p98" srcActor="D0N42"/>
            <port dstActor="D0N14" name="p99" srcActor="D0N12"/>
            <port dstActor="D0N46" name="p100" srcActor="D0N12"/>
            <port dstActor="D0N13" name="p101" srcActor="D0N12"/>
            <port dstActor="D0N26" name="p102" srcActor="D0N12"/>
            <port dstActor="D0N32" name="p103" srcActor="D0N12"/>
            <port dstActor="D0N40" name="p104" srcActor="D0N13"/>
            <port dstActor="D0N37" name="p105" srcActor="D0N13"/>
            <port dstActor="D0N41" name="p106" srcActor="D0N13"/>
            <port dstActor="D0N41" name="p107" srcActor="D0N25"/>
            <port dstActor="D0N40" name="p108" srcActor="D0N25"/>
            <port dstActor="D0N27" name="p109" srcActor="D0N20"/>
            <port dstActor="D0N31" name="p110" srcActor="D0N20"/>
            <port dstActor="D0N39" name="p111" srcActor="D0N20"/>
            <port dstActor="D0N37" name="p112" srcActor="D0N24"/>
            <port dstActor="D0N34" name="p113" srcActor="D0N24"/>
            <port dstActor="D0N23" name="p114" srcActor="D0N21"/>
            <port dstActor="D0N39" name="p115" srcActor="D0N21"/>
            <port dstActor="D0N37" name="p116" srcActor="D0N21"/>
            <port dstActor="D0N34" name="p117" srcActor="D0N28"/>
            <port dstActor="D0N45" name="p118" srcActor="D0N30"/>
            <port dstActor="D0N39" name="p119" srcActor="D0N30"/>
            <port dstActor="D0N28" name="p120" srcActor="D0N9"/>
            <port dstActor="D0N11" name="p121" srcActor="D0N9"/>
            <port dstActor="D0N26" name="p122" srcActor="D0N9"/>
            <port dstActor="D0N42" name="p123" srcActor="D0N9"/>
            <port dstActor="D0N19" name="p124" srcActor="D0N9"/>
            <port dstActor="D0N44" name="p125" srcActor="D0N9"/>
        </ports>
    </mcdag>
    <cores number="3"/>
    <levels number="2"/>
</mcsystem>
