<?xml version="1.0" encoding="UTF-8" standalone="no"?>
<mcsystem>
    <mcdag deadline="1800" name="genned-0-ed-10.0-0">
        <actor name="D0N11">
            <wcet number="0">60</wcet>
            <wcet number="1">60</wcet>
            <maxpow number="0.7422373149449661"/>
            <maxpow number="0.7422373149449661"/>
            <fprob>0.0</fprob>
        </actor>
        <actor name="D0N32">
            <wcet number="0">20</wcet>
            <wcet number="1">20</wcet>
            <maxpow number="0.8424776809016707"/>
            <maxpow number="0.8424776809016707"/>
            <fprob>0.0</fprob>
        </actor>
        <actor name="D0N4">
            <wcet number="0">10</wcet>
            <wcet number="1">10</wcet>
            <maxpow number="0.6609972038787982"/>
            <maxpow number="0.6609972038787982"/>
            <fprob>0.0</fprob>
        </actor>
        <actor name="D0N27">
            <wcet number="0">10</wcet>
            <wcet number="1">80</wcet>
            <maxpow number="0.28371285160838966"/>
            <maxpow number="0.28371285160838966"/>
            <fprob>0.0</fprob>
        </actor>
        <actor name="D0N5">
            <wcet number="0">20</wcet>
            <wcet number="1">50</wcet>
            <maxpow number="0.5439392910641413"/>
            <maxpow number="0.5439392910641413"/>
            <fprob>0.0</fprob>
        </actor>
        <actor name="D0N33">
            <wcet number="0">40</wcet>
            <wcet number="1">60</wcet>
            <maxpow number="0.6338360446927606"/>
            <maxpow number="0.6338360446927606"/>
            <fprob>0.0</fprob>
        </actor>
        <actor name="D0N21">
            <wcet number="0">90</wcet>
            <wcet number="1">200</wcet>
            <maxpow number="0.6965665836227217"/>
            <maxpow number="0.6965665836227217"/>
            <fprob>0.0</fprob>
        </actor>
        <actor name="D0N15">
            <wcet number="0">150</wcet>
            <wcet number="1">270</wcet>
            <maxpow number="0.694270384359619"/>
            <maxpow number="0.694270384359619"/>
            <fprob>0.0</fprob>
        </actor>
        <actor name="D0N35">
            <wcet number="0">60</wcet>
            <wcet number="1">230</wcet>
            <maxpow number="0.45868335019990003"/>
            <maxpow number="0.45868335019990003"/>
            <fprob>0.0</fprob>
        </actor>
        <actor name="D0N12">
            <wcet number="0">10</wcet>
            <wcet number="1">10</wcet>
            <maxpow number="0.4766708996547361"/>
            <maxpow number="0.4766708996547361"/>
            <fprob>0.0</fprob>
        </actor>
        <actor name="D0N48">
            <wcet number="0">10</wcet>
            <wcet number="1">240</wcet>
            <maxpow number="0.13430390721259122"/>
            <maxpow number="0.13430390721259122"/>
            <fprob>0.0</fprob>
        </actor>
        <actor name="D0N18">
            <wcet number="0">10</wcet>
            <wcet number="1">80</wcet>
            <maxpow number="0.5459588894985103"/>
            <maxpow number="0.5459588894985103"/>
            <fprob>0.0</fprob>
        </actor>
        <actor name="D0N6">
            <wcet number="0">140</wcet>
            <wcet number="1">170</wcet>
            <maxpow number="0.7780276301986769"/>
            <maxpow number="0.7780276301986769"/>
            <fprob>0.0</fprob>
        </actor>
        <actor name="D0N41">
            <wcet number="0">30</wcet>
            <wcet number="1">30</wcet>
            <maxpow number="0.23752790595487028"/>
            <maxpow number="0.23752790595487028"/>
            <fprob>0.0</fprob>
        </actor>
        <actor name="D0N16">
            <wcet number="0">30</wcet>
            <wcet number="1">170</wcet>
            <maxpow number="0.6405351297879883"/>
            <maxpow number="0.6405351297879883"/>
            <fprob>0.0</fprob>
        </actor>
        <actor name="D0N29">
            <wcet number="0">50</wcet>
            <wcet number="1">100</wcet>
            <maxpow number="0.5640162237635785"/>
            <maxpow number="0.5640162237635785"/>
            <fprob>0.0</fprob>
        </actor>
        <actor name="D0N0">
            <wcet number="0">10</wcet>
            <wcet number="1">10</wcet>
            <maxpow number="0.026288608787844003"/>
            <maxpow number="0.026288608787844003"/>
            <fprob>0.0</fprob>
        </actor>
        <actor name="D0N24">
            <wcet number="0">20</wcet>
            <wcet number="1">360</wcet>
            <maxpow number="0.48768881514488455"/>
            <maxpow number="0.48768881514488455"/>
            <fprob>0.0</fprob>
        </actor>
        <actor name="D0N2">
            <wcet number="0">80</wcet>
            <wcet number="1">100</wcet>
            <maxpow number="0.6444168787506642"/>
            <maxpow number="0.6444168787506642"/>
            <fprob>0.0</fprob>
        </actor>
        <actor name="D0N38">
            <wcet number="0">50</wcet>
            <wcet number="1">160</wcet>
            <maxpow number="1.1283303295621434"/>
            <maxpow number="1.1283303295621434"/>
            <fprob>0.0</fprob>
        </actor>
        <actor name="D0N39">
            <wcet number="0">100</wcet>
            <wcet number="1">130</wcet>
            <maxpow number="0.8264850915783553"/>
            <maxpow number="0.8264850915783553"/>
            <fprob>0.0</fprob>
        </actor>
        <actor name="D0N8">
            <wcet number="0">30</wcet>
            <wcet number="1">290</wcet>
            <maxpow number="0.6583997846250219"/>
            <maxpow number="0.6583997846250219"/>
            <fprob>0.0</fprob>
        </actor>
        <actor name="D0N1">
            <wcet number="0">10</wcet>
            <wcet number="1">60</wcet>
            <maxpow number="0.29533697992429186"/>
            <maxpow number="0.29533697992429186"/>
            <fprob>0.0</fprob>
        </actor>
        <actor name="D0N36">
            <wcet number="0">10</wcet>
            <wcet number="1">10</wcet>
            <maxpow number="0.4682845490805129"/>
            <maxpow number="0.4682845490805129"/>
            <fprob>0.0</fprob>
        </actor>
        <actor name="D0N45">
            <wcet number="0">10</wcet>
            <wcet number="1">30</wcet>
            <maxpow number="0.8156308843864577"/>
            <maxpow number="0.8156308843864577"/>
            <fprob>0.0</fprob>
        </actor>
        <actor name="D0N3">
            <wcet number="0">10</wcet>
            <wcet number="1">90</wcet>
            <maxpow number="0.3467496826285289"/>
            <maxpow number="0.3467496826285289"/>
            <fprob>0.0</fprob>
        </actor>
        <actor name="D0N28">
            <wcet number="0">20</wcet>
            <wcet number="1">50</wcet>
            <maxpow number="0.5261570698785578"/>
            <maxpow number="0.5261570698785578"/>
            <fprob>0.0</fprob>
        </actor>
        <actor name="D0N47">
            <wcet number="0">30</wcet>
            <wcet number="1">30</wcet>
            <maxpow number="0.4923396846223559"/>
            <maxpow number="0.4923396846223559"/>
            <fprob>0.0</fprob>
        </actor>
        <actor name="D0N19">
            <wcet number="0">70</wcet>
            <wcet number="1">130</wcet>
            <maxpow number="0.3653731872333784"/>
            <maxpow number="0.3653731872333784"/>
            <fprob>0.0</fprob>
        </actor>
        <actor name="D0N40">
            <wcet number="0">60</wcet>
            <wcet number="1">70</wcet>
            <maxpow number="0.4100125953031809"/>
            <maxpow number="0.4100125953031809"/>
            <fprob>0.0</fprob>
        </actor>
        <actor name="D0N20">
            <wcet number="0">20</wcet>
            <wcet number="1">40</wcet>
            <maxpow number="0.5213859986970271"/>
            <maxpow number="0.5213859986970271"/>
            <fprob>0.0</fprob>
        </actor>
        <actor name="D0N25">
            <wcet number="0">20</wcet>
            <wcet number="1">20</wcet>
            <maxpow number="0.5388032864473115"/>
            <maxpow number="0.5388032864473115"/>
            <fprob>0.0</fprob>
        </actor>
        <actor name="D0N17">
            <wcet number="0">90</wcet>
            <wcet number="1">100</wcet>
            <maxpow number="0.6991774377485853"/>
            <maxpow number="0.6991774377485853"/>
            <fprob>0.0</fprob>
        </actor>
        <actor name="D0N34">
            <wcet number="0">190</wcet>
            <wcet number="1">190</wcet>
            <maxpow number="0.7291670477140597"/>
            <maxpow number="0.7291670477140597"/>
            <fprob>0.0</fprob>
        </actor>
        <actor name="D0N13">
            <wcet number="0">20</wcet>
            <wcet number="1">20</wcet>
            <maxpow number="0.6826959594293939"/>
            <maxpow number="0.6826959594293939"/>
            <fprob>0.0</fprob>
        </actor>
        <actor name="D0N46">
            <wcet number="0">10</wcet>
            <wcet number="1">30</wcet>
            <maxpow number="0.4858290256183889"/>
            <maxpow number="0.4858290256183889"/>
            <fprob>0.0</fprob>
        </actor>
        <actor name="D0N23">
            <wcet number="0">20</wcet>
            <wcet number="1">100</wcet>
            <maxpow number="0.01937804248602293"/>
            <maxpow number="0.01937804248602293"/>
            <fprob>0.0</fprob>
        </actor>
        <actor name="D0N10">
            <wcet number="0">20</wcet>
            <wcet number="1">20</wcet>
            <maxpow number="0.5346625866688518"/>
            <maxpow number="0.5346625866688518"/>
            <fprob>0.0</fprob>
        </actor>
        <actor name="D0N43">
            <wcet number="0">160</wcet>
            <wcet number="1">210</wcet>
            <maxpow number="0.7294523398173867"/>
            <maxpow number="0.7294523398173867"/>
            <fprob>0.0</fprob>
        </actor>
        <actor name="D0N22">
            <wcet number="0">40</wcet>
            <wcet number="1">50</wcet>
            <maxpow number="0.5183742179209944"/>
            <maxpow number="0.5183742179209944"/>
            <fprob>0.0</fprob>
        </actor>
        <actor name="D0N30">
            <wcet number="0">250</wcet>
            <wcet number="1">280</wcet>
            <maxpow number="0.6352048616668877"/>
            <maxpow number="0.6352048616668877"/>
            <fprob>0.0</fprob>
        </actor>
        <actor name="D0N42">
            <wcet number="0">10</wcet>
            <wcet number="1">20</wcet>
            <maxpow number="0.5533128979911124"/>
            <maxpow number="0.5533128979911124"/>
            <fprob>0.0</fprob>
        </actor>
        <actor name="D0N31">
            <wcet number="0">160</wcet>
            <wcet number="1">160</wcet>
            <maxpow number="0.49474364314931557"/>
            <maxpow number="0.49474364314931557"/>
            <fprob>0.0</fprob>
        </actor>
        <actor name="D0N37">
            <wcet number="0">150</wcet>
            <wcet number="1">200</wcet>
            <maxpow number="0.4011436156821218"/>
            <maxpow number="0.4011436156821218"/>
            <fprob>0.0</fprob>
        </actor>
        <actor name="D0N44">
            <wcet number="0">30</wcet>
            <wcet number="1">30</wcet>
            <maxpow number="0.6666523930393103"/>
            <maxpow number="0.6666523930393103"/>
            <fprob>0.0</fprob>
        </actor>
        <actor name="D0N7">
            <wcet number="0">10</wcet>
            <wcet number="1">10</wcet>
            <maxpow number="0.722061339163482"/>
            <maxpow number="0.722061339163482"/>
            <fprob>0.0</fprob>
        </actor>
        <actor name="D0N14">
            <wcet number="0">40</wcet>
            <wcet number="1">110</wcet>
            <maxpow number="0.480102307435465"/>
            <maxpow number="0.480102307435465"/>
            <fprob>0.0</fprob>
        </actor>
        <actor name="D0N26">
            <wcet number="0">20</wcet>
            <wcet number="1">30</wcet>
            <maxpow number="0.6624294399534404"/>
            <maxpow number="0.6624294399534404"/>
            <fprob>0.0</fprob>
        </actor>
        <actor name="D0N9">
            <wcet number="0">70</wcet>
            <wcet number="1">120</wcet>
            <maxpow number="0.43982699631959027"/>
            <maxpow number="0.43982699631959027"/>
            <fprob>0.0</fprob>
        </actor>
        <ports>
            <port dstActor="D0N24" name="p0" srcActor="D0N11"/>
            <port dstActor="D0N40" name="p1" srcActor="D0N11"/>
            <port dstActor="D0N46" name="p2" srcActor="D0N32"/>
            <port dstActor="D0N7" name="p3" srcActor="D0N4"/>
            <port dstActor="D0N13" name="p4" srcActor="D0N4"/>
            <port dstActor="D0N18" name="p5" srcActor="D0N4"/>
            <port dstActor="D0N28" name="p6" srcActor="D0N4"/>
            <port dstActor="D0N32" name="p7" srcActor="D0N4"/>
            <port dstActor="D0N39" name="p8" srcActor="D0N27"/>
            <port dstActor="D0N43" name="p9" srcActor="D0N5"/>
            <port dstActor="D0N29" name="p10" srcActor="D0N5"/>
            <port dstActor="D0N15" name="p11" srcActor="D0N5"/>
            <port dstActor="D0N30" name="p12" srcActor="D0N5"/>
            <port dstActor="D0N12" name="p13" srcActor="D0N5"/>
            <port dstActor="D0N7" name="p14" srcActor="D0N5"/>
            <port dstActor="D0N37" name="p15" srcActor="D0N15"/>
            <port dstActor="D0N35" name="p16" srcActor="D0N15"/>
            <port dstActor="D0N46" name="p17" srcActor="D0N35"/>
            <port dstActor="D0N39" name="p18" srcActor="D0N35"/>
            <port dstActor="D0N47" name="p19" srcActor="D0N12"/>
            <port dstActor="D0N20" name="p20" srcActor="D0N12"/>
            <port dstActor="D0N38" name="p21" srcActor="D0N12"/>
            <port dstActor="D0N31" name="p22" srcActor="D0N12"/>
            <port dstActor="D0N36" name="p23" srcActor="D0N18"/>
            <port dstActor="D0N32" name="p24" srcActor="D0N18"/>
            <port dstActor="D0N38" name="p25" srcActor="D0N18"/>
            <port dstActor="D0N47" name="p26" srcActor="D0N18"/>
            <port dstActor="D0N45" name="p27" srcActor="D0N18"/>
            <port dstActor="D0N20" name="p28" srcActor="D0N6"/>
            <port dstActor="D0N43" name="p29" srcActor="D0N6"/>
            <port dstActor="D0N16" name="p30" srcActor="D0N6"/>
            <port dstActor="D0N33" name="p31" srcActor="D0N6"/>
            <port dstActor="D0N31" name="p32" srcActor="D0N6"/>
            <port dstActor="D0N40" name="p33" srcActor="D0N6"/>
            <port dstActor="D0N41" name="p34" srcActor="D0N6"/>
            <port dstActor="D0N37" name="p35" srcActor="D0N6"/>
            <port dstActor="D0N45" name="p36" srcActor="D0N41"/>
            <port dstActor="D0N46" name="p37" srcActor="D0N41"/>
            <port dstActor="D0N29" name="p38" srcActor="D0N16"/>
            <port dstActor="D0N21" name="p39" srcActor="D0N16"/>
            <port dstActor="D0N43" name="p40" srcActor="D0N16"/>
            <port dstActor="D0N32" name="p41" srcActor="D0N29"/>
            <port dstActor="D0N37" name="p42" srcActor="D0N29"/>
            <port dstActor="D0N16" name="p43" srcActor="D0N0"/>
            <port dstActor="D0N23" name="p44" srcActor="D0N0"/>
            <port dstActor="D0N27" name="p45" srcActor="D0N0"/>
            <port dstActor="D0N48" name="p46" srcActor="D0N0"/>
            <port dstActor="D0N24" name="p47" srcActor="D0N0"/>
            <port dstActor="D0N39" name="p48" srcActor="D0N0"/>
            <port dstActor="D0N37" name="p49" srcActor="D0N24"/>
            <port dstActor="D0N42" name="p50" srcActor="D0N24"/>
            <port dstActor="D0N25" name="p51" srcActor="D0N24"/>
            <port dstActor="D0N40" name="p52" srcActor="D0N24"/>
            <port dstActor="D0N29" name="p53" srcActor="D0N24"/>
            <port dstActor="D0N44" name="p54" srcActor="D0N2"/>
            <port dstActor="D0N23" name="p55" srcActor="D0N2"/>
            <port dstActor="D0N46" name="p56" srcActor="D0N39"/>
            <port dstActor="D0N46" name="p57" srcActor="D0N8"/>
            <port dstActor="D0N15" name="p58" srcActor="D0N8"/>
            <port dstActor="D0N36" name="p59" srcActor="D0N8"/>
            <port dstActor="D0N13" name="p60" srcActor="D0N1"/>
            <port dstActor="D0N15" name="p61" srcActor="D0N1"/>
            <port dstActor="D0N5" name="p62" srcActor="D0N3"/>
            <port dstActor="D0N25" name="p63" srcActor="D0N3"/>
            <port dstActor="D0N19" name="p64" srcActor="D0N3"/>
            <port dstActor="D0N31" name="p65" srcActor="D0N3"/>
            <port dstActor="D0N29" name="p66" srcActor="D0N28"/>
            <port dstActor="D0N45" name="p67" srcActor="D0N28"/>
            <port dstActor="D0N36" name="p68" srcActor="D0N28"/>
            <port dstActor="D0N48" name="p69" srcActor="D0N47"/>
            <port dstActor="D0N20" name="p70" srcActor="D0N19"/>
            <port dstActor="D0N29" name="p71" srcActor="D0N19"/>
            <port dstActor="D0N23" name="p72" srcActor="D0N19"/>
            <port dstActor="D0N43" name="p73" srcActor="D0N19"/>
            <port dstActor="D0N41" name="p74" srcActor="D0N40"/>
            <port dstActor="D0N48" name="p75" srcActor="D0N40"/>
            <port dstActor="D0N45" name="p76" srcActor="D0N40"/>
            <port dstActor="D0N46" name="p77" srcActor="D0N40"/>
            <port dstActor="D0N47" name="p78" srcActor="D0N20"/>
            <port dstActor="D0N22" name="p79" srcActor="D0N20"/>
            <port dstActor="D0N40" name="p80" srcActor="D0N25"/>
            <port dstActor="D0N47" name="p81" srcActor="D0N25"/>
            <port dstActor="D0N46" name="p82" srcActor="D0N25"/>
            <port dstActor="D0N31" name="p83" srcActor="D0N25"/>
            <port dstActor="D0N48" name="p84" srcActor="D0N25"/>
            <port dstActor="D0N46" name="p85" srcActor="D0N17"/>
            <port dstActor="D0N30" name="p86" srcActor="D0N17"/>
            <port dstActor="D0N26" name="p87" srcActor="D0N17"/>
            <port dstActor="D0N34" name="p88" srcActor="D0N17"/>
            <port dstActor="D0N21" name="p89" srcActor="D0N17"/>
            <port dstActor="D0N25" name="p90" srcActor="D0N13"/>
            <port dstActor="D0N24" name="p91" srcActor="D0N13"/>
            <port dstActor="D0N36" name="p92" srcActor="D0N23"/>
            <port dstActor="D0N40" name="p93" srcActor="D0N23"/>
            <port dstActor="D0N31" name="p94" srcActor="D0N23"/>
            <port dstActor="D0N47" name="p95" srcActor="D0N23"/>
            <port dstActor="D0N23" name="p96" srcActor="D0N10"/>
            <port dstActor="D0N25" name="p97" srcActor="D0N10"/>
            <port dstActor="D0N30" name="p98" srcActor="D0N10"/>
            <port dstActor="D0N41" name="p99" srcActor="D0N10"/>
            <port dstActor="D0N42" name="p100" srcActor="D0N10"/>
            <port dstActor="D0N46" name="p101" srcActor="D0N43"/>
            <port dstActor="D0N31" name="p102" srcActor="D0N22"/>
            <port dstActor="D0N37" name="p103" srcActor="D0N22"/>
            <port dstActor="D0N32" name="p104" srcActor="D0N22"/>
            <port dstActor="D0N37" name="p105" srcActor="D0N30"/>
            <port dstActor="D0N43" name="p106" srcActor="D0N31"/>
            <port dstActor="D0N46" name="p107" srcActor="D0N31"/>
            <port dstActor="D0N45" name="p108" srcActor="D0N37"/>
            <port dstActor="D0N41" name="p109" srcActor="D0N37"/>
            <port dstActor="D0N39" name="p110" srcActor="D0N37"/>
            <port dstActor="D0N44" name="p111" srcActor="D0N37"/>
            <port dstActor="D0N46" name="p112" srcActor="D0N37"/>
            <port dstActor="D0N47" name="p113" srcActor="D0N37"/>
            <port dstActor="D0N45" name="p114" srcActor="D0N44"/>
            <port dstActor="D0N17" name="p115" srcActor="D0N7"/>
            <port dstActor="D0N31" name="p116" srcActor="D0N7"/>
            <port dstActor="D0N47" name="p117" srcActor="D0N7"/>
            <port dstActor="D0N36" name="p118" srcActor="D0N7"/>
            <port dstActor="D0N45" name="p119" srcActor="D0N14"/>
            <port dstActor="D0N19" name="p120" srcActor="D0N14"/>
            <port dstActor="D0N21" name="p121" srcActor="D0N14"/>
            <port dstActor="D0N28" name="p122" srcActor="D0N14"/>
            <port dstActor="D0N46" name="p123" srcActor="D0N26"/>
            <port dstActor="D0N33" name="p124" srcActor="D0N26"/>
            <port dstActor="D0N40" name="p125" srcActor="D0N26"/>
            <port dstActor="D0N45" name="p126" srcActor="D0N26"/>
            <port dstActor="D0N27" name="p127" srcActor="D0N9"/>
            <port dstActor="D0N41" name="p128" srcActor="D0N9"/>
            <port dstActor="D0N28" name="p129" srcActor="D0N9"/>
            <port dstActor="D0N13" name="p130" srcActor="D0N9"/>
            <port dstActor="D0N30" name="p131" srcActor="D0N9"/>
        </ports>
    </mcdag>
    <cores number="3"/>
    <levels number="2"/>
</mcsystem>
