<?xml version="1.0" encoding="UTF-8" standalone="no"?>
<mcsystem>
    <mcdag deadline="1800" name="genned-0-ed-10.0-0">
        <actor name="D0N24">
            <wcet number="0">110</wcet>
            <wcet number="1">190</wcet>
            <maxpow number="0.5481668971792534"/>
            <maxpow number="0.5481668971792534"/>
            <fprob>0.0</fprob>
        </actor>
        <actor name="D0N38">
            <wcet number="0">10</wcet>
            <wcet number="1">10</wcet>
            <maxpow number="0.3910723848524045"/>
            <maxpow number="0.3910723848524045"/>
            <fprob>0.0</fprob>
        </actor>
        <actor name="D0N2">
            <wcet number="0">20</wcet>
            <wcet number="1">30</wcet>
            <maxpow number="0.6064267612160037"/>
            <maxpow number="0.6064267612160037"/>
            <fprob>0.0</fprob>
        </actor>
        <actor name="D0N1">
            <wcet number="0">20</wcet>
            <wcet number="1">20</wcet>
            <maxpow number="0.5683537592811708"/>
            <maxpow number="0.5683537592811708"/>
            <fprob>0.0</fprob>
        </actor>
        <actor name="D0N11">
            <wcet number="0">10</wcet>
            <wcet number="1">320</wcet>
            <maxpow number="0.4911748155090882"/>
            <maxpow number="0.4911748155090882"/>
            <fprob>0.0</fprob>
        </actor>
        <actor name="D0N4">
            <wcet number="0">10</wcet>
            <wcet number="1">10</wcet>
            <maxpow number="0.6364658636122071"/>
            <maxpow number="0.6364658636122071"/>
            <fprob>0.0</fprob>
        </actor>
        <actor name="D0N16">
            <wcet number="0">10</wcet>
            <wcet number="1">100</wcet>
            <maxpow number="0.5940618839782194"/>
            <maxpow number="0.5940618839782194"/>
            <fprob>0.0</fprob>
        </actor>
        <actor name="D0N33">
            <wcet number="0">170</wcet>
            <wcet number="1">210</wcet>
            <maxpow number="0.5711271172179937"/>
            <maxpow number="0.5711271172179937"/>
            <fprob>0.0</fprob>
        </actor>
        <actor name="D0N6">
            <wcet number="0">30</wcet>
            <wcet number="1">200</wcet>
            <maxpow number="0.16812663045331877"/>
            <maxpow number="0.16812663045331877"/>
            <fprob>0.0</fprob>
        </actor>
        <actor name="D0N18">
            <wcet number="0">120</wcet>
            <wcet number="1">320</wcet>
            <maxpow number="0.6582181412136201"/>
            <maxpow number="0.6582181412136201"/>
            <fprob>0.0</fprob>
        </actor>
        <actor name="D0N28">
            <wcet number="0">20</wcet>
            <wcet number="1">20</wcet>
            <maxpow number="0.49337590748089005"/>
            <maxpow number="0.49337590748089005"/>
            <fprob>0.0</fprob>
        </actor>
        <actor name="D0N29">
            <wcet number="0">30</wcet>
            <wcet number="1">40</wcet>
            <maxpow number="0.4542869846255658"/>
            <maxpow number="0.4542869846255658"/>
            <fprob>0.0</fprob>
        </actor>
        <actor name="D0N22">
            <wcet number="0">10</wcet>
            <wcet number="1">20</wcet>
            <maxpow number="0.7062326109435231"/>
            <maxpow number="0.7062326109435231"/>
            <fprob>0.0</fprob>
        </actor>
        <actor name="D0N20">
            <wcet number="0">10</wcet>
            <wcet number="1">20</wcet>
            <maxpow number="0.6653723143409546"/>
            <maxpow number="0.6653723143409546"/>
            <fprob>0.0</fprob>
        </actor>
        <actor name="D0N21">
            <wcet number="0">210</wcet>
            <wcet number="1">280</wcet>
            <maxpow number="0.9810086516574054"/>
            <maxpow number="0.9810086516574054"/>
            <fprob>0.0</fprob>
        </actor>
        <actor name="D0N46">
            <wcet number="0">60</wcet>
            <wcet number="1">110</wcet>
            <maxpow number="0.6551260194526063"/>
            <maxpow number="0.6551260194526063"/>
            <fprob>0.0</fprob>
        </actor>
        <actor name="D0N26">
            <wcet number="0">30</wcet>
            <wcet number="1">130</wcet>
            <maxpow number="0.6870842531118416"/>
            <maxpow number="0.6870842531118416"/>
            <fprob>0.0</fprob>
        </actor>
        <actor name="D0N30">
            <wcet number="0">50</wcet>
            <wcet number="1">50</wcet>
            <maxpow number="0.776151484399184"/>
            <maxpow number="0.776151484399184"/>
            <fprob>0.0</fprob>
        </actor>
        <actor name="D0N32">
            <wcet number="0">40</wcet>
            <wcet number="1">40</wcet>
            <maxpow number="0.5634806919037998"/>
            <maxpow number="0.5634806919037998"/>
            <fprob>0.0</fprob>
        </actor>
        <actor name="D0N31">
            <wcet number="0">10</wcet>
            <wcet number="1">10</wcet>
            <maxpow number="0.9476945962903407"/>
            <maxpow number="0.9476945962903407"/>
            <fprob>0.0</fprob>
        </actor>
        <actor name="D0N42">
            <wcet number="0">120</wcet>
            <wcet number="1">130</wcet>
            <maxpow number="0.4065655504841777"/>
            <maxpow number="0.4065655504841777"/>
            <fprob>0.0</fprob>
        </actor>
        <actor name="D0N40">
            <wcet number="0">20</wcet>
            <wcet number="1">80</wcet>
            <maxpow number="0.6747455410062434"/>
            <maxpow number="0.6747455410062434"/>
            <fprob>0.0</fprob>
        </actor>
        <actor name="D0N8">
            <wcet number="0">20</wcet>
            <wcet number="1">70</wcet>
            <maxpow number="0.3345949290409424"/>
            <maxpow number="0.3345949290409424"/>
            <fprob>0.0</fprob>
        </actor>
        <actor name="D0N7">
            <wcet number="0">20</wcet>
            <wcet number="1">300</wcet>
            <maxpow number="0.7405990457441294"/>
            <maxpow number="0.7405990457441294"/>
            <fprob>0.0</fprob>
        </actor>
        <actor name="D0N10">
            <wcet number="0">20</wcet>
            <wcet number="1">30</wcet>
            <maxpow number="0.31024715492458677"/>
            <maxpow number="0.31024715492458677"/>
            <fprob>0.0</fprob>
        </actor>
        <actor name="D0N9">
            <wcet number="0">30</wcet>
            <wcet number="1">50</wcet>
            <maxpow number="0.6518278164267027"/>
            <maxpow number="0.6518278164267027"/>
            <fprob>0.0</fprob>
        </actor>
        <actor name="D0N39">
            <wcet number="0">10</wcet>
            <wcet number="1">10</wcet>
            <maxpow number="0.3452323171017326"/>
            <maxpow number="0.3452323171017326"/>
            <fprob>0.0</fprob>
        </actor>
        <actor name="D0N43">
            <wcet number="0">10</wcet>
            <wcet number="1">20</wcet>
            <maxpow number="0.5079441295828063"/>
            <maxpow number="0.5079441295828063"/>
            <fprob>0.0</fprob>
        </actor>
        <actor name="D0N45">
            <wcet number="0">90</wcet>
            <wcet number="1">150</wcet>
            <maxpow number="0.617293495121146"/>
            <maxpow number="0.617293495121146"/>
            <fprob>0.0</fprob>
        </actor>
        <actor name="D0N15">
            <wcet number="0">30</wcet>
            <wcet number="1">30</wcet>
            <maxpow number="0.5964889664909473"/>
            <maxpow number="0.5964889664909473"/>
            <fprob>0.0</fprob>
        </actor>
        <actor name="D0N13">
            <wcet number="0">20</wcet>
            <wcet number="1">20</wcet>
            <maxpow number="0.46644553068918043"/>
            <maxpow number="0.46644553068918043"/>
            <fprob>0.0</fprob>
        </actor>
        <actor name="D0N25">
            <wcet number="0">10</wcet>
            <wcet number="1">20</wcet>
            <maxpow number="0.42520506765859273"/>
            <maxpow number="0.42520506765859273"/>
            <fprob>0.0</fprob>
        </actor>
        <actor name="D0N3">
            <wcet number="0">70</wcet>
            <wcet number="1">110</wcet>
            <maxpow number="0.4847415818465721"/>
            <maxpow number="0.4847415818465721"/>
            <fprob>0.0</fprob>
        </actor>
        <actor name="D0N44">
            <wcet number="0">50</wcet>
            <wcet number="1">110</wcet>
            <maxpow number="0.43152110141766375"/>
            <maxpow number="0.43152110141766375"/>
            <fprob>0.0</fprob>
        </actor>
        <actor name="D0N36">
            <wcet number="0">80</wcet>
            <wcet number="1">80</wcet>
            <maxpow number="0.5884916372341558"/>
            <maxpow number="0.5884916372341558"/>
            <fprob>0.0</fprob>
        </actor>
        <actor name="D0N41">
            <wcet number="0">10</wcet>
            <wcet number="1">50</wcet>
            <maxpow number="0.4504733155033529"/>
            <maxpow number="0.4504733155033529"/>
            <fprob>0.0</fprob>
        </actor>
        <actor name="D0N5">
            <wcet number="0">50</wcet>
            <wcet number="1">50</wcet>
            <maxpow number="0.6837291513874953"/>
            <maxpow number="0.6837291513874953"/>
            <fprob>0.0</fprob>
        </actor>
        <actor name="D0N19">
            <wcet number="0">100</wcet>
            <wcet number="1">110</wcet>
            <maxpow number="0.6949489568777141"/>
            <maxpow number="0.6949489568777141"/>
            <fprob>0.0</fprob>
        </actor>
        <actor name="D0N27">
            <wcet number="0">50</wcet>
            <wcet number="1">70</wcet>
            <maxpow number="0.531588097144623"/>
            <maxpow number="0.531588097144623"/>
            <fprob>0.0</fprob>
        </actor>
        <actor name="D0N23">
            <wcet number="0">10</wcet>
            <wcet number="1">10</wcet>
            <maxpow number="0.38810956651880923"/>
            <maxpow number="0.38810956651880923"/>
            <fprob>0.0</fprob>
        </actor>
        <actor name="D0N34">
            <wcet number="0">50</wcet>
            <wcet number="1">100</wcet>
            <maxpow number="0.6354642961240623"/>
            <maxpow number="0.6354642961240623"/>
            <fprob>0.0</fprob>
        </actor>
        <actor name="D0N35">
            <wcet number="0">10</wcet>
            <wcet number="1">10</wcet>
            <maxpow number="0.9372793747805086"/>
            <maxpow number="0.9372793747805086"/>
            <fprob>0.0</fprob>
        </actor>
        <actor name="D0N14">
            <wcet number="0">170</wcet>
            <wcet number="1">180</wcet>
            <maxpow number="0.5226341200146974"/>
            <maxpow number="0.5226341200146974"/>
            <fprob>0.0</fprob>
        </actor>
        <actor name="D0N47">
            <wcet number="0">40</wcet>
            <wcet number="1">50</wcet>
            <maxpow number="0.45361827414616407"/>
            <maxpow number="0.45361827414616407"/>
            <fprob>0.0</fprob>
        </actor>
        <actor name="D0N12">
            <wcet number="0">130</wcet>
            <wcet number="1">150</wcet>
            <maxpow number="0.4727794971663506"/>
            <maxpow number="0.4727794971663506"/>
            <fprob>0.0</fprob>
        </actor>
        <actor name="D0N37">
            <wcet number="0">10</wcet>
            <wcet number="1">80</wcet>
            <maxpow number="0.4362829486999778"/>
            <maxpow number="0.4362829486999778"/>
            <fprob>0.0</fprob>
        </actor>
        <actor name="D0N17">
            <wcet number="0">60</wcet>
            <wcet number="1">90</wcet>
            <maxpow number="0.44056267476468236"/>
            <maxpow number="0.44056267476468236"/>
            <fprob>0.0</fprob>
        </actor>
        <actor name="D0N0">
            <wcet number="0">10</wcet>
            <wcet number="1">30</wcet>
            <maxpow number="0.7642121200150584"/>
            <maxpow number="0.7642121200150584"/>
            <fprob>0.0</fprob>
        </actor>
        <ports>
            <port dstActor="D0N36" name="p0" srcActor="D0N24"/>
            <port dstActor="D0N40" name="p1" srcActor="D0N38"/>
            <port dstActor="D0N41" name="p2" srcActor="D0N2"/>
            <port dstActor="D0N47" name="p3" srcActor="D0N2"/>
            <port dstActor="D0N27" name="p4" srcActor="D0N2"/>
            <port dstActor="D0N12" name="p5" srcActor="D0N2"/>
            <port dstActor="D0N2" name="p6" srcActor="D0N1"/>
            <port dstActor="D0N43" name="p7" srcActor="D0N1"/>
            <port dstActor="D0N47" name="p8" srcActor="D0N1"/>
            <port dstActor="D0N23" name="p9" srcActor="D0N1"/>
            <port dstActor="D0N35" name="p10" srcActor="D0N1"/>
            <port dstActor="D0N26" name="p11" srcActor="D0N1"/>
            <port dstActor="D0N36" name="p12" srcActor="D0N1"/>
            <port dstActor="D0N3" name="p13" srcActor="D0N1"/>
            <port dstActor="D0N21" name="p14" srcActor="D0N11"/>
            <port dstActor="D0N22" name="p15" srcActor="D0N4"/>
            <port dstActor="D0N37" name="p16" srcActor="D0N4"/>
            <port dstActor="D0N9" name="p17" srcActor="D0N4"/>
            <port dstActor="D0N20" name="p18" srcActor="D0N4"/>
            <port dstActor="D0N27" name="p19" srcActor="D0N4"/>
            <port dstActor="D0N26" name="p20" srcActor="D0N16"/>
            <port dstActor="D0N29" name="p21" srcActor="D0N16"/>
            <port dstActor="D0N28" name="p22" srcActor="D0N16"/>
            <port dstActor="D0N17" name="p23" srcActor="D0N16"/>
            <port dstActor="D0N21" name="p24" srcActor="D0N16"/>
            <port dstActor="D0N37" name="p25" srcActor="D0N33"/>
            <port dstActor="D0N22" name="p26" srcActor="D0N6"/>
            <port dstActor="D0N10" name="p27" srcActor="D0N6"/>
            <port dstActor="D0N17" name="p28" srcActor="D0N6"/>
            <port dstActor="D0N31" name="p29" srcActor="D0N6"/>
            <port dstActor="D0N33" name="p30" srcActor="D0N6"/>
            <port dstActor="D0N13" name="p31" srcActor="D0N6"/>
            <port dstActor="D0N45" name="p32" srcActor="D0N18"/>
            <port dstActor="D0N40" name="p33" srcActor="D0N18"/>
            <port dstActor="D0N34" name="p34" srcActor="D0N28"/>
            <port dstActor="D0N41" name="p35" srcActor="D0N28"/>
            <port dstActor="D0N46" name="p36" srcActor="D0N28"/>
            <port dstActor="D0N23" name="p37" srcActor="D0N22"/>
            <port dstActor="D0N33" name="p38" srcActor="D0N22"/>
            <port dstActor="D0N34" name="p39" srcActor="D0N22"/>
            <port dstActor="D0N29" name="p40" srcActor="D0N20"/>
            <port dstActor="D0N31" name="p41" srcActor="D0N20"/>
            <port dstActor="D0N45" name="p42" srcActor="D0N20"/>
            <port dstActor="D0N37" name="p43" srcActor="D0N20"/>
            <port dstActor="D0N30" name="p44" srcActor="D0N20"/>
            <port dstActor="D0N30" name="p45" srcActor="D0N21"/>
            <port dstActor="D0N47" name="p46" srcActor="D0N21"/>
            <port dstActor="D0N43" name="p47" srcActor="D0N21"/>
            <port dstActor="D0N41" name="p48" srcActor="D0N26"/>
            <port dstActor="D0N37" name="p49" srcActor="D0N26"/>
            <port dstActor="D0N34" name="p50" srcActor="D0N26"/>
            <port dstActor="D0N36" name="p51" srcActor="D0N30"/>
            <port dstActor="D0N34" name="p52" srcActor="D0N32"/>
            <port dstActor="D0N40" name="p53" srcActor="D0N32"/>
            <port dstActor="D0N47" name="p54" srcActor="D0N32"/>
            <port dstActor="D0N33" name="p55" srcActor="D0N32"/>
            <port dstActor="D0N37" name="p56" srcActor="D0N31"/>
            <port dstActor="D0N41" name="p57" srcActor="D0N31"/>
            <port dstActor="D0N43" name="p58" srcActor="D0N40"/>
            <port dstActor="D0N10" name="p59" srcActor="D0N8"/>
            <port dstActor="D0N27" name="p60" srcActor="D0N8"/>
            <port dstActor="D0N43" name="p61" srcActor="D0N8"/>
            <port dstActor="D0N21" name="p62" srcActor="D0N7"/>
            <port dstActor="D0N10" name="p63" srcActor="D0N7"/>
            <port dstActor="D0N9" name="p64" srcActor="D0N7"/>
            <port dstActor="D0N19" name="p65" srcActor="D0N7"/>
            <port dstActor="D0N36" name="p66" srcActor="D0N7"/>
            <port dstActor="D0N28" name="p67" srcActor="D0N10"/>
            <port dstActor="D0N19" name="p68" srcActor="D0N10"/>
            <port dstActor="D0N16" name="p69" srcActor="D0N10"/>
            <port dstActor="D0N34" name="p70" srcActor="D0N10"/>
            <port dstActor="D0N45" name="p71" srcActor="D0N10"/>
            <port dstActor="D0N25" name="p72" srcActor="D0N9"/>
            <port dstActor="D0N35" name="p73" srcActor="D0N9"/>
            <port dstActor="D0N23" name="p74" srcActor="D0N9"/>
            <port dstActor="D0N16" name="p75" srcActor="D0N9"/>
            <port dstActor="D0N22" name="p76" srcActor="D0N9"/>
            <port dstActor="D0N29" name="p77" srcActor="D0N9"/>
            <port dstActor="D0N11" name="p78" srcActor="D0N9"/>
            <port dstActor="D0N22" name="p79" srcActor="D0N15"/>
            <port dstActor="D0N30" name="p80" srcActor="D0N15"/>
            <port dstActor="D0N22" name="p81" srcActor="D0N13"/>
            <port dstActor="D0N34" name="p82" srcActor="D0N13"/>
            <port dstActor="D0N29" name="p83" srcActor="D0N13"/>
            <port dstActor="D0N17" name="p84" srcActor="D0N13"/>
            <port dstActor="D0N41" name="p85" srcActor="D0N25"/>
            <port dstActor="D0N38" name="p86" srcActor="D0N3"/>
            <port dstActor="D0N46" name="p87" srcActor="D0N3"/>
            <port dstActor="D0N36" name="p88" srcActor="D0N3"/>
            <port dstActor="D0N9" name="p89" srcActor="D0N3"/>
            <port dstActor="D0N42" name="p90" srcActor="D0N36"/>
            <port dstActor="D0N37" name="p91" srcActor="D0N36"/>
            <port dstActor="D0N44" name="p92" srcActor="D0N41"/>
            <port dstActor="D0N47" name="p93" srcActor="D0N41"/>
            <port dstActor="D0N24" name="p94" srcActor="D0N5"/>
            <port dstActor="D0N30" name="p95" srcActor="D0N5"/>
            <port dstActor="D0N16" name="p96" srcActor="D0N5"/>
            <port dstActor="D0N10" name="p97" srcActor="D0N5"/>
            <port dstActor="D0N37" name="p98" srcActor="D0N5"/>
            <port dstActor="D0N20" name="p99" srcActor="D0N5"/>
            <port dstActor="D0N34" name="p100" srcActor="D0N19"/>
            <port dstActor="D0N40" name="p101" srcActor="D0N27"/>
            <port dstActor="D0N39" name="p102" srcActor="D0N23"/>
            <port dstActor="D0N36" name="p103" srcActor="D0N23"/>
            <port dstActor="D0N41" name="p104" srcActor="D0N34"/>
            <port dstActor="D0N44" name="p105" srcActor="D0N35"/>
            <port dstActor="D0N36" name="p106" srcActor="D0N35"/>
            <port dstActor="D0N30" name="p107" srcActor="D0N14"/>
            <port dstActor="D0N44" name="p108" srcActor="D0N12"/>
            <port dstActor="D0N31" name="p109" srcActor="D0N12"/>
            <port dstActor="D0N38" name="p110" srcActor="D0N12"/>
            <port dstActor="D0N17" name="p111" srcActor="D0N12"/>
            <port dstActor="D0N38" name="p112" srcActor="D0N37"/>
            <port dstActor="D0N23" name="p113" srcActor="D0N17"/>
            <port dstActor="D0N24" name="p114" srcActor="D0N17"/>
            <port dstActor="D0N43" name="p115" srcActor="D0N0"/>
            <port dstActor="D0N9" name="p116" srcActor="D0N0"/>
            <port dstActor="D0N23" name="p117" srcActor="D0N0"/>
        </ports>
    </mcdag>
    <cores number="3"/>
    <levels number="2"/>
</mcsystem>
