<?xml version="1.0" encoding="UTF-8" standalone="no"?>
<mcsystem>
    <mcdag deadline="2500" name="genned-0-ed-10.0-0">
        <actor name="D0N31">
            <wcet number="0">80</wcet>
            <wcet number="1">160</wcet>
            <maxpow number="0.6102482690720746"/>
            <maxpow number="0.6102482690720746"/>
            <fprob>0.0</fprob>
        </actor>
        <actor name="D0N37">
            <wcet number="0">20</wcet>
            <wcet number="1">100</wcet>
            <maxpow number="0.6115947671861489"/>
            <maxpow number="0.6115947671861489"/>
            <fprob>0.0</fprob>
        </actor>
        <actor name="D0N12">
            <wcet number="0">10</wcet>
            <wcet number="1">10</wcet>
            <maxpow number="0.3390867767715588"/>
            <maxpow number="0.3390867767715588"/>
            <fprob>0.0</fprob>
        </actor>
        <actor name="D0N20">
            <wcet number="0">90</wcet>
            <wcet number="1">100</wcet>
            <maxpow number="0.4055959273704053"/>
            <maxpow number="0.4055959273704053"/>
            <fprob>0.0</fprob>
        </actor>
        <actor name="D0N8">
            <wcet number="0">10</wcet>
            <wcet number="1">10</wcet>
            <maxpow number="0.48427635991112566"/>
            <maxpow number="0.48427635991112566"/>
            <fprob>0.0</fprob>
        </actor>
        <actor name="D0N35">
            <wcet number="0">40</wcet>
            <wcet number="1">80</wcet>
            <maxpow number="0.34410648779976394"/>
            <maxpow number="0.34410648779976394"/>
            <fprob>0.0</fprob>
        </actor>
        <actor name="D0N23">
            <wcet number="0">120</wcet>
            <wcet number="1">120</wcet>
            <maxpow number="0.6023001869118365"/>
            <maxpow number="0.6023001869118365"/>
            <fprob>0.0</fprob>
        </actor>
        <actor name="D0N39">
            <wcet number="0">50</wcet>
            <wcet number="1">120</wcet>
            <maxpow number="0.7354405894729543"/>
            <maxpow number="0.7354405894729543"/>
            <fprob>0.0</fprob>
        </actor>
        <actor name="D0N15">
            <wcet number="0">20</wcet>
            <wcet number="1">60</wcet>
            <maxpow number="0.7503644654819218"/>
            <maxpow number="0.7503644654819218"/>
            <fprob>0.0</fprob>
        </actor>
        <actor name="D0N16">
            <wcet number="0">80</wcet>
            <wcet number="1">150</wcet>
            <maxpow number="0.3750966045428508"/>
            <maxpow number="0.3750966045428508"/>
            <fprob>0.0</fprob>
        </actor>
        <actor name="D0N0">
            <wcet number="0">20</wcet>
            <wcet number="1">80</wcet>
            <maxpow number="0.5156236780066205"/>
            <maxpow number="0.5156236780066205"/>
            <fprob>0.0</fprob>
        </actor>
        <actor name="D0N6">
            <wcet number="0">20</wcet>
            <wcet number="1">190</wcet>
            <maxpow number="0.30895619734151525"/>
            <maxpow number="0.30895619734151525"/>
            <fprob>0.0</fprob>
        </actor>
        <actor name="D0N19">
            <wcet number="0">260</wcet>
            <wcet number="1">300</wcet>
            <maxpow number="0.5972732857960553"/>
            <maxpow number="0.5972732857960553"/>
            <fprob>0.0</fprob>
        </actor>
        <actor name="D0N24">
            <wcet number="0">10</wcet>
            <wcet number="1">30</wcet>
            <maxpow number="0.44929749351994136"/>
            <maxpow number="0.44929749351994136"/>
            <fprob>0.0</fprob>
        </actor>
        <actor name="D0N2">
            <wcet number="0">20</wcet>
            <wcet number="1">50</wcet>
            <maxpow number="0.525049626213135"/>
            <maxpow number="0.525049626213135"/>
            <fprob>0.0</fprob>
        </actor>
        <actor name="D0N5">
            <wcet number="0">20</wcet>
            <wcet number="1">20</wcet>
            <maxpow number="0.6314264363155119"/>
            <maxpow number="0.6314264363155119"/>
            <fprob>0.0</fprob>
        </actor>
        <actor name="D0N17">
            <wcet number="0">40</wcet>
            <wcet number="1">40</wcet>
            <maxpow number="0.45211570452917493"/>
            <maxpow number="0.45211570452917493"/>
            <fprob>0.0</fprob>
        </actor>
        <actor name="D0N44">
            <wcet number="0">10</wcet>
            <wcet number="1">10</wcet>
            <maxpow number="0.5209677648918097"/>
            <maxpow number="0.5209677648918097"/>
            <fprob>0.0</fprob>
        </actor>
        <actor name="D0N11">
            <wcet number="0">30</wcet>
            <wcet number="1">30</wcet>
            <maxpow number="0.4012783472822341"/>
            <maxpow number="0.4012783472822341"/>
            <fprob>0.0</fprob>
        </actor>
        <actor name="D0N42">
            <wcet number="0">60</wcet>
            <wcet number="1">410</wcet>
            <maxpow number="0.30671863689840173"/>
            <maxpow number="0.30671863689840173"/>
            <fprob>0.0</fprob>
        </actor>
        <actor name="D0N32">
            <wcet number="0">40</wcet>
            <wcet number="1">170</wcet>
            <maxpow number="0.5390142450720201"/>
            <maxpow number="0.5390142450720201"/>
            <fprob>0.0</fprob>
        </actor>
        <actor name="D0N3">
            <wcet number="0">30</wcet>
            <wcet number="1">30</wcet>
            <maxpow number="0.6044081191375329"/>
            <maxpow number="0.6044081191375329"/>
            <fprob>0.0</fprob>
        </actor>
        <actor name="D0N14">
            <wcet number="0">60</wcet>
            <wcet number="1">280</wcet>
            <maxpow number="0.5714730043986701"/>
            <maxpow number="0.5714730043986701"/>
            <fprob>0.0</fprob>
        </actor>
        <actor name="D0N30">
            <wcet number="0">10</wcet>
            <wcet number="1">20</wcet>
            <maxpow number="0.5457300186331103"/>
            <maxpow number="0.5457300186331103"/>
            <fprob>0.0</fprob>
        </actor>
        <actor name="D0N1">
            <wcet number="0">30</wcet>
            <wcet number="1">60</wcet>
            <maxpow number="0.5900934253407496"/>
            <maxpow number="0.5900934253407496"/>
            <fprob>0.0</fprob>
        </actor>
        <actor name="D0N28">
            <wcet number="0">40</wcet>
            <wcet number="1">50</wcet>
            <maxpow number="0.37213697513756694"/>
            <maxpow number="0.37213697513756694"/>
            <fprob>0.0</fprob>
        </actor>
        <actor name="D0N45">
            <wcet number="0">10</wcet>
            <wcet number="1">10</wcet>
            <maxpow number="0.4645158203405484"/>
            <maxpow number="0.4645158203405484"/>
            <fprob>0.0</fprob>
        </actor>
        <actor name="D0N22">
            <wcet number="0">10</wcet>
            <wcet number="1">30</wcet>
            <maxpow number="0.6042321404066505"/>
            <maxpow number="0.6042321404066505"/>
            <fprob>0.0</fprob>
        </actor>
        <actor name="D0N43">
            <wcet number="0">20</wcet>
            <wcet number="1">30</wcet>
            <maxpow number="0.48712279844042305"/>
            <maxpow number="0.48712279844042305"/>
            <fprob>0.0</fprob>
        </actor>
        <actor name="D0N18">
            <wcet number="0">30</wcet>
            <wcet number="1">50</wcet>
            <maxpow number="0.5943981350708829"/>
            <maxpow number="0.5943981350708829"/>
            <fprob>0.0</fprob>
        </actor>
        <actor name="D0N38">
            <wcet number="0">10</wcet>
            <wcet number="1">20</wcet>
            <maxpow number="0.4985057276645646"/>
            <maxpow number="0.4985057276645646"/>
            <fprob>0.0</fprob>
        </actor>
        <actor name="D0N25">
            <wcet number="0">80</wcet>
            <wcet number="1">80</wcet>
            <maxpow number="0.392581777124992"/>
            <maxpow number="0.392581777124992"/>
            <fprob>0.0</fprob>
        </actor>
        <actor name="D0N7">
            <wcet number="0">100</wcet>
            <wcet number="1">120</wcet>
            <maxpow number="0.7262436014066842"/>
            <maxpow number="0.7262436014066842"/>
            <fprob>0.0</fprob>
        </actor>
        <actor name="D0N40">
            <wcet number="0">20</wcet>
            <wcet number="1">240</wcet>
            <maxpow number="0.6974840628092165"/>
            <maxpow number="0.6974840628092165"/>
            <fprob>0.0</fprob>
        </actor>
        <actor name="D0N46">
            <wcet number="0">10</wcet>
            <wcet number="1">50</wcet>
            <maxpow number="0.8054402298021321"/>
            <maxpow number="0.8054402298021321"/>
            <fprob>0.0</fprob>
        </actor>
        <actor name="D0N34">
            <wcet number="0">100</wcet>
            <wcet number="1">290</wcet>
            <maxpow number="0.4112007232243733"/>
            <maxpow number="0.4112007232243733"/>
            <fprob>0.0</fprob>
        </actor>
        <actor name="D0N13">
            <wcet number="0">60</wcet>
            <wcet number="1">60</wcet>
            <maxpow number="0.7054353765122717"/>
            <maxpow number="0.7054353765122717"/>
            <fprob>0.0</fprob>
        </actor>
        <actor name="D0N21">
            <wcet number="0">30</wcet>
            <wcet number="1">40</wcet>
            <maxpow number="0.28009330221518536"/>
            <maxpow number="0.28009330221518536"/>
            <fprob>0.0</fprob>
        </actor>
        <actor name="D0N36">
            <wcet number="0">10</wcet>
            <wcet number="1">80</wcet>
            <maxpow number="0.5248985567127183"/>
            <maxpow number="0.5248985567127183"/>
            <fprob>0.0</fprob>
        </actor>
        <actor name="D0N26">
            <wcet number="0">40</wcet>
            <wcet number="1">60</wcet>
            <maxpow number="0.5363316861954215"/>
            <maxpow number="0.5363316861954215"/>
            <fprob>0.0</fprob>
        </actor>
        <actor name="D0N27">
            <wcet number="0">60</wcet>
            <wcet number="1">80</wcet>
            <maxpow number="0.8236224270860772"/>
            <maxpow number="0.8236224270860772"/>
            <fprob>0.0</fprob>
        </actor>
        <actor name="D0N33">
            <wcet number="0">390</wcet>
            <wcet number="1">440</wcet>
            <maxpow number="0.6473309562973348"/>
            <maxpow number="0.6473309562973348"/>
            <fprob>0.0</fprob>
        </actor>
        <actor name="D0N29">
            <wcet number="0">50</wcet>
            <wcet number="1">60</wcet>
            <maxpow number="0.46048515770685305"/>
            <maxpow number="0.46048515770685305"/>
            <fprob>0.0</fprob>
        </actor>
        <actor name="D0N41">
            <wcet number="0">180</wcet>
            <wcet number="1">300</wcet>
            <maxpow number="0.5195311981946428"/>
            <maxpow number="0.5195311981946428"/>
            <fprob>0.0</fprob>
        </actor>
        <actor name="D0N10">
            <wcet number="0">180</wcet>
            <wcet number="1">180</wcet>
            <maxpow number="0.40770750420946444"/>
            <maxpow number="0.40770750420946444"/>
            <fprob>0.0</fprob>
        </actor>
        <actor name="D0N9">
            <wcet number="0">10</wcet>
            <wcet number="1">60</wcet>
            <maxpow number="0.45551792804587293"/>
            <maxpow number="0.45551792804587293"/>
            <fprob>0.0</fprob>
        </actor>
        <actor name="D0N4">
            <wcet number="0">30</wcet>
            <wcet number="1">40</wcet>
            <maxpow number="0.4408024052605192"/>
            <maxpow number="0.4408024052605192"/>
            <fprob>0.0</fprob>
        </actor>
        <ports>
            <port dstActor="D0N39" name="p0" srcActor="D0N31"/>
            <port dstActor="D0N40" name="p1" srcActor="D0N37"/>
            <port dstActor="D0N38" name="p2" srcActor="D0N12"/>
            <port dstActor="D0N37" name="p3" srcActor="D0N12"/>
            <port dstActor="D0N45" name="p4" srcActor="D0N12"/>
            <port dstActor="D0N17" name="p5" srcActor="D0N12"/>
            <port dstActor="D0N33" name="p6" srcActor="D0N20"/>
            <port dstActor="D0N10" name="p7" srcActor="D0N8"/>
            <port dstActor="D0N15" name="p8" srcActor="D0N8"/>
            <port dstActor="D0N28" name="p9" srcActor="D0N8"/>
            <port dstActor="D0N24" name="p10" srcActor="D0N8"/>
            <port dstActor="D0N25" name="p11" srcActor="D0N23"/>
            <port dstActor="D0N38" name="p12" srcActor="D0N23"/>
            <port dstActor="D0N41" name="p13" srcActor="D0N23"/>
            <port dstActor="D0N45" name="p14" srcActor="D0N23"/>
            <port dstActor="D0N24" name="p15" srcActor="D0N23"/>
            <port dstActor="D0N43" name="p16" srcActor="D0N39"/>
            <port dstActor="D0N32" name="p17" srcActor="D0N15"/>
            <port dstActor="D0N42" name="p18" srcActor="D0N15"/>
            <port dstActor="D0N24" name="p19" srcActor="D0N15"/>
            <port dstActor="D0N21" name="p20" srcActor="D0N15"/>
            <port dstActor="D0N43" name="p21" srcActor="D0N15"/>
            <port dstActor="D0N35" name="p22" srcActor="D0N16"/>
            <port dstActor="D0N34" name="p23" srcActor="D0N16"/>
            <port dstActor="D0N42" name="p24" srcActor="D0N16"/>
            <port dstActor="D0N39" name="p25" srcActor="D0N16"/>
            <port dstActor="D0N32" name="p26" srcActor="D0N16"/>
            <port dstActor="D0N20" name="p27" srcActor="D0N0"/>
            <port dstActor="D0N42" name="p28" srcActor="D0N0"/>
            <port dstActor="D0N37" name="p29" srcActor="D0N6"/>
            <port dstActor="D0N30" name="p30" srcActor="D0N6"/>
            <port dstActor="D0N21" name="p31" srcActor="D0N6"/>
            <port dstActor="D0N7" name="p32" srcActor="D0N6"/>
            <port dstActor="D0N9" name="p33" srcActor="D0N6"/>
            <port dstActor="D0N29" name="p34" srcActor="D0N19"/>
            <port dstActor="D0N42" name="p35" srcActor="D0N19"/>
            <port dstActor="D0N20" name="p36" srcActor="D0N19"/>
            <port dstActor="D0N28" name="p37" srcActor="D0N19"/>
            <port dstActor="D0N34" name="p38" srcActor="D0N24"/>
            <port dstActor="D0N44" name="p39" srcActor="D0N24"/>
            <port dstActor="D0N28" name="p40" srcActor="D0N2"/>
            <port dstActor="D0N40" name="p41" srcActor="D0N2"/>
            <port dstActor="D0N41" name="p42" srcActor="D0N5"/>
            <port dstActor="D0N30" name="p43" srcActor="D0N5"/>
            <port dstActor="D0N17" name="p44" srcActor="D0N5"/>
            <port dstActor="D0N29" name="p45" srcActor="D0N5"/>
            <port dstActor="D0N23" name="p46" srcActor="D0N17"/>
            <port dstActor="D0N29" name="p47" srcActor="D0N17"/>
            <port dstActor="D0N33" name="p48" srcActor="D0N17"/>
            <port dstActor="D0N36" name="p49" srcActor="D0N17"/>
            <port dstActor="D0N41" name="p50" srcActor="D0N17"/>
            <port dstActor="D0N38" name="p51" srcActor="D0N11"/>
            <port dstActor="D0N26" name="p52" srcActor="D0N11"/>
            <port dstActor="D0N37" name="p53" srcActor="D0N11"/>
            <port dstActor="D0N21" name="p54" srcActor="D0N11"/>
            <port dstActor="D0N34" name="p55" srcActor="D0N11"/>
            <port dstActor="D0N36" name="p56" srcActor="D0N32"/>
            <port dstActor="D0N43" name="p57" srcActor="D0N32"/>
            <port dstActor="D0N44" name="p58" srcActor="D0N32"/>
            <port dstActor="D0N42" name="p59" srcActor="D0N32"/>
            <port dstActor="D0N25" name="p60" srcActor="D0N3"/>
            <port dstActor="D0N42" name="p61" srcActor="D0N3"/>
            <port dstActor="D0N21" name="p62" srcActor="D0N3"/>
            <port dstActor="D0N37" name="p63" srcActor="D0N30"/>
            <port dstActor="D0N31" name="p64" srcActor="D0N30"/>
            <port dstActor="D0N39" name="p65" srcActor="D0N30"/>
            <port dstActor="D0N19" name="p66" srcActor="D0N18"/>
            <port dstActor="D0N34" name="p67" srcActor="D0N18"/>
            <port dstActor="D0N37" name="p68" srcActor="D0N18"/>
            <port dstActor="D0N45" name="p69" srcActor="D0N38"/>
            <port dstActor="D0N39" name="p70" srcActor="D0N38"/>
            <port dstActor="D0N41" name="p71" srcActor="D0N38"/>
            <port dstActor="D0N26" name="p72" srcActor="D0N7"/>
            <port dstActor="D0N45" name="p73" srcActor="D0N7"/>
            <port dstActor="D0N43" name="p74" srcActor="D0N40"/>
            <port dstActor="D0N42" name="p75" srcActor="D0N34"/>
            <port dstActor="D0N42" name="p76" srcActor="D0N13"/>
            <port dstActor="D0N15" name="p77" srcActor="D0N13"/>
            <port dstActor="D0N17" name="p78" srcActor="D0N13"/>
            <port dstActor="D0N27" name="p79" srcActor="D0N13"/>
            <port dstActor="D0N41" name="p80" srcActor="D0N13"/>
            <port dstActor="D0N37" name="p81" srcActor="D0N13"/>
            <port dstActor="D0N40" name="p82" srcActor="D0N13"/>
            <port dstActor="D0N38" name="p83" srcActor="D0N36"/>
            <port dstActor="D0N45" name="p84" srcActor="D0N36"/>
            <port dstActor="D0N31" name="p85" srcActor="D0N26"/>
            <port dstActor="D0N46" name="p86" srcActor="D0N27"/>
            <port dstActor="D0N39" name="p87" srcActor="D0N27"/>
            <port dstActor="D0N35" name="p88" srcActor="D0N33"/>
            <port dstActor="D0N39" name="p89" srcActor="D0N33"/>
            <port dstActor="D0N42" name="p90" srcActor="D0N33"/>
            <port dstActor="D0N46" name="p91" srcActor="D0N29"/>
            <port dstActor="D0N44" name="p92" srcActor="D0N41"/>
            <port dstActor="D0N36" name="p93" srcActor="D0N10"/>
            <port dstActor="D0N34" name="p94" srcActor="D0N10"/>
            <port dstActor="D0N27" name="p95" srcActor="D0N9"/>
            <port dstActor="D0N41" name="p96" srcActor="D0N9"/>
            <port dstActor="D0N13" name="p97" srcActor="D0N9"/>
            <port dstActor="D0N15" name="p98" srcActor="D0N4"/>
            <port dstActor="D0N6" name="p99" srcActor="D0N4"/>
            <port dstActor="D0N37" name="p100" srcActor="D0N4"/>
            <port dstActor="D0N16" name="p101" srcActor="D0N4"/>
        </ports>
    </mcdag>
    <cores number="2"/>
    <levels number="2"/>
</mcsystem>
