<?xml version="1.0" encoding="UTF-8" standalone="no"?>
<mcsystem>
    <mcdag deadline="1500" name="genned-0-ed-10.0-0">
        <actor name="D0N38">
            <wcet number="0">40</wcet>
            <wcet number="1">70</wcet>
            <maxpow number="0.2580910388716585"/>
            <maxpow number="0.2580910388716585"/>
            <fprob>0.0</fprob>
        </actor>
        <actor name="D0N27">
            <wcet number="0">20</wcet>
            <wcet number="1">20</wcet>
            <maxpow number="0.4810027664293527"/>
            <maxpow number="0.4810027664293527"/>
            <fprob>0.0</fprob>
        </actor>
        <actor name="D0N0">
            <wcet number="0">20</wcet>
            <wcet number="1">30</wcet>
            <maxpow number="0.7478584513716715"/>
            <maxpow number="0.7478584513716715"/>
            <fprob>0.0</fprob>
        </actor>
        <actor name="D0N24">
            <wcet number="0">10</wcet>
            <wcet number="1">20</wcet>
            <maxpow number="0.47360579599059327"/>
            <maxpow number="0.47360579599059327"/>
            <fprob>0.0</fprob>
        </actor>
        <actor name="D0N35">
            <wcet number="0">10</wcet>
            <wcet number="1">60</wcet>
            <maxpow number="0.7631534715148558"/>
            <maxpow number="0.7631534715148558"/>
            <fprob>0.0</fprob>
        </actor>
        <actor name="D0N15">
            <wcet number="0">10</wcet>
            <wcet number="1">10</wcet>
            <maxpow number="0.23834855829486135"/>
            <maxpow number="0.23834855829486135"/>
            <fprob>0.0</fprob>
        </actor>
        <actor name="D0N2">
            <wcet number="0">20</wcet>
            <wcet number="1">20</wcet>
            <maxpow number="0.628929053791446"/>
            <maxpow number="0.628929053791446"/>
            <fprob>0.0</fprob>
        </actor>
        <actor name="D0N47">
            <wcet number="0">10</wcet>
            <wcet number="1">10</wcet>
            <maxpow number="0.39599539226636804"/>
            <maxpow number="0.39599539226636804"/>
            <fprob>0.0</fprob>
        </actor>
        <actor name="D0N32">
            <wcet number="0">90</wcet>
            <wcet number="1">190</wcet>
            <maxpow number="0.7318987038872049"/>
            <maxpow number="0.7318987038872049"/>
            <fprob>0.0</fprob>
        </actor>
        <actor name="D0N33">
            <wcet number="0">220</wcet>
            <wcet number="1">310</wcet>
            <maxpow number="0.15544234695060927"/>
            <maxpow number="0.15544234695060927"/>
            <fprob>0.0</fprob>
        </actor>
        <actor name="D0N44">
            <wcet number="0">10</wcet>
            <wcet number="1">10</wcet>
            <maxpow number="0.37273030136475904"/>
            <maxpow number="0.37273030136475904"/>
            <fprob>0.0</fprob>
        </actor>
        <actor name="D0N30">
            <wcet number="0">20</wcet>
            <wcet number="1">30</wcet>
            <maxpow number="0.4082897024286378"/>
            <maxpow number="0.4082897024286378"/>
            <fprob>0.0</fprob>
        </actor>
        <actor name="D0N29">
            <wcet number="0">30</wcet>
            <wcet number="1">40</wcet>
            <maxpow number="-0.10208974451677533"/>
            <maxpow number="-0.10208974451677533"/>
            <fprob>0.0</fprob>
        </actor>
        <actor name="D0N42">
            <wcet number="0">10</wcet>
            <wcet number="1">110</wcet>
            <maxpow number="0.5600129498061517"/>
            <maxpow number="0.5600129498061517"/>
            <fprob>0.0</fprob>
        </actor>
        <actor name="D0N25">
            <wcet number="0">180</wcet>
            <wcet number="1">490</wcet>
            <maxpow number="0.2916859427176142"/>
            <maxpow number="0.2916859427176142"/>
            <fprob>0.0</fprob>
        </actor>
        <actor name="D0N7">
            <wcet number="0">30</wcet>
            <wcet number="1">70</wcet>
            <maxpow number="0.6444481734949968"/>
            <maxpow number="0.6444481734949968"/>
            <fprob>0.0</fprob>
        </actor>
        <actor name="D0N46">
            <wcet number="0">30</wcet>
            <wcet number="1">40</wcet>
            <maxpow number="0.7437884876755334"/>
            <maxpow number="0.7437884876755334"/>
            <fprob>0.0</fprob>
        </actor>
        <actor name="D0N41">
            <wcet number="0">120</wcet>
            <wcet number="1">140</wcet>
            <maxpow number="0.2883389235197948"/>
            <maxpow number="0.2883389235197948"/>
            <fprob>0.0</fprob>
        </actor>
        <actor name="D0N39">
            <wcet number="0">10</wcet>
            <wcet number="1">30</wcet>
            <maxpow number="0.22057992623075834"/>
            <maxpow number="0.22057992623075834"/>
            <fprob>0.0</fprob>
        </actor>
        <actor name="D0N9">
            <wcet number="0">130</wcet>
            <wcet number="1">210</wcet>
            <maxpow number="0.7120982357074748"/>
            <maxpow number="0.7120982357074748"/>
            <fprob>0.0</fprob>
        </actor>
        <actor name="D0N4">
            <wcet number="0">10</wcet>
            <wcet number="1">10</wcet>
            <maxpow number="0.5079333566905817"/>
            <maxpow number="0.5079333566905817"/>
            <fprob>0.0</fprob>
        </actor>
        <actor name="D0N11">
            <wcet number="0">30</wcet>
            <wcet number="1">50</wcet>
            <maxpow number="0.44651613991726063"/>
            <maxpow number="0.44651613991726063"/>
            <fprob>0.0</fprob>
        </actor>
        <actor name="D0N14">
            <wcet number="0">20</wcet>
            <wcet number="1">20</wcet>
            <maxpow number="0.7446237326569155"/>
            <maxpow number="0.7446237326569155"/>
            <fprob>0.0</fprob>
        </actor>
        <actor name="D0N34">
            <wcet number="0">120</wcet>
            <wcet number="1">150</wcet>
            <maxpow number="0.3463708829564231"/>
            <maxpow number="0.3463708829564231"/>
            <fprob>0.0</fprob>
        </actor>
        <actor name="D0N22">
            <wcet number="0">120</wcet>
            <wcet number="1">120</wcet>
            <maxpow number="0.35950236012125136"/>
            <maxpow number="0.35950236012125136"/>
            <fprob>0.0</fprob>
        </actor>
        <actor name="D0N6">
            <wcet number="0">80</wcet>
            <wcet number="1">80</wcet>
            <maxpow number="0.456358129513562"/>
            <maxpow number="0.456358129513562"/>
            <fprob>0.0</fprob>
        </actor>
        <actor name="D0N10">
            <wcet number="0">30</wcet>
            <wcet number="1">30</wcet>
            <maxpow number="0.5492228371450574"/>
            <maxpow number="0.5492228371450574"/>
            <fprob>0.0</fprob>
        </actor>
        <actor name="D0N16">
            <wcet number="0">40</wcet>
            <wcet number="1">40</wcet>
            <maxpow number="0.6514456218122873"/>
            <maxpow number="0.6514456218122873"/>
            <fprob>0.0</fprob>
        </actor>
        <actor name="D0N43">
            <wcet number="0">100</wcet>
            <wcet number="1">170</wcet>
            <maxpow number="0.7812018134326697"/>
            <maxpow number="0.7812018134326697"/>
            <fprob>0.0</fprob>
        </actor>
        <actor name="D0N3">
            <wcet number="0">10</wcet>
            <wcet number="1">60</wcet>
            <maxpow number="0.4732982374283029"/>
            <maxpow number="0.4732982374283029"/>
            <fprob>0.0</fprob>
        </actor>
        <actor name="D0N23">
            <wcet number="0">40</wcet>
            <wcet number="1">110</wcet>
            <maxpow number="0.45677888875221656"/>
            <maxpow number="0.45677888875221656"/>
            <fprob>0.0</fprob>
        </actor>
        <actor name="D0N1">
            <wcet number="0">20</wcet>
            <wcet number="1">20</wcet>
            <maxpow number="0.05868634374879872"/>
            <maxpow number="0.05868634374879872"/>
            <fprob>0.0</fprob>
        </actor>
        <actor name="D0N12">
            <wcet number="0">10</wcet>
            <wcet number="1">10</wcet>
            <maxpow number="0.2592451094944542"/>
            <maxpow number="0.2592451094944542"/>
            <fprob>0.0</fprob>
        </actor>
        <actor name="D0N28">
            <wcet number="0">20</wcet>
            <wcet number="1">40</wcet>
            <maxpow number="0.7261496341992576"/>
            <maxpow number="0.7261496341992576"/>
            <fprob>0.0</fprob>
        </actor>
        <actor name="D0N8">
            <wcet number="0">20</wcet>
            <wcet number="1">20</wcet>
            <maxpow number="0.9916731002414263"/>
            <maxpow number="0.9916731002414263"/>
            <fprob>0.0</fprob>
        </actor>
        <actor name="D0N26">
            <wcet number="0">70</wcet>
            <wcet number="1">70</wcet>
            <maxpow number="0.44557640054937264"/>
            <maxpow number="0.44557640054937264"/>
            <fprob>0.0</fprob>
        </actor>
        <actor name="D0N31">
            <wcet number="0">10</wcet>
            <wcet number="1">10</wcet>
            <maxpow number="0.6357518786165675"/>
            <maxpow number="0.6357518786165675"/>
            <fprob>0.0</fprob>
        </actor>
        <actor name="D0N37">
            <wcet number="0">10</wcet>
            <wcet number="1">10</wcet>
            <maxpow number="0.4568471567404162"/>
            <maxpow number="0.4568471567404162"/>
            <fprob>0.0</fprob>
        </actor>
        <actor name="D0N19">
            <wcet number="0">70</wcet>
            <wcet number="1">80</wcet>
            <maxpow number="0.6271662997870759"/>
            <maxpow number="0.6271662997870759"/>
            <fprob>0.0</fprob>
        </actor>
        <actor name="D0N17">
            <wcet number="0">150</wcet>
            <wcet number="1">190</wcet>
            <maxpow number="0.22988629031928914"/>
            <maxpow number="0.22988629031928914"/>
            <fprob>0.0</fprob>
        </actor>
        <actor name="D0N40">
            <wcet number="0">20</wcet>
            <wcet number="1">120</wcet>
            <maxpow number="0.7245211897470202"/>
            <maxpow number="0.7245211897470202"/>
            <fprob>0.0</fprob>
        </actor>
        <actor name="D0N48">
            <wcet number="0">40</wcet>
            <wcet number="1">50</wcet>
            <maxpow number="0.5291431160741703"/>
            <maxpow number="0.5291431160741703"/>
            <fprob>0.0</fprob>
        </actor>
        <actor name="D0N20">
            <wcet number="0">30</wcet>
            <wcet number="1">40</wcet>
            <maxpow number="0.6157434598119191"/>
            <maxpow number="0.6157434598119191"/>
            <fprob>0.0</fprob>
        </actor>
        <actor name="D0N21">
            <wcet number="0">10</wcet>
            <wcet number="1">30</wcet>
            <maxpow number="0.5545531079301644"/>
            <maxpow number="0.5545531079301644"/>
            <fprob>0.0</fprob>
        </actor>
        <actor name="D0N45">
            <wcet number="0">10</wcet>
            <wcet number="1">20</wcet>
            <maxpow number="0.6049977951217782"/>
            <maxpow number="0.6049977951217782"/>
            <fprob>0.0</fprob>
        </actor>
        <actor name="D0N5">
            <wcet number="0">70</wcet>
            <wcet number="1">140</wcet>
            <maxpow number="0.7413743371886328"/>
            <maxpow number="0.7413743371886328"/>
            <fprob>0.0</fprob>
        </actor>
        <actor name="D0N36">
            <wcet number="0">10</wcet>
            <wcet number="1">10</wcet>
            <maxpow number="0.4609105599074525"/>
            <maxpow number="0.4609105599074525"/>
            <fprob>0.0</fprob>
        </actor>
        <actor name="D0N13">
            <wcet number="0">10</wcet>
            <wcet number="1">40</wcet>
            <maxpow number="0.734243519554423"/>
            <maxpow number="0.734243519554423"/>
            <fprob>0.0</fprob>
        </actor>
        <actor name="D0N18">
            <wcet number="0">90</wcet>
            <wcet number="1">100</wcet>
            <maxpow number="0.42462979419520663"/>
            <maxpow number="0.42462979419520663"/>
            <fprob>0.0</fprob>
        </actor>
        <ports>
            <port dstActor="D0N48" name="p0" srcActor="D0N38"/>
            <port dstActor="D0N43" name="p1" srcActor="D0N27"/>
            <port dstActor="D0N31" name="p2" srcActor="D0N27"/>
            <port dstActor="D0N41" name="p3" srcActor="D0N27"/>
            <port dstActor="D0N48" name="p4" srcActor="D0N27"/>
            <port dstActor="D0N36" name="p5" srcActor="D0N27"/>
            <port dstActor="D0N11" name="p6" srcActor="D0N0"/>
            <port dstActor="D0N18" name="p7" srcActor="D0N0"/>
            <port dstActor="D0N23" name="p8" srcActor="D0N0"/>
            <port dstActor="D0N43" name="p9" srcActor="D0N24"/>
            <port dstActor="D0N37" name="p10" srcActor="D0N24"/>
            <port dstActor="D0N40" name="p11" srcActor="D0N35"/>
            <port dstActor="D0N40" name="p12" srcActor="D0N15"/>
            <port dstActor="D0N21" name="p13" srcActor="D0N15"/>
            <port dstActor="D0N25" name="p14" srcActor="D0N15"/>
            <port dstActor="D0N27" name="p15" srcActor="D0N2"/>
            <port dstActor="D0N39" name="p16" srcActor="D0N2"/>
            <port dstActor="D0N43" name="p17" srcActor="D0N2"/>
            <port dstActor="D0N47" name="p18" srcActor="D0N2"/>
            <port dstActor="D0N38" name="p19" srcActor="D0N2"/>
            <port dstActor="D0N46" name="p20" srcActor="D0N33"/>
            <port dstActor="D0N42" name="p21" srcActor="D0N33"/>
            <port dstActor="D0N34" name="p22" srcActor="D0N33"/>
            <port dstActor="D0N48" name="p23" srcActor="D0N44"/>
            <port dstActor="D0N31" name="p24" srcActor="D0N30"/>
            <port dstActor="D0N41" name="p25" srcActor="D0N30"/>
            <port dstActor="D0N30" name="p26" srcActor="D0N29"/>
            <port dstActor="D0N31" name="p27" srcActor="D0N29"/>
            <port dstActor="D0N42" name="p28" srcActor="D0N29"/>
            <port dstActor="D0N40" name="p29" srcActor="D0N29"/>
            <port dstActor="D0N47" name="p30" srcActor="D0N42"/>
            <port dstActor="D0N45" name="p31" srcActor="D0N42"/>
            <port dstActor="D0N37" name="p32" srcActor="D0N7"/>
            <port dstActor="D0N34" name="p33" srcActor="D0N7"/>
            <port dstActor="D0N16" name="p34" srcActor="D0N7"/>
            <port dstActor="D0N31" name="p35" srcActor="D0N7"/>
            <port dstActor="D0N39" name="p36" srcActor="D0N7"/>
            <port dstActor="D0N37" name="p37" srcActor="D0N9"/>
            <port dstActor="D0N13" name="p38" srcActor="D0N9"/>
            <port dstActor="D0N18" name="p39" srcActor="D0N9"/>
            <port dstActor="D0N28" name="p40" srcActor="D0N9"/>
            <port dstActor="D0N48" name="p41" srcActor="D0N9"/>
            <port dstActor="D0N34" name="p42" srcActor="D0N4"/>
            <port dstActor="D0N22" name="p43" srcActor="D0N4"/>
            <port dstActor="D0N27" name="p44" srcActor="D0N4"/>
            <port dstActor="D0N32" name="p45" srcActor="D0N4"/>
            <port dstActor="D0N11" name="p46" srcActor="D0N4"/>
            <port dstActor="D0N18" name="p47" srcActor="D0N4"/>
            <port dstActor="D0N10" name="p48" srcActor="D0N4"/>
            <port dstActor="D0N29" name="p49" srcActor="D0N11"/>
            <port dstActor="D0N30" name="p50" srcActor="D0N11"/>
            <port dstActor="D0N40" name="p51" srcActor="D0N14"/>
            <port dstActor="D0N28" name="p52" srcActor="D0N22"/>
            <port dstActor="D0N19" name="p53" srcActor="D0N10"/>
            <port dstActor="D0N12" name="p54" srcActor="D0N10"/>
            <port dstActor="D0N36" name="p55" srcActor="D0N16"/>
            <port dstActor="D0N34" name="p56" srcActor="D0N16"/>
            <port dstActor="D0N33" name="p57" srcActor="D0N16"/>
            <port dstActor="D0N41" name="p58" srcActor="D0N16"/>
            <port dstActor="D0N45" name="p59" srcActor="D0N43"/>
            <port dstActor="D0N12" name="p60" srcActor="D0N3"/>
            <port dstActor="D0N13" name="p61" srcActor="D0N3"/>
            <port dstActor="D0N15" name="p62" srcActor="D0N3"/>
            <port dstActor="D0N16" name="p63" srcActor="D0N3"/>
            <port dstActor="D0N41" name="p64" srcActor="D0N3"/>
            <port dstActor="D0N8" name="p65" srcActor="D0N3"/>
            <port dstActor="D0N38" name="p66" srcActor="D0N3"/>
            <port dstActor="D0N34" name="p67" srcActor="D0N23"/>
            <port dstActor="D0N42" name="p68" srcActor="D0N23"/>
            <port dstActor="D0N42" name="p69" srcActor="D0N1"/>
            <port dstActor="D0N37" name="p70" srcActor="D0N1"/>
            <port dstActor="D0N31" name="p71" srcActor="D0N1"/>
            <port dstActor="D0N28" name="p72" srcActor="D0N1"/>
            <port dstActor="D0N34" name="p73" srcActor="D0N12"/>
            <port dstActor="D0N19" name="p74" srcActor="D0N12"/>
            <port dstActor="D0N35" name="p75" srcActor="D0N28"/>
            <port dstActor="D0N41" name="p76" srcActor="D0N28"/>
            <port dstActor="D0N43" name="p77" srcActor="D0N28"/>
            <port dstActor="D0N13" name="p78" srcActor="D0N8"/>
            <port dstActor="D0N45" name="p79" srcActor="D0N8"/>
            <port dstActor="D0N40" name="p80" srcActor="D0N8"/>
            <port dstActor="D0N24" name="p81" srcActor="D0N8"/>
            <port dstActor="D0N31" name="p82" srcActor="D0N8"/>
            <port dstActor="D0N41" name="p83" srcActor="D0N31"/>
            <port dstActor="D0N48" name="p84" srcActor="D0N37"/>
            <port dstActor="D0N39" name="p85" srcActor="D0N37"/>
            <port dstActor="D0N42" name="p86" srcActor="D0N19"/>
            <port dstActor="D0N31" name="p87" srcActor="D0N19"/>
            <port dstActor="D0N37" name="p88" srcActor="D0N17"/>
            <port dstActor="D0N48" name="p89" srcActor="D0N17"/>
            <port dstActor="D0N43" name="p90" srcActor="D0N17"/>
            <port dstActor="D0N45" name="p91" srcActor="D0N40"/>
            <port dstActor="D0N48" name="p92" srcActor="D0N40"/>
            <port dstActor="D0N28" name="p93" srcActor="D0N20"/>
            <port dstActor="D0N40" name="p94" srcActor="D0N20"/>
            <port dstActor="D0N45" name="p95" srcActor="D0N21"/>
            <port dstActor="D0N9" name="p96" srcActor="D0N5"/>
            <port dstActor="D0N47" name="p97" srcActor="D0N5"/>
            <port dstActor="D0N28" name="p98" srcActor="D0N5"/>
            <port dstActor="D0N16" name="p99" srcActor="D0N5"/>
            <port dstActor="D0N46" name="p100" srcActor="D0N13"/>
            <port dstActor="D0N25" name="p101" srcActor="D0N18"/>
            <port dstActor="D0N40" name="p102" srcActor="D0N18"/>
            <port dstActor="D0N35" name="p103" srcActor="D0N18"/>
            <port dstActor="D0N19" name="p104" srcActor="D0N18"/>
            <port dstActor="D0N27" name="p105" srcActor="D0N18"/>
        </ports>
    </mcdag>
    <cores number="3"/>
    <levels number="2"/>
</mcsystem>
