<?xml version="1.0" encoding="UTF-8" standalone="no"?>
<mcsystem>
    <mcdag deadline="1500" name="genned-0-ed-10.0-0">
        <actor name="D0N2">
            <wcet number="0">20</wcet>
            <wcet number="1">20</wcet>
            <maxpow number="0.8334139032385672"/>
            <maxpow number="0.8334139032385672"/>
            <fprob>0.0</fprob>
        </actor>
        <actor name="D0N12">
            <wcet number="0">60</wcet>
            <wcet number="1">140</wcet>
            <maxpow number="0.15058381528647324"/>
            <maxpow number="0.15058381528647324"/>
            <fprob>0.0</fprob>
        </actor>
        <actor name="D0N46">
            <wcet number="0">30</wcet>
            <wcet number="1">40</wcet>
            <maxpow number="0.6907876050704418"/>
            <maxpow number="0.6907876050704418"/>
            <fprob>0.0</fprob>
        </actor>
        <actor name="D0N0">
            <wcet number="0">10</wcet>
            <wcet number="1">10</wcet>
            <maxpow number="0.12504776810241985"/>
            <maxpow number="0.12504776810241985"/>
            <fprob>0.0</fprob>
        </actor>
        <actor name="D0N22">
            <wcet number="0">100</wcet>
            <wcet number="1">120</wcet>
            <maxpow number="0.5911824641944688"/>
            <maxpow number="0.5911824641944688"/>
            <fprob>0.0</fprob>
        </actor>
        <actor name="D0N29">
            <wcet number="0">90</wcet>
            <wcet number="1">110</wcet>
            <maxpow number="0.5299431543090587"/>
            <maxpow number="0.5299431543090587"/>
            <fprob>0.0</fprob>
        </actor>
        <actor name="D0N24">
            <wcet number="0">10</wcet>
            <wcet number="1">20</wcet>
            <maxpow number="0.5601612735112564"/>
            <maxpow number="0.5601612735112564"/>
            <fprob>0.0</fprob>
        </actor>
        <actor name="D0N11">
            <wcet number="0">80</wcet>
            <wcet number="1">80</wcet>
            <maxpow number="0.8977573794626531"/>
            <maxpow number="0.8977573794626531"/>
            <fprob>0.0</fprob>
        </actor>
        <actor name="D0N44">
            <wcet number="0">30</wcet>
            <wcet number="1">90</wcet>
            <maxpow number="0.48577111096781783"/>
            <maxpow number="0.48577111096781783"/>
            <fprob>0.0</fprob>
        </actor>
        <actor name="D0N39">
            <wcet number="0">10</wcet>
            <wcet number="1">10</wcet>
            <maxpow number="0.2610371031461966"/>
            <maxpow number="0.2610371031461966"/>
            <fprob>0.0</fprob>
        </actor>
        <actor name="D0N32">
            <wcet number="0">10</wcet>
            <wcet number="1">10</wcet>
            <maxpow number="0.6919220779162784"/>
            <maxpow number="0.6919220779162784"/>
            <fprob>0.0</fprob>
        </actor>
        <actor name="D0N20">
            <wcet number="0">110</wcet>
            <wcet number="1">140</wcet>
            <maxpow number="0.6611219654948314"/>
            <maxpow number="0.6611219654948314"/>
            <fprob>0.0</fprob>
        </actor>
        <actor name="D0N35">
            <wcet number="0">10</wcet>
            <wcet number="1">10</wcet>
            <maxpow number="0.5467445169010722"/>
            <maxpow number="0.5467445169010722"/>
            <fprob>0.0</fprob>
        </actor>
        <actor name="D0N9">
            <wcet number="0">50</wcet>
            <wcet number="1">70</wcet>
            <maxpow number="0.7484894008536694"/>
            <maxpow number="0.7484894008536694"/>
            <fprob>0.0</fprob>
        </actor>
        <actor name="D0N14">
            <wcet number="0">50</wcet>
            <wcet number="1">50</wcet>
            <maxpow number="0.46068488546450714"/>
            <maxpow number="0.46068488546450714"/>
            <fprob>0.0</fprob>
        </actor>
        <actor name="D0N41">
            <wcet number="0">110</wcet>
            <wcet number="1">140</wcet>
            <maxpow number="0.5526303543145923"/>
            <maxpow number="0.5526303543145923"/>
            <fprob>0.0</fprob>
        </actor>
        <actor name="D0N37">
            <wcet number="0">90</wcet>
            <wcet number="1">150</wcet>
            <maxpow number="0.12862855423071445"/>
            <maxpow number="0.12862855423071445"/>
            <fprob>0.0</fprob>
        </actor>
        <actor name="D0N8">
            <wcet number="0">10</wcet>
            <wcet number="1">10</wcet>
            <maxpow number="0.5735990554384593"/>
            <maxpow number="0.5735990554384593"/>
            <fprob>0.0</fprob>
        </actor>
        <actor name="D0N17">
            <wcet number="0">130</wcet>
            <wcet number="1">400</wcet>
            <maxpow number="0.625336069986514"/>
            <maxpow number="0.625336069986514"/>
            <fprob>0.0</fprob>
        </actor>
        <actor name="D0N6">
            <wcet number="0">10</wcet>
            <wcet number="1">10</wcet>
            <maxpow number="0.5065586352772958"/>
            <maxpow number="0.5065586352772958"/>
            <fprob>0.0</fprob>
        </actor>
        <actor name="D0N7">
            <wcet number="0">50</wcet>
            <wcet number="1">80</wcet>
            <maxpow number="0.44003435906609323"/>
            <maxpow number="0.44003435906609323"/>
            <fprob>0.0</fprob>
        </actor>
        <actor name="D0N16">
            <wcet number="0">20</wcet>
            <wcet number="1">20</wcet>
            <maxpow number="0.5136168773761765"/>
            <maxpow number="0.5136168773761765"/>
            <fprob>0.0</fprob>
        </actor>
        <actor name="D0N18">
            <wcet number="0">150</wcet>
            <wcet number="1">170</wcet>
            <maxpow number="0.33046655527921476"/>
            <maxpow number="0.33046655527921476"/>
            <fprob>0.0</fprob>
        </actor>
        <actor name="D0N43">
            <wcet number="0">100</wcet>
            <wcet number="1">250</wcet>
            <maxpow number="0.7600856534951839"/>
            <maxpow number="0.7600856534951839"/>
            <fprob>0.0</fprob>
        </actor>
        <actor name="D0N36">
            <wcet number="0">60</wcet>
            <wcet number="1">80</wcet>
            <maxpow number="0.9679400244572621"/>
            <maxpow number="0.9679400244572621"/>
            <fprob>0.0</fprob>
        </actor>
        <actor name="D0N47">
            <wcet number="0">10</wcet>
            <wcet number="1">10</wcet>
            <maxpow number="0.3264286033618118"/>
            <maxpow number="0.3264286033618118"/>
            <fprob>0.0</fprob>
        </actor>
        <actor name="D0N40">
            <wcet number="0">40</wcet>
            <wcet number="1">150</wcet>
            <maxpow number="0.9130519383869147"/>
            <maxpow number="0.9130519383869147"/>
            <fprob>0.0</fprob>
        </actor>
        <actor name="D0N28">
            <wcet number="0">20</wcet>
            <wcet number="1">100</wcet>
            <maxpow number="0.43898610627501766"/>
            <maxpow number="0.43898610627501766"/>
            <fprob>0.0</fprob>
        </actor>
        <actor name="D0N26">
            <wcet number="0">50</wcet>
            <wcet number="1">60</wcet>
            <maxpow number="0.5643740035045904"/>
            <maxpow number="0.5643740035045904"/>
            <fprob>0.0</fprob>
        </actor>
        <actor name="D0N30">
            <wcet number="0">10</wcet>
            <wcet number="1">40</wcet>
            <maxpow number="0.3670633929520848"/>
            <maxpow number="0.3670633929520848"/>
            <fprob>0.0</fprob>
        </actor>
        <actor name="D0N38">
            <wcet number="0">150</wcet>
            <wcet number="1">180</wcet>
            <maxpow number="0.3914192914884417"/>
            <maxpow number="0.3914192914884417"/>
            <fprob>0.0</fprob>
        </actor>
        <actor name="D0N33">
            <wcet number="0">20</wcet>
            <wcet number="1">50</wcet>
            <maxpow number="0.6103901120076245"/>
            <maxpow number="0.6103901120076245"/>
            <fprob>0.0</fprob>
        </actor>
        <actor name="D0N13">
            <wcet number="0">30</wcet>
            <wcet number="1">30</wcet>
            <maxpow number="0.37954054895224265"/>
            <maxpow number="0.37954054895224265"/>
            <fprob>0.0</fprob>
        </actor>
        <actor name="D0N5">
            <wcet number="0">10</wcet>
            <wcet number="1">10</wcet>
            <maxpow number="0.6910104447685721"/>
            <maxpow number="0.6910104447685721"/>
            <fprob>0.0</fprob>
        </actor>
        <actor name="D0N23">
            <wcet number="0">120</wcet>
            <wcet number="1">240</wcet>
            <maxpow number="0.5660837906872941"/>
            <maxpow number="0.5660837906872941"/>
            <fprob>0.0</fprob>
        </actor>
        <actor name="D0N25">
            <wcet number="0">150</wcet>
            <wcet number="1">150</wcet>
            <maxpow number="0.6425853935665213"/>
            <maxpow number="0.6425853935665213"/>
            <fprob>0.0</fprob>
        </actor>
        <actor name="D0N31">
            <wcet number="0">60</wcet>
            <wcet number="1">140</wcet>
            <maxpow number="0.3439111032862413"/>
            <maxpow number="0.3439111032862413"/>
            <fprob>0.0</fprob>
        </actor>
        <actor name="D0N3">
            <wcet number="0">30</wcet>
            <wcet number="1">50</wcet>
            <maxpow number="0.6622552119772314"/>
            <maxpow number="0.6622552119772314"/>
            <fprob>0.0</fprob>
        </actor>
        <actor name="D0N10">
            <wcet number="0">40</wcet>
            <wcet number="1">80</wcet>
            <maxpow number="0.6163357450696011"/>
            <maxpow number="0.6163357450696011"/>
            <fprob>0.0</fprob>
        </actor>
        <actor name="D0N1">
            <wcet number="0">120</wcet>
            <wcet number="1">140</wcet>
            <maxpow number="0.8887826011018298"/>
            <maxpow number="0.8887826011018298"/>
            <fprob>0.0</fprob>
        </actor>
        <actor name="D0N34">
            <wcet number="0">20</wcet>
            <wcet number="1">80</wcet>
            <maxpow number="0.500798407835492"/>
            <maxpow number="0.500798407835492"/>
            <fprob>0.0</fprob>
        </actor>
        <actor name="D0N19">
            <wcet number="0">70</wcet>
            <wcet number="1">310</wcet>
            <maxpow number="0.3313626388091594"/>
            <maxpow number="0.3313626388091594"/>
            <fprob>0.0</fprob>
        </actor>
        <actor name="D0N4">
            <wcet number="0">80</wcet>
            <wcet number="1">80</wcet>
            <maxpow number="0.4409167384161684"/>
            <maxpow number="0.4409167384161684"/>
            <fprob>0.0</fprob>
        </actor>
        <actor name="D0N42">
            <wcet number="0">70</wcet>
            <wcet number="1">80</wcet>
            <maxpow number="0.8538120671939665"/>
            <maxpow number="0.8538120671939665"/>
            <fprob>0.0</fprob>
        </actor>
        <actor name="D0N27">
            <wcet number="0">10</wcet>
            <wcet number="1">10</wcet>
            <maxpow number="0.4288091535617346"/>
            <maxpow number="0.4288091535617346"/>
            <fprob>0.0</fprob>
        </actor>
        <actor name="D0N15">
            <wcet number="0">30</wcet>
            <wcet number="1">40</wcet>
            <maxpow number="0.5622081338103705"/>
            <maxpow number="0.5622081338103705"/>
            <fprob>0.0</fprob>
        </actor>
        <actor name="D0N45">
            <wcet number="0">10</wcet>
            <wcet number="1">30</wcet>
            <maxpow number="0.6691014907523571"/>
            <maxpow number="0.6691014907523571"/>
            <fprob>0.0</fprob>
        </actor>
        <actor name="D0N21">
            <wcet number="0">40</wcet>
            <wcet number="1">60</wcet>
            <maxpow number="0.42709961188866596"/>
            <maxpow number="0.42709961188866596"/>
            <fprob>0.0</fprob>
        </actor>
        <ports>
            <port dstActor="D0N21" name="p0" srcActor="D0N2"/>
            <port dstActor="D0N36" name="p1" srcActor="D0N2"/>
            <port dstActor="D0N12" name="p2" srcActor="D0N2"/>
            <port dstActor="D0N13" name="p3" srcActor="D0N2"/>
            <port dstActor="D0N23" name="p4" srcActor="D0N2"/>
            <port dstActor="D0N17" name="p5" srcActor="D0N2"/>
            <port dstActor="D0N40" name="p6" srcActor="D0N2"/>
            <port dstActor="D0N29" name="p7" srcActor="D0N2"/>
            <port dstActor="D0N34" name="p8" srcActor="D0N12"/>
            <port dstActor="D0N16" name="p9" srcActor="D0N12"/>
            <port dstActor="D0N23" name="p10" srcActor="D0N12"/>
            <port dstActor="D0N39" name="p11" srcActor="D0N0"/>
            <port dstActor="D0N9" name="p12" srcActor="D0N0"/>
            <port dstActor="D0N45" name="p13" srcActor="D0N0"/>
            <port dstActor="D0N26" name="p14" srcActor="D0N0"/>
            <port dstActor="D0N8" name="p15" srcActor="D0N0"/>
            <port dstActor="D0N19" name="p16" srcActor="D0N0"/>
            <port dstActor="D0N25" name="p17" srcActor="D0N22"/>
            <port dstActor="D0N30" name="p18" srcActor="D0N29"/>
            <port dstActor="D0N33" name="p19" srcActor="D0N29"/>
            <port dstActor="D0N35" name="p20" srcActor="D0N24"/>
            <port dstActor="D0N29" name="p21" srcActor="D0N24"/>
            <port dstActor="D0N24" name="p22" srcActor="D0N11"/>
            <port dstActor="D0N41" name="p23" srcActor="D0N11"/>
            <port dstActor="D0N15" name="p24" srcActor="D0N11"/>
            <port dstActor="D0N23" name="p25" srcActor="D0N11"/>
            <port dstActor="D0N22" name="p26" srcActor="D0N11"/>
            <port dstActor="D0N47" name="p27" srcActor="D0N39"/>
            <port dstActor="D0N34" name="p28" srcActor="D0N32"/>
            <port dstActor="D0N39" name="p29" srcActor="D0N32"/>
            <port dstActor="D0N37" name="p30" srcActor="D0N20"/>
            <port dstActor="D0N24" name="p31" srcActor="D0N20"/>
            <port dstActor="D0N23" name="p32" srcActor="D0N20"/>
            <port dstActor="D0N32" name="p33" srcActor="D0N20"/>
            <port dstActor="D0N46" name="p34" srcActor="D0N35"/>
            <port dstActor="D0N21" name="p35" srcActor="D0N9"/>
            <port dstActor="D0N30" name="p36" srcActor="D0N9"/>
            <port dstActor="D0N17" name="p37" srcActor="D0N9"/>
            <port dstActor="D0N15" name="p38" srcActor="D0N14"/>
            <port dstActor="D0N44" name="p39" srcActor="D0N14"/>
            <port dstActor="D0N26" name="p40" srcActor="D0N14"/>
            <port dstActor="D0N45" name="p41" srcActor="D0N41"/>
            <port dstActor="D0N43" name="p42" srcActor="D0N37"/>
            <port dstActor="D0N22" name="p43" srcActor="D0N8"/>
            <port dstActor="D0N40" name="p44" srcActor="D0N8"/>
            <port dstActor="D0N21" name="p45" srcActor="D0N8"/>
            <port dstActor="D0N38" name="p46" srcActor="D0N8"/>
            <port dstActor="D0N14" name="p47" srcActor="D0N8"/>
            <port dstActor="D0N23" name="p48" srcActor="D0N17"/>
            <port dstActor="D0N25" name="p49" srcActor="D0N17"/>
            <port dstActor="D0N28" name="p50" srcActor="D0N17"/>
            <port dstActor="D0N14" name="p51" srcActor="D0N6"/>
            <port dstActor="D0N10" name="p52" srcActor="D0N6"/>
            <port dstActor="D0N12" name="p53" srcActor="D0N6"/>
            <port dstActor="D0N40" name="p54" srcActor="D0N7"/>
            <port dstActor="D0N37" name="p55" srcActor="D0N7"/>
            <port dstActor="D0N42" name="p56" srcActor="D0N16"/>
            <port dstActor="D0N42" name="p57" srcActor="D0N18"/>
            <port dstActor="D0N36" name="p58" srcActor="D0N18"/>
            <port dstActor="D0N37" name="p59" srcActor="D0N18"/>
            <port dstActor="D0N44" name="p60" srcActor="D0N18"/>
            <port dstActor="D0N38" name="p61" srcActor="D0N36"/>
            <port dstActor="D0N39" name="p62" srcActor="D0N36"/>
            <port dstActor="D0N47" name="p63" srcActor="D0N40"/>
            <port dstActor="D0N37" name="p64" srcActor="D0N28"/>
            <port dstActor="D0N33" name="p65" srcActor="D0N28"/>
            <port dstActor="D0N28" name="p66" srcActor="D0N26"/>
            <port dstActor="D0N47" name="p67" srcActor="D0N26"/>
            <port dstActor="D0N38" name="p68" srcActor="D0N26"/>
            <port dstActor="D0N43" name="p69" srcActor="D0N30"/>
            <port dstActor="D0N37" name="p70" srcActor="D0N30"/>
            <port dstActor="D0N44" name="p71" srcActor="D0N30"/>
            <port dstActor="D0N45" name="p72" srcActor="D0N38"/>
            <port dstActor="D0N47" name="p73" srcActor="D0N33"/>
            <port dstActor="D0N34" name="p74" srcActor="D0N33"/>
            <port dstActor="D0N36" name="p75" srcActor="D0N33"/>
            <port dstActor="D0N43" name="p76" srcActor="D0N33"/>
            <port dstActor="D0N25" name="p77" srcActor="D0N13"/>
            <port dstActor="D0N15" name="p78" srcActor="D0N13"/>
            <port dstActor="D0N18" name="p79" srcActor="D0N5"/>
            <port dstActor="D0N15" name="p80" srcActor="D0N5"/>
            <port dstActor="D0N43" name="p81" srcActor="D0N5"/>
            <port dstActor="D0N35" name="p82" srcActor="D0N23"/>
            <port dstActor="D0N31" name="p83" srcActor="D0N25"/>
            <port dstActor="D0N33" name="p84" srcActor="D0N31"/>
            <port dstActor="D0N47" name="p85" srcActor="D0N3"/>
            <port dstActor="D0N45" name="p86" srcActor="D0N3"/>
            <port dstActor="D0N19" name="p87" srcActor="D0N10"/>
            <port dstActor="D0N24" name="p88" srcActor="D0N10"/>
            <port dstActor="D0N29" name="p89" srcActor="D0N10"/>
            <port dstActor="D0N21" name="p90" srcActor="D0N1"/>
            <port dstActor="D0N34" name="p91" srcActor="D0N1"/>
            <port dstActor="D0N18" name="p92" srcActor="D0N1"/>
            <port dstActor="D0N41" name="p93" srcActor="D0N1"/>
            <port dstActor="D0N11" name="p94" srcActor="D0N1"/>
            <port dstActor="D0N22" name="p95" srcActor="D0N1"/>
            <port dstActor="D0N47" name="p96" srcActor="D0N1"/>
            <port dstActor="D0N47" name="p97" srcActor="D0N34"/>
            <port dstActor="D0N37" name="p98" srcActor="D0N34"/>
            <port dstActor="D0N44" name="p99" srcActor="D0N34"/>
            <port dstActor="D0N37" name="p100" srcActor="D0N19"/>
            <port dstActor="D0N43" name="p101" srcActor="D0N19"/>
            <port dstActor="D0N22" name="p102" srcActor="D0N4"/>
            <port dstActor="D0N45" name="p103" srcActor="D0N4"/>
            <port dstActor="D0N9" name="p104" srcActor="D0N4"/>
            <port dstActor="D0N41" name="p105" srcActor="D0N4"/>
            <port dstActor="D0N46" name="p106" srcActor="D0N27"/>
            <port dstActor="D0N30" name="p107" srcActor="D0N27"/>
            <port dstActor="D0N27" name="p108" srcActor="D0N15"/>
            <port dstActor="D0N44" name="p109" srcActor="D0N15"/>
            <port dstActor="D0N43" name="p110" srcActor="D0N15"/>
            <port dstActor="D0N26" name="p111" srcActor="D0N21"/>
            <port dstActor="D0N33" name="p112" srcActor="D0N21"/>
            <port dstActor="D0N41" name="p113" srcActor="D0N21"/>
            <port dstActor="D0N24" name="p114" srcActor="D0N21"/>
        </ports>
    </mcdag>
    <cores number="3"/>
    <levels number="2"/>
</mcsystem>
