<?xml version="1.0" encoding="UTF-8" standalone="no"?>
<mcsystem>
    <mcdag deadline="1000" name="genned-0-ed-10.0-0">
        <actor name="D0N4">
            <wcet number="0">10</wcet>
            <wcet number="1">30</wcet>
            <maxpow number="0.5413464534804325"/>
            <maxpow number="0.5413464534804325"/>
            <fprob>0.0</fprob>
        </actor>
        <actor name="D0N7">
            <wcet number="0">10</wcet>
            <wcet number="1">20</wcet>
            <maxpow number="0.5843436025645523"/>
            <maxpow number="0.5843436025645523"/>
            <fprob>0.0</fprob>
        </actor>
        <actor name="D0N34">
            <wcet number="0">40</wcet>
            <wcet number="1">40</wcet>
            <maxpow number="0.35827141307641863"/>
            <maxpow number="0.35827141307641863"/>
            <fprob>0.0</fprob>
        </actor>
        <actor name="D0N18">
            <wcet number="0">20</wcet>
            <wcet number="1">80</wcet>
            <maxpow number="0.5826846941278321"/>
            <maxpow number="0.5826846941278321"/>
            <fprob>0.0</fprob>
        </actor>
        <actor name="D0N2">
            <wcet number="0">10</wcet>
            <wcet number="1">10</wcet>
            <maxpow number="0.8185436922739674"/>
            <maxpow number="0.8185436922739674"/>
            <fprob>0.0</fprob>
        </actor>
        <actor name="D0N19">
            <wcet number="0">30</wcet>
            <wcet number="1">40</wcet>
            <maxpow number="0.5042404104283068"/>
            <maxpow number="0.5042404104283068"/>
            <fprob>0.0</fprob>
        </actor>
        <actor name="D0N0">
            <wcet number="0">10</wcet>
            <wcet number="1">10</wcet>
            <maxpow number="0.6307367622483809"/>
            <maxpow number="0.6307367622483809"/>
            <fprob>0.0</fprob>
        </actor>
        <actor name="D0N40">
            <wcet number="0">20</wcet>
            <wcet number="1">50</wcet>
            <maxpow number="0.44774602965833377"/>
            <maxpow number="0.44774602965833377"/>
            <fprob>0.0</fprob>
        </actor>
        <actor name="D0N22">
            <wcet number="0">10</wcet>
            <wcet number="1">20</wcet>
            <maxpow number="0.43646978383016966"/>
            <maxpow number="0.43646978383016966"/>
            <fprob>0.0</fprob>
        </actor>
        <actor name="D0N30">
            <wcet number="0">10</wcet>
            <wcet number="1">90</wcet>
            <maxpow number="0.6123533403337897"/>
            <maxpow number="0.6123533403337897"/>
            <fprob>0.0</fprob>
        </actor>
        <actor name="D0N16">
            <wcet number="0">10</wcet>
            <wcet number="1">30</wcet>
            <maxpow number="0.41720291262742143"/>
            <maxpow number="0.41720291262742143"/>
            <fprob>0.0</fprob>
        </actor>
        <actor name="D0N23">
            <wcet number="0">20</wcet>
            <wcet number="1">40</wcet>
            <maxpow number="0.5044106885899104"/>
            <maxpow number="0.5044106885899104"/>
            <fprob>0.0</fprob>
        </actor>
        <actor name="D0N28">
            <wcet number="0">10</wcet>
            <wcet number="1">20</wcet>
            <maxpow number="0.40657350660726727"/>
            <maxpow number="0.40657350660726727"/>
            <fprob>0.0</fprob>
        </actor>
        <actor name="D0N37">
            <wcet number="0">20</wcet>
            <wcet number="1">40</wcet>
            <maxpow number="0.512072577295111"/>
            <maxpow number="0.512072577295111"/>
            <fprob>0.0</fprob>
        </actor>
        <actor name="D0N43">
            <wcet number="0">10</wcet>
            <wcet number="1">10</wcet>
            <maxpow number="0.4481000122240117"/>
            <maxpow number="0.4481000122240117"/>
            <fprob>0.0</fprob>
        </actor>
        <actor name="D0N1">
            <wcet number="0">20</wcet>
            <wcet number="1">20</wcet>
            <maxpow number="0.5480607574535253"/>
            <maxpow number="0.5480607574535253"/>
            <fprob>0.0</fprob>
        </actor>
        <actor name="D0N3">
            <wcet number="0">10</wcet>
            <wcet number="1">10</wcet>
            <maxpow number="0.4903892110529558"/>
            <maxpow number="0.4903892110529558"/>
            <fprob>0.0</fprob>
        </actor>
        <actor name="D0N41">
            <wcet number="0">30</wcet>
            <wcet number="1">40</wcet>
            <maxpow number="0.5002862531408202"/>
            <maxpow number="0.5002862531408202"/>
            <fprob>0.0</fprob>
        </actor>
        <actor name="D0N42">
            <wcet number="0">30</wcet>
            <wcet number="1">50</wcet>
            <maxpow number="0.3275156254126281"/>
            <maxpow number="0.3275156254126281"/>
            <fprob>0.0</fprob>
        </actor>
        <actor name="D0N35">
            <wcet number="0">20</wcet>
            <wcet number="1">40</wcet>
            <maxpow number="0.515529159813482"/>
            <maxpow number="0.515529159813482"/>
            <fprob>0.0</fprob>
        </actor>
        <actor name="D0N29">
            <wcet number="0">10</wcet>
            <wcet number="1">10</wcet>
            <maxpow number="0.33660885195164014"/>
            <maxpow number="0.33660885195164014"/>
            <fprob>0.0</fprob>
        </actor>
        <actor name="D0N10">
            <wcet number="0">10</wcet>
            <wcet number="1">10</wcet>
            <maxpow number="0.6225329970029871"/>
            <maxpow number="0.6225329970029871"/>
            <fprob>0.0</fprob>
        </actor>
        <actor name="D0N11">
            <wcet number="0">10</wcet>
            <wcet number="1">100</wcet>
            <maxpow number="0.515962523563711"/>
            <maxpow number="0.515962523563711"/>
            <fprob>0.0</fprob>
        </actor>
        <actor name="D0N6">
            <wcet number="0">20</wcet>
            <wcet number="1">20</wcet>
            <maxpow number="0.24412731342061894"/>
            <maxpow number="0.24412731342061894"/>
            <fprob>0.0</fprob>
        </actor>
        <actor name="D0N25">
            <wcet number="0">50</wcet>
            <wcet number="1">80</wcet>
            <maxpow number="0.43215355020190893"/>
            <maxpow number="0.43215355020190893"/>
            <fprob>0.0</fprob>
        </actor>
        <actor name="D0N31">
            <wcet number="0">30</wcet>
            <wcet number="1">190</wcet>
            <maxpow number="0.2866435925996267"/>
            <maxpow number="0.2866435925996267"/>
            <fprob>0.0</fprob>
        </actor>
        <actor name="D0N21">
            <wcet number="0">10</wcet>
            <wcet number="1">20</wcet>
            <maxpow number="0.6096693870018471"/>
            <maxpow number="0.6096693870018471"/>
            <fprob>0.0</fprob>
        </actor>
        <actor name="D0N15">
            <wcet number="0">20</wcet>
            <wcet number="1">30</wcet>
            <maxpow number="0.8364553997290929"/>
            <maxpow number="0.8364553997290929"/>
            <fprob>0.0</fprob>
        </actor>
        <actor name="D0N24">
            <wcet number="0">130</wcet>
            <wcet number="1">130</wcet>
            <maxpow number="0.5817750765494117"/>
            <maxpow number="0.5817750765494117"/>
            <fprob>0.0</fprob>
        </actor>
        <actor name="D0N17">
            <wcet number="0">10</wcet>
            <wcet number="1">10</wcet>
            <maxpow number="0.5364538884446546"/>
            <maxpow number="0.5364538884446546"/>
            <fprob>0.0</fprob>
        </actor>
        <actor name="D0N32">
            <wcet number="0">10</wcet>
            <wcet number="1">10</wcet>
            <maxpow number="0.814254132403275"/>
            <maxpow number="0.814254132403275"/>
            <fprob>0.0</fprob>
        </actor>
        <actor name="D0N14">
            <wcet number="0">10</wcet>
            <wcet number="1">20</wcet>
            <maxpow number="0.4095183432359002"/>
            <maxpow number="0.4095183432359002"/>
            <fprob>0.0</fprob>
        </actor>
        <actor name="D0N26">
            <wcet number="0">20</wcet>
            <wcet number="1">50</wcet>
            <maxpow number="1.0839287255102112"/>
            <maxpow number="1.0839287255102112"/>
            <fprob>0.0</fprob>
        </actor>
        <actor name="D0N12">
            <wcet number="0">10</wcet>
            <wcet number="1">10</wcet>
            <maxpow number="0.3159956893158101"/>
            <maxpow number="0.3159956893158101"/>
            <fprob>0.0</fprob>
        </actor>
        <actor name="D0N27">
            <wcet number="0">10</wcet>
            <wcet number="1">30</wcet>
            <maxpow number="0.6623248532358026"/>
            <maxpow number="0.6623248532358026"/>
            <fprob>0.0</fprob>
        </actor>
        <actor name="D0N20">
            <wcet number="0">30</wcet>
            <wcet number="1">100</wcet>
            <maxpow number="0.5849741080963314"/>
            <maxpow number="0.5849741080963314"/>
            <fprob>0.0</fprob>
        </actor>
        <actor name="D0N36">
            <wcet number="0">10</wcet>
            <wcet number="1">30</wcet>
            <maxpow number="0.4358160852546095"/>
            <maxpow number="0.4358160852546095"/>
            <fprob>0.0</fprob>
        </actor>
        <actor name="D0N38">
            <wcet number="0">10</wcet>
            <wcet number="1">40</wcet>
            <maxpow number="0.5537184984544948"/>
            <maxpow number="0.5537184984544948"/>
            <fprob>0.0</fprob>
        </actor>
        <actor name="D0N39">
            <wcet number="0">30</wcet>
            <wcet number="1">60</wcet>
            <maxpow number="0.6835888316921858"/>
            <maxpow number="0.6835888316921858"/>
            <fprob>0.0</fprob>
        </actor>
        <actor name="D0N5">
            <wcet number="0">50</wcet>
            <wcet number="1">50</wcet>
            <maxpow number="0.33998617466722436"/>
            <maxpow number="0.33998617466722436"/>
            <fprob>0.0</fprob>
        </actor>
        <actor name="D0N13">
            <wcet number="0">160</wcet>
            <wcet number="1">170</wcet>
            <maxpow number="0.6322363331772554"/>
            <maxpow number="0.6322363331772554"/>
            <fprob>0.0</fprob>
        </actor>
        <actor name="D0N9">
            <wcet number="0">130</wcet>
            <wcet number="1">150</wcet>
            <maxpow number="0.46461596219169704"/>
            <maxpow number="0.46461596219169704"/>
            <fprob>0.0</fprob>
        </actor>
        <actor name="D0N8">
            <wcet number="0">10</wcet>
            <wcet number="1">30</wcet>
            <maxpow number="0.7269319341029671"/>
            <maxpow number="0.7269319341029671"/>
            <fprob>0.0</fprob>
        </actor>
        <actor name="D0N33">
            <wcet number="0">60</wcet>
            <wcet number="1">60</wcet>
            <maxpow number="0.6329811618475193"/>
            <maxpow number="0.6329811618475193"/>
            <fprob>0.0</fprob>
        </actor>
        <ports>
            <port dstActor="D0N9" name="p0" srcActor="D0N4"/>
            <port dstActor="D0N10" name="p1" srcActor="D0N4"/>
            <port dstActor="D0N28" name="p2" srcActor="D0N4"/>
            <port dstActor="D0N41" name="p3" srcActor="D0N4"/>
            <port dstActor="D0N13" name="p4" srcActor="D0N4"/>
            <port dstActor="D0N42" name="p5" srcActor="D0N7"/>
            <port dstActor="D0N33" name="p6" srcActor="D0N7"/>
            <port dstActor="D0N10" name="p7" srcActor="D0N7"/>
            <port dstActor="D0N40" name="p8" srcActor="D0N34"/>
            <port dstActor="D0N27" name="p9" srcActor="D0N18"/>
            <port dstActor="D0N24" name="p10" srcActor="D0N18"/>
            <port dstActor="D0N8" name="p11" srcActor="D0N2"/>
            <port dstActor="D0N35" name="p12" srcActor="D0N19"/>
            <port dstActor="D0N42" name="p13" srcActor="D0N19"/>
            <port dstActor="D0N41" name="p14" srcActor="D0N0"/>
            <port dstActor="D0N43" name="p15" srcActor="D0N40"/>
            <port dstActor="D0N34" name="p16" srcActor="D0N22"/>
            <port dstActor="D0N35" name="p17" srcActor="D0N22"/>
            <port dstActor="D0N41" name="p18" srcActor="D0N22"/>
            <port dstActor="D0N40" name="p19" srcActor="D0N30"/>
            <port dstActor="D0N39" name="p20" srcActor="D0N30"/>
            <port dstActor="D0N24" name="p21" srcActor="D0N23"/>
            <port dstActor="D0N40" name="p22" srcActor="D0N23"/>
            <port dstActor="D0N39" name="p23" srcActor="D0N28"/>
            <port dstActor="D0N38" name="p24" srcActor="D0N37"/>
            <port dstActor="D0N43" name="p25" srcActor="D0N37"/>
            <port dstActor="D0N41" name="p26" srcActor="D0N37"/>
            <port dstActor="D0N39" name="p27" srcActor="D0N37"/>
            <port dstActor="D0N7" name="p28" srcActor="D0N1"/>
            <port dstActor="D0N6" name="p29" srcActor="D0N1"/>
            <port dstActor="D0N7" name="p30" srcActor="D0N3"/>
            <port dstActor="D0N8" name="p31" srcActor="D0N3"/>
            <port dstActor="D0N42" name="p32" srcActor="D0N11"/>
            <port dstActor="D0N20" name="p33" srcActor="D0N11"/>
            <port dstActor="D0N17" name="p34" srcActor="D0N6"/>
            <port dstActor="D0N41" name="p35" srcActor="D0N25"/>
            <port dstActor="D0N39" name="p36" srcActor="D0N25"/>
            <port dstActor="D0N43" name="p37" srcActor="D0N25"/>
            <port dstActor="D0N35" name="p38" srcActor="D0N31"/>
            <port dstActor="D0N39" name="p39" srcActor="D0N31"/>
            <port dstActor="D0N27" name="p40" srcActor="D0N21"/>
            <port dstActor="D0N32" name="p41" srcActor="D0N21"/>
            <port dstActor="D0N36" name="p42" srcActor="D0N15"/>
            <port dstActor="D0N21" name="p43" srcActor="D0N15"/>
            <port dstActor="D0N42" name="p44" srcActor="D0N15"/>
            <port dstActor="D0N26" name="p45" srcActor="D0N15"/>
            <port dstActor="D0N29" name="p46" srcActor="D0N24"/>
            <port dstActor="D0N32" name="p47" srcActor="D0N14"/>
            <port dstActor="D0N36" name="p48" srcActor="D0N26"/>
            <port dstActor="D0N39" name="p49" srcActor="D0N26"/>
            <port dstActor="D0N37" name="p50" srcActor="D0N26"/>
            <port dstActor="D0N30" name="p51" srcActor="D0N26"/>
            <port dstActor="D0N34" name="p52" srcActor="D0N12"/>
            <port dstActor="D0N32" name="p53" srcActor="D0N12"/>
            <port dstActor="D0N37" name="p54" srcActor="D0N12"/>
            <port dstActor="D0N19" name="p55" srcActor="D0N12"/>
            <port dstActor="D0N36" name="p56" srcActor="D0N12"/>
            <port dstActor="D0N27" name="p57" srcActor="D0N20"/>
            <port dstActor="D0N30" name="p58" srcActor="D0N20"/>
            <port dstActor="D0N21" name="p59" srcActor="D0N20"/>
            <port dstActor="D0N29" name="p60" srcActor="D0N20"/>
            <port dstActor="D0N41" name="p61" srcActor="D0N36"/>
            <port dstActor="D0N42" name="p62" srcActor="D0N39"/>
            <port dstActor="D0N28" name="p63" srcActor="D0N5"/>
            <port dstActor="D0N30" name="p64" srcActor="D0N5"/>
            <port dstActor="D0N24" name="p65" srcActor="D0N5"/>
            <port dstActor="D0N17" name="p66" srcActor="D0N13"/>
            <port dstActor="D0N31" name="p67" srcActor="D0N13"/>
            <port dstActor="D0N30" name="p68" srcActor="D0N9"/>
            <port dstActor="D0N21" name="p69" srcActor="D0N9"/>
            <port dstActor="D0N34" name="p70" srcActor="D0N8"/>
            <port dstActor="D0N12" name="p71" srcActor="D0N8"/>
            <port dstActor="D0N23" name="p72" srcActor="D0N8"/>
            <port dstActor="D0N25" name="p73" srcActor="D0N8"/>
            <port dstActor="D0N39" name="p74" srcActor="D0N8"/>
        </ports>
    </mcdag>
    <cores number="3"/>
    <levels number="2"/>
</mcsystem>
