<?xml version="1.0" encoding="UTF-8" standalone="no"?>
<mcsystem>
    <mcdag deadline="2200" name="genned-0-ed-10.0-0">
        <actor name="D0N36">
            <wcet number="0">230</wcet>
            <wcet number="1">260</wcet>
            <maxpow number="0.5255201859879289"/>
            <maxpow number="0.5255201859879289"/>
            <fprob>0.0</fprob>
        </actor>
        <actor name="D0N0">
            <wcet number="0">20</wcet>
            <wcet number="1">60</wcet>
            <maxpow number="0.3583355153742258"/>
            <maxpow number="0.3583355153742258"/>
            <fprob>0.0</fprob>
        </actor>
        <actor name="D0N35">
            <wcet number="0">30</wcet>
            <wcet number="1">40</wcet>
            <maxpow number="0.6635855735568532"/>
            <maxpow number="0.6635855735568532"/>
            <fprob>0.0</fprob>
        </actor>
        <actor name="D0N9">
            <wcet number="0">100</wcet>
            <wcet number="1">250</wcet>
            <maxpow number="0.5621685079781471"/>
            <maxpow number="0.5621685079781471"/>
            <fprob>0.0</fprob>
        </actor>
        <actor name="D0N6">
            <wcet number="0">110</wcet>
            <wcet number="1">240</wcet>
            <maxpow number="0.36533974611503883"/>
            <maxpow number="0.36533974611503883"/>
            <fprob>0.0</fprob>
        </actor>
        <actor name="D0N1">
            <wcet number="0">150</wcet>
            <wcet number="1">170</wcet>
            <maxpow number="0.7458047212098182"/>
            <maxpow number="0.7458047212098182"/>
            <fprob>0.0</fprob>
        </actor>
        <actor name="D0N18">
            <wcet number="0">10</wcet>
            <wcet number="1">70</wcet>
            <maxpow number="0.6740659373940866"/>
            <maxpow number="0.6740659373940866"/>
            <fprob>0.0</fprob>
        </actor>
        <actor name="D0N38">
            <wcet number="0">40</wcet>
            <wcet number="1">80</wcet>
            <maxpow number="0.432018262633098"/>
            <maxpow number="0.432018262633098"/>
            <fprob>0.0</fprob>
        </actor>
        <actor name="D0N39">
            <wcet number="0">80</wcet>
            <wcet number="1">120</wcet>
            <maxpow number="0.4448197492776497"/>
            <maxpow number="0.4448197492776497"/>
            <fprob>0.0</fprob>
        </actor>
        <actor name="D0N7">
            <wcet number="0">110</wcet>
            <wcet number="1">120</wcet>
            <maxpow number="0.9717814519621761"/>
            <maxpow number="0.9717814519621761"/>
            <fprob>0.0</fprob>
        </actor>
        <actor name="D0N8">
            <wcet number="0">10</wcet>
            <wcet number="1">10</wcet>
            <maxpow number="0.11063893577236977"/>
            <maxpow number="0.11063893577236977"/>
            <fprob>0.0</fprob>
        </actor>
        <actor name="D0N22">
            <wcet number="0">20</wcet>
            <wcet number="1">40</wcet>
            <maxpow number="0.5715954188248348"/>
            <maxpow number="0.5715954188248348"/>
            <fprob>0.0</fprob>
        </actor>
        <actor name="D0N19">
            <wcet number="0">10</wcet>
            <wcet number="1">10</wcet>
            <maxpow number="0.8698742047461283"/>
            <maxpow number="0.8698742047461283"/>
            <fprob>0.0</fprob>
        </actor>
        <actor name="D0N29">
            <wcet number="0">70</wcet>
            <wcet number="1">150</wcet>
            <maxpow number="0.5510210101610398"/>
            <maxpow number="0.5510210101610398"/>
            <fprob>0.0</fprob>
        </actor>
        <actor name="D0N30">
            <wcet number="0">40</wcet>
            <wcet number="1">190</wcet>
            <maxpow number="0.5161673341192186"/>
            <maxpow number="0.5161673341192186"/>
            <fprob>0.0</fprob>
        </actor>
        <actor name="D0N37">
            <wcet number="0">40</wcet>
            <wcet number="1">50</wcet>
            <maxpow number="0.6717813070380972"/>
            <maxpow number="0.6717813070380972"/>
            <fprob>0.0</fprob>
        </actor>
        <actor name="D0N23">
            <wcet number="0">20</wcet>
            <wcet number="1">30</wcet>
            <maxpow number="0.6591337182689213"/>
            <maxpow number="0.6591337182689213"/>
            <fprob>0.0</fprob>
        </actor>
        <actor name="D0N5">
            <wcet number="0">10</wcet>
            <wcet number="1">80</wcet>
            <maxpow number="0.6580479604036029"/>
            <maxpow number="0.6580479604036029"/>
            <fprob>0.0</fprob>
        </actor>
        <actor name="D0N40">
            <wcet number="0">90</wcet>
            <wcet number="1">110</wcet>
            <maxpow number="0.5643258013136254"/>
            <maxpow number="0.5643258013136254"/>
            <fprob>0.0</fprob>
        </actor>
        <actor name="D0N32">
            <wcet number="0">50</wcet>
            <wcet number="1">240</wcet>
            <maxpow number="0.6417266764098188"/>
            <maxpow number="0.6417266764098188"/>
            <fprob>0.0</fprob>
        </actor>
        <actor name="D0N24">
            <wcet number="0">50</wcet>
            <wcet number="1">90</wcet>
            <maxpow number="0.5507772161423097"/>
            <maxpow number="0.5507772161423097"/>
            <fprob>0.0</fprob>
        </actor>
        <actor name="D0N41">
            <wcet number="0">60</wcet>
            <wcet number="1">80</wcet>
            <maxpow number="0.2061880745258476"/>
            <maxpow number="0.2061880745258476"/>
            <fprob>0.0</fprob>
        </actor>
        <actor name="D0N17">
            <wcet number="0">150</wcet>
            <wcet number="1">180</wcet>
            <maxpow number="0.28233297537054436"/>
            <maxpow number="0.28233297537054436"/>
            <fprob>0.0</fprob>
        </actor>
        <actor name="D0N2">
            <wcet number="0">30</wcet>
            <wcet number="1">40</wcet>
            <maxpow number="0.7558412561570784"/>
            <maxpow number="0.7558412561570784"/>
            <fprob>0.0</fprob>
        </actor>
        <actor name="D0N44">
            <wcet number="0">30</wcet>
            <wcet number="1">30</wcet>
            <maxpow number="0.6529078125271456"/>
            <maxpow number="0.6529078125271456"/>
            <fprob>0.0</fprob>
        </actor>
        <actor name="D0N11">
            <wcet number="0">190</wcet>
            <wcet number="1">270</wcet>
            <maxpow number="0.7069852761003254"/>
            <maxpow number="0.7069852761003254"/>
            <fprob>0.0</fprob>
        </actor>
        <actor name="D0N20">
            <wcet number="0">90</wcet>
            <wcet number="1">100</wcet>
            <maxpow number="0.4717624407222316"/>
            <maxpow number="0.4717624407222316"/>
            <fprob>0.0</fprob>
        </actor>
        <actor name="D0N15">
            <wcet number="0">20</wcet>
            <wcet number="1">30</wcet>
            <maxpow number="0.6630417982911678"/>
            <maxpow number="0.6630417982911678"/>
            <fprob>0.0</fprob>
        </actor>
        <actor name="D0N27">
            <wcet number="0">10</wcet>
            <wcet number="1">10</wcet>
            <maxpow number="0.6120159975185727"/>
            <maxpow number="0.6120159975185727"/>
            <fprob>0.0</fprob>
        </actor>
        <actor name="D0N46">
            <wcet number="0">30</wcet>
            <wcet number="1">70</wcet>
            <maxpow number="0.557419333240986"/>
            <maxpow number="0.557419333240986"/>
            <fprob>0.0</fprob>
        </actor>
        <actor name="D0N43">
            <wcet number="0">30</wcet>
            <wcet number="1">270</wcet>
            <maxpow number="0.7022660145750879"/>
            <maxpow number="0.7022660145750879"/>
            <fprob>0.0</fprob>
        </actor>
        <actor name="D0N21">
            <wcet number="0">10</wcet>
            <wcet number="1">40</wcet>
            <maxpow number="0.5595123347761881"/>
            <maxpow number="0.5595123347761881"/>
            <fprob>0.0</fprob>
        </actor>
        <actor name="D0N14">
            <wcet number="0">10</wcet>
            <wcet number="1">250</wcet>
            <maxpow number="0.5096013703318378"/>
            <maxpow number="0.5096013703318378"/>
            <fprob>0.0</fprob>
        </actor>
        <actor name="D0N28">
            <wcet number="0">190</wcet>
            <wcet number="1">330</wcet>
            <maxpow number="0.6731170773086017"/>
            <maxpow number="0.6731170773086017"/>
            <fprob>0.0</fprob>
        </actor>
        <actor name="D0N4">
            <wcet number="0">10</wcet>
            <wcet number="1">10</wcet>
            <maxpow number="0.467983436462665"/>
            <maxpow number="0.467983436462665"/>
            <fprob>0.0</fprob>
        </actor>
        <actor name="D0N33">
            <wcet number="0">10</wcet>
            <wcet number="1">90</wcet>
            <maxpow number="0.7500606004317979"/>
            <maxpow number="0.7500606004317979"/>
            <fprob>0.0</fprob>
        </actor>
        <actor name="D0N16">
            <wcet number="0">20</wcet>
            <wcet number="1">70</wcet>
            <maxpow number="0.31614624665093877"/>
            <maxpow number="0.31614624665093877"/>
            <fprob>0.0</fprob>
        </actor>
        <actor name="D0N26">
            <wcet number="0">70</wcet>
            <wcet number="1">90</wcet>
            <maxpow number="0.5519252698328926"/>
            <maxpow number="0.5519252698328926"/>
            <fprob>0.0</fprob>
        </actor>
        <actor name="D0N45">
            <wcet number="0">10</wcet>
            <wcet number="1">10</wcet>
            <maxpow number="0.6150098504806422"/>
            <maxpow number="0.6150098504806422"/>
            <fprob>0.0</fprob>
        </actor>
        <actor name="D0N13">
            <wcet number="0">40</wcet>
            <wcet number="1">50</wcet>
            <maxpow number="0.8815868760527963"/>
            <maxpow number="0.8815868760527963"/>
            <fprob>0.0</fprob>
        </actor>
        <actor name="D0N25">
            <wcet number="0">50</wcet>
            <wcet number="1">70</wcet>
            <maxpow number="0.38261822180182736"/>
            <maxpow number="0.38261822180182736"/>
            <fprob>0.0</fprob>
        </actor>
        <actor name="D0N42">
            <wcet number="0">70</wcet>
            <wcet number="1">70</wcet>
            <maxpow number="0.3107825199500972"/>
            <maxpow number="0.3107825199500972"/>
            <fprob>0.0</fprob>
        </actor>
        <actor name="D0N3">
            <wcet number="0">30</wcet>
            <wcet number="1">80</wcet>
            <maxpow number="0.53948975028008"/>
            <maxpow number="0.53948975028008"/>
            <fprob>0.0</fprob>
        </actor>
        <actor name="D0N12">
            <wcet number="0">50</wcet>
            <wcet number="1">50</wcet>
            <maxpow number="0.32062194860009186"/>
            <maxpow number="0.32062194860009186"/>
            <fprob>0.0</fprob>
        </actor>
        <actor name="D0N31">
            <wcet number="0">20</wcet>
            <wcet number="1">140</wcet>
            <maxpow number="0.6827224057726416"/>
            <maxpow number="0.6827224057726416"/>
            <fprob>0.0</fprob>
        </actor>
        <actor name="D0N10">
            <wcet number="0">10</wcet>
            <wcet number="1">80</wcet>
            <maxpow number="0.28423527928593956"/>
            <maxpow number="0.28423527928593956"/>
            <fprob>0.0</fprob>
        </actor>
        <actor name="D0N34">
            <wcet number="0">80</wcet>
            <wcet number="1">140</wcet>
            <maxpow number="0.4479371085721846"/>
            <maxpow number="0.4479371085721846"/>
            <fprob>0.0</fprob>
        </actor>
        <ports>
            <port dstActor="D0N40" name="p0" srcActor="D0N0"/>
            <port dstActor="D0N29" name="p1" srcActor="D0N0"/>
            <port dstActor="D0N3" name="p2" srcActor="D0N0"/>
            <port dstActor="D0N6" name="p3" srcActor="D0N0"/>
            <port dstActor="D0N14" name="p4" srcActor="D0N0"/>
            <port dstActor="D0N1" name="p5" srcActor="D0N0"/>
            <port dstActor="D0N38" name="p6" srcActor="D0N35"/>
            <port dstActor="D0N36" name="p7" srcActor="D0N35"/>
            <port dstActor="D0N21" name="p8" srcActor="D0N9"/>
            <port dstActor="D0N37" name="p9" srcActor="D0N9"/>
            <port dstActor="D0N33" name="p10" srcActor="D0N9"/>
            <port dstActor="D0N25" name="p11" srcActor="D0N9"/>
            <port dstActor="D0N13" name="p12" srcActor="D0N9"/>
            <port dstActor="D0N36" name="p13" srcActor="D0N6"/>
            <port dstActor="D0N38" name="p14" srcActor="D0N6"/>
            <port dstActor="D0N16" name="p15" srcActor="D0N6"/>
            <port dstActor="D0N23" name="p16" srcActor="D0N1"/>
            <port dstActor="D0N7" name="p17" srcActor="D0N1"/>
            <port dstActor="D0N36" name="p18" srcActor="D0N1"/>
            <port dstActor="D0N12" name="p19" srcActor="D0N1"/>
            <port dstActor="D0N25" name="p20" srcActor="D0N1"/>
            <port dstActor="D0N44" name="p21" srcActor="D0N1"/>
            <port dstActor="D0N42" name="p22" srcActor="D0N18"/>
            <port dstActor="D0N28" name="p23" srcActor="D0N18"/>
            <port dstActor="D0N20" name="p24" srcActor="D0N18"/>
            <port dstActor="D0N35" name="p25" srcActor="D0N18"/>
            <port dstActor="D0N39" name="p26" srcActor="D0N38"/>
            <port dstActor="D0N43" name="p27" srcActor="D0N39"/>
            <port dstActor="D0N13" name="p28" srcActor="D0N7"/>
            <port dstActor="D0N38" name="p29" srcActor="D0N7"/>
            <port dstActor="D0N35" name="p30" srcActor="D0N7"/>
            <port dstActor="D0N43" name="p31" srcActor="D0N7"/>
            <port dstActor="D0N16" name="p32" srcActor="D0N7"/>
            <port dstActor="D0N45" name="p33" srcActor="D0N8"/>
            <port dstActor="D0N27" name="p34" srcActor="D0N8"/>
            <port dstActor="D0N34" name="p35" srcActor="D0N8"/>
            <port dstActor="D0N42" name="p36" srcActor="D0N8"/>
            <port dstActor="D0N37" name="p37" srcActor="D0N8"/>
            <port dstActor="D0N39" name="p38" srcActor="D0N8"/>
            <port dstActor="D0N44" name="p39" srcActor="D0N22"/>
            <port dstActor="D0N43" name="p40" srcActor="D0N22"/>
            <port dstActor="D0N36" name="p41" srcActor="D0N29"/>
            <port dstActor="D0N34" name="p42" srcActor="D0N29"/>
            <port dstActor="D0N32" name="p43" srcActor="D0N29"/>
            <port dstActor="D0N41" name="p44" srcActor="D0N30"/>
            <port dstActor="D0N38" name="p45" srcActor="D0N30"/>
            <port dstActor="D0N45" name="p46" srcActor="D0N37"/>
            <port dstActor="D0N42" name="p47" srcActor="D0N37"/>
            <port dstActor="D0N19" name="p48" srcActor="D0N5"/>
            <port dstActor="D0N41" name="p49" srcActor="D0N5"/>
            <port dstActor="D0N8" name="p50" srcActor="D0N5"/>
            <port dstActor="D0N25" name="p51" srcActor="D0N5"/>
            <port dstActor="D0N26" name="p52" srcActor="D0N5"/>
            <port dstActor="D0N41" name="p53" srcActor="D0N40"/>
            <port dstActor="D0N38" name="p54" srcActor="D0N24"/>
            <port dstActor="D0N45" name="p55" srcActor="D0N24"/>
            <port dstActor="D0N43" name="p56" srcActor="D0N24"/>
            <port dstActor="D0N46" name="p57" srcActor="D0N41"/>
            <port dstActor="D0N21" name="p58" srcActor="D0N17"/>
            <port dstActor="D0N36" name="p59" srcActor="D0N17"/>
            <port dstActor="D0N26" name="p60" srcActor="D0N17"/>
            <port dstActor="D0N16" name="p61" srcActor="D0N2"/>
            <port dstActor="D0N5" name="p62" srcActor="D0N2"/>
            <port dstActor="D0N36" name="p63" srcActor="D0N2"/>
            <port dstActor="D0N28" name="p64" srcActor="D0N2"/>
            <port dstActor="D0N46" name="p65" srcActor="D0N20"/>
            <port dstActor="D0N37" name="p66" srcActor="D0N20"/>
            <port dstActor="D0N36" name="p67" srcActor="D0N20"/>
            <port dstActor="D0N19" name="p68" srcActor="D0N15"/>
            <port dstActor="D0N28" name="p69" srcActor="D0N15"/>
            <port dstActor="D0N35" name="p70" srcActor="D0N15"/>
            <port dstActor="D0N39" name="p71" srcActor="D0N15"/>
            <port dstActor="D0N35" name="p72" srcActor="D0N27"/>
            <port dstActor="D0N38" name="p73" srcActor="D0N27"/>
            <port dstActor="D0N45" name="p74" srcActor="D0N43"/>
            <port dstActor="D0N30" name="p75" srcActor="D0N21"/>
            <port dstActor="D0N28" name="p76" srcActor="D0N21"/>
            <port dstActor="D0N45" name="p77" srcActor="D0N21"/>
            <port dstActor="D0N46" name="p78" srcActor="D0N28"/>
            <port dstActor="D0N34" name="p79" srcActor="D0N28"/>
            <port dstActor="D0N43" name="p80" srcActor="D0N4"/>
            <port dstActor="D0N27" name="p81" srcActor="D0N4"/>
            <port dstActor="D0N34" name="p82" srcActor="D0N4"/>
            <port dstActor="D0N6" name="p83" srcActor="D0N4"/>
            <port dstActor="D0N22" name="p84" srcActor="D0N4"/>
            <port dstActor="D0N12" name="p85" srcActor="D0N4"/>
            <port dstActor="D0N17" name="p86" srcActor="D0N4"/>
            <port dstActor="D0N11" name="p87" srcActor="D0N4"/>
            <port dstActor="D0N38" name="p88" srcActor="D0N4"/>
            <port dstActor="D0N17" name="p89" srcActor="D0N16"/>
            <port dstActor="D0N20" name="p90" srcActor="D0N16"/>
            <port dstActor="D0N43" name="p91" srcActor="D0N16"/>
            <port dstActor="D0N18" name="p92" srcActor="D0N16"/>
            <port dstActor="D0N18" name="p93" srcActor="D0N13"/>
            <port dstActor="D0N22" name="p94" srcActor="D0N13"/>
            <port dstActor="D0N45" name="p95" srcActor="D0N13"/>
            <port dstActor="D0N33" name="p96" srcActor="D0N25"/>
            <port dstActor="D0N39" name="p97" srcActor="D0N25"/>
            <port dstActor="D0N35" name="p98" srcActor="D0N25"/>
            <port dstActor="D0N30" name="p99" srcActor="D0N25"/>
            <port dstActor="D0N31" name="p100" srcActor="D0N25"/>
            <port dstActor="D0N23" name="p101" srcActor="D0N3"/>
            <port dstActor="D0N14" name="p102" srcActor="D0N3"/>
            <port dstActor="D0N42" name="p103" srcActor="D0N3"/>
            <port dstActor="D0N40" name="p104" srcActor="D0N3"/>
            <port dstActor="D0N4" name="p105" srcActor="D0N3"/>
            <port dstActor="D0N17" name="p106" srcActor="D0N3"/>
            <port dstActor="D0N15" name="p107" srcActor="D0N12"/>
            <port dstActor="D0N27" name="p108" srcActor="D0N12"/>
            <port dstActor="D0N33" name="p109" srcActor="D0N31"/>
            <port dstActor="D0N37" name="p110" srcActor="D0N31"/>
            <port dstActor="D0N45" name="p111" srcActor="D0N31"/>
            <port dstActor="D0N38" name="p112" srcActor="D0N10"/>
            <port dstActor="D0N15" name="p113" srcActor="D0N10"/>
            <port dstActor="D0N12" name="p114" srcActor="D0N10"/>
            <port dstActor="D0N26" name="p115" srcActor="D0N10"/>
            <port dstActor="D0N37" name="p116" srcActor="D0N34"/>
        </ports>
    </mcdag>
    <cores number="3"/>
    <levels number="2"/>
</mcsystem>
