<?xml version="1.0" encoding="UTF-8" standalone="no"?>
<mcsystem>
    <mcdag deadline="1000" name="genned-0-ed-10.0-0">
        <actor name="D0N12">
            <wcet number="0">20</wcet>
            <wcet number="1">20</wcet>
            <maxpow number="0.7242255858213504"/>
            <maxpow number="0.7242255858213504"/>
            <fprob>0.0</fprob>
        </actor>
        <actor name="D0N22">
            <wcet number="0">110</wcet>
            <wcet number="1">120</wcet>
            <maxpow number="0.7442907740441358"/>
            <maxpow number="0.7442907740441358"/>
            <fprob>0.0</fprob>
        </actor>
        <actor name="D0N10">
            <wcet number="0">10</wcet>
            <wcet number="1">10</wcet>
            <maxpow number="0.5079571424818132"/>
            <maxpow number="0.5079571424818132"/>
            <fprob>0.0</fprob>
        </actor>
        <actor name="D0N23">
            <wcet number="0">20</wcet>
            <wcet number="1">20</wcet>
            <maxpow number="0.5521591260070151"/>
            <maxpow number="0.5521591260070151"/>
            <fprob>0.0</fprob>
        </actor>
        <actor name="D0N14">
            <wcet number="0">10</wcet>
            <wcet number="1">30</wcet>
            <maxpow number="0.5191730955378735"/>
            <maxpow number="0.5191730955378735"/>
            <fprob>0.0</fprob>
        </actor>
        <actor name="D0N11">
            <wcet number="0">10</wcet>
            <wcet number="1">50</wcet>
            <maxpow number="0.6224522130192759"/>
            <maxpow number="0.6224522130192759"/>
            <fprob>0.0</fprob>
        </actor>
        <actor name="D0N5">
            <wcet number="0">10</wcet>
            <wcet number="1">10</wcet>
            <maxpow number="0.3578947728980856"/>
            <maxpow number="0.3578947728980856"/>
            <fprob>0.0</fprob>
        </actor>
        <actor name="D0N28">
            <wcet number="0">50</wcet>
            <wcet number="1">150</wcet>
            <maxpow number="0.6029276616405905"/>
            <maxpow number="0.6029276616405905"/>
            <fprob>0.0</fprob>
        </actor>
        <actor name="D0N21">
            <wcet number="0">20</wcet>
            <wcet number="1">20</wcet>
            <maxpow number="0.6852632531011384"/>
            <maxpow number="0.6852632531011384"/>
            <fprob>0.0</fprob>
        </actor>
        <actor name="D0N39">
            <wcet number="0">30</wcet>
            <wcet number="1">80</wcet>
            <maxpow number="0.5616351059267811"/>
            <maxpow number="0.5616351059267811"/>
            <fprob>0.0</fprob>
        </actor>
        <actor name="D0N8">
            <wcet number="0">70</wcet>
            <wcet number="1">70</wcet>
            <maxpow number="0.7077084483804431"/>
            <maxpow number="0.7077084483804431"/>
            <fprob>0.0</fprob>
        </actor>
        <actor name="D0N29">
            <wcet number="0">10</wcet>
            <wcet number="1">10</wcet>
            <maxpow number="0.43245521247948737"/>
            <maxpow number="0.43245521247948737"/>
            <fprob>0.0</fprob>
        </actor>
        <actor name="D0N27">
            <wcet number="0">20</wcet>
            <wcet number="1">20</wcet>
            <maxpow number="0.6672359116673122"/>
            <maxpow number="0.6672359116673122"/>
            <fprob>0.0</fprob>
        </actor>
        <actor name="D0N37">
            <wcet number="0">20</wcet>
            <wcet number="1">40</wcet>
            <maxpow number="0.7463386858347808"/>
            <maxpow number="0.7463386858347808"/>
            <fprob>0.0</fprob>
        </actor>
        <actor name="D0N41">
            <wcet number="0">10</wcet>
            <wcet number="1">50</wcet>
            <maxpow number="0.3939740405915766"/>
            <maxpow number="0.3939740405915766"/>
            <fprob>0.0</fprob>
        </actor>
        <actor name="D0N6">
            <wcet number="0">10</wcet>
            <wcet number="1">20</wcet>
            <maxpow number="0.7055203671035801"/>
            <maxpow number="0.7055203671035801"/>
            <fprob>0.0</fprob>
        </actor>
        <actor name="D0N20">
            <wcet number="0">10</wcet>
            <wcet number="1">190</wcet>
            <maxpow number="0.59935051574547"/>
            <maxpow number="0.59935051574547"/>
            <fprob>0.0</fprob>
        </actor>
        <actor name="D0N40">
            <wcet number="0">30</wcet>
            <wcet number="1">40</wcet>
            <maxpow number="0.41486391781683163"/>
            <maxpow number="0.41486391781683163"/>
            <fprob>0.0</fprob>
        </actor>
        <actor name="D0N4">
            <wcet number="0">20</wcet>
            <wcet number="1">40</wcet>
            <maxpow number="0.2942455708303561"/>
            <maxpow number="0.2942455708303561"/>
            <fprob>0.0</fprob>
        </actor>
        <actor name="D0N3">
            <wcet number="0">30</wcet>
            <wcet number="1">70</wcet>
            <maxpow number="0.43183789775329895"/>
            <maxpow number="0.43183789775329895"/>
            <fprob>0.0</fprob>
        </actor>
        <actor name="D0N13">
            <wcet number="0">30</wcet>
            <wcet number="1">30</wcet>
            <maxpow number="0.5701016798536972"/>
            <maxpow number="0.5701016798536972"/>
            <fprob>0.0</fprob>
        </actor>
        <actor name="D0N15">
            <wcet number="0">40</wcet>
            <wcet number="1">80</wcet>
            <maxpow number="0.6148109371291618"/>
            <maxpow number="0.6148109371291618"/>
            <fprob>0.0</fprob>
        </actor>
        <actor name="D0N43">
            <wcet number="0">10</wcet>
            <wcet number="1">10</wcet>
            <maxpow number="0.4928679465366943"/>
            <maxpow number="0.4928679465366943"/>
            <fprob>0.0</fprob>
        </actor>
        <actor name="D0N1">
            <wcet number="0">10</wcet>
            <wcet number="1">20</wcet>
            <maxpow number="0.6547333875666426"/>
            <maxpow number="0.6547333875666426"/>
            <fprob>0.0</fprob>
        </actor>
        <actor name="D0N19">
            <wcet number="0">10</wcet>
            <wcet number="1">10</wcet>
            <maxpow number="0.5734056796832259"/>
            <maxpow number="0.5734056796832259"/>
            <fprob>0.0</fprob>
        </actor>
        <actor name="D0N38">
            <wcet number="0">50</wcet>
            <wcet number="1">50</wcet>
            <maxpow number="0.12491998998081677"/>
            <maxpow number="0.12491998998081677"/>
            <fprob>0.0</fprob>
        </actor>
        <actor name="D0N17">
            <wcet number="0">10</wcet>
            <wcet number="1">10</wcet>
            <maxpow number="0.7600192976842094"/>
            <maxpow number="0.7600192976842094"/>
            <fprob>0.0</fprob>
        </actor>
        <actor name="D0N36">
            <wcet number="0">70</wcet>
            <wcet number="1">150</wcet>
            <maxpow number="0.9229936002165803"/>
            <maxpow number="0.9229936002165803"/>
            <fprob>0.0</fprob>
        </actor>
        <actor name="D0N2">
            <wcet number="0">90</wcet>
            <wcet number="1">100</wcet>
            <maxpow number="0.8902241011912579"/>
            <maxpow number="0.8902241011912579"/>
            <fprob>0.0</fprob>
        </actor>
        <actor name="D0N24">
            <wcet number="0">10</wcet>
            <wcet number="1">30</wcet>
            <maxpow number="0.5882290649764556"/>
            <maxpow number="0.5882290649764556"/>
            <fprob>0.0</fprob>
        </actor>
        <actor name="D0N35">
            <wcet number="0">10</wcet>
            <wcet number="1">20</wcet>
            <maxpow number="0.8937354262328671"/>
            <maxpow number="0.8937354262328671"/>
            <fprob>0.0</fprob>
        </actor>
        <actor name="D0N0">
            <wcet number="0">10</wcet>
            <wcet number="1">10</wcet>
            <maxpow number="0.3204182550302641"/>
            <maxpow number="0.3204182550302641"/>
            <fprob>0.0</fprob>
        </actor>
        <actor name="D0N34">
            <wcet number="0">10</wcet>
            <wcet number="1">70</wcet>
            <maxpow number="0.5748835052554648"/>
            <maxpow number="0.5748835052554648"/>
            <fprob>0.0</fprob>
        </actor>
        <actor name="D0N31">
            <wcet number="0">20</wcet>
            <wcet number="1">20</wcet>
            <maxpow number="0.5719021827950813"/>
            <maxpow number="0.5719021827950813"/>
            <fprob>0.0</fprob>
        </actor>
        <actor name="D0N42">
            <wcet number="0">90</wcet>
            <wcet number="1">90</wcet>
            <maxpow number="0.6060352732037155"/>
            <maxpow number="0.6060352732037155"/>
            <fprob>0.0</fprob>
        </actor>
        <actor name="D0N7">
            <wcet number="0">60</wcet>
            <wcet number="1">70</wcet>
            <maxpow number="0.49058180733687196"/>
            <maxpow number="0.49058180733687196"/>
            <fprob>0.0</fprob>
        </actor>
        <actor name="D0N33">
            <wcet number="0">10</wcet>
            <wcet number="1">10</wcet>
            <maxpow number="0.6281078523137521"/>
            <maxpow number="0.6281078523137521"/>
            <fprob>0.0</fprob>
        </actor>
        <actor name="D0N9">
            <wcet number="0">10</wcet>
            <wcet number="1">10</wcet>
            <maxpow number="0.3299493847238789"/>
            <maxpow number="0.3299493847238789"/>
            <fprob>0.0</fprob>
        </actor>
        <actor name="D0N30">
            <wcet number="0">30</wcet>
            <wcet number="1">30</wcet>
            <maxpow number="0.798222518480241"/>
            <maxpow number="0.798222518480241"/>
            <fprob>0.0</fprob>
        </actor>
        <actor name="D0N16">
            <wcet number="0">40</wcet>
            <wcet number="1">60</wcet>
            <maxpow number="0.7079041825466903"/>
            <maxpow number="0.7079041825466903"/>
            <fprob>0.0</fprob>
        </actor>
        <actor name="D0N32">
            <wcet number="0">10</wcet>
            <wcet number="1">10</wcet>
            <maxpow number="0.3863387757007847"/>
            <maxpow number="0.3863387757007847"/>
            <fprob>0.0</fprob>
        </actor>
        <actor name="D0N25">
            <wcet number="0">30</wcet>
            <wcet number="1">30</wcet>
            <maxpow number="0.7555783655260995"/>
            <maxpow number="0.7555783655260995"/>
            <fprob>0.0</fprob>
        </actor>
        <actor name="D0N18">
            <wcet number="0">10</wcet>
            <wcet number="1">10</wcet>
            <maxpow number="0.5424299811829696"/>
            <maxpow number="0.5424299811829696"/>
            <fprob>0.0</fprob>
        </actor>
        <actor name="D0N26">
            <wcet number="0">10</wcet>
            <wcet number="1">10</wcet>
            <maxpow number="0.6348187985627181"/>
            <maxpow number="0.6348187985627181"/>
            <fprob>0.0</fprob>
        </actor>
        <ports>
            <port dstActor="D0N37" name="p0" srcActor="D0N12"/>
            <port dstActor="D0N38" name="p1" srcActor="D0N12"/>
            <port dstActor="D0N17" name="p2" srcActor="D0N10"/>
            <port dstActor="D0N29" name="p3" srcActor="D0N10"/>
            <port dstActor="D0N19" name="p4" srcActor="D0N10"/>
            <port dstActor="D0N30" name="p5" srcActor="D0N10"/>
            <port dstActor="D0N31" name="p6" srcActor="D0N23"/>
            <port dstActor="D0N33" name="p7" srcActor="D0N14"/>
            <port dstActor="D0N35" name="p8" srcActor="D0N14"/>
            <port dstActor="D0N34" name="p9" srcActor="D0N14"/>
            <port dstActor="D0N41" name="p10" srcActor="D0N11"/>
            <port dstActor="D0N21" name="p11" srcActor="D0N11"/>
            <port dstActor="D0N23" name="p12" srcActor="D0N5"/>
            <port dstActor="D0N32" name="p13" srcActor="D0N28"/>
            <port dstActor="D0N33" name="p14" srcActor="D0N28"/>
            <port dstActor="D0N29" name="p15" srcActor="D0N28"/>
            <port dstActor="D0N40" name="p16" srcActor="D0N21"/>
            <port dstActor="D0N34" name="p17" srcActor="D0N21"/>
            <port dstActor="D0N31" name="p18" srcActor="D0N21"/>
            <port dstActor="D0N23" name="p19" srcActor="D0N21"/>
            <port dstActor="D0N31" name="p20" srcActor="D0N8"/>
            <port dstActor="D0N13" name="p21" srcActor="D0N8"/>
            <port dstActor="D0N36" name="p22" srcActor="D0N8"/>
            <port dstActor="D0N42" name="p23" srcActor="D0N27"/>
            <port dstActor="D0N41" name="p24" srcActor="D0N27"/>
            <port dstActor="D0N32" name="p25" srcActor="D0N27"/>
            <port dstActor="D0N38" name="p26" srcActor="D0N37"/>
            <port dstActor="D0N16" name="p27" srcActor="D0N6"/>
            <port dstActor="D0N35" name="p28" srcActor="D0N20"/>
            <port dstActor="D0N21" name="p29" srcActor="D0N20"/>
            <port dstActor="D0N26" name="p30" srcActor="D0N20"/>
            <port dstActor="D0N36" name="p31" srcActor="D0N20"/>
            <port dstActor="D0N35" name="p32" srcActor="D0N4"/>
            <port dstActor="D0N36" name="p33" srcActor="D0N4"/>
            <port dstActor="D0N30" name="p34" srcActor="D0N4"/>
            <port dstActor="D0N10" name="p35" srcActor="D0N4"/>
            <port dstActor="D0N19" name="p36" srcActor="D0N4"/>
            <port dstActor="D0N42" name="p37" srcActor="D0N3"/>
            <port dstActor="D0N14" name="p38" srcActor="D0N13"/>
            <port dstActor="D0N20" name="p39" srcActor="D0N13"/>
            <port dstActor="D0N16" name="p40" srcActor="D0N13"/>
            <port dstActor="D0N19" name="p41" srcActor="D0N13"/>
            <port dstActor="D0N6" name="p42" srcActor="D0N1"/>
            <port dstActor="D0N18" name="p43" srcActor="D0N1"/>
            <port dstActor="D0N29" name="p44" srcActor="D0N1"/>
            <port dstActor="D0N17" name="p45" srcActor="D0N1"/>
            <port dstActor="D0N36" name="p46" srcActor="D0N1"/>
            <port dstActor="D0N31" name="p47" srcActor="D0N1"/>
            <port dstActor="D0N35" name="p48" srcActor="D0N1"/>
            <port dstActor="D0N32" name="p49" srcActor="D0N19"/>
            <port dstActor="D0N35" name="p50" srcActor="D0N19"/>
            <port dstActor="D0N19" name="p51" srcActor="D0N17"/>
            <port dstActor="D0N31" name="p52" srcActor="D0N17"/>
            <port dstActor="D0N5" name="p53" srcActor="D0N2"/>
            <port dstActor="D0N21" name="p54" srcActor="D0N2"/>
            <port dstActor="D0N42" name="p55" srcActor="D0N24"/>
            <port dstActor="D0N35" name="p56" srcActor="D0N24"/>
            <port dstActor="D0N30" name="p57" srcActor="D0N0"/>
            <port dstActor="D0N40" name="p58" srcActor="D0N0"/>
            <port dstActor="D0N33" name="p59" srcActor="D0N0"/>
            <port dstActor="D0N16" name="p60" srcActor="D0N0"/>
            <port dstActor="D0N32" name="p61" srcActor="D0N31"/>
            <port dstActor="D0N42" name="p62" srcActor="D0N31"/>
            <port dstActor="D0N16" name="p63" srcActor="D0N7"/>
            <port dstActor="D0N29" name="p64" srcActor="D0N7"/>
            <port dstActor="D0N9" name="p65" srcActor="D0N7"/>
            <port dstActor="D0N39" name="p66" srcActor="D0N33"/>
            <port dstActor="D0N40" name="p67" srcActor="D0N33"/>
            <port dstActor="D0N28" name="p68" srcActor="D0N9"/>
            <port dstActor="D0N39" name="p69" srcActor="D0N9"/>
            <port dstActor="D0N40" name="p70" srcActor="D0N30"/>
            <port dstActor="D0N42" name="p71" srcActor="D0N30"/>
            <port dstActor="D0N29" name="p72" srcActor="D0N16"/>
            <port dstActor="D0N42" name="p73" srcActor="D0N32"/>
            <port dstActor="D0N34" name="p74" srcActor="D0N32"/>
            <port dstActor="D0N43" name="p75" srcActor="D0N25"/>
            <port dstActor="D0N39" name="p76" srcActor="D0N25"/>
            <port dstActor="D0N38" name="p77" srcActor="D0N25"/>
            <port dstActor="D0N42" name="p78" srcActor="D0N25"/>
            <port dstActor="D0N33" name="p79" srcActor="D0N18"/>
            <port dstActor="D0N19" name="p80" srcActor="D0N18"/>
            <port dstActor="D0N42" name="p81" srcActor="D0N26"/>
            <port dstActor="D0N28" name="p82" srcActor="D0N26"/>
            <port dstActor="D0N34" name="p83" srcActor="D0N26"/>
        </ports>
    </mcdag>
    <cores number="2"/>
    <levels number="2"/>
</mcsystem>
