<?xml version="1.0" encoding="UTF-8" standalone="no"?>
<mcsystem>
    <mcdag deadline="4000" name="genned-0-ed-10.0-0">
        <actor name="D0N48">
            <wcet number="0">180</wcet>
            <wcet number="1">270</wcet>
            <maxpow number="0.774122535155488"/>
            <maxpow number="0.774122535155488"/>
            <fprob>0.0</fprob>
        </actor>
        <actor name="D0N45">
            <wcet number="0">490</wcet>
            <wcet number="1">680</wcet>
            <maxpow number="0.6762989083955678"/>
            <maxpow number="0.6762989083955678"/>
            <fprob>0.0</fprob>
        </actor>
        <actor name="D0N13">
            <wcet number="0">80</wcet>
            <wcet number="1">600</wcet>
            <maxpow number="0.4786091098640287"/>
            <maxpow number="0.4786091098640287"/>
            <fprob>0.0</fprob>
        </actor>
        <actor name="D0N8">
            <wcet number="0">110</wcet>
            <wcet number="1">110</wcet>
            <maxpow number="0.6947718857661466"/>
            <maxpow number="0.6947718857661466"/>
            <fprob>0.0</fprob>
        </actor>
        <actor name="D0N0">
            <wcet number="0">40</wcet>
            <wcet number="1">100</wcet>
            <maxpow number="0.8053334512598203"/>
            <maxpow number="0.8053334512598203"/>
            <fprob>0.0</fprob>
        </actor>
        <actor name="D0N31">
            <wcet number="0">180</wcet>
            <wcet number="1">460</wcet>
            <maxpow number="0.6768015866370597"/>
            <maxpow number="0.6768015866370597"/>
            <fprob>0.0</fprob>
        </actor>
        <actor name="D0N28">
            <wcet number="0">10</wcet>
            <wcet number="1">20</wcet>
            <maxpow number="1.0029349761432997"/>
            <maxpow number="1.0029349761432997"/>
            <fprob>0.0</fprob>
        </actor>
        <actor name="D0N35">
            <wcet number="0">520</wcet>
            <wcet number="1">530</wcet>
            <maxpow number="0.4854562215232465"/>
            <maxpow number="0.4854562215232465"/>
            <fprob>0.0</fprob>
        </actor>
        <actor name="D0N37">
            <wcet number="0">190</wcet>
            <wcet number="1">240</wcet>
            <maxpow number="0.6461003720234848"/>
            <maxpow number="0.6461003720234848"/>
            <fprob>0.0</fprob>
        </actor>
        <actor name="D0N33">
            <wcet number="0">10</wcet>
            <wcet number="1">10</wcet>
            <maxpow number="0.4355415307749565"/>
            <maxpow number="0.4355415307749565"/>
            <fprob>0.0</fprob>
        </actor>
        <actor name="D0N44">
            <wcet number="0">90</wcet>
            <wcet number="1">160</wcet>
            <maxpow number="0.8057132345183521"/>
            <maxpow number="0.8057132345183521"/>
            <fprob>0.0</fprob>
        </actor>
        <actor name="D0N21">
            <wcet number="0">20</wcet>
            <wcet number="1">30</wcet>
            <maxpow number="0.61887414468097"/>
            <maxpow number="0.61887414468097"/>
            <fprob>0.0</fprob>
        </actor>
        <actor name="D0N39">
            <wcet number="0">120</wcet>
            <wcet number="1">570</wcet>
            <maxpow number="0.24536603577759253"/>
            <maxpow number="0.24536603577759253"/>
            <fprob>0.0</fprob>
        </actor>
        <actor name="D0N12">
            <wcet number="0">200</wcet>
            <wcet number="1">320</wcet>
            <maxpow number="0.5404274315613461"/>
            <maxpow number="0.5404274315613461"/>
            <fprob>0.0</fprob>
        </actor>
        <actor name="D0N38">
            <wcet number="0">70</wcet>
            <wcet number="1">80</wcet>
            <maxpow number="0.3101063431067513"/>
            <maxpow number="0.3101063431067513"/>
            <fprob>0.0</fprob>
        </actor>
        <actor name="D0N18">
            <wcet number="0">60</wcet>
            <wcet number="1">70</wcet>
            <maxpow number="0.44091675151851656"/>
            <maxpow number="0.44091675151851656"/>
            <fprob>0.0</fprob>
        </actor>
        <actor name="D0N40">
            <wcet number="0">230</wcet>
            <wcet number="1">260</wcet>
            <maxpow number="0.442744276065167"/>
            <maxpow number="0.442744276065167"/>
            <fprob>0.0</fprob>
        </actor>
        <actor name="D0N23">
            <wcet number="0">30</wcet>
            <wcet number="1">40</wcet>
            <maxpow number="0.5582290420067724"/>
            <maxpow number="0.5582290420067724"/>
            <fprob>0.0</fprob>
        </actor>
        <actor name="D0N17">
            <wcet number="0">460</wcet>
            <wcet number="1">610</wcet>
            <maxpow number="0.7164495737575814"/>
            <maxpow number="0.7164495737575814"/>
            <fprob>0.0</fprob>
        </actor>
        <actor name="D0N9">
            <wcet number="0">10</wcet>
            <wcet number="1">100</wcet>
            <maxpow number="0.5960028116269674"/>
            <maxpow number="0.5960028116269674"/>
            <fprob>0.0</fprob>
        </actor>
        <actor name="D0N25">
            <wcet number="0">180</wcet>
            <wcet number="1">320</wcet>
            <maxpow number="0.35828701983022687"/>
            <maxpow number="0.35828701983022687"/>
            <fprob>0.0</fprob>
        </actor>
        <actor name="D0N24">
            <wcet number="0">130</wcet>
            <wcet number="1">210</wcet>
            <maxpow number="0.5661140754915273"/>
            <maxpow number="0.5661140754915273"/>
            <fprob>0.0</fprob>
        </actor>
        <actor name="D0N22">
            <wcet number="0">180</wcet>
            <wcet number="1">210</wcet>
            <maxpow number="0.8154539183574361"/>
            <maxpow number="0.8154539183574361"/>
            <fprob>0.0</fprob>
        </actor>
        <actor name="D0N34">
            <wcet number="0">440</wcet>
            <wcet number="1">570</wcet>
            <maxpow number="0.9644808588454094"/>
            <maxpow number="0.9644808588454094"/>
            <fprob>0.0</fprob>
        </actor>
        <actor name="D0N32">
            <wcet number="0">30</wcet>
            <wcet number="1">30</wcet>
            <maxpow number="0.20373195061578675"/>
            <maxpow number="0.20373195061578675"/>
            <fprob>0.0</fprob>
        </actor>
        <actor name="D0N11">
            <wcet number="0">10</wcet>
            <wcet number="1">160</wcet>
            <maxpow number="0.4287171541879837"/>
            <maxpow number="0.4287171541879837"/>
            <fprob>0.0</fprob>
        </actor>
        <actor name="D0N30">
            <wcet number="0">30</wcet>
            <wcet number="1">40</wcet>
            <maxpow number="0.4833792392642069"/>
            <maxpow number="0.4833792392642069"/>
            <fprob>0.0</fprob>
        </actor>
        <actor name="D0N4">
            <wcet number="0">10</wcet>
            <wcet number="1">40</wcet>
            <maxpow number="0.5581269108179716"/>
            <maxpow number="0.5581269108179716"/>
            <fprob>0.0</fprob>
        </actor>
        <actor name="D0N19">
            <wcet number="0">10</wcet>
            <wcet number="1">20</wcet>
            <maxpow number="0.553499016656203"/>
            <maxpow number="0.553499016656203"/>
            <fprob>0.0</fprob>
        </actor>
        <actor name="D0N6">
            <wcet number="0">80</wcet>
            <wcet number="1">190</wcet>
            <maxpow number="0.5747796436380076"/>
            <maxpow number="0.5747796436380076"/>
            <fprob>0.0</fprob>
        </actor>
        <actor name="D0N5">
            <wcet number="0">50</wcet>
            <wcet number="1">70</wcet>
            <maxpow number="0.6113404087372056"/>
            <maxpow number="0.6113404087372056"/>
            <fprob>0.0</fprob>
        </actor>
        <actor name="D0N3">
            <wcet number="0">10</wcet>
            <wcet number="1">20</wcet>
            <maxpow number="0.4599224095170832"/>
            <maxpow number="0.4599224095170832"/>
            <fprob>0.0</fprob>
        </actor>
        <actor name="D0N16">
            <wcet number="0">230</wcet>
            <wcet number="1">230</wcet>
            <maxpow number="0.6246177330311163"/>
            <maxpow number="0.6246177330311163"/>
            <fprob>0.0</fprob>
        </actor>
        <actor name="D0N2">
            <wcet number="0">40</wcet>
            <wcet number="1">150</wcet>
            <maxpow number="0.5223790959095168"/>
            <maxpow number="0.5223790959095168"/>
            <fprob>0.0</fprob>
        </actor>
        <actor name="D0N1">
            <wcet number="0">110</wcet>
            <wcet number="1">110</wcet>
            <maxpow number="0.4461701268290745"/>
            <maxpow number="0.4461701268290745"/>
            <fprob>0.0</fprob>
        </actor>
        <actor name="D0N26">
            <wcet number="0">80</wcet>
            <wcet number="1">90</wcet>
            <maxpow number="0.3270396506468631"/>
            <maxpow number="0.3270396506468631"/>
            <fprob>0.0</fprob>
        </actor>
        <actor name="D0N27">
            <wcet number="0">70</wcet>
            <wcet number="1">110</wcet>
            <maxpow number="0.5369409685073144"/>
            <maxpow number="0.5369409685073144"/>
            <fprob>0.0</fprob>
        </actor>
        <actor name="D0N7">
            <wcet number="0">70</wcet>
            <wcet number="1">70</wcet>
            <maxpow number="0.3911064572727734"/>
            <maxpow number="0.3911064572727734"/>
            <fprob>0.0</fprob>
        </actor>
        <actor name="D0N49">
            <wcet number="0">60</wcet>
            <wcet number="1">80</wcet>
            <maxpow number="0.23630911491429407"/>
            <maxpow number="0.23630911491429407"/>
            <fprob>0.0</fprob>
        </actor>
        <actor name="D0N41">
            <wcet number="0">410</wcet>
            <wcet number="1">770</wcet>
            <maxpow number="0.7565519232677351"/>
            <maxpow number="0.7565519232677351"/>
            <fprob>0.0</fprob>
        </actor>
        <actor name="D0N10">
            <wcet number="0">40</wcet>
            <wcet number="1">330</wcet>
            <maxpow number="0.38159806823286485"/>
            <maxpow number="0.38159806823286485"/>
            <fprob>0.0</fprob>
        </actor>
        <actor name="D0N15">
            <wcet number="0">30</wcet>
            <wcet number="1">100</wcet>
            <maxpow number="0.7490011139561883"/>
            <maxpow number="0.7490011139561883"/>
            <fprob>0.0</fprob>
        </actor>
        <actor name="D0N36">
            <wcet number="0">70</wcet>
            <wcet number="1">190</wcet>
            <maxpow number="0.5148438057195525"/>
            <maxpow number="0.5148438057195525"/>
            <fprob>0.0</fprob>
        </actor>
        <actor name="D0N43">
            <wcet number="0">20</wcet>
            <wcet number="1">40</wcet>
            <maxpow number="0.5028738109251264"/>
            <maxpow number="0.5028738109251264"/>
            <fprob>0.0</fprob>
        </actor>
        <actor name="D0N46">
            <wcet number="0">10</wcet>
            <wcet number="1">40</wcet>
            <maxpow number="0.26523066746244633"/>
            <maxpow number="0.26523066746244633"/>
            <fprob>0.0</fprob>
        </actor>
        <actor name="D0N20">
            <wcet number="0">160</wcet>
            <wcet number="1">190</wcet>
            <maxpow number="0.3846076382613105"/>
            <maxpow number="0.3846076382613105"/>
            <fprob>0.0</fprob>
        </actor>
        <actor name="D0N14">
            <wcet number="0">60</wcet>
            <wcet number="1">650</wcet>
            <maxpow number="0.6083484259792074"/>
            <maxpow number="0.6083484259792074"/>
            <fprob>0.0</fprob>
        </actor>
        <actor name="D0N47">
            <wcet number="0">410</wcet>
            <wcet number="1">650</wcet>
            <maxpow number="0.8231591860528074"/>
            <maxpow number="0.8231591860528074"/>
            <fprob>0.0</fprob>
        </actor>
        <actor name="D0N29">
            <wcet number="0">130</wcet>
            <wcet number="1">340</wcet>
            <maxpow number="0.3246370386295486"/>
            <maxpow number="0.3246370386295486"/>
            <fprob>0.0</fprob>
        </actor>
        <actor name="D0N42">
            <wcet number="0">190</wcet>
            <wcet number="1">320</wcet>
            <maxpow number="0.598259688697693"/>
            <maxpow number="0.598259688697693"/>
            <fprob>0.0</fprob>
        </actor>
        <ports>
            <port dstActor="D0N14" name="p0" srcActor="D0N13"/>
            <port dstActor="D0N22" name="p1" srcActor="D0N8"/>
            <port dstActor="D0N27" name="p2" srcActor="D0N0"/>
            <port dstActor="D0N8" name="p3" srcActor="D0N0"/>
            <port dstActor="D0N34" name="p4" srcActor="D0N0"/>
            <port dstActor="D0N18" name="p5" srcActor="D0N0"/>
            <port dstActor="D0N33" name="p6" srcActor="D0N0"/>
            <port dstActor="D0N45" name="p7" srcActor="D0N31"/>
            <port dstActor="D0N30" name="p8" srcActor="D0N28"/>
            <port dstActor="D0N29" name="p9" srcActor="D0N28"/>
            <port dstActor="D0N46" name="p10" srcActor="D0N35"/>
            <port dstActor="D0N47" name="p11" srcActor="D0N35"/>
            <port dstActor="D0N45" name="p12" srcActor="D0N37"/>
            <port dstActor="D0N48" name="p13" srcActor="D0N37"/>
            <port dstActor="D0N37" name="p14" srcActor="D0N33"/>
            <port dstActor="D0N38" name="p15" srcActor="D0N33"/>
            <port dstActor="D0N48" name="p16" srcActor="D0N44"/>
            <port dstActor="D0N25" name="p17" srcActor="D0N21"/>
            <port dstActor="D0N32" name="p18" srcActor="D0N21"/>
            <port dstActor="D0N27" name="p19" srcActor="D0N21"/>
            <port dstActor="D0N48" name="p20" srcActor="D0N21"/>
            <port dstActor="D0N43" name="p21" srcActor="D0N12"/>
            <port dstActor="D0N16" name="p22" srcActor="D0N12"/>
            <port dstActor="D0N44" name="p23" srcActor="D0N38"/>
            <port dstActor="D0N46" name="p24" srcActor="D0N18"/>
            <port dstActor="D0N30" name="p25" srcActor="D0N18"/>
            <port dstActor="D0N39" name="p26" srcActor="D0N18"/>
            <port dstActor="D0N22" name="p27" srcActor="D0N18"/>
            <port dstActor="D0N37" name="p28" srcActor="D0N18"/>
            <port dstActor="D0N41" name="p29" srcActor="D0N23"/>
            <port dstActor="D0N44" name="p30" srcActor="D0N23"/>
            <port dstActor="D0N23" name="p31" srcActor="D0N17"/>
            <port dstActor="D0N45" name="p32" srcActor="D0N17"/>
            <port dstActor="D0N27" name="p33" srcActor="D0N17"/>
            <port dstActor="D0N48" name="p34" srcActor="D0N17"/>
            <port dstActor="D0N43" name="p35" srcActor="D0N9"/>
            <port dstActor="D0N38" name="p36" srcActor="D0N9"/>
            <port dstActor="D0N37" name="p37" srcActor="D0N25"/>
            <port dstActor="D0N26" name="p38" srcActor="D0N24"/>
            <port dstActor="D0N33" name="p39" srcActor="D0N24"/>
            <port dstActor="D0N48" name="p40" srcActor="D0N24"/>
            <port dstActor="D0N46" name="p41" srcActor="D0N22"/>
            <port dstActor="D0N26" name="p42" srcActor="D0N22"/>
            <port dstActor="D0N16" name="p43" srcActor="D0N4"/>
            <port dstActor="D0N25" name="p44" srcActor="D0N4"/>
            <port dstActor="D0N30" name="p45" srcActor="D0N19"/>
            <port dstActor="D0N42" name="p46" srcActor="D0N19"/>
            <port dstActor="D0N41" name="p47" srcActor="D0N19"/>
            <port dstActor="D0N45" name="p48" srcActor="D0N6"/>
            <port dstActor="D0N26" name="p49" srcActor="D0N6"/>
            <port dstActor="D0N35" name="p50" srcActor="D0N6"/>
            <port dstActor="D0N18" name="p51" srcActor="D0N5"/>
            <port dstActor="D0N10" name="p52" srcActor="D0N5"/>
            <port dstActor="D0N40" name="p53" srcActor="D0N5"/>
            <port dstActor="D0N12" name="p54" srcActor="D0N5"/>
            <port dstActor="D0N6" name="p55" srcActor="D0N5"/>
            <port dstActor="D0N47" name="p56" srcActor="D0N5"/>
            <port dstActor="D0N22" name="p57" srcActor="D0N5"/>
            <port dstActor="D0N26" name="p58" srcActor="D0N3"/>
            <port dstActor="D0N24" name="p59" srcActor="D0N3"/>
            <port dstActor="D0N47" name="p60" srcActor="D0N3"/>
            <port dstActor="D0N45" name="p61" srcActor="D0N3"/>
            <port dstActor="D0N21" name="p62" srcActor="D0N3"/>
            <port dstActor="D0N34" name="p63" srcActor="D0N3"/>
            <port dstActor="D0N23" name="p64" srcActor="D0N3"/>
            <port dstActor="D0N49" name="p65" srcActor="D0N16"/>
            <port dstActor="D0N40" name="p66" srcActor="D0N16"/>
            <port dstActor="D0N6" name="p67" srcActor="D0N2"/>
            <port dstActor="D0N5" name="p68" srcActor="D0N2"/>
            <port dstActor="D0N22" name="p69" srcActor="D0N2"/>
            <port dstActor="D0N48" name="p70" srcActor="D0N2"/>
            <port dstActor="D0N35" name="p71" srcActor="D0N2"/>
            <port dstActor="D0N20" name="p72" srcActor="D0N2"/>
            <port dstActor="D0N45" name="p73" srcActor="D0N2"/>
            <port dstActor="D0N35" name="p74" srcActor="D0N1"/>
            <port dstActor="D0N19" name="p75" srcActor="D0N1"/>
            <port dstActor="D0N31" name="p76" srcActor="D0N1"/>
            <port dstActor="D0N39" name="p77" srcActor="D0N27"/>
            <port dstActor="D0N48" name="p78" srcActor="D0N27"/>
            <port dstActor="D0N37" name="p79" srcActor="D0N27"/>
            <port dstActor="D0N47" name="p80" srcActor="D0N7"/>
            <port dstActor="D0N27" name="p81" srcActor="D0N7"/>
            <port dstActor="D0N49" name="p82" srcActor="D0N41"/>
            <port dstActor="D0N40" name="p83" srcActor="D0N10"/>
            <port dstActor="D0N43" name="p84" srcActor="D0N10"/>
            <port dstActor="D0N25" name="p85" srcActor="D0N10"/>
            <port dstActor="D0N34" name="p86" srcActor="D0N10"/>
            <port dstActor="D0N19" name="p87" srcActor="D0N15"/>
            <port dstActor="D0N30" name="p88" srcActor="D0N15"/>
            <port dstActor="D0N16" name="p89" srcActor="D0N15"/>
            <port dstActor="D0N40" name="p90" srcActor="D0N36"/>
            <port dstActor="D0N22" name="p91" srcActor="D0N20"/>
            <port dstActor="D0N21" name="p92" srcActor="D0N14"/>
            <port dstActor="D0N27" name="p93" srcActor="D0N14"/>
            <port dstActor="D0N30" name="p94" srcActor="D0N14"/>
            <port dstActor="D0N29" name="p95" srcActor="D0N14"/>
            <port dstActor="D0N35" name="p96" srcActor="D0N29"/>
        </ports>
    </mcdag>
    <cores number="3"/>
    <levels number="2"/>
</mcsystem>
