<?xml version="1.0" encoding="UTF-8" standalone="no"?>
<mcsystem>
    <mcdag deadline="2500" name="genned-0-ed-10.0-0">
        <actor name="D0N29">
            <wcet number="0">10</wcet>
            <wcet number="1">20</wcet>
            <maxpow number="0.43574512828861994"/>
            <maxpow number="0.43574512828861994"/>
            <fprob>0.0</fprob>
        </actor>
        <actor name="D0N24">
            <wcet number="0">60</wcet>
            <wcet number="1">60</wcet>
            <maxpow number="0.7673716768851968"/>
            <maxpow number="0.7673716768851968"/>
            <fprob>0.0</fprob>
        </actor>
        <actor name="D0N49">
            <wcet number="0">60</wcet>
            <wcet number="1">70</wcet>
            <maxpow number="0.7585253591487131"/>
            <maxpow number="0.7585253591487131"/>
            <fprob>0.0</fprob>
        </actor>
        <actor name="D0N7">
            <wcet number="0">50</wcet>
            <wcet number="1">240</wcet>
            <maxpow number="0.5287603225791412"/>
            <maxpow number="0.5287603225791412"/>
            <fprob>0.0</fprob>
        </actor>
        <actor name="D0N38">
            <wcet number="0">70</wcet>
            <wcet number="1">100</wcet>
            <maxpow number="0.3427487475897164"/>
            <maxpow number="0.3427487475897164"/>
            <fprob>0.0</fprob>
        </actor>
        <actor name="D0N40">
            <wcet number="0">80</wcet>
            <wcet number="1">120</wcet>
            <maxpow number="1.012387421995725"/>
            <maxpow number="1.012387421995725"/>
            <fprob>0.0</fprob>
        </actor>
        <actor name="D0N41">
            <wcet number="0">10</wcet>
            <wcet number="1">60</wcet>
            <maxpow number="0.7048059206622417"/>
            <maxpow number="0.7048059206622417"/>
            <fprob>0.0</fprob>
        </actor>
        <actor name="D0N0">
            <wcet number="0">10</wcet>
            <wcet number="1">260</wcet>
            <maxpow number="0.3159663257194981"/>
            <maxpow number="0.3159663257194981"/>
            <fprob>0.0</fprob>
        </actor>
        <actor name="D0N18">
            <wcet number="0">30</wcet>
            <wcet number="1">70</wcet>
            <maxpow number="0.6474227863123303"/>
            <maxpow number="0.6474227863123303"/>
            <fprob>0.0</fprob>
        </actor>
        <actor name="D0N33">
            <wcet number="0">220</wcet>
            <wcet number="1">240</wcet>
            <maxpow number="0.4670259010572664"/>
            <maxpow number="0.4670259010572664"/>
            <fprob>0.0</fprob>
        </actor>
        <actor name="D0N47">
            <wcet number="0">60</wcet>
            <wcet number="1">150</wcet>
            <maxpow number="0.220929658421456"/>
            <maxpow number="0.220929658421456"/>
            <fprob>0.0</fprob>
        </actor>
        <actor name="D0N3">
            <wcet number="0">130</wcet>
            <wcet number="1">140</wcet>
            <maxpow number="0.49996542913839137"/>
            <maxpow number="0.49996542913839137"/>
            <fprob>0.0</fprob>
        </actor>
        <actor name="D0N17">
            <wcet number="0">90</wcet>
            <wcet number="1">240</wcet>
            <maxpow number="0.7383237371027385"/>
            <maxpow number="0.7383237371027385"/>
            <fprob>0.0</fprob>
        </actor>
        <actor name="D0N39">
            <wcet number="0">100</wcet>
            <wcet number="1">190</wcet>
            <maxpow number="0.21508660446761696"/>
            <maxpow number="0.21508660446761696"/>
            <fprob>0.0</fprob>
        </actor>
        <actor name="D0N22">
            <wcet number="0">10</wcet>
            <wcet number="1">60</wcet>
            <maxpow number="0.23991471602953135"/>
            <maxpow number="0.23991471602953135"/>
            <fprob>0.0</fprob>
        </actor>
        <actor name="D0N36">
            <wcet number="0">30</wcet>
            <wcet number="1">50</wcet>
            <maxpow number="0.4211285110327506"/>
            <maxpow number="0.4211285110327506"/>
            <fprob>0.0</fprob>
        </actor>
        <actor name="D0N6">
            <wcet number="0">90</wcet>
            <wcet number="1">160</wcet>
            <maxpow number="0.56891961031106"/>
            <maxpow number="0.56891961031106"/>
            <fprob>0.0</fprob>
        </actor>
        <actor name="D0N15">
            <wcet number="0">80</wcet>
            <wcet number="1">110</wcet>
            <maxpow number="0.34174088618244663"/>
            <maxpow number="0.34174088618244663"/>
            <fprob>0.0</fprob>
        </actor>
        <actor name="D0N42">
            <wcet number="0">20</wcet>
            <wcet number="1">70</wcet>
            <maxpow number="0.29432673213613564"/>
            <maxpow number="0.29432673213613564"/>
            <fprob>0.0</fprob>
        </actor>
        <actor name="D0N31">
            <wcet number="0">40</wcet>
            <wcet number="1">210</wcet>
            <maxpow number="0.6794457249113509"/>
            <maxpow number="0.6794457249113509"/>
            <fprob>0.0</fprob>
        </actor>
        <actor name="D0N32">
            <wcet number="0">70</wcet>
            <wcet number="1">160</wcet>
            <maxpow number="0.5036362066664458"/>
            <maxpow number="0.5036362066664458"/>
            <fprob>0.0</fprob>
        </actor>
        <actor name="D0N46">
            <wcet number="0">10</wcet>
            <wcet number="1">10</wcet>
            <maxpow number="0.5754894070168723"/>
            <maxpow number="0.5754894070168723"/>
            <fprob>0.0</fprob>
        </actor>
        <actor name="D0N11">
            <wcet number="0">10</wcet>
            <wcet number="1">20</wcet>
            <maxpow number="0.511909532501979"/>
            <maxpow number="0.511909532501979"/>
            <fprob>0.0</fprob>
        </actor>
        <actor name="D0N21">
            <wcet number="0">10</wcet>
            <wcet number="1">20</wcet>
            <maxpow number="0.3434844159046513"/>
            <maxpow number="0.3434844159046513"/>
            <fprob>0.0</fprob>
        </actor>
        <actor name="D0N20">
            <wcet number="0">10</wcet>
            <wcet number="1">10</wcet>
            <maxpow number="0.36477746699951635"/>
            <maxpow number="0.36477746699951635"/>
            <fprob>0.0</fprob>
        </actor>
        <actor name="D0N43">
            <wcet number="0">10</wcet>
            <wcet number="1">20</wcet>
            <maxpow number="0.6035346254295734"/>
            <maxpow number="0.6035346254295734"/>
            <fprob>0.0</fprob>
        </actor>
        <actor name="D0N30">
            <wcet number="0">100</wcet>
            <wcet number="1">150</wcet>
            <maxpow number="0.44519940853552104"/>
            <maxpow number="0.44519940853552104"/>
            <fprob>0.0</fprob>
        </actor>
        <actor name="D0N28">
            <wcet number="0">110</wcet>
            <wcet number="1">290</wcet>
            <maxpow number="0.3862122379080325"/>
            <maxpow number="0.3862122379080325"/>
            <fprob>0.0</fprob>
        </actor>
        <actor name="D0N26">
            <wcet number="0">110</wcet>
            <wcet number="1">200</wcet>
            <maxpow number="0.49192171855978784"/>
            <maxpow number="0.49192171855978784"/>
            <fprob>0.0</fprob>
        </actor>
        <actor name="D0N10">
            <wcet number="0">20</wcet>
            <wcet number="1">20</wcet>
            <maxpow number="0.8272861358959356"/>
            <maxpow number="0.8272861358959356"/>
            <fprob>0.0</fprob>
        </actor>
        <actor name="D0N5">
            <wcet number="0">90</wcet>
            <wcet number="1">160</wcet>
            <maxpow number="0.5239379289063297"/>
            <maxpow number="0.5239379289063297"/>
            <fprob>0.0</fprob>
        </actor>
        <actor name="D0N37">
            <wcet number="0">10</wcet>
            <wcet number="1">10</wcet>
            <maxpow number="0.5390534462076007"/>
            <maxpow number="0.5390534462076007"/>
            <fprob>0.0</fprob>
        </actor>
        <actor name="D0N19">
            <wcet number="0">100</wcet>
            <wcet number="1">100</wcet>
            <maxpow number="0.73061669919667"/>
            <maxpow number="0.73061669919667"/>
            <fprob>0.0</fprob>
        </actor>
        <actor name="D0N34">
            <wcet number="0">80</wcet>
            <wcet number="1">90</wcet>
            <maxpow number="0.41180213411939637"/>
            <maxpow number="0.41180213411939637"/>
            <fprob>0.0</fprob>
        </actor>
        <actor name="D0N23">
            <wcet number="0">40</wcet>
            <wcet number="1">40</wcet>
            <maxpow number="0.42296049354418536"/>
            <maxpow number="0.42296049354418536"/>
            <fprob>0.0</fprob>
        </actor>
        <actor name="D0N9">
            <wcet number="0">20</wcet>
            <wcet number="1">30</wcet>
            <maxpow number="0.6150605562312997"/>
            <maxpow number="0.6150605562312997"/>
            <fprob>0.0</fprob>
        </actor>
        <actor name="D0N48">
            <wcet number="0">30</wcet>
            <wcet number="1">30</wcet>
            <maxpow number="0.7928717986308481"/>
            <maxpow number="0.7928717986308481"/>
            <fprob>0.0</fprob>
        </actor>
        <actor name="D0N2">
            <wcet number="0">20</wcet>
            <wcet number="1">50</wcet>
            <maxpow number="0.3648269391723202"/>
            <maxpow number="0.3648269391723202"/>
            <fprob>0.0</fprob>
        </actor>
        <actor name="D0N1">
            <wcet number="0">10</wcet>
            <wcet number="1">20</wcet>
            <maxpow number="0.678806950040162"/>
            <maxpow number="0.678806950040162"/>
            <fprob>0.0</fprob>
        </actor>
        <actor name="D0N25">
            <wcet number="0">240</wcet>
            <wcet number="1">610</wcet>
            <maxpow number="0.3304716847379139"/>
            <maxpow number="0.3304716847379139"/>
            <fprob>0.0</fprob>
        </actor>
        <actor name="D0N27">
            <wcet number="0">40</wcet>
            <wcet number="1">40</wcet>
            <maxpow number="0.8492328464564726"/>
            <maxpow number="0.8492328464564726"/>
            <fprob>0.0</fprob>
        </actor>
        <actor name="D0N45">
            <wcet number="0">50</wcet>
            <wcet number="1">140</wcet>
            <maxpow number="0.5378606457250141"/>
            <maxpow number="0.5378606457250141"/>
            <fprob>0.0</fprob>
        </actor>
        <actor name="D0N4">
            <wcet number="0">50</wcet>
            <wcet number="1">70</wcet>
            <maxpow number="0.38203035275692354"/>
            <maxpow number="0.38203035275692354"/>
            <fprob>0.0</fprob>
        </actor>
        <actor name="D0N14">
            <wcet number="0">30</wcet>
            <wcet number="1">90</wcet>
            <maxpow number="0.604692674421814"/>
            <maxpow number="0.604692674421814"/>
            <fprob>0.0</fprob>
        </actor>
        <actor name="D0N16">
            <wcet number="0">50</wcet>
            <wcet number="1">170</wcet>
            <maxpow number="0.5757824003147932"/>
            <maxpow number="0.5757824003147932"/>
            <fprob>0.0</fprob>
        </actor>
        <actor name="D0N35">
            <wcet number="0">80</wcet>
            <wcet number="1">330</wcet>
            <maxpow number="0.5735711931326514"/>
            <maxpow number="0.5735711931326514"/>
            <fprob>0.0</fprob>
        </actor>
        <actor name="D0N8">
            <wcet number="0">70</wcet>
            <wcet number="1">210</wcet>
            <maxpow number="0.47674664505121955"/>
            <maxpow number="0.47674664505121955"/>
            <fprob>0.0</fprob>
        </actor>
        <actor name="D0N13">
            <wcet number="0">50</wcet>
            <wcet number="1">170</wcet>
            <maxpow number="0.4540706949196053"/>
            <maxpow number="0.4540706949196053"/>
            <fprob>0.0</fprob>
        </actor>
        <actor name="D0N12">
            <wcet number="0">40</wcet>
            <wcet number="1">50</wcet>
            <maxpow number="0.42259259367961866"/>
            <maxpow number="0.42259259367961866"/>
            <fprob>0.0</fprob>
        </actor>
        <actor name="D0N44">
            <wcet number="0">60</wcet>
            <wcet number="1">70</wcet>
            <maxpow number="0.8095296547391626"/>
            <maxpow number="0.8095296547391626"/>
            <fprob>0.0</fprob>
        </actor>
        <ports>
            <port dstActor="D0N38" name="p0" srcActor="D0N29"/>
            <port dstActor="D0N49" name="p1" srcActor="D0N29"/>
            <port dstActor="D0N31" name="p2" srcActor="D0N24"/>
            <port dstActor="D0N14" name="p3" srcActor="D0N7"/>
            <port dstActor="D0N25" name="p4" srcActor="D0N7"/>
            <port dstActor="D0N46" name="p5" srcActor="D0N7"/>
            <port dstActor="D0N46" name="p6" srcActor="D0N40"/>
            <port dstActor="D0N43" name="p7" srcActor="D0N41"/>
            <port dstActor="D0N28" name="p8" srcActor="D0N0"/>
            <port dstActor="D0N2" name="p9" srcActor="D0N0"/>
            <port dstActor="D0N14" name="p10" srcActor="D0N0"/>
            <port dstActor="D0N32" name="p11" srcActor="D0N18"/>
            <port dstActor="D0N26" name="p12" srcActor="D0N18"/>
            <port dstActor="D0N30" name="p13" srcActor="D0N18"/>
            <port dstActor="D0N48" name="p14" srcActor="D0N33"/>
            <port dstActor="D0N44" name="p15" srcActor="D0N33"/>
            <port dstActor="D0N7" name="p16" srcActor="D0N3"/>
            <port dstActor="D0N10" name="p17" srcActor="D0N3"/>
            <port dstActor="D0N34" name="p18" srcActor="D0N3"/>
            <port dstActor="D0N25" name="p19" srcActor="D0N17"/>
            <port dstActor="D0N28" name="p20" srcActor="D0N17"/>
            <port dstActor="D0N20" name="p21" srcActor="D0N17"/>
            <port dstActor="D0N41" name="p22" srcActor="D0N17"/>
            <port dstActor="D0N37" name="p23" srcActor="D0N17"/>
            <port dstActor="D0N32" name="p24" srcActor="D0N22"/>
            <port dstActor="D0N44" name="p25" srcActor="D0N36"/>
            <port dstActor="D0N7" name="p26" srcActor="D0N6"/>
            <port dstActor="D0N29" name="p27" srcActor="D0N6"/>
            <port dstActor="D0N34" name="p28" srcActor="D0N15"/>
            <port dstActor="D0N48" name="p29" srcActor="D0N15"/>
            <port dstActor="D0N45" name="p30" srcActor="D0N32"/>
            <port dstActor="D0N37" name="p31" srcActor="D0N32"/>
            <port dstActor="D0N47" name="p32" srcActor="D0N46"/>
            <port dstActor="D0N32" name="p33" srcActor="D0N11"/>
            <port dstActor="D0N33" name="p34" srcActor="D0N11"/>
            <port dstActor="D0N20" name="p35" srcActor="D0N11"/>
            <port dstActor="D0N28" name="p36" srcActor="D0N11"/>
            <port dstActor="D0N31" name="p37" srcActor="D0N11"/>
            <port dstActor="D0N39" name="p38" srcActor="D0N11"/>
            <port dstActor="D0N33" name="p39" srcActor="D0N21"/>
            <port dstActor="D0N27" name="p40" srcActor="D0N21"/>
            <port dstActor="D0N47" name="p41" srcActor="D0N21"/>
            <port dstActor="D0N32" name="p42" srcActor="D0N21"/>
            <port dstActor="D0N46" name="p43" srcActor="D0N21"/>
            <port dstActor="D0N24" name="p44" srcActor="D0N20"/>
            <port dstActor="D0N47" name="p45" srcActor="D0N20"/>
            <port dstActor="D0N22" name="p46" srcActor="D0N20"/>
            <port dstActor="D0N28" name="p47" srcActor="D0N20"/>
            <port dstActor="D0N27" name="p48" srcActor="D0N20"/>
            <port dstActor="D0N32" name="p49" srcActor="D0N30"/>
            <port dstActor="D0N37" name="p50" srcActor="D0N28"/>
            <port dstActor="D0N36" name="p51" srcActor="D0N28"/>
            <port dstActor="D0N37" name="p52" srcActor="D0N26"/>
            <port dstActor="D0N28" name="p53" srcActor="D0N26"/>
            <port dstActor="D0N13" name="p54" srcActor="D0N10"/>
            <port dstActor="D0N34" name="p55" srcActor="D0N5"/>
            <port dstActor="D0N39" name="p56" srcActor="D0N5"/>
            <port dstActor="D0N9" name="p57" srcActor="D0N5"/>
            <port dstActor="D0N31" name="p58" srcActor="D0N5"/>
            <port dstActor="D0N38" name="p59" srcActor="D0N5"/>
            <port dstActor="D0N30" name="p60" srcActor="D0N5"/>
            <port dstActor="D0N22" name="p61" srcActor="D0N5"/>
            <port dstActor="D0N48" name="p62" srcActor="D0N37"/>
            <port dstActor="D0N32" name="p63" srcActor="D0N19"/>
            <port dstActor="D0N36" name="p64" srcActor="D0N19"/>
            <port dstActor="D0N30" name="p65" srcActor="D0N19"/>
            <port dstActor="D0N48" name="p66" srcActor="D0N19"/>
            <port dstActor="D0N33" name="p67" srcActor="D0N19"/>
            <port dstActor="D0N42" name="p68" srcActor="D0N34"/>
            <port dstActor="D0N39" name="p69" srcActor="D0N23"/>
            <port dstActor="D0N30" name="p70" srcActor="D0N23"/>
            <port dstActor="D0N29" name="p71" srcActor="D0N23"/>
            <port dstActor="D0N29" name="p72" srcActor="D0N9"/>
            <port dstActor="D0N31" name="p73" srcActor="D0N9"/>
            <port dstActor="D0N49" name="p74" srcActor="D0N9"/>
            <port dstActor="D0N27" name="p75" srcActor="D0N9"/>
            <port dstActor="D0N10" name="p76" srcActor="D0N2"/>
            <port dstActor="D0N35" name="p77" srcActor="D0N2"/>
            <port dstActor="D0N49" name="p78" srcActor="D0N2"/>
            <port dstActor="D0N11" name="p79" srcActor="D0N2"/>
            <port dstActor="D0N41" name="p80" srcActor="D0N2"/>
            <port dstActor="D0N4" name="p81" srcActor="D0N1"/>
            <port dstActor="D0N24" name="p82" srcActor="D0N1"/>
            <port dstActor="D0N40" name="p83" srcActor="D0N1"/>
            <port dstActor="D0N23" name="p84" srcActor="D0N1"/>
            <port dstActor="D0N47" name="p85" srcActor="D0N25"/>
            <port dstActor="D0N31" name="p86" srcActor="D0N25"/>
            <port dstActor="D0N36" name="p87" srcActor="D0N27"/>
            <port dstActor="D0N11" name="p88" srcActor="D0N4"/>
            <port dstActor="D0N46" name="p89" srcActor="D0N4"/>
            <port dstActor="D0N16" name="p90" srcActor="D0N4"/>
            <port dstActor="D0N26" name="p91" srcActor="D0N4"/>
            <port dstActor="D0N17" name="p92" srcActor="D0N4"/>
            <port dstActor="D0N15" name="p93" srcActor="D0N14"/>
            <port dstActor="D0N36" name="p94" srcActor="D0N14"/>
            <port dstActor="D0N31" name="p95" srcActor="D0N14"/>
            <port dstActor="D0N42" name="p96" srcActor="D0N14"/>
            <port dstActor="D0N37" name="p97" srcActor="D0N14"/>
            <port dstActor="D0N28" name="p98" srcActor="D0N14"/>
            <port dstActor="D0N46" name="p99" srcActor="D0N14"/>
            <port dstActor="D0N18" name="p100" srcActor="D0N16"/>
            <port dstActor="D0N49" name="p101" srcActor="D0N16"/>
            <port dstActor="D0N24" name="p102" srcActor="D0N16"/>
            <port dstActor="D0N28" name="p103" srcActor="D0N16"/>
            <port dstActor="D0N33" name="p104" srcActor="D0N16"/>
            <port dstActor="D0N29" name="p105" srcActor="D0N16"/>
            <port dstActor="D0N36" name="p106" srcActor="D0N35"/>
            <port dstActor="D0N42" name="p107" srcActor="D0N35"/>
            <port dstActor="D0N36" name="p108" srcActor="D0N8"/>
            <port dstActor="D0N45" name="p109" srcActor="D0N8"/>
            <port dstActor="D0N39" name="p110" srcActor="D0N8"/>
            <port dstActor="D0N18" name="p111" srcActor="D0N8"/>
            <port dstActor="D0N12" name="p112" srcActor="D0N8"/>
            <port dstActor="D0N42" name="p113" srcActor="D0N8"/>
            <port dstActor="D0N45" name="p114" srcActor="D0N13"/>
            <port dstActor="D0N14" name="p115" srcActor="D0N13"/>
            <port dstActor="D0N13" name="p116" srcActor="D0N12"/>
            <port dstActor="D0N45" name="p117" srcActor="D0N12"/>
            <port dstActor="D0N33" name="p118" srcActor="D0N12"/>
            <port dstActor="D0N49" name="p119" srcActor="D0N12"/>
        </ports>
    </mcdag>
    <cores number="3"/>
    <levels number="2"/>
</mcsystem>
