<?xml version="1.0" encoding="UTF-8" standalone="no"?>
<mcsystem>
    <mcdag deadline="1000" name="genned-0-ed-10.0-0">
        <actor name="D0N39">
            <wcet number="0">10</wcet>
            <wcet number="1">20</wcet>
            <maxpow number="0.5459506120217245"/>
            <maxpow number="0.5459506120217245"/>
            <fprob>0.0</fprob>
        </actor>
        <actor name="D0N8">
            <wcet number="0">30</wcet>
            <wcet number="1">60</wcet>
            <maxpow number="0.3496640273416177"/>
            <maxpow number="0.3496640273416177"/>
            <fprob>0.0</fprob>
        </actor>
        <actor name="D0N3">
            <wcet number="0">10</wcet>
            <wcet number="1">30</wcet>
            <maxpow number="0.7490630082553911"/>
            <maxpow number="0.7490630082553911"/>
            <fprob>0.0</fprob>
        </actor>
        <actor name="D0N15">
            <wcet number="0">10</wcet>
            <wcet number="1">10</wcet>
            <maxpow number="0.5799921421491763"/>
            <maxpow number="0.5799921421491763"/>
            <fprob>0.0</fprob>
        </actor>
        <actor name="D0N12">
            <wcet number="0">30</wcet>
            <wcet number="1">40</wcet>
            <maxpow number="0.2658515112138344"/>
            <maxpow number="0.2658515112138344"/>
            <fprob>0.0</fprob>
        </actor>
        <actor name="D0N43">
            <wcet number="0">10</wcet>
            <wcet number="1">30</wcet>
            <maxpow number="0.6617207047783806"/>
            <maxpow number="0.6617207047783806"/>
            <fprob>0.0</fprob>
        </actor>
        <actor name="D0N25">
            <wcet number="0">50</wcet>
            <wcet number="1">50</wcet>
            <maxpow number="0.6505872886933286"/>
            <maxpow number="0.6505872886933286"/>
            <fprob>0.0</fprob>
        </actor>
        <actor name="D0N4">
            <wcet number="0">10</wcet>
            <wcet number="1">60</wcet>
            <maxpow number="0.3413560544567703"/>
            <maxpow number="0.3413560544567703"/>
            <fprob>0.0</fprob>
        </actor>
        <actor name="D0N29">
            <wcet number="0">100</wcet>
            <wcet number="1">120</wcet>
            <maxpow number="0.4417600872554988"/>
            <maxpow number="0.4417600872554988"/>
            <fprob>0.0</fprob>
        </actor>
        <actor name="D0N22">
            <wcet number="0">10</wcet>
            <wcet number="1">70</wcet>
            <maxpow number="0.4344480128713206"/>
            <maxpow number="0.4344480128713206"/>
            <fprob>0.0</fprob>
        </actor>
        <actor name="D0N0">
            <wcet number="0">10</wcet>
            <wcet number="1">60</wcet>
            <maxpow number="0.5525638121561119"/>
            <maxpow number="0.5525638121561119"/>
            <fprob>0.0</fprob>
        </actor>
        <actor name="D0N23">
            <wcet number="0">20</wcet>
            <wcet number="1">30</wcet>
            <maxpow number="0.4690150205345339"/>
            <maxpow number="0.4690150205345339"/>
            <fprob>0.0</fprob>
        </actor>
        <actor name="D0N26">
            <wcet number="0">10</wcet>
            <wcet number="1">30</wcet>
            <maxpow number="0.7220171644219666"/>
            <maxpow number="0.7220171644219666"/>
            <fprob>0.0</fprob>
        </actor>
        <actor name="D0N17">
            <wcet number="0">10</wcet>
            <wcet number="1">20</wcet>
            <maxpow number="0.4203867678489952"/>
            <maxpow number="0.4203867678489952"/>
            <fprob>0.0</fprob>
        </actor>
        <actor name="D0N2">
            <wcet number="0">20</wcet>
            <wcet number="1">50</wcet>
            <maxpow number="0.5945776045632275"/>
            <maxpow number="0.5945776045632275"/>
            <fprob>0.0</fprob>
        </actor>
        <actor name="D0N38">
            <wcet number="0">110</wcet>
            <wcet number="1">120</wcet>
            <maxpow number="0.45590079627526525"/>
            <maxpow number="0.45590079627526525"/>
            <fprob>0.0</fprob>
        </actor>
        <actor name="D0N31">
            <wcet number="0">10</wcet>
            <wcet number="1">80</wcet>
            <maxpow number="0.6377814077121793"/>
            <maxpow number="0.6377814077121793"/>
            <fprob>0.0</fprob>
        </actor>
        <actor name="D0N40">
            <wcet number="0">20</wcet>
            <wcet number="1">30</wcet>
            <maxpow number="0.44226318290917077"/>
            <maxpow number="0.44226318290917077"/>
            <fprob>0.0</fprob>
        </actor>
        <actor name="D0N5">
            <wcet number="0">10</wcet>
            <wcet number="1">20</wcet>
            <maxpow number="0.42236199804730956"/>
            <maxpow number="0.42236199804730956"/>
            <fprob>0.0</fprob>
        </actor>
        <actor name="D0N32">
            <wcet number="0">170</wcet>
            <wcet number="1">220</wcet>
            <maxpow number="0.6155406911524682"/>
            <maxpow number="0.6155406911524682"/>
            <fprob>0.0</fprob>
        </actor>
        <actor name="D0N13">
            <wcet number="0">40</wcet>
            <wcet number="1">80</wcet>
            <maxpow number="0.0033160239795961832"/>
            <maxpow number="0.0033160239795961832"/>
            <fprob>0.0</fprob>
        </actor>
        <actor name="D0N37">
            <wcet number="0">30</wcet>
            <wcet number="1">80</wcet>
            <maxpow number="0.3611386568574283"/>
            <maxpow number="0.3611386568574283"/>
            <fprob>0.0</fprob>
        </actor>
        <actor name="D0N20">
            <wcet number="0">10</wcet>
            <wcet number="1">10</wcet>
            <maxpow number="0.6953279156186868"/>
            <maxpow number="0.6953279156186868"/>
            <fprob>0.0</fprob>
        </actor>
        <actor name="D0N41">
            <wcet number="0">10</wcet>
            <wcet number="1">40</wcet>
            <maxpow number="0.8095027350370774"/>
            <maxpow number="0.8095027350370774"/>
            <fprob>0.0</fprob>
        </actor>
        <actor name="D0N19">
            <wcet number="0">120</wcet>
            <wcet number="1">390</wcet>
            <maxpow number="0.7300897877304615"/>
            <maxpow number="0.7300897877304615"/>
            <fprob>0.0</fprob>
        </actor>
        <actor name="D0N42">
            <wcet number="0">90</wcet>
            <wcet number="1">120</wcet>
            <maxpow number="0.5319545546499468"/>
            <maxpow number="0.5319545546499468"/>
            <fprob>0.0</fprob>
        </actor>
        <actor name="D0N21">
            <wcet number="0">160</wcet>
            <wcet number="1">210</wcet>
            <maxpow number="0.30481587555069056"/>
            <maxpow number="0.30481587555069056"/>
            <fprob>0.0</fprob>
        </actor>
        <actor name="D0N18">
            <wcet number="0">20</wcet>
            <wcet number="1">30</wcet>
            <maxpow number="0.13578923774019375"/>
            <maxpow number="0.13578923774019375"/>
            <fprob>0.0</fprob>
        </actor>
        <actor name="D0N30">
            <wcet number="0">20</wcet>
            <wcet number="1">20</wcet>
            <maxpow number="0.6491561531815382"/>
            <maxpow number="0.6491561531815382"/>
            <fprob>0.0</fprob>
        </actor>
        <actor name="D0N14">
            <wcet number="0">20</wcet>
            <wcet number="1">30</wcet>
            <maxpow number="0.8158947430761336"/>
            <maxpow number="0.8158947430761336"/>
            <fprob>0.0</fprob>
        </actor>
        <actor name="D0N16">
            <wcet number="0">10</wcet>
            <wcet number="1">10</wcet>
            <maxpow number="0.169806493266899"/>
            <maxpow number="0.169806493266899"/>
            <fprob>0.0</fprob>
        </actor>
        <actor name="D0N28">
            <wcet number="0">30</wcet>
            <wcet number="1">30</wcet>
            <maxpow number="0.3535758611606724"/>
            <maxpow number="0.3535758611606724"/>
            <fprob>0.0</fprob>
        </actor>
        <actor name="D0N10">
            <wcet number="0">130</wcet>
            <wcet number="1">270</wcet>
            <maxpow number="0.7213034220122359"/>
            <maxpow number="0.7213034220122359"/>
            <fprob>0.0</fprob>
        </actor>
        <actor name="D0N11">
            <wcet number="0">10</wcet>
            <wcet number="1">50</wcet>
            <maxpow number="0.5270508228807628"/>
            <maxpow number="0.5270508228807628"/>
            <fprob>0.0</fprob>
        </actor>
        <actor name="D0N33">
            <wcet number="0">50</wcet>
            <wcet number="1">50</wcet>
            <maxpow number="0.5201107860184976"/>
            <maxpow number="0.5201107860184976"/>
            <fprob>0.0</fprob>
        </actor>
        <actor name="D0N35">
            <wcet number="0">20</wcet>
            <wcet number="1">30</wcet>
            <maxpow number="0.5933938956975957"/>
            <maxpow number="0.5933938956975957"/>
            <fprob>0.0</fprob>
        </actor>
        <actor name="D0N24">
            <wcet number="0">10</wcet>
            <wcet number="1">10</wcet>
            <maxpow number="0.4393929167321176"/>
            <maxpow number="0.4393929167321176"/>
            <fprob>0.0</fprob>
        </actor>
        <actor name="D0N6">
            <wcet number="0">40</wcet>
            <wcet number="1">40</wcet>
            <maxpow number="1.058682330073546"/>
            <maxpow number="1.058682330073546"/>
            <fprob>0.0</fprob>
        </actor>
        <actor name="D0N1">
            <wcet number="0">30</wcet>
            <wcet number="1">30</wcet>
            <maxpow number="0.3951028019804985"/>
            <maxpow number="0.3951028019804985"/>
            <fprob>0.0</fprob>
        </actor>
        <actor name="D0N9">
            <wcet number="0">10</wcet>
            <wcet number="1">40</wcet>
            <maxpow number="0.6274573882070191"/>
            <maxpow number="0.6274573882070191"/>
            <fprob>0.0</fprob>
        </actor>
        <actor name="D0N7">
            <wcet number="0">30</wcet>
            <wcet number="1">30</wcet>
            <maxpow number="0.7867175599045038"/>
            <maxpow number="0.7867175599045038"/>
            <fprob>0.0</fprob>
        </actor>
        <actor name="D0N27">
            <wcet number="0">20</wcet>
            <wcet number="1">80</wcet>
            <maxpow number="0.8117683218424662"/>
            <maxpow number="0.8117683218424662"/>
            <fprob>0.0</fprob>
        </actor>
        <actor name="D0N34">
            <wcet number="0">50</wcet>
            <wcet number="1">50</wcet>
            <maxpow number="0.3168289355394087"/>
            <maxpow number="0.3168289355394087"/>
            <fprob>0.0</fprob>
        </actor>
        <actor name="D0N36">
            <wcet number="0">20</wcet>
            <wcet number="1">20</wcet>
            <maxpow number="0.49206362436566964"/>
            <maxpow number="0.49206362436566964"/>
            <fprob>0.0</fprob>
        </actor>
        <ports>
            <port dstActor="D0N11" name="p0" srcActor="D0N8"/>
            <port dstActor="D0N32" name="p1" srcActor="D0N8"/>
            <port dstActor="D0N41" name="p2" srcActor="D0N8"/>
            <port dstActor="D0N26" name="p3" srcActor="D0N3"/>
            <port dstActor="D0N39" name="p4" srcActor="D0N3"/>
            <port dstActor="D0N9" name="p5" srcActor="D0N3"/>
            <port dstActor="D0N40" name="p6" srcActor="D0N3"/>
            <port dstActor="D0N41" name="p7" srcActor="D0N3"/>
            <port dstActor="D0N38" name="p8" srcActor="D0N15"/>
            <port dstActor="D0N20" name="p9" srcActor="D0N15"/>
            <port dstActor="D0N33" name="p10" srcActor="D0N15"/>
            <port dstActor="D0N41" name="p11" srcActor="D0N15"/>
            <port dstActor="D0N22" name="p12" srcActor="D0N15"/>
            <port dstActor="D0N17" name="p13" srcActor="D0N12"/>
            <port dstActor="D0N16" name="p14" srcActor="D0N12"/>
            <port dstActor="D0N14" name="p15" srcActor="D0N12"/>
            <port dstActor="D0N31" name="p16" srcActor="D0N25"/>
            <port dstActor="D0N35" name="p17" srcActor="D0N25"/>
            <port dstActor="D0N10" name="p18" srcActor="D0N4"/>
            <port dstActor="D0N18" name="p19" srcActor="D0N4"/>
            <port dstActor="D0N8" name="p20" srcActor="D0N4"/>
            <port dstActor="D0N27" name="p21" srcActor="D0N4"/>
            <port dstActor="D0N28" name="p22" srcActor="D0N4"/>
            <port dstActor="D0N30" name="p23" srcActor="D0N4"/>
            <port dstActor="D0N29" name="p24" srcActor="D0N4"/>
            <port dstActor="D0N38" name="p25" srcActor="D0N4"/>
            <port dstActor="D0N42" name="p26" srcActor="D0N22"/>
            <port dstActor="D0N39" name="p27" srcActor="D0N22"/>
            <port dstActor="D0N34" name="p28" srcActor="D0N22"/>
            <port dstActor="D0N34" name="p29" srcActor="D0N0"/>
            <port dstActor="D0N17" name="p30" srcActor="D0N0"/>
            <port dstActor="D0N32" name="p31" srcActor="D0N0"/>
            <port dstActor="D0N2" name="p32" srcActor="D0N0"/>
            <port dstActor="D0N42" name="p33" srcActor="D0N0"/>
            <port dstActor="D0N26" name="p34" srcActor="D0N23"/>
            <port dstActor="D0N43" name="p35" srcActor="D0N26"/>
            <port dstActor="D0N22" name="p36" srcActor="D0N17"/>
            <port dstActor="D0N22" name="p37" srcActor="D0N2"/>
            <port dstActor="D0N38" name="p38" srcActor="D0N2"/>
            <port dstActor="D0N35" name="p39" srcActor="D0N2"/>
            <port dstActor="D0N7" name="p40" srcActor="D0N2"/>
            <port dstActor="D0N9" name="p41" srcActor="D0N2"/>
            <port dstActor="D0N41" name="p42" srcActor="D0N38"/>
            <port dstActor="D0N35" name="p43" srcActor="D0N31"/>
            <port dstActor="D0N33" name="p44" srcActor="D0N5"/>
            <port dstActor="D0N17" name="p45" srcActor="D0N5"/>
            <port dstActor="D0N16" name="p46" srcActor="D0N5"/>
            <port dstActor="D0N18" name="p47" srcActor="D0N5"/>
            <port dstActor="D0N28" name="p48" srcActor="D0N5"/>
            <port dstActor="D0N38" name="p49" srcActor="D0N32"/>
            <port dstActor="D0N24" name="p50" srcActor="D0N13"/>
            <port dstActor="D0N23" name="p51" srcActor="D0N13"/>
            <port dstActor="D0N18" name="p52" srcActor="D0N13"/>
            <port dstActor="D0N20" name="p53" srcActor="D0N13"/>
            <port dstActor="D0N39" name="p54" srcActor="D0N37"/>
            <port dstActor="D0N34" name="p55" srcActor="D0N20"/>
            <port dstActor="D0N23" name="p56" srcActor="D0N20"/>
            <port dstActor="D0N40" name="p57" srcActor="D0N20"/>
            <port dstActor="D0N26" name="p58" srcActor="D0N20"/>
            <port dstActor="D0N33" name="p59" srcActor="D0N20"/>
            <port dstActor="D0N25" name="p60" srcActor="D0N19"/>
            <port dstActor="D0N34" name="p61" srcActor="D0N19"/>
            <port dstActor="D0N39" name="p62" srcActor="D0N18"/>
            <port dstActor="D0N19" name="p63" srcActor="D0N18"/>
            <port dstActor="D0N23" name="p64" srcActor="D0N14"/>
            <port dstActor="D0N32" name="p65" srcActor="D0N14"/>
            <port dstActor="D0N19" name="p66" srcActor="D0N14"/>
            <port dstActor="D0N40" name="p67" srcActor="D0N14"/>
            <port dstActor="D0N26" name="p68" srcActor="D0N16"/>
            <port dstActor="D0N38" name="p69" srcActor="D0N28"/>
            <port dstActor="D0N43" name="p70" srcActor="D0N10"/>
            <port dstActor="D0N26" name="p71" srcActor="D0N10"/>
            <port dstActor="D0N12" name="p72" srcActor="D0N10"/>
            <port dstActor="D0N27" name="p73" srcActor="D0N11"/>
            <port dstActor="D0N26" name="p74" srcActor="D0N11"/>
            <port dstActor="D0N16" name="p75" srcActor="D0N11"/>
            <port dstActor="D0N33" name="p76" srcActor="D0N11"/>
            <port dstActor="D0N43" name="p77" srcActor="D0N11"/>
            <port dstActor="D0N41" name="p78" srcActor="D0N35"/>
            <port dstActor="D0N36" name="p79" srcActor="D0N35"/>
            <port dstActor="D0N35" name="p80" srcActor="D0N24"/>
            <port dstActor="D0N31" name="p81" srcActor="D0N6"/>
            <port dstActor="D0N19" name="p82" srcActor="D0N6"/>
            <port dstActor="D0N18" name="p83" srcActor="D0N6"/>
            <port dstActor="D0N13" name="p84" srcActor="D0N1"/>
            <port dstActor="D0N2" name="p85" srcActor="D0N1"/>
            <port dstActor="D0N38" name="p86" srcActor="D0N1"/>
            <port dstActor="D0N25" name="p87" srcActor="D0N1"/>
            <port dstActor="D0N3" name="p88" srcActor="D0N1"/>
            <port dstActor="D0N41" name="p89" srcActor="D0N9"/>
            <port dstActor="D0N16" name="p90" srcActor="D0N9"/>
            <port dstActor="D0N43" name="p91" srcActor="D0N9"/>
            <port dstActor="D0N14" name="p92" srcActor="D0N7"/>
            <port dstActor="D0N41" name="p93" srcActor="D0N7"/>
            <port dstActor="D0N33" name="p94" srcActor="D0N7"/>
            <port dstActor="D0N9" name="p95" srcActor="D0N7"/>
            <port dstActor="D0N26" name="p96" srcActor="D0N7"/>
            <port dstActor="D0N15" name="p97" srcActor="D0N7"/>
            <port dstActor="D0N42" name="p98" srcActor="D0N7"/>
            <port dstActor="D0N36" name="p99" srcActor="D0N27"/>
            <port dstActor="D0N37" name="p100" srcActor="D0N34"/>
            <port dstActor="D0N36" name="p101" srcActor="D0N34"/>
        </ports>
    </mcdag>
    <cores number="3"/>
    <levels number="2"/>
</mcsystem>
