<?xml version="1.0" encoding="UTF-8" standalone="no"?>
<mcsystem>
    <mcdag deadline="5000" name="genned-0-ed-10.0-0">
        <actor name="D0N34">
            <wcet number="0">210</wcet>
            <wcet number="1">400</wcet>
            <maxpow number="0.30632283802642657"/>
            <maxpow number="0.30632283802642657"/>
            <fprob>0.0</fprob>
        </actor>
        <actor name="D0N3">
            <wcet number="0">30</wcet>
            <wcet number="1">100</wcet>
            <maxpow number="0.5417918574673959"/>
            <maxpow number="0.5417918574673959"/>
            <fprob>0.0</fprob>
        </actor>
        <actor name="D0N15">
            <wcet number="0">110</wcet>
            <wcet number="1">190</wcet>
            <maxpow number="0.20388289047826547"/>
            <maxpow number="0.20388289047826547"/>
            <fprob>0.0</fprob>
        </actor>
        <actor name="D0N1">
            <wcet number="0">10</wcet>
            <wcet number="1">110</wcet>
            <maxpow number="0.2671792895993768"/>
            <maxpow number="0.2671792895993768"/>
            <fprob>0.0</fprob>
        </actor>
        <actor name="D0N6">
            <wcet number="0">170</wcet>
            <wcet number="1">270</wcet>
            <maxpow number="0.2804814426989542"/>
            <maxpow number="0.2804814426989542"/>
            <fprob>0.0</fprob>
        </actor>
        <actor name="D0N36">
            <wcet number="0">20</wcet>
            <wcet number="1">80</wcet>
            <maxpow number="0.20509803493727846"/>
            <maxpow number="0.20509803493727846"/>
            <fprob>0.0</fprob>
        </actor>
        <actor name="D0N10">
            <wcet number="0">80</wcet>
            <wcet number="1">100</wcet>
            <maxpow number="0.6898024146227675"/>
            <maxpow number="0.6898024146227675"/>
            <fprob>0.0</fprob>
        </actor>
        <actor name="D0N2">
            <wcet number="0">210</wcet>
            <wcet number="1">440</wcet>
            <maxpow number="0.5451798608010987"/>
            <maxpow number="0.5451798608010987"/>
            <fprob>0.0</fprob>
        </actor>
        <actor name="D0N4">
            <wcet number="0">70</wcet>
            <wcet number="1">120</wcet>
            <maxpow number="0.5419766536753811"/>
            <maxpow number="0.5419766536753811"/>
            <fprob>0.0</fprob>
        </actor>
        <actor name="D0N13">
            <wcet number="0">20</wcet>
            <wcet number="1">30</wcet>
            <maxpow number="0.4192685598588833"/>
            <maxpow number="0.4192685598588833"/>
            <fprob>0.0</fprob>
        </actor>
        <actor name="D0N43">
            <wcet number="0">170</wcet>
            <wcet number="1">230</wcet>
            <maxpow number="0.4574752261727727"/>
            <maxpow number="0.4574752261727727"/>
            <fprob>0.0</fprob>
        </actor>
        <actor name="D0N23">
            <wcet number="0">80</wcet>
            <wcet number="1">150</wcet>
            <maxpow number="0.47630463413086144"/>
            <maxpow number="0.47630463413086144"/>
            <fprob>0.0</fprob>
        </actor>
        <actor name="D0N22">
            <wcet number="0">120</wcet>
            <wcet number="1">250</wcet>
            <maxpow number="0.9460191048847492"/>
            <maxpow number="0.9460191048847492"/>
            <fprob>0.0</fprob>
        </actor>
        <actor name="D0N27">
            <wcet number="0">470</wcet>
            <wcet number="1">730</wcet>
            <maxpow number="0.34374464407656313"/>
            <maxpow number="0.34374464407656313"/>
            <fprob>0.0</fprob>
        </actor>
        <actor name="D0N19">
            <wcet number="0">80</wcet>
            <wcet number="1">330</wcet>
            <maxpow number="0.4147082390990089"/>
            <maxpow number="0.4147082390990089"/>
            <fprob>0.0</fprob>
        </actor>
        <actor name="D0N47">
            <wcet number="0">70</wcet>
            <wcet number="1">100</wcet>
            <maxpow number="0.7930097743760355"/>
            <maxpow number="0.7930097743760355"/>
            <fprob>0.0</fprob>
        </actor>
        <actor name="D0N32">
            <wcet number="0">60</wcet>
            <wcet number="1">240</wcet>
            <maxpow number="0.25075513315312514"/>
            <maxpow number="0.25075513315312514"/>
            <fprob>0.0</fprob>
        </actor>
        <actor name="D0N7">
            <wcet number="0">230</wcet>
            <wcet number="1">270</wcet>
            <maxpow number="0.1191436724879652"/>
            <maxpow number="0.1191436724879652"/>
            <fprob>0.0</fprob>
        </actor>
        <actor name="D0N31">
            <wcet number="0">20</wcet>
            <wcet number="1">380</wcet>
            <maxpow number="0.46537156181940004"/>
            <maxpow number="0.46537156181940004"/>
            <fprob>0.0</fprob>
        </actor>
        <actor name="D0N46">
            <wcet number="0">120</wcet>
            <wcet number="1">320</wcet>
            <maxpow number="0.5827525879131217"/>
            <maxpow number="0.5827525879131217"/>
            <fprob>0.0</fprob>
        </actor>
        <actor name="D0N25">
            <wcet number="0">50</wcet>
            <wcet number="1">70</wcet>
            <maxpow number="0.43993963377627743"/>
            <maxpow number="0.43993963377627743"/>
            <fprob>0.0</fprob>
        </actor>
        <actor name="D0N39">
            <wcet number="0">20</wcet>
            <wcet number="1">30</wcet>
            <maxpow number="0.34357894936759037"/>
            <maxpow number="0.34357894936759037"/>
            <fprob>0.0</fprob>
        </actor>
        <actor name="D0N17">
            <wcet number="0">250</wcet>
            <wcet number="1">350</wcet>
            <maxpow number="0.6008634217848352"/>
            <maxpow number="0.6008634217848352"/>
            <fprob>0.0</fprob>
        </actor>
        <actor name="D0N18">
            <wcet number="0">40</wcet>
            <wcet number="1">130</wcet>
            <maxpow number="0.6982760406638334"/>
            <maxpow number="0.6982760406638334"/>
            <fprob>0.0</fprob>
        </actor>
        <actor name="D0N20">
            <wcet number="0">230</wcet>
            <wcet number="1">280</wcet>
            <maxpow number="0.8093668329650767"/>
            <maxpow number="0.8093668329650767"/>
            <fprob>0.0</fprob>
        </actor>
        <actor name="D0N14">
            <wcet number="0">380</wcet>
            <wcet number="1">580</wcet>
            <maxpow number="0.22052560485107847"/>
            <maxpow number="0.22052560485107847"/>
            <fprob>0.0</fprob>
        </actor>
        <actor name="D0N37">
            <wcet number="0">70</wcet>
            <wcet number="1">100</wcet>
            <maxpow number="0.5895862229590115"/>
            <maxpow number="0.5895862229590115"/>
            <fprob>0.0</fprob>
        </actor>
        <actor name="D0N38">
            <wcet number="0">10</wcet>
            <wcet number="1">10</wcet>
            <maxpow number="0.7477344701736456"/>
            <maxpow number="0.7477344701736456"/>
            <fprob>0.0</fprob>
        </actor>
        <actor name="D0N12">
            <wcet number="0">290</wcet>
            <wcet number="1">290</wcet>
            <maxpow number="0.44019583515379773"/>
            <maxpow number="0.44019583515379773"/>
            <fprob>0.0</fprob>
        </actor>
        <actor name="D0N45">
            <wcet number="0">60</wcet>
            <wcet number="1">70</wcet>
            <maxpow number="0.40657269367950466"/>
            <maxpow number="0.40657269367950466"/>
            <fprob>0.0</fprob>
        </actor>
        <actor name="D0N35">
            <wcet number="0">60</wcet>
            <wcet number="1">110</wcet>
            <maxpow number="0.26699614133076977"/>
            <maxpow number="0.26699614133076977"/>
            <fprob>0.0</fprob>
        </actor>
        <actor name="D0N11">
            <wcet number="0">50</wcet>
            <wcet number="1">410</wcet>
            <maxpow number="0.5256297587205738"/>
            <maxpow number="0.5256297587205738"/>
            <fprob>0.0</fprob>
        </actor>
        <actor name="D0N29">
            <wcet number="0">120</wcet>
            <wcet number="1">210</wcet>
            <maxpow number="0.9441719911470895"/>
            <maxpow number="0.9441719911470895"/>
            <fprob>0.0</fprob>
        </actor>
        <actor name="D0N30">
            <wcet number="0">30</wcet>
            <wcet number="1">60</wcet>
            <maxpow number="0.45196465016158915"/>
            <maxpow number="0.45196465016158915"/>
            <fprob>0.0</fprob>
        </actor>
        <actor name="D0N24">
            <wcet number="0">110</wcet>
            <wcet number="1">150</wcet>
            <maxpow number="0.837774548533206"/>
            <maxpow number="0.837774548533206"/>
            <fprob>0.0</fprob>
        </actor>
        <actor name="D0N9">
            <wcet number="0">90</wcet>
            <wcet number="1">350</wcet>
            <maxpow number="0.5611379464097079"/>
            <maxpow number="0.5611379464097079"/>
            <fprob>0.0</fprob>
        </actor>
        <actor name="D0N48">
            <wcet number="0">150</wcet>
            <wcet number="1">190</wcet>
            <maxpow number="0.5452921529426795"/>
            <maxpow number="0.5452921529426795"/>
            <fprob>0.0</fprob>
        </actor>
        <actor name="D0N41">
            <wcet number="0">30</wcet>
            <wcet number="1">50</wcet>
            <maxpow number="0.7447244373067552"/>
            <maxpow number="0.7447244373067552"/>
            <fprob>0.0</fprob>
        </actor>
        <actor name="D0N33">
            <wcet number="0">20</wcet>
            <wcet number="1">40</wcet>
            <maxpow number="0.5958999690463117"/>
            <maxpow number="0.5958999690463117"/>
            <fprob>0.0</fprob>
        </actor>
        <actor name="D0N0">
            <wcet number="0">90</wcet>
            <wcet number="1">120</wcet>
            <maxpow number="0.47078990696391904"/>
            <maxpow number="0.47078990696391904"/>
            <fprob>0.0</fprob>
        </actor>
        <actor name="D0N26">
            <wcet number="0">120</wcet>
            <wcet number="1">250</wcet>
            <maxpow number="0.4147091859379499"/>
            <maxpow number="0.4147091859379499"/>
            <fprob>0.0</fprob>
        </actor>
        <actor name="D0N49">
            <wcet number="0">20</wcet>
            <wcet number="1">130</wcet>
            <maxpow number="0.8866085788110151"/>
            <maxpow number="0.8866085788110151"/>
            <fprob>0.0</fprob>
        </actor>
        <actor name="D0N40">
            <wcet number="0">1100</wcet>
            <wcet number="1">1170</wcet>
            <maxpow number="0.6857988709659597"/>
            <maxpow number="0.6857988709659597"/>
            <fprob>0.0</fprob>
        </actor>
        <actor name="D0N8">
            <wcet number="0">140</wcet>
            <wcet number="1">500</wcet>
            <maxpow number="0.5704403178031042"/>
            <maxpow number="0.5704403178031042"/>
            <fprob>0.0</fprob>
        </actor>
        <actor name="D0N21">
            <wcet number="0">70</wcet>
            <wcet number="1">120</wcet>
            <maxpow number="0.5290052597183215"/>
            <maxpow number="0.5290052597183215"/>
            <fprob>0.0</fprob>
        </actor>
        <actor name="D0N16">
            <wcet number="0">220</wcet>
            <wcet number="1">430</wcet>
            <maxpow number="0.3971476696399326"/>
            <maxpow number="0.3971476696399326"/>
            <fprob>0.0</fprob>
        </actor>
        <actor name="D0N42">
            <wcet number="0">600</wcet>
            <wcet number="1">620</wcet>
            <maxpow number="0.6902395498321025"/>
            <maxpow number="0.6902395498321025"/>
            <fprob>0.0</fprob>
        </actor>
        <actor name="D0N5">
            <wcet number="0">30</wcet>
            <wcet number="1">70</wcet>
            <maxpow number="0.10399798064409249"/>
            <maxpow number="0.10399798064409249"/>
            <fprob>0.0</fprob>
        </actor>
        <actor name="D0N28">
            <wcet number="0">180</wcet>
            <wcet number="1">190</wcet>
            <maxpow number="0.5616705252516218"/>
            <maxpow number="0.5616705252516218"/>
            <fprob>0.0</fprob>
        </actor>
        <actor name="D0N44">
            <wcet number="0">60</wcet>
            <wcet number="1">80</wcet>
            <maxpow number="0.7297598853231295"/>
            <maxpow number="0.7297598853231295"/>
            <fprob>0.0</fprob>
        </actor>
        <ports>
            <port dstActor="D0N47" name="p0" srcActor="D0N34"/>
            <port dstActor="D0N35" name="p1" srcActor="D0N34"/>
            <port dstActor="D0N49" name="p2" srcActor="D0N3"/>
            <port dstActor="D0N44" name="p3" srcActor="D0N3"/>
            <port dstActor="D0N22" name="p4" srcActor="D0N15"/>
            <port dstActor="D0N19" name="p5" srcActor="D0N15"/>
            <port dstActor="D0N24" name="p6" srcActor="D0N15"/>
            <port dstActor="D0N39" name="p7" srcActor="D0N15"/>
            <port dstActor="D0N38" name="p8" srcActor="D0N15"/>
            <port dstActor="D0N16" name="p9" srcActor="D0N15"/>
            <port dstActor="D0N43" name="p10" srcActor="D0N1"/>
            <port dstActor="D0N26" name="p11" srcActor="D0N1"/>
            <port dstActor="D0N21" name="p12" srcActor="D0N1"/>
            <port dstActor="D0N39" name="p13" srcActor="D0N1"/>
            <port dstActor="D0N44" name="p14" srcActor="D0N6"/>
            <port dstActor="D0N45" name="p15" srcActor="D0N6"/>
            <port dstActor="D0N8" name="p16" srcActor="D0N6"/>
            <port dstActor="D0N39" name="p17" srcActor="D0N36"/>
            <port dstActor="D0N14" name="p18" srcActor="D0N10"/>
            <port dstActor="D0N39" name="p19" srcActor="D0N10"/>
            <port dstActor="D0N37" name="p20" srcActor="D0N2"/>
            <port dstActor="D0N48" name="p21" srcActor="D0N2"/>
            <port dstActor="D0N26" name="p22" srcActor="D0N4"/>
            <port dstActor="D0N5" name="p23" srcActor="D0N4"/>
            <port dstActor="D0N12" name="p24" srcActor="D0N4"/>
            <port dstActor="D0N22" name="p25" srcActor="D0N4"/>
            <port dstActor="D0N34" name="p26" srcActor="D0N13"/>
            <port dstActor="D0N22" name="p27" srcActor="D0N13"/>
            <port dstActor="D0N15" name="p28" srcActor="D0N13"/>
            <port dstActor="D0N47" name="p29" srcActor="D0N43"/>
            <port dstActor="D0N48" name="p30" srcActor="D0N43"/>
            <port dstActor="D0N45" name="p31" srcActor="D0N43"/>
            <port dstActor="D0N28" name="p32" srcActor="D0N23"/>
            <port dstActor="D0N46" name="p33" srcActor="D0N23"/>
            <port dstActor="D0N49" name="p34" srcActor="D0N23"/>
            <port dstActor="D0N26" name="p35" srcActor="D0N22"/>
            <port dstActor="D0N28" name="p36" srcActor="D0N22"/>
            <port dstActor="D0N39" name="p37" srcActor="D0N22"/>
            <port dstActor="D0N35" name="p38" srcActor="D0N22"/>
            <port dstActor="D0N33" name="p39" srcActor="D0N27"/>
            <port dstActor="D0N49" name="p40" srcActor="D0N27"/>
            <port dstActor="D0N42" name="p41" srcActor="D0N27"/>
            <port dstActor="D0N40" name="p42" srcActor="D0N27"/>
            <port dstActor="D0N28" name="p43" srcActor="D0N27"/>
            <port dstActor="D0N30" name="p44" srcActor="D0N19"/>
            <port dstActor="D0N27" name="p45" srcActor="D0N19"/>
            <port dstActor="D0N24" name="p46" srcActor="D0N19"/>
            <port dstActor="D0N31" name="p47" srcActor="D0N19"/>
            <port dstActor="D0N32" name="p48" srcActor="D0N19"/>
            <port dstActor="D0N39" name="p49" srcActor="D0N32"/>
            <port dstActor="D0N42" name="p50" srcActor="D0N32"/>
            <port dstActor="D0N26" name="p51" srcActor="D0N7"/>
            <port dstActor="D0N34" name="p52" srcActor="D0N7"/>
            <port dstActor="D0N10" name="p53" srcActor="D0N7"/>
            <port dstActor="D0N9" name="p54" srcActor="D0N7"/>
            <port dstActor="D0N37" name="p55" srcActor="D0N31"/>
            <port dstActor="D0N38" name="p56" srcActor="D0N25"/>
            <port dstActor="D0N43" name="p57" srcActor="D0N25"/>
            <port dstActor="D0N42" name="p58" srcActor="D0N39"/>
            <port dstActor="D0N46" name="p59" srcActor="D0N39"/>
            <port dstActor="D0N37" name="p60" srcActor="D0N17"/>
            <port dstActor="D0N48" name="p61" srcActor="D0N17"/>
            <port dstActor="D0N47" name="p62" srcActor="D0N17"/>
            <port dstActor="D0N28" name="p63" srcActor="D0N17"/>
            <port dstActor="D0N45" name="p64" srcActor="D0N17"/>
            <port dstActor="D0N44" name="p65" srcActor="D0N18"/>
            <port dstActor="D0N28" name="p66" srcActor="D0N18"/>
            <port dstActor="D0N42" name="p67" srcActor="D0N18"/>
            <port dstActor="D0N23" name="p68" srcActor="D0N20"/>
            <port dstActor="D0N33" name="p69" srcActor="D0N20"/>
            <port dstActor="D0N47" name="p70" srcActor="D0N20"/>
            <port dstActor="D0N46" name="p71" srcActor="D0N14"/>
            <port dstActor="D0N45" name="p72" srcActor="D0N14"/>
            <port dstActor="D0N20" name="p73" srcActor="D0N14"/>
            <port dstActor="D0N39" name="p74" srcActor="D0N14"/>
            <port dstActor="D0N25" name="p75" srcActor="D0N14"/>
            <port dstActor="D0N44" name="p76" srcActor="D0N37"/>
            <port dstActor="D0N43" name="p77" srcActor="D0N37"/>
            <port dstActor="D0N49" name="p78" srcActor="D0N37"/>
            <port dstActor="D0N42" name="p79" srcActor="D0N37"/>
            <port dstActor="D0N40" name="p80" srcActor="D0N38"/>
            <port dstActor="D0N39" name="p81" srcActor="D0N38"/>
            <port dstActor="D0N26" name="p82" srcActor="D0N12"/>
            <port dstActor="D0N47" name="p83" srcActor="D0N12"/>
            <port dstActor="D0N41" name="p84" srcActor="D0N12"/>
            <port dstActor="D0N25" name="p85" srcActor="D0N12"/>
            <port dstActor="D0N28" name="p86" srcActor="D0N12"/>
            <port dstActor="D0N48" name="p87" srcActor="D0N35"/>
            <port dstActor="D0N49" name="p88" srcActor="D0N35"/>
            <port dstActor="D0N28" name="p89" srcActor="D0N11"/>
            <port dstActor="D0N29" name="p90" srcActor="D0N11"/>
            <port dstActor="D0N48" name="p91" srcActor="D0N11"/>
            <port dstActor="D0N17" name="p92" srcActor="D0N11"/>
            <port dstActor="D0N23" name="p93" srcActor="D0N11"/>
            <port dstActor="D0N38" name="p94" srcActor="D0N29"/>
            <port dstActor="D0N48" name="p95" srcActor="D0N29"/>
            <port dstActor="D0N44" name="p96" srcActor="D0N30"/>
            <port dstActor="D0N45" name="p97" srcActor="D0N30"/>
            <port dstActor="D0N38" name="p98" srcActor="D0N24"/>
            <port dstActor="D0N43" name="p99" srcActor="D0N24"/>
            <port dstActor="D0N24" name="p100" srcActor="D0N9"/>
            <port dstActor="D0N17" name="p101" srcActor="D0N9"/>
            <port dstActor="D0N15" name="p102" srcActor="D0N9"/>
            <port dstActor="D0N10" name="p103" srcActor="D0N9"/>
            <port dstActor="D0N49" name="p104" srcActor="D0N48"/>
            <port dstActor="D0N44" name="p105" srcActor="D0N41"/>
            <port dstActor="D0N49" name="p106" srcActor="D0N33"/>
            <port dstActor="D0N21" name="p107" srcActor="D0N0"/>
            <port dstActor="D0N26" name="p108" srcActor="D0N0"/>
            <port dstActor="D0N11" name="p109" srcActor="D0N0"/>
            <port dstActor="D0N48" name="p110" srcActor="D0N0"/>
            <port dstActor="D0N28" name="p111" srcActor="D0N26"/>
            <port dstActor="D0N44" name="p112" srcActor="D0N26"/>
            <port dstActor="D0N46" name="p113" srcActor="D0N26"/>
            <port dstActor="D0N31" name="p114" srcActor="D0N26"/>
            <port dstActor="D0N40" name="p115" srcActor="D0N26"/>
            <port dstActor="D0N25" name="p116" srcActor="D0N8"/>
            <port dstActor="D0N11" name="p117" srcActor="D0N8"/>
            <port dstActor="D0N12" name="p118" srcActor="D0N8"/>
            <port dstActor="D0N23" name="p119" srcActor="D0N8"/>
            <port dstActor="D0N34" name="p120" srcActor="D0N8"/>
            <port dstActor="D0N46" name="p121" srcActor="D0N8"/>
            <port dstActor="D0N49" name="p122" srcActor="D0N21"/>
            <port dstActor="D0N27" name="p123" srcActor="D0N16"/>
            <port dstActor="D0N30" name="p124" srcActor="D0N16"/>
            <port dstActor="D0N48" name="p125" srcActor="D0N16"/>
            <port dstActor="D0N22" name="p126" srcActor="D0N16"/>
            <port dstActor="D0N31" name="p127" srcActor="D0N16"/>
            <port dstActor="D0N45" name="p128" srcActor="D0N42"/>
            <port dstActor="D0N49" name="p129" srcActor="D0N5"/>
            <port dstActor="D0N35" name="p130" srcActor="D0N5"/>
            <port dstActor="D0N14" name="p131" srcActor="D0N5"/>
            <port dstActor="D0N6" name="p132" srcActor="D0N5"/>
            <port dstActor="D0N46" name="p133" srcActor="D0N28"/>
            <port dstActor="D0N48" name="p134" srcActor="D0N28"/>
            <port dstActor="D0N29" name="p135" srcActor="D0N28"/>
            <port dstActor="D0N45" name="p136" srcActor="D0N28"/>
            <port dstActor="D0N33" name="p137" srcActor="D0N28"/>
            <port dstActor="D0N45" name="p138" srcActor="D0N44"/>
            <port dstActor="D0N48" name="p139" srcActor="D0N44"/>
        </ports>
    </mcdag>
    <cores number="3"/>
    <levels number="2"/>
</mcsystem>
