<?xml version="1.0" encoding="UTF-8" standalone="no"?>
<mcsystem>
    <mcdag deadline="1800" name="genned-0-ed-10.0-0">
        <actor name="D0N9">
            <wcet number="0">50</wcet>
            <wcet number="1">80</wcet>
            <maxpow number="0.5905666969936343"/>
            <maxpow number="0.5905666969936343"/>
            <fprob>0.0</fprob>
        </actor>
        <actor name="D0N3">
            <wcet number="0">90</wcet>
            <wcet number="1">100</wcet>
            <maxpow number="0.9065643005564064"/>
            <maxpow number="0.9065643005564064"/>
            <fprob>0.0</fprob>
        </actor>
        <actor name="D0N17">
            <wcet number="0">10</wcet>
            <wcet number="1">10</wcet>
            <maxpow number="0.479093410694413"/>
            <maxpow number="0.479093410694413"/>
            <fprob>0.0</fprob>
        </actor>
        <actor name="D0N40">
            <wcet number="0">10</wcet>
            <wcet number="1">310</wcet>
            <maxpow number="0.6698986311415767"/>
            <maxpow number="0.6698986311415767"/>
            <fprob>0.0</fprob>
        </actor>
        <actor name="D0N26">
            <wcet number="0">90</wcet>
            <wcet number="1">120</wcet>
            <maxpow number="0.8167259440134957"/>
            <maxpow number="0.8167259440134957"/>
            <fprob>0.0</fprob>
        </actor>
        <actor name="D0N32">
            <wcet number="0">20</wcet>
            <wcet number="1">40</wcet>
            <maxpow number="0.6267655830556321"/>
            <maxpow number="0.6267655830556321"/>
            <fprob>0.0</fprob>
        </actor>
        <actor name="D0N36">
            <wcet number="0">50</wcet>
            <wcet number="1">80</wcet>
            <maxpow number="0.8400244770181002"/>
            <maxpow number="0.8400244770181002"/>
            <fprob>0.0</fprob>
        </actor>
        <actor name="D0N0">
            <wcet number="0">10</wcet>
            <wcet number="1">10</wcet>
            <maxpow number="0.4881992372872979"/>
            <maxpow number="0.4881992372872979"/>
            <fprob>0.0</fprob>
        </actor>
        <actor name="D0N11">
            <wcet number="0">10</wcet>
            <wcet number="1">10</wcet>
            <maxpow number="0.5861684088158708"/>
            <maxpow number="0.5861684088158708"/>
            <fprob>0.0</fprob>
        </actor>
        <actor name="D0N27">
            <wcet number="0">70</wcet>
            <wcet number="1">110</wcet>
            <maxpow number="0.5245717972882519"/>
            <maxpow number="0.5245717972882519"/>
            <fprob>0.0</fprob>
        </actor>
        <actor name="D0N37">
            <wcet number="0">80</wcet>
            <wcet number="1">150</wcet>
            <maxpow number="0.5353082759901094"/>
            <maxpow number="0.5353082759901094"/>
            <fprob>0.0</fprob>
        </actor>
        <actor name="D0N5">
            <wcet number="0">40</wcet>
            <wcet number="1">70</wcet>
            <maxpow number="0.20175282008943513"/>
            <maxpow number="0.20175282008943513"/>
            <fprob>0.0</fprob>
        </actor>
        <actor name="D0N46">
            <wcet number="0">20</wcet>
            <wcet number="1">30</wcet>
            <maxpow number="0.5487567097943854"/>
            <maxpow number="0.5487567097943854"/>
            <fprob>0.0</fprob>
        </actor>
        <actor name="D0N33">
            <wcet number="0">80</wcet>
            <wcet number="1">210</wcet>
            <maxpow number="0.8639274196010491"/>
            <maxpow number="0.8639274196010491"/>
            <fprob>0.0</fprob>
        </actor>
        <actor name="D0N43">
            <wcet number="0">100</wcet>
            <wcet number="1">130</wcet>
            <maxpow number="0.20951244131860475"/>
            <maxpow number="0.20951244131860475"/>
            <fprob>0.0</fprob>
        </actor>
        <actor name="D0N7">
            <wcet number="0">10</wcet>
            <wcet number="1">10</wcet>
            <maxpow number="0.849841633869485"/>
            <maxpow number="0.849841633869485"/>
            <fprob>0.0</fprob>
        </actor>
        <actor name="D0N1">
            <wcet number="0">50</wcet>
            <wcet number="1">120</wcet>
            <maxpow number="0.5007529921666161"/>
            <maxpow number="0.5007529921666161"/>
            <fprob>0.0</fprob>
        </actor>
        <actor name="D0N29">
            <wcet number="0">20</wcet>
            <wcet number="1">30</wcet>
            <maxpow number="0.20620648976376527"/>
            <maxpow number="0.20620648976376527"/>
            <fprob>0.0</fprob>
        </actor>
        <actor name="D0N39">
            <wcet number="0">20</wcet>
            <wcet number="1">60</wcet>
            <maxpow number="0.49746896103413185"/>
            <maxpow number="0.49746896103413185"/>
            <fprob>0.0</fprob>
        </actor>
        <actor name="D0N41">
            <wcet number="0">30</wcet>
            <wcet number="1">50</wcet>
            <maxpow number="0.7255483740663753"/>
            <maxpow number="0.7255483740663753"/>
            <fprob>0.0</fprob>
        </actor>
        <actor name="D0N44">
            <wcet number="0">10</wcet>
            <wcet number="1">40</wcet>
            <maxpow number="0.5474271043431661"/>
            <maxpow number="0.5474271043431661"/>
            <fprob>0.0</fprob>
        </actor>
        <actor name="D0N2">
            <wcet number="0">50</wcet>
            <wcet number="1">80</wcet>
            <maxpow number="0.5177719083936029"/>
            <maxpow number="0.5177719083936029"/>
            <fprob>0.0</fprob>
        </actor>
        <actor name="D0N24">
            <wcet number="0">30</wcet>
            <wcet number="1">50</wcet>
            <maxpow number="0.7682102824718188"/>
            <maxpow number="0.7682102824718188"/>
            <fprob>0.0</fprob>
        </actor>
        <actor name="D0N20">
            <wcet number="0">140</wcet>
            <wcet number="1">240</wcet>
            <maxpow number="0.49261729341915766"/>
            <maxpow number="0.49261729341915766"/>
            <fprob>0.0</fprob>
        </actor>
        <actor name="D0N25">
            <wcet number="0">60</wcet>
            <wcet number="1">120</wcet>
            <maxpow number="0.5977374895963574"/>
            <maxpow number="0.5977374895963574"/>
            <fprob>0.0</fprob>
        </actor>
        <actor name="D0N18">
            <wcet number="0">50</wcet>
            <wcet number="1">50</wcet>
            <maxpow number="0.7780489299438279"/>
            <maxpow number="0.7780489299438279"/>
            <fprob>0.0</fprob>
        </actor>
        <actor name="D0N14">
            <wcet number="0">10</wcet>
            <wcet number="1">10</wcet>
            <maxpow number="0.7021290493370189"/>
            <maxpow number="0.7021290493370189"/>
            <fprob>0.0</fprob>
        </actor>
        <actor name="D0N22">
            <wcet number="0">20</wcet>
            <wcet number="1">30</wcet>
            <maxpow number="0.5781877431231125"/>
            <maxpow number="0.5781877431231125"/>
            <fprob>0.0</fprob>
        </actor>
        <actor name="D0N10">
            <wcet number="0">10</wcet>
            <wcet number="1">10</wcet>
            <maxpow number="0.36378223473020427"/>
            <maxpow number="0.36378223473020427"/>
            <fprob>0.0</fprob>
        </actor>
        <actor name="D0N38">
            <wcet number="0">20</wcet>
            <wcet number="1">120</wcet>
            <maxpow number="0.632872526316275"/>
            <maxpow number="0.632872526316275"/>
            <fprob>0.0</fprob>
        </actor>
        <actor name="D0N35">
            <wcet number="0">50</wcet>
            <wcet number="1">80</wcet>
            <maxpow number="0.6957706783781632"/>
            <maxpow number="0.6957706783781632"/>
            <fprob>0.0</fprob>
        </actor>
        <actor name="D0N34">
            <wcet number="0">20</wcet>
            <wcet number="1">20</wcet>
            <maxpow number="0.5345443638168984"/>
            <maxpow number="0.5345443638168984"/>
            <fprob>0.0</fprob>
        </actor>
        <actor name="D0N45">
            <wcet number="0">40</wcet>
            <wcet number="1">40</wcet>
            <maxpow number="0.747106810906821"/>
            <maxpow number="0.747106810906821"/>
            <fprob>0.0</fprob>
        </actor>
        <actor name="D0N4">
            <wcet number="0">70</wcet>
            <wcet number="1">100</wcet>
            <maxpow number="0.8665236879305684"/>
            <maxpow number="0.8665236879305684"/>
            <fprob>0.0</fprob>
        </actor>
        <actor name="D0N16">
            <wcet number="0">20</wcet>
            <wcet number="1">150</wcet>
            <maxpow number="0.8339817144661341"/>
            <maxpow number="0.8339817144661341"/>
            <fprob>0.0</fprob>
        </actor>
        <actor name="D0N12">
            <wcet number="0">70</wcet>
            <wcet number="1">70</wcet>
            <maxpow number="0.7278245035408533"/>
            <maxpow number="0.7278245035408533"/>
            <fprob>0.0</fprob>
        </actor>
        <actor name="D0N28">
            <wcet number="0">10</wcet>
            <wcet number="1">170</wcet>
            <maxpow number="0.711948066351907"/>
            <maxpow number="0.711948066351907"/>
            <fprob>0.0</fprob>
        </actor>
        <actor name="D0N6">
            <wcet number="0">20</wcet>
            <wcet number="1">70</wcet>
            <maxpow number="0.7533712434411637"/>
            <maxpow number="0.7533712434411637"/>
            <fprob>0.0</fprob>
        </actor>
        <actor name="D0N23">
            <wcet number="0">20</wcet>
            <wcet number="1">50</wcet>
            <maxpow number="0.6412608108315104"/>
            <maxpow number="0.6412608108315104"/>
            <fprob>0.0</fprob>
        </actor>
        <actor name="D0N42">
            <wcet number="0">10</wcet>
            <wcet number="1">10</wcet>
            <maxpow number="0.39402666975907596"/>
            <maxpow number="0.39402666975907596"/>
            <fprob>0.0</fprob>
        </actor>
        <actor name="D0N13">
            <wcet number="0">110</wcet>
            <wcet number="1">170</wcet>
            <maxpow number="0.43820282898402496"/>
            <maxpow number="0.43820282898402496"/>
            <fprob>0.0</fprob>
        </actor>
        <actor name="D0N47">
            <wcet number="0">10</wcet>
            <wcet number="1">20</wcet>
            <maxpow number="0.7857211409657259"/>
            <maxpow number="0.7857211409657259"/>
            <fprob>0.0</fprob>
        </actor>
        <actor name="D0N21">
            <wcet number="0">20</wcet>
            <wcet number="1">40</wcet>
            <maxpow number="0.6957929269366075"/>
            <maxpow number="0.6957929269366075"/>
            <fprob>0.0</fprob>
        </actor>
        <actor name="D0N30">
            <wcet number="0">120</wcet>
            <wcet number="1">120</wcet>
            <maxpow number="0.3033938349952646"/>
            <maxpow number="0.3033938349952646"/>
            <fprob>0.0</fprob>
        </actor>
        <actor name="D0N19">
            <wcet number="0">30</wcet>
            <wcet number="1">40</wcet>
            <maxpow number="0.34703303869699087"/>
            <maxpow number="0.34703303869699087"/>
            <fprob>0.0</fprob>
        </actor>
        <actor name="D0N15">
            <wcet number="0">40</wcet>
            <wcet number="1">40</wcet>
            <maxpow number="0.4544099592714839"/>
            <maxpow number="0.4544099592714839"/>
            <fprob>0.0</fprob>
        </actor>
        <actor name="D0N8">
            <wcet number="0">40</wcet>
            <wcet number="1">60</wcet>
            <maxpow number="0.6569408054359058"/>
            <maxpow number="0.6569408054359058"/>
            <fprob>0.0</fprob>
        </actor>
        <actor name="D0N31">
            <wcet number="0">50</wcet>
            <wcet number="1">50</wcet>
            <maxpow number="0.320538023652709"/>
            <maxpow number="0.320538023652709"/>
            <fprob>0.0</fprob>
        </actor>
        <ports>
            <port dstActor="D0N14" name="p0" srcActor="D0N9"/>
            <port dstActor="D0N31" name="p1" srcActor="D0N9"/>
            <port dstActor="D0N44" name="p2" srcActor="D0N9"/>
            <port dstActor="D0N35" name="p3" srcActor="D0N9"/>
            <port dstActor="D0N29" name="p4" srcActor="D0N3"/>
            <port dstActor="D0N30" name="p5" srcActor="D0N17"/>
            <port dstActor="D0N43" name="p6" srcActor="D0N17"/>
            <port dstActor="D0N28" name="p7" srcActor="D0N17"/>
            <port dstActor="D0N24" name="p8" srcActor="D0N17"/>
            <port dstActor="D0N39" name="p9" srcActor="D0N17"/>
            <port dstActor="D0N22" name="p10" srcActor="D0N17"/>
            <port dstActor="D0N27" name="p11" srcActor="D0N17"/>
            <port dstActor="D0N46" name="p12" srcActor="D0N32"/>
            <port dstActor="D0N37" name="p13" srcActor="D0N32"/>
            <port dstActor="D0N41" name="p14" srcActor="D0N0"/>
            <port dstActor="D0N2" name="p15" srcActor="D0N0"/>
            <port dstActor="D0N38" name="p16" srcActor="D0N0"/>
            <port dstActor="D0N17" name="p17" srcActor="D0N0"/>
            <port dstActor="D0N46" name="p18" srcActor="D0N11"/>
            <port dstActor="D0N27" name="p19" srcActor="D0N11"/>
            <port dstActor="D0N25" name="p20" srcActor="D0N11"/>
            <port dstActor="D0N47" name="p21" srcActor="D0N27"/>
            <port dstActor="D0N46" name="p22" srcActor="D0N27"/>
            <port dstActor="D0N39" name="p23" srcActor="D0N27"/>
            <port dstActor="D0N42" name="p24" srcActor="D0N27"/>
            <port dstActor="D0N41" name="p25" srcActor="D0N37"/>
            <port dstActor="D0N37" name="p26" srcActor="D0N5"/>
            <port dstActor="D0N28" name="p27" srcActor="D0N5"/>
            <port dstActor="D0N37" name="p28" srcActor="D0N33"/>
            <port dstActor="D0N40" name="p29" srcActor="D0N33"/>
            <port dstActor="D0N44" name="p30" srcActor="D0N33"/>
            <port dstActor="D0N16" name="p31" srcActor="D0N7"/>
            <port dstActor="D0N29" name="p32" srcActor="D0N7"/>
            <port dstActor="D0N36" name="p33" srcActor="D0N7"/>
            <port dstActor="D0N19" name="p34" srcActor="D0N1"/>
            <port dstActor="D0N13" name="p35" srcActor="D0N1"/>
            <port dstActor="D0N36" name="p36" srcActor="D0N29"/>
            <port dstActor="D0N32" name="p37" srcActor="D0N29"/>
            <port dstActor="D0N43" name="p38" srcActor="D0N39"/>
            <port dstActor="D0N45" name="p39" srcActor="D0N39"/>
            <port dstActor="D0N46" name="p40" srcActor="D0N44"/>
            <port dstActor="D0N29" name="p41" srcActor="D0N2"/>
            <port dstActor="D0N10" name="p42" srcActor="D0N2"/>
            <port dstActor="D0N8" name="p43" srcActor="D0N2"/>
            <port dstActor="D0N17" name="p44" srcActor="D0N2"/>
            <port dstActor="D0N31" name="p45" srcActor="D0N24"/>
            <port dstActor="D0N45" name="p46" srcActor="D0N24"/>
            <port dstActor="D0N21" name="p47" srcActor="D0N20"/>
            <port dstActor="D0N31" name="p48" srcActor="D0N20"/>
            <port dstActor="D0N38" name="p49" srcActor="D0N20"/>
            <port dstActor="D0N41" name="p50" srcActor="D0N20"/>
            <port dstActor="D0N30" name="p51" srcActor="D0N20"/>
            <port dstActor="D0N23" name="p52" srcActor="D0N20"/>
            <port dstActor="D0N26" name="p53" srcActor="D0N25"/>
            <port dstActor="D0N28" name="p54" srcActor="D0N25"/>
            <port dstActor="D0N22" name="p55" srcActor="D0N18"/>
            <port dstActor="D0N26" name="p56" srcActor="D0N18"/>
            <port dstActor="D0N38" name="p57" srcActor="D0N14"/>
            <port dstActor="D0N20" name="p58" srcActor="D0N14"/>
            <port dstActor="D0N16" name="p59" srcActor="D0N14"/>
            <port dstActor="D0N21" name="p60" srcActor="D0N14"/>
            <port dstActor="D0N47" name="p61" srcActor="D0N10"/>
            <port dstActor="D0N35" name="p62" srcActor="D0N10"/>
            <port dstActor="D0N42" name="p63" srcActor="D0N10"/>
            <port dstActor="D0N18" name="p64" srcActor="D0N10"/>
            <port dstActor="D0N27" name="p65" srcActor="D0N10"/>
            <port dstActor="D0N43" name="p66" srcActor="D0N38"/>
            <port dstActor="D0N41" name="p67" srcActor="D0N38"/>
            <port dstActor="D0N45" name="p68" srcActor="D0N38"/>
            <port dstActor="D0N41" name="p69" srcActor="D0N35"/>
            <port dstActor="D0N47" name="p70" srcActor="D0N45"/>
            <port dstActor="D0N7" name="p71" srcActor="D0N4"/>
            <port dstActor="D0N9" name="p72" srcActor="D0N4"/>
            <port dstActor="D0N22" name="p73" srcActor="D0N4"/>
            <port dstActor="D0N38" name="p74" srcActor="D0N4"/>
            <port dstActor="D0N27" name="p75" srcActor="D0N4"/>
            <port dstActor="D0N30" name="p76" srcActor="D0N16"/>
            <port dstActor="D0N44" name="p77" srcActor="D0N16"/>
            <port dstActor="D0N33" name="p78" srcActor="D0N16"/>
            <port dstActor="D0N29" name="p79" srcActor="D0N16"/>
            <port dstActor="D0N27" name="p80" srcActor="D0N16"/>
            <port dstActor="D0N13" name="p81" srcActor="D0N12"/>
            <port dstActor="D0N42" name="p82" srcActor="D0N12"/>
            <port dstActor="D0N25" name="p83" srcActor="D0N12"/>
            <port dstActor="D0N44" name="p84" srcActor="D0N28"/>
            <port dstActor="D0N39" name="p85" srcActor="D0N28"/>
            <port dstActor="D0N37" name="p86" srcActor="D0N6"/>
            <port dstActor="D0N42" name="p87" srcActor="D0N23"/>
            <port dstActor="D0N47" name="p88" srcActor="D0N42"/>
            <port dstActor="D0N46" name="p89" srcActor="D0N42"/>
            <port dstActor="D0N21" name="p90" srcActor="D0N13"/>
            <port dstActor="D0N24" name="p91" srcActor="D0N13"/>
            <port dstActor="D0N26" name="p92" srcActor="D0N13"/>
            <port dstActor="D0N32" name="p93" srcActor="D0N13"/>
            <port dstActor="D0N38" name="p94" srcActor="D0N21"/>
            <port dstActor="D0N40" name="p95" srcActor="D0N21"/>
            <port dstActor="D0N47" name="p96" srcActor="D0N30"/>
            <port dstActor="D0N36" name="p97" srcActor="D0N30"/>
            <port dstActor="D0N23" name="p98" srcActor="D0N19"/>
            <port dstActor="D0N32" name="p99" srcActor="D0N15"/>
            <port dstActor="D0N36" name="p100" srcActor="D0N15"/>
            <port dstActor="D0N35" name="p101" srcActor="D0N15"/>
            <port dstActor="D0N29" name="p102" srcActor="D0N8"/>
            <port dstActor="D0N23" name="p103" srcActor="D0N8"/>
            <port dstActor="D0N32" name="p104" srcActor="D0N8"/>
            <port dstActor="D0N9" name="p105" srcActor="D0N8"/>
            <port dstActor="D0N46" name="p106" srcActor="D0N8"/>
            <port dstActor="D0N41" name="p107" srcActor="D0N8"/>
            <port dstActor="D0N14" name="p108" srcActor="D0N8"/>
            <port dstActor="D0N36" name="p109" srcActor="D0N8"/>
            <port dstActor="D0N33" name="p110" srcActor="D0N8"/>
            <port dstActor="D0N47" name="p111" srcActor="D0N31"/>
            <port dstActor="D0N46" name="p112" srcActor="D0N31"/>
        </ports>
    </mcdag>
    <cores number="3"/>
    <levels number="2"/>
</mcsystem>
