<?xml version="1.0" encoding="UTF-8" standalone="no"?>
<mcsystem>
    <mcdag deadline="1200" name="genned-0-ed-10.0-0">
        <actor name="D0N21">
            <wcet number="0">10</wcet>
            <wcet number="1">10</wcet>
            <maxpow number="0.623220064644219"/>
            <maxpow number="0.623220064644219"/>
            <fprob>0.0</fprob>
        </actor>
        <actor name="D0N25">
            <wcet number="0">20</wcet>
            <wcet number="1">20</wcet>
            <maxpow number="0.44213927108560724"/>
            <maxpow number="0.44213927108560724"/>
            <fprob>0.0</fprob>
        </actor>
        <actor name="D0N37">
            <wcet number="0">40</wcet>
            <wcet number="1">60</wcet>
            <maxpow number="0.711068007351022"/>
            <maxpow number="0.711068007351022"/>
            <fprob>0.0</fprob>
        </actor>
        <actor name="D0N10">
            <wcet number="0">100</wcet>
            <wcet number="1">120</wcet>
            <maxpow number="0.3778812223667327"/>
            <maxpow number="0.3778812223667327"/>
            <fprob>0.0</fprob>
        </actor>
        <actor name="D0N24">
            <wcet number="0">70</wcet>
            <wcet number="1">80</wcet>
            <maxpow number="0.5496578059893128"/>
            <maxpow number="0.5496578059893128"/>
            <fprob>0.0</fprob>
        </actor>
        <actor name="D0N17">
            <wcet number="0">20</wcet>
            <wcet number="1">50</wcet>
            <maxpow number="0.41366751250478523"/>
            <maxpow number="0.41366751250478523"/>
            <fprob>0.0</fprob>
        </actor>
        <actor name="D0N12">
            <wcet number="0">40</wcet>
            <wcet number="1">50</wcet>
            <maxpow number="0.6339782407984899"/>
            <maxpow number="0.6339782407984899"/>
            <fprob>0.0</fprob>
        </actor>
        <actor name="D0N16">
            <wcet number="0">10</wcet>
            <wcet number="1">40</wcet>
            <maxpow number="0.6693234153442001"/>
            <maxpow number="0.6693234153442001"/>
            <fprob>0.0</fprob>
        </actor>
        <actor name="D0N33">
            <wcet number="0">40</wcet>
            <wcet number="1">80</wcet>
            <maxpow number="0.9983652067576703"/>
            <maxpow number="0.9983652067576703"/>
            <fprob>0.0</fprob>
        </actor>
        <actor name="D0N39">
            <wcet number="0">20</wcet>
            <wcet number="1">50</wcet>
            <maxpow number="0.5477543816880011"/>
            <maxpow number="0.5477543816880011"/>
            <fprob>0.0</fprob>
        </actor>
        <actor name="D0N18">
            <wcet number="0">30</wcet>
            <wcet number="1">60</wcet>
            <maxpow number="0.6424818762322495"/>
            <maxpow number="0.6424818762322495"/>
            <fprob>0.0</fprob>
        </actor>
        <actor name="D0N44">
            <wcet number="0">40</wcet>
            <wcet number="1">50</wcet>
            <maxpow number="0.6531198856748567"/>
            <maxpow number="0.6531198856748567"/>
            <fprob>0.0</fprob>
        </actor>
        <actor name="D0N30">
            <wcet number="0">10</wcet>
            <wcet number="1">10</wcet>
            <maxpow number="0.5841279877176866"/>
            <maxpow number="0.5841279877176866"/>
            <fprob>0.0</fprob>
        </actor>
        <actor name="D0N13">
            <wcet number="0">130</wcet>
            <wcet number="1">130</wcet>
            <maxpow number="0.7403649266985299"/>
            <maxpow number="0.7403649266985299"/>
            <fprob>0.0</fprob>
        </actor>
        <actor name="D0N15">
            <wcet number="0">20</wcet>
            <wcet number="1">160</wcet>
            <maxpow number="0.13809392584329455"/>
            <maxpow number="0.13809392584329455"/>
            <fprob>0.0</fprob>
        </actor>
        <actor name="D0N45">
            <wcet number="0">10</wcet>
            <wcet number="1">20</wcet>
            <maxpow number="0.836182846505162"/>
            <maxpow number="0.836182846505162"/>
            <fprob>0.0</fprob>
        </actor>
        <actor name="D0N5">
            <wcet number="0">10</wcet>
            <wcet number="1">10</wcet>
            <maxpow number="0.7704617796097983"/>
            <maxpow number="0.7704617796097983"/>
            <fprob>0.0</fprob>
        </actor>
        <actor name="D0N28">
            <wcet number="0">10</wcet>
            <wcet number="1">10</wcet>
            <maxpow number="0.691417158987967"/>
            <maxpow number="0.691417158987967"/>
            <fprob>0.0</fprob>
        </actor>
        <actor name="D0N34">
            <wcet number="0">10</wcet>
            <wcet number="1">10</wcet>
            <maxpow number="0.8201361122248783"/>
            <maxpow number="0.8201361122248783"/>
            <fprob>0.0</fprob>
        </actor>
        <actor name="D0N41">
            <wcet number="0">20</wcet>
            <wcet number="1">20</wcet>
            <maxpow number="0.5707613126186973"/>
            <maxpow number="0.5707613126186973"/>
            <fprob>0.0</fprob>
        </actor>
        <actor name="D0N20">
            <wcet number="0">30</wcet>
            <wcet number="1">30</wcet>
            <maxpow number="0.554495313798176"/>
            <maxpow number="0.554495313798176"/>
            <fprob>0.0</fprob>
        </actor>
        <actor name="D0N38">
            <wcet number="0">50</wcet>
            <wcet number="1">200</wcet>
            <maxpow number="0.5624800082106909"/>
            <maxpow number="0.5624800082106909"/>
            <fprob>0.0</fprob>
        </actor>
        <actor name="D0N27">
            <wcet number="0">10</wcet>
            <wcet number="1">70</wcet>
            <maxpow number="0.7774451360064685"/>
            <maxpow number="0.7774451360064685"/>
            <fprob>0.0</fprob>
        </actor>
        <actor name="D0N7">
            <wcet number="0">30</wcet>
            <wcet number="1">40</wcet>
            <maxpow number="0.0631899154539401"/>
            <maxpow number="0.0631899154539401"/>
            <fprob>0.0</fprob>
        </actor>
        <actor name="D0N9">
            <wcet number="0">20</wcet>
            <wcet number="1">20</wcet>
            <maxpow number="0.5979304099524259"/>
            <maxpow number="0.5979304099524259"/>
            <fprob>0.0</fprob>
        </actor>
        <actor name="D0N4">
            <wcet number="0">10</wcet>
            <wcet number="1">20</wcet>
            <maxpow number="0.368899659791341"/>
            <maxpow number="0.368899659791341"/>
            <fprob>0.0</fprob>
        </actor>
        <actor name="D0N22">
            <wcet number="0">20</wcet>
            <wcet number="1">30</wcet>
            <maxpow number="0.6657750416898668"/>
            <maxpow number="0.6657750416898668"/>
            <fprob>0.0</fprob>
        </actor>
        <actor name="D0N19">
            <wcet number="0">110</wcet>
            <wcet number="1">120</wcet>
            <maxpow number="0.857263574416735"/>
            <maxpow number="0.857263574416735"/>
            <fprob>0.0</fprob>
        </actor>
        <actor name="D0N26">
            <wcet number="0">20</wcet>
            <wcet number="1">30</wcet>
            <maxpow number="0.05698702821304852"/>
            <maxpow number="0.05698702821304852"/>
            <fprob>0.0</fprob>
        </actor>
        <actor name="D0N23">
            <wcet number="0">10</wcet>
            <wcet number="1">10</wcet>
            <maxpow number="0.6177977882388963"/>
            <maxpow number="0.6177977882388963"/>
            <fprob>0.0</fprob>
        </actor>
        <actor name="D0N36">
            <wcet number="0">10</wcet>
            <wcet number="1">10</wcet>
            <maxpow number="0.3869398470421408"/>
            <maxpow number="0.3869398470421408"/>
            <fprob>0.0</fprob>
        </actor>
        <actor name="D0N40">
            <wcet number="0">10</wcet>
            <wcet number="1">10</wcet>
            <maxpow number="0.6044134318250372"/>
            <maxpow number="0.6044134318250372"/>
            <fprob>0.0</fprob>
        </actor>
        <actor name="D0N42">
            <wcet number="0">20</wcet>
            <wcet number="1">40</wcet>
            <maxpow number="0.36176410560063843"/>
            <maxpow number="0.36176410560063843"/>
            <fprob>0.0</fprob>
        </actor>
        <actor name="D0N29">
            <wcet number="0">140</wcet>
            <wcet number="1">210</wcet>
            <maxpow number="0.38312492464946113"/>
            <maxpow number="0.38312492464946113"/>
            <fprob>0.0</fprob>
        </actor>
        <actor name="D0N43">
            <wcet number="0">10</wcet>
            <wcet number="1">10</wcet>
            <maxpow number="0.4748682884567851"/>
            <maxpow number="0.4748682884567851"/>
            <fprob>0.0</fprob>
        </actor>
        <actor name="D0N46">
            <wcet number="0">10</wcet>
            <wcet number="1">10</wcet>
            <maxpow number="0.4832141879673249"/>
            <maxpow number="0.4832141879673249"/>
            <fprob>0.0</fprob>
        </actor>
        <actor name="D0N1">
            <wcet number="0">50</wcet>
            <wcet number="1">60</wcet>
            <maxpow number="0.6889746006440188"/>
            <maxpow number="0.6889746006440188"/>
            <fprob>0.0</fprob>
        </actor>
        <actor name="D0N8">
            <wcet number="0">60</wcet>
            <wcet number="1">70</wcet>
            <maxpow number="0.5723938401072043"/>
            <maxpow number="0.5723938401072043"/>
            <fprob>0.0</fprob>
        </actor>
        <actor name="D0N14">
            <wcet number="0">10</wcet>
            <wcet number="1">20</wcet>
            <maxpow number="0.653668132547478"/>
            <maxpow number="0.653668132547478"/>
            <fprob>0.0</fprob>
        </actor>
        <actor name="D0N0">
            <wcet number="0">30</wcet>
            <wcet number="1">70</wcet>
            <maxpow number="0.6056177521157227"/>
            <maxpow number="0.6056177521157227"/>
            <fprob>0.0</fprob>
        </actor>
        <actor name="D0N3">
            <wcet number="0">10</wcet>
            <wcet number="1">10</wcet>
            <maxpow number="0.611969904020839"/>
            <maxpow number="0.611969904020839"/>
            <fprob>0.0</fprob>
        </actor>
        <actor name="D0N32">
            <wcet number="0">10</wcet>
            <wcet number="1">10</wcet>
            <maxpow number="0.49260829771879816"/>
            <maxpow number="0.49260829771879816"/>
            <fprob>0.0</fprob>
        </actor>
        <actor name="D0N6">
            <wcet number="0">50</wcet>
            <wcet number="1">150</wcet>
            <maxpow number="0.637215293727044"/>
            <maxpow number="0.637215293727044"/>
            <fprob>0.0</fprob>
        </actor>
        <actor name="D0N35">
            <wcet number="0">30</wcet>
            <wcet number="1">120</wcet>
            <maxpow number="0.5473837051773623"/>
            <maxpow number="0.5473837051773623"/>
            <fprob>0.0</fprob>
        </actor>
        <actor name="D0N31">
            <wcet number="0">60</wcet>
            <wcet number="1">100</wcet>
            <maxpow number="0.27889492965417506"/>
            <maxpow number="0.27889492965417506"/>
            <fprob>0.0</fprob>
        </actor>
        <actor name="D0N2">
            <wcet number="0">40</wcet>
            <wcet number="1">90</wcet>
            <maxpow number="0.4577348467534463"/>
            <maxpow number="0.4577348467534463"/>
            <fprob>0.0</fprob>
        </actor>
        <actor name="D0N11">
            <wcet number="0">100</wcet>
            <wcet number="1">160</wcet>
            <maxpow number="0.56926620305696"/>
            <maxpow number="0.56926620305696"/>
            <fprob>0.0</fprob>
        </actor>
        <ports>
            <port dstActor="D0N33" name="p0" srcActor="D0N21"/>
            <port dstActor="D0N40" name="p1" srcActor="D0N21"/>
            <port dstActor="D0N44" name="p2" srcActor="D0N21"/>
            <port dstActor="D0N39" name="p3" srcActor="D0N25"/>
            <port dstActor="D0N44" name="p4" srcActor="D0N25"/>
            <port dstActor="D0N44" name="p5" srcActor="D0N10"/>
            <port dstActor="D0N35" name="p6" srcActor="D0N10"/>
            <port dstActor="D0N25" name="p7" srcActor="D0N24"/>
            <port dstActor="D0N35" name="p8" srcActor="D0N24"/>
            <port dstActor="D0N28" name="p9" srcActor="D0N17"/>
            <port dstActor="D0N30" name="p10" srcActor="D0N17"/>
            <port dstActor="D0N43" name="p11" srcActor="D0N17"/>
            <port dstActor="D0N44" name="p12" srcActor="D0N12"/>
            <port dstActor="D0N18" name="p13" srcActor="D0N12"/>
            <port dstActor="D0N31" name="p14" srcActor="D0N12"/>
            <port dstActor="D0N24" name="p15" srcActor="D0N16"/>
            <port dstActor="D0N43" name="p16" srcActor="D0N16"/>
            <port dstActor="D0N42" name="p17" srcActor="D0N33"/>
            <port dstActor="D0N44" name="p18" srcActor="D0N33"/>
            <port dstActor="D0N41" name="p19" srcActor="D0N18"/>
            <port dstActor="D0N46" name="p20" srcActor="D0N18"/>
            <port dstActor="D0N44" name="p21" srcActor="D0N18"/>
            <port dstActor="D0N29" name="p22" srcActor="D0N18"/>
            <port dstActor="D0N30" name="p23" srcActor="D0N18"/>
            <port dstActor="D0N36" name="p24" srcActor="D0N30"/>
            <port dstActor="D0N46" name="p25" srcActor="D0N13"/>
            <port dstActor="D0N42" name="p26" srcActor="D0N13"/>
            <port dstActor="D0N32" name="p27" srcActor="D0N13"/>
            <port dstActor="D0N36" name="p28" srcActor="D0N13"/>
            <port dstActor="D0N17" name="p29" srcActor="D0N15"/>
            <port dstActor="D0N20" name="p30" srcActor="D0N15"/>
            <port dstActor="D0N43" name="p31" srcActor="D0N15"/>
            <port dstActor="D0N18" name="p32" srcActor="D0N15"/>
            <port dstActor="D0N10" name="p33" srcActor="D0N5"/>
            <port dstActor="D0N17" name="p34" srcActor="D0N5"/>
            <port dstActor="D0N6" name="p35" srcActor="D0N5"/>
            <port dstActor="D0N11" name="p36" srcActor="D0N5"/>
            <port dstActor="D0N9" name="p37" srcActor="D0N5"/>
            <port dstActor="D0N40" name="p38" srcActor="D0N34"/>
            <port dstActor="D0N38" name="p39" srcActor="D0N34"/>
            <port dstActor="D0N43" name="p40" srcActor="D0N41"/>
            <port dstActor="D0N36" name="p41" srcActor="D0N20"/>
            <port dstActor="D0N26" name="p42" srcActor="D0N20"/>
            <port dstActor="D0N37" name="p43" srcActor="D0N27"/>
            <port dstActor="D0N38" name="p44" srcActor="D0N7"/>
            <port dstActor="D0N33" name="p45" srcActor="D0N7"/>
            <port dstActor="D0N10" name="p46" srcActor="D0N9"/>
            <port dstActor="D0N24" name="p47" srcActor="D0N9"/>
            <port dstActor="D0N43" name="p48" srcActor="D0N9"/>
            <port dstActor="D0N42" name="p49" srcActor="D0N9"/>
            <port dstActor="D0N38" name="p50" srcActor="D0N4"/>
            <port dstActor="D0N45" name="p51" srcActor="D0N4"/>
            <port dstActor="D0N40" name="p52" srcActor="D0N4"/>
            <port dstActor="D0N30" name="p53" srcActor="D0N22"/>
            <port dstActor="D0N27" name="p54" srcActor="D0N22"/>
            <port dstActor="D0N29" name="p55" srcActor="D0N22"/>
            <port dstActor="D0N21" name="p56" srcActor="D0N19"/>
            <port dstActor="D0N27" name="p57" srcActor="D0N19"/>
            <port dstActor="D0N37" name="p58" srcActor="D0N19"/>
            <port dstActor="D0N40" name="p59" srcActor="D0N26"/>
            <port dstActor="D0N42" name="p60" srcActor="D0N26"/>
            <port dstActor="D0N34" name="p61" srcActor="D0N23"/>
            <port dstActor="D0N36" name="p62" srcActor="D0N23"/>
            <port dstActor="D0N29" name="p63" srcActor="D0N23"/>
            <port dstActor="D0N42" name="p64" srcActor="D0N36"/>
            <port dstActor="D0N46" name="p65" srcActor="D0N40"/>
            <port dstActor="D0N44" name="p66" srcActor="D0N42"/>
            <port dstActor="D0N33" name="p67" srcActor="D0N29"/>
            <port dstActor="D0N45" name="p68" srcActor="D0N43"/>
            <port dstActor="D0N46" name="p69" srcActor="D0N43"/>
            <port dstActor="D0N5" name="p70" srcActor="D0N1"/>
            <port dstActor="D0N23" name="p71" srcActor="D0N1"/>
            <port dstActor="D0N32" name="p72" srcActor="D0N1"/>
            <port dstActor="D0N28" name="p73" srcActor="D0N1"/>
            <port dstActor="D0N34" name="p74" srcActor="D0N8"/>
            <port dstActor="D0N21" name="p75" srcActor="D0N8"/>
            <port dstActor="D0N15" name="p76" srcActor="D0N8"/>
            <port dstActor="D0N33" name="p77" srcActor="D0N8"/>
            <port dstActor="D0N38" name="p78" srcActor="D0N8"/>
            <port dstActor="D0N25" name="p79" srcActor="D0N14"/>
            <port dstActor="D0N28" name="p80" srcActor="D0N14"/>
            <port dstActor="D0N19" name="p81" srcActor="D0N14"/>
            <port dstActor="D0N38" name="p82" srcActor="D0N14"/>
            <port dstActor="D0N11" name="p83" srcActor="D0N0"/>
            <port dstActor="D0N24" name="p84" srcActor="D0N0"/>
            <port dstActor="D0N18" name="p85" srcActor="D0N0"/>
            <port dstActor="D0N35" name="p86" srcActor="D0N3"/>
            <port dstActor="D0N16" name="p87" srcActor="D0N6"/>
            <port dstActor="D0N36" name="p88" srcActor="D0N6"/>
            <port dstActor="D0N44" name="p89" srcActor="D0N35"/>
            <port dstActor="D0N39" name="p90" srcActor="D0N2"/>
            <port dstActor="D0N37" name="p91" srcActor="D0N2"/>
            <port dstActor="D0N33" name="p92" srcActor="D0N11"/>
            <port dstActor="D0N17" name="p93" srcActor="D0N11"/>
            <port dstActor="D0N37" name="p94" srcActor="D0N11"/>
        </ports>
    </mcdag>
    <cores number="3"/>
    <levels number="2"/>
</mcsystem>
