<?xml version="1.0" encoding="UTF-8" standalone="no"?>
<mcsystem>
    <mcdag deadline="2500" name="genned-0-ed-10.0-0">
        <actor name="D0N27">
            <wcet number="0">70</wcet>
            <wcet number="1">90</wcet>
            <maxpow number="0.5278107872996631"/>
            <maxpow number="0.5278107872996631"/>
            <fprob>0.0</fprob>
        </actor>
        <actor name="D0N12">
            <wcet number="0">10</wcet>
            <wcet number="1">20</wcet>
            <maxpow number="0.496349910191538"/>
            <maxpow number="0.496349910191538"/>
            <fprob>0.0</fprob>
        </actor>
        <actor name="D0N46">
            <wcet number="0">20</wcet>
            <wcet number="1">60</wcet>
            <maxpow number="0.3988195431491821"/>
            <maxpow number="0.3988195431491821"/>
            <fprob>0.0</fprob>
        </actor>
        <actor name="D0N4">
            <wcet number="0">140</wcet>
            <wcet number="1">250</wcet>
            <maxpow number="0.7577954727897342"/>
            <maxpow number="0.7577954727897342"/>
            <fprob>0.0</fprob>
        </actor>
        <actor name="D0N14">
            <wcet number="0">60</wcet>
            <wcet number="1">180</wcet>
            <maxpow number="0.502108959864686"/>
            <maxpow number="0.502108959864686"/>
            <fprob>0.0</fprob>
        </actor>
        <actor name="D0N16">
            <wcet number="0">10</wcet>
            <wcet number="1">30</wcet>
            <maxpow number="0.24723946087938503"/>
            <maxpow number="0.24723946087938503"/>
            <fprob>0.0</fprob>
        </actor>
        <actor name="D0N20">
            <wcet number="0">70</wcet>
            <wcet number="1">100</wcet>
            <maxpow number="0.5701710751581562"/>
            <maxpow number="0.5701710751581562"/>
            <fprob>0.0</fprob>
        </actor>
        <actor name="D0N33">
            <wcet number="0">10</wcet>
            <wcet number="1">50</wcet>
            <maxpow number="0.6486553480414093"/>
            <maxpow number="0.6486553480414093"/>
            <fprob>0.0</fprob>
        </actor>
        <actor name="D0N36">
            <wcet number="0">10</wcet>
            <wcet number="1">10</wcet>
            <maxpow number="0.3595751314601323"/>
            <maxpow number="0.3595751314601323"/>
            <fprob>0.0</fprob>
        </actor>
        <actor name="D0N25">
            <wcet number="0">30</wcet>
            <wcet number="1">30</wcet>
            <maxpow number="0.8361811479647141"/>
            <maxpow number="0.8361811479647141"/>
            <fprob>0.0</fprob>
        </actor>
        <actor name="D0N10">
            <wcet number="0">20</wcet>
            <wcet number="1">80</wcet>
            <maxpow number="0.4023419717251505"/>
            <maxpow number="0.4023419717251505"/>
            <fprob>0.0</fprob>
        </actor>
        <actor name="D0N23">
            <wcet number="0">100</wcet>
            <wcet number="1">190</wcet>
            <maxpow number="0.3704622315768843"/>
            <maxpow number="0.3704622315768843"/>
            <fprob>0.0</fprob>
        </actor>
        <actor name="D0N2">
            <wcet number="0">40</wcet>
            <wcet number="1">40</wcet>
            <maxpow number="0.35274214834324336"/>
            <maxpow number="0.35274214834324336"/>
            <fprob>0.0</fprob>
        </actor>
        <actor name="D0N26">
            <wcet number="0">20</wcet>
            <wcet number="1">40</wcet>
            <maxpow number="0.6329952836704771"/>
            <maxpow number="0.6329952836704771"/>
            <fprob>0.0</fprob>
        </actor>
        <actor name="D0N41">
            <wcet number="0">20</wcet>
            <wcet number="1">20</wcet>
            <maxpow number="0.6650976944572534"/>
            <maxpow number="0.6650976944572534"/>
            <fprob>0.0</fprob>
        </actor>
        <actor name="D0N43">
            <wcet number="0">300</wcet>
            <wcet number="1">390</wcet>
            <maxpow number="0.5559737206590974"/>
            <maxpow number="0.5559737206590974"/>
            <fprob>0.0</fprob>
        </actor>
        <actor name="D0N44">
            <wcet number="0">120</wcet>
            <wcet number="1">320</wcet>
            <maxpow number="0.36177913218974334"/>
            <maxpow number="0.36177913218974334"/>
            <fprob>0.0</fprob>
        </actor>
        <actor name="D0N29">
            <wcet number="0">50</wcet>
            <wcet number="1">50</wcet>
            <maxpow number="0.6880093043830541"/>
            <maxpow number="0.6880093043830541"/>
            <fprob>0.0</fprob>
        </actor>
        <actor name="D0N39">
            <wcet number="0">10</wcet>
            <wcet number="1">10</wcet>
            <maxpow number="0.6542080838475752"/>
            <maxpow number="0.6542080838475752"/>
            <fprob>0.0</fprob>
        </actor>
        <actor name="D0N13">
            <wcet number="0">10</wcet>
            <wcet number="1">90</wcet>
            <maxpow number="0.5918478793067854"/>
            <maxpow number="0.5918478793067854"/>
            <fprob>0.0</fprob>
        </actor>
        <actor name="D0N9">
            <wcet number="0">240</wcet>
            <wcet number="1">310</wcet>
            <maxpow number="0.5282178648912013"/>
            <maxpow number="0.5282178648912013"/>
            <fprob>0.0</fprob>
        </actor>
        <actor name="D0N28">
            <wcet number="0">50</wcet>
            <wcet number="1">110</wcet>
            <maxpow number="0.5243829230561782"/>
            <maxpow number="0.5243829230561782"/>
            <fprob>0.0</fprob>
        </actor>
        <actor name="D0N3">
            <wcet number="0">30</wcet>
            <wcet number="1">30</wcet>
            <maxpow number="0.41605421591476494"/>
            <maxpow number="0.41605421591476494"/>
            <fprob>0.0</fprob>
        </actor>
        <actor name="D0N11">
            <wcet number="0">150</wcet>
            <wcet number="1">150</wcet>
            <maxpow number="0.6317549797858802"/>
            <maxpow number="0.6317549797858802"/>
            <fprob>0.0</fprob>
        </actor>
        <actor name="D0N42">
            <wcet number="0">30</wcet>
            <wcet number="1">50</wcet>
            <maxpow number="0.3797557401734499"/>
            <maxpow number="0.3797557401734499"/>
            <fprob>0.0</fprob>
        </actor>
        <actor name="D0N5">
            <wcet number="0">10</wcet>
            <wcet number="1">50</wcet>
            <maxpow number="0.7981394265848678"/>
            <maxpow number="0.7981394265848678"/>
            <fprob>0.0</fprob>
        </actor>
        <actor name="D0N19">
            <wcet number="0">260</wcet>
            <wcet number="1">420</wcet>
            <maxpow number="0.592059406092919"/>
            <maxpow number="0.592059406092919"/>
            <fprob>0.0</fprob>
        </actor>
        <actor name="D0N45">
            <wcet number="0">10</wcet>
            <wcet number="1">10</wcet>
            <maxpow number="0.8852562544907341"/>
            <maxpow number="0.8852562544907341"/>
            <fprob>0.0</fprob>
        </actor>
        <actor name="D0N15">
            <wcet number="0">40</wcet>
            <wcet number="1">50</wcet>
            <maxpow number="0.6679704812440641"/>
            <maxpow number="0.6679704812440641"/>
            <fprob>0.0</fprob>
        </actor>
        <actor name="D0N18">
            <wcet number="0">150</wcet>
            <wcet number="1">150</wcet>
            <maxpow number="0.5816254739039708"/>
            <maxpow number="0.5816254739039708"/>
            <fprob>0.0</fprob>
        </actor>
        <actor name="D0N22">
            <wcet number="0">40</wcet>
            <wcet number="1">120</wcet>
            <maxpow number="0.5742326299081424"/>
            <maxpow number="0.5742326299081424"/>
            <fprob>0.0</fprob>
        </actor>
        <actor name="D0N32">
            <wcet number="0">10</wcet>
            <wcet number="1">10</wcet>
            <maxpow number="0.7934551538589419"/>
            <maxpow number="0.7934551538589419"/>
            <fprob>0.0</fprob>
        </actor>
        <actor name="D0N17">
            <wcet number="0">30</wcet>
            <wcet number="1">110</wcet>
            <maxpow number="0.4279658718575053"/>
            <maxpow number="0.4279658718575053"/>
            <fprob>0.0</fprob>
        </actor>
        <actor name="D0N7">
            <wcet number="0">10</wcet>
            <wcet number="1">10</wcet>
            <maxpow number="0.5103215810199516"/>
            <maxpow number="0.5103215810199516"/>
            <fprob>0.0</fprob>
        </actor>
        <actor name="D0N6">
            <wcet number="0">10</wcet>
            <wcet number="1">20</wcet>
            <maxpow number="0.9587114607345282"/>
            <maxpow number="0.9587114607345282"/>
            <fprob>0.0</fprob>
        </actor>
        <actor name="D0N21">
            <wcet number="0">150</wcet>
            <wcet number="1">190</wcet>
            <maxpow number="0.550166855897502"/>
            <maxpow number="0.550166855897502"/>
            <fprob>0.0</fprob>
        </actor>
        <actor name="D0N40">
            <wcet number="0">190</wcet>
            <wcet number="1">390</wcet>
            <maxpow number="0.46640014669635205"/>
            <maxpow number="0.46640014669635205"/>
            <fprob>0.0</fprob>
        </actor>
        <actor name="D0N31">
            <wcet number="0">20</wcet>
            <wcet number="1">20</wcet>
            <maxpow number="0.7732859046152712"/>
            <maxpow number="0.7732859046152712"/>
            <fprob>0.0</fprob>
        </actor>
        <actor name="D0N30">
            <wcet number="0">20</wcet>
            <wcet number="1">90</wcet>
            <maxpow number="0.3192529492214575"/>
            <maxpow number="0.3192529492214575"/>
            <fprob>0.0</fprob>
        </actor>
        <actor name="D0N35">
            <wcet number="0">20</wcet>
            <wcet number="1">20</wcet>
            <maxpow number="0.7803960489206269"/>
            <maxpow number="0.7803960489206269"/>
            <fprob>0.0</fprob>
        </actor>
        <actor name="D0N1">
            <wcet number="0">200</wcet>
            <wcet number="1">210</wcet>
            <maxpow number="0.4337248254261349"/>
            <maxpow number="0.4337248254261349"/>
            <fprob>0.0</fprob>
        </actor>
        <actor name="D0N8">
            <wcet number="0">30</wcet>
            <wcet number="1">60</wcet>
            <maxpow number="0.46630577926479394"/>
            <maxpow number="0.46630577926479394"/>
            <fprob>0.0</fprob>
        </actor>
        <actor name="D0N24">
            <wcet number="0">120</wcet>
            <wcet number="1">120</wcet>
            <maxpow number="0.3912942708732674"/>
            <maxpow number="0.3912942708732674"/>
            <fprob>0.0</fprob>
        </actor>
        <actor name="D0N37">
            <wcet number="0">20</wcet>
            <wcet number="1">110</wcet>
            <maxpow number="0.6973780688350814"/>
            <maxpow number="0.6973780688350814"/>
            <fprob>0.0</fprob>
        </actor>
        <actor name="D0N34">
            <wcet number="0">20</wcet>
            <wcet number="1">30</wcet>
            <maxpow number="0.7800116483837203"/>
            <maxpow number="0.7800116483837203"/>
            <fprob>0.0</fprob>
        </actor>
        <actor name="D0N38">
            <wcet number="0">10</wcet>
            <wcet number="1">30</wcet>
            <maxpow number="0.2738834651437156"/>
            <maxpow number="0.2738834651437156"/>
            <fprob>0.0</fprob>
        </actor>
        <actor name="D0N0">
            <wcet number="0">80</wcet>
            <wcet number="1">80</wcet>
            <maxpow number="0.6955780662482465"/>
            <maxpow number="0.6955780662482465"/>
            <fprob>0.0</fprob>
        </actor>
        <ports>
            <port dstActor="D0N43" name="p0" srcActor="D0N27"/>
            <port dstActor="D0N37" name="p1" srcActor="D0N27"/>
            <port dstActor="D0N39" name="p2" srcActor="D0N27"/>
            <port dstActor="D0N33" name="p3" srcActor="D0N12"/>
            <port dstActor="D0N29" name="p4" srcActor="D0N12"/>
            <port dstActor="D0N32" name="p5" srcActor="D0N12"/>
            <port dstActor="D0N16" name="p6" srcActor="D0N12"/>
            <port dstActor="D0N37" name="p7" srcActor="D0N12"/>
            <port dstActor="D0N24" name="p8" srcActor="D0N4"/>
            <port dstActor="D0N29" name="p9" srcActor="D0N4"/>
            <port dstActor="D0N22" name="p10" srcActor="D0N4"/>
            <port dstActor="D0N22" name="p11" srcActor="D0N14"/>
            <port dstActor="D0N29" name="p12" srcActor="D0N14"/>
            <port dstActor="D0N29" name="p13" srcActor="D0N16"/>
            <port dstActor="D0N41" name="p14" srcActor="D0N16"/>
            <port dstActor="D0N34" name="p15" srcActor="D0N16"/>
            <port dstActor="D0N21" name="p16" srcActor="D0N20"/>
            <port dstActor="D0N33" name="p17" srcActor="D0N20"/>
            <port dstActor="D0N42" name="p18" srcActor="D0N33"/>
            <port dstActor="D0N39" name="p19" srcActor="D0N33"/>
            <port dstActor="D0N42" name="p20" srcActor="D0N25"/>
            <port dstActor="D0N46" name="p21" srcActor="D0N25"/>
            <port dstActor="D0N45" name="p22" srcActor="D0N25"/>
            <port dstActor="D0N18" name="p23" srcActor="D0N10"/>
            <port dstActor="D0N11" name="p24" srcActor="D0N10"/>
            <port dstActor="D0N27" name="p25" srcActor="D0N10"/>
            <port dstActor="D0N43" name="p26" srcActor="D0N23"/>
            <port dstActor="D0N11" name="p27" srcActor="D0N2"/>
            <port dstActor="D0N13" name="p28" srcActor="D0N2"/>
            <port dstActor="D0N40" name="p29" srcActor="D0N2"/>
            <port dstActor="D0N28" name="p30" srcActor="D0N26"/>
            <port dstActor="D0N35" name="p31" srcActor="D0N26"/>
            <port dstActor="D0N42" name="p32" srcActor="D0N41"/>
            <port dstActor="D0N45" name="p33" srcActor="D0N41"/>
            <port dstActor="D0N46" name="p34" srcActor="D0N41"/>
            <port dstActor="D0N30" name="p35" srcActor="D0N29"/>
            <port dstActor="D0N41" name="p36" srcActor="D0N29"/>
            <port dstActor="D0N46" name="p37" srcActor="D0N29"/>
            <port dstActor="D0N32" name="p38" srcActor="D0N29"/>
            <port dstActor="D0N20" name="p39" srcActor="D0N13"/>
            <port dstActor="D0N17" name="p40" srcActor="D0N13"/>
            <port dstActor="D0N32" name="p41" srcActor="D0N13"/>
            <port dstActor="D0N22" name="p42" srcActor="D0N9"/>
            <port dstActor="D0N36" name="p43" srcActor="D0N9"/>
            <port dstActor="D0N17" name="p44" srcActor="D0N9"/>
            <port dstActor="D0N38" name="p45" srcActor="D0N3"/>
            <port dstActor="D0N43" name="p46" srcActor="D0N3"/>
            <port dstActor="D0N25" name="p47" srcActor="D0N3"/>
            <port dstActor="D0N20" name="p48" srcActor="D0N3"/>
            <port dstActor="D0N37" name="p49" srcActor="D0N3"/>
            <port dstActor="D0N42" name="p50" srcActor="D0N11"/>
            <port dstActor="D0N46" name="p51" srcActor="D0N42"/>
            <port dstActor="D0N43" name="p52" srcActor="D0N42"/>
            <port dstActor="D0N29" name="p53" srcActor="D0N5"/>
            <port dstActor="D0N19" name="p54" srcActor="D0N5"/>
            <port dstActor="D0N11" name="p55" srcActor="D0N5"/>
            <port dstActor="D0N36" name="p56" srcActor="D0N19"/>
            <port dstActor="D0N34" name="p57" srcActor="D0N19"/>
            <port dstActor="D0N41" name="p58" srcActor="D0N15"/>
            <port dstActor="D0N34" name="p59" srcActor="D0N18"/>
            <port dstActor="D0N46" name="p60" srcActor="D0N18"/>
            <port dstActor="D0N35" name="p61" srcActor="D0N18"/>
            <port dstActor="D0N31" name="p62" srcActor="D0N18"/>
            <port dstActor="D0N22" name="p63" srcActor="D0N18"/>
            <port dstActor="D0N33" name="p64" srcActor="D0N22"/>
            <port dstActor="D0N45" name="p65" srcActor="D0N22"/>
            <port dstActor="D0N24" name="p66" srcActor="D0N22"/>
            <port dstActor="D0N36" name="p67" srcActor="D0N32"/>
            <port dstActor="D0N43" name="p68" srcActor="D0N32"/>
            <port dstActor="D0N37" name="p69" srcActor="D0N32"/>
            <port dstActor="D0N44" name="p70" srcActor="D0N32"/>
            <port dstActor="D0N40" name="p71" srcActor="D0N17"/>
            <port dstActor="D0N45" name="p72" srcActor="D0N17"/>
            <port dstActor="D0N44" name="p73" srcActor="D0N17"/>
            <port dstActor="D0N14" name="p74" srcActor="D0N7"/>
            <port dstActor="D0N30" name="p75" srcActor="D0N7"/>
            <port dstActor="D0N18" name="p76" srcActor="D0N7"/>
            <port dstActor="D0N39" name="p77" srcActor="D0N7"/>
            <port dstActor="D0N40" name="p78" srcActor="D0N7"/>
            <port dstActor="D0N10" name="p79" srcActor="D0N6"/>
            <port dstActor="D0N44" name="p80" srcActor="D0N6"/>
            <port dstActor="D0N42" name="p81" srcActor="D0N6"/>
            <port dstActor="D0N21" name="p82" srcActor="D0N6"/>
            <port dstActor="D0N43" name="p83" srcActor="D0N21"/>
            <port dstActor="D0N24" name="p84" srcActor="D0N21"/>
            <port dstActor="D0N41" name="p85" srcActor="D0N21"/>
            <port dstActor="D0N45" name="p86" srcActor="D0N40"/>
            <port dstActor="D0N38" name="p87" srcActor="D0N31"/>
            <port dstActor="D0N41" name="p88" srcActor="D0N30"/>
            <port dstActor="D0N32" name="p89" srcActor="D0N1"/>
            <port dstActor="D0N45" name="p90" srcActor="D0N1"/>
            <port dstActor="D0N37" name="p91" srcActor="D0N1"/>
            <port dstActor="D0N33" name="p92" srcActor="D0N1"/>
            <port dstActor="D0N30" name="p93" srcActor="D0N1"/>
            <port dstActor="D0N22" name="p94" srcActor="D0N8"/>
            <port dstActor="D0N33" name="p95" srcActor="D0N8"/>
            <port dstActor="D0N9" name="p96" srcActor="D0N8"/>
            <port dstActor="D0N45" name="p97" srcActor="D0N8"/>
            <port dstActor="D0N14" name="p98" srcActor="D0N8"/>
            <port dstActor="D0N33" name="p99" srcActor="D0N24"/>
            <port dstActor="D0N30" name="p100" srcActor="D0N24"/>
            <port dstActor="D0N27" name="p101" srcActor="D0N24"/>
            <port dstActor="D0N41" name="p102" srcActor="D0N37"/>
            <port dstActor="D0N40" name="p103" srcActor="D0N34"/>
            <port dstActor="D0N35" name="p104" srcActor="D0N34"/>
            <port dstActor="D0N18" name="p105" srcActor="D0N0"/>
            <port dstActor="D0N28" name="p106" srcActor="D0N0"/>
            <port dstActor="D0N36" name="p107" srcActor="D0N0"/>
            <port dstActor="D0N17" name="p108" srcActor="D0N0"/>
            <port dstActor="D0N41" name="p109" srcActor="D0N0"/>
            <port dstActor="D0N1" name="p110" srcActor="D0N0"/>
            <port dstActor="D0N2" name="p111" srcActor="D0N0"/>
            <port dstActor="D0N32" name="p112" srcActor="D0N0"/>
        </ports>
    </mcdag>
    <cores number="2"/>
    <levels number="2"/>
</mcsystem>
