<?xml version="1.0" encoding="UTF-8" standalone="no"?>
<mcsystem>
    <mcdag deadline="1500" name="genned-0-ed-10.0-0">
        <actor name="D0N18">
            <wcet number="0">10</wcet>
            <wcet number="1">110</wcet>
            <maxpow number="0.375337548742379"/>
            <maxpow number="0.375337548742379"/>
            <fprob>0.0</fprob>
        </actor>
        <actor name="D0N31">
            <wcet number="0">100</wcet>
            <wcet number="1">100</wcet>
            <maxpow number="0.4293607037658484"/>
            <maxpow number="0.4293607037658484"/>
            <fprob>0.0</fprob>
        </actor>
        <actor name="D0N6">
            <wcet number="0">10</wcet>
            <wcet number="1">10</wcet>
            <maxpow number="0.7767924855408889"/>
            <maxpow number="0.7767924855408889"/>
            <fprob>0.0</fprob>
        </actor>
        <actor name="D0N33">
            <wcet number="0">10</wcet>
            <wcet number="1">50</wcet>
            <maxpow number="0.7673761732312148"/>
            <maxpow number="0.7673761732312148"/>
            <fprob>0.0</fprob>
        </actor>
        <actor name="D0N27">
            <wcet number="0">10</wcet>
            <wcet number="1">10</wcet>
            <maxpow number="0.6056352858140934"/>
            <maxpow number="0.6056352858140934"/>
            <fprob>0.0</fprob>
        </actor>
        <actor name="D0N12">
            <wcet number="0">10</wcet>
            <wcet number="1">20</wcet>
            <maxpow number="0.360024754824923"/>
            <maxpow number="0.360024754824923"/>
            <fprob>0.0</fprob>
        </actor>
        <actor name="D0N17">
            <wcet number="0">90</wcet>
            <wcet number="1">90</wcet>
            <maxpow number="0.584384050788181"/>
            <maxpow number="0.584384050788181"/>
            <fprob>0.0</fprob>
        </actor>
        <actor name="D0N25">
            <wcet number="0">10</wcet>
            <wcet number="1">10</wcet>
            <maxpow number="0.4532379515724524"/>
            <maxpow number="0.4532379515724524"/>
            <fprob>0.0</fprob>
        </actor>
        <actor name="D0N10">
            <wcet number="0">80</wcet>
            <wcet number="1">100</wcet>
            <maxpow number="0.7038253317864381"/>
            <maxpow number="0.7038253317864381"/>
            <fprob>0.0</fprob>
        </actor>
        <actor name="D0N16">
            <wcet number="0">10</wcet>
            <wcet number="1">10</wcet>
            <maxpow number="0.6891889177021847"/>
            <maxpow number="0.6891889177021847"/>
            <fprob>0.0</fprob>
        </actor>
        <actor name="D0N5">
            <wcet number="0">10</wcet>
            <wcet number="1">10</wcet>
            <maxpow number="0.751267819205474"/>
            <maxpow number="0.751267819205474"/>
            <fprob>0.0</fprob>
        </actor>
        <actor name="D0N30">
            <wcet number="0">20</wcet>
            <wcet number="1">120</wcet>
            <maxpow number="0.534080077129142"/>
            <maxpow number="0.534080077129142"/>
            <fprob>0.0</fprob>
        </actor>
        <actor name="D0N21">
            <wcet number="0">90</wcet>
            <wcet number="1">140</wcet>
            <maxpow number="0.539229059627625"/>
            <maxpow number="0.539229059627625"/>
            <fprob>0.0</fprob>
        </actor>
        <actor name="D0N39">
            <wcet number="0">30</wcet>
            <wcet number="1">150</wcet>
            <maxpow number="0.5903684621906679"/>
            <maxpow number="0.5903684621906679"/>
            <fprob>0.0</fprob>
        </actor>
        <actor name="D0N38">
            <wcet number="0">10</wcet>
            <wcet number="1">10</wcet>
            <maxpow number="0.45574352023439213"/>
            <maxpow number="0.45574352023439213"/>
            <fprob>0.0</fprob>
        </actor>
        <actor name="D0N42">
            <wcet number="0">20</wcet>
            <wcet number="1">20</wcet>
            <maxpow number="0.57950432242717"/>
            <maxpow number="0.57950432242717"/>
            <fprob>0.0</fprob>
        </actor>
        <actor name="D0N32">
            <wcet number="0">30</wcet>
            <wcet number="1">50</wcet>
            <maxpow number="0.7482381642460443"/>
            <maxpow number="0.7482381642460443"/>
            <fprob>0.0</fprob>
        </actor>
        <actor name="D0N44">
            <wcet number="0">40</wcet>
            <wcet number="1">50</wcet>
            <maxpow number="0.3235003901497001"/>
            <maxpow number="0.3235003901497001"/>
            <fprob>0.0</fprob>
        </actor>
        <actor name="D0N2">
            <wcet number="0">20</wcet>
            <wcet number="1">20</wcet>
            <maxpow number="0.541328066563742"/>
            <maxpow number="0.541328066563742"/>
            <fprob>0.0</fprob>
        </actor>
        <actor name="D0N20">
            <wcet number="0">20</wcet>
            <wcet number="1">20</wcet>
            <maxpow number="0.32381765252896366"/>
            <maxpow number="0.32381765252896366"/>
            <fprob>0.0</fprob>
        </actor>
        <actor name="D0N0">
            <wcet number="0">10</wcet>
            <wcet number="1">10</wcet>
            <maxpow number="0.5645866396899443"/>
            <maxpow number="0.5645866396899443"/>
            <fprob>0.0</fprob>
        </actor>
        <actor name="D0N8">
            <wcet number="0">70</wcet>
            <wcet number="1">100</wcet>
            <maxpow number="0.5311757296152528"/>
            <maxpow number="0.5311757296152528"/>
            <fprob>0.0</fprob>
        </actor>
        <actor name="D0N26">
            <wcet number="0">70</wcet>
            <wcet number="1">120</wcet>
            <maxpow number="0.31850405993362424"/>
            <maxpow number="0.31850405993362424"/>
            <fprob>0.0</fprob>
        </actor>
        <actor name="D0N34">
            <wcet number="0">130</wcet>
            <wcet number="1">140</wcet>
            <maxpow number="0.5359537405842059"/>
            <maxpow number="0.5359537405842059"/>
            <fprob>0.0</fprob>
        </actor>
        <actor name="D0N7">
            <wcet number="0">90</wcet>
            <wcet number="1">110</wcet>
            <maxpow number="0.48077995956556663"/>
            <maxpow number="0.48077995956556663"/>
            <fprob>0.0</fprob>
        </actor>
        <actor name="D0N37">
            <wcet number="0">10</wcet>
            <wcet number="1">50</wcet>
            <maxpow number="0.6018075592235572"/>
            <maxpow number="0.6018075592235572"/>
            <fprob>0.0</fprob>
        </actor>
        <actor name="D0N24">
            <wcet number="0">20</wcet>
            <wcet number="1">60</wcet>
            <maxpow number="0.47895854458002557"/>
            <maxpow number="0.47895854458002557"/>
            <fprob>0.0</fprob>
        </actor>
        <actor name="D0N15">
            <wcet number="0">80</wcet>
            <wcet number="1">80</wcet>
            <maxpow number="0.628242461289984"/>
            <maxpow number="0.628242461289984"/>
            <fprob>0.0</fprob>
        </actor>
        <actor name="D0N40">
            <wcet number="0">10</wcet>
            <wcet number="1">30</wcet>
            <maxpow number="0.561764043796305"/>
            <maxpow number="0.561764043796305"/>
            <fprob>0.0</fprob>
        </actor>
        <actor name="D0N14">
            <wcet number="0">30</wcet>
            <wcet number="1">30</wcet>
            <maxpow number="0.5299781617123873"/>
            <maxpow number="0.5299781617123873"/>
            <fprob>0.0</fprob>
        </actor>
        <actor name="D0N43">
            <wcet number="0">10</wcet>
            <wcet number="1">10</wcet>
            <maxpow number="0.6191370408806984"/>
            <maxpow number="0.6191370408806984"/>
            <fprob>0.0</fprob>
        </actor>
        <actor name="D0N36">
            <wcet number="0">30</wcet>
            <wcet number="1">30</wcet>
            <maxpow number="0.838552819228284"/>
            <maxpow number="0.838552819228284"/>
            <fprob>0.0</fprob>
        </actor>
        <actor name="D0N13">
            <wcet number="0">20</wcet>
            <wcet number="1">70</wcet>
            <maxpow number="0.7234177249987519"/>
            <maxpow number="0.7234177249987519"/>
            <fprob>0.0</fprob>
        </actor>
        <actor name="D0N22">
            <wcet number="0">100</wcet>
            <wcet number="1">100</wcet>
            <maxpow number="0.6892452913640376"/>
            <maxpow number="0.6892452913640376"/>
            <fprob>0.0</fprob>
        </actor>
        <actor name="D0N1">
            <wcet number="0">100</wcet>
            <wcet number="1">240</wcet>
            <maxpow number="0.2948539804465505"/>
            <maxpow number="0.2948539804465505"/>
            <fprob>0.0</fprob>
        </actor>
        <actor name="D0N35">
            <wcet number="0">50</wcet>
            <wcet number="1">50</wcet>
            <maxpow number="0.2411960260404017"/>
            <maxpow number="0.2411960260404017"/>
            <fprob>0.0</fprob>
        </actor>
        <actor name="D0N3">
            <wcet number="0">10</wcet>
            <wcet number="1">50</wcet>
            <maxpow number="0.3592235326414417"/>
            <maxpow number="0.3592235326414417"/>
            <fprob>0.0</fprob>
        </actor>
        <actor name="D0N9">
            <wcet number="0">10</wcet>
            <wcet number="1">80</wcet>
            <maxpow number="0.6290089662765087"/>
            <maxpow number="0.6290089662765087"/>
            <fprob>0.0</fprob>
        </actor>
        <actor name="D0N28">
            <wcet number="0">10</wcet>
            <wcet number="1">10</wcet>
            <maxpow number="0.49427684214596807"/>
            <maxpow number="0.49427684214596807"/>
            <fprob>0.0</fprob>
        </actor>
        <actor name="D0N19">
            <wcet number="0">30</wcet>
            <wcet number="1">30</wcet>
            <maxpow number="0.6246249351925027"/>
            <maxpow number="0.6246249351925027"/>
            <fprob>0.0</fprob>
        </actor>
        <actor name="D0N41">
            <wcet number="0">300</wcet>
            <wcet number="1">330</wcet>
            <maxpow number="0.7213218518895886"/>
            <maxpow number="0.7213218518895886"/>
            <fprob>0.0</fprob>
        </actor>
        <actor name="D0N4">
            <wcet number="0">10</wcet>
            <wcet number="1">30</wcet>
            <maxpow number="0.5905934031480291"/>
            <maxpow number="0.5905934031480291"/>
            <fprob>0.0</fprob>
        </actor>
        <actor name="D0N11">
            <wcet number="0">20</wcet>
            <wcet number="1">20</wcet>
            <maxpow number="0.38999685493476627"/>
            <maxpow number="0.38999685493476627"/>
            <fprob>0.0</fprob>
        </actor>
        <actor name="D0N23">
            <wcet number="0">210</wcet>
            <wcet number="1">230</wcet>
            <maxpow number="0.48497147044067934"/>
            <maxpow number="0.48497147044067934"/>
            <fprob>0.0</fprob>
        </actor>
        <actor name="D0N29">
            <wcet number="0">40</wcet>
            <wcet number="1">40</wcet>
            <maxpow number="0.7710961466017161"/>
            <maxpow number="0.7710961466017161"/>
            <fprob>0.0</fprob>
        </actor>
        <ports>
            <port dstActor="D0N20" name="p0" srcActor="D0N18"/>
            <port dstActor="D0N32" name="p1" srcActor="D0N18"/>
            <port dstActor="D0N23" name="p2" srcActor="D0N18"/>
            <port dstActor="D0N34" name="p3" srcActor="D0N31"/>
            <port dstActor="D0N39" name="p4" srcActor="D0N31"/>
            <port dstActor="D0N38" name="p5" srcActor="D0N31"/>
            <port dstActor="D0N30" name="p6" srcActor="D0N6"/>
            <port dstActor="D0N8" name="p7" srcActor="D0N6"/>
            <port dstActor="D0N38" name="p8" srcActor="D0N6"/>
            <port dstActor="D0N17" name="p9" srcActor="D0N6"/>
            <port dstActor="D0N9" name="p10" srcActor="D0N6"/>
            <port dstActor="D0N42" name="p11" srcActor="D0N6"/>
            <port dstActor="D0N36" name="p12" srcActor="D0N33"/>
            <port dstActor="D0N43" name="p13" srcActor="D0N33"/>
            <port dstActor="D0N36" name="p14" srcActor="D0N27"/>
            <port dstActor="D0N39" name="p15" srcActor="D0N27"/>
            <port dstActor="D0N41" name="p16" srcActor="D0N27"/>
            <port dstActor="D0N32" name="p17" srcActor="D0N27"/>
            <port dstActor="D0N13" name="p18" srcActor="D0N12"/>
            <port dstActor="D0N43" name="p19" srcActor="D0N12"/>
            <port dstActor="D0N35" name="p20" srcActor="D0N17"/>
            <port dstActor="D0N33" name="p21" srcActor="D0N25"/>
            <port dstActor="D0N42" name="p22" srcActor="D0N25"/>
            <port dstActor="D0N22" name="p23" srcActor="D0N10"/>
            <port dstActor="D0N18" name="p24" srcActor="D0N10"/>
            <port dstActor="D0N34" name="p25" srcActor="D0N10"/>
            <port dstActor="D0N39" name="p26" srcActor="D0N10"/>
            <port dstActor="D0N37" name="p27" srcActor="D0N16"/>
            <port dstActor="D0N38" name="p28" srcActor="D0N16"/>
            <port dstActor="D0N42" name="p29" srcActor="D0N16"/>
            <port dstActor="D0N20" name="p30" srcActor="D0N5"/>
            <port dstActor="D0N34" name="p31" srcActor="D0N5"/>
            <port dstActor="D0N35" name="p32" srcActor="D0N5"/>
            <port dstActor="D0N33" name="p33" srcActor="D0N30"/>
            <port dstActor="D0N35" name="p34" srcActor="D0N21"/>
            <port dstActor="D0N36" name="p35" srcActor="D0N21"/>
            <port dstActor="D0N28" name="p36" srcActor="D0N21"/>
            <port dstActor="D0N34" name="p37" srcActor="D0N32"/>
            <port dstActor="D0N38" name="p38" srcActor="D0N32"/>
            <port dstActor="D0N43" name="p39" srcActor="D0N2"/>
            <port dstActor="D0N18" name="p40" srcActor="D0N2"/>
            <port dstActor="D0N16" name="p41" srcActor="D0N2"/>
            <port dstActor="D0N6" name="p42" srcActor="D0N2"/>
            <port dstActor="D0N19" name="p43" srcActor="D0N2"/>
            <port dstActor="D0N34" name="p44" srcActor="D0N2"/>
            <port dstActor="D0N40" name="p45" srcActor="D0N2"/>
            <port dstActor="D0N22" name="p46" srcActor="D0N20"/>
            <port dstActor="D0N41" name="p47" srcActor="D0N20"/>
            <port dstActor="D0N29" name="p48" srcActor="D0N0"/>
            <port dstActor="D0N16" name="p49" srcActor="D0N0"/>
            <port dstActor="D0N20" name="p50" srcActor="D0N0"/>
            <port dstActor="D0N5" name="p51" srcActor="D0N0"/>
            <port dstActor="D0N18" name="p52" srcActor="D0N0"/>
            <port dstActor="D0N38" name="p53" srcActor="D0N0"/>
            <port dstActor="D0N23" name="p54" srcActor="D0N0"/>
            <port dstActor="D0N21" name="p55" srcActor="D0N0"/>
            <port dstActor="D0N11" name="p56" srcActor="D0N8"/>
            <port dstActor="D0N27" name="p57" srcActor="D0N8"/>
            <port dstActor="D0N29" name="p58" srcActor="D0N8"/>
            <port dstActor="D0N13" name="p59" srcActor="D0N8"/>
            <port dstActor="D0N43" name="p60" srcActor="D0N34"/>
            <port dstActor="D0N41" name="p61" srcActor="D0N7"/>
            <port dstActor="D0N29" name="p62" srcActor="D0N7"/>
            <port dstActor="D0N12" name="p63" srcActor="D0N7"/>
            <port dstActor="D0N43" name="p64" srcActor="D0N7"/>
            <port dstActor="D0N25" name="p65" srcActor="D0N24"/>
            <port dstActor="D0N43" name="p66" srcActor="D0N24"/>
            <port dstActor="D0N35" name="p67" srcActor="D0N24"/>
            <port dstActor="D0N31" name="p68" srcActor="D0N24"/>
            <port dstActor="D0N18" name="p69" srcActor="D0N15"/>
            <port dstActor="D0N39" name="p70" srcActor="D0N15"/>
            <port dstActor="D0N19" name="p71" srcActor="D0N15"/>
            <port dstActor="D0N23" name="p72" srcActor="D0N15"/>
            <port dstActor="D0N27" name="p73" srcActor="D0N15"/>
            <port dstActor="D0N35" name="p74" srcActor="D0N15"/>
            <port dstActor="D0N41" name="p75" srcActor="D0N40"/>
            <port dstActor="D0N35" name="p76" srcActor="D0N14"/>
            <port dstActor="D0N44" name="p77" srcActor="D0N36"/>
            <port dstActor="D0N37" name="p78" srcActor="D0N36"/>
            <port dstActor="D0N18" name="p79" srcActor="D0N13"/>
            <port dstActor="D0N26" name="p80" srcActor="D0N13"/>
            <port dstActor="D0N22" name="p81" srcActor="D0N13"/>
            <port dstActor="D0N30" name="p82" srcActor="D0N22"/>
            <port dstActor="D0N14" name="p83" srcActor="D0N1"/>
            <port dstActor="D0N27" name="p84" srcActor="D0N1"/>
            <port dstActor="D0N36" name="p85" srcActor="D0N35"/>
            <port dstActor="D0N25" name="p86" srcActor="D0N3"/>
            <port dstActor="D0N31" name="p87" srcActor="D0N3"/>
            <port dstActor="D0N23" name="p88" srcActor="D0N3"/>
            <port dstActor="D0N37" name="p89" srcActor="D0N3"/>
            <port dstActor="D0N38" name="p90" srcActor="D0N3"/>
            <port dstActor="D0N43" name="p91" srcActor="D0N3"/>
            <port dstActor="D0N15" name="p92" srcActor="D0N3"/>
            <port dstActor="D0N41" name="p93" srcActor="D0N3"/>
            <port dstActor="D0N40" name="p94" srcActor="D0N3"/>
            <port dstActor="D0N40" name="p95" srcActor="D0N9"/>
            <port dstActor="D0N24" name="p96" srcActor="D0N9"/>
            <port dstActor="D0N31" name="p97" srcActor="D0N9"/>
            <port dstActor="D0N44" name="p98" srcActor="D0N9"/>
            <port dstActor="D0N43" name="p99" srcActor="D0N28"/>
            <port dstActor="D0N39" name="p100" srcActor="D0N28"/>
            <port dstActor="D0N35" name="p101" srcActor="D0N28"/>
            <port dstActor="D0N31" name="p102" srcActor="D0N19"/>
            <port dstActor="D0N43" name="p103" srcActor="D0N41"/>
            <port dstActor="D0N14" name="p104" srcActor="D0N4"/>
            <port dstActor="D0N22" name="p105" srcActor="D0N4"/>
            <port dstActor="D0N17" name="p106" srcActor="D0N4"/>
            <port dstActor="D0N40" name="p107" srcActor="D0N4"/>
            <port dstActor="D0N24" name="p108" srcActor="D0N11"/>
            <port dstActor="D0N14" name="p109" srcActor="D0N11"/>
            <port dstActor="D0N36" name="p110" srcActor="D0N23"/>
            <port dstActor="D0N28" name="p111" srcActor="D0N23"/>
            <port dstActor="D0N37" name="p112" srcActor="D0N23"/>
            <port dstActor="D0N26" name="p113" srcActor="D0N23"/>
            <port dstActor="D0N40" name="p114" srcActor="D0N23"/>
            <port dstActor="D0N37" name="p115" srcActor="D0N29"/>
            <port dstActor="D0N40" name="p116" srcActor="D0N29"/>
        </ports>
    </mcdag>
    <cores number="3"/>
    <levels number="2"/>
</mcsystem>
