<?xml version="1.0" encoding="UTF-8" standalone="no"?>
<mcsystem>
    <mcdag deadline="2200" name="genned-0-ed-10.0-0">
        <actor name="D0N12">
            <wcet number="0">30</wcet>
            <wcet number="1">40</wcet>
            <maxpow number="0.8154318178314626"/>
            <maxpow number="0.8154318178314626"/>
            <fprob>0.0</fprob>
        </actor>
        <actor name="D0N27">
            <wcet number="0">110</wcet>
            <wcet number="1">280</wcet>
            <maxpow number="0.4433268624704704"/>
            <maxpow number="0.4433268624704704"/>
            <fprob>0.0</fprob>
        </actor>
        <actor name="D0N15">
            <wcet number="0">100</wcet>
            <wcet number="1">170</wcet>
            <maxpow number="0.42920447709748744"/>
            <maxpow number="0.42920447709748744"/>
            <fprob>0.0</fprob>
        </actor>
        <actor name="D0N21">
            <wcet number="0">50</wcet>
            <wcet number="1">70</wcet>
            <maxpow number="0.434830480372176"/>
            <maxpow number="0.434830480372176"/>
            <fprob>0.0</fprob>
        </actor>
        <actor name="D0N19">
            <wcet number="0">60</wcet>
            <wcet number="1">150</wcet>
            <maxpow number="0.5597048182281488"/>
            <maxpow number="0.5597048182281488"/>
            <fprob>0.0</fprob>
        </actor>
        <actor name="D0N3">
            <wcet number="0">20</wcet>
            <wcet number="1">20</wcet>
            <maxpow number="0.5323231923844534"/>
            <maxpow number="0.5323231923844534"/>
            <fprob>0.0</fprob>
        </actor>
        <actor name="D0N7">
            <wcet number="0">10</wcet>
            <wcet number="1">10</wcet>
            <maxpow number="0.338472364292033"/>
            <maxpow number="0.338472364292033"/>
            <fprob>0.0</fprob>
        </actor>
        <actor name="D0N9">
            <wcet number="0">60</wcet>
            <wcet number="1">280</wcet>
            <maxpow number="0.5093695338010344"/>
            <maxpow number="0.5093695338010344"/>
            <fprob>0.0</fprob>
        </actor>
        <actor name="D0N17">
            <wcet number="0">20</wcet>
            <wcet number="1">190</wcet>
            <maxpow number="0.48145640915089877"/>
            <maxpow number="0.48145640915089877"/>
            <fprob>0.0</fprob>
        </actor>
        <actor name="D0N26">
            <wcet number="0">20</wcet>
            <wcet number="1">70</wcet>
            <maxpow number="0.5575462015178795"/>
            <maxpow number="0.5575462015178795"/>
            <fprob>0.0</fprob>
        </actor>
        <actor name="D0N38">
            <wcet number="0">30</wcet>
            <wcet number="1">30</wcet>
            <maxpow number="0.5909650829281836"/>
            <maxpow number="0.5909650829281836"/>
            <fprob>0.0</fprob>
        </actor>
        <actor name="D0N16">
            <wcet number="0">100</wcet>
            <wcet number="1">120</wcet>
            <maxpow number="0.4537772276325104"/>
            <maxpow number="0.4537772276325104"/>
            <fprob>0.0</fprob>
        </actor>
        <actor name="D0N41">
            <wcet number="0">110</wcet>
            <wcet number="1">160</wcet>
            <maxpow number="0.7231767523597654"/>
            <maxpow number="0.7231767523597654"/>
            <fprob>0.0</fprob>
        </actor>
        <actor name="D0N40">
            <wcet number="0">20</wcet>
            <wcet number="1">30</wcet>
            <maxpow number="0.7322332202004622"/>
            <maxpow number="0.7322332202004622"/>
            <fprob>0.0</fprob>
        </actor>
        <actor name="D0N42">
            <wcet number="0">50</wcet>
            <wcet number="1">120</wcet>
            <maxpow number="0.8357060629064017"/>
            <maxpow number="0.8357060629064017"/>
            <fprob>0.0</fprob>
        </actor>
        <actor name="D0N6">
            <wcet number="0">20</wcet>
            <wcet number="1">20</wcet>
            <maxpow number="0.5607216021541559"/>
            <maxpow number="0.5607216021541559"/>
            <fprob>0.0</fprob>
        </actor>
        <actor name="D0N5">
            <wcet number="0">20</wcet>
            <wcet number="1">180</wcet>
            <maxpow number="0.6139042064995737"/>
            <maxpow number="0.6139042064995737"/>
            <fprob>0.0</fprob>
        </actor>
        <actor name="D0N39">
            <wcet number="0">150</wcet>
            <wcet number="1">180</wcet>
            <maxpow number="0.4077719747167111"/>
            <maxpow number="0.4077719747167111"/>
            <fprob>0.0</fprob>
        </actor>
        <actor name="D0N18">
            <wcet number="0">40</wcet>
            <wcet number="1">60</wcet>
            <maxpow number="0.010796963963199624"/>
            <maxpow number="0.010796963963199624"/>
            <fprob>0.0</fprob>
        </actor>
        <actor name="D0N25">
            <wcet number="0">140</wcet>
            <wcet number="1">220</wcet>
            <maxpow number="0.4510930552744689"/>
            <maxpow number="0.4510930552744689"/>
            <fprob>0.0</fprob>
        </actor>
        <actor name="D0N8">
            <wcet number="0">20</wcet>
            <wcet number="1">130</wcet>
            <maxpow number="0.21162456185023554"/>
            <maxpow number="0.21162456185023554"/>
            <fprob>0.0</fprob>
        </actor>
        <actor name="D0N28">
            <wcet number="0">10</wcet>
            <wcet number="1">10</wcet>
            <maxpow number="0.4122818674331592"/>
            <maxpow number="0.4122818674331592"/>
            <fprob>0.0</fprob>
        </actor>
        <actor name="D0N23">
            <wcet number="0">20</wcet>
            <wcet number="1">20</wcet>
            <maxpow number="0.5994323496627605"/>
            <maxpow number="0.5994323496627605"/>
            <fprob>0.0</fprob>
        </actor>
        <actor name="D0N20">
            <wcet number="0">10</wcet>
            <wcet number="1">10</wcet>
            <maxpow number="0.4220406373584928"/>
            <maxpow number="0.4220406373584928"/>
            <fprob>0.0</fprob>
        </actor>
        <actor name="D0N47">
            <wcet number="0">10</wcet>
            <wcet number="1">70</wcet>
            <maxpow number="0.5263069373991854"/>
            <maxpow number="0.5263069373991854"/>
            <fprob>0.0</fprob>
        </actor>
        <actor name="D0N13">
            <wcet number="0">30</wcet>
            <wcet number="1">50</wcet>
            <maxpow number="0.6693461239602756"/>
            <maxpow number="0.6693461239602756"/>
            <fprob>0.0</fprob>
        </actor>
        <actor name="D0N46">
            <wcet number="0">10</wcet>
            <wcet number="1">70</wcet>
            <maxpow number="0.4772334518895831"/>
            <maxpow number="0.4772334518895831"/>
            <fprob>0.0</fprob>
        </actor>
        <actor name="D0N35">
            <wcet number="0">150</wcet>
            <wcet number="1">580</wcet>
            <maxpow number="0.6738955031295326"/>
            <maxpow number="0.6738955031295326"/>
            <fprob>0.0</fprob>
        </actor>
        <actor name="D0N30">
            <wcet number="0">30</wcet>
            <wcet number="1">70</wcet>
            <maxpow number="0.3376152440983795"/>
            <maxpow number="0.3376152440983795"/>
            <fprob>0.0</fprob>
        </actor>
        <actor name="D0N34">
            <wcet number="0">30</wcet>
            <wcet number="1">70</wcet>
            <maxpow number="0.6739148628453995"/>
            <maxpow number="0.6739148628453995"/>
            <fprob>0.0</fprob>
        </actor>
        <actor name="D0N45">
            <wcet number="0">10</wcet>
            <wcet number="1">10</wcet>
            <maxpow number="0.41678579058170606"/>
            <maxpow number="0.41678579058170606"/>
            <fprob>0.0</fprob>
        </actor>
        <actor name="D0N4">
            <wcet number="0">90</wcet>
            <wcet number="1">130</wcet>
            <maxpow number="0.4103111263636742"/>
            <maxpow number="0.4103111263636742"/>
            <fprob>0.0</fprob>
        </actor>
        <actor name="D0N0">
            <wcet number="0">100</wcet>
            <wcet number="1">130</wcet>
            <maxpow number="0.3968687612643179"/>
            <maxpow number="0.3968687612643179"/>
            <fprob>0.0</fprob>
        </actor>
        <actor name="D0N29">
            <wcet number="0">70</wcet>
            <wcet number="1">70</wcet>
            <maxpow number="0.5029309909394012"/>
            <maxpow number="0.5029309909394012"/>
            <fprob>0.0</fprob>
        </actor>
        <actor name="D0N14">
            <wcet number="0">20</wcet>
            <wcet number="1">30</wcet>
            <maxpow number="0.5483084762941128"/>
            <maxpow number="0.5483084762941128"/>
            <fprob>0.0</fprob>
        </actor>
        <actor name="D0N31">
            <wcet number="0">60</wcet>
            <wcet number="1">110</wcet>
            <maxpow number="0.5622917360618855"/>
            <maxpow number="0.5622917360618855"/>
            <fprob>0.0</fprob>
        </actor>
        <actor name="D0N33">
            <wcet number="0">50</wcet>
            <wcet number="1">110</wcet>
            <maxpow number="0.5347822421084671"/>
            <maxpow number="0.5347822421084671"/>
            <fprob>0.0</fprob>
        </actor>
        <actor name="D0N32">
            <wcet number="0">40</wcet>
            <wcet number="1">80</wcet>
            <maxpow number="0.6033182371407747"/>
            <maxpow number="0.6033182371407747"/>
            <fprob>0.0</fprob>
        </actor>
        <actor name="D0N44">
            <wcet number="0">10</wcet>
            <wcet number="1">70</wcet>
            <maxpow number="0.6545532033857187"/>
            <maxpow number="0.6545532033857187"/>
            <fprob>0.0</fprob>
        </actor>
        <actor name="D0N10">
            <wcet number="0">50</wcet>
            <wcet number="1">210</wcet>
            <maxpow number="0.3306512139691084"/>
            <maxpow number="0.3306512139691084"/>
            <fprob>0.0</fprob>
        </actor>
        <actor name="D0N11">
            <wcet number="0">150</wcet>
            <wcet number="1">170</wcet>
            <maxpow number="0.48541540217932677"/>
            <maxpow number="0.48541540217932677"/>
            <fprob>0.0</fprob>
        </actor>
        <actor name="D0N36">
            <wcet number="0">30</wcet>
            <wcet number="1">50</wcet>
            <maxpow number="0.36123912481924886"/>
            <maxpow number="0.36123912481924886"/>
            <fprob>0.0</fprob>
        </actor>
        <actor name="D0N22">
            <wcet number="0">20</wcet>
            <wcet number="1">20</wcet>
            <maxpow number="0.5881334210439065"/>
            <maxpow number="0.5881334210439065"/>
            <fprob>0.0</fprob>
        </actor>
        <actor name="D0N24">
            <wcet number="0">230</wcet>
            <wcet number="1">300</wcet>
            <maxpow number="0.48348376164891416"/>
            <maxpow number="0.48348376164891416"/>
            <fprob>0.0</fprob>
        </actor>
        <actor name="D0N37">
            <wcet number="0">30</wcet>
            <wcet number="1">30</wcet>
            <maxpow number="0.5243399762311698"/>
            <maxpow number="0.5243399762311698"/>
            <fprob>0.0</fprob>
        </actor>
        <actor name="D0N1">
            <wcet number="0">10</wcet>
            <wcet number="1">130</wcet>
            <maxpow number="0.6981845668240475"/>
            <maxpow number="0.6981845668240475"/>
            <fprob>0.0</fprob>
        </actor>
        <actor name="D0N2">
            <wcet number="0">10</wcet>
            <wcet number="1">40</wcet>
            <maxpow number="0.34653444834900615"/>
            <maxpow number="0.34653444834900615"/>
            <fprob>0.0</fprob>
        </actor>
        <actor name="D0N43">
            <wcet number="0">20</wcet>
            <wcet number="1">110</wcet>
            <maxpow number="0.283636210348176"/>
            <maxpow number="0.283636210348176"/>
            <fprob>0.0</fprob>
        </actor>
        <ports>
            <port dstActor="D0N31" name="p0" srcActor="D0N12"/>
            <port dstActor="D0N13" name="p1" srcActor="D0N12"/>
            <port dstActor="D0N18" name="p2" srcActor="D0N12"/>
            <port dstActor="D0N42" name="p3" srcActor="D0N12"/>
            <port dstActor="D0N15" name="p4" srcActor="D0N12"/>
            <port dstActor="D0N30" name="p5" srcActor="D0N12"/>
            <port dstActor="D0N28" name="p6" srcActor="D0N27"/>
            <port dstActor="D0N34" name="p7" srcActor="D0N27"/>
            <port dstActor="D0N39" name="p8" srcActor="D0N27"/>
            <port dstActor="D0N31" name="p9" srcActor="D0N15"/>
            <port dstActor="D0N33" name="p10" srcActor="D0N15"/>
            <port dstActor="D0N27" name="p11" srcActor="D0N15"/>
            <port dstActor="D0N40" name="p12" srcActor="D0N21"/>
            <port dstActor="D0N35" name="p13" srcActor="D0N21"/>
            <port dstActor="D0N42" name="p14" srcActor="D0N21"/>
            <port dstActor="D0N25" name="p15" srcActor="D0N21"/>
            <port dstActor="D0N41" name="p16" srcActor="D0N21"/>
            <port dstActor="D0N32" name="p17" srcActor="D0N21"/>
            <port dstActor="D0N22" name="p18" srcActor="D0N21"/>
            <port dstActor="D0N41" name="p19" srcActor="D0N19"/>
            <port dstActor="D0N33" name="p20" srcActor="D0N19"/>
            <port dstActor="D0N26" name="p21" srcActor="D0N19"/>
            <port dstActor="D0N26" name="p22" srcActor="D0N3"/>
            <port dstActor="D0N37" name="p23" srcActor="D0N3"/>
            <port dstActor="D0N26" name="p24" srcActor="D0N7"/>
            <port dstActor="D0N30" name="p25" srcActor="D0N7"/>
            <port dstActor="D0N44" name="p26" srcActor="D0N7"/>
            <port dstActor="D0N28" name="p27" srcActor="D0N7"/>
            <port dstActor="D0N34" name="p28" srcActor="D0N9"/>
            <port dstActor="D0N32" name="p29" srcActor="D0N9"/>
            <port dstActor="D0N40" name="p30" srcActor="D0N17"/>
            <port dstActor="D0N41" name="p31" srcActor="D0N17"/>
            <port dstActor="D0N47" name="p32" srcActor="D0N17"/>
            <port dstActor="D0N46" name="p33" srcActor="D0N26"/>
            <port dstActor="D0N44" name="p34" srcActor="D0N26"/>
            <port dstActor="D0N33" name="p35" srcActor="D0N26"/>
            <port dstActor="D0N37" name="p36" srcActor="D0N26"/>
            <port dstActor="D0N43" name="p37" srcActor="D0N38"/>
            <port dstActor="D0N39" name="p38" srcActor="D0N38"/>
            <port dstActor="D0N27" name="p39" srcActor="D0N16"/>
            <port dstActor="D0N20" name="p40" srcActor="D0N16"/>
            <port dstActor="D0N36" name="p41" srcActor="D0N16"/>
            <port dstActor="D0N25" name="p42" srcActor="D0N16"/>
            <port dstActor="D0N34" name="p43" srcActor="D0N16"/>
            <port dstActor="D0N45" name="p44" srcActor="D0N42"/>
            <port dstActor="D0N22" name="p45" srcActor="D0N6"/>
            <port dstActor="D0N8" name="p46" srcActor="D0N6"/>
            <port dstActor="D0N31" name="p47" srcActor="D0N6"/>
            <port dstActor="D0N39" name="p48" srcActor="D0N6"/>
            <port dstActor="D0N46" name="p49" srcActor="D0N6"/>
            <port dstActor="D0N32" name="p50" srcActor="D0N5"/>
            <port dstActor="D0N29" name="p51" srcActor="D0N5"/>
            <port dstActor="D0N31" name="p52" srcActor="D0N5"/>
            <port dstActor="D0N36" name="p53" srcActor="D0N5"/>
            <port dstActor="D0N35" name="p54" srcActor="D0N18"/>
            <port dstActor="D0N37" name="p55" srcActor="D0N18"/>
            <port dstActor="D0N42" name="p56" srcActor="D0N25"/>
            <port dstActor="D0N18" name="p57" srcActor="D0N8"/>
            <port dstActor="D0N41" name="p58" srcActor="D0N28"/>
            <port dstActor="D0N40" name="p59" srcActor="D0N28"/>
            <port dstActor="D0N25" name="p60" srcActor="D0N23"/>
            <port dstActor="D0N29" name="p61" srcActor="D0N20"/>
            <port dstActor="D0N40" name="p62" srcActor="D0N20"/>
            <port dstActor="D0N20" name="p63" srcActor="D0N13"/>
            <port dstActor="D0N25" name="p64" srcActor="D0N13"/>
            <port dstActor="D0N33" name="p65" srcActor="D0N13"/>
            <port dstActor="D0N41" name="p66" srcActor="D0N35"/>
            <port dstActor="D0N36" name="p67" srcActor="D0N30"/>
            <port dstActor="D0N40" name="p68" srcActor="D0N30"/>
            <port dstActor="D0N32" name="p69" srcActor="D0N30"/>
            <port dstActor="D0N35" name="p70" srcActor="D0N30"/>
            <port dstActor="D0N46" name="p71" srcActor="D0N34"/>
            <port dstActor="D0N35" name="p72" srcActor="D0N34"/>
            <port dstActor="D0N46" name="p73" srcActor="D0N4"/>
            <port dstActor="D0N37" name="p74" srcActor="D0N4"/>
            <port dstActor="D0N15" name="p75" srcActor="D0N4"/>
            <port dstActor="D0N34" name="p76" srcActor="D0N4"/>
            <port dstActor="D0N5" name="p77" srcActor="D0N4"/>
            <port dstActor="D0N9" name="p78" srcActor="D0N4"/>
            <port dstActor="D0N46" name="p79" srcActor="D0N0"/>
            <port dstActor="D0N39" name="p80" srcActor="D0N0"/>
            <port dstActor="D0N9" name="p81" srcActor="D0N0"/>
            <port dstActor="D0N27" name="p82" srcActor="D0N14"/>
            <port dstActor="D0N18" name="p83" srcActor="D0N14"/>
            <port dstActor="D0N29" name="p84" srcActor="D0N14"/>
            <port dstActor="D0N19" name="p85" srcActor="D0N14"/>
            <port dstActor="D0N43" name="p86" srcActor="D0N31"/>
            <port dstActor="D0N47" name="p87" srcActor="D0N33"/>
            <port dstActor="D0N43" name="p88" srcActor="D0N33"/>
            <port dstActor="D0N42" name="p89" srcActor="D0N32"/>
            <port dstActor="D0N46" name="p90" srcActor="D0N44"/>
            <port dstActor="D0N27" name="p91" srcActor="D0N11"/>
            <port dstActor="D0N43" name="p92" srcActor="D0N11"/>
            <port dstActor="D0N17" name="p93" srcActor="D0N11"/>
            <port dstActor="D0N35" name="p94" srcActor="D0N11"/>
            <port dstActor="D0N44" name="p95" srcActor="D0N36"/>
            <port dstActor="D0N47" name="p96" srcActor="D0N36"/>
            <port dstActor="D0N27" name="p97" srcActor="D0N22"/>
            <port dstActor="D0N46" name="p98" srcActor="D0N24"/>
            <port dstActor="D0N29" name="p99" srcActor="D0N24"/>
            <port dstActor="D0N13" name="p100" srcActor="D0N1"/>
            <port dstActor="D0N44" name="p101" srcActor="D0N1"/>
            <port dstActor="D0N39" name="p102" srcActor="D0N1"/>
            <port dstActor="D0N31" name="p103" srcActor="D0N1"/>
            <port dstActor="D0N2" name="p104" srcActor="D0N1"/>
            <port dstActor="D0N36" name="p105" srcActor="D0N1"/>
            <port dstActor="D0N4" name="p106" srcActor="D0N1"/>
            <port dstActor="D0N27" name="p107" srcActor="D0N1"/>
            <port dstActor="D0N23" name="p108" srcActor="D0N2"/>
            <port dstActor="D0N8" name="p109" srcActor="D0N2"/>
            <port dstActor="D0N22" name="p110" srcActor="D0N2"/>
            <port dstActor="D0N35" name="p111" srcActor="D0N2"/>
            <port dstActor="D0N44" name="p112" srcActor="D0N2"/>
            <port dstActor="D0N44" name="p113" srcActor="D0N43"/>
            <port dstActor="D0N45" name="p114" srcActor="D0N43"/>
        </ports>
    </mcdag>
    <cores number="3"/>
    <levels number="2"/>
</mcsystem>
