<?xml version="1.0" encoding="UTF-8" standalone="no"?>
<mcsystem>
    <mcdag deadline="1200" name="genned-0-ed-10.0-0">
        <actor name="D0N15">
            <wcet number="0">10</wcet>
            <wcet number="1">10</wcet>
            <maxpow number="0.4419930082145055"/>
            <maxpow number="0.4419930082145055"/>
            <fprob>0.0</fprob>
        </actor>
        <actor name="D0N24">
            <wcet number="0">20</wcet>
            <wcet number="1">60</wcet>
            <maxpow number="0.5801509920285028"/>
            <maxpow number="0.5801509920285028"/>
            <fprob>0.0</fprob>
        </actor>
        <actor name="D0N32">
            <wcet number="0">30</wcet>
            <wcet number="1">100</wcet>
            <maxpow number="0.7461027654420613"/>
            <maxpow number="0.7461027654420613"/>
            <fprob>0.0</fprob>
        </actor>
        <actor name="D0N38">
            <wcet number="0">100</wcet>
            <wcet number="1">100</wcet>
            <maxpow number="0.6533607693971861"/>
            <maxpow number="0.6533607693971861"/>
            <fprob>0.0</fprob>
        </actor>
        <actor name="D0N0">
            <wcet number="0">60</wcet>
            <wcet number="1">60</wcet>
            <maxpow number="0.5569693671217563"/>
            <maxpow number="0.5569693671217563"/>
            <fprob>0.0</fprob>
        </actor>
        <actor name="D0N30">
            <wcet number="0">10</wcet>
            <wcet number="1">50</wcet>
            <maxpow number="0.6558040902470821"/>
            <maxpow number="0.6558040902470821"/>
            <fprob>0.0</fprob>
        </actor>
        <actor name="D0N46">
            <wcet number="0">10</wcet>
            <wcet number="1">10</wcet>
            <maxpow number="0.7571895644325536"/>
            <maxpow number="0.7571895644325536"/>
            <fprob>0.0</fprob>
        </actor>
        <actor name="D0N17">
            <wcet number="0">30</wcet>
            <wcet number="1">60</wcet>
            <maxpow number="0.43413936492166927"/>
            <maxpow number="0.43413936492166927"/>
            <fprob>0.0</fprob>
        </actor>
        <actor name="D0N19">
            <wcet number="0">30</wcet>
            <wcet number="1">60</wcet>
            <maxpow number="0.680675947262511"/>
            <maxpow number="0.680675947262511"/>
            <fprob>0.0</fprob>
        </actor>
        <actor name="D0N33">
            <wcet number="0">10</wcet>
            <wcet number="1">10</wcet>
            <maxpow number="0.2190719482301074"/>
            <maxpow number="0.2190719482301074"/>
            <fprob>0.0</fprob>
        </actor>
        <actor name="D0N27">
            <wcet number="0">20</wcet>
            <wcet number="1">130</wcet>
            <maxpow number="0.6360046829909671"/>
            <maxpow number="0.6360046829909671"/>
            <fprob>0.0</fprob>
        </actor>
        <actor name="D0N31">
            <wcet number="0">90</wcet>
            <wcet number="1">90</wcet>
            <maxpow number="0.4958826356582109"/>
            <maxpow number="0.4958826356582109"/>
            <fprob>0.0</fprob>
        </actor>
        <actor name="D0N42">
            <wcet number="0">10</wcet>
            <wcet number="1">30</wcet>
            <maxpow number="0.41846759207427353"/>
            <maxpow number="0.41846759207427353"/>
            <fprob>0.0</fprob>
        </actor>
        <actor name="D0N2">
            <wcet number="0">80</wcet>
            <wcet number="1">130</wcet>
            <maxpow number="0.6304775407191616"/>
            <maxpow number="0.6304775407191616"/>
            <fprob>0.0</fprob>
        </actor>
        <actor name="D0N37">
            <wcet number="0">50</wcet>
            <wcet number="1">60</wcet>
            <maxpow number="0.5169951728269808"/>
            <maxpow number="0.5169951728269808"/>
            <fprob>0.0</fprob>
        </actor>
        <actor name="D0N29">
            <wcet number="0">20</wcet>
            <wcet number="1">130</wcet>
            <maxpow number="0.5440953579961314"/>
            <maxpow number="0.5440953579961314"/>
            <fprob>0.0</fprob>
        </actor>
        <actor name="D0N1">
            <wcet number="0">30</wcet>
            <wcet number="1">60</wcet>
            <maxpow number="0.6532361302037084"/>
            <maxpow number="0.6532361302037084"/>
            <fprob>0.0</fprob>
        </actor>
        <actor name="D0N6">
            <wcet number="0">10</wcet>
            <wcet number="1">20</wcet>
            <maxpow number="0.4953069874651326"/>
            <maxpow number="0.4953069874651326"/>
            <fprob>0.0</fprob>
        </actor>
        <actor name="D0N22">
            <wcet number="0">10</wcet>
            <wcet number="1">10</wcet>
            <maxpow number="0.6941703228226794"/>
            <maxpow number="0.6941703228226794"/>
            <fprob>0.0</fprob>
        </actor>
        <actor name="D0N25">
            <wcet number="0">20</wcet>
            <wcet number="1">30</wcet>
            <maxpow number="0.49348220163166306"/>
            <maxpow number="0.49348220163166306"/>
            <fprob>0.0</fprob>
        </actor>
        <actor name="D0N16">
            <wcet number="0">70</wcet>
            <wcet number="1">80</wcet>
            <maxpow number="0.7421588996187953"/>
            <maxpow number="0.7421588996187953"/>
            <fprob>0.0</fprob>
        </actor>
        <actor name="D0N28">
            <wcet number="0">50</wcet>
            <wcet number="1">70</wcet>
            <maxpow number="0.6895637151173478"/>
            <maxpow number="0.6895637151173478"/>
            <fprob>0.0</fprob>
        </actor>
        <actor name="D0N45">
            <wcet number="0">40</wcet>
            <wcet number="1">40</wcet>
            <maxpow number="0.4829996774788351"/>
            <maxpow number="0.4829996774788351"/>
            <fprob>0.0</fprob>
        </actor>
        <actor name="D0N12">
            <wcet number="0">10</wcet>
            <wcet number="1">30</wcet>
            <maxpow number="0.5494023527647909"/>
            <maxpow number="0.5494023527647909"/>
            <fprob>0.0</fprob>
        </actor>
        <actor name="D0N34">
            <wcet number="0">60</wcet>
            <wcet number="1">130</wcet>
            <maxpow number="0.9707797641961042"/>
            <maxpow number="0.9707797641961042"/>
            <fprob>0.0</fprob>
        </actor>
        <actor name="D0N11">
            <wcet number="0">30</wcet>
            <wcet number="1">90</wcet>
            <maxpow number="0.7491811247886854"/>
            <maxpow number="0.7491811247886854"/>
            <fprob>0.0</fprob>
        </actor>
        <actor name="D0N23">
            <wcet number="0">80</wcet>
            <wcet number="1">80</wcet>
            <maxpow number="0.6774391198050773"/>
            <maxpow number="0.6774391198050773"/>
            <fprob>0.0</fprob>
        </actor>
        <actor name="D0N41">
            <wcet number="0">40</wcet>
            <wcet number="1">80</wcet>
            <maxpow number="0.35477406048487087"/>
            <maxpow number="0.35477406048487087"/>
            <fprob>0.0</fprob>
        </actor>
        <actor name="D0N8">
            <wcet number="0">10</wcet>
            <wcet number="1">10</wcet>
            <maxpow number="0.6954705233730496"/>
            <maxpow number="0.6954705233730496"/>
            <fprob>0.0</fprob>
        </actor>
        <actor name="D0N4">
            <wcet number="0">40</wcet>
            <wcet number="1">60</wcet>
            <maxpow number="0.6370231929994454"/>
            <maxpow number="0.6370231929994454"/>
            <fprob>0.0</fprob>
        </actor>
        <actor name="D0N43">
            <wcet number="0">10</wcet>
            <wcet number="1">10</wcet>
            <maxpow number="0.5625898495078894"/>
            <maxpow number="0.5625898495078894"/>
            <fprob>0.0</fprob>
        </actor>
        <actor name="D0N21">
            <wcet number="0">10</wcet>
            <wcet number="1">10</wcet>
            <maxpow number="0.5451362144416941"/>
            <maxpow number="0.5451362144416941"/>
            <fprob>0.0</fprob>
        </actor>
        <actor name="D0N36">
            <wcet number="0">40</wcet>
            <wcet number="1">40</wcet>
            <maxpow number="0.87252034793982"/>
            <maxpow number="0.87252034793982"/>
            <fprob>0.0</fprob>
        </actor>
        <actor name="D0N47">
            <wcet number="0">30</wcet>
            <wcet number="1">30</wcet>
            <maxpow number="0.7908721067000912"/>
            <maxpow number="0.7908721067000912"/>
            <fprob>0.0</fprob>
        </actor>
        <actor name="D0N14">
            <wcet number="0">30</wcet>
            <wcet number="1">30</wcet>
            <maxpow number="0.5094222673813907"/>
            <maxpow number="0.5094222673813907"/>
            <fprob>0.0</fprob>
        </actor>
        <actor name="D0N18">
            <wcet number="0">40</wcet>
            <wcet number="1">80</wcet>
            <maxpow number="0.43631109884808933"/>
            <maxpow number="0.43631109884808933"/>
            <fprob>0.0</fprob>
        </actor>
        <actor name="D0N10">
            <wcet number="0">10</wcet>
            <wcet number="1">10</wcet>
            <maxpow number="0.3975458891518572"/>
            <maxpow number="0.3975458891518572"/>
            <fprob>0.0</fprob>
        </actor>
        <actor name="D0N5">
            <wcet number="0">70</wcet>
            <wcet number="1">120</wcet>
            <maxpow number="0.611066849660979"/>
            <maxpow number="0.611066849660979"/>
            <fprob>0.0</fprob>
        </actor>
        <actor name="D0N20">
            <wcet number="0">40</wcet>
            <wcet number="1">140</wcet>
            <maxpow number="0.4074932615563751"/>
            <maxpow number="0.4074932615563751"/>
            <fprob>0.0</fprob>
        </actor>
        <actor name="D0N7">
            <wcet number="0">10</wcet>
            <wcet number="1">10</wcet>
            <maxpow number="0.33056581063109974"/>
            <maxpow number="0.33056581063109974"/>
            <fprob>0.0</fprob>
        </actor>
        <actor name="D0N9">
            <wcet number="0">10</wcet>
            <wcet number="1">10</wcet>
            <maxpow number="0.32749721377079444"/>
            <maxpow number="0.32749721377079444"/>
            <fprob>0.0</fprob>
        </actor>
        <actor name="D0N44">
            <wcet number="0">10</wcet>
            <wcet number="1">10</wcet>
            <maxpow number="0.7111140775740156"/>
            <maxpow number="0.7111140775740156"/>
            <fprob>0.0</fprob>
        </actor>
        <actor name="D0N39">
            <wcet number="0">90</wcet>
            <wcet number="1">100</wcet>
            <maxpow number="0.6403014663123437"/>
            <maxpow number="0.6403014663123437"/>
            <fprob>0.0</fprob>
        </actor>
        <actor name="D0N40">
            <wcet number="0">10</wcet>
            <wcet number="1">10</wcet>
            <maxpow number="0.2835213893819683"/>
            <maxpow number="0.2835213893819683"/>
            <fprob>0.0</fprob>
        </actor>
        <actor name="D0N3">
            <wcet number="0">30</wcet>
            <wcet number="1">70</wcet>
            <maxpow number="0.8148390793684206"/>
            <maxpow number="0.8148390793684206"/>
            <fprob>0.0</fprob>
        </actor>
        <actor name="D0N13">
            <wcet number="0">10</wcet>
            <wcet number="1">10</wcet>
            <maxpow number="0.6654590269806031"/>
            <maxpow number="0.6654590269806031"/>
            <fprob>0.0</fprob>
        </actor>
        <actor name="D0N35">
            <wcet number="0">20</wcet>
            <wcet number="1">50</wcet>
            <maxpow number="0.4806019573970988"/>
            <maxpow number="0.4806019573970988"/>
            <fprob>0.0</fprob>
        </actor>
        <actor name="D0N26">
            <wcet number="0">10</wcet>
            <wcet number="1">20</wcet>
            <maxpow number="0.4623986659753182"/>
            <maxpow number="0.4623986659753182"/>
            <fprob>0.0</fprob>
        </actor>
        <ports>
            <port dstActor="D0N26" name="p0" srcActor="D0N15"/>
            <port dstActor="D0N28" name="p1" srcActor="D0N15"/>
            <port dstActor="D0N41" name="p2" srcActor="D0N15"/>
            <port dstActor="D0N20" name="p3" srcActor="D0N15"/>
            <port dstActor="D0N33" name="p4" srcActor="D0N15"/>
            <port dstActor="D0N43" name="p5" srcActor="D0N24"/>
            <port dstActor="D0N29" name="p6" srcActor="D0N24"/>
            <port dstActor="D0N41" name="p7" srcActor="D0N24"/>
            <port dstActor="D0N47" name="p8" srcActor="D0N32"/>
            <port dstActor="D0N43" name="p9" srcActor="D0N32"/>
            <port dstActor="D0N40" name="p10" srcActor="D0N38"/>
            <port dstActor="D0N46" name="p11" srcActor="D0N0"/>
            <port dstActor="D0N25" name="p12" srcActor="D0N0"/>
            <port dstActor="D0N4" name="p13" srcActor="D0N0"/>
            <port dstActor="D0N22" name="p14" srcActor="D0N0"/>
            <port dstActor="D0N8" name="p15" srcActor="D0N0"/>
            <port dstActor="D0N46" name="p16" srcActor="D0N30"/>
            <port dstActor="D0N20" name="p17" srcActor="D0N17"/>
            <port dstActor="D0N20" name="p18" srcActor="D0N19"/>
            <port dstActor="D0N45" name="p19" srcActor="D0N19"/>
            <port dstActor="D0N23" name="p20" srcActor="D0N19"/>
            <port dstActor="D0N24" name="p21" srcActor="D0N19"/>
            <port dstActor="D0N47" name="p22" srcActor="D0N19"/>
            <port dstActor="D0N37" name="p23" srcActor="D0N33"/>
            <port dstActor="D0N41" name="p24" srcActor="D0N33"/>
            <port dstActor="D0N44" name="p25" srcActor="D0N27"/>
            <port dstActor="D0N37" name="p26" srcActor="D0N27"/>
            <port dstActor="D0N32" name="p27" srcActor="D0N27"/>
            <port dstActor="D0N40" name="p28" srcActor="D0N27"/>
            <port dstActor="D0N35" name="p29" srcActor="D0N27"/>
            <port dstActor="D0N38" name="p30" srcActor="D0N31"/>
            <port dstActor="D0N42" name="p31" srcActor="D0N31"/>
            <port dstActor="D0N35" name="p32" srcActor="D0N31"/>
            <port dstActor="D0N5" name="p33" srcActor="D0N2"/>
            <port dstActor="D0N46" name="p34" srcActor="D0N2"/>
            <port dstActor="D0N28" name="p35" srcActor="D0N2"/>
            <port dstActor="D0N44" name="p36" srcActor="D0N37"/>
            <port dstActor="D0N37" name="p37" srcActor="D0N29"/>
            <port dstActor="D0N43" name="p38" srcActor="D0N29"/>
            <port dstActor="D0N30" name="p39" srcActor="D0N29"/>
            <port dstActor="D0N17" name="p40" srcActor="D0N1"/>
            <port dstActor="D0N20" name="p41" srcActor="D0N1"/>
            <port dstActor="D0N5" name="p42" srcActor="D0N1"/>
            <port dstActor="D0N14" name="p43" srcActor="D0N1"/>
            <port dstActor="D0N10" name="p44" srcActor="D0N1"/>
            <port dstActor="D0N21" name="p45" srcActor="D0N1"/>
            <port dstActor="D0N43" name="p46" srcActor="D0N6"/>
            <port dstActor="D0N39" name="p47" srcActor="D0N6"/>
            <port dstActor="D0N8" name="p48" srcActor="D0N6"/>
            <port dstActor="D0N41" name="p49" srcActor="D0N6"/>
            <port dstActor="D0N30" name="p50" srcActor="D0N22"/>
            <port dstActor="D0N37" name="p51" srcActor="D0N22"/>
            <port dstActor="D0N27" name="p52" srcActor="D0N25"/>
            <port dstActor="D0N42" name="p53" srcActor="D0N25"/>
            <port dstActor="D0N37" name="p54" srcActor="D0N25"/>
            <port dstActor="D0N28" name="p55" srcActor="D0N16"/>
            <port dstActor="D0N47" name="p56" srcActor="D0N16"/>
            <port dstActor="D0N34" name="p57" srcActor="D0N16"/>
            <port dstActor="D0N44" name="p58" srcActor="D0N16"/>
            <port dstActor="D0N35" name="p59" srcActor="D0N16"/>
            <port dstActor="D0N38" name="p60" srcActor="D0N28"/>
            <port dstActor="D0N47" name="p61" srcActor="D0N28"/>
            <port dstActor="D0N32" name="p62" srcActor="D0N28"/>
            <port dstActor="D0N46" name="p63" srcActor="D0N45"/>
            <port dstActor="D0N24" name="p64" srcActor="D0N12"/>
            <port dstActor="D0N13" name="p65" srcActor="D0N12"/>
            <port dstActor="D0N19" name="p66" srcActor="D0N12"/>
            <port dstActor="D0N36" name="p67" srcActor="D0N34"/>
            <port dstActor="D0N24" name="p68" srcActor="D0N11"/>
            <port dstActor="D0N41" name="p69" srcActor="D0N11"/>
            <port dstActor="D0N27" name="p70" srcActor="D0N11"/>
            <port dstActor="D0N42" name="p71" srcActor="D0N23"/>
            <port dstActor="D0N44" name="p72" srcActor="D0N41"/>
            <port dstActor="D0N22" name="p73" srcActor="D0N8"/>
            <port dstActor="D0N16" name="p74" srcActor="D0N8"/>
            <port dstActor="D0N39" name="p75" srcActor="D0N8"/>
            <port dstActor="D0N26" name="p76" srcActor="D0N4"/>
            <port dstActor="D0N41" name="p77" srcActor="D0N4"/>
            <port dstActor="D0N43" name="p78" srcActor="D0N4"/>
            <port dstActor="D0N47" name="p79" srcActor="D0N4"/>
            <port dstActor="D0N34" name="p80" srcActor="D0N21"/>
            <port dstActor="D0N32" name="p81" srcActor="D0N21"/>
            <port dstActor="D0N22" name="p82" srcActor="D0N21"/>
            <port dstActor="D0N40" name="p83" srcActor="D0N36"/>
            <port dstActor="D0N17" name="p84" srcActor="D0N14"/>
            <port dstActor="D0N24" name="p85" srcActor="D0N14"/>
            <port dstActor="D0N27" name="p86" srcActor="D0N14"/>
            <port dstActor="D0N45" name="p87" srcActor="D0N14"/>
            <port dstActor="D0N34" name="p88" srcActor="D0N18"/>
            <port dstActor="D0N41" name="p89" srcActor="D0N18"/>
            <port dstActor="D0N20" name="p90" srcActor="D0N18"/>
            <port dstActor="D0N23" name="p91" srcActor="D0N18"/>
            <port dstActor="D0N15" name="p92" srcActor="D0N10"/>
            <port dstActor="D0N37" name="p93" srcActor="D0N10"/>
            <port dstActor="D0N11" name="p94" srcActor="D0N10"/>
            <port dstActor="D0N38" name="p95" srcActor="D0N10"/>
            <port dstActor="D0N13" name="p96" srcActor="D0N10"/>
            <port dstActor="D0N46" name="p97" srcActor="D0N10"/>
            <port dstActor="D0N26" name="p98" srcActor="D0N10"/>
            <port dstActor="D0N47" name="p99" srcActor="D0N10"/>
            <port dstActor="D0N20" name="p100" srcActor="D0N5"/>
            <port dstActor="D0N42" name="p101" srcActor="D0N5"/>
            <port dstActor="D0N23" name="p102" srcActor="D0N5"/>
            <port dstActor="D0N43" name="p103" srcActor="D0N5"/>
            <port dstActor="D0N47" name="p104" srcActor="D0N5"/>
            <port dstActor="D0N24" name="p105" srcActor="D0N20"/>
            <port dstActor="D0N30" name="p106" srcActor="D0N20"/>
            <port dstActor="D0N45" name="p107" srcActor="D0N20"/>
            <port dstActor="D0N41" name="p108" srcActor="D0N20"/>
            <port dstActor="D0N37" name="p109" srcActor="D0N20"/>
            <port dstActor="D0N24" name="p110" srcActor="D0N7"/>
            <port dstActor="D0N39" name="p111" srcActor="D0N7"/>
            <port dstActor="D0N10" name="p112" srcActor="D0N7"/>
            <port dstActor="D0N15" name="p113" srcActor="D0N7"/>
            <port dstActor="D0N40" name="p114" srcActor="D0N7"/>
            <port dstActor="D0N23" name="p115" srcActor="D0N7"/>
            <port dstActor="D0N25" name="p116" srcActor="D0N7"/>
            <port dstActor="D0N15" name="p117" srcActor="D0N9"/>
            <port dstActor="D0N40" name="p118" srcActor="D0N39"/>
            <port dstActor="D0N28" name="p119" srcActor="D0N3"/>
            <port dstActor="D0N16" name="p120" srcActor="D0N3"/>
            <port dstActor="D0N47" name="p121" srcActor="D0N3"/>
            <port dstActor="D0N44" name="p122" srcActor="D0N3"/>
            <port dstActor="D0N31" name="p123" srcActor="D0N13"/>
            <port dstActor="D0N27" name="p124" srcActor="D0N13"/>
            <port dstActor="D0N14" name="p125" srcActor="D0N13"/>
            <port dstActor="D0N43" name="p126" srcActor="D0N35"/>
            <port dstActor="D0N46" name="p127" srcActor="D0N35"/>
            <port dstActor="D0N34" name="p128" srcActor="D0N26"/>
            <port dstActor="D0N44" name="p129" srcActor="D0N26"/>
        </ports>
    </mcdag>
    <cores number="3"/>
    <levels number="2"/>
</mcsystem>
