<?xml version="1.0" encoding="UTF-8" standalone="no"?>
<mcsystem>
    <mcdag deadline="2000" name="genned-0-ed-10.0-0">
        <actor name="D0N32">
            <wcet number="0">40</wcet>
            <wcet number="1">140</wcet>
            <maxpow number="0.2749105407708884"/>
            <maxpow number="0.2749105407708884"/>
            <fprob>0.0</fprob>
        </actor>
        <actor name="D0N16">
            <wcet number="0">120</wcet>
            <wcet number="1">140</wcet>
            <maxpow number="0.6825432971301308"/>
            <maxpow number="0.6825432971301308"/>
            <fprob>0.0</fprob>
        </actor>
        <actor name="D0N27">
            <wcet number="0">10</wcet>
            <wcet number="1">50</wcet>
            <maxpow number="0.23310425034882748"/>
            <maxpow number="0.23310425034882748"/>
            <fprob>0.0</fprob>
        </actor>
        <actor name="D0N39">
            <wcet number="0">40</wcet>
            <wcet number="1">60</wcet>
            <maxpow number="0.8060421641891538"/>
            <maxpow number="0.8060421641891538"/>
            <fprob>0.0</fprob>
        </actor>
        <actor name="D0N7">
            <wcet number="0">30</wcet>
            <wcet number="1">50</wcet>
            <maxpow number="0.48397344218596383"/>
            <maxpow number="0.48397344218596383"/>
            <fprob>0.0</fprob>
        </actor>
        <actor name="D0N25">
            <wcet number="0">20</wcet>
            <wcet number="1">20</wcet>
            <maxpow number="0.49325250881055066"/>
            <maxpow number="0.49325250881055066"/>
            <fprob>0.0</fprob>
        </actor>
        <actor name="D0N34">
            <wcet number="0">150</wcet>
            <wcet number="1">150</wcet>
            <maxpow number="0.6758090866313181"/>
            <maxpow number="0.6758090866313181"/>
            <fprob>0.0</fprob>
        </actor>
        <actor name="D0N26">
            <wcet number="0">10</wcet>
            <wcet number="1">10</wcet>
            <maxpow number="0.43433002233627793"/>
            <maxpow number="0.43433002233627793"/>
            <fprob>0.0</fprob>
        </actor>
        <actor name="D0N46">
            <wcet number="0">40</wcet>
            <wcet number="1">90</wcet>
            <maxpow number="0.3958064578826617"/>
            <maxpow number="0.3958064578826617"/>
            <fprob>0.0</fprob>
        </actor>
        <actor name="D0N38">
            <wcet number="0">130</wcet>
            <wcet number="1">180</wcet>
            <maxpow number="0.7276236993460209"/>
            <maxpow number="0.7276236993460209"/>
            <fprob>0.0</fprob>
        </actor>
        <actor name="D0N0">
            <wcet number="0">10</wcet>
            <wcet number="1">10</wcet>
            <maxpow number="0.2646167528610309"/>
            <maxpow number="0.2646167528610309"/>
            <fprob>0.0</fprob>
        </actor>
        <actor name="D0N45">
            <wcet number="0">40</wcet>
            <wcet number="1">50</wcet>
            <maxpow number="0.7338504130693062"/>
            <maxpow number="0.7338504130693062"/>
            <fprob>0.0</fprob>
        </actor>
        <actor name="D0N30">
            <wcet number="0">10</wcet>
            <wcet number="1">10</wcet>
            <maxpow number="0.5123273328521172"/>
            <maxpow number="0.5123273328521172"/>
            <fprob>0.0</fprob>
        </actor>
        <actor name="D0N2">
            <wcet number="0">20</wcet>
            <wcet number="1">20</wcet>
            <maxpow number="0.4525352053251929"/>
            <maxpow number="0.4525352053251929"/>
            <fprob>0.0</fprob>
        </actor>
        <actor name="D0N43">
            <wcet number="0">10</wcet>
            <wcet number="1">20</wcet>
            <maxpow number="0.6859240124265354"/>
            <maxpow number="0.6859240124265354"/>
            <fprob>0.0</fprob>
        </actor>
        <actor name="D0N4">
            <wcet number="0">170</wcet>
            <wcet number="1">230</wcet>
            <maxpow number="0.7268649292705429"/>
            <maxpow number="0.7268649292705429"/>
            <fprob>0.0</fprob>
        </actor>
        <actor name="D0N35">
            <wcet number="0">380</wcet>
            <wcet number="1">540</wcet>
            <maxpow number="0.8097439809410139"/>
            <maxpow number="0.8097439809410139"/>
            <fprob>0.0</fprob>
        </actor>
        <actor name="D0N19">
            <wcet number="0">50</wcet>
            <wcet number="1">100</wcet>
            <maxpow number="0.5655287663081643"/>
            <maxpow number="0.5655287663081643"/>
            <fprob>0.0</fprob>
        </actor>
        <actor name="D0N14">
            <wcet number="0">20</wcet>
            <wcet number="1">30</wcet>
            <maxpow number="0.6376213828256373"/>
            <maxpow number="0.6376213828256373"/>
            <fprob>0.0</fprob>
        </actor>
        <actor name="D0N8">
            <wcet number="0">30</wcet>
            <wcet number="1">30</wcet>
            <maxpow number="0.17043638771081604"/>
            <maxpow number="0.17043638771081604"/>
            <fprob>0.0</fprob>
        </actor>
        <actor name="D0N31">
            <wcet number="0">10</wcet>
            <wcet number="1">10</wcet>
            <maxpow number="0.7339638851213796"/>
            <maxpow number="0.7339638851213796"/>
            <fprob>0.0</fprob>
        </actor>
        <actor name="D0N12">
            <wcet number="0">200</wcet>
            <wcet number="1">230</wcet>
            <maxpow number="0.40017199503150824"/>
            <maxpow number="0.40017199503150824"/>
            <fprob>0.0</fprob>
        </actor>
        <actor name="D0N37">
            <wcet number="0">30</wcet>
            <wcet number="1">60</wcet>
            <maxpow number="0.4657523238462702"/>
            <maxpow number="0.4657523238462702"/>
            <fprob>0.0</fprob>
        </actor>
        <actor name="D0N18">
            <wcet number="0">100</wcet>
            <wcet number="1">190</wcet>
            <maxpow number="0.36382442912036317"/>
            <maxpow number="0.36382442912036317"/>
            <fprob>0.0</fprob>
        </actor>
        <actor name="D0N29">
            <wcet number="0">70</wcet>
            <wcet number="1">120</wcet>
            <maxpow number="0.5424237369116186"/>
            <maxpow number="0.5424237369116186"/>
            <fprob>0.0</fprob>
        </actor>
        <actor name="D0N36">
            <wcet number="0">30</wcet>
            <wcet number="1">50</wcet>
            <maxpow number="0.7494145963745091"/>
            <maxpow number="0.7494145963745091"/>
            <fprob>0.0</fprob>
        </actor>
        <actor name="D0N20">
            <wcet number="0">10</wcet>
            <wcet number="1">80</wcet>
            <maxpow number="0.65842821879569"/>
            <maxpow number="0.65842821879569"/>
            <fprob>0.0</fprob>
        </actor>
        <actor name="D0N22">
            <wcet number="0">110</wcet>
            <wcet number="1">300</wcet>
            <maxpow number="0.25002988708763985"/>
            <maxpow number="0.25002988708763985"/>
            <fprob>0.0</fprob>
        </actor>
        <actor name="D0N42">
            <wcet number="0">60</wcet>
            <wcet number="1">100</wcet>
            <maxpow number="0.2973024676527106"/>
            <maxpow number="0.2973024676527106"/>
            <fprob>0.0</fprob>
        </actor>
        <actor name="D0N10">
            <wcet number="0">20</wcet>
            <wcet number="1">20</wcet>
            <maxpow number="0.5370612542923003"/>
            <maxpow number="0.5370612542923003"/>
            <fprob>0.0</fprob>
        </actor>
        <actor name="D0N40">
            <wcet number="0">20</wcet>
            <wcet number="1">20</wcet>
            <maxpow number="0.4448200159209068"/>
            <maxpow number="0.4448200159209068"/>
            <fprob>0.0</fprob>
        </actor>
        <actor name="D0N15">
            <wcet number="0">140</wcet>
            <wcet number="1">150</wcet>
            <maxpow number="0.5924937442771561"/>
            <maxpow number="0.5924937442771561"/>
            <fprob>0.0</fprob>
        </actor>
        <actor name="D0N11">
            <wcet number="0">280</wcet>
            <wcet number="1">310</wcet>
            <maxpow number="0.5256578103389368"/>
            <maxpow number="0.5256578103389368"/>
            <fprob>0.0</fprob>
        </actor>
        <actor name="D0N44">
            <wcet number="0">110</wcet>
            <wcet number="1">120</wcet>
            <maxpow number="0.6288044025540563"/>
            <maxpow number="0.6288044025540563"/>
            <fprob>0.0</fprob>
        </actor>
        <actor name="D0N24">
            <wcet number="0">30</wcet>
            <wcet number="1">30</wcet>
            <maxpow number="0.6803603980321058"/>
            <maxpow number="0.6803603980321058"/>
            <fprob>0.0</fprob>
        </actor>
        <actor name="D0N6">
            <wcet number="0">40</wcet>
            <wcet number="1">150</wcet>
            <maxpow number="0.8213244227577473"/>
            <maxpow number="0.8213244227577473"/>
            <fprob>0.0</fprob>
        </actor>
        <actor name="D0N3">
            <wcet number="0">10</wcet>
            <wcet number="1">50</wcet>
            <maxpow number="0.808258264532645"/>
            <maxpow number="0.808258264532645"/>
            <fprob>0.0</fprob>
        </actor>
        <actor name="D0N13">
            <wcet number="0">10</wcet>
            <wcet number="1">170</wcet>
            <maxpow number="0.4415696502243602"/>
            <maxpow number="0.4415696502243602"/>
            <fprob>0.0</fprob>
        </actor>
        <actor name="D0N17">
            <wcet number="0">10</wcet>
            <wcet number="1">80</wcet>
            <maxpow number="0.8019814127323825"/>
            <maxpow number="0.8019814127323825"/>
            <fprob>0.0</fprob>
        </actor>
        <actor name="D0N21">
            <wcet number="0">50</wcet>
            <wcet number="1">60</wcet>
            <maxpow number="0.0652019868411765"/>
            <maxpow number="0.0652019868411765"/>
            <fprob>0.0</fprob>
        </actor>
        <actor name="D0N1">
            <wcet number="0">20</wcet>
            <wcet number="1">20</wcet>
            <maxpow number="0.575913275277007"/>
            <maxpow number="0.575913275277007"/>
            <fprob>0.0</fprob>
        </actor>
        <actor name="D0N41">
            <wcet number="0">20</wcet>
            <wcet number="1">20</wcet>
            <maxpow number="0.3809004650299443"/>
            <maxpow number="0.3809004650299443"/>
            <fprob>0.0</fprob>
        </actor>
        <actor name="D0N5">
            <wcet number="0">30</wcet>
            <wcet number="1">30</wcet>
            <maxpow number="0.5904173054809718"/>
            <maxpow number="0.5904173054809718"/>
            <fprob>0.0</fprob>
        </actor>
        <actor name="D0N9">
            <wcet number="0">10</wcet>
            <wcet number="1">10</wcet>
            <maxpow number="0.5831345999718145"/>
            <maxpow number="0.5831345999718145"/>
            <fprob>0.0</fprob>
        </actor>
        <actor name="D0N33">
            <wcet number="0">20</wcet>
            <wcet number="1">50</wcet>
            <maxpow number="0.254780436545675"/>
            <maxpow number="0.254780436545675"/>
            <fprob>0.0</fprob>
        </actor>
        <actor name="D0N28">
            <wcet number="0">70</wcet>
            <wcet number="1">90</wcet>
            <maxpow number="0.4974154026514657"/>
            <maxpow number="0.4974154026514657"/>
            <fprob>0.0</fprob>
        </actor>
        <actor name="D0N23">
            <wcet number="0">120</wcet>
            <wcet number="1">150</wcet>
            <maxpow number="0.4250509571004559"/>
            <maxpow number="0.4250509571004559"/>
            <fprob>0.0</fprob>
        </actor>
        <ports>
            <port dstActor="D0N44" name="p0" srcActor="D0N32"/>
            <port dstActor="D0N34" name="p1" srcActor="D0N16"/>
            <port dstActor="D0N40" name="p2" srcActor="D0N16"/>
            <port dstActor="D0N45" name="p3" srcActor="D0N16"/>
            <port dstActor="D0N33" name="p4" srcActor="D0N16"/>
            <port dstActor="D0N34" name="p5" srcActor="D0N27"/>
            <port dstActor="D0N42" name="p6" srcActor="D0N27"/>
            <port dstActor="D0N39" name="p7" srcActor="D0N27"/>
            <port dstActor="D0N44" name="p8" srcActor="D0N27"/>
            <port dstActor="D0N10" name="p9" srcActor="D0N7"/>
            <port dstActor="D0N43" name="p10" srcActor="D0N7"/>
            <port dstActor="D0N22" name="p11" srcActor="D0N7"/>
            <port dstActor="D0N25" name="p12" srcActor="D0N7"/>
            <port dstActor="D0N20" name="p13" srcActor="D0N7"/>
            <port dstActor="D0N31" name="p14" srcActor="D0N25"/>
            <port dstActor="D0N35" name="p15" srcActor="D0N25"/>
            <port dstActor="D0N42" name="p16" srcActor="D0N34"/>
            <port dstActor="D0N38" name="p17" srcActor="D0N34"/>
            <port dstActor="D0N31" name="p18" srcActor="D0N26"/>
            <port dstActor="D0N42" name="p19" srcActor="D0N38"/>
            <port dstActor="D0N27" name="p20" srcActor="D0N0"/>
            <port dstActor="D0N29" name="p21" srcActor="D0N0"/>
            <port dstActor="D0N7" name="p22" srcActor="D0N0"/>
            <port dstActor="D0N17" name="p23" srcActor="D0N0"/>
            <port dstActor="D0N33" name="p24" srcActor="D0N30"/>
            <port dstActor="D0N44" name="p25" srcActor="D0N2"/>
            <port dstActor="D0N33" name="p26" srcActor="D0N2"/>
            <port dstActor="D0N45" name="p27" srcActor="D0N2"/>
            <port dstActor="D0N10" name="p28" srcActor="D0N2"/>
            <port dstActor="D0N30" name="p29" srcActor="D0N4"/>
            <port dstActor="D0N43" name="p30" srcActor="D0N4"/>
            <port dstActor="D0N46" name="p31" srcActor="D0N35"/>
            <port dstActor="D0N44" name="p32" srcActor="D0N35"/>
            <port dstActor="D0N39" name="p33" srcActor="D0N35"/>
            <port dstActor="D0N24" name="p34" srcActor="D0N19"/>
            <port dstActor="D0N39" name="p35" srcActor="D0N19"/>
            <port dstActor="D0N25" name="p36" srcActor="D0N19"/>
            <port dstActor="D0N23" name="p37" srcActor="D0N19"/>
            <port dstActor="D0N34" name="p38" srcActor="D0N8"/>
            <port dstActor="D0N24" name="p39" srcActor="D0N12"/>
            <port dstActor="D0N23" name="p40" srcActor="D0N12"/>
            <port dstActor="D0N34" name="p41" srcActor="D0N12"/>
            <port dstActor="D0N42" name="p42" srcActor="D0N12"/>
            <port dstActor="D0N13" name="p43" srcActor="D0N12"/>
            <port dstActor="D0N40" name="p44" srcActor="D0N37"/>
            <port dstActor="D0N45" name="p45" srcActor="D0N18"/>
            <port dstActor="D0N25" name="p46" srcActor="D0N18"/>
            <port dstActor="D0N38" name="p47" srcActor="D0N18"/>
            <port dstActor="D0N30" name="p48" srcActor="D0N18"/>
            <port dstActor="D0N31" name="p49" srcActor="D0N29"/>
            <port dstActor="D0N45" name="p50" srcActor="D0N36"/>
            <port dstActor="D0N38" name="p51" srcActor="D0N36"/>
            <port dstActor="D0N24" name="p52" srcActor="D0N20"/>
            <port dstActor="D0N36" name="p53" srcActor="D0N20"/>
            <port dstActor="D0N34" name="p54" srcActor="D0N20"/>
            <port dstActor="D0N40" name="p55" srcActor="D0N22"/>
            <port dstActor="D0N26" name="p56" srcActor="D0N22"/>
            <port dstActor="D0N42" name="p57" srcActor="D0N22"/>
            <port dstActor="D0N32" name="p58" srcActor="D0N10"/>
            <port dstActor="D0N15" name="p59" srcActor="D0N10"/>
            <port dstActor="D0N33" name="p60" srcActor="D0N10"/>
            <port dstActor="D0N33" name="p61" srcActor="D0N15"/>
            <port dstActor="D0N37" name="p62" srcActor="D0N15"/>
            <port dstActor="D0N25" name="p63" srcActor="D0N11"/>
            <port dstActor="D0N46" name="p64" srcActor="D0N24"/>
            <port dstActor="D0N28" name="p65" srcActor="D0N24"/>
            <port dstActor="D0N29" name="p66" srcActor="D0N24"/>
            <port dstActor="D0N17" name="p67" srcActor="D0N6"/>
            <port dstActor="D0N15" name="p68" srcActor="D0N6"/>
            <port dstActor="D0N25" name="p69" srcActor="D0N6"/>
            <port dstActor="D0N32" name="p70" srcActor="D0N6"/>
            <port dstActor="D0N17" name="p71" srcActor="D0N3"/>
            <port dstActor="D0N45" name="p72" srcActor="D0N3"/>
            <port dstActor="D0N9" name="p73" srcActor="D0N3"/>
            <port dstActor="D0N15" name="p74" srcActor="D0N13"/>
            <port dstActor="D0N41" name="p75" srcActor="D0N13"/>
            <port dstActor="D0N19" name="p76" srcActor="D0N13"/>
            <port dstActor="D0N23" name="p77" srcActor="D0N13"/>
            <port dstActor="D0N38" name="p78" srcActor="D0N13"/>
            <port dstActor="D0N27" name="p79" srcActor="D0N21"/>
            <port dstActor="D0N26" name="p80" srcActor="D0N21"/>
            <port dstActor="D0N15" name="p81" srcActor="D0N1"/>
            <port dstActor="D0N25" name="p82" srcActor="D0N1"/>
            <port dstActor="D0N9" name="p83" srcActor="D0N1"/>
            <port dstActor="D0N35" name="p84" srcActor="D0N1"/>
            <port dstActor="D0N45" name="p85" srcActor="D0N1"/>
            <port dstActor="D0N42" name="p86" srcActor="D0N41"/>
            <port dstActor="D0N45" name="p87" srcActor="D0N41"/>
            <port dstActor="D0N34" name="p88" srcActor="D0N5"/>
            <port dstActor="D0N22" name="p89" srcActor="D0N5"/>
            <port dstActor="D0N36" name="p90" srcActor="D0N5"/>
            <port dstActor="D0N38" name="p91" srcActor="D0N5"/>
            <port dstActor="D0N20" name="p92" srcActor="D0N5"/>
            <port dstActor="D0N39" name="p93" srcActor="D0N33"/>
            <port dstActor="D0N43" name="p94" srcActor="D0N33"/>
            <port dstActor="D0N32" name="p95" srcActor="D0N28"/>
            <port dstActor="D0N44" name="p96" srcActor="D0N23"/>
            <port dstActor="D0N35" name="p97" srcActor="D0N23"/>
            <port dstActor="D0N24" name="p98" srcActor="D0N23"/>
            <port dstActor="D0N25" name="p99" srcActor="D0N23"/>
        </ports>
    </mcdag>
    <cores number="3"/>
    <levels number="2"/>
</mcsystem>
