<?xml version="1.0" encoding="UTF-8" standalone="no"?>
<mcsystem>
    <mcdag deadline="2500" name="genned-0-ed-10.0-0">
        <actor name="D0N45">
            <wcet number="0">10</wcet>
            <wcet number="1">40</wcet>
            <maxpow number="0.598280410654024"/>
            <maxpow number="0.598280410654024"/>
            <fprob>0.0</fprob>
        </actor>
        <actor name="D0N15">
            <wcet number="0">20</wcet>
            <wcet number="1">60</wcet>
            <maxpow number="0.22329862162143593"/>
            <maxpow number="0.22329862162143593"/>
            <fprob>0.0</fprob>
        </actor>
        <actor name="D0N17">
            <wcet number="0">40</wcet>
            <wcet number="1">40</wcet>
            <maxpow number="0.706319229150936"/>
            <maxpow number="0.706319229150936"/>
            <fprob>0.0</fprob>
        </actor>
        <actor name="D0N48">
            <wcet number="0">20</wcet>
            <wcet number="1">20</wcet>
            <maxpow number="0.5460128326895047"/>
            <maxpow number="0.5460128326895047"/>
            <fprob>0.0</fprob>
        </actor>
        <actor name="D0N27">
            <wcet number="0">20</wcet>
            <wcet number="1">140</wcet>
            <maxpow number="0.3755743048863809"/>
            <maxpow number="0.3755743048863809"/>
            <fprob>0.0</fprob>
        </actor>
        <actor name="D0N22">
            <wcet number="0">30</wcet>
            <wcet number="1">40</wcet>
            <maxpow number="0.20180797247631987"/>
            <maxpow number="0.20180797247631987"/>
            <fprob>0.0</fprob>
        </actor>
        <actor name="D0N44">
            <wcet number="0">20</wcet>
            <wcet number="1">50</wcet>
            <maxpow number="0.7670656489845623"/>
            <maxpow number="0.7670656489845623"/>
            <fprob>0.0</fprob>
        </actor>
        <actor name="D0N6">
            <wcet number="0">20</wcet>
            <wcet number="1">20</wcet>
            <maxpow number="0.9217110019374724"/>
            <maxpow number="0.9217110019374724"/>
            <fprob>0.0</fprob>
        </actor>
        <actor name="D0N42">
            <wcet number="0">40</wcet>
            <wcet number="1">70</wcet>
            <maxpow number="0.5048668668093212"/>
            <maxpow number="0.5048668668093212"/>
            <fprob>0.0</fprob>
        </actor>
        <actor name="D0N9">
            <wcet number="0">150</wcet>
            <wcet number="1">340</wcet>
            <maxpow number="0.3255317152764948"/>
            <maxpow number="0.3255317152764948"/>
            <fprob>0.0</fprob>
        </actor>
        <actor name="D0N19">
            <wcet number="0">20</wcet>
            <wcet number="1">20</wcet>
            <maxpow number="0.46617960561432953"/>
            <maxpow number="0.46617960561432953"/>
            <fprob>0.0</fprob>
        </actor>
        <actor name="D0N12">
            <wcet number="0">20</wcet>
            <wcet number="1">30</wcet>
            <maxpow number="0.8690591061217536"/>
            <maxpow number="0.8690591061217536"/>
            <fprob>0.0</fprob>
        </actor>
        <actor name="D0N10">
            <wcet number="0">30</wcet>
            <wcet number="1">150</wcet>
            <maxpow number="0.5851731390380315"/>
            <maxpow number="0.5851731390380315"/>
            <fprob>0.0</fprob>
        </actor>
        <actor name="D0N35">
            <wcet number="0">20</wcet>
            <wcet number="1">20</wcet>
            <maxpow number="0.6083820266960054"/>
            <maxpow number="0.6083820266960054"/>
            <fprob>0.0</fprob>
        </actor>
        <actor name="D0N43">
            <wcet number="0">50</wcet>
            <wcet number="1">130</wcet>
            <maxpow number="0.6913415749475593"/>
            <maxpow number="0.6913415749475593"/>
            <fprob>0.0</fprob>
        </actor>
        <actor name="D0N46">
            <wcet number="0">50</wcet>
            <wcet number="1">170</wcet>
            <maxpow number="0.4801484003883686"/>
            <maxpow number="0.4801484003883686"/>
            <fprob>0.0</fprob>
        </actor>
        <actor name="D0N31">
            <wcet number="0">20</wcet>
            <wcet number="1">70</wcet>
            <maxpow number="0.5089905879639542"/>
            <maxpow number="0.5089905879639542"/>
            <fprob>0.0</fprob>
        </actor>
        <actor name="D0N2">
            <wcet number="0">40</wcet>
            <wcet number="1">130</wcet>
            <maxpow number="0.628218103989396"/>
            <maxpow number="0.628218103989396"/>
            <fprob>0.0</fprob>
        </actor>
        <actor name="D0N32">
            <wcet number="0">60</wcet>
            <wcet number="1">120</wcet>
            <maxpow number="0.8687460019841707"/>
            <maxpow number="0.8687460019841707"/>
            <fprob>0.0</fprob>
        </actor>
        <actor name="D0N24">
            <wcet number="0">20</wcet>
            <wcet number="1">60</wcet>
            <maxpow number="0.39090161759643893"/>
            <maxpow number="0.39090161759643893"/>
            <fprob>0.0</fprob>
        </actor>
        <actor name="D0N0">
            <wcet number="0">20</wcet>
            <wcet number="1">20</wcet>
            <maxpow number="0.9383448817731348"/>
            <maxpow number="0.9383448817731348"/>
            <fprob>0.0</fprob>
        </actor>
        <actor name="D0N4">
            <wcet number="0">10</wcet>
            <wcet number="1">10</wcet>
            <maxpow number="0.6286654666961573"/>
            <maxpow number="0.6286654666961573"/>
            <fprob>0.0</fprob>
        </actor>
        <actor name="D0N20">
            <wcet number="0">50</wcet>
            <wcet number="1">70</wcet>
            <maxpow number="0.6627153167644874"/>
            <maxpow number="0.6627153167644874"/>
            <fprob>0.0</fprob>
        </actor>
        <actor name="D0N7">
            <wcet number="0">80</wcet>
            <wcet number="1">80</wcet>
            <maxpow number="0.32457252672230075"/>
            <maxpow number="0.32457252672230075"/>
            <fprob>0.0</fprob>
        </actor>
        <actor name="D0N14">
            <wcet number="0">180</wcet>
            <wcet number="1">190</wcet>
            <maxpow number="0.6592646022253119"/>
            <maxpow number="0.6592646022253119"/>
            <fprob>0.0</fprob>
        </actor>
        <actor name="D0N5">
            <wcet number="0">100</wcet>
            <wcet number="1">180</wcet>
            <maxpow number="0.7635512945690698"/>
            <maxpow number="0.7635512945690698"/>
            <fprob>0.0</fprob>
        </actor>
        <actor name="D0N23">
            <wcet number="0">130</wcet>
            <wcet number="1">270</wcet>
            <maxpow number="0.46482626087591994"/>
            <maxpow number="0.46482626087591994"/>
            <fprob>0.0</fprob>
        </actor>
        <actor name="D0N28">
            <wcet number="0">30</wcet>
            <wcet number="1">30</wcet>
            <maxpow number="0.5666452778417824"/>
            <maxpow number="0.5666452778417824"/>
            <fprob>0.0</fprob>
        </actor>
        <actor name="D0N16">
            <wcet number="0">20</wcet>
            <wcet number="1">50</wcet>
            <maxpow number="0.5813478620088948"/>
            <maxpow number="0.5813478620088948"/>
            <fprob>0.0</fprob>
        </actor>
        <actor name="D0N36">
            <wcet number="0">50</wcet>
            <wcet number="1">130</wcet>
            <maxpow number="0.7221502324484257"/>
            <maxpow number="0.7221502324484257"/>
            <fprob>0.0</fprob>
        </actor>
        <actor name="D0N8">
            <wcet number="0">40</wcet>
            <wcet number="1">70</wcet>
            <maxpow number="0.29881965600620364"/>
            <maxpow number="0.29881965600620364"/>
            <fprob>0.0</fprob>
        </actor>
        <actor name="D0N37">
            <wcet number="0">30</wcet>
            <wcet number="1">200</wcet>
            <maxpow number="0.49760158548967814"/>
            <maxpow number="0.49760158548967814"/>
            <fprob>0.0</fprob>
        </actor>
        <actor name="D0N18">
            <wcet number="0">230</wcet>
            <wcet number="1">400</wcet>
            <maxpow number="0.6355892139576987"/>
            <maxpow number="0.6355892139576987"/>
            <fprob>0.0</fprob>
        </actor>
        <actor name="D0N34">
            <wcet number="0">40</wcet>
            <wcet number="1">50</wcet>
            <maxpow number="0.4321386603045769"/>
            <maxpow number="0.4321386603045769"/>
            <fprob>0.0</fprob>
        </actor>
        <actor name="D0N47">
            <wcet number="0">60</wcet>
            <wcet number="1">60</wcet>
            <maxpow number="0.5304913192305756"/>
            <maxpow number="0.5304913192305756"/>
            <fprob>0.0</fprob>
        </actor>
        <actor name="D0N41">
            <wcet number="0">10</wcet>
            <wcet number="1">30</wcet>
            <maxpow number="0.6502507141834021"/>
            <maxpow number="0.6502507141834021"/>
            <fprob>0.0</fprob>
        </actor>
        <actor name="D0N25">
            <wcet number="0">20</wcet>
            <wcet number="1">20</wcet>
            <maxpow number="0.4336339544948273"/>
            <maxpow number="0.4336339544948273"/>
            <fprob>0.0</fprob>
        </actor>
        <actor name="D0N29">
            <wcet number="0">10</wcet>
            <wcet number="1">10</wcet>
            <maxpow number="0.6449028428251439"/>
            <maxpow number="0.6449028428251439"/>
            <fprob>0.0</fprob>
        </actor>
        <actor name="D0N11">
            <wcet number="0">140</wcet>
            <wcet number="1">180</wcet>
            <maxpow number="0.7099654966006812"/>
            <maxpow number="0.7099654966006812"/>
            <fprob>0.0</fprob>
        </actor>
        <actor name="D0N39">
            <wcet number="0">10</wcet>
            <wcet number="1">10</wcet>
            <maxpow number="0.7077430184901545"/>
            <maxpow number="0.7077430184901545"/>
            <fprob>0.0</fprob>
        </actor>
        <actor name="D0N1">
            <wcet number="0">100</wcet>
            <wcet number="1">100</wcet>
            <maxpow number="0.578784786857854"/>
            <maxpow number="0.578784786857854"/>
            <fprob>0.0</fprob>
        </actor>
        <actor name="D0N3">
            <wcet number="0">10</wcet>
            <wcet number="1">20</wcet>
            <maxpow number="0.40635226709888256"/>
            <maxpow number="0.40635226709888256"/>
            <fprob>0.0</fprob>
        </actor>
        <actor name="D0N30">
            <wcet number="0">210</wcet>
            <wcet number="1">250</wcet>
            <maxpow number="0.4735200665170442"/>
            <maxpow number="0.4735200665170442"/>
            <fprob>0.0</fprob>
        </actor>
        <actor name="D0N38">
            <wcet number="0">30</wcet>
            <wcet number="1">30</wcet>
            <maxpow number="0.7406137350935624"/>
            <maxpow number="0.7406137350935624"/>
            <fprob>0.0</fprob>
        </actor>
        <actor name="D0N40">
            <wcet number="0">160</wcet>
            <wcet number="1">580</wcet>
            <maxpow number="0.5126163024938788"/>
            <maxpow number="0.5126163024938788"/>
            <fprob>0.0</fprob>
        </actor>
        <actor name="D0N21">
            <wcet number="0">10</wcet>
            <wcet number="1">30</wcet>
            <maxpow number="0.43429666290619345"/>
            <maxpow number="0.43429666290619345"/>
            <fprob>0.0</fprob>
        </actor>
        <actor name="D0N33">
            <wcet number="0">190</wcet>
            <wcet number="1">220</wcet>
            <maxpow number="0.2664017996240756"/>
            <maxpow number="0.2664017996240756"/>
            <fprob>0.0</fprob>
        </actor>
        <actor name="D0N26">
            <wcet number="0">40</wcet>
            <wcet number="1">180</wcet>
            <maxpow number="0.5723384185615641"/>
            <maxpow number="0.5723384185615641"/>
            <fprob>0.0</fprob>
        </actor>
        <actor name="D0N13">
            <wcet number="0">10</wcet>
            <wcet number="1">60</wcet>
            <maxpow number="0.1979734718226011"/>
            <maxpow number="0.1979734718226011"/>
            <fprob>0.0</fprob>
        </actor>
        <ports>
            <port dstActor="D0N27" name="p0" srcActor="D0N15"/>
            <port dstActor="D0N29" name="p1" srcActor="D0N15"/>
            <port dstActor="D0N47" name="p2" srcActor="D0N15"/>
            <port dstActor="D0N35" name="p3" srcActor="D0N17"/>
            <port dstActor="D0N45" name="p4" srcActor="D0N17"/>
            <port dstActor="D0N32" name="p5" srcActor="D0N27"/>
            <port dstActor="D0N28" name="p6" srcActor="D0N27"/>
            <port dstActor="D0N43" name="p7" srcActor="D0N6"/>
            <port dstActor="D0N46" name="p8" srcActor="D0N9"/>
            <port dstActor="D0N45" name="p9" srcActor="D0N19"/>
            <port dstActor="D0N33" name="p10" srcActor="D0N19"/>
            <port dstActor="D0N41" name="p11" srcActor="D0N12"/>
            <port dstActor="D0N18" name="p12" srcActor="D0N12"/>
            <port dstActor="D0N45" name="p13" srcActor="D0N12"/>
            <port dstActor="D0N20" name="p14" srcActor="D0N12"/>
            <port dstActor="D0N17" name="p15" srcActor="D0N10"/>
            <port dstActor="D0N21" name="p16" srcActor="D0N10"/>
            <port dstActor="D0N38" name="p17" srcActor="D0N35"/>
            <port dstActor="D0N47" name="p18" srcActor="D0N43"/>
            <port dstActor="D0N35" name="p19" srcActor="D0N31"/>
            <port dstActor="D0N33" name="p20" srcActor="D0N31"/>
            <port dstActor="D0N46" name="p21" srcActor="D0N31"/>
            <port dstActor="D0N16" name="p22" srcActor="D0N2"/>
            <port dstActor="D0N8" name="p23" srcActor="D0N2"/>
            <port dstActor="D0N10" name="p24" srcActor="D0N2"/>
            <port dstActor="D0N30" name="p25" srcActor="D0N2"/>
            <port dstActor="D0N24" name="p26" srcActor="D0N2"/>
            <port dstActor="D0N37" name="p27" srcActor="D0N2"/>
            <port dstActor="D0N43" name="p28" srcActor="D0N2"/>
            <port dstActor="D0N37" name="p29" srcActor="D0N32"/>
            <port dstActor="D0N48" name="p30" srcActor="D0N32"/>
            <port dstActor="D0N43" name="p31" srcActor="D0N32"/>
            <port dstActor="D0N41" name="p32" srcActor="D0N24"/>
            <port dstActor="D0N48" name="p33" srcActor="D0N24"/>
            <port dstActor="D0N44" name="p34" srcActor="D0N24"/>
            <port dstActor="D0N40" name="p35" srcActor="D0N24"/>
            <port dstActor="D0N16" name="p36" srcActor="D0N0"/>
            <port dstActor="D0N28" name="p37" srcActor="D0N0"/>
            <port dstActor="D0N6" name="p38" srcActor="D0N0"/>
            <port dstActor="D0N48" name="p39" srcActor="D0N0"/>
            <port dstActor="D0N9" name="p40" srcActor="D0N0"/>
            <port dstActor="D0N21" name="p41" srcActor="D0N0"/>
            <port dstActor="D0N21" name="p42" srcActor="D0N4"/>
            <port dstActor="D0N38" name="p43" srcActor="D0N4"/>
            <port dstActor="D0N46" name="p44" srcActor="D0N4"/>
            <port dstActor="D0N18" name="p45" srcActor="D0N4"/>
            <port dstActor="D0N6" name="p46" srcActor="D0N4"/>
            <port dstActor="D0N36" name="p47" srcActor="D0N4"/>
            <port dstActor="D0N32" name="p48" srcActor="D0N20"/>
            <port dstActor="D0N45" name="p49" srcActor="D0N20"/>
            <port dstActor="D0N35" name="p50" srcActor="D0N20"/>
            <port dstActor="D0N25" name="p51" srcActor="D0N20"/>
            <port dstActor="D0N43" name="p52" srcActor="D0N20"/>
            <port dstActor="D0N23" name="p53" srcActor="D0N7"/>
            <port dstActor="D0N11" name="p54" srcActor="D0N7"/>
            <port dstActor="D0N35" name="p55" srcActor="D0N7"/>
            <port dstActor="D0N12" name="p56" srcActor="D0N7"/>
            <port dstActor="D0N32" name="p57" srcActor="D0N14"/>
            <port dstActor="D0N40" name="p58" srcActor="D0N14"/>
            <port dstActor="D0N16" name="p59" srcActor="D0N5"/>
            <port dstActor="D0N22" name="p60" srcActor="D0N5"/>
            <port dstActor="D0N41" name="p61" srcActor="D0N5"/>
            <port dstActor="D0N38" name="p62" srcActor="D0N28"/>
            <port dstActor="D0N32" name="p63" srcActor="D0N28"/>
            <port dstActor="D0N39" name="p64" srcActor="D0N28"/>
            <port dstActor="D0N29" name="p65" srcActor="D0N28"/>
            <port dstActor="D0N33" name="p66" srcActor="D0N28"/>
            <port dstActor="D0N44" name="p67" srcActor="D0N28"/>
            <port dstActor="D0N47" name="p68" srcActor="D0N16"/>
            <port dstActor="D0N36" name="p69" srcActor="D0N16"/>
            <port dstActor="D0N28" name="p70" srcActor="D0N16"/>
            <port dstActor="D0N34" name="p71" srcActor="D0N16"/>
            <port dstActor="D0N25" name="p72" srcActor="D0N16"/>
            <port dstActor="D0N24" name="p73" srcActor="D0N16"/>
            <port dstActor="D0N32" name="p74" srcActor="D0N8"/>
            <port dstActor="D0N23" name="p75" srcActor="D0N8"/>
            <port dstActor="D0N13" name="p76" srcActor="D0N8"/>
            <port dstActor="D0N19" name="p77" srcActor="D0N8"/>
            <port dstActor="D0N45" name="p78" srcActor="D0N8"/>
            <port dstActor="D0N39" name="p79" srcActor="D0N37"/>
            <port dstActor="D0N41" name="p80" srcActor="D0N37"/>
            <port dstActor="D0N23" name="p81" srcActor="D0N18"/>
            <port dstActor="D0N32" name="p82" srcActor="D0N18"/>
            <port dstActor="D0N25" name="p83" srcActor="D0N18"/>
            <port dstActor="D0N33" name="p84" srcActor="D0N18"/>
            <port dstActor="D0N39" name="p85" srcActor="D0N34"/>
            <port dstActor="D0N48" name="p86" srcActor="D0N34"/>
            <port dstActor="D0N45" name="p87" srcActor="D0N41"/>
            <port dstActor="D0N46" name="p88" srcActor="D0N25"/>
            <port dstActor="D0N28" name="p89" srcActor="D0N25"/>
            <port dstActor="D0N47" name="p90" srcActor="D0N29"/>
            <port dstActor="D0N31" name="p91" srcActor="D0N29"/>
            <port dstActor="D0N33" name="p92" srcActor="D0N11"/>
            <port dstActor="D0N18" name="p93" srcActor="D0N11"/>
            <port dstActor="D0N43" name="p94" srcActor="D0N11"/>
            <port dstActor="D0N20" name="p95" srcActor="D0N11"/>
            <port dstActor="D0N46" name="p96" srcActor="D0N39"/>
            <port dstActor="D0N44" name="p97" srcActor="D0N39"/>
            <port dstActor="D0N45" name="p98" srcActor="D0N1"/>
            <port dstActor="D0N28" name="p99" srcActor="D0N1"/>
            <port dstActor="D0N18" name="p100" srcActor="D0N1"/>
            <port dstActor="D0N41" name="p101" srcActor="D0N1"/>
            <port dstActor="D0N14" name="p102" srcActor="D0N1"/>
            <port dstActor="D0N41" name="p103" srcActor="D0N3"/>
            <port dstActor="D0N5" name="p104" srcActor="D0N3"/>
            <port dstActor="D0N12" name="p105" srcActor="D0N3"/>
            <port dstActor="D0N45" name="p106" srcActor="D0N3"/>
            <port dstActor="D0N42" name="p107" srcActor="D0N3"/>
            <port dstActor="D0N37" name="p108" srcActor="D0N3"/>
            <port dstActor="D0N43" name="p109" srcActor="D0N30"/>
            <port dstActor="D0N46" name="p110" srcActor="D0N38"/>
            <port dstActor="D0N27" name="p111" srcActor="D0N21"/>
            <port dstActor="D0N36" name="p112" srcActor="D0N21"/>
            <port dstActor="D0N31" name="p113" srcActor="D0N21"/>
            <port dstActor="D0N44" name="p114" srcActor="D0N21"/>
            <port dstActor="D0N46" name="p115" srcActor="D0N21"/>
            <port dstActor="D0N45" name="p116" srcActor="D0N21"/>
            <port dstActor="D0N42" name="p117" srcActor="D0N33"/>
            <port dstActor="D0N27" name="p118" srcActor="D0N26"/>
            <port dstActor="D0N33" name="p119" srcActor="D0N26"/>
            <port dstActor="D0N31" name="p120" srcActor="D0N26"/>
            <port dstActor="D0N32" name="p121" srcActor="D0N26"/>
            <port dstActor="D0N45" name="p122" srcActor="D0N26"/>
            <port dstActor="D0N40" name="p123" srcActor="D0N13"/>
        </ports>
    </mcdag>
    <cores number="3"/>
    <levels number="2"/>
</mcsystem>
