<?xml version="1.0" encoding="UTF-8" standalone="no"?>
<mcsystem>
    <mcdag deadline="1200" name="genned-0-ed-10.0-0">
        <actor name="D0N43">
            <wcet number="0">50</wcet>
            <wcet number="1">100</wcet>
            <maxpow number="0.37121743054726497"/>
            <maxpow number="0.37121743054726497"/>
            <fprob>0.0</fprob>
        </actor>
        <actor name="D0N40">
            <wcet number="0">10</wcet>
            <wcet number="1">10</wcet>
            <maxpow number="0.5804547839880598"/>
            <maxpow number="0.5804547839880598"/>
            <fprob>0.0</fprob>
        </actor>
        <actor name="D0N46">
            <wcet number="0">10</wcet>
            <wcet number="1">70</wcet>
            <maxpow number="0.30170164297977803"/>
            <maxpow number="0.30170164297977803"/>
            <fprob>0.0</fprob>
        </actor>
        <actor name="D0N14">
            <wcet number="0">50</wcet>
            <wcet number="1">50</wcet>
            <maxpow number="0.25299894927720845"/>
            <maxpow number="0.25299894927720845"/>
            <fprob>0.0</fprob>
        </actor>
        <actor name="D0N39">
            <wcet number="0">60</wcet>
            <wcet number="1">70</wcet>
            <maxpow number="0.4205000159114278"/>
            <maxpow number="0.4205000159114278"/>
            <fprob>0.0</fprob>
        </actor>
        <actor name="D0N27">
            <wcet number="0">10</wcet>
            <wcet number="1">10</wcet>
            <maxpow number="0.41908351906764574"/>
            <maxpow number="0.41908351906764574"/>
            <fprob>0.0</fprob>
        </actor>
        <actor name="D0N0">
            <wcet number="0">20</wcet>
            <wcet number="1">20</wcet>
            <maxpow number="0.38223192716860493"/>
            <maxpow number="0.38223192716860493"/>
            <fprob>0.0</fprob>
        </actor>
        <actor name="D0N9">
            <wcet number="0">10</wcet>
            <wcet number="1">10</wcet>
            <maxpow number="0.5321893784169571"/>
            <maxpow number="0.5321893784169571"/>
            <fprob>0.0</fprob>
        </actor>
        <actor name="D0N31">
            <wcet number="0">50</wcet>
            <wcet number="1">90</wcet>
            <maxpow number="0.4282175969914586"/>
            <maxpow number="0.4282175969914586"/>
            <fprob>0.0</fprob>
        </actor>
        <actor name="D0N30">
            <wcet number="0">60</wcet>
            <wcet number="1">70</wcet>
            <maxpow number="0.56741254655833"/>
            <maxpow number="0.56741254655833"/>
            <fprob>0.0</fprob>
        </actor>
        <actor name="D0N4">
            <wcet number="0">20</wcet>
            <wcet number="1">20</wcet>
            <maxpow number="0.3728165918692336"/>
            <maxpow number="0.3728165918692336"/>
            <fprob>0.0</fprob>
        </actor>
        <actor name="D0N18">
            <wcet number="0">80</wcet>
            <wcet number="1">90</wcet>
            <maxpow number="0.7397072105281118"/>
            <maxpow number="0.7397072105281118"/>
            <fprob>0.0</fprob>
        </actor>
        <actor name="D0N3">
            <wcet number="0">50</wcet>
            <wcet number="1">120</wcet>
            <maxpow number="0.38228506498206216"/>
            <maxpow number="0.38228506498206216"/>
            <fprob>0.0</fprob>
        </actor>
        <actor name="D0N2">
            <wcet number="0">60</wcet>
            <wcet number="1">80</wcet>
            <maxpow number="0.79895073623727"/>
            <maxpow number="0.79895073623727"/>
            <fprob>0.0</fprob>
        </actor>
        <actor name="D0N1">
            <wcet number="0">50</wcet>
            <wcet number="1">60</wcet>
            <maxpow number="0.7717549951569507"/>
            <maxpow number="0.7717549951569507"/>
            <fprob>0.0</fprob>
        </actor>
        <actor name="D0N21">
            <wcet number="0">10</wcet>
            <wcet number="1">30</wcet>
            <maxpow number="0.5181218508105924"/>
            <maxpow number="0.5181218508105924"/>
            <fprob>0.0</fprob>
        </actor>
        <actor name="D0N45">
            <wcet number="0">10</wcet>
            <wcet number="1">20</wcet>
            <maxpow number="0.5366025688731979"/>
            <maxpow number="0.5366025688731979"/>
            <fprob>0.0</fprob>
        </actor>
        <actor name="D0N11">
            <wcet number="0">20</wcet>
            <wcet number="1">90</wcet>
            <maxpow number="0.5305068548521241"/>
            <maxpow number="0.5305068548521241"/>
            <fprob>0.0</fprob>
        </actor>
        <actor name="D0N26">
            <wcet number="0">20</wcet>
            <wcet number="1">80</wcet>
            <maxpow number="0.4975171728435086"/>
            <maxpow number="0.4975171728435086"/>
            <fprob>0.0</fprob>
        </actor>
        <actor name="D0N19">
            <wcet number="0">10</wcet>
            <wcet number="1">10</wcet>
            <maxpow number="0.6955647685236988"/>
            <maxpow number="0.6955647685236988"/>
            <fprob>0.0</fprob>
        </actor>
        <actor name="D0N23">
            <wcet number="0">50</wcet>
            <wcet number="1">60</wcet>
            <maxpow number="0.45726005175737305"/>
            <maxpow number="0.45726005175737305"/>
            <fprob>0.0</fprob>
        </actor>
        <actor name="D0N28">
            <wcet number="0">10</wcet>
            <wcet number="1">50</wcet>
            <maxpow number="0.7421579124033728"/>
            <maxpow number="0.7421579124033728"/>
            <fprob>0.0</fprob>
        </actor>
        <actor name="D0N12">
            <wcet number="0">60</wcet>
            <wcet number="1">110</wcet>
            <maxpow number="0.6350982189766538"/>
            <maxpow number="0.6350982189766538"/>
            <fprob>0.0</fprob>
        </actor>
        <actor name="D0N29">
            <wcet number="0">20</wcet>
            <wcet number="1">40</wcet>
            <maxpow number="0.38056104281681"/>
            <maxpow number="0.38056104281681"/>
            <fprob>0.0</fprob>
        </actor>
        <actor name="D0N36">
            <wcet number="0">10</wcet>
            <wcet number="1">10</wcet>
            <maxpow number="0.41030662667410833"/>
            <maxpow number="0.41030662667410833"/>
            <fprob>0.0</fprob>
        </actor>
        <actor name="D0N22">
            <wcet number="0">10</wcet>
            <wcet number="1">10</wcet>
            <maxpow number="0.3946901790868551"/>
            <maxpow number="0.3946901790868551"/>
            <fprob>0.0</fprob>
        </actor>
        <actor name="D0N20">
            <wcet number="0">20</wcet>
            <wcet number="1">60</wcet>
            <maxpow number="0.8377523729927595"/>
            <maxpow number="0.8377523729927595"/>
            <fprob>0.0</fprob>
        </actor>
        <actor name="D0N6">
            <wcet number="0">40</wcet>
            <wcet number="1">40</wcet>
            <maxpow number="0.6411931358301604"/>
            <maxpow number="0.6411931358301604"/>
            <fprob>0.0</fprob>
        </actor>
        <actor name="D0N25">
            <wcet number="0">30</wcet>
            <wcet number="1">30</wcet>
            <maxpow number="0.3859977427203426"/>
            <maxpow number="0.3859977427203426"/>
            <fprob>0.0</fprob>
        </actor>
        <actor name="D0N15">
            <wcet number="0">20</wcet>
            <wcet number="1">220</wcet>
            <maxpow number="0.6029221401935602"/>
            <maxpow number="0.6029221401935602"/>
            <fprob>0.0</fprob>
        </actor>
        <actor name="D0N17">
            <wcet number="0">30</wcet>
            <wcet number="1">30</wcet>
            <maxpow number="0.9559621211124227"/>
            <maxpow number="0.9559621211124227"/>
            <fprob>0.0</fprob>
        </actor>
        <actor name="D0N13">
            <wcet number="0">40</wcet>
            <wcet number="1">70</wcet>
            <maxpow number="0.8089918353388682"/>
            <maxpow number="0.8089918353388682"/>
            <fprob>0.0</fprob>
        </actor>
        <actor name="D0N41">
            <wcet number="0">130</wcet>
            <wcet number="1">130</wcet>
            <maxpow number="0.6030097249058035"/>
            <maxpow number="0.6030097249058035"/>
            <fprob>0.0</fprob>
        </actor>
        <actor name="D0N44">
            <wcet number="0">50</wcet>
            <wcet number="1">50</wcet>
            <maxpow number="0.8359263071584415"/>
            <maxpow number="0.8359263071584415"/>
            <fprob>0.0</fprob>
        </actor>
        <actor name="D0N42">
            <wcet number="0">200</wcet>
            <wcet number="1">240</wcet>
            <maxpow number="0.6751568579865909"/>
            <maxpow number="0.6751568579865909"/>
            <fprob>0.0</fprob>
        </actor>
        <actor name="D0N8">
            <wcet number="0">80</wcet>
            <wcet number="1">90</wcet>
            <maxpow number="0.5553769039940164"/>
            <maxpow number="0.5553769039940164"/>
            <fprob>0.0</fprob>
        </actor>
        <actor name="D0N10">
            <wcet number="0">10</wcet>
            <wcet number="1">10</wcet>
            <maxpow number="0.7691006424441393"/>
            <maxpow number="0.7691006424441393"/>
            <fprob>0.0</fprob>
        </actor>
        <actor name="D0N32">
            <wcet number="0">20</wcet>
            <wcet number="1">30</wcet>
            <maxpow number="0.6642628471014184"/>
            <maxpow number="0.6642628471014184"/>
            <fprob>0.0</fprob>
        </actor>
        <actor name="D0N47">
            <wcet number="0">80</wcet>
            <wcet number="1">170</wcet>
            <maxpow number="0.4300102081845196"/>
            <maxpow number="0.4300102081845196"/>
            <fprob>0.0</fprob>
        </actor>
        <actor name="D0N5">
            <wcet number="0">20</wcet>
            <wcet number="1">100</wcet>
            <maxpow number="0.5042153578102125"/>
            <maxpow number="0.5042153578102125"/>
            <fprob>0.0</fprob>
        </actor>
        <actor name="D0N34">
            <wcet number="0">20</wcet>
            <wcet number="1">30</wcet>
            <maxpow number="0.6476741930949284"/>
            <maxpow number="0.6476741930949284"/>
            <fprob>0.0</fprob>
        </actor>
        <actor name="D0N35">
            <wcet number="0">90</wcet>
            <wcet number="1">90</wcet>
            <maxpow number="0.1918512416143141"/>
            <maxpow number="0.1918512416143141"/>
            <fprob>0.0</fprob>
        </actor>
        <actor name="D0N7">
            <wcet number="0">70</wcet>
            <wcet number="1">80</wcet>
            <maxpow number="0.4787017162085343"/>
            <maxpow number="0.4787017162085343"/>
            <fprob>0.0</fprob>
        </actor>
        <actor name="D0N38">
            <wcet number="0">90</wcet>
            <wcet number="1">140</wcet>
            <maxpow number="0.7010835063350107"/>
            <maxpow number="0.7010835063350107"/>
            <fprob>0.0</fprob>
        </actor>
        <actor name="D0N16">
            <wcet number="0">10</wcet>
            <wcet number="1">10</wcet>
            <maxpow number="0.5984722044619641"/>
            <maxpow number="0.5984722044619641"/>
            <fprob>0.0</fprob>
        </actor>
        <actor name="D0N33">
            <wcet number="0">20</wcet>
            <wcet number="1">20</wcet>
            <maxpow number="0.8547947234930969"/>
            <maxpow number="0.8547947234930969"/>
            <fprob>0.0</fprob>
        </actor>
        <actor name="D0N37">
            <wcet number="0">10</wcet>
            <wcet number="1">90</wcet>
            <maxpow number="0.45359770633460433"/>
            <maxpow number="0.45359770633460433"/>
            <fprob>0.0</fprob>
        </actor>
        <actor name="D0N24">
            <wcet number="0">10</wcet>
            <wcet number="1">10</wcet>
            <maxpow number="0.4023267936886209"/>
            <maxpow number="0.4023267936886209"/>
            <fprob>0.0</fprob>
        </actor>
        <ports>
            <port dstActor="D0N47" name="p0" srcActor="D0N43"/>
            <port dstActor="D0N44" name="p1" srcActor="D0N43"/>
            <port dstActor="D0N31" name="p2" srcActor="D0N14"/>
            <port dstActor="D0N30" name="p3" srcActor="D0N14"/>
            <port dstActor="D0N40" name="p4" srcActor="D0N39"/>
            <port dstActor="D0N41" name="p5" srcActor="D0N27"/>
            <port dstActor="D0N44" name="p6" srcActor="D0N27"/>
            <port dstActor="D0N47" name="p7" srcActor="D0N27"/>
            <port dstActor="D0N11" name="p8" srcActor="D0N0"/>
            <port dstActor="D0N42" name="p9" srcActor="D0N0"/>
            <port dstActor="D0N33" name="p10" srcActor="D0N0"/>
            <port dstActor="D0N27" name="p11" srcActor="D0N9"/>
            <port dstActor="D0N22" name="p12" srcActor="D0N9"/>
            <port dstActor="D0N24" name="p13" srcActor="D0N9"/>
            <port dstActor="D0N20" name="p14" srcActor="D0N9"/>
            <port dstActor="D0N13" name="p15" srcActor="D0N9"/>
            <port dstActor="D0N42" name="p16" srcActor="D0N31"/>
            <port dstActor="D0N32" name="p17" srcActor="D0N31"/>
            <port dstActor="D0N47" name="p18" srcActor="D0N31"/>
            <port dstActor="D0N32" name="p19" srcActor="D0N30"/>
            <port dstActor="D0N34" name="p20" srcActor="D0N4"/>
            <port dstActor="D0N25" name="p21" srcActor="D0N4"/>
            <port dstActor="D0N39" name="p22" srcActor="D0N4"/>
            <port dstActor="D0N34" name="p23" srcActor="D0N18"/>
            <port dstActor="D0N45" name="p24" srcActor="D0N18"/>
            <port dstActor="D0N27" name="p25" srcActor="D0N3"/>
            <port dstActor="D0N7" name="p26" srcActor="D0N3"/>
            <port dstActor="D0N40" name="p27" srcActor="D0N3"/>
            <port dstActor="D0N11" name="p28" srcActor="D0N3"/>
            <port dstActor="D0N32" name="p29" srcActor="D0N2"/>
            <port dstActor="D0N22" name="p30" srcActor="D0N2"/>
            <port dstActor="D0N10" name="p31" srcActor="D0N2"/>
            <port dstActor="D0N21" name="p32" srcActor="D0N2"/>
            <port dstActor="D0N2" name="p33" srcActor="D0N1"/>
            <port dstActor="D0N25" name="p34" srcActor="D0N1"/>
            <port dstActor="D0N22" name="p35" srcActor="D0N1"/>
            <port dstActor="D0N18" name="p36" srcActor="D0N1"/>
            <port dstActor="D0N24" name="p37" srcActor="D0N1"/>
            <port dstActor="D0N28" name="p38" srcActor="D0N1"/>
            <port dstActor="D0N47" name="p39" srcActor="D0N21"/>
            <port dstActor="D0N27" name="p40" srcActor="D0N21"/>
            <port dstActor="D0N38" name="p41" srcActor="D0N21"/>
            <port dstActor="D0N46" name="p42" srcActor="D0N21"/>
            <port dstActor="D0N23" name="p43" srcActor="D0N21"/>
            <port dstActor="D0N42" name="p44" srcActor="D0N11"/>
            <port dstActor="D0N38" name="p45" srcActor="D0N11"/>
            <port dstActor="D0N46" name="p46" srcActor="D0N11"/>
            <port dstActor="D0N36" name="p47" srcActor="D0N11"/>
            <port dstActor="D0N31" name="p48" srcActor="D0N11"/>
            <port dstActor="D0N17" name="p49" srcActor="D0N11"/>
            <port dstActor="D0N30" name="p50" srcActor="D0N26"/>
            <port dstActor="D0N28" name="p51" srcActor="D0N19"/>
            <port dstActor="D0N35" name="p52" srcActor="D0N19"/>
            <port dstActor="D0N30" name="p53" srcActor="D0N23"/>
            <port dstActor="D0N29" name="p54" srcActor="D0N23"/>
            <port dstActor="D0N46" name="p55" srcActor="D0N23"/>
            <port dstActor="D0N34" name="p56" srcActor="D0N23"/>
            <port dstActor="D0N32" name="p57" srcActor="D0N28"/>
            <port dstActor="D0N45" name="p58" srcActor="D0N28"/>
            <port dstActor="D0N46" name="p59" srcActor="D0N28"/>
            <port dstActor="D0N44" name="p60" srcActor="D0N12"/>
            <port dstActor="D0N43" name="p61" srcActor="D0N12"/>
            <port dstActor="D0N32" name="p62" srcActor="D0N12"/>
            <port dstActor="D0N34" name="p63" srcActor="D0N12"/>
            <port dstActor="D0N27" name="p64" srcActor="D0N12"/>
            <port dstActor="D0N41" name="p65" srcActor="D0N29"/>
            <port dstActor="D0N39" name="p66" srcActor="D0N36"/>
            <port dstActor="D0N41" name="p67" srcActor="D0N36"/>
            <port dstActor="D0N43" name="p68" srcActor="D0N22"/>
            <port dstActor="D0N39" name="p69" srcActor="D0N20"/>
            <port dstActor="D0N40" name="p70" srcActor="D0N20"/>
            <port dstActor="D0N25" name="p71" srcActor="D0N20"/>
            <port dstActor="D0N36" name="p72" srcActor="D0N20"/>
            <port dstActor="D0N24" name="p73" srcActor="D0N6"/>
            <port dstActor="D0N21" name="p74" srcActor="D0N6"/>
            <port dstActor="D0N38" name="p75" srcActor="D0N6"/>
            <port dstActor="D0N22" name="p76" srcActor="D0N6"/>
            <port dstActor="D0N26" name="p77" srcActor="D0N25"/>
            <port dstActor="D0N47" name="p78" srcActor="D0N25"/>
            <port dstActor="D0N42" name="p79" srcActor="D0N15"/>
            <port dstActor="D0N39" name="p80" srcActor="D0N15"/>
            <port dstActor="D0N28" name="p81" srcActor="D0N15"/>
            <port dstActor="D0N27" name="p82" srcActor="D0N17"/>
            <port dstActor="D0N18" name="p83" srcActor="D0N17"/>
            <port dstActor="D0N37" name="p84" srcActor="D0N17"/>
            <port dstActor="D0N17" name="p85" srcActor="D0N13"/>
            <port dstActor="D0N18" name="p86" srcActor="D0N13"/>
            <port dstActor="D0N38" name="p87" srcActor="D0N13"/>
            <port dstActor="D0N19" name="p88" srcActor="D0N13"/>
            <port dstActor="D0N32" name="p89" srcActor="D0N13"/>
            <port dstActor="D0N46" name="p90" srcActor="D0N42"/>
            <port dstActor="D0N44" name="p91" srcActor="D0N42"/>
            <port dstActor="D0N14" name="p92" srcActor="D0N8"/>
            <port dstActor="D0N25" name="p93" srcActor="D0N8"/>
            <port dstActor="D0N46" name="p94" srcActor="D0N8"/>
            <port dstActor="D0N16" name="p95" srcActor="D0N8"/>
            <port dstActor="D0N11" name="p96" srcActor="D0N8"/>
            <port dstActor="D0N40" name="p97" srcActor="D0N8"/>
            <port dstActor="D0N27" name="p98" srcActor="D0N8"/>
            <port dstActor="D0N28" name="p99" srcActor="D0N10"/>
            <port dstActor="D0N15" name="p100" srcActor="D0N10"/>
            <port dstActor="D0N29" name="p101" srcActor="D0N10"/>
            <port dstActor="D0N23" name="p102" srcActor="D0N10"/>
            <port dstActor="D0N37" name="p103" srcActor="D0N32"/>
            <port dstActor="D0N35" name="p104" srcActor="D0N32"/>
            <port dstActor="D0N45" name="p105" srcActor="D0N32"/>
            <port dstActor="D0N25" name="p106" srcActor="D0N5"/>
            <port dstActor="D0N40" name="p107" srcActor="D0N34"/>
            <port dstActor="D0N30" name="p108" srcActor="D0N7"/>
            <port dstActor="D0N17" name="p109" srcActor="D0N7"/>
            <port dstActor="D0N28" name="p110" srcActor="D0N7"/>
            <port dstActor="D0N27" name="p111" srcActor="D0N7"/>
            <port dstActor="D0N40" name="p112" srcActor="D0N7"/>
            <port dstActor="D0N46" name="p113" srcActor="D0N7"/>
            <port dstActor="D0N47" name="p114" srcActor="D0N38"/>
            <port dstActor="D0N18" name="p115" srcActor="D0N16"/>
            <port dstActor="D0N21" name="p116" srcActor="D0N16"/>
            <port dstActor="D0N46" name="p117" srcActor="D0N16"/>
            <port dstActor="D0N25" name="p118" srcActor="D0N16"/>
            <port dstActor="D0N26" name="p119" srcActor="D0N16"/>
            <port dstActor="D0N19" name="p120" srcActor="D0N16"/>
            <port dstActor="D0N38" name="p121" srcActor="D0N16"/>
            <port dstActor="D0N39" name="p122" srcActor="D0N16"/>
            <port dstActor="D0N37" name="p123" srcActor="D0N16"/>
            <port dstActor="D0N38" name="p124" srcActor="D0N24"/>
            <port dstActor="D0N47" name="p125" srcActor="D0N24"/>
            <port dstActor="D0N39" name="p126" srcActor="D0N24"/>
            <port dstActor="D0N42" name="p127" srcActor="D0N24"/>
            <port dstActor="D0N29" name="p128" srcActor="D0N24"/>
        </ports>
    </mcdag>
    <cores number="3"/>
    <levels number="2"/>
</mcsystem>
