<?xml version="1.0" encoding="UTF-8" standalone="no"?>
<mcsystem>
    <mcdag deadline="1500" name="genned-0-ed-10.0-0">
        <actor name="D0N37">
            <wcet number="0">60</wcet>
            <wcet number="1">70</wcet>
            <maxpow number="0.6602610495136407"/>
            <maxpow number="0.6602610495136407"/>
            <fprob>0.0</fprob>
        </actor>
        <actor name="D0N12">
            <wcet number="0">40</wcet>
            <wcet number="1">170</wcet>
            <maxpow number="0.5339975337135207"/>
            <maxpow number="0.5339975337135207"/>
            <fprob>0.0</fprob>
        </actor>
        <actor name="D0N31">
            <wcet number="0">30</wcet>
            <wcet number="1">40</wcet>
            <maxpow number="0.5106083632279738"/>
            <maxpow number="0.5106083632279738"/>
            <fprob>0.0</fprob>
        </actor>
        <actor name="D0N16">
            <wcet number="0">10</wcet>
            <wcet number="1">10</wcet>
            <maxpow number="0.48254873055098035"/>
            <maxpow number="0.48254873055098035"/>
            <fprob>0.0</fprob>
        </actor>
        <actor name="D0N46">
            <wcet number="0">10</wcet>
            <wcet number="1">40</wcet>
            <maxpow number="0.46335803612540494"/>
            <maxpow number="0.46335803612540494"/>
            <fprob>0.0</fprob>
        </actor>
        <actor name="D0N33">
            <wcet number="0">30</wcet>
            <wcet number="1">80</wcet>
            <maxpow number="0.3356025426231972"/>
            <maxpow number="0.3356025426231972"/>
            <fprob>0.0</fprob>
        </actor>
        <actor name="D0N34">
            <wcet number="0">50</wcet>
            <wcet number="1">60</wcet>
            <maxpow number="0.5708487464268545"/>
            <maxpow number="0.5708487464268545"/>
            <fprob>0.0</fprob>
        </actor>
        <actor name="D0N44">
            <wcet number="0">20</wcet>
            <wcet number="1">40</wcet>
            <maxpow number="0.7668909062964413"/>
            <maxpow number="0.7668909062964413"/>
            <fprob>0.0</fprob>
        </actor>
        <actor name="D0N5">
            <wcet number="0">160</wcet>
            <wcet number="1">190</wcet>
            <maxpow number="0.6928998278008685"/>
            <maxpow number="0.6928998278008685"/>
            <fprob>0.0</fprob>
        </actor>
        <actor name="D0N10">
            <wcet number="0">10</wcet>
            <wcet number="1">10</wcet>
            <maxpow number="0.47863515369832843"/>
            <maxpow number="0.47863515369832843"/>
            <fprob>0.0</fprob>
        </actor>
        <actor name="D0N14">
            <wcet number="0">10</wcet>
            <wcet number="1">30</wcet>
            <maxpow number="0.4108091465109579"/>
            <maxpow number="0.4108091465109579"/>
            <fprob>0.0</fprob>
        </actor>
        <actor name="D0N23">
            <wcet number="0">80</wcet>
            <wcet number="1">160</wcet>
            <maxpow number="0.3214472542622343"/>
            <maxpow number="0.3214472542622343"/>
            <fprob>0.0</fprob>
        </actor>
        <actor name="D0N8">
            <wcet number="0">70</wcet>
            <wcet number="1">100</wcet>
            <maxpow number="0.46287183723677156"/>
            <maxpow number="0.46287183723677156"/>
            <fprob>0.0</fprob>
        </actor>
        <actor name="D0N19">
            <wcet number="0">150</wcet>
            <wcet number="1">170</wcet>
            <maxpow number="0.7739127511551176"/>
            <maxpow number="0.7739127511551176"/>
            <fprob>0.0</fprob>
        </actor>
        <actor name="D0N0">
            <wcet number="0">50</wcet>
            <wcet number="1">50</wcet>
            <maxpow number="0.4905913244636461"/>
            <maxpow number="0.4905913244636461"/>
            <fprob>0.0</fprob>
        </actor>
        <actor name="D0N32">
            <wcet number="0">10</wcet>
            <wcet number="1">10</wcet>
            <maxpow number="0.1640934779624697"/>
            <maxpow number="0.1640934779624697"/>
            <fprob>0.0</fprob>
        </actor>
        <actor name="D0N39">
            <wcet number="0">30</wcet>
            <wcet number="1">50</wcet>
            <maxpow number="0.41077674258993424"/>
            <maxpow number="0.41077674258993424"/>
            <fprob>0.0</fprob>
        </actor>
        <actor name="D0N24">
            <wcet number="0">10</wcet>
            <wcet number="1">30</wcet>
            <maxpow number="0.32907910838903753"/>
            <maxpow number="0.32907910838903753"/>
            <fprob>0.0</fprob>
        </actor>
        <actor name="D0N41">
            <wcet number="0">50</wcet>
            <wcet number="1">90</wcet>
            <maxpow number="0.6216697506177672"/>
            <maxpow number="0.6216697506177672"/>
            <fprob>0.0</fprob>
        </actor>
        <actor name="D0N21">
            <wcet number="0">70</wcet>
            <wcet number="1">70</wcet>
            <maxpow number="0.7617757073691994"/>
            <maxpow number="0.7617757073691994"/>
            <fprob>0.0</fprob>
        </actor>
        <actor name="D0N9">
            <wcet number="0">20</wcet>
            <wcet number="1">120</wcet>
            <maxpow number="0.7402221246012658"/>
            <maxpow number="0.7402221246012658"/>
            <fprob>0.0</fprob>
        </actor>
        <actor name="D0N13">
            <wcet number="0">30</wcet>
            <wcet number="1">160</wcet>
            <maxpow number="0.8365926645132618"/>
            <maxpow number="0.8365926645132618"/>
            <fprob>0.0</fprob>
        </actor>
        <actor name="D0N30">
            <wcet number="0">10</wcet>
            <wcet number="1">20</wcet>
            <maxpow number="0.5749754174875145"/>
            <maxpow number="0.5749754174875145"/>
            <fprob>0.0</fprob>
        </actor>
        <actor name="D0N45">
            <wcet number="0">10</wcet>
            <wcet number="1">20</wcet>
            <maxpow number="0.45691536828224344"/>
            <maxpow number="0.45691536828224344"/>
            <fprob>0.0</fprob>
        </actor>
        <actor name="D0N29">
            <wcet number="0">20</wcet>
            <wcet number="1">50</wcet>
            <maxpow number="0.5194150225718588"/>
            <maxpow number="0.5194150225718588"/>
            <fprob>0.0</fprob>
        </actor>
        <actor name="D0N35">
            <wcet number="0">20</wcet>
            <wcet number="1">40</wcet>
            <maxpow number="0.5295988218335241"/>
            <maxpow number="0.5295988218335241"/>
            <fprob>0.0</fprob>
        </actor>
        <actor name="D0N36">
            <wcet number="0">10</wcet>
            <wcet number="1">80</wcet>
            <maxpow number="0.561467946029245"/>
            <maxpow number="0.561467946029245"/>
            <fprob>0.0</fprob>
        </actor>
        <actor name="D0N26">
            <wcet number="0">60</wcet>
            <wcet number="1">90</wcet>
            <maxpow number="0.46097291824742676"/>
            <maxpow number="0.46097291824742676"/>
            <fprob>0.0</fprob>
        </actor>
        <actor name="D0N4">
            <wcet number="0">180</wcet>
            <wcet number="1">330</wcet>
            <maxpow number="0.4828553977779797"/>
            <maxpow number="0.4828553977779797"/>
            <fprob>0.0</fprob>
        </actor>
        <actor name="D0N28">
            <wcet number="0">10</wcet>
            <wcet number="1">20</wcet>
            <maxpow number="0.344742209124894"/>
            <maxpow number="0.344742209124894"/>
            <fprob>0.0</fprob>
        </actor>
        <actor name="D0N15">
            <wcet number="0">10</wcet>
            <wcet number="1">10</wcet>
            <maxpow number="0.22981295619459652"/>
            <maxpow number="0.22981295619459652"/>
            <fprob>0.0</fprob>
        </actor>
        <actor name="D0N25">
            <wcet number="0">10</wcet>
            <wcet number="1">30</wcet>
            <maxpow number="0.7454819782905273"/>
            <maxpow number="0.7454819782905273"/>
            <fprob>0.0</fprob>
        </actor>
        <actor name="D0N6">
            <wcet number="0">50</wcet>
            <wcet number="1">80</wcet>
            <maxpow number="0.30324328550204016"/>
            <maxpow number="0.30324328550204016"/>
            <fprob>0.0</fprob>
        </actor>
        <actor name="D0N22">
            <wcet number="0">60</wcet>
            <wcet number="1">60</wcet>
            <maxpow number="0.6711310592910185"/>
            <maxpow number="0.6711310592910185"/>
            <fprob>0.0</fprob>
        </actor>
        <actor name="D0N17">
            <wcet number="0">20</wcet>
            <wcet number="1">30</wcet>
            <maxpow number="0.6221467537136051"/>
            <maxpow number="0.6221467537136051"/>
            <fprob>0.0</fprob>
        </actor>
        <actor name="D0N43">
            <wcet number="0">10</wcet>
            <wcet number="1">20</wcet>
            <maxpow number="0.6639096447022383"/>
            <maxpow number="0.6639096447022383"/>
            <fprob>0.0</fprob>
        </actor>
        <actor name="D0N3">
            <wcet number="0">10</wcet>
            <wcet number="1">10</wcet>
            <maxpow number="0.8071705934963438"/>
            <maxpow number="0.8071705934963438"/>
            <fprob>0.0</fprob>
        </actor>
        <actor name="D0N40">
            <wcet number="0">160</wcet>
            <wcet number="1">170</wcet>
            <maxpow number="0.5830889609875917"/>
            <maxpow number="0.5830889609875917"/>
            <fprob>0.0</fprob>
        </actor>
        <actor name="D0N7">
            <wcet number="0">20</wcet>
            <wcet number="1">30</wcet>
            <maxpow number="0.8938087754890344"/>
            <maxpow number="0.8938087754890344"/>
            <fprob>0.0</fprob>
        </actor>
        <actor name="D0N42">
            <wcet number="0">10</wcet>
            <wcet number="1">10</wcet>
            <maxpow number="0.922219165984639"/>
            <maxpow number="0.922219165984639"/>
            <fprob>0.0</fprob>
        </actor>
        <actor name="D0N18">
            <wcet number="0">10</wcet>
            <wcet number="1">40</wcet>
            <maxpow number="0.7868368903723844"/>
            <maxpow number="0.7868368903723844"/>
            <fprob>0.0</fprob>
        </actor>
        <actor name="D0N2">
            <wcet number="0">50</wcet>
            <wcet number="1">90</wcet>
            <maxpow number="0.27403056673176435"/>
            <maxpow number="0.27403056673176435"/>
            <fprob>0.0</fprob>
        </actor>
        <actor name="D0N11">
            <wcet number="0">10</wcet>
            <wcet number="1">20</wcet>
            <maxpow number="0.4660908199856053"/>
            <maxpow number="0.4660908199856053"/>
            <fprob>0.0</fprob>
        </actor>
        <actor name="D0N38">
            <wcet number="0">40</wcet>
            <wcet number="1">40</wcet>
            <maxpow number="0.47491798509189914"/>
            <maxpow number="0.47491798509189914"/>
            <fprob>0.0</fprob>
        </actor>
        <actor name="D0N27">
            <wcet number="0">20</wcet>
            <wcet number="1">30</wcet>
            <maxpow number="0.44276018325825006"/>
            <maxpow number="0.44276018325825006"/>
            <fprob>0.0</fprob>
        </actor>
        <actor name="D0N1">
            <wcet number="0">110</wcet>
            <wcet number="1">120</wcet>
            <maxpow number="0.7990355725011062"/>
            <maxpow number="0.7990355725011062"/>
            <fprob>0.0</fprob>
        </actor>
        <actor name="D0N20">
            <wcet number="0">70</wcet>
            <wcet number="1">110</wcet>
            <maxpow number="0.12371130892476129"/>
            <maxpow number="0.12371130892476129"/>
            <fprob>0.0</fprob>
        </actor>
        <ports>
            <port dstActor="D0N44" name="p0" srcActor="D0N37"/>
            <port dstActor="D0N15" name="p1" srcActor="D0N12"/>
            <port dstActor="D0N40" name="p2" srcActor="D0N12"/>
            <port dstActor="D0N32" name="p3" srcActor="D0N12"/>
            <port dstActor="D0N43" name="p4" srcActor="D0N12"/>
            <port dstActor="D0N32" name="p5" srcActor="D0N31"/>
            <port dstActor="D0N39" name="p6" srcActor="D0N31"/>
            <port dstActor="D0N25" name="p7" srcActor="D0N16"/>
            <port dstActor="D0N19" name="p8" srcActor="D0N16"/>
            <port dstActor="D0N40" name="p9" srcActor="D0N33"/>
            <port dstActor="D0N43" name="p10" srcActor="D0N33"/>
            <port dstActor="D0N39" name="p11" srcActor="D0N34"/>
            <port dstActor="D0N44" name="p12" srcActor="D0N5"/>
            <port dstActor="D0N37" name="p13" srcActor="D0N5"/>
            <port dstActor="D0N19" name="p14" srcActor="D0N5"/>
            <port dstActor="D0N22" name="p15" srcActor="D0N5"/>
            <port dstActor="D0N9" name="p16" srcActor="D0N5"/>
            <port dstActor="D0N24" name="p17" srcActor="D0N10"/>
            <port dstActor="D0N40" name="p18" srcActor="D0N10"/>
            <port dstActor="D0N28" name="p19" srcActor="D0N10"/>
            <port dstActor="D0N33" name="p20" srcActor="D0N10"/>
            <port dstActor="D0N12" name="p21" srcActor="D0N10"/>
            <port dstActor="D0N36" name="p22" srcActor="D0N10"/>
            <port dstActor="D0N20" name="p23" srcActor="D0N14"/>
            <port dstActor="D0N34" name="p24" srcActor="D0N14"/>
            <port dstActor="D0N41" name="p25" srcActor="D0N14"/>
            <port dstActor="D0N28" name="p26" srcActor="D0N14"/>
            <port dstActor="D0N41" name="p27" srcActor="D0N23"/>
            <port dstActor="D0N14" name="p28" srcActor="D0N8"/>
            <port dstActor="D0N22" name="p29" srcActor="D0N8"/>
            <port dstActor="D0N9" name="p30" srcActor="D0N8"/>
            <port dstActor="D0N16" name="p31" srcActor="D0N8"/>
            <port dstActor="D0N43" name="p32" srcActor="D0N19"/>
            <port dstActor="D0N20" name="p33" srcActor="D0N19"/>
            <port dstActor="D0N27" name="p34" srcActor="D0N19"/>
            <port dstActor="D0N24" name="p35" srcActor="D0N19"/>
            <port dstActor="D0N42" name="p36" srcActor="D0N19"/>
            <port dstActor="D0N16" name="p37" srcActor="D0N0"/>
            <port dstActor="D0N6" name="p38" srcActor="D0N0"/>
            <port dstActor="D0N1" name="p39" srcActor="D0N0"/>
            <port dstActor="D0N11" name="p40" srcActor="D0N0"/>
            <port dstActor="D0N43" name="p41" srcActor="D0N0"/>
            <port dstActor="D0N13" name="p42" srcActor="D0N0"/>
            <port dstActor="D0N44" name="p43" srcActor="D0N0"/>
            <port dstActor="D0N34" name="p44" srcActor="D0N32"/>
            <port dstActor="D0N40" name="p45" srcActor="D0N32"/>
            <port dstActor="D0N30" name="p46" srcActor="D0N24"/>
            <port dstActor="D0N43" name="p47" srcActor="D0N41"/>
            <port dstActor="D0N43" name="p48" srcActor="D0N21"/>
            <port dstActor="D0N26" name="p49" srcActor="D0N21"/>
            <port dstActor="D0N46" name="p50" srcActor="D0N21"/>
            <port dstActor="D0N24" name="p51" srcActor="D0N9"/>
            <port dstActor="D0N31" name="p52" srcActor="D0N9"/>
            <port dstActor="D0N12" name="p53" srcActor="D0N9"/>
            <port dstActor="D0N30" name="p54" srcActor="D0N9"/>
            <port dstActor="D0N39" name="p55" srcActor="D0N13"/>
            <port dstActor="D0N16" name="p56" srcActor="D0N13"/>
            <port dstActor="D0N46" name="p57" srcActor="D0N45"/>
            <port dstActor="D0N42" name="p58" srcActor="D0N29"/>
            <port dstActor="D0N39" name="p59" srcActor="D0N29"/>
            <port dstActor="D0N31" name="p60" srcActor="D0N29"/>
            <port dstActor="D0N42" name="p61" srcActor="D0N36"/>
            <port dstActor="D0N32" name="p62" srcActor="D0N26"/>
            <port dstActor="D0N9" name="p63" srcActor="D0N4"/>
            <port dstActor="D0N42" name="p64" srcActor="D0N4"/>
            <port dstActor="D0N35" name="p65" srcActor="D0N4"/>
            <port dstActor="D0N38" name="p66" srcActor="D0N4"/>
            <port dstActor="D0N27" name="p67" srcActor="D0N4"/>
            <port dstActor="D0N10" name="p68" srcActor="D0N4"/>
            <port dstActor="D0N32" name="p69" srcActor="D0N4"/>
            <port dstActor="D0N36" name="p70" srcActor="D0N4"/>
            <port dstActor="D0N11" name="p71" srcActor="D0N4"/>
            <port dstActor="D0N44" name="p72" srcActor="D0N28"/>
            <port dstActor="D0N42" name="p73" srcActor="D0N28"/>
            <port dstActor="D0N32" name="p74" srcActor="D0N15"/>
            <port dstActor="D0N41" name="p75" srcActor="D0N25"/>
            <port dstActor="D0N26" name="p76" srcActor="D0N25"/>
            <port dstActor="D0N29" name="p77" srcActor="D0N25"/>
            <port dstActor="D0N40" name="p78" srcActor="D0N25"/>
            <port dstActor="D0N45" name="p79" srcActor="D0N25"/>
            <port dstActor="D0N44" name="p80" srcActor="D0N25"/>
            <port dstActor="D0N12" name="p81" srcActor="D0N6"/>
            <port dstActor="D0N25" name="p82" srcActor="D0N6"/>
            <port dstActor="D0N28" name="p83" srcActor="D0N6"/>
            <port dstActor="D0N28" name="p84" srcActor="D0N22"/>
            <port dstActor="D0N45" name="p85" srcActor="D0N22"/>
            <port dstActor="D0N45" name="p86" srcActor="D0N17"/>
            <port dstActor="D0N27" name="p87" srcActor="D0N17"/>
            <port dstActor="D0N46" name="p88" srcActor="D0N43"/>
            <port dstActor="D0N25" name="p89" srcActor="D0N3"/>
            <port dstActor="D0N37" name="p90" srcActor="D0N3"/>
            <port dstActor="D0N31" name="p91" srcActor="D0N3"/>
            <port dstActor="D0N36" name="p92" srcActor="D0N3"/>
            <port dstActor="D0N18" name="p93" srcActor="D0N7"/>
            <port dstActor="D0N39" name="p94" srcActor="D0N7"/>
            <port dstActor="D0N40" name="p95" srcActor="D0N7"/>
            <port dstActor="D0N26" name="p96" srcActor="D0N7"/>
            <port dstActor="D0N45" name="p97" srcActor="D0N42"/>
            <port dstActor="D0N35" name="p98" srcActor="D0N2"/>
            <port dstActor="D0N16" name="p99" srcActor="D0N2"/>
            <port dstActor="D0N31" name="p100" srcActor="D0N2"/>
            <port dstActor="D0N41" name="p101" srcActor="D0N2"/>
            <port dstActor="D0N29" name="p102" srcActor="D0N2"/>
            <port dstActor="D0N24" name="p103" srcActor="D0N11"/>
            <port dstActor="D0N44" name="p104" srcActor="D0N38"/>
            <port dstActor="D0N46" name="p105" srcActor="D0N27"/>
            <port dstActor="D0N35" name="p106" srcActor="D0N27"/>
            <port dstActor="D0N29" name="p107" srcActor="D0N27"/>
            <port dstActor="D0N10" name="p108" srcActor="D0N1"/>
            <port dstActor="D0N28" name="p109" srcActor="D0N1"/>
            <port dstActor="D0N32" name="p110" srcActor="D0N1"/>
            <port dstActor="D0N42" name="p111" srcActor="D0N1"/>
            <port dstActor="D0N46" name="p112" srcActor="D0N20"/>
        </ports>
    </mcdag>
    <cores number="3"/>
    <levels number="2"/>
</mcsystem>
