<?xml version="1.0" encoding="UTF-8" standalone="no"?>
<mcsystem>
    <mcdag deadline="2000" name="genned-0-ed-10.0-0">
        <actor name="D0N3">
            <wcet number="0">30</wcet>
            <wcet number="1">90</wcet>
            <maxpow number="0.2995968816912077"/>
            <maxpow number="0.2995968816912077"/>
            <fprob>0.0</fprob>
        </actor>
        <actor name="D0N23">
            <wcet number="0">10</wcet>
            <wcet number="1">10</wcet>
            <maxpow number="0.9138560421500259"/>
            <maxpow number="0.9138560421500259"/>
            <fprob>0.0</fprob>
        </actor>
        <actor name="D0N47">
            <wcet number="0">10</wcet>
            <wcet number="1">40</wcet>
            <maxpow number="0.34006206172179304"/>
            <maxpow number="0.34006206172179304"/>
            <fprob>0.0</fprob>
        </actor>
        <actor name="D0N39">
            <wcet number="0">130</wcet>
            <wcet number="1">140</wcet>
            <maxpow number="0.5558656155515453"/>
            <maxpow number="0.5558656155515453"/>
            <fprob>0.0</fprob>
        </actor>
        <actor name="D0N1">
            <wcet number="0">20</wcet>
            <wcet number="1">20</wcet>
            <maxpow number="0.5486087213862891"/>
            <maxpow number="0.5486087213862891"/>
            <fprob>0.0</fprob>
        </actor>
        <actor name="D0N0">
            <wcet number="0">80</wcet>
            <wcet number="1">80</wcet>
            <maxpow number="0.7708421137206052"/>
            <maxpow number="0.7708421137206052"/>
            <fprob>0.0</fprob>
        </actor>
        <actor name="D0N8">
            <wcet number="0">40</wcet>
            <wcet number="1">60</wcet>
            <maxpow number="0.3296060472019855"/>
            <maxpow number="0.3296060472019855"/>
            <fprob>0.0</fprob>
        </actor>
        <actor name="D0N4">
            <wcet number="0">30</wcet>
            <wcet number="1">70</wcet>
            <maxpow number="0.4918549397770826"/>
            <maxpow number="0.4918549397770826"/>
            <fprob>0.0</fprob>
        </actor>
        <actor name="D0N15">
            <wcet number="0">60</wcet>
            <wcet number="1">70</wcet>
            <maxpow number="0.5522029098610738"/>
            <maxpow number="0.5522029098610738"/>
            <fprob>0.0</fprob>
        </actor>
        <actor name="D0N2">
            <wcet number="0">230</wcet>
            <wcet number="1">340</wcet>
            <maxpow number="0.17082072040092106"/>
            <maxpow number="0.17082072040092106"/>
            <fprob>0.0</fprob>
        </actor>
        <actor name="D0N16">
            <wcet number="0">70</wcet>
            <wcet number="1">100</wcet>
            <maxpow number="0.24528049117957612"/>
            <maxpow number="0.24528049117957612"/>
            <fprob>0.0</fprob>
        </actor>
        <actor name="D0N45">
            <wcet number="0">50</wcet>
            <wcet number="1">180</wcet>
            <maxpow number="0.5330273893055523"/>
            <maxpow number="0.5330273893055523"/>
            <fprob>0.0</fprob>
        </actor>
        <actor name="D0N27">
            <wcet number="0">20</wcet>
            <wcet number="1">70</wcet>
            <maxpow number="0.4292473120210895"/>
            <maxpow number="0.4292473120210895"/>
            <fprob>0.0</fprob>
        </actor>
        <actor name="D0N20">
            <wcet number="0">30</wcet>
            <wcet number="1">40</wcet>
            <maxpow number="0.777133431152402"/>
            <maxpow number="0.777133431152402"/>
            <fprob>0.0</fprob>
        </actor>
        <actor name="D0N42">
            <wcet number="0">40</wcet>
            <wcet number="1">40</wcet>
            <maxpow number="0.6608090585386809"/>
            <maxpow number="0.6608090585386809"/>
            <fprob>0.0</fprob>
        </actor>
        <actor name="D0N46">
            <wcet number="0">80</wcet>
            <wcet number="1">80</wcet>
            <maxpow number="0.2813462148100981"/>
            <maxpow number="0.2813462148100981"/>
            <fprob>0.0</fprob>
        </actor>
        <actor name="D0N19">
            <wcet number="0">30</wcet>
            <wcet number="1">40</wcet>
            <maxpow number="0.7051050149351472"/>
            <maxpow number="0.7051050149351472"/>
            <fprob>0.0</fprob>
        </actor>
        <actor name="D0N48">
            <wcet number="0">10</wcet>
            <wcet number="1">10</wcet>
            <maxpow number="0.4080768124658516"/>
            <maxpow number="0.4080768124658516"/>
            <fprob>0.0</fprob>
        </actor>
        <actor name="D0N38">
            <wcet number="0">110</wcet>
            <wcet number="1">150</wcet>
            <maxpow number="0.4133340185609924"/>
            <maxpow number="0.4133340185609924"/>
            <fprob>0.0</fprob>
        </actor>
        <actor name="D0N29">
            <wcet number="0">40</wcet>
            <wcet number="1">50</wcet>
            <maxpow number="0.6398055072419053"/>
            <maxpow number="0.6398055072419053"/>
            <fprob>0.0</fprob>
        </actor>
        <actor name="D0N49">
            <wcet number="0">30</wcet>
            <wcet number="1">30</wcet>
            <maxpow number="0.9038395943912049"/>
            <maxpow number="0.9038395943912049"/>
            <fprob>0.0</fprob>
        </actor>
        <actor name="D0N14">
            <wcet number="0">10</wcet>
            <wcet number="1">30</wcet>
            <maxpow number="0.6130604524528838"/>
            <maxpow number="0.6130604524528838"/>
            <fprob>0.0</fprob>
        </actor>
        <actor name="D0N24">
            <wcet number="0">10</wcet>
            <wcet number="1">30</wcet>
            <maxpow number="0.43305828024235093"/>
            <maxpow number="0.43305828024235093"/>
            <fprob>0.0</fprob>
        </actor>
        <actor name="D0N33">
            <wcet number="0">50</wcet>
            <wcet number="1">50</wcet>
            <maxpow number="0.24912731632788132"/>
            <maxpow number="0.24912731632788132"/>
            <fprob>0.0</fprob>
        </actor>
        <actor name="D0N35">
            <wcet number="0">50</wcet>
            <wcet number="1">120</wcet>
            <maxpow number="0.5221661043539172"/>
            <maxpow number="0.5221661043539172"/>
            <fprob>0.0</fprob>
        </actor>
        <actor name="D0N18">
            <wcet number="0">70</wcet>
            <wcet number="1">130</wcet>
            <maxpow number="0.8531507492288253"/>
            <maxpow number="0.8531507492288253"/>
            <fprob>0.0</fprob>
        </actor>
        <actor name="D0N5">
            <wcet number="0">60</wcet>
            <wcet number="1">60</wcet>
            <maxpow number="0.5772138522753215"/>
            <maxpow number="0.5772138522753215"/>
            <fprob>0.0</fprob>
        </actor>
        <actor name="D0N44">
            <wcet number="0">40</wcet>
            <wcet number="1">70</wcet>
            <maxpow number="0.43768204783790365"/>
            <maxpow number="0.43768204783790365"/>
            <fprob>0.0</fprob>
        </actor>
        <actor name="D0N22">
            <wcet number="0">80</wcet>
            <wcet number="1">120</wcet>
            <maxpow number="0.5684387280176493"/>
            <maxpow number="0.5684387280176493"/>
            <fprob>0.0</fprob>
        </actor>
        <actor name="D0N9">
            <wcet number="0">40</wcet>
            <wcet number="1">160</wcet>
            <maxpow number="0.3836611978458899"/>
            <maxpow number="0.3836611978458899"/>
            <fprob>0.0</fprob>
        </actor>
        <actor name="D0N13">
            <wcet number="0">30</wcet>
            <wcet number="1">40</wcet>
            <maxpow number="0.832927175448184"/>
            <maxpow number="0.832927175448184"/>
            <fprob>0.0</fprob>
        </actor>
        <actor name="D0N10">
            <wcet number="0">10</wcet>
            <wcet number="1">30</wcet>
            <maxpow number="0.40441804233772183"/>
            <maxpow number="0.40441804233772183"/>
            <fprob>0.0</fprob>
        </actor>
        <actor name="D0N21">
            <wcet number="0">20</wcet>
            <wcet number="1">20</wcet>
            <maxpow number="0.6320245926327114"/>
            <maxpow number="0.6320245926327114"/>
            <fprob>0.0</fprob>
        </actor>
        <actor name="D0N26">
            <wcet number="0">110</wcet>
            <wcet number="1">140</wcet>
            <maxpow number="0.4939811985228622"/>
            <maxpow number="0.4939811985228622"/>
            <fprob>0.0</fprob>
        </actor>
        <actor name="D0N36">
            <wcet number="0">30</wcet>
            <wcet number="1">80</wcet>
            <maxpow number="0.4075396374958049"/>
            <maxpow number="0.4075396374958049"/>
            <fprob>0.0</fprob>
        </actor>
        <actor name="D0N31">
            <wcet number="0">20</wcet>
            <wcet number="1">60</wcet>
            <maxpow number="0.4746628582212487"/>
            <maxpow number="0.4746628582212487"/>
            <fprob>0.0</fprob>
        </actor>
        <actor name="D0N40">
            <wcet number="0">30</wcet>
            <wcet number="1">30</wcet>
            <maxpow number="0.5466289138109991"/>
            <maxpow number="0.5466289138109991"/>
            <fprob>0.0</fprob>
        </actor>
        <actor name="D0N12">
            <wcet number="0">10</wcet>
            <wcet number="1">30</wcet>
            <maxpow number="0.5746273766447398"/>
            <maxpow number="0.5746273766447398"/>
            <fprob>0.0</fprob>
        </actor>
        <actor name="D0N43">
            <wcet number="0">50</wcet>
            <wcet number="1">50</wcet>
            <maxpow number="0.5684942071302446"/>
            <maxpow number="0.5684942071302446"/>
            <fprob>0.0</fprob>
        </actor>
        <actor name="D0N37">
            <wcet number="0">30</wcet>
            <wcet number="1">100</wcet>
            <maxpow number="0.465045111416601"/>
            <maxpow number="0.465045111416601"/>
            <fprob>0.0</fprob>
        </actor>
        <actor name="D0N6">
            <wcet number="0">30</wcet>
            <wcet number="1">100</wcet>
            <maxpow number="0.6869347305682456"/>
            <maxpow number="0.6869347305682456"/>
            <fprob>0.0</fprob>
        </actor>
        <actor name="D0N25">
            <wcet number="0">140</wcet>
            <wcet number="1">140</wcet>
            <maxpow number="0.7626714778227591"/>
            <maxpow number="0.7626714778227591"/>
            <fprob>0.0</fprob>
        </actor>
        <actor name="D0N41">
            <wcet number="0">20</wcet>
            <wcet number="1">20</wcet>
            <maxpow number="0.26825602616185584"/>
            <maxpow number="0.26825602616185584"/>
            <fprob>0.0</fprob>
        </actor>
        <actor name="D0N17">
            <wcet number="0">70</wcet>
            <wcet number="1">80</wcet>
            <maxpow number="0.6315048772453887"/>
            <maxpow number="0.6315048772453887"/>
            <fprob>0.0</fprob>
        </actor>
        <actor name="D0N30">
            <wcet number="0">10</wcet>
            <wcet number="1">50</wcet>
            <maxpow number="0.781277488059579"/>
            <maxpow number="0.781277488059579"/>
            <fprob>0.0</fprob>
        </actor>
        <actor name="D0N34">
            <wcet number="0">280</wcet>
            <wcet number="1">300</wcet>
            <maxpow number="0.5083692147711508"/>
            <maxpow number="0.5083692147711508"/>
            <fprob>0.0</fprob>
        </actor>
        <actor name="D0N7">
            <wcet number="0">10</wcet>
            <wcet number="1">40</wcet>
            <maxpow number="0.8379248666784499"/>
            <maxpow number="0.8379248666784499"/>
            <fprob>0.0</fprob>
        </actor>
        <actor name="D0N28">
            <wcet number="0">40</wcet>
            <wcet number="1">60</wcet>
            <maxpow number="0.6707838676844032"/>
            <maxpow number="0.6707838676844032"/>
            <fprob>0.0</fprob>
        </actor>
        <actor name="D0N32">
            <wcet number="0">10</wcet>
            <wcet number="1">10</wcet>
            <maxpow number="0.3801753151418764"/>
            <maxpow number="0.3801753151418764"/>
            <fprob>0.0</fprob>
        </actor>
        <actor name="D0N11">
            <wcet number="0">140</wcet>
            <wcet number="1">140</wcet>
            <maxpow number="0.6392049973145358"/>
            <maxpow number="0.6392049973145358"/>
            <fprob>0.0</fprob>
        </actor>
        <ports>
            <port dstActor="D0N7" name="p0" srcActor="D0N3"/>
            <port dstActor="D0N31" name="p1" srcActor="D0N3"/>
            <port dstActor="D0N47" name="p2" srcActor="D0N3"/>
            <port dstActor="D0N22" name="p3" srcActor="D0N3"/>
            <port dstActor="D0N27" name="p4" srcActor="D0N3"/>
            <port dstActor="D0N9" name="p5" srcActor="D0N3"/>
            <port dstActor="D0N44" name="p6" srcActor="D0N3"/>
            <port dstActor="D0N20" name="p7" srcActor="D0N3"/>
            <port dstActor="D0N41" name="p8" srcActor="D0N23"/>
            <port dstActor="D0N49" name="p9" srcActor="D0N23"/>
            <port dstActor="D0N44" name="p10" srcActor="D0N1"/>
            <port dstActor="D0N38" name="p11" srcActor="D0N1"/>
            <port dstActor="D0N15" name="p12" srcActor="D0N1"/>
            <port dstActor="D0N29" name="p13" srcActor="D0N1"/>
            <port dstActor="D0N13" name="p14" srcActor="D0N1"/>
            <port dstActor="D0N36" name="p15" srcActor="D0N1"/>
            <port dstActor="D0N17" name="p16" srcActor="D0N1"/>
            <port dstActor="D0N17" name="p17" srcActor="D0N0"/>
            <port dstActor="D0N34" name="p18" srcActor="D0N0"/>
            <port dstActor="D0N39" name="p19" srcActor="D0N8"/>
            <port dstActor="D0N14" name="p20" srcActor="D0N8"/>
            <port dstActor="D0N26" name="p21" srcActor="D0N8"/>
            <port dstActor="D0N23" name="p22" srcActor="D0N8"/>
            <port dstActor="D0N21" name="p23" srcActor="D0N8"/>
            <port dstActor="D0N34" name="p24" srcActor="D0N4"/>
            <port dstActor="D0N8" name="p25" srcActor="D0N4"/>
            <port dstActor="D0N14" name="p26" srcActor="D0N4"/>
            <port dstActor="D0N11" name="p27" srcActor="D0N4"/>
            <port dstActor="D0N24" name="p28" srcActor="D0N4"/>
            <port dstActor="D0N28" name="p29" srcActor="D0N15"/>
            <port dstActor="D0N33" name="p30" srcActor="D0N15"/>
            <port dstActor="D0N20" name="p31" srcActor="D0N2"/>
            <port dstActor="D0N30" name="p32" srcActor="D0N2"/>
            <port dstActor="D0N44" name="p33" srcActor="D0N2"/>
            <port dstActor="D0N26" name="p34" srcActor="D0N2"/>
            <port dstActor="D0N45" name="p35" srcActor="D0N2"/>
            <port dstActor="D0N9" name="p36" srcActor="D0N2"/>
            <port dstActor="D0N48" name="p37" srcActor="D0N16"/>
            <port dstActor="D0N23" name="p38" srcActor="D0N16"/>
            <port dstActor="D0N46" name="p39" srcActor="D0N16"/>
            <port dstActor="D0N40" name="p40" srcActor="D0N16"/>
            <port dstActor="D0N21" name="p41" srcActor="D0N16"/>
            <port dstActor="D0N30" name="p42" srcActor="D0N27"/>
            <port dstActor="D0N48" name="p43" srcActor="D0N27"/>
            <port dstActor="D0N21" name="p44" srcActor="D0N20"/>
            <port dstActor="D0N25" name="p45" srcActor="D0N20"/>
            <port dstActor="D0N26" name="p46" srcActor="D0N20"/>
            <port dstActor="D0N38" name="p47" srcActor="D0N20"/>
            <port dstActor="D0N47" name="p48" srcActor="D0N42"/>
            <port dstActor="D0N48" name="p49" srcActor="D0N42"/>
            <port dstActor="D0N20" name="p50" srcActor="D0N19"/>
            <port dstActor="D0N39" name="p51" srcActor="D0N19"/>
            <port dstActor="D0N32" name="p52" srcActor="D0N29"/>
            <port dstActor="D0N37" name="p53" srcActor="D0N29"/>
            <port dstActor="D0N35" name="p54" srcActor="D0N29"/>
            <port dstActor="D0N43" name="p55" srcActor="D0N29"/>
            <port dstActor="D0N43" name="p56" srcActor="D0N14"/>
            <port dstActor="D0N38" name="p57" srcActor="D0N14"/>
            <port dstActor="D0N30" name="p58" srcActor="D0N14"/>
            <port dstActor="D0N34" name="p59" srcActor="D0N24"/>
            <port dstActor="D0N39" name="p60" srcActor="D0N24"/>
            <port dstActor="D0N48" name="p61" srcActor="D0N24"/>
            <port dstActor="D0N29" name="p62" srcActor="D0N24"/>
            <port dstActor="D0N49" name="p63" srcActor="D0N33"/>
            <port dstActor="D0N37" name="p64" srcActor="D0N35"/>
            <port dstActor="D0N48" name="p65" srcActor="D0N35"/>
            <port dstActor="D0N41" name="p66" srcActor="D0N35"/>
            <port dstActor="D0N45" name="p67" srcActor="D0N35"/>
            <port dstActor="D0N39" name="p68" srcActor="D0N35"/>
            <port dstActor="D0N21" name="p69" srcActor="D0N18"/>
            <port dstActor="D0N47" name="p70" srcActor="D0N5"/>
            <port dstActor="D0N32" name="p71" srcActor="D0N5"/>
            <port dstActor="D0N39" name="p72" srcActor="D0N5"/>
            <port dstActor="D0N46" name="p73" srcActor="D0N44"/>
            <port dstActor="D0N49" name="p74" srcActor="D0N44"/>
            <port dstActor="D0N39" name="p75" srcActor="D0N22"/>
            <port dstActor="D0N41" name="p76" srcActor="D0N9"/>
            <port dstActor="D0N40" name="p77" srcActor="D0N9"/>
            <port dstActor="D0N35" name="p78" srcActor="D0N9"/>
            <port dstActor="D0N38" name="p79" srcActor="D0N9"/>
            <port dstActor="D0N20" name="p80" srcActor="D0N13"/>
            <port dstActor="D0N33" name="p81" srcActor="D0N13"/>
            <port dstActor="D0N36" name="p82" srcActor="D0N13"/>
            <port dstActor="D0N39" name="p83" srcActor="D0N13"/>
            <port dstActor="D0N15" name="p84" srcActor="D0N13"/>
            <port dstActor="D0N23" name="p85" srcActor="D0N13"/>
            <port dstActor="D0N28" name="p86" srcActor="D0N10"/>
            <port dstActor="D0N49" name="p87" srcActor="D0N10"/>
            <port dstActor="D0N17" name="p88" srcActor="D0N10"/>
            <port dstActor="D0N20" name="p89" srcActor="D0N10"/>
            <port dstActor="D0N29" name="p90" srcActor="D0N10"/>
            <port dstActor="D0N26" name="p91" srcActor="D0N21"/>
            <port dstActor="D0N37" name="p92" srcActor="D0N21"/>
            <port dstActor="D0N22" name="p93" srcActor="D0N21"/>
            <port dstActor="D0N49" name="p94" srcActor="D0N21"/>
            <port dstActor="D0N43" name="p95" srcActor="D0N26"/>
            <port dstActor="D0N36" name="p96" srcActor="D0N26"/>
            <port dstActor="D0N38" name="p97" srcActor="D0N26"/>
            <port dstActor="D0N37" name="p98" srcActor="D0N36"/>
            <port dstActor="D0N38" name="p99" srcActor="D0N36"/>
            <port dstActor="D0N48" name="p100" srcActor="D0N36"/>
            <port dstActor="D0N39" name="p101" srcActor="D0N31"/>
            <port dstActor="D0N34" name="p102" srcActor="D0N31"/>
            <port dstActor="D0N45" name="p103" srcActor="D0N40"/>
            <port dstActor="D0N47" name="p104" srcActor="D0N40"/>
            <port dstActor="D0N20" name="p105" srcActor="D0N12"/>
            <port dstActor="D0N38" name="p106" srcActor="D0N12"/>
            <port dstActor="D0N32" name="p107" srcActor="D0N12"/>
            <port dstActor="D0N49" name="p108" srcActor="D0N37"/>
            <port dstActor="D0N19" name="p109" srcActor="D0N6"/>
            <port dstActor="D0N12" name="p110" srcActor="D0N6"/>
            <port dstActor="D0N24" name="p111" srcActor="D0N6"/>
            <port dstActor="D0N46" name="p112" srcActor="D0N6"/>
            <port dstActor="D0N49" name="p113" srcActor="D0N6"/>
            <port dstActor="D0N27" name="p114" srcActor="D0N25"/>
            <port dstActor="D0N42" name="p115" srcActor="D0N25"/>
            <port dstActor="D0N46" name="p116" srcActor="D0N41"/>
            <port dstActor="D0N19" name="p117" srcActor="D0N17"/>
            <port dstActor="D0N29" name="p118" srcActor="D0N17"/>
            <port dstActor="D0N45" name="p119" srcActor="D0N17"/>
            <port dstActor="D0N39" name="p120" srcActor="D0N30"/>
            <port dstActor="D0N40" name="p121" srcActor="D0N34"/>
            <port dstActor="D0N38" name="p122" srcActor="D0N34"/>
            <port dstActor="D0N48" name="p123" srcActor="D0N7"/>
            <port dstActor="D0N21" name="p124" srcActor="D0N7"/>
            <port dstActor="D0N28" name="p125" srcActor="D0N7"/>
            <port dstActor="D0N46" name="p126" srcActor="D0N28"/>
            <port dstActor="D0N49" name="p127" srcActor="D0N28"/>
            <port dstActor="D0N34" name="p128" srcActor="D0N28"/>
            <port dstActor="D0N32" name="p129" srcActor="D0N28"/>
            <port dstActor="D0N35" name="p130" srcActor="D0N28"/>
            <port dstActor="D0N33" name="p131" srcActor="D0N32"/>
            <port dstActor="D0N47" name="p132" srcActor="D0N32"/>
            <port dstActor="D0N25" name="p133" srcActor="D0N11"/>
        </ports>
    </mcdag>
    <cores number="2"/>
    <levels number="2"/>
</mcsystem>
