<?xml version="1.0" encoding="UTF-8" standalone="no"?>
<mcsystem>
    <mcdag deadline="1200" name="genned-0-ed-10.0-0">
        <actor name="D0N32">
            <wcet number="0">120</wcet>
            <wcet number="1">150</wcet>
            <maxpow number="0.5218363311752252"/>
            <maxpow number="0.5218363311752252"/>
            <fprob>0.0</fprob>
        </actor>
        <actor name="D0N4">
            <wcet number="0">20</wcet>
            <wcet number="1">30</wcet>
            <maxpow number="0.5558426377427131"/>
            <maxpow number="0.5558426377427131"/>
            <fprob>0.0</fprob>
        </actor>
        <actor name="D0N33">
            <wcet number="0">180</wcet>
            <wcet number="1">190</wcet>
            <maxpow number="0.6978318953479041"/>
            <maxpow number="0.6978318953479041"/>
            <fprob>0.0</fprob>
        </actor>
        <actor name="D0N35">
            <wcet number="0">20</wcet>
            <wcet number="1">60</wcet>
            <maxpow number="0.33113472723423687"/>
            <maxpow number="0.33113472723423687"/>
            <fprob>0.0</fprob>
        </actor>
        <actor name="D0N37">
            <wcet number="0">20</wcet>
            <wcet number="1">20</wcet>
            <maxpow number="0.7164228092478948"/>
            <maxpow number="0.7164228092478948"/>
            <fprob>0.0</fprob>
        </actor>
        <actor name="D0N41">
            <wcet number="0">10</wcet>
            <wcet number="1">50</wcet>
            <maxpow number="0.2799843477789817"/>
            <maxpow number="0.2799843477789817"/>
            <fprob>0.0</fprob>
        </actor>
        <actor name="D0N8">
            <wcet number="0">10</wcet>
            <wcet number="1">10</wcet>
            <maxpow number="0.5189938220536034"/>
            <maxpow number="0.5189938220536034"/>
            <fprob>0.0</fprob>
        </actor>
        <actor name="D0N21">
            <wcet number="0">10</wcet>
            <wcet number="1">10</wcet>
            <maxpow number="0.510510379815127"/>
            <maxpow number="0.510510379815127"/>
            <fprob>0.0</fprob>
        </actor>
        <actor name="D0N29">
            <wcet number="0">20</wcet>
            <wcet number="1">40</wcet>
            <maxpow number="0.34014251623629965"/>
            <maxpow number="0.34014251623629965"/>
            <fprob>0.0</fprob>
        </actor>
        <actor name="D0N16">
            <wcet number="0">10</wcet>
            <wcet number="1">30</wcet>
            <maxpow number="0.5385718382898105"/>
            <maxpow number="0.5385718382898105"/>
            <fprob>0.0</fprob>
        </actor>
        <actor name="D0N27">
            <wcet number="0">10</wcet>
            <wcet number="1">20</wcet>
            <maxpow number="0.39647812634543683"/>
            <maxpow number="0.39647812634543683"/>
            <fprob>0.0</fprob>
        </actor>
        <actor name="D0N18">
            <wcet number="0">60</wcet>
            <wcet number="1">90</wcet>
            <maxpow number="0.7055649319106221"/>
            <maxpow number="0.7055649319106221"/>
            <fprob>0.0</fprob>
        </actor>
        <actor name="D0N14">
            <wcet number="0">20</wcet>
            <wcet number="1">20</wcet>
            <maxpow number="0.7261033116167597"/>
            <maxpow number="0.7261033116167597"/>
            <fprob>0.0</fprob>
        </actor>
        <actor name="D0N30">
            <wcet number="0">10</wcet>
            <wcet number="1">20</wcet>
            <maxpow number="0.36978582072078314"/>
            <maxpow number="0.36978582072078314"/>
            <fprob>0.0</fprob>
        </actor>
        <actor name="D0N6">
            <wcet number="0">130</wcet>
            <wcet number="1">150</wcet>
            <maxpow number="0.49470315742299853"/>
            <maxpow number="0.49470315742299853"/>
            <fprob>0.0</fprob>
        </actor>
        <actor name="D0N10">
            <wcet number="0">60</wcet>
            <wcet number="1">80</wcet>
            <maxpow number="0.451116344213661"/>
            <maxpow number="0.451116344213661"/>
            <fprob>0.0</fprob>
        </actor>
        <actor name="D0N11">
            <wcet number="0">350</wcet>
            <wcet number="1">360</wcet>
            <maxpow number="0.5303644294113132"/>
            <maxpow number="0.5303644294113132"/>
            <fprob>0.0</fprob>
        </actor>
        <actor name="D0N5">
            <wcet number="0">30</wcet>
            <wcet number="1">90</wcet>
            <maxpow number="0.1900470335534205"/>
            <maxpow number="0.1900470335534205"/>
            <fprob>0.0</fprob>
        </actor>
        <actor name="D0N23">
            <wcet number="0">60</wcet>
            <wcet number="1">60</wcet>
            <maxpow number="0.3628724114329607"/>
            <maxpow number="0.3628724114329607"/>
            <fprob>0.0</fprob>
        </actor>
        <actor name="D0N26">
            <wcet number="0">10</wcet>
            <wcet number="1">10</wcet>
            <maxpow number="0.8879773806623208"/>
            <maxpow number="0.8879773806623208"/>
            <fprob>0.0</fprob>
        </actor>
        <actor name="D0N1">
            <wcet number="0">80</wcet>
            <wcet number="1">90</wcet>
            <maxpow number="0.49476425896939324"/>
            <maxpow number="0.49476425896939324"/>
            <fprob>0.0</fprob>
        </actor>
        <actor name="D0N3">
            <wcet number="0">20</wcet>
            <wcet number="1">30</wcet>
            <maxpow number="0.7358866671206986"/>
            <maxpow number="0.7358866671206986"/>
            <fprob>0.0</fprob>
        </actor>
        <actor name="D0N28">
            <wcet number="0">40</wcet>
            <wcet number="1">80</wcet>
            <maxpow number="0.3510022723418022"/>
            <maxpow number="0.3510022723418022"/>
            <fprob>0.0</fprob>
        </actor>
        <actor name="D0N17">
            <wcet number="0">30</wcet>
            <wcet number="1">50</wcet>
            <maxpow number="0.48465423551661846"/>
            <maxpow number="0.48465423551661846"/>
            <fprob>0.0</fprob>
        </actor>
        <actor name="D0N39">
            <wcet number="0">200</wcet>
            <wcet number="1">250</wcet>
            <maxpow number="0.43507177651927814"/>
            <maxpow number="0.43507177651927814"/>
            <fprob>0.0</fprob>
        </actor>
        <actor name="D0N7">
            <wcet number="0">30</wcet>
            <wcet number="1">40</wcet>
            <maxpow number="0.4827860708118115"/>
            <maxpow number="0.4827860708118115"/>
            <fprob>0.0</fprob>
        </actor>
        <actor name="D0N9">
            <wcet number="0">30</wcet>
            <wcet number="1">30</wcet>
            <maxpow number="0.406047042144703"/>
            <maxpow number="0.406047042144703"/>
            <fprob>0.0</fprob>
        </actor>
        <actor name="D0N20">
            <wcet number="0">10</wcet>
            <wcet number="1">10</wcet>
            <maxpow number="0.7696301529848536"/>
            <maxpow number="0.7696301529848536"/>
            <fprob>0.0</fprob>
        </actor>
        <actor name="D0N36">
            <wcet number="0">30</wcet>
            <wcet number="1">60</wcet>
            <maxpow number="0.6469100127051287"/>
            <maxpow number="0.6469100127051287"/>
            <fprob>0.0</fprob>
        </actor>
        <actor name="D0N0">
            <wcet number="0">30</wcet>
            <wcet number="1">70</wcet>
            <maxpow number="0.5761258196615177"/>
            <maxpow number="0.5761258196615177"/>
            <fprob>0.0</fprob>
        </actor>
        <actor name="D0N19">
            <wcet number="0">30</wcet>
            <wcet number="1">40</wcet>
            <maxpow number="0.3772980828063276"/>
            <maxpow number="0.3772980828063276"/>
            <fprob>0.0</fprob>
        </actor>
        <actor name="D0N24">
            <wcet number="0">10</wcet>
            <wcet number="1">20</wcet>
            <maxpow number="0.5242621652779184"/>
            <maxpow number="0.5242621652779184"/>
            <fprob>0.0</fprob>
        </actor>
        <actor name="D0N42">
            <wcet number="0">20</wcet>
            <wcet number="1">60</wcet>
            <maxpow number="0.5543846612141257"/>
            <maxpow number="0.5543846612141257"/>
            <fprob>0.0</fprob>
        </actor>
        <actor name="D0N2">
            <wcet number="0">270</wcet>
            <wcet number="1">310</wcet>
            <maxpow number="0.3317840338837804"/>
            <maxpow number="0.3317840338837804"/>
            <fprob>0.0</fprob>
        </actor>
        <actor name="D0N34">
            <wcet number="0">40</wcet>
            <wcet number="1">70</wcet>
            <maxpow number="0.8744417058540817"/>
            <maxpow number="0.8744417058540817"/>
            <fprob>0.0</fprob>
        </actor>
        <actor name="D0N15">
            <wcet number="0">10</wcet>
            <wcet number="1">80</wcet>
            <maxpow number="0.7002825853257394"/>
            <maxpow number="0.7002825853257394"/>
            <fprob>0.0</fprob>
        </actor>
        <actor name="D0N40">
            <wcet number="0">10</wcet>
            <wcet number="1">20</wcet>
            <maxpow number="0.5961254603503168"/>
            <maxpow number="0.5961254603503168"/>
            <fprob>0.0</fprob>
        </actor>
        <actor name="D0N13">
            <wcet number="0">40</wcet>
            <wcet number="1">60</wcet>
            <maxpow number="0.4558915932582629"/>
            <maxpow number="0.4558915932582629"/>
            <fprob>0.0</fprob>
        </actor>
        <actor name="D0N22">
            <wcet number="0">50</wcet>
            <wcet number="1">90</wcet>
            <maxpow number="0.7078231559961873"/>
            <maxpow number="0.7078231559961873"/>
            <fprob>0.0</fprob>
        </actor>
        <actor name="D0N31">
            <wcet number="0">50</wcet>
            <wcet number="1">80</wcet>
            <maxpow number="0.6339480406815389"/>
            <maxpow number="0.6339480406815389"/>
            <fprob>0.0</fprob>
        </actor>
        <actor name="D0N12">
            <wcet number="0">110</wcet>
            <wcet number="1">140</wcet>
            <maxpow number="0.478657875377486"/>
            <maxpow number="0.478657875377486"/>
            <fprob>0.0</fprob>
        </actor>
        <actor name="D0N38">
            <wcet number="0">120</wcet>
            <wcet number="1">150</wcet>
            <maxpow number="0.6959398067960615"/>
            <maxpow number="0.6959398067960615"/>
            <fprob>0.0</fprob>
        </actor>
        <actor name="D0N25">
            <wcet number="0">40</wcet>
            <wcet number="1">40</wcet>
            <maxpow number="0.3569191861300528"/>
            <maxpow number="0.3569191861300528"/>
            <fprob>0.0</fprob>
        </actor>
        <ports>
            <port dstActor="D0N34" name="p0" srcActor="D0N32"/>
            <port dstActor="D0N27" name="p1" srcActor="D0N4"/>
            <port dstActor="D0N38" name="p2" srcActor="D0N4"/>
            <port dstActor="D0N38" name="p3" srcActor="D0N33"/>
            <port dstActor="D0N42" name="p4" srcActor="D0N41"/>
            <port dstActor="D0N13" name="p5" srcActor="D0N8"/>
            <port dstActor="D0N16" name="p6" srcActor="D0N8"/>
            <port dstActor="D0N35" name="p7" srcActor="D0N8"/>
            <port dstActor="D0N29" name="p8" srcActor="D0N8"/>
            <port dstActor="D0N37" name="p9" srcActor="D0N29"/>
            <port dstActor="D0N40" name="p10" srcActor="D0N29"/>
            <port dstActor="D0N36" name="p11" srcActor="D0N29"/>
            <port dstActor="D0N32" name="p12" srcActor="D0N16"/>
            <port dstActor="D0N25" name="p13" srcActor="D0N16"/>
            <port dstActor="D0N30" name="p14" srcActor="D0N16"/>
            <port dstActor="D0N37" name="p15" srcActor="D0N16"/>
            <port dstActor="D0N39" name="p16" srcActor="D0N16"/>
            <port dstActor="D0N19" name="p17" srcActor="D0N16"/>
            <port dstActor="D0N35" name="p18" srcActor="D0N18"/>
            <port dstActor="D0N34" name="p19" srcActor="D0N18"/>
            <port dstActor="D0N36" name="p20" srcActor="D0N18"/>
            <port dstActor="D0N29" name="p21" srcActor="D0N18"/>
            <port dstActor="D0N17" name="p22" srcActor="D0N14"/>
            <port dstActor="D0N39" name="p23" srcActor="D0N14"/>
            <port dstActor="D0N35" name="p24" srcActor="D0N14"/>
            <port dstActor="D0N34" name="p25" srcActor="D0N30"/>
            <port dstActor="D0N32" name="p26" srcActor="D0N30"/>
            <port dstActor="D0N41" name="p27" srcActor="D0N30"/>
            <port dstActor="D0N31" name="p28" srcActor="D0N30"/>
            <port dstActor="D0N13" name="p29" srcActor="D0N6"/>
            <port dstActor="D0N30" name="p30" srcActor="D0N6"/>
            <port dstActor="D0N34" name="p31" srcActor="D0N10"/>
            <port dstActor="D0N38" name="p32" srcActor="D0N10"/>
            <port dstActor="D0N19" name="p33" srcActor="D0N10"/>
            <port dstActor="D0N19" name="p34" srcActor="D0N11"/>
            <port dstActor="D0N20" name="p35" srcActor="D0N11"/>
            <port dstActor="D0N39" name="p36" srcActor="D0N11"/>
            <port dstActor="D0N40" name="p37" srcActor="D0N11"/>
            <port dstActor="D0N33" name="p38" srcActor="D0N5"/>
            <port dstActor="D0N18" name="p39" srcActor="D0N5"/>
            <port dstActor="D0N26" name="p40" srcActor="D0N5"/>
            <port dstActor="D0N42" name="p41" srcActor="D0N23"/>
            <port dstActor="D0N41" name="p42" srcActor="D0N26"/>
            <port dstActor="D0N18" name="p43" srcActor="D0N1"/>
            <port dstActor="D0N4" name="p44" srcActor="D0N1"/>
            <port dstActor="D0N28" name="p45" srcActor="D0N1"/>
            <port dstActor="D0N29" name="p46" srcActor="D0N3"/>
            <port dstActor="D0N20" name="p47" srcActor="D0N3"/>
            <port dstActor="D0N11" name="p48" srcActor="D0N3"/>
            <port dstActor="D0N40" name="p49" srcActor="D0N3"/>
            <port dstActor="D0N15" name="p50" srcActor="D0N3"/>
            <port dstActor="D0N17" name="p51" srcActor="D0N3"/>
            <port dstActor="D0N34" name="p52" srcActor="D0N28"/>
            <port dstActor="D0N25" name="p53" srcActor="D0N17"/>
            <port dstActor="D0N26" name="p54" srcActor="D0N17"/>
            <port dstActor="D0N30" name="p55" srcActor="D0N17"/>
            <port dstActor="D0N35" name="p56" srcActor="D0N17"/>
            <port dstActor="D0N40" name="p57" srcActor="D0N39"/>
            <port dstActor="D0N27" name="p58" srcActor="D0N7"/>
            <port dstActor="D0N23" name="p59" srcActor="D0N7"/>
            <port dstActor="D0N18" name="p60" srcActor="D0N7"/>
            <port dstActor="D0N12" name="p61" srcActor="D0N7"/>
            <port dstActor="D0N34" name="p62" srcActor="D0N7"/>
            <port dstActor="D0N40" name="p63" srcActor="D0N7"/>
            <port dstActor="D0N32" name="p64" srcActor="D0N9"/>
            <port dstActor="D0N29" name="p65" srcActor="D0N20"/>
            <port dstActor="D0N23" name="p66" srcActor="D0N20"/>
            <port dstActor="D0N41" name="p67" srcActor="D0N0"/>
            <port dstActor="D0N27" name="p68" srcActor="D0N19"/>
            <port dstActor="D0N32" name="p69" srcActor="D0N24"/>
            <port dstActor="D0N42" name="p70" srcActor="D0N2"/>
            <port dstActor="D0N32" name="p71" srcActor="D0N2"/>
            <port dstActor="D0N19" name="p72" srcActor="D0N2"/>
            <port dstActor="D0N39" name="p73" srcActor="D0N34"/>
            <port dstActor="D0N22" name="p74" srcActor="D0N15"/>
            <port dstActor="D0N32" name="p75" srcActor="D0N15"/>
            <port dstActor="D0N26" name="p76" srcActor="D0N15"/>
            <port dstActor="D0N35" name="p77" srcActor="D0N13"/>
            <port dstActor="D0N31" name="p78" srcActor="D0N13"/>
            <port dstActor="D0N19" name="p79" srcActor="D0N13"/>
            <port dstActor="D0N40" name="p80" srcActor="D0N13"/>
            <port dstActor="D0N16" name="p81" srcActor="D0N13"/>
            <port dstActor="D0N42" name="p82" srcActor="D0N13"/>
            <port dstActor="D0N27" name="p83" srcActor="D0N22"/>
            <port dstActor="D0N32" name="p84" srcActor="D0N22"/>
            <port dstActor="D0N33" name="p85" srcActor="D0N31"/>
            <port dstActor="D0N32" name="p86" srcActor="D0N31"/>
            <port dstActor="D0N41" name="p87" srcActor="D0N38"/>
        </ports>
    </mcdag>
    <cores number="3"/>
    <levels number="2"/>
</mcsystem>
