<?xml version="1.0" encoding="UTF-8" standalone="no"?>
<mcsystem>
    <mcdag deadline="1200" name="genned-0-ed-10.0-0">
        <actor name="D0N14">
            <wcet number="0">30</wcet>
            <wcet number="1">30</wcet>
            <maxpow number="0.36962142420732397"/>
            <maxpow number="0.36962142420732397"/>
            <fprob>0.0</fprob>
        </actor>
        <actor name="D0N29">
            <wcet number="0">110</wcet>
            <wcet number="1">290</wcet>
            <maxpow number="0.5772091232543488"/>
            <maxpow number="0.5772091232543488"/>
            <fprob>0.0</fprob>
        </actor>
        <actor name="D0N40">
            <wcet number="0">40</wcet>
            <wcet number="1">60</wcet>
            <maxpow number="0.5806063092461248"/>
            <maxpow number="0.5806063092461248"/>
            <fprob>0.0</fprob>
        </actor>
        <actor name="D0N26">
            <wcet number="0">80</wcet>
            <wcet number="1">100</wcet>
            <maxpow number="0.5171525236731621"/>
            <maxpow number="0.5171525236731621"/>
            <fprob>0.0</fprob>
        </actor>
        <actor name="D0N4">
            <wcet number="0">30</wcet>
            <wcet number="1">100</wcet>
            <maxpow number="0.5659552389244887"/>
            <maxpow number="0.5659552389244887"/>
            <fprob>0.0</fprob>
        </actor>
        <actor name="D0N8">
            <wcet number="0">10</wcet>
            <wcet number="1">190</wcet>
            <maxpow number="0.2032150055726057"/>
            <maxpow number="0.2032150055726057"/>
            <fprob>0.0</fprob>
        </actor>
        <actor name="D0N38">
            <wcet number="0">90</wcet>
            <wcet number="1">160</wcet>
            <maxpow number="0.7447059575309896"/>
            <maxpow number="0.7447059575309896"/>
            <fprob>0.0</fprob>
        </actor>
        <actor name="D0N34">
            <wcet number="0">20</wcet>
            <wcet number="1">50</wcet>
            <maxpow number="0.7766275182460161"/>
            <maxpow number="0.7766275182460161"/>
            <fprob>0.0</fprob>
        </actor>
        <actor name="D0N32">
            <wcet number="0">10</wcet>
            <wcet number="1">10</wcet>
            <maxpow number="0.3320528093596049"/>
            <maxpow number="0.3320528093596049"/>
            <fprob>0.0</fprob>
        </actor>
        <actor name="D0N28">
            <wcet number="0">10</wcet>
            <wcet number="1">10</wcet>
            <maxpow number="0.8151665688992202"/>
            <maxpow number="0.8151665688992202"/>
            <fprob>0.0</fprob>
        </actor>
        <actor name="D0N41">
            <wcet number="0">10</wcet>
            <wcet number="1">20</wcet>
            <maxpow number="0.18699498069965526"/>
            <maxpow number="0.18699498069965526"/>
            <fprob>0.0</fprob>
        </actor>
        <actor name="D0N20">
            <wcet number="0">20</wcet>
            <wcet number="1">60</wcet>
            <maxpow number="0.71365680272337"/>
            <maxpow number="0.71365680272337"/>
            <fprob>0.0</fprob>
        </actor>
        <actor name="D0N37">
            <wcet number="0">10</wcet>
            <wcet number="1">20</wcet>
            <maxpow number="0.35263154947098985"/>
            <maxpow number="0.35263154947098985"/>
            <fprob>0.0</fprob>
        </actor>
        <actor name="D0N2">
            <wcet number="0">10</wcet>
            <wcet number="1">10</wcet>
            <maxpow number="0.6209513191610011"/>
            <maxpow number="0.6209513191610011"/>
            <fprob>0.0</fprob>
        </actor>
        <actor name="D0N11">
            <wcet number="0">10</wcet>
            <wcet number="1">10</wcet>
            <maxpow number="0.5270213721568958"/>
            <maxpow number="0.5270213721568958"/>
            <fprob>0.0</fprob>
        </actor>
        <actor name="D0N43">
            <wcet number="0">70</wcet>
            <wcet number="1">80</wcet>
            <maxpow number="0.7174960307916426"/>
            <maxpow number="0.7174960307916426"/>
            <fprob>0.0</fprob>
        </actor>
        <actor name="D0N1">
            <wcet number="0">30</wcet>
            <wcet number="1">30</wcet>
            <maxpow number="0.6578989851536344"/>
            <maxpow number="0.6578989851536344"/>
            <fprob>0.0</fprob>
        </actor>
        <actor name="D0N6">
            <wcet number="0">120</wcet>
            <wcet number="1">120</wcet>
            <maxpow number="0.3481609588130464"/>
            <maxpow number="0.3481609588130464"/>
            <fprob>0.0</fprob>
        </actor>
        <actor name="D0N25">
            <wcet number="0">10</wcet>
            <wcet number="1">10</wcet>
            <maxpow number="0.7334018245754745"/>
            <maxpow number="0.7334018245754745"/>
            <fprob>0.0</fprob>
        </actor>
        <actor name="D0N10">
            <wcet number="0">10</wcet>
            <wcet number="1">20</wcet>
            <maxpow number="0.655962982278587"/>
            <maxpow number="0.655962982278587"/>
            <fprob>0.0</fprob>
        </actor>
        <actor name="D0N31">
            <wcet number="0">10</wcet>
            <wcet number="1">10</wcet>
            <maxpow number="0.8680198232364598"/>
            <maxpow number="0.8680198232364598"/>
            <fprob>0.0</fprob>
        </actor>
        <actor name="D0N33">
            <wcet number="0">10</wcet>
            <wcet number="1">10</wcet>
            <maxpow number="0.32325690105060656"/>
            <maxpow number="0.32325690105060656"/>
            <fprob>0.0</fprob>
        </actor>
        <actor name="D0N15">
            <wcet number="0">10</wcet>
            <wcet number="1">10</wcet>
            <maxpow number="0.7052483825868388"/>
            <maxpow number="0.7052483825868388"/>
            <fprob>0.0</fprob>
        </actor>
        <actor name="D0N42">
            <wcet number="0">120</wcet>
            <wcet number="1">120</wcet>
            <maxpow number="0.6423038134846045"/>
            <maxpow number="0.6423038134846045"/>
            <fprob>0.0</fprob>
        </actor>
        <actor name="D0N3">
            <wcet number="0">10</wcet>
            <wcet number="1">30</wcet>
            <maxpow number="0.2417015428142718"/>
            <maxpow number="0.2417015428142718"/>
            <fprob>0.0</fprob>
        </actor>
        <actor name="D0N17">
            <wcet number="0">10</wcet>
            <wcet number="1">20</wcet>
            <maxpow number="0.3361233647461477"/>
            <maxpow number="0.3361233647461477"/>
            <fprob>0.0</fprob>
        </actor>
        <actor name="D0N30">
            <wcet number="0">50</wcet>
            <wcet number="1">90</wcet>
            <maxpow number="0.437573957663101"/>
            <maxpow number="0.437573957663101"/>
            <fprob>0.0</fprob>
        </actor>
        <actor name="D0N39">
            <wcet number="0">10</wcet>
            <wcet number="1">10</wcet>
            <maxpow number="0.8278113443698971"/>
            <maxpow number="0.8278113443698971"/>
            <fprob>0.0</fprob>
        </actor>
        <actor name="D0N19">
            <wcet number="0">90</wcet>
            <wcet number="1">140</wcet>
            <maxpow number="0.2831821033493085"/>
            <maxpow number="0.2831821033493085"/>
            <fprob>0.0</fprob>
        </actor>
        <actor name="D0N24">
            <wcet number="0">10</wcet>
            <wcet number="1">10</wcet>
            <maxpow number="0.5568553557338018"/>
            <maxpow number="0.5568553557338018"/>
            <fprob>0.0</fprob>
        </actor>
        <actor name="D0N9">
            <wcet number="0">60</wcet>
            <wcet number="1">140</wcet>
            <maxpow number="0.4089625429752852"/>
            <maxpow number="0.4089625429752852"/>
            <fprob>0.0</fprob>
        </actor>
        <actor name="D0N27">
            <wcet number="0">110</wcet>
            <wcet number="1">200</wcet>
            <maxpow number="0.5788600793247534"/>
            <maxpow number="0.5788600793247534"/>
            <fprob>0.0</fprob>
        </actor>
        <actor name="D0N0">
            <wcet number="0">20</wcet>
            <wcet number="1">20</wcet>
            <maxpow number="0.8216074653051397"/>
            <maxpow number="0.8216074653051397"/>
            <fprob>0.0</fprob>
        </actor>
        <actor name="D0N35">
            <wcet number="0">20</wcet>
            <wcet number="1">20</wcet>
            <maxpow number="0.4461010958323868"/>
            <maxpow number="0.4461010958323868"/>
            <fprob>0.0</fprob>
        </actor>
        <actor name="D0N12">
            <wcet number="0">10</wcet>
            <wcet number="1">20</wcet>
            <maxpow number="0.5588860601505055"/>
            <maxpow number="0.5588860601505055"/>
            <fprob>0.0</fprob>
        </actor>
        <actor name="D0N5">
            <wcet number="0">20</wcet>
            <wcet number="1">30</wcet>
            <maxpow number="0.4148428740656327"/>
            <maxpow number="0.4148428740656327"/>
            <fprob>0.0</fprob>
        </actor>
        <actor name="D0N21">
            <wcet number="0">10</wcet>
            <wcet number="1">10</wcet>
            <maxpow number="0.1254503793235111"/>
            <maxpow number="0.1254503793235111"/>
            <fprob>0.0</fprob>
        </actor>
        <actor name="D0N22">
            <wcet number="0">10</wcet>
            <wcet number="1">10</wcet>
            <maxpow number="0.7705107930732262"/>
            <maxpow number="0.7705107930732262"/>
            <fprob>0.0</fprob>
        </actor>
        <actor name="D0N16">
            <wcet number="0">50</wcet>
            <wcet number="1">60</wcet>
            <maxpow number="0.09769449360548327"/>
            <maxpow number="0.09769449360548327"/>
            <fprob>0.0</fprob>
        </actor>
        <actor name="D0N7">
            <wcet number="0">10</wcet>
            <wcet number="1">20</wcet>
            <maxpow number="0.558140752852049"/>
            <maxpow number="0.558140752852049"/>
            <fprob>0.0</fprob>
        </actor>
        <actor name="D0N18">
            <wcet number="0">30</wcet>
            <wcet number="1">30</wcet>
            <maxpow number="0.84203405344822"/>
            <maxpow number="0.84203405344822"/>
            <fprob>0.0</fprob>
        </actor>
        <actor name="D0N36">
            <wcet number="0">50</wcet>
            <wcet number="1">160</wcet>
            <maxpow number="0.6007678693791225"/>
            <maxpow number="0.6007678693791225"/>
            <fprob>0.0</fprob>
        </actor>
        <actor name="D0N13">
            <wcet number="0">20</wcet>
            <wcet number="1">50</wcet>
            <maxpow number="0.7410884478112315"/>
            <maxpow number="0.7410884478112315"/>
            <fprob>0.0</fprob>
        </actor>
        <actor name="D0N23">
            <wcet number="0">10</wcet>
            <wcet number="1">40</wcet>
            <maxpow number="0.7809602959113744"/>
            <maxpow number="0.7809602959113744"/>
            <fprob>0.0</fprob>
        </actor>
        <ports>
            <port dstActor="D0N33" name="p0" srcActor="D0N29"/>
            <port dstActor="D0N34" name="p1" srcActor="D0N26"/>
            <port dstActor="D0N5" name="p2" srcActor="D0N4"/>
            <port dstActor="D0N32" name="p3" srcActor="D0N4"/>
            <port dstActor="D0N28" name="p4" srcActor="D0N4"/>
            <port dstActor="D0N17" name="p5" srcActor="D0N4"/>
            <port dstActor="D0N24" name="p6" srcActor="D0N4"/>
            <port dstActor="D0N29" name="p7" srcActor="D0N4"/>
            <port dstActor="D0N25" name="p8" srcActor="D0N8"/>
            <port dstActor="D0N39" name="p9" srcActor="D0N34"/>
            <port dstActor="D0N40" name="p10" srcActor="D0N32"/>
            <port dstActor="D0N33" name="p11" srcActor="D0N28"/>
            <port dstActor="D0N40" name="p12" srcActor="D0N28"/>
            <port dstActor="D0N31" name="p13" srcActor="D0N20"/>
            <port dstActor="D0N32" name="p14" srcActor="D0N20"/>
            <port dstActor="D0N22" name="p15" srcActor="D0N20"/>
            <port dstActor="D0N18" name="p16" srcActor="D0N2"/>
            <port dstActor="D0N17" name="p17" srcActor="D0N2"/>
            <port dstActor="D0N6" name="p18" srcActor="D0N2"/>
            <port dstActor="D0N8" name="p19" srcActor="D0N2"/>
            <port dstActor="D0N37" name="p20" srcActor="D0N2"/>
            <port dstActor="D0N32" name="p21" srcActor="D0N11"/>
            <port dstActor="D0N23" name="p22" srcActor="D0N11"/>
            <port dstActor="D0N7" name="p23" srcActor="D0N1"/>
            <port dstActor="D0N16" name="p24" srcActor="D0N1"/>
            <port dstActor="D0N18" name="p25" srcActor="D0N1"/>
            <port dstActor="D0N12" name="p26" srcActor="D0N1"/>
            <port dstActor="D0N41" name="p27" srcActor="D0N1"/>
            <port dstActor="D0N17" name="p28" srcActor="D0N6"/>
            <port dstActor="D0N30" name="p29" srcActor="D0N6"/>
            <port dstActor="D0N23" name="p30" srcActor="D0N6"/>
            <port dstActor="D0N39" name="p31" srcActor="D0N25"/>
            <port dstActor="D0N31" name="p32" srcActor="D0N25"/>
            <port dstActor="D0N12" name="p33" srcActor="D0N10"/>
            <port dstActor="D0N33" name="p34" srcActor="D0N10"/>
            <port dstActor="D0N22" name="p35" srcActor="D0N15"/>
            <port dstActor="D0N19" name="p36" srcActor="D0N15"/>
            <port dstActor="D0N4" name="p37" srcActor="D0N3"/>
            <port dstActor="D0N22" name="p38" srcActor="D0N3"/>
            <port dstActor="D0N29" name="p39" srcActor="D0N3"/>
            <port dstActor="D0N17" name="p40" srcActor="D0N3"/>
            <port dstActor="D0N21" name="p41" srcActor="D0N3"/>
            <port dstActor="D0N36" name="p42" srcActor="D0N3"/>
            <port dstActor="D0N27" name="p43" srcActor="D0N3"/>
            <port dstActor="D0N32" name="p44" srcActor="D0N17"/>
            <port dstActor="D0N42" name="p45" srcActor="D0N17"/>
            <port dstActor="D0N31" name="p46" srcActor="D0N30"/>
            <port dstActor="D0N38" name="p47" srcActor="D0N19"/>
            <port dstActor="D0N21" name="p48" srcActor="D0N19"/>
            <port dstActor="D0N41" name="p49" srcActor="D0N19"/>
            <port dstActor="D0N22" name="p50" srcActor="D0N19"/>
            <port dstActor="D0N34" name="p51" srcActor="D0N19"/>
            <port dstActor="D0N25" name="p52" srcActor="D0N24"/>
            <port dstActor="D0N32" name="p53" srcActor="D0N24"/>
            <port dstActor="D0N38" name="p54" srcActor="D0N24"/>
            <port dstActor="D0N41" name="p55" srcActor="D0N9"/>
            <port dstActor="D0N18" name="p56" srcActor="D0N9"/>
            <port dstActor="D0N40" name="p57" srcActor="D0N27"/>
            <port dstActor="D0N13" name="p58" srcActor="D0N0"/>
            <port dstActor="D0N2" name="p59" srcActor="D0N0"/>
            <port dstActor="D0N22" name="p60" srcActor="D0N0"/>
            <port dstActor="D0N39" name="p61" srcActor="D0N35"/>
            <port dstActor="D0N38" name="p62" srcActor="D0N35"/>
            <port dstActor="D0N16" name="p63" srcActor="D0N12"/>
            <port dstActor="D0N20" name="p64" srcActor="D0N12"/>
            <port dstActor="D0N30" name="p65" srcActor="D0N12"/>
            <port dstActor="D0N9" name="p66" srcActor="D0N5"/>
            <port dstActor="D0N38" name="p67" srcActor="D0N5"/>
            <port dstActor="D0N26" name="p68" srcActor="D0N21"/>
            <port dstActor="D0N30" name="p69" srcActor="D0N21"/>
            <port dstActor="D0N25" name="p70" srcActor="D0N22"/>
            <port dstActor="D0N39" name="p71" srcActor="D0N22"/>
            <port dstActor="D0N37" name="p72" srcActor="D0N22"/>
            <port dstActor="D0N41" name="p73" srcActor="D0N16"/>
            <port dstActor="D0N28" name="p74" srcActor="D0N16"/>
            <port dstActor="D0N33" name="p75" srcActor="D0N16"/>
            <port dstActor="D0N18" name="p76" srcActor="D0N16"/>
            <port dstActor="D0N27" name="p77" srcActor="D0N7"/>
            <port dstActor="D0N17" name="p78" srcActor="D0N7"/>
            <port dstActor="D0N28" name="p79" srcActor="D0N7"/>
            <port dstActor="D0N11" name="p80" srcActor="D0N7"/>
            <port dstActor="D0N31" name="p81" srcActor="D0N7"/>
            <port dstActor="D0N33" name="p82" srcActor="D0N7"/>
            <port dstActor="D0N22" name="p83" srcActor="D0N18"/>
            <port dstActor="D0N28" name="p84" srcActor="D0N18"/>
            <port dstActor="D0N32" name="p85" srcActor="D0N18"/>
            <port dstActor="D0N41" name="p86" srcActor="D0N36"/>
            <port dstActor="D0N38" name="p87" srcActor="D0N36"/>
            <port dstActor="D0N24" name="p88" srcActor="D0N13"/>
            <port dstActor="D0N21" name="p89" srcActor="D0N13"/>
            <port dstActor="D0N26" name="p90" srcActor="D0N13"/>
            <port dstActor="D0N32" name="p91" srcActor="D0N13"/>
            <port dstActor="D0N37" name="p92" srcActor="D0N23"/>
            <port dstActor="D0N40" name="p93" srcActor="D0N23"/>
            <port dstActor="D0N42" name="p94" srcActor="D0N23"/>
        </ports>
    </mcdag>
    <cores number="3"/>
    <levels number="2"/>
</mcsystem>
