<?xml version="1.0" encoding="UTF-8" standalone="no"?>
<mcsystem>
    <mcdag deadline="4000" name="genned-0-ed-10.0-0">
        <actor name="D0N25">
            <wcet number="0">160</wcet>
            <wcet number="1">200</wcet>
            <maxpow number="-0.05570694088350692"/>
            <maxpow number="-0.05570694088350692"/>
            <fprob>0.0</fprob>
        </actor>
        <actor name="D0N15">
            <wcet number="0">60</wcet>
            <wcet number="1">180</wcet>
            <maxpow number="0.22801155797856915"/>
            <maxpow number="0.22801155797856915"/>
            <fprob>0.0</fprob>
        </actor>
        <actor name="D0N10">
            <wcet number="0">90</wcet>
            <wcet number="1">170</wcet>
            <maxpow number="0.5760945694562917"/>
            <maxpow number="0.5760945694562917"/>
            <fprob>0.0</fprob>
        </actor>
        <actor name="D0N24">
            <wcet number="0">160</wcet>
            <wcet number="1">170</wcet>
            <maxpow number="0.18560692072896856"/>
            <maxpow number="0.18560692072896856"/>
            <fprob>0.0</fprob>
        </actor>
        <actor name="D0N26">
            <wcet number="0">70</wcet>
            <wcet number="1">370</wcet>
            <maxpow number="0.6187013284014771"/>
            <maxpow number="0.6187013284014771"/>
            <fprob>0.0</fprob>
        </actor>
        <actor name="D0N37">
            <wcet number="0">10</wcet>
            <wcet number="1">20</wcet>
            <maxpow number="0.4454561946154907"/>
            <maxpow number="0.4454561946154907"/>
            <fprob>0.0</fprob>
        </actor>
        <actor name="D0N8">
            <wcet number="0">20</wcet>
            <wcet number="1">60</wcet>
            <maxpow number="0.6403574627807953"/>
            <maxpow number="0.6403574627807953"/>
            <fprob>0.0</fprob>
        </actor>
        <actor name="D0N33">
            <wcet number="0">80</wcet>
            <wcet number="1">190</wcet>
            <maxpow number="0.8457172461798437"/>
            <maxpow number="0.8457172461798437"/>
            <fprob>0.0</fprob>
        </actor>
        <actor name="D0N1">
            <wcet number="0">30</wcet>
            <wcet number="1">50</wcet>
            <maxpow number="0.668478717787718"/>
            <maxpow number="0.668478717787718"/>
            <fprob>0.0</fprob>
        </actor>
        <actor name="D0N31">
            <wcet number="0">50</wcet>
            <wcet number="1">90</wcet>
            <maxpow number="0.671153240005433"/>
            <maxpow number="0.671153240005433"/>
            <fprob>0.0</fprob>
        </actor>
        <actor name="D0N13">
            <wcet number="0">30</wcet>
            <wcet number="1">60</wcet>
            <maxpow number="0.25589068714316976"/>
            <maxpow number="0.25589068714316976"/>
            <fprob>0.0</fprob>
        </actor>
        <actor name="D0N3">
            <wcet number="0">140</wcet>
            <wcet number="1">180</wcet>
            <maxpow number="0.3482200610666908"/>
            <maxpow number="0.3482200610666908"/>
            <fprob>0.0</fprob>
        </actor>
        <actor name="D0N44">
            <wcet number="0">270</wcet>
            <wcet number="1">340</wcet>
            <maxpow number="0.3013996566274937"/>
            <maxpow number="0.3013996566274937"/>
            <fprob>0.0</fprob>
        </actor>
        <actor name="D0N29">
            <wcet number="0">60</wcet>
            <wcet number="1">180</wcet>
            <maxpow number="0.4060893830506549"/>
            <maxpow number="0.4060893830506549"/>
            <fprob>0.0</fprob>
        </actor>
        <actor name="D0N49">
            <wcet number="0">90</wcet>
            <wcet number="1">220</wcet>
            <maxpow number="0.763017691541951"/>
            <maxpow number="0.763017691541951"/>
            <fprob>0.0</fprob>
        </actor>
        <actor name="D0N38">
            <wcet number="0">320</wcet>
            <wcet number="1">390</wcet>
            <maxpow number="0.764780045623292"/>
            <maxpow number="0.764780045623292"/>
            <fprob>0.0</fprob>
        </actor>
        <actor name="D0N14">
            <wcet number="0">80</wcet>
            <wcet number="1">120</wcet>
            <maxpow number="0.39430456552514925"/>
            <maxpow number="0.39430456552514925"/>
            <fprob>0.0</fprob>
        </actor>
        <actor name="D0N35">
            <wcet number="0">10</wcet>
            <wcet number="1">40</wcet>
            <maxpow number="0.6880469079275358"/>
            <maxpow number="0.6880469079275358"/>
            <fprob>0.0</fprob>
        </actor>
        <actor name="D0N40">
            <wcet number="0">70</wcet>
            <wcet number="1">80</wcet>
            <maxpow number="0.4329952157245492"/>
            <maxpow number="0.4329952157245492"/>
            <fprob>0.0</fprob>
        </actor>
        <actor name="D0N28">
            <wcet number="0">280</wcet>
            <wcet number="1">280</wcet>
            <maxpow number="0.9024213699140406"/>
            <maxpow number="0.9024213699140406"/>
            <fprob>0.0</fprob>
        </actor>
        <actor name="D0N32">
            <wcet number="0">10</wcet>
            <wcet number="1">10</wcet>
            <maxpow number="0.5769822045317798"/>
            <maxpow number="0.5769822045317798"/>
            <fprob>0.0</fprob>
        </actor>
        <actor name="D0N19">
            <wcet number="0">10</wcet>
            <wcet number="1">290</wcet>
            <maxpow number="0.699210604836505"/>
            <maxpow number="0.699210604836505"/>
            <fprob>0.0</fprob>
        </actor>
        <actor name="D0N39">
            <wcet number="0">60</wcet>
            <wcet number="1">100</wcet>
            <maxpow number="0.493263702837484"/>
            <maxpow number="0.493263702837484"/>
            <fprob>0.0</fprob>
        </actor>
        <actor name="D0N17">
            <wcet number="0">80</wcet>
            <wcet number="1">100</wcet>
            <maxpow number="0.6469602830323197"/>
            <maxpow number="0.6469602830323197"/>
            <fprob>0.0</fprob>
        </actor>
        <actor name="D0N45">
            <wcet number="0">90</wcet>
            <wcet number="1">90</wcet>
            <maxpow number="0.5893818439540564"/>
            <maxpow number="0.5893818439540564"/>
            <fprob>0.0</fprob>
        </actor>
        <actor name="D0N20">
            <wcet number="0">10</wcet>
            <wcet number="1">50</wcet>
            <maxpow number="0.3080040097640171"/>
            <maxpow number="0.3080040097640171"/>
            <fprob>0.0</fprob>
        </actor>
        <actor name="D0N34">
            <wcet number="0">40</wcet>
            <wcet number="1">150</wcet>
            <maxpow number="0.2807232398192825"/>
            <maxpow number="0.2807232398192825"/>
            <fprob>0.0</fprob>
        </actor>
        <actor name="D0N46">
            <wcet number="0">30</wcet>
            <wcet number="1">50</wcet>
            <maxpow number="0.41437909332191225"/>
            <maxpow number="0.41437909332191225"/>
            <fprob>0.0</fprob>
        </actor>
        <actor name="D0N48">
            <wcet number="0">20</wcet>
            <wcet number="1">60</wcet>
            <maxpow number="0.6469834586875183"/>
            <maxpow number="0.6469834586875183"/>
            <fprob>0.0</fprob>
        </actor>
        <actor name="D0N27">
            <wcet number="0">240</wcet>
            <wcet number="1">310</wcet>
            <maxpow number="0.6249620037051544"/>
            <maxpow number="0.6249620037051544"/>
            <fprob>0.0</fprob>
        </actor>
        <actor name="D0N47">
            <wcet number="0">70</wcet>
            <wcet number="1">120</wcet>
            <maxpow number="0.3511280320889992"/>
            <maxpow number="0.3511280320889992"/>
            <fprob>0.0</fprob>
        </actor>
        <actor name="D0N36">
            <wcet number="0">110</wcet>
            <wcet number="1">170</wcet>
            <maxpow number="0.2202908468546398"/>
            <maxpow number="0.2202908468546398"/>
            <fprob>0.0</fprob>
        </actor>
        <actor name="D0N30">
            <wcet number="0">150</wcet>
            <wcet number="1">170</wcet>
            <maxpow number="0.6597365185550558"/>
            <maxpow number="0.6597365185550558"/>
            <fprob>0.0</fprob>
        </actor>
        <actor name="D0N41">
            <wcet number="0">30</wcet>
            <wcet number="1">110</wcet>
            <maxpow number="0.5942000440699275"/>
            <maxpow number="0.5942000440699275"/>
            <fprob>0.0</fprob>
        </actor>
        <actor name="D0N0">
            <wcet number="0">40</wcet>
            <wcet number="1">70</wcet>
            <maxpow number="0.6282251715575149"/>
            <maxpow number="0.6282251715575149"/>
            <fprob>0.0</fprob>
        </actor>
        <actor name="D0N21">
            <wcet number="0">30</wcet>
            <wcet number="1">30</wcet>
            <maxpow number="0.9446831431784048"/>
            <maxpow number="0.9446831431784048"/>
            <fprob>0.0</fprob>
        </actor>
        <actor name="D0N5">
            <wcet number="0">10</wcet>
            <wcet number="1">30</wcet>
            <maxpow number="0.2443885873236888"/>
            <maxpow number="0.2443885873236888"/>
            <fprob>0.0</fprob>
        </actor>
        <actor name="D0N2">
            <wcet number="0">100</wcet>
            <wcet number="1">500</wcet>
            <maxpow number="0.6869875772095179"/>
            <maxpow number="0.6869875772095179"/>
            <fprob>0.0</fprob>
        </actor>
        <actor name="D0N42">
            <wcet number="0">680</wcet>
            <wcet number="1">690</wcet>
            <maxpow number="0.40640042984615565"/>
            <maxpow number="0.40640042984615565"/>
            <fprob>0.0</fprob>
        </actor>
        <actor name="D0N43">
            <wcet number="0">20</wcet>
            <wcet number="1">20</wcet>
            <maxpow number="0.7153323134566847"/>
            <maxpow number="0.7153323134566847"/>
            <fprob>0.0</fprob>
        </actor>
        <actor name="D0N12">
            <wcet number="0">30</wcet>
            <wcet number="1">30</wcet>
            <maxpow number="0.7130047674532031"/>
            <maxpow number="0.7130047674532031"/>
            <fprob>0.0</fprob>
        </actor>
        <actor name="D0N22">
            <wcet number="0">100</wcet>
            <wcet number="1">320</wcet>
            <maxpow number="0.6166587922668014"/>
            <maxpow number="0.6166587922668014"/>
            <fprob>0.0</fprob>
        </actor>
        <actor name="D0N18">
            <wcet number="0">20</wcet>
            <wcet number="1">40</wcet>
            <maxpow number="0.6962515105260403"/>
            <maxpow number="0.6962515105260403"/>
            <fprob>0.0</fprob>
        </actor>
        <actor name="D0N9">
            <wcet number="0">40</wcet>
            <wcet number="1">70</wcet>
            <maxpow number="0.5245133191268572"/>
            <maxpow number="0.5245133191268572"/>
            <fprob>0.0</fprob>
        </actor>
        <actor name="D0N11">
            <wcet number="0">40</wcet>
            <wcet number="1">70</wcet>
            <maxpow number="0.39032238843766187"/>
            <maxpow number="0.39032238843766187"/>
            <fprob>0.0</fprob>
        </actor>
        <actor name="D0N23">
            <wcet number="0">90</wcet>
            <wcet number="1">130</wcet>
            <maxpow number="0.5421372700867666"/>
            <maxpow number="0.5421372700867666"/>
            <fprob>0.0</fprob>
        </actor>
        <actor name="D0N7">
            <wcet number="0">110</wcet>
            <wcet number="1">110</wcet>
            <maxpow number="0.3491767075595814"/>
            <maxpow number="0.3491767075595814"/>
            <fprob>0.0</fprob>
        </actor>
        <actor name="D0N16">
            <wcet number="0">190</wcet>
            <wcet number="1">500</wcet>
            <maxpow number="0.5531025029564745"/>
            <maxpow number="0.5531025029564745"/>
            <fprob>0.0</fprob>
        </actor>
        <actor name="D0N4">
            <wcet number="0">160</wcet>
            <wcet number="1">180</wcet>
            <maxpow number="0.732233155911685"/>
            <maxpow number="0.732233155911685"/>
            <fprob>0.0</fprob>
        </actor>
        <actor name="D0N6">
            <wcet number="0">420</wcet>
            <wcet number="1">440</wcet>
            <maxpow number="0.3842528320992822"/>
            <maxpow number="0.3842528320992822"/>
            <fprob>0.0</fprob>
        </actor>
        <ports>
            <port dstActor="D0N35" name="p0" srcActor="D0N25"/>
            <port dstActor="D0N48" name="p1" srcActor="D0N10"/>
            <port dstActor="D0N32" name="p2" srcActor="D0N24"/>
            <port dstActor="D0N48" name="p3" srcActor="D0N24"/>
            <port dstActor="D0N40" name="p4" srcActor="D0N26"/>
            <port dstActor="D0N41" name="p5" srcActor="D0N26"/>
            <port dstActor="D0N29" name="p6" srcActor="D0N26"/>
            <port dstActor="D0N28" name="p7" srcActor="D0N26"/>
            <port dstActor="D0N39" name="p8" srcActor="D0N26"/>
            <port dstActor="D0N45" name="p9" srcActor="D0N33"/>
            <port dstActor="D0N36" name="p10" srcActor="D0N1"/>
            <port dstActor="D0N45" name="p11" srcActor="D0N1"/>
            <port dstActor="D0N44" name="p12" srcActor="D0N1"/>
            <port dstActor="D0N40" name="p13" srcActor="D0N1"/>
            <port dstActor="D0N49" name="p14" srcActor="D0N1"/>
            <port dstActor="D0N46" name="p15" srcActor="D0N31"/>
            <port dstActor="D0N36" name="p16" srcActor="D0N31"/>
            <port dstActor="D0N38" name="p17" srcActor="D0N31"/>
            <port dstActor="D0N37" name="p18" srcActor="D0N31"/>
            <port dstActor="D0N29" name="p19" srcActor="D0N13"/>
            <port dstActor="D0N19" name="p20" srcActor="D0N3"/>
            <port dstActor="D0N40" name="p21" srcActor="D0N3"/>
            <port dstActor="D0N14" name="p22" srcActor="D0N3"/>
            <port dstActor="D0N46" name="p23" srcActor="D0N44"/>
            <port dstActor="D0N39" name="p24" srcActor="D0N29"/>
            <port dstActor="D0N40" name="p25" srcActor="D0N29"/>
            <port dstActor="D0N31" name="p26" srcActor="D0N29"/>
            <port dstActor="D0N19" name="p27" srcActor="D0N14"/>
            <port dstActor="D0N16" name="p28" srcActor="D0N14"/>
            <port dstActor="D0N23" name="p29" srcActor="D0N14"/>
            <port dstActor="D0N29" name="p30" srcActor="D0N14"/>
            <port dstActor="D0N30" name="p31" srcActor="D0N14"/>
            <port dstActor="D0N44" name="p32" srcActor="D0N35"/>
            <port dstActor="D0N41" name="p33" srcActor="D0N40"/>
            <port dstActor="D0N49" name="p34" srcActor="D0N40"/>
            <port dstActor="D0N45" name="p35" srcActor="D0N28"/>
            <port dstActor="D0N44" name="p36" srcActor="D0N28"/>
            <port dstActor="D0N28" name="p37" srcActor="D0N19"/>
            <port dstActor="D0N45" name="p38" srcActor="D0N19"/>
            <port dstActor="D0N38" name="p39" srcActor="D0N19"/>
            <port dstActor="D0N43" name="p40" srcActor="D0N19"/>
            <port dstActor="D0N39" name="p41" srcActor="D0N19"/>
            <port dstActor="D0N44" name="p42" srcActor="D0N19"/>
            <port dstActor="D0N47" name="p43" srcActor="D0N39"/>
            <port dstActor="D0N26" name="p44" srcActor="D0N17"/>
            <port dstActor="D0N46" name="p45" srcActor="D0N17"/>
            <port dstActor="D0N38" name="p46" srcActor="D0N17"/>
            <port dstActor="D0N24" name="p47" srcActor="D0N17"/>
            <port dstActor="D0N35" name="p48" srcActor="D0N17"/>
            <port dstActor="D0N46" name="p49" srcActor="D0N45"/>
            <port dstActor="D0N28" name="p50" srcActor="D0N20"/>
            <port dstActor="D0N46" name="p51" srcActor="D0N20"/>
            <port dstActor="D0N36" name="p52" srcActor="D0N34"/>
            <port dstActor="D0N42" name="p53" srcActor="D0N34"/>
            <port dstActor="D0N35" name="p54" srcActor="D0N34"/>
            <port dstActor="D0N49" name="p55" srcActor="D0N34"/>
            <port dstActor="D0N43" name="p56" srcActor="D0N27"/>
            <port dstActor="D0N29" name="p57" srcActor="D0N27"/>
            <port dstActor="D0N40" name="p58" srcActor="D0N27"/>
            <port dstActor="D0N43" name="p59" srcActor="D0N36"/>
            <port dstActor="D0N39" name="p60" srcActor="D0N36"/>
            <port dstActor="D0N36" name="p61" srcActor="D0N30"/>
            <port dstActor="D0N42" name="p62" srcActor="D0N30"/>
            <port dstActor="D0N43" name="p63" srcActor="D0N41"/>
            <port dstActor="D0N42" name="p64" srcActor="D0N41"/>
            <port dstActor="D0N11" name="p65" srcActor="D0N0"/>
            <port dstActor="D0N28" name="p66" srcActor="D0N0"/>
            <port dstActor="D0N37" name="p67" srcActor="D0N0"/>
            <port dstActor="D0N40" name="p68" srcActor="D0N0"/>
            <port dstActor="D0N49" name="p69" srcActor="D0N0"/>
            <port dstActor="D0N34" name="p70" srcActor="D0N21"/>
            <port dstActor="D0N33" name="p71" srcActor="D0N21"/>
            <port dstActor="D0N37" name="p72" srcActor="D0N21"/>
            <port dstActor="D0N29" name="p73" srcActor="D0N5"/>
            <port dstActor="D0N7" name="p74" srcActor="D0N5"/>
            <port dstActor="D0N31" name="p75" srcActor="D0N5"/>
            <port dstActor="D0N48" name="p76" srcActor="D0N5"/>
            <port dstActor="D0N6" name="p77" srcActor="D0N5"/>
            <port dstActor="D0N28" name="p78" srcActor="D0N5"/>
            <port dstActor="D0N44" name="p79" srcActor="D0N5"/>
            <port dstActor="D0N47" name="p80" srcActor="D0N5"/>
            <port dstActor="D0N20" name="p81" srcActor="D0N2"/>
            <port dstActor="D0N35" name="p82" srcActor="D0N2"/>
            <port dstActor="D0N31" name="p83" srcActor="D0N2"/>
            <port dstActor="D0N41" name="p84" srcActor="D0N2"/>
            <port dstActor="D0N49" name="p85" srcActor="D0N42"/>
            <port dstActor="D0N14" name="p86" srcActor="D0N12"/>
            <port dstActor="D0N42" name="p87" srcActor="D0N12"/>
            <port dstActor="D0N17" name="p88" srcActor="D0N12"/>
            <port dstActor="D0N32" name="p89" srcActor="D0N12"/>
            <port dstActor="D0N44" name="p90" srcActor="D0N12"/>
            <port dstActor="D0N18" name="p91" srcActor="D0N12"/>
            <port dstActor="D0N36" name="p92" srcActor="D0N22"/>
            <port dstActor="D0N35" name="p93" srcActor="D0N22"/>
            <port dstActor="D0N38" name="p94" srcActor="D0N18"/>
            <port dstActor="D0N35" name="p95" srcActor="D0N18"/>
            <port dstActor="D0N47" name="p96" srcActor="D0N18"/>
            <port dstActor="D0N31" name="p97" srcActor="D0N18"/>
            <port dstActor="D0N18" name="p98" srcActor="D0N9"/>
            <port dstActor="D0N24" name="p99" srcActor="D0N9"/>
            <port dstActor="D0N29" name="p100" srcActor="D0N9"/>
            <port dstActor="D0N23" name="p101" srcActor="D0N11"/>
            <port dstActor="D0N41" name="p102" srcActor="D0N11"/>
            <port dstActor="D0N14" name="p103" srcActor="D0N11"/>
            <port dstActor="D0N22" name="p104" srcActor="D0N11"/>
            <port dstActor="D0N39" name="p105" srcActor="D0N23"/>
            <port dstActor="D0N44" name="p106" srcActor="D0N7"/>
            <port dstActor="D0N23" name="p107" srcActor="D0N7"/>
            <port dstActor="D0N29" name="p108" srcActor="D0N7"/>
            <port dstActor="D0N35" name="p109" srcActor="D0N7"/>
            <port dstActor="D0N9" name="p110" srcActor="D0N7"/>
            <port dstActor="D0N47" name="p111" srcActor="D0N16"/>
            <port dstActor="D0N31" name="p112" srcActor="D0N16"/>
            <port dstActor="D0N45" name="p113" srcActor="D0N16"/>
            <port dstActor="D0N35" name="p114" srcActor="D0N4"/>
            <port dstActor="D0N44" name="p115" srcActor="D0N4"/>
            <port dstActor="D0N36" name="p116" srcActor="D0N4"/>
            <port dstActor="D0N22" name="p117" srcActor="D0N4"/>
            <port dstActor="D0N25" name="p118" srcActor="D0N4"/>
            <port dstActor="D0N33" name="p119" srcActor="D0N4"/>
            <port dstActor="D0N33" name="p120" srcActor="D0N6"/>
            <port dstActor="D0N37" name="p121" srcActor="D0N6"/>
            <port dstActor="D0N31" name="p122" srcActor="D0N6"/>
            <port dstActor="D0N8" name="p123" srcActor="D0N6"/>
            <port dstActor="D0N21" name="p124" srcActor="D0N6"/>
            <port dstActor="D0N39" name="p125" srcActor="D0N6"/>
        </ports>
    </mcdag>
    <cores number="3"/>
    <levels number="2"/>
</mcsystem>
