<?xml version="1.0" encoding="UTF-8" standalone="no"?>
<mcsystem>
    <mcdag deadline="1500" name="genned-0-ed-10.0-0">
        <actor name="D0N40">
            <wcet number="0">80</wcet>
            <wcet number="1">120</wcet>
            <maxpow number="0.6787651257297277"/>
            <maxpow number="0.6787651257297277"/>
            <fprob>0.0</fprob>
        </actor>
        <actor name="D0N42">
            <wcet number="0">20</wcet>
            <wcet number="1">40</wcet>
            <maxpow number="0.47993480893223744"/>
            <maxpow number="0.47993480893223744"/>
            <fprob>0.0</fprob>
        </actor>
        <actor name="D0N28">
            <wcet number="0">10</wcet>
            <wcet number="1">10</wcet>
            <maxpow number="0.6370120336362227"/>
            <maxpow number="0.6370120336362227"/>
            <fprob>0.0</fprob>
        </actor>
        <actor name="D0N24">
            <wcet number="0">20</wcet>
            <wcet number="1">300</wcet>
            <maxpow number="0.6700119533713607"/>
            <maxpow number="0.6700119533713607"/>
            <fprob>0.0</fprob>
        </actor>
        <actor name="D0N18">
            <wcet number="0">10</wcet>
            <wcet number="1">40</wcet>
            <maxpow number="0.3394619830455313"/>
            <maxpow number="0.3394619830455313"/>
            <fprob>0.0</fprob>
        </actor>
        <actor name="D0N25">
            <wcet number="0">10</wcet>
            <wcet number="1">40</wcet>
            <maxpow number="0.5820738923144079"/>
            <maxpow number="0.5820738923144079"/>
            <fprob>0.0</fprob>
        </actor>
        <actor name="D0N4">
            <wcet number="0">240</wcet>
            <wcet number="1">290</wcet>
            <maxpow number="0.7299185720665503"/>
            <maxpow number="0.7299185720665503"/>
            <fprob>0.0</fprob>
        </actor>
        <actor name="D0N38">
            <wcet number="0">20</wcet>
            <wcet number="1">60</wcet>
            <maxpow number="0.5893968316647482"/>
            <maxpow number="0.5893968316647482"/>
            <fprob>0.0</fprob>
        </actor>
        <actor name="D0N47">
            <wcet number="0">70</wcet>
            <wcet number="1">120</wcet>
            <maxpow number="0.5265442401264954"/>
            <maxpow number="0.5265442401264954"/>
            <fprob>0.0</fprob>
        </actor>
        <actor name="D0N16">
            <wcet number="0">30</wcet>
            <wcet number="1">30</wcet>
            <maxpow number="0.6484416626729228"/>
            <maxpow number="0.6484416626729228"/>
            <fprob>0.0</fprob>
        </actor>
        <actor name="D0N29">
            <wcet number="0">130</wcet>
            <wcet number="1">130</wcet>
            <maxpow number="0.9174726393146435"/>
            <maxpow number="0.9174726393146435"/>
            <fprob>0.0</fprob>
        </actor>
        <actor name="D0N45">
            <wcet number="0">10</wcet>
            <wcet number="1">20</wcet>
            <maxpow number="0.22325829633550348"/>
            <maxpow number="0.22325829633550348"/>
            <fprob>0.0</fprob>
        </actor>
        <actor name="D0N41">
            <wcet number="0">40</wcet>
            <wcet number="1">60</wcet>
            <maxpow number="0.7853405086686356"/>
            <maxpow number="0.7853405086686356"/>
            <fprob>0.0</fprob>
        </actor>
        <actor name="D0N14">
            <wcet number="0">100</wcet>
            <wcet number="1">130</wcet>
            <maxpow number="0.5246236621106594"/>
            <maxpow number="0.5246236621106594"/>
            <fprob>0.0</fprob>
        </actor>
        <actor name="D0N44">
            <wcet number="0">30</wcet>
            <wcet number="1">50</wcet>
            <maxpow number="0.29564430994620444"/>
            <maxpow number="0.29564430994620444"/>
            <fprob>0.0</fprob>
        </actor>
        <actor name="D0N5">
            <wcet number="0">10</wcet>
            <wcet number="1">10</wcet>
            <maxpow number="0.890101603507457"/>
            <maxpow number="0.890101603507457"/>
            <fprob>0.0</fprob>
        </actor>
        <actor name="D0N6">
            <wcet number="0">30</wcet>
            <wcet number="1">40</wcet>
            <maxpow number="0.5334644614228944"/>
            <maxpow number="0.5334644614228944"/>
            <fprob>0.0</fprob>
        </actor>
        <actor name="D0N30">
            <wcet number="0">50</wcet>
            <wcet number="1">100</wcet>
            <maxpow number="0.7692607040321262"/>
            <maxpow number="0.7692607040321262"/>
            <fprob>0.0</fprob>
        </actor>
        <actor name="D0N35">
            <wcet number="0">30</wcet>
            <wcet number="1">30</wcet>
            <maxpow number="0.9176286567706322"/>
            <maxpow number="0.9176286567706322"/>
            <fprob>0.0</fprob>
        </actor>
        <actor name="D0N31">
            <wcet number="0">60</wcet>
            <wcet number="1">60</wcet>
            <maxpow number="0.4057551944144495"/>
            <maxpow number="0.4057551944144495"/>
            <fprob>0.0</fprob>
        </actor>
        <actor name="D0N48">
            <wcet number="0">40</wcet>
            <wcet number="1">50</wcet>
            <maxpow number="0.4503144463592692"/>
            <maxpow number="0.4503144463592692"/>
            <fprob>0.0</fprob>
        </actor>
        <actor name="D0N21">
            <wcet number="0">10</wcet>
            <wcet number="1">60</wcet>
            <maxpow number="0.7520845994504642"/>
            <maxpow number="0.7520845994504642"/>
            <fprob>0.0</fprob>
        </actor>
        <actor name="D0N46">
            <wcet number="0">50</wcet>
            <wcet number="1">120</wcet>
            <maxpow number="0.6477609206896642"/>
            <maxpow number="0.6477609206896642"/>
            <fprob>0.0</fprob>
        </actor>
        <actor name="D0N39">
            <wcet number="0">70</wcet>
            <wcet number="1">160</wcet>
            <maxpow number="0.32205236209309585"/>
            <maxpow number="0.32205236209309585"/>
            <fprob>0.0</fprob>
        </actor>
        <actor name="D0N43">
            <wcet number="0">90</wcet>
            <wcet number="1">110</wcet>
            <maxpow number="0.7327914072076372"/>
            <maxpow number="0.7327914072076372"/>
            <fprob>0.0</fprob>
        </actor>
        <actor name="D0N9">
            <wcet number="0">70</wcet>
            <wcet number="1">90</wcet>
            <maxpow number="0.5914383032254557"/>
            <maxpow number="0.5914383032254557"/>
            <fprob>0.0</fprob>
        </actor>
        <actor name="D0N37">
            <wcet number="0">10</wcet>
            <wcet number="1">10</wcet>
            <maxpow number="0.5337772660793605"/>
            <maxpow number="0.5337772660793605"/>
            <fprob>0.0</fprob>
        </actor>
        <actor name="D0N0">
            <wcet number="0">30</wcet>
            <wcet number="1">30</wcet>
            <maxpow number="0.5408173976479321"/>
            <maxpow number="0.5408173976479321"/>
            <fprob>0.0</fprob>
        </actor>
        <actor name="D0N2">
            <wcet number="0">90</wcet>
            <wcet number="1">90</wcet>
            <maxpow number="0.48109415883850853"/>
            <maxpow number="0.48109415883850853"/>
            <fprob>0.0</fprob>
        </actor>
        <actor name="D0N27">
            <wcet number="0">30</wcet>
            <wcet number="1">100</wcet>
            <maxpow number="0.14589362372206488"/>
            <maxpow number="0.14589362372206488"/>
            <fprob>0.0</fprob>
        </actor>
        <actor name="D0N8">
            <wcet number="0">40</wcet>
            <wcet number="1">80</wcet>
            <maxpow number="0.29981612489783305"/>
            <maxpow number="0.29981612489783305"/>
            <fprob>0.0</fprob>
        </actor>
        <actor name="D0N12">
            <wcet number="0">20</wcet>
            <wcet number="1">20</wcet>
            <maxpow number="0.6042901969024168"/>
            <maxpow number="0.6042901969024168"/>
            <fprob>0.0</fprob>
        </actor>
        <actor name="D0N32">
            <wcet number="0">60</wcet>
            <wcet number="1">60</wcet>
            <maxpow number="0.8462111128273421"/>
            <maxpow number="0.8462111128273421"/>
            <fprob>0.0</fprob>
        </actor>
        <actor name="D0N26">
            <wcet number="0">20</wcet>
            <wcet number="1">20</wcet>
            <maxpow number="0.6053589593182735"/>
            <maxpow number="0.6053589593182735"/>
            <fprob>0.0</fprob>
        </actor>
        <actor name="D0N10">
            <wcet number="0">120</wcet>
            <wcet number="1">140</wcet>
            <maxpow number="0.4735941804071248"/>
            <maxpow number="0.4735941804071248"/>
            <fprob>0.0</fprob>
        </actor>
        <actor name="D0N20">
            <wcet number="0">30</wcet>
            <wcet number="1">40</wcet>
            <maxpow number="0.6910626336092108"/>
            <maxpow number="0.6910626336092108"/>
            <fprob>0.0</fprob>
        </actor>
        <actor name="D0N36">
            <wcet number="0">30</wcet>
            <wcet number="1">40</wcet>
            <maxpow number="0.5459746836062379"/>
            <maxpow number="0.5459746836062379"/>
            <fprob>0.0</fprob>
        </actor>
        <actor name="D0N19">
            <wcet number="0">80</wcet>
            <wcet number="1">80</wcet>
            <maxpow number="0.4373098259898581"/>
            <maxpow number="0.4373098259898581"/>
            <fprob>0.0</fprob>
        </actor>
        <actor name="D0N34">
            <wcet number="0">10</wcet>
            <wcet number="1">10</wcet>
            <maxpow number="0.5154515309571943"/>
            <maxpow number="0.5154515309571943"/>
            <fprob>0.0</fprob>
        </actor>
        <actor name="D0N17">
            <wcet number="0">160</wcet>
            <wcet number="1">160</wcet>
            <maxpow number="0.4570654030874424"/>
            <maxpow number="0.4570654030874424"/>
            <fprob>0.0</fprob>
        </actor>
        <actor name="D0N13">
            <wcet number="0">20</wcet>
            <wcet number="1">110</wcet>
            <maxpow number="0.5231040783827984"/>
            <maxpow number="0.5231040783827984"/>
            <fprob>0.0</fprob>
        </actor>
        <actor name="D0N7">
            <wcet number="0">20</wcet>
            <wcet number="1">100</wcet>
            <maxpow number="0.20916050104833428"/>
            <maxpow number="0.20916050104833428"/>
            <fprob>0.0</fprob>
        </actor>
        <actor name="D0N15">
            <wcet number="0">10</wcet>
            <wcet number="1">40</wcet>
            <maxpow number="0.33764286902199303"/>
            <maxpow number="0.33764286902199303"/>
            <fprob>0.0</fprob>
        </actor>
        <actor name="D0N23">
            <wcet number="0">10</wcet>
            <wcet number="1">10</wcet>
            <maxpow number="0.21847568090693137"/>
            <maxpow number="0.21847568090693137"/>
            <fprob>0.0</fprob>
        </actor>
        <actor name="D0N22">
            <wcet number="0">20</wcet>
            <wcet number="1">40</wcet>
            <maxpow number="0.5599307258273917"/>
            <maxpow number="0.5599307258273917"/>
            <fprob>0.0</fprob>
        </actor>
        <actor name="D0N11">
            <wcet number="0">70</wcet>
            <wcet number="1">80</wcet>
            <maxpow number="0.6272512439795745"/>
            <maxpow number="0.6272512439795745"/>
            <fprob>0.0</fprob>
        </actor>
        <actor name="D0N33">
            <wcet number="0">30</wcet>
            <wcet number="1">90</wcet>
            <maxpow number="0.5659384493270508"/>
            <maxpow number="0.5659384493270508"/>
            <fprob>0.0</fprob>
        </actor>
        <actor name="D0N1">
            <wcet number="0">30</wcet>
            <wcet number="1">60</wcet>
            <maxpow number="0.5658124371421499"/>
            <maxpow number="0.5658124371421499"/>
            <fprob>0.0</fprob>
        </actor>
        <actor name="D0N3">
            <wcet number="0">30</wcet>
            <wcet number="1">70</wcet>
            <maxpow number="0.5255773144300586"/>
            <maxpow number="0.5255773144300586"/>
            <fprob>0.0</fprob>
        </actor>
        <ports>
            <port dstActor="D0N41" name="p0" srcActor="D0N40"/>
            <port dstActor="D0N31" name="p1" srcActor="D0N28"/>
            <port dstActor="D0N29" name="p2" srcActor="D0N28"/>
            <port dstActor="D0N35" name="p3" srcActor="D0N28"/>
            <port dstActor="D0N37" name="p4" srcActor="D0N24"/>
            <port dstActor="D0N38" name="p5" srcActor="D0N24"/>
            <port dstActor="D0N34" name="p6" srcActor="D0N18"/>
            <port dstActor="D0N38" name="p7" srcActor="D0N25"/>
            <port dstActor="D0N35" name="p8" srcActor="D0N25"/>
            <port dstActor="D0N9" name="p9" srcActor="D0N4"/>
            <port dstActor="D0N8" name="p10" srcActor="D0N4"/>
            <port dstActor="D0N23" name="p11" srcActor="D0N4"/>
            <port dstActor="D0N12" name="p12" srcActor="D0N4"/>
            <port dstActor="D0N19" name="p13" srcActor="D0N4"/>
            <port dstActor="D0N47" name="p14" srcActor="D0N38"/>
            <port dstActor="D0N26" name="p15" srcActor="D0N16"/>
            <port dstActor="D0N40" name="p16" srcActor="D0N16"/>
            <port dstActor="D0N46" name="p17" srcActor="D0N41"/>
            <port dstActor="D0N32" name="p18" srcActor="D0N14"/>
            <port dstActor="D0N33" name="p19" srcActor="D0N5"/>
            <port dstActor="D0N34" name="p20" srcActor="D0N5"/>
            <port dstActor="D0N48" name="p21" srcActor="D0N30"/>
            <port dstActor="D0N47" name="p22" srcActor="D0N35"/>
            <port dstActor="D0N48" name="p23" srcActor="D0N35"/>
            <port dstActor="D0N43" name="p24" srcActor="D0N31"/>
            <port dstActor="D0N46" name="p25" srcActor="D0N21"/>
            <port dstActor="D0N46" name="p26" srcActor="D0N39"/>
            <port dstActor="D0N41" name="p27" srcActor="D0N39"/>
            <port dstActor="D0N44" name="p28" srcActor="D0N43"/>
            <port dstActor="D0N45" name="p29" srcActor="D0N9"/>
            <port dstActor="D0N15" name="p30" srcActor="D0N9"/>
            <port dstActor="D0N41" name="p31" srcActor="D0N37"/>
            <port dstActor="D0N24" name="p32" srcActor="D0N0"/>
            <port dstActor="D0N5" name="p33" srcActor="D0N0"/>
            <port dstActor="D0N36" name="p34" srcActor="D0N0"/>
            <port dstActor="D0N31" name="p35" srcActor="D0N0"/>
            <port dstActor="D0N34" name="p36" srcActor="D0N0"/>
            <port dstActor="D0N9" name="p37" srcActor="D0N0"/>
            <port dstActor="D0N23" name="p38" srcActor="D0N2"/>
            <port dstActor="D0N31" name="p39" srcActor="D0N2"/>
            <port dstActor="D0N33" name="p40" srcActor="D0N2"/>
            <port dstActor="D0N46" name="p41" srcActor="D0N2"/>
            <port dstActor="D0N19" name="p42" srcActor="D0N2"/>
            <port dstActor="D0N43" name="p43" srcActor="D0N27"/>
            <port dstActor="D0N33" name="p44" srcActor="D0N27"/>
            <port dstActor="D0N48" name="p45" srcActor="D0N27"/>
            <port dstActor="D0N35" name="p46" srcActor="D0N27"/>
            <port dstActor="D0N42" name="p47" srcActor="D0N27"/>
            <port dstActor="D0N47" name="p48" srcActor="D0N27"/>
            <port dstActor="D0N13" name="p49" srcActor="D0N8"/>
            <port dstActor="D0N41" name="p50" srcActor="D0N8"/>
            <port dstActor="D0N9" name="p51" srcActor="D0N8"/>
            <port dstActor="D0N17" name="p52" srcActor="D0N8"/>
            <port dstActor="D0N44" name="p53" srcActor="D0N8"/>
            <port dstActor="D0N36" name="p54" srcActor="D0N8"/>
            <port dstActor="D0N20" name="p55" srcActor="D0N12"/>
            <port dstActor="D0N39" name="p56" srcActor="D0N12"/>
            <port dstActor="D0N36" name="p57" srcActor="D0N32"/>
            <port dstActor="D0N41" name="p58" srcActor="D0N32"/>
            <port dstActor="D0N27" name="p59" srcActor="D0N10"/>
            <port dstActor="D0N15" name="p60" srcActor="D0N10"/>
            <port dstActor="D0N12" name="p61" srcActor="D0N10"/>
            <port dstActor="D0N21" name="p62" srcActor="D0N10"/>
            <port dstActor="D0N38" name="p63" srcActor="D0N10"/>
            <port dstActor="D0N14" name="p64" srcActor="D0N10"/>
            <port dstActor="D0N48" name="p65" srcActor="D0N10"/>
            <port dstActor="D0N35" name="p66" srcActor="D0N20"/>
            <port dstActor="D0N32" name="p67" srcActor="D0N20"/>
            <port dstActor="D0N39" name="p68" srcActor="D0N36"/>
            <port dstActor="D0N43" name="p69" srcActor="D0N36"/>
            <port dstActor="D0N25" name="p70" srcActor="D0N19"/>
            <port dstActor="D0N39" name="p71" srcActor="D0N19"/>
            <port dstActor="D0N46" name="p72" srcActor="D0N19"/>
            <port dstActor="D0N35" name="p73" srcActor="D0N17"/>
            <port dstActor="D0N31" name="p74" srcActor="D0N17"/>
            <port dstActor="D0N29" name="p75" srcActor="D0N17"/>
            <port dstActor="D0N34" name="p76" srcActor="D0N17"/>
            <port dstActor="D0N27" name="p77" srcActor="D0N13"/>
            <port dstActor="D0N23" name="p78" srcActor="D0N13"/>
            <port dstActor="D0N21" name="p79" srcActor="D0N7"/>
            <port dstActor="D0N39" name="p80" srcActor="D0N7"/>
            <port dstActor="D0N23" name="p81" srcActor="D0N7"/>
            <port dstActor="D0N31" name="p82" srcActor="D0N7"/>
            <port dstActor="D0N44" name="p83" srcActor="D0N15"/>
            <port dstActor="D0N21" name="p84" srcActor="D0N15"/>
            <port dstActor="D0N40" name="p85" srcActor="D0N15"/>
            <port dstActor="D0N47" name="p86" srcActor="D0N15"/>
            <port dstActor="D0N41" name="p87" srcActor="D0N15"/>
            <port dstActor="D0N30" name="p88" srcActor="D0N23"/>
            <port dstActor="D0N25" name="p89" srcActor="D0N23"/>
            <port dstActor="D0N38" name="p90" srcActor="D0N23"/>
            <port dstActor="D0N41" name="p91" srcActor="D0N23"/>
            <port dstActor="D0N47" name="p92" srcActor="D0N22"/>
            <port dstActor="D0N28" name="p93" srcActor="D0N22"/>
            <port dstActor="D0N37" name="p94" srcActor="D0N22"/>
            <port dstActor="D0N14" name="p95" srcActor="D0N11"/>
            <port dstActor="D0N28" name="p96" srcActor="D0N11"/>
            <port dstActor="D0N43" name="p97" srcActor="D0N11"/>
            <port dstActor="D0N43" name="p98" srcActor="D0N1"/>
            <port dstActor="D0N6" name="p99" srcActor="D0N1"/>
            <port dstActor="D0N8" name="p100" srcActor="D0N1"/>
            <port dstActor="D0N15" name="p101" srcActor="D0N3"/>
            <port dstActor="D0N22" name="p102" srcActor="D0N3"/>
            <port dstActor="D0N20" name="p103" srcActor="D0N3"/>
        </ports>
    </mcdag>
    <cores number="3"/>
    <levels number="2"/>
</mcsystem>
