<?xml version="1.0" encoding="UTF-8" standalone="no"?>
<mcsystem>
    <mcdag deadline="1200" name="genned-0-ed-10.0-0">
        <actor name="D0N26">
            <wcet number="0">20</wcet>
            <wcet number="1">20</wcet>
            <maxpow number="0.8294652052765346"/>
            <maxpow number="0.8294652052765346"/>
            <fprob>0.0</fprob>
        </actor>
        <actor name="D0N36">
            <wcet number="0">90</wcet>
            <wcet number="1">120</wcet>
            <maxpow number="0.6116173214264072"/>
            <maxpow number="0.6116173214264072"/>
            <fprob>0.0</fprob>
        </actor>
        <actor name="D0N13">
            <wcet number="0">330</wcet>
            <wcet number="1">330</wcet>
            <maxpow number="0.8065508281757596"/>
            <maxpow number="0.8065508281757596"/>
            <fprob>0.0</fprob>
        </actor>
        <actor name="D0N33">
            <wcet number="0">30</wcet>
            <wcet number="1">90</wcet>
            <maxpow number="0.6242319086635795"/>
            <maxpow number="0.6242319086635795"/>
            <fprob>0.0</fprob>
        </actor>
        <actor name="D0N44">
            <wcet number="0">70</wcet>
            <wcet number="1">90</wcet>
            <maxpow number="0.4943936946300416"/>
            <maxpow number="0.4943936946300416"/>
            <fprob>0.0</fprob>
        </actor>
        <actor name="D0N35">
            <wcet number="0">10</wcet>
            <wcet number="1">30</wcet>
            <maxpow number="0.4817106783533465"/>
            <maxpow number="0.4817106783533465"/>
            <fprob>0.0</fprob>
        </actor>
        <actor name="D0N6">
            <wcet number="0">70</wcet>
            <wcet number="1">120</wcet>
            <maxpow number="0.6863186472119364"/>
            <maxpow number="0.6863186472119364"/>
            <fprob>0.0</fprob>
        </actor>
        <actor name="D0N43">
            <wcet number="0">30</wcet>
            <wcet number="1">40</wcet>
            <maxpow number="0.911650848401117"/>
            <maxpow number="0.911650848401117"/>
            <fprob>0.0</fprob>
        </actor>
        <actor name="D0N4">
            <wcet number="0">10</wcet>
            <wcet number="1">10</wcet>
            <maxpow number="0.6338525255636646"/>
            <maxpow number="0.6338525255636646"/>
            <fprob>0.0</fprob>
        </actor>
        <actor name="D0N42">
            <wcet number="0">40</wcet>
            <wcet number="1">100</wcet>
            <maxpow number="0.9119960752444695"/>
            <maxpow number="0.9119960752444695"/>
            <fprob>0.0</fprob>
        </actor>
        <actor name="D0N22">
            <wcet number="0">10</wcet>
            <wcet number="1">10</wcet>
            <maxpow number="0.9756728864596551"/>
            <maxpow number="0.9756728864596551"/>
            <fprob>0.0</fprob>
        </actor>
        <actor name="D0N37">
            <wcet number="0">40</wcet>
            <wcet number="1">50</wcet>
            <maxpow number="0.7898119254666723"/>
            <maxpow number="0.7898119254666723"/>
            <fprob>0.0</fprob>
        </actor>
        <actor name="D0N29">
            <wcet number="0">10</wcet>
            <wcet number="1">30</wcet>
            <maxpow number="0.625075164550762"/>
            <maxpow number="0.625075164550762"/>
            <fprob>0.0</fprob>
        </actor>
        <actor name="D0N8">
            <wcet number="0">20</wcet>
            <wcet number="1">20</wcet>
            <maxpow number="0.7359175092842163"/>
            <maxpow number="0.7359175092842163"/>
            <fprob>0.0</fprob>
        </actor>
        <actor name="D0N28">
            <wcet number="0">30</wcet>
            <wcet number="1">60</wcet>
            <maxpow number="0.6131398958111448"/>
            <maxpow number="0.6131398958111448"/>
            <fprob>0.0</fprob>
        </actor>
        <actor name="D0N0">
            <wcet number="0">20</wcet>
            <wcet number="1">30</wcet>
            <maxpow number="0.46876953336271837"/>
            <maxpow number="0.46876953336271837"/>
            <fprob>0.0</fprob>
        </actor>
        <actor name="D0N3">
            <wcet number="0">30</wcet>
            <wcet number="1">30</wcet>
            <maxpow number="0.49973668097571255"/>
            <maxpow number="0.49973668097571255"/>
            <fprob>0.0</fprob>
        </actor>
        <actor name="D0N39">
            <wcet number="0">40</wcet>
            <wcet number="1">70</wcet>
            <maxpow number="0.8251570050756301"/>
            <maxpow number="0.8251570050756301"/>
            <fprob>0.0</fprob>
        </actor>
        <actor name="D0N14">
            <wcet number="0">90</wcet>
            <wcet number="1">110</wcet>
            <maxpow number="0.22415942192129418"/>
            <maxpow number="0.22415942192129418"/>
            <fprob>0.0</fprob>
        </actor>
        <actor name="D0N20">
            <wcet number="0">20</wcet>
            <wcet number="1">30</wcet>
            <maxpow number="0.868735684379152"/>
            <maxpow number="0.868735684379152"/>
            <fprob>0.0</fprob>
        </actor>
        <actor name="D0N34">
            <wcet number="0">60</wcet>
            <wcet number="1">120</wcet>
            <maxpow number="0.5653012578792561"/>
            <maxpow number="0.5653012578792561"/>
            <fprob>0.0</fprob>
        </actor>
        <actor name="D0N1">
            <wcet number="0">20</wcet>
            <wcet number="1">30</wcet>
            <maxpow number="0.5460997632169499"/>
            <maxpow number="0.5460997632169499"/>
            <fprob>0.0</fprob>
        </actor>
        <actor name="D0N24">
            <wcet number="0">70</wcet>
            <wcet number="1">90</wcet>
            <maxpow number="0.44244696009989404"/>
            <maxpow number="0.44244696009989404"/>
            <fprob>0.0</fprob>
        </actor>
        <actor name="D0N11">
            <wcet number="0">40</wcet>
            <wcet number="1">40</wcet>
            <maxpow number="0.3555295208308219"/>
            <maxpow number="0.3555295208308219"/>
            <fprob>0.0</fprob>
        </actor>
        <actor name="D0N32">
            <wcet number="0">10</wcet>
            <wcet number="1">20</wcet>
            <maxpow number="0.47925810738924773"/>
            <maxpow number="0.47925810738924773"/>
            <fprob>0.0</fprob>
        </actor>
        <actor name="D0N45">
            <wcet number="0">20</wcet>
            <wcet number="1">20</wcet>
            <maxpow number="0.5554246890206395"/>
            <maxpow number="0.5554246890206395"/>
            <fprob>0.0</fprob>
        </actor>
        <actor name="D0N46">
            <wcet number="0">40</wcet>
            <wcet number="1">40</wcet>
            <maxpow number="0.5077521471751959"/>
            <maxpow number="0.5077521471751959"/>
            <fprob>0.0</fprob>
        </actor>
        <actor name="D0N47">
            <wcet number="0">10</wcet>
            <wcet number="1">10</wcet>
            <maxpow number="0.5447192355184012"/>
            <maxpow number="0.5447192355184012"/>
            <fprob>0.0</fprob>
        </actor>
        <actor name="D0N41">
            <wcet number="0">20</wcet>
            <wcet number="1">30</wcet>
            <maxpow number="0.21457426869183466"/>
            <maxpow number="0.21457426869183466"/>
            <fprob>0.0</fprob>
        </actor>
        <actor name="D0N48">
            <wcet number="0">20</wcet>
            <wcet number="1">20</wcet>
            <maxpow number="0.46589893398843424"/>
            <maxpow number="0.46589893398843424"/>
            <fprob>0.0</fprob>
        </actor>
        <actor name="D0N12">
            <wcet number="0">30</wcet>
            <wcet number="1">30</wcet>
            <maxpow number="0.5144258181349273"/>
            <maxpow number="0.5144258181349273"/>
            <fprob>0.0</fprob>
        </actor>
        <actor name="D0N5">
            <wcet number="0">10</wcet>
            <wcet number="1">90</wcet>
            <maxpow number="0.37631841151624124"/>
            <maxpow number="0.37631841151624124"/>
            <fprob>0.0</fprob>
        </actor>
        <actor name="D0N31">
            <wcet number="0">70</wcet>
            <wcet number="1">80</wcet>
            <maxpow number="0.5988623499216434"/>
            <maxpow number="0.5988623499216434"/>
            <fprob>0.0</fprob>
        </actor>
        <actor name="D0N2">
            <wcet number="0">30</wcet>
            <wcet number="1">30</wcet>
            <maxpow number="0.8650698894566788"/>
            <maxpow number="0.8650698894566788"/>
            <fprob>0.0</fprob>
        </actor>
        <actor name="D0N19">
            <wcet number="0">10</wcet>
            <wcet number="1">50</wcet>
            <maxpow number="0.43817376498276156"/>
            <maxpow number="0.43817376498276156"/>
            <fprob>0.0</fprob>
        </actor>
        <actor name="D0N16">
            <wcet number="0">120</wcet>
            <wcet number="1">160</wcet>
            <maxpow number="0.48677833924747715"/>
            <maxpow number="0.48677833924747715"/>
            <fprob>0.0</fprob>
        </actor>
        <actor name="D0N40">
            <wcet number="0">30</wcet>
            <wcet number="1">130</wcet>
            <maxpow number="0.5813554376950408"/>
            <maxpow number="0.5813554376950408"/>
            <fprob>0.0</fprob>
        </actor>
        <actor name="D0N23">
            <wcet number="0">20</wcet>
            <wcet number="1">80</wcet>
            <maxpow number="0.34277970382464473"/>
            <maxpow number="0.34277970382464473"/>
            <fprob>0.0</fprob>
        </actor>
        <actor name="D0N30">
            <wcet number="0">10</wcet>
            <wcet number="1">10</wcet>
            <maxpow number="0.654698793752945"/>
            <maxpow number="0.654698793752945"/>
            <fprob>0.0</fprob>
        </actor>
        <actor name="D0N10">
            <wcet number="0">40</wcet>
            <wcet number="1">40</wcet>
            <maxpow number="0.7819039579582887"/>
            <maxpow number="0.7819039579582887"/>
            <fprob>0.0</fprob>
        </actor>
        <actor name="D0N15">
            <wcet number="0">10</wcet>
            <wcet number="1">10</wcet>
            <maxpow number="0.7093972163722921"/>
            <maxpow number="0.7093972163722921"/>
            <fprob>0.0</fprob>
        </actor>
        <actor name="D0N17">
            <wcet number="0">10</wcet>
            <wcet number="1">10</wcet>
            <maxpow number="0.42125819015179444"/>
            <maxpow number="0.42125819015179444"/>
            <fprob>0.0</fprob>
        </actor>
        <actor name="D0N38">
            <wcet number="0">10</wcet>
            <wcet number="1">10</wcet>
            <maxpow number="0.4619860510756873"/>
            <maxpow number="0.4619860510756873"/>
            <fprob>0.0</fprob>
        </actor>
        <actor name="D0N21">
            <wcet number="0">40</wcet>
            <wcet number="1">50</wcet>
            <maxpow number="0.7850355988172409"/>
            <maxpow number="0.7850355988172409"/>
            <fprob>0.0</fprob>
        </actor>
        <actor name="D0N9">
            <wcet number="0">60</wcet>
            <wcet number="1">70</wcet>
            <maxpow number="0.5032457005448508"/>
            <maxpow number="0.5032457005448508"/>
            <fprob>0.0</fprob>
        </actor>
        <actor name="D0N25">
            <wcet number="0">50</wcet>
            <wcet number="1">90</wcet>
            <maxpow number="0.42337870663751476"/>
            <maxpow number="0.42337870663751476"/>
            <fprob>0.0</fprob>
        </actor>
        <actor name="D0N18">
            <wcet number="0">30</wcet>
            <wcet number="1">80</wcet>
            <maxpow number="0.28724206881759146"/>
            <maxpow number="0.28724206881759146"/>
            <fprob>0.0</fprob>
        </actor>
        <actor name="D0N27">
            <wcet number="0">10</wcet>
            <wcet number="1">40</wcet>
            <maxpow number="0.6739897597990994"/>
            <maxpow number="0.6739897597990994"/>
            <fprob>0.0</fprob>
        </actor>
        <actor name="D0N7">
            <wcet number="0">10</wcet>
            <wcet number="1">10</wcet>
            <maxpow number="0.771835215751038"/>
            <maxpow number="0.771835215751038"/>
            <fprob>0.0</fprob>
        </actor>
        <ports>
            <port dstActor="D0N44" name="p0" srcActor="D0N26"/>
            <port dstActor="D0N39" name="p1" srcActor="D0N26"/>
            <port dstActor="D0N46" name="p2" srcActor="D0N26"/>
            <port dstActor="D0N28" name="p3" srcActor="D0N26"/>
            <port dstActor="D0N40" name="p4" srcActor="D0N36"/>
            <port dstActor="D0N44" name="p5" srcActor="D0N36"/>
            <port dstActor="D0N22" name="p6" srcActor="D0N13"/>
            <port dstActor="D0N47" name="p7" srcActor="D0N13"/>
            <port dstActor="D0N36" name="p8" srcActor="D0N13"/>
            <port dstActor="D0N14" name="p9" srcActor="D0N13"/>
            <port dstActor="D0N8" name="p10" srcActor="D0N6"/>
            <port dstActor="D0N10" name="p11" srcActor="D0N6"/>
            <port dstActor="D0N46" name="p12" srcActor="D0N6"/>
            <port dstActor="D0N25" name="p13" srcActor="D0N6"/>
            <port dstActor="D0N26" name="p14" srcActor="D0N6"/>
            <port dstActor="D0N30" name="p15" srcActor="D0N6"/>
            <port dstActor="D0N37" name="p16" srcActor="D0N4"/>
            <port dstActor="D0N7" name="p17" srcActor="D0N4"/>
            <port dstActor="D0N48" name="p18" srcActor="D0N42"/>
            <port dstActor="D0N39" name="p19" srcActor="D0N22"/>
            <port dstActor="D0N38" name="p20" srcActor="D0N37"/>
            <port dstActor="D0N46" name="p21" srcActor="D0N29"/>
            <port dstActor="D0N38" name="p22" srcActor="D0N29"/>
            <port dstActor="D0N39" name="p23" srcActor="D0N29"/>
            <port dstActor="D0N14" name="p24" srcActor="D0N8"/>
            <port dstActor="D0N37" name="p25" srcActor="D0N8"/>
            <port dstActor="D0N12" name="p26" srcActor="D0N8"/>
            <port dstActor="D0N10" name="p27" srcActor="D0N8"/>
            <port dstActor="D0N38" name="p28" srcActor="D0N28"/>
            <port dstActor="D0N42" name="p29" srcActor="D0N0"/>
            <port dstActor="D0N8" name="p30" srcActor="D0N0"/>
            <port dstActor="D0N1" name="p31" srcActor="D0N0"/>
            <port dstActor="D0N37" name="p32" srcActor="D0N3"/>
            <port dstActor="D0N36" name="p33" srcActor="D0N3"/>
            <port dstActor="D0N34" name="p34" srcActor="D0N14"/>
            <port dstActor="D0N41" name="p35" srcActor="D0N14"/>
            <port dstActor="D0N36" name="p36" srcActor="D0N14"/>
            <port dstActor="D0N45" name="p37" srcActor="D0N14"/>
            <port dstActor="D0N26" name="p38" srcActor="D0N14"/>
            <port dstActor="D0N24" name="p39" srcActor="D0N20"/>
            <port dstActor="D0N22" name="p40" srcActor="D0N20"/>
            <port dstActor="D0N25" name="p41" srcActor="D0N20"/>
            <port dstActor="D0N48" name="p42" srcActor="D0N34"/>
            <port dstActor="D0N24" name="p43" srcActor="D0N1"/>
            <port dstActor="D0N26" name="p44" srcActor="D0N1"/>
            <port dstActor="D0N35" name="p45" srcActor="D0N1"/>
            <port dstActor="D0N10" name="p46" srcActor="D0N1"/>
            <port dstActor="D0N23" name="p47" srcActor="D0N1"/>
            <port dstActor="D0N28" name="p48" srcActor="D0N1"/>
            <port dstActor="D0N38" name="p49" srcActor="D0N24"/>
            <port dstActor="D0N46" name="p50" srcActor="D0N24"/>
            <port dstActor="D0N48" name="p51" srcActor="D0N11"/>
            <port dstActor="D0N14" name="p52" srcActor="D0N11"/>
            <port dstActor="D0N34" name="p53" srcActor="D0N11"/>
            <port dstActor="D0N43" name="p54" srcActor="D0N32"/>
            <port dstActor="D0N47" name="p55" srcActor="D0N32"/>
            <port dstActor="D0N48" name="p56" srcActor="D0N41"/>
            <port dstActor="D0N44" name="p57" srcActor="D0N41"/>
            <port dstActor="D0N28" name="p58" srcActor="D0N12"/>
            <port dstActor="D0N41" name="p59" srcActor="D0N12"/>
            <port dstActor="D0N18" name="p60" srcActor="D0N12"/>
            <port dstActor="D0N45" name="p61" srcActor="D0N12"/>
            <port dstActor="D0N40" name="p62" srcActor="D0N5"/>
            <port dstActor="D0N18" name="p63" srcActor="D0N5"/>
            <port dstActor="D0N45" name="p64" srcActor="D0N31"/>
            <port dstActor="D0N33" name="p65" srcActor="D0N31"/>
            <port dstActor="D0N5" name="p66" srcActor="D0N2"/>
            <port dstActor="D0N4" name="p67" srcActor="D0N2"/>
            <port dstActor="D0N33" name="p68" srcActor="D0N2"/>
            <port dstActor="D0N38" name="p69" srcActor="D0N19"/>
            <port dstActor="D0N35" name="p70" srcActor="D0N19"/>
            <port dstActor="D0N36" name="p71" srcActor="D0N19"/>
            <port dstActor="D0N24" name="p72" srcActor="D0N16"/>
            <port dstActor="D0N32" name="p73" srcActor="D0N16"/>
            <port dstActor="D0N47" name="p74" srcActor="D0N40"/>
            <port dstActor="D0N42" name="p75" srcActor="D0N40"/>
            <port dstActor="D0N41" name="p76" srcActor="D0N40"/>
            <port dstActor="D0N48" name="p77" srcActor="D0N40"/>
            <port dstActor="D0N37" name="p78" srcActor="D0N23"/>
            <port dstActor="D0N34" name="p79" srcActor="D0N23"/>
            <port dstActor="D0N43" name="p80" srcActor="D0N23"/>
            <port dstActor="D0N33" name="p81" srcActor="D0N30"/>
            <port dstActor="D0N48" name="p82" srcActor="D0N10"/>
            <port dstActor="D0N41" name="p83" srcActor="D0N10"/>
            <port dstActor="D0N12" name="p84" srcActor="D0N10"/>
            <port dstActor="D0N35" name="p85" srcActor="D0N10"/>
            <port dstActor="D0N46" name="p86" srcActor="D0N10"/>
            <port dstActor="D0N39" name="p87" srcActor="D0N15"/>
            <port dstActor="D0N16" name="p88" srcActor="D0N15"/>
            <port dstActor="D0N19" name="p89" srcActor="D0N15"/>
            <port dstActor="D0N44" name="p90" srcActor="D0N17"/>
            <port dstActor="D0N25" name="p91" srcActor="D0N17"/>
            <port dstActor="D0N41" name="p92" srcActor="D0N38"/>
            <port dstActor="D0N40" name="p93" srcActor="D0N38"/>
            <port dstActor="D0N41" name="p94" srcActor="D0N21"/>
            <port dstActor="D0N25" name="p95" srcActor="D0N21"/>
            <port dstActor="D0N30" name="p96" srcActor="D0N21"/>
            <port dstActor="D0N16" name="p97" srcActor="D0N9"/>
            <port dstActor="D0N37" name="p98" srcActor="D0N9"/>
            <port dstActor="D0N36" name="p99" srcActor="D0N9"/>
            <port dstActor="D0N28" name="p100" srcActor="D0N9"/>
            <port dstActor="D0N39" name="p101" srcActor="D0N25"/>
            <port dstActor="D0N37" name="p102" srcActor="D0N25"/>
            <port dstActor="D0N43" name="p103" srcActor="D0N18"/>
            <port dstActor="D0N29" name="p104" srcActor="D0N18"/>
            <port dstActor="D0N36" name="p105" srcActor="D0N18"/>
            <port dstActor="D0N38" name="p106" srcActor="D0N18"/>
            <port dstActor="D0N48" name="p107" srcActor="D0N18"/>
            <port dstActor="D0N27" name="p108" srcActor="D0N7"/>
            <port dstActor="D0N25" name="p109" srcActor="D0N7"/>
            <port dstActor="D0N26" name="p110" srcActor="D0N7"/>
            <port dstActor="D0N40" name="p111" srcActor="D0N7"/>
            <port dstActor="D0N9" name="p112" srcActor="D0N7"/>
            <port dstActor="D0N42" name="p113" srcActor="D0N7"/>
        </ports>
    </mcdag>
    <cores number="3"/>
    <levels number="2"/>
</mcsystem>
