<?xml version="1.0" encoding="UTF-8" standalone="no"?>
<mcsystem>
    <mcdag deadline="2200" name="genned-0-ed-10.0-0">
        <actor name="D0N9">
            <wcet number="0">120</wcet>
            <wcet number="1">160</wcet>
            <maxpow number="0.5937580452590581"/>
            <maxpow number="0.5937580452590581"/>
            <fprob>0.0</fprob>
        </actor>
        <actor name="D0N40">
            <wcet number="0">10</wcet>
            <wcet number="1">10</wcet>
            <maxpow number="0.5812604659431908"/>
            <maxpow number="0.5812604659431908"/>
            <fprob>0.0</fprob>
        </actor>
        <actor name="D0N44">
            <wcet number="0">60</wcet>
            <wcet number="1">130</wcet>
            <maxpow number="0.7824566485551713"/>
            <maxpow number="0.7824566485551713"/>
            <fprob>0.0</fprob>
        </actor>
        <actor name="D0N5">
            <wcet number="0">100</wcet>
            <wcet number="1">200</wcet>
            <maxpow number="0.3730869366339055"/>
            <maxpow number="0.3730869366339055"/>
            <fprob>0.0</fprob>
        </actor>
        <actor name="D0N17">
            <wcet number="0">20</wcet>
            <wcet number="1">80</wcet>
            <maxpow number="0.4276106376112969"/>
            <maxpow number="0.4276106376112969"/>
            <fprob>0.0</fprob>
        </actor>
        <actor name="D0N30">
            <wcet number="0">10</wcet>
            <wcet number="1">40</wcet>
            <maxpow number="0.7536334850983771"/>
            <maxpow number="0.7536334850983771"/>
            <fprob>0.0</fprob>
        </actor>
        <actor name="D0N31">
            <wcet number="0">80</wcet>
            <wcet number="1">80</wcet>
            <maxpow number="0.28271790152631426"/>
            <maxpow number="0.28271790152631426"/>
            <fprob>0.0</fprob>
        </actor>
        <actor name="D0N29">
            <wcet number="0">90</wcet>
            <wcet number="1">270</wcet>
            <maxpow number="0.6224674544182346"/>
            <maxpow number="0.6224674544182346"/>
            <fprob>0.0</fprob>
        </actor>
        <actor name="D0N6">
            <wcet number="0">10</wcet>
            <wcet number="1">10</wcet>
            <maxpow number="0.6637284907808007"/>
            <maxpow number="0.6637284907808007"/>
            <fprob>0.0</fprob>
        </actor>
        <actor name="D0N36">
            <wcet number="0">20</wcet>
            <wcet number="1">20</wcet>
            <maxpow number="0.4494107297162572"/>
            <maxpow number="0.4494107297162572"/>
            <fprob>0.0</fprob>
        </actor>
        <actor name="D0N22">
            <wcet number="0">80</wcet>
            <wcet number="1">90</wcet>
            <maxpow number="0.7221626550399551"/>
            <maxpow number="0.7221626550399551"/>
            <fprob>0.0</fprob>
        </actor>
        <actor name="D0N42">
            <wcet number="0">40</wcet>
            <wcet number="1">40</wcet>
            <maxpow number="0.5359942141502674"/>
            <maxpow number="0.5359942141502674"/>
            <fprob>0.0</fprob>
        </actor>
        <actor name="D0N0">
            <wcet number="0">30</wcet>
            <wcet number="1">30</wcet>
            <maxpow number="0.49663530164621816"/>
            <maxpow number="0.49663530164621816"/>
            <fprob>0.0</fprob>
        </actor>
        <actor name="D0N16">
            <wcet number="0">40</wcet>
            <wcet number="1">300</wcet>
            <maxpow number="0.6231175063805249"/>
            <maxpow number="0.6231175063805249"/>
            <fprob>0.0</fprob>
        </actor>
        <actor name="D0N15">
            <wcet number="0">60</wcet>
            <wcet number="1">70</wcet>
            <maxpow number="0.27047108916502016"/>
            <maxpow number="0.27047108916502016"/>
            <fprob>0.0</fprob>
        </actor>
        <actor name="D0N4">
            <wcet number="0">10</wcet>
            <wcet number="1">70</wcet>
            <maxpow number="0.3664241737639955"/>
            <maxpow number="0.3664241737639955"/>
            <fprob>0.0</fprob>
        </actor>
        <actor name="D0N27">
            <wcet number="0">40</wcet>
            <wcet number="1">90</wcet>
            <maxpow number="0.5309974020839049"/>
            <maxpow number="0.5309974020839049"/>
            <fprob>0.0</fprob>
        </actor>
        <actor name="D0N2">
            <wcet number="0">20</wcet>
            <wcet number="1">40</wcet>
            <maxpow number="0.8796126403464015"/>
            <maxpow number="0.8796126403464015"/>
            <fprob>0.0</fprob>
        </actor>
        <actor name="D0N23">
            <wcet number="0">30</wcet>
            <wcet number="1">40</wcet>
            <maxpow number="0.3768064844282175"/>
            <maxpow number="0.3768064844282175"/>
            <fprob>0.0</fprob>
        </actor>
        <actor name="D0N38">
            <wcet number="0">10</wcet>
            <wcet number="1">130</wcet>
            <maxpow number="0.43852440690630046"/>
            <maxpow number="0.43852440690630046"/>
            <fprob>0.0</fprob>
        </actor>
        <actor name="D0N37">
            <wcet number="0">20</wcet>
            <wcet number="1">20</wcet>
            <maxpow number="0.47789751716222884"/>
            <maxpow number="0.47789751716222884"/>
            <fprob>0.0</fprob>
        </actor>
        <actor name="D0N7">
            <wcet number="0">20</wcet>
            <wcet number="1">30</wcet>
            <maxpow number="0.6269875902421639"/>
            <maxpow number="0.6269875902421639"/>
            <fprob>0.0</fprob>
        </actor>
        <actor name="D0N32">
            <wcet number="0">10</wcet>
            <wcet number="1">190</wcet>
            <maxpow number="0.22424842715072302"/>
            <maxpow number="0.22424842715072302"/>
            <fprob>0.0</fprob>
        </actor>
        <actor name="D0N13">
            <wcet number="0">80</wcet>
            <wcet number="1">260</wcet>
            <maxpow number="0.42942372329964656"/>
            <maxpow number="0.42942372329964656"/>
            <fprob>0.0</fprob>
        </actor>
        <actor name="D0N34">
            <wcet number="0">170</wcet>
            <wcet number="1">450</wcet>
            <maxpow number="0.41332847531978595"/>
            <maxpow number="0.41332847531978595"/>
            <fprob>0.0</fprob>
        </actor>
        <actor name="D0N28">
            <wcet number="0">150</wcet>
            <wcet number="1">160</wcet>
            <maxpow number="0.3112411537854083"/>
            <maxpow number="0.3112411537854083"/>
            <fprob>0.0</fprob>
        </actor>
        <actor name="D0N45">
            <wcet number="0">70</wcet>
            <wcet number="1">120</wcet>
            <maxpow number="0.7232780205272096"/>
            <maxpow number="0.7232780205272096"/>
            <fprob>0.0</fprob>
        </actor>
        <actor name="D0N14">
            <wcet number="0">20</wcet>
            <wcet number="1">20</wcet>
            <maxpow number="0.7424721748839719"/>
            <maxpow number="0.7424721748839719"/>
            <fprob>0.0</fprob>
        </actor>
        <actor name="D0N26">
            <wcet number="0">10</wcet>
            <wcet number="1">10</wcet>
            <maxpow number="0.7368588950744323"/>
            <maxpow number="0.7368588950744323"/>
            <fprob>0.0</fprob>
        </actor>
        <actor name="D0N39">
            <wcet number="0">50</wcet>
            <wcet number="1">50</wcet>
            <maxpow number="0.15471348772509252"/>
            <maxpow number="0.15471348772509252"/>
            <fprob>0.0</fprob>
        </actor>
        <actor name="D0N24">
            <wcet number="0">170</wcet>
            <wcet number="1">280</wcet>
            <maxpow number="0.6080378242388832"/>
            <maxpow number="0.6080378242388832"/>
            <fprob>0.0</fprob>
        </actor>
        <actor name="D0N41">
            <wcet number="0">30</wcet>
            <wcet number="1">70</wcet>
            <maxpow number="0.4280029980701092"/>
            <maxpow number="0.4280029980701092"/>
            <fprob>0.0</fprob>
        </actor>
        <actor name="D0N12">
            <wcet number="0">10</wcet>
            <wcet number="1">90</wcet>
            <maxpow number="0.3681349200229875"/>
            <maxpow number="0.3681349200229875"/>
            <fprob>0.0</fprob>
        </actor>
        <actor name="D0N21">
            <wcet number="0">10</wcet>
            <wcet number="1">10</wcet>
            <maxpow number="0.7775297684440735"/>
            <maxpow number="0.7775297684440735"/>
            <fprob>0.0</fprob>
        </actor>
        <actor name="D0N19">
            <wcet number="0">70</wcet>
            <wcet number="1">70</wcet>
            <maxpow number="0.5325175602069324"/>
            <maxpow number="0.5325175602069324"/>
            <fprob>0.0</fprob>
        </actor>
        <actor name="D0N20">
            <wcet number="0">90</wcet>
            <wcet number="1">120</wcet>
            <maxpow number="0.34120466858109944"/>
            <maxpow number="0.34120466858109944"/>
            <fprob>0.0</fprob>
        </actor>
        <actor name="D0N35">
            <wcet number="0">70</wcet>
            <wcet number="1">230</wcet>
            <maxpow number="0.3358017944311372"/>
            <maxpow number="0.3358017944311372"/>
            <fprob>0.0</fprob>
        </actor>
        <actor name="D0N18">
            <wcet number="0">40</wcet>
            <wcet number="1">50</wcet>
            <maxpow number="0.3831882113230878"/>
            <maxpow number="0.3831882113230878"/>
            <fprob>0.0</fprob>
        </actor>
        <actor name="D0N43">
            <wcet number="0">50</wcet>
            <wcet number="1">90</wcet>
            <maxpow number="0.5976274710409922"/>
            <maxpow number="0.5976274710409922"/>
            <fprob>0.0</fprob>
        </actor>
        <actor name="D0N11">
            <wcet number="0">40</wcet>
            <wcet number="1">100</wcet>
            <maxpow number="0.639447795465862"/>
            <maxpow number="0.639447795465862"/>
            <fprob>0.0</fprob>
        </actor>
        <actor name="D0N1">
            <wcet number="0">20</wcet>
            <wcet number="1">50</wcet>
            <maxpow number="0.4747984521551794"/>
            <maxpow number="0.4747984521551794"/>
            <fprob>0.0</fprob>
        </actor>
        <actor name="D0N3">
            <wcet number="0">300</wcet>
            <wcet number="1">370</wcet>
            <maxpow number="0.8302725470540415"/>
            <maxpow number="0.8302725470540415"/>
            <fprob>0.0</fprob>
        </actor>
        <actor name="D0N10">
            <wcet number="0">30</wcet>
            <wcet number="1">40</wcet>
            <maxpow number="0.4706106086163493"/>
            <maxpow number="0.4706106086163493"/>
            <fprob>0.0</fprob>
        </actor>
        <actor name="D0N25">
            <wcet number="0">20</wcet>
            <wcet number="1">30</wcet>
            <maxpow number="0.310465577773845"/>
            <maxpow number="0.310465577773845"/>
            <fprob>0.0</fprob>
        </actor>
        <actor name="D0N8">
            <wcet number="0">180</wcet>
            <wcet number="1">180</wcet>
            <maxpow number="0.720828561339153"/>
            <maxpow number="0.720828561339153"/>
            <fprob>0.0</fprob>
        </actor>
        <actor name="D0N33">
            <wcet number="0">70</wcet>
            <wcet number="1">70</wcet>
            <maxpow number="0.5903864781109995"/>
            <maxpow number="0.5903864781109995"/>
            <fprob>0.0</fprob>
        </actor>
        <ports>
            <port dstActor="D0N15" name="p0" srcActor="D0N9"/>
            <port dstActor="D0N13" name="p1" srcActor="D0N9"/>
            <port dstActor="D0N30" name="p2" srcActor="D0N9"/>
            <port dstActor="D0N26" name="p3" srcActor="D0N9"/>
            <port dstActor="D0N36" name="p4" srcActor="D0N9"/>
            <port dstActor="D0N37" name="p5" srcActor="D0N5"/>
            <port dstActor="D0N32" name="p6" srcActor="D0N5"/>
            <port dstActor="D0N39" name="p7" srcActor="D0N5"/>
            <port dstActor="D0N20" name="p8" srcActor="D0N5"/>
            <port dstActor="D0N14" name="p9" srcActor="D0N5"/>
            <port dstActor="D0N29" name="p10" srcActor="D0N5"/>
            <port dstActor="D0N18" name="p11" srcActor="D0N17"/>
            <port dstActor="D0N35" name="p12" srcActor="D0N17"/>
            <port dstActor="D0N32" name="p13" srcActor="D0N17"/>
            <port dstActor="D0N41" name="p14" srcActor="D0N30"/>
            <port dstActor="D0N34" name="p15" srcActor="D0N30"/>
            <port dstActor="D0N40" name="p16" srcActor="D0N31"/>
            <port dstActor="D0N32" name="p17" srcActor="D0N31"/>
            <port dstActor="D0N42" name="p18" srcActor="D0N29"/>
            <port dstActor="D0N20" name="p19" srcActor="D0N6"/>
            <port dstActor="D0N8" name="p20" srcActor="D0N6"/>
            <port dstActor="D0N27" name="p21" srcActor="D0N6"/>
            <port dstActor="D0N29" name="p22" srcActor="D0N22"/>
            <port dstActor="D0N36" name="p23" srcActor="D0N22"/>
            <port dstActor="D0N44" name="p24" srcActor="D0N42"/>
            <port dstActor="D0N45" name="p25" srcActor="D0N42"/>
            <port dstActor="D0N43" name="p26" srcActor="D0N0"/>
            <port dstActor="D0N39" name="p27" srcActor="D0N0"/>
            <port dstActor="D0N15" name="p28" srcActor="D0N0"/>
            <port dstActor="D0N43" name="p29" srcActor="D0N16"/>
            <port dstActor="D0N44" name="p30" srcActor="D0N16"/>
            <port dstActor="D0N30" name="p31" srcActor="D0N16"/>
            <port dstActor="D0N40" name="p32" srcActor="D0N16"/>
            <port dstActor="D0N45" name="p33" srcActor="D0N16"/>
            <port dstActor="D0N34" name="p34" srcActor="D0N15"/>
            <port dstActor="D0N32" name="p35" srcActor="D0N15"/>
            <port dstActor="D0N44" name="p36" srcActor="D0N15"/>
            <port dstActor="D0N42" name="p37" srcActor="D0N15"/>
            <port dstActor="D0N21" name="p38" srcActor="D0N15"/>
            <port dstActor="D0N40" name="p39" srcActor="D0N15"/>
            <port dstActor="D0N14" name="p40" srcActor="D0N4"/>
            <port dstActor="D0N16" name="p41" srcActor="D0N4"/>
            <port dstActor="D0N40" name="p42" srcActor="D0N4"/>
            <port dstActor="D0N35" name="p43" srcActor="D0N27"/>
            <port dstActor="D0N40" name="p44" srcActor="D0N27"/>
            <port dstActor="D0N28" name="p45" srcActor="D0N27"/>
            <port dstActor="D0N34" name="p46" srcActor="D0N27"/>
            <port dstActor="D0N36" name="p47" srcActor="D0N2"/>
            <port dstActor="D0N41" name="p48" srcActor="D0N2"/>
            <port dstActor="D0N25" name="p49" srcActor="D0N2"/>
            <port dstActor="D0N18" name="p50" srcActor="D0N2"/>
            <port dstActor="D0N38" name="p51" srcActor="D0N2"/>
            <port dstActor="D0N32" name="p52" srcActor="D0N23"/>
            <port dstActor="D0N41" name="p53" srcActor="D0N37"/>
            <port dstActor="D0N38" name="p54" srcActor="D0N7"/>
            <port dstActor="D0N19" name="p55" srcActor="D0N7"/>
            <port dstActor="D0N10" name="p56" srcActor="D0N7"/>
            <port dstActor="D0N31" name="p57" srcActor="D0N7"/>
            <port dstActor="D0N28" name="p58" srcActor="D0N7"/>
            <port dstActor="D0N15" name="p59" srcActor="D0N7"/>
            <port dstActor="D0N11" name="p60" srcActor="D0N7"/>
            <port dstActor="D0N32" name="p61" srcActor="D0N7"/>
            <port dstActor="D0N37" name="p62" srcActor="D0N32"/>
            <port dstActor="D0N43" name="p63" srcActor="D0N32"/>
            <port dstActor="D0N37" name="p64" srcActor="D0N13"/>
            <port dstActor="D0N25" name="p65" srcActor="D0N13"/>
            <port dstActor="D0N30" name="p66" srcActor="D0N13"/>
            <port dstActor="D0N38" name="p67" srcActor="D0N34"/>
            <port dstActor="D0N43" name="p68" srcActor="D0N34"/>
            <port dstActor="D0N39" name="p69" srcActor="D0N34"/>
            <port dstActor="D0N35" name="p70" srcActor="D0N28"/>
            <port dstActor="D0N39" name="p71" srcActor="D0N28"/>
            <port dstActor="D0N25" name="p72" srcActor="D0N14"/>
            <port dstActor="D0N18" name="p73" srcActor="D0N14"/>
            <port dstActor="D0N38" name="p74" srcActor="D0N26"/>
            <port dstActor="D0N44" name="p75" srcActor="D0N39"/>
            <port dstActor="D0N40" name="p76" srcActor="D0N24"/>
            <port dstActor="D0N25" name="p77" srcActor="D0N24"/>
            <port dstActor="D0N26" name="p78" srcActor="D0N24"/>
            <port dstActor="D0N21" name="p79" srcActor="D0N12"/>
            <port dstActor="D0N31" name="p80" srcActor="D0N21"/>
            <port dstActor="D0N39" name="p81" srcActor="D0N21"/>
            <port dstActor="D0N44" name="p82" srcActor="D0N21"/>
            <port dstActor="D0N26" name="p83" srcActor="D0N21"/>
            <port dstActor="D0N33" name="p84" srcActor="D0N21"/>
            <port dstActor="D0N22" name="p85" srcActor="D0N19"/>
            <port dstActor="D0N30" name="p86" srcActor="D0N19"/>
            <port dstActor="D0N44" name="p87" srcActor="D0N19"/>
            <port dstActor="D0N24" name="p88" srcActor="D0N19"/>
            <port dstActor="D0N21" name="p89" srcActor="D0N20"/>
            <port dstActor="D0N41" name="p90" srcActor="D0N20"/>
            <port dstActor="D0N43" name="p91" srcActor="D0N20"/>
            <port dstActor="D0N42" name="p92" srcActor="D0N20"/>
            <port dstActor="D0N29" name="p93" srcActor="D0N20"/>
            <port dstActor="D0N45" name="p94" srcActor="D0N35"/>
            <port dstActor="D0N40" name="p95" srcActor="D0N18"/>
            <port dstActor="D0N30" name="p96" srcActor="D0N11"/>
            <port dstActor="D0N19" name="p97" srcActor="D0N11"/>
            <port dstActor="D0N13" name="p98" srcActor="D0N11"/>
            <port dstActor="D0N17" name="p99" srcActor="D0N1"/>
            <port dstActor="D0N11" name="p100" srcActor="D0N1"/>
            <port dstActor="D0N35" name="p101" srcActor="D0N1"/>
            <port dstActor="D0N29" name="p102" srcActor="D0N1"/>
            <port dstActor="D0N36" name="p103" srcActor="D0N1"/>
            <port dstActor="D0N11" name="p104" srcActor="D0N3"/>
            <port dstActor="D0N12" name="p105" srcActor="D0N3"/>
            <port dstActor="D0N8" name="p106" srcActor="D0N3"/>
            <port dstActor="D0N9" name="p107" srcActor="D0N3"/>
            <port dstActor="D0N27" name="p108" srcActor="D0N3"/>
            <port dstActor="D0N14" name="p109" srcActor="D0N3"/>
            <port dstActor="D0N44" name="p110" srcActor="D0N3"/>
            <port dstActor="D0N5" name="p111" srcActor="D0N3"/>
            <port dstActor="D0N24" name="p112" srcActor="D0N10"/>
            <port dstActor="D0N33" name="p113" srcActor="D0N10"/>
            <port dstActor="D0N21" name="p114" srcActor="D0N10"/>
            <port dstActor="D0N23" name="p115" srcActor="D0N10"/>
            <port dstActor="D0N15" name="p116" srcActor="D0N10"/>
            <port dstActor="D0N43" name="p117" srcActor="D0N10"/>
            <port dstActor="D0N12" name="p118" srcActor="D0N10"/>
            <port dstActor="D0N22" name="p119" srcActor="D0N10"/>
            <port dstActor="D0N37" name="p120" srcActor="D0N25"/>
            <port dstActor="D0N36" name="p121" srcActor="D0N8"/>
            <port dstActor="D0N26" name="p122" srcActor="D0N8"/>
            <port dstActor="D0N36" name="p123" srcActor="D0N33"/>
            <port dstActor="D0N35" name="p124" srcActor="D0N33"/>
        </ports>
    </mcdag>
    <cores number="3"/>
    <levels number="2"/>
</mcsystem>
