<?xml version="1.0" encoding="UTF-8" standalone="no"?>
<mcsystem>
    <mcdag deadline="2000" name="genned-0-ed-10.0-0">
        <actor name="D0N33">
            <wcet number="0">100</wcet>
            <wcet number="1">120</wcet>
            <maxpow number="0.4561665049917776"/>
            <maxpow number="0.4561665049917776"/>
            <fprob>0.0</fprob>
        </actor>
        <actor name="D0N14">
            <wcet number="0">100</wcet>
            <wcet number="1">180</wcet>
            <maxpow number="0.7414813490932314"/>
            <maxpow number="0.7414813490932314"/>
            <fprob>0.0</fprob>
        </actor>
        <actor name="D0N22">
            <wcet number="0">60</wcet>
            <wcet number="1">60</wcet>
            <maxpow number="0.26389581357876607"/>
            <maxpow number="0.26389581357876607"/>
            <fprob>0.0</fprob>
        </actor>
        <actor name="D0N16">
            <wcet number="0">60</wcet>
            <wcet number="1">260</wcet>
            <maxpow number="0.43230565701809764"/>
            <maxpow number="0.43230565701809764"/>
            <fprob>0.0</fprob>
        </actor>
        <actor name="D0N35">
            <wcet number="0">100</wcet>
            <wcet number="1">120</wcet>
            <maxpow number="0.5412199543764166"/>
            <maxpow number="0.5412199543764166"/>
            <fprob>0.0</fprob>
        </actor>
        <actor name="D0N21">
            <wcet number="0">80</wcet>
            <wcet number="1">190</wcet>
            <maxpow number="1.0315477493653595"/>
            <maxpow number="1.0315477493653595"/>
            <fprob>0.0</fprob>
        </actor>
        <actor name="D0N30">
            <wcet number="0">20</wcet>
            <wcet number="1">30</wcet>
            <maxpow number="0.27171794896100093"/>
            <maxpow number="0.27171794896100093"/>
            <fprob>0.0</fprob>
        </actor>
        <actor name="D0N17">
            <wcet number="0">30</wcet>
            <wcet number="1">40</wcet>
            <maxpow number="0.5258512133048345"/>
            <maxpow number="0.5258512133048345"/>
            <fprob>0.0</fprob>
        </actor>
        <actor name="D0N7">
            <wcet number="0">120</wcet>
            <wcet number="1">230</wcet>
            <maxpow number="0.3980128348049008"/>
            <maxpow number="0.3980128348049008"/>
            <fprob>0.0</fprob>
        </actor>
        <actor name="D0N43">
            <wcet number="0">10</wcet>
            <wcet number="1">20</wcet>
            <maxpow number="0.8549918901675118"/>
            <maxpow number="0.8549918901675118"/>
            <fprob>0.0</fprob>
        </actor>
        <actor name="D0N8">
            <wcet number="0">10</wcet>
            <wcet number="1">10</wcet>
            <maxpow number="0.6818298963578979"/>
            <maxpow number="0.6818298963578979"/>
            <fprob>0.0</fprob>
        </actor>
        <actor name="D0N9">
            <wcet number="0">10</wcet>
            <wcet number="1">20</wcet>
            <maxpow number="0.523273959602404"/>
            <maxpow number="0.523273959602404"/>
            <fprob>0.0</fprob>
        </actor>
        <actor name="D0N4">
            <wcet number="0">10</wcet>
            <wcet number="1">20</wcet>
            <maxpow number="0.5560719102097622"/>
            <maxpow number="0.5560719102097622"/>
            <fprob>0.0</fprob>
        </actor>
        <actor name="D0N28">
            <wcet number="0">20</wcet>
            <wcet number="1">170</wcet>
            <maxpow number="0.5984850438094148"/>
            <maxpow number="0.5984850438094148"/>
            <fprob>0.0</fprob>
        </actor>
        <actor name="D0N38">
            <wcet number="0">10</wcet>
            <wcet number="1">30</wcet>
            <maxpow number="0.2652838332396569"/>
            <maxpow number="0.2652838332396569"/>
            <fprob>0.0</fprob>
        </actor>
        <actor name="D0N26">
            <wcet number="0">80</wcet>
            <wcet number="1">130</wcet>
            <maxpow number="0.4784392362569805"/>
            <maxpow number="0.4784392362569805"/>
            <fprob>0.0</fprob>
        </actor>
        <actor name="D0N11">
            <wcet number="0">10</wcet>
            <wcet number="1">20</wcet>
            <maxpow number="0.646232396056954"/>
            <maxpow number="0.646232396056954"/>
            <fprob>0.0</fprob>
        </actor>
        <actor name="D0N37">
            <wcet number="0">40</wcet>
            <wcet number="1">90</wcet>
            <maxpow number="0.6298993224014777"/>
            <maxpow number="0.6298993224014777"/>
            <fprob>0.0</fprob>
        </actor>
        <actor name="D0N15">
            <wcet number="0">20</wcet>
            <wcet number="1">70</wcet>
            <maxpow number="0.7979381877063042"/>
            <maxpow number="0.7979381877063042"/>
            <fprob>0.0</fprob>
        </actor>
        <actor name="D0N36">
            <wcet number="0">20</wcet>
            <wcet number="1">170</wcet>
            <maxpow number="0.7645739954487047"/>
            <maxpow number="0.7645739954487047"/>
            <fprob>0.0</fprob>
        </actor>
        <actor name="D0N32">
            <wcet number="0">90</wcet>
            <wcet number="1">170</wcet>
            <maxpow number="0.6366838338907003"/>
            <maxpow number="0.6366838338907003"/>
            <fprob>0.0</fprob>
        </actor>
        <actor name="D0N2">
            <wcet number="0">70</wcet>
            <wcet number="1">70</wcet>
            <maxpow number="0.7271543905440525"/>
            <maxpow number="0.7271543905440525"/>
            <fprob>0.0</fprob>
        </actor>
        <actor name="D0N45">
            <wcet number="0">50</wcet>
            <wcet number="1">160</wcet>
            <maxpow number="0.6235478901991937"/>
            <maxpow number="0.6235478901991937"/>
            <fprob>0.0</fprob>
        </actor>
        <actor name="D0N39">
            <wcet number="0">20</wcet>
            <wcet number="1">40</wcet>
            <maxpow number="0.7087023003433494"/>
            <maxpow number="0.7087023003433494"/>
            <fprob>0.0</fprob>
        </actor>
        <actor name="D0N24">
            <wcet number="0">20</wcet>
            <wcet number="1">30</wcet>
            <maxpow number="0.39239001324294154"/>
            <maxpow number="0.39239001324294154"/>
            <fprob>0.0</fprob>
        </actor>
        <actor name="D0N44">
            <wcet number="0">30</wcet>
            <wcet number="1">40</wcet>
            <maxpow number="0.9261628872255674"/>
            <maxpow number="0.9261628872255674"/>
            <fprob>0.0</fprob>
        </actor>
        <actor name="D0N19">
            <wcet number="0">20</wcet>
            <wcet number="1">40</wcet>
            <maxpow number="0.26639281327467756"/>
            <maxpow number="0.26639281327467756"/>
            <fprob>0.0</fprob>
        </actor>
        <actor name="D0N10">
            <wcet number="0">20</wcet>
            <wcet number="1">230</wcet>
            <maxpow number="0.5537318740089274"/>
            <maxpow number="0.5537318740089274"/>
            <fprob>0.0</fprob>
        </actor>
        <actor name="D0N12">
            <wcet number="0">290</wcet>
            <wcet number="1">350</wcet>
            <maxpow number="0.6461588069832903"/>
            <maxpow number="0.6461588069832903"/>
            <fprob>0.0</fprob>
        </actor>
        <actor name="D0N41">
            <wcet number="0">20</wcet>
            <wcet number="1">40</wcet>
            <maxpow number="0.5470442832885912"/>
            <maxpow number="0.5470442832885912"/>
            <fprob>0.0</fprob>
        </actor>
        <actor name="D0N47">
            <wcet number="0">90</wcet>
            <wcet number="1">90</wcet>
            <maxpow number="0.876084489360081"/>
            <maxpow number="0.876084489360081"/>
            <fprob>0.0</fprob>
        </actor>
        <actor name="D0N13">
            <wcet number="0">30</wcet>
            <wcet number="1">60</wcet>
            <maxpow number="0.6889885394104021"/>
            <maxpow number="0.6889885394104021"/>
            <fprob>0.0</fprob>
        </actor>
        <actor name="D0N23">
            <wcet number="0">40</wcet>
            <wcet number="1">250</wcet>
            <maxpow number="0.5032057924339406"/>
            <maxpow number="0.5032057924339406"/>
            <fprob>0.0</fprob>
        </actor>
        <actor name="D0N46">
            <wcet number="0">20</wcet>
            <wcet number="1">60</wcet>
            <maxpow number="0.4499106882491005"/>
            <maxpow number="0.4499106882491005"/>
            <fprob>0.0</fprob>
        </actor>
        <actor name="D0N3">
            <wcet number="0">140</wcet>
            <wcet number="1">230</wcet>
            <maxpow number="0.4165902290554153"/>
            <maxpow number="0.4165902290554153"/>
            <fprob>0.0</fprob>
        </actor>
        <actor name="D0N1">
            <wcet number="0">30</wcet>
            <wcet number="1">80</wcet>
            <maxpow number="0.9189447106175044"/>
            <maxpow number="0.9189447106175044"/>
            <fprob>0.0</fprob>
        </actor>
        <actor name="D0N27">
            <wcet number="0">10</wcet>
            <wcet number="1">10</wcet>
            <maxpow number="0.5492846944601003"/>
            <maxpow number="0.5492846944601003"/>
            <fprob>0.0</fprob>
        </actor>
        <actor name="D0N49">
            <wcet number="0">40</wcet>
            <wcet number="1">60</wcet>
            <maxpow number="0.6251876098707724"/>
            <maxpow number="0.6251876098707724"/>
            <fprob>0.0</fprob>
        </actor>
        <actor name="D0N31">
            <wcet number="0">20</wcet>
            <wcet number="1">100</wcet>
            <maxpow number="0.7594895316418298"/>
            <maxpow number="0.7594895316418298"/>
            <fprob>0.0</fprob>
        </actor>
        <actor name="D0N6">
            <wcet number="0">130</wcet>
            <wcet number="1">150</wcet>
            <maxpow number="0.6718284270859989"/>
            <maxpow number="0.6718284270859989"/>
            <fprob>0.0</fprob>
        </actor>
        <actor name="D0N29">
            <wcet number="0">150</wcet>
            <wcet number="1">260</wcet>
            <maxpow number="0.5248903551736477"/>
            <maxpow number="0.5248903551736477"/>
            <fprob>0.0</fprob>
        </actor>
        <actor name="D0N34">
            <wcet number="0">20</wcet>
            <wcet number="1">70</wcet>
            <maxpow number="0.695915099850251"/>
            <maxpow number="0.695915099850251"/>
            <fprob>0.0</fprob>
        </actor>
        <actor name="D0N20">
            <wcet number="0">20</wcet>
            <wcet number="1">70</wcet>
            <maxpow number="0.47160289304619896"/>
            <maxpow number="0.47160289304619896"/>
            <fprob>0.0</fprob>
        </actor>
        <actor name="D0N5">
            <wcet number="0">100</wcet>
            <wcet number="1">110</wcet>
            <maxpow number="0.4128148962813335"/>
            <maxpow number="0.4128148962813335"/>
            <fprob>0.0</fprob>
        </actor>
        <actor name="D0N25">
            <wcet number="0">20</wcet>
            <wcet number="1">80</wcet>
            <maxpow number="0.5090956224694605"/>
            <maxpow number="0.5090956224694605"/>
            <fprob>0.0</fprob>
        </actor>
        <actor name="D0N42">
            <wcet number="0">40</wcet>
            <wcet number="1">50</wcet>
            <maxpow number="0.43154184420595154"/>
            <maxpow number="0.43154184420595154"/>
            <fprob>0.0</fprob>
        </actor>
        <actor name="D0N40">
            <wcet number="0">30</wcet>
            <wcet number="1">40</wcet>
            <maxpow number="0.4971014473141343"/>
            <maxpow number="0.4971014473141343"/>
            <fprob>0.0</fprob>
        </actor>
        <actor name="D0N48">
            <wcet number="0">70</wcet>
            <wcet number="1">100</wcet>
            <maxpow number="0.7706682144413413"/>
            <maxpow number="0.7706682144413413"/>
            <fprob>0.0</fprob>
        </actor>
        <actor name="D0N0">
            <wcet number="0">10</wcet>
            <wcet number="1">30</wcet>
            <maxpow number="0.6195395408179807"/>
            <maxpow number="0.6195395408179807"/>
            <fprob>0.0</fprob>
        </actor>
        <actor name="D0N18">
            <wcet number="0">120</wcet>
            <wcet number="1">150</wcet>
            <maxpow number="0.4996413936216328"/>
            <maxpow number="0.4996413936216328"/>
            <fprob>0.0</fprob>
        </actor>
        <ports>
            <port dstActor="D0N42" name="p0" srcActor="D0N33"/>
            <port dstActor="D0N42" name="p1" srcActor="D0N14"/>
            <port dstActor="D0N35" name="p2" srcActor="D0N14"/>
            <port dstActor="D0N29" name="p3" srcActor="D0N14"/>
            <port dstActor="D0N43" name="p4" srcActor="D0N22"/>
            <port dstActor="D0N33" name="p5" srcActor="D0N22"/>
            <port dstActor="D0N48" name="p6" srcActor="D0N22"/>
            <port dstActor="D0N29" name="p7" srcActor="D0N16"/>
            <port dstActor="D0N37" name="p8" srcActor="D0N16"/>
            <port dstActor="D0N18" name="p9" srcActor="D0N16"/>
            <port dstActor="D0N49" name="p10" srcActor="D0N35"/>
            <port dstActor="D0N24" name="p11" srcActor="D0N21"/>
            <port dstActor="D0N35" name="p12" srcActor="D0N21"/>
            <port dstActor="D0N32" name="p13" srcActor="D0N30"/>
            <port dstActor="D0N45" name="p14" srcActor="D0N30"/>
            <port dstActor="D0N33" name="p15" srcActor="D0N30"/>
            <port dstActor="D0N28" name="p16" srcActor="D0N17"/>
            <port dstActor="D0N37" name="p17" srcActor="D0N17"/>
            <port dstActor="D0N43" name="p18" srcActor="D0N17"/>
            <port dstActor="D0N27" name="p19" srcActor="D0N17"/>
            <port dstActor="D0N20" name="p20" srcActor="D0N17"/>
            <port dstActor="D0N46" name="p21" srcActor="D0N17"/>
            <port dstActor="D0N41" name="p22" srcActor="D0N7"/>
            <port dstActor="D0N37" name="p23" srcActor="D0N7"/>
            <port dstActor="D0N36" name="p24" srcActor="D0N7"/>
            <port dstActor="D0N34" name="p25" srcActor="D0N7"/>
            <port dstActor="D0N49" name="p26" srcActor="D0N7"/>
            <port dstActor="D0N40" name="p27" srcActor="D0N8"/>
            <port dstActor="D0N19" name="p28" srcActor="D0N8"/>
            <port dstActor="D0N14" name="p29" srcActor="D0N8"/>
            <port dstActor="D0N16" name="p30" srcActor="D0N8"/>
            <port dstActor="D0N37" name="p31" srcActor="D0N8"/>
            <port dstActor="D0N20" name="p32" srcActor="D0N8"/>
            <port dstActor="D0N17" name="p33" srcActor="D0N8"/>
            <port dstActor="D0N31" name="p34" srcActor="D0N8"/>
            <port dstActor="D0N16" name="p35" srcActor="D0N9"/>
            <port dstActor="D0N23" name="p36" srcActor="D0N9"/>
            <port dstActor="D0N5" name="p37" srcActor="D0N4"/>
            <port dstActor="D0N38" name="p38" srcActor="D0N28"/>
            <port dstActor="D0N33" name="p39" srcActor="D0N28"/>
            <port dstActor="D0N47" name="p40" srcActor="D0N28"/>
            <port dstActor="D0N31" name="p41" srcActor="D0N28"/>
            <port dstActor="D0N46" name="p42" srcActor="D0N38"/>
            <port dstActor="D0N32" name="p43" srcActor="D0N26"/>
            <port dstActor="D0N43" name="p44" srcActor="D0N26"/>
            <port dstActor="D0N46" name="p45" srcActor="D0N26"/>
            <port dstActor="D0N21" name="p46" srcActor="D0N11"/>
            <port dstActor="D0N24" name="p47" srcActor="D0N11"/>
            <port dstActor="D0N42" name="p48" srcActor="D0N11"/>
            <port dstActor="D0N47" name="p49" srcActor="D0N11"/>
            <port dstActor="D0N39" name="p50" srcActor="D0N37"/>
            <port dstActor="D0N45" name="p51" srcActor="D0N37"/>
            <port dstActor="D0N42" name="p52" srcActor="D0N15"/>
            <port dstActor="D0N48" name="p53" srcActor="D0N15"/>
            <port dstActor="D0N48" name="p54" srcActor="D0N32"/>
            <port dstActor="D0N44" name="p55" srcActor="D0N32"/>
            <port dstActor="D0N39" name="p56" srcActor="D0N32"/>
            <port dstActor="D0N38" name="p57" srcActor="D0N2"/>
            <port dstActor="D0N47" name="p58" srcActor="D0N2"/>
            <port dstActor="D0N46" name="p59" srcActor="D0N2"/>
            <port dstActor="D0N49" name="p60" srcActor="D0N2"/>
            <port dstActor="D0N49" name="p61" srcActor="D0N39"/>
            <port dstActor="D0N36" name="p62" srcActor="D0N24"/>
            <port dstActor="D0N33" name="p63" srcActor="D0N24"/>
            <port dstActor="D0N45" name="p64" srcActor="D0N44"/>
            <port dstActor="D0N30" name="p65" srcActor="D0N19"/>
            <port dstActor="D0N25" name="p66" srcActor="D0N19"/>
            <port dstActor="D0N28" name="p67" srcActor="D0N10"/>
            <port dstActor="D0N17" name="p68" srcActor="D0N10"/>
            <port dstActor="D0N34" name="p69" srcActor="D0N10"/>
            <port dstActor="D0N20" name="p70" srcActor="D0N10"/>
            <port dstActor="D0N42" name="p71" srcActor="D0N12"/>
            <port dstActor="D0N31" name="p72" srcActor="D0N12"/>
            <port dstActor="D0N27" name="p73" srcActor="D0N12"/>
            <port dstActor="D0N25" name="p74" srcActor="D0N12"/>
            <port dstActor="D0N21" name="p75" srcActor="D0N12"/>
            <port dstActor="D0N46" name="p76" srcActor="D0N41"/>
            <port dstActor="D0N20" name="p77" srcActor="D0N13"/>
            <port dstActor="D0N40" name="p78" srcActor="D0N13"/>
            <port dstActor="D0N34" name="p79" srcActor="D0N13"/>
            <port dstActor="D0N16" name="p80" srcActor="D0N13"/>
            <port dstActor="D0N26" name="p81" srcActor="D0N13"/>
            <port dstActor="D0N42" name="p82" srcActor="D0N13"/>
            <port dstActor="D0N32" name="p83" srcActor="D0N23"/>
            <port dstActor="D0N38" name="p84" srcActor="D0N23"/>
            <port dstActor="D0N49" name="p85" srcActor="D0N23"/>
            <port dstActor="D0N30" name="p86" srcActor="D0N3"/>
            <port dstActor="D0N31" name="p87" srcActor="D0N3"/>
            <port dstActor="D0N32" name="p88" srcActor="D0N3"/>
            <port dstActor="D0N48" name="p89" srcActor="D0N3"/>
            <port dstActor="D0N8" name="p90" srcActor="D0N3"/>
            <port dstActor="D0N12" name="p91" srcActor="D0N3"/>
            <port dstActor="D0N7" name="p92" srcActor="D0N3"/>
            <port dstActor="D0N42" name="p93" srcActor="D0N1"/>
            <port dstActor="D0N13" name="p94" srcActor="D0N1"/>
            <port dstActor="D0N19" name="p95" srcActor="D0N1"/>
            <port dstActor="D0N15" name="p96" srcActor="D0N1"/>
            <port dstActor="D0N6" name="p97" srcActor="D0N1"/>
            <port dstActor="D0N10" name="p98" srcActor="D0N1"/>
            <port dstActor="D0N36" name="p99" srcActor="D0N1"/>
            <port dstActor="D0N44" name="p100" srcActor="D0N1"/>
            <port dstActor="D0N43" name="p101" srcActor="D0N27"/>
            <port dstActor="D0N32" name="p102" srcActor="D0N27"/>
            <port dstActor="D0N42" name="p103" srcActor="D0N31"/>
            <port dstActor="D0N39" name="p104" srcActor="D0N31"/>
            <port dstActor="D0N11" name="p105" srcActor="D0N6"/>
            <port dstActor="D0N22" name="p106" srcActor="D0N6"/>
            <port dstActor="D0N35" name="p107" srcActor="D0N29"/>
            <port dstActor="D0N32" name="p108" srcActor="D0N29"/>
            <port dstActor="D0N38" name="p109" srcActor="D0N34"/>
            <port dstActor="D0N48" name="p110" srcActor="D0N20"/>
            <port dstActor="D0N12" name="p111" srcActor="D0N5"/>
            <port dstActor="D0N49" name="p112" srcActor="D0N5"/>
            <port dstActor="D0N8" name="p113" srcActor="D0N5"/>
            <port dstActor="D0N11" name="p114" srcActor="D0N5"/>
            <port dstActor="D0N29" name="p115" srcActor="D0N25"/>
            <port dstActor="D0N27" name="p116" srcActor="D0N25"/>
            <port dstActor="D0N47" name="p117" srcActor="D0N25"/>
            <port dstActor="D0N40" name="p118" srcActor="D0N25"/>
            <port dstActor="D0N42" name="p119" srcActor="D0N40"/>
            <port dstActor="D0N44" name="p120" srcActor="D0N0"/>
            <port dstActor="D0N22" name="p121" srcActor="D0N0"/>
            <port dstActor="D0N35" name="p122" srcActor="D0N0"/>
            <port dstActor="D0N41" name="p123" srcActor="D0N0"/>
            <port dstActor="D0N25" name="p124" srcActor="D0N18"/>
        </ports>
    </mcdag>
    <cores number="3"/>
    <levels number="2"/>
</mcsystem>
