<?xml version="1.0" encoding="UTF-8" standalone="no"?>
<mcsystem>
    <mcdag deadline="3000" name="genned-0-ed-10.0-0">
        <actor name="D0N26">
            <wcet number="0">10</wcet>
            <wcet number="1">10</wcet>
            <maxpow number="0.3760922539776905"/>
            <maxpow number="0.3760922539776905"/>
            <fprob>0.0</fprob>
        </actor>
        <actor name="D0N44">
            <wcet number="0">50</wcet>
            <wcet number="1">140</wcet>
            <maxpow number="0.5039448374399251"/>
            <maxpow number="0.5039448374399251"/>
            <fprob>0.0</fprob>
        </actor>
        <actor name="D0N7">
            <wcet number="0">30</wcet>
            <wcet number="1">30</wcet>
            <maxpow number="0.8843589181869849"/>
            <maxpow number="0.8843589181869849"/>
            <fprob>0.0</fprob>
        </actor>
        <actor name="D0N6">
            <wcet number="0">30</wcet>
            <wcet number="1">130</wcet>
            <maxpow number="0.5017190050480504"/>
            <maxpow number="0.5017190050480504"/>
            <fprob>0.0</fprob>
        </actor>
        <actor name="D0N20">
            <wcet number="0">10</wcet>
            <wcet number="1">10</wcet>
            <maxpow number="0.5790170474753723"/>
            <maxpow number="0.5790170474753723"/>
            <fprob>0.0</fprob>
        </actor>
        <actor name="D0N48">
            <wcet number="0">20</wcet>
            <wcet number="1">70</wcet>
            <maxpow number="0.5577037389305322"/>
            <maxpow number="0.5577037389305322"/>
            <fprob>0.0</fprob>
        </actor>
        <actor name="D0N18">
            <wcet number="0">40</wcet>
            <wcet number="1">150</wcet>
            <maxpow number="0.3865545599471276"/>
            <maxpow number="0.3865545599471276"/>
            <fprob>0.0</fprob>
        </actor>
        <actor name="D0N32">
            <wcet number="0">80</wcet>
            <wcet number="1">110</wcet>
            <maxpow number="0.4363825512079164"/>
            <maxpow number="0.4363825512079164"/>
            <fprob>0.0</fprob>
        </actor>
        <actor name="D0N22">
            <wcet number="0">20</wcet>
            <wcet number="1">30</wcet>
            <maxpow number="0.34722264775021017"/>
            <maxpow number="0.34722264775021017"/>
            <fprob>0.0</fprob>
        </actor>
        <actor name="D0N16">
            <wcet number="0">50</wcet>
            <wcet number="1">80</wcet>
            <maxpow number="0.7331539741751443"/>
            <maxpow number="0.7331539741751443"/>
            <fprob>0.0</fprob>
        </actor>
        <actor name="D0N46">
            <wcet number="0">400</wcet>
            <wcet number="1">630</wcet>
            <maxpow number="0.86207601733269"/>
            <maxpow number="0.86207601733269"/>
            <fprob>0.0</fprob>
        </actor>
        <actor name="D0N17">
            <wcet number="0">10</wcet>
            <wcet number="1">180</wcet>
            <maxpow number="0.6267820887557044"/>
            <maxpow number="0.6267820887557044"/>
            <fprob>0.0</fprob>
        </actor>
        <actor name="D0N29">
            <wcet number="0">50</wcet>
            <wcet number="1">50</wcet>
            <maxpow number="0.8837306126808631"/>
            <maxpow number="0.8837306126808631"/>
            <fprob>0.0</fprob>
        </actor>
        <actor name="D0N41">
            <wcet number="0">110</wcet>
            <wcet number="1">170</wcet>
            <maxpow number="0.8511634163000986"/>
            <maxpow number="0.8511634163000986"/>
            <fprob>0.0</fprob>
        </actor>
        <actor name="D0N30">
            <wcet number="0">70</wcet>
            <wcet number="1">410</wcet>
            <maxpow number="0.7101115710656462"/>
            <maxpow number="0.7101115710656462"/>
            <fprob>0.0</fprob>
        </actor>
        <actor name="D0N0">
            <wcet number="0">250</wcet>
            <wcet number="1">290</wcet>
            <maxpow number="0.21242827110216345"/>
            <maxpow number="0.21242827110216345"/>
            <fprob>0.0</fprob>
        </actor>
        <actor name="D0N23">
            <wcet number="0">110</wcet>
            <wcet number="1">160</wcet>
            <maxpow number="0.6804666041920402"/>
            <maxpow number="0.6804666041920402"/>
            <fprob>0.0</fprob>
        </actor>
        <actor name="D0N15">
            <wcet number="0">140</wcet>
            <wcet number="1">170</wcet>
            <maxpow number="0.6118756269361081"/>
            <maxpow number="0.6118756269361081"/>
            <fprob>0.0</fprob>
        </actor>
        <actor name="D0N34">
            <wcet number="0">540</wcet>
            <wcet number="1">540</wcet>
            <maxpow number="0.7048156729169668"/>
            <maxpow number="0.7048156729169668"/>
            <fprob>0.0</fprob>
        </actor>
        <actor name="D0N1">
            <wcet number="0">130</wcet>
            <wcet number="1">130</wcet>
            <maxpow number="0.7999410579369387"/>
            <maxpow number="0.7999410579369387"/>
            <fprob>0.0</fprob>
        </actor>
        <actor name="D0N39">
            <wcet number="0">20</wcet>
            <wcet number="1">30</wcet>
            <maxpow number="0.5175532701230596"/>
            <maxpow number="0.5175532701230596"/>
            <fprob>0.0</fprob>
        </actor>
        <actor name="D0N3">
            <wcet number="0">390</wcet>
            <wcet number="1">420</wcet>
            <maxpow number="0.44392527422228273"/>
            <maxpow number="0.44392527422228273"/>
            <fprob>0.0</fprob>
        </actor>
        <actor name="D0N45">
            <wcet number="0">50</wcet>
            <wcet number="1">90</wcet>
            <maxpow number="0.5942772936465663"/>
            <maxpow number="0.5942772936465663"/>
            <fprob>0.0</fprob>
        </actor>
        <actor name="D0N28">
            <wcet number="0">20</wcet>
            <wcet number="1">20</wcet>
            <maxpow number="0.6356178035146225"/>
            <maxpow number="0.6356178035146225"/>
            <fprob>0.0</fprob>
        </actor>
        <actor name="D0N4">
            <wcet number="0">440</wcet>
            <wcet number="1">480</wcet>
            <maxpow number="0.4706532848638295"/>
            <maxpow number="0.4706532848638295"/>
            <fprob>0.0</fprob>
        </actor>
        <actor name="D0N49">
            <wcet number="0">30</wcet>
            <wcet number="1">110</wcet>
            <maxpow number="0.46335247241901584"/>
            <maxpow number="0.46335247241901584"/>
            <fprob>0.0</fprob>
        </actor>
        <actor name="D0N31">
            <wcet number="0">10</wcet>
            <wcet number="1">10</wcet>
            <maxpow number="0.5371599173547871"/>
            <maxpow number="0.5371599173547871"/>
            <fprob>0.0</fprob>
        </actor>
        <actor name="D0N27">
            <wcet number="0">30</wcet>
            <wcet number="1">30</wcet>
            <maxpow number="0.3757728639385228"/>
            <maxpow number="0.3757728639385228"/>
            <fprob>0.0</fprob>
        </actor>
        <actor name="D0N10">
            <wcet number="0">230</wcet>
            <wcet number="1">440</wcet>
            <maxpow number="0.6097084251252975"/>
            <maxpow number="0.6097084251252975"/>
            <fprob>0.0</fprob>
        </actor>
        <actor name="D0N5">
            <wcet number="0">10</wcet>
            <wcet number="1">10</wcet>
            <maxpow number="0.503939298959834"/>
            <maxpow number="0.503939298959834"/>
            <fprob>0.0</fprob>
        </actor>
        <actor name="D0N43">
            <wcet number="0">40</wcet>
            <wcet number="1">80</wcet>
            <maxpow number="0.6118105866361554"/>
            <maxpow number="0.6118105866361554"/>
            <fprob>0.0</fprob>
        </actor>
        <actor name="D0N36">
            <wcet number="0">10</wcet>
            <wcet number="1">90</wcet>
            <maxpow number="0.4808970793241396"/>
            <maxpow number="0.4808970793241396"/>
            <fprob>0.0</fprob>
        </actor>
        <actor name="D0N2">
            <wcet number="0">20</wcet>
            <wcet number="1">70</wcet>
            <maxpow number="0.3591855439146031"/>
            <maxpow number="0.3591855439146031"/>
            <fprob>0.0</fprob>
        </actor>
        <actor name="D0N8">
            <wcet number="0">90</wcet>
            <wcet number="1">100</wcet>
            <maxpow number="0.5452997584780472"/>
            <maxpow number="0.5452997584780472"/>
            <fprob>0.0</fprob>
        </actor>
        <actor name="D0N11">
            <wcet number="0">130</wcet>
            <wcet number="1">280</wcet>
            <maxpow number="0.818136539844706"/>
            <maxpow number="0.818136539844706"/>
            <fprob>0.0</fprob>
        </actor>
        <actor name="D0N19">
            <wcet number="0">100</wcet>
            <wcet number="1">160</wcet>
            <maxpow number="0.504572202214854"/>
            <maxpow number="0.504572202214854"/>
            <fprob>0.0</fprob>
        </actor>
        <actor name="D0N33">
            <wcet number="0">60</wcet>
            <wcet number="1">250</wcet>
            <maxpow number="0.5854616440214904"/>
            <maxpow number="0.5854616440214904"/>
            <fprob>0.0</fprob>
        </actor>
        <actor name="D0N40">
            <wcet number="0">310</wcet>
            <wcet number="1">460</wcet>
            <maxpow number="0.3798535564313192"/>
            <maxpow number="0.3798535564313192"/>
            <fprob>0.0</fprob>
        </actor>
        <actor name="D0N37">
            <wcet number="0">50</wcet>
            <wcet number="1">50</wcet>
            <maxpow number="0.6991235760999208"/>
            <maxpow number="0.6991235760999208"/>
            <fprob>0.0</fprob>
        </actor>
        <actor name="D0N38">
            <wcet number="0">10</wcet>
            <wcet number="1">10</wcet>
            <maxpow number="0.9738267568731835"/>
            <maxpow number="0.9738267568731835"/>
            <fprob>0.0</fprob>
        </actor>
        <actor name="D0N35">
            <wcet number="0">60</wcet>
            <wcet number="1">140</wcet>
            <maxpow number="0.6659746823968156"/>
            <maxpow number="0.6659746823968156"/>
            <fprob>0.0</fprob>
        </actor>
        <actor name="D0N12">
            <wcet number="0">50</wcet>
            <wcet number="1">70</wcet>
            <maxpow number="0.36977016987985767"/>
            <maxpow number="0.36977016987985767"/>
            <fprob>0.0</fprob>
        </actor>
        <actor name="D0N24">
            <wcet number="0">70</wcet>
            <wcet number="1">280</wcet>
            <maxpow number="0.38208673203583043"/>
            <maxpow number="0.38208673203583043"/>
            <fprob>0.0</fprob>
        </actor>
        <actor name="D0N14">
            <wcet number="0">620</wcet>
            <wcet number="1">690</wcet>
            <maxpow number="0.4972116814947723"/>
            <maxpow number="0.4972116814947723"/>
            <fprob>0.0</fprob>
        </actor>
        <actor name="D0N21">
            <wcet number="0">30</wcet>
            <wcet number="1">30</wcet>
            <maxpow number="0.6496026787854333"/>
            <maxpow number="0.6496026787854333"/>
            <fprob>0.0</fprob>
        </actor>
        <actor name="D0N9">
            <wcet number="0">20</wcet>
            <wcet number="1">160</wcet>
            <maxpow number="0.7608583092185897"/>
            <maxpow number="0.7608583092185897"/>
            <fprob>0.0</fprob>
        </actor>
        <actor name="D0N25">
            <wcet number="0">40</wcet>
            <wcet number="1">50</wcet>
            <maxpow number="0.40159311984106694"/>
            <maxpow number="0.40159311984106694"/>
            <fprob>0.0</fprob>
        </actor>
        <actor name="D0N42">
            <wcet number="0">10</wcet>
            <wcet number="1">40</wcet>
            <maxpow number="0.41359639973355866"/>
            <maxpow number="0.41359639973355866"/>
            <fprob>0.0</fprob>
        </actor>
        <actor name="D0N13">
            <wcet number="0">40</wcet>
            <wcet number="1">40</wcet>
            <maxpow number="0.7973010925239483"/>
            <maxpow number="0.7973010925239483"/>
            <fprob>0.0</fprob>
        </actor>
        <actor name="D0N47">
            <wcet number="0">30</wcet>
            <wcet number="1">220</wcet>
            <maxpow number="0.5272266586592356"/>
            <maxpow number="0.5272266586592356"/>
            <fprob>0.0</fprob>
        </actor>
        <ports>
            <port dstActor="D0N38" name="p0" srcActor="D0N26"/>
            <port dstActor="D0N31" name="p1" srcActor="D0N26"/>
            <port dstActor="D0N48" name="p2" srcActor="D0N26"/>
            <port dstActor="D0N49" name="p3" srcActor="D0N44"/>
            <port dstActor="D0N43" name="p4" srcActor="D0N7"/>
            <port dstActor="D0N9" name="p5" srcActor="D0N7"/>
            <port dstActor="D0N28" name="p6" srcActor="D0N7"/>
            <port dstActor="D0N15" name="p7" srcActor="D0N7"/>
            <port dstActor="D0N20" name="p8" srcActor="D0N6"/>
            <port dstActor="D0N45" name="p9" srcActor="D0N6"/>
            <port dstActor="D0N46" name="p10" srcActor="D0N20"/>
            <port dstActor="D0N33" name="p11" srcActor="D0N20"/>
            <port dstActor="D0N29" name="p12" srcActor="D0N20"/>
            <port dstActor="D0N37" name="p13" srcActor="D0N20"/>
            <port dstActor="D0N26" name="p14" srcActor="D0N18"/>
            <port dstActor="D0N34" name="p15" srcActor="D0N18"/>
            <port dstActor="D0N40" name="p16" srcActor="D0N32"/>
            <port dstActor="D0N37" name="p17" srcActor="D0N32"/>
            <port dstActor="D0N34" name="p18" srcActor="D0N22"/>
            <port dstActor="D0N42" name="p19" srcActor="D0N22"/>
            <port dstActor="D0N29" name="p20" srcActor="D0N22"/>
            <port dstActor="D0N48" name="p21" srcActor="D0N22"/>
            <port dstActor="D0N26" name="p22" srcActor="D0N22"/>
            <port dstActor="D0N21" name="p23" srcActor="D0N16"/>
            <port dstActor="D0N33" name="p24" srcActor="D0N16"/>
            <port dstActor="D0N26" name="p25" srcActor="D0N16"/>
            <port dstActor="D0N25" name="p26" srcActor="D0N16"/>
            <port dstActor="D0N49" name="p27" srcActor="D0N46"/>
            <port dstActor="D0N27" name="p28" srcActor="D0N17"/>
            <port dstActor="D0N48" name="p29" srcActor="D0N17"/>
            <port dstActor="D0N42" name="p30" srcActor="D0N30"/>
            <port dstActor="D0N35" name="p31" srcActor="D0N30"/>
            <port dstActor="D0N49" name="p32" srcActor="D0N0"/>
            <port dstActor="D0N40" name="p33" srcActor="D0N0"/>
            <port dstActor="D0N47" name="p34" srcActor="D0N0"/>
            <port dstActor="D0N16" name="p35" srcActor="D0N0"/>
            <port dstActor="D0N21" name="p36" srcActor="D0N0"/>
            <port dstActor="D0N39" name="p37" srcActor="D0N0"/>
            <port dstActor="D0N28" name="p38" srcActor="D0N0"/>
            <port dstActor="D0N41" name="p39" srcActor="D0N15"/>
            <port dstActor="D0N49" name="p40" srcActor="D0N15"/>
            <port dstActor="D0N46" name="p41" srcActor="D0N15"/>
            <port dstActor="D0N41" name="p42" srcActor="D0N34"/>
            <port dstActor="D0N29" name="p43" srcActor="D0N1"/>
            <port dstActor="D0N40" name="p44" srcActor="D0N1"/>
            <port dstActor="D0N37" name="p45" srcActor="D0N1"/>
            <port dstActor="D0N46" name="p46" srcActor="D0N1"/>
            <port dstActor="D0N14" name="p47" srcActor="D0N1"/>
            <port dstActor="D0N25" name="p48" srcActor="D0N1"/>
            <port dstActor="D0N49" name="p49" srcActor="D0N39"/>
            <port dstActor="D0N42" name="p50" srcActor="D0N39"/>
            <port dstActor="D0N40" name="p51" srcActor="D0N3"/>
            <port dstActor="D0N25" name="p52" srcActor="D0N3"/>
            <port dstActor="D0N13" name="p53" srcActor="D0N3"/>
            <port dstActor="D0N42" name="p54" srcActor="D0N28"/>
            <port dstActor="D0N37" name="p55" srcActor="D0N28"/>
            <port dstActor="D0N41" name="p56" srcActor="D0N28"/>
            <port dstActor="D0N46" name="p57" srcActor="D0N28"/>
            <port dstActor="D0N43" name="p58" srcActor="D0N4"/>
            <port dstActor="D0N32" name="p59" srcActor="D0N4"/>
            <port dstActor="D0N5" name="p60" srcActor="D0N4"/>
            <port dstActor="D0N42" name="p61" srcActor="D0N31"/>
            <port dstActor="D0N46" name="p62" srcActor="D0N31"/>
            <port dstActor="D0N30" name="p63" srcActor="D0N27"/>
            <port dstActor="D0N28" name="p64" srcActor="D0N27"/>
            <port dstActor="D0N33" name="p65" srcActor="D0N10"/>
            <port dstActor="D0N18" name="p66" srcActor="D0N5"/>
            <port dstActor="D0N9" name="p67" srcActor="D0N5"/>
            <port dstActor="D0N14" name="p68" srcActor="D0N5"/>
            <port dstActor="D0N29" name="p69" srcActor="D0N5"/>
            <port dstActor="D0N13" name="p70" srcActor="D0N5"/>
            <port dstActor="D0N12" name="p71" srcActor="D0N5"/>
            <port dstActor="D0N46" name="p72" srcActor="D0N2"/>
            <port dstActor="D0N22" name="p73" srcActor="D0N2"/>
            <port dstActor="D0N29" name="p74" srcActor="D0N2"/>
            <port dstActor="D0N47" name="p75" srcActor="D0N2"/>
            <port dstActor="D0N18" name="p76" srcActor="D0N2"/>
            <port dstActor="D0N20" name="p77" srcActor="D0N8"/>
            <port dstActor="D0N22" name="p78" srcActor="D0N8"/>
            <port dstActor="D0N17" name="p79" srcActor="D0N11"/>
            <port dstActor="D0N46" name="p80" srcActor="D0N19"/>
            <port dstActor="D0N44" name="p81" srcActor="D0N19"/>
            <port dstActor="D0N36" name="p82" srcActor="D0N33"/>
            <port dstActor="D0N46" name="p83" srcActor="D0N33"/>
            <port dstActor="D0N43" name="p84" srcActor="D0N33"/>
            <port dstActor="D0N46" name="p85" srcActor="D0N40"/>
            <port dstActor="D0N41" name="p86" srcActor="D0N37"/>
            <port dstActor="D0N15" name="p87" srcActor="D0N12"/>
            <port dstActor="D0N43" name="p88" srcActor="D0N12"/>
            <port dstActor="D0N18" name="p89" srcActor="D0N12"/>
            <port dstActor="D0N41" name="p90" srcActor="D0N12"/>
            <port dstActor="D0N46" name="p91" srcActor="D0N24"/>
            <port dstActor="D0N42" name="p92" srcActor="D0N24"/>
            <port dstActor="D0N24" name="p93" srcActor="D0N14"/>
            <port dstActor="D0N39" name="p94" srcActor="D0N14"/>
            <port dstActor="D0N48" name="p95" srcActor="D0N14"/>
            <port dstActor="D0N41" name="p96" srcActor="D0N21"/>
            <port dstActor="D0N30" name="p97" srcActor="D0N21"/>
            <port dstActor="D0N40" name="p98" srcActor="D0N21"/>
            <port dstActor="D0N22" name="p99" srcActor="D0N21"/>
            <port dstActor="D0N18" name="p100" srcActor="D0N9"/>
            <port dstActor="D0N29" name="p101" srcActor="D0N9"/>
            <port dstActor="D0N15" name="p102" srcActor="D0N9"/>
            <port dstActor="D0N10" name="p103" srcActor="D0N9"/>
            <port dstActor="D0N25" name="p104" srcActor="D0N9"/>
            <port dstActor="D0N28" name="p105" srcActor="D0N25"/>
            <port dstActor="D0N36" name="p106" srcActor="D0N13"/>
            <port dstActor="D0N20" name="p107" srcActor="D0N13"/>
            <port dstActor="D0N28" name="p108" srcActor="D0N13"/>
            <port dstActor="D0N24" name="p109" srcActor="D0N13"/>
            <port dstActor="D0N25" name="p110" srcActor="D0N13"/>
        </ports>
    </mcdag>
    <cores number="3"/>
    <levels number="2"/>
</mcsystem>
