<?xml version="1.0" encoding="UTF-8" standalone="no"?>
<mcsystem>
    <mcdag deadline="3000" name="genned-0-ed-10.0-0">
        <actor name="D0N11">
            <wcet number="0">30</wcet>
            <wcet number="1">80</wcet>
            <maxpow number="0.4383162681013252"/>
            <maxpow number="0.4383162681013252"/>
            <fprob>0.0</fprob>
        </actor>
        <actor name="D0N4">
            <wcet number="0">80</wcet>
            <wcet number="1">120</wcet>
            <maxpow number="0.6283488818713475"/>
            <maxpow number="0.6283488818713475"/>
            <fprob>0.0</fprob>
        </actor>
        <actor name="D0N42">
            <wcet number="0">20</wcet>
            <wcet number="1">20</wcet>
            <maxpow number="0.8629083197074537"/>
            <maxpow number="0.8629083197074537"/>
            <fprob>0.0</fprob>
        </actor>
        <actor name="D0N16">
            <wcet number="0">10</wcet>
            <wcet number="1">10</wcet>
            <maxpow number="0.42222588264557637"/>
            <maxpow number="0.42222588264557637"/>
            <fprob>0.0</fprob>
        </actor>
        <actor name="D0N40">
            <wcet number="0">190</wcet>
            <wcet number="1">290</wcet>
            <maxpow number="0.7061889004174828"/>
            <maxpow number="0.7061889004174828"/>
            <fprob>0.0</fprob>
        </actor>
        <actor name="D0N13">
            <wcet number="0">10</wcet>
            <wcet number="1">10</wcet>
            <maxpow number="0.3897366160674374"/>
            <maxpow number="0.3897366160674374"/>
            <fprob>0.0</fprob>
        </actor>
        <actor name="D0N24">
            <wcet number="0">40</wcet>
            <wcet number="1">90</wcet>
            <maxpow number="0.7226421432626422"/>
            <maxpow number="0.7226421432626422"/>
            <fprob>0.0</fprob>
        </actor>
        <actor name="D0N31">
            <wcet number="0">130</wcet>
            <wcet number="1">220</wcet>
            <maxpow number="0.5786438556975864"/>
            <maxpow number="0.5786438556975864"/>
            <fprob>0.0</fprob>
        </actor>
        <actor name="D0N7">
            <wcet number="0">330</wcet>
            <wcet number="1">330</wcet>
            <maxpow number="0.6497101002351914"/>
            <maxpow number="0.6497101002351914"/>
            <fprob>0.0</fprob>
        </actor>
        <actor name="D0N5">
            <wcet number="0">160</wcet>
            <wcet number="1">260</wcet>
            <maxpow number="0.7451613062092487"/>
            <maxpow number="0.7451613062092487"/>
            <fprob>0.0</fprob>
        </actor>
        <actor name="D0N25">
            <wcet number="0">80</wcet>
            <wcet number="1">80</wcet>
            <maxpow number="0.45084136237174666"/>
            <maxpow number="0.45084136237174666"/>
            <fprob>0.0</fprob>
        </actor>
        <actor name="D0N23">
            <wcet number="0">240</wcet>
            <wcet number="1">290</wcet>
            <maxpow number="0.7550236918261227"/>
            <maxpow number="0.7550236918261227"/>
            <fprob>0.0</fprob>
        </actor>
        <actor name="D0N41">
            <wcet number="0">300</wcet>
            <wcet number="1">330</wcet>
            <maxpow number="0.5367745495188283"/>
            <maxpow number="0.5367745495188283"/>
            <fprob>0.0</fprob>
        </actor>
        <actor name="D0N35">
            <wcet number="0">90</wcet>
            <wcet number="1">100</wcet>
            <maxpow number="0.5376316547750689"/>
            <maxpow number="0.5376316547750689"/>
            <fprob>0.0</fprob>
        </actor>
        <actor name="D0N46">
            <wcet number="0">90</wcet>
            <wcet number="1">290</wcet>
            <maxpow number="0.6780398558169641"/>
            <maxpow number="0.6780398558169641"/>
            <fprob>0.0</fprob>
        </actor>
        <actor name="D0N9">
            <wcet number="0">30</wcet>
            <wcet number="1">30</wcet>
            <maxpow number="0.6014524169169686"/>
            <maxpow number="0.6014524169169686"/>
            <fprob>0.0</fprob>
        </actor>
        <actor name="D0N29">
            <wcet number="0">100</wcet>
            <wcet number="1">110</wcet>
            <maxpow number="0.6915613161940181"/>
            <maxpow number="0.6915613161940181"/>
            <fprob>0.0</fprob>
        </actor>
        <actor name="D0N1">
            <wcet number="0">50</wcet>
            <wcet number="1">240</wcet>
            <maxpow number="0.8927388672676239"/>
            <maxpow number="0.8927388672676239"/>
            <fprob>0.0</fprob>
        </actor>
        <actor name="D0N8">
            <wcet number="0">330</wcet>
            <wcet number="1">630</wcet>
            <maxpow number="0.806102885592499"/>
            <maxpow number="0.806102885592499"/>
            <fprob>0.0</fprob>
        </actor>
        <actor name="D0N14">
            <wcet number="0">20</wcet>
            <wcet number="1">20</wcet>
            <maxpow number="0.5043471157339403"/>
            <maxpow number="0.5043471157339403"/>
            <fprob>0.0</fprob>
        </actor>
        <actor name="D0N39">
            <wcet number="0">100</wcet>
            <wcet number="1">110</wcet>
            <maxpow number="0.31916859573825906"/>
            <maxpow number="0.31916859573825906"/>
            <fprob>0.0</fprob>
        </actor>
        <actor name="D0N21">
            <wcet number="0">370</wcet>
            <wcet number="1">420</wcet>
            <maxpow number="0.5207459993140926"/>
            <maxpow number="0.5207459993140926"/>
            <fprob>0.0</fprob>
        </actor>
        <actor name="D0N22">
            <wcet number="0">30</wcet>
            <wcet number="1">40</wcet>
            <maxpow number="0.5367558214693804"/>
            <maxpow number="0.5367558214693804"/>
            <fprob>0.0</fprob>
        </actor>
        <actor name="D0N19">
            <wcet number="0">20</wcet>
            <wcet number="1">20</wcet>
            <maxpow number="0.5811750363056338"/>
            <maxpow number="0.5811750363056338"/>
            <fprob>0.0</fprob>
        </actor>
        <actor name="D0N12">
            <wcet number="0">140</wcet>
            <wcet number="1">150</wcet>
            <maxpow number="0.693001551109643"/>
            <maxpow number="0.693001551109643"/>
            <fprob>0.0</fprob>
        </actor>
        <actor name="D0N20">
            <wcet number="0">80</wcet>
            <wcet number="1">130</wcet>
            <maxpow number="0.26963968606069333"/>
            <maxpow number="0.26963968606069333"/>
            <fprob>0.0</fprob>
        </actor>
        <actor name="D0N36">
            <wcet number="0">70</wcet>
            <wcet number="1">80</wcet>
            <maxpow number="0.6397796423535187"/>
            <maxpow number="0.6397796423535187"/>
            <fprob>0.0</fprob>
        </actor>
        <actor name="D0N45">
            <wcet number="0">70</wcet>
            <wcet number="1">80</wcet>
            <maxpow number="0.5025358560274289"/>
            <maxpow number="0.5025358560274289"/>
            <fprob>0.0</fprob>
        </actor>
        <actor name="D0N38">
            <wcet number="0">30</wcet>
            <wcet number="1">170</wcet>
            <maxpow number="0.5372063154267549"/>
            <maxpow number="0.5372063154267549"/>
            <fprob>0.0</fprob>
        </actor>
        <actor name="D0N26">
            <wcet number="0">80</wcet>
            <wcet number="1">110</wcet>
            <maxpow number="0.485455325793707"/>
            <maxpow number="0.485455325793707"/>
            <fprob>0.0</fprob>
        </actor>
        <actor name="D0N32">
            <wcet number="0">90</wcet>
            <wcet number="1">110</wcet>
            <maxpow number="0.6507581862871499"/>
            <maxpow number="0.6507581862871499"/>
            <fprob>0.0</fprob>
        </actor>
        <actor name="D0N6">
            <wcet number="0">30</wcet>
            <wcet number="1">150</wcet>
            <maxpow number="0.3095440646642639"/>
            <maxpow number="0.3095440646642639"/>
            <fprob>0.0</fprob>
        </actor>
        <actor name="D0N43">
            <wcet number="0">30</wcet>
            <wcet number="1">70</wcet>
            <maxpow number="0.48822329927631775"/>
            <maxpow number="0.48822329927631775"/>
            <fprob>0.0</fprob>
        </actor>
        <actor name="D0N2">
            <wcet number="0">10</wcet>
            <wcet number="1">560</wcet>
            <maxpow number="0.742094908581558"/>
            <maxpow number="0.742094908581558"/>
            <fprob>0.0</fprob>
        </actor>
        <actor name="D0N27">
            <wcet number="0">10</wcet>
            <wcet number="1">40</wcet>
            <maxpow number="0.6044722983659174"/>
            <maxpow number="0.6044722983659174"/>
            <fprob>0.0</fprob>
        </actor>
        <actor name="D0N10">
            <wcet number="0">10</wcet>
            <wcet number="1">40</wcet>
            <maxpow number="0.6186144238314379"/>
            <maxpow number="0.6186144238314379"/>
            <fprob>0.0</fprob>
        </actor>
        <actor name="D0N30">
            <wcet number="0">20</wcet>
            <wcet number="1">60</wcet>
            <maxpow number="0.54612483200054"/>
            <maxpow number="0.54612483200054"/>
            <fprob>0.0</fprob>
        </actor>
        <actor name="D0N17">
            <wcet number="0">130</wcet>
            <wcet number="1">140</wcet>
            <maxpow number="0.4273316687053597"/>
            <maxpow number="0.4273316687053597"/>
            <fprob>0.0</fprob>
        </actor>
        <actor name="D0N18">
            <wcet number="0">10</wcet>
            <wcet number="1">80</wcet>
            <maxpow number="0.45094515511718514"/>
            <maxpow number="0.45094515511718514"/>
            <fprob>0.0</fprob>
        </actor>
        <actor name="D0N15">
            <wcet number="0">60</wcet>
            <wcet number="1">120</wcet>
            <maxpow number="0.3178189688074911"/>
            <maxpow number="0.3178189688074911"/>
            <fprob>0.0</fprob>
        </actor>
        <actor name="D0N0">
            <wcet number="0">10</wcet>
            <wcet number="1">10</wcet>
            <maxpow number="0.7831084344863358"/>
            <maxpow number="0.7831084344863358"/>
            <fprob>0.0</fprob>
        </actor>
        <actor name="D0N47">
            <wcet number="0">210</wcet>
            <wcet number="1">300</wcet>
            <maxpow number="1.0937285515244617"/>
            <maxpow number="1.0937285515244617"/>
            <fprob>0.0</fprob>
        </actor>
        <actor name="D0N37">
            <wcet number="0">160</wcet>
            <wcet number="1">220</wcet>
            <maxpow number="0.2548709051233738"/>
            <maxpow number="0.2548709051233738"/>
            <fprob>0.0</fprob>
        </actor>
        <actor name="D0N44">
            <wcet number="0">40</wcet>
            <wcet number="1">80</wcet>
            <maxpow number="0.8554134309033616"/>
            <maxpow number="0.8554134309033616"/>
            <fprob>0.0</fprob>
        </actor>
        <actor name="D0N33">
            <wcet number="0">10</wcet>
            <wcet number="1">110</wcet>
            <maxpow number="0.5635360248535264"/>
            <maxpow number="0.5635360248535264"/>
            <fprob>0.0</fprob>
        </actor>
        <actor name="D0N34">
            <wcet number="0">10</wcet>
            <wcet number="1">10</wcet>
            <maxpow number="0.3958498590026586"/>
            <maxpow number="0.3958498590026586"/>
            <fprob>0.0</fprob>
        </actor>
        <actor name="D0N28">
            <wcet number="0">80</wcet>
            <wcet number="1">280</wcet>
            <maxpow number="0.6439733730962538"/>
            <maxpow number="0.6439733730962538"/>
            <fprob>0.0</fprob>
        </actor>
        <actor name="D0N3">
            <wcet number="0">160</wcet>
            <wcet number="1">260</wcet>
            <maxpow number="0.6536760139549189"/>
            <maxpow number="0.6536760139549189"/>
            <fprob>0.0</fprob>
        </actor>
        <ports>
            <port dstActor="D0N31" name="p0" srcActor="D0N11"/>
            <port dstActor="D0N43" name="p1" srcActor="D0N11"/>
            <port dstActor="D0N23" name="p2" srcActor="D0N11"/>
            <port dstActor="D0N14" name="p3" srcActor="D0N11"/>
            <port dstActor="D0N17" name="p4" srcActor="D0N4"/>
            <port dstActor="D0N44" name="p5" srcActor="D0N4"/>
            <port dstActor="D0N38" name="p6" srcActor="D0N16"/>
            <port dstActor="D0N24" name="p7" srcActor="D0N16"/>
            <port dstActor="D0N28" name="p8" srcActor="D0N16"/>
            <port dstActor="D0N34" name="p9" srcActor="D0N13"/>
            <port dstActor="D0N40" name="p10" srcActor="D0N13"/>
            <port dstActor="D0N24" name="p11" srcActor="D0N13"/>
            <port dstActor="D0N18" name="p12" srcActor="D0N13"/>
            <port dstActor="D0N28" name="p13" srcActor="D0N13"/>
            <port dstActor="D0N45" name="p14" srcActor="D0N24"/>
            <port dstActor="D0N35" name="p15" srcActor="D0N7"/>
            <port dstActor="D0N13" name="p16" srcActor="D0N7"/>
            <port dstActor="D0N31" name="p17" srcActor="D0N7"/>
            <port dstActor="D0N36" name="p18" srcActor="D0N7"/>
            <port dstActor="D0N42" name="p19" srcActor="D0N7"/>
            <port dstActor="D0N23" name="p20" srcActor="D0N7"/>
            <port dstActor="D0N17" name="p21" srcActor="D0N5"/>
            <port dstActor="D0N33" name="p22" srcActor="D0N5"/>
            <port dstActor="D0N19" name="p23" srcActor="D0N5"/>
            <port dstActor="D0N13" name="p24" srcActor="D0N5"/>
            <port dstActor="D0N22" name="p25" srcActor="D0N5"/>
            <port dstActor="D0N31" name="p26" srcActor="D0N5"/>
            <port dstActor="D0N39" name="p27" srcActor="D0N35"/>
            <port dstActor="D0N30" name="p28" srcActor="D0N9"/>
            <port dstActor="D0N14" name="p29" srcActor="D0N9"/>
            <port dstActor="D0N21" name="p30" srcActor="D0N9"/>
            <port dstActor="D0N16" name="p31" srcActor="D0N9"/>
            <port dstActor="D0N37" name="p32" srcActor="D0N29"/>
            <port dstActor="D0N10" name="p33" srcActor="D0N1"/>
            <port dstActor="D0N35" name="p34" srcActor="D0N1"/>
            <port dstActor="D0N22" name="p35" srcActor="D0N1"/>
            <port dstActor="D0N32" name="p36" srcActor="D0N8"/>
            <port dstActor="D0N38" name="p37" srcActor="D0N8"/>
            <port dstActor="D0N10" name="p38" srcActor="D0N8"/>
            <port dstActor="D0N12" name="p39" srcActor="D0N8"/>
            <port dstActor="D0N47" name="p40" srcActor="D0N14"/>
            <port dstActor="D0N22" name="p41" srcActor="D0N14"/>
            <port dstActor="D0N39" name="p42" srcActor="D0N14"/>
            <port dstActor="D0N16" name="p43" srcActor="D0N14"/>
            <port dstActor="D0N42" name="p44" srcActor="D0N39"/>
            <port dstActor="D0N46" name="p45" srcActor="D0N39"/>
            <port dstActor="D0N46" name="p46" srcActor="D0N21"/>
            <port dstActor="D0N29" name="p47" srcActor="D0N22"/>
            <port dstActor="D0N32" name="p48" srcActor="D0N22"/>
            <port dstActor="D0N43" name="p49" srcActor="D0N22"/>
            <port dstActor="D0N47" name="p50" srcActor="D0N19"/>
            <port dstActor="D0N24" name="p51" srcActor="D0N19"/>
            <port dstActor="D0N35" name="p52" srcActor="D0N19"/>
            <port dstActor="D0N30" name="p53" srcActor="D0N12"/>
            <port dstActor="D0N45" name="p54" srcActor="D0N12"/>
            <port dstActor="D0N28" name="p55" srcActor="D0N20"/>
            <port dstActor="D0N39" name="p56" srcActor="D0N38"/>
            <port dstActor="D0N42" name="p57" srcActor="D0N38"/>
            <port dstActor="D0N45" name="p58" srcActor="D0N38"/>
            <port dstActor="D0N37" name="p59" srcActor="D0N26"/>
            <port dstActor="D0N44" name="p60" srcActor="D0N32"/>
            <port dstActor="D0N37" name="p61" srcActor="D0N32"/>
            <port dstActor="D0N12" name="p62" srcActor="D0N6"/>
            <port dstActor="D0N15" name="p63" srcActor="D0N6"/>
            <port dstActor="D0N16" name="p64" srcActor="D0N6"/>
            <port dstActor="D0N18" name="p65" srcActor="D0N6"/>
            <port dstActor="D0N40" name="p66" srcActor="D0N6"/>
            <port dstActor="D0N44" name="p67" srcActor="D0N43"/>
            <port dstActor="D0N3" name="p68" srcActor="D0N2"/>
            <port dstActor="D0N12" name="p69" srcActor="D0N2"/>
            <port dstActor="D0N40" name="p70" srcActor="D0N2"/>
            <port dstActor="D0N46" name="p71" srcActor="D0N2"/>
            <port dstActor="D0N37" name="p72" srcActor="D0N27"/>
            <port dstActor="D0N38" name="p73" srcActor="D0N27"/>
            <port dstActor="D0N46" name="p74" srcActor="D0N10"/>
            <port dstActor="D0N13" name="p75" srcActor="D0N10"/>
            <port dstActor="D0N47" name="p76" srcActor="D0N30"/>
            <port dstActor="D0N46" name="p77" srcActor="D0N30"/>
            <port dstActor="D0N29" name="p78" srcActor="D0N17"/>
            <port dstActor="D0N38" name="p79" srcActor="D0N17"/>
            <port dstActor="D0N21" name="p80" srcActor="D0N17"/>
            <port dstActor="D0N32" name="p81" srcActor="D0N17"/>
            <port dstActor="D0N40" name="p82" srcActor="D0N17"/>
            <port dstActor="D0N42" name="p83" srcActor="D0N17"/>
            <port dstActor="D0N33" name="p84" srcActor="D0N18"/>
            <port dstActor="D0N30" name="p85" srcActor="D0N18"/>
            <port dstActor="D0N21" name="p86" srcActor="D0N18"/>
            <port dstActor="D0N25" name="p87" srcActor="D0N15"/>
            <port dstActor="D0N16" name="p88" srcActor="D0N15"/>
            <port dstActor="D0N7" name="p89" srcActor="D0N0"/>
            <port dstActor="D0N28" name="p90" srcActor="D0N0"/>
            <port dstActor="D0N35" name="p91" srcActor="D0N33"/>
            <port dstActor="D0N43" name="p92" srcActor="D0N33"/>
            <port dstActor="D0N34" name="p93" srcActor="D0N33"/>
            <port dstActor="D0N41" name="p94" srcActor="D0N34"/>
            <port dstActor="D0N45" name="p95" srcActor="D0N34"/>
            <port dstActor="D0N36" name="p96" srcActor="D0N28"/>
            <port dstActor="D0N38" name="p97" srcActor="D0N28"/>
            <port dstActor="D0N44" name="p98" srcActor="D0N3"/>
            <port dstActor="D0N43" name="p99" srcActor="D0N3"/>
            <port dstActor="D0N30" name="p100" srcActor="D0N3"/>
            <port dstActor="D0N40" name="p101" srcActor="D0N3"/>
            <port dstActor="D0N45" name="p102" srcActor="D0N3"/>
            <port dstActor="D0N14" name="p103" srcActor="D0N3"/>
            <port dstActor="D0N16" name="p104" srcActor="D0N3"/>
            <port dstActor="D0N21" name="p105" srcActor="D0N3"/>
            <port dstActor="D0N32" name="p106" srcActor="D0N3"/>
            <port dstActor="D0N28" name="p107" srcActor="D0N3"/>
        </ports>
    </mcdag>
    <cores number="3"/>
    <levels number="2"/>
</mcsystem>
