<?xml version="1.0" encoding="UTF-8" standalone="no"?>
<mcsystem>
    <mcdag deadline="5000" name="genned-0-ed-10.0-0">
        <actor name="D0N5">
            <wcet number="0">120</wcet>
            <wcet number="1">480</wcet>
            <maxpow number="0.7173175698894316"/>
            <maxpow number="0.7173175698894316"/>
            <fprob>0.0</fprob>
        </actor>
        <actor name="D0N6">
            <wcet number="0">40</wcet>
            <wcet number="1">50</wcet>
            <maxpow number="0.9637299062194236"/>
            <maxpow number="0.9637299062194236"/>
            <fprob>0.0</fprob>
        </actor>
        <actor name="D0N11">
            <wcet number="0">10</wcet>
            <wcet number="1">10</wcet>
            <maxpow number="0.4292861131083399"/>
            <maxpow number="0.4292861131083399"/>
            <fprob>0.0</fprob>
        </actor>
        <actor name="D0N15">
            <wcet number="0">220</wcet>
            <wcet number="1">260</wcet>
            <maxpow number="0.6699489355059098"/>
            <maxpow number="0.6699489355059098"/>
            <fprob>0.0</fprob>
        </actor>
        <actor name="D0N24">
            <wcet number="0">110</wcet>
            <wcet number="1">470</wcet>
            <maxpow number="0.7078346998899083"/>
            <maxpow number="0.7078346998899083"/>
            <fprob>0.0</fprob>
        </actor>
        <actor name="D0N39">
            <wcet number="0">130</wcet>
            <wcet number="1">200</wcet>
            <maxpow number="0.49545709139366434"/>
            <maxpow number="0.49545709139366434"/>
            <fprob>0.0</fprob>
        </actor>
        <actor name="D0N21">
            <wcet number="0">200</wcet>
            <wcet number="1">230</wcet>
            <maxpow number="0.6898956203915747"/>
            <maxpow number="0.6898956203915747"/>
            <fprob>0.0</fprob>
        </actor>
        <actor name="D0N13">
            <wcet number="0">30</wcet>
            <wcet number="1">240</wcet>
            <maxpow number="0.47496468115381285"/>
            <maxpow number="0.47496468115381285"/>
            <fprob>0.0</fprob>
        </actor>
        <actor name="D0N2">
            <wcet number="0">290</wcet>
            <wcet number="1">560</wcet>
            <maxpow number="0.40362183164137566"/>
            <maxpow number="0.40362183164137566"/>
            <fprob>0.0</fprob>
        </actor>
        <actor name="D0N31">
            <wcet number="0">10</wcet>
            <wcet number="1">10</wcet>
            <maxpow number="0.6318588039986239"/>
            <maxpow number="0.6318588039986239"/>
            <fprob>0.0</fprob>
        </actor>
        <actor name="D0N41">
            <wcet number="0">110</wcet>
            <wcet number="1">190</wcet>
            <maxpow number="0.6372471642926345"/>
            <maxpow number="0.6372471642926345"/>
            <fprob>0.0</fprob>
        </actor>
        <actor name="D0N45">
            <wcet number="0">510</wcet>
            <wcet number="1">570</wcet>
            <maxpow number="0.27355993009973884"/>
            <maxpow number="0.27355993009973884"/>
            <fprob>0.0</fprob>
        </actor>
        <actor name="D0N14">
            <wcet number="0">220</wcet>
            <wcet number="1">220</wcet>
            <maxpow number="0.6210580660504889"/>
            <maxpow number="0.6210580660504889"/>
            <fprob>0.0</fprob>
        </actor>
        <actor name="D0N8">
            <wcet number="0">250</wcet>
            <wcet number="1">250</wcet>
            <maxpow number="0.5446894848411262"/>
            <maxpow number="0.5446894848411262"/>
            <fprob>0.0</fprob>
        </actor>
        <actor name="D0N16">
            <wcet number="0">10</wcet>
            <wcet number="1">780</wcet>
            <maxpow number="0.37153904423926926"/>
            <maxpow number="0.37153904423926926"/>
            <fprob>0.0</fprob>
        </actor>
        <actor name="D0N27">
            <wcet number="0">210</wcet>
            <wcet number="1">450</wcet>
            <maxpow number="1.0331949869590398"/>
            <maxpow number="1.0331949869590398"/>
            <fprob>0.0</fprob>
        </actor>
        <actor name="D0N20">
            <wcet number="0">30</wcet>
            <wcet number="1">200</wcet>
            <maxpow number="0.247692039672177"/>
            <maxpow number="0.247692039672177"/>
            <fprob>0.0</fprob>
        </actor>
        <actor name="D0N25">
            <wcet number="0">330</wcet>
            <wcet number="1">370</wcet>
            <maxpow number="0.6192669773042901"/>
            <maxpow number="0.6192669773042901"/>
            <fprob>0.0</fprob>
        </actor>
        <actor name="D0N23">
            <wcet number="0">20</wcet>
            <wcet number="1">20</wcet>
            <maxpow number="0.47818634443227925"/>
            <maxpow number="0.47818634443227925"/>
            <fprob>0.0</fprob>
        </actor>
        <actor name="D0N40">
            <wcet number="0">30</wcet>
            <wcet number="1">350</wcet>
            <maxpow number="0.4308783528445119"/>
            <maxpow number="0.4308783528445119"/>
            <fprob>0.0</fprob>
        </actor>
        <actor name="D0N4">
            <wcet number="0">150</wcet>
            <wcet number="1">150</wcet>
            <maxpow number="0.5634628581912697"/>
            <maxpow number="0.5634628581912697"/>
            <fprob>0.0</fprob>
        </actor>
        <actor name="D0N43">
            <wcet number="0">30</wcet>
            <wcet number="1">30</wcet>
            <maxpow number="0.6795106110826754"/>
            <maxpow number="0.6795106110826754"/>
            <fprob>0.0</fprob>
        </actor>
        <actor name="D0N32">
            <wcet number="0">70</wcet>
            <wcet number="1">160</wcet>
            <maxpow number="0.7837571538680443"/>
            <maxpow number="0.7837571538680443"/>
            <fprob>0.0</fprob>
        </actor>
        <actor name="D0N19">
            <wcet number="0">10</wcet>
            <wcet number="1">10</wcet>
            <maxpow number="0.3272337592402018"/>
            <maxpow number="0.3272337592402018"/>
            <fprob>0.0</fprob>
        </actor>
        <actor name="D0N9">
            <wcet number="0">20</wcet>
            <wcet number="1">50</wcet>
            <maxpow number="0.4066692357313255"/>
            <maxpow number="0.4066692357313255"/>
            <fprob>0.0</fprob>
        </actor>
        <actor name="D0N29">
            <wcet number="0">110</wcet>
            <wcet number="1">150</wcet>
            <maxpow number="0.5183329096265739"/>
            <maxpow number="0.5183329096265739"/>
            <fprob>0.0</fprob>
        </actor>
        <actor name="D0N34">
            <wcet number="0">360</wcet>
            <wcet number="1">410</wcet>
            <maxpow number="0.8268241237976524"/>
            <maxpow number="0.8268241237976524"/>
            <fprob>0.0</fprob>
        </actor>
        <actor name="D0N46">
            <wcet number="0">60</wcet>
            <wcet number="1">160</wcet>
            <maxpow number="0.6945715079721869"/>
            <maxpow number="0.6945715079721869"/>
            <fprob>0.0</fprob>
        </actor>
        <actor name="D0N7">
            <wcet number="0">10</wcet>
            <wcet number="1">80</wcet>
            <maxpow number="0.45318532900568553"/>
            <maxpow number="0.45318532900568553"/>
            <fprob>0.0</fprob>
        </actor>
        <actor name="D0N0">
            <wcet number="0">10</wcet>
            <wcet number="1">10</wcet>
            <maxpow number="0.712961691786208"/>
            <maxpow number="0.712961691786208"/>
            <fprob>0.0</fprob>
        </actor>
        <actor name="D0N17">
            <wcet number="0">100</wcet>
            <wcet number="1">120</wcet>
            <maxpow number="0.6482977856895962"/>
            <maxpow number="0.6482977856895962"/>
            <fprob>0.0</fprob>
        </actor>
        <actor name="D0N35">
            <wcet number="0">30</wcet>
            <wcet number="1">130</wcet>
            <maxpow number="0.4157759796670565"/>
            <maxpow number="0.4157759796670565"/>
            <fprob>0.0</fprob>
        </actor>
        <actor name="D0N36">
            <wcet number="0">10</wcet>
            <wcet number="1">10</wcet>
            <maxpow number="0.5530721946947647"/>
            <maxpow number="0.5530721946947647"/>
            <fprob>0.0</fprob>
        </actor>
        <actor name="D0N48">
            <wcet number="0">50</wcet>
            <wcet number="1">180</wcet>
            <maxpow number="0.8746759916325479"/>
            <maxpow number="0.8746759916325479"/>
            <fprob>0.0</fprob>
        </actor>
        <actor name="D0N28">
            <wcet number="0">40</wcet>
            <wcet number="1">100</wcet>
            <maxpow number="0.27656806336992784"/>
            <maxpow number="0.27656806336992784"/>
            <fprob>0.0</fprob>
        </actor>
        <actor name="D0N49">
            <wcet number="0">110</wcet>
            <wcet number="1">130</wcet>
            <maxpow number="0.5833308543030021"/>
            <maxpow number="0.5833308543030021"/>
            <fprob>0.0</fprob>
        </actor>
        <actor name="D0N1">
            <wcet number="0">30</wcet>
            <wcet number="1">260</wcet>
            <maxpow number="0.5447061901350515"/>
            <maxpow number="0.5447061901350515"/>
            <fprob>0.0</fprob>
        </actor>
        <actor name="D0N3">
            <wcet number="0">20</wcet>
            <wcet number="1">40</wcet>
            <maxpow number="0.44883876271645873"/>
            <maxpow number="0.44883876271645873"/>
            <fprob>0.0</fprob>
        </actor>
        <actor name="D0N12">
            <wcet number="0">90</wcet>
            <wcet number="1">220</wcet>
            <maxpow number="0.538961473991749"/>
            <maxpow number="0.538961473991749"/>
            <fprob>0.0</fprob>
        </actor>
        <actor name="D0N18">
            <wcet number="0">10</wcet>
            <wcet number="1">120</wcet>
            <maxpow number="0.4355976904951301"/>
            <maxpow number="0.4355976904951301"/>
            <fprob>0.0</fprob>
        </actor>
        <actor name="D0N44">
            <wcet number="0">20</wcet>
            <wcet number="1">70</wcet>
            <maxpow number="0.40843084815513986"/>
            <maxpow number="0.40843084815513986"/>
            <fprob>0.0</fprob>
        </actor>
        <actor name="D0N10">
            <wcet number="0">10</wcet>
            <wcet number="1">30</wcet>
            <maxpow number="0.4360211005408782"/>
            <maxpow number="0.4360211005408782"/>
            <fprob>0.0</fprob>
        </actor>
        <actor name="D0N38">
            <wcet number="0">30</wcet>
            <wcet number="1">180</wcet>
            <maxpow number="0.46855088755233865"/>
            <maxpow number="0.46855088755233865"/>
            <fprob>0.0</fprob>
        </actor>
        <actor name="D0N30">
            <wcet number="0">390</wcet>
            <wcet number="1">410</wcet>
            <maxpow number="0.3561891148320404"/>
            <maxpow number="0.3561891148320404"/>
            <fprob>0.0</fprob>
        </actor>
        <actor name="D0N26">
            <wcet number="0">20</wcet>
            <wcet number="1">40</wcet>
            <maxpow number="0.3432680198451945"/>
            <maxpow number="0.3432680198451945"/>
            <fprob>0.0</fprob>
        </actor>
        <actor name="D0N37">
            <wcet number="0">230</wcet>
            <wcet number="1">380</wcet>
            <maxpow number="0.718783227950907"/>
            <maxpow number="0.718783227950907"/>
            <fprob>0.0</fprob>
        </actor>
        <actor name="D0N22">
            <wcet number="0">20</wcet>
            <wcet number="1">20</wcet>
            <maxpow number="0.5247303221985625"/>
            <maxpow number="0.5247303221985625"/>
            <fprob>0.0</fprob>
        </actor>
        <actor name="D0N42">
            <wcet number="0">90</wcet>
            <wcet number="1">130</wcet>
            <maxpow number="0.6605360054377525"/>
            <maxpow number="0.6605360054377525"/>
            <fprob>0.0</fprob>
        </actor>
        <actor name="D0N33">
            <wcet number="0">100</wcet>
            <wcet number="1">100</wcet>
            <maxpow number="0.4579709377377104"/>
            <maxpow number="0.4579709377377104"/>
            <fprob>0.0</fprob>
        </actor>
        <actor name="D0N47">
            <wcet number="0">110</wcet>
            <wcet number="1">210</wcet>
            <maxpow number="0.5918728840334646"/>
            <maxpow number="0.5918728840334646"/>
            <fprob>0.0</fprob>
        </actor>
        <ports>
            <port dstActor="D0N32" name="p0" srcActor="D0N5"/>
            <port dstActor="D0N35" name="p1" srcActor="D0N5"/>
            <port dstActor="D0N15" name="p2" srcActor="D0N5"/>
            <port dstActor="D0N13" name="p3" srcActor="D0N6"/>
            <port dstActor="D0N39" name="p4" srcActor="D0N6"/>
            <port dstActor="D0N37" name="p5" srcActor="D0N6"/>
            <port dstActor="D0N36" name="p6" srcActor="D0N6"/>
            <port dstActor="D0N28" name="p7" srcActor="D0N6"/>
            <port dstActor="D0N18" name="p8" srcActor="D0N6"/>
            <port dstActor="D0N15" name="p9" srcActor="D0N6"/>
            <port dstActor="D0N13" name="p10" srcActor="D0N11"/>
            <port dstActor="D0N44" name="p11" srcActor="D0N11"/>
            <port dstActor="D0N23" name="p12" srcActor="D0N15"/>
            <port dstActor="D0N45" name="p13" srcActor="D0N15"/>
            <port dstActor="D0N43" name="p14" srcActor="D0N15"/>
            <port dstActor="D0N18" name="p15" srcActor="D0N15"/>
            <port dstActor="D0N47" name="p16" srcActor="D0N24"/>
            <port dstActor="D0N42" name="p17" srcActor="D0N39"/>
            <port dstActor="D0N37" name="p18" srcActor="D0N21"/>
            <port dstActor="D0N30" name="p19" srcActor="D0N21"/>
            <port dstActor="D0N16" name="p20" srcActor="D0N13"/>
            <port dstActor="D0N23" name="p21" srcActor="D0N13"/>
            <port dstActor="D0N35" name="p22" srcActor="D0N13"/>
            <port dstActor="D0N47" name="p23" srcActor="D0N13"/>
            <port dstActor="D0N41" name="p24" srcActor="D0N13"/>
            <port dstActor="D0N21" name="p25" srcActor="D0N2"/>
            <port dstActor="D0N13" name="p26" srcActor="D0N2"/>
            <port dstActor="D0N8" name="p27" srcActor="D0N2"/>
            <port dstActor="D0N49" name="p28" srcActor="D0N31"/>
            <port dstActor="D0N42" name="p29" srcActor="D0N14"/>
            <port dstActor="D0N31" name="p30" srcActor="D0N14"/>
            <port dstActor="D0N24" name="p31" srcActor="D0N14"/>
            <port dstActor="D0N40" name="p32" srcActor="D0N14"/>
            <port dstActor="D0N27" name="p33" srcActor="D0N14"/>
            <port dstActor="D0N40" name="p34" srcActor="D0N8"/>
            <port dstActor="D0N13" name="p35" srcActor="D0N8"/>
            <port dstActor="D0N24" name="p36" srcActor="D0N8"/>
            <port dstActor="D0N25" name="p37" srcActor="D0N16"/>
            <port dstActor="D0N32" name="p38" srcActor="D0N16"/>
            <port dstActor="D0N38" name="p39" srcActor="D0N16"/>
            <port dstActor="D0N43" name="p40" srcActor="D0N16"/>
            <port dstActor="D0N44" name="p41" srcActor="D0N27"/>
            <port dstActor="D0N39" name="p42" srcActor="D0N27"/>
            <port dstActor="D0N31" name="p43" srcActor="D0N25"/>
            <port dstActor="D0N34" name="p44" srcActor="D0N25"/>
            <port dstActor="D0N41" name="p45" srcActor="D0N23"/>
            <port dstActor="D0N48" name="p46" srcActor="D0N40"/>
            <port dstActor="D0N13" name="p47" srcActor="D0N4"/>
            <port dstActor="D0N44" name="p48" srcActor="D0N4"/>
            <port dstActor="D0N36" name="p49" srcActor="D0N4"/>
            <port dstActor="D0N43" name="p50" srcActor="D0N4"/>
            <port dstActor="D0N26" name="p51" srcActor="D0N4"/>
            <port dstActor="D0N40" name="p52" srcActor="D0N32"/>
            <port dstActor="D0N43" name="p53" srcActor="D0N32"/>
            <port dstActor="D0N41" name="p54" srcActor="D0N19"/>
            <port dstActor="D0N47" name="p55" srcActor="D0N19"/>
            <port dstActor="D0N32" name="p56" srcActor="D0N19"/>
            <port dstActor="D0N20" name="p57" srcActor="D0N19"/>
            <port dstActor="D0N40" name="p58" srcActor="D0N19"/>
            <port dstActor="D0N25" name="p59" srcActor="D0N19"/>
            <port dstActor="D0N35" name="p60" srcActor="D0N9"/>
            <port dstActor="D0N19" name="p61" srcActor="D0N9"/>
            <port dstActor="D0N48" name="p62" srcActor="D0N29"/>
            <port dstActor="D0N35" name="p63" srcActor="D0N29"/>
            <port dstActor="D0N43" name="p64" srcActor="D0N34"/>
            <port dstActor="D0N38" name="p65" srcActor="D0N7"/>
            <port dstActor="D0N49" name="p66" srcActor="D0N7"/>
            <port dstActor="D0N45" name="p67" srcActor="D0N7"/>
            <port dstActor="D0N26" name="p68" srcActor="D0N0"/>
            <port dstActor="D0N43" name="p69" srcActor="D0N0"/>
            <port dstActor="D0N38" name="p70" srcActor="D0N0"/>
            <port dstActor="D0N37" name="p71" srcActor="D0N17"/>
            <port dstActor="D0N42" name="p72" srcActor="D0N17"/>
            <port dstActor="D0N20" name="p73" srcActor="D0N17"/>
            <port dstActor="D0N47" name="p74" srcActor="D0N17"/>
            <port dstActor="D0N46" name="p75" srcActor="D0N35"/>
            <port dstActor="D0N40" name="p76" srcActor="D0N36"/>
            <port dstActor="D0N32" name="p77" srcActor="D0N28"/>
            <port dstActor="D0N35" name="p78" srcActor="D0N28"/>
            <port dstActor="D0N43" name="p79" srcActor="D0N28"/>
            <port dstActor="D0N40" name="p80" srcActor="D0N28"/>
            <port dstActor="D0N22" name="p81" srcActor="D0N1"/>
            <port dstActor="D0N27" name="p82" srcActor="D0N1"/>
            <port dstActor="D0N30" name="p83" srcActor="D0N1"/>
            <port dstActor="D0N49" name="p84" srcActor="D0N1"/>
            <port dstActor="D0N12" name="p85" srcActor="D0N3"/>
            <port dstActor="D0N43" name="p86" srcActor="D0N12"/>
            <port dstActor="D0N36" name="p87" srcActor="D0N12"/>
            <port dstActor="D0N27" name="p88" srcActor="D0N18"/>
            <port dstActor="D0N22" name="p89" srcActor="D0N18"/>
            <port dstActor="D0N29" name="p90" srcActor="D0N10"/>
            <port dstActor="D0N27" name="p91" srcActor="D0N10"/>
            <port dstActor="D0N13" name="p92" srcActor="D0N10"/>
            <port dstActor="D0N38" name="p93" srcActor="D0N10"/>
            <port dstActor="D0N12" name="p94" srcActor="D0N10"/>
            <port dstActor="D0N35" name="p95" srcActor="D0N10"/>
            <port dstActor="D0N46" name="p96" srcActor="D0N38"/>
            <port dstActor="D0N41" name="p97" srcActor="D0N38"/>
            <port dstActor="D0N46" name="p98" srcActor="D0N30"/>
            <port dstActor="D0N44" name="p99" srcActor="D0N30"/>
            <port dstActor="D0N49" name="p100" srcActor="D0N26"/>
            <port dstActor="D0N37" name="p101" srcActor="D0N26"/>
            <port dstActor="D0N39" name="p102" srcActor="D0N37"/>
            <port dstActor="D0N47" name="p103" srcActor="D0N37"/>
            <port dstActor="D0N37" name="p104" srcActor="D0N22"/>
            <port dstActor="D0N35" name="p105" srcActor="D0N22"/>
            <port dstActor="D0N40" name="p106" srcActor="D0N22"/>
            <port dstActor="D0N42" name="p107" srcActor="D0N22"/>
            <port dstActor="D0N45" name="p108" srcActor="D0N42"/>
            <port dstActor="D0N46" name="p109" srcActor="D0N33"/>
            <port dstActor="D0N37" name="p110" srcActor="D0N33"/>
        </ports>
    </mcdag>
    <cores number="2"/>
    <levels number="2"/>
</mcsystem>
