<?xml version="1.0" encoding="UTF-8" standalone="no"?>
<mcsystem>
    <mcdag deadline="3000" name="genned-0-ed-10.0-0">
        <actor name="D0N32">
            <wcet number="0">80</wcet>
            <wcet number="1">180</wcet>
            <maxpow number="0.5316614186434943"/>
            <maxpow number="0.5316614186434943"/>
            <fprob>0.0</fprob>
        </actor>
        <actor name="D0N31">
            <wcet number="0">230</wcet>
            <wcet number="1">230</wcet>
            <maxpow number="0.7150793280195019"/>
            <maxpow number="0.7150793280195019"/>
            <fprob>0.0</fprob>
        </actor>
        <actor name="D0N38">
            <wcet number="0">30</wcet>
            <wcet number="1">310</wcet>
            <maxpow number="0.8850431858100969"/>
            <maxpow number="0.8850431858100969"/>
            <fprob>0.0</fprob>
        </actor>
        <actor name="D0N0">
            <wcet number="0">70</wcet>
            <wcet number="1">70</wcet>
            <maxpow number="0.5851108102617533"/>
            <maxpow number="0.5851108102617533"/>
            <fprob>0.0</fprob>
        </actor>
        <actor name="D0N9">
            <wcet number="0">100</wcet>
            <wcet number="1">190</wcet>
            <maxpow number="0.5619608858787113"/>
            <maxpow number="0.5619608858787113"/>
            <fprob>0.0</fprob>
        </actor>
        <actor name="D0N25">
            <wcet number="0">140</wcet>
            <wcet number="1">170</wcet>
            <maxpow number="0.5242282788323357"/>
            <maxpow number="0.5242282788323357"/>
            <fprob>0.0</fprob>
        </actor>
        <actor name="D0N4">
            <wcet number="0">40</wcet>
            <wcet number="1">110</wcet>
            <maxpow number="0.7924586885110159"/>
            <maxpow number="0.7924586885110159"/>
            <fprob>0.0</fprob>
        </actor>
        <actor name="D0N37">
            <wcet number="0">70</wcet>
            <wcet number="1">100</wcet>
            <maxpow number="0.4369641284011476"/>
            <maxpow number="0.4369641284011476"/>
            <fprob>0.0</fprob>
        </actor>
        <actor name="D0N40">
            <wcet number="0">10</wcet>
            <wcet number="1">20</wcet>
            <maxpow number="0.6089540175012527"/>
            <maxpow number="0.6089540175012527"/>
            <fprob>0.0</fprob>
        </actor>
        <actor name="D0N14">
            <wcet number="0">80</wcet>
            <wcet number="1">90</wcet>
            <maxpow number="0.4597316807039184"/>
            <maxpow number="0.4597316807039184"/>
            <fprob>0.0</fprob>
        </actor>
        <actor name="D0N10">
            <wcet number="0">40</wcet>
            <wcet number="1">40</wcet>
            <maxpow number="0.7582720730834983"/>
            <maxpow number="0.7582720730834983"/>
            <fprob>0.0</fprob>
        </actor>
        <actor name="D0N13">
            <wcet number="0">40</wcet>
            <wcet number="1">140</wcet>
            <maxpow number="0.7669374660443641"/>
            <maxpow number="0.7669374660443641"/>
            <fprob>0.0</fprob>
        </actor>
        <actor name="D0N2">
            <wcet number="0">10</wcet>
            <wcet number="1">40</wcet>
            <maxpow number="0.43104266175831785"/>
            <maxpow number="0.43104266175831785"/>
            <fprob>0.0</fprob>
        </actor>
        <actor name="D0N19">
            <wcet number="0">220</wcet>
            <wcet number="1">350</wcet>
            <maxpow number="0.3170686416256375"/>
            <maxpow number="0.3170686416256375"/>
            <fprob>0.0</fprob>
        </actor>
        <actor name="D0N11">
            <wcet number="0">10</wcet>
            <wcet number="1">10</wcet>
            <maxpow number="0.6380384840305304"/>
            <maxpow number="0.6380384840305304"/>
            <fprob>0.0</fprob>
        </actor>
        <actor name="D0N41">
            <wcet number="0">20</wcet>
            <wcet number="1">20</wcet>
            <maxpow number="0.7714198402244342"/>
            <maxpow number="0.7714198402244342"/>
            <fprob>0.0</fprob>
        </actor>
        <actor name="D0N12">
            <wcet number="0">40</wcet>
            <wcet number="1">60</wcet>
            <maxpow number="0.49288604590648993"/>
            <maxpow number="0.49288604590648993"/>
            <fprob>0.0</fprob>
        </actor>
        <actor name="D0N18">
            <wcet number="0">80</wcet>
            <wcet number="1">110</wcet>
            <maxpow number="0.2550987772537891"/>
            <maxpow number="0.2550987772537891"/>
            <fprob>0.0</fprob>
        </actor>
        <actor name="D0N34">
            <wcet number="0">190</wcet>
            <wcet number="1">300</wcet>
            <maxpow number="0.39032877595572846"/>
            <maxpow number="0.39032877595572846"/>
            <fprob>0.0</fprob>
        </actor>
        <actor name="D0N39">
            <wcet number="0">90</wcet>
            <wcet number="1">240</wcet>
            <maxpow number="0.8140482413444892"/>
            <maxpow number="0.8140482413444892"/>
            <fprob>0.0</fprob>
        </actor>
        <actor name="D0N20">
            <wcet number="0">140</wcet>
            <wcet number="1">140</wcet>
            <maxpow number="0.5322920181992958"/>
            <maxpow number="0.5322920181992958"/>
            <fprob>0.0</fprob>
        </actor>
        <actor name="D0N48">
            <wcet number="0">20</wcet>
            <wcet number="1">320</wcet>
            <maxpow number="0.43595043143245443"/>
            <maxpow number="0.43595043143245443"/>
            <fprob>0.0</fprob>
        </actor>
        <actor name="D0N29">
            <wcet number="0">250</wcet>
            <wcet number="1">360</wcet>
            <maxpow number="0.24043915760525586"/>
            <maxpow number="0.24043915760525586"/>
            <fprob>0.0</fprob>
        </actor>
        <actor name="D0N7">
            <wcet number="0">30</wcet>
            <wcet number="1">290</wcet>
            <maxpow number="0.20597590275530375"/>
            <maxpow number="0.20597590275530375"/>
            <fprob>0.0</fprob>
        </actor>
        <actor name="D0N16">
            <wcet number="0">50</wcet>
            <wcet number="1">50</wcet>
            <maxpow number="0.7250744434838317"/>
            <maxpow number="0.7250744434838317"/>
            <fprob>0.0</fprob>
        </actor>
        <actor name="D0N35">
            <wcet number="0">30</wcet>
            <wcet number="1">100</wcet>
            <maxpow number="0.734854942273933"/>
            <maxpow number="0.734854942273933"/>
            <fprob>0.0</fprob>
        </actor>
        <actor name="D0N42">
            <wcet number="0">100</wcet>
            <wcet number="1">170</wcet>
            <maxpow number="0.7188507411285031"/>
            <maxpow number="0.7188507411285031"/>
            <fprob>0.0</fprob>
        </actor>
        <actor name="D0N27">
            <wcet number="0">20</wcet>
            <wcet number="1">20</wcet>
            <maxpow number="0.5535247980316044"/>
            <maxpow number="0.5535247980316044"/>
            <fprob>0.0</fprob>
        </actor>
        <actor name="D0N8">
            <wcet number="0">120</wcet>
            <wcet number="1">170</wcet>
            <maxpow number="0.5373928652304609"/>
            <maxpow number="0.5373928652304609"/>
            <fprob>0.0</fprob>
        </actor>
        <actor name="D0N15">
            <wcet number="0">10</wcet>
            <wcet number="1">40</wcet>
            <maxpow number="0.6584817133880004"/>
            <maxpow number="0.6584817133880004"/>
            <fprob>0.0</fprob>
        </actor>
        <actor name="D0N17">
            <wcet number="0">50</wcet>
            <wcet number="1">60</wcet>
            <maxpow number="0.3789198163017271"/>
            <maxpow number="0.3789198163017271"/>
            <fprob>0.0</fprob>
        </actor>
        <actor name="D0N21">
            <wcet number="0">60</wcet>
            <wcet number="1">60</wcet>
            <maxpow number="0.35646131924009195"/>
            <maxpow number="0.35646131924009195"/>
            <fprob>0.0</fprob>
        </actor>
        <actor name="D0N3">
            <wcet number="0">10</wcet>
            <wcet number="1">70</wcet>
            <maxpow number="0.47910262092214884"/>
            <maxpow number="0.47910262092214884"/>
            <fprob>0.0</fprob>
        </actor>
        <actor name="D0N1">
            <wcet number="0">80</wcet>
            <wcet number="1">150</wcet>
            <maxpow number="0.7461609769204434"/>
            <maxpow number="0.7461609769204434"/>
            <fprob>0.0</fprob>
        </actor>
        <actor name="D0N26">
            <wcet number="0">80</wcet>
            <wcet number="1">140</wcet>
            <maxpow number="0.47235163811509157"/>
            <maxpow number="0.47235163811509157"/>
            <fprob>0.0</fprob>
        </actor>
        <actor name="D0N43">
            <wcet number="0">100</wcet>
            <wcet number="1">150</wcet>
            <maxpow number="0.7231069405738059"/>
            <maxpow number="0.7231069405738059"/>
            <fprob>0.0</fprob>
        </actor>
        <actor name="D0N30">
            <wcet number="0">70</wcet>
            <wcet number="1">150</wcet>
            <maxpow number="0.7404696885924297"/>
            <maxpow number="0.7404696885924297"/>
            <fprob>0.0</fprob>
        </actor>
        <actor name="D0N36">
            <wcet number="0">160</wcet>
            <wcet number="1">300</wcet>
            <maxpow number="0.6179714763632568"/>
            <maxpow number="0.6179714763632568"/>
            <fprob>0.0</fprob>
        </actor>
        <actor name="D0N28">
            <wcet number="0">110</wcet>
            <wcet number="1">190</wcet>
            <maxpow number="0.6160898319046039"/>
            <maxpow number="0.6160898319046039"/>
            <fprob>0.0</fprob>
        </actor>
        <actor name="D0N44">
            <wcet number="0">10</wcet>
            <wcet number="1">40</wcet>
            <maxpow number="0.5203997893675592"/>
            <maxpow number="0.5203997893675592"/>
            <fprob>0.0</fprob>
        </actor>
        <actor name="D0N46">
            <wcet number="0">20</wcet>
            <wcet number="1">20</wcet>
            <maxpow number="0.6568352156785685"/>
            <maxpow number="0.6568352156785685"/>
            <fprob>0.0</fprob>
        </actor>
        <actor name="D0N24">
            <wcet number="0">20</wcet>
            <wcet number="1">250</wcet>
            <maxpow number="0.5993590652393537"/>
            <maxpow number="0.5993590652393537"/>
            <fprob>0.0</fprob>
        </actor>
        <actor name="D0N49">
            <wcet number="0">50</wcet>
            <wcet number="1">60</wcet>
            <maxpow number="0.702972461571935"/>
            <maxpow number="0.702972461571935"/>
            <fprob>0.0</fprob>
        </actor>
        <actor name="D0N23">
            <wcet number="0">20</wcet>
            <wcet number="1">90</wcet>
            <maxpow number="1.0443103351599325"/>
            <maxpow number="1.0443103351599325"/>
            <fprob>0.0</fprob>
        </actor>
        <actor name="D0N45">
            <wcet number="0">40</wcet>
            <wcet number="1">110</wcet>
            <maxpow number="0.7576068863604202"/>
            <maxpow number="0.7576068863604202"/>
            <fprob>0.0</fprob>
        </actor>
        <actor name="D0N47">
            <wcet number="0">50</wcet>
            <wcet number="1">70</wcet>
            <maxpow number="0.6264084110332331"/>
            <maxpow number="0.6264084110332331"/>
            <fprob>0.0</fprob>
        </actor>
        <actor name="D0N5">
            <wcet number="0">220</wcet>
            <wcet number="1">380</wcet>
            <maxpow number="0.5109419789248064"/>
            <maxpow number="0.5109419789248064"/>
            <fprob>0.0</fprob>
        </actor>
        <actor name="D0N22">
            <wcet number="0">50</wcet>
            <wcet number="1">200</wcet>
            <maxpow number="0.9960709732646098"/>
            <maxpow number="0.9960709732646098"/>
            <fprob>0.0</fprob>
        </actor>
        <actor name="D0N6">
            <wcet number="0">90</wcet>
            <wcet number="1">100</wcet>
            <maxpow number="0.6772830268279306"/>
            <maxpow number="0.6772830268279306"/>
            <fprob>0.0</fprob>
        </actor>
        <actor name="D0N33">
            <wcet number="0">160</wcet>
            <wcet number="1">170</wcet>
            <maxpow number="0.6474023099413191"/>
            <maxpow number="0.6474023099413191"/>
            <fprob>0.0</fprob>
        </actor>
        <ports>
            <port dstActor="D0N35" name="p0" srcActor="D0N32"/>
            <port dstActor="D0N42" name="p1" srcActor="D0N31"/>
            <port dstActor="D0N45" name="p2" srcActor="D0N38"/>
            <port dstActor="D0N46" name="p3" srcActor="D0N38"/>
            <port dstActor="D0N44" name="p4" srcActor="D0N38"/>
            <port dstActor="D0N32" name="p5" srcActor="D0N0"/>
            <port dstActor="D0N28" name="p6" srcActor="D0N0"/>
            <port dstActor="D0N19" name="p7" srcActor="D0N9"/>
            <port dstActor="D0N41" name="p8" srcActor="D0N9"/>
            <port dstActor="D0N20" name="p9" srcActor="D0N9"/>
            <port dstActor="D0N26" name="p10" srcActor="D0N9"/>
            <port dstActor="D0N49" name="p11" srcActor="D0N9"/>
            <port dstActor="D0N46" name="p12" srcActor="D0N9"/>
            <port dstActor="D0N49" name="p13" srcActor="D0N25"/>
            <port dstActor="D0N26" name="p14" srcActor="D0N25"/>
            <port dstActor="D0N43" name="p15" srcActor="D0N25"/>
            <port dstActor="D0N33" name="p16" srcActor="D0N25"/>
            <port dstActor="D0N44" name="p17" srcActor="D0N25"/>
            <port dstActor="D0N39" name="p18" srcActor="D0N4"/>
            <port dstActor="D0N17" name="p19" srcActor="D0N4"/>
            <port dstActor="D0N18" name="p20" srcActor="D0N4"/>
            <port dstActor="D0N29" name="p21" srcActor="D0N4"/>
            <port dstActor="D0N21" name="p22" srcActor="D0N4"/>
            <port dstActor="D0N32" name="p23" srcActor="D0N4"/>
            <port dstActor="D0N43" name="p24" srcActor="D0N4"/>
            <port dstActor="D0N6" name="p25" srcActor="D0N4"/>
            <port dstActor="D0N15" name="p26" srcActor="D0N4"/>
            <port dstActor="D0N38" name="p27" srcActor="D0N37"/>
            <port dstActor="D0N48" name="p28" srcActor="D0N37"/>
            <port dstActor="D0N45" name="p29" srcActor="D0N40"/>
            <port dstActor="D0N17" name="p30" srcActor="D0N14"/>
            <port dstActor="D0N39" name="p31" srcActor="D0N14"/>
            <port dstActor="D0N42" name="p32" srcActor="D0N14"/>
            <port dstActor="D0N47" name="p33" srcActor="D0N14"/>
            <port dstActor="D0N27" name="p34" srcActor="D0N14"/>
            <port dstActor="D0N18" name="p35" srcActor="D0N10"/>
            <port dstActor="D0N42" name="p36" srcActor="D0N10"/>
            <port dstActor="D0N35" name="p37" srcActor="D0N13"/>
            <port dstActor="D0N24" name="p38" srcActor="D0N13"/>
            <port dstActor="D0N17" name="p39" srcActor="D0N13"/>
            <port dstActor="D0N34" name="p40" srcActor="D0N2"/>
            <port dstActor="D0N18" name="p41" srcActor="D0N2"/>
            <port dstActor="D0N23" name="p42" srcActor="D0N2"/>
            <port dstActor="D0N38" name="p43" srcActor="D0N19"/>
            <port dstActor="D0N32" name="p44" srcActor="D0N19"/>
            <port dstActor="D0N49" name="p45" srcActor="D0N19"/>
            <port dstActor="D0N42" name="p46" srcActor="D0N11"/>
            <port dstActor="D0N35" name="p47" srcActor="D0N11"/>
            <port dstActor="D0N45" name="p48" srcActor="D0N41"/>
            <port dstActor="D0N22" name="p49" srcActor="D0N12"/>
            <port dstActor="D0N37" name="p50" srcActor="D0N12"/>
            <port dstActor="D0N40" name="p51" srcActor="D0N12"/>
            <port dstActor="D0N20" name="p52" srcActor="D0N18"/>
            <port dstActor="D0N19" name="p53" srcActor="D0N18"/>
            <port dstActor="D0N36" name="p54" srcActor="D0N34"/>
            <port dstActor="D0N39" name="p55" srcActor="D0N34"/>
            <port dstActor="D0N22" name="p56" srcActor="D0N20"/>
            <port dstActor="D0N30" name="p57" srcActor="D0N29"/>
            <port dstActor="D0N38" name="p58" srcActor="D0N29"/>
            <port dstActor="D0N31" name="p59" srcActor="D0N7"/>
            <port dstActor="D0N28" name="p60" srcActor="D0N7"/>
            <port dstActor="D0N43" name="p61" srcActor="D0N16"/>
            <port dstActor="D0N29" name="p62" srcActor="D0N16"/>
            <port dstActor="D0N32" name="p63" srcActor="D0N16"/>
            <port dstActor="D0N35" name="p64" srcActor="D0N16"/>
            <port dstActor="D0N43" name="p65" srcActor="D0N35"/>
            <port dstActor="D0N44" name="p66" srcActor="D0N35"/>
            <port dstActor="D0N49" name="p67" srcActor="D0N42"/>
            <port dstActor="D0N35" name="p68" srcActor="D0N27"/>
            <port dstActor="D0N49" name="p69" srcActor="D0N27"/>
            <port dstActor="D0N36" name="p70" srcActor="D0N27"/>
            <port dstActor="D0N40" name="p71" srcActor="D0N27"/>
            <port dstActor="D0N39" name="p72" srcActor="D0N27"/>
            <port dstActor="D0N48" name="p73" srcActor="D0N27"/>
            <port dstActor="D0N38" name="p74" srcActor="D0N8"/>
            <port dstActor="D0N18" name="p75" srcActor="D0N8"/>
            <port dstActor="D0N42" name="p76" srcActor="D0N8"/>
            <port dstActor="D0N49" name="p77" srcActor="D0N8"/>
            <port dstActor="D0N47" name="p78" srcActor="D0N15"/>
            <port dstActor="D0N19" name="p79" srcActor="D0N15"/>
            <port dstActor="D0N38" name="p80" srcActor="D0N15"/>
            <port dstActor="D0N28" name="p81" srcActor="D0N15"/>
            <port dstActor="D0N22" name="p82" srcActor="D0N17"/>
            <port dstActor="D0N44" name="p83" srcActor="D0N17"/>
            <port dstActor="D0N38" name="p84" srcActor="D0N21"/>
            <port dstActor="D0N44" name="p85" srcActor="D0N21"/>
            <port dstActor="D0N33" name="p86" srcActor="D0N21"/>
            <port dstActor="D0N22" name="p87" srcActor="D0N21"/>
            <port dstActor="D0N31" name="p88" srcActor="D0N3"/>
            <port dstActor="D0N42" name="p89" srcActor="D0N3"/>
            <port dstActor="D0N24" name="p90" srcActor="D0N1"/>
            <port dstActor="D0N41" name="p91" srcActor="D0N1"/>
            <port dstActor="D0N44" name="p92" srcActor="D0N1"/>
            <port dstActor="D0N43" name="p93" srcActor="D0N1"/>
            <port dstActor="D0N14" name="p94" srcActor="D0N1"/>
            <port dstActor="D0N40" name="p95" srcActor="D0N1"/>
            <port dstActor="D0N45" name="p96" srcActor="D0N26"/>
            <port dstActor="D0N44" name="p97" srcActor="D0N36"/>
            <port dstActor="D0N40" name="p98" srcActor="D0N28"/>
            <port dstActor="D0N38" name="p99" srcActor="D0N28"/>
            <port dstActor="D0N35" name="p100" srcActor="D0N28"/>
            <port dstActor="D0N49" name="p101" srcActor="D0N28"/>
            <port dstActor="D0N36" name="p102" srcActor="D0N28"/>
            <port dstActor="D0N27" name="p103" srcActor="D0N24"/>
            <port dstActor="D0N33" name="p104" srcActor="D0N24"/>
            <port dstActor="D0N40" name="p105" srcActor="D0N23"/>
            <port dstActor="D0N47" name="p106" srcActor="D0N23"/>
            <port dstActor="D0N26" name="p107" srcActor="D0N23"/>
            <port dstActor="D0N42" name="p108" srcActor="D0N23"/>
            <port dstActor="D0N48" name="p109" srcActor="D0N23"/>
            <port dstActor="D0N45" name="p110" srcActor="D0N23"/>
            <port dstActor="D0N29" name="p111" srcActor="D0N23"/>
            <port dstActor="D0N24" name="p112" srcActor="D0N5"/>
            <port dstActor="D0N18" name="p113" srcActor="D0N5"/>
            <port dstActor="D0N48" name="p114" srcActor="D0N5"/>
            <port dstActor="D0N36" name="p115" srcActor="D0N5"/>
            <port dstActor="D0N6" name="p116" srcActor="D0N5"/>
            <port dstActor="D0N47" name="p117" srcActor="D0N5"/>
            <port dstActor="D0N33" name="p118" srcActor="D0N5"/>
            <port dstActor="D0N15" name="p119" srcActor="D0N5"/>
            <port dstActor="D0N25" name="p120" srcActor="D0N22"/>
            <port dstActor="D0N15" name="p121" srcActor="D0N6"/>
            <port dstActor="D0N43" name="p122" srcActor="D0N6"/>
            <port dstActor="D0N28" name="p123" srcActor="D0N6"/>
            <port dstActor="D0N44" name="p124" srcActor="D0N6"/>
            <port dstActor="D0N39" name="p125" srcActor="D0N33"/>
        </ports>
    </mcdag>
    <cores number="3"/>
    <levels number="2"/>
</mcsystem>
