<?xml version="1.0" encoding="UTF-8" standalone="no"?>
<mcsystem>
    <mcdag deadline="4000" name="genned-0-ed-10.0-0">
        <actor name="D0N11">
            <wcet number="0">80</wcet>
            <wcet number="1">80</wcet>
            <maxpow number="0.8276869870112535"/>
            <maxpow number="0.8276869870112535"/>
            <fprob>0.0</fprob>
        </actor>
        <actor name="D0N46">
            <wcet number="0">20</wcet>
            <wcet number="1">20</wcet>
            <maxpow number="0.5766463285930414"/>
            <maxpow number="0.5766463285930414"/>
            <fprob>0.0</fprob>
        </actor>
        <actor name="D0N9">
            <wcet number="0">20</wcet>
            <wcet number="1">30</wcet>
            <maxpow number="0.6036139950902577"/>
            <maxpow number="0.6036139950902577"/>
            <fprob>0.0</fprob>
        </actor>
        <actor name="D0N28">
            <wcet number="0">70</wcet>
            <wcet number="1">80</wcet>
            <maxpow number="0.7050154638540145"/>
            <maxpow number="0.7050154638540145"/>
            <fprob>0.0</fprob>
        </actor>
        <actor name="D0N25">
            <wcet number="0">40</wcet>
            <wcet number="1">140</wcet>
            <maxpow number="0.5342878539113781"/>
            <maxpow number="0.5342878539113781"/>
            <fprob>0.0</fprob>
        </actor>
        <actor name="D0N6">
            <wcet number="0">80</wcet>
            <wcet number="1">140</wcet>
            <maxpow number="0.42840321998479153"/>
            <maxpow number="0.42840321998479153"/>
            <fprob>0.0</fprob>
        </actor>
        <actor name="D0N1">
            <wcet number="0">120</wcet>
            <wcet number="1">150</wcet>
            <maxpow number="0.7371937569134082"/>
            <maxpow number="0.7371937569134082"/>
            <fprob>0.0</fprob>
        </actor>
        <actor name="D0N42">
            <wcet number="0">80</wcet>
            <wcet number="1">160</wcet>
            <maxpow number="0.5781824600800313"/>
            <maxpow number="0.5781824600800313"/>
            <fprob>0.0</fprob>
        </actor>
        <actor name="D0N3">
            <wcet number="0">180</wcet>
            <wcet number="1">260</wcet>
            <maxpow number="0.7059544409799848"/>
            <maxpow number="0.7059544409799848"/>
            <fprob>0.0</fprob>
        </actor>
        <actor name="D0N8">
            <wcet number="0">160</wcet>
            <wcet number="1">230</wcet>
            <maxpow number="0.4833581153601786"/>
            <maxpow number="0.4833581153601786"/>
            <fprob>0.0</fprob>
        </actor>
        <actor name="D0N41">
            <wcet number="0">300</wcet>
            <wcet number="1">310</wcet>
            <maxpow number="0.35239132735907164"/>
            <maxpow number="0.35239132735907164"/>
            <fprob>0.0</fprob>
        </actor>
        <actor name="D0N48">
            <wcet number="0">60</wcet>
            <wcet number="1">160</wcet>
            <maxpow number="0.4556491128217082"/>
            <maxpow number="0.4556491128217082"/>
            <fprob>0.0</fprob>
        </actor>
        <actor name="D0N24">
            <wcet number="0">10</wcet>
            <wcet number="1">20</wcet>
            <maxpow number="0.14078367034058592"/>
            <maxpow number="0.14078367034058592"/>
            <fprob>0.0</fprob>
        </actor>
        <actor name="D0N13">
            <wcet number="0">150</wcet>
            <wcet number="1">220</wcet>
            <maxpow number="0.5783543906161716"/>
            <maxpow number="0.5783543906161716"/>
            <fprob>0.0</fprob>
        </actor>
        <actor name="D0N37">
            <wcet number="0">10</wcet>
            <wcet number="1">10</wcet>
            <maxpow number="0.3491562569544513"/>
            <maxpow number="0.3491562569544513"/>
            <fprob>0.0</fprob>
        </actor>
        <actor name="D0N23">
            <wcet number="0">10</wcet>
            <wcet number="1">20</wcet>
            <maxpow number="0.6929053576140003"/>
            <maxpow number="0.6929053576140003"/>
            <fprob>0.0</fprob>
        </actor>
        <actor name="D0N40">
            <wcet number="0">320</wcet>
            <wcet number="1">320</wcet>
            <maxpow number="0.40539967722095327"/>
            <maxpow number="0.40539967722095327"/>
            <fprob>0.0</fprob>
        </actor>
        <actor name="D0N43">
            <wcet number="0">110</wcet>
            <wcet number="1">120</wcet>
            <maxpow number="0.5875464273496689"/>
            <maxpow number="0.5875464273496689"/>
            <fprob>0.0</fprob>
        </actor>
        <actor name="D0N39">
            <wcet number="0">20</wcet>
            <wcet number="1">30</wcet>
            <maxpow number="0.26219775694683245"/>
            <maxpow number="0.26219775694683245"/>
            <fprob>0.0</fprob>
        </actor>
        <actor name="D0N0">
            <wcet number="0">810</wcet>
            <wcet number="1">910</wcet>
            <maxpow number="0.45381366414901064"/>
            <maxpow number="0.45381366414901064"/>
            <fprob>0.0</fprob>
        </actor>
        <actor name="D0N27">
            <wcet number="0">300</wcet>
            <wcet number="1">300</wcet>
            <maxpow number="1.0222609734235928"/>
            <maxpow number="1.0222609734235928"/>
            <fprob>0.0</fprob>
        </actor>
        <actor name="D0N26">
            <wcet number="0">230</wcet>
            <wcet number="1">380</wcet>
            <maxpow number="0.5619812658571427"/>
            <maxpow number="0.5619812658571427"/>
            <fprob>0.0</fprob>
        </actor>
        <actor name="D0N20">
            <wcet number="0">300</wcet>
            <wcet number="1">440</wcet>
            <maxpow number="0.7047791803447793"/>
            <maxpow number="0.7047791803447793"/>
            <fprob>0.0</fprob>
        </actor>
        <actor name="D0N35">
            <wcet number="0">30</wcet>
            <wcet number="1">190</wcet>
            <maxpow number="0.5410469405302969"/>
            <maxpow number="0.5410469405302969"/>
            <fprob>0.0</fprob>
        </actor>
        <actor name="D0N15">
            <wcet number="0">30</wcet>
            <wcet number="1">100</wcet>
            <maxpow number="0.5921797576635354"/>
            <maxpow number="0.5921797576635354"/>
            <fprob>0.0</fprob>
        </actor>
        <actor name="D0N18">
            <wcet number="0">30</wcet>
            <wcet number="1">30</wcet>
            <maxpow number="0.41399546069638127"/>
            <maxpow number="0.41399546069638127"/>
            <fprob>0.0</fprob>
        </actor>
        <actor name="D0N7">
            <wcet number="0">170</wcet>
            <wcet number="1">280</wcet>
            <maxpow number="0.45926861455138446"/>
            <maxpow number="0.45926861455138446"/>
            <fprob>0.0</fprob>
        </actor>
        <actor name="D0N21">
            <wcet number="0">20</wcet>
            <wcet number="1">20</wcet>
            <maxpow number="0.7783209556544519"/>
            <maxpow number="0.7783209556544519"/>
            <fprob>0.0</fprob>
        </actor>
        <actor name="D0N22">
            <wcet number="0">60</wcet>
            <wcet number="1">150</wcet>
            <maxpow number="0.7437187883995331"/>
            <maxpow number="0.7437187883995331"/>
            <fprob>0.0</fprob>
        </actor>
        <actor name="D0N5">
            <wcet number="0">10</wcet>
            <wcet number="1">40</wcet>
            <maxpow number="0.6631842076032186"/>
            <maxpow number="0.6631842076032186"/>
            <fprob>0.0</fprob>
        </actor>
        <actor name="D0N17">
            <wcet number="0">160</wcet>
            <wcet number="1">380</wcet>
            <maxpow number="0.14350927263080365"/>
            <maxpow number="0.14350927263080365"/>
            <fprob>0.0</fprob>
        </actor>
        <actor name="D0N29">
            <wcet number="0">150</wcet>
            <wcet number="1">510</wcet>
            <maxpow number="0.514152578984106"/>
            <maxpow number="0.514152578984106"/>
            <fprob>0.0</fprob>
        </actor>
        <actor name="D0N36">
            <wcet number="0">50</wcet>
            <wcet number="1">50</wcet>
            <maxpow number="0.46583375052514253"/>
            <maxpow number="0.46583375052514253"/>
            <fprob>0.0</fprob>
        </actor>
        <actor name="D0N16">
            <wcet number="0">30</wcet>
            <wcet number="1">230</wcet>
            <maxpow number="0.8280448964189062"/>
            <maxpow number="0.8280448964189062"/>
            <fprob>0.0</fprob>
        </actor>
        <actor name="D0N30">
            <wcet number="0">160</wcet>
            <wcet number="1">990</wcet>
            <maxpow number="0.27174779595088294"/>
            <maxpow number="0.27174779595088294"/>
            <fprob>0.0</fprob>
        </actor>
        <actor name="D0N33">
            <wcet number="0">350</wcet>
            <wcet number="1">510</wcet>
            <maxpow number="0.6669427446083127"/>
            <maxpow number="0.6669427446083127"/>
            <fprob>0.0</fprob>
        </actor>
        <actor name="D0N12">
            <wcet number="0">60</wcet>
            <wcet number="1">230</wcet>
            <maxpow number="0.7360355573790582"/>
            <maxpow number="0.7360355573790582"/>
            <fprob>0.0</fprob>
        </actor>
        <actor name="D0N10">
            <wcet number="0">240</wcet>
            <wcet number="1">300</wcet>
            <maxpow number="0.4611002775408327"/>
            <maxpow number="0.4611002775408327"/>
            <fprob>0.0</fprob>
        </actor>
        <actor name="D0N19">
            <wcet number="0">130</wcet>
            <wcet number="1">310</wcet>
            <maxpow number="0.3375826214105775"/>
            <maxpow number="0.3375826214105775"/>
            <fprob>0.0</fprob>
        </actor>
        <actor name="D0N32">
            <wcet number="0">20</wcet>
            <wcet number="1">30</wcet>
            <maxpow number="0.4064410468373123"/>
            <maxpow number="0.4064410468373123"/>
            <fprob>0.0</fprob>
        </actor>
        <actor name="D0N4">
            <wcet number="0">60</wcet>
            <wcet number="1">130</wcet>
            <maxpow number="0.632990757173237"/>
            <maxpow number="0.632990757173237"/>
            <fprob>0.0</fprob>
        </actor>
        <actor name="D0N31">
            <wcet number="0">20</wcet>
            <wcet number="1">350</wcet>
            <maxpow number="0.5275866578330033"/>
            <maxpow number="0.5275866578330033"/>
            <fprob>0.0</fprob>
        </actor>
        <actor name="D0N45">
            <wcet number="0">80</wcet>
            <wcet number="1">320</wcet>
            <maxpow number="0.4643377893325025"/>
            <maxpow number="0.4643377893325025"/>
            <fprob>0.0</fprob>
        </actor>
        <actor name="D0N47">
            <wcet number="0">40</wcet>
            <wcet number="1">80</wcet>
            <maxpow number="0.46315743973461576"/>
            <maxpow number="0.46315743973461576"/>
            <fprob>0.0</fprob>
        </actor>
        <actor name="D0N2">
            <wcet number="0">20</wcet>
            <wcet number="1">130</wcet>
            <maxpow number="0.8664214448083231"/>
            <maxpow number="0.8664214448083231"/>
            <fprob>0.0</fprob>
        </actor>
        <actor name="D0N44">
            <wcet number="0">470</wcet>
            <wcet number="1">700</wcet>
            <maxpow number="0.23426883807265397"/>
            <maxpow number="0.23426883807265397"/>
            <fprob>0.0</fprob>
        </actor>
        <actor name="D0N38">
            <wcet number="0">670</wcet>
            <wcet number="1">750</wcet>
            <maxpow number="0.26279891748427053"/>
            <maxpow number="0.26279891748427053"/>
            <fprob>0.0</fprob>
        </actor>
        <actor name="D0N49">
            <wcet number="0">40</wcet>
            <wcet number="1">40</wcet>
            <maxpow number="0.35614491227317596"/>
            <maxpow number="0.35614491227317596"/>
            <fprob>0.0</fprob>
        </actor>
        <actor name="D0N34">
            <wcet number="0">50</wcet>
            <wcet number="1">50</wcet>
            <maxpow number="0.6906040141920883"/>
            <maxpow number="0.6906040141920883"/>
            <fprob>0.0</fprob>
        </actor>
        <actor name="D0N14">
            <wcet number="0">100</wcet>
            <wcet number="1">170</wcet>
            <maxpow number="0.674821886793441"/>
            <maxpow number="0.674821886793441"/>
            <fprob>0.0</fprob>
        </actor>
        <ports>
            <port dstActor="D0N45" name="p0" srcActor="D0N11"/>
            <port dstActor="D0N26" name="p1" srcActor="D0N11"/>
            <port dstActor="D0N12" name="p2" srcActor="D0N9"/>
            <port dstActor="D0N24" name="p3" srcActor="D0N9"/>
            <port dstActor="D0N25" name="p4" srcActor="D0N9"/>
            <port dstActor="D0N21" name="p5" srcActor="D0N9"/>
            <port dstActor="D0N16" name="p6" srcActor="D0N9"/>
            <port dstActor="D0N47" name="p7" srcActor="D0N28"/>
            <port dstActor="D0N37" name="p8" srcActor="D0N25"/>
            <port dstActor="D0N31" name="p9" srcActor="D0N25"/>
            <port dstActor="D0N24" name="p10" srcActor="D0N6"/>
            <port dstActor="D0N17" name="p11" srcActor="D0N6"/>
            <port dstActor="D0N42" name="p12" srcActor="D0N6"/>
            <port dstActor="D0N35" name="p13" srcActor="D0N6"/>
            <port dstActor="D0N45" name="p14" srcActor="D0N1"/>
            <port dstActor="D0N23" name="p15" srcActor="D0N1"/>
            <port dstActor="D0N30" name="p16" srcActor="D0N1"/>
            <port dstActor="D0N18" name="p17" srcActor="D0N1"/>
            <port dstActor="D0N27" name="p18" srcActor="D0N1"/>
            <port dstActor="D0N9" name="p19" srcActor="D0N1"/>
            <port dstActor="D0N46" name="p20" srcActor="D0N42"/>
            <port dstActor="D0N45" name="p21" srcActor="D0N3"/>
            <port dstActor="D0N40" name="p22" srcActor="D0N3"/>
            <port dstActor="D0N47" name="p23" srcActor="D0N8"/>
            <port dstActor="D0N28" name="p24" srcActor="D0N8"/>
            <port dstActor="D0N34" name="p25" srcActor="D0N8"/>
            <port dstActor="D0N49" name="p26" srcActor="D0N41"/>
            <port dstActor="D0N48" name="p27" srcActor="D0N41"/>
            <port dstActor="D0N26" name="p28" srcActor="D0N24"/>
            <port dstActor="D0N39" name="p29" srcActor="D0N24"/>
            <port dstActor="D0N44" name="p30" srcActor="D0N24"/>
            <port dstActor="D0N38" name="p31" srcActor="D0N13"/>
            <port dstActor="D0N16" name="p32" srcActor="D0N13"/>
            <port dstActor="D0N43" name="p33" srcActor="D0N37"/>
            <port dstActor="D0N45" name="p34" srcActor="D0N23"/>
            <port dstActor="D0N42" name="p35" srcActor="D0N23"/>
            <port dstActor="D0N48" name="p36" srcActor="D0N40"/>
            <port dstActor="D0N44" name="p37" srcActor="D0N39"/>
            <port dstActor="D0N48" name="p38" srcActor="D0N39"/>
            <port dstActor="D0N31" name="p39" srcActor="D0N0"/>
            <port dstActor="D0N20" name="p40" srcActor="D0N0"/>
            <port dstActor="D0N38" name="p41" srcActor="D0N0"/>
            <port dstActor="D0N37" name="p42" srcActor="D0N0"/>
            <port dstActor="D0N19" name="p43" srcActor="D0N0"/>
            <port dstActor="D0N35" name="p44" srcActor="D0N27"/>
            <port dstActor="D0N43" name="p45" srcActor="D0N26"/>
            <port dstActor="D0N29" name="p46" srcActor="D0N26"/>
            <port dstActor="D0N34" name="p47" srcActor="D0N20"/>
            <port dstActor="D0N24" name="p48" srcActor="D0N20"/>
            <port dstActor="D0N37" name="p49" srcActor="D0N20"/>
            <port dstActor="D0N22" name="p50" srcActor="D0N20"/>
            <port dstActor="D0N48" name="p51" srcActor="D0N35"/>
            <port dstActor="D0N29" name="p52" srcActor="D0N15"/>
            <port dstActor="D0N32" name="p53" srcActor="D0N15"/>
            <port dstActor="D0N36" name="p54" srcActor="D0N15"/>
            <port dstActor="D0N49" name="p55" srcActor="D0N15"/>
            <port dstActor="D0N28" name="p56" srcActor="D0N15"/>
            <port dstActor="D0N40" name="p57" srcActor="D0N18"/>
            <port dstActor="D0N22" name="p58" srcActor="D0N18"/>
            <port dstActor="D0N14" name="p59" srcActor="D0N7"/>
            <port dstActor="D0N27" name="p60" srcActor="D0N7"/>
            <port dstActor="D0N28" name="p61" srcActor="D0N7"/>
            <port dstActor="D0N46" name="p62" srcActor="D0N7"/>
            <port dstActor="D0N10" name="p63" srcActor="D0N7"/>
            <port dstActor="D0N37" name="p64" srcActor="D0N7"/>
            <port dstActor="D0N17" name="p65" srcActor="D0N7"/>
            <port dstActor="D0N34" name="p66" srcActor="D0N7"/>
            <port dstActor="D0N31" name="p67" srcActor="D0N7"/>
            <port dstActor="D0N47" name="p68" srcActor="D0N21"/>
            <port dstActor="D0N32" name="p69" srcActor="D0N21"/>
            <port dstActor="D0N42" name="p70" srcActor="D0N22"/>
            <port dstActor="D0N33" name="p71" srcActor="D0N22"/>
            <port dstActor="D0N36" name="p72" srcActor="D0N22"/>
            <port dstActor="D0N15" name="p73" srcActor="D0N5"/>
            <port dstActor="D0N44" name="p74" srcActor="D0N5"/>
            <port dstActor="D0N7" name="p75" srcActor="D0N5"/>
            <port dstActor="D0N9" name="p76" srcActor="D0N5"/>
            <port dstActor="D0N27" name="p77" srcActor="D0N5"/>
            <port dstActor="D0N19" name="p78" srcActor="D0N17"/>
            <port dstActor="D0N34" name="p79" srcActor="D0N17"/>
            <port dstActor="D0N32" name="p80" srcActor="D0N29"/>
            <port dstActor="D0N39" name="p81" srcActor="D0N29"/>
            <port dstActor="D0N22" name="p82" srcActor="D0N16"/>
            <port dstActor="D0N29" name="p83" srcActor="D0N16"/>
            <port dstActor="D0N35" name="p84" srcActor="D0N16"/>
            <port dstActor="D0N39" name="p85" srcActor="D0N16"/>
            <port dstActor="D0N21" name="p86" srcActor="D0N16"/>
            <port dstActor="D0N34" name="p87" srcActor="D0N16"/>
            <port dstActor="D0N36" name="p88" srcActor="D0N30"/>
            <port dstActor="D0N42" name="p89" srcActor="D0N33"/>
            <port dstActor="D0N48" name="p90" srcActor="D0N33"/>
            <port dstActor="D0N32" name="p91" srcActor="D0N12"/>
            <port dstActor="D0N46" name="p92" srcActor="D0N10"/>
            <port dstActor="D0N24" name="p93" srcActor="D0N10"/>
            <port dstActor="D0N21" name="p94" srcActor="D0N10"/>
            <port dstActor="D0N37" name="p95" srcActor="D0N10"/>
            <port dstActor="D0N33" name="p96" srcActor="D0N19"/>
            <port dstActor="D0N46" name="p97" srcActor="D0N32"/>
            <port dstActor="D0N40" name="p98" srcActor="D0N4"/>
            <port dstActor="D0N44" name="p99" srcActor="D0N31"/>
            <port dstActor="D0N21" name="p100" srcActor="D0N2"/>
            <port dstActor="D0N36" name="p101" srcActor="D0N2"/>
            <port dstActor="D0N45" name="p102" srcActor="D0N38"/>
            <port dstActor="D0N40" name="p103" srcActor="D0N14"/>
            <port dstActor="D0N32" name="p104" srcActor="D0N14"/>
        </ports>
    </mcdag>
    <cores number="3"/>
    <levels number="2"/>
</mcsystem>
