<?xml version="1.0" encoding="UTF-8" standalone="no"?>
<mcsystem>
    <mcdag deadline="3000" name="genned-0-ed-10.0-0">
        <actor name="D0N42">
            <wcet number="0">130</wcet>
            <wcet number="1">210</wcet>
            <maxpow number="0.4366767276288365"/>
            <maxpow number="0.4366767276288365"/>
            <fprob>0.0</fprob>
        </actor>
        <actor name="D0N43">
            <wcet number="0">40</wcet>
            <wcet number="1">70</wcet>
            <maxpow number="0.5502627871668931"/>
            <maxpow number="0.5502627871668931"/>
            <fprob>0.0</fprob>
        </actor>
        <actor name="D0N31">
            <wcet number="0">90</wcet>
            <wcet number="1">340</wcet>
            <maxpow number="0.6876544768279964"/>
            <maxpow number="0.6876544768279964"/>
            <fprob>0.0</fprob>
        </actor>
        <actor name="D0N4">
            <wcet number="0">260</wcet>
            <wcet number="1">360</wcet>
            <maxpow number="0.8614556632425687"/>
            <maxpow number="0.8614556632425687"/>
            <fprob>0.0</fprob>
        </actor>
        <actor name="D0N10">
            <wcet number="0">10</wcet>
            <wcet number="1">160</wcet>
            <maxpow number="0.5548568296237121"/>
            <maxpow number="0.5548568296237121"/>
            <fprob>0.0</fprob>
        </actor>
        <actor name="D0N45">
            <wcet number="0">50</wcet>
            <wcet number="1">80</wcet>
            <maxpow number="0.621625257912366"/>
            <maxpow number="0.621625257912366"/>
            <fprob>0.0</fprob>
        </actor>
        <actor name="D0N32">
            <wcet number="0">70</wcet>
            <wcet number="1">170</wcet>
            <maxpow number="0.3753245927392037"/>
            <maxpow number="0.3753245927392037"/>
            <fprob>0.0</fprob>
        </actor>
        <actor name="D0N37">
            <wcet number="0">30</wcet>
            <wcet number="1">170</wcet>
            <maxpow number="0.5356241859706163"/>
            <maxpow number="0.5356241859706163"/>
            <fprob>0.0</fprob>
        </actor>
        <actor name="D0N34">
            <wcet number="0">10</wcet>
            <wcet number="1">10</wcet>
            <maxpow number="0.621875294638225"/>
            <maxpow number="0.621875294638225"/>
            <fprob>0.0</fprob>
        </actor>
        <actor name="D0N26">
            <wcet number="0">120</wcet>
            <wcet number="1">380</wcet>
            <maxpow number="0.3401008054888046"/>
            <maxpow number="0.3401008054888046"/>
            <fprob>0.0</fprob>
        </actor>
        <actor name="D0N46">
            <wcet number="0">10</wcet>
            <wcet number="1">60</wcet>
            <maxpow number="0.6127512972535737"/>
            <maxpow number="0.6127512972535737"/>
            <fprob>0.0</fprob>
        </actor>
        <actor name="D0N48">
            <wcet number="0">10</wcet>
            <wcet number="1">60</wcet>
            <maxpow number="0.7087043697578574"/>
            <maxpow number="0.7087043697578574"/>
            <fprob>0.0</fprob>
        </actor>
        <actor name="D0N14">
            <wcet number="0">150</wcet>
            <wcet number="1">170</wcet>
            <maxpow number="0.38456538507256527"/>
            <maxpow number="0.38456538507256527"/>
            <fprob>0.0</fprob>
        </actor>
        <actor name="D0N24">
            <wcet number="0">50</wcet>
            <wcet number="1">50</wcet>
            <maxpow number="0.5521204017837017"/>
            <maxpow number="0.5521204017837017"/>
            <fprob>0.0</fprob>
        </actor>
        <actor name="D0N28">
            <wcet number="0">160</wcet>
            <wcet number="1">200</wcet>
            <maxpow number="0.3804921578979086"/>
            <maxpow number="0.3804921578979086"/>
            <fprob>0.0</fprob>
        </actor>
        <actor name="D0N30">
            <wcet number="0">70</wcet>
            <wcet number="1">140</wcet>
            <maxpow number="0.42975013733262146"/>
            <maxpow number="0.42975013733262146"/>
            <fprob>0.0</fprob>
        </actor>
        <actor name="D0N16">
            <wcet number="0">50</wcet>
            <wcet number="1">70</wcet>
            <maxpow number="0.6792857982900933"/>
            <maxpow number="0.6792857982900933"/>
            <fprob>0.0</fprob>
        </actor>
        <actor name="D0N2">
            <wcet number="0">170</wcet>
            <wcet number="1">340</wcet>
            <maxpow number="0.7115860707873018"/>
            <maxpow number="0.7115860707873018"/>
            <fprob>0.0</fprob>
        </actor>
        <actor name="D0N40">
            <wcet number="0">20</wcet>
            <wcet number="1">20</wcet>
            <maxpow number="0.9775474895376147"/>
            <maxpow number="0.9775474895376147"/>
            <fprob>0.0</fprob>
        </actor>
        <actor name="D0N23">
            <wcet number="0">10</wcet>
            <wcet number="1">40</wcet>
            <maxpow number="0.8058064741725244"/>
            <maxpow number="0.8058064741725244"/>
            <fprob>0.0</fprob>
        </actor>
        <actor name="D0N18">
            <wcet number="0">30</wcet>
            <wcet number="1">30</wcet>
            <maxpow number="0.22741656247304437"/>
            <maxpow number="0.22741656247304437"/>
            <fprob>0.0</fprob>
        </actor>
        <actor name="D0N25">
            <wcet number="0">30</wcet>
            <wcet number="1">90</wcet>
            <maxpow number="0.5882616128636136"/>
            <maxpow number="0.5882616128636136"/>
            <fprob>0.0</fprob>
        </actor>
        <actor name="D0N15">
            <wcet number="0">100</wcet>
            <wcet number="1">140</wcet>
            <maxpow number="0.3371901029307244"/>
            <maxpow number="0.3371901029307244"/>
            <fprob>0.0</fprob>
        </actor>
        <actor name="D0N33">
            <wcet number="0">70</wcet>
            <wcet number="1">100</wcet>
            <maxpow number="0.032890746479006694"/>
            <maxpow number="0.032890746479006694"/>
            <fprob>0.0</fprob>
        </actor>
        <actor name="D0N35">
            <wcet number="0">200</wcet>
            <wcet number="1">260</wcet>
            <maxpow number="0.3146404460549672"/>
            <maxpow number="0.3146404460549672"/>
            <fprob>0.0</fprob>
        </actor>
        <actor name="D0N11">
            <wcet number="0">50</wcet>
            <wcet number="1">100</wcet>
            <maxpow number="0.5325550177284042"/>
            <maxpow number="0.5325550177284042"/>
            <fprob>0.0</fprob>
        </actor>
        <actor name="D0N3">
            <wcet number="0">10</wcet>
            <wcet number="1">10</wcet>
            <maxpow number="0.35112686152862066"/>
            <maxpow number="0.35112686152862066"/>
            <fprob>0.0</fprob>
        </actor>
        <actor name="D0N9">
            <wcet number="0">370</wcet>
            <wcet number="1">390</wcet>
            <maxpow number="0.49517494931745437"/>
            <maxpow number="0.49517494931745437"/>
            <fprob>0.0</fprob>
        </actor>
        <actor name="D0N13">
            <wcet number="0">20</wcet>
            <wcet number="1">70</wcet>
            <maxpow number="0.5549110260872464"/>
            <maxpow number="0.5549110260872464"/>
            <fprob>0.0</fprob>
        </actor>
        <actor name="D0N0">
            <wcet number="0">110</wcet>
            <wcet number="1">120</wcet>
            <maxpow number="0.6300333571571848"/>
            <maxpow number="0.6300333571571848"/>
            <fprob>0.0</fprob>
        </actor>
        <actor name="D0N27">
            <wcet number="0">30</wcet>
            <wcet number="1">70</wcet>
            <maxpow number="0.6223428277622576"/>
            <maxpow number="0.6223428277622576"/>
            <fprob>0.0</fprob>
        </actor>
        <actor name="D0N7">
            <wcet number="0">20</wcet>
            <wcet number="1">330</wcet>
            <maxpow number="0.7536145068208704"/>
            <maxpow number="0.7536145068208704"/>
            <fprob>0.0</fprob>
        </actor>
        <actor name="D0N41">
            <wcet number="0">20</wcet>
            <wcet number="1">20</wcet>
            <maxpow number="0.43266657852929513"/>
            <maxpow number="0.43266657852929513"/>
            <fprob>0.0</fprob>
        </actor>
        <actor name="D0N44">
            <wcet number="0">30</wcet>
            <wcet number="1">80</wcet>
            <maxpow number="0.6134092856108567"/>
            <maxpow number="0.6134092856108567"/>
            <fprob>0.0</fprob>
        </actor>
        <actor name="D0N36">
            <wcet number="0">10</wcet>
            <wcet number="1">10</wcet>
            <maxpow number="0.6475278999811521"/>
            <maxpow number="0.6475278999811521"/>
            <fprob>0.0</fprob>
        </actor>
        <actor name="D0N47">
            <wcet number="0">80</wcet>
            <wcet number="1">480</wcet>
            <maxpow number="0.7242148649116014"/>
            <maxpow number="0.7242148649116014"/>
            <fprob>0.0</fprob>
        </actor>
        <actor name="D0N29">
            <wcet number="0">140</wcet>
            <wcet number="1">180</wcet>
            <maxpow number="0.49877227861415996"/>
            <maxpow number="0.49877227861415996"/>
            <fprob>0.0</fprob>
        </actor>
        <actor name="D0N17">
            <wcet number="0">50</wcet>
            <wcet number="1">130</wcet>
            <maxpow number="0.515738414034814"/>
            <maxpow number="0.515738414034814"/>
            <fprob>0.0</fprob>
        </actor>
        <actor name="D0N12">
            <wcet number="0">150</wcet>
            <wcet number="1">450</wcet>
            <maxpow number="0.4758974632957078"/>
            <maxpow number="0.4758974632957078"/>
            <fprob>0.0</fprob>
        </actor>
        <actor name="D0N22">
            <wcet number="0">90</wcet>
            <wcet number="1">160</wcet>
            <maxpow number="0.5148649067980546"/>
            <maxpow number="0.5148649067980546"/>
            <fprob>0.0</fprob>
        </actor>
        <actor name="D0N20">
            <wcet number="0">120</wcet>
            <wcet number="1">720</wcet>
            <maxpow number="0.4410573628436194"/>
            <maxpow number="0.4410573628436194"/>
            <fprob>0.0</fprob>
        </actor>
        <actor name="D0N1">
            <wcet number="0">10</wcet>
            <wcet number="1">10</wcet>
            <maxpow number="0.7173102366359194"/>
            <maxpow number="0.7173102366359194"/>
            <fprob>0.0</fprob>
        </actor>
        <actor name="D0N19">
            <wcet number="0">270</wcet>
            <wcet number="1">400</wcet>
            <maxpow number="0.8040707316136709"/>
            <maxpow number="0.8040707316136709"/>
            <fprob>0.0</fprob>
        </actor>
        <actor name="D0N21">
            <wcet number="0">30</wcet>
            <wcet number="1">50</wcet>
            <maxpow number="0.2847859468740177"/>
            <maxpow number="0.2847859468740177"/>
            <fprob>0.0</fprob>
        </actor>
        <actor name="D0N38">
            <wcet number="0">10</wcet>
            <wcet number="1">120</wcet>
            <maxpow number="0.18731475343303866"/>
            <maxpow number="0.18731475343303866"/>
            <fprob>0.0</fprob>
        </actor>
        <actor name="D0N8">
            <wcet number="0">10</wcet>
            <wcet number="1">10</wcet>
            <maxpow number="0.5973178986526813"/>
            <maxpow number="0.5973178986526813"/>
            <fprob>0.0</fprob>
        </actor>
        <actor name="D0N5">
            <wcet number="0">130</wcet>
            <wcet number="1">230</wcet>
            <maxpow number="0.8791168469834789"/>
            <maxpow number="0.8791168469834789"/>
            <fprob>0.0</fprob>
        </actor>
        <actor name="D0N39">
            <wcet number="0">370</wcet>
            <wcet number="1">370</wcet>
            <maxpow number="0.2156779947024246"/>
            <maxpow number="0.2156779947024246"/>
            <fprob>0.0</fprob>
        </actor>
        <actor name="D0N6">
            <wcet number="0">70</wcet>
            <wcet number="1">170</wcet>
            <maxpow number="0.32075721967680226"/>
            <maxpow number="0.32075721967680226"/>
            <fprob>0.0</fprob>
        </actor>
        <ports>
            <port dstActor="D0N45" name="p0" srcActor="D0N42"/>
            <port dstActor="D0N47" name="p1" srcActor="D0N42"/>
            <port dstActor="D0N15" name="p2" srcActor="D0N4"/>
            <port dstActor="D0N27" name="p3" srcActor="D0N4"/>
            <port dstActor="D0N39" name="p4" srcActor="D0N4"/>
            <port dstActor="D0N13" name="p5" srcActor="D0N4"/>
            <port dstActor="D0N32" name="p6" srcActor="D0N4"/>
            <port dstActor="D0N41" name="p7" srcActor="D0N4"/>
            <port dstActor="D0N47" name="p8" srcActor="D0N10"/>
            <port dstActor="D0N32" name="p9" srcActor="D0N10"/>
            <port dstActor="D0N48" name="p10" srcActor="D0N10"/>
            <port dstActor="D0N48" name="p11" srcActor="D0N45"/>
            <port dstActor="D0N35" name="p12" srcActor="D0N32"/>
            <port dstActor="D0N41" name="p13" srcActor="D0N32"/>
            <port dstActor="D0N43" name="p14" srcActor="D0N34"/>
            <port dstActor="D0N48" name="p15" srcActor="D0N26"/>
            <port dstActor="D0N40" name="p16" srcActor="D0N26"/>
            <port dstActor="D0N47" name="p17" srcActor="D0N46"/>
            <port dstActor="D0N42" name="p18" srcActor="D0N14"/>
            <port dstActor="D0N46" name="p19" srcActor="D0N14"/>
            <port dstActor="D0N44" name="p20" srcActor="D0N14"/>
            <port dstActor="D0N39" name="p21" srcActor="D0N24"/>
            <port dstActor="D0N40" name="p22" srcActor="D0N30"/>
            <port dstActor="D0N43" name="p23" srcActor="D0N16"/>
            <port dstActor="D0N42" name="p24" srcActor="D0N16"/>
            <port dstActor="D0N19" name="p25" srcActor="D0N16"/>
            <port dstActor="D0N8" name="p26" srcActor="D0N2"/>
            <port dstActor="D0N41" name="p27" srcActor="D0N2"/>
            <port dstActor="D0N19" name="p28" srcActor="D0N2"/>
            <port dstActor="D0N36" name="p29" srcActor="D0N2"/>
            <port dstActor="D0N45" name="p30" srcActor="D0N23"/>
            <port dstActor="D0N23" name="p31" srcActor="D0N18"/>
            <port dstActor="D0N20" name="p32" srcActor="D0N18"/>
            <port dstActor="D0N48" name="p33" srcActor="D0N18"/>
            <port dstActor="D0N47" name="p34" srcActor="D0N18"/>
            <port dstActor="D0N34" name="p35" srcActor="D0N18"/>
            <port dstActor="D0N35" name="p36" srcActor="D0N25"/>
            <port dstActor="D0N21" name="p37" srcActor="D0N15"/>
            <port dstActor="D0N46" name="p38" srcActor="D0N15"/>
            <port dstActor="D0N27" name="p39" srcActor="D0N15"/>
            <port dstActor="D0N25" name="p40" srcActor="D0N15"/>
            <port dstActor="D0N24" name="p41" srcActor="D0N15"/>
            <port dstActor="D0N35" name="p42" srcActor="D0N15"/>
            <port dstActor="D0N39" name="p43" srcActor="D0N35"/>
            <port dstActor="D0N30" name="p44" srcActor="D0N11"/>
            <port dstActor="D0N12" name="p45" srcActor="D0N11"/>
            <port dstActor="D0N40" name="p46" srcActor="D0N11"/>
            <port dstActor="D0N19" name="p47" srcActor="D0N11"/>
            <port dstActor="D0N35" name="p48" srcActor="D0N11"/>
            <port dstActor="D0N36" name="p49" srcActor="D0N11"/>
            <port dstActor="D0N20" name="p50" srcActor="D0N11"/>
            <port dstActor="D0N42" name="p51" srcActor="D0N11"/>
            <port dstActor="D0N41" name="p52" srcActor="D0N11"/>
            <port dstActor="D0N26" name="p53" srcActor="D0N3"/>
            <port dstActor="D0N29" name="p54" srcActor="D0N3"/>
            <port dstActor="D0N7" name="p55" srcActor="D0N3"/>
            <port dstActor="D0N28" name="p56" srcActor="D0N9"/>
            <port dstActor="D0N30" name="p57" srcActor="D0N9"/>
            <port dstActor="D0N21" name="p58" srcActor="D0N9"/>
            <port dstActor="D0N38" name="p59" srcActor="D0N13"/>
            <port dstActor="D0N21" name="p60" srcActor="D0N13"/>
            <port dstActor="D0N8" name="p61" srcActor="D0N0"/>
            <port dstActor="D0N6" name="p62" srcActor="D0N0"/>
            <port dstActor="D0N29" name="p63" srcActor="D0N0"/>
            <port dstActor="D0N40" name="p64" srcActor="D0N0"/>
            <port dstActor="D0N1" name="p65" srcActor="D0N0"/>
            <port dstActor="D0N24" name="p66" srcActor="D0N0"/>
            <port dstActor="D0N37" name="p67" srcActor="D0N27"/>
            <port dstActor="D0N29" name="p68" srcActor="D0N27"/>
            <port dstActor="D0N18" name="p69" srcActor="D0N7"/>
            <port dstActor="D0N21" name="p70" srcActor="D0N7"/>
            <port dstActor="D0N39" name="p71" srcActor="D0N7"/>
            <port dstActor="D0N42" name="p72" srcActor="D0N7"/>
            <port dstActor="D0N47" name="p73" srcActor="D0N36"/>
            <port dstActor="D0N31" name="p74" srcActor="D0N29"/>
            <port dstActor="D0N37" name="p75" srcActor="D0N29"/>
            <port dstActor="D0N45" name="p76" srcActor="D0N29"/>
            <port dstActor="D0N26" name="p77" srcActor="D0N17"/>
            <port dstActor="D0N22" name="p78" srcActor="D0N17"/>
            <port dstActor="D0N32" name="p79" srcActor="D0N17"/>
            <port dstActor="D0N21" name="p80" srcActor="D0N12"/>
            <port dstActor="D0N24" name="p81" srcActor="D0N12"/>
            <port dstActor="D0N31" name="p82" srcActor="D0N12"/>
            <port dstActor="D0N22" name="p83" srcActor="D0N12"/>
            <port dstActor="D0N43" name="p84" srcActor="D0N12"/>
            <port dstActor="D0N39" name="p85" srcActor="D0N22"/>
            <port dstActor="D0N24" name="p86" srcActor="D0N22"/>
            <port dstActor="D0N47" name="p87" srcActor="D0N22"/>
            <port dstActor="D0N34" name="p88" srcActor="D0N22"/>
            <port dstActor="D0N42" name="p89" srcActor="D0N20"/>
            <port dstActor="D0N25" name="p90" srcActor="D0N20"/>
            <port dstActor="D0N21" name="p91" srcActor="D0N20"/>
            <port dstActor="D0N26" name="p92" srcActor="D0N20"/>
            <port dstActor="D0N40" name="p93" srcActor="D0N20"/>
            <port dstActor="D0N23" name="p94" srcActor="D0N20"/>
            <port dstActor="D0N25" name="p95" srcActor="D0N1"/>
            <port dstActor="D0N35" name="p96" srcActor="D0N1"/>
            <port dstActor="D0N23" name="p97" srcActor="D0N1"/>
            <port dstActor="D0N37" name="p98" srcActor="D0N19"/>
            <port dstActor="D0N48" name="p99" srcActor="D0N19"/>
            <port dstActor="D0N36" name="p100" srcActor="D0N21"/>
            <port dstActor="D0N22" name="p101" srcActor="D0N21"/>
            <port dstActor="D0N37" name="p102" srcActor="D0N21"/>
            <port dstActor="D0N29" name="p103" srcActor="D0N21"/>
            <port dstActor="D0N46" name="p104" srcActor="D0N21"/>
            <port dstActor="D0N28" name="p105" srcActor="D0N8"/>
            <port dstActor="D0N21" name="p106" srcActor="D0N8"/>
            <port dstActor="D0N37" name="p107" srcActor="D0N8"/>
            <port dstActor="D0N23" name="p108" srcActor="D0N8"/>
            <port dstActor="D0N11" name="p109" srcActor="D0N8"/>
            <port dstActor="D0N23" name="p110" srcActor="D0N5"/>
            <port dstActor="D0N47" name="p111" srcActor="D0N5"/>
            <port dstActor="D0N36" name="p112" srcActor="D0N5"/>
            <port dstActor="D0N35" name="p113" srcActor="D0N5"/>
            <port dstActor="D0N17" name="p114" srcActor="D0N6"/>
            <port dstActor="D0N18" name="p115" srcActor="D0N6"/>
            <port dstActor="D0N29" name="p116" srcActor="D0N6"/>
            <port dstActor="D0N13" name="p117" srcActor="D0N6"/>
            <port dstActor="D0N35" name="p118" srcActor="D0N6"/>
        </ports>
    </mcdag>
    <cores number="3"/>
    <levels number="2"/>
</mcsystem>
