<?xml version="1.0" encoding="UTF-8" standalone="no"?>
<mcsystem>
    <mcdag deadline="2000" name="genned-0-ed-10.0-0">
        <actor name="D0N33">
            <wcet number="0">70</wcet>
            <wcet number="1">110</wcet>
            <maxpow number="0.7198437346160383"/>
            <maxpow number="0.7198437346160383"/>
            <fprob>0.0</fprob>
        </actor>
        <actor name="D0N20">
            <wcet number="0">10</wcet>
            <wcet number="1">10</wcet>
            <maxpow number="0.5775023513240642"/>
            <maxpow number="0.5775023513240642"/>
            <fprob>0.0</fprob>
        </actor>
        <actor name="D0N29">
            <wcet number="0">70</wcet>
            <wcet number="1">130</wcet>
            <maxpow number="0.9737638643309441"/>
            <maxpow number="0.9737638643309441"/>
            <fprob>0.0</fprob>
        </actor>
        <actor name="D0N46">
            <wcet number="0">120</wcet>
            <wcet number="1">120</wcet>
            <maxpow number="0.4819361493530569"/>
            <maxpow number="0.4819361493530569"/>
            <fprob>0.0</fprob>
        </actor>
        <actor name="D0N41">
            <wcet number="0">10</wcet>
            <wcet number="1">10</wcet>
            <maxpow number="0.5612705419527761"/>
            <maxpow number="0.5612705419527761"/>
            <fprob>0.0</fprob>
        </actor>
        <actor name="D0N10">
            <wcet number="0">30</wcet>
            <wcet number="1">70</wcet>
            <maxpow number="0.43514528231083915"/>
            <maxpow number="0.43514528231083915"/>
            <fprob>0.0</fprob>
        </actor>
        <actor name="D0N1">
            <wcet number="0">400</wcet>
            <wcet number="1">440</wcet>
            <maxpow number="0.44801724076647576"/>
            <maxpow number="0.44801724076647576"/>
            <fprob>0.0</fprob>
        </actor>
        <actor name="D0N28">
            <wcet number="0">10</wcet>
            <wcet number="1">50</wcet>
            <maxpow number="0.37994132333629943"/>
            <maxpow number="0.37994132333629943"/>
            <fprob>0.0</fprob>
        </actor>
        <actor name="D0N11">
            <wcet number="0">30</wcet>
            <wcet number="1">30</wcet>
            <maxpow number="0.26552447053597555"/>
            <maxpow number="0.26552447053597555"/>
            <fprob>0.0</fprob>
        </actor>
        <actor name="D0N26">
            <wcet number="0">30</wcet>
            <wcet number="1">80</wcet>
            <maxpow number="0.435423373490677"/>
            <maxpow number="0.435423373490677"/>
            <fprob>0.0</fprob>
        </actor>
        <actor name="D0N47">
            <wcet number="0">40</wcet>
            <wcet number="1">50</wcet>
            <maxpow number="0.83111894241399"/>
            <maxpow number="0.83111894241399"/>
            <fprob>0.0</fprob>
        </actor>
        <actor name="D0N37">
            <wcet number="0">60</wcet>
            <wcet number="1">150</wcet>
            <maxpow number="0.651065057849811"/>
            <maxpow number="0.651065057849811"/>
            <fprob>0.0</fprob>
        </actor>
        <actor name="D0N5">
            <wcet number="0">50</wcet>
            <wcet number="1">290</wcet>
            <maxpow number="0.7516943303355063"/>
            <maxpow number="0.7516943303355063"/>
            <fprob>0.0</fprob>
        </actor>
        <actor name="D0N48">
            <wcet number="0">30</wcet>
            <wcet number="1">50</wcet>
            <maxpow number="0.3425749743790244"/>
            <maxpow number="0.3425749743790244"/>
            <fprob>0.0</fprob>
        </actor>
        <actor name="D0N15">
            <wcet number="0">10</wcet>
            <wcet number="1">40</wcet>
            <maxpow number="0.586944190497075"/>
            <maxpow number="0.586944190497075"/>
            <fprob>0.0</fprob>
        </actor>
        <actor name="D0N31">
            <wcet number="0">20</wcet>
            <wcet number="1">30</wcet>
            <maxpow number="0.5431017779782326"/>
            <maxpow number="0.5431017779782326"/>
            <fprob>0.0</fprob>
        </actor>
        <actor name="D0N13">
            <wcet number="0">10</wcet>
            <wcet number="1">10</wcet>
            <maxpow number="0.7326387688308371"/>
            <maxpow number="0.7326387688308371"/>
            <fprob>0.0</fprob>
        </actor>
        <actor name="D0N6">
            <wcet number="0">170</wcet>
            <wcet number="1">390</wcet>
            <maxpow number="0.4982440794955641"/>
            <maxpow number="0.4982440794955641"/>
            <fprob>0.0</fprob>
        </actor>
        <actor name="D0N36">
            <wcet number="0">40</wcet>
            <wcet number="1">70</wcet>
            <maxpow number="0.61190707095316"/>
            <maxpow number="0.61190707095316"/>
            <fprob>0.0</fprob>
        </actor>
        <actor name="D0N32">
            <wcet number="0">110</wcet>
            <wcet number="1">150</wcet>
            <maxpow number="0.5404723319021324"/>
            <maxpow number="0.5404723319021324"/>
            <fprob>0.0</fprob>
        </actor>
        <actor name="D0N25">
            <wcet number="0">10</wcet>
            <wcet number="1">30</wcet>
            <maxpow number="0.5761258018969315"/>
            <maxpow number="0.5761258018969315"/>
            <fprob>0.0</fprob>
        </actor>
        <actor name="D0N0">
            <wcet number="0">10</wcet>
            <wcet number="1">50</wcet>
            <maxpow number="0.7037634989172816"/>
            <maxpow number="0.7037634989172816"/>
            <fprob>0.0</fprob>
        </actor>
        <actor name="D0N9">
            <wcet number="0">110</wcet>
            <wcet number="1">160</wcet>
            <maxpow number="0.6143041582452003"/>
            <maxpow number="0.6143041582452003"/>
            <fprob>0.0</fprob>
        </actor>
        <actor name="D0N43">
            <wcet number="0">50</wcet>
            <wcet number="1">100</wcet>
            <maxpow number="0.47147207521099066"/>
            <maxpow number="0.47147207521099066"/>
            <fprob>0.0</fprob>
        </actor>
        <actor name="D0N19">
            <wcet number="0">80</wcet>
            <wcet number="1">140</wcet>
            <maxpow number="0.48697172051123616"/>
            <maxpow number="0.48697172051123616"/>
            <fprob>0.0</fprob>
        </actor>
        <actor name="D0N14">
            <wcet number="0">10</wcet>
            <wcet number="1">210</wcet>
            <maxpow number="0.515955194325143"/>
            <maxpow number="0.515955194325143"/>
            <fprob>0.0</fprob>
        </actor>
        <actor name="D0N4">
            <wcet number="0">10</wcet>
            <wcet number="1">10</wcet>
            <maxpow number="0.5313918822383055"/>
            <maxpow number="0.5313918822383055"/>
            <fprob>0.0</fprob>
        </actor>
        <actor name="D0N16">
            <wcet number="0">60</wcet>
            <wcet number="1">70</wcet>
            <maxpow number="0.4533011593700726"/>
            <maxpow number="0.4533011593700726"/>
            <fprob>0.0</fprob>
        </actor>
        <actor name="D0N30">
            <wcet number="0">10</wcet>
            <wcet number="1">80</wcet>
            <maxpow number="0.5598784410911976"/>
            <maxpow number="0.5598784410911976"/>
            <fprob>0.0</fprob>
        </actor>
        <actor name="D0N7">
            <wcet number="0">90</wcet>
            <wcet number="1">400</wcet>
            <maxpow number="0.7872166634236121"/>
            <maxpow number="0.7872166634236121"/>
            <fprob>0.0</fprob>
        </actor>
        <actor name="D0N24">
            <wcet number="0">20</wcet>
            <wcet number="1">30</wcet>
            <maxpow number="0.7904662596268766"/>
            <maxpow number="0.7904662596268766"/>
            <fprob>0.0</fprob>
        </actor>
        <actor name="D0N12">
            <wcet number="0">30</wcet>
            <wcet number="1">30</wcet>
            <maxpow number="0.8166474630190945"/>
            <maxpow number="0.8166474630190945"/>
            <fprob>0.0</fprob>
        </actor>
        <actor name="D0N22">
            <wcet number="0">30</wcet>
            <wcet number="1">40</wcet>
            <maxpow number="0.8347243755416185"/>
            <maxpow number="0.8347243755416185"/>
            <fprob>0.0</fprob>
        </actor>
        <actor name="D0N39">
            <wcet number="0">60</wcet>
            <wcet number="1">60</wcet>
            <maxpow number="0.7033845451926704"/>
            <maxpow number="0.7033845451926704"/>
            <fprob>0.0</fprob>
        </actor>
        <actor name="D0N38">
            <wcet number="0">30</wcet>
            <wcet number="1">80</wcet>
            <maxpow number="0.452733674617835"/>
            <maxpow number="0.452733674617835"/>
            <fprob>0.0</fprob>
        </actor>
        <actor name="D0N3">
            <wcet number="0">10</wcet>
            <wcet number="1">110</wcet>
            <maxpow number="0.3114802737736431"/>
            <maxpow number="0.3114802737736431"/>
            <fprob>0.0</fprob>
        </actor>
        <actor name="D0N42">
            <wcet number="0">10</wcet>
            <wcet number="1">40</wcet>
            <maxpow number="0.7893531190105052"/>
            <maxpow number="0.7893531190105052"/>
            <fprob>0.0</fprob>
        </actor>
        <actor name="D0N17">
            <wcet number="0">270</wcet>
            <wcet number="1">340</wcet>
            <maxpow number="0.3117208575189572"/>
            <maxpow number="0.3117208575189572"/>
            <fprob>0.0</fprob>
        </actor>
        <actor name="D0N40">
            <wcet number="0">170</wcet>
            <wcet number="1">280</wcet>
            <maxpow number="0.4403189563486301"/>
            <maxpow number="0.4403189563486301"/>
            <fprob>0.0</fprob>
        </actor>
        <actor name="D0N34">
            <wcet number="0">60</wcet>
            <wcet number="1">80</wcet>
            <maxpow number="0.4585864335037028"/>
            <maxpow number="0.4585864335037028"/>
            <fprob>0.0</fprob>
        </actor>
        <actor name="D0N27">
            <wcet number="0">50</wcet>
            <wcet number="1">60</wcet>
            <maxpow number="0.37179011921042954"/>
            <maxpow number="0.37179011921042954"/>
            <fprob>0.0</fprob>
        </actor>
        <actor name="D0N21">
            <wcet number="0">30</wcet>
            <wcet number="1">170</wcet>
            <maxpow number="0.5456008812083497"/>
            <maxpow number="0.5456008812083497"/>
            <fprob>0.0</fprob>
        </actor>
        <actor name="D0N23">
            <wcet number="0">110</wcet>
            <wcet number="1">150</wcet>
            <maxpow number="0.6249253087239226"/>
            <maxpow number="0.6249253087239226"/>
            <fprob>0.0</fprob>
        </actor>
        <actor name="D0N44">
            <wcet number="0">20</wcet>
            <wcet number="1">20</wcet>
            <maxpow number="0.4116270262695291"/>
            <maxpow number="0.4116270262695291"/>
            <fprob>0.0</fprob>
        </actor>
        <actor name="D0N18">
            <wcet number="0">10</wcet>
            <wcet number="1">30</wcet>
            <maxpow number="0.2955198462849311"/>
            <maxpow number="0.2955198462849311"/>
            <fprob>0.0</fprob>
        </actor>
        <actor name="D0N8">
            <wcet number="0">50</wcet>
            <wcet number="1">70</wcet>
            <maxpow number="0.6722064322110677"/>
            <maxpow number="0.6722064322110677"/>
            <fprob>0.0</fprob>
        </actor>
        <actor name="D0N35">
            <wcet number="0">60</wcet>
            <wcet number="1">180</wcet>
            <maxpow number="0.6077332468647478"/>
            <maxpow number="0.6077332468647478"/>
            <fprob>0.0</fprob>
        </actor>
        <actor name="D0N45">
            <wcet number="0">250</wcet>
            <wcet number="1">260</wcet>
            <maxpow number="0.5516908053024658"/>
            <maxpow number="0.5516908053024658"/>
            <fprob>0.0</fprob>
        </actor>
        <actor name="D0N2">
            <wcet number="0">10</wcet>
            <wcet number="1">40</wcet>
            <maxpow number="0.533838809371598"/>
            <maxpow number="0.533838809371598"/>
            <fprob>0.0</fprob>
        </actor>
        <ports>
            <port dstActor="D0N37" name="p0" srcActor="D0N33"/>
            <port dstActor="D0N34" name="p1" srcActor="D0N33"/>
            <port dstActor="D0N48" name="p2" srcActor="D0N33"/>
            <port dstActor="D0N25" name="p3" srcActor="D0N20"/>
            <port dstActor="D0N21" name="p4" srcActor="D0N20"/>
            <port dstActor="D0N40" name="p5" srcActor="D0N20"/>
            <port dstActor="D0N42" name="p6" srcActor="D0N20"/>
            <port dstActor="D0N32" name="p7" srcActor="D0N20"/>
            <port dstActor="D0N35" name="p8" srcActor="D0N20"/>
            <port dstActor="D0N40" name="p9" srcActor="D0N29"/>
            <port dstActor="D0N47" name="p10" srcActor="D0N46"/>
            <port dstActor="D0N46" name="p11" srcActor="D0N41"/>
            <port dstActor="D0N36" name="p12" srcActor="D0N10"/>
            <port dstActor="D0N11" name="p13" srcActor="D0N10"/>
            <port dstActor="D0N29" name="p14" srcActor="D0N10"/>
            <port dstActor="D0N20" name="p15" srcActor="D0N10"/>
            <port dstActor="D0N9" name="p16" srcActor="D0N1"/>
            <port dstActor="D0N28" name="p17" srcActor="D0N1"/>
            <port dstActor="D0N40" name="p18" srcActor="D0N1"/>
            <port dstActor="D0N34" name="p19" srcActor="D0N28"/>
            <port dstActor="D0N41" name="p20" srcActor="D0N28"/>
            <port dstActor="D0N37" name="p21" srcActor="D0N28"/>
            <port dstActor="D0N45" name="p22" srcActor="D0N28"/>
            <port dstActor="D0N46" name="p23" srcActor="D0N28"/>
            <port dstActor="D0N17" name="p24" srcActor="D0N11"/>
            <port dstActor="D0N44" name="p25" srcActor="D0N11"/>
            <port dstActor="D0N28" name="p26" srcActor="D0N11"/>
            <port dstActor="D0N40" name="p27" srcActor="D0N11"/>
            <port dstActor="D0N47" name="p28" srcActor="D0N26"/>
            <port dstActor="D0N42" name="p29" srcActor="D0N26"/>
            <port dstActor="D0N39" name="p30" srcActor="D0N37"/>
            <port dstActor="D0N42" name="p31" srcActor="D0N5"/>
            <port dstActor="D0N33" name="p32" srcActor="D0N5"/>
            <port dstActor="D0N27" name="p33" srcActor="D0N5"/>
            <port dstActor="D0N33" name="p34" srcActor="D0N15"/>
            <port dstActor="D0N45" name="p35" srcActor="D0N15"/>
            <port dstActor="D0N37" name="p36" srcActor="D0N31"/>
            <port dstActor="D0N36" name="p37" srcActor="D0N13"/>
            <port dstActor="D0N46" name="p38" srcActor="D0N6"/>
            <port dstActor="D0N7" name="p39" srcActor="D0N6"/>
            <port dstActor="D0N31" name="p40" srcActor="D0N6"/>
            <port dstActor="D0N17" name="p41" srcActor="D0N6"/>
            <port dstActor="D0N35" name="p42" srcActor="D0N6"/>
            <port dstActor="D0N25" name="p43" srcActor="D0N6"/>
            <port dstActor="D0N38" name="p44" srcActor="D0N36"/>
            <port dstActor="D0N33" name="p45" srcActor="D0N32"/>
            <port dstActor="D0N40" name="p46" srcActor="D0N25"/>
            <port dstActor="D0N41" name="p47" srcActor="D0N25"/>
            <port dstActor="D0N29" name="p48" srcActor="D0N0"/>
            <port dstActor="D0N9" name="p49" srcActor="D0N0"/>
            <port dstActor="D0N3" name="p50" srcActor="D0N0"/>
            <port dstActor="D0N42" name="p51" srcActor="D0N9"/>
            <port dstActor="D0N17" name="p52" srcActor="D0N9"/>
            <port dstActor="D0N20" name="p53" srcActor="D0N9"/>
            <port dstActor="D0N26" name="p54" srcActor="D0N9"/>
            <port dstActor="D0N44" name="p55" srcActor="D0N43"/>
            <port dstActor="D0N46" name="p56" srcActor="D0N43"/>
            <port dstActor="D0N34" name="p57" srcActor="D0N19"/>
            <port dstActor="D0N40" name="p58" srcActor="D0N19"/>
            <port dstActor="D0N36" name="p59" srcActor="D0N19"/>
            <port dstActor="D0N33" name="p60" srcActor="D0N14"/>
            <port dstActor="D0N45" name="p61" srcActor="D0N14"/>
            <port dstActor="D0N24" name="p62" srcActor="D0N14"/>
            <port dstActor="D0N27" name="p63" srcActor="D0N4"/>
            <port dstActor="D0N31" name="p64" srcActor="D0N4"/>
            <port dstActor="D0N45" name="p65" srcActor="D0N16"/>
            <port dstActor="D0N28" name="p66" srcActor="D0N16"/>
            <port dstActor="D0N20" name="p67" srcActor="D0N16"/>
            <port dstActor="D0N35" name="p68" srcActor="D0N16"/>
            <port dstActor="D0N40" name="p69" srcActor="D0N30"/>
            <port dstActor="D0N46" name="p70" srcActor="D0N30"/>
            <port dstActor="D0N42" name="p71" srcActor="D0N30"/>
            <port dstActor="D0N10" name="p72" srcActor="D0N7"/>
            <port dstActor="D0N47" name="p73" srcActor="D0N7"/>
            <port dstActor="D0N30" name="p74" srcActor="D0N7"/>
            <port dstActor="D0N32" name="p75" srcActor="D0N7"/>
            <port dstActor="D0N9" name="p76" srcActor="D0N7"/>
            <port dstActor="D0N45" name="p77" srcActor="D0N7"/>
            <port dstActor="D0N12" name="p78" srcActor="D0N7"/>
            <port dstActor="D0N27" name="p79" srcActor="D0N7"/>
            <port dstActor="D0N22" name="p80" srcActor="D0N7"/>
            <port dstActor="D0N35" name="p81" srcActor="D0N24"/>
            <port dstActor="D0N48" name="p82" srcActor="D0N24"/>
            <port dstActor="D0N32" name="p83" srcActor="D0N22"/>
            <port dstActor="D0N40" name="p84" srcActor="D0N22"/>
            <port dstActor="D0N41" name="p85" srcActor="D0N22"/>
            <port dstActor="D0N9" name="p86" srcActor="D0N3"/>
            <port dstActor="D0N44" name="p87" srcActor="D0N3"/>
            <port dstActor="D0N23" name="p88" srcActor="D0N3"/>
            <port dstActor="D0N36" name="p89" srcActor="D0N17"/>
            <port dstActor="D0N42" name="p90" srcActor="D0N17"/>
            <port dstActor="D0N18" name="p91" srcActor="D0N17"/>
            <port dstActor="D0N30" name="p92" srcActor="D0N17"/>
            <port dstActor="D0N31" name="p93" srcActor="D0N17"/>
            <port dstActor="D0N45" name="p94" srcActor="D0N40"/>
            <port dstActor="D0N35" name="p95" srcActor="D0N34"/>
            <port dstActor="D0N42" name="p96" srcActor="D0N34"/>
            <port dstActor="D0N43" name="p97" srcActor="D0N27"/>
            <port dstActor="D0N32" name="p98" srcActor="D0N27"/>
            <port dstActor="D0N28" name="p99" srcActor="D0N27"/>
            <port dstActor="D0N36" name="p100" srcActor="D0N27"/>
            <port dstActor="D0N23" name="p101" srcActor="D0N21"/>
            <port dstActor="D0N46" name="p102" srcActor="D0N23"/>
            <port dstActor="D0N44" name="p103" srcActor="D0N23"/>
            <port dstActor="D0N23" name="p104" srcActor="D0N18"/>
            <port dstActor="D0N27" name="p105" srcActor="D0N18"/>
            <port dstActor="D0N47" name="p106" srcActor="D0N18"/>
            <port dstActor="D0N13" name="p107" srcActor="D0N8"/>
            <port dstActor="D0N14" name="p108" srcActor="D0N8"/>
            <port dstActor="D0N33" name="p109" srcActor="D0N8"/>
            <port dstActor="D0N9" name="p110" srcActor="D0N8"/>
            <port dstActor="D0N41" name="p111" srcActor="D0N8"/>
            <port dstActor="D0N17" name="p112" srcActor="D0N8"/>
            <port dstActor="D0N19" name="p113" srcActor="D0N8"/>
            <port dstActor="D0N37" name="p114" srcActor="D0N2"/>
            <port dstActor="D0N32" name="p115" srcActor="D0N2"/>
        </ports>
    </mcdag>
    <cores number="3"/>
    <levels number="2"/>
</mcsystem>
