<?xml version="1.0" encoding="UTF-8" standalone="no"?>
<mcsystem>
    <mcdag deadline="2200" name="genned-0-ed-10.0-0">
        <actor name="D0N44">
            <wcet number="0">70</wcet>
            <wcet number="1">70</wcet>
            <maxpow number="0.3588040458892626"/>
            <maxpow number="0.3588040458892626"/>
            <fprob>0.0</fprob>
        </actor>
        <actor name="D0N47">
            <wcet number="0">60</wcet>
            <wcet number="1">90</wcet>
            <maxpow number="0.964647552467168"/>
            <maxpow number="0.964647552467168"/>
            <fprob>0.0</fprob>
        </actor>
        <actor name="D0N15">
            <wcet number="0">10</wcet>
            <wcet number="1">130</wcet>
            <maxpow number="0.8201416921869016"/>
            <maxpow number="0.8201416921869016"/>
            <fprob>0.0</fprob>
        </actor>
        <actor name="D0N18">
            <wcet number="0">60</wcet>
            <wcet number="1">210</wcet>
            <maxpow number="0.16331779956778997"/>
            <maxpow number="0.16331779956778997"/>
            <fprob>0.0</fprob>
        </actor>
        <actor name="D0N24">
            <wcet number="0">10</wcet>
            <wcet number="1">40</wcet>
            <maxpow number="0.5486307030589954"/>
            <maxpow number="0.5486307030589954"/>
            <fprob>0.0</fprob>
        </actor>
        <actor name="D0N28">
            <wcet number="0">20</wcet>
            <wcet number="1">180</wcet>
            <maxpow number="0.5490992199081619"/>
            <maxpow number="0.5490992199081619"/>
            <fprob>0.0</fprob>
        </actor>
        <actor name="D0N39">
            <wcet number="0">20</wcet>
            <wcet number="1">40</wcet>
            <maxpow number="0.5937010234876141"/>
            <maxpow number="0.5937010234876141"/>
            <fprob>0.0</fprob>
        </actor>
        <actor name="D0N43">
            <wcet number="0">40</wcet>
            <wcet number="1">80</wcet>
            <maxpow number="0.6492836964978416"/>
            <maxpow number="0.6492836964978416"/>
            <fprob>0.0</fprob>
        </actor>
        <actor name="D0N37">
            <wcet number="0">10</wcet>
            <wcet number="1">20</wcet>
            <maxpow number="0.45124770364930145"/>
            <maxpow number="0.45124770364930145"/>
            <fprob>0.0</fprob>
        </actor>
        <actor name="D0N5">
            <wcet number="0">20</wcet>
            <wcet number="1">40</wcet>
            <maxpow number="0.5580760830560658"/>
            <maxpow number="0.5580760830560658"/>
            <fprob>0.0</fprob>
        </actor>
        <actor name="D0N14">
            <wcet number="0">50</wcet>
            <wcet number="1">110</wcet>
            <maxpow number="0.6099654886455262"/>
            <maxpow number="0.6099654886455262"/>
            <fprob>0.0</fprob>
        </actor>
        <actor name="D0N41">
            <wcet number="0">10</wcet>
            <wcet number="1">10</wcet>
            <maxpow number="0.7031367292043681"/>
            <maxpow number="0.7031367292043681"/>
            <fprob>0.0</fprob>
        </actor>
        <actor name="D0N45">
            <wcet number="0">30</wcet>
            <wcet number="1">40</wcet>
            <maxpow number="0.7887661786628075"/>
            <maxpow number="0.7887661786628075"/>
            <fprob>0.0</fprob>
        </actor>
        <actor name="D0N7">
            <wcet number="0">70</wcet>
            <wcet number="1">100</wcet>
            <maxpow number="0.31829277027881975"/>
            <maxpow number="0.31829277027881975"/>
            <fprob>0.0</fprob>
        </actor>
        <actor name="D0N35">
            <wcet number="0">30</wcet>
            <wcet number="1">40</wcet>
            <maxpow number="0.13770664672533933"/>
            <maxpow number="0.13770664672533933"/>
            <fprob>0.0</fprob>
        </actor>
        <actor name="D0N12">
            <wcet number="0">50</wcet>
            <wcet number="1">50</wcet>
            <maxpow number="0.5535484343756246"/>
            <maxpow number="0.5535484343756246"/>
            <fprob>0.0</fprob>
        </actor>
        <actor name="D0N10">
            <wcet number="0">170</wcet>
            <wcet number="1">170</wcet>
            <maxpow number="0.6823192699817738"/>
            <maxpow number="0.6823192699817738"/>
            <fprob>0.0</fprob>
        </actor>
        <actor name="D0N22">
            <wcet number="0">10</wcet>
            <wcet number="1">30</wcet>
            <maxpow number="0.45209020658255406"/>
            <maxpow number="0.45209020658255406"/>
            <fprob>0.0</fprob>
        </actor>
        <actor name="D0N25">
            <wcet number="0">60</wcet>
            <wcet number="1">160</wcet>
            <maxpow number="0.3777859270599848"/>
            <maxpow number="0.3777859270599848"/>
            <fprob>0.0</fprob>
        </actor>
        <actor name="D0N8">
            <wcet number="0">80</wcet>
            <wcet number="1">140</wcet>
            <maxpow number="0.6161420394517905"/>
            <maxpow number="0.6161420394517905"/>
            <fprob>0.0</fprob>
        </actor>
        <actor name="D0N38">
            <wcet number="0">50</wcet>
            <wcet number="1">90</wcet>
            <maxpow number="0.48840905618852065"/>
            <maxpow number="0.48840905618852065"/>
            <fprob>0.0</fprob>
        </actor>
        <actor name="D0N19">
            <wcet number="0">150</wcet>
            <wcet number="1">230</wcet>
            <maxpow number="0.502482174726591"/>
            <maxpow number="0.502482174726591"/>
            <fprob>0.0</fprob>
        </actor>
        <actor name="D0N40">
            <wcet number="0">100</wcet>
            <wcet number="1">130</wcet>
            <maxpow number="0.49963979672303654"/>
            <maxpow number="0.49963979672303654"/>
            <fprob>0.0</fprob>
        </actor>
        <actor name="D0N46">
            <wcet number="0">10</wcet>
            <wcet number="1">10</wcet>
            <maxpow number="0.38629317333742086"/>
            <maxpow number="0.38629317333742086"/>
            <fprob>0.0</fprob>
        </actor>
        <actor name="D0N29">
            <wcet number="0">30</wcet>
            <wcet number="1">50</wcet>
            <maxpow number="0.2249987192922624"/>
            <maxpow number="0.2249987192922624"/>
            <fprob>0.0</fprob>
        </actor>
        <actor name="D0N33">
            <wcet number="0">50</wcet>
            <wcet number="1">190</wcet>
            <maxpow number="0.643181972751775"/>
            <maxpow number="0.643181972751775"/>
            <fprob>0.0</fprob>
        </actor>
        <actor name="D0N32">
            <wcet number="0">50</wcet>
            <wcet number="1">80</wcet>
            <maxpow number="0.5465737151294139"/>
            <maxpow number="0.5465737151294139"/>
            <fprob>0.0</fprob>
        </actor>
        <actor name="D0N34">
            <wcet number="0">30</wcet>
            <wcet number="1">50</wcet>
            <maxpow number="0.43142657185225736"/>
            <maxpow number="0.43142657185225736"/>
            <fprob>0.0</fprob>
        </actor>
        <actor name="D0N20">
            <wcet number="0">10</wcet>
            <wcet number="1">10</wcet>
            <maxpow number="0.18768034536980777"/>
            <maxpow number="0.18768034536980777"/>
            <fprob>0.0</fprob>
        </actor>
        <actor name="D0N27">
            <wcet number="0">10</wcet>
            <wcet number="1">40</wcet>
            <maxpow number="0.36493194591649747"/>
            <maxpow number="0.36493194591649747"/>
            <fprob>0.0</fprob>
        </actor>
        <actor name="D0N16">
            <wcet number="0">20</wcet>
            <wcet number="1">50</wcet>
            <maxpow number="0.35156386070300916"/>
            <maxpow number="0.35156386070300916"/>
            <fprob>0.0</fprob>
        </actor>
        <actor name="D0N26">
            <wcet number="0">70</wcet>
            <wcet number="1">110</wcet>
            <maxpow number="0.7665083782754053"/>
            <maxpow number="0.7665083782754053"/>
            <fprob>0.0</fprob>
        </actor>
        <actor name="D0N4">
            <wcet number="0">20</wcet>
            <wcet number="1">60</wcet>
            <maxpow number="0.5742915753099"/>
            <maxpow number="0.5742915753099"/>
            <fprob>0.0</fprob>
        </actor>
        <actor name="D0N42">
            <wcet number="0">40</wcet>
            <wcet number="1">130</wcet>
            <maxpow number="0.5881002436982993"/>
            <maxpow number="0.5881002436982993"/>
            <fprob>0.0</fprob>
        </actor>
        <actor name="D0N13">
            <wcet number="0">30</wcet>
            <wcet number="1">80</wcet>
            <maxpow number="0.4892052746702483"/>
            <maxpow number="0.4892052746702483"/>
            <fprob>0.0</fprob>
        </actor>
        <actor name="D0N23">
            <wcet number="0">20</wcet>
            <wcet number="1">20</wcet>
            <maxpow number="0.6095220786768657"/>
            <maxpow number="0.6095220786768657"/>
            <fprob>0.0</fprob>
        </actor>
        <actor name="D0N6">
            <wcet number="0">30</wcet>
            <wcet number="1">70</wcet>
            <maxpow number="0.4487104059467366"/>
            <maxpow number="0.4487104059467366"/>
            <fprob>0.0</fprob>
        </actor>
        <actor name="D0N30">
            <wcet number="0">70</wcet>
            <wcet number="1">140</wcet>
            <maxpow number="0.6308589915348435"/>
            <maxpow number="0.6308589915348435"/>
            <fprob>0.0</fprob>
        </actor>
        <actor name="D0N1">
            <wcet number="0">110</wcet>
            <wcet number="1">230</wcet>
            <maxpow number="0.3215311793401507"/>
            <maxpow number="0.3215311793401507"/>
            <fprob>0.0</fprob>
        </actor>
        <actor name="D0N0">
            <wcet number="0">20</wcet>
            <wcet number="1">30</wcet>
            <maxpow number="0.37203403204593655"/>
            <maxpow number="0.37203403204593655"/>
            <fprob>0.0</fprob>
        </actor>
        <actor name="D0N3">
            <wcet number="0">20</wcet>
            <wcet number="1">70</wcet>
            <maxpow number="0.48119276546854395"/>
            <maxpow number="0.48119276546854395"/>
            <fprob>0.0</fprob>
        </actor>
        <actor name="D0N17">
            <wcet number="0">40</wcet>
            <wcet number="1">50</wcet>
            <maxpow number="0.49515617855856314"/>
            <maxpow number="0.49515617855856314"/>
            <fprob>0.0</fprob>
        </actor>
        <actor name="D0N21">
            <wcet number="0">20</wcet>
            <wcet number="1">50</wcet>
            <maxpow number="0.7481307443782659"/>
            <maxpow number="0.7481307443782659"/>
            <fprob>0.0</fprob>
        </actor>
        <actor name="D0N36">
            <wcet number="0">60</wcet>
            <wcet number="1">90</wcet>
            <maxpow number="0.3131269782787387"/>
            <maxpow number="0.3131269782787387"/>
            <fprob>0.0</fprob>
        </actor>
        <actor name="D0N9">
            <wcet number="0">100</wcet>
            <wcet number="1">150</wcet>
            <maxpow number="0.4306435120235221"/>
            <maxpow number="0.4306435120235221"/>
            <fprob>0.0</fprob>
        </actor>
        <actor name="D0N31">
            <wcet number="0">30</wcet>
            <wcet number="1">40</wcet>
            <maxpow number="0.517452858918619"/>
            <maxpow number="0.517452858918619"/>
            <fprob>0.0</fprob>
        </actor>
        <actor name="D0N2">
            <wcet number="0">60</wcet>
            <wcet number="1">60</wcet>
            <maxpow number="0.6496594903435546"/>
            <maxpow number="0.6496594903435546"/>
            <fprob>0.0</fprob>
        </actor>
        <actor name="D0N11">
            <wcet number="0">210</wcet>
            <wcet number="1">340</wcet>
            <maxpow number="0.8062323128242246"/>
            <maxpow number="0.8062323128242246"/>
            <fprob>0.0</fprob>
        </actor>
        <ports>
            <port dstActor="D0N19" name="p0" srcActor="D0N15"/>
            <port dstActor="D0N20" name="p1" srcActor="D0N18"/>
            <port dstActor="D0N45" name="p2" srcActor="D0N18"/>
            <port dstActor="D0N39" name="p3" srcActor="D0N24"/>
            <port dstActor="D0N36" name="p4" srcActor="D0N28"/>
            <port dstActor="D0N32" name="p5" srcActor="D0N28"/>
            <port dstActor="D0N44" name="p6" srcActor="D0N28"/>
            <port dstActor="D0N41" name="p7" srcActor="D0N28"/>
            <port dstActor="D0N39" name="p8" srcActor="D0N28"/>
            <port dstActor="D0N43" name="p9" srcActor="D0N39"/>
            <port dstActor="D0N40" name="p10" srcActor="D0N39"/>
            <port dstActor="D0N43" name="p11" srcActor="D0N37"/>
            <port dstActor="D0N38" name="p12" srcActor="D0N5"/>
            <port dstActor="D0N37" name="p13" srcActor="D0N5"/>
            <port dstActor="D0N6" name="p14" srcActor="D0N5"/>
            <port dstActor="D0N15" name="p15" srcActor="D0N5"/>
            <port dstActor="D0N20" name="p16" srcActor="D0N5"/>
            <port dstActor="D0N28" name="p17" srcActor="D0N14"/>
            <port dstActor="D0N16" name="p18" srcActor="D0N14"/>
            <port dstActor="D0N26" name="p19" srcActor="D0N7"/>
            <port dstActor="D0N21" name="p20" srcActor="D0N7"/>
            <port dstActor="D0N22" name="p21" srcActor="D0N7"/>
            <port dstActor="D0N43" name="p22" srcActor="D0N35"/>
            <port dstActor="D0N45" name="p23" srcActor="D0N35"/>
            <port dstActor="D0N46" name="p24" srcActor="D0N35"/>
            <port dstActor="D0N20" name="p25" srcActor="D0N12"/>
            <port dstActor="D0N43" name="p26" srcActor="D0N12"/>
            <port dstActor="D0N35" name="p27" srcActor="D0N12"/>
            <port dstActor="D0N16" name="p28" srcActor="D0N12"/>
            <port dstActor="D0N36" name="p29" srcActor="D0N12"/>
            <port dstActor="D0N41" name="p30" srcActor="D0N12"/>
            <port dstActor="D0N32" name="p31" srcActor="D0N12"/>
            <port dstActor="D0N22" name="p32" srcActor="D0N12"/>
            <port dstActor="D0N34" name="p33" srcActor="D0N10"/>
            <port dstActor="D0N32" name="p34" srcActor="D0N10"/>
            <port dstActor="D0N46" name="p35" srcActor="D0N10"/>
            <port dstActor="D0N41" name="p36" srcActor="D0N22"/>
            <port dstActor="D0N35" name="p37" srcActor="D0N22"/>
            <port dstActor="D0N38" name="p38" srcActor="D0N22"/>
            <port dstActor="D0N42" name="p39" srcActor="D0N22"/>
            <port dstActor="D0N27" name="p40" srcActor="D0N25"/>
            <port dstActor="D0N23" name="p41" srcActor="D0N8"/>
            <port dstActor="D0N21" name="p42" srcActor="D0N8"/>
            <port dstActor="D0N33" name="p43" srcActor="D0N8"/>
            <port dstActor="D0N40" name="p44" srcActor="D0N8"/>
            <port dstActor="D0N47" name="p45" srcActor="D0N8"/>
            <port dstActor="D0N39" name="p46" srcActor="D0N8"/>
            <port dstActor="D0N43" name="p47" srcActor="D0N38"/>
            <port dstActor="D0N42" name="p48" srcActor="D0N38"/>
            <port dstActor="D0N45" name="p49" srcActor="D0N38"/>
            <port dstActor="D0N44" name="p50" srcActor="D0N29"/>
            <port dstActor="D0N37" name="p51" srcActor="D0N29"/>
            <port dstActor="D0N39" name="p52" srcActor="D0N33"/>
            <port dstActor="D0N44" name="p53" srcActor="D0N33"/>
            <port dstActor="D0N40" name="p54" srcActor="D0N32"/>
            <port dstActor="D0N36" name="p55" srcActor="D0N32"/>
            <port dstActor="D0N47" name="p56" srcActor="D0N34"/>
            <port dstActor="D0N35" name="p57" srcActor="D0N34"/>
            <port dstActor="D0N35" name="p58" srcActor="D0N20"/>
            <port dstActor="D0N24" name="p59" srcActor="D0N20"/>
            <port dstActor="D0N30" name="p60" srcActor="D0N27"/>
            <port dstActor="D0N33" name="p61" srcActor="D0N27"/>
            <port dstActor="D0N31" name="p62" srcActor="D0N27"/>
            <port dstActor="D0N20" name="p63" srcActor="D0N16"/>
            <port dstActor="D0N44" name="p64" srcActor="D0N16"/>
            <port dstActor="D0N29" name="p65" srcActor="D0N26"/>
            <port dstActor="D0N44" name="p66" srcActor="D0N4"/>
            <port dstActor="D0N39" name="p67" srcActor="D0N4"/>
            <port dstActor="D0N10" name="p68" srcActor="D0N4"/>
            <port dstActor="D0N12" name="p69" srcActor="D0N4"/>
            <port dstActor="D0N44" name="p70" srcActor="D0N42"/>
            <port dstActor="D0N47" name="p71" srcActor="D0N13"/>
            <port dstActor="D0N22" name="p72" srcActor="D0N13"/>
            <port dstActor="D0N14" name="p73" srcActor="D0N13"/>
            <port dstActor="D0N25" name="p74" srcActor="D0N6"/>
            <port dstActor="D0N10" name="p75" srcActor="D0N6"/>
            <port dstActor="D0N47" name="p76" srcActor="D0N6"/>
            <port dstActor="D0N32" name="p77" srcActor="D0N30"/>
            <port dstActor="D0N45" name="p78" srcActor="D0N30"/>
            <port dstActor="D0N43" name="p79" srcActor="D0N30"/>
            <port dstActor="D0N41" name="p80" srcActor="D0N30"/>
            <port dstActor="D0N33" name="p81" srcActor="D0N30"/>
            <port dstActor="D0N31" name="p82" srcActor="D0N1"/>
            <port dstActor="D0N28" name="p83" srcActor="D0N1"/>
            <port dstActor="D0N42" name="p84" srcActor="D0N0"/>
            <port dstActor="D0N32" name="p85" srcActor="D0N0"/>
            <port dstActor="D0N28" name="p86" srcActor="D0N0"/>
            <port dstActor="D0N20" name="p87" srcActor="D0N0"/>
            <port dstActor="D0N27" name="p88" srcActor="D0N0"/>
            <port dstActor="D0N31" name="p89" srcActor="D0N0"/>
            <port dstActor="D0N45" name="p90" srcActor="D0N0"/>
            <port dstActor="D0N13" name="p91" srcActor="D0N3"/>
            <port dstActor="D0N4" name="p92" srcActor="D0N3"/>
            <port dstActor="D0N22" name="p93" srcActor="D0N3"/>
            <port dstActor="D0N43" name="p94" srcActor="D0N3"/>
            <port dstActor="D0N47" name="p95" srcActor="D0N17"/>
            <port dstActor="D0N36" name="p96" srcActor="D0N21"/>
            <port dstActor="D0N25" name="p97" srcActor="D0N21"/>
            <port dstActor="D0N46" name="p98" srcActor="D0N21"/>
            <port dstActor="D0N40" name="p99" srcActor="D0N36"/>
            <port dstActor="D0N34" name="p100" srcActor="D0N9"/>
            <port dstActor="D0N10" name="p101" srcActor="D0N9"/>
            <port dstActor="D0N32" name="p102" srcActor="D0N9"/>
            <port dstActor="D0N28" name="p103" srcActor="D0N9"/>
            <port dstActor="D0N35" name="p104" srcActor="D0N31"/>
            <port dstActor="D0N40" name="p105" srcActor="D0N31"/>
            <port dstActor="D0N29" name="p106" srcActor="D0N2"/>
            <port dstActor="D0N26" name="p107" srcActor="D0N2"/>
            <port dstActor="D0N4" name="p108" srcActor="D0N2"/>
            <port dstActor="D0N19" name="p109" srcActor="D0N11"/>
            <port dstActor="D0N45" name="p110" srcActor="D0N11"/>
            <port dstActor="D0N13" name="p111" srcActor="D0N11"/>
        </ports>
    </mcdag>
    <cores number="2"/>
    <levels number="2"/>
</mcsystem>
