<?xml version="1.0" encoding="UTF-8" standalone="no"?>
<mcsystem>
    <mcdag deadline="4000" name="genned-0-ed-10.0-0">
        <actor name="D0N37">
            <wcet number="0">10</wcet>
            <wcet number="1">20</wcet>
            <maxpow number="0.21220975476401643"/>
            <maxpow number="0.21220975476401643"/>
            <fprob>0.0</fprob>
        </actor>
        <actor name="D0N41">
            <wcet number="0">60</wcet>
            <wcet number="1">140</wcet>
            <maxpow number="0.43753176971289287"/>
            <maxpow number="0.43753176971289287"/>
            <fprob>0.0</fprob>
        </actor>
        <actor name="D0N28">
            <wcet number="0">10</wcet>
            <wcet number="1">70</wcet>
            <maxpow number="0.30470314988886915"/>
            <maxpow number="0.30470314988886915"/>
            <fprob>0.0</fprob>
        </actor>
        <actor name="D0N21">
            <wcet number="0">40</wcet>
            <wcet number="1">40</wcet>
            <maxpow number="0.5406521547244255"/>
            <maxpow number="0.5406521547244255"/>
            <fprob>0.0</fprob>
        </actor>
        <actor name="D0N26">
            <wcet number="0">170</wcet>
            <wcet number="1">260</wcet>
            <maxpow number="0.5467206501349497"/>
            <maxpow number="0.5467206501349497"/>
            <fprob>0.0</fprob>
        </actor>
        <actor name="D0N40">
            <wcet number="0">60</wcet>
            <wcet number="1">130</wcet>
            <maxpow number="1.046153395655857"/>
            <maxpow number="1.046153395655857"/>
            <fprob>0.0</fprob>
        </actor>
        <actor name="D0N19">
            <wcet number="0">140</wcet>
            <wcet number="1">200</wcet>
            <maxpow number="0.31770983661001984"/>
            <maxpow number="0.31770983661001984"/>
            <fprob>0.0</fprob>
        </actor>
        <actor name="D0N25">
            <wcet number="0">10</wcet>
            <wcet number="1">10</wcet>
            <maxpow number="0.6270851645547865"/>
            <maxpow number="0.6270851645547865"/>
            <fprob>0.0</fprob>
        </actor>
        <actor name="D0N14">
            <wcet number="0">100</wcet>
            <wcet number="1">170</wcet>
            <maxpow number="0.38075415516780786"/>
            <maxpow number="0.38075415516780786"/>
            <fprob>0.0</fprob>
        </actor>
        <actor name="D0N44">
            <wcet number="0">10</wcet>
            <wcet number="1">30</wcet>
            <maxpow number="0.6637401726168216"/>
            <maxpow number="0.6637401726168216"/>
            <fprob>0.0</fprob>
        </actor>
        <actor name="D0N29">
            <wcet number="0">620</wcet>
            <wcet number="1">630</wcet>
            <maxpow number="0.6980059008506938"/>
            <maxpow number="0.6980059008506938"/>
            <fprob>0.0</fprob>
        </actor>
        <actor name="D0N34">
            <wcet number="0">140</wcet>
            <wcet number="1">220</wcet>
            <maxpow number="0.4684287063821785"/>
            <maxpow number="0.4684287063821785"/>
            <fprob>0.0</fprob>
        </actor>
        <actor name="D0N31">
            <wcet number="0">10</wcet>
            <wcet number="1">10</wcet>
            <maxpow number="0.23924421080903696"/>
            <maxpow number="0.23924421080903696"/>
            <fprob>0.0</fprob>
        </actor>
        <actor name="D0N45">
            <wcet number="0">50</wcet>
            <wcet number="1">70</wcet>
            <maxpow number="0.6587723114434836"/>
            <maxpow number="0.6587723114434836"/>
            <fprob>0.0</fprob>
        </actor>
        <actor name="D0N0">
            <wcet number="0">10</wcet>
            <wcet number="1">20</wcet>
            <maxpow number="0.5573389591551736"/>
            <maxpow number="0.5573389591551736"/>
            <fprob>0.0</fprob>
        </actor>
        <actor name="D0N1">
            <wcet number="0">40</wcet>
            <wcet number="1">160</wcet>
            <maxpow number="0.7063764406814618"/>
            <maxpow number="0.7063764406814618"/>
            <fprob>0.0</fprob>
        </actor>
        <actor name="D0N20">
            <wcet number="0">120</wcet>
            <wcet number="1">130</wcet>
            <maxpow number="0.1961145868074442"/>
            <maxpow number="0.1961145868074442"/>
            <fprob>0.0</fprob>
        </actor>
        <actor name="D0N3">
            <wcet number="0">210</wcet>
            <wcet number="1">260</wcet>
            <maxpow number="0.4446186666057469"/>
            <maxpow number="0.4446186666057469"/>
            <fprob>0.0</fprob>
        </actor>
        <actor name="D0N30">
            <wcet number="0">410</wcet>
            <wcet number="1">580</wcet>
            <maxpow number="0.5289120180866088"/>
            <maxpow number="0.5289120180866088"/>
            <fprob>0.0</fprob>
        </actor>
        <actor name="D0N17">
            <wcet number="0">60</wcet>
            <wcet number="1">170</wcet>
            <maxpow number="0.39875678892623456"/>
            <maxpow number="0.39875678892623456"/>
            <fprob>0.0</fprob>
        </actor>
        <actor name="D0N5">
            <wcet number="0">30</wcet>
            <wcet number="1">290</wcet>
            <maxpow number="0.5882049653067496"/>
            <maxpow number="0.5882049653067496"/>
            <fprob>0.0</fprob>
        </actor>
        <actor name="D0N16">
            <wcet number="0">10</wcet>
            <wcet number="1">30</wcet>
            <maxpow number="0.7177590179865663"/>
            <maxpow number="0.7177590179865663"/>
            <fprob>0.0</fprob>
        </actor>
        <actor name="D0N27">
            <wcet number="0">70</wcet>
            <wcet number="1">560</wcet>
            <maxpow number="0.40254462449721073"/>
            <maxpow number="0.40254462449721073"/>
            <fprob>0.0</fprob>
        </actor>
        <actor name="D0N49">
            <wcet number="0">150</wcet>
            <wcet number="1">260</wcet>
            <maxpow number="0.8279539053042542"/>
            <maxpow number="0.8279539053042542"/>
            <fprob>0.0</fprob>
        </actor>
        <actor name="D0N13">
            <wcet number="0">10</wcet>
            <wcet number="1">10</wcet>
            <maxpow number="0.7616241232137562"/>
            <maxpow number="0.7616241232137562"/>
            <fprob>0.0</fprob>
        </actor>
        <actor name="D0N6">
            <wcet number="0">220</wcet>
            <wcet number="1">280</wcet>
            <maxpow number="0.2801380267346514"/>
            <maxpow number="0.2801380267346514"/>
            <fprob>0.0</fprob>
        </actor>
        <actor name="D0N33">
            <wcet number="0">40</wcet>
            <wcet number="1">140</wcet>
            <maxpow number="0.9601186626416688"/>
            <maxpow number="0.9601186626416688"/>
            <fprob>0.0</fprob>
        </actor>
        <actor name="D0N43">
            <wcet number="0">20</wcet>
            <wcet number="1">170</wcet>
            <maxpow number="0.4820536940136477"/>
            <maxpow number="0.4820536940136477"/>
            <fprob>0.0</fprob>
        </actor>
        <actor name="D0N9">
            <wcet number="0">170</wcet>
            <wcet number="1">190</wcet>
            <maxpow number="0.4549022018636946"/>
            <maxpow number="0.4549022018636946"/>
            <fprob>0.0</fprob>
        </actor>
        <actor name="D0N35">
            <wcet number="0">20</wcet>
            <wcet number="1">410</wcet>
            <maxpow number="0.7761401134852525"/>
            <maxpow number="0.7761401134852525"/>
            <fprob>0.0</fprob>
        </actor>
        <actor name="D0N4">
            <wcet number="0">110</wcet>
            <wcet number="1">120</wcet>
            <maxpow number="0.8473113551755689"/>
            <maxpow number="0.8473113551755689"/>
            <fprob>0.0</fprob>
        </actor>
        <actor name="D0N47">
            <wcet number="0">200</wcet>
            <wcet number="1">210</wcet>
            <maxpow number="0.6594309354287127"/>
            <maxpow number="0.6594309354287127"/>
            <fprob>0.0</fprob>
        </actor>
        <actor name="D0N36">
            <wcet number="0">10</wcet>
            <wcet number="1">270</wcet>
            <maxpow number="0.4159737664025319"/>
            <maxpow number="0.4159737664025319"/>
            <fprob>0.0</fprob>
        </actor>
        <actor name="D0N39">
            <wcet number="0">30</wcet>
            <wcet number="1">170</wcet>
            <maxpow number="0.5042112159028012"/>
            <maxpow number="0.5042112159028012"/>
            <fprob>0.0</fprob>
        </actor>
        <actor name="D0N11">
            <wcet number="0">210</wcet>
            <wcet number="1">470</wcet>
            <maxpow number="0.3311636986717089"/>
            <maxpow number="0.3311636986717089"/>
            <fprob>0.0</fprob>
        </actor>
        <actor name="D0N8">
            <wcet number="0">10</wcet>
            <wcet number="1">10</wcet>
            <maxpow number="0.5607409350943177"/>
            <maxpow number="0.5607409350943177"/>
            <fprob>0.0</fprob>
        </actor>
        <actor name="D0N12">
            <wcet number="0">80</wcet>
            <wcet number="1">120</wcet>
            <maxpow number="0.6274618618856612"/>
            <maxpow number="0.6274618618856612"/>
            <fprob>0.0</fprob>
        </actor>
        <actor name="D0N22">
            <wcet number="0">240</wcet>
            <wcet number="1">420</wcet>
            <maxpow number="0.7037836421940539"/>
            <maxpow number="0.7037836421940539"/>
            <fprob>0.0</fprob>
        </actor>
        <actor name="D0N7">
            <wcet number="0">70</wcet>
            <wcet number="1">200</wcet>
            <maxpow number="0.6189959254946055"/>
            <maxpow number="0.6189959254946055"/>
            <fprob>0.0</fprob>
        </actor>
        <actor name="D0N46">
            <wcet number="0">10</wcet>
            <wcet number="1">10</wcet>
            <maxpow number="0.7659561798967364"/>
            <maxpow number="0.7659561798967364"/>
            <fprob>0.0</fprob>
        </actor>
        <actor name="D0N10">
            <wcet number="0">50</wcet>
            <wcet number="1">200</wcet>
            <maxpow number="0.8216674107160867"/>
            <maxpow number="0.8216674107160867"/>
            <fprob>0.0</fprob>
        </actor>
        <actor name="D0N24">
            <wcet number="0">30</wcet>
            <wcet number="1">30</wcet>
            <maxpow number="0.5912741553946206"/>
            <maxpow number="0.5912741553946206"/>
            <fprob>0.0</fprob>
        </actor>
        <actor name="D0N38">
            <wcet number="0">210</wcet>
            <wcet number="1">460</wcet>
            <maxpow number="0.3449599768099688"/>
            <maxpow number="0.3449599768099688"/>
            <fprob>0.0</fprob>
        </actor>
        <actor name="D0N42">
            <wcet number="0">10</wcet>
            <wcet number="1">20</wcet>
            <maxpow number="0.49241086901748826"/>
            <maxpow number="0.49241086901748826"/>
            <fprob>0.0</fprob>
        </actor>
        <actor name="D0N2">
            <wcet number="0">80</wcet>
            <wcet number="1">110</wcet>
            <maxpow number="0.6398060618937405"/>
            <maxpow number="0.6398060618937405"/>
            <fprob>0.0</fprob>
        </actor>
        <actor name="D0N23">
            <wcet number="0">220</wcet>
            <wcet number="1">230</wcet>
            <maxpow number="0.8204917043612523"/>
            <maxpow number="0.8204917043612523"/>
            <fprob>0.0</fprob>
        </actor>
        <actor name="D0N48">
            <wcet number="0">10</wcet>
            <wcet number="1">110</wcet>
            <maxpow number="0.3589817119284222"/>
            <maxpow number="0.3589817119284222"/>
            <fprob>0.0</fprob>
        </actor>
        <actor name="D0N15">
            <wcet number="0">20</wcet>
            <wcet number="1">70</wcet>
            <maxpow number="0.3354819423754553"/>
            <maxpow number="0.3354819423754553"/>
            <fprob>0.0</fprob>
        </actor>
        <actor name="D0N32">
            <wcet number="0">70</wcet>
            <wcet number="1">190</wcet>
            <maxpow number="0.6001210349961194"/>
            <maxpow number="0.6001210349961194"/>
            <fprob>0.0</fprob>
        </actor>
        <actor name="D0N18">
            <wcet number="0">20</wcet>
            <wcet number="1">120</wcet>
            <maxpow number="0.40503238464002045"/>
            <maxpow number="0.40503238464002045"/>
            <fprob>0.0</fprob>
        </actor>
        <ports>
            <port dstActor="D0N49" name="p0" srcActor="D0N37"/>
            <port dstActor="D0N44" name="p1" srcActor="D0N37"/>
            <port dstActor="D0N42" name="p2" srcActor="D0N41"/>
            <port dstActor="D0N44" name="p3" srcActor="D0N41"/>
            <port dstActor="D0N49" name="p4" srcActor="D0N41"/>
            <port dstActor="D0N47" name="p5" srcActor="D0N21"/>
            <port dstActor="D0N44" name="p6" srcActor="D0N21"/>
            <port dstActor="D0N30" name="p7" srcActor="D0N26"/>
            <port dstActor="D0N32" name="p8" srcActor="D0N26"/>
            <port dstActor="D0N39" name="p9" srcActor="D0N26"/>
            <port dstActor="D0N45" name="p10" srcActor="D0N26"/>
            <port dstActor="D0N48" name="p11" srcActor="D0N40"/>
            <port dstActor="D0N29" name="p12" srcActor="D0N19"/>
            <port dstActor="D0N22" name="p13" srcActor="D0N19"/>
            <port dstActor="D0N31" name="p14" srcActor="D0N19"/>
            <port dstActor="D0N29" name="p15" srcActor="D0N25"/>
            <port dstActor="D0N40" name="p16" srcActor="D0N25"/>
            <port dstActor="D0N26" name="p17" srcActor="D0N25"/>
            <port dstActor="D0N32" name="p18" srcActor="D0N25"/>
            <port dstActor="D0N47" name="p19" srcActor="D0N14"/>
            <port dstActor="D0N49" name="p20" srcActor="D0N44"/>
            <port dstActor="D0N45" name="p21" srcActor="D0N29"/>
            <port dstActor="D0N30" name="p22" srcActor="D0N29"/>
            <port dstActor="D0N41" name="p23" srcActor="D0N29"/>
            <port dstActor="D0N39" name="p24" srcActor="D0N0"/>
            <port dstActor="D0N25" name="p25" srcActor="D0N0"/>
            <port dstActor="D0N8" name="p26" srcActor="D0N0"/>
            <port dstActor="D0N38" name="p27" srcActor="D0N0"/>
            <port dstActor="D0N23" name="p28" srcActor="D0N0"/>
            <port dstActor="D0N10" name="p29" srcActor="D0N0"/>
            <port dstActor="D0N48" name="p30" srcActor="D0N0"/>
            <port dstActor="D0N46" name="p31" srcActor="D0N0"/>
            <port dstActor="D0N30" name="p32" srcActor="D0N0"/>
            <port dstActor="D0N30" name="p33" srcActor="D0N1"/>
            <port dstActor="D0N47" name="p34" srcActor="D0N1"/>
            <port dstActor="D0N13" name="p35" srcActor="D0N1"/>
            <port dstActor="D0N35" name="p36" srcActor="D0N1"/>
            <port dstActor="D0N41" name="p37" srcActor="D0N20"/>
            <port dstActor="D0N35" name="p38" srcActor="D0N20"/>
            <port dstActor="D0N8" name="p39" srcActor="D0N3"/>
            <port dstActor="D0N33" name="p40" srcActor="D0N3"/>
            <port dstActor="D0N5" name="p41" srcActor="D0N3"/>
            <port dstActor="D0N22" name="p42" srcActor="D0N3"/>
            <port dstActor="D0N38" name="p43" srcActor="D0N3"/>
            <port dstActor="D0N46" name="p44" srcActor="D0N3"/>
            <port dstActor="D0N4" name="p45" srcActor="D0N3"/>
            <port dstActor="D0N34" name="p46" srcActor="D0N17"/>
            <port dstActor="D0N24" name="p47" srcActor="D0N17"/>
            <port dstActor="D0N42" name="p48" srcActor="D0N5"/>
            <port dstActor="D0N35" name="p49" srcActor="D0N5"/>
            <port dstActor="D0N17" name="p50" srcActor="D0N5"/>
            <port dstActor="D0N40" name="p51" srcActor="D0N5"/>
            <port dstActor="D0N23" name="p52" srcActor="D0N16"/>
            <port dstActor="D0N37" name="p53" srcActor="D0N16"/>
            <port dstActor="D0N27" name="p54" srcActor="D0N13"/>
            <port dstActor="D0N36" name="p55" srcActor="D0N13"/>
            <port dstActor="D0N25" name="p56" srcActor="D0N13"/>
            <port dstActor="D0N21" name="p57" srcActor="D0N13"/>
            <port dstActor="D0N17" name="p58" srcActor="D0N13"/>
            <port dstActor="D0N8" name="p59" srcActor="D0N6"/>
            <port dstActor="D0N14" name="p60" srcActor="D0N6"/>
            <port dstActor="D0N16" name="p61" srcActor="D0N6"/>
            <port dstActor="D0N31" name="p62" srcActor="D0N6"/>
            <port dstActor="D0N49" name="p63" srcActor="D0N9"/>
            <port dstActor="D0N43" name="p64" srcActor="D0N9"/>
            <port dstActor="D0N41" name="p65" srcActor="D0N9"/>
            <port dstActor="D0N42" name="p66" srcActor="D0N35"/>
            <port dstActor="D0N7" name="p67" srcActor="D0N4"/>
            <port dstActor="D0N18" name="p68" srcActor="D0N4"/>
            <port dstActor="D0N47" name="p69" srcActor="D0N4"/>
            <port dstActor="D0N43" name="p70" srcActor="D0N4"/>
            <port dstActor="D0N49" name="p71" srcActor="D0N4"/>
            <port dstActor="D0N36" name="p72" srcActor="D0N4"/>
            <port dstActor="D0N26" name="p73" srcActor="D0N4"/>
            <port dstActor="D0N29" name="p74" srcActor="D0N4"/>
            <port dstActor="D0N39" name="p75" srcActor="D0N4"/>
            <port dstActor="D0N48" name="p76" srcActor="D0N39"/>
            <port dstActor="D0N12" name="p77" srcActor="D0N11"/>
            <port dstActor="D0N33" name="p78" srcActor="D0N11"/>
            <port dstActor="D0N48" name="p79" srcActor="D0N11"/>
            <port dstActor="D0N26" name="p80" srcActor="D0N8"/>
            <port dstActor="D0N18" name="p81" srcActor="D0N8"/>
            <port dstActor="D0N11" name="p82" srcActor="D0N8"/>
            <port dstActor="D0N31" name="p83" srcActor="D0N8"/>
            <port dstActor="D0N39" name="p84" srcActor="D0N12"/>
            <port dstActor="D0N14" name="p85" srcActor="D0N12"/>
            <port dstActor="D0N13" name="p86" srcActor="D0N12"/>
            <port dstActor="D0N26" name="p87" srcActor="D0N22"/>
            <port dstActor="D0N13" name="p88" srcActor="D0N7"/>
            <port dstActor="D0N12" name="p89" srcActor="D0N7"/>
            <port dstActor="D0N25" name="p90" srcActor="D0N7"/>
            <port dstActor="D0N10" name="p91" srcActor="D0N7"/>
            <port dstActor="D0N20" name="p92" srcActor="D0N10"/>
            <port dstActor="D0N33" name="p93" srcActor="D0N10"/>
            <port dstActor="D0N31" name="p94" srcActor="D0N10"/>
            <port dstActor="D0N21" name="p95" srcActor="D0N10"/>
            <port dstActor="D0N42" name="p96" srcActor="D0N24"/>
            <port dstActor="D0N39" name="p97" srcActor="D0N24"/>
            <port dstActor="D0N35" name="p98" srcActor="D0N24"/>
            <port dstActor="D0N47" name="p99" srcActor="D0N38"/>
            <port dstActor="D0N28" name="p100" srcActor="D0N2"/>
            <port dstActor="D0N48" name="p101" srcActor="D0N2"/>
            <port dstActor="D0N4" name="p102" srcActor="D0N2"/>
            <port dstActor="D0N27" name="p103" srcActor="D0N23"/>
            <port dstActor="D0N49" name="p104" srcActor="D0N23"/>
            <port dstActor="D0N33" name="p105" srcActor="D0N23"/>
            <port dstActor="D0N26" name="p106" srcActor="D0N23"/>
            <port dstActor="D0N29" name="p107" srcActor="D0N15"/>
            <port dstActor="D0N22" name="p108" srcActor="D0N15"/>
            <port dstActor="D0N46" name="p109" srcActor="D0N15"/>
            <port dstActor="D0N40" name="p110" srcActor="D0N15"/>
            <port dstActor="D0N32" name="p111" srcActor="D0N15"/>
            <port dstActor="D0N19" name="p112" srcActor="D0N15"/>
            <port dstActor="D0N47" name="p113" srcActor="D0N32"/>
            <port dstActor="D0N34" name="p114" srcActor="D0N18"/>
            <port dstActor="D0N26" name="p115" srcActor="D0N18"/>
            <port dstActor="D0N48" name="p116" srcActor="D0N18"/>
            <port dstActor="D0N28" name="p117" srcActor="D0N18"/>
            <port dstActor="D0N29" name="p118" srcActor="D0N18"/>
            <port dstActor="D0N24" name="p119" srcActor="D0N18"/>
            <port dstActor="D0N22" name="p120" srcActor="D0N18"/>
        </ports>
    </mcdag>
    <cores number="3"/>
    <levels number="2"/>
</mcsystem>
