<?xml version="1.0" encoding="UTF-8" standalone="no"?>
<mcsystem>
    <mcdag deadline="4000" name="genned-0-ed-10.0-0">
        <actor name="D0N23">
            <wcet number="0">210</wcet>
            <wcet number="1">300</wcet>
            <maxpow number="0.45868516566451334"/>
            <maxpow number="0.45868516566451334"/>
            <fprob>0.0</fprob>
        </actor>
        <actor name="D0N18">
            <wcet number="0">20</wcet>
            <wcet number="1">60</wcet>
            <maxpow number="0.7829661487330368"/>
            <maxpow number="0.7829661487330368"/>
            <fprob>0.0</fprob>
        </actor>
        <actor name="D0N27">
            <wcet number="0">160</wcet>
            <wcet number="1">180</wcet>
            <maxpow number="0.19738675565389102"/>
            <maxpow number="0.19738675565389102"/>
            <fprob>0.0</fprob>
        </actor>
        <actor name="D0N11">
            <wcet number="0">100</wcet>
            <wcet number="1">130</wcet>
            <maxpow number="0.8402436554735693"/>
            <maxpow number="0.8402436554735693"/>
            <fprob>0.0</fprob>
        </actor>
        <actor name="D0N7">
            <wcet number="0">300</wcet>
            <wcet number="1">320</wcet>
            <maxpow number="0.7605490386493161"/>
            <maxpow number="0.7605490386493161"/>
            <fprob>0.0</fprob>
        </actor>
        <actor name="D0N42">
            <wcet number="0">50</wcet>
            <wcet number="1">100</wcet>
            <maxpow number="0.3680272292981619"/>
            <maxpow number="0.3680272292981619"/>
            <fprob>0.0</fprob>
        </actor>
        <actor name="D0N31">
            <wcet number="0">10</wcet>
            <wcet number="1">30</wcet>
            <maxpow number="0.38320212158823963"/>
            <maxpow number="0.38320212158823963"/>
            <fprob>0.0</fprob>
        </actor>
        <actor name="D0N33">
            <wcet number="0">10</wcet>
            <wcet number="1">20</wcet>
            <maxpow number="0.7385599676060854"/>
            <maxpow number="0.7385599676060854"/>
            <fprob>0.0</fprob>
        </actor>
        <actor name="D0N19">
            <wcet number="0">50</wcet>
            <wcet number="1">290</wcet>
            <maxpow number="0.9400486377187046"/>
            <maxpow number="0.9400486377187046"/>
            <fprob>0.0</fprob>
        </actor>
        <actor name="D0N37">
            <wcet number="0">80</wcet>
            <wcet number="1">540</wcet>
            <maxpow number="0.4419026445287368"/>
            <maxpow number="0.4419026445287368"/>
            <fprob>0.0</fprob>
        </actor>
        <actor name="D0N17">
            <wcet number="0">40</wcet>
            <wcet number="1">90</wcet>
            <maxpow number="0.6753543812898918"/>
            <maxpow number="0.6753543812898918"/>
            <fprob>0.0</fprob>
        </actor>
        <actor name="D0N38">
            <wcet number="0">10</wcet>
            <wcet number="1">30</wcet>
            <maxpow number="0.20386942470183422"/>
            <maxpow number="0.20386942470183422"/>
            <fprob>0.0</fprob>
        </actor>
        <actor name="D0N44">
            <wcet number="0">250</wcet>
            <wcet number="1">420</wcet>
            <maxpow number="0.7701438034325157"/>
            <maxpow number="0.7701438034325157"/>
            <fprob>0.0</fprob>
        </actor>
        <actor name="D0N5">
            <wcet number="0">30</wcet>
            <wcet number="1">70</wcet>
            <maxpow number="0.45916683485539983"/>
            <maxpow number="0.45916683485539983"/>
            <fprob>0.0</fprob>
        </actor>
        <actor name="D0N29">
            <wcet number="0">120</wcet>
            <wcet number="1">370</wcet>
            <maxpow number="0.5162906973054998"/>
            <maxpow number="0.5162906973054998"/>
            <fprob>0.0</fprob>
        </actor>
        <actor name="D0N6">
            <wcet number="0">20</wcet>
            <wcet number="1">30</wcet>
            <maxpow number="0.5875904598313715"/>
            <maxpow number="0.5875904598313715"/>
            <fprob>0.0</fprob>
        </actor>
        <actor name="D0N21">
            <wcet number="0">110</wcet>
            <wcet number="1">220</wcet>
            <maxpow number="0.7239245915228724"/>
            <maxpow number="0.7239245915228724"/>
            <fprob>0.0</fprob>
        </actor>
        <actor name="D0N2">
            <wcet number="0">100</wcet>
            <wcet number="1">140</wcet>
            <maxpow number="0.3167434589728464"/>
            <maxpow number="0.3167434589728464"/>
            <fprob>0.0</fprob>
        </actor>
        <actor name="D0N1">
            <wcet number="0">150</wcet>
            <wcet number="1">250</wcet>
            <maxpow number="0.3546596641700425"/>
            <maxpow number="0.3546596641700425"/>
            <fprob>0.0</fprob>
        </actor>
        <actor name="D0N43">
            <wcet number="0">20</wcet>
            <wcet number="1">60</wcet>
            <maxpow number="0.5974191906454676"/>
            <maxpow number="0.5974191906454676"/>
            <fprob>0.0</fprob>
        </actor>
        <actor name="D0N0">
            <wcet number="0">300</wcet>
            <wcet number="1">380</wcet>
            <maxpow number="0.43083267720884233"/>
            <maxpow number="0.43083267720884233"/>
            <fprob>0.0</fprob>
        </actor>
        <actor name="D0N26">
            <wcet number="0">100</wcet>
            <wcet number="1">130</wcet>
            <maxpow number="0.6047858941155655"/>
            <maxpow number="0.6047858941155655"/>
            <fprob>0.0</fprob>
        </actor>
        <actor name="D0N47">
            <wcet number="0">150</wcet>
            <wcet number="1">420</wcet>
            <maxpow number="0.6072557590596638"/>
            <maxpow number="0.6072557590596638"/>
            <fprob>0.0</fprob>
        </actor>
        <actor name="D0N41">
            <wcet number="0">20</wcet>
            <wcet number="1">30</wcet>
            <maxpow number="-0.12902064188913265"/>
            <maxpow number="-0.12902064188913265"/>
            <fprob>0.0</fprob>
        </actor>
        <actor name="D0N48">
            <wcet number="0">110</wcet>
            <wcet number="1">170</wcet>
            <maxpow number="0.1212701929470979"/>
            <maxpow number="0.1212701929470979"/>
            <fprob>0.0</fprob>
        </actor>
        <actor name="D0N14">
            <wcet number="0">10</wcet>
            <wcet number="1">20</wcet>
            <maxpow number="0.5852325069502492"/>
            <maxpow number="0.5852325069502492"/>
            <fprob>0.0</fprob>
        </actor>
        <actor name="D0N10">
            <wcet number="0">80</wcet>
            <wcet number="1">180</wcet>
            <maxpow number="0.5912644819802045"/>
            <maxpow number="0.5912644819802045"/>
            <fprob>0.0</fprob>
        </actor>
        <actor name="D0N3">
            <wcet number="0">40</wcet>
            <wcet number="1">160</wcet>
            <maxpow number="0.39747660975238974"/>
            <maxpow number="0.39747660975238974"/>
            <fprob>0.0</fprob>
        </actor>
        <actor name="D0N15">
            <wcet number="0">170</wcet>
            <wcet number="1">280</wcet>
            <maxpow number="0.6068067693380736"/>
            <maxpow number="0.6068067693380736"/>
            <fprob>0.0</fprob>
        </actor>
        <actor name="D0N24">
            <wcet number="0">40</wcet>
            <wcet number="1">70</wcet>
            <maxpow number="0.7871388995230302"/>
            <maxpow number="0.7871388995230302"/>
            <fprob>0.0</fprob>
        </actor>
        <actor name="D0N40">
            <wcet number="0">100</wcet>
            <wcet number="1">150</wcet>
            <maxpow number="0.3289610218254705"/>
            <maxpow number="0.3289610218254705"/>
            <fprob>0.0</fprob>
        </actor>
        <actor name="D0N20">
            <wcet number="0">40</wcet>
            <wcet number="1">330</wcet>
            <maxpow number="0.592383474731694"/>
            <maxpow number="0.592383474731694"/>
            <fprob>0.0</fprob>
        </actor>
        <actor name="D0N8">
            <wcet number="0">50</wcet>
            <wcet number="1">120</wcet>
            <maxpow number="0.5265182838219951"/>
            <maxpow number="0.5265182838219951"/>
            <fprob>0.0</fprob>
        </actor>
        <actor name="D0N34">
            <wcet number="0">50</wcet>
            <wcet number="1">80</wcet>
            <maxpow number="0.6089329795880583"/>
            <maxpow number="0.6089329795880583"/>
            <fprob>0.0</fprob>
        </actor>
        <actor name="D0N4">
            <wcet number="0">110</wcet>
            <wcet number="1">380</wcet>
            <maxpow number="0.3145519127673615"/>
            <maxpow number="0.3145519127673615"/>
            <fprob>0.0</fprob>
        </actor>
        <actor name="D0N46">
            <wcet number="0">100</wcet>
            <wcet number="1">790</wcet>
            <maxpow number="0.48205382312660405"/>
            <maxpow number="0.48205382312660405"/>
            <fprob>0.0</fprob>
        </actor>
        <actor name="D0N22">
            <wcet number="0">330</wcet>
            <wcet number="1">440</wcet>
            <maxpow number="0.3201327581121878"/>
            <maxpow number="0.3201327581121878"/>
            <fprob>0.0</fprob>
        </actor>
        <actor name="D0N49">
            <wcet number="0">10</wcet>
            <wcet number="1">80</wcet>
            <maxpow number="0.3381648845538593"/>
            <maxpow number="0.3381648845538593"/>
            <fprob>0.0</fprob>
        </actor>
        <actor name="D0N9">
            <wcet number="0">240</wcet>
            <wcet number="1">300</wcet>
            <maxpow number="0.4548643977577689"/>
            <maxpow number="0.4548643977577689"/>
            <fprob>0.0</fprob>
        </actor>
        <actor name="D0N16">
            <wcet number="0">80</wcet>
            <wcet number="1">80</wcet>
            <maxpow number="0.8076205418879319"/>
            <maxpow number="0.8076205418879319"/>
            <fprob>0.0</fprob>
        </actor>
        <actor name="D0N36">
            <wcet number="0">210</wcet>
            <wcet number="1">300</wcet>
            <maxpow number="0.17296609603354823"/>
            <maxpow number="0.17296609603354823"/>
            <fprob>0.0</fprob>
        </actor>
        <actor name="D0N39">
            <wcet number="0">60</wcet>
            <wcet number="1">60</wcet>
            <maxpow number="0.6371612014779335"/>
            <maxpow number="0.6371612014779335"/>
            <fprob>0.0</fprob>
        </actor>
        <actor name="D0N25">
            <wcet number="0">10</wcet>
            <wcet number="1">30</wcet>
            <maxpow number="0.8149121523739745"/>
            <maxpow number="0.8149121523739745"/>
            <fprob>0.0</fprob>
        </actor>
        <actor name="D0N13">
            <wcet number="0">370</wcet>
            <wcet number="1">540</wcet>
            <maxpow number="0.4302962892935041"/>
            <maxpow number="0.4302962892935041"/>
            <fprob>0.0</fprob>
        </actor>
        <actor name="D0N28">
            <wcet number="0">160</wcet>
            <wcet number="1">210</wcet>
            <maxpow number="0.6481845725410368"/>
            <maxpow number="0.6481845725410368"/>
            <fprob>0.0</fprob>
        </actor>
        <actor name="D0N32">
            <wcet number="0">190</wcet>
            <wcet number="1">440</wcet>
            <maxpow number="0.6977625951252319"/>
            <maxpow number="0.6977625951252319"/>
            <fprob>0.0</fprob>
        </actor>
        <actor name="D0N35">
            <wcet number="0">30</wcet>
            <wcet number="1">150</wcet>
            <maxpow number="0.49166403690293864"/>
            <maxpow number="0.49166403690293864"/>
            <fprob>0.0</fprob>
        </actor>
        <actor name="D0N12">
            <wcet number="0">320</wcet>
            <wcet number="1">340</wcet>
            <maxpow number="0.6328441510133526"/>
            <maxpow number="0.6328441510133526"/>
            <fprob>0.0</fprob>
        </actor>
        <actor name="D0N30">
            <wcet number="0">60</wcet>
            <wcet number="1">170</wcet>
            <maxpow number="0.6922582996296927"/>
            <maxpow number="0.6922582996296927"/>
            <fprob>0.0</fprob>
        </actor>
        <actor name="D0N45">
            <wcet number="0">50</wcet>
            <wcet number="1">320</wcet>
            <maxpow number="0.5805975317744156"/>
            <maxpow number="0.5805975317744156"/>
            <fprob>0.0</fprob>
        </actor>
        <ports>
            <port dstActor="D0N41" name="p0" srcActor="D0N23"/>
            <port dstActor="D0N43" name="p1" srcActor="D0N23"/>
            <port dstActor="D0N39" name="p2" srcActor="D0N23"/>
            <port dstActor="D0N25" name="p3" srcActor="D0N23"/>
            <port dstActor="D0N26" name="p4" srcActor="D0N23"/>
            <port dstActor="D0N31" name="p5" srcActor="D0N18"/>
            <port dstActor="D0N20" name="p6" srcActor="D0N18"/>
            <port dstActor="D0N29" name="p7" srcActor="D0N18"/>
            <port dstActor="D0N35" name="p8" srcActor="D0N18"/>
            <port dstActor="D0N19" name="p9" srcActor="D0N11"/>
            <port dstActor="D0N21" name="p10" srcActor="D0N11"/>
            <port dstActor="D0N33" name="p11" srcActor="D0N11"/>
            <port dstActor="D0N12" name="p12" srcActor="D0N11"/>
            <port dstActor="D0N20" name="p13" srcActor="D0N7"/>
            <port dstActor="D0N44" name="p14" srcActor="D0N7"/>
            <port dstActor="D0N35" name="p15" srcActor="D0N7"/>
            <port dstActor="D0N30" name="p16" srcActor="D0N7"/>
            <port dstActor="D0N32" name="p17" srcActor="D0N7"/>
            <port dstActor="D0N34" name="p18" srcActor="D0N31"/>
            <port dstActor="D0N40" name="p19" srcActor="D0N31"/>
            <port dstActor="D0N46" name="p20" srcActor="D0N31"/>
            <port dstActor="D0N21" name="p21" srcActor="D0N19"/>
            <port dstActor="D0N47" name="p22" srcActor="D0N19"/>
            <port dstActor="D0N41" name="p23" srcActor="D0N19"/>
            <port dstActor="D0N43" name="p24" srcActor="D0N19"/>
            <port dstActor="D0N44" name="p25" srcActor="D0N37"/>
            <port dstActor="D0N36" name="p26" srcActor="D0N17"/>
            <port dstActor="D0N38" name="p27" srcActor="D0N17"/>
            <port dstActor="D0N18" name="p28" srcActor="D0N17"/>
            <port dstActor="D0N31" name="p29" srcActor="D0N17"/>
            <port dstActor="D0N46" name="p30" srcActor="D0N17"/>
            <port dstActor="D0N33" name="p31" srcActor="D0N17"/>
            <port dstActor="D0N45" name="p32" srcActor="D0N38"/>
            <port dstActor="D0N46" name="p33" srcActor="D0N44"/>
            <port dstActor="D0N48" name="p34" srcActor="D0N5"/>
            <port dstActor="D0N41" name="p35" srcActor="D0N5"/>
            <port dstActor="D0N19" name="p36" srcActor="D0N5"/>
            <port dstActor="D0N42" name="p37" srcActor="D0N5"/>
            <port dstActor="D0N23" name="p38" srcActor="D0N6"/>
            <port dstActor="D0N46" name="p39" srcActor="D0N6"/>
            <port dstActor="D0N47" name="p40" srcActor="D0N6"/>
            <port dstActor="D0N46" name="p41" srcActor="D0N21"/>
            <port dstActor="D0N27" name="p42" srcActor="D0N21"/>
            <port dstActor="D0N10" name="p43" srcActor="D0N2"/>
            <port dstActor="D0N28" name="p44" srcActor="D0N2"/>
            <port dstActor="D0N49" name="p45" srcActor="D0N2"/>
            <port dstActor="D0N21" name="p46" srcActor="D0N2"/>
            <port dstActor="D0N34" name="p47" srcActor="D0N2"/>
            <port dstActor="D0N37" name="p48" srcActor="D0N2"/>
            <port dstActor="D0N19" name="p49" srcActor="D0N1"/>
            <port dstActor="D0N29" name="p50" srcActor="D0N1"/>
            <port dstActor="D0N41" name="p51" srcActor="D0N1"/>
            <port dstActor="D0N4" name="p52" srcActor="D0N1"/>
            <port dstActor="D0N36" name="p53" srcActor="D0N1"/>
            <port dstActor="D0N44" name="p54" srcActor="D0N43"/>
            <port dstActor="D0N2" name="p55" srcActor="D0N0"/>
            <port dstActor="D0N21" name="p56" srcActor="D0N0"/>
            <port dstActor="D0N32" name="p57" srcActor="D0N0"/>
            <port dstActor="D0N40" name="p58" srcActor="D0N26"/>
            <port dstActor="D0N49" name="p59" srcActor="D0N26"/>
            <port dstActor="D0N38" name="p60" srcActor="D0N26"/>
            <port dstActor="D0N48" name="p61" srcActor="D0N26"/>
            <port dstActor="D0N28" name="p62" srcActor="D0N26"/>
            <port dstActor="D0N42" name="p63" srcActor="D0N26"/>
            <port dstActor="D0N18" name="p64" srcActor="D0N14"/>
            <port dstActor="D0N28" name="p65" srcActor="D0N14"/>
            <port dstActor="D0N15" name="p66" srcActor="D0N14"/>
            <port dstActor="D0N40" name="p67" srcActor="D0N14"/>
            <port dstActor="D0N43" name="p68" srcActor="D0N14"/>
            <port dstActor="D0N47" name="p69" srcActor="D0N14"/>
            <port dstActor="D0N44" name="p70" srcActor="D0N10"/>
            <port dstActor="D0N34" name="p71" srcActor="D0N10"/>
            <port dstActor="D0N29" name="p72" srcActor="D0N10"/>
            <port dstActor="D0N40" name="p73" srcActor="D0N10"/>
            <port dstActor="D0N31" name="p74" srcActor="D0N10"/>
            <port dstActor="D0N15" name="p75" srcActor="D0N3"/>
            <port dstActor="D0N33" name="p76" srcActor="D0N3"/>
            <port dstActor="D0N28" name="p77" srcActor="D0N3"/>
            <port dstActor="D0N30" name="p78" srcActor="D0N3"/>
            <port dstActor="D0N40" name="p79" srcActor="D0N3"/>
            <port dstActor="D0N20" name="p80" srcActor="D0N3"/>
            <port dstActor="D0N47" name="p81" srcActor="D0N3"/>
            <port dstActor="D0N49" name="p82" srcActor="D0N3"/>
            <port dstActor="D0N16" name="p83" srcActor="D0N15"/>
            <port dstActor="D0N49" name="p84" srcActor="D0N15"/>
            <port dstActor="D0N31" name="p85" srcActor="D0N15"/>
            <port dstActor="D0N29" name="p86" srcActor="D0N24"/>
            <port dstActor="D0N36" name="p87" srcActor="D0N24"/>
            <port dstActor="D0N43" name="p88" srcActor="D0N40"/>
            <port dstActor="D0N25" name="p89" srcActor="D0N20"/>
            <port dstActor="D0N48" name="p90" srcActor="D0N20"/>
            <port dstActor="D0N21" name="p91" srcActor="D0N20"/>
            <port dstActor="D0N46" name="p92" srcActor="D0N20"/>
            <port dstActor="D0N35" name="p93" srcActor="D0N8"/>
            <port dstActor="D0N28" name="p94" srcActor="D0N8"/>
            <port dstActor="D0N46" name="p95" srcActor="D0N34"/>
            <port dstActor="D0N31" name="p96" srcActor="D0N22"/>
            <port dstActor="D0N36" name="p97" srcActor="D0N22"/>
            <port dstActor="D0N49" name="p98" srcActor="D0N9"/>
            <port dstActor="D0N31" name="p99" srcActor="D0N9"/>
            <port dstActor="D0N48" name="p100" srcActor="D0N36"/>
            <port dstActor="D0N40" name="p101" srcActor="D0N25"/>
            <port dstActor="D0N44" name="p102" srcActor="D0N25"/>
            <port dstActor="D0N21" name="p103" srcActor="D0N13"/>
            <port dstActor="D0N49" name="p104" srcActor="D0N28"/>
            <port dstActor="D0N34" name="p105" srcActor="D0N28"/>
            <port dstActor="D0N39" name="p106" srcActor="D0N28"/>
            <port dstActor="D0N29" name="p107" srcActor="D0N28"/>
            <port dstActor="D0N37" name="p108" srcActor="D0N32"/>
            <port dstActor="D0N47" name="p109" srcActor="D0N32"/>
            <port dstActor="D0N47" name="p110" srcActor="D0N35"/>
            <port dstActor="D0N45" name="p111" srcActor="D0N35"/>
            <port dstActor="D0N14" name="p112" srcActor="D0N12"/>
            <port dstActor="D0N33" name="p113" srcActor="D0N12"/>
            <port dstActor="D0N17" name="p114" srcActor="D0N12"/>
            <port dstActor="D0N47" name="p115" srcActor="D0N12"/>
            <port dstActor="D0N19" name="p116" srcActor="D0N12"/>
            <port dstActor="D0N39" name="p117" srcActor="D0N12"/>
            <port dstActor="D0N45" name="p118" srcActor="D0N30"/>
            <port dstActor="D0N42" name="p119" srcActor="D0N30"/>
        </ports>
    </mcdag>
    <cores number="3"/>
    <levels number="2"/>
</mcsystem>
