<?xml version="1.0" encoding="UTF-8" standalone="no"?>
<mcsystem>
    <mcdag deadline="1800" name="genned-0-ed-10.0-0">
        <actor name="D0N24">
            <wcet number="0">200</wcet>
            <wcet number="1">250</wcet>
            <maxpow number="0.41490829686226927"/>
            <maxpow number="0.41490829686226927"/>
            <fprob>0.0</fprob>
        </actor>
        <actor name="D0N29">
            <wcet number="0">40</wcet>
            <wcet number="1">50</wcet>
            <maxpow number="0.6135420082209219"/>
            <maxpow number="0.6135420082209219"/>
            <fprob>0.0</fprob>
        </actor>
        <actor name="D0N26">
            <wcet number="0">20</wcet>
            <wcet number="1">30</wcet>
            <maxpow number="0.5873282124850545"/>
            <maxpow number="0.5873282124850545"/>
            <fprob>0.0</fprob>
        </actor>
        <actor name="D0N1">
            <wcet number="0">20</wcet>
            <wcet number="1">20</wcet>
            <maxpow number="0.5565419807296262"/>
            <maxpow number="0.5565419807296262"/>
            <fprob>0.0</fprob>
        </actor>
        <actor name="D0N22">
            <wcet number="0">20</wcet>
            <wcet number="1">20</wcet>
            <maxpow number="0.1045931035131556"/>
            <maxpow number="0.1045931035131556"/>
            <fprob>0.0</fprob>
        </actor>
        <actor name="D0N43">
            <wcet number="0">20</wcet>
            <wcet number="1">60</wcet>
            <maxpow number="0.27136333358718995"/>
            <maxpow number="0.27136333358718995"/>
            <fprob>0.0</fprob>
        </actor>
        <actor name="D0N18">
            <wcet number="0">80</wcet>
            <wcet number="1">80</wcet>
            <maxpow number="0.7480372556492576"/>
            <maxpow number="0.7480372556492576"/>
            <fprob>0.0</fprob>
        </actor>
        <actor name="D0N14">
            <wcet number="0">20</wcet>
            <wcet number="1">90</wcet>
            <maxpow number="0.6306786998548999"/>
            <maxpow number="0.6306786998548999"/>
            <fprob>0.0</fprob>
        </actor>
        <actor name="D0N3">
            <wcet number="0">40</wcet>
            <wcet number="1">60</wcet>
            <maxpow number="0.32999630555119486"/>
            <maxpow number="0.32999630555119486"/>
            <fprob>0.0</fprob>
        </actor>
        <actor name="D0N44">
            <wcet number="0">20</wcet>
            <wcet number="1">190</wcet>
            <maxpow number="0.4609231855862411"/>
            <maxpow number="0.4609231855862411"/>
            <fprob>0.0</fprob>
        </actor>
        <actor name="D0N41">
            <wcet number="0">10</wcet>
            <wcet number="1">100</wcet>
            <maxpow number="0.5441294859982446"/>
            <maxpow number="0.5441294859982446"/>
            <fprob>0.0</fprob>
        </actor>
        <actor name="D0N46">
            <wcet number="0">10</wcet>
            <wcet number="1">40</wcet>
            <maxpow number="0.8220351777310966"/>
            <maxpow number="0.8220351777310966"/>
            <fprob>0.0</fprob>
        </actor>
        <actor name="D0N12">
            <wcet number="0">280</wcet>
            <wcet number="1">290</wcet>
            <maxpow number="0.7873911512147056"/>
            <maxpow number="0.7873911512147056"/>
            <fprob>0.0</fprob>
        </actor>
        <actor name="D0N6">
            <wcet number="0">40</wcet>
            <wcet number="1">170</wcet>
            <maxpow number="0.8730104016076952"/>
            <maxpow number="0.8730104016076952"/>
            <fprob>0.0</fprob>
        </actor>
        <actor name="D0N38">
            <wcet number="0">10</wcet>
            <wcet number="1">60</wcet>
            <maxpow number="0.4687556727410683"/>
            <maxpow number="0.4687556727410683"/>
            <fprob>0.0</fprob>
        </actor>
        <actor name="D0N20">
            <wcet number="0">10</wcet>
            <wcet number="1">10</wcet>
            <maxpow number="0.5008538798986759"/>
            <maxpow number="0.5008538798986759"/>
            <fprob>0.0</fprob>
        </actor>
        <actor name="D0N31">
            <wcet number="0">140</wcet>
            <wcet number="1">140</wcet>
            <maxpow number="0.7012334126687778"/>
            <maxpow number="0.7012334126687778"/>
            <fprob>0.0</fprob>
        </actor>
        <actor name="D0N15">
            <wcet number="0">10</wcet>
            <wcet number="1">10</wcet>
            <maxpow number="1.027867876935322"/>
            <maxpow number="1.027867876935322"/>
            <fprob>0.0</fprob>
        </actor>
        <actor name="D0N7">
            <wcet number="0">110</wcet>
            <wcet number="1">140</wcet>
            <maxpow number="0.5760471565667021"/>
            <maxpow number="0.5760471565667021"/>
            <fprob>0.0</fprob>
        </actor>
        <actor name="D0N32">
            <wcet number="0">20</wcet>
            <wcet number="1">60</wcet>
            <maxpow number="0.6203052325053027"/>
            <maxpow number="0.6203052325053027"/>
            <fprob>0.0</fprob>
        </actor>
        <actor name="D0N34">
            <wcet number="0">70</wcet>
            <wcet number="1">90</wcet>
            <maxpow number="0.43472283887901475"/>
            <maxpow number="0.43472283887901475"/>
            <fprob>0.0</fprob>
        </actor>
        <actor name="D0N23">
            <wcet number="0">40</wcet>
            <wcet number="1">70</wcet>
            <maxpow number="0.6335324763667625"/>
            <maxpow number="0.6335324763667625"/>
            <fprob>0.0</fprob>
        </actor>
        <actor name="D0N33">
            <wcet number="0">60</wcet>
            <wcet number="1">90</wcet>
            <maxpow number="0.7234595201234505"/>
            <maxpow number="0.7234595201234505"/>
            <fprob>0.0</fprob>
        </actor>
        <actor name="D0N17">
            <wcet number="0">70</wcet>
            <wcet number="1">90</wcet>
            <maxpow number="0.39976252265200235"/>
            <maxpow number="0.39976252265200235"/>
            <fprob>0.0</fprob>
        </actor>
        <actor name="D0N25">
            <wcet number="0">20</wcet>
            <wcet number="1">70</wcet>
            <maxpow number="0.3926633727360847"/>
            <maxpow number="0.3926633727360847"/>
            <fprob>0.0</fprob>
        </actor>
        <actor name="D0N16">
            <wcet number="0">30</wcet>
            <wcet number="1">80</wcet>
            <maxpow number="1.0447151780713506"/>
            <maxpow number="1.0447151780713506"/>
            <fprob>0.0</fprob>
        </actor>
        <actor name="D0N39">
            <wcet number="0">40</wcet>
            <wcet number="1">100</wcet>
            <maxpow number="0.369652414160642"/>
            <maxpow number="0.369652414160642"/>
            <fprob>0.0</fprob>
        </actor>
        <actor name="D0N19">
            <wcet number="0">40</wcet>
            <wcet number="1">230</wcet>
            <maxpow number="0.5334819250547265"/>
            <maxpow number="0.5334819250547265"/>
            <fprob>0.0</fprob>
        </actor>
        <actor name="D0N45">
            <wcet number="0">30</wcet>
            <wcet number="1">130</wcet>
            <maxpow number="0.4301102668226471"/>
            <maxpow number="0.4301102668226471"/>
            <fprob>0.0</fprob>
        </actor>
        <actor name="D0N42">
            <wcet number="0">10</wcet>
            <wcet number="1">40</wcet>
            <maxpow number="0.13922660110916407"/>
            <maxpow number="0.13922660110916407"/>
            <fprob>0.0</fprob>
        </actor>
        <actor name="D0N35">
            <wcet number="0">10</wcet>
            <wcet number="1">20</wcet>
            <maxpow number="0.19293337108251363"/>
            <maxpow number="0.19293337108251363"/>
            <fprob>0.0</fprob>
        </actor>
        <actor name="D0N37">
            <wcet number="0">10</wcet>
            <wcet number="1">100</wcet>
            <maxpow number="0.4239175666519739"/>
            <maxpow number="0.4239175666519739"/>
            <fprob>0.0</fprob>
        </actor>
        <actor name="D0N9">
            <wcet number="0">20</wcet>
            <wcet number="1">80</wcet>
            <maxpow number="0.5673668728048156"/>
            <maxpow number="0.5673668728048156"/>
            <fprob>0.0</fprob>
        </actor>
        <actor name="D0N4">
            <wcet number="0">10</wcet>
            <wcet number="1">40</wcet>
            <maxpow number="0.43538623610638916"/>
            <maxpow number="0.43538623610638916"/>
            <fprob>0.0</fprob>
        </actor>
        <actor name="D0N28">
            <wcet number="0">10</wcet>
            <wcet number="1">10</wcet>
            <maxpow number="0.4212433024414409"/>
            <maxpow number="0.4212433024414409"/>
            <fprob>0.0</fprob>
        </actor>
        <actor name="D0N0">
            <wcet number="0">10</wcet>
            <wcet number="1">30</wcet>
            <maxpow number="0.319859240336835"/>
            <maxpow number="0.319859240336835"/>
            <fprob>0.0</fprob>
        </actor>
        <actor name="D0N10">
            <wcet number="0">100</wcet>
            <wcet number="1">120</wcet>
            <maxpow number="0.6188155953771716"/>
            <maxpow number="0.6188155953771716"/>
            <fprob>0.0</fprob>
        </actor>
        <actor name="D0N8">
            <wcet number="0">10</wcet>
            <wcet number="1">10</wcet>
            <maxpow number="0.10098741009895362"/>
            <maxpow number="0.10098741009895362"/>
            <fprob>0.0</fprob>
        </actor>
        <actor name="D0N21">
            <wcet number="0">50</wcet>
            <wcet number="1">140</wcet>
            <maxpow number="0.6420540677293536"/>
            <maxpow number="0.6420540677293536"/>
            <fprob>0.0</fprob>
        </actor>
        <actor name="D0N5">
            <wcet number="0">20</wcet>
            <wcet number="1">20</wcet>
            <maxpow number="0.6556879543041997"/>
            <maxpow number="0.6556879543041997"/>
            <fprob>0.0</fprob>
        </actor>
        <actor name="D0N27">
            <wcet number="0">10</wcet>
            <wcet number="1">50</wcet>
            <maxpow number="0.7052262214000253"/>
            <maxpow number="0.7052262214000253"/>
            <fprob>0.0</fprob>
        </actor>
        <actor name="D0N36">
            <wcet number="0">10</wcet>
            <wcet number="1">40</wcet>
            <maxpow number="0.36539592316227065"/>
            <maxpow number="0.36539592316227065"/>
            <fprob>0.0</fprob>
        </actor>
        <actor name="D0N30">
            <wcet number="0">10</wcet>
            <wcet number="1">10</wcet>
            <maxpow number="0.7211024654543985"/>
            <maxpow number="0.7211024654543985"/>
            <fprob>0.0</fprob>
        </actor>
        <actor name="D0N2">
            <wcet number="0">90</wcet>
            <wcet number="1">130</wcet>
            <maxpow number="0.8834429535418675"/>
            <maxpow number="0.8834429535418675"/>
            <fprob>0.0</fprob>
        </actor>
        <actor name="D0N11">
            <wcet number="0">10</wcet>
            <wcet number="1">50</wcet>
            <maxpow number="0.7035632062435264"/>
            <maxpow number="0.7035632062435264"/>
            <fprob>0.0</fprob>
        </actor>
        <actor name="D0N13">
            <wcet number="0">20</wcet>
            <wcet number="1">20</wcet>
            <maxpow number="0.3958371362293355"/>
            <maxpow number="0.3958371362293355"/>
            <fprob>0.0</fprob>
        </actor>
        <actor name="D0N40">
            <wcet number="0">30</wcet>
            <wcet number="1">50</wcet>
            <maxpow number="0.3869539901848488"/>
            <maxpow number="0.3869539901848488"/>
            <fprob>0.0</fprob>
        </actor>
        <ports>
            <port dstActor="D0N45" name="p0" srcActor="D0N24"/>
            <port dstActor="D0N31" name="p1" srcActor="D0N26"/>
            <port dstActor="D0N42" name="p2" srcActor="D0N26"/>
            <port dstActor="D0N37" name="p3" srcActor="D0N26"/>
            <port dstActor="D0N21" name="p4" srcActor="D0N1"/>
            <port dstActor="D0N38" name="p5" srcActor="D0N1"/>
            <port dstActor="D0N4" name="p6" srcActor="D0N1"/>
            <port dstActor="D0N13" name="p7" srcActor="D0N1"/>
            <port dstActor="D0N33" name="p8" srcActor="D0N22"/>
            <port dstActor="D0N44" name="p9" srcActor="D0N43"/>
            <port dstActor="D0N45" name="p10" srcActor="D0N43"/>
            <port dstActor="D0N29" name="p11" srcActor="D0N18"/>
            <port dstActor="D0N16" name="p12" srcActor="D0N14"/>
            <port dstActor="D0N20" name="p13" srcActor="D0N14"/>
            <port dstActor="D0N9" name="p14" srcActor="D0N3"/>
            <port dstActor="D0N15" name="p15" srcActor="D0N3"/>
            <port dstActor="D0N46" name="p16" srcActor="D0N3"/>
            <port dstActor="D0N27" name="p17" srcActor="D0N3"/>
            <port dstActor="D0N46" name="p18" srcActor="D0N12"/>
            <port dstActor="D0N42" name="p19" srcActor="D0N12"/>
            <port dstActor="D0N39" name="p20" srcActor="D0N12"/>
            <port dstActor="D0N14" name="p21" srcActor="D0N6"/>
            <port dstActor="D0N16" name="p22" srcActor="D0N6"/>
            <port dstActor="D0N11" name="p23" srcActor="D0N6"/>
            <port dstActor="D0N15" name="p24" srcActor="D0N6"/>
            <port dstActor="D0N42" name="p25" srcActor="D0N6"/>
            <port dstActor="D0N46" name="p26" srcActor="D0N20"/>
            <port dstActor="D0N21" name="p27" srcActor="D0N20"/>
            <port dstActor="D0N34" name="p28" srcActor="D0N31"/>
            <port dstActor="D0N23" name="p29" srcActor="D0N15"/>
            <port dstActor="D0N28" name="p30" srcActor="D0N15"/>
            <port dstActor="D0N32" name="p31" srcActor="D0N7"/>
            <port dstActor="D0N16" name="p32" srcActor="D0N7"/>
            <port dstActor="D0N40" name="p33" srcActor="D0N7"/>
            <port dstActor="D0N41" name="p34" srcActor="D0N32"/>
            <port dstActor="D0N34" name="p35" srcActor="D0N32"/>
            <port dstActor="D0N39" name="p36" srcActor="D0N23"/>
            <port dstActor="D0N24" name="p37" srcActor="D0N23"/>
            <port dstActor="D0N39" name="p38" srcActor="D0N17"/>
            <port dstActor="D0N23" name="p39" srcActor="D0N17"/>
            <port dstActor="D0N20" name="p40" srcActor="D0N17"/>
            <port dstActor="D0N27" name="p41" srcActor="D0N17"/>
            <port dstActor="D0N43" name="p42" srcActor="D0N25"/>
            <port dstActor="D0N21" name="p43" srcActor="D0N16"/>
            <port dstActor="D0N32" name="p44" srcActor="D0N16"/>
            <port dstActor="D0N19" name="p45" srcActor="D0N16"/>
            <port dstActor="D0N24" name="p46" srcActor="D0N16"/>
            <port dstActor="D0N34" name="p47" srcActor="D0N16"/>
            <port dstActor="D0N41" name="p48" srcActor="D0N16"/>
            <port dstActor="D0N39" name="p49" srcActor="D0N16"/>
            <port dstActor="D0N33" name="p50" srcActor="D0N19"/>
            <port dstActor="D0N24" name="p51" srcActor="D0N19"/>
            <port dstActor="D0N30" name="p52" srcActor="D0N19"/>
            <port dstActor="D0N34" name="p53" srcActor="D0N19"/>
            <port dstActor="D0N46" name="p54" srcActor="D0N42"/>
            <port dstActor="D0N40" name="p55" srcActor="D0N37"/>
            <port dstActor="D0N41" name="p56" srcActor="D0N9"/>
            <port dstActor="D0N38" name="p57" srcActor="D0N9"/>
            <port dstActor="D0N10" name="p58" srcActor="D0N9"/>
            <port dstActor="D0N15" name="p59" srcActor="D0N9"/>
            <port dstActor="D0N40" name="p60" srcActor="D0N9"/>
            <port dstActor="D0N25" name="p61" srcActor="D0N4"/>
            <port dstActor="D0N32" name="p62" srcActor="D0N4"/>
            <port dstActor="D0N37" name="p63" srcActor="D0N28"/>
            <port dstActor="D0N40" name="p64" srcActor="D0N28"/>
            <port dstActor="D0N45" name="p65" srcActor="D0N28"/>
            <port dstActor="D0N32" name="p66" srcActor="D0N28"/>
            <port dstActor="D0N29" name="p67" srcActor="D0N28"/>
            <port dstActor="D0N37" name="p68" srcActor="D0N0"/>
            <port dstActor="D0N30" name="p69" srcActor="D0N0"/>
            <port dstActor="D0N34" name="p70" srcActor="D0N0"/>
            <port dstActor="D0N3" name="p71" srcActor="D0N0"/>
            <port dstActor="D0N31" name="p72" srcActor="D0N10"/>
            <port dstActor="D0N36" name="p73" srcActor="D0N10"/>
            <port dstActor="D0N26" name="p74" srcActor="D0N10"/>
            <port dstActor="D0N25" name="p75" srcActor="D0N10"/>
            <port dstActor="D0N16" name="p76" srcActor="D0N10"/>
            <port dstActor="D0N46" name="p77" srcActor="D0N10"/>
            <port dstActor="D0N39" name="p78" srcActor="D0N10"/>
            <port dstActor="D0N35" name="p79" srcActor="D0N8"/>
            <port dstActor="D0N31" name="p80" srcActor="D0N8"/>
            <port dstActor="D0N40" name="p81" srcActor="D0N8"/>
            <port dstActor="D0N19" name="p82" srcActor="D0N8"/>
            <port dstActor="D0N33" name="p83" srcActor="D0N8"/>
            <port dstActor="D0N33" name="p84" srcActor="D0N21"/>
            <port dstActor="D0N16" name="p85" srcActor="D0N5"/>
            <port dstActor="D0N43" name="p86" srcActor="D0N5"/>
            <port dstActor="D0N6" name="p87" srcActor="D0N5"/>
            <port dstActor="D0N18" name="p88" srcActor="D0N5"/>
            <port dstActor="D0N35" name="p89" srcActor="D0N5"/>
            <port dstActor="D0N21" name="p90" srcActor="D0N5"/>
            <port dstActor="D0N42" name="p91" srcActor="D0N27"/>
            <port dstActor="D0N44" name="p92" srcActor="D0N27"/>
            <port dstActor="D0N37" name="p93" srcActor="D0N27"/>
            <port dstActor="D0N37" name="p94" srcActor="D0N30"/>
            <port dstActor="D0N46" name="p95" srcActor="D0N30"/>
            <port dstActor="D0N36" name="p96" srcActor="D0N30"/>
            <port dstActor="D0N42" name="p97" srcActor="D0N30"/>
            <port dstActor="D0N43" name="p98" srcActor="D0N30"/>
            <port dstActor="D0N27" name="p99" srcActor="D0N2"/>
            <port dstActor="D0N3" name="p100" srcActor="D0N2"/>
            <port dstActor="D0N14" name="p101" srcActor="D0N2"/>
            <port dstActor="D0N23" name="p102" srcActor="D0N11"/>
            <port dstActor="D0N20" name="p103" srcActor="D0N11"/>
            <port dstActor="D0N16" name="p104" srcActor="D0N13"/>
            <port dstActor="D0N31" name="p105" srcActor="D0N13"/>
            <port dstActor="D0N44" name="p106" srcActor="D0N40"/>
        </ports>
    </mcdag>
    <cores number="3"/>
    <levels number="2"/>
</mcsystem>
