<?xml version="1.0" encoding="UTF-8" standalone="no"?>
<mcsystem>
    <mcdag deadline="2200" name="genned-0-ed-10.0-0">
        <actor name="D0N17">
            <wcet number="0">10</wcet>
            <wcet number="1">60</wcet>
            <maxpow number="0.599180099701316"/>
            <maxpow number="0.599180099701316"/>
            <fprob>0.0</fprob>
        </actor>
        <actor name="D0N38">
            <wcet number="0">90</wcet>
            <wcet number="1">280</wcet>
            <maxpow number="0.46038165626075583"/>
            <maxpow number="0.46038165626075583"/>
            <fprob>0.0</fprob>
        </actor>
        <actor name="D0N36">
            <wcet number="0">30</wcet>
            <wcet number="1">50</wcet>
            <maxpow number="0.3674304097200112"/>
            <maxpow number="0.3674304097200112"/>
            <fprob>0.0</fprob>
        </actor>
        <actor name="D0N39">
            <wcet number="0">110</wcet>
            <wcet number="1">130</wcet>
            <maxpow number="0.7959202270387962"/>
            <maxpow number="0.7959202270387962"/>
            <fprob>0.0</fprob>
        </actor>
        <actor name="D0N40">
            <wcet number="0">10</wcet>
            <wcet number="1">10</wcet>
            <maxpow number="0.41783422854722996"/>
            <maxpow number="0.41783422854722996"/>
            <fprob>0.0</fprob>
        </actor>
        <actor name="D0N22">
            <wcet number="0">80</wcet>
            <wcet number="1">170</wcet>
            <maxpow number="0.4132010956918251"/>
            <maxpow number="0.4132010956918251"/>
            <fprob>0.0</fprob>
        </actor>
        <actor name="D0N0">
            <wcet number="0">10</wcet>
            <wcet number="1">30</wcet>
            <maxpow number="0.3640071649926011"/>
            <maxpow number="0.3640071649926011"/>
            <fprob>0.0</fprob>
        </actor>
        <actor name="D0N19">
            <wcet number="0">10</wcet>
            <wcet number="1">160</wcet>
            <maxpow number="0.15188397997090114"/>
            <maxpow number="0.15188397997090114"/>
            <fprob>0.0</fprob>
        </actor>
        <actor name="D0N31">
            <wcet number="0">10</wcet>
            <wcet number="1">10</wcet>
            <maxpow number="0.40247090218420695"/>
            <maxpow number="0.40247090218420695"/>
            <fprob>0.0</fprob>
        </actor>
        <actor name="D0N42">
            <wcet number="0">150</wcet>
            <wcet number="1">220</wcet>
            <maxpow number="0.4357153742554312"/>
            <maxpow number="0.4357153742554312"/>
            <fprob>0.0</fprob>
        </actor>
        <actor name="D0N46">
            <wcet number="0">230</wcet>
            <wcet number="1">320</wcet>
            <maxpow number="0.5324554813603449"/>
            <maxpow number="0.5324554813603449"/>
            <fprob>0.0</fprob>
        </actor>
        <actor name="D0N43">
            <wcet number="0">10</wcet>
            <wcet number="1">10</wcet>
            <maxpow number="0.5033278344221839"/>
            <maxpow number="0.5033278344221839"/>
            <fprob>0.0</fprob>
        </actor>
        <actor name="D0N37">
            <wcet number="0">90</wcet>
            <wcet number="1">110</wcet>
            <maxpow number="0.4030467525077055"/>
            <maxpow number="0.4030467525077055"/>
            <fprob>0.0</fprob>
        </actor>
        <actor name="D0N28">
            <wcet number="0">100</wcet>
            <wcet number="1">380</wcet>
            <maxpow number="0.7619896817113816"/>
            <maxpow number="0.7619896817113816"/>
            <fprob>0.0</fprob>
        </actor>
        <actor name="D0N6">
            <wcet number="0">20</wcet>
            <wcet number="1">80</wcet>
            <maxpow number="1.1757316301177054"/>
            <maxpow number="1.1757316301177054"/>
            <fprob>0.0</fprob>
        </actor>
        <actor name="D0N21">
            <wcet number="0">30</wcet>
            <wcet number="1">50</wcet>
            <maxpow number="0.5418072681700624"/>
            <maxpow number="0.5418072681700624"/>
            <fprob>0.0</fprob>
        </actor>
        <actor name="D0N32">
            <wcet number="0">30</wcet>
            <wcet number="1">60</wcet>
            <maxpow number="0.31779564319470527"/>
            <maxpow number="0.31779564319470527"/>
            <fprob>0.0</fprob>
        </actor>
        <actor name="D0N4">
            <wcet number="0">40</wcet>
            <wcet number="1">130</wcet>
            <maxpow number="0.34207853548738065"/>
            <maxpow number="0.34207853548738065"/>
            <fprob>0.0</fprob>
        </actor>
        <actor name="D0N11">
            <wcet number="0">20</wcet>
            <wcet number="1">50</wcet>
            <maxpow number="0.44909769962043516"/>
            <maxpow number="0.44909769962043516"/>
            <fprob>0.0</fprob>
        </actor>
        <actor name="D0N18">
            <wcet number="0">190</wcet>
            <wcet number="1">430</wcet>
            <maxpow number="0.2723749795657849"/>
            <maxpow number="0.2723749795657849"/>
            <fprob>0.0</fprob>
        </actor>
        <actor name="D0N33">
            <wcet number="0">30</wcet>
            <wcet number="1">30</wcet>
            <maxpow number="0.6246959431008959"/>
            <maxpow number="0.6246959431008959"/>
            <fprob>0.0</fprob>
        </actor>
        <actor name="D0N14">
            <wcet number="0">50</wcet>
            <wcet number="1">70</wcet>
            <maxpow number="0.5741010765803524"/>
            <maxpow number="0.5741010765803524"/>
            <fprob>0.0</fprob>
        </actor>
        <actor name="D0N27">
            <wcet number="0">30</wcet>
            <wcet number="1">60</wcet>
            <maxpow number="0.7806859158940525"/>
            <maxpow number="0.7806859158940525"/>
            <fprob>0.0</fprob>
        </actor>
        <actor name="D0N35">
            <wcet number="0">30</wcet>
            <wcet number="1">30</wcet>
            <maxpow number="0.8070843193999722"/>
            <maxpow number="0.8070843193999722"/>
            <fprob>0.0</fprob>
        </actor>
        <actor name="D0N7">
            <wcet number="0">10</wcet>
            <wcet number="1">20</wcet>
            <maxpow number="0.6506352886711044"/>
            <maxpow number="0.6506352886711044"/>
            <fprob>0.0</fprob>
        </actor>
        <actor name="D0N26">
            <wcet number="0">20</wcet>
            <wcet number="1">20</wcet>
            <maxpow number="0.47644708585031126"/>
            <maxpow number="0.47644708585031126"/>
            <fprob>0.0</fprob>
        </actor>
        <actor name="D0N41">
            <wcet number="0">10</wcet>
            <wcet number="1">40</wcet>
            <maxpow number="0.8576160466551492"/>
            <maxpow number="0.8576160466551492"/>
            <fprob>0.0</fprob>
        </actor>
        <actor name="D0N48">
            <wcet number="0">40</wcet>
            <wcet number="1">100</wcet>
            <maxpow number="0.4931983982764563"/>
            <maxpow number="0.4931983982764563"/>
            <fprob>0.0</fprob>
        </actor>
        <actor name="D0N12">
            <wcet number="0">40</wcet>
            <wcet number="1">190</wcet>
            <maxpow number="0.5067397492298876"/>
            <maxpow number="0.5067397492298876"/>
            <fprob>0.0</fprob>
        </actor>
        <actor name="D0N20">
            <wcet number="0">40</wcet>
            <wcet number="1">60</wcet>
            <maxpow number="0.24933254591531973"/>
            <maxpow number="0.24933254591531973"/>
            <fprob>0.0</fprob>
        </actor>
        <actor name="D0N8">
            <wcet number="0">30</wcet>
            <wcet number="1">40</wcet>
            <maxpow number="0.4218457875994541"/>
            <maxpow number="0.4218457875994541"/>
            <fprob>0.0</fprob>
        </actor>
        <actor name="D0N9">
            <wcet number="0">10</wcet>
            <wcet number="1">10</wcet>
            <maxpow number="0.7343325521385758"/>
            <maxpow number="0.7343325521385758"/>
            <fprob>0.0</fprob>
        </actor>
        <actor name="D0N30">
            <wcet number="0">20</wcet>
            <wcet number="1">20</wcet>
            <maxpow number="0.7947903445905635"/>
            <maxpow number="0.7947903445905635"/>
            <fprob>0.0</fprob>
        </actor>
        <actor name="D0N1">
            <wcet number="0">150</wcet>
            <wcet number="1">220</wcet>
            <maxpow number="0.44606002949088985"/>
            <maxpow number="0.44606002949088985"/>
            <fprob>0.0</fprob>
        </actor>
        <actor name="D0N25">
            <wcet number="0">40</wcet>
            <wcet number="1">140</wcet>
            <maxpow number="0.6412239734905274"/>
            <maxpow number="0.6412239734905274"/>
            <fprob>0.0</fprob>
        </actor>
        <actor name="D0N3">
            <wcet number="0">200</wcet>
            <wcet number="1">200</wcet>
            <maxpow number="0.28205086566464477"/>
            <maxpow number="0.28205086566464477"/>
            <fprob>0.0</fprob>
        </actor>
        <actor name="D0N16">
            <wcet number="0">170</wcet>
            <wcet number="1">170</wcet>
            <maxpow number="0.6331490329212767"/>
            <maxpow number="0.6331490329212767"/>
            <fprob>0.0</fprob>
        </actor>
        <actor name="D0N29">
            <wcet number="0">50</wcet>
            <wcet number="1">140</wcet>
            <maxpow number="0.395240345953347"/>
            <maxpow number="0.395240345953347"/>
            <fprob>0.0</fprob>
        </actor>
        <actor name="D0N2">
            <wcet number="0">30</wcet>
            <wcet number="1">40</wcet>
            <maxpow number="0.828975322204375"/>
            <maxpow number="0.828975322204375"/>
            <fprob>0.0</fprob>
        </actor>
        <actor name="D0N47">
            <wcet number="0">30</wcet>
            <wcet number="1">130</wcet>
            <maxpow number="0.8096047962072266"/>
            <maxpow number="0.8096047962072266"/>
            <fprob>0.0</fprob>
        </actor>
        <actor name="D0N24">
            <wcet number="0">20</wcet>
            <wcet number="1">20</wcet>
            <maxpow number="0.9986206365149228"/>
            <maxpow number="0.9986206365149228"/>
            <fprob>0.0</fprob>
        </actor>
        <actor name="D0N5">
            <wcet number="0">20</wcet>
            <wcet number="1">110</wcet>
            <maxpow number="0.7736743965954733"/>
            <maxpow number="0.7736743965954733"/>
            <fprob>0.0</fprob>
        </actor>
        <actor name="D0N15">
            <wcet number="0">10</wcet>
            <wcet number="1">10</wcet>
            <maxpow number="0.38313161478606833"/>
            <maxpow number="0.38313161478606833"/>
            <fprob>0.0</fprob>
        </actor>
        <actor name="D0N45">
            <wcet number="0">30</wcet>
            <wcet number="1">100</wcet>
            <maxpow number="0.38335704891176803"/>
            <maxpow number="0.38335704891176803"/>
            <fprob>0.0</fprob>
        </actor>
        <actor name="D0N13">
            <wcet number="0">60</wcet>
            <wcet number="1">100</wcet>
            <maxpow number="0.8274807664603449"/>
            <maxpow number="0.8274807664603449"/>
            <fprob>0.0</fprob>
        </actor>
        <actor name="D0N44">
            <wcet number="0">60</wcet>
            <wcet number="1">150</wcet>
            <maxpow number="0.3663181702479885"/>
            <maxpow number="0.3663181702479885"/>
            <fprob>0.0</fprob>
        </actor>
        <actor name="D0N34">
            <wcet number="0">20</wcet>
            <wcet number="1">30</wcet>
            <maxpow number="0.5219335207369624"/>
            <maxpow number="0.5219335207369624"/>
            <fprob>0.0</fprob>
        </actor>
        <actor name="D0N10">
            <wcet number="0">50</wcet>
            <wcet number="1">60</wcet>
            <maxpow number="0.4366565123802213"/>
            <maxpow number="0.4366565123802213"/>
            <fprob>0.0</fprob>
        </actor>
        <actor name="D0N23">
            <wcet number="0">10</wcet>
            <wcet number="1">10</wcet>
            <maxpow number="0.6422076294015366"/>
            <maxpow number="0.6422076294015366"/>
            <fprob>0.0</fprob>
        </actor>
        <ports>
            <port dstActor="D0N24" name="p0" srcActor="D0N17"/>
            <port dstActor="D0N36" name="p1" srcActor="D0N17"/>
            <port dstActor="D0N34" name="p2" srcActor="D0N17"/>
            <port dstActor="D0N40" name="p3" srcActor="D0N36"/>
            <port dstActor="D0N46" name="p4" srcActor="D0N36"/>
            <port dstActor="D0N37" name="p5" srcActor="D0N36"/>
            <port dstActor="D0N44" name="p6" srcActor="D0N39"/>
            <port dstActor="D0N41" name="p7" srcActor="D0N39"/>
            <port dstActor="D0N48" name="p8" srcActor="D0N40"/>
            <port dstActor="D0N44" name="p9" srcActor="D0N22"/>
            <port dstActor="D0N43" name="p10" srcActor="D0N22"/>
            <port dstActor="D0N1" name="p11" srcActor="D0N0"/>
            <port dstActor="D0N42" name="p12" srcActor="D0N0"/>
            <port dstActor="D0N45" name="p13" srcActor="D0N0"/>
            <port dstActor="D0N40" name="p14" srcActor="D0N31"/>
            <port dstActor="D0N44" name="p15" srcActor="D0N42"/>
            <port dstActor="D0N47" name="p16" srcActor="D0N46"/>
            <port dstActor="D0N45" name="p17" srcActor="D0N37"/>
            <port dstActor="D0N43" name="p18" srcActor="D0N28"/>
            <port dstActor="D0N21" name="p19" srcActor="D0N6"/>
            <port dstActor="D0N35" name="p20" srcActor="D0N6"/>
            <port dstActor="D0N19" name="p21" srcActor="D0N6"/>
            <port dstActor="D0N43" name="p22" srcActor="D0N32"/>
            <port dstActor="D0N34" name="p23" srcActor="D0N32"/>
            <port dstActor="D0N24" name="p24" srcActor="D0N4"/>
            <port dstActor="D0N14" name="p25" srcActor="D0N11"/>
            <port dstActor="D0N27" name="p26" srcActor="D0N11"/>
            <port dstActor="D0N37" name="p27" srcActor="D0N11"/>
            <port dstActor="D0N43" name="p28" srcActor="D0N18"/>
            <port dstActor="D0N44" name="p29" srcActor="D0N18"/>
            <port dstActor="D0N47" name="p30" srcActor="D0N18"/>
            <port dstActor="D0N46" name="p31" srcActor="D0N33"/>
            <port dstActor="D0N21" name="p32" srcActor="D0N14"/>
            <port dstActor="D0N38" name="p33" srcActor="D0N27"/>
            <port dstActor="D0N45" name="p34" srcActor="D0N27"/>
            <port dstActor="D0N45" name="p35" srcActor="D0N35"/>
            <port dstActor="D0N41" name="p36" srcActor="D0N35"/>
            <port dstActor="D0N32" name="p37" srcActor="D0N7"/>
            <port dstActor="D0N18" name="p38" srcActor="D0N7"/>
            <port dstActor="D0N34" name="p39" srcActor="D0N26"/>
            <port dstActor="D0N40" name="p40" srcActor="D0N26"/>
            <port dstActor="D0N38" name="p41" srcActor="D0N26"/>
            <port dstActor="D0N46" name="p42" srcActor="D0N41"/>
            <port dstActor="D0N22" name="p43" srcActor="D0N12"/>
            <port dstActor="D0N26" name="p44" srcActor="D0N12"/>
            <port dstActor="D0N30" name="p45" srcActor="D0N12"/>
            <port dstActor="D0N46" name="p46" srcActor="D0N12"/>
            <port dstActor="D0N14" name="p47" srcActor="D0N12"/>
            <port dstActor="D0N44" name="p48" srcActor="D0N12"/>
            <port dstActor="D0N40" name="p49" srcActor="D0N12"/>
            <port dstActor="D0N45" name="p50" srcActor="D0N12"/>
            <port dstActor="D0N42" name="p51" srcActor="D0N12"/>
            <port dstActor="D0N40" name="p52" srcActor="D0N20"/>
            <port dstActor="D0N41" name="p53" srcActor="D0N20"/>
            <port dstActor="D0N44" name="p54" srcActor="D0N20"/>
            <port dstActor="D0N33" name="p55" srcActor="D0N8"/>
            <port dstActor="D0N44" name="p56" srcActor="D0N8"/>
            <port dstActor="D0N32" name="p57" srcActor="D0N8"/>
            <port dstActor="D0N47" name="p58" srcActor="D0N9"/>
            <port dstActor="D0N34" name="p59" srcActor="D0N9"/>
            <port dstActor="D0N26" name="p60" srcActor="D0N9"/>
            <port dstActor="D0N43" name="p61" srcActor="D0N9"/>
            <port dstActor="D0N15" name="p62" srcActor="D0N9"/>
            <port dstActor="D0N28" name="p63" srcActor="D0N9"/>
            <port dstActor="D0N37" name="p64" srcActor="D0N30"/>
            <port dstActor="D0N38" name="p65" srcActor="D0N30"/>
            <port dstActor="D0N5" name="p66" srcActor="D0N1"/>
            <port dstActor="D0N21" name="p67" srcActor="D0N1"/>
            <port dstActor="D0N42" name="p68" srcActor="D0N1"/>
            <port dstActor="D0N39" name="p69" srcActor="D0N1"/>
            <port dstActor="D0N22" name="p70" srcActor="D0N1"/>
            <port dstActor="D0N27" name="p71" srcActor="D0N25"/>
            <port dstActor="D0N28" name="p72" srcActor="D0N25"/>
            <port dstActor="D0N44" name="p73" srcActor="D0N3"/>
            <port dstActor="D0N37" name="p74" srcActor="D0N3"/>
            <port dstActor="D0N43" name="p75" srcActor="D0N16"/>
            <port dstActor="D0N38" name="p76" srcActor="D0N16"/>
            <port dstActor="D0N34" name="p77" srcActor="D0N16"/>
            <port dstActor="D0N44" name="p78" srcActor="D0N16"/>
            <port dstActor="D0N47" name="p79" srcActor="D0N29"/>
            <port dstActor="D0N37" name="p80" srcActor="D0N29"/>
            <port dstActor="D0N35" name="p81" srcActor="D0N29"/>
            <port dstActor="D0N20" name="p82" srcActor="D0N2"/>
            <port dstActor="D0N29" name="p83" srcActor="D0N2"/>
            <port dstActor="D0N37" name="p84" srcActor="D0N2"/>
            <port dstActor="D0N32" name="p85" srcActor="D0N24"/>
            <port dstActor="D0N28" name="p86" srcActor="D0N24"/>
            <port dstActor="D0N45" name="p87" srcActor="D0N24"/>
            <port dstActor="D0N38" name="p88" srcActor="D0N5"/>
            <port dstActor="D0N25" name="p89" srcActor="D0N5"/>
            <port dstActor="D0N37" name="p90" srcActor="D0N5"/>
            <port dstActor="D0N32" name="p91" srcActor="D0N15"/>
            <port dstActor="D0N30" name="p92" srcActor="D0N15"/>
            <port dstActor="D0N35" name="p93" srcActor="D0N15"/>
            <port dstActor="D0N46" name="p94" srcActor="D0N13"/>
            <port dstActor="D0N47" name="p95" srcActor="D0N13"/>
            <port dstActor="D0N41" name="p96" srcActor="D0N13"/>
            <port dstActor="D0N25" name="p97" srcActor="D0N13"/>
            <port dstActor="D0N16" name="p98" srcActor="D0N13"/>
            <port dstActor="D0N46" name="p99" srcActor="D0N34"/>
            <port dstActor="D0N45" name="p100" srcActor="D0N34"/>
            <port dstActor="D0N29" name="p101" srcActor="D0N10"/>
            <port dstActor="D0N45" name="p102" srcActor="D0N10"/>
            <port dstActor="D0N29" name="p103" srcActor="D0N23"/>
            <port dstActor="D0N37" name="p104" srcActor="D0N23"/>
        </ports>
    </mcdag>
    <cores number="3"/>
    <levels number="2"/>
</mcsystem>
