<?xml version="1.0" encoding="UTF-8" standalone="no"?>
<mcsystem>
    <mcdag deadline="1200" name="genned-0-ed-10.0-0">
        <actor name="D0N28">
            <wcet number="0">30</wcet>
            <wcet number="1">40</wcet>
            <maxpow number="0.5748877177237681"/>
            <maxpow number="0.5748877177237681"/>
            <fprob>0.0</fprob>
        </actor>
        <actor name="D0N29">
            <wcet number="0">20</wcet>
            <wcet number="1">30</wcet>
            <maxpow number="0.7046653919784125"/>
            <maxpow number="0.7046653919784125"/>
            <fprob>0.0</fprob>
        </actor>
        <actor name="D0N38">
            <wcet number="0">40</wcet>
            <wcet number="1">50</wcet>
            <maxpow number="0.7533240815136497"/>
            <maxpow number="0.7533240815136497"/>
            <fprob>0.0</fprob>
        </actor>
        <actor name="D0N36">
            <wcet number="0">40</wcet>
            <wcet number="1">100</wcet>
            <maxpow number="0.4811154935234405"/>
            <maxpow number="0.4811154935234405"/>
            <fprob>0.0</fprob>
        </actor>
        <actor name="D0N9">
            <wcet number="0">10</wcet>
            <wcet number="1">10</wcet>
            <maxpow number="0.30278878108713286"/>
            <maxpow number="0.30278878108713286"/>
            <fprob>0.0</fprob>
        </actor>
        <actor name="D0N13">
            <wcet number="0">60</wcet>
            <wcet number="1">60</wcet>
            <maxpow number="0.6131690119514588"/>
            <maxpow number="0.6131690119514588"/>
            <fprob>0.0</fprob>
        </actor>
        <actor name="D0N24">
            <wcet number="0">20</wcet>
            <wcet number="1">130</wcet>
            <maxpow number="0.5946177534529735"/>
            <maxpow number="0.5946177534529735"/>
            <fprob>0.0</fprob>
        </actor>
        <actor name="D0N11">
            <wcet number="0">10</wcet>
            <wcet number="1">10</wcet>
            <maxpow number="0.4766332954839059"/>
            <maxpow number="0.4766332954839059"/>
            <fprob>0.0</fprob>
        </actor>
        <actor name="D0N6">
            <wcet number="0">30</wcet>
            <wcet number="1">60</wcet>
            <maxpow number="0.6415634415426464"/>
            <maxpow number="0.6415634415426464"/>
            <fprob>0.0</fprob>
        </actor>
        <actor name="D0N5">
            <wcet number="0">120</wcet>
            <wcet number="1">120</wcet>
            <maxpow number="0.48200467232090805"/>
            <maxpow number="0.48200467232090805"/>
            <fprob>0.0</fprob>
        </actor>
        <actor name="D0N35">
            <wcet number="0">20</wcet>
            <wcet number="1">70</wcet>
            <maxpow number="0.8205614128358627"/>
            <maxpow number="0.8205614128358627"/>
            <fprob>0.0</fprob>
        </actor>
        <actor name="D0N7">
            <wcet number="0">10</wcet>
            <wcet number="1">60</wcet>
            <maxpow number="0.6039572761128204"/>
            <maxpow number="0.6039572761128204"/>
            <fprob>0.0</fprob>
        </actor>
        <actor name="D0N31">
            <wcet number="0">20</wcet>
            <wcet number="1">20</wcet>
            <maxpow number="0.4358901365893954"/>
            <maxpow number="0.4358901365893954"/>
            <fprob>0.0</fprob>
        </actor>
        <actor name="D0N37">
            <wcet number="0">40</wcet>
            <wcet number="1">90</wcet>
            <maxpow number="0.531279480013781"/>
            <maxpow number="0.531279480013781"/>
            <fprob>0.0</fprob>
        </actor>
        <actor name="D0N40">
            <wcet number="0">10</wcet>
            <wcet number="1">70</wcet>
            <maxpow number="0.34111861094922374"/>
            <maxpow number="0.34111861094922374"/>
            <fprob>0.0</fprob>
        </actor>
        <actor name="D0N2">
            <wcet number="0">50</wcet>
            <wcet number="1">70</wcet>
            <maxpow number="0.6544993511993961"/>
            <maxpow number="0.6544993511993961"/>
            <fprob>0.0</fprob>
        </actor>
        <actor name="D0N41">
            <wcet number="0">50</wcet>
            <wcet number="1">250</wcet>
            <maxpow number="0.583089562873755"/>
            <maxpow number="0.583089562873755"/>
            <fprob>0.0</fprob>
        </actor>
        <actor name="D0N0">
            <wcet number="0">10</wcet>
            <wcet number="1">80</wcet>
            <maxpow number="0.570331033498753"/>
            <maxpow number="0.570331033498753"/>
            <fprob>0.0</fprob>
        </actor>
        <actor name="D0N1">
            <wcet number="0">120</wcet>
            <wcet number="1">140</wcet>
            <maxpow number="0.5865021654334681"/>
            <maxpow number="0.5865021654334681"/>
            <fprob>0.0</fprob>
        </actor>
        <actor name="D0N3">
            <wcet number="0">20</wcet>
            <wcet number="1">20</wcet>
            <maxpow number="0.3335800016967634"/>
            <maxpow number="0.3335800016967634"/>
            <fprob>0.0</fprob>
        </actor>
        <actor name="D0N10">
            <wcet number="0">10</wcet>
            <wcet number="1">40</wcet>
            <maxpow number="0.5745196959214138"/>
            <maxpow number="0.5745196959214138"/>
            <fprob>0.0</fprob>
        </actor>
        <actor name="D0N33">
            <wcet number="0">70</wcet>
            <wcet number="1">80</wcet>
            <maxpow number="0.4755867450502185"/>
            <maxpow number="0.4755867450502185"/>
            <fprob>0.0</fprob>
        </actor>
        <actor name="D0N19">
            <wcet number="0">10</wcet>
            <wcet number="1">10</wcet>
            <maxpow number="0.5386146361242985"/>
            <maxpow number="0.5386146361242985"/>
            <fprob>0.0</fprob>
        </actor>
        <actor name="D0N30">
            <wcet number="0">20</wcet>
            <wcet number="1">40</wcet>
            <maxpow number="0.40752540869417325"/>
            <maxpow number="0.40752540869417325"/>
            <fprob>0.0</fprob>
        </actor>
        <actor name="D0N18">
            <wcet number="0">70</wcet>
            <wcet number="1">70</wcet>
            <maxpow number="0.24084592274483002"/>
            <maxpow number="0.24084592274483002"/>
            <fprob>0.0</fprob>
        </actor>
        <actor name="D0N12">
            <wcet number="0">10</wcet>
            <wcet number="1">40</wcet>
            <maxpow number="0.7164855006816024"/>
            <maxpow number="0.7164855006816024"/>
            <fprob>0.0</fprob>
        </actor>
        <actor name="D0N25">
            <wcet number="0">50</wcet>
            <wcet number="1">70</wcet>
            <maxpow number="0.7027055591448583"/>
            <maxpow number="0.7027055591448583"/>
            <fprob>0.0</fprob>
        </actor>
        <actor name="D0N4">
            <wcet number="0">40</wcet>
            <wcet number="1">50</wcet>
            <maxpow number="0.19510313716043726"/>
            <maxpow number="0.19510313716043726"/>
            <fprob>0.0</fprob>
        </actor>
        <actor name="D0N17">
            <wcet number="0">20</wcet>
            <wcet number="1">70</wcet>
            <maxpow number="0.6817396320630456"/>
            <maxpow number="0.6817396320630456"/>
            <fprob>0.0</fprob>
        </actor>
        <actor name="D0N21">
            <wcet number="0">70</wcet>
            <wcet number="1">70</wcet>
            <maxpow number="0.6659259810315109"/>
            <maxpow number="0.6659259810315109"/>
            <fprob>0.0</fprob>
        </actor>
        <actor name="D0N14">
            <wcet number="0">10</wcet>
            <wcet number="1">10</wcet>
            <maxpow number="0.46893551768443353"/>
            <maxpow number="0.46893551768443353"/>
            <fprob>0.0</fprob>
        </actor>
        <actor name="D0N34">
            <wcet number="0">40</wcet>
            <wcet number="1">40</wcet>
            <maxpow number="0.6541374045276473"/>
            <maxpow number="0.6541374045276473"/>
            <fprob>0.0</fprob>
        </actor>
        <actor name="D0N8">
            <wcet number="0">10</wcet>
            <wcet number="1">10</wcet>
            <maxpow number="0.2722436557769335"/>
            <maxpow number="0.2722436557769335"/>
            <fprob>0.0</fprob>
        </actor>
        <actor name="D0N15">
            <wcet number="0">10</wcet>
            <wcet number="1">20</wcet>
            <maxpow number="0.5816747048454126"/>
            <maxpow number="0.5816747048454126"/>
            <fprob>0.0</fprob>
        </actor>
        <actor name="D0N27">
            <wcet number="0">10</wcet>
            <wcet number="1">20</wcet>
            <maxpow number="1.0183692679482534"/>
            <maxpow number="1.0183692679482534"/>
            <fprob>0.0</fprob>
        </actor>
        <actor name="D0N22">
            <wcet number="0">10</wcet>
            <wcet number="1">80</wcet>
            <maxpow number="0.7519686833769096"/>
            <maxpow number="0.7519686833769096"/>
            <fprob>0.0</fprob>
        </actor>
        <actor name="D0N42">
            <wcet number="0">30</wcet>
            <wcet number="1">40</wcet>
            <maxpow number="0.547630675326111"/>
            <maxpow number="0.547630675326111"/>
            <fprob>0.0</fprob>
        </actor>
        <actor name="D0N39">
            <wcet number="0">10</wcet>
            <wcet number="1">20</wcet>
            <maxpow number="0.6380118062787357"/>
            <maxpow number="0.6380118062787357"/>
            <fprob>0.0</fprob>
        </actor>
        <actor name="D0N16">
            <wcet number="0">20</wcet>
            <wcet number="1">110</wcet>
            <maxpow number="0.4683289692671236"/>
            <maxpow number="0.4683289692671236"/>
            <fprob>0.0</fprob>
        </actor>
        <actor name="D0N32">
            <wcet number="0">10</wcet>
            <wcet number="1">20</wcet>
            <maxpow number="0.6955291775665634"/>
            <maxpow number="0.6955291775665634"/>
            <fprob>0.0</fprob>
        </actor>
        <actor name="D0N23">
            <wcet number="0">80</wcet>
            <wcet number="1">90</wcet>
            <maxpow number="0.4759455875497768"/>
            <maxpow number="0.4759455875497768"/>
            <fprob>0.0</fprob>
        </actor>
        <actor name="D0N20">
            <wcet number="0">20</wcet>
            <wcet number="1">20</wcet>
            <maxpow number="0.2877971176170185"/>
            <maxpow number="0.2877971176170185"/>
            <fprob>0.0</fprob>
        </actor>
        <actor name="D0N26">
            <wcet number="0">10</wcet>
            <wcet number="1">20</wcet>
            <maxpow number="0.7178389322757843"/>
            <maxpow number="0.7178389322757843"/>
            <fprob>0.0</fprob>
        </actor>
        <ports>
            <port dstActor="D0N37" name="p0" srcActor="D0N28"/>
            <port dstActor="D0N34" name="p1" srcActor="D0N28"/>
            <port dstActor="D0N40" name="p2" srcActor="D0N29"/>
            <port dstActor="D0N19" name="p3" srcActor="D0N9"/>
            <port dstActor="D0N11" name="p4" srcActor="D0N9"/>
            <port dstActor="D0N36" name="p5" srcActor="D0N9"/>
            <port dstActor="D0N25" name="p6" srcActor="D0N9"/>
            <port dstActor="D0N26" name="p7" srcActor="D0N9"/>
            <port dstActor="D0N27" name="p8" srcActor="D0N13"/>
            <port dstActor="D0N29" name="p9" srcActor="D0N13"/>
            <port dstActor="D0N27" name="p10" srcActor="D0N11"/>
            <port dstActor="D0N38" name="p11" srcActor="D0N11"/>
            <port dstActor="D0N32" name="p12" srcActor="D0N11"/>
            <port dstActor="D0N38" name="p13" srcActor="D0N6"/>
            <port dstActor="D0N27" name="p14" srcActor="D0N6"/>
            <port dstActor="D0N30" name="p15" srcActor="D0N6"/>
            <port dstActor="D0N11" name="p16" srcActor="D0N6"/>
            <port dstActor="D0N40" name="p17" srcActor="D0N6"/>
            <port dstActor="D0N33" name="p18" srcActor="D0N6"/>
            <port dstActor="D0N29" name="p19" srcActor="D0N5"/>
            <port dstActor="D0N20" name="p20" srcActor="D0N5"/>
            <port dstActor="D0N31" name="p21" srcActor="D0N5"/>
            <port dstActor="D0N20" name="p22" srcActor="D0N7"/>
            <port dstActor="D0N26" name="p23" srcActor="D0N7"/>
            <port dstActor="D0N25" name="p24" srcActor="D0N7"/>
            <port dstActor="D0N31" name="p25" srcActor="D0N7"/>
            <port dstActor="D0N32" name="p26" srcActor="D0N31"/>
            <port dstActor="D0N36" name="p27" srcActor="D0N31"/>
            <port dstActor="D0N9" name="p28" srcActor="D0N2"/>
            <port dstActor="D0N6" name="p29" srcActor="D0N2"/>
            <port dstActor="D0N10" name="p30" srcActor="D0N2"/>
            <port dstActor="D0N26" name="p31" srcActor="D0N2"/>
            <port dstActor="D0N22" name="p32" srcActor="D0N2"/>
            <port dstActor="D0N41" name="p33" srcActor="D0N2"/>
            <port dstActor="D0N29" name="p34" srcActor="D0N0"/>
            <port dstActor="D0N20" name="p35" srcActor="D0N0"/>
            <port dstActor="D0N28" name="p36" srcActor="D0N1"/>
            <port dstActor="D0N17" name="p37" srcActor="D0N1"/>
            <port dstActor="D0N36" name="p38" srcActor="D0N1"/>
            <port dstActor="D0N14" name="p39" srcActor="D0N1"/>
            <port dstActor="D0N3" name="p40" srcActor="D0N1"/>
            <port dstActor="D0N16" name="p41" srcActor="D0N3"/>
            <port dstActor="D0N30" name="p42" srcActor="D0N3"/>
            <port dstActor="D0N15" name="p43" srcActor="D0N3"/>
            <port dstActor="D0N6" name="p44" srcActor="D0N3"/>
            <port dstActor="D0N17" name="p45" srcActor="D0N3"/>
            <port dstActor="D0N37" name="p46" srcActor="D0N3"/>
            <port dstActor="D0N12" name="p47" srcActor="D0N10"/>
            <port dstActor="D0N18" name="p48" srcActor="D0N10"/>
            <port dstActor="D0N16" name="p49" srcActor="D0N10"/>
            <port dstActor="D0N42" name="p50" srcActor="D0N19"/>
            <port dstActor="D0N34" name="p51" srcActor="D0N30"/>
            <port dstActor="D0N36" name="p52" srcActor="D0N30"/>
            <port dstActor="D0N29" name="p53" srcActor="D0N18"/>
            <port dstActor="D0N23" name="p54" srcActor="D0N18"/>
            <port dstActor="D0N41" name="p55" srcActor="D0N12"/>
            <port dstActor="D0N14" name="p56" srcActor="D0N12"/>
            <port dstActor="D0N25" name="p57" srcActor="D0N12"/>
            <port dstActor="D0N38" name="p58" srcActor="D0N12"/>
            <port dstActor="D0N29" name="p59" srcActor="D0N25"/>
            <port dstActor="D0N42" name="p60" srcActor="D0N25"/>
            <port dstActor="D0N6" name="p61" srcActor="D0N4"/>
            <port dstActor="D0N5" name="p62" srcActor="D0N4"/>
            <port dstActor="D0N26" name="p63" srcActor="D0N4"/>
            <port dstActor="D0N13" name="p64" srcActor="D0N4"/>
            <port dstActor="D0N42" name="p65" srcActor="D0N4"/>
            <port dstActor="D0N27" name="p66" srcActor="D0N4"/>
            <port dstActor="D0N38" name="p67" srcActor="D0N17"/>
            <port dstActor="D0N35" name="p68" srcActor="D0N17"/>
            <port dstActor="D0N28" name="p69" srcActor="D0N21"/>
            <port dstActor="D0N27" name="p70" srcActor="D0N21"/>
            <port dstActor="D0N41" name="p71" srcActor="D0N14"/>
            <port dstActor="D0N28" name="p72" srcActor="D0N14"/>
            <port dstActor="D0N29" name="p73" srcActor="D0N14"/>
            <port dstActor="D0N38" name="p74" srcActor="D0N14"/>
            <port dstActor="D0N33" name="p75" srcActor="D0N14"/>
            <port dstActor="D0N20" name="p76" srcActor="D0N14"/>
            <port dstActor="D0N25" name="p77" srcActor="D0N8"/>
            <port dstActor="D0N30" name="p78" srcActor="D0N8"/>
            <port dstActor="D0N32" name="p79" srcActor="D0N8"/>
            <port dstActor="D0N26" name="p80" srcActor="D0N15"/>
            <port dstActor="D0N35" name="p81" srcActor="D0N15"/>
            <port dstActor="D0N29" name="p82" srcActor="D0N27"/>
            <port dstActor="D0N41" name="p83" srcActor="D0N27"/>
            <port dstActor="D0N42" name="p84" srcActor="D0N22"/>
            <port dstActor="D0N38" name="p85" srcActor="D0N16"/>
            <port dstActor="D0N31" name="p86" srcActor="D0N16"/>
            <port dstActor="D0N20" name="p87" srcActor="D0N16"/>
            <port dstActor="D0N27" name="p88" srcActor="D0N23"/>
            <port dstActor="D0N34" name="p89" srcActor="D0N23"/>
            <port dstActor="D0N37" name="p90" srcActor="D0N23"/>
            <port dstActor="D0N36" name="p91" srcActor="D0N20"/>
            <port dstActor="D0N31" name="p92" srcActor="D0N20"/>
            <port dstActor="D0N38" name="p93" srcActor="D0N20"/>
            <port dstActor="D0N22" name="p94" srcActor="D0N20"/>
            <port dstActor="D0N37" name="p95" srcActor="D0N26"/>
        </ports>
    </mcdag>
    <cores number="3"/>
    <levels number="2"/>
</mcsystem>
