<?xml version="1.0" encoding="UTF-8" standalone="no"?>
<mcsystem>
    <mcdag deadline="1200" name="genned-0-ed-10.0-0">
        <actor name="D0N9">
            <wcet number="0">10</wcet>
            <wcet number="1">60</wcet>
            <maxpow number="0.40844834872918534"/>
            <maxpow number="0.40844834872918534"/>
            <fprob>0.0</fprob>
        </actor>
        <actor name="D0N19">
            <wcet number="0">30</wcet>
            <wcet number="1">110</wcet>
            <maxpow number="0.707417563656361"/>
            <maxpow number="0.707417563656361"/>
            <fprob>0.0</fprob>
        </actor>
        <actor name="D0N44">
            <wcet number="0">20</wcet>
            <wcet number="1">20</wcet>
            <maxpow number="0.5441198033520184"/>
            <maxpow number="0.5441198033520184"/>
            <fprob>0.0</fprob>
        </actor>
        <actor name="D0N5">
            <wcet number="0">230</wcet>
            <wcet number="1">370</wcet>
            <maxpow number="0.5797573690931814"/>
            <maxpow number="0.5797573690931814"/>
            <fprob>0.0</fprob>
        </actor>
        <actor name="D0N36">
            <wcet number="0">10</wcet>
            <wcet number="1">10</wcet>
            <maxpow number="0.39734282765109885"/>
            <maxpow number="0.39734282765109885"/>
            <fprob>0.0</fprob>
        </actor>
        <actor name="D0N45">
            <wcet number="0">10</wcet>
            <wcet number="1">90</wcet>
            <maxpow number="0.5433591700301879"/>
            <maxpow number="0.5433591700301879"/>
            <fprob>0.0</fprob>
        </actor>
        <actor name="D0N29">
            <wcet number="0">10</wcet>
            <wcet number="1">10</wcet>
            <maxpow number="0.8160319447587667"/>
            <maxpow number="0.8160319447587667"/>
            <fprob>0.0</fprob>
        </actor>
        <actor name="D0N43">
            <wcet number="0">10</wcet>
            <wcet number="1">30</wcet>
            <maxpow number="0.6084058798414403"/>
            <maxpow number="0.6084058798414403"/>
            <fprob>0.0</fprob>
        </actor>
        <actor name="D0N31">
            <wcet number="0">70</wcet>
            <wcet number="1">200</wcet>
            <maxpow number="0.6978996563168793"/>
            <maxpow number="0.6978996563168793"/>
            <fprob>0.0</fprob>
        </actor>
        <actor name="D0N37">
            <wcet number="0">40</wcet>
            <wcet number="1">90</wcet>
            <maxpow number="0.36253351838727976"/>
            <maxpow number="0.36253351838727976"/>
            <fprob>0.0</fprob>
        </actor>
        <actor name="D0N27">
            <wcet number="0">30</wcet>
            <wcet number="1">100</wcet>
            <maxpow number="0.5716131180659905"/>
            <maxpow number="0.5716131180659905"/>
            <fprob>0.0</fprob>
        </actor>
        <actor name="D0N12">
            <wcet number="0">20</wcet>
            <wcet number="1">20</wcet>
            <maxpow number="0.6845979317303659"/>
            <maxpow number="0.6845979317303659"/>
            <fprob>0.0</fprob>
        </actor>
        <actor name="D0N30">
            <wcet number="0">20</wcet>
            <wcet number="1">20</wcet>
            <maxpow number="0.22761883709791259"/>
            <maxpow number="0.22761883709791259"/>
            <fprob>0.0</fprob>
        </actor>
        <actor name="D0N4">
            <wcet number="0">20</wcet>
            <wcet number="1">70</wcet>
            <maxpow number="0.36834576884218795"/>
            <maxpow number="0.36834576884218795"/>
            <fprob>0.0</fprob>
        </actor>
        <actor name="D0N38">
            <wcet number="0">20</wcet>
            <wcet number="1">30</wcet>
            <maxpow number="0.369248698372893"/>
            <maxpow number="0.369248698372893"/>
            <fprob>0.0</fprob>
        </actor>
        <actor name="D0N8">
            <wcet number="0">10</wcet>
            <wcet number="1">30</wcet>
            <maxpow number="0.48755094105382757"/>
            <maxpow number="0.48755094105382757"/>
            <fprob>0.0</fprob>
        </actor>
        <actor name="D0N17">
            <wcet number="0">20</wcet>
            <wcet number="1">30</wcet>
            <maxpow number="0.9064812786664256"/>
            <maxpow number="0.9064812786664256"/>
            <fprob>0.0</fprob>
        </actor>
        <actor name="D0N10">
            <wcet number="0">10</wcet>
            <wcet number="1">10</wcet>
            <maxpow number="0.30760466635539585"/>
            <maxpow number="0.30760466635539585"/>
            <fprob>0.0</fprob>
        </actor>
        <actor name="D0N24">
            <wcet number="0">20</wcet>
            <wcet number="1">80</wcet>
            <maxpow number="0.2644220202552184"/>
            <maxpow number="0.2644220202552184"/>
            <fprob>0.0</fprob>
        </actor>
        <actor name="D0N34">
            <wcet number="0">10</wcet>
            <wcet number="1">20</wcet>
            <maxpow number="0.45477220862819323"/>
            <maxpow number="0.45477220862819323"/>
            <fprob>0.0</fprob>
        </actor>
        <actor name="D0N33">
            <wcet number="0">20</wcet>
            <wcet number="1">90</wcet>
            <maxpow number="0.5029980253443814"/>
            <maxpow number="0.5029980253443814"/>
            <fprob>0.0</fprob>
        </actor>
        <actor name="D0N42">
            <wcet number="0">10</wcet>
            <wcet number="1">20</wcet>
            <maxpow number="0.25009509341347774"/>
            <maxpow number="0.25009509341347774"/>
            <fprob>0.0</fprob>
        </actor>
        <actor name="D0N6">
            <wcet number="0">80</wcet>
            <wcet number="1">110</wcet>
            <maxpow number="0.36523186377276373"/>
            <maxpow number="0.36523186377276373"/>
            <fprob>0.0</fprob>
        </actor>
        <actor name="D0N21">
            <wcet number="0">70</wcet>
            <wcet number="1">70</wcet>
            <maxpow number="0.46510862284416143"/>
            <maxpow number="0.46510862284416143"/>
            <fprob>0.0</fprob>
        </actor>
        <actor name="D0N23">
            <wcet number="0">10</wcet>
            <wcet number="1">10</wcet>
            <maxpow number="0.7458247433198594"/>
            <maxpow number="0.7458247433198594"/>
            <fprob>0.0</fprob>
        </actor>
        <actor name="D0N46">
            <wcet number="0">30</wcet>
            <wcet number="1">140</wcet>
            <maxpow number="0.40517009537746584"/>
            <maxpow number="0.40517009537746584"/>
            <fprob>0.0</fprob>
        </actor>
        <actor name="D0N7">
            <wcet number="0">130</wcet>
            <wcet number="1">150</wcet>
            <maxpow number="0.4840753065133269"/>
            <maxpow number="0.4840753065133269"/>
            <fprob>0.0</fprob>
        </actor>
        <actor name="D0N26">
            <wcet number="0">60</wcet>
            <wcet number="1">80</wcet>
            <maxpow number="0.938556678673225"/>
            <maxpow number="0.938556678673225"/>
            <fprob>0.0</fprob>
        </actor>
        <actor name="D0N32">
            <wcet number="0">40</wcet>
            <wcet number="1">50</wcet>
            <maxpow number="0.5187620181686853"/>
            <maxpow number="0.5187620181686853"/>
            <fprob>0.0</fprob>
        </actor>
        <actor name="D0N1">
            <wcet number="0">60</wcet>
            <wcet number="1">60</wcet>
            <maxpow number="0.2867167890717625"/>
            <maxpow number="0.2867167890717625"/>
            <fprob>0.0</fprob>
        </actor>
        <actor name="D0N22">
            <wcet number="0">40</wcet>
            <wcet number="1">70</wcet>
            <maxpow number="0.5242198930800054"/>
            <maxpow number="0.5242198930800054"/>
            <fprob>0.0</fprob>
        </actor>
        <actor name="D0N41">
            <wcet number="0">80</wcet>
            <wcet number="1">130</wcet>
            <maxpow number="0.6069505846479872"/>
            <maxpow number="0.6069505846479872"/>
            <fprob>0.0</fprob>
        </actor>
        <actor name="D0N39">
            <wcet number="0">20</wcet>
            <wcet number="1">20</wcet>
            <maxpow number="0.5171284906635694"/>
            <maxpow number="0.5171284906635694"/>
            <fprob>0.0</fprob>
        </actor>
        <actor name="D0N3">
            <wcet number="0">60</wcet>
            <wcet number="1">70</wcet>
            <maxpow number="0.4677317277021072"/>
            <maxpow number="0.4677317277021072"/>
            <fprob>0.0</fprob>
        </actor>
        <actor name="D0N40">
            <wcet number="0">140</wcet>
            <wcet number="1">140</wcet>
            <maxpow number="0.4127813326817299"/>
            <maxpow number="0.4127813326817299"/>
            <fprob>0.0</fprob>
        </actor>
        <actor name="D0N11">
            <wcet number="0">40</wcet>
            <wcet number="1">60</wcet>
            <maxpow number="0.4064142527670239"/>
            <maxpow number="0.4064142527670239"/>
            <fprob>0.0</fprob>
        </actor>
        <actor name="D0N2">
            <wcet number="0">30</wcet>
            <wcet number="1">60</wcet>
            <maxpow number="0.5503041345703876"/>
            <maxpow number="0.5503041345703876"/>
            <fprob>0.0</fprob>
        </actor>
        <actor name="D0N25">
            <wcet number="0">20</wcet>
            <wcet number="1">20</wcet>
            <maxpow number="0.31222407152079223"/>
            <maxpow number="0.31222407152079223"/>
            <fprob>0.0</fprob>
        </actor>
        <actor name="D0N15">
            <wcet number="0">10</wcet>
            <wcet number="1">10</wcet>
            <maxpow number="0.6318481490594188"/>
            <maxpow number="0.6318481490594188"/>
            <fprob>0.0</fprob>
        </actor>
        <actor name="D0N0">
            <wcet number="0">40</wcet>
            <wcet number="1">40</wcet>
            <maxpow number="0.8336531253989401"/>
            <maxpow number="0.8336531253989401"/>
            <fprob>0.0</fprob>
        </actor>
        <actor name="D0N13">
            <wcet number="0">20</wcet>
            <wcet number="1">40</wcet>
            <maxpow number="1.0650352741665565"/>
            <maxpow number="1.0650352741665565"/>
            <fprob>0.0</fprob>
        </actor>
        <actor name="D0N28">
            <wcet number="0">70</wcet>
            <wcet number="1">110</wcet>
            <maxpow number="0.8058598547363052"/>
            <maxpow number="0.8058598547363052"/>
            <fprob>0.0</fprob>
        </actor>
        <actor name="D0N35">
            <wcet number="0">10</wcet>
            <wcet number="1">50</wcet>
            <maxpow number="0.8670234515669781"/>
            <maxpow number="0.8670234515669781"/>
            <fprob>0.0</fprob>
        </actor>
        <actor name="D0N16">
            <wcet number="0">10</wcet>
            <wcet number="1">10</wcet>
            <maxpow number="0.7873197310872503"/>
            <maxpow number="0.7873197310872503"/>
            <fprob>0.0</fprob>
        </actor>
        <actor name="D0N18">
            <wcet number="0">10</wcet>
            <wcet number="1">10</wcet>
            <maxpow number="0.4019824531382734"/>
            <maxpow number="0.4019824531382734"/>
            <fprob>0.0</fprob>
        </actor>
        <actor name="D0N20">
            <wcet number="0">20</wcet>
            <wcet number="1">40</wcet>
            <maxpow number="0.6854705286620054"/>
            <maxpow number="0.6854705286620054"/>
            <fprob>0.0</fprob>
        </actor>
        <actor name="D0N14">
            <wcet number="0">300</wcet>
            <wcet number="1">300</wcet>
            <maxpow number="0.2770564250887408"/>
            <maxpow number="0.2770564250887408"/>
            <fprob>0.0</fprob>
        </actor>
        <ports>
            <port dstActor="D0N35" name="p0" srcActor="D0N9"/>
            <port dstActor="D0N26" name="p1" srcActor="D0N9"/>
            <port dstActor="D0N15" name="p2" srcActor="D0N9"/>
            <port dstActor="D0N17" name="p3" srcActor="D0N9"/>
            <port dstActor="D0N19" name="p4" srcActor="D0N9"/>
            <port dstActor="D0N45" name="p5" srcActor="D0N9"/>
            <port dstActor="D0N37" name="p6" srcActor="D0N9"/>
            <port dstActor="D0N41" name="p7" srcActor="D0N19"/>
            <port dstActor="D0N20" name="p8" srcActor="D0N19"/>
            <port dstActor="D0N30" name="p9" srcActor="D0N19"/>
            <port dstActor="D0N28" name="p10" srcActor="D0N19"/>
            <port dstActor="D0N45" name="p11" srcActor="D0N44"/>
            <port dstActor="D0N44" name="p12" srcActor="D0N5"/>
            <port dstActor="D0N17" name="p13" srcActor="D0N5"/>
            <port dstActor="D0N39" name="p14" srcActor="D0N36"/>
            <port dstActor="D0N34" name="p15" srcActor="D0N29"/>
            <port dstActor="D0N43" name="p16" srcActor="D0N29"/>
            <port dstActor="D0N46" name="p17" srcActor="D0N43"/>
            <port dstActor="D0N39" name="p18" srcActor="D0N31"/>
            <port dstActor="D0N36" name="p19" srcActor="D0N31"/>
            <port dstActor="D0N43" name="p20" srcActor="D0N31"/>
            <port dstActor="D0N39" name="p21" srcActor="D0N27"/>
            <port dstActor="D0N42" name="p22" srcActor="D0N12"/>
            <port dstActor="D0N37" name="p23" srcActor="D0N12"/>
            <port dstActor="D0N37" name="p24" srcActor="D0N30"/>
            <port dstActor="D0N18" name="p25" srcActor="D0N4"/>
            <port dstActor="D0N41" name="p26" srcActor="D0N4"/>
            <port dstActor="D0N6" name="p27" srcActor="D0N4"/>
            <port dstActor="D0N40" name="p28" srcActor="D0N4"/>
            <port dstActor="D0N14" name="p29" srcActor="D0N4"/>
            <port dstActor="D0N21" name="p30" srcActor="D0N4"/>
            <port dstActor="D0N39" name="p31" srcActor="D0N4"/>
            <port dstActor="D0N24" name="p32" srcActor="D0N4"/>
            <port dstActor="D0N12" name="p33" srcActor="D0N8"/>
            <port dstActor="D0N16" name="p34" srcActor="D0N8"/>
            <port dstActor="D0N34" name="p35" srcActor="D0N8"/>
            <port dstActor="D0N10" name="p36" srcActor="D0N8"/>
            <port dstActor="D0N32" name="p37" srcActor="D0N17"/>
            <port dstActor="D0N26" name="p38" srcActor="D0N17"/>
            <port dstActor="D0N41" name="p39" srcActor="D0N17"/>
            <port dstActor="D0N24" name="p40" srcActor="D0N17"/>
            <port dstActor="D0N13" name="p41" srcActor="D0N10"/>
            <port dstActor="D0N41" name="p42" srcActor="D0N10"/>
            <port dstActor="D0N21" name="p43" srcActor="D0N10"/>
            <port dstActor="D0N26" name="p44" srcActor="D0N10"/>
            <port dstActor="D0N46" name="p45" srcActor="D0N24"/>
            <port dstActor="D0N34" name="p46" srcActor="D0N24"/>
            <port dstActor="D0N42" name="p47" srcActor="D0N34"/>
            <port dstActor="D0N22" name="p48" srcActor="D0N6"/>
            <port dstActor="D0N45" name="p49" srcActor="D0N6"/>
            <port dstActor="D0N7" name="p50" srcActor="D0N6"/>
            <port dstActor="D0N14" name="p51" srcActor="D0N6"/>
            <port dstActor="D0N36" name="p52" srcActor="D0N21"/>
            <port dstActor="D0N45" name="p53" srcActor="D0N21"/>
            <port dstActor="D0N41" name="p54" srcActor="D0N23"/>
            <port dstActor="D0N38" name="p55" srcActor="D0N23"/>
            <port dstActor="D0N13" name="p56" srcActor="D0N7"/>
            <port dstActor="D0N39" name="p57" srcActor="D0N7"/>
            <port dstActor="D0N20" name="p58" srcActor="D0N7"/>
            <port dstActor="D0N33" name="p59" srcActor="D0N26"/>
            <port dstActor="D0N41" name="p60" srcActor="D0N32"/>
            <port dstActor="D0N4" name="p61" srcActor="D0N1"/>
            <port dstActor="D0N5" name="p62" srcActor="D0N1"/>
            <port dstActor="D0N36" name="p63" srcActor="D0N1"/>
            <port dstActor="D0N19" name="p64" srcActor="D0N1"/>
            <port dstActor="D0N41" name="p65" srcActor="D0N1"/>
            <port dstActor="D0N25" name="p66" srcActor="D0N1"/>
            <port dstActor="D0N35" name="p67" srcActor="D0N1"/>
            <port dstActor="D0N42" name="p68" srcActor="D0N39"/>
            <port dstActor="D0N30" name="p69" srcActor="D0N3"/>
            <port dstActor="D0N41" name="p70" srcActor="D0N3"/>
            <port dstActor="D0N14" name="p71" srcActor="D0N3"/>
            <port dstActor="D0N41" name="p72" srcActor="D0N40"/>
            <port dstActor="D0N14" name="p73" srcActor="D0N11"/>
            <port dstActor="D0N30" name="p74" srcActor="D0N11"/>
            <port dstActor="D0N28" name="p75" srcActor="D0N11"/>
            <port dstActor="D0N6" name="p76" srcActor="D0N2"/>
            <port dstActor="D0N40" name="p77" srcActor="D0N2"/>
            <port dstActor="D0N38" name="p78" srcActor="D0N2"/>
            <port dstActor="D0N9" name="p79" srcActor="D0N2"/>
            <port dstActor="D0N38" name="p80" srcActor="D0N25"/>
            <port dstActor="D0N41" name="p81" srcActor="D0N25"/>
            <port dstActor="D0N23" name="p82" srcActor="D0N15"/>
            <port dstActor="D0N19" name="p83" srcActor="D0N15"/>
            <port dstActor="D0N5" name="p84" srcActor="D0N0"/>
            <port dstActor="D0N26" name="p85" srcActor="D0N0"/>
            <port dstActor="D0N11" name="p86" srcActor="D0N0"/>
            <port dstActor="D0N18" name="p87" srcActor="D0N0"/>
            <port dstActor="D0N30" name="p88" srcActor="D0N13"/>
            <port dstActor="D0N17" name="p89" srcActor="D0N13"/>
            <port dstActor="D0N38" name="p90" srcActor="D0N28"/>
            <port dstActor="D0N33" name="p91" srcActor="D0N28"/>
            <port dstActor="D0N40" name="p92" srcActor="D0N35"/>
            <port dstActor="D0N39" name="p93" srcActor="D0N35"/>
            <port dstActor="D0N18" name="p94" srcActor="D0N16"/>
            <port dstActor="D0N35" name="p95" srcActor="D0N16"/>
            <port dstActor="D0N44" name="p96" srcActor="D0N18"/>
            <port dstActor="D0N45" name="p97" srcActor="D0N18"/>
            <port dstActor="D0N26" name="p98" srcActor="D0N18"/>
            <port dstActor="D0N25" name="p99" srcActor="D0N20"/>
            <port dstActor="D0N44" name="p100" srcActor="D0N20"/>
            <port dstActor="D0N23" name="p101" srcActor="D0N20"/>
            <port dstActor="D0N21" name="p102" srcActor="D0N20"/>
            <port dstActor="D0N25" name="p103" srcActor="D0N14"/>
            <port dstActor="D0N28" name="p104" srcActor="D0N14"/>
            <port dstActor="D0N20" name="p105" srcActor="D0N14"/>
        </ports>
    </mcdag>
    <cores number="3"/>
    <levels number="2"/>
</mcsystem>
