<?xml version="1.0" encoding="UTF-8" standalone="no"?>
<mcsystem>
    <mcdag deadline="1800" name="genned-0-ed-10.0-0">
        <actor name="D0N9">
            <wcet number="0">20</wcet>
            <wcet number="1">100</wcet>
            <maxpow number="0.5501070355512563"/>
            <maxpow number="0.5501070355512563"/>
            <fprob>0.0</fprob>
        </actor>
        <actor name="D0N1">
            <wcet number="0">120</wcet>
            <wcet number="1">220</wcet>
            <maxpow number="0.5554869463871042"/>
            <maxpow number="0.5554869463871042"/>
            <fprob>0.0</fprob>
        </actor>
        <actor name="D0N3">
            <wcet number="0">30</wcet>
            <wcet number="1">40</wcet>
            <maxpow number="0.12762134446724843"/>
            <maxpow number="0.12762134446724843"/>
            <fprob>0.0</fprob>
        </actor>
        <actor name="D0N40">
            <wcet number="0">10</wcet>
            <wcet number="1">10</wcet>
            <maxpow number="0.6547985301426973"/>
            <maxpow number="0.6547985301426973"/>
            <fprob>0.0</fprob>
        </actor>
        <actor name="D0N36">
            <wcet number="0">10</wcet>
            <wcet number="1">40</wcet>
            <maxpow number="0.38258761319094126"/>
            <maxpow number="0.38258761319094126"/>
            <fprob>0.0</fprob>
        </actor>
        <actor name="D0N14">
            <wcet number="0">10</wcet>
            <wcet number="1">50</wcet>
            <maxpow number="0.40966888273592705"/>
            <maxpow number="0.40966888273592705"/>
            <fprob>0.0</fprob>
        </actor>
        <actor name="D0N16">
            <wcet number="0">40</wcet>
            <wcet number="1">40</wcet>
            <maxpow number="0.6402723950359903"/>
            <maxpow number="0.6402723950359903"/>
            <fprob>0.0</fprob>
        </actor>
        <actor name="D0N35">
            <wcet number="0">40</wcet>
            <wcet number="1">40</wcet>
            <maxpow number="0.5381040061255257"/>
            <maxpow number="0.5381040061255257"/>
            <fprob>0.0</fprob>
        </actor>
        <actor name="D0N21">
            <wcet number="0">10</wcet>
            <wcet number="1">10</wcet>
            <maxpow number="0.6336118602230273"/>
            <maxpow number="0.6336118602230273"/>
            <fprob>0.0</fprob>
        </actor>
        <actor name="D0N10">
            <wcet number="0">50</wcet>
            <wcet number="1">50</wcet>
            <maxpow number="0.38309522188829975"/>
            <maxpow number="0.38309522188829975"/>
            <fprob>0.0</fprob>
        </actor>
        <actor name="D0N37">
            <wcet number="0">110</wcet>
            <wcet number="1">120</wcet>
            <maxpow number="0.5177340164537979"/>
            <maxpow number="0.5177340164537979"/>
            <fprob>0.0</fprob>
        </actor>
        <actor name="D0N13">
            <wcet number="0">20</wcet>
            <wcet number="1">220</wcet>
            <maxpow number="0.23423719043668834"/>
            <maxpow number="0.23423719043668834"/>
            <fprob>0.0</fprob>
        </actor>
        <actor name="D0N20">
            <wcet number="0">10</wcet>
            <wcet number="1">80</wcet>
            <maxpow number="0.34459253322603267"/>
            <maxpow number="0.34459253322603267"/>
            <fprob>0.0</fprob>
        </actor>
        <actor name="D0N46">
            <wcet number="0">30</wcet>
            <wcet number="1">40</wcet>
            <maxpow number="0.6819802019446335"/>
            <maxpow number="0.6819802019446335"/>
            <fprob>0.0</fprob>
        </actor>
        <actor name="D0N31">
            <wcet number="0">20</wcet>
            <wcet number="1">20</wcet>
            <maxpow number="0.360642292030672"/>
            <maxpow number="0.360642292030672"/>
            <fprob>0.0</fprob>
        </actor>
        <actor name="D0N42">
            <wcet number="0">20</wcet>
            <wcet number="1">20</wcet>
            <maxpow number="0.46912734824347313"/>
            <maxpow number="0.46912734824347313"/>
            <fprob>0.0</fprob>
        </actor>
        <actor name="D0N8">
            <wcet number="0">60</wcet>
            <wcet number="1">150</wcet>
            <maxpow number="0.5993578602025325"/>
            <maxpow number="0.5993578602025325"/>
            <fprob>0.0</fprob>
        </actor>
        <actor name="D0N22">
            <wcet number="0">60</wcet>
            <wcet number="1">90</wcet>
            <maxpow number="0.7809944652314447"/>
            <maxpow number="0.7809944652314447"/>
            <fprob>0.0</fprob>
        </actor>
        <actor name="D0N24">
            <wcet number="0">10</wcet>
            <wcet number="1">40</wcet>
            <maxpow number="0.7087211501625451"/>
            <maxpow number="0.7087211501625451"/>
            <fprob>0.0</fprob>
        </actor>
        <actor name="D0N41">
            <wcet number="0">230</wcet>
            <wcet number="1">230</wcet>
            <maxpow number="0.6229051430635695"/>
            <maxpow number="0.6229051430635695"/>
            <fprob>0.0</fprob>
        </actor>
        <actor name="D0N28">
            <wcet number="0">90</wcet>
            <wcet number="1">150</wcet>
            <maxpow number="0.6112159037038454"/>
            <maxpow number="0.6112159037038454"/>
            <fprob>0.0</fprob>
        </actor>
        <actor name="D0N29">
            <wcet number="0">80</wcet>
            <wcet number="1">100</wcet>
            <maxpow number="0.4857892987622371"/>
            <maxpow number="0.4857892987622371"/>
            <fprob>0.0</fprob>
        </actor>
        <actor name="D0N44">
            <wcet number="0">30</wcet>
            <wcet number="1">290</wcet>
            <maxpow number="0.4295711151991296"/>
            <maxpow number="0.4295711151991296"/>
            <fprob>0.0</fprob>
        </actor>
        <actor name="D0N32">
            <wcet number="0">10</wcet>
            <wcet number="1">40</wcet>
            <maxpow number="0.612839854388919"/>
            <maxpow number="0.612839854388919"/>
            <fprob>0.0</fprob>
        </actor>
        <actor name="D0N25">
            <wcet number="0">20</wcet>
            <wcet number="1">50</wcet>
            <maxpow number="0.566660898137278"/>
            <maxpow number="0.566660898137278"/>
            <fprob>0.0</fprob>
        </actor>
        <actor name="D0N7">
            <wcet number="0">10</wcet>
            <wcet number="1">10</wcet>
            <maxpow number="0.6278204870701096"/>
            <maxpow number="0.6278204870701096"/>
            <fprob>0.0</fprob>
        </actor>
        <actor name="D0N34">
            <wcet number="0">40</wcet>
            <wcet number="1">130</wcet>
            <maxpow number="0.402175758939073"/>
            <maxpow number="0.402175758939073"/>
            <fprob>0.0</fprob>
        </actor>
        <actor name="D0N6">
            <wcet number="0">20</wcet>
            <wcet number="1">40</wcet>
            <maxpow number="0.8914330089433729"/>
            <maxpow number="0.8914330089433729"/>
            <fprob>0.0</fprob>
        </actor>
        <actor name="D0N30">
            <wcet number="0">10</wcet>
            <wcet number="1">60</wcet>
            <maxpow number="0.4207899777125345"/>
            <maxpow number="0.4207899777125345"/>
            <fprob>0.0</fprob>
        </actor>
        <actor name="D0N27">
            <wcet number="0">40</wcet>
            <wcet number="1">160</wcet>
            <maxpow number="0.6978073654426546"/>
            <maxpow number="0.6978073654426546"/>
            <fprob>0.0</fprob>
        </actor>
        <actor name="D0N33">
            <wcet number="0">10</wcet>
            <wcet number="1">10</wcet>
            <maxpow number="0.4337552380031813"/>
            <maxpow number="0.4337552380031813"/>
            <fprob>0.0</fprob>
        </actor>
        <actor name="D0N17">
            <wcet number="0">40</wcet>
            <wcet number="1">50</wcet>
            <maxpow number="0.7337481331556358"/>
            <maxpow number="0.7337481331556358"/>
            <fprob>0.0</fprob>
        </actor>
        <actor name="D0N15">
            <wcet number="0">110</wcet>
            <wcet number="1">110</wcet>
            <maxpow number="0.6630058771414855"/>
            <maxpow number="0.6630058771414855"/>
            <fprob>0.0</fprob>
        </actor>
        <actor name="D0N0">
            <wcet number="0">10</wcet>
            <wcet number="1">10</wcet>
            <maxpow number="0.35364384384312"/>
            <maxpow number="0.35364384384312"/>
            <fprob>0.0</fprob>
        </actor>
        <actor name="D0N47">
            <wcet number="0">70</wcet>
            <wcet number="1">80</wcet>
            <maxpow number="0.616764257191788"/>
            <maxpow number="0.616764257191788"/>
            <fprob>0.0</fprob>
        </actor>
        <actor name="D0N11">
            <wcet number="0">10</wcet>
            <wcet number="1">30</wcet>
            <maxpow number="0.5079255565931757"/>
            <maxpow number="0.5079255565931757"/>
            <fprob>0.0</fprob>
        </actor>
        <actor name="D0N12">
            <wcet number="0">60</wcet>
            <wcet number="1">60</wcet>
            <maxpow number="0.6684756723926554"/>
            <maxpow number="0.6684756723926554"/>
            <fprob>0.0</fprob>
        </actor>
        <actor name="D0N38">
            <wcet number="0">10</wcet>
            <wcet number="1">10</wcet>
            <maxpow number="0.1671690562119198"/>
            <maxpow number="0.1671690562119198"/>
            <fprob>0.0</fprob>
        </actor>
        <actor name="D0N2">
            <wcet number="0">10</wcet>
            <wcet number="1">30</wcet>
            <maxpow number="0.7973129769908708"/>
            <maxpow number="0.7973129769908708"/>
            <fprob>0.0</fprob>
        </actor>
        <actor name="D0N4">
            <wcet number="0">40</wcet>
            <wcet number="1">60</wcet>
            <maxpow number="0.18737230137111172"/>
            <maxpow number="0.18737230137111172"/>
            <fprob>0.0</fprob>
        </actor>
        <actor name="D0N19">
            <wcet number="0">30</wcet>
            <wcet number="1">80</wcet>
            <maxpow number="0.6653750285303761"/>
            <maxpow number="0.6653750285303761"/>
            <fprob>0.0</fprob>
        </actor>
        <actor name="D0N39">
            <wcet number="0">10</wcet>
            <wcet number="1">20</wcet>
            <maxpow number="0.732099879993413"/>
            <maxpow number="0.732099879993413"/>
            <fprob>0.0</fprob>
        </actor>
        <actor name="D0N23">
            <wcet number="0">10</wcet>
            <wcet number="1">10</wcet>
            <maxpow number="0.4782203874369017"/>
            <maxpow number="0.4782203874369017"/>
            <fprob>0.0</fprob>
        </actor>
        <actor name="D0N5">
            <wcet number="0">60</wcet>
            <wcet number="1">70</wcet>
            <maxpow number="0.36977518532513776"/>
            <maxpow number="0.36977518532513776"/>
            <fprob>0.0</fprob>
        </actor>
        <actor name="D0N45">
            <wcet number="0">40</wcet>
            <wcet number="1">80</wcet>
            <maxpow number="0.5997453795198399"/>
            <maxpow number="0.5997453795198399"/>
            <fprob>0.0</fprob>
        </actor>
        <actor name="D0N26">
            <wcet number="0">70</wcet>
            <wcet number="1">100</wcet>
            <maxpow number="0.555234197934146"/>
            <maxpow number="0.555234197934146"/>
            <fprob>0.0</fprob>
        </actor>
        <actor name="D0N43">
            <wcet number="0">30</wcet>
            <wcet number="1">60</wcet>
            <maxpow number="0.5101210384095685"/>
            <maxpow number="0.5101210384095685"/>
            <fprob>0.0</fprob>
        </actor>
        <actor name="D0N18">
            <wcet number="0">70</wcet>
            <wcet number="1">90</wcet>
            <maxpow number="0.5774204716299973"/>
            <maxpow number="0.5774204716299973"/>
            <fprob>0.0</fprob>
        </actor>
        <ports>
            <port dstActor="D0N46" name="p0" srcActor="D0N9"/>
            <port dstActor="D0N10" name="p1" srcActor="D0N9"/>
            <port dstActor="D0N15" name="p2" srcActor="D0N9"/>
            <port dstActor="D0N31" name="p3" srcActor="D0N1"/>
            <port dstActor="D0N44" name="p4" srcActor="D0N1"/>
            <port dstActor="D0N15" name="p5" srcActor="D0N1"/>
            <port dstActor="D0N29" name="p6" srcActor="D0N3"/>
            <port dstActor="D0N5" name="p7" srcActor="D0N3"/>
            <port dstActor="D0N24" name="p8" srcActor="D0N3"/>
            <port dstActor="D0N31" name="p9" srcActor="D0N3"/>
            <port dstActor="D0N46" name="p10" srcActor="D0N3"/>
            <port dstActor="D0N10" name="p11" srcActor="D0N3"/>
            <port dstActor="D0N47" name="p12" srcActor="D0N40"/>
            <port dstActor="D0N24" name="p13" srcActor="D0N14"/>
            <port dstActor="D0N23" name="p14" srcActor="D0N14"/>
            <port dstActor="D0N35" name="p15" srcActor="D0N16"/>
            <port dstActor="D0N39" name="p16" srcActor="D0N16"/>
            <port dstActor="D0N23" name="p17" srcActor="D0N16"/>
            <port dstActor="D0N39" name="p18" srcActor="D0N35"/>
            <port dstActor="D0N44" name="p19" srcActor="D0N21"/>
            <port dstActor="D0N47" name="p20" srcActor="D0N21"/>
            <port dstActor="D0N23" name="p21" srcActor="D0N21"/>
            <port dstActor="D0N31" name="p22" srcActor="D0N21"/>
            <port dstActor="D0N45" name="p23" srcActor="D0N21"/>
            <port dstActor="D0N29" name="p24" srcActor="D0N21"/>
            <port dstActor="D0N12" name="p25" srcActor="D0N10"/>
            <port dstActor="D0N35" name="p26" srcActor="D0N10"/>
            <port dstActor="D0N25" name="p27" srcActor="D0N10"/>
            <port dstActor="D0N11" name="p28" srcActor="D0N10"/>
            <port dstActor="D0N46" name="p29" srcActor="D0N10"/>
            <port dstActor="D0N24" name="p30" srcActor="D0N13"/>
            <port dstActor="D0N16" name="p31" srcActor="D0N13"/>
            <port dstActor="D0N26" name="p32" srcActor="D0N13"/>
            <port dstActor="D0N36" name="p33" srcActor="D0N13"/>
            <port dstActor="D0N42" name="p34" srcActor="D0N13"/>
            <port dstActor="D0N46" name="p35" srcActor="D0N13"/>
            <port dstActor="D0N24" name="p36" srcActor="D0N20"/>
            <port dstActor="D0N23" name="p37" srcActor="D0N20"/>
            <port dstActor="D0N27" name="p38" srcActor="D0N8"/>
            <port dstActor="D0N30" name="p39" srcActor="D0N8"/>
            <port dstActor="D0N30" name="p40" srcActor="D0N24"/>
            <port dstActor="D0N29" name="p41" srcActor="D0N24"/>
            <port dstActor="D0N44" name="p42" srcActor="D0N41"/>
            <port dstActor="D0N31" name="p43" srcActor="D0N29"/>
            <port dstActor="D0N45" name="p44" srcActor="D0N29"/>
            <port dstActor="D0N38" name="p45" srcActor="D0N29"/>
            <port dstActor="D0N41" name="p46" srcActor="D0N29"/>
            <port dstActor="D0N47" name="p47" srcActor="D0N29"/>
            <port dstActor="D0N43" name="p48" srcActor="D0N32"/>
            <port dstActor="D0N29" name="p49" srcActor="D0N25"/>
            <port dstActor="D0N45" name="p50" srcActor="D0N7"/>
            <port dstActor="D0N42" name="p51" srcActor="D0N7"/>
            <port dstActor="D0N8" name="p52" srcActor="D0N7"/>
            <port dstActor="D0N34" name="p53" srcActor="D0N7"/>
            <port dstActor="D0N22" name="p54" srcActor="D0N7"/>
            <port dstActor="D0N9" name="p55" srcActor="D0N7"/>
            <port dstActor="D0N21" name="p56" srcActor="D0N7"/>
            <port dstActor="D0N43" name="p57" srcActor="D0N34"/>
            <port dstActor="D0N37" name="p58" srcActor="D0N34"/>
            <port dstActor="D0N27" name="p59" srcActor="D0N6"/>
            <port dstActor="D0N38" name="p60" srcActor="D0N6"/>
            <port dstActor="D0N8" name="p61" srcActor="D0N6"/>
            <port dstActor="D0N14" name="p62" srcActor="D0N6"/>
            <port dstActor="D0N21" name="p63" srcActor="D0N6"/>
            <port dstActor="D0N36" name="p64" srcActor="D0N30"/>
            <port dstActor="D0N34" name="p65" srcActor="D0N27"/>
            <port dstActor="D0N37" name="p66" srcActor="D0N27"/>
            <port dstActor="D0N42" name="p67" srcActor="D0N27"/>
            <port dstActor="D0N37" name="p68" srcActor="D0N33"/>
            <port dstActor="D0N22" name="p69" srcActor="D0N17"/>
            <port dstActor="D0N25" name="p70" srcActor="D0N17"/>
            <port dstActor="D0N36" name="p71" srcActor="D0N17"/>
            <port dstActor="D0N29" name="p72" srcActor="D0N17"/>
            <port dstActor="D0N45" name="p73" srcActor="D0N17"/>
            <port dstActor="D0N30" name="p74" srcActor="D0N17"/>
            <port dstActor="D0N44" name="p75" srcActor="D0N15"/>
            <port dstActor="D0N20" name="p76" srcActor="D0N15"/>
            <port dstActor="D0N35" name="p77" srcActor="D0N15"/>
            <port dstActor="D0N21" name="p78" srcActor="D0N15"/>
            <port dstActor="D0N36" name="p79" srcActor="D0N15"/>
            <port dstActor="D0N21" name="p80" srcActor="D0N0"/>
            <port dstActor="D0N46" name="p81" srcActor="D0N0"/>
            <port dstActor="D0N11" name="p82" srcActor="D0N0"/>
            <port dstActor="D0N8" name="p83" srcActor="D0N0"/>
            <port dstActor="D0N7" name="p84" srcActor="D0N0"/>
            <port dstActor="D0N22" name="p85" srcActor="D0N0"/>
            <port dstActor="D0N14" name="p86" srcActor="D0N0"/>
            <port dstActor="D0N47" name="p87" srcActor="D0N0"/>
            <port dstActor="D0N21" name="p88" srcActor="D0N11"/>
            <port dstActor="D0N42" name="p89" srcActor="D0N11"/>
            <port dstActor="D0N18" name="p90" srcActor="D0N11"/>
            <port dstActor="D0N22" name="p91" srcActor="D0N11"/>
            <port dstActor="D0N22" name="p92" srcActor="D0N12"/>
            <port dstActor="D0N29" name="p93" srcActor="D0N12"/>
            <port dstActor="D0N17" name="p94" srcActor="D0N12"/>
            <port dstActor="D0N25" name="p95" srcActor="D0N12"/>
            <port dstActor="D0N31" name="p96" srcActor="D0N12"/>
            <port dstActor="D0N42" name="p97" srcActor="D0N38"/>
            <port dstActor="D0N21" name="p98" srcActor="D0N2"/>
            <port dstActor="D0N34" name="p99" srcActor="D0N2"/>
            <port dstActor="D0N27" name="p100" srcActor="D0N4"/>
            <port dstActor="D0N46" name="p101" srcActor="D0N4"/>
            <port dstActor="D0N37" name="p102" srcActor="D0N19"/>
            <port dstActor="D0N25" name="p103" srcActor="D0N19"/>
            <port dstActor="D0N47" name="p104" srcActor="D0N23"/>
            <port dstActor="D0N13" name="p105" srcActor="D0N5"/>
            <port dstActor="D0N40" name="p106" srcActor="D0N5"/>
            <port dstActor="D0N22" name="p107" srcActor="D0N5"/>
            <port dstActor="D0N6" name="p108" srcActor="D0N5"/>
            <port dstActor="D0N31" name="p109" srcActor="D0N5"/>
            <port dstActor="D0N47" name="p110" srcActor="D0N45"/>
            <port dstActor="D0N43" name="p111" srcActor="D0N26"/>
            <port dstActor="D0N36" name="p112" srcActor="D0N26"/>
            <port dstActor="D0N38" name="p113" srcActor="D0N26"/>
            <port dstActor="D0N46" name="p114" srcActor="D0N43"/>
            <port dstActor="D0N47" name="p115" srcActor="D0N43"/>
            <port dstActor="D0N36" name="p116" srcActor="D0N18"/>
            <port dstActor="D0N46" name="p117" srcActor="D0N18"/>
            <port dstActor="D0N37" name="p118" srcActor="D0N18"/>
            <port dstActor="D0N39" name="p119" srcActor="D0N18"/>
            <port dstActor="D0N27" name="p120" srcActor="D0N18"/>
        </ports>
    </mcdag>
    <cores number="2"/>
    <levels number="2"/>
</mcsystem>
