<?xml version="1.0" encoding="UTF-8" standalone="no"?>
<mcsystem>
    <mcdag deadline="1200" name="genned-0-ed-10.0-0">
        <actor name="D0N5">
            <wcet number="0">90</wcet>
            <wcet number="1">120</wcet>
            <maxpow number="0.5056788846662909"/>
            <maxpow number="0.5056788846662909"/>
            <fprob>0.0</fprob>
        </actor>
        <actor name="D0N6">
            <wcet number="0">80</wcet>
            <wcet number="1">140</wcet>
            <maxpow number="0.3858420434681926"/>
            <maxpow number="0.3858420434681926"/>
            <fprob>0.0</fprob>
        </actor>
        <actor name="D0N41">
            <wcet number="0">10</wcet>
            <wcet number="1">20</wcet>
            <maxpow number="0.39761146776863854"/>
            <maxpow number="0.39761146776863854"/>
            <fprob>0.0</fprob>
        </actor>
        <actor name="D0N45">
            <wcet number="0">50</wcet>
            <wcet number="1">50</wcet>
            <maxpow number="0.6877472291013652"/>
            <maxpow number="0.6877472291013652"/>
            <fprob>0.0</fprob>
        </actor>
        <actor name="D0N3">
            <wcet number="0">30</wcet>
            <wcet number="1">30</wcet>
            <maxpow number="0.32522014324734827"/>
            <maxpow number="0.32522014324734827"/>
            <fprob>0.0</fprob>
        </actor>
        <actor name="D0N7">
            <wcet number="0">40</wcet>
            <wcet number="1">60</wcet>
            <maxpow number="0.3874565104732418"/>
            <maxpow number="0.3874565104732418"/>
            <fprob>0.0</fprob>
        </actor>
        <actor name="D0N12">
            <wcet number="0">20</wcet>
            <wcet number="1">20</wcet>
            <maxpow number="0.2897376305258442"/>
            <maxpow number="0.2897376305258442"/>
            <fprob>0.0</fprob>
        </actor>
        <actor name="D0N13">
            <wcet number="0">20</wcet>
            <wcet number="1">50</wcet>
            <maxpow number="0.6603713100951756"/>
            <maxpow number="0.6603713100951756"/>
            <fprob>0.0</fprob>
        </actor>
        <actor name="D0N29">
            <wcet number="0">10</wcet>
            <wcet number="1">10</wcet>
            <maxpow number="0.4157763428935045"/>
            <maxpow number="0.4157763428935045"/>
            <fprob>0.0</fprob>
        </actor>
        <actor name="D0N36">
            <wcet number="0">100</wcet>
            <wcet number="1">140</wcet>
            <maxpow number="0.2942446161086784"/>
            <maxpow number="0.2942446161086784"/>
            <fprob>0.0</fprob>
        </actor>
        <actor name="D0N33">
            <wcet number="0">50</wcet>
            <wcet number="1">100</wcet>
            <maxpow number="0.7353158969380288"/>
            <maxpow number="0.7353158969380288"/>
            <fprob>0.0</fprob>
        </actor>
        <actor name="D0N8">
            <wcet number="0">40</wcet>
            <wcet number="1">50</wcet>
            <maxpow number="0.46091150311672024"/>
            <maxpow number="0.46091150311672024"/>
            <fprob>0.0</fprob>
        </actor>
        <actor name="D0N43">
            <wcet number="0">30</wcet>
            <wcet number="1">30</wcet>
            <maxpow number="0.21817274811425086"/>
            <maxpow number="0.21817274811425086"/>
            <fprob>0.0</fprob>
        </actor>
        <actor name="D0N22">
            <wcet number="0">100</wcet>
            <wcet number="1">120</wcet>
            <maxpow number="0.5700486704843624"/>
            <maxpow number="0.5700486704843624"/>
            <fprob>0.0</fprob>
        </actor>
        <actor name="D0N23">
            <wcet number="0">20</wcet>
            <wcet number="1">20</wcet>
            <maxpow number="0.2035892015115599"/>
            <maxpow number="0.2035892015115599"/>
            <fprob>0.0</fprob>
        </actor>
        <actor name="D0N26">
            <wcet number="0">20</wcet>
            <wcet number="1">160</wcet>
            <maxpow number="0.5696553212152489"/>
            <maxpow number="0.5696553212152489"/>
            <fprob>0.0</fprob>
        </actor>
        <actor name="D0N38">
            <wcet number="0">20</wcet>
            <wcet number="1">30</wcet>
            <maxpow number="0.46749926976832185"/>
            <maxpow number="0.46749926976832185"/>
            <fprob>0.0</fprob>
        </actor>
        <actor name="D0N19">
            <wcet number="0">30</wcet>
            <wcet number="1">70</wcet>
            <maxpow number="0.3005341949387913"/>
            <maxpow number="0.3005341949387913"/>
            <fprob>0.0</fprob>
        </actor>
        <actor name="D0N25">
            <wcet number="0">10</wcet>
            <wcet number="1">10</wcet>
            <maxpow number="0.6513231624707104"/>
            <maxpow number="0.6513231624707104"/>
            <fprob>0.0</fprob>
        </actor>
        <actor name="D0N30">
            <wcet number="0">40</wcet>
            <wcet number="1">230</wcet>
            <maxpow number="0.8026693735488943"/>
            <maxpow number="0.8026693735488943"/>
            <fprob>0.0</fprob>
        </actor>
        <actor name="D0N21">
            <wcet number="0">20</wcet>
            <wcet number="1">40</wcet>
            <maxpow number="0.572495011921753"/>
            <maxpow number="0.572495011921753"/>
            <fprob>0.0</fprob>
        </actor>
        <actor name="D0N24">
            <wcet number="0">10</wcet>
            <wcet number="1">20</wcet>
            <maxpow number="0.4200605136694767"/>
            <maxpow number="0.4200605136694767"/>
            <fprob>0.0</fprob>
        </actor>
        <actor name="D0N10">
            <wcet number="0">30</wcet>
            <wcet number="1">30</wcet>
            <maxpow number="0.8610091189774802"/>
            <maxpow number="0.8610091189774802"/>
            <fprob>0.0</fprob>
        </actor>
        <actor name="D0N17">
            <wcet number="0">70</wcet>
            <wcet number="1">120</wcet>
            <maxpow number="0.685891670976855"/>
            <maxpow number="0.685891670976855"/>
            <fprob>0.0</fprob>
        </actor>
        <actor name="D0N31">
            <wcet number="0">70</wcet>
            <wcet number="1">80</wcet>
            <maxpow number="0.5651397512084249"/>
            <maxpow number="0.5651397512084249"/>
            <fprob>0.0</fprob>
        </actor>
        <actor name="D0N42">
            <wcet number="0">90</wcet>
            <wcet number="1">90</wcet>
            <maxpow number="0.24862848592174092"/>
            <maxpow number="0.24862848592174092"/>
            <fprob>0.0</fprob>
        </actor>
        <actor name="D0N4">
            <wcet number="0">50</wcet>
            <wcet number="1">50</wcet>
            <maxpow number="0.7324608819424316"/>
            <maxpow number="0.7324608819424316"/>
            <fprob>0.0</fprob>
        </actor>
        <actor name="D0N28">
            <wcet number="0">40</wcet>
            <wcet number="1">50</wcet>
            <maxpow number="0.6181779575058732"/>
            <maxpow number="0.6181779575058732"/>
            <fprob>0.0</fprob>
        </actor>
        <actor name="D0N16">
            <wcet number="0">60</wcet>
            <wcet number="1">70</wcet>
            <maxpow number="0.474707870558146"/>
            <maxpow number="0.474707870558146"/>
            <fprob>0.0</fprob>
        </actor>
        <actor name="D0N39">
            <wcet number="0">20</wcet>
            <wcet number="1">50</wcet>
            <maxpow number="0.7503545474379603"/>
            <maxpow number="0.7503545474379603"/>
            <fprob>0.0</fprob>
        </actor>
        <actor name="D0N11">
            <wcet number="0">240</wcet>
            <wcet number="1">360</wcet>
            <maxpow number="0.21197683497522807"/>
            <maxpow number="0.21197683497522807"/>
            <fprob>0.0</fprob>
        </actor>
        <actor name="D0N44">
            <wcet number="0">50</wcet>
            <wcet number="1">120</wcet>
            <maxpow number="0.46516451944961684"/>
            <maxpow number="0.46516451944961684"/>
            <fprob>0.0</fprob>
        </actor>
        <actor name="D0N1">
            <wcet number="0">60</wcet>
            <wcet number="1">90</wcet>
            <maxpow number="0.41789933467861895"/>
            <maxpow number="0.41789933467861895"/>
            <fprob>0.0</fprob>
        </actor>
        <actor name="D0N35">
            <wcet number="0">10</wcet>
            <wcet number="1">10</wcet>
            <maxpow number="0.4643256208401364"/>
            <maxpow number="0.4643256208401364"/>
            <fprob>0.0</fprob>
        </actor>
        <actor name="D0N14">
            <wcet number="0">30</wcet>
            <wcet number="1">30</wcet>
            <maxpow number="0.5130253595066054"/>
            <maxpow number="0.5130253595066054"/>
            <fprob>0.0</fprob>
        </actor>
        <actor name="D0N20">
            <wcet number="0">130</wcet>
            <wcet number="1">130</wcet>
            <maxpow number="0.48294018314489384"/>
            <maxpow number="0.48294018314489384"/>
            <fprob>0.0</fprob>
        </actor>
        <actor name="D0N2">
            <wcet number="0">30</wcet>
            <wcet number="1">30</wcet>
            <maxpow number="0.37728826550990857"/>
            <maxpow number="0.37728826550990857"/>
            <fprob>0.0</fprob>
        </actor>
        <actor name="D0N9">
            <wcet number="0">10</wcet>
            <wcet number="1">30</wcet>
            <maxpow number="0.866071298701003"/>
            <maxpow number="0.866071298701003"/>
            <fprob>0.0</fprob>
        </actor>
        <actor name="D0N0">
            <wcet number="0">10</wcet>
            <wcet number="1">40</wcet>
            <maxpow number="0.6532018217870796"/>
            <maxpow number="0.6532018217870796"/>
            <fprob>0.0</fprob>
        </actor>
        <actor name="D0N34">
            <wcet number="0">70</wcet>
            <wcet number="1">170</wcet>
            <maxpow number="0.4693314266184211"/>
            <maxpow number="0.4693314266184211"/>
            <fprob>0.0</fprob>
        </actor>
        <actor name="D0N18">
            <wcet number="0">20</wcet>
            <wcet number="1">50</wcet>
            <maxpow number="0.6964483383907623"/>
            <maxpow number="0.6964483383907623"/>
            <fprob>0.0</fprob>
        </actor>
        <actor name="D0N32">
            <wcet number="0">20</wcet>
            <wcet number="1">130</wcet>
            <maxpow number="0.5806816303882318"/>
            <maxpow number="0.5806816303882318"/>
            <fprob>0.0</fprob>
        </actor>
        <actor name="D0N37">
            <wcet number="0">10</wcet>
            <wcet number="1">20</wcet>
            <maxpow number="0.45842272361456793"/>
            <maxpow number="0.45842272361456793"/>
            <fprob>0.0</fprob>
        </actor>
        <actor name="D0N40">
            <wcet number="0">20</wcet>
            <wcet number="1">20</wcet>
            <maxpow number="0.5189587873492315"/>
            <maxpow number="0.5189587873492315"/>
            <fprob>0.0</fprob>
        </actor>
        <actor name="D0N15">
            <wcet number="0">10</wcet>
            <wcet number="1">10</wcet>
            <maxpow number="0.5687474817181921"/>
            <maxpow number="0.5687474817181921"/>
            <fprob>0.0</fprob>
        </actor>
        <actor name="D0N27">
            <wcet number="0">50</wcet>
            <wcet number="1">60</wcet>
            <maxpow number="0.11833940788244174"/>
            <maxpow number="0.11833940788244174"/>
            <fprob>0.0</fprob>
        </actor>
        <ports>
            <port dstActor="D0N22" name="p0" srcActor="D0N5"/>
            <port dstActor="D0N25" name="p1" srcActor="D0N5"/>
            <port dstActor="D0N10" name="p2" srcActor="D0N5"/>
            <port dstActor="D0N34" name="p3" srcActor="D0N6"/>
            <port dstActor="D0N20" name="p4" srcActor="D0N6"/>
            <port dstActor="D0N24" name="p5" srcActor="D0N6"/>
            <port dstActor="D0N18" name="p6" srcActor="D0N6"/>
            <port dstActor="D0N28" name="p7" srcActor="D0N3"/>
            <port dstActor="D0N15" name="p8" srcActor="D0N3"/>
            <port dstActor="D0N21" name="p9" srcActor="D0N3"/>
            <port dstActor="D0N23" name="p10" srcActor="D0N3"/>
            <port dstActor="D0N41" name="p11" srcActor="D0N3"/>
            <port dstActor="D0N16" name="p12" srcActor="D0N7"/>
            <port dstActor="D0N32" name="p13" srcActor="D0N7"/>
            <port dstActor="D0N13" name="p14" srcActor="D0N7"/>
            <port dstActor="D0N37" name="p15" srcActor="D0N7"/>
            <port dstActor="D0N27" name="p16" srcActor="D0N12"/>
            <port dstActor="D0N28" name="p17" srcActor="D0N12"/>
            <port dstActor="D0N41" name="p18" srcActor="D0N13"/>
            <port dstActor="D0N44" name="p19" srcActor="D0N36"/>
            <port dstActor="D0N25" name="p20" srcActor="D0N8"/>
            <port dstActor="D0N36" name="p21" srcActor="D0N8"/>
            <port dstActor="D0N44" name="p22" srcActor="D0N8"/>
            <port dstActor="D0N11" name="p23" srcActor="D0N8"/>
            <port dstActor="D0N29" name="p24" srcActor="D0N22"/>
            <port dstActor="D0N34" name="p25" srcActor="D0N22"/>
            <port dstActor="D0N40" name="p26" srcActor="D0N22"/>
            <port dstActor="D0N39" name="p27" srcActor="D0N22"/>
            <port dstActor="D0N45" name="p28" srcActor="D0N22"/>
            <port dstActor="D0N39" name="p29" srcActor="D0N23"/>
            <port dstActor="D0N28" name="p30" srcActor="D0N23"/>
            <port dstActor="D0N32" name="p31" srcActor="D0N26"/>
            <port dstActor="D0N38" name="p32" srcActor="D0N26"/>
            <port dstActor="D0N30" name="p33" srcActor="D0N26"/>
            <port dstActor="D0N41" name="p34" srcActor="D0N19"/>
            <port dstActor="D0N23" name="p35" srcActor="D0N19"/>
            <port dstActor="D0N33" name="p36" srcActor="D0N25"/>
            <port dstActor="D0N30" name="p37" srcActor="D0N25"/>
            <port dstActor="D0N44" name="p38" srcActor="D0N30"/>
            <port dstActor="D0N32" name="p39" srcActor="D0N30"/>
            <port dstActor="D0N36" name="p40" srcActor="D0N21"/>
            <port dstActor="D0N26" name="p41" srcActor="D0N24"/>
            <port dstActor="D0N38" name="p42" srcActor="D0N24"/>
            <port dstActor="D0N34" name="p43" srcActor="D0N10"/>
            <port dstActor="D0N45" name="p44" srcActor="D0N10"/>
            <port dstActor="D0N31" name="p45" srcActor="D0N10"/>
            <port dstActor="D0N36" name="p46" srcActor="D0N17"/>
            <port dstActor="D0N35" name="p47" srcActor="D0N31"/>
            <port dstActor="D0N34" name="p48" srcActor="D0N31"/>
            <port dstActor="D0N26" name="p49" srcActor="D0N4"/>
            <port dstActor="D0N23" name="p50" srcActor="D0N4"/>
            <port dstActor="D0N39" name="p51" srcActor="D0N4"/>
            <port dstActor="D0N31" name="p52" srcActor="D0N28"/>
            <port dstActor="D0N29" name="p53" srcActor="D0N28"/>
            <port dstActor="D0N36" name="p54" srcActor="D0N16"/>
            <port dstActor="D0N27" name="p55" srcActor="D0N11"/>
            <port dstActor="D0N40" name="p56" srcActor="D0N11"/>
            <port dstActor="D0N42" name="p57" srcActor="D0N11"/>
            <port dstActor="D0N30" name="p58" srcActor="D0N11"/>
            <port dstActor="D0N17" name="p59" srcActor="D0N11"/>
            <port dstActor="D0N40" name="p60" srcActor="D0N1"/>
            <port dstActor="D0N2" name="p61" srcActor="D0N1"/>
            <port dstActor="D0N30" name="p62" srcActor="D0N1"/>
            <port dstActor="D0N38" name="p63" srcActor="D0N14"/>
            <port dstActor="D0N25" name="p64" srcActor="D0N14"/>
            <port dstActor="D0N31" name="p65" srcActor="D0N20"/>
            <port dstActor="D0N41" name="p66" srcActor="D0N2"/>
            <port dstActor="D0N24" name="p67" srcActor="D0N2"/>
            <port dstActor="D0N4" name="p68" srcActor="D0N2"/>
            <port dstActor="D0N21" name="p69" srcActor="D0N2"/>
            <port dstActor="D0N29" name="p70" srcActor="D0N2"/>
            <port dstActor="D0N23" name="p71" srcActor="D0N9"/>
            <port dstActor="D0N14" name="p72" srcActor="D0N9"/>
            <port dstActor="D0N16" name="p73" srcActor="D0N9"/>
            <port dstActor="D0N24" name="p74" srcActor="D0N9"/>
            <port dstActor="D0N34" name="p75" srcActor="D0N9"/>
            <port dstActor="D0N13" name="p76" srcActor="D0N9"/>
            <port dstActor="D0N38" name="p77" srcActor="D0N0"/>
            <port dstActor="D0N17" name="p78" srcActor="D0N0"/>
            <port dstActor="D0N2" name="p79" srcActor="D0N0"/>
            <port dstActor="D0N42" name="p80" srcActor="D0N0"/>
            <port dstActor="D0N40" name="p81" srcActor="D0N34"/>
            <port dstActor="D0N20" name="p82" srcActor="D0N18"/>
            <port dstActor="D0N29" name="p83" srcActor="D0N18"/>
            <port dstActor="D0N37" name="p84" srcActor="D0N18"/>
            <port dstActor="D0N43" name="p85" srcActor="D0N32"/>
            <port dstActor="D0N41" name="p86" srcActor="D0N32"/>
            <port dstActor="D0N45" name="p87" srcActor="D0N32"/>
            <port dstActor="D0N22" name="p88" srcActor="D0N15"/>
            <port dstActor="D0N28" name="p89" srcActor="D0N27"/>
        </ports>
    </mcdag>
    <cores number="3"/>
    <levels number="2"/>
</mcsystem>
