<?xml version="1.0" encoding="UTF-8" standalone="no"?>
<mcsystem>
    <mcdag deadline="2200" name="genned-0-ed-10.0-0">
        <actor name="D0N22">
            <wcet number="0">20</wcet>
            <wcet number="1">40</wcet>
            <maxpow number="0.26477231053316364"/>
            <maxpow number="0.26477231053316364"/>
            <fprob>0.0</fprob>
        </actor>
        <actor name="D0N25">
            <wcet number="0">30</wcet>
            <wcet number="1">50</wcet>
            <maxpow number="0.6567764435033763"/>
            <maxpow number="0.6567764435033763"/>
            <fprob>0.0</fprob>
        </actor>
        <actor name="D0N11">
            <wcet number="0">70</wcet>
            <wcet number="1">340</wcet>
            <maxpow number="0.710158666099202"/>
            <maxpow number="0.710158666099202"/>
            <fprob>0.0</fprob>
        </actor>
        <actor name="D0N36">
            <wcet number="0">10</wcet>
            <wcet number="1">80</wcet>
            <maxpow number="0.5043610755136027"/>
            <maxpow number="0.5043610755136027"/>
            <fprob>0.0</fprob>
        </actor>
        <actor name="D0N42">
            <wcet number="0">10</wcet>
            <wcet number="1">10</wcet>
            <maxpow number="0.4009894348092402"/>
            <maxpow number="0.4009894348092402"/>
            <fprob>0.0</fprob>
        </actor>
        <actor name="D0N30">
            <wcet number="0">20</wcet>
            <wcet number="1">140</wcet>
            <maxpow number="0.37979566787460944"/>
            <maxpow number="0.37979566787460944"/>
            <fprob>0.0</fprob>
        </actor>
        <actor name="D0N23">
            <wcet number="0">20</wcet>
            <wcet number="1">20</wcet>
            <maxpow number="0.6026513128212189"/>
            <maxpow number="0.6026513128212189"/>
            <fprob>0.0</fprob>
        </actor>
        <actor name="D0N43">
            <wcet number="0">160</wcet>
            <wcet number="1">560</wcet>
            <maxpow number="0.7378501690488326"/>
            <maxpow number="0.7378501690488326"/>
            <fprob>0.0</fprob>
        </actor>
        <actor name="D0N10">
            <wcet number="0">20</wcet>
            <wcet number="1">80</wcet>
            <maxpow number="0.35274725711363863"/>
            <maxpow number="0.35274725711363863"/>
            <fprob>0.0</fprob>
        </actor>
        <actor name="D0N28">
            <wcet number="0">20</wcet>
            <wcet number="1">30</wcet>
            <maxpow number="0.4722023966750268"/>
            <maxpow number="0.4722023966750268"/>
            <fprob>0.0</fprob>
        </actor>
        <actor name="D0N27">
            <wcet number="0">400</wcet>
            <wcet number="1">480</wcet>
            <maxpow number="0.6501893631603294"/>
            <maxpow number="0.6501893631603294"/>
            <fprob>0.0</fprob>
        </actor>
        <actor name="D0N6">
            <wcet number="0">120</wcet>
            <wcet number="1">120</wcet>
            <maxpow number="0.6315860558980788"/>
            <maxpow number="0.6315860558980788"/>
            <fprob>0.0</fprob>
        </actor>
        <actor name="D0N14">
            <wcet number="0">190</wcet>
            <wcet number="1">250</wcet>
            <maxpow number="0.5960265381472147"/>
            <maxpow number="0.5960265381472147"/>
            <fprob>0.0</fprob>
        </actor>
        <actor name="D0N20">
            <wcet number="0">30</wcet>
            <wcet number="1">130</wcet>
            <maxpow number="0.7974688174650777"/>
            <maxpow number="0.7974688174650777"/>
            <fprob>0.0</fprob>
        </actor>
        <actor name="D0N29">
            <wcet number="0">50</wcet>
            <wcet number="1">50</wcet>
            <maxpow number="0.4250596747622377"/>
            <maxpow number="0.4250596747622377"/>
            <fprob>0.0</fprob>
        </actor>
        <actor name="D0N33">
            <wcet number="0">30</wcet>
            <wcet number="1">70</wcet>
            <maxpow number="0.4501429577844316"/>
            <maxpow number="0.4501429577844316"/>
            <fprob>0.0</fprob>
        </actor>
        <actor name="D0N4">
            <wcet number="0">280</wcet>
            <wcet number="1">390</wcet>
            <maxpow number="0.29061826520671924"/>
            <maxpow number="0.29061826520671924"/>
            <fprob>0.0</fprob>
        </actor>
        <actor name="D0N12">
            <wcet number="0">10</wcet>
            <wcet number="1">20</wcet>
            <maxpow number="0.27353144620519665"/>
            <maxpow number="0.27353144620519665"/>
            <fprob>0.0</fprob>
        </actor>
        <actor name="D0N38">
            <wcet number="0">80</wcet>
            <wcet number="1">350</wcet>
            <maxpow number="0.550869585154512"/>
            <maxpow number="0.550869585154512"/>
            <fprob>0.0</fprob>
        </actor>
        <actor name="D0N9">
            <wcet number="0">70</wcet>
            <wcet number="1">80</wcet>
            <maxpow number="0.42201063837070085"/>
            <maxpow number="0.42201063837070085"/>
            <fprob>0.0</fprob>
        </actor>
        <actor name="D0N8">
            <wcet number="0">180</wcet>
            <wcet number="1">270</wcet>
            <maxpow number="0.4215394471002566"/>
            <maxpow number="0.4215394471002566"/>
            <fprob>0.0</fprob>
        </actor>
        <actor name="D0N16">
            <wcet number="0">30</wcet>
            <wcet number="1">30</wcet>
            <maxpow number="0.6928458960235113"/>
            <maxpow number="0.6928458960235113"/>
            <fprob>0.0</fprob>
        </actor>
        <actor name="D0N46">
            <wcet number="0">60</wcet>
            <wcet number="1">130</wcet>
            <maxpow number="0.8126613062104551"/>
            <maxpow number="0.8126613062104551"/>
            <fprob>0.0</fprob>
        </actor>
        <actor name="D0N3">
            <wcet number="0">20</wcet>
            <wcet number="1">40</wcet>
            <maxpow number="0.5127856305517424"/>
            <maxpow number="0.5127856305517424"/>
            <fprob>0.0</fprob>
        </actor>
        <actor name="D0N32">
            <wcet number="0">10</wcet>
            <wcet number="1">20</wcet>
            <maxpow number="0.543038240706434"/>
            <maxpow number="0.543038240706434"/>
            <fprob>0.0</fprob>
        </actor>
        <actor name="D0N35">
            <wcet number="0">70</wcet>
            <wcet number="1">80</wcet>
            <maxpow number="0.623134340544945"/>
            <maxpow number="0.623134340544945"/>
            <fprob>0.0</fprob>
        </actor>
        <actor name="D0N37">
            <wcet number="0">50</wcet>
            <wcet number="1">210</wcet>
            <maxpow number="0.36444239362932196"/>
            <maxpow number="0.36444239362932196"/>
            <fprob>0.0</fprob>
        </actor>
        <actor name="D0N40">
            <wcet number="0">50</wcet>
            <wcet number="1">60</wcet>
            <maxpow number="0.5740553358876391"/>
            <maxpow number="0.5740553358876391"/>
            <fprob>0.0</fprob>
        </actor>
        <actor name="D0N0">
            <wcet number="0">20</wcet>
            <wcet number="1">40</wcet>
            <maxpow number="0.3793733980904213"/>
            <maxpow number="0.3793733980904213"/>
            <fprob>0.0</fprob>
        </actor>
        <actor name="D0N45">
            <wcet number="0">20</wcet>
            <wcet number="1">30</wcet>
            <maxpow number="0.41597007689503096"/>
            <maxpow number="0.41597007689503096"/>
            <fprob>0.0</fprob>
        </actor>
        <actor name="D0N18">
            <wcet number="0">50</wcet>
            <wcet number="1">120</wcet>
            <maxpow number="0.754744485192077"/>
            <maxpow number="0.754744485192077"/>
            <fprob>0.0</fprob>
        </actor>
        <actor name="D0N26">
            <wcet number="0">10</wcet>
            <wcet number="1">30</wcet>
            <maxpow number="0.21060642489172848"/>
            <maxpow number="0.21060642489172848"/>
            <fprob>0.0</fprob>
        </actor>
        <actor name="D0N17">
            <wcet number="0">20</wcet>
            <wcet number="1">20</wcet>
            <maxpow number="0.4587211537719741"/>
            <maxpow number="0.4587211537719741"/>
            <fprob>0.0</fprob>
        </actor>
        <actor name="D0N7">
            <wcet number="0">80</wcet>
            <wcet number="1">160</wcet>
            <maxpow number="0.43723483415834713"/>
            <maxpow number="0.43723483415834713"/>
            <fprob>0.0</fprob>
        </actor>
        <actor name="D0N24">
            <wcet number="0">100</wcet>
            <wcet number="1">140</wcet>
            <maxpow number="0.7159159553997904"/>
            <maxpow number="0.7159159553997904"/>
            <fprob>0.0</fprob>
        </actor>
        <actor name="D0N19">
            <wcet number="0">20</wcet>
            <wcet number="1">30</wcet>
            <maxpow number="0.6311138816318322"/>
            <maxpow number="0.6311138816318322"/>
            <fprob>0.0</fprob>
        </actor>
        <actor name="D0N34">
            <wcet number="0">270</wcet>
            <wcet number="1">380</wcet>
            <maxpow number="0.39674871956025376"/>
            <maxpow number="0.39674871956025376"/>
            <fprob>0.0</fprob>
        </actor>
        <actor name="D0N39">
            <wcet number="0">120</wcet>
            <wcet number="1">160</wcet>
            <maxpow number="0.1498237051358124"/>
            <maxpow number="0.1498237051358124"/>
            <fprob>0.0</fprob>
        </actor>
        <actor name="D0N1">
            <wcet number="0">50</wcet>
            <wcet number="1">80</wcet>
            <maxpow number="0.5483819298482139"/>
            <maxpow number="0.5483819298482139"/>
            <fprob>0.0</fprob>
        </actor>
        <actor name="D0N21">
            <wcet number="0">10</wcet>
            <wcet number="1">30</wcet>
            <maxpow number="0.4408191083605776"/>
            <maxpow number="0.4408191083605776"/>
            <fprob>0.0</fprob>
        </actor>
        <actor name="D0N41">
            <wcet number="0">60</wcet>
            <wcet number="1">150</wcet>
            <maxpow number="0.46637289590357633"/>
            <maxpow number="0.46637289590357633"/>
            <fprob>0.0</fprob>
        </actor>
        <actor name="D0N2">
            <wcet number="0">20</wcet>
            <wcet number="1">100</wcet>
            <maxpow number="0.41618600711533804"/>
            <maxpow number="0.41618600711533804"/>
            <fprob>0.0</fprob>
        </actor>
        <actor name="D0N44">
            <wcet number="0">120</wcet>
            <wcet number="1">140</wcet>
            <maxpow number="0.5709810033407363"/>
            <maxpow number="0.5709810033407363"/>
            <fprob>0.0</fprob>
        </actor>
        <actor name="D0N15">
            <wcet number="0">10</wcet>
            <wcet number="1">220</wcet>
            <maxpow number="0.4166077607412202"/>
            <maxpow number="0.4166077607412202"/>
            <fprob>0.0</fprob>
        </actor>
        <actor name="D0N31">
            <wcet number="0">20</wcet>
            <wcet number="1">50</wcet>
            <maxpow number="0.7645547832363879"/>
            <maxpow number="0.7645547832363879"/>
            <fprob>0.0</fprob>
        </actor>
        <actor name="D0N13">
            <wcet number="0">60</wcet>
            <wcet number="1">60</wcet>
            <maxpow number="0.4219535605152681"/>
            <maxpow number="0.4219535605152681"/>
            <fprob>0.0</fprob>
        </actor>
        <actor name="D0N5">
            <wcet number="0">80</wcet>
            <wcet number="1">90</wcet>
            <maxpow number="0.2107158458089896"/>
            <maxpow number="0.2107158458089896"/>
            <fprob>0.0</fprob>
        </actor>
        <ports>
            <port dstActor="D0N40" name="p0" srcActor="D0N22"/>
            <port dstActor="D0N31" name="p1" srcActor="D0N22"/>
            <port dstActor="D0N24" name="p2" srcActor="D0N22"/>
            <port dstActor="D0N32" name="p3" srcActor="D0N22"/>
            <port dstActor="D0N37" name="p4" srcActor="D0N22"/>
            <port dstActor="D0N28" name="p5" srcActor="D0N22"/>
            <port dstActor="D0N36" name="p6" srcActor="D0N25"/>
            <port dstActor="D0N39" name="p7" srcActor="D0N11"/>
            <port dstActor="D0N27" name="p8" srcActor="D0N11"/>
            <port dstActor="D0N46" name="p9" srcActor="D0N42"/>
            <port dstActor="D0N38" name="p10" srcActor="D0N30"/>
            <port dstActor="D0N41" name="p11" srcActor="D0N30"/>
            <port dstActor="D0N33" name="p12" srcActor="D0N23"/>
            <port dstActor="D0N39" name="p13" srcActor="D0N23"/>
            <port dstActor="D0N39" name="p14" srcActor="D0N10"/>
            <port dstActor="D0N35" name="p15" srcActor="D0N10"/>
            <port dstActor="D0N44" name="p16" srcActor="D0N28"/>
            <port dstActor="D0N29" name="p17" srcActor="D0N27"/>
            <port dstActor="D0N41" name="p18" srcActor="D0N27"/>
            <port dstActor="D0N38" name="p19" srcActor="D0N27"/>
            <port dstActor="D0N30" name="p20" srcActor="D0N6"/>
            <port dstActor="D0N23" name="p21" srcActor="D0N6"/>
            <port dstActor="D0N46" name="p22" srcActor="D0N6"/>
            <port dstActor="D0N7" name="p23" srcActor="D0N6"/>
            <port dstActor="D0N43" name="p24" srcActor="D0N14"/>
            <port dstActor="D0N45" name="p25" srcActor="D0N14"/>
            <port dstActor="D0N38" name="p26" srcActor="D0N14"/>
            <port dstActor="D0N45" name="p27" srcActor="D0N20"/>
            <port dstActor="D0N31" name="p28" srcActor="D0N29"/>
            <port dstActor="D0N40" name="p29" srcActor="D0N29"/>
            <port dstActor="D0N35" name="p30" srcActor="D0N33"/>
            <port dstActor="D0N38" name="p31" srcActor="D0N33"/>
            <port dstActor="D0N6" name="p32" srcActor="D0N4"/>
            <port dstActor="D0N26" name="p33" srcActor="D0N4"/>
            <port dstActor="D0N29" name="p34" srcActor="D0N4"/>
            <port dstActor="D0N30" name="p35" srcActor="D0N12"/>
            <port dstActor="D0N43" name="p36" srcActor="D0N38"/>
            <port dstActor="D0N44" name="p37" srcActor="D0N38"/>
            <port dstActor="D0N20" name="p38" srcActor="D0N9"/>
            <port dstActor="D0N26" name="p39" srcActor="D0N9"/>
            <port dstActor="D0N17" name="p40" srcActor="D0N9"/>
            <port dstActor="D0N20" name="p41" srcActor="D0N8"/>
            <port dstActor="D0N24" name="p42" srcActor="D0N8"/>
            <port dstActor="D0N43" name="p43" srcActor="D0N8"/>
            <port dstActor="D0N18" name="p44" srcActor="D0N8"/>
            <port dstActor="D0N35" name="p45" srcActor="D0N16"/>
            <port dstActor="D0N46" name="p46" srcActor="D0N16"/>
            <port dstActor="D0N40" name="p47" srcActor="D0N3"/>
            <port dstActor="D0N41" name="p48" srcActor="D0N3"/>
            <port dstActor="D0N29" name="p49" srcActor="D0N3"/>
            <port dstActor="D0N39" name="p50" srcActor="D0N32"/>
            <port dstActor="D0N39" name="p51" srcActor="D0N35"/>
            <port dstActor="D0N37" name="p52" srcActor="D0N0"/>
            <port dstActor="D0N10" name="p53" srcActor="D0N0"/>
            <port dstActor="D0N18" name="p54" srcActor="D0N0"/>
            <port dstActor="D0N5" name="p55" srcActor="D0N0"/>
            <port dstActor="D0N39" name="p56" srcActor="D0N18"/>
            <port dstActor="D0N25" name="p57" srcActor="D0N18"/>
            <port dstActor="D0N34" name="p58" srcActor="D0N17"/>
            <port dstActor="D0N22" name="p59" srcActor="D0N17"/>
            <port dstActor="D0N40" name="p60" srcActor="D0N17"/>
            <port dstActor="D0N27" name="p61" srcActor="D0N17"/>
            <port dstActor="D0N13" name="p62" srcActor="D0N7"/>
            <port dstActor="D0N37" name="p63" srcActor="D0N19"/>
            <port dstActor="D0N20" name="p64" srcActor="D0N19"/>
            <port dstActor="D0N24" name="p65" srcActor="D0N19"/>
            <port dstActor="D0N42" name="p66" srcActor="D0N19"/>
            <port dstActor="D0N39" name="p67" srcActor="D0N19"/>
            <port dstActor="D0N37" name="p68" srcActor="D0N34"/>
            <port dstActor="D0N41" name="p69" srcActor="D0N34"/>
            <port dstActor="D0N44" name="p70" srcActor="D0N34"/>
            <port dstActor="D0N40" name="p71" srcActor="D0N34"/>
            <port dstActor="D0N43" name="p72" srcActor="D0N39"/>
            <port dstActor="D0N33" name="p73" srcActor="D0N1"/>
            <port dstActor="D0N16" name="p74" srcActor="D0N1"/>
            <port dstActor="D0N18" name="p75" srcActor="D0N1"/>
            <port dstActor="D0N19" name="p76" srcActor="D0N1"/>
            <port dstActor="D0N4" name="p77" srcActor="D0N1"/>
            <port dstActor="D0N5" name="p78" srcActor="D0N1"/>
            <port dstActor="D0N35" name="p79" srcActor="D0N21"/>
            <port dstActor="D0N36" name="p80" srcActor="D0N21"/>
            <port dstActor="D0N34" name="p81" srcActor="D0N21"/>
            <port dstActor="D0N46" name="p82" srcActor="D0N21"/>
            <port dstActor="D0N38" name="p83" srcActor="D0N2"/>
            <port dstActor="D0N45" name="p84" srcActor="D0N2"/>
            <port dstActor="D0N26" name="p85" srcActor="D0N15"/>
            <port dstActor="D0N37" name="p86" srcActor="D0N15"/>
            <port dstActor="D0N25" name="p87" srcActor="D0N15"/>
            <port dstActor="D0N38" name="p88" srcActor="D0N31"/>
            <port dstActor="D0N45" name="p89" srcActor="D0N31"/>
            <port dstActor="D0N8" name="p90" srcActor="D0N5"/>
            <port dstActor="D0N27" name="p91" srcActor="D0N5"/>
        </ports>
    </mcdag>
    <cores number="3"/>
    <levels number="2"/>
</mcsystem>
