<?xml version="1.0" encoding="UTF-8" standalone="no"?>
<mcsystem>
    <mcdag deadline="1200" name="genned-0-ed-10.0-0">
        <actor name="D0N10">
            <wcet number="0">40</wcet>
            <wcet number="1">50</wcet>
            <maxpow number="0.28893931029035325"/>
            <maxpow number="0.28893931029035325"/>
            <fprob>0.0</fprob>
        </actor>
        <actor name="D0N42">
            <wcet number="0">60</wcet>
            <wcet number="1">60</wcet>
            <maxpow number="0.5375853553563762"/>
            <maxpow number="0.5375853553563762"/>
            <fprob>0.0</fprob>
        </actor>
        <actor name="D0N9">
            <wcet number="0">10</wcet>
            <wcet number="1">10</wcet>
            <maxpow number="0.49775612744492986"/>
            <maxpow number="0.49775612744492986"/>
            <fprob>0.0</fprob>
        </actor>
        <actor name="D0N6">
            <wcet number="0">10</wcet>
            <wcet number="1">80</wcet>
            <maxpow number="0.5528468907241191"/>
            <maxpow number="0.5528468907241191"/>
            <fprob>0.0</fprob>
        </actor>
        <actor name="D0N43">
            <wcet number="0">30</wcet>
            <wcet number="1">30</wcet>
            <maxpow number="0.2945968613515911"/>
            <maxpow number="0.2945968613515911"/>
            <fprob>0.0</fprob>
        </actor>
        <actor name="D0N26">
            <wcet number="0">30</wcet>
            <wcet number="1">80</wcet>
            <maxpow number="0.6559474666329252"/>
            <maxpow number="0.6559474666329252"/>
            <fprob>0.0</fprob>
        </actor>
        <actor name="D0N35">
            <wcet number="0">20</wcet>
            <wcet number="1">20</wcet>
            <maxpow number="0.41909214530220346"/>
            <maxpow number="0.41909214530220346"/>
            <fprob>0.0</fprob>
        </actor>
        <actor name="D0N1">
            <wcet number="0">10</wcet>
            <wcet number="1">30</wcet>
            <maxpow number="0.8486215233939969"/>
            <maxpow number="0.8486215233939969"/>
            <fprob>0.0</fprob>
        </actor>
        <actor name="D0N3">
            <wcet number="0">50</wcet>
            <wcet number="1">50</wcet>
            <maxpow number="0.8527832719834539"/>
            <maxpow number="0.8527832719834539"/>
            <fprob>0.0</fprob>
        </actor>
        <actor name="D0N7">
            <wcet number="0">10</wcet>
            <wcet number="1">20</wcet>
            <maxpow number="0.4049234355369578"/>
            <maxpow number="0.4049234355369578"/>
            <fprob>0.0</fprob>
        </actor>
        <actor name="D0N19">
            <wcet number="0">10</wcet>
            <wcet number="1">10</wcet>
            <maxpow number="0.5440451081449945"/>
            <maxpow number="0.5440451081449945"/>
            <fprob>0.0</fprob>
        </actor>
        <actor name="D0N41">
            <wcet number="0">10</wcet>
            <wcet number="1">10</wcet>
            <maxpow number="0.6839430548322005"/>
            <maxpow number="0.6839430548322005"/>
            <fprob>0.0</fprob>
        </actor>
        <actor name="D0N36">
            <wcet number="0">40</wcet>
            <wcet number="1">80</wcet>
            <maxpow number="0.4541553828597257"/>
            <maxpow number="0.4541553828597257"/>
            <fprob>0.0</fprob>
        </actor>
        <actor name="D0N14">
            <wcet number="0">70</wcet>
            <wcet number="1">70</wcet>
            <maxpow number="0.5589748497821332"/>
            <maxpow number="0.5589748497821332"/>
            <fprob>0.0</fprob>
        </actor>
        <actor name="D0N15">
            <wcet number="0">50</wcet>
            <wcet number="1">50</wcet>
            <maxpow number="0.4892366690335795"/>
            <maxpow number="0.4892366690335795"/>
            <fprob>0.0</fprob>
        </actor>
        <actor name="D0N16">
            <wcet number="0">30</wcet>
            <wcet number="1">30</wcet>
            <maxpow number="0.6634949168135741"/>
            <maxpow number="0.6634949168135741"/>
            <fprob>0.0</fprob>
        </actor>
        <actor name="D0N20">
            <wcet number="0">20</wcet>
            <wcet number="1">20</wcet>
            <maxpow number="0.7671232248728707"/>
            <maxpow number="0.7671232248728707"/>
            <fprob>0.0</fprob>
        </actor>
        <actor name="D0N39">
            <wcet number="0">10</wcet>
            <wcet number="1">60</wcet>
            <maxpow number="0.31183751677798277"/>
            <maxpow number="0.31183751677798277"/>
            <fprob>0.0</fprob>
        </actor>
        <actor name="D0N44">
            <wcet number="0">70</wcet>
            <wcet number="1">80</wcet>
            <maxpow number="0.2913695518921722"/>
            <maxpow number="0.2913695518921722"/>
            <fprob>0.0</fprob>
        </actor>
        <actor name="D0N13">
            <wcet number="0">20</wcet>
            <wcet number="1">30</wcet>
            <maxpow number="0.4925368219951208"/>
            <maxpow number="0.4925368219951208"/>
            <fprob>0.0</fprob>
        </actor>
        <actor name="D0N8">
            <wcet number="0">30</wcet>
            <wcet number="1">30</wcet>
            <maxpow number="0.5426903083373933"/>
            <maxpow number="0.5426903083373933"/>
            <fprob>0.0</fprob>
        </actor>
        <actor name="D0N11">
            <wcet number="0">20</wcet>
            <wcet number="1">30</wcet>
            <maxpow number="0.45585773330183926"/>
            <maxpow number="0.45585773330183926"/>
            <fprob>0.0</fprob>
        </actor>
        <actor name="D0N4">
            <wcet number="0">10</wcet>
            <wcet number="1">50</wcet>
            <maxpow number="0.34437806046405617"/>
            <maxpow number="0.34437806046405617"/>
            <fprob>0.0</fprob>
        </actor>
        <actor name="D0N22">
            <wcet number="0">20</wcet>
            <wcet number="1">40</wcet>
            <maxpow number="0.5325327680698425"/>
            <maxpow number="0.5325327680698425"/>
            <fprob>0.0</fprob>
        </actor>
        <actor name="D0N32">
            <wcet number="0">10</wcet>
            <wcet number="1">50</wcet>
            <maxpow number="0.6608948654340995"/>
            <maxpow number="0.6608948654340995"/>
            <fprob>0.0</fprob>
        </actor>
        <actor name="D0N31">
            <wcet number="0">30</wcet>
            <wcet number="1">60</wcet>
            <maxpow number="0.26043673263845474"/>
            <maxpow number="0.26043673263845474"/>
            <fprob>0.0</fprob>
        </actor>
        <actor name="D0N37">
            <wcet number="0">20</wcet>
            <wcet number="1">20</wcet>
            <maxpow number="0.33423232110019696"/>
            <maxpow number="0.33423232110019696"/>
            <fprob>0.0</fprob>
        </actor>
        <actor name="D0N17">
            <wcet number="0">40</wcet>
            <wcet number="1">70</wcet>
            <maxpow number="0.852470363733416"/>
            <maxpow number="0.852470363733416"/>
            <fprob>0.0</fprob>
        </actor>
        <actor name="D0N18">
            <wcet number="0">80</wcet>
            <wcet number="1">90</wcet>
            <maxpow number="0.6755220829351217"/>
            <maxpow number="0.6755220829351217"/>
            <fprob>0.0</fprob>
        </actor>
        <actor name="D0N38">
            <wcet number="0">20</wcet>
            <wcet number="1">60</wcet>
            <maxpow number="0.5216793059644954"/>
            <maxpow number="0.5216793059644954"/>
            <fprob>0.0</fprob>
        </actor>
        <actor name="D0N2">
            <wcet number="0">20</wcet>
            <wcet number="1">20</wcet>
            <maxpow number="0.3560969898749209"/>
            <maxpow number="0.3560969898749209"/>
            <fprob>0.0</fprob>
        </actor>
        <actor name="D0N12">
            <wcet number="0">40</wcet>
            <wcet number="1">80</wcet>
            <maxpow number="0.46157125363978796"/>
            <maxpow number="0.46157125363978796"/>
            <fprob>0.0</fprob>
        </actor>
        <actor name="D0N0">
            <wcet number="0">150</wcet>
            <wcet number="1">150</wcet>
            <maxpow number="0.7764306486721257"/>
            <maxpow number="0.7764306486721257"/>
            <fprob>0.0</fprob>
        </actor>
        <actor name="D0N29">
            <wcet number="0">10</wcet>
            <wcet number="1">10</wcet>
            <maxpow number="0.684406737823734"/>
            <maxpow number="0.684406737823734"/>
            <fprob>0.0</fprob>
        </actor>
        <actor name="D0N30">
            <wcet number="0">130</wcet>
            <wcet number="1">180</wcet>
            <maxpow number="0.49719584309134635"/>
            <maxpow number="0.49719584309134635"/>
            <fprob>0.0</fprob>
        </actor>
        <actor name="D0N28">
            <wcet number="0">80</wcet>
            <wcet number="1">80</wcet>
            <maxpow number="0.13726467920201285"/>
            <maxpow number="0.13726467920201285"/>
            <fprob>0.0</fprob>
        </actor>
        <actor name="D0N46">
            <wcet number="0">30</wcet>
            <wcet number="1">30</wcet>
            <maxpow number="0.6838621431981614"/>
            <maxpow number="0.6838621431981614"/>
            <fprob>0.0</fprob>
        </actor>
        <actor name="D0N34">
            <wcet number="0">10</wcet>
            <wcet number="1">50</wcet>
            <maxpow number="0.6933868701614667"/>
            <maxpow number="0.6933868701614667"/>
            <fprob>0.0</fprob>
        </actor>
        <actor name="D0N25">
            <wcet number="0">20</wcet>
            <wcet number="1">120</wcet>
            <maxpow number="0.30890936509128253"/>
            <maxpow number="0.30890936509128253"/>
            <fprob>0.0</fprob>
        </actor>
        <actor name="D0N27">
            <wcet number="0">10</wcet>
            <wcet number="1">80</wcet>
            <maxpow number="0.40430630104755133"/>
            <maxpow number="0.40430630104755133"/>
            <fprob>0.0</fprob>
        </actor>
        <actor name="D0N40">
            <wcet number="0">80</wcet>
            <wcet number="1">80</wcet>
            <maxpow number="0.619826147503247"/>
            <maxpow number="0.619826147503247"/>
            <fprob>0.0</fprob>
        </actor>
        <actor name="D0N21">
            <wcet number="0">20</wcet>
            <wcet number="1">30</wcet>
            <maxpow number="0.6121628183832947"/>
            <maxpow number="0.6121628183832947"/>
            <fprob>0.0</fprob>
        </actor>
        <actor name="D0N5">
            <wcet number="0">20</wcet>
            <wcet number="1">40</wcet>
            <maxpow number="0.7214706895688454"/>
            <maxpow number="0.7214706895688454"/>
            <fprob>0.0</fprob>
        </actor>
        <actor name="D0N23">
            <wcet number="0">20</wcet>
            <wcet number="1">20</wcet>
            <maxpow number="0.3440397263466004"/>
            <maxpow number="0.3440397263466004"/>
            <fprob>0.0</fprob>
        </actor>
        <actor name="D0N24">
            <wcet number="0">30</wcet>
            <wcet number="1">50</wcet>
            <maxpow number="0.5768752084841259"/>
            <maxpow number="0.5768752084841259"/>
            <fprob>0.0</fprob>
        </actor>
        <actor name="D0N33">
            <wcet number="0">80</wcet>
            <wcet number="1">90</wcet>
            <maxpow number="0.4581579343303034"/>
            <maxpow number="0.4581579343303034"/>
            <fprob>0.0</fprob>
        </actor>
        <actor name="D0N45">
            <wcet number="0">40</wcet>
            <wcet number="1">40</wcet>
            <maxpow number="0.534367217463058"/>
            <maxpow number="0.534367217463058"/>
            <fprob>0.0</fprob>
        </actor>
        <ports>
            <port dstActor="D0N11" name="p0" srcActor="D0N10"/>
            <port dstActor="D0N30" name="p1" srcActor="D0N10"/>
            <port dstActor="D0N41" name="p2" srcActor="D0N9"/>
            <port dstActor="D0N14" name="p3" srcActor="D0N9"/>
            <port dstActor="D0N34" name="p4" srcActor="D0N9"/>
            <port dstActor="D0N10" name="p5" srcActor="D0N6"/>
            <port dstActor="D0N39" name="p6" srcActor="D0N6"/>
            <port dstActor="D0N41" name="p7" srcActor="D0N6"/>
            <port dstActor="D0N8" name="p8" srcActor="D0N6"/>
            <port dstActor="D0N13" name="p9" srcActor="D0N6"/>
            <port dstActor="D0N19" name="p10" srcActor="D0N1"/>
            <port dstActor="D0N20" name="p11" srcActor="D0N1"/>
            <port dstActor="D0N5" name="p12" srcActor="D0N1"/>
            <port dstActor="D0N38" name="p13" srcActor="D0N3"/>
            <port dstActor="D0N12" name="p14" srcActor="D0N3"/>
            <port dstActor="D0N29" name="p15" srcActor="D0N3"/>
            <port dstActor="D0N19" name="p16" srcActor="D0N7"/>
            <port dstActor="D0N31" name="p17" srcActor="D0N7"/>
            <port dstActor="D0N37" name="p18" srcActor="D0N7"/>
            <port dstActor="D0N20" name="p19" srcActor="D0N19"/>
            <port dstActor="D0N40" name="p20" srcActor="D0N14"/>
            <port dstActor="D0N34" name="p21" srcActor="D0N15"/>
            <port dstActor="D0N46" name="p22" srcActor="D0N15"/>
            <port dstActor="D0N21" name="p23" srcActor="D0N15"/>
            <port dstActor="D0N20" name="p24" srcActor="D0N15"/>
            <port dstActor="D0N43" name="p25" srcActor="D0N15"/>
            <port dstActor="D0N39" name="p26" srcActor="D0N16"/>
            <port dstActor="D0N31" name="p27" srcActor="D0N16"/>
            <port dstActor="D0N26" name="p28" srcActor="D0N20"/>
            <port dstActor="D0N43" name="p29" srcActor="D0N20"/>
            <port dstActor="D0N36" name="p30" srcActor="D0N20"/>
            <port dstActor="D0N37" name="p31" srcActor="D0N20"/>
            <port dstActor="D0N30" name="p32" srcActor="D0N20"/>
            <port dstActor="D0N22" name="p33" srcActor="D0N13"/>
            <port dstActor="D0N44" name="p34" srcActor="D0N13"/>
            <port dstActor="D0N33" name="p35" srcActor="D0N13"/>
            <port dstActor="D0N31" name="p36" srcActor="D0N8"/>
            <port dstActor="D0N43" name="p37" srcActor="D0N8"/>
            <port dstActor="D0N32" name="p38" srcActor="D0N8"/>
            <port dstActor="D0N26" name="p39" srcActor="D0N8"/>
            <port dstActor="D0N10" name="p40" srcActor="D0N8"/>
            <port dstActor="D0N40" name="p41" srcActor="D0N11"/>
            <port dstActor="D0N20" name="p42" srcActor="D0N11"/>
            <port dstActor="D0N31" name="p43" srcActor="D0N4"/>
            <port dstActor="D0N22" name="p44" srcActor="D0N4"/>
            <port dstActor="D0N5" name="p45" srcActor="D0N4"/>
            <port dstActor="D0N32" name="p46" srcActor="D0N4"/>
            <port dstActor="D0N42" name="p47" srcActor="D0N22"/>
            <port dstActor="D0N26" name="p48" srcActor="D0N22"/>
            <port dstActor="D0N36" name="p49" srcActor="D0N31"/>
            <port dstActor="D0N42" name="p50" srcActor="D0N31"/>
            <port dstActor="D0N31" name="p51" srcActor="D0N17"/>
            <port dstActor="D0N30" name="p52" srcActor="D0N17"/>
            <port dstActor="D0N46" name="p53" srcActor="D0N18"/>
            <port dstActor="D0N36" name="p54" srcActor="D0N18"/>
            <port dstActor="D0N23" name="p55" srcActor="D0N18"/>
            <port dstActor="D0N37" name="p56" srcActor="D0N2"/>
            <port dstActor="D0N32" name="p57" srcActor="D0N2"/>
            <port dstActor="D0N35" name="p58" srcActor="D0N2"/>
            <port dstActor="D0N31" name="p59" srcActor="D0N12"/>
            <port dstActor="D0N35" name="p60" srcActor="D0N12"/>
            <port dstActor="D0N32" name="p61" srcActor="D0N12"/>
            <port dstActor="D0N42" name="p62" srcActor="D0N0"/>
            <port dstActor="D0N15" name="p63" srcActor="D0N0"/>
            <port dstActor="D0N43" name="p64" srcActor="D0N0"/>
            <port dstActor="D0N37" name="p65" srcActor="D0N29"/>
            <port dstActor="D0N42" name="p66" srcActor="D0N29"/>
            <port dstActor="D0N33" name="p67" srcActor="D0N30"/>
            <port dstActor="D0N40" name="p68" srcActor="D0N28"/>
            <port dstActor="D0N44" name="p69" srcActor="D0N28"/>
            <port dstActor="D0N38" name="p70" srcActor="D0N34"/>
            <port dstActor="D0N45" name="p71" srcActor="D0N34"/>
            <port dstActor="D0N39" name="p72" srcActor="D0N34"/>
            <port dstActor="D0N26" name="p73" srcActor="D0N25"/>
            <port dstActor="D0N39" name="p74" srcActor="D0N25"/>
            <port dstActor="D0N38" name="p75" srcActor="D0N25"/>
            <port dstActor="D0N37" name="p76" srcActor="D0N25"/>
            <port dstActor="D0N33" name="p77" srcActor="D0N27"/>
            <port dstActor="D0N44" name="p78" srcActor="D0N27"/>
            <port dstActor="D0N40" name="p79" srcActor="D0N27"/>
            <port dstActor="D0N41" name="p80" srcActor="D0N27"/>
            <port dstActor="D0N31" name="p81" srcActor="D0N21"/>
            <port dstActor="D0N23" name="p82" srcActor="D0N21"/>
            <port dstActor="D0N41" name="p83" srcActor="D0N21"/>
            <port dstActor="D0N18" name="p84" srcActor="D0N5"/>
            <port dstActor="D0N33" name="p85" srcActor="D0N5"/>
            <port dstActor="D0N36" name="p86" srcActor="D0N5"/>
            <port dstActor="D0N39" name="p87" srcActor="D0N23"/>
            <port dstActor="D0N24" name="p88" srcActor="D0N23"/>
            <port dstActor="D0N40" name="p89" srcActor="D0N33"/>
            <port dstActor="D0N46" name="p90" srcActor="D0N33"/>
            <port dstActor="D0N42" name="p91" srcActor="D0N33"/>
        </ports>
    </mcdag>
    <cores number="3"/>
    <levels number="2"/>
</mcsystem>
