<?xml version="1.0" encoding="UTF-8" standalone="no"?>
<mcsystem>
    <mcdag deadline="2500" name="genned-0-ed-10.0-0">
        <actor name="D0N3">
            <wcet number="0">10</wcet>
            <wcet number="1">40</wcet>
            <maxpow number="0.6809221548301407"/>
            <maxpow number="0.6809221548301407"/>
            <fprob>0.0</fprob>
        </actor>
        <actor name="D0N4">
            <wcet number="0">60</wcet>
            <wcet number="1">150</wcet>
            <maxpow number="0.8772739392829061"/>
            <maxpow number="0.8772739392829061"/>
            <fprob>0.0</fprob>
        </actor>
        <actor name="D0N15">
            <wcet number="0">40</wcet>
            <wcet number="1">80</wcet>
            <maxpow number="0.6061637854421287"/>
            <maxpow number="0.6061637854421287"/>
            <fprob>0.0</fprob>
        </actor>
        <actor name="D0N27">
            <wcet number="0">40</wcet>
            <wcet number="1">90</wcet>
            <maxpow number="0.5278108447182426"/>
            <maxpow number="0.5278108447182426"/>
            <fprob>0.0</fprob>
        </actor>
        <actor name="D0N8">
            <wcet number="0">20</wcet>
            <wcet number="1">120</wcet>
            <maxpow number="0.7442828197910458"/>
            <maxpow number="0.7442828197910458"/>
            <fprob>0.0</fprob>
        </actor>
        <actor name="D0N28">
            <wcet number="0">150</wcet>
            <wcet number="1">220</wcet>
            <maxpow number="0.21123702883984757"/>
            <maxpow number="0.21123702883984757"/>
            <fprob>0.0</fprob>
        </actor>
        <actor name="D0N9">
            <wcet number="0">40</wcet>
            <wcet number="1">50</wcet>
            <maxpow number="0.4383067285121478"/>
            <maxpow number="0.4383067285121478"/>
            <fprob>0.0</fprob>
        </actor>
        <actor name="D0N35">
            <wcet number="0">20</wcet>
            <wcet number="1">110</wcet>
            <maxpow number="-0.04647221584761585"/>
            <maxpow number="-0.04647221584761585"/>
            <fprob>0.0</fprob>
        </actor>
        <actor name="D0N22">
            <wcet number="0">60</wcet>
            <wcet number="1">160</wcet>
            <maxpow number="0.7624167888560278"/>
            <maxpow number="0.7624167888560278"/>
            <fprob>0.0</fprob>
        </actor>
        <actor name="D0N17">
            <wcet number="0">90</wcet>
            <wcet number="1">220</wcet>
            <maxpow number="0.5623715957996386"/>
            <maxpow number="0.5623715957996386"/>
            <fprob>0.0</fprob>
        </actor>
        <actor name="D0N7">
            <wcet number="0">130</wcet>
            <wcet number="1">170</wcet>
            <maxpow number="0.5651553031614984"/>
            <maxpow number="0.5651553031614984"/>
            <fprob>0.0</fprob>
        </actor>
        <actor name="D0N12">
            <wcet number="0">20</wcet>
            <wcet number="1">90</wcet>
            <maxpow number="0.6762110219698394"/>
            <maxpow number="0.6762110219698394"/>
            <fprob>0.0</fprob>
        </actor>
        <actor name="D0N5">
            <wcet number="0">100</wcet>
            <wcet number="1">290</wcet>
            <maxpow number="0.48909621914990314"/>
            <maxpow number="0.48909621914990314"/>
            <fprob>0.0</fprob>
        </actor>
        <actor name="D0N34">
            <wcet number="0">10</wcet>
            <wcet number="1">20</wcet>
            <maxpow number="0.3445031717985533"/>
            <maxpow number="0.3445031717985533"/>
            <fprob>0.0</fprob>
        </actor>
        <actor name="D0N38">
            <wcet number="0">60</wcet>
            <wcet number="1">70</wcet>
            <maxpow number="0.7257683283721013"/>
            <maxpow number="0.7257683283721013"/>
            <fprob>0.0</fprob>
        </actor>
        <actor name="D0N0">
            <wcet number="0">30</wcet>
            <wcet number="1">30</wcet>
            <maxpow number="0.7802869895692632"/>
            <maxpow number="0.7802869895692632"/>
            <fprob>0.0</fprob>
        </actor>
        <actor name="D0N16">
            <wcet number="0">80</wcet>
            <wcet number="1">90</wcet>
            <maxpow number="0.6097707039647565"/>
            <maxpow number="0.6097707039647565"/>
            <fprob>0.0</fprob>
        </actor>
        <actor name="D0N13">
            <wcet number="0">20</wcet>
            <wcet number="1">20</wcet>
            <maxpow number="0.6637412609753331"/>
            <maxpow number="0.6637412609753331"/>
            <fprob>0.0</fprob>
        </actor>
        <actor name="D0N30">
            <wcet number="0">70</wcet>
            <wcet number="1">130</wcet>
            <maxpow number="0.4500820782651979"/>
            <maxpow number="0.4500820782651979"/>
            <fprob>0.0</fprob>
        </actor>
        <actor name="D0N36">
            <wcet number="0">140</wcet>
            <wcet number="1">470</wcet>
            <maxpow number="0.4945958263654761"/>
            <maxpow number="0.4945958263654761"/>
            <fprob>0.0</fprob>
        </actor>
        <actor name="D0N20">
            <wcet number="0">20</wcet>
            <wcet number="1">150</wcet>
            <maxpow number="0.37594289183901086"/>
            <maxpow number="0.37594289183901086"/>
            <fprob>0.0</fprob>
        </actor>
        <actor name="D0N29">
            <wcet number="0">40</wcet>
            <wcet number="1">60</wcet>
            <maxpow number="0.6640265612815034"/>
            <maxpow number="0.6640265612815034"/>
            <fprob>0.0</fprob>
        </actor>
        <actor name="D0N25">
            <wcet number="0">60</wcet>
            <wcet number="1">150</wcet>
            <maxpow number="0.694656001185563"/>
            <maxpow number="0.694656001185563"/>
            <fprob>0.0</fprob>
        </actor>
        <actor name="D0N46">
            <wcet number="0">40</wcet>
            <wcet number="1">80</wcet>
            <maxpow number="0.3992267385730357"/>
            <maxpow number="0.3992267385730357"/>
            <fprob>0.0</fprob>
        </actor>
        <actor name="D0N1">
            <wcet number="0">10</wcet>
            <wcet number="1">10</wcet>
            <maxpow number="0.44649971933764404"/>
            <maxpow number="0.44649971933764404"/>
            <fprob>0.0</fprob>
        </actor>
        <actor name="D0N2">
            <wcet number="0">10</wcet>
            <wcet number="1">20</wcet>
            <maxpow number="0.37954773289768073"/>
            <maxpow number="0.37954773289768073"/>
            <fprob>0.0</fprob>
        </actor>
        <actor name="D0N26">
            <wcet number="0">20</wcet>
            <wcet number="1">40</wcet>
            <maxpow number="0.13368075474476643"/>
            <maxpow number="0.13368075474476643"/>
            <fprob>0.0</fprob>
        </actor>
        <actor name="D0N10">
            <wcet number="0">40</wcet>
            <wcet number="1">140</wcet>
            <maxpow number="0.6474975058014906"/>
            <maxpow number="0.6474975058014906"/>
            <fprob>0.0</fprob>
        </actor>
        <actor name="D0N23">
            <wcet number="0">20</wcet>
            <wcet number="1">200</wcet>
            <maxpow number="0.7493899516066406"/>
            <maxpow number="0.7493899516066406"/>
            <fprob>0.0</fprob>
        </actor>
        <actor name="D0N43">
            <wcet number="0">20</wcet>
            <wcet number="1">40</wcet>
            <maxpow number="0.28611469625057145"/>
            <maxpow number="0.28611469625057145"/>
            <fprob>0.0</fprob>
        </actor>
        <actor name="D0N14">
            <wcet number="0">10</wcet>
            <wcet number="1">10</wcet>
            <maxpow number="0.7063916646899441"/>
            <maxpow number="0.7063916646899441"/>
            <fprob>0.0</fprob>
        </actor>
        <actor name="D0N33">
            <wcet number="0">100</wcet>
            <wcet number="1">120</wcet>
            <maxpow number="0.747795953926465"/>
            <maxpow number="0.747795953926465"/>
            <fprob>0.0</fprob>
        </actor>
        <actor name="D0N6">
            <wcet number="0">70</wcet>
            <wcet number="1">250</wcet>
            <maxpow number="0.5503123351613272"/>
            <maxpow number="0.5503123351613272"/>
            <fprob>0.0</fprob>
        </actor>
        <actor name="D0N44">
            <wcet number="0">20</wcet>
            <wcet number="1">20</wcet>
            <maxpow number="0.6214407071357454"/>
            <maxpow number="0.6214407071357454"/>
            <fprob>0.0</fprob>
        </actor>
        <actor name="D0N37">
            <wcet number="0">50</wcet>
            <wcet number="1">300</wcet>
            <maxpow number="0.35970012950556407"/>
            <maxpow number="0.35970012950556407"/>
            <fprob>0.0</fprob>
        </actor>
        <actor name="D0N11">
            <wcet number="0">10</wcet>
            <wcet number="1">50</wcet>
            <maxpow number="0.48594603724998237"/>
            <maxpow number="0.48594603724998237"/>
            <fprob>0.0</fprob>
        </actor>
        <actor name="D0N24">
            <wcet number="0">70</wcet>
            <wcet number="1">200</wcet>
            <maxpow number="0.6290557773852117"/>
            <maxpow number="0.6290557773852117"/>
            <fprob>0.0</fprob>
        </actor>
        <actor name="D0N40">
            <wcet number="0">90</wcet>
            <wcet number="1">170</wcet>
            <maxpow number="0.5911496843613749"/>
            <maxpow number="0.5911496843613749"/>
            <fprob>0.0</fprob>
        </actor>
        <actor name="D0N42">
            <wcet number="0">20</wcet>
            <wcet number="1">40</wcet>
            <maxpow number="0.344074780799009"/>
            <maxpow number="0.344074780799009"/>
            <fprob>0.0</fprob>
        </actor>
        <actor name="D0N19">
            <wcet number="0">110</wcet>
            <wcet number="1">200</wcet>
            <maxpow number="0.4842539556038945"/>
            <maxpow number="0.4842539556038945"/>
            <fprob>0.0</fprob>
        </actor>
        <actor name="D0N39">
            <wcet number="0">100</wcet>
            <wcet number="1">130</wcet>
            <maxpow number="0.563553289576033"/>
            <maxpow number="0.563553289576033"/>
            <fprob>0.0</fprob>
        </actor>
        <actor name="D0N31">
            <wcet number="0">40</wcet>
            <wcet number="1">80</wcet>
            <maxpow number="0.6077211673248838"/>
            <maxpow number="0.6077211673248838"/>
            <fprob>0.0</fprob>
        </actor>
        <actor name="D0N18">
            <wcet number="0">10</wcet>
            <wcet number="1">10</wcet>
            <maxpow number="0.3468348640979507"/>
            <maxpow number="0.3468348640979507"/>
            <fprob>0.0</fprob>
        </actor>
        <actor name="D0N21">
            <wcet number="0">30</wcet>
            <wcet number="1">60</wcet>
            <maxpow number="0.6752009155388852"/>
            <maxpow number="0.6752009155388852"/>
            <fprob>0.0</fprob>
        </actor>
        <actor name="D0N41">
            <wcet number="0">10</wcet>
            <wcet number="1">30</wcet>
            <maxpow number="0.3650567724891667"/>
            <maxpow number="0.3650567724891667"/>
            <fprob>0.0</fprob>
        </actor>
        <actor name="D0N32">
            <wcet number="0">10</wcet>
            <wcet number="1">30</wcet>
            <maxpow number="0.7243325537520268"/>
            <maxpow number="0.7243325537520268"/>
            <fprob>0.0</fprob>
        </actor>
        <actor name="D0N45">
            <wcet number="0">30</wcet>
            <wcet number="1">40</wcet>
            <maxpow number="0.5320737979395156"/>
            <maxpow number="0.5320737979395156"/>
            <fprob>0.0</fprob>
        </actor>
        <ports>
            <port dstActor="D0N13" name="p0" srcActor="D0N3"/>
            <port dstActor="D0N30" name="p1" srcActor="D0N3"/>
            <port dstActor="D0N40" name="p2" srcActor="D0N3"/>
            <port dstActor="D0N32" name="p3" srcActor="D0N3"/>
            <port dstActor="D0N27" name="p4" srcActor="D0N4"/>
            <port dstActor="D0N44" name="p5" srcActor="D0N4"/>
            <port dstActor="D0N6" name="p6" srcActor="D0N4"/>
            <port dstActor="D0N21" name="p7" srcActor="D0N4"/>
            <port dstActor="D0N41" name="p8" srcActor="D0N4"/>
            <port dstActor="D0N46" name="p9" srcActor="D0N4"/>
            <port dstActor="D0N37" name="p10" srcActor="D0N15"/>
            <port dstActor="D0N34" name="p11" srcActor="D0N15"/>
            <port dstActor="D0N17" name="p12" srcActor="D0N15"/>
            <port dstActor="D0N41" name="p13" srcActor="D0N15"/>
            <port dstActor="D0N45" name="p14" srcActor="D0N15"/>
            <port dstActor="D0N33" name="p15" srcActor="D0N27"/>
            <port dstActor="D0N46" name="p16" srcActor="D0N27"/>
            <port dstActor="D0N34" name="p17" srcActor="D0N27"/>
            <port dstActor="D0N29" name="p18" srcActor="D0N27"/>
            <port dstActor="D0N30" name="p19" srcActor="D0N27"/>
            <port dstActor="D0N31" name="p20" srcActor="D0N27"/>
            <port dstActor="D0N35" name="p21" srcActor="D0N8"/>
            <port dstActor="D0N19" name="p22" srcActor="D0N8"/>
            <port dstActor="D0N40" name="p23" srcActor="D0N28"/>
            <port dstActor="D0N30" name="p24" srcActor="D0N9"/>
            <port dstActor="D0N40" name="p25" srcActor="D0N35"/>
            <port dstActor="D0N46" name="p26" srcActor="D0N35"/>
            <port dstActor="D0N24" name="p27" srcActor="D0N22"/>
            <port dstActor="D0N42" name="p28" srcActor="D0N22"/>
            <port dstActor="D0N43" name="p29" srcActor="D0N22"/>
            <port dstActor="D0N38" name="p30" srcActor="D0N22"/>
            <port dstActor="D0N40" name="p31" srcActor="D0N22"/>
            <port dstActor="D0N29" name="p32" srcActor="D0N22"/>
            <port dstActor="D0N23" name="p33" srcActor="D0N17"/>
            <port dstActor="D0N27" name="p34" srcActor="D0N17"/>
            <port dstActor="D0N34" name="p35" srcActor="D0N17"/>
            <port dstActor="D0N41" name="p36" srcActor="D0N17"/>
            <port dstActor="D0N14" name="p37" srcActor="D0N7"/>
            <port dstActor="D0N32" name="p38" srcActor="D0N7"/>
            <port dstActor="D0N21" name="p39" srcActor="D0N7"/>
            <port dstActor="D0N24" name="p40" srcActor="D0N7"/>
            <port dstActor="D0N16" name="p41" srcActor="D0N5"/>
            <port dstActor="D0N38" name="p42" srcActor="D0N5"/>
            <port dstActor="D0N46" name="p43" srcActor="D0N5"/>
            <port dstActor="D0N23" name="p44" srcActor="D0N0"/>
            <port dstActor="D0N28" name="p45" srcActor="D0N0"/>
            <port dstActor="D0N18" name="p46" srcActor="D0N0"/>
            <port dstActor="D0N37" name="p47" srcActor="D0N0"/>
            <port dstActor="D0N43" name="p48" srcActor="D0N0"/>
            <port dstActor="D0N45" name="p49" srcActor="D0N16"/>
            <port dstActor="D0N18" name="p50" srcActor="D0N16"/>
            <port dstActor="D0N36" name="p51" srcActor="D0N16"/>
            <port dstActor="D0N43" name="p52" srcActor="D0N16"/>
            <port dstActor="D0N27" name="p53" srcActor="D0N13"/>
            <port dstActor="D0N17" name="p54" srcActor="D0N13"/>
            <port dstActor="D0N26" name="p55" srcActor="D0N13"/>
            <port dstActor="D0N32" name="p56" srcActor="D0N13"/>
            <port dstActor="D0N39" name="p57" srcActor="D0N13"/>
            <port dstActor="D0N15" name="p58" srcActor="D0N13"/>
            <port dstActor="D0N44" name="p59" srcActor="D0N30"/>
            <port dstActor="D0N35" name="p60" srcActor="D0N30"/>
            <port dstActor="D0N32" name="p61" srcActor="D0N30"/>
            <port dstActor="D0N39" name="p62" srcActor="D0N36"/>
            <port dstActor="D0N39" name="p63" srcActor="D0N20"/>
            <port dstActor="D0N25" name="p64" srcActor="D0N20"/>
            <port dstActor="D0N27" name="p65" srcActor="D0N20"/>
            <port dstActor="D0N30" name="p66" srcActor="D0N29"/>
            <port dstActor="D0N44" name="p67" srcActor="D0N29"/>
            <port dstActor="D0N41" name="p68" srcActor="D0N29"/>
            <port dstActor="D0N38" name="p69" srcActor="D0N25"/>
            <port dstActor="D0N28" name="p70" srcActor="D0N1"/>
            <port dstActor="D0N20" name="p71" srcActor="D0N1"/>
            <port dstActor="D0N21" name="p72" srcActor="D0N1"/>
            <port dstActor="D0N17" name="p73" srcActor="D0N1"/>
            <port dstActor="D0N2" name="p74" srcActor="D0N1"/>
            <port dstActor="D0N5" name="p75" srcActor="D0N1"/>
            <port dstActor="D0N24" name="p76" srcActor="D0N2"/>
            <port dstActor="D0N14" name="p77" srcActor="D0N2"/>
            <port dstActor="D0N8" name="p78" srcActor="D0N2"/>
            <port dstActor="D0N18" name="p79" srcActor="D0N2"/>
            <port dstActor="D0N34" name="p80" srcActor="D0N2"/>
            <port dstActor="D0N19" name="p81" srcActor="D0N2"/>
            <port dstActor="D0N20" name="p82" srcActor="D0N10"/>
            <port dstActor="D0N35" name="p83" srcActor="D0N10"/>
            <port dstActor="D0N14" name="p84" srcActor="D0N10"/>
            <port dstActor="D0N39" name="p85" srcActor="D0N23"/>
            <port dstActor="D0N34" name="p86" srcActor="D0N23"/>
            <port dstActor="D0N46" name="p87" srcActor="D0N43"/>
            <port dstActor="D0N17" name="p88" srcActor="D0N14"/>
            <port dstActor="D0N21" name="p89" srcActor="D0N14"/>
            <port dstActor="D0N30" name="p90" srcActor="D0N14"/>
            <port dstActor="D0N44" name="p91" srcActor="D0N33"/>
            <port dstActor="D0N10" name="p92" srcActor="D0N6"/>
            <port dstActor="D0N18" name="p93" srcActor="D0N6"/>
            <port dstActor="D0N26" name="p94" srcActor="D0N6"/>
            <port dstActor="D0N30" name="p95" srcActor="D0N6"/>
            <port dstActor="D0N15" name="p96" srcActor="D0N6"/>
            <port dstActor="D0N40" name="p97" srcActor="D0N6"/>
            <port dstActor="D0N46" name="p98" srcActor="D0N37"/>
            <port dstActor="D0N40" name="p99" srcActor="D0N37"/>
            <port dstActor="D0N15" name="p100" srcActor="D0N11"/>
            <port dstActor="D0N18" name="p101" srcActor="D0N11"/>
            <port dstActor="D0N37" name="p102" srcActor="D0N11"/>
            <port dstActor="D0N26" name="p103" srcActor="D0N24"/>
            <port dstActor="D0N28" name="p104" srcActor="D0N19"/>
            <port dstActor="D0N44" name="p105" srcActor="D0N19"/>
            <port dstActor="D0N44" name="p106" srcActor="D0N39"/>
            <port dstActor="D0N29" name="p107" srcActor="D0N18"/>
            <port dstActor="D0N40" name="p108" srcActor="D0N18"/>
            <port dstActor="D0N45" name="p109" srcActor="D0N18"/>
            <port dstActor="D0N46" name="p110" srcActor="D0N21"/>
            <port dstActor="D0N36" name="p111" srcActor="D0N21"/>
            <port dstActor="D0N42" name="p112" srcActor="D0N41"/>
            <port dstActor="D0N35" name="p113" srcActor="D0N32"/>
        </ports>
    </mcdag>
    <cores number="3"/>
    <levels number="2"/>
</mcsystem>
