<?xml version="1.0" encoding="UTF-8" standalone="no"?>
<mcsystem>
    <mcdag deadline="4000" name="genned-0-ed-10.0-0">
        <actor name="D0N0">
            <wcet number="0">10</wcet>
            <wcet number="1">20</wcet>
            <maxpow number="0.6382186530132359"/>
            <maxpow number="0.6382186530132359"/>
            <fprob>0.0</fprob>
        </actor>
        <actor name="D0N9">
            <wcet number="0">90</wcet>
            <wcet number="1">350</wcet>
            <maxpow number="0.5602690755867591"/>
            <maxpow number="0.5602690755867591"/>
            <fprob>0.0</fprob>
        </actor>
        <actor name="D0N41">
            <wcet number="0">60</wcet>
            <wcet number="1">70</wcet>
            <maxpow number="0.5333140178113597"/>
            <maxpow number="0.5333140178113597"/>
            <fprob>0.0</fprob>
        </actor>
        <actor name="D0N8">
            <wcet number="0">110</wcet>
            <wcet number="1">110</wcet>
            <maxpow number="0.43357777812147336"/>
            <maxpow number="0.43357777812147336"/>
            <fprob>0.0</fprob>
        </actor>
        <actor name="D0N28">
            <wcet number="0">150</wcet>
            <wcet number="1">200</wcet>
            <maxpow number="0.2660425973294592"/>
            <maxpow number="0.2660425973294592"/>
            <fprob>0.0</fprob>
        </actor>
        <actor name="D0N21">
            <wcet number="0">150</wcet>
            <wcet number="1">210</wcet>
            <maxpow number="0.45693902310773726"/>
            <maxpow number="0.45693902310773726"/>
            <fprob>0.0</fprob>
        </actor>
        <actor name="D0N44">
            <wcet number="0">30</wcet>
            <wcet number="1">130</wcet>
            <maxpow number="0.5862883781984644"/>
            <maxpow number="0.5862883781984644"/>
            <fprob>0.0</fprob>
        </actor>
        <actor name="D0N16">
            <wcet number="0">20</wcet>
            <wcet number="1">30</wcet>
            <maxpow number="0.7401306247224324"/>
            <maxpow number="0.7401306247224324"/>
            <fprob>0.0</fprob>
        </actor>
        <actor name="D0N40">
            <wcet number="0">20</wcet>
            <wcet number="1">240</wcet>
            <maxpow number="0.47668299792900576"/>
            <maxpow number="0.47668299792900576"/>
            <fprob>0.0</fprob>
        </actor>
        <actor name="D0N15">
            <wcet number="0">400</wcet>
            <wcet number="1">400</wcet>
            <maxpow number="0.45124085006623027"/>
            <maxpow number="0.45124085006623027"/>
            <fprob>0.0</fprob>
        </actor>
        <actor name="D0N30">
            <wcet number="0">30</wcet>
            <wcet number="1">30</wcet>
            <maxpow number="0.412837719129886"/>
            <maxpow number="0.412837719129886"/>
            <fprob>0.0</fprob>
        </actor>
        <actor name="D0N11">
            <wcet number="0">360</wcet>
            <wcet number="1">590</wcet>
            <maxpow number="0.48240076601664794"/>
            <maxpow number="0.48240076601664794"/>
            <fprob>0.0</fprob>
        </actor>
        <actor name="D0N18">
            <wcet number="0">10</wcet>
            <wcet number="1">80</wcet>
            <maxpow number="0.6706598950944106"/>
            <maxpow number="0.6706598950944106"/>
            <fprob>0.0</fprob>
        </actor>
        <actor name="D0N1">
            <wcet number="0">10</wcet>
            <wcet number="1">10</wcet>
            <maxpow number="0.6528012936949579"/>
            <maxpow number="0.6528012936949579"/>
            <fprob>0.0</fprob>
        </actor>
        <actor name="D0N29">
            <wcet number="0">200</wcet>
            <wcet number="1">210</wcet>
            <maxpow number="0.48141381485963075"/>
            <maxpow number="0.48141381485963075"/>
            <fprob>0.0</fprob>
        </actor>
        <actor name="D0N43">
            <wcet number="0">20</wcet>
            <wcet number="1">220</wcet>
            <maxpow number="0.45994554599175735"/>
            <maxpow number="0.45994554599175735"/>
            <fprob>0.0</fprob>
        </actor>
        <actor name="D0N39">
            <wcet number="0">10</wcet>
            <wcet number="1">30</wcet>
            <maxpow number="0.7353988678699563"/>
            <maxpow number="0.7353988678699563"/>
            <fprob>0.0</fprob>
        </actor>
        <actor name="D0N47">
            <wcet number="0">290</wcet>
            <wcet number="1">340</wcet>
            <maxpow number="0.661432147213866"/>
            <maxpow number="0.661432147213866"/>
            <fprob>0.0</fprob>
        </actor>
        <actor name="D0N20">
            <wcet number="0">70</wcet>
            <wcet number="1">90</wcet>
            <maxpow number="0.7657188495282807"/>
            <maxpow number="0.7657188495282807"/>
            <fprob>0.0</fprob>
        </actor>
        <actor name="D0N25">
            <wcet number="0">800</wcet>
            <wcet number="1">850</wcet>
            <maxpow number="0.7472773674516453"/>
            <maxpow number="0.7472773674516453"/>
            <fprob>0.0</fprob>
        </actor>
        <actor name="D0N49">
            <wcet number="0">40</wcet>
            <wcet number="1">70</wcet>
            <maxpow number="0.4896739926488377"/>
            <maxpow number="0.4896739926488377"/>
            <fprob>0.0</fprob>
        </actor>
        <actor name="D0N26">
            <wcet number="0">210</wcet>
            <wcet number="1">530</wcet>
            <maxpow number="0.5816370949118647"/>
            <maxpow number="0.5816370949118647"/>
            <fprob>0.0</fprob>
        </actor>
        <actor name="D0N36">
            <wcet number="0">30</wcet>
            <wcet number="1">90</wcet>
            <maxpow number="0.613404796532407"/>
            <maxpow number="0.613404796532407"/>
            <fprob>0.0</fprob>
        </actor>
        <actor name="D0N42">
            <wcet number="0">30</wcet>
            <wcet number="1">120</wcet>
            <maxpow number="0.5307115502394113"/>
            <maxpow number="0.5307115502394113"/>
            <fprob>0.0</fprob>
        </actor>
        <actor name="D0N23">
            <wcet number="0">300</wcet>
            <wcet number="1">420</wcet>
            <maxpow number="0.5015324183692601"/>
            <maxpow number="0.5015324183692601"/>
            <fprob>0.0</fprob>
        </actor>
        <actor name="D0N45">
            <wcet number="0">10</wcet>
            <wcet number="1">10</wcet>
            <maxpow number="0.609635875845121"/>
            <maxpow number="0.609635875845121"/>
            <fprob>0.0</fprob>
        </actor>
        <actor name="D0N3">
            <wcet number="0">60</wcet>
            <wcet number="1">80</wcet>
            <maxpow number="0.7400184384757923"/>
            <maxpow number="0.7400184384757923"/>
            <fprob>0.0</fprob>
        </actor>
        <actor name="D0N7">
            <wcet number="0">120</wcet>
            <wcet number="1">140</wcet>
            <maxpow number="0.4002241799740193"/>
            <maxpow number="0.4002241799740193"/>
            <fprob>0.0</fprob>
        </actor>
        <actor name="D0N2">
            <wcet number="0">190</wcet>
            <wcet number="1">550</wcet>
            <maxpow number="0.34048712292638494"/>
            <maxpow number="0.34048712292638494"/>
            <fprob>0.0</fprob>
        </actor>
        <actor name="D0N24">
            <wcet number="0">60</wcet>
            <wcet number="1">220</wcet>
            <maxpow number="0.7254475771291627"/>
            <maxpow number="0.7254475771291627"/>
            <fprob>0.0</fprob>
        </actor>
        <actor name="D0N17">
            <wcet number="0">10</wcet>
            <wcet number="1">50</wcet>
            <maxpow number="0.6674607974711992"/>
            <maxpow number="0.6674607974711992"/>
            <fprob>0.0</fprob>
        </actor>
        <actor name="D0N31">
            <wcet number="0">10</wcet>
            <wcet number="1">10</wcet>
            <maxpow number="0.6348566377202142"/>
            <maxpow number="0.6348566377202142"/>
            <fprob>0.0</fprob>
        </actor>
        <actor name="D0N6">
            <wcet number="0">50</wcet>
            <wcet number="1">120</wcet>
            <maxpow number="0.655380355087185"/>
            <maxpow number="0.655380355087185"/>
            <fprob>0.0</fprob>
        </actor>
        <actor name="D0N27">
            <wcet number="0">90</wcet>
            <wcet number="1">370</wcet>
            <maxpow number="0.556957813909165"/>
            <maxpow number="0.556957813909165"/>
            <fprob>0.0</fprob>
        </actor>
        <actor name="D0N12">
            <wcet number="0">10</wcet>
            <wcet number="1">70</wcet>
            <maxpow number="0.6029081764761882"/>
            <maxpow number="0.6029081764761882"/>
            <fprob>0.0</fprob>
        </actor>
        <actor name="D0N19">
            <wcet number="0">10</wcet>
            <wcet number="1">30</wcet>
            <maxpow number="0.1633850679833292"/>
            <maxpow number="0.1633850679833292"/>
            <fprob>0.0</fprob>
        </actor>
        <actor name="D0N14">
            <wcet number="0">380</wcet>
            <wcet number="1">400</wcet>
            <maxpow number="0.5055092539646961"/>
            <maxpow number="0.5055092539646961"/>
            <fprob>0.0</fprob>
        </actor>
        <actor name="D0N35">
            <wcet number="0">30</wcet>
            <wcet number="1">60</wcet>
            <maxpow number="0.5380332649643796"/>
            <maxpow number="0.5380332649643796"/>
            <fprob>0.0</fprob>
        </actor>
        <actor name="D0N46">
            <wcet number="0">10</wcet>
            <wcet number="1">10</wcet>
            <maxpow number="0.6099714155442478"/>
            <maxpow number="0.6099714155442478"/>
            <fprob>0.0</fprob>
        </actor>
        <actor name="D0N48">
            <wcet number="0">20</wcet>
            <wcet number="1">240</wcet>
            <maxpow number="0.49996172837410485"/>
            <maxpow number="0.49996172837410485"/>
            <fprob>0.0</fprob>
        </actor>
        <actor name="D0N33">
            <wcet number="0">10</wcet>
            <wcet number="1">10</wcet>
            <maxpow number="0.6245674181290655"/>
            <maxpow number="0.6245674181290655"/>
            <fprob>0.0</fprob>
        </actor>
        <actor name="D0N10">
            <wcet number="0">10</wcet>
            <wcet number="1">30</wcet>
            <maxpow number="0.7585151198676963"/>
            <maxpow number="0.7585151198676963"/>
            <fprob>0.0</fprob>
        </actor>
        <actor name="D0N22">
            <wcet number="0">20</wcet>
            <wcet number="1">120</wcet>
            <maxpow number="0.8741307484065914"/>
            <maxpow number="0.8741307484065914"/>
            <fprob>0.0</fprob>
        </actor>
        <actor name="D0N37">
            <wcet number="0">10</wcet>
            <wcet number="1">10</wcet>
            <maxpow number="0.35044830100827384"/>
            <maxpow number="0.35044830100827384"/>
            <fprob>0.0</fprob>
        </actor>
        <actor name="D0N13">
            <wcet number="0">30</wcet>
            <wcet number="1">50</wcet>
            <maxpow number="0.5945454993571745"/>
            <maxpow number="0.5945454993571745"/>
            <fprob>0.0</fprob>
        </actor>
        <actor name="D0N4">
            <wcet number="0">20</wcet>
            <wcet number="1">150</wcet>
            <maxpow number="0.38407437447528026"/>
            <maxpow number="0.38407437447528026"/>
            <fprob>0.0</fprob>
        </actor>
        <actor name="D0N5">
            <wcet number="0">20</wcet>
            <wcet number="1">70</wcet>
            <maxpow number="0.6716884178998511"/>
            <maxpow number="0.6716884178998511"/>
            <fprob>0.0</fprob>
        </actor>
        <actor name="D0N32">
            <wcet number="0">10</wcet>
            <wcet number="1">60</wcet>
            <maxpow number="0.8925988208996773"/>
            <maxpow number="0.8925988208996773"/>
            <fprob>0.0</fprob>
        </actor>
        <actor name="D0N34">
            <wcet number="0">20</wcet>
            <wcet number="1">60</wcet>
            <maxpow number="0.6344901347732427"/>
            <maxpow number="0.6344901347732427"/>
            <fprob>0.0</fprob>
        </actor>
        <actor name="D0N38">
            <wcet number="0">40</wcet>
            <wcet number="1">40</wcet>
            <maxpow number="0.37513093092075245"/>
            <maxpow number="0.37513093092075245"/>
            <fprob>0.0</fprob>
        </actor>
        <ports>
            <port dstActor="D0N41" name="p0" srcActor="D0N0"/>
            <port dstActor="D0N40" name="p1" srcActor="D0N0"/>
            <port dstActor="D0N28" name="p2" srcActor="D0N0"/>
            <port dstActor="D0N12" name="p3" srcActor="D0N9"/>
            <port dstActor="D0N15" name="p4" srcActor="D0N9"/>
            <port dstActor="D0N35" name="p5" srcActor="D0N9"/>
            <port dstActor="D0N11" name="p6" srcActor="D0N9"/>
            <port dstActor="D0N48" name="p7" srcActor="D0N41"/>
            <port dstActor="D0N49" name="p8" srcActor="D0N41"/>
            <port dstActor="D0N42" name="p9" srcActor="D0N41"/>
            <port dstActor="D0N49" name="p10" srcActor="D0N8"/>
            <port dstActor="D0N16" name="p11" srcActor="D0N8"/>
            <port dstActor="D0N24" name="p12" srcActor="D0N8"/>
            <port dstActor="D0N45" name="p13" srcActor="D0N8"/>
            <port dstActor="D0N34" name="p14" srcActor="D0N28"/>
            <port dstActor="D0N25" name="p15" srcActor="D0N21"/>
            <port dstActor="D0N29" name="p16" srcActor="D0N16"/>
            <port dstActor="D0N43" name="p17" srcActor="D0N16"/>
            <port dstActor="D0N46" name="p18" srcActor="D0N16"/>
            <port dstActor="D0N40" name="p19" srcActor="D0N16"/>
            <port dstActor="D0N16" name="p20" srcActor="D0N15"/>
            <port dstActor="D0N35" name="p21" srcActor="D0N15"/>
            <port dstActor="D0N33" name="p22" srcActor="D0N15"/>
            <port dstActor="D0N25" name="p23" srcActor="D0N15"/>
            <port dstActor="D0N31" name="p24" srcActor="D0N30"/>
            <port dstActor="D0N46" name="p25" srcActor="D0N30"/>
            <port dstActor="D0N25" name="p26" srcActor="D0N11"/>
            <port dstActor="D0N25" name="p27" srcActor="D0N18"/>
            <port dstActor="D0N45" name="p28" srcActor="D0N1"/>
            <port dstActor="D0N42" name="p29" srcActor="D0N1"/>
            <port dstActor="D0N5" name="p30" srcActor="D0N1"/>
            <port dstActor="D0N40" name="p31" srcActor="D0N29"/>
            <port dstActor="D0N44" name="p32" srcActor="D0N29"/>
            <port dstActor="D0N49" name="p33" srcActor="D0N43"/>
            <port dstActor="D0N30" name="p34" srcActor="D0N20"/>
            <port dstActor="D0N23" name="p35" srcActor="D0N20"/>
            <port dstActor="D0N38" name="p36" srcActor="D0N20"/>
            <port dstActor="D0N27" name="p37" srcActor="D0N20"/>
            <port dstActor="D0N35" name="p38" srcActor="D0N25"/>
            <port dstActor="D0N33" name="p39" srcActor="D0N26"/>
            <port dstActor="D0N31" name="p40" srcActor="D0N26"/>
            <port dstActor="D0N28" name="p41" srcActor="D0N26"/>
            <port dstActor="D0N38" name="p42" srcActor="D0N36"/>
            <port dstActor="D0N32" name="p43" srcActor="D0N23"/>
            <port dstActor="D0N48" name="p44" srcActor="D0N23"/>
            <port dstActor="D0N49" name="p45" srcActor="D0N45"/>
            <port dstActor="D0N20" name="p46" srcActor="D0N3"/>
            <port dstActor="D0N11" name="p47" srcActor="D0N3"/>
            <port dstActor="D0N14" name="p48" srcActor="D0N3"/>
            <port dstActor="D0N41" name="p49" srcActor="D0N3"/>
            <port dstActor="D0N37" name="p50" srcActor="D0N3"/>
            <port dstActor="D0N47" name="p51" srcActor="D0N3"/>
            <port dstActor="D0N8" name="p52" srcActor="D0N7"/>
            <port dstActor="D0N37" name="p53" srcActor="D0N7"/>
            <port dstActor="D0N47" name="p54" srcActor="D0N7"/>
            <port dstActor="D0N32" name="p55" srcActor="D0N7"/>
            <port dstActor="D0N9" name="p56" srcActor="D0N7"/>
            <port dstActor="D0N44" name="p57" srcActor="D0N7"/>
            <port dstActor="D0N36" name="p58" srcActor="D0N2"/>
            <port dstActor="D0N13" name="p59" srcActor="D0N2"/>
            <port dstActor="D0N9" name="p60" srcActor="D0N2"/>
            <port dstActor="D0N14" name="p61" srcActor="D0N2"/>
            <port dstActor="D0N3" name="p62" srcActor="D0N2"/>
            <port dstActor="D0N22" name="p63" srcActor="D0N2"/>
            <port dstActor="D0N32" name="p64" srcActor="D0N24"/>
            <port dstActor="D0N39" name="p65" srcActor="D0N17"/>
            <port dstActor="D0N38" name="p66" srcActor="D0N17"/>
            <port dstActor="D0N37" name="p67" srcActor="D0N17"/>
            <port dstActor="D0N29" name="p68" srcActor="D0N17"/>
            <port dstActor="D0N41" name="p69" srcActor="D0N17"/>
            <port dstActor="D0N20" name="p70" srcActor="D0N17"/>
            <port dstActor="D0N44" name="p71" srcActor="D0N17"/>
            <port dstActor="D0N43" name="p72" srcActor="D0N31"/>
            <port dstActor="D0N41" name="p73" srcActor="D0N31"/>
            <port dstActor="D0N33" name="p74" srcActor="D0N6"/>
            <port dstActor="D0N15" name="p75" srcActor="D0N6"/>
            <port dstActor="D0N36" name="p76" srcActor="D0N6"/>
            <port dstActor="D0N12" name="p77" srcActor="D0N6"/>
            <port dstActor="D0N27" name="p78" srcActor="D0N6"/>
            <port dstActor="D0N33" name="p79" srcActor="D0N27"/>
            <port dstActor="D0N47" name="p80" srcActor="D0N27"/>
            <port dstActor="D0N36" name="p81" srcActor="D0N12"/>
            <port dstActor="D0N32" name="p82" srcActor="D0N12"/>
            <port dstActor="D0N22" name="p83" srcActor="D0N19"/>
            <port dstActor="D0N21" name="p84" srcActor="D0N14"/>
            <port dstActor="D0N22" name="p85" srcActor="D0N14"/>
            <port dstActor="D0N39" name="p86" srcActor="D0N14"/>
            <port dstActor="D0N40" name="p87" srcActor="D0N14"/>
            <port dstActor="D0N42" name="p88" srcActor="D0N35"/>
            <port dstActor="D0N36" name="p89" srcActor="D0N33"/>
            <port dstActor="D0N23" name="p90" srcActor="D0N10"/>
            <port dstActor="D0N16" name="p91" srcActor="D0N10"/>
            <port dstActor="D0N11" name="p92" srcActor="D0N10"/>
            <port dstActor="D0N46" name="p93" srcActor="D0N10"/>
            <port dstActor="D0N25" name="p94" srcActor="D0N22"/>
            <port dstActor="D0N43" name="p95" srcActor="D0N22"/>
            <port dstActor="D0N43" name="p96" srcActor="D0N37"/>
            <port dstActor="D0N41" name="p97" srcActor="D0N37"/>
            <port dstActor="D0N40" name="p98" srcActor="D0N13"/>
            <port dstActor="D0N25" name="p99" srcActor="D0N13"/>
            <port dstActor="D0N5" name="p100" srcActor="D0N4"/>
            <port dstActor="D0N35" name="p101" srcActor="D0N4"/>
            <port dstActor="D0N10" name="p102" srcActor="D0N4"/>
            <port dstActor="D0N28" name="p103" srcActor="D0N5"/>
            <port dstActor="D0N6" name="p104" srcActor="D0N5"/>
            <port dstActor="D0N33" name="p105" srcActor="D0N5"/>
            <port dstActor="D0N7" name="p106" srcActor="D0N5"/>
            <port dstActor="D0N15" name="p107" srcActor="D0N5"/>
            <port dstActor="D0N39" name="p108" srcActor="D0N5"/>
            <port dstActor="D0N40" name="p109" srcActor="D0N32"/>
            <port dstActor="D0N36" name="p110" srcActor="D0N32"/>
            <port dstActor="D0N45" name="p111" srcActor="D0N32"/>
            <port dstActor="D0N35" name="p112" srcActor="D0N34"/>
        </ports>
    </mcdag>
    <cores number="3"/>
    <levels number="2"/>
</mcsystem>
