<?xml version="1.0" encoding="UTF-8" standalone="no"?>
<mcsystem>
    <mcdag deadline="1200" name="genned-0-ed-10.0-0">
        <actor name="D0N10">
            <wcet number="0">30</wcet>
            <wcet number="1">40</wcet>
            <maxpow number="0.3788130050785392"/>
            <maxpow number="0.3788130050785392"/>
            <fprob>0.0</fprob>
        </actor>
        <actor name="D0N11">
            <wcet number="0">70</wcet>
            <wcet number="1">70</wcet>
            <maxpow number="0.7550237759745727"/>
            <maxpow number="0.7550237759745727"/>
            <fprob>0.0</fprob>
        </actor>
        <actor name="D0N48">
            <wcet number="0">10</wcet>
            <wcet number="1">10</wcet>
            <maxpow number="0.4032745030333211"/>
            <maxpow number="0.4032745030333211"/>
            <fprob>0.0</fprob>
        </actor>
        <actor name="D0N7">
            <wcet number="0">100</wcet>
            <wcet number="1">210</wcet>
            <maxpow number="0.6708621598869677"/>
            <maxpow number="0.6708621598869677"/>
            <fprob>0.0</fprob>
        </actor>
        <actor name="D0N20">
            <wcet number="0">20</wcet>
            <wcet number="1">30</wcet>
            <maxpow number="0.8089908293988006"/>
            <maxpow number="0.8089908293988006"/>
            <fprob>0.0</fprob>
        </actor>
        <actor name="D0N13">
            <wcet number="0">60</wcet>
            <wcet number="1">90</wcet>
            <maxpow number="0.22012155468729844"/>
            <maxpow number="0.22012155468729844"/>
            <fprob>0.0</fprob>
        </actor>
        <actor name="D0N0">
            <wcet number="0">10</wcet>
            <wcet number="1">10</wcet>
            <maxpow number="0.469055507747002"/>
            <maxpow number="0.469055507747002"/>
            <fprob>0.0</fprob>
        </actor>
        <actor name="D0N35">
            <wcet number="0">110</wcet>
            <wcet number="1">140</wcet>
            <maxpow number="0.5829888045242151"/>
            <maxpow number="0.5829888045242151"/>
            <fprob>0.0</fprob>
        </actor>
        <actor name="D0N37">
            <wcet number="0">80</wcet>
            <wcet number="1">80</wcet>
            <maxpow number="0.37775502214530365"/>
            <maxpow number="0.37775502214530365"/>
            <fprob>0.0</fprob>
        </actor>
        <actor name="D0N18">
            <wcet number="0">10</wcet>
            <wcet number="1">10</wcet>
            <maxpow number="0.5674420596539329"/>
            <maxpow number="0.5674420596539329"/>
            <fprob>0.0</fprob>
        </actor>
        <actor name="D0N40">
            <wcet number="0">10</wcet>
            <wcet number="1">10</wcet>
            <maxpow number="0.2876501205469763"/>
            <maxpow number="0.2876501205469763"/>
            <fprob>0.0</fprob>
        </actor>
        <actor name="D0N3">
            <wcet number="0">10</wcet>
            <wcet number="1">10</wcet>
            <maxpow number="0.3984531522574325"/>
            <maxpow number="0.3984531522574325"/>
            <fprob>0.0</fprob>
        </actor>
        <actor name="D0N19">
            <wcet number="0">10</wcet>
            <wcet number="1">20</wcet>
            <maxpow number="0.6400458134439844"/>
            <maxpow number="0.6400458134439844"/>
            <fprob>0.0</fprob>
        </actor>
        <actor name="D0N31">
            <wcet number="0">40</wcet>
            <wcet number="1">70</wcet>
            <maxpow number="0.8390983391983964"/>
            <maxpow number="0.8390983391983964"/>
            <fprob>0.0</fprob>
        </actor>
        <actor name="D0N34">
            <wcet number="0">80</wcet>
            <wcet number="1">120</wcet>
            <maxpow number="0.6074930347212187"/>
            <maxpow number="0.6074930347212187"/>
            <fprob>0.0</fprob>
        </actor>
        <actor name="D0N33">
            <wcet number="0">50</wcet>
            <wcet number="1">50</wcet>
            <maxpow number="0.6119594137803845"/>
            <maxpow number="0.6119594137803845"/>
            <fprob>0.0</fprob>
        </actor>
        <actor name="D0N12">
            <wcet number="0">10</wcet>
            <wcet number="1">10</wcet>
            <maxpow number="0.3466308523890167"/>
            <maxpow number="0.3466308523890167"/>
            <fprob>0.0</fprob>
        </actor>
        <actor name="D0N16">
            <wcet number="0">50</wcet>
            <wcet number="1">80</wcet>
            <maxpow number="0.12867472822570275"/>
            <maxpow number="0.12867472822570275"/>
            <fprob>0.0</fprob>
        </actor>
        <actor name="D0N24">
            <wcet number="0">10</wcet>
            <wcet number="1">10</wcet>
            <maxpow number="0.7022953896183322"/>
            <maxpow number="0.7022953896183322"/>
            <fprob>0.0</fprob>
        </actor>
        <actor name="D0N23">
            <wcet number="0">30</wcet>
            <wcet number="1">40</wcet>
            <maxpow number="0.526188895770818"/>
            <maxpow number="0.526188895770818"/>
            <fprob>0.0</fprob>
        </actor>
        <actor name="D0N32">
            <wcet number="0">10</wcet>
            <wcet number="1">100</wcet>
            <maxpow number="0.4603538163161294"/>
            <maxpow number="0.4603538163161294"/>
            <fprob>0.0</fprob>
        </actor>
        <actor name="D0N46">
            <wcet number="0">10</wcet>
            <wcet number="1">10</wcet>
            <maxpow number="0.48190172214751814"/>
            <maxpow number="0.48190172214751814"/>
            <fprob>0.0</fprob>
        </actor>
        <actor name="D0N14">
            <wcet number="0">50</wcet>
            <wcet number="1">50</wcet>
            <maxpow number="0.7326449397109781"/>
            <maxpow number="0.7326449397109781"/>
            <fprob>0.0</fprob>
        </actor>
        <actor name="D0N17">
            <wcet number="0">10</wcet>
            <wcet number="1">10</wcet>
            <maxpow number="0.6694566151561259"/>
            <maxpow number="0.6694566151561259"/>
            <fprob>0.0</fprob>
        </actor>
        <actor name="D0N36">
            <wcet number="0">50</wcet>
            <wcet number="1">50</wcet>
            <maxpow number="0.620442003773378"/>
            <maxpow number="0.620442003773378"/>
            <fprob>0.0</fprob>
        </actor>
        <actor name="D0N45">
            <wcet number="0">80</wcet>
            <wcet number="1">170</wcet>
            <maxpow number="0.7382335972302817"/>
            <maxpow number="0.7382335972302817"/>
            <fprob>0.0</fprob>
        </actor>
        <actor name="D0N30">
            <wcet number="0">10</wcet>
            <wcet number="1">30</wcet>
            <maxpow number="0.47469811083679014"/>
            <maxpow number="0.47469811083679014"/>
            <fprob>0.0</fprob>
        </actor>
        <actor name="D0N29">
            <wcet number="0">60</wcet>
            <wcet number="1">100</wcet>
            <maxpow number="0.5613290902925667"/>
            <maxpow number="0.5613290902925667"/>
            <fprob>0.0</fprob>
        </actor>
        <actor name="D0N1">
            <wcet number="0">80</wcet>
            <wcet number="1">80</wcet>
            <maxpow number="0.609819030876292"/>
            <maxpow number="0.609819030876292"/>
            <fprob>0.0</fprob>
        </actor>
        <actor name="D0N43">
            <wcet number="0">10</wcet>
            <wcet number="1">20</wcet>
            <maxpow number="0.29585195911742024"/>
            <maxpow number="0.29585195911742024"/>
            <fprob>0.0</fprob>
        </actor>
        <actor name="D0N9">
            <wcet number="0">80</wcet>
            <wcet number="1">90</wcet>
            <maxpow number="0.535367057779121"/>
            <maxpow number="0.535367057779121"/>
            <fprob>0.0</fprob>
        </actor>
        <actor name="D0N39">
            <wcet number="0">10</wcet>
            <wcet number="1">30</wcet>
            <maxpow number="0.5119728122140559"/>
            <maxpow number="0.5119728122140559"/>
            <fprob>0.0</fprob>
        </actor>
        <actor name="D0N42">
            <wcet number="0">50</wcet>
            <wcet number="1">50</wcet>
            <maxpow number="0.49955026824521653"/>
            <maxpow number="0.49955026824521653"/>
            <fprob>0.0</fprob>
        </actor>
        <actor name="D0N4">
            <wcet number="0">10</wcet>
            <wcet number="1">20</wcet>
            <maxpow number="0.23708197984093837"/>
            <maxpow number="0.23708197984093837"/>
            <fprob>0.0</fprob>
        </actor>
        <actor name="D0N41">
            <wcet number="0">30</wcet>
            <wcet number="1">40</wcet>
            <maxpow number="0.6783958648730831"/>
            <maxpow number="0.6783958648730831"/>
            <fprob>0.0</fprob>
        </actor>
        <actor name="D0N8">
            <wcet number="0">30</wcet>
            <wcet number="1">90</wcet>
            <maxpow number="0.6479473809101588"/>
            <maxpow number="0.6479473809101588"/>
            <fprob>0.0</fprob>
        </actor>
        <actor name="D0N22">
            <wcet number="0">40</wcet>
            <wcet number="1">70</wcet>
            <maxpow number="0.5362426503083685"/>
            <maxpow number="0.5362426503083685"/>
            <fprob>0.0</fprob>
        </actor>
        <actor name="D0N47">
            <wcet number="0">30</wcet>
            <wcet number="1">30</wcet>
            <maxpow number="0.5029144361360461"/>
            <maxpow number="0.5029144361360461"/>
            <fprob>0.0</fprob>
        </actor>
        <actor name="D0N44">
            <wcet number="0">110</wcet>
            <wcet number="1">130</wcet>
            <maxpow number="0.6662574697221169"/>
            <maxpow number="0.6662574697221169"/>
            <fprob>0.0</fprob>
        </actor>
        <actor name="D0N15">
            <wcet number="0">20</wcet>
            <wcet number="1">20</wcet>
            <maxpow number="0.5113825140629105"/>
            <maxpow number="0.5113825140629105"/>
            <fprob>0.0</fprob>
        </actor>
        <actor name="D0N5">
            <wcet number="0">30</wcet>
            <wcet number="1">30</wcet>
            <maxpow number="0.24440844789565352"/>
            <maxpow number="0.24440844789565352"/>
            <fprob>0.0</fprob>
        </actor>
        <actor name="D0N38">
            <wcet number="0">10</wcet>
            <wcet number="1">40</wcet>
            <maxpow number="0.7126936926095866"/>
            <maxpow number="0.7126936926095866"/>
            <fprob>0.0</fprob>
        </actor>
        <actor name="D0N2">
            <wcet number="0">10</wcet>
            <wcet number="1">20</wcet>
            <maxpow number="0.5177504788976527"/>
            <maxpow number="0.5177504788976527"/>
            <fprob>0.0</fprob>
        </actor>
        <actor name="D0N27">
            <wcet number="0">20</wcet>
            <wcet number="1">80</wcet>
            <maxpow number="0.2941388228744497"/>
            <maxpow number="0.2941388228744497"/>
            <fprob>0.0</fprob>
        </actor>
        <actor name="D0N21">
            <wcet number="0">10</wcet>
            <wcet number="1">20</wcet>
            <maxpow number="0.8475837732126279"/>
            <maxpow number="0.8475837732126279"/>
            <fprob>0.0</fprob>
        </actor>
        <actor name="D0N6">
            <wcet number="0">10</wcet>
            <wcet number="1">10</wcet>
            <maxpow number="0.32085898769778937"/>
            <maxpow number="0.32085898769778937"/>
            <fprob>0.0</fprob>
        </actor>
        <actor name="D0N26">
            <wcet number="0">70</wcet>
            <wcet number="1">70</wcet>
            <maxpow number="0.5537225519571654"/>
            <maxpow number="0.5537225519571654"/>
            <fprob>0.0</fprob>
        </actor>
        <actor name="D0N25">
            <wcet number="0">10</wcet>
            <wcet number="1">40</wcet>
            <maxpow number="0.7529089922301403"/>
            <maxpow number="0.7529089922301403"/>
            <fprob>0.0</fprob>
        </actor>
        <actor name="D0N28">
            <wcet number="0">240</wcet>
            <wcet number="1">270</wcet>
            <maxpow number="0.3978400187071111"/>
            <maxpow number="0.3978400187071111"/>
            <fprob>0.0</fprob>
        </actor>
        <ports>
            <port dstActor="D0N12" name="p0" srcActor="D0N10"/>
            <port dstActor="D0N29" name="p1" srcActor="D0N10"/>
            <port dstActor="D0N31" name="p2" srcActor="D0N10"/>
            <port dstActor="D0N43" name="p3" srcActor="D0N10"/>
            <port dstActor="D0N20" name="p4" srcActor="D0N10"/>
            <port dstActor="D0N38" name="p5" srcActor="D0N10"/>
            <port dstActor="D0N39" name="p6" srcActor="D0N11"/>
            <port dstActor="D0N15" name="p7" srcActor="D0N11"/>
            <port dstActor="D0N19" name="p8" srcActor="D0N11"/>
            <port dstActor="D0N32" name="p9" srcActor="D0N11"/>
            <port dstActor="D0N40" name="p10" srcActor="D0N11"/>
            <port dstActor="D0N33" name="p11" srcActor="D0N7"/>
            <port dstActor="D0N9" name="p12" srcActor="D0N7"/>
            <port dstActor="D0N23" name="p13" srcActor="D0N7"/>
            <port dstActor="D0N48" name="p14" srcActor="D0N7"/>
            <port dstActor="D0N32" name="p15" srcActor="D0N7"/>
            <port dstActor="D0N45" name="p16" srcActor="D0N7"/>
            <port dstActor="D0N36" name="p17" srcActor="D0N20"/>
            <port dstActor="D0N42" name="p18" srcActor="D0N20"/>
            <port dstActor="D0N40" name="p19" srcActor="D0N13"/>
            <port dstActor="D0N26" name="p20" srcActor="D0N13"/>
            <port dstActor="D0N44" name="p21" srcActor="D0N0"/>
            <port dstActor="D0N31" name="p22" srcActor="D0N0"/>
            <port dstActor="D0N38" name="p23" srcActor="D0N0"/>
            <port dstActor="D0N34" name="p24" srcActor="D0N0"/>
            <port dstActor="D0N47" name="p25" srcActor="D0N37"/>
            <port dstActor="D0N40" name="p26" srcActor="D0N18"/>
            <port dstActor="D0N27" name="p27" srcActor="D0N18"/>
            <port dstActor="D0N47" name="p28" srcActor="D0N18"/>
            <port dstActor="D0N28" name="p29" srcActor="D0N18"/>
            <port dstActor="D0N26" name="p30" srcActor="D0N3"/>
            <port dstActor="D0N21" name="p31" srcActor="D0N3"/>
            <port dstActor="D0N44" name="p32" srcActor="D0N19"/>
            <port dstActor="D0N31" name="p33" srcActor="D0N19"/>
            <port dstActor="D0N43" name="p34" srcActor="D0N31"/>
            <port dstActor="D0N46" name="p35" srcActor="D0N33"/>
            <port dstActor="D0N34" name="p36" srcActor="D0N33"/>
            <port dstActor="D0N17" name="p37" srcActor="D0N12"/>
            <port dstActor="D0N22" name="p38" srcActor="D0N12"/>
            <port dstActor="D0N45" name="p39" srcActor="D0N12"/>
            <port dstActor="D0N43" name="p40" srcActor="D0N12"/>
            <port dstActor="D0N32" name="p41" srcActor="D0N16"/>
            <port dstActor="D0N30" name="p42" srcActor="D0N16"/>
            <port dstActor="D0N40" name="p43" srcActor="D0N23"/>
            <port dstActor="D0N37" name="p44" srcActor="D0N23"/>
            <port dstActor="D0N41" name="p45" srcActor="D0N23"/>
            <port dstActor="D0N28" name="p46" srcActor="D0N23"/>
            <port dstActor="D0N47" name="p47" srcActor="D0N32"/>
            <port dstActor="D0N24" name="p48" srcActor="D0N14"/>
            <port dstActor="D0N43" name="p49" srcActor="D0N14"/>
            <port dstActor="D0N27" name="p50" srcActor="D0N14"/>
            <port dstActor="D0N21" name="p51" srcActor="D0N17"/>
            <port dstActor="D0N37" name="p52" srcActor="D0N17"/>
            <port dstActor="D0N28" name="p53" srcActor="D0N17"/>
            <port dstActor="D0N31" name="p54" srcActor="D0N17"/>
            <port dstActor="D0N38" name="p55" srcActor="D0N29"/>
            <port dstActor="D0N40" name="p56" srcActor="D0N29"/>
            <port dstActor="D0N9" name="p57" srcActor="D0N1"/>
            <port dstActor="D0N16" name="p58" srcActor="D0N1"/>
            <port dstActor="D0N5" name="p59" srcActor="D0N1"/>
            <port dstActor="D0N48" name="p60" srcActor="D0N43"/>
            <port dstActor="D0N11" name="p61" srcActor="D0N9"/>
            <port dstActor="D0N19" name="p62" srcActor="D0N9"/>
            <port dstActor="D0N47" name="p63" srcActor="D0N39"/>
            <port dstActor="D0N30" name="p64" srcActor="D0N4"/>
            <port dstActor="D0N20" name="p65" srcActor="D0N4"/>
            <port dstActor="D0N12" name="p66" srcActor="D0N4"/>
            <port dstActor="D0N11" name="p67" srcActor="D0N4"/>
            <port dstActor="D0N36" name="p68" srcActor="D0N8"/>
            <port dstActor="D0N40" name="p69" srcActor="D0N8"/>
            <port dstActor="D0N48" name="p70" srcActor="D0N22"/>
            <port dstActor="D0N31" name="p71" srcActor="D0N22"/>
            <port dstActor="D0N47" name="p72" srcActor="D0N22"/>
            <port dstActor="D0N48" name="p73" srcActor="D0N47"/>
            <port dstActor="D0N27" name="p74" srcActor="D0N15"/>
            <port dstActor="D0N41" name="p75" srcActor="D0N15"/>
            <port dstActor="D0N23" name="p76" srcActor="D0N5"/>
            <port dstActor="D0N35" name="p77" srcActor="D0N5"/>
            <port dstActor="D0N48" name="p78" srcActor="D0N38"/>
            <port dstActor="D0N40" name="p79" srcActor="D0N38"/>
            <port dstActor="D0N22" name="p80" srcActor="D0N2"/>
            <port dstActor="D0N19" name="p81" srcActor="D0N2"/>
            <port dstActor="D0N45" name="p82" srcActor="D0N2"/>
            <port dstActor="D0N20" name="p83" srcActor="D0N2"/>
            <port dstActor="D0N3" name="p84" srcActor="D0N2"/>
            <port dstActor="D0N18" name="p85" srcActor="D0N2"/>
            <port dstActor="D0N44" name="p86" srcActor="D0N21"/>
            <port dstActor="D0N28" name="p87" srcActor="D0N21"/>
            <port dstActor="D0N26" name="p88" srcActor="D0N21"/>
            <port dstActor="D0N32" name="p89" srcActor="D0N21"/>
            <port dstActor="D0N16" name="p90" srcActor="D0N6"/>
            <port dstActor="D0N31" name="p91" srcActor="D0N6"/>
            <port dstActor="D0N19" name="p92" srcActor="D0N6"/>
            <port dstActor="D0N17" name="p93" srcActor="D0N6"/>
            <port dstActor="D0N44" name="p94" srcActor="D0N6"/>
            <port dstActor="D0N34" name="p95" srcActor="D0N26"/>
            <port dstActor="D0N31" name="p96" srcActor="D0N28"/>
            <port dstActor="D0N42" name="p97" srcActor="D0N28"/>
        </ports>
    </mcdag>
    <cores number="3"/>
    <levels number="2"/>
</mcsystem>
