<?xml version="1.0" encoding="UTF-8" standalone="no"?>
<mcsystem>
    <mcdag deadline="2000" name="genned-0-ed-10.0-0">
        <actor name="D0N10">
            <wcet number="0">60</wcet>
            <wcet number="1">140</wcet>
            <maxpow number="0.6075299700698034"/>
            <maxpow number="0.6075299700698034"/>
            <fprob>0.0</fprob>
        </actor>
        <actor name="D0N11">
            <wcet number="0">130</wcet>
            <wcet number="1">210</wcet>
            <maxpow number="0.416931308233494"/>
            <maxpow number="0.416931308233494"/>
            <fprob>0.0</fprob>
        </actor>
        <actor name="D0N44">
            <wcet number="0">40</wcet>
            <wcet number="1">140</wcet>
            <maxpow number="0.413752720629381"/>
            <maxpow number="0.413752720629381"/>
            <fprob>0.0</fprob>
        </actor>
        <actor name="D0N46">
            <wcet number="0">20</wcet>
            <wcet number="1">40</wcet>
            <maxpow number="0.4105843464244708"/>
            <maxpow number="0.4105843464244708"/>
            <fprob>0.0</fprob>
        </actor>
        <actor name="D0N2">
            <wcet number="0">50</wcet>
            <wcet number="1">210</wcet>
            <maxpow number="0.6534012105762206"/>
            <maxpow number="0.6534012105762206"/>
            <fprob>0.0</fprob>
        </actor>
        <actor name="D0N20">
            <wcet number="0">10</wcet>
            <wcet number="1">50</wcet>
            <maxpow number="0.32359397231779635"/>
            <maxpow number="0.32359397231779635"/>
            <fprob>0.0</fprob>
        </actor>
        <actor name="D0N6">
            <wcet number="0">50</wcet>
            <wcet number="1">110</wcet>
            <maxpow number="0.5527335444969212"/>
            <maxpow number="0.5527335444969212"/>
            <fprob>0.0</fprob>
        </actor>
        <actor name="D0N12">
            <wcet number="0">80</wcet>
            <wcet number="1">110</wcet>
            <maxpow number="0.5909555565065568"/>
            <maxpow number="0.5909555565065568"/>
            <fprob>0.0</fprob>
        </actor>
        <actor name="D0N47">
            <wcet number="0">40</wcet>
            <wcet number="1">40</wcet>
            <maxpow number="0.6068404043399818"/>
            <maxpow number="0.6068404043399818"/>
            <fprob>0.0</fprob>
        </actor>
        <actor name="D0N17">
            <wcet number="0">460</wcet>
            <wcet number="1">510</wcet>
            <maxpow number="0.5762123887730124"/>
            <maxpow number="0.5762123887730124"/>
            <fprob>0.0</fprob>
        </actor>
        <actor name="D0N38">
            <wcet number="0">80</wcet>
            <wcet number="1">120</wcet>
            <maxpow number="0.519294235025742"/>
            <maxpow number="0.519294235025742"/>
            <fprob>0.0</fprob>
        </actor>
        <actor name="D0N3">
            <wcet number="0">30</wcet>
            <wcet number="1">40</wcet>
            <maxpow number="0.19878855060275175"/>
            <maxpow number="0.19878855060275175"/>
            <fprob>0.0</fprob>
        </actor>
        <actor name="D0N33">
            <wcet number="0">20</wcet>
            <wcet number="1">30</wcet>
            <maxpow number="0.6007118810557709"/>
            <maxpow number="0.6007118810557709"/>
            <fprob>0.0</fprob>
        </actor>
        <actor name="D0N41">
            <wcet number="0">30</wcet>
            <wcet number="1">60</wcet>
            <maxpow number="0.40016550570182396"/>
            <maxpow number="0.40016550570182396"/>
            <fprob>0.0</fprob>
        </actor>
        <actor name="D0N26">
            <wcet number="0">30</wcet>
            <wcet number="1">40</wcet>
            <maxpow number="0.524639136256532"/>
            <maxpow number="0.524639136256532"/>
            <fprob>0.0</fprob>
        </actor>
        <actor name="D0N1">
            <wcet number="0">10</wcet>
            <wcet number="1">20</wcet>
            <maxpow number="0.6885916762438823"/>
            <maxpow number="0.6885916762438823"/>
            <fprob>0.0</fprob>
        </actor>
        <actor name="D0N32">
            <wcet number="0">20</wcet>
            <wcet number="1">280</wcet>
            <maxpow number="0.9474726881168654"/>
            <maxpow number="0.9474726881168654"/>
            <fprob>0.0</fprob>
        </actor>
        <actor name="D0N16">
            <wcet number="0">70</wcet>
            <wcet number="1">70</wcet>
            <maxpow number="0.28904287095003195"/>
            <maxpow number="0.28904287095003195"/>
            <fprob>0.0</fprob>
        </actor>
        <actor name="D0N30">
            <wcet number="0">90</wcet>
            <wcet number="1">100</wcet>
            <maxpow number="0.7922696917507763"/>
            <maxpow number="0.7922696917507763"/>
            <fprob>0.0</fprob>
        </actor>
        <actor name="D0N40">
            <wcet number="0">20</wcet>
            <wcet number="1">30</wcet>
            <maxpow number="0.3068533975988089"/>
            <maxpow number="0.3068533975988089"/>
            <fprob>0.0</fprob>
        </actor>
        <actor name="D0N45">
            <wcet number="0">40</wcet>
            <wcet number="1">50</wcet>
            <maxpow number="0.23042680992433906"/>
            <maxpow number="0.23042680992433906"/>
            <fprob>0.0</fprob>
        </actor>
        <actor name="D0N15">
            <wcet number="0">10</wcet>
            <wcet number="1">20</wcet>
            <maxpow number="0.5498842631025668"/>
            <maxpow number="0.5498842631025668"/>
            <fprob>0.0</fprob>
        </actor>
        <actor name="D0N21">
            <wcet number="0">60</wcet>
            <wcet number="1">120</wcet>
            <maxpow number="0.6399074693194322"/>
            <maxpow number="0.6399074693194322"/>
            <fprob>0.0</fprob>
        </actor>
        <actor name="D0N35">
            <wcet number="0">60</wcet>
            <wcet number="1">70</wcet>
            <maxpow number="0.5819722071613785"/>
            <maxpow number="0.5819722071613785"/>
            <fprob>0.0</fprob>
        </actor>
        <actor name="D0N39">
            <wcet number="0">80</wcet>
            <wcet number="1">200</wcet>
            <maxpow number="0.5791366875186953"/>
            <maxpow number="0.5791366875186953"/>
            <fprob>0.0</fprob>
        </actor>
        <actor name="D0N14">
            <wcet number="0">10</wcet>
            <wcet number="1">10</wcet>
            <maxpow number="0.41263116823204293"/>
            <maxpow number="0.41263116823204293"/>
            <fprob>0.0</fprob>
        </actor>
        <actor name="D0N27">
            <wcet number="0">60</wcet>
            <wcet number="1">60</wcet>
            <maxpow number="0.6593891490274613"/>
            <maxpow number="0.6593891490274613"/>
            <fprob>0.0</fprob>
        </actor>
        <actor name="D0N0">
            <wcet number="0">20</wcet>
            <wcet number="1">110</wcet>
            <maxpow number="0.5953078893159779"/>
            <maxpow number="0.5953078893159779"/>
            <fprob>0.0</fprob>
        </actor>
        <actor name="D0N43">
            <wcet number="0">60</wcet>
            <wcet number="1">110</wcet>
            <maxpow number="0.7130653883485467"/>
            <maxpow number="0.7130653883485467"/>
            <fprob>0.0</fprob>
        </actor>
        <actor name="D0N24">
            <wcet number="0">100</wcet>
            <wcet number="1">140</wcet>
            <maxpow number="0.43029226261259623"/>
            <maxpow number="0.43029226261259623"/>
            <fprob>0.0</fprob>
        </actor>
        <actor name="D0N5">
            <wcet number="0">20</wcet>
            <wcet number="1">80</wcet>
            <maxpow number="0.570583606968013"/>
            <maxpow number="0.570583606968013"/>
            <fprob>0.0</fprob>
        </actor>
        <actor name="D0N8">
            <wcet number="0">10</wcet>
            <wcet number="1">40</wcet>
            <maxpow number="0.23963970561637427"/>
            <maxpow number="0.23963970561637427"/>
            <fprob>0.0</fprob>
        </actor>
        <actor name="D0N28">
            <wcet number="0">20</wcet>
            <wcet number="1">60</wcet>
            <maxpow number="0.779384852719188"/>
            <maxpow number="0.779384852719188"/>
            <fprob>0.0</fprob>
        </actor>
        <actor name="D0N36">
            <wcet number="0">20</wcet>
            <wcet number="1">30</wcet>
            <maxpow number="0.43458629281469596"/>
            <maxpow number="0.43458629281469596"/>
            <fprob>0.0</fprob>
        </actor>
        <actor name="D0N18">
            <wcet number="0">150</wcet>
            <wcet number="1">240</wcet>
            <maxpow number="0.6515270289159563"/>
            <maxpow number="0.6515270289159563"/>
            <fprob>0.0</fprob>
        </actor>
        <actor name="D0N23">
            <wcet number="0">90</wcet>
            <wcet number="1">90</wcet>
            <maxpow number="0.5778829849569216"/>
            <maxpow number="0.5778829849569216"/>
            <fprob>0.0</fprob>
        </actor>
        <actor name="D0N29">
            <wcet number="0">80</wcet>
            <wcet number="1">90</wcet>
            <maxpow number="0.5783229128123374"/>
            <maxpow number="0.5783229128123374"/>
            <fprob>0.0</fprob>
        </actor>
        <actor name="D0N4">
            <wcet number="0">30</wcet>
            <wcet number="1">90</wcet>
            <maxpow number="0.29143834880324165"/>
            <maxpow number="0.29143834880324165"/>
            <fprob>0.0</fprob>
        </actor>
        <actor name="D0N7">
            <wcet number="0">50</wcet>
            <wcet number="1">140</wcet>
            <maxpow number="0.6316936245400551"/>
            <maxpow number="0.6316936245400551"/>
            <fprob>0.0</fprob>
        </actor>
        <actor name="D0N31">
            <wcet number="0">180</wcet>
            <wcet number="1">220</wcet>
            <maxpow number="0.3560127687098614"/>
            <maxpow number="0.3560127687098614"/>
            <fprob>0.0</fprob>
        </actor>
        <actor name="D0N13">
            <wcet number="0">90</wcet>
            <wcet number="1">210</wcet>
            <maxpow number="0.873714433803775"/>
            <maxpow number="0.873714433803775"/>
            <fprob>0.0</fprob>
        </actor>
        <actor name="D0N9">
            <wcet number="0">30</wcet>
            <wcet number="1">40</wcet>
            <maxpow number="0.44424802946966635"/>
            <maxpow number="0.44424802946966635"/>
            <fprob>0.0</fprob>
        </actor>
        <actor name="D0N25">
            <wcet number="0">40</wcet>
            <wcet number="1">50</wcet>
            <maxpow number="0.4930690629326141"/>
            <maxpow number="0.4930690629326141"/>
            <fprob>0.0</fprob>
        </actor>
        <actor name="D0N19">
            <wcet number="0">10</wcet>
            <wcet number="1">60</wcet>
            <maxpow number="0.560611400479512"/>
            <maxpow number="0.560611400479512"/>
            <fprob>0.0</fprob>
        </actor>
        <actor name="D0N42">
            <wcet number="0">220</wcet>
            <wcet number="1">320</wcet>
            <maxpow number="0.24137424796809598"/>
            <maxpow number="0.24137424796809598"/>
            <fprob>0.0</fprob>
        </actor>
        <actor name="D0N37">
            <wcet number="0">290</wcet>
            <wcet number="1">420</wcet>
            <maxpow number="0.6913165903148598"/>
            <maxpow number="0.6913165903148598"/>
            <fprob>0.0</fprob>
        </actor>
        <actor name="D0N34">
            <wcet number="0">20</wcet>
            <wcet number="1">60</wcet>
            <maxpow number="0.2416086854968006"/>
            <maxpow number="0.2416086854968006"/>
            <fprob>0.0</fprob>
        </actor>
        <actor name="D0N48">
            <wcet number="0">10</wcet>
            <wcet number="1">40</wcet>
            <maxpow number="0.612412363927341"/>
            <maxpow number="0.612412363927341"/>
            <fprob>0.0</fprob>
        </actor>
        <actor name="D0N22">
            <wcet number="0">150</wcet>
            <wcet number="1">280</wcet>
            <maxpow number="0.7401672550638004"/>
            <maxpow number="0.7401672550638004"/>
            <fprob>0.0</fprob>
        </actor>
        <ports>
            <port dstActor="D0N43" name="p0" srcActor="D0N10"/>
            <port dstActor="D0N30" name="p1" srcActor="D0N10"/>
            <port dstActor="D0N43" name="p2" srcActor="D0N11"/>
            <port dstActor="D0N21" name="p3" srcActor="D0N11"/>
            <port dstActor="D0N15" name="p4" srcActor="D0N11"/>
            <port dstActor="D0N14" name="p5" srcActor="D0N11"/>
            <port dstActor="D0N40" name="p6" srcActor="D0N11"/>
            <port dstActor="D0N32" name="p7" srcActor="D0N11"/>
            <port dstActor="D0N17" name="p8" srcActor="D0N11"/>
            <port dstActor="D0N47" name="p9" srcActor="D0N46"/>
            <port dstActor="D0N25" name="p10" srcActor="D0N2"/>
            <port dstActor="D0N17" name="p11" srcActor="D0N2"/>
            <port dstActor="D0N33" name="p12" srcActor="D0N2"/>
            <port dstActor="D0N35" name="p13" srcActor="D0N2"/>
            <port dstActor="D0N43" name="p14" srcActor="D0N2"/>
            <port dstActor="D0N30" name="p15" srcActor="D0N2"/>
            <port dstActor="D0N41" name="p16" srcActor="D0N20"/>
            <port dstActor="D0N37" name="p17" srcActor="D0N20"/>
            <port dstActor="D0N24" name="p18" srcActor="D0N6"/>
            <port dstActor="D0N11" name="p19" srcActor="D0N6"/>
            <port dstActor="D0N28" name="p20" srcActor="D0N12"/>
            <port dstActor="D0N38" name="p21" srcActor="D0N17"/>
            <port dstActor="D0N45" name="p22" srcActor="D0N17"/>
            <port dstActor="D0N42" name="p23" srcActor="D0N38"/>
            <port dstActor="D0N45" name="p24" srcActor="D0N38"/>
            <port dstActor="D0N28" name="p25" srcActor="D0N3"/>
            <port dstActor="D0N22" name="p26" srcActor="D0N3"/>
            <port dstActor="D0N17" name="p27" srcActor="D0N3"/>
            <port dstActor="D0N44" name="p28" srcActor="D0N41"/>
            <port dstActor="D0N33" name="p29" srcActor="D0N26"/>
            <port dstActor="D0N46" name="p30" srcActor="D0N26"/>
            <port dstActor="D0N20" name="p31" srcActor="D0N1"/>
            <port dstActor="D0N12" name="p32" srcActor="D0N1"/>
            <port dstActor="D0N25" name="p33" srcActor="D0N1"/>
            <port dstActor="D0N35" name="p34" srcActor="D0N1"/>
            <port dstActor="D0N14" name="p35" srcActor="D0N1"/>
            <port dstActor="D0N27" name="p36" srcActor="D0N1"/>
            <port dstActor="D0N37" name="p37" srcActor="D0N32"/>
            <port dstActor="D0N41" name="p38" srcActor="D0N16"/>
            <port dstActor="D0N28" name="p39" srcActor="D0N16"/>
            <port dstActor="D0N22" name="p40" srcActor="D0N16"/>
            <port dstActor="D0N44" name="p41" srcActor="D0N16"/>
            <port dstActor="D0N32" name="p42" srcActor="D0N30"/>
            <port dstActor="D0N33" name="p43" srcActor="D0N30"/>
            <port dstActor="D0N47" name="p44" srcActor="D0N40"/>
            <port dstActor="D0N25" name="p45" srcActor="D0N15"/>
            <port dstActor="D0N45" name="p46" srcActor="D0N15"/>
            <port dstActor="D0N34" name="p47" srcActor="D0N15"/>
            <port dstActor="D0N47" name="p48" srcActor="D0N15"/>
            <port dstActor="D0N17" name="p49" srcActor="D0N15"/>
            <port dstActor="D0N21" name="p50" srcActor="D0N15"/>
            <port dstActor="D0N28" name="p51" srcActor="D0N21"/>
            <port dstActor="D0N36" name="p52" srcActor="D0N21"/>
            <port dstActor="D0N22" name="p53" srcActor="D0N21"/>
            <port dstActor="D0N33" name="p54" srcActor="D0N21"/>
            <port dstActor="D0N44" name="p55" srcActor="D0N39"/>
            <port dstActor="D0N40" name="p56" srcActor="D0N27"/>
            <port dstActor="D0N39" name="p57" srcActor="D0N27"/>
            <port dstActor="D0N32" name="p58" srcActor="D0N0"/>
            <port dstActor="D0N46" name="p59" srcActor="D0N0"/>
            <port dstActor="D0N11" name="p60" srcActor="D0N0"/>
            <port dstActor="D0N29" name="p61" srcActor="D0N0"/>
            <port dstActor="D0N25" name="p62" srcActor="D0N0"/>
            <port dstActor="D0N45" name="p63" srcActor="D0N43"/>
            <port dstActor="D0N48" name="p64" srcActor="D0N24"/>
            <port dstActor="D0N7" name="p65" srcActor="D0N5"/>
            <port dstActor="D0N47" name="p66" srcActor="D0N5"/>
            <port dstActor="D0N32" name="p67" srcActor="D0N5"/>
            <port dstActor="D0N38" name="p68" srcActor="D0N5"/>
            <port dstActor="D0N17" name="p69" srcActor="D0N5"/>
            <port dstActor="D0N29" name="p70" srcActor="D0N5"/>
            <port dstActor="D0N15" name="p71" srcActor="D0N8"/>
            <port dstActor="D0N25" name="p72" srcActor="D0N8"/>
            <port dstActor="D0N45" name="p73" srcActor="D0N8"/>
            <port dstActor="D0N36" name="p74" srcActor="D0N8"/>
            <port dstActor="D0N14" name="p75" srcActor="D0N8"/>
            <port dstActor="D0N22" name="p76" srcActor="D0N8"/>
            <port dstActor="D0N33" name="p77" srcActor="D0N28"/>
            <port dstActor="D0N40" name="p78" srcActor="D0N36"/>
            <port dstActor="D0N35" name="p79" srcActor="D0N18"/>
            <port dstActor="D0N37" name="p80" srcActor="D0N18"/>
            <port dstActor="D0N43" name="p81" srcActor="D0N23"/>
            <port dstActor="D0N30" name="p82" srcActor="D0N23"/>
            <port dstActor="D0N40" name="p83" srcActor="D0N23"/>
            <port dstActor="D0N39" name="p84" srcActor="D0N23"/>
            <port dstActor="D0N30" name="p85" srcActor="D0N29"/>
            <port dstActor="D0N33" name="p86" srcActor="D0N29"/>
            <port dstActor="D0N21" name="p87" srcActor="D0N4"/>
            <port dstActor="D0N17" name="p88" srcActor="D0N4"/>
            <port dstActor="D0N15" name="p89" srcActor="D0N7"/>
            <port dstActor="D0N14" name="p90" srcActor="D0N13"/>
            <port dstActor="D0N29" name="p91" srcActor="D0N13"/>
            <port dstActor="D0N16" name="p92" srcActor="D0N13"/>
            <port dstActor="D0N45" name="p93" srcActor="D0N13"/>
            <port dstActor="D0N24" name="p94" srcActor="D0N9"/>
            <port dstActor="D0N42" name="p95" srcActor="D0N9"/>
            <port dstActor="D0N45" name="p96" srcActor="D0N9"/>
            <port dstActor="D0N19" name="p97" srcActor="D0N9"/>
            <port dstActor="D0N43" name="p98" srcActor="D0N25"/>
            <port dstActor="D0N37" name="p99" srcActor="D0N25"/>
            <port dstActor="D0N46" name="p100" srcActor="D0N25"/>
            <port dstActor="D0N32" name="p101" srcActor="D0N25"/>
            <port dstActor="D0N42" name="p102" srcActor="D0N25"/>
            <port dstActor="D0N31" name="p103" srcActor="D0N25"/>
            <port dstActor="D0N28" name="p104" srcActor="D0N19"/>
            <port dstActor="D0N48" name="p105" srcActor="D0N42"/>
            <port dstActor="D0N41" name="p106" srcActor="D0N37"/>
            <port dstActor="D0N44" name="p107" srcActor="D0N37"/>
            <port dstActor="D0N46" name="p108" srcActor="D0N34"/>
            <port dstActor="D0N36" name="p109" srcActor="D0N34"/>
            <port dstActor="D0N44" name="p110" srcActor="D0N22"/>
            <port dstActor="D0N25" name="p111" srcActor="D0N22"/>
            <port dstActor="D0N48" name="p112" srcActor="D0N22"/>
        </ports>
    </mcdag>
    <cores number="3"/>
    <levels number="2"/>
</mcsystem>
