<?xml version="1.0" encoding="UTF-8" standalone="no"?>
<mcsystem>
    <mcdag deadline="2000" name="genned-0-ed-10.0-0">
        <actor name="D0N3">
            <wcet number="0">110</wcet>
            <wcet number="1">270</wcet>
            <maxpow number="0.4172906955007386"/>
            <maxpow number="0.4172906955007386"/>
            <fprob>0.0</fprob>
        </actor>
        <actor name="D0N46">
            <wcet number="0">40</wcet>
            <wcet number="1">50</wcet>
            <maxpow number="0.9412435902301848"/>
            <maxpow number="0.9412435902301848"/>
            <fprob>0.0</fprob>
        </actor>
        <actor name="D0N14">
            <wcet number="0">90</wcet>
            <wcet number="1">90</wcet>
            <maxpow number="0.4485533014329798"/>
            <maxpow number="0.4485533014329798"/>
            <fprob>0.0</fprob>
        </actor>
        <actor name="D0N20">
            <wcet number="0">40</wcet>
            <wcet number="1">190</wcet>
            <maxpow number="0.6635722684933729"/>
            <maxpow number="0.6635722684933729"/>
            <fprob>0.0</fprob>
        </actor>
        <actor name="D0N38">
            <wcet number="0">20</wcet>
            <wcet number="1">60</wcet>
            <maxpow number="0.3354012827087043"/>
            <maxpow number="0.3354012827087043"/>
            <fprob>0.0</fprob>
        </actor>
        <actor name="D0N27">
            <wcet number="0">20</wcet>
            <wcet number="1">40</wcet>
            <maxpow number="0.6130138736045507"/>
            <maxpow number="0.6130138736045507"/>
            <fprob>0.0</fprob>
        </actor>
        <actor name="D0N12">
            <wcet number="0">40</wcet>
            <wcet number="1">50</wcet>
            <maxpow number="0.8570381226259303"/>
            <maxpow number="0.8570381226259303"/>
            <fprob>0.0</fprob>
        </actor>
        <actor name="D0N17">
            <wcet number="0">120</wcet>
            <wcet number="1">120</wcet>
            <maxpow number="0.7880599451969224"/>
            <maxpow number="0.7880599451969224"/>
            <fprob>0.0</fprob>
        </actor>
        <actor name="D0N43">
            <wcet number="0">200</wcet>
            <wcet number="1">200</wcet>
            <maxpow number="0.7914514446341664"/>
            <maxpow number="0.7914514446341664"/>
            <fprob>0.0</fprob>
        </actor>
        <actor name="D0N36">
            <wcet number="0">130</wcet>
            <wcet number="1">160</wcet>
            <maxpow number="0.5247248237768558"/>
            <maxpow number="0.5247248237768558"/>
            <fprob>0.0</fprob>
        </actor>
        <actor name="D0N6">
            <wcet number="0">70</wcet>
            <wcet number="1">90</wcet>
            <maxpow number="0.7704744897946976"/>
            <maxpow number="0.7704744897946976"/>
            <fprob>0.0</fprob>
        </actor>
        <actor name="D0N19">
            <wcet number="0">30</wcet>
            <wcet number="1">60</wcet>
            <maxpow number="0.6375062542059181"/>
            <maxpow number="0.6375062542059181"/>
            <fprob>0.0</fprob>
        </actor>
        <actor name="D0N32">
            <wcet number="0">60</wcet>
            <wcet number="1">70</wcet>
            <maxpow number="0.6037316703093337"/>
            <maxpow number="0.6037316703093337"/>
            <fprob>0.0</fprob>
        </actor>
        <actor name="D0N47">
            <wcet number="0">80</wcet>
            <wcet number="1">80</wcet>
            <maxpow number="0.7718346288019795"/>
            <maxpow number="0.7718346288019795"/>
            <fprob>0.0</fprob>
        </actor>
        <actor name="D0N37">
            <wcet number="0">30</wcet>
            <wcet number="1">30</wcet>
            <maxpow number="0.6797140600918216"/>
            <maxpow number="0.6797140600918216"/>
            <fprob>0.0</fprob>
        </actor>
        <actor name="D0N44">
            <wcet number="0">30</wcet>
            <wcet number="1">50</wcet>
            <maxpow number="0.4680348873479846"/>
            <maxpow number="0.4680348873479846"/>
            <fprob>0.0</fprob>
        </actor>
        <actor name="D0N18">
            <wcet number="0">30</wcet>
            <wcet number="1">90</wcet>
            <maxpow number="0.5971524017094134"/>
            <maxpow number="0.5971524017094134"/>
            <fprob>0.0</fprob>
        </actor>
        <actor name="D0N26">
            <wcet number="0">10</wcet>
            <wcet number="1">10</wcet>
            <maxpow number="0.8881935258913243"/>
            <maxpow number="0.8881935258913243"/>
            <fprob>0.0</fprob>
        </actor>
        <actor name="D0N13">
            <wcet number="0">140</wcet>
            <wcet number="1">180</wcet>
            <maxpow number="0.6561764552452864"/>
            <maxpow number="0.6561764552452864"/>
            <fprob>0.0</fprob>
        </actor>
        <actor name="D0N42">
            <wcet number="0">40</wcet>
            <wcet number="1">80</wcet>
            <maxpow number="0.5426292703560622"/>
            <maxpow number="0.5426292703560622"/>
            <fprob>0.0</fprob>
        </actor>
        <actor name="D0N2">
            <wcet number="0">70</wcet>
            <wcet number="1">90</wcet>
            <maxpow number="0.5485604913673732"/>
            <maxpow number="0.5485604913673732"/>
            <fprob>0.0</fprob>
        </actor>
        <actor name="D0N22">
            <wcet number="0">90</wcet>
            <wcet number="1">190</wcet>
            <maxpow number="0.4757970786678514"/>
            <maxpow number="0.4757970786678514"/>
            <fprob>0.0</fprob>
        </actor>
        <actor name="D0N16">
            <wcet number="0">120</wcet>
            <wcet number="1">120</wcet>
            <maxpow number="0.18866769130509004"/>
            <maxpow number="0.18866769130509004"/>
            <fprob>0.0</fprob>
        </actor>
        <actor name="D0N23">
            <wcet number="0">50</wcet>
            <wcet number="1">90</wcet>
            <maxpow number="0.5738569538263392"/>
            <maxpow number="0.5738569538263392"/>
            <fprob>0.0</fprob>
        </actor>
        <actor name="D0N10">
            <wcet number="0">130</wcet>
            <wcet number="1">260</wcet>
            <maxpow number="0.7146435537433776"/>
            <maxpow number="0.7146435537433776"/>
            <fprob>0.0</fprob>
        </actor>
        <actor name="D0N28">
            <wcet number="0">10</wcet>
            <wcet number="1">60</wcet>
            <maxpow number="0.4468860656142364"/>
            <maxpow number="0.4468860656142364"/>
            <fprob>0.0</fprob>
        </actor>
        <actor name="D0N41">
            <wcet number="0">10</wcet>
            <wcet number="1">20</wcet>
            <maxpow number="0.5621078829986835"/>
            <maxpow number="0.5621078829986835"/>
            <fprob>0.0</fprob>
        </actor>
        <actor name="D0N40">
            <wcet number="0">50</wcet>
            <wcet number="1">100</wcet>
            <maxpow number="0.36431855136182795"/>
            <maxpow number="0.36431855136182795"/>
            <fprob>0.0</fprob>
        </actor>
        <actor name="D0N1">
            <wcet number="0">30</wcet>
            <wcet number="1">50</wcet>
            <maxpow number="0.5635578900479312"/>
            <maxpow number="0.5635578900479312"/>
            <fprob>0.0</fprob>
        </actor>
        <actor name="D0N0">
            <wcet number="0">10</wcet>
            <wcet number="1">10</wcet>
            <maxpow number="0.47445181787265284"/>
            <maxpow number="0.47445181787265284"/>
            <fprob>0.0</fprob>
        </actor>
        <actor name="D0N15">
            <wcet number="0">10</wcet>
            <wcet number="1">10</wcet>
            <maxpow number="0.6869366162718229"/>
            <maxpow number="0.6869366162718229"/>
            <fprob>0.0</fprob>
        </actor>
        <actor name="D0N34">
            <wcet number="0">130</wcet>
            <wcet number="1">160</wcet>
            <maxpow number="0.7353030318482494"/>
            <maxpow number="0.7353030318482494"/>
            <fprob>0.0</fprob>
        </actor>
        <actor name="D0N11">
            <wcet number="0">10</wcet>
            <wcet number="1">10</wcet>
            <maxpow number="0.4981550985884578"/>
            <maxpow number="0.4981550985884578"/>
            <fprob>0.0</fprob>
        </actor>
        <actor name="D0N48">
            <wcet number="0">90</wcet>
            <wcet number="1">330</wcet>
            <maxpow number="0.862771770874313"/>
            <maxpow number="0.862771770874313"/>
            <fprob>0.0</fprob>
        </actor>
        <actor name="D0N31">
            <wcet number="0">20</wcet>
            <wcet number="1">20</wcet>
            <maxpow number="0.2507356158456852"/>
            <maxpow number="0.2507356158456852"/>
            <fprob>0.0</fprob>
        </actor>
        <actor name="D0N4">
            <wcet number="0">20</wcet>
            <wcet number="1">50</wcet>
            <maxpow number="0.25310251973649306"/>
            <maxpow number="0.25310251973649306"/>
            <fprob>0.0</fprob>
        </actor>
        <actor name="D0N35">
            <wcet number="0">10</wcet>
            <wcet number="1">100</wcet>
            <maxpow number="0.5403668787234625"/>
            <maxpow number="0.5403668787234625"/>
            <fprob>0.0</fprob>
        </actor>
        <actor name="D0N45">
            <wcet number="0">50</wcet>
            <wcet number="1">50</wcet>
            <maxpow number="0.3781163470125747"/>
            <maxpow number="0.3781163470125747"/>
            <fprob>0.0</fprob>
        </actor>
        <actor name="D0N7">
            <wcet number="0">10</wcet>
            <wcet number="1">140</wcet>
            <maxpow number="0.46463176780864945"/>
            <maxpow number="0.46463176780864945"/>
            <fprob>0.0</fprob>
        </actor>
        <actor name="D0N8">
            <wcet number="0">10</wcet>
            <wcet number="1">160</wcet>
            <maxpow number="0.545334900626437"/>
            <maxpow number="0.545334900626437"/>
            <fprob>0.0</fprob>
        </actor>
        <actor name="D0N30">
            <wcet number="0">90</wcet>
            <wcet number="1">280</wcet>
            <maxpow number="0.2565765516157365"/>
            <maxpow number="0.2565765516157365"/>
            <fprob>0.0</fprob>
        </actor>
        <actor name="D0N29">
            <wcet number="0">10</wcet>
            <wcet number="1">90</wcet>
            <maxpow number="0.5834040718568658"/>
            <maxpow number="0.5834040718568658"/>
            <fprob>0.0</fprob>
        </actor>
        <actor name="D0N24">
            <wcet number="0">10</wcet>
            <wcet number="1">50</wcet>
            <maxpow number="0.5624874272088753"/>
            <maxpow number="0.5624874272088753"/>
            <fprob>0.0</fprob>
        </actor>
        <actor name="D0N33">
            <wcet number="0">10</wcet>
            <wcet number="1">20</wcet>
            <maxpow number="0.3792804928480146"/>
            <maxpow number="0.3792804928480146"/>
            <fprob>0.0</fprob>
        </actor>
        <actor name="D0N39">
            <wcet number="0">10</wcet>
            <wcet number="1">10</wcet>
            <maxpow number="0.8426176223930085"/>
            <maxpow number="0.8426176223930085"/>
            <fprob>0.0</fprob>
        </actor>
        <actor name="D0N9">
            <wcet number="0">30</wcet>
            <wcet number="1">60</wcet>
            <maxpow number="0.8391512850914538"/>
            <maxpow number="0.8391512850914538"/>
            <fprob>0.0</fprob>
        </actor>
        <actor name="D0N5">
            <wcet number="0">30</wcet>
            <wcet number="1">210</wcet>
            <maxpow number="0.47700341718580164"/>
            <maxpow number="0.47700341718580164"/>
            <fprob>0.0</fprob>
        </actor>
        <actor name="D0N21">
            <wcet number="0">40</wcet>
            <wcet number="1">80</wcet>
            <maxpow number="0.5460891884242063"/>
            <maxpow number="0.5460891884242063"/>
            <fprob>0.0</fprob>
        </actor>
        <actor name="D0N25">
            <wcet number="0">10</wcet>
            <wcet number="1">10</wcet>
            <maxpow number="0.4725027686499851"/>
            <maxpow number="0.4725027686499851"/>
            <fprob>0.0</fprob>
        </actor>
        <ports>
            <port dstActor="D0N34" name="p0" srcActor="D0N3"/>
            <port dstActor="D0N39" name="p1" srcActor="D0N3"/>
            <port dstActor="D0N18" name="p2" srcActor="D0N3"/>
            <port dstActor="D0N9" name="p3" srcActor="D0N3"/>
            <port dstActor="D0N14" name="p4" srcActor="D0N3"/>
            <port dstActor="D0N17" name="p5" srcActor="D0N14"/>
            <port dstActor="D0N38" name="p6" srcActor="D0N14"/>
            <port dstActor="D0N29" name="p7" srcActor="D0N14"/>
            <port dstActor="D0N15" name="p8" srcActor="D0N14"/>
            <port dstActor="D0N35" name="p9" srcActor="D0N14"/>
            <port dstActor="D0N41" name="p10" srcActor="D0N14"/>
            <port dstActor="D0N28" name="p11" srcActor="D0N20"/>
            <port dstActor="D0N47" name="p12" srcActor="D0N38"/>
            <port dstActor="D0N40" name="p13" srcActor="D0N38"/>
            <port dstActor="D0N43" name="p14" srcActor="D0N27"/>
            <port dstActor="D0N47" name="p15" srcActor="D0N27"/>
            <port dstActor="D0N28" name="p16" srcActor="D0N12"/>
            <port dstActor="D0N29" name="p17" srcActor="D0N12"/>
            <port dstActor="D0N44" name="p18" srcActor="D0N17"/>
            <port dstActor="D0N21" name="p19" srcActor="D0N17"/>
            <port dstActor="D0N47" name="p20" srcActor="D0N17"/>
            <port dstActor="D0N19" name="p21" srcActor="D0N17"/>
            <port dstActor="D0N35" name="p22" srcActor="D0N17"/>
            <port dstActor="D0N18" name="p23" srcActor="D0N17"/>
            <port dstActor="D0N36" name="p24" srcActor="D0N17"/>
            <port dstActor="D0N40" name="p25" srcActor="D0N17"/>
            <port dstActor="D0N25" name="p26" srcActor="D0N6"/>
            <port dstActor="D0N15" name="p27" srcActor="D0N6"/>
            <port dstActor="D0N47" name="p28" srcActor="D0N6"/>
            <port dstActor="D0N13" name="p29" srcActor="D0N6"/>
            <port dstActor="D0N45" name="p30" srcActor="D0N6"/>
            <port dstActor="D0N46" name="p31" srcActor="D0N6"/>
            <port dstActor="D0N23" name="p32" srcActor="D0N19"/>
            <port dstActor="D0N42" name="p33" srcActor="D0N19"/>
            <port dstActor="D0N21" name="p34" srcActor="D0N19"/>
            <port dstActor="D0N35" name="p35" srcActor="D0N19"/>
            <port dstActor="D0N36" name="p36" srcActor="D0N19"/>
            <port dstActor="D0N35" name="p37" srcActor="D0N32"/>
            <port dstActor="D0N39" name="p38" srcActor="D0N37"/>
            <port dstActor="D0N25" name="p39" srcActor="D0N18"/>
            <port dstActor="D0N38" name="p40" srcActor="D0N18"/>
            <port dstActor="D0N44" name="p41" srcActor="D0N18"/>
            <port dstActor="D0N21" name="p42" srcActor="D0N18"/>
            <port dstActor="D0N43" name="p43" srcActor="D0N26"/>
            <port dstActor="D0N27" name="p44" srcActor="D0N26"/>
            <port dstActor="D0N24" name="p45" srcActor="D0N13"/>
            <port dstActor="D0N39" name="p46" srcActor="D0N13"/>
            <port dstActor="D0N44" name="p47" srcActor="D0N13"/>
            <port dstActor="D0N14" name="p48" srcActor="D0N13"/>
            <port dstActor="D0N26" name="p49" srcActor="D0N13"/>
            <port dstActor="D0N21" name="p50" srcActor="D0N13"/>
            <port dstActor="D0N25" name="p51" srcActor="D0N13"/>
            <port dstActor="D0N44" name="p52" srcActor="D0N42"/>
            <port dstActor="D0N13" name="p53" srcActor="D0N2"/>
            <port dstActor="D0N22" name="p54" srcActor="D0N2"/>
            <port dstActor="D0N3" name="p55" srcActor="D0N2"/>
            <port dstActor="D0N43" name="p56" srcActor="D0N2"/>
            <port dstActor="D0N26" name="p57" srcActor="D0N22"/>
            <port dstActor="D0N33" name="p58" srcActor="D0N22"/>
            <port dstActor="D0N39" name="p59" srcActor="D0N16"/>
            <port dstActor="D0N47" name="p60" srcActor="D0N16"/>
            <port dstActor="D0N31" name="p61" srcActor="D0N23"/>
            <port dstActor="D0N29" name="p62" srcActor="D0N23"/>
            <port dstActor="D0N35" name="p63" srcActor="D0N23"/>
            <port dstActor="D0N39" name="p64" srcActor="D0N23"/>
            <port dstActor="D0N31" name="p65" srcActor="D0N28"/>
            <port dstActor="D0N35" name="p66" srcActor="D0N28"/>
            <port dstActor="D0N45" name="p67" srcActor="D0N28"/>
            <port dstActor="D0N27" name="p68" srcActor="D0N1"/>
            <port dstActor="D0N33" name="p69" srcActor="D0N1"/>
            <port dstActor="D0N14" name="p70" srcActor="D0N1"/>
            <port dstActor="D0N31" name="p71" srcActor="D0N1"/>
            <port dstActor="D0N9" name="p72" srcActor="D0N0"/>
            <port dstActor="D0N7" name="p73" srcActor="D0N0"/>
            <port dstActor="D0N19" name="p74" srcActor="D0N0"/>
            <port dstActor="D0N41" name="p75" srcActor="D0N0"/>
            <port dstActor="D0N1" name="p76" srcActor="D0N0"/>
            <port dstActor="D0N44" name="p77" srcActor="D0N15"/>
            <port dstActor="D0N29" name="p78" srcActor="D0N15"/>
            <port dstActor="D0N48" name="p79" srcActor="D0N34"/>
            <port dstActor="D0N44" name="p80" srcActor="D0N34"/>
            <port dstActor="D0N42" name="p81" srcActor="D0N11"/>
            <port dstActor="D0N37" name="p82" srcActor="D0N11"/>
            <port dstActor="D0N40" name="p83" srcActor="D0N31"/>
            <port dstActor="D0N38" name="p84" srcActor="D0N31"/>
            <port dstActor="D0N36" name="p85" srcActor="D0N4"/>
            <port dstActor="D0N20" name="p86" srcActor="D0N4"/>
            <port dstActor="D0N41" name="p87" srcActor="D0N4"/>
            <port dstActor="D0N29" name="p88" srcActor="D0N4"/>
            <port dstActor="D0N42" name="p89" srcActor="D0N4"/>
            <port dstActor="D0N37" name="p90" srcActor="D0N4"/>
            <port dstActor="D0N41" name="p91" srcActor="D0N35"/>
            <port dstActor="D0N28" name="p92" srcActor="D0N7"/>
            <port dstActor="D0N39" name="p93" srcActor="D0N7"/>
            <port dstActor="D0N45" name="p94" srcActor="D0N7"/>
            <port dstActor="D0N44" name="p95" srcActor="D0N7"/>
            <port dstActor="D0N12" name="p96" srcActor="D0N8"/>
            <port dstActor="D0N21" name="p97" srcActor="D0N8"/>
            <port dstActor="D0N11" name="p98" srcActor="D0N8"/>
            <port dstActor="D0N25" name="p99" srcActor="D0N8"/>
            <port dstActor="D0N38" name="p100" srcActor="D0N30"/>
            <port dstActor="D0N32" name="p101" srcActor="D0N30"/>
            <port dstActor="D0N35" name="p102" srcActor="D0N29"/>
            <port dstActor="D0N45" name="p103" srcActor="D0N24"/>
            <port dstActor="D0N29" name="p104" srcActor="D0N24"/>
            <port dstActor="D0N42" name="p105" srcActor="D0N33"/>
            <port dstActor="D0N48" name="p106" srcActor="D0N33"/>
            <port dstActor="D0N39" name="p107" srcActor="D0N33"/>
            <port dstActor="D0N48" name="p108" srcActor="D0N9"/>
            <port dstActor="D0N36" name="p109" srcActor="D0N9"/>
            <port dstActor="D0N19" name="p110" srcActor="D0N9"/>
            <port dstActor="D0N27" name="p111" srcActor="D0N5"/>
            <port dstActor="D0N7" name="p112" srcActor="D0N5"/>
            <port dstActor="D0N36" name="p113" srcActor="D0N5"/>
            <port dstActor="D0N16" name="p114" srcActor="D0N5"/>
            <port dstActor="D0N33" name="p115" srcActor="D0N21"/>
            <port dstActor="D0N35" name="p116" srcActor="D0N21"/>
            <port dstActor="D0N39" name="p117" srcActor="D0N21"/>
            <port dstActor="D0N24" name="p118" srcActor="D0N21"/>
            <port dstActor="D0N43" name="p119" srcActor="D0N25"/>
            <port dstActor="D0N32" name="p120" srcActor="D0N25"/>
        </ports>
    </mcdag>
    <cores number="3"/>
    <levels number="2"/>
</mcsystem>
