<?xml version="1.0" encoding="UTF-8" standalone="no"?>
<mcsystem>
    <mcdag deadline="1500" name="genned-0-ed-10.0-0">
        <actor name="D0N23">
            <wcet number="0">30</wcet>
            <wcet number="1">30</wcet>
            <maxpow number="0.466123734474423"/>
            <maxpow number="0.466123734474423"/>
            <fprob>0.0</fprob>
        </actor>
        <actor name="D0N12">
            <wcet number="0">20</wcet>
            <wcet number="1">60</wcet>
            <maxpow number="0.6004417417294902"/>
            <maxpow number="0.6004417417294902"/>
            <fprob>0.0</fprob>
        </actor>
        <actor name="D0N19">
            <wcet number="0">120</wcet>
            <wcet number="1">120</wcet>
            <maxpow number="0.7150350654690252"/>
            <maxpow number="0.7150350654690252"/>
            <fprob>0.0</fprob>
        </actor>
        <actor name="D0N13">
            <wcet number="0">20</wcet>
            <wcet number="1">50</wcet>
            <maxpow number="0.3410578502651691"/>
            <maxpow number="0.3410578502651691"/>
            <fprob>0.0</fprob>
        </actor>
        <actor name="D0N41">
            <wcet number="0">30</wcet>
            <wcet number="1">30</wcet>
            <maxpow number="0.5290997954315141"/>
            <maxpow number="0.5290997954315141"/>
            <fprob>0.0</fprob>
        </actor>
        <actor name="D0N43">
            <wcet number="0">10</wcet>
            <wcet number="1">30</wcet>
            <maxpow number="0.6304739350337197"/>
            <maxpow number="0.6304739350337197"/>
            <fprob>0.0</fprob>
        </actor>
        <actor name="D0N5">
            <wcet number="0">10</wcet>
            <wcet number="1">10</wcet>
            <maxpow number="0.7592514808046057"/>
            <maxpow number="0.7592514808046057"/>
            <fprob>0.0</fprob>
        </actor>
        <actor name="D0N35">
            <wcet number="0">20</wcet>
            <wcet number="1">20</wcet>
            <maxpow number="0.48499064057116914"/>
            <maxpow number="0.48499064057116914"/>
            <fprob>0.0</fprob>
        </actor>
        <actor name="D0N2">
            <wcet number="0">10</wcet>
            <wcet number="1">10</wcet>
            <maxpow number="0.4921029738061279"/>
            <maxpow number="0.4921029738061279"/>
            <fprob>0.0</fprob>
        </actor>
        <actor name="D0N14">
            <wcet number="0">30</wcet>
            <wcet number="1">30</wcet>
            <maxpow number="0.7075085978532666"/>
            <maxpow number="0.7075085978532666"/>
            <fprob>0.0</fprob>
        </actor>
        <actor name="D0N9">
            <wcet number="0">100</wcet>
            <wcet number="1">100</wcet>
            <maxpow number="0.5956319477913616"/>
            <maxpow number="0.5956319477913616"/>
            <fprob>0.0</fprob>
        </actor>
        <actor name="D0N28">
            <wcet number="0">10</wcet>
            <wcet number="1">40</wcet>
            <maxpow number="0.23907876161506608"/>
            <maxpow number="0.23907876161506608"/>
            <fprob>0.0</fprob>
        </actor>
        <actor name="D0N42">
            <wcet number="0">10</wcet>
            <wcet number="1">10</wcet>
            <maxpow number="0.550328735266751"/>
            <maxpow number="0.550328735266751"/>
            <fprob>0.0</fprob>
        </actor>
        <actor name="D0N7">
            <wcet number="0">10</wcet>
            <wcet number="1">10</wcet>
            <maxpow number="0.6300162937037843"/>
            <maxpow number="0.6300162937037843"/>
            <fprob>0.0</fprob>
        </actor>
        <actor name="D0N30">
            <wcet number="0">90</wcet>
            <wcet number="1">140</wcet>
            <maxpow number="0.8802114271656991"/>
            <maxpow number="0.8802114271656991"/>
            <fprob>0.0</fprob>
        </actor>
        <actor name="D0N16">
            <wcet number="0">10</wcet>
            <wcet number="1">70</wcet>
            <maxpow number="0.5873782382993568"/>
            <maxpow number="0.5873782382993568"/>
            <fprob>0.0</fprob>
        </actor>
        <actor name="D0N17">
            <wcet number="0">80</wcet>
            <wcet number="1">220</wcet>
            <maxpow number="0.5086884089520749"/>
            <maxpow number="0.5086884089520749"/>
            <fprob>0.0</fprob>
        </actor>
        <actor name="D0N3">
            <wcet number="0">30</wcet>
            <wcet number="1">60</wcet>
            <maxpow number="0.5613771510708804"/>
            <maxpow number="0.5613771510708804"/>
            <fprob>0.0</fprob>
        </actor>
        <actor name="D0N33">
            <wcet number="0">10</wcet>
            <wcet number="1">10</wcet>
            <maxpow number="0.19776704282226604"/>
            <maxpow number="0.19776704282226604"/>
            <fprob>0.0</fprob>
        </actor>
        <actor name="D0N37">
            <wcet number="0">100</wcet>
            <wcet number="1">110</wcet>
            <maxpow number="0.4441569921716617"/>
            <maxpow number="0.4441569921716617"/>
            <fprob>0.0</fprob>
        </actor>
        <actor name="D0N36">
            <wcet number="0">10</wcet>
            <wcet number="1">20</wcet>
            <maxpow number="0.7331725375423199"/>
            <maxpow number="0.7331725375423199"/>
            <fprob>0.0</fprob>
        </actor>
        <actor name="D0N27">
            <wcet number="0">40</wcet>
            <wcet number="1">50</wcet>
            <maxpow number="0.41963449235072026"/>
            <maxpow number="0.41963449235072026"/>
            <fprob>0.0</fprob>
        </actor>
        <actor name="D0N21">
            <wcet number="0">90</wcet>
            <wcet number="1">200</wcet>
            <maxpow number="0.25694517075567863"/>
            <maxpow number="0.25694517075567863"/>
            <fprob>0.0</fprob>
        </actor>
        <actor name="D0N24">
            <wcet number="0">110</wcet>
            <wcet number="1">130</wcet>
            <maxpow number="0.3733868101094473"/>
            <maxpow number="0.3733868101094473"/>
            <fprob>0.0</fprob>
        </actor>
        <actor name="D0N39">
            <wcet number="0">40</wcet>
            <wcet number="1">50</wcet>
            <maxpow number="0.4473240749805225"/>
            <maxpow number="0.4473240749805225"/>
            <fprob>0.0</fprob>
        </actor>
        <actor name="D0N40">
            <wcet number="0">10</wcet>
            <wcet number="1">10</wcet>
            <maxpow number="0.24775983022271658"/>
            <maxpow number="0.24775983022271658"/>
            <fprob>0.0</fprob>
        </actor>
        <actor name="D0N20">
            <wcet number="0">70</wcet>
            <wcet number="1">120</wcet>
            <maxpow number="0.6837663695975289"/>
            <maxpow number="0.6837663695975289"/>
            <fprob>0.0</fprob>
        </actor>
        <actor name="D0N26">
            <wcet number="0">200</wcet>
            <wcet number="1">350</wcet>
            <maxpow number="0.37480070936166243"/>
            <maxpow number="0.37480070936166243"/>
            <fprob>0.0</fprob>
        </actor>
        <actor name="D0N22">
            <wcet number="0">40</wcet>
            <wcet number="1">60</wcet>
            <maxpow number="0.9249247922458822"/>
            <maxpow number="0.9249247922458822"/>
            <fprob>0.0</fprob>
        </actor>
        <actor name="D0N25">
            <wcet number="0">10</wcet>
            <wcet number="1">110</wcet>
            <maxpow number="0.3078940124706647"/>
            <maxpow number="0.3078940124706647"/>
            <fprob>0.0</fprob>
        </actor>
        <actor name="D0N10">
            <wcet number="0">40</wcet>
            <wcet number="1">120</wcet>
            <maxpow number="0.7968580645737315"/>
            <maxpow number="0.7968580645737315"/>
            <fprob>0.0</fprob>
        </actor>
        <actor name="D0N11">
            <wcet number="0">90</wcet>
            <wcet number="1">100</wcet>
            <maxpow number="0.39240119038304183"/>
            <maxpow number="0.39240119038304183"/>
            <fprob>0.0</fprob>
        </actor>
        <actor name="D0N31">
            <wcet number="0">50</wcet>
            <wcet number="1">50</wcet>
            <maxpow number="0.8713923978274357"/>
            <maxpow number="0.8713923978274357"/>
            <fprob>0.0</fprob>
        </actor>
        <actor name="D0N34">
            <wcet number="0">30</wcet>
            <wcet number="1">60</wcet>
            <maxpow number="0.4307877728545726"/>
            <maxpow number="0.4307877728545726"/>
            <fprob>0.0</fprob>
        </actor>
        <actor name="D0N8">
            <wcet number="0">30</wcet>
            <wcet number="1">60</wcet>
            <maxpow number="0.2750424576881522"/>
            <maxpow number="0.2750424576881522"/>
            <fprob>0.0</fprob>
        </actor>
        <actor name="D0N38">
            <wcet number="0">20</wcet>
            <wcet number="1">100</wcet>
            <maxpow number="0.5069267908325769"/>
            <maxpow number="0.5069267908325769"/>
            <fprob>0.0</fprob>
        </actor>
        <actor name="D0N32">
            <wcet number="0">70</wcet>
            <wcet number="1">80</wcet>
            <maxpow number="0.46753993088802176"/>
            <maxpow number="0.46753993088802176"/>
            <fprob>0.0</fprob>
        </actor>
        <actor name="D0N15">
            <wcet number="0">10</wcet>
            <wcet number="1">40</wcet>
            <maxpow number="0.3333836345384623"/>
            <maxpow number="0.3333836345384623"/>
            <fprob>0.0</fprob>
        </actor>
        <actor name="D0N6">
            <wcet number="0">40</wcet>
            <wcet number="1">50</wcet>
            <maxpow number="0.5062749203704348"/>
            <maxpow number="0.5062749203704348"/>
            <fprob>0.0</fprob>
        </actor>
        <actor name="D0N0">
            <wcet number="0">40</wcet>
            <wcet number="1">70</wcet>
            <maxpow number="0.3047286382631825"/>
            <maxpow number="0.3047286382631825"/>
            <fprob>0.0</fprob>
        </actor>
        <actor name="D0N4">
            <wcet number="0">10</wcet>
            <wcet number="1">10</wcet>
            <maxpow number="0.7052230536087581"/>
            <maxpow number="0.7052230536087581"/>
            <fprob>0.0</fprob>
        </actor>
        <actor name="D0N45">
            <wcet number="0">80</wcet>
            <wcet number="1">100</wcet>
            <maxpow number="0.3607454924385416"/>
            <maxpow number="0.3607454924385416"/>
            <fprob>0.0</fprob>
        </actor>
        <actor name="D0N29">
            <wcet number="0">20</wcet>
            <wcet number="1">50</wcet>
            <maxpow number="0.32180204277432783"/>
            <maxpow number="0.32180204277432783"/>
            <fprob>0.0</fprob>
        </actor>
        <actor name="D0N44">
            <wcet number="0">150</wcet>
            <wcet number="1">150</wcet>
            <maxpow number="0.9301838460819465"/>
            <maxpow number="0.9301838460819465"/>
            <fprob>0.0</fprob>
        </actor>
        <actor name="D0N1">
            <wcet number="0">60</wcet>
            <wcet number="1">140</wcet>
            <maxpow number="0.40702888631661516"/>
            <maxpow number="0.40702888631661516"/>
            <fprob>0.0</fprob>
        </actor>
        <actor name="D0N18">
            <wcet number="0">10</wcet>
            <wcet number="1">10</wcet>
            <maxpow number="0.43519153820528417"/>
            <maxpow number="0.43519153820528417"/>
            <fprob>0.0</fprob>
        </actor>
        <ports>
            <port dstActor="D0N42" name="p0" srcActor="D0N23"/>
            <port dstActor="D0N41" name="p1" srcActor="D0N23"/>
            <port dstActor="D0N38" name="p2" srcActor="D0N23"/>
            <port dstActor="D0N20" name="p3" srcActor="D0N12"/>
            <port dstActor="D0N30" name="p4" srcActor="D0N12"/>
            <port dstActor="D0N37" name="p5" srcActor="D0N12"/>
            <port dstActor="D0N34" name="p6" srcActor="D0N12"/>
            <port dstActor="D0N32" name="p7" srcActor="D0N19"/>
            <port dstActor="D0N42" name="p8" srcActor="D0N19"/>
            <port dstActor="D0N44" name="p9" srcActor="D0N19"/>
            <port dstActor="D0N31" name="p10" srcActor="D0N19"/>
            <port dstActor="D0N22" name="p11" srcActor="D0N19"/>
            <port dstActor="D0N39" name="p12" srcActor="D0N13"/>
            <port dstActor="D0N26" name="p13" srcActor="D0N13"/>
            <port dstActor="D0N21" name="p14" srcActor="D0N13"/>
            <port dstActor="D0N9" name="p15" srcActor="D0N5"/>
            <port dstActor="D0N37" name="p16" srcActor="D0N5"/>
            <port dstActor="D0N16" name="p17" srcActor="D0N5"/>
            <port dstActor="D0N41" name="p18" srcActor="D0N5"/>
            <port dstActor="D0N38" name="p19" srcActor="D0N2"/>
            <port dstActor="D0N15" name="p20" srcActor="D0N2"/>
            <port dstActor="D0N39" name="p21" srcActor="D0N2"/>
            <port dstActor="D0N9" name="p22" srcActor="D0N2"/>
            <port dstActor="D0N45" name="p23" srcActor="D0N14"/>
            <port dstActor="D0N31" name="p24" srcActor="D0N14"/>
            <port dstActor="D0N37" name="p25" srcActor="D0N14"/>
            <port dstActor="D0N37" name="p26" srcActor="D0N9"/>
            <port dstActor="D0N25" name="p27" srcActor="D0N9"/>
            <port dstActor="D0N17" name="p28" srcActor="D0N9"/>
            <port dstActor="D0N10" name="p29" srcActor="D0N9"/>
            <port dstActor="D0N22" name="p30" srcActor="D0N9"/>
            <port dstActor="D0N31" name="p31" srcActor="D0N28"/>
            <port dstActor="D0N24" name="p32" srcActor="D0N7"/>
            <port dstActor="D0N41" name="p33" srcActor="D0N7"/>
            <port dstActor="D0N37" name="p34" srcActor="D0N30"/>
            <port dstActor="D0N30" name="p35" srcActor="D0N16"/>
            <port dstActor="D0N19" name="p36" srcActor="D0N16"/>
            <port dstActor="D0N32" name="p37" srcActor="D0N16"/>
            <port dstActor="D0N21" name="p38" srcActor="D0N16"/>
            <port dstActor="D0N37" name="p39" srcActor="D0N16"/>
            <port dstActor="D0N41" name="p40" srcActor="D0N17"/>
            <port dstActor="D0N19" name="p41" srcActor="D0N17"/>
            <port dstActor="D0N37" name="p42" srcActor="D0N17"/>
            <port dstActor="D0N30" name="p43" srcActor="D0N17"/>
            <port dstActor="D0N22" name="p44" srcActor="D0N17"/>
            <port dstActor="D0N26" name="p45" srcActor="D0N17"/>
            <port dstActor="D0N36" name="p46" srcActor="D0N3"/>
            <port dstActor="D0N23" name="p47" srcActor="D0N3"/>
            <port dstActor="D0N26" name="p48" srcActor="D0N3"/>
            <port dstActor="D0N34" name="p49" srcActor="D0N3"/>
            <port dstActor="D0N37" name="p50" srcActor="D0N3"/>
            <port dstActor="D0N31" name="p51" srcActor="D0N3"/>
            <port dstActor="D0N35" name="p52" srcActor="D0N3"/>
            <port dstActor="D0N45" name="p53" srcActor="D0N37"/>
            <port dstActor="D0N44" name="p54" srcActor="D0N36"/>
            <port dstActor="D0N33" name="p55" srcActor="D0N27"/>
            <port dstActor="D0N31" name="p56" srcActor="D0N27"/>
            <port dstActor="D0N43" name="p57" srcActor="D0N24"/>
            <port dstActor="D0N45" name="p58" srcActor="D0N39"/>
            <port dstActor="D0N44" name="p59" srcActor="D0N40"/>
            <port dstActor="D0N24" name="p60" srcActor="D0N20"/>
            <port dstActor="D0N45" name="p61" srcActor="D0N26"/>
            <port dstActor="D0N42" name="p62" srcActor="D0N26"/>
            <port dstActor="D0N43" name="p63" srcActor="D0N22"/>
            <port dstActor="D0N31" name="p64" srcActor="D0N25"/>
            <port dstActor="D0N26" name="p65" srcActor="D0N25"/>
            <port dstActor="D0N44" name="p66" srcActor="D0N25"/>
            <port dstActor="D0N36" name="p67" srcActor="D0N10"/>
            <port dstActor="D0N17" name="p68" srcActor="D0N10"/>
            <port dstActor="D0N31" name="p69" srcActor="D0N10"/>
            <port dstActor="D0N26" name="p70" srcActor="D0N10"/>
            <port dstActor="D0N24" name="p71" srcActor="D0N10"/>
            <port dstActor="D0N13" name="p72" srcActor="D0N11"/>
            <port dstActor="D0N25" name="p73" srcActor="D0N11"/>
            <port dstActor="D0N45" name="p74" srcActor="D0N11"/>
            <port dstActor="D0N15" name="p75" srcActor="D0N11"/>
            <port dstActor="D0N40" name="p76" srcActor="D0N31"/>
            <port dstActor="D0N43" name="p77" srcActor="D0N34"/>
            <port dstActor="D0N13" name="p78" srcActor="D0N8"/>
            <port dstActor="D0N27" name="p79" srcActor="D0N8"/>
            <port dstActor="D0N18" name="p80" srcActor="D0N8"/>
            <port dstActor="D0N36" name="p81" srcActor="D0N8"/>
            <port dstActor="D0N41" name="p82" srcActor="D0N32"/>
            <port dstActor="D0N38" name="p83" srcActor="D0N32"/>
            <port dstActor="D0N29" name="p84" srcActor="D0N15"/>
            <port dstActor="D0N31" name="p85" srcActor="D0N15"/>
            <port dstActor="D0N24" name="p86" srcActor="D0N15"/>
            <port dstActor="D0N9" name="p87" srcActor="D0N6"/>
            <port dstActor="D0N10" name="p88" srcActor="D0N6"/>
            <port dstActor="D0N45" name="p89" srcActor="D0N6"/>
            <port dstActor="D0N35" name="p90" srcActor="D0N6"/>
            <port dstActor="D0N1" name="p91" srcActor="D0N0"/>
            <port dstActor="D0N41" name="p92" srcActor="D0N0"/>
            <port dstActor="D0N22" name="p93" srcActor="D0N0"/>
            <port dstActor="D0N9" name="p94" srcActor="D0N0"/>
            <port dstActor="D0N9" name="p95" srcActor="D0N4"/>
            <port dstActor="D0N14" name="p96" srcActor="D0N4"/>
            <port dstActor="D0N30" name="p97" srcActor="D0N4"/>
            <port dstActor="D0N37" name="p98" srcActor="D0N4"/>
            <port dstActor="D0N21" name="p99" srcActor="D0N4"/>
            <port dstActor="D0N23" name="p100" srcActor="D0N4"/>
            <port dstActor="D0N24" name="p101" srcActor="D0N4"/>
            <port dstActor="D0N16" name="p102" srcActor="D0N4"/>
            <port dstActor="D0N45" name="p103" srcActor="D0N4"/>
            <port dstActor="D0N36" name="p104" srcActor="D0N29"/>
            <port dstActor="D0N39" name="p105" srcActor="D0N29"/>
            <port dstActor="D0N30" name="p106" srcActor="D0N29"/>
            <port dstActor="D0N31" name="p107" srcActor="D0N1"/>
            <port dstActor="D0N43" name="p108" srcActor="D0N1"/>
            <port dstActor="D0N28" name="p109" srcActor="D0N1"/>
            <port dstActor="D0N8" name="p110" srcActor="D0N1"/>
            <port dstActor="D0N18" name="p111" srcActor="D0N1"/>
            <port dstActor="D0N23" name="p112" srcActor="D0N1"/>
            <port dstActor="D0N27" name="p113" srcActor="D0N18"/>
            <port dstActor="D0N35" name="p114" srcActor="D0N18"/>
            <port dstActor="D0N31" name="p115" srcActor="D0N18"/>
        </ports>
    </mcdag>
    <cores number="3"/>
    <levels number="2"/>
</mcsystem>
