<?xml version="1.0" encoding="UTF-8" standalone="no"?>
<mcsystem>
    <mcdag deadline="2500" name="genned-0-ed-10.0-0">
        <actor name="D0N27">
            <wcet number="0">70</wcet>
            <wcet number="1">70</wcet>
            <maxpow number="0.5094925472754595"/>
            <maxpow number="0.5094925472754595"/>
            <fprob>0.0</fprob>
        </actor>
        <actor name="D0N3">
            <wcet number="0">30</wcet>
            <wcet number="1">70</wcet>
            <maxpow number="0.5920856654162708"/>
            <maxpow number="0.5920856654162708"/>
            <fprob>0.0</fprob>
        </actor>
        <actor name="D0N32">
            <wcet number="0">530</wcet>
            <wcet number="1">570</wcet>
            <maxpow number="0.5955007706160892"/>
            <maxpow number="0.5955007706160892"/>
            <fprob>0.0</fprob>
        </actor>
        <actor name="D0N38">
            <wcet number="0">140</wcet>
            <wcet number="1">150</wcet>
            <maxpow number="0.6088252106167258"/>
            <maxpow number="0.6088252106167258"/>
            <fprob>0.0</fprob>
        </actor>
        <actor name="D0N43">
            <wcet number="0">30</wcet>
            <wcet number="1">40</wcet>
            <maxpow number="0.4198895313866978"/>
            <maxpow number="0.4198895313866978"/>
            <fprob>0.0</fprob>
        </actor>
        <actor name="D0N16">
            <wcet number="0">10</wcet>
            <wcet number="1">70</wcet>
            <maxpow number="0.7725870337356046"/>
            <maxpow number="0.7725870337356046"/>
            <fprob>0.0</fprob>
        </actor>
        <actor name="D0N18">
            <wcet number="0">10</wcet>
            <wcet number="1">10</wcet>
            <maxpow number="0.41155851052911335"/>
            <maxpow number="0.41155851052911335"/>
            <fprob>0.0</fprob>
        </actor>
        <actor name="D0N35">
            <wcet number="0">10</wcet>
            <wcet number="1">20</wcet>
            <maxpow number="0.6641197933697391"/>
            <maxpow number="0.6641197933697391"/>
            <fprob>0.0</fprob>
        </actor>
        <actor name="D0N12">
            <wcet number="0">210</wcet>
            <wcet number="1">300</wcet>
            <maxpow number="0.937828912296695"/>
            <maxpow number="0.937828912296695"/>
            <fprob>0.0</fprob>
        </actor>
        <actor name="D0N34">
            <wcet number="0">10</wcet>
            <wcet number="1">60</wcet>
            <maxpow number="0.36057814062133653"/>
            <maxpow number="0.36057814062133653"/>
            <fprob>0.0</fprob>
        </actor>
        <actor name="D0N30">
            <wcet number="0">10</wcet>
            <wcet number="1">150</wcet>
            <maxpow number="0.6190928175512665"/>
            <maxpow number="0.6190928175512665"/>
            <fprob>0.0</fprob>
        </actor>
        <actor name="D0N33">
            <wcet number="0">20</wcet>
            <wcet number="1">100</wcet>
            <maxpow number="0.7006633203443103"/>
            <maxpow number="0.7006633203443103"/>
            <fprob>0.0</fprob>
        </actor>
        <actor name="D0N2">
            <wcet number="0">20</wcet>
            <wcet number="1">100</wcet>
            <maxpow number="0.7513517287414408"/>
            <maxpow number="0.7513517287414408"/>
            <fprob>0.0</fprob>
        </actor>
        <actor name="D0N22">
            <wcet number="0">520</wcet>
            <wcet number="1">940</wcet>
            <maxpow number="0.5651610846030307"/>
            <maxpow number="0.5651610846030307"/>
            <fprob>0.0</fprob>
        </actor>
        <actor name="D0N15">
            <wcet number="0">130</wcet>
            <wcet number="1">140</wcet>
            <maxpow number="0.35829218335685575"/>
            <maxpow number="0.35829218335685575"/>
            <fprob>0.0</fprob>
        </actor>
        <actor name="D0N23">
            <wcet number="0">80</wcet>
            <wcet number="1">190</wcet>
            <maxpow number="0.635410380326537"/>
            <maxpow number="0.635410380326537"/>
            <fprob>0.0</fprob>
        </actor>
        <actor name="D0N40">
            <wcet number="0">20</wcet>
            <wcet number="1">20</wcet>
            <maxpow number="0.9117251427093556"/>
            <maxpow number="0.9117251427093556"/>
            <fprob>0.0</fprob>
        </actor>
        <actor name="D0N36">
            <wcet number="0">130</wcet>
            <wcet number="1">160</wcet>
            <maxpow number="0.3287235579290948"/>
            <maxpow number="0.3287235579290948"/>
            <fprob>0.0</fprob>
        </actor>
        <actor name="D0N21">
            <wcet number="0">60</wcet>
            <wcet number="1">310</wcet>
            <maxpow number="0.8308900325871296"/>
            <maxpow number="0.8308900325871296"/>
            <fprob>0.0</fprob>
        </actor>
        <actor name="D0N37">
            <wcet number="0">100</wcet>
            <wcet number="1">110</wcet>
            <maxpow number="0.5808314029292913"/>
            <maxpow number="0.5808314029292913"/>
            <fprob>0.0</fprob>
        </actor>
        <actor name="D0N25">
            <wcet number="0">100</wcet>
            <wcet number="1">130</wcet>
            <maxpow number="0.8093218272352909"/>
            <maxpow number="0.8093218272352909"/>
            <fprob>0.0</fprob>
        </actor>
        <actor name="D0N31">
            <wcet number="0">10</wcet>
            <wcet number="1">40</wcet>
            <maxpow number="0.4198031447635076"/>
            <maxpow number="0.4198031447635076"/>
            <fprob>0.0</fprob>
        </actor>
        <actor name="D0N9">
            <wcet number="0">290</wcet>
            <wcet number="1">360</wcet>
            <maxpow number="0.560268264924604"/>
            <maxpow number="0.560268264924604"/>
            <fprob>0.0</fprob>
        </actor>
        <actor name="D0N24">
            <wcet number="0">60</wcet>
            <wcet number="1">60</wcet>
            <maxpow number="0.6317460572759839"/>
            <maxpow number="0.6317460572759839"/>
            <fprob>0.0</fprob>
        </actor>
        <actor name="D0N39">
            <wcet number="0">10</wcet>
            <wcet number="1">90</wcet>
            <maxpow number="0.17477351739647423"/>
            <maxpow number="0.17477351739647423"/>
            <fprob>0.0</fprob>
        </actor>
        <actor name="D0N29">
            <wcet number="0">50</wcet>
            <wcet number="1">180</wcet>
            <maxpow number="0.45266700281480665"/>
            <maxpow number="0.45266700281480665"/>
            <fprob>0.0</fprob>
        </actor>
        <actor name="D0N44">
            <wcet number="0">10</wcet>
            <wcet number="1">20</wcet>
            <maxpow number="0.5854762456156375"/>
            <maxpow number="0.5854762456156375"/>
            <fprob>0.0</fprob>
        </actor>
        <actor name="D0N26">
            <wcet number="0">170</wcet>
            <wcet number="1">240</wcet>
            <maxpow number="0.5615404012604425"/>
            <maxpow number="0.5615404012604425"/>
            <fprob>0.0</fprob>
        </actor>
        <actor name="D0N6">
            <wcet number="0">20</wcet>
            <wcet number="1">20</wcet>
            <maxpow number="0.4519350699439338"/>
            <maxpow number="0.4519350699439338"/>
            <fprob>0.0</fprob>
        </actor>
        <actor name="D0N28">
            <wcet number="0">270</wcet>
            <wcet number="1">430</wcet>
            <maxpow number="0.9289229477863109"/>
            <maxpow number="0.9289229477863109"/>
            <fprob>0.0</fprob>
        </actor>
        <actor name="D0N5">
            <wcet number="0">20</wcet>
            <wcet number="1">30</wcet>
            <maxpow number="0.5502610625586758"/>
            <maxpow number="0.5502610625586758"/>
            <fprob>0.0</fprob>
        </actor>
        <actor name="D0N14">
            <wcet number="0">80</wcet>
            <wcet number="1">300</wcet>
            <maxpow number="0.8109950797320813"/>
            <maxpow number="0.8109950797320813"/>
            <fprob>0.0</fprob>
        </actor>
        <actor name="D0N42">
            <wcet number="0">10</wcet>
            <wcet number="1">20</wcet>
            <maxpow number="0.7418829320418459"/>
            <maxpow number="0.7418829320418459"/>
            <fprob>0.0</fprob>
        </actor>
        <actor name="D0N45">
            <wcet number="0">70</wcet>
            <wcet number="1">100</wcet>
            <maxpow number="0.773127826948513"/>
            <maxpow number="0.773127826948513"/>
            <fprob>0.0</fprob>
        </actor>
        <actor name="D0N7">
            <wcet number="0">100</wcet>
            <wcet number="1">120</wcet>
            <maxpow number="0.8967627526068799"/>
            <maxpow number="0.8967627526068799"/>
            <fprob>0.0</fprob>
        </actor>
        <actor name="D0N17">
            <wcet number="0">40</wcet>
            <wcet number="1">60</wcet>
            <maxpow number="0.4531639883103906"/>
            <maxpow number="0.4531639883103906"/>
            <fprob>0.0</fprob>
        </actor>
        <actor name="D0N8">
            <wcet number="0">100</wcet>
            <wcet number="1">170</wcet>
            <maxpow number="0.6395922402704868"/>
            <maxpow number="0.6395922402704868"/>
            <fprob>0.0</fprob>
        </actor>
        <actor name="D0N19">
            <wcet number="0">10</wcet>
            <wcet number="1">40</wcet>
            <maxpow number="0.31580587766010304"/>
            <maxpow number="0.31580587766010304"/>
            <fprob>0.0</fprob>
        </actor>
        <actor name="D0N1">
            <wcet number="0">70</wcet>
            <wcet number="1">90</wcet>
            <maxpow number="0.27662641094554774"/>
            <maxpow number="0.27662641094554774"/>
            <fprob>0.0</fprob>
        </actor>
        <actor name="D0N10">
            <wcet number="0">20</wcet>
            <wcet number="1">70</wcet>
            <maxpow number="0.585354902182825"/>
            <maxpow number="0.585354902182825"/>
            <fprob>0.0</fprob>
        </actor>
        <actor name="D0N0">
            <wcet number="0">30</wcet>
            <wcet number="1">30</wcet>
            <maxpow number="0.34037242302327286"/>
            <maxpow number="0.34037242302327286"/>
            <fprob>0.0</fprob>
        </actor>
        <actor name="D0N4">
            <wcet number="0">50</wcet>
            <wcet number="1">60</wcet>
            <maxpow number="0.3960917921658116"/>
            <maxpow number="0.3960917921658116"/>
            <fprob>0.0</fprob>
        </actor>
        <actor name="D0N13">
            <wcet number="0">50</wcet>
            <wcet number="1">80</wcet>
            <maxpow number="0.6327929833148426"/>
            <maxpow number="0.6327929833148426"/>
            <fprob>0.0</fprob>
        </actor>
        <actor name="D0N41">
            <wcet number="0">170</wcet>
            <wcet number="1">210</wcet>
            <maxpow number="0.334591691904216"/>
            <maxpow number="0.334591691904216"/>
            <fprob>0.0</fprob>
        </actor>
        <actor name="D0N11">
            <wcet number="0">10</wcet>
            <wcet number="1">10</wcet>
            <maxpow number="0.6531142376179822"/>
            <maxpow number="0.6531142376179822"/>
            <fprob>0.0</fprob>
        </actor>
        <actor name="D0N20">
            <wcet number="0">70</wcet>
            <wcet number="1">460</wcet>
            <maxpow number="0.24604388867215438"/>
            <maxpow number="0.24604388867215438"/>
            <fprob>0.0</fprob>
        </actor>
        <ports>
            <port dstActor="D0N34" name="p0" srcActor="D0N27"/>
            <port dstActor="D0N28" name="p1" srcActor="D0N27"/>
            <port dstActor="D0N5" name="p2" srcActor="D0N3"/>
            <port dstActor="D0N8" name="p3" srcActor="D0N3"/>
            <port dstActor="D0N19" name="p4" srcActor="D0N3"/>
            <port dstActor="D0N14" name="p5" srcActor="D0N3"/>
            <port dstActor="D0N20" name="p6" srcActor="D0N3"/>
            <port dstActor="D0N33" name="p7" srcActor="D0N3"/>
            <port dstActor="D0N42" name="p8" srcActor="D0N3"/>
            <port dstActor="D0N43" name="p9" srcActor="D0N32"/>
            <port dstActor="D0N36" name="p10" srcActor="D0N32"/>
            <port dstActor="D0N45" name="p11" srcActor="D0N38"/>
            <port dstActor="D0N41" name="p12" srcActor="D0N38"/>
            <port dstActor="D0N44" name="p13" srcActor="D0N38"/>
            <port dstActor="D0N44" name="p14" srcActor="D0N43"/>
            <port dstActor="D0N45" name="p15" srcActor="D0N43"/>
            <port dstActor="D0N18" name="p16" srcActor="D0N16"/>
            <port dstActor="D0N26" name="p17" srcActor="D0N16"/>
            <port dstActor="D0N35" name="p18" srcActor="D0N18"/>
            <port dstActor="D0N37" name="p19" srcActor="D0N18"/>
            <port dstActor="D0N25" name="p20" srcActor="D0N18"/>
            <port dstActor="D0N43" name="p21" srcActor="D0N35"/>
            <port dstActor="D0N28" name="p22" srcActor="D0N12"/>
            <port dstActor="D0N17" name="p23" srcActor="D0N12"/>
            <port dstActor="D0N31" name="p24" srcActor="D0N30"/>
            <port dstActor="D0N45" name="p25" srcActor="D0N33"/>
            <port dstActor="D0N30" name="p26" srcActor="D0N2"/>
            <port dstActor="D0N33" name="p27" srcActor="D0N2"/>
            <port dstActor="D0N19" name="p28" srcActor="D0N2"/>
            <port dstActor="D0N9" name="p29" srcActor="D0N2"/>
            <port dstActor="D0N14" name="p30" srcActor="D0N2"/>
            <port dstActor="D0N32" name="p31" srcActor="D0N22"/>
            <port dstActor="D0N26" name="p32" srcActor="D0N22"/>
            <port dstActor="D0N41" name="p33" srcActor="D0N23"/>
            <port dstActor="D0N37" name="p34" srcActor="D0N23"/>
            <port dstActor="D0N41" name="p35" srcActor="D0N21"/>
            <port dstActor="D0N36" name="p36" srcActor="D0N21"/>
            <port dstActor="D0N45" name="p37" srcActor="D0N25"/>
            <port dstActor="D0N41" name="p38" srcActor="D0N25"/>
            <port dstActor="D0N29" name="p39" srcActor="D0N9"/>
            <port dstActor="D0N44" name="p40" srcActor="D0N24"/>
            <port dstActor="D0N37" name="p41" srcActor="D0N29"/>
            <port dstActor="D0N30" name="p42" srcActor="D0N29"/>
            <port dstActor="D0N31" name="p43" srcActor="D0N29"/>
            <port dstActor="D0N28" name="p44" srcActor="D0N26"/>
            <port dstActor="D0N31" name="p45" srcActor="D0N26"/>
            <port dstActor="D0N38" name="p46" srcActor="D0N26"/>
            <port dstActor="D0N30" name="p47" srcActor="D0N26"/>
            <port dstActor="D0N27" name="p48" srcActor="D0N26"/>
            <port dstActor="D0N14" name="p49" srcActor="D0N6"/>
            <port dstActor="D0N19" name="p50" srcActor="D0N6"/>
            <port dstActor="D0N13" name="p51" srcActor="D0N6"/>
            <port dstActor="D0N30" name="p52" srcActor="D0N28"/>
            <port dstActor="D0N43" name="p53" srcActor="D0N28"/>
            <port dstActor="D0N44" name="p54" srcActor="D0N28"/>
            <port dstActor="D0N33" name="p55" srcActor="D0N5"/>
            <port dstActor="D0N12" name="p56" srcActor="D0N5"/>
            <port dstActor="D0N7" name="p57" srcActor="D0N5"/>
            <port dstActor="D0N23" name="p58" srcActor="D0N5"/>
            <port dstActor="D0N8" name="p59" srcActor="D0N5"/>
            <port dstActor="D0N43" name="p60" srcActor="D0N14"/>
            <port dstActor="D0N34" name="p61" srcActor="D0N14"/>
            <port dstActor="D0N37" name="p62" srcActor="D0N14"/>
            <port dstActor="D0N39" name="p63" srcActor="D0N14"/>
            <port dstActor="D0N44" name="p64" srcActor="D0N42"/>
            <port dstActor="D0N36" name="p65" srcActor="D0N7"/>
            <port dstActor="D0N20" name="p66" srcActor="D0N7"/>
            <port dstActor="D0N12" name="p67" srcActor="D0N7"/>
            <port dstActor="D0N8" name="p68" srcActor="D0N7"/>
            <port dstActor="D0N41" name="p69" srcActor="D0N17"/>
            <port dstActor="D0N19" name="p70" srcActor="D0N17"/>
            <port dstActor="D0N45" name="p71" srcActor="D0N17"/>
            <port dstActor="D0N25" name="p72" srcActor="D0N17"/>
            <port dstActor="D0N38" name="p73" srcActor="D0N8"/>
            <port dstActor="D0N13" name="p74" srcActor="D0N8"/>
            <port dstActor="D0N40" name="p75" srcActor="D0N8"/>
            <port dstActor="D0N9" name="p76" srcActor="D0N8"/>
            <port dstActor="D0N34" name="p77" srcActor="D0N8"/>
            <port dstActor="D0N22" name="p78" srcActor="D0N19"/>
            <port dstActor="D0N25" name="p79" srcActor="D0N19"/>
            <port dstActor="D0N45" name="p80" srcActor="D0N19"/>
            <port dstActor="D0N4" name="p81" srcActor="D0N1"/>
            <port dstActor="D0N29" name="p82" srcActor="D0N1"/>
            <port dstActor="D0N24" name="p83" srcActor="D0N1"/>
            <port dstActor="D0N7" name="p84" srcActor="D0N1"/>
            <port dstActor="D0N37" name="p85" srcActor="D0N1"/>
            <port dstActor="D0N42" name="p86" srcActor="D0N10"/>
            <port dstActor="D0N38" name="p87" srcActor="D0N10"/>
            <port dstActor="D0N22" name="p88" srcActor="D0N10"/>
            <port dstActor="D0N26" name="p89" srcActor="D0N10"/>
            <port dstActor="D0N24" name="p90" srcActor="D0N10"/>
            <port dstActor="D0N11" name="p91" srcActor="D0N10"/>
            <port dstActor="D0N16" name="p92" srcActor="D0N0"/>
            <port dstActor="D0N35" name="p93" srcActor="D0N0"/>
            <port dstActor="D0N37" name="p94" srcActor="D0N4"/>
            <port dstActor="D0N11" name="p95" srcActor="D0N4"/>
            <port dstActor="D0N41" name="p96" srcActor="D0N13"/>
            <port dstActor="D0N21" name="p97" srcActor="D0N13"/>
            <port dstActor="D0N29" name="p98" srcActor="D0N13"/>
            <port dstActor="D0N18" name="p99" srcActor="D0N11"/>
            <port dstActor="D0N41" name="p100" srcActor="D0N11"/>
            <port dstActor="D0N24" name="p101" srcActor="D0N11"/>
            <port dstActor="D0N12" name="p102" srcActor="D0N11"/>
            <port dstActor="D0N33" name="p103" srcActor="D0N11"/>
            <port dstActor="D0N16" name="p104" srcActor="D0N11"/>
            <port dstActor="D0N23" name="p105" srcActor="D0N11"/>
            <port dstActor="D0N38" name="p106" srcActor="D0N20"/>
            <port dstActor="D0N36" name="p107" srcActor="D0N20"/>
        </ports>
    </mcdag>
    <cores number="3"/>
    <levels number="2"/>
</mcsystem>
