<?xml version="1.0" encoding="UTF-8" standalone="no"?>
<mcsystem>
    <mcdag deadline="2500" name="genned-0-ed-10.0-0">
        <actor name="D0N14">
            <wcet number="0">10</wcet>
            <wcet number="1">80</wcet>
            <maxpow number="0.8289159811349599"/>
            <maxpow number="0.8289159811349599"/>
            <fprob>0.0</fprob>
        </actor>
        <actor name="D0N20">
            <wcet number="0">50</wcet>
            <wcet number="1">70</wcet>
            <maxpow number="0.5466023284906424"/>
            <maxpow number="0.5466023284906424"/>
            <fprob>0.0</fprob>
        </actor>
        <actor name="D0N5">
            <wcet number="0">40</wcet>
            <wcet number="1">130</wcet>
            <maxpow number="0.7230177286906425"/>
            <maxpow number="0.7230177286906425"/>
            <fprob>0.0</fprob>
        </actor>
        <actor name="D0N13">
            <wcet number="0">70</wcet>
            <wcet number="1">70</wcet>
            <maxpow number="0.7763448232652973"/>
            <maxpow number="0.7763448232652973"/>
            <fprob>0.0</fprob>
        </actor>
        <actor name="D0N3">
            <wcet number="0">10</wcet>
            <wcet number="1">10</wcet>
            <maxpow number="0.3991221972444053"/>
            <maxpow number="0.3991221972444053"/>
            <fprob>0.0</fprob>
        </actor>
        <actor name="D0N46">
            <wcet number="0">10</wcet>
            <wcet number="1">150</wcet>
            <maxpow number="0.4585347572067551"/>
            <maxpow number="0.4585347572067551"/>
            <fprob>0.0</fprob>
        </actor>
        <actor name="D0N1">
            <wcet number="0">200</wcet>
            <wcet number="1">210</wcet>
            <maxpow number="0.5813934176213369"/>
            <maxpow number="0.5813934176213369"/>
            <fprob>0.0</fprob>
        </actor>
        <actor name="D0N49">
            <wcet number="0">80</wcet>
            <wcet number="1">100</wcet>
            <maxpow number="0.3470736677091595"/>
            <maxpow number="0.3470736677091595"/>
            <fprob>0.0</fprob>
        </actor>
        <actor name="D0N25">
            <wcet number="0">410</wcet>
            <wcet number="1">620</wcet>
            <maxpow number="0.6086241905028266"/>
            <maxpow number="0.6086241905028266"/>
            <fprob>0.0</fprob>
        </actor>
        <actor name="D0N10">
            <wcet number="0">30</wcet>
            <wcet number="1">30</wcet>
            <maxpow number="0.446292111911457"/>
            <maxpow number="0.446292111911457"/>
            <fprob>0.0</fprob>
        </actor>
        <actor name="D0N7">
            <wcet number="0">70</wcet>
            <wcet number="1">100</wcet>
            <maxpow number="0.6491375606076446"/>
            <maxpow number="0.6491375606076446"/>
            <fprob>0.0</fprob>
        </actor>
        <actor name="D0N8">
            <wcet number="0">60</wcet>
            <wcet number="1">60</wcet>
            <maxpow number="0.6812935218729097"/>
            <maxpow number="0.6812935218729097"/>
            <fprob>0.0</fprob>
        </actor>
        <actor name="D0N39">
            <wcet number="0">20</wcet>
            <wcet number="1">50</wcet>
            <maxpow number="0.4312329008110033"/>
            <maxpow number="0.4312329008110033"/>
            <fprob>0.0</fprob>
        </actor>
        <actor name="D0N34">
            <wcet number="0">60</wcet>
            <wcet number="1">170</wcet>
            <maxpow number="0.6700286907435182"/>
            <maxpow number="0.6700286907435182"/>
            <fprob>0.0</fprob>
        </actor>
        <actor name="D0N26">
            <wcet number="0">150</wcet>
            <wcet number="1">240</wcet>
            <maxpow number="0.6338043675144769"/>
            <maxpow number="0.6338043675144769"/>
            <fprob>0.0</fprob>
        </actor>
        <actor name="D0N35">
            <wcet number="0">90</wcet>
            <wcet number="1">90</wcet>
            <maxpow number="0.6401712546322303"/>
            <maxpow number="0.6401712546322303"/>
            <fprob>0.0</fprob>
        </actor>
        <actor name="D0N27">
            <wcet number="0">60</wcet>
            <wcet number="1">60</wcet>
            <maxpow number="0.4073350680096345"/>
            <maxpow number="0.4073350680096345"/>
            <fprob>0.0</fprob>
        </actor>
        <actor name="D0N17">
            <wcet number="0">90</wcet>
            <wcet number="1">100</wcet>
            <maxpow number="0.6652116033896149"/>
            <maxpow number="0.6652116033896149"/>
            <fprob>0.0</fprob>
        </actor>
        <actor name="D0N30">
            <wcet number="0">100</wcet>
            <wcet number="1">320</wcet>
            <maxpow number="0.7261233664470208"/>
            <maxpow number="0.7261233664470208"/>
            <fprob>0.0</fprob>
        </actor>
        <actor name="D0N18">
            <wcet number="0">40</wcet>
            <wcet number="1">90</wcet>
            <maxpow number="0.6418826115024372"/>
            <maxpow number="0.6418826115024372"/>
            <fprob>0.0</fprob>
        </actor>
        <actor name="D0N21">
            <wcet number="0">10</wcet>
            <wcet number="1">40</wcet>
            <maxpow number="0.7865912669179459"/>
            <maxpow number="0.7865912669179459"/>
            <fprob>0.0</fprob>
        </actor>
        <actor name="D0N24">
            <wcet number="0">360</wcet>
            <wcet number="1">380</wcet>
            <maxpow number="0.5607900298332678"/>
            <maxpow number="0.5607900298332678"/>
            <fprob>0.0</fprob>
        </actor>
        <actor name="D0N41">
            <wcet number="0">120</wcet>
            <wcet number="1">260</wcet>
            <maxpow number="0.3672337939969526"/>
            <maxpow number="0.3672337939969526"/>
            <fprob>0.0</fprob>
        </actor>
        <actor name="D0N36">
            <wcet number="0">120</wcet>
            <wcet number="1">320</wcet>
            <maxpow number="0.7878835974402881"/>
            <maxpow number="0.7878835974402881"/>
            <fprob>0.0</fprob>
        </actor>
        <actor name="D0N16">
            <wcet number="0">70</wcet>
            <wcet number="1">110</wcet>
            <maxpow number="0.8108208586353338"/>
            <maxpow number="0.8108208586353338"/>
            <fprob>0.0</fprob>
        </actor>
        <actor name="D0N22">
            <wcet number="0">30</wcet>
            <wcet number="1">40</wcet>
            <maxpow number="0.6673128474789044"/>
            <maxpow number="0.6673128474789044"/>
            <fprob>0.0</fprob>
        </actor>
        <actor name="D0N31">
            <wcet number="0">40</wcet>
            <wcet number="1">120</wcet>
            <maxpow number="0.6708978189501259"/>
            <maxpow number="0.6708978189501259"/>
            <fprob>0.0</fprob>
        </actor>
        <actor name="D0N33">
            <wcet number="0">10</wcet>
            <wcet number="1">20</wcet>
            <maxpow number="0.6189220704757559"/>
            <maxpow number="0.6189220704757559"/>
            <fprob>0.0</fprob>
        </actor>
        <actor name="D0N28">
            <wcet number="0">20</wcet>
            <wcet number="1">70</wcet>
            <maxpow number="0.5946894326295193"/>
            <maxpow number="0.5946894326295193"/>
            <fprob>0.0</fprob>
        </actor>
        <actor name="D0N23">
            <wcet number="0">60</wcet>
            <wcet number="1">90</wcet>
            <maxpow number="0.5960002324969625"/>
            <maxpow number="0.5960002324969625"/>
            <fprob>0.0</fprob>
        </actor>
        <actor name="D0N12">
            <wcet number="0">50</wcet>
            <wcet number="1">190</wcet>
            <maxpow number="0.622499522526188"/>
            <maxpow number="0.622499522526188"/>
            <fprob>0.0</fprob>
        </actor>
        <actor name="D0N6">
            <wcet number="0">20</wcet>
            <wcet number="1">20</wcet>
            <maxpow number="0.5404394503678275"/>
            <maxpow number="0.5404394503678275"/>
            <fprob>0.0</fprob>
        </actor>
        <actor name="D0N9">
            <wcet number="0">20</wcet>
            <wcet number="1">40</wcet>
            <maxpow number="0.43665826216742404"/>
            <maxpow number="0.43665826216742404"/>
            <fprob>0.0</fprob>
        </actor>
        <actor name="D0N37">
            <wcet number="0">10</wcet>
            <wcet number="1">10</wcet>
            <maxpow number="0.373713094816675"/>
            <maxpow number="0.373713094816675"/>
            <fprob>0.0</fprob>
        </actor>
        <actor name="D0N29">
            <wcet number="0">10</wcet>
            <wcet number="1">200</wcet>
            <maxpow number="0.6905898394321492"/>
            <maxpow number="0.6905898394321492"/>
            <fprob>0.0</fprob>
        </actor>
        <actor name="D0N38">
            <wcet number="0">20</wcet>
            <wcet number="1">40</wcet>
            <maxpow number="0.835105151000138"/>
            <maxpow number="0.835105151000138"/>
            <fprob>0.0</fprob>
        </actor>
        <actor name="D0N44">
            <wcet number="0">20</wcet>
            <wcet number="1">90</wcet>
            <maxpow number="0.6168236563152001"/>
            <maxpow number="0.6168236563152001"/>
            <fprob>0.0</fprob>
        </actor>
        <actor name="D0N43">
            <wcet number="0">70</wcet>
            <wcet number="1">70</wcet>
            <maxpow number="0.48117449089069597"/>
            <maxpow number="0.48117449089069597"/>
            <fprob>0.0</fprob>
        </actor>
        <actor name="D0N40">
            <wcet number="0">190</wcet>
            <wcet number="1">310</wcet>
            <maxpow number="0.3310748536232341"/>
            <maxpow number="0.3310748536232341"/>
            <fprob>0.0</fprob>
        </actor>
        <actor name="D0N42">
            <wcet number="0">160</wcet>
            <wcet number="1">230</wcet>
            <maxpow number="0.7913385992490511"/>
            <maxpow number="0.7913385992490511"/>
            <fprob>0.0</fprob>
        </actor>
        <actor name="D0N15">
            <wcet number="0">70</wcet>
            <wcet number="1">110</wcet>
            <maxpow number="0.7157948522596225"/>
            <maxpow number="0.7157948522596225"/>
            <fprob>0.0</fprob>
        </actor>
        <actor name="D0N0">
            <wcet number="0">190</wcet>
            <wcet number="1">240</wcet>
            <maxpow number="0.5036663054127237"/>
            <maxpow number="0.5036663054127237"/>
            <fprob>0.0</fprob>
        </actor>
        <actor name="D0N48">
            <wcet number="0">60</wcet>
            <wcet number="1">110</wcet>
            <maxpow number="0.9619531441341733"/>
            <maxpow number="0.9619531441341733"/>
            <fprob>0.0</fprob>
        </actor>
        <actor name="D0N47">
            <wcet number="0">20</wcet>
            <wcet number="1">40</wcet>
            <maxpow number="1.0102047223619945"/>
            <maxpow number="1.0102047223619945"/>
            <fprob>0.0</fprob>
        </actor>
        <actor name="D0N4">
            <wcet number="0">40</wcet>
            <wcet number="1">70</wcet>
            <maxpow number="0.4774538828053329"/>
            <maxpow number="0.4774538828053329"/>
            <fprob>0.0</fprob>
        </actor>
        <actor name="D0N32">
            <wcet number="0">20</wcet>
            <wcet number="1">30</wcet>
            <maxpow number="0.6334590440382579"/>
            <maxpow number="0.6334590440382579"/>
            <fprob>0.0</fprob>
        </actor>
        <actor name="D0N11">
            <wcet number="0">40</wcet>
            <wcet number="1">80</wcet>
            <maxpow number="0.27577292898922096"/>
            <maxpow number="0.27577292898922096"/>
            <fprob>0.0</fprob>
        </actor>
        <actor name="D0N2">
            <wcet number="0">10</wcet>
            <wcet number="1">10</wcet>
            <maxpow number="0.3887987470349622"/>
            <maxpow number="0.3887987470349622"/>
            <fprob>0.0</fprob>
        </actor>
        <actor name="D0N45">
            <wcet number="0">80</wcet>
            <wcet number="1">130</wcet>
            <maxpow number="0.623395226781627"/>
            <maxpow number="0.623395226781627"/>
            <fprob>0.0</fprob>
        </actor>
        <actor name="D0N19">
            <wcet number="0">20</wcet>
            <wcet number="1">30</wcet>
            <maxpow number="0.20626988780000394"/>
            <maxpow number="0.20626988780000394"/>
            <fprob>0.0</fprob>
        </actor>
        <ports>
            <port dstActor="D0N48" name="p0" srcActor="D0N14"/>
            <port dstActor="D0N31" name="p1" srcActor="D0N14"/>
            <port dstActor="D0N46" name="p2" srcActor="D0N14"/>
            <port dstActor="D0N45" name="p3" srcActor="D0N20"/>
            <port dstActor="D0N34" name="p4" srcActor="D0N20"/>
            <port dstActor="D0N30" name="p5" srcActor="D0N20"/>
            <port dstActor="D0N6" name="p6" srcActor="D0N5"/>
            <port dstActor="D0N32" name="p7" srcActor="D0N5"/>
            <port dstActor="D0N36" name="p8" srcActor="D0N5"/>
            <port dstActor="D0N29" name="p9" srcActor="D0N5"/>
            <port dstActor="D0N23" name="p10" srcActor="D0N5"/>
            <port dstActor="D0N6" name="p11" srcActor="D0N3"/>
            <port dstActor="D0N15" name="p12" srcActor="D0N3"/>
            <port dstActor="D0N11" name="p13" srcActor="D0N1"/>
            <port dstActor="D0N24" name="p14" srcActor="D0N1"/>
            <port dstActor="D0N30" name="p15" srcActor="D0N1"/>
            <port dstActor="D0N31" name="p16" srcActor="D0N1"/>
            <port dstActor="D0N17" name="p17" srcActor="D0N1"/>
            <port dstActor="D0N27" name="p18" srcActor="D0N1"/>
            <port dstActor="D0N34" name="p19" srcActor="D0N1"/>
            <port dstActor="D0N35" name="p20" srcActor="D0N25"/>
            <port dstActor="D0N49" name="p21" srcActor="D0N25"/>
            <port dstActor="D0N28" name="p22" srcActor="D0N25"/>
            <port dstActor="D0N21" name="p23" srcActor="D0N10"/>
            <port dstActor="D0N37" name="p24" srcActor="D0N10"/>
            <port dstActor="D0N13" name="p25" srcActor="D0N10"/>
            <port dstActor="D0N45" name="p26" srcActor="D0N10"/>
            <port dstActor="D0N31" name="p27" srcActor="D0N10"/>
            <port dstActor="D0N22" name="p28" srcActor="D0N10"/>
            <port dstActor="D0N33" name="p29" srcActor="D0N7"/>
            <port dstActor="D0N19" name="p30" srcActor="D0N8"/>
            <port dstActor="D0N49" name="p31" srcActor="D0N8"/>
            <port dstActor="D0N20" name="p32" srcActor="D0N8"/>
            <port dstActor="D0N30" name="p33" srcActor="D0N8"/>
            <port dstActor="D0N18" name="p34" srcActor="D0N8"/>
            <port dstActor="D0N35" name="p35" srcActor="D0N34"/>
            <port dstActor="D0N38" name="p36" srcActor="D0N34"/>
            <port dstActor="D0N36" name="p37" srcActor="D0N35"/>
            <port dstActor="D0N48" name="p38" srcActor="D0N35"/>
            <port dstActor="D0N46" name="p39" srcActor="D0N35"/>
            <port dstActor="D0N41" name="p40" srcActor="D0N27"/>
            <port dstActor="D0N45" name="p41" srcActor="D0N17"/>
            <port dstActor="D0N42" name="p42" srcActor="D0N17"/>
            <port dstActor="D0N33" name="p43" srcActor="D0N30"/>
            <port dstActor="D0N34" name="p44" srcActor="D0N30"/>
            <port dstActor="D0N30" name="p45" srcActor="D0N18"/>
            <port dstActor="D0N23" name="p46" srcActor="D0N18"/>
            <port dstActor="D0N30" name="p47" srcActor="D0N21"/>
            <port dstActor="D0N48" name="p48" srcActor="D0N21"/>
            <port dstActor="D0N43" name="p49" srcActor="D0N24"/>
            <port dstActor="D0N38" name="p50" srcActor="D0N24"/>
            <port dstActor="D0N19" name="p51" srcActor="D0N16"/>
            <port dstActor="D0N38" name="p52" srcActor="D0N33"/>
            <port dstActor="D0N46" name="p53" srcActor="D0N33"/>
            <port dstActor="D0N32" name="p54" srcActor="D0N28"/>
            <port dstActor="D0N37" name="p55" srcActor="D0N28"/>
            <port dstActor="D0N35" name="p56" srcActor="D0N28"/>
            <port dstActor="D0N36" name="p57" srcActor="D0N23"/>
            <port dstActor="D0N41" name="p58" srcActor="D0N23"/>
            <port dstActor="D0N49" name="p59" srcActor="D0N23"/>
            <port dstActor="D0N35" name="p60" srcActor="D0N12"/>
            <port dstActor="D0N15" name="p61" srcActor="D0N12"/>
            <port dstActor="D0N25" name="p62" srcActor="D0N12"/>
            <port dstActor="D0N36" name="p63" srcActor="D0N12"/>
            <port dstActor="D0N33" name="p64" srcActor="D0N12"/>
            <port dstActor="D0N18" name="p65" srcActor="D0N12"/>
            <port dstActor="D0N29" name="p66" srcActor="D0N12"/>
            <port dstActor="D0N13" name="p67" srcActor="D0N6"/>
            <port dstActor="D0N12" name="p68" srcActor="D0N6"/>
            <port dstActor="D0N37" name="p69" srcActor="D0N6"/>
            <port dstActor="D0N41" name="p70" srcActor="D0N6"/>
            <port dstActor="D0N31" name="p71" srcActor="D0N9"/>
            <port dstActor="D0N39" name="p72" srcActor="D0N9"/>
            <port dstActor="D0N35" name="p73" srcActor="D0N9"/>
            <port dstActor="D0N38" name="p74" srcActor="D0N9"/>
            <port dstActor="D0N38" name="p75" srcActor="D0N29"/>
            <port dstActor="D0N35" name="p76" srcActor="D0N29"/>
            <port dstActor="D0N45" name="p77" srcActor="D0N38"/>
            <port dstActor="D0N47" name="p78" srcActor="D0N44"/>
            <port dstActor="D0N48" name="p79" srcActor="D0N40"/>
            <port dstActor="D0N48" name="p80" srcActor="D0N42"/>
            <port dstActor="D0N21" name="p81" srcActor="D0N15"/>
            <port dstActor="D0N20" name="p82" srcActor="D0N15"/>
            <port dstActor="D0N29" name="p83" srcActor="D0N15"/>
            <port dstActor="D0N46" name="p84" srcActor="D0N15"/>
            <port dstActor="D0N22" name="p85" srcActor="D0N0"/>
            <port dstActor="D0N41" name="p86" srcActor="D0N0"/>
            <port dstActor="D0N44" name="p87" srcActor="D0N0"/>
            <port dstActor="D0N49" name="p88" srcActor="D0N0"/>
            <port dstActor="D0N33" name="p89" srcActor="D0N0"/>
            <port dstActor="D0N25" name="p90" srcActor="D0N4"/>
            <port dstActor="D0N40" name="p91" srcActor="D0N4"/>
            <port dstActor="D0N27" name="p92" srcActor="D0N4"/>
            <port dstActor="D0N7" name="p93" srcActor="D0N4"/>
            <port dstActor="D0N43" name="p94" srcActor="D0N4"/>
            <port dstActor="D0N39" name="p95" srcActor="D0N32"/>
            <port dstActor="D0N39" name="p96" srcActor="D0N11"/>
            <port dstActor="D0N14" name="p97" srcActor="D0N11"/>
            <port dstActor="D0N40" name="p98" srcActor="D0N11"/>
            <port dstActor="D0N15" name="p99" srcActor="D0N11"/>
            <port dstActor="D0N34" name="p100" srcActor="D0N11"/>
            <port dstActor="D0N35" name="p101" srcActor="D0N11"/>
            <port dstActor="D0N42" name="p102" srcActor="D0N11"/>
            <port dstActor="D0N7" name="p103" srcActor="D0N2"/>
            <port dstActor="D0N28" name="p104" srcActor="D0N2"/>
            <port dstActor="D0N6" name="p105" srcActor="D0N2"/>
            <port dstActor="D0N44" name="p106" srcActor="D0N2"/>
            <port dstActor="D0N23" name="p107" srcActor="D0N2"/>
            <port dstActor="D0N4" name="p108" srcActor="D0N2"/>
            <port dstActor="D0N30" name="p109" srcActor="D0N19"/>
            <port dstActor="D0N21" name="p110" srcActor="D0N19"/>
        </ports>
    </mcdag>
    <cores number="3"/>
    <levels number="2"/>
</mcsystem>
