<?xml version="1.0" encoding="UTF-8" standalone="no"?>
<mcsystem>
    <mcdag deadline="5000" name="genned-0-ed-10.0-0">
        <actor name="D0N6">
            <wcet number="0">10</wcet>
            <wcet number="1">90</wcet>
            <maxpow number="0.4081015265224939"/>
            <maxpow number="0.4081015265224939"/>
            <fprob>0.0</fprob>
        </actor>
        <actor name="D0N12">
            <wcet number="0">50</wcet>
            <wcet number="1">170</wcet>
            <maxpow number="0.29643909092856296"/>
            <maxpow number="0.29643909092856296"/>
            <fprob>0.0</fprob>
        </actor>
        <actor name="D0N36">
            <wcet number="0">170</wcet>
            <wcet number="1">230</wcet>
            <maxpow number="0.7354634540397477"/>
            <maxpow number="0.7354634540397477"/>
            <fprob>0.0</fprob>
        </actor>
        <actor name="D0N2">
            <wcet number="0">260</wcet>
            <wcet number="1">410</wcet>
            <maxpow number="0.5955445482099191"/>
            <maxpow number="0.5955445482099191"/>
            <fprob>0.0</fprob>
        </actor>
        <actor name="D0N7">
            <wcet number="0">260</wcet>
            <wcet number="1">310</wcet>
            <maxpow number="0.48514533481044775"/>
            <maxpow number="0.48514533481044775"/>
            <fprob>0.0</fprob>
        </actor>
        <actor name="D0N34">
            <wcet number="0">10</wcet>
            <wcet number="1">10</wcet>
            <maxpow number="0.8813578767621342"/>
            <maxpow number="0.8813578767621342"/>
            <fprob>0.0</fprob>
        </actor>
        <actor name="D0N18">
            <wcet number="0">60</wcet>
            <wcet number="1">70</wcet>
            <maxpow number="0.8510253576924984"/>
            <maxpow number="0.8510253576924984"/>
            <fprob>0.0</fprob>
        </actor>
        <actor name="D0N11">
            <wcet number="0">40</wcet>
            <wcet number="1">140</wcet>
            <maxpow number="0.5599555055446692"/>
            <maxpow number="0.5599555055446692"/>
            <fprob>0.0</fprob>
        </actor>
        <actor name="D0N32">
            <wcet number="0">70</wcet>
            <wcet number="1">110</wcet>
            <maxpow number="0.6148684773066659"/>
            <maxpow number="0.6148684773066659"/>
            <fprob>0.0</fprob>
        </actor>
        <actor name="D0N42">
            <wcet number="0">230</wcet>
            <wcet number="1">270</wcet>
            <maxpow number="0.7424485189376309"/>
            <maxpow number="0.7424485189376309"/>
            <fprob>0.0</fprob>
        </actor>
        <actor name="D0N1">
            <wcet number="0">400</wcet>
            <wcet number="1">430</wcet>
            <maxpow number="0.951447672382868"/>
            <maxpow number="0.951447672382868"/>
            <fprob>0.0</fprob>
        </actor>
        <actor name="D0N37">
            <wcet number="0">30</wcet>
            <wcet number="1">50</wcet>
            <maxpow number="0.5710629171108756"/>
            <maxpow number="0.5710629171108756"/>
            <fprob>0.0</fprob>
        </actor>
        <actor name="D0N27">
            <wcet number="0">50</wcet>
            <wcet number="1">250</wcet>
            <maxpow number="0.49816699619009897"/>
            <maxpow number="0.49816699619009897"/>
            <fprob>0.0</fprob>
        </actor>
        <actor name="D0N3">
            <wcet number="0">80</wcet>
            <wcet number="1">80</wcet>
            <maxpow number="0.3932100804143641"/>
            <maxpow number="0.3932100804143641"/>
            <fprob>0.0</fprob>
        </actor>
        <actor name="D0N30">
            <wcet number="0">40</wcet>
            <wcet number="1">240</wcet>
            <maxpow number="0.7748688476964176"/>
            <maxpow number="0.7748688476964176"/>
            <fprob>0.0</fprob>
        </actor>
        <actor name="D0N40">
            <wcet number="0">20</wcet>
            <wcet number="1">20</wcet>
            <maxpow number="0.4997576257224459"/>
            <maxpow number="0.4997576257224459"/>
            <fprob>0.0</fprob>
        </actor>
        <actor name="D0N13">
            <wcet number="0">100</wcet>
            <wcet number="1">340</wcet>
            <maxpow number="0.29300574349402325"/>
            <maxpow number="0.29300574349402325"/>
            <fprob>0.0</fprob>
        </actor>
        <actor name="D0N38">
            <wcet number="0">20</wcet>
            <wcet number="1">140</wcet>
            <maxpow number="0.4283559205321858"/>
            <maxpow number="0.4283559205321858"/>
            <fprob>0.0</fprob>
        </actor>
        <actor name="D0N28">
            <wcet number="0">70</wcet>
            <wcet number="1">340</wcet>
            <maxpow number="0.5220569139960126"/>
            <maxpow number="0.5220569139960126"/>
            <fprob>0.0</fprob>
        </actor>
        <actor name="D0N31">
            <wcet number="0">50</wcet>
            <wcet number="1">110</wcet>
            <maxpow number="0.6575861453441127"/>
            <maxpow number="0.6575861453441127"/>
            <fprob>0.0</fprob>
        </actor>
        <actor name="D0N49">
            <wcet number="0">10</wcet>
            <wcet number="1">40</wcet>
            <maxpow number="0.45997283173066045"/>
            <maxpow number="0.45997283173066045"/>
            <fprob>0.0</fprob>
        </actor>
        <actor name="D0N5">
            <wcet number="0">590</wcet>
            <wcet number="1">990</wcet>
            <maxpow number="0.5408638968434543"/>
            <maxpow number="0.5408638968434543"/>
            <fprob>0.0</fprob>
        </actor>
        <actor name="D0N4">
            <wcet number="0">10</wcet>
            <wcet number="1">60</wcet>
            <maxpow number="0.4962065383957954"/>
            <maxpow number="0.4962065383957954"/>
            <fprob>0.0</fprob>
        </actor>
        <actor name="D0N15">
            <wcet number="0">100</wcet>
            <wcet number="1">160</wcet>
            <maxpow number="0.7278144335036655"/>
            <maxpow number="0.7278144335036655"/>
            <fprob>0.0</fprob>
        </actor>
        <actor name="D0N29">
            <wcet number="0">60</wcet>
            <wcet number="1">260</wcet>
            <maxpow number="0.4709034535155241"/>
            <maxpow number="0.4709034535155241"/>
            <fprob>0.0</fprob>
        </actor>
        <actor name="D0N45">
            <wcet number="0">10</wcet>
            <wcet number="1">10</wcet>
            <maxpow number="0.5037504534982705"/>
            <maxpow number="0.5037504534982705"/>
            <fprob>0.0</fprob>
        </actor>
        <actor name="D0N10">
            <wcet number="0">60</wcet>
            <wcet number="1">440</wcet>
            <maxpow number="0.5353571986585766"/>
            <maxpow number="0.5353571986585766"/>
            <fprob>0.0</fprob>
        </actor>
        <actor name="D0N22">
            <wcet number="0">20</wcet>
            <wcet number="1">330</wcet>
            <maxpow number="0.5484577796470258"/>
            <maxpow number="0.5484577796470258"/>
            <fprob>0.0</fprob>
        </actor>
        <actor name="D0N43">
            <wcet number="0">10</wcet>
            <wcet number="1">20</wcet>
            <maxpow number="0.7509053690313089"/>
            <maxpow number="0.7509053690313089"/>
            <fprob>0.0</fprob>
        </actor>
        <actor name="D0N25">
            <wcet number="0">40</wcet>
            <wcet number="1">40</wcet>
            <maxpow number="0.5835725867722605"/>
            <maxpow number="0.5835725867722605"/>
            <fprob>0.0</fprob>
        </actor>
        <actor name="D0N0">
            <wcet number="0">40</wcet>
            <wcet number="1">70</wcet>
            <maxpow number="0.5029920202895363"/>
            <maxpow number="0.5029920202895363"/>
            <fprob>0.0</fprob>
        </actor>
        <actor name="D0N48">
            <wcet number="0">230</wcet>
            <wcet number="1">1250</wcet>
            <maxpow number="0.4511267966655175"/>
            <maxpow number="0.4511267966655175"/>
            <fprob>0.0</fprob>
        </actor>
        <actor name="D0N47">
            <wcet number="0">980</wcet>
            <wcet number="1">1040</wcet>
            <maxpow number="0.41019464556260465"/>
            <maxpow number="0.41019464556260465"/>
            <fprob>0.0</fprob>
        </actor>
        <actor name="D0N9">
            <wcet number="0">110</wcet>
            <wcet number="1">260</wcet>
            <maxpow number="0.618211056911604"/>
            <maxpow number="0.618211056911604"/>
            <fprob>0.0</fprob>
        </actor>
        <actor name="D0N23">
            <wcet number="0">160</wcet>
            <wcet number="1">230</wcet>
            <maxpow number="0.30798653847444674"/>
            <maxpow number="0.30798653847444674"/>
            <fprob>0.0</fprob>
        </actor>
        <actor name="D0N21">
            <wcet number="0">440</wcet>
            <wcet number="1">570</wcet>
            <maxpow number="0.5099104917389867"/>
            <maxpow number="0.5099104917389867"/>
            <fprob>0.0</fprob>
        </actor>
        <actor name="D0N16">
            <wcet number="0">10</wcet>
            <wcet number="1">30</wcet>
            <maxpow number="0.3544445736040851"/>
            <maxpow number="0.3544445736040851"/>
            <fprob>0.0</fprob>
        </actor>
        <actor name="D0N35">
            <wcet number="0">160</wcet>
            <wcet number="1">610</wcet>
            <maxpow number="0.6798430223229357"/>
            <maxpow number="0.6798430223229357"/>
            <fprob>0.0</fprob>
        </actor>
        <actor name="D0N20">
            <wcet number="0">1160</wcet>
            <wcet number="1">1180</wcet>
            <maxpow number="0.6633220627540946"/>
            <maxpow number="0.6633220627540946"/>
            <fprob>0.0</fprob>
        </actor>
        <actor name="D0N33">
            <wcet number="0">20</wcet>
            <wcet number="1">30</wcet>
            <maxpow number="0.6882968901250354"/>
            <maxpow number="0.6882968901250354"/>
            <fprob>0.0</fprob>
        </actor>
        <actor name="D0N26">
            <wcet number="0">10</wcet>
            <wcet number="1">20</wcet>
            <maxpow number="0.7242756690620874"/>
            <maxpow number="0.7242756690620874"/>
            <fprob>0.0</fprob>
        </actor>
        <actor name="D0N24">
            <wcet number="0">200</wcet>
            <wcet number="1">210</wcet>
            <maxpow number="0.2318535301090635"/>
            <maxpow number="0.2318535301090635"/>
            <fprob>0.0</fprob>
        </actor>
        <actor name="D0N41">
            <wcet number="0">20</wcet>
            <wcet number="1">20</wcet>
            <maxpow number="0.3912021345043924"/>
            <maxpow number="0.3912021345043924"/>
            <fprob>0.0</fprob>
        </actor>
        <actor name="D0N39">
            <wcet number="0">160</wcet>
            <wcet number="1">180</wcet>
            <maxpow number="0.5912478408170291"/>
            <maxpow number="0.5912478408170291"/>
            <fprob>0.0</fprob>
        </actor>
        <actor name="D0N46">
            <wcet number="0">20</wcet>
            <wcet number="1">170</wcet>
            <maxpow number="0.6774605780547369"/>
            <maxpow number="0.6774605780547369"/>
            <fprob>0.0</fprob>
        </actor>
        <actor name="D0N19">
            <wcet number="0">100</wcet>
            <wcet number="1">100</wcet>
            <maxpow number="0.7313878294963895"/>
            <maxpow number="0.7313878294963895"/>
            <fprob>0.0</fprob>
        </actor>
        <actor name="D0N14">
            <wcet number="0">40</wcet>
            <wcet number="1">40</wcet>
            <maxpow number="0.3803408532634271"/>
            <maxpow number="0.3803408532634271"/>
            <fprob>0.0</fprob>
        </actor>
        <actor name="D0N8">
            <wcet number="0">160</wcet>
            <wcet number="1">300</wcet>
            <maxpow number="0.49277632709391983"/>
            <maxpow number="0.49277632709391983"/>
            <fprob>0.0</fprob>
        </actor>
        <actor name="D0N44">
            <wcet number="0">170</wcet>
            <wcet number="1">380</wcet>
            <maxpow number="0.6881546664577622"/>
            <maxpow number="0.6881546664577622"/>
            <fprob>0.0</fprob>
        </actor>
        <actor name="D0N17">
            <wcet number="0">30</wcet>
            <wcet number="1">150</wcet>
            <maxpow number="0.40437086970088415"/>
            <maxpow number="0.40437086970088415"/>
            <fprob>0.0</fprob>
        </actor>
        <ports>
            <port dstActor="D0N24" name="p0" srcActor="D0N6"/>
            <port dstActor="D0N39" name="p1" srcActor="D0N6"/>
            <port dstActor="D0N44" name="p2" srcActor="D0N6"/>
            <port dstActor="D0N47" name="p3" srcActor="D0N6"/>
            <port dstActor="D0N16" name="p4" srcActor="D0N12"/>
            <port dstActor="D0N19" name="p5" srcActor="D0N12"/>
            <port dstActor="D0N37" name="p6" srcActor="D0N36"/>
            <port dstActor="D0N39" name="p7" srcActor="D0N36"/>
            <port dstActor="D0N23" name="p8" srcActor="D0N2"/>
            <port dstActor="D0N19" name="p9" srcActor="D0N2"/>
            <port dstActor="D0N39" name="p10" srcActor="D0N2"/>
            <port dstActor="D0N33" name="p11" srcActor="D0N2"/>
            <port dstActor="D0N10" name="p12" srcActor="D0N2"/>
            <port dstActor="D0N12" name="p13" srcActor="D0N7"/>
            <port dstActor="D0N11" name="p14" srcActor="D0N7"/>
            <port dstActor="D0N44" name="p15" srcActor="D0N7"/>
            <port dstActor="D0N42" name="p16" srcActor="D0N7"/>
            <port dstActor="D0N43" name="p17" srcActor="D0N7"/>
            <port dstActor="D0N13" name="p18" srcActor="D0N7"/>
            <port dstActor="D0N32" name="p19" srcActor="D0N7"/>
            <port dstActor="D0N46" name="p20" srcActor="D0N34"/>
            <port dstActor="D0N24" name="p21" srcActor="D0N18"/>
            <port dstActor="D0N45" name="p22" srcActor="D0N18"/>
            <port dstActor="D0N37" name="p23" srcActor="D0N18"/>
            <port dstActor="D0N48" name="p24" srcActor="D0N18"/>
            <port dstActor="D0N25" name="p25" srcActor="D0N11"/>
            <port dstActor="D0N16" name="p26" srcActor="D0N11"/>
            <port dstActor="D0N42" name="p27" srcActor="D0N11"/>
            <port dstActor="D0N15" name="p28" srcActor="D0N11"/>
            <port dstActor="D0N17" name="p29" srcActor="D0N11"/>
            <port dstActor="D0N49" name="p30" srcActor="D0N42"/>
            <port dstActor="D0N5" name="p31" srcActor="D0N1"/>
            <port dstActor="D0N9" name="p32" srcActor="D0N1"/>
            <port dstActor="D0N24" name="p33" srcActor="D0N1"/>
            <port dstActor="D0N14" name="p34" srcActor="D0N1"/>
            <port dstActor="D0N16" name="p35" srcActor="D0N1"/>
            <port dstActor="D0N40" name="p36" srcActor="D0N37"/>
            <port dstActor="D0N29" name="p37" srcActor="D0N27"/>
            <port dstActor="D0N28" name="p38" srcActor="D0N27"/>
            <port dstActor="D0N49" name="p39" srcActor="D0N27"/>
            <port dstActor="D0N40" name="p40" srcActor="D0N27"/>
            <port dstActor="D0N28" name="p41" srcActor="D0N3"/>
            <port dstActor="D0N8" name="p42" srcActor="D0N3"/>
            <port dstActor="D0N39" name="p43" srcActor="D0N3"/>
            <port dstActor="D0N22" name="p44" srcActor="D0N3"/>
            <port dstActor="D0N12" name="p45" srcActor="D0N3"/>
            <port dstActor="D0N5" name="p46" srcActor="D0N3"/>
            <port dstActor="D0N17" name="p47" srcActor="D0N3"/>
            <port dstActor="D0N34" name="p48" srcActor="D0N30"/>
            <port dstActor="D0N49" name="p49" srcActor="D0N30"/>
            <port dstActor="D0N37" name="p50" srcActor="D0N30"/>
            <port dstActor="D0N33" name="p51" srcActor="D0N30"/>
            <port dstActor="D0N42" name="p52" srcActor="D0N40"/>
            <port dstActor="D0N47" name="p53" srcActor="D0N40"/>
            <port dstActor="D0N48" name="p54" srcActor="D0N40"/>
            <port dstActor="D0N47" name="p55" srcActor="D0N13"/>
            <port dstActor="D0N43" name="p56" srcActor="D0N13"/>
            <port dstActor="D0N45" name="p57" srcActor="D0N13"/>
            <port dstActor="D0N16" name="p58" srcActor="D0N13"/>
            <port dstActor="D0N49" name="p59" srcActor="D0N28"/>
            <port dstActor="D0N38" name="p60" srcActor="D0N28"/>
            <port dstActor="D0N37" name="p61" srcActor="D0N31"/>
            <port dstActor="D0N38" name="p62" srcActor="D0N31"/>
            <port dstActor="D0N32" name="p63" srcActor="D0N31"/>
            <port dstActor="D0N28" name="p64" srcActor="D0N5"/>
            <port dstActor="D0N38" name="p65" srcActor="D0N5"/>
            <port dstActor="D0N40" name="p66" srcActor="D0N5"/>
            <port dstActor="D0N11" name="p67" srcActor="D0N5"/>
            <port dstActor="D0N27" name="p68" srcActor="D0N5"/>
            <port dstActor="D0N37" name="p69" srcActor="D0N5"/>
            <port dstActor="D0N13" name="p70" srcActor="D0N5"/>
            <port dstActor="D0N19" name="p71" srcActor="D0N5"/>
            <port dstActor="D0N42" name="p72" srcActor="D0N4"/>
            <port dstActor="D0N36" name="p73" srcActor="D0N15"/>
            <port dstActor="D0N16" name="p74" srcActor="D0N15"/>
            <port dstActor="D0N48" name="p75" srcActor="D0N15"/>
            <port dstActor="D0N22" name="p76" srcActor="D0N15"/>
            <port dstActor="D0N31" name="p77" srcActor="D0N15"/>
            <port dstActor="D0N45" name="p78" srcActor="D0N29"/>
            <port dstActor="D0N41" name="p79" srcActor="D0N29"/>
            <port dstActor="D0N16" name="p80" srcActor="D0N10"/>
            <port dstActor="D0N29" name="p81" srcActor="D0N10"/>
            <port dstActor="D0N33" name="p82" srcActor="D0N10"/>
            <port dstActor="D0N23" name="p83" srcActor="D0N10"/>
            <port dstActor="D0N37" name="p84" srcActor="D0N22"/>
            <port dstActor="D0N36" name="p85" srcActor="D0N22"/>
            <port dstActor="D0N46" name="p86" srcActor="D0N22"/>
            <port dstActor="D0N32" name="p87" srcActor="D0N22"/>
            <port dstActor="D0N44" name="p88" srcActor="D0N22"/>
            <port dstActor="D0N29" name="p89" srcActor="D0N25"/>
            <port dstActor="D0N46" name="p90" srcActor="D0N25"/>
            <port dstActor="D0N30" name="p91" srcActor="D0N25"/>
            <port dstActor="D0N9" name="p92" srcActor="D0N0"/>
            <port dstActor="D0N22" name="p93" srcActor="D0N0"/>
            <port dstActor="D0N4" name="p94" srcActor="D0N0"/>
            <port dstActor="D0N13" name="p95" srcActor="D0N0"/>
            <port dstActor="D0N29" name="p96" srcActor="D0N0"/>
            <port dstActor="D0N44" name="p97" srcActor="D0N0"/>
            <port dstActor="D0N49" name="p98" srcActor="D0N0"/>
            <port dstActor="D0N42" name="p99" srcActor="D0N0"/>
            <port dstActor="D0N24" name="p100" srcActor="D0N9"/>
            <port dstActor="D0N30" name="p101" srcActor="D0N9"/>
            <port dstActor="D0N16" name="p102" srcActor="D0N9"/>
            <port dstActor="D0N44" name="p103" srcActor="D0N23"/>
            <port dstActor="D0N39" name="p104" srcActor="D0N23"/>
            <port dstActor="D0N18" name="p105" srcActor="D0N16"/>
            <port dstActor="D0N29" name="p106" srcActor="D0N16"/>
            <port dstActor="D0N36" name="p107" srcActor="D0N16"/>
            <port dstActor="D0N48" name="p108" srcActor="D0N16"/>
            <port dstActor="D0N41" name="p109" srcActor="D0N35"/>
            <port dstActor="D0N28" name="p110" srcActor="D0N20"/>
            <port dstActor="D0N24" name="p111" srcActor="D0N20"/>
            <port dstActor="D0N39" name="p112" srcActor="D0N20"/>
            <port dstActor="D0N49" name="p113" srcActor="D0N20"/>
            <port dstActor="D0N45" name="p114" srcActor="D0N33"/>
            <port dstActor="D0N43" name="p115" srcActor="D0N33"/>
            <port dstActor="D0N39" name="p116" srcActor="D0N33"/>
            <port dstActor="D0N36" name="p117" srcActor="D0N33"/>
            <port dstActor="D0N42" name="p118" srcActor="D0N26"/>
            <port dstActor="D0N28" name="p119" srcActor="D0N24"/>
            <port dstActor="D0N30" name="p120" srcActor="D0N24"/>
            <port dstActor="D0N26" name="p121" srcActor="D0N24"/>
            <port dstActor="D0N45" name="p122" srcActor="D0N39"/>
            <port dstActor="D0N44" name="p123" srcActor="D0N39"/>
            <port dstActor="D0N32" name="p124" srcActor="D0N19"/>
            <port dstActor="D0N43" name="p125" srcActor="D0N19"/>
            <port dstActor="D0N49" name="p126" srcActor="D0N19"/>
            <port dstActor="D0N46" name="p127" srcActor="D0N14"/>
            <port dstActor="D0N20" name="p128" srcActor="D0N14"/>
            <port dstActor="D0N40" name="p129" srcActor="D0N14"/>
            <port dstActor="D0N15" name="p130" srcActor="D0N14"/>
            <port dstActor="D0N43" name="p131" srcActor="D0N14"/>
            <port dstActor="D0N23" name="p132" srcActor="D0N8"/>
            <port dstActor="D0N25" name="p133" srcActor="D0N8"/>
            <port dstActor="D0N20" name="p134" srcActor="D0N8"/>
            <port dstActor="D0N30" name="p135" srcActor="D0N8"/>
            <port dstActor="D0N21" name="p136" srcActor="D0N8"/>
            <port dstActor="D0N39" name="p137" srcActor="D0N8"/>
            <port dstActor="D0N13" name="p138" srcActor="D0N8"/>
            <port dstActor="D0N20" name="p139" srcActor="D0N17"/>
            <port dstActor="D0N44" name="p140" srcActor="D0N17"/>
            <port dstActor="D0N19" name="p141" srcActor="D0N17"/>
            <port dstActor="D0N40" name="p142" srcActor="D0N17"/>
            <port dstActor="D0N34" name="p143" srcActor="D0N17"/>
        </ports>
    </mcdag>
    <cores number="3"/>
    <levels number="2"/>
</mcsystem>
