<?xml version="1.0" encoding="UTF-8" standalone="no"?>
<mcsystem>
    <mcdag deadline="1500" name="genned-0-ed-10.0-0">
        <actor name="D0N23">
            <wcet number="0">30</wcet>
            <wcet number="1">100</wcet>
            <maxpow number="0.6148683344908646"/>
            <maxpow number="0.6148683344908646"/>
            <fprob>0.0</fprob>
        </actor>
        <actor name="D0N41">
            <wcet number="0">130</wcet>
            <wcet number="1">150</wcet>
            <maxpow number="0.7409848631655555"/>
            <maxpow number="0.7409848631655555"/>
            <fprob>0.0</fprob>
        </actor>
        <actor name="D0N25">
            <wcet number="0">90</wcet>
            <wcet number="1">110</wcet>
            <maxpow number="0.5162440749853603"/>
            <maxpow number="0.5162440749853603"/>
            <fprob>0.0</fprob>
        </actor>
        <actor name="D0N35">
            <wcet number="0">60</wcet>
            <wcet number="1">60</wcet>
            <maxpow number="0.7647811634537529"/>
            <maxpow number="0.7647811634537529"/>
            <fprob>0.0</fprob>
        </actor>
        <actor name="D0N0">
            <wcet number="0">140</wcet>
            <wcet number="1">250</wcet>
            <maxpow number="0.7655021376938094"/>
            <maxpow number="0.7655021376938094"/>
            <fprob>0.0</fprob>
        </actor>
        <actor name="D0N16">
            <wcet number="0">90</wcet>
            <wcet number="1">170</wcet>
            <maxpow number="0.6788090820204611"/>
            <maxpow number="0.6788090820204611"/>
            <fprob>0.0</fprob>
        </actor>
        <actor name="D0N17">
            <wcet number="0">50</wcet>
            <wcet number="1">120</wcet>
            <maxpow number="0.7424430050206872"/>
            <maxpow number="0.7424430050206872"/>
            <fprob>0.0</fprob>
        </actor>
        <actor name="D0N42">
            <wcet number="0">90</wcet>
            <wcet number="1">160</wcet>
            <maxpow number="0.723080212104831"/>
            <maxpow number="0.723080212104831"/>
            <fprob>0.0</fprob>
        </actor>
        <actor name="D0N21">
            <wcet number="0">80</wcet>
            <wcet number="1">170</wcet>
            <maxpow number="0.42032220354134"/>
            <maxpow number="0.42032220354134"/>
            <fprob>0.0</fprob>
        </actor>
        <actor name="D0N10">
            <wcet number="0">10</wcet>
            <wcet number="1">10</wcet>
            <maxpow number="0.6046921120208834"/>
            <maxpow number="0.6046921120208834"/>
            <fprob>0.0</fprob>
        </actor>
        <actor name="D0N36">
            <wcet number="0">10</wcet>
            <wcet number="1">20</wcet>
            <maxpow number="0.4462852069024219"/>
            <maxpow number="0.4462852069024219"/>
            <fprob>0.0</fprob>
        </actor>
        <actor name="D0N27">
            <wcet number="0">40</wcet>
            <wcet number="1">190</wcet>
            <maxpow number="0.6635660053544067"/>
            <maxpow number="0.6635660053544067"/>
            <fprob>0.0</fprob>
        </actor>
        <actor name="D0N13">
            <wcet number="0">20</wcet>
            <wcet number="1">20</wcet>
            <maxpow number="0.6423261081323879"/>
            <maxpow number="0.6423261081323879"/>
            <fprob>0.0</fprob>
        </actor>
        <actor name="D0N7">
            <wcet number="0">30</wcet>
            <wcet number="1">40</wcet>
            <maxpow number="0.8754768269245301"/>
            <maxpow number="0.8754768269245301"/>
            <fprob>0.0</fprob>
        </actor>
        <actor name="D0N9">
            <wcet number="0">10</wcet>
            <wcet number="1">60</wcet>
            <maxpow number="0.7623034521610117"/>
            <maxpow number="0.7623034521610117"/>
            <fprob>0.0</fprob>
        </actor>
        <actor name="D0N29">
            <wcet number="0">20</wcet>
            <wcet number="1">30</wcet>
            <maxpow number="0.13746358104934903"/>
            <maxpow number="0.13746358104934903"/>
            <fprob>0.0</fprob>
        </actor>
        <actor name="D0N5">
            <wcet number="0">150</wcet>
            <wcet number="1">150</wcet>
            <maxpow number="0.40080366666864203"/>
            <maxpow number="0.40080366666864203"/>
            <fprob>0.0</fprob>
        </actor>
        <actor name="D0N46">
            <wcet number="0">70</wcet>
            <wcet number="1">100</wcet>
            <maxpow number="0.4020558479543401"/>
            <maxpow number="0.4020558479543401"/>
            <fprob>0.0</fprob>
        </actor>
        <actor name="D0N6">
            <wcet number="0">50</wcet>
            <wcet number="1">70</wcet>
            <maxpow number="0.9106029147697068"/>
            <maxpow number="0.9106029147697068"/>
            <fprob>0.0</fprob>
        </actor>
        <actor name="D0N32">
            <wcet number="0">10</wcet>
            <wcet number="1">10</wcet>
            <maxpow number="0.6565167124040461"/>
            <maxpow number="0.6565167124040461"/>
            <fprob>0.0</fprob>
        </actor>
        <actor name="D0N47">
            <wcet number="0">30</wcet>
            <wcet number="1">50</wcet>
            <maxpow number="0.5959022478923574"/>
            <maxpow number="0.5959022478923574"/>
            <fprob>0.0</fprob>
        </actor>
        <actor name="D0N37">
            <wcet number="0">10</wcet>
            <wcet number="1">70</wcet>
            <maxpow number="1.0225152741730175"/>
            <maxpow number="1.0225152741730175"/>
            <fprob>0.0</fprob>
        </actor>
        <actor name="D0N4">
            <wcet number="0">10</wcet>
            <wcet number="1">10</wcet>
            <maxpow number="0.7544215926433915"/>
            <maxpow number="0.7544215926433915"/>
            <fprob>0.0</fprob>
        </actor>
        <actor name="D0N45">
            <wcet number="0">30</wcet>
            <wcet number="1">40</wcet>
            <maxpow number="0.5710692075598439"/>
            <maxpow number="0.5710692075598439"/>
            <fprob>0.0</fprob>
        </actor>
        <actor name="D0N12">
            <wcet number="0">10</wcet>
            <wcet number="1">20</wcet>
            <maxpow number="0.2940867208129729"/>
            <maxpow number="0.2940867208129729"/>
            <fprob>0.0</fprob>
        </actor>
        <actor name="D0N11">
            <wcet number="0">40</wcet>
            <wcet number="1">40</wcet>
            <maxpow number="0.62762367074003"/>
            <maxpow number="0.62762367074003"/>
            <fprob>0.0</fprob>
        </actor>
        <actor name="D0N14">
            <wcet number="0">80</wcet>
            <wcet number="1">90</wcet>
            <maxpow number="0.3629512013120214"/>
            <maxpow number="0.3629512013120214"/>
            <fprob>0.0</fprob>
        </actor>
        <actor name="D0N30">
            <wcet number="0">50</wcet>
            <wcet number="1">180</wcet>
            <maxpow number="0.5936847470208105"/>
            <maxpow number="0.5936847470208105"/>
            <fprob>0.0</fprob>
        </actor>
        <actor name="D0N19">
            <wcet number="0">20</wcet>
            <wcet number="1">50</wcet>
            <maxpow number="0.24730047336476074"/>
            <maxpow number="0.24730047336476074"/>
            <fprob>0.0</fprob>
        </actor>
        <actor name="D0N43">
            <wcet number="0">30</wcet>
            <wcet number="1">60</wcet>
            <maxpow number="0.35139688871400443"/>
            <maxpow number="0.35139688871400443"/>
            <fprob>0.0</fprob>
        </actor>
        <actor name="D0N34">
            <wcet number="0">10</wcet>
            <wcet number="1">20</wcet>
            <maxpow number="0.526817113517983"/>
            <maxpow number="0.526817113517983"/>
            <fprob>0.0</fprob>
        </actor>
        <actor name="D0N44">
            <wcet number="0">80</wcet>
            <wcet number="1">90</wcet>
            <maxpow number="0.6334258049843767"/>
            <maxpow number="0.6334258049843767"/>
            <fprob>0.0</fprob>
        </actor>
        <actor name="D0N39">
            <wcet number="0">90</wcet>
            <wcet number="1">110</wcet>
            <maxpow number="0.6607247967381331"/>
            <maxpow number="0.6607247967381331"/>
            <fprob>0.0</fprob>
        </actor>
        <actor name="D0N18">
            <wcet number="0">40</wcet>
            <wcet number="1">50</wcet>
            <maxpow number="0.6992284539563629"/>
            <maxpow number="0.6992284539563629"/>
            <fprob>0.0</fprob>
        </actor>
        <actor name="D0N31">
            <wcet number="0">20</wcet>
            <wcet number="1">50</wcet>
            <maxpow number="0.4114394314896961"/>
            <maxpow number="0.4114394314896961"/>
            <fprob>0.0</fprob>
        </actor>
        <actor name="D0N22">
            <wcet number="0">110</wcet>
            <wcet number="1">130</wcet>
            <maxpow number="0.3601612164627972"/>
            <maxpow number="0.3601612164627972"/>
            <fprob>0.0</fprob>
        </actor>
        <actor name="D0N8">
            <wcet number="0">30</wcet>
            <wcet number="1">70</wcet>
            <maxpow number="0.5835018883718874"/>
            <maxpow number="0.5835018883718874"/>
            <fprob>0.0</fprob>
        </actor>
        <actor name="D0N15">
            <wcet number="0">20</wcet>
            <wcet number="1">260</wcet>
            <maxpow number="0.4479496217889508"/>
            <maxpow number="0.4479496217889508"/>
            <fprob>0.0</fprob>
        </actor>
        <actor name="D0N3">
            <wcet number="0">30</wcet>
            <wcet number="1">210</wcet>
            <maxpow number="0.6058955623033787"/>
            <maxpow number="0.6058955623033787"/>
            <fprob>0.0</fprob>
        </actor>
        <actor name="D0N28">
            <wcet number="0">170</wcet>
            <wcet number="1">190</wcet>
            <maxpow number="0.8058480442894063"/>
            <maxpow number="0.8058480442894063"/>
            <fprob>0.0</fprob>
        </actor>
        <actor name="D0N38">
            <wcet number="0">10</wcet>
            <wcet number="1">10</wcet>
            <maxpow number="0.3749596015228332"/>
            <maxpow number="0.3749596015228332"/>
            <fprob>0.0</fprob>
        </actor>
        <actor name="D0N24">
            <wcet number="0">10</wcet>
            <wcet number="1">30</wcet>
            <maxpow number="0.7683135848122891"/>
            <maxpow number="0.7683135848122891"/>
            <fprob>0.0</fprob>
        </actor>
        <actor name="D0N2">
            <wcet number="0">10</wcet>
            <wcet number="1">40</wcet>
            <maxpow number="0.6211272496517884"/>
            <maxpow number="0.6211272496517884"/>
            <fprob>0.0</fprob>
        </actor>
        <actor name="D0N20">
            <wcet number="0">10</wcet>
            <wcet number="1">10</wcet>
            <maxpow number="0.6152101898706537"/>
            <maxpow number="0.6152101898706537"/>
            <fprob>0.0</fprob>
        </actor>
        <actor name="D0N40">
            <wcet number="0">70</wcet>
            <wcet number="1">90</wcet>
            <maxpow number="0.6246444785172891"/>
            <maxpow number="0.6246444785172891"/>
            <fprob>0.0</fprob>
        </actor>
        <actor name="D0N1">
            <wcet number="0">50</wcet>
            <wcet number="1">50</wcet>
            <maxpow number="0.3168872633393753"/>
            <maxpow number="0.3168872633393753"/>
            <fprob>0.0</fprob>
        </actor>
        <actor name="D0N26">
            <wcet number="0">20</wcet>
            <wcet number="1">30</wcet>
            <maxpow number="0.7107698753794487"/>
            <maxpow number="0.7107698753794487"/>
            <fprob>0.0</fprob>
        </actor>
        <actor name="D0N33">
            <wcet number="0">10</wcet>
            <wcet number="1">10</wcet>
            <maxpow number="0.7146638973139245"/>
            <maxpow number="0.7146638973139245"/>
            <fprob>0.0</fprob>
        </actor>
        <ports>
            <port dstActor="D0N42" name="p0" srcActor="D0N23"/>
            <port dstActor="D0N32" name="p1" srcActor="D0N25"/>
            <port dstActor="D0N28" name="p2" srcActor="D0N25"/>
            <port dstActor="D0N29" name="p3" srcActor="D0N25"/>
            <port dstActor="D0N37" name="p4" srcActor="D0N25"/>
            <port dstActor="D0N45" name="p5" srcActor="D0N35"/>
            <port dstActor="D0N25" name="p6" srcActor="D0N0"/>
            <port dstActor="D0N18" name="p7" srcActor="D0N0"/>
            <port dstActor="D0N28" name="p8" srcActor="D0N0"/>
            <port dstActor="D0N31" name="p9" srcActor="D0N16"/>
            <port dstActor="D0N17" name="p10" srcActor="D0N16"/>
            <port dstActor="D0N38" name="p11" srcActor="D0N17"/>
            <port dstActor="D0N23" name="p12" srcActor="D0N17"/>
            <port dstActor="D0N34" name="p13" srcActor="D0N21"/>
            <port dstActor="D0N37" name="p14" srcActor="D0N21"/>
            <port dstActor="D0N30" name="p15" srcActor="D0N21"/>
            <port dstActor="D0N32" name="p16" srcActor="D0N10"/>
            <port dstActor="D0N41" name="p17" srcActor="D0N10"/>
            <port dstActor="D0N42" name="p18" srcActor="D0N36"/>
            <port dstActor="D0N42" name="p19" srcActor="D0N27"/>
            <port dstActor="D0N43" name="p20" srcActor="D0N27"/>
            <port dstActor="D0N40" name="p21" srcActor="D0N27"/>
            <port dstActor="D0N30" name="p22" srcActor="D0N27"/>
            <port dstActor="D0N34" name="p23" srcActor="D0N27"/>
            <port dstActor="D0N44" name="p24" srcActor="D0N13"/>
            <port dstActor="D0N35" name="p25" srcActor="D0N13"/>
            <port dstActor="D0N23" name="p26" srcActor="D0N13"/>
            <port dstActor="D0N14" name="p27" srcActor="D0N13"/>
            <port dstActor="D0N32" name="p28" srcActor="D0N13"/>
            <port dstActor="D0N26" name="p29" srcActor="D0N7"/>
            <port dstActor="D0N15" name="p30" srcActor="D0N7"/>
            <port dstActor="D0N29" name="p31" srcActor="D0N9"/>
            <port dstActor="D0N36" name="p32" srcActor="D0N9"/>
            <port dstActor="D0N19" name="p33" srcActor="D0N9"/>
            <port dstActor="D0N46" name="p34" srcActor="D0N9"/>
            <port dstActor="D0N42" name="p35" srcActor="D0N29"/>
            <port dstActor="D0N47" name="p36" srcActor="D0N5"/>
            <port dstActor="D0N45" name="p37" srcActor="D0N6"/>
            <port dstActor="D0N33" name="p38" srcActor="D0N6"/>
            <port dstActor="D0N7" name="p39" srcActor="D0N6"/>
            <port dstActor="D0N27" name="p40" srcActor="D0N6"/>
            <port dstActor="D0N33" name="p41" srcActor="D0N32"/>
            <port dstActor="D0N45" name="p42" srcActor="D0N32"/>
            <port dstActor="D0N42" name="p43" srcActor="D0N37"/>
            <port dstActor="D0N40" name="p44" srcActor="D0N37"/>
            <port dstActor="D0N20" name="p45" srcActor="D0N4"/>
            <port dstActor="D0N9" name="p46" srcActor="D0N4"/>
            <port dstActor="D0N5" name="p47" srcActor="D0N4"/>
            <port dstActor="D0N46" name="p48" srcActor="D0N12"/>
            <port dstActor="D0N14" name="p49" srcActor="D0N12"/>
            <port dstActor="D0N19" name="p50" srcActor="D0N12"/>
            <port dstActor="D0N14" name="p51" srcActor="D0N11"/>
            <port dstActor="D0N25" name="p52" srcActor="D0N11"/>
            <port dstActor="D0N20" name="p53" srcActor="D0N14"/>
            <port dstActor="D0N27" name="p54" srcActor="D0N14"/>
            <port dstActor="D0N34" name="p55" srcActor="D0N30"/>
            <port dstActor="D0N40" name="p56" srcActor="D0N30"/>
            <port dstActor="D0N43" name="p57" srcActor="D0N19"/>
            <port dstActor="D0N43" name="p58" srcActor="D0N34"/>
            <port dstActor="D0N40" name="p59" srcActor="D0N39"/>
            <port dstActor="D0N27" name="p60" srcActor="D0N18"/>
            <port dstActor="D0N43" name="p61" srcActor="D0N18"/>
            <port dstActor="D0N43" name="p62" srcActor="D0N31"/>
            <port dstActor="D0N33" name="p63" srcActor="D0N31"/>
            <port dstActor="D0N25" name="p64" srcActor="D0N22"/>
            <port dstActor="D0N38" name="p65" srcActor="D0N22"/>
            <port dstActor="D0N30" name="p66" srcActor="D0N8"/>
            <port dstActor="D0N35" name="p67" srcActor="D0N8"/>
            <port dstActor="D0N42" name="p68" srcActor="D0N8"/>
            <port dstActor="D0N18" name="p69" srcActor="D0N8"/>
            <port dstActor="D0N15" name="p70" srcActor="D0N8"/>
            <port dstActor="D0N42" name="p71" srcActor="D0N15"/>
            <port dstActor="D0N23" name="p72" srcActor="D0N15"/>
            <port dstActor="D0N24" name="p73" srcActor="D0N15"/>
            <port dstActor="D0N22" name="p74" srcActor="D0N15"/>
            <port dstActor="D0N10" name="p75" srcActor="D0N3"/>
            <port dstActor="D0N47" name="p76" srcActor="D0N3"/>
            <port dstActor="D0N37" name="p77" srcActor="D0N3"/>
            <port dstActor="D0N30" name="p78" srcActor="D0N3"/>
            <port dstActor="D0N24" name="p79" srcActor="D0N3"/>
            <port dstActor="D0N33" name="p80" srcActor="D0N3"/>
            <port dstActor="D0N13" name="p81" srcActor="D0N3"/>
            <port dstActor="D0N35" name="p82" srcActor="D0N28"/>
            <port dstActor="D0N47" name="p83" srcActor="D0N28"/>
            <port dstActor="D0N43" name="p84" srcActor="D0N38"/>
            <port dstActor="D0N41" name="p85" srcActor="D0N38"/>
            <port dstActor="D0N32" name="p86" srcActor="D0N24"/>
            <port dstActor="D0N9" name="p87" srcActor="D0N2"/>
            <port dstActor="D0N41" name="p88" srcActor="D0N2"/>
            <port dstActor="D0N44" name="p89" srcActor="D0N2"/>
            <port dstActor="D0N10" name="p90" srcActor="D0N2"/>
            <port dstActor="D0N40" name="p91" srcActor="D0N2"/>
            <port dstActor="D0N6" name="p92" srcActor="D0N2"/>
            <port dstActor="D0N4" name="p93" srcActor="D0N2"/>
            <port dstActor="D0N24" name="p94" srcActor="D0N20"/>
            <port dstActor="D0N21" name="p95" srcActor="D0N20"/>
            <port dstActor="D0N23" name="p96" srcActor="D0N20"/>
            <port dstActor="D0N39" name="p97" srcActor="D0N20"/>
            <port dstActor="D0N34" name="p98" srcActor="D0N20"/>
            <port dstActor="D0N45" name="p99" srcActor="D0N40"/>
            <port dstActor="D0N30" name="p100" srcActor="D0N1"/>
            <port dstActor="D0N29" name="p101" srcActor="D0N1"/>
            <port dstActor="D0N8" name="p102" srcActor="D0N1"/>
            <port dstActor="D0N2" name="p103" srcActor="D0N1"/>
            <port dstActor="D0N35" name="p104" srcActor="D0N1"/>
            <port dstActor="D0N42" name="p105" srcActor="D0N26"/>
            <port dstActor="D0N38" name="p106" srcActor="D0N26"/>
            <port dstActor="D0N43" name="p107" srcActor="D0N33"/>
            <port dstActor="D0N38" name="p108" srcActor="D0N33"/>
            <port dstActor="D0N34" name="p109" srcActor="D0N33"/>
            <port dstActor="D0N41" name="p110" srcActor="D0N33"/>
        </ports>
    </mcdag>
    <cores number="3"/>
    <levels number="2"/>
</mcsystem>
