<?xml version="1.0" encoding="UTF-8" standalone="no"?>
<mcsystem>
    <mcdag deadline="1800" name="genned-0-ed-10.0-0">
        <actor name="D0N10">
            <wcet number="0">100</wcet>
            <wcet number="1">280</wcet>
            <maxpow number="0.389070398172107"/>
            <maxpow number="0.389070398172107"/>
            <fprob>0.0</fprob>
        </actor>
        <actor name="D0N13">
            <wcet number="0">10</wcet>
            <wcet number="1">10</wcet>
            <maxpow number="0.463380377553839"/>
            <maxpow number="0.463380377553839"/>
            <fprob>0.0</fprob>
        </actor>
        <actor name="D0N28">
            <wcet number="0">10</wcet>
            <wcet number="1">140</wcet>
            <maxpow number="0.20064212437724016"/>
            <maxpow number="0.20064212437724016"/>
            <fprob>0.0</fprob>
        </actor>
        <actor name="D0N20">
            <wcet number="0">20</wcet>
            <wcet number="1">20</wcet>
            <maxpow number="0.5591556058041312"/>
            <maxpow number="0.5591556058041312"/>
            <fprob>0.0</fprob>
        </actor>
        <actor name="D0N35">
            <wcet number="0">20</wcet>
            <wcet number="1">40</wcet>
            <maxpow number="0.6121878764928174"/>
            <maxpow number="0.6121878764928174"/>
            <fprob>0.0</fprob>
        </actor>
        <actor name="D0N3">
            <wcet number="0">10</wcet>
            <wcet number="1">10</wcet>
            <maxpow number="0.5303143154697728"/>
            <maxpow number="0.5303143154697728"/>
            <fprob>0.0</fprob>
        </actor>
        <actor name="D0N47">
            <wcet number="0">50</wcet>
            <wcet number="1">50</wcet>
            <maxpow number="0.6509772746306468"/>
            <maxpow number="0.6509772746306468"/>
            <fprob>0.0</fprob>
        </actor>
        <actor name="D0N8">
            <wcet number="0">150</wcet>
            <wcet number="1">150</wcet>
            <maxpow number="0.18310438466109774"/>
            <maxpow number="0.18310438466109774"/>
            <fprob>0.0</fprob>
        </actor>
        <actor name="D0N17">
            <wcet number="0">20</wcet>
            <wcet number="1">20</wcet>
            <maxpow number="0.5062234994613029"/>
            <maxpow number="0.5062234994613029"/>
            <fprob>0.0</fprob>
        </actor>
        <actor name="D0N39">
            <wcet number="0">10</wcet>
            <wcet number="1">10</wcet>
            <maxpow number="0.44897364126644596"/>
            <maxpow number="0.44897364126644596"/>
            <fprob>0.0</fprob>
        </actor>
        <actor name="D0N29">
            <wcet number="0">40</wcet>
            <wcet number="1">40</wcet>
            <maxpow number="0.7126038938315571"/>
            <maxpow number="0.7126038938315571"/>
            <fprob>0.0</fprob>
        </actor>
        <actor name="D0N16">
            <wcet number="0">120</wcet>
            <wcet number="1">160</wcet>
            <maxpow number="0.40639024670637813"/>
            <maxpow number="0.40639024670637813"/>
            <fprob>0.0</fprob>
        </actor>
        <actor name="D0N5">
            <wcet number="0">10</wcet>
            <wcet number="1">10</wcet>
            <maxpow number="0.5734239578159439"/>
            <maxpow number="0.5734239578159439"/>
            <fprob>0.0</fprob>
        </actor>
        <actor name="D0N21">
            <wcet number="0">150</wcet>
            <wcet number="1">150</wcet>
            <maxpow number="0.32404059329401513"/>
            <maxpow number="0.32404059329401513"/>
            <fprob>0.0</fprob>
        </actor>
        <actor name="D0N44">
            <wcet number="0">80</wcet>
            <wcet number="1">100</wcet>
            <maxpow number="0.633401446393418"/>
            <maxpow number="0.633401446393418"/>
            <fprob>0.0</fprob>
        </actor>
        <actor name="D0N7">
            <wcet number="0">160</wcet>
            <wcet number="1">170</wcet>
            <maxpow number="0.7212810506312288"/>
            <maxpow number="0.7212810506312288"/>
            <fprob>0.0</fprob>
        </actor>
        <actor name="D0N6">
            <wcet number="0">30</wcet>
            <wcet number="1">40</wcet>
            <maxpow number="0.7231719726376089"/>
            <maxpow number="0.7231719726376089"/>
            <fprob>0.0</fprob>
        </actor>
        <actor name="D0N41">
            <wcet number="0">10</wcet>
            <wcet number="1">10</wcet>
            <maxpow number="0.17025373713470915"/>
            <maxpow number="0.17025373713470915"/>
            <fprob>0.0</fprob>
        </actor>
        <actor name="D0N43">
            <wcet number="0">40</wcet>
            <wcet number="1">60</wcet>
            <maxpow number="0.5010467788430938"/>
            <maxpow number="0.5010467788430938"/>
            <fprob>0.0</fprob>
        </actor>
        <actor name="D0N9">
            <wcet number="0">50</wcet>
            <wcet number="1">60</wcet>
            <maxpow number="0.3017554975447162"/>
            <maxpow number="0.3017554975447162"/>
            <fprob>0.0</fprob>
        </actor>
        <actor name="D0N18">
            <wcet number="0">50</wcet>
            <wcet number="1">160</wcet>
            <maxpow number="0.6758778330782879"/>
            <maxpow number="0.6758778330782879"/>
            <fprob>0.0</fprob>
        </actor>
        <actor name="D0N42">
            <wcet number="0">30</wcet>
            <wcet number="1">110</wcet>
            <maxpow number="0.29960264917410745"/>
            <maxpow number="0.29960264917410745"/>
            <fprob>0.0</fprob>
        </actor>
        <actor name="D0N22">
            <wcet number="0">240</wcet>
            <wcet number="1">240</wcet>
            <maxpow number="0.5527791722606045"/>
            <maxpow number="0.5527791722606045"/>
            <fprob>0.0</fprob>
        </actor>
        <actor name="D0N27">
            <wcet number="0">30</wcet>
            <wcet number="1">40</wcet>
            <maxpow number="0.9142987553392704"/>
            <maxpow number="0.9142987553392704"/>
            <fprob>0.0</fprob>
        </actor>
        <actor name="D0N19">
            <wcet number="0">10</wcet>
            <wcet number="1">260</wcet>
            <maxpow number="0.8863596410930815"/>
            <maxpow number="0.8863596410930815"/>
            <fprob>0.0</fprob>
        </actor>
        <actor name="D0N38">
            <wcet number="0">10</wcet>
            <wcet number="1">10</wcet>
            <maxpow number="0.7076320382133171"/>
            <maxpow number="0.7076320382133171"/>
            <fprob>0.0</fprob>
        </actor>
        <actor name="D0N24">
            <wcet number="0">160</wcet>
            <wcet number="1">190</wcet>
            <maxpow number="0.46860336647235284"/>
            <maxpow number="0.46860336647235284"/>
            <fprob>0.0</fprob>
        </actor>
        <actor name="D0N37">
            <wcet number="0">130</wcet>
            <wcet number="1">200</wcet>
            <maxpow number="0.6309981822202568"/>
            <maxpow number="0.6309981822202568"/>
            <fprob>0.0</fprob>
        </actor>
        <actor name="D0N26">
            <wcet number="0">10</wcet>
            <wcet number="1">30</wcet>
            <maxpow number="0.5476656038875741"/>
            <maxpow number="0.5476656038875741"/>
            <fprob>0.0</fprob>
        </actor>
        <actor name="D0N2">
            <wcet number="0">20</wcet>
            <wcet number="1">20</wcet>
            <maxpow number="0.5551190111310507"/>
            <maxpow number="0.5551190111310507"/>
            <fprob>0.0</fprob>
        </actor>
        <actor name="D0N31">
            <wcet number="0">20</wcet>
            <wcet number="1">20</wcet>
            <maxpow number="0.1741324640852231"/>
            <maxpow number="0.1741324640852231"/>
            <fprob>0.0</fprob>
        </actor>
        <actor name="D0N4">
            <wcet number="0">180</wcet>
            <wcet number="1">260</wcet>
            <maxpow number="0.323708329817068"/>
            <maxpow number="0.323708329817068"/>
            <fprob>0.0</fprob>
        </actor>
        <actor name="D0N0">
            <wcet number="0">10</wcet>
            <wcet number="1">10</wcet>
            <maxpow number="0.4834005627338811"/>
            <maxpow number="0.4834005627338811"/>
            <fprob>0.0</fprob>
        </actor>
        <actor name="D0N11">
            <wcet number="0">40</wcet>
            <wcet number="1">130</wcet>
            <maxpow number="0.8462250619002107"/>
            <maxpow number="0.8462250619002107"/>
            <fprob>0.0</fprob>
        </actor>
        <actor name="D0N30">
            <wcet number="0">40</wcet>
            <wcet number="1">50</wcet>
            <maxpow number="0.7197201297303502"/>
            <maxpow number="0.7197201297303502"/>
            <fprob>0.0</fprob>
        </actor>
        <actor name="D0N14">
            <wcet number="0">10</wcet>
            <wcet number="1">70</wcet>
            <maxpow number="0.5788743126445324"/>
            <maxpow number="0.5788743126445324"/>
            <fprob>0.0</fprob>
        </actor>
        <actor name="D0N33">
            <wcet number="0">100</wcet>
            <wcet number="1">210</wcet>
            <maxpow number="0.47107657260816777"/>
            <maxpow number="0.47107657260816777"/>
            <fprob>0.0</fprob>
        </actor>
        <actor name="D0N34">
            <wcet number="0">10</wcet>
            <wcet number="1">20</wcet>
            <maxpow number="0.1747242122275353"/>
            <maxpow number="0.1747242122275353"/>
            <fprob>0.0</fprob>
        </actor>
        <actor name="D0N46">
            <wcet number="0">20</wcet>
            <wcet number="1">30</wcet>
            <maxpow number="0.6455354691636304"/>
            <maxpow number="0.6455354691636304"/>
            <fprob>0.0</fprob>
        </actor>
        <actor name="D0N15">
            <wcet number="0">150</wcet>
            <wcet number="1">220</wcet>
            <maxpow number="0.5902609142085947"/>
            <maxpow number="0.5902609142085947"/>
            <fprob>0.0</fprob>
        </actor>
        <actor name="D0N36">
            <wcet number="0">50</wcet>
            <wcet number="1">170</wcet>
            <maxpow number="0.5995611966050142"/>
            <maxpow number="0.5995611966050142"/>
            <fprob>0.0</fprob>
        </actor>
        <actor name="D0N12">
            <wcet number="0">60</wcet>
            <wcet number="1">80</wcet>
            <maxpow number="0.5407440510413997"/>
            <maxpow number="0.5407440510413997"/>
            <fprob>0.0</fprob>
        </actor>
        <actor name="D0N25">
            <wcet number="0">150</wcet>
            <wcet number="1">180</wcet>
            <maxpow number="1.0422320360532429"/>
            <maxpow number="1.0422320360532429"/>
            <fprob>0.0</fprob>
        </actor>
        <actor name="D0N32">
            <wcet number="0">10</wcet>
            <wcet number="1">10</wcet>
            <maxpow number="0.5763984572810824"/>
            <maxpow number="0.5763984572810824"/>
            <fprob>0.0</fprob>
        </actor>
        <actor name="D0N45">
            <wcet number="0">20</wcet>
            <wcet number="1">40</wcet>
            <maxpow number="0.6342910368695407"/>
            <maxpow number="0.6342910368695407"/>
            <fprob>0.0</fprob>
        </actor>
        <actor name="D0N23">
            <wcet number="0">50</wcet>
            <wcet number="1">60</wcet>
            <maxpow number="0.5227638980161019"/>
            <maxpow number="0.5227638980161019"/>
            <fprob>0.0</fprob>
        </actor>
        <actor name="D0N1">
            <wcet number="0">40</wcet>
            <wcet number="1">40</wcet>
            <maxpow number="0.7344969291025973"/>
            <maxpow number="0.7344969291025973"/>
            <fprob>0.0</fprob>
        </actor>
        <actor name="D0N40">
            <wcet number="0">10</wcet>
            <wcet number="1">110</wcet>
            <maxpow number="0.447529227057766"/>
            <maxpow number="0.447529227057766"/>
            <fprob>0.0</fprob>
        </actor>
        <ports>
            <port dstActor="D0N12" name="p0" srcActor="D0N10"/>
            <port dstActor="D0N43" name="p1" srcActor="D0N10"/>
            <port dstActor="D0N20" name="p2" srcActor="D0N10"/>
            <port dstActor="D0N18" name="p3" srcActor="D0N13"/>
            <port dstActor="D0N26" name="p4" srcActor="D0N13"/>
            <port dstActor="D0N15" name="p5" srcActor="D0N13"/>
            <port dstActor="D0N40" name="p6" srcActor="D0N13"/>
            <port dstActor="D0N44" name="p7" srcActor="D0N28"/>
            <port dstActor="D0N35" name="p8" srcActor="D0N20"/>
            <port dstActor="D0N27" name="p9" srcActor="D0N3"/>
            <port dstActor="D0N40" name="p10" srcActor="D0N3"/>
            <port dstActor="D0N18" name="p11" srcActor="D0N3"/>
            <port dstActor="D0N17" name="p12" srcActor="D0N3"/>
            <port dstActor="D0N24" name="p13" srcActor="D0N17"/>
            <port dstActor="D0N42" name="p14" srcActor="D0N17"/>
            <port dstActor="D0N32" name="p15" srcActor="D0N17"/>
            <port dstActor="D0N29" name="p16" srcActor="D0N17"/>
            <port dstActor="D0N45" name="p17" srcActor="D0N17"/>
            <port dstActor="D0N32" name="p18" srcActor="D0N29"/>
            <port dstActor="D0N34" name="p19" srcActor="D0N29"/>
            <port dstActor="D0N41" name="p20" srcActor="D0N29"/>
            <port dstActor="D0N42" name="p21" srcActor="D0N29"/>
            <port dstActor="D0N22" name="p22" srcActor="D0N16"/>
            <port dstActor="D0N36" name="p23" srcActor="D0N16"/>
            <port dstActor="D0N41" name="p24" srcActor="D0N16"/>
            <port dstActor="D0N42" name="p25" srcActor="D0N5"/>
            <port dstActor="D0N24" name="p26" srcActor="D0N5"/>
            <port dstActor="D0N43" name="p27" srcActor="D0N5"/>
            <port dstActor="D0N39" name="p28" srcActor="D0N21"/>
            <port dstActor="D0N40" name="p29" srcActor="D0N21"/>
            <port dstActor="D0N30" name="p30" srcActor="D0N21"/>
            <port dstActor="D0N42" name="p31" srcActor="D0N7"/>
            <port dstActor="D0N45" name="p32" srcActor="D0N7"/>
            <port dstActor="D0N11" name="p33" srcActor="D0N7"/>
            <port dstActor="D0N37" name="p34" srcActor="D0N6"/>
            <port dstActor="D0N15" name="p35" srcActor="D0N6"/>
            <port dstActor="D0N45" name="p36" srcActor="D0N6"/>
            <port dstActor="D0N22" name="p37" srcActor="D0N6"/>
            <port dstActor="D0N38" name="p38" srcActor="D0N6"/>
            <port dstActor="D0N28" name="p39" srcActor="D0N6"/>
            <port dstActor="D0N34" name="p40" srcActor="D0N6"/>
            <port dstActor="D0N33" name="p41" srcActor="D0N9"/>
            <port dstActor="D0N32" name="p42" srcActor="D0N9"/>
            <port dstActor="D0N21" name="p43" srcActor="D0N9"/>
            <port dstActor="D0N29" name="p44" srcActor="D0N18"/>
            <port dstActor="D0N38" name="p45" srcActor="D0N18"/>
            <port dstActor="D0N36" name="p46" srcActor="D0N18"/>
            <port dstActor="D0N32" name="p47" srcActor="D0N18"/>
            <port dstActor="D0N44" name="p48" srcActor="D0N42"/>
            <port dstActor="D0N46" name="p49" srcActor="D0N42"/>
            <port dstActor="D0N47" name="p50" srcActor="D0N42"/>
            <port dstActor="D0N40" name="p51" srcActor="D0N27"/>
            <port dstActor="D0N29" name="p52" srcActor="D0N19"/>
            <port dstActor="D0N31" name="p53" srcActor="D0N19"/>
            <port dstActor="D0N34" name="p54" srcActor="D0N19"/>
            <port dstActor="D0N47" name="p55" srcActor="D0N38"/>
            <port dstActor="D0N44" name="p56" srcActor="D0N24"/>
            <port dstActor="D0N38" name="p57" srcActor="D0N24"/>
            <port dstActor="D0N47" name="p58" srcActor="D0N37"/>
            <port dstActor="D0N29" name="p59" srcActor="D0N26"/>
            <port dstActor="D0N40" name="p60" srcActor="D0N26"/>
            <port dstActor="D0N39" name="p61" srcActor="D0N26"/>
            <port dstActor="D0N13" name="p62" srcActor="D0N2"/>
            <port dstActor="D0N34" name="p63" srcActor="D0N2"/>
            <port dstActor="D0N16" name="p64" srcActor="D0N2"/>
            <port dstActor="D0N36" name="p65" srcActor="D0N2"/>
            <port dstActor="D0N19" name="p66" srcActor="D0N2"/>
            <port dstActor="D0N23" name="p67" srcActor="D0N2"/>
            <port dstActor="D0N47" name="p68" srcActor="D0N2"/>
            <port dstActor="D0N3" name="p69" srcActor="D0N2"/>
            <port dstActor="D0N27" name="p70" srcActor="D0N4"/>
            <port dstActor="D0N34" name="p71" srcActor="D0N4"/>
            <port dstActor="D0N36" name="p72" srcActor="D0N0"/>
            <port dstActor="D0N14" name="p73" srcActor="D0N0"/>
            <port dstActor="D0N44" name="p74" srcActor="D0N0"/>
            <port dstActor="D0N31" name="p75" srcActor="D0N11"/>
            <port dstActor="D0N15" name="p76" srcActor="D0N11"/>
            <port dstActor="D0N36" name="p77" srcActor="D0N11"/>
            <port dstActor="D0N40" name="p78" srcActor="D0N11"/>
            <port dstActor="D0N34" name="p79" srcActor="D0N30"/>
            <port dstActor="D0N42" name="p80" srcActor="D0N30"/>
            <port dstActor="D0N35" name="p81" srcActor="D0N14"/>
            <port dstActor="D0N20" name="p82" srcActor="D0N14"/>
            <port dstActor="D0N39" name="p83" srcActor="D0N14"/>
            <port dstActor="D0N23" name="p84" srcActor="D0N14"/>
            <port dstActor="D0N26" name="p85" srcActor="D0N14"/>
            <port dstActor="D0N43" name="p86" srcActor="D0N14"/>
            <port dstActor="D0N22" name="p87" srcActor="D0N14"/>
            <port dstActor="D0N40" name="p88" srcActor="D0N33"/>
            <port dstActor="D0N46" name="p89" srcActor="D0N33"/>
            <port dstActor="D0N43" name="p90" srcActor="D0N33"/>
            <port dstActor="D0N34" name="p91" srcActor="D0N33"/>
            <port dstActor="D0N45" name="p92" srcActor="D0N33"/>
            <port dstActor="D0N43" name="p93" srcActor="D0N15"/>
            <port dstActor="D0N25" name="p94" srcActor="D0N15"/>
            <port dstActor="D0N24" name="p95" srcActor="D0N15"/>
            <port dstActor="D0N40" name="p96" srcActor="D0N36"/>
            <port dstActor="D0N39" name="p97" srcActor="D0N36"/>
            <port dstActor="D0N43" name="p98" srcActor="D0N36"/>
            <port dstActor="D0N38" name="p99" srcActor="D0N36"/>
            <port dstActor="D0N41" name="p100" srcActor="D0N12"/>
            <port dstActor="D0N38" name="p101" srcActor="D0N12"/>
            <port dstActor="D0N19" name="p102" srcActor="D0N12"/>
            <port dstActor="D0N45" name="p103" srcActor="D0N25"/>
            <port dstActor="D0N45" name="p104" srcActor="D0N32"/>
            <port dstActor="D0N29" name="p105" srcActor="D0N23"/>
            <port dstActor="D0N33" name="p106" srcActor="D0N23"/>
            <port dstActor="D0N37" name="p107" srcActor="D0N23"/>
            <port dstActor="D0N17" name="p108" srcActor="D0N1"/>
            <port dstActor="D0N43" name="p109" srcActor="D0N1"/>
            <port dstActor="D0N4" name="p110" srcActor="D0N1"/>
            <port dstActor="D0N11" name="p111" srcActor="D0N1"/>
        </ports>
    </mcdag>
    <cores number="3"/>
    <levels number="2"/>
</mcsystem>
