<?xml version="1.0" encoding="UTF-8" standalone="no"?>
<mcsystem>
    <mcdag deadline="2200" name="genned-0-ed-10.0-0">
        <actor name="D0N1">
            <wcet number="0">10</wcet>
            <wcet number="1">20</wcet>
            <maxpow number="0.6062080522710819"/>
            <maxpow number="0.6062080522710819"/>
            <fprob>0.0</fprob>
        </actor>
        <actor name="D0N8">
            <wcet number="0">10</wcet>
            <wcet number="1">130</wcet>
            <maxpow number="0.7852864977461427"/>
            <maxpow number="0.7852864977461427"/>
            <fprob>0.0</fprob>
        </actor>
        <actor name="D0N28">
            <wcet number="0">130</wcet>
            <wcet number="1">170</wcet>
            <maxpow number="0.6677755779851797"/>
            <maxpow number="0.6677755779851797"/>
            <fprob>0.0</fprob>
        </actor>
        <actor name="D0N38">
            <wcet number="0">10</wcet>
            <wcet number="1">20</wcet>
            <maxpow number="0.7849144594154227"/>
            <maxpow number="0.7849144594154227"/>
            <fprob>0.0</fprob>
        </actor>
        <actor name="D0N20">
            <wcet number="0">100</wcet>
            <wcet number="1">230</wcet>
            <maxpow number="0.4700399971666152"/>
            <maxpow number="0.4700399971666152"/>
            <fprob>0.0</fprob>
        </actor>
        <actor name="D0N10">
            <wcet number="0">20</wcet>
            <wcet number="1">20</wcet>
            <maxpow number="0.4113194885671191"/>
            <maxpow number="0.4113194885671191"/>
            <fprob>0.0</fprob>
        </actor>
        <actor name="D0N35">
            <wcet number="0">280</wcet>
            <wcet number="1">460</wcet>
            <maxpow number="0.6886816152464359"/>
            <maxpow number="0.6886816152464359"/>
            <fprob>0.0</fprob>
        </actor>
        <actor name="D0N48">
            <wcet number="0">20</wcet>
            <wcet number="1">20</wcet>
            <maxpow number="0.7336681698064303"/>
            <maxpow number="0.7336681698064303"/>
            <fprob>0.0</fprob>
        </actor>
        <actor name="D0N39">
            <wcet number="0">30</wcet>
            <wcet number="1">70</wcet>
            <maxpow number="0.5432129801287655"/>
            <maxpow number="0.5432129801287655"/>
            <fprob>0.0</fprob>
        </actor>
        <actor name="D0N21">
            <wcet number="0">60</wcet>
            <wcet number="1">80</wcet>
            <maxpow number="0.6028969492583193"/>
            <maxpow number="0.6028969492583193"/>
            <fprob>0.0</fprob>
        </actor>
        <actor name="D0N37">
            <wcet number="0">60</wcet>
            <wcet number="1">60</wcet>
            <maxpow number="1.0367565285351272"/>
            <maxpow number="1.0367565285351272"/>
            <fprob>0.0</fprob>
        </actor>
        <actor name="D0N19">
            <wcet number="0">30</wcet>
            <wcet number="1">50</wcet>
            <maxpow number="0.4732437639397078"/>
            <maxpow number="0.4732437639397078"/>
            <fprob>0.0</fprob>
        </actor>
        <actor name="D0N17">
            <wcet number="0">30</wcet>
            <wcet number="1">30</wcet>
            <maxpow number="0.8246211211535937"/>
            <maxpow number="0.8246211211535937"/>
            <fprob>0.0</fprob>
        </actor>
        <actor name="D0N22">
            <wcet number="0">50</wcet>
            <wcet number="1">70</wcet>
            <maxpow number="0.6643186829656431"/>
            <maxpow number="0.6643186829656431"/>
            <fprob>0.0</fprob>
        </actor>
        <actor name="D0N5">
            <wcet number="0">200</wcet>
            <wcet number="1">230</wcet>
            <maxpow number="0.7684392282779792"/>
            <maxpow number="0.7684392282779792"/>
            <fprob>0.0</fprob>
        </actor>
        <actor name="D0N14">
            <wcet number="0">410</wcet>
            <wcet number="1">430</wcet>
            <maxpow number="0.8196684242931191"/>
            <maxpow number="0.8196684242931191"/>
            <fprob>0.0</fprob>
        </actor>
        <actor name="D0N3">
            <wcet number="0">480</wcet>
            <wcet number="1">490</wcet>
            <maxpow number="0.8797810193450254"/>
            <maxpow number="0.8797810193450254"/>
            <fprob>0.0</fprob>
        </actor>
        <actor name="D0N34">
            <wcet number="0">110</wcet>
            <wcet number="1">420</wcet>
            <maxpow number="0.6317918552324799"/>
            <maxpow number="0.6317918552324799"/>
            <fprob>0.0</fprob>
        </actor>
        <actor name="D0N30">
            <wcet number="0">10</wcet>
            <wcet number="1">10</wcet>
            <maxpow number="0.3785055891142767"/>
            <maxpow number="0.3785055891142767"/>
            <fprob>0.0</fprob>
        </actor>
        <actor name="D0N0">
            <wcet number="0">10</wcet>
            <wcet number="1">10</wcet>
            <maxpow number="0.3169447314534612"/>
            <maxpow number="0.3169447314534612"/>
            <fprob>0.0</fprob>
        </actor>
        <actor name="D0N47">
            <wcet number="0">50</wcet>
            <wcet number="1">290</wcet>
            <maxpow number="0.5631936162493446"/>
            <maxpow number="0.5631936162493446"/>
            <fprob>0.0</fprob>
        </actor>
        <actor name="D0N11">
            <wcet number="0">80</wcet>
            <wcet number="1">250</wcet>
            <maxpow number="0.6613794130340177"/>
            <maxpow number="0.6613794130340177"/>
            <fprob>0.0</fprob>
        </actor>
        <actor name="D0N44">
            <wcet number="0">20</wcet>
            <wcet number="1">60</wcet>
            <maxpow number="0.3775767945221471"/>
            <maxpow number="0.3775767945221471"/>
            <fprob>0.0</fprob>
        </actor>
        <actor name="D0N43">
            <wcet number="0">60</wcet>
            <wcet number="1">60</wcet>
            <maxpow number="0.6067782358729369"/>
            <maxpow number="0.6067782358729369"/>
            <fprob>0.0</fprob>
        </actor>
        <actor name="D0N27">
            <wcet number="0">180</wcet>
            <wcet number="1">220</wcet>
            <maxpow number="0.5891178739244903"/>
            <maxpow number="0.5891178739244903"/>
            <fprob>0.0</fprob>
        </actor>
        <actor name="D0N7">
            <wcet number="0">10</wcet>
            <wcet number="1">20</wcet>
            <maxpow number="0.582261343838802"/>
            <maxpow number="0.582261343838802"/>
            <fprob>0.0</fprob>
        </actor>
        <actor name="D0N36">
            <wcet number="0">10</wcet>
            <wcet number="1">20</wcet>
            <maxpow number="0.5126259421199232"/>
            <maxpow number="0.5126259421199232"/>
            <fprob>0.0</fprob>
        </actor>
        <actor name="D0N24">
            <wcet number="0">50</wcet>
            <wcet number="1">110</wcet>
            <maxpow number="0.5624866499792753"/>
            <maxpow number="0.5624866499792753"/>
            <fprob>0.0</fprob>
        </actor>
        <actor name="D0N9">
            <wcet number="0">10</wcet>
            <wcet number="1">50</wcet>
            <maxpow number="0.19105220035987447"/>
            <maxpow number="0.19105220035987447"/>
            <fprob>0.0</fprob>
        </actor>
        <actor name="D0N41">
            <wcet number="0">10</wcet>
            <wcet number="1">160</wcet>
            <maxpow number="0.5221825103919201"/>
            <maxpow number="0.5221825103919201"/>
            <fprob>0.0</fprob>
        </actor>
        <actor name="D0N2">
            <wcet number="0">20</wcet>
            <wcet number="1">60</wcet>
            <maxpow number="0.5352580914818105"/>
            <maxpow number="0.5352580914818105"/>
            <fprob>0.0</fprob>
        </actor>
        <actor name="D0N46">
            <wcet number="0">20</wcet>
            <wcet number="1">20</wcet>
            <maxpow number="0.5500501604836794"/>
            <maxpow number="0.5500501604836794"/>
            <fprob>0.0</fprob>
        </actor>
        <actor name="D0N6">
            <wcet number="0">80</wcet>
            <wcet number="1">110</wcet>
            <maxpow number="0.5568149552842713"/>
            <maxpow number="0.5568149552842713"/>
            <fprob>0.0</fprob>
        </actor>
        <actor name="D0N26">
            <wcet number="0">10</wcet>
            <wcet number="1">20</wcet>
            <maxpow number="0.6219832128708442"/>
            <maxpow number="0.6219832128708442"/>
            <fprob>0.0</fprob>
        </actor>
        <actor name="D0N15">
            <wcet number="0">140</wcet>
            <wcet number="1">140</wcet>
            <maxpow number="0.7582859339595017"/>
            <maxpow number="0.7582859339595017"/>
            <fprob>0.0</fprob>
        </actor>
        <actor name="D0N25">
            <wcet number="0">10</wcet>
            <wcet number="1">30</wcet>
            <maxpow number="0.1575244120225402"/>
            <maxpow number="0.1575244120225402"/>
            <fprob>0.0</fprob>
        </actor>
        <actor name="D0N23">
            <wcet number="0">10</wcet>
            <wcet number="1">90</wcet>
            <maxpow number="0.6767120134112653"/>
            <maxpow number="0.6767120134112653"/>
            <fprob>0.0</fprob>
        </actor>
        <actor name="D0N33">
            <wcet number="0">30</wcet>
            <wcet number="1">140</wcet>
            <maxpow number="0.5825669155652651"/>
            <maxpow number="0.5825669155652651"/>
            <fprob>0.0</fprob>
        </actor>
        <actor name="D0N40">
            <wcet number="0">30</wcet>
            <wcet number="1">30</wcet>
            <maxpow number="0.4383536742654247"/>
            <maxpow number="0.4383536742654247"/>
            <fprob>0.0</fprob>
        </actor>
        <actor name="D0N13">
            <wcet number="0">320</wcet>
            <wcet number="1">370</wcet>
            <maxpow number="0.5879461484413744"/>
            <maxpow number="0.5879461484413744"/>
            <fprob>0.0</fprob>
        </actor>
        <actor name="D0N4">
            <wcet number="0">20</wcet>
            <wcet number="1">50</wcet>
            <maxpow number="0.6810635548848465"/>
            <maxpow number="0.6810635548848465"/>
            <fprob>0.0</fprob>
        </actor>
        <actor name="D0N12">
            <wcet number="0">10</wcet>
            <wcet number="1">20</wcet>
            <maxpow number="0.6339843162277391"/>
            <maxpow number="0.6339843162277391"/>
            <fprob>0.0</fprob>
        </actor>
        <actor name="D0N31">
            <wcet number="0">10</wcet>
            <wcet number="1">10</wcet>
            <maxpow number="0.7598423114409762"/>
            <maxpow number="0.7598423114409762"/>
            <fprob>0.0</fprob>
        </actor>
        <actor name="D0N18">
            <wcet number="0">270</wcet>
            <wcet number="1">270</wcet>
            <maxpow number="0.351240562869083"/>
            <maxpow number="0.351240562869083"/>
            <fprob>0.0</fprob>
        </actor>
        <actor name="D0N16">
            <wcet number="0">140</wcet>
            <wcet number="1">150</wcet>
            <maxpow number="0.3744232302127113"/>
            <maxpow number="0.3744232302127113"/>
            <fprob>0.0</fprob>
        </actor>
        <actor name="D0N29">
            <wcet number="0">100</wcet>
            <wcet number="1">250</wcet>
            <maxpow number="0.19803385375196242"/>
            <maxpow number="0.19803385375196242"/>
            <fprob>0.0</fprob>
        </actor>
        <actor name="D0N32">
            <wcet number="0">10</wcet>
            <wcet number="1">80</wcet>
            <maxpow number="0.6442777280297106"/>
            <maxpow number="0.6442777280297106"/>
            <fprob>0.0</fprob>
        </actor>
        <actor name="D0N45">
            <wcet number="0">60</wcet>
            <wcet number="1">60</wcet>
            <maxpow number="0.7508523958410871"/>
            <maxpow number="0.7508523958410871"/>
            <fprob>0.0</fprob>
        </actor>
        <actor name="D0N42">
            <wcet number="0">80</wcet>
            <wcet number="1">220</wcet>
            <maxpow number="0.3669272389869906"/>
            <maxpow number="0.3669272389869906"/>
            <fprob>0.0</fprob>
        </actor>
        <ports>
            <port dstActor="D0N20" name="p0" srcActor="D0N1"/>
            <port dstActor="D0N41" name="p1" srcActor="D0N1"/>
            <port dstActor="D0N5" name="p2" srcActor="D0N1"/>
            <port dstActor="D0N22" name="p3" srcActor="D0N1"/>
            <port dstActor="D0N34" name="p4" srcActor="D0N1"/>
            <port dstActor="D0N44" name="p5" srcActor="D0N1"/>
            <port dstActor="D0N18" name="p6" srcActor="D0N1"/>
            <port dstActor="D0N19" name="p7" srcActor="D0N1"/>
            <port dstActor="D0N10" name="p8" srcActor="D0N8"/>
            <port dstActor="D0N30" name="p9" srcActor="D0N28"/>
            <port dstActor="D0N47" name="p10" srcActor="D0N38"/>
            <port dstActor="D0N21" name="p11" srcActor="D0N20"/>
            <port dstActor="D0N45" name="p12" srcActor="D0N10"/>
            <port dstActor="D0N41" name="p13" srcActor="D0N10"/>
            <port dstActor="D0N31" name="p14" srcActor="D0N10"/>
            <port dstActor="D0N37" name="p15" srcActor="D0N35"/>
            <port dstActor="D0N31" name="p16" srcActor="D0N21"/>
            <port dstActor="D0N38" name="p17" srcActor="D0N21"/>
            <port dstActor="D0N36" name="p18" srcActor="D0N21"/>
            <port dstActor="D0N38" name="p19" srcActor="D0N37"/>
            <port dstActor="D0N41" name="p20" srcActor="D0N19"/>
            <port dstActor="D0N33" name="p21" srcActor="D0N19"/>
            <port dstActor="D0N22" name="p22" srcActor="D0N19"/>
            <port dstActor="D0N34" name="p23" srcActor="D0N17"/>
            <port dstActor="D0N48" name="p24" srcActor="D0N17"/>
            <port dstActor="D0N31" name="p25" srcActor="D0N17"/>
            <port dstActor="D0N24" name="p26" srcActor="D0N17"/>
            <port dstActor="D0N42" name="p27" srcActor="D0N22"/>
            <port dstActor="D0N45" name="p28" srcActor="D0N22"/>
            <port dstActor="D0N30" name="p29" srcActor="D0N22"/>
            <port dstActor="D0N31" name="p30" srcActor="D0N22"/>
            <port dstActor="D0N26" name="p31" srcActor="D0N5"/>
            <port dstActor="D0N32" name="p32" srcActor="D0N5"/>
            <port dstActor="D0N13" name="p33" srcActor="D0N5"/>
            <port dstActor="D0N25" name="p34" srcActor="D0N5"/>
            <port dstActor="D0N36" name="p35" srcActor="D0N5"/>
            <port dstActor="D0N39" name="p36" srcActor="D0N5"/>
            <port dstActor="D0N33" name="p37" srcActor="D0N5"/>
            <port dstActor="D0N19" name="p38" srcActor="D0N5"/>
            <port dstActor="D0N24" name="p39" srcActor="D0N5"/>
            <port dstActor="D0N38" name="p40" srcActor="D0N14"/>
            <port dstActor="D0N17" name="p41" srcActor="D0N14"/>
            <port dstActor="D0N29" name="p42" srcActor="D0N14"/>
            <port dstActor="D0N24" name="p43" srcActor="D0N14"/>
            <port dstActor="D0N36" name="p44" srcActor="D0N14"/>
            <port dstActor="D0N43" name="p45" srcActor="D0N3"/>
            <port dstActor="D0N19" name="p46" srcActor="D0N3"/>
            <port dstActor="D0N6" name="p47" srcActor="D0N3"/>
            <port dstActor="D0N34" name="p48" srcActor="D0N3"/>
            <port dstActor="D0N26" name="p49" srcActor="D0N3"/>
            <port dstActor="D0N38" name="p50" srcActor="D0N3"/>
            <port dstActor="D0N21" name="p51" srcActor="D0N3"/>
            <port dstActor="D0N40" name="p52" srcActor="D0N34"/>
            <port dstActor="D0N34" name="p53" srcActor="D0N30"/>
            <port dstActor="D0N39" name="p54" srcActor="D0N0"/>
            <port dstActor="D0N23" name="p55" srcActor="D0N0"/>
            <port dstActor="D0N17" name="p56" srcActor="D0N0"/>
            <port dstActor="D0N8" name="p57" srcActor="D0N0"/>
            <port dstActor="D0N24" name="p58" srcActor="D0N0"/>
            <port dstActor="D0N45" name="p59" srcActor="D0N0"/>
            <port dstActor="D0N15" name="p60" srcActor="D0N11"/>
            <port dstActor="D0N21" name="p61" srcActor="D0N11"/>
            <port dstActor="D0N33" name="p62" srcActor="D0N11"/>
            <port dstActor="D0N37" name="p63" srcActor="D0N11"/>
            <port dstActor="D0N16" name="p64" srcActor="D0N11"/>
            <port dstActor="D0N45" name="p65" srcActor="D0N11"/>
            <port dstActor="D0N40" name="p66" srcActor="D0N11"/>
            <port dstActor="D0N40" name="p67" srcActor="D0N27"/>
            <port dstActor="D0N45" name="p68" srcActor="D0N7"/>
            <port dstActor="D0N25" name="p69" srcActor="D0N7"/>
            <port dstActor="D0N17" name="p70" srcActor="D0N7"/>
            <port dstActor="D0N20" name="p71" srcActor="D0N7"/>
            <port dstActor="D0N47" name="p72" srcActor="D0N7"/>
            <port dstActor="D0N38" name="p73" srcActor="D0N7"/>
            <port dstActor="D0N45" name="p74" srcActor="D0N41"/>
            <port dstActor="D0N32" name="p75" srcActor="D0N2"/>
            <port dstActor="D0N35" name="p76" srcActor="D0N2"/>
            <port dstActor="D0N18" name="p77" srcActor="D0N2"/>
            <port dstActor="D0N47" name="p78" srcActor="D0N46"/>
            <port dstActor="D0N42" name="p79" srcActor="D0N6"/>
            <port dstActor="D0N39" name="p80" srcActor="D0N6"/>
            <port dstActor="D0N13" name="p81" srcActor="D0N6"/>
            <port dstActor="D0N38" name="p82" srcActor="D0N6"/>
            <port dstActor="D0N44" name="p83" srcActor="D0N26"/>
            <port dstActor="D0N41" name="p84" srcActor="D0N26"/>
            <port dstActor="D0N42" name="p85" srcActor="D0N15"/>
            <port dstActor="D0N45" name="p86" srcActor="D0N25"/>
            <port dstActor="D0N33" name="p87" srcActor="D0N23"/>
            <port dstActor="D0N31" name="p88" srcActor="D0N23"/>
            <port dstActor="D0N34" name="p89" srcActor="D0N23"/>
            <port dstActor="D0N44" name="p90" srcActor="D0N23"/>
            <port dstActor="D0N37" name="p91" srcActor="D0N33"/>
            <port dstActor="D0N27" name="p92" srcActor="D0N13"/>
            <port dstActor="D0N35" name="p93" srcActor="D0N13"/>
            <port dstActor="D0N41" name="p94" srcActor="D0N13"/>
            <port dstActor="D0N38" name="p95" srcActor="D0N4"/>
            <port dstActor="D0N8" name="p96" srcActor="D0N4"/>
            <port dstActor="D0N28" name="p97" srcActor="D0N4"/>
            <port dstActor="D0N9" name="p98" srcActor="D0N4"/>
            <port dstActor="D0N6" name="p99" srcActor="D0N4"/>
            <port dstActor="D0N31" name="p100" srcActor="D0N12"/>
            <port dstActor="D0N32" name="p101" srcActor="D0N12"/>
            <port dstActor="D0N23" name="p102" srcActor="D0N12"/>
            <port dstActor="D0N36" name="p103" srcActor="D0N12"/>
            <port dstActor="D0N47" name="p104" srcActor="D0N31"/>
            <port dstActor="D0N23" name="p105" srcActor="D0N18"/>
            <port dstActor="D0N24" name="p106" srcActor="D0N18"/>
            <port dstActor="D0N40" name="p107" srcActor="D0N16"/>
            <port dstActor="D0N48" name="p108" srcActor="D0N16"/>
            <port dstActor="D0N20" name="p109" srcActor="D0N16"/>
            <port dstActor="D0N29" name="p110" srcActor="D0N16"/>
            <port dstActor="D0N37" name="p111" srcActor="D0N16"/>
            <port dstActor="D0N34" name="p112" srcActor="D0N16"/>
            <port dstActor="D0N41" name="p113" srcActor="D0N29"/>
            <port dstActor="D0N35" name="p114" srcActor="D0N32"/>
            <port dstActor="D0N36" name="p115" srcActor="D0N32"/>
        </ports>
    </mcdag>
    <cores number="3"/>
    <levels number="2"/>
</mcsystem>
