<?xml version="1.0" encoding="UTF-8" standalone="no"?>
<mcsystem>
    <mcdag deadline="1000" name="genned-0-ed-10.0-0">
        <actor name="D0N11">
            <wcet number="0">40</wcet>
            <wcet number="1">150</wcet>
            <maxpow number="0.49772477974300416"/>
            <maxpow number="0.49772477974300416"/>
            <fprob>0.0</fprob>
        </actor>
        <actor name="D0N19">
            <wcet number="0">170</wcet>
            <wcet number="1">190</wcet>
            <maxpow number="0.8224518238616301"/>
            <maxpow number="0.8224518238616301"/>
            <fprob>0.0</fprob>
        </actor>
        <actor name="D0N39">
            <wcet number="0">30</wcet>
            <wcet number="1">30</wcet>
            <maxpow number="0.6689290851811307"/>
            <maxpow number="0.6689290851811307"/>
            <fprob>0.0</fprob>
        </actor>
        <actor name="D0N34">
            <wcet number="0">10</wcet>
            <wcet number="1">70</wcet>
            <maxpow number="0.5100277499299994"/>
            <maxpow number="0.5100277499299994"/>
            <fprob>0.0</fprob>
        </actor>
        <actor name="D0N29">
            <wcet number="0">30</wcet>
            <wcet number="1">30</wcet>
            <maxpow number="0.4871087073212643"/>
            <maxpow number="0.4871087073212643"/>
            <fprob>0.0</fprob>
        </actor>
        <actor name="D0N28">
            <wcet number="0">10</wcet>
            <wcet number="1">20</wcet>
            <maxpow number="0.4767095439785061"/>
            <maxpow number="0.4767095439785061"/>
            <fprob>0.0</fprob>
        </actor>
        <actor name="D0N18">
            <wcet number="0">20</wcet>
            <wcet number="1">30</wcet>
            <maxpow number="0.35973508001261023"/>
            <maxpow number="0.35973508001261023"/>
            <fprob>0.0</fprob>
        </actor>
        <actor name="D0N33">
            <wcet number="0">10</wcet>
            <wcet number="1">10</wcet>
            <maxpow number="0.509000937496474"/>
            <maxpow number="0.509000937496474"/>
            <fprob>0.0</fprob>
        </actor>
        <actor name="D0N27">
            <wcet number="0">20</wcet>
            <wcet number="1">80</wcet>
            <maxpow number="0.5103017987338951"/>
            <maxpow number="0.5103017987338951"/>
            <fprob>0.0</fprob>
        </actor>
        <actor name="D0N37">
            <wcet number="0">20</wcet>
            <wcet number="1">40</wcet>
            <maxpow number="0.47627790955907584"/>
            <maxpow number="0.47627790955907584"/>
            <fprob>0.0</fprob>
        </actor>
        <actor name="D0N31">
            <wcet number="0">10</wcet>
            <wcet number="1">40</wcet>
            <maxpow number="0.40168199739955834"/>
            <maxpow number="0.40168199739955834"/>
            <fprob>0.0</fprob>
        </actor>
        <actor name="D0N32">
            <wcet number="0">20</wcet>
            <wcet number="1">50</wcet>
            <maxpow number="0.30367128986440683"/>
            <maxpow number="0.30367128986440683"/>
            <fprob>0.0</fprob>
        </actor>
        <actor name="D0N21">
            <wcet number="0">10</wcet>
            <wcet number="1">100</wcet>
            <maxpow number="0.5113375547137304"/>
            <maxpow number="0.5113375547137304"/>
            <fprob>0.0</fprob>
        </actor>
        <actor name="D0N42">
            <wcet number="0">20</wcet>
            <wcet number="1">40</wcet>
            <maxpow number="0.3382379905045019"/>
            <maxpow number="0.3382379905045019"/>
            <fprob>0.0</fprob>
        </actor>
        <actor name="D0N10">
            <wcet number="0">100</wcet>
            <wcet number="1">120</wcet>
            <maxpow number="0.321020746616526"/>
            <maxpow number="0.321020746616526"/>
            <fprob>0.0</fprob>
        </actor>
        <actor name="D0N7">
            <wcet number="0">60</wcet>
            <wcet number="1">70</wcet>
            <maxpow number="0.8120597605508444"/>
            <maxpow number="0.8120597605508444"/>
            <fprob>0.0</fprob>
        </actor>
        <actor name="D0N30">
            <wcet number="0">10</wcet>
            <wcet number="1">80</wcet>
            <maxpow number="0.3255194132846253"/>
            <maxpow number="0.3255194132846253"/>
            <fprob>0.0</fprob>
        </actor>
        <actor name="D0N23">
            <wcet number="0">30</wcet>
            <wcet number="1">50</wcet>
            <maxpow number="0.6476104265525223"/>
            <maxpow number="0.6476104265525223"/>
            <fprob>0.0</fprob>
        </actor>
        <actor name="D0N9">
            <wcet number="0">10</wcet>
            <wcet number="1">10</wcet>
            <maxpow number="0.7041988255076685"/>
            <maxpow number="0.7041988255076685"/>
            <fprob>0.0</fprob>
        </actor>
        <actor name="D0N4">
            <wcet number="0">30</wcet>
            <wcet number="1">80</wcet>
            <maxpow number="0.5700228483781048"/>
            <maxpow number="0.5700228483781048"/>
            <fprob>0.0</fprob>
        </actor>
        <actor name="D0N36">
            <wcet number="0">10</wcet>
            <wcet number="1">60</wcet>
            <maxpow number="0.41973247449576384"/>
            <maxpow number="0.41973247449576384"/>
            <fprob>0.0</fprob>
        </actor>
        <actor name="D0N24">
            <wcet number="0">20</wcet>
            <wcet number="1">30</wcet>
            <maxpow number="0.7457644751785886"/>
            <maxpow number="0.7457644751785886"/>
            <fprob>0.0</fprob>
        </actor>
        <actor name="D0N26">
            <wcet number="0">10</wcet>
            <wcet number="1">20</wcet>
            <maxpow number="1.066485953328831"/>
            <maxpow number="1.066485953328831"/>
            <fprob>0.0</fprob>
        </actor>
        <actor name="D0N12">
            <wcet number="0">10</wcet>
            <wcet number="1">10</wcet>
            <maxpow number="0.6854421097600653"/>
            <maxpow number="0.6854421097600653"/>
            <fprob>0.0</fprob>
        </actor>
        <actor name="D0N3">
            <wcet number="0">20</wcet>
            <wcet number="1">20</wcet>
            <maxpow number="0.32775392917876683"/>
            <maxpow number="0.32775392917876683"/>
            <fprob>0.0</fprob>
        </actor>
        <actor name="D0N16">
            <wcet number="0">70</wcet>
            <wcet number="1">100</wcet>
            <maxpow number="0.4863046426660438"/>
            <maxpow number="0.4863046426660438"/>
            <fprob>0.0</fprob>
        </actor>
        <actor name="D0N13">
            <wcet number="0">40</wcet>
            <wcet number="1">40</wcet>
            <maxpow number="0.3380821851994675"/>
            <maxpow number="0.3380821851994675"/>
            <fprob>0.0</fprob>
        </actor>
        <actor name="D0N1">
            <wcet number="0">20</wcet>
            <wcet number="1">50</wcet>
            <maxpow number="0.4049927255774719"/>
            <maxpow number="0.4049927255774719"/>
            <fprob>0.0</fprob>
        </actor>
        <actor name="D0N25">
            <wcet number="0">10</wcet>
            <wcet number="1">10</wcet>
            <maxpow number="0.4361201497529223"/>
            <maxpow number="0.4361201497529223"/>
            <fprob>0.0</fprob>
        </actor>
        <actor name="D0N15">
            <wcet number="0">10</wcet>
            <wcet number="1">30</wcet>
            <maxpow number="0.6422778432743426"/>
            <maxpow number="0.6422778432743426"/>
            <fprob>0.0</fprob>
        </actor>
        <actor name="D0N35">
            <wcet number="0">40</wcet>
            <wcet number="1">180</wcet>
            <maxpow number="0.4103855986664132"/>
            <maxpow number="0.4103855986664132"/>
            <fprob>0.0</fprob>
        </actor>
        <actor name="D0N17">
            <wcet number="0">40</wcet>
            <wcet number="1">90</wcet>
            <maxpow number="0.24684772958361278"/>
            <maxpow number="0.24684772958361278"/>
            <fprob>0.0</fprob>
        </actor>
        <actor name="D0N2">
            <wcet number="0">70</wcet>
            <wcet number="1">90</wcet>
            <maxpow number="0.8225372465366572"/>
            <maxpow number="0.8225372465366572"/>
            <fprob>0.0</fprob>
        </actor>
        <actor name="D0N8">
            <wcet number="0">20</wcet>
            <wcet number="1">20</wcet>
            <maxpow number="0.7155021386461047"/>
            <maxpow number="0.7155021386461047"/>
            <fprob>0.0</fprob>
        </actor>
        <actor name="D0N38">
            <wcet number="0">60</wcet>
            <wcet number="1">70</wcet>
            <maxpow number="0.47085364800777096"/>
            <maxpow number="0.47085364800777096"/>
            <fprob>0.0</fprob>
        </actor>
        <actor name="D0N5">
            <wcet number="0">10</wcet>
            <wcet number="1">50</wcet>
            <maxpow number="0.40462015172315796"/>
            <maxpow number="0.40462015172315796"/>
            <fprob>0.0</fprob>
        </actor>
        <actor name="D0N0">
            <wcet number="0">10</wcet>
            <wcet number="1">10</wcet>
            <maxpow number="0.7807092462992574"/>
            <maxpow number="0.7807092462992574"/>
            <fprob>0.0</fprob>
        </actor>
        <actor name="D0N6">
            <wcet number="0">10</wcet>
            <wcet number="1">20</wcet>
            <maxpow number="0.8522328233052187"/>
            <maxpow number="0.8522328233052187"/>
            <fprob>0.0</fprob>
        </actor>
        <actor name="D0N43">
            <wcet number="0">10</wcet>
            <wcet number="1">10</wcet>
            <maxpow number="0.43756843942485607"/>
            <maxpow number="0.43756843942485607"/>
            <fprob>0.0</fprob>
        </actor>
        <actor name="D0N22">
            <wcet number="0">130</wcet>
            <wcet number="1">140</wcet>
            <maxpow number="0.4348385987805802"/>
            <maxpow number="0.4348385987805802"/>
            <fprob>0.0</fprob>
        </actor>
        <actor name="D0N14">
            <wcet number="0">20</wcet>
            <wcet number="1">20</wcet>
            <maxpow number="0.3800366054589191"/>
            <maxpow number="0.3800366054589191"/>
            <fprob>0.0</fprob>
        </actor>
        <actor name="D0N40">
            <wcet number="0">60</wcet>
            <wcet number="1">80</wcet>
            <maxpow number="0.41804392503307786"/>
            <maxpow number="0.41804392503307786"/>
            <fprob>0.0</fprob>
        </actor>
        <actor name="D0N41">
            <wcet number="0">20</wcet>
            <wcet number="1">60</wcet>
            <maxpow number="0.318497978404211"/>
            <maxpow number="0.318497978404211"/>
            <fprob>0.0</fprob>
        </actor>
        <actor name="D0N44">
            <wcet number="0">20</wcet>
            <wcet number="1">30</wcet>
            <maxpow number="0.7936769281959606"/>
            <maxpow number="0.7936769281959606"/>
            <fprob>0.0</fprob>
        </actor>
        <actor name="D0N20">
            <wcet number="0">10</wcet>
            <wcet number="1">70</wcet>
            <maxpow number="0.6268806605568022"/>
            <maxpow number="0.6268806605568022"/>
            <fprob>0.0</fprob>
        </actor>
        <ports>
            <port dstActor="D0N35" name="p0" srcActor="D0N11"/>
            <port dstActor="D0N33" name="p1" srcActor="D0N11"/>
            <port dstActor="D0N24" name="p2" srcActor="D0N11"/>
            <port dstActor="D0N42" name="p3" srcActor="D0N39"/>
            <port dstActor="D0N38" name="p4" srcActor="D0N34"/>
            <port dstActor="D0N44" name="p5" srcActor="D0N29"/>
            <port dstActor="D0N31" name="p6" srcActor="D0N29"/>
            <port dstActor="D0N36" name="p7" srcActor="D0N29"/>
            <port dstActor="D0N27" name="p8" srcActor="D0N18"/>
            <port dstActor="D0N19" name="p9" srcActor="D0N18"/>
            <port dstActor="D0N44" name="p10" srcActor="D0N18"/>
            <port dstActor="D0N34" name="p11" srcActor="D0N27"/>
            <port dstActor="D0N44" name="p12" srcActor="D0N37"/>
            <port dstActor="D0N43" name="p13" srcActor="D0N37"/>
            <port dstActor="D0N42" name="p14" srcActor="D0N37"/>
            <port dstActor="D0N42" name="p15" srcActor="D0N31"/>
            <port dstActor="D0N36" name="p16" srcActor="D0N32"/>
            <port dstActor="D0N25" name="p17" srcActor="D0N21"/>
            <port dstActor="D0N9" name="p18" srcActor="D0N7"/>
            <port dstActor="D0N20" name="p19" srcActor="D0N7"/>
            <port dstActor="D0N38" name="p20" srcActor="D0N7"/>
            <port dstActor="D0N32" name="p21" srcActor="D0N30"/>
            <port dstActor="D0N28" name="p22" srcActor="D0N23"/>
            <port dstActor="D0N24" name="p23" srcActor="D0N23"/>
            <port dstActor="D0N19" name="p24" srcActor="D0N9"/>
            <port dstActor="D0N16" name="p25" srcActor="D0N9"/>
            <port dstActor="D0N23" name="p26" srcActor="D0N9"/>
            <port dstActor="D0N39" name="p27" srcActor="D0N9"/>
            <port dstActor="D0N25" name="p28" srcActor="D0N9"/>
            <port dstActor="D0N31" name="p29" srcActor="D0N4"/>
            <port dstActor="D0N42" name="p30" srcActor="D0N4"/>
            <port dstActor="D0N34" name="p31" srcActor="D0N4"/>
            <port dstActor="D0N38" name="p32" srcActor="D0N24"/>
            <port dstActor="D0N42" name="p33" srcActor="D0N24"/>
            <port dstActor="D0N28" name="p34" srcActor="D0N26"/>
            <port dstActor="D0N37" name="p35" srcActor="D0N26"/>
            <port dstActor="D0N39" name="p36" srcActor="D0N12"/>
            <port dstActor="D0N17" name="p37" srcActor="D0N12"/>
            <port dstActor="D0N42" name="p38" srcActor="D0N12"/>
            <port dstActor="D0N21" name="p39" srcActor="D0N12"/>
            <port dstActor="D0N28" name="p40" srcActor="D0N12"/>
            <port dstActor="D0N19" name="p41" srcActor="D0N3"/>
            <port dstActor="D0N7" name="p42" srcActor="D0N3"/>
            <port dstActor="D0N23" name="p43" srcActor="D0N16"/>
            <port dstActor="D0N33" name="p44" srcActor="D0N13"/>
            <port dstActor="D0N29" name="p45" srcActor="D0N13"/>
            <port dstActor="D0N39" name="p46" srcActor="D0N13"/>
            <port dstActor="D0N17" name="p47" srcActor="D0N13"/>
            <port dstActor="D0N23" name="p48" srcActor="D0N1"/>
            <port dstActor="D0N34" name="p49" srcActor="D0N1"/>
            <port dstActor="D0N37" name="p50" srcActor="D0N1"/>
            <port dstActor="D0N21" name="p51" srcActor="D0N1"/>
            <port dstActor="D0N43" name="p52" srcActor="D0N1"/>
            <port dstActor="D0N27" name="p53" srcActor="D0N25"/>
            <port dstActor="D0N32" name="p54" srcActor="D0N15"/>
            <port dstActor="D0N28" name="p55" srcActor="D0N15"/>
            <port dstActor="D0N24" name="p56" srcActor="D0N17"/>
            <port dstActor="D0N36" name="p57" srcActor="D0N17"/>
            <port dstActor="D0N6" name="p58" srcActor="D0N2"/>
            <port dstActor="D0N21" name="p59" srcActor="D0N2"/>
            <port dstActor="D0N33" name="p60" srcActor="D0N8"/>
            <port dstActor="D0N27" name="p61" srcActor="D0N8"/>
            <port dstActor="D0N31" name="p62" srcActor="D0N8"/>
            <port dstActor="D0N17" name="p63" srcActor="D0N0"/>
            <port dstActor="D0N39" name="p64" srcActor="D0N0"/>
            <port dstActor="D0N43" name="p65" srcActor="D0N0"/>
            <port dstActor="D0N30" name="p66" srcActor="D0N0"/>
            <port dstActor="D0N20" name="p67" srcActor="D0N6"/>
            <port dstActor="D0N36" name="p68" srcActor="D0N6"/>
            <port dstActor="D0N43" name="p69" srcActor="D0N6"/>
            <port dstActor="D0N22" name="p70" srcActor="D0N6"/>
            <port dstActor="D0N40" name="p71" srcActor="D0N6"/>
            <port dstActor="D0N24" name="p72" srcActor="D0N6"/>
            <port dstActor="D0N35" name="p73" srcActor="D0N22"/>
            <port dstActor="D0N26" name="p74" srcActor="D0N22"/>
            <port dstActor="D0N26" name="p75" srcActor="D0N14"/>
            <port dstActor="D0N36" name="p76" srcActor="D0N14"/>
            <port dstActor="D0N30" name="p77" srcActor="D0N14"/>
            <port dstActor="D0N35" name="p78" srcActor="D0N14"/>
            <port dstActor="D0N22" name="p79" srcActor="D0N14"/>
            <port dstActor="D0N44" name="p80" srcActor="D0N20"/>
        </ports>
    </mcdag>
    <cores number="3"/>
    <levels number="2"/>
</mcsystem>
