<?xml version="1.0" encoding="UTF-8" standalone="no"?>
<mcsystem>
    <mcdag deadline="1000" name="genned-0-ed-10.0-0">
        <actor name="D0N34">
            <wcet number="0">10</wcet>
            <wcet number="1">20</wcet>
            <maxpow number="0.3794184582938314"/>
            <maxpow number="0.3794184582938314"/>
            <fprob>0.0</fprob>
        </actor>
        <actor name="D0N10">
            <wcet number="0">30</wcet>
            <wcet number="1">100</wcet>
            <maxpow number="0.46381883012228875"/>
            <maxpow number="0.46381883012228875"/>
            <fprob>0.0</fprob>
        </actor>
        <actor name="D0N26">
            <wcet number="0">20</wcet>
            <wcet number="1">60</wcet>
            <maxpow number="0.8329254765870574"/>
            <maxpow number="0.8329254765870574"/>
            <fprob>0.0</fprob>
        </actor>
        <actor name="D0N41">
            <wcet number="0">10</wcet>
            <wcet number="1">10</wcet>
            <maxpow number="0.8945994025418603"/>
            <maxpow number="0.8945994025418603"/>
            <fprob>0.0</fprob>
        </actor>
        <actor name="D0N28">
            <wcet number="0">10</wcet>
            <wcet number="1">90</wcet>
            <maxpow number="0.5077886448080302"/>
            <maxpow number="0.5077886448080302"/>
            <fprob>0.0</fprob>
        </actor>
        <actor name="D0N39">
            <wcet number="0">20</wcet>
            <wcet number="1">20</wcet>
            <maxpow number="0.32989107209517865"/>
            <maxpow number="0.32989107209517865"/>
            <fprob>0.0</fprob>
        </actor>
        <actor name="D0N15">
            <wcet number="0">40</wcet>
            <wcet number="1">40</wcet>
            <maxpow number="0.41380973219853856"/>
            <maxpow number="0.41380973219853856"/>
            <fprob>0.0</fprob>
        </actor>
        <actor name="D0N19">
            <wcet number="0">20</wcet>
            <wcet number="1">30</wcet>
            <maxpow number="0.46176438645055495"/>
            <maxpow number="0.46176438645055495"/>
            <fprob>0.0</fprob>
        </actor>
        <actor name="D0N38">
            <wcet number="0">10</wcet>
            <wcet number="1">30</wcet>
            <maxpow number="0.686608156271974"/>
            <maxpow number="0.686608156271974"/>
            <fprob>0.0</fprob>
        </actor>
        <actor name="D0N17">
            <wcet number="0">10</wcet>
            <wcet number="1">10</wcet>
            <maxpow number="0.4718184435078462"/>
            <maxpow number="0.4718184435078462"/>
            <fprob>0.0</fprob>
        </actor>
        <actor name="D0N37">
            <wcet number="0">10</wcet>
            <wcet number="1">10</wcet>
            <maxpow number="0.6029914790862175"/>
            <maxpow number="0.6029914790862175"/>
            <fprob>0.0</fprob>
        </actor>
        <actor name="D0N4">
            <wcet number="0">10</wcet>
            <wcet number="1">10</wcet>
            <maxpow number="0.3662693516984457"/>
            <maxpow number="0.3662693516984457"/>
            <fprob>0.0</fprob>
        </actor>
        <actor name="D0N36">
            <wcet number="0">10</wcet>
            <wcet number="1">20</wcet>
            <maxpow number="0.514824048187815"/>
            <maxpow number="0.514824048187815"/>
            <fprob>0.0</fprob>
        </actor>
        <actor name="D0N32">
            <wcet number="0">30</wcet>
            <wcet number="1">50</wcet>
            <maxpow number="0.2594294961987714"/>
            <maxpow number="0.2594294961987714"/>
            <fprob>0.0</fprob>
        </actor>
        <actor name="D0N42">
            <wcet number="0">30</wcet>
            <wcet number="1">50</wcet>
            <maxpow number="0.3342779464204464"/>
            <maxpow number="0.3342779464204464"/>
            <fprob>0.0</fprob>
        </actor>
        <actor name="D0N31">
            <wcet number="0">10</wcet>
            <wcet number="1">20</wcet>
            <maxpow number="0.43526294190303105"/>
            <maxpow number="0.43526294190303105"/>
            <fprob>0.0</fprob>
        </actor>
        <actor name="D0N14">
            <wcet number="0">30</wcet>
            <wcet number="1">30</wcet>
            <maxpow number="0.4780634778713439"/>
            <maxpow number="0.4780634778713439"/>
            <fprob>0.0</fprob>
        </actor>
        <actor name="D0N21">
            <wcet number="0">60</wcet>
            <wcet number="1">60</wcet>
            <maxpow number="0.9678112352923075"/>
            <maxpow number="0.9678112352923075"/>
            <fprob>0.0</fprob>
        </actor>
        <actor name="D0N20">
            <wcet number="0">90</wcet>
            <wcet number="1">150</wcet>
            <maxpow number="0.479662943643177"/>
            <maxpow number="0.479662943643177"/>
            <fprob>0.0</fprob>
        </actor>
        <actor name="D0N23">
            <wcet number="0">50</wcet>
            <wcet number="1">60</wcet>
            <maxpow number="0.5434791728060181"/>
            <maxpow number="0.5434791728060181"/>
            <fprob>0.0</fprob>
        </actor>
        <actor name="D0N9">
            <wcet number="0">10</wcet>
            <wcet number="1">10</wcet>
            <maxpow number="0.22767013922672658"/>
            <maxpow number="0.22767013922672658"/>
            <fprob>0.0</fprob>
        </actor>
        <actor name="D0N16">
            <wcet number="0">20</wcet>
            <wcet number="1">70</wcet>
            <maxpow number="0.4834067688715304"/>
            <maxpow number="0.4834067688715304"/>
            <fprob>0.0</fprob>
        </actor>
        <actor name="D0N44">
            <wcet number="0">70</wcet>
            <wcet number="1">80</wcet>
            <maxpow number="0.5135333502694113"/>
            <maxpow number="0.5135333502694113"/>
            <fprob>0.0</fprob>
        </actor>
        <actor name="D0N3">
            <wcet number="0">10</wcet>
            <wcet number="1">10</wcet>
            <maxpow number="0.5285727259229865"/>
            <maxpow number="0.5285727259229865"/>
            <fprob>0.0</fprob>
        </actor>
        <actor name="D0N33">
            <wcet number="0">20</wcet>
            <wcet number="1">20</wcet>
            <maxpow number="0.7078194546048691"/>
            <maxpow number="0.7078194546048691"/>
            <fprob>0.0</fprob>
        </actor>
        <actor name="D0N11">
            <wcet number="0">10</wcet>
            <wcet number="1">20</wcet>
            <maxpow number="0.3400059160010145"/>
            <maxpow number="0.3400059160010145"/>
            <fprob>0.0</fprob>
        </actor>
        <actor name="D0N43">
            <wcet number="0">10</wcet>
            <wcet number="1">10</wcet>
            <maxpow number="0.10882448651737031"/>
            <maxpow number="0.10882448651737031"/>
            <fprob>0.0</fprob>
        </actor>
        <actor name="D0N12">
            <wcet number="0">10</wcet>
            <wcet number="1">20</wcet>
            <maxpow number="0.20832358761517417"/>
            <maxpow number="0.20832358761517417"/>
            <fprob>0.0</fprob>
        </actor>
        <actor name="D0N2">
            <wcet number="0">10</wcet>
            <wcet number="1">20</wcet>
            <maxpow number="0.8339762052265192"/>
            <maxpow number="0.8339762052265192"/>
            <fprob>0.0</fprob>
        </actor>
        <actor name="D0N8">
            <wcet number="0">10</wcet>
            <wcet number="1">10</wcet>
            <maxpow number="0.6288466043358503"/>
            <maxpow number="0.6288466043358503"/>
            <fprob>0.0</fprob>
        </actor>
        <actor name="D0N35">
            <wcet number="0">30</wcet>
            <wcet number="1">70</wcet>
            <maxpow number="0.7017184752592283"/>
            <maxpow number="0.7017184752592283"/>
            <fprob>0.0</fprob>
        </actor>
        <actor name="D0N45">
            <wcet number="0">10</wcet>
            <wcet number="1">70</wcet>
            <maxpow number="0.6133069974295876"/>
            <maxpow number="0.6133069974295876"/>
            <fprob>0.0</fprob>
        </actor>
        <actor name="D0N6">
            <wcet number="0">30</wcet>
            <wcet number="1">30</wcet>
            <maxpow number="0.37049489622314347"/>
            <maxpow number="0.37049489622314347"/>
            <fprob>0.0</fprob>
        </actor>
        <actor name="D0N40">
            <wcet number="0">80</wcet>
            <wcet number="1">90</wcet>
            <maxpow number="0.5594666452504653"/>
            <maxpow number="0.5594666452504653"/>
            <fprob>0.0</fprob>
        </actor>
        <actor name="D0N1">
            <wcet number="0">40</wcet>
            <wcet number="1">100</wcet>
            <maxpow number="0.8147868439324518"/>
            <maxpow number="0.8147868439324518"/>
            <fprob>0.0</fprob>
        </actor>
        <actor name="D0N24">
            <wcet number="0">10</wcet>
            <wcet number="1">150</wcet>
            <maxpow number="0.6767206113253645"/>
            <maxpow number="0.6767206113253645"/>
            <fprob>0.0</fprob>
        </actor>
        <actor name="D0N5">
            <wcet number="0">10</wcet>
            <wcet number="1">30</wcet>
            <maxpow number="0.12389338323131516"/>
            <maxpow number="0.12389338323131516"/>
            <fprob>0.0</fprob>
        </actor>
        <actor name="D0N25">
            <wcet number="0">30</wcet>
            <wcet number="1">30</wcet>
            <maxpow number="0.3099818350618412"/>
            <maxpow number="0.3099818350618412"/>
            <fprob>0.0</fprob>
        </actor>
        <actor name="D0N7">
            <wcet number="0">60</wcet>
            <wcet number="1">60</wcet>
            <maxpow number="0.7013301832052139"/>
            <maxpow number="0.7013301832052139"/>
            <fprob>0.0</fprob>
        </actor>
        <actor name="D0N13">
            <wcet number="0">20</wcet>
            <wcet number="1">60</wcet>
            <maxpow number="0.574261072070962"/>
            <maxpow number="0.574261072070962"/>
            <fprob>0.0</fprob>
        </actor>
        <actor name="D0N0">
            <wcet number="0">70</wcet>
            <wcet number="1">140</wcet>
            <maxpow number="0.595134126360211"/>
            <maxpow number="0.595134126360211"/>
            <fprob>0.0</fprob>
        </actor>
        <actor name="D0N22">
            <wcet number="0">130</wcet>
            <wcet number="1">140</wcet>
            <maxpow number="0.6893866405366091"/>
            <maxpow number="0.6893866405366091"/>
            <fprob>0.0</fprob>
        </actor>
        <actor name="D0N18">
            <wcet number="0">60</wcet>
            <wcet number="1">70</wcet>
            <maxpow number="0.7090551457955792"/>
            <maxpow number="0.7090551457955792"/>
            <fprob>0.0</fprob>
        </actor>
        <actor name="D0N29">
            <wcet number="0">30</wcet>
            <wcet number="1">50</wcet>
            <maxpow number="0.5128889283533513"/>
            <maxpow number="0.5128889283533513"/>
            <fprob>0.0</fprob>
        </actor>
        <actor name="D0N30">
            <wcet number="0">30</wcet>
            <wcet number="1">60</wcet>
            <maxpow number="0.3617690840318607"/>
            <maxpow number="0.3617690840318607"/>
            <fprob>0.0</fprob>
        </actor>
        <actor name="D0N27">
            <wcet number="0">10</wcet>
            <wcet number="1">10</wcet>
            <maxpow number="0.35393117938880336"/>
            <maxpow number="0.35393117938880336"/>
            <fprob>0.0</fprob>
        </actor>
        <ports>
            <port dstActor="D0N41" name="p0" srcActor="D0N34"/>
            <port dstActor="D0N44" name="p1" srcActor="D0N34"/>
            <port dstActor="D0N11" name="p2" srcActor="D0N10"/>
            <port dstActor="D0N38" name="p3" srcActor="D0N10"/>
            <port dstActor="D0N12" name="p4" srcActor="D0N10"/>
            <port dstActor="D0N33" name="p5" srcActor="D0N26"/>
            <port dstActor="D0N29" name="p6" srcActor="D0N28"/>
            <port dstActor="D0N40" name="p7" srcActor="D0N28"/>
            <port dstActor="D0N32" name="p8" srcActor="D0N28"/>
            <port dstActor="D0N44" name="p9" srcActor="D0N28"/>
            <port dstActor="D0N16" name="p10" srcActor="D0N15"/>
            <port dstActor="D0N43" name="p11" srcActor="D0N15"/>
            <port dstActor="D0N36" name="p12" srcActor="D0N15"/>
            <port dstActor="D0N29" name="p13" srcActor="D0N19"/>
            <port dstActor="D0N23" name="p14" srcActor="D0N19"/>
            <port dstActor="D0N35" name="p15" srcActor="D0N19"/>
            <port dstActor="D0N41" name="p16" srcActor="D0N38"/>
            <port dstActor="D0N23" name="p17" srcActor="D0N17"/>
            <port dstActor="D0N25" name="p18" srcActor="D0N17"/>
            <port dstActor="D0N37" name="p19" srcActor="D0N17"/>
            <port dstActor="D0N42" name="p20" srcActor="D0N37"/>
            <port dstActor="D0N40" name="p21" srcActor="D0N37"/>
            <port dstActor="D0N45" name="p22" srcActor="D0N37"/>
            <port dstActor="D0N13" name="p23" srcActor="D0N4"/>
            <port dstActor="D0N45" name="p24" srcActor="D0N4"/>
            <port dstActor="D0N19" name="p25" srcActor="D0N4"/>
            <port dstActor="D0N38" name="p26" srcActor="D0N36"/>
            <port dstActor="D0N45" name="p27" srcActor="D0N36"/>
            <port dstActor="D0N38" name="p28" srcActor="D0N32"/>
            <port dstActor="D0N33" name="p29" srcActor="D0N31"/>
            <port dstActor="D0N26" name="p30" srcActor="D0N14"/>
            <port dstActor="D0N43" name="p31" srcActor="D0N14"/>
            <port dstActor="D0N23" name="p32" srcActor="D0N14"/>
            <port dstActor="D0N34" name="p33" srcActor="D0N14"/>
            <port dstActor="D0N18" name="p34" srcActor="D0N14"/>
            <port dstActor="D0N32" name="p35" srcActor="D0N21"/>
            <port dstActor="D0N31" name="p36" srcActor="D0N21"/>
            <port dstActor="D0N37" name="p37" srcActor="D0N21"/>
            <port dstActor="D0N44" name="p38" srcActor="D0N21"/>
            <port dstActor="D0N36" name="p39" srcActor="D0N21"/>
            <port dstActor="D0N34" name="p40" srcActor="D0N21"/>
            <port dstActor="D0N34" name="p41" srcActor="D0N20"/>
            <port dstActor="D0N37" name="p42" srcActor="D0N20"/>
            <port dstActor="D0N44" name="p43" srcActor="D0N20"/>
            <port dstActor="D0N36" name="p44" srcActor="D0N20"/>
            <port dstActor="D0N41" name="p45" srcActor="D0N20"/>
            <port dstActor="D0N30" name="p46" srcActor="D0N20"/>
            <port dstActor="D0N45" name="p47" srcActor="D0N20"/>
            <port dstActor="D0N40" name="p48" srcActor="D0N23"/>
            <port dstActor="D0N23" name="p49" srcActor="D0N9"/>
            <port dstActor="D0N21" name="p50" srcActor="D0N9"/>
            <port dstActor="D0N20" name="p51" srcActor="D0N9"/>
            <port dstActor="D0N27" name="p52" srcActor="D0N9"/>
            <port dstActor="D0N37" name="p53" srcActor="D0N9"/>
            <port dstActor="D0N35" name="p54" srcActor="D0N16"/>
            <port dstActor="D0N30" name="p55" srcActor="D0N16"/>
            <port dstActor="D0N21" name="p56" srcActor="D0N3"/>
            <port dstActor="D0N38" name="p57" srcActor="D0N3"/>
            <port dstActor="D0N42" name="p58" srcActor="D0N33"/>
            <port dstActor="D0N37" name="p59" srcActor="D0N33"/>
            <port dstActor="D0N28" name="p60" srcActor="D0N11"/>
            <port dstActor="D0N41" name="p61" srcActor="D0N11"/>
            <port dstActor="D0N13" name="p62" srcActor="D0N11"/>
            <port dstActor="D0N32" name="p63" srcActor="D0N11"/>
            <port dstActor="D0N40" name="p64" srcActor="D0N12"/>
            <port dstActor="D0N43" name="p65" srcActor="D0N12"/>
            <port dstActor="D0N10" name="p66" srcActor="D0N2"/>
            <port dstActor="D0N7" name="p67" srcActor="D0N2"/>
            <port dstActor="D0N6" name="p68" srcActor="D0N2"/>
            <port dstActor="D0N32" name="p69" srcActor="D0N2"/>
            <port dstActor="D0N24" name="p70" srcActor="D0N8"/>
            <port dstActor="D0N36" name="p71" srcActor="D0N8"/>
            <port dstActor="D0N11" name="p72" srcActor="D0N8"/>
            <port dstActor="D0N17" name="p73" srcActor="D0N8"/>
            <port dstActor="D0N27" name="p74" srcActor="D0N8"/>
            <port dstActor="D0N43" name="p75" srcActor="D0N6"/>
            <port dstActor="D0N21" name="p76" srcActor="D0N6"/>
            <port dstActor="D0N14" name="p77" srcActor="D0N6"/>
            <port dstActor="D0N44" name="p78" srcActor="D0N6"/>
            <port dstActor="D0N9" name="p79" srcActor="D0N6"/>
            <port dstActor="D0N43" name="p80" srcActor="D0N40"/>
            <port dstActor="D0N44" name="p81" srcActor="D0N1"/>
            <port dstActor="D0N11" name="p82" srcActor="D0N1"/>
            <port dstActor="D0N28" name="p83" srcActor="D0N1"/>
            <port dstActor="D0N44" name="p84" srcActor="D0N24"/>
            <port dstActor="D0N33" name="p85" srcActor="D0N24"/>
            <port dstActor="D0N41" name="p86" srcActor="D0N5"/>
            <port dstActor="D0N22" name="p87" srcActor="D0N5"/>
            <port dstActor="D0N42" name="p88" srcActor="D0N25"/>
            <port dstActor="D0N43" name="p89" srcActor="D0N25"/>
            <port dstActor="D0N30" name="p90" srcActor="D0N25"/>
            <port dstActor="D0N35" name="p91" srcActor="D0N25"/>
            <port dstActor="D0N38" name="p92" srcActor="D0N7"/>
            <port dstActor="D0N15" name="p93" srcActor="D0N7"/>
            <port dstActor="D0N27" name="p94" srcActor="D0N13"/>
            <port dstActor="D0N36" name="p95" srcActor="D0N13"/>
            <port dstActor="D0N42" name="p96" srcActor="D0N13"/>
            <port dstActor="D0N26" name="p97" srcActor="D0N13"/>
            <port dstActor="D0N1" name="p98" srcActor="D0N0"/>
            <port dstActor="D0N37" name="p99" srcActor="D0N0"/>
            <port dstActor="D0N16" name="p100" srcActor="D0N0"/>
            <port dstActor="D0N21" name="p101" srcActor="D0N0"/>
            <port dstActor="D0N26" name="p102" srcActor="D0N22"/>
            <port dstActor="D0N28" name="p103" srcActor="D0N22"/>
            <port dstActor="D0N27" name="p104" srcActor="D0N22"/>
            <port dstActor="D0N34" name="p105" srcActor="D0N22"/>
            <port dstActor="D0N30" name="p106" srcActor="D0N18"/>
            <port dstActor="D0N41" name="p107" srcActor="D0N18"/>
            <port dstActor="D0N35" name="p108" srcActor="D0N18"/>
            <port dstActor="D0N35" name="p109" srcActor="D0N30"/>
            <port dstActor="D0N31" name="p110" srcActor="D0N30"/>
            <port dstActor="D0N42" name="p111" srcActor="D0N30"/>
            <port dstActor="D0N37" name="p112" srcActor="D0N27"/>
        </ports>
    </mcdag>
    <cores number="3"/>
    <levels number="2"/>
</mcsystem>
