<?xml version="1.0" encoding="UTF-8" standalone="no"?>
<mcsystem>
    <mcdag deadline="1500" name="genned-0-ed-10.0-0">
        <actor name="D0N28">
            <wcet number="0">10</wcet>
            <wcet number="1">10</wcet>
            <maxpow number="0.44797076057557966"/>
            <maxpow number="0.44797076057557966"/>
            <fprob>0.0</fprob>
        </actor>
        <actor name="D0N19">
            <wcet number="0">30</wcet>
            <wcet number="1">50</wcet>
            <maxpow number="0.6737487368905604"/>
            <maxpow number="0.6737487368905604"/>
            <fprob>0.0</fprob>
        </actor>
        <actor name="D0N0">
            <wcet number="0">30</wcet>
            <wcet number="1">80</wcet>
            <maxpow number="0.12581375011505835"/>
            <maxpow number="0.12581375011505835"/>
            <fprob>0.0</fprob>
        </actor>
        <actor name="D0N9">
            <wcet number="0">100</wcet>
            <wcet number="1">150</wcet>
            <maxpow number="0.37227061769007774"/>
            <maxpow number="0.37227061769007774"/>
            <fprob>0.0</fprob>
        </actor>
        <actor name="D0N14">
            <wcet number="0">40</wcet>
            <wcet number="1">50</wcet>
            <maxpow number="0.6604710786197431"/>
            <maxpow number="0.6604710786197431"/>
            <fprob>0.0</fprob>
        </actor>
        <actor name="D0N41">
            <wcet number="0">20</wcet>
            <wcet number="1">60</wcet>
            <maxpow number="0.30578785900338146"/>
            <maxpow number="0.30578785900338146"/>
            <fprob>0.0</fprob>
        </actor>
        <actor name="D0N24">
            <wcet number="0">80</wcet>
            <wcet number="1">150</wcet>
            <maxpow number="0.45238861936734565"/>
            <maxpow number="0.45238861936734565"/>
            <fprob>0.0</fprob>
        </actor>
        <actor name="D0N2">
            <wcet number="0">60</wcet>
            <wcet number="1">60</wcet>
            <maxpow number="0.5319705034434279"/>
            <maxpow number="0.5319705034434279"/>
            <fprob>0.0</fprob>
        </actor>
        <actor name="D0N21">
            <wcet number="0">10</wcet>
            <wcet number="1">20</wcet>
            <maxpow number="0.8273176353533074"/>
            <maxpow number="0.8273176353533074"/>
            <fprob>0.0</fprob>
        </actor>
        <actor name="D0N48">
            <wcet number="0">10</wcet>
            <wcet number="1">30</wcet>
            <maxpow number="0.7492616152540277"/>
            <maxpow number="0.7492616152540277"/>
            <fprob>0.0</fprob>
        </actor>
        <actor name="D0N43">
            <wcet number="0">40</wcet>
            <wcet number="1">40</wcet>
            <maxpow number="0.1354060876403675"/>
            <maxpow number="0.1354060876403675"/>
            <fprob>0.0</fprob>
        </actor>
        <actor name="D0N44">
            <wcet number="0">20</wcet>
            <wcet number="1">40</wcet>
            <maxpow number="0.6988405483549005"/>
            <maxpow number="0.6988405483549005"/>
            <fprob>0.0</fprob>
        </actor>
        <actor name="D0N27">
            <wcet number="0">30</wcet>
            <wcet number="1">60</wcet>
            <maxpow number="0.8248756184908641"/>
            <maxpow number="0.8248756184908641"/>
            <fprob>0.0</fprob>
        </actor>
        <actor name="D0N7">
            <wcet number="0">10</wcet>
            <wcet number="1">80</wcet>
            <maxpow number="0.5532146187659817"/>
            <maxpow number="0.5532146187659817"/>
            <fprob>0.0</fprob>
        </actor>
        <actor name="D0N40">
            <wcet number="0">70</wcet>
            <wcet number="1">230</wcet>
            <maxpow number="0.5375305700438829"/>
            <maxpow number="0.5375305700438829"/>
            <fprob>0.0</fprob>
        </actor>
        <actor name="D0N26">
            <wcet number="0">10</wcet>
            <wcet number="1">40</wcet>
            <maxpow number="0.45994679731407795"/>
            <maxpow number="0.45994679731407795"/>
            <fprob>0.0</fprob>
        </actor>
        <actor name="D0N30">
            <wcet number="0">10</wcet>
            <wcet number="1">10</wcet>
            <maxpow number="0.825298783165265"/>
            <maxpow number="0.825298783165265"/>
            <fprob>0.0</fprob>
        </actor>
        <actor name="D0N22">
            <wcet number="0">10</wcet>
            <wcet number="1">10</wcet>
            <maxpow number="0.30886061034014467"/>
            <maxpow number="0.30886061034014467"/>
            <fprob>0.0</fprob>
        </actor>
        <actor name="D0N32">
            <wcet number="0">20</wcet>
            <wcet number="1">30</wcet>
            <maxpow number="0.6881221767026648"/>
            <maxpow number="0.6881221767026648"/>
            <fprob>0.0</fprob>
        </actor>
        <actor name="D0N35">
            <wcet number="0">10</wcet>
            <wcet number="1">30</wcet>
            <maxpow number="0.7163329594809632"/>
            <maxpow number="0.7163329594809632"/>
            <fprob>0.0</fprob>
        </actor>
        <actor name="D0N5">
            <wcet number="0">30</wcet>
            <wcet number="1">200</wcet>
            <maxpow number="0.5601612220830815"/>
            <maxpow number="0.5601612220830815"/>
            <fprob>0.0</fprob>
        </actor>
        <actor name="D0N37">
            <wcet number="0">30</wcet>
            <wcet number="1">40</wcet>
            <maxpow number="0.9072700035774283"/>
            <maxpow number="0.9072700035774283"/>
            <fprob>0.0</fprob>
        </actor>
        <actor name="D0N29">
            <wcet number="0">20</wcet>
            <wcet number="1">50</wcet>
            <maxpow number="0.25899987973959254"/>
            <maxpow number="0.25899987973959254"/>
            <fprob>0.0</fprob>
        </actor>
        <actor name="D0N3">
            <wcet number="0">60</wcet>
            <wcet number="1">290</wcet>
            <maxpow number="0.12124483498419336"/>
            <maxpow number="0.12124483498419336"/>
            <fprob>0.0</fprob>
        </actor>
        <actor name="D0N33">
            <wcet number="0">40</wcet>
            <wcet number="1">40</wcet>
            <maxpow number="0.49147482444296703"/>
            <maxpow number="0.49147482444296703"/>
            <fprob>0.0</fprob>
        </actor>
        <actor name="D0N12">
            <wcet number="0">10</wcet>
            <wcet number="1">20</wcet>
            <maxpow number="0.4444728480152651"/>
            <maxpow number="0.4444728480152651"/>
            <fprob>0.0</fprob>
        </actor>
        <actor name="D0N25">
            <wcet number="0">40</wcet>
            <wcet number="1">50</wcet>
            <maxpow number="0.6882228469918457"/>
            <maxpow number="0.6882228469918457"/>
            <fprob>0.0</fprob>
        </actor>
        <actor name="D0N34">
            <wcet number="0">20</wcet>
            <wcet number="1">50</wcet>
            <maxpow number="0.6091483528923507"/>
            <maxpow number="0.6091483528923507"/>
            <fprob>0.0</fprob>
        </actor>
        <actor name="D0N8">
            <wcet number="0">10</wcet>
            <wcet number="1">10</wcet>
            <maxpow number="0.7629447675736312"/>
            <maxpow number="0.7629447675736312"/>
            <fprob>0.0</fprob>
        </actor>
        <actor name="D0N16">
            <wcet number="0">60</wcet>
            <wcet number="1">60</wcet>
            <maxpow number="0.5128257060302441"/>
            <maxpow number="0.5128257060302441"/>
            <fprob>0.0</fprob>
        </actor>
        <actor name="D0N39">
            <wcet number="0">30</wcet>
            <wcet number="1">40</wcet>
            <maxpow number="0.9416460125396067"/>
            <maxpow number="0.9416460125396067"/>
            <fprob>0.0</fprob>
        </actor>
        <actor name="D0N23">
            <wcet number="0">20</wcet>
            <wcet number="1">90</wcet>
            <maxpow number="0.4304323257208453"/>
            <maxpow number="0.4304323257208453"/>
            <fprob>0.0</fprob>
        </actor>
        <actor name="D0N1">
            <wcet number="0">180</wcet>
            <wcet number="1">190</wcet>
            <maxpow number="0.16282880439866404"/>
            <maxpow number="0.16282880439866404"/>
            <fprob>0.0</fprob>
        </actor>
        <actor name="D0N11">
            <wcet number="0">30</wcet>
            <wcet number="1">80</wcet>
            <maxpow number="0.6634716402671637"/>
            <maxpow number="0.6634716402671637"/>
            <fprob>0.0</fprob>
        </actor>
        <actor name="D0N15">
            <wcet number="0">170</wcet>
            <wcet number="1">180</wcet>
            <maxpow number="0.14654526002700252"/>
            <maxpow number="0.14654526002700252"/>
            <fprob>0.0</fprob>
        </actor>
        <actor name="D0N6">
            <wcet number="0">10</wcet>
            <wcet number="1">40</wcet>
            <maxpow number="0.5963077593848809"/>
            <maxpow number="0.5963077593848809"/>
            <fprob>0.0</fprob>
        </actor>
        <actor name="D0N46">
            <wcet number="0">50</wcet>
            <wcet number="1">110</wcet>
            <maxpow number="0.567554386654299"/>
            <maxpow number="0.567554386654299"/>
            <fprob>0.0</fprob>
        </actor>
        <actor name="D0N31">
            <wcet number="0">30</wcet>
            <wcet number="1">30</wcet>
            <maxpow number="0.427976953679409"/>
            <maxpow number="0.427976953679409"/>
            <fprob>0.0</fprob>
        </actor>
        <actor name="D0N20">
            <wcet number="0">50</wcet>
            <wcet number="1">130</wcet>
            <maxpow number="0.5922141812160051"/>
            <maxpow number="0.5922141812160051"/>
            <fprob>0.0</fprob>
        </actor>
        <actor name="D0N38">
            <wcet number="0">10</wcet>
            <wcet number="1">120</wcet>
            <maxpow number="0.4752483902653821"/>
            <maxpow number="0.4752483902653821"/>
            <fprob>0.0</fprob>
        </actor>
        <actor name="D0N42">
            <wcet number="0">30</wcet>
            <wcet number="1">30</wcet>
            <maxpow number="0.24165788530821536"/>
            <maxpow number="0.24165788530821536"/>
            <fprob>0.0</fprob>
        </actor>
        <actor name="D0N36">
            <wcet number="0">10</wcet>
            <wcet number="1">70</wcet>
            <maxpow number="0.34661300103643666"/>
            <maxpow number="0.34661300103643666"/>
            <fprob>0.0</fprob>
        </actor>
        <actor name="D0N47">
            <wcet number="0">10</wcet>
            <wcet number="1">40</wcet>
            <maxpow number="0.6580313702712128"/>
            <maxpow number="0.6580313702712128"/>
            <fprob>0.0</fprob>
        </actor>
        <actor name="D0N17">
            <wcet number="0">30</wcet>
            <wcet number="1">80</wcet>
            <maxpow number="0.5009035437969983"/>
            <maxpow number="0.5009035437969983"/>
            <fprob>0.0</fprob>
        </actor>
        <actor name="D0N18">
            <wcet number="0">10</wcet>
            <wcet number="1">30</wcet>
            <maxpow number="0.6340276276669278"/>
            <maxpow number="0.6340276276669278"/>
            <fprob>0.0</fprob>
        </actor>
        <actor name="D0N45">
            <wcet number="0">190</wcet>
            <wcet number="1">250</wcet>
            <maxpow number="0.7967770890233048"/>
            <maxpow number="0.7967770890233048"/>
            <fprob>0.0</fprob>
        </actor>
        <actor name="D0N4">
            <wcet number="0">10</wcet>
            <wcet number="1">30</wcet>
            <maxpow number="0.36561557155446506"/>
            <maxpow number="0.36561557155446506"/>
            <fprob>0.0</fprob>
        </actor>
        <actor name="D0N10">
            <wcet number="0">30</wcet>
            <wcet number="1">30</wcet>
            <maxpow number="0.4742945889082592"/>
            <maxpow number="0.4742945889082592"/>
            <fprob>0.0</fprob>
        </actor>
        <actor name="D0N13">
            <wcet number="0">490</wcet>
            <wcet number="1">590</wcet>
            <maxpow number="0.764709544733369"/>
            <maxpow number="0.764709544733369"/>
            <fprob>0.0</fprob>
        </actor>
        <ports>
            <port dstActor="D0N32" name="p0" srcActor="D0N28"/>
            <port dstActor="D0N46" name="p1" srcActor="D0N28"/>
            <port dstActor="D0N43" name="p2" srcActor="D0N0"/>
            <port dstActor="D0N17" name="p3" srcActor="D0N0"/>
            <port dstActor="D0N45" name="p4" srcActor="D0N0"/>
            <port dstActor="D0N8" name="p5" srcActor="D0N0"/>
            <port dstActor="D0N27" name="p6" srcActor="D0N9"/>
            <port dstActor="D0N41" name="p7" srcActor="D0N9"/>
            <port dstActor="D0N43" name="p8" srcActor="D0N14"/>
            <port dstActor="D0N25" name="p9" srcActor="D0N14"/>
            <port dstActor="D0N21" name="p10" srcActor="D0N14"/>
            <port dstActor="D0N41" name="p11" srcActor="D0N14"/>
            <port dstActor="D0N45" name="p12" srcActor="D0N24"/>
            <port dstActor="D0N24" name="p13" srcActor="D0N2"/>
            <port dstActor="D0N28" name="p14" srcActor="D0N2"/>
            <port dstActor="D0N32" name="p15" srcActor="D0N2"/>
            <port dstActor="D0N33" name="p16" srcActor="D0N2"/>
            <port dstActor="D0N12" name="p17" srcActor="D0N2"/>
            <port dstActor="D0N41" name="p18" srcActor="D0N2"/>
            <port dstActor="D0N22" name="p19" srcActor="D0N2"/>
            <port dstActor="D0N6" name="p20" srcActor="D0N2"/>
            <port dstActor="D0N36" name="p21" srcActor="D0N21"/>
            <port dstActor="D0N46" name="p22" srcActor="D0N21"/>
            <port dstActor="D0N47" name="p23" srcActor="D0N43"/>
            <port dstActor="D0N45" name="p24" srcActor="D0N44"/>
            <port dstActor="D0N47" name="p25" srcActor="D0N44"/>
            <port dstActor="D0N34" name="p26" srcActor="D0N27"/>
            <port dstActor="D0N33" name="p27" srcActor="D0N7"/>
            <port dstActor="D0N38" name="p28" srcActor="D0N7"/>
            <port dstActor="D0N46" name="p29" srcActor="D0N7"/>
            <port dstActor="D0N47" name="p30" srcActor="D0N7"/>
            <port dstActor="D0N44" name="p31" srcActor="D0N40"/>
            <port dstActor="D0N47" name="p32" srcActor="D0N40"/>
            <port dstActor="D0N42" name="p33" srcActor="D0N40"/>
            <port dstActor="D0N47" name="p34" srcActor="D0N26"/>
            <port dstActor="D0N28" name="p35" srcActor="D0N26"/>
            <port dstActor="D0N34" name="p36" srcActor="D0N26"/>
            <port dstActor="D0N46" name="p37" srcActor="D0N26"/>
            <port dstActor="D0N46" name="p38" srcActor="D0N30"/>
            <port dstActor="D0N34" name="p39" srcActor="D0N30"/>
            <port dstActor="D0N32" name="p40" srcActor="D0N22"/>
            <port dstActor="D0N38" name="p41" srcActor="D0N22"/>
            <port dstActor="D0N23" name="p42" srcActor="D0N22"/>
            <port dstActor="D0N47" name="p43" srcActor="D0N22"/>
            <port dstActor="D0N9" name="p44" srcActor="D0N5"/>
            <port dstActor="D0N39" name="p45" srcActor="D0N5"/>
            <port dstActor="D0N28" name="p46" srcActor="D0N5"/>
            <port dstActor="D0N14" name="p47" srcActor="D0N5"/>
            <port dstActor="D0N13" name="p48" srcActor="D0N5"/>
            <port dstActor="D0N24" name="p49" srcActor="D0N5"/>
            <port dstActor="D0N42" name="p50" srcActor="D0N37"/>
            <port dstActor="D0N40" name="p51" srcActor="D0N29"/>
            <port dstActor="D0N32" name="p52" srcActor="D0N29"/>
            <port dstActor="D0N37" name="p53" srcActor="D0N29"/>
            <port dstActor="D0N23" name="p54" srcActor="D0N3"/>
            <port dstActor="D0N10" name="p55" srcActor="D0N3"/>
            <port dstActor="D0N36" name="p56" srcActor="D0N33"/>
            <port dstActor="D0N34" name="p57" srcActor="D0N33"/>
            <port dstActor="D0N41" name="p58" srcActor="D0N33"/>
            <port dstActor="D0N48" name="p59" srcActor="D0N33"/>
            <port dstActor="D0N37" name="p60" srcActor="D0N33"/>
            <port dstActor="D0N47" name="p61" srcActor="D0N25"/>
            <port dstActor="D0N39" name="p62" srcActor="D0N25"/>
            <port dstActor="D0N48" name="p63" srcActor="D0N34"/>
            <port dstActor="D0N37" name="p64" srcActor="D0N8"/>
            <port dstActor="D0N35" name="p65" srcActor="D0N8"/>
            <port dstActor="D0N41" name="p66" srcActor="D0N8"/>
            <port dstActor="D0N36" name="p67" srcActor="D0N8"/>
            <port dstActor="D0N19" name="p68" srcActor="D0N8"/>
            <port dstActor="D0N14" name="p69" srcActor="D0N8"/>
            <port dstActor="D0N22" name="p70" srcActor="D0N8"/>
            <port dstActor="D0N22" name="p71" srcActor="D0N16"/>
            <port dstActor="D0N23" name="p72" srcActor="D0N16"/>
            <port dstActor="D0N20" name="p73" srcActor="D0N16"/>
            <port dstActor="D0N47" name="p74" srcActor="D0N23"/>
            <port dstActor="D0N32" name="p75" srcActor="D0N23"/>
            <port dstActor="D0N3" name="p76" srcActor="D0N1"/>
            <port dstActor="D0N8" name="p77" srcActor="D0N1"/>
            <port dstActor="D0N45" name="p78" srcActor="D0N1"/>
            <port dstActor="D0N5" name="p79" srcActor="D0N1"/>
            <port dstActor="D0N32" name="p80" srcActor="D0N11"/>
            <port dstActor="D0N26" name="p81" srcActor="D0N11"/>
            <port dstActor="D0N23" name="p82" srcActor="D0N15"/>
            <port dstActor="D0N42" name="p83" srcActor="D0N15"/>
            <port dstActor="D0N21" name="p84" srcActor="D0N15"/>
            <port dstActor="D0N44" name="p85" srcActor="D0N15"/>
            <port dstActor="D0N24" name="p86" srcActor="D0N6"/>
            <port dstActor="D0N16" name="p87" srcActor="D0N6"/>
            <port dstActor="D0N37" name="p88" srcActor="D0N31"/>
            <port dstActor="D0N32" name="p89" srcActor="D0N31"/>
            <port dstActor="D0N26" name="p90" srcActor="D0N20"/>
            <port dstActor="D0N45" name="p91" srcActor="D0N38"/>
            <port dstActor="D0N43" name="p92" srcActor="D0N38"/>
            <port dstActor="D0N48" name="p93" srcActor="D0N38"/>
            <port dstActor="D0N33" name="p94" srcActor="D0N17"/>
            <port dstActor="D0N26" name="p95" srcActor="D0N17"/>
            <port dstActor="D0N23" name="p96" srcActor="D0N17"/>
            <port dstActor="D0N37" name="p97" srcActor="D0N17"/>
            <port dstActor="D0N21" name="p98" srcActor="D0N18"/>
            <port dstActor="D0N20" name="p99" srcActor="D0N18"/>
            <port dstActor="D0N29" name="p100" srcActor="D0N18"/>
            <port dstActor="D0N40" name="p101" srcActor="D0N18"/>
            <port dstActor="D0N33" name="p102" srcActor="D0N4"/>
            <port dstActor="D0N39" name="p103" srcActor="D0N4"/>
            <port dstActor="D0N19" name="p104" srcActor="D0N4"/>
            <port dstActor="D0N27" name="p105" srcActor="D0N10"/>
            <port dstActor="D0N11" name="p106" srcActor="D0N10"/>
            <port dstActor="D0N48" name="p107" srcActor="D0N10"/>
            <port dstActor="D0N24" name="p108" srcActor="D0N10"/>
            <port dstActor="D0N43" name="p109" srcActor="D0N10"/>
            <port dstActor="D0N16" name="p110" srcActor="D0N13"/>
        </ports>
    </mcdag>
    <cores number="3"/>
    <levels number="2"/>
</mcsystem>
