<?xml version="1.0" encoding="UTF-8" standalone="no"?>
<mcsystem>
    <mcdag deadline="2000" name="genned-0-ed-10.0-0">
        <actor name="D0N44">
            <wcet number="0">10</wcet>
            <wcet number="1">10</wcet>
            <maxpow number="0.5685890782661146"/>
            <maxpow number="0.5685890782661146"/>
            <fprob>0.0</fprob>
        </actor>
        <actor name="D0N39">
            <wcet number="0">20</wcet>
            <wcet number="1">20</wcet>
            <maxpow number="0.43579931269654265"/>
            <maxpow number="0.43579931269654265"/>
            <fprob>0.0</fprob>
        </actor>
        <actor name="D0N13">
            <wcet number="0">30</wcet>
            <wcet number="1">70</wcet>
            <maxpow number="0.6684876999424249"/>
            <maxpow number="0.6684876999424249"/>
            <fprob>0.0</fprob>
        </actor>
        <actor name="D0N1">
            <wcet number="0">160</wcet>
            <wcet number="1">170</wcet>
            <maxpow number="0.7063090995376042"/>
            <maxpow number="0.7063090995376042"/>
            <fprob>0.0</fprob>
        </actor>
        <actor name="D0N3">
            <wcet number="0">10</wcet>
            <wcet number="1">50</wcet>
            <maxpow number="0.3422262810444934"/>
            <maxpow number="0.3422262810444934"/>
            <fprob>0.0</fprob>
        </actor>
        <actor name="D0N23">
            <wcet number="0">120</wcet>
            <wcet number="1">140</wcet>
            <maxpow number="0.38641875754849053"/>
            <maxpow number="0.38641875754849053"/>
            <fprob>0.0</fprob>
        </actor>
        <actor name="D0N12">
            <wcet number="0">50</wcet>
            <wcet number="1">80</wcet>
            <maxpow number="0.2541804396430237"/>
            <maxpow number="0.2541804396430237"/>
            <fprob>0.0</fprob>
        </actor>
        <actor name="D0N24">
            <wcet number="0">20</wcet>
            <wcet number="1">310</wcet>
            <maxpow number="0.4152828223610073"/>
            <maxpow number="0.4152828223610073"/>
            <fprob>0.0</fprob>
        </actor>
        <actor name="D0N16">
            <wcet number="0">20</wcet>
            <wcet number="1">30</wcet>
            <maxpow number="0.2779047370887187"/>
            <maxpow number="0.2779047370887187"/>
            <fprob>0.0</fprob>
        </actor>
        <actor name="D0N48">
            <wcet number="0">10</wcet>
            <wcet number="1">80</wcet>
            <maxpow number="0.5796645989689289"/>
            <maxpow number="0.5796645989689289"/>
            <fprob>0.0</fprob>
        </actor>
        <actor name="D0N32">
            <wcet number="0">20</wcet>
            <wcet number="1">50</wcet>
            <maxpow number="0.5270358006312168"/>
            <maxpow number="0.5270358006312168"/>
            <fprob>0.0</fprob>
        </actor>
        <actor name="D0N37">
            <wcet number="0">150</wcet>
            <wcet number="1">400</wcet>
            <maxpow number="0.6538026911841835"/>
            <maxpow number="0.6538026911841835"/>
            <fprob>0.0</fprob>
        </actor>
        <actor name="D0N19">
            <wcet number="0">10</wcet>
            <wcet number="1">100</wcet>
            <maxpow number="0.41132997389952697"/>
            <maxpow number="0.41132997389952697"/>
            <fprob>0.0</fprob>
        </actor>
        <actor name="D0N47">
            <wcet number="0">20</wcet>
            <wcet number="1">30</wcet>
            <maxpow number="0.5636659869386983"/>
            <maxpow number="0.5636659869386983"/>
            <fprob>0.0</fprob>
        </actor>
        <actor name="D0N35">
            <wcet number="0">60</wcet>
            <wcet number="1">80</wcet>
            <maxpow number="0.5090984820801188"/>
            <maxpow number="0.5090984820801188"/>
            <fprob>0.0</fprob>
        </actor>
        <actor name="D0N43">
            <wcet number="0">10</wcet>
            <wcet number="1">30</wcet>
            <maxpow number="0.5266855154989537"/>
            <maxpow number="0.5266855154989537"/>
            <fprob>0.0</fprob>
        </actor>
        <actor name="D0N28">
            <wcet number="0">10</wcet>
            <wcet number="1">200</wcet>
            <maxpow number="0.5716229228817455"/>
            <maxpow number="0.5716229228817455"/>
            <fprob>0.0</fprob>
        </actor>
        <actor name="D0N8">
            <wcet number="0">20</wcet>
            <wcet number="1">40</wcet>
            <maxpow number="0.6050418670008476"/>
            <maxpow number="0.6050418670008476"/>
            <fprob>0.0</fprob>
        </actor>
        <actor name="D0N34">
            <wcet number="0">230</wcet>
            <wcet number="1">320</wcet>
            <maxpow number="0.5845449816519297"/>
            <maxpow number="0.5845449816519297"/>
            <fprob>0.0</fprob>
        </actor>
        <actor name="D0N29">
            <wcet number="0">170</wcet>
            <wcet number="1">270</wcet>
            <maxpow number="0.30237847717297267"/>
            <maxpow number="0.30237847717297267"/>
            <fprob>0.0</fprob>
        </actor>
        <actor name="D0N7">
            <wcet number="0">30</wcet>
            <wcet number="1">30</wcet>
            <maxpow number="0.7543136144837863"/>
            <maxpow number="0.7543136144837863"/>
            <fprob>0.0</fprob>
        </actor>
        <actor name="D0N20">
            <wcet number="0">140</wcet>
            <wcet number="1">150</wcet>
            <maxpow number="0.48525085168702564"/>
            <maxpow number="0.48525085168702564"/>
            <fprob>0.0</fprob>
        </actor>
        <actor name="D0N36">
            <wcet number="0">10</wcet>
            <wcet number="1">80</wcet>
            <maxpow number="0.7315892139238067"/>
            <maxpow number="0.7315892139238067"/>
            <fprob>0.0</fprob>
        </actor>
        <actor name="D0N21">
            <wcet number="0">20</wcet>
            <wcet number="1">40</wcet>
            <maxpow number="0.7291805672246361"/>
            <maxpow number="0.7291805672246361"/>
            <fprob>0.0</fprob>
        </actor>
        <actor name="D0N6">
            <wcet number="0">10</wcet>
            <wcet number="1">10</wcet>
            <maxpow number="0.28981372680148015"/>
            <maxpow number="0.28981372680148015"/>
            <fprob>0.0</fprob>
        </actor>
        <actor name="D0N11">
            <wcet number="0">10</wcet>
            <wcet number="1">20</wcet>
            <maxpow number="0.5358197937663488"/>
            <maxpow number="0.5358197937663488"/>
            <fprob>0.0</fprob>
        </actor>
        <actor name="D0N42">
            <wcet number="0">30</wcet>
            <wcet number="1">60</wcet>
            <maxpow number="0.18687313128801136"/>
            <maxpow number="0.18687313128801136"/>
            <fprob>0.0</fprob>
        </actor>
        <actor name="D0N27">
            <wcet number="0">40</wcet>
            <wcet number="1">70</wcet>
            <maxpow number="0.5744924832313864"/>
            <maxpow number="0.5744924832313864"/>
            <fprob>0.0</fprob>
        </actor>
        <actor name="D0N40">
            <wcet number="0">10</wcet>
            <wcet number="1">40</wcet>
            <maxpow number="0.4319824508449737"/>
            <maxpow number="0.4319824508449737"/>
            <fprob>0.0</fprob>
        </actor>
        <actor name="D0N4">
            <wcet number="0">20</wcet>
            <wcet number="1">30</wcet>
            <maxpow number="0.45227016184932434"/>
            <maxpow number="0.45227016184932434"/>
            <fprob>0.0</fprob>
        </actor>
        <actor name="D0N25">
            <wcet number="0">30</wcet>
            <wcet number="1">70</wcet>
            <maxpow number="0.547862249160356"/>
            <maxpow number="0.547862249160356"/>
            <fprob>0.0</fprob>
        </actor>
        <actor name="D0N10">
            <wcet number="0">60</wcet>
            <wcet number="1">60</wcet>
            <maxpow number="0.7763901346497382"/>
            <maxpow number="0.7763901346497382"/>
            <fprob>0.0</fprob>
        </actor>
        <actor name="D0N22">
            <wcet number="0">90</wcet>
            <wcet number="1">90</wcet>
            <maxpow number="0.3605471975843796"/>
            <maxpow number="0.3605471975843796"/>
            <fprob>0.0</fprob>
        </actor>
        <actor name="D0N41">
            <wcet number="0">110</wcet>
            <wcet number="1">110</wcet>
            <maxpow number="0.6230889504529344"/>
            <maxpow number="0.6230889504529344"/>
            <fprob>0.0</fprob>
        </actor>
        <actor name="D0N17">
            <wcet number="0">40</wcet>
            <wcet number="1">120</wcet>
            <maxpow number="0.8452705331909764"/>
            <maxpow number="0.8452705331909764"/>
            <fprob>0.0</fprob>
        </actor>
        <actor name="D0N33">
            <wcet number="0">70</wcet>
            <wcet number="1">90</wcet>
            <maxpow number="0.462736900121667"/>
            <maxpow number="0.462736900121667"/>
            <fprob>0.0</fprob>
        </actor>
        <actor name="D0N30">
            <wcet number="0">20</wcet>
            <wcet number="1">40</wcet>
            <maxpow number="0.43282447214084535"/>
            <maxpow number="0.43282447214084535"/>
            <fprob>0.0</fprob>
        </actor>
        <actor name="D0N15">
            <wcet number="0">150</wcet>
            <wcet number="1">290</wcet>
            <maxpow number="0.13565354554404047"/>
            <maxpow number="0.13565354554404047"/>
            <fprob>0.0</fprob>
        </actor>
        <actor name="D0N38">
            <wcet number="0">30</wcet>
            <wcet number="1">70</wcet>
            <maxpow number="0.803026551142378"/>
            <maxpow number="0.803026551142378"/>
            <fprob>0.0</fprob>
        </actor>
        <actor name="D0N0">
            <wcet number="0">30</wcet>
            <wcet number="1">40</wcet>
            <maxpow number="0.19432097410290738"/>
            <maxpow number="0.19432097410290738"/>
            <fprob>0.0</fprob>
        </actor>
        <actor name="D0N49">
            <wcet number="0">20</wcet>
            <wcet number="1">20</wcet>
            <maxpow number="0.32992235992825614"/>
            <maxpow number="0.32992235992825614"/>
            <fprob>0.0</fprob>
        </actor>
        <actor name="D0N45">
            <wcet number="0">110</wcet>
            <wcet number="1">110</wcet>
            <maxpow number="0.39776499724832604"/>
            <maxpow number="0.39776499724832604"/>
            <fprob>0.0</fprob>
        </actor>
        <actor name="D0N2">
            <wcet number="0">20</wcet>
            <wcet number="1">20</wcet>
            <maxpow number="0.6091241824160462"/>
            <maxpow number="0.6091241824160462"/>
            <fprob>0.0</fprob>
        </actor>
        <actor name="D0N5">
            <wcet number="0">20</wcet>
            <wcet number="1">30</wcet>
            <maxpow number="0.6932702988641058"/>
            <maxpow number="0.6932702988641058"/>
            <fprob>0.0</fprob>
        </actor>
        <actor name="D0N14">
            <wcet number="0">60</wcet>
            <wcet number="1">150</wcet>
            <maxpow number="0.5733635828455591"/>
            <maxpow number="0.5733635828455591"/>
            <fprob>0.0</fprob>
        </actor>
        <actor name="D0N46">
            <wcet number="0">80</wcet>
            <wcet number="1">90</wcet>
            <maxpow number="0.5684089674897929"/>
            <maxpow number="0.5684089674897929"/>
            <fprob>0.0</fprob>
        </actor>
        <actor name="D0N18">
            <wcet number="0">30</wcet>
            <wcet number="1">120</wcet>
            <maxpow number="0.23558810201452868"/>
            <maxpow number="0.23558810201452868"/>
            <fprob>0.0</fprob>
        </actor>
        <actor name="D0N26">
            <wcet number="0">20</wcet>
            <wcet number="1">50</wcet>
            <maxpow number="0.347957913905663"/>
            <maxpow number="0.347957913905663"/>
            <fprob>0.0</fprob>
        </actor>
        <actor name="D0N31">
            <wcet number="0">10</wcet>
            <wcet number="1">10</wcet>
            <maxpow number="0.3523643265905474"/>
            <maxpow number="0.3523643265905474"/>
            <fprob>0.0</fprob>
        </actor>
        <actor name="D0N9">
            <wcet number="0">10</wcet>
            <wcet number="1">10</wcet>
            <maxpow number="0.6055837835337959"/>
            <maxpow number="0.6055837835337959"/>
            <fprob>0.0</fprob>
        </actor>
        <ports>
            <port dstActor="D0N48" name="p0" srcActor="D0N13"/>
            <port dstActor="D0N14" name="p1" srcActor="D0N13"/>
            <port dstActor="D0N34" name="p2" srcActor="D0N1"/>
            <port dstActor="D0N39" name="p3" srcActor="D0N1"/>
            <port dstActor="D0N43" name="p4" srcActor="D0N1"/>
            <port dstActor="D0N31" name="p5" srcActor="D0N1"/>
            <port dstActor="D0N14" name="p6" srcActor="D0N1"/>
            <port dstActor="D0N25" name="p7" srcActor="D0N1"/>
            <port dstActor="D0N12" name="p8" srcActor="D0N3"/>
            <port dstActor="D0N38" name="p9" srcActor="D0N3"/>
            <port dstActor="D0N4" name="p10" srcActor="D0N3"/>
            <port dstActor="D0N7" name="p11" srcActor="D0N3"/>
            <port dstActor="D0N10" name="p12" srcActor="D0N3"/>
            <port dstActor="D0N42" name="p13" srcActor="D0N3"/>
            <port dstActor="D0N13" name="p14" srcActor="D0N3"/>
            <port dstActor="D0N30" name="p15" srcActor="D0N3"/>
            <port dstActor="D0N20" name="p16" srcActor="D0N3"/>
            <port dstActor="D0N29" name="p17" srcActor="D0N23"/>
            <port dstActor="D0N43" name="p18" srcActor="D0N23"/>
            <port dstActor="D0N28" name="p19" srcActor="D0N23"/>
            <port dstActor="D0N37" name="p20" srcActor="D0N23"/>
            <port dstActor="D0N25" name="p21" srcActor="D0N12"/>
            <port dstActor="D0N36" name="p22" srcActor="D0N12"/>
            <port dstActor="D0N48" name="p23" srcActor="D0N24"/>
            <port dstActor="D0N47" name="p24" srcActor="D0N24"/>
            <port dstActor="D0N44" name="p25" srcActor="D0N16"/>
            <port dstActor="D0N49" name="p26" srcActor="D0N48"/>
            <port dstActor="D0N36" name="p27" srcActor="D0N32"/>
            <port dstActor="D0N49" name="p28" srcActor="D0N32"/>
            <port dstActor="D0N41" name="p29" srcActor="D0N19"/>
            <port dstActor="D0N42" name="p30" srcActor="D0N35"/>
            <port dstActor="D0N44" name="p31" srcActor="D0N35"/>
            <port dstActor="D0N43" name="p32" srcActor="D0N28"/>
            <port dstActor="D0N44" name="p33" srcActor="D0N28"/>
            <port dstActor="D0N41" name="p34" srcActor="D0N8"/>
            <port dstActor="D0N13" name="p35" srcActor="D0N8"/>
            <port dstActor="D0N45" name="p36" srcActor="D0N8"/>
            <port dstActor="D0N44" name="p37" srcActor="D0N8"/>
            <port dstActor="D0N12" name="p38" srcActor="D0N8"/>
            <port dstActor="D0N24" name="p39" srcActor="D0N8"/>
            <port dstActor="D0N40" name="p40" srcActor="D0N8"/>
            <port dstActor="D0N39" name="p41" srcActor="D0N34"/>
            <port dstActor="D0N45" name="p42" srcActor="D0N34"/>
            <port dstActor="D0N37" name="p43" srcActor="D0N34"/>
            <port dstActor="D0N35" name="p44" srcActor="D0N29"/>
            <port dstActor="D0N49" name="p45" srcActor="D0N29"/>
            <port dstActor="D0N31" name="p46" srcActor="D0N29"/>
            <port dstActor="D0N45" name="p47" srcActor="D0N29"/>
            <port dstActor="D0N40" name="p48" srcActor="D0N7"/>
            <port dstActor="D0N13" name="p49" srcActor="D0N7"/>
            <port dstActor="D0N34" name="p50" srcActor="D0N7"/>
            <port dstActor="D0N35" name="p51" srcActor="D0N7"/>
            <port dstActor="D0N41" name="p52" srcActor="D0N7"/>
            <port dstActor="D0N18" name="p53" srcActor="D0N7"/>
            <port dstActor="D0N34" name="p54" srcActor="D0N20"/>
            <port dstActor="D0N46" name="p55" srcActor="D0N20"/>
            <port dstActor="D0N49" name="p56" srcActor="D0N36"/>
            <port dstActor="D0N37" name="p57" srcActor="D0N21"/>
            <port dstActor="D0N24" name="p58" srcActor="D0N21"/>
            <port dstActor="D0N44" name="p59" srcActor="D0N6"/>
            <port dstActor="D0N30" name="p60" srcActor="D0N6"/>
            <port dstActor="D0N17" name="p61" srcActor="D0N6"/>
            <port dstActor="D0N47" name="p62" srcActor="D0N6"/>
            <port dstActor="D0N49" name="p63" srcActor="D0N6"/>
            <port dstActor="D0N27" name="p64" srcActor="D0N11"/>
            <port dstActor="D0N23" name="p65" srcActor="D0N11"/>
            <port dstActor="D0N43" name="p66" srcActor="D0N11"/>
            <port dstActor="D0N44" name="p67" srcActor="D0N42"/>
            <port dstActor="D0N43" name="p68" srcActor="D0N42"/>
            <port dstActor="D0N43" name="p69" srcActor="D0N27"/>
            <port dstActor="D0N47" name="p70" srcActor="D0N40"/>
            <port dstActor="D0N9" name="p71" srcActor="D0N4"/>
            <port dstActor="D0N22" name="p72" srcActor="D0N4"/>
            <port dstActor="D0N11" name="p73" srcActor="D0N4"/>
            <port dstActor="D0N36" name="p74" srcActor="D0N4"/>
            <port dstActor="D0N19" name="p75" srcActor="D0N4"/>
            <port dstActor="D0N17" name="p76" srcActor="D0N4"/>
            <port dstActor="D0N21" name="p77" srcActor="D0N4"/>
            <port dstActor="D0N41" name="p78" srcActor="D0N4"/>
            <port dstActor="D0N33" name="p79" srcActor="D0N4"/>
            <port dstActor="D0N33" name="p80" srcActor="D0N25"/>
            <port dstActor="D0N37" name="p81" srcActor="D0N25"/>
            <port dstActor="D0N36" name="p82" srcActor="D0N10"/>
            <port dstActor="D0N14" name="p83" srcActor="D0N10"/>
            <port dstActor="D0N35" name="p84" srcActor="D0N10"/>
            <port dstActor="D0N30" name="p85" srcActor="D0N22"/>
            <port dstActor="D0N45" name="p86" srcActor="D0N22"/>
            <port dstActor="D0N26" name="p87" srcActor="D0N22"/>
            <port dstActor="D0N29" name="p88" srcActor="D0N17"/>
            <port dstActor="D0N31" name="p89" srcActor="D0N17"/>
            <port dstActor="D0N36" name="p90" srcActor="D0N33"/>
            <port dstActor="D0N33" name="p91" srcActor="D0N30"/>
            <port dstActor="D0N41" name="p92" srcActor="D0N30"/>
            <port dstActor="D0N33" name="p93" srcActor="D0N15"/>
            <port dstActor="D0N29" name="p94" srcActor="D0N15"/>
            <port dstActor="D0N35" name="p95" srcActor="D0N15"/>
            <port dstActor="D0N34" name="p96" srcActor="D0N0"/>
            <port dstActor="D0N36" name="p97" srcActor="D0N0"/>
            <port dstActor="D0N5" name="p98" srcActor="D0N2"/>
            <port dstActor="D0N14" name="p99" srcActor="D0N2"/>
            <port dstActor="D0N46" name="p100" srcActor="D0N5"/>
            <port dstActor="D0N33" name="p101" srcActor="D0N5"/>
            <port dstActor="D0N15" name="p102" srcActor="D0N5"/>
            <port dstActor="D0N24" name="p103" srcActor="D0N5"/>
            <port dstActor="D0N24" name="p104" srcActor="D0N14"/>
            <port dstActor="D0N29" name="p105" srcActor="D0N14"/>
            <port dstActor="D0N16" name="p106" srcActor="D0N14"/>
            <port dstActor="D0N31" name="p107" srcActor="D0N18"/>
            <port dstActor="D0N47" name="p108" srcActor="D0N18"/>
            <port dstActor="D0N45" name="p109" srcActor="D0N18"/>
            <port dstActor="D0N39" name="p110" srcActor="D0N26"/>
            <port dstActor="D0N42" name="p111" srcActor="D0N26"/>
            <port dstActor="D0N40" name="p112" srcActor="D0N31"/>
            <port dstActor="D0N39" name="p113" srcActor="D0N9"/>
            <port dstActor="D0N27" name="p114" srcActor="D0N9"/>
            <port dstActor="D0N11" name="p115" srcActor="D0N9"/>
            <port dstActor="D0N26" name="p116" srcActor="D0N9"/>
            <port dstActor="D0N38" name="p117" srcActor="D0N9"/>
            <port dstActor="D0N46" name="p118" srcActor="D0N9"/>
        </ports>
    </mcdag>
    <cores number="3"/>
    <levels number="2"/>
</mcsystem>
