<?xml version="1.0" encoding="UTF-8" standalone="no"?>
<mcsystem>
    <mcdag deadline="1200" name="genned-0-ed-10.0-0">
        <actor name="D0N11">
            <wcet number="0">30</wcet>
            <wcet number="1">110</wcet>
            <maxpow number="0.3819297094436914"/>
            <maxpow number="0.3819297094436914"/>
            <fprob>0.0</fprob>
        </actor>
        <actor name="D0N45">
            <wcet number="0">30</wcet>
            <wcet number="1">30</wcet>
            <maxpow number="0.4850482493626769"/>
            <maxpow number="0.4850482493626769"/>
            <fprob>0.0</fprob>
        </actor>
        <actor name="D0N12">
            <wcet number="0">60</wcet>
            <wcet number="1">60</wcet>
            <maxpow number="0.5865719261946603"/>
            <maxpow number="0.5865719261946603"/>
            <fprob>0.0</fprob>
        </actor>
        <actor name="D0N16">
            <wcet number="0">20</wcet>
            <wcet number="1">70</wcet>
            <maxpow number="0.44088686694961776"/>
            <maxpow number="0.44088686694961776"/>
            <fprob>0.0</fprob>
        </actor>
        <actor name="D0N25">
            <wcet number="0">50</wcet>
            <wcet number="1">50</wcet>
            <maxpow number="0.3091917519319884"/>
            <maxpow number="0.3091917519319884"/>
            <fprob>0.0</fprob>
        </actor>
        <actor name="D0N37">
            <wcet number="0">80</wcet>
            <wcet number="1">90</wcet>
            <maxpow number="0.5776044441317376"/>
            <maxpow number="0.5776044441317376"/>
            <fprob>0.0</fprob>
        </actor>
        <actor name="D0N32">
            <wcet number="0">30</wcet>
            <wcet number="1">30</wcet>
            <maxpow number="0.39568694345086464"/>
            <maxpow number="0.39568694345086464"/>
            <fprob>0.0</fprob>
        </actor>
        <actor name="D0N5">
            <wcet number="0">120</wcet>
            <wcet number="1">150</wcet>
            <maxpow number="0.8993968298731989"/>
            <maxpow number="0.8993968298731989"/>
            <fprob>0.0</fprob>
        </actor>
        <actor name="D0N14">
            <wcet number="0">130</wcet>
            <wcet number="1">260</wcet>
            <maxpow number="0.37264749757831434"/>
            <maxpow number="0.37264749757831434"/>
            <fprob>0.0</fprob>
        </actor>
        <actor name="D0N15">
            <wcet number="0">60</wcet>
            <wcet number="1">80</wcet>
            <maxpow number="0.2658006074591748"/>
            <maxpow number="0.2658006074591748"/>
            <fprob>0.0</fprob>
        </actor>
        <actor name="D0N20">
            <wcet number="0">10</wcet>
            <wcet number="1">50</wcet>
            <maxpow number="0.5175787734267238"/>
            <maxpow number="0.5175787734267238"/>
            <fprob>0.0</fprob>
        </actor>
        <actor name="D0N38">
            <wcet number="0">40</wcet>
            <wcet number="1">80</wcet>
            <maxpow number="0.7016013606889275"/>
            <maxpow number="0.7016013606889275"/>
            <fprob>0.0</fprob>
        </actor>
        <actor name="D0N2">
            <wcet number="0">70</wcet>
            <wcet number="1">80</wcet>
            <maxpow number="0.7565584502174134"/>
            <maxpow number="0.7565584502174134"/>
            <fprob>0.0</fprob>
        </actor>
        <actor name="D0N18">
            <wcet number="0">10</wcet>
            <wcet number="1">80</wcet>
            <maxpow number="0.6194614503652117"/>
            <maxpow number="0.6194614503652117"/>
            <fprob>0.0</fprob>
        </actor>
        <actor name="D0N40">
            <wcet number="0">50</wcet>
            <wcet number="1">280</wcet>
            <maxpow number="0.35048640525314767"/>
            <maxpow number="0.35048640525314767"/>
            <fprob>0.0</fprob>
        </actor>
        <actor name="D0N41">
            <wcet number="0">10</wcet>
            <wcet number="1">30</wcet>
            <maxpow number="0.6743280719356496"/>
            <maxpow number="0.6743280719356496"/>
            <fprob>0.0</fprob>
        </actor>
        <actor name="D0N0">
            <wcet number="0">180</wcet>
            <wcet number="1">260</wcet>
            <maxpow number="0.6319269425127335"/>
            <maxpow number="0.6319269425127335"/>
            <fprob>0.0</fprob>
        </actor>
        <actor name="D0N36">
            <wcet number="0">70</wcet>
            <wcet number="1">160</wcet>
            <maxpow number="0.6159675344245112"/>
            <maxpow number="0.6159675344245112"/>
            <fprob>0.0</fprob>
        </actor>
        <actor name="D0N34">
            <wcet number="0">70</wcet>
            <wcet number="1">250</wcet>
            <maxpow number="0.28133313717676056"/>
            <maxpow number="0.28133313717676056"/>
            <fprob>0.0</fprob>
        </actor>
        <actor name="D0N42">
            <wcet number="0">10</wcet>
            <wcet number="1">10</wcet>
            <maxpow number="0.40873571444778045"/>
            <maxpow number="0.40873571444778045"/>
            <fprob>0.0</fprob>
        </actor>
        <actor name="D0N13">
            <wcet number="0">40</wcet>
            <wcet number="1">60</wcet>
            <maxpow number="0.8282756216446617"/>
            <maxpow number="0.8282756216446617"/>
            <fprob>0.0</fprob>
        </actor>
        <actor name="D0N26">
            <wcet number="0">40</wcet>
            <wcet number="1">180</wcet>
            <maxpow number="0.6615865303988349"/>
            <maxpow number="0.6615865303988349"/>
            <fprob>0.0</fprob>
        </actor>
        <actor name="D0N19">
            <wcet number="0">40</wcet>
            <wcet number="1">50</wcet>
            <maxpow number="0.4789166497223653"/>
            <maxpow number="0.4789166497223653"/>
            <fprob>0.0</fprob>
        </actor>
        <actor name="D0N33">
            <wcet number="0">10</wcet>
            <wcet number="1">10</wcet>
            <maxpow number="0.4546088322684479"/>
            <maxpow number="0.4546088322684479"/>
            <fprob>0.0</fprob>
        </actor>
        <actor name="D0N8">
            <wcet number="0">20</wcet>
            <wcet number="1">30</wcet>
            <maxpow number="0.7780637266308598"/>
            <maxpow number="0.7780637266308598"/>
            <fprob>0.0</fprob>
        </actor>
        <actor name="D0N43">
            <wcet number="0">20</wcet>
            <wcet number="1">30</wcet>
            <maxpow number="0.41538349938598995"/>
            <maxpow number="0.41538349938598995"/>
            <fprob>0.0</fprob>
        </actor>
        <actor name="D0N9">
            <wcet number="0">130</wcet>
            <wcet number="1">160</wcet>
            <maxpow number="0.7229156415069973"/>
            <maxpow number="0.7229156415069973"/>
            <fprob>0.0</fprob>
        </actor>
        <actor name="D0N7">
            <wcet number="0">20</wcet>
            <wcet number="1">20</wcet>
            <maxpow number="0.32310799100078774"/>
            <maxpow number="0.32310799100078774"/>
            <fprob>0.0</fprob>
        </actor>
        <actor name="D0N28">
            <wcet number="0">20</wcet>
            <wcet number="1">50</wcet>
            <maxpow number="0.5772948793089439"/>
            <maxpow number="0.5772948793089439"/>
            <fprob>0.0</fprob>
        </actor>
        <actor name="D0N24">
            <wcet number="0">50</wcet>
            <wcet number="1">60</wcet>
            <maxpow number="0.6212823139106265"/>
            <maxpow number="0.6212823139106265"/>
            <fprob>0.0</fprob>
        </actor>
        <actor name="D0N4">
            <wcet number="0">20</wcet>
            <wcet number="1">50</wcet>
            <maxpow number="0.35979869301424805"/>
            <maxpow number="0.35979869301424805"/>
            <fprob>0.0</fprob>
        </actor>
        <actor name="D0N29">
            <wcet number="0">40</wcet>
            <wcet number="1">60</wcet>
            <maxpow number="0.5246109835119279"/>
            <maxpow number="0.5246109835119279"/>
            <fprob>0.0</fprob>
        </actor>
        <actor name="D0N21">
            <wcet number="0">30</wcet>
            <wcet number="1">40</wcet>
            <maxpow number="0.5190547493612683"/>
            <maxpow number="0.5190547493612683"/>
            <fprob>0.0</fprob>
        </actor>
        <actor name="D0N17">
            <wcet number="0">20</wcet>
            <wcet number="1">20</wcet>
            <maxpow number="0.8016528385606188"/>
            <maxpow number="0.8016528385606188"/>
            <fprob>0.0</fprob>
        </actor>
        <actor name="D0N23">
            <wcet number="0">30</wcet>
            <wcet number="1">50</wcet>
            <maxpow number="0.7632070189946565"/>
            <maxpow number="0.7632070189946565"/>
            <fprob>0.0</fprob>
        </actor>
        <actor name="D0N30">
            <wcet number="0">40</wcet>
            <wcet number="1">50</wcet>
            <maxpow number="1.1078022394591835"/>
            <maxpow number="1.1078022394591835"/>
            <fprob>0.0</fprob>
        </actor>
        <actor name="D0N6">
            <wcet number="0">10</wcet>
            <wcet number="1">10</wcet>
            <maxpow number="0.4171150720984874"/>
            <maxpow number="0.4171150720984874"/>
            <fprob>0.0</fprob>
        </actor>
        <actor name="D0N35">
            <wcet number="0">10</wcet>
            <wcet number="1">10</wcet>
            <maxpow number="0.510866281657517"/>
            <maxpow number="0.510866281657517"/>
            <fprob>0.0</fprob>
        </actor>
        <actor name="D0N3">
            <wcet number="0">10</wcet>
            <wcet number="1">10</wcet>
            <maxpow number="0.37500711914692775"/>
            <maxpow number="0.37500711914692775"/>
            <fprob>0.0</fprob>
        </actor>
        <actor name="D0N1">
            <wcet number="0">20</wcet>
            <wcet number="1">40</wcet>
            <maxpow number="0.6382273664804023"/>
            <maxpow number="0.6382273664804023"/>
            <fprob>0.0</fprob>
        </actor>
        <actor name="D0N31">
            <wcet number="0">30</wcet>
            <wcet number="1">50</wcet>
            <maxpow number="0.5675727203852021"/>
            <maxpow number="0.5675727203852021"/>
            <fprob>0.0</fprob>
        </actor>
        <actor name="D0N39">
            <wcet number="0">120</wcet>
            <wcet number="1">120</wcet>
            <maxpow number="0.441421943516496"/>
            <maxpow number="0.441421943516496"/>
            <fprob>0.0</fprob>
        </actor>
        <actor name="D0N10">
            <wcet number="0">10</wcet>
            <wcet number="1">10</wcet>
            <maxpow number="0.3969680655702653"/>
            <maxpow number="0.3969680655702653"/>
            <fprob>0.0</fprob>
        </actor>
        <actor name="D0N44">
            <wcet number="0">20</wcet>
            <wcet number="1">20</wcet>
            <maxpow number="0.5878476165124972"/>
            <maxpow number="0.5878476165124972"/>
            <fprob>0.0</fprob>
        </actor>
        <actor name="D0N27">
            <wcet number="0">60</wcet>
            <wcet number="1">60</wcet>
            <maxpow number="0.4536081572848331"/>
            <maxpow number="0.4536081572848331"/>
            <fprob>0.0</fprob>
        </actor>
        <actor name="D0N22">
            <wcet number="0">10</wcet>
            <wcet number="1">20</wcet>
            <maxpow number="0.5497192709140046"/>
            <maxpow number="0.5497192709140046"/>
            <fprob>0.0</fprob>
        </actor>
        <ports>
            <port dstActor="D0N24" name="p0" srcActor="D0N11"/>
            <port dstActor="D0N41" name="p1" srcActor="D0N11"/>
            <port dstActor="D0N20" name="p2" srcActor="D0N11"/>
            <port dstActor="D0N12" name="p3" srcActor="D0N11"/>
            <port dstActor="D0N28" name="p4" srcActor="D0N11"/>
            <port dstActor="D0N42" name="p5" srcActor="D0N12"/>
            <port dstActor="D0N41" name="p6" srcActor="D0N12"/>
            <port dstActor="D0N30" name="p7" srcActor="D0N12"/>
            <port dstActor="D0N23" name="p8" srcActor="D0N12"/>
            <port dstActor="D0N26" name="p9" srcActor="D0N16"/>
            <port dstActor="D0N22" name="p10" srcActor="D0N16"/>
            <port dstActor="D0N44" name="p11" srcActor="D0N16"/>
            <port dstActor="D0N20" name="p12" srcActor="D0N16"/>
            <port dstActor="D0N27" name="p13" srcActor="D0N16"/>
            <port dstActor="D0N24" name="p14" srcActor="D0N16"/>
            <port dstActor="D0N42" name="p15" srcActor="D0N25"/>
            <port dstActor="D0N28" name="p16" srcActor="D0N25"/>
            <port dstActor="D0N45" name="p17" srcActor="D0N25"/>
            <port dstActor="D0N38" name="p18" srcActor="D0N32"/>
            <port dstActor="D0N42" name="p19" srcActor="D0N32"/>
            <port dstActor="D0N21" name="p20" srcActor="D0N5"/>
            <port dstActor="D0N16" name="p21" srcActor="D0N5"/>
            <port dstActor="D0N7" name="p22" srcActor="D0N5"/>
            <port dstActor="D0N12" name="p23" srcActor="D0N5"/>
            <port dstActor="D0N13" name="p24" srcActor="D0N5"/>
            <port dstActor="D0N33" name="p25" srcActor="D0N14"/>
            <port dstActor="D0N35" name="p26" srcActor="D0N14"/>
            <port dstActor="D0N40" name="p27" srcActor="D0N14"/>
            <port dstActor="D0N23" name="p28" srcActor="D0N14"/>
            <port dstActor="D0N33" name="p29" srcActor="D0N15"/>
            <port dstActor="D0N44" name="p30" srcActor="D0N15"/>
            <port dstActor="D0N36" name="p31" srcActor="D0N15"/>
            <port dstActor="D0N26" name="p32" srcActor="D0N20"/>
            <port dstActor="D0N34" name="p33" srcActor="D0N20"/>
            <port dstActor="D0N44" name="p34" srcActor="D0N38"/>
            <port dstActor="D0N3" name="p35" srcActor="D0N2"/>
            <port dstActor="D0N12" name="p36" srcActor="D0N2"/>
            <port dstActor="D0N30" name="p37" srcActor="D0N2"/>
            <port dstActor="D0N9" name="p38" srcActor="D0N2"/>
            <port dstActor="D0N13" name="p39" srcActor="D0N2"/>
            <port dstActor="D0N43" name="p40" srcActor="D0N2"/>
            <port dstActor="D0N35" name="p41" srcActor="D0N18"/>
            <port dstActor="D0N30" name="p42" srcActor="D0N18"/>
            <port dstActor="D0N41" name="p43" srcActor="D0N40"/>
            <port dstActor="D0N43" name="p44" srcActor="D0N40"/>
            <port dstActor="D0N32" name="p45" srcActor="D0N0"/>
            <port dstActor="D0N36" name="p46" srcActor="D0N0"/>
            <port dstActor="D0N29" name="p47" srcActor="D0N0"/>
            <port dstActor="D0N13" name="p48" srcActor="D0N0"/>
            <port dstActor="D0N40" name="p49" srcActor="D0N34"/>
            <port dstActor="D0N45" name="p50" srcActor="D0N34"/>
            <port dstActor="D0N32" name="p51" srcActor="D0N13"/>
            <port dstActor="D0N25" name="p52" srcActor="D0N13"/>
            <port dstActor="D0N39" name="p53" srcActor="D0N13"/>
            <port dstActor="D0N24" name="p54" srcActor="D0N13"/>
            <port dstActor="D0N28" name="p55" srcActor="D0N19"/>
            <port dstActor="D0N43" name="p56" srcActor="D0N19"/>
            <port dstActor="D0N26" name="p57" srcActor="D0N19"/>
            <port dstActor="D0N45" name="p58" srcActor="D0N33"/>
            <port dstActor="D0N33" name="p59" srcActor="D0N8"/>
            <port dstActor="D0N25" name="p60" srcActor="D0N8"/>
            <port dstActor="D0N28" name="p61" srcActor="D0N8"/>
            <port dstActor="D0N45" name="p62" srcActor="D0N43"/>
            <port dstActor="D0N44" name="p63" srcActor="D0N9"/>
            <port dstActor="D0N30" name="p64" srcActor="D0N9"/>
            <port dstActor="D0N38" name="p65" srcActor="D0N7"/>
            <port dstActor="D0N44" name="p66" srcActor="D0N7"/>
            <port dstActor="D0N40" name="p67" srcActor="D0N7"/>
            <port dstActor="D0N22" name="p68" srcActor="D0N7"/>
            <port dstActor="D0N36" name="p69" srcActor="D0N28"/>
            <port dstActor="D0N44" name="p70" srcActor="D0N24"/>
            <port dstActor="D0N24" name="p71" srcActor="D0N4"/>
            <port dstActor="D0N21" name="p72" srcActor="D0N4"/>
            <port dstActor="D0N31" name="p73" srcActor="D0N4"/>
            <port dstActor="D0N37" name="p74" srcActor="D0N4"/>
            <port dstActor="D0N27" name="p75" srcActor="D0N4"/>
            <port dstActor="D0N34" name="p76" srcActor="D0N4"/>
            <port dstActor="D0N10" name="p77" srcActor="D0N4"/>
            <port dstActor="D0N11" name="p78" srcActor="D0N4"/>
            <port dstActor="D0N12" name="p79" srcActor="D0N4"/>
            <port dstActor="D0N38" name="p80" srcActor="D0N29"/>
            <port dstActor="D0N36" name="p81" srcActor="D0N29"/>
            <port dstActor="D0N44" name="p82" srcActor="D0N29"/>
            <port dstActor="D0N29" name="p83" srcActor="D0N21"/>
            <port dstActor="D0N44" name="p84" srcActor="D0N21"/>
            <port dstActor="D0N33" name="p85" srcActor="D0N21"/>
            <port dstActor="D0N39" name="p86" srcActor="D0N21"/>
            <port dstActor="D0N38" name="p87" srcActor="D0N17"/>
            <port dstActor="D0N35" name="p88" srcActor="D0N17"/>
            <port dstActor="D0N20" name="p89" srcActor="D0N17"/>
            <port dstActor="D0N25" name="p90" srcActor="D0N17"/>
            <port dstActor="D0N29" name="p91" srcActor="D0N23"/>
            <port dstActor="D0N37" name="p92" srcActor="D0N23"/>
            <port dstActor="D0N34" name="p93" srcActor="D0N30"/>
            <port dstActor="D0N43" name="p94" srcActor="D0N30"/>
            <port dstActor="D0N40" name="p95" srcActor="D0N30"/>
            <port dstActor="D0N38" name="p96" srcActor="D0N30"/>
            <port dstActor="D0N11" name="p97" srcActor="D0N6"/>
            <port dstActor="D0N21" name="p98" srcActor="D0N6"/>
            <port dstActor="D0N17" name="p99" srcActor="D0N6"/>
            <port dstActor="D0N36" name="p100" srcActor="D0N35"/>
            <port dstActor="D0N44" name="p101" srcActor="D0N35"/>
            <port dstActor="D0N35" name="p102" srcActor="D0N3"/>
            <port dstActor="D0N26" name="p103" srcActor="D0N3"/>
            <port dstActor="D0N12" name="p104" srcActor="D0N3"/>
            <port dstActor="D0N36" name="p105" srcActor="D0N3"/>
            <port dstActor="D0N27" name="p106" srcActor="D0N1"/>
            <port dstActor="D0N15" name="p107" srcActor="D0N1"/>
            <port dstActor="D0N43" name="p108" srcActor="D0N1"/>
            <port dstActor="D0N16" name="p109" srcActor="D0N1"/>
            <port dstActor="D0N39" name="p110" srcActor="D0N1"/>
            <port dstActor="D0N4" name="p111" srcActor="D0N1"/>
            <port dstActor="D0N43" name="p112" srcActor="D0N31"/>
            <port dstActor="D0N34" name="p113" srcActor="D0N31"/>
            <port dstActor="D0N41" name="p114" srcActor="D0N39"/>
            <port dstActor="D0N42" name="p115" srcActor="D0N10"/>
            <port dstActor="D0N24" name="p116" srcActor="D0N22"/>
            <port dstActor="D0N33" name="p117" srcActor="D0N22"/>
            <port dstActor="D0N23" name="p118" srcActor="D0N22"/>
            <port dstActor="D0N25" name="p119" srcActor="D0N22"/>
            <port dstActor="D0N32" name="p120" srcActor="D0N22"/>
        </ports>
    </mcdag>
    <cores number="3"/>
    <levels number="2"/>
</mcsystem>
