<?xml version="1.0" encoding="UTF-8" standalone="no"?>
<mcsystem>
    <mcdag deadline="1800" name="genned-0-ed-10.0-0">
        <actor name="D0N32">
            <wcet number="0">20</wcet>
            <wcet number="1">130</wcet>
            <maxpow number="0.6082607391647066"/>
            <maxpow number="0.6082607391647066"/>
            <fprob>0.0</fprob>
        </actor>
        <actor name="D0N1">
            <wcet number="0">70</wcet>
            <wcet number="1">160</wcet>
            <maxpow number="0.49695988866133184"/>
            <maxpow number="0.49695988866133184"/>
            <fprob>0.0</fprob>
        </actor>
        <actor name="D0N5">
            <wcet number="0">50</wcet>
            <wcet number="1">250</wcet>
            <maxpow number="0.6172917662587266"/>
            <maxpow number="0.6172917662587266"/>
            <fprob>0.0</fprob>
        </actor>
        <actor name="D0N7">
            <wcet number="0">80</wcet>
            <wcet number="1">100</wcet>
            <maxpow number="0.5942744660739845"/>
            <maxpow number="0.5942744660739845"/>
            <fprob>0.0</fprob>
        </actor>
        <actor name="D0N36">
            <wcet number="0">10</wcet>
            <wcet number="1">10</wcet>
            <maxpow number="0.5333957694719448"/>
            <maxpow number="0.5333957694719448"/>
            <fprob>0.0</fprob>
        </actor>
        <actor name="D0N27">
            <wcet number="0">80</wcet>
            <wcet number="1">80</wcet>
            <maxpow number="0.5720423604138215"/>
            <maxpow number="0.5720423604138215"/>
            <fprob>0.0</fprob>
        </actor>
        <actor name="D0N16">
            <wcet number="0">30</wcet>
            <wcet number="1">120</wcet>
            <maxpow number="0.49981333006064216"/>
            <maxpow number="0.49981333006064216"/>
            <fprob>0.0</fprob>
        </actor>
        <actor name="D0N38">
            <wcet number="0">30</wcet>
            <wcet number="1">40</wcet>
            <maxpow number="0.7506863778508333"/>
            <maxpow number="0.7506863778508333"/>
            <fprob>0.0</fprob>
        </actor>
        <actor name="D0N19">
            <wcet number="0">50</wcet>
            <wcet number="1">70</wcet>
            <maxpow number="0.5824679286175681"/>
            <maxpow number="0.5824679286175681"/>
            <fprob>0.0</fprob>
        </actor>
        <actor name="D0N4">
            <wcet number="0">190</wcet>
            <wcet number="1">260</wcet>
            <maxpow number="1.081952080486674"/>
            <maxpow number="1.081952080486674"/>
            <fprob>0.0</fprob>
        </actor>
        <actor name="D0N2">
            <wcet number="0">60</wcet>
            <wcet number="1">60</wcet>
            <maxpow number="0.5640548824136438"/>
            <maxpow number="0.5640548824136438"/>
            <fprob>0.0</fprob>
        </actor>
        <actor name="D0N0">
            <wcet number="0">70</wcet>
            <wcet number="1">240</wcet>
            <maxpow number="0.5111010072681936"/>
            <maxpow number="0.5111010072681936"/>
            <fprob>0.0</fprob>
        </actor>
        <actor name="D0N11">
            <wcet number="0">150</wcet>
            <wcet number="1">190</wcet>
            <maxpow number="0.7576736117115115"/>
            <maxpow number="0.7576736117115115"/>
            <fprob>0.0</fprob>
        </actor>
        <actor name="D0N14">
            <wcet number="0">10</wcet>
            <wcet number="1">10</wcet>
            <maxpow number="0.62539141446306"/>
            <maxpow number="0.62539141446306"/>
            <fprob>0.0</fprob>
        </actor>
        <actor name="D0N25">
            <wcet number="0">10</wcet>
            <wcet number="1">30</wcet>
            <maxpow number="0.710125760543217"/>
            <maxpow number="0.710125760543217"/>
            <fprob>0.0</fprob>
        </actor>
        <actor name="D0N31">
            <wcet number="0">20</wcet>
            <wcet number="1">20</wcet>
            <maxpow number="0.5428215711409617"/>
            <maxpow number="0.5428215711409617"/>
            <fprob>0.0</fprob>
        </actor>
        <actor name="D0N39">
            <wcet number="0">40</wcet>
            <wcet number="1">50</wcet>
            <maxpow number="0.38189136976189964"/>
            <maxpow number="0.38189136976189964"/>
            <fprob>0.0</fprob>
        </actor>
        <actor name="D0N46">
            <wcet number="0">10</wcet>
            <wcet number="1">10</wcet>
            <maxpow number="0.09383742833814607"/>
            <maxpow number="0.09383742833814607"/>
            <fprob>0.0</fprob>
        </actor>
        <actor name="D0N8">
            <wcet number="0">40</wcet>
            <wcet number="1">80</wcet>
            <maxpow number="0.6344260863307813"/>
            <maxpow number="0.6344260863307813"/>
            <fprob>0.0</fprob>
        </actor>
        <actor name="D0N21">
            <wcet number="0">40</wcet>
            <wcet number="1">40</wcet>
            <maxpow number="0.7805676649776795"/>
            <maxpow number="0.7805676649776795"/>
            <fprob>0.0</fprob>
        </actor>
        <actor name="D0N29">
            <wcet number="0">10</wcet>
            <wcet number="1">80</wcet>
            <maxpow number="0.29173553663866864"/>
            <maxpow number="0.29173553663866864"/>
            <fprob>0.0</fprob>
        </actor>
        <actor name="D0N26">
            <wcet number="0">150</wcet>
            <wcet number="1">190</wcet>
            <maxpow number="0.6903692544820329"/>
            <maxpow number="0.6903692544820329"/>
            <fprob>0.0</fprob>
        </actor>
        <actor name="D0N3">
            <wcet number="0">20</wcet>
            <wcet number="1">20</wcet>
            <maxpow number="0.5796677697971439"/>
            <maxpow number="0.5796677697971439"/>
            <fprob>0.0</fprob>
        </actor>
        <actor name="D0N23">
            <wcet number="0">10</wcet>
            <wcet number="1">10</wcet>
            <maxpow number="0.4606006376328244"/>
            <maxpow number="0.4606006376328244"/>
            <fprob>0.0</fprob>
        </actor>
        <actor name="D0N42">
            <wcet number="0">10</wcet>
            <wcet number="1">10</wcet>
            <maxpow number="1.0244803270943699"/>
            <maxpow number="1.0244803270943699"/>
            <fprob>0.0</fprob>
        </actor>
        <actor name="D0N15">
            <wcet number="0">40</wcet>
            <wcet number="1">270</wcet>
            <maxpow number="0.5217501717704306"/>
            <maxpow number="0.5217501717704306"/>
            <fprob>0.0</fprob>
        </actor>
        <actor name="D0N35">
            <wcet number="0">30</wcet>
            <wcet number="1">90</wcet>
            <maxpow number="0.32789092788106167"/>
            <maxpow number="0.32789092788106167"/>
            <fprob>0.0</fprob>
        </actor>
        <actor name="D0N9">
            <wcet number="0">110</wcet>
            <wcet number="1">160</wcet>
            <maxpow number="0.96928620762206"/>
            <maxpow number="0.96928620762206"/>
            <fprob>0.0</fprob>
        </actor>
        <actor name="D0N17">
            <wcet number="0">40</wcet>
            <wcet number="1">50</wcet>
            <maxpow number="0.4467179673832281"/>
            <maxpow number="0.4467179673832281"/>
            <fprob>0.0</fprob>
        </actor>
        <actor name="D0N20">
            <wcet number="0">40</wcet>
            <wcet number="1">40</wcet>
            <maxpow number="0.6423334885265286"/>
            <maxpow number="0.6423334885265286"/>
            <fprob>0.0</fprob>
        </actor>
        <actor name="D0N37">
            <wcet number="0">30</wcet>
            <wcet number="1">90</wcet>
            <maxpow number="0.4902430833977428"/>
            <maxpow number="0.4902430833977428"/>
            <fprob>0.0</fprob>
        </actor>
        <actor name="D0N22">
            <wcet number="0">70</wcet>
            <wcet number="1">90</wcet>
            <maxpow number="0.6261070030109791"/>
            <maxpow number="0.6261070030109791"/>
            <fprob>0.0</fprob>
        </actor>
        <actor name="D0N28">
            <wcet number="0">10</wcet>
            <wcet number="1">30</wcet>
            <maxpow number="0.28892145326630947"/>
            <maxpow number="0.28892145326630947"/>
            <fprob>0.0</fprob>
        </actor>
        <actor name="D0N34">
            <wcet number="0">20</wcet>
            <wcet number="1">20</wcet>
            <maxpow number="0.9335124717328243"/>
            <maxpow number="0.9335124717328243"/>
            <fprob>0.0</fprob>
        </actor>
        <actor name="D0N40">
            <wcet number="0">50</wcet>
            <wcet number="1">170</wcet>
            <maxpow number="0.5478676962036811"/>
            <maxpow number="0.5478676962036811"/>
            <fprob>0.0</fprob>
        </actor>
        <actor name="D0N41">
            <wcet number="0">20</wcet>
            <wcet number="1">20</wcet>
            <maxpow number="0.657152412558722"/>
            <maxpow number="0.657152412558722"/>
            <fprob>0.0</fprob>
        </actor>
        <actor name="D0N12">
            <wcet number="0">10</wcet>
            <wcet number="1">10</wcet>
            <maxpow number="0.5040802332121783"/>
            <maxpow number="0.5040802332121783"/>
            <fprob>0.0</fprob>
        </actor>
        <actor name="D0N44">
            <wcet number="0">210</wcet>
            <wcet number="1">230</wcet>
            <maxpow number="0.5726976564738699"/>
            <maxpow number="0.5726976564738699"/>
            <fprob>0.0</fprob>
        </actor>
        <actor name="D0N33">
            <wcet number="0">100</wcet>
            <wcet number="1">120</wcet>
            <maxpow number="0.4401286494320781"/>
            <maxpow number="0.4401286494320781"/>
            <fprob>0.0</fprob>
        </actor>
        <actor name="D0N6">
            <wcet number="0">50</wcet>
            <wcet number="1">170</wcet>
            <maxpow number="0.44223698187561283"/>
            <maxpow number="0.44223698187561283"/>
            <fprob>0.0</fprob>
        </actor>
        <actor name="D0N18">
            <wcet number="0">30</wcet>
            <wcet number="1">60</wcet>
            <maxpow number="0.37125197930545806"/>
            <maxpow number="0.37125197930545806"/>
            <fprob>0.0</fprob>
        </actor>
        <actor name="D0N43">
            <wcet number="0">20</wcet>
            <wcet number="1">100</wcet>
            <maxpow number="0.26437740088386175"/>
            <maxpow number="0.26437740088386175"/>
            <fprob>0.0</fprob>
        </actor>
        <actor name="D0N45">
            <wcet number="0">30</wcet>
            <wcet number="1">30</wcet>
            <maxpow number="0.4728396953021606"/>
            <maxpow number="0.4728396953021606"/>
            <fprob>0.0</fprob>
        </actor>
        <actor name="D0N13">
            <wcet number="0">170</wcet>
            <wcet number="1">240</wcet>
            <maxpow number="0.9365412391358817"/>
            <maxpow number="0.9365412391358817"/>
            <fprob>0.0</fprob>
        </actor>
        <actor name="D0N10">
            <wcet number="0">10</wcet>
            <wcet number="1">50</wcet>
            <maxpow number="0.4341230630739037"/>
            <maxpow number="0.4341230630739037"/>
            <fprob>0.0</fprob>
        </actor>
        <actor name="D0N30">
            <wcet number="0">50</wcet>
            <wcet number="1">160</wcet>
            <maxpow number="0.6713616886824159"/>
            <maxpow number="0.6713616886824159"/>
            <fprob>0.0</fprob>
        </actor>
        <actor name="D0N24">
            <wcet number="0">80</wcet>
            <wcet number="1">220</wcet>
            <maxpow number="0.48827903296962605"/>
            <maxpow number="0.48827903296962605"/>
            <fprob>0.0</fprob>
        </actor>
        <ports>
            <port dstActor="D0N38" name="p0" srcActor="D0N32"/>
            <port dstActor="D0N27" name="p1" srcActor="D0N1"/>
            <port dstActor="D0N22" name="p2" srcActor="D0N1"/>
            <port dstActor="D0N45" name="p3" srcActor="D0N1"/>
            <port dstActor="D0N42" name="p4" srcActor="D0N1"/>
            <port dstActor="D0N33" name="p5" srcActor="D0N5"/>
            <port dstActor="D0N42" name="p6" srcActor="D0N7"/>
            <port dstActor="D0N20" name="p7" srcActor="D0N7"/>
            <port dstActor="D0N16" name="p8" srcActor="D0N7"/>
            <port dstActor="D0N19" name="p9" srcActor="D0N7"/>
            <port dstActor="D0N34" name="p10" srcActor="D0N7"/>
            <port dstActor="D0N43" name="p11" srcActor="D0N7"/>
            <port dstActor="D0N25" name="p12" srcActor="D0N7"/>
            <port dstActor="D0N21" name="p13" srcActor="D0N7"/>
            <port dstActor="D0N44" name="p14" srcActor="D0N36"/>
            <port dstActor="D0N36" name="p15" srcActor="D0N27"/>
            <port dstActor="D0N18" name="p16" srcActor="D0N16"/>
            <port dstActor="D0N39" name="p17" srcActor="D0N16"/>
            <port dstActor="D0N29" name="p18" srcActor="D0N16"/>
            <port dstActor="D0N34" name="p19" srcActor="D0N19"/>
            <port dstActor="D0N30" name="p20" srcActor="D0N19"/>
            <port dstActor="D0N8" name="p21" srcActor="D0N4"/>
            <port dstActor="D0N46" name="p22" srcActor="D0N4"/>
            <port dstActor="D0N26" name="p23" srcActor="D0N4"/>
            <port dstActor="D0N43" name="p24" srcActor="D0N2"/>
            <port dstActor="D0N16" name="p25" srcActor="D0N2"/>
            <port dstActor="D0N31" name="p26" srcActor="D0N2"/>
            <port dstActor="D0N1" name="p27" srcActor="D0N0"/>
            <port dstActor="D0N32" name="p28" srcActor="D0N0"/>
            <port dstActor="D0N45" name="p29" srcActor="D0N0"/>
            <port dstActor="D0N37" name="p30" srcActor="D0N0"/>
            <port dstActor="D0N24" name="p31" srcActor="D0N11"/>
            <port dstActor="D0N36" name="p32" srcActor="D0N11"/>
            <port dstActor="D0N14" name="p33" srcActor="D0N11"/>
            <port dstActor="D0N43" name="p34" srcActor="D0N14"/>
            <port dstActor="D0N44" name="p35" srcActor="D0N25"/>
            <port dstActor="D0N43" name="p36" srcActor="D0N25"/>
            <port dstActor="D0N39" name="p37" srcActor="D0N31"/>
            <port dstActor="D0N39" name="p38" srcActor="D0N26"/>
            <port dstActor="D0N37" name="p39" srcActor="D0N26"/>
            <port dstActor="D0N40" name="p40" srcActor="D0N3"/>
            <port dstActor="D0N38" name="p41" srcActor="D0N3"/>
            <port dstActor="D0N7" name="p42" srcActor="D0N3"/>
            <port dstActor="D0N9" name="p43" srcActor="D0N3"/>
            <port dstActor="D0N44" name="p44" srcActor="D0N3"/>
            <port dstActor="D0N20" name="p45" srcActor="D0N3"/>
            <port dstActor="D0N26" name="p46" srcActor="D0N23"/>
            <port dstActor="D0N36" name="p47" srcActor="D0N23"/>
            <port dstActor="D0N33" name="p48" srcActor="D0N15"/>
            <port dstActor="D0N43" name="p49" srcActor="D0N35"/>
            <port dstActor="D0N40" name="p50" srcActor="D0N35"/>
            <port dstActor="D0N36" name="p51" srcActor="D0N35"/>
            <port dstActor="D0N35" name="p52" srcActor="D0N9"/>
            <port dstActor="D0N42" name="p53" srcActor="D0N17"/>
            <port dstActor="D0N41" name="p54" srcActor="D0N17"/>
            <port dstActor="D0N40" name="p55" srcActor="D0N20"/>
            <port dstActor="D0N36" name="p56" srcActor="D0N20"/>
            <port dstActor="D0N40" name="p57" srcActor="D0N37"/>
            <port dstActor="D0N44" name="p58" srcActor="D0N37"/>
            <port dstActor="D0N40" name="p59" srcActor="D0N22"/>
            <port dstActor="D0N36" name="p60" srcActor="D0N28"/>
            <port dstActor="D0N32" name="p61" srcActor="D0N28"/>
            <port dstActor="D0N36" name="p62" srcActor="D0N34"/>
            <port dstActor="D0N43" name="p63" srcActor="D0N41"/>
            <port dstActor="D0N13" name="p64" srcActor="D0N12"/>
            <port dstActor="D0N29" name="p65" srcActor="D0N12"/>
            <port dstActor="D0N34" name="p66" srcActor="D0N33"/>
            <port dstActor="D0N38" name="p67" srcActor="D0N6"/>
            <port dstActor="D0N30" name="p68" srcActor="D0N6"/>
            <port dstActor="D0N41" name="p69" srcActor="D0N6"/>
            <port dstActor="D0N27" name="p70" srcActor="D0N6"/>
            <port dstActor="D0N29" name="p71" srcActor="D0N18"/>
            <port dstActor="D0N26" name="p72" srcActor="D0N18"/>
            <port dstActor="D0N46" name="p73" srcActor="D0N43"/>
            <port dstActor="D0N36" name="p74" srcActor="D0N13"/>
            <port dstActor="D0N44" name="p75" srcActor="D0N13"/>
            <port dstActor="D0N16" name="p76" srcActor="D0N13"/>
            <port dstActor="D0N39" name="p77" srcActor="D0N13"/>
            <port dstActor="D0N45" name="p78" srcActor="D0N10"/>
            <port dstActor="D0N14" name="p79" srcActor="D0N10"/>
            <port dstActor="D0N18" name="p80" srcActor="D0N10"/>
            <port dstActor="D0N22" name="p81" srcActor="D0N10"/>
            <port dstActor="D0N37" name="p82" srcActor="D0N30"/>
            <port dstActor="D0N26" name="p83" srcActor="D0N24"/>
            <port dstActor="D0N36" name="p84" srcActor="D0N24"/>
            <port dstActor="D0N30" name="p85" srcActor="D0N24"/>
            <port dstActor="D0N42" name="p86" srcActor="D0N24"/>
            <port dstActor="D0N39" name="p87" srcActor="D0N24"/>
        </ports>
    </mcdag>
    <cores number="3"/>
    <levels number="2"/>
</mcsystem>
