<?xml version="1.0" encoding="UTF-8" standalone="no"?>
<mcsystem>
    <mcdag deadline="2200" name="genned-0-ed-10.0-0">
        <actor name="D0N39">
            <wcet number="0">10</wcet>
            <wcet number="1">10</wcet>
            <maxpow number="0.8900579058630034"/>
            <maxpow number="0.8900579058630034"/>
            <fprob>0.0</fprob>
        </actor>
        <actor name="D0N7">
            <wcet number="0">20</wcet>
            <wcet number="1">530</wcet>
            <maxpow number="0.47368131924258994"/>
            <maxpow number="0.47368131924258994"/>
            <fprob>0.0</fprob>
        </actor>
        <actor name="D0N14">
            <wcet number="0">100</wcet>
            <wcet number="1">120</wcet>
            <maxpow number="0.5959971953531236"/>
            <maxpow number="0.5959971953531236"/>
            <fprob>0.0</fprob>
        </actor>
        <actor name="D0N22">
            <wcet number="0">40</wcet>
            <wcet number="1">50</wcet>
            <maxpow number="0.6519302758817505"/>
            <maxpow number="0.6519302758817505"/>
            <fprob>0.0</fprob>
        </actor>
        <actor name="D0N16">
            <wcet number="0">200</wcet>
            <wcet number="1">310</wcet>
            <maxpow number="0.6026140463517826"/>
            <maxpow number="0.6026140463517826"/>
            <fprob>0.0</fprob>
        </actor>
        <actor name="D0N40">
            <wcet number="0">60</wcet>
            <wcet number="1">110</wcet>
            <maxpow number="0.6605156564930724"/>
            <maxpow number="0.6605156564930724"/>
            <fprob>0.0</fprob>
        </actor>
        <actor name="D0N9">
            <wcet number="0">10</wcet>
            <wcet number="1">10</wcet>
            <maxpow number="0.48703928014433"/>
            <maxpow number="0.48703928014433"/>
            <fprob>0.0</fprob>
        </actor>
        <actor name="D0N1">
            <wcet number="0">210</wcet>
            <wcet number="1">220</wcet>
            <maxpow number="0.32265200603745137"/>
            <maxpow number="0.32265200603745137"/>
            <fprob>0.0</fprob>
        </actor>
        <actor name="D0N44">
            <wcet number="0">30</wcet>
            <wcet number="1">80</wcet>
            <maxpow number="0.4940605885402332"/>
            <maxpow number="0.4940605885402332"/>
            <fprob>0.0</fprob>
        </actor>
        <actor name="D0N3">
            <wcet number="0">10</wcet>
            <wcet number="1">10</wcet>
            <maxpow number="0.7752328899336122"/>
            <maxpow number="0.7752328899336122"/>
            <fprob>0.0</fprob>
        </actor>
        <actor name="D0N43">
            <wcet number="0">10</wcet>
            <wcet number="1">170</wcet>
            <maxpow number="0.5090342843886071"/>
            <maxpow number="0.5090342843886071"/>
            <fprob>0.0</fprob>
        </actor>
        <actor name="D0N13">
            <wcet number="0">20</wcet>
            <wcet number="1">70</wcet>
            <maxpow number="0.5809449283872847"/>
            <maxpow number="0.5809449283872847"/>
            <fprob>0.0</fprob>
        </actor>
        <actor name="D0N18">
            <wcet number="0">10</wcet>
            <wcet number="1">10</wcet>
            <maxpow number="0.21909238671897158"/>
            <maxpow number="0.21909238671897158"/>
            <fprob>0.0</fprob>
        </actor>
        <actor name="D0N19">
            <wcet number="0">10</wcet>
            <wcet number="1">10</wcet>
            <maxpow number="0.7981062993531174"/>
            <maxpow number="0.7981062993531174"/>
            <fprob>0.0</fprob>
        </actor>
        <actor name="D0N47">
            <wcet number="0">90</wcet>
            <wcet number="1">620</wcet>
            <maxpow number="0.4883159895375056"/>
            <maxpow number="0.4883159895375056"/>
            <fprob>0.0</fprob>
        </actor>
        <actor name="D0N26">
            <wcet number="0">10</wcet>
            <wcet number="1">10</wcet>
            <maxpow number="0.6502065038055265"/>
            <maxpow number="0.6502065038055265"/>
            <fprob>0.0</fprob>
        </actor>
        <actor name="D0N42">
            <wcet number="0">10</wcet>
            <wcet number="1">10</wcet>
            <maxpow number="0.5515413785431624"/>
            <maxpow number="0.5515413785431624"/>
            <fprob>0.0</fprob>
        </actor>
        <actor name="D0N38">
            <wcet number="0">20</wcet>
            <wcet number="1">30</wcet>
            <maxpow number="0.9889147628505475"/>
            <maxpow number="0.9889147628505475"/>
            <fprob>0.0</fprob>
        </actor>
        <actor name="D0N33">
            <wcet number="0">30</wcet>
            <wcet number="1">280</wcet>
            <maxpow number="0.30008473313121"/>
            <maxpow number="0.30008473313121"/>
            <fprob>0.0</fprob>
        </actor>
        <actor name="D0N48">
            <wcet number="0">30</wcet>
            <wcet number="1">140</wcet>
            <maxpow number="0.24481322393386318"/>
            <maxpow number="0.24481322393386318"/>
            <fprob>0.0</fprob>
        </actor>
        <actor name="D0N32">
            <wcet number="0">50</wcet>
            <wcet number="1">60</wcet>
            <maxpow number="0.881059253597409"/>
            <maxpow number="0.881059253597409"/>
            <fprob>0.0</fprob>
        </actor>
        <actor name="D0N4">
            <wcet number="0">10</wcet>
            <wcet number="1">40</wcet>
            <maxpow number="0.9139793873841267"/>
            <maxpow number="0.9139793873841267"/>
            <fprob>0.0</fprob>
        </actor>
        <actor name="D0N5">
            <wcet number="0">20</wcet>
            <wcet number="1">30</wcet>
            <maxpow number="0.22751579940088956"/>
            <maxpow number="0.22751579940088956"/>
            <fprob>0.0</fprob>
        </actor>
        <actor name="D0N45">
            <wcet number="0">10</wcet>
            <wcet number="1">10</wcet>
            <maxpow number="0.49668902914988794"/>
            <maxpow number="0.49668902914988794"/>
            <fprob>0.0</fprob>
        </actor>
        <actor name="D0N41">
            <wcet number="0">20</wcet>
            <wcet number="1">20</wcet>
            <maxpow number="0.526687271991542"/>
            <maxpow number="0.526687271991542"/>
            <fprob>0.0</fprob>
        </actor>
        <actor name="D0N34">
            <wcet number="0">140</wcet>
            <wcet number="1">250</wcet>
            <maxpow number="0.6445484675425278"/>
            <maxpow number="0.6445484675425278"/>
            <fprob>0.0</fprob>
        </actor>
        <actor name="D0N37">
            <wcet number="0">20</wcet>
            <wcet number="1">50</wcet>
            <maxpow number="0.503785171532205"/>
            <maxpow number="0.503785171532205"/>
            <fprob>0.0</fprob>
        </actor>
        <actor name="D0N27">
            <wcet number="0">50</wcet>
            <wcet number="1">60</wcet>
            <maxpow number="0.7323786418469562"/>
            <maxpow number="0.7323786418469562"/>
            <fprob>0.0</fprob>
        </actor>
        <actor name="D0N6">
            <wcet number="0">50</wcet>
            <wcet number="1">280</wcet>
            <maxpow number="0.6089098639917709"/>
            <maxpow number="0.6089098639917709"/>
            <fprob>0.0</fprob>
        </actor>
        <actor name="D0N24">
            <wcet number="0">10</wcet>
            <wcet number="1">150</wcet>
            <maxpow number="0.48721565771317366"/>
            <maxpow number="0.48721565771317366"/>
            <fprob>0.0</fprob>
        </actor>
        <actor name="D0N28">
            <wcet number="0">30</wcet>
            <wcet number="1">70</wcet>
            <maxpow number="0.44820696554803696"/>
            <maxpow number="0.44820696554803696"/>
            <fprob>0.0</fprob>
        </actor>
        <actor name="D0N21">
            <wcet number="0">30</wcet>
            <wcet number="1">30</wcet>
            <maxpow number="0.4104241752363886"/>
            <maxpow number="0.4104241752363886"/>
            <fprob>0.0</fprob>
        </actor>
        <actor name="D0N23">
            <wcet number="0">260</wcet>
            <wcet number="1">300</wcet>
            <maxpow number="0.8336972352935224"/>
            <maxpow number="0.8336972352935224"/>
            <fprob>0.0</fprob>
        </actor>
        <actor name="D0N15">
            <wcet number="0">130</wcet>
            <wcet number="1">140</wcet>
            <maxpow number="0.4574139861062931"/>
            <maxpow number="0.4574139861062931"/>
            <fprob>0.0</fprob>
        </actor>
        <actor name="D0N11">
            <wcet number="0">140</wcet>
            <wcet number="1">140</wcet>
            <maxpow number="0.6679227883140098"/>
            <maxpow number="0.6679227883140098"/>
            <fprob>0.0</fprob>
        </actor>
        <actor name="D0N29">
            <wcet number="0">20</wcet>
            <wcet number="1">30</wcet>
            <maxpow number="0.7333699600771159"/>
            <maxpow number="0.7333699600771159"/>
            <fprob>0.0</fprob>
        </actor>
        <actor name="D0N36">
            <wcet number="0">120</wcet>
            <wcet number="1">140</wcet>
            <maxpow number="0.306714465714217"/>
            <maxpow number="0.306714465714217"/>
            <fprob>0.0</fprob>
        </actor>
        <actor name="D0N31">
            <wcet number="0">110</wcet>
            <wcet number="1">310</wcet>
            <maxpow number="0.4031815073530209"/>
            <maxpow number="0.4031815073530209"/>
            <fprob>0.0</fprob>
        </actor>
        <actor name="D0N20">
            <wcet number="0">60</wcet>
            <wcet number="1">70</wcet>
            <maxpow number="0.4976957056027268"/>
            <maxpow number="0.4976957056027268"/>
            <fprob>0.0</fprob>
        </actor>
        <actor name="D0N0">
            <wcet number="0">10</wcet>
            <wcet number="1">10</wcet>
            <maxpow number="1.1131549400658736"/>
            <maxpow number="1.1131549400658736"/>
            <fprob>0.0</fprob>
        </actor>
        <actor name="D0N30">
            <wcet number="0">90</wcet>
            <wcet number="1">190</wcet>
            <maxpow number="0.5897460689032118"/>
            <maxpow number="0.5897460689032118"/>
            <fprob>0.0</fprob>
        </actor>
        <actor name="D0N17">
            <wcet number="0">50</wcet>
            <wcet number="1">50</wcet>
            <maxpow number="0.4271290160448972"/>
            <maxpow number="0.4271290160448972"/>
            <fprob>0.0</fprob>
        </actor>
        <actor name="D0N2">
            <wcet number="0">10</wcet>
            <wcet number="1">20</wcet>
            <maxpow number="0.5807753035344106"/>
            <maxpow number="0.5807753035344106"/>
            <fprob>0.0</fprob>
        </actor>
        <actor name="D0N35">
            <wcet number="0">140</wcet>
            <wcet number="1">170</wcet>
            <maxpow number="0.7644138814134117"/>
            <maxpow number="0.7644138814134117"/>
            <fprob>0.0</fprob>
        </actor>
        <actor name="D0N8">
            <wcet number="0">20</wcet>
            <wcet number="1">30</wcet>
            <maxpow number="0.3856601570302013"/>
            <maxpow number="0.3856601570302013"/>
            <fprob>0.0</fprob>
        </actor>
        <actor name="D0N46">
            <wcet number="0">20</wcet>
            <wcet number="1">50</wcet>
            <maxpow number="0.9610985990169814"/>
            <maxpow number="0.9610985990169814"/>
            <fprob>0.0</fprob>
        </actor>
        <actor name="D0N10">
            <wcet number="0">240</wcet>
            <wcet number="1">380</wcet>
            <maxpow number="0.37403750325646234"/>
            <maxpow number="0.37403750325646234"/>
            <fprob>0.0</fprob>
        </actor>
        <actor name="D0N12">
            <wcet number="0">380</wcet>
            <wcet number="1">380</wcet>
            <maxpow number="0.6705494394017464"/>
            <maxpow number="0.6705494394017464"/>
            <fprob>0.0</fprob>
        </actor>
        <actor name="D0N25">
            <wcet number="0">70</wcet>
            <wcet number="1">120</wcet>
            <maxpow number="0.5702991981748837"/>
            <maxpow number="0.5702991981748837"/>
            <fprob>0.0</fprob>
        </actor>
        <ports>
            <port dstActor="D0N47" name="p0" srcActor="D0N39"/>
            <port dstActor="D0N45" name="p1" srcActor="D0N39"/>
            <port dstActor="D0N22" name="p2" srcActor="D0N7"/>
            <port dstActor="D0N29" name="p3" srcActor="D0N7"/>
            <port dstActor="D0N26" name="p4" srcActor="D0N14"/>
            <port dstActor="D0N22" name="p5" srcActor="D0N14"/>
            <port dstActor="D0N39" name="p6" srcActor="D0N14"/>
            <port dstActor="D0N28" name="p7" srcActor="D0N22"/>
            <port dstActor="D0N38" name="p8" srcActor="D0N22"/>
            <port dstActor="D0N22" name="p9" srcActor="D0N16"/>
            <port dstActor="D0N36" name="p10" srcActor="D0N16"/>
            <port dstActor="D0N42" name="p11" srcActor="D0N40"/>
            <port dstActor="D0N24" name="p12" srcActor="D0N9"/>
            <port dstActor="D0N35" name="p13" srcActor="D0N9"/>
            <port dstActor="D0N36" name="p14" srcActor="D0N9"/>
            <port dstActor="D0N13" name="p15" srcActor="D0N9"/>
            <port dstActor="D0N36" name="p16" srcActor="D0N1"/>
            <port dstActor="D0N11" name="p17" srcActor="D0N1"/>
            <port dstActor="D0N18" name="p18" srcActor="D0N1"/>
            <port dstActor="D0N46" name="p19" srcActor="D0N1"/>
            <port dstActor="D0N24" name="p20" srcActor="D0N1"/>
            <port dstActor="D0N41" name="p21" srcActor="D0N1"/>
            <port dstActor="D0N20" name="p22" srcActor="D0N1"/>
            <port dstActor="D0N21" name="p23" srcActor="D0N3"/>
            <port dstActor="D0N17" name="p24" srcActor="D0N3"/>
            <port dstActor="D0N28" name="p25" srcActor="D0N3"/>
            <port dstActor="D0N16" name="p26" srcActor="D0N3"/>
            <port dstActor="D0N26" name="p27" srcActor="D0N13"/>
            <port dstActor="D0N20" name="p28" srcActor="D0N13"/>
            <port dstActor="D0N44" name="p29" srcActor="D0N13"/>
            <port dstActor="D0N23" name="p30" srcActor="D0N18"/>
            <port dstActor="D0N30" name="p31" srcActor="D0N18"/>
            <port dstActor="D0N47" name="p32" srcActor="D0N18"/>
            <port dstActor="D0N22" name="p33" srcActor="D0N18"/>
            <port dstActor="D0N44" name="p34" srcActor="D0N19"/>
            <port dstActor="D0N47" name="p35" srcActor="D0N19"/>
            <port dstActor="D0N27" name="p36" srcActor="D0N19"/>
            <port dstActor="D0N28" name="p37" srcActor="D0N19"/>
            <port dstActor="D0N36" name="p38" srcActor="D0N19"/>
            <port dstActor="D0N38" name="p39" srcActor="D0N19"/>
            <port dstActor="D0N47" name="p40" srcActor="D0N42"/>
            <port dstActor="D0N47" name="p41" srcActor="D0N38"/>
            <port dstActor="D0N40" name="p42" srcActor="D0N38"/>
            <port dstActor="D0N39" name="p43" srcActor="D0N38"/>
            <port dstActor="D0N35" name="p44" srcActor="D0N32"/>
            <port dstActor="D0N34" name="p45" srcActor="D0N32"/>
            <port dstActor="D0N44" name="p46" srcActor="D0N32"/>
            <port dstActor="D0N33" name="p47" srcActor="D0N4"/>
            <port dstActor="D0N43" name="p48" srcActor="D0N4"/>
            <port dstActor="D0N7" name="p49" srcActor="D0N4"/>
            <port dstActor="D0N20" name="p50" srcActor="D0N5"/>
            <port dstActor="D0N24" name="p51" srcActor="D0N5"/>
            <port dstActor="D0N19" name="p52" srcActor="D0N5"/>
            <port dstActor="D0N28" name="p53" srcActor="D0N5"/>
            <port dstActor="D0N47" name="p54" srcActor="D0N45"/>
            <port dstActor="D0N35" name="p55" srcActor="D0N34"/>
            <port dstActor="D0N46" name="p56" srcActor="D0N37"/>
            <port dstActor="D0N20" name="p57" srcActor="D0N6"/>
            <port dstActor="D0N15" name="p58" srcActor="D0N6"/>
            <port dstActor="D0N22" name="p59" srcActor="D0N6"/>
            <port dstActor="D0N14" name="p60" srcActor="D0N6"/>
            <port dstActor="D0N19" name="p61" srcActor="D0N6"/>
            <port dstActor="D0N48" name="p62" srcActor="D0N24"/>
            <port dstActor="D0N38" name="p63" srcActor="D0N24"/>
            <port dstActor="D0N35" name="p64" srcActor="D0N24"/>
            <port dstActor="D0N46" name="p65" srcActor="D0N28"/>
            <port dstActor="D0N39" name="p66" srcActor="D0N28"/>
            <port dstActor="D0N48" name="p67" srcActor="D0N28"/>
            <port dstActor="D0N30" name="p68" srcActor="D0N21"/>
            <port dstActor="D0N44" name="p69" srcActor="D0N21"/>
            <port dstActor="D0N38" name="p70" srcActor="D0N21"/>
            <port dstActor="D0N26" name="p71" srcActor="D0N23"/>
            <port dstActor="D0N46" name="p72" srcActor="D0N15"/>
            <port dstActor="D0N24" name="p73" srcActor="D0N15"/>
            <port dstActor="D0N35" name="p74" srcActor="D0N15"/>
            <port dstActor="D0N47" name="p75" srcActor="D0N15"/>
            <port dstActor="D0N33" name="p76" srcActor="D0N11"/>
            <port dstActor="D0N39" name="p77" srcActor="D0N11"/>
            <port dstActor="D0N16" name="p78" srcActor="D0N11"/>
            <port dstActor="D0N18" name="p79" srcActor="D0N11"/>
            <port dstActor="D0N23" name="p80" srcActor="D0N11"/>
            <port dstActor="D0N42" name="p81" srcActor="D0N11"/>
            <port dstActor="D0N36" name="p82" srcActor="D0N29"/>
            <port dstActor="D0N38" name="p83" srcActor="D0N36"/>
            <port dstActor="D0N37" name="p84" srcActor="D0N36"/>
            <port dstActor="D0N45" name="p85" srcActor="D0N20"/>
            <port dstActor="D0N24" name="p86" srcActor="D0N20"/>
            <port dstActor="D0N9" name="p87" srcActor="D0N0"/>
            <port dstActor="D0N37" name="p88" srcActor="D0N0"/>
            <port dstActor="D0N45" name="p89" srcActor="D0N0"/>
            <port dstActor="D0N35" name="p90" srcActor="D0N30"/>
            <port dstActor="D0N29" name="p91" srcActor="D0N17"/>
            <port dstActor="D0N24" name="p92" srcActor="D0N17"/>
            <port dstActor="D0N34" name="p93" srcActor="D0N17"/>
            <port dstActor="D0N23" name="p94" srcActor="D0N2"/>
            <port dstActor="D0N31" name="p95" srcActor="D0N2"/>
            <port dstActor="D0N13" name="p96" srcActor="D0N2"/>
            <port dstActor="D0N21" name="p97" srcActor="D0N2"/>
            <port dstActor="D0N27" name="p98" srcActor="D0N2"/>
            <port dstActor="D0N22" name="p99" srcActor="D0N2"/>
            <port dstActor="D0N43" name="p100" srcActor="D0N2"/>
            <port dstActor="D0N41" name="p101" srcActor="D0N35"/>
            <port dstActor="D0N45" name="p102" srcActor="D0N8"/>
            <port dstActor="D0N12" name="p103" srcActor="D0N8"/>
            <port dstActor="D0N29" name="p104" srcActor="D0N8"/>
            <port dstActor="D0N43" name="p105" srcActor="D0N8"/>
            <port dstActor="D0N15" name="p106" srcActor="D0N8"/>
            <port dstActor="D0N37" name="p107" srcActor="D0N8"/>
            <port dstActor="D0N10" name="p108" srcActor="D0N8"/>
            <port dstActor="D0N11" name="p109" srcActor="D0N8"/>
            <port dstActor="D0N15" name="p110" srcActor="D0N10"/>
            <port dstActor="D0N14" name="p111" srcActor="D0N12"/>
            <port dstActor="D0N20" name="p112" srcActor="D0N12"/>
            <port dstActor="D0N31" name="p113" srcActor="D0N12"/>
            <port dstActor="D0N38" name="p114" srcActor="D0N25"/>
            <port dstActor="D0N45" name="p115" srcActor="D0N25"/>
            <port dstActor="D0N31" name="p116" srcActor="D0N25"/>
            <port dstActor="D0N46" name="p117" srcActor="D0N25"/>
        </ports>
    </mcdag>
    <cores number="3"/>
    <levels number="2"/>
</mcsystem>
