<?xml version="1.0" encoding="UTF-8" standalone="no"?>
<mcsystem>
    <mcdag deadline="1800" name="genned-0-ed-10.0-0">
        <actor name="D0N37">
            <wcet number="0">10</wcet>
            <wcet number="1">20</wcet>
            <maxpow number="0.6498891111722859"/>
            <maxpow number="0.6498891111722859"/>
            <fprob>0.0</fprob>
        </actor>
        <actor name="D0N31">
            <wcet number="0">40</wcet>
            <wcet number="1">60</wcet>
            <maxpow number="0.6105158436419568"/>
            <maxpow number="0.6105158436419568"/>
            <fprob>0.0</fprob>
        </actor>
        <actor name="D0N26">
            <wcet number="0">40</wcet>
            <wcet number="1">190</wcet>
            <maxpow number="0.5398999534308309"/>
            <maxpow number="0.5398999534308309"/>
            <fprob>0.0</fprob>
        </actor>
        <actor name="D0N23">
            <wcet number="0">130</wcet>
            <wcet number="1">170</wcet>
            <maxpow number="0.47574421633070463"/>
            <maxpow number="0.47574421633070463"/>
            <fprob>0.0</fprob>
        </actor>
        <actor name="D0N10">
            <wcet number="0">20</wcet>
            <wcet number="1">160</wcet>
            <maxpow number="0.6813736624419733"/>
            <maxpow number="0.6813736624419733"/>
            <fprob>0.0</fprob>
        </actor>
        <actor name="D0N27">
            <wcet number="0">70</wcet>
            <wcet number="1">280</wcet>
            <maxpow number="0.7141798837831219"/>
            <maxpow number="0.7141798837831219"/>
            <fprob>0.0</fprob>
        </actor>
        <actor name="D0N9">
            <wcet number="0">20</wcet>
            <wcet number="1">20</wcet>
            <maxpow number="0.4103110222185692"/>
            <maxpow number="0.4103110222185692"/>
            <fprob>0.0</fprob>
        </actor>
        <actor name="D0N13">
            <wcet number="0">10</wcet>
            <wcet number="1">20</wcet>
            <maxpow number="0.5091751401622712"/>
            <maxpow number="0.5091751401622712"/>
            <fprob>0.0</fprob>
        </actor>
        <actor name="D0N42">
            <wcet number="0">110</wcet>
            <wcet number="1">240</wcet>
            <maxpow number="0.3716969642721627"/>
            <maxpow number="0.3716969642721627"/>
            <fprob>0.0</fprob>
        </actor>
        <actor name="D0N15">
            <wcet number="0">60</wcet>
            <wcet number="1">60</wcet>
            <maxpow number="0.6776388030377805"/>
            <maxpow number="0.6776388030377805"/>
            <fprob>0.0</fprob>
        </actor>
        <actor name="D0N48">
            <wcet number="0">130</wcet>
            <wcet number="1">160</wcet>
            <maxpow number="0.560299224975347"/>
            <maxpow number="0.560299224975347"/>
            <fprob>0.0</fprob>
        </actor>
        <actor name="D0N41">
            <wcet number="0">50</wcet>
            <wcet number="1">140</wcet>
            <maxpow number="0.47085469243730366"/>
            <maxpow number="0.47085469243730366"/>
            <fprob>0.0</fprob>
        </actor>
        <actor name="D0N8">
            <wcet number="0">10</wcet>
            <wcet number="1">10</wcet>
            <maxpow number="0.38916910545394445"/>
            <maxpow number="0.38916910545394445"/>
            <fprob>0.0</fprob>
        </actor>
        <actor name="D0N24">
            <wcet number="0">20</wcet>
            <wcet number="1">30</wcet>
            <maxpow number="0.32081071209491363"/>
            <maxpow number="0.32081071209491363"/>
            <fprob>0.0</fprob>
        </actor>
        <actor name="D0N49">
            <wcet number="0">40</wcet>
            <wcet number="1">170</wcet>
            <maxpow number="0.6749958838520225"/>
            <maxpow number="0.6749958838520225"/>
            <fprob>0.0</fprob>
        </actor>
        <actor name="D0N12">
            <wcet number="0">30</wcet>
            <wcet number="1">200</wcet>
            <maxpow number="0.4748352375968958"/>
            <maxpow number="0.4748352375968958"/>
            <fprob>0.0</fprob>
        </actor>
        <actor name="D0N18">
            <wcet number="0">70</wcet>
            <wcet number="1">90</wcet>
            <maxpow number="0.6458062800236791"/>
            <maxpow number="0.6458062800236791"/>
            <fprob>0.0</fprob>
        </actor>
        <actor name="D0N19">
            <wcet number="0">40</wcet>
            <wcet number="1">70</wcet>
            <maxpow number="0.6672137442881868"/>
            <maxpow number="0.6672137442881868"/>
            <fprob>0.0</fprob>
        </actor>
        <actor name="D0N16">
            <wcet number="0">30</wcet>
            <wcet number="1">160</wcet>
            <maxpow number="0.5768083041447152"/>
            <maxpow number="0.5768083041447152"/>
            <fprob>0.0</fprob>
        </actor>
        <actor name="D0N39">
            <wcet number="0">70</wcet>
            <wcet number="1">80</wcet>
            <maxpow number="0.3241866591000706"/>
            <maxpow number="0.3241866591000706"/>
            <fprob>0.0</fprob>
        </actor>
        <actor name="D0N20">
            <wcet number="0">10</wcet>
            <wcet number="1">100</wcet>
            <maxpow number="0.620147979240301"/>
            <maxpow number="0.620147979240301"/>
            <fprob>0.0</fprob>
        </actor>
        <actor name="D0N6">
            <wcet number="0">20</wcet>
            <wcet number="1">20</wcet>
            <maxpow number="0.6247815040226586"/>
            <maxpow number="0.6247815040226586"/>
            <fprob>0.0</fprob>
        </actor>
        <actor name="D0N17">
            <wcet number="0">30</wcet>
            <wcet number="1">120</wcet>
            <maxpow number="0.6105224167910349"/>
            <maxpow number="0.6105224167910349"/>
            <fprob>0.0</fprob>
        </actor>
        <actor name="D0N14">
            <wcet number="0">30</wcet>
            <wcet number="1">40</wcet>
            <maxpow number="0.49567380139907113"/>
            <maxpow number="0.49567380139907113"/>
            <fprob>0.0</fprob>
        </actor>
        <actor name="D0N40">
            <wcet number="0">110</wcet>
            <wcet number="1">130</wcet>
            <maxpow number="0.7586652047062223"/>
            <maxpow number="0.7586652047062223"/>
            <fprob>0.0</fprob>
        </actor>
        <actor name="D0N45">
            <wcet number="0">160</wcet>
            <wcet number="1">310</wcet>
            <maxpow number="0.682874073310004"/>
            <maxpow number="0.682874073310004"/>
            <fprob>0.0</fprob>
        </actor>
        <actor name="D0N28">
            <wcet number="0">10</wcet>
            <wcet number="1">20</wcet>
            <maxpow number="0.8576122884866029"/>
            <maxpow number="0.8576122884866029"/>
            <fprob>0.0</fprob>
        </actor>
        <actor name="D0N4">
            <wcet number="0">30</wcet>
            <wcet number="1">100</wcet>
            <maxpow number="0.39686880739436864"/>
            <maxpow number="0.39686880739436864"/>
            <fprob>0.0</fprob>
        </actor>
        <actor name="D0N25">
            <wcet number="0">20</wcet>
            <wcet number="1">20</wcet>
            <maxpow number="0.5056820311900855"/>
            <maxpow number="0.5056820311900855"/>
            <fprob>0.0</fprob>
        </actor>
        <actor name="D0N47">
            <wcet number="0">50</wcet>
            <wcet number="1">70</wcet>
            <maxpow number="0.639964960762115"/>
            <maxpow number="0.639964960762115"/>
            <fprob>0.0</fprob>
        </actor>
        <actor name="D0N36">
            <wcet number="0">140</wcet>
            <wcet number="1">140</wcet>
            <maxpow number="0.6622283669841391"/>
            <maxpow number="0.6622283669841391"/>
            <fprob>0.0</fprob>
        </actor>
        <actor name="D0N44">
            <wcet number="0">20</wcet>
            <wcet number="1">140</wcet>
            <maxpow number="0.6523283523217612"/>
            <maxpow number="0.6523283523217612"/>
            <fprob>0.0</fprob>
        </actor>
        <actor name="D0N5">
            <wcet number="0">230</wcet>
            <wcet number="1">330</wcet>
            <maxpow number="0.6410622651362586"/>
            <maxpow number="0.6410622651362586"/>
            <fprob>0.0</fprob>
        </actor>
        <actor name="D0N32">
            <wcet number="0">20</wcet>
            <wcet number="1">20</wcet>
            <maxpow number="0.41270162749729594"/>
            <maxpow number="0.41270162749729594"/>
            <fprob>0.0</fprob>
        </actor>
        <actor name="D0N22">
            <wcet number="0">50</wcet>
            <wcet number="1">90</wcet>
            <maxpow number="0.633553259567403"/>
            <maxpow number="0.633553259567403"/>
            <fprob>0.0</fprob>
        </actor>
        <actor name="D0N43">
            <wcet number="0">10</wcet>
            <wcet number="1">10</wcet>
            <maxpow number="0.6552819592207415"/>
            <maxpow number="0.6552819592207415"/>
            <fprob>0.0</fprob>
        </actor>
        <actor name="D0N29">
            <wcet number="0">110</wcet>
            <wcet number="1">110</wcet>
            <maxpow number="0.5513399081992805"/>
            <maxpow number="0.5513399081992805"/>
            <fprob>0.0</fprob>
        </actor>
        <actor name="D0N21">
            <wcet number="0">110</wcet>
            <wcet number="1">140</wcet>
            <maxpow number="0.7346037460603457"/>
            <maxpow number="0.7346037460603457"/>
            <fprob>0.0</fprob>
        </actor>
        <actor name="D0N38">
            <wcet number="0">30</wcet>
            <wcet number="1">190</wcet>
            <maxpow number="0.2736351144776242"/>
            <maxpow number="0.2736351144776242"/>
            <fprob>0.0</fprob>
        </actor>
        <actor name="D0N7">
            <wcet number="0">200</wcet>
            <wcet number="1">200</wcet>
            <maxpow number="0.8374114320363258"/>
            <maxpow number="0.8374114320363258"/>
            <fprob>0.0</fprob>
        </actor>
        <actor name="D0N1">
            <wcet number="0">20</wcet>
            <wcet number="1">20</wcet>
            <maxpow number="0.28069308187478614"/>
            <maxpow number="0.28069308187478614"/>
            <fprob>0.0</fprob>
        </actor>
        <actor name="D0N46">
            <wcet number="0">150</wcet>
            <wcet number="1">170</wcet>
            <maxpow number="0.3475176359654092"/>
            <maxpow number="0.3475176359654092"/>
            <fprob>0.0</fprob>
        </actor>
        <actor name="D0N0">
            <wcet number="0">10</wcet>
            <wcet number="1">10</wcet>
            <maxpow number="0.3332864934796893"/>
            <maxpow number="0.3332864934796893"/>
            <fprob>0.0</fprob>
        </actor>
        <actor name="D0N3">
            <wcet number="0">40</wcet>
            <wcet number="1">40</wcet>
            <maxpow number="0.6704780005652685"/>
            <maxpow number="0.6704780005652685"/>
            <fprob>0.0</fprob>
        </actor>
        <actor name="D0N33">
            <wcet number="0">10</wcet>
            <wcet number="1">10</wcet>
            <maxpow number="0.647514115681717"/>
            <maxpow number="0.647514115681717"/>
            <fprob>0.0</fprob>
        </actor>
        <actor name="D0N35">
            <wcet number="0">10</wcet>
            <wcet number="1">60</wcet>
            <maxpow number="0.2759305144987945"/>
            <maxpow number="0.2759305144987945"/>
            <fprob>0.0</fprob>
        </actor>
        <actor name="D0N34">
            <wcet number="0">30</wcet>
            <wcet number="1">60</wcet>
            <maxpow number="0.6459716053490425"/>
            <maxpow number="0.6459716053490425"/>
            <fprob>0.0</fprob>
        </actor>
        <actor name="D0N30">
            <wcet number="0">20</wcet>
            <wcet number="1">150</wcet>
            <maxpow number="0.4691996976599959"/>
            <maxpow number="0.4691996976599959"/>
            <fprob>0.0</fprob>
        </actor>
        <actor name="D0N2">
            <wcet number="0">10</wcet>
            <wcet number="1">60</wcet>
            <maxpow number="0.6533622204326837"/>
            <maxpow number="0.6533622204326837"/>
            <fprob>0.0</fprob>
        </actor>
        <actor name="D0N11">
            <wcet number="0">10</wcet>
            <wcet number="1">10</wcet>
            <maxpow number="0.8025951908654683"/>
            <maxpow number="0.8025951908654683"/>
            <fprob>0.0</fprob>
        </actor>
        <ports>
            <port dstActor="D0N43" name="p0" srcActor="D0N37"/>
            <port dstActor="D0N36" name="p1" srcActor="D0N31"/>
            <port dstActor="D0N33" name="p2" srcActor="D0N26"/>
            <port dstActor="D0N46" name="p3" srcActor="D0N26"/>
            <port dstActor="D0N25" name="p4" srcActor="D0N23"/>
            <port dstActor="D0N30" name="p5" srcActor="D0N23"/>
            <port dstActor="D0N13" name="p6" srcActor="D0N10"/>
            <port dstActor="D0N44" name="p7" srcActor="D0N10"/>
            <port dstActor="D0N23" name="p8" srcActor="D0N10"/>
            <port dstActor="D0N33" name="p9" srcActor="D0N10"/>
            <port dstActor="D0N30" name="p10" srcActor="D0N27"/>
            <port dstActor="D0N47" name="p11" srcActor="D0N9"/>
            <port dstActor="D0N25" name="p12" srcActor="D0N9"/>
            <port dstActor="D0N25" name="p13" srcActor="D0N15"/>
            <port dstActor="D0N38" name="p14" srcActor="D0N15"/>
            <port dstActor="D0N35" name="p15" srcActor="D0N15"/>
            <port dstActor="D0N36" name="p16" srcActor="D0N15"/>
            <port dstActor="D0N39" name="p17" srcActor="D0N15"/>
            <port dstActor="D0N44" name="p18" srcActor="D0N41"/>
            <port dstActor="D0N26" name="p19" srcActor="D0N8"/>
            <port dstActor="D0N25" name="p20" srcActor="D0N8"/>
            <port dstActor="D0N16" name="p21" srcActor="D0N8"/>
            <port dstActor="D0N19" name="p22" srcActor="D0N8"/>
            <port dstActor="D0N49" name="p23" srcActor="D0N8"/>
            <port dstActor="D0N36" name="p24" srcActor="D0N24"/>
            <port dstActor="D0N31" name="p25" srcActor="D0N24"/>
            <port dstActor="D0N28" name="p26" srcActor="D0N24"/>
            <port dstActor="D0N26" name="p27" srcActor="D0N12"/>
            <port dstActor="D0N16" name="p28" srcActor="D0N12"/>
            <port dstActor="D0N45" name="p29" srcActor="D0N12"/>
            <port dstActor="D0N23" name="p30" srcActor="D0N12"/>
            <port dstActor="D0N19" name="p31" srcActor="D0N12"/>
            <port dstActor="D0N25" name="p32" srcActor="D0N18"/>
            <port dstActor="D0N39" name="p33" srcActor="D0N18"/>
            <port dstActor="D0N49" name="p34" srcActor="D0N18"/>
            <port dstActor="D0N41" name="p35" srcActor="D0N18"/>
            <port dstActor="D0N36" name="p36" srcActor="D0N16"/>
            <port dstActor="D0N22" name="p37" srcActor="D0N16"/>
            <port dstActor="D0N46" name="p38" srcActor="D0N39"/>
            <port dstActor="D0N29" name="p39" srcActor="D0N20"/>
            <port dstActor="D0N22" name="p40" srcActor="D0N20"/>
            <port dstActor="D0N47" name="p41" srcActor="D0N20"/>
            <port dstActor="D0N42" name="p42" srcActor="D0N6"/>
            <port dstActor="D0N16" name="p43" srcActor="D0N6"/>
            <port dstActor="D0N36" name="p44" srcActor="D0N6"/>
            <port dstActor="D0N38" name="p45" srcActor="D0N17"/>
            <port dstActor="D0N36" name="p46" srcActor="D0N17"/>
            <port dstActor="D0N39" name="p47" srcActor="D0N17"/>
            <port dstActor="D0N28" name="p48" srcActor="D0N14"/>
            <port dstActor="D0N31" name="p49" srcActor="D0N14"/>
            <port dstActor="D0N48" name="p50" srcActor="D0N14"/>
            <port dstActor="D0N36" name="p51" srcActor="D0N14"/>
            <port dstActor="D0N47" name="p52" srcActor="D0N28"/>
            <port dstActor="D0N29" name="p53" srcActor="D0N28"/>
            <port dstActor="D0N22" name="p54" srcActor="D0N4"/>
            <port dstActor="D0N49" name="p55" srcActor="D0N4"/>
            <port dstActor="D0N35" name="p56" srcActor="D0N25"/>
            <port dstActor="D0N36" name="p57" srcActor="D0N25"/>
            <port dstActor="D0N46" name="p58" srcActor="D0N44"/>
            <port dstActor="D0N21" name="p59" srcActor="D0N5"/>
            <port dstActor="D0N40" name="p60" srcActor="D0N5"/>
            <port dstActor="D0N9" name="p61" srcActor="D0N5"/>
            <port dstActor="D0N12" name="p62" srcActor="D0N5"/>
            <port dstActor="D0N24" name="p63" srcActor="D0N22"/>
            <port dstActor="D0N35" name="p64" srcActor="D0N22"/>
            <port dstActor="D0N37" name="p65" srcActor="D0N22"/>
            <port dstActor="D0N46" name="p66" srcActor="D0N43"/>
            <port dstActor="D0N44" name="p67" srcActor="D0N43"/>
            <port dstActor="D0N34" name="p68" srcActor="D0N29"/>
            <port dstActor="D0N38" name="p69" srcActor="D0N29"/>
            <port dstActor="D0N33" name="p70" srcActor="D0N29"/>
            <port dstActor="D0N46" name="p71" srcActor="D0N21"/>
            <port dstActor="D0N43" name="p72" srcActor="D0N38"/>
            <port dstActor="D0N22" name="p73" srcActor="D0N7"/>
            <port dstActor="D0N13" name="p74" srcActor="D0N7"/>
            <port dstActor="D0N14" name="p75" srcActor="D0N7"/>
            <port dstActor="D0N9" name="p76" srcActor="D0N7"/>
            <port dstActor="D0N16" name="p77" srcActor="D0N1"/>
            <port dstActor="D0N29" name="p78" srcActor="D0N1"/>
            <port dstActor="D0N40" name="p79" srcActor="D0N0"/>
            <port dstActor="D0N19" name="p80" srcActor="D0N0"/>
            <port dstActor="D0N39" name="p81" srcActor="D0N0"/>
            <port dstActor="D0N26" name="p82" srcActor="D0N0"/>
            <port dstActor="D0N44" name="p83" srcActor="D0N3"/>
            <port dstActor="D0N35" name="p84" srcActor="D0N3"/>
            <port dstActor="D0N6" name="p85" srcActor="D0N3"/>
            <port dstActor="D0N11" name="p86" srcActor="D0N3"/>
            <port dstActor="D0N4" name="p87" srcActor="D0N3"/>
            <port dstActor="D0N13" name="p88" srcActor="D0N3"/>
            <port dstActor="D0N40" name="p89" srcActor="D0N3"/>
            <port dstActor="D0N27" name="p90" srcActor="D0N3"/>
            <port dstActor="D0N48" name="p91" srcActor="D0N35"/>
            <port dstActor="D0N43" name="p92" srcActor="D0N30"/>
            <port dstActor="D0N47" name="p93" srcActor="D0N30"/>
            <port dstActor="D0N49" name="p94" srcActor="D0N30"/>
            <port dstActor="D0N39" name="p95" srcActor="D0N2"/>
            <port dstActor="D0N10" name="p96" srcActor="D0N2"/>
            <port dstActor="D0N47" name="p97" srcActor="D0N2"/>
            <port dstActor="D0N36" name="p98" srcActor="D0N2"/>
            <port dstActor="D0N18" name="p99" srcActor="D0N2"/>
            <port dstActor="D0N13" name="p100" srcActor="D0N2"/>
            <port dstActor="D0N19" name="p101" srcActor="D0N11"/>
            <port dstActor="D0N14" name="p102" srcActor="D0N11"/>
            <port dstActor="D0N30" name="p103" srcActor="D0N11"/>
            <port dstActor="D0N42" name="p104" srcActor="D0N11"/>
        </ports>
    </mcdag>
    <cores number="3"/>
    <levels number="2"/>
</mcsystem>
