<?xml version="1.0" encoding="UTF-8" standalone="no"?>
<mcsystem>
    <mcdag deadline="1500" name="genned-0-ed-10.0-0">
        <actor name="D0N17">
            <wcet number="0">20</wcet>
            <wcet number="1">30</wcet>
            <maxpow number="0.36609599542500815"/>
            <maxpow number="0.36609599542500815"/>
            <fprob>0.0</fprob>
        </actor>
        <actor name="D0N13">
            <wcet number="0">10</wcet>
            <wcet number="1">20</wcet>
            <maxpow number="0.6174242951296282"/>
            <maxpow number="0.6174242951296282"/>
            <fprob>0.0</fprob>
        </actor>
        <actor name="D0N35">
            <wcet number="0">110</wcet>
            <wcet number="1">230</wcet>
            <maxpow number="0.6993073268255596"/>
            <maxpow number="0.6993073268255596"/>
            <fprob>0.0</fprob>
        </actor>
        <actor name="D0N32">
            <wcet number="0">30</wcet>
            <wcet number="1">40</wcet>
            <maxpow number="0.5616933929624387"/>
            <maxpow number="0.5616933929624387"/>
            <fprob>0.0</fprob>
        </actor>
        <actor name="D0N22">
            <wcet number="0">10</wcet>
            <wcet number="1">10</wcet>
            <maxpow number="0.004498183690667679"/>
            <maxpow number="0.004498183690667679"/>
            <fprob>0.0</fprob>
        </actor>
        <actor name="D0N4">
            <wcet number="0">50</wcet>
            <wcet number="1">70</wcet>
            <maxpow number="0.2304789429617471"/>
            <maxpow number="0.2304789429617471"/>
            <fprob>0.0</fprob>
        </actor>
        <actor name="D0N15">
            <wcet number="0">40</wcet>
            <wcet number="1">50</wcet>
            <maxpow number="0.5609675037157152"/>
            <maxpow number="0.5609675037157152"/>
            <fprob>0.0</fprob>
        </actor>
        <actor name="D0N36">
            <wcet number="0">10</wcet>
            <wcet number="1">10</wcet>
            <maxpow number="0.22372648173863496"/>
            <maxpow number="0.22372648173863496"/>
            <fprob>0.0</fprob>
        </actor>
        <actor name="D0N44">
            <wcet number="0">10</wcet>
            <wcet number="1">10</wcet>
            <maxpow number="0.4981428471962572"/>
            <maxpow number="0.4981428471962572"/>
            <fprob>0.0</fprob>
        </actor>
        <actor name="D0N31">
            <wcet number="0">20</wcet>
            <wcet number="1">30</wcet>
            <maxpow number="0.5449387895282317"/>
            <maxpow number="0.5449387895282317"/>
            <fprob>0.0</fprob>
        </actor>
        <actor name="D0N45">
            <wcet number="0">20</wcet>
            <wcet number="1">20</wcet>
            <maxpow number="0.66509995003374"/>
            <maxpow number="0.66509995003374"/>
            <fprob>0.0</fprob>
        </actor>
        <actor name="D0N12">
            <wcet number="0">50</wcet>
            <wcet number="1">50</wcet>
            <maxpow number="0.3915315053343823"/>
            <maxpow number="0.3915315053343823"/>
            <fprob>0.0</fprob>
        </actor>
        <actor name="D0N2">
            <wcet number="0">50</wcet>
            <wcet number="1">50</wcet>
            <maxpow number="0.4142996580734705"/>
            <maxpow number="0.4142996580734705"/>
            <fprob>0.0</fprob>
        </actor>
        <actor name="D0N10">
            <wcet number="0">10</wcet>
            <wcet number="1">10</wcet>
            <maxpow number="0.5447351911910202"/>
            <maxpow number="0.5447351911910202"/>
            <fprob>0.0</fprob>
        </actor>
        <actor name="D0N23">
            <wcet number="0">10</wcet>
            <wcet number="1">10</wcet>
            <maxpow number="0.7295261257133374"/>
            <maxpow number="0.7295261257133374"/>
            <fprob>0.0</fprob>
        </actor>
        <actor name="D0N43">
            <wcet number="0">10</wcet>
            <wcet number="1">90</wcet>
            <maxpow number="0.2031005361697361"/>
            <maxpow number="0.2031005361697361"/>
            <fprob>0.0</fprob>
        </actor>
        <actor name="D0N1">
            <wcet number="0">20</wcet>
            <wcet number="1">20</wcet>
            <maxpow number="0.2924217836558037"/>
            <maxpow number="0.2924217836558037"/>
            <fprob>0.0</fprob>
        </actor>
        <actor name="D0N11">
            <wcet number="0">10</wcet>
            <wcet number="1">30</wcet>
            <maxpow number="0.5060295197234213"/>
            <maxpow number="0.5060295197234213"/>
            <fprob>0.0</fprob>
        </actor>
        <actor name="D0N46">
            <wcet number="0">20</wcet>
            <wcet number="1">30</wcet>
            <maxpow number="0.4918021318244245"/>
            <maxpow number="0.4918021318244245"/>
            <fprob>0.0</fprob>
        </actor>
        <actor name="D0N20">
            <wcet number="0">50</wcet>
            <wcet number="1">50</wcet>
            <maxpow number="0.5780196587679011"/>
            <maxpow number="0.5780196587679011"/>
            <fprob>0.0</fprob>
        </actor>
        <actor name="D0N41">
            <wcet number="0">50</wcet>
            <wcet number="1">70</wcet>
            <maxpow number="0.40086316273463585"/>
            <maxpow number="0.40086316273463585"/>
            <fprob>0.0</fprob>
        </actor>
        <actor name="D0N25">
            <wcet number="0">150</wcet>
            <wcet number="1">160</wcet>
            <maxpow number="0.6425387163951911"/>
            <maxpow number="0.6425387163951911"/>
            <fprob>0.0</fprob>
        </actor>
        <actor name="D0N18">
            <wcet number="0">60</wcet>
            <wcet number="1">100</wcet>
            <maxpow number="0.4397792778858779"/>
            <maxpow number="0.4397792778858779"/>
            <fprob>0.0</fprob>
        </actor>
        <actor name="D0N3">
            <wcet number="0">50</wcet>
            <wcet number="1">100</wcet>
            <maxpow number="0.5524614158337849"/>
            <maxpow number="0.5524614158337849"/>
            <fprob>0.0</fprob>
        </actor>
        <actor name="D0N16">
            <wcet number="0">10</wcet>
            <wcet number="1">60</wcet>
            <maxpow number="0.4604156883451519"/>
            <maxpow number="0.4604156883451519"/>
            <fprob>0.0</fprob>
        </actor>
        <actor name="D0N24">
            <wcet number="0">10</wcet>
            <wcet number="1">20</wcet>
            <maxpow number="0.5079376466542928"/>
            <maxpow number="0.5079376466542928"/>
            <fprob>0.0</fprob>
        </actor>
        <actor name="D0N5">
            <wcet number="0">100</wcet>
            <wcet number="1">120</wcet>
            <maxpow number="0.918418503996089"/>
            <maxpow number="0.918418503996089"/>
            <fprob>0.0</fprob>
        </actor>
        <actor name="D0N8">
            <wcet number="0">40</wcet>
            <wcet number="1">40</wcet>
            <maxpow number="0.463212800264593"/>
            <maxpow number="0.463212800264593"/>
            <fprob>0.0</fprob>
        </actor>
        <actor name="D0N29">
            <wcet number="0">40</wcet>
            <wcet number="1">60</wcet>
            <maxpow number="0.6159875439316596"/>
            <maxpow number="0.6159875439316596"/>
            <fprob>0.0</fprob>
        </actor>
        <actor name="D0N30">
            <wcet number="0">230</wcet>
            <wcet number="1">310</wcet>
            <maxpow number="0.7231485722442933"/>
            <maxpow number="0.7231485722442933"/>
            <fprob>0.0</fprob>
        </actor>
        <actor name="D0N7">
            <wcet number="0">20</wcet>
            <wcet number="1">20</wcet>
            <maxpow number="0.6349724885617074"/>
            <maxpow number="0.6349724885617074"/>
            <fprob>0.0</fprob>
        </actor>
        <actor name="D0N26">
            <wcet number="0">20</wcet>
            <wcet number="1">20</wcet>
            <maxpow number="0.4827944463140984"/>
            <maxpow number="0.4827944463140984"/>
            <fprob>0.0</fprob>
        </actor>
        <actor name="D0N40">
            <wcet number="0">50</wcet>
            <wcet number="1">60</wcet>
            <maxpow number="0.39160379749205854"/>
            <maxpow number="0.39160379749205854"/>
            <fprob>0.0</fprob>
        </actor>
        <actor name="D0N28">
            <wcet number="0">10</wcet>
            <wcet number="1">50</wcet>
            <maxpow number="0.7254509482847106"/>
            <maxpow number="0.7254509482847106"/>
            <fprob>0.0</fprob>
        </actor>
        <actor name="D0N42">
            <wcet number="0">10</wcet>
            <wcet number="1">140</wcet>
            <maxpow number="0.4988437698066477"/>
            <maxpow number="0.4988437698066477"/>
            <fprob>0.0</fprob>
        </actor>
        <actor name="D0N9">
            <wcet number="0">140</wcet>
            <wcet number="1">170</wcet>
            <maxpow number="0.633983422243963"/>
            <maxpow number="0.633983422243963"/>
            <fprob>0.0</fprob>
        </actor>
        <actor name="D0N27">
            <wcet number="0">30</wcet>
            <wcet number="1">40</wcet>
            <maxpow number="0.5317086810883619"/>
            <maxpow number="0.5317086810883619"/>
            <fprob>0.0</fprob>
        </actor>
        <actor name="D0N37">
            <wcet number="0">30</wcet>
            <wcet number="1">30</wcet>
            <maxpow number="0.5910287198619728"/>
            <maxpow number="0.5910287198619728"/>
            <fprob>0.0</fprob>
        </actor>
        <actor name="D0N34">
            <wcet number="0">120</wcet>
            <wcet number="1">180</wcet>
            <maxpow number="0.5356329094070246"/>
            <maxpow number="0.5356329094070246"/>
            <fprob>0.0</fprob>
        </actor>
        <actor name="D0N39">
            <wcet number="0">20</wcet>
            <wcet number="1">20</wcet>
            <maxpow number="0.89969092190182"/>
            <maxpow number="0.89969092190182"/>
            <fprob>0.0</fprob>
        </actor>
        <actor name="D0N21">
            <wcet number="0">10</wcet>
            <wcet number="1">10</wcet>
            <maxpow number="0.5210613617948888"/>
            <maxpow number="0.5210613617948888"/>
            <fprob>0.0</fprob>
        </actor>
        <actor name="D0N33">
            <wcet number="0">10</wcet>
            <wcet number="1">20</wcet>
            <maxpow number="0.6437051102257931"/>
            <maxpow number="0.6437051102257931"/>
            <fprob>0.0</fprob>
        </actor>
        <actor name="D0N6">
            <wcet number="0">30</wcet>
            <wcet number="1">50</wcet>
            <maxpow number="0.4118907737847083"/>
            <maxpow number="0.4118907737847083"/>
            <fprob>0.0</fprob>
        </actor>
        <actor name="D0N14">
            <wcet number="0">30</wcet>
            <wcet number="1">50</wcet>
            <maxpow number="0.2212792953239277"/>
            <maxpow number="0.2212792953239277"/>
            <fprob>0.0</fprob>
        </actor>
        <actor name="D0N19">
            <wcet number="0">30</wcet>
            <wcet number="1">80</wcet>
            <maxpow number="0.5658060231958789"/>
            <maxpow number="0.5658060231958789"/>
            <fprob>0.0</fprob>
        </actor>
        <actor name="D0N38">
            <wcet number="0">30</wcet>
            <wcet number="1">80</wcet>
            <maxpow number="0.5250179283273055"/>
            <maxpow number="0.5250179283273055"/>
            <fprob>0.0</fprob>
        </actor>
        <actor name="D0N0">
            <wcet number="0">10</wcet>
            <wcet number="1">80</wcet>
            <maxpow number="0.46986766856984746"/>
            <maxpow number="0.46986766856984746"/>
            <fprob>0.0</fprob>
        </actor>
        <ports>
            <port dstActor="D0N44" name="p0" srcActor="D0N17"/>
            <port dstActor="D0N29" name="p1" srcActor="D0N17"/>
            <port dstActor="D0N43" name="p2" srcActor="D0N35"/>
            <port dstActor="D0N44" name="p3" srcActor="D0N35"/>
            <port dstActor="D0N35" name="p4" srcActor="D0N32"/>
            <port dstActor="D0N44" name="p5" srcActor="D0N32"/>
            <port dstActor="D0N34" name="p6" srcActor="D0N32"/>
            <port dstActor="D0N45" name="p7" srcActor="D0N22"/>
            <port dstActor="D0N30" name="p8" srcActor="D0N22"/>
            <port dstActor="D0N28" name="p9" srcActor="D0N22"/>
            <port dstActor="D0N39" name="p10" srcActor="D0N4"/>
            <port dstActor="D0N32" name="p11" srcActor="D0N4"/>
            <port dstActor="D0N11" name="p12" srcActor="D0N4"/>
            <port dstActor="D0N27" name="p13" srcActor="D0N4"/>
            <port dstActor="D0N13" name="p14" srcActor="D0N4"/>
            <port dstActor="D0N17" name="p15" srcActor="D0N15"/>
            <port dstActor="D0N40" name="p16" srcActor="D0N15"/>
            <port dstActor="D0N35" name="p17" srcActor="D0N31"/>
            <port dstActor="D0N39" name="p18" srcActor="D0N31"/>
            <port dstActor="D0N19" name="p19" srcActor="D0N12"/>
            <port dstActor="D0N15" name="p20" srcActor="D0N12"/>
            <port dstActor="D0N46" name="p21" srcActor="D0N12"/>
            <port dstActor="D0N21" name="p22" srcActor="D0N2"/>
            <port dstActor="D0N13" name="p23" srcActor="D0N2"/>
            <port dstActor="D0N43" name="p24" srcActor="D0N2"/>
            <port dstActor="D0N34" name="p25" srcActor="D0N2"/>
            <port dstActor="D0N29" name="p26" srcActor="D0N2"/>
            <port dstActor="D0N26" name="p27" srcActor="D0N2"/>
            <port dstActor="D0N10" name="p28" srcActor="D0N2"/>
            <port dstActor="D0N8" name="p29" srcActor="D0N2"/>
            <port dstActor="D0N9" name="p30" srcActor="D0N2"/>
            <port dstActor="D0N40" name="p31" srcActor="D0N2"/>
            <port dstActor="D0N20" name="p32" srcActor="D0N10"/>
            <port dstActor="D0N19" name="p33" srcActor="D0N10"/>
            <port dstActor="D0N41" name="p34" srcActor="D0N23"/>
            <port dstActor="D0N6" name="p35" srcActor="D0N1"/>
            <port dstActor="D0N14" name="p36" srcActor="D0N1"/>
            <port dstActor="D0N36" name="p37" srcActor="D0N1"/>
            <port dstActor="D0N15" name="p38" srcActor="D0N11"/>
            <port dstActor="D0N25" name="p39" srcActor="D0N11"/>
            <port dstActor="D0N17" name="p40" srcActor="D0N11"/>
            <port dstActor="D0N30" name="p41" srcActor="D0N11"/>
            <port dstActor="D0N35" name="p42" srcActor="D0N20"/>
            <port dstActor="D0N38" name="p43" srcActor="D0N20"/>
            <port dstActor="D0N30" name="p44" srcActor="D0N20"/>
            <port dstActor="D0N23" name="p45" srcActor="D0N20"/>
            <port dstActor="D0N44" name="p46" srcActor="D0N41"/>
            <port dstActor="D0N30" name="p47" srcActor="D0N25"/>
            <port dstActor="D0N43" name="p48" srcActor="D0N25"/>
            <port dstActor="D0N31" name="p49" srcActor="D0N25"/>
            <port dstActor="D0N23" name="p50" srcActor="D0N18"/>
            <port dstActor="D0N15" name="p51" srcActor="D0N3"/>
            <port dstActor="D0N4" name="p52" srcActor="D0N3"/>
            <port dstActor="D0N39" name="p53" srcActor="D0N3"/>
            <port dstActor="D0N10" name="p54" srcActor="D0N3"/>
            <port dstActor="D0N45" name="p55" srcActor="D0N3"/>
            <port dstActor="D0N34" name="p56" srcActor="D0N3"/>
            <port dstActor="D0N7" name="p57" srcActor="D0N3"/>
            <port dstActor="D0N32" name="p58" srcActor="D0N16"/>
            <port dstActor="D0N29" name="p59" srcActor="D0N16"/>
            <port dstActor="D0N41" name="p60" srcActor="D0N16"/>
            <port dstActor="D0N45" name="p61" srcActor="D0N24"/>
            <port dstActor="D0N17" name="p62" srcActor="D0N5"/>
            <port dstActor="D0N18" name="p63" srcActor="D0N5"/>
            <port dstActor="D0N31" name="p64" srcActor="D0N8"/>
            <port dstActor="D0N13" name="p65" srcActor="D0N8"/>
            <port dstActor="D0N15" name="p66" srcActor="D0N8"/>
            <port dstActor="D0N36" name="p67" srcActor="D0N29"/>
            <port dstActor="D0N34" name="p68" srcActor="D0N29"/>
            <port dstActor="D0N37" name="p69" srcActor="D0N29"/>
            <port dstActor="D0N44" name="p70" srcActor="D0N30"/>
            <port dstActor="D0N33" name="p71" srcActor="D0N30"/>
            <port dstActor="D0N31" name="p72" srcActor="D0N7"/>
            <port dstActor="D0N41" name="p73" srcActor="D0N7"/>
            <port dstActor="D0N32" name="p74" srcActor="D0N7"/>
            <port dstActor="D0N31" name="p75" srcActor="D0N26"/>
            <port dstActor="D0N45" name="p76" srcActor="D0N40"/>
            <port dstActor="D0N42" name="p77" srcActor="D0N40"/>
            <port dstActor="D0N43" name="p78" srcActor="D0N28"/>
            <port dstActor="D0N38" name="p79" srcActor="D0N28"/>
            <port dstActor="D0N10" name="p80" srcActor="D0N9"/>
            <port dstActor="D0N40" name="p81" srcActor="D0N9"/>
            <port dstActor="D0N44" name="p82" srcActor="D0N27"/>
            <port dstActor="D0N33" name="p83" srcActor="D0N27"/>
            <port dstActor="D0N42" name="p84" srcActor="D0N37"/>
            <port dstActor="D0N39" name="p85" srcActor="D0N34"/>
            <port dstActor="D0N37" name="p86" srcActor="D0N34"/>
            <port dstActor="D0N31" name="p87" srcActor="D0N21"/>
            <port dstActor="D0N24" name="p88" srcActor="D0N21"/>
            <port dstActor="D0N42" name="p89" srcActor="D0N21"/>
            <port dstActor="D0N37" name="p90" srcActor="D0N33"/>
            <port dstActor="D0N33" name="p91" srcActor="D0N6"/>
            <port dstActor="D0N12" name="p92" srcActor="D0N6"/>
            <port dstActor="D0N30" name="p93" srcActor="D0N14"/>
            <port dstActor="D0N32" name="p94" srcActor="D0N14"/>
            <port dstActor="D0N17" name="p95" srcActor="D0N14"/>
            <port dstActor="D0N37" name="p96" srcActor="D0N14"/>
            <port dstActor="D0N42" name="p97" srcActor="D0N14"/>
            <port dstActor="D0N21" name="p98" srcActor="D0N14"/>
            <port dstActor="D0N25" name="p99" srcActor="D0N14"/>
            <port dstActor="D0N46" name="p100" srcActor="D0N19"/>
            <port dstActor="D0N38" name="p101" srcActor="D0N19"/>
            <port dstActor="D0N40" name="p102" srcActor="D0N19"/>
            <port dstActor="D0N44" name="p103" srcActor="D0N38"/>
            <port dstActor="D0N13" name="p104" srcActor="D0N0"/>
            <port dstActor="D0N36" name="p105" srcActor="D0N0"/>
            <port dstActor="D0N2" name="p106" srcActor="D0N0"/>
        </ports>
    </mcdag>
    <cores number="2"/>
    <levels number="2"/>
</mcsystem>
