<?xml version="1.0" encoding="UTF-8" standalone="no"?>
<mcsystem>
    <mcdag deadline="5000" name="genned-0-ed-10.0-0">
        <actor name="D0N49">
            <wcet number="0">360</wcet>
            <wcet number="1">390</wcet>
            <maxpow number="0.6241770311358703"/>
            <maxpow number="0.6241770311358703"/>
            <fprob>0.0</fprob>
        </actor>
        <actor name="D0N43">
            <wcet number="0">10</wcet>
            <wcet number="1">130</wcet>
            <maxpow number="0.584413683102692"/>
            <maxpow number="0.584413683102692"/>
            <fprob>0.0</fprob>
        </actor>
        <actor name="D0N10">
            <wcet number="0">10</wcet>
            <wcet number="1">10</wcet>
            <maxpow number="0.25099618685652997"/>
            <maxpow number="0.25099618685652997"/>
            <fprob>0.0</fprob>
        </actor>
        <actor name="D0N25">
            <wcet number="0">50</wcet>
            <wcet number="1">140</wcet>
            <maxpow number="0.237370397909984"/>
            <maxpow number="0.237370397909984"/>
            <fprob>0.0</fprob>
        </actor>
        <actor name="D0N24">
            <wcet number="0">30</wcet>
            <wcet number="1">70</wcet>
            <maxpow number="0.5740164081010743"/>
            <maxpow number="0.5740164081010743"/>
            <fprob>0.0</fprob>
        </actor>
        <actor name="D0N32">
            <wcet number="0">430</wcet>
            <wcet number="1">750</wcet>
            <maxpow number="0.6988224521303642"/>
            <maxpow number="0.6988224521303642"/>
            <fprob>0.0</fprob>
        </actor>
        <actor name="D0N37">
            <wcet number="0">10</wcet>
            <wcet number="1">10</wcet>
            <maxpow number="0.37896202958402975"/>
            <maxpow number="0.37896202958402975"/>
            <fprob>0.0</fprob>
        </actor>
        <actor name="D0N14">
            <wcet number="0">100</wcet>
            <wcet number="1">180</wcet>
            <maxpow number="0.6248573036074846"/>
            <maxpow number="0.6248573036074846"/>
            <fprob>0.0</fprob>
        </actor>
        <actor name="D0N34">
            <wcet number="0">80</wcet>
            <wcet number="1">250</wcet>
            <maxpow number="0.3111654587006599"/>
            <maxpow number="0.3111654587006599"/>
            <fprob>0.0</fprob>
        </actor>
        <actor name="D0N23">
            <wcet number="0">60</wcet>
            <wcet number="1">200</wcet>
            <maxpow number="0.7063700790366658"/>
            <maxpow number="0.7063700790366658"/>
            <fprob>0.0</fprob>
        </actor>
        <actor name="D0N0">
            <wcet number="0">10</wcet>
            <wcet number="1">90</wcet>
            <maxpow number="0.5038991847282357"/>
            <maxpow number="0.5038991847282357"/>
            <fprob>0.0</fprob>
        </actor>
        <actor name="D0N6">
            <wcet number="0">20</wcet>
            <wcet number="1">250</wcet>
            <maxpow number="0.2772347325671314"/>
            <maxpow number="0.2772347325671314"/>
            <fprob>0.0</fprob>
        </actor>
        <actor name="D0N22">
            <wcet number="0">60</wcet>
            <wcet number="1">100</wcet>
            <maxpow number="0.44950673681081843"/>
            <maxpow number="0.44950673681081843"/>
            <fprob>0.0</fprob>
        </actor>
        <actor name="D0N30">
            <wcet number="0">90</wcet>
            <wcet number="1">220</wcet>
            <maxpow number="0.7224013137701232"/>
            <maxpow number="0.7224013137701232"/>
            <fprob>0.0</fprob>
        </actor>
        <actor name="D0N12">
            <wcet number="0">30</wcet>
            <wcet number="1">50</wcet>
            <maxpow number="0.46575420485349694"/>
            <maxpow number="0.46575420485349694"/>
            <fprob>0.0</fprob>
        </actor>
        <actor name="D0N3">
            <wcet number="0">1030</wcet>
            <wcet number="1">1350</wcet>
            <maxpow number="0.6868145343731354"/>
            <maxpow number="0.6868145343731354"/>
            <fprob>0.0</fprob>
        </actor>
        <actor name="D0N29">
            <wcet number="0">210</wcet>
            <wcet number="1">350</wcet>
            <maxpow number="0.49735516156570436"/>
            <maxpow number="0.49735516156570436"/>
            <fprob>0.0</fprob>
        </actor>
        <actor name="D0N19">
            <wcet number="0">100</wcet>
            <wcet number="1">170</wcet>
            <maxpow number="0.6845508212510429"/>
            <maxpow number="0.6845508212510429"/>
            <fprob>0.0</fprob>
        </actor>
        <actor name="D0N42">
            <wcet number="0">280</wcet>
            <wcet number="1">340</wcet>
            <maxpow number="0.6866791060078249"/>
            <maxpow number="0.6866791060078249"/>
            <fprob>0.0</fprob>
        </actor>
        <actor name="D0N36">
            <wcet number="0">480</wcet>
            <wcet number="1">570</wcet>
            <maxpow number="0.33170556722455674"/>
            <maxpow number="0.33170556722455674"/>
            <fprob>0.0</fprob>
        </actor>
        <actor name="D0N18">
            <wcet number="0">120</wcet>
            <wcet number="1">330</wcet>
            <maxpow number="0.6041383670038982"/>
            <maxpow number="0.6041383670038982"/>
            <fprob>0.0</fprob>
        </actor>
        <actor name="D0N5">
            <wcet number="0">90</wcet>
            <wcet number="1">190</wcet>
            <maxpow number="0.6905695197976286"/>
            <maxpow number="0.6905695197976286"/>
            <fprob>0.0</fprob>
        </actor>
        <actor name="D0N38">
            <wcet number="0">10</wcet>
            <wcet number="1">80</wcet>
            <maxpow number="0.7284195477642819"/>
            <maxpow number="0.7284195477642819"/>
            <fprob>0.0</fprob>
        </actor>
        <actor name="D0N2">
            <wcet number="0">220</wcet>
            <wcet number="1">260</wcet>
            <maxpow number="0.6342938618677764"/>
            <maxpow number="0.6342938618677764"/>
            <fprob>0.0</fprob>
        </actor>
        <actor name="D0N9">
            <wcet number="0">230</wcet>
            <wcet number="1">450</wcet>
            <maxpow number="0.5108469961356388"/>
            <maxpow number="0.5108469961356388"/>
            <fprob>0.0</fprob>
        </actor>
        <actor name="D0N17">
            <wcet number="0">250</wcet>
            <wcet number="1">740</wcet>
            <maxpow number="0.5364928050950332"/>
            <maxpow number="0.5364928050950332"/>
            <fprob>0.0</fprob>
        </actor>
        <actor name="D0N15">
            <wcet number="0">60</wcet>
            <wcet number="1">300</wcet>
            <maxpow number="0.30922482719474564"/>
            <maxpow number="0.30922482719474564"/>
            <fprob>0.0</fprob>
        </actor>
        <actor name="D0N20">
            <wcet number="0">10</wcet>
            <wcet number="1">240</wcet>
            <maxpow number="0.9928221069690415"/>
            <maxpow number="0.9928221069690415"/>
            <fprob>0.0</fprob>
        </actor>
        <actor name="D0N31">
            <wcet number="0">10</wcet>
            <wcet number="1">300</wcet>
            <maxpow number="0.33088060932992724"/>
            <maxpow number="0.33088060932992724"/>
            <fprob>0.0</fprob>
        </actor>
        <actor name="D0N47">
            <wcet number="0">220</wcet>
            <wcet number="1">340</wcet>
            <maxpow number="0.5216749713851064"/>
            <maxpow number="0.5216749713851064"/>
            <fprob>0.0</fprob>
        </actor>
        <actor name="D0N44">
            <wcet number="0">10</wcet>
            <wcet number="1">30</wcet>
            <maxpow number="0.6889717324138231"/>
            <maxpow number="0.6889717324138231"/>
            <fprob>0.0</fprob>
        </actor>
        <actor name="D0N28">
            <wcet number="0">390</wcet>
            <wcet number="1">450</wcet>
            <maxpow number="0.623349781103648"/>
            <maxpow number="0.623349781103648"/>
            <fprob>0.0</fprob>
        </actor>
        <actor name="D0N26">
            <wcet number="0">170</wcet>
            <wcet number="1">230</wcet>
            <maxpow number="0.7932993219257066"/>
            <maxpow number="0.7932993219257066"/>
            <fprob>0.0</fprob>
        </actor>
        <actor name="D0N39">
            <wcet number="0">50</wcet>
            <wcet number="1">300</wcet>
            <maxpow number="0.20051632610138564"/>
            <maxpow number="0.20051632610138564"/>
            <fprob>0.0</fprob>
        </actor>
        <actor name="D0N8">
            <wcet number="0">150</wcet>
            <wcet number="1">460</wcet>
            <maxpow number="0.6051347979955609"/>
            <maxpow number="0.6051347979955609"/>
            <fprob>0.0</fprob>
        </actor>
        <actor name="D0N45">
            <wcet number="0">200</wcet>
            <wcet number="1">260</wcet>
            <maxpow number="0.5669075536854252"/>
            <maxpow number="0.5669075536854252"/>
            <fprob>0.0</fprob>
        </actor>
        <actor name="D0N40">
            <wcet number="0">110</wcet>
            <wcet number="1">120</wcet>
            <maxpow number="0.42329204689024524"/>
            <maxpow number="0.42329204689024524"/>
            <fprob>0.0</fprob>
        </actor>
        <actor name="D0N41">
            <wcet number="0">20</wcet>
            <wcet number="1">110</wcet>
            <maxpow number="0.22030536737147333"/>
            <maxpow number="0.22030536737147333"/>
            <fprob>0.0</fprob>
        </actor>
        <actor name="D0N7">
            <wcet number="0">280</wcet>
            <wcet number="1">660</wcet>
            <maxpow number="0.22082512062961207"/>
            <maxpow number="0.22082512062961207"/>
            <fprob>0.0</fprob>
        </actor>
        <actor name="D0N27">
            <wcet number="0">580</wcet>
            <wcet number="1">720</wcet>
            <maxpow number="0.751913863154372"/>
            <maxpow number="0.751913863154372"/>
            <fprob>0.0</fprob>
        </actor>
        <actor name="D0N46">
            <wcet number="0">10</wcet>
            <wcet number="1">20</wcet>
            <maxpow number="0.48226396468207544"/>
            <maxpow number="0.48226396468207544"/>
            <fprob>0.0</fprob>
        </actor>
        <actor name="D0N35">
            <wcet number="0">220</wcet>
            <wcet number="1">440</wcet>
            <maxpow number="0.3754838690463933"/>
            <maxpow number="0.3754838690463933"/>
            <fprob>0.0</fprob>
        </actor>
        <actor name="D0N4">
            <wcet number="0">10</wcet>
            <wcet number="1">60</wcet>
            <maxpow number="0.3159383523475241"/>
            <maxpow number="0.3159383523475241"/>
            <fprob>0.0</fprob>
        </actor>
        <actor name="D0N16">
            <wcet number="0">250</wcet>
            <wcet number="1">350</wcet>
            <maxpow number="0.29544142712879246"/>
            <maxpow number="0.29544142712879246"/>
            <fprob>0.0</fprob>
        </actor>
        <actor name="D0N21">
            <wcet number="0">20</wcet>
            <wcet number="1">30</wcet>
            <maxpow number="0.5900470950622584"/>
            <maxpow number="0.5900470950622584"/>
            <fprob>0.0</fprob>
        </actor>
        <actor name="D0N33">
            <wcet number="0">40</wcet>
            <wcet number="1">70</wcet>
            <maxpow number="0.5639231567010867"/>
            <maxpow number="0.5639231567010867"/>
            <fprob>0.0</fprob>
        </actor>
        <actor name="D0N48">
            <wcet number="0">30</wcet>
            <wcet number="1">40</wcet>
            <maxpow number="0.7015463196931382"/>
            <maxpow number="0.7015463196931382"/>
            <fprob>0.0</fprob>
        </actor>
        <actor name="D0N13">
            <wcet number="0">240</wcet>
            <wcet number="1">360</wcet>
            <maxpow number="0.2132618372530256"/>
            <maxpow number="0.2132618372530256"/>
            <fprob>0.0</fprob>
        </actor>
        <actor name="D0N1">
            <wcet number="0">10</wcet>
            <wcet number="1">20</wcet>
            <maxpow number="0.5608182225269034"/>
            <maxpow number="0.5608182225269034"/>
            <fprob>0.0</fprob>
        </actor>
        <actor name="D0N11">
            <wcet number="0">60</wcet>
            <wcet number="1">420</wcet>
            <maxpow number="0.48248874099424366"/>
            <maxpow number="0.48248874099424366"/>
            <fprob>0.0</fprob>
        </actor>
        <ports>
            <port dstActor="D0N44" name="p0" srcActor="D0N43"/>
            <port dstActor="D0N28" name="p1" srcActor="D0N10"/>
            <port dstActor="D0N18" name="p2" srcActor="D0N10"/>
            <port dstActor="D0N47" name="p3" srcActor="D0N32"/>
            <port dstActor="D0N43" name="p4" srcActor="D0N14"/>
            <port dstActor="D0N34" name="p5" srcActor="D0N14"/>
            <port dstActor="D0N44" name="p6" srcActor="D0N34"/>
            <port dstActor="D0N39" name="p7" srcActor="D0N34"/>
            <port dstActor="D0N45" name="p8" srcActor="D0N34"/>
            <port dstActor="D0N41" name="p9" srcActor="D0N34"/>
            <port dstActor="D0N42" name="p10" srcActor="D0N23"/>
            <port dstActor="D0N35" name="p11" srcActor="D0N23"/>
            <port dstActor="D0N45" name="p12" srcActor="D0N23"/>
            <port dstActor="D0N43" name="p13" srcActor="D0N23"/>
            <port dstActor="D0N31" name="p14" srcActor="D0N0"/>
            <port dstActor="D0N15" name="p15" srcActor="D0N0"/>
            <port dstActor="D0N24" name="p16" srcActor="D0N0"/>
            <port dstActor="D0N5" name="p17" srcActor="D0N0"/>
            <port dstActor="D0N46" name="p18" srcActor="D0N0"/>
            <port dstActor="D0N23" name="p19" srcActor="D0N6"/>
            <port dstActor="D0N47" name="p20" srcActor="D0N6"/>
            <port dstActor="D0N30" name="p21" srcActor="D0N6"/>
            <port dstActor="D0N13" name="p22" srcActor="D0N6"/>
            <port dstActor="D0N36" name="p23" srcActor="D0N6"/>
            <port dstActor="D0N15" name="p24" srcActor="D0N6"/>
            <port dstActor="D0N19" name="p25" srcActor="D0N6"/>
            <port dstActor="D0N41" name="p26" srcActor="D0N6"/>
            <port dstActor="D0N32" name="p27" srcActor="D0N22"/>
            <port dstActor="D0N14" name="p28" srcActor="D0N12"/>
            <port dstActor="D0N29" name="p29" srcActor="D0N12"/>
            <port dstActor="D0N31" name="p30" srcActor="D0N12"/>
            <port dstActor="D0N11" name="p31" srcActor="D0N3"/>
            <port dstActor="D0N16" name="p32" srcActor="D0N3"/>
            <port dstActor="D0N29" name="p33" srcActor="D0N19"/>
            <port dstActor="D0N42" name="p34" srcActor="D0N19"/>
            <port dstActor="D0N43" name="p35" srcActor="D0N42"/>
            <port dstActor="D0N48" name="p36" srcActor="D0N42"/>
            <port dstActor="D0N40" name="p37" srcActor="D0N36"/>
            <port dstActor="D0N27" name="p38" srcActor="D0N18"/>
            <port dstActor="D0N31" name="p39" srcActor="D0N18"/>
            <port dstActor="D0N22" name="p40" srcActor="D0N18"/>
            <port dstActor="D0N32" name="p41" srcActor="D0N18"/>
            <port dstActor="D0N29" name="p42" srcActor="D0N18"/>
            <port dstActor="D0N18" name="p43" srcActor="D0N5"/>
            <port dstActor="D0N48" name="p44" srcActor="D0N5"/>
            <port dstActor="D0N49" name="p45" srcActor="D0N38"/>
            <port dstActor="D0N34" name="p46" srcActor="D0N2"/>
            <port dstActor="D0N38" name="p47" srcActor="D0N2"/>
            <port dstActor="D0N20" name="p48" srcActor="D0N2"/>
            <port dstActor="D0N35" name="p49" srcActor="D0N2"/>
            <port dstActor="D0N21" name="p50" srcActor="D0N9"/>
            <port dstActor="D0N20" name="p51" srcActor="D0N9"/>
            <port dstActor="D0N44" name="p52" srcActor="D0N9"/>
            <port dstActor="D0N34" name="p53" srcActor="D0N9"/>
            <port dstActor="D0N49" name="p54" srcActor="D0N9"/>
            <port dstActor="D0N42" name="p55" srcActor="D0N9"/>
            <port dstActor="D0N26" name="p56" srcActor="D0N9"/>
            <port dstActor="D0N39" name="p57" srcActor="D0N17"/>
            <port dstActor="D0N49" name="p58" srcActor="D0N17"/>
            <port dstActor="D0N46" name="p59" srcActor="D0N17"/>
            <port dstActor="D0N31" name="p60" srcActor="D0N15"/>
            <port dstActor="D0N40" name="p61" srcActor="D0N15"/>
            <port dstActor="D0N31" name="p62" srcActor="D0N20"/>
            <port dstActor="D0N40" name="p63" srcActor="D0N20"/>
            <port dstActor="D0N41" name="p64" srcActor="D0N20"/>
            <port dstActor="D0N47" name="p65" srcActor="D0N31"/>
            <port dstActor="D0N39" name="p66" srcActor="D0N31"/>
            <port dstActor="D0N48" name="p67" srcActor="D0N47"/>
            <port dstActor="D0N41" name="p68" srcActor="D0N28"/>
            <port dstActor="D0N31" name="p69" srcActor="D0N28"/>
            <port dstActor="D0N34" name="p70" srcActor="D0N26"/>
            <port dstActor="D0N40" name="p71" srcActor="D0N26"/>
            <port dstActor="D0N41" name="p72" srcActor="D0N8"/>
            <port dstActor="D0N46" name="p73" srcActor="D0N45"/>
            <port dstActor="D0N47" name="p74" srcActor="D0N45"/>
            <port dstActor="D0N45" name="p75" srcActor="D0N40"/>
            <port dstActor="D0N12" name="p76" srcActor="D0N7"/>
            <port dstActor="D0N41" name="p77" srcActor="D0N7"/>
            <port dstActor="D0N21" name="p78" srcActor="D0N7"/>
            <port dstActor="D0N15" name="p79" srcActor="D0N7"/>
            <port dstActor="D0N18" name="p80" srcActor="D0N7"/>
            <port dstActor="D0N40" name="p81" srcActor="D0N7"/>
            <port dstActor="D0N30" name="p82" srcActor="D0N27"/>
            <port dstActor="D0N31" name="p83" srcActor="D0N27"/>
            <port dstActor="D0N28" name="p84" srcActor="D0N27"/>
            <port dstActor="D0N49" name="p85" srcActor="D0N27"/>
            <port dstActor="D0N5" name="p86" srcActor="D0N4"/>
            <port dstActor="D0N48" name="p87" srcActor="D0N4"/>
            <port dstActor="D0N34" name="p88" srcActor="D0N4"/>
            <port dstActor="D0N9" name="p89" srcActor="D0N4"/>
            <port dstActor="D0N14" name="p90" srcActor="D0N4"/>
            <port dstActor="D0N46" name="p91" srcActor="D0N4"/>
            <port dstActor="D0N25" name="p92" srcActor="D0N4"/>
            <port dstActor="D0N41" name="p93" srcActor="D0N16"/>
            <port dstActor="D0N45" name="p94" srcActor="D0N16"/>
            <port dstActor="D0N34" name="p95" srcActor="D0N16"/>
            <port dstActor="D0N35" name="p96" srcActor="D0N16"/>
            <port dstActor="D0N33" name="p97" srcActor="D0N21"/>
            <port dstActor="D0N45" name="p98" srcActor="D0N21"/>
            <port dstActor="D0N28" name="p99" srcActor="D0N21"/>
            <port dstActor="D0N42" name="p100" srcActor="D0N21"/>
            <port dstActor="D0N40" name="p101" srcActor="D0N21"/>
            <port dstActor="D0N42" name="p102" srcActor="D0N33"/>
            <port dstActor="D0N34" name="p103" srcActor="D0N33"/>
            <port dstActor="D0N12" name="p104" srcActor="D0N1"/>
            <port dstActor="D0N34" name="p105" srcActor="D0N1"/>
            <port dstActor="D0N7" name="p106" srcActor="D0N1"/>
            <port dstActor="D0N38" name="p107" srcActor="D0N1"/>
            <port dstActor="D0N29" name="p108" srcActor="D0N1"/>
            <port dstActor="D0N36" name="p109" srcActor="D0N11"/>
            <port dstActor="D0N12" name="p110" srcActor="D0N11"/>
        </ports>
    </mcdag>
    <cores number="3"/>
    <levels number="2"/>
</mcsystem>
