<?xml version="1.0" encoding="UTF-8" standalone="no"?>
<mcsystem>
    <mcdag deadline="2200" name="genned-0-ed-10.0-0">
        <actor name="D0N14">
            <wcet number="0">80</wcet>
            <wcet number="1">190</wcet>
            <maxpow number="0.5605323713103765"/>
            <maxpow number="0.5605323713103765"/>
            <fprob>0.0</fprob>
        </actor>
        <actor name="D0N24">
            <wcet number="0">10</wcet>
            <wcet number="1">10</wcet>
            <maxpow number="0.43031026673277806"/>
            <maxpow number="0.43031026673277806"/>
            <fprob>0.0</fprob>
        </actor>
        <actor name="D0N28">
            <wcet number="0">10</wcet>
            <wcet number="1">10</wcet>
            <maxpow number="0.8233748612258442"/>
            <maxpow number="0.8233748612258442"/>
            <fprob>0.0</fprob>
        </actor>
        <actor name="D0N29">
            <wcet number="0">30</wcet>
            <wcet number="1">30</wcet>
            <maxpow number="0.4569837513117262"/>
            <maxpow number="0.4569837513117262"/>
            <fprob>0.0</fprob>
        </actor>
        <actor name="D0N16">
            <wcet number="0">60</wcet>
            <wcet number="1">60</wcet>
            <maxpow number="0.16513495394049482"/>
            <maxpow number="0.16513495394049482"/>
            <fprob>0.0</fprob>
        </actor>
        <actor name="D0N26">
            <wcet number="0">10</wcet>
            <wcet number="1">20</wcet>
            <maxpow number="0.728072091735621"/>
            <maxpow number="0.728072091735621"/>
            <fprob>0.0</fprob>
        </actor>
        <actor name="D0N46">
            <wcet number="0">20</wcet>
            <wcet number="1">90</wcet>
            <maxpow number="0.8785219061567128"/>
            <maxpow number="0.8785219061567128"/>
            <fprob>0.0</fprob>
        </actor>
        <actor name="D0N22">
            <wcet number="0">50</wcet>
            <wcet number="1">70</wcet>
            <maxpow number="0.6470392767244791"/>
            <maxpow number="0.6470392767244791"/>
            <fprob>0.0</fprob>
        </actor>
        <actor name="D0N12">
            <wcet number="0">10</wcet>
            <wcet number="1">30</wcet>
            <maxpow number="0.7549126651618088"/>
            <maxpow number="0.7549126651618088"/>
            <fprob>0.0</fprob>
        </actor>
        <actor name="D0N8">
            <wcet number="0">80</wcet>
            <wcet number="1">140</wcet>
            <maxpow number="0.5455839284351955"/>
            <maxpow number="0.5455839284351955"/>
            <fprob>0.0</fprob>
        </actor>
        <actor name="D0N27">
            <wcet number="0">140</wcet>
            <wcet number="1">220</wcet>
            <maxpow number="0.7444803308086381"/>
            <maxpow number="0.7444803308086381"/>
            <fprob>0.0</fprob>
        </actor>
        <actor name="D0N44">
            <wcet number="0">130</wcet>
            <wcet number="1">130</wcet>
            <maxpow number="0.70752763740515"/>
            <maxpow number="0.70752763740515"/>
            <fprob>0.0</fprob>
        </actor>
        <actor name="D0N30">
            <wcet number="0">20</wcet>
            <wcet number="1">50</wcet>
            <maxpow number="0.44455460780421585"/>
            <maxpow number="0.44455460780421585"/>
            <fprob>0.0</fprob>
        </actor>
        <actor name="D0N18">
            <wcet number="0">130</wcet>
            <wcet number="1">260</wcet>
            <maxpow number="0.36824203306416714"/>
            <maxpow number="0.36824203306416714"/>
            <fprob>0.0</fprob>
        </actor>
        <actor name="D0N4">
            <wcet number="0">40</wcet>
            <wcet number="1">60</wcet>
            <maxpow number="0.14766865181170774"/>
            <maxpow number="0.14766865181170774"/>
            <fprob>0.0</fprob>
        </actor>
        <actor name="D0N20">
            <wcet number="0">10</wcet>
            <wcet number="1">10</wcet>
            <maxpow number="0.4970548161272794"/>
            <maxpow number="0.4970548161272794"/>
            <fprob>0.0</fprob>
        </actor>
        <actor name="D0N35">
            <wcet number="0">50</wcet>
            <wcet number="1">100</wcet>
            <maxpow number="0.33314665701455554"/>
            <maxpow number="0.33314665701455554"/>
            <fprob>0.0</fprob>
        </actor>
        <actor name="D0N36">
            <wcet number="0">10</wcet>
            <wcet number="1">40</wcet>
            <maxpow number="0.5295703406048987"/>
            <maxpow number="0.5295703406048987"/>
            <fprob>0.0</fprob>
        </actor>
        <actor name="D0N38">
            <wcet number="0">30</wcet>
            <wcet number="1">30</wcet>
            <maxpow number="0.5921103201044738"/>
            <maxpow number="0.5921103201044738"/>
            <fprob>0.0</fprob>
        </actor>
        <actor name="D0N11">
            <wcet number="0">10</wcet>
            <wcet number="1">40</wcet>
            <maxpow number="1.0748553714888693"/>
            <maxpow number="1.0748553714888693"/>
            <fprob>0.0</fprob>
        </actor>
        <actor name="D0N23">
            <wcet number="0">30</wcet>
            <wcet number="1">50</wcet>
            <maxpow number="0.5863022159996832"/>
            <maxpow number="0.5863022159996832"/>
            <fprob>0.0</fprob>
        </actor>
        <actor name="D0N37">
            <wcet number="0">50</wcet>
            <wcet number="1">190</wcet>
            <maxpow number="0.38362132850837455"/>
            <maxpow number="0.38362132850837455"/>
            <fprob>0.0</fprob>
        </actor>
        <actor name="D0N2">
            <wcet number="0">150</wcet>
            <wcet number="1">350</wcet>
            <maxpow number="0.8015641702620039"/>
            <maxpow number="0.8015641702620039"/>
            <fprob>0.0</fprob>
        </actor>
        <actor name="D0N19">
            <wcet number="0">10</wcet>
            <wcet number="1">10</wcet>
            <maxpow number="0.7666513219226558"/>
            <maxpow number="0.7666513219226558"/>
            <fprob>0.0</fprob>
        </actor>
        <actor name="D0N9">
            <wcet number="0">30</wcet>
            <wcet number="1">190</wcet>
            <maxpow number="0.3573877636218665"/>
            <maxpow number="0.3573877636218665"/>
            <fprob>0.0</fprob>
        </actor>
        <actor name="D0N10">
            <wcet number="0">10</wcet>
            <wcet number="1">10</wcet>
            <maxpow number="0.9903314050594327"/>
            <maxpow number="0.9903314050594327"/>
            <fprob>0.0</fprob>
        </actor>
        <actor name="D0N13">
            <wcet number="0">90</wcet>
            <wcet number="1">110</wcet>
            <maxpow number="0.4700321244847471"/>
            <maxpow number="0.4700321244847471"/>
            <fprob>0.0</fprob>
        </actor>
        <actor name="D0N21">
            <wcet number="0">160</wcet>
            <wcet number="1">180</wcet>
            <maxpow number="0.48598624658214906"/>
            <maxpow number="0.48598624658214906"/>
            <fprob>0.0</fprob>
        </actor>
        <actor name="D0N31">
            <wcet number="0">10</wcet>
            <wcet number="1">50</wcet>
            <maxpow number="0.9039169769895536"/>
            <maxpow number="0.9039169769895536"/>
            <fprob>0.0</fprob>
        </actor>
        <actor name="D0N49">
            <wcet number="0">10</wcet>
            <wcet number="1">20</wcet>
            <maxpow number="0.5109957123282085"/>
            <maxpow number="0.5109957123282085"/>
            <fprob>0.0</fprob>
        </actor>
        <actor name="D0N45">
            <wcet number="0">70</wcet>
            <wcet number="1">70</wcet>
            <maxpow number="0.44548262571944397"/>
            <maxpow number="0.44548262571944397"/>
            <fprob>0.0</fprob>
        </actor>
        <actor name="D0N47">
            <wcet number="0">100</wcet>
            <wcet number="1">100</wcet>
            <maxpow number="0.5845524854352357"/>
            <maxpow number="0.5845524854352357"/>
            <fprob>0.0</fprob>
        </actor>
        <actor name="D0N3">
            <wcet number="0">20</wcet>
            <wcet number="1">100</wcet>
            <maxpow number="0.3730441197684272"/>
            <maxpow number="0.3730441197684272"/>
            <fprob>0.0</fprob>
        </actor>
        <actor name="D0N1">
            <wcet number="0">40</wcet>
            <wcet number="1">110</wcet>
            <maxpow number="0.5701599744483428"/>
            <maxpow number="0.5701599744483428"/>
            <fprob>0.0</fprob>
        </actor>
        <actor name="D0N43">
            <wcet number="0">20</wcet>
            <wcet number="1">30</wcet>
            <maxpow number="0.3285250477499003"/>
            <maxpow number="0.3285250477499003"/>
            <fprob>0.0</fprob>
        </actor>
        <actor name="D0N42">
            <wcet number="0">100</wcet>
            <wcet number="1">110</wcet>
            <maxpow number="0.3981798880641305"/>
            <maxpow number="0.3981798880641305"/>
            <fprob>0.0</fprob>
        </actor>
        <actor name="D0N7">
            <wcet number="0">10</wcet>
            <wcet number="1">20</wcet>
            <maxpow number="0.6785647950233633"/>
            <maxpow number="0.6785647950233633"/>
            <fprob>0.0</fprob>
        </actor>
        <actor name="D0N41">
            <wcet number="0">140</wcet>
            <wcet number="1">190</wcet>
            <maxpow number="0.738403036101109"/>
            <maxpow number="0.738403036101109"/>
            <fprob>0.0</fprob>
        </actor>
        <actor name="D0N17">
            <wcet number="0">10</wcet>
            <wcet number="1">50</wcet>
            <maxpow number="0.5870546112751717"/>
            <maxpow number="0.5870546112751717"/>
            <fprob>0.0</fprob>
        </actor>
        <actor name="D0N6">
            <wcet number="0">310</wcet>
            <wcet number="1">430</wcet>
            <maxpow number="0.6795898878857203"/>
            <maxpow number="0.6795898878857203"/>
            <fprob>0.0</fprob>
        </actor>
        <actor name="D0N34">
            <wcet number="0">70</wcet>
            <wcet number="1">100</wcet>
            <maxpow number="0.7606145337958807"/>
            <maxpow number="0.7606145337958807"/>
            <fprob>0.0</fprob>
        </actor>
        <actor name="D0N33">
            <wcet number="0">380</wcet>
            <wcet number="1">430</wcet>
            <maxpow number="0.6838510583671362"/>
            <maxpow number="0.6838510583671362"/>
            <fprob>0.0</fprob>
        </actor>
        <actor name="D0N5">
            <wcet number="0">60</wcet>
            <wcet number="1">110</wcet>
            <maxpow number="0.40830404766600153"/>
            <maxpow number="0.40830404766600153"/>
            <fprob>0.0</fprob>
        </actor>
        <actor name="D0N25">
            <wcet number="0">130</wcet>
            <wcet number="1">250</wcet>
            <maxpow number="0.316914407734789"/>
            <maxpow number="0.316914407734789"/>
            <fprob>0.0</fprob>
        </actor>
        <actor name="D0N39">
            <wcet number="0">20</wcet>
            <wcet number="1">20</wcet>
            <maxpow number="0.4667467581123863"/>
            <maxpow number="0.4667467581123863"/>
            <fprob>0.0</fprob>
        </actor>
        <actor name="D0N40">
            <wcet number="0">480</wcet>
            <wcet number="1">850</wcet>
            <maxpow number="0.37764073379031676"/>
            <maxpow number="0.37764073379031676"/>
            <fprob>0.0</fprob>
        </actor>
        <actor name="D0N48">
            <wcet number="0">30</wcet>
            <wcet number="1">130</wcet>
            <maxpow number="0.5945895670321686"/>
            <maxpow number="0.5945895670321686"/>
            <fprob>0.0</fprob>
        </actor>
        <actor name="D0N32">
            <wcet number="0">10</wcet>
            <wcet number="1">10</wcet>
            <maxpow number="0.8229880156147141"/>
            <maxpow number="0.8229880156147141"/>
            <fprob>0.0</fprob>
        </actor>
        <actor name="D0N15">
            <wcet number="0">200</wcet>
            <wcet number="1">270</wcet>
            <maxpow number="0.6799121958661472"/>
            <maxpow number="0.6799121958661472"/>
            <fprob>0.0</fprob>
        </actor>
        <actor name="D0N0">
            <wcet number="0">20</wcet>
            <wcet number="1">30</wcet>
            <maxpow number="0.5426603253354347"/>
            <maxpow number="0.5426603253354347"/>
            <fprob>0.0</fprob>
        </actor>
        <ports>
            <port dstActor="D0N21" name="p0" srcActor="D0N14"/>
            <port dstActor="D0N28" name="p1" srcActor="D0N14"/>
            <port dstActor="D0N29" name="p2" srcActor="D0N24"/>
            <port dstActor="D0N37" name="p3" srcActor="D0N24"/>
            <port dstActor="D0N36" name="p4" srcActor="D0N28"/>
            <port dstActor="D0N42" name="p5" srcActor="D0N29"/>
            <port dstActor="D0N47" name="p6" srcActor="D0N29"/>
            <port dstActor="D0N34" name="p7" srcActor="D0N16"/>
            <port dstActor="D0N32" name="p8" srcActor="D0N16"/>
            <port dstActor="D0N33" name="p9" srcActor="D0N16"/>
            <port dstActor="D0N47" name="p10" srcActor="D0N26"/>
            <port dstActor="D0N32" name="p11" srcActor="D0N26"/>
            <port dstActor="D0N49" name="p12" srcActor="D0N26"/>
            <port dstActor="D0N49" name="p13" srcActor="D0N46"/>
            <port dstActor="D0N33" name="p14" srcActor="D0N22"/>
            <port dstActor="D0N48" name="p15" srcActor="D0N22"/>
            <port dstActor="D0N32" name="p16" srcActor="D0N22"/>
            <port dstActor="D0N25" name="p17" srcActor="D0N22"/>
            <port dstActor="D0N26" name="p18" srcActor="D0N12"/>
            <port dstActor="D0N39" name="p19" srcActor="D0N12"/>
            <port dstActor="D0N27" name="p20" srcActor="D0N12"/>
            <port dstActor="D0N44" name="p21" srcActor="D0N12"/>
            <port dstActor="D0N24" name="p22" srcActor="D0N12"/>
            <port dstActor="D0N33" name="p23" srcActor="D0N12"/>
            <port dstActor="D0N42" name="p24" srcActor="D0N8"/>
            <port dstActor="D0N29" name="p25" srcActor="D0N8"/>
            <port dstActor="D0N48" name="p26" srcActor="D0N8"/>
            <port dstActor="D0N32" name="p27" srcActor="D0N8"/>
            <port dstActor="D0N44" name="p28" srcActor="D0N8"/>
            <port dstActor="D0N41" name="p29" srcActor="D0N8"/>
            <port dstActor="D0N39" name="p30" srcActor="D0N8"/>
            <port dstActor="D0N32" name="p31" srcActor="D0N27"/>
            <port dstActor="D0N39" name="p32" srcActor="D0N27"/>
            <port dstActor="D0N45" name="p33" srcActor="D0N27"/>
            <port dstActor="D0N41" name="p34" srcActor="D0N27"/>
            <port dstActor="D0N47" name="p35" srcActor="D0N27"/>
            <port dstActor="D0N47" name="p36" srcActor="D0N30"/>
            <port dstActor="D0N25" name="p37" srcActor="D0N18"/>
            <port dstActor="D0N26" name="p38" srcActor="D0N18"/>
            <port dstActor="D0N35" name="p39" srcActor="D0N18"/>
            <port dstActor="D0N49" name="p40" srcActor="D0N18"/>
            <port dstActor="D0N40" name="p41" srcActor="D0N4"/>
            <port dstActor="D0N5" name="p42" srcActor="D0N4"/>
            <port dstActor="D0N10" name="p43" srcActor="D0N4"/>
            <port dstActor="D0N8" name="p44" srcActor="D0N4"/>
            <port dstActor="D0N41" name="p45" srcActor="D0N20"/>
            <port dstActor="D0N22" name="p46" srcActor="D0N20"/>
            <port dstActor="D0N48" name="p47" srcActor="D0N20"/>
            <port dstActor="D0N36" name="p48" srcActor="D0N20"/>
            <port dstActor="D0N39" name="p49" srcActor="D0N35"/>
            <port dstActor="D0N48" name="p50" srcActor="D0N35"/>
            <port dstActor="D0N45" name="p51" srcActor="D0N35"/>
            <port dstActor="D0N45" name="p52" srcActor="D0N38"/>
            <port dstActor="D0N38" name="p53" srcActor="D0N11"/>
            <port dstActor="D0N18" name="p54" srcActor="D0N11"/>
            <port dstActor="D0N42" name="p55" srcActor="D0N11"/>
            <port dstActor="D0N14" name="p56" srcActor="D0N11"/>
            <port dstActor="D0N25" name="p57" srcActor="D0N11"/>
            <port dstActor="D0N19" name="p58" srcActor="D0N11"/>
            <port dstActor="D0N28" name="p59" srcActor="D0N11"/>
            <port dstActor="D0N33" name="p60" srcActor="D0N23"/>
            <port dstActor="D0N38" name="p61" srcActor="D0N23"/>
            <port dstActor="D0N43" name="p62" srcActor="D0N37"/>
            <port dstActor="D0N44" name="p63" srcActor="D0N2"/>
            <port dstActor="D0N18" name="p64" srcActor="D0N2"/>
            <port dstActor="D0N34" name="p65" srcActor="D0N2"/>
            <port dstActor="D0N16" name="p66" srcActor="D0N2"/>
            <port dstActor="D0N11" name="p67" srcActor="D0N2"/>
            <port dstActor="D0N22" name="p68" srcActor="D0N19"/>
            <port dstActor="D0N23" name="p69" srcActor="D0N19"/>
            <port dstActor="D0N27" name="p70" srcActor="D0N9"/>
            <port dstActor="D0N47" name="p71" srcActor="D0N9"/>
            <port dstActor="D0N11" name="p72" srcActor="D0N9"/>
            <port dstActor="D0N31" name="p73" srcActor="D0N9"/>
            <port dstActor="D0N14" name="p74" srcActor="D0N10"/>
            <port dstActor="D0N42" name="p75" srcActor="D0N10"/>
            <port dstActor="D0N46" name="p76" srcActor="D0N10"/>
            <port dstActor="D0N12" name="p77" srcActor="D0N10"/>
            <port dstActor="D0N47" name="p78" srcActor="D0N10"/>
            <port dstActor="D0N14" name="p79" srcActor="D0N13"/>
            <port dstActor="D0N24" name="p80" srcActor="D0N13"/>
            <port dstActor="D0N43" name="p81" srcActor="D0N13"/>
            <port dstActor="D0N37" name="p82" srcActor="D0N13"/>
            <port dstActor="D0N15" name="p83" srcActor="D0N13"/>
            <port dstActor="D0N21" name="p84" srcActor="D0N13"/>
            <port dstActor="D0N32" name="p85" srcActor="D0N21"/>
            <port dstActor="D0N34" name="p86" srcActor="D0N21"/>
            <port dstActor="D0N45" name="p87" srcActor="D0N21"/>
            <port dstActor="D0N23" name="p88" srcActor="D0N21"/>
            <port dstActor="D0N47" name="p89" srcActor="D0N31"/>
            <port dstActor="D0N46" name="p90" srcActor="D0N3"/>
            <port dstActor="D0N21" name="p91" srcActor="D0N3"/>
            <port dstActor="D0N36" name="p92" srcActor="D0N3"/>
            <port dstActor="D0N35" name="p93" srcActor="D0N1"/>
            <port dstActor="D0N16" name="p94" srcActor="D0N1"/>
            <port dstActor="D0N25" name="p95" srcActor="D0N1"/>
            <port dstActor="D0N22" name="p96" srcActor="D0N1"/>
            <port dstActor="D0N43" name="p97" srcActor="D0N7"/>
            <port dstActor="D0N10" name="p98" srcActor="D0N7"/>
            <port dstActor="D0N27" name="p99" srcActor="D0N7"/>
            <port dstActor="D0N36" name="p100" srcActor="D0N17"/>
            <port dstActor="D0N31" name="p101" srcActor="D0N17"/>
            <port dstActor="D0N22" name="p102" srcActor="D0N6"/>
            <port dstActor="D0N38" name="p103" srcActor="D0N6"/>
            <port dstActor="D0N46" name="p104" srcActor="D0N6"/>
            <port dstActor="D0N37" name="p105" srcActor="D0N34"/>
            <port dstActor="D0N39" name="p106" srcActor="D0N5"/>
            <port dstActor="D0N29" name="p107" srcActor="D0N25"/>
            <port dstActor="D0N30" name="p108" srcActor="D0N25"/>
            <port dstActor="D0N38" name="p109" srcActor="D0N25"/>
            <port dstActor="D0N48" name="p110" srcActor="D0N25"/>
            <port dstActor="D0N48" name="p111" srcActor="D0N40"/>
            <port dstActor="D0N34" name="p112" srcActor="D0N32"/>
            <port dstActor="D0N46" name="p113" srcActor="D0N32"/>
            <port dstActor="D0N37" name="p114" srcActor="D0N32"/>
            <port dstActor="D0N26" name="p115" srcActor="D0N15"/>
            <port dstActor="D0N42" name="p116" srcActor="D0N15"/>
            <port dstActor="D0N23" name="p117" srcActor="D0N0"/>
            <port dstActor="D0N39" name="p118" srcActor="D0N0"/>
            <port dstActor="D0N15" name="p119" srcActor="D0N0"/>
            <port dstActor="D0N9" name="p120" srcActor="D0N0"/>
            <port dstActor="D0N10" name="p121" srcActor="D0N0"/>
        </ports>
    </mcdag>
    <cores number="3"/>
    <levels number="2"/>
</mcsystem>
