<?xml version="1.0" encoding="UTF-8" standalone="no"?>
<mcsystem>
    <mcdag deadline="2200" name="genned-0-ed-10.0-0">
        <actor name="D0N4">
            <wcet number="0">70</wcet>
            <wcet number="1">280</wcet>
            <maxpow number="0.4671084039345442"/>
            <maxpow number="0.4671084039345442"/>
            <fprob>0.0</fprob>
        </actor>
        <actor name="D0N1">
            <wcet number="0">10</wcet>
            <wcet number="1">50</wcet>
            <maxpow number="0.5527045480059904"/>
            <maxpow number="0.5527045480059904"/>
            <fprob>0.0</fprob>
        </actor>
        <actor name="D0N22">
            <wcet number="0">60</wcet>
            <wcet number="1">120</wcet>
            <maxpow number="0.6989919379934437"/>
            <maxpow number="0.6989919379934437"/>
            <fprob>0.0</fprob>
        </actor>
        <actor name="D0N9">
            <wcet number="0">10</wcet>
            <wcet number="1">10</wcet>
            <maxpow number="0.5093047755933915"/>
            <maxpow number="0.5093047755933915"/>
            <fprob>0.0</fprob>
        </actor>
        <actor name="D0N3">
            <wcet number="0">40</wcet>
            <wcet number="1">200</wcet>
            <maxpow number="0.785128988896056"/>
            <maxpow number="0.785128988896056"/>
            <fprob>0.0</fprob>
        </actor>
        <actor name="D0N20">
            <wcet number="0">170</wcet>
            <wcet number="1">190</wcet>
            <maxpow number="0.8019010119709387"/>
            <maxpow number="0.8019010119709387"/>
            <fprob>0.0</fprob>
        </actor>
        <actor name="D0N31">
            <wcet number="0">10</wcet>
            <wcet number="1">160</wcet>
            <maxpow number="0.40914058003813925"/>
            <maxpow number="0.40914058003813925"/>
            <fprob>0.0</fprob>
        </actor>
        <actor name="D0N14">
            <wcet number="0">170</wcet>
            <wcet number="1">170</wcet>
            <maxpow number="0.7242993342829858"/>
            <maxpow number="0.7242993342829858"/>
            <fprob>0.0</fprob>
        </actor>
        <actor name="D0N45">
            <wcet number="0">100</wcet>
            <wcet number="1">180</wcet>
            <maxpow number="0.6943932163424653"/>
            <maxpow number="0.6943932163424653"/>
            <fprob>0.0</fprob>
        </actor>
        <actor name="D0N38">
            <wcet number="0">80</wcet>
            <wcet number="1">120</wcet>
            <maxpow number="0.3474446527535132"/>
            <maxpow number="0.3474446527535132"/>
            <fprob>0.0</fprob>
        </actor>
        <actor name="D0N17">
            <wcet number="0">10</wcet>
            <wcet number="1">40</wcet>
            <maxpow number="0.4065008545501033"/>
            <maxpow number="0.4065008545501033"/>
            <fprob>0.0</fprob>
        </actor>
        <actor name="D0N34">
            <wcet number="0">40</wcet>
            <wcet number="1">70</wcet>
            <maxpow number="0.38855046512475927"/>
            <maxpow number="0.38855046512475927"/>
            <fprob>0.0</fprob>
        </actor>
        <actor name="D0N12">
            <wcet number="0">230</wcet>
            <wcet number="1">250</wcet>
            <maxpow number="0.4354788817950271"/>
            <maxpow number="0.4354788817950271"/>
            <fprob>0.0</fprob>
        </actor>
        <actor name="D0N35">
            <wcet number="0">50</wcet>
            <wcet number="1">60</wcet>
            <maxpow number="0.5209388230381754"/>
            <maxpow number="0.5209388230381754"/>
            <fprob>0.0</fprob>
        </actor>
        <actor name="D0N18">
            <wcet number="0">10</wcet>
            <wcet number="1">40</wcet>
            <maxpow number="0.6120425047226801"/>
            <maxpow number="0.6120425047226801"/>
            <fprob>0.0</fprob>
        </actor>
        <actor name="D0N39">
            <wcet number="0">90</wcet>
            <wcet number="1">140</wcet>
            <maxpow number="0.7112012928240448"/>
            <maxpow number="0.7112012928240448"/>
            <fprob>0.0</fprob>
        </actor>
        <actor name="D0N2">
            <wcet number="0">20</wcet>
            <wcet number="1">20</wcet>
            <maxpow number="0.22345882073811713"/>
            <maxpow number="0.22345882073811713"/>
            <fprob>0.0</fprob>
        </actor>
        <actor name="D0N32">
            <wcet number="0">40</wcet>
            <wcet number="1">50</wcet>
            <maxpow number="1.0082283848309033"/>
            <maxpow number="1.0082283848309033"/>
            <fprob>0.0</fprob>
        </actor>
        <actor name="D0N11">
            <wcet number="0">40</wcet>
            <wcet number="1">90</wcet>
            <maxpow number="0.6849135433913647"/>
            <maxpow number="0.6849135433913647"/>
            <fprob>0.0</fprob>
        </actor>
        <actor name="D0N10">
            <wcet number="0">100</wcet>
            <wcet number="1">190</wcet>
            <maxpow number="0.4464753925473367"/>
            <maxpow number="0.4464753925473367"/>
            <fprob>0.0</fprob>
        </actor>
        <actor name="D0N25">
            <wcet number="0">10</wcet>
            <wcet number="1">10</wcet>
            <maxpow number="0.4857915513887293"/>
            <maxpow number="0.4857915513887293"/>
            <fprob>0.0</fprob>
        </actor>
        <actor name="D0N0">
            <wcet number="0">50</wcet>
            <wcet number="1">80</wcet>
            <maxpow number="0.6517315337994058"/>
            <maxpow number="0.6517315337994058"/>
            <fprob>0.0</fprob>
        </actor>
        <actor name="D0N41">
            <wcet number="0">70</wcet>
            <wcet number="1">140</wcet>
            <maxpow number="0.6351046238801111"/>
            <maxpow number="0.6351046238801111"/>
            <fprob>0.0</fprob>
        </actor>
        <actor name="D0N13">
            <wcet number="0">20</wcet>
            <wcet number="1">40</wcet>
            <maxpow number="0.4259486529494829"/>
            <maxpow number="0.4259486529494829"/>
            <fprob>0.0</fprob>
        </actor>
        <actor name="D0N29">
            <wcet number="0">20</wcet>
            <wcet number="1">70</wcet>
            <maxpow number="0.733651479713538"/>
            <maxpow number="0.733651479713538"/>
            <fprob>0.0</fprob>
        </actor>
        <actor name="D0N44">
            <wcet number="0">30</wcet>
            <wcet number="1">30</wcet>
            <maxpow number="0.3964229249081469"/>
            <maxpow number="0.3964229249081469"/>
            <fprob>0.0</fprob>
        </actor>
        <actor name="D0N42">
            <wcet number="0">20</wcet>
            <wcet number="1">50</wcet>
            <maxpow number="0.5577587319408668"/>
            <maxpow number="0.5577587319408668"/>
            <fprob>0.0</fprob>
        </actor>
        <actor name="D0N15">
            <wcet number="0">20</wcet>
            <wcet number="1">20</wcet>
            <maxpow number="0.5802800732392753"/>
            <maxpow number="0.5802800732392753"/>
            <fprob>0.0</fprob>
        </actor>
        <actor name="D0N43">
            <wcet number="0">10</wcet>
            <wcet number="1">10</wcet>
            <maxpow number="0.3891617954359091"/>
            <maxpow number="0.3891617954359091"/>
            <fprob>0.0</fprob>
        </actor>
        <actor name="D0N30">
            <wcet number="0">40</wcet>
            <wcet number="1">90</wcet>
            <maxpow number="0.5014797182638283"/>
            <maxpow number="0.5014797182638283"/>
            <fprob>0.0</fprob>
        </actor>
        <actor name="D0N36">
            <wcet number="0">230</wcet>
            <wcet number="1">240</wcet>
            <maxpow number="0.5231856091428513"/>
            <maxpow number="0.5231856091428513"/>
            <fprob>0.0</fprob>
        </actor>
        <actor name="D0N28">
            <wcet number="0">40</wcet>
            <wcet number="1">50</wcet>
            <maxpow number="0.6146696963481152"/>
            <maxpow number="0.6146696963481152"/>
            <fprob>0.0</fprob>
        </actor>
        <actor name="D0N27">
            <wcet number="0">20</wcet>
            <wcet number="1">130</wcet>
            <maxpow number="0.6363516597449117"/>
            <maxpow number="0.6363516597449117"/>
            <fprob>0.0</fprob>
        </actor>
        <actor name="D0N24">
            <wcet number="0">20</wcet>
            <wcet number="1">150</wcet>
            <maxpow number="0.4202567280388698"/>
            <maxpow number="0.4202567280388698"/>
            <fprob>0.0</fprob>
        </actor>
        <actor name="D0N33">
            <wcet number="0">20</wcet>
            <wcet number="1">20</wcet>
            <maxpow number="0.1611236531237858"/>
            <maxpow number="0.1611236531237858"/>
            <fprob>0.0</fprob>
        </actor>
        <actor name="D0N8">
            <wcet number="0">10</wcet>
            <wcet number="1">30</wcet>
            <maxpow number="0.58018382403369"/>
            <maxpow number="0.58018382403369"/>
            <fprob>0.0</fprob>
        </actor>
        <actor name="D0N23">
            <wcet number="0">80</wcet>
            <wcet number="1">100</wcet>
            <maxpow number="0.5360943922015209"/>
            <maxpow number="0.5360943922015209"/>
            <fprob>0.0</fprob>
        </actor>
        <actor name="D0N19">
            <wcet number="0">30</wcet>
            <wcet number="1">30</wcet>
            <maxpow number="0.6563497765765542"/>
            <maxpow number="0.6563497765765542"/>
            <fprob>0.0</fprob>
        </actor>
        <actor name="D0N5">
            <wcet number="0">10</wcet>
            <wcet number="1">10</wcet>
            <maxpow number="0.2742420108076133"/>
            <maxpow number="0.2742420108076133"/>
            <fprob>0.0</fprob>
        </actor>
        <actor name="D0N7">
            <wcet number="0">210</wcet>
            <wcet number="1">370</wcet>
            <maxpow number="0.7373358660252856"/>
            <maxpow number="0.7373358660252856"/>
            <fprob>0.0</fprob>
        </actor>
        <actor name="D0N37">
            <wcet number="0">70</wcet>
            <wcet number="1">100</wcet>
            <maxpow number="0.3771593939978184"/>
            <maxpow number="0.3771593939978184"/>
            <fprob>0.0</fprob>
        </actor>
        <actor name="D0N21">
            <wcet number="0">10</wcet>
            <wcet number="1">10</wcet>
            <maxpow number="0.6324703198501991"/>
            <maxpow number="0.6324703198501991"/>
            <fprob>0.0</fprob>
        </actor>
        <actor name="D0N6">
            <wcet number="0">30</wcet>
            <wcet number="1">40</wcet>
            <maxpow number="0.5651028437036595"/>
            <maxpow number="0.5651028437036595"/>
            <fprob>0.0</fprob>
        </actor>
        <actor name="D0N16">
            <wcet number="0">10</wcet>
            <wcet number="1">10</wcet>
            <maxpow number="0.4670230632959867"/>
            <maxpow number="0.4670230632959867"/>
            <fprob>0.0</fprob>
        </actor>
        <actor name="D0N40">
            <wcet number="0">20</wcet>
            <wcet number="1">60</wcet>
            <maxpow number="0.6708686863100539"/>
            <maxpow number="0.6708686863100539"/>
            <fprob>0.0</fprob>
        </actor>
        <actor name="D0N26">
            <wcet number="0">20</wcet>
            <wcet number="1">80</wcet>
            <maxpow number="0.45398758158590297"/>
            <maxpow number="0.45398758158590297"/>
            <fprob>0.0</fprob>
        </actor>
        <ports>
            <port dstActor="D0N41" name="p0" srcActor="D0N4"/>
            <port dstActor="D0N5" name="p1" srcActor="D0N4"/>
            <port dstActor="D0N22" name="p2" srcActor="D0N4"/>
            <port dstActor="D0N15" name="p3" srcActor="D0N4"/>
            <port dstActor="D0N28" name="p4" srcActor="D0N4"/>
            <port dstActor="D0N28" name="p5" srcActor="D0N1"/>
            <port dstActor="D0N18" name="p6" srcActor="D0N1"/>
            <port dstActor="D0N31" name="p7" srcActor="D0N22"/>
            <port dstActor="D0N44" name="p8" srcActor="D0N22"/>
            <port dstActor="D0N12" name="p9" srcActor="D0N9"/>
            <port dstActor="D0N32" name="p10" srcActor="D0N9"/>
            <port dstActor="D0N10" name="p11" srcActor="D0N9"/>
            <port dstActor="D0N44" name="p12" srcActor="D0N9"/>
            <port dstActor="D0N8" name="p13" srcActor="D0N3"/>
            <port dstActor="D0N37" name="p14" srcActor="D0N3"/>
            <port dstActor="D0N21" name="p15" srcActor="D0N3"/>
            <port dstActor="D0N38" name="p16" srcActor="D0N3"/>
            <port dstActor="D0N26" name="p17" srcActor="D0N3"/>
            <port dstActor="D0N31" name="p18" srcActor="D0N20"/>
            <port dstActor="D0N23" name="p19" srcActor="D0N20"/>
            <port dstActor="D0N29" name="p20" srcActor="D0N20"/>
            <port dstActor="D0N38" name="p21" srcActor="D0N20"/>
            <port dstActor="D0N38" name="p22" srcActor="D0N31"/>
            <port dstActor="D0N44" name="p23" srcActor="D0N31"/>
            <port dstActor="D0N39" name="p24" srcActor="D0N31"/>
            <port dstActor="D0N24" name="p25" srcActor="D0N14"/>
            <port dstActor="D0N25" name="p26" srcActor="D0N14"/>
            <port dstActor="D0N42" name="p27" srcActor="D0N38"/>
            <port dstActor="D0N26" name="p28" srcActor="D0N17"/>
            <port dstActor="D0N39" name="p29" srcActor="D0N17"/>
            <port dstActor="D0N21" name="p30" srcActor="D0N17"/>
            <port dstActor="D0N20" name="p31" srcActor="D0N17"/>
            <port dstActor="D0N41" name="p32" srcActor="D0N34"/>
            <port dstActor="D0N13" name="p33" srcActor="D0N12"/>
            <port dstActor="D0N18" name="p34" srcActor="D0N12"/>
            <port dstActor="D0N43" name="p35" srcActor="D0N35"/>
            <port dstActor="D0N34" name="p36" srcActor="D0N18"/>
            <port dstActor="D0N20" name="p37" srcActor="D0N18"/>
            <port dstActor="D0N24" name="p38" srcActor="D0N18"/>
            <port dstActor="D0N39" name="p39" srcActor="D0N18"/>
            <port dstActor="D0N41" name="p40" srcActor="D0N2"/>
            <port dstActor="D0N39" name="p41" srcActor="D0N2"/>
            <port dstActor="D0N36" name="p42" srcActor="D0N2"/>
            <port dstActor="D0N43" name="p43" srcActor="D0N32"/>
            <port dstActor="D0N44" name="p44" srcActor="D0N32"/>
            <port dstActor="D0N24" name="p45" srcActor="D0N11"/>
            <port dstActor="D0N29" name="p46" srcActor="D0N11"/>
            <port dstActor="D0N30" name="p47" srcActor="D0N11"/>
            <port dstActor="D0N22" name="p48" srcActor="D0N11"/>
            <port dstActor="D0N13" name="p49" srcActor="D0N11"/>
            <port dstActor="D0N13" name="p50" srcActor="D0N10"/>
            <port dstActor="D0N36" name="p51" srcActor="D0N10"/>
            <port dstActor="D0N39" name="p52" srcActor="D0N10"/>
            <port dstActor="D0N27" name="p53" srcActor="D0N10"/>
            <port dstActor="D0N41" name="p54" srcActor="D0N25"/>
            <port dstActor="D0N40" name="p55" srcActor="D0N25"/>
            <port dstActor="D0N31" name="p56" srcActor="D0N25"/>
            <port dstActor="D0N9" name="p57" srcActor="D0N0"/>
            <port dstActor="D0N21" name="p58" srcActor="D0N0"/>
            <port dstActor="D0N43" name="p59" srcActor="D0N41"/>
            <port dstActor="D0N20" name="p60" srcActor="D0N13"/>
            <port dstActor="D0N45" name="p61" srcActor="D0N13"/>
            <port dstActor="D0N21" name="p62" srcActor="D0N13"/>
            <port dstActor="D0N29" name="p63" srcActor="D0N13"/>
            <port dstActor="D0N42" name="p64" srcActor="D0N13"/>
            <port dstActor="D0N42" name="p65" srcActor="D0N29"/>
            <port dstActor="D0N18" name="p66" srcActor="D0N15"/>
            <port dstActor="D0N43" name="p67" srcActor="D0N30"/>
            <port dstActor="D0N40" name="p68" srcActor="D0N30"/>
            <port dstActor="D0N44" name="p69" srcActor="D0N36"/>
            <port dstActor="D0N42" name="p70" srcActor="D0N28"/>
            <port dstActor="D0N37" name="p71" srcActor="D0N28"/>
            <port dstActor="D0N38" name="p72" srcActor="D0N27"/>
            <port dstActor="D0N43" name="p73" srcActor="D0N27"/>
            <port dstActor="D0N34" name="p74" srcActor="D0N24"/>
            <port dstActor="D0N31" name="p75" srcActor="D0N24"/>
            <port dstActor="D0N37" name="p76" srcActor="D0N33"/>
            <port dstActor="D0N44" name="p77" srcActor="D0N33"/>
            <port dstActor="D0N13" name="p78" srcActor="D0N8"/>
            <port dstActor="D0N35" name="p79" srcActor="D0N8"/>
            <port dstActor="D0N12" name="p80" srcActor="D0N8"/>
            <port dstActor="D0N34" name="p81" srcActor="D0N8"/>
            <port dstActor="D0N11" name="p82" srcActor="D0N8"/>
            <port dstActor="D0N25" name="p83" srcActor="D0N19"/>
            <port dstActor="D0N41" name="p84" srcActor="D0N19"/>
            <port dstActor="D0N32" name="p85" srcActor="D0N5"/>
            <port dstActor="D0N28" name="p86" srcActor="D0N5"/>
            <port dstActor="D0N18" name="p87" srcActor="D0N5"/>
            <port dstActor="D0N23" name="p88" srcActor="D0N5"/>
            <port dstActor="D0N37" name="p89" srcActor="D0N7"/>
            <port dstActor="D0N42" name="p90" srcActor="D0N37"/>
            <port dstActor="D0N42" name="p91" srcActor="D0N21"/>
            <port dstActor="D0N34" name="p92" srcActor="D0N21"/>
            <port dstActor="D0N27" name="p93" srcActor="D0N21"/>
            <port dstActor="D0N13" name="p94" srcActor="D0N6"/>
            <port dstActor="D0N27" name="p95" srcActor="D0N6"/>
            <port dstActor="D0N7" name="p96" srcActor="D0N6"/>
            <port dstActor="D0N14" name="p97" srcActor="D0N6"/>
            <port dstActor="D0N45" name="p98" srcActor="D0N6"/>
            <port dstActor="D0N27" name="p99" srcActor="D0N16"/>
            <port dstActor="D0N29" name="p100" srcActor="D0N16"/>
            <port dstActor="D0N34" name="p101" srcActor="D0N16"/>
            <port dstActor="D0N45" name="p102" srcActor="D0N16"/>
            <port dstActor="D0N34" name="p103" srcActor="D0N26"/>
            <port dstActor="D0N36" name="p104" srcActor="D0N26"/>
        </ports>
    </mcdag>
    <cores number="2"/>
    <levels number="2"/>
</mcsystem>
