<?xml version="1.0" encoding="UTF-8" standalone="no"?>
<mcsystem>
    <mcdag deadline="1000" name="genned-0-ed-10.0-0">
        <actor name="D0N40">
            <wcet number="0">70</wcet>
            <wcet number="1">120</wcet>
            <maxpow number="0.707746677357655"/>
            <maxpow number="0.707746677357655"/>
            <fprob>0.0</fprob>
        </actor>
        <actor name="D0N32">
            <wcet number="0">70</wcet>
            <wcet number="1">70</wcet>
            <maxpow number="0.7082759221353228"/>
            <maxpow number="0.7082759221353228"/>
            <fprob>0.0</fprob>
        </actor>
        <actor name="D0N27">
            <wcet number="0">40</wcet>
            <wcet number="1">60</wcet>
            <maxpow number="0.59364132355819"/>
            <maxpow number="0.59364132355819"/>
            <fprob>0.0</fprob>
        </actor>
        <actor name="D0N34">
            <wcet number="0">40</wcet>
            <wcet number="1">110</wcet>
            <maxpow number="0.334550115681263"/>
            <maxpow number="0.334550115681263"/>
            <fprob>0.0</fprob>
        </actor>
        <actor name="D0N38">
            <wcet number="0">10</wcet>
            <wcet number="1">10</wcet>
            <maxpow number="0.6689303597972658"/>
            <maxpow number="0.6689303597972658"/>
            <fprob>0.0</fprob>
        </actor>
        <actor name="D0N16">
            <wcet number="0">30</wcet>
            <wcet number="1">60</wcet>
            <maxpow number="0.29561590339998056"/>
            <maxpow number="0.29561590339998056"/>
            <fprob>0.0</fprob>
        </actor>
        <actor name="D0N41">
            <wcet number="0">20</wcet>
            <wcet number="1">20</wcet>
            <maxpow number="0.7074802822594711"/>
            <maxpow number="0.7074802822594711"/>
            <fprob>0.0</fprob>
        </actor>
        <actor name="D0N18">
            <wcet number="0">20</wcet>
            <wcet number="1">20</wcet>
            <maxpow number="0.8080989746999419"/>
            <maxpow number="0.8080989746999419"/>
            <fprob>0.0</fprob>
        </actor>
        <actor name="D0N13">
            <wcet number="0">20</wcet>
            <wcet number="1">30</wcet>
            <maxpow number="0.4355270011042135"/>
            <maxpow number="0.4355270011042135"/>
            <fprob>0.0</fprob>
        </actor>
        <actor name="D0N30">
            <wcet number="0">30</wcet>
            <wcet number="1">40</wcet>
            <maxpow number="0.4209453909938372"/>
            <maxpow number="0.4209453909938372"/>
            <fprob>0.0</fprob>
        </actor>
        <actor name="D0N19">
            <wcet number="0">10</wcet>
            <wcet number="1">20</wcet>
            <maxpow number="0.6273421981271033"/>
            <maxpow number="0.6273421981271033"/>
            <fprob>0.0</fprob>
        </actor>
        <actor name="D0N47">
            <wcet number="0">50</wcet>
            <wcet number="1">90</wcet>
            <maxpow number="0.6548110009180795"/>
            <maxpow number="0.6548110009180795"/>
            <fprob>0.0</fprob>
        </actor>
        <actor name="D0N37">
            <wcet number="0">110</wcet>
            <wcet number="1">110</wcet>
            <maxpow number="0.8380489982478239"/>
            <maxpow number="0.8380489982478239"/>
            <fprob>0.0</fprob>
        </actor>
        <actor name="D0N39">
            <wcet number="0">20</wcet>
            <wcet number="1">20</wcet>
            <maxpow number="0.6119721560266096"/>
            <maxpow number="0.6119721560266096"/>
            <fprob>0.0</fprob>
        </actor>
        <actor name="D0N15">
            <wcet number="0">10</wcet>
            <wcet number="1">80</wcet>
            <maxpow number="0.5358428109638679"/>
            <maxpow number="0.5358428109638679"/>
            <fprob>0.0</fprob>
        </actor>
        <actor name="D0N1">
            <wcet number="0">50</wcet>
            <wcet number="1">60</wcet>
            <maxpow number="0.2891470803202319"/>
            <maxpow number="0.2891470803202319"/>
            <fprob>0.0</fprob>
        </actor>
        <actor name="D0N3">
            <wcet number="0">10</wcet>
            <wcet number="1">80</wcet>
            <maxpow number="0.8421961276599599"/>
            <maxpow number="0.8421961276599599"/>
            <fprob>0.0</fprob>
        </actor>
        <actor name="D0N45">
            <wcet number="0">20</wcet>
            <wcet number="1">30</wcet>
            <maxpow number="0.43242601228424693"/>
            <maxpow number="0.43242601228424693"/>
            <fprob>0.0</fprob>
        </actor>
        <actor name="D0N0">
            <wcet number="0">10</wcet>
            <wcet number="1">10</wcet>
            <maxpow number="0.6809303082987456"/>
            <maxpow number="0.6809303082987456"/>
            <fprob>0.0</fprob>
        </actor>
        <actor name="D0N2">
            <wcet number="0">10</wcet>
            <wcet number="1">10</wcet>
            <maxpow number="0.7830847991810042"/>
            <maxpow number="0.7830847991810042"/>
            <fprob>0.0</fprob>
        </actor>
        <actor name="D0N36">
            <wcet number="0">50</wcet>
            <wcet number="1">60</wcet>
            <maxpow number="0.7000839265673686"/>
            <maxpow number="0.7000839265673686"/>
            <fprob>0.0</fprob>
        </actor>
        <actor name="D0N9">
            <wcet number="0">20</wcet>
            <wcet number="1">40</wcet>
            <maxpow number="0.611016629853491"/>
            <maxpow number="0.611016629853491"/>
            <fprob>0.0</fprob>
        </actor>
        <actor name="D0N31">
            <wcet number="0">10</wcet>
            <wcet number="1">10</wcet>
            <maxpow number="0.6030176065672053"/>
            <maxpow number="0.6030176065672053"/>
            <fprob>0.0</fprob>
        </actor>
        <actor name="D0N11">
            <wcet number="0">20</wcet>
            <wcet number="1">240</wcet>
            <maxpow number="0.7195105052553545"/>
            <maxpow number="0.7195105052553545"/>
            <fprob>0.0</fprob>
        </actor>
        <actor name="D0N28">
            <wcet number="0">60</wcet>
            <wcet number="1">70</wcet>
            <maxpow number="0.5293922227073251"/>
            <maxpow number="0.5293922227073251"/>
            <fprob>0.0</fprob>
        </actor>
        <actor name="D0N24">
            <wcet number="0">10</wcet>
            <wcet number="1">10</wcet>
            <maxpow number="0.7148055368392203"/>
            <maxpow number="0.7148055368392203"/>
            <fprob>0.0</fprob>
        </actor>
        <actor name="D0N42">
            <wcet number="0">50</wcet>
            <wcet number="1">50</wcet>
            <maxpow number="0.3809513306237896"/>
            <maxpow number="0.3809513306237896"/>
            <fprob>0.0</fprob>
        </actor>
        <actor name="D0N43">
            <wcet number="0">30</wcet>
            <wcet number="1">30</wcet>
            <maxpow number="0.45559382422563577"/>
            <maxpow number="0.45559382422563577"/>
            <fprob>0.0</fprob>
        </actor>
        <actor name="D0N4">
            <wcet number="0">10</wcet>
            <wcet number="1">10</wcet>
            <maxpow number="0.7861847545476497"/>
            <maxpow number="0.7861847545476497"/>
            <fprob>0.0</fprob>
        </actor>
        <actor name="D0N5">
            <wcet number="0">10</wcet>
            <wcet number="1">20</wcet>
            <maxpow number="0.5022587976690684"/>
            <maxpow number="0.5022587976690684"/>
            <fprob>0.0</fprob>
        </actor>
        <actor name="D0N23">
            <wcet number="0">30</wcet>
            <wcet number="1">40</wcet>
            <maxpow number="0.44618971339989133"/>
            <maxpow number="0.44618971339989133"/>
            <fprob>0.0</fprob>
        </actor>
        <actor name="D0N10">
            <wcet number="0">30</wcet>
            <wcet number="1">30</wcet>
            <maxpow number="0.30765099252513717"/>
            <maxpow number="0.30765099252513717"/>
            <fprob>0.0</fprob>
        </actor>
        <actor name="D0N17">
            <wcet number="0">30</wcet>
            <wcet number="1">30</wcet>
            <maxpow number="0.671345227527365"/>
            <maxpow number="0.671345227527365"/>
            <fprob>0.0</fprob>
        </actor>
        <actor name="D0N21">
            <wcet number="0">40</wcet>
            <wcet number="1">80</wcet>
            <maxpow number="0.7659515411500546"/>
            <maxpow number="0.7659515411500546"/>
            <fprob>0.0</fprob>
        </actor>
        <actor name="D0N7">
            <wcet number="0">30</wcet>
            <wcet number="1">30</wcet>
            <maxpow number="0.4633550183781178"/>
            <maxpow number="0.4633550183781178"/>
            <fprob>0.0</fprob>
        </actor>
        <actor name="D0N35">
            <wcet number="0">30</wcet>
            <wcet number="1">50</wcet>
            <maxpow number="0.33684076269142726"/>
            <maxpow number="0.33684076269142726"/>
            <fprob>0.0</fprob>
        </actor>
        <actor name="D0N26">
            <wcet number="0">40</wcet>
            <wcet number="1">70</wcet>
            <maxpow number="0.3936010494608906"/>
            <maxpow number="0.3936010494608906"/>
            <fprob>0.0</fprob>
        </actor>
        <actor name="D0N25">
            <wcet number="0">40</wcet>
            <wcet number="1">40</wcet>
            <maxpow number="0.716389305150858"/>
            <maxpow number="0.716389305150858"/>
            <fprob>0.0</fprob>
        </actor>
        <actor name="D0N33">
            <wcet number="0">30</wcet>
            <wcet number="1">30</wcet>
            <maxpow number="0.3019527224261159"/>
            <maxpow number="0.3019527224261159"/>
            <fprob>0.0</fprob>
        </actor>
        <actor name="D0N46">
            <wcet number="0">20</wcet>
            <wcet number="1">70</wcet>
            <maxpow number="0.3247039545382025"/>
            <maxpow number="0.3247039545382025"/>
            <fprob>0.0</fprob>
        </actor>
        <actor name="D0N22">
            <wcet number="0">10</wcet>
            <wcet number="1">10</wcet>
            <maxpow number="0.5436328580978403"/>
            <maxpow number="0.5436328580978403"/>
            <fprob>0.0</fprob>
        </actor>
        <actor name="D0N20">
            <wcet number="0">20</wcet>
            <wcet number="1">20</wcet>
            <maxpow number="0.6338409061037769"/>
            <maxpow number="0.6338409061037769"/>
            <fprob>0.0</fprob>
        </actor>
        <actor name="D0N12">
            <wcet number="0">10</wcet>
            <wcet number="1">40</wcet>
            <maxpow number="0.7945865052081968"/>
            <maxpow number="0.7945865052081968"/>
            <fprob>0.0</fprob>
        </actor>
        <actor name="D0N44">
            <wcet number="0">20</wcet>
            <wcet number="1">30</wcet>
            <maxpow number="0.39075694934524763"/>
            <maxpow number="0.39075694934524763"/>
            <fprob>0.0</fprob>
        </actor>
        <actor name="D0N29">
            <wcet number="0">10</wcet>
            <wcet number="1">140</wcet>
            <maxpow number="0.7663381736725992"/>
            <maxpow number="0.7663381736725992"/>
            <fprob>0.0</fprob>
        </actor>
        <actor name="D0N14">
            <wcet number="0">20</wcet>
            <wcet number="1">20</wcet>
            <maxpow number="0.10827713073385037"/>
            <maxpow number="0.10827713073385037"/>
            <fprob>0.0</fprob>
        </actor>
        <actor name="D0N8">
            <wcet number="0">10</wcet>
            <wcet number="1">30</wcet>
            <maxpow number="0.7522762197157873"/>
            <maxpow number="0.7522762197157873"/>
            <fprob>0.0</fprob>
        </actor>
        <actor name="D0N6">
            <wcet number="0">40</wcet>
            <wcet number="1">50</wcet>
            <maxpow number="0.7769800278330661"/>
            <maxpow number="0.7769800278330661"/>
            <fprob>0.0</fprob>
        </actor>
        <ports>
            <port dstActor="D0N31" name="p0" srcActor="D0N27"/>
            <port dstActor="D0N37" name="p1" srcActor="D0N27"/>
            <port dstActor="D0N43" name="p2" srcActor="D0N27"/>
            <port dstActor="D0N44" name="p3" srcActor="D0N34"/>
            <port dstActor="D0N45" name="p4" srcActor="D0N34"/>
            <port dstActor="D0N35" name="p5" srcActor="D0N34"/>
            <port dstActor="D0N38" name="p6" srcActor="D0N34"/>
            <port dstActor="D0N39" name="p7" srcActor="D0N34"/>
            <port dstActor="D0N47" name="p8" srcActor="D0N34"/>
            <port dstActor="D0N43" name="p9" srcActor="D0N38"/>
            <port dstActor="D0N45" name="p10" srcActor="D0N38"/>
            <port dstActor="D0N40" name="p11" srcActor="D0N38"/>
            <port dstActor="D0N23" name="p12" srcActor="D0N16"/>
            <port dstActor="D0N28" name="p13" srcActor="D0N16"/>
            <port dstActor="D0N45" name="p14" srcActor="D0N16"/>
            <port dstActor="D0N38" name="p15" srcActor="D0N16"/>
            <port dstActor="D0N46" name="p16" srcActor="D0N41"/>
            <port dstActor="D0N34" name="p17" srcActor="D0N18"/>
            <port dstActor="D0N20" name="p18" srcActor="D0N18"/>
            <port dstActor="D0N41" name="p19" srcActor="D0N18"/>
            <port dstActor="D0N40" name="p20" srcActor="D0N18"/>
            <port dstActor="D0N15" name="p21" srcActor="D0N13"/>
            <port dstActor="D0N14" name="p22" srcActor="D0N13"/>
            <port dstActor="D0N37" name="p23" srcActor="D0N13"/>
            <port dstActor="D0N35" name="p24" srcActor="D0N30"/>
            <port dstActor="D0N46" name="p25" srcActor="D0N30"/>
            <port dstActor="D0N29" name="p26" srcActor="D0N19"/>
            <port dstActor="D0N27" name="p27" srcActor="D0N19"/>
            <port dstActor="D0N44" name="p28" srcActor="D0N19"/>
            <port dstActor="D0N33" name="p29" srcActor="D0N15"/>
            <port dstActor="D0N23" name="p30" srcActor="D0N15"/>
            <port dstActor="D0N3" name="p31" srcActor="D0N1"/>
            <port dstActor="D0N12" name="p32" srcActor="D0N1"/>
            <port dstActor="D0N31" name="p33" srcActor="D0N1"/>
            <port dstActor="D0N33" name="p34" srcActor="D0N1"/>
            <port dstActor="D0N9" name="p35" srcActor="D0N1"/>
            <port dstActor="D0N42" name="p36" srcActor="D0N1"/>
            <port dstActor="D0N5" name="p37" srcActor="D0N3"/>
            <port dstActor="D0N35" name="p38" srcActor="D0N3"/>
            <port dstActor="D0N45" name="p39" srcActor="D0N3"/>
            <port dstActor="D0N19" name="p40" srcActor="D0N3"/>
            <port dstActor="D0N37" name="p41" srcActor="D0N3"/>
            <port dstActor="D0N44" name="p42" srcActor="D0N3"/>
            <port dstActor="D0N46" name="p43" srcActor="D0N3"/>
            <port dstActor="D0N25" name="p44" srcActor="D0N0"/>
            <port dstActor="D0N15" name="p45" srcActor="D0N0"/>
            <port dstActor="D0N19" name="p46" srcActor="D0N0"/>
            <port dstActor="D0N37" name="p47" srcActor="D0N0"/>
            <port dstActor="D0N5" name="p48" srcActor="D0N2"/>
            <port dstActor="D0N23" name="p49" srcActor="D0N2"/>
            <port dstActor="D0N18" name="p50" srcActor="D0N2"/>
            <port dstActor="D0N37" name="p51" srcActor="D0N2"/>
            <port dstActor="D0N40" name="p52" srcActor="D0N36"/>
            <port dstActor="D0N40" name="p53" srcActor="D0N9"/>
            <port dstActor="D0N30" name="p54" srcActor="D0N9"/>
            <port dstActor="D0N39" name="p55" srcActor="D0N9"/>
            <port dstActor="D0N43" name="p56" srcActor="D0N31"/>
            <port dstActor="D0N39" name="p57" srcActor="D0N31"/>
            <port dstActor="D0N21" name="p58" srcActor="D0N11"/>
            <port dstActor="D0N26" name="p59" srcActor="D0N11"/>
            <port dstActor="D0N32" name="p60" srcActor="D0N11"/>
            <port dstActor="D0N42" name="p61" srcActor="D0N28"/>
            <port dstActor="D0N47" name="p62" srcActor="D0N24"/>
            <port dstActor="D0N29" name="p63" srcActor="D0N24"/>
            <port dstActor="D0N33" name="p64" srcActor="D0N24"/>
            <port dstActor="D0N23" name="p65" srcActor="D0N4"/>
            <port dstActor="D0N13" name="p66" srcActor="D0N4"/>
            <port dstActor="D0N7" name="p67" srcActor="D0N4"/>
            <port dstActor="D0N19" name="p68" srcActor="D0N4"/>
            <port dstActor="D0N28" name="p69" srcActor="D0N4"/>
            <port dstActor="D0N32" name="p70" srcActor="D0N4"/>
            <port dstActor="D0N37" name="p71" srcActor="D0N4"/>
            <port dstActor="D0N9" name="p72" srcActor="D0N5"/>
            <port dstActor="D0N14" name="p73" srcActor="D0N5"/>
            <port dstActor="D0N11" name="p74" srcActor="D0N5"/>
            <port dstActor="D0N21" name="p75" srcActor="D0N5"/>
            <port dstActor="D0N8" name="p76" srcActor="D0N5"/>
            <port dstActor="D0N31" name="p77" srcActor="D0N23"/>
            <port dstActor="D0N35" name="p78" srcActor="D0N23"/>
            <port dstActor="D0N12" name="p79" srcActor="D0N10"/>
            <port dstActor="D0N32" name="p80" srcActor="D0N17"/>
            <port dstActor="D0N40" name="p81" srcActor="D0N17"/>
            <port dstActor="D0N26" name="p82" srcActor="D0N17"/>
            <port dstActor="D0N43" name="p83" srcActor="D0N17"/>
            <port dstActor="D0N42" name="p84" srcActor="D0N17"/>
            <port dstActor="D0N40" name="p85" srcActor="D0N21"/>
            <port dstActor="D0N39" name="p86" srcActor="D0N21"/>
            <port dstActor="D0N38" name="p87" srcActor="D0N7"/>
            <port dstActor="D0N43" name="p88" srcActor="D0N7"/>
            <port dstActor="D0N42" name="p89" srcActor="D0N7"/>
            <port dstActor="D0N35" name="p90" srcActor="D0N7"/>
            <port dstActor="D0N40" name="p91" srcActor="D0N35"/>
            <port dstActor="D0N33" name="p92" srcActor="D0N26"/>
            <port dstActor="D0N45" name="p93" srcActor="D0N25"/>
            <port dstActor="D0N44" name="p94" srcActor="D0N25"/>
            <port dstActor="D0N43" name="p95" srcActor="D0N22"/>
            <port dstActor="D0N35" name="p96" srcActor="D0N12"/>
            <port dstActor="D0N21" name="p97" srcActor="D0N12"/>
            <port dstActor="D0N46" name="p98" srcActor="D0N12"/>
            <port dstActor="D0N43" name="p99" srcActor="D0N12"/>
            <port dstActor="D0N32" name="p100" srcActor="D0N29"/>
            <port dstActor="D0N38" name="p101" srcActor="D0N29"/>
            <port dstActor="D0N36" name="p102" srcActor="D0N29"/>
            <port dstActor="D0N35" name="p103" srcActor="D0N14"/>
            <port dstActor="D0N27" name="p104" srcActor="D0N14"/>
            <port dstActor="D0N30" name="p105" srcActor="D0N14"/>
            <port dstActor="D0N12" name="p106" srcActor="D0N8"/>
            <port dstActor="D0N30" name="p107" srcActor="D0N8"/>
            <port dstActor="D0N45" name="p108" srcActor="D0N8"/>
            <port dstActor="D0N37" name="p109" srcActor="D0N6"/>
            <port dstActor="D0N42" name="p110" srcActor="D0N6"/>
            <port dstActor="D0N7" name="p111" srcActor="D0N6"/>
            <port dstActor="D0N17" name="p112" srcActor="D0N6"/>
        </ports>
    </mcdag>
    <cores number="3"/>
    <levels number="2"/>
</mcsystem>
