<?xml version="1.0" encoding="UTF-8" standalone="no"?>
<mcsystem>
    <mcdag deadline="3000" name="genned-0-ed-10.0-0">
        <actor name="D0N36">
            <wcet number="0">60</wcet>
            <wcet number="1">150</wcet>
            <maxpow number="0.5156759361178763"/>
            <maxpow number="0.5156759361178763"/>
            <fprob>0.0</fprob>
        </actor>
        <actor name="D0N6">
            <wcet number="0">110</wcet>
            <wcet number="1">140</wcet>
            <maxpow number="0.4713495228873129"/>
            <maxpow number="0.4713495228873129"/>
            <fprob>0.0</fprob>
        </actor>
        <actor name="D0N17">
            <wcet number="0">100</wcet>
            <wcet number="1">180</wcet>
            <maxpow number="0.29360765581917314"/>
            <maxpow number="0.29360765581917314"/>
            <fprob>0.0</fprob>
        </actor>
        <actor name="D0N30">
            <wcet number="0">10</wcet>
            <wcet number="1">10</wcet>
            <maxpow number="0.4644162904114758"/>
            <maxpow number="0.4644162904114758"/>
            <fprob>0.0</fprob>
        </actor>
        <actor name="D0N19">
            <wcet number="0">40</wcet>
            <wcet number="1">120</wcet>
            <maxpow number="0.4004135536218526"/>
            <maxpow number="0.4004135536218526"/>
            <fprob>0.0</fprob>
        </actor>
        <actor name="D0N11">
            <wcet number="0">20</wcet>
            <wcet number="1">20</wcet>
            <maxpow number="0.4582993311878286"/>
            <maxpow number="0.4582993311878286"/>
            <fprob>0.0</fprob>
        </actor>
        <actor name="D0N27">
            <wcet number="0">20</wcet>
            <wcet number="1">20</wcet>
            <maxpow number="0.5923180161500103"/>
            <maxpow number="0.5923180161500103"/>
            <fprob>0.0</fprob>
        </actor>
        <actor name="D0N37">
            <wcet number="0">60</wcet>
            <wcet number="1">220</wcet>
            <maxpow number="0.5078355878836602"/>
            <maxpow number="0.5078355878836602"/>
            <fprob>0.0</fprob>
        </actor>
        <actor name="D0N44">
            <wcet number="0">30</wcet>
            <wcet number="1">70</wcet>
            <maxpow number="0.3737070860224808"/>
            <maxpow number="0.3737070860224808"/>
            <fprob>0.0</fprob>
        </actor>
        <actor name="D0N26">
            <wcet number="0">10</wcet>
            <wcet number="1">10</wcet>
            <maxpow number="0.580938638126353"/>
            <maxpow number="0.580938638126353"/>
            <fprob>0.0</fprob>
        </actor>
        <actor name="D0N33">
            <wcet number="0">60</wcet>
            <wcet number="1">280</wcet>
            <maxpow number="0.5098888420918976"/>
            <maxpow number="0.5098888420918976"/>
            <fprob>0.0</fprob>
        </actor>
        <actor name="D0N41">
            <wcet number="0">20</wcet>
            <wcet number="1">30</wcet>
            <maxpow number="1.0203488244674228"/>
            <maxpow number="1.0203488244674228"/>
            <fprob>0.0</fprob>
        </actor>
        <actor name="D0N2">
            <wcet number="0">180</wcet>
            <wcet number="1">350</wcet>
            <maxpow number="0.5786136478273064"/>
            <maxpow number="0.5786136478273064"/>
            <fprob>0.0</fprob>
        </actor>
        <actor name="D0N28">
            <wcet number="0">20</wcet>
            <wcet number="1">40</wcet>
            <maxpow number="0.5969986380231458"/>
            <maxpow number="0.5969986380231458"/>
            <fprob>0.0</fprob>
        </actor>
        <actor name="D0N0">
            <wcet number="0">40</wcet>
            <wcet number="1">60</wcet>
            <maxpow number="0.7203502138185454"/>
            <maxpow number="0.7203502138185454"/>
            <fprob>0.0</fprob>
        </actor>
        <actor name="D0N46">
            <wcet number="0">180</wcet>
            <wcet number="1">280</wcet>
            <maxpow number="0.5306903698892411"/>
            <maxpow number="0.5306903698892411"/>
            <fprob>0.0</fprob>
        </actor>
        <actor name="D0N29">
            <wcet number="0">50</wcet>
            <wcet number="1">110</wcet>
            <maxpow number="0.5509208628425403"/>
            <maxpow number="0.5509208628425403"/>
            <fprob>0.0</fprob>
        </actor>
        <actor name="D0N43">
            <wcet number="0">10</wcet>
            <wcet number="1">40</wcet>
            <maxpow number="0.2847015506879345"/>
            <maxpow number="0.2847015506879345"/>
            <fprob>0.0</fprob>
        </actor>
        <actor name="D0N9">
            <wcet number="0">30</wcet>
            <wcet number="1">70</wcet>
            <maxpow number="0.5397071829775401"/>
            <maxpow number="0.5397071829775401"/>
            <fprob>0.0</fprob>
        </actor>
        <actor name="D0N12">
            <wcet number="0">30</wcet>
            <wcet number="1">140</wcet>
            <maxpow number="0.6245336932743418"/>
            <maxpow number="0.6245336932743418"/>
            <fprob>0.0</fprob>
        </actor>
        <actor name="D0N25">
            <wcet number="0">250</wcet>
            <wcet number="1">310</wcet>
            <maxpow number="0.5344065990428802"/>
            <maxpow number="0.5344065990428802"/>
            <fprob>0.0</fprob>
        </actor>
        <actor name="D0N49">
            <wcet number="0">10</wcet>
            <wcet number="1">60</wcet>
            <maxpow number="0.5491015095237728"/>
            <maxpow number="0.5491015095237728"/>
            <fprob>0.0</fprob>
        </actor>
        <actor name="D0N7">
            <wcet number="0">10</wcet>
            <wcet number="1">30</wcet>
            <maxpow number="0.7187693421266191"/>
            <maxpow number="0.7187693421266191"/>
            <fprob>0.0</fprob>
        </actor>
        <actor name="D0N23">
            <wcet number="0">30</wcet>
            <wcet number="1">300</wcet>
            <maxpow number="0.443295224678491"/>
            <maxpow number="0.443295224678491"/>
            <fprob>0.0</fprob>
        </actor>
        <actor name="D0N45">
            <wcet number="0">20</wcet>
            <wcet number="1">60</wcet>
            <maxpow number="0.6013796069024872"/>
            <maxpow number="0.6013796069024872"/>
            <fprob>0.0</fprob>
        </actor>
        <actor name="D0N20">
            <wcet number="0">10</wcet>
            <wcet number="1">220</wcet>
            <maxpow number="0.3366994693883817"/>
            <maxpow number="0.3366994693883817"/>
            <fprob>0.0</fprob>
        </actor>
        <actor name="D0N34">
            <wcet number="0">10</wcet>
            <wcet number="1">20</wcet>
            <maxpow number="0.5279049367635325"/>
            <maxpow number="0.5279049367635325"/>
            <fprob>0.0</fprob>
        </actor>
        <actor name="D0N38">
            <wcet number="0">440</wcet>
            <wcet number="1">460</wcet>
            <maxpow number="0.7643857607525486"/>
            <maxpow number="0.7643857607525486"/>
            <fprob>0.0</fprob>
        </actor>
        <actor name="D0N4">
            <wcet number="0">60</wcet>
            <wcet number="1">70</wcet>
            <maxpow number="0.5265320857778687"/>
            <maxpow number="0.5265320857778687"/>
            <fprob>0.0</fprob>
        </actor>
        <actor name="D0N15">
            <wcet number="0">140</wcet>
            <wcet number="1">140</wcet>
            <maxpow number="0.9078299853344384"/>
            <maxpow number="0.9078299853344384"/>
            <fprob>0.0</fprob>
        </actor>
        <actor name="D0N24">
            <wcet number="0">130</wcet>
            <wcet number="1">250</wcet>
            <maxpow number="0.3935345994499715"/>
            <maxpow number="0.3935345994499715"/>
            <fprob>0.0</fprob>
        </actor>
        <actor name="D0N10">
            <wcet number="0">40</wcet>
            <wcet number="1">40</wcet>
            <maxpow number="0.3802518789101792"/>
            <maxpow number="0.3802518789101792"/>
            <fprob>0.0</fprob>
        </actor>
        <actor name="D0N39">
            <wcet number="0">10</wcet>
            <wcet number="1">10</wcet>
            <maxpow number="0.5839279064814142"/>
            <maxpow number="0.5839279064814142"/>
            <fprob>0.0</fprob>
        </actor>
        <actor name="D0N40">
            <wcet number="0">50</wcet>
            <wcet number="1">140</wcet>
            <maxpow number="0.31894373687230704"/>
            <maxpow number="0.31894373687230704"/>
            <fprob>0.0</fprob>
        </actor>
        <actor name="D0N42">
            <wcet number="0">10</wcet>
            <wcet number="1">60</wcet>
            <maxpow number="0.5352544676085547"/>
            <maxpow number="0.5352544676085547"/>
            <fprob>0.0</fprob>
        </actor>
        <actor name="D0N48">
            <wcet number="0">10</wcet>
            <wcet number="1">40</wcet>
            <maxpow number="0.52381491880611"/>
            <maxpow number="0.52381491880611"/>
            <fprob>0.0</fprob>
        </actor>
        <actor name="D0N35">
            <wcet number="0">10</wcet>
            <wcet number="1">20</wcet>
            <maxpow number="0.43398512686242907"/>
            <maxpow number="0.43398512686242907"/>
            <fprob>0.0</fprob>
        </actor>
        <actor name="D0N14">
            <wcet number="0">10</wcet>
            <wcet number="1">10</wcet>
            <maxpow number="0.17942378895211625"/>
            <maxpow number="0.17942378895211625"/>
            <fprob>0.0</fprob>
        </actor>
        <actor name="D0N32">
            <wcet number="0">40</wcet>
            <wcet number="1">60</wcet>
            <maxpow number="0.5895365078277487"/>
            <maxpow number="0.5895365078277487"/>
            <fprob>0.0</fprob>
        </actor>
        <actor name="D0N3">
            <wcet number="0">10</wcet>
            <wcet number="1">40</wcet>
            <maxpow number="0.42661175356782155"/>
            <maxpow number="0.42661175356782155"/>
            <fprob>0.0</fprob>
        </actor>
        <actor name="D0N1">
            <wcet number="0">50</wcet>
            <wcet number="1">80</wcet>
            <maxpow number="0.6184776971597764"/>
            <maxpow number="0.6184776971597764"/>
            <fprob>0.0</fprob>
        </actor>
        <actor name="D0N5">
            <wcet number="0">180</wcet>
            <wcet number="1">220</wcet>
            <maxpow number="0.4900885032755381"/>
            <maxpow number="0.4900885032755381"/>
            <fprob>0.0</fprob>
        </actor>
        <actor name="D0N18">
            <wcet number="0">30</wcet>
            <wcet number="1">230</wcet>
            <maxpow number="0.3302364655632291"/>
            <maxpow number="0.3302364655632291"/>
            <fprob>0.0</fprob>
        </actor>
        <actor name="D0N8">
            <wcet number="0">20</wcet>
            <wcet number="1">20</wcet>
            <maxpow number="0.8484029406496889"/>
            <maxpow number="0.8484029406496889"/>
            <fprob>0.0</fprob>
        </actor>
        <actor name="D0N13">
            <wcet number="0">50</wcet>
            <wcet number="1">70</wcet>
            <maxpow number="0.4220147265463594"/>
            <maxpow number="0.4220147265463594"/>
            <fprob>0.0</fprob>
        </actor>
        <actor name="D0N22">
            <wcet number="0">30</wcet>
            <wcet number="1">50</wcet>
            <maxpow number="0.8451641308831974"/>
            <maxpow number="0.8451641308831974"/>
            <fprob>0.0</fprob>
        </actor>
        <actor name="D0N47">
            <wcet number="0">190</wcet>
            <wcet number="1">220</wcet>
            <maxpow number="0.5872420212992724"/>
            <maxpow number="0.5872420212992724"/>
            <fprob>0.0</fprob>
        </actor>
        <actor name="D0N21">
            <wcet number="0">10</wcet>
            <wcet number="1">10</wcet>
            <maxpow number="0.3208366944704354"/>
            <maxpow number="0.3208366944704354"/>
            <fprob>0.0</fprob>
        </actor>
        <actor name="D0N16">
            <wcet number="0">120</wcet>
            <wcet number="1">370</wcet>
            <maxpow number="0.6824566413873512"/>
            <maxpow number="0.6824566413873512"/>
            <fprob>0.0</fprob>
        </actor>
        <actor name="D0N31">
            <wcet number="0">20</wcet>
            <wcet number="1">50</wcet>
            <maxpow number="0.38195413785929877"/>
            <maxpow number="0.38195413785929877"/>
            <fprob>0.0</fprob>
        </actor>
        <ports>
            <port dstActor="D0N9" name="p0" srcActor="D0N6"/>
            <port dstActor="D0N31" name="p1" srcActor="D0N6"/>
            <port dstActor="D0N36" name="p2" srcActor="D0N6"/>
            <port dstActor="D0N26" name="p3" srcActor="D0N17"/>
            <port dstActor="D0N28" name="p4" srcActor="D0N17"/>
            <port dstActor="D0N40" name="p5" srcActor="D0N17"/>
            <port dstActor="D0N37" name="p6" srcActor="D0N17"/>
            <port dstActor="D0N47" name="p7" srcActor="D0N19"/>
            <port dstActor="D0N42" name="p8" srcActor="D0N19"/>
            <port dstActor="D0N30" name="p9" srcActor="D0N19"/>
            <port dstActor="D0N46" name="p10" srcActor="D0N19"/>
            <port dstActor="D0N40" name="p11" srcActor="D0N11"/>
            <port dstActor="D0N35" name="p12" srcActor="D0N11"/>
            <port dstActor="D0N32" name="p13" srcActor="D0N11"/>
            <port dstActor="D0N36" name="p14" srcActor="D0N11"/>
            <port dstActor="D0N28" name="p15" srcActor="D0N27"/>
            <port dstActor="D0N49" name="p16" srcActor="D0N26"/>
            <port dstActor="D0N38" name="p17" srcActor="D0N33"/>
            <port dstActor="D0N14" name="p18" srcActor="D0N2"/>
            <port dstActor="D0N19" name="p19" srcActor="D0N2"/>
            <port dstActor="D0N25" name="p20" srcActor="D0N2"/>
            <port dstActor="D0N28" name="p21" srcActor="D0N2"/>
            <port dstActor="D0N34" name="p22" srcActor="D0N2"/>
            <port dstActor="D0N41" name="p23" srcActor="D0N28"/>
            <port dstActor="D0N45" name="p24" srcActor="D0N28"/>
            <port dstActor="D0N44" name="p25" srcActor="D0N0"/>
            <port dstActor="D0N8" name="p26" srcActor="D0N0"/>
            <port dstActor="D0N22" name="p27" srcActor="D0N0"/>
            <port dstActor="D0N7" name="p28" srcActor="D0N0"/>
            <port dstActor="D0N28" name="p29" srcActor="D0N0"/>
            <port dstActor="D0N30" name="p30" srcActor="D0N29"/>
            <port dstActor="D0N11" name="p31" srcActor="D0N9"/>
            <port dstActor="D0N29" name="p32" srcActor="D0N9"/>
            <port dstActor="D0N44" name="p33" srcActor="D0N9"/>
            <port dstActor="D0N26" name="p34" srcActor="D0N9"/>
            <port dstActor="D0N33" name="p35" srcActor="D0N12"/>
            <port dstActor="D0N30" name="p36" srcActor="D0N25"/>
            <port dstActor="D0N44" name="p37" srcActor="D0N25"/>
            <port dstActor="D0N36" name="p38" srcActor="D0N7"/>
            <port dstActor="D0N41" name="p39" srcActor="D0N7"/>
            <port dstActor="D0N8" name="p40" srcActor="D0N7"/>
            <port dstActor="D0N32" name="p41" srcActor="D0N7"/>
            <port dstActor="D0N45" name="p42" srcActor="D0N23"/>
            <port dstActor="D0N47" name="p43" srcActor="D0N23"/>
            <port dstActor="D0N24" name="p44" srcActor="D0N23"/>
            <port dstActor="D0N35" name="p45" srcActor="D0N20"/>
            <port dstActor="D0N25" name="p46" srcActor="D0N20"/>
            <port dstActor="D0N47" name="p47" srcActor="D0N34"/>
            <port dstActor="D0N22" name="p48" srcActor="D0N4"/>
            <port dstActor="D0N16" name="p49" srcActor="D0N15"/>
            <port dstActor="D0N48" name="p50" srcActor="D0N15"/>
            <port dstActor="D0N20" name="p51" srcActor="D0N15"/>
            <port dstActor="D0N36" name="p52" srcActor="D0N15"/>
            <port dstActor="D0N31" name="p53" srcActor="D0N24"/>
            <port dstActor="D0N25" name="p54" srcActor="D0N24"/>
            <port dstActor="D0N29" name="p55" srcActor="D0N24"/>
            <port dstActor="D0N46" name="p56" srcActor="D0N24"/>
            <port dstActor="D0N48" name="p57" srcActor="D0N10"/>
            <port dstActor="D0N21" name="p58" srcActor="D0N10"/>
            <port dstActor="D0N42" name="p59" srcActor="D0N10"/>
            <port dstActor="D0N13" name="p60" srcActor="D0N10"/>
            <port dstActor="D0N16" name="p61" srcActor="D0N10"/>
            <port dstActor="D0N29" name="p62" srcActor="D0N10"/>
            <port dstActor="D0N30" name="p63" srcActor="D0N10"/>
            <port dstActor="D0N43" name="p64" srcActor="D0N40"/>
            <port dstActor="D0N44" name="p65" srcActor="D0N42"/>
            <port dstActor="D0N49" name="p66" srcActor="D0N48"/>
            <port dstActor="D0N37" name="p67" srcActor="D0N35"/>
            <port dstActor="D0N17" name="p68" srcActor="D0N14"/>
            <port dstActor="D0N45" name="p69" srcActor="D0N14"/>
            <port dstActor="D0N48" name="p70" srcActor="D0N14"/>
            <port dstActor="D0N38" name="p71" srcActor="D0N32"/>
            <port dstActor="D0N37" name="p72" srcActor="D0N32"/>
            <port dstActor="D0N15" name="p73" srcActor="D0N3"/>
            <port dstActor="D0N30" name="p74" srcActor="D0N3"/>
            <port dstActor="D0N24" name="p75" srcActor="D0N1"/>
            <port dstActor="D0N31" name="p76" srcActor="D0N1"/>
            <port dstActor="D0N10" name="p77" srcActor="D0N1"/>
            <port dstActor="D0N36" name="p78" srcActor="D0N1"/>
            <port dstActor="D0N31" name="p79" srcActor="D0N5"/>
            <port dstActor="D0N27" name="p80" srcActor="D0N5"/>
            <port dstActor="D0N20" name="p81" srcActor="D0N5"/>
            <port dstActor="D0N6" name="p82" srcActor="D0N5"/>
            <port dstActor="D0N17" name="p83" srcActor="D0N5"/>
            <port dstActor="D0N30" name="p84" srcActor="D0N18"/>
            <port dstActor="D0N38" name="p85" srcActor="D0N18"/>
            <port dstActor="D0N42" name="p86" srcActor="D0N8"/>
            <port dstActor="D0N27" name="p87" srcActor="D0N13"/>
            <port dstActor="D0N15" name="p88" srcActor="D0N13"/>
            <port dstActor="D0N42" name="p89" srcActor="D0N13"/>
            <port dstActor="D0N36" name="p90" srcActor="D0N22"/>
            <port dstActor="D0N27" name="p91" srcActor="D0N21"/>
            <port dstActor="D0N33" name="p92" srcActor="D0N21"/>
            <port dstActor="D0N22" name="p93" srcActor="D0N16"/>
            <port dstActor="D0N33" name="p94" srcActor="D0N16"/>
            <port dstActor="D0N47" name="p95" srcActor="D0N16"/>
            <port dstActor="D0N45" name="p96" srcActor="D0N31"/>
            <port dstActor="D0N37" name="p97" srcActor="D0N31"/>
            <port dstActor="D0N44" name="p98" srcActor="D0N31"/>
        </ports>
    </mcdag>
    <cores number="2"/>
    <levels number="2"/>
</mcsystem>
