<?xml version="1.0" encoding="UTF-8" standalone="no"?>
<mcsystem>
    <mcdag deadline="3000" name="genned-0-ed-10.0-0">
        <actor name="D0N36">
            <wcet number="0">250</wcet>
            <wcet number="1">250</wcet>
            <maxpow number="0.35714508386489535"/>
            <maxpow number="0.35714508386489535"/>
            <fprob>0.0</fprob>
        </actor>
        <actor name="D0N13">
            <wcet number="0">50</wcet>
            <wcet number="1">50</wcet>
            <maxpow number="0.2625613092595976"/>
            <maxpow number="0.2625613092595976"/>
            <fprob>0.0</fprob>
        </actor>
        <actor name="D0N23">
            <wcet number="0">30</wcet>
            <wcet number="1">90</wcet>
            <maxpow number="0.34481072955419967"/>
            <maxpow number="0.34481072955419967"/>
            <fprob>0.0</fprob>
        </actor>
        <actor name="D0N37">
            <wcet number="0">40</wcet>
            <wcet number="1">130</wcet>
            <maxpow number="0.4407897264514946"/>
            <maxpow number="0.4407897264514946"/>
            <fprob>0.0</fprob>
        </actor>
        <actor name="D0N18">
            <wcet number="0">20</wcet>
            <wcet number="1">60</wcet>
            <maxpow number="0.5456239063246789"/>
            <maxpow number="0.5456239063246789"/>
            <fprob>0.0</fprob>
        </actor>
        <actor name="D0N15">
            <wcet number="0">90</wcet>
            <wcet number="1">120</wcet>
            <maxpow number="0.6804978688425245"/>
            <maxpow number="0.6804978688425245"/>
            <fprob>0.0</fprob>
        </actor>
        <actor name="D0N27">
            <wcet number="0">30</wcet>
            <wcet number="1">50</wcet>
            <maxpow number="0.9072148089046903"/>
            <maxpow number="0.9072148089046903"/>
            <fprob>0.0</fprob>
        </actor>
        <actor name="D0N26">
            <wcet number="0">20</wcet>
            <wcet number="1">20</wcet>
            <maxpow number="0.5675158878337175"/>
            <maxpow number="0.5675158878337175"/>
            <fprob>0.0</fprob>
        </actor>
        <actor name="D0N46">
            <wcet number="0">150</wcet>
            <wcet number="1">270</wcet>
            <maxpow number="0.19444297465638244"/>
            <maxpow number="0.19444297465638244"/>
            <fprob>0.0</fprob>
        </actor>
        <actor name="D0N39">
            <wcet number="0">90</wcet>
            <wcet number="1">150</wcet>
            <maxpow number="0.4652183513125516"/>
            <maxpow number="0.4652183513125516"/>
            <fprob>0.0</fprob>
        </actor>
        <actor name="D0N41">
            <wcet number="0">80</wcet>
            <wcet number="1">100</wcet>
            <maxpow number="0.37246850415592414"/>
            <maxpow number="0.37246850415592414"/>
            <fprob>0.0</fprob>
        </actor>
        <actor name="D0N9">
            <wcet number="0">60</wcet>
            <wcet number="1">90</wcet>
            <maxpow number="0.533195962155782"/>
            <maxpow number="0.533195962155782"/>
            <fprob>0.0</fprob>
        </actor>
        <actor name="D0N7">
            <wcet number="0">140</wcet>
            <wcet number="1">280</wcet>
            <maxpow number="0.8756609595121159"/>
            <maxpow number="0.8756609595121159"/>
            <fprob>0.0</fprob>
        </actor>
        <actor name="D0N24">
            <wcet number="0">40</wcet>
            <wcet number="1">100</wcet>
            <maxpow number="0.80068325865791"/>
            <maxpow number="0.80068325865791"/>
            <fprob>0.0</fprob>
        </actor>
        <actor name="D0N33">
            <wcet number="0">180</wcet>
            <wcet number="1">490</wcet>
            <maxpow number="0.6265099811218234"/>
            <maxpow number="0.6265099811218234"/>
            <fprob>0.0</fprob>
        </actor>
        <actor name="D0N42">
            <wcet number="0">20</wcet>
            <wcet number="1">70</wcet>
            <maxpow number="0.5079161199905823"/>
            <maxpow number="0.5079161199905823"/>
            <fprob>0.0</fprob>
        </actor>
        <actor name="D0N32">
            <wcet number="0">90</wcet>
            <wcet number="1">210</wcet>
            <maxpow number="0.6831457053095282"/>
            <maxpow number="0.6831457053095282"/>
            <fprob>0.0</fprob>
        </actor>
        <actor name="D0N3">
            <wcet number="0">20</wcet>
            <wcet number="1">20</wcet>
            <maxpow number="0.4391194064834758"/>
            <maxpow number="0.4391194064834758"/>
            <fprob>0.0</fprob>
        </actor>
        <actor name="D0N21">
            <wcet number="0">270</wcet>
            <wcet number="1">310</wcet>
            <maxpow number="0.6486276660939125"/>
            <maxpow number="0.6486276660939125"/>
            <fprob>0.0</fprob>
        </actor>
        <actor name="D0N8">
            <wcet number="0">10</wcet>
            <wcet number="1">30</wcet>
            <maxpow number="0.38830801919343705"/>
            <maxpow number="0.38830801919343705"/>
            <fprob>0.0</fprob>
        </actor>
        <actor name="D0N6">
            <wcet number="0">30</wcet>
            <wcet number="1">60</wcet>
            <maxpow number="0.4249325396359221"/>
            <maxpow number="0.4249325396359221"/>
            <fprob>0.0</fprob>
        </actor>
        <actor name="D0N48">
            <wcet number="0">20</wcet>
            <wcet number="1">20</wcet>
            <maxpow number="0.4761612069312287"/>
            <maxpow number="0.4761612069312287"/>
            <fprob>0.0</fprob>
        </actor>
        <actor name="D0N0">
            <wcet number="0">250</wcet>
            <wcet number="1">510</wcet>
            <maxpow number="0.6192442224372293"/>
            <maxpow number="0.6192442224372293"/>
            <fprob>0.0</fprob>
        </actor>
        <actor name="D0N30">
            <wcet number="0">250</wcet>
            <wcet number="1">250</wcet>
            <maxpow number="0.3038878660474515"/>
            <maxpow number="0.3038878660474515"/>
            <fprob>0.0</fprob>
        </actor>
        <actor name="D0N11">
            <wcet number="0">140</wcet>
            <wcet number="1">160</wcet>
            <maxpow number="0.22613270255977186"/>
            <maxpow number="0.22613270255977186"/>
            <fprob>0.0</fprob>
        </actor>
        <actor name="D0N22">
            <wcet number="0">20</wcet>
            <wcet number="1">210</wcet>
            <maxpow number="0.6169426994816568"/>
            <maxpow number="0.6169426994816568"/>
            <fprob>0.0</fprob>
        </actor>
        <actor name="D0N12">
            <wcet number="0">170</wcet>
            <wcet number="1">260</wcet>
            <maxpow number="-0.07946119402212959"/>
            <maxpow number="-0.07946119402212959"/>
            <fprob>0.0</fprob>
        </actor>
        <actor name="D0N44">
            <wcet number="0">150</wcet>
            <wcet number="1">170</wcet>
            <maxpow number="0.6437550804710901"/>
            <maxpow number="0.6437550804710901"/>
            <fprob>0.0</fprob>
        </actor>
        <actor name="D0N16">
            <wcet number="0">10</wcet>
            <wcet number="1">120</wcet>
            <maxpow number="0.6026518111975486"/>
            <maxpow number="0.6026518111975486"/>
            <fprob>0.0</fprob>
        </actor>
        <actor name="D0N49">
            <wcet number="0">10</wcet>
            <wcet number="1">40</wcet>
            <maxpow number="0.4997495945884502"/>
            <maxpow number="0.4997495945884502"/>
            <fprob>0.0</fprob>
        </actor>
        <actor name="D0N2">
            <wcet number="0">30</wcet>
            <wcet number="1">40</wcet>
            <maxpow number="0.43283303538957985"/>
            <maxpow number="0.43283303538957985"/>
            <fprob>0.0</fprob>
        </actor>
        <actor name="D0N14">
            <wcet number="0">170</wcet>
            <wcet number="1">420</wcet>
            <maxpow number="0.9326795611586709"/>
            <maxpow number="0.9326795611586709"/>
            <fprob>0.0</fprob>
        </actor>
        <actor name="D0N4">
            <wcet number="0">10</wcet>
            <wcet number="1">40</wcet>
            <maxpow number="0.6378253300229823"/>
            <maxpow number="0.6378253300229823"/>
            <fprob>0.0</fprob>
        </actor>
        <actor name="D0N5">
            <wcet number="0">10</wcet>
            <wcet number="1">60</wcet>
            <maxpow number="0.8004614760007456"/>
            <maxpow number="0.8004614760007456"/>
            <fprob>0.0</fprob>
        </actor>
        <actor name="D0N31">
            <wcet number="0">10</wcet>
            <wcet number="1">10</wcet>
            <maxpow number="0.640010785574555"/>
            <maxpow number="0.640010785574555"/>
            <fprob>0.0</fprob>
        </actor>
        <actor name="D0N45">
            <wcet number="0">90</wcet>
            <wcet number="1">310</wcet>
            <maxpow number="0.6959327148028872"/>
            <maxpow number="0.6959327148028872"/>
            <fprob>0.0</fprob>
        </actor>
        <actor name="D0N40">
            <wcet number="0">40</wcet>
            <wcet number="1">80</wcet>
            <maxpow number="0.4992069452295142"/>
            <maxpow number="0.4992069452295142"/>
            <fprob>0.0</fprob>
        </actor>
        <actor name="D0N28">
            <wcet number="0">140</wcet>
            <wcet number="1">290</wcet>
            <maxpow number="0.7093728385829828"/>
            <maxpow number="0.7093728385829828"/>
            <fprob>0.0</fprob>
        </actor>
        <actor name="D0N38">
            <wcet number="0">90</wcet>
            <wcet number="1">100</wcet>
            <maxpow number="0.4701695312599784"/>
            <maxpow number="0.4701695312599784"/>
            <fprob>0.0</fprob>
        </actor>
        <actor name="D0N25">
            <wcet number="0">60</wcet>
            <wcet number="1">100</wcet>
            <maxpow number="0.8748770955659245"/>
            <maxpow number="0.8748770955659245"/>
            <fprob>0.0</fprob>
        </actor>
        <actor name="D0N20">
            <wcet number="0">30</wcet>
            <wcet number="1">60</wcet>
            <maxpow number="0.19061240108987032"/>
            <maxpow number="0.19061240108987032"/>
            <fprob>0.0</fprob>
        </actor>
        <actor name="D0N29">
            <wcet number="0">30</wcet>
            <wcet number="1">30</wcet>
            <maxpow number="0.6641563528342643"/>
            <maxpow number="0.6641563528342643"/>
            <fprob>0.0</fprob>
        </actor>
        <actor name="D0N34">
            <wcet number="0">20</wcet>
            <wcet number="1">50</wcet>
            <maxpow number="0.45888716111814426"/>
            <maxpow number="0.45888716111814426"/>
            <fprob>0.0</fprob>
        </actor>
        <actor name="D0N1">
            <wcet number="0">420</wcet>
            <wcet number="1">570</wcet>
            <maxpow number="0.8597690652179384"/>
            <maxpow number="0.8597690652179384"/>
            <fprob>0.0</fprob>
        </actor>
        <actor name="D0N47">
            <wcet number="0">10</wcet>
            <wcet number="1">40</wcet>
            <maxpow number="0.5930549227484312"/>
            <maxpow number="0.5930549227484312"/>
            <fprob>0.0</fprob>
        </actor>
        <actor name="D0N19">
            <wcet number="0">350</wcet>
            <wcet number="1">400</wcet>
            <maxpow number="0.42498412363358506"/>
            <maxpow number="0.42498412363358506"/>
            <fprob>0.0</fprob>
        </actor>
        <actor name="D0N17">
            <wcet number="0">40</wcet>
            <wcet number="1">50</wcet>
            <maxpow number="0.49405748275326533"/>
            <maxpow number="0.49405748275326533"/>
            <fprob>0.0</fprob>
        </actor>
        <actor name="D0N35">
            <wcet number="0">60</wcet>
            <wcet number="1">160</wcet>
            <maxpow number="0.6914080860109817"/>
            <maxpow number="0.6914080860109817"/>
            <fprob>0.0</fprob>
        </actor>
        <actor name="D0N10">
            <wcet number="0">40</wcet>
            <wcet number="1">310</wcet>
            <maxpow number="0.2223371654937017"/>
            <maxpow number="0.2223371654937017"/>
            <fprob>0.0</fprob>
        </actor>
        <actor name="D0N43">
            <wcet number="0">100</wcet>
            <wcet number="1">290</wcet>
            <maxpow number="0.2714320210736093"/>
            <maxpow number="0.2714320210736093"/>
            <fprob>0.0</fprob>
        </actor>
        <ports>
            <port dstActor="D0N46" name="p0" srcActor="D0N36"/>
            <port dstActor="D0N26" name="p1" srcActor="D0N13"/>
            <port dstActor="D0N39" name="p2" srcActor="D0N13"/>
            <port dstActor="D0N43" name="p3" srcActor="D0N13"/>
            <port dstActor="D0N49" name="p4" srcActor="D0N13"/>
            <port dstActor="D0N44" name="p5" srcActor="D0N37"/>
            <port dstActor="D0N43" name="p6" srcActor="D0N37"/>
            <port dstActor="D0N38" name="p7" srcActor="D0N18"/>
            <port dstActor="D0N25" name="p8" srcActor="D0N18"/>
            <port dstActor="D0N46" name="p9" srcActor="D0N18"/>
            <port dstActor="D0N45" name="p10" srcActor="D0N18"/>
            <port dstActor="D0N35" name="p11" srcActor="D0N15"/>
            <port dstActor="D0N26" name="p12" srcActor="D0N15"/>
            <port dstActor="D0N46" name="p13" srcActor="D0N27"/>
            <port dstActor="D0N41" name="p14" srcActor="D0N26"/>
            <port dstActor="D0N34" name="p15" srcActor="D0N26"/>
            <port dstActor="D0N47" name="p16" srcActor="D0N41"/>
            <port dstActor="D0N19" name="p17" srcActor="D0N9"/>
            <port dstActor="D0N30" name="p18" srcActor="D0N9"/>
            <port dstActor="D0N29" name="p19" srcActor="D0N9"/>
            <port dstActor="D0N31" name="p20" srcActor="D0N9"/>
            <port dstActor="D0N19" name="p21" srcActor="D0N7"/>
            <port dstActor="D0N22" name="p22" srcActor="D0N7"/>
            <port dstActor="D0N8" name="p23" srcActor="D0N7"/>
            <port dstActor="D0N40" name="p24" srcActor="D0N7"/>
            <port dstActor="D0N35" name="p25" srcActor="D0N24"/>
            <port dstActor="D0N48" name="p26" srcActor="D0N24"/>
            <port dstActor="D0N31" name="p27" srcActor="D0N24"/>
            <port dstActor="D0N25" name="p28" srcActor="D0N24"/>
            <port dstActor="D0N45" name="p29" srcActor="D0N33"/>
            <port dstActor="D0N41" name="p30" srcActor="D0N33"/>
            <port dstActor="D0N44" name="p31" srcActor="D0N33"/>
            <port dstActor="D0N40" name="p32" srcActor="D0N32"/>
            <port dstActor="D0N41" name="p33" srcActor="D0N3"/>
            <port dstActor="D0N6" name="p34" srcActor="D0N3"/>
            <port dstActor="D0N42" name="p35" srcActor="D0N3"/>
            <port dstActor="D0N27" name="p36" srcActor="D0N3"/>
            <port dstActor="D0N41" name="p37" srcActor="D0N21"/>
            <port dstActor="D0N25" name="p38" srcActor="D0N21"/>
            <port dstActor="D0N32" name="p39" srcActor="D0N21"/>
            <port dstActor="D0N27" name="p40" srcActor="D0N8"/>
            <port dstActor="D0N22" name="p41" srcActor="D0N8"/>
            <port dstActor="D0N45" name="p42" srcActor="D0N8"/>
            <port dstActor="D0N17" name="p43" srcActor="D0N8"/>
            <port dstActor="D0N25" name="p44" srcActor="D0N6"/>
            <port dstActor="D0N29" name="p45" srcActor="D0N6"/>
            <port dstActor="D0N28" name="p46" srcActor="D0N6"/>
            <port dstActor="D0N33" name="p47" srcActor="D0N6"/>
            <port dstActor="D0N23" name="p48" srcActor="D0N0"/>
            <port dstActor="D0N30" name="p49" srcActor="D0N0"/>
            <port dstActor="D0N14" name="p50" srcActor="D0N0"/>
            <port dstActor="D0N42" name="p51" srcActor="D0N0"/>
            <port dstActor="D0N44" name="p52" srcActor="D0N0"/>
            <port dstActor="D0N48" name="p53" srcActor="D0N0"/>
            <port dstActor="D0N1" name="p54" srcActor="D0N0"/>
            <port dstActor="D0N49" name="p55" srcActor="D0N0"/>
            <port dstActor="D0N12" name="p56" srcActor="D0N11"/>
            <port dstActor="D0N18" name="p57" srcActor="D0N11"/>
            <port dstActor="D0N36" name="p58" srcActor="D0N11"/>
            <port dstActor="D0N38" name="p59" srcActor="D0N22"/>
            <port dstActor="D0N39" name="p60" srcActor="D0N22"/>
            <port dstActor="D0N15" name="p61" srcActor="D0N12"/>
            <port dstActor="D0N16" name="p62" srcActor="D0N12"/>
            <port dstActor="D0N23" name="p63" srcActor="D0N12"/>
            <port dstActor="D0N19" name="p64" srcActor="D0N16"/>
            <port dstActor="D0N49" name="p65" srcActor="D0N16"/>
            <port dstActor="D0N43" name="p66" srcActor="D0N16"/>
            <port dstActor="D0N35" name="p67" srcActor="D0N16"/>
            <port dstActor="D0N43" name="p68" srcActor="D0N2"/>
            <port dstActor="D0N9" name="p69" srcActor="D0N2"/>
            <port dstActor="D0N36" name="p70" srcActor="D0N2"/>
            <port dstActor="D0N41" name="p71" srcActor="D0N2"/>
            <port dstActor="D0N4" name="p72" srcActor="D0N2"/>
            <port dstActor="D0N46" name="p73" srcActor="D0N14"/>
            <port dstActor="D0N16" name="p74" srcActor="D0N14"/>
            <port dstActor="D0N15" name="p75" srcActor="D0N14"/>
            <port dstActor="D0N17" name="p76" srcActor="D0N14"/>
            <port dstActor="D0N28" name="p77" srcActor="D0N14"/>
            <port dstActor="D0N25" name="p78" srcActor="D0N4"/>
            <port dstActor="D0N42" name="p79" srcActor="D0N4"/>
            <port dstActor="D0N34" name="p80" srcActor="D0N4"/>
            <port dstActor="D0N30" name="p81" srcActor="D0N4"/>
            <port dstActor="D0N45" name="p82" srcActor="D0N4"/>
            <port dstActor="D0N6" name="p83" srcActor="D0N4"/>
            <port dstActor="D0N36" name="p84" srcActor="D0N5"/>
            <port dstActor="D0N27" name="p85" srcActor="D0N5"/>
            <port dstActor="D0N16" name="p86" srcActor="D0N5"/>
            <port dstActor="D0N49" name="p87" srcActor="D0N5"/>
            <port dstActor="D0N25" name="p88" srcActor="D0N5"/>
            <port dstActor="D0N43" name="p89" srcActor="D0N5"/>
            <port dstActor="D0N9" name="p90" srcActor="D0N5"/>
            <port dstActor="D0N32" name="p91" srcActor="D0N5"/>
            <port dstActor="D0N7" name="p92" srcActor="D0N5"/>
            <port dstActor="D0N36" name="p93" srcActor="D0N31"/>
            <port dstActor="D0N47" name="p94" srcActor="D0N45"/>
            <port dstActor="D0N46" name="p95" srcActor="D0N45"/>
            <port dstActor="D0N35" name="p96" srcActor="D0N28"/>
            <port dstActor="D0N34" name="p97" srcActor="D0N28"/>
            <port dstActor="D0N43" name="p98" srcActor="D0N38"/>
            <port dstActor="D0N44" name="p99" srcActor="D0N38"/>
            <port dstActor="D0N32" name="p100" srcActor="D0N25"/>
            <port dstActor="D0N36" name="p101" srcActor="D0N25"/>
            <port dstActor="D0N26" name="p102" srcActor="D0N25"/>
            <port dstActor="D0N30" name="p103" srcActor="D0N25"/>
            <port dstActor="D0N43" name="p104" srcActor="D0N25"/>
            <port dstActor="D0N40" name="p105" srcActor="D0N29"/>
            <port dstActor="D0N48" name="p106" srcActor="D0N29"/>
            <port dstActor="D0N37" name="p107" srcActor="D0N34"/>
            <port dstActor="D0N35" name="p108" srcActor="D0N1"/>
            <port dstActor="D0N8" name="p109" srcActor="D0N1"/>
            <port dstActor="D0N36" name="p110" srcActor="D0N1"/>
            <port dstActor="D0N45" name="p111" srcActor="D0N1"/>
            <port dstActor="D0N2" name="p112" srcActor="D0N1"/>
            <port dstActor="D0N41" name="p113" srcActor="D0N19"/>
            <port dstActor="D0N32" name="p114" srcActor="D0N19"/>
            <port dstActor="D0N25" name="p115" srcActor="D0N19"/>
            <port dstActor="D0N23" name="p116" srcActor="D0N19"/>
            <port dstActor="D0N41" name="p117" srcActor="D0N17"/>
            <port dstActor="D0N34" name="p118" srcActor="D0N17"/>
            <port dstActor="D0N31" name="p119" srcActor="D0N17"/>
            <port dstActor="D0N48" name="p120" srcActor="D0N17"/>
            <port dstActor="D0N27" name="p121" srcActor="D0N17"/>
            <port dstActor="D0N45" name="p122" srcActor="D0N17"/>
            <port dstActor="D0N43" name="p123" srcActor="D0N35"/>
            <port dstActor="D0N23" name="p124" srcActor="D0N10"/>
            <port dstActor="D0N29" name="p125" srcActor="D0N10"/>
            <port dstActor="D0N16" name="p126" srcActor="D0N10"/>
            <port dstActor="D0N26" name="p127" srcActor="D0N10"/>
        </ports>
    </mcdag>
    <cores number="3"/>
    <levels number="2"/>
</mcsystem>
