<?xml version="1.0" encoding="UTF-8" standalone="no"?>
<mcsystem>
    <mcdag deadline="1000" name="genned-0-ed-10.0-0">
        <actor name="D0N4">
            <wcet number="0">100</wcet>
            <wcet number="1">130</wcet>
            <maxpow number="0.6478871837067873"/>
            <maxpow number="0.6478871837067873"/>
            <fprob>0.0</fprob>
        </actor>
        <actor name="D0N24">
            <wcet number="0">10</wcet>
            <wcet number="1">10</wcet>
            <maxpow number="0.5025911201500103"/>
            <maxpow number="0.5025911201500103"/>
            <fprob>0.0</fprob>
        </actor>
        <actor name="D0N1">
            <wcet number="0">20</wcet>
            <wcet number="1">60</wcet>
            <maxpow number="0.6079246837037396"/>
            <maxpow number="0.6079246837037396"/>
            <fprob>0.0</fprob>
        </actor>
        <actor name="D0N21">
            <wcet number="0">40</wcet>
            <wcet number="1">170</wcet>
            <maxpow number="0.6799417088273334"/>
            <maxpow number="0.6799417088273334"/>
            <fprob>0.0</fprob>
        </actor>
        <actor name="D0N12">
            <wcet number="0">110</wcet>
            <wcet number="1">130</wcet>
            <maxpow number="0.6994232675853065"/>
            <maxpow number="0.6994232675853065"/>
            <fprob>0.0</fprob>
        </actor>
        <actor name="D0N20">
            <wcet number="0">100</wcet>
            <wcet number="1">110</wcet>
            <maxpow number="0.6192951518907264"/>
            <maxpow number="0.6192951518907264"/>
            <fprob>0.0</fprob>
        </actor>
        <actor name="D0N8">
            <wcet number="0">10</wcet>
            <wcet number="1">100</wcet>
            <maxpow number="0.31343335416428075"/>
            <maxpow number="0.31343335416428075"/>
            <fprob>0.0</fprob>
        </actor>
        <actor name="D0N3">
            <wcet number="0">50</wcet>
            <wcet number="1">190</wcet>
            <maxpow number="0.45540047412928253"/>
            <maxpow number="0.45540047412928253"/>
            <fprob>0.0</fprob>
        </actor>
        <actor name="D0N14">
            <wcet number="0">20</wcet>
            <wcet number="1">70</wcet>
            <maxpow number="0.4226190320475183"/>
            <maxpow number="0.4226190320475183"/>
            <fprob>0.0</fprob>
        </actor>
        <actor name="D0N18">
            <wcet number="0">40</wcet>
            <wcet number="1">40</wcet>
            <maxpow number="0.81047341440498"/>
            <maxpow number="0.81047341440498"/>
            <fprob>0.0</fprob>
        </actor>
        <actor name="D0N36">
            <wcet number="0">50</wcet>
            <wcet number="1">80</wcet>
            <maxpow number="0.28931793935506095"/>
            <maxpow number="0.28931793935506095"/>
            <fprob>0.0</fprob>
        </actor>
        <actor name="D0N16">
            <wcet number="0">10</wcet>
            <wcet number="1">90</wcet>
            <maxpow number="0.4778319707146751"/>
            <maxpow number="0.4778319707146751"/>
            <fprob>0.0</fprob>
        </actor>
        <actor name="D0N26">
            <wcet number="0">10</wcet>
            <wcet number="1">40</wcet>
            <maxpow number="0.41496139036551416"/>
            <maxpow number="0.41496139036551416"/>
            <fprob>0.0</fprob>
        </actor>
        <actor name="D0N44">
            <wcet number="0">10</wcet>
            <wcet number="1">40</wcet>
            <maxpow number="0.5874758541709124"/>
            <maxpow number="0.5874758541709124"/>
            <fprob>0.0</fprob>
        </actor>
        <actor name="D0N11">
            <wcet number="0">30</wcet>
            <wcet number="1">30</wcet>
            <maxpow number="0.8155502710788703"/>
            <maxpow number="0.8155502710788703"/>
            <fprob>0.0</fprob>
        </actor>
        <actor name="D0N31">
            <wcet number="0">30</wcet>
            <wcet number="1">40</wcet>
            <maxpow number="0.7569146985337628"/>
            <maxpow number="0.7569146985337628"/>
            <fprob>0.0</fprob>
        </actor>
        <actor name="D0N33">
            <wcet number="0">20</wcet>
            <wcet number="1">90</wcet>
            <maxpow number="0.3904560201055737"/>
            <maxpow number="0.3904560201055737"/>
            <fprob>0.0</fprob>
        </actor>
        <actor name="D0N19">
            <wcet number="0">20</wcet>
            <wcet number="1">20</wcet>
            <maxpow number="0.2882043231009128"/>
            <maxpow number="0.2882043231009128"/>
            <fprob>0.0</fprob>
        </actor>
        <actor name="D0N2">
            <wcet number="0">50</wcet>
            <wcet number="1">90</wcet>
            <maxpow number="0.5624446939817763"/>
            <maxpow number="0.5624446939817763"/>
            <fprob>0.0</fprob>
        </actor>
        <actor name="D0N9">
            <wcet number="0">10</wcet>
            <wcet number="1">70</wcet>
            <maxpow number="0.715570594106538"/>
            <maxpow number="0.715570594106538"/>
            <fprob>0.0</fprob>
        </actor>
        <actor name="D0N0">
            <wcet number="0">10</wcet>
            <wcet number="1">40</wcet>
            <maxpow number="0.4564288236213284"/>
            <maxpow number="0.4564288236213284"/>
            <fprob>0.0</fprob>
        </actor>
        <actor name="D0N39">
            <wcet number="0">10</wcet>
            <wcet number="1">20</wcet>
            <maxpow number="0.7486142090883926"/>
            <maxpow number="0.7486142090883926"/>
            <fprob>0.0</fprob>
        </actor>
        <actor name="D0N29">
            <wcet number="0">70</wcet>
            <wcet number="1">80</wcet>
            <maxpow number="0.6237042679443978"/>
            <maxpow number="0.6237042679443978"/>
            <fprob>0.0</fprob>
        </actor>
        <actor name="D0N5">
            <wcet number="0">30</wcet>
            <wcet number="1">30</wcet>
            <maxpow number="0.42201477861229103"/>
            <maxpow number="0.42201477861229103"/>
            <fprob>0.0</fprob>
        </actor>
        <actor name="D0N41">
            <wcet number="0">30</wcet>
            <wcet number="1">60</wcet>
            <maxpow number="0.5072649887402365"/>
            <maxpow number="0.5072649887402365"/>
            <fprob>0.0</fprob>
        </actor>
        <actor name="D0N42">
            <wcet number="0">10</wcet>
            <wcet number="1">30</wcet>
            <maxpow number="0.43249826508899114"/>
            <maxpow number="0.43249826508899114"/>
            <fprob>0.0</fprob>
        </actor>
        <actor name="D0N27">
            <wcet number="0">10</wcet>
            <wcet number="1">20</wcet>
            <maxpow number="0.35831856954687447"/>
            <maxpow number="0.35831856954687447"/>
            <fprob>0.0</fprob>
        </actor>
        <actor name="D0N15">
            <wcet number="0">60</wcet>
            <wcet number="1">70</wcet>
            <maxpow number="0.8493419519662675"/>
            <maxpow number="0.8493419519662675"/>
            <fprob>0.0</fprob>
        </actor>
        <actor name="D0N37">
            <wcet number="0">10</wcet>
            <wcet number="1">20</wcet>
            <maxpow number="0.9894636815266968"/>
            <maxpow number="0.9894636815266968"/>
            <fprob>0.0</fprob>
        </actor>
        <actor name="D0N10">
            <wcet number="0">80</wcet>
            <wcet number="1">120</wcet>
            <maxpow number="0.3860784088458328"/>
            <maxpow number="0.3860784088458328"/>
            <fprob>0.0</fprob>
        </actor>
        <actor name="D0N17">
            <wcet number="0">30</wcet>
            <wcet number="1">30</wcet>
            <maxpow number="0.6120350761864213"/>
            <maxpow number="0.6120350761864213"/>
            <fprob>0.0</fprob>
        </actor>
        <actor name="D0N30">
            <wcet number="0">10</wcet>
            <wcet number="1">40</wcet>
            <maxpow number="0.5060611156390525"/>
            <maxpow number="0.5060611156390525"/>
            <fprob>0.0</fprob>
        </actor>
        <actor name="D0N34">
            <wcet number="0">10</wcet>
            <wcet number="1">20</wcet>
            <maxpow number="0.47297773387056896"/>
            <maxpow number="0.47297773387056896"/>
            <fprob>0.0</fprob>
        </actor>
        <actor name="D0N43">
            <wcet number="0">10</wcet>
            <wcet number="1">30</wcet>
            <maxpow number="0.5196270573310651"/>
            <maxpow number="0.5196270573310651"/>
            <fprob>0.0</fprob>
        </actor>
        <actor name="D0N22">
            <wcet number="0">10</wcet>
            <wcet number="1">10</wcet>
            <maxpow number="0.41740189580215475"/>
            <maxpow number="0.41740189580215475"/>
            <fprob>0.0</fprob>
        </actor>
        <actor name="D0N23">
            <wcet number="0">10</wcet>
            <wcet number="1">10</wcet>
            <maxpow number="0.6154155763404723"/>
            <maxpow number="0.6154155763404723"/>
            <fprob>0.0</fprob>
        </actor>
        <actor name="D0N7">
            <wcet number="0">10</wcet>
            <wcet number="1">10</wcet>
            <maxpow number="0.637663679299368"/>
            <maxpow number="0.637663679299368"/>
            <fprob>0.0</fprob>
        </actor>
        <actor name="D0N40">
            <wcet number="0">30</wcet>
            <wcet number="1">50</wcet>
            <maxpow number="0.5786095481475733"/>
            <maxpow number="0.5786095481475733"/>
            <fprob>0.0</fprob>
        </actor>
        <actor name="D0N35">
            <wcet number="0">10</wcet>
            <wcet number="1">10</wcet>
            <maxpow number="0.5667359231367076"/>
            <maxpow number="0.5667359231367076"/>
            <fprob>0.0</fprob>
        </actor>
        <actor name="D0N28">
            <wcet number="0">10</wcet>
            <wcet number="1">120</wcet>
            <maxpow number="0.6623926035199659"/>
            <maxpow number="0.6623926035199659"/>
            <fprob>0.0</fprob>
        </actor>
        <actor name="D0N32">
            <wcet number="0">10</wcet>
            <wcet number="1">10</wcet>
            <maxpow number="0.673685760312672"/>
            <maxpow number="0.673685760312672"/>
            <fprob>0.0</fprob>
        </actor>
        <actor name="D0N6">
            <wcet number="0">20</wcet>
            <wcet number="1">30</wcet>
            <maxpow number="0.5238365046961763"/>
            <maxpow number="0.5238365046961763"/>
            <fprob>0.0</fprob>
        </actor>
        <actor name="D0N25">
            <wcet number="0">20</wcet>
            <wcet number="1">20</wcet>
            <maxpow number="0.843339916840075"/>
            <maxpow number="0.843339916840075"/>
            <fprob>0.0</fprob>
        </actor>
        <actor name="D0N13">
            <wcet number="0">110</wcet>
            <wcet number="1">110</wcet>
            <maxpow number="0.49236889076986257"/>
            <maxpow number="0.49236889076986257"/>
            <fprob>0.0</fprob>
        </actor>
        <actor name="D0N38">
            <wcet number="0">10</wcet>
            <wcet number="1">10</wcet>
            <maxpow number="0.12338265034098378"/>
            <maxpow number="0.12338265034098378"/>
            <fprob>0.0</fprob>
        </actor>
        <ports>
            <port dstActor="D0N13" name="p0" srcActor="D0N4"/>
            <port dstActor="D0N43" name="p1" srcActor="D0N4"/>
            <port dstActor="D0N25" name="p2" srcActor="D0N4"/>
            <port dstActor="D0N31" name="p3" srcActor="D0N4"/>
            <port dstActor="D0N34" name="p4" srcActor="D0N4"/>
            <port dstActor="D0N28" name="p5" srcActor="D0N24"/>
            <port dstActor="D0N39" name="p6" srcActor="D0N24"/>
            <port dstActor="D0N34" name="p7" srcActor="D0N24"/>
            <port dstActor="D0N43" name="p8" srcActor="D0N24"/>
            <port dstActor="D0N26" name="p9" srcActor="D0N1"/>
            <port dstActor="D0N24" name="p10" srcActor="D0N21"/>
            <port dstActor="D0N42" name="p11" srcActor="D0N21"/>
            <port dstActor="D0N14" name="p12" srcActor="D0N12"/>
            <port dstActor="D0N27" name="p13" srcActor="D0N12"/>
            <port dstActor="D0N13" name="p14" srcActor="D0N12"/>
            <port dstActor="D0N42" name="p15" srcActor="D0N12"/>
            <port dstActor="D0N39" name="p16" srcActor="D0N20"/>
            <port dstActor="D0N36" name="p17" srcActor="D0N20"/>
            <port dstActor="D0N25" name="p18" srcActor="D0N20"/>
            <port dstActor="D0N37" name="p19" srcActor="D0N20"/>
            <port dstActor="D0N14" name="p20" srcActor="D0N8"/>
            <port dstActor="D0N6" name="p21" srcActor="D0N3"/>
            <port dstActor="D0N40" name="p22" srcActor="D0N3"/>
            <port dstActor="D0N20" name="p23" srcActor="D0N3"/>
            <port dstActor="D0N8" name="p24" srcActor="D0N3"/>
            <port dstActor="D0N42" name="p25" srcActor="D0N3"/>
            <port dstActor="D0N38" name="p26" srcActor="D0N3"/>
            <port dstActor="D0N30" name="p27" srcActor="D0N14"/>
            <port dstActor="D0N27" name="p28" srcActor="D0N14"/>
            <port dstActor="D0N20" name="p29" srcActor="D0N14"/>
            <port dstActor="D0N41" name="p30" srcActor="D0N14"/>
            <port dstActor="D0N18" name="p31" srcActor="D0N14"/>
            <port dstActor="D0N20" name="p32" srcActor="D0N18"/>
            <port dstActor="D0N41" name="p33" srcActor="D0N18"/>
            <port dstActor="D0N41" name="p34" srcActor="D0N36"/>
            <port dstActor="D0N32" name="p35" srcActor="D0N16"/>
            <port dstActor="D0N20" name="p36" srcActor="D0N16"/>
            <port dstActor="D0N29" name="p37" srcActor="D0N16"/>
            <port dstActor="D0N31" name="p38" srcActor="D0N26"/>
            <port dstActor="D0N39" name="p39" srcActor="D0N26"/>
            <port dstActor="D0N41" name="p40" srcActor="D0N26"/>
            <port dstActor="D0N28" name="p41" srcActor="D0N11"/>
            <port dstActor="D0N18" name="p42" srcActor="D0N11"/>
            <port dstActor="D0N35" name="p43" srcActor="D0N11"/>
            <port dstActor="D0N44" name="p44" srcActor="D0N33"/>
            <port dstActor="D0N35" name="p45" srcActor="D0N19"/>
            <port dstActor="D0N31" name="p46" srcActor="D0N19"/>
            <port dstActor="D0N28" name="p47" srcActor="D0N19"/>
            <port dstActor="D0N32" name="p48" srcActor="D0N19"/>
            <port dstActor="D0N7" name="p49" srcActor="D0N2"/>
            <port dstActor="D0N10" name="p50" srcActor="D0N2"/>
            <port dstActor="D0N18" name="p51" srcActor="D0N2"/>
            <port dstActor="D0N35" name="p52" srcActor="D0N2"/>
            <port dstActor="D0N21" name="p53" srcActor="D0N2"/>
            <port dstActor="D0N19" name="p54" srcActor="D0N2"/>
            <port dstActor="D0N30" name="p55" srcActor="D0N2"/>
            <port dstActor="D0N31" name="p56" srcActor="D0N9"/>
            <port dstActor="D0N15" name="p57" srcActor="D0N9"/>
            <port dstActor="D0N20" name="p58" srcActor="D0N9"/>
            <port dstActor="D0N18" name="p59" srcActor="D0N0"/>
            <port dstActor="D0N44" name="p60" srcActor="D0N0"/>
            <port dstActor="D0N8" name="p61" srcActor="D0N0"/>
            <port dstActor="D0N9" name="p62" srcActor="D0N0"/>
            <port dstActor="D0N36" name="p63" srcActor="D0N29"/>
            <port dstActor="D0N30" name="p64" srcActor="D0N29"/>
            <port dstActor="D0N44" name="p65" srcActor="D0N29"/>
            <port dstActor="D0N39" name="p66" srcActor="D0N5"/>
            <port dstActor="D0N39" name="p67" srcActor="D0N27"/>
            <port dstActor="D0N31" name="p68" srcActor="D0N27"/>
            <port dstActor="D0N38" name="p69" srcActor="D0N27"/>
            <port dstActor="D0N30" name="p70" srcActor="D0N15"/>
            <port dstActor="D0N34" name="p71" srcActor="D0N15"/>
            <port dstActor="D0N43" name="p72" srcActor="D0N37"/>
            <port dstActor="D0N40" name="p73" srcActor="D0N37"/>
            <port dstActor="D0N13" name="p74" srcActor="D0N10"/>
            <port dstActor="D0N28" name="p75" srcActor="D0N10"/>
            <port dstActor="D0N11" name="p76" srcActor="D0N10"/>
            <port dstActor="D0N17" name="p77" srcActor="D0N10"/>
            <port dstActor="D0N25" name="p78" srcActor="D0N17"/>
            <port dstActor="D0N40" name="p79" srcActor="D0N17"/>
            <port dstActor="D0N22" name="p80" srcActor="D0N17"/>
            <port dstActor="D0N35" name="p81" srcActor="D0N17"/>
            <port dstActor="D0N33" name="p82" srcActor="D0N17"/>
            <port dstActor="D0N41" name="p83" srcActor="D0N17"/>
            <port dstActor="D0N19" name="p84" srcActor="D0N17"/>
            <port dstActor="D0N44" name="p85" srcActor="D0N43"/>
            <port dstActor="D0N28" name="p86" srcActor="D0N22"/>
            <port dstActor="D0N42" name="p87" srcActor="D0N22"/>
            <port dstActor="D0N39" name="p88" srcActor="D0N23"/>
            <port dstActor="D0N33" name="p89" srcActor="D0N23"/>
            <port dstActor="D0N36" name="p90" srcActor="D0N23"/>
            <port dstActor="D0N17" name="p91" srcActor="D0N7"/>
            <port dstActor="D0N33" name="p92" srcActor="D0N7"/>
            <port dstActor="D0N24" name="p93" srcActor="D0N7"/>
            <port dstActor="D0N31" name="p94" srcActor="D0N7"/>
            <port dstActor="D0N22" name="p95" srcActor="D0N7"/>
            <port dstActor="D0N37" name="p96" srcActor="D0N28"/>
            <port dstActor="D0N38" name="p97" srcActor="D0N28"/>
            <port dstActor="D0N43" name="p98" srcActor="D0N28"/>
            <port dstActor="D0N38" name="p99" srcActor="D0N32"/>
            <port dstActor="D0N10" name="p100" srcActor="D0N6"/>
            <port dstActor="D0N32" name="p101" srcActor="D0N6"/>
            <port dstActor="D0N36" name="p102" srcActor="D0N6"/>
            <port dstActor="D0N8" name="p103" srcActor="D0N6"/>
            <port dstActor="D0N27" name="p104" srcActor="D0N6"/>
            <port dstActor="D0N20" name="p105" srcActor="D0N6"/>
            <port dstActor="D0N41" name="p106" srcActor="D0N13"/>
            <port dstActor="D0N16" name="p107" srcActor="D0N13"/>
        </ports>
    </mcdag>
    <cores number="3"/>
    <levels number="2"/>
</mcsystem>
