<?xml version="1.0" encoding="UTF-8" standalone="no"?>
<mcsystem>
    <mcdag deadline="2200" name="genned-0-ed-10.0-0">
        <actor name="D0N4">
            <wcet number="0">110</wcet>
            <wcet number="1">260</wcet>
            <maxpow number="0.30651812291271774"/>
            <maxpow number="0.30651812291271774"/>
            <fprob>0.0</fprob>
        </actor>
        <actor name="D0N24">
            <wcet number="0">10</wcet>
            <wcet number="1">130</wcet>
            <maxpow number="0.5445480418161331"/>
            <maxpow number="0.5445480418161331"/>
            <fprob>0.0</fprob>
        </actor>
        <actor name="D0N16">
            <wcet number="0">30</wcet>
            <wcet number="1">160</wcet>
            <maxpow number="0.685946603334608"/>
            <maxpow number="0.685946603334608"/>
            <fprob>0.0</fprob>
        </actor>
        <actor name="D0N2">
            <wcet number="0">10</wcet>
            <wcet number="1">50</wcet>
            <maxpow number="0.4223330476954682"/>
            <maxpow number="0.4223330476954682"/>
            <fprob>0.0</fprob>
        </actor>
        <actor name="D0N23">
            <wcet number="0">30</wcet>
            <wcet number="1">40</wcet>
            <maxpow number="0.7075488002300568"/>
            <maxpow number="0.7075488002300568"/>
            <fprob>0.0</fprob>
        </actor>
        <actor name="D0N46">
            <wcet number="0">150</wcet>
            <wcet number="1">190</wcet>
            <maxpow number="0.8475858901180339"/>
            <maxpow number="0.8475858901180339"/>
            <fprob>0.0</fprob>
        </actor>
        <actor name="D0N10">
            <wcet number="0">10</wcet>
            <wcet number="1">20</wcet>
            <maxpow number="0.5874987924299215"/>
            <maxpow number="0.5874987924299215"/>
            <fprob>0.0</fprob>
        </actor>
        <actor name="D0N35">
            <wcet number="0">250</wcet>
            <wcet number="1">270</wcet>
            <maxpow number="0.6815524609036945"/>
            <maxpow number="0.6815524609036945"/>
            <fprob>0.0</fprob>
        </actor>
        <actor name="D0N21">
            <wcet number="0">30</wcet>
            <wcet number="1">100</wcet>
            <maxpow number="0.420160553090498"/>
            <maxpow number="0.420160553090498"/>
            <fprob>0.0</fprob>
        </actor>
        <actor name="D0N37">
            <wcet number="0">40</wcet>
            <wcet number="1">50</wcet>
            <maxpow number="-0.01719023693263788"/>
            <maxpow number="-0.01719023693263788"/>
            <fprob>0.0</fprob>
        </actor>
        <actor name="D0N40">
            <wcet number="0">10</wcet>
            <wcet number="1">10</wcet>
            <maxpow number="0.3154424625734771"/>
            <maxpow number="0.3154424625734771"/>
            <fprob>0.0</fprob>
        </actor>
        <actor name="D0N13">
            <wcet number="0">210</wcet>
            <wcet number="1">260</wcet>
            <maxpow number="0.6406093582886615"/>
            <maxpow number="0.6406093582886615"/>
            <fprob>0.0</fprob>
        </actor>
        <actor name="D0N12">
            <wcet number="0">20</wcet>
            <wcet number="1">70</wcet>
            <maxpow number="0.27167033453063777"/>
            <maxpow number="0.27167033453063777"/>
            <fprob>0.0</fprob>
        </actor>
        <actor name="D0N41">
            <wcet number="0">10</wcet>
            <wcet number="1">120</wcet>
            <maxpow number="0.7838304382410096"/>
            <maxpow number="0.7838304382410096"/>
            <fprob>0.0</fprob>
        </actor>
        <actor name="D0N19">
            <wcet number="0">10</wcet>
            <wcet number="1">10</wcet>
            <maxpow number="0.5693795990855679"/>
            <maxpow number="0.5693795990855679"/>
            <fprob>0.0</fprob>
        </actor>
        <actor name="D0N17">
            <wcet number="0">20</wcet>
            <wcet number="1">30</wcet>
            <maxpow number="0.7459061890186212"/>
            <maxpow number="0.7459061890186212"/>
            <fprob>0.0</fprob>
        </actor>
        <actor name="D0N38">
            <wcet number="0">30</wcet>
            <wcet number="1">50</wcet>
            <maxpow number="0.3087411627599965"/>
            <maxpow number="0.3087411627599965"/>
            <fprob>0.0</fprob>
        </actor>
        <actor name="D0N32">
            <wcet number="0">10</wcet>
            <wcet number="1">20</wcet>
            <maxpow number="0.4035816934742531"/>
            <maxpow number="0.4035816934742531"/>
            <fprob>0.0</fprob>
        </actor>
        <actor name="D0N9">
            <wcet number="0">100</wcet>
            <wcet number="1">160</wcet>
            <maxpow number="0.4733460018725073"/>
            <maxpow number="0.4733460018725073"/>
            <fprob>0.0</fprob>
        </actor>
        <actor name="D0N5">
            <wcet number="0">20</wcet>
            <wcet number="1">30</wcet>
            <maxpow number="0.08325363011314146"/>
            <maxpow number="0.08325363011314146"/>
            <fprob>0.0</fprob>
        </actor>
        <actor name="D0N11">
            <wcet number="0">20</wcet>
            <wcet number="1">30</wcet>
            <maxpow number="0.46095297749855435"/>
            <maxpow number="0.46095297749855435"/>
            <fprob>0.0</fprob>
        </actor>
        <actor name="D0N29">
            <wcet number="0">10</wcet>
            <wcet number="1">110</wcet>
            <maxpow number="0.6012639097212469"/>
            <maxpow number="0.6012639097212469"/>
            <fprob>0.0</fprob>
        </actor>
        <actor name="D0N7">
            <wcet number="0">20</wcet>
            <wcet number="1">30</wcet>
            <maxpow number="0.6065653604287828"/>
            <maxpow number="0.6065653604287828"/>
            <fprob>0.0</fprob>
        </actor>
        <actor name="D0N8">
            <wcet number="0">120</wcet>
            <wcet number="1">140</wcet>
            <maxpow number="0.5533133531238239"/>
            <maxpow number="0.5533133531238239"/>
            <fprob>0.0</fprob>
        </actor>
        <actor name="D0N43">
            <wcet number="0">50</wcet>
            <wcet number="1">270</wcet>
            <maxpow number="0.74802078066925"/>
            <maxpow number="0.74802078066925"/>
            <fprob>0.0</fprob>
        </actor>
        <actor name="D0N33">
            <wcet number="0">160</wcet>
            <wcet number="1">230</wcet>
            <maxpow number="0.82382887443566"/>
            <maxpow number="0.82382887443566"/>
            <fprob>0.0</fprob>
        </actor>
        <actor name="D0N48">
            <wcet number="0">20</wcet>
            <wcet number="1">60</wcet>
            <maxpow number="0.5659247805619585"/>
            <maxpow number="0.5659247805619585"/>
            <fprob>0.0</fprob>
        </actor>
        <actor name="D0N18">
            <wcet number="0">50</wcet>
            <wcet number="1">50</wcet>
            <maxpow number="0.5445648361247012"/>
            <maxpow number="0.5445648361247012"/>
            <fprob>0.0</fprob>
        </actor>
        <actor name="D0N34">
            <wcet number="0">30</wcet>
            <wcet number="1">230</wcet>
            <maxpow number="0.5750072006675107"/>
            <maxpow number="0.5750072006675107"/>
            <fprob>0.0</fprob>
        </actor>
        <actor name="D0N0">
            <wcet number="0">100</wcet>
            <wcet number="1">160</wcet>
            <maxpow number="0.8014002864152913"/>
            <maxpow number="0.8014002864152913"/>
            <fprob>0.0</fprob>
        </actor>
        <actor name="D0N20">
            <wcet number="0">30</wcet>
            <wcet number="1">30</wcet>
            <maxpow number="0.43256300519471347"/>
            <maxpow number="0.43256300519471347"/>
            <fprob>0.0</fprob>
        </actor>
        <actor name="D0N26">
            <wcet number="0">10</wcet>
            <wcet number="1">10</wcet>
            <maxpow number="0.7570596222762432"/>
            <maxpow number="0.7570596222762432"/>
            <fprob>0.0</fprob>
        </actor>
        <actor name="D0N45">
            <wcet number="0">10</wcet>
            <wcet number="1">90</wcet>
            <maxpow number="0.46500235340580215"/>
            <maxpow number="0.46500235340580215"/>
            <fprob>0.0</fprob>
        </actor>
        <actor name="D0N6">
            <wcet number="0">10</wcet>
            <wcet number="1">10</wcet>
            <maxpow number="0.5387340129862535"/>
            <maxpow number="0.5387340129862535"/>
            <fprob>0.0</fprob>
        </actor>
        <actor name="D0N31">
            <wcet number="0">10</wcet>
            <wcet number="1">40</wcet>
            <maxpow number="0.4908148550527622"/>
            <maxpow number="0.4908148550527622"/>
            <fprob>0.0</fprob>
        </actor>
        <actor name="D0N1">
            <wcet number="0">10</wcet>
            <wcet number="1">20</wcet>
            <maxpow number="0.6029587212877445"/>
            <maxpow number="0.6029587212877445"/>
            <fprob>0.0</fprob>
        </actor>
        <actor name="D0N44">
            <wcet number="0">40</wcet>
            <wcet number="1">60</wcet>
            <maxpow number="0.7113750413020533"/>
            <maxpow number="0.7113750413020533"/>
            <fprob>0.0</fprob>
        </actor>
        <actor name="D0N3">
            <wcet number="0">10</wcet>
            <wcet number="1">10</wcet>
            <maxpow number="0.4455656517434493"/>
            <maxpow number="0.4455656517434493"/>
            <fprob>0.0</fprob>
        </actor>
        <actor name="D0N47">
            <wcet number="0">10</wcet>
            <wcet number="1">30</wcet>
            <maxpow number="0.5443435291372043"/>
            <maxpow number="0.5443435291372043"/>
            <fprob>0.0</fprob>
        </actor>
        <actor name="D0N27">
            <wcet number="0">50</wcet>
            <wcet number="1">140</wcet>
            <maxpow number="0.36199632659830416"/>
            <maxpow number="0.36199632659830416"/>
            <fprob>0.0</fprob>
        </actor>
        <actor name="D0N14">
            <wcet number="0">110</wcet>
            <wcet number="1">140</wcet>
            <maxpow number="0.45666576580866153"/>
            <maxpow number="0.45666576580866153"/>
            <fprob>0.0</fprob>
        </actor>
        <actor name="D0N36">
            <wcet number="0">10</wcet>
            <wcet number="1">10</wcet>
            <maxpow number="0.6567557729437372"/>
            <maxpow number="0.6567557729437372"/>
            <fprob>0.0</fprob>
        </actor>
        <actor name="D0N28">
            <wcet number="0">10</wcet>
            <wcet number="1">10</wcet>
            <maxpow number="0.4447919957202025"/>
            <maxpow number="0.4447919957202025"/>
            <fprob>0.0</fprob>
        </actor>
        <actor name="D0N15">
            <wcet number="0">10</wcet>
            <wcet number="1">10</wcet>
            <maxpow number="0.49477132981684085"/>
            <maxpow number="0.49477132981684085"/>
            <fprob>0.0</fprob>
        </actor>
        <actor name="D0N22">
            <wcet number="0">30</wcet>
            <wcet number="1">30</wcet>
            <maxpow number="0.395829622912363"/>
            <maxpow number="0.395829622912363"/>
            <fprob>0.0</fprob>
        </actor>
        <actor name="D0N30">
            <wcet number="0">10</wcet>
            <wcet number="1">10</wcet>
            <maxpow number="0.7076662807860794"/>
            <maxpow number="0.7076662807860794"/>
            <fprob>0.0</fprob>
        </actor>
        <actor name="D0N25">
            <wcet number="0">20</wcet>
            <wcet number="1">30</wcet>
            <maxpow number="0.6361198591708881"/>
            <maxpow number="0.6361198591708881"/>
            <fprob>0.0</fprob>
        </actor>
        <actor name="D0N39">
            <wcet number="0">100</wcet>
            <wcet number="1">110</wcet>
            <maxpow number="0.7113876266210549"/>
            <maxpow number="0.7113876266210549"/>
            <fprob>0.0</fprob>
        </actor>
        <actor name="D0N42">
            <wcet number="0">80</wcet>
            <wcet number="1">270</wcet>
            <maxpow number="0.5274424838227129"/>
            <maxpow number="0.5274424838227129"/>
            <fprob>0.0</fprob>
        </actor>
        <ports>
            <port dstActor="D0N47" name="p0" srcActor="D0N4"/>
            <port dstActor="D0N24" name="p1" srcActor="D0N4"/>
            <port dstActor="D0N22" name="p2" srcActor="D0N4"/>
            <port dstActor="D0N10" name="p3" srcActor="D0N4"/>
            <port dstActor="D0N14" name="p4" srcActor="D0N4"/>
            <port dstActor="D0N30" name="p5" srcActor="D0N4"/>
            <port dstActor="D0N28" name="p6" srcActor="D0N4"/>
            <port dstActor="D0N27" name="p7" srcActor="D0N16"/>
            <port dstActor="D0N28" name="p8" srcActor="D0N16"/>
            <port dstActor="D0N26" name="p9" srcActor="D0N16"/>
            <port dstActor="D0N27" name="p10" srcActor="D0N2"/>
            <port dstActor="D0N8" name="p11" srcActor="D0N2"/>
            <port dstActor="D0N46" name="p12" srcActor="D0N2"/>
            <port dstActor="D0N19" name="p13" srcActor="D0N2"/>
            <port dstActor="D0N27" name="p14" srcActor="D0N23"/>
            <port dstActor="D0N41" name="p15" srcActor="D0N23"/>
            <port dstActor="D0N17" name="p16" srcActor="D0N10"/>
            <port dstActor="D0N42" name="p17" srcActor="D0N10"/>
            <port dstActor="D0N45" name="p18" srcActor="D0N35"/>
            <port dstActor="D0N32" name="p19" srcActor="D0N21"/>
            <port dstActor="D0N34" name="p20" srcActor="D0N21"/>
            <port dstActor="D0N39" name="p21" srcActor="D0N37"/>
            <port dstActor="D0N41" name="p22" srcActor="D0N40"/>
            <port dstActor="D0N30" name="p23" srcActor="D0N13"/>
            <port dstActor="D0N38" name="p24" srcActor="D0N13"/>
            <port dstActor="D0N23" name="p25" srcActor="D0N13"/>
            <port dstActor="D0N34" name="p26" srcActor="D0N13"/>
            <port dstActor="D0N17" name="p27" srcActor="D0N13"/>
            <port dstActor="D0N28" name="p28" srcActor="D0N12"/>
            <port dstActor="D0N21" name="p29" srcActor="D0N12"/>
            <port dstActor="D0N31" name="p30" srcActor="D0N12"/>
            <port dstActor="D0N48" name="p31" srcActor="D0N17"/>
            <port dstActor="D0N45" name="p32" srcActor="D0N17"/>
            <port dstActor="D0N24" name="p33" srcActor="D0N17"/>
            <port dstActor="D0N39" name="p34" srcActor="D0N32"/>
            <port dstActor="D0N44" name="p35" srcActor="D0N32"/>
            <port dstActor="D0N28" name="p36" srcActor="D0N9"/>
            <port dstActor="D0N14" name="p37" srcActor="D0N9"/>
            <port dstActor="D0N23" name="p38" srcActor="D0N9"/>
            <port dstActor="D0N24" name="p39" srcActor="D0N9"/>
            <port dstActor="D0N25" name="p40" srcActor="D0N9"/>
            <port dstActor="D0N32" name="p41" srcActor="D0N9"/>
            <port dstActor="D0N8" name="p42" srcActor="D0N5"/>
            <port dstActor="D0N16" name="p43" srcActor="D0N5"/>
            <port dstActor="D0N38" name="p44" srcActor="D0N5"/>
            <port dstActor="D0N39" name="p45" srcActor="D0N5"/>
            <port dstActor="D0N26" name="p46" srcActor="D0N5"/>
            <port dstActor="D0N30" name="p47" srcActor="D0N5"/>
            <port dstActor="D0N25" name="p48" srcActor="D0N5"/>
            <port dstActor="D0N41" name="p49" srcActor="D0N11"/>
            <port dstActor="D0N40" name="p50" srcActor="D0N11"/>
            <port dstActor="D0N41" name="p51" srcActor="D0N29"/>
            <port dstActor="D0N35" name="p52" srcActor="D0N29"/>
            <port dstActor="D0N37" name="p53" srcActor="D0N29"/>
            <port dstActor="D0N22" name="p54" srcActor="D0N7"/>
            <port dstActor="D0N28" name="p55" srcActor="D0N7"/>
            <port dstActor="D0N30" name="p56" srcActor="D0N7"/>
            <port dstActor="D0N38" name="p57" srcActor="D0N7"/>
            <port dstActor="D0N12" name="p58" srcActor="D0N7"/>
            <port dstActor="D0N13" name="p59" srcActor="D0N8"/>
            <port dstActor="D0N37" name="p60" srcActor="D0N8"/>
            <port dstActor="D0N35" name="p61" srcActor="D0N8"/>
            <port dstActor="D0N21" name="p62" srcActor="D0N8"/>
            <port dstActor="D0N38" name="p63" srcActor="D0N8"/>
            <port dstActor="D0N42" name="p64" srcActor="D0N33"/>
            <port dstActor="D0N43" name="p65" srcActor="D0N33"/>
            <port dstActor="D0N39" name="p66" srcActor="D0N34"/>
            <port dstActor="D0N41" name="p67" srcActor="D0N0"/>
            <port dstActor="D0N8" name="p68" srcActor="D0N0"/>
            <port dstActor="D0N30" name="p69" srcActor="D0N0"/>
            <port dstActor="D0N29" name="p70" srcActor="D0N20"/>
            <port dstActor="D0N37" name="p71" srcActor="D0N20"/>
            <port dstActor="D0N31" name="p72" srcActor="D0N20"/>
            <port dstActor="D0N25" name="p73" srcActor="D0N20"/>
            <port dstActor="D0N47" name="p74" srcActor="D0N45"/>
            <port dstActor="D0N9" name="p75" srcActor="D0N6"/>
            <port dstActor="D0N21" name="p76" srcActor="D0N6"/>
            <port dstActor="D0N28" name="p77" srcActor="D0N6"/>
            <port dstActor="D0N14" name="p78" srcActor="D0N6"/>
            <port dstActor="D0N22" name="p79" srcActor="D0N6"/>
            <port dstActor="D0N29" name="p80" srcActor="D0N6"/>
            <port dstActor="D0N24" name="p81" srcActor="D0N6"/>
            <port dstActor="D0N48" name="p82" srcActor="D0N6"/>
            <port dstActor="D0N7" name="p83" srcActor="D0N6"/>
            <port dstActor="D0N39" name="p84" srcActor="D0N31"/>
            <port dstActor="D0N34" name="p85" srcActor="D0N31"/>
            <port dstActor="D0N36" name="p86" srcActor="D0N31"/>
            <port dstActor="D0N40" name="p87" srcActor="D0N31"/>
            <port dstActor="D0N20" name="p88" srcActor="D0N1"/>
            <port dstActor="D0N9" name="p89" srcActor="D0N1"/>
            <port dstActor="D0N29" name="p90" srcActor="D0N1"/>
            <port dstActor="D0N15" name="p91" srcActor="D0N1"/>
            <port dstActor="D0N40" name="p92" srcActor="D0N1"/>
            <port dstActor="D0N21" name="p93" srcActor="D0N1"/>
            <port dstActor="D0N23" name="p94" srcActor="D0N1"/>
            <port dstActor="D0N45" name="p95" srcActor="D0N3"/>
            <port dstActor="D0N32" name="p96" srcActor="D0N3"/>
            <port dstActor="D0N48" name="p97" srcActor="D0N47"/>
            <port dstActor="D0N32" name="p98" srcActor="D0N14"/>
            <port dstActor="D0N19" name="p99" srcActor="D0N14"/>
            <port dstActor="D0N37" name="p100" srcActor="D0N36"/>
            <port dstActor="D0N45" name="p101" srcActor="D0N36"/>
            <port dstActor="D0N44" name="p102" srcActor="D0N36"/>
            <port dstActor="D0N31" name="p103" srcActor="D0N28"/>
            <port dstActor="D0N22" name="p104" srcActor="D0N15"/>
            <port dstActor="D0N35" name="p105" srcActor="D0N15"/>
            <port dstActor="D0N34" name="p106" srcActor="D0N15"/>
            <port dstActor="D0N27" name="p107" srcActor="D0N22"/>
            <port dstActor="D0N34" name="p108" srcActor="D0N25"/>
            <port dstActor="D0N45" name="p109" srcActor="D0N39"/>
        </ports>
    </mcdag>
    <cores number="2"/>
    <levels number="2"/>
</mcsystem>
