<?xml version="1.0" encoding="UTF-8" standalone="no"?>
<mcsystem>
    <mcdag deadline="2000" name="genned-0-ed-10.0-0">
        <actor name="D0N45">
            <wcet number="0">30</wcet>
            <wcet number="1">60</wcet>
            <maxpow number="0.6285139951120609"/>
            <maxpow number="0.6285139951120609"/>
            <fprob>0.0</fprob>
        </actor>
        <actor name="D0N37">
            <wcet number="0">60</wcet>
            <wcet number="1">80</wcet>
            <maxpow number="0.65578456999811"/>
            <maxpow number="0.65578456999811"/>
            <fprob>0.0</fprob>
        </actor>
        <actor name="D0N19">
            <wcet number="0">20</wcet>
            <wcet number="1">40</wcet>
            <maxpow number="0.40478442286520566"/>
            <maxpow number="0.40478442286520566"/>
            <fprob>0.0</fprob>
        </actor>
        <actor name="D0N16">
            <wcet number="0">10</wcet>
            <wcet number="1">20</wcet>
            <maxpow number="0.6459185515428877"/>
            <maxpow number="0.6459185515428877"/>
            <fprob>0.0</fprob>
        </actor>
        <actor name="D0N33">
            <wcet number="0">40</wcet>
            <wcet number="1">90</wcet>
            <maxpow number="0.51715129935159"/>
            <maxpow number="0.51715129935159"/>
            <fprob>0.0</fprob>
        </actor>
        <actor name="D0N8">
            <wcet number="0">60</wcet>
            <wcet number="1">70</wcet>
            <maxpow number="0.5777316611777283"/>
            <maxpow number="0.5777316611777283"/>
            <fprob>0.0</fprob>
        </actor>
        <actor name="D0N13">
            <wcet number="0">180</wcet>
            <wcet number="1">200</wcet>
            <maxpow number="0.6688931763536867"/>
            <maxpow number="0.6688931763536867"/>
            <fprob>0.0</fprob>
        </actor>
        <actor name="D0N0">
            <wcet number="0">70</wcet>
            <wcet number="1">130</wcet>
            <maxpow number="0.25331760584358387"/>
            <maxpow number="0.25331760584358387"/>
            <fprob>0.0</fprob>
        </actor>
        <actor name="D0N21">
            <wcet number="0">10</wcet>
            <wcet number="1">60</wcet>
            <maxpow number="0.5767754536744163"/>
            <maxpow number="0.5767754536744163"/>
            <fprob>0.0</fprob>
        </actor>
        <actor name="D0N34">
            <wcet number="0">20</wcet>
            <wcet number="1">200</wcet>
            <maxpow number="0.5915645541632683"/>
            <maxpow number="0.5915645541632683"/>
            <fprob>0.0</fprob>
        </actor>
        <actor name="D0N29">
            <wcet number="0">30</wcet>
            <wcet number="1">80</wcet>
            <maxpow number="0.4984516524059875"/>
            <maxpow number="0.4984516524059875"/>
            <fprob>0.0</fprob>
        </actor>
        <actor name="D0N44">
            <wcet number="0">20</wcet>
            <wcet number="1">30</wcet>
            <maxpow number="0.5459968947115812"/>
            <maxpow number="0.5459968947115812"/>
            <fprob>0.0</fprob>
        </actor>
        <actor name="D0N18">
            <wcet number="0">220</wcet>
            <wcet number="1">270</wcet>
            <maxpow number="0.5509307195368095"/>
            <maxpow number="0.5509307195368095"/>
            <fprob>0.0</fprob>
        </actor>
        <actor name="D0N38">
            <wcet number="0">110</wcet>
            <wcet number="1">150</wcet>
            <maxpow number="0.35013320914578727"/>
            <maxpow number="0.35013320914578727"/>
            <fprob>0.0</fprob>
        </actor>
        <actor name="D0N9">
            <wcet number="0">20</wcet>
            <wcet number="1">30</wcet>
            <maxpow number="0.4366486139101995"/>
            <maxpow number="0.4366486139101995"/>
            <fprob>0.0</fprob>
        </actor>
        <actor name="D0N24">
            <wcet number="0">20</wcet>
            <wcet number="1">40</wcet>
            <maxpow number="0.5856637716448365"/>
            <maxpow number="0.5856637716448365"/>
            <fprob>0.0</fprob>
        </actor>
        <actor name="D0N11">
            <wcet number="0">30</wcet>
            <wcet number="1">40</wcet>
            <maxpow number="0.5260804260447723"/>
            <maxpow number="0.5260804260447723"/>
            <fprob>0.0</fprob>
        </actor>
        <actor name="D0N32">
            <wcet number="0">40</wcet>
            <wcet number="1">60</wcet>
            <maxpow number="0.503767544198022"/>
            <maxpow number="0.503767544198022"/>
            <fprob>0.0</fprob>
        </actor>
        <actor name="D0N30">
            <wcet number="0">160</wcet>
            <wcet number="1">170</wcet>
            <maxpow number="0.3980233732500176"/>
            <maxpow number="0.3980233732500176"/>
            <fprob>0.0</fprob>
        </actor>
        <actor name="D0N39">
            <wcet number="0">10</wcet>
            <wcet number="1">10</wcet>
            <maxpow number="0.6379410423761502"/>
            <maxpow number="0.6379410423761502"/>
            <fprob>0.0</fprob>
        </actor>
        <actor name="D0N25">
            <wcet number="0">10</wcet>
            <wcet number="1">20</wcet>
            <maxpow number="0.5669491844345557"/>
            <maxpow number="0.5669491844345557"/>
            <fprob>0.0</fprob>
        </actor>
        <actor name="D0N10">
            <wcet number="0">20</wcet>
            <wcet number="1">20</wcet>
            <maxpow number="0.6066888699099243"/>
            <maxpow number="0.6066888699099243"/>
            <fprob>0.0</fprob>
        </actor>
        <actor name="D0N46">
            <wcet number="0">110</wcet>
            <wcet number="1">140</wcet>
            <maxpow number="0.5502843485647765"/>
            <maxpow number="0.5502843485647765"/>
            <fprob>0.0</fprob>
        </actor>
        <actor name="D0N22">
            <wcet number="0">160</wcet>
            <wcet number="1">300</wcet>
            <maxpow number="0.45769908530054704"/>
            <maxpow number="0.45769908530054704"/>
            <fprob>0.0</fprob>
        </actor>
        <actor name="D0N3">
            <wcet number="0">30</wcet>
            <wcet number="1">30</wcet>
            <maxpow number="0.6064613172587525"/>
            <maxpow number="0.6064613172587525"/>
            <fprob>0.0</fprob>
        </actor>
        <actor name="D0N40">
            <wcet number="0">100</wcet>
            <wcet number="1">110</wcet>
            <maxpow number="0.6661074534447213"/>
            <maxpow number="0.6661074534447213"/>
            <fprob>0.0</fprob>
        </actor>
        <actor name="D0N42">
            <wcet number="0">170</wcet>
            <wcet number="1">250</wcet>
            <maxpow number="0.5583425144264079"/>
            <maxpow number="0.5583425144264079"/>
            <fprob>0.0</fprob>
        </actor>
        <actor name="D0N7">
            <wcet number="0">30</wcet>
            <wcet number="1">40</wcet>
            <maxpow number="0.5140291040701458"/>
            <maxpow number="0.5140291040701458"/>
            <fprob>0.0</fprob>
        </actor>
        <actor name="D0N5">
            <wcet number="0">50</wcet>
            <wcet number="1">140</wcet>
            <maxpow number="0.3354178338707704"/>
            <maxpow number="0.3354178338707704"/>
            <fprob>0.0</fprob>
        </actor>
        <actor name="D0N17">
            <wcet number="0">60</wcet>
            <wcet number="1">350</wcet>
            <maxpow number="0.7539973122115597"/>
            <maxpow number="0.7539973122115597"/>
            <fprob>0.0</fprob>
        </actor>
        <actor name="D0N2">
            <wcet number="0">20</wcet>
            <wcet number="1">30</wcet>
            <maxpow number="0.6820199187860219"/>
            <maxpow number="0.6820199187860219"/>
            <fprob>0.0</fprob>
        </actor>
        <actor name="D0N31">
            <wcet number="0">60</wcet>
            <wcet number="1">110</wcet>
            <maxpow number="0.7588262604046248"/>
            <maxpow number="0.7588262604046248"/>
            <fprob>0.0</fprob>
        </actor>
        <actor name="D0N1">
            <wcet number="0">10</wcet>
            <wcet number="1">30</wcet>
            <maxpow number="0.7158562748716373"/>
            <maxpow number="0.7158562748716373"/>
            <fprob>0.0</fprob>
        </actor>
        <actor name="D0N26">
            <wcet number="0">100</wcet>
            <wcet number="1">130</wcet>
            <maxpow number="0.33805156026342853"/>
            <maxpow number="0.33805156026342853"/>
            <fprob>0.0</fprob>
        </actor>
        <actor name="D0N23">
            <wcet number="0">10</wcet>
            <wcet number="1">170</wcet>
            <maxpow number="0.399534372504284"/>
            <maxpow number="0.399534372504284"/>
            <fprob>0.0</fprob>
        </actor>
        <actor name="D0N27">
            <wcet number="0">40</wcet>
            <wcet number="1">40</wcet>
            <maxpow number="0.709645361998263"/>
            <maxpow number="0.709645361998263"/>
            <fprob>0.0</fprob>
        </actor>
        <actor name="D0N4">
            <wcet number="0">30</wcet>
            <wcet number="1">60</wcet>
            <maxpow number="0.21309419020530684"/>
            <maxpow number="0.21309419020530684"/>
            <fprob>0.0</fprob>
        </actor>
        <actor name="D0N6">
            <wcet number="0">50</wcet>
            <wcet number="1">70</wcet>
            <maxpow number="0.6776941236197717"/>
            <maxpow number="0.6776941236197717"/>
            <fprob>0.0</fprob>
        </actor>
        <actor name="D0N12">
            <wcet number="0">30</wcet>
            <wcet number="1">30</wcet>
            <maxpow number="0.5871866264609963"/>
            <maxpow number="0.5871866264609963"/>
            <fprob>0.0</fprob>
        </actor>
        <actor name="D0N41">
            <wcet number="0">190</wcet>
            <wcet number="1">320</wcet>
            <maxpow number="0.41126871448161817"/>
            <maxpow number="0.41126871448161817"/>
            <fprob>0.0</fprob>
        </actor>
        <actor name="D0N47">
            <wcet number="0">20</wcet>
            <wcet number="1">60</wcet>
            <maxpow number="0.8343985495018486"/>
            <maxpow number="0.8343985495018486"/>
            <fprob>0.0</fprob>
        </actor>
        <actor name="D0N43">
            <wcet number="0">260</wcet>
            <wcet number="1">560</wcet>
            <maxpow number="0.9314560433083716"/>
            <maxpow number="0.9314560433083716"/>
            <fprob>0.0</fprob>
        </actor>
        <actor name="D0N20">
            <wcet number="0">20</wcet>
            <wcet number="1">90</wcet>
            <maxpow number="0.4497261774531395"/>
            <maxpow number="0.4497261774531395"/>
            <fprob>0.0</fprob>
        </actor>
        <actor name="D0N14">
            <wcet number="0">50</wcet>
            <wcet number="1">50</wcet>
            <maxpow number="0.7296018843536358"/>
            <maxpow number="0.7296018843536358"/>
            <fprob>0.0</fprob>
        </actor>
        <actor name="D0N15">
            <wcet number="0">90</wcet>
            <wcet number="1">150</wcet>
            <maxpow number="0.5381470677247823"/>
            <maxpow number="0.5381470677247823"/>
            <fprob>0.0</fprob>
        </actor>
        <actor name="D0N36">
            <wcet number="0">10</wcet>
            <wcet number="1">30</wcet>
            <maxpow number="0.6557269526818645"/>
            <maxpow number="0.6557269526818645"/>
            <fprob>0.0</fprob>
        </actor>
        <actor name="D0N28">
            <wcet number="0">170</wcet>
            <wcet number="1">220</wcet>
            <maxpow number="0.8857000657443473"/>
            <maxpow number="0.8857000657443473"/>
            <fprob>0.0</fprob>
        </actor>
        <actor name="D0N35">
            <wcet number="0">10</wcet>
            <wcet number="1">20</wcet>
            <maxpow number="0.6612581160610294"/>
            <maxpow number="0.6612581160610294"/>
            <fprob>0.0</fprob>
        </actor>
        <ports>
            <port dstActor="D0N46" name="p0" srcActor="D0N37"/>
            <port dstActor="D0N40" name="p1" srcActor="D0N37"/>
            <port dstActor="D0N43" name="p2" srcActor="D0N19"/>
            <port dstActor="D0N24" name="p3" srcActor="D0N19"/>
            <port dstActor="D0N27" name="p4" srcActor="D0N19"/>
            <port dstActor="D0N33" name="p5" srcActor="D0N19"/>
            <port dstActor="D0N38" name="p6" srcActor="D0N16"/>
            <port dstActor="D0N33" name="p7" srcActor="D0N16"/>
            <port dstActor="D0N9" name="p8" srcActor="D0N8"/>
            <port dstActor="D0N24" name="p9" srcActor="D0N8"/>
            <port dstActor="D0N15" name="p10" srcActor="D0N8"/>
            <port dstActor="D0N43" name="p11" srcActor="D0N8"/>
            <port dstActor="D0N39" name="p12" srcActor="D0N13"/>
            <port dstActor="D0N7" name="p13" srcActor="D0N0"/>
            <port dstActor="D0N27" name="p14" srcActor="D0N0"/>
            <port dstActor="D0N10" name="p15" srcActor="D0N0"/>
            <port dstActor="D0N35" name="p16" srcActor="D0N21"/>
            <port dstActor="D0N31" name="p17" srcActor="D0N21"/>
            <port dstActor="D0N40" name="p18" srcActor="D0N34"/>
            <port dstActor="D0N42" name="p19" srcActor="D0N29"/>
            <port dstActor="D0N29" name="p20" srcActor="D0N18"/>
            <port dstActor="D0N43" name="p21" srcActor="D0N18"/>
            <port dstActor="D0N27" name="p22" srcActor="D0N9"/>
            <port dstActor="D0N30" name="p23" srcActor="D0N24"/>
            <port dstActor="D0N35" name="p24" srcActor="D0N24"/>
            <port dstActor="D0N30" name="p25" srcActor="D0N11"/>
            <port dstActor="D0N45" name="p26" srcActor="D0N11"/>
            <port dstActor="D0N31" name="p27" srcActor="D0N11"/>
            <port dstActor="D0N12" name="p28" srcActor="D0N11"/>
            <port dstActor="D0N44" name="p29" srcActor="D0N32"/>
            <port dstActor="D0N45" name="p30" srcActor="D0N30"/>
            <port dstActor="D0N42" name="p31" srcActor="D0N39"/>
            <port dstActor="D0N44" name="p32" srcActor="D0N25"/>
            <port dstActor="D0N41" name="p33" srcActor="D0N25"/>
            <port dstActor="D0N26" name="p34" srcActor="D0N25"/>
            <port dstActor="D0N24" name="p35" srcActor="D0N10"/>
            <port dstActor="D0N30" name="p36" srcActor="D0N10"/>
            <port dstActor="D0N22" name="p37" srcActor="D0N10"/>
            <port dstActor="D0N30" name="p38" srcActor="D0N22"/>
            <port dstActor="D0N47" name="p39" srcActor="D0N22"/>
            <port dstActor="D0N26" name="p40" srcActor="D0N22"/>
            <port dstActor="D0N27" name="p41" srcActor="D0N22"/>
            <port dstActor="D0N17" name="p42" srcActor="D0N3"/>
            <port dstActor="D0N12" name="p43" srcActor="D0N3"/>
            <port dstActor="D0N43" name="p44" srcActor="D0N3"/>
            <port dstActor="D0N16" name="p45" srcActor="D0N3"/>
            <port dstActor="D0N42" name="p46" srcActor="D0N3"/>
            <port dstActor="D0N41" name="p47" srcActor="D0N3"/>
            <port dstActor="D0N19" name="p48" srcActor="D0N3"/>
            <port dstActor="D0N44" name="p49" srcActor="D0N42"/>
            <port dstActor="D0N28" name="p50" srcActor="D0N7"/>
            <port dstActor="D0N25" name="p51" srcActor="D0N7"/>
            <port dstActor="D0N45" name="p52" srcActor="D0N7"/>
            <port dstActor="D0N8" name="p53" srcActor="D0N7"/>
            <port dstActor="D0N40" name="p54" srcActor="D0N5"/>
            <port dstActor="D0N43" name="p55" srcActor="D0N5"/>
            <port dstActor="D0N41" name="p56" srcActor="D0N5"/>
            <port dstActor="D0N12" name="p57" srcActor="D0N5"/>
            <port dstActor="D0N17" name="p58" srcActor="D0N5"/>
            <port dstActor="D0N46" name="p59" srcActor="D0N17"/>
            <port dstActor="D0N28" name="p60" srcActor="D0N17"/>
            <port dstActor="D0N45" name="p61" srcActor="D0N17"/>
            <port dstActor="D0N39" name="p62" srcActor="D0N2"/>
            <port dstActor="D0N12" name="p63" srcActor="D0N2"/>
            <port dstActor="D0N27" name="p64" srcActor="D0N2"/>
            <port dstActor="D0N42" name="p65" srcActor="D0N31"/>
            <port dstActor="D0N34" name="p66" srcActor="D0N31"/>
            <port dstActor="D0N43" name="p67" srcActor="D0N31"/>
            <port dstActor="D0N46" name="p68" srcActor="D0N31"/>
            <port dstActor="D0N30" name="p69" srcActor="D0N1"/>
            <port dstActor="D0N31" name="p70" srcActor="D0N1"/>
            <port dstActor="D0N3" name="p71" srcActor="D0N1"/>
            <port dstActor="D0N17" name="p72" srcActor="D0N1"/>
            <port dstActor="D0N8" name="p73" srcActor="D0N1"/>
            <port dstActor="D0N36" name="p74" srcActor="D0N1"/>
            <port dstActor="D0N14" name="p75" srcActor="D0N1"/>
            <port dstActor="D0N46" name="p76" srcActor="D0N23"/>
            <port dstActor="D0N28" name="p77" srcActor="D0N23"/>
            <port dstActor="D0N44" name="p78" srcActor="D0N23"/>
            <port dstActor="D0N47" name="p79" srcActor="D0N27"/>
            <port dstActor="D0N17" name="p80" srcActor="D0N4"/>
            <port dstActor="D0N42" name="p81" srcActor="D0N4"/>
            <port dstActor="D0N15" name="p82" srcActor="D0N6"/>
            <port dstActor="D0N39" name="p83" srcActor="D0N6"/>
            <port dstActor="D0N46" name="p84" srcActor="D0N6"/>
            <port dstActor="D0N44" name="p85" srcActor="D0N6"/>
            <port dstActor="D0N18" name="p86" srcActor="D0N12"/>
            <port dstActor="D0N47" name="p87" srcActor="D0N12"/>
            <port dstActor="D0N21" name="p88" srcActor="D0N12"/>
            <port dstActor="D0N38" name="p89" srcActor="D0N12"/>
            <port dstActor="D0N40" name="p90" srcActor="D0N12"/>
            <port dstActor="D0N42" name="p91" srcActor="D0N41"/>
            <port dstActor="D0N46" name="p92" srcActor="D0N43"/>
            <port dstActor="D0N24" name="p93" srcActor="D0N20"/>
            <port dstActor="D0N37" name="p94" srcActor="D0N14"/>
            <port dstActor="D0N34" name="p95" srcActor="D0N14"/>
            <port dstActor="D0N22" name="p96" srcActor="D0N14"/>
            <port dstActor="D0N41" name="p97" srcActor="D0N14"/>
            <port dstActor="D0N32" name="p98" srcActor="D0N14"/>
            <port dstActor="D0N23" name="p99" srcActor="D0N14"/>
            <port dstActor="D0N30" name="p100" srcActor="D0N14"/>
            <port dstActor="D0N16" name="p101" srcActor="D0N15"/>
            <port dstActor="D0N29" name="p102" srcActor="D0N15"/>
            <port dstActor="D0N38" name="p103" srcActor="D0N15"/>
            <port dstActor="D0N42" name="p104" srcActor="D0N15"/>
            <port dstActor="D0N45" name="p105" srcActor="D0N15"/>
            <port dstActor="D0N37" name="p106" srcActor="D0N28"/>
        </ports>
    </mcdag>
    <cores number="3"/>
    <levels number="2"/>
</mcsystem>
