<?xml version="1.0" encoding="UTF-8" standalone="no"?>
<mcsystem>
    <mcdag deadline="4000" name="genned-0-ed-10.0-0">
        <actor name="D0N35">
            <wcet number="0">40</wcet>
            <wcet number="1">170</wcet>
            <maxpow number="0.30971106459652925"/>
            <maxpow number="0.30971106459652925"/>
            <fprob>0.0</fprob>
        </actor>
        <actor name="D0N28">
            <wcet number="0">50</wcet>
            <wcet number="1">80</wcet>
            <maxpow number="0.4434476526930442"/>
            <maxpow number="0.4434476526930442"/>
            <fprob>0.0</fprob>
        </actor>
        <actor name="D0N43">
            <wcet number="0">10</wcet>
            <wcet number="1">10</wcet>
            <maxpow number="0.42645226680671405"/>
            <maxpow number="0.42645226680671405"/>
            <fprob>0.0</fprob>
        </actor>
        <actor name="D0N3">
            <wcet number="0">130</wcet>
            <wcet number="1">260</wcet>
            <maxpow number="0.706391996596978"/>
            <maxpow number="0.706391996596978"/>
            <fprob>0.0</fprob>
        </actor>
        <actor name="D0N29">
            <wcet number="0">60</wcet>
            <wcet number="1">520</wcet>
            <maxpow number="0.3608738754720844"/>
            <maxpow number="0.3608738754720844"/>
            <fprob>0.0</fprob>
        </actor>
        <actor name="D0N27">
            <wcet number="0">360</wcet>
            <wcet number="1">770</wcet>
            <maxpow number="0.4246256046664836"/>
            <maxpow number="0.4246256046664836"/>
            <fprob>0.0</fprob>
        </actor>
        <actor name="D0N41">
            <wcet number="0">20</wcet>
            <wcet number="1">40</wcet>
            <maxpow number="0.4162352090186848"/>
            <maxpow number="0.4162352090186848"/>
            <fprob>0.0</fprob>
        </actor>
        <actor name="D0N12">
            <wcet number="0">140</wcet>
            <wcet number="1">170</wcet>
            <maxpow number="0.5644426282816324"/>
            <maxpow number="0.5644426282816324"/>
            <fprob>0.0</fprob>
        </actor>
        <actor name="D0N6">
            <wcet number="0">10</wcet>
            <wcet number="1">290</wcet>
            <maxpow number="0.5695515069597786"/>
            <maxpow number="0.5695515069597786"/>
            <fprob>0.0</fprob>
        </actor>
        <actor name="D0N2">
            <wcet number="0">50</wcet>
            <wcet number="1">160</wcet>
            <maxpow number="0.5381758787718603"/>
            <maxpow number="0.5381758787718603"/>
            <fprob>0.0</fprob>
        </actor>
        <actor name="D0N40">
            <wcet number="0">70</wcet>
            <wcet number="1">70</wcet>
            <maxpow number="0.12540091959686323"/>
            <maxpow number="0.12540091959686323"/>
            <fprob>0.0</fprob>
        </actor>
        <actor name="D0N0">
            <wcet number="0">10</wcet>
            <wcet number="1">120</wcet>
            <maxpow number="0.5570570873475498"/>
            <maxpow number="0.5570570873475498"/>
            <fprob>0.0</fprob>
        </actor>
        <actor name="D0N8">
            <wcet number="0">50</wcet>
            <wcet number="1">260</wcet>
            <maxpow number="0.6999960156611053"/>
            <maxpow number="0.6999960156611053"/>
            <fprob>0.0</fprob>
        </actor>
        <actor name="D0N9">
            <wcet number="0">30</wcet>
            <wcet number="1">100</wcet>
            <maxpow number="0.31380760698989346"/>
            <maxpow number="0.31380760698989346"/>
            <fprob>0.0</fprob>
        </actor>
        <actor name="D0N33">
            <wcet number="0">120</wcet>
            <wcet number="1">120</wcet>
            <maxpow number="0.24462005534283743"/>
            <maxpow number="0.24462005534283743"/>
            <fprob>0.0</fprob>
        </actor>
        <actor name="D0N39">
            <wcet number="0">70</wcet>
            <wcet number="1">340</wcet>
            <maxpow number="0.6242409655496481"/>
            <maxpow number="0.6242409655496481"/>
            <fprob>0.0</fprob>
        </actor>
        <actor name="D0N47">
            <wcet number="0">20</wcet>
            <wcet number="1">40</wcet>
            <maxpow number="0.5158967564498957"/>
            <maxpow number="0.5158967564498957"/>
            <fprob>0.0</fprob>
        </actor>
        <actor name="D0N34">
            <wcet number="0">20</wcet>
            <wcet number="1">20</wcet>
            <maxpow number="0.3725470365198057"/>
            <maxpow number="0.3725470365198057"/>
            <fprob>0.0</fprob>
        </actor>
        <actor name="D0N7">
            <wcet number="0">70</wcet>
            <wcet number="1">100</wcet>
            <maxpow number="0.648132168977073"/>
            <maxpow number="0.648132168977073"/>
            <fprob>0.0</fprob>
        </actor>
        <actor name="D0N19">
            <wcet number="0">140</wcet>
            <wcet number="1">140</wcet>
            <maxpow number="0.3536766017378028"/>
            <maxpow number="0.3536766017378028"/>
            <fprob>0.0</fprob>
        </actor>
        <actor name="D0N44">
            <wcet number="0">190</wcet>
            <wcet number="1">380</wcet>
            <maxpow number="0.4645434705838503"/>
            <maxpow number="0.4645434705838503"/>
            <fprob>0.0</fprob>
        </actor>
        <actor name="D0N4">
            <wcet number="0">230</wcet>
            <wcet number="1">590</wcet>
            <maxpow number="0.3458111162405205"/>
            <maxpow number="0.3458111162405205"/>
            <fprob>0.0</fprob>
        </actor>
        <actor name="D0N14">
            <wcet number="0">30</wcet>
            <wcet number="1">160</wcet>
            <maxpow number="0.6541325320176483"/>
            <maxpow number="0.6541325320176483"/>
            <fprob>0.0</fprob>
        </actor>
        <actor name="D0N46">
            <wcet number="0">10</wcet>
            <wcet number="1">10</wcet>
            <maxpow number="0.8988764177124575"/>
            <maxpow number="0.8988764177124575"/>
            <fprob>0.0</fprob>
        </actor>
        <actor name="D0N16">
            <wcet number="0">640</wcet>
            <wcet number="1">780</wcet>
            <maxpow number="0.46472478003888157"/>
            <maxpow number="0.46472478003888157"/>
            <fprob>0.0</fprob>
        </actor>
        <actor name="D0N22">
            <wcet number="0">160</wcet>
            <wcet number="1">210</wcet>
            <maxpow number="0.5843243360989008"/>
            <maxpow number="0.5843243360989008"/>
            <fprob>0.0</fprob>
        </actor>
        <actor name="D0N45">
            <wcet number="0">10</wcet>
            <wcet number="1">10</wcet>
            <maxpow number="0.5226600719893446"/>
            <maxpow number="0.5226600719893446"/>
            <fprob>0.0</fprob>
        </actor>
        <actor name="D0N36">
            <wcet number="0">120</wcet>
            <wcet number="1">240</wcet>
            <maxpow number="0.6026372142103142"/>
            <maxpow number="0.6026372142103142"/>
            <fprob>0.0</fprob>
        </actor>
        <actor name="D0N13">
            <wcet number="0">120</wcet>
            <wcet number="1">160</wcet>
            <maxpow number="0.6367141324953611"/>
            <maxpow number="0.6367141324953611"/>
            <fprob>0.0</fprob>
        </actor>
        <actor name="D0N5">
            <wcet number="0">180</wcet>
            <wcet number="1">260</wcet>
            <maxpow number="0.41967824381047825"/>
            <maxpow number="0.41967824381047825"/>
            <fprob>0.0</fprob>
        </actor>
        <actor name="D0N32">
            <wcet number="0">70</wcet>
            <wcet number="1">80</wcet>
            <maxpow number="0.6954042293445466"/>
            <maxpow number="0.6954042293445466"/>
            <fprob>0.0</fprob>
        </actor>
        <actor name="D0N25">
            <wcet number="0">40</wcet>
            <wcet number="1">50</wcet>
            <maxpow number="0.9380450224672352"/>
            <maxpow number="0.9380450224672352"/>
            <fprob>0.0</fprob>
        </actor>
        <actor name="D0N1">
            <wcet number="0">200</wcet>
            <wcet number="1">630</wcet>
            <maxpow number="0.5619791017656408"/>
            <maxpow number="0.5619791017656408"/>
            <fprob>0.0</fprob>
        </actor>
        <actor name="D0N37">
            <wcet number="0">70</wcet>
            <wcet number="1">200</wcet>
            <maxpow number="0.33176266109478986"/>
            <maxpow number="0.33176266109478986"/>
            <fprob>0.0</fprob>
        </actor>
        <actor name="D0N17">
            <wcet number="0">120</wcet>
            <wcet number="1">280</wcet>
            <maxpow number="0.5428793180522616"/>
            <maxpow number="0.5428793180522616"/>
            <fprob>0.0</fprob>
        </actor>
        <actor name="D0N26">
            <wcet number="0">80</wcet>
            <wcet number="1">360</wcet>
            <maxpow number="0.48234708339854065"/>
            <maxpow number="0.48234708339854065"/>
            <fprob>0.0</fprob>
        </actor>
        <actor name="D0N23">
            <wcet number="0">120</wcet>
            <wcet number="1">220</wcet>
            <maxpow number="0.8316677548794413"/>
            <maxpow number="0.8316677548794413"/>
            <fprob>0.0</fprob>
        </actor>
        <actor name="D0N42">
            <wcet number="0">180</wcet>
            <wcet number="1">210</wcet>
            <maxpow number="0.5070450249540353"/>
            <maxpow number="0.5070450249540353"/>
            <fprob>0.0</fprob>
        </actor>
        <actor name="D0N21">
            <wcet number="0">240</wcet>
            <wcet number="1">310</wcet>
            <maxpow number="0.4878436357262798"/>
            <maxpow number="0.4878436357262798"/>
            <fprob>0.0</fprob>
        </actor>
        <actor name="D0N20">
            <wcet number="0">190</wcet>
            <wcet number="1">510</wcet>
            <maxpow number="0.9286936468878981"/>
            <maxpow number="0.9286936468878981"/>
            <fprob>0.0</fprob>
        </actor>
        <actor name="D0N10">
            <wcet number="0">70</wcet>
            <wcet number="1">260</wcet>
            <maxpow number="0.7524412056884917"/>
            <maxpow number="0.7524412056884917"/>
            <fprob>0.0</fprob>
        </actor>
        <actor name="D0N24">
            <wcet number="0">20</wcet>
            <wcet number="1">20</wcet>
            <maxpow number="0.829508841574999"/>
            <maxpow number="0.829508841574999"/>
            <fprob>0.0</fprob>
        </actor>
        <actor name="D0N18">
            <wcet number="0">70</wcet>
            <wcet number="1">470</wcet>
            <maxpow number="0.5934036866205258"/>
            <maxpow number="0.5934036866205258"/>
            <fprob>0.0</fprob>
        </actor>
        <actor name="D0N30">
            <wcet number="0">30</wcet>
            <wcet number="1">580</wcet>
            <maxpow number="0.3844539215817623"/>
            <maxpow number="0.3844539215817623"/>
            <fprob>0.0</fprob>
        </actor>
        <actor name="D0N31">
            <wcet number="0">40</wcet>
            <wcet number="1">80</wcet>
            <maxpow number="0.5701621710502314"/>
            <maxpow number="0.5701621710502314"/>
            <fprob>0.0</fprob>
        </actor>
        <actor name="D0N38">
            <wcet number="0">30</wcet>
            <wcet number="1">60</wcet>
            <maxpow number="0.4622928634412543"/>
            <maxpow number="0.4622928634412543"/>
            <fprob>0.0</fprob>
        </actor>
        <actor name="D0N15">
            <wcet number="0">70</wcet>
            <wcet number="1">290</wcet>
            <maxpow number="0.671081446742577"/>
            <maxpow number="0.671081446742577"/>
            <fprob>0.0</fprob>
        </actor>
        <actor name="D0N11">
            <wcet number="0">330</wcet>
            <wcet number="1">410</wcet>
            <maxpow number="0.5379459598254089"/>
            <maxpow number="0.5379459598254089"/>
            <fprob>0.0</fprob>
        </actor>
        <ports>
            <port dstActor="D0N37" name="p0" srcActor="D0N28"/>
            <port dstActor="D0N47" name="p1" srcActor="D0N28"/>
            <port dstActor="D0N12" name="p2" srcActor="D0N3"/>
            <port dstActor="D0N20" name="p3" srcActor="D0N3"/>
            <port dstActor="D0N25" name="p4" srcActor="D0N3"/>
            <port dstActor="D0N35" name="p5" srcActor="D0N3"/>
            <port dstActor="D0N33" name="p6" srcActor="D0N29"/>
            <port dstActor="D0N45" name="p7" srcActor="D0N29"/>
            <port dstActor="D0N47" name="p8" srcActor="D0N29"/>
            <port dstActor="D0N37" name="p9" srcActor="D0N29"/>
            <port dstActor="D0N31" name="p10" srcActor="D0N29"/>
            <port dstActor="D0N34" name="p11" srcActor="D0N27"/>
            <port dstActor="D0N37" name="p12" srcActor="D0N27"/>
            <port dstActor="D0N30" name="p13" srcActor="D0N27"/>
            <port dstActor="D0N32" name="p14" srcActor="D0N12"/>
            <port dstActor="D0N32" name="p15" srcActor="D0N6"/>
            <port dstActor="D0N33" name="p16" srcActor="D0N6"/>
            <port dstActor="D0N45" name="p17" srcActor="D0N6"/>
            <port dstActor="D0N13" name="p18" srcActor="D0N2"/>
            <port dstActor="D0N9" name="p19" srcActor="D0N2"/>
            <port dstActor="D0N31" name="p20" srcActor="D0N2"/>
            <port dstActor="D0N12" name="p21" srcActor="D0N2"/>
            <port dstActor="D0N36" name="p22" srcActor="D0N2"/>
            <port dstActor="D0N46" name="p23" srcActor="D0N40"/>
            <port dstActor="D0N6" name="p24" srcActor="D0N0"/>
            <port dstActor="D0N32" name="p25" srcActor="D0N0"/>
            <port dstActor="D0N28" name="p26" srcActor="D0N0"/>
            <port dstActor="D0N1" name="p27" srcActor="D0N0"/>
            <port dstActor="D0N26" name="p28" srcActor="D0N0"/>
            <port dstActor="D0N42" name="p29" srcActor="D0N0"/>
            <port dstActor="D0N29" name="p30" srcActor="D0N0"/>
            <port dstActor="D0N3" name="p31" srcActor="D0N0"/>
            <port dstActor="D0N47" name="p32" srcActor="D0N8"/>
            <port dstActor="D0N22" name="p33" srcActor="D0N8"/>
            <port dstActor="D0N23" name="p34" srcActor="D0N8"/>
            <port dstActor="D0N43" name="p35" srcActor="D0N9"/>
            <port dstActor="D0N35" name="p36" srcActor="D0N33"/>
            <port dstActor="D0N34" name="p37" srcActor="D0N33"/>
            <port dstActor="D0N42" name="p38" srcActor="D0N33"/>
            <port dstActor="D0N39" name="p39" srcActor="D0N33"/>
            <port dstActor="D0N43" name="p40" srcActor="D0N34"/>
            <port dstActor="D0N39" name="p41" srcActor="D0N34"/>
            <port dstActor="D0N8" name="p42" srcActor="D0N7"/>
            <port dstActor="D0N26" name="p43" srcActor="D0N7"/>
            <port dstActor="D0N14" name="p44" srcActor="D0N7"/>
            <port dstActor="D0N25" name="p45" srcActor="D0N7"/>
            <port dstActor="D0N27" name="p46" srcActor="D0N19"/>
            <port dstActor="D0N6" name="p47" srcActor="D0N4"/>
            <port dstActor="D0N36" name="p48" srcActor="D0N4"/>
            <port dstActor="D0N38" name="p49" srcActor="D0N4"/>
            <port dstActor="D0N45" name="p50" srcActor="D0N14"/>
            <port dstActor="D0N44" name="p51" srcActor="D0N14"/>
            <port dstActor="D0N23" name="p52" srcActor="D0N14"/>
            <port dstActor="D0N46" name="p53" srcActor="D0N14"/>
            <port dstActor="D0N43" name="p54" srcActor="D0N14"/>
            <port dstActor="D0N27" name="p55" srcActor="D0N16"/>
            <port dstActor="D0N32" name="p56" srcActor="D0N16"/>
            <port dstActor="D0N28" name="p57" srcActor="D0N22"/>
            <port dstActor="D0N47" name="p58" srcActor="D0N45"/>
            <port dstActor="D0N23" name="p59" srcActor="D0N13"/>
            <port dstActor="D0N24" name="p60" srcActor="D0N13"/>
            <port dstActor="D0N34" name="p61" srcActor="D0N13"/>
            <port dstActor="D0N14" name="p62" srcActor="D0N13"/>
            <port dstActor="D0N47" name="p63" srcActor="D0N13"/>
            <port dstActor="D0N47" name="p64" srcActor="D0N5"/>
            <port dstActor="D0N19" name="p65" srcActor="D0N5"/>
            <port dstActor="D0N36" name="p66" srcActor="D0N5"/>
            <port dstActor="D0N27" name="p67" srcActor="D0N5"/>
            <port dstActor="D0N8" name="p68" srcActor="D0N5"/>
            <port dstActor="D0N17" name="p69" srcActor="D0N5"/>
            <port dstActor="D0N37" name="p70" srcActor="D0N32"/>
            <port dstActor="D0N45" name="p71" srcActor="D0N32"/>
            <port dstActor="D0N35" name="p72" srcActor="D0N32"/>
            <port dstActor="D0N43" name="p73" srcActor="D0N25"/>
            <port dstActor="D0N35" name="p74" srcActor="D0N1"/>
            <port dstActor="D0N23" name="p75" srcActor="D0N1"/>
            <port dstActor="D0N2" name="p76" srcActor="D0N1"/>
            <port dstActor="D0N31" name="p77" srcActor="D0N1"/>
            <port dstActor="D0N34" name="p78" srcActor="D0N1"/>
            <port dstActor="D0N25" name="p79" srcActor="D0N17"/>
            <port dstActor="D0N42" name="p80" srcActor="D0N26"/>
            <port dstActor="D0N38" name="p81" srcActor="D0N26"/>
            <port dstActor="D0N37" name="p82" srcActor="D0N26"/>
            <port dstActor="D0N43" name="p83" srcActor="D0N23"/>
            <port dstActor="D0N44" name="p84" srcActor="D0N42"/>
            <port dstActor="D0N43" name="p85" srcActor="D0N42"/>
            <port dstActor="D0N30" name="p86" srcActor="D0N21"/>
            <port dstActor="D0N32" name="p87" srcActor="D0N21"/>
            <port dstActor="D0N25" name="p88" srcActor="D0N21"/>
            <port dstActor="D0N23" name="p89" srcActor="D0N20"/>
            <port dstActor="D0N24" name="p90" srcActor="D0N20"/>
            <port dstActor="D0N40" name="p91" srcActor="D0N20"/>
            <port dstActor="D0N30" name="p92" srcActor="D0N20"/>
            <port dstActor="D0N42" name="p93" srcActor="D0N20"/>
            <port dstActor="D0N26" name="p94" srcActor="D0N20"/>
            <port dstActor="D0N17" name="p95" srcActor="D0N10"/>
            <port dstActor="D0N45" name="p96" srcActor="D0N10"/>
            <port dstActor="D0N14" name="p97" srcActor="D0N10"/>
            <port dstActor="D0N11" name="p98" srcActor="D0N10"/>
            <port dstActor="D0N16" name="p99" srcActor="D0N10"/>
            <port dstActor="D0N38" name="p100" srcActor="D0N24"/>
            <port dstActor="D0N29" name="p101" srcActor="D0N18"/>
            <port dstActor="D0N23" name="p102" srcActor="D0N18"/>
            <port dstActor="D0N21" name="p103" srcActor="D0N18"/>
            <port dstActor="D0N38" name="p104" srcActor="D0N30"/>
            <port dstActor="D0N31" name="p105" srcActor="D0N30"/>
            <port dstActor="D0N44" name="p106" srcActor="D0N30"/>
            <port dstActor="D0N42" name="p107" srcActor="D0N38"/>
            <port dstActor="D0N40" name="p108" srcActor="D0N38"/>
            <port dstActor="D0N39" name="p109" srcActor="D0N15"/>
            <port dstActor="D0N33" name="p110" srcActor="D0N15"/>
            <port dstActor="D0N35" name="p111" srcActor="D0N15"/>
            <port dstActor="D0N28" name="p112" srcActor="D0N11"/>
            <port dstActor="D0N45" name="p113" srcActor="D0N11"/>
        </ports>
    </mcdag>
    <cores number="3"/>
    <levels number="2"/>
</mcsystem>
