<?xml version="1.0" encoding="UTF-8" standalone="no"?>
<mcsystem>
    <mcdag deadline="4000" name="genned-0-ed-10.0-0">
        <actor name="D0N8">
            <wcet number="0">290</wcet>
            <wcet number="1">390</wcet>
            <maxpow number="0.4357369233727003"/>
            <maxpow number="0.4357369233727003"/>
            <fprob>0.0</fprob>
        </actor>
        <actor name="D0N0">
            <wcet number="0">30</wcet>
            <wcet number="1">90</wcet>
            <maxpow number="0.8334166214802899"/>
            <maxpow number="0.8334166214802899"/>
            <fprob>0.0</fprob>
        </actor>
        <actor name="D0N43">
            <wcet number="0">130</wcet>
            <wcet number="1">220</wcet>
            <maxpow number="0.6002500465617555"/>
            <maxpow number="0.6002500465617555"/>
            <fprob>0.0</fprob>
        </actor>
        <actor name="D0N20">
            <wcet number="0">40</wcet>
            <wcet number="1">170</wcet>
            <maxpow number="0.41384044260678443"/>
            <maxpow number="0.41384044260678443"/>
            <fprob>0.0</fprob>
        </actor>
        <actor name="D0N4">
            <wcet number="0">250</wcet>
            <wcet number="1">350</wcet>
            <maxpow number="0.21347679283489712"/>
            <maxpow number="0.21347679283489712"/>
            <fprob>0.0</fprob>
        </actor>
        <actor name="D0N41">
            <wcet number="0">300</wcet>
            <wcet number="1">440</wcet>
            <maxpow number="0.6010217862060501"/>
            <maxpow number="0.6010217862060501"/>
            <fprob>0.0</fprob>
        </actor>
        <actor name="D0N25">
            <wcet number="0">10</wcet>
            <wcet number="1">90</wcet>
            <maxpow number="0.5230443129150572"/>
            <maxpow number="0.5230443129150572"/>
            <fprob>0.0</fprob>
        </actor>
        <actor name="D0N32">
            <wcet number="0">140</wcet>
            <wcet number="1">150</wcet>
            <maxpow number="0.42123633575954"/>
            <maxpow number="0.42123633575954"/>
            <fprob>0.0</fprob>
        </actor>
        <actor name="D0N48">
            <wcet number="0">240</wcet>
            <wcet number="1">250</wcet>
            <maxpow number="0.11161648222336823"/>
            <maxpow number="0.11161648222336823"/>
            <fprob>0.0</fprob>
        </actor>
        <actor name="D0N36">
            <wcet number="0">70</wcet>
            <wcet number="1">420</wcet>
            <maxpow number="0.7466916216819612"/>
            <maxpow number="0.7466916216819612"/>
            <fprob>0.0</fprob>
        </actor>
        <actor name="D0N46">
            <wcet number="0">560</wcet>
            <wcet number="1">850</wcet>
            <maxpow number="0.6919549134311582"/>
            <maxpow number="0.6919549134311582"/>
            <fprob>0.0</fprob>
        </actor>
        <actor name="D0N23">
            <wcet number="0">150</wcet>
            <wcet number="1">210</wcet>
            <maxpow number="0.6447382461683218"/>
            <maxpow number="0.6447382461683218"/>
            <fprob>0.0</fprob>
        </actor>
        <actor name="D0N39">
            <wcet number="0">380</wcet>
            <wcet number="1">380</wcet>
            <maxpow number="0.5501795822274919"/>
            <maxpow number="0.5501795822274919"/>
            <fprob>0.0</fprob>
        </actor>
        <actor name="D0N34">
            <wcet number="0">300</wcet>
            <wcet number="1">310</wcet>
            <maxpow number="0.885713074952156"/>
            <maxpow number="0.885713074952156"/>
            <fprob>0.0</fprob>
        </actor>
        <actor name="D0N42">
            <wcet number="0">90</wcet>
            <wcet number="1">100</wcet>
            <maxpow number="0.7994478341818811"/>
            <maxpow number="0.7994478341818811"/>
            <fprob>0.0</fprob>
        </actor>
        <actor name="D0N19">
            <wcet number="0">30</wcet>
            <wcet number="1">40</wcet>
            <maxpow number="0.554739047915032"/>
            <maxpow number="0.554739047915032"/>
            <fprob>0.0</fprob>
        </actor>
        <actor name="D0N27">
            <wcet number="0">30</wcet>
            <wcet number="1">30</wcet>
            <maxpow number="0.37320762149751574"/>
            <maxpow number="0.37320762149751574"/>
            <fprob>0.0</fprob>
        </actor>
        <actor name="D0N26">
            <wcet number="0">30</wcet>
            <wcet number="1">70</wcet>
            <maxpow number="0.5113341212071989"/>
            <maxpow number="0.5113341212071989"/>
            <fprob>0.0</fprob>
        </actor>
        <actor name="D0N2">
            <wcet number="0">250</wcet>
            <wcet number="1">330</wcet>
            <maxpow number="0.4708170435027513"/>
            <maxpow number="0.4708170435027513"/>
            <fprob>0.0</fprob>
        </actor>
        <actor name="D0N33">
            <wcet number="0">150</wcet>
            <wcet number="1">200</wcet>
            <maxpow number="0.46162615829504966"/>
            <maxpow number="0.46162615829504966"/>
            <fprob>0.0</fprob>
        </actor>
        <actor name="D0N37">
            <wcet number="0">120</wcet>
            <wcet number="1">300</wcet>
            <maxpow number="0.7387701225127381"/>
            <maxpow number="0.7387701225127381"/>
            <fprob>0.0</fprob>
        </actor>
        <actor name="D0N16">
            <wcet number="0">10</wcet>
            <wcet number="1">10</wcet>
            <maxpow number="0.7386968003923354"/>
            <maxpow number="0.7386968003923354"/>
            <fprob>0.0</fprob>
        </actor>
        <actor name="D0N11">
            <wcet number="0">20</wcet>
            <wcet number="1">140</wcet>
            <maxpow number="0.6495186268020006"/>
            <maxpow number="0.6495186268020006"/>
            <fprob>0.0</fprob>
        </actor>
        <actor name="D0N21">
            <wcet number="0">20</wcet>
            <wcet number="1">50</wcet>
            <maxpow number="0.44494262171662424"/>
            <maxpow number="0.44494262171662424"/>
            <fprob>0.0</fprob>
        </actor>
        <actor name="D0N12">
            <wcet number="0">20</wcet>
            <wcet number="1">20</wcet>
            <maxpow number="0.5377373284600495"/>
            <maxpow number="0.5377373284600495"/>
            <fprob>0.0</fprob>
        </actor>
        <actor name="D0N14">
            <wcet number="0">80</wcet>
            <wcet number="1">130</wcet>
            <maxpow number="0.8274461972208202"/>
            <maxpow number="0.8274461972208202"/>
            <fprob>0.0</fprob>
        </actor>
        <actor name="D0N44">
            <wcet number="0">240</wcet>
            <wcet number="1">800</wcet>
            <maxpow number="0.4384643311668299"/>
            <maxpow number="0.4384643311668299"/>
            <fprob>0.0</fprob>
        </actor>
        <actor name="D0N13">
            <wcet number="0">390</wcet>
            <wcet number="1">500</wcet>
            <maxpow number="0.6165251762410997"/>
            <maxpow number="0.6165251762410997"/>
            <fprob>0.0</fprob>
        </actor>
        <actor name="D0N17">
            <wcet number="0">20</wcet>
            <wcet number="1">240</wcet>
            <maxpow number="0.5304009562649548"/>
            <maxpow number="0.5304009562649548"/>
            <fprob>0.0</fprob>
        </actor>
        <actor name="D0N22">
            <wcet number="0">110</wcet>
            <wcet number="1">120</wcet>
            <maxpow number="0.47282879248334536"/>
            <maxpow number="0.47282879248334536"/>
            <fprob>0.0</fprob>
        </actor>
        <actor name="D0N10">
            <wcet number="0">60</wcet>
            <wcet number="1">380</wcet>
            <maxpow number="0.8061943941584148"/>
            <maxpow number="0.8061943941584148"/>
            <fprob>0.0</fprob>
        </actor>
        <actor name="D0N40">
            <wcet number="0">40</wcet>
            <wcet number="1">60</wcet>
            <maxpow number="0.5514731471710348"/>
            <maxpow number="0.5514731471710348"/>
            <fprob>0.0</fprob>
        </actor>
        <actor name="D0N45">
            <wcet number="0">240</wcet>
            <wcet number="1">380</wcet>
            <maxpow number="0.7114166389844185"/>
            <maxpow number="0.7114166389844185"/>
            <fprob>0.0</fprob>
        </actor>
        <actor name="D0N24">
            <wcet number="0">20</wcet>
            <wcet number="1">50</wcet>
            <maxpow number="0.6650684987944347"/>
            <maxpow number="0.6650684987944347"/>
            <fprob>0.0</fprob>
        </actor>
        <actor name="D0N5">
            <wcet number="0">520</wcet>
            <wcet number="1">520</wcet>
            <maxpow number="0.4724163595220584"/>
            <maxpow number="0.4724163595220584"/>
            <fprob>0.0</fprob>
        </actor>
        <actor name="D0N1">
            <wcet number="0">60</wcet>
            <wcet number="1">120</wcet>
            <maxpow number="0.25218729649308824"/>
            <maxpow number="0.25218729649308824"/>
            <fprob>0.0</fprob>
        </actor>
        <actor name="D0N35">
            <wcet number="0">320</wcet>
            <wcet number="1">320</wcet>
            <maxpow number="0.4267748003751086"/>
            <maxpow number="0.4267748003751086"/>
            <fprob>0.0</fprob>
        </actor>
        <actor name="D0N3">
            <wcet number="0">50</wcet>
            <wcet number="1">70</wcet>
            <maxpow number="0.3108567365275817"/>
            <maxpow number="0.3108567365275817"/>
            <fprob>0.0</fprob>
        </actor>
        <actor name="D0N6">
            <wcet number="0">30</wcet>
            <wcet number="1">270</wcet>
            <maxpow number="0.5188473379091669"/>
            <maxpow number="0.5188473379091669"/>
            <fprob>0.0</fprob>
        </actor>
        <actor name="D0N18">
            <wcet number="0">90</wcet>
            <wcet number="1">340</wcet>
            <maxpow number="0.9502731293658391"/>
            <maxpow number="0.9502731293658391"/>
            <fprob>0.0</fprob>
        </actor>
        <actor name="D0N7">
            <wcet number="0">10</wcet>
            <wcet number="1">70</wcet>
            <maxpow number="0.4641701618855761"/>
            <maxpow number="0.4641701618855761"/>
            <fprob>0.0</fprob>
        </actor>
        <actor name="D0N31">
            <wcet number="0">160</wcet>
            <wcet number="1">230</wcet>
            <maxpow number="0.6204326285352091"/>
            <maxpow number="0.6204326285352091"/>
            <fprob>0.0</fprob>
        </actor>
        <actor name="D0N29">
            <wcet number="0">30</wcet>
            <wcet number="1">110</wcet>
            <maxpow number="0.4297157147848484"/>
            <maxpow number="0.4297157147848484"/>
            <fprob>0.0</fprob>
        </actor>
        <actor name="D0N47">
            <wcet number="0">100</wcet>
            <wcet number="1">160</wcet>
            <maxpow number="0.35158540546094247"/>
            <maxpow number="0.35158540546094247"/>
            <fprob>0.0</fprob>
        </actor>
        <actor name="D0N15">
            <wcet number="0">30</wcet>
            <wcet number="1">110</wcet>
            <maxpow number="0.6628323058979774"/>
            <maxpow number="0.6628323058979774"/>
            <fprob>0.0</fprob>
        </actor>
        <actor name="D0N38">
            <wcet number="0">10</wcet>
            <wcet number="1">10</wcet>
            <maxpow number="0.7309020793581572"/>
            <maxpow number="0.7309020793581572"/>
            <fprob>0.0</fprob>
        </actor>
        <actor name="D0N28">
            <wcet number="0">20</wcet>
            <wcet number="1">90</wcet>
            <maxpow number="0.19893755434097304"/>
            <maxpow number="0.19893755434097304"/>
            <fprob>0.0</fprob>
        </actor>
        <actor name="D0N49">
            <wcet number="0">420</wcet>
            <wcet number="1">460</wcet>
            <maxpow number="0.518646388690287"/>
            <maxpow number="0.518646388690287"/>
            <fprob>0.0</fprob>
        </actor>
        <actor name="D0N30">
            <wcet number="0">60</wcet>
            <wcet number="1">90</wcet>
            <maxpow number="0.4905860381149284"/>
            <maxpow number="0.4905860381149284"/>
            <fprob>0.0</fprob>
        </actor>
        <actor name="D0N9">
            <wcet number="0">190</wcet>
            <wcet number="1">360</wcet>
            <maxpow number="0.6868496191633524"/>
            <maxpow number="0.6868496191633524"/>
            <fprob>0.0</fprob>
        </actor>
        <ports>
            <port dstActor="D0N17" name="p0" srcActor="D0N8"/>
            <port dstActor="D0N25" name="p1" srcActor="D0N8"/>
            <port dstActor="D0N13" name="p2" srcActor="D0N8"/>
            <port dstActor="D0N47" name="p3" srcActor="D0N8"/>
            <port dstActor="D0N28" name="p4" srcActor="D0N8"/>
            <port dstActor="D0N36" name="p5" srcActor="D0N8"/>
            <port dstActor="D0N29" name="p6" srcActor="D0N0"/>
            <port dstActor="D0N17" name="p7" srcActor="D0N0"/>
            <port dstActor="D0N10" name="p8" srcActor="D0N0"/>
            <port dstActor="D0N2" name="p9" srcActor="D0N0"/>
            <port dstActor="D0N41" name="p10" srcActor="D0N0"/>
            <port dstActor="D0N40" name="p11" srcActor="D0N20"/>
            <port dstActor="D0N45" name="p12" srcActor="D0N20"/>
            <port dstActor="D0N29" name="p13" srcActor="D0N20"/>
            <port dstActor="D0N41" name="p14" srcActor="D0N20"/>
            <port dstActor="D0N22" name="p15" srcActor="D0N20"/>
            <port dstActor="D0N15" name="p16" srcActor="D0N4"/>
            <port dstActor="D0N24" name="p17" srcActor="D0N4"/>
            <port dstActor="D0N27" name="p18" srcActor="D0N4"/>
            <port dstActor="D0N45" name="p19" srcActor="D0N41"/>
            <port dstActor="D0N42" name="p20" srcActor="D0N25"/>
            <port dstActor="D0N49" name="p21" srcActor="D0N25"/>
            <port dstActor="D0N37" name="p22" srcActor="D0N25"/>
            <port dstActor="D0N37" name="p23" srcActor="D0N32"/>
            <port dstActor="D0N49" name="p24" srcActor="D0N36"/>
            <port dstActor="D0N45" name="p25" srcActor="D0N36"/>
            <port dstActor="D0N38" name="p26" srcActor="D0N36"/>
            <port dstActor="D0N42" name="p27" srcActor="D0N23"/>
            <port dstActor="D0N49" name="p28" srcActor="D0N42"/>
            <port dstActor="D0N36" name="p29" srcActor="D0N19"/>
            <port dstActor="D0N32" name="p30" srcActor="D0N19"/>
            <port dstActor="D0N37" name="p31" srcActor="D0N19"/>
            <port dstActor="D0N35" name="p32" srcActor="D0N27"/>
            <port dstActor="D0N48" name="p33" srcActor="D0N26"/>
            <port dstActor="D0N36" name="p34" srcActor="D0N2"/>
            <port dstActor="D0N28" name="p35" srcActor="D0N2"/>
            <port dstActor="D0N39" name="p36" srcActor="D0N2"/>
            <port dstActor="D0N19" name="p37" srcActor="D0N2"/>
            <port dstActor="D0N21" name="p38" srcActor="D0N2"/>
            <port dstActor="D0N31" name="p39" srcActor="D0N16"/>
            <port dstActor="D0N25" name="p40" srcActor="D0N16"/>
            <port dstActor="D0N29" name="p41" srcActor="D0N16"/>
            <port dstActor="D0N27" name="p42" srcActor="D0N11"/>
            <port dstActor="D0N30" name="p43" srcActor="D0N11"/>
            <port dstActor="D0N33" name="p44" srcActor="D0N11"/>
            <port dstActor="D0N45" name="p45" srcActor="D0N11"/>
            <port dstActor="D0N34" name="p46" srcActor="D0N21"/>
            <port dstActor="D0N26" name="p47" srcActor="D0N21"/>
            <port dstActor="D0N28" name="p48" srcActor="D0N12"/>
            <port dstActor="D0N35" name="p49" srcActor="D0N12"/>
            <port dstActor="D0N41" name="p50" srcActor="D0N12"/>
            <port dstActor="D0N36" name="p51" srcActor="D0N14"/>
            <port dstActor="D0N15" name="p52" srcActor="D0N14"/>
            <port dstActor="D0N26" name="p53" srcActor="D0N14"/>
            <port dstActor="D0N44" name="p54" srcActor="D0N14"/>
            <port dstActor="D0N37" name="p55" srcActor="D0N14"/>
            <port dstActor="D0N39" name="p56" srcActor="D0N13"/>
            <port dstActor="D0N45" name="p57" srcActor="D0N13"/>
            <port dstActor="D0N28" name="p58" srcActor="D0N13"/>
            <port dstActor="D0N21" name="p59" srcActor="D0N13"/>
            <port dstActor="D0N29" name="p60" srcActor="D0N13"/>
            <port dstActor="D0N17" name="p61" srcActor="D0N13"/>
            <port dstActor="D0N48" name="p62" srcActor="D0N13"/>
            <port dstActor="D0N27" name="p63" srcActor="D0N13"/>
            <port dstActor="D0N22" name="p64" srcActor="D0N13"/>
            <port dstActor="D0N40" name="p65" srcActor="D0N13"/>
            <port dstActor="D0N37" name="p66" srcActor="D0N17"/>
            <port dstActor="D0N49" name="p67" srcActor="D0N22"/>
            <port dstActor="D0N31" name="p68" srcActor="D0N10"/>
            <port dstActor="D0N49" name="p69" srcActor="D0N10"/>
            <port dstActor="D0N42" name="p70" srcActor="D0N24"/>
            <port dstActor="D0N41" name="p71" srcActor="D0N24"/>
            <port dstActor="D0N21" name="p72" srcActor="D0N5"/>
            <port dstActor="D0N49" name="p73" srcActor="D0N5"/>
            <port dstActor="D0N17" name="p74" srcActor="D0N5"/>
            <port dstActor="D0N18" name="p75" srcActor="D0N5"/>
            <port dstActor="D0N33" name="p76" srcActor="D0N1"/>
            <port dstActor="D0N5" name="p77" srcActor="D0N1"/>
            <port dstActor="D0N37" name="p78" srcActor="D0N35"/>
            <port dstActor="D0N45" name="p79" srcActor="D0N35"/>
            <port dstActor="D0N14" name="p80" srcActor="D0N3"/>
            <port dstActor="D0N16" name="p81" srcActor="D0N3"/>
            <port dstActor="D0N36" name="p82" srcActor="D0N3"/>
            <port dstActor="D0N48" name="p83" srcActor="D0N3"/>
            <port dstActor="D0N6" name="p84" srcActor="D0N3"/>
            <port dstActor="D0N19" name="p85" srcActor="D0N3"/>
            <port dstActor="D0N41" name="p86" srcActor="D0N3"/>
            <port dstActor="D0N27" name="p87" srcActor="D0N6"/>
            <port dstActor="D0N30" name="p88" srcActor="D0N6"/>
            <port dstActor="D0N31" name="p89" srcActor="D0N6"/>
            <port dstActor="D0N43" name="p90" srcActor="D0N6"/>
            <port dstActor="D0N39" name="p91" srcActor="D0N18"/>
            <port dstActor="D0N46" name="p92" srcActor="D0N18"/>
            <port dstActor="D0N36" name="p93" srcActor="D0N7"/>
            <port dstActor="D0N35" name="p94" srcActor="D0N31"/>
            <port dstActor="D0N39" name="p95" srcActor="D0N31"/>
            <port dstActor="D0N46" name="p96" srcActor="D0N31"/>
            <port dstActor="D0N38" name="p97" srcActor="D0N29"/>
            <port dstActor="D0N30" name="p98" srcActor="D0N29"/>
            <port dstActor="D0N32" name="p99" srcActor="D0N15"/>
            <port dstActor="D0N40" name="p100" srcActor="D0N15"/>
            <port dstActor="D0N29" name="p101" srcActor="D0N15"/>
            <port dstActor="D0N29" name="p102" srcActor="D0N28"/>
            <port dstActor="D0N33" name="p103" srcActor="D0N28"/>
            <port dstActor="D0N45" name="p104" srcActor="D0N28"/>
            <port dstActor="D0N34" name="p105" srcActor="D0N30"/>
            <port dstActor="D0N24" name="p106" srcActor="D0N9"/>
        </ports>
    </mcdag>
    <cores number="3"/>
    <levels number="2"/>
</mcsystem>
