<?xml version="1.0" encoding="UTF-8" standalone="no"?>
<mcsystem>
    <mcdag deadline="1000" name="genned-0-ed-10.0-0">
        <actor name="D0N37">
            <wcet number="0">10</wcet>
            <wcet number="1">10</wcet>
            <maxpow number="0.5396980354709678"/>
            <maxpow number="0.5396980354709678"/>
            <fprob>0.0</fprob>
        </actor>
        <actor name="D0N19">
            <wcet number="0">40</wcet>
            <wcet number="1">80</wcet>
            <maxpow number="0.7263625275772703"/>
            <maxpow number="0.7263625275772703"/>
            <fprob>0.0</fprob>
        </actor>
        <actor name="D0N30">
            <wcet number="0">50</wcet>
            <wcet number="1">50</wcet>
            <maxpow number="0.7254132170119661"/>
            <maxpow number="0.7254132170119661"/>
            <fprob>0.0</fprob>
        </actor>
        <actor name="D0N45">
            <wcet number="0">40</wcet>
            <wcet number="1">60</wcet>
            <maxpow number="0.40557235872046254"/>
            <maxpow number="0.40557235872046254"/>
            <fprob>0.0</fprob>
        </actor>
        <actor name="D0N5">
            <wcet number="0">30</wcet>
            <wcet number="1">90</wcet>
            <maxpow number="0.9477495947652412"/>
            <maxpow number="0.9477495947652412"/>
            <fprob>0.0</fprob>
        </actor>
        <actor name="D0N23">
            <wcet number="0">10</wcet>
            <wcet number="1">40</wcet>
            <maxpow number="0.709978944193368"/>
            <maxpow number="0.709978944193368"/>
            <fprob>0.0</fprob>
        </actor>
        <actor name="D0N31">
            <wcet number="0">10</wcet>
            <wcet number="1">10</wcet>
            <maxpow number="0.6858858863511633"/>
            <maxpow number="0.6858858863511633"/>
            <fprob>0.0</fprob>
        </actor>
        <actor name="D0N21">
            <wcet number="0">10</wcet>
            <wcet number="1">20</wcet>
            <maxpow number="0.579372227637085"/>
            <maxpow number="0.579372227637085"/>
            <fprob>0.0</fprob>
        </actor>
        <actor name="D0N27">
            <wcet number="0">30</wcet>
            <wcet number="1">40</wcet>
            <maxpow number="0.6982700299079369"/>
            <maxpow number="0.6982700299079369"/>
            <fprob>0.0</fprob>
        </actor>
        <actor name="D0N14">
            <wcet number="0">50</wcet>
            <wcet number="1">60</wcet>
            <maxpow number="0.6654741641191557"/>
            <maxpow number="0.6654741641191557"/>
            <fprob>0.0</fprob>
        </actor>
        <actor name="D0N34">
            <wcet number="0">10</wcet>
            <wcet number="1">10</wcet>
            <maxpow number="0.5067543545788317"/>
            <maxpow number="0.5067543545788317"/>
            <fprob>0.0</fprob>
        </actor>
        <actor name="D0N38">
            <wcet number="0">10</wcet>
            <wcet number="1">10</wcet>
            <maxpow number="0.262236444443781"/>
            <maxpow number="0.262236444443781"/>
            <fprob>0.0</fprob>
        </actor>
        <actor name="D0N25">
            <wcet number="0">50</wcet>
            <wcet number="1">90</wcet>
            <maxpow number="0.457428768795032"/>
            <maxpow number="0.457428768795032"/>
            <fprob>0.0</fprob>
        </actor>
        <actor name="D0N8">
            <wcet number="0">10</wcet>
            <wcet number="1">20</wcet>
            <maxpow number="0.11635463265174267"/>
            <maxpow number="0.11635463265174267"/>
            <fprob>0.0</fprob>
        </actor>
        <actor name="D0N2">
            <wcet number="0">50</wcet>
            <wcet number="1">50</wcet>
            <maxpow number="0.6578696592974731"/>
            <maxpow number="0.6578696592974731"/>
            <fprob>0.0</fprob>
        </actor>
        <actor name="D0N26">
            <wcet number="0">70</wcet>
            <wcet number="1">90</wcet>
            <maxpow number="0.5203317306848037"/>
            <maxpow number="0.5203317306848037"/>
            <fprob>0.0</fprob>
        </actor>
        <actor name="D0N0">
            <wcet number="0">20</wcet>
            <wcet number="1">50</wcet>
            <maxpow number="0.8159740706654228"/>
            <maxpow number="0.8159740706654228"/>
            <fprob>0.0</fprob>
        </actor>
        <actor name="D0N6">
            <wcet number="0">230</wcet>
            <wcet number="1">280</wcet>
            <maxpow number="0.40437988459118357"/>
            <maxpow number="0.40437988459118357"/>
            <fprob>0.0</fprob>
        </actor>
        <actor name="D0N11">
            <wcet number="0">10</wcet>
            <wcet number="1">40</wcet>
            <maxpow number="0.40261303070418486"/>
            <maxpow number="0.40261303070418486"/>
            <fprob>0.0</fprob>
        </actor>
        <actor name="D0N35">
            <wcet number="0">80</wcet>
            <wcet number="1">100</wcet>
            <maxpow number="0.6280961742605752"/>
            <maxpow number="0.6280961742605752"/>
            <fprob>0.0</fprob>
        </actor>
        <actor name="D0N18">
            <wcet number="0">20</wcet>
            <wcet number="1">20</wcet>
            <maxpow number="0.6648604951571204"/>
            <maxpow number="0.6648604951571204"/>
            <fprob>0.0</fprob>
        </actor>
        <actor name="D0N33">
            <wcet number="0">10</wcet>
            <wcet number="1">60</wcet>
            <maxpow number="0.9225769646891565"/>
            <maxpow number="0.9225769646891565"/>
            <fprob>0.0</fprob>
        </actor>
        <actor name="D0N10">
            <wcet number="0">30</wcet>
            <wcet number="1">80</wcet>
            <maxpow number="0.07661298547397605"/>
            <maxpow number="0.07661298547397605"/>
            <fprob>0.0</fprob>
        </actor>
        <actor name="D0N12">
            <wcet number="0">40</wcet>
            <wcet number="1">50</wcet>
            <maxpow number="0.5293561438818456"/>
            <maxpow number="0.5293561438818456"/>
            <fprob>0.0</fprob>
        </actor>
        <actor name="D0N1">
            <wcet number="0">40</wcet>
            <wcet number="1">40</wcet>
            <maxpow number="0.5930556564339907"/>
            <maxpow number="0.5930556564339907"/>
            <fprob>0.0</fprob>
        </actor>
        <actor name="D0N16">
            <wcet number="0">10</wcet>
            <wcet number="1">10</wcet>
            <maxpow number="0.7876862780585425"/>
            <maxpow number="0.7876862780585425"/>
            <fprob>0.0</fprob>
        </actor>
        <actor name="D0N41">
            <wcet number="0">30</wcet>
            <wcet number="1">40</wcet>
            <maxpow number="0.7186833917940794"/>
            <maxpow number="0.7186833917940794"/>
            <fprob>0.0</fprob>
        </actor>
        <actor name="D0N29">
            <wcet number="0">10</wcet>
            <wcet number="1">20</wcet>
            <maxpow number="0.7302522702544518"/>
            <maxpow number="0.7302522702544518"/>
            <fprob>0.0</fprob>
        </actor>
        <actor name="D0N44">
            <wcet number="0">30</wcet>
            <wcet number="1">30</wcet>
            <maxpow number="0.3886517777704208"/>
            <maxpow number="0.3886517777704208"/>
            <fprob>0.0</fprob>
        </actor>
        <actor name="D0N22">
            <wcet number="0">80</wcet>
            <wcet number="1">80</wcet>
            <maxpow number="0.33170707464142835"/>
            <maxpow number="0.33170707464142835"/>
            <fprob>0.0</fprob>
        </actor>
        <actor name="D0N40">
            <wcet number="0">20</wcet>
            <wcet number="1">50</wcet>
            <maxpow number="0.48855451244524645"/>
            <maxpow number="0.48855451244524645"/>
            <fprob>0.0</fprob>
        </actor>
        <actor name="D0N42">
            <wcet number="0">20</wcet>
            <wcet number="1">20</wcet>
            <maxpow number="0.5763511247975138"/>
            <maxpow number="0.5763511247975138"/>
            <fprob>0.0</fprob>
        </actor>
        <actor name="D0N3">
            <wcet number="0">140</wcet>
            <wcet number="1">190</wcet>
            <maxpow number="0.6925946238766448"/>
            <maxpow number="0.6925946238766448"/>
            <fprob>0.0</fprob>
        </actor>
        <actor name="D0N32">
            <wcet number="0">90</wcet>
            <wcet number="1">100</wcet>
            <maxpow number="0.6304689747389245"/>
            <maxpow number="0.6304689747389245"/>
            <fprob>0.0</fprob>
        </actor>
        <actor name="D0N39">
            <wcet number="0">50</wcet>
            <wcet number="1">60</wcet>
            <maxpow number="0.6049246113377553"/>
            <maxpow number="0.6049246113377553"/>
            <fprob>0.0</fprob>
        </actor>
        <actor name="D0N36">
            <wcet number="0">60</wcet>
            <wcet number="1">60</wcet>
            <maxpow number="0.54371588986315"/>
            <maxpow number="0.54371588986315"/>
            <fprob>0.0</fprob>
        </actor>
        <actor name="D0N24">
            <wcet number="0">10</wcet>
            <wcet number="1">10</wcet>
            <maxpow number="0.6400944434099535"/>
            <maxpow number="0.6400944434099535"/>
            <fprob>0.0</fprob>
        </actor>
        <actor name="D0N9">
            <wcet number="0">310</wcet>
            <wcet number="1">370</wcet>
            <maxpow number="0.25297570294452937"/>
            <maxpow number="0.25297570294452937"/>
            <fprob>0.0</fprob>
        </actor>
        <actor name="D0N13">
            <wcet number="0">30</wcet>
            <wcet number="1">40</wcet>
            <maxpow number="0.5125863507114243"/>
            <maxpow number="0.5125863507114243"/>
            <fprob>0.0</fprob>
        </actor>
        <actor name="D0N20">
            <wcet number="0">30</wcet>
            <wcet number="1">90</wcet>
            <maxpow number="0.5200346847166039"/>
            <maxpow number="0.5200346847166039"/>
            <fprob>0.0</fprob>
        </actor>
        <actor name="D0N43">
            <wcet number="0">20</wcet>
            <wcet number="1">80</wcet>
            <maxpow number="0.7272242490443139"/>
            <maxpow number="0.7272242490443139"/>
            <fprob>0.0</fprob>
        </actor>
        <actor name="D0N28">
            <wcet number="0">20</wcet>
            <wcet number="1">50</wcet>
            <maxpow number="0.1598247740148676"/>
            <maxpow number="0.1598247740148676"/>
            <fprob>0.0</fprob>
        </actor>
        <actor name="D0N4">
            <wcet number="0">10</wcet>
            <wcet number="1">10</wcet>
            <maxpow number="0.13217537015301228"/>
            <maxpow number="0.13217537015301228"/>
            <fprob>0.0</fprob>
        </actor>
        <actor name="D0N15">
            <wcet number="0">70</wcet>
            <wcet number="1">80</wcet>
            <maxpow number="0.5938941416646429"/>
            <maxpow number="0.5938941416646429"/>
            <fprob>0.0</fprob>
        </actor>
        <actor name="D0N7">
            <wcet number="0">20</wcet>
            <wcet number="1">40</wcet>
            <maxpow number="0.450421320299155"/>
            <maxpow number="0.450421320299155"/>
            <fprob>0.0</fprob>
        </actor>
        <actor name="D0N17">
            <wcet number="0">20</wcet>
            <wcet number="1">20</wcet>
            <maxpow number="0.6466853121717773"/>
            <maxpow number="0.6466853121717773"/>
            <fprob>0.0</fprob>
        </actor>
        <ports>
            <port dstActor="D0N45" name="p0" srcActor="D0N37"/>
            <port dstActor="D0N38" name="p1" srcActor="D0N37"/>
            <port dstActor="D0N21" name="p2" srcActor="D0N19"/>
            <port dstActor="D0N33" name="p3" srcActor="D0N19"/>
            <port dstActor="D0N24" name="p4" srcActor="D0N19"/>
            <port dstActor="D0N28" name="p5" srcActor="D0N19"/>
            <port dstActor="D0N40" name="p6" srcActor="D0N5"/>
            <port dstActor="D0N14" name="p7" srcActor="D0N5"/>
            <port dstActor="D0N22" name="p8" srcActor="D0N5"/>
            <port dstActor="D0N26" name="p9" srcActor="D0N5"/>
            <port dstActor="D0N7" name="p10" srcActor="D0N5"/>
            <port dstActor="D0N17" name="p11" srcActor="D0N5"/>
            <port dstActor="D0N32" name="p12" srcActor="D0N23"/>
            <port dstActor="D0N42" name="p13" srcActor="D0N21"/>
            <port dstActor="D0N37" name="p14" srcActor="D0N21"/>
            <port dstActor="D0N22" name="p15" srcActor="D0N21"/>
            <port dstActor="D0N45" name="p16" srcActor="D0N27"/>
            <port dstActor="D0N42" name="p17" srcActor="D0N14"/>
            <port dstActor="D0N40" name="p18" srcActor="D0N14"/>
            <port dstActor="D0N24" name="p19" srcActor="D0N14"/>
            <port dstActor="D0N18" name="p20" srcActor="D0N14"/>
            <port dstActor="D0N29" name="p21" srcActor="D0N14"/>
            <port dstActor="D0N42" name="p22" srcActor="D0N38"/>
            <port dstActor="D0N39" name="p23" srcActor="D0N25"/>
            <port dstActor="D0N38" name="p24" srcActor="D0N8"/>
            <port dstActor="D0N22" name="p25" srcActor="D0N8"/>
            <port dstActor="D0N34" name="p26" srcActor="D0N8"/>
            <port dstActor="D0N15" name="p27" srcActor="D0N2"/>
            <port dstActor="D0N39" name="p28" srcActor="D0N2"/>
            <port dstActor="D0N23" name="p29" srcActor="D0N2"/>
            <port dstActor="D0N26" name="p30" srcActor="D0N2"/>
            <port dstActor="D0N45" name="p31" srcActor="D0N2"/>
            <port dstActor="D0N21" name="p32" srcActor="D0N2"/>
            <port dstActor="D0N33" name="p33" srcActor="D0N26"/>
            <port dstActor="D0N42" name="p34" srcActor="D0N26"/>
            <port dstActor="D0N41" name="p35" srcActor="D0N26"/>
            <port dstActor="D0N44" name="p36" srcActor="D0N26"/>
            <port dstActor="D0N34" name="p37" srcActor="D0N0"/>
            <port dstActor="D0N32" name="p38" srcActor="D0N0"/>
            <port dstActor="D0N9" name="p39" srcActor="D0N0"/>
            <port dstActor="D0N36" name="p40" srcActor="D0N0"/>
            <port dstActor="D0N29" name="p41" srcActor="D0N6"/>
            <port dstActor="D0N38" name="p42" srcActor="D0N6"/>
            <port dstActor="D0N19" name="p43" srcActor="D0N6"/>
            <port dstActor="D0N43" name="p44" srcActor="D0N6"/>
            <port dstActor="D0N15" name="p45" srcActor="D0N6"/>
            <port dstActor="D0N39" name="p46" srcActor="D0N11"/>
            <port dstActor="D0N26" name="p47" srcActor="D0N11"/>
            <port dstActor="D0N30" name="p48" srcActor="D0N11"/>
            <port dstActor="D0N45" name="p49" srcActor="D0N11"/>
            <port dstActor="D0N13" name="p50" srcActor="D0N11"/>
            <port dstActor="D0N40" name="p51" srcActor="D0N35"/>
            <port dstActor="D0N34" name="p52" srcActor="D0N18"/>
            <port dstActor="D0N39" name="p53" srcActor="D0N18"/>
            <port dstActor="D0N36" name="p54" srcActor="D0N33"/>
            <port dstActor="D0N36" name="p55" srcActor="D0N10"/>
            <port dstActor="D0N18" name="p56" srcActor="D0N10"/>
            <port dstActor="D0N15" name="p57" srcActor="D0N10"/>
            <port dstActor="D0N17" name="p58" srcActor="D0N12"/>
            <port dstActor="D0N13" name="p59" srcActor="D0N12"/>
            <port dstActor="D0N21" name="p60" srcActor="D0N12"/>
            <port dstActor="D0N38" name="p61" srcActor="D0N12"/>
            <port dstActor="D0N29" name="p62" srcActor="D0N16"/>
            <port dstActor="D0N19" name="p63" srcActor="D0N16"/>
            <port dstActor="D0N23" name="p64" srcActor="D0N16"/>
            <port dstActor="D0N20" name="p65" srcActor="D0N16"/>
            <port dstActor="D0N43" name="p66" srcActor="D0N41"/>
            <port dstActor="D0N44" name="p67" srcActor="D0N41"/>
            <port dstActor="D0N42" name="p68" srcActor="D0N29"/>
            <port dstActor="D0N44" name="p69" srcActor="D0N22"/>
            <port dstActor="D0N6" name="p70" srcActor="D0N3"/>
            <port dstActor="D0N13" name="p71" srcActor="D0N3"/>
            <port dstActor="D0N19" name="p72" srcActor="D0N3"/>
            <port dstActor="D0N17" name="p73" srcActor="D0N3"/>
            <port dstActor="D0N14" name="p74" srcActor="D0N3"/>
            <port dstActor="D0N36" name="p75" srcActor="D0N32"/>
            <port dstActor="D0N44" name="p76" srcActor="D0N39"/>
            <port dstActor="D0N38" name="p77" srcActor="D0N36"/>
            <port dstActor="D0N45" name="p78" srcActor="D0N24"/>
            <port dstActor="D0N21" name="p79" srcActor="D0N9"/>
            <port dstActor="D0N18" name="p80" srcActor="D0N9"/>
            <port dstActor="D0N45" name="p81" srcActor="D0N9"/>
            <port dstActor="D0N40" name="p82" srcActor="D0N9"/>
            <port dstActor="D0N43" name="p83" srcActor="D0N9"/>
            <port dstActor="D0N38" name="p84" srcActor="D0N13"/>
            <port dstActor="D0N19" name="p85" srcActor="D0N13"/>
            <port dstActor="D0N37" name="p86" srcActor="D0N13"/>
            <port dstActor="D0N26" name="p87" srcActor="D0N13"/>
            <port dstActor="D0N37" name="p88" srcActor="D0N20"/>
            <port dstActor="D0N27" name="p89" srcActor="D0N20"/>
            <port dstActor="D0N32" name="p90" srcActor="D0N20"/>
            <port dstActor="D0N40" name="p91" srcActor="D0N28"/>
            <port dstActor="D0N31" name="p92" srcActor="D0N28"/>
            <port dstActor="D0N34" name="p93" srcActor="D0N28"/>
            <port dstActor="D0N33" name="p94" srcActor="D0N4"/>
            <port dstActor="D0N14" name="p95" srcActor="D0N4"/>
            <port dstActor="D0N35" name="p96" srcActor="D0N4"/>
            <port dstActor="D0N23" name="p97" srcActor="D0N4"/>
            <port dstActor="D0N32" name="p98" srcActor="D0N4"/>
            <port dstActor="D0N27" name="p99" srcActor="D0N15"/>
            <port dstActor="D0N40" name="p100" srcActor="D0N15"/>
            <port dstActor="D0N39" name="p101" srcActor="D0N15"/>
            <port dstActor="D0N44" name="p102" srcActor="D0N15"/>
            <port dstActor="D0N30" name="p103" srcActor="D0N15"/>
            <port dstActor="D0N24" name="p104" srcActor="D0N7"/>
            <port dstActor="D0N37" name="p105" srcActor="D0N7"/>
            <port dstActor="D0N39" name="p106" srcActor="D0N7"/>
            <port dstActor="D0N27" name="p107" srcActor="D0N7"/>
            <port dstActor="D0N33" name="p108" srcActor="D0N7"/>
            <port dstActor="D0N30" name="p109" srcActor="D0N7"/>
            <port dstActor="D0N22" name="p110" srcActor="D0N17"/>
        </ports>
    </mcdag>
    <cores number="3"/>
    <levels number="2"/>
</mcsystem>
