<?xml version="1.0" encoding="UTF-8" standalone="no"?>
<mcsystem>
    <mcdag deadline="3000" name="genned-0-ed-10.0-0">
        <actor name="D0N2">
            <wcet number="0">280</wcet>
            <wcet number="1">310</wcet>
            <maxpow number="0.4596733103892189"/>
            <maxpow number="0.4596733103892189"/>
            <fprob>0.0</fprob>
        </actor>
        <actor name="D0N45">
            <wcet number="0">30</wcet>
            <wcet number="1">30</wcet>
            <maxpow number="0.4419255707963107"/>
            <maxpow number="0.4419255707963107"/>
            <fprob>0.0</fprob>
        </actor>
        <actor name="D0N34">
            <wcet number="0">60</wcet>
            <wcet number="1">190</wcet>
            <maxpow number="0.5271004768438737"/>
            <maxpow number="0.5271004768438737"/>
            <fprob>0.0</fprob>
        </actor>
        <actor name="D0N28">
            <wcet number="0">20</wcet>
            <wcet number="1">200</wcet>
            <maxpow number="0.3933350745597676"/>
            <maxpow number="0.3933350745597676"/>
            <fprob>0.0</fprob>
        </actor>
        <actor name="D0N35">
            <wcet number="0">10</wcet>
            <wcet number="1">50</wcet>
            <maxpow number="0.7817879966962358"/>
            <maxpow number="0.7817879966962358"/>
            <fprob>0.0</fprob>
        </actor>
        <actor name="D0N14">
            <wcet number="0">30</wcet>
            <wcet number="1">40</wcet>
            <maxpow number="0.4966975569684384"/>
            <maxpow number="0.4966975569684384"/>
            <fprob>0.0</fprob>
        </actor>
        <actor name="D0N15">
            <wcet number="0">50</wcet>
            <wcet number="1">90</wcet>
            <maxpow number="0.349786863706539"/>
            <maxpow number="0.349786863706539"/>
            <fprob>0.0</fprob>
        </actor>
        <actor name="D0N13">
            <wcet number="0">280</wcet>
            <wcet number="1">280</wcet>
            <maxpow number="0.4449930034059243"/>
            <maxpow number="0.4449930034059243"/>
            <fprob>0.0</fprob>
        </actor>
        <actor name="D0N6">
            <wcet number="0">20</wcet>
            <wcet number="1">40</wcet>
            <maxpow number="0.4593637763087678"/>
            <maxpow number="0.4593637763087678"/>
            <fprob>0.0</fprob>
        </actor>
        <actor name="D0N21">
            <wcet number="0">20</wcet>
            <wcet number="1">50</wcet>
            <maxpow number="0.7225006447755155"/>
            <maxpow number="0.7225006447755155"/>
            <fprob>0.0</fprob>
        </actor>
        <actor name="D0N10">
            <wcet number="0">70</wcet>
            <wcet number="1">190</wcet>
            <maxpow number="0.24487262198398424"/>
            <maxpow number="0.24487262198398424"/>
            <fprob>0.0</fprob>
        </actor>
        <actor name="D0N18">
            <wcet number="0">30</wcet>
            <wcet number="1">40</wcet>
            <maxpow number="0.7947011874252309"/>
            <maxpow number="0.7947011874252309"/>
            <fprob>0.0</fprob>
        </actor>
        <actor name="D0N32">
            <wcet number="0">60</wcet>
            <wcet number="1">190</wcet>
            <maxpow number="1.0515525308513367"/>
            <maxpow number="1.0515525308513367"/>
            <fprob>0.0</fprob>
        </actor>
        <actor name="D0N47">
            <wcet number="0">50</wcet>
            <wcet number="1">60</wcet>
            <maxpow number="0.5734121084731393"/>
            <maxpow number="0.5734121084731393"/>
            <fprob>0.0</fprob>
        </actor>
        <actor name="D0N44">
            <wcet number="0">50</wcet>
            <wcet number="1">60</wcet>
            <maxpow number="0.41247343653227153"/>
            <maxpow number="0.41247343653227153"/>
            <fprob>0.0</fprob>
        </actor>
        <actor name="D0N7">
            <wcet number="0">160</wcet>
            <wcet number="1">170</wcet>
            <maxpow number="0.42533429662242234"/>
            <maxpow number="0.42533429662242234"/>
            <fprob>0.0</fprob>
        </actor>
        <actor name="D0N36">
            <wcet number="0">50</wcet>
            <wcet number="1">70</wcet>
            <maxpow number="0.5681737043477986"/>
            <maxpow number="0.5681737043477986"/>
            <fprob>0.0</fprob>
        </actor>
        <actor name="D0N29">
            <wcet number="0">20</wcet>
            <wcet number="1">70</wcet>
            <maxpow number="0.5215854603387728"/>
            <maxpow number="0.5215854603387728"/>
            <fprob>0.0</fprob>
        </actor>
        <actor name="D0N39">
            <wcet number="0">10</wcet>
            <wcet number="1">10</wcet>
            <maxpow number="0.6456599909114003"/>
            <maxpow number="0.6456599909114003"/>
            <fprob>0.0</fprob>
        </actor>
        <actor name="D0N17">
            <wcet number="0">10</wcet>
            <wcet number="1">10</wcet>
            <maxpow number="0.3594997760610202"/>
            <maxpow number="0.3594997760610202"/>
            <fprob>0.0</fprob>
        </actor>
        <actor name="D0N22">
            <wcet number="0">50</wcet>
            <wcet number="1">110</wcet>
            <maxpow number="0.6191777884731455"/>
            <maxpow number="0.6191777884731455"/>
            <fprob>0.0</fprob>
        </actor>
        <actor name="D0N38">
            <wcet number="0">100</wcet>
            <wcet number="1">220</wcet>
            <maxpow number="0.6246684892390845"/>
            <maxpow number="0.6246684892390845"/>
            <fprob>0.0</fprob>
        </actor>
        <actor name="D0N5">
            <wcet number="0">50</wcet>
            <wcet number="1">100</wcet>
            <maxpow number="0.3206578006407099"/>
            <maxpow number="0.3206578006407099"/>
            <fprob>0.0</fprob>
        </actor>
        <actor name="D0N20">
            <wcet number="0">200</wcet>
            <wcet number="1">480</wcet>
            <maxpow number="0.23833176783373233"/>
            <maxpow number="0.23833176783373233"/>
            <fprob>0.0</fprob>
        </actor>
        <actor name="D0N33">
            <wcet number="0">30</wcet>
            <wcet number="1">90</wcet>
            <maxpow number="0.6797216414498075"/>
            <maxpow number="0.6797216414498075"/>
            <fprob>0.0</fprob>
        </actor>
        <actor name="D0N26">
            <wcet number="0">90</wcet>
            <wcet number="1">210</wcet>
            <maxpow number="0.7882931600724311"/>
            <maxpow number="0.7882931600724311"/>
            <fprob>0.0</fprob>
        </actor>
        <actor name="D0N46">
            <wcet number="0">90</wcet>
            <wcet number="1">120</wcet>
            <maxpow number="0.5007559078642362"/>
            <maxpow number="0.5007559078642362"/>
            <fprob>0.0</fprob>
        </actor>
        <actor name="D0N12">
            <wcet number="0">10</wcet>
            <wcet number="1">10</wcet>
            <maxpow number="0.2916023238740717"/>
            <maxpow number="0.2916023238740717"/>
            <fprob>0.0</fprob>
        </actor>
        <actor name="D0N0">
            <wcet number="0">50</wcet>
            <wcet number="1">250</wcet>
            <maxpow number="0.38882371855337383"/>
            <maxpow number="0.38882371855337383"/>
            <fprob>0.0</fprob>
        </actor>
        <actor name="D0N30">
            <wcet number="0">80</wcet>
            <wcet number="1">130</wcet>
            <maxpow number="0.5206240690123871"/>
            <maxpow number="0.5206240690123871"/>
            <fprob>0.0</fprob>
        </actor>
        <actor name="D0N4">
            <wcet number="0">20</wcet>
            <wcet number="1">30</wcet>
            <maxpow number="0.7324568621546226"/>
            <maxpow number="0.7324568621546226"/>
            <fprob>0.0</fprob>
        </actor>
        <actor name="D0N31">
            <wcet number="0">260</wcet>
            <wcet number="1">380</wcet>
            <maxpow number="0.8537804375454073"/>
            <maxpow number="0.8537804375454073"/>
            <fprob>0.0</fprob>
        </actor>
        <actor name="D0N27">
            <wcet number="0">40</wcet>
            <wcet number="1">60</wcet>
            <maxpow number="0.3830614615331124"/>
            <maxpow number="0.3830614615331124"/>
            <fprob>0.0</fprob>
        </actor>
        <actor name="D0N11">
            <wcet number="0">10</wcet>
            <wcet number="1">10</wcet>
            <maxpow number="0.5355873344084041"/>
            <maxpow number="0.5355873344084041"/>
            <fprob>0.0</fprob>
        </actor>
        <actor name="D0N42">
            <wcet number="0">10</wcet>
            <wcet number="1">20</wcet>
            <maxpow number="0.318663830281232"/>
            <maxpow number="0.318663830281232"/>
            <fprob>0.0</fprob>
        </actor>
        <actor name="D0N41">
            <wcet number="0">70</wcet>
            <wcet number="1">160</wcet>
            <maxpow number="0.6243767542121721"/>
            <maxpow number="0.6243767542121721"/>
            <fprob>0.0</fprob>
        </actor>
        <actor name="D0N1">
            <wcet number="0">100</wcet>
            <wcet number="1">140</wcet>
            <maxpow number="0.45550594027644675"/>
            <maxpow number="0.45550594027644675"/>
            <fprob>0.0</fprob>
        </actor>
        <actor name="D0N19">
            <wcet number="0">20</wcet>
            <wcet number="1">50</wcet>
            <maxpow number="0.7508484712615229"/>
            <maxpow number="0.7508484712615229"/>
            <fprob>0.0</fprob>
        </actor>
        <actor name="D0N3">
            <wcet number="0">70</wcet>
            <wcet number="1">220</wcet>
            <maxpow number="0.7953255365068863"/>
            <maxpow number="0.7953255365068863"/>
            <fprob>0.0</fprob>
        </actor>
        <actor name="D0N43">
            <wcet number="0">70</wcet>
            <wcet number="1">140</wcet>
            <maxpow number="0.25203975351734714"/>
            <maxpow number="0.25203975351734714"/>
            <fprob>0.0</fprob>
        </actor>
        <actor name="D0N23">
            <wcet number="0">20</wcet>
            <wcet number="1">30</wcet>
            <maxpow number="0.6490190212542731"/>
            <maxpow number="0.6490190212542731"/>
            <fprob>0.0</fprob>
        </actor>
        <actor name="D0N16">
            <wcet number="0">30</wcet>
            <wcet number="1">30</wcet>
            <maxpow number="0.4640584793871296"/>
            <maxpow number="0.4640584793871296"/>
            <fprob>0.0</fprob>
        </actor>
        <actor name="D0N37">
            <wcet number="0">50</wcet>
            <wcet number="1">70</wcet>
            <maxpow number="0.6616490856636879"/>
            <maxpow number="0.6616490856636879"/>
            <fprob>0.0</fprob>
        </actor>
        <actor name="D0N24">
            <wcet number="0">200</wcet>
            <wcet number="1">210</wcet>
            <maxpow number="0.5281945877917424"/>
            <maxpow number="0.5281945877917424"/>
            <fprob>0.0</fprob>
        </actor>
        <actor name="D0N9">
            <wcet number="0">20</wcet>
            <wcet number="1">20</wcet>
            <maxpow number="0.4704736245510291"/>
            <maxpow number="0.4704736245510291"/>
            <fprob>0.0</fprob>
        </actor>
        <actor name="D0N8">
            <wcet number="0">40</wcet>
            <wcet number="1">50</wcet>
            <maxpow number="0.5200393004924354"/>
            <maxpow number="0.5200393004924354"/>
            <fprob>0.0</fprob>
        </actor>
        <actor name="D0N48">
            <wcet number="0">100</wcet>
            <wcet number="1">310</wcet>
            <maxpow number="0.3572218744352521"/>
            <maxpow number="0.3572218744352521"/>
            <fprob>0.0</fprob>
        </actor>
        <actor name="D0N25">
            <wcet number="0">30</wcet>
            <wcet number="1">100</wcet>
            <maxpow number="0.6918425406903412"/>
            <maxpow number="0.6918425406903412"/>
            <fprob>0.0</fprob>
        </actor>
        <actor name="D0N40">
            <wcet number="0">10</wcet>
            <wcet number="1">100</wcet>
            <maxpow number="0.6297735899271095"/>
            <maxpow number="0.6297735899271095"/>
            <fprob>0.0</fprob>
        </actor>
        <ports>
            <port dstActor="D0N6" name="p0" srcActor="D0N2"/>
            <port dstActor="D0N40" name="p1" srcActor="D0N2"/>
            <port dstActor="D0N31" name="p2" srcActor="D0N2"/>
            <port dstActor="D0N9" name="p3" srcActor="D0N2"/>
            <port dstActor="D0N42" name="p4" srcActor="D0N2"/>
            <port dstActor="D0N46" name="p5" srcActor="D0N28"/>
            <port dstActor="D0N35" name="p6" srcActor="D0N28"/>
            <port dstActor="D0N42" name="p7" srcActor="D0N14"/>
            <port dstActor="D0N22" name="p8" srcActor="D0N14"/>
            <port dstActor="D0N44" name="p9" srcActor="D0N14"/>
            <port dstActor="D0N19" name="p10" srcActor="D0N14"/>
            <port dstActor="D0N25" name="p11" srcActor="D0N14"/>
            <port dstActor="D0N21" name="p12" srcActor="D0N14"/>
            <port dstActor="D0N28" name="p13" srcActor="D0N15"/>
            <port dstActor="D0N20" name="p14" srcActor="D0N15"/>
            <port dstActor="D0N22" name="p15" srcActor="D0N15"/>
            <port dstActor="D0N21" name="p16" srcActor="D0N15"/>
            <port dstActor="D0N45" name="p17" srcActor="D0N13"/>
            <port dstActor="D0N33" name="p18" srcActor="D0N6"/>
            <port dstActor="D0N7" name="p19" srcActor="D0N6"/>
            <port dstActor="D0N18" name="p20" srcActor="D0N6"/>
            <port dstActor="D0N43" name="p21" srcActor="D0N6"/>
            <port dstActor="D0N37" name="p22" srcActor="D0N6"/>
            <port dstActor="D0N47" name="p23" srcActor="D0N6"/>
            <port dstActor="D0N30" name="p24" srcActor="D0N21"/>
            <port dstActor="D0N17" name="p25" srcActor="D0N10"/>
            <port dstActor="D0N29" name="p26" srcActor="D0N10"/>
            <port dstActor="D0N45" name="p27" srcActor="D0N18"/>
            <port dstActor="D0N39" name="p28" srcActor="D0N32"/>
            <port dstActor="D0N45" name="p29" srcActor="D0N32"/>
            <port dstActor="D0N43" name="p30" srcActor="D0N32"/>
            <port dstActor="D0N45" name="p31" srcActor="D0N44"/>
            <port dstActor="D0N48" name="p32" srcActor="D0N44"/>
            <port dstActor="D0N23" name="p33" srcActor="D0N7"/>
            <port dstActor="D0N26" name="p34" srcActor="D0N7"/>
            <port dstActor="D0N11" name="p35" srcActor="D0N7"/>
            <port dstActor="D0N8" name="p36" srcActor="D0N7"/>
            <port dstActor="D0N10" name="p37" srcActor="D0N7"/>
            <port dstActor="D0N48" name="p38" srcActor="D0N36"/>
            <port dstActor="D0N35" name="p39" srcActor="D0N29"/>
            <port dstActor="D0N44" name="p40" srcActor="D0N29"/>
            <port dstActor="D0N41" name="p41" srcActor="D0N29"/>
            <port dstActor="D0N43" name="p42" srcActor="D0N29"/>
            <port dstActor="D0N45" name="p43" srcActor="D0N29"/>
            <port dstActor="D0N46" name="p44" srcActor="D0N39"/>
            <port dstActor="D0N42" name="p45" srcActor="D0N17"/>
            <port dstActor="D0N21" name="p46" srcActor="D0N17"/>
            <port dstActor="D0N33" name="p47" srcActor="D0N17"/>
            <port dstActor="D0N48" name="p48" srcActor="D0N38"/>
            <port dstActor="D0N18" name="p49" srcActor="D0N5"/>
            <port dstActor="D0N12" name="p50" srcActor="D0N5"/>
            <port dstActor="D0N10" name="p51" srcActor="D0N5"/>
            <port dstActor="D0N25" name="p52" srcActor="D0N5"/>
            <port dstActor="D0N23" name="p53" srcActor="D0N5"/>
            <port dstActor="D0N31" name="p54" srcActor="D0N5"/>
            <port dstActor="D0N44" name="p55" srcActor="D0N5"/>
            <port dstActor="D0N29" name="p56" srcActor="D0N5"/>
            <port dstActor="D0N23" name="p57" srcActor="D0N20"/>
            <port dstActor="D0N42" name="p58" srcActor="D0N20"/>
            <port dstActor="D0N35" name="p59" srcActor="D0N20"/>
            <port dstActor="D0N34" name="p60" srcActor="D0N33"/>
            <port dstActor="D0N47" name="p61" srcActor="D0N26"/>
            <port dstActor="D0N48" name="p62" srcActor="D0N46"/>
            <port dstActor="D0N44" name="p63" srcActor="D0N12"/>
            <port dstActor="D0N34" name="p64" srcActor="D0N12"/>
            <port dstActor="D0N39" name="p65" srcActor="D0N12"/>
            <port dstActor="D0N18" name="p66" srcActor="D0N0"/>
            <port dstActor="D0N29" name="p67" srcActor="D0N0"/>
            <port dstActor="D0N43" name="p68" srcActor="D0N0"/>
            <port dstActor="D0N8" name="p69" srcActor="D0N0"/>
            <port dstActor="D0N36" name="p70" srcActor="D0N0"/>
            <port dstActor="D0N45" name="p71" srcActor="D0N30"/>
            <port dstActor="D0N15" name="p72" srcActor="D0N4"/>
            <port dstActor="D0N10" name="p73" srcActor="D0N4"/>
            <port dstActor="D0N37" name="p74" srcActor="D0N4"/>
            <port dstActor="D0N45" name="p75" srcActor="D0N4"/>
            <port dstActor="D0N12" name="p76" srcActor="D0N4"/>
            <port dstActor="D0N47" name="p77" srcActor="D0N4"/>
            <port dstActor="D0N37" name="p78" srcActor="D0N31"/>
            <port dstActor="D0N39" name="p79" srcActor="D0N31"/>
            <port dstActor="D0N29" name="p80" srcActor="D0N27"/>
            <port dstActor="D0N34" name="p81" srcActor="D0N27"/>
            <port dstActor="D0N42" name="p82" srcActor="D0N27"/>
            <port dstActor="D0N46" name="p83" srcActor="D0N27"/>
            <port dstActor="D0N35" name="p84" srcActor="D0N27"/>
            <port dstActor="D0N13" name="p85" srcActor="D0N11"/>
            <port dstActor="D0N20" name="p86" srcActor="D0N11"/>
            <port dstActor="D0N33" name="p87" srcActor="D0N11"/>
            <port dstActor="D0N18" name="p88" srcActor="D0N11"/>
            <port dstActor="D0N23" name="p89" srcActor="D0N1"/>
            <port dstActor="D0N36" name="p90" srcActor="D0N1"/>
            <port dstActor="D0N26" name="p91" srcActor="D0N1"/>
            <port dstActor="D0N17" name="p92" srcActor="D0N1"/>
            <port dstActor="D0N41" name="p93" srcActor="D0N1"/>
            <port dstActor="D0N29" name="p94" srcActor="D0N1"/>
            <port dstActor="D0N45" name="p95" srcActor="D0N19"/>
            <port dstActor="D0N43" name="p96" srcActor="D0N19"/>
            <port dstActor="D0N23" name="p97" srcActor="D0N19"/>
            <port dstActor="D0N46" name="p98" srcActor="D0N3"/>
            <port dstActor="D0N7" name="p99" srcActor="D0N3"/>
            <port dstActor="D0N43" name="p100" srcActor="D0N3"/>
            <port dstActor="D0N5" name="p101" srcActor="D0N3"/>
            <port dstActor="D0N14" name="p102" srcActor="D0N3"/>
            <port dstActor="D0N45" name="p103" srcActor="D0N3"/>
            <port dstActor="D0N45" name="p104" srcActor="D0N23"/>
            <port dstActor="D0N40" name="p105" srcActor="D0N16"/>
            <port dstActor="D0N24" name="p106" srcActor="D0N16"/>
            <port dstActor="D0N47" name="p107" srcActor="D0N37"/>
            <port dstActor="D0N14" name="p108" srcActor="D0N9"/>
            <port dstActor="D0N17" name="p109" srcActor="D0N9"/>
            <port dstActor="D0N45" name="p110" srcActor="D0N9"/>
            <port dstActor="D0N22" name="p111" srcActor="D0N8"/>
            <port dstActor="D0N40" name="p112" srcActor="D0N8"/>
            <port dstActor="D0N34" name="p113" srcActor="D0N25"/>
        </ports>
    </mcdag>
    <cores number="2"/>
    <levels number="2"/>
</mcsystem>
