<?xml version="1.0" encoding="UTF-8" standalone="no"?>
<mcsystem>
    <mcdag deadline="3000" name="genned-0-ed-10.0-0">
        <actor name="D0N24">
            <wcet number="0">80</wcet>
            <wcet number="1">190</wcet>
            <maxpow number="0.4968329388889022"/>
            <maxpow number="0.4968329388889022"/>
            <fprob>0.0</fprob>
        </actor>
        <actor name="D0N33">
            <wcet number="0">500</wcet>
            <wcet number="1">550</wcet>
            <maxpow number="0.41912792263383214"/>
            <maxpow number="0.41912792263383214"/>
            <fprob>0.0</fprob>
        </actor>
        <actor name="D0N47">
            <wcet number="0">20</wcet>
            <wcet number="1">30</wcet>
            <maxpow number="0.41934129223701055"/>
            <maxpow number="0.41934129223701055"/>
            <fprob>0.0</fprob>
        </actor>
        <actor name="D0N38">
            <wcet number="0">60</wcet>
            <wcet number="1">120</wcet>
            <maxpow number="0.7268985188528552"/>
            <maxpow number="0.7268985188528552"/>
            <fprob>0.0</fprob>
        </actor>
        <actor name="D0N15">
            <wcet number="0">140</wcet>
            <wcet number="1">140</wcet>
            <maxpow number="0.47453264332190115"/>
            <maxpow number="0.47453264332190115"/>
            <fprob>0.0</fprob>
        </actor>
        <actor name="D0N31">
            <wcet number="0">30</wcet>
            <wcet number="1">130</wcet>
            <maxpow number="0.7259784222363181"/>
            <maxpow number="0.7259784222363181"/>
            <fprob>0.0</fprob>
        </actor>
        <actor name="D0N39">
            <wcet number="0">70</wcet>
            <wcet number="1">70</wcet>
            <maxpow number="0.4632308131490887"/>
            <maxpow number="0.4632308131490887"/>
            <fprob>0.0</fprob>
        </actor>
        <actor name="D0N46">
            <wcet number="0">150</wcet>
            <wcet number="1">300</wcet>
            <maxpow number="0.48951789272970275"/>
            <maxpow number="0.48951789272970275"/>
            <fprob>0.0</fprob>
        </actor>
        <actor name="D0N22">
            <wcet number="0">10</wcet>
            <wcet number="1">50</wcet>
            <maxpow number="0.41154524953963567"/>
            <maxpow number="0.41154524953963567"/>
            <fprob>0.0</fprob>
        </actor>
        <actor name="D0N20">
            <wcet number="0">20</wcet>
            <wcet number="1">70</wcet>
            <maxpow number="0.34283849332484406"/>
            <maxpow number="0.34283849332484406"/>
            <fprob>0.0</fprob>
        </actor>
        <actor name="D0N42">
            <wcet number="0">120</wcet>
            <wcet number="1">150</wcet>
            <maxpow number="0.5564692349252843"/>
            <maxpow number="0.5564692349252843"/>
            <fprob>0.0</fprob>
        </actor>
        <actor name="D0N29">
            <wcet number="0">300</wcet>
            <wcet number="1">450</wcet>
            <maxpow number="0.7510812585256113"/>
            <maxpow number="0.7510812585256113"/>
            <fprob>0.0</fprob>
        </actor>
        <actor name="D0N48">
            <wcet number="0">30</wcet>
            <wcet number="1">50</wcet>
            <maxpow number="0.6664594174412592"/>
            <maxpow number="0.6664594174412592"/>
            <fprob>0.0</fprob>
        </actor>
        <actor name="D0N3">
            <wcet number="0">70</wcet>
            <wcet number="1">210</wcet>
            <maxpow number="0.591634469619248"/>
            <maxpow number="0.591634469619248"/>
            <fprob>0.0</fprob>
        </actor>
        <actor name="D0N8">
            <wcet number="0">80</wcet>
            <wcet number="1">80</wcet>
            <maxpow number="0.6482451170034236"/>
            <maxpow number="0.6482451170034236"/>
            <fprob>0.0</fprob>
        </actor>
        <actor name="D0N1">
            <wcet number="0">20</wcet>
            <wcet number="1">20</wcet>
            <maxpow number="0.4821919773122264"/>
            <maxpow number="0.4821919773122264"/>
            <fprob>0.0</fprob>
        </actor>
        <actor name="D0N17">
            <wcet number="0">80</wcet>
            <wcet number="1">220</wcet>
            <maxpow number="0.6404564104090295"/>
            <maxpow number="0.6404564104090295"/>
            <fprob>0.0</fprob>
        </actor>
        <actor name="D0N35">
            <wcet number="0">20</wcet>
            <wcet number="1">30</wcet>
            <maxpow number="0.3891861481769522"/>
            <maxpow number="0.3891861481769522"/>
            <fprob>0.0</fprob>
        </actor>
        <actor name="D0N40">
            <wcet number="0">50</wcet>
            <wcet number="1">140</wcet>
            <maxpow number="0.45021273470519746"/>
            <maxpow number="0.45021273470519746"/>
            <fprob>0.0</fprob>
        </actor>
        <actor name="D0N9">
            <wcet number="0">220</wcet>
            <wcet number="1">330</wcet>
            <maxpow number="0.7424225750265177"/>
            <maxpow number="0.7424225750265177"/>
            <fprob>0.0</fprob>
        </actor>
        <actor name="D0N36">
            <wcet number="0">60</wcet>
            <wcet number="1">150</wcet>
            <maxpow number="0.5804843238277373"/>
            <maxpow number="0.5804843238277373"/>
            <fprob>0.0</fprob>
        </actor>
        <actor name="D0N37">
            <wcet number="0">70</wcet>
            <wcet number="1">80</wcet>
            <maxpow number="0.8526256155725846"/>
            <maxpow number="0.8526256155725846"/>
            <fprob>0.0</fprob>
        </actor>
        <actor name="D0N21">
            <wcet number="0">80</wcet>
            <wcet number="1">80</wcet>
            <maxpow number="0.6327250830823548"/>
            <maxpow number="0.6327250830823548"/>
            <fprob>0.0</fprob>
        </actor>
        <actor name="D0N7">
            <wcet number="0">40</wcet>
            <wcet number="1">190</wcet>
            <maxpow number="0.6153171269088107"/>
            <maxpow number="0.6153171269088107"/>
            <fprob>0.0</fprob>
        </actor>
        <actor name="D0N45">
            <wcet number="0">140</wcet>
            <wcet number="1">270</wcet>
            <maxpow number="0.4964750533424609"/>
            <maxpow number="0.4964750533424609"/>
            <fprob>0.0</fprob>
        </actor>
        <actor name="D0N25">
            <wcet number="0">10</wcet>
            <wcet number="1">30</wcet>
            <maxpow number="0.5826082137905308"/>
            <maxpow number="0.5826082137905308"/>
            <fprob>0.0</fprob>
        </actor>
        <actor name="D0N6">
            <wcet number="0">40</wcet>
            <wcet number="1">50</wcet>
            <maxpow number="0.3970000065113143"/>
            <maxpow number="0.3970000065113143"/>
            <fprob>0.0</fprob>
        </actor>
        <actor name="D0N5">
            <wcet number="0">20</wcet>
            <wcet number="1">20</wcet>
            <maxpow number="0.663816798619387"/>
            <maxpow number="0.663816798619387"/>
            <fprob>0.0</fprob>
        </actor>
        <actor name="D0N14">
            <wcet number="0">100</wcet>
            <wcet number="1">110</wcet>
            <maxpow number="0.6651968590604755"/>
            <maxpow number="0.6651968590604755"/>
            <fprob>0.0</fprob>
        </actor>
        <actor name="D0N0">
            <wcet number="0">350</wcet>
            <wcet number="1">480</wcet>
            <maxpow number="0.3494174599221549"/>
            <maxpow number="0.3494174599221549"/>
            <fprob>0.0</fprob>
        </actor>
        <actor name="D0N13">
            <wcet number="0">30</wcet>
            <wcet number="1">240</wcet>
            <maxpow number="0.38622672734426733"/>
            <maxpow number="0.38622672734426733"/>
            <fprob>0.0</fprob>
        </actor>
        <actor name="D0N10">
            <wcet number="0">200</wcet>
            <wcet number="1">210</wcet>
            <maxpow number="0.27438187156301225"/>
            <maxpow number="0.27438187156301225"/>
            <fprob>0.0</fprob>
        </actor>
        <actor name="D0N2">
            <wcet number="0">10</wcet>
            <wcet number="1">20</wcet>
            <maxpow number="0.16743129127393563"/>
            <maxpow number="0.16743129127393563"/>
            <fprob>0.0</fprob>
        </actor>
        <actor name="D0N44">
            <wcet number="0">10</wcet>
            <wcet number="1">10</wcet>
            <maxpow number="0.6764200279211915"/>
            <maxpow number="0.6764200279211915"/>
            <fprob>0.0</fprob>
        </actor>
        <actor name="D0N18">
            <wcet number="0">160</wcet>
            <wcet number="1">260</wcet>
            <maxpow number="0.34603905121918876"/>
            <maxpow number="0.34603905121918876"/>
            <fprob>0.0</fprob>
        </actor>
        <actor name="D0N4">
            <wcet number="0">10</wcet>
            <wcet number="1">90</wcet>
            <maxpow number="0.4283281640511589"/>
            <maxpow number="0.4283281640511589"/>
            <fprob>0.0</fprob>
        </actor>
        <actor name="D0N26">
            <wcet number="0">10</wcet>
            <wcet number="1">10</wcet>
            <maxpow number="0.8397815581057816"/>
            <maxpow number="0.8397815581057816"/>
            <fprob>0.0</fprob>
        </actor>
        <actor name="D0N43">
            <wcet number="0">50</wcet>
            <wcet number="1">60</wcet>
            <maxpow number="0.40427663035784267"/>
            <maxpow number="0.40427663035784267"/>
            <fprob>0.0</fprob>
        </actor>
        <actor name="D0N23">
            <wcet number="0">80</wcet>
            <wcet number="1">130</wcet>
            <maxpow number="0.5273355094803165"/>
            <maxpow number="0.5273355094803165"/>
            <fprob>0.0</fprob>
        </actor>
        <actor name="D0N27">
            <wcet number="0">20</wcet>
            <wcet number="1">20</wcet>
            <maxpow number="0.7999620263858336"/>
            <maxpow number="0.7999620263858336"/>
            <fprob>0.0</fprob>
        </actor>
        <actor name="D0N12">
            <wcet number="0">20</wcet>
            <wcet number="1">30</wcet>
            <maxpow number="0.24241511236722635"/>
            <maxpow number="0.24241511236722635"/>
            <fprob>0.0</fprob>
        </actor>
        <actor name="D0N19">
            <wcet number="0">200</wcet>
            <wcet number="1">380</wcet>
            <maxpow number="0.4517415721230981"/>
            <maxpow number="0.4517415721230981"/>
            <fprob>0.0</fprob>
        </actor>
        <actor name="D0N28">
            <wcet number="0">200</wcet>
            <wcet number="1">330</wcet>
            <maxpow number="0.5900131249893711"/>
            <maxpow number="0.5900131249893711"/>
            <fprob>0.0</fprob>
        </actor>
        <actor name="D0N11">
            <wcet number="0">40</wcet>
            <wcet number="1">50</wcet>
            <maxpow number="0.4458138550886241"/>
            <maxpow number="0.4458138550886241"/>
            <fprob>0.0</fprob>
        </actor>
        <actor name="D0N32">
            <wcet number="0">10</wcet>
            <wcet number="1">20</wcet>
            <maxpow number="0.7934412052157498"/>
            <maxpow number="0.7934412052157498"/>
            <fprob>0.0</fprob>
        </actor>
        <actor name="D0N30">
            <wcet number="0">280</wcet>
            <wcet number="1">340</wcet>
            <maxpow number="0.4862751976734574"/>
            <maxpow number="0.4862751976734574"/>
            <fprob>0.0</fprob>
        </actor>
        <actor name="D0N41">
            <wcet number="0">10</wcet>
            <wcet number="1">170</wcet>
            <maxpow number="0.907358015580804"/>
            <maxpow number="0.907358015580804"/>
            <fprob>0.0</fprob>
        </actor>
        <actor name="D0N16">
            <wcet number="0">160</wcet>
            <wcet number="1">280</wcet>
            <maxpow number="0.6237719259541826"/>
            <maxpow number="0.6237719259541826"/>
            <fprob>0.0</fprob>
        </actor>
        <actor name="D0N34">
            <wcet number="0">20</wcet>
            <wcet number="1">60</wcet>
            <maxpow number="0.5314656585452194"/>
            <maxpow number="0.5314656585452194"/>
            <fprob>0.0</fprob>
        </actor>
        <ports>
            <port dstActor="D0N32" name="p0" srcActor="D0N24"/>
            <port dstActor="D0N38" name="p1" srcActor="D0N33"/>
            <port dstActor="D0N46" name="p2" srcActor="D0N38"/>
            <port dstActor="D0N40" name="p3" srcActor="D0N38"/>
            <port dstActor="D0N47" name="p4" srcActor="D0N15"/>
            <port dstActor="D0N48" name="p5" srcActor="D0N15"/>
            <port dstActor="D0N31" name="p6" srcActor="D0N15"/>
            <port dstActor="D0N43" name="p7" srcActor="D0N31"/>
            <port dstActor="D0N37" name="p8" srcActor="D0N31"/>
            <port dstActor="D0N45" name="p9" srcActor="D0N39"/>
            <port dstActor="D0N46" name="p10" srcActor="D0N39"/>
            <port dstActor="D0N40" name="p11" srcActor="D0N39"/>
            <port dstActor="D0N44" name="p12" srcActor="D0N22"/>
            <port dstActor="D0N28" name="p13" srcActor="D0N22"/>
            <port dstActor="D0N40" name="p14" srcActor="D0N20"/>
            <port dstActor="D0N36" name="p15" srcActor="D0N20"/>
            <port dstActor="D0N41" name="p16" srcActor="D0N20"/>
            <port dstActor="D0N34" name="p17" srcActor="D0N20"/>
            <port dstActor="D0N46" name="p18" srcActor="D0N20"/>
            <port dstActor="D0N35" name="p19" srcActor="D0N20"/>
            <port dstActor="D0N48" name="p20" srcActor="D0N42"/>
            <port dstActor="D0N44" name="p21" srcActor="D0N42"/>
            <port dstActor="D0N39" name="p22" srcActor="D0N29"/>
            <port dstActor="D0N16" name="p23" srcActor="D0N3"/>
            <port dstActor="D0N20" name="p24" srcActor="D0N3"/>
            <port dstActor="D0N46" name="p25" srcActor="D0N3"/>
            <port dstActor="D0N44" name="p26" srcActor="D0N3"/>
            <port dstActor="D0N18" name="p27" srcActor="D0N3"/>
            <port dstActor="D0N13" name="p28" srcActor="D0N3"/>
            <port dstActor="D0N19" name="p29" srcActor="D0N8"/>
            <port dstActor="D0N28" name="p30" srcActor="D0N8"/>
            <port dstActor="D0N21" name="p31" srcActor="D0N8"/>
            <port dstActor="D0N36" name="p32" srcActor="D0N8"/>
            <port dstActor="D0N35" name="p33" srcActor="D0N8"/>
            <port dstActor="D0N29" name="p34" srcActor="D0N1"/>
            <port dstActor="D0N8" name="p35" srcActor="D0N1"/>
            <port dstActor="D0N41" name="p36" srcActor="D0N1"/>
            <port dstActor="D0N12" name="p37" srcActor="D0N1"/>
            <port dstActor="D0N41" name="p38" srcActor="D0N17"/>
            <port dstActor="D0N27" name="p39" srcActor="D0N17"/>
            <port dstActor="D0N45" name="p40" srcActor="D0N17"/>
            <port dstActor="D0N21" name="p41" srcActor="D0N9"/>
            <port dstActor="D0N43" name="p42" srcActor="D0N9"/>
            <port dstActor="D0N12" name="p43" srcActor="D0N9"/>
            <port dstActor="D0N22" name="p44" srcActor="D0N9"/>
            <port dstActor="D0N47" name="p45" srcActor="D0N9"/>
            <port dstActor="D0N27" name="p46" srcActor="D0N9"/>
            <port dstActor="D0N35" name="p47" srcActor="D0N9"/>
            <port dstActor="D0N45" name="p48" srcActor="D0N21"/>
            <port dstActor="D0N41" name="p49" srcActor="D0N21"/>
            <port dstActor="D0N38" name="p50" srcActor="D0N21"/>
            <port dstActor="D0N39" name="p51" srcActor="D0N21"/>
            <port dstActor="D0N17" name="p52" srcActor="D0N7"/>
            <port dstActor="D0N20" name="p53" srcActor="D0N7"/>
            <port dstActor="D0N22" name="p54" srcActor="D0N7"/>
            <port dstActor="D0N10" name="p55" srcActor="D0N7"/>
            <port dstActor="D0N13" name="p56" srcActor="D0N7"/>
            <port dstActor="D0N47" name="p57" srcActor="D0N45"/>
            <port dstActor="D0N27" name="p58" srcActor="D0N25"/>
            <port dstActor="D0N40" name="p59" srcActor="D0N25"/>
            <port dstActor="D0N46" name="p60" srcActor="D0N25"/>
            <port dstActor="D0N29" name="p61" srcActor="D0N6"/>
            <port dstActor="D0N10" name="p62" srcActor="D0N6"/>
            <port dstActor="D0N30" name="p63" srcActor="D0N6"/>
            <port dstActor="D0N9" name="p64" srcActor="D0N6"/>
            <port dstActor="D0N31" name="p65" srcActor="D0N6"/>
            <port dstActor="D0N35" name="p66" srcActor="D0N6"/>
            <port dstActor="D0N21" name="p67" srcActor="D0N6"/>
            <port dstActor="D0N17" name="p68" srcActor="D0N5"/>
            <port dstActor="D0N32" name="p69" srcActor="D0N5"/>
            <port dstActor="D0N34" name="p70" srcActor="D0N5"/>
            <port dstActor="D0N38" name="p71" srcActor="D0N5"/>
            <port dstActor="D0N16" name="p72" srcActor="D0N14"/>
            <port dstActor="D0N15" name="p73" srcActor="D0N14"/>
            <port dstActor="D0N33" name="p74" srcActor="D0N14"/>
            <port dstActor="D0N30" name="p75" srcActor="D0N0"/>
            <port dstActor="D0N39" name="p76" srcActor="D0N0"/>
            <port dstActor="D0N20" name="p77" srcActor="D0N0"/>
            <port dstActor="D0N7" name="p78" srcActor="D0N0"/>
            <port dstActor="D0N25" name="p79" srcActor="D0N0"/>
            <port dstActor="D0N31" name="p80" srcActor="D0N0"/>
            <port dstActor="D0N39" name="p81" srcActor="D0N13"/>
            <port dstActor="D0N41" name="p82" srcActor="D0N13"/>
            <port dstActor="D0N15" name="p83" srcActor="D0N13"/>
            <port dstActor="D0N37" name="p84" srcActor="D0N13"/>
            <port dstActor="D0N46" name="p85" srcActor="D0N13"/>
            <port dstActor="D0N44" name="p86" srcActor="D0N13"/>
            <port dstActor="D0N32" name="p87" srcActor="D0N13"/>
            <port dstActor="D0N25" name="p88" srcActor="D0N2"/>
            <port dstActor="D0N47" name="p89" srcActor="D0N2"/>
            <port dstActor="D0N10" name="p90" srcActor="D0N2"/>
            <port dstActor="D0N9" name="p91" srcActor="D0N2"/>
            <port dstActor="D0N12" name="p92" srcActor="D0N2"/>
            <port dstActor="D0N26" name="p93" srcActor="D0N2"/>
            <port dstActor="D0N28" name="p94" srcActor="D0N18"/>
            <port dstActor="D0N47" name="p95" srcActor="D0N4"/>
            <port dstActor="D0N19" name="p96" srcActor="D0N4"/>
            <port dstActor="D0N27" name="p97" srcActor="D0N4"/>
            <port dstActor="D0N7" name="p98" srcActor="D0N4"/>
            <port dstActor="D0N39" name="p99" srcActor="D0N4"/>
            <port dstActor="D0N37" name="p100" srcActor="D0N26"/>
            <port dstActor="D0N36" name="p101" srcActor="D0N26"/>
            <port dstActor="D0N48" name="p102" srcActor="D0N26"/>
            <port dstActor="D0N42" name="p103" srcActor="D0N26"/>
            <port dstActor="D0N48" name="p104" srcActor="D0N43"/>
            <port dstActor="D0N33" name="p105" srcActor="D0N27"/>
            <port dstActor="D0N20" name="p106" srcActor="D0N12"/>
            <port dstActor="D0N38" name="p107" srcActor="D0N12"/>
            <port dstActor="D0N15" name="p108" srcActor="D0N12"/>
            <port dstActor="D0N36" name="p109" srcActor="D0N19"/>
            <port dstActor="D0N34" name="p110" srcActor="D0N19"/>
            <port dstActor="D0N38" name="p111" srcActor="D0N19"/>
            <port dstActor="D0N29" name="p112" srcActor="D0N19"/>
            <port dstActor="D0N47" name="p113" srcActor="D0N28"/>
            <port dstActor="D0N34" name="p114" srcActor="D0N28"/>
            <port dstActor="D0N38" name="p115" srcActor="D0N28"/>
            <port dstActor="D0N34" name="p116" srcActor="D0N11"/>
            <port dstActor="D0N40" name="p117" srcActor="D0N11"/>
            <port dstActor="D0N37" name="p118" srcActor="D0N11"/>
            <port dstActor="D0N15" name="p119" srcActor="D0N11"/>
            <port dstActor="D0N28" name="p120" srcActor="D0N11"/>
            <port dstActor="D0N47" name="p121" srcActor="D0N11"/>
            <port dstActor="D0N20" name="p122" srcActor="D0N11"/>
            <port dstActor="D0N33" name="p123" srcActor="D0N30"/>
            <port dstActor="D0N43" name="p124" srcActor="D0N30"/>
            <port dstActor="D0N47" name="p125" srcActor="D0N41"/>
            <port dstActor="D0N44" name="p126" srcActor="D0N16"/>
            <port dstActor="D0N19" name="p127" srcActor="D0N16"/>
            <port dstActor="D0N22" name="p128" srcActor="D0N16"/>
            <port dstActor="D0N31" name="p129" srcActor="D0N16"/>
            <port dstActor="D0N26" name="p130" srcActor="D0N16"/>
        </ports>
    </mcdag>
    <cores number="3"/>
    <levels number="2"/>
</mcsystem>
