<?xml version="1.0" encoding="UTF-8" standalone="no"?>
<mcsystem>
    <mcdag deadline="1500" name="genned-0-ed-10.0-0">
        <actor name="D0N24">
            <wcet number="0">50</wcet>
            <wcet number="1">90</wcet>
            <maxpow number="0.23182663623737865"/>
            <maxpow number="0.23182663623737865"/>
            <fprob>0.0</fprob>
        </actor>
        <actor name="D0N32">
            <wcet number="0">280</wcet>
            <wcet number="1">350</wcet>
            <maxpow number="0.7100814207139743"/>
            <maxpow number="0.7100814207139743"/>
            <fprob>0.0</fprob>
        </actor>
        <actor name="D0N13">
            <wcet number="0">50</wcet>
            <wcet number="1">120</wcet>
            <maxpow number="0.5474440650645548"/>
            <maxpow number="0.5474440650645548"/>
            <fprob>0.0</fprob>
        </actor>
        <actor name="D0N30">
            <wcet number="0">10</wcet>
            <wcet number="1">10</wcet>
            <maxpow number="0.4671459800761323"/>
            <maxpow number="0.4671459800761323"/>
            <fprob>0.0</fprob>
        </actor>
        <actor name="D0N11">
            <wcet number="0">20</wcet>
            <wcet number="1">50</wcet>
            <maxpow number="0.747415102469536"/>
            <maxpow number="0.747415102469536"/>
            <fprob>0.0</fprob>
        </actor>
        <actor name="D0N31">
            <wcet number="0">110</wcet>
            <wcet number="1">110</wcet>
            <maxpow number="0.6617375051974277"/>
            <maxpow number="0.6617375051974277"/>
            <fprob>0.0</fprob>
        </actor>
        <actor name="D0N33">
            <wcet number="0">50</wcet>
            <wcet number="1">230</wcet>
            <maxpow number="0.3597243831877559"/>
            <maxpow number="0.3597243831877559"/>
            <fprob>0.0</fprob>
        </actor>
        <actor name="D0N22">
            <wcet number="0">10</wcet>
            <wcet number="1">40</wcet>
            <maxpow number="0.4250729046420308"/>
            <maxpow number="0.4250729046420308"/>
            <fprob>0.0</fprob>
        </actor>
        <actor name="D0N27">
            <wcet number="0">10</wcet>
            <wcet number="1">40</wcet>
            <maxpow number="0.81407796241749"/>
            <maxpow number="0.81407796241749"/>
            <fprob>0.0</fprob>
        </actor>
        <actor name="D0N21">
            <wcet number="0">30</wcet>
            <wcet number="1">30</wcet>
            <maxpow number="0.5800728793881001"/>
            <maxpow number="0.5800728793881001"/>
            <fprob>0.0</fprob>
        </actor>
        <actor name="D0N8">
            <wcet number="0">10</wcet>
            <wcet number="1">10</wcet>
            <maxpow number="0.641836196952733"/>
            <maxpow number="0.641836196952733"/>
            <fprob>0.0</fprob>
        </actor>
        <actor name="D0N37">
            <wcet number="0">10</wcet>
            <wcet number="1">10</wcet>
            <maxpow number="0.3764497853211408"/>
            <maxpow number="0.3764497853211408"/>
            <fprob>0.0</fprob>
        </actor>
        <actor name="D0N40">
            <wcet number="0">10</wcet>
            <wcet number="1">10</wcet>
            <maxpow number="0.6422962701380123"/>
            <maxpow number="0.6422962701380123"/>
            <fprob>0.0</fprob>
        </actor>
        <actor name="D0N35">
            <wcet number="0">30</wcet>
            <wcet number="1">70</wcet>
            <maxpow number="0.5097389112330728"/>
            <maxpow number="0.5097389112330728"/>
            <fprob>0.0</fprob>
        </actor>
        <actor name="D0N29">
            <wcet number="0">10</wcet>
            <wcet number="1">150</wcet>
            <maxpow number="0.47786983922088155"/>
            <maxpow number="0.47786983922088155"/>
            <fprob>0.0</fprob>
        </actor>
        <actor name="D0N9">
            <wcet number="0">10</wcet>
            <wcet number="1">90</wcet>
            <maxpow number="0.7381225735095402"/>
            <maxpow number="0.7381225735095402"/>
            <fprob>0.0</fprob>
        </actor>
        <actor name="D0N5">
            <wcet number="0">200</wcet>
            <wcet number="1">250</wcet>
            <maxpow number="0.266612420868007"/>
            <maxpow number="0.266612420868007"/>
            <fprob>0.0</fprob>
        </actor>
        <actor name="D0N36">
            <wcet number="0">50</wcet>
            <wcet number="1">60</wcet>
            <maxpow number="0.9684182991080066"/>
            <maxpow number="0.9684182991080066"/>
            <fprob>0.0</fprob>
        </actor>
        <actor name="D0N41">
            <wcet number="0">30</wcet>
            <wcet number="1">170</wcet>
            <maxpow number="0.4549948547276822"/>
            <maxpow number="0.4549948547276822"/>
            <fprob>0.0</fprob>
        </actor>
        <actor name="D0N2">
            <wcet number="0">50</wcet>
            <wcet number="1">70</wcet>
            <maxpow number="0.7119827962555407"/>
            <maxpow number="0.7119827962555407"/>
            <fprob>0.0</fprob>
        </actor>
        <actor name="D0N12">
            <wcet number="0">20</wcet>
            <wcet number="1">40</wcet>
            <maxpow number="0.6329167545623955"/>
            <maxpow number="0.6329167545623955"/>
            <fprob>0.0</fprob>
        </actor>
        <actor name="D0N7">
            <wcet number="0">30</wcet>
            <wcet number="1">90</wcet>
            <maxpow number="0.6390068219149376"/>
            <maxpow number="0.6390068219149376"/>
            <fprob>0.0</fprob>
        </actor>
        <actor name="D0N0">
            <wcet number="0">160</wcet>
            <wcet number="1">230</wcet>
            <maxpow number="0.3033060120994471"/>
            <maxpow number="0.3033060120994471"/>
            <fprob>0.0</fprob>
        </actor>
        <actor name="D0N42">
            <wcet number="0">10</wcet>
            <wcet number="1">30</wcet>
            <maxpow number="0.5707557458030832"/>
            <maxpow number="0.5707557458030832"/>
            <fprob>0.0</fprob>
        </actor>
        <actor name="D0N45">
            <wcet number="0">10</wcet>
            <wcet number="1">60</wcet>
            <maxpow number="0.428521782665945"/>
            <maxpow number="0.428521782665945"/>
            <fprob>0.0</fprob>
        </actor>
        <actor name="D0N20">
            <wcet number="0">80</wcet>
            <wcet number="1">80</wcet>
            <maxpow number="0.4320713739789325"/>
            <maxpow number="0.4320713739789325"/>
            <fprob>0.0</fprob>
        </actor>
        <actor name="D0N48">
            <wcet number="0">10</wcet>
            <wcet number="1">10</wcet>
            <maxpow number="0.754522331549456"/>
            <maxpow number="0.754522331549456"/>
            <fprob>0.0</fprob>
        </actor>
        <actor name="D0N4">
            <wcet number="0">100</wcet>
            <wcet number="1">140</wcet>
            <maxpow number="0.40841997767019533"/>
            <maxpow number="0.40841997767019533"/>
            <fprob>0.0</fprob>
        </actor>
        <actor name="D0N39">
            <wcet number="0">10</wcet>
            <wcet number="1">50</wcet>
            <maxpow number="0.5617575389836365"/>
            <maxpow number="0.5617575389836365"/>
            <fprob>0.0</fprob>
        </actor>
        <actor name="D0N3">
            <wcet number="0">20</wcet>
            <wcet number="1">50</wcet>
            <maxpow number="0.6110002035111077"/>
            <maxpow number="0.6110002035111077"/>
            <fprob>0.0</fprob>
        </actor>
        <actor name="D0N10">
            <wcet number="0">50</wcet>
            <wcet number="1">60</wcet>
            <maxpow number="0.70648913152586"/>
            <maxpow number="0.70648913152586"/>
            <fprob>0.0</fprob>
        </actor>
        <actor name="D0N1">
            <wcet number="0">20</wcet>
            <wcet number="1">30</wcet>
            <maxpow number="0.29075687749074103"/>
            <maxpow number="0.29075687749074103"/>
            <fprob>0.0</fprob>
        </actor>
        <actor name="D0N25">
            <wcet number="0">20</wcet>
            <wcet number="1">40</wcet>
            <maxpow number="0.659905421377573"/>
            <maxpow number="0.659905421377573"/>
            <fprob>0.0</fprob>
        </actor>
        <actor name="D0N19">
            <wcet number="0">30</wcet>
            <wcet number="1">30</wcet>
            <maxpow number="0.4509162976151247"/>
            <maxpow number="0.4509162976151247"/>
            <fprob>0.0</fprob>
        </actor>
        <actor name="D0N23">
            <wcet number="0">110</wcet>
            <wcet number="1">210</wcet>
            <maxpow number="0.2471066350634441"/>
            <maxpow number="0.2471066350634441"/>
            <fprob>0.0</fprob>
        </actor>
        <actor name="D0N26">
            <wcet number="0">20</wcet>
            <wcet number="1">20</wcet>
            <maxpow number="0.7841502646302152"/>
            <maxpow number="0.7841502646302152"/>
            <fprob>0.0</fprob>
        </actor>
        <actor name="D0N44">
            <wcet number="0">80</wcet>
            <wcet number="1">250</wcet>
            <maxpow number="0.36638715752791434"/>
            <maxpow number="0.36638715752791434"/>
            <fprob>0.0</fprob>
        </actor>
        <actor name="D0N43">
            <wcet number="0">60</wcet>
            <wcet number="1">60</wcet>
            <maxpow number="0.27391681968900483"/>
            <maxpow number="0.27391681968900483"/>
            <fprob>0.0</fprob>
        </actor>
        <actor name="D0N6">
            <wcet number="0">30</wcet>
            <wcet number="1">50</wcet>
            <maxpow number="0.6114201731111603"/>
            <maxpow number="0.6114201731111603"/>
            <fprob>0.0</fprob>
        </actor>
        <actor name="D0N17">
            <wcet number="0">60</wcet>
            <wcet number="1">160</wcet>
            <maxpow number="0.4000856969345221"/>
            <maxpow number="0.4000856969345221"/>
            <fprob>0.0</fprob>
        </actor>
        <actor name="D0N46">
            <wcet number="0">10</wcet>
            <wcet number="1">40</wcet>
            <maxpow number="0.3327095825609858"/>
            <maxpow number="0.3327095825609858"/>
            <fprob>0.0</fprob>
        </actor>
        <actor name="D0N47">
            <wcet number="0">60</wcet>
            <wcet number="1">110</wcet>
            <maxpow number="0.5971919223607823"/>
            <maxpow number="0.5971919223607823"/>
            <fprob>0.0</fprob>
        </actor>
        <actor name="D0N18">
            <wcet number="0">50</wcet>
            <wcet number="1">50</wcet>
            <maxpow number="0.6015006013195578"/>
            <maxpow number="0.6015006013195578"/>
            <fprob>0.0</fprob>
        </actor>
        <actor name="D0N38">
            <wcet number="0">60</wcet>
            <wcet number="1">80</wcet>
            <maxpow number="0.5120058604843656"/>
            <maxpow number="0.5120058604843656"/>
            <fprob>0.0</fprob>
        </actor>
        <actor name="D0N15">
            <wcet number="0">30</wcet>
            <wcet number="1">40</wcet>
            <maxpow number="0.6786237691863656"/>
            <maxpow number="0.6786237691863656"/>
            <fprob>0.0</fprob>
        </actor>
        <actor name="D0N16">
            <wcet number="0">20</wcet>
            <wcet number="1">20</wcet>
            <maxpow number="0.7775165676814576"/>
            <maxpow number="0.7775165676814576"/>
            <fprob>0.0</fprob>
        </actor>
        <actor name="D0N34">
            <wcet number="0">50</wcet>
            <wcet number="1">50</wcet>
            <maxpow number="0.5769021701601412"/>
            <maxpow number="0.5769021701601412"/>
            <fprob>0.0</fprob>
        </actor>
        <actor name="D0N28">
            <wcet number="0">20</wcet>
            <wcet number="1">30</wcet>
            <maxpow number="0.6552663951093693"/>
            <maxpow number="0.6552663951093693"/>
            <fprob>0.0</fprob>
        </actor>
        <actor name="D0N14">
            <wcet number="0">20</wcet>
            <wcet number="1">130</wcet>
            <maxpow number="0.6189876989468484"/>
            <maxpow number="0.6189876989468484"/>
            <fprob>0.0</fprob>
        </actor>
        <ports>
            <port dstActor="D0N26" name="p0" srcActor="D0N24"/>
            <port dstActor="D0N41" name="p1" srcActor="D0N24"/>
            <port dstActor="D0N46" name="p2" srcActor="D0N32"/>
            <port dstActor="D0N43" name="p3" srcActor="D0N32"/>
            <port dstActor="D0N47" name="p4" srcActor="D0N13"/>
            <port dstActor="D0N37" name="p5" srcActor="D0N13"/>
            <port dstActor="D0N17" name="p6" srcActor="D0N13"/>
            <port dstActor="D0N26" name="p7" srcActor="D0N13"/>
            <port dstActor="D0N44" name="p8" srcActor="D0N13"/>
            <port dstActor="D0N45" name="p9" srcActor="D0N30"/>
            <port dstActor="D0N27" name="p10" srcActor="D0N11"/>
            <port dstActor="D0N26" name="p11" srcActor="D0N11"/>
            <port dstActor="D0N45" name="p12" srcActor="D0N11"/>
            <port dstActor="D0N36" name="p13" srcActor="D0N11"/>
            <port dstActor="D0N41" name="p14" srcActor="D0N31"/>
            <port dstActor="D0N42" name="p15" srcActor="D0N31"/>
            <port dstActor="D0N37" name="p16" srcActor="D0N33"/>
            <port dstActor="D0N40" name="p17" srcActor="D0N22"/>
            <port dstActor="D0N43" name="p18" srcActor="D0N22"/>
            <port dstActor="D0N34" name="p19" srcActor="D0N22"/>
            <port dstActor="D0N44" name="p20" srcActor="D0N22"/>
            <port dstActor="D0N36" name="p21" srcActor="D0N27"/>
            <port dstActor="D0N44" name="p22" srcActor="D0N27"/>
            <port dstActor="D0N39" name="p23" srcActor="D0N27"/>
            <port dstActor="D0N46" name="p24" srcActor="D0N21"/>
            <port dstActor="D0N35" name="p25" srcActor="D0N8"/>
            <port dstActor="D0N45" name="p26" srcActor="D0N8"/>
            <port dstActor="D0N10" name="p27" srcActor="D0N8"/>
            <port dstActor="D0N40" name="p28" srcActor="D0N8"/>
            <port dstActor="D0N48" name="p29" srcActor="D0N40"/>
            <port dstActor="D0N44" name="p30" srcActor="D0N35"/>
            <port dstActor="D0N48" name="p31" srcActor="D0N35"/>
            <port dstActor="D0N38" name="p32" srcActor="D0N35"/>
            <port dstActor="D0N35" name="p33" srcActor="D0N29"/>
            <port dstActor="D0N46" name="p34" srcActor="D0N9"/>
            <port dstActor="D0N28" name="p35" srcActor="D0N9"/>
            <port dstActor="D0N25" name="p36" srcActor="D0N5"/>
            <port dstActor="D0N21" name="p37" srcActor="D0N5"/>
            <port dstActor="D0N45" name="p38" srcActor="D0N36"/>
            <port dstActor="D0N33" name="p39" srcActor="D0N2"/>
            <port dstActor="D0N42" name="p40" srcActor="D0N2"/>
            <port dstActor="D0N25" name="p41" srcActor="D0N2"/>
            <port dstActor="D0N40" name="p42" srcActor="D0N2"/>
            <port dstActor="D0N30" name="p43" srcActor="D0N2"/>
            <port dstActor="D0N10" name="p44" srcActor="D0N2"/>
            <port dstActor="D0N23" name="p45" srcActor="D0N2"/>
            <port dstActor="D0N39" name="p46" srcActor="D0N12"/>
            <port dstActor="D0N15" name="p47" srcActor="D0N12"/>
            <port dstActor="D0N20" name="p48" srcActor="D0N12"/>
            <port dstActor="D0N22" name="p49" srcActor="D0N12"/>
            <port dstActor="D0N43" name="p50" srcActor="D0N12"/>
            <port dstActor="D0N13" name="p51" srcActor="D0N12"/>
            <port dstActor="D0N8" name="p52" srcActor="D0N7"/>
            <port dstActor="D0N44" name="p53" srcActor="D0N7"/>
            <port dstActor="D0N26" name="p54" srcActor="D0N7"/>
            <port dstActor="D0N47" name="p55" srcActor="D0N0"/>
            <port dstActor="D0N25" name="p56" srcActor="D0N0"/>
            <port dstActor="D0N14" name="p57" srcActor="D0N0"/>
            <port dstActor="D0N17" name="p58" srcActor="D0N0"/>
            <port dstActor="D0N48" name="p59" srcActor="D0N45"/>
            <port dstActor="D0N29" name="p60" srcActor="D0N20"/>
            <port dstActor="D0N40" name="p61" srcActor="D0N20"/>
            <port dstActor="D0N25" name="p62" srcActor="D0N20"/>
            <port dstActor="D0N47" name="p63" srcActor="D0N4"/>
            <port dstActor="D0N8" name="p64" srcActor="D0N4"/>
            <port dstActor="D0N21" name="p65" srcActor="D0N4"/>
            <port dstActor="D0N18" name="p66" srcActor="D0N4"/>
            <port dstActor="D0N24" name="p67" srcActor="D0N4"/>
            <port dstActor="D0N24" name="p68" srcActor="D0N3"/>
            <port dstActor="D0N10" name="p69" srcActor="D0N3"/>
            <port dstActor="D0N34" name="p70" srcActor="D0N10"/>
            <port dstActor="D0N17" name="p71" srcActor="D0N10"/>
            <port dstActor="D0N18" name="p72" srcActor="D0N10"/>
            <port dstActor="D0N30" name="p73" srcActor="D0N10"/>
            <port dstActor="D0N44" name="p74" srcActor="D0N10"/>
            <port dstActor="D0N34" name="p75" srcActor="D0N1"/>
            <port dstActor="D0N32" name="p76" srcActor="D0N25"/>
            <port dstActor="D0N21" name="p77" srcActor="D0N19"/>
            <port dstActor="D0N37" name="p78" srcActor="D0N23"/>
            <port dstActor="D0N32" name="p79" srcActor="D0N23"/>
            <port dstActor="D0N26" name="p80" srcActor="D0N23"/>
            <port dstActor="D0N30" name="p81" srcActor="D0N23"/>
            <port dstActor="D0N38" name="p82" srcActor="D0N26"/>
            <port dstActor="D0N39" name="p83" srcActor="D0N26"/>
            <port dstActor="D0N44" name="p84" srcActor="D0N26"/>
            <port dstActor="D0N28" name="p85" srcActor="D0N26"/>
            <port dstActor="D0N44" name="p86" srcActor="D0N43"/>
            <port dstActor="D0N40" name="p87" srcActor="D0N6"/>
            <port dstActor="D0N45" name="p88" srcActor="D0N6"/>
            <port dstActor="D0N13" name="p89" srcActor="D0N6"/>
            <port dstActor="D0N42" name="p90" srcActor="D0N6"/>
            <port dstActor="D0N26" name="p91" srcActor="D0N6"/>
            <port dstActor="D0N43" name="p92" srcActor="D0N6"/>
            <port dstActor="D0N37" name="p93" srcActor="D0N6"/>
            <port dstActor="D0N18" name="p94" srcActor="D0N17"/>
            <port dstActor="D0N42" name="p95" srcActor="D0N17"/>
            <port dstActor="D0N32" name="p96" srcActor="D0N17"/>
            <port dstActor="D0N46" name="p97" srcActor="D0N17"/>
            <port dstActor="D0N21" name="p98" srcActor="D0N18"/>
            <port dstActor="D0N28" name="p99" srcActor="D0N18"/>
            <port dstActor="D0N45" name="p100" srcActor="D0N18"/>
            <port dstActor="D0N40" name="p101" srcActor="D0N15"/>
            <port dstActor="D0N36" name="p102" srcActor="D0N15"/>
            <port dstActor="D0N34" name="p103" srcActor="D0N16"/>
            <port dstActor="D0N23" name="p104" srcActor="D0N16"/>
            <port dstActor="D0N24" name="p105" srcActor="D0N16"/>
            <port dstActor="D0N37" name="p106" srcActor="D0N34"/>
            <port dstActor="D0N47" name="p107" srcActor="D0N34"/>
            <port dstActor="D0N35" name="p108" srcActor="D0N34"/>
            <port dstActor="D0N39" name="p109" srcActor="D0N28"/>
            <port dstActor="D0N45" name="p110" srcActor="D0N28"/>
            <port dstActor="D0N41" name="p111" srcActor="D0N28"/>
            <port dstActor="D0N38" name="p112" srcActor="D0N28"/>
            <port dstActor="D0N44" name="p113" srcActor="D0N28"/>
            <port dstActor="D0N42" name="p114" srcActor="D0N14"/>
            <port dstActor="D0N33" name="p115" srcActor="D0N14"/>
            <port dstActor="D0N38" name="p116" srcActor="D0N14"/>
            <port dstActor="D0N47" name="p117" srcActor="D0N14"/>
        </ports>
    </mcdag>
    <cores number="3"/>
    <levels number="2"/>
</mcsystem>
