<?xml version="1.0" encoding="UTF-8" standalone="no"?>
<mcsystem>
    <mcdag deadline="1000" name="genned-0-ed-10.0-0">
        <actor name="D0N26">
            <wcet number="0">30</wcet>
            <wcet number="1">30</wcet>
            <maxpow number="0.6771940971151454"/>
            <maxpow number="0.6771940971151454"/>
            <fprob>0.0</fprob>
        </actor>
        <actor name="D0N12">
            <wcet number="0">20</wcet>
            <wcet number="1">20</wcet>
            <maxpow number="0.5419790409122028"/>
            <maxpow number="0.5419790409122028"/>
            <fprob>0.0</fprob>
        </actor>
        <actor name="D0N2">
            <wcet number="0">10</wcet>
            <wcet number="1">40</wcet>
            <maxpow number="0.25972645522690224"/>
            <maxpow number="0.25972645522690224"/>
            <fprob>0.0</fprob>
        </actor>
        <actor name="D0N28">
            <wcet number="0">40</wcet>
            <wcet number="1">70</wcet>
            <maxpow number="0.6160881998557903"/>
            <maxpow number="0.6160881998557903"/>
            <fprob>0.0</fprob>
        </actor>
        <actor name="D0N44">
            <wcet number="0">10</wcet>
            <wcet number="1">40</wcet>
            <maxpow number="0.6303243997317618"/>
            <maxpow number="0.6303243997317618"/>
            <fprob>0.0</fprob>
        </actor>
        <actor name="D0N0">
            <wcet number="0">10</wcet>
            <wcet number="1">40</wcet>
            <maxpow number="0.5336406368124453"/>
            <maxpow number="0.5336406368124453"/>
            <fprob>0.0</fprob>
        </actor>
        <actor name="D0N31">
            <wcet number="0">10</wcet>
            <wcet number="1">110</wcet>
            <maxpow number="1.0468218521018695"/>
            <maxpow number="1.0468218521018695"/>
            <fprob>0.0</fprob>
        </actor>
        <actor name="D0N11">
            <wcet number="0">20</wcet>
            <wcet number="1">110</wcet>
            <maxpow number="0.7400526868516643"/>
            <maxpow number="0.7400526868516643"/>
            <fprob>0.0</fprob>
        </actor>
        <actor name="D0N40">
            <wcet number="0">40</wcet>
            <wcet number="1">50</wcet>
            <maxpow number="0.3542012016246002"/>
            <maxpow number="0.3542012016246002"/>
            <fprob>0.0</fprob>
        </actor>
        <actor name="D0N21">
            <wcet number="0">60</wcet>
            <wcet number="1">120</wcet>
            <maxpow number="0.27221708796176564"/>
            <maxpow number="0.27221708796176564"/>
            <fprob>0.0</fprob>
        </actor>
        <actor name="D0N10">
            <wcet number="0">40</wcet>
            <wcet number="1">40</wcet>
            <maxpow number="0.6067274185320236"/>
            <maxpow number="0.6067274185320236"/>
            <fprob>0.0</fprob>
        </actor>
        <actor name="D0N42">
            <wcet number="0">20</wcet>
            <wcet number="1">30</wcet>
            <maxpow number="0.5117076512938792"/>
            <maxpow number="0.5117076512938792"/>
            <fprob>0.0</fprob>
        </actor>
        <actor name="D0N27">
            <wcet number="0">20</wcet>
            <wcet number="1">50</wcet>
            <maxpow number="0.9020671934355118"/>
            <maxpow number="0.9020671934355118"/>
            <fprob>0.0</fprob>
        </actor>
        <actor name="D0N35">
            <wcet number="0">10</wcet>
            <wcet number="1">10</wcet>
            <maxpow number="0.5065018079063071"/>
            <maxpow number="0.5065018079063071"/>
            <fprob>0.0</fprob>
        </actor>
        <actor name="D0N45">
            <wcet number="0">30</wcet>
            <wcet number="1">40</wcet>
            <maxpow number="0.3045587385276789"/>
            <maxpow number="0.3045587385276789"/>
            <fprob>0.0</fprob>
        </actor>
        <actor name="D0N25">
            <wcet number="0">10</wcet>
            <wcet number="1">10</wcet>
            <maxpow number="0.41882676592822493"/>
            <maxpow number="0.41882676592822493"/>
            <fprob>0.0</fprob>
        </actor>
        <actor name="D0N29">
            <wcet number="0">20</wcet>
            <wcet number="1">80</wcet>
            <maxpow number="0.3992627774965815"/>
            <maxpow number="0.3992627774965815"/>
            <fprob>0.0</fprob>
        </actor>
        <actor name="D0N8">
            <wcet number="0">10</wcet>
            <wcet number="1">20</wcet>
            <maxpow number="0.25627205365414424"/>
            <maxpow number="0.25627205365414424"/>
            <fprob>0.0</fprob>
        </actor>
        <actor name="D0N32">
            <wcet number="0">30</wcet>
            <wcet number="1">40</wcet>
            <maxpow number="0.48849790485764033"/>
            <maxpow number="0.48849790485764033"/>
            <fprob>0.0</fprob>
        </actor>
        <actor name="D0N34">
            <wcet number="0">10</wcet>
            <wcet number="1">40</wcet>
            <maxpow number="0.6993482689372739"/>
            <maxpow number="0.6993482689372739"/>
            <fprob>0.0</fprob>
        </actor>
        <actor name="D0N37">
            <wcet number="0">10</wcet>
            <wcet number="1">20</wcet>
            <maxpow number="0.39003171454775853"/>
            <maxpow number="0.39003171454775853"/>
            <fprob>0.0</fprob>
        </actor>
        <actor name="D0N6">
            <wcet number="0">10</wcet>
            <wcet number="1">30</wcet>
            <maxpow number="0.6833205386631418"/>
            <maxpow number="0.6833205386631418"/>
            <fprob>0.0</fprob>
        </actor>
        <actor name="D0N39">
            <wcet number="0">60</wcet>
            <wcet number="1">70</wcet>
            <maxpow number="0.7681586715952926"/>
            <maxpow number="0.7681586715952926"/>
            <fprob>0.0</fprob>
        </actor>
        <actor name="D0N20">
            <wcet number="0">20</wcet>
            <wcet number="1">100</wcet>
            <maxpow number="0.4948576783478583"/>
            <maxpow number="0.4948576783478583"/>
            <fprob>0.0</fprob>
        </actor>
        <actor name="D0N16">
            <wcet number="0">20</wcet>
            <wcet number="1">60</wcet>
            <maxpow number="0.5625214605676948"/>
            <maxpow number="0.5625214605676948"/>
            <fprob>0.0</fprob>
        </actor>
        <actor name="D0N41">
            <wcet number="0">10</wcet>
            <wcet number="1">10</wcet>
            <maxpow number="0.53939047827603"/>
            <maxpow number="0.53939047827603"/>
            <fprob>0.0</fprob>
        </actor>
        <actor name="D0N13">
            <wcet number="0">50</wcet>
            <wcet number="1">50</wcet>
            <maxpow number="0.5047738090471086"/>
            <maxpow number="0.5047738090471086"/>
            <fprob>0.0</fprob>
        </actor>
        <actor name="D0N36">
            <wcet number="0">10</wcet>
            <wcet number="1">10</wcet>
            <maxpow number="0.4554269147551431"/>
            <maxpow number="0.4554269147551431"/>
            <fprob>0.0</fprob>
        </actor>
        <actor name="D0N38">
            <wcet number="0">10</wcet>
            <wcet number="1">20</wcet>
            <maxpow number="0.5095643666061991"/>
            <maxpow number="0.5095643666061991"/>
            <fprob>0.0</fprob>
        </actor>
        <actor name="D0N4">
            <wcet number="0">30</wcet>
            <wcet number="1">30</wcet>
            <maxpow number="0.2944367686919422"/>
            <maxpow number="0.2944367686919422"/>
            <fprob>0.0</fprob>
        </actor>
        <actor name="D0N24">
            <wcet number="0">10</wcet>
            <wcet number="1">10</wcet>
            <maxpow number="0.6180160756462104"/>
            <maxpow number="0.6180160756462104"/>
            <fprob>0.0</fprob>
        </actor>
        <actor name="D0N18">
            <wcet number="0">140</wcet>
            <wcet number="1">200</wcet>
            <maxpow number="0.6096005853307019"/>
            <maxpow number="0.6096005853307019"/>
            <fprob>0.0</fprob>
        </actor>
        <actor name="D0N23">
            <wcet number="0">20</wcet>
            <wcet number="1">130</wcet>
            <maxpow number="0.5264969681373589"/>
            <maxpow number="0.5264969681373589"/>
            <fprob>0.0</fprob>
        </actor>
        <actor name="D0N33">
            <wcet number="0">10</wcet>
            <wcet number="1">90</wcet>
            <maxpow number="0.9385115021865191"/>
            <maxpow number="0.9385115021865191"/>
            <fprob>0.0</fprob>
        </actor>
        <actor name="D0N9">
            <wcet number="0">10</wcet>
            <wcet number="1">10</wcet>
            <maxpow number="0.4796991499234865"/>
            <maxpow number="0.4796991499234865"/>
            <fprob>0.0</fprob>
        </actor>
        <actor name="D0N3">
            <wcet number="0">30</wcet>
            <wcet number="1">30</wcet>
            <maxpow number="0.5776050265565089"/>
            <maxpow number="0.5776050265565089"/>
            <fprob>0.0</fprob>
        </actor>
        <actor name="D0N22">
            <wcet number="0">130</wcet>
            <wcet number="1">130</wcet>
            <maxpow number="0.260213034665591"/>
            <maxpow number="0.260213034665591"/>
            <fprob>0.0</fprob>
        </actor>
        <actor name="D0N30">
            <wcet number="0">230</wcet>
            <wcet number="1">340</wcet>
            <maxpow number="0.6531535352372417"/>
            <maxpow number="0.6531535352372417"/>
            <fprob>0.0</fprob>
        </actor>
        <actor name="D0N43">
            <wcet number="0">10</wcet>
            <wcet number="1">10</wcet>
            <maxpow number="0.6329895573587938"/>
            <maxpow number="0.6329895573587938"/>
            <fprob>0.0</fprob>
        </actor>
        <actor name="D0N1">
            <wcet number="0">20</wcet>
            <wcet number="1">80</wcet>
            <maxpow number="0.36422807424971054"/>
            <maxpow number="0.36422807424971054"/>
            <fprob>0.0</fprob>
        </actor>
        <actor name="D0N19">
            <wcet number="0">20</wcet>
            <wcet number="1">70</wcet>
            <maxpow number="0.403885216431511"/>
            <maxpow number="0.403885216431511"/>
            <fprob>0.0</fprob>
        </actor>
        <actor name="D0N14">
            <wcet number="0">30</wcet>
            <wcet number="1">40</wcet>
            <maxpow number="0.5760630624174952"/>
            <maxpow number="0.5760630624174952"/>
            <fprob>0.0</fprob>
        </actor>
        <actor name="D0N5">
            <wcet number="0">30</wcet>
            <wcet number="1">70</wcet>
            <maxpow number="0.11175020522721058"/>
            <maxpow number="0.11175020522721058"/>
            <fprob>0.0</fprob>
        </actor>
        <actor name="D0N7">
            <wcet number="0">80</wcet>
            <wcet number="1">80</wcet>
            <maxpow number="0.5301186383853485"/>
            <maxpow number="0.5301186383853485"/>
            <fprob>0.0</fprob>
        </actor>
        <actor name="D0N15">
            <wcet number="0">40</wcet>
            <wcet number="1">90</wcet>
            <maxpow number="0.5639752791849895"/>
            <maxpow number="0.5639752791849895"/>
            <fprob>0.0</fprob>
        </actor>
        <actor name="D0N17">
            <wcet number="0">20</wcet>
            <wcet number="1">30</wcet>
            <maxpow number="0.45488548931818706"/>
            <maxpow number="0.45488548931818706"/>
            <fprob>0.0</fprob>
        </actor>
        <ports>
            <port dstActor="D0N33" name="p0" srcActor="D0N26"/>
            <port dstActor="D0N42" name="p1" srcActor="D0N26"/>
            <port dstActor="D0N39" name="p2" srcActor="D0N26"/>
            <port dstActor="D0N33" name="p3" srcActor="D0N12"/>
            <port dstActor="D0N20" name="p4" srcActor="D0N12"/>
            <port dstActor="D0N27" name="p5" srcActor="D0N2"/>
            <port dstActor="D0N8" name="p6" srcActor="D0N2"/>
            <port dstActor="D0N17" name="p7" srcActor="D0N2"/>
            <port dstActor="D0N10" name="p8" srcActor="D0N2"/>
            <port dstActor="D0N13" name="p9" srcActor="D0N2"/>
            <port dstActor="D0N14" name="p10" srcActor="D0N2"/>
            <port dstActor="D0N39" name="p11" srcActor="D0N2"/>
            <port dstActor="D0N22" name="p12" srcActor="D0N2"/>
            <port dstActor="D0N19" name="p13" srcActor="D0N2"/>
            <port dstActor="D0N36" name="p14" srcActor="D0N28"/>
            <port dstActor="D0N17" name="p15" srcActor="D0N0"/>
            <port dstActor="D0N23" name="p16" srcActor="D0N0"/>
            <port dstActor="D0N45" name="p17" srcActor="D0N0"/>
            <port dstActor="D0N18" name="p18" srcActor="D0N0"/>
            <port dstActor="D0N42" name="p19" srcActor="D0N0"/>
            <port dstActor="D0N22" name="p20" srcActor="D0N0"/>
            <port dstActor="D0N21" name="p21" srcActor="D0N0"/>
            <port dstActor="D0N16" name="p22" srcActor="D0N0"/>
            <port dstActor="D0N19" name="p23" srcActor="D0N0"/>
            <port dstActor="D0N34" name="p24" srcActor="D0N0"/>
            <port dstActor="D0N33" name="p25" srcActor="D0N31"/>
            <port dstActor="D0N44" name="p26" srcActor="D0N31"/>
            <port dstActor="D0N43" name="p27" srcActor="D0N31"/>
            <port dstActor="D0N16" name="p28" srcActor="D0N11"/>
            <port dstActor="D0N35" name="p29" srcActor="D0N11"/>
            <port dstActor="D0N39" name="p30" srcActor="D0N11"/>
            <port dstActor="D0N36" name="p31" srcActor="D0N11"/>
            <port dstActor="D0N26" name="p32" srcActor="D0N11"/>
            <port dstActor="D0N29" name="p33" srcActor="D0N21"/>
            <port dstActor="D0N23" name="p34" srcActor="D0N10"/>
            <port dstActor="D0N45" name="p35" srcActor="D0N10"/>
            <port dstActor="D0N11" name="p36" srcActor="D0N10"/>
            <port dstActor="D0N43" name="p37" srcActor="D0N27"/>
            <port dstActor="D0N30" name="p38" srcActor="D0N27"/>
            <port dstActor="D0N45" name="p39" srcActor="D0N35"/>
            <port dstActor="D0N40" name="p40" srcActor="D0N35"/>
            <port dstActor="D0N41" name="p41" srcActor="D0N25"/>
            <port dstActor="D0N43" name="p42" srcActor="D0N25"/>
            <port dstActor="D0N27" name="p43" srcActor="D0N25"/>
            <port dstActor="D0N45" name="p44" srcActor="D0N25"/>
            <port dstActor="D0N30" name="p45" srcActor="D0N29"/>
            <port dstActor="D0N14" name="p46" srcActor="D0N8"/>
            <port dstActor="D0N19" name="p47" srcActor="D0N8"/>
            <port dstActor="D0N43" name="p48" srcActor="D0N34"/>
            <port dstActor="D0N14" name="p49" srcActor="D0N6"/>
            <port dstActor="D0N37" name="p50" srcActor="D0N6"/>
            <port dstActor="D0N27" name="p51" srcActor="D0N6"/>
            <port dstActor="D0N26" name="p52" srcActor="D0N6"/>
            <port dstActor="D0N24" name="p53" srcActor="D0N16"/>
            <port dstActor="D0N34" name="p54" srcActor="D0N16"/>
            <port dstActor="D0N43" name="p55" srcActor="D0N16"/>
            <port dstActor="D0N44" name="p56" srcActor="D0N41"/>
            <port dstActor="D0N37" name="p57" srcActor="D0N13"/>
            <port dstActor="D0N39" name="p58" srcActor="D0N13"/>
            <port dstActor="D0N30" name="p59" srcActor="D0N13"/>
            <port dstActor="D0N43" name="p60" srcActor="D0N38"/>
            <port dstActor="D0N37" name="p61" srcActor="D0N4"/>
            <port dstActor="D0N45" name="p62" srcActor="D0N4"/>
            <port dstActor="D0N6" name="p63" srcActor="D0N4"/>
            <port dstActor="D0N43" name="p64" srcActor="D0N24"/>
            <port dstActor="D0N44" name="p65" srcActor="D0N24"/>
            <port dstActor="D0N32" name="p66" srcActor="D0N24"/>
            <port dstActor="D0N31" name="p67" srcActor="D0N24"/>
            <port dstActor="D0N44" name="p68" srcActor="D0N18"/>
            <port dstActor="D0N23" name="p69" srcActor="D0N18"/>
            <port dstActor="D0N33" name="p70" srcActor="D0N18"/>
            <port dstActor="D0N26" name="p71" srcActor="D0N18"/>
            <port dstActor="D0N31" name="p72" srcActor="D0N18"/>
            <port dstActor="D0N35" name="p73" srcActor="D0N23"/>
            <port dstActor="D0N40" name="p74" srcActor="D0N23"/>
            <port dstActor="D0N39" name="p75" srcActor="D0N23"/>
            <port dstActor="D0N45" name="p76" srcActor="D0N23"/>
            <port dstActor="D0N26" name="p77" srcActor="D0N9"/>
            <port dstActor="D0N28" name="p78" srcActor="D0N9"/>
            <port dstActor="D0N42" name="p79" srcActor="D0N9"/>
            <port dstActor="D0N20" name="p80" srcActor="D0N9"/>
            <port dstActor="D0N44" name="p81" srcActor="D0N9"/>
            <port dstActor="D0N13" name="p82" srcActor="D0N3"/>
            <port dstActor="D0N35" name="p83" srcActor="D0N3"/>
            <port dstActor="D0N40" name="p84" srcActor="D0N3"/>
            <port dstActor="D0N20" name="p85" srcActor="D0N3"/>
            <port dstActor="D0N27" name="p86" srcActor="D0N3"/>
            <port dstActor="D0N24" name="p87" srcActor="D0N22"/>
            <port dstActor="D0N29" name="p88" srcActor="D0N22"/>
            <port dstActor="D0N45" name="p89" srcActor="D0N22"/>
            <port dstActor="D0N34" name="p90" srcActor="D0N22"/>
            <port dstActor="D0N37" name="p91" srcActor="D0N30"/>
            <port dstActor="D0N44" name="p92" srcActor="D0N43"/>
            <port dstActor="D0N45" name="p93" srcActor="D0N43"/>
            <port dstActor="D0N4" name="p94" srcActor="D0N1"/>
            <port dstActor="D0N32" name="p95" srcActor="D0N1"/>
            <port dstActor="D0N12" name="p96" srcActor="D0N1"/>
            <port dstActor="D0N22" name="p97" srcActor="D0N19"/>
            <port dstActor="D0N33" name="p98" srcActor="D0N19"/>
            <port dstActor="D0N25" name="p99" srcActor="D0N19"/>
            <port dstActor="D0N38" name="p100" srcActor="D0N19"/>
            <port dstActor="D0N39" name="p101" srcActor="D0N19"/>
            <port dstActor="D0N27" name="p102" srcActor="D0N19"/>
            <port dstActor="D0N26" name="p103" srcActor="D0N19"/>
            <port dstActor="D0N45" name="p104" srcActor="D0N14"/>
            <port dstActor="D0N28" name="p105" srcActor="D0N5"/>
            <port dstActor="D0N13" name="p106" srcActor="D0N5"/>
            <port dstActor="D0N37" name="p107" srcActor="D0N5"/>
            <port dstActor="D0N39" name="p108" srcActor="D0N5"/>
            <port dstActor="D0N40" name="p109" srcActor="D0N5"/>
            <port dstActor="D0N32" name="p110" srcActor="D0N5"/>
            <port dstActor="D0N20" name="p111" srcActor="D0N5"/>
            <port dstActor="D0N12" name="p112" srcActor="D0N7"/>
            <port dstActor="D0N21" name="p113" srcActor="D0N7"/>
            <port dstActor="D0N19" name="p114" srcActor="D0N7"/>
            <port dstActor="D0N30" name="p115" srcActor="D0N15"/>
            <port dstActor="D0N37" name="p116" srcActor="D0N15"/>
        </ports>
    </mcdag>
    <cores number="3"/>
    <levels number="2"/>
</mcsystem>
