<?xml version="1.0" encoding="UTF-8" standalone="no"?>
<mcsystem>
    <mcdag deadline="1200" name="genned-0-ed-10.0-0">
        <actor name="D0N15">
            <wcet number="0">10</wcet>
            <wcet number="1">10</wcet>
            <maxpow number="0.6765609726723313"/>
            <maxpow number="0.6765609726723313"/>
            <fprob>0.0</fprob>
        </actor>
        <actor name="D0N48">
            <wcet number="0">30</wcet>
            <wcet number="1">30</wcet>
            <maxpow number="0.6987979061022558"/>
            <maxpow number="0.6987979061022558"/>
            <fprob>0.0</fprob>
        </actor>
        <actor name="D0N8">
            <wcet number="0">70</wcet>
            <wcet number="1">80</wcet>
            <maxpow number="0.43659542764760034"/>
            <maxpow number="0.43659542764760034"/>
            <fprob>0.0</fprob>
        </actor>
        <actor name="D0N29">
            <wcet number="0">20</wcet>
            <wcet number="1">40</wcet>
            <maxpow number="0.6047226385622816"/>
            <maxpow number="0.6047226385622816"/>
            <fprob>0.0</fprob>
        </actor>
        <actor name="D0N9">
            <wcet number="0">30</wcet>
            <wcet number="1">120</wcet>
            <maxpow number="0.35484579779013625"/>
            <maxpow number="0.35484579779013625"/>
            <fprob>0.0</fprob>
        </actor>
        <actor name="D0N16">
            <wcet number="0">10</wcet>
            <wcet number="1">20</wcet>
            <maxpow number="0.4243455547104753"/>
            <maxpow number="0.4243455547104753"/>
            <fprob>0.0</fprob>
        </actor>
        <actor name="D0N33">
            <wcet number="0">50</wcet>
            <wcet number="1">50</wcet>
            <maxpow number="0.24072308084268518"/>
            <maxpow number="0.24072308084268518"/>
            <fprob>0.0</fprob>
        </actor>
        <actor name="D0N35">
            <wcet number="0">10</wcet>
            <wcet number="1">10</wcet>
            <maxpow number="0.4080798257277345"/>
            <maxpow number="0.4080798257277345"/>
            <fprob>0.0</fprob>
        </actor>
        <actor name="D0N28">
            <wcet number="0">110</wcet>
            <wcet number="1">110</wcet>
            <maxpow number="0.598306483033421"/>
            <maxpow number="0.598306483033421"/>
            <fprob>0.0</fprob>
        </actor>
        <actor name="D0N47">
            <wcet number="0">80</wcet>
            <wcet number="1">110</wcet>
            <maxpow number="0.7330369823107383"/>
            <maxpow number="0.7330369823107383"/>
            <fprob>0.0</fprob>
        </actor>
        <actor name="D0N13">
            <wcet number="0">10</wcet>
            <wcet number="1">30</wcet>
            <maxpow number="0.301901094527937"/>
            <maxpow number="0.301901094527937"/>
            <fprob>0.0</fprob>
        </actor>
        <actor name="D0N0">
            <wcet number="0">10</wcet>
            <wcet number="1">40</wcet>
            <maxpow number="0.7474909523265139"/>
            <maxpow number="0.7474909523265139"/>
            <fprob>0.0</fprob>
        </actor>
        <actor name="D0N14">
            <wcet number="0">30</wcet>
            <wcet number="1">50</wcet>
            <maxpow number="0.5642087852967681"/>
            <maxpow number="0.5642087852967681"/>
            <fprob>0.0</fprob>
        </actor>
        <actor name="D0N27">
            <wcet number="0">10</wcet>
            <wcet number="1">20</wcet>
            <maxpow number="0.7542713717472315"/>
            <maxpow number="0.7542713717472315"/>
            <fprob>0.0</fprob>
        </actor>
        <actor name="D0N44">
            <wcet number="0">10</wcet>
            <wcet number="1">70</wcet>
            <maxpow number="0.6741964908917246"/>
            <maxpow number="0.6741964908917246"/>
            <fprob>0.0</fprob>
        </actor>
        <actor name="D0N34">
            <wcet number="0">10</wcet>
            <wcet number="1">30</wcet>
            <maxpow number="0.5786243816362768"/>
            <maxpow number="0.5786243816362768"/>
            <fprob>0.0</fprob>
        </actor>
        <actor name="D0N45">
            <wcet number="0">20</wcet>
            <wcet number="1">50</wcet>
            <maxpow number="0.2740062331560764"/>
            <maxpow number="0.2740062331560764"/>
            <fprob>0.0</fprob>
        </actor>
        <actor name="D0N2">
            <wcet number="0">10</wcet>
            <wcet number="1">30</wcet>
            <maxpow number="0.7098409959833127"/>
            <maxpow number="0.7098409959833127"/>
            <fprob>0.0</fprob>
        </actor>
        <actor name="D0N42">
            <wcet number="0">50</wcet>
            <wcet number="1">240</wcet>
            <maxpow number="0.45513636287855325"/>
            <maxpow number="0.45513636287855325"/>
            <fprob>0.0</fprob>
        </actor>
        <actor name="D0N4">
            <wcet number="0">10</wcet>
            <wcet number="1">10</wcet>
            <maxpow number="0.2935690230823869"/>
            <maxpow number="0.2935690230823869"/>
            <fprob>0.0</fprob>
        </actor>
        <actor name="D0N6">
            <wcet number="0">20</wcet>
            <wcet number="1">40</wcet>
            <maxpow number="0.5808041045037318"/>
            <maxpow number="0.5808041045037318"/>
            <fprob>0.0</fprob>
        </actor>
        <actor name="D0N5">
            <wcet number="0">10</wcet>
            <wcet number="1">30</wcet>
            <maxpow number="0.696655781872844"/>
            <maxpow number="0.696655781872844"/>
            <fprob>0.0</fprob>
        </actor>
        <actor name="D0N36">
            <wcet number="0">10</wcet>
            <wcet number="1">10</wcet>
            <maxpow number="0.2911015652540575"/>
            <maxpow number="0.2911015652540575"/>
            <fprob>0.0</fprob>
        </actor>
        <actor name="D0N21">
            <wcet number="0">10</wcet>
            <wcet number="1">30</wcet>
            <maxpow number="0.3947781804571364"/>
            <maxpow number="0.3947781804571364"/>
            <fprob>0.0</fprob>
        </actor>
        <actor name="D0N46">
            <wcet number="0">10</wcet>
            <wcet number="1">10</wcet>
            <maxpow number="0.5588755921363948"/>
            <maxpow number="0.5588755921363948"/>
            <fprob>0.0</fprob>
        </actor>
        <actor name="D0N25">
            <wcet number="0">40</wcet>
            <wcet number="1">40</wcet>
            <maxpow number="0.4384677358198912"/>
            <maxpow number="0.4384677358198912"/>
            <fprob>0.0</fprob>
        </actor>
        <actor name="D0N30">
            <wcet number="0">30</wcet>
            <wcet number="1">140</wcet>
            <maxpow number="0.45838226414406863"/>
            <maxpow number="0.45838226414406863"/>
            <fprob>0.0</fprob>
        </actor>
        <actor name="D0N26">
            <wcet number="0">10</wcet>
            <wcet number="1">30</wcet>
            <maxpow number="0.6292947466689041"/>
            <maxpow number="0.6292947466689041"/>
            <fprob>0.0</fprob>
        </actor>
        <actor name="D0N23">
            <wcet number="0">10</wcet>
            <wcet number="1">10</wcet>
            <maxpow number="0.49215020625809835"/>
            <maxpow number="0.49215020625809835"/>
            <fprob>0.0</fprob>
        </actor>
        <actor name="D0N39">
            <wcet number="0">40</wcet>
            <wcet number="1">70</wcet>
            <maxpow number="0.859649154186691"/>
            <maxpow number="0.859649154186691"/>
            <fprob>0.0</fprob>
        </actor>
        <actor name="D0N11">
            <wcet number="0">20</wcet>
            <wcet number="1">30</wcet>
            <maxpow number="0.7904031516743119"/>
            <maxpow number="0.7904031516743119"/>
            <fprob>0.0</fprob>
        </actor>
        <actor name="D0N18">
            <wcet number="0">90</wcet>
            <wcet number="1">90</wcet>
            <maxpow number="0.5488987250924082"/>
            <maxpow number="0.5488987250924082"/>
            <fprob>0.0</fprob>
        </actor>
        <actor name="D0N20">
            <wcet number="0">10</wcet>
            <wcet number="1">40</wcet>
            <maxpow number="0.27556768192350034"/>
            <maxpow number="0.27556768192350034"/>
            <fprob>0.0</fprob>
        </actor>
        <actor name="D0N43">
            <wcet number="0">20</wcet>
            <wcet number="1">30</wcet>
            <maxpow number="0.4084607949343029"/>
            <maxpow number="0.4084607949343029"/>
            <fprob>0.0</fprob>
        </actor>
        <actor name="D0N10">
            <wcet number="0">10</wcet>
            <wcet number="1">10</wcet>
            <maxpow number="0.626512725286902"/>
            <maxpow number="0.626512725286902"/>
            <fprob>0.0</fprob>
        </actor>
        <actor name="D0N7">
            <wcet number="0">20</wcet>
            <wcet number="1">90</wcet>
            <maxpow number="0.37134127705270914"/>
            <maxpow number="0.37134127705270914"/>
            <fprob>0.0</fprob>
        </actor>
        <actor name="D0N24">
            <wcet number="0">70</wcet>
            <wcet number="1">90</wcet>
            <maxpow number="0.6191304215983616"/>
            <maxpow number="0.6191304215983616"/>
            <fprob>0.0</fprob>
        </actor>
        <actor name="D0N38">
            <wcet number="0">10</wcet>
            <wcet number="1">70</wcet>
            <maxpow number="0.7045370035654491"/>
            <maxpow number="0.7045370035654491"/>
            <fprob>0.0</fprob>
        </actor>
        <actor name="D0N41">
            <wcet number="0">40</wcet>
            <wcet number="1">70</wcet>
            <maxpow number="0.5225448640622962"/>
            <maxpow number="0.5225448640622962"/>
            <fprob>0.0</fprob>
        </actor>
        <actor name="D0N3">
            <wcet number="0">80</wcet>
            <wcet number="1">110</wcet>
            <maxpow number="0.49963981253777684"/>
            <maxpow number="0.49963981253777684"/>
            <fprob>0.0</fprob>
        </actor>
        <actor name="D0N40">
            <wcet number="0">20</wcet>
            <wcet number="1">40</wcet>
            <maxpow number="0.4148915294010846"/>
            <maxpow number="0.4148915294010846"/>
            <fprob>0.0</fprob>
        </actor>
        <actor name="D0N1">
            <wcet number="0">40</wcet>
            <wcet number="1">40</wcet>
            <maxpow number="0.7946218729519439"/>
            <maxpow number="0.7946218729519439"/>
            <fprob>0.0</fprob>
        </actor>
        <actor name="D0N12">
            <wcet number="0">60</wcet>
            <wcet number="1">80</wcet>
            <maxpow number="0.7423391421221348"/>
            <maxpow number="0.7423391421221348"/>
            <fprob>0.0</fprob>
        </actor>
        <actor name="D0N19">
            <wcet number="0">20</wcet>
            <wcet number="1">30</wcet>
            <maxpow number="0.5574324517071705"/>
            <maxpow number="0.5574324517071705"/>
            <fprob>0.0</fprob>
        </actor>
        <actor name="D0N31">
            <wcet number="0">30</wcet>
            <wcet number="1">40</wcet>
            <maxpow number="0.49040489373717144"/>
            <maxpow number="0.49040489373717144"/>
            <fprob>0.0</fprob>
        </actor>
        <actor name="D0N22">
            <wcet number="0">10</wcet>
            <wcet number="1">10</wcet>
            <maxpow number="0.14533850586760122"/>
            <maxpow number="0.14533850586760122"/>
            <fprob>0.0</fprob>
        </actor>
        <actor name="D0N32">
            <wcet number="0">20</wcet>
            <wcet number="1">30</wcet>
            <maxpow number="0.37755673817218127"/>
            <maxpow number="0.37755673817218127"/>
            <fprob>0.0</fprob>
        </actor>
        <actor name="D0N37">
            <wcet number="0">20</wcet>
            <wcet number="1">40</wcet>
            <maxpow number="0.3442445663519691"/>
            <maxpow number="0.3442445663519691"/>
            <fprob>0.0</fprob>
        </actor>
        <actor name="D0N17">
            <wcet number="0">10</wcet>
            <wcet number="1">20</wcet>
            <maxpow number="0.47800513048131665"/>
            <maxpow number="0.47800513048131665"/>
            <fprob>0.0</fprob>
        </actor>
        <ports>
            <port dstActor="D0N45" name="p0" srcActor="D0N15"/>
            <port dstActor="D0N37" name="p1" srcActor="D0N15"/>
            <port dstActor="D0N47" name="p2" srcActor="D0N15"/>
            <port dstActor="D0N32" name="p3" srcActor="D0N8"/>
            <port dstActor="D0N36" name="p4" srcActor="D0N8"/>
            <port dstActor="D0N13" name="p5" srcActor="D0N8"/>
            <port dstActor="D0N48" name="p6" srcActor="D0N8"/>
            <port dstActor="D0N40" name="p7" srcActor="D0N29"/>
            <port dstActor="D0N30" name="p8" srcActor="D0N29"/>
            <port dstActor="D0N15" name="p9" srcActor="D0N9"/>
            <port dstActor="D0N26" name="p10" srcActor="D0N9"/>
            <port dstActor="D0N43" name="p11" srcActor="D0N9"/>
            <port dstActor="D0N28" name="p12" srcActor="D0N9"/>
            <port dstActor="D0N44" name="p13" srcActor="D0N9"/>
            <port dstActor="D0N20" name="p14" srcActor="D0N9"/>
            <port dstActor="D0N27" name="p15" srcActor="D0N16"/>
            <port dstActor="D0N39" name="p16" srcActor="D0N16"/>
            <port dstActor="D0N34" name="p17" srcActor="D0N16"/>
            <port dstActor="D0N47" name="p18" srcActor="D0N16"/>
            <port dstActor="D0N42" name="p19" srcActor="D0N28"/>
            <port dstActor="D0N32" name="p20" srcActor="D0N28"/>
            <port dstActor="D0N47" name="p21" srcActor="D0N28"/>
            <port dstActor="D0N43" name="p22" srcActor="D0N28"/>
            <port dstActor="D0N28" name="p23" srcActor="D0N13"/>
            <port dstActor="D0N6" name="p24" srcActor="D0N0"/>
            <port dstActor="D0N10" name="p25" srcActor="D0N0"/>
            <port dstActor="D0N24" name="p26" srcActor="D0N0"/>
            <port dstActor="D0N4" name="p27" srcActor="D0N0"/>
            <port dstActor="D0N23" name="p28" srcActor="D0N14"/>
            <port dstActor="D0N33" name="p29" srcActor="D0N14"/>
            <port dstActor="D0N37" name="p30" srcActor="D0N14"/>
            <port dstActor="D0N43" name="p31" srcActor="D0N14"/>
            <port dstActor="D0N22" name="p32" srcActor="D0N14"/>
            <port dstActor="D0N19" name="p33" srcActor="D0N14"/>
            <port dstActor="D0N25" name="p34" srcActor="D0N14"/>
            <port dstActor="D0N31" name="p35" srcActor="D0N27"/>
            <port dstActor="D0N30" name="p36" srcActor="D0N27"/>
            <port dstActor="D0N47" name="p37" srcActor="D0N44"/>
            <port dstActor="D0N47" name="p38" srcActor="D0N34"/>
            <port dstActor="D0N46" name="p39" srcActor="D0N45"/>
            <port dstActor="D0N39" name="p40" srcActor="D0N2"/>
            <port dstActor="D0N45" name="p41" srcActor="D0N2"/>
            <port dstActor="D0N33" name="p42" srcActor="D0N2"/>
            <port dstActor="D0N45" name="p43" srcActor="D0N42"/>
            <port dstActor="D0N28" name="p44" srcActor="D0N4"/>
            <port dstActor="D0N9" name="p45" srcActor="D0N4"/>
            <port dstActor="D0N19" name="p46" srcActor="D0N4"/>
            <port dstActor="D0N27" name="p47" srcActor="D0N6"/>
            <port dstActor="D0N35" name="p48" srcActor="D0N6"/>
            <port dstActor="D0N47" name="p49" srcActor="D0N6"/>
            <port dstActor="D0N23" name="p50" srcActor="D0N6"/>
            <port dstActor="D0N6" name="p51" srcActor="D0N5"/>
            <port dstActor="D0N35" name="p52" srcActor="D0N5"/>
            <port dstActor="D0N33" name="p53" srcActor="D0N5"/>
            <port dstActor="D0N46" name="p54" srcActor="D0N5"/>
            <port dstActor="D0N30" name="p55" srcActor="D0N21"/>
            <port dstActor="D0N47" name="p56" srcActor="D0N21"/>
            <port dstActor="D0N42" name="p57" srcActor="D0N25"/>
            <port dstActor="D0N46" name="p58" srcActor="D0N25"/>
            <port dstActor="D0N31" name="p59" srcActor="D0N25"/>
            <port dstActor="D0N39" name="p60" srcActor="D0N30"/>
            <port dstActor="D0N37" name="p61" srcActor="D0N26"/>
            <port dstActor="D0N27" name="p62" srcActor="D0N26"/>
            <port dstActor="D0N30" name="p63" srcActor="D0N23"/>
            <port dstActor="D0N40" name="p64" srcActor="D0N23"/>
            <port dstActor="D0N34" name="p65" srcActor="D0N23"/>
            <port dstActor="D0N16" name="p66" srcActor="D0N11"/>
            <port dstActor="D0N40" name="p67" srcActor="D0N11"/>
            <port dstActor="D0N47" name="p68" srcActor="D0N11"/>
            <port dstActor="D0N12" name="p69" srcActor="D0N11"/>
            <port dstActor="D0N24" name="p70" srcActor="D0N11"/>
            <port dstActor="D0N43" name="p71" srcActor="D0N18"/>
            <port dstActor="D0N36" name="p72" srcActor="D0N20"/>
            <port dstActor="D0N44" name="p73" srcActor="D0N20"/>
            <port dstActor="D0N27" name="p74" srcActor="D0N10"/>
            <port dstActor="D0N30" name="p75" srcActor="D0N10"/>
            <port dstActor="D0N33" name="p76" srcActor="D0N10"/>
            <port dstActor="D0N45" name="p77" srcActor="D0N10"/>
            <port dstActor="D0N34" name="p78" srcActor="D0N10"/>
            <port dstActor="D0N34" name="p79" srcActor="D0N7"/>
            <port dstActor="D0N35" name="p80" srcActor="D0N7"/>
            <port dstActor="D0N21" name="p81" srcActor="D0N7"/>
            <port dstActor="D0N23" name="p82" srcActor="D0N7"/>
            <port dstActor="D0N24" name="p83" srcActor="D0N7"/>
            <port dstActor="D0N30" name="p84" srcActor="D0N7"/>
            <port dstActor="D0N45" name="p85" srcActor="D0N24"/>
            <port dstActor="D0N44" name="p86" srcActor="D0N24"/>
            <port dstActor="D0N39" name="p87" srcActor="D0N24"/>
            <port dstActor="D0N28" name="p88" srcActor="D0N24"/>
            <port dstActor="D0N44" name="p89" srcActor="D0N41"/>
            <port dstActor="D0N10" name="p90" srcActor="D0N3"/>
            <port dstActor="D0N26" name="p91" srcActor="D0N3"/>
            <port dstActor="D0N9" name="p92" srcActor="D0N3"/>
            <port dstActor="D0N39" name="p93" srcActor="D0N3"/>
            <port dstActor="D0N45" name="p94" srcActor="D0N3"/>
            <port dstActor="D0N39" name="p95" srcActor="D0N1"/>
            <port dstActor="D0N42" name="p96" srcActor="D0N1"/>
            <port dstActor="D0N24" name="p97" srcActor="D0N1"/>
            <port dstActor="D0N47" name="p98" srcActor="D0N1"/>
            <port dstActor="D0N31" name="p99" srcActor="D0N1"/>
            <port dstActor="D0N29" name="p100" srcActor="D0N1"/>
            <port dstActor="D0N36" name="p101" srcActor="D0N1"/>
            <port dstActor="D0N38" name="p102" srcActor="D0N1"/>
            <port dstActor="D0N43" name="p103" srcActor="D0N1"/>
            <port dstActor="D0N40" name="p104" srcActor="D0N1"/>
            <port dstActor="D0N37" name="p105" srcActor="D0N1"/>
            <port dstActor="D0N33" name="p106" srcActor="D0N12"/>
            <port dstActor="D0N47" name="p107" srcActor="D0N12"/>
            <port dstActor="D0N26" name="p108" srcActor="D0N12"/>
            <port dstActor="D0N28" name="p109" srcActor="D0N12"/>
            <port dstActor="D0N22" name="p110" srcActor="D0N12"/>
            <port dstActor="D0N42" name="p111" srcActor="D0N19"/>
            <port dstActor="D0N29" name="p112" srcActor="D0N19"/>
            <port dstActor="D0N38" name="p113" srcActor="D0N19"/>
            <port dstActor="D0N48" name="p114" srcActor="D0N19"/>
            <port dstActor="D0N42" name="p115" srcActor="D0N31"/>
            <port dstActor="D0N35" name="p116" srcActor="D0N31"/>
            <port dstActor="D0N42" name="p117" srcActor="D0N22"/>
            <port dstActor="D0N33" name="p118" srcActor="D0N32"/>
            <port dstActor="D0N48" name="p119" srcActor="D0N32"/>
            <port dstActor="D0N42" name="p120" srcActor="D0N32"/>
            <port dstActor="D0N41" name="p121" srcActor="D0N37"/>
            <port dstActor="D0N43" name="p122" srcActor="D0N17"/>
            <port dstActor="D0N48" name="p123" srcActor="D0N17"/>
        </ports>
    </mcdag>
    <cores number="3"/>
    <levels number="2"/>
</mcsystem>
