<?xml version="1.0" encoding="UTF-8" standalone="no"?>
<mcsystem>
    <mcdag deadline="3000" name="genned-0-ed-10.0-0">
        <actor name="D0N20">
            <wcet number="0">50</wcet>
            <wcet number="1">70</wcet>
            <maxpow number="0.5105231247837432"/>
            <maxpow number="0.5105231247837432"/>
            <fprob>0.0</fprob>
        </actor>
        <actor name="D0N36">
            <wcet number="0">10</wcet>
            <wcet number="1">90</wcet>
            <maxpow number="0.5074501499040525"/>
            <maxpow number="0.5074501499040525"/>
            <fprob>0.0</fprob>
        </actor>
        <actor name="D0N0">
            <wcet number="0">10</wcet>
            <wcet number="1">30</wcet>
            <maxpow number="0.4831647780118759"/>
            <maxpow number="0.4831647780118759"/>
            <fprob>0.0</fprob>
        </actor>
        <actor name="D0N7">
            <wcet number="0">50</wcet>
            <wcet number="1">110</wcet>
            <maxpow number="0.5275875686067109"/>
            <maxpow number="0.5275875686067109"/>
            <fprob>0.0</fprob>
        </actor>
        <actor name="D0N12">
            <wcet number="0">20</wcet>
            <wcet number="1">60</wcet>
            <maxpow number="0.8182008682104046"/>
            <maxpow number="0.8182008682104046"/>
            <fprob>0.0</fprob>
        </actor>
        <actor name="D0N27">
            <wcet number="0">10</wcet>
            <wcet number="1">60</wcet>
            <maxpow number="0.6393179651295352"/>
            <maxpow number="0.6393179651295352"/>
            <fprob>0.0</fprob>
        </actor>
        <actor name="D0N34">
            <wcet number="0">10</wcet>
            <wcet number="1">30</wcet>
            <maxpow number="0.6037587031737766"/>
            <maxpow number="0.6037587031737766"/>
            <fprob>0.0</fprob>
        </actor>
        <actor name="D0N44">
            <wcet number="0">100</wcet>
            <wcet number="1">160</wcet>
            <maxpow number="0.5747749346958813"/>
            <maxpow number="0.5747749346958813"/>
            <fprob>0.0</fprob>
        </actor>
        <actor name="D0N8">
            <wcet number="0">40</wcet>
            <wcet number="1">50</wcet>
            <maxpow number="0.5120724771916288"/>
            <maxpow number="0.5120724771916288"/>
            <fprob>0.0</fprob>
        </actor>
        <actor name="D0N37">
            <wcet number="0">110</wcet>
            <wcet number="1">140</wcet>
            <maxpow number="0.511462230640127"/>
            <maxpow number="0.511462230640127"/>
            <fprob>0.0</fprob>
        </actor>
        <actor name="D0N15">
            <wcet number="0">10</wcet>
            <wcet number="1">10</wcet>
            <maxpow number="0.46815834023514874"/>
            <maxpow number="0.46815834023514874"/>
            <fprob>0.0</fprob>
        </actor>
        <actor name="D0N30">
            <wcet number="0">40</wcet>
            <wcet number="1">120</wcet>
            <maxpow number="0.6047244220992665"/>
            <maxpow number="0.6047244220992665"/>
            <fprob>0.0</fprob>
        </actor>
        <actor name="D0N21">
            <wcet number="0">20</wcet>
            <wcet number="1">70</wcet>
            <maxpow number="0.4573425757493116"/>
            <maxpow number="0.4573425757493116"/>
            <fprob>0.0</fprob>
        </actor>
        <actor name="D0N14">
            <wcet number="0">70</wcet>
            <wcet number="1">140</wcet>
            <maxpow number="0.30467158591856525"/>
            <maxpow number="0.30467158591856525"/>
            <fprob>0.0</fprob>
        </actor>
        <actor name="D0N38">
            <wcet number="0">50</wcet>
            <wcet number="1">120</wcet>
            <maxpow number="0.4545755804723746"/>
            <maxpow number="0.4545755804723746"/>
            <fprob>0.0</fprob>
        </actor>
        <actor name="D0N41">
            <wcet number="0">90</wcet>
            <wcet number="1">90</wcet>
            <maxpow number="0.30845722805707143"/>
            <maxpow number="0.30845722805707143"/>
            <fprob>0.0</fprob>
        </actor>
        <actor name="D0N16">
            <wcet number="0">30</wcet>
            <wcet number="1">70</wcet>
            <maxpow number="0.5625589705851461"/>
            <maxpow number="0.5625589705851461"/>
            <fprob>0.0</fprob>
        </actor>
        <actor name="D0N25">
            <wcet number="0">80</wcet>
            <wcet number="1">100</wcet>
            <maxpow number="0.28108977101910154"/>
            <maxpow number="0.28108977101910154"/>
            <fprob>0.0</fprob>
        </actor>
        <actor name="D0N3">
            <wcet number="0">70</wcet>
            <wcet number="1">70</wcet>
            <maxpow number="0.7983210260239058"/>
            <maxpow number="0.7983210260239058"/>
            <fprob>0.0</fprob>
        </actor>
        <actor name="D0N40">
            <wcet number="0">150</wcet>
            <wcet number="1">230</wcet>
            <maxpow number="0.858573445450046"/>
            <maxpow number="0.858573445450046"/>
            <fprob>0.0</fprob>
        </actor>
        <actor name="D0N28">
            <wcet number="0">100</wcet>
            <wcet number="1">190</wcet>
            <maxpow number="0.5194875524568678"/>
            <maxpow number="0.5194875524568678"/>
            <fprob>0.0</fprob>
        </actor>
        <actor name="D0N32">
            <wcet number="0">40</wcet>
            <wcet number="1">120</wcet>
            <maxpow number="0.4705544417919245"/>
            <maxpow number="0.4705544417919245"/>
            <fprob>0.0</fprob>
        </actor>
        <actor name="D0N4">
            <wcet number="0">60</wcet>
            <wcet number="1">90</wcet>
            <maxpow number="0.7447220025755017"/>
            <maxpow number="0.7447220025755017"/>
            <fprob>0.0</fprob>
        </actor>
        <actor name="D0N47">
            <wcet number="0">10</wcet>
            <wcet number="1">500</wcet>
            <maxpow number="0.3523297644380159"/>
            <maxpow number="0.3523297644380159"/>
            <fprob>0.0</fprob>
        </actor>
        <actor name="D0N39">
            <wcet number="0">140</wcet>
            <wcet number="1">320</wcet>
            <maxpow number="0.7047235734142266"/>
            <maxpow number="0.7047235734142266"/>
            <fprob>0.0</fprob>
        </actor>
        <actor name="D0N5">
            <wcet number="0">80</wcet>
            <wcet number="1">80</wcet>
            <maxpow number="0.7702489454141253"/>
            <maxpow number="0.7702489454141253"/>
            <fprob>0.0</fprob>
        </actor>
        <actor name="D0N19">
            <wcet number="0">30</wcet>
            <wcet number="1">40</wcet>
            <maxpow number="0.5548061554235593"/>
            <maxpow number="0.5548061554235593"/>
            <fprob>0.0</fprob>
        </actor>
        <actor name="D0N18">
            <wcet number="0">10</wcet>
            <wcet number="1">10</wcet>
            <maxpow number="0.5229392153212546"/>
            <maxpow number="0.5229392153212546"/>
            <fprob>0.0</fprob>
        </actor>
        <actor name="D0N23">
            <wcet number="0">130</wcet>
            <wcet number="1">260</wcet>
            <maxpow number="0.3721869568657612"/>
            <maxpow number="0.3721869568657612"/>
            <fprob>0.0</fprob>
        </actor>
        <actor name="D0N13">
            <wcet number="0">50</wcet>
            <wcet number="1">80</wcet>
            <maxpow number="0.36344575205375007"/>
            <maxpow number="0.36344575205375007"/>
            <fprob>0.0</fprob>
        </actor>
        <actor name="D0N24">
            <wcet number="0">30</wcet>
            <wcet number="1">40</wcet>
            <maxpow number="0.7568354497795302"/>
            <maxpow number="0.7568354497795302"/>
            <fprob>0.0</fprob>
        </actor>
        <actor name="D0N35">
            <wcet number="0">120</wcet>
            <wcet number="1">250</wcet>
            <maxpow number="0.6232635607834124"/>
            <maxpow number="0.6232635607834124"/>
            <fprob>0.0</fprob>
        </actor>
        <actor name="D0N6">
            <wcet number="0">120</wcet>
            <wcet number="1">160</wcet>
            <maxpow number="0.5478364061803336"/>
            <maxpow number="0.5478364061803336"/>
            <fprob>0.0</fprob>
        </actor>
        <actor name="D0N33">
            <wcet number="0">170</wcet>
            <wcet number="1">370</wcet>
            <maxpow number="0.4225203842740918"/>
            <maxpow number="0.4225203842740918"/>
            <fprob>0.0</fprob>
        </actor>
        <actor name="D0N10">
            <wcet number="0">10</wcet>
            <wcet number="1">20</wcet>
            <maxpow number="0.28808980307101256"/>
            <maxpow number="0.28808980307101256"/>
            <fprob>0.0</fprob>
        </actor>
        <actor name="D0N11">
            <wcet number="0">10</wcet>
            <wcet number="1">260</wcet>
            <maxpow number="0.47658581321338367"/>
            <maxpow number="0.47658581321338367"/>
            <fprob>0.0</fprob>
        </actor>
        <actor name="D0N17">
            <wcet number="0">110</wcet>
            <wcet number="1">160</wcet>
            <maxpow number="0.39495719624006864"/>
            <maxpow number="0.39495719624006864"/>
            <fprob>0.0</fprob>
        </actor>
        <actor name="D0N31">
            <wcet number="0">90</wcet>
            <wcet number="1">320</wcet>
            <maxpow number="0.6560889599884375"/>
            <maxpow number="0.6560889599884375"/>
            <fprob>0.0</fprob>
        </actor>
        <actor name="D0N22">
            <wcet number="0">30</wcet>
            <wcet number="1">50</wcet>
            <maxpow number="0.5597238623800035"/>
            <maxpow number="0.5597238623800035"/>
            <fprob>0.0</fprob>
        </actor>
        <actor name="D0N26">
            <wcet number="0">30</wcet>
            <wcet number="1">210</wcet>
            <maxpow number="0.6250586907522969"/>
            <maxpow number="0.6250586907522969"/>
            <fprob>0.0</fprob>
        </actor>
        <actor name="D0N45">
            <wcet number="0">60</wcet>
            <wcet number="1">140</wcet>
            <maxpow number="0.5672523011380757"/>
            <maxpow number="0.5672523011380757"/>
            <fprob>0.0</fprob>
        </actor>
        <actor name="D0N42">
            <wcet number="0">10</wcet>
            <wcet number="1">40</wcet>
            <maxpow number="0.37532745773376663"/>
            <maxpow number="0.37532745773376663"/>
            <fprob>0.0</fprob>
        </actor>
        <actor name="D0N9">
            <wcet number="0">10</wcet>
            <wcet number="1">10</wcet>
            <maxpow number="0.5312801880249846"/>
            <maxpow number="0.5312801880249846"/>
            <fprob>0.0</fprob>
        </actor>
        <actor name="D0N46">
            <wcet number="0">20</wcet>
            <wcet number="1">80</wcet>
            <maxpow number="0.5572414284478477"/>
            <maxpow number="0.5572414284478477"/>
            <fprob>0.0</fprob>
        </actor>
        <actor name="D0N43">
            <wcet number="0">110</wcet>
            <wcet number="1">150</wcet>
            <maxpow number="0.46859642264437407"/>
            <maxpow number="0.46859642264437407"/>
            <fprob>0.0</fprob>
        </actor>
        <actor name="D0N29">
            <wcet number="0">70</wcet>
            <wcet number="1">90</wcet>
            <maxpow number="0.5864422839245286"/>
            <maxpow number="0.5864422839245286"/>
            <fprob>0.0</fprob>
        </actor>
        <actor name="D0N2">
            <wcet number="0">40</wcet>
            <wcet number="1">130</wcet>
            <maxpow number="0.46777781252739814"/>
            <maxpow number="0.46777781252739814"/>
            <fprob>0.0</fprob>
        </actor>
        <actor name="D0N1">
            <wcet number="0">10</wcet>
            <wcet number="1">10</wcet>
            <maxpow number="0.5943555097733404"/>
            <maxpow number="0.5943555097733404"/>
            <fprob>0.0</fprob>
        </actor>
        <ports>
            <port dstActor="D0N27" name="p0" srcActor="D0N20"/>
            <port dstActor="D0N34" name="p1" srcActor="D0N20"/>
            <port dstActor="D0N44" name="p2" srcActor="D0N36"/>
            <port dstActor="D0N24" name="p3" srcActor="D0N0"/>
            <port dstActor="D0N18" name="p4" srcActor="D0N0"/>
            <port dstActor="D0N2" name="p5" srcActor="D0N0"/>
            <port dstActor="D0N8" name="p6" srcActor="D0N0"/>
            <port dstActor="D0N37" name="p7" srcActor="D0N0"/>
            <port dstActor="D0N33" name="p8" srcActor="D0N0"/>
            <port dstActor="D0N42" name="p9" srcActor="D0N0"/>
            <port dstActor="D0N24" name="p10" srcActor="D0N7"/>
            <port dstActor="D0N11" name="p11" srcActor="D0N7"/>
            <port dstActor="D0N21" name="p12" srcActor="D0N7"/>
            <port dstActor="D0N19" name="p13" srcActor="D0N7"/>
            <port dstActor="D0N26" name="p14" srcActor="D0N12"/>
            <port dstActor="D0N16" name="p15" srcActor="D0N12"/>
            <port dstActor="D0N25" name="p16" srcActor="D0N12"/>
            <port dstActor="D0N43" name="p17" srcActor="D0N27"/>
            <port dstActor="D0N44" name="p18" srcActor="D0N27"/>
            <port dstActor="D0N38" name="p19" srcActor="D0N27"/>
            <port dstActor="D0N35" name="p20" srcActor="D0N27"/>
            <port dstActor="D0N42" name="p21" srcActor="D0N34"/>
            <port dstActor="D0N47" name="p22" srcActor="D0N44"/>
            <port dstActor="D0N45" name="p23" srcActor="D0N44"/>
            <port dstActor="D0N31" name="p24" srcActor="D0N8"/>
            <port dstActor="D0N13" name="p25" srcActor="D0N8"/>
            <port dstActor="D0N19" name="p26" srcActor="D0N15"/>
            <port dstActor="D0N42" name="p27" srcActor="D0N21"/>
            <port dstActor="D0N36" name="p28" srcActor="D0N21"/>
            <port dstActor="D0N18" name="p29" srcActor="D0N14"/>
            <port dstActor="D0N43" name="p30" srcActor="D0N38"/>
            <port dstActor="D0N43" name="p31" srcActor="D0N41"/>
            <port dstActor="D0N34" name="p32" srcActor="D0N16"/>
            <port dstActor="D0N40" name="p33" srcActor="D0N16"/>
            <port dstActor="D0N39" name="p34" srcActor="D0N16"/>
            <port dstActor="D0N34" name="p35" srcActor="D0N25"/>
            <port dstActor="D0N35" name="p36" srcActor="D0N25"/>
            <port dstActor="D0N31" name="p37" srcActor="D0N3"/>
            <port dstActor="D0N5" name="p38" srcActor="D0N3"/>
            <port dstActor="D0N12" name="p39" srcActor="D0N3"/>
            <port dstActor="D0N19" name="p40" srcActor="D0N3"/>
            <port dstActor="D0N43" name="p41" srcActor="D0N28"/>
            <port dstActor="D0N34" name="p42" srcActor="D0N28"/>
            <port dstActor="D0N39" name="p43" srcActor="D0N32"/>
            <port dstActor="D0N21" name="p44" srcActor="D0N4"/>
            <port dstActor="D0N27" name="p45" srcActor="D0N4"/>
            <port dstActor="D0N35" name="p46" srcActor="D0N4"/>
            <port dstActor="D0N17" name="p47" srcActor="D0N5"/>
            <port dstActor="D0N9" name="p48" srcActor="D0N5"/>
            <port dstActor="D0N18" name="p49" srcActor="D0N5"/>
            <port dstActor="D0N8" name="p50" srcActor="D0N5"/>
            <port dstActor="D0N13" name="p51" srcActor="D0N5"/>
            <port dstActor="D0N20" name="p52" srcActor="D0N19"/>
            <port dstActor="D0N44" name="p53" srcActor="D0N18"/>
            <port dstActor="D0N20" name="p54" srcActor="D0N18"/>
            <port dstActor="D0N43" name="p55" srcActor="D0N18"/>
            <port dstActor="D0N40" name="p56" srcActor="D0N23"/>
            <port dstActor="D0N33" name="p57" srcActor="D0N13"/>
            <port dstActor="D0N40" name="p58" srcActor="D0N13"/>
            <port dstActor="D0N17" name="p59" srcActor="D0N13"/>
            <port dstActor="D0N36" name="p60" srcActor="D0N24"/>
            <port dstActor="D0N43" name="p61" srcActor="D0N24"/>
            <port dstActor="D0N28" name="p62" srcActor="D0N24"/>
            <port dstActor="D0N47" name="p63" srcActor="D0N24"/>
            <port dstActor="D0N26" name="p64" srcActor="D0N6"/>
            <port dstActor="D0N42" name="p65" srcActor="D0N6"/>
            <port dstActor="D0N32" name="p66" srcActor="D0N6"/>
            <port dstActor="D0N23" name="p67" srcActor="D0N6"/>
            <port dstActor="D0N44" name="p68" srcActor="D0N6"/>
            <port dstActor="D0N20" name="p69" srcActor="D0N6"/>
            <port dstActor="D0N14" name="p70" srcActor="D0N6"/>
            <port dstActor="D0N39" name="p71" srcActor="D0N6"/>
            <port dstActor="D0N44" name="p72" srcActor="D0N33"/>
            <port dstActor="D0N46" name="p73" srcActor="D0N33"/>
            <port dstActor="D0N45" name="p74" srcActor="D0N33"/>
            <port dstActor="D0N43" name="p75" srcActor="D0N10"/>
            <port dstActor="D0N15" name="p76" srcActor="D0N10"/>
            <port dstActor="D0N28" name="p77" srcActor="D0N10"/>
            <port dstActor="D0N19" name="p78" srcActor="D0N10"/>
            <port dstActor="D0N17" name="p79" srcActor="D0N10"/>
            <port dstActor="D0N28" name="p80" srcActor="D0N11"/>
            <port dstActor="D0N38" name="p81" srcActor="D0N11"/>
            <port dstActor="D0N23" name="p82" srcActor="D0N11"/>
            <port dstActor="D0N44" name="p83" srcActor="D0N11"/>
            <port dstActor="D0N21" name="p84" srcActor="D0N11"/>
            <port dstActor="D0N33" name="p85" srcActor="D0N31"/>
            <port dstActor="D0N36" name="p86" srcActor="D0N31"/>
            <port dstActor="D0N30" name="p87" srcActor="D0N22"/>
            <port dstActor="D0N26" name="p88" srcActor="D0N22"/>
            <port dstActor="D0N42" name="p89" srcActor="D0N22"/>
            <port dstActor="D0N31" name="p90" srcActor="D0N26"/>
            <port dstActor="D0N46" name="p91" srcActor="D0N42"/>
            <port dstActor="D0N47" name="p92" srcActor="D0N42"/>
            <port dstActor="D0N17" name="p93" srcActor="D0N9"/>
            <port dstActor="D0N11" name="p94" srcActor="D0N9"/>
            <port dstActor="D0N13" name="p95" srcActor="D0N9"/>
            <port dstActor="D0N35" name="p96" srcActor="D0N9"/>
            <port dstActor="D0N18" name="p97" srcActor="D0N9"/>
            <port dstActor="D0N40" name="p98" srcActor="D0N9"/>
            <port dstActor="D0N47" name="p99" srcActor="D0N9"/>
            <port dstActor="D0N31" name="p100" srcActor="D0N29"/>
            <port dstActor="D0N33" name="p101" srcActor="D0N29"/>
            <port dstActor="D0N38" name="p102" srcActor="D0N29"/>
            <port dstActor="D0N32" name="p103" srcActor="D0N29"/>
            <port dstActor="D0N35" name="p104" srcActor="D0N2"/>
            <port dstActor="D0N44" name="p105" srcActor="D0N2"/>
            <port dstActor="D0N37" name="p106" srcActor="D0N1"/>
            <port dstActor="D0N18" name="p107" srcActor="D0N1"/>
        </ports>
    </mcdag>
    <cores number="2"/>
    <levels number="2"/>
</mcsystem>
