<?xml version="1.0" encoding="UTF-8" standalone="no"?>
<mcsystem>
    <mcdag deadline="3000" name="genned-0-ed-10.0-0">
        <actor name="D0N47">
            <wcet number="0">50</wcet>
            <wcet number="1">160</wcet>
            <maxpow number="0.61133429459987"/>
            <maxpow number="0.61133429459987"/>
            <fprob>0.0</fprob>
        </actor>
        <actor name="D0N13">
            <wcet number="0">100</wcet>
            <wcet number="1">270</wcet>
            <maxpow number="0.6141235912464679"/>
            <maxpow number="0.6141235912464679"/>
            <fprob>0.0</fprob>
        </actor>
        <actor name="D0N42">
            <wcet number="0">60</wcet>
            <wcet number="1">110</wcet>
            <maxpow number="0.5479368553030401"/>
            <maxpow number="0.5479368553030401"/>
            <fprob>0.0</fprob>
        </actor>
        <actor name="D0N14">
            <wcet number="0">120</wcet>
            <wcet number="1">250</wcet>
            <maxpow number="0.6784041833157695"/>
            <maxpow number="0.6784041833157695"/>
            <fprob>0.0</fprob>
        </actor>
        <actor name="D0N39">
            <wcet number="0">60</wcet>
            <wcet number="1">140</wcet>
            <maxpow number="0.7770398120654348"/>
            <maxpow number="0.7770398120654348"/>
            <fprob>0.0</fprob>
        </actor>
        <actor name="D0N22">
            <wcet number="0">70</wcet>
            <wcet number="1">110</wcet>
            <maxpow number="0.7324936320732073"/>
            <maxpow number="0.7324936320732073"/>
            <fprob>0.0</fprob>
        </actor>
        <actor name="D0N0">
            <wcet number="0">20</wcet>
            <wcet number="1">120</wcet>
            <maxpow number="0.5651302217350247"/>
            <maxpow number="0.5651302217350247"/>
            <fprob>0.0</fprob>
        </actor>
        <actor name="D0N25">
            <wcet number="0">20</wcet>
            <wcet number="1">30</wcet>
            <maxpow number="0.26162419018116273"/>
            <maxpow number="0.26162419018116273"/>
            <fprob>0.0</fprob>
        </actor>
        <actor name="D0N36">
            <wcet number="0">10</wcet>
            <wcet number="1">20</wcet>
            <maxpow number="0.44466729765844404"/>
            <maxpow number="0.44466729765844404"/>
            <fprob>0.0</fprob>
        </actor>
        <actor name="D0N12">
            <wcet number="0">80</wcet>
            <wcet number="1">100</wcet>
            <maxpow number="0.7526002851027969"/>
            <maxpow number="0.7526002851027969"/>
            <fprob>0.0</fprob>
        </actor>
        <actor name="D0N40">
            <wcet number="0">100</wcet>
            <wcet number="1">180</wcet>
            <maxpow number="0.36704598789877085"/>
            <maxpow number="0.36704598789877085"/>
            <fprob>0.0</fprob>
        </actor>
        <actor name="D0N6">
            <wcet number="0">40</wcet>
            <wcet number="1">120</wcet>
            <maxpow number="0.5369045501666719"/>
            <maxpow number="0.5369045501666719"/>
            <fprob>0.0</fprob>
        </actor>
        <actor name="D0N37">
            <wcet number="0">110</wcet>
            <wcet number="1">110</wcet>
            <maxpow number="0.4122479233131023"/>
            <maxpow number="0.4122479233131023"/>
            <fprob>0.0</fprob>
        </actor>
        <actor name="D0N34">
            <wcet number="0">10</wcet>
            <wcet number="1">10</wcet>
            <maxpow number="0.41534786442791316"/>
            <maxpow number="0.41534786442791316"/>
            <fprob>0.0</fprob>
        </actor>
        <actor name="D0N38">
            <wcet number="0">20</wcet>
            <wcet number="1">50</wcet>
            <maxpow number="0.6122165010317016"/>
            <maxpow number="0.6122165010317016"/>
            <fprob>0.0</fprob>
        </actor>
        <actor name="D0N3">
            <wcet number="0">70</wcet>
            <wcet number="1">70</wcet>
            <maxpow number="0.4401828646157822"/>
            <maxpow number="0.4401828646157822"/>
            <fprob>0.0</fprob>
        </actor>
        <actor name="D0N21">
            <wcet number="0">80</wcet>
            <wcet number="1">380</wcet>
            <maxpow number="0.6074188526280201"/>
            <maxpow number="0.6074188526280201"/>
            <fprob>0.0</fprob>
        </actor>
        <actor name="D0N7">
            <wcet number="0">150</wcet>
            <wcet number="1">410</wcet>
            <maxpow number="0.3648755144248728"/>
            <maxpow number="0.3648755144248728"/>
            <fprob>0.0</fprob>
        </actor>
        <actor name="D0N41">
            <wcet number="0">10</wcet>
            <wcet number="1">40</wcet>
            <maxpow number="0.4438009099134834"/>
            <maxpow number="0.4438009099134834"/>
            <fprob>0.0</fprob>
        </actor>
        <actor name="D0N45">
            <wcet number="0">310</wcet>
            <wcet number="1">440</wcet>
            <maxpow number="0.37015218726000465"/>
            <maxpow number="0.37015218726000465"/>
            <fprob>0.0</fprob>
        </actor>
        <actor name="D0N17">
            <wcet number="0">180</wcet>
            <wcet number="1">270</wcet>
            <maxpow number="0.5550951268286427"/>
            <maxpow number="0.5550951268286427"/>
            <fprob>0.0</fprob>
        </actor>
        <actor name="D0N9">
            <wcet number="0">20</wcet>
            <wcet number="1">270</wcet>
            <maxpow number="0.404358626238696"/>
            <maxpow number="0.404358626238696"/>
            <fprob>0.0</fprob>
        </actor>
        <actor name="D0N48">
            <wcet number="0">70</wcet>
            <wcet number="1">110</wcet>
            <maxpow number="0.2893995408524367"/>
            <maxpow number="0.2893995408524367"/>
            <fprob>0.0</fprob>
        </actor>
        <actor name="D0N31">
            <wcet number="0">10</wcet>
            <wcet number="1">20</wcet>
            <maxpow number="0.33307205079178565"/>
            <maxpow number="0.33307205079178565"/>
            <fprob>0.0</fprob>
        </actor>
        <actor name="D0N19">
            <wcet number="0">30</wcet>
            <wcet number="1">150</wcet>
            <maxpow number="0.6869055609649417"/>
            <maxpow number="0.6869055609649417"/>
            <fprob>0.0</fprob>
        </actor>
        <actor name="D0N26">
            <wcet number="0">50</wcet>
            <wcet number="1">60</wcet>
            <maxpow number="0.6550576385495651"/>
            <maxpow number="0.6550576385495651"/>
            <fprob>0.0</fprob>
        </actor>
        <actor name="D0N8">
            <wcet number="0">150</wcet>
            <wcet number="1">440</wcet>
            <maxpow number="0.3504406813714889"/>
            <maxpow number="0.3504406813714889"/>
            <fprob>0.0</fprob>
        </actor>
        <actor name="D0N10">
            <wcet number="0">100</wcet>
            <wcet number="1">280</wcet>
            <maxpow number="0.8442694993727877"/>
            <maxpow number="0.8442694993727877"/>
            <fprob>0.0</fprob>
        </actor>
        <actor name="D0N20">
            <wcet number="0">10</wcet>
            <wcet number="1">10</wcet>
            <maxpow number="0.32553102361204733"/>
            <maxpow number="0.32553102361204733"/>
            <fprob>0.0</fprob>
        </actor>
        <actor name="D0N28">
            <wcet number="0">180</wcet>
            <wcet number="1">420</wcet>
            <maxpow number="0.5331471354509252"/>
            <maxpow number="0.5331471354509252"/>
            <fprob>0.0</fprob>
        </actor>
        <actor name="D0N35">
            <wcet number="0">40</wcet>
            <wcet number="1">120</wcet>
            <maxpow number="0.45469670067646534"/>
            <maxpow number="0.45469670067646534"/>
            <fprob>0.0</fprob>
        </actor>
        <actor name="D0N33">
            <wcet number="0">50</wcet>
            <wcet number="1">100</wcet>
            <maxpow number="0.5152702799457546"/>
            <maxpow number="0.5152702799457546"/>
            <fprob>0.0</fprob>
        </actor>
        <actor name="D0N32">
            <wcet number="0">30</wcet>
            <wcet number="1">50</wcet>
            <maxpow number="0.5404312265024404"/>
            <maxpow number="0.5404312265024404"/>
            <fprob>0.0</fprob>
        </actor>
        <actor name="D0N2">
            <wcet number="0">20</wcet>
            <wcet number="1">190</wcet>
            <maxpow number="0.33740701625902"/>
            <maxpow number="0.33740701625902"/>
            <fprob>0.0</fprob>
        </actor>
        <actor name="D0N27">
            <wcet number="0">40</wcet>
            <wcet number="1">180</wcet>
            <maxpow number="0.6094564119026282"/>
            <maxpow number="0.6094564119026282"/>
            <fprob>0.0</fprob>
        </actor>
        <actor name="D0N46">
            <wcet number="0">50</wcet>
            <wcet number="1">70</wcet>
            <maxpow number="0.6276517177428205"/>
            <maxpow number="0.6276517177428205"/>
            <fprob>0.0</fprob>
        </actor>
        <actor name="D0N15">
            <wcet number="0">110</wcet>
            <wcet number="1">320</wcet>
            <maxpow number="0.17363160785449228"/>
            <maxpow number="0.17363160785449228"/>
            <fprob>0.0</fprob>
        </actor>
        <actor name="D0N23">
            <wcet number="0">30</wcet>
            <wcet number="1">150</wcet>
            <maxpow number="0.5646440623777917"/>
            <maxpow number="0.5646440623777917"/>
            <fprob>0.0</fprob>
        </actor>
        <actor name="D0N11">
            <wcet number="0">20</wcet>
            <wcet number="1">30</wcet>
            <maxpow number="0.5925318973792665"/>
            <maxpow number="0.5925318973792665"/>
            <fprob>0.0</fprob>
        </actor>
        <actor name="D0N18">
            <wcet number="0">20</wcet>
            <wcet number="1">90</wcet>
            <maxpow number="0.42687446889349584"/>
            <maxpow number="0.42687446889349584"/>
            <fprob>0.0</fprob>
        </actor>
        <actor name="D0N30">
            <wcet number="0">120</wcet>
            <wcet number="1">210</wcet>
            <maxpow number="0.5810372954925624"/>
            <maxpow number="0.5810372954925624"/>
            <fprob>0.0</fprob>
        </actor>
        <actor name="D0N44">
            <wcet number="0">40</wcet>
            <wcet number="1">80</wcet>
            <maxpow number="0.46106250051630704"/>
            <maxpow number="0.46106250051630704"/>
            <fprob>0.0</fprob>
        </actor>
        <actor name="D0N5">
            <wcet number="0">10</wcet>
            <wcet number="1">250</wcet>
            <maxpow number="0.4343585982455286"/>
            <maxpow number="0.4343585982455286"/>
            <fprob>0.0</fprob>
        </actor>
        <actor name="D0N1">
            <wcet number="0">100</wcet>
            <wcet number="1">180</wcet>
            <maxpow number="0.4713263150381523"/>
            <maxpow number="0.4713263150381523"/>
            <fprob>0.0</fprob>
        </actor>
        <actor name="D0N43">
            <wcet number="0">20</wcet>
            <wcet number="1">30</wcet>
            <maxpow number="0.47103290538689657"/>
            <maxpow number="0.47103290538689657"/>
            <fprob>0.0</fprob>
        </actor>
        <actor name="D0N29">
            <wcet number="0">80</wcet>
            <wcet number="1">80</wcet>
            <maxpow number="0.6149976882859003"/>
            <maxpow number="0.6149976882859003"/>
            <fprob>0.0</fprob>
        </actor>
        <actor name="D0N4">
            <wcet number="0">70</wcet>
            <wcet number="1">160</wcet>
            <maxpow number="0.609682035712782"/>
            <maxpow number="0.609682035712782"/>
            <fprob>0.0</fprob>
        </actor>
        <actor name="D0N16">
            <wcet number="0">10</wcet>
            <wcet number="1">20</wcet>
            <maxpow number="0.392636729510618"/>
            <maxpow number="0.392636729510618"/>
            <fprob>0.0</fprob>
        </actor>
        <actor name="D0N24">
            <wcet number="0">20</wcet>
            <wcet number="1">40</wcet>
            <maxpow number="0.7179576030246371"/>
            <maxpow number="0.7179576030246371"/>
            <fprob>0.0</fprob>
        </actor>
        <ports>
            <port dstActor="D0N20" name="p0" srcActor="D0N13"/>
            <port dstActor="D0N42" name="p1" srcActor="D0N13"/>
            <port dstActor="D0N23" name="p2" srcActor="D0N13"/>
            <port dstActor="D0N38" name="p3" srcActor="D0N13"/>
            <port dstActor="D0N48" name="p4" srcActor="D0N42"/>
            <port dstActor="D0N36" name="p5" srcActor="D0N14"/>
            <port dstActor="D0N22" name="p6" srcActor="D0N14"/>
            <port dstActor="D0N35" name="p7" srcActor="D0N14"/>
            <port dstActor="D0N40" name="p8" srcActor="D0N14"/>
            <port dstActor="D0N42" name="p9" srcActor="D0N39"/>
            <port dstActor="D0N48" name="p10" srcActor="D0N39"/>
            <port dstActor="D0N32" name="p11" srcActor="D0N22"/>
            <port dstActor="D0N44" name="p12" srcActor="D0N22"/>
            <port dstActor="D0N28" name="p13" srcActor="D0N0"/>
            <port dstActor="D0N18" name="p14" srcActor="D0N0"/>
            <port dstActor="D0N43" name="p15" srcActor="D0N0"/>
            <port dstActor="D0N22" name="p16" srcActor="D0N0"/>
            <port dstActor="D0N39" name="p17" srcActor="D0N0"/>
            <port dstActor="D0N19" name="p18" srcActor="D0N0"/>
            <port dstActor="D0N34" name="p19" srcActor="D0N0"/>
            <port dstActor="D0N43" name="p20" srcActor="D0N25"/>
            <port dstActor="D0N45" name="p21" srcActor="D0N25"/>
            <port dstActor="D0N47" name="p22" srcActor="D0N36"/>
            <port dstActor="D0N48" name="p23" srcActor="D0N36"/>
            <port dstActor="D0N16" name="p24" srcActor="D0N12"/>
            <port dstActor="D0N39" name="p25" srcActor="D0N6"/>
            <port dstActor="D0N18" name="p26" srcActor="D0N6"/>
            <port dstActor="D0N47" name="p27" srcActor="D0N37"/>
            <port dstActor="D0N45" name="p28" srcActor="D0N37"/>
            <port dstActor="D0N38" name="p29" srcActor="D0N3"/>
            <port dstActor="D0N27" name="p30" srcActor="D0N3"/>
            <port dstActor="D0N26" name="p31" srcActor="D0N21"/>
            <port dstActor="D0N46" name="p32" srcActor="D0N7"/>
            <port dstActor="D0N14" name="p33" srcActor="D0N7"/>
            <port dstActor="D0N48" name="p34" srcActor="D0N7"/>
            <port dstActor="D0N24" name="p35" srcActor="D0N7"/>
            <port dstActor="D0N8" name="p36" srcActor="D0N7"/>
            <port dstActor="D0N11" name="p37" srcActor="D0N7"/>
            <port dstActor="D0N46" name="p38" srcActor="D0N41"/>
            <port dstActor="D0N26" name="p39" srcActor="D0N17"/>
            <port dstActor="D0N21" name="p40" srcActor="D0N17"/>
            <port dstActor="D0N43" name="p41" srcActor="D0N9"/>
            <port dstActor="D0N48" name="p42" srcActor="D0N9"/>
            <port dstActor="D0N24" name="p43" srcActor="D0N9"/>
            <port dstActor="D0N45" name="p44" srcActor="D0N31"/>
            <port dstActor="D0N43" name="p45" srcActor="D0N31"/>
            <port dstActor="D0N20" name="p46" srcActor="D0N19"/>
            <port dstActor="D0N37" name="p47" srcActor="D0N19"/>
            <port dstActor="D0N31" name="p48" srcActor="D0N19"/>
            <port dstActor="D0N23" name="p49" srcActor="D0N19"/>
            <port dstActor="D0N36" name="p50" srcActor="D0N26"/>
            <port dstActor="D0N42" name="p51" srcActor="D0N26"/>
            <port dstActor="D0N10" name="p52" srcActor="D0N8"/>
            <port dstActor="D0N39" name="p53" srcActor="D0N8"/>
            <port dstActor="D0N46" name="p54" srcActor="D0N8"/>
            <port dstActor="D0N41" name="p55" srcActor="D0N8"/>
            <port dstActor="D0N32" name="p56" srcActor="D0N10"/>
            <port dstActor="D0N25" name="p57" srcActor="D0N10"/>
            <port dstActor="D0N16" name="p58" srcActor="D0N10"/>
            <port dstActor="D0N26" name="p59" srcActor="D0N10"/>
            <port dstActor="D0N27" name="p60" srcActor="D0N20"/>
            <port dstActor="D0N37" name="p61" srcActor="D0N20"/>
            <port dstActor="D0N46" name="p62" srcActor="D0N28"/>
            <port dstActor="D0N44" name="p63" srcActor="D0N35"/>
            <port dstActor="D0N39" name="p64" srcActor="D0N33"/>
            <port dstActor="D0N40" name="p65" srcActor="D0N33"/>
            <port dstActor="D0N43" name="p66" srcActor="D0N33"/>
            <port dstActor="D0N46" name="p67" srcActor="D0N32"/>
            <port dstActor="D0N38" name="p68" srcActor="D0N32"/>
            <port dstActor="D0N9" name="p69" srcActor="D0N2"/>
            <port dstActor="D0N6" name="p70" srcActor="D0N2"/>
            <port dstActor="D0N25" name="p71" srcActor="D0N2"/>
            <port dstActor="D0N48" name="p72" srcActor="D0N2"/>
            <port dstActor="D0N24" name="p73" srcActor="D0N2"/>
            <port dstActor="D0N47" name="p74" srcActor="D0N2"/>
            <port dstActor="D0N47" name="p75" srcActor="D0N27"/>
            <port dstActor="D0N39" name="p76" srcActor="D0N27"/>
            <port dstActor="D0N47" name="p77" srcActor="D0N46"/>
            <port dstActor="D0N34" name="p78" srcActor="D0N15"/>
            <port dstActor="D0N36" name="p79" srcActor="D0N15"/>
            <port dstActor="D0N44" name="p80" srcActor="D0N23"/>
            <port dstActor="D0N24" name="p81" srcActor="D0N23"/>
            <port dstActor="D0N33" name="p82" srcActor="D0N23"/>
            <port dstActor="D0N32" name="p83" srcActor="D0N23"/>
            <port dstActor="D0N41" name="p84" srcActor="D0N11"/>
            <port dstActor="D0N47" name="p85" srcActor="D0N11"/>
            <port dstActor="D0N24" name="p86" srcActor="D0N11"/>
            <port dstActor="D0N29" name="p87" srcActor="D0N11"/>
            <port dstActor="D0N15" name="p88" srcActor="D0N11"/>
            <port dstActor="D0N48" name="p89" srcActor="D0N11"/>
            <port dstActor="D0N22" name="p90" srcActor="D0N18"/>
            <port dstActor="D0N40" name="p91" srcActor="D0N18"/>
            <port dstActor="D0N45" name="p92" srcActor="D0N18"/>
            <port dstActor="D0N12" name="p93" srcActor="D0N5"/>
            <port dstActor="D0N46" name="p94" srcActor="D0N5"/>
            <port dstActor="D0N48" name="p95" srcActor="D0N5"/>
            <port dstActor="D0N35" name="p96" srcActor="D0N5"/>
            <port dstActor="D0N47" name="p97" srcActor="D0N1"/>
            <port dstActor="D0N33" name="p98" srcActor="D0N1"/>
            <port dstActor="D0N19" name="p99" srcActor="D0N1"/>
            <port dstActor="D0N27" name="p100" srcActor="D0N1"/>
            <port dstActor="D0N23" name="p101" srcActor="D0N1"/>
            <port dstActor="D0N15" name="p102" srcActor="D0N1"/>
            <port dstActor="D0N3" name="p103" srcActor="D0N1"/>
            <port dstActor="D0N43" name="p104" srcActor="D0N29"/>
            <port dstActor="D0N47" name="p105" srcActor="D0N29"/>
            <port dstActor="D0N42" name="p106" srcActor="D0N29"/>
            <port dstActor="D0N37" name="p107" srcActor="D0N29"/>
            <port dstActor="D0N11" name="p108" srcActor="D0N4"/>
            <port dstActor="D0N20" name="p109" srcActor="D0N4"/>
            <port dstActor="D0N5" name="p110" srcActor="D0N4"/>
            <port dstActor="D0N29" name="p111" srcActor="D0N4"/>
            <port dstActor="D0N45" name="p112" srcActor="D0N4"/>
            <port dstActor="D0N33" name="p113" srcActor="D0N16"/>
            <port dstActor="D0N37" name="p114" srcActor="D0N16"/>
            <port dstActor="D0N46" name="p115" srcActor="D0N16"/>
            <port dstActor="D0N34" name="p116" srcActor="D0N24"/>
            <port dstActor="D0N44" name="p117" srcActor="D0N24"/>
        </ports>
    </mcdag>
    <cores number="3"/>
    <levels number="2"/>
</mcsystem>
