<?xml version="1.0" encoding="UTF-8" standalone="no"?>
<mcsystem>
    <mcdag deadline="1200" name="genned-0-ed-10.0-0">
        <actor name="D0N17">
            <wcet number="0">20</wcet>
            <wcet number="1">40</wcet>
            <maxpow number="0.7662780909794366"/>
            <maxpow number="0.7662780909794366"/>
            <fprob>0.0</fprob>
        </actor>
        <actor name="D0N10">
            <wcet number="0">10</wcet>
            <wcet number="1">10</wcet>
            <maxpow number="0.9096117441176816"/>
            <maxpow number="0.9096117441176816"/>
            <fprob>0.0</fprob>
        </actor>
        <actor name="D0N21">
            <wcet number="0">20</wcet>
            <wcet number="1">40</wcet>
            <maxpow number="1.0181221512829541"/>
            <maxpow number="1.0181221512829541"/>
            <fprob>0.0</fprob>
        </actor>
        <actor name="D0N42">
            <wcet number="0">10</wcet>
            <wcet number="1">100</wcet>
            <maxpow number="0.5843339600015854"/>
            <maxpow number="0.5843339600015854"/>
            <fprob>0.0</fprob>
        </actor>
        <actor name="D0N22">
            <wcet number="0">10</wcet>
            <wcet number="1">20</wcet>
            <maxpow number="0.6479347606669108"/>
            <maxpow number="0.6479347606669108"/>
            <fprob>0.0</fprob>
        </actor>
        <actor name="D0N5">
            <wcet number="0">10</wcet>
            <wcet number="1">10</wcet>
            <maxpow number="0.6729572173194086"/>
            <maxpow number="0.6729572173194086"/>
            <fprob>0.0</fprob>
        </actor>
        <actor name="D0N24">
            <wcet number="0">30</wcet>
            <wcet number="1">70</wcet>
            <maxpow number="0.767165286716496"/>
            <maxpow number="0.767165286716496"/>
            <fprob>0.0</fprob>
        </actor>
        <actor name="D0N19">
            <wcet number="0">30</wcet>
            <wcet number="1">30</wcet>
            <maxpow number="0.5979663977580069"/>
            <maxpow number="0.5979663977580069"/>
            <fprob>0.0</fprob>
        </actor>
        <actor name="D0N8">
            <wcet number="0">20</wcet>
            <wcet number="1">80</wcet>
            <maxpow number="0.4755537448515055"/>
            <maxpow number="0.4755537448515055"/>
            <fprob>0.0</fprob>
        </actor>
        <actor name="D0N11">
            <wcet number="0">10</wcet>
            <wcet number="1">20</wcet>
            <maxpow number="0.4098906305364703"/>
            <maxpow number="0.4098906305364703"/>
            <fprob>0.0</fprob>
        </actor>
        <actor name="D0N27">
            <wcet number="0">10</wcet>
            <wcet number="1">10</wcet>
            <maxpow number="0.5419444797684789"/>
            <maxpow number="0.5419444797684789"/>
            <fprob>0.0</fprob>
        </actor>
        <actor name="D0N16">
            <wcet number="0">140</wcet>
            <wcet number="1">230</wcet>
            <maxpow number="0.5890591531948622"/>
            <maxpow number="0.5890591531948622"/>
            <fprob>0.0</fprob>
        </actor>
        <actor name="D0N9">
            <wcet number="0">10</wcet>
            <wcet number="1">10</wcet>
            <maxpow number="0.8490241021556386"/>
            <maxpow number="0.8490241021556386"/>
            <fprob>0.0</fprob>
        </actor>
        <actor name="D0N41">
            <wcet number="0">40</wcet>
            <wcet number="1">40</wcet>
            <maxpow number="0.7869065249242702"/>
            <maxpow number="0.7869065249242702"/>
            <fprob>0.0</fprob>
        </actor>
        <actor name="D0N43">
            <wcet number="0">30</wcet>
            <wcet number="1">30</wcet>
            <maxpow number="0.4552202066796399"/>
            <maxpow number="0.4552202066796399"/>
            <fprob>0.0</fprob>
        </actor>
        <actor name="D0N37">
            <wcet number="0">40</wcet>
            <wcet number="1">40</wcet>
            <maxpow number="0.5267061318431654"/>
            <maxpow number="0.5267061318431654"/>
            <fprob>0.0</fprob>
        </actor>
        <actor name="D0N6">
            <wcet number="0">10</wcet>
            <wcet number="1">40</wcet>
            <maxpow number="0.7887294038088608"/>
            <maxpow number="0.7887294038088608"/>
            <fprob>0.0</fprob>
        </actor>
        <actor name="D0N32">
            <wcet number="0">20</wcet>
            <wcet number="1">20</wcet>
            <maxpow number="0.6659685073198713"/>
            <maxpow number="0.6659685073198713"/>
            <fprob>0.0</fprob>
        </actor>
        <actor name="D0N20">
            <wcet number="0">50</wcet>
            <wcet number="1">50</wcet>
            <maxpow number="0.6444928032011976"/>
            <maxpow number="0.6444928032011976"/>
            <fprob>0.0</fprob>
        </actor>
        <actor name="D0N0">
            <wcet number="0">70</wcet>
            <wcet number="1">80</wcet>
            <maxpow number="0.4768325249535427"/>
            <maxpow number="0.4768325249535427"/>
            <fprob>0.0</fprob>
        </actor>
        <actor name="D0N18">
            <wcet number="0">80</wcet>
            <wcet number="1">130</wcet>
            <maxpow number="0.6003707041190561"/>
            <maxpow number="0.6003707041190561"/>
            <fprob>0.0</fprob>
        </actor>
        <actor name="D0N34">
            <wcet number="0">70</wcet>
            <wcet number="1">70</wcet>
            <maxpow number="0.37165428059862515"/>
            <maxpow number="0.37165428059862515"/>
            <fprob>0.0</fprob>
        </actor>
        <actor name="D0N2">
            <wcet number="0">10</wcet>
            <wcet number="1">20</wcet>
            <maxpow number="0.21266586587148067"/>
            <maxpow number="0.21266586587148067"/>
            <fprob>0.0</fprob>
        </actor>
        <actor name="D0N30">
            <wcet number="0">80</wcet>
            <wcet number="1">80</wcet>
            <maxpow number="0.6463336813772371"/>
            <maxpow number="0.6463336813772371"/>
            <fprob>0.0</fprob>
        </actor>
        <actor name="D0N12">
            <wcet number="0">10</wcet>
            <wcet number="1">20</wcet>
            <maxpow number="0.6673694209022043"/>
            <maxpow number="0.6673694209022043"/>
            <fprob>0.0</fprob>
        </actor>
        <actor name="D0N29">
            <wcet number="0">10</wcet>
            <wcet number="1">30</wcet>
            <maxpow number="0.5831623661760927"/>
            <maxpow number="0.5831623661760927"/>
            <fprob>0.0</fprob>
        </actor>
        <actor name="D0N40">
            <wcet number="0">10</wcet>
            <wcet number="1">10</wcet>
            <maxpow number="0.6108301310816835"/>
            <maxpow number="0.6108301310816835"/>
            <fprob>0.0</fprob>
        </actor>
        <actor name="D0N28">
            <wcet number="0">20</wcet>
            <wcet number="1">20</wcet>
            <maxpow number="0.7311768951135886"/>
            <maxpow number="0.7311768951135886"/>
            <fprob>0.0</fprob>
        </actor>
        <actor name="D0N4">
            <wcet number="0">30</wcet>
            <wcet number="1">30</wcet>
            <maxpow number="0.5328996966886228"/>
            <maxpow number="0.5328996966886228"/>
            <fprob>0.0</fprob>
        </actor>
        <actor name="D0N36">
            <wcet number="0">40</wcet>
            <wcet number="1">40</wcet>
            <maxpow number="0.39789025070895145"/>
            <maxpow number="0.39789025070895145"/>
            <fprob>0.0</fprob>
        </actor>
        <actor name="D0N45">
            <wcet number="0">70</wcet>
            <wcet number="1">80</wcet>
            <maxpow number="0.33895996924813376"/>
            <maxpow number="0.33895996924813376"/>
            <fprob>0.0</fprob>
        </actor>
        <actor name="D0N48">
            <wcet number="0">60</wcet>
            <wcet number="1">70</wcet>
            <maxpow number="0.5315612215053905"/>
            <maxpow number="0.5315612215053905"/>
            <fprob>0.0</fprob>
        </actor>
        <actor name="D0N47">
            <wcet number="0">30</wcet>
            <wcet number="1">40</wcet>
            <maxpow number="0.790385128789511"/>
            <maxpow number="0.790385128789511"/>
            <fprob>0.0</fprob>
        </actor>
        <actor name="D0N7">
            <wcet number="0">140</wcet>
            <wcet number="1">190</wcet>
            <maxpow number="0.5561828881153804"/>
            <maxpow number="0.5561828881153804"/>
            <fprob>0.0</fprob>
        </actor>
        <actor name="D0N25">
            <wcet number="0">20</wcet>
            <wcet number="1">20</wcet>
            <maxpow number="0.5161761179840172"/>
            <maxpow number="0.5161761179840172"/>
            <fprob>0.0</fprob>
        </actor>
        <actor name="D0N46">
            <wcet number="0">40</wcet>
            <wcet number="1">40</wcet>
            <maxpow number="0.6860573621314272"/>
            <maxpow number="0.6860573621314272"/>
            <fprob>0.0</fprob>
        </actor>
        <actor name="D0N35">
            <wcet number="0">10</wcet>
            <wcet number="1">10</wcet>
            <maxpow number="0.8005093114203217"/>
            <maxpow number="0.8005093114203217"/>
            <fprob>0.0</fprob>
        </actor>
        <actor name="D0N38">
            <wcet number="0">30</wcet>
            <wcet number="1">60</wcet>
            <maxpow number="0.6509351005569842"/>
            <maxpow number="0.6509351005569842"/>
            <fprob>0.0</fprob>
        </actor>
        <actor name="D0N33">
            <wcet number="0">20</wcet>
            <wcet number="1">40</wcet>
            <maxpow number="0.9418970567419469"/>
            <maxpow number="0.9418970567419469"/>
            <fprob>0.0</fprob>
        </actor>
        <actor name="D0N15">
            <wcet number="0">20</wcet>
            <wcet number="1">20</wcet>
            <maxpow number="0.20353230537057276"/>
            <maxpow number="0.20353230537057276"/>
            <fprob>0.0</fprob>
        </actor>
        <actor name="D0N13">
            <wcet number="0">10</wcet>
            <wcet number="1">10</wcet>
            <maxpow number="0.20089458019384254"/>
            <maxpow number="0.20089458019384254"/>
            <fprob>0.0</fprob>
        </actor>
        <actor name="D0N1">
            <wcet number="0">10</wcet>
            <wcet number="1">30</wcet>
            <maxpow number="0.16324892296690202"/>
            <maxpow number="0.16324892296690202"/>
            <fprob>0.0</fprob>
        </actor>
        <actor name="D0N23">
            <wcet number="0">10</wcet>
            <wcet number="1">10</wcet>
            <maxpow number="0.6199681125122917"/>
            <maxpow number="0.6199681125122917"/>
            <fprob>0.0</fprob>
        </actor>
        <actor name="D0N3">
            <wcet number="0">80</wcet>
            <wcet number="1">110</wcet>
            <maxpow number="0.2919792455320375"/>
            <maxpow number="0.2919792455320375"/>
            <fprob>0.0</fprob>
        </actor>
        <actor name="D0N39">
            <wcet number="0">10</wcet>
            <wcet number="1">70</wcet>
            <maxpow number="0.6025846254691496"/>
            <maxpow number="0.6025846254691496"/>
            <fprob>0.0</fprob>
        </actor>
        <actor name="D0N31">
            <wcet number="0">30</wcet>
            <wcet number="1">80</wcet>
            <maxpow number="0.5868640788380646"/>
            <maxpow number="0.5868640788380646"/>
            <fprob>0.0</fprob>
        </actor>
        <actor name="D0N14">
            <wcet number="0">20</wcet>
            <wcet number="1">20</wcet>
            <maxpow number="0.8112424795131266"/>
            <maxpow number="0.8112424795131266"/>
            <fprob>0.0</fprob>
        </actor>
        <actor name="D0N44">
            <wcet number="0">50</wcet>
            <wcet number="1">50</wcet>
            <maxpow number="0.7531990240235239"/>
            <maxpow number="0.7531990240235239"/>
            <fprob>0.0</fprob>
        </actor>
        <actor name="D0N26">
            <wcet number="0">30</wcet>
            <wcet number="1">30</wcet>
            <maxpow number="0.5595074320172471"/>
            <maxpow number="0.5595074320172471"/>
            <fprob>0.0</fprob>
        </actor>
        <ports>
            <port dstActor="D0N47" name="p0" srcActor="D0N17"/>
            <port dstActor="D0N38" name="p1" srcActor="D0N17"/>
            <port dstActor="D0N16" name="p2" srcActor="D0N10"/>
            <port dstActor="D0N46" name="p3" srcActor="D0N10"/>
            <port dstActor="D0N28" name="p4" srcActor="D0N10"/>
            <port dstActor="D0N48" name="p5" srcActor="D0N10"/>
            <port dstActor="D0N26" name="p6" srcActor="D0N10"/>
            <port dstActor="D0N19" name="p7" srcActor="D0N10"/>
            <port dstActor="D0N42" name="p8" srcActor="D0N10"/>
            <port dstActor="D0N25" name="p9" srcActor="D0N10"/>
            <port dstActor="D0N25" name="p10" srcActor="D0N21"/>
            <port dstActor="D0N40" name="p11" srcActor="D0N21"/>
            <port dstActor="D0N47" name="p12" srcActor="D0N22"/>
            <port dstActor="D0N16" name="p13" srcActor="D0N5"/>
            <port dstActor="D0N10" name="p14" srcActor="D0N5"/>
            <port dstActor="D0N41" name="p15" srcActor="D0N5"/>
            <port dstActor="D0N30" name="p16" srcActor="D0N24"/>
            <port dstActor="D0N25" name="p17" srcActor="D0N24"/>
            <port dstActor="D0N46" name="p18" srcActor="D0N24"/>
            <port dstActor="D0N48" name="p19" srcActor="D0N24"/>
            <port dstActor="D0N29" name="p20" srcActor="D0N24"/>
            <port dstActor="D0N28" name="p21" srcActor="D0N19"/>
            <port dstActor="D0N23" name="p22" srcActor="D0N19"/>
            <port dstActor="D0N19" name="p23" srcActor="D0N8"/>
            <port dstActor="D0N37" name="p24" srcActor="D0N8"/>
            <port dstActor="D0N30" name="p25" srcActor="D0N8"/>
            <port dstActor="D0N45" name="p26" srcActor="D0N8"/>
            <port dstActor="D0N14" name="p27" srcActor="D0N8"/>
            <port dstActor="D0N23" name="p28" srcActor="D0N8"/>
            <port dstActor="D0N26" name="p29" srcActor="D0N8"/>
            <port dstActor="D0N20" name="p30" srcActor="D0N11"/>
            <port dstActor="D0N47" name="p31" srcActor="D0N11"/>
            <port dstActor="D0N46" name="p32" srcActor="D0N27"/>
            <port dstActor="D0N33" name="p33" srcActor="D0N16"/>
            <port dstActor="D0N43" name="p34" srcActor="D0N16"/>
            <port dstActor="D0N22" name="p35" srcActor="D0N16"/>
            <port dstActor="D0N21" name="p36" srcActor="D0N9"/>
            <port dstActor="D0N45" name="p37" srcActor="D0N9"/>
            <port dstActor="D0N39" name="p38" srcActor="D0N9"/>
            <port dstActor="D0N25" name="p39" srcActor="D0N9"/>
            <port dstActor="D0N44" name="p40" srcActor="D0N9"/>
            <port dstActor="D0N43" name="p41" srcActor="D0N9"/>
            <port dstActor="D0N37" name="p42" srcActor="D0N9"/>
            <port dstActor="D0N36" name="p43" srcActor="D0N6"/>
            <port dstActor="D0N28" name="p44" srcActor="D0N6"/>
            <port dstActor="D0N16" name="p45" srcActor="D0N6"/>
            <port dstActor="D0N9" name="p46" srcActor="D0N6"/>
            <port dstActor="D0N42" name="p47" srcActor="D0N32"/>
            <port dstActor="D0N21" name="p48" srcActor="D0N20"/>
            <port dstActor="D0N34" name="p49" srcActor="D0N20"/>
            <port dstActor="D0N37" name="p50" srcActor="D0N20"/>
            <port dstActor="D0N9" name="p51" srcActor="D0N0"/>
            <port dstActor="D0N13" name="p52" srcActor="D0N0"/>
            <port dstActor="D0N26" name="p53" srcActor="D0N0"/>
            <port dstActor="D0N4" name="p54" srcActor="D0N0"/>
            <port dstActor="D0N35" name="p55" srcActor="D0N0"/>
            <port dstActor="D0N23" name="p56" srcActor="D0N18"/>
            <port dstActor="D0N32" name="p57" srcActor="D0N18"/>
            <port dstActor="D0N43" name="p58" srcActor="D0N18"/>
            <port dstActor="D0N37" name="p59" srcActor="D0N34"/>
            <port dstActor="D0N39" name="p60" srcActor="D0N34"/>
            <port dstActor="D0N48" name="p61" srcActor="D0N34"/>
            <port dstActor="D0N4" name="p62" srcActor="D0N2"/>
            <port dstActor="D0N16" name="p63" srcActor="D0N2"/>
            <port dstActor="D0N47" name="p64" srcActor="D0N2"/>
            <port dstActor="D0N35" name="p65" srcActor="D0N2"/>
            <port dstActor="D0N10" name="p66" srcActor="D0N2"/>
            <port dstActor="D0N24" name="p67" srcActor="D0N2"/>
            <port dstActor="D0N45" name="p68" srcActor="D0N2"/>
            <port dstActor="D0N21" name="p69" srcActor="D0N2"/>
            <port dstActor="D0N34" name="p70" srcActor="D0N30"/>
            <port dstActor="D0N35" name="p71" srcActor="D0N30"/>
            <port dstActor="D0N43" name="p72" srcActor="D0N30"/>
            <port dstActor="D0N39" name="p73" srcActor="D0N30"/>
            <port dstActor="D0N36" name="p74" srcActor="D0N12"/>
            <port dstActor="D0N18" name="p75" srcActor="D0N12"/>
            <port dstActor="D0N48" name="p76" srcActor="D0N12"/>
            <port dstActor="D0N22" name="p77" srcActor="D0N12"/>
            <port dstActor="D0N31" name="p78" srcActor="D0N28"/>
            <port dstActor="D0N37" name="p79" srcActor="D0N28"/>
            <port dstActor="D0N46" name="p80" srcActor="D0N28"/>
            <port dstActor="D0N22" name="p81" srcActor="D0N4"/>
            <port dstActor="D0N16" name="p82" srcActor="D0N4"/>
            <port dstActor="D0N46" name="p83" srcActor="D0N36"/>
            <port dstActor="D0N44" name="p84" srcActor="D0N7"/>
            <port dstActor="D0N27" name="p85" srcActor="D0N7"/>
            <port dstActor="D0N20" name="p86" srcActor="D0N7"/>
            <port dstActor="D0N27" name="p87" srcActor="D0N25"/>
            <port dstActor="D0N36" name="p88" srcActor="D0N25"/>
            <port dstActor="D0N39" name="p89" srcActor="D0N25"/>
            <port dstActor="D0N48" name="p90" srcActor="D0N46"/>
            <port dstActor="D0N47" name="p91" srcActor="D0N35"/>
            <port dstActor="D0N37" name="p92" srcActor="D0N35"/>
            <port dstActor="D0N41" name="p93" srcActor="D0N35"/>
            <port dstActor="D0N39" name="p94" srcActor="D0N35"/>
            <port dstActor="D0N47" name="p95" srcActor="D0N38"/>
            <port dstActor="D0N40" name="p96" srcActor="D0N38"/>
            <port dstActor="D0N38" name="p97" srcActor="D0N33"/>
            <port dstActor="D0N39" name="p98" srcActor="D0N15"/>
            <port dstActor="D0N42" name="p99" srcActor="D0N13"/>
            <port dstActor="D0N17" name="p100" srcActor="D0N13"/>
            <port dstActor="D0N41" name="p101" srcActor="D0N13"/>
            <port dstActor="D0N26" name="p102" srcActor="D0N1"/>
            <port dstActor="D0N32" name="p103" srcActor="D0N1"/>
            <port dstActor="D0N34" name="p104" srcActor="D0N1"/>
            <port dstActor="D0N37" name="p105" srcActor="D0N23"/>
            <port dstActor="D0N43" name="p106" srcActor="D0N23"/>
            <port dstActor="D0N24" name="p107" srcActor="D0N23"/>
            <port dstActor="D0N30" name="p108" srcActor="D0N23"/>
            <port dstActor="D0N45" name="p109" srcActor="D0N23"/>
            <port dstActor="D0N45" name="p110" srcActor="D0N3"/>
            <port dstActor="D0N22" name="p111" srcActor="D0N3"/>
            <port dstActor="D0N44" name="p112" srcActor="D0N3"/>
            <port dstActor="D0N18" name="p113" srcActor="D0N3"/>
            <port dstActor="D0N27" name="p114" srcActor="D0N3"/>
            <port dstActor="D0N13" name="p115" srcActor="D0N3"/>
            <port dstActor="D0N34" name="p116" srcActor="D0N31"/>
            <port dstActor="D0N42" name="p117" srcActor="D0N31"/>
            <port dstActor="D0N33" name="p118" srcActor="D0N14"/>
            <port dstActor="D0N47" name="p119" srcActor="D0N14"/>
            <port dstActor="D0N26" name="p120" srcActor="D0N14"/>
            <port dstActor="D0N38" name="p121" srcActor="D0N14"/>
            <port dstActor="D0N40" name="p122" srcActor="D0N14"/>
            <port dstActor="D0N21" name="p123" srcActor="D0N14"/>
            <port dstActor="D0N40" name="p124" srcActor="D0N26"/>
            <port dstActor="D0N29" name="p125" srcActor="D0N26"/>
        </ports>
    </mcdag>
    <cores number="2"/>
    <levels number="2"/>
</mcsystem>
