<?xml version="1.0" encoding="UTF-8" standalone="no"?>
<mcsystem>
    <mcdag deadline="4000" name="genned-0-ed-10.0-0">
        <actor name="D0N49">
            <wcet number="0">30</wcet>
            <wcet number="1">220</wcet>
            <maxpow number="0.32773629709968916"/>
            <maxpow number="0.32773629709968916"/>
            <fprob>0.0</fprob>
        </actor>
        <actor name="D0N43">
            <wcet number="0">40</wcet>
            <wcet number="1">120</wcet>
            <maxpow number="0.40563288868134983"/>
            <maxpow number="0.40563288868134983"/>
            <fprob>0.0</fprob>
        </actor>
        <actor name="D0N47">
            <wcet number="0">40</wcet>
            <wcet number="1">290</wcet>
            <maxpow number="0.5452277586771592"/>
            <maxpow number="0.5452277586771592"/>
            <fprob>0.0</fprob>
        </actor>
        <actor name="D0N46">
            <wcet number="0">100</wcet>
            <wcet number="1">120</wcet>
            <maxpow number="0.5981475926220893"/>
            <maxpow number="0.5981475926220893"/>
            <fprob>0.0</fprob>
        </actor>
        <actor name="D0N15">
            <wcet number="0">30</wcet>
            <wcet number="1">280</wcet>
            <maxpow number="0.6560809391171954"/>
            <maxpow number="0.6560809391171954"/>
            <fprob>0.0</fprob>
        </actor>
        <actor name="D0N17">
            <wcet number="0">740</wcet>
            <wcet number="1">790</wcet>
            <maxpow number="0.644927264993422"/>
            <maxpow number="0.644927264993422"/>
            <fprob>0.0</fprob>
        </actor>
        <actor name="D0N30">
            <wcet number="0">30</wcet>
            <wcet number="1">40</wcet>
            <maxpow number="0.20443686159995778"/>
            <maxpow number="0.20443686159995778"/>
            <fprob>0.0</fprob>
        </actor>
        <actor name="D0N16">
            <wcet number="0">20</wcet>
            <wcet number="1">50</wcet>
            <maxpow number="0.4423290558592459"/>
            <maxpow number="0.4423290558592459"/>
            <fprob>0.0</fprob>
        </actor>
        <actor name="D0N33">
            <wcet number="0">20</wcet>
            <wcet number="1">120</wcet>
            <maxpow number="0.15593145876529063"/>
            <maxpow number="0.15593145876529063"/>
            <fprob>0.0</fprob>
        </actor>
        <actor name="D0N8">
            <wcet number="0">90</wcet>
            <wcet number="1">190</wcet>
            <maxpow number="0.6073237170069404"/>
            <maxpow number="0.6073237170069404"/>
            <fprob>0.0</fprob>
        </actor>
        <actor name="D0N10">
            <wcet number="0">30</wcet>
            <wcet number="1">40</wcet>
            <maxpow number="0.4240117075533544"/>
            <maxpow number="0.4240117075533544"/>
            <fprob>0.0</fprob>
        </actor>
        <actor name="D0N14">
            <wcet number="0">260</wcet>
            <wcet number="1">640</wcet>
            <maxpow number="0.48807938446262195"/>
            <maxpow number="0.48807938446262195"/>
            <fprob>0.0</fprob>
        </actor>
        <actor name="D0N32">
            <wcet number="0">470</wcet>
            <wcet number="1">670</wcet>
            <maxpow number="0.49596367789156776"/>
            <maxpow number="0.49596367789156776"/>
            <fprob>0.0</fprob>
        </actor>
        <actor name="D0N29">
            <wcet number="0">90</wcet>
            <wcet number="1">220</wcet>
            <maxpow number="0.4155434008229685"/>
            <maxpow number="0.4155434008229685"/>
            <fprob>0.0</fprob>
        </actor>
        <actor name="D0N34">
            <wcet number="0">320</wcet>
            <wcet number="1">350</wcet>
            <maxpow number="0.14921786094773942"/>
            <maxpow number="0.14921786094773942"/>
            <fprob>0.0</fprob>
        </actor>
        <actor name="D0N13">
            <wcet number="0">100</wcet>
            <wcet number="1">140</wcet>
            <maxpow number="0.7756727884021334"/>
            <maxpow number="0.7756727884021334"/>
            <fprob>0.0</fprob>
        </actor>
        <actor name="D0N48">
            <wcet number="0">10</wcet>
            <wcet number="1">20</wcet>
            <maxpow number="0.7304219287077438"/>
            <maxpow number="0.7304219287077438"/>
            <fprob>0.0</fprob>
        </actor>
        <actor name="D0N25">
            <wcet number="0">20</wcet>
            <wcet number="1">320</wcet>
            <maxpow number="0.4867074197216644"/>
            <maxpow number="0.4867074197216644"/>
            <fprob>0.0</fprob>
        </actor>
        <actor name="D0N2">
            <wcet number="0">110</wcet>
            <wcet number="1">270</wcet>
            <maxpow number="0.5736439606946976"/>
            <maxpow number="0.5736439606946976"/>
            <fprob>0.0</fprob>
        </actor>
        <actor name="D0N37">
            <wcet number="0">20</wcet>
            <wcet number="1">40</wcet>
            <maxpow number="0.9902670597991199"/>
            <maxpow number="0.9902670597991199"/>
            <fprob>0.0</fprob>
        </actor>
        <actor name="D0N21">
            <wcet number="0">220</wcet>
            <wcet number="1">400</wcet>
            <maxpow number="0.43774986119691883"/>
            <maxpow number="0.43774986119691883"/>
            <fprob>0.0</fprob>
        </actor>
        <actor name="D0N12">
            <wcet number="0">10</wcet>
            <wcet number="1">90</wcet>
            <maxpow number="0.34565659484559264"/>
            <maxpow number="0.34565659484559264"/>
            <fprob>0.0</fprob>
        </actor>
        <actor name="D0N11">
            <wcet number="0">370</wcet>
            <wcet number="1">600</wcet>
            <maxpow number="0.8954280638378882"/>
            <maxpow number="0.8954280638378882"/>
            <fprob>0.0</fprob>
        </actor>
        <actor name="D0N44">
            <wcet number="0">30</wcet>
            <wcet number="1">30</wcet>
            <maxpow number="0.6492523207320051"/>
            <maxpow number="0.6492523207320051"/>
            <fprob>0.0</fprob>
        </actor>
        <actor name="D0N39">
            <wcet number="0">30</wcet>
            <wcet number="1">60</wcet>
            <maxpow number="0.6236608835971262"/>
            <maxpow number="0.6236608835971262"/>
            <fprob>0.0</fprob>
        </actor>
        <actor name="D0N18">
            <wcet number="0">100</wcet>
            <wcet number="1">210</wcet>
            <maxpow number="0.8955918976264057"/>
            <maxpow number="0.8955918976264057"/>
            <fprob>0.0</fprob>
        </actor>
        <actor name="D0N19">
            <wcet number="0">40</wcet>
            <wcet number="1">50</wcet>
            <maxpow number="0.5749638231311127"/>
            <maxpow number="0.5749638231311127"/>
            <fprob>0.0</fprob>
        </actor>
        <actor name="D0N0">
            <wcet number="0">40</wcet>
            <wcet number="1">110</wcet>
            <maxpow number="0.8029871794924127"/>
            <maxpow number="0.8029871794924127"/>
            <fprob>0.0</fprob>
        </actor>
        <actor name="D0N36">
            <wcet number="0">110</wcet>
            <wcet number="1">130</wcet>
            <maxpow number="0.48002670565595856"/>
            <maxpow number="0.48002670565595856"/>
            <fprob>0.0</fprob>
        </actor>
        <actor name="D0N6">
            <wcet number="0">10</wcet>
            <wcet number="1">60</wcet>
            <maxpow number="0.7035667993527079"/>
            <maxpow number="0.7035667993527079"/>
            <fprob>0.0</fprob>
        </actor>
        <actor name="D0N23">
            <wcet number="0">80</wcet>
            <wcet number="1">220</wcet>
            <maxpow number="0.5523731628280223"/>
            <maxpow number="0.5523731628280223"/>
            <fprob>0.0</fprob>
        </actor>
        <actor name="D0N20">
            <wcet number="0">20</wcet>
            <wcet number="1">60</wcet>
            <maxpow number="0.4058011317535697"/>
            <maxpow number="0.4058011317535697"/>
            <fprob>0.0</fprob>
        </actor>
        <actor name="D0N26">
            <wcet number="0">50</wcet>
            <wcet number="1">240</wcet>
            <maxpow number="0.44875677808734893"/>
            <maxpow number="0.44875677808734893"/>
            <fprob>0.0</fprob>
        </actor>
        <actor name="D0N40">
            <wcet number="0">70</wcet>
            <wcet number="1">140</wcet>
            <maxpow number="0.5346060309290841"/>
            <maxpow number="0.5346060309290841"/>
            <fprob>0.0</fprob>
        </actor>
        <actor name="D0N24">
            <wcet number="0">130</wcet>
            <wcet number="1">130</wcet>
            <maxpow number="0.6392102339831424"/>
            <maxpow number="0.6392102339831424"/>
            <fprob>0.0</fprob>
        </actor>
        <actor name="D0N5">
            <wcet number="0">130</wcet>
            <wcet number="1">200</wcet>
            <maxpow number="0.4328211725722817"/>
            <maxpow number="0.4328211725722817"/>
            <fprob>0.0</fprob>
        </actor>
        <actor name="D0N22">
            <wcet number="0">100</wcet>
            <wcet number="1">120</wcet>
            <maxpow number="0.025767542466773152"/>
            <maxpow number="0.025767542466773152"/>
            <fprob>0.0</fprob>
        </actor>
        <actor name="D0N28">
            <wcet number="0">70</wcet>
            <wcet number="1">110</wcet>
            <maxpow number="0.5981316641798252"/>
            <maxpow number="0.5981316641798252"/>
            <fprob>0.0</fprob>
        </actor>
        <actor name="D0N38">
            <wcet number="0">70</wcet>
            <wcet number="1">280</wcet>
            <maxpow number="0.47024294860055604"/>
            <maxpow number="0.47024294860055604"/>
            <fprob>0.0</fprob>
        </actor>
        <actor name="D0N35">
            <wcet number="0">200</wcet>
            <wcet number="1">400</wcet>
            <maxpow number="0.6629952559481525"/>
            <maxpow number="0.6629952559481525"/>
            <fprob>0.0</fprob>
        </actor>
        <actor name="D0N41">
            <wcet number="0">120</wcet>
            <wcet number="1">160</wcet>
            <maxpow number="0.5350704965187665"/>
            <maxpow number="0.5350704965187665"/>
            <fprob>0.0</fprob>
        </actor>
        <actor name="D0N3">
            <wcet number="0">10</wcet>
            <wcet number="1">50</wcet>
            <maxpow number="0.5522750935821567"/>
            <maxpow number="0.5522750935821567"/>
            <fprob>0.0</fprob>
        </actor>
        <actor name="D0N4">
            <wcet number="0">70</wcet>
            <wcet number="1">80</wcet>
            <maxpow number="0.6361134423173845"/>
            <maxpow number="0.6361134423173845"/>
            <fprob>0.0</fprob>
        </actor>
        <actor name="D0N42">
            <wcet number="0">120</wcet>
            <wcet number="1">300</wcet>
            <maxpow number="0.5757133518025049"/>
            <maxpow number="0.5757133518025049"/>
            <fprob>0.0</fprob>
        </actor>
        <actor name="D0N27">
            <wcet number="0">20</wcet>
            <wcet number="1">20</wcet>
            <maxpow number="0.8079051793739613"/>
            <maxpow number="0.8079051793739613"/>
            <fprob>0.0</fprob>
        </actor>
        <actor name="D0N31">
            <wcet number="0">110</wcet>
            <wcet number="1">130</wcet>
            <maxpow number="0.6048493356963105"/>
            <maxpow number="0.6048493356963105"/>
            <fprob>0.0</fprob>
        </actor>
        <actor name="D0N45">
            <wcet number="0">190</wcet>
            <wcet number="1">330</wcet>
            <maxpow number="0.29565815713229826"/>
            <maxpow number="0.29565815713229826"/>
            <fprob>0.0</fprob>
        </actor>
        <actor name="D0N9">
            <wcet number="0">20</wcet>
            <wcet number="1">30</wcet>
            <maxpow number="0.8772671581022302"/>
            <maxpow number="0.8772671581022302"/>
            <fprob>0.0</fprob>
        </actor>
        <actor name="D0N7">
            <wcet number="0">660</wcet>
            <wcet number="1">790</wcet>
            <maxpow number="0.6144647381741117"/>
            <maxpow number="0.6144647381741117"/>
            <fprob>0.0</fprob>
        </actor>
        <actor name="D0N1">
            <wcet number="0">320</wcet>
            <wcet number="1">340</wcet>
            <maxpow number="0.4259665360357159"/>
            <maxpow number="0.4259665360357159"/>
            <fprob>0.0</fprob>
        </actor>
        <ports>
            <port dstActor="D0N47" name="p0" srcActor="D0N43"/>
            <port dstActor="D0N43" name="p1" srcActor="D0N15"/>
            <port dstActor="D0N48" name="p2" srcActor="D0N15"/>
            <port dstActor="D0N17" name="p3" srcActor="D0N15"/>
            <port dstActor="D0N37" name="p4" srcActor="D0N15"/>
            <port dstActor="D0N22" name="p5" srcActor="D0N15"/>
            <port dstActor="D0N42" name="p6" srcActor="D0N15"/>
            <port dstActor="D0N48" name="p7" srcActor="D0N17"/>
            <port dstActor="D0N38" name="p8" srcActor="D0N17"/>
            <port dstActor="D0N40" name="p9" srcActor="D0N17"/>
            <port dstActor="D0N37" name="p10" srcActor="D0N17"/>
            <port dstActor="D0N42" name="p11" srcActor="D0N17"/>
            <port dstActor="D0N34" name="p12" srcActor="D0N30"/>
            <port dstActor="D0N28" name="p13" srcActor="D0N16"/>
            <port dstActor="D0N36" name="p14" srcActor="D0N16"/>
            <port dstActor="D0N45" name="p15" srcActor="D0N33"/>
            <port dstActor="D0N25" name="p16" srcActor="D0N8"/>
            <port dstActor="D0N13" name="p17" srcActor="D0N8"/>
            <port dstActor="D0N47" name="p18" srcActor="D0N8"/>
            <port dstActor="D0N28" name="p19" srcActor="D0N8"/>
            <port dstActor="D0N37" name="p20" srcActor="D0N8"/>
            <port dstActor="D0N47" name="p21" srcActor="D0N10"/>
            <port dstActor="D0N11" name="p22" srcActor="D0N10"/>
            <port dstActor="D0N25" name="p23" srcActor="D0N10"/>
            <port dstActor="D0N34" name="p24" srcActor="D0N14"/>
            <port dstActor="D0N48" name="p25" srcActor="D0N14"/>
            <port dstActor="D0N23" name="p26" srcActor="D0N14"/>
            <port dstActor="D0N43" name="p27" srcActor="D0N34"/>
            <port dstActor="D0N42" name="p28" srcActor="D0N34"/>
            <port dstActor="D0N25" name="p29" srcActor="D0N13"/>
            <port dstActor="D0N37" name="p30" srcActor="D0N13"/>
            <port dstActor="D0N43" name="p31" srcActor="D0N13"/>
            <port dstActor="D0N49" name="p32" srcActor="D0N48"/>
            <port dstActor="D0N32" name="p33" srcActor="D0N25"/>
            <port dstActor="D0N46" name="p34" srcActor="D0N25"/>
            <port dstActor="D0N8" name="p35" srcActor="D0N2"/>
            <port dstActor="D0N32" name="p36" srcActor="D0N2"/>
            <port dstActor="D0N26" name="p37" srcActor="D0N2"/>
            <port dstActor="D0N41" name="p38" srcActor="D0N37"/>
            <port dstActor="D0N29" name="p39" srcActor="D0N21"/>
            <port dstActor="D0N33" name="p40" srcActor="D0N21"/>
            <port dstActor="D0N16" name="p41" srcActor="D0N12"/>
            <port dstActor="D0N47" name="p42" srcActor="D0N12"/>
            <port dstActor="D0N46" name="p43" srcActor="D0N12"/>
            <port dstActor="D0N37" name="p44" srcActor="D0N12"/>
            <port dstActor="D0N23" name="p45" srcActor="D0N12"/>
            <port dstActor="D0N33" name="p46" srcActor="D0N11"/>
            <port dstActor="D0N35" name="p47" srcActor="D0N11"/>
            <port dstActor="D0N45" name="p48" srcActor="D0N11"/>
            <port dstActor="D0N16" name="p49" srcActor="D0N11"/>
            <port dstActor="D0N45" name="p50" srcActor="D0N44"/>
            <port dstActor="D0N46" name="p51" srcActor="D0N39"/>
            <port dstActor="D0N28" name="p52" srcActor="D0N18"/>
            <port dstActor="D0N42" name="p53" srcActor="D0N18"/>
            <port dstActor="D0N34" name="p54" srcActor="D0N18"/>
            <port dstActor="D0N31" name="p55" srcActor="D0N19"/>
            <port dstActor="D0N38" name="p56" srcActor="D0N19"/>
            <port dstActor="D0N42" name="p57" srcActor="D0N19"/>
            <port dstActor="D0N44" name="p58" srcActor="D0N19"/>
            <port dstActor="D0N36" name="p59" srcActor="D0N0"/>
            <port dstActor="D0N32" name="p60" srcActor="D0N0"/>
            <port dstActor="D0N3" name="p61" srcActor="D0N0"/>
            <port dstActor="D0N30" name="p62" srcActor="D0N0"/>
            <port dstActor="D0N41" name="p63" srcActor="D0N36"/>
            <port dstActor="D0N11" name="p64" srcActor="D0N6"/>
            <port dstActor="D0N49" name="p65" srcActor="D0N6"/>
            <port dstActor="D0N41" name="p66" srcActor="D0N6"/>
            <port dstActor="D0N40" name="p67" srcActor="D0N23"/>
            <port dstActor="D0N31" name="p68" srcActor="D0N23"/>
            <port dstActor="D0N36" name="p69" srcActor="D0N23"/>
            <port dstActor="D0N37" name="p70" srcActor="D0N23"/>
            <port dstActor="D0N48" name="p71" srcActor="D0N20"/>
            <port dstActor="D0N37" name="p72" srcActor="D0N20"/>
            <port dstActor="D0N34" name="p73" srcActor="D0N20"/>
            <port dstActor="D0N23" name="p74" srcActor="D0N20"/>
            <port dstActor="D0N38" name="p75" srcActor="D0N20"/>
            <port dstActor="D0N41" name="p76" srcActor="D0N20"/>
            <port dstActor="D0N27" name="p77" srcActor="D0N26"/>
            <port dstActor="D0N45" name="p78" srcActor="D0N40"/>
            <port dstActor="D0N42" name="p79" srcActor="D0N24"/>
            <port dstActor="D0N27" name="p80" srcActor="D0N24"/>
            <port dstActor="D0N39" name="p81" srcActor="D0N5"/>
            <port dstActor="D0N6" name="p82" srcActor="D0N5"/>
            <port dstActor="D0N47" name="p83" srcActor="D0N5"/>
            <port dstActor="D0N41" name="p84" srcActor="D0N5"/>
            <port dstActor="D0N30" name="p85" srcActor="D0N5"/>
            <port dstActor="D0N46" name="p86" srcActor="D0N5"/>
            <port dstActor="D0N48" name="p87" srcActor="D0N5"/>
            <port dstActor="D0N36" name="p88" srcActor="D0N28"/>
            <port dstActor="D0N42" name="p89" srcActor="D0N28"/>
            <port dstActor="D0N46" name="p90" srcActor="D0N38"/>
            <port dstActor="D0N48" name="p91" srcActor="D0N35"/>
            <port dstActor="D0N44" name="p92" srcActor="D0N35"/>
            <port dstActor="D0N42" name="p93" srcActor="D0N41"/>
            <port dstActor="D0N44" name="p94" srcActor="D0N41"/>
            <port dstActor="D0N6" name="p95" srcActor="D0N3"/>
            <port dstActor="D0N14" name="p96" srcActor="D0N3"/>
            <port dstActor="D0N21" name="p97" srcActor="D0N4"/>
            <port dstActor="D0N35" name="p98" srcActor="D0N4"/>
            <port dstActor="D0N40" name="p99" srcActor="D0N4"/>
            <port dstActor="D0N45" name="p100" srcActor="D0N4"/>
            <port dstActor="D0N31" name="p101" srcActor="D0N4"/>
            <port dstActor="D0N20" name="p102" srcActor="D0N4"/>
            <port dstActor="D0N10" name="p103" srcActor="D0N4"/>
            <port dstActor="D0N34" name="p104" srcActor="D0N27"/>
            <port dstActor="D0N41" name="p105" srcActor="D0N27"/>
            <port dstActor="D0N40" name="p106" srcActor="D0N31"/>
            <port dstActor="D0N38" name="p107" srcActor="D0N31"/>
            <port dstActor="D0N34" name="p108" srcActor="D0N31"/>
            <port dstActor="D0N49" name="p109" srcActor="D0N45"/>
            <port dstActor="D0N46" name="p110" srcActor="D0N45"/>
            <port dstActor="D0N40" name="p111" srcActor="D0N9"/>
            <port dstActor="D0N34" name="p112" srcActor="D0N9"/>
            <port dstActor="D0N38" name="p113" srcActor="D0N9"/>
            <port dstActor="D0N10" name="p114" srcActor="D0N9"/>
            <port dstActor="D0N27" name="p115" srcActor="D0N9"/>
            <port dstActor="D0N41" name="p116" srcActor="D0N7"/>
            <port dstActor="D0N39" name="p117" srcActor="D0N7"/>
            <port dstActor="D0N30" name="p118" srcActor="D0N7"/>
            <port dstActor="D0N20" name="p119" srcActor="D0N7"/>
            <port dstActor="D0N20" name="p120" srcActor="D0N1"/>
            <port dstActor="D0N19" name="p121" srcActor="D0N1"/>
            <port dstActor="D0N14" name="p122" srcActor="D0N1"/>
            <port dstActor="D0N25" name="p123" srcActor="D0N1"/>
            <port dstActor="D0N21" name="p124" srcActor="D0N1"/>
            <port dstActor="D0N6" name="p125" srcActor="D0N1"/>
        </ports>
    </mcdag>
    <cores number="3"/>
    <levels number="2"/>
</mcsystem>
