<?xml version="1.0" encoding="UTF-8" standalone="no"?>
<mcsystem>
    <mcdag deadline="1200" name="genned-0-ed-10.0-0">
        <actor name="D0N11">
            <wcet number="0">10</wcet>
            <wcet number="1">50</wcet>
            <maxpow number="0.9014058064962795"/>
            <maxpow number="0.9014058064962795"/>
            <fprob>0.0</fprob>
        </actor>
        <actor name="D0N20">
            <wcet number="0">10</wcet>
            <wcet number="1">40</wcet>
            <maxpow number="0.38559548003463784"/>
            <maxpow number="0.38559548003463784"/>
            <fprob>0.0</fprob>
        </actor>
        <actor name="D0N31">
            <wcet number="0">20</wcet>
            <wcet number="1">30</wcet>
            <maxpow number="0.4782658492630991"/>
            <maxpow number="0.4782658492630991"/>
            <fprob>0.0</fprob>
        </actor>
        <actor name="D0N38">
            <wcet number="0">10</wcet>
            <wcet number="1">30</wcet>
            <maxpow number="0.47975382194662697"/>
            <maxpow number="0.47975382194662697"/>
            <fprob>0.0</fprob>
        </actor>
        <actor name="D0N4">
            <wcet number="0">10</wcet>
            <wcet number="1">10</wcet>
            <maxpow number="0.5016180275003458"/>
            <maxpow number="0.5016180275003458"/>
            <fprob>0.0</fprob>
        </actor>
        <actor name="D0N28">
            <wcet number="0">20</wcet>
            <wcet number="1">40</wcet>
            <maxpow number="0.8446172766422942"/>
            <maxpow number="0.8446172766422942"/>
            <fprob>0.0</fprob>
        </actor>
        <actor name="D0N27">
            <wcet number="0">30</wcet>
            <wcet number="1">140</wcet>
            <maxpow number="0.44850070436140294"/>
            <maxpow number="0.44850070436140294"/>
            <fprob>0.0</fprob>
        </actor>
        <actor name="D0N47">
            <wcet number="0">50</wcet>
            <wcet number="1">70</wcet>
            <maxpow number="0.5097650198941209"/>
            <maxpow number="0.5097650198941209"/>
            <fprob>0.0</fprob>
        </actor>
        <actor name="D0N5">
            <wcet number="0">40</wcet>
            <wcet number="1">40</wcet>
            <maxpow number="0.5712298883784036"/>
            <maxpow number="0.5712298883784036"/>
            <fprob>0.0</fprob>
        </actor>
        <actor name="D0N25">
            <wcet number="0">160</wcet>
            <wcet number="1">240</wcet>
            <maxpow number="0.8006660010291539"/>
            <maxpow number="0.8006660010291539"/>
            <fprob>0.0</fprob>
        </actor>
        <actor name="D0N40">
            <wcet number="0">20</wcet>
            <wcet number="1">30</wcet>
            <maxpow number="0.70647511098789"/>
            <maxpow number="0.70647511098789"/>
            <fprob>0.0</fprob>
        </actor>
        <actor name="D0N44">
            <wcet number="0">50</wcet>
            <wcet number="1">50</wcet>
            <maxpow number="0.3974160932870994"/>
            <maxpow number="0.3974160932870994"/>
            <fprob>0.0</fprob>
        </actor>
        <actor name="D0N24">
            <wcet number="0">80</wcet>
            <wcet number="1">100</wcet>
            <maxpow number="0.45475823086783634"/>
            <maxpow number="0.45475823086783634"/>
            <fprob>0.0</fprob>
        </actor>
        <actor name="D0N15">
            <wcet number="0">10</wcet>
            <wcet number="1">10</wcet>
            <maxpow number="0.37127480690919457"/>
            <maxpow number="0.37127480690919457"/>
            <fprob>0.0</fprob>
        </actor>
        <actor name="D0N42">
            <wcet number="0">20</wcet>
            <wcet number="1">20</wcet>
            <maxpow number="0.20540397011806966"/>
            <maxpow number="0.20540397011806966"/>
            <fprob>0.0</fprob>
        </actor>
        <actor name="D0N23">
            <wcet number="0">30</wcet>
            <wcet number="1">40</wcet>
            <maxpow number="0.36056370117709446"/>
            <maxpow number="0.36056370117709446"/>
            <fprob>0.0</fprob>
        </actor>
        <actor name="D0N2">
            <wcet number="0">30</wcet>
            <wcet number="1">50</wcet>
            <maxpow number="0.24879341201578048"/>
            <maxpow number="0.24879341201578048"/>
            <fprob>0.0</fprob>
        </actor>
        <actor name="D0N22">
            <wcet number="0">10</wcet>
            <wcet number="1">10</wcet>
            <maxpow number="0.5371505836396979"/>
            <maxpow number="0.5371505836396979"/>
            <fprob>0.0</fprob>
        </actor>
        <actor name="D0N29">
            <wcet number="0">90</wcet>
            <wcet number="1">170</wcet>
            <maxpow number="0.40333243761476095"/>
            <maxpow number="0.40333243761476095"/>
            <fprob>0.0</fprob>
        </actor>
        <actor name="D0N1">
            <wcet number="0">10</wcet>
            <wcet number="1">10</wcet>
            <maxpow number="0.5351160108657559"/>
            <maxpow number="0.5351160108657559"/>
            <fprob>0.0</fprob>
        </actor>
        <actor name="D0N30">
            <wcet number="0">40</wcet>
            <wcet number="1">80</wcet>
            <maxpow number="0.38924776006011397"/>
            <maxpow number="0.38924776006011397"/>
            <fprob>0.0</fprob>
        </actor>
        <actor name="D0N45">
            <wcet number="0">40</wcet>
            <wcet number="1">40</wcet>
            <maxpow number="0.4175776277055344"/>
            <maxpow number="0.4175776277055344"/>
            <fprob>0.0</fprob>
        </actor>
        <actor name="D0N8">
            <wcet number="0">110</wcet>
            <wcet number="1">130</wcet>
            <maxpow number="0.5339475127157817"/>
            <maxpow number="0.5339475127157817"/>
            <fprob>0.0</fprob>
        </actor>
        <actor name="D0N21">
            <wcet number="0">30</wcet>
            <wcet number="1">30</wcet>
            <maxpow number="0.5720498373344807"/>
            <maxpow number="0.5720498373344807"/>
            <fprob>0.0</fprob>
        </actor>
        <actor name="D0N16">
            <wcet number="0">110</wcet>
            <wcet number="1">150</wcet>
            <maxpow number="0.48016597859326343"/>
            <maxpow number="0.48016597859326343"/>
            <fprob>0.0</fprob>
        </actor>
        <actor name="D0N39">
            <wcet number="0">30</wcet>
            <wcet number="1">50</wcet>
            <maxpow number="0.5526437010372346"/>
            <maxpow number="0.5526437010372346"/>
            <fprob>0.0</fprob>
        </actor>
        <actor name="D0N13">
            <wcet number="0">40</wcet>
            <wcet number="1">40</wcet>
            <maxpow number="0.492426793096262"/>
            <maxpow number="0.492426793096262"/>
            <fprob>0.0</fprob>
        </actor>
        <actor name="D0N46">
            <wcet number="0">10</wcet>
            <wcet number="1">140</wcet>
            <maxpow number="0.4363833050915567"/>
            <maxpow number="0.4363833050915567"/>
            <fprob>0.0</fprob>
        </actor>
        <actor name="D0N6">
            <wcet number="0">30</wcet>
            <wcet number="1">40</wcet>
            <maxpow number="0.48718557519182937"/>
            <maxpow number="0.48718557519182937"/>
            <fprob>0.0</fprob>
        </actor>
        <actor name="D0N9">
            <wcet number="0">50</wcet>
            <wcet number="1">70</wcet>
            <maxpow number="0.5350532708874224"/>
            <maxpow number="0.5350532708874224"/>
            <fprob>0.0</fprob>
        </actor>
        <actor name="D0N26">
            <wcet number="0">10</wcet>
            <wcet number="1">250</wcet>
            <maxpow number="0.6281064549338631"/>
            <maxpow number="0.6281064549338631"/>
            <fprob>0.0</fprob>
        </actor>
        <actor name="D0N10">
            <wcet number="0">20</wcet>
            <wcet number="1">40</wcet>
            <maxpow number="0.48548848500034764"/>
            <maxpow number="0.48548848500034764"/>
            <fprob>0.0</fprob>
        </actor>
        <actor name="D0N37">
            <wcet number="0">60</wcet>
            <wcet number="1">70</wcet>
            <maxpow number="0.4998318838404482"/>
            <maxpow number="0.4998318838404482"/>
            <fprob>0.0</fprob>
        </actor>
        <actor name="D0N17">
            <wcet number="0">20</wcet>
            <wcet number="1">150</wcet>
            <maxpow number="0.3686325581816256"/>
            <maxpow number="0.3686325581816256"/>
            <fprob>0.0</fprob>
        </actor>
        <actor name="D0N0">
            <wcet number="0">70</wcet>
            <wcet number="1">190</wcet>
            <maxpow number="0.3385549062480573"/>
            <maxpow number="0.3385549062480573"/>
            <fprob>0.0</fprob>
        </actor>
        <actor name="D0N12">
            <wcet number="0">10</wcet>
            <wcet number="1">20</wcet>
            <maxpow number="0.5730839722045294"/>
            <maxpow number="0.5730839722045294"/>
            <fprob>0.0</fprob>
        </actor>
        <actor name="D0N36">
            <wcet number="0">20</wcet>
            <wcet number="1">100</wcet>
            <maxpow number="0.6701498719362681"/>
            <maxpow number="0.6701498719362681"/>
            <fprob>0.0</fprob>
        </actor>
        <actor name="D0N18">
            <wcet number="0">70</wcet>
            <wcet number="1">70</wcet>
            <maxpow number="0.7054082774174989"/>
            <maxpow number="0.7054082774174989"/>
            <fprob>0.0</fprob>
        </actor>
        <actor name="D0N41">
            <wcet number="0">90</wcet>
            <wcet number="1">90</wcet>
            <maxpow number="0.32071198546409363"/>
            <maxpow number="0.32071198546409363"/>
            <fprob>0.0</fprob>
        </actor>
        <actor name="D0N32">
            <wcet number="0">10</wcet>
            <wcet number="1">20</wcet>
            <maxpow number="0.3876077408020068"/>
            <maxpow number="0.3876077408020068"/>
            <fprob>0.0</fprob>
        </actor>
        <actor name="D0N19">
            <wcet number="0">10</wcet>
            <wcet number="1">30</wcet>
            <maxpow number="0.33691808509554116"/>
            <maxpow number="0.33691808509554116"/>
            <fprob>0.0</fprob>
        </actor>
        <actor name="D0N34">
            <wcet number="0">30</wcet>
            <wcet number="1">40</wcet>
            <maxpow number="0.4605883948964632"/>
            <maxpow number="0.4605883948964632"/>
            <fprob>0.0</fprob>
        </actor>
        <actor name="D0N14">
            <wcet number="0">60</wcet>
            <wcet number="1">200</wcet>
            <maxpow number="0.8498363449663761"/>
            <maxpow number="0.8498363449663761"/>
            <fprob>0.0</fprob>
        </actor>
        <actor name="D0N43">
            <wcet number="0">20</wcet>
            <wcet number="1">40</wcet>
            <maxpow number="0.7003216727980235"/>
            <maxpow number="0.7003216727980235"/>
            <fprob>0.0</fprob>
        </actor>
        <actor name="D0N7">
            <wcet number="0">10</wcet>
            <wcet number="1">60</wcet>
            <maxpow number="0.5189240596849889"/>
            <maxpow number="0.5189240596849889"/>
            <fprob>0.0</fprob>
        </actor>
        <actor name="D0N35">
            <wcet number="0">10</wcet>
            <wcet number="1">20</wcet>
            <maxpow number="0.260704499033861"/>
            <maxpow number="0.260704499033861"/>
            <fprob>0.0</fprob>
        </actor>
        <actor name="D0N33">
            <wcet number="0">10</wcet>
            <wcet number="1">10</wcet>
            <maxpow number="0.6770622085224685"/>
            <maxpow number="0.6770622085224685"/>
            <fprob>0.0</fprob>
        </actor>
        <actor name="D0N3">
            <wcet number="0">10</wcet>
            <wcet number="1">10</wcet>
            <maxpow number="0.42306618482637565"/>
            <maxpow number="0.42306618482637565"/>
            <fprob>0.0</fprob>
        </actor>
        <ports>
            <port dstActor="D0N47" name="p0" srcActor="D0N11"/>
            <port dstActor="D0N14" name="p1" srcActor="D0N11"/>
            <port dstActor="D0N33" name="p2" srcActor="D0N20"/>
            <port dstActor="D0N24" name="p3" srcActor="D0N20"/>
            <port dstActor="D0N25" name="p4" srcActor="D0N20"/>
            <port dstActor="D0N35" name="p5" srcActor="D0N31"/>
            <port dstActor="D0N34" name="p6" srcActor="D0N31"/>
            <port dstActor="D0N39" name="p7" srcActor="D0N31"/>
            <port dstActor="D0N45" name="p8" srcActor="D0N38"/>
            <port dstActor="D0N33" name="p9" srcActor="D0N4"/>
            <port dstActor="D0N27" name="p10" srcActor="D0N4"/>
            <port dstActor="D0N16" name="p11" srcActor="D0N4"/>
            <port dstActor="D0N22" name="p12" srcActor="D0N4"/>
            <port dstActor="D0N34" name="p13" srcActor="D0N28"/>
            <port dstActor="D0N31" name="p14" srcActor="D0N28"/>
            <port dstActor="D0N35" name="p15" srcActor="D0N28"/>
            <port dstActor="D0N41" name="p16" srcActor="D0N27"/>
            <port dstActor="D0N37" name="p17" srcActor="D0N27"/>
            <port dstActor="D0N37" name="p18" srcActor="D0N5"/>
            <port dstActor="D0N46" name="p19" srcActor="D0N5"/>
            <port dstActor="D0N21" name="p20" srcActor="D0N5"/>
            <port dstActor="D0N31" name="p21" srcActor="D0N25"/>
            <port dstActor="D0N47" name="p22" srcActor="D0N25"/>
            <port dstActor="D0N44" name="p23" srcActor="D0N25"/>
            <port dstActor="D0N46" name="p24" srcActor="D0N40"/>
            <port dstActor="D0N39" name="p25" srcActor="D0N24"/>
            <port dstActor="D0N44" name="p26" srcActor="D0N24"/>
            <port dstActor="D0N34" name="p27" srcActor="D0N24"/>
            <port dstActor="D0N26" name="p28" srcActor="D0N15"/>
            <port dstActor="D0N21" name="p29" srcActor="D0N15"/>
            <port dstActor="D0N39" name="p30" srcActor="D0N15"/>
            <port dstActor="D0N31" name="p31" srcActor="D0N15"/>
            <port dstActor="D0N47" name="p32" srcActor="D0N42"/>
            <port dstActor="D0N39" name="p33" srcActor="D0N23"/>
            <port dstActor="D0N31" name="p34" srcActor="D0N23"/>
            <port dstActor="D0N25" name="p35" srcActor="D0N23"/>
            <port dstActor="D0N42" name="p36" srcActor="D0N23"/>
            <port dstActor="D0N43" name="p37" srcActor="D0N2"/>
            <port dstActor="D0N39" name="p38" srcActor="D0N2"/>
            <port dstActor="D0N41" name="p39" srcActor="D0N2"/>
            <port dstActor="D0N29" name="p40" srcActor="D0N2"/>
            <port dstActor="D0N38" name="p41" srcActor="D0N2"/>
            <port dstActor="D0N35" name="p42" srcActor="D0N2"/>
            <port dstActor="D0N29" name="p43" srcActor="D0N22"/>
            <port dstActor="D0N36" name="p44" srcActor="D0N22"/>
            <port dstActor="D0N40" name="p45" srcActor="D0N22"/>
            <port dstActor="D0N38" name="p46" srcActor="D0N22"/>
            <port dstActor="D0N44" name="p47" srcActor="D0N29"/>
            <port dstActor="D0N40" name="p48" srcActor="D0N29"/>
            <port dstActor="D0N21" name="p49" srcActor="D0N1"/>
            <port dstActor="D0N45" name="p50" srcActor="D0N1"/>
            <port dstActor="D0N31" name="p51" srcActor="D0N1"/>
            <port dstActor="D0N38" name="p52" srcActor="D0N1"/>
            <port dstActor="D0N13" name="p53" srcActor="D0N1"/>
            <port dstActor="D0N24" name="p54" srcActor="D0N8"/>
            <port dstActor="D0N30" name="p55" srcActor="D0N21"/>
            <port dstActor="D0N37" name="p56" srcActor="D0N21"/>
            <port dstActor="D0N47" name="p57" srcActor="D0N21"/>
            <port dstActor="D0N25" name="p58" srcActor="D0N21"/>
            <port dstActor="D0N44" name="p59" srcActor="D0N21"/>
            <port dstActor="D0N22" name="p60" srcActor="D0N21"/>
            <port dstActor="D0N46" name="p61" srcActor="D0N21"/>
            <port dstActor="D0N36" name="p62" srcActor="D0N16"/>
            <port dstActor="D0N45" name="p63" srcActor="D0N16"/>
            <port dstActor="D0N44" name="p64" srcActor="D0N16"/>
            <port dstActor="D0N38" name="p65" srcActor="D0N16"/>
            <port dstActor="D0N23" name="p66" srcActor="D0N16"/>
            <port dstActor="D0N16" name="p67" srcActor="D0N13"/>
            <port dstActor="D0N39" name="p68" srcActor="D0N13"/>
            <port dstActor="D0N19" name="p69" srcActor="D0N13"/>
            <port dstActor="D0N21" name="p70" srcActor="D0N13"/>
            <port dstActor="D0N18" name="p71" srcActor="D0N13"/>
            <port dstActor="D0N47" name="p72" srcActor="D0N46"/>
            <port dstActor="D0N43" name="p73" srcActor="D0N6"/>
            <port dstActor="D0N19" name="p74" srcActor="D0N6"/>
            <port dstActor="D0N17" name="p75" srcActor="D0N6"/>
            <port dstActor="D0N32" name="p76" srcActor="D0N6"/>
            <port dstActor="D0N46" name="p77" srcActor="D0N9"/>
            <port dstActor="D0N13" name="p78" srcActor="D0N9"/>
            <port dstActor="D0N22" name="p79" srcActor="D0N9"/>
            <port dstActor="D0N43" name="p80" srcActor="D0N9"/>
            <port dstActor="D0N27" name="p81" srcActor="D0N9"/>
            <port dstActor="D0N37" name="p82" srcActor="D0N26"/>
            <port dstActor="D0N40" name="p83" srcActor="D0N26"/>
            <port dstActor="D0N34" name="p84" srcActor="D0N10"/>
            <port dstActor="D0N41" name="p85" srcActor="D0N10"/>
            <port dstActor="D0N46" name="p86" srcActor="D0N37"/>
            <port dstActor="D0N47" name="p87" srcActor="D0N37"/>
            <port dstActor="D0N23" name="p88" srcActor="D0N17"/>
            <port dstActor="D0N24" name="p89" srcActor="D0N17"/>
            <port dstActor="D0N35" name="p90" srcActor="D0N17"/>
            <port dstActor="D0N41" name="p91" srcActor="D0N17"/>
            <port dstActor="D0N2" name="p92" srcActor="D0N0"/>
            <port dstActor="D0N14" name="p93" srcActor="D0N0"/>
            <port dstActor="D0N34" name="p94" srcActor="D0N0"/>
            <port dstActor="D0N22" name="p95" srcActor="D0N0"/>
            <port dstActor="D0N25" name="p96" srcActor="D0N0"/>
            <port dstActor="D0N46" name="p97" srcActor="D0N0"/>
            <port dstActor="D0N40" name="p98" srcActor="D0N0"/>
            <port dstActor="D0N19" name="p99" srcActor="D0N0"/>
            <port dstActor="D0N42" name="p100" srcActor="D0N0"/>
            <port dstActor="D0N30" name="p101" srcActor="D0N0"/>
            <port dstActor="D0N42" name="p102" srcActor="D0N12"/>
            <port dstActor="D0N29" name="p103" srcActor="D0N12"/>
            <port dstActor="D0N39" name="p104" srcActor="D0N36"/>
            <port dstActor="D0N41" name="p105" srcActor="D0N36"/>
            <port dstActor="D0N45" name="p106" srcActor="D0N36"/>
            <port dstActor="D0N24" name="p107" srcActor="D0N18"/>
            <port dstActor="D0N41" name="p108" srcActor="D0N32"/>
            <port dstActor="D0N30" name="p109" srcActor="D0N19"/>
            <port dstActor="D0N33" name="p110" srcActor="D0N19"/>
            <port dstActor="D0N44" name="p111" srcActor="D0N19"/>
            <port dstActor="D0N37" name="p112" srcActor="D0N19"/>
            <port dstActor="D0N36" name="p113" srcActor="D0N19"/>
            <port dstActor="D0N47" name="p114" srcActor="D0N34"/>
            <port dstActor="D0N40" name="p115" srcActor="D0N14"/>
            <port dstActor="D0N46" name="p116" srcActor="D0N14"/>
            <port dstActor="D0N22" name="p117" srcActor="D0N14"/>
            <port dstActor="D0N32" name="p118" srcActor="D0N14"/>
            <port dstActor="D0N47" name="p119" srcActor="D0N14"/>
            <port dstActor="D0N45" name="p120" srcActor="D0N14"/>
            <port dstActor="D0N18" name="p121" srcActor="D0N14"/>
            <port dstActor="D0N36" name="p122" srcActor="D0N14"/>
            <port dstActor="D0N32" name="p123" srcActor="D0N7"/>
            <port dstActor="D0N28" name="p124" srcActor="D0N7"/>
            <port dstActor="D0N40" name="p125" srcActor="D0N7"/>
            <port dstActor="D0N47" name="p126" srcActor="D0N7"/>
            <port dstActor="D0N10" name="p127" srcActor="D0N7"/>
            <port dstActor="D0N15" name="p128" srcActor="D0N7"/>
            <port dstActor="D0N8" name="p129" srcActor="D0N7"/>
            <port dstActor="D0N46" name="p130" srcActor="D0N35"/>
            <port dstActor="D0N44" name="p131" srcActor="D0N35"/>
            <port dstActor="D0N25" name="p132" srcActor="D0N3"/>
            <port dstActor="D0N31" name="p133" srcActor="D0N3"/>
            <port dstActor="D0N34" name="p134" srcActor="D0N3"/>
            <port dstActor="D0N9" name="p135" srcActor="D0N3"/>
            <port dstActor="D0N46" name="p136" srcActor="D0N3"/>
        </ports>
    </mcdag>
    <cores number="3"/>
    <levels number="2"/>
</mcsystem>
