<?xml version="1.0" encoding="UTF-8" standalone="no"?>
<mcsystem>
    <mcdag deadline="1000" name="genned-0-ed-10.0-0">
        <actor name="D0N27">
            <wcet number="0">10</wcet>
            <wcet number="1">40</wcet>
            <maxpow number="0.17563295422360903"/>
            <maxpow number="0.17563295422360903"/>
            <fprob>0.0</fprob>
        </actor>
        <actor name="D0N34">
            <wcet number="0">10</wcet>
            <wcet number="1">10</wcet>
            <maxpow number="0.6023121743417811"/>
            <maxpow number="0.6023121743417811"/>
            <fprob>0.0</fprob>
        </actor>
        <actor name="D0N41">
            <wcet number="0">10</wcet>
            <wcet number="1">30</wcet>
            <maxpow number="0.42823176585078326"/>
            <maxpow number="0.42823176585078326"/>
            <fprob>0.0</fprob>
        </actor>
        <actor name="D0N5">
            <wcet number="0">10</wcet>
            <wcet number="1">20</wcet>
            <maxpow number="0.43723144189807334"/>
            <maxpow number="0.43723144189807334"/>
            <fprob>0.0</fprob>
        </actor>
        <actor name="D0N8">
            <wcet number="0">10</wcet>
            <wcet number="1">20</wcet>
            <maxpow number="0.6200292978898442"/>
            <maxpow number="0.6200292978898442"/>
            <fprob>0.0</fprob>
        </actor>
        <actor name="D0N25">
            <wcet number="0">70</wcet>
            <wcet number="1">80</wcet>
            <maxpow number="0.716743268509304"/>
            <maxpow number="0.716743268509304"/>
            <fprob>0.0</fprob>
        </actor>
        <actor name="D0N44">
            <wcet number="0">10</wcet>
            <wcet number="1">50</wcet>
            <maxpow number="0.8150244949183798"/>
            <maxpow number="0.8150244949183798"/>
            <fprob>0.0</fprob>
        </actor>
        <actor name="D0N30">
            <wcet number="0">10</wcet>
            <wcet number="1">60</wcet>
            <maxpow number="0.34541647154694877"/>
            <maxpow number="0.34541647154694877"/>
            <fprob>0.0</fprob>
        </actor>
        <actor name="D0N17">
            <wcet number="0">10</wcet>
            <wcet number="1">10</wcet>
            <maxpow number="0.5285722276571249"/>
            <maxpow number="0.5285722276571249"/>
            <fprob>0.0</fprob>
        </actor>
        <actor name="D0N6">
            <wcet number="0">210</wcet>
            <wcet number="1">210</wcet>
            <maxpow number="0.8778524752765338"/>
            <maxpow number="0.8778524752765338"/>
            <fprob>0.0</fprob>
        </actor>
        <actor name="D0N29">
            <wcet number="0">30</wcet>
            <wcet number="1">30</wcet>
            <maxpow number="0.43984096484021223"/>
            <maxpow number="0.43984096484021223"/>
            <fprob>0.0</fprob>
        </actor>
        <actor name="D0N35">
            <wcet number="0">110</wcet>
            <wcet number="1">110</wcet>
            <maxpow number="0.2531085389227989"/>
            <maxpow number="0.2531085389227989"/>
            <fprob>0.0</fprob>
        </actor>
        <actor name="D0N43">
            <wcet number="0">10</wcet>
            <wcet number="1">10</wcet>
            <maxpow number="0.687447027804386"/>
            <maxpow number="0.687447027804386"/>
            <fprob>0.0</fprob>
        </actor>
        <actor name="D0N11">
            <wcet number="0">50</wcet>
            <wcet number="1">50</wcet>
            <maxpow number="0.7961140696531915"/>
            <maxpow number="0.7961140696531915"/>
            <fprob>0.0</fprob>
        </actor>
        <actor name="D0N13">
            <wcet number="0">10</wcet>
            <wcet number="1">10</wcet>
            <maxpow number="0.6235512461755288"/>
            <maxpow number="0.6235512461755288"/>
            <fprob>0.0</fprob>
        </actor>
        <actor name="D0N0">
            <wcet number="0">10</wcet>
            <wcet number="1">180</wcet>
            <maxpow number="0.48244705268385096"/>
            <maxpow number="0.48244705268385096"/>
            <fprob>0.0</fprob>
        </actor>
        <actor name="D0N14">
            <wcet number="0">10</wcet>
            <wcet number="1">20</wcet>
            <maxpow number="0.5095201805330497"/>
            <maxpow number="0.5095201805330497"/>
            <fprob>0.0</fprob>
        </actor>
        <actor name="D0N9">
            <wcet number="0">20</wcet>
            <wcet number="1">30</wcet>
            <maxpow number="0.3011656285129993"/>
            <maxpow number="0.3011656285129993"/>
            <fprob>0.0</fprob>
        </actor>
        <actor name="D0N10">
            <wcet number="0">30</wcet>
            <wcet number="1">40</wcet>
            <maxpow number="0.7299747782741064"/>
            <maxpow number="0.7299747782741064"/>
            <fprob>0.0</fprob>
        </actor>
        <actor name="D0N2">
            <wcet number="0">60</wcet>
            <wcet number="1">110</wcet>
            <maxpow number="0.5221014097919543"/>
            <maxpow number="0.5221014097919543"/>
            <fprob>0.0</fprob>
        </actor>
        <actor name="D0N20">
            <wcet number="0">10</wcet>
            <wcet number="1">10</wcet>
            <maxpow number="0.9136043582062764"/>
            <maxpow number="0.9136043582062764"/>
            <fprob>0.0</fprob>
        </actor>
        <actor name="D0N28">
            <wcet number="0">20</wcet>
            <wcet number="1">20</wcet>
            <maxpow number="0.8112779422531275"/>
            <maxpow number="0.8112779422531275"/>
            <fprob>0.0</fprob>
        </actor>
        <actor name="D0N3">
            <wcet number="0">10</wcet>
            <wcet number="1">10</wcet>
            <maxpow number="0.4070584088578507"/>
            <maxpow number="0.4070584088578507"/>
            <fprob>0.0</fprob>
        </actor>
        <actor name="D0N4">
            <wcet number="0">20</wcet>
            <wcet number="1">50</wcet>
            <maxpow number="0.509300008461341"/>
            <maxpow number="0.509300008461341"/>
            <fprob>0.0</fprob>
        </actor>
        <actor name="D0N21">
            <wcet number="0">20</wcet>
            <wcet number="1">50</wcet>
            <maxpow number="0.5239320175511541"/>
            <maxpow number="0.5239320175511541"/>
            <fprob>0.0</fprob>
        </actor>
        <actor name="D0N23">
            <wcet number="0">10</wcet>
            <wcet number="1">30</wcet>
            <maxpow number="0.3778362365640805"/>
            <maxpow number="0.3778362365640805"/>
            <fprob>0.0</fprob>
        </actor>
        <actor name="D0N1">
            <wcet number="0">20</wcet>
            <wcet number="1">20</wcet>
            <maxpow number="0.1689509579227702"/>
            <maxpow number="0.1689509579227702"/>
            <fprob>0.0</fprob>
        </actor>
        <actor name="D0N16">
            <wcet number="0">90</wcet>
            <wcet number="1">160</wcet>
            <maxpow number="0.7582108409088323"/>
            <maxpow number="0.7582108409088323"/>
            <fprob>0.0</fprob>
        </actor>
        <actor name="D0N40">
            <wcet number="0">30</wcet>
            <wcet number="1">60</wcet>
            <maxpow number="0.5717728424066617"/>
            <maxpow number="0.5717728424066617"/>
            <fprob>0.0</fprob>
        </actor>
        <actor name="D0N31">
            <wcet number="0">40</wcet>
            <wcet number="1">50</wcet>
            <maxpow number="0.6630083866455585"/>
            <maxpow number="0.6630083866455585"/>
            <fprob>0.0</fprob>
        </actor>
        <actor name="D0N18">
            <wcet number="0">10</wcet>
            <wcet number="1">30</wcet>
            <maxpow number="0.4662679352722227"/>
            <maxpow number="0.4662679352722227"/>
            <fprob>0.0</fprob>
        </actor>
        <actor name="D0N26">
            <wcet number="0">20</wcet>
            <wcet number="1">20</wcet>
            <maxpow number="0.5696156393683303"/>
            <maxpow number="0.5696156393683303"/>
            <fprob>0.0</fprob>
        </actor>
        <actor name="D0N36">
            <wcet number="0">20</wcet>
            <wcet number="1">20</wcet>
            <maxpow number="0.6209123755035821"/>
            <maxpow number="0.6209123755035821"/>
            <fprob>0.0</fprob>
        </actor>
        <actor name="D0N42">
            <wcet number="0">20</wcet>
            <wcet number="1">20</wcet>
            <maxpow number="0.36354293726197284"/>
            <maxpow number="0.36354293726197284"/>
            <fprob>0.0</fprob>
        </actor>
        <actor name="D0N32">
            <wcet number="0">10</wcet>
            <wcet number="1">10</wcet>
            <maxpow number="0.7250281482441437"/>
            <maxpow number="0.7250281482441437"/>
            <fprob>0.0</fprob>
        </actor>
        <actor name="D0N19">
            <wcet number="0">30</wcet>
            <wcet number="1">30</wcet>
            <maxpow number="0.8553740932432832"/>
            <maxpow number="0.8553740932432832"/>
            <fprob>0.0</fprob>
        </actor>
        <actor name="D0N39">
            <wcet number="0">40</wcet>
            <wcet number="1">120</wcet>
            <maxpow number="0.05138166991155296"/>
            <maxpow number="0.05138166991155296"/>
            <fprob>0.0</fprob>
        </actor>
        <actor name="D0N24">
            <wcet number="0">20</wcet>
            <wcet number="1">90</wcet>
            <maxpow number="0.820484886389032"/>
            <maxpow number="0.820484886389032"/>
            <fprob>0.0</fprob>
        </actor>
        <actor name="D0N15">
            <wcet number="0">20</wcet>
            <wcet number="1">30</wcet>
            <maxpow number="0.6071437004181691"/>
            <maxpow number="0.6071437004181691"/>
            <fprob>0.0</fprob>
        </actor>
        <actor name="D0N22">
            <wcet number="0">20</wcet>
            <wcet number="1">20</wcet>
            <maxpow number="0.6752612813073"/>
            <maxpow number="0.6752612813073"/>
            <fprob>0.0</fprob>
        </actor>
        <actor name="D0N37">
            <wcet number="0">40</wcet>
            <wcet number="1">60</wcet>
            <maxpow number="0.696413823036525"/>
            <maxpow number="0.696413823036525"/>
            <fprob>0.0</fprob>
        </actor>
        <actor name="D0N12">
            <wcet number="0">10</wcet>
            <wcet number="1">60</wcet>
            <maxpow number="0.5924934288747143"/>
            <maxpow number="0.5924934288747143"/>
            <fprob>0.0</fprob>
        </actor>
        <actor name="D0N33">
            <wcet number="0">30</wcet>
            <wcet number="1">50</wcet>
            <maxpow number="0.43821977461389955"/>
            <maxpow number="0.43821977461389955"/>
            <fprob>0.0</fprob>
        </actor>
        <actor name="D0N38">
            <wcet number="0">30</wcet>
            <wcet number="1">30</wcet>
            <maxpow number="0.36767851715782995"/>
            <maxpow number="0.36767851715782995"/>
            <fprob>0.0</fprob>
        </actor>
        <actor name="D0N7">
            <wcet number="0">110</wcet>
            <wcet number="1">130</wcet>
            <maxpow number="0.29882296050818047"/>
            <maxpow number="0.29882296050818047"/>
            <fprob>0.0</fprob>
        </actor>
        <ports>
            <port dstActor="D0N33" name="p0" srcActor="D0N27"/>
            <port dstActor="D0N44" name="p1" srcActor="D0N34"/>
            <port dstActor="D0N32" name="p2" srcActor="D0N5"/>
            <port dstActor="D0N36" name="p3" srcActor="D0N5"/>
            <port dstActor="D0N17" name="p4" srcActor="D0N8"/>
            <port dstActor="D0N36" name="p5" srcActor="D0N25"/>
            <port dstActor="D0N36" name="p6" srcActor="D0N30"/>
            <port dstActor="D0N22" name="p7" srcActor="D0N17"/>
            <port dstActor="D0N40" name="p8" srcActor="D0N17"/>
            <port dstActor="D0N23" name="p9" srcActor="D0N6"/>
            <port dstActor="D0N35" name="p10" srcActor="D0N6"/>
            <port dstActor="D0N35" name="p11" srcActor="D0N29"/>
            <port dstActor="D0N43" name="p12" srcActor="D0N29"/>
            <port dstActor="D0N39" name="p13" srcActor="D0N11"/>
            <port dstActor="D0N31" name="p14" srcActor="D0N11"/>
            <port dstActor="D0N39" name="p15" srcActor="D0N13"/>
            <port dstActor="D0N17" name="p16" srcActor="D0N0"/>
            <port dstActor="D0N36" name="p17" srcActor="D0N0"/>
            <port dstActor="D0N30" name="p18" srcActor="D0N0"/>
            <port dstActor="D0N21" name="p19" srcActor="D0N14"/>
            <port dstActor="D0N17" name="p20" srcActor="D0N9"/>
            <port dstActor="D0N39" name="p21" srcActor="D0N2"/>
            <port dstActor="D0N6" name="p22" srcActor="D0N2"/>
            <port dstActor="D0N17" name="p23" srcActor="D0N2"/>
            <port dstActor="D0N28" name="p24" srcActor="D0N20"/>
            <port dstActor="D0N36" name="p25" srcActor="D0N20"/>
            <port dstActor="D0N38" name="p26" srcActor="D0N20"/>
            <port dstActor="D0N35" name="p27" srcActor="D0N28"/>
            <port dstActor="D0N32" name="p28" srcActor="D0N28"/>
            <port dstActor="D0N31" name="p29" srcActor="D0N28"/>
            <port dstActor="D0N12" name="p30" srcActor="D0N3"/>
            <port dstActor="D0N35" name="p31" srcActor="D0N3"/>
            <port dstActor="D0N43" name="p32" srcActor="D0N3"/>
            <port dstActor="D0N9" name="p33" srcActor="D0N3"/>
            <port dstActor="D0N19" name="p34" srcActor="D0N4"/>
            <port dstActor="D0N12" name="p35" srcActor="D0N4"/>
            <port dstActor="D0N37" name="p36" srcActor="D0N4"/>
            <port dstActor="D0N22" name="p37" srcActor="D0N4"/>
            <port dstActor="D0N31" name="p38" srcActor="D0N4"/>
            <port dstActor="D0N27" name="p39" srcActor="D0N21"/>
            <port dstActor="D0N26" name="p40" srcActor="D0N21"/>
            <port dstActor="D0N38" name="p41" srcActor="D0N21"/>
            <port dstActor="D0N40" name="p42" srcActor="D0N23"/>
            <port dstActor="D0N25" name="p43" srcActor="D0N23"/>
            <port dstActor="D0N43" name="p44" srcActor="D0N23"/>
            <port dstActor="D0N13" name="p45" srcActor="D0N1"/>
            <port dstActor="D0N25" name="p46" srcActor="D0N1"/>
            <port dstActor="D0N7" name="p47" srcActor="D0N1"/>
            <port dstActor="D0N32" name="p48" srcActor="D0N1"/>
            <port dstActor="D0N18" name="p49" srcActor="D0N16"/>
            <port dstActor="D0N34" name="p50" srcActor="D0N31"/>
            <port dstActor="D0N24" name="p51" srcActor="D0N18"/>
            <port dstActor="D0N38" name="p52" srcActor="D0N18"/>
            <port dstActor="D0N28" name="p53" srcActor="D0N18"/>
            <port dstActor="D0N30" name="p54" srcActor="D0N26"/>
            <port dstActor="D0N42" name="p55" srcActor="D0N36"/>
            <port dstActor="D0N42" name="p56" srcActor="D0N32"/>
            <port dstActor="D0N36" name="p57" srcActor="D0N32"/>
            <port dstActor="D0N31" name="p58" srcActor="D0N19"/>
            <port dstActor="D0N42" name="p59" srcActor="D0N19"/>
            <port dstActor="D0N42" name="p60" srcActor="D0N39"/>
            <port dstActor="D0N26" name="p61" srcActor="D0N24"/>
            <port dstActor="D0N38" name="p62" srcActor="D0N24"/>
            <port dstActor="D0N40" name="p63" srcActor="D0N15"/>
            <port dstActor="D0N27" name="p64" srcActor="D0N15"/>
            <port dstActor="D0N44" name="p65" srcActor="D0N15"/>
            <port dstActor="D0N17" name="p66" srcActor="D0N15"/>
            <port dstActor="D0N44" name="p67" srcActor="D0N22"/>
            <port dstActor="D0N31" name="p68" srcActor="D0N22"/>
            <port dstActor="D0N41" name="p69" srcActor="D0N37"/>
            <port dstActor="D0N30" name="p70" srcActor="D0N12"/>
            <port dstActor="D0N39" name="p71" srcActor="D0N12"/>
            <port dstActor="D0N23" name="p72" srcActor="D0N12"/>
            <port dstActor="D0N44" name="p73" srcActor="D0N33"/>
            <port dstActor="D0N13" name="p74" srcActor="D0N7"/>
            <port dstActor="D0N39" name="p75" srcActor="D0N7"/>
            <port dstActor="D0N24" name="p76" srcActor="D0N7"/>
            <port dstActor="D0N42" name="p77" srcActor="D0N7"/>
            <port dstActor="D0N44" name="p78" srcActor="D0N7"/>
            <port dstActor="D0N32" name="p79" srcActor="D0N7"/>
        </ports>
    </mcdag>
    <cores number="3"/>
    <levels number="2"/>
</mcsystem>
