<?xml version="1.0" encoding="UTF-8" standalone="no"?>
<mcsystem>
    <mcdag deadline="5000" name="genned-0-ed-10.0-0">
        <actor name="D0N13">
            <wcet number="0">70</wcet>
            <wcet number="1">480</wcet>
            <maxpow number="0.420548439421004"/>
            <maxpow number="0.420548439421004"/>
            <fprob>0.0</fprob>
        </actor>
        <actor name="D0N16">
            <wcet number="0">310</wcet>
            <wcet number="1">310</wcet>
            <maxpow number="0.7602892875903731"/>
            <maxpow number="0.7602892875903731"/>
            <fprob>0.0</fprob>
        </actor>
        <actor name="D0N12">
            <wcet number="0">10</wcet>
            <wcet number="1">140</wcet>
            <maxpow number="0.19126963677653208"/>
            <maxpow number="0.19126963677653208"/>
            <fprob>0.0</fprob>
        </actor>
        <actor name="D0N44">
            <wcet number="0">70</wcet>
            <wcet number="1">320</wcet>
            <maxpow number="0.5470250419875085"/>
            <maxpow number="0.5470250419875085"/>
            <fprob>0.0</fprob>
        </actor>
        <actor name="D0N32">
            <wcet number="0">260</wcet>
            <wcet number="1">340</wcet>
            <maxpow number="0.43951732294685675"/>
            <maxpow number="0.43951732294685675"/>
            <fprob>0.0</fprob>
        </actor>
        <actor name="D0N21">
            <wcet number="0">50</wcet>
            <wcet number="1">130</wcet>
            <maxpow number="0.8371267429386051"/>
            <maxpow number="0.8371267429386051"/>
            <fprob>0.0</fprob>
        </actor>
        <actor name="D0N35">
            <wcet number="0">60</wcet>
            <wcet number="1">280</wcet>
            <maxpow number="0.7930266216514424"/>
            <maxpow number="0.7930266216514424"/>
            <fprob>0.0</fprob>
        </actor>
        <actor name="D0N2">
            <wcet number="0">80</wcet>
            <wcet number="1">240</wcet>
            <maxpow number="0.8903920306381047"/>
            <maxpow number="0.8903920306381047"/>
            <fprob>0.0</fprob>
        </actor>
        <actor name="D0N43">
            <wcet number="0">220</wcet>
            <wcet number="1">610</wcet>
            <maxpow number="0.4984715364937811"/>
            <maxpow number="0.4984715364937811"/>
            <fprob>0.0</fprob>
        </actor>
        <actor name="D0N39">
            <wcet number="0">20</wcet>
            <wcet number="1">60</wcet>
            <maxpow number="0.49273423533429966"/>
            <maxpow number="0.49273423533429966"/>
            <fprob>0.0</fprob>
        </actor>
        <actor name="D0N22">
            <wcet number="0">10</wcet>
            <wcet number="1">10</wcet>
            <maxpow number="0.6597670509176565"/>
            <maxpow number="0.6597670509176565"/>
            <fprob>0.0</fprob>
        </actor>
        <actor name="D0N33">
            <wcet number="0">40</wcet>
            <wcet number="1">70</wcet>
            <maxpow number="0.14079522319536059"/>
            <maxpow number="0.14079522319536059"/>
            <fprob>0.0</fprob>
        </actor>
        <actor name="D0N42">
            <wcet number="0">60</wcet>
            <wcet number="1">120</wcet>
            <maxpow number="0.46055118265041467"/>
            <maxpow number="0.46055118265041467"/>
            <fprob>0.0</fprob>
        </actor>
        <actor name="D0N34">
            <wcet number="0">10</wcet>
            <wcet number="1">30</wcet>
            <maxpow number="0.4164002807090497"/>
            <maxpow number="0.4164002807090497"/>
            <fprob>0.0</fprob>
        </actor>
        <actor name="D0N15">
            <wcet number="0">210</wcet>
            <wcet number="1">310</wcet>
            <maxpow number="0.7384205360670626"/>
            <maxpow number="0.7384205360670626"/>
            <fprob>0.0</fprob>
        </actor>
        <actor name="D0N37">
            <wcet number="0">150</wcet>
            <wcet number="1">280</wcet>
            <maxpow number="0.5868432378833442"/>
            <maxpow number="0.5868432378833442"/>
            <fprob>0.0</fprob>
        </actor>
        <actor name="D0N14">
            <wcet number="0">10</wcet>
            <wcet number="1">80</wcet>
            <maxpow number="0.46857474569565916"/>
            <maxpow number="0.46857474569565916"/>
            <fprob>0.0</fprob>
        </actor>
        <actor name="D0N18">
            <wcet number="0">180</wcet>
            <wcet number="1">260</wcet>
            <maxpow number="0.4348659552429637"/>
            <maxpow number="0.4348659552429637"/>
            <fprob>0.0</fprob>
        </actor>
        <actor name="D0N1">
            <wcet number="0">420</wcet>
            <wcet number="1">480</wcet>
            <maxpow number="0.26445412849954886"/>
            <maxpow number="0.26445412849954886"/>
            <fprob>0.0</fprob>
        </actor>
        <actor name="D0N47">
            <wcet number="0">130</wcet>
            <wcet number="1">150</wcet>
            <maxpow number="0.3289150289619215"/>
            <maxpow number="0.3289150289619215"/>
            <fprob>0.0</fprob>
        </actor>
        <actor name="D0N31">
            <wcet number="0">30</wcet>
            <wcet number="1">90</wcet>
            <maxpow number="0.6925324238018556"/>
            <maxpow number="0.6925324238018556"/>
            <fprob>0.0</fprob>
        </actor>
        <actor name="D0N24">
            <wcet number="0">260</wcet>
            <wcet number="1">280</wcet>
            <maxpow number="0.4863095152446727"/>
            <maxpow number="0.4863095152446727"/>
            <fprob>0.0</fprob>
        </actor>
        <actor name="D0N20">
            <wcet number="0">160</wcet>
            <wcet number="1">270</wcet>
            <maxpow number="0.7063453191276354"/>
            <maxpow number="0.7063453191276354"/>
            <fprob>0.0</fprob>
        </actor>
        <actor name="D0N7">
            <wcet number="0">200</wcet>
            <wcet number="1">400</wcet>
            <maxpow number="0.6784317070501824"/>
            <maxpow number="0.6784317070501824"/>
            <fprob>0.0</fprob>
        </actor>
        <actor name="D0N3">
            <wcet number="0">50</wcet>
            <wcet number="1">60</wcet>
            <maxpow number="0.4591951356149989"/>
            <maxpow number="0.4591951356149989"/>
            <fprob>0.0</fprob>
        </actor>
        <actor name="D0N5">
            <wcet number="0">30</wcet>
            <wcet number="1">30</wcet>
            <maxpow number="0.363105494903998"/>
            <maxpow number="0.363105494903998"/>
            <fprob>0.0</fprob>
        </actor>
        <actor name="D0N8">
            <wcet number="0">30</wcet>
            <wcet number="1">100</wcet>
            <maxpow number="0.577380323083017"/>
            <maxpow number="0.577380323083017"/>
            <fprob>0.0</fprob>
        </actor>
        <actor name="D0N29">
            <wcet number="0">50</wcet>
            <wcet number="1">80</wcet>
            <maxpow number="0.6351567869093271"/>
            <maxpow number="0.6351567869093271"/>
            <fprob>0.0</fprob>
        </actor>
        <actor name="D0N17">
            <wcet number="0">10</wcet>
            <wcet number="1">120</wcet>
            <maxpow number="0.4005417197295863"/>
            <maxpow number="0.4005417197295863"/>
            <fprob>0.0</fprob>
        </actor>
        <actor name="D0N48">
            <wcet number="0">30</wcet>
            <wcet number="1">30</wcet>
            <maxpow number="0.6930173498860821"/>
            <maxpow number="0.6930173498860821"/>
            <fprob>0.0</fprob>
        </actor>
        <actor name="D0N49">
            <wcet number="0">20</wcet>
            <wcet number="1">20</wcet>
            <maxpow number="0.4220275974536792"/>
            <maxpow number="0.4220275974536792"/>
            <fprob>0.0</fprob>
        </actor>
        <actor name="D0N36">
            <wcet number="0">710</wcet>
            <wcet number="1">740</wcet>
            <maxpow number="0.5440006354647112"/>
            <maxpow number="0.5440006354647112"/>
            <fprob>0.0</fprob>
        </actor>
        <actor name="D0N0">
            <wcet number="0">40</wcet>
            <wcet number="1">60</wcet>
            <maxpow number="0.4788017648470138"/>
            <maxpow number="0.4788017648470138"/>
            <fprob>0.0</fprob>
        </actor>
        <actor name="D0N26">
            <wcet number="0">20</wcet>
            <wcet number="1">80</wcet>
            <maxpow number="0.5208777962871605"/>
            <maxpow number="0.5208777962871605"/>
            <fprob>0.0</fprob>
        </actor>
        <actor name="D0N10">
            <wcet number="0">60</wcet>
            <wcet number="1">70</wcet>
            <maxpow number="0.4947982610316819"/>
            <maxpow number="0.4947982610316819"/>
            <fprob>0.0</fprob>
        </actor>
        <actor name="D0N19">
            <wcet number="0">10</wcet>
            <wcet number="1">50</wcet>
            <maxpow number="0.38161422860885136"/>
            <maxpow number="0.38161422860885136"/>
            <fprob>0.0</fprob>
        </actor>
        <actor name="D0N4">
            <wcet number="0">490</wcet>
            <wcet number="1">550</wcet>
            <maxpow number="0.7011033309640107"/>
            <maxpow number="0.7011033309640107"/>
            <fprob>0.0</fprob>
        </actor>
        <actor name="D0N45">
            <wcet number="0">60</wcet>
            <wcet number="1">150</wcet>
            <maxpow number="0.6005834726531137"/>
            <maxpow number="0.6005834726531137"/>
            <fprob>0.0</fprob>
        </actor>
        <actor name="D0N28">
            <wcet number="0">70</wcet>
            <wcet number="1">170</wcet>
            <maxpow number="0.5273162595168489"/>
            <maxpow number="0.5273162595168489"/>
            <fprob>0.0</fprob>
        </actor>
        <actor name="D0N27">
            <wcet number="0">100</wcet>
            <wcet number="1">100</wcet>
            <maxpow number="0.36593344484603474"/>
            <maxpow number="0.36593344484603474"/>
            <fprob>0.0</fprob>
        </actor>
        <actor name="D0N41">
            <wcet number="0">430</wcet>
            <wcet number="1">820</wcet>
            <maxpow number="0.7791494095601196"/>
            <maxpow number="0.7791494095601196"/>
            <fprob>0.0</fprob>
        </actor>
        <actor name="D0N23">
            <wcet number="0">90</wcet>
            <wcet number="1">460</wcet>
            <maxpow number="0.5800145272422155"/>
            <maxpow number="0.5800145272422155"/>
            <fprob>0.0</fprob>
        </actor>
        <actor name="D0N46">
            <wcet number="0">140</wcet>
            <wcet number="1">440</wcet>
            <maxpow number="0.3724283948166932"/>
            <maxpow number="0.3724283948166932"/>
            <fprob>0.0</fprob>
        </actor>
        <actor name="D0N11">
            <wcet number="0">10</wcet>
            <wcet number="1">190</wcet>
            <maxpow number="0.526885126302006"/>
            <maxpow number="0.526885126302006"/>
            <fprob>0.0</fprob>
        </actor>
        <actor name="D0N40">
            <wcet number="0">30</wcet>
            <wcet number="1">40</wcet>
            <maxpow number="0.4256252802300617"/>
            <maxpow number="0.4256252802300617"/>
            <fprob>0.0</fprob>
        </actor>
        <actor name="D0N38">
            <wcet number="0">550</wcet>
            <wcet number="1">580</wcet>
            <maxpow number="0.41014416789942254"/>
            <maxpow number="0.41014416789942254"/>
            <fprob>0.0</fprob>
        </actor>
        <actor name="D0N9">
            <wcet number="0">360</wcet>
            <wcet number="1">580</wcet>
            <maxpow number="0.4614133621028829"/>
            <maxpow number="0.4614133621028829"/>
            <fprob>0.0</fprob>
        </actor>
        <actor name="D0N30">
            <wcet number="0">20</wcet>
            <wcet number="1">30</wcet>
            <maxpow number="0.5051857349389247"/>
            <maxpow number="0.5051857349389247"/>
            <fprob>0.0</fprob>
        </actor>
        <actor name="D0N25">
            <wcet number="0">200</wcet>
            <wcet number="1">290</wcet>
            <maxpow number="0.32998286216748207"/>
            <maxpow number="0.32998286216748207"/>
            <fprob>0.0</fprob>
        </actor>
        <actor name="D0N6">
            <wcet number="0">230</wcet>
            <wcet number="1">420</wcet>
            <maxpow number="0.46732697186692546"/>
            <maxpow number="0.46732697186692546"/>
            <fprob>0.0</fprob>
        </actor>
        <ports>
            <port dstActor="D0N23" name="p0" srcActor="D0N13"/>
            <port dstActor="D0N21" name="p1" srcActor="D0N13"/>
            <port dstActor="D0N22" name="p2" srcActor="D0N13"/>
            <port dstActor="D0N41" name="p3" srcActor="D0N16"/>
            <port dstActor="D0N30" name="p4" srcActor="D0N16"/>
            <port dstActor="D0N13" name="p5" srcActor="D0N12"/>
            <port dstActor="D0N30" name="p6" srcActor="D0N12"/>
            <port dstActor="D0N45" name="p7" srcActor="D0N32"/>
            <port dstActor="D0N44" name="p8" srcActor="D0N32"/>
            <port dstActor="D0N41" name="p9" srcActor="D0N32"/>
            <port dstActor="D0N43" name="p10" srcActor="D0N32"/>
            <port dstActor="D0N40" name="p11" srcActor="D0N21"/>
            <port dstActor="D0N34" name="p12" srcActor="D0N21"/>
            <port dstActor="D0N49" name="p13" srcActor="D0N21"/>
            <port dstActor="D0N32" name="p14" srcActor="D0N21"/>
            <port dstActor="D0N36" name="p15" srcActor="D0N35"/>
            <port dstActor="D0N39" name="p16" srcActor="D0N35"/>
            <port dstActor="D0N46" name="p17" srcActor="D0N35"/>
            <port dstActor="D0N41" name="p18" srcActor="D0N2"/>
            <port dstActor="D0N29" name="p19" srcActor="D0N2"/>
            <port dstActor="D0N45" name="p20" srcActor="D0N2"/>
            <port dstActor="D0N22" name="p21" srcActor="D0N2"/>
            <port dstActor="D0N43" name="p22" srcActor="D0N2"/>
            <port dstActor="D0N43" name="p23" srcActor="D0N22"/>
            <port dstActor="D0N31" name="p24" srcActor="D0N22"/>
            <port dstActor="D0N28" name="p25" srcActor="D0N22"/>
            <port dstActor="D0N30" name="p26" srcActor="D0N22"/>
            <port dstActor="D0N38" name="p27" srcActor="D0N33"/>
            <port dstActor="D0N41" name="p28" srcActor="D0N34"/>
            <port dstActor="D0N35" name="p29" srcActor="D0N34"/>
            <port dstActor="D0N43" name="p30" srcActor="D0N34"/>
            <port dstActor="D0N28" name="p31" srcActor="D0N15"/>
            <port dstActor="D0N42" name="p32" srcActor="D0N15"/>
            <port dstActor="D0N47" name="p33" srcActor="D0N15"/>
            <port dstActor="D0N49" name="p34" srcActor="D0N37"/>
            <port dstActor="D0N38" name="p35" srcActor="D0N37"/>
            <port dstActor="D0N42" name="p36" srcActor="D0N37"/>
            <port dstActor="D0N35" name="p37" srcActor="D0N14"/>
            <port dstActor="D0N25" name="p38" srcActor="D0N14"/>
            <port dstActor="D0N36" name="p39" srcActor="D0N14"/>
            <port dstActor="D0N29" name="p40" srcActor="D0N18"/>
            <port dstActor="D0N22" name="p41" srcActor="D0N18"/>
            <port dstActor="D0N16" name="p42" srcActor="D0N1"/>
            <port dstActor="D0N14" name="p43" srcActor="D0N1"/>
            <port dstActor="D0N3" name="p44" srcActor="D0N1"/>
            <port dstActor="D0N10" name="p45" srcActor="D0N1"/>
            <port dstActor="D0N49" name="p46" srcActor="D0N47"/>
            <port dstActor="D0N36" name="p47" srcActor="D0N31"/>
            <port dstActor="D0N47" name="p48" srcActor="D0N31"/>
            <port dstActor="D0N37" name="p49" srcActor="D0N31"/>
            <port dstActor="D0N33" name="p50" srcActor="D0N24"/>
            <port dstActor="D0N36" name="p51" srcActor="D0N24"/>
            <port dstActor="D0N49" name="p52" srcActor="D0N20"/>
            <port dstActor="D0N31" name="p53" srcActor="D0N20"/>
            <port dstActor="D0N35" name="p54" srcActor="D0N20"/>
            <port dstActor="D0N24" name="p55" srcActor="D0N20"/>
            <port dstActor="D0N43" name="p56" srcActor="D0N7"/>
            <port dstActor="D0N35" name="p57" srcActor="D0N7"/>
            <port dstActor="D0N45" name="p58" srcActor="D0N7"/>
            <port dstActor="D0N24" name="p59" srcActor="D0N7"/>
            <port dstActor="D0N26" name="p60" srcActor="D0N7"/>
            <port dstActor="D0N28" name="p61" srcActor="D0N3"/>
            <port dstActor="D0N14" name="p62" srcActor="D0N3"/>
            <port dstActor="D0N19" name="p63" srcActor="D0N3"/>
            <port dstActor="D0N26" name="p64" srcActor="D0N3"/>
            <port dstActor="D0N23" name="p65" srcActor="D0N3"/>
            <port dstActor="D0N7" name="p66" srcActor="D0N3"/>
            <port dstActor="D0N36" name="p67" srcActor="D0N3"/>
            <port dstActor="D0N42" name="p68" srcActor="D0N3"/>
            <port dstActor="D0N19" name="p69" srcActor="D0N5"/>
            <port dstActor="D0N44" name="p70" srcActor="D0N5"/>
            <port dstActor="D0N13" name="p71" srcActor="D0N5"/>
            <port dstActor="D0N9" name="p72" srcActor="D0N8"/>
            <port dstActor="D0N30" name="p73" srcActor="D0N29"/>
            <port dstActor="D0N18" name="p74" srcActor="D0N17"/>
            <port dstActor="D0N43" name="p75" srcActor="D0N17"/>
            <port dstActor="D0N41" name="p76" srcActor="D0N17"/>
            <port dstActor="D0N45" name="p77" srcActor="D0N36"/>
            <port dstActor="D0N27" name="p78" srcActor="D0N0"/>
            <port dstActor="D0N13" name="p79" srcActor="D0N0"/>
            <port dstActor="D0N12" name="p80" srcActor="D0N0"/>
            <port dstActor="D0N44" name="p81" srcActor="D0N26"/>
            <port dstActor="D0N45" name="p82" srcActor="D0N26"/>
            <port dstActor="D0N43" name="p83" srcActor="D0N26"/>
            <port dstActor="D0N34" name="p84" srcActor="D0N10"/>
            <port dstActor="D0N30" name="p85" srcActor="D0N10"/>
            <port dstActor="D0N48" name="p86" srcActor="D0N10"/>
            <port dstActor="D0N37" name="p87" srcActor="D0N10"/>
            <port dstActor="D0N19" name="p88" srcActor="D0N10"/>
            <port dstActor="D0N34" name="p89" srcActor="D0N19"/>
            <port dstActor="D0N32" name="p90" srcActor="D0N19"/>
            <port dstActor="D0N45" name="p91" srcActor="D0N19"/>
            <port dstActor="D0N48" name="p92" srcActor="D0N19"/>
            <port dstActor="D0N24" name="p93" srcActor="D0N19"/>
            <port dstActor="D0N36" name="p94" srcActor="D0N4"/>
            <port dstActor="D0N18" name="p95" srcActor="D0N4"/>
            <port dstActor="D0N24" name="p96" srcActor="D0N4"/>
            <port dstActor="D0N41" name="p97" srcActor="D0N4"/>
            <port dstActor="D0N46" name="p98" srcActor="D0N45"/>
            <port dstActor="D0N40" name="p99" srcActor="D0N28"/>
            <port dstActor="D0N46" name="p100" srcActor="D0N28"/>
            <port dstActor="D0N36" name="p101" srcActor="D0N28"/>
            <port dstActor="D0N33" name="p102" srcActor="D0N28"/>
            <port dstActor="D0N44" name="p103" srcActor="D0N28"/>
            <port dstActor="D0N35" name="p104" srcActor="D0N27"/>
            <port dstActor="D0N36" name="p105" srcActor="D0N27"/>
            <port dstActor="D0N42" name="p106" srcActor="D0N41"/>
            <port dstActor="D0N45" name="p107" srcActor="D0N41"/>
            <port dstActor="D0N42" name="p108" srcActor="D0N23"/>
            <port dstActor="D0N46" name="p109" srcActor="D0N23"/>
            <port dstActor="D0N41" name="p110" srcActor="D0N23"/>
            <port dstActor="D0N18" name="p111" srcActor="D0N11"/>
            <port dstActor="D0N49" name="p112" srcActor="D0N40"/>
            <port dstActor="D0N39" name="p113" srcActor="D0N38"/>
            <port dstActor="D0N46" name="p114" srcActor="D0N38"/>
            <port dstActor="D0N31" name="p115" srcActor="D0N9"/>
            <port dstActor="D0N34" name="p116" srcActor="D0N9"/>
            <port dstActor="D0N38" name="p117" srcActor="D0N9"/>
            <port dstActor="D0N27" name="p118" srcActor="D0N25"/>
            <port dstActor="D0N41" name="p119" srcActor="D0N25"/>
            <port dstActor="D0N36" name="p120" srcActor="D0N6"/>
            <port dstActor="D0N15" name="p121" srcActor="D0N6"/>
            <port dstActor="D0N45" name="p122" srcActor="D0N6"/>
            <port dstActor="D0N35" name="p123" srcActor="D0N6"/>
        </ports>
    </mcdag>
    <cores number="3"/>
    <levels number="2"/>
</mcsystem>
