<?xml version="1.0" encoding="UTF-8" standalone="no"?>
<mcsystem>
    <mcdag deadline="2200" name="genned-0-ed-10.0-0">
        <actor name="D0N23">
            <wcet number="0">50</wcet>
            <wcet number="1">60</wcet>
            <maxpow number="0.7656343481826866"/>
            <maxpow number="0.7656343481826866"/>
            <fprob>0.0</fprob>
        </actor>
        <actor name="D0N8">
            <wcet number="0">20</wcet>
            <wcet number="1">70</wcet>
            <maxpow number="0.48491664802296675"/>
            <maxpow number="0.48491664802296675"/>
            <fprob>0.0</fprob>
        </actor>
        <actor name="D0N0">
            <wcet number="0">20</wcet>
            <wcet number="1">30</wcet>
            <maxpow number="0.4328974539620065"/>
            <maxpow number="0.4328974539620065"/>
            <fprob>0.0</fprob>
        </actor>
        <actor name="D0N1">
            <wcet number="0">20</wcet>
            <wcet number="1">20</wcet>
            <maxpow number="0.5421041183542828"/>
            <maxpow number="0.5421041183542828"/>
            <fprob>0.0</fprob>
        </actor>
        <actor name="D0N3">
            <wcet number="0">80</wcet>
            <wcet number="1">120</wcet>
            <maxpow number="0.4933311526692616"/>
            <maxpow number="0.4933311526692616"/>
            <fprob>0.0</fprob>
        </actor>
        <actor name="D0N37">
            <wcet number="0">40</wcet>
            <wcet number="1">50</wcet>
            <maxpow number="0.3107441463764083"/>
            <maxpow number="0.3107441463764083"/>
            <fprob>0.0</fprob>
        </actor>
        <actor name="D0N29">
            <wcet number="0">40</wcet>
            <wcet number="1">390</wcet>
            <maxpow number="0.5220111876437401"/>
            <maxpow number="0.5220111876437401"/>
            <fprob>0.0</fprob>
        </actor>
        <actor name="D0N4">
            <wcet number="0">410</wcet>
            <wcet number="1">520</wcet>
            <maxpow number="0.5279684040571403"/>
            <maxpow number="0.5279684040571403"/>
            <fprob>0.0</fprob>
        </actor>
        <actor name="D0N9">
            <wcet number="0">10</wcet>
            <wcet number="1">50</wcet>
            <maxpow number="0.5509975634322332"/>
            <maxpow number="0.5509975634322332"/>
            <fprob>0.0</fprob>
        </actor>
        <actor name="D0N34">
            <wcet number="0">10</wcet>
            <wcet number="1">20</wcet>
            <maxpow number="0.6694432403054087"/>
            <maxpow number="0.6694432403054087"/>
            <fprob>0.0</fprob>
        </actor>
        <actor name="D0N33">
            <wcet number="0">20</wcet>
            <wcet number="1">70</wcet>
            <maxpow number="0.5222345828334339"/>
            <maxpow number="0.5222345828334339"/>
            <fprob>0.0</fprob>
        </actor>
        <actor name="D0N18">
            <wcet number="0">60</wcet>
            <wcet number="1">200</wcet>
            <maxpow number="1.0706356439956477"/>
            <maxpow number="1.0706356439956477"/>
            <fprob>0.0</fprob>
        </actor>
        <actor name="D0N14">
            <wcet number="0">60</wcet>
            <wcet number="1">60</wcet>
            <maxpow number="0.6939020294974194"/>
            <maxpow number="0.6939020294974194"/>
            <fprob>0.0</fprob>
        </actor>
        <actor name="D0N39">
            <wcet number="0">20</wcet>
            <wcet number="1">20</wcet>
            <maxpow number="0.5216963175187792"/>
            <maxpow number="0.5216963175187792"/>
            <fprob>0.0</fprob>
        </actor>
        <actor name="D0N41">
            <wcet number="0">10</wcet>
            <wcet number="1">50</wcet>
            <maxpow number="0.41553683914878853"/>
            <maxpow number="0.41553683914878853"/>
            <fprob>0.0</fprob>
        </actor>
        <actor name="D0N25">
            <wcet number="0">20</wcet>
            <wcet number="1">40</wcet>
            <maxpow number="0.8473755946200481"/>
            <maxpow number="0.8473755946200481"/>
            <fprob>0.0</fprob>
        </actor>
        <actor name="D0N47">
            <wcet number="0">50</wcet>
            <wcet number="1">90</wcet>
            <maxpow number="0.25660313632320864"/>
            <maxpow number="0.25660313632320864"/>
            <fprob>0.0</fprob>
        </actor>
        <actor name="D0N42">
            <wcet number="0">10</wcet>
            <wcet number="1">10</wcet>
            <maxpow number="0.5739789377900724"/>
            <maxpow number="0.5739789377900724"/>
            <fprob>0.0</fprob>
        </actor>
        <actor name="D0N45">
            <wcet number="0">50</wcet>
            <wcet number="1">190</wcet>
            <maxpow number="0.3957219924662455"/>
            <maxpow number="0.3957219924662455"/>
            <fprob>0.0</fprob>
        </actor>
        <actor name="D0N10">
            <wcet number="0">60</wcet>
            <wcet number="1">120</wcet>
            <maxpow number="0.450588287596837"/>
            <maxpow number="0.450588287596837"/>
            <fprob>0.0</fprob>
        </actor>
        <actor name="D0N6">
            <wcet number="0">20</wcet>
            <wcet number="1">20</wcet>
            <maxpow number="0.7394151274181953"/>
            <maxpow number="0.7394151274181953"/>
            <fprob>0.0</fprob>
        </actor>
        <actor name="D0N13">
            <wcet number="0">60</wcet>
            <wcet number="1">90</wcet>
            <maxpow number="0.5445042545252516"/>
            <maxpow number="0.5445042545252516"/>
            <fprob>0.0</fprob>
        </actor>
        <actor name="D0N49">
            <wcet number="0">10</wcet>
            <wcet number="1">20</wcet>
            <maxpow number="0.4659988052933014"/>
            <maxpow number="0.4659988052933014"/>
            <fprob>0.0</fprob>
        </actor>
        <actor name="D0N28">
            <wcet number="0">20</wcet>
            <wcet number="1">40</wcet>
            <maxpow number="0.6115217510567394"/>
            <maxpow number="0.6115217510567394"/>
            <fprob>0.0</fprob>
        </actor>
        <actor name="D0N48">
            <wcet number="0">10</wcet>
            <wcet number="1">10</wcet>
            <maxpow number="0.6315739019316937"/>
            <maxpow number="0.6315739019316937"/>
            <fprob>0.0</fprob>
        </actor>
        <actor name="D0N40">
            <wcet number="0">80</wcet>
            <wcet number="1">160</wcet>
            <maxpow number="0.5461000249586796"/>
            <maxpow number="0.5461000249586796"/>
            <fprob>0.0</fprob>
        </actor>
        <actor name="D0N21">
            <wcet number="0">40</wcet>
            <wcet number="1">120</wcet>
            <maxpow number="0.3777778877510405"/>
            <maxpow number="0.3777778877510405"/>
            <fprob>0.0</fprob>
        </actor>
        <actor name="D0N36">
            <wcet number="0">10</wcet>
            <wcet number="1">10</wcet>
            <maxpow number="0.5836224776280273"/>
            <maxpow number="0.5836224776280273"/>
            <fprob>0.0</fprob>
        </actor>
        <actor name="D0N2">
            <wcet number="0">20</wcet>
            <wcet number="1">110</wcet>
            <maxpow number="0.6546162183239354"/>
            <maxpow number="0.6546162183239354"/>
            <fprob>0.0</fprob>
        </actor>
        <actor name="D0N5">
            <wcet number="0">30</wcet>
            <wcet number="1">140</wcet>
            <maxpow number="0.609101016811202"/>
            <maxpow number="0.609101016811202"/>
            <fprob>0.0</fprob>
        </actor>
        <actor name="D0N7">
            <wcet number="0">120</wcet>
            <wcet number="1">160</wcet>
            <maxpow number="0.4291806123543124"/>
            <maxpow number="0.4291806123543124"/>
            <fprob>0.0</fprob>
        </actor>
        <actor name="D0N17">
            <wcet number="0">150</wcet>
            <wcet number="1">170</wcet>
            <maxpow number="0.4610890570894626"/>
            <maxpow number="0.4610890570894626"/>
            <fprob>0.0</fprob>
        </actor>
        <actor name="D0N27">
            <wcet number="0">30</wcet>
            <wcet number="1">30</wcet>
            <maxpow number="0.4387379473404938"/>
            <maxpow number="0.4387379473404938"/>
            <fprob>0.0</fprob>
        </actor>
        <actor name="D0N31">
            <wcet number="0">50</wcet>
            <wcet number="1">60</wcet>
            <maxpow number="0.6208006015541037"/>
            <maxpow number="0.6208006015541037"/>
            <fprob>0.0</fprob>
        </actor>
        <actor name="D0N20">
            <wcet number="0">20</wcet>
            <wcet number="1">40</wcet>
            <maxpow number="0.5519911498344071"/>
            <maxpow number="0.5519911498344071"/>
            <fprob>0.0</fprob>
        </actor>
        <actor name="D0N12">
            <wcet number="0">100</wcet>
            <wcet number="1">200</wcet>
            <maxpow number="0.25906657065342886"/>
            <maxpow number="0.25906657065342886"/>
            <fprob>0.0</fprob>
        </actor>
        <actor name="D0N26">
            <wcet number="0">40</wcet>
            <wcet number="1">70</wcet>
            <maxpow number="0.6115684455265485"/>
            <maxpow number="0.6115684455265485"/>
            <fprob>0.0</fprob>
        </actor>
        <actor name="D0N32">
            <wcet number="0">10</wcet>
            <wcet number="1">20</wcet>
            <maxpow number="0.4438772651861274"/>
            <maxpow number="0.4438772651861274"/>
            <fprob>0.0</fprob>
        </actor>
        <actor name="D0N16">
            <wcet number="0">30</wcet>
            <wcet number="1">150</wcet>
            <maxpow number="0.24925348419873838"/>
            <maxpow number="0.24925348419873838"/>
            <fprob>0.0</fprob>
        </actor>
        <actor name="D0N46">
            <wcet number="0">140</wcet>
            <wcet number="1">200</wcet>
            <maxpow number="0.37961762510999153"/>
            <maxpow number="0.37961762510999153"/>
            <fprob>0.0</fprob>
        </actor>
        <actor name="D0N11">
            <wcet number="0">50</wcet>
            <wcet number="1">50</wcet>
            <maxpow number="0.465388111147197"/>
            <maxpow number="0.465388111147197"/>
            <fprob>0.0</fprob>
        </actor>
        <actor name="D0N43">
            <wcet number="0">90</wcet>
            <wcet number="1">90</wcet>
            <maxpow number="0.4647608738786001"/>
            <maxpow number="0.4647608738786001"/>
            <fprob>0.0</fprob>
        </actor>
        <actor name="D0N38">
            <wcet number="0">370</wcet>
            <wcet number="1">370</wcet>
            <maxpow number="0.7414136632503334"/>
            <maxpow number="0.7414136632503334"/>
            <fprob>0.0</fprob>
        </actor>
        <actor name="D0N22">
            <wcet number="0">150</wcet>
            <wcet number="1">260</wcet>
            <maxpow number="0.39904826641624014"/>
            <maxpow number="0.39904826641624014"/>
            <fprob>0.0</fprob>
        </actor>
        <actor name="D0N44">
            <wcet number="0">10</wcet>
            <wcet number="1">10</wcet>
            <maxpow number="0.5962217904418596"/>
            <maxpow number="0.5962217904418596"/>
            <fprob>0.0</fprob>
        </actor>
        <actor name="D0N30">
            <wcet number="0">30</wcet>
            <wcet number="1">100</wcet>
            <maxpow number="0.5037657646243305"/>
            <maxpow number="0.5037657646243305"/>
            <fprob>0.0</fprob>
        </actor>
        <actor name="D0N19">
            <wcet number="0">30</wcet>
            <wcet number="1">60</wcet>
            <maxpow number="0.7267277066098297"/>
            <maxpow number="0.7267277066098297"/>
            <fprob>0.0</fprob>
        </actor>
        <actor name="D0N35">
            <wcet number="0">20</wcet>
            <wcet number="1">20</wcet>
            <maxpow number="0.5667757054124175"/>
            <maxpow number="0.5667757054124175"/>
            <fprob>0.0</fprob>
        </actor>
        <actor name="D0N24">
            <wcet number="0">10</wcet>
            <wcet number="1">10</wcet>
            <maxpow number="0.2337480528951068"/>
            <maxpow number="0.2337480528951068"/>
            <fprob>0.0</fprob>
        </actor>
        <actor name="D0N15">
            <wcet number="0">50</wcet>
            <wcet number="1">90</wcet>
            <maxpow number="0.560132571393274"/>
            <maxpow number="0.560132571393274"/>
            <fprob>0.0</fprob>
        </actor>
        <ports>
            <port dstActor="D0N36" name="p0" srcActor="D0N23"/>
            <port dstActor="D0N42" name="p1" srcActor="D0N23"/>
            <port dstActor="D0N42" name="p2" srcActor="D0N8"/>
            <port dstActor="D0N21" name="p3" srcActor="D0N8"/>
            <port dstActor="D0N27" name="p4" srcActor="D0N8"/>
            <port dstActor="D0N45" name="p5" srcActor="D0N8"/>
            <port dstActor="D0N18" name="p6" srcActor="D0N8"/>
            <port dstActor="D0N49" name="p7" srcActor="D0N0"/>
            <port dstActor="D0N13" name="p8" srcActor="D0N0"/>
            <port dstActor="D0N19" name="p9" srcActor="D0N0"/>
            <port dstActor="D0N24" name="p10" srcActor="D0N0"/>
            <port dstActor="D0N14" name="p11" srcActor="D0N0"/>
            <port dstActor="D0N49" name="p12" srcActor="D0N1"/>
            <port dstActor="D0N39" name="p13" srcActor="D0N1"/>
            <port dstActor="D0N35" name="p14" srcActor="D0N1"/>
            <port dstActor="D0N15" name="p15" srcActor="D0N1"/>
            <port dstActor="D0N29" name="p16" srcActor="D0N1"/>
            <port dstActor="D0N15" name="p17" srcActor="D0N3"/>
            <port dstActor="D0N4" name="p18" srcActor="D0N3"/>
            <port dstActor="D0N8" name="p19" srcActor="D0N3"/>
            <port dstActor="D0N39" name="p20" srcActor="D0N3"/>
            <port dstActor="D0N36" name="p21" srcActor="D0N3"/>
            <port dstActor="D0N11" name="p22" srcActor="D0N3"/>
            <port dstActor="D0N34" name="p23" srcActor="D0N3"/>
            <port dstActor="D0N21" name="p24" srcActor="D0N3"/>
            <port dstActor="D0N12" name="p25" srcActor="D0N3"/>
            <port dstActor="D0N44" name="p26" srcActor="D0N29"/>
            <port dstActor="D0N33" name="p27" srcActor="D0N29"/>
            <port dstActor="D0N43" name="p28" srcActor="D0N29"/>
            <port dstActor="D0N48" name="p29" srcActor="D0N29"/>
            <port dstActor="D0N29" name="p30" srcActor="D0N4"/>
            <port dstActor="D0N45" name="p31" srcActor="D0N4"/>
            <port dstActor="D0N23" name="p32" srcActor="D0N4"/>
            <port dstActor="D0N17" name="p33" srcActor="D0N9"/>
            <port dstActor="D0N29" name="p34" srcActor="D0N9"/>
            <port dstActor="D0N21" name="p35" srcActor="D0N9"/>
            <port dstActor="D0N45" name="p36" srcActor="D0N9"/>
            <port dstActor="D0N42" name="p37" srcActor="D0N34"/>
            <port dstActor="D0N35" name="p38" srcActor="D0N34"/>
            <port dstActor="D0N47" name="p39" srcActor="D0N33"/>
            <port dstActor="D0N46" name="p40" srcActor="D0N33"/>
            <port dstActor="D0N48" name="p41" srcActor="D0N18"/>
            <port dstActor="D0N22" name="p42" srcActor="D0N18"/>
            <port dstActor="D0N38" name="p43" srcActor="D0N18"/>
            <port dstActor="D0N40" name="p44" srcActor="D0N39"/>
            <port dstActor="D0N46" name="p45" srcActor="D0N39"/>
            <port dstActor="D0N45" name="p46" srcActor="D0N39"/>
            <port dstActor="D0N29" name="p47" srcActor="D0N25"/>
            <port dstActor="D0N43" name="p48" srcActor="D0N42"/>
            <port dstActor="D0N46" name="p49" srcActor="D0N45"/>
            <port dstActor="D0N30" name="p50" srcActor="D0N10"/>
            <port dstActor="D0N16" name="p51" srcActor="D0N10"/>
            <port dstActor="D0N20" name="p52" srcActor="D0N10"/>
            <port dstActor="D0N12" name="p53" srcActor="D0N10"/>
            <port dstActor="D0N21" name="p54" srcActor="D0N10"/>
            <port dstActor="D0N7" name="p55" srcActor="D0N6"/>
            <port dstActor="D0N18" name="p56" srcActor="D0N13"/>
            <port dstActor="D0N37" name="p57" srcActor="D0N28"/>
            <port dstActor="D0N45" name="p58" srcActor="D0N28"/>
            <port dstActor="D0N43" name="p59" srcActor="D0N28"/>
            <port dstActor="D0N49" name="p60" srcActor="D0N40"/>
            <port dstActor="D0N48" name="p61" srcActor="D0N21"/>
            <port dstActor="D0N49" name="p62" srcActor="D0N21"/>
            <port dstActor="D0N35" name="p63" srcActor="D0N21"/>
            <port dstActor="D0N39" name="p64" srcActor="D0N21"/>
            <port dstActor="D0N28" name="p65" srcActor="D0N21"/>
            <port dstActor="D0N27" name="p66" srcActor="D0N21"/>
            <port dstActor="D0N40" name="p67" srcActor="D0N21"/>
            <port dstActor="D0N46" name="p68" srcActor="D0N36"/>
            <port dstActor="D0N43" name="p69" srcActor="D0N36"/>
            <port dstActor="D0N18" name="p70" srcActor="D0N2"/>
            <port dstActor="D0N7" name="p71" srcActor="D0N2"/>
            <port dstActor="D0N27" name="p72" srcActor="D0N2"/>
            <port dstActor="D0N40" name="p73" srcActor="D0N5"/>
            <port dstActor="D0N25" name="p74" srcActor="D0N5"/>
            <port dstActor="D0N42" name="p75" srcActor="D0N7"/>
            <port dstActor="D0N23" name="p76" srcActor="D0N7"/>
            <port dstActor="D0N19" name="p77" srcActor="D0N7"/>
            <port dstActor="D0N39" name="p78" srcActor="D0N27"/>
            <port dstActor="D0N36" name="p79" srcActor="D0N27"/>
            <port dstActor="D0N34" name="p80" srcActor="D0N27"/>
            <port dstActor="D0N32" name="p81" srcActor="D0N27"/>
            <port dstActor="D0N37" name="p82" srcActor="D0N31"/>
            <port dstActor="D0N41" name="p83" srcActor="D0N31"/>
            <port dstActor="D0N49" name="p84" srcActor="D0N31"/>
            <port dstActor="D0N21" name="p85" srcActor="D0N20"/>
            <port dstActor="D0N46" name="p86" srcActor="D0N20"/>
            <port dstActor="D0N22" name="p87" srcActor="D0N20"/>
            <port dstActor="D0N44" name="p88" srcActor="D0N20"/>
            <port dstActor="D0N26" name="p89" srcActor="D0N12"/>
            <port dstActor="D0N32" name="p90" srcActor="D0N12"/>
            <port dstActor="D0N13" name="p91" srcActor="D0N12"/>
            <port dstActor="D0N17" name="p92" srcActor="D0N12"/>
            <port dstActor="D0N38" name="p93" srcActor="D0N12"/>
            <port dstActor="D0N39" name="p94" srcActor="D0N12"/>
            <port dstActor="D0N36" name="p95" srcActor="D0N12"/>
            <port dstActor="D0N35" name="p96" srcActor="D0N26"/>
            <port dstActor="D0N48" name="p97" srcActor="D0N26"/>
            <port dstActor="D0N45" name="p98" srcActor="D0N26"/>
            <port dstActor="D0N47" name="p99" srcActor="D0N26"/>
            <port dstActor="D0N38" name="p100" srcActor="D0N32"/>
            <port dstActor="D0N43" name="p101" srcActor="D0N32"/>
            <port dstActor="D0N32" name="p102" srcActor="D0N16"/>
            <port dstActor="D0N24" name="p103" srcActor="D0N16"/>
            <port dstActor="D0N34" name="p104" srcActor="D0N16"/>
            <port dstActor="D0N47" name="p105" srcActor="D0N46"/>
            <port dstActor="D0N20" name="p106" srcActor="D0N11"/>
            <port dstActor="D0N39" name="p107" srcActor="D0N11"/>
            <port dstActor="D0N33" name="p108" srcActor="D0N11"/>
            <port dstActor="D0N40" name="p109" srcActor="D0N38"/>
            <port dstActor="D0N41" name="p110" srcActor="D0N38"/>
            <port dstActor="D0N48" name="p111" srcActor="D0N22"/>
            <port dstActor="D0N47" name="p112" srcActor="D0N22"/>
            <port dstActor="D0N24" name="p113" srcActor="D0N22"/>
            <port dstActor="D0N27" name="p114" srcActor="D0N19"/>
            <port dstActor="D0N36" name="p115" srcActor="D0N19"/>
            <port dstActor="D0N42" name="p116" srcActor="D0N35"/>
            <port dstActor="D0N29" name="p117" srcActor="D0N24"/>
            <port dstActor="D0N35" name="p118" srcActor="D0N15"/>
            <port dstActor="D0N25" name="p119" srcActor="D0N15"/>
            <port dstActor="D0N22" name="p120" srcActor="D0N15"/>
            <port dstActor="D0N29" name="p121" srcActor="D0N15"/>
            <port dstActor="D0N34" name="p122" srcActor="D0N15"/>
            <port dstActor="D0N46" name="p123" srcActor="D0N15"/>
            <port dstActor="D0N37" name="p124" srcActor="D0N15"/>
            <port dstActor="D0N18" name="p125" srcActor="D0N15"/>
            <port dstActor="D0N31" name="p126" srcActor="D0N15"/>
        </ports>
    </mcdag>
    <cores number="3"/>
    <levels number="2"/>
</mcsystem>
