<?xml version="1.0" encoding="UTF-8" standalone="no"?>
<mcsystem>
    <mcdag deadline="2000" name="genned-0-ed-10.0-0">
        <actor name="D0N26">
            <wcet number="0">70</wcet>
            <wcet number="1">80</wcet>
            <maxpow number="0.3824935159806652"/>
            <maxpow number="0.3824935159806652"/>
            <fprob>0.0</fprob>
        </actor>
        <actor name="D0N20">
            <wcet number="0">10</wcet>
            <wcet number="1">10</wcet>
            <maxpow number="0.4893671343948591"/>
            <maxpow number="0.4893671343948591"/>
            <fprob>0.0</fprob>
        </actor>
        <actor name="D0N28">
            <wcet number="0">50</wcet>
            <wcet number="1">60</wcet>
            <maxpow number="0.6166547863916464"/>
            <maxpow number="0.6166547863916464"/>
            <fprob>0.0</fprob>
        </actor>
        <actor name="D0N9">
            <wcet number="0">30</wcet>
            <wcet number="1">60</wcet>
            <maxpow number="0.6033450295136529"/>
            <maxpow number="0.6033450295136529"/>
            <fprob>0.0</fprob>
        </actor>
        <actor name="D0N10">
            <wcet number="0">50</wcet>
            <wcet number="1">370</wcet>
            <maxpow number="0.6386640381164308"/>
            <maxpow number="0.6386640381164308"/>
            <fprob>0.0</fprob>
        </actor>
        <actor name="D0N4">
            <wcet number="0">20</wcet>
            <wcet number="1">40</wcet>
            <maxpow number="0.6637857010443771"/>
            <maxpow number="0.6637857010443771"/>
            <fprob>0.0</fprob>
        </actor>
        <actor name="D0N21">
            <wcet number="0">100</wcet>
            <wcet number="1">110</wcet>
            <maxpow number="0.48583912845593835"/>
            <maxpow number="0.48583912845593835"/>
            <fprob>0.0</fprob>
        </actor>
        <actor name="D0N5">
            <wcet number="0">70</wcet>
            <wcet number="1">110</wcet>
            <maxpow number="0.323237155150777"/>
            <maxpow number="0.323237155150777"/>
            <fprob>0.0</fprob>
        </actor>
        <actor name="D0N23">
            <wcet number="0">20</wcet>
            <wcet number="1">40</wcet>
            <maxpow number="0.4910682835833718"/>
            <maxpow number="0.4910682835833718"/>
            <fprob>0.0</fprob>
        </actor>
        <actor name="D0N35">
            <wcet number="0">40</wcet>
            <wcet number="1">380</wcet>
            <maxpow number="0.31212451786352785"/>
            <maxpow number="0.31212451786352785"/>
            <fprob>0.0</fprob>
        </actor>
        <actor name="D0N27">
            <wcet number="0">140</wcet>
            <wcet number="1">160</wcet>
            <maxpow number="0.4020575496819219"/>
            <maxpow number="0.4020575496819219"/>
            <fprob>0.0</fprob>
        </actor>
        <actor name="D0N22">
            <wcet number="0">200</wcet>
            <wcet number="1">230</wcet>
            <maxpow number="0.4927897493234664"/>
            <maxpow number="0.4927897493234664"/>
            <fprob>0.0</fprob>
        </actor>
        <actor name="D0N39">
            <wcet number="0">190</wcet>
            <wcet number="1">210</wcet>
            <maxpow number="0.47152951151925343"/>
            <maxpow number="0.47152951151925343"/>
            <fprob>0.0</fprob>
        </actor>
        <actor name="D0N3">
            <wcet number="0">20</wcet>
            <wcet number="1">30</wcet>
            <maxpow number="0.39661856709036614"/>
            <maxpow number="0.39661856709036614"/>
            <fprob>0.0</fprob>
        </actor>
        <actor name="D0N42">
            <wcet number="0">50</wcet>
            <wcet number="1">80</wcet>
            <maxpow number="0.583561578897167"/>
            <maxpow number="0.583561578897167"/>
            <fprob>0.0</fprob>
        </actor>
        <actor name="D0N46">
            <wcet number="0">30</wcet>
            <wcet number="1">50</wcet>
            <maxpow number="0.5444504114171812"/>
            <maxpow number="0.5444504114171812"/>
            <fprob>0.0</fprob>
        </actor>
        <actor name="D0N14">
            <wcet number="0">90</wcet>
            <wcet number="1">190</wcet>
            <maxpow number="0.31024327952416775"/>
            <maxpow number="0.31024327952416775"/>
            <fprob>0.0</fprob>
        </actor>
        <actor name="D0N41">
            <wcet number="0">80</wcet>
            <wcet number="1">120</wcet>
            <maxpow number="0.7692121843556156"/>
            <maxpow number="0.7692121843556156"/>
            <fprob>0.0</fprob>
        </actor>
        <actor name="D0N29">
            <wcet number="0">20</wcet>
            <wcet number="1">80</wcet>
            <maxpow number="0.4975081584425106"/>
            <maxpow number="0.4975081584425106"/>
            <fprob>0.0</fprob>
        </actor>
        <actor name="D0N24">
            <wcet number="0">10</wcet>
            <wcet number="1">10</wcet>
            <maxpow number="0.6457363540242258"/>
            <maxpow number="0.6457363540242258"/>
            <fprob>0.0</fprob>
        </actor>
        <actor name="D0N40">
            <wcet number="0">10</wcet>
            <wcet number="1">60</wcet>
            <maxpow number="0.9004675284547026"/>
            <maxpow number="0.9004675284547026"/>
            <fprob>0.0</fprob>
        </actor>
        <actor name="D0N43">
            <wcet number="0">60</wcet>
            <wcet number="1">70</wcet>
            <maxpow number="0.6763038073963642"/>
            <maxpow number="0.6763038073963642"/>
            <fprob>0.0</fprob>
        </actor>
        <actor name="D0N30">
            <wcet number="0">10</wcet>
            <wcet number="1">60</wcet>
            <maxpow number="0.3846514543767432"/>
            <maxpow number="0.3846514543767432"/>
            <fprob>0.0</fprob>
        </actor>
        <actor name="D0N6">
            <wcet number="0">70</wcet>
            <wcet number="1">90</wcet>
            <maxpow number="0.4361712505804258"/>
            <maxpow number="0.4361712505804258"/>
            <fprob>0.0</fprob>
        </actor>
        <actor name="D0N36">
            <wcet number="0">80</wcet>
            <wcet number="1">80</wcet>
            <maxpow number="0.6204646504557433"/>
            <maxpow number="0.6204646504557433"/>
            <fprob>0.0</fprob>
        </actor>
        <actor name="D0N1">
            <wcet number="0">20</wcet>
            <wcet number="1">160</wcet>
            <maxpow number="0.3548109773115373"/>
            <maxpow number="0.3548109773115373"/>
            <fprob>0.0</fprob>
        </actor>
        <actor name="D0N11">
            <wcet number="0">40</wcet>
            <wcet number="1">70</wcet>
            <maxpow number="0.45325584403821695"/>
            <maxpow number="0.45325584403821695"/>
            <fprob>0.0</fprob>
        </actor>
        <actor name="D0N8">
            <wcet number="0">10</wcet>
            <wcet number="1">20</wcet>
            <maxpow number="0.7554733000610124"/>
            <maxpow number="0.7554733000610124"/>
            <fprob>0.0</fprob>
        </actor>
        <actor name="D0N2">
            <wcet number="0">20</wcet>
            <wcet number="1">80</wcet>
            <maxpow number="0.6406155329706817"/>
            <maxpow number="0.6406155329706817"/>
            <fprob>0.0</fprob>
        </actor>
        <actor name="D0N45">
            <wcet number="0">20</wcet>
            <wcet number="1">30</wcet>
            <maxpow number="0.5669147950306932"/>
            <maxpow number="0.5669147950306932"/>
            <fprob>0.0</fprob>
        </actor>
        <actor name="D0N47">
            <wcet number="0">90</wcet>
            <wcet number="1">90</wcet>
            <maxpow number="0.5690620892308241"/>
            <maxpow number="0.5690620892308241"/>
            <fprob>0.0</fprob>
        </actor>
        <actor name="D0N31">
            <wcet number="0">180</wcet>
            <wcet number="1">330</wcet>
            <maxpow number="0.6925061582935557"/>
            <maxpow number="0.6925061582935557"/>
            <fprob>0.0</fprob>
        </actor>
        <actor name="D0N38">
            <wcet number="0">10</wcet>
            <wcet number="1">20</wcet>
            <maxpow number="0.1018410533429327"/>
            <maxpow number="0.1018410533429327"/>
            <fprob>0.0</fprob>
        </actor>
        <actor name="D0N7">
            <wcet number="0">210</wcet>
            <wcet number="1">260</wcet>
            <maxpow number="0.5499706694537903"/>
            <maxpow number="0.5499706694537903"/>
            <fprob>0.0</fprob>
        </actor>
        <actor name="D0N15">
            <wcet number="0">10</wcet>
            <wcet number="1">80</wcet>
            <maxpow number="0.48006612344075394"/>
            <maxpow number="0.48006612344075394"/>
            <fprob>0.0</fprob>
        </actor>
        <actor name="D0N25">
            <wcet number="0">10</wcet>
            <wcet number="1">10</wcet>
            <maxpow number="0.6298246961142809"/>
            <maxpow number="0.6298246961142809"/>
            <fprob>0.0</fprob>
        </actor>
        <actor name="D0N34">
            <wcet number="0">70</wcet>
            <wcet number="1">140</wcet>
            <maxpow number="0.21112634350580495"/>
            <maxpow number="0.21112634350580495"/>
            <fprob>0.0</fprob>
        </actor>
        <actor name="D0N19">
            <wcet number="0">110</wcet>
            <wcet number="1">110</wcet>
            <maxpow number="0.755258107831985"/>
            <maxpow number="0.755258107831985"/>
            <fprob>0.0</fprob>
        </actor>
        <actor name="D0N33">
            <wcet number="0">10</wcet>
            <wcet number="1">10</wcet>
            <maxpow number="0.3839933631393446"/>
            <maxpow number="0.3839933631393446"/>
            <fprob>0.0</fprob>
        </actor>
        <actor name="D0N0">
            <wcet number="0">110</wcet>
            <wcet number="1">110</wcet>
            <maxpow number="0.5919013954855992"/>
            <maxpow number="0.5919013954855992"/>
            <fprob>0.0</fprob>
        </actor>
        <actor name="D0N13">
            <wcet number="0">80</wcet>
            <wcet number="1">150</wcet>
            <maxpow number="0.4208707373598928"/>
            <maxpow number="0.4208707373598928"/>
            <fprob>0.0</fprob>
        </actor>
        <actor name="D0N16">
            <wcet number="0">80</wcet>
            <wcet number="1">300</wcet>
            <maxpow number="0.48771525913921643"/>
            <maxpow number="0.48771525913921643"/>
            <fprob>0.0</fprob>
        </actor>
        <actor name="D0N12">
            <wcet number="0">60</wcet>
            <wcet number="1">80</wcet>
            <maxpow number="0.3090363200129891"/>
            <maxpow number="0.3090363200129891"/>
            <fprob>0.0</fprob>
        </actor>
        <actor name="D0N37">
            <wcet number="0">40</wcet>
            <wcet number="1">60</wcet>
            <maxpow number="0.4607592882174152"/>
            <maxpow number="0.4607592882174152"/>
            <fprob>0.0</fprob>
        </actor>
        <actor name="D0N17">
            <wcet number="0">60</wcet>
            <wcet number="1">240</wcet>
            <maxpow number="0.7837542564605147"/>
            <maxpow number="0.7837542564605147"/>
            <fprob>0.0</fprob>
        </actor>
        <actor name="D0N32">
            <wcet number="0">40</wcet>
            <wcet number="1">50</wcet>
            <maxpow number="0.9032856242456864"/>
            <maxpow number="0.9032856242456864"/>
            <fprob>0.0</fprob>
        </actor>
        <actor name="D0N44">
            <wcet number="0">50</wcet>
            <wcet number="1">100</wcet>
            <maxpow number="0.5315964082333139"/>
            <maxpow number="0.5315964082333139"/>
            <fprob>0.0</fprob>
        </actor>
        <actor name="D0N18">
            <wcet number="0">20</wcet>
            <wcet number="1">120</wcet>
            <maxpow number="0.6514226390246605"/>
            <maxpow number="0.6514226390246605"/>
            <fprob>0.0</fprob>
        </actor>
        <ports>
            <port dstActor="D0N39" name="p0" srcActor="D0N26"/>
            <port dstActor="D0N27" name="p1" srcActor="D0N20"/>
            <port dstActor="D0N43" name="p2" srcActor="D0N20"/>
            <port dstActor="D0N35" name="p3" srcActor="D0N28"/>
            <port dstActor="D0N39" name="p4" srcActor="D0N28"/>
            <port dstActor="D0N36" name="p5" srcActor="D0N28"/>
            <port dstActor="D0N41" name="p6" srcActor="D0N28"/>
            <port dstActor="D0N39" name="p7" srcActor="D0N9"/>
            <port dstActor="D0N33" name="p8" srcActor="D0N9"/>
            <port dstActor="D0N17" name="p9" srcActor="D0N10"/>
            <port dstActor="D0N9" name="p10" srcActor="D0N4"/>
            <port dstActor="D0N29" name="p11" srcActor="D0N4"/>
            <port dstActor="D0N23" name="p12" srcActor="D0N4"/>
            <port dstActor="D0N43" name="p13" srcActor="D0N4"/>
            <port dstActor="D0N8" name="p14" srcActor="D0N4"/>
            <port dstActor="D0N5" name="p15" srcActor="D0N4"/>
            <port dstActor="D0N7" name="p16" srcActor="D0N5"/>
            <port dstActor="D0N34" name="p17" srcActor="D0N5"/>
            <port dstActor="D0N47" name="p18" srcActor="D0N5"/>
            <port dstActor="D0N22" name="p19" srcActor="D0N5"/>
            <port dstActor="D0N28" name="p20" srcActor="D0N5"/>
            <port dstActor="D0N35" name="p21" srcActor="D0N5"/>
            <port dstActor="D0N24" name="p22" srcActor="D0N5"/>
            <port dstActor="D0N46" name="p23" srcActor="D0N5"/>
            <port dstActor="D0N31" name="p24" srcActor="D0N23"/>
            <port dstActor="D0N25" name="p25" srcActor="D0N23"/>
            <port dstActor="D0N24" name="p26" srcActor="D0N23"/>
            <port dstActor="D0N39" name="p27" srcActor="D0N23"/>
            <port dstActor="D0N44" name="p28" srcActor="D0N27"/>
            <port dstActor="D0N25" name="p29" srcActor="D0N22"/>
            <port dstActor="D0N30" name="p30" srcActor="D0N22"/>
            <port dstActor="D0N45" name="p31" srcActor="D0N39"/>
            <port dstActor="D0N46" name="p32" srcActor="D0N39"/>
            <port dstActor="D0N39" name="p33" srcActor="D0N3"/>
            <port dstActor="D0N31" name="p34" srcActor="D0N3"/>
            <port dstActor="D0N21" name="p35" srcActor="D0N3"/>
            <port dstActor="D0N47" name="p36" srcActor="D0N46"/>
            <port dstActor="D0N18" name="p37" srcActor="D0N14"/>
            <port dstActor="D0N36" name="p38" srcActor="D0N14"/>
            <port dstActor="D0N20" name="p39" srcActor="D0N14"/>
            <port dstActor="D0N22" name="p40" srcActor="D0N14"/>
            <port dstActor="D0N27" name="p41" srcActor="D0N14"/>
            <port dstActor="D0N44" name="p42" srcActor="D0N41"/>
            <port dstActor="D0N36" name="p43" srcActor="D0N29"/>
            <port dstActor="D0N38" name="p44" srcActor="D0N24"/>
            <port dstActor="D0N42" name="p45" srcActor="D0N40"/>
            <port dstActor="D0N41" name="p46" srcActor="D0N30"/>
            <port dstActor="D0N31" name="p47" srcActor="D0N30"/>
            <port dstActor="D0N33" name="p48" srcActor="D0N30"/>
            <port dstActor="D0N28" name="p49" srcActor="D0N6"/>
            <port dstActor="D0N29" name="p50" srcActor="D0N6"/>
            <port dstActor="D0N46" name="p51" srcActor="D0N6"/>
            <port dstActor="D0N15" name="p52" srcActor="D0N6"/>
            <port dstActor="D0N39" name="p53" srcActor="D0N36"/>
            <port dstActor="D0N9" name="p54" srcActor="D0N1"/>
            <port dstActor="D0N38" name="p55" srcActor="D0N1"/>
            <port dstActor="D0N2" name="p56" srcActor="D0N1"/>
            <port dstActor="D0N30" name="p57" srcActor="D0N1"/>
            <port dstActor="D0N37" name="p58" srcActor="D0N1"/>
            <port dstActor="D0N30" name="p59" srcActor="D0N11"/>
            <port dstActor="D0N45" name="p60" srcActor="D0N11"/>
            <port dstActor="D0N33" name="p61" srcActor="D0N11"/>
            <port dstActor="D0N46" name="p62" srcActor="D0N11"/>
            <port dstActor="D0N12" name="p63" srcActor="D0N11"/>
            <port dstActor="D0N16" name="p64" srcActor="D0N8"/>
            <port dstActor="D0N28" name="p65" srcActor="D0N8"/>
            <port dstActor="D0N7" name="p66" srcActor="D0N2"/>
            <port dstActor="D0N10" name="p67" srcActor="D0N2"/>
            <port dstActor="D0N19" name="p68" srcActor="D0N2"/>
            <port dstActor="D0N37" name="p69" srcActor="D0N2"/>
            <port dstActor="D0N39" name="p70" srcActor="D0N31"/>
            <port dstActor="D0N33" name="p71" srcActor="D0N31"/>
            <port dstActor="D0N46" name="p72" srcActor="D0N38"/>
            <port dstActor="D0N44" name="p73" srcActor="D0N38"/>
            <port dstActor="D0N40" name="p74" srcActor="D0N38"/>
            <port dstActor="D0N9" name="p75" srcActor="D0N7"/>
            <port dstActor="D0N31" name="p76" srcActor="D0N7"/>
            <port dstActor="D0N35" name="p77" srcActor="D0N15"/>
            <port dstActor="D0N18" name="p78" srcActor="D0N15"/>
            <port dstActor="D0N31" name="p79" srcActor="D0N15"/>
            <port dstActor="D0N28" name="p80" srcActor="D0N15"/>
            <port dstActor="D0N37" name="p81" srcActor="D0N15"/>
            <port dstActor="D0N30" name="p82" srcActor="D0N25"/>
            <port dstActor="D0N42" name="p83" srcActor="D0N25"/>
            <port dstActor="D0N36" name="p84" srcActor="D0N34"/>
            <port dstActor="D0N32" name="p85" srcActor="D0N19"/>
            <port dstActor="D0N45" name="p86" srcActor="D0N19"/>
            <port dstActor="D0N37" name="p87" srcActor="D0N19"/>
            <port dstActor="D0N40" name="p88" srcActor="D0N33"/>
            <port dstActor="D0N37" name="p89" srcActor="D0N33"/>
            <port dstActor="D0N36" name="p90" srcActor="D0N33"/>
            <port dstActor="D0N42" name="p91" srcActor="D0N0"/>
            <port dstActor="D0N34" name="p92" srcActor="D0N0"/>
            <port dstActor="D0N8" name="p93" srcActor="D0N0"/>
            <port dstActor="D0N2" name="p94" srcActor="D0N0"/>
            <port dstActor="D0N46" name="p95" srcActor="D0N0"/>
            <port dstActor="D0N38" name="p96" srcActor="D0N0"/>
            <port dstActor="D0N15" name="p97" srcActor="D0N0"/>
            <port dstActor="D0N45" name="p98" srcActor="D0N13"/>
            <port dstActor="D0N23" name="p99" srcActor="D0N13"/>
            <port dstActor="D0N22" name="p100" srcActor="D0N13"/>
            <port dstActor="D0N32" name="p101" srcActor="D0N16"/>
            <port dstActor="D0N45" name="p102" srcActor="D0N12"/>
            <port dstActor="D0N23" name="p103" srcActor="D0N12"/>
            <port dstActor="D0N28" name="p104" srcActor="D0N12"/>
            <port dstActor="D0N25" name="p105" srcActor="D0N12"/>
            <port dstActor="D0N22" name="p106" srcActor="D0N12"/>
            <port dstActor="D0N44" name="p107" srcActor="D0N12"/>
            <port dstActor="D0N15" name="p108" srcActor="D0N12"/>
            <port dstActor="D0N45" name="p109" srcActor="D0N37"/>
            <port dstActor="D0N41" name="p110" srcActor="D0N37"/>
            <port dstActor="D0N30" name="p111" srcActor="D0N17"/>
            <port dstActor="D0N20" name="p112" srcActor="D0N17"/>
            <port dstActor="D0N47" name="p113" srcActor="D0N17"/>
            <port dstActor="D0N37" name="p114" srcActor="D0N32"/>
            <port dstActor="D0N31" name="p115" srcActor="D0N18"/>
            <port dstActor="D0N32" name="p116" srcActor="D0N18"/>
            <port dstActor="D0N34" name="p117" srcActor="D0N18"/>
        </ports>
    </mcdag>
    <cores number="3"/>
    <levels number="2"/>
</mcsystem>
