<?xml version="1.0" encoding="UTF-8" standalone="no"?>
<mcsystem>
    <mcdag deadline="2000" name="genned-0-ed-10.0-0">
        <actor name="D0N4">
            <wcet number="0">80</wcet>
            <wcet number="1">150</wcet>
            <maxpow number="0.2925254119430942"/>
            <maxpow number="0.2925254119430942"/>
            <fprob>0.0</fprob>
        </actor>
        <actor name="D0N17">
            <wcet number="0">50</wcet>
            <wcet number="1">80</wcet>
            <maxpow number="0.12838957341268203"/>
            <maxpow number="0.12838957341268203"/>
            <fprob>0.0</fprob>
        </actor>
        <actor name="D0N19">
            <wcet number="0">110</wcet>
            <wcet number="1">260</wcet>
            <maxpow number="0.2932843979866769"/>
            <maxpow number="0.2932843979866769"/>
            <fprob>0.0</fprob>
        </actor>
        <actor name="D0N1">
            <wcet number="0">20</wcet>
            <wcet number="1">120</wcet>
            <maxpow number="0.4685757403099611"/>
            <maxpow number="0.4685757403099611"/>
            <fprob>0.0</fprob>
        </actor>
        <actor name="D0N12">
            <wcet number="0">40</wcet>
            <wcet number="1">70</wcet>
            <maxpow number="0.4593960211500998"/>
            <maxpow number="0.4593960211500998"/>
            <fprob>0.0</fprob>
        </actor>
        <actor name="D0N3">
            <wcet number="0">30</wcet>
            <wcet number="1">70</wcet>
            <maxpow number="0.3691303936403716"/>
            <maxpow number="0.3691303936403716"/>
            <fprob>0.0</fprob>
        </actor>
        <actor name="D0N46">
            <wcet number="0">50</wcet>
            <wcet number="1">50</wcet>
            <maxpow number="0.5286583225710115"/>
            <maxpow number="0.5286583225710115"/>
            <fprob>0.0</fprob>
        </actor>
        <actor name="D0N48">
            <wcet number="0">10</wcet>
            <wcet number="1">20</wcet>
            <maxpow number="0.5464051941378556"/>
            <maxpow number="0.5464051941378556"/>
            <fprob>0.0</fprob>
        </actor>
        <actor name="D0N24">
            <wcet number="0">50</wcet>
            <wcet number="1">70</wcet>
            <maxpow number="0.5342183026650945"/>
            <maxpow number="0.5342183026650945"/>
            <fprob>0.0</fprob>
        </actor>
        <actor name="D0N37">
            <wcet number="0">10</wcet>
            <wcet number="1">20</wcet>
            <maxpow number="0.48655772904296696"/>
            <maxpow number="0.48655772904296696"/>
            <fprob>0.0</fprob>
        </actor>
        <actor name="D0N11">
            <wcet number="0">40</wcet>
            <wcet number="1">200</wcet>
            <maxpow number="0.48026088488346497"/>
            <maxpow number="0.48026088488346497"/>
            <fprob>0.0</fprob>
        </actor>
        <actor name="D0N18">
            <wcet number="0">10</wcet>
            <wcet number="1">10</wcet>
            <maxpow number="0.5657902537285641"/>
            <maxpow number="0.5657902537285641"/>
            <fprob>0.0</fprob>
        </actor>
        <actor name="D0N45">
            <wcet number="0">80</wcet>
            <wcet number="1">120</wcet>
            <maxpow number="0.7863539131677661"/>
            <maxpow number="0.7863539131677661"/>
            <fprob>0.0</fprob>
        </actor>
        <actor name="D0N16">
            <wcet number="0">10</wcet>
            <wcet number="1">10</wcet>
            <maxpow number="0.8361118435693755"/>
            <maxpow number="0.8361118435693755"/>
            <fprob>0.0</fprob>
        </actor>
        <actor name="D0N2">
            <wcet number="0">10</wcet>
            <wcet number="1">40</wcet>
            <maxpow number="0.24500144464590434"/>
            <maxpow number="0.24500144464590434"/>
            <fprob>0.0</fprob>
        </actor>
        <actor name="D0N26">
            <wcet number="0">10</wcet>
            <wcet number="1">10</wcet>
            <maxpow number="0.799148350692018"/>
            <maxpow number="0.799148350692018"/>
            <fprob>0.0</fprob>
        </actor>
        <actor name="D0N25">
            <wcet number="0">20</wcet>
            <wcet number="1">30</wcet>
            <maxpow number="0.6034779891386554"/>
            <maxpow number="0.6034779891386554"/>
            <fprob>0.0</fprob>
        </actor>
        <actor name="D0N20">
            <wcet number="0">60</wcet>
            <wcet number="1">70</wcet>
            <maxpow number="0.6828955522990544"/>
            <maxpow number="0.6828955522990544"/>
            <fprob>0.0</fprob>
        </actor>
        <actor name="D0N0">
            <wcet number="0">60</wcet>
            <wcet number="1">60</wcet>
            <maxpow number="0.7913802559595762"/>
            <maxpow number="0.7913802559595762"/>
            <fprob>0.0</fprob>
        </actor>
        <actor name="D0N14">
            <wcet number="0">60</wcet>
            <wcet number="1">160</wcet>
            <maxpow number="0.5523467488278356"/>
            <maxpow number="0.5523467488278356"/>
            <fprob>0.0</fprob>
        </actor>
        <actor name="D0N32">
            <wcet number="0">230</wcet>
            <wcet number="1">270</wcet>
            <maxpow number="0.4321657797474159"/>
            <maxpow number="0.4321657797474159"/>
            <fprob>0.0</fprob>
        </actor>
        <actor name="D0N47">
            <wcet number="0">10</wcet>
            <wcet number="1">10</wcet>
            <maxpow number="0.43985696340893804"/>
            <maxpow number="0.43985696340893804"/>
            <fprob>0.0</fprob>
        </actor>
        <actor name="D0N21">
            <wcet number="0">20</wcet>
            <wcet number="1">40</wcet>
            <maxpow number="0.5794829200147145"/>
            <maxpow number="0.5794829200147145"/>
            <fprob>0.0</fprob>
        </actor>
        <actor name="D0N44">
            <wcet number="0">40</wcet>
            <wcet number="1">230</wcet>
            <maxpow number="0.6067972478829238"/>
            <maxpow number="0.6067972478829238"/>
            <fprob>0.0</fprob>
        </actor>
        <actor name="D0N31">
            <wcet number="0">80</wcet>
            <wcet number="1">140</wcet>
            <maxpow number="0.868420412751516"/>
            <maxpow number="0.868420412751516"/>
            <fprob>0.0</fprob>
        </actor>
        <actor name="D0N15">
            <wcet number="0">30</wcet>
            <wcet number="1">90</wcet>
            <maxpow number="0.28596495895076607"/>
            <maxpow number="0.28596495895076607"/>
            <fprob>0.0</fprob>
        </actor>
        <actor name="D0N41">
            <wcet number="0">70</wcet>
            <wcet number="1">70</wcet>
            <maxpow number="0.5381986944989507"/>
            <maxpow number="0.5381986944989507"/>
            <fprob>0.0</fprob>
        </actor>
        <actor name="D0N29">
            <wcet number="0">10</wcet>
            <wcet number="1">10</wcet>
            <maxpow number="0.8841774132275951"/>
            <maxpow number="0.8841774132275951"/>
            <fprob>0.0</fprob>
        </actor>
        <actor name="D0N30">
            <wcet number="0">120</wcet>
            <wcet number="1">360</wcet>
            <maxpow number="0.9126817290339175"/>
            <maxpow number="0.9126817290339175"/>
            <fprob>0.0</fprob>
        </actor>
        <actor name="D0N10">
            <wcet number="0">30</wcet>
            <wcet number="1">50</wcet>
            <maxpow number="0.5661156435694258"/>
            <maxpow number="0.5661156435694258"/>
            <fprob>0.0</fprob>
        </actor>
        <actor name="D0N33">
            <wcet number="0">110</wcet>
            <wcet number="1">120</wcet>
            <maxpow number="0.5269408963147222"/>
            <maxpow number="0.5269408963147222"/>
            <fprob>0.0</fprob>
        </actor>
        <actor name="D0N38">
            <wcet number="0">140</wcet>
            <wcet number="1">200</wcet>
            <maxpow number="0.297447141880293"/>
            <maxpow number="0.297447141880293"/>
            <fprob>0.0</fprob>
        </actor>
        <actor name="D0N40">
            <wcet number="0">10</wcet>
            <wcet number="1">10</wcet>
            <maxpow number="0.6788243564532961"/>
            <maxpow number="0.6788243564532961"/>
            <fprob>0.0</fprob>
        </actor>
        <actor name="D0N27">
            <wcet number="0">20</wcet>
            <wcet number="1">20</wcet>
            <maxpow number="0.5144284836517989"/>
            <maxpow number="0.5144284836517989"/>
            <fprob>0.0</fprob>
        </actor>
        <actor name="D0N7">
            <wcet number="0">30</wcet>
            <wcet number="1">180</wcet>
            <maxpow number="0.5756168446965193"/>
            <maxpow number="0.5756168446965193"/>
            <fprob>0.0</fprob>
        </actor>
        <actor name="D0N9">
            <wcet number="0">10</wcet>
            <wcet number="1">50</wcet>
            <maxpow number="0.1733375708525317"/>
            <maxpow number="0.1733375708525317"/>
            <fprob>0.0</fprob>
        </actor>
        <actor name="D0N49">
            <wcet number="0">10</wcet>
            <wcet number="1">30</wcet>
            <maxpow number="0.6729257719335097"/>
            <maxpow number="0.6729257719335097"/>
            <fprob>0.0</fprob>
        </actor>
        <actor name="D0N43">
            <wcet number="0">70</wcet>
            <wcet number="1">70</wcet>
            <maxpow number="0.5755678316615972"/>
            <maxpow number="0.5755678316615972"/>
            <fprob>0.0</fprob>
        </actor>
        <actor name="D0N6">
            <wcet number="0">90</wcet>
            <wcet number="1">160</wcet>
            <maxpow number="0.7859310011200632"/>
            <maxpow number="0.7859310011200632"/>
            <fprob>0.0</fprob>
        </actor>
        <actor name="D0N39">
            <wcet number="0">140</wcet>
            <wcet number="1">140</wcet>
            <maxpow number="0.5366757559800526"/>
            <maxpow number="0.5366757559800526"/>
            <fprob>0.0</fprob>
        </actor>
        <actor name="D0N22">
            <wcet number="0">70</wcet>
            <wcet number="1">110</wcet>
            <maxpow number="0.6943615038957083"/>
            <maxpow number="0.6943615038957083"/>
            <fprob>0.0</fprob>
        </actor>
        <actor name="D0N34">
            <wcet number="0">50</wcet>
            <wcet number="1">60</wcet>
            <maxpow number="0.47613089211077464"/>
            <maxpow number="0.47613089211077464"/>
            <fprob>0.0</fprob>
        </actor>
        <actor name="D0N36">
            <wcet number="0">70</wcet>
            <wcet number="1">140</wcet>
            <maxpow number="0.41853592054616523"/>
            <maxpow number="0.41853592054616523"/>
            <fprob>0.0</fprob>
        </actor>
        <actor name="D0N5">
            <wcet number="0">120</wcet>
            <wcet number="1">140</wcet>
            <maxpow number="0.6442652253707858"/>
            <maxpow number="0.6442652253707858"/>
            <fprob>0.0</fprob>
        </actor>
        <actor name="D0N42">
            <wcet number="0">30</wcet>
            <wcet number="1">60</wcet>
            <maxpow number="0.6901941079329407"/>
            <maxpow number="0.6901941079329407"/>
            <fprob>0.0</fprob>
        </actor>
        <actor name="D0N35">
            <wcet number="0">100</wcet>
            <wcet number="1">170</wcet>
            <maxpow number="0.9573091121751096"/>
            <maxpow number="0.9573091121751096"/>
            <fprob>0.0</fprob>
        </actor>
        <actor name="D0N13">
            <wcet number="0">50</wcet>
            <wcet number="1">120</wcet>
            <maxpow number="0.7289095540928785"/>
            <maxpow number="0.7289095540928785"/>
            <fprob>0.0</fprob>
        </actor>
        <actor name="D0N23">
            <wcet number="0">20</wcet>
            <wcet number="1">40</wcet>
            <maxpow number="0.8422574172055983"/>
            <maxpow number="0.8422574172055983"/>
            <fprob>0.0</fprob>
        </actor>
        <actor name="D0N8">
            <wcet number="0">20</wcet>
            <wcet number="1">40</wcet>
            <maxpow number="0.656641442258346"/>
            <maxpow number="0.656641442258346"/>
            <fprob>0.0</fprob>
        </actor>
        <actor name="D0N28">
            <wcet number="0">30</wcet>
            <wcet number="1">50</wcet>
            <maxpow number="0.5802087967395267"/>
            <maxpow number="0.5802087967395267"/>
            <fprob>0.0</fprob>
        </actor>
        <ports>
            <port dstActor="D0N37" name="p0" srcActor="D0N4"/>
            <port dstActor="D0N40" name="p1" srcActor="D0N4"/>
            <port dstActor="D0N18" name="p2" srcActor="D0N4"/>
            <port dstActor="D0N21" name="p3" srcActor="D0N4"/>
            <port dstActor="D0N43" name="p4" srcActor="D0N17"/>
            <port dstActor="D0N22" name="p5" srcActor="D0N19"/>
            <port dstActor="D0N39" name="p6" srcActor="D0N19"/>
            <port dstActor="D0N8" name="p7" srcActor="D0N1"/>
            <port dstActor="D0N32" name="p8" srcActor="D0N1"/>
            <port dstActor="D0N15" name="p9" srcActor="D0N1"/>
            <port dstActor="D0N7" name="p10" srcActor="D0N1"/>
            <port dstActor="D0N30" name="p11" srcActor="D0N12"/>
            <port dstActor="D0N39" name="p12" srcActor="D0N12"/>
            <port dstActor="D0N19" name="p13" srcActor="D0N12"/>
            <port dstActor="D0N34" name="p14" srcActor="D0N3"/>
            <port dstActor="D0N49" name="p15" srcActor="D0N3"/>
            <port dstActor="D0N49" name="p16" srcActor="D0N37"/>
            <port dstActor="D0N30" name="p17" srcActor="D0N11"/>
            <port dstActor="D0N21" name="p18" srcActor="D0N11"/>
            <port dstActor="D0N41" name="p19" srcActor="D0N11"/>
            <port dstActor="D0N32" name="p20" srcActor="D0N18"/>
            <port dstActor="D0N38" name="p21" srcActor="D0N18"/>
            <port dstActor="D0N34" name="p22" srcActor="D0N18"/>
            <port dstActor="D0N46" name="p23" srcActor="D0N45"/>
            <port dstActor="D0N28" name="p24" srcActor="D0N16"/>
            <port dstActor="D0N27" name="p25" srcActor="D0N2"/>
            <port dstActor="D0N35" name="p26" srcActor="D0N2"/>
            <port dstActor="D0N45" name="p27" srcActor="D0N2"/>
            <port dstActor="D0N47" name="p28" srcActor="D0N2"/>
            <port dstActor="D0N13" name="p29" srcActor="D0N2"/>
            <port dstActor="D0N20" name="p30" srcActor="D0N2"/>
            <port dstActor="D0N5" name="p31" srcActor="D0N2"/>
            <port dstActor="D0N18" name="p32" srcActor="D0N2"/>
            <port dstActor="D0N48" name="p33" srcActor="D0N2"/>
            <port dstActor="D0N44" name="p34" srcActor="D0N25"/>
            <port dstActor="D0N48" name="p35" srcActor="D0N25"/>
            <port dstActor="D0N38" name="p36" srcActor="D0N25"/>
            <port dstActor="D0N46" name="p37" srcActor="D0N25"/>
            <port dstActor="D0N35" name="p38" srcActor="D0N20"/>
            <port dstActor="D0N15" name="p39" srcActor="D0N0"/>
            <port dstActor="D0N5" name="p40" srcActor="D0N0"/>
            <port dstActor="D0N33" name="p41" srcActor="D0N0"/>
            <port dstActor="D0N42" name="p42" srcActor="D0N0"/>
            <port dstActor="D0N10" name="p43" srcActor="D0N0"/>
            <port dstActor="D0N6" name="p44" srcActor="D0N0"/>
            <port dstActor="D0N46" name="p45" srcActor="D0N0"/>
            <port dstActor="D0N47" name="p46" srcActor="D0N0"/>
            <port dstActor="D0N33" name="p47" srcActor="D0N14"/>
            <port dstActor="D0N42" name="p48" srcActor="D0N32"/>
            <port dstActor="D0N35" name="p49" srcActor="D0N32"/>
            <port dstActor="D0N49" name="p50" srcActor="D0N47"/>
            <port dstActor="D0N43" name="p51" srcActor="D0N21"/>
            <port dstActor="D0N25" name="p52" srcActor="D0N21"/>
            <port dstActor="D0N38" name="p53" srcActor="D0N21"/>
            <port dstActor="D0N49" name="p54" srcActor="D0N21"/>
            <port dstActor="D0N45" name="p55" srcActor="D0N21"/>
            <port dstActor="D0N45" name="p56" srcActor="D0N44"/>
            <port dstActor="D0N34" name="p57" srcActor="D0N31"/>
            <port dstActor="D0N35" name="p58" srcActor="D0N31"/>
            <port dstActor="D0N32" name="p59" srcActor="D0N15"/>
            <port dstActor="D0N42" name="p60" srcActor="D0N15"/>
            <port dstActor="D0N46" name="p61" srcActor="D0N15"/>
            <port dstActor="D0N44" name="p62" srcActor="D0N29"/>
            <port dstActor="D0N31" name="p63" srcActor="D0N29"/>
            <port dstActor="D0N41" name="p64" srcActor="D0N29"/>
            <port dstActor="D0N33" name="p65" srcActor="D0N29"/>
            <port dstActor="D0N33" name="p66" srcActor="D0N30"/>
            <port dstActor="D0N48" name="p67" srcActor="D0N30"/>
            <port dstActor="D0N11" name="p68" srcActor="D0N10"/>
            <port dstActor="D0N28" name="p69" srcActor="D0N10"/>
            <port dstActor="D0N36" name="p70" srcActor="D0N33"/>
            <port dstActor="D0N46" name="p71" srcActor="D0N33"/>
            <port dstActor="D0N44" name="p72" srcActor="D0N40"/>
            <port dstActor="D0N41" name="p73" srcActor="D0N27"/>
            <port dstActor="D0N31" name="p74" srcActor="D0N7"/>
            <port dstActor="D0N9" name="p75" srcActor="D0N7"/>
            <port dstActor="D0N16" name="p76" srcActor="D0N7"/>
            <port dstActor="D0N30" name="p77" srcActor="D0N7"/>
            <port dstActor="D0N13" name="p78" srcActor="D0N9"/>
            <port dstActor="D0N27" name="p79" srcActor="D0N9"/>
            <port dstActor="D0N39" name="p80" srcActor="D0N9"/>
            <port dstActor="D0N21" name="p81" srcActor="D0N9"/>
            <port dstActor="D0N47" name="p82" srcActor="D0N9"/>
            <port dstActor="D0N26" name="p83" srcActor="D0N9"/>
            <port dstActor="D0N46" name="p84" srcActor="D0N9"/>
            <port dstActor="D0N39" name="p85" srcActor="D0N6"/>
            <port dstActor="D0N34" name="p86" srcActor="D0N6"/>
            <port dstActor="D0N45" name="p87" srcActor="D0N39"/>
            <port dstActor="D0N32" name="p88" srcActor="D0N22"/>
            <port dstActor="D0N26" name="p89" srcActor="D0N22"/>
            <port dstActor="D0N38" name="p90" srcActor="D0N22"/>
            <port dstActor="D0N40" name="p91" srcActor="D0N22"/>
            <port dstActor="D0N42" name="p92" srcActor="D0N34"/>
            <port dstActor="D0N43" name="p93" srcActor="D0N5"/>
            <port dstActor="D0N44" name="p94" srcActor="D0N5"/>
            <port dstActor="D0N35" name="p95" srcActor="D0N5"/>
            <port dstActor="D0N49" name="p96" srcActor="D0N5"/>
            <port dstActor="D0N15" name="p97" srcActor="D0N5"/>
            <port dstActor="D0N8" name="p98" srcActor="D0N5"/>
            <port dstActor="D0N41" name="p99" srcActor="D0N35"/>
            <port dstActor="D0N38" name="p100" srcActor="D0N13"/>
            <port dstActor="D0N42" name="p101" srcActor="D0N13"/>
            <port dstActor="D0N33" name="p102" srcActor="D0N13"/>
            <port dstActor="D0N16" name="p103" srcActor="D0N13"/>
            <port dstActor="D0N49" name="p104" srcActor="D0N23"/>
            <port dstActor="D0N47" name="p105" srcActor="D0N23"/>
            <port dstActor="D0N13" name="p106" srcActor="D0N8"/>
            <port dstActor="D0N28" name="p107" srcActor="D0N8"/>
        </ports>
    </mcdag>
    <cores number="3"/>
    <levels number="2"/>
</mcsystem>
