<?xml version="1.0" encoding="UTF-8" standalone="no"?>
<mcsystem>
    <mcdag deadline="2200" name="genned-0-ed-10.0-0">
        <actor name="D0N8">
            <wcet number="0">10</wcet>
            <wcet number="1">10</wcet>
            <maxpow number="0.4251135913362329"/>
            <maxpow number="0.4251135913362329"/>
            <fprob>0.0</fprob>
        </actor>
        <actor name="D0N0">
            <wcet number="0">100</wcet>
            <wcet number="1">100</wcet>
            <maxpow number="0.6034313707836895"/>
            <maxpow number="0.6034313707836895"/>
            <fprob>0.0</fprob>
        </actor>
        <actor name="D0N43">
            <wcet number="0">40</wcet>
            <wcet number="1">150</wcet>
            <maxpow number="0.7831293808703823"/>
            <maxpow number="0.7831293808703823"/>
            <fprob>0.0</fprob>
        </actor>
        <actor name="D0N1">
            <wcet number="0">120</wcet>
            <wcet number="1">160</wcet>
            <maxpow number="0.5061407359407232"/>
            <maxpow number="0.5061407359407232"/>
            <fprob>0.0</fprob>
        </actor>
        <actor name="D0N2">
            <wcet number="0">30</wcet>
            <wcet number="1">30</wcet>
            <maxpow number="0.4123690191812633"/>
            <maxpow number="0.4123690191812633"/>
            <fprob>0.0</fprob>
        </actor>
        <actor name="D0N41">
            <wcet number="0">30</wcet>
            <wcet number="1">40</wcet>
            <maxpow number="0.894457059953025"/>
            <maxpow number="0.894457059953025"/>
            <fprob>0.0</fprob>
        </actor>
        <actor name="D0N22">
            <wcet number="0">20</wcet>
            <wcet number="1">30</wcet>
            <maxpow number="0.44583592376394204"/>
            <maxpow number="0.44583592376394204"/>
            <fprob>0.0</fprob>
        </actor>
        <actor name="D0N7">
            <wcet number="0">10</wcet>
            <wcet number="1">140</wcet>
            <maxpow number="0.31432135934178684"/>
            <maxpow number="0.31432135934178684"/>
            <fprob>0.0</fprob>
        </actor>
        <actor name="D0N47">
            <wcet number="0">90</wcet>
            <wcet number="1">110</wcet>
            <maxpow number="0.5239952062051465"/>
            <maxpow number="0.5239952062051465"/>
            <fprob>0.0</fprob>
        </actor>
        <actor name="D0N29">
            <wcet number="0">30</wcet>
            <wcet number="1">30</wcet>
            <maxpow number="0.4678463878437418"/>
            <maxpow number="0.4678463878437418"/>
            <fprob>0.0</fprob>
        </actor>
        <actor name="D0N11">
            <wcet number="0">10</wcet>
            <wcet number="1">10</wcet>
            <maxpow number="0.6419761324974018"/>
            <maxpow number="0.6419761324974018"/>
            <fprob>0.0</fprob>
        </actor>
        <actor name="D0N4">
            <wcet number="0">30</wcet>
            <wcet number="1">30</wcet>
            <maxpow number="0.2923766558908945"/>
            <maxpow number="0.2923766558908945"/>
            <fprob>0.0</fprob>
        </actor>
        <actor name="D0N16">
            <wcet number="0">10</wcet>
            <wcet number="1">10</wcet>
            <maxpow number="0.523126296399092"/>
            <maxpow number="0.523126296399092"/>
            <fprob>0.0</fprob>
        </actor>
        <actor name="D0N12">
            <wcet number="0">110</wcet>
            <wcet number="1">120</wcet>
            <maxpow number="0.7498951828490228"/>
            <maxpow number="0.7498951828490228"/>
            <fprob>0.0</fprob>
        </actor>
        <actor name="D0N23">
            <wcet number="0">20</wcet>
            <wcet number="1">20</wcet>
            <maxpow number="0.6238294963351706"/>
            <maxpow number="0.6238294963351706"/>
            <fprob>0.0</fprob>
        </actor>
        <actor name="D0N20">
            <wcet number="0">40</wcet>
            <wcet number="1">100</wcet>
            <maxpow number="0.3925734376380472"/>
            <maxpow number="0.3925734376380472"/>
            <fprob>0.0</fprob>
        </actor>
        <actor name="D0N32">
            <wcet number="0">70</wcet>
            <wcet number="1">150</wcet>
            <maxpow number="0.846200566533508"/>
            <maxpow number="0.846200566533508"/>
            <fprob>0.0</fprob>
        </actor>
        <actor name="D0N14">
            <wcet number="0">20</wcet>
            <wcet number="1">80</wcet>
            <maxpow number="0.4777569657687706"/>
            <maxpow number="0.4777569657687706"/>
            <fprob>0.0</fprob>
        </actor>
        <actor name="D0N42">
            <wcet number="0">110</wcet>
            <wcet number="1">230</wcet>
            <maxpow number="0.7824237210543995"/>
            <maxpow number="0.7824237210543995"/>
            <fprob>0.0</fprob>
        </actor>
        <actor name="D0N36">
            <wcet number="0">10</wcet>
            <wcet number="1">210</wcet>
            <maxpow number="0.71954869594485"/>
            <maxpow number="0.71954869594485"/>
            <fprob>0.0</fprob>
        </actor>
        <actor name="D0N40">
            <wcet number="0">40</wcet>
            <wcet number="1">60</wcet>
            <maxpow number="0.8073384416152984"/>
            <maxpow number="0.8073384416152984"/>
            <fprob>0.0</fprob>
        </actor>
        <actor name="D0N44">
            <wcet number="0">130</wcet>
            <wcet number="1">250</wcet>
            <maxpow number="0.6375942251476937"/>
            <maxpow number="0.6375942251476937"/>
            <fprob>0.0</fprob>
        </actor>
        <actor name="D0N19">
            <wcet number="0">20</wcet>
            <wcet number="1">50</wcet>
            <maxpow number="0.5871288900996101"/>
            <maxpow number="0.5871288900996101"/>
            <fprob>0.0</fprob>
        </actor>
        <actor name="D0N49">
            <wcet number="0">10</wcet>
            <wcet number="1">10</wcet>
            <maxpow number="0.10164524365692773"/>
            <maxpow number="0.10164524365692773"/>
            <fprob>0.0</fprob>
        </actor>
        <actor name="D0N3">
            <wcet number="0">40</wcet>
            <wcet number="1">40</wcet>
            <maxpow number="0.5470742134451824"/>
            <maxpow number="0.5470742134451824"/>
            <fprob>0.0</fprob>
        </actor>
        <actor name="D0N28">
            <wcet number="0">70</wcet>
            <wcet number="1">170</wcet>
            <maxpow number="0.5504430448580779"/>
            <maxpow number="0.5504430448580779"/>
            <fprob>0.0</fprob>
        </actor>
        <actor name="D0N26">
            <wcet number="0">70</wcet>
            <wcet number="1">90</wcet>
            <maxpow number="0.8256850343387545"/>
            <maxpow number="0.8256850343387545"/>
            <fprob>0.0</fprob>
        </actor>
        <actor name="D0N46">
            <wcet number="0">10</wcet>
            <wcet number="1">50</wcet>
            <maxpow number="0.4999946295389568"/>
            <maxpow number="0.4999946295389568"/>
            <fprob>0.0</fprob>
        </actor>
        <actor name="D0N17">
            <wcet number="0">10</wcet>
            <wcet number="1">160</wcet>
            <maxpow number="0.7549183765450838"/>
            <maxpow number="0.7549183765450838"/>
            <fprob>0.0</fprob>
        </actor>
        <actor name="D0N31">
            <wcet number="0">40</wcet>
            <wcet number="1">390</wcet>
            <maxpow number="0.4755487982566444"/>
            <maxpow number="0.4755487982566444"/>
            <fprob>0.0</fprob>
        </actor>
        <actor name="D0N33">
            <wcet number="0">20</wcet>
            <wcet number="1">20</wcet>
            <maxpow number="0.6635249082621008"/>
            <maxpow number="0.6635249082621008"/>
            <fprob>0.0</fprob>
        </actor>
        <actor name="D0N37">
            <wcet number="0">150</wcet>
            <wcet number="1">180</wcet>
            <maxpow number="0.6937445644775136"/>
            <maxpow number="0.6937445644775136"/>
            <fprob>0.0</fprob>
        </actor>
        <actor name="D0N6">
            <wcet number="0">80</wcet>
            <wcet number="1">90</wcet>
            <maxpow number="0.5552604093071144"/>
            <maxpow number="0.5552604093071144"/>
            <fprob>0.0</fprob>
        </actor>
        <actor name="D0N45">
            <wcet number="0">10</wcet>
            <wcet number="1">30</wcet>
            <maxpow number="0.4407987667373171"/>
            <maxpow number="0.4407987667373171"/>
            <fprob>0.0</fprob>
        </actor>
        <actor name="D0N48">
            <wcet number="0">20</wcet>
            <wcet number="1">20</wcet>
            <maxpow number="0.540556143354308"/>
            <maxpow number="0.540556143354308"/>
            <fprob>0.0</fprob>
        </actor>
        <actor name="D0N34">
            <wcet number="0">10</wcet>
            <wcet number="1">10</wcet>
            <maxpow number="0.4887895001530498"/>
            <maxpow number="0.4887895001530498"/>
            <fprob>0.0</fprob>
        </actor>
        <actor name="D0N10">
            <wcet number="0">10</wcet>
            <wcet number="1">50</wcet>
            <maxpow number="0.4730566035790135"/>
            <maxpow number="0.4730566035790135"/>
            <fprob>0.0</fprob>
        </actor>
        <actor name="D0N21">
            <wcet number="0">80</wcet>
            <wcet number="1">180</wcet>
            <maxpow number="0.64380528093215"/>
            <maxpow number="0.64380528093215"/>
            <fprob>0.0</fprob>
        </actor>
        <actor name="D0N24">
            <wcet number="0">90</wcet>
            <wcet number="1">90</wcet>
            <maxpow number="0.7179019181258215"/>
            <maxpow number="0.7179019181258215"/>
            <fprob>0.0</fprob>
        </actor>
        <actor name="D0N27">
            <wcet number="0">30</wcet>
            <wcet number="1">30</wcet>
            <maxpow number="0.607866223559832"/>
            <maxpow number="0.607866223559832"/>
            <fprob>0.0</fprob>
        </actor>
        <actor name="D0N9">
            <wcet number="0">100</wcet>
            <wcet number="1">190</wcet>
            <maxpow number="0.3142310651599023"/>
            <maxpow number="0.3142310651599023"/>
            <fprob>0.0</fprob>
        </actor>
        <actor name="D0N39">
            <wcet number="0">180</wcet>
            <wcet number="1">180</wcet>
            <maxpow number="0.6822061325787163"/>
            <maxpow number="0.6822061325787163"/>
            <fprob>0.0</fprob>
        </actor>
        <actor name="D0N5">
            <wcet number="0">70</wcet>
            <wcet number="1">150</wcet>
            <maxpow number="0.4428714544836877"/>
            <maxpow number="0.4428714544836877"/>
            <fprob>0.0</fprob>
        </actor>
        <actor name="D0N13">
            <wcet number="0">140</wcet>
            <wcet number="1">140</wcet>
            <maxpow number="0.3146015635751741"/>
            <maxpow number="0.3146015635751741"/>
            <fprob>0.0</fprob>
        </actor>
        <actor name="D0N18">
            <wcet number="0">10</wcet>
            <wcet number="1">40</wcet>
            <maxpow number="0.43530724130909454"/>
            <maxpow number="0.43530724130909454"/>
            <fprob>0.0</fprob>
        </actor>
        <actor name="D0N38">
            <wcet number="0">210</wcet>
            <wcet number="1">400</wcet>
            <maxpow number="0.2627093516651662"/>
            <maxpow number="0.2627093516651662"/>
            <fprob>0.0</fprob>
        </actor>
        <actor name="D0N25">
            <wcet number="0">60</wcet>
            <wcet number="1">60</wcet>
            <maxpow number="0.6691836203946748"/>
            <maxpow number="0.6691836203946748"/>
            <fprob>0.0</fprob>
        </actor>
        <actor name="D0N30">
            <wcet number="0">30</wcet>
            <wcet number="1">90</wcet>
            <maxpow number="0.5425619792691024"/>
            <maxpow number="0.5425619792691024"/>
            <fprob>0.0</fprob>
        </actor>
        <actor name="D0N15">
            <wcet number="0">40</wcet>
            <wcet number="1">160</wcet>
            <maxpow number="0.699329940236831"/>
            <maxpow number="0.699329940236831"/>
            <fprob>0.0</fprob>
        </actor>
        <actor name="D0N35">
            <wcet number="0">60</wcet>
            <wcet number="1">140</wcet>
            <maxpow number="0.36318304077398506"/>
            <maxpow number="0.36318304077398506"/>
            <fprob>0.0</fprob>
        </actor>
        <ports>
            <port dstActor="D0N17" name="p0" srcActor="D0N8"/>
            <port dstActor="D0N33" name="p1" srcActor="D0N8"/>
            <port dstActor="D0N11" name="p2" srcActor="D0N8"/>
            <port dstActor="D0N47" name="p3" srcActor="D0N8"/>
            <port dstActor="D0N21" name="p4" srcActor="D0N8"/>
            <port dstActor="D0N23" name="p5" srcActor="D0N0"/>
            <port dstActor="D0N25" name="p6" srcActor="D0N0"/>
            <port dstActor="D0N34" name="p7" srcActor="D0N0"/>
            <port dstActor="D0N34" name="p8" srcActor="D0N1"/>
            <port dstActor="D0N23" name="p9" srcActor="D0N1"/>
            <port dstActor="D0N45" name="p10" srcActor="D0N1"/>
            <port dstActor="D0N32" name="p11" srcActor="D0N1"/>
            <port dstActor="D0N2" name="p12" srcActor="D0N1"/>
            <port dstActor="D0N33" name="p13" srcActor="D0N2"/>
            <port dstActor="D0N19" name="p14" srcActor="D0N2"/>
            <port dstActor="D0N43" name="p15" srcActor="D0N2"/>
            <port dstActor="D0N14" name="p16" srcActor="D0N2"/>
            <port dstActor="D0N17" name="p17" srcActor="D0N2"/>
            <port dstActor="D0N22" name="p18" srcActor="D0N2"/>
            <port dstActor="D0N7" name="p19" srcActor="D0N2"/>
            <port dstActor="D0N9" name="p20" srcActor="D0N2"/>
            <port dstActor="D0N38" name="p21" srcActor="D0N22"/>
            <port dstActor="D0N30" name="p22" srcActor="D0N22"/>
            <port dstActor="D0N32" name="p23" srcActor="D0N22"/>
            <port dstActor="D0N35" name="p24" srcActor="D0N22"/>
            <port dstActor="D0N44" name="p25" srcActor="D0N22"/>
            <port dstActor="D0N41" name="p26" srcActor="D0N7"/>
            <port dstActor="D0N48" name="p27" srcActor="D0N47"/>
            <port dstActor="D0N41" name="p28" srcActor="D0N29"/>
            <port dstActor="D0N35" name="p29" srcActor="D0N11"/>
            <port dstActor="D0N29" name="p30" srcActor="D0N11"/>
            <port dstActor="D0N5" name="p31" srcActor="D0N4"/>
            <port dstActor="D0N41" name="p32" srcActor="D0N4"/>
            <port dstActor="D0N37" name="p33" srcActor="D0N4"/>
            <port dstActor="D0N8" name="p34" srcActor="D0N4"/>
            <port dstActor="D0N46" name="p35" srcActor="D0N16"/>
            <port dstActor="D0N24" name="p36" srcActor="D0N12"/>
            <port dstActor="D0N46" name="p37" srcActor="D0N12"/>
            <port dstActor="D0N49" name="p38" srcActor="D0N12"/>
            <port dstActor="D0N44" name="p39" srcActor="D0N12"/>
            <port dstActor="D0N32" name="p40" srcActor="D0N23"/>
            <port dstActor="D0N28" name="p41" srcActor="D0N23"/>
            <port dstActor="D0N39" name="p42" srcActor="D0N23"/>
            <port dstActor="D0N40" name="p43" srcActor="D0N20"/>
            <port dstActor="D0N36" name="p44" srcActor="D0N20"/>
            <port dstActor="D0N46" name="p45" srcActor="D0N32"/>
            <port dstActor="D0N47" name="p46" srcActor="D0N14"/>
            <port dstActor="D0N46" name="p47" srcActor="D0N44"/>
            <port dstActor="D0N35" name="p48" srcActor="D0N19"/>
            <port dstActor="D0N27" name="p49" srcActor="D0N19"/>
            <port dstActor="D0N41" name="p50" srcActor="D0N19"/>
            <port dstActor="D0N13" name="p51" srcActor="D0N3"/>
            <port dstActor="D0N28" name="p52" srcActor="D0N3"/>
            <port dstActor="D0N26" name="p53" srcActor="D0N3"/>
            <port dstActor="D0N20" name="p54" srcActor="D0N3"/>
            <port dstActor="D0N29" name="p55" srcActor="D0N3"/>
            <port dstActor="D0N45" name="p56" srcActor="D0N3"/>
            <port dstActor="D0N27" name="p57" srcActor="D0N3"/>
            <port dstActor="D0N41" name="p58" srcActor="D0N26"/>
            <port dstActor="D0N27" name="p59" srcActor="D0N26"/>
            <port dstActor="D0N30" name="p60" srcActor="D0N26"/>
            <port dstActor="D0N29" name="p61" srcActor="D0N17"/>
            <port dstActor="D0N20" name="p62" srcActor="D0N17"/>
            <port dstActor="D0N35" name="p63" srcActor="D0N17"/>
            <port dstActor="D0N39" name="p64" srcActor="D0N33"/>
            <port dstActor="D0N43" name="p65" srcActor="D0N33"/>
            <port dstActor="D0N41" name="p66" srcActor="D0N37"/>
            <port dstActor="D0N36" name="p67" srcActor="D0N6"/>
            <port dstActor="D0N49" name="p68" srcActor="D0N6"/>
            <port dstActor="D0N18" name="p69" srcActor="D0N6"/>
            <port dstActor="D0N28" name="p70" srcActor="D0N6"/>
            <port dstActor="D0N26" name="p71" srcActor="D0N6"/>
            <port dstActor="D0N34" name="p72" srcActor="D0N6"/>
            <port dstActor="D0N39" name="p73" srcActor="D0N6"/>
            <port dstActor="D0N42" name="p74" srcActor="D0N34"/>
            <port dstActor="D0N43" name="p75" srcActor="D0N10"/>
            <port dstActor="D0N17" name="p76" srcActor="D0N10"/>
            <port dstActor="D0N27" name="p77" srcActor="D0N10"/>
            <port dstActor="D0N45" name="p78" srcActor="D0N10"/>
            <port dstActor="D0N34" name="p79" srcActor="D0N10"/>
            <port dstActor="D0N37" name="p80" srcActor="D0N21"/>
            <port dstActor="D0N42" name="p81" srcActor="D0N21"/>
            <port dstActor="D0N48" name="p82" srcActor="D0N21"/>
            <port dstActor="D0N35" name="p83" srcActor="D0N21"/>
            <port dstActor="D0N47" name="p84" srcActor="D0N21"/>
            <port dstActor="D0N30" name="p85" srcActor="D0N24"/>
            <port dstActor="D0N47" name="p86" srcActor="D0N27"/>
            <port dstActor="D0N46" name="p87" srcActor="D0N9"/>
            <port dstActor="D0N45" name="p88" srcActor="D0N5"/>
            <port dstActor="D0N11" name="p89" srcActor="D0N5"/>
            <port dstActor="D0N13" name="p90" srcActor="D0N5"/>
            <port dstActor="D0N24" name="p91" srcActor="D0N13"/>
            <port dstActor="D0N27" name="p92" srcActor="D0N13"/>
            <port dstActor="D0N46" name="p93" srcActor="D0N18"/>
            <port dstActor="D0N36" name="p94" srcActor="D0N18"/>
            <port dstActor="D0N35" name="p95" srcActor="D0N18"/>
            <port dstActor="D0N49" name="p96" srcActor="D0N18"/>
            <port dstActor="D0N44" name="p97" srcActor="D0N38"/>
            <port dstActor="D0N45" name="p98" srcActor="D0N38"/>
            <port dstActor="D0N43" name="p99" srcActor="D0N25"/>
            <port dstActor="D0N37" name="p100" srcActor="D0N25"/>
            <port dstActor="D0N32" name="p101" srcActor="D0N30"/>
            <port dstActor="D0N31" name="p102" srcActor="D0N30"/>
            <port dstActor="D0N39" name="p103" srcActor="D0N15"/>
            <port dstActor="D0N44" name="p104" srcActor="D0N15"/>
            <port dstActor="D0N18" name="p105" srcActor="D0N15"/>
            <port dstActor="D0N35" name="p106" srcActor="D0N15"/>
            <port dstActor="D0N40" name="p107" srcActor="D0N15"/>
            <port dstActor="D0N45" name="p108" srcActor="D0N35"/>
        </ports>
    </mcdag>
    <cores number="3"/>
    <levels number="2"/>
</mcsystem>
