<?xml version="1.0" encoding="UTF-8" standalone="no"?>
<mcsystem>
    <mcdag deadline="2500" name="genned-0-ed-10.0-0">
        <actor name="D0N29">
            <wcet number="0">30</wcet>
            <wcet number="1">310</wcet>
            <maxpow number="0.4508200430788462"/>
            <maxpow number="0.4508200430788462"/>
            <fprob>0.0</fprob>
        </actor>
        <actor name="D0N4">
            <wcet number="0">20</wcet>
            <wcet number="1">40</wcet>
            <maxpow number="0.5765534654235746"/>
            <maxpow number="0.5765534654235746"/>
            <fprob>0.0</fprob>
        </actor>
        <actor name="D0N9">
            <wcet number="0">10</wcet>
            <wcet number="1">150</wcet>
            <maxpow number="0.6810635546977941"/>
            <maxpow number="0.6810635546977941"/>
            <fprob>0.0</fprob>
        </actor>
        <actor name="D0N37">
            <wcet number="0">170</wcet>
            <wcet number="1">240</wcet>
            <maxpow number="0.38670406090798515"/>
            <maxpow number="0.38670406090798515"/>
            <fprob>0.0</fprob>
        </actor>
        <actor name="D0N19">
            <wcet number="0">10</wcet>
            <wcet number="1">10</wcet>
            <maxpow number="0.6171651438012962"/>
            <maxpow number="0.6171651438012962"/>
            <fprob>0.0</fprob>
        </actor>
        <actor name="D0N31">
            <wcet number="0">70</wcet>
            <wcet number="1">80</wcet>
            <maxpow number="0.5401047743999499"/>
            <maxpow number="0.5401047743999499"/>
            <fprob>0.0</fprob>
        </actor>
        <actor name="D0N16">
            <wcet number="0">130</wcet>
            <wcet number="1">170</wcet>
            <maxpow number="0.30327529968546046"/>
            <maxpow number="0.30327529968546046"/>
            <fprob>0.0</fprob>
        </actor>
        <actor name="D0N2">
            <wcet number="0">140</wcet>
            <wcet number="1">180</wcet>
            <maxpow number="0.3979038311401913"/>
            <maxpow number="0.3979038311401913"/>
            <fprob>0.0</fprob>
        </actor>
        <actor name="D0N7">
            <wcet number="0">10</wcet>
            <wcet number="1">40</wcet>
            <maxpow number="0.7104549471086828"/>
            <maxpow number="0.7104549471086828"/>
            <fprob>0.0</fprob>
        </actor>
        <actor name="D0N24">
            <wcet number="0">70</wcet>
            <wcet number="1">120</wcet>
            <maxpow number="0.5599690706059701"/>
            <maxpow number="0.5599690706059701"/>
            <fprob>0.0</fprob>
        </actor>
        <actor name="D0N35">
            <wcet number="0">30</wcet>
            <wcet number="1">40</wcet>
            <maxpow number="0.4911883579234785"/>
            <maxpow number="0.4911883579234785"/>
            <fprob>0.0</fprob>
        </actor>
        <actor name="D0N45">
            <wcet number="0">20</wcet>
            <wcet number="1">30</wcet>
            <maxpow number="0.8921946348699508"/>
            <maxpow number="0.8921946348699508"/>
            <fprob>0.0</fprob>
        </actor>
        <actor name="D0N14">
            <wcet number="0">20</wcet>
            <wcet number="1">30</wcet>
            <maxpow number="0.3389311904975806"/>
            <maxpow number="0.3389311904975806"/>
            <fprob>0.0</fprob>
        </actor>
        <actor name="D0N13">
            <wcet number="0">50</wcet>
            <wcet number="1">50</wcet>
            <maxpow number="0.822648722874481"/>
            <maxpow number="0.822648722874481"/>
            <fprob>0.0</fprob>
        </actor>
        <actor name="D0N15">
            <wcet number="0">50</wcet>
            <wcet number="1">100</wcet>
            <maxpow number="0.634652311613476"/>
            <maxpow number="0.634652311613476"/>
            <fprob>0.0</fprob>
        </actor>
        <actor name="D0N23">
            <wcet number="0">10</wcet>
            <wcet number="1">20</wcet>
            <maxpow number="0.6646932154141031"/>
            <maxpow number="0.6646932154141031"/>
            <fprob>0.0</fprob>
        </actor>
        <actor name="D0N25">
            <wcet number="0">100</wcet>
            <wcet number="1">180</wcet>
            <maxpow number="0.7324969835197301"/>
            <maxpow number="0.7324969835197301"/>
            <fprob>0.0</fprob>
        </actor>
        <actor name="D0N20">
            <wcet number="0">110</wcet>
            <wcet number="1">350</wcet>
            <maxpow number="0.4053666604069965"/>
            <maxpow number="0.4053666604069965"/>
            <fprob>0.0</fprob>
        </actor>
        <actor name="D0N6">
            <wcet number="0">80</wcet>
            <wcet number="1">130</wcet>
            <maxpow number="0.6627085519491567"/>
            <maxpow number="0.6627085519491567"/>
            <fprob>0.0</fprob>
        </actor>
        <actor name="D0N46">
            <wcet number="0">10</wcet>
            <wcet number="1">10</wcet>
            <maxpow number="0.6351582195545084"/>
            <maxpow number="0.6351582195545084"/>
            <fprob>0.0</fprob>
        </actor>
        <actor name="D0N22">
            <wcet number="0">10</wcet>
            <wcet number="1">10</wcet>
            <maxpow number="0.5499645182375499"/>
            <maxpow number="0.5499645182375499"/>
            <fprob>0.0</fprob>
        </actor>
        <actor name="D0N36">
            <wcet number="0">30</wcet>
            <wcet number="1">50</wcet>
            <maxpow number="0.8020810137225678"/>
            <maxpow number="0.8020810137225678"/>
            <fprob>0.0</fprob>
        </actor>
        <actor name="D0N1">
            <wcet number="0">90</wcet>
            <wcet number="1">110</wcet>
            <maxpow number="0.619042546314247"/>
            <maxpow number="0.619042546314247"/>
            <fprob>0.0</fprob>
        </actor>
        <actor name="D0N21">
            <wcet number="0">60</wcet>
            <wcet number="1">190</wcet>
            <maxpow number="0.7297315888587779"/>
            <maxpow number="0.7297315888587779"/>
            <fprob>0.0</fprob>
        </actor>
        <actor name="D0N28">
            <wcet number="0">70</wcet>
            <wcet number="1">80</wcet>
            <maxpow number="0.8334822440327152"/>
            <maxpow number="0.8334822440327152"/>
            <fprob>0.0</fprob>
        </actor>
        <actor name="D0N17">
            <wcet number="0">140</wcet>
            <wcet number="1">240</wcet>
            <maxpow number="0.40989310050938826"/>
            <maxpow number="0.40989310050938826"/>
            <fprob>0.0</fprob>
        </actor>
        <actor name="D0N44">
            <wcet number="0">20</wcet>
            <wcet number="1">40</wcet>
            <maxpow number="0.4044142919313259"/>
            <maxpow number="0.4044142919313259"/>
            <fprob>0.0</fprob>
        </actor>
        <actor name="D0N0">
            <wcet number="0">120</wcet>
            <wcet number="1">220</wcet>
            <maxpow number="0.8226505895957125"/>
            <maxpow number="0.8226505895957125"/>
            <fprob>0.0</fprob>
        </actor>
        <actor name="D0N12">
            <wcet number="0">160</wcet>
            <wcet number="1">200</wcet>
            <maxpow number="0.6792784831456088"/>
            <maxpow number="0.6792784831456088"/>
            <fprob>0.0</fprob>
        </actor>
        <actor name="D0N27">
            <wcet number="0">10</wcet>
            <wcet number="1">20</wcet>
            <maxpow number="0.22078618662692195"/>
            <maxpow number="0.22078618662692195"/>
            <fprob>0.0</fprob>
        </actor>
        <actor name="D0N11">
            <wcet number="0">480</wcet>
            <wcet number="1">540</wcet>
            <maxpow number="0.7601859797309019"/>
            <maxpow number="0.7601859797309019"/>
            <fprob>0.0</fprob>
        </actor>
        <actor name="D0N33">
            <wcet number="0">20</wcet>
            <wcet number="1">90</wcet>
            <maxpow number="0.6419671319024679"/>
            <maxpow number="0.6419671319024679"/>
            <fprob>0.0</fprob>
        </actor>
        <actor name="D0N38">
            <wcet number="0">30</wcet>
            <wcet number="1">70</wcet>
            <maxpow number="0.6120490171344508"/>
            <maxpow number="0.6120490171344508"/>
            <fprob>0.0</fprob>
        </actor>
        <actor name="D0N30">
            <wcet number="0">10</wcet>
            <wcet number="1">40</wcet>
            <maxpow number="0.46003704058326056"/>
            <maxpow number="0.46003704058326056"/>
            <fprob>0.0</fprob>
        </actor>
        <actor name="D0N40">
            <wcet number="0">40</wcet>
            <wcet number="1">150</wcet>
            <maxpow number="0.41647508573335185"/>
            <maxpow number="0.41647508573335185"/>
            <fprob>0.0</fprob>
        </actor>
        <actor name="D0N43">
            <wcet number="0">100</wcet>
            <wcet number="1">120</wcet>
            <maxpow number="0.4850285427040571"/>
            <maxpow number="0.4850285427040571"/>
            <fprob>0.0</fprob>
        </actor>
        <actor name="D0N18">
            <wcet number="0">20</wcet>
            <wcet number="1">20</wcet>
            <maxpow number="0.631989408676858"/>
            <maxpow number="0.631989408676858"/>
            <fprob>0.0</fprob>
        </actor>
        <actor name="D0N34">
            <wcet number="0">100</wcet>
            <wcet number="1">370</wcet>
            <maxpow number="0.7059545582165094"/>
            <maxpow number="0.7059545582165094"/>
            <fprob>0.0</fprob>
        </actor>
        <actor name="D0N32">
            <wcet number="0">30</wcet>
            <wcet number="1">230</wcet>
            <maxpow number="0.7278003446070831"/>
            <maxpow number="0.7278003446070831"/>
            <fprob>0.0</fprob>
        </actor>
        <actor name="D0N26">
            <wcet number="0">30</wcet>
            <wcet number="1">40</wcet>
            <maxpow number="0.6018617934287269"/>
            <maxpow number="0.6018617934287269"/>
            <fprob>0.0</fprob>
        </actor>
        <actor name="D0N10">
            <wcet number="0">100</wcet>
            <wcet number="1">150</wcet>
            <maxpow number="0.4955773612891041"/>
            <maxpow number="0.4955773612891041"/>
            <fprob>0.0</fprob>
        </actor>
        <actor name="D0N42">
            <wcet number="0">10</wcet>
            <wcet number="1">20</wcet>
            <maxpow number="0.5378529865683443"/>
            <maxpow number="0.5378529865683443"/>
            <fprob>0.0</fprob>
        </actor>
        <actor name="D0N5">
            <wcet number="0">50</wcet>
            <wcet number="1">120</wcet>
            <maxpow number="0.7591728479445885"/>
            <maxpow number="0.7591728479445885"/>
            <fprob>0.0</fprob>
        </actor>
        <actor name="D0N8">
            <wcet number="0">30</wcet>
            <wcet number="1">50</wcet>
            <maxpow number="0.44947749849171265"/>
            <maxpow number="0.44947749849171265"/>
            <fprob>0.0</fprob>
        </actor>
        <actor name="D0N39">
            <wcet number="0">40</wcet>
            <wcet number="1">190</wcet>
            <maxpow number="0.7790802244639508"/>
            <maxpow number="0.7790802244639508"/>
            <fprob>0.0</fprob>
        </actor>
        <actor name="D0N41">
            <wcet number="0">90</wcet>
            <wcet number="1">100</wcet>
            <maxpow number="0.7705555930994076"/>
            <maxpow number="0.7705555930994076"/>
            <fprob>0.0</fprob>
        </actor>
        <actor name="D0N3">
            <wcet number="0">10</wcet>
            <wcet number="1">10</wcet>
            <maxpow number="0.7750214822269381"/>
            <maxpow number="0.7750214822269381"/>
            <fprob>0.0</fprob>
        </actor>
        <ports>
            <port dstActor="D0N19" name="p0" srcActor="D0N4"/>
            <port dstActor="D0N31" name="p1" srcActor="D0N4"/>
            <port dstActor="D0N43" name="p2" srcActor="D0N4"/>
            <port dstActor="D0N27" name="p3" srcActor="D0N4"/>
            <port dstActor="D0N17" name="p4" srcActor="D0N9"/>
            <port dstActor="D0N20" name="p5" srcActor="D0N9"/>
            <port dstActor="D0N38" name="p6" srcActor="D0N9"/>
            <port dstActor="D0N32" name="p7" srcActor="D0N19"/>
            <port dstActor="D0N27" name="p8" srcActor="D0N19"/>
            <port dstActor="D0N34" name="p9" srcActor="D0N19"/>
            <port dstActor="D0N37" name="p10" srcActor="D0N16"/>
            <port dstActor="D0N23" name="p11" srcActor="D0N16"/>
            <port dstActor="D0N33" name="p12" srcActor="D0N16"/>
            <port dstActor="D0N35" name="p13" srcActor="D0N16"/>
            <port dstActor="D0N20" name="p14" srcActor="D0N2"/>
            <port dstActor="D0N39" name="p15" srcActor="D0N2"/>
            <port dstActor="D0N9" name="p16" srcActor="D0N2"/>
            <port dstActor="D0N38" name="p17" srcActor="D0N7"/>
            <port dstActor="D0N43" name="p18" srcActor="D0N7"/>
            <port dstActor="D0N40" name="p19" srcActor="D0N7"/>
            <port dstActor="D0N25" name="p20" srcActor="D0N24"/>
            <port dstActor="D0N31" name="p21" srcActor="D0N24"/>
            <port dstActor="D0N42" name="p22" srcActor="D0N24"/>
            <port dstActor="D0N35" name="p23" srcActor="D0N24"/>
            <port dstActor="D0N28" name="p24" srcActor="D0N14"/>
            <port dstActor="D0N39" name="p25" srcActor="D0N14"/>
            <port dstActor="D0N16" name="p26" srcActor="D0N14"/>
            <port dstActor="D0N35" name="p27" srcActor="D0N14"/>
            <port dstActor="D0N29" name="p28" srcActor="D0N13"/>
            <port dstActor="D0N37" name="p29" srcActor="D0N13"/>
            <port dstActor="D0N15" name="p30" srcActor="D0N13"/>
            <port dstActor="D0N31" name="p31" srcActor="D0N13"/>
            <port dstActor="D0N16" name="p32" srcActor="D0N15"/>
            <port dstActor="D0N28" name="p33" srcActor="D0N15"/>
            <port dstActor="D0N45" name="p34" srcActor="D0N15"/>
            <port dstActor="D0N26" name="p35" srcActor="D0N15"/>
            <port dstActor="D0N29" name="p36" srcActor="D0N23"/>
            <port dstActor="D0N26" name="p37" srcActor="D0N25"/>
            <port dstActor="D0N36" name="p38" srcActor="D0N25"/>
            <port dstActor="D0N44" name="p39" srcActor="D0N25"/>
            <port dstActor="D0N27" name="p40" srcActor="D0N6"/>
            <port dstActor="D0N33" name="p41" srcActor="D0N6"/>
            <port dstActor="D0N21" name="p42" srcActor="D0N6"/>
            <port dstActor="D0N29" name="p43" srcActor="D0N6"/>
            <port dstActor="D0N38" name="p44" srcActor="D0N22"/>
            <port dstActor="D0N42" name="p45" srcActor="D0N22"/>
            <port dstActor="D0N39" name="p46" srcActor="D0N36"/>
            <port dstActor="D0N38" name="p47" srcActor="D0N36"/>
            <port dstActor="D0N23" name="p48" srcActor="D0N1"/>
            <port dstActor="D0N10" name="p49" srcActor="D0N1"/>
            <port dstActor="D0N26" name="p50" srcActor="D0N1"/>
            <port dstActor="D0N4" name="p51" srcActor="D0N1"/>
            <port dstActor="D0N36" name="p52" srcActor="D0N1"/>
            <port dstActor="D0N16" name="p53" srcActor="D0N1"/>
            <port dstActor="D0N7" name="p54" srcActor="D0N1"/>
            <port dstActor="D0N34" name="p55" srcActor="D0N21"/>
            <port dstActor="D0N38" name="p56" srcActor="D0N21"/>
            <port dstActor="D0N38" name="p57" srcActor="D0N28"/>
            <port dstActor="D0N44" name="p58" srcActor="D0N28"/>
            <port dstActor="D0N34" name="p59" srcActor="D0N28"/>
            <port dstActor="D0N35" name="p60" srcActor="D0N28"/>
            <port dstActor="D0N38" name="p61" srcActor="D0N17"/>
            <port dstActor="D0N19" name="p62" srcActor="D0N17"/>
            <port dstActor="D0N31" name="p63" srcActor="D0N0"/>
            <port dstActor="D0N35" name="p64" srcActor="D0N0"/>
            <port dstActor="D0N20" name="p65" srcActor="D0N0"/>
            <port dstActor="D0N34" name="p66" srcActor="D0N0"/>
            <port dstActor="D0N8" name="p67" srcActor="D0N0"/>
            <port dstActor="D0N18" name="p68" srcActor="D0N0"/>
            <port dstActor="D0N1" name="p69" srcActor="D0N0"/>
            <port dstActor="D0N44" name="p70" srcActor="D0N12"/>
            <port dstActor="D0N13" name="p71" srcActor="D0N12"/>
            <port dstActor="D0N37" name="p72" srcActor="D0N12"/>
            <port dstActor="D0N21" name="p73" srcActor="D0N12"/>
            <port dstActor="D0N24" name="p74" srcActor="D0N12"/>
            <port dstActor="D0N28" name="p75" srcActor="D0N27"/>
            <port dstActor="D0N46" name="p76" srcActor="D0N27"/>
            <port dstActor="D0N36" name="p77" srcActor="D0N27"/>
            <port dstActor="D0N17" name="p78" srcActor="D0N11"/>
            <port dstActor="D0N35" name="p79" srcActor="D0N11"/>
            <port dstActor="D0N20" name="p80" srcActor="D0N11"/>
            <port dstActor="D0N42" name="p81" srcActor="D0N11"/>
            <port dstActor="D0N37" name="p82" srcActor="D0N30"/>
            <port dstActor="D0N45" name="p83" srcActor="D0N30"/>
            <port dstActor="D0N29" name="p84" srcActor="D0N18"/>
            <port dstActor="D0N37" name="p85" srcActor="D0N34"/>
            <port dstActor="D0N41" name="p86" srcActor="D0N34"/>
            <port dstActor="D0N28" name="p87" srcActor="D0N26"/>
            <port dstActor="D0N29" name="p88" srcActor="D0N10"/>
            <port dstActor="D0N28" name="p89" srcActor="D0N10"/>
            <port dstActor="D0N12" name="p90" srcActor="D0N10"/>
            <port dstActor="D0N33" name="p91" srcActor="D0N10"/>
            <port dstActor="D0N46" name="p92" srcActor="D0N5"/>
            <port dstActor="D0N29" name="p93" srcActor="D0N5"/>
            <port dstActor="D0N38" name="p94" srcActor="D0N5"/>
            <port dstActor="D0N21" name="p95" srcActor="D0N5"/>
            <port dstActor="D0N24" name="p96" srcActor="D0N5"/>
            <port dstActor="D0N36" name="p97" srcActor="D0N5"/>
            <port dstActor="D0N13" name="p98" srcActor="D0N5"/>
            <port dstActor="D0N34" name="p99" srcActor="D0N8"/>
            <port dstActor="D0N26" name="p100" srcActor="D0N8"/>
            <port dstActor="D0N43" name="p101" srcActor="D0N39"/>
            <port dstActor="D0N44" name="p102" srcActor="D0N39"/>
            <port dstActor="D0N29" name="p103" srcActor="D0N3"/>
            <port dstActor="D0N5" name="p104" srcActor="D0N3"/>
            <port dstActor="D0N14" name="p105" srcActor="D0N3"/>
            <port dstActor="D0N15" name="p106" srcActor="D0N3"/>
            <port dstActor="D0N7" name="p107" srcActor="D0N3"/>
            <port dstActor="D0N43" name="p108" srcActor="D0N3"/>
        </ports>
    </mcdag>
    <cores number="3"/>
    <levels number="2"/>
</mcsystem>
