<?xml version="1.0" encoding="UTF-8" standalone="no"?>
<mcsystem>
    <mcdag deadline="1500" name="genned-0-ed-10.0-0">
        <actor name="D0N38">
            <wcet number="0">10</wcet>
            <wcet number="1">10</wcet>
            <maxpow number="0.616983260782112"/>
            <maxpow number="0.616983260782112"/>
            <fprob>0.0</fprob>
        </actor>
        <actor name="D0N15">
            <wcet number="0">50</wcet>
            <wcet number="1">130</wcet>
            <maxpow number="0.1101116098599143"/>
            <maxpow number="0.1101116098599143"/>
            <fprob>0.0</fprob>
        </actor>
        <actor name="D0N12">
            <wcet number="0">170</wcet>
            <wcet number="1">400</wcet>
            <maxpow number="0.49537689940771495"/>
            <maxpow number="0.49537689940771495"/>
            <fprob>0.0</fprob>
        </actor>
        <actor name="D0N42">
            <wcet number="0">180</wcet>
            <wcet number="1">220</wcet>
            <maxpow number="0.5352214752072184"/>
            <maxpow number="0.5352214752072184"/>
            <fprob>0.0</fprob>
        </actor>
        <actor name="D0N1">
            <wcet number="0">20</wcet>
            <wcet number="1">200</wcet>
            <maxpow number="0.7343189471385754"/>
            <maxpow number="0.7343189471385754"/>
            <fprob>0.0</fprob>
        </actor>
        <actor name="D0N27">
            <wcet number="0">30</wcet>
            <wcet number="1">200</wcet>
            <maxpow number="0.3471436247501598"/>
            <maxpow number="0.3471436247501598"/>
            <fprob>0.0</fprob>
        </actor>
        <actor name="D0N26">
            <wcet number="0">80</wcet>
            <wcet number="1">90</wcet>
            <maxpow number="0.1591250415576526"/>
            <maxpow number="0.1591250415576526"/>
            <fprob>0.0</fprob>
        </actor>
        <actor name="D0N9">
            <wcet number="0">10</wcet>
            <wcet number="1">10</wcet>
            <maxpow number="0.5645943001620428"/>
            <maxpow number="0.5645943001620428"/>
            <fprob>0.0</fprob>
        </actor>
        <actor name="D0N10">
            <wcet number="0">10</wcet>
            <wcet number="1">90</wcet>
            <maxpow number="0.9024738125578867"/>
            <maxpow number="0.9024738125578867"/>
            <fprob>0.0</fprob>
        </actor>
        <actor name="D0N17">
            <wcet number="0">70</wcet>
            <wcet number="1">130</wcet>
            <maxpow number="0.7749822014502188"/>
            <maxpow number="0.7749822014502188"/>
            <fprob>0.0</fprob>
        </actor>
        <actor name="D0N44">
            <wcet number="0">60</wcet>
            <wcet number="1">90</wcet>
            <maxpow number="0.36191931074860895"/>
            <maxpow number="0.36191931074860895"/>
            <fprob>0.0</fprob>
        </actor>
        <actor name="D0N5">
            <wcet number="0">20</wcet>
            <wcet number="1">20</wcet>
            <maxpow number="0.4321801023600068"/>
            <maxpow number="0.4321801023600068"/>
            <fprob>0.0</fprob>
        </actor>
        <actor name="D0N8">
            <wcet number="0">10</wcet>
            <wcet number="1">20</wcet>
            <maxpow number="0.6475743988302503"/>
            <maxpow number="0.6475743988302503"/>
            <fprob>0.0</fprob>
        </actor>
        <actor name="D0N22">
            <wcet number="0">30</wcet>
            <wcet number="1">130</wcet>
            <maxpow number="0.6690465300603555"/>
            <maxpow number="0.6690465300603555"/>
            <fprob>0.0</fprob>
        </actor>
        <actor name="D0N43">
            <wcet number="0">20</wcet>
            <wcet number="1">30</wcet>
            <maxpow number="0.13868537255296232"/>
            <maxpow number="0.13868537255296232"/>
            <fprob>0.0</fprob>
        </actor>
        <actor name="D0N28">
            <wcet number="0">10</wcet>
            <wcet number="1">20</wcet>
            <maxpow number="0.6573370069614538"/>
            <maxpow number="0.6573370069614538"/>
            <fprob>0.0</fprob>
        </actor>
        <actor name="D0N19">
            <wcet number="0">10</wcet>
            <wcet number="1">10</wcet>
            <maxpow number="0.6918231060512461"/>
            <maxpow number="0.6918231060512461"/>
            <fprob>0.0</fprob>
        </actor>
        <actor name="D0N35">
            <wcet number="0">20</wcet>
            <wcet number="1">110</wcet>
            <maxpow number="0.5653619834417806"/>
            <maxpow number="0.5653619834417806"/>
            <fprob>0.0</fprob>
        </actor>
        <actor name="D0N2">
            <wcet number="0">50</wcet>
            <wcet number="1">70</wcet>
            <maxpow number="0.7794899743019746"/>
            <maxpow number="0.7794899743019746"/>
            <fprob>0.0</fprob>
        </actor>
        <actor name="D0N0">
            <wcet number="0">100</wcet>
            <wcet number="1">120</wcet>
            <maxpow number="0.7369734876470673"/>
            <maxpow number="0.7369734876470673"/>
            <fprob>0.0</fprob>
        </actor>
        <actor name="D0N4">
            <wcet number="0">90</wcet>
            <wcet number="1">110</wcet>
            <maxpow number="0.7509328220705799"/>
            <maxpow number="0.7509328220705799"/>
            <fprob>0.0</fprob>
        </actor>
        <actor name="D0N41">
            <wcet number="0">100</wcet>
            <wcet number="1">120</wcet>
            <maxpow number="0.6138107930209931"/>
            <maxpow number="0.6138107930209931"/>
            <fprob>0.0</fprob>
        </actor>
        <actor name="D0N30">
            <wcet number="0">20</wcet>
            <wcet number="1">20</wcet>
            <maxpow number="0.5976462785400867"/>
            <maxpow number="0.5976462785400867"/>
            <fprob>0.0</fprob>
        </actor>
        <actor name="D0N36">
            <wcet number="0">30</wcet>
            <wcet number="1">40</wcet>
            <maxpow number="0.6237503471919253"/>
            <maxpow number="0.6237503471919253"/>
            <fprob>0.0</fprob>
        </actor>
        <actor name="D0N18">
            <wcet number="0">30</wcet>
            <wcet number="1">160</wcet>
            <maxpow number="0.4005622233156538"/>
            <maxpow number="0.4005622233156538"/>
            <fprob>0.0</fprob>
        </actor>
        <actor name="D0N24">
            <wcet number="0">60</wcet>
            <wcet number="1">60</wcet>
            <maxpow number="0.6667809499906685"/>
            <maxpow number="0.6667809499906685"/>
            <fprob>0.0</fprob>
        </actor>
        <actor name="D0N32">
            <wcet number="0">70</wcet>
            <wcet number="1">150</wcet>
            <maxpow number="0.8496355287627066"/>
            <maxpow number="0.8496355287627066"/>
            <fprob>0.0</fprob>
        </actor>
        <actor name="D0N16">
            <wcet number="0">10</wcet>
            <wcet number="1">40</wcet>
            <maxpow number="0.6645656374632996"/>
            <maxpow number="0.6645656374632996"/>
            <fprob>0.0</fprob>
        </actor>
        <actor name="D0N31">
            <wcet number="0">20</wcet>
            <wcet number="1">20</wcet>
            <maxpow number="0.543280103378218"/>
            <maxpow number="0.543280103378218"/>
            <fprob>0.0</fprob>
        </actor>
        <actor name="D0N39">
            <wcet number="0">60</wcet>
            <wcet number="1">130</wcet>
            <maxpow number="0.342198016883562"/>
            <maxpow number="0.342198016883562"/>
            <fprob>0.0</fprob>
        </actor>
        <actor name="D0N21">
            <wcet number="0">10</wcet>
            <wcet number="1">10</wcet>
            <maxpow number="0.6128955565787493"/>
            <maxpow number="0.6128955565787493"/>
            <fprob>0.0</fprob>
        </actor>
        <actor name="D0N20">
            <wcet number="0">10</wcet>
            <wcet number="1">10</wcet>
            <maxpow number="0.623792853947091"/>
            <maxpow number="0.623792853947091"/>
            <fprob>0.0</fprob>
        </actor>
        <actor name="D0N7">
            <wcet number="0">70</wcet>
            <wcet number="1">80</wcet>
            <maxpow number="0.8283023701284844"/>
            <maxpow number="0.8283023701284844"/>
            <fprob>0.0</fprob>
        </actor>
        <actor name="D0N45">
            <wcet number="0">160</wcet>
            <wcet number="1">200</wcet>
            <maxpow number="0.8369755675492763"/>
            <maxpow number="0.8369755675492763"/>
            <fprob>0.0</fprob>
        </actor>
        <actor name="D0N46">
            <wcet number="0">20</wcet>
            <wcet number="1">40</wcet>
            <maxpow number="0.49585899281537177"/>
            <maxpow number="0.49585899281537177"/>
            <fprob>0.0</fprob>
        </actor>
        <actor name="D0N40">
            <wcet number="0">30</wcet>
            <wcet number="1">30</wcet>
            <maxpow number="0.7841206712689401"/>
            <maxpow number="0.7841206712689401"/>
            <fprob>0.0</fprob>
        </actor>
        <actor name="D0N29">
            <wcet number="0">10</wcet>
            <wcet number="1">70</wcet>
            <maxpow number="0.6030744588408216"/>
            <maxpow number="0.6030744588408216"/>
            <fprob>0.0</fprob>
        </actor>
        <actor name="D0N25">
            <wcet number="0">10</wcet>
            <wcet number="1">40</wcet>
            <maxpow number="0.6657861350929986"/>
            <maxpow number="0.6657861350929986"/>
            <fprob>0.0</fprob>
        </actor>
        <actor name="D0N3">
            <wcet number="0">10</wcet>
            <wcet number="1">20</wcet>
            <maxpow number="0.6625513826287571"/>
            <maxpow number="0.6625513826287571"/>
            <fprob>0.0</fprob>
        </actor>
        <actor name="D0N34">
            <wcet number="0">60</wcet>
            <wcet number="1">90</wcet>
            <maxpow number="0.6383524408350955"/>
            <maxpow number="0.6383524408350955"/>
            <fprob>0.0</fprob>
        </actor>
        <actor name="D0N47">
            <wcet number="0">20</wcet>
            <wcet number="1">20</wcet>
            <maxpow number="0.6611048459863167"/>
            <maxpow number="0.6611048459863167"/>
            <fprob>0.0</fprob>
        </actor>
        <actor name="D0N23">
            <wcet number="0">20</wcet>
            <wcet number="1">20</wcet>
            <maxpow number="0.6773155133136958"/>
            <maxpow number="0.6773155133136958"/>
            <fprob>0.0</fprob>
        </actor>
        <actor name="D0N11">
            <wcet number="0">40</wcet>
            <wcet number="1">50</wcet>
            <maxpow number="0.509753920493697"/>
            <maxpow number="0.509753920493697"/>
            <fprob>0.0</fprob>
        </actor>
        <actor name="D0N13">
            <wcet number="0">10</wcet>
            <wcet number="1">90</wcet>
            <maxpow number="0.6469247375447905"/>
            <maxpow number="0.6469247375447905"/>
            <fprob>0.0</fprob>
        </actor>
        <actor name="D0N14">
            <wcet number="0">10</wcet>
            <wcet number="1">90</wcet>
            <maxpow number="0.6391302234204191"/>
            <maxpow number="0.6391302234204191"/>
            <fprob>0.0</fprob>
        </actor>
        <actor name="D0N33">
            <wcet number="0">10</wcet>
            <wcet number="1">30</wcet>
            <maxpow number="0.7619758551580667"/>
            <maxpow number="0.7619758551580667"/>
            <fprob>0.0</fprob>
        </actor>
        <actor name="D0N6">
            <wcet number="0">10</wcet>
            <wcet number="1">20</wcet>
            <maxpow number="0.3099803931512004"/>
            <maxpow number="0.3099803931512004"/>
            <fprob>0.0</fprob>
        </actor>
        <actor name="D0N37">
            <wcet number="0">40</wcet>
            <wcet number="1">40</wcet>
            <maxpow number="0.6473181386878133"/>
            <maxpow number="0.6473181386878133"/>
            <fprob>0.0</fprob>
        </actor>
        <ports>
            <port dstActor="D0N40" name="p0" srcActor="D0N38"/>
            <port dstActor="D0N20" name="p1" srcActor="D0N15"/>
            <port dstActor="D0N42" name="p2" srcActor="D0N15"/>
            <port dstActor="D0N30" name="p3" srcActor="D0N12"/>
            <port dstActor="D0N32" name="p4" srcActor="D0N12"/>
            <port dstActor="D0N8" name="p5" srcActor="D0N1"/>
            <port dstActor="D0N15" name="p6" srcActor="D0N1"/>
            <port dstActor="D0N30" name="p7" srcActor="D0N27"/>
            <port dstActor="D0N27" name="p8" srcActor="D0N26"/>
            <port dstActor="D0N25" name="p9" srcActor="D0N9"/>
            <port dstActor="D0N32" name="p10" srcActor="D0N9"/>
            <port dstActor="D0N21" name="p11" srcActor="D0N10"/>
            <port dstActor="D0N25" name="p12" srcActor="D0N10"/>
            <port dstActor="D0N20" name="p13" srcActor="D0N10"/>
            <port dstActor="D0N45" name="p14" srcActor="D0N10"/>
            <port dstActor="D0N21" name="p15" srcActor="D0N17"/>
            <port dstActor="D0N47" name="p16" srcActor="D0N17"/>
            <port dstActor="D0N26" name="p17" srcActor="D0N17"/>
            <port dstActor="D0N18" name="p18" srcActor="D0N17"/>
            <port dstActor="D0N24" name="p19" srcActor="D0N17"/>
            <port dstActor="D0N38" name="p20" srcActor="D0N5"/>
            <port dstActor="D0N40" name="p21" srcActor="D0N5"/>
            <port dstActor="D0N41" name="p22" srcActor="D0N5"/>
            <port dstActor="D0N7" name="p23" srcActor="D0N5"/>
            <port dstActor="D0N15" name="p24" srcActor="D0N8"/>
            <port dstActor="D0N43" name="p25" srcActor="D0N8"/>
            <port dstActor="D0N32" name="p26" srcActor="D0N8"/>
            <port dstActor="D0N9" name="p27" srcActor="D0N8"/>
            <port dstActor="D0N11" name="p28" srcActor="D0N8"/>
            <port dstActor="D0N33" name="p29" srcActor="D0N8"/>
            <port dstActor="D0N25" name="p30" srcActor="D0N8"/>
            <port dstActor="D0N21" name="p31" srcActor="D0N8"/>
            <port dstActor="D0N39" name="p32" srcActor="D0N8"/>
            <port dstActor="D0N30" name="p33" srcActor="D0N8"/>
            <port dstActor="D0N37" name="p34" srcActor="D0N22"/>
            <port dstActor="D0N35" name="p35" srcActor="D0N22"/>
            <port dstActor="D0N44" name="p36" srcActor="D0N28"/>
            <port dstActor="D0N45" name="p37" srcActor="D0N28"/>
            <port dstActor="D0N27" name="p38" srcActor="D0N19"/>
            <port dstActor="D0N45" name="p39" srcActor="D0N19"/>
            <port dstActor="D0N40" name="p40" srcActor="D0N35"/>
            <port dstActor="D0N7" name="p41" srcActor="D0N2"/>
            <port dstActor="D0N24" name="p42" srcActor="D0N2"/>
            <port dstActor="D0N45" name="p43" srcActor="D0N2"/>
            <port dstActor="D0N37" name="p44" srcActor="D0N2"/>
            <port dstActor="D0N6" name="p45" srcActor="D0N2"/>
            <port dstActor="D0N24" name="p46" srcActor="D0N0"/>
            <port dstActor="D0N10" name="p47" srcActor="D0N0"/>
            <port dstActor="D0N45" name="p48" srcActor="D0N0"/>
            <port dstActor="D0N3" name="p49" srcActor="D0N0"/>
            <port dstActor="D0N17" name="p50" srcActor="D0N0"/>
            <port dstActor="D0N38" name="p51" srcActor="D0N0"/>
            <port dstActor="D0N34" name="p52" srcActor="D0N0"/>
            <port dstActor="D0N26" name="p53" srcActor="D0N4"/>
            <port dstActor="D0N8" name="p54" srcActor="D0N4"/>
            <port dstActor="D0N43" name="p55" srcActor="D0N30"/>
            <port dstActor="D0N36" name="p56" srcActor="D0N30"/>
            <port dstActor="D0N40" name="p57" srcActor="D0N36"/>
            <port dstActor="D0N20" name="p58" srcActor="D0N18"/>
            <port dstActor="D0N22" name="p59" srcActor="D0N18"/>
            <port dstActor="D0N44" name="p60" srcActor="D0N18"/>
            <port dstActor="D0N45" name="p61" srcActor="D0N18"/>
            <port dstActor="D0N32" name="p62" srcActor="D0N24"/>
            <port dstActor="D0N36" name="p63" srcActor="D0N24"/>
            <port dstActor="D0N35" name="p64" srcActor="D0N24"/>
            <port dstActor="D0N31" name="p65" srcActor="D0N24"/>
            <port dstActor="D0N39" name="p66" srcActor="D0N24"/>
            <port dstActor="D0N42" name="p67" srcActor="D0N24"/>
            <port dstActor="D0N36" name="p68" srcActor="D0N32"/>
            <port dstActor="D0N26" name="p69" srcActor="D0N16"/>
            <port dstActor="D0N41" name="p70" srcActor="D0N16"/>
            <port dstActor="D0N45" name="p71" srcActor="D0N16"/>
            <port dstActor="D0N36" name="p72" srcActor="D0N16"/>
            <port dstActor="D0N18" name="p73" srcActor="D0N16"/>
            <port dstActor="D0N45" name="p74" srcActor="D0N39"/>
            <port dstActor="D0N46" name="p75" srcActor="D0N39"/>
            <port dstActor="D0N22" name="p76" srcActor="D0N7"/>
            <port dstActor="D0N47" name="p77" srcActor="D0N46"/>
            <port dstActor="D0N33" name="p78" srcActor="D0N29"/>
            <port dstActor="D0N47" name="p79" srcActor="D0N29"/>
            <port dstActor="D0N30" name="p80" srcActor="D0N29"/>
            <port dstActor="D0N38" name="p81" srcActor="D0N25"/>
            <port dstActor="D0N44" name="p82" srcActor="D0N25"/>
            <port dstActor="D0N26" name="p83" srcActor="D0N3"/>
            <port dstActor="D0N19" name="p84" srcActor="D0N3"/>
            <port dstActor="D0N45" name="p85" srcActor="D0N3"/>
            <port dstActor="D0N25" name="p86" srcActor="D0N3"/>
            <port dstActor="D0N31" name="p87" srcActor="D0N23"/>
            <port dstActor="D0N29" name="p88" srcActor="D0N23"/>
            <port dstActor="D0N43" name="p89" srcActor="D0N23"/>
            <port dstActor="D0N18" name="p90" srcActor="D0N11"/>
            <port dstActor="D0N33" name="p91" srcActor="D0N11"/>
            <port dstActor="D0N40" name="p92" srcActor="D0N11"/>
            <port dstActor="D0N20" name="p93" srcActor="D0N11"/>
            <port dstActor="D0N33" name="p94" srcActor="D0N13"/>
            <port dstActor="D0N47" name="p95" srcActor="D0N13"/>
            <port dstActor="D0N30" name="p96" srcActor="D0N13"/>
            <port dstActor="D0N41" name="p97" srcActor="D0N14"/>
            <port dstActor="D0N34" name="p98" srcActor="D0N14"/>
            <port dstActor="D0N33" name="p99" srcActor="D0N14"/>
            <port dstActor="D0N29" name="p100" srcActor="D0N14"/>
            <port dstActor="D0N37" name="p101" srcActor="D0N14"/>
            <port dstActor="D0N37" name="p102" srcActor="D0N33"/>
            <port dstActor="D0N44" name="p103" srcActor="D0N33"/>
            <port dstActor="D0N39" name="p104" srcActor="D0N33"/>
            <port dstActor="D0N42" name="p105" srcActor="D0N6"/>
            <port dstActor="D0N36" name="p106" srcActor="D0N6"/>
            <port dstActor="D0N44" name="p107" srcActor="D0N6"/>
            <port dstActor="D0N39" name="p108" srcActor="D0N6"/>
            <port dstActor="D0N30" name="p109" srcActor="D0N6"/>
            <port dstActor="D0N18" name="p110" srcActor="D0N6"/>
        </ports>
    </mcdag>
    <cores number="3"/>
    <levels number="2"/>
</mcsystem>
