<?xml version="1.0" encoding="UTF-8" standalone="no"?>
<mcsystem>
    <mcdag deadline="1800" name="genned-0-ed-10.0-0">
        <actor name="D0N25">
            <wcet number="0">10</wcet>
            <wcet number="1">10</wcet>
            <maxpow number="0.6499694266655952"/>
            <maxpow number="0.6499694266655952"/>
            <fprob>0.0</fprob>
        </actor>
        <actor name="D0N28">
            <wcet number="0">30</wcet>
            <wcet number="1">130</wcet>
            <maxpow number="0.3332898417802369"/>
            <maxpow number="0.3332898417802369"/>
            <fprob>0.0</fprob>
        </actor>
        <actor name="D0N31">
            <wcet number="0">110</wcet>
            <wcet number="1">140</wcet>
            <maxpow number="0.48649970589442304"/>
            <maxpow number="0.48649970589442304"/>
            <fprob>0.0</fprob>
        </actor>
        <actor name="D0N19">
            <wcet number="0">20</wcet>
            <wcet number="1">40</wcet>
            <maxpow number="0.47730588589813894"/>
            <maxpow number="0.47730588589813894"/>
            <fprob>0.0</fprob>
        </actor>
        <actor name="D0N7">
            <wcet number="0">40</wcet>
            <wcet number="1">130</wcet>
            <maxpow number="0.31400654125561245"/>
            <maxpow number="0.31400654125561245"/>
            <fprob>0.0</fprob>
        </actor>
        <actor name="D0N5">
            <wcet number="0">10</wcet>
            <wcet number="1">20</wcet>
            <maxpow number="0.8925835058381344"/>
            <maxpow number="0.8925835058381344"/>
            <fprob>0.0</fprob>
        </actor>
        <actor name="D0N39">
            <wcet number="0">130</wcet>
            <wcet number="1">270</wcet>
            <maxpow number="0.9815008041335106"/>
            <maxpow number="0.9815008041335106"/>
            <fprob>0.0</fprob>
        </actor>
        <actor name="D0N46">
            <wcet number="0">30</wcet>
            <wcet number="1">50</wcet>
            <maxpow number="0.6181351927388513"/>
            <maxpow number="0.6181351927388513"/>
            <fprob>0.0</fprob>
        </actor>
        <actor name="D0N24">
            <wcet number="0">10</wcet>
            <wcet number="1">20</wcet>
            <maxpow number="0.5184612582186384"/>
            <maxpow number="0.5184612582186384"/>
            <fprob>0.0</fprob>
        </actor>
        <actor name="D0N40">
            <wcet number="0">50</wcet>
            <wcet number="1">120</wcet>
            <maxpow number="0.38925918101168544"/>
            <maxpow number="0.38925918101168544"/>
            <fprob>0.0</fprob>
        </actor>
        <actor name="D0N34">
            <wcet number="0">10</wcet>
            <wcet number="1">20</wcet>
            <maxpow number="0.44006097561563096"/>
            <maxpow number="0.44006097561563096"/>
            <fprob>0.0</fprob>
        </actor>
        <actor name="D0N44">
            <wcet number="0">120</wcet>
            <wcet number="1">180</wcet>
            <maxpow number="0.5789028648737125"/>
            <maxpow number="0.5789028648737125"/>
            <fprob>0.0</fprob>
        </actor>
        <actor name="D0N26">
            <wcet number="0">100</wcet>
            <wcet number="1">120</wcet>
            <maxpow number="0.851640623153745"/>
            <maxpow number="0.851640623153745"/>
            <fprob>0.0</fprob>
        </actor>
        <actor name="D0N11">
            <wcet number="0">40</wcet>
            <wcet number="1">50</wcet>
            <maxpow number="0.6024976451111378"/>
            <maxpow number="0.6024976451111378"/>
            <fprob>0.0</fprob>
        </actor>
        <actor name="D0N0">
            <wcet number="0">70</wcet>
            <wcet number="1">190</wcet>
            <maxpow number="0.5423731662422537"/>
            <maxpow number="0.5423731662422537"/>
            <fprob>0.0</fprob>
        </actor>
        <actor name="D0N3">
            <wcet number="0">10</wcet>
            <wcet number="1">80</wcet>
            <maxpow number="0.6847530429058817"/>
            <maxpow number="0.6847530429058817"/>
            <fprob>0.0</fprob>
        </actor>
        <actor name="D0N42">
            <wcet number="0">90</wcet>
            <wcet number="1">90</wcet>
            <maxpow number="0.6724181974403177"/>
            <maxpow number="0.6724181974403177"/>
            <fprob>0.0</fprob>
        </actor>
        <actor name="D0N18">
            <wcet number="0">20</wcet>
            <wcet number="1">20</wcet>
            <maxpow number="0.450450616593133"/>
            <maxpow number="0.450450616593133"/>
            <fprob>0.0</fprob>
        </actor>
        <actor name="D0N23">
            <wcet number="0">10</wcet>
            <wcet number="1">20</wcet>
            <maxpow number="0.7078361930825134"/>
            <maxpow number="0.7078361930825134"/>
            <fprob>0.0</fprob>
        </actor>
        <actor name="D0N10">
            <wcet number="0">70</wcet>
            <wcet number="1">70</wcet>
            <maxpow number="0.42336444111457905"/>
            <maxpow number="0.42336444111457905"/>
            <fprob>0.0</fprob>
        </actor>
        <actor name="D0N33">
            <wcet number="0">10</wcet>
            <wcet number="1">20</wcet>
            <maxpow number="0.5730109238860098"/>
            <maxpow number="0.5730109238860098"/>
            <fprob>0.0</fprob>
        </actor>
        <actor name="D0N20">
            <wcet number="0">20</wcet>
            <wcet number="1">120</wcet>
            <maxpow number="0.8802426475248603"/>
            <maxpow number="0.8802426475248603"/>
            <fprob>0.0</fprob>
        </actor>
        <actor name="D0N14">
            <wcet number="0">110</wcet>
            <wcet number="1">150</wcet>
            <maxpow number="0.14391888426399413"/>
            <maxpow number="0.14391888426399413"/>
            <fprob>0.0</fprob>
        </actor>
        <actor name="D0N4">
            <wcet number="0">10</wcet>
            <wcet number="1">10</wcet>
            <maxpow number="0.9152042742147896"/>
            <maxpow number="0.9152042742147896"/>
            <fprob>0.0</fprob>
        </actor>
        <actor name="D0N9">
            <wcet number="0">40</wcet>
            <wcet number="1">80</wcet>
            <maxpow number="0.5025716586591094"/>
            <maxpow number="0.5025716586591094"/>
            <fprob>0.0</fprob>
        </actor>
        <actor name="D0N41">
            <wcet number="0">20</wcet>
            <wcet number="1">20</wcet>
            <maxpow number="0.4695954165322013"/>
            <maxpow number="0.4695954165322013"/>
            <fprob>0.0</fprob>
        </actor>
        <actor name="D0N37">
            <wcet number="0">10</wcet>
            <wcet number="1">160</wcet>
            <maxpow number="0.32333976812497384"/>
            <maxpow number="0.32333976812497384"/>
            <fprob>0.0</fprob>
        </actor>
        <actor name="D0N45">
            <wcet number="0">10</wcet>
            <wcet number="1">10</wcet>
            <maxpow number="0.5869847460079239"/>
            <maxpow number="0.5869847460079239"/>
            <fprob>0.0</fprob>
        </actor>
        <actor name="D0N27">
            <wcet number="0">70</wcet>
            <wcet number="1">70</wcet>
            <maxpow number="0.663888172699509"/>
            <maxpow number="0.663888172699509"/>
            <fprob>0.0</fprob>
        </actor>
        <actor name="D0N16">
            <wcet number="0">10</wcet>
            <wcet number="1">50</wcet>
            <maxpow number="0.6345147257895848"/>
            <maxpow number="0.6345147257895848"/>
            <fprob>0.0</fprob>
        </actor>
        <actor name="D0N6">
            <wcet number="0">10</wcet>
            <wcet number="1">350</wcet>
            <maxpow number="0.7545520001106724"/>
            <maxpow number="0.7545520001106724"/>
            <fprob>0.0</fprob>
        </actor>
        <actor name="D0N35">
            <wcet number="0">10</wcet>
            <wcet number="1">20</wcet>
            <maxpow number="0.6679357564566331"/>
            <maxpow number="0.6679357564566331"/>
            <fprob>0.0</fprob>
        </actor>
        <actor name="D0N2">
            <wcet number="0">10</wcet>
            <wcet number="1">90</wcet>
            <maxpow number="0.6314549745355437"/>
            <maxpow number="0.6314549745355437"/>
            <fprob>0.0</fprob>
        </actor>
        <actor name="D0N22">
            <wcet number="0">10</wcet>
            <wcet number="1">60</wcet>
            <maxpow number="0.36665076424695564"/>
            <maxpow number="0.36665076424695564"/>
            <fprob>0.0</fprob>
        </actor>
        <actor name="D0N1">
            <wcet number="0">20</wcet>
            <wcet number="1">20</wcet>
            <maxpow number="0.5857184425187271"/>
            <maxpow number="0.5857184425187271"/>
            <fprob>0.0</fprob>
        </actor>
        <actor name="D0N36">
            <wcet number="0">180</wcet>
            <wcet number="1">240</wcet>
            <maxpow number="0.3206527070623506"/>
            <maxpow number="0.3206527070623506"/>
            <fprob>0.0</fprob>
        </actor>
        <actor name="D0N30">
            <wcet number="0">10</wcet>
            <wcet number="1">10</wcet>
            <maxpow number="0.511202226005177"/>
            <maxpow number="0.511202226005177"/>
            <fprob>0.0</fprob>
        </actor>
        <actor name="D0N43">
            <wcet number="0">10</wcet>
            <wcet number="1">10</wcet>
            <maxpow number="0.28448239153847976"/>
            <maxpow number="0.28448239153847976"/>
            <fprob>0.0</fprob>
        </actor>
        <actor name="D0N17">
            <wcet number="0">70</wcet>
            <wcet number="1">130</wcet>
            <maxpow number="0.41876080704339796"/>
            <maxpow number="0.41876080704339796"/>
            <fprob>0.0</fprob>
        </actor>
        <actor name="D0N32">
            <wcet number="0">10</wcet>
            <wcet number="1">30</wcet>
            <maxpow number="0.517725197518205"/>
            <maxpow number="0.517725197518205"/>
            <fprob>0.0</fprob>
        </actor>
        <actor name="D0N12">
            <wcet number="0">10</wcet>
            <wcet number="1">10</wcet>
            <maxpow number="0.7236357413759251"/>
            <maxpow number="0.7236357413759251"/>
            <fprob>0.0</fprob>
        </actor>
        <actor name="D0N38">
            <wcet number="0">10</wcet>
            <wcet number="1">30</wcet>
            <maxpow number="0.6397279987979674"/>
            <maxpow number="0.6397279987979674"/>
            <fprob>0.0</fprob>
        </actor>
        <actor name="D0N29">
            <wcet number="0">50</wcet>
            <wcet number="1">120</wcet>
            <maxpow number="0.4545748553904004"/>
            <maxpow number="0.4545748553904004"/>
            <fprob>0.0</fprob>
        </actor>
        <actor name="D0N8">
            <wcet number="0">140</wcet>
            <wcet number="1">160</wcet>
            <maxpow number="0.6936127911267036"/>
            <maxpow number="0.6936127911267036"/>
            <fprob>0.0</fprob>
        </actor>
        <actor name="D0N21">
            <wcet number="0">20</wcet>
            <wcet number="1">20</wcet>
            <maxpow number="0.44068370889717295"/>
            <maxpow number="0.44068370889717295"/>
            <fprob>0.0</fprob>
        </actor>
        <actor name="D0N15">
            <wcet number="0">10</wcet>
            <wcet number="1">10</wcet>
            <maxpow number="0.5605160057804415"/>
            <maxpow number="0.5605160057804415"/>
            <fprob>0.0</fprob>
        </actor>
        <actor name="D0N13">
            <wcet number="0">10</wcet>
            <wcet number="1">10</wcet>
            <maxpow number="0.7921547430599729"/>
            <maxpow number="0.7921547430599729"/>
            <fprob>0.0</fprob>
        </actor>
        <ports>
            <port dstActor="D0N37" name="p0" srcActor="D0N25"/>
            <port dstActor="D0N36" name="p1" srcActor="D0N25"/>
            <port dstActor="D0N46" name="p2" srcActor="D0N28"/>
            <port dstActor="D0N43" name="p3" srcActor="D0N28"/>
            <port dstActor="D0N44" name="p4" srcActor="D0N28"/>
            <port dstActor="D0N42" name="p5" srcActor="D0N31"/>
            <port dstActor="D0N42" name="p6" srcActor="D0N19"/>
            <port dstActor="D0N24" name="p7" srcActor="D0N19"/>
            <port dstActor="D0N38" name="p8" srcActor="D0N19"/>
            <port dstActor="D0N22" name="p9" srcActor="D0N7"/>
            <port dstActor="D0N26" name="p10" srcActor="D0N5"/>
            <port dstActor="D0N17" name="p11" srcActor="D0N5"/>
            <port dstActor="D0N44" name="p12" srcActor="D0N5"/>
            <port dstActor="D0N33" name="p13" srcActor="D0N5"/>
            <port dstActor="D0N30" name="p14" srcActor="D0N5"/>
            <port dstActor="D0N36" name="p15" srcActor="D0N24"/>
            <port dstActor="D0N26" name="p16" srcActor="D0N24"/>
            <port dstActor="D0N28" name="p17" srcActor="D0N24"/>
            <port dstActor="D0N36" name="p18" srcActor="D0N34"/>
            <port dstActor="D0N35" name="p19" srcActor="D0N26"/>
            <port dstActor="D0N42" name="p20" srcActor="D0N26"/>
            <port dstActor="D0N28" name="p21" srcActor="D0N11"/>
            <port dstActor="D0N45" name="p22" srcActor="D0N11"/>
            <port dstActor="D0N25" name="p23" srcActor="D0N0"/>
            <port dstActor="D0N46" name="p24" srcActor="D0N0"/>
            <port dstActor="D0N6" name="p25" srcActor="D0N3"/>
            <port dstActor="D0N27" name="p26" srcActor="D0N3"/>
            <port dstActor="D0N42" name="p27" srcActor="D0N3"/>
            <port dstActor="D0N43" name="p28" srcActor="D0N3"/>
            <port dstActor="D0N8" name="p29" srcActor="D0N3"/>
            <port dstActor="D0N12" name="p30" srcActor="D0N3"/>
            <port dstActor="D0N35" name="p31" srcActor="D0N18"/>
            <port dstActor="D0N42" name="p32" srcActor="D0N23"/>
            <port dstActor="D0N24" name="p33" srcActor="D0N10"/>
            <port dstActor="D0N19" name="p34" srcActor="D0N10"/>
            <port dstActor="D0N26" name="p35" srcActor="D0N10"/>
            <port dstActor="D0N33" name="p36" srcActor="D0N20"/>
            <port dstActor="D0N24" name="p37" srcActor="D0N20"/>
            <port dstActor="D0N22" name="p38" srcActor="D0N20"/>
            <port dstActor="D0N32" name="p39" srcActor="D0N14"/>
            <port dstActor="D0N35" name="p40" srcActor="D0N14"/>
            <port dstActor="D0N36" name="p41" srcActor="D0N14"/>
            <port dstActor="D0N25" name="p42" srcActor="D0N14"/>
            <port dstActor="D0N21" name="p43" srcActor="D0N14"/>
            <port dstActor="D0N26" name="p44" srcActor="D0N14"/>
            <port dstActor="D0N39" name="p45" srcActor="D0N4"/>
            <port dstActor="D0N31" name="p46" srcActor="D0N4"/>
            <port dstActor="D0N32" name="p47" srcActor="D0N4"/>
            <port dstActor="D0N42" name="p48" srcActor="D0N9"/>
            <port dstActor="D0N16" name="p49" srcActor="D0N9"/>
            <port dstActor="D0N37" name="p50" srcActor="D0N27"/>
            <port dstActor="D0N44" name="p51" srcActor="D0N27"/>
            <port dstActor="D0N25" name="p52" srcActor="D0N16"/>
            <port dstActor="D0N39" name="p53" srcActor="D0N6"/>
            <port dstActor="D0N29" name="p54" srcActor="D0N6"/>
            <port dstActor="D0N38" name="p55" srcActor="D0N6"/>
            <port dstActor="D0N38" name="p56" srcActor="D0N2"/>
            <port dstActor="D0N35" name="p57" srcActor="D0N2"/>
            <port dstActor="D0N43" name="p58" srcActor="D0N2"/>
            <port dstActor="D0N15" name="p59" srcActor="D0N2"/>
            <port dstActor="D0N41" name="p60" srcActor="D0N1"/>
            <port dstActor="D0N14" name="p61" srcActor="D0N1"/>
            <port dstActor="D0N46" name="p62" srcActor="D0N1"/>
            <port dstActor="D0N2" name="p63" srcActor="D0N1"/>
            <port dstActor="D0N42" name="p64" srcActor="D0N36"/>
            <port dstActor="D0N28" name="p65" srcActor="D0N17"/>
            <port dstActor="D0N33" name="p66" srcActor="D0N32"/>
            <port dstActor="D0N39" name="p67" srcActor="D0N32"/>
            <port dstActor="D0N43" name="p68" srcActor="D0N32"/>
            <port dstActor="D0N27" name="p69" srcActor="D0N12"/>
            <port dstActor="D0N42" name="p70" srcActor="D0N12"/>
            <port dstActor="D0N41" name="p71" srcActor="D0N38"/>
            <port dstActor="D0N39" name="p72" srcActor="D0N38"/>
            <port dstActor="D0N40" name="p73" srcActor="D0N29"/>
            <port dstActor="D0N17" name="p74" srcActor="D0N8"/>
            <port dstActor="D0N31" name="p75" srcActor="D0N8"/>
            <port dstActor="D0N31" name="p76" srcActor="D0N21"/>
            <port dstActor="D0N40" name="p77" srcActor="D0N21"/>
            <port dstActor="D0N22" name="p78" srcActor="D0N15"/>
            <port dstActor="D0N45" name="p79" srcActor="D0N15"/>
            <port dstActor="D0N21" name="p80" srcActor="D0N15"/>
            <port dstActor="D0N41" name="p81" srcActor="D0N15"/>
            <port dstActor="D0N15" name="p82" srcActor="D0N13"/>
            <port dstActor="D0N25" name="p83" srcActor="D0N13"/>
            <port dstActor="D0N18" name="p84" srcActor="D0N13"/>
        </ports>
    </mcdag>
    <cores number="3"/>
    <levels number="2"/>
</mcsystem>
