<?xml version="1.0" encoding="UTF-8" standalone="no"?>
<mcsystem>
    <mcdag deadline="1200" name="genned-0-ed-10.0-0">
        <actor name="D0N2">
            <wcet number="0">40</wcet>
            <wcet number="1">70</wcet>
            <maxpow number="0.4248859455967649"/>
            <maxpow number="0.4248859455967649"/>
            <fprob>0.0</fprob>
        </actor>
        <actor name="D0N1">
            <wcet number="0">30</wcet>
            <wcet number="1">60</wcet>
            <maxpow number="0.7592943480642281"/>
            <maxpow number="0.7592943480642281"/>
            <fprob>0.0</fprob>
        </actor>
        <actor name="D0N33">
            <wcet number="0">140</wcet>
            <wcet number="1">180</wcet>
            <maxpow number="0.5785879685139893"/>
            <maxpow number="0.5785879685139893"/>
            <fprob>0.0</fprob>
        </actor>
        <actor name="D0N41">
            <wcet number="0">30</wcet>
            <wcet number="1">60</wcet>
            <maxpow number="0.3601547522421524"/>
            <maxpow number="0.3601547522421524"/>
            <fprob>0.0</fprob>
        </actor>
        <actor name="D0N5">
            <wcet number="0">10</wcet>
            <wcet number="1">10</wcet>
            <maxpow number="0.9342311826345078"/>
            <maxpow number="0.9342311826345078"/>
            <fprob>0.0</fprob>
        </actor>
        <actor name="D0N30">
            <wcet number="0">10</wcet>
            <wcet number="1">30</wcet>
            <maxpow number="0.5355564832292378"/>
            <maxpow number="0.5355564832292378"/>
            <fprob>0.0</fprob>
        </actor>
        <actor name="D0N36">
            <wcet number="0">10</wcet>
            <wcet number="1">50</wcet>
            <maxpow number="0.8803628854668155"/>
            <maxpow number="0.8803628854668155"/>
            <fprob>0.0</fprob>
        </actor>
        <actor name="D0N21">
            <wcet number="0">10</wcet>
            <wcet number="1">20</wcet>
            <maxpow number="1.2673128534935185"/>
            <maxpow number="1.2673128534935185"/>
            <fprob>0.0</fprob>
        </actor>
        <actor name="D0N26">
            <wcet number="0">70</wcet>
            <wcet number="1">110</wcet>
            <maxpow number="0.41580863690369424"/>
            <maxpow number="0.41580863690369424"/>
            <fprob>0.0</fprob>
        </actor>
        <actor name="D0N4">
            <wcet number="0">10</wcet>
            <wcet number="1">40</wcet>
            <maxpow number="0.46648738743052803"/>
            <maxpow number="0.46648738743052803"/>
            <fprob>0.0</fprob>
        </actor>
        <actor name="D0N15">
            <wcet number="0">10</wcet>
            <wcet number="1">10</wcet>
            <maxpow number="0.2686551506215185"/>
            <maxpow number="0.2686551506215185"/>
            <fprob>0.0</fprob>
        </actor>
        <actor name="D0N34">
            <wcet number="0">10</wcet>
            <wcet number="1">20</wcet>
            <maxpow number="0.693517774933305"/>
            <maxpow number="0.693517774933305"/>
            <fprob>0.0</fprob>
        </actor>
        <actor name="D0N11">
            <wcet number="0">10</wcet>
            <wcet number="1">200</wcet>
            <maxpow number="0.6085291198610191"/>
            <maxpow number="0.6085291198610191"/>
            <fprob>0.0</fprob>
        </actor>
        <actor name="D0N20">
            <wcet number="0">30</wcet>
            <wcet number="1">160</wcet>
            <maxpow number="0.6574975030842736"/>
            <maxpow number="0.6574975030842736"/>
            <fprob>0.0</fprob>
        </actor>
        <actor name="D0N23">
            <wcet number="0">10</wcet>
            <wcet number="1">10</wcet>
            <maxpow number="0.4681980352217951"/>
            <maxpow number="0.4681980352217951"/>
            <fprob>0.0</fprob>
        </actor>
        <actor name="D0N25">
            <wcet number="0">100</wcet>
            <wcet number="1">140</wcet>
            <maxpow number="0.5058823321749056"/>
            <maxpow number="0.5058823321749056"/>
            <fprob>0.0</fprob>
        </actor>
        <actor name="D0N17">
            <wcet number="0">110</wcet>
            <wcet number="1">110</wcet>
            <maxpow number="0.38355279122457697"/>
            <maxpow number="0.38355279122457697"/>
            <fprob>0.0</fprob>
        </actor>
        <actor name="D0N16">
            <wcet number="0">10</wcet>
            <wcet number="1">10</wcet>
            <maxpow number="0.4163421124283056"/>
            <maxpow number="0.4163421124283056"/>
            <fprob>0.0</fprob>
        </actor>
        <actor name="D0N38">
            <wcet number="0">30</wcet>
            <wcet number="1">30</wcet>
            <maxpow number="0.4983015861252503"/>
            <maxpow number="0.4983015861252503"/>
            <fprob>0.0</fprob>
        </actor>
        <actor name="D0N28">
            <wcet number="0">30</wcet>
            <wcet number="1">130</wcet>
            <maxpow number="0.4332805221926147"/>
            <maxpow number="0.4332805221926147"/>
            <fprob>0.0</fprob>
        </actor>
        <actor name="D0N14">
            <wcet number="0">20</wcet>
            <wcet number="1">30</wcet>
            <maxpow number="0.4289129707778346"/>
            <maxpow number="0.4289129707778346"/>
            <fprob>0.0</fprob>
        </actor>
        <actor name="D0N19">
            <wcet number="0">40</wcet>
            <wcet number="1">80</wcet>
            <maxpow number="0.4343373834485338"/>
            <maxpow number="0.4343373834485338"/>
            <fprob>0.0</fprob>
        </actor>
        <actor name="D0N40">
            <wcet number="0">10</wcet>
            <wcet number="1">60</wcet>
            <maxpow number="0.6434243007301851"/>
            <maxpow number="0.6434243007301851"/>
            <fprob>0.0</fprob>
        </actor>
        <actor name="D0N3">
            <wcet number="0">50</wcet>
            <wcet number="1">80</wcet>
            <maxpow number="0.5089549561902625"/>
            <maxpow number="0.5089549561902625"/>
            <fprob>0.0</fprob>
        </actor>
        <actor name="D0N0">
            <wcet number="0">40</wcet>
            <wcet number="1">50</wcet>
            <maxpow number="1.2956615823187922"/>
            <maxpow number="1.2956615823187922"/>
            <fprob>0.0</fprob>
        </actor>
        <actor name="D0N31">
            <wcet number="0">20</wcet>
            <wcet number="1">80</wcet>
            <maxpow number="0.6113073278824869"/>
            <maxpow number="0.6113073278824869"/>
            <fprob>0.0</fprob>
        </actor>
        <actor name="D0N18">
            <wcet number="0">50</wcet>
            <wcet number="1">50</wcet>
            <maxpow number="0.7508121291327671"/>
            <maxpow number="0.7508121291327671"/>
            <fprob>0.0</fprob>
        </actor>
        <actor name="D0N9">
            <wcet number="0">20</wcet>
            <wcet number="1">40</wcet>
            <maxpow number="0.5818012825525483"/>
            <maxpow number="0.5818012825525483"/>
            <fprob>0.0</fprob>
        </actor>
        <actor name="D0N35">
            <wcet number="0">10</wcet>
            <wcet number="1">10</wcet>
            <maxpow number="0.6199012500873525"/>
            <maxpow number="0.6199012500873525"/>
            <fprob>0.0</fprob>
        </actor>
        <actor name="D0N39">
            <wcet number="0">10</wcet>
            <wcet number="1">10</wcet>
            <maxpow number="0.5363180060774355"/>
            <maxpow number="0.5363180060774355"/>
            <fprob>0.0</fprob>
        </actor>
        <actor name="D0N7">
            <wcet number="0">80</wcet>
            <wcet number="1">80</wcet>
            <maxpow number="0.4851312625626956"/>
            <maxpow number="0.4851312625626956"/>
            <fprob>0.0</fprob>
        </actor>
        <actor name="D0N8">
            <wcet number="0">30</wcet>
            <wcet number="1">50</wcet>
            <maxpow number="0.617103717868489"/>
            <maxpow number="0.617103717868489"/>
            <fprob>0.0</fprob>
        </actor>
        <actor name="D0N13">
            <wcet number="0">40</wcet>
            <wcet number="1">50</wcet>
            <maxpow number="0.7136162979491081"/>
            <maxpow number="0.7136162979491081"/>
            <fprob>0.0</fprob>
        </actor>
        <actor name="D0N32">
            <wcet number="0">100</wcet>
            <wcet number="1">190</wcet>
            <maxpow number="0.2396252809262423"/>
            <maxpow number="0.2396252809262423"/>
            <fprob>0.0</fprob>
        </actor>
        <actor name="D0N37">
            <wcet number="0">260</wcet>
            <wcet number="1">330</wcet>
            <maxpow number="0.5697409981557264"/>
            <maxpow number="0.5697409981557264"/>
            <fprob>0.0</fprob>
        </actor>
        <actor name="D0N12">
            <wcet number="0">60</wcet>
            <wcet number="1">100</wcet>
            <maxpow number="0.6083807596558471"/>
            <maxpow number="0.6083807596558471"/>
            <fprob>0.0</fprob>
        </actor>
        <actor name="D0N6">
            <wcet number="0">20</wcet>
            <wcet number="1">50</wcet>
            <maxpow number="0.8898046576396315"/>
            <maxpow number="0.8898046576396315"/>
            <fprob>0.0</fprob>
        </actor>
        <actor name="D0N24">
            <wcet number="0">70</wcet>
            <wcet number="1">80</wcet>
            <maxpow number="0.45200870970333407"/>
            <maxpow number="0.45200870970333407"/>
            <fprob>0.0</fprob>
        </actor>
        <actor name="D0N27">
            <wcet number="0">30</wcet>
            <wcet number="1">50</wcet>
            <maxpow number="0.7495583996553963"/>
            <maxpow number="0.7495583996553963"/>
            <fprob>0.0</fprob>
        </actor>
        <actor name="D0N29">
            <wcet number="0">30</wcet>
            <wcet number="1">70</wcet>
            <maxpow number="0.5955967288184251"/>
            <maxpow number="0.5955967288184251"/>
            <fprob>0.0</fprob>
        </actor>
        <actor name="D0N22">
            <wcet number="0">40</wcet>
            <wcet number="1">110</wcet>
            <maxpow number="0.162976444471094"/>
            <maxpow number="0.162976444471094"/>
            <fprob>0.0</fprob>
        </actor>
        <actor name="D0N10">
            <wcet number="0">10</wcet>
            <wcet number="1">20</wcet>
            <maxpow number="0.5077891475454308"/>
            <maxpow number="0.5077891475454308"/>
            <fprob>0.0</fprob>
        </actor>
        <ports>
            <port dstActor="D0N16" name="p0" srcActor="D0N2"/>
            <port dstActor="D0N7" name="p1" srcActor="D0N2"/>
            <port dstActor="D0N25" name="p2" srcActor="D0N2"/>
            <port dstActor="D0N13" name="p3" srcActor="D0N2"/>
            <port dstActor="D0N17" name="p4" srcActor="D0N2"/>
            <port dstActor="D0N10" name="p5" srcActor="D0N1"/>
            <port dstActor="D0N2" name="p6" srcActor="D0N1"/>
            <port dstActor="D0N18" name="p7" srcActor="D0N5"/>
            <port dstActor="D0N17" name="p8" srcActor="D0N5"/>
            <port dstActor="D0N14" name="p9" srcActor="D0N5"/>
            <port dstActor="D0N39" name="p10" srcActor="D0N30"/>
            <port dstActor="D0N37" name="p11" srcActor="D0N21"/>
            <port dstActor="D0N40" name="p12" srcActor="D0N26"/>
            <port dstActor="D0N38" name="p13" srcActor="D0N26"/>
            <port dstActor="D0N20" name="p14" srcActor="D0N4"/>
            <port dstActor="D0N28" name="p15" srcActor="D0N4"/>
            <port dstActor="D0N23" name="p16" srcActor="D0N15"/>
            <port dstActor="D0N31" name="p17" srcActor="D0N15"/>
            <port dstActor="D0N34" name="p18" srcActor="D0N15"/>
            <port dstActor="D0N16" name="p19" srcActor="D0N15"/>
            <port dstActor="D0N29" name="p20" srcActor="D0N15"/>
            <port dstActor="D0N26" name="p21" srcActor="D0N15"/>
            <port dstActor="D0N24" name="p22" srcActor="D0N11"/>
            <port dstActor="D0N23" name="p23" srcActor="D0N11"/>
            <port dstActor="D0N37" name="p24" srcActor="D0N11"/>
            <port dstActor="D0N34" name="p25" srcActor="D0N20"/>
            <port dstActor="D0N39" name="p26" srcActor="D0N23"/>
            <port dstActor="D0N30" name="p27" srcActor="D0N23"/>
            <port dstActor="D0N32" name="p28" srcActor="D0N23"/>
            <port dstActor="D0N39" name="p29" srcActor="D0N25"/>
            <port dstActor="D0N26" name="p30" srcActor="D0N25"/>
            <port dstActor="D0N31" name="p31" srcActor="D0N25"/>
            <port dstActor="D0N40" name="p32" srcActor="D0N17"/>
            <port dstActor="D0N20" name="p33" srcActor="D0N17"/>
            <port dstActor="D0N18" name="p34" srcActor="D0N16"/>
            <port dstActor="D0N36" name="p35" srcActor="D0N16"/>
            <port dstActor="D0N25" name="p36" srcActor="D0N16"/>
            <port dstActor="D0N39" name="p37" srcActor="D0N38"/>
            <port dstActor="D0N41" name="p38" srcActor="D0N38"/>
            <port dstActor="D0N31" name="p39" srcActor="D0N19"/>
            <port dstActor="D0N22" name="p40" srcActor="D0N19"/>
            <port dstActor="D0N35" name="p41" srcActor="D0N19"/>
            <port dstActor="D0N41" name="p42" srcActor="D0N40"/>
            <port dstActor="D0N35" name="p43" srcActor="D0N3"/>
            <port dstActor="D0N33" name="p44" srcActor="D0N3"/>
            <port dstActor="D0N11" name="p45" srcActor="D0N0"/>
            <port dstActor="D0N41" name="p46" srcActor="D0N0"/>
            <port dstActor="D0N24" name="p47" srcActor="D0N0"/>
            <port dstActor="D0N31" name="p48" srcActor="D0N0"/>
            <port dstActor="D0N32" name="p49" srcActor="D0N31"/>
            <port dstActor="D0N40" name="p50" srcActor="D0N18"/>
            <port dstActor="D0N26" name="p51" srcActor="D0N18"/>
            <port dstActor="D0N21" name="p52" srcActor="D0N18"/>
            <port dstActor="D0N34" name="p53" srcActor="D0N18"/>
            <port dstActor="D0N25" name="p54" srcActor="D0N9"/>
            <port dstActor="D0N14" name="p55" srcActor="D0N9"/>
            <port dstActor="D0N11" name="p56" srcActor="D0N9"/>
            <port dstActor="D0N22" name="p57" srcActor="D0N9"/>
            <port dstActor="D0N37" name="p58" srcActor="D0N35"/>
            <port dstActor="D0N40" name="p59" srcActor="D0N35"/>
            <port dstActor="D0N40" name="p60" srcActor="D0N39"/>
            <port dstActor="D0N19" name="p61" srcActor="D0N7"/>
            <port dstActor="D0N20" name="p62" srcActor="D0N7"/>
            <port dstActor="D0N10" name="p63" srcActor="D0N7"/>
            <port dstActor="D0N40" name="p64" srcActor="D0N7"/>
            <port dstActor="D0N16" name="p65" srcActor="D0N8"/>
            <port dstActor="D0N18" name="p66" srcActor="D0N8"/>
            <port dstActor="D0N33" name="p67" srcActor="D0N8"/>
            <port dstActor="D0N17" name="p68" srcActor="D0N8"/>
            <port dstActor="D0N11" name="p69" srcActor="D0N8"/>
            <port dstActor="D0N25" name="p70" srcActor="D0N13"/>
            <port dstActor="D0N34" name="p71" srcActor="D0N13"/>
            <port dstActor="D0N41" name="p72" srcActor="D0N13"/>
            <port dstActor="D0N32" name="p73" srcActor="D0N13"/>
            <port dstActor="D0N39" name="p74" srcActor="D0N37"/>
            <port dstActor="D0N13" name="p75" srcActor="D0N12"/>
            <port dstActor="D0N35" name="p76" srcActor="D0N6"/>
            <port dstActor="D0N8" name="p77" srcActor="D0N6"/>
            <port dstActor="D0N39" name="p78" srcActor="D0N6"/>
            <port dstActor="D0N38" name="p79" srcActor="D0N24"/>
            <port dstActor="D0N41" name="p80" srcActor="D0N27"/>
            <port dstActor="D0N37" name="p81" srcActor="D0N29"/>
            <port dstActor="D0N26" name="p82" srcActor="D0N22"/>
            <port dstActor="D0N25" name="p83" srcActor="D0N22"/>
            <port dstActor="D0N40" name="p84" srcActor="D0N22"/>
            <port dstActor="D0N36" name="p85" srcActor="D0N10"/>
            <port dstActor="D0N15" name="p86" srcActor="D0N10"/>
            <port dstActor="D0N21" name="p87" srcActor="D0N10"/>
        </ports>
    </mcdag>
    <cores number="3"/>
    <levels number="2"/>
</mcsystem>
