<?xml version="1.0" encoding="UTF-8" standalone="no"?>
<mcsystem>
    <mcdag deadline="1000" name="genned-0-ed-10.0-0">
        <actor name="D0N6">
            <wcet number="0">50</wcet>
            <wcet number="1">50</wcet>
            <maxpow number="0.6309901713903925"/>
            <maxpow number="0.6309901713903925"/>
            <fprob>0.0</fprob>
        </actor>
        <actor name="D0N14">
            <wcet number="0">10</wcet>
            <wcet number="1">10</wcet>
            <maxpow number="0.42910461452673027"/>
            <maxpow number="0.42910461452673027"/>
            <fprob>0.0</fprob>
        </actor>
        <actor name="D0N40">
            <wcet number="0">50</wcet>
            <wcet number="1">110</wcet>
            <maxpow number="0.045074036094109204"/>
            <maxpow number="0.045074036094109204"/>
            <fprob>0.0</fprob>
        </actor>
        <actor name="D0N46">
            <wcet number="0">260</wcet>
            <wcet number="1">320</wcet>
            <maxpow number="0.6091541130982638"/>
            <maxpow number="0.6091541130982638"/>
            <fprob>0.0</fprob>
        </actor>
        <actor name="D0N18">
            <wcet number="0">20</wcet>
            <wcet number="1">50</wcet>
            <maxpow number="0.8620470486821573"/>
            <maxpow number="0.8620470486821573"/>
            <fprob>0.0</fprob>
        </actor>
        <actor name="D0N13">
            <wcet number="0">10</wcet>
            <wcet number="1">30</wcet>
            <maxpow number="0.5029015750150486"/>
            <maxpow number="0.5029015750150486"/>
            <fprob>0.0</fprob>
        </actor>
        <actor name="D0N0">
            <wcet number="0">20</wcet>
            <wcet number="1">80</wcet>
            <maxpow number="0.7977135440356649"/>
            <maxpow number="0.7977135440356649"/>
            <fprob>0.0</fprob>
        </actor>
        <actor name="D0N34">
            <wcet number="0">10</wcet>
            <wcet number="1">60</wcet>
            <maxpow number="0.7182927149257213"/>
            <maxpow number="0.7182927149257213"/>
            <fprob>0.0</fprob>
        </actor>
        <actor name="D0N43">
            <wcet number="0">10</wcet>
            <wcet number="1">10</wcet>
            <maxpow number="0.7713787946885212"/>
            <maxpow number="0.7713787946885212"/>
            <fprob>0.0</fprob>
        </actor>
        <actor name="D0N32">
            <wcet number="0">70</wcet>
            <wcet number="1">70</wcet>
            <maxpow number="0.7930624618699256"/>
            <maxpow number="0.7930624618699256"/>
            <fprob>0.0</fprob>
        </actor>
        <actor name="D0N45">
            <wcet number="0">10</wcet>
            <wcet number="1">10</wcet>
            <maxpow number="0.6345357727703246"/>
            <maxpow number="0.6345357727703246"/>
            <fprob>0.0</fprob>
        </actor>
        <actor name="D0N2">
            <wcet number="0">30</wcet>
            <wcet number="1">70</wcet>
            <maxpow number="0.6008303127072679"/>
            <maxpow number="0.6008303127072679"/>
            <fprob>0.0</fprob>
        </actor>
        <actor name="D0N16">
            <wcet number="0">170</wcet>
            <wcet number="1">210</wcet>
            <maxpow number="0.4104038228611151"/>
            <maxpow number="0.4104038228611151"/>
            <fprob>0.0</fprob>
        </actor>
        <actor name="D0N23">
            <wcet number="0">20</wcet>
            <wcet number="1">20</wcet>
            <maxpow number="0.7302473856195261"/>
            <maxpow number="0.7302473856195261"/>
            <fprob>0.0</fprob>
        </actor>
        <actor name="D0N44">
            <wcet number="0">50</wcet>
            <wcet number="1">80</wcet>
            <maxpow number="0.5767924523457283"/>
            <maxpow number="0.5767924523457283"/>
            <fprob>0.0</fprob>
        </actor>
        <actor name="D0N22">
            <wcet number="0">10</wcet>
            <wcet number="1">20</wcet>
            <maxpow number="0.6662203154679772"/>
            <maxpow number="0.6662203154679772"/>
            <fprob>0.0</fprob>
        </actor>
        <actor name="D0N35">
            <wcet number="0">30</wcet>
            <wcet number="1">50</wcet>
            <maxpow number="0.5205680571509674"/>
            <maxpow number="0.5205680571509674"/>
            <fprob>0.0</fprob>
        </actor>
        <actor name="D0N8">
            <wcet number="0">60</wcet>
            <wcet number="1">80</wcet>
            <maxpow number="0.5429160519788552"/>
            <maxpow number="0.5429160519788552"/>
            <fprob>0.0</fprob>
        </actor>
        <actor name="D0N5">
            <wcet number="0">50</wcet>
            <wcet number="1">50</wcet>
            <maxpow number="0.22920987307490892"/>
            <maxpow number="0.22920987307490892"/>
            <fprob>0.0</fprob>
        </actor>
        <actor name="D0N31">
            <wcet number="0">30</wcet>
            <wcet number="1">80</wcet>
            <maxpow number="0.7726186720302262"/>
            <maxpow number="0.7726186720302262"/>
            <fprob>0.0</fprob>
        </actor>
        <actor name="D0N17">
            <wcet number="0">30</wcet>
            <wcet number="1">50</wcet>
            <maxpow number="0.7944207062791363"/>
            <maxpow number="0.7944207062791363"/>
            <fprob>0.0</fprob>
        </actor>
        <actor name="D0N30">
            <wcet number="0">20</wcet>
            <wcet number="1">30</wcet>
            <maxpow number="0.7031173720546012"/>
            <maxpow number="0.7031173720546012"/>
            <fprob>0.0</fprob>
        </actor>
        <actor name="D0N39">
            <wcet number="0">40</wcet>
            <wcet number="1">60</wcet>
            <maxpow number="0.5414310432154815"/>
            <maxpow number="0.5414310432154815"/>
            <fprob>0.0</fprob>
        </actor>
        <actor name="D0N37">
            <wcet number="0">20</wcet>
            <wcet number="1">50</wcet>
            <maxpow number="0.6508687220360228"/>
            <maxpow number="0.6508687220360228"/>
            <fprob>0.0</fprob>
        </actor>
        <actor name="D0N4">
            <wcet number="0">20</wcet>
            <wcet number="1">20</wcet>
            <maxpow number="0.3154656194146884"/>
            <maxpow number="0.3154656194146884"/>
            <fprob>0.0</fprob>
        </actor>
        <actor name="D0N19">
            <wcet number="0">30</wcet>
            <wcet number="1">30</wcet>
            <maxpow number="0.8476375549101139"/>
            <maxpow number="0.8476375549101139"/>
            <fprob>0.0</fprob>
        </actor>
        <actor name="D0N38">
            <wcet number="0">80</wcet>
            <wcet number="1">120</wcet>
            <maxpow number="0.4721959604870295"/>
            <maxpow number="0.4721959604870295"/>
            <fprob>0.0</fprob>
        </actor>
        <actor name="D0N7">
            <wcet number="0">10</wcet>
            <wcet number="1">10</wcet>
            <maxpow number="0.611628789057896"/>
            <maxpow number="0.611628789057896"/>
            <fprob>0.0</fprob>
        </actor>
        <actor name="D0N11">
            <wcet number="0">10</wcet>
            <wcet number="1">80</wcet>
            <maxpow number="0.6264397275936909"/>
            <maxpow number="0.6264397275936909"/>
            <fprob>0.0</fprob>
        </actor>
        <actor name="D0N41">
            <wcet number="0">30</wcet>
            <wcet number="1">50</wcet>
            <maxpow number="0.649248255255358"/>
            <maxpow number="0.649248255255358"/>
            <fprob>0.0</fprob>
        </actor>
        <actor name="D0N28">
            <wcet number="0">10</wcet>
            <wcet number="1">20</wcet>
            <maxpow number="0.7321422041894916"/>
            <maxpow number="0.7321422041894916"/>
            <fprob>0.0</fprob>
        </actor>
        <actor name="D0N36">
            <wcet number="0">20</wcet>
            <wcet number="1">30</wcet>
            <maxpow number="0.6169551217102189"/>
            <maxpow number="0.6169551217102189"/>
            <fprob>0.0</fprob>
        </actor>
        <actor name="D0N15">
            <wcet number="0">80</wcet>
            <wcet number="1">170</wcet>
            <maxpow number="0.642189305504139"/>
            <maxpow number="0.642189305504139"/>
            <fprob>0.0</fprob>
        </actor>
        <actor name="D0N33">
            <wcet number="0">10</wcet>
            <wcet number="1">40</wcet>
            <maxpow number="0.5302266230015749"/>
            <maxpow number="0.5302266230015749"/>
            <fprob>0.0</fprob>
        </actor>
        <actor name="D0N10">
            <wcet number="0">10</wcet>
            <wcet number="1">10</wcet>
            <maxpow number="0.596551397942951"/>
            <maxpow number="0.596551397942951"/>
            <fprob>0.0</fprob>
        </actor>
        <actor name="D0N21">
            <wcet number="0">10</wcet>
            <wcet number="1">40</wcet>
            <maxpow number="0.14867924464743332"/>
            <maxpow number="0.14867924464743332"/>
            <fprob>0.0</fprob>
        </actor>
        <actor name="D0N29">
            <wcet number="0">40</wcet>
            <wcet number="1">50</wcet>
            <maxpow number="0.33590437406371876"/>
            <maxpow number="0.33590437406371876"/>
            <fprob>0.0</fprob>
        </actor>
        <actor name="D0N42">
            <wcet number="0">10</wcet>
            <wcet number="1">10</wcet>
            <maxpow number="0.3072371025779922"/>
            <maxpow number="0.3072371025779922"/>
            <fprob>0.0</fprob>
        </actor>
        <actor name="D0N9">
            <wcet number="0">10</wcet>
            <wcet number="1">40</wcet>
            <maxpow number="0.5198581611044792"/>
            <maxpow number="0.5198581611044792"/>
            <fprob>0.0</fprob>
        </actor>
        <actor name="D0N20">
            <wcet number="0">60</wcet>
            <wcet number="1">60</wcet>
            <maxpow number="0.012076059446243681"/>
            <maxpow number="0.012076059446243681"/>
            <fprob>0.0</fprob>
        </actor>
        <actor name="D0N24">
            <wcet number="0">10</wcet>
            <wcet number="1">10</wcet>
            <maxpow number="0.48792252206885833"/>
            <maxpow number="0.48792252206885833"/>
            <fprob>0.0</fprob>
        </actor>
        <actor name="D0N3">
            <wcet number="0">20</wcet>
            <wcet number="1">20</wcet>
            <maxpow number="0.2912388711639875"/>
            <maxpow number="0.2912388711639875"/>
            <fprob>0.0</fprob>
        </actor>
        <actor name="D0N25">
            <wcet number="0">60</wcet>
            <wcet number="1">70</wcet>
            <maxpow number="0.6313330744433618"/>
            <maxpow number="0.6313330744433618"/>
            <fprob>0.0</fprob>
        </actor>
        <actor name="D0N1">
            <wcet number="0">10</wcet>
            <wcet number="1">10</wcet>
            <maxpow number="0.6804561819337052"/>
            <maxpow number="0.6804561819337052"/>
            <fprob>0.0</fprob>
        </actor>
        <actor name="D0N26">
            <wcet number="0">20</wcet>
            <wcet number="1">30</wcet>
            <maxpow number="0.6264549410259377"/>
            <maxpow number="0.6264549410259377"/>
            <fprob>0.0</fprob>
        </actor>
        <actor name="D0N27">
            <wcet number="0">10</wcet>
            <wcet number="1">20</wcet>
            <maxpow number="0.36079805263917664"/>
            <maxpow number="0.36079805263917664"/>
            <fprob>0.0</fprob>
        </actor>
        <actor name="D0N12">
            <wcet number="0">80</wcet>
            <wcet number="1">100</wcet>
            <maxpow number="0.6320795550462444"/>
            <maxpow number="0.6320795550462444"/>
            <fprob>0.0</fprob>
        </actor>
        <actor name="D0N47">
            <wcet number="0">10</wcet>
            <wcet number="1">10</wcet>
            <maxpow number="0.5841505067714519"/>
            <maxpow number="0.5841505067714519"/>
            <fprob>0.0</fprob>
        </actor>
        <ports>
            <port dstActor="D0N11" name="p0" srcActor="D0N6"/>
            <port dstActor="D0N35" name="p1" srcActor="D0N6"/>
            <port dstActor="D0N10" name="p2" srcActor="D0N6"/>
            <port dstActor="D0N31" name="p3" srcActor="D0N6"/>
            <port dstActor="D0N28" name="p4" srcActor="D0N6"/>
            <port dstActor="D0N19" name="p5" srcActor="D0N14"/>
            <port dstActor="D0N18" name="p6" srcActor="D0N14"/>
            <port dstActor="D0N29" name="p7" srcActor="D0N18"/>
            <port dstActor="D0N25" name="p8" srcActor="D0N13"/>
            <port dstActor="D0N45" name="p9" srcActor="D0N13"/>
            <port dstActor="D0N32" name="p10" srcActor="D0N13"/>
            <port dstActor="D0N14" name="p11" srcActor="D0N0"/>
            <port dstActor="D0N42" name="p12" srcActor="D0N34"/>
            <port dstActor="D0N44" name="p13" srcActor="D0N32"/>
            <port dstActor="D0N46" name="p14" srcActor="D0N2"/>
            <port dstActor="D0N5" name="p15" srcActor="D0N2"/>
            <port dstActor="D0N18" name="p16" srcActor="D0N2"/>
            <port dstActor="D0N26" name="p17" srcActor="D0N2"/>
            <port dstActor="D0N27" name="p18" srcActor="D0N2"/>
            <port dstActor="D0N33" name="p19" srcActor="D0N2"/>
            <port dstActor="D0N10" name="p20" srcActor="D0N2"/>
            <port dstActor="D0N20" name="p21" srcActor="D0N2"/>
            <port dstActor="D0N23" name="p22" srcActor="D0N16"/>
            <port dstActor="D0N27" name="p23" srcActor="D0N16"/>
            <port dstActor="D0N28" name="p24" srcActor="D0N23"/>
            <port dstActor="D0N32" name="p25" srcActor="D0N23"/>
            <port dstActor="D0N44" name="p26" srcActor="D0N23"/>
            <port dstActor="D0N42" name="p27" srcActor="D0N23"/>
            <port dstActor="D0N41" name="p28" srcActor="D0N22"/>
            <port dstActor="D0N36" name="p29" srcActor="D0N22"/>
            <port dstActor="D0N31" name="p30" srcActor="D0N22"/>
            <port dstActor="D0N29" name="p31" srcActor="D0N22"/>
            <port dstActor="D0N43" name="p32" srcActor="D0N35"/>
            <port dstActor="D0N17" name="p33" srcActor="D0N8"/>
            <port dstActor="D0N13" name="p34" srcActor="D0N8"/>
            <port dstActor="D0N44" name="p35" srcActor="D0N8"/>
            <port dstActor="D0N30" name="p36" srcActor="D0N8"/>
            <port dstActor="D0N16" name="p37" srcActor="D0N8"/>
            <port dstActor="D0N40" name="p38" srcActor="D0N5"/>
            <port dstActor="D0N37" name="p39" srcActor="D0N5"/>
            <port dstActor="D0N11" name="p40" srcActor="D0N5"/>
            <port dstActor="D0N34" name="p41" srcActor="D0N5"/>
            <port dstActor="D0N32" name="p42" srcActor="D0N5"/>
            <port dstActor="D0N41" name="p43" srcActor="D0N31"/>
            <port dstActor="D0N24" name="p44" srcActor="D0N17"/>
            <port dstActor="D0N25" name="p45" srcActor="D0N17"/>
            <port dstActor="D0N20" name="p46" srcActor="D0N17"/>
            <port dstActor="D0N32" name="p47" srcActor="D0N30"/>
            <port dstActor="D0N34" name="p48" srcActor="D0N30"/>
            <port dstActor="D0N39" name="p49" srcActor="D0N30"/>
            <port dstActor="D0N46" name="p50" srcActor="D0N37"/>
            <port dstActor="D0N14" name="p51" srcActor="D0N4"/>
            <port dstActor="D0N33" name="p52" srcActor="D0N4"/>
            <port dstActor="D0N17" name="p53" srcActor="D0N4"/>
            <port dstActor="D0N45" name="p54" srcActor="D0N4"/>
            <port dstActor="D0N26" name="p55" srcActor="D0N19"/>
            <port dstActor="D0N33" name="p56" srcActor="D0N19"/>
            <port dstActor="D0N22" name="p57" srcActor="D0N7"/>
            <port dstActor="D0N33" name="p58" srcActor="D0N7"/>
            <port dstActor="D0N14" name="p59" srcActor="D0N7"/>
            <port dstActor="D0N47" name="p60" srcActor="D0N7"/>
            <port dstActor="D0N45" name="p61" srcActor="D0N7"/>
            <port dstActor="D0N46" name="p62" srcActor="D0N7"/>
            <port dstActor="D0N16" name="p63" srcActor="D0N7"/>
            <port dstActor="D0N28" name="p64" srcActor="D0N7"/>
            <port dstActor="D0N21" name="p65" srcActor="D0N7"/>
            <port dstActor="D0N32" name="p66" srcActor="D0N11"/>
            <port dstActor="D0N35" name="p67" srcActor="D0N11"/>
            <port dstActor="D0N24" name="p68" srcActor="D0N11"/>
            <port dstActor="D0N15" name="p69" srcActor="D0N11"/>
            <port dstActor="D0N14" name="p70" srcActor="D0N11"/>
            <port dstActor="D0N20" name="p71" srcActor="D0N11"/>
            <port dstActor="D0N42" name="p72" srcActor="D0N28"/>
            <port dstActor="D0N39" name="p73" srcActor="D0N28"/>
            <port dstActor="D0N34" name="p74" srcActor="D0N15"/>
            <port dstActor="D0N44" name="p75" srcActor="D0N15"/>
            <port dstActor="D0N28" name="p76" srcActor="D0N15"/>
            <port dstActor="D0N21" name="p77" srcActor="D0N15"/>
            <port dstActor="D0N16" name="p78" srcActor="D0N15"/>
            <port dstActor="D0N18" name="p79" srcActor="D0N10"/>
            <port dstActor="D0N33" name="p80" srcActor="D0N10"/>
            <port dstActor="D0N44" name="p81" srcActor="D0N10"/>
            <port dstActor="D0N45" name="p82" srcActor="D0N21"/>
            <port dstActor="D0N40" name="p83" srcActor="D0N21"/>
            <port dstActor="D0N24" name="p84" srcActor="D0N21"/>
            <port dstActor="D0N39" name="p85" srcActor="D0N21"/>
            <port dstActor="D0N43" name="p86" srcActor="D0N21"/>
            <port dstActor="D0N33" name="p87" srcActor="D0N29"/>
            <port dstActor="D0N45" name="p88" srcActor="D0N42"/>
            <port dstActor="D0N46" name="p89" srcActor="D0N42"/>
            <port dstActor="D0N31" name="p90" srcActor="D0N9"/>
            <port dstActor="D0N20" name="p91" srcActor="D0N9"/>
            <port dstActor="D0N41" name="p92" srcActor="D0N9"/>
            <port dstActor="D0N34" name="p93" srcActor="D0N20"/>
            <port dstActor="D0N27" name="p94" srcActor="D0N20"/>
            <port dstActor="D0N25" name="p95" srcActor="D0N20"/>
            <port dstActor="D0N33" name="p96" srcActor="D0N24"/>
            <port dstActor="D0N44" name="p97" srcActor="D0N24"/>
            <port dstActor="D0N42" name="p98" srcActor="D0N3"/>
            <port dstActor="D0N12" name="p99" srcActor="D0N3"/>
            <port dstActor="D0N46" name="p100" srcActor="D0N3"/>
            <port dstActor="D0N15" name="p101" srcActor="D0N3"/>
            <port dstActor="D0N28" name="p102" srcActor="D0N3"/>
            <port dstActor="D0N18" name="p103" srcActor="D0N3"/>
            <port dstActor="D0N40" name="p104" srcActor="D0N25"/>
            <port dstActor="D0N36" name="p105" srcActor="D0N25"/>
            <port dstActor="D0N43" name="p106" srcActor="D0N25"/>
            <port dstActor="D0N23" name="p107" srcActor="D0N1"/>
            <port dstActor="D0N41" name="p108" srcActor="D0N1"/>
            <port dstActor="D0N12" name="p109" srcActor="D0N1"/>
            <port dstActor="D0N30" name="p110" srcActor="D0N1"/>
            <port dstActor="D0N47" name="p111" srcActor="D0N1"/>
            <port dstActor="D0N30" name="p112" srcActor="D0N26"/>
            <port dstActor="D0N43" name="p113" srcActor="D0N26"/>
        </ports>
    </mcdag>
    <cores number="3"/>
    <levels number="2"/>
</mcsystem>
