<?xml version="1.0" encoding="UTF-8" standalone="no"?>
<mcsystem>
    <mcdag deadline="4000" name="genned-0-ed-10.0-0">
        <actor name="D0N46">
            <wcet number="0">190</wcet>
            <wcet number="1">230</wcet>
            <maxpow number="0.6587081193851629"/>
            <maxpow number="0.6587081193851629"/>
            <fprob>0.0</fprob>
        </actor>
        <actor name="D0N8">
            <wcet number="0">120</wcet>
            <wcet number="1">130</wcet>
            <maxpow number="0.3314943593419114"/>
            <maxpow number="0.3314943593419114"/>
            <fprob>0.0</fprob>
        </actor>
        <actor name="D0N32">
            <wcet number="0">180</wcet>
            <wcet number="1">380</wcet>
            <maxpow number="0.4484222071612829"/>
            <maxpow number="0.4484222071612829"/>
            <fprob>0.0</fprob>
        </actor>
        <actor name="D0N41">
            <wcet number="0">20</wcet>
            <wcet number="1">60</wcet>
            <maxpow number="0.6139481440839576"/>
            <maxpow number="0.6139481440839576"/>
            <fprob>0.0</fprob>
        </actor>
        <actor name="D0N25">
            <wcet number="0">80</wcet>
            <wcet number="1">110</wcet>
            <maxpow number="0.5304907849138181"/>
            <maxpow number="0.5304907849138181"/>
            <fprob>0.0</fprob>
        </actor>
        <actor name="D0N12">
            <wcet number="0">30</wcet>
            <wcet number="1">250</wcet>
            <maxpow number="0.6740473893837458"/>
            <maxpow number="0.6740473893837458"/>
            <fprob>0.0</fprob>
        </actor>
        <actor name="D0N21">
            <wcet number="0">90</wcet>
            <wcet number="1">170</wcet>
            <maxpow number="0.24915430656145676"/>
            <maxpow number="0.24915430656145676"/>
            <fprob>0.0</fprob>
        </actor>
        <actor name="D0N18">
            <wcet number="0">20</wcet>
            <wcet number="1">90</wcet>
            <maxpow number="0.6485196223829843"/>
            <maxpow number="0.6485196223829843"/>
            <fprob>0.0</fprob>
        </actor>
        <actor name="D0N22">
            <wcet number="0">20</wcet>
            <wcet number="1">20</wcet>
            <maxpow number="0.6966844006412387"/>
            <maxpow number="0.6966844006412387"/>
            <fprob>0.0</fprob>
        </actor>
        <actor name="D0N42">
            <wcet number="0">10</wcet>
            <wcet number="1">60</wcet>
            <maxpow number="0.5977462153435864"/>
            <maxpow number="0.5977462153435864"/>
            <fprob>0.0</fprob>
        </actor>
        <actor name="D0N3">
            <wcet number="0">130</wcet>
            <wcet number="1">460</wcet>
            <maxpow number="0.1820854519435789"/>
            <maxpow number="0.1820854519435789"/>
            <fprob>0.0</fprob>
        </actor>
        <actor name="D0N6">
            <wcet number="0">10</wcet>
            <wcet number="1">50</wcet>
            <maxpow number="0.6897043219916219"/>
            <maxpow number="0.6897043219916219"/>
            <fprob>0.0</fprob>
        </actor>
        <actor name="D0N5">
            <wcet number="0">30</wcet>
            <wcet number="1">30</wcet>
            <maxpow number="0.3610485126028309"/>
            <maxpow number="0.3610485126028309"/>
            <fprob>0.0</fprob>
        </actor>
        <actor name="D0N30">
            <wcet number="0">80</wcet>
            <wcet number="1">430</wcet>
            <maxpow number="0.4829113265338445"/>
            <maxpow number="0.4829113265338445"/>
            <fprob>0.0</fprob>
        </actor>
        <actor name="D0N17">
            <wcet number="0">120</wcet>
            <wcet number="1">240</wcet>
            <maxpow number="0.7350932730905781"/>
            <maxpow number="0.7350932730905781"/>
            <fprob>0.0</fprob>
        </actor>
        <actor name="D0N1">
            <wcet number="0">80</wcet>
            <wcet number="1">130</wcet>
            <maxpow number="0.7064281375563737"/>
            <maxpow number="0.7064281375563737"/>
            <fprob>0.0</fprob>
        </actor>
        <actor name="D0N27">
            <wcet number="0">20</wcet>
            <wcet number="1">120</wcet>
            <maxpow number="0.22919106494775193"/>
            <maxpow number="0.22919106494775193"/>
            <fprob>0.0</fprob>
        </actor>
        <actor name="D0N11">
            <wcet number="0">30</wcet>
            <wcet number="1">130</wcet>
            <maxpow number="0.4949067209045873"/>
            <maxpow number="0.4949067209045873"/>
            <fprob>0.0</fprob>
        </actor>
        <actor name="D0N37">
            <wcet number="0">100</wcet>
            <wcet number="1">100</wcet>
            <maxpow number="0.45340260615791805"/>
            <maxpow number="0.45340260615791805"/>
            <fprob>0.0</fprob>
        </actor>
        <actor name="D0N44">
            <wcet number="0">20</wcet>
            <wcet number="1">100</wcet>
            <maxpow number="0.39005107777440273"/>
            <maxpow number="0.39005107777440273"/>
            <fprob>0.0</fprob>
        </actor>
        <actor name="D0N40">
            <wcet number="0">150</wcet>
            <wcet number="1">320</wcet>
            <maxpow number="0.35135011502312075"/>
            <maxpow number="0.35135011502312075"/>
            <fprob>0.0</fprob>
        </actor>
        <actor name="D0N35">
            <wcet number="0">10</wcet>
            <wcet number="1">20</wcet>
            <maxpow number="0.4456080399134387"/>
            <maxpow number="0.4456080399134387"/>
            <fprob>0.0</fprob>
        </actor>
        <actor name="D0N36">
            <wcet number="0">60</wcet>
            <wcet number="1">960</wcet>
            <maxpow number="0.6643985465592243"/>
            <maxpow number="0.6643985465592243"/>
            <fprob>0.0</fprob>
        </actor>
        <actor name="D0N7">
            <wcet number="0">190</wcet>
            <wcet number="1">240</wcet>
            <maxpow number="0.280759180296468"/>
            <maxpow number="0.280759180296468"/>
            <fprob>0.0</fprob>
        </actor>
        <actor name="D0N38">
            <wcet number="0">90</wcet>
            <wcet number="1">100</wcet>
            <maxpow number="0.6195909134463619"/>
            <maxpow number="0.6195909134463619"/>
            <fprob>0.0</fprob>
        </actor>
        <actor name="D0N28">
            <wcet number="0">30</wcet>
            <wcet number="1">140</wcet>
            <maxpow number="0.44417814224692315"/>
            <maxpow number="0.44417814224692315"/>
            <fprob>0.0</fprob>
        </actor>
        <actor name="D0N48">
            <wcet number="0">230</wcet>
            <wcet number="1">360</wcet>
            <maxpow number="0.6435504827041592"/>
            <maxpow number="0.6435504827041592"/>
            <fprob>0.0</fprob>
        </actor>
        <actor name="D0N34">
            <wcet number="0">10</wcet>
            <wcet number="1">90</wcet>
            <maxpow number="0.40669422123721466"/>
            <maxpow number="0.40669422123721466"/>
            <fprob>0.0</fprob>
        </actor>
        <actor name="D0N14">
            <wcet number="0">160</wcet>
            <wcet number="1">290</wcet>
            <maxpow number="0.46529347578977204"/>
            <maxpow number="0.46529347578977204"/>
            <fprob>0.0</fprob>
        </actor>
        <actor name="D0N39">
            <wcet number="0">340</wcet>
            <wcet number="1">510</wcet>
            <maxpow number="0.3139649837985954"/>
            <maxpow number="0.3139649837985954"/>
            <fprob>0.0</fprob>
        </actor>
        <actor name="D0N49">
            <wcet number="0">40</wcet>
            <wcet number="1">50</wcet>
            <maxpow number="0.3522498096146683"/>
            <maxpow number="0.3522498096146683"/>
            <fprob>0.0</fprob>
        </actor>
        <actor name="D0N26">
            <wcet number="0">100</wcet>
            <wcet number="1">110</wcet>
            <maxpow number="0.5094271428945544"/>
            <maxpow number="0.5094271428945544"/>
            <fprob>0.0</fprob>
        </actor>
        <actor name="D0N45">
            <wcet number="0">10</wcet>
            <wcet number="1">20</wcet>
            <maxpow number="0.6150569752171411"/>
            <maxpow number="0.6150569752171411"/>
            <fprob>0.0</fprob>
        </actor>
        <actor name="D0N33">
            <wcet number="0">140</wcet>
            <wcet number="1">320</wcet>
            <maxpow number="0.6625326861146966"/>
            <maxpow number="0.6625326861146966"/>
            <fprob>0.0</fprob>
        </actor>
        <actor name="D0N16">
            <wcet number="0">180</wcet>
            <wcet number="1">390</wcet>
            <maxpow number="0.4245591763127331"/>
            <maxpow number="0.4245591763127331"/>
            <fprob>0.0</fprob>
        </actor>
        <actor name="D0N13">
            <wcet number="0">40</wcet>
            <wcet number="1">60</wcet>
            <maxpow number="0.46988069151154077"/>
            <maxpow number="0.46988069151154077"/>
            <fprob>0.0</fprob>
        </actor>
        <actor name="D0N4">
            <wcet number="0">70</wcet>
            <wcet number="1">100</wcet>
            <maxpow number="0.6489541506628738"/>
            <maxpow number="0.6489541506628738"/>
            <fprob>0.0</fprob>
        </actor>
        <actor name="D0N43">
            <wcet number="0">10</wcet>
            <wcet number="1">90</wcet>
            <maxpow number="0.5568678167955866"/>
            <maxpow number="0.5568678167955866"/>
            <fprob>0.0</fprob>
        </actor>
        <actor name="D0N24">
            <wcet number="0">60</wcet>
            <wcet number="1">110</wcet>
            <maxpow number="0.4442210842775793"/>
            <maxpow number="0.4442210842775793"/>
            <fprob>0.0</fprob>
        </actor>
        <actor name="D0N29">
            <wcet number="0">210</wcet>
            <wcet number="1">240</wcet>
            <maxpow number="0.277369703232259"/>
            <maxpow number="0.277369703232259"/>
            <fprob>0.0</fprob>
        </actor>
        <actor name="D0N15">
            <wcet number="0">240</wcet>
            <wcet number="1">830</wcet>
            <maxpow number="0.5624946459784029"/>
            <maxpow number="0.5624946459784029"/>
            <fprob>0.0</fprob>
        </actor>
        <actor name="D0N23">
            <wcet number="0">470</wcet>
            <wcet number="1">660</wcet>
            <maxpow number="0.7465598921219272"/>
            <maxpow number="0.7465598921219272"/>
            <fprob>0.0</fprob>
        </actor>
        <actor name="D0N9">
            <wcet number="0">70</wcet>
            <wcet number="1">110</wcet>
            <maxpow number="0.41914732925779097"/>
            <maxpow number="0.41914732925779097"/>
            <fprob>0.0</fprob>
        </actor>
        <actor name="D0N2">
            <wcet number="0">20</wcet>
            <wcet number="1">70</wcet>
            <maxpow number="0.5606321753498329"/>
            <maxpow number="0.5606321753498329"/>
            <fprob>0.0</fprob>
        </actor>
        <actor name="D0N47">
            <wcet number="0">30</wcet>
            <wcet number="1">350</wcet>
            <maxpow number="0.6230691621442305"/>
            <maxpow number="0.6230691621442305"/>
            <fprob>0.0</fprob>
        </actor>
        <actor name="D0N10">
            <wcet number="0">180</wcet>
            <wcet number="1">210</wcet>
            <maxpow number="0.5397813769371156"/>
            <maxpow number="0.5397813769371156"/>
            <fprob>0.0</fprob>
        </actor>
        <actor name="D0N0">
            <wcet number="0">460</wcet>
            <wcet number="1">560</wcet>
            <maxpow number="0.5112082679380249"/>
            <maxpow number="0.5112082679380249"/>
            <fprob>0.0</fprob>
        </actor>
        <actor name="D0N31">
            <wcet number="0">220</wcet>
            <wcet number="1">550</wcet>
            <maxpow number="0.4765865429339228"/>
            <maxpow number="0.4765865429339228"/>
            <fprob>0.0</fprob>
        </actor>
        <actor name="D0N20">
            <wcet number="0">20</wcet>
            <wcet number="1">40</wcet>
            <maxpow number="0.5491271887629613"/>
            <maxpow number="0.5491271887629613"/>
            <fprob>0.0</fprob>
        </actor>
        <actor name="D0N19">
            <wcet number="0">10</wcet>
            <wcet number="1">10</wcet>
            <maxpow number="0.5836221202518137"/>
            <maxpow number="0.5836221202518137"/>
            <fprob>0.0</fprob>
        </actor>
        <ports>
            <port dstActor="D0N28" name="p0" srcActor="D0N8"/>
            <port dstActor="D0N37" name="p1" srcActor="D0N8"/>
            <port dstActor="D0N46" name="p2" srcActor="D0N32"/>
            <port dstActor="D0N33" name="p3" srcActor="D0N32"/>
            <port dstActor="D0N48" name="p4" srcActor="D0N32"/>
            <port dstActor="D0N22" name="p5" srcActor="D0N12"/>
            <port dstActor="D0N18" name="p6" srcActor="D0N12"/>
            <port dstActor="D0N40" name="p7" srcActor="D0N21"/>
            <port dstActor="D0N39" name="p8" srcActor="D0N21"/>
            <port dstActor="D0N23" name="p9" srcActor="D0N21"/>
            <port dstActor="D0N39" name="p10" srcActor="D0N18"/>
            <port dstActor="D0N41" name="p11" srcActor="D0N22"/>
            <port dstActor="D0N36" name="p12" srcActor="D0N22"/>
            <port dstActor="D0N46" name="p13" srcActor="D0N22"/>
            <port dstActor="D0N15" name="p14" srcActor="D0N3"/>
            <port dstActor="D0N22" name="p15" srcActor="D0N3"/>
            <port dstActor="D0N34" name="p16" srcActor="D0N3"/>
            <port dstActor="D0N12" name="p17" srcActor="D0N3"/>
            <port dstActor="D0N40" name="p18" srcActor="D0N3"/>
            <port dstActor="D0N23" name="p19" srcActor="D0N6"/>
            <port dstActor="D0N12" name="p20" srcActor="D0N6"/>
            <port dstActor="D0N38" name="p21" srcActor="D0N6"/>
            <port dstActor="D0N36" name="p22" srcActor="D0N6"/>
            <port dstActor="D0N29" name="p23" srcActor="D0N6"/>
            <port dstActor="D0N11" name="p24" srcActor="D0N6"/>
            <port dstActor="D0N36" name="p25" srcActor="D0N5"/>
            <port dstActor="D0N12" name="p26" srcActor="D0N5"/>
            <port dstActor="D0N25" name="p27" srcActor="D0N5"/>
            <port dstActor="D0N38" name="p28" srcActor="D0N5"/>
            <port dstActor="D0N37" name="p29" srcActor="D0N5"/>
            <port dstActor="D0N43" name="p30" srcActor="D0N30"/>
            <port dstActor="D0N29" name="p31" srcActor="D0N17"/>
            <port dstActor="D0N48" name="p32" srcActor="D0N17"/>
            <port dstActor="D0N32" name="p33" srcActor="D0N17"/>
            <port dstActor="D0N28" name="p34" srcActor="D0N17"/>
            <port dstActor="D0N46" name="p35" srcActor="D0N17"/>
            <port dstActor="D0N49" name="p36" srcActor="D0N17"/>
            <port dstActor="D0N7" name="p37" srcActor="D0N1"/>
            <port dstActor="D0N49" name="p38" srcActor="D0N1"/>
            <port dstActor="D0N12" name="p39" srcActor="D0N1"/>
            <port dstActor="D0N9" name="p40" srcActor="D0N1"/>
            <port dstActor="D0N17" name="p41" srcActor="D0N1"/>
            <port dstActor="D0N31" name="p42" srcActor="D0N1"/>
            <port dstActor="D0N48" name="p43" srcActor="D0N27"/>
            <port dstActor="D0N34" name="p44" srcActor="D0N27"/>
            <port dstActor="D0N41" name="p45" srcActor="D0N27"/>
            <port dstActor="D0N39" name="p46" srcActor="D0N27"/>
            <port dstActor="D0N27" name="p47" srcActor="D0N11"/>
            <port dstActor="D0N47" name="p48" srcActor="D0N11"/>
            <port dstActor="D0N19" name="p49" srcActor="D0N11"/>
            <port dstActor="D0N45" name="p50" srcActor="D0N44"/>
            <port dstActor="D0N48" name="p51" srcActor="D0N44"/>
            <port dstActor="D0N49" name="p52" srcActor="D0N40"/>
            <port dstActor="D0N31" name="p53" srcActor="D0N7"/>
            <port dstActor="D0N45" name="p54" srcActor="D0N28"/>
            <port dstActor="D0N34" name="p55" srcActor="D0N28"/>
            <port dstActor="D0N47" name="p56" srcActor="D0N14"/>
            <port dstActor="D0N48" name="p57" srcActor="D0N14"/>
            <port dstActor="D0N45" name="p58" srcActor="D0N14"/>
            <port dstActor="D0N42" name="p59" srcActor="D0N14"/>
            <port dstActor="D0N20" name="p60" srcActor="D0N14"/>
            <port dstActor="D0N41" name="p61" srcActor="D0N39"/>
            <port dstActor="D0N40" name="p62" srcActor="D0N39"/>
            <port dstActor="D0N27" name="p63" srcActor="D0N26"/>
            <port dstActor="D0N43" name="p64" srcActor="D0N26"/>
            <port dstActor="D0N49" name="p65" srcActor="D0N45"/>
            <port dstActor="D0N45" name="p66" srcActor="D0N33"/>
            <port dstActor="D0N49" name="p67" srcActor="D0N33"/>
            <port dstActor="D0N29" name="p68" srcActor="D0N16"/>
            <port dstActor="D0N48" name="p69" srcActor="D0N16"/>
            <port dstActor="D0N26" name="p70" srcActor="D0N16"/>
            <port dstActor="D0N32" name="p71" srcActor="D0N16"/>
            <port dstActor="D0N44" name="p72" srcActor="D0N16"/>
            <port dstActor="D0N23" name="p73" srcActor="D0N16"/>
            <port dstActor="D0N21" name="p74" srcActor="D0N16"/>
            <port dstActor="D0N45" name="p75" srcActor="D0N16"/>
            <port dstActor="D0N19" name="p76" srcActor="D0N13"/>
            <port dstActor="D0N13" name="p77" srcActor="D0N4"/>
            <port dstActor="D0N7" name="p78" srcActor="D0N4"/>
            <port dstActor="D0N20" name="p79" srcActor="D0N4"/>
            <port dstActor="D0N28" name="p80" srcActor="D0N4"/>
            <port dstActor="D0N35" name="p81" srcActor="D0N24"/>
            <port dstActor="D0N42" name="p82" srcActor="D0N24"/>
            <port dstActor="D0N43" name="p83" srcActor="D0N29"/>
            <port dstActor="D0N32" name="p84" srcActor="D0N29"/>
            <port dstActor="D0N25" name="p85" srcActor="D0N15"/>
            <port dstActor="D0N30" name="p86" srcActor="D0N15"/>
            <port dstActor="D0N38" name="p87" srcActor="D0N23"/>
            <port dstActor="D0N26" name="p88" srcActor="D0N23"/>
            <port dstActor="D0N39" name="p89" srcActor="D0N23"/>
            <port dstActor="D0N37" name="p90" srcActor="D0N9"/>
            <port dstActor="D0N45" name="p91" srcActor="D0N9"/>
            <port dstActor="D0N28" name="p92" srcActor="D0N9"/>
            <port dstActor="D0N11" name="p93" srcActor="D0N9"/>
            <port dstActor="D0N24" name="p94" srcActor="D0N9"/>
            <port dstActor="D0N25" name="p95" srcActor="D0N9"/>
            <port dstActor="D0N39" name="p96" srcActor="D0N9"/>
            <port dstActor="D0N19" name="p97" srcActor="D0N2"/>
            <port dstActor="D0N27" name="p98" srcActor="D0N10"/>
            <port dstActor="D0N25" name="p99" srcActor="D0N10"/>
            <port dstActor="D0N34" name="p100" srcActor="D0N10"/>
            <port dstActor="D0N14" name="p101" srcActor="D0N10"/>
            <port dstActor="D0N45" name="p102" srcActor="D0N10"/>
            <port dstActor="D0N21" name="p103" srcActor="D0N10"/>
            <port dstActor="D0N39" name="p104" srcActor="D0N0"/>
            <port dstActor="D0N38" name="p105" srcActor="D0N0"/>
            <port dstActor="D0N29" name="p106" srcActor="D0N0"/>
            <port dstActor="D0N41" name="p107" srcActor="D0N31"/>
            <port dstActor="D0N32" name="p108" srcActor="D0N31"/>
            <port dstActor="D0N46" name="p109" srcActor="D0N31"/>
            <port dstActor="D0N44" name="p110" srcActor="D0N20"/>
            <port dstActor="D0N41" name="p111" srcActor="D0N19"/>
            <port dstActor="D0N28" name="p112" srcActor="D0N19"/>
        </ports>
    </mcdag>
    <cores number="3"/>
    <levels number="2"/>
</mcsystem>
