<?xml version="1.0" encoding="UTF-8" standalone="no"?>
<mcsystem>
    <mcdag deadline="1000" name="genned-0-ed-10.0-0">
        <actor name="D0N17">
            <wcet number="0">60</wcet>
            <wcet number="1">70</wcet>
            <maxpow number="0.45632664612214036"/>
            <maxpow number="0.45632664612214036"/>
            <fprob>0.0</fprob>
        </actor>
        <actor name="D0N33">
            <wcet number="0">30</wcet>
            <wcet number="1">60</wcet>
            <maxpow number="0.6397122719192616"/>
            <maxpow number="0.6397122719192616"/>
            <fprob>0.0</fprob>
        </actor>
        <actor name="D0N27">
            <wcet number="0">80</wcet>
            <wcet number="1">110</wcet>
            <maxpow number="0.5569589902549223"/>
            <maxpow number="0.5569589902549223"/>
            <fprob>0.0</fprob>
        </actor>
        <actor name="D0N25">
            <wcet number="0">10</wcet>
            <wcet number="1">10</wcet>
            <maxpow number="0.7227736151865805"/>
            <maxpow number="0.7227736151865805"/>
            <fprob>0.0</fprob>
        </actor>
        <actor name="D0N20">
            <wcet number="0">10</wcet>
            <wcet number="1">20</wcet>
            <maxpow number="0.4689430022574335"/>
            <maxpow number="0.4689430022574335"/>
            <fprob>0.0</fprob>
        </actor>
        <actor name="D0N32">
            <wcet number="0">70</wcet>
            <wcet number="1">140</wcet>
            <maxpow number="0.6733427155357823"/>
            <maxpow number="0.6733427155357823"/>
            <fprob>0.0</fprob>
        </actor>
        <actor name="D0N6">
            <wcet number="0">10</wcet>
            <wcet number="1">30</wcet>
            <maxpow number="0.41068815114480184"/>
            <maxpow number="0.41068815114480184"/>
            <fprob>0.0</fprob>
        </actor>
        <actor name="D0N36">
            <wcet number="0">30</wcet>
            <wcet number="1">80</wcet>
            <maxpow number="0.692736679145247"/>
            <maxpow number="0.692736679145247"/>
            <fprob>0.0</fprob>
        </actor>
        <actor name="D0N31">
            <wcet number="0">10</wcet>
            <wcet number="1">40</wcet>
            <maxpow number="0.4463346992036956"/>
            <maxpow number="0.4463346992036956"/>
            <fprob>0.0</fprob>
        </actor>
        <actor name="D0N10">
            <wcet number="0">20</wcet>
            <wcet number="1">30</wcet>
            <maxpow number="0.4970727006763063"/>
            <maxpow number="0.4970727006763063"/>
            <fprob>0.0</fprob>
        </actor>
        <actor name="D0N21">
            <wcet number="0">50</wcet>
            <wcet number="1">50</wcet>
            <maxpow number="0.29682591000799036"/>
            <maxpow number="0.29682591000799036"/>
            <fprob>0.0</fprob>
        </actor>
        <actor name="D0N41">
            <wcet number="0">10</wcet>
            <wcet number="1">40</wcet>
            <maxpow number="0.9691820670517941"/>
            <maxpow number="0.9691820670517941"/>
            <fprob>0.0</fprob>
        </actor>
        <actor name="D0N12">
            <wcet number="0">70</wcet>
            <wcet number="1">100</wcet>
            <maxpow number="0.4534357392809736"/>
            <maxpow number="0.4534357392809736"/>
            <fprob>0.0</fprob>
        </actor>
        <actor name="D0N45">
            <wcet number="0">30</wcet>
            <wcet number="1">50</wcet>
            <maxpow number="0.3790058250266728"/>
            <maxpow number="0.3790058250266728"/>
            <fprob>0.0</fprob>
        </actor>
        <actor name="D0N2">
            <wcet number="0">30</wcet>
            <wcet number="1">50</wcet>
            <maxpow number="0.4529847433073904"/>
            <maxpow number="0.4529847433073904"/>
            <fprob>0.0</fprob>
        </actor>
        <actor name="D0N34">
            <wcet number="0">10</wcet>
            <wcet number="1">10</wcet>
            <maxpow number="0.4521612152344842"/>
            <maxpow number="0.4521612152344842"/>
            <fprob>0.0</fprob>
        </actor>
        <actor name="D0N42">
            <wcet number="0">50</wcet>
            <wcet number="1">60</wcet>
            <maxpow number="0.7233698425151368"/>
            <maxpow number="0.7233698425151368"/>
            <fprob>0.0</fprob>
        </actor>
        <actor name="D0N0">
            <wcet number="0">40</wcet>
            <wcet number="1">40</wcet>
            <maxpow number="0.7924455435694318"/>
            <maxpow number="0.7924455435694318"/>
            <fprob>0.0</fprob>
        </actor>
        <actor name="D0N4">
            <wcet number="0">30</wcet>
            <wcet number="1">60</wcet>
            <maxpow number="0.8187840261379828"/>
            <maxpow number="0.8187840261379828"/>
            <fprob>0.0</fprob>
        </actor>
        <actor name="D0N11">
            <wcet number="0">50</wcet>
            <wcet number="1">50</wcet>
            <maxpow number="0.6170651997231351"/>
            <maxpow number="0.6170651997231351"/>
            <fprob>0.0</fprob>
        </actor>
        <actor name="D0N22">
            <wcet number="0">20</wcet>
            <wcet number="1">50</wcet>
            <maxpow number="0.44636278240493"/>
            <maxpow number="0.44636278240493"/>
            <fprob>0.0</fprob>
        </actor>
        <actor name="D0N7">
            <wcet number="0">70</wcet>
            <wcet number="1">170</wcet>
            <maxpow number="0.37340332143358407"/>
            <maxpow number="0.37340332143358407"/>
            <fprob>0.0</fprob>
        </actor>
        <actor name="D0N5">
            <wcet number="0">10</wcet>
            <wcet number="1">10</wcet>
            <maxpow number="0.50521417713948"/>
            <maxpow number="0.50521417713948"/>
            <fprob>0.0</fprob>
        </actor>
        <actor name="D0N18">
            <wcet number="0">20</wcet>
            <wcet number="1">30</wcet>
            <maxpow number="0.6988299938682301"/>
            <maxpow number="0.6988299938682301"/>
            <fprob>0.0</fprob>
        </actor>
        <actor name="D0N9">
            <wcet number="0">20</wcet>
            <wcet number="1">30</wcet>
            <maxpow number="0.36802755891578853"/>
            <maxpow number="0.36802755891578853"/>
            <fprob>0.0</fprob>
        </actor>
        <actor name="D0N39">
            <wcet number="0">40</wcet>
            <wcet number="1">60</wcet>
            <maxpow number="0.3590943369307845"/>
            <maxpow number="0.3590943369307845"/>
            <fprob>0.0</fprob>
        </actor>
        <actor name="D0N46">
            <wcet number="0">70</wcet>
            <wcet number="1">130</wcet>
            <maxpow number="0.8253147637644722"/>
            <maxpow number="0.8253147637644722"/>
            <fprob>0.0</fprob>
        </actor>
        <actor name="D0N14">
            <wcet number="0">70</wcet>
            <wcet number="1">180</wcet>
            <maxpow number="0.5228274563241384"/>
            <maxpow number="0.5228274563241384"/>
            <fprob>0.0</fprob>
        </actor>
        <actor name="D0N38">
            <wcet number="0">10</wcet>
            <wcet number="1">10</wcet>
            <maxpow number="0.9364362394107579"/>
            <maxpow number="0.9364362394107579"/>
            <fprob>0.0</fprob>
        </actor>
        <actor name="D0N43">
            <wcet number="0">90</wcet>
            <wcet number="1">240</wcet>
            <maxpow number="0.44861797411987847"/>
            <maxpow number="0.44861797411987847"/>
            <fprob>0.0</fprob>
        </actor>
        <actor name="D0N35">
            <wcet number="0">10</wcet>
            <wcet number="1">70</wcet>
            <maxpow number="0.4355167961387849"/>
            <maxpow number="0.4355167961387849"/>
            <fprob>0.0</fprob>
        </actor>
        <actor name="D0N30">
            <wcet number="0">20</wcet>
            <wcet number="1">40</wcet>
            <maxpow number="0.7394274236600102"/>
            <maxpow number="0.7394274236600102"/>
            <fprob>0.0</fprob>
        </actor>
        <actor name="D0N13">
            <wcet number="0">60</wcet>
            <wcet number="1">60</wcet>
            <maxpow number="0.10333131845101368"/>
            <maxpow number="0.10333131845101368"/>
            <fprob>0.0</fprob>
        </actor>
        <actor name="D0N19">
            <wcet number="0">30</wcet>
            <wcet number="1">60</wcet>
            <maxpow number="0.5773067069626897"/>
            <maxpow number="0.5773067069626897"/>
            <fprob>0.0</fprob>
        </actor>
        <actor name="D0N44">
            <wcet number="0">20</wcet>
            <wcet number="1">80</wcet>
            <maxpow number="0.6245194520011317"/>
            <maxpow number="0.6245194520011317"/>
            <fprob>0.0</fprob>
        </actor>
        <actor name="D0N24">
            <wcet number="0">30</wcet>
            <wcet number="1">80</wcet>
            <maxpow number="0.5345968168421459"/>
            <maxpow number="0.5345968168421459"/>
            <fprob>0.0</fprob>
        </actor>
        <actor name="D0N26">
            <wcet number="0">80</wcet>
            <wcet number="1">100</wcet>
            <maxpow number="0.5440466286085583"/>
            <maxpow number="0.5440466286085583"/>
            <fprob>0.0</fprob>
        </actor>
        <actor name="D0N1">
            <wcet number="0">30</wcet>
            <wcet number="1">30</wcet>
            <maxpow number="0.7236815082169996"/>
            <maxpow number="0.7236815082169996"/>
            <fprob>0.0</fprob>
        </actor>
        <actor name="D0N8">
            <wcet number="0">10</wcet>
            <wcet number="1">20</wcet>
            <maxpow number="0.3884889648398191"/>
            <maxpow number="0.3884889648398191"/>
            <fprob>0.0</fprob>
        </actor>
        <actor name="D0N28">
            <wcet number="0">40</wcet>
            <wcet number="1">40</wcet>
            <maxpow number="0.8028427062182877"/>
            <maxpow number="0.8028427062182877"/>
            <fprob>0.0</fprob>
        </actor>
        <actor name="D0N3">
            <wcet number="0">10</wcet>
            <wcet number="1">10</wcet>
            <maxpow number="0.2005750177928926"/>
            <maxpow number="0.2005750177928926"/>
            <fprob>0.0</fprob>
        </actor>
        <actor name="D0N40">
            <wcet number="0">50</wcet>
            <wcet number="1">80</wcet>
            <maxpow number="0.42183086134406467"/>
            <maxpow number="0.42183086134406467"/>
            <fprob>0.0</fprob>
        </actor>
        <actor name="D0N37">
            <wcet number="0">10</wcet>
            <wcet number="1">20</wcet>
            <maxpow number="0.44203022985356927"/>
            <maxpow number="0.44203022985356927"/>
            <fprob>0.0</fprob>
        </actor>
        <actor name="D0N16">
            <wcet number="0">20</wcet>
            <wcet number="1">20</wcet>
            <maxpow number="0.4759818093745686"/>
            <maxpow number="0.4759818093745686"/>
            <fprob>0.0</fprob>
        </actor>
        <actor name="D0N23">
            <wcet number="0">40</wcet>
            <wcet number="1">50</wcet>
            <maxpow number="0.6519596517637893"/>
            <maxpow number="0.6519596517637893"/>
            <fprob>0.0</fprob>
        </actor>
        <actor name="D0N29">
            <wcet number="0">40</wcet>
            <wcet number="1">100</wcet>
            <maxpow number="0.4365364321522198"/>
            <maxpow number="0.4365364321522198"/>
            <fprob>0.0</fprob>
        </actor>
        <actor name="D0N15">
            <wcet number="0">10</wcet>
            <wcet number="1">30</wcet>
            <maxpow number="0.47908119613332434"/>
            <maxpow number="0.47908119613332434"/>
            <fprob>0.0</fprob>
        </actor>
        <ports>
            <port dstActor="D0N19" name="p0" srcActor="D0N17"/>
            <port dstActor="D0N24" name="p1" srcActor="D0N17"/>
            <port dstActor="D0N42" name="p2" srcActor="D0N33"/>
            <port dstActor="D0N31" name="p3" srcActor="D0N25"/>
            <port dstActor="D0N43" name="p4" srcActor="D0N25"/>
            <port dstActor="D0N40" name="p5" srcActor="D0N25"/>
            <port dstActor="D0N28" name="p6" srcActor="D0N20"/>
            <port dstActor="D0N25" name="p7" srcActor="D0N20"/>
            <port dstActor="D0N26" name="p8" srcActor="D0N20"/>
            <port dstActor="D0N19" name="p9" srcActor="D0N6"/>
            <port dstActor="D0N29" name="p10" srcActor="D0N6"/>
            <port dstActor="D0N18" name="p11" srcActor="D0N6"/>
            <port dstActor="D0N15" name="p12" srcActor="D0N6"/>
            <port dstActor="D0N46" name="p13" srcActor="D0N6"/>
            <port dstActor="D0N38" name="p14" srcActor="D0N36"/>
            <port dstActor="D0N40" name="p15" srcActor="D0N31"/>
            <port dstActor="D0N38" name="p16" srcActor="D0N10"/>
            <port dstActor="D0N43" name="p17" srcActor="D0N10"/>
            <port dstActor="D0N19" name="p18" srcActor="D0N10"/>
            <port dstActor="D0N23" name="p19" srcActor="D0N10"/>
            <port dstActor="D0N26" name="p20" srcActor="D0N10"/>
            <port dstActor="D0N42" name="p21" srcActor="D0N10"/>
            <port dstActor="D0N29" name="p22" srcActor="D0N21"/>
            <port dstActor="D0N26" name="p23" srcActor="D0N21"/>
            <port dstActor="D0N36" name="p24" srcActor="D0N12"/>
            <port dstActor="D0N14" name="p25" srcActor="D0N12"/>
            <port dstActor="D0N26" name="p26" srcActor="D0N12"/>
            <port dstActor="D0N33" name="p27" srcActor="D0N2"/>
            <port dstActor="D0N24" name="p28" srcActor="D0N2"/>
            <port dstActor="D0N44" name="p29" srcActor="D0N34"/>
            <port dstActor="D0N40" name="p30" srcActor="D0N34"/>
            <port dstActor="D0N43" name="p31" srcActor="D0N42"/>
            <port dstActor="D0N38" name="p32" srcActor="D0N4"/>
            <port dstActor="D0N6" name="p33" srcActor="D0N4"/>
            <port dstActor="D0N32" name="p34" srcActor="D0N4"/>
            <port dstActor="D0N45" name="p35" srcActor="D0N4"/>
            <port dstActor="D0N32" name="p36" srcActor="D0N11"/>
            <port dstActor="D0N44" name="p37" srcActor="D0N22"/>
            <port dstActor="D0N26" name="p38" srcActor="D0N22"/>
            <port dstActor="D0N30" name="p39" srcActor="D0N22"/>
            <port dstActor="D0N28" name="p40" srcActor="D0N22"/>
            <port dstActor="D0N13" name="p41" srcActor="D0N7"/>
            <port dstActor="D0N19" name="p42" srcActor="D0N7"/>
            <port dstActor="D0N32" name="p43" srcActor="D0N7"/>
            <port dstActor="D0N21" name="p44" srcActor="D0N7"/>
            <port dstActor="D0N39" name="p45" srcActor="D0N7"/>
            <port dstActor="D0N15" name="p46" srcActor="D0N7"/>
            <port dstActor="D0N33" name="p47" srcActor="D0N5"/>
            <port dstActor="D0N40" name="p48" srcActor="D0N5"/>
            <port dstActor="D0N26" name="p49" srcActor="D0N5"/>
            <port dstActor="D0N26" name="p50" srcActor="D0N18"/>
            <port dstActor="D0N42" name="p51" srcActor="D0N18"/>
            <port dstActor="D0N21" name="p52" srcActor="D0N18"/>
            <port dstActor="D0N10" name="p53" srcActor="D0N9"/>
            <port dstActor="D0N17" name="p54" srcActor="D0N9"/>
            <port dstActor="D0N26" name="p55" srcActor="D0N9"/>
            <port dstActor="D0N42" name="p56" srcActor="D0N39"/>
            <port dstActor="D0N33" name="p57" srcActor="D0N14"/>
            <port dstActor="D0N22" name="p58" srcActor="D0N14"/>
            <port dstActor="D0N44" name="p59" srcActor="D0N43"/>
            <port dstActor="D0N45" name="p60" srcActor="D0N35"/>
            <port dstActor="D0N41" name="p61" srcActor="D0N30"/>
            <port dstActor="D0N19" name="p62" srcActor="D0N13"/>
            <port dstActor="D0N22" name="p63" srcActor="D0N13"/>
            <port dstActor="D0N36" name="p64" srcActor="D0N13"/>
            <port dstActor="D0N39" name="p65" srcActor="D0N19"/>
            <port dstActor="D0N42" name="p66" srcActor="D0N19"/>
            <port dstActor="D0N45" name="p67" srcActor="D0N44"/>
            <port dstActor="D0N29" name="p68" srcActor="D0N24"/>
            <port dstActor="D0N37" name="p69" srcActor="D0N24"/>
            <port dstActor="D0N33" name="p70" srcActor="D0N26"/>
            <port dstActor="D0N37" name="p71" srcActor="D0N26"/>
            <port dstActor="D0N45" name="p72" srcActor="D0N26"/>
            <port dstActor="D0N35" name="p73" srcActor="D0N26"/>
            <port dstActor="D0N46" name="p74" srcActor="D0N26"/>
            <port dstActor="D0N46" name="p75" srcActor="D0N1"/>
            <port dstActor="D0N5" name="p76" srcActor="D0N1"/>
            <port dstActor="D0N39" name="p77" srcActor="D0N1"/>
            <port dstActor="D0N45" name="p78" srcActor="D0N1"/>
            <port dstActor="D0N23" name="p79" srcActor="D0N1"/>
            <port dstActor="D0N27" name="p80" srcActor="D0N8"/>
            <port dstActor="D0N36" name="p81" srcActor="D0N28"/>
            <port dstActor="D0N44" name="p82" srcActor="D0N28"/>
            <port dstActor="D0N32" name="p83" srcActor="D0N28"/>
            <port dstActor="D0N7" name="p84" srcActor="D0N3"/>
            <port dstActor="D0N42" name="p85" srcActor="D0N3"/>
            <port dstActor="D0N21" name="p86" srcActor="D0N3"/>
            <port dstActor="D0N26" name="p87" srcActor="D0N3"/>
            <port dstActor="D0N46" name="p88" srcActor="D0N37"/>
            <port dstActor="D0N31" name="p89" srcActor="D0N16"/>
            <port dstActor="D0N43" name="p90" srcActor="D0N16"/>
            <port dstActor="D0N38" name="p91" srcActor="D0N23"/>
            <port dstActor="D0N46" name="p92" srcActor="D0N29"/>
            <port dstActor="D0N23" name="p93" srcActor="D0N15"/>
            <port dstActor="D0N35" name="p94" srcActor="D0N15"/>
            <port dstActor="D0N26" name="p95" srcActor="D0N15"/>
            <port dstActor="D0N40" name="p96" srcActor="D0N15"/>
            <port dstActor="D0N36" name="p97" srcActor="D0N15"/>
        </ports>
    </mcdag>
    <cores number="3"/>
    <levels number="2"/>
</mcsystem>
