<?xml version="1.0" encoding="UTF-8" standalone="no"?>
<mcsystem>
    <mcdag deadline="1500" name="genned-0-ed-10.0-0">
        <actor name="D0N25">
            <wcet number="0">30</wcet>
            <wcet number="1">40</wcet>
            <maxpow number="0.7430864099489508"/>
            <maxpow number="0.7430864099489508"/>
            <fprob>0.0</fprob>
        </actor>
        <actor name="D0N31">
            <wcet number="0">30</wcet>
            <wcet number="1">30</wcet>
            <maxpow number="0.8194408742851718"/>
            <maxpow number="0.8194408742851718"/>
            <fprob>0.0</fprob>
        </actor>
        <actor name="D0N9">
            <wcet number="0">10</wcet>
            <wcet number="1">50</wcet>
            <maxpow number="0.6894841290434491"/>
            <maxpow number="0.6894841290434491"/>
            <fprob>0.0</fprob>
        </actor>
        <actor name="D0N44">
            <wcet number="0">10</wcet>
            <wcet number="1">90</wcet>
            <maxpow number="0.40560777019512706"/>
            <maxpow number="0.40560777019512706"/>
            <fprob>0.0</fprob>
        </actor>
        <actor name="D0N40">
            <wcet number="0">200</wcet>
            <wcet number="1">280</wcet>
            <maxpow number="0.4965597090366144"/>
            <maxpow number="0.4965597090366144"/>
            <fprob>0.0</fprob>
        </actor>
        <actor name="D0N17">
            <wcet number="0">10</wcet>
            <wcet number="1">60</wcet>
            <maxpow number="0.2882851129905679"/>
            <maxpow number="0.2882851129905679"/>
            <fprob>0.0</fprob>
        </actor>
        <actor name="D0N43">
            <wcet number="0">60</wcet>
            <wcet number="1">130</wcet>
            <maxpow number="0.5266084357888449"/>
            <maxpow number="0.5266084357888449"/>
            <fprob>0.0</fprob>
        </actor>
        <actor name="D0N24">
            <wcet number="0">10</wcet>
            <wcet number="1">20</wcet>
            <maxpow number="0.7438788212117216"/>
            <maxpow number="0.7438788212117216"/>
            <fprob>0.0</fprob>
        </actor>
        <actor name="D0N4">
            <wcet number="0">10</wcet>
            <wcet number="1">10</wcet>
            <maxpow number="0.3923302397930112"/>
            <maxpow number="0.3923302397930112"/>
            <fprob>0.0</fprob>
        </actor>
        <actor name="D0N23">
            <wcet number="0">80</wcet>
            <wcet number="1">80</wcet>
            <maxpow number="0.3750984620543606"/>
            <maxpow number="0.3750984620543606"/>
            <fprob>0.0</fprob>
        </actor>
        <actor name="D0N42">
            <wcet number="0">30</wcet>
            <wcet number="1">120</wcet>
            <maxpow number="0.5681153043306472"/>
            <maxpow number="0.5681153043306472"/>
            <fprob>0.0</fprob>
        </actor>
        <actor name="D0N7">
            <wcet number="0">50</wcet>
            <wcet number="1">180</wcet>
            <maxpow number="0.037547330366536125"/>
            <maxpow number="0.037547330366536125"/>
            <fprob>0.0</fprob>
        </actor>
        <actor name="D0N5">
            <wcet number="0">30</wcet>
            <wcet number="1">50</wcet>
            <maxpow number="0.6813914178350907"/>
            <maxpow number="0.6813914178350907"/>
            <fprob>0.0</fprob>
        </actor>
        <actor name="D0N11">
            <wcet number="0">10</wcet>
            <wcet number="1">10</wcet>
            <maxpow number="0.4612829820102373"/>
            <maxpow number="0.4612829820102373"/>
            <fprob>0.0</fprob>
        </actor>
        <actor name="D0N32">
            <wcet number="0">30</wcet>
            <wcet number="1">30</wcet>
            <maxpow number="0.4530391018450972"/>
            <maxpow number="0.4530391018450972"/>
            <fprob>0.0</fprob>
        </actor>
        <actor name="D0N12">
            <wcet number="0">10</wcet>
            <wcet number="1">20</wcet>
            <maxpow number="0.6088487424426208"/>
            <maxpow number="0.6088487424426208"/>
            <fprob>0.0</fprob>
        </actor>
        <actor name="D0N35">
            <wcet number="0">30</wcet>
            <wcet number="1">80</wcet>
            <maxpow number="0.4421066312122517"/>
            <maxpow number="0.4421066312122517"/>
            <fprob>0.0</fprob>
        </actor>
        <actor name="D0N0">
            <wcet number="0">70</wcet>
            <wcet number="1">170</wcet>
            <maxpow number="0.4122665631265662"/>
            <maxpow number="0.4122665631265662"/>
            <fprob>0.0</fprob>
        </actor>
        <actor name="D0N19">
            <wcet number="0">10</wcet>
            <wcet number="1">40</wcet>
            <maxpow number="0.6233749113142437"/>
            <maxpow number="0.6233749113142437"/>
            <fprob>0.0</fprob>
        </actor>
        <actor name="D0N28">
            <wcet number="0">20</wcet>
            <wcet number="1">20</wcet>
            <maxpow number="0.5188657178361819"/>
            <maxpow number="0.5188657178361819"/>
            <fprob>0.0</fprob>
        </actor>
        <actor name="D0N8">
            <wcet number="0">110</wcet>
            <wcet number="1">120</wcet>
            <maxpow number="0.5197801598274876"/>
            <maxpow number="0.5197801598274876"/>
            <fprob>0.0</fprob>
        </actor>
        <actor name="D0N38">
            <wcet number="0">60</wcet>
            <wcet number="1">70</wcet>
            <maxpow number="0.4564481256501723"/>
            <maxpow number="0.4564481256501723"/>
            <fprob>0.0</fprob>
        </actor>
        <actor name="D0N16">
            <wcet number="0">180</wcet>
            <wcet number="1">240</wcet>
            <maxpow number="0.744974852572524"/>
            <maxpow number="0.744974852572524"/>
            <fprob>0.0</fprob>
        </actor>
        <actor name="D0N26">
            <wcet number="0">50</wcet>
            <wcet number="1">60</wcet>
            <maxpow number="0.49606921763441225"/>
            <maxpow number="0.49606921763441225"/>
            <fprob>0.0</fprob>
        </actor>
        <actor name="D0N2">
            <wcet number="0">30</wcet>
            <wcet number="1">30</wcet>
            <maxpow number="0.25374567511297735"/>
            <maxpow number="0.25374567511297735"/>
            <fprob>0.0</fprob>
        </actor>
        <actor name="D0N3">
            <wcet number="0">10</wcet>
            <wcet number="1">40</wcet>
            <maxpow number="0.6426339322367749"/>
            <maxpow number="0.6426339322367749"/>
            <fprob>0.0</fprob>
        </actor>
        <actor name="D0N33">
            <wcet number="0">10</wcet>
            <wcet number="1">40</wcet>
            <maxpow number="0.5899336091519729"/>
            <maxpow number="0.5899336091519729"/>
            <fprob>0.0</fprob>
        </actor>
        <actor name="D0N21">
            <wcet number="0">20</wcet>
            <wcet number="1">30</wcet>
            <maxpow number="0.5762785069015655"/>
            <maxpow number="0.5762785069015655"/>
            <fprob>0.0</fprob>
        </actor>
        <actor name="D0N1">
            <wcet number="0">10</wcet>
            <wcet number="1">40</wcet>
            <maxpow number="0.6059804392642815"/>
            <maxpow number="0.6059804392642815"/>
            <fprob>0.0</fprob>
        </actor>
        <actor name="D0N37">
            <wcet number="0">10</wcet>
            <wcet number="1">10</wcet>
            <maxpow number="0.4243411492230815"/>
            <maxpow number="0.4243411492230815"/>
            <fprob>0.0</fprob>
        </actor>
        <actor name="D0N46">
            <wcet number="0">10</wcet>
            <wcet number="1">10</wcet>
            <maxpow number="0.41401049053711825"/>
            <maxpow number="0.41401049053711825"/>
            <fprob>0.0</fprob>
        </actor>
        <actor name="D0N15">
            <wcet number="0">10</wcet>
            <wcet number="1">10</wcet>
            <maxpow number="0.7567397242116644"/>
            <maxpow number="0.7567397242116644"/>
            <fprob>0.0</fprob>
        </actor>
        <actor name="D0N29">
            <wcet number="0">20</wcet>
            <wcet number="1">20</wcet>
            <maxpow number="0.6203033158325191"/>
            <maxpow number="0.6203033158325191"/>
            <fprob>0.0</fprob>
        </actor>
        <actor name="D0N34">
            <wcet number="0">10</wcet>
            <wcet number="1">10</wcet>
            <maxpow number="0.3248035719702982"/>
            <maxpow number="0.3248035719702982"/>
            <fprob>0.0</fprob>
        </actor>
        <actor name="D0N36">
            <wcet number="0">100</wcet>
            <wcet number="1">140</wcet>
            <maxpow number="0.7773956641892598"/>
            <maxpow number="0.7773956641892598"/>
            <fprob>0.0</fprob>
        </actor>
        <actor name="D0N14">
            <wcet number="0">40</wcet>
            <wcet number="1">60</wcet>
            <maxpow number="0.2921849544649047"/>
            <maxpow number="0.2921849544649047"/>
            <fprob>0.0</fprob>
        </actor>
        <actor name="D0N18">
            <wcet number="0">10</wcet>
            <wcet number="1">60</wcet>
            <maxpow number="0.7902087450608967"/>
            <maxpow number="0.7902087450608967"/>
            <fprob>0.0</fprob>
        </actor>
        <actor name="D0N13">
            <wcet number="0">40</wcet>
            <wcet number="1">80</wcet>
            <maxpow number="0.38269517328431124"/>
            <maxpow number="0.38269517328431124"/>
            <fprob>0.0</fprob>
        </actor>
        <actor name="D0N20">
            <wcet number="0">10</wcet>
            <wcet number="1">20</wcet>
            <maxpow number="0.4729337855986768"/>
            <maxpow number="0.4729337855986768"/>
            <fprob>0.0</fprob>
        </actor>
        <actor name="D0N30">
            <wcet number="0">10</wcet>
            <wcet number="1">10</wcet>
            <maxpow number="0.8266497694406734"/>
            <maxpow number="0.8266497694406734"/>
            <fprob>0.0</fprob>
        </actor>
        <actor name="D0N27">
            <wcet number="0">10</wcet>
            <wcet number="1">130</wcet>
            <maxpow number="0.5794505858223992"/>
            <maxpow number="0.5794505858223992"/>
            <fprob>0.0</fprob>
        </actor>
        <actor name="D0N45">
            <wcet number="0">80</wcet>
            <wcet number="1">140</wcet>
            <maxpow number="0.6895617243651166"/>
            <maxpow number="0.6895617243651166"/>
            <fprob>0.0</fprob>
        </actor>
        <actor name="D0N10">
            <wcet number="0">30</wcet>
            <wcet number="1">30</wcet>
            <maxpow number="1.0484011988905324"/>
            <maxpow number="1.0484011988905324"/>
            <fprob>0.0</fprob>
        </actor>
        <actor name="D0N22">
            <wcet number="0">10</wcet>
            <wcet number="1">20</wcet>
            <maxpow number="0.6247980726869937"/>
            <maxpow number="0.6247980726869937"/>
            <fprob>0.0</fprob>
        </actor>
        <actor name="D0N39">
            <wcet number="0">100</wcet>
            <wcet number="1">100</wcet>
            <maxpow number="0.45913740539538245"/>
            <maxpow number="0.45913740539538245"/>
            <fprob>0.0</fprob>
        </actor>
        <actor name="D0N41">
            <wcet number="0">100</wcet>
            <wcet number="1">100</wcet>
            <maxpow number="0.4158237060645795"/>
            <maxpow number="0.4158237060645795"/>
            <fprob>0.0</fprob>
        </actor>
        <actor name="D0N6">
            <wcet number="0">10</wcet>
            <wcet number="1">20</wcet>
            <maxpow number="0.772817105614363"/>
            <maxpow number="0.772817105614363"/>
            <fprob>0.0</fprob>
        </actor>
        <ports>
            <port dstActor="D0N38" name="p0" srcActor="D0N25"/>
            <port dstActor="D0N29" name="p1" srcActor="D0N25"/>
            <port dstActor="D0N38" name="p2" srcActor="D0N31"/>
            <port dstActor="D0N32" name="p3" srcActor="D0N31"/>
            <port dstActor="D0N40" name="p4" srcActor="D0N31"/>
            <port dstActor="D0N39" name="p5" srcActor="D0N31"/>
            <port dstActor="D0N27" name="p6" srcActor="D0N9"/>
            <port dstActor="D0N35" name="p7" srcActor="D0N9"/>
            <port dstActor="D0N21" name="p8" srcActor="D0N9"/>
            <port dstActor="D0N41" name="p9" srcActor="D0N9"/>
            <port dstActor="D0N29" name="p10" srcActor="D0N9"/>
            <port dstActor="D0N46" name="p11" srcActor="D0N44"/>
            <port dstActor="D0N33" name="p12" srcActor="D0N17"/>
            <port dstActor="D0N38" name="p13" srcActor="D0N17"/>
            <port dstActor="D0N27" name="p14" srcActor="D0N17"/>
            <port dstActor="D0N36" name="p15" srcActor="D0N17"/>
            <port dstActor="D0N38" name="p16" srcActor="D0N24"/>
            <port dstActor="D0N42" name="p17" srcActor="D0N24"/>
            <port dstActor="D0N32" name="p18" srcActor="D0N24"/>
            <port dstActor="D0N41" name="p19" srcActor="D0N24"/>
            <port dstActor="D0N34" name="p20" srcActor="D0N24"/>
            <port dstActor="D0N13" name="p21" srcActor="D0N4"/>
            <port dstActor="D0N20" name="p22" srcActor="D0N4"/>
            <port dstActor="D0N43" name="p23" srcActor="D0N4"/>
            <port dstActor="D0N42" name="p24" srcActor="D0N4"/>
            <port dstActor="D0N14" name="p25" srcActor="D0N4"/>
            <port dstActor="D0N25" name="p26" srcActor="D0N23"/>
            <port dstActor="D0N43" name="p27" srcActor="D0N23"/>
            <port dstActor="D0N9" name="p28" srcActor="D0N7"/>
            <port dstActor="D0N37" name="p29" srcActor="D0N7"/>
            <port dstActor="D0N9" name="p30" srcActor="D0N5"/>
            <port dstActor="D0N33" name="p31" srcActor="D0N5"/>
            <port dstActor="D0N27" name="p32" srcActor="D0N11"/>
            <port dstActor="D0N22" name="p33" srcActor="D0N11"/>
            <port dstActor="D0N46" name="p34" srcActor="D0N11"/>
            <port dstActor="D0N15" name="p35" srcActor="D0N12"/>
            <port dstActor="D0N20" name="p36" srcActor="D0N12"/>
            <port dstActor="D0N26" name="p37" srcActor="D0N12"/>
            <port dstActor="D0N43" name="p38" srcActor="D0N35"/>
            <port dstActor="D0N18" name="p39" srcActor="D0N0"/>
            <port dstActor="D0N19" name="p40" srcActor="D0N0"/>
            <port dstActor="D0N34" name="p41" srcActor="D0N19"/>
            <port dstActor="D0N30" name="p42" srcActor="D0N19"/>
            <port dstActor="D0N30" name="p43" srcActor="D0N28"/>
            <port dstActor="D0N39" name="p44" srcActor="D0N28"/>
            <port dstActor="D0N41" name="p45" srcActor="D0N8"/>
            <port dstActor="D0N18" name="p46" srcActor="D0N16"/>
            <port dstActor="D0N39" name="p47" srcActor="D0N16"/>
            <port dstActor="D0N26" name="p48" srcActor="D0N16"/>
            <port dstActor="D0N40" name="p49" srcActor="D0N16"/>
            <port dstActor="D0N31" name="p50" srcActor="D0N16"/>
            <port dstActor="D0N30" name="p51" srcActor="D0N16"/>
            <port dstActor="D0N44" name="p52" srcActor="D0N16"/>
            <port dstActor="D0N36" name="p53" srcActor="D0N26"/>
            <port dstActor="D0N31" name="p54" srcActor="D0N26"/>
            <port dstActor="D0N43" name="p55" srcActor="D0N2"/>
            <port dstActor="D0N5" name="p56" srcActor="D0N2"/>
            <port dstActor="D0N37" name="p57" srcActor="D0N2"/>
            <port dstActor="D0N6" name="p58" srcActor="D0N2"/>
            <port dstActor="D0N41" name="p59" srcActor="D0N2"/>
            <port dstActor="D0N17" name="p60" srcActor="D0N2"/>
            <port dstActor="D0N46" name="p61" srcActor="D0N33"/>
            <port dstActor="D0N34" name="p62" srcActor="D0N33"/>
            <port dstActor="D0N43" name="p63" srcActor="D0N21"/>
            <port dstActor="D0N36" name="p64" srcActor="D0N21"/>
            <port dstActor="D0N20" name="p65" srcActor="D0N1"/>
            <port dstActor="D0N43" name="p66" srcActor="D0N1"/>
            <port dstActor="D0N2" name="p67" srcActor="D0N1"/>
            <port dstActor="D0N32" name="p68" srcActor="D0N15"/>
            <port dstActor="D0N23" name="p69" srcActor="D0N15"/>
            <port dstActor="D0N36" name="p70" srcActor="D0N15"/>
            <port dstActor="D0N44" name="p71" srcActor="D0N15"/>
            <port dstActor="D0N38" name="p72" srcActor="D0N29"/>
            <port dstActor="D0N44" name="p73" srcActor="D0N29"/>
            <port dstActor="D0N35" name="p74" srcActor="D0N34"/>
            <port dstActor="D0N39" name="p75" srcActor="D0N36"/>
            <port dstActor="D0N43" name="p76" srcActor="D0N36"/>
            <port dstActor="D0N15" name="p77" srcActor="D0N14"/>
            <port dstActor="D0N27" name="p78" srcActor="D0N14"/>
            <port dstActor="D0N24" name="p79" srcActor="D0N18"/>
            <port dstActor="D0N25" name="p80" srcActor="D0N18"/>
            <port dstActor="D0N39" name="p81" srcActor="D0N18"/>
            <port dstActor="D0N23" name="p82" srcActor="D0N18"/>
            <port dstActor="D0N21" name="p83" srcActor="D0N18"/>
            <port dstActor="D0N27" name="p84" srcActor="D0N18"/>
            <port dstActor="D0N28" name="p85" srcActor="D0N13"/>
            <port dstActor="D0N43" name="p86" srcActor="D0N20"/>
            <port dstActor="D0N31" name="p87" srcActor="D0N30"/>
            <port dstActor="D0N41" name="p88" srcActor="D0N27"/>
            <port dstActor="D0N31" name="p89" srcActor="D0N27"/>
            <port dstActor="D0N13" name="p90" srcActor="D0N10"/>
            <port dstActor="D0N33" name="p91" srcActor="D0N10"/>
            <port dstActor="D0N40" name="p92" srcActor="D0N22"/>
            <port dstActor="D0N24" name="p93" srcActor="D0N22"/>
            <port dstActor="D0N35" name="p94" srcActor="D0N22"/>
            <port dstActor="D0N43" name="p95" srcActor="D0N39"/>
            <port dstActor="D0N8" name="p96" srcActor="D0N6"/>
            <port dstActor="D0N25" name="p97" srcActor="D0N6"/>
            <port dstActor="D0N7" name="p98" srcActor="D0N6"/>
        </ports>
    </mcdag>
    <cores number="3"/>
    <levels number="2"/>
</mcsystem>
