<?xml version="1.0" encoding="UTF-8" standalone="no"?>
<mcsystem>
    <mcdag deadline="2000" name="genned-0-ed-10.0-0">
        <actor name="D0N43">
            <wcet number="0">270</wcet>
            <wcet number="1">320</wcet>
            <maxpow number="0.45185042265820874"/>
            <maxpow number="0.45185042265820874"/>
            <fprob>0.0</fprob>
        </actor>
        <actor name="D0N34">
            <wcet number="0">20</wcet>
            <wcet number="1">450</wcet>
            <maxpow number="0.4504562214226984"/>
            <maxpow number="0.4504562214226984"/>
            <fprob>0.0</fprob>
        </actor>
        <actor name="D0N12">
            <wcet number="0">10</wcet>
            <wcet number="1">10</wcet>
            <maxpow number="0.8357685941215124"/>
            <maxpow number="0.8357685941215124"/>
            <fprob>0.0</fprob>
        </actor>
        <actor name="D0N44">
            <wcet number="0">70</wcet>
            <wcet number="1">90</wcet>
            <maxpow number="0.6192723254602616"/>
            <maxpow number="0.6192723254602616"/>
            <fprob>0.0</fprob>
        </actor>
        <actor name="D0N30">
            <wcet number="0">60</wcet>
            <wcet number="1">230</wcet>
            <maxpow number="0.9235303888000326"/>
            <maxpow number="0.9235303888000326"/>
            <fprob>0.0</fprob>
        </actor>
        <actor name="D0N10">
            <wcet number="0">10</wcet>
            <wcet number="1">20</wcet>
            <maxpow number="0.7366515264114819"/>
            <maxpow number="0.7366515264114819"/>
            <fprob>0.0</fprob>
        </actor>
        <actor name="D0N20">
            <wcet number="0">10</wcet>
            <wcet number="1">30</wcet>
            <maxpow number="0.545480643636549"/>
            <maxpow number="0.545480643636549"/>
            <fprob>0.0</fprob>
        </actor>
        <actor name="D0N40">
            <wcet number="0">120</wcet>
            <wcet number="1">130</wcet>
            <maxpow number="0.31265222847642415"/>
            <maxpow number="0.31265222847642415"/>
            <fprob>0.0</fprob>
        </actor>
        <actor name="D0N7">
            <wcet number="0">40</wcet>
            <wcet number="1">50</wcet>
            <maxpow number="0.42975998670007054"/>
            <maxpow number="0.42975998670007054"/>
            <fprob>0.0</fprob>
        </actor>
        <actor name="D0N16">
            <wcet number="0">20</wcet>
            <wcet number="1">20</wcet>
            <maxpow number="0.5952715520894674"/>
            <maxpow number="0.5952715520894674"/>
            <fprob>0.0</fprob>
        </actor>
        <actor name="D0N32">
            <wcet number="0">10</wcet>
            <wcet number="1">50</wcet>
            <maxpow number="0.6567205740632189"/>
            <maxpow number="0.6567205740632189"/>
            <fprob>0.0</fprob>
        </actor>
        <actor name="D0N22">
            <wcet number="0">10</wcet>
            <wcet number="1">10</wcet>
            <maxpow number="0.50121713879275"/>
            <maxpow number="0.50121713879275"/>
            <fprob>0.0</fprob>
        </actor>
        <actor name="D0N42">
            <wcet number="0">110</wcet>
            <wcet number="1">130</wcet>
            <maxpow number="0.685302744693445"/>
            <maxpow number="0.685302744693445"/>
            <fprob>0.0</fprob>
        </actor>
        <actor name="D0N29">
            <wcet number="0">20</wcet>
            <wcet number="1">20</wcet>
            <maxpow number="0.42533767788838694"/>
            <maxpow number="0.42533767788838694"/>
            <fprob>0.0</fprob>
        </actor>
        <actor name="D0N14">
            <wcet number="0">70</wcet>
            <wcet number="1">140</wcet>
            <maxpow number="0.7202417971122248"/>
            <maxpow number="0.7202417971122248"/>
            <fprob>0.0</fprob>
        </actor>
        <actor name="D0N37">
            <wcet number="0">30</wcet>
            <wcet number="1">30</wcet>
            <maxpow number="0.4273057674879679"/>
            <maxpow number="0.4273057674879679"/>
            <fprob>0.0</fprob>
        </actor>
        <actor name="D0N2">
            <wcet number="0">290</wcet>
            <wcet number="1">310</wcet>
            <maxpow number="0.6389137589769993"/>
            <maxpow number="0.6389137589769993"/>
            <fprob>0.0</fprob>
        </actor>
        <actor name="D0N0">
            <wcet number="0">10</wcet>
            <wcet number="1">10</wcet>
            <maxpow number="0.4867656039485486"/>
            <maxpow number="0.4867656039485486"/>
            <fprob>0.0</fprob>
        </actor>
        <actor name="D0N17">
            <wcet number="0">10</wcet>
            <wcet number="1">40</wcet>
            <maxpow number="0.6617024998427131"/>
            <maxpow number="0.6617024998427131"/>
            <fprob>0.0</fprob>
        </actor>
        <actor name="D0N36">
            <wcet number="0">80</wcet>
            <wcet number="1">90</wcet>
            <maxpow number="0.5738217966409118"/>
            <maxpow number="0.5738217966409118"/>
            <fprob>0.0</fprob>
        </actor>
        <actor name="D0N5">
            <wcet number="0">10</wcet>
            <wcet number="1">10</wcet>
            <maxpow number="0.8392328817590049"/>
            <maxpow number="0.8392328817590049"/>
            <fprob>0.0</fprob>
        </actor>
        <actor name="D0N6">
            <wcet number="0">10</wcet>
            <wcet number="1">10</wcet>
            <maxpow number="0.44769606664087197"/>
            <maxpow number="0.44769606664087197"/>
            <fprob>0.0</fprob>
        </actor>
        <actor name="D0N33">
            <wcet number="0">20</wcet>
            <wcet number="1">20</wcet>
            <maxpow number="0.3022634902661746"/>
            <maxpow number="0.3022634902661746"/>
            <fprob>0.0</fprob>
        </actor>
        <actor name="D0N26">
            <wcet number="0">90</wcet>
            <wcet number="1">100</wcet>
            <maxpow number="0.45221282396436946"/>
            <maxpow number="0.45221282396436946"/>
            <fprob>0.0</fprob>
        </actor>
        <actor name="D0N39">
            <wcet number="0">10</wcet>
            <wcet number="1">30</wcet>
            <maxpow number="0.4995523019962174"/>
            <maxpow number="0.4995523019962174"/>
            <fprob>0.0</fprob>
        </actor>
        <actor name="D0N47">
            <wcet number="0">10</wcet>
            <wcet number="1">20</wcet>
            <maxpow number="0.7058078915550337"/>
            <maxpow number="0.7058078915550337"/>
            <fprob>0.0</fprob>
        </actor>
        <actor name="D0N15">
            <wcet number="0">10</wcet>
            <wcet number="1">40</wcet>
            <maxpow number="0.703056506302989"/>
            <maxpow number="0.703056506302989"/>
            <fprob>0.0</fprob>
        </actor>
        <actor name="D0N28">
            <wcet number="0">120</wcet>
            <wcet number="1">310</wcet>
            <maxpow number="0.6569111466920383"/>
            <maxpow number="0.6569111466920383"/>
            <fprob>0.0</fprob>
        </actor>
        <actor name="D0N4">
            <wcet number="0">20</wcet>
            <wcet number="1">20</wcet>
            <maxpow number="0.8511966085904034"/>
            <maxpow number="0.8511966085904034"/>
            <fprob>0.0</fprob>
        </actor>
        <actor name="D0N19">
            <wcet number="0">90</wcet>
            <wcet number="1">220</wcet>
            <maxpow number="0.6837393754740393"/>
            <maxpow number="0.6837393754740393"/>
            <fprob>0.0</fprob>
        </actor>
        <actor name="D0N27">
            <wcet number="0">20</wcet>
            <wcet number="1">30</wcet>
            <maxpow number="0.8467342250132335"/>
            <maxpow number="0.8467342250132335"/>
            <fprob>0.0</fprob>
        </actor>
        <actor name="D0N18">
            <wcet number="0">10</wcet>
            <wcet number="1">140</wcet>
            <maxpow number="0.36579479307972373"/>
            <maxpow number="0.36579479307972373"/>
            <fprob>0.0</fprob>
        </actor>
        <actor name="D0N35">
            <wcet number="0">20</wcet>
            <wcet number="1">20</wcet>
            <maxpow number="0.43326460287698393"/>
            <maxpow number="0.43326460287698393"/>
            <fprob>0.0</fprob>
        </actor>
        <actor name="D0N46">
            <wcet number="0">60</wcet>
            <wcet number="1">70</wcet>
            <maxpow number="0.9775278369387896"/>
            <maxpow number="0.9775278369387896"/>
            <fprob>0.0</fprob>
        </actor>
        <actor name="D0N41">
            <wcet number="0">20</wcet>
            <wcet number="1">180</wcet>
            <maxpow number="0.5510497221453179"/>
            <maxpow number="0.5510497221453179"/>
            <fprob>0.0</fprob>
        </actor>
        <actor name="D0N1">
            <wcet number="0">10</wcet>
            <wcet number="1">20</wcet>
            <maxpow number="0.7329109354545884"/>
            <maxpow number="0.7329109354545884"/>
            <fprob>0.0</fprob>
        </actor>
        <actor name="D0N9">
            <wcet number="0">100</wcet>
            <wcet number="1">100</wcet>
            <maxpow number="0.8700627645799849"/>
            <maxpow number="0.8700627645799849"/>
            <fprob>0.0</fprob>
        </actor>
        <actor name="D0N11">
            <wcet number="0">50</wcet>
            <wcet number="1">60</wcet>
            <maxpow number="0.5603073166512903"/>
            <maxpow number="0.5603073166512903"/>
            <fprob>0.0</fprob>
        </actor>
        <actor name="D0N24">
            <wcet number="0">40</wcet>
            <wcet number="1">360</wcet>
            <maxpow number="0.5603314834851342"/>
            <maxpow number="0.5603314834851342"/>
            <fprob>0.0</fprob>
        </actor>
        <actor name="D0N38">
            <wcet number="0">10</wcet>
            <wcet number="1">30</wcet>
            <maxpow number="0.6159449643670627"/>
            <maxpow number="0.6159449643670627"/>
            <fprob>0.0</fprob>
        </actor>
        <actor name="D0N3">
            <wcet number="0">90</wcet>
            <wcet number="1">250</wcet>
            <maxpow number="0.6211634916599662"/>
            <maxpow number="0.6211634916599662"/>
            <fprob>0.0</fprob>
        </actor>
        <actor name="D0N13">
            <wcet number="0">70</wcet>
            <wcet number="1">90</wcet>
            <maxpow number="0.3826549342503718"/>
            <maxpow number="0.3826549342503718"/>
            <fprob>0.0</fprob>
        </actor>
        <actor name="D0N23">
            <wcet number="0">110</wcet>
            <wcet number="1">180</wcet>
            <maxpow number="0.6311927414873342"/>
            <maxpow number="0.6311927414873342"/>
            <fprob>0.0</fprob>
        </actor>
        <actor name="D0N31">
            <wcet number="0">10</wcet>
            <wcet number="1">20</wcet>
            <maxpow number="0.6743627554369421"/>
            <maxpow number="0.6743627554369421"/>
            <fprob>0.0</fprob>
        </actor>
        <actor name="D0N21">
            <wcet number="0">50</wcet>
            <wcet number="1">80</wcet>
            <maxpow number="0.5123343107473536"/>
            <maxpow number="0.5123343107473536"/>
            <fprob>0.0</fprob>
        </actor>
        <actor name="D0N8">
            <wcet number="0">180</wcet>
            <wcet number="1">180</wcet>
            <maxpow number="0.5911085777492666"/>
            <maxpow number="0.5911085777492666"/>
            <fprob>0.0</fprob>
        </actor>
        <actor name="D0N25">
            <wcet number="0">20</wcet>
            <wcet number="1">20</wcet>
            <maxpow number="0.28116354494162576"/>
            <maxpow number="0.28116354494162576"/>
            <fprob>0.0</fprob>
        </actor>
        <actor name="D0N45">
            <wcet number="0">10</wcet>
            <wcet number="1">10</wcet>
            <maxpow number="0.24689798505603205"/>
            <maxpow number="0.24689798505603205"/>
            <fprob>0.0</fprob>
        </actor>
        <ports>
            <port dstActor="D0N43" name="p0" srcActor="D0N34"/>
            <port dstActor="D0N32" name="p1" srcActor="D0N12"/>
            <port dstActor="D0N21" name="p2" srcActor="D0N12"/>
            <port dstActor="D0N19" name="p3" srcActor="D0N12"/>
            <port dstActor="D0N46" name="p4" srcActor="D0N44"/>
            <port dstActor="D0N32" name="p5" srcActor="D0N30"/>
            <port dstActor="D0N39" name="p6" srcActor="D0N20"/>
            <port dstActor="D0N36" name="p7" srcActor="D0N20"/>
            <port dstActor="D0N41" name="p8" srcActor="D0N40"/>
            <port dstActor="D0N14" name="p9" srcActor="D0N7"/>
            <port dstActor="D0N35" name="p10" srcActor="D0N7"/>
            <port dstActor="D0N25" name="p11" srcActor="D0N7"/>
            <port dstActor="D0N12" name="p12" srcActor="D0N7"/>
            <port dstActor="D0N20" name="p13" srcActor="D0N16"/>
            <port dstActor="D0N43" name="p14" srcActor="D0N16"/>
            <port dstActor="D0N34" name="p15" srcActor="D0N16"/>
            <port dstActor="D0N42" name="p16" srcActor="D0N32"/>
            <port dstActor="D0N45" name="p17" srcActor="D0N22"/>
            <port dstActor="D0N44" name="p18" srcActor="D0N22"/>
            <port dstActor="D0N43" name="p19" srcActor="D0N29"/>
            <port dstActor="D0N30" name="p20" srcActor="D0N29"/>
            <port dstActor="D0N18" name="p21" srcActor="D0N14"/>
            <port dstActor="D0N43" name="p22" srcActor="D0N14"/>
            <port dstActor="D0N41" name="p23" srcActor="D0N14"/>
            <port dstActor="D0N23" name="p24" srcActor="D0N2"/>
            <port dstActor="D0N32" name="p25" srcActor="D0N2"/>
            <port dstActor="D0N37" name="p26" srcActor="D0N2"/>
            <port dstActor="D0N5" name="p27" srcActor="D0N2"/>
            <port dstActor="D0N31" name="p28" srcActor="D0N2"/>
            <port dstActor="D0N20" name="p29" srcActor="D0N2"/>
            <port dstActor="D0N34" name="p30" srcActor="D0N2"/>
            <port dstActor="D0N26" name="p31" srcActor="D0N0"/>
            <port dstActor="D0N29" name="p32" srcActor="D0N0"/>
            <port dstActor="D0N37" name="p33" srcActor="D0N0"/>
            <port dstActor="D0N40" name="p34" srcActor="D0N17"/>
            <port dstActor="D0N46" name="p35" srcActor="D0N17"/>
            <port dstActor="D0N24" name="p36" srcActor="D0N17"/>
            <port dstActor="D0N36" name="p37" srcActor="D0N17"/>
            <port dstActor="D0N37" name="p38" srcActor="D0N17"/>
            <port dstActor="D0N32" name="p39" srcActor="D0N17"/>
            <port dstActor="D0N35" name="p40" srcActor="D0N17"/>
            <port dstActor="D0N43" name="p41" srcActor="D0N17"/>
            <port dstActor="D0N41" name="p42" srcActor="D0N36"/>
            <port dstActor="D0N34" name="p43" srcActor="D0N5"/>
            <port dstActor="D0N7" name="p44" srcActor="D0N5"/>
            <port dstActor="D0N44" name="p45" srcActor="D0N5"/>
            <port dstActor="D0N45" name="p46" srcActor="D0N6"/>
            <port dstActor="D0N21" name="p47" srcActor="D0N6"/>
            <port dstActor="D0N31" name="p48" srcActor="D0N6"/>
            <port dstActor="D0N26" name="p49" srcActor="D0N6"/>
            <port dstActor="D0N18" name="p50" srcActor="D0N6"/>
            <port dstActor="D0N41" name="p51" srcActor="D0N33"/>
            <port dstActor="D0N37" name="p52" srcActor="D0N33"/>
            <port dstActor="D0N40" name="p53" srcActor="D0N33"/>
            <port dstActor="D0N45" name="p54" srcActor="D0N26"/>
            <port dstActor="D0N44" name="p55" srcActor="D0N26"/>
            <port dstActor="D0N16" name="p56" srcActor="D0N15"/>
            <port dstActor="D0N39" name="p57" srcActor="D0N15"/>
            <port dstActor="D0N43" name="p58" srcActor="D0N28"/>
            <port dstActor="D0N23" name="p59" srcActor="D0N4"/>
            <port dstActor="D0N7" name="p60" srcActor="D0N4"/>
            <port dstActor="D0N5" name="p61" srcActor="D0N4"/>
            <port dstActor="D0N33" name="p62" srcActor="D0N4"/>
            <port dstActor="D0N22" name="p63" srcActor="D0N4"/>
            <port dstActor="D0N32" name="p64" srcActor="D0N4"/>
            <port dstActor="D0N29" name="p65" srcActor="D0N19"/>
            <port dstActor="D0N32" name="p66" srcActor="D0N27"/>
            <port dstActor="D0N42" name="p67" srcActor="D0N27"/>
            <port dstActor="D0N27" name="p68" srcActor="D0N18"/>
            <port dstActor="D0N36" name="p69" srcActor="D0N18"/>
            <port dstActor="D0N37" name="p70" srcActor="D0N18"/>
            <port dstActor="D0N38" name="p71" srcActor="D0N35"/>
            <port dstActor="D0N42" name="p72" srcActor="D0N41"/>
            <port dstActor="D0N33" name="p73" srcActor="D0N1"/>
            <port dstActor="D0N46" name="p74" srcActor="D0N1"/>
            <port dstActor="D0N22" name="p75" srcActor="D0N1"/>
            <port dstActor="D0N5" name="p76" srcActor="D0N1"/>
            <port dstActor="D0N43" name="p77" srcActor="D0N9"/>
            <port dstActor="D0N19" name="p78" srcActor="D0N9"/>
            <port dstActor="D0N39" name="p79" srcActor="D0N9"/>
            <port dstActor="D0N16" name="p80" srcActor="D0N9"/>
            <port dstActor="D0N27" name="p81" srcActor="D0N11"/>
            <port dstActor="D0N44" name="p82" srcActor="D0N11"/>
            <port dstActor="D0N22" name="p83" srcActor="D0N11"/>
            <port dstActor="D0N14" name="p84" srcActor="D0N11"/>
            <port dstActor="D0N27" name="p85" srcActor="D0N24"/>
            <port dstActor="D0N44" name="p86" srcActor="D0N24"/>
            <port dstActor="D0N46" name="p87" srcActor="D0N24"/>
            <port dstActor="D0N36" name="p88" srcActor="D0N24"/>
            <port dstActor="D0N46" name="p89" srcActor="D0N38"/>
            <port dstActor="D0N8" name="p90" srcActor="D0N3"/>
            <port dstActor="D0N40" name="p91" srcActor="D0N3"/>
            <port dstActor="D0N4" name="p92" srcActor="D0N3"/>
            <port dstActor="D0N17" name="p93" srcActor="D0N3"/>
            <port dstActor="D0N7" name="p94" srcActor="D0N3"/>
            <port dstActor="D0N12" name="p95" srcActor="D0N3"/>
            <port dstActor="D0N46" name="p96" srcActor="D0N13"/>
            <port dstActor="D0N47" name="p97" srcActor="D0N13"/>
            <port dstActor="D0N25" name="p98" srcActor="D0N23"/>
            <port dstActor="D0N34" name="p99" srcActor="D0N23"/>
            <port dstActor="D0N45" name="p100" srcActor="D0N21"/>
            <port dstActor="D0N24" name="p101" srcActor="D0N21"/>
            <port dstActor="D0N42" name="p102" srcActor="D0N8"/>
            <port dstActor="D0N40" name="p103" srcActor="D0N8"/>
            <port dstActor="D0N24" name="p104" srcActor="D0N8"/>
            <port dstActor="D0N47" name="p105" srcActor="D0N8"/>
            <port dstActor="D0N47" name="p106" srcActor="D0N25"/>
            <port dstActor="D0N44" name="p107" srcActor="D0N25"/>
            <port dstActor="D0N33" name="p108" srcActor="D0N25"/>
        </ports>
    </mcdag>
    <cores number="3"/>
    <levels number="2"/>
</mcsystem>
