<?xml version="1.0" encoding="UTF-8" standalone="no"?>
<mcsystem>
    <mcdag deadline="2200" name="genned-0-ed-10.0-0">
        <actor name="D0N22">
            <wcet number="0">10</wcet>
            <wcet number="1">20</wcet>
            <maxpow number="0.7287122769610893"/>
            <maxpow number="0.7287122769610893"/>
            <fprob>0.0</fprob>
        </actor>
        <actor name="D0N20">
            <wcet number="0">20</wcet>
            <wcet number="1">110</wcet>
            <maxpow number="0.6607701505065436"/>
            <maxpow number="0.6607701505065436"/>
            <fprob>0.0</fprob>
        </actor>
        <actor name="D0N35">
            <wcet number="0">20</wcet>
            <wcet number="1">20</wcet>
            <maxpow number="0.5066797612918078"/>
            <maxpow number="0.5066797612918078"/>
            <fprob>0.0</fprob>
        </actor>
        <actor name="D0N30">
            <wcet number="0">110</wcet>
            <wcet number="1">110</wcet>
            <maxpow number="0.5830607009512085"/>
            <maxpow number="0.5830607009512085"/>
            <fprob>0.0</fprob>
        </actor>
        <actor name="D0N42">
            <wcet number="0">10</wcet>
            <wcet number="1">10</wcet>
            <maxpow number="0.6479444592765762"/>
            <maxpow number="0.6479444592765762"/>
            <fprob>0.0</fprob>
        </actor>
        <actor name="D0N43">
            <wcet number="0">10</wcet>
            <wcet number="1">10</wcet>
            <maxpow number="0.5467130358078809"/>
            <maxpow number="0.5467130358078809"/>
            <fprob>0.0</fprob>
        </actor>
        <actor name="D0N7">
            <wcet number="0">210</wcet>
            <wcet number="1">220</wcet>
            <maxpow number="0.8029068828653102"/>
            <maxpow number="0.8029068828653102"/>
            <fprob>0.0</fprob>
        </actor>
        <actor name="D0N8">
            <wcet number="0">20</wcet>
            <wcet number="1">30</wcet>
            <maxpow number="0.3400957167622872"/>
            <maxpow number="0.3400957167622872"/>
            <fprob>0.0</fprob>
        </actor>
        <actor name="D0N19">
            <wcet number="0">40</wcet>
            <wcet number="1">40</wcet>
            <maxpow number="0.6652359800231225"/>
            <maxpow number="0.6652359800231225"/>
            <fprob>0.0</fprob>
        </actor>
        <actor name="D0N11">
            <wcet number="0">100</wcet>
            <wcet number="1">230</wcet>
            <maxpow number="0.6079473621945898"/>
            <maxpow number="0.6079473621945898"/>
            <fprob>0.0</fprob>
        </actor>
        <actor name="D0N44">
            <wcet number="0">190</wcet>
            <wcet number="1">260</wcet>
            <maxpow number="0.6436780632597418"/>
            <maxpow number="0.6436780632597418"/>
            <fprob>0.0</fprob>
        </actor>
        <actor name="D0N38">
            <wcet number="0">210</wcet>
            <wcet number="1">330</wcet>
            <maxpow number="0.6083412333291021"/>
            <maxpow number="0.6083412333291021"/>
            <fprob>0.0</fprob>
        </actor>
        <actor name="D0N18">
            <wcet number="0">80</wcet>
            <wcet number="1">100</wcet>
            <maxpow number="0.49729716478897046"/>
            <maxpow number="0.49729716478897046"/>
            <fprob>0.0</fprob>
        </actor>
        <actor name="D0N29">
            <wcet number="0">140</wcet>
            <wcet number="1">180</wcet>
            <maxpow number="0.5932104278156572"/>
            <maxpow number="0.5932104278156572"/>
            <fprob>0.0</fprob>
        </actor>
        <actor name="D0N5">
            <wcet number="0">10</wcet>
            <wcet number="1">20</wcet>
            <maxpow number="0.2120684225121272"/>
            <maxpow number="0.2120684225121272"/>
            <fprob>0.0</fprob>
        </actor>
        <actor name="D0N15">
            <wcet number="0">30</wcet>
            <wcet number="1">370</wcet>
            <maxpow number="0.6274297939361702"/>
            <maxpow number="0.6274297939361702"/>
            <fprob>0.0</fprob>
        </actor>
        <actor name="D0N23">
            <wcet number="0">50</wcet>
            <wcet number="1">90</wcet>
            <maxpow number="0.62512209135781"/>
            <maxpow number="0.62512209135781"/>
            <fprob>0.0</fprob>
        </actor>
        <actor name="D0N40">
            <wcet number="0">40</wcet>
            <wcet number="1">50</wcet>
            <maxpow number="0.7324889306843559"/>
            <maxpow number="0.7324889306843559"/>
            <fprob>0.0</fprob>
        </actor>
        <actor name="D0N12">
            <wcet number="0">70</wcet>
            <wcet number="1">530</wcet>
            <maxpow number="0.4988826715325857"/>
            <maxpow number="0.4988826715325857"/>
            <fprob>0.0</fprob>
        </actor>
        <actor name="D0N6">
            <wcet number="0">90</wcet>
            <wcet number="1">150</wcet>
            <maxpow number="0.35294887409850073"/>
            <maxpow number="0.35294887409850073"/>
            <fprob>0.0</fprob>
        </actor>
        <actor name="D0N46">
            <wcet number="0">10</wcet>
            <wcet number="1">20</wcet>
            <maxpow number="0.6720986262518991"/>
            <maxpow number="0.6720986262518991"/>
            <fprob>0.0</fprob>
        </actor>
        <actor name="D0N31">
            <wcet number="0">20</wcet>
            <wcet number="1">20</wcet>
            <maxpow number="0.4464036073446258"/>
            <maxpow number="0.4464036073446258"/>
            <fprob>0.0</fprob>
        </actor>
        <actor name="D0N45">
            <wcet number="0">10</wcet>
            <wcet number="1">10</wcet>
            <maxpow number="0.7323096367464945"/>
            <maxpow number="0.7323096367464945"/>
            <fprob>0.0</fprob>
        </actor>
        <actor name="D0N32">
            <wcet number="0">20</wcet>
            <wcet number="1">80</wcet>
            <maxpow number="0.726288277691314"/>
            <maxpow number="0.726288277691314"/>
            <fprob>0.0</fprob>
        </actor>
        <actor name="D0N4">
            <wcet number="0">20</wcet>
            <wcet number="1">50</wcet>
            <maxpow number="0.4608083898824833"/>
            <maxpow number="0.4608083898824833"/>
            <fprob>0.0</fprob>
        </actor>
        <actor name="D0N27">
            <wcet number="0">200</wcet>
            <wcet number="1">240</wcet>
            <maxpow number="0.7828505776452492"/>
            <maxpow number="0.7828505776452492"/>
            <fprob>0.0</fprob>
        </actor>
        <actor name="D0N14">
            <wcet number="0">10</wcet>
            <wcet number="1">20</wcet>
            <maxpow number="0.5914913906724389"/>
            <maxpow number="0.5914913906724389"/>
            <fprob>0.0</fprob>
        </actor>
        <actor name="D0N1">
            <wcet number="0">20</wcet>
            <wcet number="1">30</wcet>
            <maxpow number="0.4509537126155987"/>
            <maxpow number="0.4509537126155987"/>
            <fprob>0.0</fprob>
        </actor>
        <actor name="D0N25">
            <wcet number="0">10</wcet>
            <wcet number="1">10</wcet>
            <maxpow number="0.5077323380914984"/>
            <maxpow number="0.5077323380914984"/>
            <fprob>0.0</fprob>
        </actor>
        <actor name="D0N21">
            <wcet number="0">10</wcet>
            <wcet number="1">10</wcet>
            <maxpow number="0.7912031380830986"/>
            <maxpow number="0.7912031380830986"/>
            <fprob>0.0</fprob>
        </actor>
        <actor name="D0N3">
            <wcet number="0">20</wcet>
            <wcet number="1">110</wcet>
            <maxpow number="0.5676782024652669"/>
            <maxpow number="0.5676782024652669"/>
            <fprob>0.0</fprob>
        </actor>
        <actor name="D0N37">
            <wcet number="0">80</wcet>
            <wcet number="1">220</wcet>
            <maxpow number="0.34077876531586826"/>
            <maxpow number="0.34077876531586826"/>
            <fprob>0.0</fprob>
        </actor>
        <actor name="D0N39">
            <wcet number="0">30</wcet>
            <wcet number="1">70</wcet>
            <maxpow number="0.419065108272449"/>
            <maxpow number="0.419065108272449"/>
            <fprob>0.0</fprob>
        </actor>
        <actor name="D0N41">
            <wcet number="0">20</wcet>
            <wcet number="1">20</wcet>
            <maxpow number="0.5193950368462924"/>
            <maxpow number="0.5193950368462924"/>
            <fprob>0.0</fprob>
        </actor>
        <actor name="D0N33">
            <wcet number="0">20</wcet>
            <wcet number="1">20</wcet>
            <maxpow number="0.4678298978459138"/>
            <maxpow number="0.4678298978459138"/>
            <fprob>0.0</fprob>
        </actor>
        <actor name="D0N24">
            <wcet number="0">170</wcet>
            <wcet number="1">180</wcet>
            <maxpow number="0.8674788956232369"/>
            <maxpow number="0.8674788956232369"/>
            <fprob>0.0</fprob>
        </actor>
        <actor name="D0N9">
            <wcet number="0">10</wcet>
            <wcet number="1">10</wcet>
            <maxpow number="0.6027923776523119"/>
            <maxpow number="0.6027923776523119"/>
            <fprob>0.0</fprob>
        </actor>
        <actor name="D0N16">
            <wcet number="0">30</wcet>
            <wcet number="1">50</wcet>
            <maxpow number="0.45027420874416624"/>
            <maxpow number="0.45027420874416624"/>
            <fprob>0.0</fprob>
        </actor>
        <actor name="D0N0">
            <wcet number="0">60</wcet>
            <wcet number="1">90</wcet>
            <maxpow number="0.40187167009321095"/>
            <maxpow number="0.40187167009321095"/>
            <fprob>0.0</fprob>
        </actor>
        <actor name="D0N13">
            <wcet number="0">10</wcet>
            <wcet number="1">20</wcet>
            <maxpow number="0.6932459351768172"/>
            <maxpow number="0.6932459351768172"/>
            <fprob>0.0</fprob>
        </actor>
        <actor name="D0N34">
            <wcet number="0">90</wcet>
            <wcet number="1">120</wcet>
            <maxpow number="0.28576586559161526"/>
            <maxpow number="0.28576586559161526"/>
            <fprob>0.0</fprob>
        </actor>
        <actor name="D0N36">
            <wcet number="0">190</wcet>
            <wcet number="1">210</wcet>
            <maxpow number="0.21749841703286138"/>
            <maxpow number="0.21749841703286138"/>
            <fprob>0.0</fprob>
        </actor>
        <actor name="D0N26">
            <wcet number="0">40</wcet>
            <wcet number="1">40</wcet>
            <maxpow number="0.4583415981759108"/>
            <maxpow number="0.4583415981759108"/>
            <fprob>0.0</fprob>
        </actor>
        <actor name="D0N17">
            <wcet number="0">90</wcet>
            <wcet number="1">100</wcet>
            <maxpow number="0.06368462003323166"/>
            <maxpow number="0.06368462003323166"/>
            <fprob>0.0</fprob>
        </actor>
        <actor name="D0N28">
            <wcet number="0">10</wcet>
            <wcet number="1">60</wcet>
            <maxpow number="0.5426400164771289"/>
            <maxpow number="0.5426400164771289"/>
            <fprob>0.0</fprob>
        </actor>
        <actor name="D0N2">
            <wcet number="0">60</wcet>
            <wcet number="1">340</wcet>
            <maxpow number="0.43579630965614324"/>
            <maxpow number="0.43579630965614324"/>
            <fprob>0.0</fprob>
        </actor>
        <actor name="D0N10">
            <wcet number="0">30</wcet>
            <wcet number="1">30</wcet>
            <maxpow number="0.4299782878656013"/>
            <maxpow number="0.4299782878656013"/>
            <fprob>0.0</fprob>
        </actor>
        <ports>
            <port dstActor="D0N44" name="p0" srcActor="D0N22"/>
            <port dstActor="D0N31" name="p1" srcActor="D0N22"/>
            <port dstActor="D0N27" name="p2" srcActor="D0N22"/>
            <port dstActor="D0N45" name="p3" srcActor="D0N20"/>
            <port dstActor="D0N23" name="p4" srcActor="D0N20"/>
            <port dstActor="D0N40" name="p5" srcActor="D0N20"/>
            <port dstActor="D0N24" name="p6" srcActor="D0N20"/>
            <port dstActor="D0N27" name="p7" srcActor="D0N20"/>
            <port dstActor="D0N45" name="p8" srcActor="D0N35"/>
            <port dstActor="D0N43" name="p9" srcActor="D0N35"/>
            <port dstActor="D0N37" name="p10" srcActor="D0N30"/>
            <port dstActor="D0N33" name="p11" srcActor="D0N30"/>
            <port dstActor="D0N40" name="p12" srcActor="D0N30"/>
            <port dstActor="D0N20" name="p13" srcActor="D0N7"/>
            <port dstActor="D0N24" name="p14" srcActor="D0N7"/>
            <port dstActor="D0N9" name="p15" srcActor="D0N7"/>
            <port dstActor="D0N18" name="p16" srcActor="D0N7"/>
            <port dstActor="D0N35" name="p17" srcActor="D0N7"/>
            <port dstActor="D0N31" name="p18" srcActor="D0N8"/>
            <port dstActor="D0N23" name="p19" srcActor="D0N8"/>
            <port dstActor="D0N43" name="p20" srcActor="D0N19"/>
            <port dstActor="D0N16" name="p21" srcActor="D0N11"/>
            <port dstActor="D0N33" name="p22" srcActor="D0N11"/>
            <port dstActor="D0N18" name="p23" srcActor="D0N11"/>
            <port dstActor="D0N28" name="p24" srcActor="D0N11"/>
            <port dstActor="D0N22" name="p25" srcActor="D0N18"/>
            <port dstActor="D0N43" name="p26" srcActor="D0N29"/>
            <port dstActor="D0N35" name="p27" srcActor="D0N29"/>
            <port dstActor="D0N20" name="p28" srcActor="D0N5"/>
            <port dstActor="D0N38" name="p29" srcActor="D0N5"/>
            <port dstActor="D0N33" name="p30" srcActor="D0N15"/>
            <port dstActor="D0N38" name="p31" srcActor="D0N23"/>
            <port dstActor="D0N35" name="p32" srcActor="D0N23"/>
            <port dstActor="D0N43" name="p33" srcActor="D0N12"/>
            <port dstActor="D0N20" name="p34" srcActor="D0N12"/>
            <port dstActor="D0N8" name="p35" srcActor="D0N6"/>
            <port dstActor="D0N13" name="p36" srcActor="D0N6"/>
            <port dstActor="D0N30" name="p37" srcActor="D0N4"/>
            <port dstActor="D0N37" name="p38" srcActor="D0N4"/>
            <port dstActor="D0N12" name="p39" srcActor="D0N4"/>
            <port dstActor="D0N42" name="p40" srcActor="D0N4"/>
            <port dstActor="D0N41" name="p41" srcActor="D0N4"/>
            <port dstActor="D0N33" name="p42" srcActor="D0N27"/>
            <port dstActor="D0N25" name="p43" srcActor="D0N14"/>
            <port dstActor="D0N40" name="p44" srcActor="D0N14"/>
            <port dstActor="D0N39" name="p45" srcActor="D0N1"/>
            <port dstActor="D0N6" name="p46" srcActor="D0N1"/>
            <port dstActor="D0N37" name="p47" srcActor="D0N1"/>
            <port dstActor="D0N13" name="p48" srcActor="D0N1"/>
            <port dstActor="D0N44" name="p49" srcActor="D0N1"/>
            <port dstActor="D0N32" name="p50" srcActor="D0N1"/>
            <port dstActor="D0N42" name="p51" srcActor="D0N25"/>
            <port dstActor="D0N44" name="p52" srcActor="D0N21"/>
            <port dstActor="D0N23" name="p53" srcActor="D0N3"/>
            <port dstActor="D0N28" name="p54" srcActor="D0N3"/>
            <port dstActor="D0N9" name="p55" srcActor="D0N3"/>
            <port dstActor="D0N16" name="p56" srcActor="D0N3"/>
            <port dstActor="D0N44" name="p57" srcActor="D0N3"/>
            <port dstActor="D0N8" name="p58" srcActor="D0N3"/>
            <port dstActor="D0N33" name="p59" srcActor="D0N3"/>
            <port dstActor="D0N37" name="p60" srcActor="D0N33"/>
            <port dstActor="D0N37" name="p61" srcActor="D0N24"/>
            <port dstActor="D0N40" name="p62" srcActor="D0N24"/>
            <port dstActor="D0N39" name="p63" srcActor="D0N24"/>
            <port dstActor="D0N46" name="p64" srcActor="D0N24"/>
            <port dstActor="D0N30" name="p65" srcActor="D0N24"/>
            <port dstActor="D0N24" name="p66" srcActor="D0N9"/>
            <port dstActor="D0N10" name="p67" srcActor="D0N9"/>
            <port dstActor="D0N27" name="p68" srcActor="D0N9"/>
            <port dstActor="D0N38" name="p69" srcActor="D0N16"/>
            <port dstActor="D0N25" name="p70" srcActor="D0N16"/>
            <port dstActor="D0N33" name="p71" srcActor="D0N16"/>
            <port dstActor="D0N20" name="p72" srcActor="D0N0"/>
            <port dstActor="D0N23" name="p73" srcActor="D0N0"/>
            <port dstActor="D0N15" name="p74" srcActor="D0N0"/>
            <port dstActor="D0N23" name="p75" srcActor="D0N13"/>
            <port dstActor="D0N31" name="p76" srcActor="D0N13"/>
            <port dstActor="D0N43" name="p77" srcActor="D0N13"/>
            <port dstActor="D0N35" name="p78" srcActor="D0N26"/>
            <port dstActor="D0N42" name="p79" srcActor="D0N26"/>
            <port dstActor="D0N34" name="p80" srcActor="D0N26"/>
            <port dstActor="D0N29" name="p81" srcActor="D0N26"/>
            <port dstActor="D0N40" name="p82" srcActor="D0N26"/>
            <port dstActor="D0N33" name="p83" srcActor="D0N17"/>
            <port dstActor="D0N25" name="p84" srcActor="D0N17"/>
            <port dstActor="D0N19" name="p85" srcActor="D0N17"/>
            <port dstActor="D0N11" name="p86" srcActor="D0N2"/>
            <port dstActor="D0N18" name="p87" srcActor="D0N2"/>
            <port dstActor="D0N8" name="p88" srcActor="D0N2"/>
            <port dstActor="D0N25" name="p89" srcActor="D0N2"/>
            <port dstActor="D0N44" name="p90" srcActor="D0N2"/>
            <port dstActor="D0N23" name="p91" srcActor="D0N10"/>
            <port dstActor="D0N41" name="p92" srcActor="D0N10"/>
            <port dstActor="D0N25" name="p93" srcActor="D0N10"/>
            <port dstActor="D0N33" name="p94" srcActor="D0N10"/>
            <port dstActor="D0N36" name="p95" srcActor="D0N10"/>
            <port dstActor="D0N18" name="p96" srcActor="D0N10"/>
        </ports>
    </mcdag>
    <cores number="3"/>
    <levels number="2"/>
</mcsystem>
