<?xml version="1.0" encoding="UTF-8" standalone="no"?>
<mcsystem>
    <mcdag deadline="2200" name="genned-0-ed-10.0-0">
        <actor name="D0N42">
            <wcet number="0">40</wcet>
            <wcet number="1">130</wcet>
            <maxpow number="0.8769680917935032"/>
            <maxpow number="0.8769680917935032"/>
            <fprob>0.0</fprob>
        </actor>
        <actor name="D0N23">
            <wcet number="0">40</wcet>
            <wcet number="1">70</wcet>
            <maxpow number="0.46101603315573736"/>
            <maxpow number="0.46101603315573736"/>
            <fprob>0.0</fprob>
        </actor>
        <actor name="D0N10">
            <wcet number="0">20</wcet>
            <wcet number="1">50</wcet>
            <maxpow number="0.37228807199346614"/>
            <maxpow number="0.37228807199346614"/>
            <fprob>0.0</fprob>
        </actor>
        <actor name="D0N39">
            <wcet number="0">40</wcet>
            <wcet number="1">50</wcet>
            <maxpow number="0.5490375723465563"/>
            <maxpow number="0.5490375723465563"/>
            <fprob>0.0</fprob>
        </actor>
        <actor name="D0N38">
            <wcet number="0">70</wcet>
            <wcet number="1">150</wcet>
            <maxpow number="0.7439440580830142"/>
            <maxpow number="0.7439440580830142"/>
            <fprob>0.0</fprob>
        </actor>
        <actor name="D0N16">
            <wcet number="0">90</wcet>
            <wcet number="1">100</wcet>
            <maxpow number="0.6308185303468801"/>
            <maxpow number="0.6308185303468801"/>
            <fprob>0.0</fprob>
        </actor>
        <actor name="D0N17">
            <wcet number="0">20</wcet>
            <wcet number="1">100</wcet>
            <maxpow number="0.607175493296098"/>
            <maxpow number="0.607175493296098"/>
            <fprob>0.0</fprob>
        </actor>
        <actor name="D0N34">
            <wcet number="0">20</wcet>
            <wcet number="1">40</wcet>
            <maxpow number="0.6994983345716557"/>
            <maxpow number="0.6994983345716557"/>
            <fprob>0.0</fprob>
        </actor>
        <actor name="D0N6">
            <wcet number="0">120</wcet>
            <wcet number="1">160</wcet>
            <maxpow number="0.23647980312694977"/>
            <maxpow number="0.23647980312694977"/>
            <fprob>0.0</fprob>
        </actor>
        <actor name="D0N31">
            <wcet number="0">90</wcet>
            <wcet number="1">160</wcet>
            <maxpow number="0.467300298792508"/>
            <maxpow number="0.467300298792508"/>
            <fprob>0.0</fprob>
        </actor>
        <actor name="D0N5">
            <wcet number="0">10</wcet>
            <wcet number="1">130</wcet>
            <maxpow number="0.5266726422471291"/>
            <maxpow number="0.5266726422471291"/>
            <fprob>0.0</fprob>
        </actor>
        <actor name="D0N0">
            <wcet number="0">10</wcet>
            <wcet number="1">40</wcet>
            <maxpow number="0.5662605775098174"/>
            <maxpow number="0.5662605775098174"/>
            <fprob>0.0</fprob>
        </actor>
        <actor name="D0N30">
            <wcet number="0">10</wcet>
            <wcet number="1">10</wcet>
            <maxpow number="0.06996751568465703"/>
            <maxpow number="0.06996751568465703"/>
            <fprob>0.0</fprob>
        </actor>
        <actor name="D0N4">
            <wcet number="0">10</wcet>
            <wcet number="1">40</wcet>
            <maxpow number="0.8645904268144131"/>
            <maxpow number="0.8645904268144131"/>
            <fprob>0.0</fprob>
        </actor>
        <actor name="D0N2">
            <wcet number="0">10</wcet>
            <wcet number="1">10</wcet>
            <maxpow number="0.8149098792628477"/>
            <maxpow number="0.8149098792628477"/>
            <fprob>0.0</fprob>
        </actor>
        <actor name="D0N18">
            <wcet number="0">90</wcet>
            <wcet number="1">140</wcet>
            <maxpow number="0.3287880758613321"/>
            <maxpow number="0.3287880758613321"/>
            <fprob>0.0</fprob>
        </actor>
        <actor name="D0N40">
            <wcet number="0">90</wcet>
            <wcet number="1">120</wcet>
            <maxpow number="0.5738603599734574"/>
            <maxpow number="0.5738603599734574"/>
            <fprob>0.0</fprob>
        </actor>
        <actor name="D0N27">
            <wcet number="0">70</wcet>
            <wcet number="1">90</wcet>
            <maxpow number="0.48531501491696677"/>
            <maxpow number="0.48531501491696677"/>
            <fprob>0.0</fprob>
        </actor>
        <actor name="D0N12">
            <wcet number="0">60</wcet>
            <wcet number="1">170</wcet>
            <maxpow number="0.49864142020414437"/>
            <maxpow number="0.49864142020414437"/>
            <fprob>0.0</fprob>
        </actor>
        <actor name="D0N33">
            <wcet number="0">50</wcet>
            <wcet number="1">60</wcet>
            <maxpow number="0.5027516897824507"/>
            <maxpow number="0.5027516897824507"/>
            <fprob>0.0</fprob>
        </actor>
        <actor name="D0N22">
            <wcet number="0">90</wcet>
            <wcet number="1">120</wcet>
            <maxpow number="0.4873468173140362"/>
            <maxpow number="0.4873468173140362"/>
            <fprob>0.0</fprob>
        </actor>
        <actor name="D0N43">
            <wcet number="0">50</wcet>
            <wcet number="1">80</wcet>
            <maxpow number="0.6861604833275076"/>
            <maxpow number="0.6861604833275076"/>
            <fprob>0.0</fprob>
        </actor>
        <actor name="D0N7">
            <wcet number="0">10</wcet>
            <wcet number="1">40</wcet>
            <maxpow number="0.6210552591375171"/>
            <maxpow number="0.6210552591375171"/>
            <fprob>0.0</fprob>
        </actor>
        <actor name="D0N37">
            <wcet number="0">150</wcet>
            <wcet number="1">150</wcet>
            <maxpow number="0.4618409991590685"/>
            <maxpow number="0.4618409991590685"/>
            <fprob>0.0</fprob>
        </actor>
        <actor name="D0N41">
            <wcet number="0">10</wcet>
            <wcet number="1">10</wcet>
            <maxpow number="0.6801445208705525"/>
            <maxpow number="0.6801445208705525"/>
            <fprob>0.0</fprob>
        </actor>
        <actor name="D0N11">
            <wcet number="0">100</wcet>
            <wcet number="1">320</wcet>
            <maxpow number="0.5872137088558453"/>
            <maxpow number="0.5872137088558453"/>
            <fprob>0.0</fprob>
        </actor>
        <actor name="D0N44">
            <wcet number="0">30</wcet>
            <wcet number="1">90</wcet>
            <maxpow number="0.34715698982070947"/>
            <maxpow number="0.34715698982070947"/>
            <fprob>0.0</fprob>
        </actor>
        <actor name="D0N19">
            <wcet number="0">10</wcet>
            <wcet number="1">70</wcet>
            <maxpow number="0.6249269004212881"/>
            <maxpow number="0.6249269004212881"/>
            <fprob>0.0</fprob>
        </actor>
        <actor name="D0N45">
            <wcet number="0">60</wcet>
            <wcet number="1">80</wcet>
            <maxpow number="0.6914016304867844"/>
            <maxpow number="0.6914016304867844"/>
            <fprob>0.0</fprob>
        </actor>
        <actor name="D0N46">
            <wcet number="0">10</wcet>
            <wcet number="1">10</wcet>
            <maxpow number="0.8542383494154571"/>
            <maxpow number="0.8542383494154571"/>
            <fprob>0.0</fprob>
        </actor>
        <actor name="D0N20">
            <wcet number="0">30</wcet>
            <wcet number="1">260</wcet>
            <maxpow number="0.8184773735534745"/>
            <maxpow number="0.8184773735534745"/>
            <fprob>0.0</fprob>
        </actor>
        <actor name="D0N21">
            <wcet number="0">200</wcet>
            <wcet number="1">270</wcet>
            <maxpow number="0.4980450266367555"/>
            <maxpow number="0.4980450266367555"/>
            <fprob>0.0</fprob>
        </actor>
        <actor name="D0N24">
            <wcet number="0">120</wcet>
            <wcet number="1">190</wcet>
            <maxpow number="0.5820836649109242"/>
            <maxpow number="0.5820836649109242"/>
            <fprob>0.0</fprob>
        </actor>
        <actor name="D0N25">
            <wcet number="0">100</wcet>
            <wcet number="1">100</wcet>
            <maxpow number="0.453077279992038"/>
            <maxpow number="0.453077279992038"/>
            <fprob>0.0</fprob>
        </actor>
        <actor name="D0N13">
            <wcet number="0">40</wcet>
            <wcet number="1">440</wcet>
            <maxpow number="0.4952719885152526"/>
            <maxpow number="0.4952719885152526"/>
            <fprob>0.0</fprob>
        </actor>
        <actor name="D0N14">
            <wcet number="0">10</wcet>
            <wcet number="1">50</wcet>
            <maxpow number="0.3230512644364528"/>
            <maxpow number="0.3230512644364528"/>
            <fprob>0.0</fprob>
        </actor>
        <actor name="D0N26">
            <wcet number="0">60</wcet>
            <wcet number="1">100</wcet>
            <maxpow number="0.6297620283850365"/>
            <maxpow number="0.6297620283850365"/>
            <fprob>0.0</fprob>
        </actor>
        <actor name="D0N32">
            <wcet number="0">30</wcet>
            <wcet number="1">50</wcet>
            <maxpow number="0.4244469370330624"/>
            <maxpow number="0.4244469370330624"/>
            <fprob>0.0</fprob>
        </actor>
        <actor name="D0N9">
            <wcet number="0">50</wcet>
            <wcet number="1">110</wcet>
            <maxpow number="0.2996002426479355"/>
            <maxpow number="0.2996002426479355"/>
            <fprob>0.0</fprob>
        </actor>
        <actor name="D0N36">
            <wcet number="0">170</wcet>
            <wcet number="1">270</wcet>
            <maxpow number="0.5514791346614627"/>
            <maxpow number="0.5514791346614627"/>
            <fprob>0.0</fprob>
        </actor>
        <actor name="D0N35">
            <wcet number="0">20</wcet>
            <wcet number="1">50</wcet>
            <maxpow number="0.5568574788322015"/>
            <maxpow number="0.5568574788322015"/>
            <fprob>0.0</fprob>
        </actor>
        <actor name="D0N15">
            <wcet number="0">150</wcet>
            <wcet number="1">320</wcet>
            <maxpow number="0.6685861864845604"/>
            <maxpow number="0.6685861864845604"/>
            <fprob>0.0</fprob>
        </actor>
        <actor name="D0N28">
            <wcet number="0">40</wcet>
            <wcet number="1">60</wcet>
            <maxpow number="0.6217098282678417"/>
            <maxpow number="0.6217098282678417"/>
            <fprob>0.0</fprob>
        </actor>
        <actor name="D0N29">
            <wcet number="0">40</wcet>
            <wcet number="1">280</wcet>
            <maxpow number="0.8218877793714385"/>
            <maxpow number="0.8218877793714385"/>
            <fprob>0.0</fprob>
        </actor>
        <actor name="D0N1">
            <wcet number="0">30</wcet>
            <wcet number="1">60</wcet>
            <maxpow number="0.439790782874735"/>
            <maxpow number="0.439790782874735"/>
            <fprob>0.0</fprob>
        </actor>
        <actor name="D0N47">
            <wcet number="0">30</wcet>
            <wcet number="1">160</wcet>
            <maxpow number="0.2252669790191923"/>
            <maxpow number="0.2252669790191923"/>
            <fprob>0.0</fprob>
        </actor>
        <actor name="D0N3">
            <wcet number="0">30</wcet>
            <wcet number="1">40</wcet>
            <maxpow number="0.5795716420595032"/>
            <maxpow number="0.5795716420595032"/>
            <fprob>0.0</fprob>
        </actor>
        <actor name="D0N8">
            <wcet number="0">120</wcet>
            <wcet number="1">120</wcet>
            <maxpow number="0.5114349557602583"/>
            <maxpow number="0.5114349557602583"/>
            <fprob>0.0</fprob>
        </actor>
        <ports>
            <port dstActor="D0N29" name="p0" srcActor="D0N23"/>
            <port dstActor="D0N38" name="p1" srcActor="D0N10"/>
            <port dstActor="D0N31" name="p2" srcActor="D0N10"/>
            <port dstActor="D0N40" name="p3" srcActor="D0N38"/>
            <port dstActor="D0N46" name="p4" srcActor="D0N16"/>
            <port dstActor="D0N28" name="p5" srcActor="D0N16"/>
            <port dstActor="D0N38" name="p6" srcActor="D0N16"/>
            <port dstActor="D0N30" name="p7" srcActor="D0N16"/>
            <port dstActor="D0N31" name="p8" srcActor="D0N16"/>
            <port dstActor="D0N21" name="p9" srcActor="D0N17"/>
            <port dstActor="D0N18" name="p10" srcActor="D0N17"/>
            <port dstActor="D0N20" name="p11" srcActor="D0N17"/>
            <port dstActor="D0N38" name="p12" srcActor="D0N17"/>
            <port dstActor="D0N40" name="p13" srcActor="D0N17"/>
            <port dstActor="D0N26" name="p14" srcActor="D0N6"/>
            <port dstActor="D0N47" name="p15" srcActor="D0N6"/>
            <port dstActor="D0N31" name="p16" srcActor="D0N6"/>
            <port dstActor="D0N38" name="p17" srcActor="D0N6"/>
            <port dstActor="D0N8" name="p18" srcActor="D0N6"/>
            <port dstActor="D0N27" name="p19" srcActor="D0N6"/>
            <port dstActor="D0N46" name="p20" srcActor="D0N6"/>
            <port dstActor="D0N34" name="p21" srcActor="D0N31"/>
            <port dstActor="D0N47" name="p22" srcActor="D0N31"/>
            <port dstActor="D0N21" name="p23" srcActor="D0N5"/>
            <port dstActor="D0N43" name="p24" srcActor="D0N5"/>
            <port dstActor="D0N22" name="p25" srcActor="D0N5"/>
            <port dstActor="D0N12" name="p26" srcActor="D0N5"/>
            <port dstActor="D0N46" name="p27" srcActor="D0N5"/>
            <port dstActor="D0N29" name="p28" srcActor="D0N5"/>
            <port dstActor="D0N46" name="p29" srcActor="D0N0"/>
            <port dstActor="D0N39" name="p30" srcActor="D0N0"/>
            <port dstActor="D0N35" name="p31" srcActor="D0N30"/>
            <port dstActor="D0N28" name="p32" srcActor="D0N4"/>
            <port dstActor="D0N21" name="p33" srcActor="D0N4"/>
            <port dstActor="D0N31" name="p34" srcActor="D0N4"/>
            <port dstActor="D0N36" name="p35" srcActor="D0N4"/>
            <port dstActor="D0N38" name="p36" srcActor="D0N2"/>
            <port dstActor="D0N6" name="p37" srcActor="D0N2"/>
            <port dstActor="D0N29" name="p38" srcActor="D0N2"/>
            <port dstActor="D0N47" name="p39" srcActor="D0N2"/>
            <port dstActor="D0N31" name="p40" srcActor="D0N2"/>
            <port dstActor="D0N24" name="p41" srcActor="D0N18"/>
            <port dstActor="D0N27" name="p42" srcActor="D0N18"/>
            <port dstActor="D0N29" name="p43" srcActor="D0N27"/>
            <port dstActor="D0N38" name="p44" srcActor="D0N27"/>
            <port dstActor="D0N30" name="p45" srcActor="D0N27"/>
            <port dstActor="D0N46" name="p46" srcActor="D0N33"/>
            <port dstActor="D0N42" name="p47" srcActor="D0N22"/>
            <port dstActor="D0N23" name="p48" srcActor="D0N22"/>
            <port dstActor="D0N47" name="p49" srcActor="D0N43"/>
            <port dstActor="D0N42" name="p50" srcActor="D0N7"/>
            <port dstActor="D0N46" name="p51" srcActor="D0N7"/>
            <port dstActor="D0N44" name="p52" srcActor="D0N37"/>
            <port dstActor="D0N31" name="p53" srcActor="D0N11"/>
            <port dstActor="D0N46" name="p54" srcActor="D0N11"/>
            <port dstActor="D0N20" name="p55" srcActor="D0N19"/>
            <port dstActor="D0N34" name="p56" srcActor="D0N19"/>
            <port dstActor="D0N26" name="p57" srcActor="D0N19"/>
            <port dstActor="D0N46" name="p58" srcActor="D0N45"/>
            <port dstActor="D0N28" name="p59" srcActor="D0N20"/>
            <port dstActor="D0N27" name="p60" srcActor="D0N20"/>
            <port dstActor="D0N34" name="p61" srcActor="D0N20"/>
            <port dstActor="D0N27" name="p62" srcActor="D0N21"/>
            <port dstActor="D0N22" name="p63" srcActor="D0N21"/>
            <port dstActor="D0N33" name="p64" srcActor="D0N21"/>
            <port dstActor="D0N45" name="p65" srcActor="D0N24"/>
            <port dstActor="D0N36" name="p66" srcActor="D0N24"/>
            <port dstActor="D0N35" name="p67" srcActor="D0N24"/>
            <port dstActor="D0N45" name="p68" srcActor="D0N25"/>
            <port dstActor="D0N45" name="p69" srcActor="D0N13"/>
            <port dstActor="D0N18" name="p70" srcActor="D0N13"/>
            <port dstActor="D0N22" name="p71" srcActor="D0N13"/>
            <port dstActor="D0N36" name="p72" srcActor="D0N13"/>
            <port dstActor="D0N27" name="p73" srcActor="D0N13"/>
            <port dstActor="D0N39" name="p74" srcActor="D0N14"/>
            <port dstActor="D0N34" name="p75" srcActor="D0N14"/>
            <port dstActor="D0N37" name="p76" srcActor="D0N14"/>
            <port dstActor="D0N45" name="p77" srcActor="D0N14"/>
            <port dstActor="D0N16" name="p78" srcActor="D0N14"/>
            <port dstActor="D0N32" name="p79" srcActor="D0N14"/>
            <port dstActor="D0N21" name="p80" srcActor="D0N14"/>
            <port dstActor="D0N38" name="p81" srcActor="D0N14"/>
            <port dstActor="D0N41" name="p82" srcActor="D0N26"/>
            <port dstActor="D0N36" name="p83" srcActor="D0N26"/>
            <port dstActor="D0N35" name="p84" srcActor="D0N32"/>
            <port dstActor="D0N26" name="p85" srcActor="D0N9"/>
            <port dstActor="D0N43" name="p86" srcActor="D0N9"/>
            <port dstActor="D0N25" name="p87" srcActor="D0N9"/>
            <port dstActor="D0N30" name="p88" srcActor="D0N9"/>
            <port dstActor="D0N47" name="p89" srcActor="D0N35"/>
            <port dstActor="D0N29" name="p90" srcActor="D0N15"/>
            <port dstActor="D0N34" name="p91" srcActor="D0N28"/>
            <port dstActor="D0N47" name="p92" srcActor="D0N28"/>
            <port dstActor="D0N33" name="p93" srcActor="D0N29"/>
            <port dstActor="D0N34" name="p94" srcActor="D0N29"/>
            <port dstActor="D0N8" name="p95" srcActor="D0N1"/>
            <port dstActor="D0N45" name="p96" srcActor="D0N1"/>
            <port dstActor="D0N44" name="p97" srcActor="D0N1"/>
            <port dstActor="D0N37" name="p98" srcActor="D0N1"/>
            <port dstActor="D0N13" name="p99" srcActor="D0N3"/>
            <port dstActor="D0N44" name="p100" srcActor="D0N3"/>
            <port dstActor="D0N43" name="p101" srcActor="D0N3"/>
            <port dstActor="D0N29" name="p102" srcActor="D0N3"/>
            <port dstActor="D0N14" name="p103" srcActor="D0N8"/>
            <port dstActor="D0N25" name="p104" srcActor="D0N8"/>
            <port dstActor="D0N19" name="p105" srcActor="D0N8"/>
            <port dstActor="D0N31" name="p106" srcActor="D0N8"/>
        </ports>
    </mcdag>
    <cores number="3"/>
    <levels number="2"/>
</mcsystem>
