<?xml version="1.0" encoding="UTF-8" standalone="no"?>
<mcsystem>
    <mcdag deadline="1500" name="genned-0-ed-10.0-0">
        <actor name="D0N3">
            <wcet number="0">10</wcet>
            <wcet number="1">30</wcet>
            <maxpow number="0.5544506137114863"/>
            <maxpow number="0.5544506137114863"/>
            <fprob>0.0</fprob>
        </actor>
        <actor name="D0N14">
            <wcet number="0">10</wcet>
            <wcet number="1">30</wcet>
            <maxpow number="0.6506945137389759"/>
            <maxpow number="0.6506945137389759"/>
            <fprob>0.0</fprob>
        </actor>
        <actor name="D0N23">
            <wcet number="0">30</wcet>
            <wcet number="1">130</wcet>
            <maxpow number="0.3841498341560017"/>
            <maxpow number="0.3841498341560017"/>
            <fprob>0.0</fprob>
        </actor>
        <actor name="D0N16">
            <wcet number="0">20</wcet>
            <wcet number="1">20</wcet>
            <maxpow number="0.5305140035549463"/>
            <maxpow number="0.5305140035549463"/>
            <fprob>0.0</fprob>
        </actor>
        <actor name="D0N46">
            <wcet number="0">10</wcet>
            <wcet number="1">70</wcet>
            <maxpow number="0.4773160836380405"/>
            <maxpow number="0.4773160836380405"/>
            <fprob>0.0</fprob>
        </actor>
        <actor name="D0N40">
            <wcet number="0">50</wcet>
            <wcet number="1">60</wcet>
            <maxpow number="0.8452715281610934"/>
            <maxpow number="0.8452715281610934"/>
            <fprob>0.0</fprob>
        </actor>
        <actor name="D0N28">
            <wcet number="0">10</wcet>
            <wcet number="1">20</wcet>
            <maxpow number="0.6963809241985717"/>
            <maxpow number="0.6963809241985717"/>
            <fprob>0.0</fprob>
        </actor>
        <actor name="D0N36">
            <wcet number="0">10</wcet>
            <wcet number="1">120</wcet>
            <maxpow number="0.7251818557220616"/>
            <maxpow number="0.7251818557220616"/>
            <fprob>0.0</fprob>
        </actor>
        <actor name="D0N7">
            <wcet number="0">30</wcet>
            <wcet number="1">30</wcet>
            <maxpow number="0.7000890394044157"/>
            <maxpow number="0.7000890394044157"/>
            <fprob>0.0</fprob>
        </actor>
        <actor name="D0N37">
            <wcet number="0">30</wcet>
            <wcet number="1">80</wcet>
            <maxpow number="0.4916728918439158"/>
            <maxpow number="0.4916728918439158"/>
            <fprob>0.0</fprob>
        </actor>
        <actor name="D0N31">
            <wcet number="0">70</wcet>
            <wcet number="1">120</wcet>
            <maxpow number="0.4670913493743575"/>
            <maxpow number="0.4670913493743575"/>
            <fprob>0.0</fprob>
        </actor>
        <actor name="D0N15">
            <wcet number="0">60</wcet>
            <wcet number="1">90</wcet>
            <maxpow number="0.5162102594235681"/>
            <maxpow number="0.5162102594235681"/>
            <fprob>0.0</fprob>
        </actor>
        <actor name="D0N33">
            <wcet number="0">40</wcet>
            <wcet number="1">60</wcet>
            <maxpow number="0.9332830215789478"/>
            <maxpow number="0.9332830215789478"/>
            <fprob>0.0</fprob>
        </actor>
        <actor name="D0N34">
            <wcet number="0">210</wcet>
            <wcet number="1">240</wcet>
            <maxpow number="0.37302414959641395"/>
            <maxpow number="0.37302414959641395"/>
            <fprob>0.0</fprob>
        </actor>
        <actor name="D0N32">
            <wcet number="0">10</wcet>
            <wcet number="1">10</wcet>
            <maxpow number="0.6576367088745649"/>
            <maxpow number="0.6576367088745649"/>
            <fprob>0.0</fprob>
        </actor>
        <actor name="D0N44">
            <wcet number="0">30</wcet>
            <wcet number="1">110</wcet>
            <maxpow number="0.5884603872557035"/>
            <maxpow number="0.5884603872557035"/>
            <fprob>0.0</fprob>
        </actor>
        <actor name="D0N4">
            <wcet number="0">20</wcet>
            <wcet number="1">20</wcet>
            <maxpow number="0.7758982362514583"/>
            <maxpow number="0.7758982362514583"/>
            <fprob>0.0</fprob>
        </actor>
        <actor name="D0N18">
            <wcet number="0">10</wcet>
            <wcet number="1">10</wcet>
            <maxpow number="0.7572913259998109"/>
            <maxpow number="0.7572913259998109"/>
            <fprob>0.0</fprob>
        </actor>
        <actor name="D0N39">
            <wcet number="0">10</wcet>
            <wcet number="1">10</wcet>
            <maxpow number="0.6608653396232549"/>
            <maxpow number="0.6608653396232549"/>
            <fprob>0.0</fprob>
        </actor>
        <actor name="D0N20">
            <wcet number="0">110</wcet>
            <wcet number="1">110</wcet>
            <maxpow number="0.8842201351448215"/>
            <maxpow number="0.8842201351448215"/>
            <fprob>0.0</fprob>
        </actor>
        <actor name="D0N38">
            <wcet number="0">10</wcet>
            <wcet number="1">40</wcet>
            <maxpow number="0.34131450915990136"/>
            <maxpow number="0.34131450915990136"/>
            <fprob>0.0</fprob>
        </actor>
        <actor name="D0N6">
            <wcet number="0">10</wcet>
            <wcet number="1">10</wcet>
            <maxpow number="0.630918368565109"/>
            <maxpow number="0.630918368565109"/>
            <fprob>0.0</fprob>
        </actor>
        <actor name="D0N5">
            <wcet number="0">10</wcet>
            <wcet number="1">10</wcet>
            <maxpow number="0.5232980591010706"/>
            <maxpow number="0.5232980591010706"/>
            <fprob>0.0</fprob>
        </actor>
        <actor name="D0N19">
            <wcet number="0">30</wcet>
            <wcet number="1">50</wcet>
            <maxpow number="0.5372342607407152"/>
            <maxpow number="0.5372342607407152"/>
            <fprob>0.0</fprob>
        </actor>
        <actor name="D0N11">
            <wcet number="0">40</wcet>
            <wcet number="1">250</wcet>
            <maxpow number="0.35553101809305315"/>
            <maxpow number="0.35553101809305315"/>
            <fprob>0.0</fprob>
        </actor>
        <actor name="D0N8">
            <wcet number="0">30</wcet>
            <wcet number="1">200</wcet>
            <maxpow number="0.5427086074080282"/>
            <maxpow number="0.5427086074080282"/>
            <fprob>0.0</fprob>
        </actor>
        <actor name="D0N29">
            <wcet number="0">40</wcet>
            <wcet number="1">60</wcet>
            <maxpow number="0.38602292551796996"/>
            <maxpow number="0.38602292551796996"/>
            <fprob>0.0</fprob>
        </actor>
        <actor name="D0N22">
            <wcet number="0">30</wcet>
            <wcet number="1">30</wcet>
            <maxpow number="0.40676704579568823"/>
            <maxpow number="0.40676704579568823"/>
            <fprob>0.0</fprob>
        </actor>
        <actor name="D0N45">
            <wcet number="0">30</wcet>
            <wcet number="1">40</wcet>
            <maxpow number="0.6097419478324254"/>
            <maxpow number="0.6097419478324254"/>
            <fprob>0.0</fprob>
        </actor>
        <actor name="D0N1">
            <wcet number="0">10</wcet>
            <wcet number="1">10</wcet>
            <maxpow number="0.39104537246013993"/>
            <maxpow number="0.39104537246013993"/>
            <fprob>0.0</fprob>
        </actor>
        <actor name="D0N2">
            <wcet number="0">20</wcet>
            <wcet number="1">30</wcet>
            <maxpow number="0.1434230726096386"/>
            <maxpow number="0.1434230726096386"/>
            <fprob>0.0</fprob>
        </actor>
        <actor name="D0N9">
            <wcet number="0">20</wcet>
            <wcet number="1">40</wcet>
            <maxpow number="0.778228183343033"/>
            <maxpow number="0.778228183343033"/>
            <fprob>0.0</fprob>
        </actor>
        <actor name="D0N12">
            <wcet number="0">40</wcet>
            <wcet number="1">120</wcet>
            <maxpow number="0.7469477681883031"/>
            <maxpow number="0.7469477681883031"/>
            <fprob>0.0</fprob>
        </actor>
        <actor name="D0N27">
            <wcet number="0">10</wcet>
            <wcet number="1">60</wcet>
            <maxpow number="0.6926473519280262"/>
            <maxpow number="0.6926473519280262"/>
            <fprob>0.0</fprob>
        </actor>
        <actor name="D0N0">
            <wcet number="0">30</wcet>
            <wcet number="1">110</wcet>
            <maxpow number="0.45436663179462033"/>
            <maxpow number="0.45436663179462033"/>
            <fprob>0.0</fprob>
        </actor>
        <actor name="D0N25">
            <wcet number="0">20</wcet>
            <wcet number="1">20</wcet>
            <maxpow number="0.36945515811585"/>
            <maxpow number="0.36945515811585"/>
            <fprob>0.0</fprob>
        </actor>
        <actor name="D0N26">
            <wcet number="0">20</wcet>
            <wcet number="1">30</wcet>
            <maxpow number="0.5793359946310174"/>
            <maxpow number="0.5793359946310174"/>
            <fprob>0.0</fprob>
        </actor>
        <actor name="D0N42">
            <wcet number="0">10</wcet>
            <wcet number="1">10</wcet>
            <maxpow number="0.9182608985828453"/>
            <maxpow number="0.9182608985828453"/>
            <fprob>0.0</fprob>
        </actor>
        <actor name="D0N47">
            <wcet number="0">60</wcet>
            <wcet number="1">90</wcet>
            <maxpow number="0.7201428788526789"/>
            <maxpow number="0.7201428788526789"/>
            <fprob>0.0</fprob>
        </actor>
        <actor name="D0N30">
            <wcet number="0">40</wcet>
            <wcet number="1">40</wcet>
            <maxpow number="0.5300160423021316"/>
            <maxpow number="0.5300160423021316"/>
            <fprob>0.0</fprob>
        </actor>
        <actor name="D0N24">
            <wcet number="0">10</wcet>
            <wcet number="1">90</wcet>
            <maxpow number="0.5037305514957118"/>
            <maxpow number="0.5037305514957118"/>
            <fprob>0.0</fprob>
        </actor>
        <actor name="D0N43">
            <wcet number="0">50</wcet>
            <wcet number="1">60</wcet>
            <maxpow number="0.6460362594446953"/>
            <maxpow number="0.6460362594446953"/>
            <fprob>0.0</fprob>
        </actor>
        <actor name="D0N21">
            <wcet number="0">10</wcet>
            <wcet number="1">10</wcet>
            <maxpow number="0.5147862957222145"/>
            <maxpow number="0.5147862957222145"/>
            <fprob>0.0</fprob>
        </actor>
        <actor name="D0N35">
            <wcet number="0">10</wcet>
            <wcet number="1">70</wcet>
            <maxpow number="0.4538753613329197"/>
            <maxpow number="0.4538753613329197"/>
            <fprob>0.0</fprob>
        </actor>
        <actor name="D0N17">
            <wcet number="0">50</wcet>
            <wcet number="1">60</wcet>
            <maxpow number="0.6542362417712124"/>
            <maxpow number="0.6542362417712124"/>
            <fprob>0.0</fprob>
        </actor>
        <actor name="D0N13">
            <wcet number="0">40</wcet>
            <wcet number="1">40</wcet>
            <maxpow number="0.3573950752802904"/>
            <maxpow number="0.3573950752802904"/>
            <fprob>0.0</fprob>
        </actor>
        <actor name="D0N10">
            <wcet number="0">30</wcet>
            <wcet number="1">30</wcet>
            <maxpow number="0.5232185300954234"/>
            <maxpow number="0.5232185300954234"/>
            <fprob>0.0</fprob>
        </actor>
        <actor name="D0N41">
            <wcet number="0">20</wcet>
            <wcet number="1">20</wcet>
            <maxpow number="0.4846367419787023"/>
            <maxpow number="0.4846367419787023"/>
            <fprob>0.0</fprob>
        </actor>
        <ports>
            <port dstActor="D0N16" name="p0" srcActor="D0N3"/>
            <port dstActor="D0N20" name="p1" srcActor="D0N3"/>
            <port dstActor="D0N14" name="p2" srcActor="D0N3"/>
            <port dstActor="D0N11" name="p3" srcActor="D0N3"/>
            <port dstActor="D0N29" name="p4" srcActor="D0N3"/>
            <port dstActor="D0N42" name="p5" srcActor="D0N3"/>
            <port dstActor="D0N39" name="p6" srcActor="D0N3"/>
            <port dstActor="D0N36" name="p7" srcActor="D0N14"/>
            <port dstActor="D0N28" name="p8" srcActor="D0N23"/>
            <port dstActor="D0N33" name="p9" srcActor="D0N16"/>
            <port dstActor="D0N34" name="p10" srcActor="D0N16"/>
            <port dstActor="D0N31" name="p11" srcActor="D0N16"/>
            <port dstActor="D0N37" name="p12" srcActor="D0N36"/>
            <port dstActor="D0N39" name="p13" srcActor="D0N36"/>
            <port dstActor="D0N39" name="p14" srcActor="D0N7"/>
            <port dstActor="D0N41" name="p15" srcActor="D0N7"/>
            <port dstActor="D0N18" name="p16" srcActor="D0N7"/>
            <port dstActor="D0N35" name="p17" srcActor="D0N7"/>
            <port dstActor="D0N44" name="p18" srcActor="D0N37"/>
            <port dstActor="D0N38" name="p19" srcActor="D0N31"/>
            <port dstActor="D0N43" name="p20" srcActor="D0N15"/>
            <port dstActor="D0N26" name="p21" srcActor="D0N15"/>
            <port dstActor="D0N37" name="p22" srcActor="D0N15"/>
            <port dstActor="D0N36" name="p23" srcActor="D0N33"/>
            <port dstActor="D0N41" name="p24" srcActor="D0N33"/>
            <port dstActor="D0N43" name="p25" srcActor="D0N34"/>
            <port dstActor="D0N40" name="p26" srcActor="D0N34"/>
            <port dstActor="D0N46" name="p27" srcActor="D0N34"/>
            <port dstActor="D0N36" name="p28" srcActor="D0N34"/>
            <port dstActor="D0N43" name="p29" srcActor="D0N32"/>
            <port dstActor="D0N42" name="p30" srcActor="D0N32"/>
            <port dstActor="D0N13" name="p31" srcActor="D0N4"/>
            <port dstActor="D0N34" name="p32" srcActor="D0N4"/>
            <port dstActor="D0N28" name="p33" srcActor="D0N4"/>
            <port dstActor="D0N32" name="p34" srcActor="D0N4"/>
            <port dstActor="D0N31" name="p35" srcActor="D0N18"/>
            <port dstActor="D0N38" name="p36" srcActor="D0N18"/>
            <port dstActor="D0N42" name="p37" srcActor="D0N39"/>
            <port dstActor="D0N47" name="p38" srcActor="D0N20"/>
            <port dstActor="D0N26" name="p39" srcActor="D0N20"/>
            <port dstActor="D0N21" name="p40" srcActor="D0N20"/>
            <port dstActor="D0N42" name="p41" srcActor="D0N38"/>
            <port dstActor="D0N39" name="p42" srcActor="D0N6"/>
            <port dstActor="D0N16" name="p43" srcActor="D0N5"/>
            <port dstActor="D0N42" name="p44" srcActor="D0N5"/>
            <port dstActor="D0N44" name="p45" srcActor="D0N19"/>
            <port dstActor="D0N16" name="p46" srcActor="D0N11"/>
            <port dstActor="D0N23" name="p47" srcActor="D0N11"/>
            <port dstActor="D0N14" name="p48" srcActor="D0N11"/>
            <port dstActor="D0N43" name="p49" srcActor="D0N11"/>
            <port dstActor="D0N20" name="p50" srcActor="D0N8"/>
            <port dstActor="D0N25" name="p51" srcActor="D0N8"/>
            <port dstActor="D0N38" name="p52" srcActor="D0N8"/>
            <port dstActor="D0N46" name="p53" srcActor="D0N29"/>
            <port dstActor="D0N33" name="p54" srcActor="D0N29"/>
            <port dstActor="D0N47" name="p55" srcActor="D0N29"/>
            <port dstActor="D0N39" name="p56" srcActor="D0N22"/>
            <port dstActor="D0N25" name="p57" srcActor="D0N22"/>
            <port dstActor="D0N33" name="p58" srcActor="D0N22"/>
            <port dstActor="D0N7" name="p59" srcActor="D0N1"/>
            <port dstActor="D0N15" name="p60" srcActor="D0N1"/>
            <port dstActor="D0N36" name="p61" srcActor="D0N1"/>
            <port dstActor="D0N38" name="p62" srcActor="D0N2"/>
            <port dstActor="D0N35" name="p63" srcActor="D0N2"/>
            <port dstActor="D0N45" name="p64" srcActor="D0N2"/>
            <port dstActor="D0N7" name="p65" srcActor="D0N2"/>
            <port dstActor="D0N26" name="p66" srcActor="D0N9"/>
            <port dstActor="D0N42" name="p67" srcActor="D0N9"/>
            <port dstActor="D0N17" name="p68" srcActor="D0N9"/>
            <port dstActor="D0N20" name="p69" srcActor="D0N12"/>
            <port dstActor="D0N24" name="p70" srcActor="D0N12"/>
            <port dstActor="D0N26" name="p71" srcActor="D0N12"/>
            <port dstActor="D0N23" name="p72" srcActor="D0N12"/>
            <port dstActor="D0N28" name="p73" srcActor="D0N27"/>
            <port dstActor="D0N29" name="p74" srcActor="D0N27"/>
            <port dstActor="D0N45" name="p75" srcActor="D0N27"/>
            <port dstActor="D0N1" name="p76" srcActor="D0N0"/>
            <port dstActor="D0N12" name="p77" srcActor="D0N0"/>
            <port dstActor="D0N34" name="p78" srcActor="D0N0"/>
            <port dstActor="D0N15" name="p79" srcActor="D0N0"/>
            <port dstActor="D0N21" name="p80" srcActor="D0N0"/>
            <port dstActor="D0N38" name="p81" srcActor="D0N25"/>
            <port dstActor="D0N28" name="p82" srcActor="D0N26"/>
            <port dstActor="D0N47" name="p83" srcActor="D0N26"/>
            <port dstActor="D0N29" name="p84" srcActor="D0N26"/>
            <port dstActor="D0N33" name="p85" srcActor="D0N26"/>
            <port dstActor="D0N43" name="p86" srcActor="D0N26"/>
            <port dstActor="D0N43" name="p87" srcActor="D0N42"/>
            <port dstActor="D0N36" name="p88" srcActor="D0N30"/>
            <port dstActor="D0N35" name="p89" srcActor="D0N24"/>
            <port dstActor="D0N46" name="p90" srcActor="D0N24"/>
            <port dstActor="D0N25" name="p91" srcActor="D0N24"/>
            <port dstActor="D0N22" name="p92" srcActor="D0N21"/>
            <port dstActor="D0N46" name="p93" srcActor="D0N21"/>
            <port dstActor="D0N40" name="p94" srcActor="D0N21"/>
            <port dstActor="D0N30" name="p95" srcActor="D0N21"/>
            <port dstActor="D0N25" name="p96" srcActor="D0N21"/>
            <port dstActor="D0N39" name="p97" srcActor="D0N35"/>
            <port dstActor="D0N18" name="p98" srcActor="D0N17"/>
            <port dstActor="D0N29" name="p99" srcActor="D0N17"/>
            <port dstActor="D0N41" name="p100" srcActor="D0N17"/>
            <port dstActor="D0N30" name="p101" srcActor="D0N13"/>
            <port dstActor="D0N22" name="p102" srcActor="D0N13"/>
            <port dstActor="D0N33" name="p103" srcActor="D0N13"/>
            <port dstActor="D0N38" name="p104" srcActor="D0N10"/>
            <port dstActor="D0N27" name="p105" srcActor="D0N10"/>
            <port dstActor="D0N45" name="p106" srcActor="D0N10"/>
            <port dstActor="D0N36" name="p107" srcActor="D0N10"/>
            <port dstActor="D0N47" name="p108" srcActor="D0N41"/>
        </ports>
    </mcdag>
    <cores number="2"/>
    <levels number="2"/>
</mcsystem>
