<?xml version="1.0" encoding="UTF-8" standalone="no"?>
<mcsystem>
    <mcdag deadline="1200" name="genned-0-ed-10.0-0">
        <actor name="D0N18">
            <wcet number="0">60</wcet>
            <wcet number="1">230</wcet>
            <maxpow number="0.6417662699296642"/>
            <maxpow number="0.6417662699296642"/>
            <fprob>0.0</fprob>
        </actor>
        <actor name="D0N6">
            <wcet number="0">70</wcet>
            <wcet number="1">80</wcet>
            <maxpow number="0.423875155999342"/>
            <maxpow number="0.423875155999342"/>
            <fprob>0.0</fprob>
        </actor>
        <actor name="D0N16">
            <wcet number="0">10</wcet>
            <wcet number="1">10</wcet>
            <maxpow number="0.6842451252930501"/>
            <maxpow number="0.6842451252930501"/>
            <fprob>0.0</fprob>
        </actor>
        <actor name="D0N28">
            <wcet number="0">10</wcet>
            <wcet number="1">60</wcet>
            <maxpow number="0.46504932374797725"/>
            <maxpow number="0.46504932374797725"/>
            <fprob>0.0</fprob>
        </actor>
        <actor name="D0N26">
            <wcet number="0">10</wcet>
            <wcet number="1">10</wcet>
            <maxpow number="0.5123737749326751"/>
            <maxpow number="0.5123737749326751"/>
            <fprob>0.0</fprob>
        </actor>
        <actor name="D0N9">
            <wcet number="0">10</wcet>
            <wcet number="1">10</wcet>
            <maxpow number="0.40766907848690437"/>
            <maxpow number="0.40766907848690437"/>
            <fprob>0.0</fprob>
        </actor>
        <actor name="D0N34">
            <wcet number="0">130</wcet>
            <wcet number="1">140</wcet>
            <maxpow number="0.6714586721031125"/>
            <maxpow number="0.6714586721031125"/>
            <fprob>0.0</fprob>
        </actor>
        <actor name="D0N12">
            <wcet number="0">140</wcet>
            <wcet number="1">160</wcet>
            <maxpow number="0.7606443367333443"/>
            <maxpow number="0.7606443367333443"/>
            <fprob>0.0</fprob>
        </actor>
        <actor name="D0N17">
            <wcet number="0">150</wcet>
            <wcet number="1">180</wcet>
            <maxpow number="0.4054727254560714"/>
            <maxpow number="0.4054727254560714"/>
            <fprob>0.0</fprob>
        </actor>
        <actor name="D0N10">
            <wcet number="0">40</wcet>
            <wcet number="1">60</wcet>
            <maxpow number="0.5713332967292367"/>
            <maxpow number="0.5713332967292367"/>
            <fprob>0.0</fprob>
        </actor>
        <actor name="D0N27">
            <wcet number="0">50</wcet>
            <wcet number="1">90</wcet>
            <maxpow number="0.6623886533393206"/>
            <maxpow number="0.6623886533393206"/>
            <fprob>0.0</fprob>
        </actor>
        <actor name="D0N11">
            <wcet number="0">30</wcet>
            <wcet number="1">90</wcet>
            <maxpow number="0.20106430686510068"/>
            <maxpow number="0.20106430686510068"/>
            <fprob>0.0</fprob>
        </actor>
        <actor name="D0N40">
            <wcet number="0">30</wcet>
            <wcet number="1">140</wcet>
            <maxpow number="0.5248567927635278"/>
            <maxpow number="0.5248567927635278"/>
            <fprob>0.0</fprob>
        </actor>
        <actor name="D0N7">
            <wcet number="0">20</wcet>
            <wcet number="1">20</wcet>
            <maxpow number="0.6919236620949965"/>
            <maxpow number="0.6919236620949965"/>
            <fprob>0.0</fprob>
        </actor>
        <actor name="D0N23">
            <wcet number="0">10</wcet>
            <wcet number="1">80</wcet>
            <maxpow number="0.49075892648856406"/>
            <maxpow number="0.49075892648856406"/>
            <fprob>0.0</fprob>
        </actor>
        <actor name="D0N0">
            <wcet number="0">30</wcet>
            <wcet number="1">30</wcet>
            <maxpow number="0.2577798078667077"/>
            <maxpow number="0.2577798078667077"/>
            <fprob>0.0</fprob>
        </actor>
        <actor name="D0N19">
            <wcet number="0">10</wcet>
            <wcet number="1">70</wcet>
            <maxpow number="0.6992695180650478"/>
            <maxpow number="0.6992695180650478"/>
            <fprob>0.0</fprob>
        </actor>
        <actor name="D0N20">
            <wcet number="0">150</wcet>
            <wcet number="1">160</wcet>
            <maxpow number="0.7463427505993959"/>
            <maxpow number="0.7463427505993959"/>
            <fprob>0.0</fprob>
        </actor>
        <actor name="D0N29">
            <wcet number="0">60</wcet>
            <wcet number="1">100</wcet>
            <maxpow number="0.3531448828461502"/>
            <maxpow number="0.3531448828461502"/>
            <fprob>0.0</fprob>
        </actor>
        <actor name="D0N37">
            <wcet number="0">20</wcet>
            <wcet number="1">30</wcet>
            <maxpow number="0.5606021316322255"/>
            <maxpow number="0.5606021316322255"/>
            <fprob>0.0</fprob>
        </actor>
        <actor name="D0N2">
            <wcet number="0">10</wcet>
            <wcet number="1">10</wcet>
            <maxpow number="0.6316213910014995"/>
            <maxpow number="0.6316213910014995"/>
            <fprob>0.0</fprob>
        </actor>
        <actor name="D0N31">
            <wcet number="0">20</wcet>
            <wcet number="1">40</wcet>
            <maxpow number="0.6266399407170566"/>
            <maxpow number="0.6266399407170566"/>
            <fprob>0.0</fprob>
        </actor>
        <actor name="D0N13">
            <wcet number="0">150</wcet>
            <wcet number="1">220</wcet>
            <maxpow number="0.2855473820518282"/>
            <maxpow number="0.2855473820518282"/>
            <fprob>0.0</fprob>
        </actor>
        <actor name="D0N30">
            <wcet number="0">70</wcet>
            <wcet number="1">70</wcet>
            <maxpow number="0.4232684057173408"/>
            <maxpow number="0.4232684057173408"/>
            <fprob>0.0</fprob>
        </actor>
        <actor name="D0N5">
            <wcet number="0">100</wcet>
            <wcet number="1">240</wcet>
            <maxpow number="0.5164619520454219"/>
            <maxpow number="0.5164619520454219"/>
            <fprob>0.0</fprob>
        </actor>
        <actor name="D0N39">
            <wcet number="0">20</wcet>
            <wcet number="1">20</wcet>
            <maxpow number="0.5301520147975491"/>
            <maxpow number="0.5301520147975491"/>
            <fprob>0.0</fprob>
        </actor>
        <actor name="D0N8">
            <wcet number="0">70</wcet>
            <wcet number="1">160</wcet>
            <maxpow number="0.638263322515801"/>
            <maxpow number="0.638263322515801"/>
            <fprob>0.0</fprob>
        </actor>
        <actor name="D0N35">
            <wcet number="0">60</wcet>
            <wcet number="1">60</wcet>
            <maxpow number="0.5589872187378836"/>
            <maxpow number="0.5589872187378836"/>
            <fprob>0.0</fprob>
        </actor>
        <actor name="D0N25">
            <wcet number="0">30</wcet>
            <wcet number="1">30</wcet>
            <maxpow number="0.45080821167968643"/>
            <maxpow number="0.45080821167968643"/>
            <fprob>0.0</fprob>
        </actor>
        <actor name="D0N36">
            <wcet number="0">20</wcet>
            <wcet number="1">30</wcet>
            <maxpow number="0.2940414943212648"/>
            <maxpow number="0.2940414943212648"/>
            <fprob>0.0</fprob>
        </actor>
        <actor name="D0N33">
            <wcet number="0">20</wcet>
            <wcet number="1">40</wcet>
            <maxpow number="0.4875940020105329"/>
            <maxpow number="0.4875940020105329"/>
            <fprob>0.0</fprob>
        </actor>
        <actor name="D0N41">
            <wcet number="0">20</wcet>
            <wcet number="1">120</wcet>
            <maxpow number="0.20244995908481722"/>
            <maxpow number="0.20244995908481722"/>
            <fprob>0.0</fprob>
        </actor>
        <actor name="D0N38">
            <wcet number="0">10</wcet>
            <wcet number="1">30</wcet>
            <maxpow number="0.486875883237927"/>
            <maxpow number="0.486875883237927"/>
            <fprob>0.0</fprob>
        </actor>
        <actor name="D0N14">
            <wcet number="0">10</wcet>
            <wcet number="1">30</wcet>
            <maxpow number="0.3996942575009759"/>
            <maxpow number="0.3996942575009759"/>
            <fprob>0.0</fprob>
        </actor>
        <actor name="D0N1">
            <wcet number="0">130</wcet>
            <wcet number="1">130</wcet>
            <maxpow number="0.33592126247264553"/>
            <maxpow number="0.33592126247264553"/>
            <fprob>0.0</fprob>
        </actor>
        <actor name="D0N22">
            <wcet number="0">80</wcet>
            <wcet number="1">90</wcet>
            <maxpow number="0.48221969174745966"/>
            <maxpow number="0.48221969174745966"/>
            <fprob>0.0</fprob>
        </actor>
        <actor name="D0N3">
            <wcet number="0">10</wcet>
            <wcet number="1">30</wcet>
            <maxpow number="0.36604900656128503"/>
            <maxpow number="0.36604900656128503"/>
            <fprob>0.0</fprob>
        </actor>
        <actor name="D0N32">
            <wcet number="0">10</wcet>
            <wcet number="1">40</wcet>
            <maxpow number="0.5717431831181332"/>
            <maxpow number="0.5717431831181332"/>
            <fprob>0.0</fprob>
        </actor>
        <actor name="D0N15">
            <wcet number="0">50</wcet>
            <wcet number="1">60</wcet>
            <maxpow number="0.6270346897074071"/>
            <maxpow number="0.6270346897074071"/>
            <fprob>0.0</fprob>
        </actor>
        <actor name="D0N24">
            <wcet number="0">10</wcet>
            <wcet number="1">40</wcet>
            <maxpow number="0.9541967232571887"/>
            <maxpow number="0.9541967232571887"/>
            <fprob>0.0</fprob>
        </actor>
        <actor name="D0N42">
            <wcet number="0">10</wcet>
            <wcet number="1">10</wcet>
            <maxpow number="0.2449450336022389"/>
            <maxpow number="0.2449450336022389"/>
            <fprob>0.0</fprob>
        </actor>
        <actor name="D0N4">
            <wcet number="0">20</wcet>
            <wcet number="1">110</wcet>
            <maxpow number="0.34414991966614605"/>
            <maxpow number="0.34414991966614605"/>
            <fprob>0.0</fprob>
        </actor>
        <actor name="D0N21">
            <wcet number="0">100</wcet>
            <wcet number="1">120</wcet>
            <maxpow number="0.5513197893944988"/>
            <maxpow number="0.5513197893944988"/>
            <fprob>0.0</fprob>
        </actor>
        <ports>
            <port dstActor="D0N23" name="p0" srcActor="D0N18"/>
            <port dstActor="D0N26" name="p1" srcActor="D0N18"/>
            <port dstActor="D0N20" name="p2" srcActor="D0N18"/>
            <port dstActor="D0N20" name="p3" srcActor="D0N6"/>
            <port dstActor="D0N39" name="p4" srcActor="D0N6"/>
            <port dstActor="D0N21" name="p5" srcActor="D0N6"/>
            <port dstActor="D0N20" name="p6" srcActor="D0N16"/>
            <port dstActor="D0N29" name="p7" srcActor="D0N16"/>
            <port dstActor="D0N26" name="p8" srcActor="D0N16"/>
            <port dstActor="D0N27" name="p9" srcActor="D0N16"/>
            <port dstActor="D0N29" name="p10" srcActor="D0N28"/>
            <port dstActor="D0N41" name="p11" srcActor="D0N26"/>
            <port dstActor="D0N42" name="p12" srcActor="D0N9"/>
            <port dstActor="D0N34" name="p13" srcActor="D0N12"/>
            <port dstActor="D0N27" name="p14" srcActor="D0N12"/>
            <port dstActor="D0N29" name="p15" srcActor="D0N17"/>
            <port dstActor="D0N40" name="p16" srcActor="D0N17"/>
            <port dstActor="D0N39" name="p17" srcActor="D0N17"/>
            <port dstActor="D0N31" name="p18" srcActor="D0N17"/>
            <port dstActor="D0N36" name="p19" srcActor="D0N17"/>
            <port dstActor="D0N23" name="p20" srcActor="D0N11"/>
            <port dstActor="D0N13" name="p21" srcActor="D0N11"/>
            <port dstActor="D0N21" name="p22" srcActor="D0N7"/>
            <port dstActor="D0N42" name="p23" srcActor="D0N7"/>
            <port dstActor="D0N10" name="p24" srcActor="D0N7"/>
            <port dstActor="D0N25" name="p25" srcActor="D0N23"/>
            <port dstActor="D0N16" name="p26" srcActor="D0N0"/>
            <port dstActor="D0N31" name="p27" srcActor="D0N0"/>
            <port dstActor="D0N33" name="p28" srcActor="D0N0"/>
            <port dstActor="D0N21" name="p29" srcActor="D0N0"/>
            <port dstActor="D0N25" name="p30" srcActor="D0N19"/>
            <port dstActor="D0N21" name="p31" srcActor="D0N19"/>
            <port dstActor="D0N22" name="p32" srcActor="D0N19"/>
            <port dstActor="D0N35" name="p33" srcActor="D0N20"/>
            <port dstActor="D0N36" name="p34" srcActor="D0N20"/>
            <port dstActor="D0N29" name="p35" srcActor="D0N20"/>
            <port dstActor="D0N41" name="p36" srcActor="D0N29"/>
            <port dstActor="D0N38" name="p37" srcActor="D0N37"/>
            <port dstActor="D0N25" name="p38" srcActor="D0N2"/>
            <port dstActor="D0N15" name="p39" srcActor="D0N2"/>
            <port dstActor="D0N42" name="p40" srcActor="D0N2"/>
            <port dstActor="D0N33" name="p41" srcActor="D0N31"/>
            <port dstActor="D0N32" name="p42" srcActor="D0N31"/>
            <port dstActor="D0N39" name="p43" srcActor="D0N31"/>
            <port dstActor="D0N17" name="p44" srcActor="D0N13"/>
            <port dstActor="D0N21" name="p45" srcActor="D0N13"/>
            <port dstActor="D0N19" name="p46" srcActor="D0N13"/>
            <port dstActor="D0N18" name="p47" srcActor="D0N13"/>
            <port dstActor="D0N25" name="p48" srcActor="D0N13"/>
            <port dstActor="D0N29" name="p49" srcActor="D0N13"/>
            <port dstActor="D0N42" name="p50" srcActor="D0N30"/>
            <port dstActor="D0N20" name="p51" srcActor="D0N5"/>
            <port dstActor="D0N12" name="p52" srcActor="D0N5"/>
            <port dstActor="D0N10" name="p53" srcActor="D0N8"/>
            <port dstActor="D0N17" name="p54" srcActor="D0N8"/>
            <port dstActor="D0N33" name="p55" srcActor="D0N8"/>
            <port dstActor="D0N18" name="p56" srcActor="D0N8"/>
            <port dstActor="D0N33" name="p57" srcActor="D0N25"/>
            <port dstActor="D0N31" name="p58" srcActor="D0N25"/>
            <port dstActor="D0N29" name="p59" srcActor="D0N25"/>
            <port dstActor="D0N26" name="p60" srcActor="D0N25"/>
            <port dstActor="D0N41" name="p61" srcActor="D0N36"/>
            <port dstActor="D0N42" name="p62" srcActor="D0N38"/>
            <port dstActor="D0N33" name="p63" srcActor="D0N14"/>
            <port dstActor="D0N41" name="p64" srcActor="D0N14"/>
            <port dstActor="D0N19" name="p65" srcActor="D0N14"/>
            <port dstActor="D0N24" name="p66" srcActor="D0N14"/>
            <port dstActor="D0N22" name="p67" srcActor="D0N1"/>
            <port dstActor="D0N17" name="p68" srcActor="D0N1"/>
            <port dstActor="D0N21" name="p69" srcActor="D0N1"/>
            <port dstActor="D0N25" name="p70" srcActor="D0N22"/>
            <port dstActor="D0N41" name="p71" srcActor="D0N22"/>
            <port dstActor="D0N40" name="p72" srcActor="D0N22"/>
            <port dstActor="D0N37" name="p73" srcActor="D0N3"/>
            <port dstActor="D0N5" name="p74" srcActor="D0N3"/>
            <port dstActor="D0N38" name="p75" srcActor="D0N3"/>
            <port dstActor="D0N36" name="p76" srcActor="D0N32"/>
            <port dstActor="D0N36" name="p77" srcActor="D0N15"/>
            <port dstActor="D0N29" name="p78" srcActor="D0N15"/>
            <port dstActor="D0N12" name="p79" srcActor="D0N4"/>
            <port dstActor="D0N13" name="p80" srcActor="D0N4"/>
            <port dstActor="D0N24" name="p81" srcActor="D0N21"/>
            <port dstActor="D0N25" name="p82" srcActor="D0N21"/>
            <port dstActor="D0N42" name="p83" srcActor="D0N21"/>
        </ports>
    </mcdag>
    <cores number="3"/>
    <levels number="2"/>
</mcsystem>
