<?xml version="1.0" encoding="UTF-8" standalone="no"?>
<mcsystem>
    <mcdag deadline="2000" name="genned-0-ed-10.0-0">
        <actor name="D0N32">
            <wcet number="0">60</wcet>
            <wcet number="1">70</wcet>
            <maxpow number="0.39501044730811014"/>
            <maxpow number="0.39501044730811014"/>
            <fprob>0.0</fprob>
        </actor>
        <actor name="D0N6">
            <wcet number="0">60</wcet>
            <wcet number="1">70</wcet>
            <maxpow number="0.5699024580753053"/>
            <maxpow number="0.5699024580753053"/>
            <fprob>0.0</fprob>
        </actor>
        <actor name="D0N39">
            <wcet number="0">50</wcet>
            <wcet number="1">120</wcet>
            <maxpow number="0.7380071144855016"/>
            <maxpow number="0.7380071144855016"/>
            <fprob>0.0</fprob>
        </actor>
        <actor name="D0N12">
            <wcet number="0">10</wcet>
            <wcet number="1">10</wcet>
            <maxpow number="0.1583840295604219"/>
            <maxpow number="0.1583840295604219"/>
            <fprob>0.0</fprob>
        </actor>
        <actor name="D0N30">
            <wcet number="0">40</wcet>
            <wcet number="1">40</wcet>
            <maxpow number="0.6731180453994889"/>
            <maxpow number="0.6731180453994889"/>
            <fprob>0.0</fprob>
        </actor>
        <actor name="D0N48">
            <wcet number="0">90</wcet>
            <wcet number="1">170</wcet>
            <maxpow number="0.609702118857116"/>
            <maxpow number="0.609702118857116"/>
            <fprob>0.0</fprob>
        </actor>
        <actor name="D0N24">
            <wcet number="0">10</wcet>
            <wcet number="1">40</wcet>
            <maxpow number="0.5213471503979885"/>
            <maxpow number="0.5213471503979885"/>
            <fprob>0.0</fprob>
        </actor>
        <actor name="D0N11">
            <wcet number="0">20</wcet>
            <wcet number="1">30</wcet>
            <maxpow number="0.34389610087280287"/>
            <maxpow number="0.34389610087280287"/>
            <fprob>0.0</fprob>
        </actor>
        <actor name="D0N33">
            <wcet number="0">20</wcet>
            <wcet number="1">30</wcet>
            <maxpow number="0.5002050288139038"/>
            <maxpow number="0.5002050288139038"/>
            <fprob>0.0</fprob>
        </actor>
        <actor name="D0N26">
            <wcet number="0">10</wcet>
            <wcet number="1">90</wcet>
            <maxpow number="0.2690377480910916"/>
            <maxpow number="0.2690377480910916"/>
            <fprob>0.0</fprob>
        </actor>
        <actor name="D0N21">
            <wcet number="0">10</wcet>
            <wcet number="1">300</wcet>
            <maxpow number="0.5323256924765688"/>
            <maxpow number="0.5323256924765688"/>
            <fprob>0.0</fprob>
        </actor>
        <actor name="D0N20">
            <wcet number="0">70</wcet>
            <wcet number="1">120</wcet>
            <maxpow number="0.43290853248773525"/>
            <maxpow number="0.43290853248773525"/>
            <fprob>0.0</fprob>
        </actor>
        <actor name="D0N19">
            <wcet number="0">60</wcet>
            <wcet number="1">160</wcet>
            <maxpow number="0.8285387855156365"/>
            <maxpow number="0.8285387855156365"/>
            <fprob>0.0</fprob>
        </actor>
        <actor name="D0N16">
            <wcet number="0">60</wcet>
            <wcet number="1">60</wcet>
            <maxpow number="0.4845807807733775"/>
            <maxpow number="0.4845807807733775"/>
            <fprob>0.0</fprob>
        </actor>
        <actor name="D0N4">
            <wcet number="0">230</wcet>
            <wcet number="1">320</wcet>
            <maxpow number="0.5290685270269386"/>
            <maxpow number="0.5290685270269386"/>
            <fprob>0.0</fprob>
        </actor>
        <actor name="D0N3">
            <wcet number="0">180</wcet>
            <wcet number="1">180</wcet>
            <maxpow number="0.534601268507015"/>
            <maxpow number="0.534601268507015"/>
            <fprob>0.0</fprob>
        </actor>
        <actor name="D0N34">
            <wcet number="0">20</wcet>
            <wcet number="1">20</wcet>
            <maxpow number="0.7114614245051575"/>
            <maxpow number="0.7114614245051575"/>
            <fprob>0.0</fprob>
        </actor>
        <actor name="D0N2">
            <wcet number="0">10</wcet>
            <wcet number="1">40</wcet>
            <maxpow number="0.25120104233351276"/>
            <maxpow number="0.25120104233351276"/>
            <fprob>0.0</fprob>
        </actor>
        <actor name="D0N10">
            <wcet number="0">10</wcet>
            <wcet number="1">150</wcet>
            <maxpow number="0.49135789164069693"/>
            <maxpow number="0.49135789164069693"/>
            <fprob>0.0</fprob>
        </actor>
        <actor name="D0N15">
            <wcet number="0">10</wcet>
            <wcet number="1">100</wcet>
            <maxpow number="0.3699972102566923"/>
            <maxpow number="0.3699972102566923"/>
            <fprob>0.0</fprob>
        </actor>
        <actor name="D0N22">
            <wcet number="0">10</wcet>
            <wcet number="1">10</wcet>
            <maxpow number="0.6464049239033829"/>
            <maxpow number="0.6464049239033829"/>
            <fprob>0.0</fprob>
        </actor>
        <actor name="D0N42">
            <wcet number="0">30</wcet>
            <wcet number="1">110</wcet>
            <maxpow number="0.4538525303969134"/>
            <maxpow number="0.4538525303969134"/>
            <fprob>0.0</fprob>
        </actor>
        <actor name="D0N28">
            <wcet number="0">10</wcet>
            <wcet number="1">70</wcet>
            <maxpow number="0.7432657991392391"/>
            <maxpow number="0.7432657991392391"/>
            <fprob>0.0</fprob>
        </actor>
        <actor name="D0N35">
            <wcet number="0">120</wcet>
            <wcet number="1">170</wcet>
            <maxpow number="0.6853000631527013"/>
            <maxpow number="0.6853000631527013"/>
            <fprob>0.0</fprob>
        </actor>
        <actor name="D0N40">
            <wcet number="0">60</wcet>
            <wcet number="1">110</wcet>
            <maxpow number="0.4317197767276949"/>
            <maxpow number="0.4317197767276949"/>
            <fprob>0.0</fprob>
        </actor>
        <actor name="D0N47">
            <wcet number="0">20</wcet>
            <wcet number="1">40</wcet>
            <maxpow number="0.7383920721506273"/>
            <maxpow number="0.7383920721506273"/>
            <fprob>0.0</fprob>
        </actor>
        <actor name="D0N14">
            <wcet number="0">10</wcet>
            <wcet number="1">170</wcet>
            <maxpow number="0.9574318643383573"/>
            <maxpow number="0.9574318643383573"/>
            <fprob>0.0</fprob>
        </actor>
        <actor name="D0N7">
            <wcet number="0">10</wcet>
            <wcet number="1">50</wcet>
            <maxpow number="0.48592352594068844"/>
            <maxpow number="0.48592352594068844"/>
            <fprob>0.0</fprob>
        </actor>
        <actor name="D0N13">
            <wcet number="0">40</wcet>
            <wcet number="1">60</wcet>
            <maxpow number="0.32699085112129656"/>
            <maxpow number="0.32699085112129656"/>
            <fprob>0.0</fprob>
        </actor>
        <actor name="D0N29">
            <wcet number="0">30</wcet>
            <wcet number="1">50</wcet>
            <maxpow number="0.12969539090120757"/>
            <maxpow number="0.12969539090120757"/>
            <fprob>0.0</fprob>
        </actor>
        <actor name="D0N36">
            <wcet number="0">120</wcet>
            <wcet number="1">140</wcet>
            <maxpow number="0.4583423295403082"/>
            <maxpow number="0.4583423295403082"/>
            <fprob>0.0</fprob>
        </actor>
        <actor name="D0N8">
            <wcet number="0">20</wcet>
            <wcet number="1">110</wcet>
            <maxpow number="0.6153582260811059"/>
            <maxpow number="0.6153582260811059"/>
            <fprob>0.0</fprob>
        </actor>
        <actor name="D0N41">
            <wcet number="0">10</wcet>
            <wcet number="1">40</wcet>
            <maxpow number="0.5908783960141066"/>
            <maxpow number="0.5908783960141066"/>
            <fprob>0.0</fprob>
        </actor>
        <actor name="D0N46">
            <wcet number="0">20</wcet>
            <wcet number="1">90</wcet>
            <maxpow number="0.4414861335808784"/>
            <maxpow number="0.4414861335808784"/>
            <fprob>0.0</fprob>
        </actor>
        <actor name="D0N25">
            <wcet number="0">10</wcet>
            <wcet number="1">60</wcet>
            <maxpow number="0.6800618343816078"/>
            <maxpow number="0.6800618343816078"/>
            <fprob>0.0</fprob>
        </actor>
        <actor name="D0N9">
            <wcet number="0">110</wcet>
            <wcet number="1">130</wcet>
            <maxpow number="0.659174042369963"/>
            <maxpow number="0.659174042369963"/>
            <fprob>0.0</fprob>
        </actor>
        <actor name="D0N5">
            <wcet number="0">40</wcet>
            <wcet number="1">80</wcet>
            <maxpow number="0.664171543430793"/>
            <maxpow number="0.664171543430793"/>
            <fprob>0.0</fprob>
        </actor>
        <actor name="D0N31">
            <wcet number="0">60</wcet>
            <wcet number="1">130</wcet>
            <maxpow number="0.49731763537892776"/>
            <maxpow number="0.49731763537892776"/>
            <fprob>0.0</fprob>
        </actor>
        <actor name="D0N18">
            <wcet number="0">50</wcet>
            <wcet number="1">50</wcet>
            <maxpow number="0.33603705622064783"/>
            <maxpow number="0.33603705622064783"/>
            <fprob>0.0</fprob>
        </actor>
        <actor name="D0N37">
            <wcet number="0">40</wcet>
            <wcet number="1">180</wcet>
            <maxpow number="0.7473010044113231"/>
            <maxpow number="0.7473010044113231"/>
            <fprob>0.0</fprob>
        </actor>
        <actor name="D0N43">
            <wcet number="0">100</wcet>
            <wcet number="1">100</wcet>
            <maxpow number="0.6509814973041826"/>
            <maxpow number="0.6509814973041826"/>
            <fprob>0.0</fprob>
        </actor>
        <actor name="D0N38">
            <wcet number="0">20</wcet>
            <wcet number="1">90</wcet>
            <maxpow number="0.6270038327321338"/>
            <maxpow number="0.6270038327321338"/>
            <fprob>0.0</fprob>
        </actor>
        <actor name="D0N23">
            <wcet number="0">180</wcet>
            <wcet number="1">230</wcet>
            <maxpow number="0.7027552726121814"/>
            <maxpow number="0.7027552726121814"/>
            <fprob>0.0</fprob>
        </actor>
        <actor name="D0N1">
            <wcet number="0">60</wcet>
            <wcet number="1">60</wcet>
            <maxpow number="0.5399932638209711"/>
            <maxpow number="0.5399932638209711"/>
            <fprob>0.0</fprob>
        </actor>
        <actor name="D0N45">
            <wcet number="0">10</wcet>
            <wcet number="1">10</wcet>
            <maxpow number="0.5624813330885423"/>
            <maxpow number="0.5624813330885423"/>
            <fprob>0.0</fprob>
        </actor>
        <actor name="D0N0">
            <wcet number="0">40</wcet>
            <wcet number="1">90</wcet>
            <maxpow number="0.3067610785785729"/>
            <maxpow number="0.3067610785785729"/>
            <fprob>0.0</fprob>
        </actor>
        <actor name="D0N17">
            <wcet number="0">70</wcet>
            <wcet number="1">70</wcet>
            <maxpow number="0.5096751483019476"/>
            <maxpow number="0.5096751483019476"/>
            <fprob>0.0</fprob>
        </actor>
        <actor name="D0N44">
            <wcet number="0">60</wcet>
            <wcet number="1">130</wcet>
            <maxpow number="0.6393958011486327"/>
            <maxpow number="0.6393958011486327"/>
            <fprob>0.0</fprob>
        </actor>
        <actor name="D0N49">
            <wcet number="0">30</wcet>
            <wcet number="1">300</wcet>
            <maxpow number="0.5623093713441943"/>
            <maxpow number="0.5623093713441943"/>
            <fprob>0.0</fprob>
        </actor>
        <actor name="D0N27">
            <wcet number="0">80</wcet>
            <wcet number="1">150</wcet>
            <maxpow number="0.8431209999451829"/>
            <maxpow number="0.8431209999451829"/>
            <fprob>0.0</fprob>
        </actor>
        <ports>
            <port dstActor="D0N38" name="p0" srcActor="D0N32"/>
            <port dstActor="D0N16" name="p1" srcActor="D0N6"/>
            <port dstActor="D0N20" name="p2" srcActor="D0N6"/>
            <port dstActor="D0N49" name="p3" srcActor="D0N6"/>
            <port dstActor="D0N37" name="p4" srcActor="D0N6"/>
            <port dstActor="D0N40" name="p5" srcActor="D0N12"/>
            <port dstActor="D0N45" name="p6" srcActor="D0N12"/>
            <port dstActor="D0N33" name="p7" srcActor="D0N12"/>
            <port dstActor="D0N27" name="p8" srcActor="D0N24"/>
            <port dstActor="D0N39" name="p9" srcActor="D0N24"/>
            <port dstActor="D0N25" name="p10" srcActor="D0N24"/>
            <port dstActor="D0N40" name="p11" srcActor="D0N11"/>
            <port dstActor="D0N47" name="p12" srcActor="D0N11"/>
            <port dstActor="D0N34" name="p13" srcActor="D0N11"/>
            <port dstActor="D0N20" name="p14" srcActor="D0N11"/>
            <port dstActor="D0N37" name="p15" srcActor="D0N33"/>
            <port dstActor="D0N36" name="p16" srcActor="D0N33"/>
            <port dstActor="D0N40" name="p17" srcActor="D0N33"/>
            <port dstActor="D0N48" name="p18" srcActor="D0N26"/>
            <port dstActor="D0N45" name="p19" srcActor="D0N21"/>
            <port dstActor="D0N44" name="p20" srcActor="D0N21"/>
            <port dstActor="D0N49" name="p21" srcActor="D0N21"/>
            <port dstActor="D0N41" name="p22" srcActor="D0N20"/>
            <port dstActor="D0N23" name="p23" srcActor="D0N20"/>
            <port dstActor="D0N45" name="p24" srcActor="D0N19"/>
            <port dstActor="D0N42" name="p25" srcActor="D0N19"/>
            <port dstActor="D0N48" name="p26" srcActor="D0N19"/>
            <port dstActor="D0N26" name="p27" srcActor="D0N19"/>
            <port dstActor="D0N22" name="p28" srcActor="D0N19"/>
            <port dstActor="D0N29" name="p29" srcActor="D0N19"/>
            <port dstActor="D0N38" name="p30" srcActor="D0N19"/>
            <port dstActor="D0N23" name="p31" srcActor="D0N16"/>
            <port dstActor="D0N40" name="p32" srcActor="D0N16"/>
            <port dstActor="D0N37" name="p33" srcActor="D0N16"/>
            <port dstActor="D0N40" name="p34" srcActor="D0N4"/>
            <port dstActor="D0N7" name="p35" srcActor="D0N4"/>
            <port dstActor="D0N19" name="p36" srcActor="D0N4"/>
            <port dstActor="D0N44" name="p37" srcActor="D0N4"/>
            <port dstActor="D0N19" name="p38" srcActor="D0N3"/>
            <port dstActor="D0N46" name="p39" srcActor="D0N3"/>
            <port dstActor="D0N38" name="p40" srcActor="D0N3"/>
            <port dstActor="D0N22" name="p41" srcActor="D0N3"/>
            <port dstActor="D0N28" name="p42" srcActor="D0N3"/>
            <port dstActor="D0N45" name="p43" srcActor="D0N34"/>
            <port dstActor="D0N43" name="p44" srcActor="D0N34"/>
            <port dstActor="D0N22" name="p45" srcActor="D0N2"/>
            <port dstActor="D0N41" name="p46" srcActor="D0N2"/>
            <port dstActor="D0N23" name="p47" srcActor="D0N2"/>
            <port dstActor="D0N9" name="p48" srcActor="D0N2"/>
            <port dstActor="D0N49" name="p49" srcActor="D0N10"/>
            <port dstActor="D0N45" name="p50" srcActor="D0N10"/>
            <port dstActor="D0N17" name="p51" srcActor="D0N10"/>
            <port dstActor="D0N43" name="p52" srcActor="D0N10"/>
            <port dstActor="D0N14" name="p53" srcActor="D0N10"/>
            <port dstActor="D0N31" name="p54" srcActor="D0N10"/>
            <port dstActor="D0N32" name="p55" srcActor="D0N22"/>
            <port dstActor="D0N42" name="p56" srcActor="D0N22"/>
            <port dstActor="D0N25" name="p57" srcActor="D0N22"/>
            <port dstActor="D0N29" name="p58" srcActor="D0N22"/>
            <port dstActor="D0N47" name="p59" srcActor="D0N22"/>
            <port dstActor="D0N47" name="p60" srcActor="D0N42"/>
            <port dstActor="D0N39" name="p61" srcActor="D0N35"/>
            <port dstActor="D0N43" name="p62" srcActor="D0N35"/>
            <port dstActor="D0N49" name="p63" srcActor="D0N40"/>
            <port dstActor="D0N22" name="p64" srcActor="D0N14"/>
            <port dstActor="D0N30" name="p65" srcActor="D0N14"/>
            <port dstActor="D0N41" name="p66" srcActor="D0N14"/>
            <port dstActor="D0N11" name="p67" srcActor="D0N7"/>
            <port dstActor="D0N40" name="p68" srcActor="D0N7"/>
            <port dstActor="D0N46" name="p69" srcActor="D0N7"/>
            <port dstActor="D0N18" name="p70" srcActor="D0N7"/>
            <port dstActor="D0N34" name="p71" srcActor="D0N7"/>
            <port dstActor="D0N22" name="p72" srcActor="D0N7"/>
            <port dstActor="D0N27" name="p73" srcActor="D0N13"/>
            <port dstActor="D0N14" name="p74" srcActor="D0N13"/>
            <port dstActor="D0N42" name="p75" srcActor="D0N13"/>
            <port dstActor="D0N28" name="p76" srcActor="D0N13"/>
            <port dstActor="D0N49" name="p77" srcActor="D0N29"/>
            <port dstActor="D0N31" name="p78" srcActor="D0N29"/>
            <port dstActor="D0N30" name="p79" srcActor="D0N29"/>
            <port dstActor="D0N49" name="p80" srcActor="D0N36"/>
            <port dstActor="D0N38" name="p81" srcActor="D0N8"/>
            <port dstActor="D0N31" name="p82" srcActor="D0N8"/>
            <port dstActor="D0N44" name="p83" srcActor="D0N8"/>
            <port dstActor="D0N34" name="p84" srcActor="D0N8"/>
            <port dstActor="D0N42" name="p85" srcActor="D0N41"/>
            <port dstActor="D0N47" name="p86" srcActor="D0N46"/>
            <port dstActor="D0N28" name="p87" srcActor="D0N9"/>
            <port dstActor="D0N43" name="p88" srcActor="D0N9"/>
            <port dstActor="D0N31" name="p89" srcActor="D0N9"/>
            <port dstActor="D0N47" name="p90" srcActor="D0N9"/>
            <port dstActor="D0N43" name="p91" srcActor="D0N5"/>
            <port dstActor="D0N48" name="p92" srcActor="D0N5"/>
            <port dstActor="D0N12" name="p93" srcActor="D0N5"/>
            <port dstActor="D0N28" name="p94" srcActor="D0N5"/>
            <port dstActor="D0N26" name="p95" srcActor="D0N5"/>
            <port dstActor="D0N47" name="p96" srcActor="D0N5"/>
            <port dstActor="D0N38" name="p97" srcActor="D0N31"/>
            <port dstActor="D0N24" name="p98" srcActor="D0N18"/>
            <port dstActor="D0N21" name="p99" srcActor="D0N18"/>
            <port dstActor="D0N46" name="p100" srcActor="D0N18"/>
            <port dstActor="D0N41" name="p101" srcActor="D0N37"/>
            <port dstActor="D0N39" name="p102" srcActor="D0N37"/>
            <port dstActor="D0N47" name="p103" srcActor="D0N43"/>
            <port dstActor="D0N46" name="p104" srcActor="D0N43"/>
            <port dstActor="D0N32" name="p105" srcActor="D0N23"/>
            <port dstActor="D0N35" name="p106" srcActor="D0N23"/>
            <port dstActor="D0N28" name="p107" srcActor="D0N23"/>
            <port dstActor="D0N37" name="p108" srcActor="D0N23"/>
            <port dstActor="D0N23" name="p109" srcActor="D0N1"/>
            <port dstActor="D0N35" name="p110" srcActor="D0N1"/>
            <port dstActor="D0N40" name="p111" srcActor="D0N1"/>
            <port dstActor="D0N9" name="p112" srcActor="D0N1"/>
            <port dstActor="D0N48" name="p113" srcActor="D0N0"/>
            <port dstActor="D0N3" name="p114" srcActor="D0N0"/>
            <port dstActor="D0N17" name="p115" srcActor="D0N0"/>
            <port dstActor="D0N36" name="p116" srcActor="D0N0"/>
            <port dstActor="D0N43" name="p117" srcActor="D0N0"/>
            <port dstActor="D0N33" name="p118" srcActor="D0N0"/>
            <port dstActor="D0N4" name="p119" srcActor="D0N0"/>
            <port dstActor="D0N34" name="p120" srcActor="D0N0"/>
            <port dstActor="D0N33" name="p121" srcActor="D0N17"/>
            <port dstActor="D0N46" name="p122" srcActor="D0N17"/>
            <port dstActor="D0N49" name="p123" srcActor="D0N44"/>
            <port dstActor="D0N39" name="p124" srcActor="D0N27"/>
            <port dstActor="D0N34" name="p125" srcActor="D0N27"/>
            <port dstActor="D0N29" name="p126" srcActor="D0N27"/>
        </ports>
    </mcdag>
    <cores number="3"/>
    <levels number="2"/>
</mcsystem>
