<?xml version="1.0" encoding="UTF-8" standalone="no"?>
<mcsystem>
    <mcdag deadline="2500" name="genned-0-ed-10.0-0">
        <actor name="D0N11">
            <wcet number="0">160</wcet>
            <wcet number="1">280</wcet>
            <maxpow number="0.6824029412789063"/>
            <maxpow number="0.6824029412789063"/>
            <fprob>0.0</fprob>
        </actor>
        <actor name="D0N48">
            <wcet number="0">20</wcet>
            <wcet number="1">140</wcet>
            <maxpow number="0.5732120586516213"/>
            <maxpow number="0.5732120586516213"/>
            <fprob>0.0</fprob>
        </actor>
        <actor name="D0N35">
            <wcet number="0">200</wcet>
            <wcet number="1">240</wcet>
            <maxpow number="0.6908154556436712"/>
            <maxpow number="0.6908154556436712"/>
            <fprob>0.0</fprob>
        </actor>
        <actor name="D0N24">
            <wcet number="0">240</wcet>
            <wcet number="1">350</wcet>
            <maxpow number="0.3980826283762667"/>
            <maxpow number="0.3980826283762667"/>
            <fprob>0.0</fprob>
        </actor>
        <actor name="D0N44">
            <wcet number="0">10</wcet>
            <wcet number="1">10</wcet>
            <maxpow number="0.5615720509894006"/>
            <maxpow number="0.5615720509894006"/>
            <fprob>0.0</fprob>
        </actor>
        <actor name="D0N36">
            <wcet number="0">160</wcet>
            <wcet number="1">430</wcet>
            <maxpow number="0.25143620392023586"/>
            <maxpow number="0.25143620392023586"/>
            <fprob>0.0</fprob>
        </actor>
        <actor name="D0N42">
            <wcet number="0">80</wcet>
            <wcet number="1">200</wcet>
            <maxpow number="0.7621550657339197"/>
            <maxpow number="0.7621550657339197"/>
            <fprob>0.0</fprob>
        </actor>
        <actor name="D0N32">
            <wcet number="0">10</wcet>
            <wcet number="1">10</wcet>
            <maxpow number="0.24950877153678586"/>
            <maxpow number="0.24950877153678586"/>
            <fprob>0.0</fprob>
        </actor>
        <actor name="D0N20">
            <wcet number="0">190</wcet>
            <wcet number="1">480</wcet>
            <maxpow number="0.9096058001694989"/>
            <maxpow number="0.9096058001694989"/>
            <fprob>0.0</fprob>
        </actor>
        <actor name="D0N17">
            <wcet number="0">20</wcet>
            <wcet number="1">100</wcet>
            <maxpow number="0.5404147197545559"/>
            <maxpow number="0.5404147197545559"/>
            <fprob>0.0</fprob>
        </actor>
        <actor name="D0N19">
            <wcet number="0">30</wcet>
            <wcet number="1">50</wcet>
            <maxpow number="0.42868924789922797"/>
            <maxpow number="0.42868924789922797"/>
            <fprob>0.0</fprob>
        </actor>
        <actor name="D0N40">
            <wcet number="0">100</wcet>
            <wcet number="1">100</wcet>
            <maxpow number="0.6352285446896649"/>
            <maxpow number="0.6352285446896649"/>
            <fprob>0.0</fprob>
        </actor>
        <actor name="D0N5">
            <wcet number="0">110</wcet>
            <wcet number="1">190</wcet>
            <maxpow number="0.723167425463264"/>
            <maxpow number="0.723167425463264"/>
            <fprob>0.0</fprob>
        </actor>
        <actor name="D0N33">
            <wcet number="0">20</wcet>
            <wcet number="1">20</wcet>
            <maxpow number="0.6455933982646177"/>
            <maxpow number="0.6455933982646177"/>
            <fprob>0.0</fprob>
        </actor>
        <actor name="D0N47">
            <wcet number="0">710</wcet>
            <wcet number="1">770</wcet>
            <maxpow number="0.7137383510621154"/>
            <maxpow number="0.7137383510621154"/>
            <fprob>0.0</fprob>
        </actor>
        <actor name="D0N16">
            <wcet number="0">30</wcet>
            <wcet number="1">80</wcet>
            <maxpow number="0.4802883292343296"/>
            <maxpow number="0.4802883292343296"/>
            <fprob>0.0</fprob>
        </actor>
        <actor name="D0N22">
            <wcet number="0">30</wcet>
            <wcet number="1">30</wcet>
            <maxpow number="0.6394123380025969"/>
            <maxpow number="0.6394123380025969"/>
            <fprob>0.0</fprob>
        </actor>
        <actor name="D0N7">
            <wcet number="0">20</wcet>
            <wcet number="1">70</wcet>
            <maxpow number="0.48666058424351505"/>
            <maxpow number="0.48666058424351505"/>
            <fprob>0.0</fprob>
        </actor>
        <actor name="D0N27">
            <wcet number="0">10</wcet>
            <wcet number="1">10</wcet>
            <maxpow number="0.6645078266884108"/>
            <maxpow number="0.6645078266884108"/>
            <fprob>0.0</fprob>
        </actor>
        <actor name="D0N18">
            <wcet number="0">10</wcet>
            <wcet number="1">10</wcet>
            <maxpow number="1.0244909617796312"/>
            <maxpow number="1.0244909617796312"/>
            <fprob>0.0</fprob>
        </actor>
        <actor name="D0N4">
            <wcet number="0">80</wcet>
            <wcet number="1">250</wcet>
            <maxpow number="0.6098367673734917"/>
            <maxpow number="0.6098367673734917"/>
            <fprob>0.0</fprob>
        </actor>
        <actor name="D0N15">
            <wcet number="0">100</wcet>
            <wcet number="1">160</wcet>
            <maxpow number="0.6553429667563652"/>
            <maxpow number="0.6553429667563652"/>
            <fprob>0.0</fprob>
        </actor>
        <actor name="D0N34">
            <wcet number="0">20</wcet>
            <wcet number="1">310</wcet>
            <maxpow number="0.35502280624360194"/>
            <maxpow number="0.35502280624360194"/>
            <fprob>0.0</fprob>
        </actor>
        <actor name="D0N13">
            <wcet number="0">20</wcet>
            <wcet number="1">300</wcet>
            <maxpow number="1.053436083627597"/>
            <maxpow number="1.053436083627597"/>
            <fprob>0.0</fprob>
        </actor>
        <actor name="D0N14">
            <wcet number="0">70</wcet>
            <wcet number="1">80</wcet>
            <maxpow number="0.7896579818033065"/>
            <maxpow number="0.7896579818033065"/>
            <fprob>0.0</fprob>
        </actor>
        <actor name="D0N9">
            <wcet number="0">20</wcet>
            <wcet number="1">60</wcet>
            <maxpow number="0.8374236062393899"/>
            <maxpow number="0.8374236062393899"/>
            <fprob>0.0</fprob>
        </actor>
        <actor name="D0N1">
            <wcet number="0">110</wcet>
            <wcet number="1">140</wcet>
            <maxpow number="0.6237449273522326"/>
            <maxpow number="0.6237449273522326"/>
            <fprob>0.0</fprob>
        </actor>
        <actor name="D0N3">
            <wcet number="0">40</wcet>
            <wcet number="1">290</wcet>
            <maxpow number="0.6464574143220552"/>
            <maxpow number="0.6464574143220552"/>
            <fprob>0.0</fprob>
        </actor>
        <actor name="D0N10">
            <wcet number="0">50</wcet>
            <wcet number="1">70</wcet>
            <maxpow number="0.45045025273634787"/>
            <maxpow number="0.45045025273634787"/>
            <fprob>0.0</fprob>
        </actor>
        <actor name="D0N29">
            <wcet number="0">20</wcet>
            <wcet number="1">30</wcet>
            <maxpow number="0.6321596690857104"/>
            <maxpow number="0.6321596690857104"/>
            <fprob>0.0</fprob>
        </actor>
        <actor name="D0N8">
            <wcet number="0">340</wcet>
            <wcet number="1">390</wcet>
            <maxpow number="0.44295899658182397"/>
            <maxpow number="0.44295899658182397"/>
            <fprob>0.0</fprob>
        </actor>
        <actor name="D0N45">
            <wcet number="0">30</wcet>
            <wcet number="1">30</wcet>
            <maxpow number="0.46172139426982967"/>
            <maxpow number="0.46172139426982967"/>
            <fprob>0.0</fprob>
        </actor>
        <actor name="D0N43">
            <wcet number="0">80</wcet>
            <wcet number="1">270</wcet>
            <maxpow number="0.716621762037994"/>
            <maxpow number="0.716621762037994"/>
            <fprob>0.0</fprob>
        </actor>
        <actor name="D0N26">
            <wcet number="0">120</wcet>
            <wcet number="1">200</wcet>
            <maxpow number="0.6432754290895255"/>
            <maxpow number="0.6432754290895255"/>
            <fprob>0.0</fprob>
        </actor>
        <actor name="D0N2">
            <wcet number="0">30</wcet>
            <wcet number="1">70</wcet>
            <maxpow number="0.6298864465973146"/>
            <maxpow number="0.6298864465973146"/>
            <fprob>0.0</fprob>
        </actor>
        <actor name="D0N25">
            <wcet number="0">20</wcet>
            <wcet number="1">20</wcet>
            <maxpow number="0.792832560042057"/>
            <maxpow number="0.792832560042057"/>
            <fprob>0.0</fprob>
        </actor>
        <actor name="D0N39">
            <wcet number="0">20</wcet>
            <wcet number="1">40</wcet>
            <maxpow number="0.7907013157302436"/>
            <maxpow number="0.7907013157302436"/>
            <fprob>0.0</fprob>
        </actor>
        <actor name="D0N6">
            <wcet number="0">10</wcet>
            <wcet number="1">50</wcet>
            <maxpow number="0.7414835170145486"/>
            <maxpow number="0.7414835170145486"/>
            <fprob>0.0</fprob>
        </actor>
        <actor name="D0N37">
            <wcet number="0">30</wcet>
            <wcet number="1">30</wcet>
            <maxpow number="0.5875307765159345"/>
            <maxpow number="0.5875307765159345"/>
            <fprob>0.0</fprob>
        </actor>
        <actor name="D0N0">
            <wcet number="0">10</wcet>
            <wcet number="1">130</wcet>
            <maxpow number="0.7776259354476585"/>
            <maxpow number="0.7776259354476585"/>
            <fprob>0.0</fprob>
        </actor>
        <actor name="D0N21">
            <wcet number="0">120</wcet>
            <wcet number="1">170</wcet>
            <maxpow number="0.7671077532384691"/>
            <maxpow number="0.7671077532384691"/>
            <fprob>0.0</fprob>
        </actor>
        <actor name="D0N23">
            <wcet number="0">10</wcet>
            <wcet number="1">110</wcet>
            <maxpow number="0.5816568070329357"/>
            <maxpow number="0.5816568070329357"/>
            <fprob>0.0</fprob>
        </actor>
        <actor name="D0N38">
            <wcet number="0">40</wcet>
            <wcet number="1">90</wcet>
            <maxpow number="0.42084631177180265"/>
            <maxpow number="0.42084631177180265"/>
            <fprob>0.0</fprob>
        </actor>
        <actor name="D0N30">
            <wcet number="0">100</wcet>
            <wcet number="1">160</wcet>
            <maxpow number="0.7416431780213402"/>
            <maxpow number="0.7416431780213402"/>
            <fprob>0.0</fprob>
        </actor>
        <actor name="D0N31">
            <wcet number="0">10</wcet>
            <wcet number="1">10</wcet>
            <maxpow number="0.7989040447311213"/>
            <maxpow number="0.7989040447311213"/>
            <fprob>0.0</fprob>
        </actor>
        <actor name="D0N12">
            <wcet number="0">40</wcet>
            <wcet number="1">40</wcet>
            <maxpow number="0.7498113751107045"/>
            <maxpow number="0.7498113751107045"/>
            <fprob>0.0</fprob>
        </actor>
        <actor name="D0N46">
            <wcet number="0">10</wcet>
            <wcet number="1">10</wcet>
            <maxpow number="0.666512088230344"/>
            <maxpow number="0.666512088230344"/>
            <fprob>0.0</fprob>
        </actor>
        <actor name="D0N41">
            <wcet number="0">40</wcet>
            <wcet number="1">70</wcet>
            <maxpow number="0.7127372885357639"/>
            <maxpow number="0.7127372885357639"/>
            <fprob>0.0</fprob>
        </actor>
        <actor name="D0N28">
            <wcet number="0">100</wcet>
            <wcet number="1">100</wcet>
            <maxpow number="0.35926152854921944"/>
            <maxpow number="0.35926152854921944"/>
            <fprob>0.0</fprob>
        </actor>
        <ports>
            <port dstActor="D0N40" name="p0" srcActor="D0N11"/>
            <port dstActor="D0N38" name="p1" srcActor="D0N11"/>
            <port dstActor="D0N48" name="p2" srcActor="D0N35"/>
            <port dstActor="D0N31" name="p3" srcActor="D0N24"/>
            <port dstActor="D0N44" name="p4" srcActor="D0N24"/>
            <port dstActor="D0N47" name="p5" srcActor="D0N42"/>
            <port dstActor="D0N40" name="p6" srcActor="D0N32"/>
            <port dstActor="D0N44" name="p7" srcActor="D0N20"/>
            <port dstActor="D0N23" name="p8" srcActor="D0N17"/>
            <port dstActor="D0N45" name="p9" srcActor="D0N19"/>
            <port dstActor="D0N15" name="p10" srcActor="D0N5"/>
            <port dstActor="D0N45" name="p11" srcActor="D0N5"/>
            <port dstActor="D0N47" name="p12" srcActor="D0N5"/>
            <port dstActor="D0N18" name="p13" srcActor="D0N5"/>
            <port dstActor="D0N46" name="p14" srcActor="D0N33"/>
            <port dstActor="D0N35" name="p15" srcActor="D0N33"/>
            <port dstActor="D0N48" name="p16" srcActor="D0N47"/>
            <port dstActor="D0N21" name="p17" srcActor="D0N16"/>
            <port dstActor="D0N18" name="p18" srcActor="D0N16"/>
            <port dstActor="D0N34" name="p19" srcActor="D0N16"/>
            <port dstActor="D0N36" name="p20" srcActor="D0N16"/>
            <port dstActor="D0N43" name="p21" srcActor="D0N16"/>
            <port dstActor="D0N25" name="p22" srcActor="D0N22"/>
            <port dstActor="D0N13" name="p23" srcActor="D0N7"/>
            <port dstActor="D0N26" name="p24" srcActor="D0N7"/>
            <port dstActor="D0N10" name="p25" srcActor="D0N7"/>
            <port dstActor="D0N14" name="p26" srcActor="D0N7"/>
            <port dstActor="D0N47" name="p27" srcActor="D0N27"/>
            <port dstActor="D0N24" name="p28" srcActor="D0N18"/>
            <port dstActor="D0N36" name="p29" srcActor="D0N18"/>
            <port dstActor="D0N36" name="p30" srcActor="D0N4"/>
            <port dstActor="D0N19" name="p31" srcActor="D0N4"/>
            <port dstActor="D0N16" name="p32" srcActor="D0N4"/>
            <port dstActor="D0N40" name="p33" srcActor="D0N4"/>
            <port dstActor="D0N19" name="p34" srcActor="D0N15"/>
            <port dstActor="D0N42" name="p35" srcActor="D0N13"/>
            <port dstActor="D0N19" name="p36" srcActor="D0N13"/>
            <port dstActor="D0N21" name="p37" srcActor="D0N13"/>
            <port dstActor="D0N39" name="p38" srcActor="D0N13"/>
            <port dstActor="D0N41" name="p39" srcActor="D0N13"/>
            <port dstActor="D0N22" name="p40" srcActor="D0N14"/>
            <port dstActor="D0N48" name="p41" srcActor="D0N14"/>
            <port dstActor="D0N27" name="p42" srcActor="D0N14"/>
            <port dstActor="D0N32" name="p43" srcActor="D0N14"/>
            <port dstActor="D0N31" name="p44" srcActor="D0N9"/>
            <port dstActor="D0N37" name="p45" srcActor="D0N9"/>
            <port dstActor="D0N24" name="p46" srcActor="D0N1"/>
            <port dstActor="D0N29" name="p47" srcActor="D0N1"/>
            <port dstActor="D0N28" name="p48" srcActor="D0N1"/>
            <port dstActor="D0N33" name="p49" srcActor="D0N1"/>
            <port dstActor="D0N38" name="p50" srcActor="D0N3"/>
            <port dstActor="D0N13" name="p51" srcActor="D0N3"/>
            <port dstActor="D0N34" name="p52" srcActor="D0N3"/>
            <port dstActor="D0N41" name="p53" srcActor="D0N3"/>
            <port dstActor="D0N24" name="p54" srcActor="D0N3"/>
            <port dstActor="D0N35" name="p55" srcActor="D0N3"/>
            <port dstActor="D0N29" name="p56" srcActor="D0N3"/>
            <port dstActor="D0N30" name="p57" srcActor="D0N10"/>
            <port dstActor="D0N16" name="p58" srcActor="D0N10"/>
            <port dstActor="D0N33" name="p59" srcActor="D0N29"/>
            <port dstActor="D0N44" name="p60" srcActor="D0N8"/>
            <port dstActor="D0N39" name="p61" srcActor="D0N8"/>
            <port dstActor="D0N32" name="p62" srcActor="D0N8"/>
            <port dstActor="D0N36" name="p63" srcActor="D0N8"/>
            <port dstActor="D0N19" name="p64" srcActor="D0N8"/>
            <port dstActor="D0N46" name="p65" srcActor="D0N45"/>
            <port dstActor="D0N19" name="p66" srcActor="D0N2"/>
            <port dstActor="D0N40" name="p67" srcActor="D0N2"/>
            <port dstActor="D0N43" name="p68" srcActor="D0N2"/>
            <port dstActor="D0N12" name="p69" srcActor="D0N2"/>
            <port dstActor="D0N33" name="p70" srcActor="D0N2"/>
            <port dstActor="D0N17" name="p71" srcActor="D0N2"/>
            <port dstActor="D0N45" name="p72" srcActor="D0N2"/>
            <port dstActor="D0N26" name="p73" srcActor="D0N2"/>
            <port dstActor="D0N22" name="p74" srcActor="D0N2"/>
            <port dstActor="D0N43" name="p75" srcActor="D0N25"/>
            <port dstActor="D0N46" name="p76" srcActor="D0N25"/>
            <port dstActor="D0N27" name="p77" srcActor="D0N25"/>
            <port dstActor="D0N48" name="p78" srcActor="D0N39"/>
            <port dstActor="D0N44" name="p79" srcActor="D0N39"/>
            <port dstActor="D0N29" name="p80" srcActor="D0N6"/>
            <port dstActor="D0N26" name="p81" srcActor="D0N6"/>
            <port dstActor="D0N36" name="p82" srcActor="D0N6"/>
            <port dstActor="D0N11" name="p83" srcActor="D0N6"/>
            <port dstActor="D0N42" name="p84" srcActor="D0N37"/>
            <port dstActor="D0N11" name="p85" srcActor="D0N0"/>
            <port dstActor="D0N26" name="p86" srcActor="D0N0"/>
            <port dstActor="D0N33" name="p87" srcActor="D0N0"/>
            <port dstActor="D0N44" name="p88" srcActor="D0N23"/>
            <port dstActor="D0N27" name="p89" srcActor="D0N23"/>
            <port dstActor="D0N36" name="p90" srcActor="D0N23"/>
            <port dstActor="D0N46" name="p91" srcActor="D0N23"/>
            <port dstActor="D0N36" name="p92" srcActor="D0N31"/>
            <port dstActor="D0N33" name="p93" srcActor="D0N31"/>
            <port dstActor="D0N37" name="p94" srcActor="D0N31"/>
            <port dstActor="D0N25" name="p95" srcActor="D0N12"/>
            <port dstActor="D0N32" name="p96" srcActor="D0N12"/>
            <port dstActor="D0N36" name="p97" srcActor="D0N12"/>
            <port dstActor="D0N43" name="p98" srcActor="D0N12"/>
            <port dstActor="D0N47" name="p99" srcActor="D0N46"/>
            <port dstActor="D0N44" name="p100" srcActor="D0N41"/>
            <port dstActor="D0N29" name="p101" srcActor="D0N28"/>
            <port dstActor="D0N34" name="p102" srcActor="D0N28"/>
            <port dstActor="D0N45" name="p103" srcActor="D0N28"/>
        </ports>
    </mcdag>
    <cores number="3"/>
    <levels number="2"/>
</mcsystem>
