<?xml version="1.0" encoding="UTF-8" standalone="no"?>
<mcsystem>
    <mcdag deadline="1800" name="genned-0-ed-10.0-0">
        <actor name="D0N1">
            <wcet number="0">30</wcet>
            <wcet number="1">40</wcet>
            <maxpow number="0.39060128298182817"/>
            <maxpow number="0.39060128298182817"/>
            <fprob>0.0</fprob>
        </actor>
        <actor name="D0N8">
            <wcet number="0">120</wcet>
            <wcet number="1">120</wcet>
            <maxpow number="0.5262989386805934"/>
            <maxpow number="0.5262989386805934"/>
            <fprob>0.0</fprob>
        </actor>
        <actor name="D0N26">
            <wcet number="0">20</wcet>
            <wcet number="1">40</wcet>
            <maxpow number="0.8056246366423057"/>
            <maxpow number="0.8056246366423057"/>
            <fprob>0.0</fprob>
        </actor>
        <actor name="D0N27">
            <wcet number="0">40</wcet>
            <wcet number="1">120</wcet>
            <maxpow number="0.6179831818703428"/>
            <maxpow number="0.6179831818703428"/>
            <fprob>0.0</fprob>
        </actor>
        <actor name="D0N30">
            <wcet number="0">20</wcet>
            <wcet number="1">50</wcet>
            <maxpow number="0.6759153211901842"/>
            <maxpow number="0.6759153211901842"/>
            <fprob>0.0</fprob>
        </actor>
        <actor name="D0N2">
            <wcet number="0">30</wcet>
            <wcet number="1">90</wcet>
            <maxpow number="0.7470477763127681"/>
            <maxpow number="0.7470477763127681"/>
            <fprob>0.0</fprob>
        </actor>
        <actor name="D0N28">
            <wcet number="0">10</wcet>
            <wcet number="1">50</wcet>
            <maxpow number="0.6905669144256628"/>
            <maxpow number="0.6905669144256628"/>
            <fprob>0.0</fprob>
        </actor>
        <actor name="D0N46">
            <wcet number="0">50</wcet>
            <wcet number="1">70</wcet>
            <maxpow number="0.3784861047872203"/>
            <maxpow number="0.3784861047872203"/>
            <fprob>0.0</fprob>
        </actor>
        <actor name="D0N36">
            <wcet number="0">50</wcet>
            <wcet number="1">100</wcet>
            <maxpow number="0.05140134001507224"/>
            <maxpow number="0.05140134001507224"/>
            <fprob>0.0</fprob>
        </actor>
        <actor name="D0N13">
            <wcet number="0">10</wcet>
            <wcet number="1">10</wcet>
            <maxpow number="0.9842094807838567"/>
            <maxpow number="0.9842094807838567"/>
            <fprob>0.0</fprob>
        </actor>
        <actor name="D0N37">
            <wcet number="0">80</wcet>
            <wcet number="1">150</wcet>
            <maxpow number="0.5696118430924902"/>
            <maxpow number="0.5696118430924902"/>
            <fprob>0.0</fprob>
        </actor>
        <actor name="D0N23">
            <wcet number="0">10</wcet>
            <wcet number="1">20</wcet>
            <maxpow number="0.9032515642354421"/>
            <maxpow number="0.9032515642354421"/>
            <fprob>0.0</fprob>
        </actor>
        <actor name="D0N44">
            <wcet number="0">10</wcet>
            <wcet number="1">20</wcet>
            <maxpow number="0.2907818095974965"/>
            <maxpow number="0.2907818095974965"/>
            <fprob>0.0</fprob>
        </actor>
        <actor name="D0N9">
            <wcet number="0">40</wcet>
            <wcet number="1">150</wcet>
            <maxpow number="0.5269179189861747"/>
            <maxpow number="0.5269179189861747"/>
            <fprob>0.0</fprob>
        </actor>
        <actor name="D0N22">
            <wcet number="0">20</wcet>
            <wcet number="1">20</wcet>
            <maxpow number="0.5546428816527409"/>
            <maxpow number="0.5546428816527409"/>
            <fprob>0.0</fprob>
        </actor>
        <actor name="D0N16">
            <wcet number="0">80</wcet>
            <wcet number="1">250</wcet>
            <maxpow number="0.618035094449164"/>
            <maxpow number="0.618035094449164"/>
            <fprob>0.0</fprob>
        </actor>
        <actor name="D0N11">
            <wcet number="0">140</wcet>
            <wcet number="1">170</wcet>
            <maxpow number="0.5004956316848711"/>
            <maxpow number="0.5004956316848711"/>
            <fprob>0.0</fprob>
        </actor>
        <actor name="D0N35">
            <wcet number="0">240</wcet>
            <wcet number="1">330</wcet>
            <maxpow number="0.47027138847042765"/>
            <maxpow number="0.47027138847042765"/>
            <fprob>0.0</fprob>
        </actor>
        <actor name="D0N24">
            <wcet number="0">230</wcet>
            <wcet number="1">320</wcet>
            <maxpow number="0.5426982805951623"/>
            <maxpow number="0.5426982805951623"/>
            <fprob>0.0</fprob>
        </actor>
        <actor name="D0N19">
            <wcet number="0">60</wcet>
            <wcet number="1">90</wcet>
            <maxpow number="0.5534227306428957"/>
            <maxpow number="0.5534227306428957"/>
            <fprob>0.0</fprob>
        </actor>
        <actor name="D0N25">
            <wcet number="0">120</wcet>
            <wcet number="1">150</wcet>
            <maxpow number="0.5686290162297065"/>
            <maxpow number="0.5686290162297065"/>
            <fprob>0.0</fprob>
        </actor>
        <actor name="D0N32">
            <wcet number="0">100</wcet>
            <wcet number="1">100</wcet>
            <maxpow number="0.5993798671126118"/>
            <maxpow number="0.5993798671126118"/>
            <fprob>0.0</fprob>
        </actor>
        <actor name="D0N15">
            <wcet number="0">20</wcet>
            <wcet number="1">20</wcet>
            <maxpow number="0.8897946043811026"/>
            <maxpow number="0.8897946043811026"/>
            <fprob>0.0</fprob>
        </actor>
        <actor name="D0N40">
            <wcet number="0">50</wcet>
            <wcet number="1">70</wcet>
            <maxpow number="0.7305197543993656"/>
            <maxpow number="0.7305197543993656"/>
            <fprob>0.0</fprob>
        </actor>
        <actor name="D0N18">
            <wcet number="0">120</wcet>
            <wcet number="1">180</wcet>
            <maxpow number="0.6157144799505916"/>
            <maxpow number="0.6157144799505916"/>
            <fprob>0.0</fprob>
        </actor>
        <actor name="D0N12">
            <wcet number="0">20</wcet>
            <wcet number="1">60</wcet>
            <maxpow number="0.5129162284806758"/>
            <maxpow number="0.5129162284806758"/>
            <fprob>0.0</fprob>
        </actor>
        <actor name="D0N17">
            <wcet number="0">10</wcet>
            <wcet number="1">10</wcet>
            <maxpow number="0.17452356165066674"/>
            <maxpow number="0.17452356165066674"/>
            <fprob>0.0</fprob>
        </actor>
        <actor name="D0N31">
            <wcet number="0">220</wcet>
            <wcet number="1">240</wcet>
            <maxpow number="0.6435172935700559"/>
            <maxpow number="0.6435172935700559"/>
            <fprob>0.0</fprob>
        </actor>
        <actor name="D0N48">
            <wcet number="0">30</wcet>
            <wcet number="1">30</wcet>
            <maxpow number="0.47525994150318385"/>
            <maxpow number="0.47525994150318385"/>
            <fprob>0.0</fprob>
        </actor>
        <actor name="D0N10">
            <wcet number="0">100</wcet>
            <wcet number="1">100</wcet>
            <maxpow number="0.4023695874841056"/>
            <maxpow number="0.4023695874841056"/>
            <fprob>0.0</fprob>
        </actor>
        <actor name="D0N33">
            <wcet number="0">70</wcet>
            <wcet number="1">140</wcet>
            <maxpow number="0.6086258202437784"/>
            <maxpow number="0.6086258202437784"/>
            <fprob>0.0</fprob>
        </actor>
        <actor name="D0N47">
            <wcet number="0">50</wcet>
            <wcet number="1">50</wcet>
            <maxpow number="0.8000236652057994"/>
            <maxpow number="0.8000236652057994"/>
            <fprob>0.0</fprob>
        </actor>
        <actor name="D0N14">
            <wcet number="0">20</wcet>
            <wcet number="1">20</wcet>
            <maxpow number="0.825237715320766"/>
            <maxpow number="0.825237715320766"/>
            <fprob>0.0</fprob>
        </actor>
        <actor name="D0N34">
            <wcet number="0">10</wcet>
            <wcet number="1">10</wcet>
            <maxpow number="0.4583405111366632"/>
            <maxpow number="0.4583405111366632"/>
            <fprob>0.0</fprob>
        </actor>
        <actor name="D0N3">
            <wcet number="0">10</wcet>
            <wcet number="1">10</wcet>
            <maxpow number="0.6085874003584499"/>
            <maxpow number="0.6085874003584499"/>
            <fprob>0.0</fprob>
        </actor>
        <actor name="D0N43">
            <wcet number="0">40</wcet>
            <wcet number="1">50</wcet>
            <maxpow number="0.7520105365322731"/>
            <maxpow number="0.7520105365322731"/>
            <fprob>0.0</fprob>
        </actor>
        <actor name="D0N38">
            <wcet number="0">90</wcet>
            <wcet number="1">100</wcet>
            <maxpow number="0.5786064572663869"/>
            <maxpow number="0.5786064572663869"/>
            <fprob>0.0</fprob>
        </actor>
        <actor name="D0N20">
            <wcet number="0">20</wcet>
            <wcet number="1">30</wcet>
            <maxpow number="0.7139344313406025"/>
            <maxpow number="0.7139344313406025"/>
            <fprob>0.0</fprob>
        </actor>
        <actor name="D0N4">
            <wcet number="0">110</wcet>
            <wcet number="1">130</wcet>
            <maxpow number="0.34246117763653283"/>
            <maxpow number="0.34246117763653283"/>
            <fprob>0.0</fprob>
        </actor>
        <actor name="D0N21">
            <wcet number="0">40</wcet>
            <wcet number="1">180</wcet>
            <maxpow number="0.35949604278765146"/>
            <maxpow number="0.35949604278765146"/>
            <fprob>0.0</fprob>
        </actor>
        <actor name="D0N42">
            <wcet number="0">10</wcet>
            <wcet number="1">10</wcet>
            <maxpow number="0.5754997570387272"/>
            <maxpow number="0.5754997570387272"/>
            <fprob>0.0</fprob>
        </actor>
        <actor name="D0N41">
            <wcet number="0">10</wcet>
            <wcet number="1">60</wcet>
            <maxpow number="0.7054696778889579"/>
            <maxpow number="0.7054696778889579"/>
            <fprob>0.0</fprob>
        </actor>
        <actor name="D0N6">
            <wcet number="0">60</wcet>
            <wcet number="1">100</wcet>
            <maxpow number="0.48122372348401704"/>
            <maxpow number="0.48122372348401704"/>
            <fprob>0.0</fprob>
        </actor>
        <actor name="D0N29">
            <wcet number="0">20</wcet>
            <wcet number="1">30</wcet>
            <maxpow number="0.5531305363191981"/>
            <maxpow number="0.5531305363191981"/>
            <fprob>0.0</fprob>
        </actor>
        <actor name="D0N39">
            <wcet number="0">100</wcet>
            <wcet number="1">100</wcet>
            <maxpow number="0.7984851060552192"/>
            <maxpow number="0.7984851060552192"/>
            <fprob>0.0</fprob>
        </actor>
        <actor name="D0N0">
            <wcet number="0">170</wcet>
            <wcet number="1">190</wcet>
            <maxpow number="0.6919397709775602"/>
            <maxpow number="0.6919397709775602"/>
            <fprob>0.0</fprob>
        </actor>
        <actor name="D0N7">
            <wcet number="0">30</wcet>
            <wcet number="1">50</wcet>
            <maxpow number="0.4996509356976579"/>
            <maxpow number="0.4996509356976579"/>
            <fprob>0.0</fprob>
        </actor>
        <actor name="D0N5">
            <wcet number="0">110</wcet>
            <wcet number="1">190</wcet>
            <maxpow number="0.5625657325478023"/>
            <maxpow number="0.5625657325478023"/>
            <fprob>0.0</fprob>
        </actor>
        <actor name="D0N45">
            <wcet number="0">20</wcet>
            <wcet number="1">60</wcet>
            <maxpow number="0.6925612411665076"/>
            <maxpow number="0.6925612411665076"/>
            <fprob>0.0</fprob>
        </actor>
        <ports>
            <port dstActor="D0N40" name="p0" srcActor="D0N1"/>
            <port dstActor="D0N13" name="p1" srcActor="D0N1"/>
            <port dstActor="D0N16" name="p2" srcActor="D0N1"/>
            <port dstActor="D0N28" name="p3" srcActor="D0N8"/>
            <port dstActor="D0N15" name="p4" srcActor="D0N8"/>
            <port dstActor="D0N47" name="p5" srcActor="D0N26"/>
            <port dstActor="D0N28" name="p6" srcActor="D0N26"/>
            <port dstActor="D0N33" name="p7" srcActor="D0N27"/>
            <port dstActor="D0N34" name="p8" srcActor="D0N27"/>
            <port dstActor="D0N47" name="p9" srcActor="D0N30"/>
            <port dstActor="D0N42" name="p10" srcActor="D0N30"/>
            <port dstActor="D0N31" name="p11" srcActor="D0N30"/>
            <port dstActor="D0N37" name="p12" srcActor="D0N2"/>
            <port dstActor="D0N20" name="p13" srcActor="D0N2"/>
            <port dstActor="D0N42" name="p14" srcActor="D0N28"/>
            <port dstActor="D0N46" name="p15" srcActor="D0N13"/>
            <port dstActor="D0N18" name="p16" srcActor="D0N13"/>
            <port dstActor="D0N32" name="p17" srcActor="D0N13"/>
            <port dstActor="D0N30" name="p18" srcActor="D0N13"/>
            <port dstActor="D0N46" name="p19" srcActor="D0N37"/>
            <port dstActor="D0N46" name="p20" srcActor="D0N23"/>
            <port dstActor="D0N25" name="p21" srcActor="D0N23"/>
            <port dstActor="D0N47" name="p22" srcActor="D0N23"/>
            <port dstActor="D0N41" name="p23" srcActor="D0N23"/>
            <port dstActor="D0N28" name="p24" srcActor="D0N9"/>
            <port dstActor="D0N45" name="p25" srcActor="D0N9"/>
            <port dstActor="D0N10" name="p26" srcActor="D0N9"/>
            <port dstActor="D0N26" name="p27" srcActor="D0N9"/>
            <port dstActor="D0N37" name="p28" srcActor="D0N9"/>
            <port dstActor="D0N27" name="p29" srcActor="D0N22"/>
            <port dstActor="D0N41" name="p30" srcActor="D0N22"/>
            <port dstActor="D0N43" name="p31" srcActor="D0N22"/>
            <port dstActor="D0N35" name="p32" srcActor="D0N16"/>
            <port dstActor="D0N33" name="p33" srcActor="D0N16"/>
            <port dstActor="D0N25" name="p34" srcActor="D0N16"/>
            <port dstActor="D0N39" name="p35" srcActor="D0N16"/>
            <port dstActor="D0N31" name="p36" srcActor="D0N11"/>
            <port dstActor="D0N14" name="p37" srcActor="D0N11"/>
            <port dstActor="D0N45" name="p38" srcActor="D0N35"/>
            <port dstActor="D0N33" name="p39" srcActor="D0N24"/>
            <port dstActor="D0N36" name="p40" srcActor="D0N19"/>
            <port dstActor="D0N42" name="p41" srcActor="D0N19"/>
            <port dstActor="D0N28" name="p42" srcActor="D0N25"/>
            <port dstActor="D0N41" name="p43" srcActor="D0N25"/>
            <port dstActor="D0N43" name="p44" srcActor="D0N25"/>
            <port dstActor="D0N45" name="p45" srcActor="D0N32"/>
            <port dstActor="D0N31" name="p46" srcActor="D0N15"/>
            <port dstActor="D0N40" name="p47" srcActor="D0N15"/>
            <port dstActor="D0N42" name="p48" srcActor="D0N40"/>
            <port dstActor="D0N47" name="p49" srcActor="D0N40"/>
            <port dstActor="D0N43" name="p50" srcActor="D0N18"/>
            <port dstActor="D0N46" name="p51" srcActor="D0N18"/>
            <port dstActor="D0N16" name="p52" srcActor="D0N12"/>
            <port dstActor="D0N35" name="p53" srcActor="D0N12"/>
            <port dstActor="D0N38" name="p54" srcActor="D0N12"/>
            <port dstActor="D0N19" name="p55" srcActor="D0N12"/>
            <port dstActor="D0N40" name="p56" srcActor="D0N12"/>
            <port dstActor="D0N25" name="p57" srcActor="D0N17"/>
            <port dstActor="D0N29" name="p58" srcActor="D0N17"/>
            <port dstActor="D0N32" name="p59" srcActor="D0N17"/>
            <port dstActor="D0N34" name="p60" srcActor="D0N31"/>
            <port dstActor="D0N20" name="p61" srcActor="D0N10"/>
            <port dstActor="D0N38" name="p62" srcActor="D0N10"/>
            <port dstActor="D0N25" name="p63" srcActor="D0N10"/>
            <port dstActor="D0N44" name="p64" srcActor="D0N10"/>
            <port dstActor="D0N19" name="p65" srcActor="D0N14"/>
            <port dstActor="D0N45" name="p66" srcActor="D0N34"/>
            <port dstActor="D0N46" name="p67" srcActor="D0N34"/>
            <port dstActor="D0N12" name="p68" srcActor="D0N3"/>
            <port dstActor="D0N11" name="p69" srcActor="D0N3"/>
            <port dstActor="D0N46" name="p70" srcActor="D0N43"/>
            <port dstActor="D0N45" name="p71" srcActor="D0N38"/>
            <port dstActor="D0N44" name="p72" srcActor="D0N38"/>
            <port dstActor="D0N28" name="p73" srcActor="D0N20"/>
            <port dstActor="D0N37" name="p74" srcActor="D0N20"/>
            <port dstActor="D0N22" name="p75" srcActor="D0N20"/>
            <port dstActor="D0N7" name="p76" srcActor="D0N4"/>
            <port dstActor="D0N9" name="p77" srcActor="D0N4"/>
            <port dstActor="D0N31" name="p78" srcActor="D0N4"/>
            <port dstActor="D0N40" name="p79" srcActor="D0N21"/>
            <port dstActor="D0N48" name="p80" srcActor="D0N21"/>
            <port dstActor="D0N37" name="p81" srcActor="D0N21"/>
            <port dstActor="D0N23" name="p82" srcActor="D0N21"/>
            <port dstActor="D0N22" name="p83" srcActor="D0N21"/>
            <port dstActor="D0N35" name="p84" srcActor="D0N21"/>
            <port dstActor="D0N46" name="p85" srcActor="D0N41"/>
            <port dstActor="D0N29" name="p86" srcActor="D0N6"/>
            <port dstActor="D0N31" name="p87" srcActor="D0N6"/>
            <port dstActor="D0N47" name="p88" srcActor="D0N6"/>
            <port dstActor="D0N43" name="p89" srcActor="D0N29"/>
            <port dstActor="D0N32" name="p90" srcActor="D0N29"/>
            <port dstActor="D0N48" name="p91" srcActor="D0N39"/>
            <port dstActor="D0N43" name="p92" srcActor="D0N39"/>
            <port dstActor="D0N13" name="p93" srcActor="D0N0"/>
            <port dstActor="D0N2" name="p94" srcActor="D0N0"/>
            <port dstActor="D0N9" name="p95" srcActor="D0N0"/>
            <port dstActor="D0N45" name="p96" srcActor="D0N0"/>
            <port dstActor="D0N12" name="p97" srcActor="D0N0"/>
            <port dstActor="D0N8" name="p98" srcActor="D0N7"/>
            <port dstActor="D0N48" name="p99" srcActor="D0N7"/>
            <port dstActor="D0N23" name="p100" srcActor="D0N7"/>
            <port dstActor="D0N37" name="p101" srcActor="D0N7"/>
            <port dstActor="D0N34" name="p102" srcActor="D0N7"/>
            <port dstActor="D0N18" name="p103" srcActor="D0N5"/>
        </ports>
    </mcdag>
    <cores number="3"/>
    <levels number="2"/>
</mcsystem>
