<?xml version="1.0" encoding="UTF-8" standalone="no"?>
<mcsystem>
    <mcdag deadline="1800" name="genned-0-ed-10.0-0">
        <actor name="D0N7">
            <wcet number="0">50</wcet>
            <wcet number="1">70</wcet>
            <maxpow number="0.5494882178100761"/>
            <maxpow number="0.5494882178100761"/>
            <fprob>0.0</fprob>
        </actor>
        <actor name="D0N19">
            <wcet number="0">110</wcet>
            <wcet number="1">110</wcet>
            <maxpow number="0.47734630010171125"/>
            <maxpow number="0.47734630010171125"/>
            <fprob>0.0</fprob>
        </actor>
        <actor name="D0N33">
            <wcet number="0">20</wcet>
            <wcet number="1">80</wcet>
            <maxpow number="0.5360191008768133"/>
            <maxpow number="0.5360191008768133"/>
            <fprob>0.0</fprob>
        </actor>
        <actor name="D0N45">
            <wcet number="0">10</wcet>
            <wcet number="1">10</wcet>
            <maxpow number="0.6860747250645335"/>
            <maxpow number="0.6860747250645335"/>
            <fprob>0.0</fprob>
        </actor>
        <actor name="D0N28">
            <wcet number="0">90</wcet>
            <wcet number="1">290</wcet>
            <maxpow number="0.6076790722797231"/>
            <maxpow number="0.6076790722797231"/>
            <fprob>0.0</fprob>
        </actor>
        <actor name="D0N44">
            <wcet number="0">110</wcet>
            <wcet number="1">280</wcet>
            <maxpow number="0.28826203872404693"/>
            <maxpow number="0.28826203872404693"/>
            <fprob>0.0</fprob>
        </actor>
        <actor name="D0N47">
            <wcet number="0">20</wcet>
            <wcet number="1">20</wcet>
            <maxpow number="0.37158513653204417"/>
            <maxpow number="0.37158513653204417"/>
            <fprob>0.0</fprob>
        </actor>
        <actor name="D0N8">
            <wcet number="0">30</wcet>
            <wcet number="1">30</wcet>
            <maxpow number="0.6008151049897993"/>
            <maxpow number="0.6008151049897993"/>
            <fprob>0.0</fprob>
        </actor>
        <actor name="D0N12">
            <wcet number="0">40</wcet>
            <wcet number="1">90</wcet>
            <maxpow number="0.1806936518482617"/>
            <maxpow number="0.1806936518482617"/>
            <fprob>0.0</fprob>
        </actor>
        <actor name="D0N27">
            <wcet number="0">90</wcet>
            <wcet number="1">130</wcet>
            <maxpow number="0.5078276820327916"/>
            <maxpow number="0.5078276820327916"/>
            <fprob>0.0</fprob>
        </actor>
        <actor name="D0N25">
            <wcet number="0">50</wcet>
            <wcet number="1">100</wcet>
            <maxpow number="0.7211946553357464"/>
            <maxpow number="0.7211946553357464"/>
            <fprob>0.0</fprob>
        </actor>
        <actor name="D0N24">
            <wcet number="0">80</wcet>
            <wcet number="1">140</wcet>
            <maxpow number="0.33428147612982057"/>
            <maxpow number="0.33428147612982057"/>
            <fprob>0.0</fprob>
        </actor>
        <actor name="D0N35">
            <wcet number="0">10</wcet>
            <wcet number="1">20</wcet>
            <maxpow number="0.7127703892833565"/>
            <maxpow number="0.7127703892833565"/>
            <fprob>0.0</fprob>
        </actor>
        <actor name="D0N43">
            <wcet number="0">40</wcet>
            <wcet number="1">80</wcet>
            <maxpow number="0.8061410089169367"/>
            <maxpow number="0.8061410089169367"/>
            <fprob>0.0</fprob>
        </actor>
        <actor name="D0N6">
            <wcet number="0">50</wcet>
            <wcet number="1">140</wcet>
            <maxpow number="0.5655988862816334"/>
            <maxpow number="0.5655988862816334"/>
            <fprob>0.0</fprob>
        </actor>
        <actor name="D0N40">
            <wcet number="0">30</wcet>
            <wcet number="1">40</wcet>
            <maxpow number="0.47934000168692525"/>
            <maxpow number="0.47934000168692525"/>
            <fprob>0.0</fprob>
        </actor>
        <actor name="D0N2">
            <wcet number="0">70</wcet>
            <wcet number="1">100</wcet>
            <maxpow number="0.5464326254444526"/>
            <maxpow number="0.5464326254444526"/>
            <fprob>0.0</fprob>
        </actor>
        <actor name="D0N9">
            <wcet number="0">70</wcet>
            <wcet number="1">80</wcet>
            <maxpow number="0.5811376326290345"/>
            <maxpow number="0.5811376326290345"/>
            <fprob>0.0</fprob>
        </actor>
        <actor name="D0N23">
            <wcet number="0">100</wcet>
            <wcet number="1">170</wcet>
            <maxpow number="0.7729719473635025"/>
            <maxpow number="0.7729719473635025"/>
            <fprob>0.0</fprob>
        </actor>
        <actor name="D0N30">
            <wcet number="0">10</wcet>
            <wcet number="1">20</wcet>
            <maxpow number="0.5801947633170966"/>
            <maxpow number="0.5801947633170966"/>
            <fprob>0.0</fprob>
        </actor>
        <actor name="D0N0">
            <wcet number="0">50</wcet>
            <wcet number="1">80</wcet>
            <maxpow number="0.45386921971192473"/>
            <maxpow number="0.45386921971192473"/>
            <fprob>0.0</fprob>
        </actor>
        <actor name="D0N41">
            <wcet number="0">50</wcet>
            <wcet number="1">200</wcet>
            <maxpow number="0.36240483999308"/>
            <maxpow number="0.36240483999308"/>
            <fprob>0.0</fprob>
        </actor>
        <actor name="D0N38">
            <wcet number="0">60</wcet>
            <wcet number="1">80</wcet>
            <maxpow number="0.6624723136503823"/>
            <maxpow number="0.6624723136503823"/>
            <fprob>0.0</fprob>
        </actor>
        <actor name="D0N11">
            <wcet number="0">10</wcet>
            <wcet number="1">10</wcet>
            <maxpow number="0.49115463653054575"/>
            <maxpow number="0.49115463653054575"/>
            <fprob>0.0</fprob>
        </actor>
        <actor name="D0N46">
            <wcet number="0">40</wcet>
            <wcet number="1">60</wcet>
            <maxpow number="0.30434560012567424"/>
            <maxpow number="0.30434560012567424"/>
            <fprob>0.0</fprob>
        </actor>
        <actor name="D0N31">
            <wcet number="0">80</wcet>
            <wcet number="1">200</wcet>
            <maxpow number="0.5615902853124661"/>
            <maxpow number="0.5615902853124661"/>
            <fprob>0.0</fprob>
        </actor>
        <actor name="D0N29">
            <wcet number="0">10</wcet>
            <wcet number="1">10</wcet>
            <maxpow number="0.6556157541924549"/>
            <maxpow number="0.6556157541924549"/>
            <fprob>0.0</fprob>
        </actor>
        <actor name="D0N4">
            <wcet number="0">60</wcet>
            <wcet number="1">120</wcet>
            <maxpow number="0.515185948124733"/>
            <maxpow number="0.515185948124733"/>
            <fprob>0.0</fprob>
        </actor>
        <actor name="D0N42">
            <wcet number="0">60</wcet>
            <wcet number="1">60</wcet>
            <maxpow number="0.0787753797547116"/>
            <maxpow number="0.0787753797547116"/>
            <fprob>0.0</fprob>
        </actor>
        <actor name="D0N17">
            <wcet number="0">90</wcet>
            <wcet number="1">140</wcet>
            <maxpow number="0.8288371896070318"/>
            <maxpow number="0.8288371896070318"/>
            <fprob>0.0</fprob>
        </actor>
        <actor name="D0N36">
            <wcet number="0">80</wcet>
            <wcet number="1">140</wcet>
            <maxpow number="0.4613472303233505"/>
            <maxpow number="0.4613472303233505"/>
            <fprob>0.0</fprob>
        </actor>
        <actor name="D0N26">
            <wcet number="0">30</wcet>
            <wcet number="1">110</wcet>
            <maxpow number="0.5641596414360747"/>
            <maxpow number="0.5641596414360747"/>
            <fprob>0.0</fprob>
        </actor>
        <actor name="D0N37">
            <wcet number="0">10</wcet>
            <wcet number="1">10</wcet>
            <maxpow number="0.19521271597216872"/>
            <maxpow number="0.19521271597216872"/>
            <fprob>0.0</fprob>
        </actor>
        <actor name="D0N18">
            <wcet number="0">40</wcet>
            <wcet number="1">90</wcet>
            <maxpow number="0.6043961932022872"/>
            <maxpow number="0.6043961932022872"/>
            <fprob>0.0</fprob>
        </actor>
        <actor name="D0N15">
            <wcet number="0">10</wcet>
            <wcet number="1">40</wcet>
            <maxpow number="0.814745577422658"/>
            <maxpow number="0.814745577422658"/>
            <fprob>0.0</fprob>
        </actor>
        <actor name="D0N32">
            <wcet number="0">40</wcet>
            <wcet number="1">50</wcet>
            <maxpow number="0.12149988348046015"/>
            <maxpow number="0.12149988348046015"/>
            <fprob>0.0</fprob>
        </actor>
        <actor name="D0N16">
            <wcet number="0">10</wcet>
            <wcet number="1">10</wcet>
            <maxpow number="0.5278169233037365"/>
            <maxpow number="0.5278169233037365"/>
            <fprob>0.0</fprob>
        </actor>
        <actor name="D0N3">
            <wcet number="0">10</wcet>
            <wcet number="1">10</wcet>
            <maxpow number="0.5561424280044963"/>
            <maxpow number="0.5561424280044963"/>
            <fprob>0.0</fprob>
        </actor>
        <actor name="D0N34">
            <wcet number="0">10</wcet>
            <wcet number="1">10</wcet>
            <maxpow number="0.8208151387385776"/>
            <maxpow number="0.8208151387385776"/>
            <fprob>0.0</fprob>
        </actor>
        <actor name="D0N1">
            <wcet number="0">80</wcet>
            <wcet number="1">80</wcet>
            <maxpow number="0.4329700527729201"/>
            <maxpow number="0.4329700527729201"/>
            <fprob>0.0</fprob>
        </actor>
        <actor name="D0N5">
            <wcet number="0">20</wcet>
            <wcet number="1">20</wcet>
            <maxpow number="0.6084951454514661"/>
            <maxpow number="0.6084951454514661"/>
            <fprob>0.0</fprob>
        </actor>
        <actor name="D0N21">
            <wcet number="0">30</wcet>
            <wcet number="1">40</wcet>
            <maxpow number="0.35081371415245066"/>
            <maxpow number="0.35081371415245066"/>
            <fprob>0.0</fprob>
        </actor>
        <actor name="D0N20">
            <wcet number="0">10</wcet>
            <wcet number="1">20</wcet>
            <maxpow number="0.5110945610817947"/>
            <maxpow number="0.5110945610817947"/>
            <fprob>0.0</fprob>
        </actor>
        <actor name="D0N13">
            <wcet number="0">170</wcet>
            <wcet number="1">180</wcet>
            <maxpow number="0.4133578883503391"/>
            <maxpow number="0.4133578883503391"/>
            <fprob>0.0</fprob>
        </actor>
        <actor name="D0N48">
            <wcet number="0">100</wcet>
            <wcet number="1">200</wcet>
            <maxpow number="0.6583014474488439"/>
            <maxpow number="0.6583014474488439"/>
            <fprob>0.0</fprob>
        </actor>
        <actor name="D0N10">
            <wcet number="0">60</wcet>
            <wcet number="1">60</wcet>
            <maxpow number="0.6150134903342903"/>
            <maxpow number="0.6150134903342903"/>
            <fprob>0.0</fprob>
        </actor>
        <actor name="D0N39">
            <wcet number="0">30</wcet>
            <wcet number="1">50</wcet>
            <maxpow number="0.5602474582200396"/>
            <maxpow number="0.5602474582200396"/>
            <fprob>0.0</fprob>
        </actor>
        <actor name="D0N14">
            <wcet number="0">20</wcet>
            <wcet number="1">30</wcet>
            <maxpow number="0.2536822982778241"/>
            <maxpow number="0.2536822982778241"/>
            <fprob>0.0</fprob>
        </actor>
        <actor name="D0N22">
            <wcet number="0">70</wcet>
            <wcet number="1">210</wcet>
            <maxpow number="0.03890278973417505"/>
            <maxpow number="0.03890278973417505"/>
            <fprob>0.0</fprob>
        </actor>
        <ports>
            <port dstActor="D0N39" name="p0" srcActor="D0N7"/>
            <port dstActor="D0N47" name="p1" srcActor="D0N7"/>
            <port dstActor="D0N31" name="p2" srcActor="D0N7"/>
            <port dstActor="D0N12" name="p3" srcActor="D0N7"/>
            <port dstActor="D0N36" name="p4" srcActor="D0N19"/>
            <port dstActor="D0N47" name="p5" srcActor="D0N45"/>
            <port dstActor="D0N36" name="p6" srcActor="D0N28"/>
            <port dstActor="D0N38" name="p7" srcActor="D0N28"/>
            <port dstActor="D0N34" name="p8" srcActor="D0N28"/>
            <port dstActor="D0N39" name="p9" srcActor="D0N28"/>
            <port dstActor="D0N44" name="p10" srcActor="D0N28"/>
            <port dstActor="D0N48" name="p11" srcActor="D0N44"/>
            <port dstActor="D0N27" name="p12" srcActor="D0N8"/>
            <port dstActor="D0N37" name="p13" srcActor="D0N8"/>
            <port dstActor="D0N9" name="p14" srcActor="D0N8"/>
            <port dstActor="D0N43" name="p15" srcActor="D0N8"/>
            <port dstActor="D0N32" name="p16" srcActor="D0N8"/>
            <port dstActor="D0N42" name="p17" srcActor="D0N12"/>
            <port dstActor="D0N21" name="p18" srcActor="D0N12"/>
            <port dstActor="D0N36" name="p19" srcActor="D0N12"/>
            <port dstActor="D0N28" name="p20" srcActor="D0N25"/>
            <port dstActor="D0N45" name="p21" srcActor="D0N25"/>
            <port dstActor="D0N31" name="p22" srcActor="D0N24"/>
            <port dstActor="D0N43" name="p23" srcActor="D0N35"/>
            <port dstActor="D0N41" name="p24" srcActor="D0N35"/>
            <port dstActor="D0N20" name="p25" srcActor="D0N6"/>
            <port dstActor="D0N42" name="p26" srcActor="D0N40"/>
            <port dstActor="D0N42" name="p27" srcActor="D0N2"/>
            <port dstActor="D0N36" name="p28" srcActor="D0N2"/>
            <port dstActor="D0N48" name="p29" srcActor="D0N2"/>
            <port dstActor="D0N12" name="p30" srcActor="D0N9"/>
            <port dstActor="D0N39" name="p31" srcActor="D0N9"/>
            <port dstActor="D0N13" name="p32" srcActor="D0N9"/>
            <port dstActor="D0N42" name="p33" srcActor="D0N9"/>
            <port dstActor="D0N26" name="p34" srcActor="D0N23"/>
            <port dstActor="D0N44" name="p35" srcActor="D0N23"/>
            <port dstActor="D0N36" name="p36" srcActor="D0N30"/>
            <port dstActor="D0N38" name="p37" srcActor="D0N0"/>
            <port dstActor="D0N17" name="p38" srcActor="D0N0"/>
            <port dstActor="D0N35" name="p39" srcActor="D0N0"/>
            <port dstActor="D0N43" name="p40" srcActor="D0N41"/>
            <port dstActor="D0N44" name="p41" srcActor="D0N11"/>
            <port dstActor="D0N32" name="p42" srcActor="D0N11"/>
            <port dstActor="D0N40" name="p43" srcActor="D0N11"/>
            <port dstActor="D0N19" name="p44" srcActor="D0N11"/>
            <port dstActor="D0N32" name="p45" srcActor="D0N31"/>
            <port dstActor="D0N39" name="p46" srcActor="D0N31"/>
            <port dstActor="D0N41" name="p47" srcActor="D0N31"/>
            <port dstActor="D0N38" name="p48" srcActor="D0N29"/>
            <port dstActor="D0N41" name="p49" srcActor="D0N29"/>
            <port dstActor="D0N45" name="p50" srcActor="D0N29"/>
            <port dstActor="D0N42" name="p51" srcActor="D0N4"/>
            <port dstActor="D0N18" name="p52" srcActor="D0N4"/>
            <port dstActor="D0N12" name="p53" srcActor="D0N4"/>
            <port dstActor="D0N33" name="p54" srcActor="D0N17"/>
            <port dstActor="D0N46" name="p55" srcActor="D0N17"/>
            <port dstActor="D0N40" name="p56" srcActor="D0N17"/>
            <port dstActor="D0N24" name="p57" srcActor="D0N17"/>
            <port dstActor="D0N48" name="p58" srcActor="D0N36"/>
            <port dstActor="D0N41" name="p59" srcActor="D0N36"/>
            <port dstActor="D0N47" name="p60" srcActor="D0N36"/>
            <port dstActor="D0N34" name="p61" srcActor="D0N26"/>
            <port dstActor="D0N46" name="p62" srcActor="D0N37"/>
            <port dstActor="D0N25" name="p63" srcActor="D0N18"/>
            <port dstActor="D0N23" name="p64" srcActor="D0N18"/>
            <port dstActor="D0N21" name="p65" srcActor="D0N18"/>
            <port dstActor="D0N31" name="p66" srcActor="D0N15"/>
            <port dstActor="D0N42" name="p67" srcActor="D0N15"/>
            <port dstActor="D0N19" name="p68" srcActor="D0N15"/>
            <port dstActor="D0N38" name="p69" srcActor="D0N15"/>
            <port dstActor="D0N32" name="p70" srcActor="D0N15"/>
            <port dstActor="D0N47" name="p71" srcActor="D0N15"/>
            <port dstActor="D0N25" name="p72" srcActor="D0N15"/>
            <port dstActor="D0N27" name="p73" srcActor="D0N16"/>
            <port dstActor="D0N25" name="p74" srcActor="D0N16"/>
            <port dstActor="D0N34" name="p75" srcActor="D0N16"/>
            <port dstActor="D0N47" name="p76" srcActor="D0N3"/>
            <port dstActor="D0N23" name="p77" srcActor="D0N3"/>
            <port dstActor="D0N28" name="p78" srcActor="D0N3"/>
            <port dstActor="D0N36" name="p79" srcActor="D0N34"/>
            <port dstActor="D0N11" name="p80" srcActor="D0N1"/>
            <port dstActor="D0N10" name="p81" srcActor="D0N1"/>
            <port dstActor="D0N19" name="p82" srcActor="D0N1"/>
            <port dstActor="D0N39" name="p83" srcActor="D0N5"/>
            <port dstActor="D0N32" name="p84" srcActor="D0N5"/>
            <port dstActor="D0N37" name="p85" srcActor="D0N5"/>
            <port dstActor="D0N41" name="p86" srcActor="D0N5"/>
            <port dstActor="D0N47" name="p87" srcActor="D0N5"/>
            <port dstActor="D0N34" name="p88" srcActor="D0N5"/>
            <port dstActor="D0N31" name="p89" srcActor="D0N5"/>
            <port dstActor="D0N45" name="p90" srcActor="D0N21"/>
            <port dstActor="D0N39" name="p91" srcActor="D0N21"/>
            <port dstActor="D0N44" name="p92" srcActor="D0N21"/>
            <port dstActor="D0N23" name="p93" srcActor="D0N21"/>
            <port dstActor="D0N34" name="p94" srcActor="D0N21"/>
            <port dstActor="D0N36" name="p95" srcActor="D0N21"/>
            <port dstActor="D0N43" name="p96" srcActor="D0N20"/>
            <port dstActor="D0N23" name="p97" srcActor="D0N20"/>
            <port dstActor="D0N37" name="p98" srcActor="D0N13"/>
            <port dstActor="D0N23" name="p99" srcActor="D0N13"/>
            <port dstActor="D0N46" name="p100" srcActor="D0N13"/>
            <port dstActor="D0N48" name="p101" srcActor="D0N10"/>
            <port dstActor="D0N39" name="p102" srcActor="D0N10"/>
            <port dstActor="D0N20" name="p103" srcActor="D0N10"/>
            <port dstActor="D0N15" name="p104" srcActor="D0N14"/>
            <port dstActor="D0N20" name="p105" srcActor="D0N14"/>
            <port dstActor="D0N26" name="p106" srcActor="D0N14"/>
            <port dstActor="D0N32" name="p107" srcActor="D0N22"/>
            <port dstActor="D0N33" name="p108" srcActor="D0N22"/>
            <port dstActor="D0N24" name="p109" srcActor="D0N22"/>
            <port dstActor="D0N46" name="p110" srcActor="D0N22"/>
            <port dstActor="D0N36" name="p111" srcActor="D0N22"/>
        </ports>
    </mcdag>
    <cores number="3"/>
    <levels number="2"/>
</mcsystem>
