<?xml version="1.0" encoding="UTF-8" standalone="no"?>
<mcsystem>
    <mcdag deadline="3000" name="genned-0-ed-10.0-0">
        <actor name="D0N17">
            <wcet number="0">140</wcet>
            <wcet number="1">280</wcet>
            <maxpow number="0.3587765043682829"/>
            <maxpow number="0.3587765043682829"/>
            <fprob>0.0</fprob>
        </actor>
        <actor name="D0N19">
            <wcet number="0">30</wcet>
            <wcet number="1">60</wcet>
            <maxpow number="0.2636701509375035"/>
            <maxpow number="0.2636701509375035"/>
            <fprob>0.0</fprob>
        </actor>
        <actor name="D0N37">
            <wcet number="0">30</wcet>
            <wcet number="1">30</wcet>
            <maxpow number="0.40574300182760625"/>
            <maxpow number="0.40574300182760625"/>
            <fprob>0.0</fprob>
        </actor>
        <actor name="D0N28">
            <wcet number="0">100</wcet>
            <wcet number="1">100</wcet>
            <maxpow number="0.614837317532763"/>
            <maxpow number="0.614837317532763"/>
            <fprob>0.0</fprob>
        </actor>
        <actor name="D0N11">
            <wcet number="0">10</wcet>
            <wcet number="1">10</wcet>
            <maxpow number="0.32405526014810593"/>
            <maxpow number="0.32405526014810593"/>
            <fprob>0.0</fprob>
        </actor>
        <actor name="D0N10">
            <wcet number="0">10</wcet>
            <wcet number="1">10</wcet>
            <maxpow number="0.6435030583287477"/>
            <maxpow number="0.6435030583287477"/>
            <fprob>0.0</fprob>
        </actor>
        <actor name="D0N12">
            <wcet number="0">90</wcet>
            <wcet number="1">220</wcet>
            <maxpow number="0.4204302812652277"/>
            <maxpow number="0.4204302812652277"/>
            <fprob>0.0</fprob>
        </actor>
        <actor name="D0N6">
            <wcet number="0">20</wcet>
            <wcet number="1">30</wcet>
            <maxpow number="0.5270444127702021"/>
            <maxpow number="0.5270444127702021"/>
            <fprob>0.0</fprob>
        </actor>
        <actor name="D0N15">
            <wcet number="0">120</wcet>
            <wcet number="1">150</wcet>
            <maxpow number="0.3069815115513017"/>
            <maxpow number="0.3069815115513017"/>
            <fprob>0.0</fprob>
        </actor>
        <actor name="D0N9">
            <wcet number="0">100</wcet>
            <wcet number="1">180</wcet>
            <maxpow number="0.5803839924459389"/>
            <maxpow number="0.5803839924459389"/>
            <fprob>0.0</fprob>
        </actor>
        <actor name="D0N14">
            <wcet number="0">10</wcet>
            <wcet number="1">20</wcet>
            <maxpow number="0.6227181040753765"/>
            <maxpow number="0.6227181040753765"/>
            <fprob>0.0</fprob>
        </actor>
        <actor name="D0N34">
            <wcet number="0">430</wcet>
            <wcet number="1">620</wcet>
            <maxpow number="0.633879949747824"/>
            <maxpow number="0.633879949747824"/>
            <fprob>0.0</fprob>
        </actor>
        <actor name="D0N21">
            <wcet number="0">20</wcet>
            <wcet number="1">50</wcet>
            <maxpow number="0.4827865367900599"/>
            <maxpow number="0.4827865367900599"/>
            <fprob>0.0</fprob>
        </actor>
        <actor name="D0N40">
            <wcet number="0">20</wcet>
            <wcet number="1">60</wcet>
            <maxpow number="0.6165474994242182"/>
            <maxpow number="0.6165474994242182"/>
            <fprob>0.0</fprob>
        </actor>
        <actor name="D0N23">
            <wcet number="0">40</wcet>
            <wcet number="1">100</wcet>
            <maxpow number="0.7106889563908086"/>
            <maxpow number="0.7106889563908086"/>
            <fprob>0.0</fprob>
        </actor>
        <actor name="D0N27">
            <wcet number="0">20</wcet>
            <wcet number="1">40</wcet>
            <maxpow number="0.7465966649892236"/>
            <maxpow number="0.7465966649892236"/>
            <fprob>0.0</fprob>
        </actor>
        <actor name="D0N7">
            <wcet number="0">70</wcet>
            <wcet number="1">110</wcet>
            <maxpow number="0.6494503485130758"/>
            <maxpow number="0.6494503485130758"/>
            <fprob>0.0</fprob>
        </actor>
        <actor name="D0N20">
            <wcet number="0">320</wcet>
            <wcet number="1">520</wcet>
            <maxpow number="0.49999065785945546"/>
            <maxpow number="0.49999065785945546"/>
            <fprob>0.0</fprob>
        </actor>
        <actor name="D0N3">
            <wcet number="0">210</wcet>
            <wcet number="1">260</wcet>
            <maxpow number="0.5323862767196836"/>
            <maxpow number="0.5323862767196836"/>
            <fprob>0.0</fprob>
        </actor>
        <actor name="D0N25">
            <wcet number="0">60</wcet>
            <wcet number="1">120</wcet>
            <maxpow number="0.26215623728664755"/>
            <maxpow number="0.26215623728664755"/>
            <fprob>0.0</fprob>
        </actor>
        <actor name="D0N18">
            <wcet number="0">70</wcet>
            <wcet number="1">100</wcet>
            <maxpow number="0.49823646302533675"/>
            <maxpow number="0.49823646302533675"/>
            <fprob>0.0</fprob>
        </actor>
        <actor name="D0N41">
            <wcet number="0">40</wcet>
            <wcet number="1">110</wcet>
            <maxpow number="0.8123640169714417"/>
            <maxpow number="0.8123640169714417"/>
            <fprob>0.0</fprob>
        </actor>
        <actor name="D0N43">
            <wcet number="0">40</wcet>
            <wcet number="1">70</wcet>
            <maxpow number="0.3699681456969982"/>
            <maxpow number="0.3699681456969982"/>
            <fprob>0.0</fprob>
        </actor>
        <actor name="D0N4">
            <wcet number="0">100</wcet>
            <wcet number="1">390</wcet>
            <maxpow number="0.5053203864801159"/>
            <maxpow number="0.5053203864801159"/>
            <fprob>0.0</fprob>
        </actor>
        <actor name="D0N29">
            <wcet number="0">20</wcet>
            <wcet number="1">30</wcet>
            <maxpow number="0.549479583145674"/>
            <maxpow number="0.549479583145674"/>
            <fprob>0.0</fprob>
        </actor>
        <actor name="D0N35">
            <wcet number="0">20</wcet>
            <wcet number="1">50</wcet>
            <maxpow number="0.7427804639677393"/>
            <maxpow number="0.7427804639677393"/>
            <fprob>0.0</fprob>
        </actor>
        <actor name="D0N38">
            <wcet number="0">80</wcet>
            <wcet number="1">130</wcet>
            <maxpow number="0.31913666714119376"/>
            <maxpow number="0.31913666714119376"/>
            <fprob>0.0</fprob>
        </actor>
        <actor name="D0N13">
            <wcet number="0">10</wcet>
            <wcet number="1">10</wcet>
            <maxpow number="0.46428065158399007"/>
            <maxpow number="0.46428065158399007"/>
            <fprob>0.0</fprob>
        </actor>
        <actor name="D0N45">
            <wcet number="0">400</wcet>
            <wcet number="1">410</wcet>
            <maxpow number="0.27117686222410725"/>
            <maxpow number="0.27117686222410725"/>
            <fprob>0.0</fprob>
        </actor>
        <actor name="D0N5">
            <wcet number="0">130</wcet>
            <wcet number="1">140</wcet>
            <maxpow number="0.8371118442555538"/>
            <maxpow number="0.8371118442555538"/>
            <fprob>0.0</fprob>
        </actor>
        <actor name="D0N22">
            <wcet number="0">220</wcet>
            <wcet number="1">240</wcet>
            <maxpow number="0.5645042318195205"/>
            <maxpow number="0.5645042318195205"/>
            <fprob>0.0</fprob>
        </actor>
        <actor name="D0N26">
            <wcet number="0">60</wcet>
            <wcet number="1">110</wcet>
            <maxpow number="0.5429831666759433"/>
            <maxpow number="0.5429831666759433"/>
            <fprob>0.0</fprob>
        </actor>
        <actor name="D0N36">
            <wcet number="0">110</wcet>
            <wcet number="1">250</wcet>
            <maxpow number="0.57272072033676"/>
            <maxpow number="0.57272072033676"/>
            <fprob>0.0</fprob>
        </actor>
        <actor name="D0N44">
            <wcet number="0">100</wcet>
            <wcet number="1">240</wcet>
            <maxpow number="0.3802306943897301"/>
            <maxpow number="0.3802306943897301"/>
            <fprob>0.0</fprob>
        </actor>
        <actor name="D0N47">
            <wcet number="0">130</wcet>
            <wcet number="1">130</wcet>
            <maxpow number="0.5458495246925915"/>
            <maxpow number="0.5458495246925915"/>
            <fprob>0.0</fprob>
        </actor>
        <actor name="D0N32">
            <wcet number="0">30</wcet>
            <wcet number="1">60</wcet>
            <maxpow number="0.7004211083701033"/>
            <maxpow number="0.7004211083701033"/>
            <fprob>0.0</fprob>
        </actor>
        <actor name="D0N30">
            <wcet number="0">50</wcet>
            <wcet number="1">120</wcet>
            <maxpow number="0.5051572312897189"/>
            <maxpow number="0.5051572312897189"/>
            <fprob>0.0</fprob>
        </actor>
        <actor name="D0N42">
            <wcet number="0">10</wcet>
            <wcet number="1">10</wcet>
            <maxpow number="0.3748009942554812"/>
            <maxpow number="0.3748009942554812"/>
            <fprob>0.0</fprob>
        </actor>
        <actor name="D0N39">
            <wcet number="0">10</wcet>
            <wcet number="1">40</wcet>
            <maxpow number="0.5630625358996931"/>
            <maxpow number="0.5630625358996931"/>
            <fprob>0.0</fprob>
        </actor>
        <actor name="D0N8">
            <wcet number="0">30</wcet>
            <wcet number="1">180</wcet>
            <maxpow number="0.5760790145101027"/>
            <maxpow number="0.5760790145101027"/>
            <fprob>0.0</fprob>
        </actor>
        <actor name="D0N1">
            <wcet number="0">10</wcet>
            <wcet number="1">60</wcet>
            <maxpow number="0.685482319699276"/>
            <maxpow number="0.685482319699276"/>
            <fprob>0.0</fprob>
        </actor>
        <actor name="D0N46">
            <wcet number="0">30</wcet>
            <wcet number="1">30</wcet>
            <maxpow number="0.39721883679859693"/>
            <maxpow number="0.39721883679859693"/>
            <fprob>0.0</fprob>
        </actor>
        <actor name="D0N0">
            <wcet number="0">20</wcet>
            <wcet number="1">20</wcet>
            <maxpow number="0.5095654560037653"/>
            <maxpow number="0.5095654560037653"/>
            <fprob>0.0</fprob>
        </actor>
        <actor name="D0N24">
            <wcet number="0">50</wcet>
            <wcet number="1">130</wcet>
            <maxpow number="0.6558428835238329"/>
            <maxpow number="0.6558428835238329"/>
            <fprob>0.0</fprob>
        </actor>
        <actor name="D0N16">
            <wcet number="0">20</wcet>
            <wcet number="1">20</wcet>
            <maxpow number="0.8743412897240863"/>
            <maxpow number="0.8743412897240863"/>
            <fprob>0.0</fprob>
        </actor>
        <actor name="D0N33">
            <wcet number="0">20</wcet>
            <wcet number="1">20</wcet>
            <maxpow number="0.33042291877071994"/>
            <maxpow number="0.33042291877071994"/>
            <fprob>0.0</fprob>
        </actor>
        <actor name="D0N2">
            <wcet number="0">150</wcet>
            <wcet number="1">190</wcet>
            <maxpow number="0.47274330032144796"/>
            <maxpow number="0.47274330032144796"/>
            <fprob>0.0</fprob>
        </actor>
        <actor name="D0N31">
            <wcet number="0">40</wcet>
            <wcet number="1">40</wcet>
            <maxpow number="0.381525263624795"/>
            <maxpow number="0.381525263624795"/>
            <fprob>0.0</fprob>
        </actor>
        <ports>
            <port dstActor="D0N31" name="p0" srcActor="D0N17"/>
            <port dstActor="D0N19" name="p1" srcActor="D0N17"/>
            <port dstActor="D0N38" name="p2" srcActor="D0N17"/>
            <port dstActor="D0N26" name="p3" srcActor="D0N17"/>
            <port dstActor="D0N20" name="p4" srcActor="D0N19"/>
            <port dstActor="D0N40" name="p5" srcActor="D0N19"/>
            <port dstActor="D0N44" name="p6" srcActor="D0N28"/>
            <port dstActor="D0N47" name="p7" srcActor="D0N28"/>
            <port dstActor="D0N40" name="p8" srcActor="D0N28"/>
            <port dstActor="D0N37" name="p9" srcActor="D0N28"/>
            <port dstActor="D0N36" name="p10" srcActor="D0N28"/>
            <port dstActor="D0N30" name="p11" srcActor="D0N11"/>
            <port dstActor="D0N47" name="p12" srcActor="D0N11"/>
            <port dstActor="D0N33" name="p13" srcActor="D0N11"/>
            <port dstActor="D0N40" name="p14" srcActor="D0N10"/>
            <port dstActor="D0N27" name="p15" srcActor="D0N10"/>
            <port dstActor="D0N31" name="p16" srcActor="D0N10"/>
            <port dstActor="D0N35" name="p17" srcActor="D0N10"/>
            <port dstActor="D0N22" name="p18" srcActor="D0N12"/>
            <port dstActor="D0N12" name="p19" srcActor="D0N6"/>
            <port dstActor="D0N29" name="p20" srcActor="D0N6"/>
            <port dstActor="D0N35" name="p21" srcActor="D0N6"/>
            <port dstActor="D0N34" name="p22" srcActor="D0N6"/>
            <port dstActor="D0N32" name="p23" srcActor="D0N15"/>
            <port dstActor="D0N39" name="p24" srcActor="D0N15"/>
            <port dstActor="D0N30" name="p25" srcActor="D0N15"/>
            <port dstActor="D0N42" name="p26" srcActor="D0N15"/>
            <port dstActor="D0N35" name="p27" srcActor="D0N15"/>
            <port dstActor="D0N29" name="p28" srcActor="D0N9"/>
            <port dstActor="D0N34" name="p29" srcActor="D0N9"/>
            <port dstActor="D0N46" name="p30" srcActor="D0N9"/>
            <port dstActor="D0N45" name="p31" srcActor="D0N14"/>
            <port dstActor="D0N37" name="p32" srcActor="D0N14"/>
            <port dstActor="D0N41" name="p33" srcActor="D0N14"/>
            <port dstActor="D0N32" name="p34" srcActor="D0N14"/>
            <port dstActor="D0N37" name="p35" srcActor="D0N34"/>
            <port dstActor="D0N46" name="p36" srcActor="D0N34"/>
            <port dstActor="D0N38" name="p37" srcActor="D0N34"/>
            <port dstActor="D0N28" name="p38" srcActor="D0N21"/>
            <port dstActor="D0N23" name="p39" srcActor="D0N21"/>
            <port dstActor="D0N47" name="p40" srcActor="D0N21"/>
            <port dstActor="D0N41" name="p41" srcActor="D0N40"/>
            <port dstActor="D0N32" name="p42" srcActor="D0N23"/>
            <port dstActor="D0N28" name="p43" srcActor="D0N23"/>
            <port dstActor="D0N46" name="p44" srcActor="D0N27"/>
            <port dstActor="D0N36" name="p45" srcActor="D0N27"/>
            <port dstActor="D0N47" name="p46" srcActor="D0N27"/>
            <port dstActor="D0N10" name="p47" srcActor="D0N7"/>
            <port dstActor="D0N37" name="p48" srcActor="D0N7"/>
            <port dstActor="D0N34" name="p49" srcActor="D0N20"/>
            <port dstActor="D0N21" name="p50" srcActor="D0N20"/>
            <port dstActor="D0N27" name="p51" srcActor="D0N3"/>
            <port dstActor="D0N31" name="p52" srcActor="D0N3"/>
            <port dstActor="D0N12" name="p53" srcActor="D0N3"/>
            <port dstActor="D0N47" name="p54" srcActor="D0N25"/>
            <port dstActor="D0N32" name="p55" srcActor="D0N25"/>
            <port dstActor="D0N32" name="p56" srcActor="D0N4"/>
            <port dstActor="D0N19" name="p57" srcActor="D0N4"/>
            <port dstActor="D0N10" name="p58" srcActor="D0N4"/>
            <port dstActor="D0N26" name="p59" srcActor="D0N4"/>
            <port dstActor="D0N39" name="p60" srcActor="D0N4"/>
            <port dstActor="D0N35" name="p61" srcActor="D0N29"/>
            <port dstActor="D0N47" name="p62" srcActor="D0N35"/>
            <port dstActor="D0N41" name="p63" srcActor="D0N38"/>
            <port dstActor="D0N46" name="p64" srcActor="D0N38"/>
            <port dstActor="D0N46" name="p65" srcActor="D0N13"/>
            <port dstActor="D0N34" name="p66" srcActor="D0N13"/>
            <port dstActor="D0N25" name="p67" srcActor="D0N13"/>
            <port dstActor="D0N29" name="p68" srcActor="D0N5"/>
            <port dstActor="D0N20" name="p69" srcActor="D0N5"/>
            <port dstActor="D0N22" name="p70" srcActor="D0N5"/>
            <port dstActor="D0N46" name="p71" srcActor="D0N5"/>
            <port dstActor="D0N27" name="p72" srcActor="D0N5"/>
            <port dstActor="D0N38" name="p73" srcActor="D0N22"/>
            <port dstActor="D0N34" name="p74" srcActor="D0N22"/>
            <port dstActor="D0N39" name="p75" srcActor="D0N26"/>
            <port dstActor="D0N40" name="p76" srcActor="D0N26"/>
            <port dstActor="D0N42" name="p77" srcActor="D0N36"/>
            <port dstActor="D0N37" name="p78" srcActor="D0N36"/>
            <port dstActor="D0N45" name="p79" srcActor="D0N32"/>
            <port dstActor="D0N43" name="p80" srcActor="D0N30"/>
            <port dstActor="D0N33" name="p81" srcActor="D0N30"/>
            <port dstActor="D0N38" name="p82" srcActor="D0N30"/>
            <port dstActor="D0N13" name="p83" srcActor="D0N8"/>
            <port dstActor="D0N26" name="p84" srcActor="D0N1"/>
            <port dstActor="D0N14" name="p85" srcActor="D0N1"/>
            <port dstActor="D0N47" name="p86" srcActor="D0N46"/>
            <port dstActor="D0N13" name="p87" srcActor="D0N0"/>
            <port dstActor="D0N11" name="p88" srcActor="D0N0"/>
            <port dstActor="D0N39" name="p89" srcActor="D0N0"/>
            <port dstActor="D0N46" name="p90" srcActor="D0N24"/>
            <port dstActor="D0N23" name="p91" srcActor="D0N16"/>
            <port dstActor="D0N40" name="p92" srcActor="D0N2"/>
            <port dstActor="D0N3" name="p93" srcActor="D0N2"/>
            <port dstActor="D0N19" name="p94" srcActor="D0N2"/>
            <port dstActor="D0N33" name="p95" srcActor="D0N2"/>
            <port dstActor="D0N45" name="p96" srcActor="D0N2"/>
            <port dstActor="D0N42" name="p97" srcActor="D0N31"/>
            <port dstActor="D0N45" name="p98" srcActor="D0N31"/>
            <port dstActor="D0N39" name="p99" srcActor="D0N31"/>
            <port dstActor="D0N43" name="p100" srcActor="D0N31"/>
        </ports>
    </mcdag>
    <cores number="3"/>
    <levels number="2"/>
</mcsystem>
