<?xml version="1.0" encoding="UTF-8" standalone="no"?>
<mcsystem>
    <mcdag deadline="1500" name="genned-0-ed-10.0-0">
        <actor name="D0N38">
            <wcet number="0">10</wcet>
            <wcet number="1">40</wcet>
            <maxpow number="0.6685778820469176"/>
            <maxpow number="0.6685778820469176"/>
            <fprob>0.0</fprob>
        </actor>
        <actor name="D0N35">
            <wcet number="0">50</wcet>
            <wcet number="1">120</wcet>
            <maxpow number="0.5194935379510565"/>
            <maxpow number="0.5194935379510565"/>
            <fprob>0.0</fprob>
        </actor>
        <actor name="D0N20">
            <wcet number="0">90</wcet>
            <wcet number="1">100</wcet>
            <maxpow number="0.6964050675418575"/>
            <maxpow number="0.6964050675418575"/>
            <fprob>0.0</fprob>
        </actor>
        <actor name="D0N8">
            <wcet number="0">10</wcet>
            <wcet number="1">20</wcet>
            <maxpow number="0.4628883215950727"/>
            <maxpow number="0.4628883215950727"/>
            <fprob>0.0</fprob>
        </actor>
        <actor name="D0N6">
            <wcet number="0">10</wcet>
            <wcet number="1">10</wcet>
            <maxpow number="0.7231111214155628"/>
            <maxpow number="0.7231111214155628"/>
            <fprob>0.0</fprob>
        </actor>
        <actor name="D0N29">
            <wcet number="0">120</wcet>
            <wcet number="1">130</wcet>
            <maxpow number="0.8491465666638942"/>
            <maxpow number="0.8491465666638942"/>
            <fprob>0.0</fprob>
        </actor>
        <actor name="D0N45">
            <wcet number="0">40</wcet>
            <wcet number="1">130</wcet>
            <maxpow number="0.4279090286997086"/>
            <maxpow number="0.4279090286997086"/>
            <fprob>0.0</fprob>
        </actor>
        <actor name="D0N46">
            <wcet number="0">20</wcet>
            <wcet number="1">30</wcet>
            <maxpow number="0.46492891396785957"/>
            <maxpow number="0.46492891396785957"/>
            <fprob>0.0</fprob>
        </actor>
        <actor name="D0N2">
            <wcet number="0">20</wcet>
            <wcet number="1">30</wcet>
            <maxpow number="0.3259783538796537"/>
            <maxpow number="0.3259783538796537"/>
            <fprob>0.0</fprob>
        </actor>
        <actor name="D0N11">
            <wcet number="0">10</wcet>
            <wcet number="1">20</wcet>
            <maxpow number="0.8015088094836958"/>
            <maxpow number="0.8015088094836958"/>
            <fprob>0.0</fprob>
        </actor>
        <actor name="D0N0">
            <wcet number="0">90</wcet>
            <wcet number="1">160</wcet>
            <maxpow number="0.9001767798517958"/>
            <maxpow number="0.9001767798517958"/>
            <fprob>0.0</fprob>
        </actor>
        <actor name="D0N30">
            <wcet number="0">60</wcet>
            <wcet number="1">80</wcet>
            <maxpow number="0.48167591695086265"/>
            <maxpow number="0.48167591695086265"/>
            <fprob>0.0</fprob>
        </actor>
        <actor name="D0N22">
            <wcet number="0">30</wcet>
            <wcet number="1">40</wcet>
            <maxpow number="0.4226866416706479"/>
            <maxpow number="0.4226866416706479"/>
            <fprob>0.0</fprob>
        </actor>
        <actor name="D0N14">
            <wcet number="0">10</wcet>
            <wcet number="1">20</wcet>
            <maxpow number="0.6622707430555305"/>
            <maxpow number="0.6622707430555305"/>
            <fprob>0.0</fprob>
        </actor>
        <actor name="D0N19">
            <wcet number="0">30</wcet>
            <wcet number="1">100</wcet>
            <maxpow number="0.18492397795056692"/>
            <maxpow number="0.18492397795056692"/>
            <fprob>0.0</fprob>
        </actor>
        <actor name="D0N28">
            <wcet number="0">20</wcet>
            <wcet number="1">30</wcet>
            <maxpow number="1.1124743745407704"/>
            <maxpow number="1.1124743745407704"/>
            <fprob>0.0</fprob>
        </actor>
        <actor name="D0N27">
            <wcet number="0">40</wcet>
            <wcet number="1">70</wcet>
            <maxpow number="0.44759417741173746"/>
            <maxpow number="0.44759417741173746"/>
            <fprob>0.0</fprob>
        </actor>
        <actor name="D0N47">
            <wcet number="0">20</wcet>
            <wcet number="1">70</wcet>
            <maxpow number="0.5610320484077064"/>
            <maxpow number="0.5610320484077064"/>
            <fprob>0.0</fprob>
        </actor>
        <actor name="D0N12">
            <wcet number="0">50</wcet>
            <wcet number="1">70</wcet>
            <maxpow number="0.7240570219684787"/>
            <maxpow number="0.7240570219684787"/>
            <fprob>0.0</fprob>
        </actor>
        <actor name="D0N21">
            <wcet number="0">20</wcet>
            <wcet number="1">40</wcet>
            <maxpow number="0.3778137446538927"/>
            <maxpow number="0.3778137446538927"/>
            <fprob>0.0</fprob>
        </actor>
        <actor name="D0N26">
            <wcet number="0">120</wcet>
            <wcet number="1">170</wcet>
            <maxpow number="0.5982554495812414"/>
            <maxpow number="0.5982554495812414"/>
            <fprob>0.0</fprob>
        </actor>
        <actor name="D0N16">
            <wcet number="0">110</wcet>
            <wcet number="1">120</wcet>
            <maxpow number="0.859357382282236"/>
            <maxpow number="0.859357382282236"/>
            <fprob>0.0</fprob>
        </actor>
        <actor name="D0N24">
            <wcet number="0">80</wcet>
            <wcet number="1">160</wcet>
            <maxpow number="0.2809614408733265"/>
            <maxpow number="0.2809614408733265"/>
            <fprob>0.0</fprob>
        </actor>
        <actor name="D0N33">
            <wcet number="0">20</wcet>
            <wcet number="1">20</wcet>
            <maxpow number="0.7885849375731593"/>
            <maxpow number="0.7885849375731593"/>
            <fprob>0.0</fprob>
        </actor>
        <actor name="D0N13">
            <wcet number="0">20</wcet>
            <wcet number="1">30</wcet>
            <maxpow number="0.3125308402836324"/>
            <maxpow number="0.3125308402836324"/>
            <fprob>0.0</fprob>
        </actor>
        <actor name="D0N32">
            <wcet number="0">80</wcet>
            <wcet number="1">100</wcet>
            <maxpow number="0.6489198267652392"/>
            <maxpow number="0.6489198267652392"/>
            <fprob>0.0</fprob>
        </actor>
        <actor name="D0N17">
            <wcet number="0">80</wcet>
            <wcet number="1">110</wcet>
            <maxpow number="0.886425177217439"/>
            <maxpow number="0.886425177217439"/>
            <fprob>0.0</fprob>
        </actor>
        <actor name="D0N18">
            <wcet number="0">20</wcet>
            <wcet number="1">20</wcet>
            <maxpow number="0.7642447177984439"/>
            <maxpow number="0.7642447177984439"/>
            <fprob>0.0</fprob>
        </actor>
        <actor name="D0N25">
            <wcet number="0">10</wcet>
            <wcet number="1">80</wcet>
            <maxpow number="0.21671719662854633"/>
            <maxpow number="0.21671719662854633"/>
            <fprob>0.0</fprob>
        </actor>
        <actor name="D0N5">
            <wcet number="0">50</wcet>
            <wcet number="1">50</wcet>
            <maxpow number="0.6603877550899857"/>
            <maxpow number="0.6603877550899857"/>
            <fprob>0.0</fprob>
        </actor>
        <actor name="D0N44">
            <wcet number="0">80</wcet>
            <wcet number="1">150</wcet>
            <maxpow number="0.21516911533603478"/>
            <maxpow number="0.21516911533603478"/>
            <fprob>0.0</fprob>
        </actor>
        <actor name="D0N39">
            <wcet number="0">80</wcet>
            <wcet number="1">80</wcet>
            <maxpow number="0.38643461008045565"/>
            <maxpow number="0.38643461008045565"/>
            <fprob>0.0</fprob>
        </actor>
        <actor name="D0N41">
            <wcet number="0">10</wcet>
            <wcet number="1">10</wcet>
            <maxpow number="0.61120532067583"/>
            <maxpow number="0.61120532067583"/>
            <fprob>0.0</fprob>
        </actor>
        <actor name="D0N42">
            <wcet number="0">10</wcet>
            <wcet number="1">20</wcet>
            <maxpow number="0.6629167911258039"/>
            <maxpow number="0.6629167911258039"/>
            <fprob>0.0</fprob>
        </actor>
        <actor name="D0N9">
            <wcet number="0">60</wcet>
            <wcet number="1">100</wcet>
            <maxpow number="0.41839003746154546"/>
            <maxpow number="0.41839003746154546"/>
            <fprob>0.0</fprob>
        </actor>
        <actor name="D0N36">
            <wcet number="0">30</wcet>
            <wcet number="1">50</wcet>
            <maxpow number="0.6982924729340638"/>
            <maxpow number="0.6982924729340638"/>
            <fprob>0.0</fprob>
        </actor>
        <actor name="D0N31">
            <wcet number="0">70</wcet>
            <wcet number="1">100</wcet>
            <maxpow number="0.41316881041935516"/>
            <maxpow number="0.41316881041935516"/>
            <fprob>0.0</fprob>
        </actor>
        <actor name="D0N3">
            <wcet number="0">10</wcet>
            <wcet number="1">10</wcet>
            <maxpow number="0.49910190862689"/>
            <maxpow number="0.49910190862689"/>
            <fprob>0.0</fprob>
        </actor>
        <actor name="D0N15">
            <wcet number="0">220</wcet>
            <wcet number="1">250</wcet>
            <maxpow number="0.7817896645326589"/>
            <maxpow number="0.7817896645326589"/>
            <fprob>0.0</fprob>
        </actor>
        <actor name="D0N43">
            <wcet number="0">10</wcet>
            <wcet number="1">40</wcet>
            <maxpow number="0.697153082223742"/>
            <maxpow number="0.697153082223742"/>
            <fprob>0.0</fprob>
        </actor>
        <actor name="D0N1">
            <wcet number="0">20</wcet>
            <wcet number="1">30</wcet>
            <maxpow number="0.33403802796485405"/>
            <maxpow number="0.33403802796485405"/>
            <fprob>0.0</fprob>
        </actor>
        <actor name="D0N7">
            <wcet number="0">20</wcet>
            <wcet number="1">100</wcet>
            <maxpow number="0.26175390979618995"/>
            <maxpow number="0.26175390979618995"/>
            <fprob>0.0</fprob>
        </actor>
        <actor name="D0N10">
            <wcet number="0">30</wcet>
            <wcet number="1">50</wcet>
            <maxpow number="0.6582336723538859"/>
            <maxpow number="0.6582336723538859"/>
            <fprob>0.0</fprob>
        </actor>
        <actor name="D0N37">
            <wcet number="0">10</wcet>
            <wcet number="1">30</wcet>
            <maxpow number="0.31140248255147795"/>
            <maxpow number="0.31140248255147795"/>
            <fprob>0.0</fprob>
        </actor>
        <actor name="D0N23">
            <wcet number="0">270</wcet>
            <wcet number="1">270</wcet>
            <maxpow number="0.53570284206454"/>
            <maxpow number="0.53570284206454"/>
            <fprob>0.0</fprob>
        </actor>
        <actor name="D0N4">
            <wcet number="0">40</wcet>
            <wcet number="1">70</wcet>
            <maxpow number="0.6201591258494996"/>
            <maxpow number="0.6201591258494996"/>
            <fprob>0.0</fprob>
        </actor>
        <actor name="D0N40">
            <wcet number="0">60</wcet>
            <wcet number="1">170</wcet>
            <maxpow number="0.6632044723687243"/>
            <maxpow number="0.6632044723687243"/>
            <fprob>0.0</fprob>
        </actor>
        <actor name="D0N34">
            <wcet number="0">50</wcet>
            <wcet number="1">50</wcet>
            <maxpow number="0.5759388422536419"/>
            <maxpow number="0.5759388422536419"/>
            <fprob>0.0</fprob>
        </actor>
        <ports>
            <port dstActor="D0N44" name="p0" srcActor="D0N38"/>
            <port dstActor="D0N46" name="p1" srcActor="D0N38"/>
            <port dstActor="D0N43" name="p2" srcActor="D0N38"/>
            <port dstActor="D0N43" name="p3" srcActor="D0N35"/>
            <port dstActor="D0N24" name="p4" srcActor="D0N20"/>
            <port dstActor="D0N29" name="p5" srcActor="D0N20"/>
            <port dstActor="D0N47" name="p6" srcActor="D0N20"/>
            <port dstActor="D0N45" name="p7" srcActor="D0N8"/>
            <port dstActor="D0N35" name="p8" srcActor="D0N8"/>
            <port dstActor="D0N41" name="p9" srcActor="D0N8"/>
            <port dstActor="D0N8" name="p10" srcActor="D0N6"/>
            <port dstActor="D0N29" name="p11" srcActor="D0N6"/>
            <port dstActor="D0N37" name="p12" srcActor="D0N29"/>
            <port dstActor="D0N31" name="p13" srcActor="D0N29"/>
            <port dstActor="D0N47" name="p14" srcActor="D0N29"/>
            <port dstActor="D0N44" name="p15" srcActor="D0N2"/>
            <port dstActor="D0N36" name="p16" srcActor="D0N2"/>
            <port dstActor="D0N21" name="p17" srcActor="D0N2"/>
            <port dstActor="D0N28" name="p18" srcActor="D0N2"/>
            <port dstActor="D0N18" name="p19" srcActor="D0N11"/>
            <port dstActor="D0N28" name="p20" srcActor="D0N11"/>
            <port dstActor="D0N47" name="p21" srcActor="D0N0"/>
            <port dstActor="D0N6" name="p22" srcActor="D0N0"/>
            <port dstActor="D0N24" name="p23" srcActor="D0N0"/>
            <port dstActor="D0N29" name="p24" srcActor="D0N0"/>
            <port dstActor="D0N12" name="p25" srcActor="D0N0"/>
            <port dstActor="D0N28" name="p26" srcActor="D0N0"/>
            <port dstActor="D0N31" name="p27" srcActor="D0N30"/>
            <port dstActor="D0N44" name="p28" srcActor="D0N22"/>
            <port dstActor="D0N47" name="p29" srcActor="D0N22"/>
            <port dstActor="D0N38" name="p30" srcActor="D0N22"/>
            <port dstActor="D0N25" name="p31" srcActor="D0N22"/>
            <port dstActor="D0N40" name="p32" srcActor="D0N14"/>
            <port dstActor="D0N38" name="p33" srcActor="D0N14"/>
            <port dstActor="D0N29" name="p34" srcActor="D0N19"/>
            <port dstActor="D0N21" name="p35" srcActor="D0N19"/>
            <port dstActor="D0N35" name="p36" srcActor="D0N19"/>
            <port dstActor="D0N30" name="p37" srcActor="D0N19"/>
            <port dstActor="D0N40" name="p38" srcActor="D0N19"/>
            <port dstActor="D0N42" name="p39" srcActor="D0N19"/>
            <port dstActor="D0N37" name="p40" srcActor="D0N28"/>
            <port dstActor="D0N35" name="p41" srcActor="D0N28"/>
            <port dstActor="D0N31" name="p42" srcActor="D0N27"/>
            <port dstActor="D0N33" name="p43" srcActor="D0N27"/>
            <port dstActor="D0N37" name="p44" srcActor="D0N27"/>
            <port dstActor="D0N18" name="p45" srcActor="D0N12"/>
            <port dstActor="D0N34" name="p46" srcActor="D0N12"/>
            <port dstActor="D0N33" name="p47" srcActor="D0N12"/>
            <port dstActor="D0N37" name="p48" srcActor="D0N21"/>
            <port dstActor="D0N43" name="p49" srcActor="D0N16"/>
            <port dstActor="D0N25" name="p50" srcActor="D0N16"/>
            <port dstActor="D0N30" name="p51" srcActor="D0N24"/>
            <port dstActor="D0N40" name="p52" srcActor="D0N24"/>
            <port dstActor="D0N43" name="p53" srcActor="D0N24"/>
            <port dstActor="D0N41" name="p54" srcActor="D0N33"/>
            <port dstActor="D0N36" name="p55" srcActor="D0N33"/>
            <port dstActor="D0N40" name="p56" srcActor="D0N33"/>
            <port dstActor="D0N20" name="p57" srcActor="D0N13"/>
            <port dstActor="D0N47" name="p58" srcActor="D0N13"/>
            <port dstActor="D0N40" name="p59" srcActor="D0N32"/>
            <port dstActor="D0N18" name="p60" srcActor="D0N17"/>
            <port dstActor="D0N26" name="p61" srcActor="D0N17"/>
            <port dstActor="D0N47" name="p62" srcActor="D0N17"/>
            <port dstActor="D0N43" name="p63" srcActor="D0N18"/>
            <port dstActor="D0N46" name="p64" srcActor="D0N18"/>
            <port dstActor="D0N30" name="p65" srcActor="D0N25"/>
            <port dstActor="D0N19" name="p66" srcActor="D0N5"/>
            <port dstActor="D0N25" name="p67" srcActor="D0N5"/>
            <port dstActor="D0N29" name="p68" srcActor="D0N5"/>
            <port dstActor="D0N43" name="p69" srcActor="D0N39"/>
            <port dstActor="D0N43" name="p70" srcActor="D0N42"/>
            <port dstActor="D0N11" name="p71" srcActor="D0N9"/>
            <port dstActor="D0N24" name="p72" srcActor="D0N9"/>
            <port dstActor="D0N30" name="p73" srcActor="D0N9"/>
            <port dstActor="D0N18" name="p74" srcActor="D0N9"/>
            <port dstActor="D0N25" name="p75" srcActor="D0N9"/>
            <port dstActor="D0N44" name="p76" srcActor="D0N31"/>
            <port dstActor="D0N35" name="p77" srcActor="D0N3"/>
            <port dstActor="D0N11" name="p78" srcActor="D0N1"/>
            <port dstActor="D0N23" name="p79" srcActor="D0N1"/>
            <port dstActor="D0N45" name="p80" srcActor="D0N1"/>
            <port dstActor="D0N34" name="p81" srcActor="D0N1"/>
            <port dstActor="D0N17" name="p82" srcActor="D0N1"/>
            <port dstActor="D0N25" name="p83" srcActor="D0N7"/>
            <port dstActor="D0N26" name="p84" srcActor="D0N7"/>
            <port dstActor="D0N21" name="p85" srcActor="D0N7"/>
            <port dstActor="D0N47" name="p86" srcActor="D0N7"/>
            <port dstActor="D0N10" name="p87" srcActor="D0N7"/>
            <port dstActor="D0N17" name="p88" srcActor="D0N7"/>
            <port dstActor="D0N34" name="p89" srcActor="D0N7"/>
            <port dstActor="D0N27" name="p90" srcActor="D0N10"/>
            <port dstActor="D0N15" name="p91" srcActor="D0N10"/>
            <port dstActor="D0N21" name="p92" srcActor="D0N10"/>
            <port dstActor="D0N46" name="p93" srcActor="D0N10"/>
            <port dstActor="D0N11" name="p94" srcActor="D0N10"/>
            <port dstActor="D0N29" name="p95" srcActor="D0N10"/>
            <port dstActor="D0N22" name="p96" srcActor="D0N10"/>
            <port dstActor="D0N47" name="p97" srcActor="D0N37"/>
            <port dstActor="D0N26" name="p98" srcActor="D0N23"/>
            <port dstActor="D0N35" name="p99" srcActor="D0N23"/>
            <port dstActor="D0N43" name="p100" srcActor="D0N23"/>
            <port dstActor="D0N34" name="p101" srcActor="D0N4"/>
            <port dstActor="D0N42" name="p102" srcActor="D0N40"/>
            <port dstActor="D0N36" name="p103" srcActor="D0N34"/>
            <port dstActor="D0N46" name="p104" srcActor="D0N34"/>
        </ports>
    </mcdag>
    <cores number="3"/>
    <levels number="2"/>
</mcsystem>
