<?xml version="1.0" encoding="UTF-8" standalone="no"?>
<mcsystem>
    <mcdag deadline="2000" name="genned-0-ed-10.0-0">
        <actor name="D0N2">
            <wcet number="0">50</wcet>
            <wcet number="1">60</wcet>
            <maxpow number="0.30083146982829023"/>
            <maxpow number="0.30083146982829023"/>
            <fprob>0.0</fprob>
        </actor>
        <actor name="D0N22">
            <wcet number="0">10</wcet>
            <wcet number="1">10</wcet>
            <maxpow number="0.463202234392693"/>
            <maxpow number="0.463202234392693"/>
            <fprob>0.0</fprob>
        </actor>
        <actor name="D0N33">
            <wcet number="0">30</wcet>
            <wcet number="1">90</wcet>
            <maxpow number="0.7081552751400523"/>
            <maxpow number="0.7081552751400523"/>
            <fprob>0.0</fprob>
        </actor>
        <actor name="D0N42">
            <wcet number="0">10</wcet>
            <wcet number="1">20</wcet>
            <maxpow number="0.3634599592530829"/>
            <maxpow number="0.3634599592530829"/>
            <fprob>0.0</fprob>
        </actor>
        <actor name="D0N7">
            <wcet number="0">70</wcet>
            <wcet number="1">70</wcet>
            <maxpow number="0.6759934733856748"/>
            <maxpow number="0.6759934733856748"/>
            <fprob>0.0</fprob>
        </actor>
        <actor name="D0N20">
            <wcet number="0">30</wcet>
            <wcet number="1">290</wcet>
            <maxpow number="0.5597061056747908"/>
            <maxpow number="0.5597061056747908"/>
            <fprob>0.0</fprob>
        </actor>
        <actor name="D0N28">
            <wcet number="0">240</wcet>
            <wcet number="1">280</wcet>
            <maxpow number="0.8737320328988905"/>
            <maxpow number="0.8737320328988905"/>
            <fprob>0.0</fprob>
        </actor>
        <actor name="D0N1">
            <wcet number="0">30</wcet>
            <wcet number="1">150</wcet>
            <maxpow number="0.6482452283347339"/>
            <maxpow number="0.6482452283347339"/>
            <fprob>0.0</fprob>
        </actor>
        <actor name="D0N34">
            <wcet number="0">10</wcet>
            <wcet number="1">10</wcet>
            <maxpow number="0.749371519974802"/>
            <maxpow number="0.749371519974802"/>
            <fprob>0.0</fprob>
        </actor>
        <actor name="D0N44">
            <wcet number="0">20</wcet>
            <wcet number="1">30</wcet>
            <maxpow number="0.9685645959636171"/>
            <maxpow number="0.9685645959636171"/>
            <fprob>0.0</fprob>
        </actor>
        <actor name="D0N30">
            <wcet number="0">20</wcet>
            <wcet number="1">80</wcet>
            <maxpow number="0.787093166482093"/>
            <maxpow number="0.787093166482093"/>
            <fprob>0.0</fprob>
        </actor>
        <actor name="D0N26">
            <wcet number="0">120</wcet>
            <wcet number="1">130</wcet>
            <maxpow number="0.4841787942457664"/>
            <maxpow number="0.4841787942457664"/>
            <fprob>0.0</fprob>
        </actor>
        <actor name="D0N10">
            <wcet number="0">80</wcet>
            <wcet number="1">90</wcet>
            <maxpow number="0.44501757928612107"/>
            <maxpow number="0.44501757928612107"/>
            <fprob>0.0</fprob>
        </actor>
        <actor name="D0N38">
            <wcet number="0">20</wcet>
            <wcet number="1">30</wcet>
            <maxpow number="0.17938489392009566"/>
            <maxpow number="0.17938489392009566"/>
            <fprob>0.0</fprob>
        </actor>
        <actor name="D0N32">
            <wcet number="0">50</wcet>
            <wcet number="1">60</wcet>
            <maxpow number="0.7538673090912799"/>
            <maxpow number="0.7538673090912799"/>
            <fprob>0.0</fprob>
        </actor>
        <actor name="D0N37">
            <wcet number="0">20</wcet>
            <wcet number="1">20</wcet>
            <maxpow number="0.5723405319422898"/>
            <maxpow number="0.5723405319422898"/>
            <fprob>0.0</fprob>
        </actor>
        <actor name="D0N4">
            <wcet number="0">20</wcet>
            <wcet number="1">20</wcet>
            <maxpow number="0.159380854659949"/>
            <maxpow number="0.159380854659949"/>
            <fprob>0.0</fprob>
        </actor>
        <actor name="D0N21">
            <wcet number="0">10</wcet>
            <wcet number="1">30</wcet>
            <maxpow number="0.44870381775521834"/>
            <maxpow number="0.44870381775521834"/>
            <fprob>0.0</fprob>
        </actor>
        <actor name="D0N43">
            <wcet number="0">20</wcet>
            <wcet number="1">50</wcet>
            <maxpow number="0.5188549470491006"/>
            <maxpow number="0.5188549470491006"/>
            <fprob>0.0</fprob>
        </actor>
        <actor name="D0N15">
            <wcet number="0">40</wcet>
            <wcet number="1">50</wcet>
            <maxpow number="0.6844166229539492"/>
            <maxpow number="0.6844166229539492"/>
            <fprob>0.0</fprob>
        </actor>
        <actor name="D0N0">
            <wcet number="0">80</wcet>
            <wcet number="1">80</wcet>
            <maxpow number="0.4480939953657944"/>
            <maxpow number="0.4480939953657944"/>
            <fprob>0.0</fprob>
        </actor>
        <actor name="D0N35">
            <wcet number="0">20</wcet>
            <wcet number="1">20</wcet>
            <maxpow number="0.7729588123730081"/>
            <maxpow number="0.7729588123730081"/>
            <fprob>0.0</fprob>
        </actor>
        <actor name="D0N27">
            <wcet number="0">20</wcet>
            <wcet number="1">30</wcet>
            <maxpow number="0.39241198961268087"/>
            <maxpow number="0.39241198961268087"/>
            <fprob>0.0</fprob>
        </actor>
        <actor name="D0N46">
            <wcet number="0">120</wcet>
            <wcet number="1">410</wcet>
            <maxpow number="0.35213336262292916"/>
            <maxpow number="0.35213336262292916"/>
            <fprob>0.0</fprob>
        </actor>
        <actor name="D0N40">
            <wcet number="0">40</wcet>
            <wcet number="1">180</wcet>
            <maxpow number="0.6677952947029951"/>
            <maxpow number="0.6677952947029951"/>
            <fprob>0.0</fprob>
        </actor>
        <actor name="D0N14">
            <wcet number="0">80</wcet>
            <wcet number="1">210</wcet>
            <maxpow number="0.4069097895421215"/>
            <maxpow number="0.4069097895421215"/>
            <fprob>0.0</fprob>
        </actor>
        <actor name="D0N29">
            <wcet number="0">140</wcet>
            <wcet number="1">190</wcet>
            <maxpow number="0.8461746592741882"/>
            <maxpow number="0.8461746592741882"/>
            <fprob>0.0</fprob>
        </actor>
        <actor name="D0N12">
            <wcet number="0">120</wcet>
            <wcet number="1">160</wcet>
            <maxpow number="0.6429407243907511"/>
            <maxpow number="0.6429407243907511"/>
            <fprob>0.0</fprob>
        </actor>
        <actor name="D0N36">
            <wcet number="0">20</wcet>
            <wcet number="1">40</wcet>
            <maxpow number="0.6337248139581978"/>
            <maxpow number="0.6337248139581978"/>
            <fprob>0.0</fprob>
        </actor>
        <actor name="D0N6">
            <wcet number="0">200</wcet>
            <wcet number="1">330</wcet>
            <maxpow number="0.6101383159474691"/>
            <maxpow number="0.6101383159474691"/>
            <fprob>0.0</fprob>
        </actor>
        <actor name="D0N11">
            <wcet number="0">20</wcet>
            <wcet number="1">20</wcet>
            <maxpow number="0.419495783273641"/>
            <maxpow number="0.419495783273641"/>
            <fprob>0.0</fprob>
        </actor>
        <actor name="D0N8">
            <wcet number="0">20</wcet>
            <wcet number="1">150</wcet>
            <maxpow number="0.5673929445492986"/>
            <maxpow number="0.5673929445492986"/>
            <fprob>0.0</fprob>
        </actor>
        <actor name="D0N39">
            <wcet number="0">10</wcet>
            <wcet number="1">160</wcet>
            <maxpow number="0.9186361855304939"/>
            <maxpow number="0.9186361855304939"/>
            <fprob>0.0</fprob>
        </actor>
        <actor name="D0N9">
            <wcet number="0">20</wcet>
            <wcet number="1">30</wcet>
            <maxpow number="0.5292613483991695"/>
            <maxpow number="0.5292613483991695"/>
            <fprob>0.0</fprob>
        </actor>
        <actor name="D0N45">
            <wcet number="0">220</wcet>
            <wcet number="1">250</wcet>
            <maxpow number="0.8206746713838255"/>
            <maxpow number="0.8206746713838255"/>
            <fprob>0.0</fprob>
        </actor>
        <actor name="D0N13">
            <wcet number="0">20</wcet>
            <wcet number="1">30</wcet>
            <maxpow number="0.32490809706067647"/>
            <maxpow number="0.32490809706067647"/>
            <fprob>0.0</fprob>
        </actor>
        <actor name="D0N31">
            <wcet number="0">20</wcet>
            <wcet number="1">50</wcet>
            <maxpow number="0.8641652879920845"/>
            <maxpow number="0.8641652879920845"/>
            <fprob>0.0</fprob>
        </actor>
        <actor name="D0N18">
            <wcet number="0">10</wcet>
            <wcet number="1">110</wcet>
            <maxpow number="0.656519452534494"/>
            <maxpow number="0.656519452534494"/>
            <fprob>0.0</fprob>
        </actor>
        <actor name="D0N19">
            <wcet number="0">220</wcet>
            <wcet number="1">350</wcet>
            <maxpow number="0.31825817881309393"/>
            <maxpow number="0.31825817881309393"/>
            <fprob>0.0</fprob>
        </actor>
        <actor name="D0N5">
            <wcet number="0">40</wcet>
            <wcet number="1">80</wcet>
            <maxpow number="0.6049575297866715"/>
            <maxpow number="0.6049575297866715"/>
            <fprob>0.0</fprob>
        </actor>
        <actor name="D0N25">
            <wcet number="0">30</wcet>
            <wcet number="1">240</wcet>
            <maxpow number="0.6605586666085489"/>
            <maxpow number="0.6605586666085489"/>
            <fprob>0.0</fprob>
        </actor>
        <actor name="D0N41">
            <wcet number="0">10</wcet>
            <wcet number="1">80</wcet>
            <maxpow number="0.8263476643842358"/>
            <maxpow number="0.8263476643842358"/>
            <fprob>0.0</fprob>
        </actor>
        <actor name="D0N24">
            <wcet number="0">10</wcet>
            <wcet number="1">10</wcet>
            <maxpow number="0.42398279096438507"/>
            <maxpow number="0.42398279096438507"/>
            <fprob>0.0</fprob>
        </actor>
        <actor name="D0N3">
            <wcet number="0">10</wcet>
            <wcet number="1">10</wcet>
            <maxpow number="0.6783506706783657"/>
            <maxpow number="0.6783506706783657"/>
            <fprob>0.0</fprob>
        </actor>
        <actor name="D0N16">
            <wcet number="0">10</wcet>
            <wcet number="1">10</wcet>
            <maxpow number="0.8110004747100832"/>
            <maxpow number="0.8110004747100832"/>
            <fprob>0.0</fprob>
        </actor>
        <actor name="D0N17">
            <wcet number="0">10</wcet>
            <wcet number="1">120</wcet>
            <maxpow number="0.39113601420169913"/>
            <maxpow number="0.39113601420169913"/>
            <fprob>0.0</fprob>
        </actor>
        <actor name="D0N23">
            <wcet number="0">220</wcet>
            <wcet number="1">280</wcet>
            <maxpow number="0.5540903938334443"/>
            <maxpow number="0.5540903938334443"/>
            <fprob>0.0</fprob>
        </actor>
        <ports>
            <port dstActor="D0N7" name="p0" srcActor="D0N2"/>
            <port dstActor="D0N8" name="p1" srcActor="D0N2"/>
            <port dstActor="D0N27" name="p2" srcActor="D0N2"/>
            <port dstActor="D0N41" name="p3" srcActor="D0N22"/>
            <port dstActor="D0N46" name="p4" srcActor="D0N22"/>
            <port dstActor="D0N23" name="p5" srcActor="D0N22"/>
            <port dstActor="D0N42" name="p6" srcActor="D0N22"/>
            <port dstActor="D0N46" name="p7" srcActor="D0N42"/>
            <port dstActor="D0N37" name="p8" srcActor="D0N7"/>
            <port dstActor="D0N41" name="p9" srcActor="D0N7"/>
            <port dstActor="D0N23" name="p10" srcActor="D0N7"/>
            <port dstActor="D0N44" name="p11" srcActor="D0N7"/>
            <port dstActor="D0N45" name="p12" srcActor="D0N7"/>
            <port dstActor="D0N29" name="p13" srcActor="D0N7"/>
            <port dstActor="D0N19" name="p14" srcActor="D0N7"/>
            <port dstActor="D0N25" name="p15" srcActor="D0N7"/>
            <port dstActor="D0N37" name="p16" srcActor="D0N20"/>
            <port dstActor="D0N32" name="p17" srcActor="D0N20"/>
            <port dstActor="D0N41" name="p18" srcActor="D0N28"/>
            <port dstActor="D0N31" name="p19" srcActor="D0N1"/>
            <port dstActor="D0N41" name="p20" srcActor="D0N1"/>
            <port dstActor="D0N33" name="p21" srcActor="D0N1"/>
            <port dstActor="D0N8" name="p22" srcActor="D0N1"/>
            <port dstActor="D0N19" name="p23" srcActor="D0N1"/>
            <port dstActor="D0N41" name="p24" srcActor="D0N34"/>
            <port dstActor="D0N44" name="p25" srcActor="D0N30"/>
            <port dstActor="D0N44" name="p26" srcActor="D0N26"/>
            <port dstActor="D0N33" name="p27" srcActor="D0N26"/>
            <port dstActor="D0N44" name="p28" srcActor="D0N10"/>
            <port dstActor="D0N21" name="p29" srcActor="D0N10"/>
            <port dstActor="D0N38" name="p30" srcActor="D0N10"/>
            <port dstActor="D0N42" name="p31" srcActor="D0N10"/>
            <port dstActor="D0N46" name="p32" srcActor="D0N32"/>
            <port dstActor="D0N44" name="p33" srcActor="D0N32"/>
            <port dstActor="D0N33" name="p34" srcActor="D0N32"/>
            <port dstActor="D0N31" name="p35" srcActor="D0N4"/>
            <port dstActor="D0N34" name="p36" srcActor="D0N4"/>
            <port dstActor="D0N13" name="p37" srcActor="D0N4"/>
            <port dstActor="D0N15" name="p38" srcActor="D0N4"/>
            <port dstActor="D0N14" name="p39" srcActor="D0N4"/>
            <port dstActor="D0N45" name="p40" srcActor="D0N4"/>
            <port dstActor="D0N8" name="p41" srcActor="D0N4"/>
            <port dstActor="D0N5" name="p42" srcActor="D0N4"/>
            <port dstActor="D0N6" name="p43" srcActor="D0N4"/>
            <port dstActor="D0N43" name="p44" srcActor="D0N4"/>
            <port dstActor="D0N24" name="p45" srcActor="D0N21"/>
            <port dstActor="D0N26" name="p46" srcActor="D0N21"/>
            <port dstActor="D0N44" name="p47" srcActor="D0N43"/>
            <port dstActor="D0N46" name="p48" srcActor="D0N15"/>
            <port dstActor="D0N32" name="p49" srcActor="D0N15"/>
            <port dstActor="D0N34" name="p50" srcActor="D0N15"/>
            <port dstActor="D0N37" name="p51" srcActor="D0N15"/>
            <port dstActor="D0N19" name="p52" srcActor="D0N15"/>
            <port dstActor="D0N16" name="p53" srcActor="D0N0"/>
            <port dstActor="D0N25" name="p54" srcActor="D0N0"/>
            <port dstActor="D0N5" name="p55" srcActor="D0N0"/>
            <port dstActor="D0N42" name="p56" srcActor="D0N35"/>
            <port dstActor="D0N36" name="p57" srcActor="D0N35"/>
            <port dstActor="D0N42" name="p58" srcActor="D0N27"/>
            <port dstActor="D0N31" name="p59" srcActor="D0N27"/>
            <port dstActor="D0N41" name="p60" srcActor="D0N40"/>
            <port dstActor="D0N37" name="p61" srcActor="D0N14"/>
            <port dstActor="D0N17" name="p62" srcActor="D0N14"/>
            <port dstActor="D0N44" name="p63" srcActor="D0N14"/>
            <port dstActor="D0N44" name="p64" srcActor="D0N29"/>
            <port dstActor="D0N31" name="p65" srcActor="D0N29"/>
            <port dstActor="D0N37" name="p66" srcActor="D0N29"/>
            <port dstActor="D0N29" name="p67" srcActor="D0N12"/>
            <port dstActor="D0N39" name="p68" srcActor="D0N12"/>
            <port dstActor="D0N26" name="p69" srcActor="D0N12"/>
            <port dstActor="D0N36" name="p70" srcActor="D0N12"/>
            <port dstActor="D0N10" name="p71" srcActor="D0N6"/>
            <port dstActor="D0N32" name="p72" srcActor="D0N6"/>
            <port dstActor="D0N8" name="p73" srcActor="D0N6"/>
            <port dstActor="D0N27" name="p74" srcActor="D0N11"/>
            <port dstActor="D0N28" name="p75" srcActor="D0N11"/>
            <port dstActor="D0N31" name="p76" srcActor="D0N8"/>
            <port dstActor="D0N15" name="p77" srcActor="D0N8"/>
            <port dstActor="D0N24" name="p78" srcActor="D0N8"/>
            <port dstActor="D0N40" name="p79" srcActor="D0N8"/>
            <port dstActor="D0N44" name="p80" srcActor="D0N8"/>
            <port dstActor="D0N38" name="p81" srcActor="D0N8"/>
            <port dstActor="D0N43" name="p82" srcActor="D0N39"/>
            <port dstActor="D0N35" name="p83" srcActor="D0N9"/>
            <port dstActor="D0N41" name="p84" srcActor="D0N9"/>
            <port dstActor="D0N28" name="p85" srcActor="D0N9"/>
            <port dstActor="D0N33" name="p86" srcActor="D0N13"/>
            <port dstActor="D0N28" name="p87" srcActor="D0N13"/>
            <port dstActor="D0N27" name="p88" srcActor="D0N13"/>
            <port dstActor="D0N26" name="p89" srcActor="D0N13"/>
            <port dstActor="D0N45" name="p90" srcActor="D0N13"/>
            <port dstActor="D0N31" name="p91" srcActor="D0N13"/>
            <port dstActor="D0N36" name="p92" srcActor="D0N31"/>
            <port dstActor="D0N40" name="p93" srcActor="D0N18"/>
            <port dstActor="D0N27" name="p94" srcActor="D0N18"/>
            <port dstActor="D0N21" name="p95" srcActor="D0N18"/>
            <port dstActor="D0N31" name="p96" srcActor="D0N18"/>
            <port dstActor="D0N41" name="p97" srcActor="D0N18"/>
            <port dstActor="D0N22" name="p98" srcActor="D0N19"/>
            <port dstActor="D0N34" name="p99" srcActor="D0N19"/>
            <port dstActor="D0N36" name="p100" srcActor="D0N19"/>
            <port dstActor="D0N35" name="p101" srcActor="D0N19"/>
            <port dstActor="D0N25" name="p102" srcActor="D0N19"/>
            <port dstActor="D0N39" name="p103" srcActor="D0N19"/>
            <port dstActor="D0N42" name="p104" srcActor="D0N19"/>
            <port dstActor="D0N26" name="p105" srcActor="D0N19"/>
            <port dstActor="D0N23" name="p106" srcActor="D0N19"/>
            <port dstActor="D0N29" name="p107" srcActor="D0N5"/>
            <port dstActor="D0N8" name="p108" srcActor="D0N5"/>
            <port dstActor="D0N39" name="p109" srcActor="D0N5"/>
            <port dstActor="D0N37" name="p110" srcActor="D0N5"/>
            <port dstActor="D0N31" name="p111" srcActor="D0N5"/>
            <port dstActor="D0N31" name="p112" srcActor="D0N25"/>
            <port dstActor="D0N36" name="p113" srcActor="D0N25"/>
            <port dstActor="D0N26" name="p114" srcActor="D0N25"/>
            <port dstActor="D0N43" name="p115" srcActor="D0N41"/>
            <port dstActor="D0N45" name="p116" srcActor="D0N24"/>
            <port dstActor="D0N32" name="p117" srcActor="D0N24"/>
            <port dstActor="D0N44" name="p118" srcActor="D0N24"/>
            <port dstActor="D0N13" name="p119" srcActor="D0N3"/>
            <port dstActor="D0N8" name="p120" srcActor="D0N3"/>
            <port dstActor="D0N20" name="p121" srcActor="D0N3"/>
            <port dstActor="D0N33" name="p122" srcActor="D0N3"/>
            <port dstActor="D0N27" name="p123" srcActor="D0N3"/>
            <port dstActor="D0N34" name="p124" srcActor="D0N3"/>
            <port dstActor="D0N40" name="p125" srcActor="D0N16"/>
            <port dstActor="D0N45" name="p126" srcActor="D0N16"/>
            <port dstActor="D0N27" name="p127" srcActor="D0N16"/>
            <port dstActor="D0N23" name="p128" srcActor="D0N16"/>
            <port dstActor="D0N32" name="p129" srcActor="D0N17"/>
            <port dstActor="D0N34" name="p130" srcActor="D0N23"/>
            <port dstActor="D0N38" name="p131" srcActor="D0N23"/>
        </ports>
    </mcdag>
    <cores number="3"/>
    <levels number="2"/>
</mcsystem>
