<?xml version="1.0" encoding="UTF-8" standalone="no"?>
<mcsystem>
    <mcdag deadline="2500" name="genned-0-ed-10.0-0">
        <actor name="D0N3">
            <wcet number="0">210</wcet>
            <wcet number="1">230</wcet>
            <maxpow number="0.9734447614121566"/>
            <maxpow number="0.9734447614121566"/>
            <fprob>0.0</fprob>
        </actor>
        <actor name="D0N20">
            <wcet number="0">20</wcet>
            <wcet number="1">60</wcet>
            <maxpow number="0.6231679509006925"/>
            <maxpow number="0.6231679509006925"/>
            <fprob>0.0</fprob>
        </actor>
        <actor name="D0N11">
            <wcet number="0">30</wcet>
            <wcet number="1">80</wcet>
            <maxpow number="0.5065470943857947"/>
            <maxpow number="0.5065470943857947"/>
            <fprob>0.0</fprob>
        </actor>
        <actor name="D0N44">
            <wcet number="0">160</wcet>
            <wcet number="1">190</wcet>
            <maxpow number="0.2783282091726515"/>
            <maxpow number="0.2783282091726515"/>
            <fprob>0.0</fprob>
        </actor>
        <actor name="D0N33">
            <wcet number="0">80</wcet>
            <wcet number="1">80</wcet>
            <maxpow number="0.5506801135700575"/>
            <maxpow number="0.5506801135700575"/>
            <fprob>0.0</fprob>
        </actor>
        <actor name="D0N6">
            <wcet number="0">50</wcet>
            <wcet number="1">70</wcet>
            <maxpow number="0.8597630453193963"/>
            <maxpow number="0.8597630453193963"/>
            <fprob>0.0</fprob>
        </actor>
        <actor name="D0N45">
            <wcet number="0">70</wcet>
            <wcet number="1">130</wcet>
            <maxpow number="0.86555004786612"/>
            <maxpow number="0.86555004786612"/>
            <fprob>0.0</fprob>
        </actor>
        <actor name="D0N25">
            <wcet number="0">130</wcet>
            <wcet number="1">130</wcet>
            <maxpow number="0.6434158032678803"/>
            <maxpow number="0.6434158032678803"/>
            <fprob>0.0</fprob>
        </actor>
        <actor name="D0N2">
            <wcet number="0">20</wcet>
            <wcet number="1">20</wcet>
            <maxpow number="0.5089463840476721"/>
            <maxpow number="0.5089463840476721"/>
            <fprob>0.0</fprob>
        </actor>
        <actor name="D0N46">
            <wcet number="0">60</wcet>
            <wcet number="1">150</wcet>
            <maxpow number="0.5598763038188453"/>
            <maxpow number="0.5598763038188453"/>
            <fprob>0.0</fprob>
        </actor>
        <actor name="D0N34">
            <wcet number="0">110</wcet>
            <wcet number="1">190</wcet>
            <maxpow number="0.6687977446139444"/>
            <maxpow number="0.6687977446139444"/>
            <fprob>0.0</fprob>
        </actor>
        <actor name="D0N47">
            <wcet number="0">10</wcet>
            <wcet number="1">10</wcet>
            <maxpow number="0.5518681150667424"/>
            <maxpow number="0.5518681150667424"/>
            <fprob>0.0</fprob>
        </actor>
        <actor name="D0N27">
            <wcet number="0">20</wcet>
            <wcet number="1">40</wcet>
            <maxpow number="0.3561903415154845"/>
            <maxpow number="0.3561903415154845"/>
            <fprob>0.0</fprob>
        </actor>
        <actor name="D0N17">
            <wcet number="0">30</wcet>
            <wcet number="1">30</wcet>
            <maxpow number="0.5197357538233787"/>
            <maxpow number="0.5197357538233787"/>
            <fprob>0.0</fprob>
        </actor>
        <actor name="D0N10">
            <wcet number="0">20</wcet>
            <wcet number="1">110</wcet>
            <maxpow number="0.7857815877742598"/>
            <maxpow number="0.7857815877742598"/>
            <fprob>0.0</fprob>
        </actor>
        <actor name="D0N9">
            <wcet number="0">210</wcet>
            <wcet number="1">210</wcet>
            <maxpow number="0.3665537111229551"/>
            <maxpow number="0.3665537111229551"/>
            <fprob>0.0</fprob>
        </actor>
        <actor name="D0N43">
            <wcet number="0">20</wcet>
            <wcet number="1">20</wcet>
            <maxpow number="0.6245822014646443"/>
            <maxpow number="0.6245822014646443"/>
            <fprob>0.0</fprob>
        </actor>
        <actor name="D0N26">
            <wcet number="0">60</wcet>
            <wcet number="1">60</wcet>
            <maxpow number="0.7324629751459819"/>
            <maxpow number="0.7324629751459819"/>
            <fprob>0.0</fprob>
        </actor>
        <actor name="D0N31">
            <wcet number="0">10</wcet>
            <wcet number="1">20</wcet>
            <maxpow number="0.44381922130294504"/>
            <maxpow number="0.44381922130294504"/>
            <fprob>0.0</fprob>
        </actor>
        <actor name="D0N18">
            <wcet number="0">80</wcet>
            <wcet number="1">120</wcet>
            <maxpow number="0.4800513018832205"/>
            <maxpow number="0.4800513018832205"/>
            <fprob>0.0</fprob>
        </actor>
        <actor name="D0N29">
            <wcet number="0">170</wcet>
            <wcet number="1">220</wcet>
            <maxpow number="0.6061393931150528"/>
            <maxpow number="0.6061393931150528"/>
            <fprob>0.0</fprob>
        </actor>
        <actor name="D0N36">
            <wcet number="0">50</wcet>
            <wcet number="1">50</wcet>
            <maxpow number="0.6981607944779825"/>
            <maxpow number="0.6981607944779825"/>
            <fprob>0.0</fprob>
        </actor>
        <actor name="D0N38">
            <wcet number="0">10</wcet>
            <wcet number="1">10</wcet>
            <maxpow number="0.47714806033487694"/>
            <maxpow number="0.47714806033487694"/>
            <fprob>0.0</fprob>
        </actor>
        <actor name="D0N32">
            <wcet number="0">10</wcet>
            <wcet number="1">40</wcet>
            <maxpow number="0.4711956152924541"/>
            <maxpow number="0.4711956152924541"/>
            <fprob>0.0</fprob>
        </actor>
        <actor name="D0N41">
            <wcet number="0">60</wcet>
            <wcet number="1">140</wcet>
            <maxpow number="0.6136265559646763"/>
            <maxpow number="0.6136265559646763"/>
            <fprob>0.0</fprob>
        </actor>
        <actor name="D0N22">
            <wcet number="0">20</wcet>
            <wcet number="1">230</wcet>
            <maxpow number="0.36879114463386675"/>
            <maxpow number="0.36879114463386675"/>
            <fprob>0.0</fprob>
        </actor>
        <actor name="D0N19">
            <wcet number="0">190</wcet>
            <wcet number="1">230</wcet>
            <maxpow number="0.8407982440862694"/>
            <maxpow number="0.8407982440862694"/>
            <fprob>0.0</fprob>
        </actor>
        <actor name="D0N21">
            <wcet number="0">200</wcet>
            <wcet number="1">220</wcet>
            <maxpow number="0.5669609120720244"/>
            <maxpow number="0.5669609120720244"/>
            <fprob>0.0</fprob>
        </actor>
        <actor name="D0N40">
            <wcet number="0">30</wcet>
            <wcet number="1">70</wcet>
            <maxpow number="0.7105560513227407"/>
            <maxpow number="0.7105560513227407"/>
            <fprob>0.0</fprob>
        </actor>
        <actor name="D0N23">
            <wcet number="0">180</wcet>
            <wcet number="1">220</wcet>
            <maxpow number="0.23231250989999902"/>
            <maxpow number="0.23231250989999902"/>
            <fprob>0.0</fprob>
        </actor>
        <actor name="D0N5">
            <wcet number="0">20</wcet>
            <wcet number="1">70</wcet>
            <maxpow number="0.9395367837916693"/>
            <maxpow number="0.9395367837916693"/>
            <fprob>0.0</fprob>
        </actor>
        <actor name="D0N14">
            <wcet number="0">130</wcet>
            <wcet number="1">170</wcet>
            <maxpow number="0.38640398640533286"/>
            <maxpow number="0.38640398640533286"/>
            <fprob>0.0</fprob>
        </actor>
        <actor name="D0N39">
            <wcet number="0">60</wcet>
            <wcet number="1">70</wcet>
            <maxpow number="0.6102139290638602"/>
            <maxpow number="0.6102139290638602"/>
            <fprob>0.0</fprob>
        </actor>
        <actor name="D0N48">
            <wcet number="0">90</wcet>
            <wcet number="1">290</wcet>
            <maxpow number="0.23468235939007676"/>
            <maxpow number="0.23468235939007676"/>
            <fprob>0.0</fprob>
        </actor>
        <actor name="D0N8">
            <wcet number="0">20</wcet>
            <wcet number="1">90</wcet>
            <maxpow number="0.3640514076613258"/>
            <maxpow number="0.3640514076613258"/>
            <fprob>0.0</fprob>
        </actor>
        <actor name="D0N15">
            <wcet number="0">10</wcet>
            <wcet number="1">10</wcet>
            <maxpow number="0.6195662092108379"/>
            <maxpow number="0.6195662092108379"/>
            <fprob>0.0</fprob>
        </actor>
        <actor name="D0N4">
            <wcet number="0">100</wcet>
            <wcet number="1">100</wcet>
            <maxpow number="0.9102234692366263"/>
            <maxpow number="0.9102234692366263"/>
            <fprob>0.0</fprob>
        </actor>
        <actor name="D0N1">
            <wcet number="0">30</wcet>
            <wcet number="1">80</wcet>
            <maxpow number="0.6137676032271422"/>
            <maxpow number="0.6137676032271422"/>
            <fprob>0.0</fprob>
        </actor>
        <actor name="D0N24">
            <wcet number="0">180</wcet>
            <wcet number="1">210</wcet>
            <maxpow number="0.39067337236519656"/>
            <maxpow number="0.39067337236519656"/>
            <fprob>0.0</fprob>
        </actor>
        <actor name="D0N7">
            <wcet number="0">150</wcet>
            <wcet number="1">170</wcet>
            <maxpow number="0.6186565639452904"/>
            <maxpow number="0.6186565639452904"/>
            <fprob>0.0</fprob>
        </actor>
        <actor name="D0N28">
            <wcet number="0">20</wcet>
            <wcet number="1">40</wcet>
            <maxpow number="0.5884024771607778"/>
            <maxpow number="0.5884024771607778"/>
            <fprob>0.0</fprob>
        </actor>
        <actor name="D0N13">
            <wcet number="0">60</wcet>
            <wcet number="1">100</wcet>
            <maxpow number="0.568021216501733"/>
            <maxpow number="0.568021216501733"/>
            <fprob>0.0</fprob>
        </actor>
        <actor name="D0N42">
            <wcet number="0">230</wcet>
            <wcet number="1">230</wcet>
            <maxpow number="0.5748072364335893"/>
            <maxpow number="0.5748072364335893"/>
            <fprob>0.0</fprob>
        </actor>
        <actor name="D0N12">
            <wcet number="0">20</wcet>
            <wcet number="1">50</wcet>
            <maxpow number="0.34530704004514046"/>
            <maxpow number="0.34530704004514046"/>
            <fprob>0.0</fprob>
        </actor>
        <actor name="D0N35">
            <wcet number="0">20</wcet>
            <wcet number="1">160</wcet>
            <maxpow number="0.4394481037341015"/>
            <maxpow number="0.4394481037341015"/>
            <fprob>0.0</fprob>
        </actor>
        <actor name="D0N30">
            <wcet number="0">40</wcet>
            <wcet number="1">160</wcet>
            <maxpow number="0.5969754001311361"/>
            <maxpow number="0.5969754001311361"/>
            <fprob>0.0</fprob>
        </actor>
        <actor name="D0N37">
            <wcet number="0">130</wcet>
            <wcet number="1">240</wcet>
            <maxpow number="0.4220607611488726"/>
            <maxpow number="0.4220607611488726"/>
            <fprob>0.0</fprob>
        </actor>
        <actor name="D0N16">
            <wcet number="0">20</wcet>
            <wcet number="1">50</wcet>
            <maxpow number="0.8258389200363547"/>
            <maxpow number="0.8258389200363547"/>
            <fprob>0.0</fprob>
        </actor>
        <actor name="D0N0">
            <wcet number="0">70</wcet>
            <wcet number="1">80</wcet>
            <maxpow number="0.5942412353990688"/>
            <maxpow number="0.5942412353990688"/>
            <fprob>0.0</fprob>
        </actor>
        <ports>
            <port dstActor="D0N26" name="p0" srcActor="D0N3"/>
            <port dstActor="D0N36" name="p1" srcActor="D0N3"/>
            <port dstActor="D0N44" name="p2" srcActor="D0N3"/>
            <port dstActor="D0N30" name="p3" srcActor="D0N3"/>
            <port dstActor="D0N45" name="p4" srcActor="D0N3"/>
            <port dstActor="D0N20" name="p5" srcActor="D0N3"/>
            <port dstActor="D0N41" name="p6" srcActor="D0N3"/>
            <port dstActor="D0N24" name="p7" srcActor="D0N20"/>
            <port dstActor="D0N25" name="p8" srcActor="D0N20"/>
            <port dstActor="D0N34" name="p9" srcActor="D0N11"/>
            <port dstActor="D0N48" name="p10" srcActor="D0N33"/>
            <port dstActor="D0N36" name="p11" srcActor="D0N6"/>
            <port dstActor="D0N45" name="p12" srcActor="D0N6"/>
            <port dstActor="D0N46" name="p13" srcActor="D0N6"/>
            <port dstActor="D0N18" name="p14" srcActor="D0N6"/>
            <port dstActor="D0N31" name="p15" srcActor="D0N25"/>
            <port dstActor="D0N27" name="p16" srcActor="D0N25"/>
            <port dstActor="D0N37" name="p17" srcActor="D0N25"/>
            <port dstActor="D0N27" name="p18" srcActor="D0N2"/>
            <port dstActor="D0N47" name="p19" srcActor="D0N34"/>
            <port dstActor="D0N43" name="p20" srcActor="D0N34"/>
            <port dstActor="D0N35" name="p21" srcActor="D0N27"/>
            <port dstActor="D0N43" name="p22" srcActor="D0N27"/>
            <port dstActor="D0N28" name="p23" srcActor="D0N17"/>
            <port dstActor="D0N41" name="p24" srcActor="D0N17"/>
            <port dstActor="D0N45" name="p25" srcActor="D0N17"/>
            <port dstActor="D0N23" name="p26" srcActor="D0N17"/>
            <port dstActor="D0N42" name="p27" srcActor="D0N17"/>
            <port dstActor="D0N33" name="p28" srcActor="D0N10"/>
            <port dstActor="D0N38" name="p29" srcActor="D0N10"/>
            <port dstActor="D0N42" name="p30" srcActor="D0N10"/>
            <port dstActor="D0N46" name="p31" srcActor="D0N10"/>
            <port dstActor="D0N13" name="p32" srcActor="D0N10"/>
            <port dstActor="D0N12" name="p33" srcActor="D0N9"/>
            <port dstActor="D0N40" name="p34" srcActor="D0N9"/>
            <port dstActor="D0N47" name="p35" srcActor="D0N43"/>
            <port dstActor="D0N44" name="p36" srcActor="D0N43"/>
            <port dstActor="D0N45" name="p37" srcActor="D0N43"/>
            <port dstActor="D0N36" name="p38" srcActor="D0N26"/>
            <port dstActor="D0N43" name="p39" srcActor="D0N26"/>
            <port dstActor="D0N38" name="p40" srcActor="D0N31"/>
            <port dstActor="D0N37" name="p41" srcActor="D0N31"/>
            <port dstActor="D0N24" name="p42" srcActor="D0N18"/>
            <port dstActor="D0N46" name="p43" srcActor="D0N29"/>
            <port dstActor="D0N32" name="p44" srcActor="D0N29"/>
            <port dstActor="D0N35" name="p45" srcActor="D0N29"/>
            <port dstActor="D0N46" name="p46" srcActor="D0N36"/>
            <port dstActor="D0N40" name="p47" srcActor="D0N36"/>
            <port dstActor="D0N42" name="p48" srcActor="D0N36"/>
            <port dstActor="D0N48" name="p49" srcActor="D0N38"/>
            <port dstActor="D0N34" name="p50" srcActor="D0N32"/>
            <port dstActor="D0N36" name="p51" srcActor="D0N32"/>
            <port dstActor="D0N42" name="p52" srcActor="D0N41"/>
            <port dstActor="D0N43" name="p53" srcActor="D0N41"/>
            <port dstActor="D0N48" name="p54" srcActor="D0N22"/>
            <port dstActor="D0N25" name="p55" srcActor="D0N22"/>
            <port dstActor="D0N32" name="p56" srcActor="D0N22"/>
            <port dstActor="D0N45" name="p57" srcActor="D0N19"/>
            <port dstActor="D0N29" name="p58" srcActor="D0N19"/>
            <port dstActor="D0N26" name="p59" srcActor="D0N19"/>
            <port dstActor="D0N48" name="p60" srcActor="D0N19"/>
            <port dstActor="D0N22" name="p61" srcActor="D0N21"/>
            <port dstActor="D0N47" name="p62" srcActor="D0N21"/>
            <port dstActor="D0N42" name="p63" srcActor="D0N40"/>
            <port dstActor="D0N32" name="p64" srcActor="D0N23"/>
            <port dstActor="D0N35" name="p65" srcActor="D0N23"/>
            <port dstActor="D0N18" name="p66" srcActor="D0N5"/>
            <port dstActor="D0N28" name="p67" srcActor="D0N5"/>
            <port dstActor="D0N6" name="p68" srcActor="D0N5"/>
            <port dstActor="D0N46" name="p69" srcActor="D0N14"/>
            <port dstActor="D0N39" name="p70" srcActor="D0N14"/>
            <port dstActor="D0N19" name="p71" srcActor="D0N14"/>
            <port dstActor="D0N35" name="p72" srcActor="D0N14"/>
            <port dstActor="D0N48" name="p73" srcActor="D0N39"/>
            <port dstActor="D0N46" name="p74" srcActor="D0N39"/>
            <port dstActor="D0N32" name="p75" srcActor="D0N8"/>
            <port dstActor="D0N35" name="p76" srcActor="D0N8"/>
            <port dstActor="D0N43" name="p77" srcActor="D0N8"/>
            <port dstActor="D0N9" name="p78" srcActor="D0N8"/>
            <port dstActor="D0N37" name="p79" srcActor="D0N15"/>
            <port dstActor="D0N35" name="p80" srcActor="D0N15"/>
            <port dstActor="D0N27" name="p81" srcActor="D0N15"/>
            <port dstActor="D0N31" name="p82" srcActor="D0N4"/>
            <port dstActor="D0N32" name="p83" srcActor="D0N4"/>
            <port dstActor="D0N5" name="p84" srcActor="D0N4"/>
            <port dstActor="D0N7" name="p85" srcActor="D0N4"/>
            <port dstActor="D0N21" name="p86" srcActor="D0N4"/>
            <port dstActor="D0N16" name="p87" srcActor="D0N4"/>
            <port dstActor="D0N30" name="p88" srcActor="D0N4"/>
            <port dstActor="D0N14" name="p89" srcActor="D0N1"/>
            <port dstActor="D0N23" name="p90" srcActor="D0N1"/>
            <port dstActor="D0N4" name="p91" srcActor="D0N1"/>
            <port dstActor="D0N20" name="p92" srcActor="D0N1"/>
            <port dstActor="D0N48" name="p93" srcActor="D0N1"/>
            <port dstActor="D0N40" name="p94" srcActor="D0N24"/>
            <port dstActor="D0N41" name="p95" srcActor="D0N24"/>
            <port dstActor="D0N36" name="p96" srcActor="D0N24"/>
            <port dstActor="D0N33" name="p97" srcActor="D0N24"/>
            <port dstActor="D0N28" name="p98" srcActor="D0N7"/>
            <port dstActor="D0N17" name="p99" srcActor="D0N7"/>
            <port dstActor="D0N35" name="p100" srcActor="D0N7"/>
            <port dstActor="D0N9" name="p101" srcActor="D0N7"/>
            <port dstActor="D0N46" name="p102" srcActor="D0N7"/>
            <port dstActor="D0N22" name="p103" srcActor="D0N7"/>
            <port dstActor="D0N8" name="p104" srcActor="D0N7"/>
            <port dstActor="D0N34" name="p105" srcActor="D0N28"/>
            <port dstActor="D0N48" name="p106" srcActor="D0N28"/>
            <port dstActor="D0N45" name="p107" srcActor="D0N13"/>
            <port dstActor="D0N20" name="p108" srcActor="D0N13"/>
            <port dstActor="D0N47" name="p109" srcActor="D0N13"/>
            <port dstActor="D0N44" name="p110" srcActor="D0N42"/>
            <port dstActor="D0N16" name="p111" srcActor="D0N12"/>
            <port dstActor="D0N28" name="p112" srcActor="D0N12"/>
            <port dstActor="D0N45" name="p113" srcActor="D0N12"/>
            <port dstActor="D0N46" name="p114" srcActor="D0N35"/>
            <port dstActor="D0N38" name="p115" srcActor="D0N35"/>
            <port dstActor="D0N41" name="p116" srcActor="D0N35"/>
            <port dstActor="D0N41" name="p117" srcActor="D0N37"/>
            <port dstActor="D0N48" name="p118" srcActor="D0N16"/>
            <port dstActor="D0N19" name="p119" srcActor="D0N16"/>
            <port dstActor="D0N42" name="p120" srcActor="D0N16"/>
            <port dstActor="D0N31" name="p121" srcActor="D0N16"/>
            <port dstActor="D0N15" name="p122" srcActor="D0N0"/>
            <port dstActor="D0N3" name="p123" srcActor="D0N0"/>
            <port dstActor="D0N39" name="p124" srcActor="D0N0"/>
            <port dstActor="D0N22" name="p125" srcActor="D0N0"/>
            <port dstActor="D0N10" name="p126" srcActor="D0N0"/>
            <port dstActor="D0N1" name="p127" srcActor="D0N0"/>
        </ports>
    </mcdag>
    <cores number="3"/>
    <levels number="2"/>
</mcsystem>
