<?xml version="1.0" encoding="UTF-8" standalone="no"?>
<mcsystem>
    <mcdag deadline="1200" name="genned-0-ed-10.0-0">
        <actor name="D0N20">
            <wcet number="0">10</wcet>
            <wcet number="1">30</wcet>
            <maxpow number="0.6368070577041022"/>
            <maxpow number="0.6368070577041022"/>
            <fprob>0.0</fprob>
        </actor>
        <actor name="D0N33">
            <wcet number="0">30</wcet>
            <wcet number="1">30</wcet>
            <maxpow number="0.696569487024632"/>
            <maxpow number="0.696569487024632"/>
            <fprob>0.0</fprob>
        </actor>
        <actor name="D0N13">
            <wcet number="0">60</wcet>
            <wcet number="1">70</wcet>
            <maxpow number="0.43984526522859085"/>
            <maxpow number="0.43984526522859085"/>
            <fprob>0.0</fprob>
        </actor>
        <actor name="D0N42">
            <wcet number="0">20</wcet>
            <wcet number="1">120</wcet>
            <maxpow number="0.7712770613582806"/>
            <maxpow number="0.7712770613582806"/>
            <fprob>0.0</fprob>
        </actor>
        <actor name="D0N4">
            <wcet number="0">10</wcet>
            <wcet number="1">40</wcet>
            <maxpow number="0.4983801023524091"/>
            <maxpow number="0.4983801023524091"/>
            <fprob>0.0</fprob>
        </actor>
        <actor name="D0N36">
            <wcet number="0">10</wcet>
            <wcet number="1">20</wcet>
            <maxpow number="0.42420688075688434"/>
            <maxpow number="0.42420688075688434"/>
            <fprob>0.0</fprob>
        </actor>
        <actor name="D0N12">
            <wcet number="0">10</wcet>
            <wcet number="1">10</wcet>
            <maxpow number="0.40997103620736697"/>
            <maxpow number="0.40997103620736697"/>
            <fprob>0.0</fprob>
        </actor>
        <actor name="D0N2">
            <wcet number="0">10</wcet>
            <wcet number="1">80</wcet>
            <maxpow number="0.3436466322209951"/>
            <maxpow number="0.3436466322209951"/>
            <fprob>0.0</fprob>
        </actor>
        <actor name="D0N16">
            <wcet number="0">10</wcet>
            <wcet number="1">10</wcet>
            <maxpow number="0.6668185791715268"/>
            <maxpow number="0.6668185791715268"/>
            <fprob>0.0</fprob>
        </actor>
        <actor name="D0N41">
            <wcet number="0">20</wcet>
            <wcet number="1">60</wcet>
            <maxpow number="0.5594796590803806"/>
            <maxpow number="0.5594796590803806"/>
            <fprob>0.0</fprob>
        </actor>
        <actor name="D0N7">
            <wcet number="0">10</wcet>
            <wcet number="1">30</wcet>
            <maxpow number="0.37217274786807536"/>
            <maxpow number="0.37217274786807536"/>
            <fprob>0.0</fprob>
        </actor>
        <actor name="D0N8">
            <wcet number="0">90</wcet>
            <wcet number="1">90</wcet>
            <maxpow number="0.4208485423069293"/>
            <maxpow number="0.4208485423069293"/>
            <fprob>0.0</fprob>
        </actor>
        <actor name="D0N31">
            <wcet number="0">190</wcet>
            <wcet number="1">220</wcet>
            <maxpow number="0.45795052880593323"/>
            <maxpow number="0.45795052880593323"/>
            <fprob>0.0</fprob>
        </actor>
        <actor name="D0N39">
            <wcet number="0">30</wcet>
            <wcet number="1">60</wcet>
            <maxpow number="0.875445922302243"/>
            <maxpow number="0.875445922302243"/>
            <fprob>0.0</fprob>
        </actor>
        <actor name="D0N34">
            <wcet number="0">10</wcet>
            <wcet number="1">190</wcet>
            <maxpow number="0.6429658717966583"/>
            <maxpow number="0.6429658717966583"/>
            <fprob>0.0</fprob>
        </actor>
        <actor name="D0N26">
            <wcet number="0">40</wcet>
            <wcet number="1">70</wcet>
            <maxpow number="0.8556138532987752"/>
            <maxpow number="0.8556138532987752"/>
            <fprob>0.0</fprob>
        </actor>
        <actor name="D0N18">
            <wcet number="0">10</wcet>
            <wcet number="1">10</wcet>
            <maxpow number="0.5340313108194775"/>
            <maxpow number="0.5340313108194775"/>
            <fprob>0.0</fprob>
        </actor>
        <actor name="D0N21">
            <wcet number="0">50</wcet>
            <wcet number="1">50</wcet>
            <maxpow number="0.6592171050578406"/>
            <maxpow number="0.6592171050578406"/>
            <fprob>0.0</fprob>
        </actor>
        <actor name="D0N23">
            <wcet number="0">10</wcet>
            <wcet number="1">10</wcet>
            <maxpow number="0.7630583666874473"/>
            <maxpow number="0.7630583666874473"/>
            <fprob>0.0</fprob>
        </actor>
        <actor name="D0N24">
            <wcet number="0">40</wcet>
            <wcet number="1">60</wcet>
            <maxpow number="0.38164478890078"/>
            <maxpow number="0.38164478890078"/>
            <fprob>0.0</fprob>
        </actor>
        <actor name="D0N3">
            <wcet number="0">70</wcet>
            <wcet number="1">240</wcet>
            <maxpow number="0.5060149198879019"/>
            <maxpow number="0.5060149198879019"/>
            <fprob>0.0</fprob>
        </actor>
        <actor name="D0N29">
            <wcet number="0">10</wcet>
            <wcet number="1">20</wcet>
            <maxpow number="0.8260695447981172"/>
            <maxpow number="0.8260695447981172"/>
            <fprob>0.0</fprob>
        </actor>
        <actor name="D0N37">
            <wcet number="0">50</wcet>
            <wcet number="1">60</wcet>
            <maxpow number="0.2648961503010015"/>
            <maxpow number="0.2648961503010015"/>
            <fprob>0.0</fprob>
        </actor>
        <actor name="D0N28">
            <wcet number="0">110</wcet>
            <wcet number="1">150</wcet>
            <maxpow number="0.9804874394902313"/>
            <maxpow number="0.9804874394902313"/>
            <fprob>0.0</fprob>
        </actor>
        <actor name="D0N14">
            <wcet number="0">10</wcet>
            <wcet number="1">10</wcet>
            <maxpow number="0.36601934338393527"/>
            <maxpow number="0.36601934338393527"/>
            <fprob>0.0</fprob>
        </actor>
        <actor name="D0N22">
            <wcet number="0">170</wcet>
            <wcet number="1">300</wcet>
            <maxpow number="0.24767467327512466"/>
            <maxpow number="0.24767467327512466"/>
            <fprob>0.0</fprob>
        </actor>
        <actor name="D0N38">
            <wcet number="0">90</wcet>
            <wcet number="1">110</wcet>
            <maxpow number="0.6599365484714589"/>
            <maxpow number="0.6599365484714589"/>
            <fprob>0.0</fprob>
        </actor>
        <actor name="D0N9">
            <wcet number="0">60</wcet>
            <wcet number="1">100</wcet>
            <maxpow number="0.5803977032463823"/>
            <maxpow number="0.5803977032463823"/>
            <fprob>0.0</fprob>
        </actor>
        <actor name="D0N32">
            <wcet number="0">20</wcet>
            <wcet number="1">40</wcet>
            <maxpow number="0.2329719738966578"/>
            <maxpow number="0.2329719738966578"/>
            <fprob>0.0</fprob>
        </actor>
        <actor name="D0N5">
            <wcet number="0">20</wcet>
            <wcet number="1">30</wcet>
            <maxpow number="0.16156214658251444"/>
            <maxpow number="0.16156214658251444"/>
            <fprob>0.0</fprob>
        </actor>
        <actor name="D0N40">
            <wcet number="0">40</wcet>
            <wcet number="1">50</wcet>
            <maxpow number="0.7104278197714583"/>
            <maxpow number="0.7104278197714583"/>
            <fprob>0.0</fprob>
        </actor>
        <actor name="D0N11">
            <wcet number="0">40</wcet>
            <wcet number="1">60</wcet>
            <maxpow number="0.4432235921315153"/>
            <maxpow number="0.4432235921315153"/>
            <fprob>0.0</fprob>
        </actor>
        <actor name="D0N15">
            <wcet number="0">190</wcet>
            <wcet number="1">210</wcet>
            <maxpow number="0.6314247889953951"/>
            <maxpow number="0.6314247889953951"/>
            <fprob>0.0</fprob>
        </actor>
        <actor name="D0N19">
            <wcet number="0">10</wcet>
            <wcet number="1">120</wcet>
            <maxpow number="0.4171151248700349"/>
            <maxpow number="0.4171151248700349"/>
            <fprob>0.0</fprob>
        </actor>
        <actor name="D0N0">
            <wcet number="0">30</wcet>
            <wcet number="1">30</wcet>
            <maxpow number="0.3059842997955169"/>
            <maxpow number="0.3059842997955169"/>
            <fprob>0.0</fprob>
        </actor>
        <actor name="D0N27">
            <wcet number="0">10</wcet>
            <wcet number="1">10</wcet>
            <maxpow number="0.5850144417201455"/>
            <maxpow number="0.5850144417201455"/>
            <fprob>0.0</fprob>
        </actor>
        <actor name="D0N17">
            <wcet number="0">10</wcet>
            <wcet number="1">20</wcet>
            <maxpow number="0.904706394681031"/>
            <maxpow number="0.904706394681031"/>
            <fprob>0.0</fprob>
        </actor>
        <actor name="D0N35">
            <wcet number="0">60</wcet>
            <wcet number="1">60</wcet>
            <maxpow number="0.42500156841744996"/>
            <maxpow number="0.42500156841744996"/>
            <fprob>0.0</fprob>
        </actor>
        <actor name="D0N30">
            <wcet number="0">20</wcet>
            <wcet number="1">40</wcet>
            <maxpow number="0.5846757161740854"/>
            <maxpow number="0.5846757161740854"/>
            <fprob>0.0</fprob>
        </actor>
        <actor name="D0N10">
            <wcet number="0">40</wcet>
            <wcet number="1">50</wcet>
            <maxpow number="0.7229509627708358"/>
            <maxpow number="0.7229509627708358"/>
            <fprob>0.0</fprob>
        </actor>
        <actor name="D0N25">
            <wcet number="0">60</wcet>
            <wcet number="1">150</wcet>
            <maxpow number="0.296142816368463"/>
            <maxpow number="0.296142816368463"/>
            <fprob>0.0</fprob>
        </actor>
        <actor name="D0N1">
            <wcet number="0">90</wcet>
            <wcet number="1">100</wcet>
            <maxpow number="0.3014926498584922"/>
            <maxpow number="0.3014926498584922"/>
            <fprob>0.0</fprob>
        </actor>
        <actor name="D0N6">
            <wcet number="0">20</wcet>
            <wcet number="1">20</wcet>
            <maxpow number="0.7513483039441573"/>
            <maxpow number="0.7513483039441573"/>
            <fprob>0.0</fprob>
        </actor>
        <ports>
            <port dstActor="D0N33" name="p0" srcActor="D0N20"/>
            <port dstActor="D0N38" name="p1" srcActor="D0N33"/>
            <port dstActor="D0N28" name="p2" srcActor="D0N13"/>
            <port dstActor="D0N21" name="p3" srcActor="D0N4"/>
            <port dstActor="D0N23" name="p4" srcActor="D0N4"/>
            <port dstActor="D0N26" name="p5" srcActor="D0N12"/>
            <port dstActor="D0N5" name="p6" srcActor="D0N2"/>
            <port dstActor="D0N25" name="p7" srcActor="D0N2"/>
            <port dstActor="D0N40" name="p8" srcActor="D0N2"/>
            <port dstActor="D0N27" name="p9" srcActor="D0N16"/>
            <port dstActor="D0N40" name="p10" srcActor="D0N16"/>
            <port dstActor="D0N41" name="p11" srcActor="D0N16"/>
            <port dstActor="D0N42" name="p12" srcActor="D0N41"/>
            <port dstActor="D0N11" name="p13" srcActor="D0N7"/>
            <port dstActor="D0N41" name="p14" srcActor="D0N7"/>
            <port dstActor="D0N38" name="p15" srcActor="D0N7"/>
            <port dstActor="D0N40" name="p16" srcActor="D0N7"/>
            <port dstActor="D0N25" name="p17" srcActor="D0N8"/>
            <port dstActor="D0N21" name="p18" srcActor="D0N8"/>
            <port dstActor="D0N9" name="p19" srcActor="D0N8"/>
            <port dstActor="D0N36" name="p20" srcActor="D0N8"/>
            <port dstActor="D0N42" name="p21" srcActor="D0N8"/>
            <port dstActor="D0N29" name="p22" srcActor="D0N8"/>
            <port dstActor="D0N35" name="p23" srcActor="D0N34"/>
            <port dstActor="D0N34" name="p24" srcActor="D0N26"/>
            <port dstActor="D0N39" name="p25" srcActor="D0N26"/>
            <port dstActor="D0N37" name="p26" srcActor="D0N26"/>
            <port dstActor="D0N40" name="p27" srcActor="D0N26"/>
            <port dstActor="D0N37" name="p28" srcActor="D0N18"/>
            <port dstActor="D0N19" name="p29" srcActor="D0N18"/>
            <port dstActor="D0N29" name="p30" srcActor="D0N18"/>
            <port dstActor="D0N39" name="p31" srcActor="D0N18"/>
            <port dstActor="D0N23" name="p32" srcActor="D0N18"/>
            <port dstActor="D0N25" name="p33" srcActor="D0N18"/>
            <port dstActor="D0N21" name="p34" srcActor="D0N18"/>
            <port dstActor="D0N28" name="p35" srcActor="D0N21"/>
            <port dstActor="D0N24" name="p36" srcActor="D0N21"/>
            <port dstActor="D0N27" name="p37" srcActor="D0N21"/>
            <port dstActor="D0N40" name="p38" srcActor="D0N21"/>
            <port dstActor="D0N39" name="p39" srcActor="D0N21"/>
            <port dstActor="D0N30" name="p40" srcActor="D0N23"/>
            <port dstActor="D0N38" name="p41" srcActor="D0N23"/>
            <port dstActor="D0N26" name="p42" srcActor="D0N24"/>
            <port dstActor="D0N39" name="p43" srcActor="D0N24"/>
            <port dstActor="D0N34" name="p44" srcActor="D0N24"/>
            <port dstActor="D0N7" name="p45" srcActor="D0N3"/>
            <port dstActor="D0N35" name="p46" srcActor="D0N3"/>
            <port dstActor="D0N40" name="p47" srcActor="D0N3"/>
            <port dstActor="D0N19" name="p48" srcActor="D0N3"/>
            <port dstActor="D0N39" name="p49" srcActor="D0N29"/>
            <port dstActor="D0N32" name="p50" srcActor="D0N14"/>
            <port dstActor="D0N31" name="p51" srcActor="D0N14"/>
            <port dstActor="D0N42" name="p52" srcActor="D0N14"/>
            <port dstActor="D0N17" name="p53" srcActor="D0N14"/>
            <port dstActor="D0N28" name="p54" srcActor="D0N14"/>
            <port dstActor="D0N37" name="p55" srcActor="D0N22"/>
            <port dstActor="D0N34" name="p56" srcActor="D0N22"/>
            <port dstActor="D0N38" name="p57" srcActor="D0N22"/>
            <port dstActor="D0N40" name="p58" srcActor="D0N22"/>
            <port dstActor="D0N20" name="p59" srcActor="D0N9"/>
            <port dstActor="D0N28" name="p60" srcActor="D0N9"/>
            <port dstActor="D0N40" name="p61" srcActor="D0N9"/>
            <port dstActor="D0N24" name="p62" srcActor="D0N9"/>
            <port dstActor="D0N15" name="p63" srcActor="D0N9"/>
            <port dstActor="D0N37" name="p64" srcActor="D0N32"/>
            <port dstActor="D0N32" name="p65" srcActor="D0N5"/>
            <port dstActor="D0N36" name="p66" srcActor="D0N11"/>
            <port dstActor="D0N27" name="p67" srcActor="D0N11"/>
            <port dstActor="D0N42" name="p68" srcActor="D0N11"/>
            <port dstActor="D0N18" name="p69" srcActor="D0N11"/>
            <port dstActor="D0N34" name="p70" srcActor="D0N11"/>
            <port dstActor="D0N22" name="p71" srcActor="D0N15"/>
            <port dstActor="D0N39" name="p72" srcActor="D0N15"/>
            <port dstActor="D0N29" name="p73" srcActor="D0N15"/>
            <port dstActor="D0N38" name="p74" srcActor="D0N15"/>
            <port dstActor="D0N40" name="p75" srcActor="D0N15"/>
            <port dstActor="D0N30" name="p76" srcActor="D0N19"/>
            <port dstActor="D0N33" name="p77" srcActor="D0N19"/>
            <port dstActor="D0N40" name="p78" srcActor="D0N19"/>
            <port dstActor="D0N42" name="p79" srcActor="D0N19"/>
            <port dstActor="D0N14" name="p80" srcActor="D0N0"/>
            <port dstActor="D0N28" name="p81" srcActor="D0N0"/>
            <port dstActor="D0N1" name="p82" srcActor="D0N0"/>
            <port dstActor="D0N6" name="p83" srcActor="D0N0"/>
            <port dstActor="D0N4" name="p84" srcActor="D0N0"/>
            <port dstActor="D0N33" name="p85" srcActor="D0N27"/>
            <port dstActor="D0N28" name="p86" srcActor="D0N17"/>
            <port dstActor="D0N25" name="p87" srcActor="D0N17"/>
            <port dstActor="D0N23" name="p88" srcActor="D0N17"/>
            <port dstActor="D0N32" name="p89" srcActor="D0N17"/>
            <port dstActor="D0N41" name="p90" srcActor="D0N30"/>
            <port dstActor="D0N14" name="p91" srcActor="D0N10"/>
            <port dstActor="D0N31" name="p92" srcActor="D0N10"/>
            <port dstActor="D0N30" name="p93" srcActor="D0N25"/>
            <port dstActor="D0N29" name="p94" srcActor="D0N25"/>
            <port dstActor="D0N26" name="p95" srcActor="D0N25"/>
            <port dstActor="D0N5" name="p96" srcActor="D0N1"/>
            <port dstActor="D0N12" name="p97" srcActor="D0N1"/>
            <port dstActor="D0N16" name="p98" srcActor="D0N1"/>
            <port dstActor="D0N31" name="p99" srcActor="D0N1"/>
            <port dstActor="D0N9" name="p100" srcActor="D0N1"/>
            <port dstActor="D0N33" name="p101" srcActor="D0N6"/>
            <port dstActor="D0N12" name="p102" srcActor="D0N6"/>
            <port dstActor="D0N19" name="p103" srcActor="D0N6"/>
        </ports>
    </mcdag>
    <cores number="3"/>
    <levels number="2"/>
</mcsystem>
