<?xml version="1.0" encoding="UTF-8" standalone="no"?>
<mcsystem>
    <mcdag deadline="1000" name="genned-0-ed-10.0-0">
        <actor name="D0N5">
            <wcet number="0">40</wcet>
            <wcet number="1">40</wcet>
            <maxpow number="0.5178809699578578"/>
            <maxpow number="0.5178809699578578"/>
            <fprob>0.0</fprob>
        </actor>
        <actor name="D0N6">
            <wcet number="0">10</wcet>
            <wcet number="1">10</wcet>
            <maxpow number="0.5983841792048641"/>
            <maxpow number="0.5983841792048641"/>
            <fprob>0.0</fprob>
        </actor>
        <actor name="D0N17">
            <wcet number="0">20</wcet>
            <wcet number="1">20</wcet>
            <maxpow number="0.5142134936537868"/>
            <maxpow number="0.5142134936537868"/>
            <fprob>0.0</fprob>
        </actor>
        <actor name="D0N25">
            <wcet number="0">40</wcet>
            <wcet number="1">40</wcet>
            <maxpow number="0.3257026676530348"/>
            <maxpow number="0.3257026676530348"/>
            <fprob>0.0</fprob>
        </actor>
        <actor name="D0N4">
            <wcet number="0">100</wcet>
            <wcet number="1">180</wcet>
            <maxpow number="0.5254938792377015"/>
            <maxpow number="0.5254938792377015"/>
            <fprob>0.0</fprob>
        </actor>
        <actor name="D0N46">
            <wcet number="0">20</wcet>
            <wcet number="1">20</wcet>
            <maxpow number="0.6359599122696088"/>
            <maxpow number="0.6359599122696088"/>
            <fprob>0.0</fprob>
        </actor>
        <actor name="D0N9">
            <wcet number="0">20</wcet>
            <wcet number="1">20</wcet>
            <maxpow number="0.4864784388265445"/>
            <maxpow number="0.4864784388265445"/>
            <fprob>0.0</fprob>
        </actor>
        <actor name="D0N12">
            <wcet number="0">80</wcet>
            <wcet number="1">180</wcet>
            <maxpow number="0.579355626985172"/>
            <maxpow number="0.579355626985172"/>
            <fprob>0.0</fprob>
        </actor>
        <actor name="D0N33">
            <wcet number="0">70</wcet>
            <wcet number="1">70</wcet>
            <maxpow number="0.5797781132452275"/>
            <maxpow number="0.5797781132452275"/>
            <fprob>0.0</fprob>
        </actor>
        <actor name="D0N8">
            <wcet number="0">10</wcet>
            <wcet number="1">30</wcet>
            <maxpow number="0.7080954851733954"/>
            <maxpow number="0.7080954851733954"/>
            <fprob>0.0</fprob>
        </actor>
        <actor name="D0N34">
            <wcet number="0">10</wcet>
            <wcet number="1">100</wcet>
            <maxpow number="0.4290318457415548"/>
            <maxpow number="0.4290318457415548"/>
            <fprob>0.0</fprob>
        </actor>
        <actor name="D0N26">
            <wcet number="0">40</wcet>
            <wcet number="1">100</wcet>
            <maxpow number="0.45712020958265576"/>
            <maxpow number="0.45712020958265576"/>
            <fprob>0.0</fprob>
        </actor>
        <actor name="D0N13">
            <wcet number="0">20</wcet>
            <wcet number="1">20</wcet>
            <maxpow number="0.9066944875273273"/>
            <maxpow number="0.9066944875273273"/>
            <fprob>0.0</fprob>
        </actor>
        <actor name="D0N30">
            <wcet number="0">20</wcet>
            <wcet number="1">50</wcet>
            <maxpow number="0.2822365898221811"/>
            <maxpow number="0.2822365898221811"/>
            <fprob>0.0</fprob>
        </actor>
        <actor name="D0N38">
            <wcet number="0">30</wcet>
            <wcet number="1">30</wcet>
            <maxpow number="0.6335083384749896"/>
            <maxpow number="0.6335083384749896"/>
            <fprob>0.0</fprob>
        </actor>
        <actor name="D0N37">
            <wcet number="0">70</wcet>
            <wcet number="1">140</wcet>
            <maxpow number="0.35698890426956986"/>
            <maxpow number="0.35698890426956986"/>
            <fprob>0.0</fprob>
        </actor>
        <actor name="D0N28">
            <wcet number="0">20</wcet>
            <wcet number="1">20</wcet>
            <maxpow number="0.33088100890408645"/>
            <maxpow number="0.33088100890408645"/>
            <fprob>0.0</fprob>
        </actor>
        <actor name="D0N45">
            <wcet number="0">50</wcet>
            <wcet number="1">50</wcet>
            <maxpow number="0.8893184269411742"/>
            <maxpow number="0.8893184269411742"/>
            <fprob>0.0</fprob>
        </actor>
        <actor name="D0N47">
            <wcet number="0">30</wcet>
            <wcet number="1">50</wcet>
            <maxpow number="0.5618058814363875"/>
            <maxpow number="0.5618058814363875"/>
            <fprob>0.0</fprob>
        </actor>
        <actor name="D0N27">
            <wcet number="0">30</wcet>
            <wcet number="1">30</wcet>
            <maxpow number="0.48349488413651504"/>
            <maxpow number="0.48349488413651504"/>
            <fprob>0.0</fprob>
        </actor>
        <actor name="D0N31">
            <wcet number="0">50</wcet>
            <wcet number="1">60</wcet>
            <maxpow number="0.5130877858251941"/>
            <maxpow number="0.5130877858251941"/>
            <fprob>0.0</fprob>
        </actor>
        <actor name="D0N23">
            <wcet number="0">60</wcet>
            <wcet number="1">70</wcet>
            <maxpow number="0.40337498066859584"/>
            <maxpow number="0.40337498066859584"/>
            <fprob>0.0</fprob>
        </actor>
        <actor name="D0N32">
            <wcet number="0">10</wcet>
            <wcet number="1">10</wcet>
            <maxpow number="0.5613993093915401"/>
            <maxpow number="0.5613993093915401"/>
            <fprob>0.0</fprob>
        </actor>
        <actor name="D0N3">
            <wcet number="0">40</wcet>
            <wcet number="1">40</wcet>
            <maxpow number="0.6062113661236785"/>
            <maxpow number="0.6062113661236785"/>
            <fprob>0.0</fprob>
        </actor>
        <actor name="D0N29">
            <wcet number="0">30</wcet>
            <wcet number="1">100</wcet>
            <maxpow number="0.5271502615134869"/>
            <maxpow number="0.5271502615134869"/>
            <fprob>0.0</fprob>
        </actor>
        <actor name="D0N16">
            <wcet number="0">10</wcet>
            <wcet number="1">30</wcet>
            <maxpow number="0.5555353923379278"/>
            <maxpow number="0.5555353923379278"/>
            <fprob>0.0</fprob>
        </actor>
        <actor name="D0N36">
            <wcet number="0">30</wcet>
            <wcet number="1">30</wcet>
            <maxpow number="0.6526265692275"/>
            <maxpow number="0.6526265692275"/>
            <fprob>0.0</fprob>
        </actor>
        <actor name="D0N40">
            <wcet number="0">10</wcet>
            <wcet number="1">70</wcet>
            <maxpow number="0.29473958587048676"/>
            <maxpow number="0.29473958587048676"/>
            <fprob>0.0</fprob>
        </actor>
        <actor name="D0N22">
            <wcet number="0">10</wcet>
            <wcet number="1">20</wcet>
            <maxpow number="0.5140843011319215"/>
            <maxpow number="0.5140843011319215"/>
            <fprob>0.0</fprob>
        </actor>
        <actor name="D0N7">
            <wcet number="0">40</wcet>
            <wcet number="1">50</wcet>
            <maxpow number="0.5969091153255323"/>
            <maxpow number="0.5969091153255323"/>
            <fprob>0.0</fprob>
        </actor>
        <actor name="D0N0">
            <wcet number="0">20</wcet>
            <wcet number="1">70</wcet>
            <maxpow number="0.24911686141824352"/>
            <maxpow number="0.24911686141824352"/>
            <fprob>0.0</fprob>
        </actor>
        <actor name="D0N43">
            <wcet number="0">10</wcet>
            <wcet number="1">10</wcet>
            <maxpow number="0.39156234630803605"/>
            <maxpow number="0.39156234630803605"/>
            <fprob>0.0</fprob>
        </actor>
        <actor name="D0N39">
            <wcet number="0">20</wcet>
            <wcet number="1">30</wcet>
            <maxpow number="0.30927010664548493"/>
            <maxpow number="0.30927010664548493"/>
            <fprob>0.0</fprob>
        </actor>
        <actor name="D0N11">
            <wcet number="0">30</wcet>
            <wcet number="1">30</wcet>
            <maxpow number="0.4429135828897999"/>
            <maxpow number="0.4429135828897999"/>
            <fprob>0.0</fprob>
        </actor>
        <actor name="D0N10">
            <wcet number="0">70</wcet>
            <wcet number="1">90</wcet>
            <maxpow number="0.7421680475388146"/>
            <maxpow number="0.7421680475388146"/>
            <fprob>0.0</fprob>
        </actor>
        <actor name="D0N24">
            <wcet number="0">40</wcet>
            <wcet number="1">50</wcet>
            <maxpow number="0.8304644182721552"/>
            <maxpow number="0.8304644182721552"/>
            <fprob>0.0</fprob>
        </actor>
        <actor name="D0N35">
            <wcet number="0">30</wcet>
            <wcet number="1">30</wcet>
            <maxpow number="0.5706228582112473"/>
            <maxpow number="0.5706228582112473"/>
            <fprob>0.0</fprob>
        </actor>
        <actor name="D0N14">
            <wcet number="0">70</wcet>
            <wcet number="1">90</wcet>
            <maxpow number="0.36988638239034816"/>
            <maxpow number="0.36988638239034816"/>
            <fprob>0.0</fprob>
        </actor>
        <actor name="D0N44">
            <wcet number="0">30</wcet>
            <wcet number="1">40</wcet>
            <maxpow number="0.4841337501280657"/>
            <maxpow number="0.4841337501280657"/>
            <fprob>0.0</fprob>
        </actor>
        <actor name="D0N19">
            <wcet number="0">10</wcet>
            <wcet number="1">30</wcet>
            <maxpow number="0.7163602915287439"/>
            <maxpow number="0.7163602915287439"/>
            <fprob>0.0</fprob>
        </actor>
        <actor name="D0N1">
            <wcet number="0">20</wcet>
            <wcet number="1">20</wcet>
            <maxpow number="0.29518944257713337"/>
            <maxpow number="0.29518944257713337"/>
            <fprob>0.0</fprob>
        </actor>
        <actor name="D0N18">
            <wcet number="0">120</wcet>
            <wcet number="1">150</wcet>
            <maxpow number="0.800367822837512"/>
            <maxpow number="0.800367822837512"/>
            <fprob>0.0</fprob>
        </actor>
        <actor name="D0N2">
            <wcet number="0">20</wcet>
            <wcet number="1">80</wcet>
            <maxpow number="0.8023460240836022"/>
            <maxpow number="0.8023460240836022"/>
            <fprob>0.0</fprob>
        </actor>
        <actor name="D0N15">
            <wcet number="0">20</wcet>
            <wcet number="1">20</wcet>
            <maxpow number="0.7349288996265676"/>
            <maxpow number="0.7349288996265676"/>
            <fprob>0.0</fprob>
        </actor>
        <actor name="D0N41">
            <wcet number="0">60</wcet>
            <wcet number="1">80</wcet>
            <maxpow number="0.7538763484199726"/>
            <maxpow number="0.7538763484199726"/>
            <fprob>0.0</fprob>
        </actor>
        <actor name="D0N21">
            <wcet number="0">20</wcet>
            <wcet number="1">30</wcet>
            <maxpow number="0.5232336733947964"/>
            <maxpow number="0.5232336733947964"/>
            <fprob>0.0</fprob>
        </actor>
        <actor name="D0N20">
            <wcet number="0">10</wcet>
            <wcet number="1">10</wcet>
            <maxpow number="0.2707576603969102"/>
            <maxpow number="0.2707576603969102"/>
            <fprob>0.0</fprob>
        </actor>
        <actor name="D0N42">
            <wcet number="0">60</wcet>
            <wcet number="1">60</wcet>
            <maxpow number="0.5853317686827537"/>
            <maxpow number="0.5853317686827537"/>
            <fprob>0.0</fprob>
        </actor>
        <ports>
            <port dstActor="D0N9" name="p0" srcActor="D0N6"/>
            <port dstActor="D0N21" name="p1" srcActor="D0N6"/>
            <port dstActor="D0N29" name="p2" srcActor="D0N17"/>
            <port dstActor="D0N33" name="p3" srcActor="D0N17"/>
            <port dstActor="D0N37" name="p4" srcActor="D0N17"/>
            <port dstActor="D0N37" name="p5" srcActor="D0N25"/>
            <port dstActor="D0N39" name="p6" srcActor="D0N25"/>
            <port dstActor="D0N45" name="p7" srcActor="D0N25"/>
            <port dstActor="D0N31" name="p8" srcActor="D0N4"/>
            <port dstActor="D0N9" name="p9" srcActor="D0N4"/>
            <port dstActor="D0N23" name="p10" srcActor="D0N4"/>
            <port dstActor="D0N34" name="p11" srcActor="D0N4"/>
            <port dstActor="D0N25" name="p12" srcActor="D0N9"/>
            <port dstActor="D0N18" name="p13" srcActor="D0N9"/>
            <port dstActor="D0N41" name="p14" srcActor="D0N9"/>
            <port dstActor="D0N42" name="p15" srcActor="D0N9"/>
            <port dstActor="D0N17" name="p16" srcActor="D0N12"/>
            <port dstActor="D0N37" name="p17" srcActor="D0N33"/>
            <port dstActor="D0N22" name="p18" srcActor="D0N8"/>
            <port dstActor="D0N9" name="p19" srcActor="D0N8"/>
            <port dstActor="D0N11" name="p20" srcActor="D0N8"/>
            <port dstActor="D0N41" name="p21" srcActor="D0N34"/>
            <port dstActor="D0N45" name="p22" srcActor="D0N34"/>
            <port dstActor="D0N35" name="p23" srcActor="D0N26"/>
            <port dstActor="D0N36" name="p24" srcActor="D0N26"/>
            <port dstActor="D0N43" name="p25" srcActor="D0N30"/>
            <port dstActor="D0N38" name="p26" srcActor="D0N30"/>
            <port dstActor="D0N39" name="p27" srcActor="D0N30"/>
            <port dstActor="D0N47" name="p28" srcActor="D0N30"/>
            <port dstActor="D0N41" name="p29" srcActor="D0N38"/>
            <port dstActor="D0N40" name="p30" srcActor="D0N38"/>
            <port dstActor="D0N44" name="p31" srcActor="D0N37"/>
            <port dstActor="D0N31" name="p32" srcActor="D0N28"/>
            <port dstActor="D0N29" name="p33" srcActor="D0N27"/>
            <port dstActor="D0N30" name="p34" srcActor="D0N27"/>
            <port dstActor="D0N37" name="p35" srcActor="D0N27"/>
            <port dstActor="D0N34" name="p36" srcActor="D0N31"/>
            <port dstActor="D0N39" name="p37" srcActor="D0N31"/>
            <port dstActor="D0N36" name="p38" srcActor="D0N31"/>
            <port dstActor="D0N31" name="p39" srcActor="D0N23"/>
            <port dstActor="D0N28" name="p40" srcActor="D0N23"/>
            <port dstActor="D0N36" name="p41" srcActor="D0N23"/>
            <port dstActor="D0N43" name="p42" srcActor="D0N32"/>
            <port dstActor="D0N36" name="p43" srcActor="D0N32"/>
            <port dstActor="D0N39" name="p44" srcActor="D0N32"/>
            <port dstActor="D0N19" name="p45" srcActor="D0N3"/>
            <port dstActor="D0N17" name="p46" srcActor="D0N3"/>
            <port dstActor="D0N45" name="p47" srcActor="D0N3"/>
            <port dstActor="D0N40" name="p48" srcActor="D0N29"/>
            <port dstActor="D0N44" name="p49" srcActor="D0N29"/>
            <port dstActor="D0N22" name="p50" srcActor="D0N16"/>
            <port dstActor="D0N23" name="p51" srcActor="D0N16"/>
            <port dstActor="D0N44" name="p52" srcActor="D0N36"/>
            <port dstActor="D0N38" name="p53" srcActor="D0N36"/>
            <port dstActor="D0N46" name="p54" srcActor="D0N22"/>
            <port dstActor="D0N25" name="p55" srcActor="D0N22"/>
            <port dstActor="D0N36" name="p56" srcActor="D0N22"/>
            <port dstActor="D0N17" name="p57" srcActor="D0N7"/>
            <port dstActor="D0N15" name="p58" srcActor="D0N7"/>
            <port dstActor="D0N41" name="p59" srcActor="D0N7"/>
            <port dstActor="D0N24" name="p60" srcActor="D0N0"/>
            <port dstActor="D0N25" name="p61" srcActor="D0N0"/>
            <port dstActor="D0N5" name="p62" srcActor="D0N0"/>
            <port dstActor="D0N43" name="p63" srcActor="D0N39"/>
            <port dstActor="D0N24" name="p64" srcActor="D0N11"/>
            <port dstActor="D0N38" name="p65" srcActor="D0N11"/>
            <port dstActor="D0N43" name="p66" srcActor="D0N10"/>
            <port dstActor="D0N47" name="p67" srcActor="D0N10"/>
            <port dstActor="D0N38" name="p68" srcActor="D0N10"/>
            <port dstActor="D0N14" name="p69" srcActor="D0N10"/>
            <port dstActor="D0N30" name="p70" srcActor="D0N10"/>
            <port dstActor="D0N16" name="p71" srcActor="D0N10"/>
            <port dstActor="D0N31" name="p72" srcActor="D0N24"/>
            <port dstActor="D0N45" name="p73" srcActor="D0N24"/>
            <port dstActor="D0N38" name="p74" srcActor="D0N24"/>
            <port dstActor="D0N29" name="p75" srcActor="D0N24"/>
            <port dstActor="D0N44" name="p76" srcActor="D0N35"/>
            <port dstActor="D0N40" name="p77" srcActor="D0N14"/>
            <port dstActor="D0N17" name="p78" srcActor="D0N14"/>
            <port dstActor="D0N34" name="p79" srcActor="D0N14"/>
            <port dstActor="D0N25" name="p80" srcActor="D0N19"/>
            <port dstActor="D0N44" name="p81" srcActor="D0N19"/>
            <port dstActor="D0N36" name="p82" srcActor="D0N19"/>
            <port dstActor="D0N3" name="p83" srcActor="D0N1"/>
            <port dstActor="D0N7" name="p84" srcActor="D0N1"/>
            <port dstActor="D0N26" name="p85" srcActor="D0N1"/>
            <port dstActor="D0N19" name="p86" srcActor="D0N1"/>
            <port dstActor="D0N23" name="p87" srcActor="D0N1"/>
            <port dstActor="D0N2" name="p88" srcActor="D0N1"/>
            <port dstActor="D0N22" name="p89" srcActor="D0N1"/>
            <port dstActor="D0N43" name="p90" srcActor="D0N1"/>
            <port dstActor="D0N38" name="p91" srcActor="D0N18"/>
            <port dstActor="D0N32" name="p92" srcActor="D0N18"/>
            <port dstActor="D0N21" name="p93" srcActor="D0N18"/>
            <port dstActor="D0N24" name="p94" srcActor="D0N18"/>
            <port dstActor="D0N18" name="p95" srcActor="D0N2"/>
            <port dstActor="D0N14" name="p96" srcActor="D0N2"/>
            <port dstActor="D0N35" name="p97" srcActor="D0N2"/>
            <port dstActor="D0N22" name="p98" srcActor="D0N15"/>
            <port dstActor="D0N45" name="p99" srcActor="D0N41"/>
            <port dstActor="D0N25" name="p100" srcActor="D0N21"/>
            <port dstActor="D0N47" name="p101" srcActor="D0N21"/>
            <port dstActor="D0N46" name="p102" srcActor="D0N20"/>
            <port dstActor="D0N41" name="p103" srcActor="D0N20"/>
            <port dstActor="D0N27" name="p104" srcActor="D0N20"/>
            <port dstActor="D0N21" name="p105" srcActor="D0N20"/>
            <port dstActor="D0N43" name="p106" srcActor="D0N20"/>
            <port dstActor="D0N44" name="p107" srcActor="D0N42"/>
        </ports>
    </mcdag>
    <cores number="3"/>
    <levels number="2"/>
</mcsystem>
