<?xml version="1.0" encoding="UTF-8" standalone="no"?>
<mcsystem>
    <mcdag deadline="1000" name="genned-0-ed-10.0-0">
        <actor name="D0N3">
            <wcet number="0">10</wcet>
            <wcet number="1">20</wcet>
            <maxpow number="0.4658409850783615"/>
            <maxpow number="0.4658409850783615"/>
            <fprob>0.0</fprob>
        </actor>
        <actor name="D0N29">
            <wcet number="0">40</wcet>
            <wcet number="1">60</wcet>
            <maxpow number="0.2920316799898808"/>
            <maxpow number="0.2920316799898808"/>
            <fprob>0.0</fprob>
        </actor>
        <actor name="D0N28">
            <wcet number="0">20</wcet>
            <wcet number="1">40</wcet>
            <maxpow number="0.6540635374967162"/>
            <maxpow number="0.6540635374967162"/>
            <fprob>0.0</fprob>
        </actor>
        <actor name="D0N33">
            <wcet number="0">10</wcet>
            <wcet number="1">10</wcet>
            <maxpow number="0.6853700431509117"/>
            <maxpow number="0.6853700431509117"/>
            <fprob>0.0</fprob>
        </actor>
        <actor name="D0N9">
            <wcet number="0">20</wcet>
            <wcet number="1">20</wcet>
            <maxpow number="0.4513300267318222"/>
            <maxpow number="0.4513300267318222"/>
            <fprob>0.0</fprob>
        </actor>
        <actor name="D0N11">
            <wcet number="0">10</wcet>
            <wcet number="1">30</wcet>
            <maxpow number="0.47379033407354354"/>
            <maxpow number="0.47379033407354354"/>
            <fprob>0.0</fprob>
        </actor>
        <actor name="D0N21">
            <wcet number="0">10</wcet>
            <wcet number="1">10</wcet>
            <maxpow number="0.5672876647376652"/>
            <maxpow number="0.5672876647376652"/>
            <fprob>0.0</fprob>
        </actor>
        <actor name="D0N1">
            <wcet number="0">200</wcet>
            <wcet number="1">260</wcet>
            <maxpow number="0.5990439076264541"/>
            <maxpow number="0.5990439076264541"/>
            <fprob>0.0</fprob>
        </actor>
        <actor name="D0N22">
            <wcet number="0">20</wcet>
            <wcet number="1">20</wcet>
            <maxpow number="0.3787769611375744"/>
            <maxpow number="0.3787769611375744"/>
            <fprob>0.0</fprob>
        </actor>
        <actor name="D0N8">
            <wcet number="0">10</wcet>
            <wcet number="1">30</wcet>
            <maxpow number="0.34410523967709333"/>
            <maxpow number="0.34410523967709333"/>
            <fprob>0.0</fprob>
        </actor>
        <actor name="D0N40">
            <wcet number="0">10</wcet>
            <wcet number="1">10</wcet>
            <maxpow number="0.7206959729699365"/>
            <maxpow number="0.7206959729699365"/>
            <fprob>0.0</fprob>
        </actor>
        <actor name="D0N6">
            <wcet number="0">20</wcet>
            <wcet number="1">50</wcet>
            <maxpow number="0.9305166180388036"/>
            <maxpow number="0.9305166180388036"/>
            <fprob>0.0</fprob>
        </actor>
        <actor name="D0N2">
            <wcet number="0">10</wcet>
            <wcet number="1">10</wcet>
            <maxpow number="0.648814076712473"/>
            <maxpow number="0.648814076712473"/>
            <fprob>0.0</fprob>
        </actor>
        <actor name="D0N4">
            <wcet number="0">10</wcet>
            <wcet number="1">70</wcet>
            <maxpow number="0.5528390536064123"/>
            <maxpow number="0.5528390536064123"/>
            <fprob>0.0</fprob>
        </actor>
        <actor name="D0N12">
            <wcet number="0">20</wcet>
            <wcet number="1">50</wcet>
            <maxpow number="0.3205661865372311"/>
            <maxpow number="0.3205661865372311"/>
            <fprob>0.0</fprob>
        </actor>
        <actor name="D0N24">
            <wcet number="0">130</wcet>
            <wcet number="1">140</wcet>
            <maxpow number="0.5109970742409421"/>
            <maxpow number="0.5109970742409421"/>
            <fprob>0.0</fprob>
        </actor>
        <actor name="D0N15">
            <wcet number="0">20</wcet>
            <wcet number="1">20</wcet>
            <maxpow number="0.7825795906967781"/>
            <maxpow number="0.7825795906967781"/>
            <fprob>0.0</fprob>
        </actor>
        <actor name="D0N7">
            <wcet number="0">20</wcet>
            <wcet number="1">90</wcet>
            <maxpow number="0.7896329468457629"/>
            <maxpow number="0.7896329468457629"/>
            <fprob>0.0</fprob>
        </actor>
        <actor name="D0N31">
            <wcet number="0">10</wcet>
            <wcet number="1">10</wcet>
            <maxpow number="0.5639322673767421"/>
            <maxpow number="0.5639322673767421"/>
            <fprob>0.0</fprob>
        </actor>
        <actor name="D0N19">
            <wcet number="0">40</wcet>
            <wcet number="1">80</wcet>
            <maxpow number="0.6493327281205881"/>
            <maxpow number="0.6493327281205881"/>
            <fprob>0.0</fprob>
        </actor>
        <actor name="D0N18">
            <wcet number="0">50</wcet>
            <wcet number="1">160</wcet>
            <maxpow number="0.46722105584751106"/>
            <maxpow number="0.46722105584751106"/>
            <fprob>0.0</fprob>
        </actor>
        <actor name="D0N32">
            <wcet number="0">10</wcet>
            <wcet number="1">70</wcet>
            <maxpow number="0.2580511478011454"/>
            <maxpow number="0.2580511478011454"/>
            <fprob>0.0</fprob>
        </actor>
        <actor name="D0N16">
            <wcet number="0">150</wcet>
            <wcet number="1">200</wcet>
            <maxpow number="0.223721551086703"/>
            <maxpow number="0.223721551086703"/>
            <fprob>0.0</fprob>
        </actor>
        <actor name="D0N30">
            <wcet number="0">20</wcet>
            <wcet number="1">40</wcet>
            <maxpow number="0.5740897114731868"/>
            <maxpow number="0.5740897114731868"/>
            <fprob>0.0</fprob>
        </actor>
        <actor name="D0N10">
            <wcet number="0">10</wcet>
            <wcet number="1">10</wcet>
            <maxpow number="0.6341907495380403"/>
            <maxpow number="0.6341907495380403"/>
            <fprob>0.0</fprob>
        </actor>
        <actor name="D0N38">
            <wcet number="0">20</wcet>
            <wcet number="1">30</wcet>
            <maxpow number="0.71619824898161"/>
            <maxpow number="0.71619824898161"/>
            <fprob>0.0</fprob>
        </actor>
        <actor name="D0N41">
            <wcet number="0">30</wcet>
            <wcet number="1">50</wcet>
            <maxpow number="0.2743454580152642"/>
            <maxpow number="0.2743454580152642"/>
            <fprob>0.0</fprob>
        </actor>
        <actor name="D0N26">
            <wcet number="0">20</wcet>
            <wcet number="1">20</wcet>
            <maxpow number="0.3231319340467912"/>
            <maxpow number="0.3231319340467912"/>
            <fprob>0.0</fprob>
        </actor>
        <actor name="D0N42">
            <wcet number="0">10</wcet>
            <wcet number="1">10</wcet>
            <maxpow number="0.5104411912384997"/>
            <maxpow number="0.5104411912384997"/>
            <fprob>0.0</fprob>
        </actor>
        <actor name="D0N20">
            <wcet number="0">20</wcet>
            <wcet number="1">40</wcet>
            <maxpow number="0.580372330118002"/>
            <maxpow number="0.580372330118002"/>
            <fprob>0.0</fprob>
        </actor>
        <actor name="D0N14">
            <wcet number="0">10</wcet>
            <wcet number="1">20</wcet>
            <maxpow number="0.6889510531463523"/>
            <maxpow number="0.6889510531463523"/>
            <fprob>0.0</fprob>
        </actor>
        <actor name="D0N23">
            <wcet number="0">10</wcet>
            <wcet number="1">10</wcet>
            <maxpow number="0.7115559707977597"/>
            <maxpow number="0.7115559707977597"/>
            <fprob>0.0</fprob>
        </actor>
        <actor name="D0N34">
            <wcet number="0">10</wcet>
            <wcet number="1">10</wcet>
            <maxpow number="0.4646673789175296"/>
            <maxpow number="0.4646673789175296"/>
            <fprob>0.0</fprob>
        </actor>
        <actor name="D0N0">
            <wcet number="0">30</wcet>
            <wcet number="1">30</wcet>
            <maxpow number="0.6110400010777521"/>
            <maxpow number="0.6110400010777521"/>
            <fprob>0.0</fprob>
        </actor>
        <actor name="D0N36">
            <wcet number="0">10</wcet>
            <wcet number="1">10</wcet>
            <maxpow number="0.5908442133507068"/>
            <maxpow number="0.5908442133507068"/>
            <fprob>0.0</fprob>
        </actor>
        <actor name="D0N17">
            <wcet number="0">10</wcet>
            <wcet number="1">30</wcet>
            <maxpow number="0.7543193505991355"/>
            <maxpow number="0.7543193505991355"/>
            <fprob>0.0</fprob>
        </actor>
        <actor name="D0N13">
            <wcet number="0">10</wcet>
            <wcet number="1">20</wcet>
            <maxpow number="0.5686703187813936"/>
            <maxpow number="0.5686703187813936"/>
            <fprob>0.0</fprob>
        </actor>
        <actor name="D0N35">
            <wcet number="0">10</wcet>
            <wcet number="1">40</wcet>
            <maxpow number="0.5344009387194414"/>
            <maxpow number="0.5344009387194414"/>
            <fprob>0.0</fprob>
        </actor>
        <actor name="D0N27">
            <wcet number="0">50</wcet>
            <wcet number="1">70</wcet>
            <maxpow number="0.5980144761627425"/>
            <maxpow number="0.5980144761627425"/>
            <fprob>0.0</fprob>
        </actor>
        <actor name="D0N37">
            <wcet number="0">10</wcet>
            <wcet number="1">60</wcet>
            <maxpow number="0.4700886483229276"/>
            <maxpow number="0.4700886483229276"/>
            <fprob>0.0</fprob>
        </actor>
        <actor name="D0N25">
            <wcet number="0">10</wcet>
            <wcet number="1">10</wcet>
            <maxpow number="0.5147754041535482"/>
            <maxpow number="0.5147754041535482"/>
            <fprob>0.0</fprob>
        </actor>
        <actor name="D0N5">
            <wcet number="0">10</wcet>
            <wcet number="1">10</wcet>
            <maxpow number="0.7335715942001387"/>
            <maxpow number="0.7335715942001387"/>
            <fprob>0.0</fprob>
        </actor>
        <actor name="D0N39">
            <wcet number="0">10</wcet>
            <wcet number="1">20</wcet>
            <maxpow number="0.43379279111995644"/>
            <maxpow number="0.43379279111995644"/>
            <fprob>0.0</fprob>
        </actor>
        <ports>
            <port dstActor="D0N16" name="p0" srcActor="D0N3"/>
            <port dstActor="D0N36" name="p1" srcActor="D0N3"/>
            <port dstActor="D0N15" name="p2" srcActor="D0N3"/>
            <port dstActor="D0N38" name="p3" srcActor="D0N3"/>
            <port dstActor="D0N33" name="p4" srcActor="D0N29"/>
            <port dstActor="D0N41" name="p5" srcActor="D0N28"/>
            <port dstActor="D0N36" name="p6" srcActor="D0N33"/>
            <port dstActor="D0N29" name="p7" srcActor="D0N9"/>
            <port dstActor="D0N31" name="p8" srcActor="D0N9"/>
            <port dstActor="D0N26" name="p9" srcActor="D0N9"/>
            <port dstActor="D0N36" name="p10" srcActor="D0N9"/>
            <port dstActor="D0N19" name="p11" srcActor="D0N9"/>
            <port dstActor="D0N16" name="p12" srcActor="D0N9"/>
            <port dstActor="D0N42" name="p13" srcActor="D0N11"/>
            <port dstActor="D0N22" name="p14" srcActor="D0N11"/>
            <port dstActor="D0N27" name="p15" srcActor="D0N11"/>
            <port dstActor="D0N21" name="p16" srcActor="D0N11"/>
            <port dstActor="D0N29" name="p17" srcActor="D0N11"/>
            <port dstActor="D0N13" name="p18" srcActor="D0N11"/>
            <port dstActor="D0N17" name="p19" srcActor="D0N11"/>
            <port dstActor="D0N25" name="p20" srcActor="D0N21"/>
            <port dstActor="D0N36" name="p21" srcActor="D0N21"/>
            <port dstActor="D0N17" name="p22" srcActor="D0N1"/>
            <port dstActor="D0N26" name="p23" srcActor="D0N1"/>
            <port dstActor="D0N27" name="p24" srcActor="D0N1"/>
            <port dstActor="D0N3" name="p25" srcActor="D0N1"/>
            <port dstActor="D0N38" name="p26" srcActor="D0N1"/>
            <port dstActor="D0N18" name="p27" srcActor="D0N1"/>
            <port dstActor="D0N42" name="p28" srcActor="D0N22"/>
            <port dstActor="D0N35" name="p29" srcActor="D0N22"/>
            <port dstActor="D0N40" name="p30" srcActor="D0N22"/>
            <port dstActor="D0N10" name="p31" srcActor="D0N8"/>
            <port dstActor="D0N8" name="p32" srcActor="D0N6"/>
            <port dstActor="D0N26" name="p33" srcActor="D0N6"/>
            <port dstActor="D0N24" name="p34" srcActor="D0N2"/>
            <port dstActor="D0N11" name="p35" srcActor="D0N2"/>
            <port dstActor="D0N8" name="p36" srcActor="D0N2"/>
            <port dstActor="D0N29" name="p37" srcActor="D0N2"/>
            <port dstActor="D0N26" name="p38" srcActor="D0N4"/>
            <port dstActor="D0N13" name="p39" srcActor="D0N4"/>
            <port dstActor="D0N15" name="p40" srcActor="D0N4"/>
            <port dstActor="D0N27" name="p41" srcActor="D0N4"/>
            <port dstActor="D0N29" name="p42" srcActor="D0N12"/>
            <port dstActor="D0N28" name="p43" srcActor="D0N12"/>
            <port dstActor="D0N39" name="p44" srcActor="D0N24"/>
            <port dstActor="D0N28" name="p45" srcActor="D0N24"/>
            <port dstActor="D0N41" name="p46" srcActor="D0N15"/>
            <port dstActor="D0N37" name="p47" srcActor="D0N15"/>
            <port dstActor="D0N22" name="p48" srcActor="D0N15"/>
            <port dstActor="D0N33" name="p49" srcActor="D0N15"/>
            <port dstActor="D0N24" name="p50" srcActor="D0N7"/>
            <port dstActor="D0N19" name="p51" srcActor="D0N7"/>
            <port dstActor="D0N18" name="p52" srcActor="D0N7"/>
            <port dstActor="D0N29" name="p53" srcActor="D0N7"/>
            <port dstActor="D0N34" name="p54" srcActor="D0N7"/>
            <port dstActor="D0N37" name="p55" srcActor="D0N7"/>
            <port dstActor="D0N36" name="p56" srcActor="D0N31"/>
            <port dstActor="D0N26" name="p57" srcActor="D0N19"/>
            <port dstActor="D0N39" name="p58" srcActor="D0N19"/>
            <port dstActor="D0N40" name="p59" srcActor="D0N18"/>
            <port dstActor="D0N39" name="p60" srcActor="D0N32"/>
            <port dstActor="D0N35" name="p61" srcActor="D0N32"/>
            <port dstActor="D0N28" name="p62" srcActor="D0N16"/>
            <port dstActor="D0N42" name="p63" srcActor="D0N16"/>
            <port dstActor="D0N34" name="p64" srcActor="D0N16"/>
            <port dstActor="D0N24" name="p65" srcActor="D0N16"/>
            <port dstActor="D0N40" name="p66" srcActor="D0N16"/>
            <port dstActor="D0N33" name="p67" srcActor="D0N30"/>
            <port dstActor="D0N41" name="p68" srcActor="D0N30"/>
            <port dstActor="D0N39" name="p69" srcActor="D0N30"/>
            <port dstActor="D0N33" name="p70" srcActor="D0N10"/>
            <port dstActor="D0N11" name="p71" srcActor="D0N10"/>
            <port dstActor="D0N27" name="p72" srcActor="D0N10"/>
            <port dstActor="D0N42" name="p73" srcActor="D0N38"/>
            <port dstActor="D0N40" name="p74" srcActor="D0N26"/>
            <port dstActor="D0N42" name="p75" srcActor="D0N26"/>
            <port dstActor="D0N34" name="p76" srcActor="D0N26"/>
            <port dstActor="D0N23" name="p77" srcActor="D0N20"/>
            <port dstActor="D0N42" name="p78" srcActor="D0N14"/>
            <port dstActor="D0N33" name="p79" srcActor="D0N14"/>
            <port dstActor="D0N35" name="p80" srcActor="D0N14"/>
            <port dstActor="D0N39" name="p81" srcActor="D0N14"/>
            <port dstActor="D0N29" name="p82" srcActor="D0N14"/>
            <port dstActor="D0N33" name="p83" srcActor="D0N23"/>
            <port dstActor="D0N35" name="p84" srcActor="D0N34"/>
            <port dstActor="D0N38" name="p85" srcActor="D0N34"/>
            <port dstActor="D0N5" name="p86" srcActor="D0N0"/>
            <port dstActor="D0N35" name="p87" srcActor="D0N0"/>
            <port dstActor="D0N15" name="p88" srcActor="D0N0"/>
            <port dstActor="D0N25" name="p89" srcActor="D0N17"/>
            <port dstActor="D0N24" name="p90" srcActor="D0N17"/>
            <port dstActor="D0N30" name="p91" srcActor="D0N13"/>
            <port dstActor="D0N36" name="p92" srcActor="D0N35"/>
            <port dstActor="D0N39" name="p93" srcActor="D0N27"/>
            <port dstActor="D0N32" name="p94" srcActor="D0N25"/>
            <port dstActor="D0N26" name="p95" srcActor="D0N5"/>
            <port dstActor="D0N39" name="p96" srcActor="D0N5"/>
            <port dstActor="D0N29" name="p97" srcActor="D0N5"/>
            <port dstActor="D0N41" name="p98" srcActor="D0N5"/>
        </ports>
    </mcdag>
    <cores number="2"/>
    <levels number="2"/>
</mcsystem>
