<?xml version="1.0" encoding="UTF-8" standalone="no"?>
<mcsystem>
    <mcdag deadline="1800" name="genned-0-ed-10.0-0">
        <actor name="D0N28">
            <wcet number="0">20</wcet>
            <wcet number="1">70</wcet>
            <maxpow number="0.3848345291638107"/>
            <maxpow number="0.3848345291638107"/>
            <fprob>0.0</fprob>
        </actor>
        <actor name="D0N4">
            <wcet number="0">50</wcet>
            <wcet number="1">80</wcet>
            <maxpow number="0.860036792963238"/>
            <maxpow number="0.860036792963238"/>
            <fprob>0.0</fprob>
        </actor>
        <actor name="D0N24">
            <wcet number="0">110</wcet>
            <wcet number="1">170</wcet>
            <maxpow number="0.446880694731843"/>
            <maxpow number="0.446880694731843"/>
            <fprob>0.0</fprob>
        </actor>
        <actor name="D0N30">
            <wcet number="0">60</wcet>
            <wcet number="1">70</wcet>
            <maxpow number="0.4329011575062902"/>
            <maxpow number="0.4329011575062902"/>
            <fprob>0.0</fprob>
        </actor>
        <actor name="D0N8">
            <wcet number="0">50</wcet>
            <wcet number="1">170</wcet>
            <maxpow number="0.38344465202356093"/>
            <maxpow number="0.38344465202356093"/>
            <fprob>0.0</fprob>
        </actor>
        <actor name="D0N27">
            <wcet number="0">110</wcet>
            <wcet number="1">260</wcet>
            <maxpow number="0.54516617871555"/>
            <maxpow number="0.54516617871555"/>
            <fprob>0.0</fprob>
        </actor>
        <actor name="D0N45">
            <wcet number="0">60</wcet>
            <wcet number="1">60</wcet>
            <maxpow number="0.23748336187515412"/>
            <maxpow number="0.23748336187515412"/>
            <fprob>0.0</fprob>
        </actor>
        <actor name="D0N13">
            <wcet number="0">10</wcet>
            <wcet number="1">90</wcet>
            <maxpow number="0.6793633700354245"/>
            <maxpow number="0.6793633700354245"/>
            <fprob>0.0</fprob>
        </actor>
        <actor name="D0N22">
            <wcet number="0">320</wcet>
            <wcet number="1">340</wcet>
            <maxpow number="0.43651476572987946"/>
            <maxpow number="0.43651476572987946"/>
            <fprob>0.0</fprob>
        </actor>
        <actor name="D0N42">
            <wcet number="0">60</wcet>
            <wcet number="1">150</wcet>
            <maxpow number="0.6644508563743607"/>
            <maxpow number="0.6644508563743607"/>
            <fprob>0.0</fprob>
        </actor>
        <actor name="D0N7">
            <wcet number="0">30</wcet>
            <wcet number="1">30</wcet>
            <maxpow number="0.6496925683434077"/>
            <maxpow number="0.6496925683434077"/>
            <fprob>0.0</fprob>
        </actor>
        <actor name="D0N33">
            <wcet number="0">30</wcet>
            <wcet number="1">40</wcet>
            <maxpow number="0.26743478675900206"/>
            <maxpow number="0.26743478675900206"/>
            <fprob>0.0</fprob>
        </actor>
        <actor name="D0N34">
            <wcet number="0">10</wcet>
            <wcet number="1">10</wcet>
            <maxpow number="0.4146157627260132"/>
            <maxpow number="0.4146157627260132"/>
            <fprob>0.0</fprob>
        </actor>
        <actor name="D0N37">
            <wcet number="0">20</wcet>
            <wcet number="1">30</wcet>
            <maxpow number="0.40944206622438367"/>
            <maxpow number="0.40944206622438367"/>
            <fprob>0.0</fprob>
        </actor>
        <actor name="D0N2">
            <wcet number="0">10</wcet>
            <wcet number="1">10</wcet>
            <maxpow number="0.27217440832154605"/>
            <maxpow number="0.27217440832154605"/>
            <fprob>0.0</fprob>
        </actor>
        <actor name="D0N1">
            <wcet number="0">130</wcet>
            <wcet number="1">130</wcet>
            <maxpow number="0.6289766441520783"/>
            <maxpow number="0.6289766441520783"/>
            <fprob>0.0</fprob>
        </actor>
        <actor name="D0N48">
            <wcet number="0">20</wcet>
            <wcet number="1">70</wcet>
            <maxpow number="0.5230184728594458"/>
            <maxpow number="0.5230184728594458"/>
            <fprob>0.0</fprob>
        </actor>
        <actor name="D0N36">
            <wcet number="0">20</wcet>
            <wcet number="1">20</wcet>
            <maxpow number="0.2559272608812698"/>
            <maxpow number="0.2559272608812698"/>
            <fprob>0.0</fprob>
        </actor>
        <actor name="D0N41">
            <wcet number="0">40</wcet>
            <wcet number="1">120</wcet>
            <maxpow number="0.4560625384676244"/>
            <maxpow number="0.4560625384676244"/>
            <fprob>0.0</fprob>
        </actor>
        <actor name="D0N46">
            <wcet number="0">60</wcet>
            <wcet number="1">90</wcet>
            <maxpow number="0.3723330514140374"/>
            <maxpow number="0.3723330514140374"/>
            <fprob>0.0</fprob>
        </actor>
        <actor name="D0N0">
            <wcet number="0">100</wcet>
            <wcet number="1">180</wcet>
            <maxpow number="0.4697878492311821"/>
            <maxpow number="0.4697878492311821"/>
            <fprob>0.0</fprob>
        </actor>
        <actor name="D0N10">
            <wcet number="0">10</wcet>
            <wcet number="1">10</wcet>
            <maxpow number="0.852378624342847"/>
            <maxpow number="0.852378624342847"/>
            <fprob>0.0</fprob>
        </actor>
        <actor name="D0N49">
            <wcet number="0">20</wcet>
            <wcet number="1">30</wcet>
            <maxpow number="0.21179323488672935"/>
            <maxpow number="0.21179323488672935"/>
            <fprob>0.0</fprob>
        </actor>
        <actor name="D0N6">
            <wcet number="0">20</wcet>
            <wcet number="1">60</wcet>
            <maxpow number="0.5712347797965164"/>
            <maxpow number="0.5712347797965164"/>
            <fprob>0.0</fprob>
        </actor>
        <actor name="D0N40">
            <wcet number="0">240</wcet>
            <wcet number="1">240</wcet>
            <maxpow number="0.278763364200789"/>
            <maxpow number="0.278763364200789"/>
            <fprob>0.0</fprob>
        </actor>
        <actor name="D0N16">
            <wcet number="0">170</wcet>
            <wcet number="1">230</wcet>
            <maxpow number="0.5572354670802915"/>
            <maxpow number="0.5572354670802915"/>
            <fprob>0.0</fprob>
        </actor>
        <actor name="D0N35">
            <wcet number="0">20</wcet>
            <wcet number="1">50</wcet>
            <maxpow number="0.31843452834606745"/>
            <maxpow number="0.31843452834606745"/>
            <fprob>0.0</fprob>
        </actor>
        <actor name="D0N29">
            <wcet number="0">70</wcet>
            <wcet number="1">70</wcet>
            <maxpow number="0.3713285536210652"/>
            <maxpow number="0.3713285536210652"/>
            <fprob>0.0</fprob>
        </actor>
        <actor name="D0N32">
            <wcet number="0">140</wcet>
            <wcet number="1">150</wcet>
            <maxpow number="0.3314076452873617"/>
            <maxpow number="0.3314076452873617"/>
            <fprob>0.0</fprob>
        </actor>
        <actor name="D0N23">
            <wcet number="0">30</wcet>
            <wcet number="1">60</wcet>
            <maxpow number="0.3301543372972861"/>
            <maxpow number="0.3301543372972861"/>
            <fprob>0.0</fprob>
        </actor>
        <actor name="D0N3">
            <wcet number="0">80</wcet>
            <wcet number="1">80</wcet>
            <maxpow number="0.6849488778520608"/>
            <maxpow number="0.6849488778520608"/>
            <fprob>0.0</fprob>
        </actor>
        <actor name="D0N5">
            <wcet number="0">10</wcet>
            <wcet number="1">10</wcet>
            <maxpow number="0.8401525436042822"/>
            <maxpow number="0.8401525436042822"/>
            <fprob>0.0</fprob>
        </actor>
        <actor name="D0N44">
            <wcet number="0">20</wcet>
            <wcet number="1">350</wcet>
            <maxpow number="0.26352415989542455"/>
            <maxpow number="0.26352415989542455"/>
            <fprob>0.0</fprob>
        </actor>
        <actor name="D0N39">
            <wcet number="0">40</wcet>
            <wcet number="1">40</wcet>
            <maxpow number="0.5632341201927827"/>
            <maxpow number="0.5632341201927827"/>
            <fprob>0.0</fprob>
        </actor>
        <actor name="D0N20">
            <wcet number="0">10</wcet>
            <wcet number="1">60</wcet>
            <maxpow number="0.41292213977035663"/>
            <maxpow number="0.41292213977035663"/>
            <fprob>0.0</fprob>
        </actor>
        <actor name="D0N21">
            <wcet number="0">10</wcet>
            <wcet number="1">20</wcet>
            <maxpow number="0.2949061688863337"/>
            <maxpow number="0.2949061688863337"/>
            <fprob>0.0</fprob>
        </actor>
        <actor name="D0N9">
            <wcet number="0">70</wcet>
            <wcet number="1">270</wcet>
            <maxpow number="0.4670622565512523"/>
            <maxpow number="0.4670622565512523"/>
            <fprob>0.0</fprob>
        </actor>
        <actor name="D0N25">
            <wcet number="0">20</wcet>
            <wcet number="1">80</wcet>
            <maxpow number="0.8740517111056574"/>
            <maxpow number="0.8740517111056574"/>
            <fprob>0.0</fprob>
        </actor>
        <actor name="D0N38">
            <wcet number="0">10</wcet>
            <wcet number="1">20</wcet>
            <maxpow number="0.7955867054228355"/>
            <maxpow number="0.7955867054228355"/>
            <fprob>0.0</fprob>
        </actor>
        <actor name="D0N15">
            <wcet number="0">60</wcet>
            <wcet number="1">100</wcet>
            <maxpow number="0.3760877907748338"/>
            <maxpow number="0.3760877907748338"/>
            <fprob>0.0</fprob>
        </actor>
        <actor name="D0N12">
            <wcet number="0">30</wcet>
            <wcet number="1">70</wcet>
            <maxpow number="0.7338703181873029"/>
            <maxpow number="0.7338703181873029"/>
            <fprob>0.0</fprob>
        </actor>
        <actor name="D0N47">
            <wcet number="0">10</wcet>
            <wcet number="1">20</wcet>
            <maxpow number="0.46621526630277466"/>
            <maxpow number="0.46621526630277466"/>
            <fprob>0.0</fprob>
        </actor>
        <actor name="D0N19">
            <wcet number="0">170</wcet>
            <wcet number="1">300</wcet>
            <maxpow number="0.2850947377409527"/>
            <maxpow number="0.2850947377409527"/>
            <fprob>0.0</fprob>
        </actor>
        <actor name="D0N43">
            <wcet number="0">60</wcet>
            <wcet number="1">140</wcet>
            <maxpow number="0.5132124405816569"/>
            <maxpow number="0.5132124405816569"/>
            <fprob>0.0</fprob>
        </actor>
        <actor name="D0N11">
            <wcet number="0">20</wcet>
            <wcet number="1">120</wcet>
            <maxpow number="0.43986254528257884"/>
            <maxpow number="0.43986254528257884"/>
            <fprob>0.0</fprob>
        </actor>
        <actor name="D0N26">
            <wcet number="0">10</wcet>
            <wcet number="1">110</wcet>
            <maxpow number="0.3137786226150091"/>
            <maxpow number="0.3137786226150091"/>
            <fprob>0.0</fprob>
        </actor>
        <actor name="D0N31">
            <wcet number="0">10</wcet>
            <wcet number="1">10</wcet>
            <maxpow number="0.3659528142763523"/>
            <maxpow number="0.3659528142763523"/>
            <fprob>0.0</fprob>
        </actor>
        <actor name="D0N17">
            <wcet number="0">40</wcet>
            <wcet number="1">80</wcet>
            <maxpow number="0.7746441394685675"/>
            <maxpow number="0.7746441394685675"/>
            <fprob>0.0</fprob>
        </actor>
        <actor name="D0N18">
            <wcet number="0">200</wcet>
            <wcet number="1">230</wcet>
            <maxpow number="0.37136409332614895"/>
            <maxpow number="0.37136409332614895"/>
            <fprob>0.0</fprob>
        </actor>
        <actor name="D0N14">
            <wcet number="0">20</wcet>
            <wcet number="1">20</wcet>
            <maxpow number="0.7884925935558538"/>
            <maxpow number="0.7884925935558538"/>
            <fprob>0.0</fprob>
        </actor>
        <ports>
            <port dstActor="D0N40" name="p0" srcActor="D0N28"/>
            <port dstActor="D0N34" name="p1" srcActor="D0N28"/>
            <port dstActor="D0N15" name="p2" srcActor="D0N4"/>
            <port dstActor="D0N11" name="p3" srcActor="D0N4"/>
            <port dstActor="D0N7" name="p4" srcActor="D0N4"/>
            <port dstActor="D0N34" name="p5" srcActor="D0N4"/>
            <port dstActor="D0N9" name="p6" srcActor="D0N4"/>
            <port dstActor="D0N47" name="p7" srcActor="D0N4"/>
            <port dstActor="D0N27" name="p8" srcActor="D0N24"/>
            <port dstActor="D0N29" name="p9" srcActor="D0N24"/>
            <port dstActor="D0N31" name="p10" srcActor="D0N30"/>
            <port dstActor="D0N29" name="p11" srcActor="D0N8"/>
            <port dstActor="D0N30" name="p12" srcActor="D0N8"/>
            <port dstActor="D0N35" name="p13" srcActor="D0N8"/>
            <port dstActor="D0N42" name="p14" srcActor="D0N8"/>
            <port dstActor="D0N31" name="p15" srcActor="D0N27"/>
            <port dstActor="D0N40" name="p16" srcActor="D0N27"/>
            <port dstActor="D0N46" name="p17" srcActor="D0N45"/>
            <port dstActor="D0N36" name="p18" srcActor="D0N13"/>
            <port dstActor="D0N17" name="p19" srcActor="D0N13"/>
            <port dstActor="D0N33" name="p20" srcActor="D0N13"/>
            <port dstActor="D0N23" name="p21" srcActor="D0N22"/>
            <port dstActor="D0N46" name="p22" srcActor="D0N42"/>
            <port dstActor="D0N44" name="p23" srcActor="D0N7"/>
            <port dstActor="D0N28" name="p24" srcActor="D0N7"/>
            <port dstActor="D0N21" name="p25" srcActor="D0N7"/>
            <port dstActor="D0N29" name="p26" srcActor="D0N7"/>
            <port dstActor="D0N43" name="p27" srcActor="D0N7"/>
            <port dstActor="D0N15" name="p28" srcActor="D0N7"/>
            <port dstActor="D0N41" name="p29" srcActor="D0N7"/>
            <port dstActor="D0N38" name="p30" srcActor="D0N33"/>
            <port dstActor="D0N42" name="p31" srcActor="D0N33"/>
            <port dstActor="D0N40" name="p32" srcActor="D0N34"/>
            <port dstActor="D0N49" name="p33" srcActor="D0N37"/>
            <port dstActor="D0N31" name="p34" srcActor="D0N2"/>
            <port dstActor="D0N15" name="p35" srcActor="D0N2"/>
            <port dstActor="D0N26" name="p36" srcActor="D0N2"/>
            <port dstActor="D0N28" name="p37" srcActor="D0N2"/>
            <port dstActor="D0N22" name="p38" srcActor="D0N2"/>
            <port dstActor="D0N13" name="p39" srcActor="D0N2"/>
            <port dstActor="D0N29" name="p40" srcActor="D0N2"/>
            <port dstActor="D0N25" name="p41" srcActor="D0N2"/>
            <port dstActor="D0N42" name="p42" srcActor="D0N1"/>
            <port dstActor="D0N17" name="p43" srcActor="D0N1"/>
            <port dstActor="D0N43" name="p44" srcActor="D0N1"/>
            <port dstActor="D0N42" name="p45" srcActor="D0N36"/>
            <port dstActor="D0N43" name="p46" srcActor="D0N41"/>
            <port dstActor="D0N47" name="p47" srcActor="D0N41"/>
            <port dstActor="D0N41" name="p48" srcActor="D0N0"/>
            <port dstActor="D0N2" name="p49" srcActor="D0N0"/>
            <port dstActor="D0N32" name="p50" srcActor="D0N0"/>
            <port dstActor="D0N25" name="p51" srcActor="D0N0"/>
            <port dstActor="D0N6" name="p52" srcActor="D0N0"/>
            <port dstActor="D0N43" name="p53" srcActor="D0N0"/>
            <port dstActor="D0N12" name="p54" srcActor="D0N0"/>
            <port dstActor="D0N20" name="p55" srcActor="D0N0"/>
            <port dstActor="D0N32" name="p56" srcActor="D0N10"/>
            <port dstActor="D0N15" name="p57" srcActor="D0N10"/>
            <port dstActor="D0N28" name="p58" srcActor="D0N10"/>
            <port dstActor="D0N20" name="p59" srcActor="D0N10"/>
            <port dstActor="D0N48" name="p60" srcActor="D0N6"/>
            <port dstActor="D0N9" name="p61" srcActor="D0N6"/>
            <port dstActor="D0N49" name="p62" srcActor="D0N6"/>
            <port dstActor="D0N16" name="p63" srcActor="D0N6"/>
            <port dstActor="D0N27" name="p64" srcActor="D0N6"/>
            <port dstActor="D0N45" name="p65" srcActor="D0N6"/>
            <port dstActor="D0N35" name="p66" srcActor="D0N6"/>
            <port dstActor="D0N42" name="p67" srcActor="D0N6"/>
            <port dstActor="D0N44" name="p68" srcActor="D0N40"/>
            <port dstActor="D0N17" name="p69" srcActor="D0N16"/>
            <port dstActor="D0N20" name="p70" srcActor="D0N16"/>
            <port dstActor="D0N49" name="p71" srcActor="D0N16"/>
            <port dstActor="D0N30" name="p72" srcActor="D0N16"/>
            <port dstActor="D0N44" name="p73" srcActor="D0N16"/>
            <port dstActor="D0N29" name="p74" srcActor="D0N16"/>
            <port dstActor="D0N45" name="p75" srcActor="D0N29"/>
            <port dstActor="D0N42" name="p76" srcActor="D0N29"/>
            <port dstActor="D0N35" name="p77" srcActor="D0N29"/>
            <port dstActor="D0N41" name="p78" srcActor="D0N29"/>
            <port dstActor="D0N44" name="p79" srcActor="D0N32"/>
            <port dstActor="D0N36" name="p80" srcActor="D0N32"/>
            <port dstActor="D0N49" name="p81" srcActor="D0N23"/>
            <port dstActor="D0N39" name="p82" srcActor="D0N23"/>
            <port dstActor="D0N25" name="p83" srcActor="D0N3"/>
            <port dstActor="D0N11" name="p84" srcActor="D0N3"/>
            <port dstActor="D0N31" name="p85" srcActor="D0N3"/>
            <port dstActor="D0N18" name="p86" srcActor="D0N3"/>
            <port dstActor="D0N17" name="p87" srcActor="D0N5"/>
            <port dstActor="D0N48" name="p88" srcActor="D0N44"/>
            <port dstActor="D0N46" name="p89" srcActor="D0N39"/>
            <port dstActor="D0N42" name="p90" srcActor="D0N39"/>
            <port dstActor="D0N22" name="p91" srcActor="D0N20"/>
            <port dstActor="D0N23" name="p92" srcActor="D0N20"/>
            <port dstActor="D0N43" name="p93" srcActor="D0N20"/>
            <port dstActor="D0N38" name="p94" srcActor="D0N20"/>
            <port dstActor="D0N26" name="p95" srcActor="D0N21"/>
            <port dstActor="D0N22" name="p96" srcActor="D0N21"/>
            <port dstActor="D0N44" name="p97" srcActor="D0N21"/>
            <port dstActor="D0N25" name="p98" srcActor="D0N9"/>
            <port dstActor="D0N17" name="p99" srcActor="D0N9"/>
            <port dstActor="D0N46" name="p100" srcActor="D0N9"/>
            <port dstActor="D0N22" name="p101" srcActor="D0N9"/>
            <port dstActor="D0N45" name="p102" srcActor="D0N9"/>
            <port dstActor="D0N37" name="p103" srcActor="D0N9"/>
            <port dstActor="D0N42" name="p104" srcActor="D0N25"/>
            <port dstActor="D0N31" name="p105" srcActor="D0N25"/>
            <port dstActor="D0N26" name="p106" srcActor="D0N25"/>
            <port dstActor="D0N32" name="p107" srcActor="D0N25"/>
            <port dstActor="D0N48" name="p108" srcActor="D0N38"/>
            <port dstActor="D0N17" name="p109" srcActor="D0N15"/>
            <port dstActor="D0N43" name="p110" srcActor="D0N15"/>
            <port dstActor="D0N22" name="p111" srcActor="D0N15"/>
            <port dstActor="D0N25" name="p112" srcActor="D0N15"/>
            <port dstActor="D0N32" name="p113" srcActor="D0N15"/>
            <port dstActor="D0N43" name="p114" srcActor="D0N12"/>
            <port dstActor="D0N30" name="p115" srcActor="D0N12"/>
            <port dstActor="D0N40" name="p116" srcActor="D0N12"/>
            <port dstActor="D0N38" name="p117" srcActor="D0N19"/>
            <port dstActor="D0N25" name="p118" srcActor="D0N19"/>
            <port dstActor="D0N46" name="p119" srcActor="D0N43"/>
            <port dstActor="D0N46" name="p120" srcActor="D0N11"/>
            <port dstActor="D0N20" name="p121" srcActor="D0N11"/>
            <port dstActor="D0N35" name="p122" srcActor="D0N11"/>
            <port dstActor="D0N37" name="p123" srcActor="D0N11"/>
            <port dstActor="D0N40" name="p124" srcActor="D0N11"/>
            <port dstActor="D0N13" name="p125" srcActor="D0N11"/>
            <port dstActor="D0N34" name="p126" srcActor="D0N11"/>
            <port dstActor="D0N43" name="p127" srcActor="D0N26"/>
            <port dstActor="D0N49" name="p128" srcActor="D0N26"/>
            <port dstActor="D0N44" name="p129" srcActor="D0N26"/>
            <port dstActor="D0N37" name="p130" srcActor="D0N31"/>
            <port dstActor="D0N18" name="p131" srcActor="D0N17"/>
            <port dstActor="D0N26" name="p132" srcActor="D0N17"/>
            <port dstActor="D0N21" name="p133" srcActor="D0N18"/>
            <port dstActor="D0N37" name="p134" srcActor="D0N18"/>
            <port dstActor="D0N46" name="p135" srcActor="D0N18"/>
            <port dstActor="D0N43" name="p136" srcActor="D0N18"/>
            <port dstActor="D0N40" name="p137" srcActor="D0N14"/>
            <port dstActor="D0N44" name="p138" srcActor="D0N14"/>
            <port dstActor="D0N27" name="p139" srcActor="D0N14"/>
            <port dstActor="D0N21" name="p140" srcActor="D0N14"/>
        </ports>
    </mcdag>
    <cores number="3"/>
    <levels number="2"/>
</mcsystem>
