<?xml version="1.0" encoding="UTF-8" standalone="no"?>
<mcsystem>
    <mcdag deadline="1200" name="genned-0-ed-10.0-0">
        <actor name="D0N24">
            <wcet number="0">10</wcet>
            <wcet number="1">10</wcet>
            <maxpow number="0.48836351616818563"/>
            <maxpow number="0.48836351616818563"/>
            <fprob>0.0</fprob>
        </actor>
        <actor name="D0N13">
            <wcet number="0">40</wcet>
            <wcet number="1">50</wcet>
            <maxpow number="0.6473273275990042"/>
            <maxpow number="0.6473273275990042"/>
            <fprob>0.0</fprob>
        </actor>
        <actor name="D0N0">
            <wcet number="0">40</wcet>
            <wcet number="1">120</wcet>
            <maxpow number="0.5063035935250778"/>
            <maxpow number="0.5063035935250778"/>
            <fprob>0.0</fprob>
        </actor>
        <actor name="D0N20">
            <wcet number="0">70</wcet>
            <wcet number="1">160</wcet>
            <maxpow number="0.5511646949984589"/>
            <maxpow number="0.5511646949984589"/>
            <fprob>0.0</fprob>
        </actor>
        <actor name="D0N11">
            <wcet number="0">50</wcet>
            <wcet number="1">50</wcet>
            <maxpow number="0.4345303643802695"/>
            <maxpow number="0.4345303643802695"/>
            <fprob>0.0</fprob>
        </actor>
        <actor name="D0N23">
            <wcet number="0">10</wcet>
            <wcet number="1">20</wcet>
            <maxpow number="0.3897917293863621"/>
            <maxpow number="0.3897917293863621"/>
            <fprob>0.0</fprob>
        </actor>
        <actor name="D0N7">
            <wcet number="0">40</wcet>
            <wcet number="1">50</wcet>
            <maxpow number="0.5558147850809276"/>
            <maxpow number="0.5558147850809276"/>
            <fprob>0.0</fprob>
        </actor>
        <actor name="D0N2">
            <wcet number="0">20</wcet>
            <wcet number="1">60</wcet>
            <maxpow number="0.8127846689958168"/>
            <maxpow number="0.8127846689958168"/>
            <fprob>0.0</fprob>
        </actor>
        <actor name="D0N14">
            <wcet number="0">20</wcet>
            <wcet number="1">40</wcet>
            <maxpow number="0.3950093097893232"/>
            <maxpow number="0.3950093097893232"/>
            <fprob>0.0</fprob>
        </actor>
        <actor name="D0N37">
            <wcet number="0">10</wcet>
            <wcet number="1">20</wcet>
            <maxpow number="0.421561873202847"/>
            <maxpow number="0.421561873202847"/>
            <fprob>0.0</fprob>
        </actor>
        <actor name="D0N30">
            <wcet number="0">10</wcet>
            <wcet number="1">10</wcet>
            <maxpow number="0.4743535825050323"/>
            <maxpow number="0.4743535825050323"/>
            <fprob>0.0</fprob>
        </actor>
        <actor name="D0N34">
            <wcet number="0">10</wcet>
            <wcet number="1">20</wcet>
            <maxpow number="0.6381921788827088"/>
            <maxpow number="0.6381921788827088"/>
            <fprob>0.0</fprob>
        </actor>
        <actor name="D0N26">
            <wcet number="0">100</wcet>
            <wcet number="1">140</wcet>
            <maxpow number="0.49276406867253664"/>
            <maxpow number="0.49276406867253664"/>
            <fprob>0.0</fprob>
        </actor>
        <actor name="D0N27">
            <wcet number="0">10</wcet>
            <wcet number="1">60</wcet>
            <maxpow number="0.5801051453111602"/>
            <maxpow number="0.5801051453111602"/>
            <fprob>0.0</fprob>
        </actor>
        <actor name="D0N16">
            <wcet number="0">10</wcet>
            <wcet number="1">20</wcet>
            <maxpow number="0.5274609240119597"/>
            <maxpow number="0.5274609240119597"/>
            <fprob>0.0</fprob>
        </actor>
        <actor name="D0N31">
            <wcet number="0">40</wcet>
            <wcet number="1">40</wcet>
            <maxpow number="0.48049168759468386"/>
            <maxpow number="0.48049168759468386"/>
            <fprob>0.0</fprob>
        </actor>
        <actor name="D0N38">
            <wcet number="0">20</wcet>
            <wcet number="1">40</wcet>
            <maxpow number="0.5096542723575775"/>
            <maxpow number="0.5096542723575775"/>
            <fprob>0.0</fprob>
        </actor>
        <actor name="D0N40">
            <wcet number="0">40</wcet>
            <wcet number="1">50</wcet>
            <maxpow number="0.4821664423796751"/>
            <maxpow number="0.4821664423796751"/>
            <fprob>0.0</fprob>
        </actor>
        <actor name="D0N9">
            <wcet number="0">40</wcet>
            <wcet number="1">40</wcet>
            <maxpow number="0.4195710370029586"/>
            <maxpow number="0.4195710370029586"/>
            <fprob>0.0</fprob>
        </actor>
        <actor name="D0N4">
            <wcet number="0">20</wcet>
            <wcet number="1">40</wcet>
            <maxpow number="0.5588229561258609"/>
            <maxpow number="0.5588229561258609"/>
            <fprob>0.0</fprob>
        </actor>
        <actor name="D0N19">
            <wcet number="0">70</wcet>
            <wcet number="1">150</wcet>
            <maxpow number="0.7200161335527114"/>
            <maxpow number="0.7200161335527114"/>
            <fprob>0.0</fprob>
        </actor>
        <actor name="D0N32">
            <wcet number="0">130</wcet>
            <wcet number="1">140</wcet>
            <maxpow number="0.4221910124532796"/>
            <maxpow number="0.4221910124532796"/>
            <fprob>0.0</fprob>
        </actor>
        <actor name="D0N6">
            <wcet number="0">40</wcet>
            <wcet number="1">50</wcet>
            <maxpow number="0.21381557605914797"/>
            <maxpow number="0.21381557605914797"/>
            <fprob>0.0</fprob>
        </actor>
        <actor name="D0N18">
            <wcet number="0">30</wcet>
            <wcet number="1">40</wcet>
            <maxpow number="0.23255532737307005"/>
            <maxpow number="0.23255532737307005"/>
            <fprob>0.0</fprob>
        </actor>
        <actor name="D0N10">
            <wcet number="0">90</wcet>
            <wcet number="1">110</wcet>
            <maxpow number="0.3984929447742056"/>
            <maxpow number="0.3984929447742056"/>
            <fprob>0.0</fprob>
        </actor>
        <actor name="D0N3">
            <wcet number="0">20</wcet>
            <wcet number="1">20</wcet>
            <maxpow number="0.7887493672093495"/>
            <maxpow number="0.7887493672093495"/>
            <fprob>0.0</fprob>
        </actor>
        <actor name="D0N1">
            <wcet number="0">120</wcet>
            <wcet number="1">140</wcet>
            <maxpow number="0.7684285987721309"/>
            <maxpow number="0.7684285987721309"/>
            <fprob>0.0</fprob>
        </actor>
        <actor name="D0N15">
            <wcet number="0">190</wcet>
            <wcet number="1">220</wcet>
            <maxpow number="0.527597124544437"/>
            <maxpow number="0.527597124544437"/>
            <fprob>0.0</fprob>
        </actor>
        <actor name="D0N29">
            <wcet number="0">10</wcet>
            <wcet number="1">10</wcet>
            <maxpow number="0.8877465397250913"/>
            <maxpow number="0.8877465397250913"/>
            <fprob>0.0</fprob>
        </actor>
        <actor name="D0N8">
            <wcet number="0">20</wcet>
            <wcet number="1">30</wcet>
            <maxpow number="0.6794477861945779"/>
            <maxpow number="0.6794477861945779"/>
            <fprob>0.0</fprob>
        </actor>
        <actor name="D0N22">
            <wcet number="0">10</wcet>
            <wcet number="1">10</wcet>
            <maxpow number="0.816777840634868"/>
            <maxpow number="0.816777840634868"/>
            <fprob>0.0</fprob>
        </actor>
        <actor name="D0N35">
            <wcet number="0">10</wcet>
            <wcet number="1">30</wcet>
            <maxpow number="0.46455258639051034"/>
            <maxpow number="0.46455258639051034"/>
            <fprob>0.0</fprob>
        </actor>
        <actor name="D0N21">
            <wcet number="0">20</wcet>
            <wcet number="1">20</wcet>
            <maxpow number="0.6534682002311005"/>
            <maxpow number="0.6534682002311005"/>
            <fprob>0.0</fprob>
        </actor>
        <actor name="D0N28">
            <wcet number="0">20</wcet>
            <wcet number="1">70</wcet>
            <maxpow number="0.6479938981380639"/>
            <maxpow number="0.6479938981380639"/>
            <fprob>0.0</fprob>
        </actor>
        <actor name="D0N39">
            <wcet number="0">40</wcet>
            <wcet number="1">50</wcet>
            <maxpow number="0.5665429678546737"/>
            <maxpow number="0.5665429678546737"/>
            <fprob>0.0</fprob>
        </actor>
        <actor name="D0N33">
            <wcet number="0">30</wcet>
            <wcet number="1">30</wcet>
            <maxpow number="0.6034532968890544"/>
            <maxpow number="0.6034532968890544"/>
            <fprob>0.0</fprob>
        </actor>
        <actor name="D0N36">
            <wcet number="0">10</wcet>
            <wcet number="1">10</wcet>
            <maxpow number="0.8348208528853023"/>
            <maxpow number="0.8348208528853023"/>
            <fprob>0.0</fprob>
        </actor>
        <actor name="D0N25">
            <wcet number="0">90</wcet>
            <wcet number="1">200</wcet>
            <maxpow number="0.601748971217143"/>
            <maxpow number="0.601748971217143"/>
            <fprob>0.0</fprob>
        </actor>
        <actor name="D0N17">
            <wcet number="0">10</wcet>
            <wcet number="1">20</wcet>
            <maxpow number="0.5523925535334306"/>
            <maxpow number="0.5523925535334306"/>
            <fprob>0.0</fprob>
        </actor>
        <actor name="D0N5">
            <wcet number="0">50</wcet>
            <wcet number="1">50</wcet>
            <maxpow number="0.36072212518113356"/>
            <maxpow number="0.36072212518113356"/>
            <fprob>0.0</fprob>
        </actor>
        <actor name="D0N12">
            <wcet number="0">30</wcet>
            <wcet number="1">80</wcet>
            <maxpow number="0.5969128624838282"/>
            <maxpow number="0.5969128624838282"/>
            <fprob>0.0</fprob>
        </actor>
        <ports>
            <port dstActor="D0N33" name="p0" srcActor="D0N24"/>
            <port dstActor="D0N39" name="p1" srcActor="D0N24"/>
            <port dstActor="D0N32" name="p2" srcActor="D0N13"/>
            <port dstActor="D0N24" name="p3" srcActor="D0N13"/>
            <port dstActor="D0N14" name="p4" srcActor="D0N13"/>
            <port dstActor="D0N37" name="p5" srcActor="D0N13"/>
            <port dstActor="D0N26" name="p6" srcActor="D0N13"/>
            <port dstActor="D0N13" name="p7" srcActor="D0N0"/>
            <port dstActor="D0N28" name="p8" srcActor="D0N0"/>
            <port dstActor="D0N11" name="p9" srcActor="D0N0"/>
            <port dstActor="D0N23" name="p10" srcActor="D0N0"/>
            <port dstActor="D0N9" name="p11" srcActor="D0N0"/>
            <port dstActor="D0N33" name="p12" srcActor="D0N0"/>
            <port dstActor="D0N10" name="p13" srcActor="D0N0"/>
            <port dstActor="D0N30" name="p14" srcActor="D0N20"/>
            <port dstActor="D0N39" name="p15" srcActor="D0N11"/>
            <port dstActor="D0N15" name="p16" srcActor="D0N11"/>
            <port dstActor="D0N40" name="p17" srcActor="D0N11"/>
            <port dstActor="D0N28" name="p18" srcActor="D0N11"/>
            <port dstActor="D0N33" name="p19" srcActor="D0N11"/>
            <port dstActor="D0N12" name="p20" srcActor="D0N11"/>
            <port dstActor="D0N32" name="p21" srcActor="D0N23"/>
            <port dstActor="D0N39" name="p22" srcActor="D0N23"/>
            <port dstActor="D0N30" name="p23" srcActor="D0N7"/>
            <port dstActor="D0N17" name="p24" srcActor="D0N2"/>
            <port dstActor="D0N19" name="p25" srcActor="D0N2"/>
            <port dstActor="D0N37" name="p26" srcActor="D0N14"/>
            <port dstActor="D0N27" name="p27" srcActor="D0N14"/>
            <port dstActor="D0N19" name="p28" srcActor="D0N14"/>
            <port dstActor="D0N40" name="p29" srcActor="D0N14"/>
            <port dstActor="D0N20" name="p30" srcActor="D0N14"/>
            <port dstActor="D0N36" name="p31" srcActor="D0N30"/>
            <port dstActor="D0N35" name="p32" srcActor="D0N27"/>
            <port dstActor="D0N34" name="p33" srcActor="D0N27"/>
            <port dstActor="D0N21" name="p34" srcActor="D0N16"/>
            <port dstActor="D0N18" name="p35" srcActor="D0N16"/>
            <port dstActor="D0N33" name="p36" srcActor="D0N31"/>
            <port dstActor="D0N33" name="p37" srcActor="D0N9"/>
            <port dstActor="D0N19" name="p38" srcActor="D0N9"/>
            <port dstActor="D0N21" name="p39" srcActor="D0N9"/>
            <port dstActor="D0N14" name="p40" srcActor="D0N9"/>
            <port dstActor="D0N35" name="p41" srcActor="D0N4"/>
            <port dstActor="D0N32" name="p42" srcActor="D0N4"/>
            <port dstActor="D0N32" name="p43" srcActor="D0N19"/>
            <port dstActor="D0N33" name="p44" srcActor="D0N32"/>
            <port dstActor="D0N40" name="p45" srcActor="D0N32"/>
            <port dstActor="D0N36" name="p46" srcActor="D0N32"/>
            <port dstActor="D0N13" name="p47" srcActor="D0N6"/>
            <port dstActor="D0N21" name="p48" srcActor="D0N6"/>
            <port dstActor="D0N24" name="p49" srcActor="D0N6"/>
            <port dstActor="D0N35" name="p50" srcActor="D0N6"/>
            <port dstActor="D0N19" name="p51" srcActor="D0N18"/>
            <port dstActor="D0N24" name="p52" srcActor="D0N18"/>
            <port dstActor="D0N20" name="p53" srcActor="D0N18"/>
            <port dstActor="D0N14" name="p54" srcActor="D0N10"/>
            <port dstActor="D0N17" name="p55" srcActor="D0N10"/>
            <port dstActor="D0N37" name="p56" srcActor="D0N3"/>
            <port dstActor="D0N16" name="p57" srcActor="D0N3"/>
            <port dstActor="D0N14" name="p58" srcActor="D0N3"/>
            <port dstActor="D0N33" name="p59" srcActor="D0N1"/>
            <port dstActor="D0N20" name="p60" srcActor="D0N1"/>
            <port dstActor="D0N19" name="p61" srcActor="D0N1"/>
            <port dstActor="D0N37" name="p62" srcActor="D0N1"/>
            <port dstActor="D0N33" name="p63" srcActor="D0N15"/>
            <port dstActor="D0N29" name="p64" srcActor="D0N15"/>
            <port dstActor="D0N17" name="p65" srcActor="D0N15"/>
            <port dstActor="D0N24" name="p66" srcActor="D0N15"/>
            <port dstActor="D0N28" name="p67" srcActor="D0N15"/>
            <port dstActor="D0N35" name="p68" srcActor="D0N15"/>
            <port dstActor="D0N27" name="p69" srcActor="D0N8"/>
            <port dstActor="D0N17" name="p70" srcActor="D0N8"/>
            <port dstActor="D0N36" name="p71" srcActor="D0N22"/>
            <port dstActor="D0N22" name="p72" srcActor="D0N21"/>
            <port dstActor="D0N23" name="p73" srcActor="D0N21"/>
            <port dstActor="D0N25" name="p74" srcActor="D0N21"/>
            <port dstActor="D0N31" name="p75" srcActor="D0N21"/>
            <port dstActor="D0N37" name="p76" srcActor="D0N28"/>
            <port dstActor="D0N39" name="p77" srcActor="D0N33"/>
            <port dstActor="D0N36" name="p78" srcActor="D0N33"/>
            <port dstActor="D0N30" name="p79" srcActor="D0N25"/>
            <port dstActor="D0N36" name="p80" srcActor="D0N25"/>
            <port dstActor="D0N32" name="p81" srcActor="D0N17"/>
            <port dstActor="D0N28" name="p82" srcActor="D0N17"/>
            <port dstActor="D0N19" name="p83" srcActor="D0N5"/>
            <port dstActor="D0N7" name="p84" srcActor="D0N5"/>
            <port dstActor="D0N29" name="p85" srcActor="D0N5"/>
            <port dstActor="D0N22" name="p86" srcActor="D0N12"/>
            <port dstActor="D0N34" name="p87" srcActor="D0N12"/>
            <port dstActor="D0N18" name="p88" srcActor="D0N12"/>
        </ports>
    </mcdag>
    <cores number="3"/>
    <levels number="2"/>
</mcsystem>
