<?xml version="1.0" encoding="UTF-8" standalone="no"?>
<mcsystem>
    <mcdag deadline="2200" name="genned-0-ed-10.0-0">
        <actor name="D0N21">
            <wcet number="0">20</wcet>
            <wcet number="1">30</wcet>
            <maxpow number="0.212942210083084"/>
            <maxpow number="0.212942210083084"/>
            <fprob>0.0</fprob>
        </actor>
        <actor name="D0N40">
            <wcet number="0">60</wcet>
            <wcet number="1">60</wcet>
            <maxpow number="0.6274061803952438"/>
            <maxpow number="0.6274061803952438"/>
            <fprob>0.0</fprob>
        </actor>
        <actor name="D0N5">
            <wcet number="0">10</wcet>
            <wcet number="1">10</wcet>
            <maxpow number="0.4042257291197259"/>
            <maxpow number="0.4042257291197259"/>
            <fprob>0.0</fprob>
        </actor>
        <actor name="D0N14">
            <wcet number="0">10</wcet>
            <wcet number="1">40</wcet>
            <maxpow number="0.9358280943217341"/>
            <maxpow number="0.9358280943217341"/>
            <fprob>0.0</fprob>
        </actor>
        <actor name="D0N7">
            <wcet number="0">50</wcet>
            <wcet number="1">90</wcet>
            <maxpow number="0.616690539113868"/>
            <maxpow number="0.616690539113868"/>
            <fprob>0.0</fprob>
        </actor>
        <actor name="D0N38">
            <wcet number="0">10</wcet>
            <wcet number="1">10</wcet>
            <maxpow number="1.0802671832389699"/>
            <maxpow number="1.0802671832389699"/>
            <fprob>0.0</fprob>
        </actor>
        <actor name="D0N32">
            <wcet number="0">10</wcet>
            <wcet number="1">10</wcet>
            <maxpow number="0.45081105344916717"/>
            <maxpow number="0.45081105344916717"/>
            <fprob>0.0</fprob>
        </actor>
        <actor name="D0N34">
            <wcet number="0">40</wcet>
            <wcet number="1">100</wcet>
            <maxpow number="0.29789336007364375"/>
            <maxpow number="0.29789336007364375"/>
            <fprob>0.0</fprob>
        </actor>
        <actor name="D0N3">
            <wcet number="0">20</wcet>
            <wcet number="1">30</wcet>
            <maxpow number="0.5340626928341115"/>
            <maxpow number="0.5340626928341115"/>
            <fprob>0.0</fprob>
        </actor>
        <actor name="D0N25">
            <wcet number="0">10</wcet>
            <wcet number="1">70</wcet>
            <maxpow number="0.6259814536507652"/>
            <maxpow number="0.6259814536507652"/>
            <fprob>0.0</fprob>
        </actor>
        <actor name="D0N1">
            <wcet number="0">10</wcet>
            <wcet number="1">60</wcet>
            <maxpow number="0.6394090233599676"/>
            <maxpow number="0.6394090233599676"/>
            <fprob>0.0</fprob>
        </actor>
        <actor name="D0N13">
            <wcet number="0">10</wcet>
            <wcet number="1">60</wcet>
            <maxpow number="0.4338277927838281"/>
            <maxpow number="0.4338277927838281"/>
            <fprob>0.0</fprob>
        </actor>
        <actor name="D0N10">
            <wcet number="0">70</wcet>
            <wcet number="1">150</wcet>
            <maxpow number="0.3858996584511869"/>
            <maxpow number="0.3858996584511869"/>
            <fprob>0.0</fprob>
        </actor>
        <actor name="D0N4">
            <wcet number="0">10</wcet>
            <wcet number="1">60</wcet>
            <maxpow number="0.625446706080454"/>
            <maxpow number="0.625446706080454"/>
            <fprob>0.0</fprob>
        </actor>
        <actor name="D0N30">
            <wcet number="0">60</wcet>
            <wcet number="1">80</wcet>
            <maxpow number="0.47108320764696976"/>
            <maxpow number="0.47108320764696976"/>
            <fprob>0.0</fprob>
        </actor>
        <actor name="D0N41">
            <wcet number="0">70</wcet>
            <wcet number="1">180</wcet>
            <maxpow number="0.8807109296486914"/>
            <maxpow number="0.8807109296486914"/>
            <fprob>0.0</fprob>
        </actor>
        <actor name="D0N39">
            <wcet number="0">10</wcet>
            <wcet number="1">20</wcet>
            <maxpow number="0.563442959842826"/>
            <maxpow number="0.563442959842826"/>
            <fprob>0.0</fprob>
        </actor>
        <actor name="D0N19">
            <wcet number="0">40</wcet>
            <wcet number="1">50</wcet>
            <maxpow number="0.8128829742165535"/>
            <maxpow number="0.8128829742165535"/>
            <fprob>0.0</fprob>
        </actor>
        <actor name="D0N42">
            <wcet number="0">20</wcet>
            <wcet number="1">70</wcet>
            <maxpow number="0.4063466485246396"/>
            <maxpow number="0.4063466485246396"/>
            <fprob>0.0</fprob>
        </actor>
        <actor name="D0N2">
            <wcet number="0">40</wcet>
            <wcet number="1">60</wcet>
            <maxpow number="0.5122879825942496"/>
            <maxpow number="0.5122879825942496"/>
            <fprob>0.0</fprob>
        </actor>
        <actor name="D0N36">
            <wcet number="0">40</wcet>
            <wcet number="1">40</wcet>
            <maxpow number="0.7657286237610006"/>
            <maxpow number="0.7657286237610006"/>
            <fprob>0.0</fprob>
        </actor>
        <actor name="D0N29">
            <wcet number="0">60</wcet>
            <wcet number="1">60</wcet>
            <maxpow number="0.5386776549343799"/>
            <maxpow number="0.5386776549343799"/>
            <fprob>0.0</fprob>
        </actor>
        <actor name="D0N17">
            <wcet number="0">70</wcet>
            <wcet number="1">80</wcet>
            <maxpow number="0.6714467307963677"/>
            <maxpow number="0.6714467307963677"/>
            <fprob>0.0</fprob>
        </actor>
        <actor name="D0N0">
            <wcet number="0">110</wcet>
            <wcet number="1">140</wcet>
            <maxpow number="0.30408449430323414"/>
            <maxpow number="0.30408449430323414"/>
            <fprob>0.0</fprob>
        </actor>
        <actor name="D0N27">
            <wcet number="0">120</wcet>
            <wcet number="1">200</wcet>
            <maxpow number="0.6736632899462428"/>
            <maxpow number="0.6736632899462428"/>
            <fprob>0.0</fprob>
        </actor>
        <actor name="D0N15">
            <wcet number="0">100</wcet>
            <wcet number="1">140</wcet>
            <maxpow number="0.940743797327527"/>
            <maxpow number="0.940743797327527"/>
            <fprob>0.0</fprob>
        </actor>
        <actor name="D0N43">
            <wcet number="0">110</wcet>
            <wcet number="1">160</wcet>
            <maxpow number="0.36406204345000415"/>
            <maxpow number="0.36406204345000415"/>
            <fprob>0.0</fprob>
        </actor>
        <actor name="D0N18">
            <wcet number="0">20</wcet>
            <wcet number="1">170</wcet>
            <maxpow number="0.10825268093202839"/>
            <maxpow number="0.10825268093202839"/>
            <fprob>0.0</fprob>
        </actor>
        <actor name="D0N31">
            <wcet number="0">40</wcet>
            <wcet number="1">50</wcet>
            <maxpow number="0.36642530462144873"/>
            <maxpow number="0.36642530462144873"/>
            <fprob>0.0</fprob>
        </actor>
        <actor name="D0N46">
            <wcet number="0">40</wcet>
            <wcet number="1">300</wcet>
            <maxpow number="0.5109438293462615"/>
            <maxpow number="0.5109438293462615"/>
            <fprob>0.0</fprob>
        </actor>
        <actor name="D0N44">
            <wcet number="0">30</wcet>
            <wcet number="1">160</wcet>
            <maxpow number="0.7914797037073484"/>
            <maxpow number="0.7914797037073484"/>
            <fprob>0.0</fprob>
        </actor>
        <actor name="D0N45">
            <wcet number="0">10</wcet>
            <wcet number="1">10</wcet>
            <maxpow number="0.4665683676830892"/>
            <maxpow number="0.4665683676830892"/>
            <fprob>0.0</fprob>
        </actor>
        <actor name="D0N23">
            <wcet number="0">70</wcet>
            <wcet number="1">80</wcet>
            <maxpow number="0.6334831762083376"/>
            <maxpow number="0.6334831762083376"/>
            <fprob>0.0</fprob>
        </actor>
        <actor name="D0N24">
            <wcet number="0">40</wcet>
            <wcet number="1">150</wcet>
            <maxpow number="0.6201421949449308"/>
            <maxpow number="0.6201421949449308"/>
            <fprob>0.0</fprob>
        </actor>
        <actor name="D0N9">
            <wcet number="0">140</wcet>
            <wcet number="1">180</wcet>
            <maxpow number="0.17040704370822946"/>
            <maxpow number="0.17040704370822946"/>
            <fprob>0.0</fprob>
        </actor>
        <actor name="D0N20">
            <wcet number="0">20</wcet>
            <wcet number="1">20</wcet>
            <maxpow number="0.4029877382241974"/>
            <maxpow number="0.4029877382241974"/>
            <fprob>0.0</fprob>
        </actor>
        <actor name="D0N16">
            <wcet number="0">110</wcet>
            <wcet number="1">160</wcet>
            <maxpow number="0.5408231922718556"/>
            <maxpow number="0.5408231922718556"/>
            <fprob>0.0</fprob>
        </actor>
        <actor name="D0N11">
            <wcet number="0">190</wcet>
            <wcet number="1">220</wcet>
            <maxpow number="0.5334637492380416"/>
            <maxpow number="0.5334637492380416"/>
            <fprob>0.0</fprob>
        </actor>
        <actor name="D0N12">
            <wcet number="0">90</wcet>
            <wcet number="1">100</wcet>
            <maxpow number="0.47715425824344404"/>
            <maxpow number="0.47715425824344404"/>
            <fprob>0.0</fprob>
        </actor>
        <actor name="D0N28">
            <wcet number="0">40</wcet>
            <wcet number="1">70</wcet>
            <maxpow number="0.5814809002715867"/>
            <maxpow number="0.5814809002715867"/>
            <fprob>0.0</fprob>
        </actor>
        <actor name="D0N8">
            <wcet number="0">220</wcet>
            <wcet number="1">250</wcet>
            <maxpow number="0.6964059765035737"/>
            <maxpow number="0.6964059765035737"/>
            <fprob>0.0</fprob>
        </actor>
        <actor name="D0N26">
            <wcet number="0">30</wcet>
            <wcet number="1">50</wcet>
            <maxpow number="0.7733001621915189"/>
            <maxpow number="0.7733001621915189"/>
            <fprob>0.0</fprob>
        </actor>
        <actor name="D0N6">
            <wcet number="0">10</wcet>
            <wcet number="1">10</wcet>
            <maxpow number="0.8101125857716275"/>
            <maxpow number="0.8101125857716275"/>
            <fprob>0.0</fprob>
        </actor>
        <actor name="D0N22">
            <wcet number="0">50</wcet>
            <wcet number="1">80</wcet>
            <maxpow number="0.6389100626456706"/>
            <maxpow number="0.6389100626456706"/>
            <fprob>0.0</fprob>
        </actor>
        <actor name="D0N33">
            <wcet number="0">130</wcet>
            <wcet number="1">210</wcet>
            <maxpow number="0.21555539080470248"/>
            <maxpow number="0.21555539080470248"/>
            <fprob>0.0</fprob>
        </actor>
        <actor name="D0N37">
            <wcet number="0">10</wcet>
            <wcet number="1">10</wcet>
            <maxpow number="-0.060167186440368225"/>
            <maxpow number="-0.060167186440368225"/>
            <fprob>0.0</fprob>
        </actor>
        <actor name="D0N35">
            <wcet number="0">30</wcet>
            <wcet number="1">60</wcet>
            <maxpow number="0.4921323211817211"/>
            <maxpow number="0.4921323211817211"/>
            <fprob>0.0</fprob>
        </actor>
        <ports>
            <port dstActor="D0N32" name="p0" srcActor="D0N21"/>
            <port dstActor="D0N36" name="p1" srcActor="D0N21"/>
            <port dstActor="D0N46" name="p2" srcActor="D0N40"/>
            <port dstActor="D0N41" name="p3" srcActor="D0N40"/>
            <port dstActor="D0N29" name="p4" srcActor="D0N5"/>
            <port dstActor="D0N39" name="p5" srcActor="D0N5"/>
            <port dstActor="D0N12" name="p6" srcActor="D0N5"/>
            <port dstActor="D0N11" name="p7" srcActor="D0N5"/>
            <port dstActor="D0N26" name="p8" srcActor="D0N14"/>
            <port dstActor="D0N43" name="p9" srcActor="D0N14"/>
            <port dstActor="D0N13" name="p10" srcActor="D0N7"/>
            <port dstActor="D0N8" name="p11" srcActor="D0N7"/>
            <port dstActor="D0N17" name="p12" srcActor="D0N7"/>
            <port dstActor="D0N46" name="p13" srcActor="D0N7"/>
            <port dstActor="D0N39" name="p14" srcActor="D0N38"/>
            <port dstActor="D0N46" name="p15" srcActor="D0N38"/>
            <port dstActor="D0N37" name="p16" srcActor="D0N32"/>
            <port dstActor="D0N34" name="p17" srcActor="D0N32"/>
            <port dstActor="D0N36" name="p18" srcActor="D0N32"/>
            <port dstActor="D0N23" name="p19" srcActor="D0N3"/>
            <port dstActor="D0N41" name="p20" srcActor="D0N3"/>
            <port dstActor="D0N8" name="p21" srcActor="D0N3"/>
            <port dstActor="D0N4" name="p22" srcActor="D0N3"/>
            <port dstActor="D0N45" name="p23" srcActor="D0N3"/>
            <port dstActor="D0N11" name="p24" srcActor="D0N3"/>
            <port dstActor="D0N38" name="p25" srcActor="D0N3"/>
            <port dstActor="D0N17" name="p26" srcActor="D0N3"/>
            <port dstActor="D0N34" name="p27" srcActor="D0N25"/>
            <port dstActor="D0N44" name="p28" srcActor="D0N25"/>
            <port dstActor="D0N35" name="p29" srcActor="D0N25"/>
            <port dstActor="D0N31" name="p30" srcActor="D0N25"/>
            <port dstActor="D0N18" name="p31" srcActor="D0N1"/>
            <port dstActor="D0N41" name="p32" srcActor="D0N1"/>
            <port dstActor="D0N31" name="p33" srcActor="D0N1"/>
            <port dstActor="D0N20" name="p34" srcActor="D0N1"/>
            <port dstActor="D0N46" name="p35" srcActor="D0N1"/>
            <port dstActor="D0N34" name="p36" srcActor="D0N1"/>
            <port dstActor="D0N29" name="p37" srcActor="D0N13"/>
            <port dstActor="D0N32" name="p38" srcActor="D0N13"/>
            <port dstActor="D0N33" name="p39" srcActor="D0N13"/>
            <port dstActor="D0N30" name="p40" srcActor="D0N10"/>
            <port dstActor="D0N38" name="p41" srcActor="D0N10"/>
            <port dstActor="D0N31" name="p42" srcActor="D0N10"/>
            <port dstActor="D0N24" name="p43" srcActor="D0N10"/>
            <port dstActor="D0N22" name="p44" srcActor="D0N10"/>
            <port dstActor="D0N41" name="p45" srcActor="D0N4"/>
            <port dstActor="D0N23" name="p46" srcActor="D0N4"/>
            <port dstActor="D0N37" name="p47" srcActor="D0N4"/>
            <port dstActor="D0N38" name="p48" srcActor="D0N30"/>
            <port dstActor="D0N45" name="p49" srcActor="D0N30"/>
            <port dstActor="D0N45" name="p50" srcActor="D0N41"/>
            <port dstActor="D0N43" name="p51" srcActor="D0N39"/>
            <port dstActor="D0N41" name="p52" srcActor="D0N19"/>
            <port dstActor="D0N42" name="p53" srcActor="D0N2"/>
            <port dstActor="D0N26" name="p54" srcActor="D0N2"/>
            <port dstActor="D0N37" name="p55" srcActor="D0N36"/>
            <port dstActor="D0N32" name="p56" srcActor="D0N29"/>
            <port dstActor="D0N34" name="p57" srcActor="D0N17"/>
            <port dstActor="D0N26" name="p58" srcActor="D0N17"/>
            <port dstActor="D0N20" name="p59" srcActor="D0N0"/>
            <port dstActor="D0N31" name="p60" srcActor="D0N0"/>
            <port dstActor="D0N33" name="p61" srcActor="D0N0"/>
            <port dstActor="D0N11" name="p62" srcActor="D0N0"/>
            <port dstActor="D0N39" name="p63" srcActor="D0N0"/>
            <port dstActor="D0N38" name="p64" srcActor="D0N0"/>
            <port dstActor="D0N34" name="p65" srcActor="D0N0"/>
            <port dstActor="D0N31" name="p66" srcActor="D0N27"/>
            <port dstActor="D0N41" name="p67" srcActor="D0N15"/>
            <port dstActor="D0N24" name="p68" srcActor="D0N15"/>
            <port dstActor="D0N42" name="p69" srcActor="D0N15"/>
            <port dstActor="D0N41" name="p70" srcActor="D0N18"/>
            <port dstActor="D0N33" name="p71" srcActor="D0N31"/>
            <port dstActor="D0N39" name="p72" srcActor="D0N31"/>
            <port dstActor="D0N46" name="p73" srcActor="D0N24"/>
            <port dstActor="D0N16" name="p74" srcActor="D0N9"/>
            <port dstActor="D0N26" name="p75" srcActor="D0N9"/>
            <port dstActor="D0N18" name="p76" srcActor="D0N9"/>
            <port dstActor="D0N29" name="p77" srcActor="D0N9"/>
            <port dstActor="D0N35" name="p78" srcActor="D0N20"/>
            <port dstActor="D0N40" name="p79" srcActor="D0N20"/>
            <port dstActor="D0N32" name="p80" srcActor="D0N16"/>
            <port dstActor="D0N25" name="p81" srcActor="D0N16"/>
            <port dstActor="D0N13" name="p82" srcActor="D0N11"/>
            <port dstActor="D0N18" name="p83" srcActor="D0N11"/>
            <port dstActor="D0N42" name="p84" srcActor="D0N11"/>
            <port dstActor="D0N38" name="p85" srcActor="D0N11"/>
            <port dstActor="D0N46" name="p86" srcActor="D0N11"/>
            <port dstActor="D0N41" name="p87" srcActor="D0N11"/>
            <port dstActor="D0N20" name="p88" srcActor="D0N11"/>
            <port dstActor="D0N30" name="p89" srcActor="D0N11"/>
            <port dstActor="D0N32" name="p90" srcActor="D0N11"/>
            <port dstActor="D0N14" name="p91" srcActor="D0N11"/>
            <port dstActor="D0N26" name="p92" srcActor="D0N11"/>
            <port dstActor="D0N38" name="p93" srcActor="D0N12"/>
            <port dstActor="D0N37" name="p94" srcActor="D0N12"/>
            <port dstActor="D0N34" name="p95" srcActor="D0N12"/>
            <port dstActor="D0N27" name="p96" srcActor="D0N12"/>
            <port dstActor="D0N33" name="p97" srcActor="D0N28"/>
            <port dstActor="D0N36" name="p98" srcActor="D0N28"/>
            <port dstActor="D0N9" name="p99" srcActor="D0N8"/>
            <port dstActor="D0N30" name="p100" srcActor="D0N8"/>
            <port dstActor="D0N37" name="p101" srcActor="D0N8"/>
            <port dstActor="D0N12" name="p102" srcActor="D0N8"/>
            <port dstActor="D0N44" name="p103" srcActor="D0N26"/>
            <port dstActor="D0N41" name="p104" srcActor="D0N26"/>
            <port dstActor="D0N38" name="p105" srcActor="D0N26"/>
            <port dstActor="D0N24" name="p106" srcActor="D0N6"/>
            <port dstActor="D0N41" name="p107" srcActor="D0N6"/>
            <port dstActor="D0N27" name="p108" srcActor="D0N22"/>
            <port dstActor="D0N31" name="p109" srcActor="D0N22"/>
            <port dstActor="D0N46" name="p110" srcActor="D0N33"/>
            <port dstActor="D0N44" name="p111" srcActor="D0N33"/>
            <port dstActor="D0N38" name="p112" srcActor="D0N33"/>
            <port dstActor="D0N45" name="p113" srcActor="D0N37"/>
            <port dstActor="D0N38" name="p114" srcActor="D0N37"/>
            <port dstActor="D0N41" name="p115" srcActor="D0N35"/>
            <port dstActor="D0N38" name="p116" srcActor="D0N35"/>
        </ports>
    </mcdag>
    <cores number="2"/>
    <levels number="2"/>
</mcsystem>
