<?xml version="1.0" encoding="UTF-8" standalone="no"?>
<mcsystem>
    <mcdag deadline="1000" name="genned-0-ed-10.0-0">
        <actor name="D0N46">
            <wcet number="0">10</wcet>
            <wcet number="1">10</wcet>
            <maxpow number="0.35955403497438726"/>
            <maxpow number="0.35955403497438726"/>
            <fprob>0.0</fprob>
        </actor>
        <actor name="D0N18">
            <wcet number="0">20</wcet>
            <wcet number="1">20</wcet>
            <maxpow number="0.7631666763416199"/>
            <maxpow number="0.7631666763416199"/>
            <fprob>0.0</fprob>
        </actor>
        <actor name="D0N19">
            <wcet number="0">90</wcet>
            <wcet number="1">120</wcet>
            <maxpow number="0.9435372209723532"/>
            <maxpow number="0.9435372209723532"/>
            <fprob>0.0</fprob>
        </actor>
        <actor name="D0N26">
            <wcet number="0">40</wcet>
            <wcet number="1">150</wcet>
            <maxpow number="0.7249108672917847"/>
            <maxpow number="0.7249108672917847"/>
            <fprob>0.0</fprob>
        </actor>
        <actor name="D0N47">
            <wcet number="0">10</wcet>
            <wcet number="1">10</wcet>
            <maxpow number="0.3309069757690637"/>
            <maxpow number="0.3309069757690637"/>
            <fprob>0.0</fprob>
        </actor>
        <actor name="D0N24">
            <wcet number="0">80</wcet>
            <wcet number="1">90</wcet>
            <maxpow number="0.8797829738583711"/>
            <maxpow number="0.8797829738583711"/>
            <fprob>0.0</fprob>
        </actor>
        <actor name="D0N34">
            <wcet number="0">10</wcet>
            <wcet number="1">20</wcet>
            <maxpow number="0.5898787020480143"/>
            <maxpow number="0.5898787020480143"/>
            <fprob>0.0</fprob>
        </actor>
        <actor name="D0N49">
            <wcet number="0">40</wcet>
            <wcet number="1">50</wcet>
            <maxpow number="0.6057141553402252"/>
            <maxpow number="0.6057141553402252"/>
            <fprob>0.0</fprob>
        </actor>
        <actor name="D0N38">
            <wcet number="0">50</wcet>
            <wcet number="1">50</wcet>
            <maxpow number="0.9377672980145222"/>
            <maxpow number="0.9377672980145222"/>
            <fprob>0.0</fprob>
        </actor>
        <actor name="D0N28">
            <wcet number="0">10</wcet>
            <wcet number="1">20</wcet>
            <maxpow number="0.3595407715540234"/>
            <maxpow number="0.3595407715540234"/>
            <fprob>0.0</fprob>
        </actor>
        <actor name="D0N11">
            <wcet number="0">20</wcet>
            <wcet number="1">40</wcet>
            <maxpow number="0.5090957074326713"/>
            <maxpow number="0.5090957074326713"/>
            <fprob>0.0</fprob>
        </actor>
        <actor name="D0N8">
            <wcet number="0">10</wcet>
            <wcet number="1">10</wcet>
            <maxpow number="0.2975345067148308"/>
            <maxpow number="0.2975345067148308"/>
            <fprob>0.0</fprob>
        </actor>
        <actor name="D0N25">
            <wcet number="0">20</wcet>
            <wcet number="1">40</wcet>
            <maxpow number="0.5025988591968824"/>
            <maxpow number="0.5025988591968824"/>
            <fprob>0.0</fprob>
        </actor>
        <actor name="D0N1">
            <wcet number="0">10</wcet>
            <wcet number="1">70</wcet>
            <maxpow number="1.0136504268326267"/>
            <maxpow number="1.0136504268326267"/>
            <fprob>0.0</fprob>
        </actor>
        <actor name="D0N3">
            <wcet number="0">20</wcet>
            <wcet number="1">20</wcet>
            <maxpow number="0.7865506116379954"/>
            <maxpow number="0.7865506116379954"/>
            <fprob>0.0</fprob>
        </actor>
        <actor name="D0N39">
            <wcet number="0">10</wcet>
            <wcet number="1">40</wcet>
            <maxpow number="0.4687094838368699"/>
            <maxpow number="0.4687094838368699"/>
            <fprob>0.0</fprob>
        </actor>
        <actor name="D0N40">
            <wcet number="0">20</wcet>
            <wcet number="1">20</wcet>
            <maxpow number="0.6928535780639187"/>
            <maxpow number="0.6928535780639187"/>
            <fprob>0.0</fprob>
        </actor>
        <actor name="D0N14">
            <wcet number="0">20</wcet>
            <wcet number="1">30</wcet>
            <maxpow number="0.4174348147350106"/>
            <maxpow number="0.4174348147350106"/>
            <fprob>0.0</fprob>
        </actor>
        <actor name="D0N15">
            <wcet number="0">10</wcet>
            <wcet number="1">10</wcet>
            <maxpow number="0.17255749404951282"/>
            <maxpow number="0.17255749404951282"/>
            <fprob>0.0</fprob>
        </actor>
        <actor name="D0N42">
            <wcet number="0">30</wcet>
            <wcet number="1">70</wcet>
            <maxpow number="0.21417693080736305"/>
            <maxpow number="0.21417693080736305"/>
            <fprob>0.0</fprob>
        </actor>
        <actor name="D0N29">
            <wcet number="0">10</wcet>
            <wcet number="1">30</wcet>
            <maxpow number="0.2846527000701746"/>
            <maxpow number="0.2846527000701746"/>
            <fprob>0.0</fprob>
        </actor>
        <actor name="D0N7">
            <wcet number="0">10</wcet>
            <wcet number="1">40</wcet>
            <maxpow number="0.644883628082827"/>
            <maxpow number="0.644883628082827"/>
            <fprob>0.0</fprob>
        </actor>
        <actor name="D0N33">
            <wcet number="0">50</wcet>
            <wcet number="1">50</wcet>
            <maxpow number="0.5001898268400811"/>
            <maxpow number="0.5001898268400811"/>
            <fprob>0.0</fprob>
        </actor>
        <actor name="D0N16">
            <wcet number="0">90</wcet>
            <wcet number="1">130</wcet>
            <maxpow number="0.4803630976732985"/>
            <maxpow number="0.4803630976732985"/>
            <fprob>0.0</fprob>
        </actor>
        <actor name="D0N44">
            <wcet number="0">20</wcet>
            <wcet number="1">20</wcet>
            <maxpow number="0.17057812413869883"/>
            <maxpow number="0.17057812413869883"/>
            <fprob>0.0</fprob>
        </actor>
        <actor name="D0N6">
            <wcet number="0">10</wcet>
            <wcet number="1">30</wcet>
            <maxpow number="0.6451470553737694"/>
            <maxpow number="0.6451470553737694"/>
            <fprob>0.0</fprob>
        </actor>
        <actor name="D0N2">
            <wcet number="0">20</wcet>
            <wcet number="1">30</wcet>
            <maxpow number="0.8330751319677092"/>
            <maxpow number="0.8330751319677092"/>
            <fprob>0.0</fprob>
        </actor>
        <actor name="D0N22">
            <wcet number="0">20</wcet>
            <wcet number="1">20</wcet>
            <maxpow number="0.5446812044561606"/>
            <maxpow number="0.5446812044561606"/>
            <fprob>0.0</fprob>
        </actor>
        <actor name="D0N36">
            <wcet number="0">120</wcet>
            <wcet number="1">230</wcet>
            <maxpow number="0.7113039760502862"/>
            <maxpow number="0.7113039760502862"/>
            <fprob>0.0</fprob>
        </actor>
        <actor name="D0N37">
            <wcet number="0">70</wcet>
            <wcet number="1">110</wcet>
            <maxpow number="0.5278303359230796"/>
            <maxpow number="0.5278303359230796"/>
            <fprob>0.0</fprob>
        </actor>
        <actor name="D0N10">
            <wcet number="0">10</wcet>
            <wcet number="1">10</wcet>
            <maxpow number="0.7960715158956213"/>
            <maxpow number="0.7960715158956213"/>
            <fprob>0.0</fprob>
        </actor>
        <actor name="D0N17">
            <wcet number="0">30</wcet>
            <wcet number="1">160</wcet>
            <maxpow number="0.1197927547381627"/>
            <maxpow number="0.1197927547381627"/>
            <fprob>0.0</fprob>
        </actor>
        <actor name="D0N32">
            <wcet number="0">10</wcet>
            <wcet number="1">30</wcet>
            <maxpow number="0.7065897146231701"/>
            <maxpow number="0.7065897146231701"/>
            <fprob>0.0</fprob>
        </actor>
        <actor name="D0N31">
            <wcet number="0">20</wcet>
            <wcet number="1">20</wcet>
            <maxpow number="0.8995328415559996"/>
            <maxpow number="0.8995328415559996"/>
            <fprob>0.0</fprob>
        </actor>
        <actor name="D0N45">
            <wcet number="0">10</wcet>
            <wcet number="1">10</wcet>
            <maxpow number="0.6086267889468588"/>
            <maxpow number="0.6086267889468588"/>
            <fprob>0.0</fprob>
        </actor>
        <actor name="D0N0">
            <wcet number="0">10</wcet>
            <wcet number="1">10</wcet>
            <maxpow number="0.5912287675322583"/>
            <maxpow number="0.5912287675322583"/>
            <fprob>0.0</fprob>
        </actor>
        <actor name="D0N41">
            <wcet number="0">20</wcet>
            <wcet number="1">20</wcet>
            <maxpow number="0.6240398172675362"/>
            <maxpow number="0.6240398172675362"/>
            <fprob>0.0</fprob>
        </actor>
        <actor name="D0N5">
            <wcet number="0">10</wcet>
            <wcet number="1">30</wcet>
            <maxpow number="0.4062304939726501"/>
            <maxpow number="0.4062304939726501"/>
            <fprob>0.0</fprob>
        </actor>
        <actor name="D0N48">
            <wcet number="0">10</wcet>
            <wcet number="1">20</wcet>
            <maxpow number="0.19000345429562582"/>
            <maxpow number="0.19000345429562582"/>
            <fprob>0.0</fprob>
        </actor>
        <actor name="D0N30">
            <wcet number="0">10</wcet>
            <wcet number="1">10</wcet>
            <maxpow number="0.4369372633437847"/>
            <maxpow number="0.4369372633437847"/>
            <fprob>0.0</fprob>
        </actor>
        <actor name="D0N4">
            <wcet number="0">10</wcet>
            <wcet number="1">10</wcet>
            <maxpow number="0.5464102723493666"/>
            <maxpow number="0.5464102723493666"/>
            <fprob>0.0</fprob>
        </actor>
        <actor name="D0N43">
            <wcet number="0">30</wcet>
            <wcet number="1">40</wcet>
            <maxpow number="0.48404301656379134"/>
            <maxpow number="0.48404301656379134"/>
            <fprob>0.0</fprob>
        </actor>
        <actor name="D0N9">
            <wcet number="0">30</wcet>
            <wcet number="1">30</wcet>
            <maxpow number="0.19355133853263512"/>
            <maxpow number="0.19355133853263512"/>
            <fprob>0.0</fprob>
        </actor>
        <actor name="D0N23">
            <wcet number="0">70</wcet>
            <wcet number="1">90</wcet>
            <maxpow number="0.5963966337467838"/>
            <maxpow number="0.5963966337467838"/>
            <fprob>0.0</fprob>
        </actor>
        <actor name="D0N12">
            <wcet number="0">100</wcet>
            <wcet number="1">120</wcet>
            <maxpow number="0.5403675724632496"/>
            <maxpow number="0.5403675724632496"/>
            <fprob>0.0</fprob>
        </actor>
        <actor name="D0N35">
            <wcet number="0">140</wcet>
            <wcet number="1">160</wcet>
            <maxpow number="0.6414034623053315"/>
            <maxpow number="0.6414034623053315"/>
            <fprob>0.0</fprob>
        </actor>
        <actor name="D0N13">
            <wcet number="0">20</wcet>
            <wcet number="1">30</wcet>
            <maxpow number="0.5992977691500718"/>
            <maxpow number="0.5992977691500718"/>
            <fprob>0.0</fprob>
        </actor>
        <actor name="D0N27">
            <wcet number="0">60</wcet>
            <wcet number="1">80</wcet>
            <maxpow number="0.9605414993282793"/>
            <maxpow number="0.9605414993282793"/>
            <fprob>0.0</fprob>
        </actor>
        <actor name="D0N20">
            <wcet number="0">10</wcet>
            <wcet number="1">10</wcet>
            <maxpow number="0.610632142242268"/>
            <maxpow number="0.610632142242268"/>
            <fprob>0.0</fprob>
        </actor>
        <actor name="D0N21">
            <wcet number="0">20</wcet>
            <wcet number="1">30</wcet>
            <maxpow number="0.5188868219589435"/>
            <maxpow number="0.5188868219589435"/>
            <fprob>0.0</fprob>
        </actor>
        <ports>
            <port dstActor="D0N39" name="p0" srcActor="D0N18"/>
            <port dstActor="D0N26" name="p1" srcActor="D0N18"/>
            <port dstActor="D0N29" name="p2" srcActor="D0N18"/>
            <port dstActor="D0N49" name="p3" srcActor="D0N19"/>
            <port dstActor="D0N41" name="p4" srcActor="D0N19"/>
            <port dstActor="D0N38" name="p5" srcActor="D0N26"/>
            <port dstActor="D0N39" name="p6" srcActor="D0N26"/>
            <port dstActor="D0N37" name="p7" srcActor="D0N26"/>
            <port dstActor="D0N38" name="p8" srcActor="D0N24"/>
            <port dstActor="D0N29" name="p9" srcActor="D0N24"/>
            <port dstActor="D0N36" name="p10" srcActor="D0N24"/>
            <port dstActor="D0N43" name="p11" srcActor="D0N34"/>
            <port dstActor="D0N41" name="p12" srcActor="D0N34"/>
            <port dstActor="D0N36" name="p13" srcActor="D0N34"/>
            <port dstActor="D0N45" name="p14" srcActor="D0N38"/>
            <port dstActor="D0N44" name="p15" srcActor="D0N38"/>
            <port dstActor="D0N47" name="p16" srcActor="D0N38"/>
            <port dstActor="D0N38" name="p17" srcActor="D0N28"/>
            <port dstActor="D0N29" name="p18" srcActor="D0N28"/>
            <port dstActor="D0N42" name="p19" srcActor="D0N28"/>
            <port dstActor="D0N25" name="p20" srcActor="D0N11"/>
            <port dstActor="D0N26" name="p21" srcActor="D0N11"/>
            <port dstActor="D0N33" name="p22" srcActor="D0N11"/>
            <port dstActor="D0N46" name="p23" srcActor="D0N11"/>
            <port dstActor="D0N27" name="p24" srcActor="D0N8"/>
            <port dstActor="D0N36" name="p25" srcActor="D0N8"/>
            <port dstActor="D0N33" name="p26" srcActor="D0N25"/>
            <port dstActor="D0N29" name="p27" srcActor="D0N25"/>
            <port dstActor="D0N49" name="p28" srcActor="D0N25"/>
            <port dstActor="D0N16" name="p29" srcActor="D0N1"/>
            <port dstActor="D0N7" name="p30" srcActor="D0N1"/>
            <port dstActor="D0N8" name="p31" srcActor="D0N3"/>
            <port dstActor="D0N12" name="p32" srcActor="D0N3"/>
            <port dstActor="D0N38" name="p33" srcActor="D0N3"/>
            <port dstActor="D0N16" name="p34" srcActor="D0N3"/>
            <port dstActor="D0N40" name="p35" srcActor="D0N39"/>
            <port dstActor="D0N45" name="p36" srcActor="D0N40"/>
            <port dstActor="D0N36" name="p37" srcActor="D0N14"/>
            <port dstActor="D0N35" name="p38" srcActor="D0N15"/>
            <port dstActor="D0N29" name="p39" srcActor="D0N15"/>
            <port dstActor="D0N31" name="p40" srcActor="D0N15"/>
            <port dstActor="D0N34" name="p41" srcActor="D0N15"/>
            <port dstActor="D0N49" name="p42" srcActor="D0N15"/>
            <port dstActor="D0N43" name="p43" srcActor="D0N42"/>
            <port dstActor="D0N31" name="p44" srcActor="D0N29"/>
            <port dstActor="D0N23" name="p45" srcActor="D0N7"/>
            <port dstActor="D0N28" name="p46" srcActor="D0N7"/>
            <port dstActor="D0N32" name="p47" srcActor="D0N7"/>
            <port dstActor="D0N27" name="p48" srcActor="D0N7"/>
            <port dstActor="D0N12" name="p49" srcActor="D0N7"/>
            <port dstActor="D0N14" name="p50" srcActor="D0N7"/>
            <port dstActor="D0N44" name="p51" srcActor="D0N7"/>
            <port dstActor="D0N34" name="p52" srcActor="D0N33"/>
            <port dstActor="D0N46" name="p53" srcActor="D0N33"/>
            <port dstActor="D0N41" name="p54" srcActor="D0N16"/>
            <port dstActor="D0N38" name="p55" srcActor="D0N16"/>
            <port dstActor="D0N21" name="p56" srcActor="D0N16"/>
            <port dstActor="D0N20" name="p57" srcActor="D0N16"/>
            <port dstActor="D0N24" name="p58" srcActor="D0N16"/>
            <port dstActor="D0N48" name="p59" srcActor="D0N44"/>
            <port dstActor="D0N44" name="p60" srcActor="D0N6"/>
            <port dstActor="D0N37" name="p61" srcActor="D0N6"/>
            <port dstActor="D0N46" name="p62" srcActor="D0N6"/>
            <port dstActor="D0N24" name="p63" srcActor="D0N6"/>
            <port dstActor="D0N19" name="p64" srcActor="D0N6"/>
            <port dstActor="D0N39" name="p65" srcActor="D0N6"/>
            <port dstActor="D0N20" name="p66" srcActor="D0N6"/>
            <port dstActor="D0N22" name="p67" srcActor="D0N6"/>
            <port dstActor="D0N12" name="p68" srcActor="D0N2"/>
            <port dstActor="D0N28" name="p69" srcActor="D0N2"/>
            <port dstActor="D0N27" name="p70" srcActor="D0N2"/>
            <port dstActor="D0N23" name="p71" srcActor="D0N2"/>
            <port dstActor="D0N10" name="p72" srcActor="D0N2"/>
            <port dstActor="D0N27" name="p73" srcActor="D0N22"/>
            <port dstActor="D0N23" name="p74" srcActor="D0N22"/>
            <port dstActor="D0N35" name="p75" srcActor="D0N22"/>
            <port dstActor="D0N44" name="p76" srcActor="D0N22"/>
            <port dstActor="D0N31" name="p77" srcActor="D0N22"/>
            <port dstActor="D0N37" name="p78" srcActor="D0N36"/>
            <port dstActor="D0N48" name="p79" srcActor="D0N36"/>
            <port dstActor="D0N41" name="p80" srcActor="D0N37"/>
            <port dstActor="D0N39" name="p81" srcActor="D0N37"/>
            <port dstActor="D0N23" name="p82" srcActor="D0N10"/>
            <port dstActor="D0N19" name="p83" srcActor="D0N10"/>
            <port dstActor="D0N22" name="p84" srcActor="D0N10"/>
            <port dstActor="D0N18" name="p85" srcActor="D0N10"/>
            <port dstActor="D0N44" name="p86" srcActor="D0N17"/>
            <port dstActor="D0N27" name="p87" srcActor="D0N17"/>
            <port dstActor="D0N34" name="p88" srcActor="D0N17"/>
            <port dstActor="D0N33" name="p89" srcActor="D0N31"/>
            <port dstActor="D0N39" name="p90" srcActor="D0N31"/>
            <port dstActor="D0N46" name="p91" srcActor="D0N45"/>
            <port dstActor="D0N47" name="p92" srcActor="D0N45"/>
            <port dstActor="D0N18" name="p93" srcActor="D0N0"/>
            <port dstActor="D0N6" name="p94" srcActor="D0N0"/>
            <port dstActor="D0N11" name="p95" srcActor="D0N0"/>
            <port dstActor="D0N31" name="p96" srcActor="D0N0"/>
            <port dstActor="D0N46" name="p97" srcActor="D0N0"/>
            <port dstActor="D0N49" name="p98" srcActor="D0N0"/>
            <port dstActor="D0N45" name="p99" srcActor="D0N5"/>
            <port dstActor="D0N12" name="p100" srcActor="D0N5"/>
            <port dstActor="D0N39" name="p101" srcActor="D0N5"/>
            <port dstActor="D0N47" name="p102" srcActor="D0N5"/>
            <port dstActor="D0N14" name="p103" srcActor="D0N5"/>
            <port dstActor="D0N8" name="p104" srcActor="D0N4"/>
            <port dstActor="D0N46" name="p105" srcActor="D0N4"/>
            <port dstActor="D0N17" name="p106" srcActor="D0N4"/>
            <port dstActor="D0N10" name="p107" srcActor="D0N4"/>
            <port dstActor="D0N44" name="p108" srcActor="D0N43"/>
            <port dstActor="D0N33" name="p109" srcActor="D0N9"/>
            <port dstActor="D0N25" name="p110" srcActor="D0N9"/>
            <port dstActor="D0N14" name="p111" srcActor="D0N9"/>
            <port dstActor="D0N23" name="p112" srcActor="D0N9"/>
            <port dstActor="D0N26" name="p113" srcActor="D0N9"/>
            <port dstActor="D0N41" name="p114" srcActor="D0N9"/>
            <port dstActor="D0N42" name="p115" srcActor="D0N23"/>
            <port dstActor="D0N45" name="p116" srcActor="D0N23"/>
            <port dstActor="D0N48" name="p117" srcActor="D0N23"/>
            <port dstActor="D0N29" name="p118" srcActor="D0N23"/>
            <port dstActor="D0N23" name="p119" srcActor="D0N12"/>
            <port dstActor="D0N16" name="p120" srcActor="D0N13"/>
            <port dstActor="D0N14" name="p121" srcActor="D0N13"/>
            <port dstActor="D0N17" name="p122" srcActor="D0N13"/>
            <port dstActor="D0N47" name="p123" srcActor="D0N13"/>
            <port dstActor="D0N19" name="p124" srcActor="D0N13"/>
            <port dstActor="D0N21" name="p125" srcActor="D0N13"/>
            <port dstActor="D0N15" name="p126" srcActor="D0N13"/>
            <port dstActor="D0N35" name="p127" srcActor="D0N27"/>
            <port dstActor="D0N42" name="p128" srcActor="D0N27"/>
            <port dstActor="D0N38" name="p129" srcActor="D0N20"/>
            <port dstActor="D0N27" name="p130" srcActor="D0N20"/>
            <port dstActor="D0N34" name="p131" srcActor="D0N20"/>
            <port dstActor="D0N24" name="p132" srcActor="D0N21"/>
            <port dstActor="D0N35" name="p133" srcActor="D0N21"/>
            <port dstActor="D0N31" name="p134" srcActor="D0N21"/>
        </ports>
    </mcdag>
    <cores number="3"/>
    <levels number="2"/>
</mcsystem>
