<?xml version="1.0" encoding="UTF-8" standalone="no"?>
<mcsystem>
    <mcdag deadline="2500" name="genned-0-ed-10.0-0">
        <actor name="D0N26">
            <wcet number="0">10</wcet>
            <wcet number="1">10</wcet>
            <maxpow number="0.3258623158860095"/>
            <maxpow number="0.3258623158860095"/>
            <fprob>0.0</fprob>
        </actor>
        <actor name="D0N44">
            <wcet number="0">20</wcet>
            <wcet number="1">50</wcet>
            <maxpow number="0.3953684748802099"/>
            <maxpow number="0.3953684748802099"/>
            <fprob>0.0</fprob>
        </actor>
        <actor name="D0N20">
            <wcet number="0">150</wcet>
            <wcet number="1">250</wcet>
            <maxpow number="0.22099348105142969"/>
            <maxpow number="0.22099348105142969"/>
            <fprob>0.0</fprob>
        </actor>
        <actor name="D0N27">
            <wcet number="0">50</wcet>
            <wcet number="1">60</wcet>
            <maxpow number="0.4395777349429707"/>
            <maxpow number="0.4395777349429707"/>
            <fprob>0.0</fprob>
        </actor>
        <actor name="D0N4">
            <wcet number="0">180</wcet>
            <wcet number="1">220</wcet>
            <maxpow number="0.34066069287216083"/>
            <maxpow number="0.34066069287216083"/>
            <fprob>0.0</fprob>
        </actor>
        <actor name="D0N23">
            <wcet number="0">60</wcet>
            <wcet number="1">60</wcet>
            <maxpow number="0.5433380670194772"/>
            <maxpow number="0.5433380670194772"/>
            <fprob>0.0</fprob>
        </actor>
        <actor name="D0N33">
            <wcet number="0">50</wcet>
            <wcet number="1">90</wcet>
            <maxpow number="0.6171108802850863"/>
            <maxpow number="0.6171108802850863"/>
            <fprob>0.0</fprob>
        </actor>
        <actor name="D0N36">
            <wcet number="0">110</wcet>
            <wcet number="1">110</wcet>
            <maxpow number="0.6497160593335841"/>
            <maxpow number="0.6497160593335841"/>
            <fprob>0.0</fprob>
        </actor>
        <actor name="D0N25">
            <wcet number="0">100</wcet>
            <wcet number="1">190</wcet>
            <maxpow number="-0.07170954772788041"/>
            <maxpow number="-0.07170954772788041"/>
            <fprob>0.0</fprob>
        </actor>
        <actor name="D0N29">
            <wcet number="0">20</wcet>
            <wcet number="1">40</wcet>
            <maxpow number="0.5438291413231794"/>
            <maxpow number="0.5438291413231794"/>
            <fprob>0.0</fprob>
        </actor>
        <actor name="D0N41">
            <wcet number="0">130</wcet>
            <wcet number="1">170</wcet>
            <maxpow number="0.6454697426364602"/>
            <maxpow number="0.6454697426364602"/>
            <fprob>0.0</fprob>
        </actor>
        <actor name="D0N38">
            <wcet number="0">10</wcet>
            <wcet number="1">70</wcet>
            <maxpow number="0.4277619597333728"/>
            <maxpow number="0.4277619597333728"/>
            <fprob>0.0</fprob>
        </actor>
        <actor name="D0N42">
            <wcet number="0">210</wcet>
            <wcet number="1">230</wcet>
            <maxpow number="0.14824666523143226"/>
            <maxpow number="0.14824666523143226"/>
            <fprob>0.0</fprob>
        </actor>
        <actor name="D0N7">
            <wcet number="0">30</wcet>
            <wcet number="1">30</wcet>
            <maxpow number="0.28477783492055436"/>
            <maxpow number="0.28477783492055436"/>
            <fprob>0.0</fprob>
        </actor>
        <actor name="D0N12">
            <wcet number="0">30</wcet>
            <wcet number="1">40</wcet>
            <maxpow number="0.47553345864968377"/>
            <maxpow number="0.47553345864968377"/>
            <fprob>0.0</fprob>
        </actor>
        <actor name="D0N2">
            <wcet number="0">20</wcet>
            <wcet number="1">40</wcet>
            <maxpow number="0.5452748558056376"/>
            <maxpow number="0.5452748558056376"/>
            <fprob>0.0</fprob>
        </actor>
        <actor name="D0N30">
            <wcet number="0">60</wcet>
            <wcet number="1">70</wcet>
            <maxpow number="0.2938648229126115"/>
            <maxpow number="0.2938648229126115"/>
            <fprob>0.0</fprob>
        </actor>
        <actor name="D0N31">
            <wcet number="0">20</wcet>
            <wcet number="1">50</wcet>
            <maxpow number="0.35649938114060936"/>
            <maxpow number="0.35649938114060936"/>
            <fprob>0.0</fprob>
        </actor>
        <actor name="D0N19">
            <wcet number="0">10</wcet>
            <wcet number="1">10</wcet>
            <maxpow number="0.6750027305756783"/>
            <maxpow number="0.6750027305756783"/>
            <fprob>0.0</fprob>
        </actor>
        <actor name="D0N37">
            <wcet number="0">40</wcet>
            <wcet number="1">60</wcet>
            <maxpow number="0.7040183555266226"/>
            <maxpow number="0.7040183555266226"/>
            <fprob>0.0</fprob>
        </actor>
        <actor name="D0N0">
            <wcet number="0">90</wcet>
            <wcet number="1">150</wcet>
            <maxpow number="0.19462504001094316"/>
            <maxpow number="0.19462504001094316"/>
            <fprob>0.0</fprob>
        </actor>
        <actor name="D0N6">
            <wcet number="0">30</wcet>
            <wcet number="1">50</wcet>
            <maxpow number="0.49620769505933093"/>
            <maxpow number="0.49620769505933093"/>
            <fprob>0.0</fprob>
        </actor>
        <actor name="D0N32">
            <wcet number="0">10</wcet>
            <wcet number="1">40</wcet>
            <maxpow number="0.41766062966950057"/>
            <maxpow number="0.41766062966950057"/>
            <fprob>0.0</fprob>
        </actor>
        <actor name="D0N8">
            <wcet number="0">130</wcet>
            <wcet number="1">190</wcet>
            <maxpow number="0.640281622567822"/>
            <maxpow number="0.640281622567822"/>
            <fprob>0.0</fprob>
        </actor>
        <actor name="D0N47">
            <wcet number="0">230</wcet>
            <wcet number="1">260</wcet>
            <maxpow number="0.48824082696287363"/>
            <maxpow number="0.48824082696287363"/>
            <fprob>0.0</fprob>
        </actor>
        <actor name="D0N18">
            <wcet number="0">210</wcet>
            <wcet number="1">230</wcet>
            <maxpow number="0.7671512572654942"/>
            <maxpow number="0.7671512572654942"/>
            <fprob>0.0</fprob>
        </actor>
        <actor name="D0N24">
            <wcet number="0">140</wcet>
            <wcet number="1">290</wcet>
            <maxpow number="0.534022079951342"/>
            <maxpow number="0.534022079951342"/>
            <fprob>0.0</fprob>
        </actor>
        <actor name="D0N39">
            <wcet number="0">20</wcet>
            <wcet number="1">20</wcet>
            <maxpow number="0.426671810153078"/>
            <maxpow number="0.426671810153078"/>
            <fprob>0.0</fprob>
        </actor>
        <actor name="D0N1">
            <wcet number="0">140</wcet>
            <wcet number="1">150</wcet>
            <maxpow number="0.6512275132182298"/>
            <maxpow number="0.6512275132182298"/>
            <fprob>0.0</fprob>
        </actor>
        <actor name="D0N17">
            <wcet number="0">90</wcet>
            <wcet number="1">90</wcet>
            <maxpow number="0.2657711003813842"/>
            <maxpow number="0.2657711003813842"/>
            <fprob>0.0</fprob>
        </actor>
        <actor name="D0N43">
            <wcet number="0">40</wcet>
            <wcet number="1">40</wcet>
            <maxpow number="0.7210106830888294"/>
            <maxpow number="0.7210106830888294"/>
            <fprob>0.0</fprob>
        </actor>
        <actor name="D0N3">
            <wcet number="0">70</wcet>
            <wcet number="1">70</wcet>
            <maxpow number="0.6325967498998553"/>
            <maxpow number="0.6325967498998553"/>
            <fprob>0.0</fprob>
        </actor>
        <actor name="D0N16">
            <wcet number="0">200</wcet>
            <wcet number="1">210</wcet>
            <maxpow number="0.24663657399620598"/>
            <maxpow number="0.24663657399620598"/>
            <fprob>0.0</fprob>
        </actor>
        <actor name="D0N35">
            <wcet number="0">140</wcet>
            <wcet number="1">160</wcet>
            <maxpow number="0.8314620811011855"/>
            <maxpow number="0.8314620811011855"/>
            <fprob>0.0</fprob>
        </actor>
        <actor name="D0N28">
            <wcet number="0">40</wcet>
            <wcet number="1">80</wcet>
            <maxpow number="0.5883017076958436"/>
            <maxpow number="0.5883017076958436"/>
            <fprob>0.0</fprob>
        </actor>
        <actor name="D0N9">
            <wcet number="0">170</wcet>
            <wcet number="1">170</wcet>
            <maxpow number="0.4912659532980535"/>
            <maxpow number="0.4912659532980535"/>
            <fprob>0.0</fprob>
        </actor>
        <actor name="D0N22">
            <wcet number="0">20</wcet>
            <wcet number="1">20</wcet>
            <maxpow number="0.7462092149186639"/>
            <maxpow number="0.7462092149186639"/>
            <fprob>0.0</fprob>
        </actor>
        <actor name="D0N10">
            <wcet number="0">40</wcet>
            <wcet number="1">60</wcet>
            <maxpow number="0.7314788313698747"/>
            <maxpow number="0.7314788313698747"/>
            <fprob>0.0</fprob>
        </actor>
        <actor name="D0N21">
            <wcet number="0">130</wcet>
            <wcet number="1">130</wcet>
            <maxpow number="0.30826195658157274"/>
            <maxpow number="0.30826195658157274"/>
            <fprob>0.0</fprob>
        </actor>
        <actor name="D0N5">
            <wcet number="0">20</wcet>
            <wcet number="1">20</wcet>
            <maxpow number="0.6416383261417528"/>
            <maxpow number="0.6416383261417528"/>
            <fprob>0.0</fprob>
        </actor>
        <actor name="D0N11">
            <wcet number="0">10</wcet>
            <wcet number="1">20</wcet>
            <maxpow number="0.5572063938793045"/>
            <maxpow number="0.5572063938793045"/>
            <fprob>0.0</fprob>
        </actor>
        <actor name="D0N40">
            <wcet number="0">100</wcet>
            <wcet number="1">160</wcet>
            <maxpow number="0.7340960113041645"/>
            <maxpow number="0.7340960113041645"/>
            <fprob>0.0</fprob>
        </actor>
        <actor name="D0N46">
            <wcet number="0">20</wcet>
            <wcet number="1">100</wcet>
            <maxpow number="0.6037743885967917"/>
            <maxpow number="0.6037743885967917"/>
            <fprob>0.0</fprob>
        </actor>
        <actor name="D0N13">
            <wcet number="0">110</wcet>
            <wcet number="1">180</wcet>
            <maxpow number="0.6276879309055798"/>
            <maxpow number="0.6276879309055798"/>
            <fprob>0.0</fprob>
        </actor>
        <actor name="D0N14">
            <wcet number="0">150</wcet>
            <wcet number="1">190</wcet>
            <maxpow number="0.6551996602341518"/>
            <maxpow number="0.6551996602341518"/>
            <fprob>0.0</fprob>
        </actor>
        <actor name="D0N34">
            <wcet number="0">10</wcet>
            <wcet number="1">10</wcet>
            <maxpow number="0.6157694642807711"/>
            <maxpow number="0.6157694642807711"/>
            <fprob>0.0</fprob>
        </actor>
        <actor name="D0N45">
            <wcet number="0">150</wcet>
            <wcet number="1">360</wcet>
            <maxpow number="0.7215762513628279"/>
            <maxpow number="0.7215762513628279"/>
            <fprob>0.0</fprob>
        </actor>
        <actor name="D0N48">
            <wcet number="0">10</wcet>
            <wcet number="1">30</wcet>
            <maxpow number="0.6846694701263589"/>
            <maxpow number="0.6846694701263589"/>
            <fprob>0.0</fprob>
        </actor>
        <actor name="D0N15">
            <wcet number="0">10</wcet>
            <wcet number="1">170</wcet>
            <maxpow number="0.8517261695557103"/>
            <maxpow number="0.8517261695557103"/>
            <fprob>0.0</fprob>
        </actor>
        <ports>
            <port dstActor="D0N43" name="p0" srcActor="D0N26"/>
            <port dstActor="D0N46" name="p1" srcActor="D0N26"/>
            <port dstActor="D0N48" name="p2" srcActor="D0N20"/>
            <port dstActor="D0N32" name="p3" srcActor="D0N20"/>
            <port dstActor="D0N45" name="p4" srcActor="D0N20"/>
            <port dstActor="D0N41" name="p5" srcActor="D0N27"/>
            <port dstActor="D0N29" name="p6" srcActor="D0N4"/>
            <port dstActor="D0N14" name="p7" srcActor="D0N4"/>
            <port dstActor="D0N8" name="p8" srcActor="D0N4"/>
            <port dstActor="D0N44" name="p9" srcActor="D0N23"/>
            <port dstActor="D0N45" name="p10" srcActor="D0N23"/>
            <port dstActor="D0N30" name="p11" srcActor="D0N23"/>
            <port dstActor="D0N42" name="p12" srcActor="D0N33"/>
            <port dstActor="D0N40" name="p13" srcActor="D0N36"/>
            <port dstActor="D0N46" name="p14" srcActor="D0N36"/>
            <port dstActor="D0N30" name="p15" srcActor="D0N25"/>
            <port dstActor="D0N43" name="p16" srcActor="D0N29"/>
            <port dstActor="D0N44" name="p17" srcActor="D0N29"/>
            <port dstActor="D0N46" name="p18" srcActor="D0N29"/>
            <port dstActor="D0N44" name="p19" srcActor="D0N38"/>
            <port dstActor="D0N27" name="p20" srcActor="D0N7"/>
            <port dstActor="D0N9" name="p21" srcActor="D0N7"/>
            <port dstActor="D0N26" name="p22" srcActor="D0N7"/>
            <port dstActor="D0N39" name="p23" srcActor="D0N12"/>
            <port dstActor="D0N32" name="p24" srcActor="D0N12"/>
            <port dstActor="D0N43" name="p25" srcActor="D0N2"/>
            <port dstActor="D0N42" name="p26" srcActor="D0N2"/>
            <port dstActor="D0N11" name="p27" srcActor="D0N2"/>
            <port dstActor="D0N7" name="p28" srcActor="D0N2"/>
            <port dstActor="D0N48" name="p29" srcActor="D0N2"/>
            <port dstActor="D0N8" name="p30" srcActor="D0N2"/>
            <port dstActor="D0N33" name="p31" srcActor="D0N30"/>
            <port dstActor="D0N37" name="p32" srcActor="D0N31"/>
            <port dstActor="D0N32" name="p33" srcActor="D0N31"/>
            <port dstActor="D0N34" name="p34" srcActor="D0N31"/>
            <port dstActor="D0N39" name="p35" srcActor="D0N19"/>
            <port dstActor="D0N45" name="p36" srcActor="D0N37"/>
            <port dstActor="D0N42" name="p37" srcActor="D0N37"/>
            <port dstActor="D0N14" name="p38" srcActor="D0N0"/>
            <port dstActor="D0N11" name="p39" srcActor="D0N0"/>
            <port dstActor="D0N7" name="p40" srcActor="D0N6"/>
            <port dstActor="D0N34" name="p41" srcActor="D0N6"/>
            <port dstActor="D0N18" name="p42" srcActor="D0N6"/>
            <port dstActor="D0N45" name="p43" srcActor="D0N32"/>
            <port dstActor="D0N42" name="p44" srcActor="D0N8"/>
            <port dstActor="D0N32" name="p45" srcActor="D0N8"/>
            <port dstActor="D0N37" name="p46" srcActor="D0N8"/>
            <port dstActor="D0N38" name="p47" srcActor="D0N18"/>
            <port dstActor="D0N43" name="p48" srcActor="D0N18"/>
            <port dstActor="D0N33" name="p49" srcActor="D0N18"/>
            <port dstActor="D0N28" name="p50" srcActor="D0N24"/>
            <port dstActor="D0N27" name="p51" srcActor="D0N24"/>
            <port dstActor="D0N40" name="p52" srcActor="D0N39"/>
            <port dstActor="D0N13" name="p53" srcActor="D0N1"/>
            <port dstActor="D0N41" name="p54" srcActor="D0N1"/>
            <port dstActor="D0N8" name="p55" srcActor="D0N1"/>
            <port dstActor="D0N37" name="p56" srcActor="D0N1"/>
            <port dstActor="D0N10" name="p57" srcActor="D0N1"/>
            <port dstActor="D0N25" name="p58" srcActor="D0N1"/>
            <port dstActor="D0N31" name="p59" srcActor="D0N1"/>
            <port dstActor="D0N12" name="p60" srcActor="D0N1"/>
            <port dstActor="D0N16" name="p61" srcActor="D0N3"/>
            <port dstActor="D0N19" name="p62" srcActor="D0N3"/>
            <port dstActor="D0N29" name="p63" srcActor="D0N3"/>
            <port dstActor="D0N4" name="p64" srcActor="D0N3"/>
            <port dstActor="D0N40" name="p65" srcActor="D0N3"/>
            <port dstActor="D0N23" name="p66" srcActor="D0N3"/>
            <port dstActor="D0N31" name="p67" srcActor="D0N16"/>
            <port dstActor="D0N29" name="p68" srcActor="D0N16"/>
            <port dstActor="D0N32" name="p69" srcActor="D0N16"/>
            <port dstActor="D0N21" name="p70" srcActor="D0N16"/>
            <port dstActor="D0N41" name="p71" srcActor="D0N35"/>
            <port dstActor="D0N44" name="p72" srcActor="D0N28"/>
            <port dstActor="D0N10" name="p73" srcActor="D0N9"/>
            <port dstActor="D0N25" name="p74" srcActor="D0N9"/>
            <port dstActor="D0N32" name="p75" srcActor="D0N9"/>
            <port dstActor="D0N31" name="p76" srcActor="D0N22"/>
            <port dstActor="D0N32" name="p77" srcActor="D0N10"/>
            <port dstActor="D0N13" name="p78" srcActor="D0N10"/>
            <port dstActor="D0N15" name="p79" srcActor="D0N10"/>
            <port dstActor="D0N38" name="p80" srcActor="D0N21"/>
            <port dstActor="D0N44" name="p81" srcActor="D0N21"/>
            <port dstActor="D0N35" name="p82" srcActor="D0N21"/>
            <port dstActor="D0N41" name="p83" srcActor="D0N5"/>
            <port dstActor="D0N39" name="p84" srcActor="D0N5"/>
            <port dstActor="D0N26" name="p85" srcActor="D0N11"/>
            <port dstActor="D0N31" name="p86" srcActor="D0N11"/>
            <port dstActor="D0N27" name="p87" srcActor="D0N11"/>
            <port dstActor="D0N47" name="p88" srcActor="D0N11"/>
            <port dstActor="D0N48" name="p89" srcActor="D0N11"/>
            <port dstActor="D0N48" name="p90" srcActor="D0N46"/>
            <port dstActor="D0N25" name="p91" srcActor="D0N13"/>
            <port dstActor="D0N18" name="p92" srcActor="D0N13"/>
            <port dstActor="D0N37" name="p93" srcActor="D0N34"/>
            <port dstActor="D0N45" name="p94" srcActor="D0N34"/>
            <port dstActor="D0N47" name="p95" srcActor="D0N45"/>
            <port dstActor="D0N36" name="p96" srcActor="D0N15"/>
            <port dstActor="D0N45" name="p97" srcActor="D0N15"/>
            <port dstActor="D0N48" name="p98" srcActor="D0N15"/>
            <port dstActor="D0N47" name="p99" srcActor="D0N15"/>
        </ports>
    </mcdag>
    <cores number="3"/>
    <levels number="2"/>
</mcsystem>
