<?xml version="1.0" encoding="UTF-8" standalone="no"?>
<mcsystem>
    <mcdag deadline="4000" name="genned-0-ed-10.0-0">
        <actor name="D0N20">
            <wcet number="0">90</wcet>
            <wcet number="1">90</wcet>
            <maxpow number="0.4791436896234819"/>
            <maxpow number="0.4791436896234819"/>
            <fprob>0.0</fprob>
        </actor>
        <actor name="D0N16">
            <wcet number="0">10</wcet>
            <wcet number="1">10</wcet>
            <maxpow number="0.46921895791064416"/>
            <maxpow number="0.46921895791064416"/>
            <fprob>0.0</fprob>
        </actor>
        <actor name="D0N0">
            <wcet number="0">50</wcet>
            <wcet number="1">210</wcet>
            <maxpow number="0.24564449089825435"/>
            <maxpow number="0.24564449089825435"/>
            <fprob>0.0</fprob>
        </actor>
        <actor name="D0N26">
            <wcet number="0">30</wcet>
            <wcet number="1">50</wcet>
            <maxpow number="0.6169849141580905"/>
            <maxpow number="0.6169849141580905"/>
            <fprob>0.0</fprob>
        </actor>
        <actor name="D0N29">
            <wcet number="0">50</wcet>
            <wcet number="1">150</wcet>
            <maxpow number="0.4620419551542261"/>
            <maxpow number="0.4620419551542261"/>
            <fprob>0.0</fprob>
        </actor>
        <actor name="D0N10">
            <wcet number="0">260</wcet>
            <wcet number="1">400</wcet>
            <maxpow number="0.4294405035980513"/>
            <maxpow number="0.4294405035980513"/>
            <fprob>0.0</fprob>
        </actor>
        <actor name="D0N19">
            <wcet number="0">10</wcet>
            <wcet number="1">10</wcet>
            <maxpow number="0.4619790019491774"/>
            <maxpow number="0.4619790019491774"/>
            <fprob>0.0</fprob>
        </actor>
        <actor name="D0N37">
            <wcet number="0">40</wcet>
            <wcet number="1">120</wcet>
            <maxpow number="0.40035589236027114"/>
            <maxpow number="0.40035589236027114"/>
            <fprob>0.0</fprob>
        </actor>
        <actor name="D0N25">
            <wcet number="0">190</wcet>
            <wcet number="1">430</wcet>
            <maxpow number="0.3043764401971669"/>
            <maxpow number="0.3043764401971669"/>
            <fprob>0.0</fprob>
        </actor>
        <actor name="D0N13">
            <wcet number="0">130</wcet>
            <wcet number="1">140</wcet>
            <maxpow number="0.5478548262124148"/>
            <maxpow number="0.5478548262124148"/>
            <fprob>0.0</fprob>
        </actor>
        <actor name="D0N35">
            <wcet number="0">10</wcet>
            <wcet number="1">10</wcet>
            <maxpow number="0.9575961693092567"/>
            <maxpow number="0.9575961693092567"/>
            <fprob>0.0</fprob>
        </actor>
        <actor name="D0N22">
            <wcet number="0">110</wcet>
            <wcet number="1">110</wcet>
            <maxpow number="0.43647637962221103"/>
            <maxpow number="0.43647637962221103"/>
            <fprob>0.0</fprob>
        </actor>
        <actor name="D0N15">
            <wcet number="0">20</wcet>
            <wcet number="1">90</wcet>
            <maxpow number="0.46907095359886386"/>
            <maxpow number="0.46907095359886386"/>
            <fprob>0.0</fprob>
        </actor>
        <actor name="D0N12">
            <wcet number="0">70</wcet>
            <wcet number="1">340</wcet>
            <maxpow number="0.47991028269063113"/>
            <maxpow number="0.47991028269063113"/>
            <fprob>0.0</fprob>
        </actor>
        <actor name="D0N11">
            <wcet number="0">100</wcet>
            <wcet number="1">240</wcet>
            <maxpow number="0.3675913290127293"/>
            <maxpow number="0.3675913290127293"/>
            <fprob>0.0</fprob>
        </actor>
        <actor name="D0N23">
            <wcet number="0">30</wcet>
            <wcet number="1">40</wcet>
            <maxpow number="0.4956254268884711"/>
            <maxpow number="0.4956254268884711"/>
            <fprob>0.0</fprob>
        </actor>
        <actor name="D0N21">
            <wcet number="0">120</wcet>
            <wcet number="1">120</wcet>
            <maxpow number="0.13511355422707932"/>
            <maxpow number="0.13511355422707932"/>
            <fprob>0.0</fprob>
        </actor>
        <actor name="D0N24">
            <wcet number="0">270</wcet>
            <wcet number="1">390</wcet>
            <maxpow number="0.8501152015575953"/>
            <maxpow number="0.8501152015575953"/>
            <fprob>0.0</fprob>
        </actor>
        <actor name="D0N44">
            <wcet number="0">510</wcet>
            <wcet number="1">660</wcet>
            <maxpow number="0.6711871836345803"/>
            <maxpow number="0.6711871836345803"/>
            <fprob>0.0</fprob>
        </actor>
        <actor name="D0N42">
            <wcet number="0">70</wcet>
            <wcet number="1">200</wcet>
            <maxpow number="0.6036646667850091"/>
            <maxpow number="0.6036646667850091"/>
            <fprob>0.0</fprob>
        </actor>
        <actor name="D0N45">
            <wcet number="0">10</wcet>
            <wcet number="1">40</wcet>
            <maxpow number="0.4529257529697768"/>
            <maxpow number="0.4529257529697768"/>
            <fprob>0.0</fprob>
        </actor>
        <actor name="D0N33">
            <wcet number="0">70</wcet>
            <wcet number="1">110</wcet>
            <maxpow number="0.5045744242703009"/>
            <maxpow number="0.5045744242703009"/>
            <fprob>0.0</fprob>
        </actor>
        <actor name="D0N4">
            <wcet number="0">120</wcet>
            <wcet number="1">240</wcet>
            <maxpow number="0.7126825159407245"/>
            <maxpow number="0.7126825159407245"/>
            <fprob>0.0</fprob>
        </actor>
        <actor name="D0N17">
            <wcet number="0">10</wcet>
            <wcet number="1">530</wcet>
            <maxpow number="0.27022478094516483"/>
            <maxpow number="0.27022478094516483"/>
            <fprob>0.0</fprob>
        </actor>
        <actor name="D0N8">
            <wcet number="0">10</wcet>
            <wcet number="1">20</wcet>
            <maxpow number="0.6649400830127767"/>
            <maxpow number="0.6649400830127767"/>
            <fprob>0.0</fprob>
        </actor>
        <actor name="D0N46">
            <wcet number="0">20</wcet>
            <wcet number="1">40</wcet>
            <maxpow number="0.6677437045558671"/>
            <maxpow number="0.6677437045558671"/>
            <fprob>0.0</fprob>
        </actor>
        <actor name="D0N6">
            <wcet number="0">100</wcet>
            <wcet number="1">130</wcet>
            <maxpow number="0.8267662437223038"/>
            <maxpow number="0.8267662437223038"/>
            <fprob>0.0</fprob>
        </actor>
        <actor name="D0N3">
            <wcet number="0">70</wcet>
            <wcet number="1">190</wcet>
            <maxpow number="0.6514662104790698"/>
            <maxpow number="0.6514662104790698"/>
            <fprob>0.0</fprob>
        </actor>
        <actor name="D0N2">
            <wcet number="0">380</wcet>
            <wcet number="1">410</wcet>
            <maxpow number="0.6228965340681227"/>
            <maxpow number="0.6228965340681227"/>
            <fprob>0.0</fprob>
        </actor>
        <actor name="D0N1">
            <wcet number="0">130</wcet>
            <wcet number="1">140</wcet>
            <maxpow number="0.5879313416499542"/>
            <maxpow number="0.5879313416499542"/>
            <fprob>0.0</fprob>
        </actor>
        <actor name="D0N34">
            <wcet number="0">160</wcet>
            <wcet number="1">230</wcet>
            <maxpow number="0.3125926748592139"/>
            <maxpow number="0.3125926748592139"/>
            <fprob>0.0</fprob>
        </actor>
        <actor name="D0N27">
            <wcet number="0">20</wcet>
            <wcet number="1">40</wcet>
            <maxpow number="0.40152138971551254"/>
            <maxpow number="0.40152138971551254"/>
            <fprob>0.0</fprob>
        </actor>
        <actor name="D0N9">
            <wcet number="0">70</wcet>
            <wcet number="1">140</wcet>
            <maxpow number="0.40925101866002767"/>
            <maxpow number="0.40925101866002767"/>
            <fprob>0.0</fprob>
        </actor>
        <actor name="D0N36">
            <wcet number="0">20</wcet>
            <wcet number="1">120</wcet>
            <maxpow number="0.6948299510176865"/>
            <maxpow number="0.6948299510176865"/>
            <fprob>0.0</fprob>
        </actor>
        <actor name="D0N5">
            <wcet number="0">10</wcet>
            <wcet number="1">70</wcet>
            <maxpow number="0.5118240244610635"/>
            <maxpow number="0.5118240244610635"/>
            <fprob>0.0</fprob>
        </actor>
        <actor name="D0N7">
            <wcet number="0">240</wcet>
            <wcet number="1">450</wcet>
            <maxpow number="0.6248176995857836"/>
            <maxpow number="0.6248176995857836"/>
            <fprob>0.0</fprob>
        </actor>
        <actor name="D0N14">
            <wcet number="0">130</wcet>
            <wcet number="1">130</wcet>
            <maxpow number="0.5738318125809657"/>
            <maxpow number="0.5738318125809657"/>
            <fprob>0.0</fprob>
        </actor>
        <actor name="D0N32">
            <wcet number="0">340</wcet>
            <wcet number="1">420</wcet>
            <maxpow number="0.5625707909446449"/>
            <maxpow number="0.5625707909446449"/>
            <fprob>0.0</fprob>
        </actor>
        <actor name="D0N40">
            <wcet number="0">100</wcet>
            <wcet number="1">110</wcet>
            <maxpow number="0.2037366041177755"/>
            <maxpow number="0.2037366041177755"/>
            <fprob>0.0</fprob>
        </actor>
        <actor name="D0N41">
            <wcet number="0">10</wcet>
            <wcet number="1">30</wcet>
            <maxpow number="0.4935525354989194"/>
            <maxpow number="0.4935525354989194"/>
            <fprob>0.0</fprob>
        </actor>
        <actor name="D0N18">
            <wcet number="0">100</wcet>
            <wcet number="1">130</wcet>
            <maxpow number="0.5542659625722755"/>
            <maxpow number="0.5542659625722755"/>
            <fprob>0.0</fprob>
        </actor>
        <actor name="D0N47">
            <wcet number="0">500</wcet>
            <wcet number="1">670</wcet>
            <maxpow number="0.21983091714040032"/>
            <maxpow number="0.21983091714040032"/>
            <fprob>0.0</fprob>
        </actor>
        <actor name="D0N43">
            <wcet number="0">80</wcet>
            <wcet number="1">170</wcet>
            <maxpow number="0.23535184574432888"/>
            <maxpow number="0.23535184574432888"/>
            <fprob>0.0</fprob>
        </actor>
        <actor name="D0N30">
            <wcet number="0">820</wcet>
            <wcet number="1">1260</wcet>
            <maxpow number="0.8213988380535403"/>
            <maxpow number="0.8213988380535403"/>
            <fprob>0.0</fprob>
        </actor>
        <actor name="D0N31">
            <wcet number="0">380</wcet>
            <wcet number="1">410</wcet>
            <maxpow number="0.4195265748214029"/>
            <maxpow number="0.4195265748214029"/>
            <fprob>0.0</fprob>
        </actor>
        <actor name="D0N39">
            <wcet number="0">30</wcet>
            <wcet number="1">60</wcet>
            <maxpow number="0.5700697420449686"/>
            <maxpow number="0.5700697420449686"/>
            <fprob>0.0</fprob>
        </actor>
        <actor name="D0N28">
            <wcet number="0">10</wcet>
            <wcet number="1">110</wcet>
            <maxpow number="0.44725235214718323"/>
            <maxpow number="0.44725235214718323"/>
            <fprob>0.0</fprob>
        </actor>
        <actor name="D0N38">
            <wcet number="0">110</wcet>
            <wcet number="1">190</wcet>
            <maxpow number="0.6821559390038006"/>
            <maxpow number="0.6821559390038006"/>
            <fprob>0.0</fprob>
        </actor>
        <ports>
            <port dstActor="D0N24" name="p0" srcActor="D0N20"/>
            <port dstActor="D0N38" name="p1" srcActor="D0N16"/>
            <port dstActor="D0N32" name="p2" srcActor="D0N16"/>
            <port dstActor="D0N22" name="p3" srcActor="D0N0"/>
            <port dstActor="D0N27" name="p4" srcActor="D0N26"/>
            <port dstActor="D0N28" name="p5" srcActor="D0N26"/>
            <port dstActor="D0N45" name="p6" srcActor="D0N26"/>
            <port dstActor="D0N34" name="p7" srcActor="D0N29"/>
            <port dstActor="D0N16" name="p8" srcActor="D0N10"/>
            <port dstActor="D0N14" name="p9" srcActor="D0N10"/>
            <port dstActor="D0N31" name="p10" srcActor="D0N19"/>
            <port dstActor="D0N29" name="p11" srcActor="D0N19"/>
            <port dstActor="D0N26" name="p12" srcActor="D0N25"/>
            <port dstActor="D0N44" name="p13" srcActor="D0N25"/>
            <port dstActor="D0N30" name="p14" srcActor="D0N25"/>
            <port dstActor="D0N39" name="p15" srcActor="D0N25"/>
            <port dstActor="D0N40" name="p16" srcActor="D0N25"/>
            <port dstActor="D0N45" name="p17" srcActor="D0N13"/>
            <port dstActor="D0N15" name="p18" srcActor="D0N13"/>
            <port dstActor="D0N14" name="p19" srcActor="D0N13"/>
            <port dstActor="D0N40" name="p20" srcActor="D0N35"/>
            <port dstActor="D0N29" name="p21" srcActor="D0N22"/>
            <port dstActor="D0N33" name="p22" srcActor="D0N22"/>
            <port dstActor="D0N43" name="p23" srcActor="D0N15"/>
            <port dstActor="D0N19" name="p24" srcActor="D0N15"/>
            <port dstActor="D0N32" name="p25" srcActor="D0N15"/>
            <port dstActor="D0N30" name="p26" srcActor="D0N15"/>
            <port dstActor="D0N15" name="p27" srcActor="D0N12"/>
            <port dstActor="D0N29" name="p28" srcActor="D0N12"/>
            <port dstActor="D0N40" name="p29" srcActor="D0N12"/>
            <port dstActor="D0N27" name="p30" srcActor="D0N12"/>
            <port dstActor="D0N32" name="p31" srcActor="D0N12"/>
            <port dstActor="D0N46" name="p32" srcActor="D0N11"/>
            <port dstActor="D0N45" name="p33" srcActor="D0N11"/>
            <port dstActor="D0N13" name="p34" srcActor="D0N11"/>
            <port dstActor="D0N15" name="p35" srcActor="D0N11"/>
            <port dstActor="D0N35" name="p36" srcActor="D0N11"/>
            <port dstActor="D0N44" name="p37" srcActor="D0N23"/>
            <port dstActor="D0N25" name="p38" srcActor="D0N21"/>
            <port dstActor="D0N26" name="p39" srcActor="D0N21"/>
            <port dstActor="D0N42" name="p40" srcActor="D0N21"/>
            <port dstActor="D0N38" name="p41" srcActor="D0N21"/>
            <port dstActor="D0N27" name="p42" srcActor="D0N24"/>
            <port dstActor="D0N39" name="p43" srcActor="D0N24"/>
            <port dstActor="D0N36" name="p44" srcActor="D0N24"/>
            <port dstActor="D0N41" name="p45" srcActor="D0N24"/>
            <port dstActor="D0N39" name="p46" srcActor="D0N33"/>
            <port dstActor="D0N13" name="p47" srcActor="D0N4"/>
            <port dstActor="D0N29" name="p48" srcActor="D0N4"/>
            <port dstActor="D0N34" name="p49" srcActor="D0N4"/>
            <port dstActor="D0N16" name="p50" srcActor="D0N4"/>
            <port dstActor="D0N19" name="p51" srcActor="D0N4"/>
            <port dstActor="D0N28" name="p52" srcActor="D0N17"/>
            <port dstActor="D0N40" name="p53" srcActor="D0N17"/>
            <port dstActor="D0N33" name="p54" srcActor="D0N17"/>
            <port dstActor="D0N29" name="p55" srcActor="D0N8"/>
            <port dstActor="D0N35" name="p56" srcActor="D0N8"/>
            <port dstActor="D0N23" name="p57" srcActor="D0N8"/>
            <port dstActor="D0N17" name="p58" srcActor="D0N8"/>
            <port dstActor="D0N25" name="p59" srcActor="D0N8"/>
            <port dstActor="D0N13" name="p60" srcActor="D0N6"/>
            <port dstActor="D0N31" name="p61" srcActor="D0N6"/>
            <port dstActor="D0N43" name="p62" srcActor="D0N6"/>
            <port dstActor="D0N33" name="p63" srcActor="D0N3"/>
            <port dstActor="D0N46" name="p64" srcActor="D0N3"/>
            <port dstActor="D0N32" name="p65" srcActor="D0N3"/>
            <port dstActor="D0N14" name="p66" srcActor="D0N3"/>
            <port dstActor="D0N29" name="p67" srcActor="D0N2"/>
            <port dstActor="D0N26" name="p68" srcActor="D0N2"/>
            <port dstActor="D0N8" name="p69" srcActor="D0N1"/>
            <port dstActor="D0N45" name="p70" srcActor="D0N1"/>
            <port dstActor="D0N31" name="p71" srcActor="D0N1"/>
            <port dstActor="D0N44" name="p72" srcActor="D0N1"/>
            <port dstActor="D0N47" name="p73" srcActor="D0N27"/>
            <port dstActor="D0N32" name="p74" srcActor="D0N27"/>
            <port dstActor="D0N37" name="p75" srcActor="D0N27"/>
            <port dstActor="D0N11" name="p76" srcActor="D0N9"/>
            <port dstActor="D0N26" name="p77" srcActor="D0N9"/>
            <port dstActor="D0N16" name="p78" srcActor="D0N9"/>
            <port dstActor="D0N18" name="p79" srcActor="D0N9"/>
            <port dstActor="D0N28" name="p80" srcActor="D0N9"/>
            <port dstActor="D0N27" name="p81" srcActor="D0N9"/>
            <port dstActor="D0N32" name="p82" srcActor="D0N9"/>
            <port dstActor="D0N33" name="p83" srcActor="D0N9"/>
            <port dstActor="D0N38" name="p84" srcActor="D0N36"/>
            <port dstActor="D0N33" name="p85" srcActor="D0N5"/>
            <port dstActor="D0N40" name="p86" srcActor="D0N5"/>
            <port dstActor="D0N20" name="p87" srcActor="D0N7"/>
            <port dstActor="D0N47" name="p88" srcActor="D0N7"/>
            <port dstActor="D0N37" name="p89" srcActor="D0N7"/>
            <port dstActor="D0N15" name="p90" srcActor="D0N7"/>
            <port dstActor="D0N35" name="p91" srcActor="D0N14"/>
            <port dstActor="D0N40" name="p92" srcActor="D0N14"/>
            <port dstActor="D0N20" name="p93" srcActor="D0N14"/>
            <port dstActor="D0N33" name="p94" srcActor="D0N14"/>
            <port dstActor="D0N45" name="p95" srcActor="D0N32"/>
            <port dstActor="D0N46" name="p96" srcActor="D0N41"/>
            <port dstActor="D0N19" name="p97" srcActor="D0N18"/>
            <port dstActor="D0N22" name="p98" srcActor="D0N18"/>
            <port dstActor="D0N44" name="p99" srcActor="D0N18"/>
            <port dstActor="D0N21" name="p100" srcActor="D0N18"/>
            <port dstActor="D0N32" name="p101" srcActor="D0N30"/>
            <port dstActor="D0N46" name="p102" srcActor="D0N30"/>
            <port dstActor="D0N45" name="p103" srcActor="D0N30"/>
            <port dstActor="D0N36" name="p104" srcActor="D0N31"/>
            <port dstActor="D0N45" name="p105" srcActor="D0N31"/>
            <port dstActor="D0N33" name="p106" srcActor="D0N31"/>
            <port dstActor="D0N47" name="p107" srcActor="D0N39"/>
            <port dstActor="D0N46" name="p108" srcActor="D0N39"/>
            <port dstActor="D0N33" name="p109" srcActor="D0N28"/>
            <port dstActor="D0N44" name="p110" srcActor="D0N28"/>
            <port dstActor="D0N29" name="p111" srcActor="D0N28"/>
            <port dstActor="D0N40" name="p112" srcActor="D0N28"/>
        </ports>
    </mcdag>
    <cores number="3"/>
    <levels number="2"/>
</mcsystem>
