<?xml version="1.0" encoding="UTF-8" standalone="no"?>
<mcsystem>
    <mcdag deadline="4000" name="genned-0-ed-10.0-0">
        <actor name="D0N17">
            <wcet number="0">40</wcet>
            <wcet number="1">100</wcet>
            <maxpow number="0.4518337331462764"/>
            <maxpow number="0.4518337331462764"/>
            <fprob>0.0</fprob>
        </actor>
        <actor name="D0N39">
            <wcet number="0">100</wcet>
            <wcet number="1">140</wcet>
            <maxpow number="0.2155134877322747"/>
            <maxpow number="0.2155134877322747"/>
            <fprob>0.0</fprob>
        </actor>
        <actor name="D0N31">
            <wcet number="0">330</wcet>
            <wcet number="1">360</wcet>
            <maxpow number="0.2975090921414784"/>
            <maxpow number="0.2975090921414784"/>
            <fprob>0.0</fprob>
        </actor>
        <actor name="D0N45">
            <wcet number="0">190</wcet>
            <wcet number="1">410</wcet>
            <maxpow number="0.3806250571083089"/>
            <maxpow number="0.3806250571083089"/>
            <fprob>0.0</fprob>
        </actor>
        <actor name="D0N7">
            <wcet number="0">30</wcet>
            <wcet number="1">50</wcet>
            <maxpow number="0.6384368627688868"/>
            <maxpow number="0.6384368627688868"/>
            <fprob>0.0</fprob>
        </actor>
        <actor name="D0N33">
            <wcet number="0">60</wcet>
            <wcet number="1">280</wcet>
            <maxpow number="0.3137662869107038"/>
            <maxpow number="0.3137662869107038"/>
            <fprob>0.0</fprob>
        </actor>
        <actor name="D0N10">
            <wcet number="0">210</wcet>
            <wcet number="1">270</wcet>
            <maxpow number="0.6201618867806366"/>
            <maxpow number="0.6201618867806366"/>
            <fprob>0.0</fprob>
        </actor>
        <actor name="D0N25">
            <wcet number="0">10</wcet>
            <wcet number="1">10</wcet>
            <maxpow number="0.8863787128555218"/>
            <maxpow number="0.8863787128555218"/>
            <fprob>0.0</fprob>
        </actor>
        <actor name="D0N47">
            <wcet number="0">10</wcet>
            <wcet number="1">170</wcet>
            <maxpow number="0.6820215645478005"/>
            <maxpow number="0.6820215645478005"/>
            <fprob>0.0</fprob>
        </actor>
        <actor name="D0N9">
            <wcet number="0">90</wcet>
            <wcet number="1">270</wcet>
            <maxpow number="0.47179456490659866"/>
            <maxpow number="0.47179456490659866"/>
            <fprob>0.0</fprob>
        </actor>
        <actor name="D0N44">
            <wcet number="0">140</wcet>
            <wcet number="1">290</wcet>
            <maxpow number="0.6333599903016143"/>
            <maxpow number="0.6333599903016143"/>
            <fprob>0.0</fprob>
        </actor>
        <actor name="D0N1">
            <wcet number="0">50</wcet>
            <wcet number="1">120</wcet>
            <maxpow number="0.5785807384848404"/>
            <maxpow number="0.5785807384848404"/>
            <fprob>0.0</fprob>
        </actor>
        <actor name="D0N42">
            <wcet number="0">650</wcet>
            <wcet number="1">710</wcet>
            <maxpow number="0.8234196911724898"/>
            <maxpow number="0.8234196911724898"/>
            <fprob>0.0</fprob>
        </actor>
        <actor name="D0N2">
            <wcet number="0">280</wcet>
            <wcet number="1">590</wcet>
            <maxpow number="0.5567787194388145"/>
            <maxpow number="0.5567787194388145"/>
            <fprob>0.0</fprob>
        </actor>
        <actor name="D0N12">
            <wcet number="0">40</wcet>
            <wcet number="1">70</wcet>
            <maxpow number="0.6095698954463064"/>
            <maxpow number="0.6095698954463064"/>
            <fprob>0.0</fprob>
        </actor>
        <actor name="D0N34">
            <wcet number="0">30</wcet>
            <wcet number="1">180</wcet>
            <maxpow number="0.5873676815093515"/>
            <maxpow number="0.5873676815093515"/>
            <fprob>0.0</fprob>
        </actor>
        <actor name="D0N35">
            <wcet number="0">120</wcet>
            <wcet number="1">450</wcet>
            <maxpow number="0.24953893378985398"/>
            <maxpow number="0.24953893378985398"/>
            <fprob>0.0</fprob>
        </actor>
        <actor name="D0N38">
            <wcet number="0">10</wcet>
            <wcet number="1">10</wcet>
            <maxpow number="0.8841577796941028"/>
            <maxpow number="0.8841577796941028"/>
            <fprob>0.0</fprob>
        </actor>
        <actor name="D0N15">
            <wcet number="0">90</wcet>
            <wcet number="1">160</wcet>
            <maxpow number="0.6646332170481211"/>
            <maxpow number="0.6646332170481211"/>
            <fprob>0.0</fprob>
        </actor>
        <actor name="D0N23">
            <wcet number="0">30</wcet>
            <wcet number="1">30</wcet>
            <maxpow number="0.4962803050395888"/>
            <maxpow number="0.4962803050395888"/>
            <fprob>0.0</fprob>
        </actor>
        <actor name="D0N32">
            <wcet number="0">40</wcet>
            <wcet number="1">90</wcet>
            <maxpow number="0.407076332502571"/>
            <maxpow number="0.407076332502571"/>
            <fprob>0.0</fprob>
        </actor>
        <actor name="D0N22">
            <wcet number="0">160</wcet>
            <wcet number="1">160</wcet>
            <maxpow number="0.5820189575133169"/>
            <maxpow number="0.5820189575133169"/>
            <fprob>0.0</fprob>
        </actor>
        <actor name="D0N26">
            <wcet number="0">200</wcet>
            <wcet number="1">270</wcet>
            <maxpow number="0.2080925919026389"/>
            <maxpow number="0.2080925919026389"/>
            <fprob>0.0</fprob>
        </actor>
        <actor name="D0N43">
            <wcet number="0">160</wcet>
            <wcet number="1">330</wcet>
            <maxpow number="0.5384815828827654"/>
            <maxpow number="0.5384815828827654"/>
            <fprob>0.0</fprob>
        </actor>
        <actor name="D0N18">
            <wcet number="0">210</wcet>
            <wcet number="1">800</wcet>
            <maxpow number="0.3852724426587132"/>
            <maxpow number="0.3852724426587132"/>
            <fprob>0.0</fprob>
        </actor>
        <actor name="D0N41">
            <wcet number="0">80</wcet>
            <wcet number="1">80</wcet>
            <maxpow number="0.6985497336609475"/>
            <maxpow number="0.6985497336609475"/>
            <fprob>0.0</fprob>
        </actor>
        <actor name="D0N6">
            <wcet number="0">90</wcet>
            <wcet number="1">160</wcet>
            <maxpow number="0.288740233783816"/>
            <maxpow number="0.288740233783816"/>
            <fprob>0.0</fprob>
        </actor>
        <actor name="D0N3">
            <wcet number="0">10</wcet>
            <wcet number="1">50</wcet>
            <maxpow number="0.5398559858369583"/>
            <maxpow number="0.5398559858369583"/>
            <fprob>0.0</fprob>
        </actor>
        <actor name="D0N20">
            <wcet number="0">110</wcet>
            <wcet number="1">170</wcet>
            <maxpow number="0.6040146898939235"/>
            <maxpow number="0.6040146898939235"/>
            <fprob>0.0</fprob>
        </actor>
        <actor name="D0N19">
            <wcet number="0">120</wcet>
            <wcet number="1">140</wcet>
            <maxpow number="0.5169222029311751"/>
            <maxpow number="0.5169222029311751"/>
            <fprob>0.0</fprob>
        </actor>
        <actor name="D0N30">
            <wcet number="0">10</wcet>
            <wcet number="1">20</wcet>
            <maxpow number="0.43590651914563927"/>
            <maxpow number="0.43590651914563927"/>
            <fprob>0.0</fprob>
        </actor>
        <actor name="D0N24">
            <wcet number="0">330</wcet>
            <wcet number="1">350</wcet>
            <maxpow number="0.5125627644806816"/>
            <maxpow number="0.5125627644806816"/>
            <fprob>0.0</fprob>
        </actor>
        <actor name="D0N37">
            <wcet number="0">60</wcet>
            <wcet number="1">70</wcet>
            <maxpow number="0.5592032652952419"/>
            <maxpow number="0.5592032652952419"/>
            <fprob>0.0</fprob>
        </actor>
        <actor name="D0N11">
            <wcet number="0">20</wcet>
            <wcet number="1">200</wcet>
            <maxpow number="0.46167852384640556"/>
            <maxpow number="0.46167852384640556"/>
            <fprob>0.0</fprob>
        </actor>
        <actor name="D0N16">
            <wcet number="0">130</wcet>
            <wcet number="1">390</wcet>
            <maxpow number="0.53435196690933"/>
            <maxpow number="0.53435196690933"/>
            <fprob>0.0</fprob>
        </actor>
        <actor name="D0N5">
            <wcet number="0">20</wcet>
            <wcet number="1">70</wcet>
            <maxpow number="0.39942449883782516"/>
            <maxpow number="0.39942449883782516"/>
            <fprob>0.0</fprob>
        </actor>
        <actor name="D0N46">
            <wcet number="0">80</wcet>
            <wcet number="1">80</wcet>
            <maxpow number="0.4400313766092153"/>
            <maxpow number="0.4400313766092153"/>
            <fprob>0.0</fprob>
        </actor>
        <actor name="D0N27">
            <wcet number="0">40</wcet>
            <wcet number="1">50</wcet>
            <maxpow number="0.7796105804295921"/>
            <maxpow number="0.7796105804295921"/>
            <fprob>0.0</fprob>
        </actor>
        <actor name="D0N8">
            <wcet number="0">430</wcet>
            <wcet number="1">460</wcet>
            <maxpow number="0.7207534093845971"/>
            <maxpow number="0.7207534093845971"/>
            <fprob>0.0</fprob>
        </actor>
        <actor name="D0N0">
            <wcet number="0">150</wcet>
            <wcet number="1">350</wcet>
            <maxpow number="0.8504117034822745"/>
            <maxpow number="0.8504117034822745"/>
            <fprob>0.0</fprob>
        </actor>
        <actor name="D0N21">
            <wcet number="0">20</wcet>
            <wcet number="1">60</wcet>
            <maxpow number="0.26498799214661"/>
            <maxpow number="0.26498799214661"/>
            <fprob>0.0</fprob>
        </actor>
        <actor name="D0N14">
            <wcet number="0">250</wcet>
            <wcet number="1">370</wcet>
            <maxpow number="0.781493942147993"/>
            <maxpow number="0.781493942147993"/>
            <fprob>0.0</fprob>
        </actor>
        <actor name="D0N13">
            <wcet number="0">60</wcet>
            <wcet number="1">90</wcet>
            <maxpow number="0.23425032879347496"/>
            <maxpow number="0.23425032879347496"/>
            <fprob>0.0</fprob>
        </actor>
        <actor name="D0N4">
            <wcet number="0">10</wcet>
            <wcet number="1">780</wcet>
            <maxpow number="0.5177685308520165"/>
            <maxpow number="0.5177685308520165"/>
            <fprob>0.0</fprob>
        </actor>
        <actor name="D0N48">
            <wcet number="0">20</wcet>
            <wcet number="1">160</wcet>
            <maxpow number="0.7546597397827954"/>
            <maxpow number="0.7546597397827954"/>
            <fprob>0.0</fprob>
        </actor>
        <actor name="D0N29">
            <wcet number="0">190</wcet>
            <wcet number="1">230</wcet>
            <maxpow number="0.5434754859553251"/>
            <maxpow number="0.5434754859553251"/>
            <fprob>0.0</fprob>
        </actor>
        <actor name="D0N36">
            <wcet number="0">40</wcet>
            <wcet number="1">320</wcet>
            <maxpow number="0.36527377432312635"/>
            <maxpow number="0.36527377432312635"/>
            <fprob>0.0</fprob>
        </actor>
        <actor name="D0N28">
            <wcet number="0">60</wcet>
            <wcet number="1">210</wcet>
            <maxpow number="0.8908998273692157"/>
            <maxpow number="0.8908998273692157"/>
            <fprob>0.0</fprob>
        </actor>
        <actor name="D0N40">
            <wcet number="0">20</wcet>
            <wcet number="1">20</wcet>
            <maxpow number="0.6963599653123621"/>
            <maxpow number="0.6963599653123621"/>
            <fprob>0.0</fprob>
        </actor>
        <ports>
            <port dstActor="D0N27" name="p0" srcActor="D0N17"/>
            <port dstActor="D0N47" name="p1" srcActor="D0N17"/>
            <port dstActor="D0N42" name="p2" srcActor="D0N39"/>
            <port dstActor="D0N35" name="p3" srcActor="D0N31"/>
            <port dstActor="D0N39" name="p4" srcActor="D0N31"/>
            <port dstActor="D0N44" name="p5" srcActor="D0N31"/>
            <port dstActor="D0N41" name="p6" srcActor="D0N31"/>
            <port dstActor="D0N34" name="p7" srcActor="D0N31"/>
            <port dstActor="D0N40" name="p8" srcActor="D0N31"/>
            <port dstActor="D0N20" name="p9" srcActor="D0N7"/>
            <port dstActor="D0N35" name="p10" srcActor="D0N7"/>
            <port dstActor="D0N22" name="p11" srcActor="D0N7"/>
            <port dstActor="D0N36" name="p12" srcActor="D0N33"/>
            <port dstActor="D0N42" name="p13" srcActor="D0N10"/>
            <port dstActor="D0N43" name="p14" srcActor="D0N25"/>
            <port dstActor="D0N28" name="p15" srcActor="D0N25"/>
            <port dstActor="D0N48" name="p16" srcActor="D0N25"/>
            <port dstActor="D0N18" name="p17" srcActor="D0N9"/>
            <port dstActor="D0N19" name="p18" srcActor="D0N9"/>
            <port dstActor="D0N42" name="p19" srcActor="D0N9"/>
            <port dstActor="D0N14" name="p20" srcActor="D0N1"/>
            <port dstActor="D0N38" name="p21" srcActor="D0N1"/>
            <port dstActor="D0N12" name="p22" srcActor="D0N1"/>
            <port dstActor="D0N24" name="p23" srcActor="D0N1"/>
            <port dstActor="D0N4" name="p24" srcActor="D0N1"/>
            <port dstActor="D0N32" name="p25" srcActor="D0N1"/>
            <port dstActor="D0N38" name="p26" srcActor="D0N2"/>
            <port dstActor="D0N12" name="p27" srcActor="D0N2"/>
            <port dstActor="D0N13" name="p28" srcActor="D0N12"/>
            <port dstActor="D0N22" name="p29" srcActor="D0N12"/>
            <port dstActor="D0N17" name="p30" srcActor="D0N12"/>
            <port dstActor="D0N43" name="p31" srcActor="D0N34"/>
            <port dstActor="D0N47" name="p32" srcActor="D0N38"/>
            <port dstActor="D0N23" name="p33" srcActor="D0N15"/>
            <port dstActor="D0N24" name="p34" srcActor="D0N15"/>
            <port dstActor="D0N17" name="p35" srcActor="D0N15"/>
            <port dstActor="D0N22" name="p36" srcActor="D0N15"/>
            <port dstActor="D0N25" name="p37" srcActor="D0N15"/>
            <port dstActor="D0N33" name="p38" srcActor="D0N23"/>
            <port dstActor="D0N35" name="p39" srcActor="D0N32"/>
            <port dstActor="D0N48" name="p40" srcActor="D0N22"/>
            <port dstActor="D0N31" name="p41" srcActor="D0N22"/>
            <port dstActor="D0N46" name="p42" srcActor="D0N22"/>
            <port dstActor="D0N27" name="p43" srcActor="D0N22"/>
            <port dstActor="D0N46" name="p44" srcActor="D0N26"/>
            <port dstActor="D0N48" name="p45" srcActor="D0N26"/>
            <port dstActor="D0N45" name="p46" srcActor="D0N43"/>
            <port dstActor="D0N31" name="p47" srcActor="D0N18"/>
            <port dstActor="D0N46" name="p48" srcActor="D0N41"/>
            <port dstActor="D0N34" name="p49" srcActor="D0N6"/>
            <port dstActor="D0N11" name="p50" srcActor="D0N6"/>
            <port dstActor="D0N47" name="p51" srcActor="D0N6"/>
            <port dstActor="D0N9" name="p52" srcActor="D0N6"/>
            <port dstActor="D0N28" name="p53" srcActor="D0N6"/>
            <port dstActor="D0N11" name="p54" srcActor="D0N3"/>
            <port dstActor="D0N17" name="p55" srcActor="D0N3"/>
            <port dstActor="D0N23" name="p56" srcActor="D0N3"/>
            <port dstActor="D0N43" name="p57" srcActor="D0N3"/>
            <port dstActor="D0N26" name="p58" srcActor="D0N20"/>
            <port dstActor="D0N24" name="p59" srcActor="D0N20"/>
            <port dstActor="D0N20" name="p60" srcActor="D0N19"/>
            <port dstActor="D0N26" name="p61" srcActor="D0N19"/>
            <port dstActor="D0N46" name="p62" srcActor="D0N19"/>
            <port dstActor="D0N37" name="p63" srcActor="D0N30"/>
            <port dstActor="D0N47" name="p64" srcActor="D0N30"/>
            <port dstActor="D0N38" name="p65" srcActor="D0N24"/>
            <port dstActor="D0N40" name="p66" srcActor="D0N37"/>
            <port dstActor="D0N28" name="p67" srcActor="D0N11"/>
            <port dstActor="D0N38" name="p68" srcActor="D0N11"/>
            <port dstActor="D0N31" name="p69" srcActor="D0N11"/>
            <port dstActor="D0N12" name="p70" srcActor="D0N11"/>
            <port dstActor="D0N31" name="p71" srcActor="D0N16"/>
            <port dstActor="D0N44" name="p72" srcActor="D0N16"/>
            <port dstActor="D0N33" name="p73" srcActor="D0N16"/>
            <port dstActor="D0N25" name="p74" srcActor="D0N16"/>
            <port dstActor="D0N17" name="p75" srcActor="D0N5"/>
            <port dstActor="D0N46" name="p76" srcActor="D0N5"/>
            <port dstActor="D0N37" name="p77" srcActor="D0N27"/>
            <port dstActor="D0N37" name="p78" srcActor="D0N8"/>
            <port dstActor="D0N48" name="p79" srcActor="D0N8"/>
            <port dstActor="D0N9" name="p80" srcActor="D0N8"/>
            <port dstActor="D0N20" name="p81" srcActor="D0N8"/>
            <port dstActor="D0N35" name="p82" srcActor="D0N8"/>
            <port dstActor="D0N40" name="p83" srcActor="D0N8"/>
            <port dstActor="D0N27" name="p84" srcActor="D0N0"/>
            <port dstActor="D0N43" name="p85" srcActor="D0N0"/>
            <port dstActor="D0N2" name="p86" srcActor="D0N0"/>
            <port dstActor="D0N25" name="p87" srcActor="D0N0"/>
            <port dstActor="D0N10" name="p88" srcActor="D0N0"/>
            <port dstActor="D0N24" name="p89" srcActor="D0N0"/>
            <port dstActor="D0N23" name="p90" srcActor="D0N0"/>
            <port dstActor="D0N41" name="p91" srcActor="D0N0"/>
            <port dstActor="D0N26" name="p92" srcActor="D0N21"/>
            <port dstActor="D0N40" name="p93" srcActor="D0N21"/>
            <port dstActor="D0N35" name="p94" srcActor="D0N21"/>
            <port dstActor="D0N45" name="p95" srcActor="D0N21"/>
            <port dstActor="D0N23" name="p96" srcActor="D0N14"/>
            <port dstActor="D0N22" name="p97" srcActor="D0N14"/>
            <port dstActor="D0N31" name="p98" srcActor="D0N14"/>
            <port dstActor="D0N43" name="p99" srcActor="D0N14"/>
            <port dstActor="D0N29" name="p100" srcActor="D0N13"/>
            <port dstActor="D0N8" name="p101" srcActor="D0N4"/>
            <port dstActor="D0N13" name="p102" srcActor="D0N4"/>
            <port dstActor="D0N25" name="p103" srcActor="D0N4"/>
            <port dstActor="D0N7" name="p104" srcActor="D0N4"/>
            <port dstActor="D0N26" name="p105" srcActor="D0N4"/>
            <port dstActor="D0N42" name="p106" srcActor="D0N4"/>
            <port dstActor="D0N28" name="p107" srcActor="D0N4"/>
            <port dstActor="D0N38" name="p108" srcActor="D0N29"/>
            <port dstActor="D0N45" name="p109" srcActor="D0N36"/>
            <port dstActor="D0N39" name="p110" srcActor="D0N28"/>
        </ports>
    </mcdag>
    <cores number="3"/>
    <levels number="2"/>
</mcsystem>
