<?xml version="1.0" encoding="UTF-8" standalone="no"?>
<mcsystem>
    <mcdag deadline="2000" name="genned-0-ed-10.0-0">
        <actor name="D0N15">
            <wcet number="0">30</wcet>
            <wcet number="1">30</wcet>
            <maxpow number="0.11489767673228884"/>
            <maxpow number="0.11489767673228884"/>
            <fprob>0.0</fprob>
        </actor>
        <actor name="D0N21">
            <wcet number="0">50</wcet>
            <wcet number="1">100</wcet>
            <maxpow number="0.9132177896838741"/>
            <maxpow number="0.9132177896838741"/>
            <fprob>0.0</fprob>
        </actor>
        <actor name="D0N31">
            <wcet number="0">20</wcet>
            <wcet number="1">40</wcet>
            <maxpow number="0.8240667582492553"/>
            <maxpow number="0.8240667582492553"/>
            <fprob>0.0</fprob>
        </actor>
        <actor name="D0N17">
            <wcet number="0">90</wcet>
            <wcet number="1">110</wcet>
            <maxpow number="0.5080761116986952"/>
            <maxpow number="0.5080761116986952"/>
            <fprob>0.0</fprob>
        </actor>
        <actor name="D0N33">
            <wcet number="0">80</wcet>
            <wcet number="1">90</wcet>
            <maxpow number="0.5019516623656877"/>
            <maxpow number="0.5019516623656877"/>
            <fprob>0.0</fprob>
        </actor>
        <actor name="D0N27">
            <wcet number="0">330</wcet>
            <wcet number="1">330</wcet>
            <maxpow number="0.6541789408555094"/>
            <maxpow number="0.6541789408555094"/>
            <fprob>0.0</fprob>
        </actor>
        <actor name="D0N43">
            <wcet number="0">20</wcet>
            <wcet number="1">20</wcet>
            <maxpow number="0.4304439507534264"/>
            <maxpow number="0.4304439507534264"/>
            <fprob>0.0</fprob>
        </actor>
        <actor name="D0N25">
            <wcet number="0">10</wcet>
            <wcet number="1">20</wcet>
            <maxpow number="0.6351027538940928"/>
            <maxpow number="0.6351027538940928"/>
            <fprob>0.0</fprob>
        </actor>
        <actor name="D0N0">
            <wcet number="0">120</wcet>
            <wcet number="1">150</wcet>
            <maxpow number="0.5685272313863844"/>
            <maxpow number="0.5685272313863844"/>
            <fprob>0.0</fprob>
        </actor>
        <actor name="D0N36">
            <wcet number="0">10</wcet>
            <wcet number="1">160</wcet>
            <maxpow number="0.5429510063523859"/>
            <maxpow number="0.5429510063523859"/>
            <fprob>0.0</fprob>
        </actor>
        <actor name="D0N2">
            <wcet number="0">140</wcet>
            <wcet number="1">190</wcet>
            <maxpow number="0.5724902566170135"/>
            <maxpow number="0.5724902566170135"/>
            <fprob>0.0</fprob>
        </actor>
        <actor name="D0N7">
            <wcet number="0">430</wcet>
            <wcet number="1">480</wcet>
            <maxpow number="0.4054695331107504"/>
            <maxpow number="0.4054695331107504"/>
            <fprob>0.0</fprob>
        </actor>
        <actor name="D0N8">
            <wcet number="0">90</wcet>
            <wcet number="1">180</wcet>
            <maxpow number="0.5660198235097817"/>
            <maxpow number="0.5660198235097817"/>
            <fprob>0.0</fprob>
        </actor>
        <actor name="D0N32">
            <wcet number="0">330</wcet>
            <wcet number="1">540</wcet>
            <maxpow number="0.5834691636597792"/>
            <maxpow number="0.5834691636597792"/>
            <fprob>0.0</fprob>
        </actor>
        <actor name="D0N5">
            <wcet number="0">50</wcet>
            <wcet number="1">50</wcet>
            <maxpow number="0.45135174978495174"/>
            <maxpow number="0.45135174978495174"/>
            <fprob>0.0</fprob>
        </actor>
        <actor name="D0N30">
            <wcet number="0">20</wcet>
            <wcet number="1">40</wcet>
            <maxpow number="0.6514898376421299"/>
            <maxpow number="0.6514898376421299"/>
            <fprob>0.0</fprob>
        </actor>
        <actor name="D0N29">
            <wcet number="0">10</wcet>
            <wcet number="1">10</wcet>
            <maxpow number="0.45736099110325784"/>
            <maxpow number="0.45736099110325784"/>
            <fprob>0.0</fprob>
        </actor>
        <actor name="D0N22">
            <wcet number="0">40</wcet>
            <wcet number="1">140</wcet>
            <maxpow number="0.34475996239507445"/>
            <maxpow number="0.34475996239507445"/>
            <fprob>0.0</fprob>
        </actor>
        <actor name="D0N20">
            <wcet number="0">70</wcet>
            <wcet number="1">420</wcet>
            <maxpow number="0.8724936051258974"/>
            <maxpow number="0.8724936051258974"/>
            <fprob>0.0</fprob>
        </actor>
        <actor name="D0N45">
            <wcet number="0">70</wcet>
            <wcet number="1">120</wcet>
            <maxpow number="0.7168532670700727"/>
            <maxpow number="0.7168532670700727"/>
            <fprob>0.0</fprob>
        </actor>
        <actor name="D0N9">
            <wcet number="0">50</wcet>
            <wcet number="1">50</wcet>
            <maxpow number="0.42714731403767703"/>
            <maxpow number="0.42714731403767703"/>
            <fprob>0.0</fprob>
        </actor>
        <actor name="D0N3">
            <wcet number="0">30</wcet>
            <wcet number="1">100</wcet>
            <maxpow number="0.6237384945823479"/>
            <maxpow number="0.6237384945823479"/>
            <fprob>0.0</fprob>
        </actor>
        <actor name="D0N1">
            <wcet number="0">20</wcet>
            <wcet number="1">40</wcet>
            <maxpow number="0.5567206462071387"/>
            <maxpow number="0.5567206462071387"/>
            <fprob>0.0</fprob>
        </actor>
        <actor name="D0N14">
            <wcet number="0">10</wcet>
            <wcet number="1">10</wcet>
            <maxpow number="0.3349467734493035"/>
            <maxpow number="0.3349467734493035"/>
            <fprob>0.0</fprob>
        </actor>
        <actor name="D0N26">
            <wcet number="0">170</wcet>
            <wcet number="1">230</wcet>
            <maxpow number="0.42277952628096255"/>
            <maxpow number="0.42277952628096255"/>
            <fprob>0.0</fprob>
        </actor>
        <actor name="D0N28">
            <wcet number="0">30</wcet>
            <wcet number="1">130</wcet>
            <maxpow number="0.6292983784287047"/>
            <maxpow number="0.6292983784287047"/>
            <fprob>0.0</fprob>
        </actor>
        <actor name="D0N23">
            <wcet number="0">10</wcet>
            <wcet number="1">10</wcet>
            <maxpow number="0.1814052872648919"/>
            <maxpow number="0.1814052872648919"/>
            <fprob>0.0</fprob>
        </actor>
        <actor name="D0N42">
            <wcet number="0">50</wcet>
            <wcet number="1">80</wcet>
            <maxpow number="0.5414712742483485"/>
            <maxpow number="0.5414712742483485"/>
            <fprob>0.0</fprob>
        </actor>
        <actor name="D0N38">
            <wcet number="0">50</wcet>
            <wcet number="1">160</wcet>
            <maxpow number="0.7229784511073805"/>
            <maxpow number="0.7229784511073805"/>
            <fprob>0.0</fprob>
        </actor>
        <actor name="D0N41">
            <wcet number="0">10</wcet>
            <wcet number="1">20</wcet>
            <maxpow number="0.2993369609132203"/>
            <maxpow number="0.2993369609132203"/>
            <fprob>0.0</fprob>
        </actor>
        <actor name="D0N6">
            <wcet number="0">20</wcet>
            <wcet number="1">20</wcet>
            <maxpow number="0.5069351851098112"/>
            <maxpow number="0.5069351851098112"/>
            <fprob>0.0</fprob>
        </actor>
        <actor name="D0N4">
            <wcet number="0">20</wcet>
            <wcet number="1">80</wcet>
            <maxpow number="1.040147984319882"/>
            <maxpow number="1.040147984319882"/>
            <fprob>0.0</fprob>
        </actor>
        <actor name="D0N16">
            <wcet number="0">10</wcet>
            <wcet number="1">30</wcet>
            <maxpow number="0.6925859445580576"/>
            <maxpow number="0.6925859445580576"/>
            <fprob>0.0</fprob>
        </actor>
        <actor name="D0N40">
            <wcet number="0">10</wcet>
            <wcet number="1">20</wcet>
            <maxpow number="0.5426037780682488"/>
            <maxpow number="0.5426037780682488"/>
            <fprob>0.0</fprob>
        </actor>
        <actor name="D0N35">
            <wcet number="0">40</wcet>
            <wcet number="1">40</wcet>
            <maxpow number="0.7268098780076877"/>
            <maxpow number="0.7268098780076877"/>
            <fprob>0.0</fprob>
        </actor>
        <actor name="D0N11">
            <wcet number="0">80</wcet>
            <wcet number="1">90</wcet>
            <maxpow number="0.6520767442043399"/>
            <maxpow number="0.6520767442043399"/>
            <fprob>0.0</fprob>
        </actor>
        <actor name="D0N24">
            <wcet number="0">20</wcet>
            <wcet number="1">110</wcet>
            <maxpow number="0.3701413432576585"/>
            <maxpow number="0.3701413432576585"/>
            <fprob>0.0</fprob>
        </actor>
        <actor name="D0N47">
            <wcet number="0">60</wcet>
            <wcet number="1">110</wcet>
            <maxpow number="0.4643886186532223"/>
            <maxpow number="0.4643886186532223"/>
            <fprob>0.0</fprob>
        </actor>
        <actor name="D0N39">
            <wcet number="0">20</wcet>
            <wcet number="1">20</wcet>
            <maxpow number="0.2923690361734966"/>
            <maxpow number="0.2923690361734966"/>
            <fprob>0.0</fprob>
        </actor>
        <actor name="D0N34">
            <wcet number="0">50</wcet>
            <wcet number="1">220</wcet>
            <maxpow number="0.852489554527935"/>
            <maxpow number="0.852489554527935"/>
            <fprob>0.0</fprob>
        </actor>
        <actor name="D0N12">
            <wcet number="0">20</wcet>
            <wcet number="1">20</wcet>
            <maxpow number="0.3471110434645658"/>
            <maxpow number="0.3471110434645658"/>
            <fprob>0.0</fprob>
        </actor>
        <actor name="D0N13">
            <wcet number="0">10</wcet>
            <wcet number="1">40</wcet>
            <maxpow number="0.6033912430090994"/>
            <maxpow number="0.6033912430090994"/>
            <fprob>0.0</fprob>
        </actor>
        <actor name="D0N37">
            <wcet number="0">270</wcet>
            <wcet number="1">400</wcet>
            <maxpow number="0.48144752321652806"/>
            <maxpow number="0.48144752321652806"/>
            <fprob>0.0</fprob>
        </actor>
        <actor name="D0N18">
            <wcet number="0">70</wcet>
            <wcet number="1">140</wcet>
            <maxpow number="0.2866199283065659"/>
            <maxpow number="0.2866199283065659"/>
            <fprob>0.0</fprob>
        </actor>
        <actor name="D0N19">
            <wcet number="0">40</wcet>
            <wcet number="1">40</wcet>
            <maxpow number="0.5790781830195535"/>
            <maxpow number="0.5790781830195535"/>
            <fprob>0.0</fprob>
        </actor>
        <actor name="D0N44">
            <wcet number="0">10</wcet>
            <wcet number="1">10</wcet>
            <maxpow number="0.5198271333993367"/>
            <maxpow number="0.5198271333993367"/>
            <fprob>0.0</fprob>
        </actor>
        <actor name="D0N46">
            <wcet number="0">40</wcet>
            <wcet number="1">90</wcet>
            <maxpow number="0.34626351815551704"/>
            <maxpow number="0.34626351815551704"/>
            <fprob>0.0</fprob>
        </actor>
        <actor name="D0N10">
            <wcet number="0">70</wcet>
            <wcet number="1">70</wcet>
            <maxpow number="0.49422747339667045"/>
            <maxpow number="0.49422747339667045"/>
            <fprob>0.0</fprob>
        </actor>
        <ports>
            <port dstActor="D0N16" name="p0" srcActor="D0N15"/>
            <port dstActor="D0N32" name="p1" srcActor="D0N15"/>
            <port dstActor="D0N44" name="p2" srcActor="D0N15"/>
            <port dstActor="D0N17" name="p3" srcActor="D0N15"/>
            <port dstActor="D0N43" name="p4" srcActor="D0N21"/>
            <port dstActor="D0N39" name="p5" srcActor="D0N31"/>
            <port dstActor="D0N42" name="p6" srcActor="D0N31"/>
            <port dstActor="D0N30" name="p7" srcActor="D0N17"/>
            <port dstActor="D0N28" name="p8" srcActor="D0N17"/>
            <port dstActor="D0N38" name="p9" srcActor="D0N17"/>
            <port dstActor="D0N25" name="p10" srcActor="D0N17"/>
            <port dstActor="D0N33" name="p11" srcActor="D0N17"/>
            <port dstActor="D0N45" name="p12" srcActor="D0N33"/>
            <port dstActor="D0N34" name="p13" srcActor="D0N33"/>
            <port dstActor="D0N41" name="p14" srcActor="D0N27"/>
            <port dstActor="D0N29" name="p15" srcActor="D0N25"/>
            <port dstActor="D0N34" name="p16" srcActor="D0N25"/>
            <port dstActor="D0N38" name="p17" srcActor="D0N25"/>
            <port dstActor="D0N43" name="p18" srcActor="D0N25"/>
            <port dstActor="D0N25" name="p19" srcActor="D0N0"/>
            <port dstActor="D0N17" name="p20" srcActor="D0N0"/>
            <port dstActor="D0N43" name="p21" srcActor="D0N36"/>
            <port dstActor="D0N38" name="p22" srcActor="D0N36"/>
            <port dstActor="D0N42" name="p23" srcActor="D0N36"/>
            <port dstActor="D0N41" name="p24" srcActor="D0N36"/>
            <port dstActor="D0N24" name="p25" srcActor="D0N2"/>
            <port dstActor="D0N26" name="p26" srcActor="D0N2"/>
            <port dstActor="D0N8" name="p27" srcActor="D0N7"/>
            <port dstActor="D0N10" name="p28" srcActor="D0N7"/>
            <port dstActor="D0N27" name="p29" srcActor="D0N7"/>
            <port dstActor="D0N11" name="p30" srcActor="D0N7"/>
            <port dstActor="D0N36" name="p31" srcActor="D0N7"/>
            <port dstActor="D0N22" name="p32" srcActor="D0N8"/>
            <port dstActor="D0N40" name="p33" srcActor="D0N8"/>
            <port dstActor="D0N34" name="p34" srcActor="D0N32"/>
            <port dstActor="D0N33" name="p35" srcActor="D0N32"/>
            <port dstActor="D0N33" name="p36" srcActor="D0N5"/>
            <port dstActor="D0N15" name="p37" srcActor="D0N5"/>
            <port dstActor="D0N21" name="p38" srcActor="D0N5"/>
            <port dstActor="D0N42" name="p39" srcActor="D0N5"/>
            <port dstActor="D0N37" name="p40" srcActor="D0N30"/>
            <port dstActor="D0N31" name="p41" srcActor="D0N30"/>
            <port dstActor="D0N40" name="p42" srcActor="D0N30"/>
            <port dstActor="D0N34" name="p43" srcActor="D0N29"/>
            <port dstActor="D0N41" name="p44" srcActor="D0N29"/>
            <port dstActor="D0N32" name="p45" srcActor="D0N22"/>
            <port dstActor="D0N46" name="p46" srcActor="D0N22"/>
            <port dstActor="D0N41" name="p47" srcActor="D0N22"/>
            <port dstActor="D0N21" name="p48" srcActor="D0N20"/>
            <port dstActor="D0N23" name="p49" srcActor="D0N20"/>
            <port dstActor="D0N26" name="p50" srcActor="D0N20"/>
            <port dstActor="D0N37" name="p51" srcActor="D0N20"/>
            <port dstActor="D0N19" name="p52" srcActor="D0N9"/>
            <port dstActor="D0N21" name="p53" srcActor="D0N9"/>
            <port dstActor="D0N34" name="p54" srcActor="D0N9"/>
            <port dstActor="D0N14" name="p55" srcActor="D0N9"/>
            <port dstActor="D0N16" name="p56" srcActor="D0N9"/>
            <port dstActor="D0N13" name="p57" srcActor="D0N9"/>
            <port dstActor="D0N41" name="p58" srcActor="D0N9"/>
            <port dstActor="D0N20" name="p59" srcActor="D0N9"/>
            <port dstActor="D0N30" name="p60" srcActor="D0N9"/>
            <port dstActor="D0N39" name="p61" srcActor="D0N3"/>
            <port dstActor="D0N20" name="p62" srcActor="D0N3"/>
            <port dstActor="D0N12" name="p63" srcActor="D0N3"/>
            <port dstActor="D0N15" name="p64" srcActor="D0N3"/>
            <port dstActor="D0N28" name="p65" srcActor="D0N1"/>
            <port dstActor="D0N23" name="p66" srcActor="D0N1"/>
            <port dstActor="D0N32" name="p67" srcActor="D0N1"/>
            <port dstActor="D0N15" name="p68" srcActor="D0N14"/>
            <port dstActor="D0N35" name="p69" srcActor="D0N14"/>
            <port dstActor="D0N17" name="p70" srcActor="D0N14"/>
            <port dstActor="D0N37" name="p71" srcActor="D0N14"/>
            <port dstActor="D0N30" name="p72" srcActor="D0N14"/>
            <port dstActor="D0N20" name="p73" srcActor="D0N14"/>
            <port dstActor="D0N47" name="p74" srcActor="D0N26"/>
            <port dstActor="D0N31" name="p75" srcActor="D0N26"/>
            <port dstActor="D0N45" name="p76" srcActor="D0N23"/>
            <port dstActor="D0N28" name="p77" srcActor="D0N23"/>
            <port dstActor="D0N43" name="p78" srcActor="D0N42"/>
            <port dstActor="D0N41" name="p79" srcActor="D0N38"/>
            <port dstActor="D0N47" name="p80" srcActor="D0N41"/>
            <port dstActor="D0N45" name="p81" srcActor="D0N41"/>
            <port dstActor="D0N34" name="p82" srcActor="D0N6"/>
            <port dstActor="D0N39" name="p83" srcActor="D0N4"/>
            <port dstActor="D0N5" name="p84" srcActor="D0N4"/>
            <port dstActor="D0N23" name="p85" srcActor="D0N4"/>
            <port dstActor="D0N34" name="p86" srcActor="D0N4"/>
            <port dstActor="D0N32" name="p87" srcActor="D0N4"/>
            <port dstActor="D0N24" name="p88" srcActor="D0N4"/>
            <port dstActor="D0N15" name="p89" srcActor="D0N4"/>
            <port dstActor="D0N35" name="p90" srcActor="D0N16"/>
            <port dstActor="D0N45" name="p91" srcActor="D0N16"/>
            <port dstActor="D0N21" name="p92" srcActor="D0N16"/>
            <port dstActor="D0N44" name="p93" srcActor="D0N16"/>
            <port dstActor="D0N28" name="p94" srcActor="D0N16"/>
            <port dstActor="D0N44" name="p95" srcActor="D0N35"/>
            <port dstActor="D0N18" name="p96" srcActor="D0N11"/>
            <port dstActor="D0N37" name="p97" srcActor="D0N24"/>
            <port dstActor="D0N38" name="p98" srcActor="D0N24"/>
            <port dstActor="D0N30" name="p99" srcActor="D0N24"/>
            <port dstActor="D0N39" name="p100" srcActor="D0N24"/>
            <port dstActor="D0N43" name="p101" srcActor="D0N39"/>
            <port dstActor="D0N40" name="p102" srcActor="D0N34"/>
            <port dstActor="D0N29" name="p103" srcActor="D0N12"/>
            <port dstActor="D0N37" name="p104" srcActor="D0N12"/>
            <port dstActor="D0N46" name="p105" srcActor="D0N12"/>
            <port dstActor="D0N46" name="p106" srcActor="D0N13"/>
            <port dstActor="D0N32" name="p107" srcActor="D0N13"/>
            <port dstActor="D0N44" name="p108" srcActor="D0N37"/>
            <port dstActor="D0N37" name="p109" srcActor="D0N18"/>
            <port dstActor="D0N21" name="p110" srcActor="D0N18"/>
            <port dstActor="D0N25" name="p111" srcActor="D0N18"/>
            <port dstActor="D0N43" name="p112" srcActor="D0N19"/>
            <port dstActor="D0N44" name="p113" srcActor="D0N19"/>
            <port dstActor="D0N47" name="p114" srcActor="D0N46"/>
            <port dstActor="D0N34" name="p115" srcActor="D0N10"/>
            <port dstActor="D0N19" name="p116" srcActor="D0N10"/>
            <port dstActor="D0N13" name="p117" srcActor="D0N10"/>
        </ports>
    </mcdag>
    <cores number="3"/>
    <levels number="2"/>
</mcsystem>
