<?xml version="1.0" encoding="UTF-8" standalone="no"?>
<mcsystem>
    <mcdag deadline="2500" name="genned-0-ed-10.0-0">
        <actor name="D0N12">
            <wcet number="0">20</wcet>
            <wcet number="1">50</wcet>
            <maxpow number="0.46188681499691503"/>
            <maxpow number="0.46188681499691503"/>
            <fprob>0.0</fprob>
        </actor>
        <actor name="D0N30">
            <wcet number="0">40</wcet>
            <wcet number="1">150</wcet>
            <maxpow number="0.3061004011307985"/>
            <maxpow number="0.3061004011307985"/>
            <fprob>0.0</fprob>
        </actor>
        <actor name="D0N8">
            <wcet number="0">60</wcet>
            <wcet number="1">160</wcet>
            <maxpow number="0.6951867401467909"/>
            <maxpow number="0.6951867401467909"/>
            <fprob>0.0</fprob>
        </actor>
        <actor name="D0N28">
            <wcet number="0">90</wcet>
            <wcet number="1">160</wcet>
            <maxpow number="0.618106301478682"/>
            <maxpow number="0.618106301478682"/>
            <fprob>0.0</fprob>
        </actor>
        <actor name="D0N18">
            <wcet number="0">30</wcet>
            <wcet number="1">30</wcet>
            <maxpow number="0.5376440204354015"/>
            <maxpow number="0.5376440204354015"/>
            <fprob>0.0</fprob>
        </actor>
        <actor name="D0N14">
            <wcet number="0">10</wcet>
            <wcet number="1">10</wcet>
            <maxpow number="0.5051914037983432"/>
            <maxpow number="0.5051914037983432"/>
            <fprob>0.0</fprob>
        </actor>
        <actor name="D0N44">
            <wcet number="0">10</wcet>
            <wcet number="1">10</wcet>
            <maxpow number="0.485269949369848"/>
            <maxpow number="0.485269949369848"/>
            <fprob>0.0</fprob>
        </actor>
        <actor name="D0N15">
            <wcet number="0">140</wcet>
            <wcet number="1">160</wcet>
            <maxpow number="0.5213356998280078"/>
            <maxpow number="0.5213356998280078"/>
            <fprob>0.0</fprob>
        </actor>
        <actor name="D0N27">
            <wcet number="0">10</wcet>
            <wcet number="1">10</wcet>
            <maxpow number="0.38039709193515153"/>
            <maxpow number="0.38039709193515153"/>
            <fprob>0.0</fprob>
        </actor>
        <actor name="D0N29">
            <wcet number="0">20</wcet>
            <wcet number="1">60</wcet>
            <maxpow number="0.5114409820616872"/>
            <maxpow number="0.5114409820616872"/>
            <fprob>0.0</fprob>
        </actor>
        <actor name="D0N5">
            <wcet number="0">10</wcet>
            <wcet number="1">40</wcet>
            <maxpow number="0.62857775905403"/>
            <maxpow number="0.62857775905403"/>
            <fprob>0.0</fprob>
        </actor>
        <actor name="D0N26">
            <wcet number="0">100</wcet>
            <wcet number="1">100</wcet>
            <maxpow number="0.43735802779944294"/>
            <maxpow number="0.43735802779944294"/>
            <fprob>0.0</fprob>
        </actor>
        <actor name="D0N16">
            <wcet number="0">10</wcet>
            <wcet number="1">10</wcet>
            <maxpow number="0.5772258025477586"/>
            <maxpow number="0.5772258025477586"/>
            <fprob>0.0</fprob>
        </actor>
        <actor name="D0N13">
            <wcet number="0">140</wcet>
            <wcet number="1">290</wcet>
            <maxpow number="0.26048545833015047"/>
            <maxpow number="0.26048545833015047"/>
            <fprob>0.0</fprob>
        </actor>
        <actor name="D0N39">
            <wcet number="0">30</wcet>
            <wcet number="1">30</wcet>
            <maxpow number="0.9343359938545639"/>
            <maxpow number="0.9343359938545639"/>
            <fprob>0.0</fprob>
        </actor>
        <actor name="D0N21">
            <wcet number="0">40</wcet>
            <wcet number="1">70</wcet>
            <maxpow number="0.33923583087860143"/>
            <maxpow number="0.33923583087860143"/>
            <fprob>0.0</fprob>
        </actor>
        <actor name="D0N2">
            <wcet number="0">10</wcet>
            <wcet number="1">50</wcet>
            <maxpow number="0.3514155393605709"/>
            <maxpow number="0.3514155393605709"/>
            <fprob>0.0</fprob>
        </actor>
        <actor name="D0N6">
            <wcet number="0">40</wcet>
            <wcet number="1">180</wcet>
            <maxpow number="0.5994440079407145"/>
            <maxpow number="0.5994440079407145"/>
            <fprob>0.0</fprob>
        </actor>
        <actor name="D0N10">
            <wcet number="0">20</wcet>
            <wcet number="1">40</wcet>
            <maxpow number="0.642709924835955"/>
            <maxpow number="0.642709924835955"/>
            <fprob>0.0</fprob>
        </actor>
        <actor name="D0N4">
            <wcet number="0">40</wcet>
            <wcet number="1">210</wcet>
            <maxpow number="0.588457278466386"/>
            <maxpow number="0.588457278466386"/>
            <fprob>0.0</fprob>
        </actor>
        <actor name="D0N42">
            <wcet number="0">290</wcet>
            <wcet number="1">370</wcet>
            <maxpow number="0.38968816802367495"/>
            <maxpow number="0.38968816802367495"/>
            <fprob>0.0</fprob>
        </actor>
        <actor name="D0N7">
            <wcet number="0">60</wcet>
            <wcet number="1">70</wcet>
            <maxpow number="0.5522710282433032"/>
            <maxpow number="0.5522710282433032"/>
            <fprob>0.0</fprob>
        </actor>
        <actor name="D0N17">
            <wcet number="0">100</wcet>
            <wcet number="1">320</wcet>
            <maxpow number="0.4691055680722295"/>
            <maxpow number="0.4691055680722295"/>
            <fprob>0.0</fprob>
        </actor>
        <actor name="D0N25">
            <wcet number="0">20</wcet>
            <wcet number="1">20</wcet>
            <maxpow number="0.48861395572827854"/>
            <maxpow number="0.48861395572827854"/>
            <fprob>0.0</fprob>
        </actor>
        <actor name="D0N31">
            <wcet number="0">10</wcet>
            <wcet number="1">40</wcet>
            <maxpow number="0.2316273303040718"/>
            <maxpow number="0.2316273303040718"/>
            <fprob>0.0</fprob>
        </actor>
        <actor name="D0N33">
            <wcet number="0">110</wcet>
            <wcet number="1">130</wcet>
            <maxpow number="0.5669296375434302"/>
            <maxpow number="0.5669296375434302"/>
            <fprob>0.0</fprob>
        </actor>
        <actor name="D0N3">
            <wcet number="0">100</wcet>
            <wcet number="1">530</wcet>
            <maxpow number="0.5919361505817825"/>
            <maxpow number="0.5919361505817825"/>
            <fprob>0.0</fprob>
        </actor>
        <actor name="D0N19">
            <wcet number="0">50</wcet>
            <wcet number="1">70</wcet>
            <maxpow number="0.7907206099852989"/>
            <maxpow number="0.7907206099852989"/>
            <fprob>0.0</fprob>
        </actor>
        <actor name="D0N1">
            <wcet number="0">100</wcet>
            <wcet number="1">110</wcet>
            <maxpow number="0.17769946064124098"/>
            <maxpow number="0.17769946064124098"/>
            <fprob>0.0</fprob>
        </actor>
        <actor name="D0N11">
            <wcet number="0">30</wcet>
            <wcet number="1">80</wcet>
            <maxpow number="0.5822479003619778"/>
            <maxpow number="0.5822479003619778"/>
            <fprob>0.0</fprob>
        </actor>
        <actor name="D0N9">
            <wcet number="0">130</wcet>
            <wcet number="1">140</wcet>
            <maxpow number="0.5142394917601153"/>
            <maxpow number="0.5142394917601153"/>
            <fprob>0.0</fprob>
        </actor>
        <actor name="D0N23">
            <wcet number="0">20</wcet>
            <wcet number="1">90</wcet>
            <maxpow number="0.3790116382866588"/>
            <maxpow number="0.3790116382866588"/>
            <fprob>0.0</fprob>
        </actor>
        <actor name="D0N24">
            <wcet number="0">90</wcet>
            <wcet number="1">100</wcet>
            <maxpow number="0.6069985264059218"/>
            <maxpow number="0.6069985264059218"/>
            <fprob>0.0</fprob>
        </actor>
        <actor name="D0N41">
            <wcet number="0">70</wcet>
            <wcet number="1">100</wcet>
            <maxpow number="0.42781331658983934"/>
            <maxpow number="0.42781331658983934"/>
            <fprob>0.0</fprob>
        </actor>
        <actor name="D0N20">
            <wcet number="0">40</wcet>
            <wcet number="1">70</wcet>
            <maxpow number="0.47395309925404816"/>
            <maxpow number="0.47395309925404816"/>
            <fprob>0.0</fprob>
        </actor>
        <actor name="D0N35">
            <wcet number="0">10</wcet>
            <wcet number="1">20</wcet>
            <maxpow number="0.3238528804309665"/>
            <maxpow number="0.3238528804309665"/>
            <fprob>0.0</fprob>
        </actor>
        <actor name="D0N40">
            <wcet number="0">70</wcet>
            <wcet number="1">210</wcet>
            <maxpow number="0.5588214535034068"/>
            <maxpow number="0.5588214535034068"/>
            <fprob>0.0</fprob>
        </actor>
        <actor name="D0N0">
            <wcet number="0">100</wcet>
            <wcet number="1">130</wcet>
            <maxpow number="0.6226560090438024"/>
            <maxpow number="0.6226560090438024"/>
            <fprob>0.0</fprob>
        </actor>
        <actor name="D0N46">
            <wcet number="0">50</wcet>
            <wcet number="1">90</wcet>
            <maxpow number="0.4148543322977114"/>
            <maxpow number="0.4148543322977114"/>
            <fprob>0.0</fprob>
        </actor>
        <actor name="D0N43">
            <wcet number="0">30</wcet>
            <wcet number="1">90</wcet>
            <maxpow number="0.37756775157426203"/>
            <maxpow number="0.37756775157426203"/>
            <fprob>0.0</fprob>
        </actor>
        <actor name="D0N37">
            <wcet number="0">40</wcet>
            <wcet number="1">190</wcet>
            <maxpow number="0.6147492934950002"/>
            <maxpow number="0.6147492934950002"/>
            <fprob>0.0</fprob>
        </actor>
        <actor name="D0N45">
            <wcet number="0">30</wcet>
            <wcet number="1">30</wcet>
            <maxpow number="0.8941686547114072"/>
            <maxpow number="0.8941686547114072"/>
            <fprob>0.0</fprob>
        </actor>
        <actor name="D0N32">
            <wcet number="0">20</wcet>
            <wcet number="1">60</wcet>
            <maxpow number="0.43248567268278193"/>
            <maxpow number="0.43248567268278193"/>
            <fprob>0.0</fprob>
        </actor>
        <actor name="D0N38">
            <wcet number="0">10</wcet>
            <wcet number="1">10</wcet>
            <maxpow number="0.36851417068746084"/>
            <maxpow number="0.36851417068746084"/>
            <fprob>0.0</fprob>
        </actor>
        <actor name="D0N48">
            <wcet number="0">170</wcet>
            <wcet number="1">310</wcet>
            <maxpow number="0.7867530351111596"/>
            <maxpow number="0.7867530351111596"/>
            <fprob>0.0</fprob>
        </actor>
        <actor name="D0N36">
            <wcet number="0">10</wcet>
            <wcet number="1">10</wcet>
            <maxpow number="0.5856919221033857"/>
            <maxpow number="0.5856919221033857"/>
            <fprob>0.0</fprob>
        </actor>
        <actor name="D0N49">
            <wcet number="0">30</wcet>
            <wcet number="1">150</wcet>
            <maxpow number="0.6955769876699978"/>
            <maxpow number="0.6955769876699978"/>
            <fprob>0.0</fprob>
        </actor>
        <actor name="D0N34">
            <wcet number="0">320</wcet>
            <wcet number="1">330</wcet>
            <maxpow number="0.7140240300933366"/>
            <maxpow number="0.7140240300933366"/>
            <fprob>0.0</fprob>
        </actor>
        <actor name="D0N47">
            <wcet number="0">50</wcet>
            <wcet number="1">50</wcet>
            <maxpow number="0.515249776177485"/>
            <maxpow number="0.515249776177485"/>
            <fprob>0.0</fprob>
        </actor>
        <actor name="D0N22">
            <wcet number="0">10</wcet>
            <wcet number="1">10</wcet>
            <maxpow number="0.13202797334393174"/>
            <maxpow number="0.13202797334393174"/>
            <fprob>0.0</fprob>
        </actor>
        <ports>
            <port dstActor="D0N37" name="p0" srcActor="D0N12"/>
            <port dstActor="D0N44" name="p1" srcActor="D0N12"/>
            <port dstActor="D0N21" name="p2" srcActor="D0N12"/>
            <port dstActor="D0N17" name="p3" srcActor="D0N12"/>
            <port dstActor="D0N49" name="p4" srcActor="D0N12"/>
            <port dstActor="D0N25" name="p5" srcActor="D0N8"/>
            <port dstActor="D0N11" name="p6" srcActor="D0N8"/>
            <port dstActor="D0N15" name="p7" srcActor="D0N8"/>
            <port dstActor="D0N12" name="p8" srcActor="D0N8"/>
            <port dstActor="D0N29" name="p9" srcActor="D0N8"/>
            <port dstActor="D0N26" name="p10" srcActor="D0N8"/>
            <port dstActor="D0N40" name="p11" srcActor="D0N28"/>
            <port dstActor="D0N30" name="p12" srcActor="D0N28"/>
            <port dstActor="D0N32" name="p13" srcActor="D0N28"/>
            <port dstActor="D0N37" name="p14" srcActor="D0N18"/>
            <port dstActor="D0N19" name="p15" srcActor="D0N18"/>
            <port dstActor="D0N29" name="p16" srcActor="D0N18"/>
            <port dstActor="D0N43" name="p17" srcActor="D0N14"/>
            <port dstActor="D0N37" name="p18" srcActor="D0N14"/>
            <port dstActor="D0N17" name="p19" srcActor="D0N14"/>
            <port dstActor="D0N18" name="p20" srcActor="D0N14"/>
            <port dstActor="D0N45" name="p21" srcActor="D0N44"/>
            <port dstActor="D0N19" name="p22" srcActor="D0N15"/>
            <port dstActor="D0N20" name="p23" srcActor="D0N15"/>
            <port dstActor="D0N48" name="p24" srcActor="D0N15"/>
            <port dstActor="D0N42" name="p25" srcActor="D0N29"/>
            <port dstActor="D0N19" name="p26" srcActor="D0N5"/>
            <port dstActor="D0N27" name="p27" srcActor="D0N5"/>
            <port dstActor="D0N21" name="p28" srcActor="D0N5"/>
            <port dstActor="D0N25" name="p29" srcActor="D0N5"/>
            <port dstActor="D0N6" name="p30" srcActor="D0N5"/>
            <port dstActor="D0N33" name="p31" srcActor="D0N26"/>
            <port dstActor="D0N45" name="p32" srcActor="D0N26"/>
            <port dstActor="D0N17" name="p33" srcActor="D0N16"/>
            <port dstActor="D0N47" name="p34" srcActor="D0N16"/>
            <port dstActor="D0N22" name="p35" srcActor="D0N16"/>
            <port dstActor="D0N28" name="p36" srcActor="D0N16"/>
            <port dstActor="D0N41" name="p37" srcActor="D0N39"/>
            <port dstActor="D0N28" name="p38" srcActor="D0N21"/>
            <port dstActor="D0N32" name="p39" srcActor="D0N21"/>
            <port dstActor="D0N35" name="p40" srcActor="D0N2"/>
            <port dstActor="D0N48" name="p41" srcActor="D0N2"/>
            <port dstActor="D0N10" name="p42" srcActor="D0N2"/>
            <port dstActor="D0N26" name="p43" srcActor="D0N2"/>
            <port dstActor="D0N40" name="p44" srcActor="D0N2"/>
            <port dstActor="D0N26" name="p45" srcActor="D0N6"/>
            <port dstActor="D0N30" name="p46" srcActor="D0N6"/>
            <port dstActor="D0N31" name="p47" srcActor="D0N6"/>
            <port dstActor="D0N9" name="p48" srcActor="D0N6"/>
            <port dstActor="D0N24" name="p49" srcActor="D0N10"/>
            <port dstActor="D0N11" name="p50" srcActor="D0N10"/>
            <port dstActor="D0N19" name="p51" srcActor="D0N10"/>
            <port dstActor="D0N16" name="p52" srcActor="D0N10"/>
            <port dstActor="D0N32" name="p53" srcActor="D0N10"/>
            <port dstActor="D0N10" name="p54" srcActor="D0N4"/>
            <port dstActor="D0N37" name="p55" srcActor="D0N4"/>
            <port dstActor="D0N40" name="p56" srcActor="D0N4"/>
            <port dstActor="D0N38" name="p57" srcActor="D0N4"/>
            <port dstActor="D0N48" name="p58" srcActor="D0N4"/>
            <port dstActor="D0N19" name="p59" srcActor="D0N7"/>
            <port dstActor="D0N47" name="p60" srcActor="D0N7"/>
            <port dstActor="D0N43" name="p61" srcActor="D0N7"/>
            <port dstActor="D0N48" name="p62" srcActor="D0N7"/>
            <port dstActor="D0N21" name="p63" srcActor="D0N17"/>
            <port dstActor="D0N27" name="p64" srcActor="D0N17"/>
            <port dstActor="D0N41" name="p65" srcActor="D0N25"/>
            <port dstActor="D0N41" name="p66" srcActor="D0N31"/>
            <port dstActor="D0N46" name="p67" srcActor="D0N31"/>
            <port dstActor="D0N36" name="p68" srcActor="D0N33"/>
            <port dstActor="D0N41" name="p69" srcActor="D0N33"/>
            <port dstActor="D0N13" name="p70" srcActor="D0N3"/>
            <port dstActor="D0N18" name="p71" srcActor="D0N3"/>
            <port dstActor="D0N44" name="p72" srcActor="D0N3"/>
            <port dstActor="D0N49" name="p73" srcActor="D0N3"/>
            <port dstActor="D0N6" name="p74" srcActor="D0N3"/>
            <port dstActor="D0N40" name="p75" srcActor="D0N19"/>
            <port dstActor="D0N32" name="p76" srcActor="D0N19"/>
            <port dstActor="D0N48" name="p77" srcActor="D0N19"/>
            <port dstActor="D0N45" name="p78" srcActor="D0N19"/>
            <port dstActor="D0N31" name="p79" srcActor="D0N19"/>
            <port dstActor="D0N6" name="p80" srcActor="D0N1"/>
            <port dstActor="D0N20" name="p81" srcActor="D0N1"/>
            <port dstActor="D0N38" name="p82" srcActor="D0N11"/>
            <port dstActor="D0N36" name="p83" srcActor="D0N11"/>
            <port dstActor="D0N23" name="p84" srcActor="D0N11"/>
            <port dstActor="D0N41" name="p85" srcActor="D0N11"/>
            <port dstActor="D0N37" name="p86" srcActor="D0N11"/>
            <port dstActor="D0N12" name="p87" srcActor="D0N11"/>
            <port dstActor="D0N34" name="p88" srcActor="D0N9"/>
            <port dstActor="D0N10" name="p89" srcActor="D0N9"/>
            <port dstActor="D0N13" name="p90" srcActor="D0N9"/>
            <port dstActor="D0N24" name="p91" srcActor="D0N23"/>
            <port dstActor="D0N36" name="p92" srcActor="D0N24"/>
            <port dstActor="D0N37" name="p93" srcActor="D0N20"/>
            <port dstActor="D0N42" name="p94" srcActor="D0N20"/>
            <port dstActor="D0N33" name="p95" srcActor="D0N20"/>
            <port dstActor="D0N36" name="p96" srcActor="D0N35"/>
            <port dstActor="D0N37" name="p97" srcActor="D0N35"/>
            <port dstActor="D0N48" name="p98" srcActor="D0N40"/>
            <port dstActor="D0N35" name="p99" srcActor="D0N0"/>
            <port dstActor="D0N31" name="p100" srcActor="D0N0"/>
            <port dstActor="D0N37" name="p101" srcActor="D0N0"/>
            <port dstActor="D0N46" name="p102" srcActor="D0N43"/>
            <port dstActor="D0N40" name="p103" srcActor="D0N37"/>
            <port dstActor="D0N47" name="p104" srcActor="D0N37"/>
            <port dstActor="D0N48" name="p105" srcActor="D0N45"/>
            <port dstActor="D0N40" name="p106" srcActor="D0N36"/>
            <port dstActor="D0N43" name="p107" srcActor="D0N34"/>
        </ports>
    </mcdag>
    <cores number="3"/>
    <levels number="2"/>
</mcsystem>
