<?xml version="1.0" encoding="UTF-8" standalone="no"?>
<mcsystem>
    <mcdag deadline="3000" name="genned-0-ed-10.0-0">
        <actor name="D0N9">
            <wcet number="0">210</wcet>
            <wcet number="1">290</wcet>
            <maxpow number="0.49730464828939847"/>
            <maxpow number="0.49730464828939847"/>
            <fprob>0.0</fprob>
        </actor>
        <actor name="D0N21">
            <wcet number="0">10</wcet>
            <wcet number="1">10</wcet>
            <maxpow number="0.3196825829994401"/>
            <maxpow number="0.3196825829994401"/>
            <fprob>0.0</fprob>
        </actor>
        <actor name="D0N33">
            <wcet number="0">10</wcet>
            <wcet number="1">10</wcet>
            <maxpow number="0.5497262901672142"/>
            <maxpow number="0.5497262901672142"/>
            <fprob>0.0</fprob>
        </actor>
        <actor name="D0N32">
            <wcet number="0">30</wcet>
            <wcet number="1">40</wcet>
            <maxpow number="0.405454099039761"/>
            <maxpow number="0.405454099039761"/>
            <fprob>0.0</fprob>
        </actor>
        <actor name="D0N10">
            <wcet number="0">100</wcet>
            <wcet number="1">120</wcet>
            <maxpow number="0.4713803460192506"/>
            <maxpow number="0.4713803460192506"/>
            <fprob>0.0</fprob>
        </actor>
        <actor name="D0N24">
            <wcet number="0">160</wcet>
            <wcet number="1">170</wcet>
            <maxpow number="0.4832854498544785"/>
            <maxpow number="0.4832854498544785"/>
            <fprob>0.0</fprob>
        </actor>
        <actor name="D0N26">
            <wcet number="0">70</wcet>
            <wcet number="1">130</wcet>
            <maxpow number="0.14189036026341262"/>
            <maxpow number="0.14189036026341262"/>
            <fprob>0.0</fprob>
        </actor>
        <actor name="D0N35">
            <wcet number="0">420</wcet>
            <wcet number="1">580</wcet>
            <maxpow number="0.39911110805803474"/>
            <maxpow number="0.39911110805803474"/>
            <fprob>0.0</fprob>
        </actor>
        <actor name="D0N18">
            <wcet number="0">140</wcet>
            <wcet number="1">140</wcet>
            <maxpow number="0.6434788429832647"/>
            <maxpow number="0.6434788429832647"/>
            <fprob>0.0</fprob>
        </actor>
        <actor name="D0N11">
            <wcet number="0">10</wcet>
            <wcet number="1">10</wcet>
            <maxpow number="0.6971884193982976"/>
            <maxpow number="0.6971884193982976"/>
            <fprob>0.0</fprob>
        </actor>
        <actor name="D0N16">
            <wcet number="0">160</wcet>
            <wcet number="1">980</wcet>
            <maxpow number="0.7392190787284676"/>
            <maxpow number="0.7392190787284676"/>
            <fprob>0.0</fprob>
        </actor>
        <actor name="D0N38">
            <wcet number="0">10</wcet>
            <wcet number="1">10</wcet>
            <maxpow number="0.5085078047493815"/>
            <maxpow number="0.5085078047493815"/>
            <fprob>0.0</fprob>
        </actor>
        <actor name="D0N22">
            <wcet number="0">80</wcet>
            <wcet number="1">80</wcet>
            <maxpow number="0.4389779507152609"/>
            <maxpow number="0.4389779507152609"/>
            <fprob>0.0</fprob>
        </actor>
        <actor name="D0N44">
            <wcet number="0">410</wcet>
            <wcet number="1">410</wcet>
            <maxpow number="0.6245685649137969"/>
            <maxpow number="0.6245685649137969"/>
            <fprob>0.0</fprob>
        </actor>
        <actor name="D0N49">
            <wcet number="0">130</wcet>
            <wcet number="1">130</wcet>
            <maxpow number="0.6257031812721863"/>
            <maxpow number="0.6257031812721863"/>
            <fprob>0.0</fprob>
        </actor>
        <actor name="D0N31">
            <wcet number="0">210</wcet>
            <wcet number="1">220</wcet>
            <maxpow number="0.5622049156665637"/>
            <maxpow number="0.5622049156665637"/>
            <fprob>0.0</fprob>
        </actor>
        <actor name="D0N15">
            <wcet number="0">240</wcet>
            <wcet number="1">420</wcet>
            <maxpow number="0.754258191422231"/>
            <maxpow number="0.754258191422231"/>
            <fprob>0.0</fprob>
        </actor>
        <actor name="D0N34">
            <wcet number="0">10</wcet>
            <wcet number="1">180</wcet>
            <maxpow number="0.6970887406064825"/>
            <maxpow number="0.6970887406064825"/>
            <fprob>0.0</fprob>
        </actor>
        <actor name="D0N14">
            <wcet number="0">20</wcet>
            <wcet number="1">30</wcet>
            <maxpow number="0.27848351861919035"/>
            <maxpow number="0.27848351861919035"/>
            <fprob>0.0</fprob>
        </actor>
        <actor name="D0N29">
            <wcet number="0">30</wcet>
            <wcet number="1">60</wcet>
            <maxpow number="0.4465796650565714"/>
            <maxpow number="0.4465796650565714"/>
            <fprob>0.0</fprob>
        </actor>
        <actor name="D0N12">
            <wcet number="0">10</wcet>
            <wcet number="1">70</wcet>
            <maxpow number="0.5885732176857473"/>
            <maxpow number="0.5885732176857473"/>
            <fprob>0.0</fprob>
        </actor>
        <actor name="D0N20">
            <wcet number="0">30</wcet>
            <wcet number="1">30</wcet>
            <maxpow number="0.3065278216562014"/>
            <maxpow number="0.3065278216562014"/>
            <fprob>0.0</fprob>
        </actor>
        <actor name="D0N8">
            <wcet number="0">70</wcet>
            <wcet number="1">290</wcet>
            <maxpow number="0.4007748435507224"/>
            <maxpow number="0.4007748435507224"/>
            <fprob>0.0</fprob>
        </actor>
        <actor name="D0N25">
            <wcet number="0">110</wcet>
            <wcet number="1">150</wcet>
            <maxpow number="0.6875670408092123"/>
            <maxpow number="0.6875670408092123"/>
            <fprob>0.0</fprob>
        </actor>
        <actor name="D0N13">
            <wcet number="0">120</wcet>
            <wcet number="1">170</wcet>
            <maxpow number="0.4363568674879301"/>
            <maxpow number="0.4363568674879301"/>
            <fprob>0.0</fprob>
        </actor>
        <actor name="D0N45">
            <wcet number="0">20</wcet>
            <wcet number="1">20</wcet>
            <maxpow number="0.5248721021830769"/>
            <maxpow number="0.5248721021830769"/>
            <fprob>0.0</fprob>
        </actor>
        <actor name="D0N1">
            <wcet number="0">20</wcet>
            <wcet number="1">20</wcet>
            <maxpow number="0.40314554518690493"/>
            <maxpow number="0.40314554518690493"/>
            <fprob>0.0</fprob>
        </actor>
        <actor name="D0N3">
            <wcet number="0">80</wcet>
            <wcet number="1">350</wcet>
            <maxpow number="0.5780312134701527"/>
            <maxpow number="0.5780312134701527"/>
            <fprob>0.0</fprob>
        </actor>
        <actor name="D0N36">
            <wcet number="0">20</wcet>
            <wcet number="1">30</wcet>
            <maxpow number="0.8001528317422175"/>
            <maxpow number="0.8001528317422175"/>
            <fprob>0.0</fprob>
        </actor>
        <actor name="D0N5">
            <wcet number="0">190</wcet>
            <wcet number="1">200</wcet>
            <maxpow number="0.35272112224356744"/>
            <maxpow number="0.35272112224356744"/>
            <fprob>0.0</fprob>
        </actor>
        <actor name="D0N43">
            <wcet number="0">50</wcet>
            <wcet number="1">70</wcet>
            <maxpow number="0.6797188346582196"/>
            <maxpow number="0.6797188346582196"/>
            <fprob>0.0</fprob>
        </actor>
        <actor name="D0N40">
            <wcet number="0">60</wcet>
            <wcet number="1">90</wcet>
            <maxpow number="0.575688195540756"/>
            <maxpow number="0.575688195540756"/>
            <fprob>0.0</fprob>
        </actor>
        <actor name="D0N7">
            <wcet number="0">280</wcet>
            <wcet number="1">490</wcet>
            <maxpow number="0.38345739848028326"/>
            <maxpow number="0.38345739848028326"/>
            <fprob>0.0</fprob>
        </actor>
        <actor name="D0N23">
            <wcet number="0">10</wcet>
            <wcet number="1">20</wcet>
            <maxpow number="0.8803316859852387"/>
            <maxpow number="0.8803316859852387"/>
            <fprob>0.0</fprob>
        </actor>
        <actor name="D0N39">
            <wcet number="0">90</wcet>
            <wcet number="1">130</wcet>
            <maxpow number="0.561017327183715"/>
            <maxpow number="0.561017327183715"/>
            <fprob>0.0</fprob>
        </actor>
        <actor name="D0N48">
            <wcet number="0">20</wcet>
            <wcet number="1">20</wcet>
            <maxpow number="0.2295542542085685"/>
            <maxpow number="0.2295542542085685"/>
            <fprob>0.0</fprob>
        </actor>
        <actor name="D0N2">
            <wcet number="0">20</wcet>
            <wcet number="1">40</wcet>
            <maxpow number="0.3558050684254611"/>
            <maxpow number="0.3558050684254611"/>
            <fprob>0.0</fprob>
        </actor>
        <actor name="D0N42">
            <wcet number="0">50</wcet>
            <wcet number="1">110</wcet>
            <maxpow number="0.5375788305801111"/>
            <maxpow number="0.5375788305801111"/>
            <fprob>0.0</fprob>
        </actor>
        <actor name="D0N4">
            <wcet number="0">20</wcet>
            <wcet number="1">80</wcet>
            <maxpow number="0.3358887268780645"/>
            <maxpow number="0.3358887268780645"/>
            <fprob>0.0</fprob>
        </actor>
        <actor name="D0N6">
            <wcet number="0">40</wcet>
            <wcet number="1">250</wcet>
            <maxpow number="0.47986200824604713"/>
            <maxpow number="0.47986200824604713"/>
            <fprob>0.0</fprob>
        </actor>
        <actor name="D0N0">
            <wcet number="0">130</wcet>
            <wcet number="1">140</wcet>
            <maxpow number="0.6391635461724824"/>
            <maxpow number="0.6391635461724824"/>
            <fprob>0.0</fprob>
        </actor>
        <actor name="D0N19">
            <wcet number="0">70</wcet>
            <wcet number="1">80</wcet>
            <maxpow number="0.4028050857999734"/>
            <maxpow number="0.4028050857999734"/>
            <fprob>0.0</fprob>
        </actor>
        <actor name="D0N46">
            <wcet number="0">430</wcet>
            <wcet number="1">490</wcet>
            <maxpow number="0.916616860846505"/>
            <maxpow number="0.916616860846505"/>
            <fprob>0.0</fprob>
        </actor>
        <actor name="D0N41">
            <wcet number="0">10</wcet>
            <wcet number="1">10</wcet>
            <maxpow number="0.2254183967428881"/>
            <maxpow number="0.2254183967428881"/>
            <fprob>0.0</fprob>
        </actor>
        <actor name="D0N37">
            <wcet number="0">20</wcet>
            <wcet number="1">30</wcet>
            <maxpow number="0.36308227136209603"/>
            <maxpow number="0.36308227136209603"/>
            <fprob>0.0</fprob>
        </actor>
        <actor name="D0N17">
            <wcet number="0">10</wcet>
            <wcet number="1">30</wcet>
            <maxpow number="0.6451577860075445"/>
            <maxpow number="0.6451577860075445"/>
            <fprob>0.0</fprob>
        </actor>
        <actor name="D0N27">
            <wcet number="0">40</wcet>
            <wcet number="1">90</wcet>
            <maxpow number="0.35369604534086396"/>
            <maxpow number="0.35369604534086396"/>
            <fprob>0.0</fprob>
        </actor>
        <actor name="D0N28">
            <wcet number="0">20</wcet>
            <wcet number="1">80</wcet>
            <maxpow number="0.3051628680877635"/>
            <maxpow number="0.3051628680877635"/>
            <fprob>0.0</fprob>
        </actor>
        <actor name="D0N30">
            <wcet number="0">20</wcet>
            <wcet number="1">30</wcet>
            <maxpow number="0.5799793374868528"/>
            <maxpow number="0.5799793374868528"/>
            <fprob>0.0</fprob>
        </actor>
        <actor name="D0N47">
            <wcet number="0">110</wcet>
            <wcet number="1">170</wcet>
            <maxpow number="0.2093654947964083"/>
            <maxpow number="0.2093654947964083"/>
            <fprob>0.0</fprob>
        </actor>
        <ports>
            <port dstActor="D0N14" name="p0" srcActor="D0N9"/>
            <port dstActor="D0N26" name="p1" srcActor="D0N9"/>
            <port dstActor="D0N48" name="p2" srcActor="D0N9"/>
            <port dstActor="D0N31" name="p3" srcActor="D0N9"/>
            <port dstActor="D0N40" name="p4" srcActor="D0N21"/>
            <port dstActor="D0N34" name="p5" srcActor="D0N32"/>
            <port dstActor="D0N36" name="p6" srcActor="D0N10"/>
            <port dstActor="D0N25" name="p7" srcActor="D0N10"/>
            <port dstActor="D0N18" name="p8" srcActor="D0N10"/>
            <port dstActor="D0N38" name="p9" srcActor="D0N10"/>
            <port dstActor="D0N43" name="p10" srcActor="D0N24"/>
            <port dstActor="D0N28" name="p11" srcActor="D0N24"/>
            <port dstActor="D0N41" name="p12" srcActor="D0N24"/>
            <port dstActor="D0N29" name="p13" srcActor="D0N26"/>
            <port dstActor="D0N38" name="p14" srcActor="D0N26"/>
            <port dstActor="D0N33" name="p15" srcActor="D0N26"/>
            <port dstActor="D0N37" name="p16" srcActor="D0N26"/>
            <port dstActor="D0N38" name="p17" srcActor="D0N35"/>
            <port dstActor="D0N22" name="p18" srcActor="D0N18"/>
            <port dstActor="D0N25" name="p19" srcActor="D0N18"/>
            <port dstActor="D0N19" name="p20" srcActor="D0N11"/>
            <port dstActor="D0N37" name="p21" srcActor="D0N11"/>
            <port dstActor="D0N40" name="p22" srcActor="D0N11"/>
            <port dstActor="D0N28" name="p23" srcActor="D0N11"/>
            <port dstActor="D0N25" name="p24" srcActor="D0N11"/>
            <port dstActor="D0N44" name="p25" srcActor="D0N11"/>
            <port dstActor="D0N13" name="p26" srcActor="D0N11"/>
            <port dstActor="D0N31" name="p27" srcActor="D0N11"/>
            <port dstActor="D0N41" name="p28" srcActor="D0N16"/>
            <port dstActor="D0N37" name="p29" srcActor="D0N16"/>
            <port dstActor="D0N18" name="p30" srcActor="D0N16"/>
            <port dstActor="D0N39" name="p31" srcActor="D0N16"/>
            <port dstActor="D0N41" name="p32" srcActor="D0N38"/>
            <port dstActor="D0N44" name="p33" srcActor="D0N38"/>
            <port dstActor="D0N39" name="p34" srcActor="D0N38"/>
            <port dstActor="D0N43" name="p35" srcActor="D0N31"/>
            <port dstActor="D0N35" name="p36" srcActor="D0N31"/>
            <port dstActor="D0N44" name="p37" srcActor="D0N31"/>
            <port dstActor="D0N32" name="p38" srcActor="D0N31"/>
            <port dstActor="D0N46" name="p39" srcActor="D0N31"/>
            <port dstActor="D0N47" name="p40" srcActor="D0N15"/>
            <port dstActor="D0N38" name="p41" srcActor="D0N34"/>
            <port dstActor="D0N43" name="p42" srcActor="D0N14"/>
            <port dstActor="D0N26" name="p43" srcActor="D0N14"/>
            <port dstActor="D0N15" name="p44" srcActor="D0N14"/>
            <port dstActor="D0N29" name="p45" srcActor="D0N14"/>
            <port dstActor="D0N38" name="p46" srcActor="D0N29"/>
            <port dstActor="D0N27" name="p47" srcActor="D0N12"/>
            <port dstActor="D0N49" name="p48" srcActor="D0N12"/>
            <port dstActor="D0N46" name="p49" srcActor="D0N12"/>
            <port dstActor="D0N14" name="p50" srcActor="D0N12"/>
            <port dstActor="D0N23" name="p51" srcActor="D0N20"/>
            <port dstActor="D0N33" name="p52" srcActor="D0N20"/>
            <port dstActor="D0N47" name="p53" srcActor="D0N20"/>
            <port dstActor="D0N21" name="p54" srcActor="D0N8"/>
            <port dstActor="D0N27" name="p55" srcActor="D0N8"/>
            <port dstActor="D0N44" name="p56" srcActor="D0N8"/>
            <port dstActor="D0N12" name="p57" srcActor="D0N8"/>
            <port dstActor="D0N26" name="p58" srcActor="D0N8"/>
            <port dstActor="D0N37" name="p59" srcActor="D0N25"/>
            <port dstActor="D0N33" name="p60" srcActor="D0N13"/>
            <port dstActor="D0N46" name="p61" srcActor="D0N13"/>
            <port dstActor="D0N26" name="p62" srcActor="D0N13"/>
            <port dstActor="D0N27" name="p63" srcActor="D0N13"/>
            <port dstActor="D0N47" name="p64" srcActor="D0N45"/>
            <port dstActor="D0N28" name="p65" srcActor="D0N1"/>
            <port dstActor="D0N13" name="p66" srcActor="D0N1"/>
            <port dstActor="D0N42" name="p67" srcActor="D0N1"/>
            <port dstActor="D0N4" name="p68" srcActor="D0N1"/>
            <port dstActor="D0N6" name="p69" srcActor="D0N1"/>
            <port dstActor="D0N7" name="p70" srcActor="D0N1"/>
            <port dstActor="D0N19" name="p71" srcActor="D0N1"/>
            <port dstActor="D0N11" name="p72" srcActor="D0N1"/>
            <port dstActor="D0N44" name="p73" srcActor="D0N1"/>
            <port dstActor="D0N4" name="p74" srcActor="D0N3"/>
            <port dstActor="D0N24" name="p75" srcActor="D0N3"/>
            <port dstActor="D0N40" name="p76" srcActor="D0N3"/>
            <port dstActor="D0N45" name="p77" srcActor="D0N3"/>
            <port dstActor="D0N38" name="p78" srcActor="D0N3"/>
            <port dstActor="D0N15" name="p79" srcActor="D0N3"/>
            <port dstActor="D0N41" name="p80" srcActor="D0N3"/>
            <port dstActor="D0N49" name="p81" srcActor="D0N36"/>
            <port dstActor="D0N48" name="p82" srcActor="D0N36"/>
            <port dstActor="D0N20" name="p83" srcActor="D0N5"/>
            <port dstActor="D0N13" name="p84" srcActor="D0N5"/>
            <port dstActor="D0N33" name="p85" srcActor="D0N5"/>
            <port dstActor="D0N43" name="p86" srcActor="D0N7"/>
            <port dstActor="D0N41" name="p87" srcActor="D0N7"/>
            <port dstActor="D0N49" name="p88" srcActor="D0N7"/>
            <port dstActor="D0N14" name="p89" srcActor="D0N7"/>
            <port dstActor="D0N44" name="p90" srcActor="D0N7"/>
            <port dstActor="D0N38" name="p91" srcActor="D0N7"/>
            <port dstActor="D0N31" name="p92" srcActor="D0N23"/>
            <port dstActor="D0N26" name="p93" srcActor="D0N23"/>
            <port dstActor="D0N12" name="p94" srcActor="D0N2"/>
            <port dstActor="D0N27" name="p95" srcActor="D0N2"/>
            <port dstActor="D0N34" name="p96" srcActor="D0N2"/>
            <port dstActor="D0N39" name="p97" srcActor="D0N2"/>
            <port dstActor="D0N13" name="p98" srcActor="D0N2"/>
            <port dstActor="D0N47" name="p99" srcActor="D0N42"/>
            <port dstActor="D0N5" name="p100" srcActor="D0N4"/>
            <port dstActor="D0N26" name="p101" srcActor="D0N4"/>
            <port dstActor="D0N49" name="p102" srcActor="D0N4"/>
            <port dstActor="D0N45" name="p103" srcActor="D0N4"/>
            <port dstActor="D0N37" name="p104" srcActor="D0N0"/>
            <port dstActor="D0N24" name="p105" srcActor="D0N0"/>
            <port dstActor="D0N17" name="p106" srcActor="D0N0"/>
            <port dstActor="D0N26" name="p107" srcActor="D0N19"/>
            <port dstActor="D0N25" name="p108" srcActor="D0N19"/>
            <port dstActor="D0N40" name="p109" srcActor="D0N37"/>
            <port dstActor="D0N27" name="p110" srcActor="D0N17"/>
            <port dstActor="D0N49" name="p111" srcActor="D0N17"/>
            <port dstActor="D0N34" name="p112" srcActor="D0N17"/>
            <port dstActor="D0N28" name="p113" srcActor="D0N17"/>
            <port dstActor="D0N47" name="p114" srcActor="D0N27"/>
            <port dstActor="D0N37" name="p115" srcActor="D0N30"/>
            <port dstActor="D0N48" name="p116" srcActor="D0N30"/>
        </ports>
    </mcdag>
    <cores number="3"/>
    <levels number="2"/>
</mcsystem>
