<?xml version="1.0" encoding="UTF-8" standalone="no"?>
<mcsystem>
    <mcdag deadline="4000" name="genned-0-ed-10.0-0">
        <actor name="D0N23">
            <wcet number="0">140</wcet>
            <wcet number="1">200</wcet>
            <maxpow number="0.17665220831664086"/>
            <maxpow number="0.17665220831664086"/>
            <fprob>0.0</fprob>
        </actor>
        <actor name="D0N47">
            <wcet number="0">240</wcet>
            <wcet number="1">250</wcet>
            <maxpow number="0.5265914194038653"/>
            <maxpow number="0.5265914194038653"/>
            <fprob>0.0</fprob>
        </actor>
        <actor name="D0N15">
            <wcet number="0">530</wcet>
            <wcet number="1">650</wcet>
            <maxpow number="0.6749407551414294"/>
            <maxpow number="0.6749407551414294"/>
            <fprob>0.0</fprob>
        </actor>
        <actor name="D0N1">
            <wcet number="0">110</wcet>
            <wcet number="1">120</wcet>
            <maxpow number="0.5513661251353189"/>
            <maxpow number="0.5513661251353189"/>
            <fprob>0.0</fprob>
        </actor>
        <actor name="D0N0">
            <wcet number="0">10</wcet>
            <wcet number="1">140</wcet>
            <maxpow number="0.5894721325882507"/>
            <maxpow number="0.5894721325882507"/>
            <fprob>0.0</fprob>
        </actor>
        <actor name="D0N29">
            <wcet number="0">60</wcet>
            <wcet number="1">70</wcet>
            <maxpow number="0.6303906354340881"/>
            <maxpow number="0.6303906354340881"/>
            <fprob>0.0</fprob>
        </actor>
        <actor name="D0N34">
            <wcet number="0">10</wcet>
            <wcet number="1">50</wcet>
            <maxpow number="0.4817603538075751"/>
            <maxpow number="0.4817603538075751"/>
            <fprob>0.0</fprob>
        </actor>
        <actor name="D0N3">
            <wcet number="0">20</wcet>
            <wcet number="1">20</wcet>
            <maxpow number="0.5355238934980022"/>
            <maxpow number="0.5355238934980022"/>
            <fprob>0.0</fprob>
        </actor>
        <actor name="D0N31">
            <wcet number="0">110</wcet>
            <wcet number="1">110</wcet>
            <maxpow number="0.38214733441258963"/>
            <maxpow number="0.38214733441258963"/>
            <fprob>0.0</fprob>
        </actor>
        <actor name="D0N18">
            <wcet number="0">200</wcet>
            <wcet number="1">280</wcet>
            <maxpow number="0.5922728964056234"/>
            <maxpow number="0.5922728964056234"/>
            <fprob>0.0</fprob>
        </actor>
        <actor name="D0N35">
            <wcet number="0">40</wcet>
            <wcet number="1">50</wcet>
            <maxpow number="0.510316107763805"/>
            <maxpow number="0.510316107763805"/>
            <fprob>0.0</fprob>
        </actor>
        <actor name="D0N40">
            <wcet number="0">160</wcet>
            <wcet number="1">420</wcet>
            <maxpow number="0.7425599889329217"/>
            <maxpow number="0.7425599889329217"/>
            <fprob>0.0</fprob>
        </actor>
        <actor name="D0N4">
            <wcet number="0">120</wcet>
            <wcet number="1">170</wcet>
            <maxpow number="0.3959840409925016"/>
            <maxpow number="0.3959840409925016"/>
            <fprob>0.0</fprob>
        </actor>
        <actor name="D0N9">
            <wcet number="0">20</wcet>
            <wcet number="1">380</wcet>
            <maxpow number="0.6368066182842992"/>
            <maxpow number="0.6368066182842992"/>
            <fprob>0.0</fprob>
        </actor>
        <actor name="D0N30">
            <wcet number="0">70</wcet>
            <wcet number="1">230</wcet>
            <maxpow number="0.537211434125377"/>
            <maxpow number="0.537211434125377"/>
            <fprob>0.0</fprob>
        </actor>
        <actor name="D0N43">
            <wcet number="0">100</wcet>
            <wcet number="1">130</wcet>
            <maxpow number="0.8410042697526006"/>
            <maxpow number="0.8410042697526006"/>
            <fprob>0.0</fprob>
        </actor>
        <actor name="D0N17">
            <wcet number="0">130</wcet>
            <wcet number="1">210</wcet>
            <maxpow number="0.7897782391316736"/>
            <maxpow number="0.7897782391316736"/>
            <fprob>0.0</fprob>
        </actor>
        <actor name="D0N19">
            <wcet number="0">10</wcet>
            <wcet number="1">10</wcet>
            <maxpow number="0.5176684985201699"/>
            <maxpow number="0.5176684985201699"/>
            <fprob>0.0</fprob>
        </actor>
        <actor name="D0N8">
            <wcet number="0">20</wcet>
            <wcet number="1">40</wcet>
            <maxpow number="0.5855000372228063"/>
            <maxpow number="0.5855000372228063"/>
            <fprob>0.0</fprob>
        </actor>
        <actor name="D0N38">
            <wcet number="0">40</wcet>
            <wcet number="1">70</wcet>
            <maxpow number="0.3983760865207102"/>
            <maxpow number="0.3983760865207102"/>
            <fprob>0.0</fprob>
        </actor>
        <actor name="D0N5">
            <wcet number="0">170</wcet>
            <wcet number="1">440</wcet>
            <maxpow number="0.6212619702111031"/>
            <maxpow number="0.6212619702111031"/>
            <fprob>0.0</fprob>
        </actor>
        <actor name="D0N14">
            <wcet number="0">200</wcet>
            <wcet number="1">420</wcet>
            <maxpow number="0.6958956544801063"/>
            <maxpow number="0.6958956544801063"/>
            <fprob>0.0</fprob>
        </actor>
        <actor name="D0N21">
            <wcet number="0">60</wcet>
            <wcet number="1">90</wcet>
            <maxpow number="0.8262631201558688"/>
            <maxpow number="0.8262631201558688"/>
            <fprob>0.0</fprob>
        </actor>
        <actor name="D0N45">
            <wcet number="0">190</wcet>
            <wcet number="1">240</wcet>
            <maxpow number="0.5773867666795837"/>
            <maxpow number="0.5773867666795837"/>
            <fprob>0.0</fprob>
        </actor>
        <actor name="D0N12">
            <wcet number="0">570</wcet>
            <wcet number="1">570</wcet>
            <maxpow number="0.6820849934615143"/>
            <maxpow number="0.6820849934615143"/>
            <fprob>0.0</fprob>
        </actor>
        <actor name="D0N33">
            <wcet number="0">10</wcet>
            <wcet number="1">70</wcet>
            <maxpow number="0.9819448638032151"/>
            <maxpow number="0.9819448638032151"/>
            <fprob>0.0</fprob>
        </actor>
        <actor name="D0N28">
            <wcet number="0">60</wcet>
            <wcet number="1">160</wcet>
            <maxpow number="0.5489549911133813"/>
            <maxpow number="0.5489549911133813"/>
            <fprob>0.0</fprob>
        </actor>
        <actor name="D0N6">
            <wcet number="0">60</wcet>
            <wcet number="1">120</wcet>
            <maxpow number="0.7016697093853994"/>
            <maxpow number="0.7016697093853994"/>
            <fprob>0.0</fprob>
        </actor>
        <actor name="D0N37">
            <wcet number="0">40</wcet>
            <wcet number="1">70</wcet>
            <maxpow number="0.5425814382617502"/>
            <maxpow number="0.5425814382617502"/>
            <fprob>0.0</fprob>
        </actor>
        <actor name="D0N39">
            <wcet number="0">340</wcet>
            <wcet number="1">460</wcet>
            <maxpow number="0.509222931663312"/>
            <maxpow number="0.509222931663312"/>
            <fprob>0.0</fprob>
        </actor>
        <actor name="D0N24">
            <wcet number="0">20</wcet>
            <wcet number="1">20</wcet>
            <maxpow number="0.7206859561578202"/>
            <maxpow number="0.7206859561578202"/>
            <fprob>0.0</fprob>
        </actor>
        <actor name="D0N2">
            <wcet number="0">50</wcet>
            <wcet number="1">80</wcet>
            <maxpow number="0.395162297703026"/>
            <maxpow number="0.395162297703026"/>
            <fprob>0.0</fprob>
        </actor>
        <actor name="D0N25">
            <wcet number="0">20</wcet>
            <wcet number="1">70</wcet>
            <maxpow number="0.4551107490732399"/>
            <maxpow number="0.4551107490732399"/>
            <fprob>0.0</fprob>
        </actor>
        <actor name="D0N48">
            <wcet number="0">40</wcet>
            <wcet number="1">140</wcet>
            <maxpow number="0.4009688024544069"/>
            <maxpow number="0.4009688024544069"/>
            <fprob>0.0</fprob>
        </actor>
        <actor name="D0N16">
            <wcet number="0">70</wcet>
            <wcet number="1">420</wcet>
            <maxpow number="0.13535755851429443"/>
            <maxpow number="0.13535755851429443"/>
            <fprob>0.0</fprob>
        </actor>
        <actor name="D0N32">
            <wcet number="0">10</wcet>
            <wcet number="1">30</wcet>
            <maxpow number="0.6500142163054522"/>
            <maxpow number="0.6500142163054522"/>
            <fprob>0.0</fprob>
        </actor>
        <actor name="D0N10">
            <wcet number="0">110</wcet>
            <wcet number="1">150</wcet>
            <maxpow number="0.6731133049137255"/>
            <maxpow number="0.6731133049137255"/>
            <fprob>0.0</fprob>
        </actor>
        <actor name="D0N26">
            <wcet number="0">140</wcet>
            <wcet number="1">220</wcet>
            <maxpow number="0.7003428663967082"/>
            <maxpow number="0.7003428663967082"/>
            <fprob>0.0</fprob>
        </actor>
        <actor name="D0N20">
            <wcet number="0">10</wcet>
            <wcet number="1">20</wcet>
            <maxpow number="0.2959829691493508"/>
            <maxpow number="0.2959829691493508"/>
            <fprob>0.0</fprob>
        </actor>
        <actor name="D0N49">
            <wcet number="0">320</wcet>
            <wcet number="1">460</wcet>
            <maxpow number="0.6476769344794232"/>
            <maxpow number="0.6476769344794232"/>
            <fprob>0.0</fprob>
        </actor>
        <actor name="D0N13">
            <wcet number="0">60</wcet>
            <wcet number="1">80</wcet>
            <maxpow number="0.7284346425330419"/>
            <maxpow number="0.7284346425330419"/>
            <fprob>0.0</fprob>
        </actor>
        <actor name="D0N41">
            <wcet number="0">100</wcet>
            <wcet number="1">250</wcet>
            <maxpow number="0.2628021475346256"/>
            <maxpow number="0.2628021475346256"/>
            <fprob>0.0</fprob>
        </actor>
        <actor name="D0N42">
            <wcet number="0">80</wcet>
            <wcet number="1">400</wcet>
            <maxpow number="0.3940670036396705"/>
            <maxpow number="0.3940670036396705"/>
            <fprob>0.0</fprob>
        </actor>
        <actor name="D0N36">
            <wcet number="0">230</wcet>
            <wcet number="1">430</wcet>
            <maxpow number="0.5819435969867712"/>
            <maxpow number="0.5819435969867712"/>
            <fprob>0.0</fprob>
        </actor>
        <actor name="D0N7">
            <wcet number="0">170</wcet>
            <wcet number="1">280</wcet>
            <maxpow number="0.2631152632273009"/>
            <maxpow number="0.2631152632273009"/>
            <fprob>0.0</fprob>
        </actor>
        <actor name="D0N27">
            <wcet number="0">100</wcet>
            <wcet number="1">150</wcet>
            <maxpow number="0.695344126029178"/>
            <maxpow number="0.695344126029178"/>
            <fprob>0.0</fprob>
        </actor>
        <actor name="D0N22">
            <wcet number="0">160</wcet>
            <wcet number="1">260</wcet>
            <maxpow number="0.4076372362750717"/>
            <maxpow number="0.4076372362750717"/>
            <fprob>0.0</fprob>
        </actor>
        <actor name="D0N44">
            <wcet number="0">150</wcet>
            <wcet number="1">150</wcet>
            <maxpow number="0.30708371243964483"/>
            <maxpow number="0.30708371243964483"/>
            <fprob>0.0</fprob>
        </actor>
        <actor name="D0N11">
            <wcet number="0">40</wcet>
            <wcet number="1">130</wcet>
            <maxpow number="0.5070373413984992"/>
            <maxpow number="0.5070373413984992"/>
            <fprob>0.0</fprob>
        </actor>
        <actor name="D0N46">
            <wcet number="0">20</wcet>
            <wcet number="1">20</wcet>
            <maxpow number="0.7420106589717725"/>
            <maxpow number="0.7420106589717725"/>
            <fprob>0.0</fprob>
        </actor>
        <ports>
            <port dstActor="D0N43" name="p0" srcActor="D0N23"/>
            <port dstActor="D0N33" name="p1" srcActor="D0N23"/>
            <port dstActor="D0N35" name="p2" srcActor="D0N23"/>
            <port dstActor="D0N42" name="p3" srcActor="D0N15"/>
            <port dstActor="D0N17" name="p4" srcActor="D0N15"/>
            <port dstActor="D0N27" name="p5" srcActor="D0N15"/>
            <port dstActor="D0N32" name="p6" srcActor="D0N15"/>
            <port dstActor="D0N39" name="p7" srcActor="D0N15"/>
            <port dstActor="D0N40" name="p8" srcActor="D0N1"/>
            <port dstActor="D0N8" name="p9" srcActor="D0N1"/>
            <port dstActor="D0N48" name="p10" srcActor="D0N1"/>
            <port dstActor="D0N37" name="p11" srcActor="D0N1"/>
            <port dstActor="D0N6" name="p12" srcActor="D0N1"/>
            <port dstActor="D0N11" name="p13" srcActor="D0N1"/>
            <port dstActor="D0N18" name="p14" srcActor="D0N1"/>
            <port dstActor="D0N14" name="p15" srcActor="D0N0"/>
            <port dstActor="D0N46" name="p16" srcActor="D0N0"/>
            <port dstActor="D0N23" name="p17" srcActor="D0N0"/>
            <port dstActor="D0N34" name="p18" srcActor="D0N0"/>
            <port dstActor="D0N41" name="p19" srcActor="D0N0"/>
            <port dstActor="D0N31" name="p20" srcActor="D0N29"/>
            <port dstActor="D0N42" name="p21" srcActor="D0N29"/>
            <port dstActor="D0N36" name="p22" srcActor="D0N29"/>
            <port dstActor="D0N49" name="p23" srcActor="D0N34"/>
            <port dstActor="D0N47" name="p24" srcActor="D0N3"/>
            <port dstActor="D0N46" name="p25" srcActor="D0N3"/>
            <port dstActor="D0N39" name="p26" srcActor="D0N3"/>
            <port dstActor="D0N36" name="p27" srcActor="D0N3"/>
            <port dstActor="D0N20" name="p28" srcActor="D0N3"/>
            <port dstActor="D0N23" name="p29" srcActor="D0N3"/>
            <port dstActor="D0N46" name="p30" srcActor="D0N31"/>
            <port dstActor="D0N35" name="p31" srcActor="D0N31"/>
            <port dstActor="D0N33" name="p32" srcActor="D0N31"/>
            <port dstActor="D0N37" name="p33" srcActor="D0N18"/>
            <port dstActor="D0N35" name="p34" srcActor="D0N18"/>
            <port dstActor="D0N40" name="p35" srcActor="D0N18"/>
            <port dstActor="D0N37" name="p36" srcActor="D0N35"/>
            <port dstActor="D0N44" name="p37" srcActor="D0N35"/>
            <port dstActor="D0N45" name="p38" srcActor="D0N4"/>
            <port dstActor="D0N30" name="p39" srcActor="D0N9"/>
            <port dstActor="D0N40" name="p40" srcActor="D0N9"/>
            <port dstActor="D0N33" name="p41" srcActor="D0N30"/>
            <port dstActor="D0N25" name="p42" srcActor="D0N17"/>
            <port dstActor="D0N21" name="p43" srcActor="D0N17"/>
            <port dstActor="D0N29" name="p44" srcActor="D0N17"/>
            <port dstActor="D0N45" name="p45" srcActor="D0N17"/>
            <port dstActor="D0N34" name="p46" srcActor="D0N19"/>
            <port dstActor="D0N48" name="p47" srcActor="D0N19"/>
            <port dstActor="D0N45" name="p48" srcActor="D0N8"/>
            <port dstActor="D0N19" name="p49" srcActor="D0N5"/>
            <port dstActor="D0N46" name="p50" srcActor="D0N5"/>
            <port dstActor="D0N18" name="p51" srcActor="D0N14"/>
            <port dstActor="D0N38" name="p52" srcActor="D0N14"/>
            <port dstActor="D0N47" name="p53" srcActor="D0N14"/>
            <port dstActor="D0N48" name="p54" srcActor="D0N21"/>
            <port dstActor="D0N35" name="p55" srcActor="D0N21"/>
            <port dstActor="D0N27" name="p56" srcActor="D0N12"/>
            <port dstActor="D0N33" name="p57" srcActor="D0N12"/>
            <port dstActor="D0N36" name="p58" srcActor="D0N33"/>
            <port dstActor="D0N49" name="p59" srcActor="D0N28"/>
            <port dstActor="D0N44" name="p60" srcActor="D0N28"/>
            <port dstActor="D0N23" name="p61" srcActor="D0N6"/>
            <port dstActor="D0N27" name="p62" srcActor="D0N6"/>
            <port dstActor="D0N18" name="p63" srcActor="D0N6"/>
            <port dstActor="D0N39" name="p64" srcActor="D0N6"/>
            <port dstActor="D0N47" name="p65" srcActor="D0N24"/>
            <port dstActor="D0N25" name="p66" srcActor="D0N24"/>
            <port dstActor="D0N35" name="p67" srcActor="D0N2"/>
            <port dstActor="D0N9" name="p68" srcActor="D0N2"/>
            <port dstActor="D0N18" name="p69" srcActor="D0N2"/>
            <port dstActor="D0N46" name="p70" srcActor="D0N2"/>
            <port dstActor="D0N47" name="p71" srcActor="D0N25"/>
            <port dstActor="D0N24" name="p72" srcActor="D0N16"/>
            <port dstActor="D0N39" name="p73" srcActor="D0N16"/>
            <port dstActor="D0N40" name="p74" srcActor="D0N16"/>
            <port dstActor="D0N34" name="p75" srcActor="D0N32"/>
            <port dstActor="D0N39" name="p76" srcActor="D0N32"/>
            <port dstActor="D0N47" name="p77" srcActor="D0N32"/>
            <port dstActor="D0N26" name="p78" srcActor="D0N10"/>
            <port dstActor="D0N35" name="p79" srcActor="D0N10"/>
            <port dstActor="D0N41" name="p80" srcActor="D0N10"/>
            <port dstActor="D0N31" name="p81" srcActor="D0N10"/>
            <port dstActor="D0N29" name="p82" srcActor="D0N26"/>
            <port dstActor="D0N36" name="p83" srcActor="D0N20"/>
            <port dstActor="D0N46" name="p84" srcActor="D0N20"/>
            <port dstActor="D0N21" name="p85" srcActor="D0N20"/>
            <port dstActor="D0N22" name="p86" srcActor="D0N20"/>
            <port dstActor="D0N41" name="p87" srcActor="D0N13"/>
            <port dstActor="D0N23" name="p88" srcActor="D0N13"/>
            <port dstActor="D0N38" name="p89" srcActor="D0N13"/>
            <port dstActor="D0N42" name="p90" srcActor="D0N13"/>
            <port dstActor="D0N49" name="p91" srcActor="D0N41"/>
            <port dstActor="D0N45" name="p92" srcActor="D0N36"/>
            <port dstActor="D0N43" name="p93" srcActor="D0N36"/>
            <port dstActor="D0N12" name="p94" srcActor="D0N7"/>
            <port dstActor="D0N21" name="p95" srcActor="D0N7"/>
            <port dstActor="D0N49" name="p96" srcActor="D0N7"/>
            <port dstActor="D0N19" name="p97" srcActor="D0N7"/>
            <port dstActor="D0N36" name="p98" srcActor="D0N7"/>
            <port dstActor="D0N30" name="p99" srcActor="D0N7"/>
            <port dstActor="D0N22" name="p100" srcActor="D0N7"/>
            <port dstActor="D0N31" name="p101" srcActor="D0N7"/>
            <port dstActor="D0N32" name="p102" srcActor="D0N27"/>
            <port dstActor="D0N35" name="p103" srcActor="D0N27"/>
            <port dstActor="D0N38" name="p104" srcActor="D0N27"/>
            <port dstActor="D0N40" name="p105" srcActor="D0N27"/>
            <port dstActor="D0N41" name="p106" srcActor="D0N22"/>
            <port dstActor="D0N26" name="p107" srcActor="D0N22"/>
            <port dstActor="D0N38" name="p108" srcActor="D0N22"/>
            <port dstActor="D0N40" name="p109" srcActor="D0N11"/>
            <port dstActor="D0N41" name="p110" srcActor="D0N11"/>
            <port dstActor="D0N18" name="p111" srcActor="D0N11"/>
            <port dstActor="D0N19" name="p112" srcActor="D0N11"/>
        </ports>
    </mcdag>
    <cores number="3"/>
    <levels number="2"/>
</mcsystem>
