<?xml version="1.0" encoding="UTF-8" standalone="no"?>
<mcsystem>
    <mcdag deadline="1200" name="genned-0-ed-10.0-0">
        <actor name="D0N13">
            <wcet number="0">10</wcet>
            <wcet number="1">100</wcet>
            <maxpow number="0.11107207359284393"/>
            <maxpow number="0.11107207359284393"/>
            <fprob>0.0</fprob>
        </actor>
        <actor name="D0N44">
            <wcet number="0">20</wcet>
            <wcet number="1">40</wcet>
            <maxpow number="0.4755480432633565"/>
            <maxpow number="0.4755480432633565"/>
            <fprob>0.0</fprob>
        </actor>
        <actor name="D0N35">
            <wcet number="0">40</wcet>
            <wcet number="1">50</wcet>
            <maxpow number="0.9486524388370594"/>
            <maxpow number="0.9486524388370594"/>
            <fprob>0.0</fprob>
        </actor>
        <actor name="D0N26">
            <wcet number="0">10</wcet>
            <wcet number="1">70</wcet>
            <maxpow number="0.7037784934157987"/>
            <maxpow number="0.7037784934157987"/>
            <fprob>0.0</fprob>
        </actor>
        <actor name="D0N11">
            <wcet number="0">10</wcet>
            <wcet number="1">10</wcet>
            <maxpow number="0.6956223222338254"/>
            <maxpow number="0.6956223222338254"/>
            <fprob>0.0</fprob>
        </actor>
        <actor name="D0N16">
            <wcet number="0">30</wcet>
            <wcet number="1">50</wcet>
            <maxpow number="0.49936260192658466"/>
            <maxpow number="0.49936260192658466"/>
            <fprob>0.0</fprob>
        </actor>
        <actor name="D0N38">
            <wcet number="0">100</wcet>
            <wcet number="1">110</wcet>
            <maxpow number="0.7287043586891767"/>
            <maxpow number="0.7287043586891767"/>
            <fprob>0.0</fprob>
        </actor>
        <actor name="D0N31">
            <wcet number="0">40</wcet>
            <wcet number="1">60</wcet>
            <maxpow number="0.6565638583287827"/>
            <maxpow number="0.6565638583287827"/>
            <fprob>0.0</fprob>
        </actor>
        <actor name="D0N5">
            <wcet number="0">10</wcet>
            <wcet number="1">120</wcet>
            <maxpow number="0.4472619991868879"/>
            <maxpow number="0.4472619991868879"/>
            <fprob>0.0</fprob>
        </actor>
        <actor name="D0N1">
            <wcet number="0">10</wcet>
            <wcet number="1">80</wcet>
            <maxpow number="0.6059229697019657"/>
            <maxpow number="0.6059229697019657"/>
            <fprob>0.0</fprob>
        </actor>
        <actor name="D0N34">
            <wcet number="0">10</wcet>
            <wcet number="1">20</wcet>
            <maxpow number="0.7601139195829427"/>
            <maxpow number="0.7601139195829427"/>
            <fprob>0.0</fprob>
        </actor>
        <actor name="D0N45">
            <wcet number="0">40</wcet>
            <wcet number="1">60</wcet>
            <maxpow number="0.18637222735059183"/>
            <maxpow number="0.18637222735059183"/>
            <fprob>0.0</fprob>
        </actor>
        <actor name="D0N27">
            <wcet number="0">160</wcet>
            <wcet number="1">180</wcet>
            <maxpow number="0.5716979634788713"/>
            <maxpow number="0.5716979634788713"/>
            <fprob>0.0</fprob>
        </actor>
        <actor name="D0N40">
            <wcet number="0">10</wcet>
            <wcet number="1">10</wcet>
            <maxpow number="0.635049954332608"/>
            <maxpow number="0.635049954332608"/>
            <fprob>0.0</fprob>
        </actor>
        <actor name="D0N30">
            <wcet number="0">10</wcet>
            <wcet number="1">20</wcet>
            <maxpow number="0.6014387590136175"/>
            <maxpow number="0.6014387590136175"/>
            <fprob>0.0</fprob>
        </actor>
        <actor name="D0N19">
            <wcet number="0">10</wcet>
            <wcet number="1">20</wcet>
            <maxpow number="0.3535792628604365"/>
            <maxpow number="0.3535792628604365"/>
            <fprob>0.0</fprob>
        </actor>
        <actor name="D0N12">
            <wcet number="0">10</wcet>
            <wcet number="1">40</wcet>
            <maxpow number="0.8092420738575825"/>
            <maxpow number="0.8092420738575825"/>
            <fprob>0.0</fprob>
        </actor>
        <actor name="D0N14">
            <wcet number="0">110</wcet>
            <wcet number="1">140</wcet>
            <maxpow number="0.4811128991546715"/>
            <maxpow number="0.4811128991546715"/>
            <fprob>0.0</fprob>
        </actor>
        <actor name="D0N41">
            <wcet number="0">10</wcet>
            <wcet number="1">40</wcet>
            <maxpow number="0.5541874502359148"/>
            <maxpow number="0.5541874502359148"/>
            <fprob>0.0</fprob>
        </actor>
        <actor name="D0N33">
            <wcet number="0">10</wcet>
            <wcet number="1">10</wcet>
            <maxpow number="0.8753758012045073"/>
            <maxpow number="0.8753758012045073"/>
            <fprob>0.0</fprob>
        </actor>
        <actor name="D0N37">
            <wcet number="0">10</wcet>
            <wcet number="1">90</wcet>
            <maxpow number="0.4995069630708575"/>
            <maxpow number="0.4995069630708575"/>
            <fprob>0.0</fprob>
        </actor>
        <actor name="D0N47">
            <wcet number="0">50</wcet>
            <wcet number="1">50</wcet>
            <maxpow number="0.5896674155034464"/>
            <maxpow number="0.5896674155034464"/>
            <fprob>0.0</fprob>
        </actor>
        <actor name="D0N0">
            <wcet number="0">20</wcet>
            <wcet number="1">30</wcet>
            <maxpow number="0.7005978905100916"/>
            <maxpow number="0.7005978905100916"/>
            <fprob>0.0</fprob>
        </actor>
        <actor name="D0N39">
            <wcet number="0">10</wcet>
            <wcet number="1">20</wcet>
            <maxpow number="0.453289177767043"/>
            <maxpow number="0.453289177767043"/>
            <fprob>0.0</fprob>
        </actor>
        <actor name="D0N43">
            <wcet number="0">20</wcet>
            <wcet number="1">70</wcet>
            <maxpow number="0.6282987730559637"/>
            <maxpow number="0.6282987730559637"/>
            <fprob>0.0</fprob>
        </actor>
        <actor name="D0N21">
            <wcet number="0">20</wcet>
            <wcet number="1">20</wcet>
            <maxpow number="0.34194683713892826"/>
            <maxpow number="0.34194683713892826"/>
            <fprob>0.0</fprob>
        </actor>
        <actor name="D0N28">
            <wcet number="0">70</wcet>
            <wcet number="1">80</wcet>
            <maxpow number="0.8052768787891142"/>
            <maxpow number="0.8052768787891142"/>
            <fprob>0.0</fprob>
        </actor>
        <actor name="D0N17">
            <wcet number="0">50</wcet>
            <wcet number="1">70</wcet>
            <maxpow number="0.49079017475909237"/>
            <maxpow number="0.49079017475909237"/>
            <fprob>0.0</fprob>
        </actor>
        <actor name="D0N2">
            <wcet number="0">30</wcet>
            <wcet number="1">30</wcet>
            <maxpow number="0.5970087755390072"/>
            <maxpow number="0.5970087755390072"/>
            <fprob>0.0</fprob>
        </actor>
        <actor name="D0N25">
            <wcet number="0">10</wcet>
            <wcet number="1">80</wcet>
            <maxpow number="0.42103455885056507"/>
            <maxpow number="0.42103455885056507"/>
            <fprob>0.0</fprob>
        </actor>
        <actor name="D0N22">
            <wcet number="0">50</wcet>
            <wcet number="1">50</wcet>
            <maxpow number="0.6063930285958026"/>
            <maxpow number="0.6063930285958026"/>
            <fprob>0.0</fprob>
        </actor>
        <actor name="D0N23">
            <wcet number="0">110</wcet>
            <wcet number="1">130</wcet>
            <maxpow number="0.6562033918854361"/>
            <maxpow number="0.6562033918854361"/>
            <fprob>0.0</fprob>
        </actor>
        <actor name="D0N42">
            <wcet number="0">20</wcet>
            <wcet number="1">60</wcet>
            <maxpow number="0.5900593493796418"/>
            <maxpow number="0.5900593493796418"/>
            <fprob>0.0</fprob>
        </actor>
        <actor name="D0N10">
            <wcet number="0">10</wcet>
            <wcet number="1">10</wcet>
            <maxpow number="0.525586289764626"/>
            <maxpow number="0.525586289764626"/>
            <fprob>0.0</fprob>
        </actor>
        <actor name="D0N15">
            <wcet number="0">10</wcet>
            <wcet number="1">10</wcet>
            <maxpow number="0.32586763027012355"/>
            <maxpow number="0.32586763027012355"/>
            <fprob>0.0</fprob>
        </actor>
        <actor name="D0N7">
            <wcet number="0">20</wcet>
            <wcet number="1">30</wcet>
            <maxpow number="0.7382929457068592"/>
            <maxpow number="0.7382929457068592"/>
            <fprob>0.0</fprob>
        </actor>
        <actor name="D0N46">
            <wcet number="0">40</wcet>
            <wcet number="1">70</wcet>
            <maxpow number="0.5963012585709607"/>
            <maxpow number="0.5963012585709607"/>
            <fprob>0.0</fprob>
        </actor>
        <actor name="D0N6">
            <wcet number="0">70</wcet>
            <wcet number="1">130</wcet>
            <maxpow number="0.3843798116808489"/>
            <maxpow number="0.3843798116808489"/>
            <fprob>0.0</fprob>
        </actor>
        <actor name="D0N8">
            <wcet number="0">30</wcet>
            <wcet number="1">130</wcet>
            <maxpow number="0.5852655025940582"/>
            <maxpow number="0.5852655025940582"/>
            <fprob>0.0</fprob>
        </actor>
        <actor name="D0N9">
            <wcet number="0">20</wcet>
            <wcet number="1">70</wcet>
            <maxpow number="0.37851979070058367"/>
            <maxpow number="0.37851979070058367"/>
            <fprob>0.0</fprob>
        </actor>
        <actor name="D0N20">
            <wcet number="0">20</wcet>
            <wcet number="1">30</wcet>
            <maxpow number="0.40035455627689787"/>
            <maxpow number="0.40035455627689787"/>
            <fprob>0.0</fprob>
        </actor>
        <actor name="D0N29">
            <wcet number="0">20</wcet>
            <wcet number="1">20</wcet>
            <maxpow number="0.6951577485287873"/>
            <maxpow number="0.6951577485287873"/>
            <fprob>0.0</fprob>
        </actor>
        <actor name="D0N4">
            <wcet number="0">20</wcet>
            <wcet number="1">40</wcet>
            <maxpow number="0.5423237069170618"/>
            <maxpow number="0.5423237069170618"/>
            <fprob>0.0</fprob>
        </actor>
        <actor name="D0N36">
            <wcet number="0">60</wcet>
            <wcet number="1">80</wcet>
            <maxpow number="0.5568824076728809"/>
            <maxpow number="0.5568824076728809"/>
            <fprob>0.0</fprob>
        </actor>
        <actor name="D0N32">
            <wcet number="0">20</wcet>
            <wcet number="1">30</wcet>
            <maxpow number="0.3027616209752525"/>
            <maxpow number="0.3027616209752525"/>
            <fprob>0.0</fprob>
        </actor>
        <actor name="D0N3">
            <wcet number="0">260</wcet>
            <wcet number="1">260</wcet>
            <maxpow number="0.08032134959465148"/>
            <maxpow number="0.08032134959465148"/>
            <fprob>0.0</fprob>
        </actor>
        <actor name="D0N18">
            <wcet number="0">10</wcet>
            <wcet number="1">10</wcet>
            <maxpow number="0.30560024584306456"/>
            <maxpow number="0.30560024584306456"/>
            <fprob>0.0</fprob>
        </actor>
        <actor name="D0N24">
            <wcet number="0">20</wcet>
            <wcet number="1">70</wcet>
            <maxpow number="0.7025692486473445"/>
            <maxpow number="0.7025692486473445"/>
            <fprob>0.0</fprob>
        </actor>
        <ports>
            <port dstActor="D0N16" name="p0" srcActor="D0N13"/>
            <port dstActor="D0N29" name="p1" srcActor="D0N13"/>
            <port dstActor="D0N26" name="p2" srcActor="D0N13"/>
            <port dstActor="D0N28" name="p3" srcActor="D0N13"/>
            <port dstActor="D0N34" name="p4" srcActor="D0N26"/>
            <port dstActor="D0N36" name="p5" srcActor="D0N26"/>
            <port dstActor="D0N46" name="p6" srcActor="D0N26"/>
            <port dstActor="D0N25" name="p7" srcActor="D0N11"/>
            <port dstActor="D0N45" name="p8" srcActor="D0N11"/>
            <port dstActor="D0N33" name="p9" srcActor="D0N11"/>
            <port dstActor="D0N41" name="p10" srcActor="D0N11"/>
            <port dstActor="D0N37" name="p11" srcActor="D0N11"/>
            <port dstActor="D0N35" name="p12" srcActor="D0N16"/>
            <port dstActor="D0N25" name="p13" srcActor="D0N16"/>
            <port dstActor="D0N24" name="p14" srcActor="D0N16"/>
            <port dstActor="D0N29" name="p15" srcActor="D0N16"/>
            <port dstActor="D0N37" name="p16" srcActor="D0N16"/>
            <port dstActor="D0N23" name="p17" srcActor="D0N16"/>
            <port dstActor="D0N45" name="p18" srcActor="D0N31"/>
            <port dstActor="D0N22" name="p19" srcActor="D0N5"/>
            <port dstActor="D0N47" name="p20" srcActor="D0N5"/>
            <port dstActor="D0N18" name="p21" srcActor="D0N5"/>
            <port dstActor="D0N6" name="p22" srcActor="D0N1"/>
            <port dstActor="D0N21" name="p23" srcActor="D0N1"/>
            <port dstActor="D0N26" name="p24" srcActor="D0N1"/>
            <port dstActor="D0N17" name="p25" srcActor="D0N1"/>
            <port dstActor="D0N40" name="p26" srcActor="D0N27"/>
            <port dstActor="D0N31" name="p27" srcActor="D0N27"/>
            <port dstActor="D0N32" name="p28" srcActor="D0N27"/>
            <port dstActor="D0N43" name="p29" srcActor="D0N40"/>
            <port dstActor="D0N44" name="p30" srcActor="D0N30"/>
            <port dstActor="D0N37" name="p31" srcActor="D0N30"/>
            <port dstActor="D0N37" name="p32" srcActor="D0N19"/>
            <port dstActor="D0N26" name="p33" srcActor="D0N19"/>
            <port dstActor="D0N33" name="p34" srcActor="D0N12"/>
            <port dstActor="D0N40" name="p35" srcActor="D0N12"/>
            <port dstActor="D0N25" name="p36" srcActor="D0N14"/>
            <port dstActor="D0N27" name="p37" srcActor="D0N14"/>
            <port dstActor="D0N45" name="p38" srcActor="D0N33"/>
            <port dstActor="D0N46" name="p39" srcActor="D0N33"/>
            <port dstActor="D0N35" name="p40" srcActor="D0N33"/>
            <port dstActor="D0N44" name="p41" srcActor="D0N37"/>
            <port dstActor="D0N14" name="p42" srcActor="D0N0"/>
            <port dstActor="D0N19" name="p43" srcActor="D0N0"/>
            <port dstActor="D0N13" name="p44" srcActor="D0N0"/>
            <port dstActor="D0N28" name="p45" srcActor="D0N0"/>
            <port dstActor="D0N4" name="p46" srcActor="D0N0"/>
            <port dstActor="D0N47" name="p47" srcActor="D0N39"/>
            <port dstActor="D0N36" name="p48" srcActor="D0N21"/>
            <port dstActor="D0N45" name="p49" srcActor="D0N21"/>
            <port dstActor="D0N32" name="p50" srcActor="D0N21"/>
            <port dstActor="D0N35" name="p51" srcActor="D0N21"/>
            <port dstActor="D0N41" name="p52" srcActor="D0N28"/>
            <port dstActor="D0N32" name="p53" srcActor="D0N28"/>
            <port dstActor="D0N39" name="p54" srcActor="D0N28"/>
            <port dstActor="D0N45" name="p55" srcActor="D0N17"/>
            <port dstActor="D0N32" name="p56" srcActor="D0N2"/>
            <port dstActor="D0N15" name="p57" srcActor="D0N2"/>
            <port dstActor="D0N9" name="p58" srcActor="D0N2"/>
            <port dstActor="D0N3" name="p59" srcActor="D0N2"/>
            <port dstActor="D0N25" name="p60" srcActor="D0N22"/>
            <port dstActor="D0N28" name="p61" srcActor="D0N22"/>
            <port dstActor="D0N39" name="p62" srcActor="D0N22"/>
            <port dstActor="D0N34" name="p63" srcActor="D0N23"/>
            <port dstActor="D0N43" name="p64" srcActor="D0N23"/>
            <port dstActor="D0N39" name="p65" srcActor="D0N23"/>
            <port dstActor="D0N41" name="p66" srcActor="D0N23"/>
            <port dstActor="D0N44" name="p67" srcActor="D0N23"/>
            <port dstActor="D0N35" name="p68" srcActor="D0N23"/>
            <port dstActor="D0N43" name="p69" srcActor="D0N42"/>
            <port dstActor="D0N14" name="p70" srcActor="D0N10"/>
            <port dstActor="D0N20" name="p71" srcActor="D0N10"/>
            <port dstActor="D0N35" name="p72" srcActor="D0N10"/>
            <port dstActor="D0N47" name="p73" srcActor="D0N10"/>
            <port dstActor="D0N38" name="p74" srcActor="D0N10"/>
            <port dstActor="D0N25" name="p75" srcActor="D0N15"/>
            <port dstActor="D0N39" name="p76" srcActor="D0N15"/>
            <port dstActor="D0N42" name="p77" srcActor="D0N7"/>
            <port dstActor="D0N23" name="p78" srcActor="D0N7"/>
            <port dstActor="D0N47" name="p79" srcActor="D0N46"/>
            <port dstActor="D0N21" name="p80" srcActor="D0N6"/>
            <port dstActor="D0N37" name="p81" srcActor="D0N8"/>
            <port dstActor="D0N43" name="p82" srcActor="D0N8"/>
            <port dstActor="D0N36" name="p83" srcActor="D0N8"/>
            <port dstActor="D0N26" name="p84" srcActor="D0N8"/>
            <port dstActor="D0N11" name="p85" srcActor="D0N8"/>
            <port dstActor="D0N17" name="p86" srcActor="D0N8"/>
            <port dstActor="D0N29" name="p87" srcActor="D0N8"/>
            <port dstActor="D0N15" name="p88" srcActor="D0N8"/>
            <port dstActor="D0N42" name="p89" srcActor="D0N8"/>
            <port dstActor="D0N23" name="p90" srcActor="D0N9"/>
            <port dstActor="D0N14" name="p91" srcActor="D0N9"/>
            <port dstActor="D0N16" name="p92" srcActor="D0N9"/>
            <port dstActor="D0N32" name="p93" srcActor="D0N9"/>
            <port dstActor="D0N21" name="p94" srcActor="D0N9"/>
            <port dstActor="D0N38" name="p95" srcActor="D0N9"/>
            <port dstActor="D0N32" name="p96" srcActor="D0N20"/>
            <port dstActor="D0N34" name="p97" srcActor="D0N20"/>
            <port dstActor="D0N35" name="p98" srcActor="D0N29"/>
            <port dstActor="D0N7" name="p99" srcActor="D0N4"/>
            <port dstActor="D0N9" name="p100" srcActor="D0N4"/>
            <port dstActor="D0N16" name="p101" srcActor="D0N4"/>
            <port dstActor="D0N12" name="p102" srcActor="D0N4"/>
            <port dstActor="D0N33" name="p103" srcActor="D0N4"/>
            <port dstActor="D0N5" name="p104" srcActor="D0N4"/>
            <port dstActor="D0N43" name="p105" srcActor="D0N36"/>
            <port dstActor="D0N45" name="p106" srcActor="D0N36"/>
            <port dstActor="D0N29" name="p107" srcActor="D0N3"/>
            <port dstActor="D0N30" name="p108" srcActor="D0N3"/>
            <port dstActor="D0N47" name="p109" srcActor="D0N3"/>
            <port dstActor="D0N40" name="p110" srcActor="D0N18"/>
            <port dstActor="D0N47" name="p111" srcActor="D0N18"/>
            <port dstActor="D0N29" name="p112" srcActor="D0N18"/>
            <port dstActor="D0N19" name="p113" srcActor="D0N18"/>
            <port dstActor="D0N40" name="p114" srcActor="D0N24"/>
            <port dstActor="D0N43" name="p115" srcActor="D0N24"/>
        </ports>
    </mcdag>
    <cores number="3"/>
    <levels number="2"/>
</mcsystem>
