<?xml version="1.0" encoding="UTF-8" standalone="no"?>
<mcsystem>
    <mcdag deadline="2500" name="genned-0-ed-10.0-0">
        <actor name="D0N15">
            <wcet number="0">100</wcet>
            <wcet number="1">140</wcet>
            <maxpow number="0.43830403484676705"/>
            <maxpow number="0.43830403484676705"/>
            <fprob>0.0</fprob>
        </actor>
        <actor name="D0N31">
            <wcet number="0">50</wcet>
            <wcet number="1">110</wcet>
            <maxpow number="0.5580499007289385"/>
            <maxpow number="0.5580499007289385"/>
            <fprob>0.0</fprob>
        </actor>
        <actor name="D0N36">
            <wcet number="0">10</wcet>
            <wcet number="1">10</wcet>
            <maxpow number="0.7842074785704588"/>
            <maxpow number="0.7842074785704588"/>
            <fprob>0.0</fprob>
        </actor>
        <actor name="D0N6">
            <wcet number="0">10</wcet>
            <wcet number="1">10</wcet>
            <maxpow number="0.6256018949108163"/>
            <maxpow number="0.6256018949108163"/>
            <fprob>0.0</fprob>
        </actor>
        <actor name="D0N32">
            <wcet number="0">10</wcet>
            <wcet number="1">80</wcet>
            <maxpow number="0.16537797755573708"/>
            <maxpow number="0.16537797755573708"/>
            <fprob>0.0</fprob>
        </actor>
        <actor name="D0N10">
            <wcet number="0">60</wcet>
            <wcet number="1">110</wcet>
            <maxpow number="1.1699020739274406"/>
            <maxpow number="1.1699020739274406"/>
            <fprob>0.0</fprob>
        </actor>
        <actor name="D0N28">
            <wcet number="0">120</wcet>
            <wcet number="1">180</wcet>
            <maxpow number="0.7266680914415427"/>
            <maxpow number="0.7266680914415427"/>
            <fprob>0.0</fprob>
        </actor>
        <actor name="D0N40">
            <wcet number="0">70</wcet>
            <wcet number="1">80</wcet>
            <maxpow number="0.43035626348500833"/>
            <maxpow number="0.43035626348500833"/>
            <fprob>0.0</fprob>
        </actor>
        <actor name="D0N41">
            <wcet number="0">220</wcet>
            <wcet number="1">230</wcet>
            <maxpow number="0.1843737557471989"/>
            <maxpow number="0.1843737557471989"/>
            <fprob>0.0</fprob>
        </actor>
        <actor name="D0N24">
            <wcet number="0">20</wcet>
            <wcet number="1">100</wcet>
            <maxpow number="0.4905887791980896"/>
            <maxpow number="0.4905887791980896"/>
            <fprob>0.0</fprob>
        </actor>
        <actor name="D0N44">
            <wcet number="0">160</wcet>
            <wcet number="1">500</wcet>
            <maxpow number="0.47036631922398514"/>
            <maxpow number="0.47036631922398514"/>
            <fprob>0.0</fprob>
        </actor>
        <actor name="D0N0">
            <wcet number="0">40</wcet>
            <wcet number="1">120</wcet>
            <maxpow number="0.7513744034042523"/>
            <maxpow number="0.7513744034042523"/>
            <fprob>0.0</fprob>
        </actor>
        <actor name="D0N42">
            <wcet number="0">120</wcet>
            <wcet number="1">160</wcet>
            <maxpow number="0.23662576198742963"/>
            <maxpow number="0.23662576198742963"/>
            <fprob>0.0</fprob>
        </actor>
        <actor name="D0N26">
            <wcet number="0">20</wcet>
            <wcet number="1">20</wcet>
            <maxpow number="0.4703800127267675"/>
            <maxpow number="0.4703800127267675"/>
            <fprob>0.0</fprob>
        </actor>
        <actor name="D0N34">
            <wcet number="0">250</wcet>
            <wcet number="1">370</wcet>
            <maxpow number="0.523186681333736"/>
            <maxpow number="0.523186681333736"/>
            <fprob>0.0</fprob>
        </actor>
        <actor name="D0N46">
            <wcet number="0">20</wcet>
            <wcet number="1">30</wcet>
            <maxpow number="0.6140676194364738"/>
            <maxpow number="0.6140676194364738"/>
            <fprob>0.0</fprob>
        </actor>
        <actor name="D0N2">
            <wcet number="0">250</wcet>
            <wcet number="1">370</wcet>
            <maxpow number="0.3920282240162417"/>
            <maxpow number="0.3920282240162417"/>
            <fprob>0.0</fprob>
        </actor>
        <actor name="D0N27">
            <wcet number="0">20</wcet>
            <wcet number="1">20</wcet>
            <maxpow number="0.12116390653560921"/>
            <maxpow number="0.12116390653560921"/>
            <fprob>0.0</fprob>
        </actor>
        <actor name="D0N4">
            <wcet number="0">40</wcet>
            <wcet number="1">50</wcet>
            <maxpow number="0.9239124294112411"/>
            <maxpow number="0.9239124294112411"/>
            <fprob>0.0</fprob>
        </actor>
        <actor name="D0N43">
            <wcet number="0">10</wcet>
            <wcet number="1">10</wcet>
            <maxpow number="0.35049801236234607"/>
            <maxpow number="0.35049801236234607"/>
            <fprob>0.0</fprob>
        </actor>
        <actor name="D0N33">
            <wcet number="0">410</wcet>
            <wcet number="1">660</wcet>
            <maxpow number="0.188528537897939"/>
            <maxpow number="0.188528537897939"/>
            <fprob>0.0</fprob>
        </actor>
        <actor name="D0N12">
            <wcet number="0">10</wcet>
            <wcet number="1">70</wcet>
            <maxpow number="0.714432405708342"/>
            <maxpow number="0.714432405708342"/>
            <fprob>0.0</fprob>
        </actor>
        <actor name="D0N7">
            <wcet number="0">10</wcet>
            <wcet number="1">220</wcet>
            <maxpow number="0.723261504934477"/>
            <maxpow number="0.723261504934477"/>
            <fprob>0.0</fprob>
        </actor>
        <actor name="D0N9">
            <wcet number="0">20</wcet>
            <wcet number="1">40</wcet>
            <maxpow number="0.45631949122854515"/>
            <maxpow number="0.45631949122854515"/>
            <fprob>0.0</fprob>
        </actor>
        <actor name="D0N18">
            <wcet number="0">10</wcet>
            <wcet number="1">30</wcet>
            <maxpow number="0.4768926006320921"/>
            <maxpow number="0.4768926006320921"/>
            <fprob>0.0</fprob>
        </actor>
        <actor name="D0N23">
            <wcet number="0">50</wcet>
            <wcet number="1">70</wcet>
            <maxpow number="0.403190838711336"/>
            <maxpow number="0.403190838711336"/>
            <fprob>0.0</fprob>
        </actor>
        <actor name="D0N14">
            <wcet number="0">60</wcet>
            <wcet number="1">100</wcet>
            <maxpow number="0.6918578692090922"/>
            <maxpow number="0.6918578692090922"/>
            <fprob>0.0</fprob>
        </actor>
        <actor name="D0N29">
            <wcet number="0">120</wcet>
            <wcet number="1">200</wcet>
            <maxpow number="0.24703059189870807"/>
            <maxpow number="0.24703059189870807"/>
            <fprob>0.0</fprob>
        </actor>
        <actor name="D0N38">
            <wcet number="0">130</wcet>
            <wcet number="1">180</wcet>
            <maxpow number="0.4943701103075704"/>
            <maxpow number="0.4943701103075704"/>
            <fprob>0.0</fprob>
        </actor>
        <actor name="D0N19">
            <wcet number="0">100</wcet>
            <wcet number="1">230</wcet>
            <maxpow number="0.6304255018226138"/>
            <maxpow number="0.6304255018226138"/>
            <fprob>0.0</fprob>
        </actor>
        <actor name="D0N35">
            <wcet number="0">300</wcet>
            <wcet number="1">340</wcet>
            <maxpow number="0.36981985786715665"/>
            <maxpow number="0.36981985786715665"/>
            <fprob>0.0</fprob>
        </actor>
        <actor name="D0N17">
            <wcet number="0">190</wcet>
            <wcet number="1">220</wcet>
            <maxpow number="0.35943978604383475"/>
            <maxpow number="0.35943978604383475"/>
            <fprob>0.0</fprob>
        </actor>
        <actor name="D0N13">
            <wcet number="0">10</wcet>
            <wcet number="1">10</wcet>
            <maxpow number="0.328312952033741"/>
            <maxpow number="0.328312952033741"/>
            <fprob>0.0</fprob>
        </actor>
        <actor name="D0N5">
            <wcet number="0">80</wcet>
            <wcet number="1">90</wcet>
            <maxpow number="0.8037847285093564"/>
            <maxpow number="0.8037847285093564"/>
            <fprob>0.0</fprob>
        </actor>
        <actor name="D0N3">
            <wcet number="0">20</wcet>
            <wcet number="1">20</wcet>
            <maxpow number="0.585301823604413"/>
            <maxpow number="0.585301823604413"/>
            <fprob>0.0</fprob>
        </actor>
        <actor name="D0N37">
            <wcet number="0">60</wcet>
            <wcet number="1">320</wcet>
            <maxpow number="0.5509559922778782"/>
            <maxpow number="0.5509559922778782"/>
            <fprob>0.0</fprob>
        </actor>
        <actor name="D0N11">
            <wcet number="0">70</wcet>
            <wcet number="1">160</wcet>
            <maxpow number="0.3534824464203927"/>
            <maxpow number="0.3534824464203927"/>
            <fprob>0.0</fprob>
        </actor>
        <actor name="D0N21">
            <wcet number="0">20</wcet>
            <wcet number="1">20</wcet>
            <maxpow number="0.5755909651716676"/>
            <maxpow number="0.5755909651716676"/>
            <fprob>0.0</fprob>
        </actor>
        <actor name="D0N16">
            <wcet number="0">70</wcet>
            <wcet number="1">70</wcet>
            <maxpow number="0.6064218866727072"/>
            <maxpow number="0.6064218866727072"/>
            <fprob>0.0</fprob>
        </actor>
        <actor name="D0N1">
            <wcet number="0">10</wcet>
            <wcet number="1">30</wcet>
            <maxpow number="0.4304365336832333"/>
            <maxpow number="0.4304365336832333"/>
            <fprob>0.0</fprob>
        </actor>
        <actor name="D0N39">
            <wcet number="0">80</wcet>
            <wcet number="1">200</wcet>
            <maxpow number="0.5240957695755041"/>
            <maxpow number="0.5240957695755041"/>
            <fprob>0.0</fprob>
        </actor>
        <actor name="D0N22">
            <wcet number="0">40</wcet>
            <wcet number="1">40</wcet>
            <maxpow number="0.592510176476265"/>
            <maxpow number="0.592510176476265"/>
            <fprob>0.0</fprob>
        </actor>
        <actor name="D0N25">
            <wcet number="0">10</wcet>
            <wcet number="1">60</wcet>
            <maxpow number="0.5160160153957075"/>
            <maxpow number="0.5160160153957075"/>
            <fprob>0.0</fprob>
        </actor>
        <actor name="D0N45">
            <wcet number="0">80</wcet>
            <wcet number="1">310</wcet>
            <maxpow number="0.30476025257865813"/>
            <maxpow number="0.30476025257865813"/>
            <fprob>0.0</fprob>
        </actor>
        <actor name="D0N30">
            <wcet number="0">10</wcet>
            <wcet number="1">10</wcet>
            <maxpow number="0.40321284378473576"/>
            <maxpow number="0.40321284378473576"/>
            <fprob>0.0</fprob>
        </actor>
        <actor name="D0N47">
            <wcet number="0">60</wcet>
            <wcet number="1">100</wcet>
            <maxpow number="0.6140641175205575"/>
            <maxpow number="0.6140641175205575"/>
            <fprob>0.0</fprob>
        </actor>
        <actor name="D0N8">
            <wcet number="0">300</wcet>
            <wcet number="1">390</wcet>
            <maxpow number="0.6304091773447119"/>
            <maxpow number="0.6304091773447119"/>
            <fprob>0.0</fprob>
        </actor>
        <actor name="D0N20">
            <wcet number="0">60</wcet>
            <wcet number="1">110</wcet>
            <maxpow number="0.7535556613784582"/>
            <maxpow number="0.7535556613784582"/>
            <fprob>0.0</fprob>
        </actor>
        <ports>
            <port dstActor="D0N44" name="p0" srcActor="D0N15"/>
            <port dstActor="D0N18" name="p1" srcActor="D0N15"/>
            <port dstActor="D0N23" name="p2" srcActor="D0N15"/>
            <port dstActor="D0N19" name="p3" srcActor="D0N15"/>
            <port dstActor="D0N45" name="p4" srcActor="D0N31"/>
            <port dstActor="D0N42" name="p5" srcActor="D0N31"/>
            <port dstActor="D0N42" name="p6" srcActor="D0N36"/>
            <port dstActor="D0N8" name="p7" srcActor="D0N6"/>
            <port dstActor="D0N25" name="p8" srcActor="D0N6"/>
            <port dstActor="D0N33" name="p9" srcActor="D0N32"/>
            <port dstActor="D0N46" name="p10" srcActor="D0N32"/>
            <port dstActor="D0N27" name="p11" srcActor="D0N10"/>
            <port dstActor="D0N26" name="p12" srcActor="D0N10"/>
            <port dstActor="D0N30" name="p13" srcActor="D0N10"/>
            <port dstActor="D0N31" name="p14" srcActor="D0N28"/>
            <port dstActor="D0N46" name="p15" srcActor="D0N40"/>
            <port dstActor="D0N25" name="p16" srcActor="D0N24"/>
            <port dstActor="D0N45" name="p17" srcActor="D0N24"/>
            <port dstActor="D0N30" name="p18" srcActor="D0N24"/>
            <port dstActor="D0N26" name="p19" srcActor="D0N24"/>
            <port dstActor="D0N34" name="p20" srcActor="D0N26"/>
            <port dstActor="D0N28" name="p21" srcActor="D0N26"/>
            <port dstActor="D0N41" name="p22" srcActor="D0N34"/>
            <port dstActor="D0N44" name="p23" srcActor="D0N34"/>
            <port dstActor="D0N9" name="p24" srcActor="D0N2"/>
            <port dstActor="D0N28" name="p25" srcActor="D0N2"/>
            <port dstActor="D0N15" name="p26" srcActor="D0N2"/>
            <port dstActor="D0N14" name="p27" srcActor="D0N2"/>
            <port dstActor="D0N47" name="p28" srcActor="D0N2"/>
            <port dstActor="D0N5" name="p29" srcActor="D0N2"/>
            <port dstActor="D0N42" name="p30" srcActor="D0N2"/>
            <port dstActor="D0N32" name="p31" srcActor="D0N2"/>
            <port dstActor="D0N21" name="p32" srcActor="D0N4"/>
            <port dstActor="D0N24" name="p33" srcActor="D0N4"/>
            <port dstActor="D0N26" name="p34" srcActor="D0N4"/>
            <port dstActor="D0N8" name="p35" srcActor="D0N4"/>
            <port dstActor="D0N17" name="p36" srcActor="D0N4"/>
            <port dstActor="D0N46" name="p37" srcActor="D0N33"/>
            <port dstActor="D0N41" name="p38" srcActor="D0N12"/>
            <port dstActor="D0N42" name="p39" srcActor="D0N12"/>
            <port dstActor="D0N16" name="p40" srcActor="D0N12"/>
            <port dstActor="D0N37" name="p41" srcActor="D0N12"/>
            <port dstActor="D0N9" name="p42" srcActor="D0N7"/>
            <port dstActor="D0N27" name="p43" srcActor="D0N7"/>
            <port dstActor="D0N45" name="p44" srcActor="D0N7"/>
            <port dstActor="D0N32" name="p45" srcActor="D0N7"/>
            <port dstActor="D0N17" name="p46" srcActor="D0N7"/>
            <port dstActor="D0N16" name="p47" srcActor="D0N7"/>
            <port dstActor="D0N33" name="p48" srcActor="D0N7"/>
            <port dstActor="D0N42" name="p49" srcActor="D0N9"/>
            <port dstActor="D0N46" name="p50" srcActor="D0N9"/>
            <port dstActor="D0N18" name="p51" srcActor="D0N9"/>
            <port dstActor="D0N44" name="p52" srcActor="D0N18"/>
            <port dstActor="D0N30" name="p53" srcActor="D0N18"/>
            <port dstActor="D0N26" name="p54" srcActor="D0N18"/>
            <port dstActor="D0N32" name="p55" srcActor="D0N23"/>
            <port dstActor="D0N44" name="p56" srcActor="D0N23"/>
            <port dstActor="D0N21" name="p57" srcActor="D0N14"/>
            <port dstActor="D0N45" name="p58" srcActor="D0N14"/>
            <port dstActor="D0N32" name="p59" srcActor="D0N14"/>
            <port dstActor="D0N30" name="p60" srcActor="D0N14"/>
            <port dstActor="D0N33" name="p61" srcActor="D0N14"/>
            <port dstActor="D0N39" name="p62" srcActor="D0N29"/>
            <port dstActor="D0N47" name="p63" srcActor="D0N29"/>
            <port dstActor="D0N40" name="p64" srcActor="D0N29"/>
            <port dstActor="D0N42" name="p65" srcActor="D0N29"/>
            <port dstActor="D0N30" name="p66" srcActor="D0N19"/>
            <port dstActor="D0N47" name="p67" srcActor="D0N19"/>
            <port dstActor="D0N24" name="p68" srcActor="D0N19"/>
            <port dstActor="D0N40" name="p69" srcActor="D0N19"/>
            <port dstActor="D0N47" name="p70" srcActor="D0N35"/>
            <port dstActor="D0N36" name="p71" srcActor="D0N17"/>
            <port dstActor="D0N29" name="p72" srcActor="D0N13"/>
            <port dstActor="D0N25" name="p73" srcActor="D0N13"/>
            <port dstActor="D0N17" name="p74" srcActor="D0N13"/>
            <port dstActor="D0N23" name="p75" srcActor="D0N13"/>
            <port dstActor="D0N30" name="p76" srcActor="D0N13"/>
            <port dstActor="D0N20" name="p77" srcActor="D0N13"/>
            <port dstActor="D0N16" name="p78" srcActor="D0N5"/>
            <port dstActor="D0N17" name="p79" srcActor="D0N5"/>
            <port dstActor="D0N21" name="p80" srcActor="D0N5"/>
            <port dstActor="D0N32" name="p81" srcActor="D0N5"/>
            <port dstActor="D0N6" name="p82" srcActor="D0N5"/>
            <port dstActor="D0N36" name="p83" srcActor="D0N3"/>
            <port dstActor="D0N46" name="p84" srcActor="D0N3"/>
            <port dstActor="D0N34" name="p85" srcActor="D0N3"/>
            <port dstActor="D0N22" name="p86" srcActor="D0N3"/>
            <port dstActor="D0N32" name="p87" srcActor="D0N3"/>
            <port dstActor="D0N40" name="p88" srcActor="D0N3"/>
            <port dstActor="D0N27" name="p89" srcActor="D0N3"/>
            <port dstActor="D0N8" name="p90" srcActor="D0N3"/>
            <port dstActor="D0N40" name="p91" srcActor="D0N37"/>
            <port dstActor="D0N43" name="p92" srcActor="D0N11"/>
            <port dstActor="D0N13" name="p93" srcActor="D0N11"/>
            <port dstActor="D0N28" name="p94" srcActor="D0N11"/>
            <port dstActor="D0N40" name="p95" srcActor="D0N11"/>
            <port dstActor="D0N20" name="p96" srcActor="D0N11"/>
            <port dstActor="D0N37" name="p97" srcActor="D0N11"/>
            <port dstActor="D0N26" name="p98" srcActor="D0N11"/>
            <port dstActor="D0N34" name="p99" srcActor="D0N11"/>
            <port dstActor="D0N23" name="p100" srcActor="D0N11"/>
            <port dstActor="D0N29" name="p101" srcActor="D0N11"/>
            <port dstActor="D0N38" name="p102" srcActor="D0N21"/>
            <port dstActor="D0N44" name="p103" srcActor="D0N21"/>
            <port dstActor="D0N43" name="p104" srcActor="D0N16"/>
            <port dstActor="D0N23" name="p105" srcActor="D0N16"/>
            <port dstActor="D0N47" name="p106" srcActor="D0N16"/>
            <port dstActor="D0N45" name="p107" srcActor="D0N16"/>
            <port dstActor="D0N26" name="p108" srcActor="D0N16"/>
            <port dstActor="D0N28" name="p109" srcActor="D0N1"/>
            <port dstActor="D0N24" name="p110" srcActor="D0N1"/>
            <port dstActor="D0N31" name="p111" srcActor="D0N1"/>
            <port dstActor="D0N27" name="p112" srcActor="D0N22"/>
            <port dstActor="D0N46" name="p113" srcActor="D0N22"/>
            <port dstActor="D0N28" name="p114" srcActor="D0N22"/>
            <port dstActor="D0N27" name="p115" srcActor="D0N25"/>
            <port dstActor="D0N29" name="p116" srcActor="D0N25"/>
            <port dstActor="D0N34" name="p117" srcActor="D0N25"/>
            <port dstActor="D0N38" name="p118" srcActor="D0N25"/>
            <port dstActor="D0N43" name="p119" srcActor="D0N25"/>
            <port dstActor="D0N46" name="p120" srcActor="D0N30"/>
            <port dstActor="D0N39" name="p121" srcActor="D0N30"/>
            <port dstActor="D0N9" name="p122" srcActor="D0N8"/>
            <port dstActor="D0N43" name="p123" srcActor="D0N8"/>
            <port dstActor="D0N18" name="p124" srcActor="D0N8"/>
            <port dstActor="D0N41" name="p125" srcActor="D0N20"/>
            <port dstActor="D0N23" name="p126" srcActor="D0N20"/>
        </ports>
    </mcdag>
    <cores number="3"/>
    <levels number="2"/>
</mcsystem>
