<?xml version="1.0" encoding="UTF-8" standalone="no"?>
<mcsystem>
    <mcdag deadline="1000" name="genned-0-ed-10.0-0">
        <actor name="D0N8">
            <wcet number="0">60</wcet>
            <wcet number="1">80</wcet>
            <maxpow number="0.5736939936867647"/>
            <maxpow number="0.5736939936867647"/>
            <fprob>0.0</fprob>
        </actor>
        <actor name="D0N32">
            <wcet number="0">10</wcet>
            <wcet number="1">70</wcet>
            <maxpow number="0.6677283721406956"/>
            <maxpow number="0.6677283721406956"/>
            <fprob>0.0</fprob>
        </actor>
        <actor name="D0N12">
            <wcet number="0">10</wcet>
            <wcet number="1">30</wcet>
            <maxpow number="0.7457931612220983"/>
            <maxpow number="0.7457931612220983"/>
            <fprob>0.0</fprob>
        </actor>
        <actor name="D0N23">
            <wcet number="0">10</wcet>
            <wcet number="1">10</wcet>
            <maxpow number="0.5635601918915241"/>
            <maxpow number="0.5635601918915241"/>
            <fprob>0.0</fprob>
        </actor>
        <actor name="D0N38">
            <wcet number="0">10</wcet>
            <wcet number="1">70</wcet>
            <maxpow number="0.8889457821388687"/>
            <maxpow number="0.8889457821388687"/>
            <fprob>0.0</fprob>
        </actor>
        <actor name="D0N10">
            <wcet number="0">10</wcet>
            <wcet number="1">10</wcet>
            <maxpow number="0.3489227277561538"/>
            <maxpow number="0.3489227277561538"/>
            <fprob>0.0</fprob>
        </actor>
        <actor name="D0N46">
            <wcet number="0">10</wcet>
            <wcet number="1">10</wcet>
            <maxpow number="0.44512497474998475"/>
            <maxpow number="0.44512497474998475"/>
            <fprob>0.0</fprob>
        </actor>
        <actor name="D0N35">
            <wcet number="0">60</wcet>
            <wcet number="1">60</wcet>
            <maxpow number="0.5119198646751351"/>
            <maxpow number="0.5119198646751351"/>
            <fprob>0.0</fprob>
        </actor>
        <actor name="D0N26">
            <wcet number="0">90</wcet>
            <wcet number="1">90</wcet>
            <maxpow number="0.19363123415807193"/>
            <maxpow number="0.19363123415807193"/>
            <fprob>0.0</fprob>
        </actor>
        <actor name="D0N13">
            <wcet number="0">40</wcet>
            <wcet number="1">50</wcet>
            <maxpow number="0.34621004584370974"/>
            <maxpow number="0.34621004584370974"/>
            <fprob>0.0</fprob>
        </actor>
        <actor name="D0N4">
            <wcet number="0">50</wcet>
            <wcet number="1">60</wcet>
            <maxpow number="0.44546810386428026"/>
            <maxpow number="0.44546810386428026"/>
            <fprob>0.0</fprob>
        </actor>
        <actor name="D0N33">
            <wcet number="0">10</wcet>
            <wcet number="1">10</wcet>
            <maxpow number="0.4961318400539305"/>
            <maxpow number="0.4961318400539305"/>
            <fprob>0.0</fprob>
        </actor>
        <actor name="D0N29">
            <wcet number="0">20</wcet>
            <wcet number="1">70</wcet>
            <maxpow number="0.5955954929933365"/>
            <maxpow number="0.5955954929933365"/>
            <fprob>0.0</fprob>
        </actor>
        <actor name="D0N16">
            <wcet number="0">20</wcet>
            <wcet number="1">40</wcet>
            <maxpow number="0.4784242904548114"/>
            <maxpow number="0.4784242904548114"/>
            <fprob>0.0</fprob>
        </actor>
        <actor name="D0N45">
            <wcet number="0">30</wcet>
            <wcet number="1">50</wcet>
            <maxpow number="1.0074149271392765"/>
            <maxpow number="1.0074149271392765"/>
            <fprob>0.0</fprob>
        </actor>
        <actor name="D0N6">
            <wcet number="0">10</wcet>
            <wcet number="1">10</wcet>
            <maxpow number="0.4620832736988956"/>
            <maxpow number="0.4620832736988956"/>
            <fprob>0.0</fprob>
        </actor>
        <actor name="D0N44">
            <wcet number="0">20</wcet>
            <wcet number="1">30</wcet>
            <maxpow number="0.8550133406336449"/>
            <maxpow number="0.8550133406336449"/>
            <fprob>0.0</fprob>
        </actor>
        <actor name="D0N36">
            <wcet number="0">110</wcet>
            <wcet number="1">240</wcet>
            <maxpow number="0.7511972502606548"/>
            <maxpow number="0.7511972502606548"/>
            <fprob>0.0</fprob>
        </actor>
        <actor name="D0N15">
            <wcet number="0">10</wcet>
            <wcet number="1">50</wcet>
            <maxpow number="0.5835141704246576"/>
            <maxpow number="0.5835141704246576"/>
            <fprob>0.0</fprob>
        </actor>
        <actor name="D0N25">
            <wcet number="0">30</wcet>
            <wcet number="1">40</wcet>
            <maxpow number="0.547923606988466"/>
            <maxpow number="0.547923606988466"/>
            <fprob>0.0</fprob>
        </actor>
        <actor name="D0N37">
            <wcet number="0">20</wcet>
            <wcet number="1">70</wcet>
            <maxpow number="0.4379263361298351"/>
            <maxpow number="0.4379263361298351"/>
            <fprob>0.0</fprob>
        </actor>
        <actor name="D0N27">
            <wcet number="0">10</wcet>
            <wcet number="1">10</wcet>
            <maxpow number="0.746672832283476"/>
            <maxpow number="0.746672832283476"/>
            <fprob>0.0</fprob>
        </actor>
        <actor name="D0N0">
            <wcet number="0">220</wcet>
            <wcet number="1">220</wcet>
            <maxpow number="0.16280352356848576"/>
            <maxpow number="0.16280352356848576"/>
            <fprob>0.0</fprob>
        </actor>
        <actor name="D0N28">
            <wcet number="0">10</wcet>
            <wcet number="1">10</wcet>
            <maxpow number="0.5523462879114541"/>
            <maxpow number="0.5523462879114541"/>
            <fprob>0.0</fprob>
        </actor>
        <actor name="D0N24">
            <wcet number="0">50</wcet>
            <wcet number="1">60</wcet>
            <maxpow number="0.37337108249429685"/>
            <maxpow number="0.37337108249429685"/>
            <fprob>0.0</fprob>
        </actor>
        <actor name="D0N39">
            <wcet number="0">100</wcet>
            <wcet number="1">130</wcet>
            <maxpow number="0.6178286682522881"/>
            <maxpow number="0.6178286682522881"/>
            <fprob>0.0</fprob>
        </actor>
        <actor name="D0N2">
            <wcet number="0">10</wcet>
            <wcet number="1">20</wcet>
            <maxpow number="0.8441773319870427"/>
            <maxpow number="0.8441773319870427"/>
            <fprob>0.0</fprob>
        </actor>
        <actor name="D0N5">
            <wcet number="0">60</wcet>
            <wcet number="1">80</wcet>
            <maxpow number="0.5821585276702692"/>
            <maxpow number="0.5821585276702692"/>
            <fprob>0.0</fprob>
        </actor>
        <actor name="D0N1">
            <wcet number="0">10</wcet>
            <wcet number="1">10</wcet>
            <maxpow number="0.4469132590942506"/>
            <maxpow number="0.4469132590942506"/>
            <fprob>0.0</fprob>
        </actor>
        <actor name="D0N3">
            <wcet number="0">10</wcet>
            <wcet number="1">10</wcet>
            <maxpow number="0.5392794234408752"/>
            <maxpow number="0.5392794234408752"/>
            <fprob>0.0</fprob>
        </actor>
        <actor name="D0N21">
            <wcet number="0">20</wcet>
            <wcet number="1">20</wcet>
            <maxpow number="0.7552753756861388"/>
            <maxpow number="0.7552753756861388"/>
            <fprob>0.0</fprob>
        </actor>
        <actor name="D0N42">
            <wcet number="0">10</wcet>
            <wcet number="1">10</wcet>
            <maxpow number="0.19453730575489686"/>
            <maxpow number="0.19453730575489686"/>
            <fprob>0.0</fprob>
        </actor>
        <actor name="D0N43">
            <wcet number="0">10</wcet>
            <wcet number="1">10</wcet>
            <maxpow number="0.6601874806661395"/>
            <maxpow number="0.6601874806661395"/>
            <fprob>0.0</fprob>
        </actor>
        <actor name="D0N7">
            <wcet number="0">10</wcet>
            <wcet number="1">60</wcet>
            <maxpow number="0.0718830287823976"/>
            <maxpow number="0.0718830287823976"/>
            <fprob>0.0</fprob>
        </actor>
        <actor name="D0N30">
            <wcet number="0">10</wcet>
            <wcet number="1">30</wcet>
            <maxpow number="0.5262714142520833"/>
            <maxpow number="0.5262714142520833"/>
            <fprob>0.0</fprob>
        </actor>
        <actor name="D0N20">
            <wcet number="0">80</wcet>
            <wcet number="1">250</wcet>
            <maxpow number="0.8512308841725164"/>
            <maxpow number="0.8512308841725164"/>
            <fprob>0.0</fprob>
        </actor>
        <actor name="D0N47">
            <wcet number="0">20</wcet>
            <wcet number="1">80</wcet>
            <maxpow number="0.2337901209590687"/>
            <maxpow number="0.2337901209590687"/>
            <fprob>0.0</fprob>
        </actor>
        <actor name="D0N34">
            <wcet number="0">10</wcet>
            <wcet number="1">20</wcet>
            <maxpow number="0.6604588868327067"/>
            <maxpow number="0.6604588868327067"/>
            <fprob>0.0</fprob>
        </actor>
        <actor name="D0N14">
            <wcet number="0">10</wcet>
            <wcet number="1">10</wcet>
            <maxpow number="0.5140246073514746"/>
            <maxpow number="0.5140246073514746"/>
            <fprob>0.0</fprob>
        </actor>
        <actor name="D0N22">
            <wcet number="0">20</wcet>
            <wcet number="1">40</wcet>
            <maxpow number="0.3639638190400392"/>
            <maxpow number="0.3639638190400392"/>
            <fprob>0.0</fprob>
        </actor>
        <actor name="D0N18">
            <wcet number="0">20</wcet>
            <wcet number="1">30</wcet>
            <maxpow number="0.7805361246699016"/>
            <maxpow number="0.7805361246699016"/>
            <fprob>0.0</fprob>
        </actor>
        <actor name="D0N11">
            <wcet number="0">110</wcet>
            <wcet number="1">120</wcet>
            <maxpow number="0.6466147719231026"/>
            <maxpow number="0.6466147719231026"/>
            <fprob>0.0</fprob>
        </actor>
        <actor name="D0N9">
            <wcet number="0">10</wcet>
            <wcet number="1">90</wcet>
            <maxpow number="0.4075034738668819"/>
            <maxpow number="0.4075034738668819"/>
            <fprob>0.0</fprob>
        </actor>
        <actor name="D0N31">
            <wcet number="0">10</wcet>
            <wcet number="1">10</wcet>
            <maxpow number="0.27530232376298314"/>
            <maxpow number="0.27530232376298314"/>
            <fprob>0.0</fprob>
        </actor>
        <actor name="D0N17">
            <wcet number="0">40</wcet>
            <wcet number="1">40</wcet>
            <maxpow number="0.7682537048695431"/>
            <maxpow number="0.7682537048695431"/>
            <fprob>0.0</fprob>
        </actor>
        <actor name="D0N41">
            <wcet number="0">90</wcet>
            <wcet number="1">120</wcet>
            <maxpow number="0.5014480168932443"/>
            <maxpow number="0.5014480168932443"/>
            <fprob>0.0</fprob>
        </actor>
        <actor name="D0N40">
            <wcet number="0">70</wcet>
            <wcet number="1">110</wcet>
            <maxpow number="0.7264723932332744"/>
            <maxpow number="0.7264723932332744"/>
            <fprob>0.0</fprob>
        </actor>
        <actor name="D0N19">
            <wcet number="0">40</wcet>
            <wcet number="1">50</wcet>
            <maxpow number="0.6526819864186979"/>
            <maxpow number="0.6526819864186979"/>
            <fprob>0.0</fprob>
        </actor>
        <ports>
            <port dstActor="D0N21" name="p0" srcActor="D0N8"/>
            <port dstActor="D0N36" name="p1" srcActor="D0N8"/>
            <port dstActor="D0N15" name="p2" srcActor="D0N8"/>
            <port dstActor="D0N9" name="p3" srcActor="D0N8"/>
            <port dstActor="D0N37" name="p4" srcActor="D0N32"/>
            <port dstActor="D0N32" name="p5" srcActor="D0N12"/>
            <port dstActor="D0N42" name="p6" srcActor="D0N12"/>
            <port dstActor="D0N23" name="p7" srcActor="D0N12"/>
            <port dstActor="D0N16" name="p8" srcActor="D0N12"/>
            <port dstActor="D0N22" name="p9" srcActor="D0N12"/>
            <port dstActor="D0N20" name="p10" srcActor="D0N12"/>
            <port dstActor="D0N24" name="p11" srcActor="D0N23"/>
            <port dstActor="D0N46" name="p12" srcActor="D0N23"/>
            <port dstActor="D0N42" name="p13" srcActor="D0N23"/>
            <port dstActor="D0N44" name="p14" srcActor="D0N23"/>
            <port dstActor="D0N30" name="p15" srcActor="D0N23"/>
            <port dstActor="D0N46" name="p16" srcActor="D0N38"/>
            <port dstActor="D0N36" name="p17" srcActor="D0N10"/>
            <port dstActor="D0N24" name="p18" srcActor="D0N10"/>
            <port dstActor="D0N39" name="p19" srcActor="D0N10"/>
            <port dstActor="D0N36" name="p20" srcActor="D0N26"/>
            <port dstActor="D0N21" name="p21" srcActor="D0N13"/>
            <port dstActor="D0N30" name="p22" srcActor="D0N13"/>
            <port dstActor="D0N40" name="p23" srcActor="D0N13"/>
            <port dstActor="D0N41" name="p24" srcActor="D0N13"/>
            <port dstActor="D0N43" name="p25" srcActor="D0N4"/>
            <port dstActor="D0N47" name="p26" srcActor="D0N4"/>
            <port dstActor="D0N25" name="p27" srcActor="D0N4"/>
            <port dstActor="D0N22" name="p28" srcActor="D0N4"/>
            <port dstActor="D0N10" name="p29" srcActor="D0N4"/>
            <port dstActor="D0N11" name="p30" srcActor="D0N4"/>
            <port dstActor="D0N31" name="p31" srcActor="D0N4"/>
            <port dstActor="D0N34" name="p32" srcActor="D0N33"/>
            <port dstActor="D0N40" name="p33" srcActor="D0N33"/>
            <port dstActor="D0N47" name="p34" srcActor="D0N16"/>
            <port dstActor="D0N41" name="p35" srcActor="D0N16"/>
            <port dstActor="D0N33" name="p36" srcActor="D0N6"/>
            <port dstActor="D0N12" name="p37" srcActor="D0N6"/>
            <port dstActor="D0N21" name="p38" srcActor="D0N6"/>
            <port dstActor="D0N18" name="p39" srcActor="D0N6"/>
            <port dstActor="D0N47" name="p40" srcActor="D0N6"/>
            <port dstActor="D0N29" name="p41" srcActor="D0N6"/>
            <port dstActor="D0N46" name="p42" srcActor="D0N44"/>
            <port dstActor="D0N37" name="p43" srcActor="D0N15"/>
            <port dstActor="D0N29" name="p44" srcActor="D0N15"/>
            <port dstActor="D0N45" name="p45" srcActor="D0N15"/>
            <port dstActor="D0N43" name="p46" srcActor="D0N15"/>
            <port dstActor="D0N44" name="p47" srcActor="D0N15"/>
            <port dstActor="D0N26" name="p48" srcActor="D0N25"/>
            <port dstActor="D0N44" name="p49" srcActor="D0N25"/>
            <port dstActor="D0N36" name="p50" srcActor="D0N25"/>
            <port dstActor="D0N31" name="p51" srcActor="D0N27"/>
            <port dstActor="D0N36" name="p52" srcActor="D0N27"/>
            <port dstActor="D0N47" name="p53" srcActor="D0N0"/>
            <port dstActor="D0N8" name="p54" srcActor="D0N0"/>
            <port dstActor="D0N26" name="p55" srcActor="D0N0"/>
            <port dstActor="D0N17" name="p56" srcActor="D0N0"/>
            <port dstActor="D0N15" name="p57" srcActor="D0N0"/>
            <port dstActor="D0N31" name="p58" srcActor="D0N0"/>
            <port dstActor="D0N19" name="p59" srcActor="D0N0"/>
            <port dstActor="D0N29" name="p60" srcActor="D0N0"/>
            <port dstActor="D0N36" name="p61" srcActor="D0N28"/>
            <port dstActor="D0N39" name="p62" srcActor="D0N28"/>
            <port dstActor="D0N42" name="p63" srcActor="D0N28"/>
            <port dstActor="D0N40" name="p64" srcActor="D0N24"/>
            <port dstActor="D0N26" name="p65" srcActor="D0N24"/>
            <port dstActor="D0N45" name="p66" srcActor="D0N39"/>
            <port dstActor="D0N20" name="p67" srcActor="D0N2"/>
            <port dstActor="D0N5" name="p68" srcActor="D0N2"/>
            <port dstActor="D0N47" name="p69" srcActor="D0N2"/>
            <port dstActor="D0N36" name="p70" srcActor="D0N2"/>
            <port dstActor="D0N38" name="p71" srcActor="D0N2"/>
            <port dstActor="D0N43" name="p72" srcActor="D0N5"/>
            <port dstActor="D0N34" name="p73" srcActor="D0N5"/>
            <port dstActor="D0N8" name="p74" srcActor="D0N5"/>
            <port dstActor="D0N23" name="p75" srcActor="D0N5"/>
            <port dstActor="D0N30" name="p76" srcActor="D0N5"/>
            <port dstActor="D0N27" name="p77" srcActor="D0N5"/>
            <port dstActor="D0N37" name="p78" srcActor="D0N1"/>
            <port dstActor="D0N9" name="p79" srcActor="D0N1"/>
            <port dstActor="D0N35" name="p80" srcActor="D0N1"/>
            <port dstActor="D0N21" name="p81" srcActor="D0N1"/>
            <port dstActor="D0N11" name="p82" srcActor="D0N3"/>
            <port dstActor="D0N15" name="p83" srcActor="D0N3"/>
            <port dstActor="D0N34" name="p84" srcActor="D0N3"/>
            <port dstActor="D0N14" name="p85" srcActor="D0N3"/>
            <port dstActor="D0N26" name="p86" srcActor="D0N3"/>
            <port dstActor="D0N6" name="p87" srcActor="D0N3"/>
            <port dstActor="D0N45" name="p88" srcActor="D0N3"/>
            <port dstActor="D0N36" name="p89" srcActor="D0N3"/>
            <port dstActor="D0N33" name="p90" srcActor="D0N3"/>
            <port dstActor="D0N47" name="p91" srcActor="D0N21"/>
            <port dstActor="D0N46" name="p92" srcActor="D0N42"/>
            <port dstActor="D0N18" name="p93" srcActor="D0N7"/>
            <port dstActor="D0N28" name="p94" srcActor="D0N7"/>
            <port dstActor="D0N40" name="p95" srcActor="D0N7"/>
            <port dstActor="D0N47" name="p96" srcActor="D0N7"/>
            <port dstActor="D0N30" name="p97" srcActor="D0N7"/>
            <port dstActor="D0N44" name="p98" srcActor="D0N7"/>
            <port dstActor="D0N21" name="p99" srcActor="D0N7"/>
            <port dstActor="D0N35" name="p100" srcActor="D0N7"/>
            <port dstActor="D0N32" name="p101" srcActor="D0N30"/>
            <port dstActor="D0N47" name="p102" srcActor="D0N30"/>
            <port dstActor="D0N35" name="p103" srcActor="D0N30"/>
            <port dstActor="D0N29" name="p104" srcActor="D0N20"/>
            <port dstActor="D0N45" name="p105" srcActor="D0N20"/>
            <port dstActor="D0N31" name="p106" srcActor="D0N20"/>
            <port dstActor="D0N21" name="p107" srcActor="D0N20"/>
            <port dstActor="D0N23" name="p108" srcActor="D0N20"/>
            <port dstActor="D0N42" name="p109" srcActor="D0N34"/>
            <port dstActor="D0N27" name="p110" srcActor="D0N14"/>
            <port dstActor="D0N29" name="p111" srcActor="D0N14"/>
            <port dstActor="D0N38" name="p112" srcActor="D0N22"/>
            <port dstActor="D0N19" name="p113" srcActor="D0N18"/>
            <port dstActor="D0N45" name="p114" srcActor="D0N18"/>
            <port dstActor="D0N37" name="p115" srcActor="D0N18"/>
            <port dstActor="D0N21" name="p116" srcActor="D0N18"/>
            <port dstActor="D0N41" name="p117" srcActor="D0N18"/>
            <port dstActor="D0N43" name="p118" srcActor="D0N18"/>
            <port dstActor="D0N30" name="p119" srcActor="D0N18"/>
            <port dstActor="D0N27" name="p120" srcActor="D0N11"/>
            <port dstActor="D0N33" name="p121" srcActor="D0N11"/>
            <port dstActor="D0N19" name="p122" srcActor="D0N9"/>
            <port dstActor="D0N46" name="p123" srcActor="D0N9"/>
            <port dstActor="D0N40" name="p124" srcActor="D0N9"/>
            <port dstActor="D0N42" name="p125" srcActor="D0N31"/>
            <port dstActor="D0N46" name="p126" srcActor="D0N17"/>
            <port dstActor="D0N47" name="p127" srcActor="D0N17"/>
            <port dstActor="D0N46" name="p128" srcActor="D0N41"/>
            <port dstActor="D0N42" name="p129" srcActor="D0N40"/>
            <port dstActor="D0N38" name="p130" srcActor="D0N19"/>
            <port dstActor="D0N47" name="p131" srcActor="D0N19"/>
            <port dstActor="D0N39" name="p132" srcActor="D0N19"/>
        </ports>
    </mcdag>
    <cores number="3"/>
    <levels number="2"/>
</mcsystem>
