<?xml version="1.0" encoding="UTF-8" standalone="no"?>
<mcsystem>
    <mcdag deadline="4000" name="genned-0-ed-10.0-0">
        <actor name="D0N42">
            <wcet number="0">90</wcet>
            <wcet number="1">390</wcet>
            <maxpow number="0.7693873385353391"/>
            <maxpow number="0.7693873385353391"/>
            <fprob>0.0</fprob>
        </actor>
        <actor name="D0N1">
            <wcet number="0">10</wcet>
            <wcet number="1">20</wcet>
            <maxpow number="0.5982878250326757"/>
            <maxpow number="0.5982878250326757"/>
            <fprob>0.0</fprob>
        </actor>
        <actor name="D0N33">
            <wcet number="0">70</wcet>
            <wcet number="1">210</wcet>
            <maxpow number="0.49586825878735197"/>
            <maxpow number="0.49586825878735197"/>
            <fprob>0.0</fprob>
        </actor>
        <actor name="D0N5">
            <wcet number="0">120</wcet>
            <wcet number="1">120</wcet>
            <maxpow number="0.5018650875469961"/>
            <maxpow number="0.5018650875469961"/>
            <fprob>0.0</fprob>
        </actor>
        <actor name="D0N30">
            <wcet number="0">10</wcet>
            <wcet number="1">10</wcet>
            <maxpow number="0.5817333933388129"/>
            <maxpow number="0.5817333933388129"/>
            <fprob>0.0</fprob>
        </actor>
        <actor name="D0N27">
            <wcet number="0">20</wcet>
            <wcet number="1">60</wcet>
            <maxpow number="0.7419030613861541"/>
            <maxpow number="0.7419030613861541"/>
            <fprob>0.0</fprob>
        </actor>
        <actor name="D0N36">
            <wcet number="0">30</wcet>
            <wcet number="1">30</wcet>
            <maxpow number="0.6275711454980809"/>
            <maxpow number="0.6275711454980809"/>
            <fprob>0.0</fprob>
        </actor>
        <actor name="D0N12">
            <wcet number="0">20</wcet>
            <wcet number="1">40</wcet>
            <maxpow number="0.5857208848021445"/>
            <maxpow number="0.5857208848021445"/>
            <fprob>0.0</fprob>
        </actor>
        <actor name="D0N35">
            <wcet number="0">300</wcet>
            <wcet number="1">350</wcet>
            <maxpow number="0.6023069300669437"/>
            <maxpow number="0.6023069300669437"/>
            <fprob>0.0</fprob>
        </actor>
        <actor name="D0N39">
            <wcet number="0">60</wcet>
            <wcet number="1">110</wcet>
            <maxpow number="0.4272881685666891"/>
            <maxpow number="0.4272881685666891"/>
            <fprob>0.0</fprob>
        </actor>
        <actor name="D0N6">
            <wcet number="0">160</wcet>
            <wcet number="1">180</wcet>
            <maxpow number="0.9106501945382529"/>
            <maxpow number="0.9106501945382529"/>
            <fprob>0.0</fprob>
        </actor>
        <actor name="D0N8">
            <wcet number="0">180</wcet>
            <wcet number="1">600</wcet>
            <maxpow number="0.1973755686798912"/>
            <maxpow number="0.1973755686798912"/>
            <fprob>0.0</fprob>
        </actor>
        <actor name="D0N0">
            <wcet number="0">240</wcet>
            <wcet number="1">950</wcet>
            <maxpow number="0.44758232837118433"/>
            <maxpow number="0.44758232837118433"/>
            <fprob>0.0</fprob>
        </actor>
        <actor name="D0N16">
            <wcet number="0">180</wcet>
            <wcet number="1">260</wcet>
            <maxpow number="0.8114246253689038"/>
            <maxpow number="0.8114246253689038"/>
            <fprob>0.0</fprob>
        </actor>
        <actor name="D0N3">
            <wcet number="0">30</wcet>
            <wcet number="1">120</wcet>
            <maxpow number="0.4905718546801624"/>
            <maxpow number="0.4905718546801624"/>
            <fprob>0.0</fprob>
        </actor>
        <actor name="D0N20">
            <wcet number="0">10</wcet>
            <wcet number="1">60</wcet>
            <maxpow number="0.7189586612325666"/>
            <maxpow number="0.7189586612325666"/>
            <fprob>0.0</fprob>
        </actor>
        <actor name="D0N40">
            <wcet number="0">60</wcet>
            <wcet number="1">230</wcet>
            <maxpow number="0.665811093779571"/>
            <maxpow number="0.665811093779571"/>
            <fprob>0.0</fprob>
        </actor>
        <actor name="D0N37">
            <wcet number="0">100</wcet>
            <wcet number="1">240</wcet>
            <maxpow number="0.5762722263074941"/>
            <maxpow number="0.5762722263074941"/>
            <fprob>0.0</fprob>
        </actor>
        <actor name="D0N19">
            <wcet number="0">710</wcet>
            <wcet number="1">890</wcet>
            <maxpow number="0.6774051293253995"/>
            <maxpow number="0.6774051293253995"/>
            <fprob>0.0</fprob>
        </actor>
        <actor name="D0N47">
            <wcet number="0">20</wcet>
            <wcet number="1">50</wcet>
            <maxpow number="0.6931276988340718"/>
            <maxpow number="0.6931276988340718"/>
            <fprob>0.0</fprob>
        </actor>
        <actor name="D0N22">
            <wcet number="0">80</wcet>
            <wcet number="1">130</wcet>
            <maxpow number="0.7111155536257077"/>
            <maxpow number="0.7111155536257077"/>
            <fprob>0.0</fprob>
        </actor>
        <actor name="D0N4">
            <wcet number="0">30</wcet>
            <wcet number="1">40</wcet>
            <maxpow number="0.5791409503936324"/>
            <maxpow number="0.5791409503936324"/>
            <fprob>0.0</fprob>
        </actor>
        <actor name="D0N29">
            <wcet number="0">140</wcet>
            <wcet number="1">170</wcet>
            <maxpow number="0.4777843813786184"/>
            <maxpow number="0.4777843813786184"/>
            <fprob>0.0</fprob>
        </actor>
        <actor name="D0N49">
            <wcet number="0">10</wcet>
            <wcet number="1">20</wcet>
            <maxpow number="0.49241711725746196"/>
            <maxpow number="0.49241711725746196"/>
            <fprob>0.0</fprob>
        </actor>
        <actor name="D0N26">
            <wcet number="0">420</wcet>
            <wcet number="1">480</wcet>
            <maxpow number="0.2684291101259816"/>
            <maxpow number="0.2684291101259816"/>
            <fprob>0.0</fprob>
        </actor>
        <actor name="D0N34">
            <wcet number="0">30</wcet>
            <wcet number="1">660</wcet>
            <maxpow number="0.6503454932802941"/>
            <maxpow number="0.6503454932802941"/>
            <fprob>0.0</fprob>
        </actor>
        <actor name="D0N21">
            <wcet number="0">30</wcet>
            <wcet number="1">80</wcet>
            <maxpow number="0.3643543674695697"/>
            <maxpow number="0.3643543674695697"/>
            <fprob>0.0</fprob>
        </actor>
        <actor name="D0N31">
            <wcet number="0">70</wcet>
            <wcet number="1">110</wcet>
            <maxpow number="0.5981498219629623"/>
            <maxpow number="0.5981498219629623"/>
            <fprob>0.0</fprob>
        </actor>
        <actor name="D0N23">
            <wcet number="0">240</wcet>
            <wcet number="1">570</wcet>
            <maxpow number="0.6005498716805566"/>
            <maxpow number="0.6005498716805566"/>
            <fprob>0.0</fprob>
        </actor>
        <actor name="D0N9">
            <wcet number="0">20</wcet>
            <wcet number="1">30</wcet>
            <maxpow number="0.48980746643861556"/>
            <maxpow number="0.48980746643861556"/>
            <fprob>0.0</fprob>
        </actor>
        <actor name="D0N11">
            <wcet number="0">50</wcet>
            <wcet number="1">70</wcet>
            <maxpow number="0.4438239234655535"/>
            <maxpow number="0.4438239234655535"/>
            <fprob>0.0</fprob>
        </actor>
        <actor name="D0N10">
            <wcet number="0">80</wcet>
            <wcet number="1">320</wcet>
            <maxpow number="0.6410947065126321"/>
            <maxpow number="0.6410947065126321"/>
            <fprob>0.0</fprob>
        </actor>
        <actor name="D0N13">
            <wcet number="0">110</wcet>
            <wcet number="1">110</wcet>
            <maxpow number="0.46672331840037895"/>
            <maxpow number="0.46672331840037895"/>
            <fprob>0.0</fprob>
        </actor>
        <actor name="D0N43">
            <wcet number="0">70</wcet>
            <wcet number="1">70</wcet>
            <maxpow number="0.5632645155254495"/>
            <maxpow number="0.5632645155254495"/>
            <fprob>0.0</fprob>
        </actor>
        <actor name="D0N46">
            <wcet number="0">170</wcet>
            <wcet number="1">530</wcet>
            <maxpow number="0.34541918336379107"/>
            <maxpow number="0.34541918336379107"/>
            <fprob>0.0</fprob>
        </actor>
        <actor name="D0N38">
            <wcet number="0">160</wcet>
            <wcet number="1">170</wcet>
            <maxpow number="0.5979588371380707"/>
            <maxpow number="0.5979588371380707"/>
            <fprob>0.0</fprob>
        </actor>
        <actor name="D0N41">
            <wcet number="0">180</wcet>
            <wcet number="1">190</wcet>
            <maxpow number="0.586105518003055"/>
            <maxpow number="0.586105518003055"/>
            <fprob>0.0</fprob>
        </actor>
        <actor name="D0N48">
            <wcet number="0">10</wcet>
            <wcet number="1">30</wcet>
            <maxpow number="0.25078500745191645"/>
            <maxpow number="0.25078500745191645"/>
            <fprob>0.0</fprob>
        </actor>
        <actor name="D0N17">
            <wcet number="0">110</wcet>
            <wcet number="1">210</wcet>
            <maxpow number="0.21686627734036062"/>
            <maxpow number="0.21686627734036062"/>
            <fprob>0.0</fprob>
        </actor>
        <actor name="D0N28">
            <wcet number="0">10</wcet>
            <wcet number="1">10</wcet>
            <maxpow number="0.6106738766430645"/>
            <maxpow number="0.6106738766430645"/>
            <fprob>0.0</fprob>
        </actor>
        <actor name="D0N2">
            <wcet number="0">100</wcet>
            <wcet number="1">300</wcet>
            <maxpow number="0.6621781533887727"/>
            <maxpow number="0.6621781533887727"/>
            <fprob>0.0</fprob>
        </actor>
        <actor name="D0N7">
            <wcet number="0">30</wcet>
            <wcet number="1">560</wcet>
            <maxpow number="0.8999448392211187"/>
            <maxpow number="0.8999448392211187"/>
            <fprob>0.0</fprob>
        </actor>
        <actor name="D0N24">
            <wcet number="0">10</wcet>
            <wcet number="1">10</wcet>
            <maxpow number="0.6512636145637574"/>
            <maxpow number="0.6512636145637574"/>
            <fprob>0.0</fprob>
        </actor>
        <actor name="D0N14">
            <wcet number="0">50</wcet>
            <wcet number="1">170</wcet>
            <maxpow number="0.5375543042679984"/>
            <maxpow number="0.5375543042679984"/>
            <fprob>0.0</fprob>
        </actor>
        <actor name="D0N32">
            <wcet number="0">20</wcet>
            <wcet number="1">20</wcet>
            <maxpow number="0.3174727327613778"/>
            <maxpow number="0.3174727327613778"/>
            <fprob>0.0</fprob>
        </actor>
        <actor name="D0N44">
            <wcet number="0">210</wcet>
            <wcet number="1">500</wcet>
            <maxpow number="0.5345975405452862"/>
            <maxpow number="0.5345975405452862"/>
            <fprob>0.0</fprob>
        </actor>
        <actor name="D0N15">
            <wcet number="0">60</wcet>
            <wcet number="1">60</wcet>
            <maxpow number="0.3685464988071299"/>
            <maxpow number="0.3685464988071299"/>
            <fprob>0.0</fprob>
        </actor>
        <actor name="D0N25">
            <wcet number="0">20</wcet>
            <wcet number="1">20</wcet>
            <maxpow number="0.5088013967149476"/>
            <maxpow number="0.5088013967149476"/>
            <fprob>0.0</fprob>
        </actor>
        <actor name="D0N18">
            <wcet number="0">540</wcet>
            <wcet number="1">590</wcet>
            <maxpow number="0.8062428438424274"/>
            <maxpow number="0.8062428438424274"/>
            <fprob>0.0</fprob>
        </actor>
        <actor name="D0N45">
            <wcet number="0">380</wcet>
            <wcet number="1">450</wcet>
            <maxpow number="0.6083551757167448"/>
            <maxpow number="0.6083551757167448"/>
            <fprob>0.0</fprob>
        </actor>
        <ports>
            <port dstActor="D0N5" name="p0" srcActor="D0N1"/>
            <port dstActor="D0N44" name="p1" srcActor="D0N1"/>
            <port dstActor="D0N49" name="p2" srcActor="D0N1"/>
            <port dstActor="D0N13" name="p3" srcActor="D0N5"/>
            <port dstActor="D0N12" name="p4" srcActor="D0N5"/>
            <port dstActor="D0N26" name="p5" srcActor="D0N5"/>
            <port dstActor="D0N39" name="p6" srcActor="D0N5"/>
            <port dstActor="D0N17" name="p7" srcActor="D0N5"/>
            <port dstActor="D0N34" name="p8" srcActor="D0N30"/>
            <port dstActor="D0N45" name="p9" srcActor="D0N30"/>
            <port dstActor="D0N47" name="p10" srcActor="D0N27"/>
            <port dstActor="D0N43" name="p11" srcActor="D0N36"/>
            <port dstActor="D0N40" name="p12" srcActor="D0N12"/>
            <port dstActor="D0N38" name="p13" srcActor="D0N35"/>
            <port dstActor="D0N40" name="p14" srcActor="D0N35"/>
            <port dstActor="D0N29" name="p15" srcActor="D0N6"/>
            <port dstActor="D0N46" name="p16" srcActor="D0N6"/>
            <port dstActor="D0N32" name="p17" srcActor="D0N8"/>
            <port dstActor="D0N15" name="p18" srcActor="D0N8"/>
            <port dstActor="D0N27" name="p19" srcActor="D0N8"/>
            <port dstActor="D0N44" name="p20" srcActor="D0N8"/>
            <port dstActor="D0N17" name="p21" srcActor="D0N0"/>
            <port dstActor="D0N9" name="p22" srcActor="D0N0"/>
            <port dstActor="D0N43" name="p23" srcActor="D0N0"/>
            <port dstActor="D0N21" name="p24" srcActor="D0N0"/>
            <port dstActor="D0N27" name="p25" srcActor="D0N0"/>
            <port dstActor="D0N48" name="p26" srcActor="D0N0"/>
            <port dstActor="D0N3" name="p27" srcActor="D0N0"/>
            <port dstActor="D0N4" name="p28" srcActor="D0N0"/>
            <port dstActor="D0N14" name="p29" srcActor="D0N0"/>
            <port dstActor="D0N29" name="p30" srcActor="D0N0"/>
            <port dstActor="D0N37" name="p31" srcActor="D0N16"/>
            <port dstActor="D0N32" name="p32" srcActor="D0N16"/>
            <port dstActor="D0N25" name="p33" srcActor="D0N3"/>
            <port dstActor="D0N9" name="p34" srcActor="D0N3"/>
            <port dstActor="D0N12" name="p35" srcActor="D0N3"/>
            <port dstActor="D0N43" name="p36" srcActor="D0N3"/>
            <port dstActor="D0N14" name="p37" srcActor="D0N3"/>
            <port dstActor="D0N19" name="p38" srcActor="D0N3"/>
            <port dstActor="D0N21" name="p39" srcActor="D0N20"/>
            <port dstActor="D0N45" name="p40" srcActor="D0N20"/>
            <port dstActor="D0N48" name="p41" srcActor="D0N20"/>
            <port dstActor="D0N39" name="p42" srcActor="D0N20"/>
            <port dstActor="D0N38" name="p43" srcActor="D0N37"/>
            <port dstActor="D0N46" name="p44" srcActor="D0N37"/>
            <port dstActor="D0N49" name="p45" srcActor="D0N37"/>
            <port dstActor="D0N46" name="p46" srcActor="D0N19"/>
            <port dstActor="D0N40" name="p47" srcActor="D0N19"/>
            <port dstActor="D0N45" name="p48" srcActor="D0N19"/>
            <port dstActor="D0N23" name="p49" srcActor="D0N19"/>
            <port dstActor="D0N21" name="p50" srcActor="D0N19"/>
            <port dstActor="D0N43" name="p51" srcActor="D0N19"/>
            <port dstActor="D0N29" name="p52" srcActor="D0N22"/>
            <port dstActor="D0N33" name="p53" srcActor="D0N22"/>
            <port dstActor="D0N23" name="p54" srcActor="D0N4"/>
            <port dstActor="D0N25" name="p55" srcActor="D0N4"/>
            <port dstActor="D0N6" name="p56" srcActor="D0N4"/>
            <port dstActor="D0N38" name="p57" srcActor="D0N4"/>
            <port dstActor="D0N42" name="p58" srcActor="D0N4"/>
            <port dstActor="D0N43" name="p59" srcActor="D0N26"/>
            <port dstActor="D0N33" name="p60" srcActor="D0N26"/>
            <port dstActor="D0N35" name="p61" srcActor="D0N26"/>
            <port dstActor="D0N48" name="p62" srcActor="D0N34"/>
            <port dstActor="D0N40" name="p63" srcActor="D0N34"/>
            <port dstActor="D0N46" name="p64" srcActor="D0N34"/>
            <port dstActor="D0N28" name="p65" srcActor="D0N21"/>
            <port dstActor="D0N33" name="p66" srcActor="D0N21"/>
            <port dstActor="D0N38" name="p67" srcActor="D0N21"/>
            <port dstActor="D0N49" name="p68" srcActor="D0N21"/>
            <port dstActor="D0N32" name="p69" srcActor="D0N31"/>
            <port dstActor="D0N48" name="p70" srcActor="D0N31"/>
            <port dstActor="D0N47" name="p71" srcActor="D0N31"/>
            <port dstActor="D0N34" name="p72" srcActor="D0N31"/>
            <port dstActor="D0N42" name="p73" srcActor="D0N23"/>
            <port dstActor="D0N40" name="p74" srcActor="D0N23"/>
            <port dstActor="D0N47" name="p75" srcActor="D0N23"/>
            <port dstActor="D0N21" name="p76" srcActor="D0N9"/>
            <port dstActor="D0N27" name="p77" srcActor="D0N9"/>
            <port dstActor="D0N31" name="p78" srcActor="D0N9"/>
            <port dstActor="D0N43" name="p79" srcActor="D0N9"/>
            <port dstActor="D0N29" name="p80" srcActor="D0N11"/>
            <port dstActor="D0N16" name="p81" srcActor="D0N11"/>
            <port dstActor="D0N49" name="p82" srcActor="D0N11"/>
            <port dstActor="D0N39" name="p83" srcActor="D0N11"/>
            <port dstActor="D0N22" name="p84" srcActor="D0N11"/>
            <port dstActor="D0N30" name="p85" srcActor="D0N10"/>
            <port dstActor="D0N48" name="p86" srcActor="D0N10"/>
            <port dstActor="D0N47" name="p87" srcActor="D0N10"/>
            <port dstActor="D0N32" name="p88" srcActor="D0N10"/>
            <port dstActor="D0N13" name="p89" srcActor="D0N10"/>
            <port dstActor="D0N35" name="p90" srcActor="D0N10"/>
            <port dstActor="D0N30" name="p91" srcActor="D0N13"/>
            <port dstActor="D0N31" name="p92" srcActor="D0N13"/>
            <port dstActor="D0N14" name="p93" srcActor="D0N13"/>
            <port dstActor="D0N41" name="p94" srcActor="D0N13"/>
            <port dstActor="D0N48" name="p95" srcActor="D0N43"/>
            <port dstActor="D0N44" name="p96" srcActor="D0N38"/>
            <port dstActor="D0N49" name="p97" srcActor="D0N28"/>
            <port dstActor="D0N41" name="p98" srcActor="D0N28"/>
            <port dstActor="D0N35" name="p99" srcActor="D0N2"/>
            <port dstActor="D0N9" name="p100" srcActor="D0N2"/>
            <port dstActor="D0N15" name="p101" srcActor="D0N7"/>
            <port dstActor="D0N33" name="p102" srcActor="D0N7"/>
            <port dstActor="D0N25" name="p103" srcActor="D0N7"/>
            <port dstActor="D0N27" name="p104" srcActor="D0N24"/>
            <port dstActor="D0N32" name="p105" srcActor="D0N24"/>
            <port dstActor="D0N39" name="p106" srcActor="D0N24"/>
            <port dstActor="D0N48" name="p107" srcActor="D0N14"/>
            <port dstActor="D0N22" name="p108" srcActor="D0N14"/>
            <port dstActor="D0N26" name="p109" srcActor="D0N14"/>
            <port dstActor="D0N42" name="p110" srcActor="D0N32"/>
            <port dstActor="D0N49" name="p111" srcActor="D0N32"/>
            <port dstActor="D0N24" name="p112" srcActor="D0N15"/>
            <port dstActor="D0N20" name="p113" srcActor="D0N15"/>
            <port dstActor="D0N28" name="p114" srcActor="D0N15"/>
            <port dstActor="D0N37" name="p115" srcActor="D0N15"/>
            <port dstActor="D0N37" name="p116" srcActor="D0N25"/>
            <port dstActor="D0N22" name="p117" srcActor="D0N18"/>
            <port dstActor="D0N23" name="p118" srcActor="D0N18"/>
            <port dstActor="D0N31" name="p119" srcActor="D0N18"/>
            <port dstActor="D0N41" name="p120" srcActor="D0N18"/>
        </ports>
    </mcdag>
    <cores number="3"/>
    <levels number="2"/>
</mcsystem>
