<?xml version="1.0" encoding="UTF-8" standalone="no"?>
<mcsystem>
    <mcdag deadline="4000" name="genned-0-ed-10.0-0">
        <actor name="D0N8">
            <wcet number="0">10</wcet>
            <wcet number="1">10</wcet>
            <maxpow number="0.48244658477548197"/>
            <maxpow number="0.48244658477548197"/>
            <fprob>0.0</fprob>
        </actor>
        <actor name="D0N17">
            <wcet number="0">140</wcet>
            <wcet number="1">330</wcet>
            <maxpow number="0.7569196052195981"/>
            <maxpow number="0.7569196052195981"/>
            <fprob>0.0</fprob>
        </actor>
        <actor name="D0N13">
            <wcet number="0">30</wcet>
            <wcet number="1">30</wcet>
            <maxpow number="0.7272616221356003"/>
            <maxpow number="0.7272616221356003"/>
            <fprob>0.0</fprob>
        </actor>
        <actor name="D0N6">
            <wcet number="0">560</wcet>
            <wcet number="1">640</wcet>
            <maxpow number="0.11358510203940048"/>
            <maxpow number="0.11358510203940048"/>
            <fprob>0.0</fprob>
        </actor>
        <actor name="D0N36">
            <wcet number="0">230</wcet>
            <wcet number="1">250</wcet>
            <maxpow number="0.5278699093570709"/>
            <maxpow number="0.5278699093570709"/>
            <fprob>0.0</fprob>
        </actor>
        <actor name="D0N43">
            <wcet number="0">30</wcet>
            <wcet number="1">50</wcet>
            <maxpow number="0.44196111054296594"/>
            <maxpow number="0.44196111054296594"/>
            <fprob>0.0</fprob>
        </actor>
        <actor name="D0N4">
            <wcet number="0">40</wcet>
            <wcet number="1">50</wcet>
            <maxpow number="0.21401934850604037"/>
            <maxpow number="0.21401934850604037"/>
            <fprob>0.0</fprob>
        </actor>
        <actor name="D0N23">
            <wcet number="0">60</wcet>
            <wcet number="1">60</wcet>
            <maxpow number="0.7481926506445833"/>
            <maxpow number="0.7481926506445833"/>
            <fprob>0.0</fprob>
        </actor>
        <actor name="D0N44">
            <wcet number="0">40</wcet>
            <wcet number="1">100</wcet>
            <maxpow number="0.6993829222079777"/>
            <maxpow number="0.6993829222079777"/>
            <fprob>0.0</fprob>
        </actor>
        <actor name="D0N16">
            <wcet number="0">90</wcet>
            <wcet number="1">90</wcet>
            <maxpow number="0.592615100243346"/>
            <maxpow number="0.592615100243346"/>
            <fprob>0.0</fprob>
        </actor>
        <actor name="D0N31">
            <wcet number="0">90</wcet>
            <wcet number="1">190</wcet>
            <maxpow number="0.3207724930815451"/>
            <maxpow number="0.3207724930815451"/>
            <fprob>0.0</fprob>
        </actor>
        <actor name="D0N35">
            <wcet number="0">90</wcet>
            <wcet number="1">100</wcet>
            <maxpow number="0.5807029584687172"/>
            <maxpow number="0.5807029584687172"/>
            <fprob>0.0</fprob>
        </actor>
        <actor name="D0N18">
            <wcet number="0">90</wcet>
            <wcet number="1">170</wcet>
            <maxpow number="0.7718516295617192"/>
            <maxpow number="0.7718516295617192"/>
            <fprob>0.0</fprob>
        </actor>
        <actor name="D0N46">
            <wcet number="0">20</wcet>
            <wcet number="1">30</wcet>
            <maxpow number="0.46817715844645835"/>
            <maxpow number="0.46817715844645835"/>
            <fprob>0.0</fprob>
        </actor>
        <actor name="D0N49">
            <wcet number="0">60</wcet>
            <wcet number="1">150</wcet>
            <maxpow number="0.642760001255654"/>
            <maxpow number="0.642760001255654"/>
            <fprob>0.0</fprob>
        </actor>
        <actor name="D0N1">
            <wcet number="0">60</wcet>
            <wcet number="1">80</wcet>
            <maxpow number="0.07145421245401545"/>
            <maxpow number="0.07145421245401545"/>
            <fprob>0.0</fprob>
        </actor>
        <actor name="D0N7">
            <wcet number="0">150</wcet>
            <wcet number="1">270</wcet>
            <maxpow number="0.6680803926488516"/>
            <maxpow number="0.6680803926488516"/>
            <fprob>0.0</fprob>
        </actor>
        <actor name="D0N32">
            <wcet number="0">10</wcet>
            <wcet number="1">30</wcet>
            <maxpow number="0.29958121668053256"/>
            <maxpow number="0.29958121668053256"/>
            <fprob>0.0</fprob>
        </actor>
        <actor name="D0N20">
            <wcet number="0">190</wcet>
            <wcet number="1">440</wcet>
            <maxpow number="0.64926562270588"/>
            <maxpow number="0.64926562270588"/>
            <fprob>0.0</fprob>
        </actor>
        <actor name="D0N26">
            <wcet number="0">50</wcet>
            <wcet number="1">90</wcet>
            <maxpow number="0.5602196828472382"/>
            <maxpow number="0.5602196828472382"/>
            <fprob>0.0</fprob>
        </actor>
        <actor name="D0N42">
            <wcet number="0">220</wcet>
            <wcet number="1">330</wcet>
            <maxpow number="0.18250417434650917"/>
            <maxpow number="0.18250417434650917"/>
            <fprob>0.0</fprob>
        </actor>
        <actor name="D0N45">
            <wcet number="0">140</wcet>
            <wcet number="1">290</wcet>
            <maxpow number="0.5813856939729045"/>
            <maxpow number="0.5813856939729045"/>
            <fprob>0.0</fprob>
        </actor>
        <actor name="D0N41">
            <wcet number="0">130</wcet>
            <wcet number="1">260</wcet>
            <maxpow number="0.8513060771344287"/>
            <maxpow number="0.8513060771344287"/>
            <fprob>0.0</fprob>
        </actor>
        <actor name="D0N40">
            <wcet number="0">10</wcet>
            <wcet number="1">80</wcet>
            <maxpow number="0.8014241704859871"/>
            <maxpow number="0.8014241704859871"/>
            <fprob>0.0</fprob>
        </actor>
        <actor name="D0N22">
            <wcet number="0">20</wcet>
            <wcet number="1">40</wcet>
            <maxpow number="0.2768391592791334"/>
            <maxpow number="0.2768391592791334"/>
            <fprob>0.0</fprob>
        </actor>
        <actor name="D0N25">
            <wcet number="0">20</wcet>
            <wcet number="1">20</wcet>
            <maxpow number="0.4585964914386062"/>
            <maxpow number="0.4585964914386062"/>
            <fprob>0.0</fprob>
        </actor>
        <actor name="D0N14">
            <wcet number="0">30</wcet>
            <wcet number="1">30</wcet>
            <maxpow number="0.5831126282058728"/>
            <maxpow number="0.5831126282058728"/>
            <fprob>0.0</fprob>
        </actor>
        <actor name="D0N48">
            <wcet number="0">150</wcet>
            <wcet number="1">160</wcet>
            <maxpow number="0.3853494848161122"/>
            <maxpow number="0.3853494848161122"/>
            <fprob>0.0</fprob>
        </actor>
        <actor name="D0N39">
            <wcet number="0">70</wcet>
            <wcet number="1">70</wcet>
            <maxpow number="0.6097239155496456"/>
            <maxpow number="0.6097239155496456"/>
            <fprob>0.0</fprob>
        </actor>
        <actor name="D0N37">
            <wcet number="0">30</wcet>
            <wcet number="1">60</wcet>
            <maxpow number="0.4062274824470946"/>
            <maxpow number="0.4062274824470946"/>
            <fprob>0.0</fprob>
        </actor>
        <actor name="D0N21">
            <wcet number="0">90</wcet>
            <wcet number="1">100</wcet>
            <maxpow number="0.48470007911365215"/>
            <maxpow number="0.48470007911365215"/>
            <fprob>0.0</fprob>
        </actor>
        <actor name="D0N10">
            <wcet number="0">10</wcet>
            <wcet number="1">130</wcet>
            <maxpow number="0.6064737409884131"/>
            <maxpow number="0.6064737409884131"/>
            <fprob>0.0</fprob>
        </actor>
        <actor name="D0N29">
            <wcet number="0">220</wcet>
            <wcet number="1">280</wcet>
            <maxpow number="0.8427411039820991"/>
            <maxpow number="0.8427411039820991"/>
            <fprob>0.0</fprob>
        </actor>
        <actor name="D0N2">
            <wcet number="0">140</wcet>
            <wcet number="1">530</wcet>
            <maxpow number="0.524381345853058"/>
            <maxpow number="0.524381345853058"/>
            <fprob>0.0</fprob>
        </actor>
        <actor name="D0N27">
            <wcet number="0">20</wcet>
            <wcet number="1">20</wcet>
            <maxpow number="0.7806580896649211"/>
            <maxpow number="0.7806580896649211"/>
            <fprob>0.0</fprob>
        </actor>
        <actor name="D0N34">
            <wcet number="0">10</wcet>
            <wcet number="1">150</wcet>
            <maxpow number="0.48160470824503965"/>
            <maxpow number="0.48160470824503965"/>
            <fprob>0.0</fprob>
        </actor>
        <actor name="D0N11">
            <wcet number="0">120</wcet>
            <wcet number="1">150</wcet>
            <maxpow number="0.5659421965783946"/>
            <maxpow number="0.5659421965783946"/>
            <fprob>0.0</fprob>
        </actor>
        <actor name="D0N30">
            <wcet number="0">50</wcet>
            <wcet number="1">50</wcet>
            <maxpow number="0.638199213488465"/>
            <maxpow number="0.638199213488465"/>
            <fprob>0.0</fprob>
        </actor>
        <actor name="D0N19">
            <wcet number="0">140</wcet>
            <wcet number="1">310</wcet>
            <maxpow number="0.652007823867165"/>
            <maxpow number="0.652007823867165"/>
            <fprob>0.0</fprob>
        </actor>
        <actor name="D0N0">
            <wcet number="0">10</wcet>
            <wcet number="1">30</wcet>
            <maxpow number="0.5565141123112473"/>
            <maxpow number="0.5565141123112473"/>
            <fprob>0.0</fprob>
        </actor>
        <actor name="D0N9">
            <wcet number="0">20</wcet>
            <wcet number="1">30</wcet>
            <maxpow number="0.5036384786354939"/>
            <maxpow number="0.5036384786354939"/>
            <fprob>0.0</fprob>
        </actor>
        <actor name="D0N38">
            <wcet number="0">80</wcet>
            <wcet number="1">110</wcet>
            <maxpow number="0.580194650256548"/>
            <maxpow number="0.580194650256548"/>
            <fprob>0.0</fprob>
        </actor>
        <actor name="D0N28">
            <wcet number="0">10</wcet>
            <wcet number="1">50</wcet>
            <maxpow number="0.6583353532119213"/>
            <maxpow number="0.6583353532119213"/>
            <fprob>0.0</fprob>
        </actor>
        <actor name="D0N47">
            <wcet number="0">170</wcet>
            <wcet number="1">260</wcet>
            <maxpow number="1.043534396048718"/>
            <maxpow number="1.043534396048718"/>
            <fprob>0.0</fprob>
        </actor>
        <actor name="D0N33">
            <wcet number="0">300</wcet>
            <wcet number="1">470</wcet>
            <maxpow number="0.44115108434779793"/>
            <maxpow number="0.44115108434779793"/>
            <fprob>0.0</fprob>
        </actor>
        <actor name="D0N15">
            <wcet number="0">110</wcet>
            <wcet number="1">560</wcet>
            <maxpow number="0.5053382181532605"/>
            <maxpow number="0.5053382181532605"/>
            <fprob>0.0</fprob>
        </actor>
        <actor name="D0N12">
            <wcet number="0">380</wcet>
            <wcet number="1">410</wcet>
            <maxpow number="0.4688286143582508"/>
            <maxpow number="0.4688286143582508"/>
            <fprob>0.0</fprob>
        </actor>
        <actor name="D0N5">
            <wcet number="0">50</wcet>
            <wcet number="1">110</wcet>
            <maxpow number="0.7131840094101294"/>
            <maxpow number="0.7131840094101294"/>
            <fprob>0.0</fprob>
        </actor>
        <actor name="D0N24">
            <wcet number="0">10</wcet>
            <wcet number="1">10</wcet>
            <maxpow number="0.5659353708977243"/>
            <maxpow number="0.5659353708977243"/>
            <fprob>0.0</fprob>
        </actor>
        <actor name="D0N3">
            <wcet number="0">10</wcet>
            <wcet number="1">140</wcet>
            <maxpow number="0.34586671000620345"/>
            <maxpow number="0.34586671000620345"/>
            <fprob>0.0</fprob>
        </actor>
        <ports>
            <port dstActor="D0N11" name="p0" srcActor="D0N8"/>
            <port dstActor="D0N41" name="p1" srcActor="D0N8"/>
            <port dstActor="D0N46" name="p2" srcActor="D0N8"/>
            <port dstActor="D0N36" name="p3" srcActor="D0N17"/>
            <port dstActor="D0N33" name="p4" srcActor="D0N17"/>
            <port dstActor="D0N47" name="p5" srcActor="D0N17"/>
            <port dstActor="D0N22" name="p6" srcActor="D0N17"/>
            <port dstActor="D0N49" name="p7" srcActor="D0N17"/>
            <port dstActor="D0N37" name="p8" srcActor="D0N17"/>
            <port dstActor="D0N40" name="p9" srcActor="D0N13"/>
            <port dstActor="D0N26" name="p10" srcActor="D0N13"/>
            <port dstActor="D0N7" name="p11" srcActor="D0N6"/>
            <port dstActor="D0N30" name="p12" srcActor="D0N6"/>
            <port dstActor="D0N16" name="p13" srcActor="D0N6"/>
            <port dstActor="D0N49" name="p14" srcActor="D0N36"/>
            <port dstActor="D0N47" name="p15" srcActor="D0N43"/>
            <port dstActor="D0N48" name="p16" srcActor="D0N43"/>
            <port dstActor="D0N23" name="p17" srcActor="D0N4"/>
            <port dstActor="D0N18" name="p18" srcActor="D0N4"/>
            <port dstActor="D0N31" name="p19" srcActor="D0N4"/>
            <port dstActor="D0N40" name="p20" srcActor="D0N23"/>
            <port dstActor="D0N24" name="p21" srcActor="D0N23"/>
            <port dstActor="D0N47" name="p22" srcActor="D0N23"/>
            <port dstActor="D0N45" name="p23" srcActor="D0N23"/>
            <port dstActor="D0N29" name="p24" srcActor="D0N23"/>
            <port dstActor="D0N48" name="p25" srcActor="D0N44"/>
            <port dstActor="D0N35" name="p26" srcActor="D0N16"/>
            <port dstActor="D0N43" name="p27" srcActor="D0N16"/>
            <port dstActor="D0N29" name="p28" srcActor="D0N16"/>
            <port dstActor="D0N48" name="p29" srcActor="D0N16"/>
            <port dstActor="D0N35" name="p30" srcActor="D0N31"/>
            <port dstActor="D0N38" name="p31" srcActor="D0N31"/>
            <port dstActor="D0N45" name="p32" srcActor="D0N31"/>
            <port dstActor="D0N43" name="p33" srcActor="D0N35"/>
            <port dstActor="D0N29" name="p34" srcActor="D0N18"/>
            <port dstActor="D0N48" name="p35" srcActor="D0N46"/>
            <port dstActor="D0N3" name="p36" srcActor="D0N1"/>
            <port dstActor="D0N35" name="p37" srcActor="D0N1"/>
            <port dstActor="D0N44" name="p38" srcActor="D0N1"/>
            <port dstActor="D0N48" name="p39" srcActor="D0N1"/>
            <port dstActor="D0N7" name="p40" srcActor="D0N1"/>
            <port dstActor="D0N41" name="p41" srcActor="D0N7"/>
            <port dstActor="D0N27" name="p42" srcActor="D0N7"/>
            <port dstActor="D0N17" name="p43" srcActor="D0N7"/>
            <port dstActor="D0N22" name="p44" srcActor="D0N7"/>
            <port dstActor="D0N29" name="p45" srcActor="D0N7"/>
            <port dstActor="D0N34" name="p46" srcActor="D0N32"/>
            <port dstActor="D0N44" name="p47" srcActor="D0N32"/>
            <port dstActor="D0N46" name="p48" srcActor="D0N32"/>
            <port dstActor="D0N44" name="p49" srcActor="D0N20"/>
            <port dstActor="D0N40" name="p50" srcActor="D0N20"/>
            <port dstActor="D0N25" name="p51" srcActor="D0N20"/>
            <port dstActor="D0N45" name="p52" srcActor="D0N26"/>
            <port dstActor="D0N30" name="p53" srcActor="D0N26"/>
            <port dstActor="D0N31" name="p54" srcActor="D0N26"/>
            <port dstActor="D0N47" name="p55" srcActor="D0N26"/>
            <port dstActor="D0N46" name="p56" srcActor="D0N40"/>
            <port dstActor="D0N47" name="p57" srcActor="D0N40"/>
            <port dstActor="D0N30" name="p58" srcActor="D0N22"/>
            <port dstActor="D0N41" name="p59" srcActor="D0N37"/>
            <port dstActor="D0N42" name="p60" srcActor="D0N37"/>
            <port dstActor="D0N36" name="p61" srcActor="D0N21"/>
            <port dstActor="D0N35" name="p62" srcActor="D0N21"/>
            <port dstActor="D0N29" name="p63" srcActor="D0N10"/>
            <port dstActor="D0N27" name="p64" srcActor="D0N10"/>
            <port dstActor="D0N16" name="p65" srcActor="D0N10"/>
            <port dstActor="D0N32" name="p66" srcActor="D0N10"/>
            <port dstActor="D0N48" name="p67" srcActor="D0N29"/>
            <port dstActor="D0N5" name="p68" srcActor="D0N2"/>
            <port dstActor="D0N15" name="p69" srcActor="D0N2"/>
            <port dstActor="D0N8" name="p70" srcActor="D0N2"/>
            <port dstActor="D0N7" name="p71" srcActor="D0N2"/>
            <port dstActor="D0N26" name="p72" srcActor="D0N2"/>
            <port dstActor="D0N36" name="p73" srcActor="D0N2"/>
            <port dstActor="D0N43" name="p74" srcActor="D0N27"/>
            <port dstActor="D0N44" name="p75" srcActor="D0N27"/>
            <port dstActor="D0N29" name="p76" srcActor="D0N27"/>
            <port dstActor="D0N35" name="p77" srcActor="D0N27"/>
            <port dstActor="D0N39" name="p78" srcActor="D0N34"/>
            <port dstActor="D0N40" name="p79" srcActor="D0N11"/>
            <port dstActor="D0N49" name="p80" srcActor="D0N11"/>
            <port dstActor="D0N41" name="p81" srcActor="D0N11"/>
            <port dstActor="D0N22" name="p82" srcActor="D0N11"/>
            <port dstActor="D0N33" name="p83" srcActor="D0N30"/>
            <port dstActor="D0N36" name="p84" srcActor="D0N30"/>
            <port dstActor="D0N36" name="p85" srcActor="D0N19"/>
            <port dstActor="D0N49" name="p86" srcActor="D0N0"/>
            <port dstActor="D0N31" name="p87" srcActor="D0N0"/>
            <port dstActor="D0N11" name="p88" srcActor="D0N0"/>
            <port dstActor="D0N25" name="p89" srcActor="D0N0"/>
            <port dstActor="D0N41" name="p90" srcActor="D0N0"/>
            <port dstActor="D0N16" name="p91" srcActor="D0N0"/>
            <port dstActor="D0N15" name="p92" srcActor="D0N9"/>
            <port dstActor="D0N10" name="p93" srcActor="D0N9"/>
            <port dstActor="D0N22" name="p94" srcActor="D0N9"/>
            <port dstActor="D0N48" name="p95" srcActor="D0N9"/>
            <port dstActor="D0N46" name="p96" srcActor="D0N9"/>
            <port dstActor="D0N17" name="p97" srcActor="D0N9"/>
            <port dstActor="D0N21" name="p98" srcActor="D0N9"/>
            <port dstActor="D0N23" name="p99" srcActor="D0N9"/>
            <port dstActor="D0N16" name="p100" srcActor="D0N9"/>
            <port dstActor="D0N36" name="p101" srcActor="D0N28"/>
            <port dstActor="D0N48" name="p102" srcActor="D0N47"/>
            <port dstActor="D0N35" name="p103" srcActor="D0N33"/>
            <port dstActor="D0N41" name="p104" srcActor="D0N12"/>
            <port dstActor="D0N42" name="p105" srcActor="D0N12"/>
            <port dstActor="D0N45" name="p106" srcActor="D0N12"/>
            <port dstActor="D0N32" name="p107" srcActor="D0N5"/>
            <port dstActor="D0N30" name="p108" srcActor="D0N5"/>
            <port dstActor="D0N26" name="p109" srcActor="D0N5"/>
            <port dstActor="D0N31" name="p110" srcActor="D0N24"/>
            <port dstActor="D0N46" name="p111" srcActor="D0N24"/>
            <port dstActor="D0N4" name="p112" srcActor="D0N3"/>
            <port dstActor="D0N30" name="p113" srcActor="D0N3"/>
            <port dstActor="D0N16" name="p114" srcActor="D0N3"/>
            <port dstActor="D0N18" name="p115" srcActor="D0N3"/>
            <port dstActor="D0N14" name="p116" srcActor="D0N3"/>
        </ports>
    </mcdag>
    <cores number="3"/>
    <levels number="2"/>
</mcsystem>
