<?xml version="1.0" encoding="UTF-8" standalone="no"?>
<mcsystem>
    <mcdag deadline="1200" name="genned-0-ed-10.0-0">
        <actor name="D0N30">
            <wcet number="0">20</wcet>
            <wcet number="1">50</wcet>
            <maxpow number="0.3324222465316784"/>
            <maxpow number="0.3324222465316784"/>
            <fprob>0.0</fprob>
        </actor>
        <actor name="D0N18">
            <wcet number="0">10</wcet>
            <wcet number="1">20</wcet>
            <maxpow number="0.5145553819072262"/>
            <maxpow number="0.5145553819072262"/>
            <fprob>0.0</fprob>
        </actor>
        <actor name="D0N44">
            <wcet number="0">10</wcet>
            <wcet number="1">10</wcet>
            <maxpow number="0.7664962576689685"/>
            <maxpow number="0.7664962576689685"/>
            <fprob>0.0</fprob>
        </actor>
        <actor name="D0N7">
            <wcet number="0">10</wcet>
            <wcet number="1">20</wcet>
            <maxpow number="0.3311107172283342"/>
            <maxpow number="0.3311107172283342"/>
            <fprob>0.0</fprob>
        </actor>
        <actor name="D0N28">
            <wcet number="0">370</wcet>
            <wcet number="1">490</wcet>
            <maxpow number="0.3544754215865218"/>
            <maxpow number="0.3544754215865218"/>
            <fprob>0.0</fprob>
        </actor>
        <actor name="D0N5">
            <wcet number="0">30</wcet>
            <wcet number="1">100</wcet>
            <maxpow number="0.8170348433168761"/>
            <maxpow number="0.8170348433168761"/>
            <fprob>0.0</fprob>
        </actor>
        <actor name="D0N6">
            <wcet number="0">10</wcet>
            <wcet number="1">20</wcet>
            <maxpow number="0.7578285361204499"/>
            <maxpow number="0.7578285361204499"/>
            <fprob>0.0</fprob>
        </actor>
        <actor name="D0N11">
            <wcet number="0">70</wcet>
            <wcet number="1">70</wcet>
            <maxpow number="0.565153424514394"/>
            <maxpow number="0.565153424514394"/>
            <fprob>0.0</fprob>
        </actor>
        <actor name="D0N12">
            <wcet number="0">20</wcet>
            <wcet number="1">70</wcet>
            <maxpow number="0.42987770798931346"/>
            <maxpow number="0.42987770798931346"/>
            <fprob>0.0</fprob>
        </actor>
        <actor name="D0N32">
            <wcet number="0">50</wcet>
            <wcet number="1">70</wcet>
            <maxpow number="0.48895175202374264"/>
            <maxpow number="0.48895175202374264"/>
            <fprob>0.0</fprob>
        </actor>
        <actor name="D0N21">
            <wcet number="0">50</wcet>
            <wcet number="1">70</wcet>
            <maxpow number="0.5809494139911938"/>
            <maxpow number="0.5809494139911938"/>
            <fprob>0.0</fprob>
        </actor>
        <actor name="D0N26">
            <wcet number="0">40</wcet>
            <wcet number="1">50</wcet>
            <maxpow number="0.9221199936848854"/>
            <maxpow number="0.9221199936848854"/>
            <fprob>0.0</fprob>
        </actor>
        <actor name="D0N36">
            <wcet number="0">10</wcet>
            <wcet number="1">10</wcet>
            <maxpow number="0.3259086313981177"/>
            <maxpow number="0.3259086313981177"/>
            <fprob>0.0</fprob>
        </actor>
        <actor name="D0N14">
            <wcet number="0">30</wcet>
            <wcet number="1">40</wcet>
            <maxpow number="0.4772993837161734"/>
            <maxpow number="0.4772993837161734"/>
            <fprob>0.0</fprob>
        </actor>
        <actor name="D0N25">
            <wcet number="0">30</wcet>
            <wcet number="1">80</wcet>
            <maxpow number="0.841440669631494"/>
            <maxpow number="0.841440669631494"/>
            <fprob>0.0</fprob>
        </actor>
        <actor name="D0N45">
            <wcet number="0">10</wcet>
            <wcet number="1">10</wcet>
            <maxpow number="0.5302148537586403"/>
            <maxpow number="0.5302148537586403"/>
            <fprob>0.0</fprob>
        </actor>
        <actor name="D0N27">
            <wcet number="0">20</wcet>
            <wcet number="1">30</wcet>
            <maxpow number="0.49294852044414983"/>
            <maxpow number="0.49294852044414983"/>
            <fprob>0.0</fprob>
        </actor>
        <actor name="D0N31">
            <wcet number="0">60</wcet>
            <wcet number="1">90</wcet>
            <maxpow number="0.9078907491407173"/>
            <maxpow number="0.9078907491407173"/>
            <fprob>0.0</fprob>
        </actor>
        <actor name="D0N20">
            <wcet number="0">40</wcet>
            <wcet number="1">60</wcet>
            <maxpow number="0.7817605556502574"/>
            <maxpow number="0.7817605556502574"/>
            <fprob>0.0</fprob>
        </actor>
        <actor name="D0N23">
            <wcet number="0">20</wcet>
            <wcet number="1">250</wcet>
            <maxpow number="0.6740046980674113"/>
            <maxpow number="0.6740046980674113"/>
            <fprob>0.0</fprob>
        </actor>
        <actor name="D0N16">
            <wcet number="0">30</wcet>
            <wcet number="1">80</wcet>
            <maxpow number="0.5939369759779566"/>
            <maxpow number="0.5939369759779566"/>
            <fprob>0.0</fprob>
        </actor>
        <actor name="D0N19">
            <wcet number="0">40</wcet>
            <wcet number="1">50</wcet>
            <maxpow number="0.529093941026768"/>
            <maxpow number="0.529093941026768"/>
            <fprob>0.0</fprob>
        </actor>
        <actor name="D0N13">
            <wcet number="0">40</wcet>
            <wcet number="1">90</wcet>
            <maxpow number="0.5781063992430115"/>
            <maxpow number="0.5781063992430115"/>
            <fprob>0.0</fprob>
        </actor>
        <actor name="D0N4">
            <wcet number="0">30</wcet>
            <wcet number="1">70</wcet>
            <maxpow number="0.5275569091846052"/>
            <maxpow number="0.5275569091846052"/>
            <fprob>0.0</fprob>
        </actor>
        <actor name="D0N15">
            <wcet number="0">20</wcet>
            <wcet number="1">20</wcet>
            <maxpow number="0.5194759451069076"/>
            <maxpow number="0.5194759451069076"/>
            <fprob>0.0</fprob>
        </actor>
        <actor name="D0N39">
            <wcet number="0">10</wcet>
            <wcet number="1">20</wcet>
            <maxpow number="0.7696741345553425"/>
            <maxpow number="0.7696741345553425"/>
            <fprob>0.0</fprob>
        </actor>
        <actor name="D0N24">
            <wcet number="0">10</wcet>
            <wcet number="1">10</wcet>
            <maxpow number="0.5193160057487478"/>
            <maxpow number="0.5193160057487478"/>
            <fprob>0.0</fprob>
        </actor>
        <actor name="D0N22">
            <wcet number="0">50</wcet>
            <wcet number="1">50</wcet>
            <maxpow number="0.7923447026393653"/>
            <maxpow number="0.7923447026393653"/>
            <fprob>0.0</fprob>
        </actor>
        <actor name="D0N8">
            <wcet number="0">20</wcet>
            <wcet number="1">30</wcet>
            <maxpow number="0.42368549736038386"/>
            <maxpow number="0.42368549736038386"/>
            <fprob>0.0</fprob>
        </actor>
        <actor name="D0N0">
            <wcet number="0">10</wcet>
            <wcet number="1">10</wcet>
            <maxpow number="0.5257671085873803"/>
            <maxpow number="0.5257671085873803"/>
            <fprob>0.0</fprob>
        </actor>
        <actor name="D0N9">
            <wcet number="0">10</wcet>
            <wcet number="1">20</wcet>
            <maxpow number="0.37059847277791147"/>
            <maxpow number="0.37059847277791147"/>
            <fprob>0.0</fprob>
        </actor>
        <actor name="D0N41">
            <wcet number="0">40</wcet>
            <wcet number="1">40</wcet>
            <maxpow number="0.6174131312947169"/>
            <maxpow number="0.6174131312947169"/>
            <fprob>0.0</fprob>
        </actor>
        <actor name="D0N10">
            <wcet number="0">30</wcet>
            <wcet number="1">30</wcet>
            <maxpow number="0.29650005676638114"/>
            <maxpow number="0.29650005676638114"/>
            <fprob>0.0</fprob>
        </actor>
        <actor name="D0N38">
            <wcet number="0">20</wcet>
            <wcet number="1">50</wcet>
            <maxpow number="0.5081914913546735"/>
            <maxpow number="0.5081914913546735"/>
            <fprob>0.0</fprob>
        </actor>
        <actor name="D0N46">
            <wcet number="0">30</wcet>
            <wcet number="1">60</wcet>
            <maxpow number="0.7320986924434563"/>
            <maxpow number="0.7320986924434563"/>
            <fprob>0.0</fprob>
        </actor>
        <actor name="D0N2">
            <wcet number="0">10</wcet>
            <wcet number="1">20</wcet>
            <maxpow number="0.4778784268029177"/>
            <maxpow number="0.4778784268029177"/>
            <fprob>0.0</fprob>
        </actor>
        <actor name="D0N43">
            <wcet number="0">40</wcet>
            <wcet number="1">100</wcet>
            <maxpow number="0.4442217287810379"/>
            <maxpow number="0.4442217287810379"/>
            <fprob>0.0</fprob>
        </actor>
        <actor name="D0N33">
            <wcet number="0">10</wcet>
            <wcet number="1">10</wcet>
            <maxpow number="0.9233168067590147"/>
            <maxpow number="0.9233168067590147"/>
            <fprob>0.0</fprob>
        </actor>
        <actor name="D0N35">
            <wcet number="0">10</wcet>
            <wcet number="1">20</wcet>
            <maxpow number="0.44525082995287535"/>
            <maxpow number="0.44525082995287535"/>
            <fprob>0.0</fprob>
        </actor>
        <actor name="D0N42">
            <wcet number="0">10</wcet>
            <wcet number="1">10</wcet>
            <maxpow number="0.6449745174340528"/>
            <maxpow number="0.6449745174340528"/>
            <fprob>0.0</fprob>
        </actor>
        <actor name="D0N1">
            <wcet number="0">100</wcet>
            <wcet number="1">100</wcet>
            <maxpow number="0.5143226713158565"/>
            <maxpow number="0.5143226713158565"/>
            <fprob>0.0</fprob>
        </actor>
        <actor name="D0N3">
            <wcet number="0">40</wcet>
            <wcet number="1">70</wcet>
            <maxpow number="0.6392540295151731"/>
            <maxpow number="0.6392540295151731"/>
            <fprob>0.0</fprob>
        </actor>
        <actor name="D0N40">
            <wcet number="0">30</wcet>
            <wcet number="1">30</wcet>
            <maxpow number="0.4632097076802384"/>
            <maxpow number="0.4632097076802384"/>
            <fprob>0.0</fprob>
        </actor>
        <actor name="D0N37">
            <wcet number="0">60</wcet>
            <wcet number="1">60</wcet>
            <maxpow number="0.8282620296051304"/>
            <maxpow number="0.8282620296051304"/>
            <fprob>0.0</fprob>
        </actor>
        <actor name="D0N17">
            <wcet number="0">10</wcet>
            <wcet number="1">10</wcet>
            <maxpow number="0.6716851112563411"/>
            <maxpow number="0.6716851112563411"/>
            <fprob>0.0</fprob>
        </actor>
        <actor name="D0N29">
            <wcet number="0">30</wcet>
            <wcet number="1">50</wcet>
            <maxpow number="0.5878862920219047"/>
            <maxpow number="0.5878862920219047"/>
            <fprob>0.0</fprob>
        </actor>
        <actor name="D0N34">
            <wcet number="0">20</wcet>
            <wcet number="1">40</wcet>
            <maxpow number="0.5516720337818035"/>
            <maxpow number="0.5516720337818035"/>
            <fprob>0.0</fprob>
        </actor>
        <ports>
            <port dstActor="D0N28" name="p0" srcActor="D0N18"/>
            <port dstActor="D0N31" name="p1" srcActor="D0N18"/>
            <port dstActor="D0N23" name="p2" srcActor="D0N18"/>
            <port dstActor="D0N24" name="p3" srcActor="D0N18"/>
            <port dstActor="D0N36" name="p4" srcActor="D0N7"/>
            <port dstActor="D0N31" name="p5" srcActor="D0N7"/>
            <port dstActor="D0N13" name="p6" srcActor="D0N7"/>
            <port dstActor="D0N40" name="p7" srcActor="D0N7"/>
            <port dstActor="D0N35" name="p8" srcActor="D0N7"/>
            <port dstActor="D0N12" name="p9" srcActor="D0N7"/>
            <port dstActor="D0N15" name="p10" srcActor="D0N7"/>
            <port dstActor="D0N45" name="p11" srcActor="D0N28"/>
            <port dstActor="D0N8" name="p12" srcActor="D0N5"/>
            <port dstActor="D0N12" name="p13" srcActor="D0N5"/>
            <port dstActor="D0N26" name="p14" srcActor="D0N5"/>
            <port dstActor="D0N32" name="p15" srcActor="D0N6"/>
            <port dstActor="D0N11" name="p16" srcActor="D0N6"/>
            <port dstActor="D0N9" name="p17" srcActor="D0N6"/>
            <port dstActor="D0N33" name="p18" srcActor="D0N6"/>
            <port dstActor="D0N24" name="p19" srcActor="D0N11"/>
            <port dstActor="D0N41" name="p20" srcActor="D0N11"/>
            <port dstActor="D0N20" name="p21" srcActor="D0N11"/>
            <port dstActor="D0N33" name="p22" srcActor="D0N11"/>
            <port dstActor="D0N21" name="p23" srcActor="D0N12"/>
            <port dstActor="D0N20" name="p24" srcActor="D0N12"/>
            <port dstActor="D0N30" name="p25" srcActor="D0N12"/>
            <port dstActor="D0N44" name="p26" srcActor="D0N12"/>
            <port dstActor="D0N37" name="p27" srcActor="D0N12"/>
            <port dstActor="D0N41" name="p28" srcActor="D0N21"/>
            <port dstActor="D0N30" name="p29" srcActor="D0N21"/>
            <port dstActor="D0N35" name="p30" srcActor="D0N21"/>
            <port dstActor="D0N33" name="p31" srcActor="D0N21"/>
            <port dstActor="D0N38" name="p32" srcActor="D0N26"/>
            <port dstActor="D0N46" name="p33" srcActor="D0N36"/>
            <port dstActor="D0N42" name="p34" srcActor="D0N14"/>
            <port dstActor="D0N23" name="p35" srcActor="D0N14"/>
            <port dstActor="D0N32" name="p36" srcActor="D0N14"/>
            <port dstActor="D0N33" name="p37" srcActor="D0N25"/>
            <port dstActor="D0N38" name="p38" srcActor="D0N25"/>
            <port dstActor="D0N40" name="p39" srcActor="D0N27"/>
            <port dstActor="D0N38" name="p40" srcActor="D0N27"/>
            <port dstActor="D0N41" name="p41" srcActor="D0N27"/>
            <port dstActor="D0N38" name="p42" srcActor="D0N31"/>
            <port dstActor="D0N21" name="p43" srcActor="D0N20"/>
            <port dstActor="D0N33" name="p44" srcActor="D0N20"/>
            <port dstActor="D0N40" name="p45" srcActor="D0N20"/>
            <port dstActor="D0N25" name="p46" srcActor="D0N23"/>
            <port dstActor="D0N39" name="p47" srcActor="D0N23"/>
            <port dstActor="D0N29" name="p48" srcActor="D0N23"/>
            <port dstActor="D0N37" name="p49" srcActor="D0N23"/>
            <port dstActor="D0N41" name="p50" srcActor="D0N16"/>
            <port dstActor="D0N24" name="p51" srcActor="D0N13"/>
            <port dstActor="D0N35" name="p52" srcActor="D0N13"/>
            <port dstActor="D0N28" name="p53" srcActor="D0N13"/>
            <port dstActor="D0N22" name="p54" srcActor="D0N13"/>
            <port dstActor="D0N30" name="p55" srcActor="D0N13"/>
            <port dstActor="D0N40" name="p56" srcActor="D0N13"/>
            <port dstActor="D0N28" name="p57" srcActor="D0N4"/>
            <port dstActor="D0N22" name="p58" srcActor="D0N4"/>
            <port dstActor="D0N18" name="p59" srcActor="D0N4"/>
            <port dstActor="D0N36" name="p60" srcActor="D0N4"/>
            <port dstActor="D0N25" name="p61" srcActor="D0N15"/>
            <port dstActor="D0N32" name="p62" srcActor="D0N15"/>
            <port dstActor="D0N21" name="p63" srcActor="D0N15"/>
            <port dstActor="D0N38" name="p64" srcActor="D0N22"/>
            <port dstActor="D0N24" name="p65" srcActor="D0N22"/>
            <port dstActor="D0N35" name="p66" srcActor="D0N22"/>
            <port dstActor="D0N24" name="p67" srcActor="D0N8"/>
            <port dstActor="D0N14" name="p68" srcActor="D0N8"/>
            <port dstActor="D0N19" name="p69" srcActor="D0N8"/>
            <port dstActor="D0N12" name="p70" srcActor="D0N8"/>
            <port dstActor="D0N45" name="p71" srcActor="D0N0"/>
            <port dstActor="D0N14" name="p72" srcActor="D0N0"/>
            <port dstActor="D0N26" name="p73" srcActor="D0N9"/>
            <port dstActor="D0N16" name="p74" srcActor="D0N9"/>
            <port dstActor="D0N41" name="p75" srcActor="D0N9"/>
            <port dstActor="D0N42" name="p76" srcActor="D0N41"/>
            <port dstActor="D0N38" name="p77" srcActor="D0N10"/>
            <port dstActor="D0N33" name="p78" srcActor="D0N10"/>
            <port dstActor="D0N41" name="p79" srcActor="D0N38"/>
            <port dstActor="D0N40" name="p80" srcActor="D0N38"/>
            <port dstActor="D0N44" name="p81" srcActor="D0N38"/>
            <port dstActor="D0N8" name="p82" srcActor="D0N2"/>
            <port dstActor="D0N19" name="p83" srcActor="D0N2"/>
            <port dstActor="D0N29" name="p84" srcActor="D0N2"/>
            <port dstActor="D0N34" name="p85" srcActor="D0N2"/>
            <port dstActor="D0N35" name="p86" srcActor="D0N2"/>
            <port dstActor="D0N39" name="p87" srcActor="D0N33"/>
            <port dstActor="D0N45" name="p88" srcActor="D0N33"/>
            <port dstActor="D0N42" name="p89" srcActor="D0N35"/>
            <port dstActor="D0N41" name="p90" srcActor="D0N35"/>
            <port dstActor="D0N44" name="p91" srcActor="D0N42"/>
            <port dstActor="D0N4" name="p92" srcActor="D0N1"/>
            <port dstActor="D0N40" name="p93" srcActor="D0N1"/>
            <port dstActor="D0N20" name="p94" srcActor="D0N3"/>
            <port dstActor="D0N17" name="p95" srcActor="D0N3"/>
            <port dstActor="D0N16" name="p96" srcActor="D0N3"/>
            <port dstActor="D0N46" name="p97" srcActor="D0N40"/>
            <port dstActor="D0N43" name="p98" srcActor="D0N37"/>
            <port dstActor="D0N20" name="p99" srcActor="D0N17"/>
            <port dstActor="D0N37" name="p100" srcActor="D0N17"/>
            <port dstActor="D0N27" name="p101" srcActor="D0N17"/>
            <port dstActor="D0N36" name="p102" srcActor="D0N17"/>
            <port dstActor="D0N23" name="p103" srcActor="D0N17"/>
            <port dstActor="D0N37" name="p104" srcActor="D0N29"/>
            <port dstActor="D0N45" name="p105" srcActor="D0N29"/>
            <port dstActor="D0N39" name="p106" srcActor="D0N34"/>
        </ports>
    </mcdag>
    <cores number="3"/>
    <levels number="2"/>
</mcsystem>
