<?xml version="1.0" encoding="UTF-8" standalone="no"?>
<mcsystem>
    <mcdag deadline="1200" name="genned-0-ed-10.0-0">
        <actor name="D0N5">
            <wcet number="0">50</wcet>
            <wcet number="1">60</wcet>
            <maxpow number="0.5332146711809674"/>
            <maxpow number="0.5332146711809674"/>
            <fprob>0.0</fprob>
        </actor>
        <actor name="D0N10">
            <wcet number="0">10</wcet>
            <wcet number="1">10</wcet>
            <maxpow number="0.5061724775401714"/>
            <maxpow number="0.5061724775401714"/>
            <fprob>0.0</fprob>
        </actor>
        <actor name="D0N45">
            <wcet number="0">10</wcet>
            <wcet number="1">100</wcet>
            <maxpow number="0.7358259345897944"/>
            <maxpow number="0.7358259345897944"/>
            <fprob>0.0</fprob>
        </actor>
        <actor name="D0N40">
            <wcet number="0">10</wcet>
            <wcet number="1">10</wcet>
            <maxpow number="0.3432872154365514"/>
            <maxpow number="0.3432872154365514"/>
            <fprob>0.0</fprob>
        </actor>
        <actor name="D0N48">
            <wcet number="0">20</wcet>
            <wcet number="1">20</wcet>
            <maxpow number="0.7250018167855579"/>
            <maxpow number="0.7250018167855579"/>
            <fprob>0.0</fprob>
        </actor>
        <actor name="D0N9">
            <wcet number="0">30</wcet>
            <wcet number="1">60</wcet>
            <maxpow number="0.614867189448413"/>
            <maxpow number="0.614867189448413"/>
            <fprob>0.0</fprob>
        </actor>
        <actor name="D0N16">
            <wcet number="0">40</wcet>
            <wcet number="1">70</wcet>
            <maxpow number="0.6555790376911348"/>
            <maxpow number="0.6555790376911348"/>
            <fprob>0.0</fprob>
        </actor>
        <actor name="D0N24">
            <wcet number="0">10</wcet>
            <wcet number="1">10</wcet>
            <maxpow number="0.4689622289265578"/>
            <maxpow number="0.4689622289265578"/>
            <fprob>0.0</fprob>
        </actor>
        <actor name="D0N38">
            <wcet number="0">20</wcet>
            <wcet number="1">50</wcet>
            <maxpow number="0.5579995597413004"/>
            <maxpow number="0.5579995597413004"/>
            <fprob>0.0</fprob>
        </actor>
        <actor name="D0N14">
            <wcet number="0">10</wcet>
            <wcet number="1">20</wcet>
            <maxpow number="0.6496896578709563"/>
            <maxpow number="0.6496896578709563"/>
            <fprob>0.0</fprob>
        </actor>
        <actor name="D0N0">
            <wcet number="0">10</wcet>
            <wcet number="1">110</wcet>
            <maxpow number="0.7883586573573276"/>
            <maxpow number="0.7883586573573276"/>
            <fprob>0.0</fprob>
        </actor>
        <actor name="D0N30">
            <wcet number="0">70</wcet>
            <wcet number="1">80</wcet>
            <maxpow number="0.27802181450797275"/>
            <maxpow number="0.27802181450797275"/>
            <fprob>0.0</fprob>
        </actor>
        <actor name="D0N18">
            <wcet number="0">20</wcet>
            <wcet number="1">30</wcet>
            <maxpow number="0.45943257083375566"/>
            <maxpow number="0.45943257083375566"/>
            <fprob>0.0</fprob>
        </actor>
        <actor name="D0N2">
            <wcet number="0">170</wcet>
            <wcet number="1">190</wcet>
            <maxpow number="0.7158711088291319"/>
            <maxpow number="0.7158711088291319"/>
            <fprob>0.0</fprob>
        </actor>
        <actor name="D0N19">
            <wcet number="0">10</wcet>
            <wcet number="1">10</wcet>
            <maxpow number="0.8645936796488418"/>
            <maxpow number="0.8645936796488418"/>
            <fprob>0.0</fprob>
        </actor>
        <actor name="D0N27">
            <wcet number="0">110</wcet>
            <wcet number="1">110</wcet>
            <maxpow number="0.7803968917624371"/>
            <maxpow number="0.7803968917624371"/>
            <fprob>0.0</fprob>
        </actor>
        <actor name="D0N25">
            <wcet number="0">10</wcet>
            <wcet number="1">20</wcet>
            <maxpow number="0.37167050598416085"/>
            <maxpow number="0.37167050598416085"/>
            <fprob>0.0</fprob>
        </actor>
        <actor name="D0N4">
            <wcet number="0">20</wcet>
            <wcet number="1">50</wcet>
            <maxpow number="0.6957707285286786"/>
            <maxpow number="0.6957707285286786"/>
            <fprob>0.0</fprob>
        </actor>
        <actor name="D0N34">
            <wcet number="0">10</wcet>
            <wcet number="1">90</wcet>
            <maxpow number="0.28404080589454617"/>
            <maxpow number="0.28404080589454617"/>
            <fprob>0.0</fprob>
        </actor>
        <actor name="D0N7">
            <wcet number="0">40</wcet>
            <wcet number="1">100</wcet>
            <maxpow number="0.6684450063386843"/>
            <maxpow number="0.6684450063386843"/>
            <fprob>0.0</fprob>
        </actor>
        <actor name="D0N22">
            <wcet number="0">80</wcet>
            <wcet number="1">180</wcet>
            <maxpow number="0.6880019244907716"/>
            <maxpow number="0.6880019244907716"/>
            <fprob>0.0</fprob>
        </actor>
        <actor name="D0N42">
            <wcet number="0">40</wcet>
            <wcet number="1">50</wcet>
            <maxpow number="0.6823140845117445"/>
            <maxpow number="0.6823140845117445"/>
            <fprob>0.0</fprob>
        </actor>
        <actor name="D0N49">
            <wcet number="0">20</wcet>
            <wcet number="1">30</wcet>
            <maxpow number="0.25133243132769434"/>
            <maxpow number="0.25133243132769434"/>
            <fprob>0.0</fprob>
        </actor>
        <actor name="D0N21">
            <wcet number="0">10</wcet>
            <wcet number="1">30</wcet>
            <maxpow number="0.6694334890866275"/>
            <maxpow number="0.6694334890866275"/>
            <fprob>0.0</fprob>
        </actor>
        <actor name="D0N39">
            <wcet number="0">110</wcet>
            <wcet number="1">110</wcet>
            <maxpow number="0.38413468656563515"/>
            <maxpow number="0.38413468656563515"/>
            <fprob>0.0</fprob>
        </actor>
        <actor name="D0N37">
            <wcet number="0">50</wcet>
            <wcet number="1">60</wcet>
            <maxpow number="0.2043262691799146"/>
            <maxpow number="0.2043262691799146"/>
            <fprob>0.0</fprob>
        </actor>
        <actor name="D0N46">
            <wcet number="0">20</wcet>
            <wcet number="1">20</wcet>
            <maxpow number="0.5825685396864831"/>
            <maxpow number="0.5825685396864831"/>
            <fprob>0.0</fprob>
        </actor>
        <actor name="D0N23">
            <wcet number="0">40</wcet>
            <wcet number="1">40</wcet>
            <maxpow number="0.5364440027820992"/>
            <maxpow number="0.5364440027820992"/>
            <fprob>0.0</fprob>
        </actor>
        <actor name="D0N41">
            <wcet number="0">10</wcet>
            <wcet number="1">20</wcet>
            <maxpow number="0.6900675056523125"/>
            <maxpow number="0.6900675056523125"/>
            <fprob>0.0</fprob>
        </actor>
        <actor name="D0N28">
            <wcet number="0">50</wcet>
            <wcet number="1">60</wcet>
            <maxpow number="0.5964701603400917"/>
            <maxpow number="0.5964701603400917"/>
            <fprob>0.0</fprob>
        </actor>
        <actor name="D0N6">
            <wcet number="0">10</wcet>
            <wcet number="1">10</wcet>
            <maxpow number="0.46159398642269217"/>
            <maxpow number="0.46159398642269217"/>
            <fprob>0.0</fprob>
        </actor>
        <actor name="D0N36">
            <wcet number="0">30</wcet>
            <wcet number="1">60</wcet>
            <maxpow number="0.3798897284030388"/>
            <maxpow number="0.3798897284030388"/>
            <fprob>0.0</fprob>
        </actor>
        <actor name="D0N11">
            <wcet number="0">60</wcet>
            <wcet number="1">60</wcet>
            <maxpow number="0.7081841741621246"/>
            <maxpow number="0.7081841741621246"/>
            <fprob>0.0</fprob>
        </actor>
        <actor name="D0N17">
            <wcet number="0">10</wcet>
            <wcet number="1">60</wcet>
            <maxpow number="0.29474551276258243"/>
            <maxpow number="0.29474551276258243"/>
            <fprob>0.0</fprob>
        </actor>
        <actor name="D0N15">
            <wcet number="0">10</wcet>
            <wcet number="1">40</wcet>
            <maxpow number="0.23949065904383637"/>
            <maxpow number="0.23949065904383637"/>
            <fprob>0.0</fprob>
        </actor>
        <actor name="D0N44">
            <wcet number="0">50</wcet>
            <wcet number="1">50</wcet>
            <maxpow number="0.49037559660208124"/>
            <maxpow number="0.49037559660208124"/>
            <fprob>0.0</fprob>
        </actor>
        <actor name="D0N8">
            <wcet number="0">20</wcet>
            <wcet number="1">20</wcet>
            <maxpow number="0.5107831784141859"/>
            <maxpow number="0.5107831784141859"/>
            <fprob>0.0</fprob>
        </actor>
        <actor name="D0N35">
            <wcet number="0">20</wcet>
            <wcet number="1">30</wcet>
            <maxpow number="0.6104893293515611"/>
            <maxpow number="0.6104893293515611"/>
            <fprob>0.0</fprob>
        </actor>
        <actor name="D0N20">
            <wcet number="0">20</wcet>
            <wcet number="1">190</wcet>
            <maxpow number="0.2805929748983142"/>
            <maxpow number="0.2805929748983142"/>
            <fprob>0.0</fprob>
        </actor>
        <actor name="D0N3">
            <wcet number="0">60</wcet>
            <wcet number="1">130</wcet>
            <maxpow number="0.8483019814995192"/>
            <maxpow number="0.8483019814995192"/>
            <fprob>0.0</fprob>
        </actor>
        <actor name="D0N29">
            <wcet number="0">10</wcet>
            <wcet number="1">10</wcet>
            <maxpow number="0.6732335253706108"/>
            <maxpow number="0.6732335253706108"/>
            <fprob>0.0</fprob>
        </actor>
        <actor name="D0N1">
            <wcet number="0">30</wcet>
            <wcet number="1">40</wcet>
            <maxpow number="0.3824689418152463"/>
            <maxpow number="0.3824689418152463"/>
            <fprob>0.0</fprob>
        </actor>
        <actor name="D0N13">
            <wcet number="0">10</wcet>
            <wcet number="1">10</wcet>
            <maxpow number="0.5269728790274589"/>
            <maxpow number="0.5269728790274589"/>
            <fprob>0.0</fprob>
        </actor>
        <actor name="D0N31">
            <wcet number="0">70</wcet>
            <wcet number="1">80</wcet>
            <maxpow number="0.5074326271281727"/>
            <maxpow number="0.5074326271281727"/>
            <fprob>0.0</fprob>
        </actor>
        <actor name="D0N32">
            <wcet number="0">20</wcet>
            <wcet number="1">50</wcet>
            <maxpow number="0.3324251674061901"/>
            <maxpow number="0.3324251674061901"/>
            <fprob>0.0</fprob>
        </actor>
        <actor name="D0N33">
            <wcet number="0">20</wcet>
            <wcet number="1">50</wcet>
            <maxpow number="0.5859977928307315"/>
            <maxpow number="0.5859977928307315"/>
            <fprob>0.0</fprob>
        </actor>
        <actor name="D0N47">
            <wcet number="0">60</wcet>
            <wcet number="1">100</wcet>
            <maxpow number="0.5000845075038113"/>
            <maxpow number="0.5000845075038113"/>
            <fprob>0.0</fprob>
        </actor>
        <actor name="D0N12">
            <wcet number="0">10</wcet>
            <wcet number="1">40</wcet>
            <maxpow number="0.33998857248007885"/>
            <maxpow number="0.33998857248007885"/>
            <fprob>0.0</fprob>
        </actor>
        <actor name="D0N43">
            <wcet number="0">20</wcet>
            <wcet number="1">20</wcet>
            <maxpow number="0.6148837023483954"/>
            <maxpow number="0.6148837023483954"/>
            <fprob>0.0</fprob>
        </actor>
        <actor name="D0N26">
            <wcet number="0">20</wcet>
            <wcet number="1">30</wcet>
            <maxpow number="0.6425787047260202"/>
            <maxpow number="0.6425787047260202"/>
            <fprob>0.0</fprob>
        </actor>
        <ports>
            <port dstActor="D0N11" name="p0" srcActor="D0N5"/>
            <port dstActor="D0N32" name="p1" srcActor="D0N5"/>
            <port dstActor="D0N46" name="p2" srcActor="D0N5"/>
            <port dstActor="D0N22" name="p3" srcActor="D0N5"/>
            <port dstActor="D0N23" name="p4" srcActor="D0N10"/>
            <port dstActor="D0N46" name="p5" srcActor="D0N40"/>
            <port dstActor="D0N20" name="p6" srcActor="D0N9"/>
            <port dstActor="D0N17" name="p7" srcActor="D0N9"/>
            <port dstActor="D0N47" name="p8" srcActor="D0N9"/>
            <port dstActor="D0N37" name="p9" srcActor="D0N16"/>
            <port dstActor="D0N41" name="p10" srcActor="D0N16"/>
            <port dstActor="D0N25" name="p11" srcActor="D0N24"/>
            <port dstActor="D0N47" name="p12" srcActor="D0N24"/>
            <port dstActor="D0N43" name="p13" srcActor="D0N14"/>
            <port dstActor="D0N15" name="p14" srcActor="D0N14"/>
            <port dstActor="D0N29" name="p15" srcActor="D0N14"/>
            <port dstActor="D0N45" name="p16" srcActor="D0N14"/>
            <port dstActor="D0N32" name="p17" srcActor="D0N14"/>
            <port dstActor="D0N37" name="p18" srcActor="D0N30"/>
            <port dstActor="D0N38" name="p19" srcActor="D0N18"/>
            <port dstActor="D0N34" name="p20" srcActor="D0N18"/>
            <port dstActor="D0N43" name="p21" srcActor="D0N18"/>
            <port dstActor="D0N22" name="p22" srcActor="D0N2"/>
            <port dstActor="D0N9" name="p23" srcActor="D0N2"/>
            <port dstActor="D0N40" name="p24" srcActor="D0N2"/>
            <port dstActor="D0N45" name="p25" srcActor="D0N2"/>
            <port dstActor="D0N34" name="p26" srcActor="D0N19"/>
            <port dstActor="D0N37" name="p27" srcActor="D0N19"/>
            <port dstActor="D0N30" name="p28" srcActor="D0N19"/>
            <port dstActor="D0N47" name="p29" srcActor="D0N27"/>
            <port dstActor="D0N37" name="p30" srcActor="D0N27"/>
            <port dstActor="D0N37" name="p31" srcActor="D0N25"/>
            <port dstActor="D0N33" name="p32" srcActor="D0N25"/>
            <port dstActor="D0N43" name="p33" srcActor="D0N25"/>
            <port dstActor="D0N28" name="p34" srcActor="D0N4"/>
            <port dstActor="D0N29" name="p35" srcActor="D0N4"/>
            <port dstActor="D0N48" name="p36" srcActor="D0N4"/>
            <port dstActor="D0N9" name="p37" srcActor="D0N4"/>
            <port dstActor="D0N38" name="p38" srcActor="D0N34"/>
            <port dstActor="D0N48" name="p39" srcActor="D0N34"/>
            <port dstActor="D0N46" name="p40" srcActor="D0N34"/>
            <port dstActor="D0N30" name="p41" srcActor="D0N7"/>
            <port dstActor="D0N46" name="p42" srcActor="D0N7"/>
            <port dstActor="D0N45" name="p43" srcActor="D0N7"/>
            <port dstActor="D0N36" name="p44" srcActor="D0N7"/>
            <port dstActor="D0N37" name="p45" srcActor="D0N22"/>
            <port dstActor="D0N32" name="p46" srcActor="D0N22"/>
            <port dstActor="D0N49" name="p47" srcActor="D0N22"/>
            <port dstActor="D0N29" name="p48" srcActor="D0N22"/>
            <port dstActor="D0N23" name="p49" srcActor="D0N21"/>
            <port dstActor="D0N39" name="p50" srcActor="D0N21"/>
            <port dstActor="D0N45" name="p51" srcActor="D0N37"/>
            <port dstActor="D0N49" name="p52" srcActor="D0N46"/>
            <port dstActor="D0N37" name="p53" srcActor="D0N23"/>
            <port dstActor="D0N32" name="p54" srcActor="D0N23"/>
            <port dstActor="D0N48" name="p55" srcActor="D0N23"/>
            <port dstActor="D0N36" name="p56" srcActor="D0N23"/>
            <port dstActor="D0N35" name="p57" srcActor="D0N28"/>
            <port dstActor="D0N43" name="p58" srcActor="D0N28"/>
            <port dstActor="D0N28" name="p59" srcActor="D0N6"/>
            <port dstActor="D0N38" name="p60" srcActor="D0N6"/>
            <port dstActor="D0N39" name="p61" srcActor="D0N6"/>
            <port dstActor="D0N38" name="p62" srcActor="D0N36"/>
            <port dstActor="D0N30" name="p63" srcActor="D0N11"/>
            <port dstActor="D0N42" name="p64" srcActor="D0N11"/>
            <port dstActor="D0N48" name="p65" srcActor="D0N17"/>
            <port dstActor="D0N26" name="p66" srcActor="D0N17"/>
            <port dstActor="D0N30" name="p67" srcActor="D0N17"/>
            <port dstActor="D0N36" name="p68" srcActor="D0N15"/>
            <port dstActor="D0N38" name="p69" srcActor="D0N15"/>
            <port dstActor="D0N31" name="p70" srcActor="D0N15"/>
            <port dstActor="D0N40" name="p71" srcActor="D0N15"/>
            <port dstActor="D0N29" name="p72" srcActor="D0N15"/>
            <port dstActor="D0N45" name="p73" srcActor="D0N15"/>
            <port dstActor="D0N47" name="p74" srcActor="D0N44"/>
            <port dstActor="D0N38" name="p75" srcActor="D0N8"/>
            <port dstActor="D0N11" name="p76" srcActor="D0N8"/>
            <port dstActor="D0N46" name="p77" srcActor="D0N8"/>
            <port dstActor="D0N18" name="p78" srcActor="D0N8"/>
            <port dstActor="D0N35" name="p79" srcActor="D0N20"/>
            <port dstActor="D0N42" name="p80" srcActor="D0N20"/>
            <port dstActor="D0N26" name="p81" srcActor="D0N20"/>
            <port dstActor="D0N22" name="p82" srcActor="D0N20"/>
            <port dstActor="D0N27" name="p83" srcActor="D0N20"/>
            <port dstActor="D0N5" name="p84" srcActor="D0N3"/>
            <port dstActor="D0N16" name="p85" srcActor="D0N3"/>
            <port dstActor="D0N44" name="p86" srcActor="D0N3"/>
            <port dstActor="D0N9" name="p87" srcActor="D0N3"/>
            <port dstActor="D0N15" name="p88" srcActor="D0N3"/>
            <port dstActor="D0N32" name="p89" srcActor="D0N3"/>
            <port dstActor="D0N45" name="p90" srcActor="D0N3"/>
            <port dstActor="D0N42" name="p91" srcActor="D0N3"/>
            <port dstActor="D0N30" name="p92" srcActor="D0N29"/>
            <port dstActor="D0N32" name="p93" srcActor="D0N29"/>
            <port dstActor="D0N27" name="p94" srcActor="D0N1"/>
            <port dstActor="D0N33" name="p95" srcActor="D0N1"/>
            <port dstActor="D0N16" name="p96" srcActor="D0N1"/>
            <port dstActor="D0N36" name="p97" srcActor="D0N1"/>
            <port dstActor="D0N4" name="p98" srcActor="D0N1"/>
            <port dstActor="D0N39" name="p99" srcActor="D0N13"/>
            <port dstActor="D0N40" name="p100" srcActor="D0N13"/>
            <port dstActor="D0N28" name="p101" srcActor="D0N13"/>
            <port dstActor="D0N38" name="p102" srcActor="D0N13"/>
            <port dstActor="D0N35" name="p103" srcActor="D0N13"/>
            <port dstActor="D0N41" name="p104" srcActor="D0N31"/>
            <port dstActor="D0N45" name="p105" srcActor="D0N31"/>
            <port dstActor="D0N41" name="p106" srcActor="D0N32"/>
            <port dstActor="D0N34" name="p107" srcActor="D0N32"/>
            <port dstActor="D0N39" name="p108" srcActor="D0N32"/>
            <port dstActor="D0N36" name="p109" srcActor="D0N33"/>
            <port dstActor="D0N39" name="p110" srcActor="D0N33"/>
            <port dstActor="D0N48" name="p111" srcActor="D0N47"/>
            <port dstActor="D0N28" name="p112" srcActor="D0N12"/>
            <port dstActor="D0N49" name="p113" srcActor="D0N12"/>
            <port dstActor="D0N19" name="p114" srcActor="D0N12"/>
            <port dstActor="D0N38" name="p115" srcActor="D0N12"/>
            <port dstActor="D0N34" name="p116" srcActor="D0N12"/>
            <port dstActor="D0N29" name="p117" srcActor="D0N12"/>
            <port dstActor="D0N45" name="p118" srcActor="D0N43"/>
            <port dstActor="D0N49" name="p119" srcActor="D0N43"/>
            <port dstActor="D0N47" name="p120" srcActor="D0N43"/>
            <port dstActor="D0N27" name="p121" srcActor="D0N26"/>
            <port dstActor="D0N45" name="p122" srcActor="D0N26"/>
            <port dstActor="D0N44" name="p123" srcActor="D0N26"/>
        </ports>
    </mcdag>
    <cores number="3"/>
    <levels number="2"/>
</mcsystem>
