<?xml version="1.0" encoding="UTF-8" standalone="no"?>
<mcsystem>
    <mcdag deadline="1200" name="genned-0-ed-10.0-0">
        <actor name="D0N0">
            <wcet number="0">10</wcet>
            <wcet number="1">10</wcet>
            <maxpow number="0.30259336817618665"/>
            <maxpow number="0.30259336817618665"/>
            <fprob>0.0</fprob>
        </actor>
        <actor name="D0N26">
            <wcet number="0">10</wcet>
            <wcet number="1">10</wcet>
            <maxpow number="0.756846301502922"/>
            <maxpow number="0.756846301502922"/>
            <fprob>0.0</fprob>
        </actor>
        <actor name="D0N5">
            <wcet number="0">10</wcet>
            <wcet number="1">10</wcet>
            <maxpow number="0.622032447439804"/>
            <maxpow number="0.622032447439804"/>
            <fprob>0.0</fprob>
        </actor>
        <actor name="D0N13">
            <wcet number="0">40</wcet>
            <wcet number="1">60</wcet>
            <maxpow number="0.5823312475653837"/>
            <maxpow number="0.5823312475653837"/>
            <fprob>0.0</fprob>
        </actor>
        <actor name="D0N29">
            <wcet number="0">10</wcet>
            <wcet number="1">30</wcet>
            <maxpow number="0.5825050642291418"/>
            <maxpow number="0.5825050642291418"/>
            <fprob>0.0</fprob>
        </actor>
        <actor name="D0N2">
            <wcet number="0">10</wcet>
            <wcet number="1">10</wcet>
            <maxpow number="0.4917092487140295"/>
            <maxpow number="0.4917092487140295"/>
            <fprob>0.0</fprob>
        </actor>
        <actor name="D0N33">
            <wcet number="0">20</wcet>
            <wcet number="1">20</wcet>
            <maxpow number="0.2519994800613423"/>
            <maxpow number="0.2519994800613423"/>
            <fprob>0.0</fprob>
        </actor>
        <actor name="D0N25">
            <wcet number="0">10</wcet>
            <wcet number="1">10</wcet>
            <maxpow number="0.5277201751882241"/>
            <maxpow number="0.5277201751882241"/>
            <fprob>0.0</fprob>
        </actor>
        <actor name="D0N39">
            <wcet number="0">10</wcet>
            <wcet number="1">60</wcet>
            <maxpow number="0.7164314704107971"/>
            <maxpow number="0.7164314704107971"/>
            <fprob>0.0</fprob>
        </actor>
        <actor name="D0N23">
            <wcet number="0">20</wcet>
            <wcet number="1">20</wcet>
            <maxpow number="0.36330556519495594"/>
            <maxpow number="0.36330556519495594"/>
            <fprob>0.0</fprob>
        </actor>
        <actor name="D0N22">
            <wcet number="0">40</wcet>
            <wcet number="1">120</wcet>
            <maxpow number="0.4755529494788865"/>
            <maxpow number="0.4755529494788865"/>
            <fprob>0.0</fprob>
        </actor>
        <actor name="D0N10">
            <wcet number="0">50</wcet>
            <wcet number="1">50</wcet>
            <maxpow number="0.5666085912512145"/>
            <maxpow number="0.5666085912512145"/>
            <fprob>0.0</fprob>
        </actor>
        <actor name="D0N21">
            <wcet number="0">20</wcet>
            <wcet number="1">20</wcet>
            <maxpow number="0.7085474155794427"/>
            <maxpow number="0.7085474155794427"/>
            <fprob>0.0</fprob>
        </actor>
        <actor name="D0N17">
            <wcet number="0">10</wcet>
            <wcet number="1">90</wcet>
            <maxpow number="0.7787033513613535"/>
            <maxpow number="0.7787033513613535"/>
            <fprob>0.0</fprob>
        </actor>
        <actor name="D0N35">
            <wcet number="0">10</wcet>
            <wcet number="1">210</wcet>
            <maxpow number="0.5801099299203495"/>
            <maxpow number="0.5801099299203495"/>
            <fprob>0.0</fprob>
        </actor>
        <actor name="D0N7">
            <wcet number="0">20</wcet>
            <wcet number="1">30</wcet>
            <maxpow number="0.6279739177730629"/>
            <maxpow number="0.6279739177730629"/>
            <fprob>0.0</fprob>
        </actor>
        <actor name="D0N46">
            <wcet number="0">10</wcet>
            <wcet number="1">10</wcet>
            <maxpow number="0.4692649638759498"/>
            <maxpow number="0.4692649638759498"/>
            <fprob>0.0</fprob>
        </actor>
        <actor name="D0N15">
            <wcet number="0">10</wcet>
            <wcet number="1">10</wcet>
            <maxpow number="0.33348937460330597"/>
            <maxpow number="0.33348937460330597"/>
            <fprob>0.0</fprob>
        </actor>
        <actor name="D0N6">
            <wcet number="0">50</wcet>
            <wcet number="1">120</wcet>
            <maxpow number="0.8164278909286388"/>
            <maxpow number="0.8164278909286388"/>
            <fprob>0.0</fprob>
        </actor>
        <actor name="D0N30">
            <wcet number="0">20</wcet>
            <wcet number="1">20</wcet>
            <maxpow number="0.9202855552365303"/>
            <maxpow number="0.9202855552365303"/>
            <fprob>0.0</fprob>
        </actor>
        <actor name="D0N37">
            <wcet number="0">10</wcet>
            <wcet number="1">20</wcet>
            <maxpow number="0.8244795736878052"/>
            <maxpow number="0.8244795736878052"/>
            <fprob>0.0</fprob>
        </actor>
        <actor name="D0N4">
            <wcet number="0">10</wcet>
            <wcet number="1">10</wcet>
            <maxpow number="0.36579476044741566"/>
            <maxpow number="0.36579476044741566"/>
            <fprob>0.0</fprob>
        </actor>
        <actor name="D0N40">
            <wcet number="0">20</wcet>
            <wcet number="1">20</wcet>
            <maxpow number="0.07537966282640574"/>
            <maxpow number="0.07537966282640574"/>
            <fprob>0.0</fprob>
        </actor>
        <actor name="D0N47">
            <wcet number="0">10</wcet>
            <wcet number="1">10</wcet>
            <maxpow number="0.283451032807708"/>
            <maxpow number="0.283451032807708"/>
            <fprob>0.0</fprob>
        </actor>
        <actor name="D0N45">
            <wcet number="0">10</wcet>
            <wcet number="1">10</wcet>
            <maxpow number="0.36175884477527526"/>
            <maxpow number="0.36175884477527526"/>
            <fprob>0.0</fprob>
        </actor>
        <actor name="D0N3">
            <wcet number="0">30</wcet>
            <wcet number="1">90</wcet>
            <maxpow number="0.6591721471583205"/>
            <maxpow number="0.6591721471583205"/>
            <fprob>0.0</fprob>
        </actor>
        <actor name="D0N19">
            <wcet number="0">10</wcet>
            <wcet number="1">10</wcet>
            <maxpow number="0.6191076879946745"/>
            <maxpow number="0.6191076879946745"/>
            <fprob>0.0</fprob>
        </actor>
        <actor name="D0N41">
            <wcet number="0">50</wcet>
            <wcet number="1">50</wcet>
            <maxpow number="0.9609013499228523"/>
            <maxpow number="0.9609013499228523"/>
            <fprob>0.0</fprob>
        </actor>
        <actor name="D0N1">
            <wcet number="0">40</wcet>
            <wcet number="1">100</wcet>
            <maxpow number="0.5252530221281426"/>
            <maxpow number="0.5252530221281426"/>
            <fprob>0.0</fprob>
        </actor>
        <actor name="D0N31">
            <wcet number="0">20</wcet>
            <wcet number="1">20</wcet>
            <maxpow number="0.8847248634184692"/>
            <maxpow number="0.8847248634184692"/>
            <fprob>0.0</fprob>
        </actor>
        <actor name="D0N24">
            <wcet number="0">10</wcet>
            <wcet number="1">70</wcet>
            <maxpow number="0.6937164562145761"/>
            <maxpow number="0.6937164562145761"/>
            <fprob>0.0</fprob>
        </actor>
        <actor name="D0N43">
            <wcet number="0">10</wcet>
            <wcet number="1">10</wcet>
            <maxpow number="0.18274910631034347"/>
            <maxpow number="0.18274910631034347"/>
            <fprob>0.0</fprob>
        </actor>
        <actor name="D0N27">
            <wcet number="0">90</wcet>
            <wcet number="1">90</wcet>
            <maxpow number="0.6101483716068108"/>
            <maxpow number="0.6101483716068108"/>
            <fprob>0.0</fprob>
        </actor>
        <actor name="D0N34">
            <wcet number="0">10</wcet>
            <wcet number="1">30</wcet>
            <maxpow number="0.3630192116821438"/>
            <maxpow number="0.3630192116821438"/>
            <fprob>0.0</fprob>
        </actor>
        <actor name="D0N44">
            <wcet number="0">10</wcet>
            <wcet number="1">100</wcet>
            <maxpow number="0.40641703738560997"/>
            <maxpow number="0.40641703738560997"/>
            <fprob>0.0</fprob>
        </actor>
        <actor name="D0N11">
            <wcet number="0">10</wcet>
            <wcet number="1">40</wcet>
            <maxpow number="0.746294721496444"/>
            <maxpow number="0.746294721496444"/>
            <fprob>0.0</fprob>
        </actor>
        <actor name="D0N12">
            <wcet number="0">10</wcet>
            <wcet number="1">20</wcet>
            <maxpow number="0.25560711976852035"/>
            <maxpow number="0.25560711976852035"/>
            <fprob>0.0</fprob>
        </actor>
        <actor name="D0N28">
            <wcet number="0">20</wcet>
            <wcet number="1">20</wcet>
            <maxpow number="0.5021321554118331"/>
            <maxpow number="0.5021321554118331"/>
            <fprob>0.0</fprob>
        </actor>
        <actor name="D0N9">
            <wcet number="0">130</wcet>
            <wcet number="1">150</wcet>
            <maxpow number="0.490024532393234"/>
            <maxpow number="0.490024532393234"/>
            <fprob>0.0</fprob>
        </actor>
        <actor name="D0N20">
            <wcet number="0">60</wcet>
            <wcet number="1">70</wcet>
            <maxpow number="0.7467242839004331"/>
            <maxpow number="0.7467242839004331"/>
            <fprob>0.0</fprob>
        </actor>
        <actor name="D0N8">
            <wcet number="0">10</wcet>
            <wcet number="1">20</wcet>
            <maxpow number="0.5684413047523305"/>
            <maxpow number="0.5684413047523305"/>
            <fprob>0.0</fprob>
        </actor>
        <actor name="D0N36">
            <wcet number="0">10</wcet>
            <wcet number="1">80</wcet>
            <maxpow number="0.4358290022204816"/>
            <maxpow number="0.4358290022204816"/>
            <fprob>0.0</fprob>
        </actor>
        <actor name="D0N14">
            <wcet number="0">10</wcet>
            <wcet number="1">10</wcet>
            <maxpow number="0.310887022811305"/>
            <maxpow number="0.310887022811305"/>
            <fprob>0.0</fprob>
        </actor>
        <actor name="D0N16">
            <wcet number="0">50</wcet>
            <wcet number="1">70</wcet>
            <maxpow number="0.6701595655170722"/>
            <maxpow number="0.6701595655170722"/>
            <fprob>0.0</fprob>
        </actor>
        <actor name="D0N18">
            <wcet number="0">140</wcet>
            <wcet number="1">160</wcet>
            <maxpow number="0.44621983719428515"/>
            <maxpow number="0.44621983719428515"/>
            <fprob>0.0</fprob>
        </actor>
        <actor name="D0N32">
            <wcet number="0">60</wcet>
            <wcet number="1">90</wcet>
            <maxpow number="0.408757007250514"/>
            <maxpow number="0.408757007250514"/>
            <fprob>0.0</fprob>
        </actor>
        <actor name="D0N42">
            <wcet number="0">30</wcet>
            <wcet number="1">60</wcet>
            <maxpow number="0.5725617912050236"/>
            <maxpow number="0.5725617912050236"/>
            <fprob>0.0</fprob>
        </actor>
        <actor name="D0N38">
            <wcet number="0">40</wcet>
            <wcet number="1">50</wcet>
            <maxpow number="0.8543408002627333"/>
            <maxpow number="0.8543408002627333"/>
            <fprob>0.0</fprob>
        </actor>
        <ports>
            <port dstActor="D0N11" name="p0" srcActor="D0N0"/>
            <port dstActor="D0N46" name="p1" srcActor="D0N0"/>
            <port dstActor="D0N47" name="p2" srcActor="D0N26"/>
            <port dstActor="D0N34" name="p3" srcActor="D0N26"/>
            <port dstActor="D0N30" name="p4" srcActor="D0N26"/>
            <port dstActor="D0N41" name="p5" srcActor="D0N29"/>
            <port dstActor="D0N33" name="p6" srcActor="D0N29"/>
            <port dstActor="D0N40" name="p7" srcActor="D0N29"/>
            <port dstActor="D0N8" name="p8" srcActor="D0N2"/>
            <port dstActor="D0N24" name="p9" srcActor="D0N2"/>
            <port dstActor="D0N40" name="p10" srcActor="D0N25"/>
            <port dstActor="D0N41" name="p11" srcActor="D0N25"/>
            <port dstActor="D0N36" name="p12" srcActor="D0N25"/>
            <port dstActor="D0N47" name="p13" srcActor="D0N39"/>
            <port dstActor="D0N32" name="p14" srcActor="D0N23"/>
            <port dstActor="D0N46" name="p15" srcActor="D0N22"/>
            <port dstActor="D0N31" name="p16" srcActor="D0N22"/>
            <port dstActor="D0N34" name="p17" srcActor="D0N22"/>
            <port dstActor="D0N40" name="p18" srcActor="D0N10"/>
            <port dstActor="D0N42" name="p19" srcActor="D0N21"/>
            <port dstActor="D0N28" name="p20" srcActor="D0N21"/>
            <port dstActor="D0N37" name="p21" srcActor="D0N21"/>
            <port dstActor="D0N41" name="p22" srcActor="D0N17"/>
            <port dstActor="D0N25" name="p23" srcActor="D0N17"/>
            <port dstActor="D0N40" name="p24" srcActor="D0N35"/>
            <port dstActor="D0N43" name="p25" srcActor="D0N35"/>
            <port dstActor="D0N28" name="p26" srcActor="D0N7"/>
            <port dstActor="D0N23" name="p27" srcActor="D0N7"/>
            <port dstActor="D0N10" name="p28" srcActor="D0N7"/>
            <port dstActor="D0N18" name="p29" srcActor="D0N15"/>
            <port dstActor="D0N40" name="p30" srcActor="D0N15"/>
            <port dstActor="D0N26" name="p31" srcActor="D0N15"/>
            <port dstActor="D0N31" name="p32" srcActor="D0N15"/>
            <port dstActor="D0N47" name="p33" srcActor="D0N15"/>
            <port dstActor="D0N45" name="p34" srcActor="D0N6"/>
            <port dstActor="D0N36" name="p35" srcActor="D0N6"/>
            <port dstActor="D0N39" name="p36" srcActor="D0N6"/>
            <port dstActor="D0N32" name="p37" srcActor="D0N30"/>
            <port dstActor="D0N42" name="p38" srcActor="D0N37"/>
            <port dstActor="D0N27" name="p39" srcActor="D0N4"/>
            <port dstActor="D0N40" name="p40" srcActor="D0N4"/>
            <port dstActor="D0N35" name="p41" srcActor="D0N4"/>
            <port dstActor="D0N39" name="p42" srcActor="D0N4"/>
            <port dstActor="D0N45" name="p43" srcActor="D0N4"/>
            <port dstActor="D0N43" name="p44" srcActor="D0N40"/>
            <port dstActor="D0N44" name="p45" srcActor="D0N40"/>
            <port dstActor="D0N45" name="p46" srcActor="D0N40"/>
            <port dstActor="D0N35" name="p47" srcActor="D0N3"/>
            <port dstActor="D0N12" name="p48" srcActor="D0N3"/>
            <port dstActor="D0N47" name="p49" srcActor="D0N3"/>
            <port dstActor="D0N30" name="p50" srcActor="D0N19"/>
            <port dstActor="D0N32" name="p51" srcActor="D0N19"/>
            <port dstActor="D0N43" name="p52" srcActor="D0N19"/>
            <port dstActor="D0N47" name="p53" srcActor="D0N41"/>
            <port dstActor="D0N26" name="p54" srcActor="D0N1"/>
            <port dstActor="D0N39" name="p55" srcActor="D0N1"/>
            <port dstActor="D0N28" name="p56" srcActor="D0N1"/>
            <port dstActor="D0N31" name="p57" srcActor="D0N1"/>
            <port dstActor="D0N25" name="p58" srcActor="D0N24"/>
            <port dstActor="D0N41" name="p59" srcActor="D0N24"/>
            <port dstActor="D0N36" name="p60" srcActor="D0N24"/>
            <port dstActor="D0N44" name="p61" srcActor="D0N24"/>
            <port dstActor="D0N46" name="p62" srcActor="D0N43"/>
            <port dstActor="D0N44" name="p63" srcActor="D0N27"/>
            <port dstActor="D0N38" name="p64" srcActor="D0N27"/>
            <port dstActor="D0N47" name="p65" srcActor="D0N34"/>
            <port dstActor="D0N40" name="p66" srcActor="D0N34"/>
            <port dstActor="D0N44" name="p67" srcActor="D0N34"/>
            <port dstActor="D0N46" name="p68" srcActor="D0N44"/>
            <port dstActor="D0N44" name="p69" srcActor="D0N11"/>
            <port dstActor="D0N19" name="p70" srcActor="D0N11"/>
            <port dstActor="D0N27" name="p71" srcActor="D0N11"/>
            <port dstActor="D0N35" name="p72" srcActor="D0N11"/>
            <port dstActor="D0N29" name="p73" srcActor="D0N11"/>
            <port dstActor="D0N16" name="p74" srcActor="D0N12"/>
            <port dstActor="D0N19" name="p75" srcActor="D0N12"/>
            <port dstActor="D0N21" name="p76" srcActor="D0N12"/>
            <port dstActor="D0N15" name="p77" srcActor="D0N9"/>
            <port dstActor="D0N17" name="p78" srcActor="D0N9"/>
            <port dstActor="D0N28" name="p79" srcActor="D0N8"/>
            <port dstActor="D0N39" name="p80" srcActor="D0N8"/>
            <port dstActor="D0N44" name="p81" srcActor="D0N8"/>
            <port dstActor="D0N30" name="p82" srcActor="D0N8"/>
            <port dstActor="D0N43" name="p83" srcActor="D0N8"/>
            <port dstActor="D0N46" name="p84" srcActor="D0N8"/>
            <port dstActor="D0N12" name="p85" srcActor="D0N8"/>
            <port dstActor="D0N39" name="p86" srcActor="D0N36"/>
            <port dstActor="D0N37" name="p87" srcActor="D0N36"/>
            <port dstActor="D0N35" name="p88" srcActor="D0N14"/>
            <port dstActor="D0N36" name="p89" srcActor="D0N14"/>
            <port dstActor="D0N29" name="p90" srcActor="D0N16"/>
            <port dstActor="D0N36" name="p91" srcActor="D0N16"/>
            <port dstActor="D0N39" name="p92" srcActor="D0N16"/>
            <port dstActor="D0N35" name="p93" srcActor="D0N16"/>
            <port dstActor="D0N43" name="p94" srcActor="D0N16"/>
            <port dstActor="D0N33" name="p95" srcActor="D0N18"/>
            <port dstActor="D0N21" name="p96" srcActor="D0N18"/>
            <port dstActor="D0N29" name="p97" srcActor="D0N18"/>
            <port dstActor="D0N32" name="p98" srcActor="D0N18"/>
            <port dstActor="D0N34" name="p99" srcActor="D0N18"/>
            <port dstActor="D0N36" name="p100" srcActor="D0N32"/>
            <port dstActor="D0N35" name="p101" srcActor="D0N32"/>
            <port dstActor="D0N41" name="p102" srcActor="D0N32"/>
        </ports>
    </mcdag>
    <cores number="2"/>
    <levels number="2"/>
</mcsystem>
