<?xml version="1.0" encoding="UTF-8" standalone="no"?>
<mcsystem>
    <mcdag deadline="5000" name="genned-0-ed-10.0-0">
        <actor name="D0N7">
            <wcet number="0">120</wcet>
            <wcet number="1">260</wcet>
            <maxpow number="0.5195089556762775"/>
            <maxpow number="0.5195089556762775"/>
            <fprob>0.0</fprob>
        </actor>
        <actor name="D0N36">
            <wcet number="0">20</wcet>
            <wcet number="1">20</wcet>
            <maxpow number="0.5893966663308555"/>
            <maxpow number="0.5893966663308555"/>
            <fprob>0.0</fprob>
        </actor>
        <actor name="D0N23">
            <wcet number="0">10</wcet>
            <wcet number="1">10</wcet>
            <maxpow number="0.6089807527594882"/>
            <maxpow number="0.6089807527594882"/>
            <fprob>0.0</fprob>
        </actor>
        <actor name="D0N4">
            <wcet number="0">170</wcet>
            <wcet number="1">560</wcet>
            <maxpow number="0.2883693345766232"/>
            <maxpow number="0.2883693345766232"/>
            <fprob>0.0</fprob>
        </actor>
        <actor name="D0N6">
            <wcet number="0">110</wcet>
            <wcet number="1">340</wcet>
            <maxpow number="0.6090187087646821"/>
            <maxpow number="0.6090187087646821"/>
            <fprob>0.0</fprob>
        </actor>
        <actor name="D0N5">
            <wcet number="0">170</wcet>
            <wcet number="1">190</wcet>
            <maxpow number="0.4076812301130228"/>
            <maxpow number="0.4076812301130228"/>
            <fprob>0.0</fprob>
        </actor>
        <actor name="D0N49">
            <wcet number="0">350</wcet>
            <wcet number="1">420</wcet>
            <maxpow number="0.6329720285492625"/>
            <maxpow number="0.6329720285492625"/>
            <fprob>0.0</fprob>
        </actor>
        <actor name="D0N2">
            <wcet number="0">50</wcet>
            <wcet number="1">150</wcet>
            <maxpow number="0.2790248288696682"/>
            <maxpow number="0.2790248288696682"/>
            <fprob>0.0</fprob>
        </actor>
        <actor name="D0N32">
            <wcet number="0">270</wcet>
            <wcet number="1">360</wcet>
            <maxpow number="0.6533748918765345"/>
            <maxpow number="0.6533748918765345"/>
            <fprob>0.0</fprob>
        </actor>
        <actor name="D0N35">
            <wcet number="0">10</wcet>
            <wcet number="1">20</wcet>
            <maxpow number="0.7263012332004174"/>
            <maxpow number="0.7263012332004174"/>
            <fprob>0.0</fprob>
        </actor>
        <actor name="D0N1">
            <wcet number="0">10</wcet>
            <wcet number="1">30</wcet>
            <maxpow number="0.2536295480249609"/>
            <maxpow number="0.2536295480249609"/>
            <fprob>0.0</fprob>
        </actor>
        <actor name="D0N19">
            <wcet number="0">120</wcet>
            <wcet number="1">260</wcet>
            <maxpow number="0.7555947163534416"/>
            <maxpow number="0.7555947163534416"/>
            <fprob>0.0</fprob>
        </actor>
        <actor name="D0N3">
            <wcet number="0">220</wcet>
            <wcet number="1">360</wcet>
            <maxpow number="0.5788937580520759"/>
            <maxpow number="0.5788937580520759"/>
            <fprob>0.0</fprob>
        </actor>
        <actor name="D0N21">
            <wcet number="0">10</wcet>
            <wcet number="1">10</wcet>
            <maxpow number="0.25957636499870895"/>
            <maxpow number="0.25957636499870895"/>
            <fprob>0.0</fprob>
        </actor>
        <actor name="D0N22">
            <wcet number="0">10</wcet>
            <wcet number="1">10</wcet>
            <maxpow number="0.5828489397271583"/>
            <maxpow number="0.5828489397271583"/>
            <fprob>0.0</fprob>
        </actor>
        <actor name="D0N44">
            <wcet number="0">290</wcet>
            <wcet number="1">470</wcet>
            <maxpow number="0.3785631234531519"/>
            <maxpow number="0.3785631234531519"/>
            <fprob>0.0</fprob>
        </actor>
        <actor name="D0N30">
            <wcet number="0">40</wcet>
            <wcet number="1">100</wcet>
            <maxpow number="0.416329344747464"/>
            <maxpow number="0.416329344747464"/>
            <fprob>0.0</fprob>
        </actor>
        <actor name="D0N24">
            <wcet number="0">180</wcet>
            <wcet number="1">320</wcet>
            <maxpow number="0.7407777215450113"/>
            <maxpow number="0.7407777215450113"/>
            <fprob>0.0</fprob>
        </actor>
        <actor name="D0N15">
            <wcet number="0">40</wcet>
            <wcet number="1">60</wcet>
            <maxpow number="0.7743991269822694"/>
            <maxpow number="0.7743991269822694"/>
            <fprob>0.0</fprob>
        </actor>
        <actor name="D0N41">
            <wcet number="0">220</wcet>
            <wcet number="1">220</wcet>
            <maxpow number="0.7234039133451097"/>
            <maxpow number="0.7234039133451097"/>
            <fprob>0.0</fprob>
        </actor>
        <actor name="D0N43">
            <wcet number="0">30</wcet>
            <wcet number="1">60</wcet>
            <maxpow number="0.5932804636972984"/>
            <maxpow number="0.5932804636972984"/>
            <fprob>0.0</fprob>
        </actor>
        <actor name="D0N26">
            <wcet number="0">50</wcet>
            <wcet number="1">50</wcet>
            <maxpow number="0.5096798782474729"/>
            <maxpow number="0.5096798782474729"/>
            <fprob>0.0</fprob>
        </actor>
        <actor name="D0N17">
            <wcet number="0">160</wcet>
            <wcet number="1">300</wcet>
            <maxpow number="0.7900210028428609"/>
            <maxpow number="0.7900210028428609"/>
            <fprob>0.0</fprob>
        </actor>
        <actor name="D0N28">
            <wcet number="0">180</wcet>
            <wcet number="1">350</wcet>
            <maxpow number="0.22611620812064487"/>
            <maxpow number="0.22611620812064487"/>
            <fprob>0.0</fprob>
        </actor>
        <actor name="D0N42">
            <wcet number="0">80</wcet>
            <wcet number="1">130</wcet>
            <maxpow number="0.634744730709362"/>
            <maxpow number="0.634744730709362"/>
            <fprob>0.0</fprob>
        </actor>
        <actor name="D0N37">
            <wcet number="0">340</wcet>
            <wcet number="1">560</wcet>
            <maxpow number="0.6171812139854647"/>
            <maxpow number="0.6171812139854647"/>
            <fprob>0.0</fprob>
        </actor>
        <actor name="D0N38">
            <wcet number="0">140</wcet>
            <wcet number="1">280</wcet>
            <maxpow number="0.45113057039753474"/>
            <maxpow number="0.45113057039753474"/>
            <fprob>0.0</fprob>
        </actor>
        <actor name="D0N39">
            <wcet number="0">20</wcet>
            <wcet number="1">310</wcet>
            <maxpow number="0.2262420949053317"/>
            <maxpow number="0.2262420949053317"/>
            <fprob>0.0</fprob>
        </actor>
        <actor name="D0N18">
            <wcet number="0">10</wcet>
            <wcet number="1">20</wcet>
            <maxpow number="0.5078227674786067"/>
            <maxpow number="0.5078227674786067"/>
            <fprob>0.0</fprob>
        </actor>
        <actor name="D0N47">
            <wcet number="0">300</wcet>
            <wcet number="1">630</wcet>
            <maxpow number="0.4346077828568489"/>
            <maxpow number="0.4346077828568489"/>
            <fprob>0.0</fprob>
        </actor>
        <actor name="D0N12">
            <wcet number="0">20</wcet>
            <wcet number="1">290</wcet>
            <maxpow number="0.2794695543766793"/>
            <maxpow number="0.2794695543766793"/>
            <fprob>0.0</fprob>
        </actor>
        <actor name="D0N34">
            <wcet number="0">30</wcet>
            <wcet number="1">30</wcet>
            <maxpow number="0.40306985745378265"/>
            <maxpow number="0.40306985745378265"/>
            <fprob>0.0</fprob>
        </actor>
        <actor name="D0N0">
            <wcet number="0">180</wcet>
            <wcet number="1">300</wcet>
            <maxpow number="0.3345258569939312"/>
            <maxpow number="0.3345258569939312"/>
            <fprob>0.0</fprob>
        </actor>
        <actor name="D0N25">
            <wcet number="0">30</wcet>
            <wcet number="1">140</wcet>
            <maxpow number="0.6227411908018207"/>
            <maxpow number="0.6227411908018207"/>
            <fprob>0.0</fprob>
        </actor>
        <actor name="D0N16">
            <wcet number="0">20</wcet>
            <wcet number="1">20</wcet>
            <maxpow number="0.4265143083053833"/>
            <maxpow number="0.4265143083053833"/>
            <fprob>0.0</fprob>
        </actor>
        <actor name="D0N27">
            <wcet number="0">60</wcet>
            <wcet number="1">80</wcet>
            <maxpow number="0.6449849209916264"/>
            <maxpow number="0.6449849209916264"/>
            <fprob>0.0</fprob>
        </actor>
        <actor name="D0N48">
            <wcet number="0">110</wcet>
            <wcet number="1">210</wcet>
            <maxpow number="0.7493332554837727"/>
            <maxpow number="0.7493332554837727"/>
            <fprob>0.0</fprob>
        </actor>
        <actor name="D0N13">
            <wcet number="0">70</wcet>
            <wcet number="1">390</wcet>
            <maxpow number="0.7506379065416988"/>
            <maxpow number="0.7506379065416988"/>
            <fprob>0.0</fprob>
        </actor>
        <actor name="D0N20">
            <wcet number="0">20</wcet>
            <wcet number="1">140</wcet>
            <maxpow number="0.4556757023196688"/>
            <maxpow number="0.4556757023196688"/>
            <fprob>0.0</fprob>
        </actor>
        <actor name="D0N10">
            <wcet number="0">160</wcet>
            <wcet number="1">270</wcet>
            <maxpow number="0.6526917594582031"/>
            <maxpow number="0.6526917594582031"/>
            <fprob>0.0</fprob>
        </actor>
        <actor name="D0N14">
            <wcet number="0">570</wcet>
            <wcet number="1">720</wcet>
            <maxpow number="0.5246365367726997"/>
            <maxpow number="0.5246365367726997"/>
            <fprob>0.0</fprob>
        </actor>
        <actor name="D0N11">
            <wcet number="0">120</wcet>
            <wcet number="1">130</wcet>
            <maxpow number="0.749159971688629"/>
            <maxpow number="0.749159971688629"/>
            <fprob>0.0</fprob>
        </actor>
        <actor name="D0N33">
            <wcet number="0">10</wcet>
            <wcet number="1">10</wcet>
            <maxpow number="0.3986592550601029"/>
            <maxpow number="0.3986592550601029"/>
            <fprob>0.0</fprob>
        </actor>
        <actor name="D0N46">
            <wcet number="0">10</wcet>
            <wcet number="1">10</wcet>
            <maxpow number="0.45640306033308053"/>
            <maxpow number="0.45640306033308053"/>
            <fprob>0.0</fprob>
        </actor>
        <actor name="D0N45">
            <wcet number="0">90</wcet>
            <wcet number="1">190</wcet>
            <maxpow number="0.5323975477836987"/>
            <maxpow number="0.5323975477836987"/>
            <fprob>0.0</fprob>
        </actor>
        <actor name="D0N31">
            <wcet number="0">20</wcet>
            <wcet number="1">50</wcet>
            <maxpow number="0.6420806413486615"/>
            <maxpow number="0.6420806413486615"/>
            <fprob>0.0</fprob>
        </actor>
        <actor name="D0N8">
            <wcet number="0">100</wcet>
            <wcet number="1">320</wcet>
            <maxpow number="0.39365168488047664"/>
            <maxpow number="0.39365168488047664"/>
            <fprob>0.0</fprob>
        </actor>
        <actor name="D0N40">
            <wcet number="0">20</wcet>
            <wcet number="1">30</wcet>
            <maxpow number="0.6362424238550686"/>
            <maxpow number="0.6362424238550686"/>
            <fprob>0.0</fprob>
        </actor>
        <actor name="D0N29">
            <wcet number="0">130</wcet>
            <wcet number="1">230</wcet>
            <maxpow number="0.4578282183578316"/>
            <maxpow number="0.4578282183578316"/>
            <fprob>0.0</fprob>
        </actor>
        <actor name="D0N9">
            <wcet number="0">30</wcet>
            <wcet number="1">80</wcet>
            <maxpow number="0.6515799177477748"/>
            <maxpow number="0.6515799177477748"/>
            <fprob>0.0</fprob>
        </actor>
        <ports>
            <port dstActor="D0N11" name="p0" srcActor="D0N7"/>
            <port dstActor="D0N19" name="p1" srcActor="D0N7"/>
            <port dstActor="D0N41" name="p2" srcActor="D0N7"/>
            <port dstActor="D0N47" name="p3" srcActor="D0N23"/>
            <port dstActor="D0N30" name="p4" srcActor="D0N4"/>
            <port dstActor="D0N32" name="p5" srcActor="D0N4"/>
            <port dstActor="D0N22" name="p6" srcActor="D0N4"/>
            <port dstActor="D0N43" name="p7" srcActor="D0N4"/>
            <port dstActor="D0N15" name="p8" srcActor="D0N4"/>
            <port dstActor="D0N23" name="p9" srcActor="D0N6"/>
            <port dstActor="D0N30" name="p10" srcActor="D0N6"/>
            <port dstActor="D0N18" name="p11" srcActor="D0N6"/>
            <port dstActor="D0N45" name="p12" srcActor="D0N6"/>
            <port dstActor="D0N7" name="p13" srcActor="D0N5"/>
            <port dstActor="D0N45" name="p14" srcActor="D0N5"/>
            <port dstActor="D0N16" name="p15" srcActor="D0N5"/>
            <port dstActor="D0N34" name="p16" srcActor="D0N5"/>
            <port dstActor="D0N39" name="p17" srcActor="D0N5"/>
            <port dstActor="D0N43" name="p18" srcActor="D0N5"/>
            <port dstActor="D0N9" name="p19" srcActor="D0N5"/>
            <port dstActor="D0N48" name="p20" srcActor="D0N2"/>
            <port dstActor="D0N31" name="p21" srcActor="D0N2"/>
            <port dstActor="D0N30" name="p22" srcActor="D0N2"/>
            <port dstActor="D0N44" name="p23" srcActor="D0N2"/>
            <port dstActor="D0N19" name="p24" srcActor="D0N2"/>
            <port dstActor="D0N35" name="p25" srcActor="D0N2"/>
            <port dstActor="D0N36" name="p26" srcActor="D0N2"/>
            <port dstActor="D0N8" name="p27" srcActor="D0N2"/>
            <port dstActor="D0N40" name="p28" srcActor="D0N35"/>
            <port dstActor="D0N45" name="p29" srcActor="D0N1"/>
            <port dstActor="D0N47" name="p30" srcActor="D0N1"/>
            <port dstActor="D0N33" name="p31" srcActor="D0N19"/>
            <port dstActor="D0N26" name="p32" srcActor="D0N19"/>
            <port dstActor="D0N24" name="p33" srcActor="D0N3"/>
            <port dstActor="D0N27" name="p34" srcActor="D0N3"/>
            <port dstActor="D0N26" name="p35" srcActor="D0N3"/>
            <port dstActor="D0N36" name="p36" srcActor="D0N3"/>
            <port dstActor="D0N41" name="p37" srcActor="D0N3"/>
            <port dstActor="D0N31" name="p38" srcActor="D0N21"/>
            <port dstActor="D0N34" name="p39" srcActor="D0N21"/>
            <port dstActor="D0N43" name="p40" srcActor="D0N22"/>
            <port dstActor="D0N33" name="p41" srcActor="D0N22"/>
            <port dstActor="D0N44" name="p42" srcActor="D0N22"/>
            <port dstActor="D0N28" name="p43" srcActor="D0N22"/>
            <port dstActor="D0N49" name="p44" srcActor="D0N22"/>
            <port dstActor="D0N38" name="p45" srcActor="D0N30"/>
            <port dstActor="D0N44" name="p46" srcActor="D0N30"/>
            <port dstActor="D0N42" name="p47" srcActor="D0N24"/>
            <port dstActor="D0N39" name="p48" srcActor="D0N15"/>
            <port dstActor="D0N37" name="p49" srcActor="D0N26"/>
            <port dstActor="D0N43" name="p50" srcActor="D0N26"/>
            <port dstActor="D0N33" name="p51" srcActor="D0N26"/>
            <port dstActor="D0N47" name="p52" srcActor="D0N26"/>
            <port dstActor="D0N33" name="p53" srcActor="D0N17"/>
            <port dstActor="D0N20" name="p54" srcActor="D0N17"/>
            <port dstActor="D0N45" name="p55" srcActor="D0N42"/>
            <port dstActor="D0N38" name="p56" srcActor="D0N37"/>
            <port dstActor="D0N43" name="p57" srcActor="D0N38"/>
            <port dstActor="D0N26" name="p58" srcActor="D0N18"/>
            <port dstActor="D0N34" name="p59" srcActor="D0N18"/>
            <port dstActor="D0N45" name="p60" srcActor="D0N12"/>
            <port dstActor="D0N27" name="p61" srcActor="D0N12"/>
            <port dstActor="D0N21" name="p62" srcActor="D0N0"/>
            <port dstActor="D0N28" name="p63" srcActor="D0N0"/>
            <port dstActor="D0N35" name="p64" srcActor="D0N0"/>
            <port dstActor="D0N27" name="p65" srcActor="D0N0"/>
            <port dstActor="D0N29" name="p66" srcActor="D0N25"/>
            <port dstActor="D0N41" name="p67" srcActor="D0N25"/>
            <port dstActor="D0N40" name="p68" srcActor="D0N25"/>
            <port dstActor="D0N35" name="p69" srcActor="D0N25"/>
            <port dstActor="D0N47" name="p70" srcActor="D0N25"/>
            <port dstActor="D0N48" name="p71" srcActor="D0N25"/>
            <port dstActor="D0N36" name="p72" srcActor="D0N16"/>
            <port dstActor="D0N37" name="p73" srcActor="D0N27"/>
            <port dstActor="D0N39" name="p74" srcActor="D0N27"/>
            <port dstActor="D0N45" name="p75" srcActor="D0N13"/>
            <port dstActor="D0N26" name="p76" srcActor="D0N13"/>
            <port dstActor="D0N19" name="p77" srcActor="D0N13"/>
            <port dstActor="D0N43" name="p78" srcActor="D0N13"/>
            <port dstActor="D0N40" name="p79" srcActor="D0N20"/>
            <port dstActor="D0N41" name="p80" srcActor="D0N20"/>
            <port dstActor="D0N23" name="p81" srcActor="D0N10"/>
            <port dstActor="D0N28" name="p82" srcActor="D0N10"/>
            <port dstActor="D0N29" name="p83" srcActor="D0N10"/>
            <port dstActor="D0N48" name="p84" srcActor="D0N14"/>
            <port dstActor="D0N33" name="p85" srcActor="D0N14"/>
            <port dstActor="D0N43" name="p86" srcActor="D0N14"/>
            <port dstActor="D0N32" name="p87" srcActor="D0N11"/>
            <port dstActor="D0N30" name="p88" srcActor="D0N11"/>
            <port dstActor="D0N25" name="p89" srcActor="D0N11"/>
            <port dstActor="D0N46" name="p90" srcActor="D0N33"/>
            <port dstActor="D0N47" name="p91" srcActor="D0N33"/>
            <port dstActor="D0N44" name="p92" srcActor="D0N31"/>
            <port dstActor="D0N29" name="p93" srcActor="D0N8"/>
            <port dstActor="D0N47" name="p94" srcActor="D0N8"/>
            <port dstActor="D0N41" name="p95" srcActor="D0N29"/>
            <port dstActor="D0N26" name="p96" srcActor="D0N9"/>
            <port dstActor="D0N32" name="p97" srcActor="D0N9"/>
            <port dstActor="D0N29" name="p98" srcActor="D0N9"/>
            <port dstActor="D0N35" name="p99" srcActor="D0N9"/>
        </ports>
    </mcdag>
    <cores number="3"/>
    <levels number="2"/>
</mcsystem>
