<?xml version="1.0" encoding="UTF-8" standalone="no"?>
<mcsystem>
    <mcdag deadline="2500" name="genned-0-ed-10.0-0">
        <actor name="D0N22">
            <wcet number="0">90</wcet>
            <wcet number="1">200</wcet>
            <maxpow number="0.9553824139026958"/>
            <maxpow number="0.9553824139026958"/>
            <fprob>0.0</fprob>
        </actor>
        <actor name="D0N47">
            <wcet number="0">10</wcet>
            <wcet number="1">10</wcet>
            <maxpow number="0.45441346245332004"/>
            <maxpow number="0.45441346245332004"/>
            <fprob>0.0</fprob>
        </actor>
        <actor name="D0N5">
            <wcet number="0">60</wcet>
            <wcet number="1">60</wcet>
            <maxpow number="0.4030317447438931"/>
            <maxpow number="0.4030317447438931"/>
            <fprob>0.0</fprob>
        </actor>
        <actor name="D0N38">
            <wcet number="0">10</wcet>
            <wcet number="1">100</wcet>
            <maxpow number="0.49085360481936463"/>
            <maxpow number="0.49085360481936463"/>
            <fprob>0.0</fprob>
        </actor>
        <actor name="D0N2">
            <wcet number="0">160</wcet>
            <wcet number="1">210</wcet>
            <maxpow number="0.28570848169685403"/>
            <maxpow number="0.28570848169685403"/>
            <fprob>0.0</fprob>
        </actor>
        <actor name="D0N18">
            <wcet number="0">50</wcet>
            <wcet number="1">60</wcet>
            <maxpow number="0.41288016849651843"/>
            <maxpow number="0.41288016849651843"/>
            <fprob>0.0</fprob>
        </actor>
        <actor name="D0N30">
            <wcet number="0">90</wcet>
            <wcet number="1">310</wcet>
            <maxpow number="0.8332930192652823"/>
            <maxpow number="0.8332930192652823"/>
            <fprob>0.0</fprob>
        </actor>
        <actor name="D0N39">
            <wcet number="0">60</wcet>
            <wcet number="1">140</wcet>
            <maxpow number="0.37722624862224463"/>
            <maxpow number="0.37722624862224463"/>
            <fprob>0.0</fprob>
        </actor>
        <actor name="D0N16">
            <wcet number="0">10</wcet>
            <wcet number="1">10</wcet>
            <maxpow number="0.49953415886472197"/>
            <maxpow number="0.49953415886472197"/>
            <fprob>0.0</fprob>
        </actor>
        <actor name="D0N43">
            <wcet number="0">120</wcet>
            <wcet number="1">140</wcet>
            <maxpow number="0.5162708384368018"/>
            <maxpow number="0.5162708384368018"/>
            <fprob>0.0</fprob>
        </actor>
        <actor name="D0N6">
            <wcet number="0">180</wcet>
            <wcet number="1">180</wcet>
            <maxpow number="0.3840150587539958"/>
            <maxpow number="0.3840150587539958"/>
            <fprob>0.0</fprob>
        </actor>
        <actor name="D0N26">
            <wcet number="0">30</wcet>
            <wcet number="1">50</wcet>
            <maxpow number="0.8799207908225368"/>
            <maxpow number="0.8799207908225368"/>
            <fprob>0.0</fprob>
        </actor>
        <actor name="D0N21">
            <wcet number="0">10</wcet>
            <wcet number="1">10</wcet>
            <maxpow number="0.6321150285769931"/>
            <maxpow number="0.6321150285769931"/>
            <fprob>0.0</fprob>
        </actor>
        <actor name="D0N4">
            <wcet number="0">150</wcet>
            <wcet number="1">360</wcet>
            <maxpow number="0.9510547911577778"/>
            <maxpow number="0.9510547911577778"/>
            <fprob>0.0</fprob>
        </actor>
        <actor name="D0N31">
            <wcet number="0">20</wcet>
            <wcet number="1">20</wcet>
            <maxpow number="0.5999126741992337"/>
            <maxpow number="0.5999126741992337"/>
            <fprob>0.0</fprob>
        </actor>
        <actor name="D0N10">
            <wcet number="0">10</wcet>
            <wcet number="1">10</wcet>
            <maxpow number="0.5350539739430513"/>
            <maxpow number="0.5350539739430513"/>
            <fprob>0.0</fprob>
        </actor>
        <actor name="D0N3">
            <wcet number="0">40</wcet>
            <wcet number="1">260</wcet>
            <maxpow number="0.44420552695997756"/>
            <maxpow number="0.44420552695997756"/>
            <fprob>0.0</fprob>
        </actor>
        <actor name="D0N28">
            <wcet number="0">40</wcet>
            <wcet number="1">140</wcet>
            <maxpow number="0.4570309570417781"/>
            <maxpow number="0.4570309570417781"/>
            <fprob>0.0</fprob>
        </actor>
        <actor name="D0N1">
            <wcet number="0">10</wcet>
            <wcet number="1">110</wcet>
            <maxpow number="0.46618068310325633"/>
            <maxpow number="0.46618068310325633"/>
            <fprob>0.0</fprob>
        </actor>
        <actor name="D0N33">
            <wcet number="0">40</wcet>
            <wcet number="1">140</wcet>
            <maxpow number="0.5019132616398355"/>
            <maxpow number="0.5019132616398355"/>
            <fprob>0.0</fprob>
        </actor>
        <actor name="D0N24">
            <wcet number="0">60</wcet>
            <wcet number="1">210</wcet>
            <maxpow number="0.39794692717858154"/>
            <maxpow number="0.39794692717858154"/>
            <fprob>0.0</fprob>
        </actor>
        <actor name="D0N20">
            <wcet number="0">90</wcet>
            <wcet number="1">140</wcet>
            <maxpow number="0.7564628106214579"/>
            <maxpow number="0.7564628106214579"/>
            <fprob>0.0</fprob>
        </actor>
        <actor name="D0N9">
            <wcet number="0">10</wcet>
            <wcet number="1">10</wcet>
            <maxpow number="0.5652585625989764"/>
            <maxpow number="0.5652585625989764"/>
            <fprob>0.0</fprob>
        </actor>
        <actor name="D0N37">
            <wcet number="0">120</wcet>
            <wcet number="1">130</wcet>
            <maxpow number="0.5203180343450656"/>
            <maxpow number="0.5203180343450656"/>
            <fprob>0.0</fprob>
        </actor>
        <actor name="D0N12">
            <wcet number="0">10</wcet>
            <wcet number="1">40</wcet>
            <maxpow number="0.2957327537146789"/>
            <maxpow number="0.2957327537146789"/>
            <fprob>0.0</fprob>
        </actor>
        <actor name="D0N8">
            <wcet number="0">40</wcet>
            <wcet number="1">50</wcet>
            <maxpow number="0.34846925021019015"/>
            <maxpow number="0.34846925021019015"/>
            <fprob>0.0</fprob>
        </actor>
        <actor name="D0N34">
            <wcet number="0">120</wcet>
            <wcet number="1">120</wcet>
            <maxpow number="0.3442088499561192"/>
            <maxpow number="0.3442088499561192"/>
            <fprob>0.0</fprob>
        </actor>
        <actor name="D0N14">
            <wcet number="0">60</wcet>
            <wcet number="1">100</wcet>
            <maxpow number="0.44988463204285795"/>
            <maxpow number="0.44988463204285795"/>
            <fprob>0.0</fprob>
        </actor>
        <actor name="D0N0">
            <wcet number="0">70</wcet>
            <wcet number="1">120</wcet>
            <maxpow number="0.6825761335290816"/>
            <maxpow number="0.6825761335290816"/>
            <fprob>0.0</fprob>
        </actor>
        <actor name="D0N27">
            <wcet number="0">20</wcet>
            <wcet number="1">50</wcet>
            <maxpow number="0.7295536262013598"/>
            <maxpow number="0.7295536262013598"/>
            <fprob>0.0</fprob>
        </actor>
        <actor name="D0N25">
            <wcet number="0">20</wcet>
            <wcet number="1">20</wcet>
            <maxpow number="0.5605543678616107"/>
            <maxpow number="0.5605543678616107"/>
            <fprob>0.0</fprob>
        </actor>
        <actor name="D0N48">
            <wcet number="0">30</wcet>
            <wcet number="1">100</wcet>
            <maxpow number="0.7257539119240348"/>
            <maxpow number="0.7257539119240348"/>
            <fprob>0.0</fprob>
        </actor>
        <actor name="D0N41">
            <wcet number="0">160</wcet>
            <wcet number="1">260</wcet>
            <maxpow number="0.3865647604685293"/>
            <maxpow number="0.3865647604685293"/>
            <fprob>0.0</fprob>
        </actor>
        <actor name="D0N19">
            <wcet number="0">90</wcet>
            <wcet number="1">90</wcet>
            <maxpow number="0.4915018012174396"/>
            <maxpow number="0.4915018012174396"/>
            <fprob>0.0</fprob>
        </actor>
        <actor name="D0N11">
            <wcet number="0">220</wcet>
            <wcet number="1">240</wcet>
            <maxpow number="0.5085011750549492"/>
            <maxpow number="0.5085011750549492"/>
            <fprob>0.0</fprob>
        </actor>
        <actor name="D0N44">
            <wcet number="0">180</wcet>
            <wcet number="1">180</wcet>
            <maxpow number="0.5922459185501221"/>
            <maxpow number="0.5922459185501221"/>
            <fprob>0.0</fprob>
        </actor>
        <actor name="D0N15">
            <wcet number="0">20</wcet>
            <wcet number="1">70</wcet>
            <maxpow number="0.47720878519064985"/>
            <maxpow number="0.47720878519064985"/>
            <fprob>0.0</fprob>
        </actor>
        <actor name="D0N45">
            <wcet number="0">20</wcet>
            <wcet number="1">50</wcet>
            <maxpow number="0.5489734252048367"/>
            <maxpow number="0.5489734252048367"/>
            <fprob>0.0</fprob>
        </actor>
        <actor name="D0N32">
            <wcet number="0">50</wcet>
            <wcet number="1">60</wcet>
            <maxpow number="0.660846503565835"/>
            <maxpow number="0.660846503565835"/>
            <fprob>0.0</fprob>
        </actor>
        <actor name="D0N42">
            <wcet number="0">40</wcet>
            <wcet number="1">70</wcet>
            <maxpow number="0.6792253668635011"/>
            <maxpow number="0.6792253668635011"/>
            <fprob>0.0</fprob>
        </actor>
        <actor name="D0N35">
            <wcet number="0">480</wcet>
            <wcet number="1">580</wcet>
            <maxpow number="0.6083508214884243"/>
            <maxpow number="0.6083508214884243"/>
            <fprob>0.0</fprob>
        </actor>
        <actor name="D0N46">
            <wcet number="0">10</wcet>
            <wcet number="1">30</wcet>
            <maxpow number="0.39390077530795775"/>
            <maxpow number="0.39390077530795775"/>
            <fprob>0.0</fprob>
        </actor>
        <actor name="D0N40">
            <wcet number="0">10</wcet>
            <wcet number="1">200</wcet>
            <maxpow number="0.5633585524659661"/>
            <maxpow number="0.5633585524659661"/>
            <fprob>0.0</fprob>
        </actor>
        <actor name="D0N29">
            <wcet number="0">10</wcet>
            <wcet number="1">110</wcet>
            <maxpow number="0.4433709806975037"/>
            <maxpow number="0.4433709806975037"/>
            <fprob>0.0</fprob>
        </actor>
        <actor name="D0N23">
            <wcet number="0">280</wcet>
            <wcet number="1">510</wcet>
            <maxpow number="0.615252779712526"/>
            <maxpow number="0.615252779712526"/>
            <fprob>0.0</fprob>
        </actor>
        <actor name="D0N17">
            <wcet number="0">40</wcet>
            <wcet number="1">40</wcet>
            <maxpow number="0.46695267572217314"/>
            <maxpow number="0.46695267572217314"/>
            <fprob>0.0</fprob>
        </actor>
        <actor name="D0N7">
            <wcet number="0">40</wcet>
            <wcet number="1">50</wcet>
            <maxpow number="0.7745458857500576"/>
            <maxpow number="0.7745458857500576"/>
            <fprob>0.0</fprob>
        </actor>
        <actor name="D0N36">
            <wcet number="0">10</wcet>
            <wcet number="1">50</wcet>
            <maxpow number="0.6873261438190743"/>
            <maxpow number="0.6873261438190743"/>
            <fprob>0.0</fprob>
        </actor>
        <actor name="D0N13">
            <wcet number="0">40</wcet>
            <wcet number="1">50</wcet>
            <maxpow number="0.5309299968593642"/>
            <maxpow number="0.5309299968593642"/>
            <fprob>0.0</fprob>
        </actor>
        <ports>
            <port dstActor="D0N43" name="p0" srcActor="D0N22"/>
            <port dstActor="D0N32" name="p1" srcActor="D0N22"/>
            <port dstActor="D0N25" name="p2" srcActor="D0N5"/>
            <port dstActor="D0N7" name="p3" srcActor="D0N5"/>
            <port dstActor="D0N48" name="p4" srcActor="D0N38"/>
            <port dstActor="D0N45" name="p5" srcActor="D0N38"/>
            <port dstActor="D0N43" name="p6" srcActor="D0N38"/>
            <port dstActor="D0N26" name="p7" srcActor="D0N2"/>
            <port dstActor="D0N45" name="p8" srcActor="D0N2"/>
            <port dstActor="D0N44" name="p9" srcActor="D0N2"/>
            <port dstActor="D0N16" name="p10" srcActor="D0N2"/>
            <port dstActor="D0N38" name="p11" srcActor="D0N18"/>
            <port dstActor="D0N34" name="p12" srcActor="D0N18"/>
            <port dstActor="D0N36" name="p13" srcActor="D0N18"/>
            <port dstActor="D0N37" name="p14" srcActor="D0N30"/>
            <port dstActor="D0N45" name="p15" srcActor="D0N39"/>
            <port dstActor="D0N40" name="p16" srcActor="D0N39"/>
            <port dstActor="D0N23" name="p17" srcActor="D0N16"/>
            <port dstActor="D0N25" name="p18" srcActor="D0N16"/>
            <port dstActor="D0N42" name="p19" srcActor="D0N16"/>
            <port dstActor="D0N31" name="p20" srcActor="D0N16"/>
            <port dstActor="D0N27" name="p21" srcActor="D0N16"/>
            <port dstActor="D0N47" name="p22" srcActor="D0N43"/>
            <port dstActor="D0N23" name="p23" srcActor="D0N6"/>
            <port dstActor="D0N26" name="p24" srcActor="D0N6"/>
            <port dstActor="D0N30" name="p25" srcActor="D0N6"/>
            <port dstActor="D0N16" name="p26" srcActor="D0N6"/>
            <port dstActor="D0N21" name="p27" srcActor="D0N6"/>
            <port dstActor="D0N37" name="p28" srcActor="D0N26"/>
            <port dstActor="D0N45" name="p29" srcActor="D0N26"/>
            <port dstActor="D0N30" name="p30" srcActor="D0N21"/>
            <port dstActor="D0N44" name="p31" srcActor="D0N21"/>
            <port dstActor="D0N33" name="p32" srcActor="D0N21"/>
            <port dstActor="D0N40" name="p33" srcActor="D0N21"/>
            <port dstActor="D0N34" name="p34" srcActor="D0N21"/>
            <port dstActor="D0N42" name="p35" srcActor="D0N21"/>
            <port dstActor="D0N45" name="p36" srcActor="D0N21"/>
            <port dstActor="D0N19" name="p37" srcActor="D0N4"/>
            <port dstActor="D0N9" name="p38" srcActor="D0N4"/>
            <port dstActor="D0N47" name="p39" srcActor="D0N4"/>
            <port dstActor="D0N34" name="p40" srcActor="D0N31"/>
            <port dstActor="D0N43" name="p41" srcActor="D0N10"/>
            <port dstActor="D0N40" name="p42" srcActor="D0N10"/>
            <port dstActor="D0N16" name="p43" srcActor="D0N3"/>
            <port dstActor="D0N41" name="p44" srcActor="D0N3"/>
            <port dstActor="D0N15" name="p45" srcActor="D0N3"/>
            <port dstActor="D0N43" name="p46" srcActor="D0N3"/>
            <port dstActor="D0N43" name="p47" srcActor="D0N28"/>
            <port dstActor="D0N30" name="p48" srcActor="D0N28"/>
            <port dstActor="D0N14" name="p49" srcActor="D0N1"/>
            <port dstActor="D0N17" name="p50" srcActor="D0N1"/>
            <port dstActor="D0N7" name="p51" srcActor="D0N1"/>
            <port dstActor="D0N13" name="p52" srcActor="D0N1"/>
            <port dstActor="D0N42" name="p53" srcActor="D0N1"/>
            <port dstActor="D0N37" name="p54" srcActor="D0N33"/>
            <port dstActor="D0N25" name="p55" srcActor="D0N24"/>
            <port dstActor="D0N47" name="p56" srcActor="D0N24"/>
            <port dstActor="D0N43" name="p57" srcActor="D0N24"/>
            <port dstActor="D0N42" name="p58" srcActor="D0N24"/>
            <port dstActor="D0N36" name="p59" srcActor="D0N20"/>
            <port dstActor="D0N41" name="p60" srcActor="D0N20"/>
            <port dstActor="D0N25" name="p61" srcActor="D0N20"/>
            <port dstActor="D0N10" name="p62" srcActor="D0N9"/>
            <port dstActor="D0N15" name="p63" srcActor="D0N9"/>
            <port dstActor="D0N20" name="p64" srcActor="D0N9"/>
            <port dstActor="D0N23" name="p65" srcActor="D0N9"/>
            <port dstActor="D0N41" name="p66" srcActor="D0N9"/>
            <port dstActor="D0N19" name="p67" srcActor="D0N12"/>
            <port dstActor="D0N35" name="p68" srcActor="D0N12"/>
            <port dstActor="D0N39" name="p69" srcActor="D0N34"/>
            <port dstActor="D0N36" name="p70" srcActor="D0N34"/>
            <port dstActor="D0N24" name="p71" srcActor="D0N14"/>
            <port dstActor="D0N46" name="p72" srcActor="D0N14"/>
            <port dstActor="D0N20" name="p73" srcActor="D0N14"/>
            <port dstActor="D0N47" name="p74" srcActor="D0N14"/>
            <port dstActor="D0N35" name="p75" srcActor="D0N0"/>
            <port dstActor="D0N20" name="p76" srcActor="D0N0"/>
            <port dstActor="D0N38" name="p77" srcActor="D0N27"/>
            <port dstActor="D0N35" name="p78" srcActor="D0N27"/>
            <port dstActor="D0N32" name="p79" srcActor="D0N27"/>
            <port dstActor="D0N44" name="p80" srcActor="D0N25"/>
            <port dstActor="D0N26" name="p81" srcActor="D0N25"/>
            <port dstActor="D0N35" name="p82" srcActor="D0N25"/>
            <port dstActor="D0N44" name="p83" srcActor="D0N19"/>
            <port dstActor="D0N33" name="p84" srcActor="D0N19"/>
            <port dstActor="D0N20" name="p85" srcActor="D0N19"/>
            <port dstActor="D0N22" name="p86" srcActor="D0N19"/>
            <port dstActor="D0N34" name="p87" srcActor="D0N19"/>
            <port dstActor="D0N48" name="p88" srcActor="D0N19"/>
            <port dstActor="D0N48" name="p89" srcActor="D0N11"/>
            <port dstActor="D0N14" name="p90" srcActor="D0N11"/>
            <port dstActor="D0N34" name="p91" srcActor="D0N11"/>
            <port dstActor="D0N36" name="p92" srcActor="D0N11"/>
            <port dstActor="D0N38" name="p93" srcActor="D0N15"/>
            <port dstActor="D0N28" name="p94" srcActor="D0N15"/>
            <port dstActor="D0N42" name="p95" srcActor="D0N32"/>
            <port dstActor="D0N44" name="p96" srcActor="D0N32"/>
            <port dstActor="D0N47" name="p97" srcActor="D0N35"/>
            <port dstActor="D0N42" name="p98" srcActor="D0N35"/>
            <port dstActor="D0N48" name="p99" srcActor="D0N35"/>
            <port dstActor="D0N36" name="p100" srcActor="D0N23"/>
            <port dstActor="D0N28" name="p101" srcActor="D0N23"/>
            <port dstActor="D0N30" name="p102" srcActor="D0N17"/>
            <port dstActor="D0N36" name="p103" srcActor="D0N17"/>
            <port dstActor="D0N38" name="p104" srcActor="D0N17"/>
            <port dstActor="D0N40" name="p105" srcActor="D0N17"/>
            <port dstActor="D0N42" name="p106" srcActor="D0N17"/>
            <port dstActor="D0N31" name="p107" srcActor="D0N7"/>
            <port dstActor="D0N32" name="p108" srcActor="D0N7"/>
            <port dstActor="D0N9" name="p109" srcActor="D0N7"/>
            <port dstActor="D0N41" name="p110" srcActor="D0N7"/>
            <port dstActor="D0N45" name="p111" srcActor="D0N36"/>
            <port dstActor="D0N20" name="p112" srcActor="D0N13"/>
            <port dstActor="D0N25" name="p113" srcActor="D0N13"/>
            <port dstActor="D0N42" name="p114" srcActor="D0N13"/>
            <port dstActor="D0N33" name="p115" srcActor="D0N13"/>
            <port dstActor="D0N48" name="p116" srcActor="D0N13"/>
        </ports>
    </mcdag>
    <cores number="3"/>
    <levels number="2"/>
</mcsystem>
