<?xml version="1.0" encoding="UTF-8" standalone="no"?>
<mcsystem>
    <mcdag deadline="1500" name="genned-0-ed-10.0-0">
        <actor name="D0N30">
            <wcet number="0">130</wcet>
            <wcet number="1">190</wcet>
            <maxpow number="0.6845368441987871"/>
            <maxpow number="0.6845368441987871"/>
            <fprob>0.0</fprob>
        </actor>
        <actor name="D0N41">
            <wcet number="0">10</wcet>
            <wcet number="1">10</wcet>
            <maxpow number="0.6846259601443808"/>
            <maxpow number="0.6846259601443808"/>
            <fprob>0.0</fprob>
        </actor>
        <actor name="D0N34">
            <wcet number="0">60</wcet>
            <wcet number="1">90</wcet>
            <maxpow number="0.4992904437541058"/>
            <maxpow number="0.4992904437541058"/>
            <fprob>0.0</fprob>
        </actor>
        <actor name="D0N38">
            <wcet number="0">40</wcet>
            <wcet number="1">80</wcet>
            <maxpow number="0.35393391500801474"/>
            <maxpow number="0.35393391500801474"/>
            <fprob>0.0</fprob>
        </actor>
        <actor name="D0N23">
            <wcet number="0">30</wcet>
            <wcet number="1">90</wcet>
            <maxpow number="0.23357662596337547"/>
            <maxpow number="0.23357662596337547"/>
            <fprob>0.0</fprob>
        </actor>
        <actor name="D0N35">
            <wcet number="0">50</wcet>
            <wcet number="1">50</wcet>
            <maxpow number="0.8644068006116528"/>
            <maxpow number="0.8644068006116528"/>
            <fprob>0.0</fprob>
        </actor>
        <actor name="D0N6">
            <wcet number="0">50</wcet>
            <wcet number="1">60</wcet>
            <maxpow number="0.5002733649273841"/>
            <maxpow number="0.5002733649273841"/>
            <fprob>0.0</fprob>
        </actor>
        <actor name="D0N18">
            <wcet number="0">10</wcet>
            <wcet number="1">50</wcet>
            <maxpow number="0.5100872246604257"/>
            <maxpow number="0.5100872246604257"/>
            <fprob>0.0</fprob>
        </actor>
        <actor name="D0N31">
            <wcet number="0">50</wcet>
            <wcet number="1">50</wcet>
            <maxpow number="0.6255269117248354"/>
            <maxpow number="0.6255269117248354"/>
            <fprob>0.0</fprob>
        </actor>
        <actor name="D0N7">
            <wcet number="0">60</wcet>
            <wcet number="1">60</wcet>
            <maxpow number="0.4864638077052497"/>
            <maxpow number="0.4864638077052497"/>
            <fprob>0.0</fprob>
        </actor>
        <actor name="D0N24">
            <wcet number="0">100</wcet>
            <wcet number="1">180</wcet>
            <maxpow number="0.6205964793826676"/>
            <maxpow number="0.6205964793826676"/>
            <fprob>0.0</fprob>
        </actor>
        <actor name="D0N10">
            <wcet number="0">20</wcet>
            <wcet number="1">40</wcet>
            <maxpow number="0.23913107723679616"/>
            <maxpow number="0.23913107723679616"/>
            <fprob>0.0</fprob>
        </actor>
        <actor name="D0N39">
            <wcet number="0">30</wcet>
            <wcet number="1">50</wcet>
            <maxpow number="0.4641941152975605"/>
            <maxpow number="0.4641941152975605"/>
            <fprob>0.0</fprob>
        </actor>
        <actor name="D0N25">
            <wcet number="0">20</wcet>
            <wcet number="1">20</wcet>
            <maxpow number="0.9183633789658407"/>
            <maxpow number="0.9183633789658407"/>
            <fprob>0.0</fprob>
        </actor>
        <actor name="D0N2">
            <wcet number="0">140</wcet>
            <wcet number="1">170</wcet>
            <maxpow number="0.5236709557809179"/>
            <maxpow number="0.5236709557809179"/>
            <fprob>0.0</fprob>
        </actor>
        <actor name="D0N40">
            <wcet number="0">10</wcet>
            <wcet number="1">10</wcet>
            <maxpow number="0.7480763895237884"/>
            <maxpow number="0.7480763895237884"/>
            <fprob>0.0</fprob>
        </actor>
        <actor name="D0N36">
            <wcet number="0">10</wcet>
            <wcet number="1">90</wcet>
            <maxpow number="0.6113852262739614"/>
            <maxpow number="0.6113852262739614"/>
            <fprob>0.0</fprob>
        </actor>
        <actor name="D0N0">
            <wcet number="0">40</wcet>
            <wcet number="1">40</wcet>
            <maxpow number="0.6102936172348999"/>
            <maxpow number="0.6102936172348999"/>
            <fprob>0.0</fprob>
        </actor>
        <actor name="D0N20">
            <wcet number="0">190</wcet>
            <wcet number="1">210</wcet>
            <maxpow number="0.5079008071319651"/>
            <maxpow number="0.5079008071319651"/>
            <fprob>0.0</fprob>
        </actor>
        <actor name="D0N8">
            <wcet number="0">50</wcet>
            <wcet number="1">70</wcet>
            <maxpow number="0.24937362590930978"/>
            <maxpow number="0.24937362590930978"/>
            <fprob>0.0</fprob>
        </actor>
        <actor name="D0N22">
            <wcet number="0">30</wcet>
            <wcet number="1">60</wcet>
            <maxpow number="0.5312924043984469"/>
            <maxpow number="0.5312924043984469"/>
            <fprob>0.0</fprob>
        </actor>
        <actor name="D0N14">
            <wcet number="0">90</wcet>
            <wcet number="1">100</wcet>
            <maxpow number="0.5299472222697948"/>
            <maxpow number="0.5299472222697948"/>
            <fprob>0.0</fprob>
        </actor>
        <actor name="D0N12">
            <wcet number="0">40</wcet>
            <wcet number="1">50</wcet>
            <maxpow number="0.5865882799462415"/>
            <maxpow number="0.5865882799462415"/>
            <fprob>0.0</fprob>
        </actor>
        <actor name="D0N19">
            <wcet number="0">70</wcet>
            <wcet number="1">90</wcet>
            <maxpow number="0.5668510645355491"/>
            <maxpow number="0.5668510645355491"/>
            <fprob>0.0</fprob>
        </actor>
        <actor name="D0N5">
            <wcet number="0">30</wcet>
            <wcet number="1">40</wcet>
            <maxpow number="0.6353294545479152"/>
            <maxpow number="0.6353294545479152"/>
            <fprob>0.0</fprob>
        </actor>
        <actor name="D0N16">
            <wcet number="0">10</wcet>
            <wcet number="1">110</wcet>
            <maxpow number="0.4698923596141501"/>
            <maxpow number="0.4698923596141501"/>
            <fprob>0.0</fprob>
        </actor>
        <actor name="D0N32">
            <wcet number="0">30</wcet>
            <wcet number="1">90</wcet>
            <maxpow number="0.4663125793511588"/>
            <maxpow number="0.4663125793511588"/>
            <fprob>0.0</fprob>
        </actor>
        <actor name="D0N4">
            <wcet number="0">10</wcet>
            <wcet number="1">60</wcet>
            <maxpow number="0.6960545337431161"/>
            <maxpow number="0.6960545337431161"/>
            <fprob>0.0</fprob>
        </actor>
        <actor name="D0N9">
            <wcet number="0">10</wcet>
            <wcet number="1">10</wcet>
            <maxpow number="0.49056595115875273"/>
            <maxpow number="0.49056595115875273"/>
            <fprob>0.0</fprob>
        </actor>
        <actor name="D0N21">
            <wcet number="0">30</wcet>
            <wcet number="1">70</wcet>
            <maxpow number="0.5660259483516817"/>
            <maxpow number="0.5660259483516817"/>
            <fprob>0.0</fprob>
        </actor>
        <actor name="D0N37">
            <wcet number="0">10</wcet>
            <wcet number="1">90</wcet>
            <maxpow number="0.4338601279524002"/>
            <maxpow number="0.4338601279524002"/>
            <fprob>0.0</fprob>
        </actor>
        <actor name="D0N27">
            <wcet number="0">10</wcet>
            <wcet number="1">10</wcet>
            <maxpow number="0.24357614615166018"/>
            <maxpow number="0.24357614615166018"/>
            <fprob>0.0</fprob>
        </actor>
        <actor name="D0N26">
            <wcet number="0">60</wcet>
            <wcet number="1">70</wcet>
            <maxpow number="0.527901823563005"/>
            <maxpow number="0.527901823563005"/>
            <fprob>0.0</fprob>
        </actor>
        <actor name="D0N33">
            <wcet number="0">10</wcet>
            <wcet number="1">20</wcet>
            <maxpow number="0.4138818087538637"/>
            <maxpow number="0.4138818087538637"/>
            <fprob>0.0</fprob>
        </actor>
        <actor name="D0N11">
            <wcet number="0">10</wcet>
            <wcet number="1">60</wcet>
            <maxpow number="0.7750552427012956"/>
            <maxpow number="0.7750552427012956"/>
            <fprob>0.0</fprob>
        </actor>
        <actor name="D0N17">
            <wcet number="0">10</wcet>
            <wcet number="1">20</wcet>
            <maxpow number="0.6881800681941316"/>
            <maxpow number="0.6881800681941316"/>
            <fprob>0.0</fprob>
        </actor>
        <actor name="D0N42">
            <wcet number="0">40</wcet>
            <wcet number="1">60</wcet>
            <maxpow number="0.725661999187396"/>
            <maxpow number="0.725661999187396"/>
            <fprob>0.0</fprob>
        </actor>
        <actor name="D0N1">
            <wcet number="0">20</wcet>
            <wcet number="1">110</wcet>
            <maxpow number="0.9853984701967297"/>
            <maxpow number="0.9853984701967297"/>
            <fprob>0.0</fprob>
        </actor>
        <actor name="D0N28">
            <wcet number="0">120</wcet>
            <wcet number="1">120</wcet>
            <maxpow number="0.5779231473490122"/>
            <maxpow number="0.5779231473490122"/>
            <fprob>0.0</fprob>
        </actor>
        <actor name="D0N3">
            <wcet number="0">10</wcet>
            <wcet number="1">30</wcet>
            <maxpow number="0.8818810302678746"/>
            <maxpow number="0.8818810302678746"/>
            <fprob>0.0</fprob>
        </actor>
        <actor name="D0N15">
            <wcet number="0">10</wcet>
            <wcet number="1">10</wcet>
            <maxpow number="0.5196284785849863"/>
            <maxpow number="0.5196284785849863"/>
            <fprob>0.0</fprob>
        </actor>
        <actor name="D0N29">
            <wcet number="0">10</wcet>
            <wcet number="1">50</wcet>
            <maxpow number="0.6009663296568729"/>
            <maxpow number="0.6009663296568729"/>
            <fprob>0.0</fprob>
        </actor>
        <actor name="D0N13">
            <wcet number="0">40</wcet>
            <wcet number="1">60</wcet>
            <maxpow number="0.5304144244238099"/>
            <maxpow number="0.5304144244238099"/>
            <fprob>0.0</fprob>
        </actor>
        <ports>
            <port dstActor="D0N31" name="p0" srcActor="D0N30"/>
            <port dstActor="D0N35" name="p1" srcActor="D0N30"/>
            <port dstActor="D0N42" name="p2" srcActor="D0N41"/>
            <port dstActor="D0N36" name="p3" srcActor="D0N23"/>
            <port dstActor="D0N25" name="p4" srcActor="D0N23"/>
            <port dstActor="D0N33" name="p5" srcActor="D0N23"/>
            <port dstActor="D0N42" name="p6" srcActor="D0N35"/>
            <port dstActor="D0N38" name="p7" srcActor="D0N6"/>
            <port dstActor="D0N15" name="p8" srcActor="D0N6"/>
            <port dstActor="D0N36" name="p9" srcActor="D0N6"/>
            <port dstActor="D0N12" name="p10" srcActor="D0N6"/>
            <port dstActor="D0N25" name="p11" srcActor="D0N18"/>
            <port dstActor="D0N41" name="p12" srcActor="D0N31"/>
            <port dstActor="D0N38" name="p13" srcActor="D0N31"/>
            <port dstActor="D0N16" name="p14" srcActor="D0N7"/>
            <port dstActor="D0N40" name="p15" srcActor="D0N7"/>
            <port dstActor="D0N32" name="p16" srcActor="D0N7"/>
            <port dstActor="D0N21" name="p17" srcActor="D0N7"/>
            <port dstActor="D0N32" name="p18" srcActor="D0N24"/>
            <port dstActor="D0N30" name="p19" srcActor="D0N24"/>
            <port dstActor="D0N28" name="p20" srcActor="D0N24"/>
            <port dstActor="D0N40" name="p21" srcActor="D0N24"/>
            <port dstActor="D0N42" name="p22" srcActor="D0N24"/>
            <port dstActor="D0N23" name="p23" srcActor="D0N10"/>
            <port dstActor="D0N34" name="p24" srcActor="D0N10"/>
            <port dstActor="D0N14" name="p25" srcActor="D0N10"/>
            <port dstActor="D0N39" name="p26" srcActor="D0N10"/>
            <port dstActor="D0N20" name="p27" srcActor="D0N10"/>
            <port dstActor="D0N39" name="p28" srcActor="D0N25"/>
            <port dstActor="D0N29" name="p29" srcActor="D0N2"/>
            <port dstActor="D0N30" name="p30" srcActor="D0N2"/>
            <port dstActor="D0N20" name="p31" srcActor="D0N2"/>
            <port dstActor="D0N40" name="p32" srcActor="D0N2"/>
            <port dstActor="D0N42" name="p33" srcActor="D0N40"/>
            <port dstActor="D0N11" name="p34" srcActor="D0N0"/>
            <port dstActor="D0N40" name="p35" srcActor="D0N0"/>
            <port dstActor="D0N8" name="p36" srcActor="D0N0"/>
            <port dstActor="D0N9" name="p37" srcActor="D0N0"/>
            <port dstActor="D0N42" name="p38" srcActor="D0N0"/>
            <port dstActor="D0N34" name="p39" srcActor="D0N0"/>
            <port dstActor="D0N28" name="p40" srcActor="D0N20"/>
            <port dstActor="D0N33" name="p41" srcActor="D0N20"/>
            <port dstActor="D0N30" name="p42" srcActor="D0N20"/>
            <port dstActor="D0N42" name="p43" srcActor="D0N20"/>
            <port dstActor="D0N16" name="p44" srcActor="D0N8"/>
            <port dstActor="D0N10" name="p45" srcActor="D0N8"/>
            <port dstActor="D0N41" name="p46" srcActor="D0N22"/>
            <port dstActor="D0N16" name="p47" srcActor="D0N14"/>
            <port dstActor="D0N30" name="p48" srcActor="D0N14"/>
            <port dstActor="D0N40" name="p49" srcActor="D0N14"/>
            <port dstActor="D0N32" name="p50" srcActor="D0N12"/>
            <port dstActor="D0N36" name="p51" srcActor="D0N12"/>
            <port dstActor="D0N26" name="p52" srcActor="D0N12"/>
            <port dstActor="D0N36" name="p53" srcActor="D0N19"/>
            <port dstActor="D0N39" name="p54" srcActor="D0N19"/>
            <port dstActor="D0N42" name="p55" srcActor="D0N5"/>
            <port dstActor="D0N41" name="p56" srcActor="D0N5"/>
            <port dstActor="D0N37" name="p57" srcActor="D0N5"/>
            <port dstActor="D0N12" name="p58" srcActor="D0N5"/>
            <port dstActor="D0N28" name="p59" srcActor="D0N16"/>
            <port dstActor="D0N17" name="p60" srcActor="D0N16"/>
            <port dstActor="D0N42" name="p61" srcActor="D0N16"/>
            <port dstActor="D0N33" name="p62" srcActor="D0N16"/>
            <port dstActor="D0N42" name="p63" srcActor="D0N32"/>
            <port dstActor="D0N29" name="p64" srcActor="D0N4"/>
            <port dstActor="D0N10" name="p65" srcActor="D0N4"/>
            <port dstActor="D0N31" name="p66" srcActor="D0N9"/>
            <port dstActor="D0N20" name="p67" srcActor="D0N9"/>
            <port dstActor="D0N27" name="p68" srcActor="D0N21"/>
            <port dstActor="D0N40" name="p69" srcActor="D0N21"/>
            <port dstActor="D0N33" name="p70" srcActor="D0N27"/>
            <port dstActor="D0N34" name="p71" srcActor="D0N27"/>
            <port dstActor="D0N23" name="p72" srcActor="D0N11"/>
            <port dstActor="D0N31" name="p73" srcActor="D0N11"/>
            <port dstActor="D0N17" name="p74" srcActor="D0N11"/>
            <port dstActor="D0N24" name="p75" srcActor="D0N17"/>
            <port dstActor="D0N34" name="p76" srcActor="D0N17"/>
            <port dstActor="D0N40" name="p77" srcActor="D0N17"/>
            <port dstActor="D0N41" name="p78" srcActor="D0N17"/>
            <port dstActor="D0N9" name="p79" srcActor="D0N1"/>
            <port dstActor="D0N12" name="p80" srcActor="D0N1"/>
            <port dstActor="D0N26" name="p81" srcActor="D0N1"/>
            <port dstActor="D0N42" name="p82" srcActor="D0N1"/>
            <port dstActor="D0N28" name="p83" srcActor="D0N1"/>
            <port dstActor="D0N35" name="p84" srcActor="D0N28"/>
            <port dstActor="D0N22" name="p85" srcActor="D0N3"/>
            <port dstActor="D0N36" name="p86" srcActor="D0N3"/>
            <port dstActor="D0N34" name="p87" srcActor="D0N3"/>
            <port dstActor="D0N4" name="p88" srcActor="D0N3"/>
            <port dstActor="D0N28" name="p89" srcActor="D0N15"/>
            <port dstActor="D0N34" name="p90" srcActor="D0N15"/>
            <port dstActor="D0N19" name="p91" srcActor="D0N15"/>
            <port dstActor="D0N40" name="p92" srcActor="D0N15"/>
            <port dstActor="D0N37" name="p93" srcActor="D0N29"/>
            <port dstActor="D0N29" name="p94" srcActor="D0N13"/>
            <port dstActor="D0N22" name="p95" srcActor="D0N13"/>
            <port dstActor="D0N23" name="p96" srcActor="D0N13"/>
            <port dstActor="D0N30" name="p97" srcActor="D0N13"/>
            <port dstActor="D0N19" name="p98" srcActor="D0N13"/>
        </ports>
    </mcdag>
    <cores number="2"/>
    <levels number="2"/>
</mcsystem>
