<?xml version="1.0" encoding="UTF-8" standalone="no"?>
<mcsystem>
    <mcdag deadline="2200" name="genned-0-ed-10.0-0">
        <actor name="D0N2">
            <wcet number="0">130</wcet>
            <wcet number="1">130</wcet>
            <maxpow number="0.692680731263455"/>
            <maxpow number="0.692680731263455"/>
            <fprob>0.0</fprob>
        </actor>
        <actor name="D0N39">
            <wcet number="0">10</wcet>
            <wcet number="1">10</wcet>
            <maxpow number="0.05660990342280947"/>
            <maxpow number="0.05660990342280947"/>
            <fprob>0.0</fprob>
        </actor>
        <actor name="D0N1">
            <wcet number="0">10</wcet>
            <wcet number="1">30</wcet>
            <maxpow number="0.462685701480667"/>
            <maxpow number="0.462685701480667"/>
            <fprob>0.0</fprob>
        </actor>
        <actor name="D0N26">
            <wcet number="0">10</wcet>
            <wcet number="1">30</wcet>
            <maxpow number="0.5250346528942602"/>
            <maxpow number="0.5250346528942602"/>
            <fprob>0.0</fprob>
        </actor>
        <actor name="D0N0">
            <wcet number="0">60</wcet>
            <wcet number="1">100</wcet>
            <maxpow number="0.37407371955418"/>
            <maxpow number="0.37407371955418"/>
            <fprob>0.0</fprob>
        </actor>
        <actor name="D0N43">
            <wcet number="0">120</wcet>
            <wcet number="1">260</wcet>
            <maxpow number="0.6117688161750909"/>
            <maxpow number="0.6117688161750909"/>
            <fprob>0.0</fprob>
        </actor>
        <actor name="D0N27">
            <wcet number="0">10</wcet>
            <wcet number="1">20</wcet>
            <maxpow number="0.5021141298386741"/>
            <maxpow number="0.5021141298386741"/>
            <fprob>0.0</fprob>
        </actor>
        <actor name="D0N19">
            <wcet number="0">10</wcet>
            <wcet number="1">30</wcet>
            <maxpow number="0.7642657238841656"/>
            <maxpow number="0.7642657238841656"/>
            <fprob>0.0</fprob>
        </actor>
        <actor name="D0N12">
            <wcet number="0">100</wcet>
            <wcet number="1">100</wcet>
            <maxpow number="0.5439053222675838"/>
            <maxpow number="0.5439053222675838"/>
            <fprob>0.0</fprob>
        </actor>
        <actor name="D0N45">
            <wcet number="0">270</wcet>
            <wcet number="1">280</wcet>
            <maxpow number="0.31670773805654306"/>
            <maxpow number="0.31670773805654306"/>
            <fprob>0.0</fprob>
        </actor>
        <actor name="D0N34">
            <wcet number="0">110</wcet>
            <wcet number="1">180</wcet>
            <maxpow number="0.7428592172742987"/>
            <maxpow number="0.7428592172742987"/>
            <fprob>0.0</fprob>
        </actor>
        <actor name="D0N7">
            <wcet number="0">10</wcet>
            <wcet number="1">40</wcet>
            <maxpow number="0.5699358306130282"/>
            <maxpow number="0.5699358306130282"/>
            <fprob>0.0</fprob>
        </actor>
        <actor name="D0N29">
            <wcet number="0">120</wcet>
            <wcet number="1">130</wcet>
            <maxpow number="0.6309508838198005"/>
            <maxpow number="0.6309508838198005"/>
            <fprob>0.0</fprob>
        </actor>
        <actor name="D0N3">
            <wcet number="0">210</wcet>
            <wcet number="1">280</wcet>
            <maxpow number="0.36871820160798274"/>
            <maxpow number="0.36871820160798274"/>
            <fprob>0.0</fprob>
        </actor>
        <actor name="D0N6">
            <wcet number="0">200</wcet>
            <wcet number="1">210</wcet>
            <maxpow number="0.8414413396000369"/>
            <maxpow number="0.8414413396000369"/>
            <fprob>0.0</fprob>
        </actor>
        <actor name="D0N28">
            <wcet number="0">60</wcet>
            <wcet number="1">60</wcet>
            <maxpow number="0.7672910429237374"/>
            <maxpow number="0.7672910429237374"/>
            <fprob>0.0</fprob>
        </actor>
        <actor name="D0N32">
            <wcet number="0">50</wcet>
            <wcet number="1">60</wcet>
            <maxpow number="0.4674981673206803"/>
            <maxpow number="0.4674981673206803"/>
            <fprob>0.0</fprob>
        </actor>
        <actor name="D0N20">
            <wcet number="0">20</wcet>
            <wcet number="1">90</wcet>
            <maxpow number="0.4942169524808622"/>
            <maxpow number="0.4942169524808622"/>
            <fprob>0.0</fprob>
        </actor>
        <actor name="D0N13">
            <wcet number="0">130</wcet>
            <wcet number="1">180</wcet>
            <maxpow number="0.6580786336443009"/>
            <maxpow number="0.6580786336443009"/>
            <fprob>0.0</fprob>
        </actor>
        <actor name="D0N38">
            <wcet number="0">10</wcet>
            <wcet number="1">20</wcet>
            <maxpow number="0.4025312683679343"/>
            <maxpow number="0.4025312683679343"/>
            <fprob>0.0</fprob>
        </actor>
        <actor name="D0N46">
            <wcet number="0">110</wcet>
            <wcet number="1">110</wcet>
            <maxpow number="0.59806211451782"/>
            <maxpow number="0.59806211451782"/>
            <fprob>0.0</fprob>
        </actor>
        <actor name="D0N14">
            <wcet number="0">130</wcet>
            <wcet number="1">140</wcet>
            <maxpow number="0.5288672717881959"/>
            <maxpow number="0.5288672717881959"/>
            <fprob>0.0</fprob>
        </actor>
        <actor name="D0N44">
            <wcet number="0">50</wcet>
            <wcet number="1">140</wcet>
            <maxpow number="0.3646210369352343"/>
            <maxpow number="0.3646210369352343"/>
            <fprob>0.0</fprob>
        </actor>
        <actor name="D0N4">
            <wcet number="0">10</wcet>
            <wcet number="1">30</wcet>
            <maxpow number="0.5190092238891987"/>
            <maxpow number="0.5190092238891987"/>
            <fprob>0.0</fprob>
        </actor>
        <actor name="D0N31">
            <wcet number="0">100</wcet>
            <wcet number="1">170</wcet>
            <maxpow number="0.4753439713012204"/>
            <maxpow number="0.4753439713012204"/>
            <fprob>0.0</fprob>
        </actor>
        <actor name="D0N30">
            <wcet number="0">10</wcet>
            <wcet number="1">10</wcet>
            <maxpow number="0.5783692266836661"/>
            <maxpow number="0.5783692266836661"/>
            <fprob>0.0</fprob>
        </actor>
        <actor name="D0N15">
            <wcet number="0">130</wcet>
            <wcet number="1">170</wcet>
            <maxpow number="0.731293716957301"/>
            <maxpow number="0.731293716957301"/>
            <fprob>0.0</fprob>
        </actor>
        <actor name="D0N48">
            <wcet number="0">60</wcet>
            <wcet number="1">220</wcet>
            <maxpow number="0.47531906395993606"/>
            <maxpow number="0.47531906395993606"/>
            <fprob>0.0</fprob>
        </actor>
        <actor name="D0N25">
            <wcet number="0">30</wcet>
            <wcet number="1">80</wcet>
            <maxpow number="0.17129436084691746"/>
            <maxpow number="0.17129436084691746"/>
            <fprob>0.0</fprob>
        </actor>
        <actor name="D0N33">
            <wcet number="0">110</wcet>
            <wcet number="1">260</wcet>
            <maxpow number="0.386969278749964"/>
            <maxpow number="0.386969278749964"/>
            <fprob>0.0</fprob>
        </actor>
        <actor name="D0N8">
            <wcet number="0">20</wcet>
            <wcet number="1">40</wcet>
            <maxpow number="0.5454794271158308"/>
            <maxpow number="0.5454794271158308"/>
            <fprob>0.0</fprob>
        </actor>
        <actor name="D0N21">
            <wcet number="0">70</wcet>
            <wcet number="1">90</wcet>
            <maxpow number="0.6939358160045058"/>
            <maxpow number="0.6939358160045058"/>
            <fprob>0.0</fprob>
        </actor>
        <actor name="D0N42">
            <wcet number="0">120</wcet>
            <wcet number="1">130</wcet>
            <maxpow number="0.9198721269650783"/>
            <maxpow number="0.9198721269650783"/>
            <fprob>0.0</fprob>
        </actor>
        <actor name="D0N10">
            <wcet number="0">190</wcet>
            <wcet number="1">210</wcet>
            <maxpow number="0.2658609221868381"/>
            <maxpow number="0.2658609221868381"/>
            <fprob>0.0</fprob>
        </actor>
        <actor name="D0N17">
            <wcet number="0">10</wcet>
            <wcet number="1">30</wcet>
            <maxpow number="0.5556137331585905"/>
            <maxpow number="0.5556137331585905"/>
            <fprob>0.0</fprob>
        </actor>
        <actor name="D0N41">
            <wcet number="0">10</wcet>
            <wcet number="1">30</wcet>
            <maxpow number="0.4009831607848634"/>
            <maxpow number="0.4009831607848634"/>
            <fprob>0.0</fprob>
        </actor>
        <actor name="D0N22">
            <wcet number="0">100</wcet>
            <wcet number="1">160</wcet>
            <maxpow number="0.5387569186268162"/>
            <maxpow number="0.5387569186268162"/>
            <fprob>0.0</fprob>
        </actor>
        <actor name="D0N5">
            <wcet number="0">30</wcet>
            <wcet number="1">40</wcet>
            <maxpow number="0.6029880184271761"/>
            <maxpow number="0.6029880184271761"/>
            <fprob>0.0</fprob>
        </actor>
        <actor name="D0N18">
            <wcet number="0">30</wcet>
            <wcet number="1">110</wcet>
            <maxpow number="0.7472033759485577"/>
            <maxpow number="0.7472033759485577"/>
            <fprob>0.0</fprob>
        </actor>
        <actor name="D0N23">
            <wcet number="0">20</wcet>
            <wcet number="1">20</wcet>
            <maxpow number="0.6702502074043134"/>
            <maxpow number="0.6702502074043134"/>
            <fprob>0.0</fprob>
        </actor>
        <actor name="D0N40">
            <wcet number="0">180</wcet>
            <wcet number="1">200</wcet>
            <maxpow number="0.5105158178697596"/>
            <maxpow number="0.5105158178697596"/>
            <fprob>0.0</fprob>
        </actor>
        <actor name="D0N9">
            <wcet number="0">200</wcet>
            <wcet number="1">400</wcet>
            <maxpow number="0.4881716050426359"/>
            <maxpow number="0.4881716050426359"/>
            <fprob>0.0</fprob>
        </actor>
        <actor name="D0N16">
            <wcet number="0">40</wcet>
            <wcet number="1">160</wcet>
            <maxpow number="0.21646291448411553"/>
            <maxpow number="0.21646291448411553"/>
            <fprob>0.0</fprob>
        </actor>
        <actor name="D0N24">
            <wcet number="0">60</wcet>
            <wcet number="1">80</wcet>
            <maxpow number="0.45699368214776054"/>
            <maxpow number="0.45699368214776054"/>
            <fprob>0.0</fprob>
        </actor>
        <actor name="D0N11">
            <wcet number="0">10</wcet>
            <wcet number="1">20</wcet>
            <maxpow number="0.7101569567610216"/>
            <maxpow number="0.7101569567610216"/>
            <fprob>0.0</fprob>
        </actor>
        <actor name="D0N37">
            <wcet number="0">10</wcet>
            <wcet number="1">50</wcet>
            <maxpow number="0.41463977100460414"/>
            <maxpow number="0.41463977100460414"/>
            <fprob>0.0</fprob>
        </actor>
        <actor name="D0N36">
            <wcet number="0">10</wcet>
            <wcet number="1">50</wcet>
            <maxpow number="0.5505578797494213"/>
            <maxpow number="0.5505578797494213"/>
            <fprob>0.0</fprob>
        </actor>
        <actor name="D0N47">
            <wcet number="0">70</wcet>
            <wcet number="1">70</wcet>
            <maxpow number="0.7850782797549389"/>
            <maxpow number="0.7850782797549389"/>
            <fprob>0.0</fprob>
        </actor>
        <actor name="D0N35">
            <wcet number="0">10</wcet>
            <wcet number="1">40</wcet>
            <maxpow number="0.7433612651496402"/>
            <maxpow number="0.7433612651496402"/>
            <fprob>0.0</fprob>
        </actor>
        <ports>
            <port dstActor="D0N6" name="p0" srcActor="D0N2"/>
            <port dstActor="D0N33" name="p1" srcActor="D0N2"/>
            <port dstActor="D0N32" name="p2" srcActor="D0N2"/>
            <port dstActor="D0N30" name="p3" srcActor="D0N2"/>
            <port dstActor="D0N46" name="p4" srcActor="D0N2"/>
            <port dstActor="D0N3" name="p5" srcActor="D0N1"/>
            <port dstActor="D0N42" name="p6" srcActor="D0N1"/>
            <port dstActor="D0N23" name="p7" srcActor="D0N1"/>
            <port dstActor="D0N45" name="p8" srcActor="D0N1"/>
            <port dstActor="D0N25" name="p9" srcActor="D0N1"/>
            <port dstActor="D0N37" name="p10" srcActor="D0N26"/>
            <port dstActor="D0N14" name="p11" srcActor="D0N0"/>
            <port dstActor="D0N5" name="p12" srcActor="D0N0"/>
            <port dstActor="D0N30" name="p13" srcActor="D0N27"/>
            <port dstActor="D0N48" name="p14" srcActor="D0N27"/>
            <port dstActor="D0N35" name="p15" srcActor="D0N27"/>
            <port dstActor="D0N43" name="p16" srcActor="D0N27"/>
            <port dstActor="D0N42" name="p17" srcActor="D0N19"/>
            <port dstActor="D0N43" name="p18" srcActor="D0N19"/>
            <port dstActor="D0N29" name="p19" srcActor="D0N12"/>
            <port dstActor="D0N42" name="p20" srcActor="D0N12"/>
            <port dstActor="D0N39" name="p21" srcActor="D0N12"/>
            <port dstActor="D0N46" name="p22" srcActor="D0N34"/>
            <port dstActor="D0N45" name="p23" srcActor="D0N34"/>
            <port dstActor="D0N10" name="p24" srcActor="D0N7"/>
            <port dstActor="D0N30" name="p25" srcActor="D0N29"/>
            <port dstActor="D0N42" name="p26" srcActor="D0N3"/>
            <port dstActor="D0N19" name="p27" srcActor="D0N3"/>
            <port dstActor="D0N18" name="p28" srcActor="D0N3"/>
            <port dstActor="D0N22" name="p29" srcActor="D0N3"/>
            <port dstActor="D0N25" name="p30" srcActor="D0N3"/>
            <port dstActor="D0N35" name="p31" srcActor="D0N3"/>
            <port dstActor="D0N14" name="p32" srcActor="D0N6"/>
            <port dstActor="D0N43" name="p33" srcActor="D0N6"/>
            <port dstActor="D0N10" name="p34" srcActor="D0N6"/>
            <port dstActor="D0N44" name="p35" srcActor="D0N6"/>
            <port dstActor="D0N33" name="p36" srcActor="D0N6"/>
            <port dstActor="D0N25" name="p37" srcActor="D0N6"/>
            <port dstActor="D0N32" name="p38" srcActor="D0N28"/>
            <port dstActor="D0N33" name="p39" srcActor="D0N28"/>
            <port dstActor="D0N36" name="p40" srcActor="D0N32"/>
            <port dstActor="D0N48" name="p41" srcActor="D0N20"/>
            <port dstActor="D0N42" name="p42" srcActor="D0N13"/>
            <port dstActor="D0N14" name="p43" srcActor="D0N13"/>
            <port dstActor="D0N29" name="p44" srcActor="D0N13"/>
            <port dstActor="D0N47" name="p45" srcActor="D0N38"/>
            <port dstActor="D0N32" name="p46" srcActor="D0N14"/>
            <port dstActor="D0N39" name="p47" srcActor="D0N14"/>
            <port dstActor="D0N47" name="p48" srcActor="D0N14"/>
            <port dstActor="D0N20" name="p49" srcActor="D0N14"/>
            <port dstActor="D0N29" name="p50" srcActor="D0N14"/>
            <port dstActor="D0N28" name="p51" srcActor="D0N4"/>
            <port dstActor="D0N21" name="p52" srcActor="D0N4"/>
            <port dstActor="D0N18" name="p53" srcActor="D0N4"/>
            <port dstActor="D0N33" name="p54" srcActor="D0N4"/>
            <port dstActor="D0N48" name="p55" srcActor="D0N31"/>
            <port dstActor="D0N41" name="p56" srcActor="D0N31"/>
            <port dstActor="D0N36" name="p57" srcActor="D0N30"/>
            <port dstActor="D0N33" name="p58" srcActor="D0N30"/>
            <port dstActor="D0N47" name="p59" srcActor="D0N15"/>
            <port dstActor="D0N31" name="p60" srcActor="D0N15"/>
            <port dstActor="D0N30" name="p61" srcActor="D0N15"/>
            <port dstActor="D0N35" name="p62" srcActor="D0N25"/>
            <port dstActor="D0N31" name="p63" srcActor="D0N25"/>
            <port dstActor="D0N43" name="p64" srcActor="D0N25"/>
            <port dstActor="D0N39" name="p65" srcActor="D0N33"/>
            <port dstActor="D0N31" name="p66" srcActor="D0N8"/>
            <port dstActor="D0N19" name="p67" srcActor="D0N8"/>
            <port dstActor="D0N42" name="p68" srcActor="D0N21"/>
            <port dstActor="D0N37" name="p69" srcActor="D0N21"/>
            <port dstActor="D0N22" name="p70" srcActor="D0N21"/>
            <port dstActor="D0N28" name="p71" srcActor="D0N10"/>
            <port dstActor="D0N44" name="p72" srcActor="D0N10"/>
            <port dstActor="D0N39" name="p73" srcActor="D0N10"/>
            <port dstActor="D0N46" name="p74" srcActor="D0N10"/>
            <port dstActor="D0N18" name="p75" srcActor="D0N10"/>
            <port dstActor="D0N21" name="p76" srcActor="D0N17"/>
            <port dstActor="D0N22" name="p77" srcActor="D0N17"/>
            <port dstActor="D0N48" name="p78" srcActor="D0N17"/>
            <port dstActor="D0N25" name="p79" srcActor="D0N17"/>
            <port dstActor="D0N41" name="p80" srcActor="D0N17"/>
            <port dstActor="D0N37" name="p81" srcActor="D0N22"/>
            <port dstActor="D0N39" name="p82" srcActor="D0N22"/>
            <port dstActor="D0N6" name="p83" srcActor="D0N5"/>
            <port dstActor="D0N37" name="p84" srcActor="D0N5"/>
            <port dstActor="D0N27" name="p85" srcActor="D0N18"/>
            <port dstActor="D0N36" name="p86" srcActor="D0N18"/>
            <port dstActor="D0N20" name="p87" srcActor="D0N18"/>
            <port dstActor="D0N39" name="p88" srcActor="D0N23"/>
            <port dstActor="D0N46" name="p89" srcActor="D0N23"/>
            <port dstActor="D0N46" name="p90" srcActor="D0N40"/>
            <port dstActor="D0N31" name="p91" srcActor="D0N9"/>
            <port dstActor="D0N42" name="p92" srcActor="D0N9"/>
            <port dstActor="D0N22" name="p93" srcActor="D0N16"/>
            <port dstActor="D0N20" name="p94" srcActor="D0N16"/>
            <port dstActor="D0N25" name="p95" srcActor="D0N16"/>
            <port dstActor="D0N32" name="p96" srcActor="D0N16"/>
            <port dstActor="D0N45" name="p97" srcActor="D0N16"/>
            <port dstActor="D0N33" name="p98" srcActor="D0N24"/>
            <port dstActor="D0N43" name="p99" srcActor="D0N24"/>
            <port dstActor="D0N44" name="p100" srcActor="D0N24"/>
            <port dstActor="D0N41" name="p101" srcActor="D0N11"/>
            <port dstActor="D0N25" name="p102" srcActor="D0N11"/>
            <port dstActor="D0N29" name="p103" srcActor="D0N11"/>
            <port dstActor="D0N13" name="p104" srcActor="D0N11"/>
            <port dstActor="D0N17" name="p105" srcActor="D0N11"/>
            <port dstActor="D0N37" name="p106" srcActor="D0N35"/>
        </ports>
    </mcdag>
    <cores number="3"/>
    <levels number="2"/>
</mcsystem>
