<?xml version="1.0" encoding="UTF-8" standalone="no"?>
<mcsystem>
    <mcdag deadline="1500" name="genned-0-ed-10.0-0">
        <actor name="D0N1">
            <wcet number="0">20</wcet>
            <wcet number="1">60</wcet>
            <maxpow number="0.5741926319763769"/>
            <maxpow number="0.5741926319763769"/>
            <fprob>0.0</fprob>
        </actor>
        <actor name="D0N6">
            <wcet number="0">30</wcet>
            <wcet number="1">30</wcet>
            <maxpow number="0.7933353353566803"/>
            <maxpow number="0.7933353353566803"/>
            <fprob>0.0</fprob>
        </actor>
        <actor name="D0N15">
            <wcet number="0">20</wcet>
            <wcet number="1">40</wcet>
            <maxpow number="0.32798614520174263"/>
            <maxpow number="0.32798614520174263"/>
            <fprob>0.0</fprob>
        </actor>
        <actor name="D0N22">
            <wcet number="0">140</wcet>
            <wcet number="1">180</wcet>
            <maxpow number="0.5578537422042354"/>
            <maxpow number="0.5578537422042354"/>
            <fprob>0.0</fprob>
        </actor>
        <actor name="D0N25">
            <wcet number="0">100</wcet>
            <wcet number="1">100</wcet>
            <maxpow number="0.7484459483073151"/>
            <maxpow number="0.7484459483073151"/>
            <fprob>0.0</fprob>
        </actor>
        <actor name="D0N12">
            <wcet number="0">20</wcet>
            <wcet number="1">90</wcet>
            <maxpow number="0.6248490444227827"/>
            <maxpow number="0.6248490444227827"/>
            <fprob>0.0</fprob>
        </actor>
        <actor name="D0N38">
            <wcet number="0">150</wcet>
            <wcet number="1">150</wcet>
            <maxpow number="0.5505137183281408"/>
            <maxpow number="0.5505137183281408"/>
            <fprob>0.0</fprob>
        </actor>
        <actor name="D0N8">
            <wcet number="0">10</wcet>
            <wcet number="1">320</wcet>
            <maxpow number="0.3787334792976227"/>
            <maxpow number="0.3787334792976227"/>
            <fprob>0.0</fprob>
        </actor>
        <actor name="D0N39">
            <wcet number="0">50</wcet>
            <wcet number="1">200</wcet>
            <maxpow number="0.6304105653149285"/>
            <maxpow number="0.6304105653149285"/>
            <fprob>0.0</fprob>
        </actor>
        <actor name="D0N43">
            <wcet number="0">20</wcet>
            <wcet number="1">40</wcet>
            <maxpow number="0.5244326010300485"/>
            <maxpow number="0.5244326010300485"/>
            <fprob>0.0</fprob>
        </actor>
        <actor name="D0N30">
            <wcet number="0">70</wcet>
            <wcet number="1">100</wcet>
            <maxpow number="0.5786191203892387"/>
            <maxpow number="0.5786191203892387"/>
            <fprob>0.0</fprob>
        </actor>
        <actor name="D0N20">
            <wcet number="0">30</wcet>
            <wcet number="1">100</wcet>
            <maxpow number="0.7371449587329133"/>
            <maxpow number="0.7371449587329133"/>
            <fprob>0.0</fprob>
        </actor>
        <actor name="D0N34">
            <wcet number="0">10</wcet>
            <wcet number="1">210</wcet>
            <maxpow number="0.25450935477219083"/>
            <maxpow number="0.25450935477219083"/>
            <fprob>0.0</fprob>
        </actor>
        <actor name="D0N11">
            <wcet number="0">40</wcet>
            <wcet number="1">60</wcet>
            <maxpow number="0.7809200846914086"/>
            <maxpow number="0.7809200846914086"/>
            <fprob>0.0</fprob>
        </actor>
        <actor name="D0N7">
            <wcet number="0">10</wcet>
            <wcet number="1">40</wcet>
            <maxpow number="0.41802119851170605"/>
            <maxpow number="0.41802119851170605"/>
            <fprob>0.0</fprob>
        </actor>
        <actor name="D0N23">
            <wcet number="0">100</wcet>
            <wcet number="1">110</wcet>
            <maxpow number="0.5879990945264347"/>
            <maxpow number="0.5879990945264347"/>
            <fprob>0.0</fprob>
        </actor>
        <actor name="D0N14">
            <wcet number="0">30</wcet>
            <wcet number="1">100</wcet>
            <maxpow number="0.6486982007881231"/>
            <maxpow number="0.6486982007881231"/>
            <fprob>0.0</fprob>
        </actor>
        <actor name="D0N26">
            <wcet number="0">20</wcet>
            <wcet number="1">50</wcet>
            <maxpow number="0.5179977096390709"/>
            <maxpow number="0.5179977096390709"/>
            <fprob>0.0</fprob>
        </actor>
        <actor name="D0N33">
            <wcet number="0">40</wcet>
            <wcet number="1">60</wcet>
            <maxpow number="0.7204772195370527"/>
            <maxpow number="0.7204772195370527"/>
            <fprob>0.0</fprob>
        </actor>
        <actor name="D0N16">
            <wcet number="0">10</wcet>
            <wcet number="1">60</wcet>
            <maxpow number="0.7306378778157091"/>
            <maxpow number="0.7306378778157091"/>
            <fprob>0.0</fprob>
        </actor>
        <actor name="D0N24">
            <wcet number="0">20</wcet>
            <wcet number="1">30</wcet>
            <maxpow number="0.4566428152717834"/>
            <maxpow number="0.4566428152717834"/>
            <fprob>0.0</fprob>
        </actor>
        <actor name="D0N41">
            <wcet number="0">130</wcet>
            <wcet number="1">140</wcet>
            <maxpow number="0.7467067306882659"/>
            <maxpow number="0.7467067306882659"/>
            <fprob>0.0</fprob>
        </actor>
        <actor name="D0N40">
            <wcet number="0">80</wcet>
            <wcet number="1">130</wcet>
            <maxpow number="0.6399265422264625"/>
            <maxpow number="0.6399265422264625"/>
            <fprob>0.0</fprob>
        </actor>
        <actor name="D0N42">
            <wcet number="0">10</wcet>
            <wcet number="1">130</wcet>
            <maxpow number="0.6099524580275434"/>
            <maxpow number="0.6099524580275434"/>
            <fprob>0.0</fprob>
        </actor>
        <actor name="D0N13">
            <wcet number="0">10</wcet>
            <wcet number="1">50</wcet>
            <maxpow number="0.794686278852841"/>
            <maxpow number="0.794686278852841"/>
            <fprob>0.0</fprob>
        </actor>
        <actor name="D0N17">
            <wcet number="0">10</wcet>
            <wcet number="1">30</wcet>
            <maxpow number="0.3904038975506171"/>
            <maxpow number="0.3904038975506171"/>
            <fprob>0.0</fprob>
        </actor>
        <actor name="D0N29">
            <wcet number="0">60</wcet>
            <wcet number="1">70</wcet>
            <maxpow number="0.6864959848205664"/>
            <maxpow number="0.6864959848205664"/>
            <fprob>0.0</fprob>
        </actor>
        <actor name="D0N27">
            <wcet number="0">10</wcet>
            <wcet number="1">140</wcet>
            <maxpow number="0.5365826357596446"/>
            <maxpow number="0.5365826357596446"/>
            <fprob>0.0</fprob>
        </actor>
        <actor name="D0N3">
            <wcet number="0">10</wcet>
            <wcet number="1">10</wcet>
            <maxpow number="0.5210946380282998"/>
            <maxpow number="0.5210946380282998"/>
            <fprob>0.0</fprob>
        </actor>
        <actor name="D0N46">
            <wcet number="0">20</wcet>
            <wcet number="1">40</wcet>
            <maxpow number="0.5666134279211686"/>
            <maxpow number="0.5666134279211686"/>
            <fprob>0.0</fprob>
        </actor>
        <actor name="D0N28">
            <wcet number="0">20</wcet>
            <wcet number="1">20</wcet>
            <maxpow number="0.5753507152171882"/>
            <maxpow number="0.5753507152171882"/>
            <fprob>0.0</fprob>
        </actor>
        <actor name="D0N37">
            <wcet number="0">210</wcet>
            <wcet number="1">210</wcet>
            <maxpow number="0.6680786674240351"/>
            <maxpow number="0.6680786674240351"/>
            <fprob>0.0</fprob>
        </actor>
        <actor name="D0N31">
            <wcet number="0">20</wcet>
            <wcet number="1">20</wcet>
            <maxpow number="0.6753680204628918"/>
            <maxpow number="0.6753680204628918"/>
            <fprob>0.0</fprob>
        </actor>
        <actor name="D0N19">
            <wcet number="0">10</wcet>
            <wcet number="1">70</wcet>
            <maxpow number="0.64645519114524"/>
            <maxpow number="0.64645519114524"/>
            <fprob>0.0</fprob>
        </actor>
        <actor name="D0N5">
            <wcet number="0">10</wcet>
            <wcet number="1">30</wcet>
            <maxpow number="0.5505351792280775"/>
            <maxpow number="0.5505351792280775"/>
            <fprob>0.0</fprob>
        </actor>
        <actor name="D0N36">
            <wcet number="0">110</wcet>
            <wcet number="1">120</wcet>
            <maxpow number="0.4859920405235802"/>
            <maxpow number="0.4859920405235802"/>
            <fprob>0.0</fprob>
        </actor>
        <actor name="D0N47">
            <wcet number="0">10</wcet>
            <wcet number="1">10</wcet>
            <maxpow number="0.6252898612233172"/>
            <maxpow number="0.6252898612233172"/>
            <fprob>0.0</fprob>
        </actor>
        <actor name="D0N2">
            <wcet number="0">50</wcet>
            <wcet number="1">140</wcet>
            <maxpow number="0.18501059072456383"/>
            <maxpow number="0.18501059072456383"/>
            <fprob>0.0</fprob>
        </actor>
        <actor name="D0N4">
            <wcet number="0">90</wcet>
            <wcet number="1">140</wcet>
            <maxpow number="0.7174034710507989"/>
            <maxpow number="0.7174034710507989"/>
            <fprob>0.0</fprob>
        </actor>
        <actor name="D0N48">
            <wcet number="0">10</wcet>
            <wcet number="1">50</wcet>
            <maxpow number="0.48731177081967997"/>
            <maxpow number="0.48731177081967997"/>
            <fprob>0.0</fprob>
        </actor>
        <actor name="D0N32">
            <wcet number="0">30</wcet>
            <wcet number="1">80</wcet>
            <maxpow number="0.5845646822422834"/>
            <maxpow number="0.5845646822422834"/>
            <fprob>0.0</fprob>
        </actor>
        <actor name="D0N0">
            <wcet number="0">40</wcet>
            <wcet number="1">100</wcet>
            <maxpow number="0.6097691780163433"/>
            <maxpow number="0.6097691780163433"/>
            <fprob>0.0</fprob>
        </actor>
        <actor name="D0N10">
            <wcet number="0">10</wcet>
            <wcet number="1">50</wcet>
            <maxpow number="0.1222391270823956"/>
            <maxpow number="0.1222391270823956"/>
            <fprob>0.0</fprob>
        </actor>
        <actor name="D0N45">
            <wcet number="0">30</wcet>
            <wcet number="1">40</wcet>
            <maxpow number="0.5347971704379036"/>
            <maxpow number="0.5347971704379036"/>
            <fprob>0.0</fprob>
        </actor>
        <actor name="D0N21">
            <wcet number="0">90</wcet>
            <wcet number="1">90</wcet>
            <maxpow number="0.8018299001052114"/>
            <maxpow number="0.8018299001052114"/>
            <fprob>0.0</fprob>
        </actor>
        <actor name="D0N35">
            <wcet number="0">70</wcet>
            <wcet number="1">140</wcet>
            <maxpow number="0.654350981207259"/>
            <maxpow number="0.654350981207259"/>
            <fprob>0.0</fprob>
        </actor>
        <actor name="D0N44">
            <wcet number="0">70</wcet>
            <wcet number="1">70</wcet>
            <maxpow number="0.4660313536802244"/>
            <maxpow number="0.4660313536802244"/>
            <fprob>0.0</fprob>
        </actor>
        <actor name="D0N9">
            <wcet number="0">10</wcet>
            <wcet number="1">10</wcet>
            <maxpow number="0.7728239697251476"/>
            <maxpow number="0.7728239697251476"/>
            <fprob>0.0</fprob>
        </actor>
        <actor name="D0N18">
            <wcet number="0">40</wcet>
            <wcet number="1">90</wcet>
            <maxpow number="0.32597138157608085"/>
            <maxpow number="0.32597138157608085"/>
            <fprob>0.0</fprob>
        </actor>
        <ports>
            <port dstActor="D0N6" name="p0" srcActor="D0N1"/>
            <port dstActor="D0N27" name="p1" srcActor="D0N6"/>
            <port dstActor="D0N22" name="p2" srcActor="D0N6"/>
            <port dstActor="D0N36" name="p3" srcActor="D0N6"/>
            <port dstActor="D0N31" name="p4" srcActor="D0N6"/>
            <port dstActor="D0N43" name="p5" srcActor="D0N6"/>
            <port dstActor="D0N34" name="p6" srcActor="D0N15"/>
            <port dstActor="D0N20" name="p7" srcActor="D0N15"/>
            <port dstActor="D0N17" name="p8" srcActor="D0N15"/>
            <port dstActor="D0N25" name="p9" srcActor="D0N15"/>
            <port dstActor="D0N35" name="p10" srcActor="D0N22"/>
            <port dstActor="D0N27" name="p11" srcActor="D0N22"/>
            <port dstActor="D0N25" name="p12" srcActor="D0N22"/>
            <port dstActor="D0N37" name="p13" srcActor="D0N22"/>
            <port dstActor="D0N27" name="p14" srcActor="D0N12"/>
            <port dstActor="D0N48" name="p15" srcActor="D0N12"/>
            <port dstActor="D0N20" name="p16" srcActor="D0N12"/>
            <port dstActor="D0N39" name="p17" srcActor="D0N12"/>
            <port dstActor="D0N43" name="p18" srcActor="D0N12"/>
            <port dstActor="D0N15" name="p19" srcActor="D0N12"/>
            <port dstActor="D0N46" name="p20" srcActor="D0N38"/>
            <port dstActor="D0N40" name="p21" srcActor="D0N8"/>
            <port dstActor="D0N16" name="p22" srcActor="D0N8"/>
            <port dstActor="D0N44" name="p23" srcActor="D0N39"/>
            <port dstActor="D0N48" name="p24" srcActor="D0N43"/>
            <port dstActor="D0N43" name="p25" srcActor="D0N30"/>
            <port dstActor="D0N46" name="p26" srcActor="D0N30"/>
            <port dstActor="D0N30" name="p27" srcActor="D0N20"/>
            <port dstActor="D0N48" name="p28" srcActor="D0N20"/>
            <port dstActor="D0N45" name="p29" srcActor="D0N20"/>
            <port dstActor="D0N22" name="p30" srcActor="D0N20"/>
            <port dstActor="D0N39" name="p31" srcActor="D0N20"/>
            <port dstActor="D0N46" name="p32" srcActor="D0N34"/>
            <port dstActor="D0N43" name="p33" srcActor="D0N7"/>
            <port dstActor="D0N46" name="p34" srcActor="D0N7"/>
            <port dstActor="D0N29" name="p35" srcActor="D0N7"/>
            <port dstActor="D0N31" name="p36" srcActor="D0N7"/>
            <port dstActor="D0N35" name="p37" srcActor="D0N23"/>
            <port dstActor="D0N26" name="p38" srcActor="D0N23"/>
            <port dstActor="D0N39" name="p39" srcActor="D0N23"/>
            <port dstActor="D0N19" name="p40" srcActor="D0N14"/>
            <port dstActor="D0N37" name="p41" srcActor="D0N14"/>
            <port dstActor="D0N23" name="p42" srcActor="D0N14"/>
            <port dstActor="D0N43" name="p43" srcActor="D0N14"/>
            <port dstActor="D0N31" name="p44" srcActor="D0N14"/>
            <port dstActor="D0N44" name="p45" srcActor="D0N14"/>
            <port dstActor="D0N29" name="p46" srcActor="D0N14"/>
            <port dstActor="D0N34" name="p47" srcActor="D0N14"/>
            <port dstActor="D0N47" name="p48" srcActor="D0N26"/>
            <port dstActor="D0N30" name="p49" srcActor="D0N26"/>
            <port dstActor="D0N37" name="p50" srcActor="D0N33"/>
            <port dstActor="D0N36" name="p51" srcActor="D0N33"/>
            <port dstActor="D0N28" name="p52" srcActor="D0N24"/>
            <port dstActor="D0N31" name="p53" srcActor="D0N24"/>
            <port dstActor="D0N39" name="p54" srcActor="D0N24"/>
            <port dstActor="D0N46" name="p55" srcActor="D0N40"/>
            <port dstActor="D0N48" name="p56" srcActor="D0N42"/>
            <port dstActor="D0N19" name="p57" srcActor="D0N13"/>
            <port dstActor="D0N16" name="p58" srcActor="D0N13"/>
            <port dstActor="D0N43" name="p59" srcActor="D0N13"/>
            <port dstActor="D0N29" name="p60" srcActor="D0N13"/>
            <port dstActor="D0N23" name="p61" srcActor="D0N17"/>
            <port dstActor="D0N31" name="p62" srcActor="D0N17"/>
            <port dstActor="D0N29" name="p63" srcActor="D0N17"/>
            <port dstActor="D0N40" name="p64" srcActor="D0N17"/>
            <port dstActor="D0N27" name="p65" srcActor="D0N17"/>
            <port dstActor="D0N31" name="p66" srcActor="D0N29"/>
            <port dstActor="D0N42" name="p67" srcActor="D0N27"/>
            <port dstActor="D0N44" name="p68" srcActor="D0N27"/>
            <port dstActor="D0N31" name="p69" srcActor="D0N27"/>
            <port dstActor="D0N4" name="p70" srcActor="D0N3"/>
            <port dstActor="D0N13" name="p71" srcActor="D0N3"/>
            <port dstActor="D0N27" name="p72" srcActor="D0N3"/>
            <port dstActor="D0N44" name="p73" srcActor="D0N3"/>
            <port dstActor="D0N35" name="p74" srcActor="D0N3"/>
            <port dstActor="D0N40" name="p75" srcActor="D0N3"/>
            <port dstActor="D0N47" name="p76" srcActor="D0N3"/>
            <port dstActor="D0N39" name="p77" srcActor="D0N3"/>
            <port dstActor="D0N31" name="p78" srcActor="D0N28"/>
            <port dstActor="D0N48" name="p79" srcActor="D0N37"/>
            <port dstActor="D0N39" name="p80" srcActor="D0N37"/>
            <port dstActor="D0N46" name="p81" srcActor="D0N31"/>
            <port dstActor="D0N32" name="p82" srcActor="D0N31"/>
            <port dstActor="D0N24" name="p83" srcActor="D0N19"/>
            <port dstActor="D0N43" name="p84" srcActor="D0N19"/>
            <port dstActor="D0N45" name="p85" srcActor="D0N19"/>
            <port dstActor="D0N44" name="p86" srcActor="D0N19"/>
            <port dstActor="D0N20" name="p87" srcActor="D0N19"/>
            <port dstActor="D0N42" name="p88" srcActor="D0N19"/>
            <port dstActor="D0N11" name="p89" srcActor="D0N5"/>
            <port dstActor="D0N14" name="p90" srcActor="D0N5"/>
            <port dstActor="D0N24" name="p91" srcActor="D0N5"/>
            <port dstActor="D0N47" name="p92" srcActor="D0N36"/>
            <port dstActor="D0N30" name="p93" srcActor="D0N2"/>
            <port dstActor="D0N3" name="p94" srcActor="D0N2"/>
            <port dstActor="D0N9" name="p95" srcActor="D0N2"/>
            <port dstActor="D0N20" name="p96" srcActor="D0N2"/>
            <port dstActor="D0N18" name="p97" srcActor="D0N2"/>
            <port dstActor="D0N6" name="p98" srcActor="D0N2"/>
            <port dstActor="D0N21" name="p99" srcActor="D0N2"/>
            <port dstActor="D0N43" name="p100" srcActor="D0N2"/>
            <port dstActor="D0N42" name="p101" srcActor="D0N4"/>
            <port dstActor="D0N38" name="p102" srcActor="D0N4"/>
            <port dstActor="D0N29" name="p103" srcActor="D0N4"/>
            <port dstActor="D0N37" name="p104" srcActor="D0N32"/>
            <port dstActor="D0N33" name="p105" srcActor="D0N32"/>
            <port dstActor="D0N7" name="p106" srcActor="D0N0"/>
            <port dstActor="D0N16" name="p107" srcActor="D0N0"/>
            <port dstActor="D0N9" name="p108" srcActor="D0N0"/>
            <port dstActor="D0N39" name="p109" srcActor="D0N0"/>
            <port dstActor="D0N34" name="p110" srcActor="D0N0"/>
            <port dstActor="D0N24" name="p111" srcActor="D0N0"/>
            <port dstActor="D0N10" name="p112" srcActor="D0N0"/>
            <port dstActor="D0N4" name="p113" srcActor="D0N0"/>
            <port dstActor="D0N19" name="p114" srcActor="D0N10"/>
            <port dstActor="D0N26" name="p115" srcActor="D0N10"/>
            <port dstActor="D0N22" name="p116" srcActor="D0N10"/>
            <port dstActor="D0N11" name="p117" srcActor="D0N10"/>
            <port dstActor="D0N28" name="p118" srcActor="D0N10"/>
            <port dstActor="D0N31" name="p119" srcActor="D0N21"/>
            <port dstActor="D0N23" name="p120" srcActor="D0N21"/>
            <port dstActor="D0N36" name="p121" srcActor="D0N21"/>
            <port dstActor="D0N24" name="p122" srcActor="D0N9"/>
            <port dstActor="D0N18" name="p123" srcActor="D0N9"/>
            <port dstActor="D0N21" name="p124" srcActor="D0N9"/>
            <port dstActor="D0N19" name="p125" srcActor="D0N9"/>
            <port dstActor="D0N46" name="p126" srcActor="D0N9"/>
            <port dstActor="D0N10" name="p127" srcActor="D0N9"/>
            <port dstActor="D0N39" name="p128" srcActor="D0N9"/>
            <port dstActor="D0N38" name="p129" srcActor="D0N9"/>
            <port dstActor="D0N37" name="p130" srcActor="D0N18"/>
            <port dstActor="D0N46" name="p131" srcActor="D0N18"/>
            <port dstActor="D0N24" name="p132" srcActor="D0N18"/>
            <port dstActor="D0N30" name="p133" srcActor="D0N18"/>
            <port dstActor="D0N45" name="p134" srcActor="D0N18"/>
        </ports>
    </mcdag>
    <cores number="3"/>
    <levels number="2"/>
</mcsystem>
