<?xml version="1.0" encoding="UTF-8" standalone="no"?>
<mcsystem>
    <mcdag deadline="4000" name="genned-0-ed-10.0-0">
        <actor name="D0N44">
            <wcet number="0">20</wcet>
            <wcet number="1">30</wcet>
            <maxpow number="0.11884390408683337"/>
            <maxpow number="0.11884390408683337"/>
            <fprob>0.0</fprob>
        </actor>
        <actor name="D0N46">
            <wcet number="0">50</wcet>
            <wcet number="1">460</wcet>
            <maxpow number="0.4689332141604895"/>
            <maxpow number="0.4689332141604895"/>
            <fprob>0.0</fprob>
        </actor>
        <actor name="D0N48">
            <wcet number="0">50</wcet>
            <wcet number="1">110</wcet>
            <maxpow number="0.44737185749691627"/>
            <maxpow number="0.44737185749691627"/>
            <fprob>0.0</fprob>
        </actor>
        <actor name="D0N26">
            <wcet number="0">80</wcet>
            <wcet number="1">100</wcet>
            <maxpow number="0.29865712299665753"/>
            <maxpow number="0.29865712299665753"/>
            <fprob>0.0</fprob>
        </actor>
        <actor name="D0N5">
            <wcet number="0">10</wcet>
            <wcet number="1">20</wcet>
            <maxpow number="0.5341176833541852"/>
            <maxpow number="0.5341176833541852"/>
            <fprob>0.0</fprob>
        </actor>
        <actor name="D0N16">
            <wcet number="0">20</wcet>
            <wcet number="1">70</wcet>
            <maxpow number="0.291717184170313"/>
            <maxpow number="0.291717184170313"/>
            <fprob>0.0</fprob>
        </actor>
        <actor name="D0N45">
            <wcet number="0">80</wcet>
            <wcet number="1">140</wcet>
            <maxpow number="0.7448845007225899"/>
            <maxpow number="0.7448845007225899"/>
            <fprob>0.0</fprob>
        </actor>
        <actor name="D0N19">
            <wcet number="0">190</wcet>
            <wcet number="1">220</wcet>
            <maxpow number="0.9906107796789502"/>
            <maxpow number="0.9906107796789502"/>
            <fprob>0.0</fprob>
        </actor>
        <actor name="D0N33">
            <wcet number="0">30</wcet>
            <wcet number="1">60</wcet>
            <maxpow number="0.7022417245804129"/>
            <maxpow number="0.7022417245804129"/>
            <fprob>0.0</fprob>
        </actor>
        <actor name="D0N30">
            <wcet number="0">520</wcet>
            <wcet number="1">550</wcet>
            <maxpow number="0.5946950354602704"/>
            <maxpow number="0.5946950354602704"/>
            <fprob>0.0</fprob>
        </actor>
        <actor name="D0N42">
            <wcet number="0">40</wcet>
            <wcet number="1">180</wcet>
            <maxpow number="0.402548282324401"/>
            <maxpow number="0.402548282324401"/>
            <fprob>0.0</fprob>
        </actor>
        <actor name="D0N3">
            <wcet number="0">10</wcet>
            <wcet number="1">70</wcet>
            <maxpow number="0.8321231235538533"/>
            <maxpow number="0.8321231235538533"/>
            <fprob>0.0</fprob>
        </actor>
        <actor name="D0N12">
            <wcet number="0">210</wcet>
            <wcet number="1">470</wcet>
            <maxpow number="0.7604139075422486"/>
            <maxpow number="0.7604139075422486"/>
            <fprob>0.0</fprob>
        </actor>
        <actor name="D0N1">
            <wcet number="0">110</wcet>
            <wcet number="1">210</wcet>
            <maxpow number="0.393330339364"/>
            <maxpow number="0.393330339364"/>
            <fprob>0.0</fprob>
        </actor>
        <actor name="D0N8">
            <wcet number="0">10</wcet>
            <wcet number="1">50</wcet>
            <maxpow number="0.46056215267725864"/>
            <maxpow number="0.46056215267725864"/>
            <fprob>0.0</fprob>
        </actor>
        <actor name="D0N40">
            <wcet number="0">40</wcet>
            <wcet number="1">160</wcet>
            <maxpow number="0.7893879739920422"/>
            <maxpow number="0.7893879739920422"/>
            <fprob>0.0</fprob>
        </actor>
        <actor name="D0N20">
            <wcet number="0">110</wcet>
            <wcet number="1">140</wcet>
            <maxpow number="0.7602622096960556"/>
            <maxpow number="0.7602622096960556"/>
            <fprob>0.0</fprob>
        </actor>
        <actor name="D0N22">
            <wcet number="0">70</wcet>
            <wcet number="1">80</wcet>
            <maxpow number="0.3806508629719788"/>
            <maxpow number="0.3806508629719788"/>
            <fprob>0.0</fprob>
        </actor>
        <actor name="D0N2">
            <wcet number="0">20</wcet>
            <wcet number="1">30</wcet>
            <maxpow number="0.734916426897452"/>
            <maxpow number="0.734916426897452"/>
            <fprob>0.0</fprob>
        </actor>
        <actor name="D0N34">
            <wcet number="0">100</wcet>
            <wcet number="1">230</wcet>
            <maxpow number="0.2834434928105574"/>
            <maxpow number="0.2834434928105574"/>
            <fprob>0.0</fprob>
        </actor>
        <actor name="D0N11">
            <wcet number="0">60</wcet>
            <wcet number="1">140</wcet>
            <maxpow number="0.584098133470886"/>
            <maxpow number="0.584098133470886"/>
            <fprob>0.0</fprob>
        </actor>
        <actor name="D0N24">
            <wcet number="0">100</wcet>
            <wcet number="1">170</wcet>
            <maxpow number="0.7845430257893169"/>
            <maxpow number="0.7845430257893169"/>
            <fprob>0.0</fprob>
        </actor>
        <actor name="D0N35">
            <wcet number="0">70</wcet>
            <wcet number="1">150</wcet>
            <maxpow number="0.32403325573570124"/>
            <maxpow number="0.32403325573570124"/>
            <fprob>0.0</fprob>
        </actor>
        <actor name="D0N36">
            <wcet number="0">80</wcet>
            <wcet number="1">160</wcet>
            <maxpow number="0.7835484623520466"/>
            <maxpow number="0.7835484623520466"/>
            <fprob>0.0</fprob>
        </actor>
        <actor name="D0N32">
            <wcet number="0">170</wcet>
            <wcet number="1">280</wcet>
            <maxpow number="0.7786268921216702"/>
            <maxpow number="0.7786268921216702"/>
            <fprob>0.0</fprob>
        </actor>
        <actor name="D0N6">
            <wcet number="0">20</wcet>
            <wcet number="1">30</wcet>
            <maxpow number="0.5503098093120996"/>
            <maxpow number="0.5503098093120996"/>
            <fprob>0.0</fprob>
        </actor>
        <actor name="D0N47">
            <wcet number="0">10</wcet>
            <wcet number="1">20</wcet>
            <maxpow number="0.35604899713834004"/>
            <maxpow number="0.35604899713834004"/>
            <fprob>0.0</fprob>
        </actor>
        <actor name="D0N41">
            <wcet number="0">180</wcet>
            <wcet number="1">190</wcet>
            <maxpow number="0.8284886874045875"/>
            <maxpow number="0.8284886874045875"/>
            <fprob>0.0</fprob>
        </actor>
        <actor name="D0N27">
            <wcet number="0">230</wcet>
            <wcet number="1">230</wcet>
            <maxpow number="0.39156080679100524"/>
            <maxpow number="0.39156080679100524"/>
            <fprob>0.0</fprob>
        </actor>
        <actor name="D0N29">
            <wcet number="0">10</wcet>
            <wcet number="1">40</wcet>
            <maxpow number="0.29742456087937086"/>
            <maxpow number="0.29742456087937086"/>
            <fprob>0.0</fprob>
        </actor>
        <actor name="D0N14">
            <wcet number="0">60</wcet>
            <wcet number="1">360</wcet>
            <maxpow number="0.5304858822010943"/>
            <maxpow number="0.5304858822010943"/>
            <fprob>0.0</fprob>
        </actor>
        <actor name="D0N18">
            <wcet number="0">150</wcet>
            <wcet number="1">150</wcet>
            <maxpow number="0.33964867650634656"/>
            <maxpow number="0.33964867650634656"/>
            <fprob>0.0</fprob>
        </actor>
        <actor name="D0N43">
            <wcet number="0">10</wcet>
            <wcet number="1">10</wcet>
            <maxpow number="0.5186660973153047"/>
            <maxpow number="0.5186660973153047"/>
            <fprob>0.0</fprob>
        </actor>
        <actor name="D0N37">
            <wcet number="0">330</wcet>
            <wcet number="1">330</wcet>
            <maxpow number="0.4404219365701978"/>
            <maxpow number="0.4404219365701978"/>
            <fprob>0.0</fprob>
        </actor>
        <actor name="D0N9">
            <wcet number="0">20</wcet>
            <wcet number="1">90</wcet>
            <maxpow number="0.8312113366917034"/>
            <maxpow number="0.8312113366917034"/>
            <fprob>0.0</fprob>
        </actor>
        <actor name="D0N7">
            <wcet number="0">20</wcet>
            <wcet number="1">90</wcet>
            <maxpow number="0.5352599041962263"/>
            <maxpow number="0.5352599041962263"/>
            <fprob>0.0</fprob>
        </actor>
        <actor name="D0N38">
            <wcet number="0">20</wcet>
            <wcet number="1">20</wcet>
            <maxpow number="0.7615088573151405"/>
            <maxpow number="0.7615088573151405"/>
            <fprob>0.0</fprob>
        </actor>
        <actor name="D0N4">
            <wcet number="0">70</wcet>
            <wcet number="1">90</wcet>
            <maxpow number="0.3626076866909348"/>
            <maxpow number="0.3626076866909348"/>
            <fprob>0.0</fprob>
        </actor>
        <actor name="D0N31">
            <wcet number="0">80</wcet>
            <wcet number="1">80</wcet>
            <maxpow number="0.620216815240018"/>
            <maxpow number="0.620216815240018"/>
            <fprob>0.0</fprob>
        </actor>
        <actor name="D0N39">
            <wcet number="0">60</wcet>
            <wcet number="1">80</wcet>
            <maxpow number="0.6030484832539457"/>
            <maxpow number="0.6030484832539457"/>
            <fprob>0.0</fprob>
        </actor>
        <actor name="D0N28">
            <wcet number="0">420</wcet>
            <wcet number="1">710</wcet>
            <maxpow number="0.16314938544113383"/>
            <maxpow number="0.16314938544113383"/>
            <fprob>0.0</fprob>
        </actor>
        <actor name="D0N49">
            <wcet number="0">60</wcet>
            <wcet number="1">620</wcet>
            <maxpow number="0.692805178276863"/>
            <maxpow number="0.692805178276863"/>
            <fprob>0.0</fprob>
        </actor>
        <actor name="D0N15">
            <wcet number="0">90</wcet>
            <wcet number="1">340</wcet>
            <maxpow number="0.28936595620217564"/>
            <maxpow number="0.28936595620217564"/>
            <fprob>0.0</fprob>
        </actor>
        <actor name="D0N10">
            <wcet number="0">410</wcet>
            <wcet number="1">570</wcet>
            <maxpow number="0.8093302530046427"/>
            <maxpow number="0.8093302530046427"/>
            <fprob>0.0</fprob>
        </actor>
        <actor name="D0N25">
            <wcet number="0">60</wcet>
            <wcet number="1">160</wcet>
            <maxpow number="0.883811598864269"/>
            <maxpow number="0.883811598864269"/>
            <fprob>0.0</fprob>
        </actor>
        <actor name="D0N0">
            <wcet number="0">10</wcet>
            <wcet number="1">130</wcet>
            <maxpow number="0.5336679786482855"/>
            <maxpow number="0.5336679786482855"/>
            <fprob>0.0</fprob>
        </actor>
        <actor name="D0N13">
            <wcet number="0">10</wcet>
            <wcet number="1">40</wcet>
            <maxpow number="0.8148422096106002"/>
            <maxpow number="0.8148422096106002"/>
            <fprob>0.0</fprob>
        </actor>
        <actor name="D0N21">
            <wcet number="0">200</wcet>
            <wcet number="1">380</wcet>
            <maxpow number="0.48893862797265025"/>
            <maxpow number="0.48893862797265025"/>
            <fprob>0.0</fprob>
        </actor>
        <actor name="D0N17">
            <wcet number="0">70</wcet>
            <wcet number="1">210</wcet>
            <maxpow number="0.6828457055951301"/>
            <maxpow number="0.6828457055951301"/>
            <fprob>0.0</fprob>
        </actor>
        <actor name="D0N23">
            <wcet number="0">140</wcet>
            <wcet number="1">350</wcet>
            <maxpow number="0.20661577024012995"/>
            <maxpow number="0.20661577024012995"/>
            <fprob>0.0</fprob>
        </actor>
        <ports>
            <port dstActor="D0N44" name="p0" srcActor="D0N26"/>
            <port dstActor="D0N41" name="p1" srcActor="D0N26"/>
            <port dstActor="D0N27" name="p2" srcActor="D0N26"/>
            <port dstActor="D0N29" name="p3" srcActor="D0N26"/>
            <port dstActor="D0N46" name="p4" srcActor="D0N26"/>
            <port dstActor="D0N38" name="p5" srcActor="D0N26"/>
            <port dstActor="D0N25" name="p6" srcActor="D0N5"/>
            <port dstActor="D0N29" name="p7" srcActor="D0N5"/>
            <port dstActor="D0N17" name="p8" srcActor="D0N5"/>
            <port dstActor="D0N10" name="p9" srcActor="D0N5"/>
            <port dstActor="D0N11" name="p10" srcActor="D0N5"/>
            <port dstActor="D0N21" name="p11" srcActor="D0N5"/>
            <port dstActor="D0N40" name="p12" srcActor="D0N16"/>
            <port dstActor="D0N41" name="p13" srcActor="D0N16"/>
            <port dstActor="D0N21" name="p14" srcActor="D0N16"/>
            <port dstActor="D0N35" name="p15" srcActor="D0N16"/>
            <port dstActor="D0N37" name="p16" srcActor="D0N16"/>
            <port dstActor="D0N26" name="p17" srcActor="D0N19"/>
            <port dstActor="D0N33" name="p18" srcActor="D0N19"/>
            <port dstActor="D0N41" name="p19" srcActor="D0N19"/>
            <port dstActor="D0N47" name="p20" srcActor="D0N19"/>
            <port dstActor="D0N30" name="p21" srcActor="D0N19"/>
            <port dstActor="D0N39" name="p22" srcActor="D0N30"/>
            <port dstActor="D0N14" name="p23" srcActor="D0N3"/>
            <port dstActor="D0N6" name="p24" srcActor="D0N3"/>
            <port dstActor="D0N47" name="p25" srcActor="D0N3"/>
            <port dstActor="D0N35" name="p26" srcActor="D0N3"/>
            <port dstActor="D0N42" name="p27" srcActor="D0N3"/>
            <port dstActor="D0N45" name="p28" srcActor="D0N3"/>
            <port dstActor="D0N26" name="p29" srcActor="D0N12"/>
            <port dstActor="D0N19" name="p30" srcActor="D0N12"/>
            <port dstActor="D0N22" name="p31" srcActor="D0N12"/>
            <port dstActor="D0N12" name="p32" srcActor="D0N1"/>
            <port dstActor="D0N11" name="p33" srcActor="D0N1"/>
            <port dstActor="D0N19" name="p34" srcActor="D0N1"/>
            <port dstActor="D0N32" name="p35" srcActor="D0N8"/>
            <port dstActor="D0N14" name="p36" srcActor="D0N8"/>
            <port dstActor="D0N20" name="p37" srcActor="D0N8"/>
            <port dstActor="D0N44" name="p38" srcActor="D0N40"/>
            <port dstActor="D0N22" name="p39" srcActor="D0N20"/>
            <port dstActor="D0N23" name="p40" srcActor="D0N20"/>
            <port dstActor="D0N33" name="p41" srcActor="D0N20"/>
            <port dstActor="D0N38" name="p42" srcActor="D0N22"/>
            <port dstActor="D0N24" name="p43" srcActor="D0N22"/>
            <port dstActor="D0N21" name="p44" srcActor="D0N2"/>
            <port dstActor="D0N40" name="p45" srcActor="D0N2"/>
            <port dstActor="D0N35" name="p46" srcActor="D0N2"/>
            <port dstActor="D0N29" name="p47" srcActor="D0N2"/>
            <port dstActor="D0N19" name="p48" srcActor="D0N2"/>
            <port dstActor="D0N23" name="p49" srcActor="D0N2"/>
            <port dstActor="D0N37" name="p50" srcActor="D0N2"/>
            <port dstActor="D0N45" name="p51" srcActor="D0N2"/>
            <port dstActor="D0N17" name="p52" srcActor="D0N11"/>
            <port dstActor="D0N20" name="p53" srcActor="D0N11"/>
            <port dstActor="D0N31" name="p54" srcActor="D0N11"/>
            <port dstActor="D0N38" name="p55" srcActor="D0N11"/>
            <port dstActor="D0N49" name="p56" srcActor="D0N11"/>
            <port dstActor="D0N30" name="p57" srcActor="D0N11"/>
            <port dstActor="D0N24" name="p58" srcActor="D0N11"/>
            <port dstActor="D0N36" name="p59" srcActor="D0N24"/>
            <port dstActor="D0N37" name="p60" srcActor="D0N24"/>
            <port dstActor="D0N37" name="p61" srcActor="D0N35"/>
            <port dstActor="D0N47" name="p62" srcActor="D0N35"/>
            <port dstActor="D0N48" name="p63" srcActor="D0N36"/>
            <port dstActor="D0N40" name="p64" srcActor="D0N36"/>
            <port dstActor="D0N27" name="p65" srcActor="D0N6"/>
            <port dstActor="D0N41" name="p66" srcActor="D0N6"/>
            <port dstActor="D0N40" name="p67" srcActor="D0N6"/>
            <port dstActor="D0N29" name="p68" srcActor="D0N6"/>
            <port dstActor="D0N34" name="p69" srcActor="D0N6"/>
            <port dstActor="D0N42" name="p70" srcActor="D0N41"/>
            <port dstActor="D0N42" name="p71" srcActor="D0N27"/>
            <port dstActor="D0N49" name="p72" srcActor="D0N29"/>
            <port dstActor="D0N41" name="p73" srcActor="D0N29"/>
            <port dstActor="D0N45" name="p74" srcActor="D0N29"/>
            <port dstActor="D0N40" name="p75" srcActor="D0N29"/>
            <port dstActor="D0N16" name="p76" srcActor="D0N14"/>
            <port dstActor="D0N33" name="p77" srcActor="D0N14"/>
            <port dstActor="D0N28" name="p78" srcActor="D0N14"/>
            <port dstActor="D0N42" name="p79" srcActor="D0N14"/>
            <port dstActor="D0N45" name="p80" srcActor="D0N14"/>
            <port dstActor="D0N32" name="p81" srcActor="D0N14"/>
            <port dstActor="D0N41" name="p82" srcActor="D0N18"/>
            <port dstActor="D0N31" name="p83" srcActor="D0N18"/>
            <port dstActor="D0N21" name="p84" srcActor="D0N18"/>
            <port dstActor="D0N38" name="p85" srcActor="D0N18"/>
            <port dstActor="D0N46" name="p86" srcActor="D0N37"/>
            <port dstActor="D0N30" name="p87" srcActor="D0N9"/>
            <port dstActor="D0N42" name="p88" srcActor="D0N9"/>
            <port dstActor="D0N18" name="p89" srcActor="D0N9"/>
            <port dstActor="D0N23" name="p90" srcActor="D0N9"/>
            <port dstActor="D0N19" name="p91" srcActor="D0N7"/>
            <port dstActor="D0N49" name="p92" srcActor="D0N7"/>
            <port dstActor="D0N18" name="p93" srcActor="D0N7"/>
            <port dstActor="D0N40" name="p94" srcActor="D0N7"/>
            <port dstActor="D0N42" name="p95" srcActor="D0N7"/>
            <port dstActor="D0N48" name="p96" srcActor="D0N7"/>
            <port dstActor="D0N35" name="p97" srcActor="D0N7"/>
            <port dstActor="D0N14" name="p98" srcActor="D0N4"/>
            <port dstActor="D0N23" name="p99" srcActor="D0N4"/>
            <port dstActor="D0N30" name="p100" srcActor="D0N4"/>
            <port dstActor="D0N28" name="p101" srcActor="D0N4"/>
            <port dstActor="D0N33" name="p102" srcActor="D0N31"/>
            <port dstActor="D0N45" name="p103" srcActor="D0N31"/>
            <port dstActor="D0N33" name="p104" srcActor="D0N15"/>
            <port dstActor="D0N20" name="p105" srcActor="D0N15"/>
            <port dstActor="D0N31" name="p106" srcActor="D0N15"/>
            <port dstActor="D0N26" name="p107" srcActor="D0N10"/>
            <port dstActor="D0N38" name="p108" srcActor="D0N10"/>
            <port dstActor="D0N34" name="p109" srcActor="D0N10"/>
            <port dstActor="D0N12" name="p110" srcActor="D0N10"/>
            <port dstActor="D0N35" name="p111" srcActor="D0N10"/>
            <port dstActor="D0N49" name="p112" srcActor="D0N10"/>
            <port dstActor="D0N39" name="p113" srcActor="D0N25"/>
            <port dstActor="D0N49" name="p114" srcActor="D0N25"/>
            <port dstActor="D0N40" name="p115" srcActor="D0N25"/>
            <port dstActor="D0N31" name="p116" srcActor="D0N25"/>
            <port dstActor="D0N41" name="p117" srcActor="D0N0"/>
            <port dstActor="D0N42" name="p118" srcActor="D0N0"/>
            <port dstActor="D0N4" name="p119" srcActor="D0N0"/>
            <port dstActor="D0N45" name="p120" srcActor="D0N0"/>
            <port dstActor="D0N29" name="p121" srcActor="D0N13"/>
            <port dstActor="D0N46" name="p122" srcActor="D0N13"/>
            <port dstActor="D0N47" name="p123" srcActor="D0N13"/>
            <port dstActor="D0N42" name="p124" srcActor="D0N13"/>
            <port dstActor="D0N45" name="p125" srcActor="D0N13"/>
            <port dstActor="D0N14" name="p126" srcActor="D0N13"/>
            <port dstActor="D0N40" name="p127" srcActor="D0N21"/>
            <port dstActor="D0N49" name="p128" srcActor="D0N21"/>
            <port dstActor="D0N35" name="p129" srcActor="D0N21"/>
            <port dstActor="D0N45" name="p130" srcActor="D0N17"/>
            <port dstActor="D0N31" name="p131" srcActor="D0N17"/>
            <port dstActor="D0N41" name="p132" srcActor="D0N17"/>
            <port dstActor="D0N32" name="p133" srcActor="D0N17"/>
            <port dstActor="D0N26" name="p134" srcActor="D0N17"/>
            <port dstActor="D0N45" name="p135" srcActor="D0N23"/>
            <port dstActor="D0N33" name="p136" srcActor="D0N23"/>
            <port dstActor="D0N48" name="p137" srcActor="D0N23"/>
            <port dstActor="D0N30" name="p138" srcActor="D0N23"/>
        </ports>
    </mcdag>
    <cores number="3"/>
    <levels number="2"/>
</mcsystem>
