<?xml version="1.0" encoding="UTF-8" standalone="no"?>
<mcsystem>
    <mcdag deadline="2500" name="genned-0-ed-10.0-0">
        <actor name="D0N3">
            <wcet number="0">10</wcet>
            <wcet number="1">10</wcet>
            <maxpow number="0.5141883610592327"/>
            <maxpow number="0.5141883610592327"/>
            <fprob>0.0</fprob>
        </actor>
        <actor name="D0N7">
            <wcet number="0">70</wcet>
            <wcet number="1">80</wcet>
            <maxpow number="0.4721304238234674"/>
            <maxpow number="0.4721304238234674"/>
            <fprob>0.0</fprob>
        </actor>
        <actor name="D0N20">
            <wcet number="0">10</wcet>
            <wcet number="1">30</wcet>
            <maxpow number="0.41761572285773807"/>
            <maxpow number="0.41761572285773807"/>
            <fprob>0.0</fprob>
        </actor>
        <actor name="D0N10">
            <wcet number="0">240</wcet>
            <wcet number="1">620</wcet>
            <maxpow number="0.4054669842677483"/>
            <maxpow number="0.4054669842677483"/>
            <fprob>0.0</fprob>
        </actor>
        <actor name="D0N27">
            <wcet number="0">70</wcet>
            <wcet number="1">70</wcet>
            <maxpow number="0.5346646503471846"/>
            <maxpow number="0.5346646503471846"/>
            <fprob>0.0</fprob>
        </actor>
        <actor name="D0N31">
            <wcet number="0">50</wcet>
            <wcet number="1">120</wcet>
            <maxpow number="0.16036691044788315"/>
            <maxpow number="0.16036691044788315"/>
            <fprob>0.0</fprob>
        </actor>
        <actor name="D0N1">
            <wcet number="0">40</wcet>
            <wcet number="1">50</wcet>
            <maxpow number="0.415557955357317"/>
            <maxpow number="0.415557955357317"/>
            <fprob>0.0</fprob>
        </actor>
        <actor name="D0N12">
            <wcet number="0">250</wcet>
            <wcet number="1">250</wcet>
            <maxpow number="0.6551313346064338"/>
            <maxpow number="0.6551313346064338"/>
            <fprob>0.0</fprob>
        </actor>
        <actor name="D0N35">
            <wcet number="0">40</wcet>
            <wcet number="1">130</wcet>
            <maxpow number="0.5867152237759583"/>
            <maxpow number="0.5867152237759583"/>
            <fprob>0.0</fprob>
        </actor>
        <actor name="D0N30">
            <wcet number="0">30</wcet>
            <wcet number="1">50</wcet>
            <maxpow number="0.625317930338105"/>
            <maxpow number="0.625317930338105"/>
            <fprob>0.0</fprob>
        </actor>
        <actor name="D0N6">
            <wcet number="0">170</wcet>
            <wcet number="1">360</wcet>
            <maxpow number="0.8302791917021358"/>
            <maxpow number="0.8302791917021358"/>
            <fprob>0.0</fprob>
        </actor>
        <actor name="D0N14">
            <wcet number="0">20</wcet>
            <wcet number="1">40</wcet>
            <maxpow number="0.4643544458692642"/>
            <maxpow number="0.4643544458692642"/>
            <fprob>0.0</fprob>
        </actor>
        <actor name="D0N18">
            <wcet number="0">10</wcet>
            <wcet number="1">40</wcet>
            <maxpow number="0.7601466057765697"/>
            <maxpow number="0.7601466057765697"/>
            <fprob>0.0</fprob>
        </actor>
        <actor name="D0N38">
            <wcet number="0">10</wcet>
            <wcet number="1">130</wcet>
            <maxpow number="0.6901627036753871"/>
            <maxpow number="0.6901627036753871"/>
            <fprob>0.0</fprob>
        </actor>
        <actor name="D0N22">
            <wcet number="0">10</wcet>
            <wcet number="1">10</wcet>
            <maxpow number="0.5410705271949338"/>
            <maxpow number="0.5410705271949338"/>
            <fprob>0.0</fprob>
        </actor>
        <actor name="D0N43">
            <wcet number="0">60</wcet>
            <wcet number="1">220</wcet>
            <maxpow number="0.4994200885675217"/>
            <maxpow number="0.4994200885675217"/>
            <fprob>0.0</fprob>
        </actor>
        <actor name="D0N24">
            <wcet number="0">220</wcet>
            <wcet number="1">430</wcet>
            <maxpow number="0.4779539448094046"/>
            <maxpow number="0.4779539448094046"/>
            <fprob>0.0</fprob>
        </actor>
        <actor name="D0N45">
            <wcet number="0">80</wcet>
            <wcet number="1">80</wcet>
            <maxpow number="0.2679072975693029"/>
            <maxpow number="0.2679072975693029"/>
            <fprob>0.0</fprob>
        </actor>
        <actor name="D0N39">
            <wcet number="0">30</wcet>
            <wcet number="1">160</wcet>
            <maxpow number="0.2958718384604533"/>
            <maxpow number="0.2958718384604533"/>
            <fprob>0.0</fprob>
        </actor>
        <actor name="D0N29">
            <wcet number="0">40</wcet>
            <wcet number="1">60</wcet>
            <maxpow number="0.5803935010638909"/>
            <maxpow number="0.5803935010638909"/>
            <fprob>0.0</fprob>
        </actor>
        <actor name="D0N44">
            <wcet number="0">40</wcet>
            <wcet number="1">50</wcet>
            <maxpow number="0.3832382810784324"/>
            <maxpow number="0.3832382810784324"/>
            <fprob>0.0</fprob>
        </actor>
        <actor name="D0N9">
            <wcet number="0">20</wcet>
            <wcet number="1">30</wcet>
            <maxpow number="0.6770071874395744"/>
            <maxpow number="0.6770071874395744"/>
            <fprob>0.0</fprob>
        </actor>
        <actor name="D0N46">
            <wcet number="0">70</wcet>
            <wcet number="1">180</wcet>
            <maxpow number="0.5814969771886264"/>
            <maxpow number="0.5814969771886264"/>
            <fprob>0.0</fprob>
        </actor>
        <actor name="D0N40">
            <wcet number="0">140</wcet>
            <wcet number="1">210</wcet>
            <maxpow number="0.6649025257349067"/>
            <maxpow number="0.6649025257349067"/>
            <fprob>0.0</fprob>
        </actor>
        <actor name="D0N21">
            <wcet number="0">20</wcet>
            <wcet number="1">160</wcet>
            <maxpow number="0.40492919149675183"/>
            <maxpow number="0.40492919149675183"/>
            <fprob>0.0</fprob>
        </actor>
        <actor name="D0N8">
            <wcet number="0">170</wcet>
            <wcet number="1">170</wcet>
            <maxpow number="0.6972971755284292"/>
            <maxpow number="0.6972971755284292"/>
            <fprob>0.0</fprob>
        </actor>
        <actor name="D0N34">
            <wcet number="0">220</wcet>
            <wcet number="1">230</wcet>
            <maxpow number="0.45673648415390333"/>
            <maxpow number="0.45673648415390333"/>
            <fprob>0.0</fprob>
        </actor>
        <actor name="D0N37">
            <wcet number="0">30</wcet>
            <wcet number="1">40</wcet>
            <maxpow number="0.52989235437068"/>
            <maxpow number="0.52989235437068"/>
            <fprob>0.0</fprob>
        </actor>
        <actor name="D0N36">
            <wcet number="0">20</wcet>
            <wcet number="1">50</wcet>
            <maxpow number="0.34761106294249444"/>
            <maxpow number="0.34761106294249444"/>
            <fprob>0.0</fprob>
        </actor>
        <actor name="D0N5">
            <wcet number="0">10</wcet>
            <wcet number="1">120</wcet>
            <maxpow number="0.8312969978824818"/>
            <maxpow number="0.8312969978824818"/>
            <fprob>0.0</fprob>
        </actor>
        <actor name="D0N19">
            <wcet number="0">170</wcet>
            <wcet number="1">240</wcet>
            <maxpow number="0.8205903214709703"/>
            <maxpow number="0.8205903214709703"/>
            <fprob>0.0</fprob>
        </actor>
        <actor name="D0N11">
            <wcet number="0">10</wcet>
            <wcet number="1">100</wcet>
            <maxpow number="0.5639887762347509"/>
            <maxpow number="0.5639887762347509"/>
            <fprob>0.0</fprob>
        </actor>
        <actor name="D0N4">
            <wcet number="0">30</wcet>
            <wcet number="1">110</wcet>
            <maxpow number="0.535530015399139"/>
            <maxpow number="0.535530015399139"/>
            <fprob>0.0</fprob>
        </actor>
        <actor name="D0N17">
            <wcet number="0">20</wcet>
            <wcet number="1">20</wcet>
            <maxpow number="0.6785681049976232"/>
            <maxpow number="0.6785681049976232"/>
            <fprob>0.0</fprob>
        </actor>
        <actor name="D0N32">
            <wcet number="0">20</wcet>
            <wcet number="1">100</wcet>
            <maxpow number="0.28936024332146065"/>
            <maxpow number="0.28936024332146065"/>
            <fprob>0.0</fprob>
        </actor>
        <actor name="D0N23">
            <wcet number="0">30</wcet>
            <wcet number="1">110</wcet>
            <maxpow number="0.3772529611029923"/>
            <maxpow number="0.3772529611029923"/>
            <fprob>0.0</fprob>
        </actor>
        <actor name="D0N13">
            <wcet number="0">20</wcet>
            <wcet number="1">20</wcet>
            <maxpow number="0.7578595558930175"/>
            <maxpow number="0.7578595558930175"/>
            <fprob>0.0</fprob>
        </actor>
        <actor name="D0N0">
            <wcet number="0">50</wcet>
            <wcet number="1">60</wcet>
            <maxpow number="0.8747844055877765"/>
            <maxpow number="0.8747844055877765"/>
            <fprob>0.0</fprob>
        </actor>
        <actor name="D0N28">
            <wcet number="0">10</wcet>
            <wcet number="1">10</wcet>
            <maxpow number="0.49186356842902224"/>
            <maxpow number="0.49186356842902224"/>
            <fprob>0.0</fprob>
        </actor>
        <actor name="D0N33">
            <wcet number="0">20</wcet>
            <wcet number="1">50</wcet>
            <maxpow number="0.2252332059153983"/>
            <maxpow number="0.2252332059153983"/>
            <fprob>0.0</fprob>
        </actor>
        <actor name="D0N41">
            <wcet number="0">20</wcet>
            <wcet number="1">100</wcet>
            <maxpow number="0.6865930986172338"/>
            <maxpow number="0.6865930986172338"/>
            <fprob>0.0</fprob>
        </actor>
        <actor name="D0N42">
            <wcet number="0">20</wcet>
            <wcet number="1">30</wcet>
            <maxpow number="0.7587687818035083"/>
            <maxpow number="0.7587687818035083"/>
            <fprob>0.0</fprob>
        </actor>
        <actor name="D0N15">
            <wcet number="0">170</wcet>
            <wcet number="1">170</wcet>
            <maxpow number="0.5952602905220574"/>
            <maxpow number="0.5952602905220574"/>
            <fprob>0.0</fprob>
        </actor>
        <actor name="D0N16">
            <wcet number="0">10</wcet>
            <wcet number="1">10</wcet>
            <maxpow number="0.482955223249367"/>
            <maxpow number="0.482955223249367"/>
            <fprob>0.0</fprob>
        </actor>
        <actor name="D0N25">
            <wcet number="0">10</wcet>
            <wcet number="1">70</wcet>
            <maxpow number="0.47774882959356024"/>
            <maxpow number="0.47774882959356024"/>
            <fprob>0.0</fprob>
        </actor>
        <actor name="D0N2">
            <wcet number="0">70</wcet>
            <wcet number="1">70</wcet>
            <maxpow number="0.5332050250716471"/>
            <maxpow number="0.5332050250716471"/>
            <fprob>0.0</fprob>
        </actor>
        <actor name="D0N26">
            <wcet number="0">20</wcet>
            <wcet number="1">50</wcet>
            <maxpow number="0.23835831985789163"/>
            <maxpow number="0.23835831985789163"/>
            <fprob>0.0</fprob>
        </actor>
        <ports>
            <port dstActor="D0N35" name="p0" srcActor="D0N3"/>
            <port dstActor="D0N9" name="p1" srcActor="D0N3"/>
            <port dstActor="D0N33" name="p2" srcActor="D0N3"/>
            <port dstActor="D0N10" name="p3" srcActor="D0N3"/>
            <port dstActor="D0N25" name="p4" srcActor="D0N3"/>
            <port dstActor="D0N37" name="p5" srcActor="D0N3"/>
            <port dstActor="D0N38" name="p6" srcActor="D0N3"/>
            <port dstActor="D0N12" name="p7" srcActor="D0N3"/>
            <port dstActor="D0N40" name="p8" srcActor="D0N7"/>
            <port dstActor="D0N31" name="p9" srcActor="D0N7"/>
            <port dstActor="D0N45" name="p10" srcActor="D0N7"/>
            <port dstActor="D0N44" name="p11" srcActor="D0N20"/>
            <port dstActor="D0N30" name="p12" srcActor="D0N10"/>
            <port dstActor="D0N19" name="p13" srcActor="D0N10"/>
            <port dstActor="D0N41" name="p14" srcActor="D0N10"/>
            <port dstActor="D0N23" name="p15" srcActor="D0N10"/>
            <port dstActor="D0N31" name="p16" srcActor="D0N10"/>
            <port dstActor="D0N12" name="p17" srcActor="D0N10"/>
            <port dstActor="D0N14" name="p18" srcActor="D0N10"/>
            <port dstActor="D0N34" name="p19" srcActor="D0N27"/>
            <port dstActor="D0N42" name="p20" srcActor="D0N27"/>
            <port dstActor="D0N40" name="p21" srcActor="D0N31"/>
            <port dstActor="D0N13" name="p22" srcActor="D0N1"/>
            <port dstActor="D0N26" name="p23" srcActor="D0N1"/>
            <port dstActor="D0N18" name="p24" srcActor="D0N1"/>
            <port dstActor="D0N12" name="p25" srcActor="D0N1"/>
            <port dstActor="D0N15" name="p26" srcActor="D0N1"/>
            <port dstActor="D0N17" name="p27" srcActor="D0N1"/>
            <port dstActor="D0N33" name="p28" srcActor="D0N1"/>
            <port dstActor="D0N11" name="p29" srcActor="D0N1"/>
            <port dstActor="D0N32" name="p30" srcActor="D0N12"/>
            <port dstActor="D0N38" name="p31" srcActor="D0N12"/>
            <port dstActor="D0N28" name="p32" srcActor="D0N12"/>
            <port dstActor="D0N19" name="p33" srcActor="D0N12"/>
            <port dstActor="D0N44" name="p34" srcActor="D0N30"/>
            <port dstActor="D0N36" name="p35" srcActor="D0N30"/>
            <port dstActor="D0N37" name="p36" srcActor="D0N30"/>
            <port dstActor="D0N21" name="p37" srcActor="D0N6"/>
            <port dstActor="D0N24" name="p38" srcActor="D0N14"/>
            <port dstActor="D0N38" name="p39" srcActor="D0N14"/>
            <port dstActor="D0N25" name="p40" srcActor="D0N18"/>
            <port dstActor="D0N41" name="p41" srcActor="D0N18"/>
            <port dstActor="D0N45" name="p42" srcActor="D0N38"/>
            <port dstActor="D0N34" name="p43" srcActor="D0N22"/>
            <port dstActor="D0N31" name="p44" srcActor="D0N24"/>
            <port dstActor="D0N41" name="p45" srcActor="D0N39"/>
            <port dstActor="D0N40" name="p46" srcActor="D0N29"/>
            <port dstActor="D0N24" name="p47" srcActor="D0N9"/>
            <port dstActor="D0N29" name="p48" srcActor="D0N9"/>
            <port dstActor="D0N18" name="p49" srcActor="D0N9"/>
            <port dstActor="D0N35" name="p50" srcActor="D0N9"/>
            <port dstActor="D0N22" name="p51" srcActor="D0N9"/>
            <port dstActor="D0N27" name="p52" srcActor="D0N21"/>
            <port dstActor="D0N33" name="p53" srcActor="D0N21"/>
            <port dstActor="D0N23" name="p54" srcActor="D0N8"/>
            <port dstActor="D0N36" name="p55" srcActor="D0N34"/>
            <port dstActor="D0N38" name="p56" srcActor="D0N34"/>
            <port dstActor="D0N35" name="p57" srcActor="D0N34"/>
            <port dstActor="D0N45" name="p58" srcActor="D0N37"/>
            <port dstActor="D0N43" name="p59" srcActor="D0N36"/>
            <port dstActor="D0N39" name="p60" srcActor="D0N36"/>
            <port dstActor="D0N24" name="p61" srcActor="D0N5"/>
            <port dstActor="D0N44" name="p62" srcActor="D0N5"/>
            <port dstActor="D0N45" name="p63" srcActor="D0N5"/>
            <port dstActor="D0N14" name="p64" srcActor="D0N5"/>
            <port dstActor="D0N41" name="p65" srcActor="D0N5"/>
            <port dstActor="D0N30" name="p66" srcActor="D0N5"/>
            <port dstActor="D0N31" name="p67" srcActor="D0N5"/>
            <port dstActor="D0N30" name="p68" srcActor="D0N19"/>
            <port dstActor="D0N39" name="p69" srcActor="D0N11"/>
            <port dstActor="D0N14" name="p70" srcActor="D0N11"/>
            <port dstActor="D0N36" name="p71" srcActor="D0N11"/>
            <port dstActor="D0N29" name="p72" srcActor="D0N11"/>
            <port dstActor="D0N34" name="p73" srcActor="D0N11"/>
            <port dstActor="D0N13" name="p74" srcActor="D0N4"/>
            <port dstActor="D0N24" name="p75" srcActor="D0N4"/>
            <port dstActor="D0N30" name="p76" srcActor="D0N4"/>
            <port dstActor="D0N38" name="p77" srcActor="D0N4"/>
            <port dstActor="D0N9" name="p78" srcActor="D0N4"/>
            <port dstActor="D0N10" name="p79" srcActor="D0N4"/>
            <port dstActor="D0N44" name="p80" srcActor="D0N4"/>
            <port dstActor="D0N22" name="p81" srcActor="D0N17"/>
            <port dstActor="D0N42" name="p82" srcActor="D0N17"/>
            <port dstActor="D0N35" name="p83" srcActor="D0N17"/>
            <port dstActor="D0N20" name="p84" srcActor="D0N17"/>
            <port dstActor="D0N39" name="p85" srcActor="D0N17"/>
            <port dstActor="D0N33" name="p86" srcActor="D0N17"/>
            <port dstActor="D0N28" name="p87" srcActor="D0N17"/>
            <port dstActor="D0N41" name="p88" srcActor="D0N17"/>
            <port dstActor="D0N42" name="p89" srcActor="D0N32"/>
            <port dstActor="D0N40" name="p90" srcActor="D0N23"/>
            <port dstActor="D0N27" name="p91" srcActor="D0N23"/>
            <port dstActor="D0N5" name="p92" srcActor="D0N0"/>
            <port dstActor="D0N4" name="p93" srcActor="D0N0"/>
            <port dstActor="D0N35" name="p94" srcActor="D0N0"/>
            <port dstActor="D0N27" name="p95" srcActor="D0N0"/>
            <port dstActor="D0N37" name="p96" srcActor="D0N28"/>
            <port dstActor="D0N40" name="p97" srcActor="D0N28"/>
            <port dstActor="D0N46" name="p98" srcActor="D0N28"/>
            <port dstActor="D0N46" name="p99" srcActor="D0N33"/>
            <port dstActor="D0N25" name="p100" srcActor="D0N15"/>
            <port dstActor="D0N24" name="p101" srcActor="D0N15"/>
            <port dstActor="D0N42" name="p102" srcActor="D0N15"/>
            <port dstActor="D0N27" name="p103" srcActor="D0N15"/>
            <port dstActor="D0N30" name="p104" srcActor="D0N15"/>
            <port dstActor="D0N34" name="p105" srcActor="D0N15"/>
            <port dstActor="D0N33" name="p106" srcActor="D0N16"/>
            <port dstActor="D0N45" name="p107" srcActor="D0N16"/>
            <port dstActor="D0N46" name="p108" srcActor="D0N25"/>
            <port dstActor="D0N32" name="p109" srcActor="D0N2"/>
            <port dstActor="D0N44" name="p110" srcActor="D0N2"/>
            <port dstActor="D0N46" name="p111" srcActor="D0N2"/>
            <port dstActor="D0N25" name="p112" srcActor="D0N2"/>
            <port dstActor="D0N32" name="p113" srcActor="D0N26"/>
            <port dstActor="D0N44" name="p114" srcActor="D0N26"/>
        </ports>
    </mcdag>
    <cores number="3"/>
    <levels number="2"/>
</mcsystem>
