<?xml version="1.0" encoding="UTF-8" standalone="no"?>
<mcsystem>
    <mcdag deadline="5000" name="genned-0-ed-10.0-0">
        <actor name="D0N13">
            <wcet number="0">170</wcet>
            <wcet number="1">200</wcet>
            <maxpow number="0.6331451387440846"/>
            <maxpow number="0.6331451387440846"/>
            <fprob>0.0</fprob>
        </actor>
        <actor name="D0N1">
            <wcet number="0">130</wcet>
            <wcet number="1">200</wcet>
            <maxpow number="0.52412644039741"/>
            <maxpow number="0.52412644039741"/>
            <fprob>0.0</fprob>
        </actor>
        <actor name="D0N22">
            <wcet number="0">130</wcet>
            <wcet number="1">150</wcet>
            <maxpow number="0.29047940181821597"/>
            <maxpow number="0.29047940181821597"/>
            <fprob>0.0</fprob>
        </actor>
        <actor name="D0N12">
            <wcet number="0">10</wcet>
            <wcet number="1">20</wcet>
            <maxpow number="0.7267820727639779"/>
            <maxpow number="0.7267820727639779"/>
            <fprob>0.0</fprob>
        </actor>
        <actor name="D0N3">
            <wcet number="0">30</wcet>
            <wcet number="1">120</wcet>
            <maxpow number="0.7113162400010331"/>
            <maxpow number="0.7113162400010331"/>
            <fprob>0.0</fprob>
        </actor>
        <actor name="D0N33">
            <wcet number="0">110</wcet>
            <wcet number="1">130</wcet>
            <maxpow number="0.6451764076824179"/>
            <maxpow number="0.6451764076824179"/>
            <fprob>0.0</fprob>
        </actor>
        <actor name="D0N11">
            <wcet number="0">750</wcet>
            <wcet number="1">750</wcet>
            <maxpow number="0.3862348657477137"/>
            <maxpow number="0.3862348657477137"/>
            <fprob>0.0</fprob>
        </actor>
        <actor name="D0N31">
            <wcet number="0">10</wcet>
            <wcet number="1">20</wcet>
            <maxpow number="0.5164670142733431"/>
            <maxpow number="0.5164670142733431"/>
            <fprob>0.0</fprob>
        </actor>
        <actor name="D0N0">
            <wcet number="0">20</wcet>
            <wcet number="1">70</wcet>
            <maxpow number="0.6583240324408707"/>
            <maxpow number="0.6583240324408707"/>
            <fprob>0.0</fprob>
        </actor>
        <actor name="D0N7">
            <wcet number="0">650</wcet>
            <wcet number="1">760</wcet>
            <maxpow number="0.47666697905016064"/>
            <maxpow number="0.47666697905016064"/>
            <fprob>0.0</fprob>
        </actor>
        <actor name="D0N26">
            <wcet number="0">10</wcet>
            <wcet number="1">10</wcet>
            <maxpow number="0.5641562558631225"/>
            <maxpow number="0.5641562558631225"/>
            <fprob>0.0</fprob>
        </actor>
        <actor name="D0N4">
            <wcet number="0">120</wcet>
            <wcet number="1">140</wcet>
            <maxpow number="0.4953423457908217"/>
            <maxpow number="0.4953423457908217"/>
            <fprob>0.0</fprob>
        </actor>
        <actor name="D0N34">
            <wcet number="0">30</wcet>
            <wcet number="1">140</wcet>
            <maxpow number="0.43263252045389944"/>
            <maxpow number="0.43263252045389944"/>
            <fprob>0.0</fprob>
        </actor>
        <actor name="D0N30">
            <wcet number="0">30</wcet>
            <wcet number="1">160</wcet>
            <maxpow number="0.5339734709652736"/>
            <maxpow number="0.5339734709652736"/>
            <fprob>0.0</fprob>
        </actor>
        <actor name="D0N35">
            <wcet number="0">100</wcet>
            <wcet number="1">270</wcet>
            <maxpow number="0.7375208062535279"/>
            <maxpow number="0.7375208062535279"/>
            <fprob>0.0</fprob>
        </actor>
        <actor name="D0N27">
            <wcet number="0">190</wcet>
            <wcet number="1">240</wcet>
            <maxpow number="0.3635622150648797"/>
            <maxpow number="0.3635622150648797"/>
            <fprob>0.0</fprob>
        </actor>
        <actor name="D0N41">
            <wcet number="0">140</wcet>
            <wcet number="1">160</wcet>
            <maxpow number="0.4728671124179967"/>
            <maxpow number="0.4728671124179967"/>
            <fprob>0.0</fprob>
        </actor>
        <actor name="D0N5">
            <wcet number="0">10</wcet>
            <wcet number="1">10</wcet>
            <maxpow number="0.6564197886866652"/>
            <maxpow number="0.6564197886866652"/>
            <fprob>0.0</fprob>
        </actor>
        <actor name="D0N39">
            <wcet number="0">140</wcet>
            <wcet number="1">140</wcet>
            <maxpow number="0.7007891519361997"/>
            <maxpow number="0.7007891519361997"/>
            <fprob>0.0</fprob>
        </actor>
        <actor name="D0N36">
            <wcet number="0">170</wcet>
            <wcet number="1">170</wcet>
            <maxpow number="0.28035521173320105"/>
            <maxpow number="0.28035521173320105"/>
            <fprob>0.0</fprob>
        </actor>
        <actor name="D0N16">
            <wcet number="0">10</wcet>
            <wcet number="1">20</wcet>
            <maxpow number="0.490333736211018"/>
            <maxpow number="0.490333736211018"/>
            <fprob>0.0</fprob>
        </actor>
        <actor name="D0N38">
            <wcet number="0">340</wcet>
            <wcet number="1">570</wcet>
            <maxpow number="0.7623482161698336"/>
            <maxpow number="0.7623482161698336"/>
            <fprob>0.0</fprob>
        </actor>
        <actor name="D0N21">
            <wcet number="0">50</wcet>
            <wcet number="1">50</wcet>
            <maxpow number="0.3987369155723131"/>
            <maxpow number="0.3987369155723131"/>
            <fprob>0.0</fprob>
        </actor>
        <actor name="D0N9">
            <wcet number="0">30</wcet>
            <wcet number="1">190</wcet>
            <maxpow number="0.5120508480138685"/>
            <maxpow number="0.5120508480138685"/>
            <fprob>0.0</fprob>
        </actor>
        <actor name="D0N49">
            <wcet number="0">250</wcet>
            <wcet number="1">400</wcet>
            <maxpow number="0.66508593013779"/>
            <maxpow number="0.66508593013779"/>
            <fprob>0.0</fprob>
        </actor>
        <actor name="D0N17">
            <wcet number="0">110</wcet>
            <wcet number="1">210</wcet>
            <maxpow number="0.38642737645620207"/>
            <maxpow number="0.38642737645620207"/>
            <fprob>0.0</fprob>
        </actor>
        <actor name="D0N45">
            <wcet number="0">210</wcet>
            <wcet number="1">210</wcet>
            <maxpow number="0.5736454923752561"/>
            <maxpow number="0.5736454923752561"/>
            <fprob>0.0</fprob>
        </actor>
        <actor name="D0N15">
            <wcet number="0">110</wcet>
            <wcet number="1">120</wcet>
            <maxpow number="0.5659970084312282"/>
            <maxpow number="0.5659970084312282"/>
            <fprob>0.0</fprob>
        </actor>
        <actor name="D0N47">
            <wcet number="0">630</wcet>
            <wcet number="1">650</wcet>
            <maxpow number="0.6186826522963622"/>
            <maxpow number="0.6186826522963622"/>
            <fprob>0.0</fprob>
        </actor>
        <actor name="D0N25">
            <wcet number="0">130</wcet>
            <wcet number="1">300</wcet>
            <maxpow number="0.6030998416526581"/>
            <maxpow number="0.6030998416526581"/>
            <fprob>0.0</fprob>
        </actor>
        <actor name="D0N19">
            <wcet number="0">30</wcet>
            <wcet number="1">190</wcet>
            <maxpow number="0.42726024600170853"/>
            <maxpow number="0.42726024600170853"/>
            <fprob>0.0</fprob>
        </actor>
        <actor name="D0N2">
            <wcet number="0">40</wcet>
            <wcet number="1">80</wcet>
            <maxpow number="0.7563056655204752"/>
            <maxpow number="0.7563056655204752"/>
            <fprob>0.0</fprob>
        </actor>
        <actor name="D0N10">
            <wcet number="0">20</wcet>
            <wcet number="1">60</wcet>
            <maxpow number="0.4308482988866963"/>
            <maxpow number="0.4308482988866963"/>
            <fprob>0.0</fprob>
        </actor>
        <actor name="D0N24">
            <wcet number="0">70</wcet>
            <wcet number="1">100</wcet>
            <maxpow number="0.42429815412254324"/>
            <maxpow number="0.42429815412254324"/>
            <fprob>0.0</fprob>
        </actor>
        <actor name="D0N37">
            <wcet number="0">260</wcet>
            <wcet number="1">330</wcet>
            <maxpow number="0.9640381219178238"/>
            <maxpow number="0.9640381219178238"/>
            <fprob>0.0</fprob>
        </actor>
        <actor name="D0N23">
            <wcet number="0">160</wcet>
            <wcet number="1">170</wcet>
            <maxpow number="0.5655609277748465"/>
            <maxpow number="0.5655609277748465"/>
            <fprob>0.0</fprob>
        </actor>
        <actor name="D0N42">
            <wcet number="0">40</wcet>
            <wcet number="1">180</wcet>
            <maxpow number="0.6212383104389433"/>
            <maxpow number="0.6212383104389433"/>
            <fprob>0.0</fprob>
        </actor>
        <actor name="D0N43">
            <wcet number="0">20</wcet>
            <wcet number="1">490</wcet>
            <maxpow number="0.6613841722403065"/>
            <maxpow number="0.6613841722403065"/>
            <fprob>0.0</fprob>
        </actor>
        <actor name="D0N48">
            <wcet number="0">10</wcet>
            <wcet number="1">470</wcet>
            <maxpow number="0.45664472555652463"/>
            <maxpow number="0.45664472555652463"/>
            <fprob>0.0</fprob>
        </actor>
        <actor name="D0N29">
            <wcet number="0">10</wcet>
            <wcet number="1">30</wcet>
            <maxpow number="0.6878291996292869"/>
            <maxpow number="0.6878291996292869"/>
            <fprob>0.0</fprob>
        </actor>
        <actor name="D0N44">
            <wcet number="0">160</wcet>
            <wcet number="1">350</wcet>
            <maxpow number="0.26576954194856367"/>
            <maxpow number="0.26576954194856367"/>
            <fprob>0.0</fprob>
        </actor>
        <actor name="D0N8">
            <wcet number="0">20</wcet>
            <wcet number="1">20</wcet>
            <maxpow number="0.5594654209469987"/>
            <maxpow number="0.5594654209469987"/>
            <fprob>0.0</fprob>
        </actor>
        <actor name="D0N46">
            <wcet number="0">30</wcet>
            <wcet number="1">30</wcet>
            <maxpow number="0.3666477239601539"/>
            <maxpow number="0.3666477239601539"/>
            <fprob>0.0</fprob>
        </actor>
        <actor name="D0N18">
            <wcet number="0">10</wcet>
            <wcet number="1">20</wcet>
            <maxpow number="0.5303506074241089"/>
            <maxpow number="0.5303506074241089"/>
            <fprob>0.0</fprob>
        </actor>
        <actor name="D0N32">
            <wcet number="0">450</wcet>
            <wcet number="1">460</wcet>
            <maxpow number="0.9096562976528448"/>
            <maxpow number="0.9096562976528448"/>
            <fprob>0.0</fprob>
        </actor>
        <actor name="D0N28">
            <wcet number="0">30</wcet>
            <wcet number="1">110</wcet>
            <maxpow number="0.8059057548557556"/>
            <maxpow number="0.8059057548557556"/>
            <fprob>0.0</fprob>
        </actor>
        <actor name="D0N6">
            <wcet number="0">10</wcet>
            <wcet number="1">40</wcet>
            <maxpow number="0.703681532360803"/>
            <maxpow number="0.703681532360803"/>
            <fprob>0.0</fprob>
        </actor>
        <actor name="D0N14">
            <wcet number="0">40</wcet>
            <wcet number="1">80</wcet>
            <maxpow number="0.7403696999574083"/>
            <maxpow number="0.7403696999574083"/>
            <fprob>0.0</fprob>
        </actor>
        <actor name="D0N20">
            <wcet number="0">240</wcet>
            <wcet number="1">300</wcet>
            <maxpow number="0.586144507114828"/>
            <maxpow number="0.586144507114828"/>
            <fprob>0.0</fprob>
        </actor>
        <actor name="D0N40">
            <wcet number="0">20</wcet>
            <wcet number="1">410</wcet>
            <maxpow number="0.6905667675285853"/>
            <maxpow number="0.6905667675285853"/>
            <fprob>0.0</fprob>
        </actor>
        <ports>
            <port dstActor="D0N19" name="p0" srcActor="D0N13"/>
            <port dstActor="D0N45" name="p1" srcActor="D0N13"/>
            <port dstActor="D0N47" name="p2" srcActor="D0N13"/>
            <port dstActor="D0N36" name="p3" srcActor="D0N13"/>
            <port dstActor="D0N48" name="p4" srcActor="D0N13"/>
            <port dstActor="D0N41" name="p5" srcActor="D0N1"/>
            <port dstActor="D0N42" name="p6" srcActor="D0N1"/>
            <port dstActor="D0N37" name="p7" srcActor="D0N1"/>
            <port dstActor="D0N10" name="p8" srcActor="D0N1"/>
            <port dstActor="D0N36" name="p9" srcActor="D0N1"/>
            <port dstActor="D0N18" name="p10" srcActor="D0N1"/>
            <port dstActor="D0N6" name="p11" srcActor="D0N1"/>
            <port dstActor="D0N19" name="p12" srcActor="D0N1"/>
            <port dstActor="D0N23" name="p13" srcActor="D0N22"/>
            <port dstActor="D0N37" name="p14" srcActor="D0N22"/>
            <port dstActor="D0N49" name="p15" srcActor="D0N22"/>
            <port dstActor="D0N24" name="p16" srcActor="D0N12"/>
            <port dstActor="D0N21" name="p17" srcActor="D0N12"/>
            <port dstActor="D0N49" name="p18" srcActor="D0N12"/>
            <port dstActor="D0N23" name="p19" srcActor="D0N3"/>
            <port dstActor="D0N9" name="p20" srcActor="D0N3"/>
            <port dstActor="D0N31" name="p21" srcActor="D0N3"/>
            <port dstActor="D0N36" name="p22" srcActor="D0N3"/>
            <port dstActor="D0N14" name="p23" srcActor="D0N3"/>
            <port dstActor="D0N49" name="p24" srcActor="D0N3"/>
            <port dstActor="D0N10" name="p25" srcActor="D0N3"/>
            <port dstActor="D0N42" name="p26" srcActor="D0N11"/>
            <port dstActor="D0N14" name="p27" srcActor="D0N11"/>
            <port dstActor="D0N33" name="p28" srcActor="D0N11"/>
            <port dstActor="D0N16" name="p29" srcActor="D0N11"/>
            <port dstActor="D0N39" name="p30" srcActor="D0N11"/>
            <port dstActor="D0N46" name="p31" srcActor="D0N31"/>
            <port dstActor="D0N30" name="p32" srcActor="D0N0"/>
            <port dstActor="D0N41" name="p33" srcActor="D0N0"/>
            <port dstActor="D0N37" name="p34" srcActor="D0N0"/>
            <port dstActor="D0N25" name="p35" srcActor="D0N0"/>
            <port dstActor="D0N34" name="p36" srcActor="D0N0"/>
            <port dstActor="D0N26" name="p37" srcActor="D0N7"/>
            <port dstActor="D0N11" name="p38" srcActor="D0N7"/>
            <port dstActor="D0N25" name="p39" srcActor="D0N7"/>
            <port dstActor="D0N43" name="p40" srcActor="D0N7"/>
            <port dstActor="D0N20" name="p41" srcActor="D0N4"/>
            <port dstActor="D0N12" name="p42" srcActor="D0N4"/>
            <port dstActor="D0N29" name="p43" srcActor="D0N4"/>
            <port dstActor="D0N39" name="p44" srcActor="D0N4"/>
            <port dstActor="D0N38" name="p45" srcActor="D0N4"/>
            <port dstActor="D0N34" name="p46" srcActor="D0N30"/>
            <port dstActor="D0N42" name="p47" srcActor="D0N30"/>
            <port dstActor="D0N48" name="p48" srcActor="D0N41"/>
            <port dstActor="D0N40" name="p49" srcActor="D0N5"/>
            <port dstActor="D0N9" name="p50" srcActor="D0N5"/>
            <port dstActor="D0N14" name="p51" srcActor="D0N5"/>
            <port dstActor="D0N48" name="p52" srcActor="D0N5"/>
            <port dstActor="D0N47" name="p53" srcActor="D0N36"/>
            <port dstActor="D0N44" name="p54" srcActor="D0N16"/>
            <port dstActor="D0N34" name="p55" srcActor="D0N16"/>
            <port dstActor="D0N29" name="p56" srcActor="D0N16"/>
            <port dstActor="D0N22" name="p57" srcActor="D0N16"/>
            <port dstActor="D0N17" name="p58" srcActor="D0N9"/>
            <port dstActor="D0N46" name="p59" srcActor="D0N9"/>
            <port dstActor="D0N47" name="p60" srcActor="D0N9"/>
            <port dstActor="D0N32" name="p61" srcActor="D0N9"/>
            <port dstActor="D0N43" name="p62" srcActor="D0N9"/>
            <port dstActor="D0N25" name="p63" srcActor="D0N9"/>
            <port dstActor="D0N19" name="p64" srcActor="D0N17"/>
            <port dstActor="D0N47" name="p65" srcActor="D0N17"/>
            <port dstActor="D0N46" name="p66" srcActor="D0N45"/>
            <port dstActor="D0N33" name="p67" srcActor="D0N15"/>
            <port dstActor="D0N28" name="p68" srcActor="D0N19"/>
            <port dstActor="D0N41" name="p69" srcActor="D0N19"/>
            <port dstActor="D0N40" name="p70" srcActor="D0N19"/>
            <port dstActor="D0N23" name="p71" srcActor="D0N19"/>
            <port dstActor="D0N4" name="p72" srcActor="D0N2"/>
            <port dstActor="D0N13" name="p73" srcActor="D0N2"/>
            <port dstActor="D0N28" name="p74" srcActor="D0N2"/>
            <port dstActor="D0N31" name="p75" srcActor="D0N2"/>
            <port dstActor="D0N28" name="p76" srcActor="D0N10"/>
            <port dstActor="D0N29" name="p77" srcActor="D0N10"/>
            <port dstActor="D0N32" name="p78" srcActor="D0N10"/>
            <port dstActor="D0N49" name="p79" srcActor="D0N10"/>
            <port dstActor="D0N19" name="p80" srcActor="D0N10"/>
            <port dstActor="D0N33" name="p81" srcActor="D0N23"/>
            <port dstActor="D0N49" name="p82" srcActor="D0N42"/>
            <port dstActor="D0N48" name="p83" srcActor="D0N42"/>
            <port dstActor="D0N44" name="p84" srcActor="D0N42"/>
            <port dstActor="D0N47" name="p85" srcActor="D0N43"/>
            <port dstActor="D0N31" name="p86" srcActor="D0N29"/>
            <port dstActor="D0N45" name="p87" srcActor="D0N44"/>
            <port dstActor="D0N18" name="p88" srcActor="D0N8"/>
            <port dstActor="D0N28" name="p89" srcActor="D0N8"/>
            <port dstActor="D0N27" name="p90" srcActor="D0N8"/>
            <port dstActor="D0N23" name="p91" srcActor="D0N18"/>
            <port dstActor="D0N22" name="p92" srcActor="D0N18"/>
            <port dstActor="D0N34" name="p93" srcActor="D0N18"/>
            <port dstActor="D0N43" name="p94" srcActor="D0N32"/>
            <port dstActor="D0N31" name="p95" srcActor="D0N28"/>
            <port dstActor="D0N38" name="p96" srcActor="D0N28"/>
            <port dstActor="D0N7" name="p97" srcActor="D0N6"/>
            <port dstActor="D0N41" name="p98" srcActor="D0N6"/>
            <port dstActor="D0N28" name="p99" srcActor="D0N6"/>
            <port dstActor="D0N27" name="p100" srcActor="D0N6"/>
            <port dstActor="D0N16" name="p101" srcActor="D0N6"/>
            <port dstActor="D0N48" name="p102" srcActor="D0N6"/>
            <port dstActor="D0N33" name="p103" srcActor="D0N6"/>
            <port dstActor="D0N25" name="p104" srcActor="D0N14"/>
            <port dstActor="D0N42" name="p105" srcActor="D0N14"/>
            <port dstActor="D0N22" name="p106" srcActor="D0N14"/>
            <port dstActor="D0N45" name="p107" srcActor="D0N14"/>
            <port dstActor="D0N17" name="p108" srcActor="D0N14"/>
            <port dstActor="D0N18" name="p109" srcActor="D0N14"/>
            <port dstActor="D0N20" name="p110" srcActor="D0N14"/>
            <port dstActor="D0N23" name="p111" srcActor="D0N20"/>
            <port dstActor="D0N37" name="p112" srcActor="D0N20"/>
        </ports>
    </mcdag>
    <cores number="3"/>
    <levels number="2"/>
</mcsystem>
