<?xml version="1.0" encoding="UTF-8" standalone="no"?>
<mcsystem>
    <mcdag deadline="5000" name="genned-0-ed-10.0-0">
        <actor name="D0N12">
            <wcet number="0">40</wcet>
            <wcet number="1">200</wcet>
            <maxpow number="0.478768976988876"/>
            <maxpow number="0.478768976988876"/>
            <fprob>0.0</fprob>
        </actor>
        <actor name="D0N7">
            <wcet number="0">160</wcet>
            <wcet number="1">240</wcet>
            <maxpow number="0.7337195663761183"/>
            <maxpow number="0.7337195663761183"/>
            <fprob>0.0</fprob>
        </actor>
        <actor name="D0N39">
            <wcet number="0">130</wcet>
            <wcet number="1">160</wcet>
            <maxpow number="0.3583934725178098"/>
            <maxpow number="0.3583934725178098"/>
            <fprob>0.0</fprob>
        </actor>
        <actor name="D0N10">
            <wcet number="0">20</wcet>
            <wcet number="1">200</wcet>
            <maxpow number="0.7192898335189788"/>
            <maxpow number="0.7192898335189788"/>
            <fprob>0.0</fprob>
        </actor>
        <actor name="D0N28">
            <wcet number="0">20</wcet>
            <wcet number="1">30</wcet>
            <maxpow number="0.2577439202979254"/>
            <maxpow number="0.2577439202979254"/>
            <fprob>0.0</fprob>
        </actor>
        <actor name="D0N2">
            <wcet number="0">100</wcet>
            <wcet number="1">130</wcet>
            <maxpow number="0.42497683386265583"/>
            <maxpow number="0.42497683386265583"/>
            <fprob>0.0</fprob>
        </actor>
        <actor name="D0N20">
            <wcet number="0">10</wcet>
            <wcet number="1">280</wcet>
            <maxpow number="0.8471277038132285"/>
            <maxpow number="0.8471277038132285"/>
            <fprob>0.0</fprob>
        </actor>
        <actor name="D0N46">
            <wcet number="0">20</wcet>
            <wcet number="1">180</wcet>
            <maxpow number="0.3506262182782518"/>
            <maxpow number="0.3506262182782518"/>
            <fprob>0.0</fprob>
        </actor>
        <actor name="D0N5">
            <wcet number="0">80</wcet>
            <wcet number="1">160</wcet>
            <maxpow number="0.6575117967722641"/>
            <maxpow number="0.6575117967722641"/>
            <fprob>0.0</fprob>
        </actor>
        <actor name="D0N11">
            <wcet number="0">180</wcet>
            <wcet number="1">320</wcet>
            <maxpow number="0.5605615362165827"/>
            <maxpow number="0.5605615362165827"/>
            <fprob>0.0</fprob>
        </actor>
        <actor name="D0N15">
            <wcet number="0">60</wcet>
            <wcet number="1">270</wcet>
            <maxpow number="0.403056151312411"/>
            <maxpow number="0.403056151312411"/>
            <fprob>0.0</fprob>
        </actor>
        <actor name="D0N37">
            <wcet number="0">140</wcet>
            <wcet number="1">580</wcet>
            <maxpow number="0.378295318386878"/>
            <maxpow number="0.378295318386878"/>
            <fprob>0.0</fprob>
        </actor>
        <actor name="D0N13">
            <wcet number="0">40</wcet>
            <wcet number="1">80</wcet>
            <maxpow number="0.5700003097551705"/>
            <maxpow number="0.5700003097551705"/>
            <fprob>0.0</fprob>
        </actor>
        <actor name="D0N33">
            <wcet number="0">40</wcet>
            <wcet number="1">40</wcet>
            <maxpow number="0.2883888161007403"/>
            <maxpow number="0.2883888161007403"/>
            <fprob>0.0</fprob>
        </actor>
        <actor name="D0N1">
            <wcet number="0">10</wcet>
            <wcet number="1">210</wcet>
            <maxpow number="0.8958372764872538"/>
            <maxpow number="0.8958372764872538"/>
            <fprob>0.0</fprob>
        </actor>
        <actor name="D0N14">
            <wcet number="0">20</wcet>
            <wcet number="1">90</wcet>
            <maxpow number="0.36833475742462607"/>
            <maxpow number="0.36833475742462607"/>
            <fprob>0.0</fprob>
        </actor>
        <actor name="D0N30">
            <wcet number="0">10</wcet>
            <wcet number="1">10</wcet>
            <maxpow number="0.4583923102822858"/>
            <maxpow number="0.4583923102822858"/>
            <fprob>0.0</fprob>
        </actor>
        <actor name="D0N22">
            <wcet number="0">310</wcet>
            <wcet number="1">310</wcet>
            <maxpow number="0.36620970483408044"/>
            <maxpow number="0.36620970483408044"/>
            <fprob>0.0</fprob>
        </actor>
        <actor name="D0N35">
            <wcet number="0">140</wcet>
            <wcet number="1">210</wcet>
            <maxpow number="0.37929289830981927"/>
            <maxpow number="0.37929289830981927"/>
            <fprob>0.0</fprob>
        </actor>
        <actor name="D0N6">
            <wcet number="0">70</wcet>
            <wcet number="1">290</wcet>
            <maxpow number="0.7102212419812033"/>
            <maxpow number="0.7102212419812033"/>
            <fprob>0.0</fprob>
        </actor>
        <actor name="D0N8">
            <wcet number="0">140</wcet>
            <wcet number="1">310</wcet>
            <maxpow number="0.44918784173000936"/>
            <maxpow number="0.44918784173000936"/>
            <fprob>0.0</fprob>
        </actor>
        <actor name="D0N49">
            <wcet number="0">270</wcet>
            <wcet number="1">290</wcet>
            <maxpow number="0.5975067009760703"/>
            <maxpow number="0.5975067009760703"/>
            <fprob>0.0</fprob>
        </actor>
        <actor name="D0N17">
            <wcet number="0">160</wcet>
            <wcet number="1">390</wcet>
            <maxpow number="1.0109309727680897"/>
            <maxpow number="1.0109309727680897"/>
            <fprob>0.0</fprob>
        </actor>
        <actor name="D0N31">
            <wcet number="0">100</wcet>
            <wcet number="1">280</wcet>
            <maxpow number="0.7635310874542831"/>
            <maxpow number="0.7635310874542831"/>
            <fprob>0.0</fprob>
        </actor>
        <actor name="D0N42">
            <wcet number="0">20</wcet>
            <wcet number="1">20</wcet>
            <maxpow number="0.13262356164174477"/>
            <maxpow number="0.13262356164174477"/>
            <fprob>0.0</fprob>
        </actor>
        <actor name="D0N40">
            <wcet number="0">850</wcet>
            <wcet number="1">990</wcet>
            <maxpow number="0.748894957761824"/>
            <maxpow number="0.748894957761824"/>
            <fprob>0.0</fprob>
        </actor>
        <actor name="D0N24">
            <wcet number="0">10</wcet>
            <wcet number="1">10</wcet>
            <maxpow number="0.12692006128407396"/>
            <maxpow number="0.12692006128407396"/>
            <fprob>0.0</fprob>
        </actor>
        <actor name="D0N27">
            <wcet number="0">30</wcet>
            <wcet number="1">60</wcet>
            <maxpow number="0.6639703524695254"/>
            <maxpow number="0.6639703524695254"/>
            <fprob>0.0</fprob>
        </actor>
        <actor name="D0N25">
            <wcet number="0">40</wcet>
            <wcet number="1">50</wcet>
            <maxpow number="0.49204184457115413"/>
            <maxpow number="0.49204184457115413"/>
            <fprob>0.0</fprob>
        </actor>
        <actor name="D0N21">
            <wcet number="0">210</wcet>
            <wcet number="1">420</wcet>
            <maxpow number="0.7122677637387383"/>
            <maxpow number="0.7122677637387383"/>
            <fprob>0.0</fprob>
        </actor>
        <actor name="D0N0">
            <wcet number="0">360</wcet>
            <wcet number="1">430</wcet>
            <maxpow number="0.6306245970519059"/>
            <maxpow number="0.6306245970519059"/>
            <fprob>0.0</fprob>
        </actor>
        <actor name="D0N36">
            <wcet number="0">70</wcet>
            <wcet number="1">110</wcet>
            <maxpow number="0.33691267070931474"/>
            <maxpow number="0.33691267070931474"/>
            <fprob>0.0</fprob>
        </actor>
        <actor name="D0N19">
            <wcet number="0">20</wcet>
            <wcet number="1">20</wcet>
            <maxpow number="0.5593624587714036"/>
            <maxpow number="0.5593624587714036"/>
            <fprob>0.0</fprob>
        </actor>
        <actor name="D0N3">
            <wcet number="0">550</wcet>
            <wcet number="1">640</wcet>
            <maxpow number="0.6324579520600687"/>
            <maxpow number="0.6324579520600687"/>
            <fprob>0.0</fprob>
        </actor>
        <actor name="D0N47">
            <wcet number="0">110</wcet>
            <wcet number="1">120</wcet>
            <maxpow number="0.7755974953842499"/>
            <maxpow number="0.7755974953842499"/>
            <fprob>0.0</fprob>
        </actor>
        <actor name="D0N9">
            <wcet number="0">30</wcet>
            <wcet number="1">110</wcet>
            <maxpow number="0.3464895409255817"/>
            <maxpow number="0.3464895409255817"/>
            <fprob>0.0</fprob>
        </actor>
        <actor name="D0N44">
            <wcet number="0">40</wcet>
            <wcet number="1">50</wcet>
            <maxpow number="0.6301491794480086"/>
            <maxpow number="0.6301491794480086"/>
            <fprob>0.0</fprob>
        </actor>
        <actor name="D0N16">
            <wcet number="0">70</wcet>
            <wcet number="1">170</wcet>
            <maxpow number="0.6650149523579449"/>
            <maxpow number="0.6650149523579449"/>
            <fprob>0.0</fprob>
        </actor>
        <actor name="D0N41">
            <wcet number="0">10</wcet>
            <wcet number="1">10</wcet>
            <maxpow number="0.5051512529428605"/>
            <maxpow number="0.5051512529428605"/>
            <fprob>0.0</fprob>
        </actor>
        <actor name="D0N18">
            <wcet number="0">30</wcet>
            <wcet number="1">30</wcet>
            <maxpow number="0.5517958646956493"/>
            <maxpow number="0.5517958646956493"/>
            <fprob>0.0</fprob>
        </actor>
        <actor name="D0N26">
            <wcet number="0">20</wcet>
            <wcet number="1">40</wcet>
            <maxpow number="0.7433133755497339"/>
            <maxpow number="0.7433133755497339"/>
            <fprob>0.0</fprob>
        </actor>
        <actor name="D0N38">
            <wcet number="0">60</wcet>
            <wcet number="1">120</wcet>
            <maxpow number="0.4726010107213644"/>
            <maxpow number="0.4726010107213644"/>
            <fprob>0.0</fprob>
        </actor>
        <actor name="D0N23">
            <wcet number="0">260</wcet>
            <wcet number="1">510</wcet>
            <maxpow number="0.5214276839109652"/>
            <maxpow number="0.5214276839109652"/>
            <fprob>0.0</fprob>
        </actor>
        <actor name="D0N29">
            <wcet number="0">70</wcet>
            <wcet number="1">120</wcet>
            <maxpow number="0.7233291434333013"/>
            <maxpow number="0.7233291434333013"/>
            <fprob>0.0</fprob>
        </actor>
        <actor name="D0N4">
            <wcet number="0">90</wcet>
            <wcet number="1">170</wcet>
            <maxpow number="0.5209719820711639"/>
            <maxpow number="0.5209719820711639"/>
            <fprob>0.0</fprob>
        </actor>
        <actor name="D0N34">
            <wcet number="0">70</wcet>
            <wcet number="1">130</wcet>
            <maxpow number="0.5443756332303243"/>
            <maxpow number="0.5443756332303243"/>
            <fprob>0.0</fprob>
        </actor>
        <actor name="D0N32">
            <wcet number="0">20</wcet>
            <wcet number="1">70</wcet>
            <maxpow number="0.08187404533174863"/>
            <maxpow number="0.08187404533174863"/>
            <fprob>0.0</fprob>
        </actor>
        <actor name="D0N45">
            <wcet number="0">70</wcet>
            <wcet number="1">100</wcet>
            <maxpow number="0.5087000913040063"/>
            <maxpow number="0.5087000913040063"/>
            <fprob>0.0</fprob>
        </actor>
        <actor name="D0N48">
            <wcet number="0">170</wcet>
            <wcet number="1">200</wcet>
            <maxpow number="0.4266439766255784"/>
            <maxpow number="0.4266439766255784"/>
            <fprob>0.0</fprob>
        </actor>
        <actor name="D0N43">
            <wcet number="0">40</wcet>
            <wcet number="1">40</wcet>
            <maxpow number="0.16403882598779063"/>
            <maxpow number="0.16403882598779063"/>
            <fprob>0.0</fprob>
        </actor>
        <ports>
            <port dstActor="D0N39" name="p0" srcActor="D0N12"/>
            <port dstActor="D0N35" name="p1" srcActor="D0N12"/>
            <port dstActor="D0N42" name="p2" srcActor="D0N12"/>
            <port dstActor="D0N33" name="p3" srcActor="D0N7"/>
            <port dstActor="D0N38" name="p4" srcActor="D0N7"/>
            <port dstActor="D0N21" name="p5" srcActor="D0N7"/>
            <port dstActor="D0N17" name="p6" srcActor="D0N10"/>
            <port dstActor="D0N46" name="p7" srcActor="D0N10"/>
            <port dstActor="D0N16" name="p8" srcActor="D0N10"/>
            <port dstActor="D0N23" name="p9" srcActor="D0N10"/>
            <port dstActor="D0N12" name="p10" srcActor="D0N10"/>
            <port dstActor="D0N37" name="p11" srcActor="D0N10"/>
            <port dstActor="D0N18" name="p12" srcActor="D0N2"/>
            <port dstActor="D0N42" name="p13" srcActor="D0N2"/>
            <port dstActor="D0N24" name="p14" srcActor="D0N2"/>
            <port dstActor="D0N22" name="p15" srcActor="D0N20"/>
            <port dstActor="D0N31" name="p16" srcActor="D0N20"/>
            <port dstActor="D0N17" name="p17" srcActor="D0N5"/>
            <port dstActor="D0N13" name="p18" srcActor="D0N5"/>
            <port dstActor="D0N23" name="p19" srcActor="D0N5"/>
            <port dstActor="D0N20" name="p20" srcActor="D0N5"/>
            <port dstActor="D0N17" name="p21" srcActor="D0N11"/>
            <port dstActor="D0N27" name="p22" srcActor="D0N11"/>
            <port dstActor="D0N13" name="p23" srcActor="D0N11"/>
            <port dstActor="D0N28" name="p24" srcActor="D0N11"/>
            <port dstActor="D0N15" name="p25" srcActor="D0N11"/>
            <port dstActor="D0N39" name="p26" srcActor="D0N11"/>
            <port dstActor="D0N47" name="p27" srcActor="D0N15"/>
            <port dstActor="D0N44" name="p28" srcActor="D0N15"/>
            <port dstActor="D0N46" name="p29" srcActor="D0N15"/>
            <port dstActor="D0N35" name="p30" srcActor="D0N15"/>
            <port dstActor="D0N37" name="p31" srcActor="D0N15"/>
            <port dstActor="D0N42" name="p32" srcActor="D0N37"/>
            <port dstActor="D0N18" name="p33" srcActor="D0N13"/>
            <port dstActor="D0N49" name="p34" srcActor="D0N33"/>
            <port dstActor="D0N43" name="p35" srcActor="D0N33"/>
            <port dstActor="D0N38" name="p36" srcActor="D0N1"/>
            <port dstActor="D0N41" name="p37" srcActor="D0N1"/>
            <port dstActor="D0N4" name="p38" srcActor="D0N1"/>
            <port dstActor="D0N32" name="p39" srcActor="D0N1"/>
            <port dstActor="D0N18" name="p40" srcActor="D0N1"/>
            <port dstActor="D0N23" name="p41" srcActor="D0N14"/>
            <port dstActor="D0N27" name="p42" srcActor="D0N14"/>
            <port dstActor="D0N45" name="p43" srcActor="D0N14"/>
            <port dstActor="D0N17" name="p44" srcActor="D0N14"/>
            <port dstActor="D0N43" name="p45" srcActor="D0N30"/>
            <port dstActor="D0N44" name="p46" srcActor="D0N22"/>
            <port dstActor="D0N29" name="p47" srcActor="D0N22"/>
            <port dstActor="D0N43" name="p48" srcActor="D0N35"/>
            <port dstActor="D0N46" name="p49" srcActor="D0N35"/>
            <port dstActor="D0N7" name="p50" srcActor="D0N6"/>
            <port dstActor="D0N26" name="p51" srcActor="D0N6"/>
            <port dstActor="D0N28" name="p52" srcActor="D0N6"/>
            <port dstActor="D0N8" name="p53" srcActor="D0N6"/>
            <port dstActor="D0N40" name="p54" srcActor="D0N6"/>
            <port dstActor="D0N43" name="p55" srcActor="D0N6"/>
            <port dstActor="D0N38" name="p56" srcActor="D0N6"/>
            <port dstActor="D0N11" name="p57" srcActor="D0N8"/>
            <port dstActor="D0N46" name="p58" srcActor="D0N8"/>
            <port dstActor="D0N43" name="p59" srcActor="D0N31"/>
            <port dstActor="D0N37" name="p60" srcActor="D0N31"/>
            <port dstActor="D0N46" name="p61" srcActor="D0N42"/>
            <port dstActor="D0N44" name="p62" srcActor="D0N42"/>
            <port dstActor="D0N49" name="p63" srcActor="D0N40"/>
            <port dstActor="D0N42" name="p64" srcActor="D0N40"/>
            <port dstActor="D0N46" name="p65" srcActor="D0N40"/>
            <port dstActor="D0N43" name="p66" srcActor="D0N24"/>
            <port dstActor="D0N42" name="p67" srcActor="D0N25"/>
            <port dstActor="D0N32" name="p68" srcActor="D0N25"/>
            <port dstActor="D0N47" name="p69" srcActor="D0N25"/>
            <port dstActor="D0N33" name="p70" srcActor="D0N21"/>
            <port dstActor="D0N22" name="p71" srcActor="D0N21"/>
            <port dstActor="D0N24" name="p72" srcActor="D0N0"/>
            <port dstActor="D0N28" name="p73" srcActor="D0N0"/>
            <port dstActor="D0N3" name="p74" srcActor="D0N0"/>
            <port dstActor="D0N45" name="p75" srcActor="D0N0"/>
            <port dstActor="D0N19" name="p76" srcActor="D0N0"/>
            <port dstActor="D0N49" name="p77" srcActor="D0N36"/>
            <port dstActor="D0N37" name="p78" srcActor="D0N36"/>
            <port dstActor="D0N35" name="p79" srcActor="D0N19"/>
            <port dstActor="D0N20" name="p80" srcActor="D0N19"/>
            <port dstActor="D0N33" name="p81" srcActor="D0N19"/>
            <port dstActor="D0N38" name="p82" srcActor="D0N19"/>
            <port dstActor="D0N12" name="p83" srcActor="D0N3"/>
            <port dstActor="D0N8" name="p84" srcActor="D0N3"/>
            <port dstActor="D0N45" name="p85" srcActor="D0N3"/>
            <port dstActor="D0N12" name="p86" srcActor="D0N9"/>
            <port dstActor="D0N27" name="p87" srcActor="D0N9"/>
            <port dstActor="D0N48" name="p88" srcActor="D0N9"/>
            <port dstActor="D0N23" name="p89" srcActor="D0N9"/>
            <port dstActor="D0N45" name="p90" srcActor="D0N9"/>
            <port dstActor="D0N49" name="p91" srcActor="D0N16"/>
            <port dstActor="D0N36" name="p92" srcActor="D0N16"/>
            <port dstActor="D0N41" name="p93" srcActor="D0N16"/>
            <port dstActor="D0N18" name="p94" srcActor="D0N16"/>
            <port dstActor="D0N49" name="p95" srcActor="D0N26"/>
            <port dstActor="D0N35" name="p96" srcActor="D0N26"/>
            <port dstActor="D0N41" name="p97" srcActor="D0N26"/>
            <port dstActor="D0N44" name="p98" srcActor="D0N26"/>
            <port dstActor="D0N39" name="p99" srcActor="D0N38"/>
            <port dstActor="D0N45" name="p100" srcActor="D0N38"/>
            <port dstActor="D0N37" name="p101" srcActor="D0N23"/>
            <port dstActor="D0N29" name="p102" srcActor="D0N23"/>
            <port dstActor="D0N28" name="p103" srcActor="D0N23"/>
            <port dstActor="D0N41" name="p104" srcActor="D0N23"/>
            <port dstActor="D0N30" name="p105" srcActor="D0N29"/>
            <port dstActor="D0N31" name="p106" srcActor="D0N29"/>
            <port dstActor="D0N45" name="p107" srcActor="D0N4"/>
            <port dstActor="D0N21" name="p108" srcActor="D0N4"/>
            <port dstActor="D0N31" name="p109" srcActor="D0N4"/>
            <port dstActor="D0N15" name="p110" srcActor="D0N4"/>
            <port dstActor="D0N46" name="p111" srcActor="D0N4"/>
            <port dstActor="D0N43" name="p112" srcActor="D0N4"/>
            <port dstActor="D0N30" name="p113" srcActor="D0N4"/>
            <port dstActor="D0N7" name="p114" srcActor="D0N4"/>
            <port dstActor="D0N23" name="p115" srcActor="D0N4"/>
            <port dstActor="D0N41" name="p116" srcActor="D0N34"/>
            <port dstActor="D0N47" name="p117" srcActor="D0N34"/>
            <port dstActor="D0N33" name="p118" srcActor="D0N32"/>
            <port dstActor="D0N43" name="p119" srcActor="D0N32"/>
            <port dstActor="D0N39" name="p120" srcActor="D0N32"/>
            <port dstActor="D0N48" name="p121" srcActor="D0N43"/>
        </ports>
    </mcdag>
    <cores number="2"/>
    <levels number="2"/>
</mcsystem>
