<?xml version="1.0" encoding="UTF-8" standalone="no"?>
<mcsystem>
    <mcdag deadline="1500" name="genned-0-ed-10.0-0">
        <actor name="D0N4">
            <wcet number="0">10</wcet>
            <wcet number="1">10</wcet>
            <maxpow number="0.8269067066661968"/>
            <maxpow number="0.8269067066661968"/>
            <fprob>0.0</fprob>
        </actor>
        <actor name="D0N10">
            <wcet number="0">10</wcet>
            <wcet number="1">10</wcet>
            <maxpow number="0.6794893182225776"/>
            <maxpow number="0.6794893182225776"/>
            <fprob>0.0</fprob>
        </actor>
        <actor name="D0N46">
            <wcet number="0">20</wcet>
            <wcet number="1">30</wcet>
            <maxpow number="0.6048500507060687"/>
            <maxpow number="0.6048500507060687"/>
            <fprob>0.0</fprob>
        </actor>
        <actor name="D0N49">
            <wcet number="0">40</wcet>
            <wcet number="1">90</wcet>
            <maxpow number="0.33678730222429665"/>
            <maxpow number="0.33678730222429665"/>
            <fprob>0.0</fprob>
        </actor>
        <actor name="D0N28">
            <wcet number="0">10</wcet>
            <wcet number="1">20</wcet>
            <maxpow number="0.4740864945114974"/>
            <maxpow number="0.4740864945114974"/>
            <fprob>0.0</fprob>
        </actor>
        <actor name="D0N37">
            <wcet number="0">30</wcet>
            <wcet number="1">30</wcet>
            <maxpow number="0.3895800889024571"/>
            <maxpow number="0.3895800889024571"/>
            <fprob>0.0</fprob>
        </actor>
        <actor name="D0N2">
            <wcet number="0">10</wcet>
            <wcet number="1">50</wcet>
            <maxpow number="0.6130815782896037"/>
            <maxpow number="0.6130815782896037"/>
            <fprob>0.0</fprob>
        </actor>
        <actor name="D0N18">
            <wcet number="0">20</wcet>
            <wcet number="1">20</wcet>
            <maxpow number="0.6314789313518085"/>
            <maxpow number="0.6314789313518085"/>
            <fprob>0.0</fprob>
        </actor>
        <actor name="D0N19">
            <wcet number="0">20</wcet>
            <wcet number="1">80</wcet>
            <maxpow number="0.6008786334317078"/>
            <maxpow number="0.6008786334317078"/>
            <fprob>0.0</fprob>
        </actor>
        <actor name="D0N0">
            <wcet number="0">50</wcet>
            <wcet number="1">80</wcet>
            <maxpow number="0.8934888868587341"/>
            <maxpow number="0.8934888868587341"/>
            <fprob>0.0</fprob>
        </actor>
        <actor name="D0N48">
            <wcet number="0">10</wcet>
            <wcet number="1">20</wcet>
            <maxpow number="0.35811893113426363"/>
            <maxpow number="0.35811893113426363"/>
            <fprob>0.0</fprob>
        </actor>
        <actor name="D0N47">
            <wcet number="0">10</wcet>
            <wcet number="1">150</wcet>
            <maxpow number="0.5912287077113254"/>
            <maxpow number="0.5912287077113254"/>
            <fprob>0.0</fprob>
        </actor>
        <actor name="D0N42">
            <wcet number="0">20</wcet>
            <wcet number="1">100</wcet>
            <maxpow number="0.4069700352005151"/>
            <maxpow number="0.4069700352005151"/>
            <fprob>0.0</fprob>
        </actor>
        <actor name="D0N5">
            <wcet number="0">10</wcet>
            <wcet number="1">60</wcet>
            <maxpow number="0.6699253513644489"/>
            <maxpow number="0.6699253513644489"/>
            <fprob>0.0</fprob>
        </actor>
        <actor name="D0N14">
            <wcet number="0">80</wcet>
            <wcet number="1">100</wcet>
            <maxpow number="0.38249104534444867"/>
            <maxpow number="0.38249104534444867"/>
            <fprob>0.0</fprob>
        </actor>
        <actor name="D0N26">
            <wcet number="0">10</wcet>
            <wcet number="1">20</wcet>
            <maxpow number="0.5379200696416679"/>
            <maxpow number="0.5379200696416679"/>
            <fprob>0.0</fprob>
        </actor>
        <actor name="D0N17">
            <wcet number="0">50</wcet>
            <wcet number="1">60</wcet>
            <maxpow number="0.8249522070389899"/>
            <maxpow number="0.8249522070389899"/>
            <fprob>0.0</fprob>
        </actor>
        <actor name="D0N44">
            <wcet number="0">10</wcet>
            <wcet number="1">10</wcet>
            <maxpow number="0.6614756998025304"/>
            <maxpow number="0.6614756998025304"/>
            <fprob>0.0</fprob>
        </actor>
        <actor name="D0N38">
            <wcet number="0">10</wcet>
            <wcet number="1">100</wcet>
            <maxpow number="0.6396518171037744"/>
            <maxpow number="0.6396518171037744"/>
            <fprob>0.0</fprob>
        </actor>
        <actor name="D0N1">
            <wcet number="0">60</wcet>
            <wcet number="1">130</wcet>
            <maxpow number="0.5123606501085695"/>
            <maxpow number="0.5123606501085695"/>
            <fprob>0.0</fprob>
        </actor>
        <actor name="D0N31">
            <wcet number="0">200</wcet>
            <wcet number="1">200</wcet>
            <maxpow number="0.467465695119034"/>
            <maxpow number="0.467465695119034"/>
            <fprob>0.0</fprob>
        </actor>
        <actor name="D0N30">
            <wcet number="0">50</wcet>
            <wcet number="1">60</wcet>
            <maxpow number="0.17821122737958256"/>
            <maxpow number="0.17821122737958256"/>
            <fprob>0.0</fprob>
        </actor>
        <actor name="D0N3">
            <wcet number="0">20</wcet>
            <wcet number="1">30</wcet>
            <maxpow number="0.7318939305733903"/>
            <maxpow number="0.7318939305733903"/>
            <fprob>0.0</fprob>
        </actor>
        <actor name="D0N24">
            <wcet number="0">10</wcet>
            <wcet number="1">50</wcet>
            <maxpow number="0.715503703611298"/>
            <maxpow number="0.715503703611298"/>
            <fprob>0.0</fprob>
        </actor>
        <actor name="D0N25">
            <wcet number="0">50</wcet>
            <wcet number="1">80</wcet>
            <maxpow number="0.5920682125115457"/>
            <maxpow number="0.5920682125115457"/>
            <fprob>0.0</fprob>
        </actor>
        <actor name="D0N36">
            <wcet number="0">10</wcet>
            <wcet number="1">70</wcet>
            <maxpow number="0.7274688989041873"/>
            <maxpow number="0.7274688989041873"/>
            <fprob>0.0</fprob>
        </actor>
        <actor name="D0N40">
            <wcet number="0">10</wcet>
            <wcet number="1">60</wcet>
            <maxpow number="0.4628724898470424"/>
            <maxpow number="0.4628724898470424"/>
            <fprob>0.0</fprob>
        </actor>
        <actor name="D0N15">
            <wcet number="0">10</wcet>
            <wcet number="1">10</wcet>
            <maxpow number="0.8007139909548433"/>
            <maxpow number="0.8007139909548433"/>
            <fprob>0.0</fprob>
        </actor>
        <actor name="D0N41">
            <wcet number="0">70</wcet>
            <wcet number="1">110</wcet>
            <maxpow number="0.5753668428289037"/>
            <maxpow number="0.5753668428289037"/>
            <fprob>0.0</fprob>
        </actor>
        <actor name="D0N12">
            <wcet number="0">40</wcet>
            <wcet number="1">110</wcet>
            <maxpow number="0.5383929159364084"/>
            <maxpow number="0.5383929159364084"/>
            <fprob>0.0</fprob>
        </actor>
        <actor name="D0N39">
            <wcet number="0">150</wcet>
            <wcet number="1">170</wcet>
            <maxpow number="0.24244275125092946"/>
            <maxpow number="0.24244275125092946"/>
            <fprob>0.0</fprob>
        </actor>
        <actor name="D0N35">
            <wcet number="0">10</wcet>
            <wcet number="1">20</wcet>
            <maxpow number="0.5646335186087892"/>
            <maxpow number="0.5646335186087892"/>
            <fprob>0.0</fprob>
        </actor>
        <actor name="D0N22">
            <wcet number="0">10</wcet>
            <wcet number="1">20</wcet>
            <maxpow number="0.4590221822484531"/>
            <maxpow number="0.4590221822484531"/>
            <fprob>0.0</fprob>
        </actor>
        <actor name="D0N29">
            <wcet number="0">40</wcet>
            <wcet number="1">60</wcet>
            <maxpow number="0.5048796957010852"/>
            <maxpow number="0.5048796957010852"/>
            <fprob>0.0</fprob>
        </actor>
        <actor name="D0N11">
            <wcet number="0">30</wcet>
            <wcet number="1">50</wcet>
            <maxpow number="0.5812515042499938"/>
            <maxpow number="0.5812515042499938"/>
            <fprob>0.0</fprob>
        </actor>
        <actor name="D0N13">
            <wcet number="0">140</wcet>
            <wcet number="1">150</wcet>
            <maxpow number="0.5810631770609265"/>
            <maxpow number="0.5810631770609265"/>
            <fprob>0.0</fprob>
        </actor>
        <actor name="D0N21">
            <wcet number="0">100</wcet>
            <wcet number="1">100</wcet>
            <maxpow number="0.6356201858796815"/>
            <maxpow number="0.6356201858796815"/>
            <fprob>0.0</fprob>
        </actor>
        <actor name="D0N6">
            <wcet number="0">40</wcet>
            <wcet number="1">50</wcet>
            <maxpow number="0.7454843038946926"/>
            <maxpow number="0.7454843038946926"/>
            <fprob>0.0</fprob>
        </actor>
        <actor name="D0N34">
            <wcet number="0">20</wcet>
            <wcet number="1">100</wcet>
            <maxpow number="0.6617138622452159"/>
            <maxpow number="0.6617138622452159"/>
            <fprob>0.0</fprob>
        </actor>
        <actor name="D0N20">
            <wcet number="0">10</wcet>
            <wcet number="1">10</wcet>
            <maxpow number="0.5167684407291664"/>
            <maxpow number="0.5167684407291664"/>
            <fprob>0.0</fprob>
        </actor>
        <actor name="D0N43">
            <wcet number="0">80</wcet>
            <wcet number="1">120</wcet>
            <maxpow number="0.679585926818062"/>
            <maxpow number="0.679585926818062"/>
            <fprob>0.0</fprob>
        </actor>
        <actor name="D0N23">
            <wcet number="0">10</wcet>
            <wcet number="1">40</wcet>
            <maxpow number="0.7168851461393901"/>
            <maxpow number="0.7168851461393901"/>
            <fprob>0.0</fprob>
        </actor>
        <actor name="D0N8">
            <wcet number="0">50</wcet>
            <wcet number="1">90</wcet>
            <maxpow number="0.3384384636695392"/>
            <maxpow number="0.3384384636695392"/>
            <fprob>0.0</fprob>
        </actor>
        <actor name="D0N16">
            <wcet number="0">30</wcet>
            <wcet number="1">50</wcet>
            <maxpow number="0.39715764203225373"/>
            <maxpow number="0.39715764203225373"/>
            <fprob>0.0</fprob>
        </actor>
        <actor name="D0N33">
            <wcet number="0">20</wcet>
            <wcet number="1">30</wcet>
            <maxpow number="0.34817976907686476"/>
            <maxpow number="0.34817976907686476"/>
            <fprob>0.0</fprob>
        </actor>
        <actor name="D0N32">
            <wcet number="0">170</wcet>
            <wcet number="1">220</wcet>
            <maxpow number="0.2736013745005858"/>
            <maxpow number="0.2736013745005858"/>
            <fprob>0.0</fprob>
        </actor>
        <actor name="D0N7">
            <wcet number="0">40</wcet>
            <wcet number="1">50</wcet>
            <maxpow number="0.6830376733974983"/>
            <maxpow number="0.6830376733974983"/>
            <fprob>0.0</fprob>
        </actor>
        <actor name="D0N9">
            <wcet number="0">20</wcet>
            <wcet number="1">100</wcet>
            <maxpow number="0.35974295418965657"/>
            <maxpow number="0.35974295418965657"/>
            <fprob>0.0</fprob>
        </actor>
        <actor name="D0N45">
            <wcet number="0">10</wcet>
            <wcet number="1">110</wcet>
            <maxpow number="1.0083637657722448"/>
            <maxpow number="1.0083637657722448"/>
            <fprob>0.0</fprob>
        </actor>
        <actor name="D0N27">
            <wcet number="0">110</wcet>
            <wcet number="1">110</wcet>
            <maxpow number="0.33409927445172877"/>
            <maxpow number="0.33409927445172877"/>
            <fprob>0.0</fprob>
        </actor>
        <ports>
            <port dstActor="D0N48" name="p0" srcActor="D0N4"/>
            <port dstActor="D0N41" name="p1" srcActor="D0N4"/>
            <port dstActor="D0N9" name="p2" srcActor="D0N4"/>
            <port dstActor="D0N17" name="p3" srcActor="D0N4"/>
            <port dstActor="D0N16" name="p4" srcActor="D0N10"/>
            <port dstActor="D0N39" name="p5" srcActor="D0N10"/>
            <port dstActor="D0N33" name="p6" srcActor="D0N10"/>
            <port dstActor="D0N49" name="p7" srcActor="D0N46"/>
            <port dstActor="D0N29" name="p8" srcActor="D0N28"/>
            <port dstActor="D0N32" name="p9" srcActor="D0N28"/>
            <port dstActor="D0N41" name="p10" srcActor="D0N37"/>
            <port dstActor="D0N35" name="p11" srcActor="D0N2"/>
            <port dstActor="D0N14" name="p12" srcActor="D0N2"/>
            <port dstActor="D0N33" name="p13" srcActor="D0N2"/>
            <port dstActor="D0N27" name="p14" srcActor="D0N2"/>
            <port dstActor="D0N28" name="p15" srcActor="D0N18"/>
            <port dstActor="D0N27" name="p16" srcActor="D0N18"/>
            <port dstActor="D0N34" name="p17" srcActor="D0N19"/>
            <port dstActor="D0N49" name="p18" srcActor="D0N19"/>
            <port dstActor="D0N35" name="p19" srcActor="D0N19"/>
            <port dstActor="D0N33" name="p20" srcActor="D0N0"/>
            <port dstActor="D0N23" name="p21" srcActor="D0N0"/>
            <port dstActor="D0N22" name="p22" srcActor="D0N0"/>
            <port dstActor="D0N46" name="p23" srcActor="D0N0"/>
            <port dstActor="D0N36" name="p24" srcActor="D0N0"/>
            <port dstActor="D0N47" name="p25" srcActor="D0N42"/>
            <port dstActor="D0N43" name="p26" srcActor="D0N5"/>
            <port dstActor="D0N16" name="p27" srcActor="D0N5"/>
            <port dstActor="D0N49" name="p28" srcActor="D0N14"/>
            <port dstActor="D0N35" name="p29" srcActor="D0N14"/>
            <port dstActor="D0N47" name="p30" srcActor="D0N14"/>
            <port dstActor="D0N24" name="p31" srcActor="D0N14"/>
            <port dstActor="D0N25" name="p32" srcActor="D0N14"/>
            <port dstActor="D0N41" name="p33" srcActor="D0N26"/>
            <port dstActor="D0N40" name="p34" srcActor="D0N26"/>
            <port dstActor="D0N36" name="p35" srcActor="D0N26"/>
            <port dstActor="D0N38" name="p36" srcActor="D0N17"/>
            <port dstActor="D0N26" name="p37" srcActor="D0N1"/>
            <port dstActor="D0N29" name="p38" srcActor="D0N1"/>
            <port dstActor="D0N16" name="p39" srcActor="D0N1"/>
            <port dstActor="D0N37" name="p40" srcActor="D0N31"/>
            <port dstActor="D0N39" name="p41" srcActor="D0N31"/>
            <port dstActor="D0N42" name="p42" srcActor="D0N31"/>
            <port dstActor="D0N48" name="p43" srcActor="D0N31"/>
            <port dstActor="D0N34" name="p44" srcActor="D0N31"/>
            <port dstActor="D0N32" name="p45" srcActor="D0N31"/>
            <port dstActor="D0N43" name="p46" srcActor="D0N30"/>
            <port dstActor="D0N5" name="p47" srcActor="D0N3"/>
            <port dstActor="D0N22" name="p48" srcActor="D0N3"/>
            <port dstActor="D0N37" name="p49" srcActor="D0N25"/>
            <port dstActor="D0N46" name="p50" srcActor="D0N40"/>
            <port dstActor="D0N37" name="p51" srcActor="D0N15"/>
            <port dstActor="D0N19" name="p52" srcActor="D0N15"/>
            <port dstActor="D0N16" name="p53" srcActor="D0N12"/>
            <port dstActor="D0N41" name="p54" srcActor="D0N12"/>
            <port dstActor="D0N17" name="p55" srcActor="D0N12"/>
            <port dstActor="D0N40" name="p56" srcActor="D0N12"/>
            <port dstActor="D0N31" name="p57" srcActor="D0N12"/>
            <port dstActor="D0N49" name="p58" srcActor="D0N12"/>
            <port dstActor="D0N48" name="p59" srcActor="D0N39"/>
            <port dstActor="D0N46" name="p60" srcActor="D0N39"/>
            <port dstActor="D0N40" name="p61" srcActor="D0N39"/>
            <port dstActor="D0N49" name="p62" srcActor="D0N22"/>
            <port dstActor="D0N30" name="p63" srcActor="D0N22"/>
            <port dstActor="D0N46" name="p64" srcActor="D0N22"/>
            <port dstActor="D0N45" name="p65" srcActor="D0N29"/>
            <port dstActor="D0N41" name="p66" srcActor="D0N29"/>
            <port dstActor="D0N33" name="p67" srcActor="D0N29"/>
            <port dstActor="D0N31" name="p68" srcActor="D0N11"/>
            <port dstActor="D0N35" name="p69" srcActor="D0N11"/>
            <port dstActor="D0N30" name="p70" srcActor="D0N11"/>
            <port dstActor="D0N21" name="p71" srcActor="D0N11"/>
            <port dstActor="D0N30" name="p72" srcActor="D0N13"/>
            <port dstActor="D0N22" name="p73" srcActor="D0N13"/>
            <port dstActor="D0N43" name="p74" srcActor="D0N13"/>
            <port dstActor="D0N14" name="p75" srcActor="D0N13"/>
            <port dstActor="D0N14" name="p76" srcActor="D0N6"/>
            <port dstActor="D0N13" name="p77" srcActor="D0N6"/>
            <port dstActor="D0N21" name="p78" srcActor="D0N6"/>
            <port dstActor="D0N25" name="p79" srcActor="D0N6"/>
            <port dstActor="D0N40" name="p80" srcActor="D0N34"/>
            <port dstActor="D0N49" name="p81" srcActor="D0N34"/>
            <port dstActor="D0N32" name="p82" srcActor="D0N20"/>
            <port dstActor="D0N40" name="p83" srcActor="D0N20"/>
            <port dstActor="D0N14" name="p84" srcActor="D0N8"/>
            <port dstActor="D0N45" name="p85" srcActor="D0N8"/>
            <port dstActor="D0N21" name="p86" srcActor="D0N8"/>
            <port dstActor="D0N34" name="p87" srcActor="D0N8"/>
            <port dstActor="D0N20" name="p88" srcActor="D0N16"/>
            <port dstActor="D0N21" name="p89" srcActor="D0N16"/>
            <port dstActor="D0N29" name="p90" srcActor="D0N16"/>
            <port dstActor="D0N31" name="p91" srcActor="D0N16"/>
            <port dstActor="D0N38" name="p92" srcActor="D0N16"/>
            <port dstActor="D0N49" name="p93" srcActor="D0N16"/>
            <port dstActor="D0N32" name="p94" srcActor="D0N16"/>
            <port dstActor="D0N37" name="p95" srcActor="D0N16"/>
            <port dstActor="D0N45" name="p96" srcActor="D0N16"/>
            <port dstActor="D0N27" name="p97" srcActor="D0N16"/>
            <port dstActor="D0N38" name="p98" srcActor="D0N33"/>
            <port dstActor="D0N41" name="p99" srcActor="D0N32"/>
            <port dstActor="D0N42" name="p100" srcActor="D0N32"/>
            <port dstActor="D0N32" name="p101" srcActor="D0N7"/>
            <port dstActor="D0N24" name="p102" srcActor="D0N7"/>
            <port dstActor="D0N8" name="p103" srcActor="D0N7"/>
            <port dstActor="D0N11" name="p104" srcActor="D0N9"/>
            <port dstActor="D0N18" name="p105" srcActor="D0N9"/>
            <port dstActor="D0N43" name="p106" srcActor="D0N9"/>
            <port dstActor="D0N37" name="p107" srcActor="D0N9"/>
            <port dstActor="D0N36" name="p108" srcActor="D0N9"/>
            <port dstActor="D0N35" name="p109" srcActor="D0N27"/>
        </ports>
    </mcdag>
    <cores number="3"/>
    <levels number="2"/>
</mcsystem>
