<?xml version="1.0" encoding="UTF-8" standalone="no"?>
<mcsystem>
    <mcdag deadline="4000" name="genned-0-ed-10.0-0">
        <actor name="D0N1">
            <wcet number="0">80</wcet>
            <wcet number="1">90</wcet>
            <maxpow number="0.6231561325200526"/>
            <maxpow number="0.6231561325200526"/>
            <fprob>0.0</fprob>
        </actor>
        <actor name="D0N19">
            <wcet number="0">130</wcet>
            <wcet number="1">150</wcet>
            <maxpow number="0.603301447829354"/>
            <maxpow number="0.603301447829354"/>
            <fprob>0.0</fprob>
        </actor>
        <actor name="D0N21">
            <wcet number="0">40</wcet>
            <wcet number="1">250</wcet>
            <maxpow number="0.5606832319580412"/>
            <maxpow number="0.5606832319580412"/>
            <fprob>0.0</fprob>
        </actor>
        <actor name="D0N2">
            <wcet number="0">30</wcet>
            <wcet number="1">60</wcet>
            <maxpow number="0.7196825131643376"/>
            <maxpow number="0.7196825131643376"/>
            <fprob>0.0</fprob>
        </actor>
        <actor name="D0N24">
            <wcet number="0">230</wcet>
            <wcet number="1">230</wcet>
            <maxpow number="0.5035624780201097"/>
            <maxpow number="0.5035624780201097"/>
            <fprob>0.0</fprob>
        </actor>
        <actor name="D0N6">
            <wcet number="0">40</wcet>
            <wcet number="1">40</wcet>
            <maxpow number="0.728818595968869"/>
            <maxpow number="0.728818595968869"/>
            <fprob>0.0</fprob>
        </actor>
        <actor name="D0N10">
            <wcet number="0">10</wcet>
            <wcet number="1">10</wcet>
            <maxpow number="0.6908141009397124"/>
            <maxpow number="0.6908141009397124"/>
            <fprob>0.0</fprob>
        </actor>
        <actor name="D0N38">
            <wcet number="0">160</wcet>
            <wcet number="1">170</wcet>
            <maxpow number="0.816888278070968"/>
            <maxpow number="0.816888278070968"/>
            <fprob>0.0</fprob>
        </actor>
        <actor name="D0N0">
            <wcet number="0">160</wcet>
            <wcet number="1">280</wcet>
            <maxpow number="0.6145501205466661"/>
            <maxpow number="0.6145501205466661"/>
            <fprob>0.0</fprob>
        </actor>
        <actor name="D0N41">
            <wcet number="0">70</wcet>
            <wcet number="1">370</wcet>
            <maxpow number="0.48771599912203734"/>
            <maxpow number="0.48771599912203734"/>
            <fprob>0.0</fprob>
        </actor>
        <actor name="D0N22">
            <wcet number="0">200</wcet>
            <wcet number="1">240</wcet>
            <maxpow number="0.7145201498631957"/>
            <maxpow number="0.7145201498631957"/>
            <fprob>0.0</fprob>
        </actor>
        <actor name="D0N33">
            <wcet number="0">120</wcet>
            <wcet number="1">120</wcet>
            <maxpow number="0.5811505545879129"/>
            <maxpow number="0.5811505545879129"/>
            <fprob>0.0</fprob>
        </actor>
        <actor name="D0N7">
            <wcet number="0">360</wcet>
            <wcet number="1">480</wcet>
            <maxpow number="0.647844800929381"/>
            <maxpow number="0.647844800929381"/>
            <fprob>0.0</fprob>
        </actor>
        <actor name="D0N14">
            <wcet number="0">40</wcet>
            <wcet number="1">70</wcet>
            <maxpow number="0.2817875400717091"/>
            <maxpow number="0.2817875400717091"/>
            <fprob>0.0</fprob>
        </actor>
        <actor name="D0N35">
            <wcet number="0">30</wcet>
            <wcet number="1">30</wcet>
            <maxpow number="0.38573279229128143"/>
            <maxpow number="0.38573279229128143"/>
            <fprob>0.0</fprob>
        </actor>
        <actor name="D0N18">
            <wcet number="0">30</wcet>
            <wcet number="1">30</wcet>
            <maxpow number="0.47293016120927733"/>
            <maxpow number="0.47293016120927733"/>
            <fprob>0.0</fprob>
        </actor>
        <actor name="D0N25">
            <wcet number="0">10</wcet>
            <wcet number="1">20</wcet>
            <maxpow number="0.5647484802456186"/>
            <maxpow number="0.5647484802456186"/>
            <fprob>0.0</fprob>
        </actor>
        <actor name="D0N27">
            <wcet number="0">20</wcet>
            <wcet number="1">150</wcet>
            <maxpow number="0.5439162759496979"/>
            <maxpow number="0.5439162759496979"/>
            <fprob>0.0</fprob>
        </actor>
        <actor name="D0N5">
            <wcet number="0">370</wcet>
            <wcet number="1">440</wcet>
            <maxpow number="0.8315637900800577"/>
            <maxpow number="0.8315637900800577"/>
            <fprob>0.0</fprob>
        </actor>
        <actor name="D0N45">
            <wcet number="0">60</wcet>
            <wcet number="1">250</wcet>
            <maxpow number="0.5040440275608941"/>
            <maxpow number="0.5040440275608941"/>
            <fprob>0.0</fprob>
        </actor>
        <actor name="D0N46">
            <wcet number="0">40</wcet>
            <wcet number="1">200</wcet>
            <maxpow number="0.6558496137894878"/>
            <maxpow number="0.6558496137894878"/>
            <fprob>0.0</fprob>
        </actor>
        <actor name="D0N11">
            <wcet number="0">670</wcet>
            <wcet number="1">740</wcet>
            <maxpow number="0.45918298741887775"/>
            <maxpow number="0.45918298741887775"/>
            <fprob>0.0</fprob>
        </actor>
        <actor name="D0N44">
            <wcet number="0">30</wcet>
            <wcet number="1">40</wcet>
            <maxpow number="0.2863693049917575"/>
            <maxpow number="0.2863693049917575"/>
            <fprob>0.0</fprob>
        </actor>
        <actor name="D0N36">
            <wcet number="0">40</wcet>
            <wcet number="1">50</wcet>
            <maxpow number="0.7147341811560235"/>
            <maxpow number="0.7147341811560235"/>
            <fprob>0.0</fprob>
        </actor>
        <actor name="D0N9">
            <wcet number="0">20</wcet>
            <wcet number="1">190</wcet>
            <maxpow number="0.546667892951486"/>
            <maxpow number="0.546667892951486"/>
            <fprob>0.0</fprob>
        </actor>
        <actor name="D0N23">
            <wcet number="0">190</wcet>
            <wcet number="1">460</wcet>
            <maxpow number="0.7042156793350054"/>
            <maxpow number="0.7042156793350054"/>
            <fprob>0.0</fprob>
        </actor>
        <actor name="D0N30">
            <wcet number="0">70</wcet>
            <wcet number="1">170</wcet>
            <maxpow number="0.6208881278963542"/>
            <maxpow number="0.6208881278963542"/>
            <fprob>0.0</fprob>
        </actor>
        <actor name="D0N39">
            <wcet number="0">50</wcet>
            <wcet number="1">240</wcet>
            <maxpow number="0.6104681299692806"/>
            <maxpow number="0.6104681299692806"/>
            <fprob>0.0</fprob>
        </actor>
        <actor name="D0N26">
            <wcet number="0">670</wcet>
            <wcet number="1">1320</wcet>
            <maxpow number="0.40398936880502545"/>
            <maxpow number="0.40398936880502545"/>
            <fprob>0.0</fprob>
        </actor>
        <actor name="D0N43">
            <wcet number="0">40</wcet>
            <wcet number="1">50</wcet>
            <maxpow number="0.35834340177771284"/>
            <maxpow number="0.35834340177771284"/>
            <fprob>0.0</fprob>
        </actor>
        <actor name="D0N29">
            <wcet number="0">180</wcet>
            <wcet number="1">510</wcet>
            <maxpow number="0.833466934337567"/>
            <maxpow number="0.833466934337567"/>
            <fprob>0.0</fprob>
        </actor>
        <actor name="D0N15">
            <wcet number="0">30</wcet>
            <wcet number="1">140</wcet>
            <maxpow number="0.634475301258097"/>
            <maxpow number="0.634475301258097"/>
            <fprob>0.0</fprob>
        </actor>
        <actor name="D0N42">
            <wcet number="0">20</wcet>
            <wcet number="1">50</wcet>
            <maxpow number="0.5793091212981826"/>
            <maxpow number="0.5793091212981826"/>
            <fprob>0.0</fprob>
        </actor>
        <actor name="D0N13">
            <wcet number="0">80</wcet>
            <wcet number="1">120</wcet>
            <maxpow number="0.5376506434427123"/>
            <maxpow number="0.5376506434427123"/>
            <fprob>0.0</fprob>
        </actor>
        <actor name="D0N8">
            <wcet number="0">160</wcet>
            <wcet number="1">310</wcet>
            <maxpow number="0.6136058193808938"/>
            <maxpow number="0.6136058193808938"/>
            <fprob>0.0</fprob>
        </actor>
        <actor name="D0N34">
            <wcet number="0">180</wcet>
            <wcet number="1">190</wcet>
            <maxpow number="0.13162775704918206"/>
            <maxpow number="0.13162775704918206"/>
            <fprob>0.0</fprob>
        </actor>
        <actor name="D0N4">
            <wcet number="0">10</wcet>
            <wcet number="1">20</wcet>
            <maxpow number="0.6557799668154709"/>
            <maxpow number="0.6557799668154709"/>
            <fprob>0.0</fprob>
        </actor>
        <actor name="D0N12">
            <wcet number="0">30</wcet>
            <wcet number="1">160</wcet>
            <maxpow number="0.4450186511471265"/>
            <maxpow number="0.4450186511471265"/>
            <fprob>0.0</fprob>
        </actor>
        <actor name="D0N40">
            <wcet number="0">10</wcet>
            <wcet number="1">10</wcet>
            <maxpow number="0.3400896736590718"/>
            <maxpow number="0.3400896736590718"/>
            <fprob>0.0</fprob>
        </actor>
        <actor name="D0N17">
            <wcet number="0">70</wcet>
            <wcet number="1">250</wcet>
            <maxpow number="0.2876583657090044"/>
            <maxpow number="0.2876583657090044"/>
            <fprob>0.0</fprob>
        </actor>
        <actor name="D0N31">
            <wcet number="0">80</wcet>
            <wcet number="1">120</wcet>
            <maxpow number="0.6302248859813335"/>
            <maxpow number="0.6302248859813335"/>
            <fprob>0.0</fprob>
        </actor>
        <actor name="D0N28">
            <wcet number="0">20</wcet>
            <wcet number="1">30</wcet>
            <maxpow number="0.3188800870015799"/>
            <maxpow number="0.3188800870015799"/>
            <fprob>0.0</fprob>
        </actor>
        <actor name="D0N47">
            <wcet number="0">20</wcet>
            <wcet number="1">60</wcet>
            <maxpow number="0.4253879991831769"/>
            <maxpow number="0.4253879991831769"/>
            <fprob>0.0</fprob>
        </actor>
        <actor name="D0N20">
            <wcet number="0">100</wcet>
            <wcet number="1">140</wcet>
            <maxpow number="0.7282291235591777"/>
            <maxpow number="0.7282291235591777"/>
            <fprob>0.0</fprob>
        </actor>
        <actor name="D0N37">
            <wcet number="0">20</wcet>
            <wcet number="1">40</wcet>
            <maxpow number="0.6579608882846708"/>
            <maxpow number="0.6579608882846708"/>
            <fprob>0.0</fprob>
        </actor>
        <actor name="D0N32">
            <wcet number="0">250</wcet>
            <wcet number="1">260</wcet>
            <maxpow number="0.5737919323801498"/>
            <maxpow number="0.5737919323801498"/>
            <fprob>0.0</fprob>
        </actor>
        <actor name="D0N16">
            <wcet number="0">20</wcet>
            <wcet number="1">30</wcet>
            <maxpow number="0.37457738859770234"/>
            <maxpow number="0.37457738859770234"/>
            <fprob>0.0</fprob>
        </actor>
        <actor name="D0N3">
            <wcet number="0">40</wcet>
            <wcet number="1">220</wcet>
            <maxpow number="0.5992838247448039"/>
            <maxpow number="0.5992838247448039"/>
            <fprob>0.0</fprob>
        </actor>
        <ports>
            <port dstActor="D0N34" name="p0" srcActor="D0N1"/>
            <port dstActor="D0N20" name="p1" srcActor="D0N1"/>
            <port dstActor="D0N33" name="p2" srcActor="D0N1"/>
            <port dstActor="D0N2" name="p3" srcActor="D0N1"/>
            <port dstActor="D0N40" name="p4" srcActor="D0N19"/>
            <port dstActor="D0N47" name="p5" srcActor="D0N19"/>
            <port dstActor="D0N27" name="p6" srcActor="D0N21"/>
            <port dstActor="D0N41" name="p7" srcActor="D0N21"/>
            <port dstActor="D0N42" name="p8" srcActor="D0N21"/>
            <port dstActor="D0N41" name="p9" srcActor="D0N2"/>
            <port dstActor="D0N42" name="p10" srcActor="D0N2"/>
            <port dstActor="D0N12" name="p11" srcActor="D0N2"/>
            <port dstActor="D0N46" name="p12" srcActor="D0N2"/>
            <port dstActor="D0N47" name="p13" srcActor="D0N2"/>
            <port dstActor="D0N4" name="p14" srcActor="D0N2"/>
            <port dstActor="D0N18" name="p15" srcActor="D0N2"/>
            <port dstActor="D0N43" name="p16" srcActor="D0N2"/>
            <port dstActor="D0N21" name="p17" srcActor="D0N2"/>
            <port dstActor="D0N27" name="p18" srcActor="D0N24"/>
            <port dstActor="D0N41" name="p19" srcActor="D0N24"/>
            <port dstActor="D0N34" name="p20" srcActor="D0N24"/>
            <port dstActor="D0N44" name="p21" srcActor="D0N24"/>
            <port dstActor="D0N7" name="p22" srcActor="D0N6"/>
            <port dstActor="D0N11" name="p23" srcActor="D0N6"/>
            <port dstActor="D0N29" name="p24" srcActor="D0N6"/>
            <port dstActor="D0N9" name="p25" srcActor="D0N6"/>
            <port dstActor="D0N8" name="p26" srcActor="D0N6"/>
            <port dstActor="D0N16" name="p27" srcActor="D0N6"/>
            <port dstActor="D0N26" name="p28" srcActor="D0N10"/>
            <port dstActor="D0N20" name="p29" srcActor="D0N10"/>
            <port dstActor="D0N39" name="p30" srcActor="D0N38"/>
            <port dstActor="D0N6" name="p31" srcActor="D0N0"/>
            <port dstActor="D0N40" name="p32" srcActor="D0N0"/>
            <port dstActor="D0N13" name="p33" srcActor="D0N0"/>
            <port dstActor="D0N32" name="p34" srcActor="D0N22"/>
            <port dstActor="D0N35" name="p35" srcActor="D0N33"/>
            <port dstActor="D0N44" name="p36" srcActor="D0N33"/>
            <port dstActor="D0N14" name="p37" srcActor="D0N7"/>
            <port dstActor="D0N42" name="p38" srcActor="D0N7"/>
            <port dstActor="D0N22" name="p39" srcActor="D0N7"/>
            <port dstActor="D0N34" name="p40" srcActor="D0N7"/>
            <port dstActor="D0N35" name="p41" srcActor="D0N14"/>
            <port dstActor="D0N47" name="p42" srcActor="D0N14"/>
            <port dstActor="D0N16" name="p43" srcActor="D0N14"/>
            <port dstActor="D0N19" name="p44" srcActor="D0N14"/>
            <port dstActor="D0N38" name="p45" srcActor="D0N14"/>
            <port dstActor="D0N27" name="p46" srcActor="D0N14"/>
            <port dstActor="D0N46" name="p47" srcActor="D0N35"/>
            <port dstActor="D0N45" name="p48" srcActor="D0N35"/>
            <port dstActor="D0N35" name="p49" srcActor="D0N25"/>
            <port dstActor="D0N47" name="p50" srcActor="D0N25"/>
            <port dstActor="D0N30" name="p51" srcActor="D0N25"/>
            <port dstActor="D0N40" name="p52" srcActor="D0N25"/>
            <port dstActor="D0N32" name="p53" srcActor="D0N25"/>
            <port dstActor="D0N45" name="p54" srcActor="D0N25"/>
            <port dstActor="D0N36" name="p55" srcActor="D0N27"/>
            <port dstActor="D0N42" name="p56" srcActor="D0N27"/>
            <port dstActor="D0N28" name="p57" srcActor="D0N5"/>
            <port dstActor="D0N41" name="p58" srcActor="D0N5"/>
            <port dstActor="D0N38" name="p59" srcActor="D0N5"/>
            <port dstActor="D0N14" name="p60" srcActor="D0N5"/>
            <port dstActor="D0N29" name="p61" srcActor="D0N5"/>
            <port dstActor="D0N47" name="p62" srcActor="D0N46"/>
            <port dstActor="D0N28" name="p63" srcActor="D0N11"/>
            <port dstActor="D0N13" name="p64" srcActor="D0N11"/>
            <port dstActor="D0N47" name="p65" srcActor="D0N36"/>
            <port dstActor="D0N28" name="p66" srcActor="D0N9"/>
            <port dstActor="D0N15" name="p67" srcActor="D0N9"/>
            <port dstActor="D0N38" name="p68" srcActor="D0N9"/>
            <port dstActor="D0N22" name="p69" srcActor="D0N9"/>
            <port dstActor="D0N30" name="p70" srcActor="D0N9"/>
            <port dstActor="D0N35" name="p71" srcActor="D0N23"/>
            <port dstActor="D0N36" name="p72" srcActor="D0N23"/>
            <port dstActor="D0N47" name="p73" srcActor="D0N23"/>
            <port dstActor="D0N42" name="p74" srcActor="D0N30"/>
            <port dstActor="D0N32" name="p75" srcActor="D0N30"/>
            <port dstActor="D0N34" name="p76" srcActor="D0N26"/>
            <port dstActor="D0N46" name="p77" srcActor="D0N43"/>
            <port dstActor="D0N41" name="p78" srcActor="D0N29"/>
            <port dstActor="D0N43" name="p79" srcActor="D0N15"/>
            <port dstActor="D0N17" name="p80" srcActor="D0N15"/>
            <port dstActor="D0N47" name="p81" srcActor="D0N42"/>
            <port dstActor="D0N33" name="p82" srcActor="D0N13"/>
            <port dstActor="D0N39" name="p83" srcActor="D0N13"/>
            <port dstActor="D0N41" name="p84" srcActor="D0N13"/>
            <port dstActor="D0N26" name="p85" srcActor="D0N13"/>
            <port dstActor="D0N46" name="p86" srcActor="D0N8"/>
            <port dstActor="D0N36" name="p87" srcActor="D0N8"/>
            <port dstActor="D0N18" name="p88" srcActor="D0N8"/>
            <port dstActor="D0N33" name="p89" srcActor="D0N4"/>
            <port dstActor="D0N14" name="p90" srcActor="D0N4"/>
            <port dstActor="D0N34" name="p91" srcActor="D0N4"/>
            <port dstActor="D0N22" name="p92" srcActor="D0N4"/>
            <port dstActor="D0N44" name="p93" srcActor="D0N4"/>
            <port dstActor="D0N11" name="p94" srcActor="D0N4"/>
            <port dstActor="D0N15" name="p95" srcActor="D0N4"/>
            <port dstActor="D0N22" name="p96" srcActor="D0N12"/>
            <port dstActor="D0N14" name="p97" srcActor="D0N12"/>
            <port dstActor="D0N42" name="p98" srcActor="D0N12"/>
            <port dstActor="D0N35" name="p99" srcActor="D0N12"/>
            <port dstActor="D0N27" name="p100" srcActor="D0N12"/>
            <port dstActor="D0N41" name="p101" srcActor="D0N17"/>
            <port dstActor="D0N42" name="p102" srcActor="D0N31"/>
            <port dstActor="D0N31" name="p103" srcActor="D0N28"/>
            <port dstActor="D0N37" name="p104" srcActor="D0N20"/>
            <port dstActor="D0N25" name="p105" srcActor="D0N20"/>
            <port dstActor="D0N38" name="p106" srcActor="D0N20"/>
            <port dstActor="D0N38" name="p107" srcActor="D0N37"/>
            <port dstActor="D0N42" name="p108" srcActor="D0N32"/>
            <port dstActor="D0N39" name="p109" srcActor="D0N32"/>
            <port dstActor="D0N34" name="p110" srcActor="D0N32"/>
            <port dstActor="D0N33" name="p111" srcActor="D0N16"/>
            <port dstActor="D0N47" name="p112" srcActor="D0N16"/>
            <port dstActor="D0N42" name="p113" srcActor="D0N16"/>
            <port dstActor="D0N26" name="p114" srcActor="D0N3"/>
            <port dstActor="D0N4" name="p115" srcActor="D0N3"/>
            <port dstActor="D0N29" name="p116" srcActor="D0N3"/>
        </ports>
    </mcdag>
    <cores number="3"/>
    <levels number="2"/>
</mcsystem>
