<?xml version="1.0" encoding="UTF-8" standalone="no"?>
<mcsystem>
    <mcdag deadline="1200" name="genned-0-ed-10.0-0">
        <actor name="D0N16">
            <wcet number="0">100</wcet>
            <wcet number="1">140</wcet>
            <maxpow number="0.40971406675326605"/>
            <maxpow number="0.40971406675326605"/>
            <fprob>0.0</fprob>
        </actor>
        <actor name="D0N37">
            <wcet number="0">10</wcet>
            <wcet number="1">20</wcet>
            <maxpow number="0.2475715692315799"/>
            <maxpow number="0.2475715692315799"/>
            <fprob>0.0</fprob>
        </actor>
        <actor name="D0N1">
            <wcet number="0">30</wcet>
            <wcet number="1">100</wcet>
            <maxpow number="0.2817237612935785"/>
            <maxpow number="0.2817237612935785"/>
            <fprob>0.0</fprob>
        </actor>
        <actor name="D0N21">
            <wcet number="0">40</wcet>
            <wcet number="1">70</wcet>
            <maxpow number="0.3783074662816258"/>
            <maxpow number="0.3783074662816258"/>
            <fprob>0.0</fprob>
        </actor>
        <actor name="D0N3">
            <wcet number="0">40</wcet>
            <wcet number="1">50</wcet>
            <maxpow number="0.31952296615746456"/>
            <maxpow number="0.31952296615746456"/>
            <fprob>0.0</fprob>
        </actor>
        <actor name="D0N18">
            <wcet number="0">40</wcet>
            <wcet number="1">40</wcet>
            <maxpow number="0.6659579435474352"/>
            <maxpow number="0.6659579435474352"/>
            <fprob>0.0</fprob>
        </actor>
        <actor name="D0N8">
            <wcet number="0">10</wcet>
            <wcet number="1">10</wcet>
            <maxpow number="0.4966036041710261"/>
            <maxpow number="0.4966036041710261"/>
            <fprob>0.0</fprob>
        </actor>
        <actor name="D0N43">
            <wcet number="0">20</wcet>
            <wcet number="1">70</wcet>
            <maxpow number="0.2418262937360055"/>
            <maxpow number="0.2418262937360055"/>
            <fprob>0.0</fprob>
        </actor>
        <actor name="D0N20">
            <wcet number="0">50</wcet>
            <wcet number="1">50</wcet>
            <maxpow number="0.7461394046047343"/>
            <maxpow number="0.7461394046047343"/>
            <fprob>0.0</fprob>
        </actor>
        <actor name="D0N27">
            <wcet number="0">30</wcet>
            <wcet number="1">80</wcet>
            <maxpow number="0.7097331972003403"/>
            <maxpow number="0.7097331972003403"/>
            <fprob>0.0</fprob>
        </actor>
        <actor name="D0N39">
            <wcet number="0">20</wcet>
            <wcet number="1">80</wcet>
            <maxpow number="0.43744679682203963"/>
            <maxpow number="0.43744679682203963"/>
            <fprob>0.0</fprob>
        </actor>
        <actor name="D0N6">
            <wcet number="0">10</wcet>
            <wcet number="1">10</wcet>
            <maxpow number="0.7198780416752796"/>
            <maxpow number="0.7198780416752796"/>
            <fprob>0.0</fprob>
        </actor>
        <actor name="D0N40">
            <wcet number="0">10</wcet>
            <wcet number="1">90</wcet>
            <maxpow number="0.5316486949708956"/>
            <maxpow number="0.5316486949708956"/>
            <fprob>0.0</fprob>
        </actor>
        <actor name="D0N12">
            <wcet number="0">10</wcet>
            <wcet number="1">10</wcet>
            <maxpow number="0.8029548339524049"/>
            <maxpow number="0.8029548339524049"/>
            <fprob>0.0</fprob>
        </actor>
        <actor name="D0N33">
            <wcet number="0">80</wcet>
            <wcet number="1">110</wcet>
            <maxpow number="0.5979919052918907"/>
            <maxpow number="0.5979919052918907"/>
            <fprob>0.0</fprob>
        </actor>
        <actor name="D0N11">
            <wcet number="0">110</wcet>
            <wcet number="1">130</wcet>
            <maxpow number="0.44143571056201614"/>
            <maxpow number="0.44143571056201614"/>
            <fprob>0.0</fprob>
        </actor>
        <actor name="D0N22">
            <wcet number="0">20</wcet>
            <wcet number="1">110</wcet>
            <maxpow number="0.11889984851141056"/>
            <maxpow number="0.11889984851141056"/>
            <fprob>0.0</fprob>
        </actor>
        <actor name="D0N5">
            <wcet number="0">10</wcet>
            <wcet number="1">20</wcet>
            <maxpow number="0.6517431938699095"/>
            <maxpow number="0.6517431938699095"/>
            <fprob>0.0</fprob>
        </actor>
        <actor name="D0N34">
            <wcet number="0">30</wcet>
            <wcet number="1">70</wcet>
            <maxpow number="0.4950334186099567"/>
            <maxpow number="0.4950334186099567"/>
            <fprob>0.0</fprob>
        </actor>
        <actor name="D0N41">
            <wcet number="0">50</wcet>
            <wcet number="1">170</wcet>
            <maxpow number="0.4690745351178621"/>
            <maxpow number="0.4690745351178621"/>
            <fprob>0.0</fprob>
        </actor>
        <actor name="D0N15">
            <wcet number="0">70</wcet>
            <wcet number="1">70</wcet>
            <maxpow number="0.7086903242579433"/>
            <maxpow number="0.7086903242579433"/>
            <fprob>0.0</fprob>
        </actor>
        <actor name="D0N7">
            <wcet number="0">20</wcet>
            <wcet number="1">20</wcet>
            <maxpow number="1.035518005600217"/>
            <maxpow number="1.035518005600217"/>
            <fprob>0.0</fprob>
        </actor>
        <actor name="D0N14">
            <wcet number="0">90</wcet>
            <wcet number="1">100</wcet>
            <maxpow number="0.3070046177432515"/>
            <maxpow number="0.3070046177432515"/>
            <fprob>0.0</fprob>
        </actor>
        <actor name="D0N23">
            <wcet number="0">40</wcet>
            <wcet number="1">190</wcet>
            <maxpow number="0.586984090270298"/>
            <maxpow number="0.586984090270298"/>
            <fprob>0.0</fprob>
        </actor>
        <actor name="D0N17">
            <wcet number="0">10</wcet>
            <wcet number="1">70</wcet>
            <maxpow number="0.6937572343218128"/>
            <maxpow number="0.6937572343218128"/>
            <fprob>0.0</fprob>
        </actor>
        <actor name="D0N30">
            <wcet number="0">20</wcet>
            <wcet number="1">30</wcet>
            <maxpow number="1.0010344716303945"/>
            <maxpow number="1.0010344716303945"/>
            <fprob>0.0</fprob>
        </actor>
        <actor name="D0N9">
            <wcet number="0">10</wcet>
            <wcet number="1">40</wcet>
            <maxpow number="0.672621209705186"/>
            <maxpow number="0.672621209705186"/>
            <fprob>0.0</fprob>
        </actor>
        <actor name="D0N36">
            <wcet number="0">10</wcet>
            <wcet number="1">20</wcet>
            <maxpow number="0.6606429223549527"/>
            <maxpow number="0.6606429223549527"/>
            <fprob>0.0</fprob>
        </actor>
        <actor name="D0N29">
            <wcet number="0">10</wcet>
            <wcet number="1">30</wcet>
            <maxpow number="0.2975194377985936"/>
            <maxpow number="0.2975194377985936"/>
            <fprob>0.0</fprob>
        </actor>
        <actor name="D0N19">
            <wcet number="0">70</wcet>
            <wcet number="1">110</wcet>
            <maxpow number="0.5706333242366636"/>
            <maxpow number="0.5706333242366636"/>
            <fprob>0.0</fprob>
        </actor>
        <actor name="D0N26">
            <wcet number="0">10</wcet>
            <wcet number="1">70</wcet>
            <maxpow number="0.609930547621908"/>
            <maxpow number="0.609930547621908"/>
            <fprob>0.0</fprob>
        </actor>
        <actor name="D0N24">
            <wcet number="0">10</wcet>
            <wcet number="1">30</wcet>
            <maxpow number="0.6849918120002143"/>
            <maxpow number="0.6849918120002143"/>
            <fprob>0.0</fprob>
        </actor>
        <actor name="D0N42">
            <wcet number="0">10</wcet>
            <wcet number="1">100</wcet>
            <maxpow number="0.6544126182023328"/>
            <maxpow number="0.6544126182023328"/>
            <fprob>0.0</fprob>
        </actor>
        <actor name="D0N25">
            <wcet number="0">150</wcet>
            <wcet number="1">160</wcet>
            <maxpow number="0.5973183982947712"/>
            <maxpow number="0.5973183982947712"/>
            <fprob>0.0</fprob>
        </actor>
        <actor name="D0N28">
            <wcet number="0">50</wcet>
            <wcet number="1">90</wcet>
            <maxpow number="0.3295324434659129"/>
            <maxpow number="0.3295324434659129"/>
            <fprob>0.0</fprob>
        </actor>
        <actor name="D0N35">
            <wcet number="0">70</wcet>
            <wcet number="1">70</wcet>
            <maxpow number="0.6485650235102635"/>
            <maxpow number="0.6485650235102635"/>
            <fprob>0.0</fprob>
        </actor>
        <actor name="D0N38">
            <wcet number="0">20</wcet>
            <wcet number="1">140</wcet>
            <maxpow number="0.6842661394332321"/>
            <maxpow number="0.6842661394332321"/>
            <fprob>0.0</fprob>
        </actor>
        <actor name="D0N32">
            <wcet number="0">20</wcet>
            <wcet number="1">120</wcet>
            <maxpow number="0.5026853966114917"/>
            <maxpow number="0.5026853966114917"/>
            <fprob>0.0</fprob>
        </actor>
        <actor name="D0N13">
            <wcet number="0">30</wcet>
            <wcet number="1">30</wcet>
            <maxpow number="0.895685979987731"/>
            <maxpow number="0.895685979987731"/>
            <fprob>0.0</fprob>
        </actor>
        <actor name="D0N4">
            <wcet number="0">30</wcet>
            <wcet number="1">120</wcet>
            <maxpow number="0.4305048213271456"/>
            <maxpow number="0.4305048213271456"/>
            <fprob>0.0</fprob>
        </actor>
        <actor name="D0N31">
            <wcet number="0">200</wcet>
            <wcet number="1">260</wcet>
            <maxpow number="0.8322932231831439"/>
            <maxpow number="0.8322932231831439"/>
            <fprob>0.0</fprob>
        </actor>
        <actor name="D0N2">
            <wcet number="0">40</wcet>
            <wcet number="1">40</wcet>
            <maxpow number="0.7643133070600777"/>
            <maxpow number="0.7643133070600777"/>
            <fprob>0.0</fprob>
        </actor>
        <actor name="D0N10">
            <wcet number="0">10</wcet>
            <wcet number="1">10</wcet>
            <maxpow number="0.7581800186806618"/>
            <maxpow number="0.7581800186806618"/>
            <fprob>0.0</fprob>
        </actor>
        <actor name="D0N0">
            <wcet number="0">10</wcet>
            <wcet number="1">10</wcet>
            <maxpow number="0.6748718952845941"/>
            <maxpow number="0.6748718952845941"/>
            <fprob>0.0</fprob>
        </actor>
        <ports>
            <port dstActor="D0N38" name="p0" srcActor="D0N16"/>
            <port dstActor="D0N28" name="p1" srcActor="D0N16"/>
            <port dstActor="D0N35" name="p2" srcActor="D0N16"/>
            <port dstActor="D0N42" name="p3" srcActor="D0N16"/>
            <port dstActor="D0N38" name="p4" srcActor="D0N37"/>
            <port dstActor="D0N6" name="p5" srcActor="D0N1"/>
            <port dstActor="D0N37" name="p6" srcActor="D0N1"/>
            <port dstActor="D0N25" name="p7" srcActor="D0N1"/>
            <port dstActor="D0N4" name="p8" srcActor="D0N1"/>
            <port dstActor="D0N30" name="p9" srcActor="D0N21"/>
            <port dstActor="D0N38" name="p10" srcActor="D0N21"/>
            <port dstActor="D0N39" name="p11" srcActor="D0N21"/>
            <port dstActor="D0N23" name="p12" srcActor="D0N21"/>
            <port dstActor="D0N29" name="p13" srcActor="D0N3"/>
            <port dstActor="D0N16" name="p14" srcActor="D0N3"/>
            <port dstActor="D0N23" name="p15" srcActor="D0N18"/>
            <port dstActor="D0N28" name="p16" srcActor="D0N18"/>
            <port dstActor="D0N24" name="p17" srcActor="D0N18"/>
            <port dstActor="D0N23" name="p18" srcActor="D0N8"/>
            <port dstActor="D0N15" name="p19" srcActor="D0N8"/>
            <port dstActor="D0N23" name="p20" srcActor="D0N20"/>
            <port dstActor="D0N30" name="p21" srcActor="D0N27"/>
            <port dstActor="D0N32" name="p22" srcActor="D0N27"/>
            <port dstActor="D0N40" name="p23" srcActor="D0N27"/>
            <port dstActor="D0N27" name="p24" srcActor="D0N6"/>
            <port dstActor="D0N31" name="p25" srcActor="D0N6"/>
            <port dstActor="D0N30" name="p26" srcActor="D0N6"/>
            <port dstActor="D0N8" name="p27" srcActor="D0N6"/>
            <port dstActor="D0N23" name="p28" srcActor="D0N6"/>
            <port dstActor="D0N29" name="p29" srcActor="D0N6"/>
            <port dstActor="D0N21" name="p30" srcActor="D0N12"/>
            <port dstActor="D0N34" name="p31" srcActor="D0N12"/>
            <port dstActor="D0N22" name="p32" srcActor="D0N12"/>
            <port dstActor="D0N25" name="p33" srcActor="D0N12"/>
            <port dstActor="D0N42" name="p34" srcActor="D0N11"/>
            <port dstActor="D0N38" name="p35" srcActor="D0N11"/>
            <port dstActor="D0N25" name="p36" srcActor="D0N11"/>
            <port dstActor="D0N41" name="p37" srcActor="D0N22"/>
            <port dstActor="D0N18" name="p38" srcActor="D0N5"/>
            <port dstActor="D0N43" name="p39" srcActor="D0N5"/>
            <port dstActor="D0N7" name="p40" srcActor="D0N5"/>
            <port dstActor="D0N39" name="p41" srcActor="D0N34"/>
            <port dstActor="D0N20" name="p42" srcActor="D0N15"/>
            <port dstActor="D0N42" name="p43" srcActor="D0N15"/>
            <port dstActor="D0N15" name="p44" srcActor="D0N7"/>
            <port dstActor="D0N43" name="p45" srcActor="D0N14"/>
            <port dstActor="D0N42" name="p46" srcActor="D0N14"/>
            <port dstActor="D0N24" name="p47" srcActor="D0N14"/>
            <port dstActor="D0N34" name="p48" srcActor="D0N23"/>
            <port dstActor="D0N27" name="p49" srcActor="D0N17"/>
            <port dstActor="D0N19" name="p50" srcActor="D0N17"/>
            <port dstActor="D0N38" name="p51" srcActor="D0N17"/>
            <port dstActor="D0N35" name="p52" srcActor="D0N9"/>
            <port dstActor="D0N20" name="p53" srcActor="D0N9"/>
            <port dstActor="D0N32" name="p54" srcActor="D0N9"/>
            <port dstActor="D0N16" name="p55" srcActor="D0N9"/>
            <port dstActor="D0N30" name="p56" srcActor="D0N29"/>
            <port dstActor="D0N32" name="p57" srcActor="D0N19"/>
            <port dstActor="D0N38" name="p58" srcActor="D0N19"/>
            <port dstActor="D0N40" name="p59" srcActor="D0N19"/>
            <port dstActor="D0N23" name="p60" srcActor="D0N19"/>
            <port dstActor="D0N30" name="p61" srcActor="D0N26"/>
            <port dstActor="D0N29" name="p62" srcActor="D0N26"/>
            <port dstActor="D0N26" name="p63" srcActor="D0N24"/>
            <port dstActor="D0N42" name="p64" srcActor="D0N24"/>
            <port dstActor="D0N30" name="p65" srcActor="D0N24"/>
            <port dstActor="D0N36" name="p66" srcActor="D0N24"/>
            <port dstActor="D0N43" name="p67" srcActor="D0N42"/>
            <port dstActor="D0N35" name="p68" srcActor="D0N25"/>
            <port dstActor="D0N39" name="p69" srcActor="D0N28"/>
            <port dstActor="D0N41" name="p70" srcActor="D0N28"/>
            <port dstActor="D0N36" name="p71" srcActor="D0N35"/>
            <port dstActor="D0N42" name="p72" srcActor="D0N38"/>
            <port dstActor="D0N40" name="p73" srcActor="D0N32"/>
            <port dstActor="D0N39" name="p74" srcActor="D0N32"/>
            <port dstActor="D0N42" name="p75" srcActor="D0N32"/>
            <port dstActor="D0N42" name="p76" srcActor="D0N13"/>
            <port dstActor="D0N16" name="p77" srcActor="D0N13"/>
            <port dstActor="D0N22" name="p78" srcActor="D0N13"/>
            <port dstActor="D0N17" name="p79" srcActor="D0N13"/>
            <port dstActor="D0N20" name="p80" srcActor="D0N13"/>
            <port dstActor="D0N11" name="p81" srcActor="D0N4"/>
            <port dstActor="D0N26" name="p82" srcActor="D0N4"/>
            <port dstActor="D0N36" name="p83" srcActor="D0N31"/>
            <port dstActor="D0N13" name="p84" srcActor="D0N2"/>
            <port dstActor="D0N6" name="p85" srcActor="D0N2"/>
            <port dstActor="D0N35" name="p86" srcActor="D0N2"/>
            <port dstActor="D0N11" name="p87" srcActor="D0N10"/>
            <port dstActor="D0N30" name="p88" srcActor="D0N10"/>
            <port dstActor="D0N39" name="p89" srcActor="D0N10"/>
            <port dstActor="D0N41" name="p90" srcActor="D0N10"/>
            <port dstActor="D0N37" name="p91" srcActor="D0N0"/>
            <port dstActor="D0N19" name="p92" srcActor="D0N0"/>
            <port dstActor="D0N23" name="p93" srcActor="D0N0"/>
            <port dstActor="D0N28" name="p94" srcActor="D0N0"/>
        </ports>
    </mcdag>
    <cores number="3"/>
    <levels number="2"/>
</mcsystem>
