<?xml version="1.0" encoding="UTF-8" standalone="no"?>
<mcsystem>
    <mcdag deadline="1000" name="genned-0-ed-10.0-0">
        <actor name="D0N7">
            <wcet number="0">20</wcet>
            <wcet number="1">20</wcet>
            <maxpow number="0.18823796650457758"/>
            <maxpow number="0.18823796650457758"/>
            <fprob>0.0</fprob>
        </actor>
        <actor name="D0N5">
            <wcet number="0">10</wcet>
            <wcet number="1">10</wcet>
            <maxpow number="0.30440546714788175"/>
            <maxpow number="0.30440546714788175"/>
            <fprob>0.0</fprob>
        </actor>
        <actor name="D0N1">
            <wcet number="0">30</wcet>
            <wcet number="1">50</wcet>
            <maxpow number="0.4908107758443861"/>
            <maxpow number="0.4908107758443861"/>
            <fprob>0.0</fprob>
        </actor>
        <actor name="D0N18">
            <wcet number="0">20</wcet>
            <wcet number="1">40</wcet>
            <maxpow number="0.39247264361817297"/>
            <maxpow number="0.39247264361817297"/>
            <fprob>0.0</fprob>
        </actor>
        <actor name="D0N0">
            <wcet number="0">20</wcet>
            <wcet number="1">20</wcet>
            <maxpow number="0.42371364175212767"/>
            <maxpow number="0.42371364175212767"/>
            <fprob>0.0</fprob>
        </actor>
        <actor name="D0N8">
            <wcet number="0">30</wcet>
            <wcet number="1">30</wcet>
            <maxpow number="0.32731579000069033"/>
            <maxpow number="0.32731579000069033"/>
            <fprob>0.0</fprob>
        </actor>
        <actor name="D0N43">
            <wcet number="0">30</wcet>
            <wcet number="1">50</wcet>
            <maxpow number="0.49540189199240103"/>
            <maxpow number="0.49540189199240103"/>
            <fprob>0.0</fprob>
        </actor>
        <actor name="D0N32">
            <wcet number="0">20</wcet>
            <wcet number="1">20</wcet>
            <maxpow number="0.2773450419683845"/>
            <maxpow number="0.2773450419683845"/>
            <fprob>0.0</fprob>
        </actor>
        <actor name="D0N10">
            <wcet number="0">50</wcet>
            <wcet number="1">50</wcet>
            <maxpow number="0.19727669664729125"/>
            <maxpow number="0.19727669664729125"/>
            <fprob>0.0</fprob>
        </actor>
        <actor name="D0N3">
            <wcet number="0">110</wcet>
            <wcet number="1">110</wcet>
            <maxpow number="0.6398126642731244"/>
            <maxpow number="0.6398126642731244"/>
            <fprob>0.0</fprob>
        </actor>
        <actor name="D0N4">
            <wcet number="0">10</wcet>
            <wcet number="1">10</wcet>
            <maxpow number="0.8004894731665261"/>
            <maxpow number="0.8004894731665261"/>
            <fprob>0.0</fprob>
        </actor>
        <actor name="D0N26">
            <wcet number="0">10</wcet>
            <wcet number="1">40</wcet>
            <maxpow number="0.4474613968583284"/>
            <maxpow number="0.4474613968583284"/>
            <fprob>0.0</fprob>
        </actor>
        <actor name="D0N12">
            <wcet number="0">40</wcet>
            <wcet number="1">40</wcet>
            <maxpow number="0.6954157095598085"/>
            <maxpow number="0.6954157095598085"/>
            <fprob>0.0</fprob>
        </actor>
        <actor name="D0N31">
            <wcet number="0">20</wcet>
            <wcet number="1">40</wcet>
            <maxpow number="0.322575789209653"/>
            <maxpow number="0.322575789209653"/>
            <fprob>0.0</fprob>
        </actor>
        <actor name="D0N35">
            <wcet number="0">20</wcet>
            <wcet number="1">80</wcet>
            <maxpow number="0.43316380505257035"/>
            <maxpow number="0.43316380505257035"/>
            <fprob>0.0</fprob>
        </actor>
        <actor name="D0N29">
            <wcet number="0">10</wcet>
            <wcet number="1">20</wcet>
            <maxpow number="0.7142240027595793"/>
            <maxpow number="0.7142240027595793"/>
            <fprob>0.0</fprob>
        </actor>
        <actor name="D0N16">
            <wcet number="0">50</wcet>
            <wcet number="1">140</wcet>
            <maxpow number="0.40942771405729733"/>
            <maxpow number="0.40942771405729733"/>
            <fprob>0.0</fprob>
        </actor>
        <actor name="D0N22">
            <wcet number="0">40</wcet>
            <wcet number="1">110</wcet>
            <maxpow number="0.6165519314953735"/>
            <maxpow number="0.6165519314953735"/>
            <fprob>0.0</fprob>
        </actor>
        <actor name="D0N37">
            <wcet number="0">10</wcet>
            <wcet number="1">40</wcet>
            <maxpow number="0.5739275940371996"/>
            <maxpow number="0.5739275940371996"/>
            <fprob>0.0</fprob>
        </actor>
        <actor name="D0N19">
            <wcet number="0">40</wcet>
            <wcet number="1">50</wcet>
            <maxpow number="0.5906346834776076"/>
            <maxpow number="0.5906346834776076"/>
            <fprob>0.0</fprob>
        </actor>
        <actor name="D0N28">
            <wcet number="0">30</wcet>
            <wcet number="1">30</wcet>
            <maxpow number="0.4697403918643714"/>
            <maxpow number="0.4697403918643714"/>
            <fprob>0.0</fprob>
        </actor>
        <actor name="D0N41">
            <wcet number="0">10</wcet>
            <wcet number="1">10</wcet>
            <maxpow number="0.41027939674004443"/>
            <maxpow number="0.41027939674004443"/>
            <fprob>0.0</fprob>
        </actor>
        <actor name="D0N17">
            <wcet number="0">60</wcet>
            <wcet number="1">60</wcet>
            <maxpow number="0.5601224336636197"/>
            <maxpow number="0.5601224336636197"/>
            <fprob>0.0</fprob>
        </actor>
        <actor name="D0N11">
            <wcet number="0">30</wcet>
            <wcet number="1">30</wcet>
            <maxpow number="0.6418467676269171"/>
            <maxpow number="0.6418467676269171"/>
            <fprob>0.0</fprob>
        </actor>
        <actor name="D0N9">
            <wcet number="0">40</wcet>
            <wcet number="1">110</wcet>
            <maxpow number="0.7278327887829315"/>
            <maxpow number="0.7278327887829315"/>
            <fprob>0.0</fprob>
        </actor>
        <actor name="D0N36">
            <wcet number="0">20</wcet>
            <wcet number="1">40</wcet>
            <maxpow number="0.43025767805922527"/>
            <maxpow number="0.43025767805922527"/>
            <fprob>0.0</fprob>
        </actor>
        <actor name="D0N14">
            <wcet number="0">40</wcet>
            <wcet number="1">210</wcet>
            <maxpow number="0.48647523156965916"/>
            <maxpow number="0.48647523156965916"/>
            <fprob>0.0</fprob>
        </actor>
        <actor name="D0N21">
            <wcet number="0">20</wcet>
            <wcet number="1">70</wcet>
            <maxpow number="0.539807931942933"/>
            <maxpow number="0.539807931942933"/>
            <fprob>0.0</fprob>
        </actor>
        <actor name="D0N25">
            <wcet number="0">20</wcet>
            <wcet number="1">20</wcet>
            <maxpow number="0.5729941982438181"/>
            <maxpow number="0.5729941982438181"/>
            <fprob>0.0</fprob>
        </actor>
        <actor name="D0N38">
            <wcet number="0">10</wcet>
            <wcet number="1">10</wcet>
            <maxpow number="0.389875981494609"/>
            <maxpow number="0.389875981494609"/>
            <fprob>0.0</fprob>
        </actor>
        <actor name="D0N33">
            <wcet number="0">20</wcet>
            <wcet number="1">90</wcet>
            <maxpow number="0.634611751348322"/>
            <maxpow number="0.634611751348322"/>
            <fprob>0.0</fprob>
        </actor>
        <actor name="D0N27">
            <wcet number="0">70</wcet>
            <wcet number="1">90</wcet>
            <maxpow number="0.4575709639437935"/>
            <maxpow number="0.4575709639437935"/>
            <fprob>0.0</fprob>
        </actor>
        <actor name="D0N30">
            <wcet number="0">10</wcet>
            <wcet number="1">80</wcet>
            <maxpow number="0.7538677076273944"/>
            <maxpow number="0.7538677076273944"/>
            <fprob>0.0</fprob>
        </actor>
        <actor name="D0N42">
            <wcet number="0">10</wcet>
            <wcet number="1">10</wcet>
            <maxpow number="0.7584327426358985"/>
            <maxpow number="0.7584327426358985"/>
            <fprob>0.0</fprob>
        </actor>
        <actor name="D0N40">
            <wcet number="0">30</wcet>
            <wcet number="1">40</wcet>
            <maxpow number="0.6470170740633799"/>
            <maxpow number="0.6470170740633799"/>
            <fprob>0.0</fprob>
        </actor>
        <actor name="D0N23">
            <wcet number="0">10</wcet>
            <wcet number="1">10</wcet>
            <maxpow number="0.3428428737090359"/>
            <maxpow number="0.3428428737090359"/>
            <fprob>0.0</fprob>
        </actor>
        <actor name="D0N2">
            <wcet number="0">20</wcet>
            <wcet number="1">20</wcet>
            <maxpow number="0.4839040719734713"/>
            <maxpow number="0.4839040719734713"/>
            <fprob>0.0</fprob>
        </actor>
        <actor name="D0N20">
            <wcet number="0">30</wcet>
            <wcet number="1">140</wcet>
            <maxpow number="0.401760815017717"/>
            <maxpow number="0.401760815017717"/>
            <fprob>0.0</fprob>
        </actor>
        <actor name="D0N15">
            <wcet number="0">30</wcet>
            <wcet number="1">40</wcet>
            <maxpow number="0.33054948700153075"/>
            <maxpow number="0.33054948700153075"/>
            <fprob>0.0</fprob>
        </actor>
        <actor name="D0N24">
            <wcet number="0">100</wcet>
            <wcet number="1">120</wcet>
            <maxpow number="0.5272603836308758"/>
            <maxpow number="0.5272603836308758"/>
            <fprob>0.0</fprob>
        </actor>
        <actor name="D0N39">
            <wcet number="0">130</wcet>
            <wcet number="1">200</wcet>
            <maxpow number="0.5622115830645305"/>
            <maxpow number="0.5622115830645305"/>
            <fprob>0.0</fprob>
        </actor>
        <actor name="D0N44">
            <wcet number="0">10</wcet>
            <wcet number="1">20</wcet>
            <maxpow number="0.43465076741857483"/>
            <maxpow number="0.43465076741857483"/>
            <fprob>0.0</fprob>
        </actor>
        <actor name="D0N6">
            <wcet number="0">30</wcet>
            <wcet number="1">60</wcet>
            <maxpow number="0.5942800973781448"/>
            <maxpow number="0.5942800973781448"/>
            <fprob>0.0</fprob>
        </actor>
        <actor name="D0N13">
            <wcet number="0">20</wcet>
            <wcet number="1">20</wcet>
            <maxpow number="0.7973997446950498"/>
            <maxpow number="0.7973997446950498"/>
            <fprob>0.0</fprob>
        </actor>
        <actor name="D0N34">
            <wcet number="0">70</wcet>
            <wcet number="1">100</wcet>
            <maxpow number="0.8130569476791368"/>
            <maxpow number="0.8130569476791368"/>
            <fprob>0.0</fprob>
        </actor>
        <ports>
            <port dstActor="D0N28" name="p0" srcActor="D0N7"/>
            <port dstActor="D0N31" name="p1" srcActor="D0N7"/>
            <port dstActor="D0N18" name="p2" srcActor="D0N7"/>
            <port dstActor="D0N9" name="p3" srcActor="D0N5"/>
            <port dstActor="D0N12" name="p4" srcActor="D0N5"/>
            <port dstActor="D0N16" name="p5" srcActor="D0N1"/>
            <port dstActor="D0N4" name="p6" srcActor="D0N1"/>
            <port dstActor="D0N7" name="p7" srcActor="D0N1"/>
            <port dstActor="D0N34" name="p8" srcActor="D0N18"/>
            <port dstActor="D0N43" name="p9" srcActor="D0N18"/>
            <port dstActor="D0N41" name="p10" srcActor="D0N18"/>
            <port dstActor="D0N39" name="p11" srcActor="D0N18"/>
            <port dstActor="D0N29" name="p12" srcActor="D0N18"/>
            <port dstActor="D0N37" name="p13" srcActor="D0N0"/>
            <port dstActor="D0N26" name="p14" srcActor="D0N0"/>
            <port dstActor="D0N35" name="p15" srcActor="D0N8"/>
            <port dstActor="D0N39" name="p16" srcActor="D0N8"/>
            <port dstActor="D0N22" name="p17" srcActor="D0N8"/>
            <port dstActor="D0N18" name="p18" srcActor="D0N8"/>
            <port dstActor="D0N17" name="p19" srcActor="D0N8"/>
            <port dstActor="D0N21" name="p20" srcActor="D0N8"/>
            <port dstActor="D0N35" name="p21" srcActor="D0N32"/>
            <port dstActor="D0N26" name="p22" srcActor="D0N10"/>
            <port dstActor="D0N28" name="p23" srcActor="D0N10"/>
            <port dstActor="D0N42" name="p24" srcActor="D0N10"/>
            <port dstActor="D0N8" name="p25" srcActor="D0N3"/>
            <port dstActor="D0N21" name="p26" srcActor="D0N3"/>
            <port dstActor="D0N35" name="p27" srcActor="D0N4"/>
            <port dstActor="D0N35" name="p28" srcActor="D0N26"/>
            <port dstActor="D0N38" name="p29" srcActor="D0N12"/>
            <port dstActor="D0N33" name="p30" srcActor="D0N12"/>
            <port dstActor="D0N24" name="p31" srcActor="D0N12"/>
            <port dstActor="D0N22" name="p32" srcActor="D0N12"/>
            <port dstActor="D0N16" name="p33" srcActor="D0N12"/>
            <port dstActor="D0N43" name="p34" srcActor="D0N31"/>
            <port dstActor="D0N37" name="p35" srcActor="D0N35"/>
            <port dstActor="D0N40" name="p36" srcActor="D0N35"/>
            <port dstActor="D0N19" name="p37" srcActor="D0N16"/>
            <port dstActor="D0N30" name="p38" srcActor="D0N16"/>
            <port dstActor="D0N29" name="p39" srcActor="D0N16"/>
            <port dstActor="D0N37" name="p40" srcActor="D0N22"/>
            <port dstActor="D0N30" name="p41" srcActor="D0N22"/>
            <port dstActor="D0N28" name="p42" srcActor="D0N22"/>
            <port dstActor="D0N40" name="p43" srcActor="D0N37"/>
            <port dstActor="D0N41" name="p44" srcActor="D0N37"/>
            <port dstActor="D0N29" name="p45" srcActor="D0N19"/>
            <port dstActor="D0N25" name="p46" srcActor="D0N19"/>
            <port dstActor="D0N37" name="p47" srcActor="D0N19"/>
            <port dstActor="D0N38" name="p48" srcActor="D0N19"/>
            <port dstActor="D0N20" name="p49" srcActor="D0N19"/>
            <port dstActor="D0N44" name="p50" srcActor="D0N19"/>
            <port dstActor="D0N39" name="p51" srcActor="D0N28"/>
            <port dstActor="D0N24" name="p52" srcActor="D0N17"/>
            <port dstActor="D0N38" name="p53" srcActor="D0N17"/>
            <port dstActor="D0N16" name="p54" srcActor="D0N9"/>
            <port dstActor="D0N30" name="p55" srcActor="D0N9"/>
            <port dstActor="D0N39" name="p56" srcActor="D0N9"/>
            <port dstActor="D0N29" name="p57" srcActor="D0N9"/>
            <port dstActor="D0N23" name="p58" srcActor="D0N9"/>
            <port dstActor="D0N38" name="p59" srcActor="D0N14"/>
            <port dstActor="D0N28" name="p60" srcActor="D0N14"/>
            <port dstActor="D0N26" name="p61" srcActor="D0N14"/>
            <port dstActor="D0N39" name="p62" srcActor="D0N21"/>
            <port dstActor="D0N32" name="p63" srcActor="D0N21"/>
            <port dstActor="D0N27" name="p64" srcActor="D0N21"/>
            <port dstActor="D0N44" name="p65" srcActor="D0N21"/>
            <port dstActor="D0N26" name="p66" srcActor="D0N21"/>
            <port dstActor="D0N32" name="p67" srcActor="D0N25"/>
            <port dstActor="D0N29" name="p68" srcActor="D0N25"/>
            <port dstActor="D0N33" name="p69" srcActor="D0N25"/>
            <port dstActor="D0N43" name="p70" srcActor="D0N38"/>
            <port dstActor="D0N44" name="p71" srcActor="D0N38"/>
            <port dstActor="D0N40" name="p72" srcActor="D0N33"/>
            <port dstActor="D0N44" name="p73" srcActor="D0N33"/>
            <port dstActor="D0N42" name="p74" srcActor="D0N33"/>
            <port dstActor="D0N40" name="p75" srcActor="D0N27"/>
            <port dstActor="D0N31" name="p76" srcActor="D0N23"/>
            <port dstActor="D0N43" name="p77" srcActor="D0N23"/>
            <port dstActor="D0N3" name="p78" srcActor="D0N2"/>
            <port dstActor="D0N6" name="p79" srcActor="D0N2"/>
            <port dstActor="D0N30" name="p80" srcActor="D0N2"/>
            <port dstActor="D0N7" name="p81" srcActor="D0N2"/>
            <port dstActor="D0N36" name="p82" srcActor="D0N2"/>
            <port dstActor="D0N25" name="p83" srcActor="D0N2"/>
            <port dstActor="D0N33" name="p84" srcActor="D0N2"/>
            <port dstActor="D0N32" name="p85" srcActor="D0N15"/>
            <port dstActor="D0N43" name="p86" srcActor="D0N15"/>
            <port dstActor="D0N28" name="p87" srcActor="D0N24"/>
            <port dstActor="D0N27" name="p88" srcActor="D0N24"/>
            <port dstActor="D0N37" name="p89" srcActor="D0N24"/>
            <port dstActor="D0N40" name="p90" srcActor="D0N24"/>
            <port dstActor="D0N41" name="p91" srcActor="D0N39"/>
            <port dstActor="D0N8" name="p92" srcActor="D0N6"/>
            <port dstActor="D0N10" name="p93" srcActor="D0N6"/>
            <port dstActor="D0N9" name="p94" srcActor="D0N6"/>
            <port dstActor="D0N21" name="p95" srcActor="D0N6"/>
            <port dstActor="D0N14" name="p96" srcActor="D0N13"/>
            <port dstActor="D0N37" name="p97" srcActor="D0N13"/>
            <port dstActor="D0N19" name="p98" srcActor="D0N13"/>
            <port dstActor="D0N15" name="p99" srcActor="D0N13"/>
            <port dstActor="D0N42" name="p100" srcActor="D0N34"/>
        </ports>
    </mcdag>
    <cores number="3"/>
    <levels number="2"/>
</mcsystem>
