<?xml version="1.0" encoding="UTF-8" standalone="no"?>
<mcsystem>
    <mcdag deadline="2000" name="genned-0-ed-10.0-0">
        <actor name="D0N41">
            <wcet number="0">20</wcet>
            <wcet number="1">80</wcet>
            <maxpow number="0.6533764485090574"/>
            <maxpow number="0.6533764485090574"/>
            <fprob>0.0</fprob>
        </actor>
        <actor name="D0N5">
            <wcet number="0">170</wcet>
            <wcet number="1">430</wcet>
            <maxpow number="0.3637553866428255"/>
            <maxpow number="0.3637553866428255"/>
            <fprob>0.0</fprob>
        </actor>
        <actor name="D0N30">
            <wcet number="0">60</wcet>
            <wcet number="1">80</wcet>
            <maxpow number="0.5919901782736966"/>
            <maxpow number="0.5919901782736966"/>
            <fprob>0.0</fprob>
        </actor>
        <actor name="D0N36">
            <wcet number="0">140</wcet>
            <wcet number="1">200</wcet>
            <maxpow number="0.7359878427691641"/>
            <maxpow number="0.7359878427691641"/>
            <fprob>0.0</fprob>
        </actor>
        <actor name="D0N8">
            <wcet number="0">120</wcet>
            <wcet number="1">180</wcet>
            <maxpow number="0.27525758280862916"/>
            <maxpow number="0.27525758280862916"/>
            <fprob>0.0</fprob>
        </actor>
        <actor name="D0N18">
            <wcet number="0">210</wcet>
            <wcet number="1">230</wcet>
            <maxpow number="0.6205998718472547"/>
            <maxpow number="0.6205998718472547"/>
            <fprob>0.0</fprob>
        </actor>
        <actor name="D0N29">
            <wcet number="0">50</wcet>
            <wcet number="1">150</wcet>
            <maxpow number="0.8981387618017989"/>
            <maxpow number="0.8981387618017989"/>
            <fprob>0.0</fprob>
        </actor>
        <actor name="D0N6">
            <wcet number="0">190</wcet>
            <wcet number="1">200</wcet>
            <maxpow number="0.5285899155029314"/>
            <maxpow number="0.5285899155029314"/>
            <fprob>0.0</fprob>
        </actor>
        <actor name="D0N26">
            <wcet number="0">10</wcet>
            <wcet number="1">20</wcet>
            <maxpow number="0.762129803624854"/>
            <maxpow number="0.762129803624854"/>
            <fprob>0.0</fprob>
        </actor>
        <actor name="D0N22">
            <wcet number="0">30</wcet>
            <wcet number="1">130</wcet>
            <maxpow number="0.5344079912986047"/>
            <maxpow number="0.5344079912986047"/>
            <fprob>0.0</fprob>
        </actor>
        <actor name="D0N48">
            <wcet number="0">20</wcet>
            <wcet number="1">20</wcet>
            <maxpow number="0.4274924795087866"/>
            <maxpow number="0.4274924795087866"/>
            <fprob>0.0</fprob>
        </actor>
        <actor name="D0N43">
            <wcet number="0">50</wcet>
            <wcet number="1">100</wcet>
            <maxpow number="0.4609446241461751"/>
            <maxpow number="0.4609446241461751"/>
            <fprob>0.0</fprob>
        </actor>
        <actor name="D0N2">
            <wcet number="0">20</wcet>
            <wcet number="1">90</wcet>
            <maxpow number="0.32795054899473697"/>
            <maxpow number="0.32795054899473697"/>
            <fprob>0.0</fprob>
        </actor>
        <actor name="D0N39">
            <wcet number="0">20</wcet>
            <wcet number="1">20</wcet>
            <maxpow number="0.7432390816782883"/>
            <maxpow number="0.7432390816782883"/>
            <fprob>0.0</fprob>
        </actor>
        <actor name="D0N20">
            <wcet number="0">10</wcet>
            <wcet number="1">10</wcet>
            <maxpow number="0.534788223018712"/>
            <maxpow number="0.534788223018712"/>
            <fprob>0.0</fprob>
        </actor>
        <actor name="D0N0">
            <wcet number="0">60</wcet>
            <wcet number="1">60</wcet>
            <maxpow number="0.8252516286859749"/>
            <maxpow number="0.8252516286859749"/>
            <fprob>0.0</fprob>
        </actor>
        <actor name="D0N44">
            <wcet number="0">70</wcet>
            <wcet number="1">320</wcet>
            <maxpow number="0.3833315445226936"/>
            <maxpow number="0.3833315445226936"/>
            <fprob>0.0</fprob>
        </actor>
        <actor name="D0N35">
            <wcet number="0">10</wcet>
            <wcet number="1">30</wcet>
            <maxpow number="0.3542142808865274"/>
            <maxpow number="0.3542142808865274"/>
            <fprob>0.0</fprob>
        </actor>
        <actor name="D0N19">
            <wcet number="0">10</wcet>
            <wcet number="1">10</wcet>
            <maxpow number="0.5032034014548249"/>
            <maxpow number="0.5032034014548249"/>
            <fprob>0.0</fprob>
        </actor>
        <actor name="D0N21">
            <wcet number="0">160</wcet>
            <wcet number="1">210</wcet>
            <maxpow number="0.4381158197050219"/>
            <maxpow number="0.4381158197050219"/>
            <fprob>0.0</fprob>
        </actor>
        <actor name="D0N45">
            <wcet number="0">50</wcet>
            <wcet number="1">50</wcet>
            <maxpow number="0.6025013219534495"/>
            <maxpow number="0.6025013219534495"/>
            <fprob>0.0</fprob>
        </actor>
        <actor name="D0N27">
            <wcet number="0">50</wcet>
            <wcet number="1">110</wcet>
            <maxpow number="0.26131149784672336"/>
            <maxpow number="0.26131149784672336"/>
            <fprob>0.0</fprob>
        </actor>
        <actor name="D0N33">
            <wcet number="0">80</wcet>
            <wcet number="1">100</wcet>
            <maxpow number="0.47503962329129634"/>
            <maxpow number="0.47503962329129634"/>
            <fprob>0.0</fprob>
        </actor>
        <actor name="D0N11">
            <wcet number="0">20</wcet>
            <wcet number="1">50</wcet>
            <maxpow number="0.7613488559540609"/>
            <maxpow number="0.7613488559540609"/>
            <fprob>0.0</fprob>
        </actor>
        <actor name="D0N13">
            <wcet number="0">50</wcet>
            <wcet number="1">50</wcet>
            <maxpow number="0.7029441059914244"/>
            <maxpow number="0.7029441059914244"/>
            <fprob>0.0</fprob>
        </actor>
        <actor name="D0N37">
            <wcet number="0">100</wcet>
            <wcet number="1">120</wcet>
            <maxpow number="0.5157897952908829"/>
            <maxpow number="0.5157897952908829"/>
            <fprob>0.0</fprob>
        </actor>
        <actor name="D0N12">
            <wcet number="0">30</wcet>
            <wcet number="1">30</wcet>
            <maxpow number="0.5177400849019134"/>
            <maxpow number="0.5177400849019134"/>
            <fprob>0.0</fprob>
        </actor>
        <actor name="D0N34">
            <wcet number="0">130</wcet>
            <wcet number="1">130</wcet>
            <maxpow number="0.5127011245861559"/>
            <maxpow number="0.5127011245861559"/>
            <fprob>0.0</fprob>
        </actor>
        <actor name="D0N24">
            <wcet number="0">20</wcet>
            <wcet number="1">80</wcet>
            <maxpow number="0.19980939601260334"/>
            <maxpow number="0.19980939601260334"/>
            <fprob>0.0</fprob>
        </actor>
        <actor name="D0N28">
            <wcet number="0">20</wcet>
            <wcet number="1">20</wcet>
            <maxpow number="0.4544363381258985"/>
            <maxpow number="0.4544363381258985"/>
            <fprob>0.0</fprob>
        </actor>
        <actor name="D0N14">
            <wcet number="0">30</wcet>
            <wcet number="1">80</wcet>
            <maxpow number="0.6226710232348248"/>
            <maxpow number="0.6226710232348248"/>
            <fprob>0.0</fprob>
        </actor>
        <actor name="D0N49">
            <wcet number="0">60</wcet>
            <wcet number="1">100</wcet>
            <maxpow number="0.4586553319156961"/>
            <maxpow number="0.4586553319156961"/>
            <fprob>0.0</fprob>
        </actor>
        <actor name="D0N16">
            <wcet number="0">20</wcet>
            <wcet number="1">20</wcet>
            <maxpow number="0.758221077424235"/>
            <maxpow number="0.758221077424235"/>
            <fprob>0.0</fprob>
        </actor>
        <actor name="D0N25">
            <wcet number="0">20</wcet>
            <wcet number="1">50</wcet>
            <maxpow number="0.7572605487448186"/>
            <maxpow number="0.7572605487448186"/>
            <fprob>0.0</fprob>
        </actor>
        <actor name="D0N23">
            <wcet number="0">10</wcet>
            <wcet number="1">10</wcet>
            <maxpow number="0.6483520360276589"/>
            <maxpow number="0.6483520360276589"/>
            <fprob>0.0</fprob>
        </actor>
        <actor name="D0N9">
            <wcet number="0">10</wcet>
            <wcet number="1">160</wcet>
            <maxpow number="0.777560627373068"/>
            <maxpow number="0.777560627373068"/>
            <fprob>0.0</fprob>
        </actor>
        <actor name="D0N17">
            <wcet number="0">20</wcet>
            <wcet number="1">40</wcet>
            <maxpow number="0.9961744807833994"/>
            <maxpow number="0.9961744807833994"/>
            <fprob>0.0</fprob>
        </actor>
        <actor name="D0N38">
            <wcet number="0">40</wcet>
            <wcet number="1">110</wcet>
            <maxpow number="0.4439158316455154"/>
            <maxpow number="0.4439158316455154"/>
            <fprob>0.0</fprob>
        </actor>
        <actor name="D0N32">
            <wcet number="0">30</wcet>
            <wcet number="1">60</wcet>
            <maxpow number="0.6156254688816523"/>
            <maxpow number="0.6156254688816523"/>
            <fprob>0.0</fprob>
        </actor>
        <actor name="D0N47">
            <wcet number="0">40</wcet>
            <wcet number="1">50</wcet>
            <maxpow number="0.40847242021812147"/>
            <maxpow number="0.40847242021812147"/>
            <fprob>0.0</fprob>
        </actor>
        <actor name="D0N15">
            <wcet number="0">20</wcet>
            <wcet number="1">40</wcet>
            <maxpow number="0.5882750537067668"/>
            <maxpow number="0.5882750537067668"/>
            <fprob>0.0</fprob>
        </actor>
        <actor name="D0N31">
            <wcet number="0">130</wcet>
            <wcet number="1">260</wcet>
            <maxpow number="0.7703860554387171"/>
            <maxpow number="0.7703860554387171"/>
            <fprob>0.0</fprob>
        </actor>
        <actor name="D0N3">
            <wcet number="0">220</wcet>
            <wcet number="1">380</wcet>
            <maxpow number="0.6521100427383295"/>
            <maxpow number="0.6521100427383295"/>
            <fprob>0.0</fprob>
        </actor>
        <actor name="D0N46">
            <wcet number="0">20</wcet>
            <wcet number="1">20</wcet>
            <maxpow number="0.6391065321996171"/>
            <maxpow number="0.6391065321996171"/>
            <fprob>0.0</fprob>
        </actor>
        <actor name="D0N1">
            <wcet number="0">10</wcet>
            <wcet number="1">20</wcet>
            <maxpow number="0.5457843509682175"/>
            <maxpow number="0.5457843509682175"/>
            <fprob>0.0</fprob>
        </actor>
        <actor name="D0N7">
            <wcet number="0">40</wcet>
            <wcet number="1">130</wcet>
            <maxpow number="0.46183295796073126"/>
            <maxpow number="0.46183295796073126"/>
            <fprob>0.0</fprob>
        </actor>
        <actor name="D0N10">
            <wcet number="0">40</wcet>
            <wcet number="1">60</wcet>
            <maxpow number="0.8617209507164987"/>
            <maxpow number="0.8617209507164987"/>
            <fprob>0.0</fprob>
        </actor>
        <actor name="D0N42">
            <wcet number="0">10</wcet>
            <wcet number="1">10</wcet>
            <maxpow number="0.6492438399473195"/>
            <maxpow number="0.6492438399473195"/>
            <fprob>0.0</fprob>
        </actor>
        <actor name="D0N40">
            <wcet number="0">10</wcet>
            <wcet number="1">40</wcet>
            <maxpow number="0.9120600622556694"/>
            <maxpow number="0.9120600622556694"/>
            <fprob>0.0</fprob>
        </actor>
        <actor name="D0N4">
            <wcet number="0">220</wcet>
            <wcet number="1">250</wcet>
            <maxpow number="0.6648587959906572"/>
            <maxpow number="0.6648587959906572"/>
            <fprob>0.0</fprob>
        </actor>
        <ports>
            <port dstActor="D0N14" name="p0" srcActor="D0N5"/>
            <port dstActor="D0N24" name="p1" srcActor="D0N5"/>
            <port dstActor="D0N16" name="p2" srcActor="D0N5"/>
            <port dstActor="D0N29" name="p3" srcActor="D0N5"/>
            <port dstActor="D0N37" name="p4" srcActor="D0N30"/>
            <port dstActor="D0N48" name="p5" srcActor="D0N30"/>
            <port dstActor="D0N44" name="p6" srcActor="D0N30"/>
            <port dstActor="D0N49" name="p7" srcActor="D0N36"/>
            <port dstActor="D0N29" name="p8" srcActor="D0N8"/>
            <port dstActor="D0N46" name="p9" srcActor="D0N8"/>
            <port dstActor="D0N28" name="p10" srcActor="D0N8"/>
            <port dstActor="D0N47" name="p11" srcActor="D0N8"/>
            <port dstActor="D0N48" name="p12" srcActor="D0N8"/>
            <port dstActor="D0N32" name="p13" srcActor="D0N18"/>
            <port dstActor="D0N44" name="p14" srcActor="D0N18"/>
            <port dstActor="D0N25" name="p15" srcActor="D0N18"/>
            <port dstActor="D0N46" name="p16" srcActor="D0N18"/>
            <port dstActor="D0N47" name="p17" srcActor="D0N6"/>
            <port dstActor="D0N15" name="p18" srcActor="D0N6"/>
            <port dstActor="D0N27" name="p19" srcActor="D0N26"/>
            <port dstActor="D0N36" name="p20" srcActor="D0N22"/>
            <port dstActor="D0N41" name="p21" srcActor="D0N22"/>
            <port dstActor="D0N24" name="p22" srcActor="D0N22"/>
            <port dstActor="D0N43" name="p23" srcActor="D0N22"/>
            <port dstActor="D0N46" name="p24" srcActor="D0N43"/>
            <port dstActor="D0N14" name="p25" srcActor="D0N2"/>
            <port dstActor="D0N34" name="p26" srcActor="D0N2"/>
            <port dstActor="D0N49" name="p27" srcActor="D0N2"/>
            <port dstActor="D0N47" name="p28" srcActor="D0N39"/>
            <port dstActor="D0N48" name="p29" srcActor="D0N39"/>
            <port dstActor="D0N22" name="p30" srcActor="D0N20"/>
            <port dstActor="D0N48" name="p31" srcActor="D0N0"/>
            <port dstActor="D0N14" name="p32" srcActor="D0N0"/>
            <port dstActor="D0N10" name="p33" srcActor="D0N0"/>
            <port dstActor="D0N47" name="p34" srcActor="D0N19"/>
            <port dstActor="D0N24" name="p35" srcActor="D0N19"/>
            <port dstActor="D0N35" name="p36" srcActor="D0N19"/>
            <port dstActor="D0N30" name="p37" srcActor="D0N21"/>
            <port dstActor="D0N22" name="p38" srcActor="D0N21"/>
            <port dstActor="D0N49" name="p39" srcActor="D0N45"/>
            <port dstActor="D0N22" name="p40" srcActor="D0N11"/>
            <port dstActor="D0N40" name="p41" srcActor="D0N11"/>
            <port dstActor="D0N14" name="p42" srcActor="D0N11"/>
            <port dstActor="D0N32" name="p43" srcActor="D0N11"/>
            <port dstActor="D0N20" name="p44" srcActor="D0N13"/>
            <port dstActor="D0N30" name="p45" srcActor="D0N13"/>
            <port dstActor="D0N44" name="p46" srcActor="D0N37"/>
            <port dstActor="D0N28" name="p47" srcActor="D0N12"/>
            <port dstActor="D0N31" name="p48" srcActor="D0N12"/>
            <port dstActor="D0N35" name="p49" srcActor="D0N12"/>
            <port dstActor="D0N48" name="p50" srcActor="D0N34"/>
            <port dstActor="D0N26" name="p51" srcActor="D0N24"/>
            <port dstActor="D0N38" name="p52" srcActor="D0N14"/>
            <port dstActor="D0N15" name="p53" srcActor="D0N14"/>
            <port dstActor="D0N33" name="p54" srcActor="D0N25"/>
            <port dstActor="D0N29" name="p55" srcActor="D0N25"/>
            <port dstActor="D0N35" name="p56" srcActor="D0N25"/>
            <port dstActor="D0N46" name="p57" srcActor="D0N23"/>
            <port dstActor="D0N43" name="p58" srcActor="D0N23"/>
            <port dstActor="D0N49" name="p59" srcActor="D0N23"/>
            <port dstActor="D0N29" name="p60" srcActor="D0N23"/>
            <port dstActor="D0N45" name="p61" srcActor="D0N23"/>
            <port dstActor="D0N15" name="p62" srcActor="D0N9"/>
            <port dstActor="D0N11" name="p63" srcActor="D0N9"/>
            <port dstActor="D0N29" name="p64" srcActor="D0N9"/>
            <port dstActor="D0N27" name="p65" srcActor="D0N17"/>
            <port dstActor="D0N34" name="p66" srcActor="D0N17"/>
            <port dstActor="D0N31" name="p67" srcActor="D0N17"/>
            <port dstActor="D0N42" name="p68" srcActor="D0N17"/>
            <port dstActor="D0N41" name="p69" srcActor="D0N38"/>
            <port dstActor="D0N44" name="p70" srcActor="D0N38"/>
            <port dstActor="D0N48" name="p71" srcActor="D0N32"/>
            <port dstActor="D0N40" name="p72" srcActor="D0N15"/>
            <port dstActor="D0N46" name="p73" srcActor="D0N31"/>
            <port dstActor="D0N18" name="p74" srcActor="D0N3"/>
            <port dstActor="D0N5" name="p75" srcActor="D0N3"/>
            <port dstActor="D0N24" name="p76" srcActor="D0N3"/>
            <port dstActor="D0N16" name="p77" srcActor="D0N3"/>
            <port dstActor="D0N40" name="p78" srcActor="D0N3"/>
            <port dstActor="D0N9" name="p79" srcActor="D0N1"/>
            <port dstActor="D0N35" name="p80" srcActor="D0N1"/>
            <port dstActor="D0N36" name="p81" srcActor="D0N1"/>
            <port dstActor="D0N13" name="p82" srcActor="D0N7"/>
            <port dstActor="D0N18" name="p83" srcActor="D0N7"/>
            <port dstActor="D0N19" name="p84" srcActor="D0N7"/>
            <port dstActor="D0N45" name="p85" srcActor="D0N7"/>
            <port dstActor="D0N31" name="p86" srcActor="D0N10"/>
            <port dstActor="D0N19" name="p87" srcActor="D0N10"/>
            <port dstActor="D0N25" name="p88" srcActor="D0N10"/>
            <port dstActor="D0N43" name="p89" srcActor="D0N42"/>
            <port dstActor="D0N47" name="p90" srcActor="D0N42"/>
            <port dstActor="D0N20" name="p91" srcActor="D0N4"/>
            <port dstActor="D0N49" name="p92" srcActor="D0N4"/>
            <port dstActor="D0N16" name="p93" srcActor="D0N4"/>
            <port dstActor="D0N29" name="p94" srcActor="D0N4"/>
            <port dstActor="D0N36" name="p95" srcActor="D0N4"/>
            <port dstActor="D0N13" name="p96" srcActor="D0N4"/>
            <port dstActor="D0N34" name="p97" srcActor="D0N4"/>
            <port dstActor="D0N44" name="p98" srcActor="D0N4"/>
            <port dstActor="D0N46" name="p99" srcActor="D0N4"/>
        </ports>
    </mcdag>
    <cores number="3"/>
    <levels number="2"/>
</mcsystem>
