<?xml version="1.0" encoding="UTF-8" standalone="no"?>
<mcsystem>
    <mcdag deadline="1200" name="genned-0-ed-10.0-0">
        <actor name="D0N41">
            <wcet number="0">30</wcet>
            <wcet number="1">40</wcet>
            <maxpow number="0.703191605251588"/>
            <maxpow number="0.703191605251588"/>
            <fprob>0.0</fprob>
        </actor>
        <actor name="D0N43">
            <wcet number="0">20</wcet>
            <wcet number="1">40</wcet>
            <maxpow number="0.2496168132770254"/>
            <maxpow number="0.2496168132770254"/>
            <fprob>0.0</fprob>
        </actor>
        <actor name="D0N7">
            <wcet number="0">20</wcet>
            <wcet number="1">70</wcet>
            <maxpow number="0.6795483819236483"/>
            <maxpow number="0.6795483819236483"/>
            <fprob>0.0</fprob>
        </actor>
        <actor name="D0N12">
            <wcet number="0">10</wcet>
            <wcet number="1">10</wcet>
            <maxpow number="0.39768027963852925"/>
            <maxpow number="0.39768027963852925"/>
            <fprob>0.0</fprob>
        </actor>
        <actor name="D0N19">
            <wcet number="0">10</wcet>
            <wcet number="1">10</wcet>
            <maxpow number="0.5442998127700235"/>
            <maxpow number="0.5442998127700235"/>
            <fprob>0.0</fprob>
        </actor>
        <actor name="D0N17">
            <wcet number="0">10</wcet>
            <wcet number="1">20</wcet>
            <maxpow number="0.24319959880267128"/>
            <maxpow number="0.24319959880267128"/>
            <fprob>0.0</fprob>
        </actor>
        <actor name="D0N44">
            <wcet number="0">30</wcet>
            <wcet number="1">70</wcet>
            <maxpow number="0.610958372315235"/>
            <maxpow number="0.610958372315235"/>
            <fprob>0.0</fprob>
        </actor>
        <actor name="D0N26">
            <wcet number="0">30</wcet>
            <wcet number="1">30</wcet>
            <maxpow number="0.41614717294466225"/>
            <maxpow number="0.41614717294466225"/>
            <fprob>0.0</fprob>
        </actor>
        <actor name="D0N11">
            <wcet number="0">50</wcet>
            <wcet number="1">90</wcet>
            <maxpow number="0.6798410032834337"/>
            <maxpow number="0.6798410032834337"/>
            <fprob>0.0</fprob>
        </actor>
        <actor name="D0N29">
            <wcet number="0">10</wcet>
            <wcet number="1">10</wcet>
            <maxpow number="0.2712442159517609"/>
            <maxpow number="0.2712442159517609"/>
            <fprob>0.0</fprob>
        </actor>
        <actor name="D0N45">
            <wcet number="0">90</wcet>
            <wcet number="1">90</wcet>
            <maxpow number="0.563154585789808"/>
            <maxpow number="0.563154585789808"/>
            <fprob>0.0</fprob>
        </actor>
        <actor name="D0N28">
            <wcet number="0">70</wcet>
            <wcet number="1">80</wcet>
            <maxpow number="0.6850633085962159"/>
            <maxpow number="0.6850633085962159"/>
            <fprob>0.0</fprob>
        </actor>
        <actor name="D0N18">
            <wcet number="0">10</wcet>
            <wcet number="1">20</wcet>
            <maxpow number="0.551008305685532"/>
            <maxpow number="0.551008305685532"/>
            <fprob>0.0</fprob>
        </actor>
        <actor name="D0N25">
            <wcet number="0">10</wcet>
            <wcet number="1">30</wcet>
            <maxpow number="0.36693138831405525"/>
            <maxpow number="0.36693138831405525"/>
            <fprob>0.0</fprob>
        </actor>
        <actor name="D0N20">
            <wcet number="0">10</wcet>
            <wcet number="1">10</wcet>
            <maxpow number="0.17662717933390354"/>
            <maxpow number="0.17662717933390354"/>
            <fprob>0.0</fprob>
        </actor>
        <actor name="D0N8">
            <wcet number="0">150</wcet>
            <wcet number="1">190</wcet>
            <maxpow number="0.7302669437496091"/>
            <maxpow number="0.7302669437496091"/>
            <fprob>0.0</fprob>
        </actor>
        <actor name="D0N5">
            <wcet number="0">20</wcet>
            <wcet number="1">30</wcet>
            <maxpow number="0.4827614321795063"/>
            <maxpow number="0.4827614321795063"/>
            <fprob>0.0</fprob>
        </actor>
        <actor name="D0N31">
            <wcet number="0">20</wcet>
            <wcet number="1">80</wcet>
            <maxpow number="0.672559513861763"/>
            <maxpow number="0.672559513861763"/>
            <fprob>0.0</fprob>
        </actor>
        <actor name="D0N13">
            <wcet number="0">30</wcet>
            <wcet number="1">30</wcet>
            <maxpow number="0.5285275107792228"/>
            <maxpow number="0.5285275107792228"/>
            <fprob>0.0</fprob>
        </actor>
        <actor name="D0N21">
            <wcet number="0">10</wcet>
            <wcet number="1">40</wcet>
            <maxpow number="0.3632815601217686"/>
            <maxpow number="0.3632815601217686"/>
            <fprob>0.0</fprob>
        </actor>
        <actor name="D0N37">
            <wcet number="0">50</wcet>
            <wcet number="1">70</wcet>
            <maxpow number="0.6201002045018715"/>
            <maxpow number="0.6201002045018715"/>
            <fprob>0.0</fprob>
        </actor>
        <actor name="D0N6">
            <wcet number="0">70</wcet>
            <wcet number="1">70</wcet>
            <maxpow number="0.4690628128331718"/>
            <maxpow number="0.4690628128331718"/>
            <fprob>0.0</fprob>
        </actor>
        <actor name="D0N24">
            <wcet number="0">10</wcet>
            <wcet number="1">10</wcet>
            <maxpow number="0.8522952118207661"/>
            <maxpow number="0.8522952118207661"/>
            <fprob>0.0</fprob>
        </actor>
        <actor name="D0N34">
            <wcet number="0">40</wcet>
            <wcet number="1">40</wcet>
            <maxpow number="0.3342980989661048"/>
            <maxpow number="0.3342980989661048"/>
            <fprob>0.0</fprob>
        </actor>
        <actor name="D0N4">
            <wcet number="0">10</wcet>
            <wcet number="1">10</wcet>
            <maxpow number="0.3569720615594336"/>
            <maxpow number="0.3569720615594336"/>
            <fprob>0.0</fprob>
        </actor>
        <actor name="D0N33">
            <wcet number="0">20</wcet>
            <wcet number="1">20</wcet>
            <maxpow number="0.9258458290373657"/>
            <maxpow number="0.9258458290373657"/>
            <fprob>0.0</fprob>
        </actor>
        <actor name="D0N38">
            <wcet number="0">60</wcet>
            <wcet number="1">60</wcet>
            <maxpow number="0.6019376001608134"/>
            <maxpow number="0.6019376001608134"/>
            <fprob>0.0</fprob>
        </actor>
        <actor name="D0N16">
            <wcet number="0">30</wcet>
            <wcet number="1">60</wcet>
            <maxpow number="0.6469354190786055"/>
            <maxpow number="0.6469354190786055"/>
            <fprob>0.0</fprob>
        </actor>
        <actor name="D0N3">
            <wcet number="0">10</wcet>
            <wcet number="1">10</wcet>
            <maxpow number="0.5611440260639605"/>
            <maxpow number="0.5611440260639605"/>
            <fprob>0.0</fprob>
        </actor>
        <actor name="D0N1">
            <wcet number="0">20</wcet>
            <wcet number="1">20</wcet>
            <maxpow number="0.6790161243887038"/>
            <maxpow number="0.6790161243887038"/>
            <fprob>0.0</fprob>
        </actor>
        <actor name="D0N15">
            <wcet number="0">10</wcet>
            <wcet number="1">10</wcet>
            <maxpow number="0.607270443622374"/>
            <maxpow number="0.607270443622374"/>
            <fprob>0.0</fprob>
        </actor>
        <actor name="D0N27">
            <wcet number="0">20</wcet>
            <wcet number="1">60</wcet>
            <maxpow number="0.3940439077846669"/>
            <maxpow number="0.3940439077846669"/>
            <fprob>0.0</fprob>
        </actor>
        <actor name="D0N14">
            <wcet number="0">10</wcet>
            <wcet number="1">20</wcet>
            <maxpow number="0.6255036486662577"/>
            <maxpow number="0.6255036486662577"/>
            <fprob>0.0</fprob>
        </actor>
        <actor name="D0N9">
            <wcet number="0">10</wcet>
            <wcet number="1">10</wcet>
            <maxpow number="0.5463877093498389"/>
            <maxpow number="0.5463877093498389"/>
            <fprob>0.0</fprob>
        </actor>
        <actor name="D0N40">
            <wcet number="0">10</wcet>
            <wcet number="1">210</wcet>
            <maxpow number="0.5244342761040769"/>
            <maxpow number="0.5244342761040769"/>
            <fprob>0.0</fprob>
        </actor>
        <actor name="D0N10">
            <wcet number="0">90</wcet>
            <wcet number="1">160</wcet>
            <maxpow number="0.30048883393883014"/>
            <maxpow number="0.30048883393883014"/>
            <fprob>0.0</fprob>
        </actor>
        <actor name="D0N32">
            <wcet number="0">10</wcet>
            <wcet number="1">10</wcet>
            <maxpow number="0.48473253681446365"/>
            <maxpow number="0.48473253681446365"/>
            <fprob>0.0</fprob>
        </actor>
        <actor name="D0N39">
            <wcet number="0">10</wcet>
            <wcet number="1">40</wcet>
            <maxpow number="0.35151657349133697"/>
            <maxpow number="0.35151657349133697"/>
            <fprob>0.0</fprob>
        </actor>
        <actor name="D0N36">
            <wcet number="0">230</wcet>
            <wcet number="1">240</wcet>
            <maxpow number="1.0420940872413698"/>
            <maxpow number="1.0420940872413698"/>
            <fprob>0.0</fprob>
        </actor>
        <actor name="D0N30">
            <wcet number="0">10</wcet>
            <wcet number="1">10</wcet>
            <maxpow number="0.5409723752936225"/>
            <maxpow number="0.5409723752936225"/>
            <fprob>0.0</fprob>
        </actor>
        <actor name="D0N35">
            <wcet number="0">10</wcet>
            <wcet number="1">80</wcet>
            <maxpow number="0.592143155983733"/>
            <maxpow number="0.592143155983733"/>
            <fprob>0.0</fprob>
        </actor>
        <actor name="D0N22">
            <wcet number="0">50</wcet>
            <wcet number="1">110</wcet>
            <maxpow number="0.2790462376594449"/>
            <maxpow number="0.2790462376594449"/>
            <fprob>0.0</fprob>
        </actor>
        <actor name="D0N2">
            <wcet number="0">10</wcet>
            <wcet number="1">20</wcet>
            <maxpow number="0.7176519911038717"/>
            <maxpow number="0.7176519911038717"/>
            <fprob>0.0</fprob>
        </actor>
        <actor name="D0N23">
            <wcet number="0">20</wcet>
            <wcet number="1">20</wcet>
            <maxpow number="0.632140834470484"/>
            <maxpow number="0.632140834470484"/>
            <fprob>0.0</fprob>
        </actor>
        <actor name="D0N0">
            <wcet number="0">20</wcet>
            <wcet number="1">20</wcet>
            <maxpow number="0.5456168613216442"/>
            <maxpow number="0.5456168613216442"/>
            <fprob>0.0</fprob>
        </actor>
        <actor name="D0N42">
            <wcet number="0">10</wcet>
            <wcet number="1">20</wcet>
            <maxpow number="0.6003348626243281"/>
            <maxpow number="0.6003348626243281"/>
            <fprob>0.0</fprob>
        </actor>
        <ports>
            <port dstActor="D0N16" name="p0" srcActor="D0N7"/>
            <port dstActor="D0N44" name="p1" srcActor="D0N7"/>
            <port dstActor="D0N34" name="p2" srcActor="D0N12"/>
            <port dstActor="D0N28" name="p3" srcActor="D0N12"/>
            <port dstActor="D0N17" name="p4" srcActor="D0N12"/>
            <port dstActor="D0N25" name="p5" srcActor="D0N12"/>
            <port dstActor="D0N34" name="p6" srcActor="D0N19"/>
            <port dstActor="D0N31" name="p7" srcActor="D0N19"/>
            <port dstActor="D0N30" name="p8" srcActor="D0N19"/>
            <port dstActor="D0N21" name="p9" srcActor="D0N17"/>
            <port dstActor="D0N19" name="p10" srcActor="D0N17"/>
            <port dstActor="D0N31" name="p11" srcActor="D0N26"/>
            <port dstActor="D0N45" name="p12" srcActor="D0N26"/>
            <port dstActor="D0N22" name="p13" srcActor="D0N11"/>
            <port dstActor="D0N20" name="p14" srcActor="D0N11"/>
            <port dstActor="D0N12" name="p15" srcActor="D0N11"/>
            <port dstActor="D0N17" name="p16" srcActor="D0N11"/>
            <port dstActor="D0N40" name="p17" srcActor="D0N29"/>
            <port dstActor="D0N34" name="p18" srcActor="D0N29"/>
            <port dstActor="D0N40" name="p19" srcActor="D0N28"/>
            <port dstActor="D0N31" name="p20" srcActor="D0N28"/>
            <port dstActor="D0N36" name="p21" srcActor="D0N25"/>
            <port dstActor="D0N27" name="p22" srcActor="D0N25"/>
            <port dstActor="D0N44" name="p23" srcActor="D0N20"/>
            <port dstActor="D0N21" name="p24" srcActor="D0N8"/>
            <port dstActor="D0N32" name="p25" srcActor="D0N5"/>
            <port dstActor="D0N35" name="p26" srcActor="D0N31"/>
            <port dstActor="D0N42" name="p27" srcActor="D0N31"/>
            <port dstActor="D0N27" name="p28" srcActor="D0N13"/>
            <port dstActor="D0N26" name="p29" srcActor="D0N13"/>
            <port dstActor="D0N42" name="p30" srcActor="D0N13"/>
            <port dstActor="D0N41" name="p31" srcActor="D0N13"/>
            <port dstActor="D0N34" name="p32" srcActor="D0N13"/>
            <port dstActor="D0N28" name="p33" srcActor="D0N13"/>
            <port dstActor="D0N34" name="p34" srcActor="D0N6"/>
            <port dstActor="D0N10" name="p35" srcActor="D0N6"/>
            <port dstActor="D0N31" name="p36" srcActor="D0N6"/>
            <port dstActor="D0N36" name="p37" srcActor="D0N24"/>
            <port dstActor="D0N33" name="p38" srcActor="D0N24"/>
            <port dstActor="D0N37" name="p39" srcActor="D0N24"/>
            <port dstActor="D0N36" name="p40" srcActor="D0N4"/>
            <port dstActor="D0N43" name="p41" srcActor="D0N4"/>
            <port dstActor="D0N13" name="p42" srcActor="D0N4"/>
            <port dstActor="D0N34" name="p43" srcActor="D0N33"/>
            <port dstActor="D0N44" name="p44" srcActor="D0N33"/>
            <port dstActor="D0N42" name="p45" srcActor="D0N38"/>
            <port dstActor="D0N41" name="p46" srcActor="D0N38"/>
            <port dstActor="D0N19" name="p47" srcActor="D0N16"/>
            <port dstActor="D0N34" name="p48" srcActor="D0N16"/>
            <port dstActor="D0N18" name="p49" srcActor="D0N16"/>
            <port dstActor="D0N32" name="p50" srcActor="D0N16"/>
            <port dstActor="D0N36" name="p51" srcActor="D0N16"/>
            <port dstActor="D0N35" name="p52" srcActor="D0N16"/>
            <port dstActor="D0N42" name="p53" srcActor="D0N3"/>
            <port dstActor="D0N34" name="p54" srcActor="D0N3"/>
            <port dstActor="D0N5" name="p55" srcActor="D0N3"/>
            <port dstActor="D0N31" name="p56" srcActor="D0N3"/>
            <port dstActor="D0N25" name="p57" srcActor="D0N3"/>
            <port dstActor="D0N12" name="p58" srcActor="D0N3"/>
            <port dstActor="D0N37" name="p59" srcActor="D0N3"/>
            <port dstActor="D0N7" name="p60" srcActor="D0N1"/>
            <port dstActor="D0N20" name="p61" srcActor="D0N1"/>
            <port dstActor="D0N4" name="p62" srcActor="D0N1"/>
            <port dstActor="D0N26" name="p63" srcActor="D0N1"/>
            <port dstActor="D0N42" name="p64" srcActor="D0N15"/>
            <port dstActor="D0N30" name="p65" srcActor="D0N15"/>
            <port dstActor="D0N36" name="p66" srcActor="D0N15"/>
            <port dstActor="D0N31" name="p67" srcActor="D0N27"/>
            <port dstActor="D0N36" name="p68" srcActor="D0N14"/>
            <port dstActor="D0N39" name="p69" srcActor="D0N14"/>
            <port dstActor="D0N25" name="p70" srcActor="D0N14"/>
            <port dstActor="D0N40" name="p71" srcActor="D0N14"/>
            <port dstActor="D0N29" name="p72" srcActor="D0N9"/>
            <port dstActor="D0N34" name="p73" srcActor="D0N10"/>
            <port dstActor="D0N27" name="p74" srcActor="D0N10"/>
            <port dstActor="D0N36" name="p75" srcActor="D0N10"/>
            <port dstActor="D0N16" name="p76" srcActor="D0N10"/>
            <port dstActor="D0N33" name="p77" srcActor="D0N32"/>
            <port dstActor="D0N44" name="p78" srcActor="D0N32"/>
            <port dstActor="D0N36" name="p79" srcActor="D0N35"/>
            <port dstActor="D0N43" name="p80" srcActor="D0N22"/>
            <port dstActor="D0N34" name="p81" srcActor="D0N22"/>
            <port dstActor="D0N40" name="p82" srcActor="D0N22"/>
            <port dstActor="D0N30" name="p83" srcActor="D0N2"/>
            <port dstActor="D0N15" name="p84" srcActor="D0N2"/>
            <port dstActor="D0N37" name="p85" srcActor="D0N2"/>
            <port dstActor="D0N8" name="p86" srcActor="D0N2"/>
            <port dstActor="D0N40" name="p87" srcActor="D0N23"/>
            <port dstActor="D0N23" name="p88" srcActor="D0N0"/>
            <port dstActor="D0N30" name="p89" srcActor="D0N0"/>
            <port dstActor="D0N21" name="p90" srcActor="D0N0"/>
            <port dstActor="D0N44" name="p91" srcActor="D0N42"/>
            <port dstActor="D0N45" name="p92" srcActor="D0N42"/>
        </ports>
    </mcdag>
    <cores number="2"/>
    <levels number="2"/>
</mcsystem>
