<?xml version="1.0" encoding="UTF-8" standalone="no"?>
<mcsystem>
    <mcdag deadline="3000" name="genned-0-ed-10.0-0">
        <actor name="D0N41">
            <wcet number="0">40</wcet>
            <wcet number="1">70</wcet>
            <maxpow number="0.4996512440407285"/>
            <maxpow number="0.4996512440407285"/>
            <fprob>0.0</fprob>
        </actor>
        <actor name="D0N31">
            <wcet number="0">290</wcet>
            <wcet number="1">340</wcet>
            <maxpow number="0.4695834618390406"/>
            <maxpow number="0.4695834618390406"/>
            <fprob>0.0</fprob>
        </actor>
        <actor name="D0N9">
            <wcet number="0">10</wcet>
            <wcet number="1">30</wcet>
            <maxpow number="0.7785854864646508"/>
            <maxpow number="0.7785854864646508"/>
            <fprob>0.0</fprob>
        </actor>
        <actor name="D0N3">
            <wcet number="0">20</wcet>
            <wcet number="1">60</wcet>
            <maxpow number="0.45228331433477736"/>
            <maxpow number="0.45228331433477736"/>
            <fprob>0.0</fprob>
        </actor>
        <actor name="D0N1">
            <wcet number="0">20</wcet>
            <wcet number="1">70</wcet>
            <maxpow number="0.5764256624634454"/>
            <maxpow number="0.5764256624634454"/>
            <fprob>0.0</fprob>
        </actor>
        <actor name="D0N25">
            <wcet number="0">20</wcet>
            <wcet number="1">40</wcet>
            <maxpow number="0.7189665240606112"/>
            <maxpow number="0.7189665240606112"/>
            <fprob>0.0</fprob>
        </actor>
        <actor name="D0N32">
            <wcet number="0">20</wcet>
            <wcet number="1">30</wcet>
            <maxpow number="0.6535960958807702"/>
            <maxpow number="0.6535960958807702"/>
            <fprob>0.0</fprob>
        </actor>
        <actor name="D0N34">
            <wcet number="0">100</wcet>
            <wcet number="1">130</wcet>
            <maxpow number="0.8373670380040754"/>
            <maxpow number="0.8373670380040754"/>
            <fprob>0.0</fprob>
        </actor>
        <actor name="D0N43">
            <wcet number="0">10</wcet>
            <wcet number="1">20</wcet>
            <maxpow number="0.4587423898391526"/>
            <maxpow number="0.4587423898391526"/>
            <fprob>0.0</fprob>
        </actor>
        <actor name="D0N18">
            <wcet number="0">20</wcet>
            <wcet number="1">90</wcet>
            <maxpow number="0.7425840102713126"/>
            <maxpow number="0.7425840102713126"/>
            <fprob>0.0</fprob>
        </actor>
        <actor name="D0N17">
            <wcet number="0">50</wcet>
            <wcet number="1">100</wcet>
            <maxpow number="0.395281025104785"/>
            <maxpow number="0.395281025104785"/>
            <fprob>0.0</fprob>
        </actor>
        <actor name="D0N37">
            <wcet number="0">40</wcet>
            <wcet number="1">50</wcet>
            <maxpow number="0.5324850177244235"/>
            <maxpow number="0.5324850177244235"/>
            <fprob>0.0</fprob>
        </actor>
        <actor name="D0N20">
            <wcet number="0">110</wcet>
            <wcet number="1">190</wcet>
            <maxpow number="0.3685505820064652"/>
            <maxpow number="0.3685505820064652"/>
            <fprob>0.0</fprob>
        </actor>
        <actor name="D0N23">
            <wcet number="0">60</wcet>
            <wcet number="1">70</wcet>
            <maxpow number="0.8164078435204222"/>
            <maxpow number="0.8164078435204222"/>
            <fprob>0.0</fprob>
        </actor>
        <actor name="D0N47">
            <wcet number="0">10</wcet>
            <wcet number="1">20</wcet>
            <maxpow number="0.4444847076746073"/>
            <maxpow number="0.4444847076746073"/>
            <fprob>0.0</fprob>
        </actor>
        <actor name="D0N26">
            <wcet number="0">360</wcet>
            <wcet number="1">640</wcet>
            <maxpow number="0.6408539666606221"/>
            <maxpow number="0.6408539666606221"/>
            <fprob>0.0</fprob>
        </actor>
        <actor name="D0N19">
            <wcet number="0">50</wcet>
            <wcet number="1">150</wcet>
            <maxpow number="0.7038812851383465"/>
            <maxpow number="0.7038812851383465"/>
            <fprob>0.0</fprob>
        </actor>
        <actor name="D0N21">
            <wcet number="0">10</wcet>
            <wcet number="1">10</wcet>
            <maxpow number="0.7897676622662617"/>
            <maxpow number="0.7897676622662617"/>
            <fprob>0.0</fprob>
        </actor>
        <actor name="D0N42">
            <wcet number="0">20</wcet>
            <wcet number="1">60</wcet>
            <maxpow number="0.5482386605286358"/>
            <maxpow number="0.5482386605286358"/>
            <fprob>0.0</fprob>
        </actor>
        <actor name="D0N45">
            <wcet number="0">200</wcet>
            <wcet number="1">200</wcet>
            <maxpow number="0.4171095402926759"/>
            <maxpow number="0.4171095402926759"/>
            <fprob>0.0</fprob>
        </actor>
        <actor name="D0N11">
            <wcet number="0">50</wcet>
            <wcet number="1">160</wcet>
            <maxpow number="0.33417347652529567"/>
            <maxpow number="0.33417347652529567"/>
            <fprob>0.0</fprob>
        </actor>
        <actor name="D0N36">
            <wcet number="0">40</wcet>
            <wcet number="1">240</wcet>
            <maxpow number="0.5860633589363929"/>
            <maxpow number="0.5860633589363929"/>
            <fprob>0.0</fprob>
        </actor>
        <actor name="D0N7">
            <wcet number="0">30</wcet>
            <wcet number="1">40</wcet>
            <maxpow number="0.4566993382052229"/>
            <maxpow number="0.4566993382052229"/>
            <fprob>0.0</fprob>
        </actor>
        <actor name="D0N49">
            <wcet number="0">260</wcet>
            <wcet number="1">300</wcet>
            <maxpow number="0.6485134892132488"/>
            <maxpow number="0.6485134892132488"/>
            <fprob>0.0</fprob>
        </actor>
        <actor name="D0N29">
            <wcet number="0">110</wcet>
            <wcet number="1">130</wcet>
            <maxpow number="0.37833488499924023"/>
            <maxpow number="0.37833488499924023"/>
            <fprob>0.0</fprob>
        </actor>
        <actor name="D0N8">
            <wcet number="0">210</wcet>
            <wcet number="1">280</wcet>
            <maxpow number="0.6141970214597654"/>
            <maxpow number="0.6141970214597654"/>
            <fprob>0.0</fprob>
        </actor>
        <actor name="D0N10">
            <wcet number="0">30</wcet>
            <wcet number="1">30</wcet>
            <maxpow number="0.13390680585968529"/>
            <maxpow number="0.13390680585968529"/>
            <fprob>0.0</fprob>
        </actor>
        <actor name="D0N44">
            <wcet number="0">120</wcet>
            <wcet number="1">180</wcet>
            <maxpow number="0.7392858423415036"/>
            <maxpow number="0.7392858423415036"/>
            <fprob>0.0</fprob>
        </actor>
        <actor name="D0N33">
            <wcet number="0">140</wcet>
            <wcet number="1">230</wcet>
            <maxpow number="0.6680111305478366"/>
            <maxpow number="0.6680111305478366"/>
            <fprob>0.0</fprob>
        </actor>
        <actor name="D0N4">
            <wcet number="0">240</wcet>
            <wcet number="1">290</wcet>
            <maxpow number="0.6233343840261092"/>
            <maxpow number="0.6233343840261092"/>
            <fprob>0.0</fprob>
        </actor>
        <actor name="D0N40">
            <wcet number="0">10</wcet>
            <wcet number="1">120</wcet>
            <maxpow number="0.8343166277854563"/>
            <maxpow number="0.8343166277854563"/>
            <fprob>0.0</fprob>
        </actor>
        <actor name="D0N5">
            <wcet number="0">10</wcet>
            <wcet number="1">40</wcet>
            <maxpow number="0.6047596582698684"/>
            <maxpow number="0.6047596582698684"/>
            <fprob>0.0</fprob>
        </actor>
        <actor name="D0N2">
            <wcet number="0">30</wcet>
            <wcet number="1">110</wcet>
            <maxpow number="0.3591035037691243"/>
            <maxpow number="0.3591035037691243"/>
            <fprob>0.0</fprob>
        </actor>
        <actor name="D0N14">
            <wcet number="0">60</wcet>
            <wcet number="1">300</wcet>
            <maxpow number="0.5801594608723819"/>
            <maxpow number="0.5801594608723819"/>
            <fprob>0.0</fprob>
        </actor>
        <actor name="D0N16">
            <wcet number="0">70</wcet>
            <wcet number="1">360</wcet>
            <maxpow number="0.6669588839497784"/>
            <maxpow number="0.6669588839497784"/>
            <fprob>0.0</fprob>
        </actor>
        <actor name="D0N27">
            <wcet number="0">80</wcet>
            <wcet number="1">80</wcet>
            <maxpow number="0.680154518117499"/>
            <maxpow number="0.680154518117499"/>
            <fprob>0.0</fprob>
        </actor>
        <actor name="D0N46">
            <wcet number="0">20</wcet>
            <wcet number="1">30</wcet>
            <maxpow number="0.5145926627333177"/>
            <maxpow number="0.5145926627333177"/>
            <fprob>0.0</fprob>
        </actor>
        <actor name="D0N24">
            <wcet number="0">190</wcet>
            <wcet number="1">200</wcet>
            <maxpow number="0.7484568528741726"/>
            <maxpow number="0.7484568528741726"/>
            <fprob>0.0</fprob>
        </actor>
        <actor name="D0N22">
            <wcet number="0">310</wcet>
            <wcet number="1">330</wcet>
            <maxpow number="0.4951326620986854"/>
            <maxpow number="0.4951326620986854"/>
            <fprob>0.0</fprob>
        </actor>
        <actor name="D0N35">
            <wcet number="0">40</wcet>
            <wcet number="1">40</wcet>
            <maxpow number="0.7477773863737602"/>
            <maxpow number="0.7477773863737602"/>
            <fprob>0.0</fprob>
        </actor>
        <actor name="D0N13">
            <wcet number="0">320</wcet>
            <wcet number="1">410</wcet>
            <maxpow number="0.6898543594986359"/>
            <maxpow number="0.6898543594986359"/>
            <fprob>0.0</fprob>
        </actor>
        <actor name="D0N6">
            <wcet number="0">100</wcet>
            <wcet number="1">230</wcet>
            <maxpow number="0.5184261784777575"/>
            <maxpow number="0.5184261784777575"/>
            <fprob>0.0</fprob>
        </actor>
        <actor name="D0N38">
            <wcet number="0">120</wcet>
            <wcet number="1">290</wcet>
            <maxpow number="0.25100004512345675"/>
            <maxpow number="0.25100004512345675"/>
            <fprob>0.0</fprob>
        </actor>
        <actor name="D0N39">
            <wcet number="0">10</wcet>
            <wcet number="1">60</wcet>
            <maxpow number="0.3346300606944277"/>
            <maxpow number="0.3346300606944277"/>
            <fprob>0.0</fprob>
        </actor>
        <actor name="D0N28">
            <wcet number="0">360</wcet>
            <wcet number="1">390</wcet>
            <maxpow number="0.29442192122378036"/>
            <maxpow number="0.29442192122378036"/>
            <fprob>0.0</fprob>
        </actor>
        <actor name="D0N12">
            <wcet number="0">20</wcet>
            <wcet number="1">20</wcet>
            <maxpow number="0.36836319446079774"/>
            <maxpow number="0.36836319446079774"/>
            <fprob>0.0</fprob>
        </actor>
        <actor name="D0N30">
            <wcet number="0">20</wcet>
            <wcet number="1">30</wcet>
            <maxpow number="0.5722124751240705"/>
            <maxpow number="0.5722124751240705"/>
            <fprob>0.0</fprob>
        </actor>
        <actor name="D0N15">
            <wcet number="0">30</wcet>
            <wcet number="1">190</wcet>
            <maxpow number="0.2932208757805452"/>
            <maxpow number="0.2932208757805452"/>
            <fprob>0.0</fprob>
        </actor>
        <actor name="D0N48">
            <wcet number="0">10</wcet>
            <wcet number="1">10</wcet>
            <maxpow number="0.41716851733453847"/>
            <maxpow number="0.41716851733453847"/>
            <fprob>0.0</fprob>
        </actor>
        <actor name="D0N0">
            <wcet number="0">10</wcet>
            <wcet number="1">10</wcet>
            <maxpow number="0.48948244713300115"/>
            <maxpow number="0.48948244713300115"/>
            <fprob>0.0</fprob>
        </actor>
        <ports>
            <port dstActor="D0N49" name="p0" srcActor="D0N31"/>
            <port dstActor="D0N49" name="p1" srcActor="D0N9"/>
            <port dstActor="D0N29" name="p2" srcActor="D0N3"/>
            <port dstActor="D0N16" name="p3" srcActor="D0N3"/>
            <port dstActor="D0N36" name="p4" srcActor="D0N3"/>
            <port dstActor="D0N4" name="p5" srcActor="D0N3"/>
            <port dstActor="D0N47" name="p6" srcActor="D0N1"/>
            <port dstActor="D0N26" name="p7" srcActor="D0N1"/>
            <port dstActor="D0N9" name="p8" srcActor="D0N1"/>
            <port dstActor="D0N12" name="p9" srcActor="D0N1"/>
            <port dstActor="D0N40" name="p10" srcActor="D0N25"/>
            <port dstActor="D0N28" name="p11" srcActor="D0N25"/>
            <port dstActor="D0N44" name="p12" srcActor="D0N32"/>
            <port dstActor="D0N43" name="p13" srcActor="D0N34"/>
            <port dstActor="D0N46" name="p14" srcActor="D0N34"/>
            <port dstActor="D0N44" name="p15" srcActor="D0N18"/>
            <port dstActor="D0N25" name="p16" srcActor="D0N18"/>
            <port dstActor="D0N48" name="p17" srcActor="D0N18"/>
            <port dstActor="D0N45" name="p18" srcActor="D0N18"/>
            <port dstActor="D0N39" name="p19" srcActor="D0N17"/>
            <port dstActor="D0N18" name="p20" srcActor="D0N17"/>
            <port dstActor="D0N24" name="p21" srcActor="D0N17"/>
            <port dstActor="D0N47" name="p22" srcActor="D0N17"/>
            <port dstActor="D0N30" name="p23" srcActor="D0N17"/>
            <port dstActor="D0N26" name="p24" srcActor="D0N17"/>
            <port dstActor="D0N46" name="p25" srcActor="D0N37"/>
            <port dstActor="D0N28" name="p26" srcActor="D0N20"/>
            <port dstActor="D0N49" name="p27" srcActor="D0N23"/>
            <port dstActor="D0N40" name="p28" srcActor="D0N23"/>
            <port dstActor="D0N31" name="p29" srcActor="D0N23"/>
            <port dstActor="D0N24" name="p30" srcActor="D0N23"/>
            <port dstActor="D0N47" name="p31" srcActor="D0N26"/>
            <port dstActor="D0N46" name="p32" srcActor="D0N19"/>
            <port dstActor="D0N48" name="p33" srcActor="D0N19"/>
            <port dstActor="D0N28" name="p34" srcActor="D0N19"/>
            <port dstActor="D0N25" name="p35" srcActor="D0N19"/>
            <port dstActor="D0N26" name="p36" srcActor="D0N21"/>
            <port dstActor="D0N43" name="p37" srcActor="D0N42"/>
            <port dstActor="D0N36" name="p38" srcActor="D0N11"/>
            <port dstActor="D0N16" name="p39" srcActor="D0N11"/>
            <port dstActor="D0N42" name="p40" srcActor="D0N36"/>
            <port dstActor="D0N27" name="p41" srcActor="D0N7"/>
            <port dstActor="D0N36" name="p42" srcActor="D0N7"/>
            <port dstActor="D0N48" name="p43" srcActor="D0N7"/>
            <port dstActor="D0N20" name="p44" srcActor="D0N7"/>
            <port dstActor="D0N17" name="p45" srcActor="D0N7"/>
            <port dstActor="D0N41" name="p46" srcActor="D0N29"/>
            <port dstActor="D0N31" name="p47" srcActor="D0N29"/>
            <port dstActor="D0N42" name="p48" srcActor="D0N8"/>
            <port dstActor="D0N32" name="p49" srcActor="D0N8"/>
            <port dstActor="D0N25" name="p50" srcActor="D0N8"/>
            <port dstActor="D0N37" name="p51" srcActor="D0N8"/>
            <port dstActor="D0N38" name="p52" srcActor="D0N8"/>
            <port dstActor="D0N32" name="p53" srcActor="D0N10"/>
            <port dstActor="D0N35" name="p54" srcActor="D0N10"/>
            <port dstActor="D0N46" name="p55" srcActor="D0N10"/>
            <port dstActor="D0N15" name="p56" srcActor="D0N10"/>
            <port dstActor="D0N48" name="p57" srcActor="D0N44"/>
            <port dstActor="D0N49" name="p58" srcActor="D0N33"/>
            <port dstActor="D0N40" name="p59" srcActor="D0N33"/>
            <port dstActor="D0N42" name="p60" srcActor="D0N33"/>
            <port dstActor="D0N26" name="p61" srcActor="D0N4"/>
            <port dstActor="D0N49" name="p62" srcActor="D0N4"/>
            <port dstActor="D0N28" name="p63" srcActor="D0N4"/>
            <port dstActor="D0N38" name="p64" srcActor="D0N4"/>
            <port dstActor="D0N29" name="p65" srcActor="D0N4"/>
            <port dstActor="D0N5" name="p66" srcActor="D0N4"/>
            <port dstActor="D0N37" name="p67" srcActor="D0N4"/>
            <port dstActor="D0N41" name="p68" srcActor="D0N4"/>
            <port dstActor="D0N12" name="p69" srcActor="D0N5"/>
            <port dstActor="D0N23" name="p70" srcActor="D0N5"/>
            <port dstActor="D0N45" name="p71" srcActor="D0N5"/>
            <port dstActor="D0N30" name="p72" srcActor="D0N5"/>
            <port dstActor="D0N21" name="p73" srcActor="D0N2"/>
            <port dstActor="D0N44" name="p74" srcActor="D0N2"/>
            <port dstActor="D0N27" name="p75" srcActor="D0N2"/>
            <port dstActor="D0N31" name="p76" srcActor="D0N2"/>
            <port dstActor="D0N7" name="p77" srcActor="D0N2"/>
            <port dstActor="D0N26" name="p78" srcActor="D0N2"/>
            <port dstActor="D0N47" name="p79" srcActor="D0N2"/>
            <port dstActor="D0N25" name="p80" srcActor="D0N2"/>
            <port dstActor="D0N16" name="p81" srcActor="D0N2"/>
            <port dstActor="D0N22" name="p82" srcActor="D0N14"/>
            <port dstActor="D0N36" name="p83" srcActor="D0N14"/>
            <port dstActor="D0N17" name="p84" srcActor="D0N14"/>
            <port dstActor="D0N20" name="p85" srcActor="D0N14"/>
            <port dstActor="D0N42" name="p86" srcActor="D0N16"/>
            <port dstActor="D0N36" name="p87" srcActor="D0N16"/>
            <port dstActor="D0N39" name="p88" srcActor="D0N27"/>
            <port dstActor="D0N44" name="p89" srcActor="D0N27"/>
            <port dstActor="D0N47" name="p90" srcActor="D0N46"/>
            <port dstActor="D0N48" name="p91" srcActor="D0N24"/>
            <port dstActor="D0N47" name="p92" srcActor="D0N24"/>
            <port dstActor="D0N49" name="p93" srcActor="D0N22"/>
            <port dstActor="D0N40" name="p94" srcActor="D0N35"/>
            <port dstActor="D0N45" name="p95" srcActor="D0N35"/>
            <port dstActor="D0N26" name="p96" srcActor="D0N13"/>
            <port dstActor="D0N35" name="p97" srcActor="D0N13"/>
            <port dstActor="D0N21" name="p98" srcActor="D0N13"/>
            <port dstActor="D0N25" name="p99" srcActor="D0N6"/>
            <port dstActor="D0N47" name="p100" srcActor="D0N6"/>
            <port dstActor="D0N15" name="p101" srcActor="D0N6"/>
            <port dstActor="D0N29" name="p102" srcActor="D0N6"/>
            <port dstActor="D0N14" name="p103" srcActor="D0N6"/>
            <port dstActor="D0N42" name="p104" srcActor="D0N38"/>
            <port dstActor="D0N29" name="p105" srcActor="D0N12"/>
            <port dstActor="D0N16" name="p106" srcActor="D0N12"/>
            <port dstActor="D0N13" name="p107" srcActor="D0N12"/>
            <port dstActor="D0N38" name="p108" srcActor="D0N12"/>
            <port dstActor="D0N32" name="p109" srcActor="D0N12"/>
            <port dstActor="D0N41" name="p110" srcActor="D0N30"/>
            <port dstActor="D0N42" name="p111" srcActor="D0N30"/>
            <port dstActor="D0N45" name="p112" srcActor="D0N30"/>
            <port dstActor="D0N28" name="p113" srcActor="D0N15"/>
            <port dstActor="D0N49" name="p114" srcActor="D0N15"/>
            <port dstActor="D0N40" name="p115" srcActor="D0N15"/>
            <port dstActor="D0N41" name="p116" srcActor="D0N15"/>
            <port dstActor="D0N19" name="p117" srcActor="D0N15"/>
            <port dstActor="D0N20" name="p118" srcActor="D0N15"/>
            <port dstActor="D0N15" name="p119" srcActor="D0N0"/>
            <port dstActor="D0N12" name="p120" srcActor="D0N0"/>
            <port dstActor="D0N36" name="p121" srcActor="D0N0"/>
            <port dstActor="D0N9" name="p122" srcActor="D0N0"/>
            <port dstActor="D0N24" name="p123" srcActor="D0N0"/>
        </ports>
    </mcdag>
    <cores number="3"/>
    <levels number="2"/>
</mcsystem>
