<?xml version="1.0" encoding="UTF-8" standalone="no"?>
<mcsystem>
    <mcdag deadline="1000" name="genned-0-ed-10.0-0">
        <actor name="D0N1">
            <wcet number="0">30</wcet>
            <wcet number="1">60</wcet>
            <maxpow number="0.42800800656590154"/>
            <maxpow number="0.42800800656590154"/>
            <fprob>0.0</fprob>
        </actor>
        <actor name="D0N8">
            <wcet number="0">30</wcet>
            <wcet number="1">30</wcet>
            <maxpow number="0.4205485020367724"/>
            <maxpow number="0.4205485020367724"/>
            <fprob>0.0</fprob>
        </actor>
        <actor name="D0N16">
            <wcet number="0">30</wcet>
            <wcet number="1">40</wcet>
            <maxpow number="0.6885784886770173"/>
            <maxpow number="0.6885784886770173"/>
            <fprob>0.0</fprob>
        </actor>
        <actor name="D0N2">
            <wcet number="0">10</wcet>
            <wcet number="1">30</wcet>
            <maxpow number="0.6751286129175863"/>
            <maxpow number="0.6751286129175863"/>
            <fprob>0.0</fprob>
        </actor>
        <actor name="D0N31">
            <wcet number="0">50</wcet>
            <wcet number="1">80</wcet>
            <maxpow number="0.45122590930645873"/>
            <maxpow number="0.45122590930645873"/>
            <fprob>0.0</fprob>
        </actor>
        <actor name="D0N41">
            <wcet number="0">50</wcet>
            <wcet number="1">110</wcet>
            <maxpow number="0.5315244438120627"/>
            <maxpow number="0.5315244438120627"/>
            <fprob>0.0</fprob>
        </actor>
        <actor name="D0N32">
            <wcet number="0">10</wcet>
            <wcet number="1">10</wcet>
            <maxpow number="0.6032174929999218"/>
            <maxpow number="0.6032174929999218"/>
            <fprob>0.0</fprob>
        </actor>
        <actor name="D0N39">
            <wcet number="0">120</wcet>
            <wcet number="1">120</wcet>
            <maxpow number="0.5177996227417829"/>
            <maxpow number="0.5177996227417829"/>
            <fprob>0.0</fprob>
        </actor>
        <actor name="D0N33">
            <wcet number="0">10</wcet>
            <wcet number="1">10</wcet>
            <maxpow number="0.18666914680667152"/>
            <maxpow number="0.18666914680667152"/>
            <fprob>0.0</fprob>
        </actor>
        <actor name="D0N21">
            <wcet number="0">10</wcet>
            <wcet number="1">10</wcet>
            <maxpow number="0.2987059413468557"/>
            <maxpow number="0.2987059413468557"/>
            <fprob>0.0</fprob>
        </actor>
        <actor name="D0N44">
            <wcet number="0">20</wcet>
            <wcet number="1">30</wcet>
            <maxpow number="0.6082806542036805"/>
            <maxpow number="0.6082806542036805"/>
            <fprob>0.0</fprob>
        </actor>
        <actor name="D0N30">
            <wcet number="0">60</wcet>
            <wcet number="1">70</wcet>
            <maxpow number="0.5649934515185152"/>
            <maxpow number="0.5649934515185152"/>
            <fprob>0.0</fprob>
        </actor>
        <actor name="D0N13">
            <wcet number="0">70</wcet>
            <wcet number="1">70</wcet>
            <maxpow number="0.32132686582284586"/>
            <maxpow number="0.32132686582284586"/>
            <fprob>0.0</fprob>
        </actor>
        <actor name="D0N19">
            <wcet number="0">10</wcet>
            <wcet number="1">10</wcet>
            <maxpow number="0.4924537012059214"/>
            <maxpow number="0.4924537012059214"/>
            <fprob>0.0</fprob>
        </actor>
        <actor name="D0N9">
            <wcet number="0">20</wcet>
            <wcet number="1">20</wcet>
            <maxpow number="0.3775711328095097"/>
            <maxpow number="0.3775711328095097"/>
            <fprob>0.0</fprob>
        </actor>
        <actor name="D0N15">
            <wcet number="0">10</wcet>
            <wcet number="1">10</wcet>
            <maxpow number="0.6590726614491205"/>
            <maxpow number="0.6590726614491205"/>
            <fprob>0.0</fprob>
        </actor>
        <actor name="D0N35">
            <wcet number="0">130</wcet>
            <wcet number="1">140</wcet>
            <maxpow number="0.705211745088127"/>
            <maxpow number="0.705211745088127"/>
            <fprob>0.0</fprob>
        </actor>
        <actor name="D0N18">
            <wcet number="0">20</wcet>
            <wcet number="1">50</wcet>
            <maxpow number="0.6740571167984959"/>
            <maxpow number="0.6740571167984959"/>
            <fprob>0.0</fprob>
        </actor>
        <actor name="D0N28">
            <wcet number="0">40</wcet>
            <wcet number="1">60</wcet>
            <maxpow number="0.7181643577839147"/>
            <maxpow number="0.7181643577839147"/>
            <fprob>0.0</fprob>
        </actor>
        <actor name="D0N42">
            <wcet number="0">50</wcet>
            <wcet number="1">70</wcet>
            <maxpow number="0.7417449774957315"/>
            <maxpow number="0.7417449774957315"/>
            <fprob>0.0</fprob>
        </actor>
        <actor name="D0N24">
            <wcet number="0">10</wcet>
            <wcet number="1">20</wcet>
            <maxpow number="0.33561570386930706"/>
            <maxpow number="0.33561570386930706"/>
            <fprob>0.0</fprob>
        </actor>
        <actor name="D0N34">
            <wcet number="0">20</wcet>
            <wcet number="1">20</wcet>
            <maxpow number="0.23582447591916605"/>
            <maxpow number="0.23582447591916605"/>
            <fprob>0.0</fprob>
        </actor>
        <actor name="D0N40">
            <wcet number="0">100</wcet>
            <wcet number="1">110</wcet>
            <maxpow number="0.4006348558651898"/>
            <maxpow number="0.4006348558651898"/>
            <fprob>0.0</fprob>
        </actor>
        <actor name="D0N12">
            <wcet number="0">140</wcet>
            <wcet number="1">160</wcet>
            <maxpow number="0.7956761837889315"/>
            <maxpow number="0.7956761837889315"/>
            <fprob>0.0</fprob>
        </actor>
        <actor name="D0N17">
            <wcet number="0">20</wcet>
            <wcet number="1">20</wcet>
            <maxpow number="0.41041486220899764"/>
            <maxpow number="0.41041486220899764"/>
            <fprob>0.0</fprob>
        </actor>
        <actor name="D0N26">
            <wcet number="0">10</wcet>
            <wcet number="1">10</wcet>
            <maxpow number="0.3280802767396863"/>
            <maxpow number="0.3280802767396863"/>
            <fprob>0.0</fprob>
        </actor>
        <actor name="D0N43">
            <wcet number="0">20</wcet>
            <wcet number="1">20</wcet>
            <maxpow number="0.4259643390156275"/>
            <maxpow number="0.4259643390156275"/>
            <fprob>0.0</fprob>
        </actor>
        <actor name="D0N10">
            <wcet number="0">40</wcet>
            <wcet number="1">40</wcet>
            <maxpow number="0.4681716030401245"/>
            <maxpow number="0.4681716030401245"/>
            <fprob>0.0</fprob>
        </actor>
        <actor name="D0N45">
            <wcet number="0">20</wcet>
            <wcet number="1">20</wcet>
            <maxpow number="0.49756936742218183"/>
            <maxpow number="0.49756936742218183"/>
            <fprob>0.0</fprob>
        </actor>
        <actor name="D0N29">
            <wcet number="0">40</wcet>
            <wcet number="1">40</wcet>
            <maxpow number="0.5652575056082145"/>
            <maxpow number="0.5652575056082145"/>
            <fprob>0.0</fprob>
        </actor>
        <actor name="D0N14">
            <wcet number="0">140</wcet>
            <wcet number="1">140</wcet>
            <maxpow number="0.5057510782888769"/>
            <maxpow number="0.5057510782888769"/>
            <fprob>0.0</fprob>
        </actor>
        <actor name="D0N38">
            <wcet number="0">10</wcet>
            <wcet number="1">10</wcet>
            <maxpow number="0.5339553106556132"/>
            <maxpow number="0.5339553106556132"/>
            <fprob>0.0</fprob>
        </actor>
        <actor name="D0N27">
            <wcet number="0">10</wcet>
            <wcet number="1">50</wcet>
            <maxpow number="0.7532139109867925"/>
            <maxpow number="0.7532139109867925"/>
            <fprob>0.0</fprob>
        </actor>
        <actor name="D0N3">
            <wcet number="0">60</wcet>
            <wcet number="1">140</wcet>
            <maxpow number="0.6466541966189322"/>
            <maxpow number="0.6466541966189322"/>
            <fprob>0.0</fprob>
        </actor>
        <actor name="D0N11">
            <wcet number="0">20</wcet>
            <wcet number="1">20</wcet>
            <maxpow number="0.8721074267031561"/>
            <maxpow number="0.8721074267031561"/>
            <fprob>0.0</fprob>
        </actor>
        <actor name="D0N36">
            <wcet number="0">20</wcet>
            <wcet number="1">60</wcet>
            <maxpow number="0.15229130151075948"/>
            <maxpow number="0.15229130151075948"/>
            <fprob>0.0</fprob>
        </actor>
        <actor name="D0N4">
            <wcet number="0">100</wcet>
            <wcet number="1">140</wcet>
            <maxpow number="0.39572905039427775"/>
            <maxpow number="0.39572905039427775"/>
            <fprob>0.0</fprob>
        </actor>
        <actor name="D0N37">
            <wcet number="0">30</wcet>
            <wcet number="1">30</wcet>
            <maxpow number="0.115208298337233"/>
            <maxpow number="0.115208298337233"/>
            <fprob>0.0</fprob>
        </actor>
        <actor name="D0N6">
            <wcet number="0">20</wcet>
            <wcet number="1">140</wcet>
            <maxpow number="0.2826268650807529"/>
            <maxpow number="0.2826268650807529"/>
            <fprob>0.0</fprob>
        </actor>
        <actor name="D0N23">
            <wcet number="0">10</wcet>
            <wcet number="1">70</wcet>
            <maxpow number="0.9947568902683148"/>
            <maxpow number="0.9947568902683148"/>
            <fprob>0.0</fprob>
        </actor>
        <actor name="D0N25">
            <wcet number="0">10</wcet>
            <wcet number="1">10</wcet>
            <maxpow number="0.494547994480681"/>
            <maxpow number="0.494547994480681"/>
            <fprob>0.0</fprob>
        </actor>
        <actor name="D0N0">
            <wcet number="0">20</wcet>
            <wcet number="1">20</wcet>
            <maxpow number="0.47493874231637445"/>
            <maxpow number="0.47493874231637445"/>
            <fprob>0.0</fprob>
        </actor>
        <actor name="D0N20">
            <wcet number="0">10</wcet>
            <wcet number="1">20</wcet>
            <maxpow number="0.1828356532323402"/>
            <maxpow number="0.1828356532323402"/>
            <fprob>0.0</fprob>
        </actor>
        <actor name="D0N22">
            <wcet number="0">10</wcet>
            <wcet number="1">10</wcet>
            <maxpow number="0.8250609875731142"/>
            <maxpow number="0.8250609875731142"/>
            <fprob>0.0</fprob>
        </actor>
        <actor name="D0N7">
            <wcet number="0">10</wcet>
            <wcet number="1">30</wcet>
            <maxpow number="0.3473438096312935"/>
            <maxpow number="0.3473438096312935"/>
            <fprob>0.0</fprob>
        </actor>
        <actor name="D0N5">
            <wcet number="0">20</wcet>
            <wcet number="1">20</wcet>
            <maxpow number="0.32198608517984784"/>
            <maxpow number="0.32198608517984784"/>
            <fprob>0.0</fprob>
        </actor>
        <ports>
            <port dstActor="D0N10" name="p0" srcActor="D0N1"/>
            <port dstActor="D0N37" name="p1" srcActor="D0N1"/>
            <port dstActor="D0N2" name="p2" srcActor="D0N1"/>
            <port dstActor="D0N11" name="p3" srcActor="D0N1"/>
            <port dstActor="D0N45" name="p4" srcActor="D0N1"/>
            <port dstActor="D0N39" name="p5" srcActor="D0N1"/>
            <port dstActor="D0N31" name="p6" srcActor="D0N1"/>
            <port dstActor="D0N39" name="p7" srcActor="D0N8"/>
            <port dstActor="D0N24" name="p8" srcActor="D0N8"/>
            <port dstActor="D0N28" name="p9" srcActor="D0N8"/>
            <port dstActor="D0N14" name="p10" srcActor="D0N8"/>
            <port dstActor="D0N27" name="p11" srcActor="D0N8"/>
            <port dstActor="D0N16" name="p12" srcActor="D0N8"/>
            <port dstActor="D0N25" name="p13" srcActor="D0N16"/>
            <port dstActor="D0N38" name="p14" srcActor="D0N16"/>
            <port dstActor="D0N21" name="p15" srcActor="D0N16"/>
            <port dstActor="D0N23" name="p16" srcActor="D0N2"/>
            <port dstActor="D0N29" name="p17" srcActor="D0N2"/>
            <port dstActor="D0N32" name="p18" srcActor="D0N2"/>
            <port dstActor="D0N43" name="p19" srcActor="D0N2"/>
            <port dstActor="D0N35" name="p20" srcActor="D0N2"/>
            <port dstActor="D0N44" name="p21" srcActor="D0N31"/>
            <port dstActor="D0N40" name="p22" srcActor="D0N32"/>
            <port dstActor="D0N44" name="p23" srcActor="D0N39"/>
            <port dstActor="D0N30" name="p24" srcActor="D0N21"/>
            <port dstActor="D0N42" name="p25" srcActor="D0N30"/>
            <port dstActor="D0N23" name="p26" srcActor="D0N13"/>
            <port dstActor="D0N22" name="p27" srcActor="D0N13"/>
            <port dstActor="D0N27" name="p28" srcActor="D0N13"/>
            <port dstActor="D0N35" name="p29" srcActor="D0N13"/>
            <port dstActor="D0N25" name="p30" srcActor="D0N19"/>
            <port dstActor="D0N23" name="p31" srcActor="D0N19"/>
            <port dstActor="D0N14" name="p32" srcActor="D0N9"/>
            <port dstActor="D0N22" name="p33" srcActor="D0N9"/>
            <port dstActor="D0N20" name="p34" srcActor="D0N15"/>
            <port dstActor="D0N23" name="p35" srcActor="D0N15"/>
            <port dstActor="D0N17" name="p36" srcActor="D0N15"/>
            <port dstActor="D0N29" name="p37" srcActor="D0N15"/>
            <port dstActor="D0N45" name="p38" srcActor="D0N35"/>
            <port dstActor="D0N44" name="p39" srcActor="D0N35"/>
            <port dstActor="D0N31" name="p40" srcActor="D0N18"/>
            <port dstActor="D0N24" name="p41" srcActor="D0N18"/>
            <port dstActor="D0N32" name="p42" srcActor="D0N18"/>
            <port dstActor="D0N45" name="p43" srcActor="D0N28"/>
            <port dstActor="D0N35" name="p44" srcActor="D0N24"/>
            <port dstActor="D0N44" name="p45" srcActor="D0N34"/>
            <port dstActor="D0N35" name="p46" srcActor="D0N34"/>
            <port dstActor="D0N25" name="p47" srcActor="D0N12"/>
            <port dstActor="D0N19" name="p48" srcActor="D0N12"/>
            <port dstActor="D0N23" name="p49" srcActor="D0N12"/>
            <port dstActor="D0N25" name="p50" srcActor="D0N17"/>
            <port dstActor="D0N18" name="p51" srcActor="D0N17"/>
            <port dstActor="D0N26" name="p52" srcActor="D0N17"/>
            <port dstActor="D0N41" name="p53" srcActor="D0N26"/>
            <port dstActor="D0N44" name="p54" srcActor="D0N26"/>
            <port dstActor="D0N34" name="p55" srcActor="D0N26"/>
            <port dstActor="D0N33" name="p56" srcActor="D0N10"/>
            <port dstActor="D0N35" name="p57" srcActor="D0N10"/>
            <port dstActor="D0N41" name="p58" srcActor="D0N10"/>
            <port dstActor="D0N30" name="p59" srcActor="D0N10"/>
            <port dstActor="D0N39" name="p60" srcActor="D0N10"/>
            <port dstActor="D0N38" name="p61" srcActor="D0N29"/>
            <port dstActor="D0N42" name="p62" srcActor="D0N29"/>
            <port dstActor="D0N22" name="p63" srcActor="D0N14"/>
            <port dstActor="D0N15" name="p64" srcActor="D0N14"/>
            <port dstActor="D0N41" name="p65" srcActor="D0N14"/>
            <port dstActor="D0N44" name="p66" srcActor="D0N14"/>
            <port dstActor="D0N40" name="p67" srcActor="D0N27"/>
            <port dstActor="D0N30" name="p68" srcActor="D0N27"/>
            <port dstActor="D0N32" name="p69" srcActor="D0N27"/>
            <port dstActor="D0N39" name="p70" srcActor="D0N3"/>
            <port dstActor="D0N27" name="p71" srcActor="D0N3"/>
            <port dstActor="D0N13" name="p72" srcActor="D0N3"/>
            <port dstActor="D0N42" name="p73" srcActor="D0N3"/>
            <port dstActor="D0N26" name="p74" srcActor="D0N11"/>
            <port dstActor="D0N19" name="p75" srcActor="D0N11"/>
            <port dstActor="D0N32" name="p76" srcActor="D0N11"/>
            <port dstActor="D0N43" name="p77" srcActor="D0N11"/>
            <port dstActor="D0N41" name="p78" srcActor="D0N11"/>
            <port dstActor="D0N43" name="p79" srcActor="D0N36"/>
            <port dstActor="D0N7" name="p80" srcActor="D0N4"/>
            <port dstActor="D0N25" name="p81" srcActor="D0N4"/>
            <port dstActor="D0N44" name="p82" srcActor="D0N4"/>
            <port dstActor="D0N26" name="p83" srcActor="D0N4"/>
            <port dstActor="D0N20" name="p84" srcActor="D0N4"/>
            <port dstActor="D0N44" name="p85" srcActor="D0N6"/>
            <port dstActor="D0N31" name="p86" srcActor="D0N6"/>
            <port dstActor="D0N23" name="p87" srcActor="D0N6"/>
            <port dstActor="D0N19" name="p88" srcActor="D0N6"/>
            <port dstActor="D0N42" name="p89" srcActor="D0N6"/>
            <port dstActor="D0N24" name="p90" srcActor="D0N23"/>
            <port dstActor="D0N32" name="p91" srcActor="D0N23"/>
            <port dstActor="D0N41" name="p92" srcActor="D0N25"/>
            <port dstActor="D0N45" name="p93" srcActor="D0N25"/>
            <port dstActor="D0N20" name="p94" srcActor="D0N0"/>
            <port dstActor="D0N26" name="p95" srcActor="D0N0"/>
            <port dstActor="D0N11" name="p96" srcActor="D0N0"/>
            <port dstActor="D0N43" name="p97" srcActor="D0N0"/>
            <port dstActor="D0N36" name="p98" srcActor="D0N0"/>
            <port dstActor="D0N22" name="p99" srcActor="D0N20"/>
            <port dstActor="D0N30" name="p100" srcActor="D0N20"/>
            <port dstActor="D0N42" name="p101" srcActor="D0N22"/>
            <port dstActor="D0N44" name="p102" srcActor="D0N22"/>
            <port dstActor="D0N40" name="p103" srcActor="D0N22"/>
            <port dstActor="D0N26" name="p104" srcActor="D0N22"/>
            <port dstActor="D0N8" name="p105" srcActor="D0N7"/>
            <port dstActor="D0N9" name="p106" srcActor="D0N7"/>
            <port dstActor="D0N30" name="p107" srcActor="D0N7"/>
            <port dstActor="D0N27" name="p108" srcActor="D0N7"/>
            <port dstActor="D0N12" name="p109" srcActor="D0N7"/>
            <port dstActor="D0N20" name="p110" srcActor="D0N5"/>
            <port dstActor="D0N39" name="p111" srcActor="D0N5"/>
            <port dstActor="D0N10" name="p112" srcActor="D0N5"/>
            <port dstActor="D0N41" name="p113" srcActor="D0N5"/>
        </ports>
    </mcdag>
    <cores number="3"/>
    <levels number="2"/>
</mcsystem>
