<?xml version="1.0" encoding="UTF-8" standalone="no"?>
<mcsystem>
    <mcdag deadline="1800" name="genned-0-ed-10.0-0">
        <actor name="D0N20">
            <wcet number="0">30</wcet>
            <wcet number="1">70</wcet>
            <maxpow number="0.7888376573965128"/>
            <maxpow number="0.7888376573965128"/>
            <fprob>0.0</fprob>
        </actor>
        <actor name="D0N1">
            <wcet number="0">30</wcet>
            <wcet number="1">100</wcet>
            <maxpow number="1.107618601874632"/>
            <maxpow number="1.107618601874632"/>
            <fprob>0.0</fprob>
        </actor>
        <actor name="D0N17">
            <wcet number="0">160</wcet>
            <wcet number="1">650</wcet>
            <maxpow number="0.3813911045320654"/>
            <maxpow number="0.3813911045320654"/>
            <fprob>0.0</fprob>
        </actor>
        <actor name="D0N28">
            <wcet number="0">150</wcet>
            <wcet number="1">180</wcet>
            <maxpow number="0.2179970543314702"/>
            <maxpow number="0.2179970543314702"/>
            <fprob>0.0</fprob>
        </actor>
        <actor name="D0N39">
            <wcet number="0">20</wcet>
            <wcet number="1">30</wcet>
            <maxpow number="0.7367156827438273"/>
            <maxpow number="0.7367156827438273"/>
            <fprob>0.0</fprob>
        </actor>
        <actor name="D0N6">
            <wcet number="0">30</wcet>
            <wcet number="1">40</wcet>
            <maxpow number="0.5339839789383194"/>
            <maxpow number="0.5339839789383194"/>
            <fprob>0.0</fprob>
        </actor>
        <actor name="D0N35">
            <wcet number="0">10</wcet>
            <wcet number="1">20</wcet>
            <maxpow number="0.7349961166679635"/>
            <maxpow number="0.7349961166679635"/>
            <fprob>0.0</fprob>
        </actor>
        <actor name="D0N5">
            <wcet number="0">20</wcet>
            <wcet number="1">50</wcet>
            <maxpow number="0.655184523808875"/>
            <maxpow number="0.655184523808875"/>
            <fprob>0.0</fprob>
        </actor>
        <actor name="D0N15">
            <wcet number="0">50</wcet>
            <wcet number="1">70</wcet>
            <maxpow number="0.5434301062416182"/>
            <maxpow number="0.5434301062416182"/>
            <fprob>0.0</fprob>
        </actor>
        <actor name="D0N22">
            <wcet number="0">10</wcet>
            <wcet number="1">10</wcet>
            <maxpow number="0.5202113032259464"/>
            <maxpow number="0.5202113032259464"/>
            <fprob>0.0</fprob>
        </actor>
        <actor name="D0N10">
            <wcet number="0">10</wcet>
            <wcet number="1">20</wcet>
            <maxpow number="0.785820406112946"/>
            <maxpow number="0.785820406112946"/>
            <fprob>0.0</fprob>
        </actor>
        <actor name="D0N12">
            <wcet number="0">10</wcet>
            <wcet number="1">10</wcet>
            <maxpow number="0.7735138947428954"/>
            <maxpow number="0.7735138947428954"/>
            <fprob>0.0</fprob>
        </actor>
        <actor name="D0N33">
            <wcet number="0">100</wcet>
            <wcet number="1">110</wcet>
            <maxpow number="0.2996276818381259"/>
            <maxpow number="0.2996276818381259"/>
            <fprob>0.0</fprob>
        </actor>
        <actor name="D0N9">
            <wcet number="0">20</wcet>
            <wcet number="1">20</wcet>
            <maxpow number="0.43168027918674373"/>
            <maxpow number="0.43168027918674373"/>
            <fprob>0.0</fprob>
        </actor>
        <actor name="D0N29">
            <wcet number="0">110</wcet>
            <wcet number="1">110</wcet>
            <maxpow number="0.5738555246021386"/>
            <maxpow number="0.5738555246021386"/>
            <fprob>0.0</fprob>
        </actor>
        <actor name="D0N11">
            <wcet number="0">150</wcet>
            <wcet number="1">180</wcet>
            <maxpow number="0.6924217008418775"/>
            <maxpow number="0.6924217008418775"/>
            <fprob>0.0</fprob>
        </actor>
        <actor name="D0N0">
            <wcet number="0">60</wcet>
            <wcet number="1">230</wcet>
            <maxpow number="0.7276094693793231"/>
            <maxpow number="0.7276094693793231"/>
            <fprob>0.0</fprob>
        </actor>
        <actor name="D0N40">
            <wcet number="0">20</wcet>
            <wcet number="1">30</wcet>
            <maxpow number="0.5848161932229463"/>
            <maxpow number="0.5848161932229463"/>
            <fprob>0.0</fprob>
        </actor>
        <actor name="D0N16">
            <wcet number="0">30</wcet>
            <wcet number="1">40</wcet>
            <maxpow number="0.7658277369712541"/>
            <maxpow number="0.7658277369712541"/>
            <fprob>0.0</fprob>
        </actor>
        <actor name="D0N23">
            <wcet number="0">30</wcet>
            <wcet number="1">50</wcet>
            <maxpow number="0.5648404007636042"/>
            <maxpow number="0.5648404007636042"/>
            <fprob>0.0</fprob>
        </actor>
        <actor name="D0N2">
            <wcet number="0">80</wcet>
            <wcet number="1">110</wcet>
            <maxpow number="0.507346609107067"/>
            <maxpow number="0.507346609107067"/>
            <fprob>0.0</fprob>
        </actor>
        <actor name="D0N18">
            <wcet number="0">30</wcet>
            <wcet number="1">30</wcet>
            <maxpow number="0.5806010908457784"/>
            <maxpow number="0.5806010908457784"/>
            <fprob>0.0</fprob>
        </actor>
        <actor name="D0N37">
            <wcet number="0">20</wcet>
            <wcet number="1">60</wcet>
            <maxpow number="0.32073739407720886"/>
            <maxpow number="0.32073739407720886"/>
            <fprob>0.0</fprob>
        </actor>
        <actor name="D0N21">
            <wcet number="0">90</wcet>
            <wcet number="1">290</wcet>
            <maxpow number="0.5231412800795343"/>
            <maxpow number="0.5231412800795343"/>
            <fprob>0.0</fprob>
        </actor>
        <actor name="D0N8">
            <wcet number="0">80</wcet>
            <wcet number="1">180</wcet>
            <maxpow number="0.8470352046808604"/>
            <maxpow number="0.8470352046808604"/>
            <fprob>0.0</fprob>
        </actor>
        <actor name="D0N34">
            <wcet number="0">10</wcet>
            <wcet number="1">10</wcet>
            <maxpow number="0.564268873699667"/>
            <maxpow number="0.564268873699667"/>
            <fprob>0.0</fprob>
        </actor>
        <actor name="D0N32">
            <wcet number="0">80</wcet>
            <wcet number="1">280</wcet>
            <maxpow number="0.5480562788712532"/>
            <maxpow number="0.5480562788712532"/>
            <fprob>0.0</fprob>
        </actor>
        <actor name="D0N14">
            <wcet number="0">10</wcet>
            <wcet number="1">30</wcet>
            <maxpow number="0.42303846247215027"/>
            <maxpow number="0.42303846247215027"/>
            <fprob>0.0</fprob>
        </actor>
        <actor name="D0N36">
            <wcet number="0">20</wcet>
            <wcet number="1">70</wcet>
            <maxpow number="0.914984179738459"/>
            <maxpow number="0.914984179738459"/>
            <fprob>0.0</fprob>
        </actor>
        <actor name="D0N27">
            <wcet number="0">20</wcet>
            <wcet number="1">100</wcet>
            <maxpow number="0.37329035056601617"/>
            <maxpow number="0.37329035056601617"/>
            <fprob>0.0</fprob>
        </actor>
        <actor name="D0N19">
            <wcet number="0">30</wcet>
            <wcet number="1">40</wcet>
            <maxpow number="0.7404440336010448"/>
            <maxpow number="0.7404440336010448"/>
            <fprob>0.0</fprob>
        </actor>
        <actor name="D0N42">
            <wcet number="0">150</wcet>
            <wcet number="1">150</wcet>
            <maxpow number="0.4604523970096175"/>
            <maxpow number="0.4604523970096175"/>
            <fprob>0.0</fprob>
        </actor>
        <actor name="D0N7">
            <wcet number="0">140</wcet>
            <wcet number="1">170</wcet>
            <maxpow number="0.5068145335250016"/>
            <maxpow number="0.5068145335250016"/>
            <fprob>0.0</fprob>
        </actor>
        <actor name="D0N4">
            <wcet number="0">10</wcet>
            <wcet number="1">40</wcet>
            <maxpow number="0.4140349882175065"/>
            <maxpow number="0.4140349882175065"/>
            <fprob>0.0</fprob>
        </actor>
        <actor name="D0N25">
            <wcet number="0">30</wcet>
            <wcet number="1">60</wcet>
            <maxpow number="0.5635772011367656"/>
            <maxpow number="0.5635772011367656"/>
            <fprob>0.0</fprob>
        </actor>
        <actor name="D0N38">
            <wcet number="0">10</wcet>
            <wcet number="1">50</wcet>
            <maxpow number="0.3891131018451124"/>
            <maxpow number="0.3891131018451124"/>
            <fprob>0.0</fprob>
        </actor>
        <actor name="D0N13">
            <wcet number="0">50</wcet>
            <wcet number="1">50</wcet>
            <maxpow number="0.35987047332380195"/>
            <maxpow number="0.35987047332380195"/>
            <fprob>0.0</fprob>
        </actor>
        <actor name="D0N43">
            <wcet number="0">120</wcet>
            <wcet number="1">130</wcet>
            <maxpow number="0.40139454140652864"/>
            <maxpow number="0.40139454140652864"/>
            <fprob>0.0</fprob>
        </actor>
        <actor name="D0N24">
            <wcet number="0">20</wcet>
            <wcet number="1">50</wcet>
            <maxpow number="0.3518583832570996"/>
            <maxpow number="0.3518583832570996"/>
            <fprob>0.0</fprob>
        </actor>
        <actor name="D0N26">
            <wcet number="0">10</wcet>
            <wcet number="1">20</wcet>
            <maxpow number="0.6746409524530135"/>
            <maxpow number="0.6746409524530135"/>
            <fprob>0.0</fprob>
        </actor>
        <actor name="D0N41">
            <wcet number="0">10</wcet>
            <wcet number="1">30</wcet>
            <maxpow number="0.3287256852510162"/>
            <maxpow number="0.3287256852510162"/>
            <fprob>0.0</fprob>
        </actor>
        <actor name="D0N31">
            <wcet number="0">70</wcet>
            <wcet number="1">70</wcet>
            <maxpow number="0.6266412076795671"/>
            <maxpow number="0.6266412076795671"/>
            <fprob>0.0</fprob>
        </actor>
        <actor name="D0N30">
            <wcet number="0">40</wcet>
            <wcet number="1">50</wcet>
            <maxpow number="0.5127758896654374"/>
            <maxpow number="0.5127758896654374"/>
            <fprob>0.0</fprob>
        </actor>
        <actor name="D0N3">
            <wcet number="0">50</wcet>
            <wcet number="1">50</wcet>
            <maxpow number="0.7284091564497644"/>
            <maxpow number="0.7284091564497644"/>
            <fprob>0.0</fprob>
        </actor>
        <ports>
            <port dstActor="D0N25" name="p0" srcActor="D0N1"/>
            <port dstActor="D0N3" name="p1" srcActor="D0N1"/>
            <port dstActor="D0N22" name="p2" srcActor="D0N1"/>
            <port dstActor="D0N19" name="p3" srcActor="D0N1"/>
            <port dstActor="D0N4" name="p4" srcActor="D0N1"/>
            <port dstActor="D0N42" name="p5" srcActor="D0N1"/>
            <port dstActor="D0N29" name="p6" srcActor="D0N17"/>
            <port dstActor="D0N22" name="p7" srcActor="D0N17"/>
            <port dstActor="D0N26" name="p8" srcActor="D0N17"/>
            <port dstActor="D0N35" name="p9" srcActor="D0N28"/>
            <port dstActor="D0N17" name="p10" srcActor="D0N6"/>
            <port dstActor="D0N24" name="p11" srcActor="D0N6"/>
            <port dstActor="D0N36" name="p12" srcActor="D0N6"/>
            <port dstActor="D0N14" name="p13" srcActor="D0N5"/>
            <port dstActor="D0N37" name="p14" srcActor="D0N5"/>
            <port dstActor="D0N38" name="p15" srcActor="D0N5"/>
            <port dstActor="D0N32" name="p16" srcActor="D0N5"/>
            <port dstActor="D0N35" name="p17" srcActor="D0N5"/>
            <port dstActor="D0N23" name="p18" srcActor="D0N15"/>
            <port dstActor="D0N43" name="p19" srcActor="D0N22"/>
            <port dstActor="D0N27" name="p20" srcActor="D0N22"/>
            <port dstActor="D0N30" name="p21" srcActor="D0N22"/>
            <port dstActor="D0N34" name="p22" srcActor="D0N22"/>
            <port dstActor="D0N30" name="p23" srcActor="D0N10"/>
            <port dstActor="D0N15" name="p24" srcActor="D0N10"/>
            <port dstActor="D0N21" name="p25" srcActor="D0N10"/>
            <port dstActor="D0N31" name="p26" srcActor="D0N12"/>
            <port dstActor="D0N37" name="p27" srcActor="D0N12"/>
            <port dstActor="D0N17" name="p28" srcActor="D0N12"/>
            <port dstActor="D0N39" name="p29" srcActor="D0N12"/>
            <port dstActor="D0N24" name="p30" srcActor="D0N12"/>
            <port dstActor="D0N32" name="p31" srcActor="D0N12"/>
            <port dstActor="D0N36" name="p32" srcActor="D0N33"/>
            <port dstActor="D0N34" name="p33" srcActor="D0N33"/>
            <port dstActor="D0N34" name="p34" srcActor="D0N9"/>
            <port dstActor="D0N29" name="p35" srcActor="D0N9"/>
            <port dstActor="D0N28" name="p36" srcActor="D0N9"/>
            <port dstActor="D0N25" name="p37" srcActor="D0N9"/>
            <port dstActor="D0N34" name="p38" srcActor="D0N29"/>
            <port dstActor="D0N38" name="p39" srcActor="D0N29"/>
            <port dstActor="D0N42" name="p40" srcActor="D0N29"/>
            <port dstActor="D0N24" name="p41" srcActor="D0N11"/>
            <port dstActor="D0N37" name="p42" srcActor="D0N11"/>
            <port dstActor="D0N27" name="p43" srcActor="D0N11"/>
            <port dstActor="D0N38" name="p44" srcActor="D0N0"/>
            <port dstActor="D0N3" name="p45" srcActor="D0N0"/>
            <port dstActor="D0N34" name="p46" srcActor="D0N0"/>
            <port dstActor="D0N42" name="p47" srcActor="D0N0"/>
            <port dstActor="D0N8" name="p48" srcActor="D0N0"/>
            <port dstActor="D0N11" name="p49" srcActor="D0N0"/>
            <port dstActor="D0N29" name="p50" srcActor="D0N0"/>
            <port dstActor="D0N33" name="p51" srcActor="D0N16"/>
            <port dstActor="D0N24" name="p52" srcActor="D0N23"/>
            <port dstActor="D0N35" name="p53" srcActor="D0N23"/>
            <port dstActor="D0N31" name="p54" srcActor="D0N23"/>
            <port dstActor="D0N42" name="p55" srcActor="D0N23"/>
            <port dstActor="D0N32" name="p56" srcActor="D0N23"/>
            <port dstActor="D0N31" name="p57" srcActor="D0N2"/>
            <port dstActor="D0N41" name="p58" srcActor="D0N2"/>
            <port dstActor="D0N10" name="p59" srcActor="D0N2"/>
            <port dstActor="D0N30" name="p60" srcActor="D0N2"/>
            <port dstActor="D0N14" name="p61" srcActor="D0N2"/>
            <port dstActor="D0N38" name="p62" srcActor="D0N2"/>
            <port dstActor="D0N36" name="p63" srcActor="D0N18"/>
            <port dstActor="D0N38" name="p64" srcActor="D0N18"/>
            <port dstActor="D0N39" name="p65" srcActor="D0N21"/>
            <port dstActor="D0N39" name="p66" srcActor="D0N8"/>
            <port dstActor="D0N35" name="p67" srcActor="D0N8"/>
            <port dstActor="D0N37" name="p68" srcActor="D0N34"/>
            <port dstActor="D0N35" name="p69" srcActor="D0N34"/>
            <port dstActor="D0N35" name="p70" srcActor="D0N32"/>
            <port dstActor="D0N37" name="p71" srcActor="D0N14"/>
            <port dstActor="D0N16" name="p72" srcActor="D0N14"/>
            <port dstActor="D0N31" name="p73" srcActor="D0N14"/>
            <port dstActor="D0N38" name="p74" srcActor="D0N36"/>
            <port dstActor="D0N23" name="p75" srcActor="D0N19"/>
            <port dstActor="D0N22" name="p76" srcActor="D0N19"/>
            <port dstActor="D0N29" name="p77" srcActor="D0N19"/>
            <port dstActor="D0N31" name="p78" srcActor="D0N7"/>
            <port dstActor="D0N11" name="p79" srcActor="D0N7"/>
            <port dstActor="D0N26" name="p80" srcActor="D0N7"/>
            <port dstActor="D0N36" name="p81" srcActor="D0N7"/>
            <port dstActor="D0N9" name="p82" srcActor="D0N4"/>
            <port dstActor="D0N33" name="p83" srcActor="D0N4"/>
            <port dstActor="D0N25" name="p84" srcActor="D0N4"/>
            <port dstActor="D0N32" name="p85" srcActor="D0N25"/>
            <port dstActor="D0N40" name="p86" srcActor="D0N25"/>
            <port dstActor="D0N40" name="p87" srcActor="D0N38"/>
            <port dstActor="D0N30" name="p88" srcActor="D0N13"/>
            <port dstActor="D0N15" name="p89" srcActor="D0N13"/>
            <port dstActor="D0N24" name="p90" srcActor="D0N13"/>
            <port dstActor="D0N18" name="p91" srcActor="D0N13"/>
            <port dstActor="D0N26" name="p92" srcActor="D0N24"/>
            <port dstActor="D0N32" name="p93" srcActor="D0N24"/>
            <port dstActor="D0N30" name="p94" srcActor="D0N26"/>
            <port dstActor="D0N27" name="p95" srcActor="D0N26"/>
            <port dstActor="D0N41" name="p96" srcActor="D0N31"/>
            <port dstActor="D0N42" name="p97" srcActor="D0N31"/>
            <port dstActor="D0N35" name="p98" srcActor="D0N30"/>
            <port dstActor="D0N41" name="p99" srcActor="D0N30"/>
            <port dstActor="D0N39" name="p100" srcActor="D0N3"/>
            <port dstActor="D0N26" name="p101" srcActor="D0N3"/>
        </ports>
    </mcdag>
    <cores number="3"/>
    <levels number="2"/>
</mcsystem>
