<?xml version="1.0" encoding="UTF-8" standalone="no"?>
<mcsystem>
    <mcdag deadline="1500" name="genned-0-ed-10.0-0">
        <actor name="D0N33">
            <wcet number="0">20</wcet>
            <wcet number="1">40</wcet>
            <maxpow number="0.6774153574708344"/>
            <maxpow number="0.6774153574708344"/>
            <fprob>0.0</fprob>
        </actor>
        <actor name="D0N32">
            <wcet number="0">20</wcet>
            <wcet number="1">30</wcet>
            <maxpow number="0.35944130188306145"/>
            <maxpow number="0.35944130188306145"/>
            <fprob>0.0</fprob>
        </actor>
        <actor name="D0N1">
            <wcet number="0">50</wcet>
            <wcet number="1">80</wcet>
            <maxpow number="0.6711581226609077"/>
            <maxpow number="0.6711581226609077"/>
            <fprob>0.0</fprob>
        </actor>
        <actor name="D0N15">
            <wcet number="0">230</wcet>
            <wcet number="1">230</wcet>
            <maxpow number="0.29876996023616886"/>
            <maxpow number="0.29876996023616886"/>
            <fprob>0.0</fprob>
        </actor>
        <actor name="D0N28">
            <wcet number="0">60</wcet>
            <wcet number="1">130</wcet>
            <maxpow number="0.9419451036927942"/>
            <maxpow number="0.9419451036927942"/>
            <fprob>0.0</fprob>
        </actor>
        <actor name="D0N38">
            <wcet number="0">10</wcet>
            <wcet number="1">10</wcet>
            <maxpow number="0.32099799293686254"/>
            <maxpow number="0.32099799293686254"/>
            <fprob>0.0</fprob>
        </actor>
        <actor name="D0N30">
            <wcet number="0">10</wcet>
            <wcet number="1">80</wcet>
            <maxpow number="0.4870428891027322"/>
            <maxpow number="0.4870428891027322"/>
            <fprob>0.0</fprob>
        </actor>
        <actor name="D0N37">
            <wcet number="0">10</wcet>
            <wcet number="1">30</wcet>
            <maxpow number="0.3919228819301504"/>
            <maxpow number="0.3919228819301504"/>
            <fprob>0.0</fprob>
        </actor>
        <actor name="D0N7">
            <wcet number="0">30</wcet>
            <wcet number="1">30</wcet>
            <maxpow number="0.5589008374598116"/>
            <maxpow number="0.5589008374598116"/>
            <fprob>0.0</fprob>
        </actor>
        <actor name="D0N13">
            <wcet number="0">10</wcet>
            <wcet number="1">30</wcet>
            <maxpow number="0.3413671687924099"/>
            <maxpow number="0.3413671687924099"/>
            <fprob>0.0</fprob>
        </actor>
        <actor name="D0N34">
            <wcet number="0">10</wcet>
            <wcet number="1">10</wcet>
            <maxpow number="0.544008612827819"/>
            <maxpow number="0.544008612827819"/>
            <fprob>0.0</fprob>
        </actor>
        <actor name="D0N5">
            <wcet number="0">10</wcet>
            <wcet number="1">30</wcet>
            <maxpow number="0.5311555591061957"/>
            <maxpow number="0.5311555591061957"/>
            <fprob>0.0</fprob>
        </actor>
        <actor name="D0N42">
            <wcet number="0">40</wcet>
            <wcet number="1">50</wcet>
            <maxpow number="0.6059290006529419"/>
            <maxpow number="0.6059290006529419"/>
            <fprob>0.0</fprob>
        </actor>
        <actor name="D0N29">
            <wcet number="0">90</wcet>
            <wcet number="1">220</wcet>
            <maxpow number="0.5731987682183102"/>
            <maxpow number="0.5731987682183102"/>
            <fprob>0.0</fprob>
        </actor>
        <actor name="D0N27">
            <wcet number="0">10</wcet>
            <wcet number="1">20</wcet>
            <maxpow number="0.5384110401005872"/>
            <maxpow number="0.5384110401005872"/>
            <fprob>0.0</fprob>
        </actor>
        <actor name="D0N23">
            <wcet number="0">50</wcet>
            <wcet number="1">50</wcet>
            <maxpow number="0.37271116888183103"/>
            <maxpow number="0.37271116888183103"/>
            <fprob>0.0</fprob>
        </actor>
        <actor name="D0N40">
            <wcet number="0">50</wcet>
            <wcet number="1">60</wcet>
            <maxpow number="0.7857581685132217"/>
            <maxpow number="0.7857581685132217"/>
            <fprob>0.0</fprob>
        </actor>
        <actor name="D0N3">
            <wcet number="0">190</wcet>
            <wcet number="1">250</wcet>
            <maxpow number="0.7262276362206328"/>
            <maxpow number="0.7262276362206328"/>
            <fprob>0.0</fprob>
        </actor>
        <actor name="D0N35">
            <wcet number="0">130</wcet>
            <wcet number="1">130</wcet>
            <maxpow number="0.27279633188317065"/>
            <maxpow number="0.27279633188317065"/>
            <fprob>0.0</fprob>
        </actor>
        <actor name="D0N11">
            <wcet number="0">60</wcet>
            <wcet number="1">70</wcet>
            <maxpow number="0.4843975700429168"/>
            <maxpow number="0.4843975700429168"/>
            <fprob>0.0</fprob>
        </actor>
        <actor name="D0N0">
            <wcet number="0">50</wcet>
            <wcet number="1">70</wcet>
            <maxpow number="0.7341124113900945"/>
            <maxpow number="0.7341124113900945"/>
            <fprob>0.0</fprob>
        </actor>
        <actor name="D0N44">
            <wcet number="0">20</wcet>
            <wcet number="1">20</wcet>
            <maxpow number="0.23811753111078438"/>
            <maxpow number="0.23811753111078438"/>
            <fprob>0.0</fprob>
        </actor>
        <actor name="D0N26">
            <wcet number="0">20</wcet>
            <wcet number="1">30</wcet>
            <maxpow number="0.7198963306124013"/>
            <maxpow number="0.7198963306124013"/>
            <fprob>0.0</fprob>
        </actor>
        <actor name="D0N20">
            <wcet number="0">130</wcet>
            <wcet number="1">150</wcet>
            <maxpow number="0.7136473252270994"/>
            <maxpow number="0.7136473252270994"/>
            <fprob>0.0</fprob>
        </actor>
        <actor name="D0N2">
            <wcet number="0">40</wcet>
            <wcet number="1">70</wcet>
            <maxpow number="0.7260519996666854"/>
            <maxpow number="0.7260519996666854"/>
            <fprob>0.0</fprob>
        </actor>
        <actor name="D0N17">
            <wcet number="0">10</wcet>
            <wcet number="1">20</wcet>
            <maxpow number="1.1368799874611768"/>
            <maxpow number="1.1368799874611768"/>
            <fprob>0.0</fprob>
        </actor>
        <actor name="D0N36">
            <wcet number="0">40</wcet>
            <wcet number="1">100</wcet>
            <maxpow number="0.45981873746668045"/>
            <maxpow number="0.45981873746668045"/>
            <fprob>0.0</fprob>
        </actor>
        <actor name="D0N19">
            <wcet number="0">10</wcet>
            <wcet number="1">10</wcet>
            <maxpow number="0.49573361694359613"/>
            <maxpow number="0.49573361694359613"/>
            <fprob>0.0</fprob>
        </actor>
        <actor name="D0N46">
            <wcet number="0">10</wcet>
            <wcet number="1">20</wcet>
            <maxpow number="0.21217606221419327"/>
            <maxpow number="0.21217606221419327"/>
            <fprob>0.0</fprob>
        </actor>
        <actor name="D0N22">
            <wcet number="0">20</wcet>
            <wcet number="1">20</wcet>
            <maxpow number="0.12650932633715223"/>
            <maxpow number="0.12650932633715223"/>
            <fprob>0.0</fprob>
        </actor>
        <actor name="D0N12">
            <wcet number="0">60</wcet>
            <wcet number="1">100</wcet>
            <maxpow number="0.5699348244079906"/>
            <maxpow number="0.5699348244079906"/>
            <fprob>0.0</fprob>
        </actor>
        <actor name="D0N18">
            <wcet number="0">10</wcet>
            <wcet number="1">10</wcet>
            <maxpow number="0.6417473093645749"/>
            <maxpow number="0.6417473093645749"/>
            <fprob>0.0</fprob>
        </actor>
        <actor name="D0N16">
            <wcet number="0">10</wcet>
            <wcet number="1">20</wcet>
            <maxpow number="0.7924602106053811"/>
            <maxpow number="0.7924602106053811"/>
            <fprob>0.0</fprob>
        </actor>
        <actor name="D0N9">
            <wcet number="0">30</wcet>
            <wcet number="1">70</wcet>
            <maxpow number="0.5609991077960865"/>
            <maxpow number="0.5609991077960865"/>
            <fprob>0.0</fprob>
        </actor>
        <actor name="D0N21">
            <wcet number="0">10</wcet>
            <wcet number="1">50</wcet>
            <maxpow number="0.46226487895626145"/>
            <maxpow number="0.46226487895626145"/>
            <fprob>0.0</fprob>
        </actor>
        <actor name="D0N6">
            <wcet number="0">30</wcet>
            <wcet number="1">90</wcet>
            <maxpow number="0.8482115393725727"/>
            <maxpow number="0.8482115393725727"/>
            <fprob>0.0</fprob>
        </actor>
        <actor name="D0N25">
            <wcet number="0">10</wcet>
            <wcet number="1">10</wcet>
            <maxpow number="0.8352903947506668"/>
            <maxpow number="0.8352903947506668"/>
            <fprob>0.0</fprob>
        </actor>
        <actor name="D0N43">
            <wcet number="0">10</wcet>
            <wcet number="1">30</wcet>
            <maxpow number="0.42453016449831726"/>
            <maxpow number="0.42453016449831726"/>
            <fprob>0.0</fprob>
        </actor>
        <actor name="D0N24">
            <wcet number="0">10</wcet>
            <wcet number="1">10</wcet>
            <maxpow number="0.3134317608904036"/>
            <maxpow number="0.3134317608904036"/>
            <fprob>0.0</fprob>
        </actor>
        <actor name="D0N45">
            <wcet number="0">10</wcet>
            <wcet number="1">40</wcet>
            <maxpow number="0.8283067478854704"/>
            <maxpow number="0.8283067478854704"/>
            <fprob>0.0</fprob>
        </actor>
        <actor name="D0N31">
            <wcet number="0">40</wcet>
            <wcet number="1">180</wcet>
            <maxpow number="0.8061636516845503"/>
            <maxpow number="0.8061636516845503"/>
            <fprob>0.0</fprob>
        </actor>
        <actor name="D0N4">
            <wcet number="0">70</wcet>
            <wcet number="1">80</wcet>
            <maxpow number="0.44078501010310195"/>
            <maxpow number="0.44078501010310195"/>
            <fprob>0.0</fprob>
        </actor>
        <actor name="D0N14">
            <wcet number="0">30</wcet>
            <wcet number="1">60</wcet>
            <maxpow number="0.5745175009176099"/>
            <maxpow number="0.5745175009176099"/>
            <fprob>0.0</fprob>
        </actor>
        <actor name="D0N8">
            <wcet number="0">10</wcet>
            <wcet number="1">80</wcet>
            <maxpow number="0.4091292092667486"/>
            <maxpow number="0.4091292092667486"/>
            <fprob>0.0</fprob>
        </actor>
        <actor name="D0N41">
            <wcet number="0">20</wcet>
            <wcet number="1">30</wcet>
            <maxpow number="0.6295366745761558"/>
            <maxpow number="0.6295366745761558"/>
            <fprob>0.0</fprob>
        </actor>
        <actor name="D0N39">
            <wcet number="0">30</wcet>
            <wcet number="1">30</wcet>
            <maxpow number="0.7398714201320061"/>
            <maxpow number="0.7398714201320061"/>
            <fprob>0.0</fprob>
        </actor>
        <actor name="D0N10">
            <wcet number="0">20</wcet>
            <wcet number="1">20</wcet>
            <maxpow number="0.6619190168122016"/>
            <maxpow number="0.6619190168122016"/>
            <fprob>0.0</fprob>
        </actor>
        <ports>
            <port dstActor="D0N44" name="p0" srcActor="D0N33"/>
            <port dstActor="D0N40" name="p1" srcActor="D0N33"/>
            <port dstActor="D0N31" name="p2" srcActor="D0N1"/>
            <port dstActor="D0N33" name="p3" srcActor="D0N1"/>
            <port dstActor="D0N10" name="p4" srcActor="D0N1"/>
            <port dstActor="D0N12" name="p5" srcActor="D0N1"/>
            <port dstActor="D0N38" name="p6" srcActor="D0N15"/>
            <port dstActor="D0N17" name="p7" srcActor="D0N15"/>
            <port dstActor="D0N27" name="p8" srcActor="D0N15"/>
            <port dstActor="D0N31" name="p9" srcActor="D0N28"/>
            <port dstActor="D0N34" name="p10" srcActor="D0N28"/>
            <port dstActor="D0N35" name="p11" srcActor="D0N28"/>
            <port dstActor="D0N43" name="p12" srcActor="D0N38"/>
            <port dstActor="D0N38" name="p13" srcActor="D0N30"/>
            <port dstActor="D0N41" name="p14" srcActor="D0N30"/>
            <port dstActor="D0N40" name="p15" srcActor="D0N7"/>
            <port dstActor="D0N9" name="p16" srcActor="D0N7"/>
            <port dstActor="D0N18" name="p17" srcActor="D0N7"/>
            <port dstActor="D0N12" name="p18" srcActor="D0N7"/>
            <port dstActor="D0N35" name="p19" srcActor="D0N7"/>
            <port dstActor="D0N8" name="p20" srcActor="D0N7"/>
            <port dstActor="D0N34" name="p21" srcActor="D0N7"/>
            <port dstActor="D0N26" name="p22" srcActor="D0N13"/>
            <port dstActor="D0N33" name="p23" srcActor="D0N5"/>
            <port dstActor="D0N8" name="p24" srcActor="D0N5"/>
            <port dstActor="D0N12" name="p25" srcActor="D0N5"/>
            <port dstActor="D0N40" name="p26" srcActor="D0N5"/>
            <port dstActor="D0N34" name="p27" srcActor="D0N5"/>
            <port dstActor="D0N20" name="p28" srcActor="D0N5"/>
            <port dstActor="D0N24" name="p29" srcActor="D0N5"/>
            <port dstActor="D0N39" name="p30" srcActor="D0N29"/>
            <port dstActor="D0N42" name="p31" srcActor="D0N29"/>
            <port dstActor="D0N44" name="p32" srcActor="D0N29"/>
            <port dstActor="D0N35" name="p33" srcActor="D0N27"/>
            <port dstActor="D0N41" name="p34" srcActor="D0N27"/>
            <port dstActor="D0N33" name="p35" srcActor="D0N27"/>
            <port dstActor="D0N39" name="p36" srcActor="D0N27"/>
            <port dstActor="D0N35" name="p37" srcActor="D0N23"/>
            <port dstActor="D0N40" name="p38" srcActor="D0N3"/>
            <port dstActor="D0N15" name="p39" srcActor="D0N3"/>
            <port dstActor="D0N38" name="p40" srcActor="D0N3"/>
            <port dstActor="D0N21" name="p41" srcActor="D0N11"/>
            <port dstActor="D0N28" name="p42" srcActor="D0N11"/>
            <port dstActor="D0N12" name="p43" srcActor="D0N11"/>
            <port dstActor="D0N32" name="p44" srcActor="D0N0"/>
            <port dstActor="D0N3" name="p45" srcActor="D0N0"/>
            <port dstActor="D0N26" name="p46" srcActor="D0N0"/>
            <port dstActor="D0N10" name="p47" srcActor="D0N0"/>
            <port dstActor="D0N31" name="p48" srcActor="D0N0"/>
            <port dstActor="D0N25" name="p49" srcActor="D0N0"/>
            <port dstActor="D0N45" name="p50" srcActor="D0N26"/>
            <port dstActor="D0N23" name="p51" srcActor="D0N20"/>
            <port dstActor="D0N42" name="p52" srcActor="D0N2"/>
            <port dstActor="D0N13" name="p53" srcActor="D0N2"/>
            <port dstActor="D0N29" name="p54" srcActor="D0N2"/>
            <port dstActor="D0N46" name="p55" srcActor="D0N2"/>
            <port dstActor="D0N18" name="p56" srcActor="D0N17"/>
            <port dstActor="D0N43" name="p57" srcActor="D0N36"/>
            <port dstActor="D0N25" name="p58" srcActor="D0N22"/>
            <port dstActor="D0N29" name="p59" srcActor="D0N12"/>
            <port dstActor="D0N28" name="p60" srcActor="D0N12"/>
            <port dstActor="D0N22" name="p61" srcActor="D0N12"/>
            <port dstActor="D0N33" name="p62" srcActor="D0N18"/>
            <port dstActor="D0N28" name="p63" srcActor="D0N18"/>
            <port dstActor="D0N35" name="p64" srcActor="D0N16"/>
            <port dstActor="D0N25" name="p65" srcActor="D0N16"/>
            <port dstActor="D0N46" name="p66" srcActor="D0N16"/>
            <port dstActor="D0N34" name="p67" srcActor="D0N9"/>
            <port dstActor="D0N36" name="p68" srcActor="D0N9"/>
            <port dstActor="D0N45" name="p69" srcActor="D0N9"/>
            <port dstActor="D0N30" name="p70" srcActor="D0N9"/>
            <port dstActor="D0N32" name="p71" srcActor="D0N9"/>
            <port dstActor="D0N29" name="p72" srcActor="D0N9"/>
            <port dstActor="D0N23" name="p73" srcActor="D0N21"/>
            <port dstActor="D0N40" name="p74" srcActor="D0N21"/>
            <port dstActor="D0N26" name="p75" srcActor="D0N21"/>
            <port dstActor="D0N37" name="p76" srcActor="D0N6"/>
            <port dstActor="D0N43" name="p77" srcActor="D0N6"/>
            <port dstActor="D0N10" name="p78" srcActor="D0N6"/>
            <port dstActor="D0N28" name="p79" srcActor="D0N25"/>
            <port dstActor="D0N45" name="p80" srcActor="D0N25"/>
            <port dstActor="D0N18" name="p81" srcActor="D0N4"/>
            <port dstActor="D0N44" name="p82" srcActor="D0N4"/>
            <port dstActor="D0N43" name="p83" srcActor="D0N4"/>
            <port dstActor="D0N17" name="p84" srcActor="D0N14"/>
            <port dstActor="D0N30" name="p85" srcActor="D0N8"/>
            <port dstActor="D0N35" name="p86" srcActor="D0N8"/>
            <port dstActor="D0N34" name="p87" srcActor="D0N8"/>
            <port dstActor="D0N22" name="p88" srcActor="D0N8"/>
            <port dstActor="D0N33" name="p89" srcActor="D0N8"/>
            <port dstActor="D0N44" name="p90" srcActor="D0N41"/>
            <port dstActor="D0N11" name="p91" srcActor="D0N10"/>
            <port dstActor="D0N19" name="p92" srcActor="D0N10"/>
            <port dstActor="D0N13" name="p93" srcActor="D0N10"/>
        </ports>
    </mcdag>
    <cores number="2"/>
    <levels number="2"/>
</mcsystem>
