<?xml version="1.0" encoding="UTF-8" standalone="no"?>
<mcsystem>
    <mcdag deadline="2500" name="genned-0-ed-10.0-0">
        <actor name="D0N19">
            <wcet number="0">320</wcet>
            <wcet number="1">360</wcet>
            <maxpow number="0.3630242659242967"/>
            <maxpow number="0.3630242659242967"/>
            <fprob>0.0</fprob>
        </actor>
        <actor name="D0N30">
            <wcet number="0">370</wcet>
            <wcet number="1">510</wcet>
            <maxpow number="0.4117980602848327"/>
            <maxpow number="0.4117980602848327"/>
            <fprob>0.0</fprob>
        </actor>
        <actor name="D0N14">
            <wcet number="0">50</wcet>
            <wcet number="1">50</wcet>
            <maxpow number="0.7151697768747275"/>
            <maxpow number="0.7151697768747275"/>
            <fprob>0.0</fprob>
        </actor>
        <actor name="D0N17">
            <wcet number="0">10</wcet>
            <wcet number="1">40</wcet>
            <maxpow number="0.9071421998044817"/>
            <maxpow number="0.9071421998044817"/>
            <fprob>0.0</fprob>
        </actor>
        <actor name="D0N34">
            <wcet number="0">40</wcet>
            <wcet number="1">50</wcet>
            <maxpow number="0.3235040479109347"/>
            <maxpow number="0.3235040479109347"/>
            <fprob>0.0</fprob>
        </actor>
        <actor name="D0N23">
            <wcet number="0">580</wcet>
            <wcet number="1">740</wcet>
            <maxpow number="0.38163789633797696"/>
            <maxpow number="0.38163789633797696"/>
            <fprob>0.0</fprob>
        </actor>
        <actor name="D0N31">
            <wcet number="0">20</wcet>
            <wcet number="1">90</wcet>
            <maxpow number="0.4318307143950411"/>
            <maxpow number="0.4318307143950411"/>
            <fprob>0.0</fprob>
        </actor>
        <actor name="D0N18">
            <wcet number="0">160</wcet>
            <wcet number="1">160</wcet>
            <maxpow number="0.5059809842193848"/>
            <maxpow number="0.5059809842193848"/>
            <fprob>0.0</fprob>
        </actor>
        <actor name="D0N43">
            <wcet number="0">60</wcet>
            <wcet number="1">80</wcet>
            <maxpow number="0.6558314627629832"/>
            <maxpow number="0.6558314627629832"/>
            <fprob>0.0</fprob>
        </actor>
        <actor name="D0N41">
            <wcet number="0">20</wcet>
            <wcet number="1">60</wcet>
            <maxpow number="0.3484797158652453"/>
            <maxpow number="0.3484797158652453"/>
            <fprob>0.0</fprob>
        </actor>
        <actor name="D0N2">
            <wcet number="0">10</wcet>
            <wcet number="1">20</wcet>
            <maxpow number="0.3627388908652854"/>
            <maxpow number="0.3627388908652854"/>
            <fprob>0.0</fprob>
        </actor>
        <actor name="D0N36">
            <wcet number="0">40</wcet>
            <wcet number="1">70</wcet>
            <maxpow number="0.5140067368810826"/>
            <maxpow number="0.5140067368810826"/>
            <fprob>0.0</fprob>
        </actor>
        <actor name="D0N1">
            <wcet number="0">20</wcet>
            <wcet number="1">30</wcet>
            <maxpow number="0.6260083858296037"/>
            <maxpow number="0.6260083858296037"/>
            <fprob>0.0</fprob>
        </actor>
        <actor name="D0N32">
            <wcet number="0">70</wcet>
            <wcet number="1">330</wcet>
            <maxpow number="0.4779501610417362"/>
            <maxpow number="0.4779501610417362"/>
            <fprob>0.0</fprob>
        </actor>
        <actor name="D0N42">
            <wcet number="0">110</wcet>
            <wcet number="1">120</wcet>
            <maxpow number="0.47251758243544056"/>
            <maxpow number="0.47251758243544056"/>
            <fprob>0.0</fprob>
        </actor>
        <actor name="D0N37">
            <wcet number="0">10</wcet>
            <wcet number="1">20</wcet>
            <maxpow number="0.5887484381143296"/>
            <maxpow number="0.5887484381143296"/>
            <fprob>0.0</fprob>
        </actor>
        <actor name="D0N21">
            <wcet number="0">50</wcet>
            <wcet number="1">100</wcet>
            <maxpow number="0.3062057052330045"/>
            <maxpow number="0.3062057052330045"/>
            <fprob>0.0</fprob>
        </actor>
        <actor name="D0N29">
            <wcet number="0">110</wcet>
            <wcet number="1">130</wcet>
            <maxpow number="0.6983122447125201"/>
            <maxpow number="0.6983122447125201"/>
            <fprob>0.0</fprob>
        </actor>
        <actor name="D0N26">
            <wcet number="0">50</wcet>
            <wcet number="1">80</wcet>
            <maxpow number="0.28318596869773743"/>
            <maxpow number="0.28318596869773743"/>
            <fprob>0.0</fprob>
        </actor>
        <actor name="D0N46">
            <wcet number="0">50</wcet>
            <wcet number="1">200</wcet>
            <maxpow number="0.6193305408374171"/>
            <maxpow number="0.6193305408374171"/>
            <fprob>0.0</fprob>
        </actor>
        <actor name="D0N24">
            <wcet number="0">520</wcet>
            <wcet number="1">520</wcet>
            <maxpow number="0.4192669931894761"/>
            <maxpow number="0.4192669931894761"/>
            <fprob>0.0</fprob>
        </actor>
        <actor name="D0N48">
            <wcet number="0">80</wcet>
            <wcet number="1">100</wcet>
            <maxpow number="0.772489090743491"/>
            <maxpow number="0.772489090743491"/>
            <fprob>0.0</fprob>
        </actor>
        <actor name="D0N45">
            <wcet number="0">10</wcet>
            <wcet number="1">20</wcet>
            <maxpow number="0.6101805571157429"/>
            <maxpow number="0.6101805571157429"/>
            <fprob>0.0</fprob>
        </actor>
        <actor name="D0N3">
            <wcet number="0">20</wcet>
            <wcet number="1">20</wcet>
            <maxpow number="0.667364329986915"/>
            <maxpow number="0.667364329986915"/>
            <fprob>0.0</fprob>
        </actor>
        <actor name="D0N25">
            <wcet number="0">10</wcet>
            <wcet number="1">30</wcet>
            <maxpow number="0.6508632832331076"/>
            <maxpow number="0.6508632832331076"/>
            <fprob>0.0</fprob>
        </actor>
        <actor name="D0N5">
            <wcet number="0">50</wcet>
            <wcet number="1">90</wcet>
            <maxpow number="0.7459290051466536"/>
            <maxpow number="0.7459290051466536"/>
            <fprob>0.0</fprob>
        </actor>
        <actor name="D0N38">
            <wcet number="0">90</wcet>
            <wcet number="1">90</wcet>
            <maxpow number="0.5033338610823982"/>
            <maxpow number="0.5033338610823982"/>
            <fprob>0.0</fprob>
        </actor>
        <actor name="D0N12">
            <wcet number="0">20</wcet>
            <wcet number="1">30</wcet>
            <maxpow number="0.2862823848564374"/>
            <maxpow number="0.2862823848564374"/>
            <fprob>0.0</fprob>
        </actor>
        <actor name="D0N28">
            <wcet number="0">80</wcet>
            <wcet number="1">80</wcet>
            <maxpow number="0.7024225119730366"/>
            <maxpow number="0.7024225119730366"/>
            <fprob>0.0</fprob>
        </actor>
        <actor name="D0N47">
            <wcet number="0">10</wcet>
            <wcet number="1">30</wcet>
            <maxpow number="0.6299348907027273"/>
            <maxpow number="0.6299348907027273"/>
            <fprob>0.0</fprob>
        </actor>
        <actor name="D0N8">
            <wcet number="0">100</wcet>
            <wcet number="1">180</wcet>
            <maxpow number="0.35953454783707073"/>
            <maxpow number="0.35953454783707073"/>
            <fprob>0.0</fprob>
        </actor>
        <actor name="D0N4">
            <wcet number="0">90</wcet>
            <wcet number="1">130</wcet>
            <maxpow number="0.6732727431876179"/>
            <maxpow number="0.6732727431876179"/>
            <fprob>0.0</fprob>
        </actor>
        <actor name="D0N44">
            <wcet number="0">60</wcet>
            <wcet number="1">60</wcet>
            <maxpow number="0.4936553004717307"/>
            <maxpow number="0.4936553004717307"/>
            <fprob>0.0</fprob>
        </actor>
        <actor name="D0N33">
            <wcet number="0">20</wcet>
            <wcet number="1">30</wcet>
            <maxpow number="0.39422631393062474"/>
            <maxpow number="0.39422631393062474"/>
            <fprob>0.0</fprob>
        </actor>
        <actor name="D0N40">
            <wcet number="0">150</wcet>
            <wcet number="1">160</wcet>
            <maxpow number="0.3053448328012457"/>
            <maxpow number="0.3053448328012457"/>
            <fprob>0.0</fprob>
        </actor>
        <actor name="D0N39">
            <wcet number="0">240</wcet>
            <wcet number="1">590</wcet>
            <maxpow number="0.5825065065967807"/>
            <maxpow number="0.5825065065967807"/>
            <fprob>0.0</fprob>
        </actor>
        <actor name="D0N9">
            <wcet number="0">30</wcet>
            <wcet number="1">90</wcet>
            <maxpow number="0.5879174056848785"/>
            <maxpow number="0.5879174056848785"/>
            <fprob>0.0</fprob>
        </actor>
        <actor name="D0N16">
            <wcet number="0">70</wcet>
            <wcet number="1">100</wcet>
            <maxpow number="0.1837974191195651"/>
            <maxpow number="0.1837974191195651"/>
            <fprob>0.0</fprob>
        </actor>
        <actor name="D0N35">
            <wcet number="0">30</wcet>
            <wcet number="1">390</wcet>
            <maxpow number="0.6132952140380326"/>
            <maxpow number="0.6132952140380326"/>
            <fprob>0.0</fprob>
        </actor>
        <actor name="D0N11">
            <wcet number="0">10</wcet>
            <wcet number="1">40</wcet>
            <maxpow number="0.3028601115875077"/>
            <maxpow number="0.3028601115875077"/>
            <fprob>0.0</fprob>
        </actor>
        <actor name="D0N22">
            <wcet number="0">40</wcet>
            <wcet number="1">120</wcet>
            <maxpow number="0.7685679876536397"/>
            <maxpow number="0.7685679876536397"/>
            <fprob>0.0</fprob>
        </actor>
        <actor name="D0N7">
            <wcet number="0">10</wcet>
            <wcet number="1">10</wcet>
            <maxpow number="0.7344822436626945"/>
            <maxpow number="0.7344822436626945"/>
            <fprob>0.0</fprob>
        </actor>
        <actor name="D0N15">
            <wcet number="0">10</wcet>
            <wcet number="1">10</wcet>
            <maxpow number="0.6162025233507337"/>
            <maxpow number="0.6162025233507337"/>
            <fprob>0.0</fprob>
        </actor>
        <actor name="D0N20">
            <wcet number="0">20</wcet>
            <wcet number="1">30</wcet>
            <maxpow number="0.5639092805704043"/>
            <maxpow number="0.5639092805704043"/>
            <fprob>0.0</fprob>
        </actor>
        <actor name="D0N10">
            <wcet number="0">110</wcet>
            <wcet number="1">240</wcet>
            <maxpow number="0.5428679077153564"/>
            <maxpow number="0.5428679077153564"/>
            <fprob>0.0</fprob>
        </actor>
        <actor name="D0N6">
            <wcet number="0">140</wcet>
            <wcet number="1">150</wcet>
            <maxpow number="0.6044668223711317"/>
            <maxpow number="0.6044668223711317"/>
            <fprob>0.0</fprob>
        </actor>
        <actor name="D0N0">
            <wcet number="0">70</wcet>
            <wcet number="1">70</wcet>
            <maxpow number="0.5847270704969475"/>
            <maxpow number="0.5847270704969475"/>
            <fprob>0.0</fprob>
        </actor>
        <actor name="D0N13">
            <wcet number="0">10</wcet>
            <wcet number="1">30</wcet>
            <maxpow number="0.5254998559614534"/>
            <maxpow number="0.5254998559614534"/>
            <fprob>0.0</fprob>
        </actor>
        <actor name="D0N27">
            <wcet number="0">50</wcet>
            <wcet number="1">70</wcet>
            <maxpow number="0.35082849633421476"/>
            <maxpow number="0.35082849633421476"/>
            <fprob>0.0</fprob>
        </actor>
        <ports>
            <port dstActor="D0N27" name="p0" srcActor="D0N19"/>
            <port dstActor="D0N39" name="p1" srcActor="D0N19"/>
            <port dstActor="D0N20" name="p2" srcActor="D0N19"/>
            <port dstActor="D0N32" name="p3" srcActor="D0N19"/>
            <port dstActor="D0N46" name="p4" srcActor="D0N19"/>
            <port dstActor="D0N44" name="p5" srcActor="D0N30"/>
            <port dstActor="D0N40" name="p6" srcActor="D0N30"/>
            <port dstActor="D0N48" name="p7" srcActor="D0N14"/>
            <port dstActor="D0N27" name="p8" srcActor="D0N14"/>
            <port dstActor="D0N47" name="p9" srcActor="D0N14"/>
            <port dstActor="D0N39" name="p10" srcActor="D0N17"/>
            <port dstActor="D0N25" name="p11" srcActor="D0N17"/>
            <port dstActor="D0N38" name="p12" srcActor="D0N17"/>
            <port dstActor="D0N46" name="p13" srcActor="D0N17"/>
            <port dstActor="D0N48" name="p14" srcActor="D0N23"/>
            <port dstActor="D0N47" name="p15" srcActor="D0N31"/>
            <port dstActor="D0N32" name="p16" srcActor="D0N31"/>
            <port dstActor="D0N46" name="p17" srcActor="D0N31"/>
            <port dstActor="D0N42" name="p18" srcActor="D0N31"/>
            <port dstActor="D0N44" name="p19" srcActor="D0N31"/>
            <port dstActor="D0N47" name="p20" srcActor="D0N18"/>
            <port dstActor="D0N32" name="p21" srcActor="D0N18"/>
            <port dstActor="D0N42" name="p22" srcActor="D0N18"/>
            <port dstActor="D0N38" name="p23" srcActor="D0N18"/>
            <port dstActor="D0N48" name="p24" srcActor="D0N43"/>
            <port dstActor="D0N17" name="p25" srcActor="D0N2"/>
            <port dstActor="D0N26" name="p26" srcActor="D0N2"/>
            <port dstActor="D0N11" name="p27" srcActor="D0N2"/>
            <port dstActor="D0N5" name="p28" srcActor="D0N2"/>
            <port dstActor="D0N29" name="p29" srcActor="D0N2"/>
            <port dstActor="D0N36" name="p30" srcActor="D0N1"/>
            <port dstActor="D0N11" name="p31" srcActor="D0N1"/>
            <port dstActor="D0N17" name="p32" srcActor="D0N1"/>
            <port dstActor="D0N43" name="p33" srcActor="D0N1"/>
            <port dstActor="D0N42" name="p34" srcActor="D0N1"/>
            <port dstActor="D0N37" name="p35" srcActor="D0N1"/>
            <port dstActor="D0N44" name="p36" srcActor="D0N1"/>
            <port dstActor="D0N2" name="p37" srcActor="D0N1"/>
            <port dstActor="D0N48" name="p38" srcActor="D0N32"/>
            <port dstActor="D0N39" name="p39" srcActor="D0N32"/>
            <port dstActor="D0N41" name="p40" srcActor="D0N32"/>
            <port dstActor="D0N25" name="p41" srcActor="D0N21"/>
            <port dstActor="D0N28" name="p42" srcActor="D0N21"/>
            <port dstActor="D0N32" name="p43" srcActor="D0N29"/>
            <port dstActor="D0N40" name="p44" srcActor="D0N29"/>
            <port dstActor="D0N48" name="p45" srcActor="D0N29"/>
            <port dstActor="D0N28" name="p46" srcActor="D0N3"/>
            <port dstActor="D0N17" name="p47" srcActor="D0N3"/>
            <port dstActor="D0N36" name="p48" srcActor="D0N3"/>
            <port dstActor="D0N31" name="p49" srcActor="D0N25"/>
            <port dstActor="D0N38" name="p50" srcActor="D0N25"/>
            <port dstActor="D0N22" name="p51" srcActor="D0N5"/>
            <port dstActor="D0N9" name="p52" srcActor="D0N5"/>
            <port dstActor="D0N17" name="p53" srcActor="D0N5"/>
            <port dstActor="D0N36" name="p54" srcActor="D0N5"/>
            <port dstActor="D0N39" name="p55" srcActor="D0N5"/>
            <port dstActor="D0N37" name="p56" srcActor="D0N5"/>
            <port dstActor="D0N38" name="p57" srcActor="D0N5"/>
            <port dstActor="D0N31" name="p58" srcActor="D0N12"/>
            <port dstActor="D0N47" name="p59" srcActor="D0N12"/>
            <port dstActor="D0N16" name="p60" srcActor="D0N12"/>
            <port dstActor="D0N31" name="p61" srcActor="D0N28"/>
            <port dstActor="D0N35" name="p62" srcActor="D0N8"/>
            <port dstActor="D0N28" name="p63" srcActor="D0N8"/>
            <port dstActor="D0N42" name="p64" srcActor="D0N8"/>
            <port dstActor="D0N12" name="p65" srcActor="D0N8"/>
            <port dstActor="D0N9" name="p66" srcActor="D0N4"/>
            <port dstActor="D0N30" name="p67" srcActor="D0N4"/>
            <port dstActor="D0N20" name="p68" srcActor="D0N4"/>
            <port dstActor="D0N12" name="p69" srcActor="D0N4"/>
            <port dstActor="D0N22" name="p70" srcActor="D0N4"/>
            <port dstActor="D0N27" name="p71" srcActor="D0N4"/>
            <port dstActor="D0N38" name="p72" srcActor="D0N4"/>
            <port dstActor="D0N45" name="p73" srcActor="D0N44"/>
            <port dstActor="D0N43" name="p74" srcActor="D0N33"/>
            <port dstActor="D0N28" name="p75" srcActor="D0N9"/>
            <port dstActor="D0N33" name="p76" srcActor="D0N9"/>
            <port dstActor="D0N30" name="p77" srcActor="D0N16"/>
            <port dstActor="D0N45" name="p78" srcActor="D0N16"/>
            <port dstActor="D0N38" name="p79" srcActor="D0N16"/>
            <port dstActor="D0N46" name="p80" srcActor="D0N16"/>
            <port dstActor="D0N47" name="p81" srcActor="D0N16"/>
            <port dstActor="D0N37" name="p82" srcActor="D0N16"/>
            <port dstActor="D0N19" name="p83" srcActor="D0N16"/>
            <port dstActor="D0N20" name="p84" srcActor="D0N16"/>
            <port dstActor="D0N44" name="p85" srcActor="D0N35"/>
            <port dstActor="D0N38" name="p86" srcActor="D0N35"/>
            <port dstActor="D0N46" name="p87" srcActor="D0N35"/>
            <port dstActor="D0N40" name="p88" srcActor="D0N35"/>
            <port dstActor="D0N41" name="p89" srcActor="D0N11"/>
            <port dstActor="D0N33" name="p90" srcActor="D0N11"/>
            <port dstActor="D0N12" name="p91" srcActor="D0N11"/>
            <port dstActor="D0N26" name="p92" srcActor="D0N11"/>
            <port dstActor="D0N40" name="p93" srcActor="D0N22"/>
            <port dstActor="D0N42" name="p94" srcActor="D0N7"/>
            <port dstActor="D0N46" name="p95" srcActor="D0N7"/>
            <port dstActor="D0N41" name="p96" srcActor="D0N7"/>
            <port dstActor="D0N14" name="p97" srcActor="D0N7"/>
            <port dstActor="D0N17" name="p98" srcActor="D0N7"/>
            <port dstActor="D0N24" name="p99" srcActor="D0N7"/>
            <port dstActor="D0N44" name="p100" srcActor="D0N15"/>
            <port dstActor="D0N37" name="p101" srcActor="D0N15"/>
            <port dstActor="D0N45" name="p102" srcActor="D0N20"/>
            <port dstActor="D0N47" name="p103" srcActor="D0N20"/>
            <port dstActor="D0N21" name="p104" srcActor="D0N20"/>
            <port dstActor="D0N33" name="p105" srcActor="D0N20"/>
            <port dstActor="D0N34" name="p106" srcActor="D0N10"/>
            <port dstActor="D0N11" name="p107" srcActor="D0N6"/>
            <port dstActor="D0N30" name="p108" srcActor="D0N6"/>
            <port dstActor="D0N26" name="p109" srcActor="D0N6"/>
            <port dstActor="D0N32" name="p110" srcActor="D0N0"/>
            <port dstActor="D0N15" name="p111" srcActor="D0N0"/>
            <port dstActor="D0N20" name="p112" srcActor="D0N0"/>
            <port dstActor="D0N9" name="p113" srcActor="D0N0"/>
            <port dstActor="D0N30" name="p114" srcActor="D0N0"/>
            <port dstActor="D0N8" name="p115" srcActor="D0N0"/>
            <port dstActor="D0N33" name="p116" srcActor="D0N13"/>
            <port dstActor="D0N14" name="p117" srcActor="D0N13"/>
            <port dstActor="D0N32" name="p118" srcActor="D0N13"/>
            <port dstActor="D0N42" name="p119" srcActor="D0N27"/>
        </ports>
    </mcdag>
    <cores number="3"/>
    <levels number="2"/>
</mcsystem>
