<?xml version="1.0" encoding="UTF-8" standalone="no"?>
<mcsystem>
    <mcdag deadline="1800" name="genned-0-ed-10.0-0">
        <actor name="D0N3">
            <wcet number="0">10</wcet>
            <wcet number="1">10</wcet>
            <maxpow number="0.3710871695972179"/>
            <maxpow number="0.3710871695972179"/>
            <fprob>0.0</fprob>
        </actor>
        <actor name="D0N12">
            <wcet number="0">80</wcet>
            <wcet number="1">270</wcet>
            <maxpow number="0.4405483012395092"/>
            <maxpow number="0.4405483012395092"/>
            <fprob>0.0</fprob>
        </actor>
        <actor name="D0N23">
            <wcet number="0">110</wcet>
            <wcet number="1">140</wcet>
            <maxpow number="0.5624715253105744"/>
            <maxpow number="0.5624715253105744"/>
            <fprob>0.0</fprob>
        </actor>
        <actor name="D0N44">
            <wcet number="0">10</wcet>
            <wcet number="1">50</wcet>
            <maxpow number="0.3350829612714934"/>
            <maxpow number="0.3350829612714934"/>
            <fprob>0.0</fprob>
        </actor>
        <actor name="D0N1">
            <wcet number="0">10</wcet>
            <wcet number="1">50</wcet>
            <maxpow number="0.037337651857434206"/>
            <maxpow number="0.037337651857434206"/>
            <fprob>0.0</fprob>
        </actor>
        <actor name="D0N21">
            <wcet number="0">60</wcet>
            <wcet number="1">110</wcet>
            <maxpow number="0.5377109459779074"/>
            <maxpow number="0.5377109459779074"/>
            <fprob>0.0</fprob>
        </actor>
        <actor name="D0N36">
            <wcet number="0">20</wcet>
            <wcet number="1">80</wcet>
            <maxpow number="0.7215882958227395"/>
            <maxpow number="0.7215882958227395"/>
            <fprob>0.0</fprob>
        </actor>
        <actor name="D0N8">
            <wcet number="0">70</wcet>
            <wcet number="1">140</wcet>
            <maxpow number="0.5804402472805947"/>
            <maxpow number="0.5804402472805947"/>
            <fprob>0.0</fprob>
        </actor>
        <actor name="D0N40">
            <wcet number="0">20</wcet>
            <wcet number="1">20</wcet>
            <maxpow number="0.6392495547543804"/>
            <maxpow number="0.6392495547543804"/>
            <fprob>0.0</fprob>
        </actor>
        <actor name="D0N17">
            <wcet number="0">40</wcet>
            <wcet number="1">240</wcet>
            <maxpow number="0.5541162636671275"/>
            <maxpow number="0.5541162636671275"/>
            <fprob>0.0</fprob>
        </actor>
        <actor name="D0N33">
            <wcet number="0">10</wcet>
            <wcet number="1">130</wcet>
            <maxpow number="0.4833427977438204"/>
            <maxpow number="0.4833427977438204"/>
            <fprob>0.0</fprob>
        </actor>
        <actor name="D0N16">
            <wcet number="0">20</wcet>
            <wcet number="1">30</wcet>
            <maxpow number="0.3372054913606124"/>
            <maxpow number="0.3372054913606124"/>
            <fprob>0.0</fprob>
        </actor>
        <actor name="D0N28">
            <wcet number="0">30</wcet>
            <wcet number="1">50</wcet>
            <maxpow number="0.4822002078063794"/>
            <maxpow number="0.4822002078063794"/>
            <fprob>0.0</fprob>
        </actor>
        <actor name="D0N20">
            <wcet number="0">10</wcet>
            <wcet number="1">60</wcet>
            <maxpow number="0.4862492137454373"/>
            <maxpow number="0.4862492137454373"/>
            <fprob>0.0</fprob>
        </actor>
        <actor name="D0N13">
            <wcet number="0">20</wcet>
            <wcet number="1">40</wcet>
            <maxpow number="0.2585042324545506"/>
            <maxpow number="0.2585042324545506"/>
            <fprob>0.0</fprob>
        </actor>
        <actor name="D0N25">
            <wcet number="0">10</wcet>
            <wcet number="1">20</wcet>
            <maxpow number="0.4554516322197618"/>
            <maxpow number="0.4554516322197618"/>
            <fprob>0.0</fprob>
        </actor>
        <actor name="D0N31">
            <wcet number="0">20</wcet>
            <wcet number="1">50</wcet>
            <maxpow number="0.5533932421346094"/>
            <maxpow number="0.5533932421346094"/>
            <fprob>0.0</fprob>
        </actor>
        <actor name="D0N18">
            <wcet number="0">20</wcet>
            <wcet number="1">100</wcet>
            <maxpow number="0.2685468278394899"/>
            <maxpow number="0.2685468278394899"/>
            <fprob>0.0</fprob>
        </actor>
        <actor name="D0N11">
            <wcet number="0">20</wcet>
            <wcet number="1">30</wcet>
            <maxpow number="0.6391316189729547"/>
            <maxpow number="0.6391316189729547"/>
            <fprob>0.0</fprob>
        </actor>
        <actor name="D0N35">
            <wcet number="0">60</wcet>
            <wcet number="1">120</wcet>
            <maxpow number="0.565688681782097"/>
            <maxpow number="0.565688681782097"/>
            <fprob>0.0</fprob>
        </actor>
        <actor name="D0N38">
            <wcet number="0">160</wcet>
            <wcet number="1">170</wcet>
            <maxpow number="0.7006286006208093"/>
            <maxpow number="0.7006286006208093"/>
            <fprob>0.0</fprob>
        </actor>
        <actor name="D0N2">
            <wcet number="0">10</wcet>
            <wcet number="1">20</wcet>
            <maxpow number="0.7433143296260254"/>
            <maxpow number="0.7433143296260254"/>
            <fprob>0.0</fprob>
        </actor>
        <actor name="D0N30">
            <wcet number="0">130</wcet>
            <wcet number="1">250</wcet>
            <maxpow number="0.44638077447896324"/>
            <maxpow number="0.44638077447896324"/>
            <fprob>0.0</fprob>
        </actor>
        <actor name="D0N9">
            <wcet number="0">90</wcet>
            <wcet number="1">120</wcet>
            <maxpow number="0.43272705584150156"/>
            <maxpow number="0.43272705584150156"/>
            <fprob>0.0</fprob>
        </actor>
        <actor name="D0N37">
            <wcet number="0">80</wcet>
            <wcet number="1">100</wcet>
            <maxpow number="0.7988636912760567"/>
            <maxpow number="0.7988636912760567"/>
            <fprob>0.0</fprob>
        </actor>
        <actor name="D0N0">
            <wcet number="0">40</wcet>
            <wcet number="1">40</wcet>
            <maxpow number="0.6907881236279333"/>
            <maxpow number="0.6907881236279333"/>
            <fprob>0.0</fprob>
        </actor>
        <actor name="D0N4">
            <wcet number="0">10</wcet>
            <wcet number="1">10</wcet>
            <maxpow number="0.6185077217629623"/>
            <maxpow number="0.6185077217629623"/>
            <fprob>0.0</fprob>
        </actor>
        <actor name="D0N39">
            <wcet number="0">20</wcet>
            <wcet number="1">80</wcet>
            <maxpow number="0.9867808417017563"/>
            <maxpow number="0.9867808417017563"/>
            <fprob>0.0</fprob>
        </actor>
        <actor name="D0N26">
            <wcet number="0">70</wcet>
            <wcet number="1">90</wcet>
            <maxpow number="0.4315640732602667"/>
            <maxpow number="0.4315640732602667"/>
            <fprob>0.0</fprob>
        </actor>
        <actor name="D0N24">
            <wcet number="0">60</wcet>
            <wcet number="1">60</wcet>
            <maxpow number="0.831184802750309"/>
            <maxpow number="0.831184802750309"/>
            <fprob>0.0</fprob>
        </actor>
        <actor name="D0N10">
            <wcet number="0">80</wcet>
            <wcet number="1">160</wcet>
            <maxpow number="0.8074806812450582"/>
            <maxpow number="0.8074806812450582"/>
            <fprob>0.0</fprob>
        </actor>
        <actor name="D0N45">
            <wcet number="0">20</wcet>
            <wcet number="1">50</wcet>
            <maxpow number="0.48626099859567956"/>
            <maxpow number="0.48626099859567956"/>
            <fprob>0.0</fprob>
        </actor>
        <actor name="D0N32">
            <wcet number="0">10</wcet>
            <wcet number="1">10</wcet>
            <maxpow number="0.36239558553945783"/>
            <maxpow number="0.36239558553945783"/>
            <fprob>0.0</fprob>
        </actor>
        <actor name="D0N14">
            <wcet number="0">150</wcet>
            <wcet number="1">190</wcet>
            <maxpow number="0.2793523542321555"/>
            <maxpow number="0.2793523542321555"/>
            <fprob>0.0</fprob>
        </actor>
        <actor name="D0N42">
            <wcet number="0">70</wcet>
            <wcet number="1">80</wcet>
            <maxpow number="0.5282338528264128"/>
            <maxpow number="0.5282338528264128"/>
            <fprob>0.0</fprob>
        </actor>
        <actor name="D0N41">
            <wcet number="0">10</wcet>
            <wcet number="1">40</wcet>
            <maxpow number="0.5419181787695855"/>
            <maxpow number="0.5419181787695855"/>
            <fprob>0.0</fprob>
        </actor>
        <actor name="D0N15">
            <wcet number="0">50</wcet>
            <wcet number="1">150</wcet>
            <maxpow number="0.9693405389559651"/>
            <maxpow number="0.9693405389559651"/>
            <fprob>0.0</fprob>
        </actor>
        <actor name="D0N43">
            <wcet number="0">10</wcet>
            <wcet number="1">10</wcet>
            <maxpow number="0.3690170453461089"/>
            <maxpow number="0.3690170453461089"/>
            <fprob>0.0</fprob>
        </actor>
        <actor name="D0N22">
            <wcet number="0">120</wcet>
            <wcet number="1">120</wcet>
            <maxpow number="0.6541695606390469"/>
            <maxpow number="0.6541695606390469"/>
            <fprob>0.0</fprob>
        </actor>
        <actor name="D0N47">
            <wcet number="0">10</wcet>
            <wcet number="1">20</wcet>
            <maxpow number="0.6518447615280958"/>
            <maxpow number="0.6518447615280958"/>
            <fprob>0.0</fprob>
        </actor>
        <actor name="D0N5">
            <wcet number="0">20</wcet>
            <wcet number="1">60</wcet>
            <maxpow number="0.0822257121930472"/>
            <maxpow number="0.0822257121930472"/>
            <fprob>0.0</fprob>
        </actor>
        <actor name="D0N7">
            <wcet number="0">10</wcet>
            <wcet number="1">10</wcet>
            <maxpow number="0.3418650439378539"/>
            <maxpow number="0.3418650439378539"/>
            <fprob>0.0</fprob>
        </actor>
        <actor name="D0N27">
            <wcet number="0">40</wcet>
            <wcet number="1">220</wcet>
            <maxpow number="0.6592746765923297"/>
            <maxpow number="0.6592746765923297"/>
            <fprob>0.0</fprob>
        </actor>
        <actor name="D0N6">
            <wcet number="0">10</wcet>
            <wcet number="1">50</wcet>
            <maxpow number="0.5917923168771606"/>
            <maxpow number="0.5917923168771606"/>
            <fprob>0.0</fprob>
        </actor>
        <actor name="D0N19">
            <wcet number="0">50</wcet>
            <wcet number="1">50</wcet>
            <maxpow number="0.5354794021468908"/>
            <maxpow number="0.5354794021468908"/>
            <fprob>0.0</fprob>
        </actor>
        <actor name="D0N29">
            <wcet number="0">50</wcet>
            <wcet number="1">90</wcet>
            <maxpow number="0.7948797024611823"/>
            <maxpow number="0.7948797024611823"/>
            <fprob>0.0</fprob>
        </actor>
        <actor name="D0N46">
            <wcet number="0">30</wcet>
            <wcet number="1">30</wcet>
            <maxpow number="0.7819910111842338"/>
            <maxpow number="0.7819910111842338"/>
            <fprob>0.0</fprob>
        </actor>
        <actor name="D0N34">
            <wcet number="0">120</wcet>
            <wcet number="1">120</wcet>
            <maxpow number="0.6782403264264615"/>
            <maxpow number="0.6782403264264615"/>
            <fprob>0.0</fprob>
        </actor>
        <ports>
            <port dstActor="D0N23" name="p0" srcActor="D0N3"/>
            <port dstActor="D0N39" name="p1" srcActor="D0N3"/>
            <port dstActor="D0N14" name="p2" srcActor="D0N3"/>
            <port dstActor="D0N19" name="p3" srcActor="D0N12"/>
            <port dstActor="D0N43" name="p4" srcActor="D0N12"/>
            <port dstActor="D0N35" name="p5" srcActor="D0N23"/>
            <port dstActor="D0N27" name="p6" srcActor="D0N23"/>
            <port dstActor="D0N40" name="p7" srcActor="D0N23"/>
            <port dstActor="D0N25" name="p8" srcActor="D0N23"/>
            <port dstActor="D0N18" name="p9" srcActor="D0N1"/>
            <port dstActor="D0N22" name="p10" srcActor="D0N1"/>
            <port dstActor="D0N20" name="p11" srcActor="D0N1"/>
            <port dstActor="D0N40" name="p12" srcActor="D0N1"/>
            <port dstActor="D0N3" name="p13" srcActor="D0N1"/>
            <port dstActor="D0N27" name="p14" srcActor="D0N1"/>
            <port dstActor="D0N13" name="p15" srcActor="D0N1"/>
            <port dstActor="D0N8" name="p16" srcActor="D0N1"/>
            <port dstActor="D0N14" name="p17" srcActor="D0N1"/>
            <port dstActor="D0N15" name="p18" srcActor="D0N1"/>
            <port dstActor="D0N31" name="p19" srcActor="D0N1"/>
            <port dstActor="D0N32" name="p20" srcActor="D0N21"/>
            <port dstActor="D0N35" name="p21" srcActor="D0N21"/>
            <port dstActor="D0N43" name="p22" srcActor="D0N21"/>
            <port dstActor="D0N41" name="p23" srcActor="D0N21"/>
            <port dstActor="D0N37" name="p24" srcActor="D0N36"/>
            <port dstActor="D0N16" name="p25" srcActor="D0N8"/>
            <port dstActor="D0N42" name="p26" srcActor="D0N17"/>
            <port dstActor="D0N30" name="p27" srcActor="D0N17"/>
            <port dstActor="D0N38" name="p28" srcActor="D0N33"/>
            <port dstActor="D0N47" name="p29" srcActor="D0N33"/>
            <port dstActor="D0N30" name="p30" srcActor="D0N16"/>
            <port dstActor="D0N20" name="p31" srcActor="D0N16"/>
            <port dstActor="D0N39" name="p32" srcActor="D0N20"/>
            <port dstActor="D0N31" name="p33" srcActor="D0N20"/>
            <port dstActor="D0N35" name="p34" srcActor="D0N20"/>
            <port dstActor="D0N30" name="p35" srcActor="D0N20"/>
            <port dstActor="D0N40" name="p36" srcActor="D0N20"/>
            <port dstActor="D0N41" name="p37" srcActor="D0N13"/>
            <port dstActor="D0N34" name="p38" srcActor="D0N13"/>
            <port dstActor="D0N46" name="p39" srcActor="D0N13"/>
            <port dstActor="D0N39" name="p40" srcActor="D0N13"/>
            <port dstActor="D0N46" name="p41" srcActor="D0N25"/>
            <port dstActor="D0N33" name="p42" srcActor="D0N25"/>
            <port dstActor="D0N43" name="p43" srcActor="D0N31"/>
            <port dstActor="D0N35" name="p44" srcActor="D0N31"/>
            <port dstActor="D0N37" name="p45" srcActor="D0N18"/>
            <port dstActor="D0N35" name="p46" srcActor="D0N18"/>
            <port dstActor="D0N27" name="p47" srcActor="D0N18"/>
            <port dstActor="D0N33" name="p48" srcActor="D0N18"/>
            <port dstActor="D0N32" name="p49" srcActor="D0N18"/>
            <port dstActor="D0N12" name="p50" srcActor="D0N11"/>
            <port dstActor="D0N14" name="p51" srcActor="D0N11"/>
            <port dstActor="D0N35" name="p52" srcActor="D0N11"/>
            <port dstActor="D0N40" name="p53" srcActor="D0N38"/>
            <port dstActor="D0N8" name="p54" srcActor="D0N2"/>
            <port dstActor="D0N38" name="p55" srcActor="D0N2"/>
            <port dstActor="D0N17" name="p56" srcActor="D0N2"/>
            <port dstActor="D0N34" name="p57" srcActor="D0N2"/>
            <port dstActor="D0N14" name="p58" srcActor="D0N2"/>
            <port dstActor="D0N46" name="p59" srcActor="D0N30"/>
            <port dstActor="D0N47" name="p60" srcActor="D0N30"/>
            <port dstActor="D0N40" name="p61" srcActor="D0N30"/>
            <port dstActor="D0N32" name="p62" srcActor="D0N9"/>
            <port dstActor="D0N46" name="p63" srcActor="D0N9"/>
            <port dstActor="D0N31" name="p64" srcActor="D0N9"/>
            <port dstActor="D0N22" name="p65" srcActor="D0N0"/>
            <port dstActor="D0N11" name="p66" srcActor="D0N0"/>
            <port dstActor="D0N14" name="p67" srcActor="D0N0"/>
            <port dstActor="D0N10" name="p68" srcActor="D0N0"/>
            <port dstActor="D0N29" name="p69" srcActor="D0N0"/>
            <port dstActor="D0N21" name="p70" srcActor="D0N0"/>
            <port dstActor="D0N33" name="p71" srcActor="D0N0"/>
            <port dstActor="D0N8" name="p72" srcActor="D0N0"/>
            <port dstActor="D0N27" name="p73" srcActor="D0N0"/>
            <port dstActor="D0N9" name="p74" srcActor="D0N0"/>
            <port dstActor="D0N13" name="p75" srcActor="D0N4"/>
            <port dstActor="D0N30" name="p76" srcActor="D0N4"/>
            <port dstActor="D0N26" name="p77" srcActor="D0N4"/>
            <port dstActor="D0N43" name="p78" srcActor="D0N4"/>
            <port dstActor="D0N39" name="p79" srcActor="D0N4"/>
            <port dstActor="D0N25" name="p80" srcActor="D0N4"/>
            <port dstActor="D0N47" name="p81" srcActor="D0N39"/>
            <port dstActor="D0N37" name="p82" srcActor="D0N26"/>
            <port dstActor="D0N35" name="p83" srcActor="D0N26"/>
            <port dstActor="D0N31" name="p84" srcActor="D0N24"/>
            <port dstActor="D0N41" name="p85" srcActor="D0N24"/>
            <port dstActor="D0N27" name="p86" srcActor="D0N10"/>
            <port dstActor="D0N38" name="p87" srcActor="D0N10"/>
            <port dstActor="D0N28" name="p88" srcActor="D0N10"/>
            <port dstActor="D0N13" name="p89" srcActor="D0N10"/>
            <port dstActor="D0N37" name="p90" srcActor="D0N10"/>
            <port dstActor="D0N47" name="p91" srcActor="D0N10"/>
            <port dstActor="D0N31" name="p92" srcActor="D0N14"/>
            <port dstActor="D0N29" name="p93" srcActor="D0N14"/>
            <port dstActor="D0N24" name="p94" srcActor="D0N14"/>
            <port dstActor="D0N30" name="p95" srcActor="D0N14"/>
            <port dstActor="D0N44" name="p96" srcActor="D0N42"/>
            <port dstActor="D0N23" name="p97" srcActor="D0N15"/>
            <port dstActor="D0N21" name="p98" srcActor="D0N15"/>
            <port dstActor="D0N47" name="p99" srcActor="D0N15"/>
            <port dstActor="D0N28" name="p100" srcActor="D0N22"/>
            <port dstActor="D0N26" name="p101" srcActor="D0N5"/>
            <port dstActor="D0N13" name="p102" srcActor="D0N5"/>
            <port dstActor="D0N34" name="p103" srcActor="D0N5"/>
            <port dstActor="D0N22" name="p104" srcActor="D0N5"/>
            <port dstActor="D0N6" name="p105" srcActor="D0N5"/>
            <port dstActor="D0N32" name="p106" srcActor="D0N5"/>
            <port dstActor="D0N38" name="p107" srcActor="D0N5"/>
            <port dstActor="D0N31" name="p108" srcActor="D0N7"/>
            <port dstActor="D0N40" name="p109" srcActor="D0N7"/>
            <port dstActor="D0N12" name="p110" srcActor="D0N7"/>
            <port dstActor="D0N24" name="p111" srcActor="D0N7"/>
            <port dstActor="D0N46" name="p112" srcActor="D0N27"/>
            <port dstActor="D0N15" name="p113" srcActor="D0N6"/>
            <port dstActor="D0N13" name="p114" srcActor="D0N6"/>
            <port dstActor="D0N26" name="p115" srcActor="D0N6"/>
            <port dstActor="D0N10" name="p116" srcActor="D0N6"/>
            <port dstActor="D0N31" name="p117" srcActor="D0N6"/>
            <port dstActor="D0N35" name="p118" srcActor="D0N6"/>
            <port dstActor="D0N43" name="p119" srcActor="D0N19"/>
            <port dstActor="D0N42" name="p120" srcActor="D0N29"/>
        </ports>
    </mcdag>
    <cores number="3"/>
    <levels number="2"/>
</mcsystem>
