<?xml version="1.0" encoding="UTF-8" standalone="no"?>
<mcsystem>
    <mcdag deadline="2000" name="genned-0-ed-10.0-0">
        <actor name="D0N7">
            <wcet number="0">40</wcet>
            <wcet number="1">90</wcet>
            <maxpow number="0.738713534376962"/>
            <maxpow number="0.738713534376962"/>
            <fprob>0.0</fprob>
        </actor>
        <actor name="D0N42">
            <wcet number="0">10</wcet>
            <wcet number="1">10</wcet>
            <maxpow number="0.5451083234570047"/>
            <maxpow number="0.5451083234570047"/>
            <fprob>0.0</fprob>
        </actor>
        <actor name="D0N10">
            <wcet number="0">20</wcet>
            <wcet number="1">20</wcet>
            <maxpow number="0.3095607626346569"/>
            <maxpow number="0.3095607626346569"/>
            <fprob>0.0</fprob>
        </actor>
        <actor name="D0N14">
            <wcet number="0">30</wcet>
            <wcet number="1">100</wcet>
            <maxpow number="0.6099901236216727"/>
            <maxpow number="0.6099901236216727"/>
            <fprob>0.0</fprob>
        </actor>
        <actor name="D0N21">
            <wcet number="0">10</wcet>
            <wcet number="1">10</wcet>
            <maxpow number="0.39184556939253556"/>
            <maxpow number="0.39184556939253556"/>
            <fprob>0.0</fprob>
        </actor>
        <actor name="D0N4">
            <wcet number="0">40</wcet>
            <wcet number="1">50</wcet>
            <maxpow number="0.44778012892899843"/>
            <maxpow number="0.44778012892899843"/>
            <fprob>0.0</fprob>
        </actor>
        <actor name="D0N41">
            <wcet number="0">110</wcet>
            <wcet number="1">220</wcet>
            <maxpow number="0.41567678800264474"/>
            <maxpow number="0.41567678800264474"/>
            <fprob>0.0</fprob>
        </actor>
        <actor name="D0N5">
            <wcet number="0">20</wcet>
            <wcet number="1">40</wcet>
            <maxpow number="0.5838233360317691"/>
            <maxpow number="0.5838233360317691"/>
            <fprob>0.0</fprob>
        </actor>
        <actor name="D0N22">
            <wcet number="0">180</wcet>
            <wcet number="1">200</wcet>
            <maxpow number="0.5193740356070864"/>
            <maxpow number="0.5193740356070864"/>
            <fprob>0.0</fprob>
        </actor>
        <actor name="D0N15">
            <wcet number="0">160</wcet>
            <wcet number="1">220</wcet>
            <maxpow number="0.4362896710130856"/>
            <maxpow number="0.4362896710130856"/>
            <fprob>0.0</fprob>
        </actor>
        <actor name="D0N43">
            <wcet number="0">50</wcet>
            <wcet number="1">60</wcet>
            <maxpow number="0.45712755821167467"/>
            <maxpow number="0.45712755821167467"/>
            <fprob>0.0</fprob>
        </actor>
        <actor name="D0N20">
            <wcet number="0">10</wcet>
            <wcet number="1">10</wcet>
            <maxpow number="0.5397072708395404"/>
            <maxpow number="0.5397072708395404"/>
            <fprob>0.0</fprob>
        </actor>
        <actor name="D0N36">
            <wcet number="0">10</wcet>
            <wcet number="1">150</wcet>
            <maxpow number="0.24304302371675446"/>
            <maxpow number="0.24304302371675446"/>
            <fprob>0.0</fprob>
        </actor>
        <actor name="D0N37">
            <wcet number="0">20</wcet>
            <wcet number="1">20</wcet>
            <maxpow number="0.45573378378733803"/>
            <maxpow number="0.45573378378733803"/>
            <fprob>0.0</fprob>
        </actor>
        <actor name="D0N11">
            <wcet number="0">320</wcet>
            <wcet number="1">340</wcet>
            <maxpow number="0.2898692946155359"/>
            <maxpow number="0.2898692946155359"/>
            <fprob>0.0</fprob>
        </actor>
        <actor name="D0N38">
            <wcet number="0">220</wcet>
            <wcet number="1">220</wcet>
            <maxpow number="0.7190795344230849"/>
            <maxpow number="0.7190795344230849"/>
            <fprob>0.0</fprob>
        </actor>
        <actor name="D0N19">
            <wcet number="0">210</wcet>
            <wcet number="1">280</wcet>
            <maxpow number="0.27572911276429857"/>
            <maxpow number="0.27572911276429857"/>
            <fprob>0.0</fprob>
        </actor>
        <actor name="D0N30">
            <wcet number="0">20</wcet>
            <wcet number="1">60</wcet>
            <maxpow number="0.47500323258324084"/>
            <maxpow number="0.47500323258324084"/>
            <fprob>0.0</fprob>
        </actor>
        <actor name="D0N6">
            <wcet number="0">170</wcet>
            <wcet number="1">230</wcet>
            <maxpow number="0.7114774127409298"/>
            <maxpow number="0.7114774127409298"/>
            <fprob>0.0</fprob>
        </actor>
        <actor name="D0N17">
            <wcet number="0">50</wcet>
            <wcet number="1">70</wcet>
            <maxpow number="0.502422290713529"/>
            <maxpow number="0.502422290713529"/>
            <fprob>0.0</fprob>
        </actor>
        <actor name="D0N40">
            <wcet number="0">10</wcet>
            <wcet number="1">110</wcet>
            <maxpow number="0.4907032568602896"/>
            <maxpow number="0.4907032568602896"/>
            <fprob>0.0</fprob>
        </actor>
        <actor name="D0N32">
            <wcet number="0">10</wcet>
            <wcet number="1">20</wcet>
            <maxpow number="0.4473667165126832"/>
            <maxpow number="0.4473667165126832"/>
            <fprob>0.0</fprob>
        </actor>
        <actor name="D0N0">
            <wcet number="0">10</wcet>
            <wcet number="1">30</wcet>
            <maxpow number="0.7942416472471547"/>
            <maxpow number="0.7942416472471547"/>
            <fprob>0.0</fprob>
        </actor>
        <actor name="D0N25">
            <wcet number="0">10</wcet>
            <wcet number="1">10</wcet>
            <maxpow number="0.39546272554684625"/>
            <maxpow number="0.39546272554684625"/>
            <fprob>0.0</fprob>
        </actor>
        <actor name="D0N33">
            <wcet number="0">20</wcet>
            <wcet number="1">20</wcet>
            <maxpow number="0.8156710905918614"/>
            <maxpow number="0.8156710905918614"/>
            <fprob>0.0</fprob>
        </actor>
        <actor name="D0N2">
            <wcet number="0">10</wcet>
            <wcet number="1">10</wcet>
            <maxpow number="0.6557265174136273"/>
            <maxpow number="0.6557265174136273"/>
            <fprob>0.0</fprob>
        </actor>
        <actor name="D0N1">
            <wcet number="0">50</wcet>
            <wcet number="1">50</wcet>
            <maxpow number="0.6564585256356607"/>
            <maxpow number="0.6564585256356607"/>
            <fprob>0.0</fprob>
        </actor>
        <actor name="D0N28">
            <wcet number="0">10</wcet>
            <wcet number="1">10</wcet>
            <maxpow number="0.43197677162391"/>
            <maxpow number="0.43197677162391"/>
            <fprob>0.0</fprob>
        </actor>
        <actor name="D0N3">
            <wcet number="0">10</wcet>
            <wcet number="1">30</wcet>
            <maxpow number="0.48835558426715076"/>
            <maxpow number="0.48835558426715076"/>
            <fprob>0.0</fprob>
        </actor>
        <actor name="D0N26">
            <wcet number="0">160</wcet>
            <wcet number="1">170</wcet>
            <maxpow number="0.42479408679468095"/>
            <maxpow number="0.42479408679468095"/>
            <fprob>0.0</fprob>
        </actor>
        <actor name="D0N23">
            <wcet number="0">40</wcet>
            <wcet number="1">60</wcet>
            <maxpow number="0.7546927206279371"/>
            <maxpow number="0.7546927206279371"/>
            <fprob>0.0</fprob>
        </actor>
        <actor name="D0N39">
            <wcet number="0">30</wcet>
            <wcet number="1">110</wcet>
            <maxpow number="0.7721298985786289"/>
            <maxpow number="0.7721298985786289"/>
            <fprob>0.0</fprob>
        </actor>
        <actor name="D0N27">
            <wcet number="0">30</wcet>
            <wcet number="1">30</wcet>
            <maxpow number="0.6079032949245765"/>
            <maxpow number="0.6079032949245765"/>
            <fprob>0.0</fprob>
        </actor>
        <actor name="D0N46">
            <wcet number="0">10</wcet>
            <wcet number="1">20</wcet>
            <maxpow number="0.6653225440318686"/>
            <maxpow number="0.6653225440318686"/>
            <fprob>0.0</fprob>
        </actor>
        <actor name="D0N24">
            <wcet number="0">360</wcet>
            <wcet number="1">360</wcet>
            <maxpow number="0.4185882667157893"/>
            <maxpow number="0.4185882667157893"/>
            <fprob>0.0</fprob>
        </actor>
        <actor name="D0N18">
            <wcet number="0">20</wcet>
            <wcet number="1">30</wcet>
            <maxpow number="0.35476834606177865"/>
            <maxpow number="0.35476834606177865"/>
            <fprob>0.0</fprob>
        </actor>
        <actor name="D0N44">
            <wcet number="0">50</wcet>
            <wcet number="1">60</wcet>
            <maxpow number="0.6295632900340503"/>
            <maxpow number="0.6295632900340503"/>
            <fprob>0.0</fprob>
        </actor>
        <actor name="D0N45">
            <wcet number="0">10</wcet>
            <wcet number="1">10</wcet>
            <maxpow number="0.498526731408577"/>
            <maxpow number="0.498526731408577"/>
            <fprob>0.0</fprob>
        </actor>
        <actor name="D0N31">
            <wcet number="0">90</wcet>
            <wcet number="1">150</wcet>
            <maxpow number="0.6860443842184116"/>
            <maxpow number="0.6860443842184116"/>
            <fprob>0.0</fprob>
        </actor>
        <actor name="D0N34">
            <wcet number="0">20</wcet>
            <wcet number="1">320</wcet>
            <maxpow number="0.7079019143077767"/>
            <maxpow number="0.7079019143077767"/>
            <fprob>0.0</fprob>
        </actor>
        <actor name="D0N12">
            <wcet number="0">70</wcet>
            <wcet number="1">120</wcet>
            <maxpow number="0.6817762413881165"/>
            <maxpow number="0.6817762413881165"/>
            <fprob>0.0</fprob>
        </actor>
        <actor name="D0N35">
            <wcet number="0">30</wcet>
            <wcet number="1">30</wcet>
            <maxpow number="0.4204757600917687"/>
            <maxpow number="0.4204757600917687"/>
            <fprob>0.0</fprob>
        </actor>
        <actor name="D0N16">
            <wcet number="0">10</wcet>
            <wcet number="1">30</wcet>
            <maxpow number="0.7176099830003501"/>
            <maxpow number="0.7176099830003501"/>
            <fprob>0.0</fprob>
        </actor>
        <actor name="D0N29">
            <wcet number="0">30</wcet>
            <wcet number="1">30</wcet>
            <maxpow number="0.7540731672772982"/>
            <maxpow number="0.7540731672772982"/>
            <fprob>0.0</fprob>
        </actor>
        <actor name="D0N8">
            <wcet number="0">120</wcet>
            <wcet number="1">200</wcet>
            <maxpow number="0.4107355911045774"/>
            <maxpow number="0.4107355911045774"/>
            <fprob>0.0</fprob>
        </actor>
        <actor name="D0N13">
            <wcet number="0">70</wcet>
            <wcet number="1">70</wcet>
            <maxpow number="0.5580356615101105"/>
            <maxpow number="0.5580356615101105"/>
            <fprob>0.0</fprob>
        </actor>
        <actor name="D0N9">
            <wcet number="0">70</wcet>
            <wcet number="1">110</wcet>
            <maxpow number="0.5711295209003496"/>
            <maxpow number="0.5711295209003496"/>
            <fprob>0.0</fprob>
        </actor>
        <ports>
            <port dstActor="D0N30" name="p0" srcActor="D0N7"/>
            <port dstActor="D0N46" name="p1" srcActor="D0N7"/>
            <port dstActor="D0N8" name="p2" srcActor="D0N7"/>
            <port dstActor="D0N31" name="p3" srcActor="D0N7"/>
            <port dstActor="D0N12" name="p4" srcActor="D0N7"/>
            <port dstActor="D0N43" name="p5" srcActor="D0N7"/>
            <port dstActor="D0N38" name="p6" srcActor="D0N10"/>
            <port dstActor="D0N25" name="p7" srcActor="D0N10"/>
            <port dstActor="D0N37" name="p8" srcActor="D0N10"/>
            <port dstActor="D0N26" name="p9" srcActor="D0N14"/>
            <port dstActor="D0N27" name="p10" srcActor="D0N14"/>
            <port dstActor="D0N23" name="p11" srcActor="D0N14"/>
            <port dstActor="D0N30" name="p12" srcActor="D0N21"/>
            <port dstActor="D0N44" name="p13" srcActor="D0N21"/>
            <port dstActor="D0N29" name="p14" srcActor="D0N21"/>
            <port dstActor="D0N24" name="p15" srcActor="D0N21"/>
            <port dstActor="D0N5" name="p16" srcActor="D0N4"/>
            <port dstActor="D0N12" name="p17" srcActor="D0N4"/>
            <port dstActor="D0N33" name="p18" srcActor="D0N4"/>
            <port dstActor="D0N42" name="p19" srcActor="D0N4"/>
            <port dstActor="D0N22" name="p20" srcActor="D0N5"/>
            <port dstActor="D0N24" name="p21" srcActor="D0N5"/>
            <port dstActor="D0N32" name="p22" srcActor="D0N5"/>
            <port dstActor="D0N43" name="p23" srcActor="D0N5"/>
            <port dstActor="D0N45" name="p24" srcActor="D0N22"/>
            <port dstActor="D0N37" name="p25" srcActor="D0N22"/>
            <port dstActor="D0N23" name="p26" srcActor="D0N15"/>
            <port dstActor="D0N28" name="p27" srcActor="D0N15"/>
            <port dstActor="D0N45" name="p28" srcActor="D0N15"/>
            <port dstActor="D0N40" name="p29" srcActor="D0N15"/>
            <port dstActor="D0N29" name="p30" srcActor="D0N15"/>
            <port dstActor="D0N44" name="p31" srcActor="D0N43"/>
            <port dstActor="D0N40" name="p32" srcActor="D0N36"/>
            <port dstActor="D0N45" name="p33" srcActor="D0N37"/>
            <port dstActor="D0N44" name="p34" srcActor="D0N11"/>
            <port dstActor="D0N26" name="p35" srcActor="D0N11"/>
            <port dstActor="D0N15" name="p36" srcActor="D0N11"/>
            <port dstActor="D0N41" name="p37" srcActor="D0N30"/>
            <port dstActor="D0N33" name="p38" srcActor="D0N30"/>
            <port dstActor="D0N11" name="p39" srcActor="D0N6"/>
            <port dstActor="D0N18" name="p40" srcActor="D0N17"/>
            <port dstActor="D0N22" name="p41" srcActor="D0N17"/>
            <port dstActor="D0N29" name="p42" srcActor="D0N17"/>
            <port dstActor="D0N44" name="p43" srcActor="D0N17"/>
            <port dstActor="D0N41" name="p44" srcActor="D0N40"/>
            <port dstActor="D0N44" name="p45" srcActor="D0N32"/>
            <port dstActor="D0N40" name="p46" srcActor="D0N32"/>
            <port dstActor="D0N40" name="p47" srcActor="D0N0"/>
            <port dstActor="D0N43" name="p48" srcActor="D0N0"/>
            <port dstActor="D0N41" name="p49" srcActor="D0N0"/>
            <port dstActor="D0N38" name="p50" srcActor="D0N0"/>
            <port dstActor="D0N37" name="p51" srcActor="D0N0"/>
            <port dstActor="D0N13" name="p52" srcActor="D0N0"/>
            <port dstActor="D0N9" name="p53" srcActor="D0N0"/>
            <port dstActor="D0N42" name="p54" srcActor="D0N0"/>
            <port dstActor="D0N38" name="p55" srcActor="D0N33"/>
            <port dstActor="D0N37" name="p56" srcActor="D0N33"/>
            <port dstActor="D0N22" name="p57" srcActor="D0N2"/>
            <port dstActor="D0N16" name="p58" srcActor="D0N2"/>
            <port dstActor="D0N35" name="p59" srcActor="D0N2"/>
            <port dstActor="D0N24" name="p60" srcActor="D0N2"/>
            <port dstActor="D0N38" name="p61" srcActor="D0N2"/>
            <port dstActor="D0N37" name="p62" srcActor="D0N1"/>
            <port dstActor="D0N32" name="p63" srcActor="D0N1"/>
            <port dstActor="D0N46" name="p64" srcActor="D0N1"/>
            <port dstActor="D0N33" name="p65" srcActor="D0N26"/>
            <port dstActor="D0N38" name="p66" srcActor="D0N23"/>
            <port dstActor="D0N35" name="p67" srcActor="D0N23"/>
            <port dstActor="D0N46" name="p68" srcActor="D0N23"/>
            <port dstActor="D0N31" name="p69" srcActor="D0N27"/>
            <port dstActor="D0N38" name="p70" srcActor="D0N27"/>
            <port dstActor="D0N29" name="p71" srcActor="D0N24"/>
            <port dstActor="D0N34" name="p72" srcActor="D0N24"/>
            <port dstActor="D0N21" name="p73" srcActor="D0N18"/>
            <port dstActor="D0N38" name="p74" srcActor="D0N18"/>
            <port dstActor="D0N39" name="p75" srcActor="D0N18"/>
            <port dstActor="D0N28" name="p76" srcActor="D0N18"/>
            <port dstActor="D0N34" name="p77" srcActor="D0N31"/>
            <port dstActor="D0N41" name="p78" srcActor="D0N34"/>
            <port dstActor="D0N23" name="p79" srcActor="D0N12"/>
            <port dstActor="D0N46" name="p80" srcActor="D0N12"/>
            <port dstActor="D0N25" name="p81" srcActor="D0N12"/>
            <port dstActor="D0N41" name="p82" srcActor="D0N35"/>
            <port dstActor="D0N36" name="p83" srcActor="D0N35"/>
            <port dstActor="D0N40" name="p84" srcActor="D0N35"/>
            <port dstActor="D0N21" name="p85" srcActor="D0N16"/>
            <port dstActor="D0N38" name="p86" srcActor="D0N29"/>
            <port dstActor="D0N40" name="p87" srcActor="D0N29"/>
            <port dstActor="D0N21" name="p88" srcActor="D0N8"/>
            <port dstActor="D0N36" name="p89" srcActor="D0N8"/>
            <port dstActor="D0N18" name="p90" srcActor="D0N8"/>
            <port dstActor="D0N14" name="p91" srcActor="D0N8"/>
            <port dstActor="D0N42" name="p92" srcActor="D0N13"/>
            <port dstActor="D0N20" name="p93" srcActor="D0N13"/>
            <port dstActor="D0N22" name="p94" srcActor="D0N13"/>
            <port dstActor="D0N28" name="p95" srcActor="D0N9"/>
            <port dstActor="D0N36" name="p96" srcActor="D0N9"/>
            <port dstActor="D0N39" name="p97" srcActor="D0N9"/>
            <port dstActor="D0N29" name="p98" srcActor="D0N9"/>
            <port dstActor="D0N35" name="p99" srcActor="D0N9"/>
            <port dstActor="D0N10" name="p100" srcActor="D0N9"/>
        </ports>
    </mcdag>
    <cores number="3"/>
    <levels number="2"/>
</mcsystem>
