<?xml version="1.0" encoding="UTF-8" standalone="no"?>
<mcsystem>
    <mcdag deadline="1200" name="genned-0-ed-10.0-0">
        <actor name="D0N2">
            <wcet number="0">80</wcet>
            <wcet number="1">110</wcet>
            <maxpow number="0.07268911176431442"/>
            <maxpow number="0.07268911176431442"/>
            <fprob>0.0</fprob>
        </actor>
        <actor name="D0N0">
            <wcet number="0">30</wcet>
            <wcet number="1">30</wcet>
            <maxpow number="0.8531203760602963"/>
            <maxpow number="0.8531203760602963"/>
            <fprob>0.0</fprob>
        </actor>
        <actor name="D0N36">
            <wcet number="0">10</wcet>
            <wcet number="1">80</wcet>
            <maxpow number="0.7437337450244501"/>
            <maxpow number="0.7437337450244501"/>
            <fprob>0.0</fprob>
        </actor>
        <actor name="D0N11">
            <wcet number="0">10</wcet>
            <wcet number="1">10</wcet>
            <maxpow number="0.4487651816825047"/>
            <maxpow number="0.4487651816825047"/>
            <fprob>0.0</fprob>
        </actor>
        <actor name="D0N47">
            <wcet number="0">20</wcet>
            <wcet number="1">60</wcet>
            <maxpow number="0.8750795095127369"/>
            <maxpow number="0.8750795095127369"/>
            <fprob>0.0</fprob>
        </actor>
        <actor name="D0N42">
            <wcet number="0">70</wcet>
            <wcet number="1">70</wcet>
            <maxpow number="0.6362726567458049"/>
            <maxpow number="0.6362726567458049"/>
            <fprob>0.0</fprob>
        </actor>
        <actor name="D0N38">
            <wcet number="0">80</wcet>
            <wcet number="1">130</wcet>
            <maxpow number="0.871267954252551"/>
            <maxpow number="0.871267954252551"/>
            <fprob>0.0</fprob>
        </actor>
        <actor name="D0N12">
            <wcet number="0">20</wcet>
            <wcet number="1">20</wcet>
            <maxpow number="0.49842805449945804"/>
            <maxpow number="0.49842805449945804"/>
            <fprob>0.0</fprob>
        </actor>
        <actor name="D0N24">
            <wcet number="0">30</wcet>
            <wcet number="1">50</wcet>
            <maxpow number="0.7092390368490694"/>
            <maxpow number="0.7092390368490694"/>
            <fprob>0.0</fprob>
        </actor>
        <actor name="D0N10">
            <wcet number="0">10</wcet>
            <wcet number="1">30</wcet>
            <maxpow number="0.6255433828801519"/>
            <maxpow number="0.6255433828801519"/>
            <fprob>0.0</fprob>
        </actor>
        <actor name="D0N18">
            <wcet number="0">40</wcet>
            <wcet number="1">90</wcet>
            <maxpow number="0.7129529056002134"/>
            <maxpow number="0.7129529056002134"/>
            <fprob>0.0</fprob>
        </actor>
        <actor name="D0N32">
            <wcet number="0">10</wcet>
            <wcet number="1">180</wcet>
            <maxpow number="0.3881380452628527"/>
            <maxpow number="0.3881380452628527"/>
            <fprob>0.0</fprob>
        </actor>
        <actor name="D0N22">
            <wcet number="0">10</wcet>
            <wcet number="1">10</wcet>
            <maxpow number="0.5927516556857257"/>
            <maxpow number="0.5927516556857257"/>
            <fprob>0.0</fprob>
        </actor>
        <actor name="D0N39">
            <wcet number="0">20</wcet>
            <wcet number="1">40</wcet>
            <maxpow number="0.8934976014579578"/>
            <maxpow number="0.8934976014579578"/>
            <fprob>0.0</fprob>
        </actor>
        <actor name="D0N37">
            <wcet number="0">20</wcet>
            <wcet number="1">20</wcet>
            <maxpow number="0.3994531888624784"/>
            <maxpow number="0.3994531888624784"/>
            <fprob>0.0</fprob>
        </actor>
        <actor name="D0N43">
            <wcet number="0">10</wcet>
            <wcet number="1">10</wcet>
            <maxpow number="0.6465311159681049"/>
            <maxpow number="0.6465311159681049"/>
            <fprob>0.0</fprob>
        </actor>
        <actor name="D0N6">
            <wcet number="0">10</wcet>
            <wcet number="1">30</wcet>
            <maxpow number="0.41551181346701793"/>
            <maxpow number="0.41551181346701793"/>
            <fprob>0.0</fprob>
        </actor>
        <actor name="D0N16">
            <wcet number="0">20</wcet>
            <wcet number="1">20</wcet>
            <maxpow number="0.5382249543053962"/>
            <maxpow number="0.5382249543053962"/>
            <fprob>0.0</fprob>
        </actor>
        <actor name="D0N20">
            <wcet number="0">50</wcet>
            <wcet number="1">70</wcet>
            <maxpow number="0.6489448105018315"/>
            <maxpow number="0.6489448105018315"/>
            <fprob>0.0</fprob>
        </actor>
        <actor name="D0N3">
            <wcet number="0">40</wcet>
            <wcet number="1">170</wcet>
            <maxpow number="0.6866424113852755"/>
            <maxpow number="0.6866424113852755"/>
            <fprob>0.0</fprob>
        </actor>
        <actor name="D0N21">
            <wcet number="0">90</wcet>
            <wcet number="1">140</wcet>
            <maxpow number="0.48021401580572"/>
            <maxpow number="0.48021401580572"/>
            <fprob>0.0</fprob>
        </actor>
        <actor name="D0N17">
            <wcet number="0">10</wcet>
            <wcet number="1">70</wcet>
            <maxpow number="0.3763785833728422"/>
            <maxpow number="0.3763785833728422"/>
            <fprob>0.0</fprob>
        </actor>
        <actor name="D0N7">
            <wcet number="0">10</wcet>
            <wcet number="1">10</wcet>
            <maxpow number="0.7398208116104422"/>
            <maxpow number="0.7398208116104422"/>
            <fprob>0.0</fprob>
        </actor>
        <actor name="D0N35">
            <wcet number="0">10</wcet>
            <wcet number="1">10</wcet>
            <maxpow number="0.300273746957741"/>
            <maxpow number="0.300273746957741"/>
            <fprob>0.0</fprob>
        </actor>
        <actor name="D0N8">
            <wcet number="0">20</wcet>
            <wcet number="1">20</wcet>
            <maxpow number="0.4987348856586613"/>
            <maxpow number="0.4987348856586613"/>
            <fprob>0.0</fprob>
        </actor>
        <actor name="D0N1">
            <wcet number="0">10</wcet>
            <wcet number="1">10</wcet>
            <maxpow number="0.2564434972981014"/>
            <maxpow number="0.2564434972981014"/>
            <fprob>0.0</fprob>
        </actor>
        <actor name="D0N41">
            <wcet number="0">40</wcet>
            <wcet number="1">60</wcet>
            <maxpow number="0.35512140581323387"/>
            <maxpow number="0.35512140581323387"/>
            <fprob>0.0</fprob>
        </actor>
        <actor name="D0N4">
            <wcet number="0">10</wcet>
            <wcet number="1">10</wcet>
            <maxpow number="0.4935009834710463"/>
            <maxpow number="0.4935009834710463"/>
            <fprob>0.0</fprob>
        </actor>
        <actor name="D0N13">
            <wcet number="0">40</wcet>
            <wcet number="1">50</wcet>
            <maxpow number="0.47411753493000525"/>
            <maxpow number="0.47411753493000525"/>
            <fprob>0.0</fprob>
        </actor>
        <actor name="D0N9">
            <wcet number="0">10</wcet>
            <wcet number="1">40</wcet>
            <maxpow number="0.9513230327176518"/>
            <maxpow number="0.9513230327176518"/>
            <fprob>0.0</fprob>
        </actor>
        <actor name="D0N33">
            <wcet number="0">110</wcet>
            <wcet number="1">250</wcet>
            <maxpow number="0.6234972616791662"/>
            <maxpow number="0.6234972616791662"/>
            <fprob>0.0</fprob>
        </actor>
        <actor name="D0N26">
            <wcet number="0">10</wcet>
            <wcet number="1">10</wcet>
            <maxpow number="0.4966458832965016"/>
            <maxpow number="0.4966458832965016"/>
            <fprob>0.0</fprob>
        </actor>
        <actor name="D0N15">
            <wcet number="0">10</wcet>
            <wcet number="1">10</wcet>
            <maxpow number="0.8855582156446751"/>
            <maxpow number="0.8855582156446751"/>
            <fprob>0.0</fprob>
        </actor>
        <actor name="D0N14">
            <wcet number="0">10</wcet>
            <wcet number="1">50</wcet>
            <maxpow number="0.9108298014740952"/>
            <maxpow number="0.9108298014740952"/>
            <fprob>0.0</fprob>
        </actor>
        <actor name="D0N5">
            <wcet number="0">60</wcet>
            <wcet number="1">60</wcet>
            <maxpow number="0.8178372660039199"/>
            <maxpow number="0.8178372660039199"/>
            <fprob>0.0</fprob>
        </actor>
        <actor name="D0N25">
            <wcet number="0">10</wcet>
            <wcet number="1">20</wcet>
            <maxpow number="0.6029841554388455"/>
            <maxpow number="0.6029841554388455"/>
            <fprob>0.0</fprob>
        </actor>
        <actor name="D0N23">
            <wcet number="0">60</wcet>
            <wcet number="1">60</wcet>
            <maxpow number="0.5625252526394178"/>
            <maxpow number="0.5625252526394178"/>
            <fprob>0.0</fprob>
        </actor>
        <actor name="D0N29">
            <wcet number="0">20</wcet>
            <wcet number="1">70</wcet>
            <maxpow number="0.75638032720307"/>
            <maxpow number="0.75638032720307"/>
            <fprob>0.0</fprob>
        </actor>
        <actor name="D0N45">
            <wcet number="0">90</wcet>
            <wcet number="1">110</wcet>
            <maxpow number="1.176897457422798"/>
            <maxpow number="1.176897457422798"/>
            <fprob>0.0</fprob>
        </actor>
        <actor name="D0N27">
            <wcet number="0">10</wcet>
            <wcet number="1">10</wcet>
            <maxpow number="0.657409796006759"/>
            <maxpow number="0.657409796006759"/>
            <fprob>0.0</fprob>
        </actor>
        <actor name="D0N31">
            <wcet number="0">50</wcet>
            <wcet number="1">100</wcet>
            <maxpow number="0.2943606398137914"/>
            <maxpow number="0.2943606398137914"/>
            <fprob>0.0</fprob>
        </actor>
        <actor name="D0N46">
            <wcet number="0">10</wcet>
            <wcet number="1">40</wcet>
            <maxpow number="0.3038694637884264"/>
            <maxpow number="0.3038694637884264"/>
            <fprob>0.0</fprob>
        </actor>
        <actor name="D0N44">
            <wcet number="0">20</wcet>
            <wcet number="1">50</wcet>
            <maxpow number="0.4346036260820355"/>
            <maxpow number="0.4346036260820355"/>
            <fprob>0.0</fprob>
        </actor>
        <actor name="D0N34">
            <wcet number="0">130</wcet>
            <wcet number="1">140</wcet>
            <maxpow number="0.6067211266483903"/>
            <maxpow number="0.6067211266483903"/>
            <fprob>0.0</fprob>
        </actor>
        <actor name="D0N30">
            <wcet number="0">60</wcet>
            <wcet number="1">70</wcet>
            <maxpow number="0.26799683715003153"/>
            <maxpow number="0.26799683715003153"/>
            <fprob>0.0</fprob>
        </actor>
        <actor name="D0N19">
            <wcet number="0">90</wcet>
            <wcet number="1">120</wcet>
            <maxpow number="0.3118770709753202"/>
            <maxpow number="0.3118770709753202"/>
            <fprob>0.0</fprob>
        </actor>
        <actor name="D0N28">
            <wcet number="0">20</wcet>
            <wcet number="1">30</wcet>
            <maxpow number="0.28511094206407844"/>
            <maxpow number="0.28511094206407844"/>
            <fprob>0.0</fprob>
        </actor>
        <actor name="D0N40">
            <wcet number="0">20</wcet>
            <wcet number="1">30</wcet>
            <maxpow number="0.4261255571773715"/>
            <maxpow number="0.4261255571773715"/>
            <fprob>0.0</fprob>
        </actor>
        <ports>
            <port dstActor="D0N26" name="p0" srcActor="D0N2"/>
            <port dstActor="D0N23" name="p1" srcActor="D0N2"/>
            <port dstActor="D0N24" name="p2" srcActor="D0N2"/>
            <port dstActor="D0N43" name="p3" srcActor="D0N2"/>
            <port dstActor="D0N42" name="p4" srcActor="D0N2"/>
            <port dstActor="D0N4" name="p5" srcActor="D0N2"/>
            <port dstActor="D0N22" name="p6" srcActor="D0N0"/>
            <port dstActor="D0N8" name="p7" srcActor="D0N0"/>
            <port dstActor="D0N30" name="p8" srcActor="D0N0"/>
            <port dstActor="D0N25" name="p9" srcActor="D0N0"/>
            <port dstActor="D0N26" name="p10" srcActor="D0N0"/>
            <port dstActor="D0N20" name="p11" srcActor="D0N0"/>
            <port dstActor="D0N23" name="p12" srcActor="D0N0"/>
            <port dstActor="D0N44" name="p13" srcActor="D0N11"/>
            <port dstActor="D0N45" name="p14" srcActor="D0N11"/>
            <port dstActor="D0N30" name="p15" srcActor="D0N12"/>
            <port dstActor="D0N22" name="p16" srcActor="D0N12"/>
            <port dstActor="D0N31" name="p17" srcActor="D0N24"/>
            <port dstActor="D0N41" name="p18" srcActor="D0N24"/>
            <port dstActor="D0N33" name="p19" srcActor="D0N24"/>
            <port dstActor="D0N29" name="p20" srcActor="D0N10"/>
            <port dstActor="D0N15" name="p21" srcActor="D0N10"/>
            <port dstActor="D0N41" name="p22" srcActor="D0N10"/>
            <port dstActor="D0N16" name="p23" srcActor="D0N10"/>
            <port dstActor="D0N31" name="p24" srcActor="D0N18"/>
            <port dstActor="D0N47" name="p25" srcActor="D0N18"/>
            <port dstActor="D0N44" name="p26" srcActor="D0N32"/>
            <port dstActor="D0N41" name="p27" srcActor="D0N32"/>
            <port dstActor="D0N39" name="p28" srcActor="D0N32"/>
            <port dstActor="D0N46" name="p29" srcActor="D0N22"/>
            <port dstActor="D0N47" name="p30" srcActor="D0N22"/>
            <port dstActor="D0N24" name="p31" srcActor="D0N22"/>
            <port dstActor="D0N42" name="p32" srcActor="D0N39"/>
            <port dstActor="D0N43" name="p33" srcActor="D0N39"/>
            <port dstActor="D0N47" name="p34" srcActor="D0N37"/>
            <port dstActor="D0N45" name="p35" srcActor="D0N43"/>
            <port dstActor="D0N46" name="p36" srcActor="D0N43"/>
            <port dstActor="D0N33" name="p37" srcActor="D0N6"/>
            <port dstActor="D0N27" name="p38" srcActor="D0N6"/>
            <port dstActor="D0N10" name="p39" srcActor="D0N6"/>
            <port dstActor="D0N33" name="p40" srcActor="D0N16"/>
            <port dstActor="D0N27" name="p41" srcActor="D0N16"/>
            <port dstActor="D0N25" name="p42" srcActor="D0N16"/>
            <port dstActor="D0N26" name="p43" srcActor="D0N16"/>
            <port dstActor="D0N27" name="p44" srcActor="D0N20"/>
            <port dstActor="D0N6" name="p45" srcActor="D0N3"/>
            <port dstActor="D0N35" name="p46" srcActor="D0N3"/>
            <port dstActor="D0N11" name="p47" srcActor="D0N3"/>
            <port dstActor="D0N41" name="p48" srcActor="D0N3"/>
            <port dstActor="D0N29" name="p49" srcActor="D0N3"/>
            <port dstActor="D0N4" name="p50" srcActor="D0N3"/>
            <port dstActor="D0N25" name="p51" srcActor="D0N3"/>
            <port dstActor="D0N46" name="p52" srcActor="D0N21"/>
            <port dstActor="D0N33" name="p53" srcActor="D0N21"/>
            <port dstActor="D0N32" name="p54" srcActor="D0N21"/>
            <port dstActor="D0N33" name="p55" srcActor="D0N17"/>
            <port dstActor="D0N35" name="p56" srcActor="D0N17"/>
            <port dstActor="D0N25" name="p57" srcActor="D0N7"/>
            <port dstActor="D0N12" name="p58" srcActor="D0N7"/>
            <port dstActor="D0N28" name="p59" srcActor="D0N7"/>
            <port dstActor="D0N35" name="p60" srcActor="D0N7"/>
            <port dstActor="D0N42" name="p61" srcActor="D0N8"/>
            <port dstActor="D0N33" name="p62" srcActor="D0N8"/>
            <port dstActor="D0N30" name="p63" srcActor="D0N8"/>
            <port dstActor="D0N38" name="p64" srcActor="D0N8"/>
            <port dstActor="D0N17" name="p65" srcActor="D0N1"/>
            <port dstActor="D0N35" name="p66" srcActor="D0N1"/>
            <port dstActor="D0N30" name="p67" srcActor="D0N1"/>
            <port dstActor="D0N14" name="p68" srcActor="D0N1"/>
            <port dstActor="D0N39" name="p69" srcActor="D0N1"/>
            <port dstActor="D0N45" name="p70" srcActor="D0N1"/>
            <port dstActor="D0N27" name="p71" srcActor="D0N1"/>
            <port dstActor="D0N38" name="p72" srcActor="D0N1"/>
            <port dstActor="D0N10" name="p73" srcActor="D0N1"/>
            <port dstActor="D0N39" name="p74" srcActor="D0N4"/>
            <port dstActor="D0N13" name="p75" srcActor="D0N4"/>
            <port dstActor="D0N34" name="p76" srcActor="D0N4"/>
            <port dstActor="D0N30" name="p77" srcActor="D0N4"/>
            <port dstActor="D0N25" name="p78" srcActor="D0N4"/>
            <port dstActor="D0N45" name="p79" srcActor="D0N4"/>
            <port dstActor="D0N38" name="p80" srcActor="D0N4"/>
            <port dstActor="D0N44" name="p81" srcActor="D0N4"/>
            <port dstActor="D0N27" name="p82" srcActor="D0N4"/>
            <port dstActor="D0N40" name="p83" srcActor="D0N13"/>
            <port dstActor="D0N43" name="p84" srcActor="D0N13"/>
            <port dstActor="D0N17" name="p85" srcActor="D0N13"/>
            <port dstActor="D0N16" name="p86" srcActor="D0N9"/>
            <port dstActor="D0N21" name="p87" srcActor="D0N9"/>
            <port dstActor="D0N34" name="p88" srcActor="D0N33"/>
            <port dstActor="D0N30" name="p89" srcActor="D0N26"/>
            <port dstActor="D0N31" name="p90" srcActor="D0N26"/>
            <port dstActor="D0N29" name="p91" srcActor="D0N26"/>
            <port dstActor="D0N40" name="p92" srcActor="D0N15"/>
            <port dstActor="D0N45" name="p93" srcActor="D0N15"/>
            <port dstActor="D0N16" name="p94" srcActor="D0N14"/>
            <port dstActor="D0N32" name="p95" srcActor="D0N14"/>
            <port dstActor="D0N22" name="p96" srcActor="D0N14"/>
            <port dstActor="D0N36" name="p97" srcActor="D0N14"/>
            <port dstActor="D0N10" name="p98" srcActor="D0N5"/>
            <port dstActor="D0N21" name="p99" srcActor="D0N5"/>
            <port dstActor="D0N42" name="p100" srcActor="D0N5"/>
            <port dstActor="D0N25" name="p101" srcActor="D0N5"/>
            <port dstActor="D0N46" name="p102" srcActor="D0N25"/>
            <port dstActor="D0N30" name="p103" srcActor="D0N29"/>
            <port dstActor="D0N43" name="p104" srcActor="D0N29"/>
            <port dstActor="D0N45" name="p105" srcActor="D0N31"/>
            <port dstActor="D0N34" name="p106" srcActor="D0N31"/>
            <port dstActor="D0N33" name="p107" srcActor="D0N31"/>
            <port dstActor="D0N46" name="p108" srcActor="D0N44"/>
            <port dstActor="D0N40" name="p109" srcActor="D0N34"/>
            <port dstActor="D0N35" name="p110" srcActor="D0N34"/>
            <port dstActor="D0N46" name="p111" srcActor="D0N30"/>
            <port dstActor="D0N35" name="p112" srcActor="D0N30"/>
            <port dstActor="D0N30" name="p113" srcActor="D0N19"/>
            <port dstActor="D0N47" name="p114" srcActor="D0N19"/>
            <port dstActor="D0N36" name="p115" srcActor="D0N28"/>
        </ports>
    </mcdag>
    <cores number="3"/>
    <levels number="2"/>
</mcsystem>
