<?xml version="1.0" encoding="UTF-8" standalone="no"?>
<mcsystem>
    <mcdag deadline="2000" name="genned-0-ed-10.0-0">
        <actor name="D0N9">
            <wcet number="0">50</wcet>
            <wcet number="1">60</wcet>
            <maxpow number="0.5681307754965387"/>
            <maxpow number="0.5681307754965387"/>
            <fprob>0.0</fprob>
        </actor>
        <actor name="D0N43">
            <wcet number="0">30</wcet>
            <wcet number="1">110</wcet>
            <maxpow number="0.5897596122891043"/>
            <maxpow number="0.5897596122891043"/>
            <fprob>0.0</fprob>
        </actor>
        <actor name="D0N42">
            <wcet number="0">170</wcet>
            <wcet number="1">200</wcet>
            <maxpow number="0.45866190533986817"/>
            <maxpow number="0.45866190533986817"/>
            <fprob>0.0</fprob>
        </actor>
        <actor name="D0N16">
            <wcet number="0">20</wcet>
            <wcet number="1">20</wcet>
            <maxpow number="0.4430300497736931"/>
            <maxpow number="0.4430300497736931"/>
            <fprob>0.0</fprob>
        </actor>
        <actor name="D0N2">
            <wcet number="0">40</wcet>
            <wcet number="1">50</wcet>
            <maxpow number="0.37398782023520794"/>
            <maxpow number="0.37398782023520794"/>
            <fprob>0.0</fprob>
        </actor>
        <actor name="D0N8">
            <wcet number="0">490</wcet>
            <wcet number="1">560</wcet>
            <maxpow number="0.44021662947281187"/>
            <maxpow number="0.44021662947281187"/>
            <fprob>0.0</fprob>
        </actor>
        <actor name="D0N38">
            <wcet number="0">10</wcet>
            <wcet number="1">20</wcet>
            <maxpow number="0.5055640660312019"/>
            <maxpow number="0.5055640660312019"/>
            <fprob>0.0</fprob>
        </actor>
        <actor name="D0N30">
            <wcet number="0">10</wcet>
            <wcet number="1">10</wcet>
            <maxpow number="0.3457411938834358"/>
            <maxpow number="0.3457411938834358"/>
            <fprob>0.0</fprob>
        </actor>
        <actor name="D0N48">
            <wcet number="0">10</wcet>
            <wcet number="1">10</wcet>
            <maxpow number="0.628770625970388"/>
            <maxpow number="0.628770625970388"/>
            <fprob>0.0</fprob>
        </actor>
        <actor name="D0N0">
            <wcet number="0">50</wcet>
            <wcet number="1">70</wcet>
            <maxpow number="0.6936510594817525"/>
            <maxpow number="0.6936510594817525"/>
            <fprob>0.0</fprob>
        </actor>
        <actor name="D0N35">
            <wcet number="0">20</wcet>
            <wcet number="1">20</wcet>
            <maxpow number="0.8262946708255186"/>
            <maxpow number="0.8262946708255186"/>
            <fprob>0.0</fprob>
        </actor>
        <actor name="D0N6">
            <wcet number="0">20</wcet>
            <wcet number="1">130</wcet>
            <maxpow number="0.7421390113004708"/>
            <maxpow number="0.7421390113004708"/>
            <fprob>0.0</fprob>
        </actor>
        <actor name="D0N20">
            <wcet number="0">20</wcet>
            <wcet number="1">20</wcet>
            <maxpow number="0.361633748437178"/>
            <maxpow number="0.361633748437178"/>
            <fprob>0.0</fprob>
        </actor>
        <actor name="D0N10">
            <wcet number="0">10</wcet>
            <wcet number="1">150</wcet>
            <maxpow number="0.4367568164657525"/>
            <maxpow number="0.4367568164657525"/>
            <fprob>0.0</fprob>
        </actor>
        <actor name="D0N14">
            <wcet number="0">100</wcet>
            <wcet number="1">100</wcet>
            <maxpow number="0.7751312805368864"/>
            <maxpow number="0.7751312805368864"/>
            <fprob>0.0</fprob>
        </actor>
        <actor name="D0N45">
            <wcet number="0">10</wcet>
            <wcet number="1">40</wcet>
            <maxpow number="0.6095579434208094"/>
            <maxpow number="0.6095579434208094"/>
            <fprob>0.0</fprob>
        </actor>
        <actor name="D0N21">
            <wcet number="0">10</wcet>
            <wcet number="1">10</wcet>
            <maxpow number="0.7757331338607797"/>
            <maxpow number="0.7757331338607797"/>
            <fprob>0.0</fprob>
        </actor>
        <actor name="D0N26">
            <wcet number="0">10</wcet>
            <wcet number="1">10</wcet>
            <maxpow number="0.8518753326128367"/>
            <maxpow number="0.8518753326128367"/>
            <fprob>0.0</fprob>
        </actor>
        <actor name="D0N32">
            <wcet number="0">90</wcet>
            <wcet number="1">100</wcet>
            <maxpow number="0.6183091114179953"/>
            <maxpow number="0.6183091114179953"/>
            <fprob>0.0</fprob>
        </actor>
        <actor name="D0N41">
            <wcet number="0">20</wcet>
            <wcet number="1">70</wcet>
            <maxpow number="0.8339829088190752"/>
            <maxpow number="0.8339829088190752"/>
            <fprob>0.0</fprob>
        </actor>
        <actor name="D0N1">
            <wcet number="0">50</wcet>
            <wcet number="1">230</wcet>
            <maxpow number="0.2481300345016586"/>
            <maxpow number="0.2481300345016586"/>
            <fprob>0.0</fprob>
        </actor>
        <actor name="D0N3">
            <wcet number="0">60</wcet>
            <wcet number="1">170</wcet>
            <maxpow number="0.6514341927754945"/>
            <maxpow number="0.6514341927754945"/>
            <fprob>0.0</fprob>
        </actor>
        <actor name="D0N36">
            <wcet number="0">50</wcet>
            <wcet number="1">80</wcet>
            <maxpow number="0.5939206675851122"/>
            <maxpow number="0.5939206675851122"/>
            <fprob>0.0</fprob>
        </actor>
        <actor name="D0N47">
            <wcet number="0">30</wcet>
            <wcet number="1">70</wcet>
            <maxpow number="0.6509397657227536"/>
            <maxpow number="0.6509397657227536"/>
            <fprob>0.0</fprob>
        </actor>
        <actor name="D0N7">
            <wcet number="0">60</wcet>
            <wcet number="1">100</wcet>
            <maxpow number="0.2100844627048824"/>
            <maxpow number="0.2100844627048824"/>
            <fprob>0.0</fprob>
        </actor>
        <actor name="D0N44">
            <wcet number="0">120</wcet>
            <wcet number="1">180</wcet>
            <maxpow number="0.5160039125443813"/>
            <maxpow number="0.5160039125443813"/>
            <fprob>0.0</fprob>
        </actor>
        <actor name="D0N31">
            <wcet number="0">30</wcet>
            <wcet number="1">80</wcet>
            <maxpow number="0.6596451256499032"/>
            <maxpow number="0.6596451256499032"/>
            <fprob>0.0</fprob>
        </actor>
        <actor name="D0N27">
            <wcet number="0">30</wcet>
            <wcet number="1">90</wcet>
            <maxpow number="0.8227165487933584"/>
            <maxpow number="0.8227165487933584"/>
            <fprob>0.0</fprob>
        </actor>
        <actor name="D0N22">
            <wcet number="0">70</wcet>
            <wcet number="1">150</wcet>
            <maxpow number="0.3913433450761743"/>
            <maxpow number="0.3913433450761743"/>
            <fprob>0.0</fprob>
        </actor>
        <actor name="D0N17">
            <wcet number="0">110</wcet>
            <wcet number="1">280</wcet>
            <maxpow number="0.6322261976324566"/>
            <maxpow number="0.6322261976324566"/>
            <fprob>0.0</fprob>
        </actor>
        <actor name="D0N11">
            <wcet number="0">10</wcet>
            <wcet number="1">10</wcet>
            <maxpow number="0.5341124915730847"/>
            <maxpow number="0.5341124915730847"/>
            <fprob>0.0</fprob>
        </actor>
        <actor name="D0N5">
            <wcet number="0">30</wcet>
            <wcet number="1">40</wcet>
            <maxpow number="0.5968640283231222"/>
            <maxpow number="0.5968640283231222"/>
            <fprob>0.0</fprob>
        </actor>
        <actor name="D0N28">
            <wcet number="0">50</wcet>
            <wcet number="1">90</wcet>
            <maxpow number="0.28446255081936733"/>
            <maxpow number="0.28446255081936733"/>
            <fprob>0.0</fprob>
        </actor>
        <actor name="D0N19">
            <wcet number="0">40</wcet>
            <wcet number="1">150</wcet>
            <maxpow number="0.4611379000838375"/>
            <maxpow number="0.4611379000838375"/>
            <fprob>0.0</fprob>
        </actor>
        <actor name="D0N33">
            <wcet number="0">60</wcet>
            <wcet number="1">70</wcet>
            <maxpow number="0.35602880513892227"/>
            <maxpow number="0.35602880513892227"/>
            <fprob>0.0</fprob>
        </actor>
        <actor name="D0N23">
            <wcet number="0">80</wcet>
            <wcet number="1">130</wcet>
            <maxpow number="0.5841418074509485"/>
            <maxpow number="0.5841418074509485"/>
            <fprob>0.0</fprob>
        </actor>
        <actor name="D0N15">
            <wcet number="0">60</wcet>
            <wcet number="1">60</wcet>
            <maxpow number="0.8014206255523536"/>
            <maxpow number="0.8014206255523536"/>
            <fprob>0.0</fprob>
        </actor>
        <actor name="D0N40">
            <wcet number="0">70</wcet>
            <wcet number="1">100</wcet>
            <maxpow number="0.8557761067981624"/>
            <maxpow number="0.8557761067981624"/>
            <fprob>0.0</fprob>
        </actor>
        <actor name="D0N24">
            <wcet number="0">210</wcet>
            <wcet number="1">240</wcet>
            <maxpow number="0.6410228974255745"/>
            <maxpow number="0.6410228974255745"/>
            <fprob>0.0</fprob>
        </actor>
        <actor name="D0N12">
            <wcet number="0">40</wcet>
            <wcet number="1">180</wcet>
            <maxpow number="0.46820020663736533"/>
            <maxpow number="0.46820020663736533"/>
            <fprob>0.0</fprob>
        </actor>
        <actor name="D0N25">
            <wcet number="0">80</wcet>
            <wcet number="1">100</wcet>
            <maxpow number="0.800287027775432"/>
            <maxpow number="0.800287027775432"/>
            <fprob>0.0</fprob>
        </actor>
        <actor name="D0N37">
            <wcet number="0">10</wcet>
            <wcet number="1">10</wcet>
            <maxpow number="0.49061844826602574"/>
            <maxpow number="0.49061844826602574"/>
            <fprob>0.0</fprob>
        </actor>
        <actor name="D0N18">
            <wcet number="0">130</wcet>
            <wcet number="1">170</wcet>
            <maxpow number="0.6354865495994084"/>
            <maxpow number="0.6354865495994084"/>
            <fprob>0.0</fprob>
        </actor>
        <actor name="D0N34">
            <wcet number="0">10</wcet>
            <wcet number="1">10</wcet>
            <maxpow number="0.38448442819127704"/>
            <maxpow number="0.38448442819127704"/>
            <fprob>0.0</fprob>
        </actor>
        <actor name="D0N4">
            <wcet number="0">210</wcet>
            <wcet number="1">220</wcet>
            <maxpow number="0.4922236309156256"/>
            <maxpow number="0.4922236309156256"/>
            <fprob>0.0</fprob>
        </actor>
        <actor name="D0N13">
            <wcet number="0">50</wcet>
            <wcet number="1">50</wcet>
            <maxpow number="0.5747871649125743"/>
            <maxpow number="0.5747871649125743"/>
            <fprob>0.0</fprob>
        </actor>
        <actor name="D0N39">
            <wcet number="0">50</wcet>
            <wcet number="1">60</wcet>
            <maxpow number="0.3132819154945742"/>
            <maxpow number="0.3132819154945742"/>
            <fprob>0.0</fprob>
        </actor>
        <actor name="D0N46">
            <wcet number="0">20</wcet>
            <wcet number="1">20</wcet>
            <maxpow number="0.44928568801977226"/>
            <maxpow number="0.44928568801977226"/>
            <fprob>0.0</fprob>
        </actor>
        <actor name="D0N29">
            <wcet number="0">10</wcet>
            <wcet number="1">100</wcet>
            <maxpow number="0.5819393393197362"/>
            <maxpow number="0.5819393393197362"/>
            <fprob>0.0</fprob>
        </actor>
        <ports>
            <port dstActor="D0N27" name="p0" srcActor="D0N9"/>
            <port dstActor="D0N42" name="p1" srcActor="D0N9"/>
            <port dstActor="D0N18" name="p2" srcActor="D0N9"/>
            <port dstActor="D0N48" name="p3" srcActor="D0N43"/>
            <port dstActor="D0N33" name="p4" srcActor="D0N16"/>
            <port dstActor="D0N47" name="p5" srcActor="D0N2"/>
            <port dstActor="D0N20" name="p6" srcActor="D0N2"/>
            <port dstActor="D0N14" name="p7" srcActor="D0N2"/>
            <port dstActor="D0N11" name="p8" srcActor="D0N2"/>
            <port dstActor="D0N37" name="p9" srcActor="D0N2"/>
            <port dstActor="D0N36" name="p10" srcActor="D0N2"/>
            <port dstActor="D0N43" name="p11" srcActor="D0N2"/>
            <port dstActor="D0N13" name="p12" srcActor="D0N8"/>
            <port dstActor="D0N29" name="p13" srcActor="D0N8"/>
            <port dstActor="D0N15" name="p14" srcActor="D0N8"/>
            <port dstActor="D0N35" name="p15" srcActor="D0N8"/>
            <port dstActor="D0N34" name="p16" srcActor="D0N8"/>
            <port dstActor="D0N47" name="p17" srcActor="D0N8"/>
            <port dstActor="D0N22" name="p18" srcActor="D0N8"/>
            <port dstActor="D0N24" name="p19" srcActor="D0N8"/>
            <port dstActor="D0N39" name="p20" srcActor="D0N38"/>
            <port dstActor="D0N45" name="p21" srcActor="D0N38"/>
            <port dstActor="D0N31" name="p22" srcActor="D0N30"/>
            <port dstActor="D0N47" name="p23" srcActor="D0N30"/>
            <port dstActor="D0N21" name="p24" srcActor="D0N0"/>
            <port dstActor="D0N39" name="p25" srcActor="D0N0"/>
            <port dstActor="D0N33" name="p26" srcActor="D0N0"/>
            <port dstActor="D0N38" name="p27" srcActor="D0N0"/>
            <port dstActor="D0N45" name="p28" srcActor="D0N0"/>
            <port dstActor="D0N48" name="p29" srcActor="D0N0"/>
            <port dstActor="D0N35" name="p30" srcActor="D0N0"/>
            <port dstActor="D0N44" name="p31" srcActor="D0N35"/>
            <port dstActor="D0N48" name="p32" srcActor="D0N35"/>
            <port dstActor="D0N43" name="p33" srcActor="D0N6"/>
            <port dstActor="D0N48" name="p34" srcActor="D0N6"/>
            <port dstActor="D0N13" name="p35" srcActor="D0N6"/>
            <port dstActor="D0N28" name="p36" srcActor="D0N6"/>
            <port dstActor="D0N25" name="p37" srcActor="D0N20"/>
            <port dstActor="D0N33" name="p38" srcActor="D0N20"/>
            <port dstActor="D0N47" name="p39" srcActor="D0N20"/>
            <port dstActor="D0N18" name="p40" srcActor="D0N10"/>
            <port dstActor="D0N33" name="p41" srcActor="D0N10"/>
            <port dstActor="D0N44" name="p42" srcActor="D0N14"/>
            <port dstActor="D0N34" name="p43" srcActor="D0N14"/>
            <port dstActor="D0N45" name="p44" srcActor="D0N14"/>
            <port dstActor="D0N29" name="p45" srcActor="D0N14"/>
            <port dstActor="D0N30" name="p46" srcActor="D0N21"/>
            <port dstActor="D0N48" name="p47" srcActor="D0N21"/>
            <port dstActor="D0N36" name="p48" srcActor="D0N21"/>
            <port dstActor="D0N45" name="p49" srcActor="D0N21"/>
            <port dstActor="D0N47" name="p50" srcActor="D0N21"/>
            <port dstActor="D0N34" name="p51" srcActor="D0N26"/>
            <port dstActor="D0N45" name="p52" srcActor="D0N26"/>
            <port dstActor="D0N48" name="p53" srcActor="D0N26"/>
            <port dstActor="D0N36" name="p54" srcActor="D0N26"/>
            <port dstActor="D0N37" name="p55" srcActor="D0N26"/>
            <port dstActor="D0N46" name="p56" srcActor="D0N26"/>
            <port dstActor="D0N40" name="p57" srcActor="D0N26"/>
            <port dstActor="D0N46" name="p58" srcActor="D0N32"/>
            <port dstActor="D0N42" name="p59" srcActor="D0N41"/>
            <port dstActor="D0N15" name="p60" srcActor="D0N1"/>
            <port dstActor="D0N22" name="p61" srcActor="D0N1"/>
            <port dstActor="D0N32" name="p62" srcActor="D0N1"/>
            <port dstActor="D0N48" name="p63" srcActor="D0N3"/>
            <port dstActor="D0N4" name="p64" srcActor="D0N3"/>
            <port dstActor="D0N7" name="p65" srcActor="D0N3"/>
            <port dstActor="D0N28" name="p66" srcActor="D0N3"/>
            <port dstActor="D0N39" name="p67" srcActor="D0N3"/>
            <port dstActor="D0N22" name="p68" srcActor="D0N3"/>
            <port dstActor="D0N14" name="p69" srcActor="D0N3"/>
            <port dstActor="D0N42" name="p70" srcActor="D0N36"/>
            <port dstActor="D0N9" name="p71" srcActor="D0N7"/>
            <port dstActor="D0N43" name="p72" srcActor="D0N7"/>
            <port dstActor="D0N44" name="p73" srcActor="D0N31"/>
            <port dstActor="D0N38" name="p74" srcActor="D0N31"/>
            <port dstActor="D0N33" name="p75" srcActor="D0N31"/>
            <port dstActor="D0N29" name="p76" srcActor="D0N27"/>
            <port dstActor="D0N26" name="p77" srcActor="D0N22"/>
            <port dstActor="D0N30" name="p78" srcActor="D0N22"/>
            <port dstActor="D0N32" name="p79" srcActor="D0N22"/>
            <port dstActor="D0N33" name="p80" srcActor="D0N22"/>
            <port dstActor="D0N25" name="p81" srcActor="D0N17"/>
            <port dstActor="D0N28" name="p82" srcActor="D0N17"/>
            <port dstActor="D0N41" name="p83" srcActor="D0N17"/>
            <port dstActor="D0N48" name="p84" srcActor="D0N17"/>
            <port dstActor="D0N38" name="p85" srcActor="D0N17"/>
            <port dstActor="D0N32" name="p86" srcActor="D0N11"/>
            <port dstActor="D0N41" name="p87" srcActor="D0N11"/>
            <port dstActor="D0N32" name="p88" srcActor="D0N5"/>
            <port dstActor="D0N6" name="p89" srcActor="D0N5"/>
            <port dstActor="D0N10" name="p90" srcActor="D0N5"/>
            <port dstActor="D0N36" name="p91" srcActor="D0N5"/>
            <port dstActor="D0N47" name="p92" srcActor="D0N5"/>
            <port dstActor="D0N11" name="p93" srcActor="D0N5"/>
            <port dstActor="D0N27" name="p94" srcActor="D0N5"/>
            <port dstActor="D0N31" name="p95" srcActor="D0N28"/>
            <port dstActor="D0N30" name="p96" srcActor="D0N28"/>
            <port dstActor="D0N22" name="p97" srcActor="D0N19"/>
            <port dstActor="D0N48" name="p98" srcActor="D0N19"/>
            <port dstActor="D0N36" name="p99" srcActor="D0N33"/>
            <port dstActor="D0N29" name="p100" srcActor="D0N23"/>
            <port dstActor="D0N32" name="p101" srcActor="D0N15"/>
            <port dstActor="D0N41" name="p102" srcActor="D0N15"/>
            <port dstActor="D0N48" name="p103" srcActor="D0N15"/>
            <port dstActor="D0N43" name="p104" srcActor="D0N40"/>
            <port dstActor="D0N46" name="p105" srcActor="D0N40"/>
            <port dstActor="D0N28" name="p106" srcActor="D0N24"/>
            <port dstActor="D0N30" name="p107" srcActor="D0N12"/>
            <port dstActor="D0N47" name="p108" srcActor="D0N12"/>
            <port dstActor="D0N36" name="p109" srcActor="D0N25"/>
            <port dstActor="D0N40" name="p110" srcActor="D0N25"/>
            <port dstActor="D0N26" name="p111" srcActor="D0N25"/>
            <port dstActor="D0N32" name="p112" srcActor="D0N25"/>
            <port dstActor="D0N44" name="p113" srcActor="D0N37"/>
            <port dstActor="D0N41" name="p114" srcActor="D0N37"/>
            <port dstActor="D0N47" name="p115" srcActor="D0N37"/>
            <port dstActor="D0N45" name="p116" srcActor="D0N37"/>
            <port dstActor="D0N19" name="p117" srcActor="D0N18"/>
            <port dstActor="D0N42" name="p118" srcActor="D0N18"/>
            <port dstActor="D0N42" name="p119" srcActor="D0N34"/>
            <port dstActor="D0N37" name="p120" srcActor="D0N34"/>
            <port dstActor="D0N29" name="p121" srcActor="D0N4"/>
            <port dstActor="D0N41" name="p122" srcActor="D0N4"/>
            <port dstActor="D0N37" name="p123" srcActor="D0N4"/>
            <port dstActor="D0N19" name="p124" srcActor="D0N4"/>
            <port dstActor="D0N48" name="p125" srcActor="D0N4"/>
            <port dstActor="D0N5" name="p126" srcActor="D0N4"/>
            <port dstActor="D0N25" name="p127" srcActor="D0N13"/>
            <port dstActor="D0N28" name="p128" srcActor="D0N13"/>
            <port dstActor="D0N29" name="p129" srcActor="D0N13"/>
            <port dstActor="D0N46" name="p130" srcActor="D0N39"/>
        </ports>
    </mcdag>
    <cores number="3"/>
    <levels number="2"/>
</mcsystem>
