<?xml version="1.0" encoding="UTF-8" standalone="no"?>
<mcsystem>
    <mcdag deadline="2500" name="genned-0-ed-10.0-0">
        <actor name="D0N21">
            <wcet number="0">10</wcet>
            <wcet number="1">10</wcet>
            <maxpow number="0.5143930164314682"/>
            <maxpow number="0.5143930164314682"/>
            <fprob>0.0</fprob>
        </actor>
        <actor name="D0N15">
            <wcet number="0">30</wcet>
            <wcet number="1">40</wcet>
            <maxpow number="0.765658018524737"/>
            <maxpow number="0.765658018524737"/>
            <fprob>0.0</fprob>
        </actor>
        <actor name="D0N11">
            <wcet number="0">20</wcet>
            <wcet number="1">70</wcet>
            <maxpow number="0.5117351776366978"/>
            <maxpow number="0.5117351776366978"/>
            <fprob>0.0</fprob>
        </actor>
        <actor name="D0N33">
            <wcet number="0">90</wcet>
            <wcet number="1">270</wcet>
            <maxpow number="0.7490235345648151"/>
            <maxpow number="0.7490235345648151"/>
            <fprob>0.0</fprob>
        </actor>
        <actor name="D0N24">
            <wcet number="0">60</wcet>
            <wcet number="1">130</wcet>
            <maxpow number="0.3740034429047864"/>
            <maxpow number="0.3740034429047864"/>
            <fprob>0.0</fprob>
        </actor>
        <actor name="D0N39">
            <wcet number="0">10</wcet>
            <wcet number="1">130</wcet>
            <maxpow number="0.8719853069849581"/>
            <maxpow number="0.8719853069849581"/>
            <fprob>0.0</fprob>
        </actor>
        <actor name="D0N42">
            <wcet number="0">90</wcet>
            <wcet number="1">130</wcet>
            <maxpow number="0.45918978007148004"/>
            <maxpow number="0.45918978007148004"/>
            <fprob>0.0</fprob>
        </actor>
        <actor name="D0N4">
            <wcet number="0">10</wcet>
            <wcet number="1">120</wcet>
            <maxpow number="0.4826659832447805"/>
            <maxpow number="0.4826659832447805"/>
            <fprob>0.0</fprob>
        </actor>
        <actor name="D0N12">
            <wcet number="0">210</wcet>
            <wcet number="1">220</wcet>
            <maxpow number="0.7857710145851979"/>
            <maxpow number="0.7857710145851979"/>
            <fprob>0.0</fprob>
        </actor>
        <actor name="D0N30">
            <wcet number="0">10</wcet>
            <wcet number="1">70</wcet>
            <maxpow number="0.35891078997981196"/>
            <maxpow number="0.35891078997981196"/>
            <fprob>0.0</fprob>
        </actor>
        <actor name="D0N13">
            <wcet number="0">320</wcet>
            <wcet number="1">340</wcet>
            <maxpow number="0.624056211069569"/>
            <maxpow number="0.624056211069569"/>
            <fprob>0.0</fprob>
        </actor>
        <actor name="D0N31">
            <wcet number="0">30</wcet>
            <wcet number="1">40</wcet>
            <maxpow number="0.14557473731585274"/>
            <maxpow number="0.14557473731585274"/>
            <fprob>0.0</fprob>
        </actor>
        <actor name="D0N35">
            <wcet number="0">180</wcet>
            <wcet number="1">230</wcet>
            <maxpow number="0.4171776550882765"/>
            <maxpow number="0.4171776550882765"/>
            <fprob>0.0</fprob>
        </actor>
        <actor name="D0N44">
            <wcet number="0">40</wcet>
            <wcet number="1">100</wcet>
            <maxpow number="0.42183448460150785"/>
            <maxpow number="0.42183448460150785"/>
            <fprob>0.0</fprob>
        </actor>
        <actor name="D0N9">
            <wcet number="0">10</wcet>
            <wcet number="1">80</wcet>
            <maxpow number="0.7940778712219186"/>
            <maxpow number="0.7940778712219186"/>
            <fprob>0.0</fprob>
        </actor>
        <actor name="D0N17">
            <wcet number="0">230</wcet>
            <wcet number="1">460</wcet>
            <maxpow number="0.3710889547560042"/>
            <maxpow number="0.3710889547560042"/>
            <fprob>0.0</fprob>
        </actor>
        <actor name="D0N20">
            <wcet number="0">430</wcet>
            <wcet number="1">430</wcet>
            <maxpow number="0.18588171037351064"/>
            <maxpow number="0.18588171037351064"/>
            <fprob>0.0</fprob>
        </actor>
        <actor name="D0N7">
            <wcet number="0">60</wcet>
            <wcet number="1">80</wcet>
            <maxpow number="0.7576244133591543"/>
            <maxpow number="0.7576244133591543"/>
            <fprob>0.0</fprob>
        </actor>
        <actor name="D0N25">
            <wcet number="0">20</wcet>
            <wcet number="1">30</wcet>
            <maxpow number="0.6450693837266976"/>
            <maxpow number="0.6450693837266976"/>
            <fprob>0.0</fprob>
        </actor>
        <actor name="D0N0">
            <wcet number="0">280</wcet>
            <wcet number="1">320</wcet>
            <maxpow number="0.44829055867580037"/>
            <maxpow number="0.44829055867580037"/>
            <fprob>0.0</fprob>
        </actor>
        <actor name="D0N23">
            <wcet number="0">50</wcet>
            <wcet number="1">70</wcet>
            <maxpow number="0.6160608180816987"/>
            <maxpow number="0.6160608180816987"/>
            <fprob>0.0</fprob>
        </actor>
        <actor name="D0N28">
            <wcet number="0">80</wcet>
            <wcet number="1">130</wcet>
            <maxpow number="0.28558402560997265"/>
            <maxpow number="0.28558402560997265"/>
            <fprob>0.0</fprob>
        </actor>
        <actor name="D0N29">
            <wcet number="0">60</wcet>
            <wcet number="1">100</wcet>
            <maxpow number="0.5808873543086476"/>
            <maxpow number="0.5808873543086476"/>
            <fprob>0.0</fprob>
        </actor>
        <actor name="D0N32">
            <wcet number="0">100</wcet>
            <wcet number="1">400</wcet>
            <maxpow number="0.5445114194591101"/>
            <maxpow number="0.5445114194591101"/>
            <fprob>0.0</fprob>
        </actor>
        <actor name="D0N37">
            <wcet number="0">40</wcet>
            <wcet number="1">410</wcet>
            <maxpow number="0.6133957363819845"/>
            <maxpow number="0.6133957363819845"/>
            <fprob>0.0</fprob>
        </actor>
        <actor name="D0N22">
            <wcet number="0">20</wcet>
            <wcet number="1">70</wcet>
            <maxpow number="0.4173471194746237"/>
            <maxpow number="0.4173471194746237"/>
            <fprob>0.0</fprob>
        </actor>
        <actor name="D0N14">
            <wcet number="0">40</wcet>
            <wcet number="1">60</wcet>
            <maxpow number="0.8231213004989675"/>
            <maxpow number="0.8231213004989675"/>
            <fprob>0.0</fprob>
        </actor>
        <actor name="D0N47">
            <wcet number="0">60</wcet>
            <wcet number="1">280</wcet>
            <maxpow number="0.8916687671849763"/>
            <maxpow number="0.8916687671849763"/>
            <fprob>0.0</fprob>
        </actor>
        <actor name="D0N8">
            <wcet number="0">30</wcet>
            <wcet number="1">30</wcet>
            <maxpow number="0.6481516663229301"/>
            <maxpow number="0.6481516663229301"/>
            <fprob>0.0</fprob>
        </actor>
        <actor name="D0N3">
            <wcet number="0">10</wcet>
            <wcet number="1">30</wcet>
            <maxpow number="0.4872550857053789"/>
            <maxpow number="0.4872550857053789"/>
            <fprob>0.0</fprob>
        </actor>
        <actor name="D0N40">
            <wcet number="0">10</wcet>
            <wcet number="1">10</wcet>
            <maxpow number="0.49359689975200116"/>
            <maxpow number="0.49359689975200116"/>
            <fprob>0.0</fprob>
        </actor>
        <actor name="D0N19">
            <wcet number="0">30</wcet>
            <wcet number="1">50</wcet>
            <maxpow number="0.6434434198285006"/>
            <maxpow number="0.6434434198285006"/>
            <fprob>0.0</fprob>
        </actor>
        <actor name="D0N38">
            <wcet number="0">90</wcet>
            <wcet number="1">140</wcet>
            <maxpow number="0.6946280433806789"/>
            <maxpow number="0.6946280433806789"/>
            <fprob>0.0</fprob>
        </actor>
        <actor name="D0N1">
            <wcet number="0">110</wcet>
            <wcet number="1">170</wcet>
            <maxpow number="0.4840460413768845"/>
            <maxpow number="0.4840460413768845"/>
            <fprob>0.0</fprob>
        </actor>
        <actor name="D0N5">
            <wcet number="0">50</wcet>
            <wcet number="1">50</wcet>
            <maxpow number="0.6789389158019319"/>
            <maxpow number="0.6789389158019319"/>
            <fprob>0.0</fprob>
        </actor>
        <actor name="D0N16">
            <wcet number="0">10</wcet>
            <wcet number="1">30</wcet>
            <maxpow number="0.5968082069710445"/>
            <maxpow number="0.5968082069710445"/>
            <fprob>0.0</fprob>
        </actor>
        <actor name="D0N43">
            <wcet number="0">120</wcet>
            <wcet number="1">150</wcet>
            <maxpow number="0.7123841580365278"/>
            <maxpow number="0.7123841580365278"/>
            <fprob>0.0</fprob>
        </actor>
        <actor name="D0N2">
            <wcet number="0">10</wcet>
            <wcet number="1">10</wcet>
            <maxpow number="0.4078076699164628"/>
            <maxpow number="0.4078076699164628"/>
            <fprob>0.0</fprob>
        </actor>
        <actor name="D0N41">
            <wcet number="0">110</wcet>
            <wcet number="1">240</wcet>
            <maxpow number="0.5013412366036549"/>
            <maxpow number="0.5013412366036549"/>
            <fprob>0.0</fprob>
        </actor>
        <actor name="D0N46">
            <wcet number="0">80</wcet>
            <wcet number="1">180</wcet>
            <maxpow number="0.45981016146739134"/>
            <maxpow number="0.45981016146739134"/>
            <fprob>0.0</fprob>
        </actor>
        <actor name="D0N36">
            <wcet number="0">10</wcet>
            <wcet number="1">40</wcet>
            <maxpow number="0.7429093044706372"/>
            <maxpow number="0.7429093044706372"/>
            <fprob>0.0</fprob>
        </actor>
        <actor name="D0N45">
            <wcet number="0">10</wcet>
            <wcet number="1">10</wcet>
            <maxpow number="0.3723982785789056"/>
            <maxpow number="0.3723982785789056"/>
            <fprob>0.0</fprob>
        </actor>
        <actor name="D0N34">
            <wcet number="0">10</wcet>
            <wcet number="1">40</wcet>
            <maxpow number="0.3391352834838469"/>
            <maxpow number="0.3391352834838469"/>
            <fprob>0.0</fprob>
        </actor>
        <actor name="D0N6">
            <wcet number="0">10</wcet>
            <wcet number="1">90</wcet>
            <maxpow number="0.35063644595894594"/>
            <maxpow number="0.35063644595894594"/>
            <fprob>0.0</fprob>
        </actor>
        <actor name="D0N27">
            <wcet number="0">100</wcet>
            <wcet number="1">110</wcet>
            <maxpow number="0.8032763369290663"/>
            <maxpow number="0.8032763369290663"/>
            <fprob>0.0</fprob>
        </actor>
        <actor name="D0N10">
            <wcet number="0">70</wcet>
            <wcet number="1">70</wcet>
            <maxpow number="0.4146441974340507"/>
            <maxpow number="0.4146441974340507"/>
            <fprob>0.0</fprob>
        </actor>
        <actor name="D0N18">
            <wcet number="0">10</wcet>
            <wcet number="1">10</wcet>
            <maxpow number="0.5741652851129047"/>
            <maxpow number="0.5741652851129047"/>
            <fprob>0.0</fprob>
        </actor>
        <actor name="D0N26">
            <wcet number="0">130</wcet>
            <wcet number="1">220</wcet>
            <maxpow number="0.489710448813672"/>
            <maxpow number="0.489710448813672"/>
            <fprob>0.0</fprob>
        </actor>
        <ports>
            <port dstActor="D0N45" name="p0" srcActor="D0N21"/>
            <port dstActor="D0N42" name="p1" srcActor="D0N21"/>
            <port dstActor="D0N47" name="p2" srcActor="D0N21"/>
            <port dstActor="D0N35" name="p3" srcActor="D0N21"/>
            <port dstActor="D0N41" name="p4" srcActor="D0N21"/>
            <port dstActor="D0N27" name="p5" srcActor="D0N15"/>
            <port dstActor="D0N17" name="p6" srcActor="D0N11"/>
            <port dstActor="D0N15" name="p7" srcActor="D0N11"/>
            <port dstActor="D0N40" name="p8" srcActor="D0N11"/>
            <port dstActor="D0N16" name="p9" srcActor="D0N11"/>
            <port dstActor="D0N35" name="p10" srcActor="D0N11"/>
            <port dstActor="D0N37" name="p11" srcActor="D0N11"/>
            <port dstActor="D0N44" name="p12" srcActor="D0N33"/>
            <port dstActor="D0N30" name="p13" srcActor="D0N24"/>
            <port dstActor="D0N34" name="p14" srcActor="D0N24"/>
            <port dstActor="D0N44" name="p15" srcActor="D0N24"/>
            <port dstActor="D0N40" name="p16" srcActor="D0N24"/>
            <port dstActor="D0N33" name="p17" srcActor="D0N24"/>
            <port dstActor="D0N47" name="p18" srcActor="D0N4"/>
            <port dstActor="D0N34" name="p19" srcActor="D0N4"/>
            <port dstActor="D0N40" name="p20" srcActor="D0N4"/>
            <port dstActor="D0N17" name="p21" srcActor="D0N4"/>
            <port dstActor="D0N28" name="p22" srcActor="D0N4"/>
            <port dstActor="D0N44" name="p23" srcActor="D0N4"/>
            <port dstActor="D0N17" name="p24" srcActor="D0N12"/>
            <port dstActor="D0N18" name="p25" srcActor="D0N12"/>
            <port dstActor="D0N26" name="p26" srcActor="D0N12"/>
            <port dstActor="D0N43" name="p27" srcActor="D0N12"/>
            <port dstActor="D0N22" name="p28" srcActor="D0N12"/>
            <port dstActor="D0N23" name="p29" srcActor="D0N12"/>
            <port dstActor="D0N38" name="p30" srcActor="D0N30"/>
            <port dstActor="D0N37" name="p31" srcActor="D0N30"/>
            <port dstActor="D0N30" name="p32" srcActor="D0N13"/>
            <port dstActor="D0N17" name="p33" srcActor="D0N13"/>
            <port dstActor="D0N44" name="p34" srcActor="D0N13"/>
            <port dstActor="D0N38" name="p35" srcActor="D0N31"/>
            <port dstActor="D0N37" name="p36" srcActor="D0N31"/>
            <port dstActor="D0N38" name="p37" srcActor="D0N35"/>
            <port dstActor="D0N26" name="p38" srcActor="D0N9"/>
            <port dstActor="D0N29" name="p39" srcActor="D0N9"/>
            <port dstActor="D0N31" name="p40" srcActor="D0N9"/>
            <port dstActor="D0N46" name="p41" srcActor="D0N9"/>
            <port dstActor="D0N23" name="p42" srcActor="D0N17"/>
            <port dstActor="D0N40" name="p43" srcActor="D0N17"/>
            <port dstActor="D0N31" name="p44" srcActor="D0N20"/>
            <port dstActor="D0N36" name="p45" srcActor="D0N20"/>
            <port dstActor="D0N24" name="p46" srcActor="D0N20"/>
            <port dstActor="D0N11" name="p47" srcActor="D0N7"/>
            <port dstActor="D0N47" name="p48" srcActor="D0N25"/>
            <port dstActor="D0N33" name="p49" srcActor="D0N25"/>
            <port dstActor="D0N39" name="p50" srcActor="D0N25"/>
            <port dstActor="D0N19" name="p51" srcActor="D0N0"/>
            <port dstActor="D0N35" name="p52" srcActor="D0N23"/>
            <port dstActor="D0N34" name="p53" srcActor="D0N23"/>
            <port dstActor="D0N29" name="p54" srcActor="D0N23"/>
            <port dstActor="D0N44" name="p55" srcActor="D0N23"/>
            <port dstActor="D0N37" name="p56" srcActor="D0N23"/>
            <port dstActor="D0N32" name="p57" srcActor="D0N28"/>
            <port dstActor="D0N37" name="p58" srcActor="D0N28"/>
            <port dstActor="D0N41" name="p59" srcActor="D0N28"/>
            <port dstActor="D0N44" name="p60" srcActor="D0N28"/>
            <port dstActor="D0N34" name="p61" srcActor="D0N29"/>
            <port dstActor="D0N43" name="p62" srcActor="D0N29"/>
            <port dstActor="D0N47" name="p63" srcActor="D0N29"/>
            <port dstActor="D0N44" name="p64" srcActor="D0N32"/>
            <port dstActor="D0N36" name="p65" srcActor="D0N22"/>
            <port dstActor="D0N15" name="p66" srcActor="D0N14"/>
            <port dstActor="D0N17" name="p67" srcActor="D0N8"/>
            <port dstActor="D0N42" name="p68" srcActor="D0N8"/>
            <port dstActor="D0N21" name="p69" srcActor="D0N8"/>
            <port dstActor="D0N28" name="p70" srcActor="D0N8"/>
            <port dstActor="D0N42" name="p71" srcActor="D0N3"/>
            <port dstActor="D0N19" name="p72" srcActor="D0N3"/>
            <port dstActor="D0N46" name="p73" srcActor="D0N40"/>
            <port dstActor="D0N47" name="p74" srcActor="D0N40"/>
            <port dstActor="D0N41" name="p75" srcActor="D0N19"/>
            <port dstActor="D0N22" name="p76" srcActor="D0N19"/>
            <port dstActor="D0N47" name="p77" srcActor="D0N19"/>
            <port dstActor="D0N39" name="p78" srcActor="D0N19"/>
            <port dstActor="D0N3" name="p79" srcActor="D0N1"/>
            <port dstActor="D0N30" name="p80" srcActor="D0N1"/>
            <port dstActor="D0N36" name="p81" srcActor="D0N1"/>
            <port dstActor="D0N42" name="p82" srcActor="D0N1"/>
            <port dstActor="D0N8" name="p83" srcActor="D0N1"/>
            <port dstActor="D0N31" name="p84" srcActor="D0N1"/>
            <port dstActor="D0N44" name="p85" srcActor="D0N1"/>
            <port dstActor="D0N12" name="p86" srcActor="D0N5"/>
            <port dstActor="D0N31" name="p87" srcActor="D0N5"/>
            <port dstActor="D0N45" name="p88" srcActor="D0N5"/>
            <port dstActor="D0N21" name="p89" srcActor="D0N5"/>
            <port dstActor="D0N43" name="p90" srcActor="D0N5"/>
            <port dstActor="D0N29" name="p91" srcActor="D0N16"/>
            <port dstActor="D0N6" name="p92" srcActor="D0N2"/>
            <port dstActor="D0N47" name="p93" srcActor="D0N46"/>
            <port dstActor="D0N30" name="p94" srcActor="D0N6"/>
            <port dstActor="D0N40" name="p95" srcActor="D0N6"/>
            <port dstActor="D0N32" name="p96" srcActor="D0N6"/>
            <port dstActor="D0N25" name="p97" srcActor="D0N6"/>
            <port dstActor="D0N46" name="p98" srcActor="D0N27"/>
            <port dstActor="D0N44" name="p99" srcActor="D0N10"/>
            <port dstActor="D0N25" name="p100" srcActor="D0N10"/>
            <port dstActor="D0N27" name="p101" srcActor="D0N10"/>
            <port dstActor="D0N36" name="p102" srcActor="D0N10"/>
            <port dstActor="D0N29" name="p103" srcActor="D0N10"/>
            <port dstActor="D0N39" name="p104" srcActor="D0N10"/>
            <port dstActor="D0N31" name="p105" srcActor="D0N10"/>
            <port dstActor="D0N34" name="p106" srcActor="D0N10"/>
            <port dstActor="D0N11" name="p107" srcActor="D0N10"/>
            <port dstActor="D0N37" name="p108" srcActor="D0N18"/>
            <port dstActor="D0N37" name="p109" srcActor="D0N26"/>
            <port dstActor="D0N40" name="p110" srcActor="D0N26"/>
            <port dstActor="D0N41" name="p111" srcActor="D0N26"/>
        </ports>
    </mcdag>
    <cores number="3"/>
    <levels number="2"/>
</mcsystem>
