<?xml version="1.0" encoding="UTF-8" standalone="no"?>
<mcsystem>
    <mcdag deadline="5000" name="genned-0-ed-10.0-0">
        <actor name="D0N44">
            <wcet number="0">30</wcet>
            <wcet number="1">40</wcet>
            <maxpow number="0.5484052051302943"/>
            <maxpow number="0.5484052051302943"/>
            <fprob>0.0</fprob>
        </actor>
        <actor name="D0N36">
            <wcet number="0">50</wcet>
            <wcet number="1">260</wcet>
            <maxpow number="0.4425132458894816"/>
            <maxpow number="0.4425132458894816"/>
            <fprob>0.0</fprob>
        </actor>
        <actor name="D0N15">
            <wcet number="0">100</wcet>
            <wcet number="1">130</wcet>
            <maxpow number="0.2408812258669224"/>
            <maxpow number="0.2408812258669224"/>
            <fprob>0.0</fprob>
        </actor>
        <actor name="D0N37">
            <wcet number="0">10</wcet>
            <wcet number="1">10</wcet>
            <maxpow number="0.630993912711996"/>
            <maxpow number="0.630993912711996"/>
            <fprob>0.0</fprob>
        </actor>
        <actor name="D0N35">
            <wcet number="0">260</wcet>
            <wcet number="1">260</wcet>
            <maxpow number="0.5451633663596344"/>
            <maxpow number="0.5451633663596344"/>
            <fprob>0.0</fprob>
        </actor>
        <actor name="D0N30">
            <wcet number="0">280</wcet>
            <wcet number="1">360</wcet>
            <maxpow number="0.4732531262060898"/>
            <maxpow number="0.4732531262060898"/>
            <fprob>0.0</fprob>
        </actor>
        <actor name="D0N39">
            <wcet number="0">460</wcet>
            <wcet number="1">580</wcet>
            <maxpow number="0.6201465951472184"/>
            <maxpow number="0.6201465951472184"/>
            <fprob>0.0</fprob>
        </actor>
        <actor name="D0N31">
            <wcet number="0">420</wcet>
            <wcet number="1">690</wcet>
            <maxpow number="0.4343134005074925"/>
            <maxpow number="0.4343134005074925"/>
            <fprob>0.0</fprob>
        </actor>
        <actor name="D0N13">
            <wcet number="0">210</wcet>
            <wcet number="1">540</wcet>
            <maxpow number="0.21992578851382028"/>
            <maxpow number="0.21992578851382028"/>
            <fprob>0.0</fprob>
        </actor>
        <actor name="D0N41">
            <wcet number="0">40</wcet>
            <wcet number="1">70</wcet>
            <maxpow number="0.7109039525043053"/>
            <maxpow number="0.7109039525043053"/>
            <fprob>0.0</fprob>
        </actor>
        <actor name="D0N34">
            <wcet number="0">50</wcet>
            <wcet number="1">100</wcet>
            <maxpow number="0.5754808971747744"/>
            <maxpow number="0.5754808971747744"/>
            <fprob>0.0</fprob>
        </actor>
        <actor name="D0N46">
            <wcet number="0">100</wcet>
            <wcet number="1">130</wcet>
            <maxpow number="0.5890605056393861"/>
            <maxpow number="0.5890605056393861"/>
            <fprob>0.0</fprob>
        </actor>
        <actor name="D0N1">
            <wcet number="0">20</wcet>
            <wcet number="1">60</wcet>
            <maxpow number="0.4218767481565281"/>
            <maxpow number="0.4218767481565281"/>
            <fprob>0.0</fprob>
        </actor>
        <actor name="D0N25">
            <wcet number="0">70</wcet>
            <wcet number="1">150</wcet>
            <maxpow number="0.5529727777914992"/>
            <maxpow number="0.5529727777914992"/>
            <fprob>0.0</fprob>
        </actor>
        <actor name="D0N3">
            <wcet number="0">30</wcet>
            <wcet number="1">410</wcet>
            <maxpow number="0.5781797140362738"/>
            <maxpow number="0.5781797140362738"/>
            <fprob>0.0</fprob>
        </actor>
        <actor name="D0N20">
            <wcet number="0">80</wcet>
            <wcet number="1">80</wcet>
            <maxpow number="0.7819267106853689"/>
            <maxpow number="0.7819267106853689"/>
            <fprob>0.0</fprob>
        </actor>
        <actor name="D0N45">
            <wcet number="0">140</wcet>
            <wcet number="1">280</wcet>
            <maxpow number="0.6772722844562313"/>
            <maxpow number="0.6772722844562313"/>
            <fprob>0.0</fprob>
        </actor>
        <actor name="D0N16">
            <wcet number="0">40</wcet>
            <wcet number="1">300</wcet>
            <maxpow number="0.921692458887908"/>
            <maxpow number="0.921692458887908"/>
            <fprob>0.0</fprob>
        </actor>
        <actor name="D0N32">
            <wcet number="0">60</wcet>
            <wcet number="1">80</wcet>
            <maxpow number="0.4287459397696181"/>
            <maxpow number="0.4287459397696181"/>
            <fprob>0.0</fprob>
        </actor>
        <actor name="D0N29">
            <wcet number="0">20</wcet>
            <wcet number="1">30</wcet>
            <maxpow number="0.5860538606246746"/>
            <maxpow number="0.5860538606246746"/>
            <fprob>0.0</fprob>
        </actor>
        <actor name="D0N19">
            <wcet number="0">20</wcet>
            <wcet number="1">20</wcet>
            <maxpow number="0.8582075578335344"/>
            <maxpow number="0.8582075578335344"/>
            <fprob>0.0</fprob>
        </actor>
        <actor name="D0N10">
            <wcet number="0">150</wcet>
            <wcet number="1">200</wcet>
            <maxpow number="0.6241608299888103"/>
            <maxpow number="0.6241608299888103"/>
            <fprob>0.0</fprob>
        </actor>
        <actor name="D0N28">
            <wcet number="0">40</wcet>
            <wcet number="1">120</wcet>
            <maxpow number="0.6002838376161961"/>
            <maxpow number="0.6002838376161961"/>
            <fprob>0.0</fprob>
        </actor>
        <actor name="D0N40">
            <wcet number="0">40</wcet>
            <wcet number="1">160</wcet>
            <maxpow number="0.319749071083256"/>
            <maxpow number="0.319749071083256"/>
            <fprob>0.0</fprob>
        </actor>
        <actor name="D0N23">
            <wcet number="0">10</wcet>
            <wcet number="1">420</wcet>
            <maxpow number="0.40933496144389714"/>
            <maxpow number="0.40933496144389714"/>
            <fprob>0.0</fprob>
        </actor>
        <actor name="D0N11">
            <wcet number="0">150</wcet>
            <wcet number="1">250</wcet>
            <maxpow number="0.8525283755647683"/>
            <maxpow number="0.8525283755647683"/>
            <fprob>0.0</fprob>
        </actor>
        <actor name="D0N7">
            <wcet number="0">20</wcet>
            <wcet number="1">70</wcet>
            <maxpow number="0.8073144419093068"/>
            <maxpow number="0.8073144419093068"/>
            <fprob>0.0</fprob>
        </actor>
        <actor name="D0N17">
            <wcet number="0">130</wcet>
            <wcet number="1">260</wcet>
            <maxpow number="0.27515906580528465"/>
            <maxpow number="0.27515906580528465"/>
            <fprob>0.0</fprob>
        </actor>
        <actor name="D0N2">
            <wcet number="0">20</wcet>
            <wcet number="1">20</wcet>
            <maxpow number="0.6327013251883968"/>
            <maxpow number="0.6327013251883968"/>
            <fprob>0.0</fprob>
        </actor>
        <actor name="D0N12">
            <wcet number="0">210</wcet>
            <wcet number="1">420</wcet>
            <maxpow number="0.4419260653916022"/>
            <maxpow number="0.4419260653916022"/>
            <fprob>0.0</fprob>
        </actor>
        <actor name="D0N18">
            <wcet number="0">120</wcet>
            <wcet number="1">200</wcet>
            <maxpow number="0.4490343675457073"/>
            <maxpow number="0.4490343675457073"/>
            <fprob>0.0</fprob>
        </actor>
        <actor name="D0N47">
            <wcet number="0">70</wcet>
            <wcet number="1">90</wcet>
            <maxpow number="0.4058975711178141"/>
            <maxpow number="0.4058975711178141"/>
            <fprob>0.0</fprob>
        </actor>
        <actor name="D0N0">
            <wcet number="0">180</wcet>
            <wcet number="1">220</wcet>
            <maxpow number="0.5861902518295009"/>
            <maxpow number="0.5861902518295009"/>
            <fprob>0.0</fprob>
        </actor>
        <actor name="D0N42">
            <wcet number="0">350</wcet>
            <wcet number="1">470</wcet>
            <maxpow number="0.5999342951306132"/>
            <maxpow number="0.5999342951306132"/>
            <fprob>0.0</fprob>
        </actor>
        <actor name="D0N27">
            <wcet number="0">120</wcet>
            <wcet number="1">430</wcet>
            <maxpow number="0.6988418768293904"/>
            <maxpow number="0.6988418768293904"/>
            <fprob>0.0</fprob>
        </actor>
        <actor name="D0N5">
            <wcet number="0">540</wcet>
            <wcet number="1">570</wcet>
            <maxpow number="0.5275059435028596"/>
            <maxpow number="0.5275059435028596"/>
            <fprob>0.0</fprob>
        </actor>
        <actor name="D0N33">
            <wcet number="0">30</wcet>
            <wcet number="1">30</wcet>
            <maxpow number="0.825659644712639"/>
            <maxpow number="0.825659644712639"/>
            <fprob>0.0</fprob>
        </actor>
        <actor name="D0N4">
            <wcet number="0">90</wcet>
            <wcet number="1">130</wcet>
            <maxpow number="0.4631488057648772"/>
            <maxpow number="0.4631488057648772"/>
            <fprob>0.0</fprob>
        </actor>
        <actor name="D0N8">
            <wcet number="0">20</wcet>
            <wcet number="1">40</wcet>
            <maxpow number="0.588159845600452"/>
            <maxpow number="0.588159845600452"/>
            <fprob>0.0</fprob>
        </actor>
        <actor name="D0N26">
            <wcet number="0">480</wcet>
            <wcet number="1">640</wcet>
            <maxpow number="0.6831643687105391"/>
            <maxpow number="0.6831643687105391"/>
            <fprob>0.0</fprob>
        </actor>
        <actor name="D0N38">
            <wcet number="0">20</wcet>
            <wcet number="1">20</wcet>
            <maxpow number="0.4631221699525078"/>
            <maxpow number="0.4631221699525078"/>
            <fprob>0.0</fprob>
        </actor>
        <actor name="D0N9">
            <wcet number="0">30</wcet>
            <wcet number="1">140</wcet>
            <maxpow number="0.38255120144050747"/>
            <maxpow number="0.38255120144050747"/>
            <fprob>0.0</fprob>
        </actor>
        <actor name="D0N14">
            <wcet number="0">20</wcet>
            <wcet number="1">20</wcet>
            <maxpow number="0.8836485695531204"/>
            <maxpow number="0.8836485695531204"/>
            <fprob>0.0</fprob>
        </actor>
        <actor name="D0N48">
            <wcet number="0">10</wcet>
            <wcet number="1">10</wcet>
            <maxpow number="0.24120133917791525"/>
            <maxpow number="0.24120133917791525"/>
            <fprob>0.0</fprob>
        </actor>
        <actor name="D0N22">
            <wcet number="0">410</wcet>
            <wcet number="1">450</wcet>
            <maxpow number="0.49303504340396376"/>
            <maxpow number="0.49303504340396376"/>
            <fprob>0.0</fprob>
        </actor>
        <actor name="D0N6">
            <wcet number="0">250</wcet>
            <wcet number="1">360</wcet>
            <maxpow number="0.4252362097228527"/>
            <maxpow number="0.4252362097228527"/>
            <fprob>0.0</fprob>
        </actor>
        <actor name="D0N43">
            <wcet number="0">220</wcet>
            <wcet number="1">250</wcet>
            <maxpow number="0.7452289765948268"/>
            <maxpow number="0.7452289765948268"/>
            <fprob>0.0</fprob>
        </actor>
        <actor name="D0N21">
            <wcet number="0">250</wcet>
            <wcet number="1">270</wcet>
            <maxpow number="0.5858869621904957"/>
            <maxpow number="0.5858869621904957"/>
            <fprob>0.0</fprob>
        </actor>
        <actor name="D0N24">
            <wcet number="0">130</wcet>
            <wcet number="1">160</wcet>
            <maxpow number="0.3086507609674627"/>
            <maxpow number="0.3086507609674627"/>
            <fprob>0.0</fprob>
        </actor>
        <ports>
            <port dstActor="D0N21" name="p0" srcActor="D0N15"/>
            <port dstActor="D0N23" name="p1" srcActor="D0N15"/>
            <port dstActor="D0N25" name="p2" srcActor="D0N15"/>
            <port dstActor="D0N40" name="p3" srcActor="D0N15"/>
            <port dstActor="D0N31" name="p4" srcActor="D0N15"/>
            <port dstActor="D0N46" name="p5" srcActor="D0N35"/>
            <port dstActor="D0N48" name="p6" srcActor="D0N35"/>
            <port dstActor="D0N39" name="p7" srcActor="D0N35"/>
            <port dstActor="D0N47" name="p8" srcActor="D0N30"/>
            <port dstActor="D0N40" name="p9" srcActor="D0N39"/>
            <port dstActor="D0N44" name="p10" srcActor="D0N39"/>
            <port dstActor="D0N42" name="p11" srcActor="D0N39"/>
            <port dstActor="D0N33" name="p12" srcActor="D0N31"/>
            <port dstActor="D0N27" name="p13" srcActor="D0N13"/>
            <port dstActor="D0N31" name="p14" srcActor="D0N13"/>
            <port dstActor="D0N32" name="p15" srcActor="D0N13"/>
            <port dstActor="D0N23" name="p16" srcActor="D0N13"/>
            <port dstActor="D0N45" name="p17" srcActor="D0N41"/>
            <port dstActor="D0N46" name="p18" srcActor="D0N41"/>
            <port dstActor="D0N42" name="p19" srcActor="D0N41"/>
            <port dstActor="D0N48" name="p20" srcActor="D0N34"/>
            <port dstActor="D0N15" name="p21" srcActor="D0N1"/>
            <port dstActor="D0N46" name="p22" srcActor="D0N1"/>
            <port dstActor="D0N18" name="p23" srcActor="D0N1"/>
            <port dstActor="D0N20" name="p24" srcActor="D0N1"/>
            <port dstActor="D0N28" name="p25" srcActor="D0N1"/>
            <port dstActor="D0N48" name="p26" srcActor="D0N1"/>
            <port dstActor="D0N27" name="p27" srcActor="D0N1"/>
            <port dstActor="D0N38" name="p28" srcActor="D0N25"/>
            <port dstActor="D0N46" name="p29" srcActor="D0N25"/>
            <port dstActor="D0N34" name="p30" srcActor="D0N25"/>
            <port dstActor="D0N43" name="p31" srcActor="D0N3"/>
            <port dstActor="D0N41" name="p32" srcActor="D0N3"/>
            <port dstActor="D0N40" name="p33" srcActor="D0N3"/>
            <port dstActor="D0N29" name="p34" srcActor="D0N3"/>
            <port dstActor="D0N45" name="p35" srcActor="D0N3"/>
            <port dstActor="D0N11" name="p36" srcActor="D0N3"/>
            <port dstActor="D0N25" name="p37" srcActor="D0N20"/>
            <port dstActor="D0N29" name="p38" srcActor="D0N20"/>
            <port dstActor="D0N37" name="p39" srcActor="D0N20"/>
            <port dstActor="D0N44" name="p40" srcActor="D0N20"/>
            <port dstActor="D0N39" name="p41" srcActor="D0N16"/>
            <port dstActor="D0N47" name="p42" srcActor="D0N32"/>
            <port dstActor="D0N37" name="p43" srcActor="D0N32"/>
            <port dstActor="D0N42" name="p44" srcActor="D0N29"/>
            <port dstActor="D0N41" name="p45" srcActor="D0N29"/>
            <port dstActor="D0N40" name="p46" srcActor="D0N19"/>
            <port dstActor="D0N24" name="p47" srcActor="D0N19"/>
            <port dstActor="D0N39" name="p48" srcActor="D0N19"/>
            <port dstActor="D0N42" name="p49" srcActor="D0N19"/>
            <port dstActor="D0N30" name="p50" srcActor="D0N19"/>
            <port dstActor="D0N44" name="p51" srcActor="D0N10"/>
            <port dstActor="D0N14" name="p52" srcActor="D0N10"/>
            <port dstActor="D0N33" name="p53" srcActor="D0N10"/>
            <port dstActor="D0N18" name="p54" srcActor="D0N10"/>
            <port dstActor="D0N12" name="p55" srcActor="D0N10"/>
            <port dstActor="D0N38" name="p56" srcActor="D0N28"/>
            <port dstActor="D0N41" name="p57" srcActor="D0N23"/>
            <port dstActor="D0N39" name="p58" srcActor="D0N23"/>
            <port dstActor="D0N31" name="p59" srcActor="D0N11"/>
            <port dstActor="D0N30" name="p60" srcActor="D0N11"/>
            <port dstActor="D0N18" name="p61" srcActor="D0N11"/>
            <port dstActor="D0N23" name="p62" srcActor="D0N11"/>
            <port dstActor="D0N37" name="p63" srcActor="D0N7"/>
            <port dstActor="D0N13" name="p64" srcActor="D0N7"/>
            <port dstActor="D0N9" name="p65" srcActor="D0N7"/>
            <port dstActor="D0N36" name="p66" srcActor="D0N7"/>
            <port dstActor="D0N15" name="p67" srcActor="D0N7"/>
            <port dstActor="D0N38" name="p68" srcActor="D0N17"/>
            <port dstActor="D0N24" name="p69" srcActor="D0N17"/>
            <port dstActor="D0N37" name="p70" srcActor="D0N17"/>
            <port dstActor="D0N29" name="p71" srcActor="D0N17"/>
            <port dstActor="D0N27" name="p72" srcActor="D0N2"/>
            <port dstActor="D0N17" name="p73" srcActor="D0N2"/>
            <port dstActor="D0N34" name="p74" srcActor="D0N2"/>
            <port dstActor="D0N47" name="p75" srcActor="D0N12"/>
            <port dstActor="D0N19" name="p76" srcActor="D0N12"/>
            <port dstActor="D0N47" name="p77" srcActor="D0N18"/>
            <port dstActor="D0N46" name="p78" srcActor="D0N18"/>
            <port dstActor="D0N41" name="p79" srcActor="D0N18"/>
            <port dstActor="D0N39" name="p80" srcActor="D0N18"/>
            <port dstActor="D0N25" name="p81" srcActor="D0N0"/>
            <port dstActor="D0N42" name="p82" srcActor="D0N27"/>
            <port dstActor="D0N38" name="p83" srcActor="D0N27"/>
            <port dstActor="D0N48" name="p84" srcActor="D0N27"/>
            <port dstActor="D0N14" name="p85" srcActor="D0N5"/>
            <port dstActor="D0N21" name="p86" srcActor="D0N5"/>
            <port dstActor="D0N40" name="p87" srcActor="D0N5"/>
            <port dstActor="D0N32" name="p88" srcActor="D0N5"/>
            <port dstActor="D0N17" name="p89" srcActor="D0N5"/>
            <port dstActor="D0N48" name="p90" srcActor="D0N33"/>
            <port dstActor="D0N48" name="p91" srcActor="D0N4"/>
            <port dstActor="D0N26" name="p92" srcActor="D0N4"/>
            <port dstActor="D0N27" name="p93" srcActor="D0N4"/>
            <port dstActor="D0N15" name="p94" srcActor="D0N4"/>
            <port dstActor="D0N20" name="p95" srcActor="D0N4"/>
            <port dstActor="D0N43" name="p96" srcActor="D0N4"/>
            <port dstActor="D0N29" name="p97" srcActor="D0N4"/>
            <port dstActor="D0N36" name="p98" srcActor="D0N4"/>
            <port dstActor="D0N16" name="p99" srcActor="D0N4"/>
            <port dstActor="D0N44" name="p100" srcActor="D0N4"/>
            <port dstActor="D0N14" name="p101" srcActor="D0N8"/>
            <port dstActor="D0N35" name="p102" srcActor="D0N8"/>
            <port dstActor="D0N37" name="p103" srcActor="D0N26"/>
            <port dstActor="D0N46" name="p104" srcActor="D0N38"/>
            <port dstActor="D0N34" name="p105" srcActor="D0N9"/>
            <port dstActor="D0N11" name="p106" srcActor="D0N9"/>
            <port dstActor="D0N21" name="p107" srcActor="D0N9"/>
            <port dstActor="D0N17" name="p108" srcActor="D0N9"/>
            <port dstActor="D0N33" name="p109" srcActor="D0N9"/>
            <port dstActor="D0N30" name="p110" srcActor="D0N14"/>
            <port dstActor="D0N17" name="p111" srcActor="D0N14"/>
            <port dstActor="D0N40" name="p112" srcActor="D0N14"/>
            <port dstActor="D0N15" name="p113" srcActor="D0N14"/>
            <port dstActor="D0N33" name="p114" srcActor="D0N14"/>
            <port dstActor="D0N37" name="p115" srcActor="D0N22"/>
            <port dstActor="D0N35" name="p116" srcActor="D0N22"/>
            <port dstActor="D0N28" name="p117" srcActor="D0N22"/>
            <port dstActor="D0N36" name="p118" srcActor="D0N6"/>
            <port dstActor="D0N48" name="p119" srcActor="D0N6"/>
            <port dstActor="D0N45" name="p120" srcActor="D0N6"/>
            <port dstActor="D0N44" name="p121" srcActor="D0N6"/>
            <port dstActor="D0N47" name="p122" srcActor="D0N21"/>
        </ports>
    </mcdag>
    <cores number="3"/>
    <levels number="2"/>
</mcsystem>
