<?xml version="1.0" encoding="UTF-8" standalone="no"?>
<mcsystem>
    <mcdag deadline="2000" name="genned-0-ed-10.0-0">
        <actor name="D0N5">
            <wcet number="0">90</wcet>
            <wcet number="1">160</wcet>
            <maxpow number="0.5636087187207437"/>
            <maxpow number="0.5636087187207437"/>
            <fprob>0.0</fprob>
        </actor>
        <actor name="D0N16">
            <wcet number="0">90</wcet>
            <wcet number="1">140</wcet>
            <maxpow number="0.4636988655472622"/>
            <maxpow number="0.4636988655472622"/>
            <fprob>0.0</fprob>
        </actor>
        <actor name="D0N36">
            <wcet number="0">20</wcet>
            <wcet number="1">20</wcet>
            <maxpow number="0.5659900423406155"/>
            <maxpow number="0.5659900423406155"/>
            <fprob>0.0</fprob>
        </actor>
        <actor name="D0N25">
            <wcet number="0">410</wcet>
            <wcet number="1">460</wcet>
            <maxpow number="0.9037704189804607"/>
            <maxpow number="0.9037704189804607"/>
            <fprob>0.0</fprob>
        </actor>
        <actor name="D0N44">
            <wcet number="0">60</wcet>
            <wcet number="1">140</wcet>
            <maxpow number="0.44612150653556737"/>
            <maxpow number="0.44612150653556737"/>
            <fprob>0.0</fprob>
        </actor>
        <actor name="D0N29">
            <wcet number="0">10</wcet>
            <wcet number="1">50</wcet>
            <maxpow number="0.6774046667120782"/>
            <maxpow number="0.6774046667120782"/>
            <fprob>0.0</fprob>
        </actor>
        <actor name="D0N46">
            <wcet number="0">80</wcet>
            <wcet number="1">110</wcet>
            <maxpow number="0.7269956099807848"/>
            <maxpow number="0.7269956099807848"/>
            <fprob>0.0</fprob>
        </actor>
        <actor name="D0N27">
            <wcet number="0">90</wcet>
            <wcet number="1">90</wcet>
            <maxpow number="0.4528997904506749"/>
            <maxpow number="0.4528997904506749"/>
            <fprob>0.0</fprob>
        </actor>
        <actor name="D0N26">
            <wcet number="0">60</wcet>
            <wcet number="1">60</wcet>
            <maxpow number="0.34547336385538957"/>
            <maxpow number="0.34547336385538957"/>
            <fprob>0.0</fprob>
        </actor>
        <actor name="D0N38">
            <wcet number="0">20</wcet>
            <wcet number="1">50</wcet>
            <maxpow number="0.805363821106853"/>
            <maxpow number="0.805363821106853"/>
            <fprob>0.0</fprob>
        </actor>
        <actor name="D0N18">
            <wcet number="0">90</wcet>
            <wcet number="1">180</wcet>
            <maxpow number="0.6757920259507982"/>
            <maxpow number="0.6757920259507982"/>
            <fprob>0.0</fprob>
        </actor>
        <actor name="D0N32">
            <wcet number="0">70</wcet>
            <wcet number="1">100</wcet>
            <maxpow number="0.4717608691195257"/>
            <maxpow number="0.4717608691195257"/>
            <fprob>0.0</fprob>
        </actor>
        <actor name="D0N30">
            <wcet number="0">10</wcet>
            <wcet number="1">10</wcet>
            <maxpow number="0.4617410638328794"/>
            <maxpow number="0.4617410638328794"/>
            <fprob>0.0</fprob>
        </actor>
        <actor name="D0N12">
            <wcet number="0">80</wcet>
            <wcet number="1">90</wcet>
            <maxpow number="0.5581271243475967"/>
            <maxpow number="0.5581271243475967"/>
            <fprob>0.0</fprob>
        </actor>
        <actor name="D0N10">
            <wcet number="0">40</wcet>
            <wcet number="1">40</wcet>
            <maxpow number="0.6196135791757162"/>
            <maxpow number="0.6196135791757162"/>
            <fprob>0.0</fprob>
        </actor>
        <actor name="D0N11">
            <wcet number="0">210</wcet>
            <wcet number="1">590</wcet>
            <maxpow number="0.34081043484957063"/>
            <maxpow number="0.34081043484957063"/>
            <fprob>0.0</fprob>
        </actor>
        <actor name="D0N35">
            <wcet number="0">30</wcet>
            <wcet number="1">60</wcet>
            <maxpow number="0.5592221154797852"/>
            <maxpow number="0.5592221154797852"/>
            <fprob>0.0</fprob>
        </actor>
        <actor name="D0N22">
            <wcet number="0">20</wcet>
            <wcet number="1">30</wcet>
            <maxpow number="0.8742510258557874"/>
            <maxpow number="0.8742510258557874"/>
            <fprob>0.0</fprob>
        </actor>
        <actor name="D0N42">
            <wcet number="0">30</wcet>
            <wcet number="1">30</wcet>
            <maxpow number="0.6007553440757529"/>
            <maxpow number="0.6007553440757529"/>
            <fprob>0.0</fprob>
        </actor>
        <actor name="D0N6">
            <wcet number="0">60</wcet>
            <wcet number="1">130</wcet>
            <maxpow number="0.390275004316433"/>
            <maxpow number="0.390275004316433"/>
            <fprob>0.0</fprob>
        </actor>
        <actor name="D0N21">
            <wcet number="0">100</wcet>
            <wcet number="1">120</wcet>
            <maxpow number="0.6766829386923703"/>
            <maxpow number="0.6766829386923703"/>
            <fprob>0.0</fprob>
        </actor>
        <actor name="D0N34">
            <wcet number="0">100</wcet>
            <wcet number="1">110</wcet>
            <maxpow number="0.6295762656907656"/>
            <maxpow number="0.6295762656907656"/>
            <fprob>0.0</fprob>
        </actor>
        <actor name="D0N20">
            <wcet number="0">30</wcet>
            <wcet number="1">30</wcet>
            <maxpow number="0.4948656457728586"/>
            <maxpow number="0.4948656457728586"/>
            <fprob>0.0</fprob>
        </actor>
        <actor name="D0N31">
            <wcet number="0">30</wcet>
            <wcet number="1">330</wcet>
            <maxpow number="0.7781732764532189"/>
            <maxpow number="0.7781732764532189"/>
            <fprob>0.0</fprob>
        </actor>
        <actor name="D0N33">
            <wcet number="0">30</wcet>
            <wcet number="1">30</wcet>
            <maxpow number="0.44590208218226546"/>
            <maxpow number="0.44590208218226546"/>
            <fprob>0.0</fprob>
        </actor>
        <actor name="D0N23">
            <wcet number="0">100</wcet>
            <wcet number="1">110</wcet>
            <maxpow number="0.5739988111546791"/>
            <maxpow number="0.5739988111546791"/>
            <fprob>0.0</fprob>
        </actor>
        <actor name="D0N28">
            <wcet number="0">30</wcet>
            <wcet number="1">120</wcet>
            <maxpow number="0.6334783045415907"/>
            <maxpow number="0.6334783045415907"/>
            <fprob>0.0</fprob>
        </actor>
        <actor name="D0N40">
            <wcet number="0">30</wcet>
            <wcet number="1">60</wcet>
            <maxpow number="0.5350053373625314"/>
            <maxpow number="0.5350053373625314"/>
            <fprob>0.0</fprob>
        </actor>
        <actor name="D0N0">
            <wcet number="0">60</wcet>
            <wcet number="1">100</wcet>
            <maxpow number="0.5796929148547433"/>
            <maxpow number="0.5796929148547433"/>
            <fprob>0.0</fprob>
        </actor>
        <actor name="D0N1">
            <wcet number="0">20</wcet>
            <wcet number="1">260</wcet>
            <maxpow number="0.6256612781247899"/>
            <maxpow number="0.6256612781247899"/>
            <fprob>0.0</fprob>
        </actor>
        <actor name="D0N3">
            <wcet number="0">90</wcet>
            <wcet number="1">150</wcet>
            <maxpow number="0.7042557050606054"/>
            <maxpow number="0.7042557050606054"/>
            <fprob>0.0</fprob>
        </actor>
        <actor name="D0N37">
            <wcet number="0">10</wcet>
            <wcet number="1">50</wcet>
            <maxpow number="0.6735346289680268"/>
            <maxpow number="0.6735346289680268"/>
            <fprob>0.0</fprob>
        </actor>
        <actor name="D0N2">
            <wcet number="0">10</wcet>
            <wcet number="1">20</wcet>
            <maxpow number="0.40914057734672626"/>
            <maxpow number="0.40914057734672626"/>
            <fprob>0.0</fprob>
        </actor>
        <actor name="D0N19">
            <wcet number="0">20</wcet>
            <wcet number="1">20</wcet>
            <maxpow number="0.7118684455366948"/>
            <maxpow number="0.7118684455366948"/>
            <fprob>0.0</fprob>
        </actor>
        <actor name="D0N7">
            <wcet number="0">10</wcet>
            <wcet number="1">50</wcet>
            <maxpow number="0.9518902200693335"/>
            <maxpow number="0.9518902200693335"/>
            <fprob>0.0</fprob>
        </actor>
        <actor name="D0N45">
            <wcet number="0">130</wcet>
            <wcet number="1">210</wcet>
            <maxpow number="0.509681689356016"/>
            <maxpow number="0.509681689356016"/>
            <fprob>0.0</fprob>
        </actor>
        <actor name="D0N39">
            <wcet number="0">40</wcet>
            <wcet number="1">70</wcet>
            <maxpow number="0.43417524726170126"/>
            <maxpow number="0.43417524726170126"/>
            <fprob>0.0</fprob>
        </actor>
        <actor name="D0N4">
            <wcet number="0">60</wcet>
            <wcet number="1">180</wcet>
            <maxpow number="0.5681259701859956"/>
            <maxpow number="0.5681259701859956"/>
            <fprob>0.0</fprob>
        </actor>
        <actor name="D0N17">
            <wcet number="0">30</wcet>
            <wcet number="1">40</wcet>
            <maxpow number="1.0748639793113806"/>
            <maxpow number="1.0748639793113806"/>
            <fprob>0.0</fprob>
        </actor>
        <actor name="D0N8">
            <wcet number="0">10</wcet>
            <wcet number="1">100</wcet>
            <maxpow number="0.4412416917166453"/>
            <maxpow number="0.4412416917166453"/>
            <fprob>0.0</fprob>
        </actor>
        <actor name="D0N13">
            <wcet number="0">80</wcet>
            <wcet number="1">100</wcet>
            <maxpow number="0.7222316785410593"/>
            <maxpow number="0.7222316785410593"/>
            <fprob>0.0</fprob>
        </actor>
        <actor name="D0N9">
            <wcet number="0">130</wcet>
            <wcet number="1">300</wcet>
            <maxpow number="0.8751178093559655"/>
            <maxpow number="0.8751178093559655"/>
            <fprob>0.0</fprob>
        </actor>
        <actor name="D0N47">
            <wcet number="0">30</wcet>
            <wcet number="1">40</wcet>
            <maxpow number="0.7816643009931863"/>
            <maxpow number="0.7816643009931863"/>
            <fprob>0.0</fprob>
        </actor>
        <actor name="D0N15">
            <wcet number="0">40</wcet>
            <wcet number="1">40</wcet>
            <maxpow number="1.0652944877243282"/>
            <maxpow number="1.0652944877243282"/>
            <fprob>0.0</fprob>
        </actor>
        <actor name="D0N43">
            <wcet number="0">70</wcet>
            <wcet number="1">90</wcet>
            <maxpow number="0.7209376530015574"/>
            <maxpow number="0.7209376530015574"/>
            <fprob>0.0</fprob>
        </actor>
        <actor name="D0N41">
            <wcet number="0">10</wcet>
            <wcet number="1">10</wcet>
            <maxpow number="0.6406228374996651"/>
            <maxpow number="0.6406228374996651"/>
            <fprob>0.0</fprob>
        </actor>
        <actor name="D0N14">
            <wcet number="0">90</wcet>
            <wcet number="1">110</wcet>
            <maxpow number="0.7670189687793657"/>
            <maxpow number="0.7670189687793657"/>
            <fprob>0.0</fprob>
        </actor>
        <actor name="D0N24">
            <wcet number="0">10</wcet>
            <wcet number="1">10</wcet>
            <maxpow number="0.570306865648622"/>
            <maxpow number="0.570306865648622"/>
            <fprob>0.0</fprob>
        </actor>
        <ports>
            <port dstActor="D0N38" name="p0" srcActor="D0N5"/>
            <port dstActor="D0N24" name="p1" srcActor="D0N5"/>
            <port dstActor="D0N43" name="p2" srcActor="D0N5"/>
            <port dstActor="D0N27" name="p3" srcActor="D0N5"/>
            <port dstActor="D0N42" name="p4" srcActor="D0N5"/>
            <port dstActor="D0N20" name="p5" srcActor="D0N16"/>
            <port dstActor="D0N27" name="p6" srcActor="D0N16"/>
            <port dstActor="D0N24" name="p7" srcActor="D0N16"/>
            <port dstActor="D0N17" name="p8" srcActor="D0N16"/>
            <port dstActor="D0N42" name="p9" srcActor="D0N36"/>
            <port dstActor="D0N38" name="p10" srcActor="D0N25"/>
            <port dstActor="D0N35" name="p11" srcActor="D0N25"/>
            <port dstActor="D0N38" name="p12" srcActor="D0N29"/>
            <port dstActor="D0N45" name="p13" srcActor="D0N29"/>
            <port dstActor="D0N33" name="p14" srcActor="D0N29"/>
            <port dstActor="D0N47" name="p15" srcActor="D0N27"/>
            <port dstActor="D0N43" name="p16" srcActor="D0N27"/>
            <port dstActor="D0N28" name="p17" srcActor="D0N27"/>
            <port dstActor="D0N46" name="p18" srcActor="D0N26"/>
            <port dstActor="D0N46" name="p19" srcActor="D0N38"/>
            <port dstActor="D0N40" name="p20" srcActor="D0N38"/>
            <port dstActor="D0N34" name="p21" srcActor="D0N18"/>
            <port dstActor="D0N20" name="p22" srcActor="D0N18"/>
            <port dstActor="D0N23" name="p23" srcActor="D0N18"/>
            <port dstActor="D0N25" name="p24" srcActor="D0N18"/>
            <port dstActor="D0N44" name="p25" srcActor="D0N30"/>
            <port dstActor="D0N43" name="p26" srcActor="D0N30"/>
            <port dstActor="D0N34" name="p27" srcActor="D0N30"/>
            <port dstActor="D0N37" name="p28" srcActor="D0N30"/>
            <port dstActor="D0N28" name="p29" srcActor="D0N12"/>
            <port dstActor="D0N30" name="p30" srcActor="D0N12"/>
            <port dstActor="D0N14" name="p31" srcActor="D0N10"/>
            <port dstActor="D0N12" name="p32" srcActor="D0N10"/>
            <port dstActor="D0N21" name="p33" srcActor="D0N10"/>
            <port dstActor="D0N41" name="p34" srcActor="D0N10"/>
            <port dstActor="D0N24" name="p35" srcActor="D0N10"/>
            <port dstActor="D0N36" name="p36" srcActor="D0N10"/>
            <port dstActor="D0N20" name="p37" srcActor="D0N11"/>
            <port dstActor="D0N29" name="p38" srcActor="D0N11"/>
            <port dstActor="D0N47" name="p39" srcActor="D0N11"/>
            <port dstActor="D0N40" name="p40" srcActor="D0N35"/>
            <port dstActor="D0N43" name="p41" srcActor="D0N35"/>
            <port dstActor="D0N42" name="p42" srcActor="D0N35"/>
            <port dstActor="D0N42" name="p43" srcActor="D0N22"/>
            <port dstActor="D0N44" name="p44" srcActor="D0N22"/>
            <port dstActor="D0N46" name="p45" srcActor="D0N42"/>
            <port dstActor="D0N23" name="p46" srcActor="D0N6"/>
            <port dstActor="D0N25" name="p47" srcActor="D0N6"/>
            <port dstActor="D0N39" name="p48" srcActor="D0N6"/>
            <port dstActor="D0N42" name="p49" srcActor="D0N6"/>
            <port dstActor="D0N17" name="p50" srcActor="D0N6"/>
            <port dstActor="D0N32" name="p51" srcActor="D0N6"/>
            <port dstActor="D0N27" name="p52" srcActor="D0N21"/>
            <port dstActor="D0N44" name="p53" srcActor="D0N34"/>
            <port dstActor="D0N46" name="p54" srcActor="D0N34"/>
            <port dstActor="D0N42" name="p55" srcActor="D0N20"/>
            <port dstActor="D0N35" name="p56" srcActor="D0N20"/>
            <port dstActor="D0N44" name="p57" srcActor="D0N31"/>
            <port dstActor="D0N37" name="p58" srcActor="D0N23"/>
            <port dstActor="D0N47" name="p59" srcActor="D0N28"/>
            <port dstActor="D0N46" name="p60" srcActor="D0N40"/>
            <port dstActor="D0N2" name="p61" srcActor="D0N0"/>
            <port dstActor="D0N41" name="p62" srcActor="D0N0"/>
            <port dstActor="D0N29" name="p63" srcActor="D0N0"/>
            <port dstActor="D0N23" name="p64" srcActor="D0N0"/>
            <port dstActor="D0N47" name="p65" srcActor="D0N0"/>
            <port dstActor="D0N9" name="p66" srcActor="D0N0"/>
            <port dstActor="D0N33" name="p67" srcActor="D0N0"/>
            <port dstActor="D0N21" name="p68" srcActor="D0N0"/>
            <port dstActor="D0N24" name="p69" srcActor="D0N1"/>
            <port dstActor="D0N25" name="p70" srcActor="D0N1"/>
            <port dstActor="D0N11" name="p71" srcActor="D0N1"/>
            <port dstActor="D0N42" name="p72" srcActor="D0N1"/>
            <port dstActor="D0N21" name="p73" srcActor="D0N1"/>
            <port dstActor="D0N8" name="p74" srcActor="D0N3"/>
            <port dstActor="D0N9" name="p75" srcActor="D0N3"/>
            <port dstActor="D0N10" name="p76" srcActor="D0N3"/>
            <port dstActor="D0N16" name="p77" srcActor="D0N3"/>
            <port dstActor="D0N42" name="p78" srcActor="D0N3"/>
            <port dstActor="D0N41" name="p79" srcActor="D0N3"/>
            <port dstActor="D0N40" name="p80" srcActor="D0N3"/>
            <port dstActor="D0N43" name="p81" srcActor="D0N37"/>
            <port dstActor="D0N44" name="p82" srcActor="D0N37"/>
            <port dstActor="D0N46" name="p83" srcActor="D0N37"/>
            <port dstActor="D0N29" name="p84" srcActor="D0N2"/>
            <port dstActor="D0N30" name="p85" srcActor="D0N2"/>
            <port dstActor="D0N34" name="p86" srcActor="D0N2"/>
            <port dstActor="D0N17" name="p87" srcActor="D0N2"/>
            <port dstActor="D0N22" name="p88" srcActor="D0N2"/>
            <port dstActor="D0N13" name="p89" srcActor="D0N2"/>
            <port dstActor="D0N21" name="p90" srcActor="D0N2"/>
            <port dstActor="D0N20" name="p91" srcActor="D0N2"/>
            <port dstActor="D0N39" name="p92" srcActor="D0N19"/>
            <port dstActor="D0N32" name="p93" srcActor="D0N19"/>
            <port dstActor="D0N34" name="p94" srcActor="D0N19"/>
            <port dstActor="D0N42" name="p95" srcActor="D0N19"/>
            <port dstActor="D0N36" name="p96" srcActor="D0N19"/>
            <port dstActor="D0N23" name="p97" srcActor="D0N19"/>
            <port dstActor="D0N20" name="p98" srcActor="D0N19"/>
            <port dstActor="D0N26" name="p99" srcActor="D0N7"/>
            <port dstActor="D0N47" name="p100" srcActor="D0N7"/>
            <port dstActor="D0N22" name="p101" srcActor="D0N7"/>
            <port dstActor="D0N46" name="p102" srcActor="D0N7"/>
            <port dstActor="D0N32" name="p103" srcActor="D0N7"/>
            <port dstActor="D0N47" name="p104" srcActor="D0N39"/>
            <port dstActor="D0N46" name="p105" srcActor="D0N39"/>
            <port dstActor="D0N40" name="p106" srcActor="D0N39"/>
            <port dstActor="D0N41" name="p107" srcActor="D0N39"/>
            <port dstActor="D0N25" name="p108" srcActor="D0N4"/>
            <port dstActor="D0N22" name="p109" srcActor="D0N17"/>
            <port dstActor="D0N47" name="p110" srcActor="D0N17"/>
            <port dstActor="D0N39" name="p111" srcActor="D0N17"/>
            <port dstActor="D0N28" name="p112" srcActor="D0N8"/>
            <port dstActor="D0N30" name="p113" srcActor="D0N8"/>
            <port dstActor="D0N12" name="p114" srcActor="D0N8"/>
            <port dstActor="D0N45" name="p115" srcActor="D0N8"/>
            <port dstActor="D0N15" name="p116" srcActor="D0N13"/>
            <port dstActor="D0N44" name="p117" srcActor="D0N13"/>
            <port dstActor="D0N26" name="p118" srcActor="D0N13"/>
            <port dstActor="D0N39" name="p119" srcActor="D0N13"/>
            <port dstActor="D0N36" name="p120" srcActor="D0N13"/>
            <port dstActor="D0N31" name="p121" srcActor="D0N13"/>
            <port dstActor="D0N15" name="p122" srcActor="D0N9"/>
            <port dstActor="D0N40" name="p123" srcActor="D0N9"/>
            <port dstActor="D0N37" name="p124" srcActor="D0N9"/>
            <port dstActor="D0N31" name="p125" srcActor="D0N9"/>
            <port dstActor="D0N42" name="p126" srcActor="D0N9"/>
            <port dstActor="D0N11" name="p127" srcActor="D0N9"/>
            <port dstActor="D0N35" name="p128" srcActor="D0N15"/>
            <port dstActor="D0N39" name="p129" srcActor="D0N15"/>
            <port dstActor="D0N17" name="p130" srcActor="D0N15"/>
            <port dstActor="D0N31" name="p131" srcActor="D0N14"/>
            <port dstActor="D0N32" name="p132" srcActor="D0N14"/>
            <port dstActor="D0N22" name="p133" srcActor="D0N14"/>
            <port dstActor="D0N34" name="p134" srcActor="D0N24"/>
        </ports>
    </mcdag>
    <cores number="3"/>
    <levels number="2"/>
</mcsystem>
