<?xml version="1.0" encoding="UTF-8" standalone="no"?>
<mcsystem>
    <mcdag deadline="5000" name="genned-0-ed-10.0-0">
        <actor name="D0N14">
            <wcet number="0">70</wcet>
            <wcet number="1">190</wcet>
            <maxpow number="0.5626461327331046"/>
            <maxpow number="0.5626461327331046"/>
            <fprob>0.0</fprob>
        </actor>
        <actor name="D0N13">
            <wcet number="0">40</wcet>
            <wcet number="1">140</wcet>
            <maxpow number="0.28926557971586764"/>
            <maxpow number="0.28926557971586764"/>
            <fprob>0.0</fprob>
        </actor>
        <actor name="D0N23">
            <wcet number="0">30</wcet>
            <wcet number="1">30</wcet>
            <maxpow number="0.6334338708982059"/>
            <maxpow number="0.6334338708982059"/>
            <fprob>0.0</fprob>
        </actor>
        <actor name="D0N12">
            <wcet number="0">30</wcet>
            <wcet number="1">30</wcet>
            <maxpow number="0.5233709172227863"/>
            <maxpow number="0.5233709172227863"/>
            <fprob>0.0</fprob>
        </actor>
        <actor name="D0N36">
            <wcet number="0">80</wcet>
            <wcet number="1">240</wcet>
            <maxpow number="0.8613173964489442"/>
            <maxpow number="0.8613173964489442"/>
            <fprob>0.0</fprob>
        </actor>
        <actor name="D0N35">
            <wcet number="0">90</wcet>
            <wcet number="1">100</wcet>
            <maxpow number="0.6245426766625624"/>
            <maxpow number="0.6245426766625624"/>
            <fprob>0.0</fprob>
        </actor>
        <actor name="D0N46">
            <wcet number="0">200</wcet>
            <wcet number="1">220</wcet>
            <maxpow number="0.36723671909794486"/>
            <maxpow number="0.36723671909794486"/>
            <fprob>0.0</fprob>
        </actor>
        <actor name="D0N6">
            <wcet number="0">70</wcet>
            <wcet number="1">320</wcet>
            <maxpow number="0.4567675594670982"/>
            <maxpow number="0.4567675594670982"/>
            <fprob>0.0</fprob>
        </actor>
        <actor name="D0N26">
            <wcet number="0">30</wcet>
            <wcet number="1">40</wcet>
            <maxpow number="0.49857998673300463"/>
            <maxpow number="0.49857998673300463"/>
            <fprob>0.0</fprob>
        </actor>
        <actor name="D0N30">
            <wcet number="0">110</wcet>
            <wcet number="1">200</wcet>
            <maxpow number="0.5405068123885893"/>
            <maxpow number="0.5405068123885893"/>
            <fprob>0.0</fprob>
        </actor>
        <actor name="D0N8">
            <wcet number="0">70</wcet>
            <wcet number="1">70</wcet>
            <maxpow number="0.5924878350678601"/>
            <maxpow number="0.5924878350678601"/>
            <fprob>0.0</fprob>
        </actor>
        <actor name="D0N37">
            <wcet number="0">530</wcet>
            <wcet number="1">540</wcet>
            <maxpow number="0.6812888950703173"/>
            <maxpow number="0.6812888950703173"/>
            <fprob>0.0</fprob>
        </actor>
        <actor name="D0N5">
            <wcet number="0">90</wcet>
            <wcet number="1">180</wcet>
            <maxpow number="0.929739149052945"/>
            <maxpow number="0.929739149052945"/>
            <fprob>0.0</fprob>
        </actor>
        <actor name="D0N21">
            <wcet number="0">90</wcet>
            <wcet number="1">140</wcet>
            <maxpow number="0.48221491192805777"/>
            <maxpow number="0.48221491192805777"/>
            <fprob>0.0</fprob>
        </actor>
        <actor name="D0N7">
            <wcet number="0">30</wcet>
            <wcet number="1">70</wcet>
            <maxpow number="0.9268559975348561"/>
            <maxpow number="0.9268559975348561"/>
            <fprob>0.0</fprob>
        </actor>
        <actor name="D0N40">
            <wcet number="0">20</wcet>
            <wcet number="1">20</wcet>
            <maxpow number="0.5580528108968469"/>
            <maxpow number="0.5580528108968469"/>
            <fprob>0.0</fprob>
        </actor>
        <actor name="D0N20">
            <wcet number="0">380</wcet>
            <wcet number="1">470</wcet>
            <maxpow number="0.788360292213347"/>
            <maxpow number="0.788360292213347"/>
            <fprob>0.0</fprob>
        </actor>
        <actor name="D0N15">
            <wcet number="0">180</wcet>
            <wcet number="1">560</wcet>
            <maxpow number="0.965843261628875"/>
            <maxpow number="0.965843261628875"/>
            <fprob>0.0</fprob>
        </actor>
        <actor name="D0N24">
            <wcet number="0">190</wcet>
            <wcet number="1">210</wcet>
            <maxpow number="0.6087840471322431"/>
            <maxpow number="0.6087840471322431"/>
            <fprob>0.0</fprob>
        </actor>
        <actor name="D0N42">
            <wcet number="0">20</wcet>
            <wcet number="1">30</wcet>
            <maxpow number="0.442012722340626"/>
            <maxpow number="0.442012722340626"/>
            <fprob>0.0</fprob>
        </actor>
        <actor name="D0N17">
            <wcet number="0">40</wcet>
            <wcet number="1">40</wcet>
            <maxpow number="0.6295325559841276"/>
            <maxpow number="0.6295325559841276"/>
            <fprob>0.0</fprob>
        </actor>
        <actor name="D0N0">
            <wcet number="0">130</wcet>
            <wcet number="1">210</wcet>
            <maxpow number="0.6238863837979209"/>
            <maxpow number="0.6238863837979209"/>
            <fprob>0.0</fprob>
        </actor>
        <actor name="D0N1">
            <wcet number="0">470</wcet>
            <wcet number="1">530</wcet>
            <maxpow number="0.6948001803614384"/>
            <maxpow number="0.6948001803614384"/>
            <fprob>0.0</fprob>
        </actor>
        <actor name="D0N31">
            <wcet number="0">40</wcet>
            <wcet number="1">40</wcet>
            <maxpow number="0.33943125249724193"/>
            <maxpow number="0.33943125249724193"/>
            <fprob>0.0</fprob>
        </actor>
        <actor name="D0N27">
            <wcet number="0">30</wcet>
            <wcet number="1">170</wcet>
            <maxpow number="0.22426705144735604"/>
            <maxpow number="0.22426705144735604"/>
            <fprob>0.0</fprob>
        </actor>
        <actor name="D0N45">
            <wcet number="0">230</wcet>
            <wcet number="1">350</wcet>
            <maxpow number="0.6722904516151429"/>
            <maxpow number="0.6722904516151429"/>
            <fprob>0.0</fprob>
        </actor>
        <actor name="D0N28">
            <wcet number="0">110</wcet>
            <wcet number="1">130</wcet>
            <maxpow number="0.6109463133856906"/>
            <maxpow number="0.6109463133856906"/>
            <fprob>0.0</fprob>
        </actor>
        <actor name="D0N33">
            <wcet number="0">60</wcet>
            <wcet number="1">130</wcet>
            <maxpow number="0.3427240878861676"/>
            <maxpow number="0.3427240878861676"/>
            <fprob>0.0</fprob>
        </actor>
        <actor name="D0N34">
            <wcet number="0">120</wcet>
            <wcet number="1">210</wcet>
            <maxpow number="0.5172383367942684"/>
            <maxpow number="0.5172383367942684"/>
            <fprob>0.0</fprob>
        </actor>
        <actor name="D0N29">
            <wcet number="0">100</wcet>
            <wcet number="1">380</wcet>
            <maxpow number="0.38865415366039424"/>
            <maxpow number="0.38865415366039424"/>
            <fprob>0.0</fprob>
        </actor>
        <actor name="D0N38">
            <wcet number="0">20</wcet>
            <wcet number="1">160</wcet>
            <maxpow number="0.4161215797908199"/>
            <maxpow number="0.4161215797908199"/>
            <fprob>0.0</fprob>
        </actor>
        <actor name="D0N39">
            <wcet number="0">10</wcet>
            <wcet number="1">90</wcet>
            <maxpow number="0.545365510048412"/>
            <maxpow number="0.545365510048412"/>
            <fprob>0.0</fprob>
        </actor>
        <actor name="D0N19">
            <wcet number="0">20</wcet>
            <wcet number="1">290</wcet>
            <maxpow number="0.4949069170728504"/>
            <maxpow number="0.4949069170728504"/>
            <fprob>0.0</fprob>
        </actor>
        <actor name="D0N25">
            <wcet number="0">20</wcet>
            <wcet number="1">20</wcet>
            <maxpow number="0.48942074799449836"/>
            <maxpow number="0.48942074799449836"/>
            <fprob>0.0</fprob>
        </actor>
        <actor name="D0N16">
            <wcet number="0">70</wcet>
            <wcet number="1">150</wcet>
            <maxpow number="0.8052972936598877"/>
            <maxpow number="0.8052972936598877"/>
            <fprob>0.0</fprob>
        </actor>
        <actor name="D0N2">
            <wcet number="0">430</wcet>
            <wcet number="1">710</wcet>
            <maxpow number="0.678733618891711"/>
            <maxpow number="0.678733618891711"/>
            <fprob>0.0</fprob>
        </actor>
        <actor name="D0N18">
            <wcet number="0">120</wcet>
            <wcet number="1">450</wcet>
            <maxpow number="0.6166332625503455"/>
            <maxpow number="0.6166332625503455"/>
            <fprob>0.0</fprob>
        </actor>
        <actor name="D0N3">
            <wcet number="0">100</wcet>
            <wcet number="1">140</wcet>
            <maxpow number="0.421285954546254"/>
            <maxpow number="0.421285954546254"/>
            <fprob>0.0</fprob>
        </actor>
        <actor name="D0N10">
            <wcet number="0">20</wcet>
            <wcet number="1">980</wcet>
            <maxpow number="0.49877347019592116"/>
            <maxpow number="0.49877347019592116"/>
            <fprob>0.0</fprob>
        </actor>
        <actor name="D0N4">
            <wcet number="0">20</wcet>
            <wcet number="1">20</wcet>
            <maxpow number="0.1620515653535065"/>
            <maxpow number="0.1620515653535065"/>
            <fprob>0.0</fprob>
        </actor>
        <actor name="D0N41">
            <wcet number="0">60</wcet>
            <wcet number="1">110</wcet>
            <maxpow number="0.3231014323108965"/>
            <maxpow number="0.3231014323108965"/>
            <fprob>0.0</fprob>
        </actor>
        <actor name="D0N47">
            <wcet number="0">10</wcet>
            <wcet number="1">70</wcet>
            <maxpow number="0.511476962613629"/>
            <maxpow number="0.511476962613629"/>
            <fprob>0.0</fprob>
        </actor>
        <actor name="D0N22">
            <wcet number="0">630</wcet>
            <wcet number="1">720</wcet>
            <maxpow number="0.4854515284184588"/>
            <maxpow number="0.4854515284184588"/>
            <fprob>0.0</fprob>
        </actor>
        <actor name="D0N43">
            <wcet number="0">120</wcet>
            <wcet number="1">160</wcet>
            <maxpow number="0.40489689671285056"/>
            <maxpow number="0.40489689671285056"/>
            <fprob>0.0</fprob>
        </actor>
        <actor name="D0N32">
            <wcet number="0">550</wcet>
            <wcet number="1">560</wcet>
            <maxpow number="0.19728794602733918"/>
            <maxpow number="0.19728794602733918"/>
            <fprob>0.0</fprob>
        </actor>
        <actor name="D0N44">
            <wcet number="0">190</wcet>
            <wcet number="1">260</wcet>
            <maxpow number="0.4372497439730539"/>
            <maxpow number="0.4372497439730539"/>
            <fprob>0.0</fprob>
        </actor>
        <actor name="D0N11">
            <wcet number="0">20</wcet>
            <wcet number="1">20</wcet>
            <maxpow number="0.5987482417925549"/>
            <maxpow number="0.5987482417925549"/>
            <fprob>0.0</fprob>
        </actor>
        <actor name="D0N9">
            <wcet number="0">400</wcet>
            <wcet number="1">600</wcet>
            <maxpow number="0.3635144018983174"/>
            <maxpow number="0.3635144018983174"/>
            <fprob>0.0</fprob>
        </actor>
        <ports>
            <port dstActor="D0N43" name="p0" srcActor="D0N14"/>
            <port dstActor="D0N41" name="p1" srcActor="D0N14"/>
            <port dstActor="D0N24" name="p2" srcActor="D0N14"/>
            <port dstActor="D0N14" name="p3" srcActor="D0N13"/>
            <port dstActor="D0N37" name="p4" srcActor="D0N13"/>
            <port dstActor="D0N30" name="p5" srcActor="D0N23"/>
            <port dstActor="D0N27" name="p6" srcActor="D0N23"/>
            <port dstActor="D0N24" name="p7" srcActor="D0N23"/>
            <port dstActor="D0N24" name="p8" srcActor="D0N12"/>
            <port dstActor="D0N43" name="p9" srcActor="D0N12"/>
            <port dstActor="D0N25" name="p10" srcActor="D0N12"/>
            <port dstActor="D0N20" name="p11" srcActor="D0N12"/>
            <port dstActor="D0N37" name="p12" srcActor="D0N36"/>
            <port dstActor="D0N44" name="p13" srcActor="D0N35"/>
            <port dstActor="D0N41" name="p14" srcActor="D0N35"/>
            <port dstActor="D0N36" name="p15" srcActor="D0N35"/>
            <port dstActor="D0N25" name="p16" srcActor="D0N6"/>
            <port dstActor="D0N17" name="p17" srcActor="D0N6"/>
            <port dstActor="D0N33" name="p18" srcActor="D0N6"/>
            <port dstActor="D0N9" name="p19" srcActor="D0N6"/>
            <port dstActor="D0N43" name="p20" srcActor="D0N6"/>
            <port dstActor="D0N34" name="p21" srcActor="D0N26"/>
            <port dstActor="D0N29" name="p22" srcActor="D0N26"/>
            <port dstActor="D0N39" name="p23" srcActor="D0N26"/>
            <port dstActor="D0N41" name="p24" srcActor="D0N26"/>
            <port dstActor="D0N36" name="p25" srcActor="D0N26"/>
            <port dstActor="D0N39" name="p26" srcActor="D0N30"/>
            <port dstActor="D0N44" name="p27" srcActor="D0N30"/>
            <port dstActor="D0N9" name="p28" srcActor="D0N8"/>
            <port dstActor="D0N47" name="p29" srcActor="D0N8"/>
            <port dstActor="D0N44" name="p30" srcActor="D0N8"/>
            <port dstActor="D0N37" name="p31" srcActor="D0N5"/>
            <port dstActor="D0N16" name="p32" srcActor="D0N5"/>
            <port dstActor="D0N21" name="p33" srcActor="D0N5"/>
            <port dstActor="D0N24" name="p34" srcActor="D0N21"/>
            <port dstActor="D0N27" name="p35" srcActor="D0N7"/>
            <port dstActor="D0N36" name="p36" srcActor="D0N7"/>
            <port dstActor="D0N24" name="p37" srcActor="D0N7"/>
            <port dstActor="D0N42" name="p38" srcActor="D0N7"/>
            <port dstActor="D0N45" name="p39" srcActor="D0N7"/>
            <port dstActor="D0N44" name="p40" srcActor="D0N7"/>
            <port dstActor="D0N38" name="p41" srcActor="D0N7"/>
            <port dstActor="D0N22" name="p42" srcActor="D0N7"/>
            <port dstActor="D0N37" name="p43" srcActor="D0N20"/>
            <port dstActor="D0N21" name="p44" srcActor="D0N20"/>
            <port dstActor="D0N35" name="p45" srcActor="D0N20"/>
            <port dstActor="D0N27" name="p46" srcActor="D0N24"/>
            <port dstActor="D0N41" name="p47" srcActor="D0N24"/>
            <port dstActor="D0N29" name="p48" srcActor="D0N24"/>
            <port dstActor="D0N45" name="p49" srcActor="D0N42"/>
            <port dstActor="D0N46" name="p50" srcActor="D0N42"/>
            <port dstActor="D0N30" name="p51" srcActor="D0N17"/>
            <port dstActor="D0N44" name="p52" srcActor="D0N17"/>
            <port dstActor="D0N41" name="p53" srcActor="D0N17"/>
            <port dstActor="D0N25" name="p54" srcActor="D0N17"/>
            <port dstActor="D0N27" name="p55" srcActor="D0N17"/>
            <port dstActor="D0N23" name="p56" srcActor="D0N0"/>
            <port dstActor="D0N33" name="p57" srcActor="D0N0"/>
            <port dstActor="D0N44" name="p58" srcActor="D0N0"/>
            <port dstActor="D0N4" name="p59" srcActor="D0N0"/>
            <port dstActor="D0N36" name="p60" srcActor="D0N31"/>
            <port dstActor="D0N46" name="p61" srcActor="D0N27"/>
            <port dstActor="D0N39" name="p62" srcActor="D0N28"/>
            <port dstActor="D0N39" name="p63" srcActor="D0N33"/>
            <port dstActor="D0N36" name="p64" srcActor="D0N33"/>
            <port dstActor="D0N40" name="p65" srcActor="D0N33"/>
            <port dstActor="D0N34" name="p66" srcActor="D0N33"/>
            <port dstActor="D0N39" name="p67" srcActor="D0N29"/>
            <port dstActor="D0N30" name="p68" srcActor="D0N29"/>
            <port dstActor="D0N44" name="p69" srcActor="D0N39"/>
            <port dstActor="D0N42" name="p70" srcActor="D0N39"/>
            <port dstActor="D0N29" name="p71" srcActor="D0N19"/>
            <port dstActor="D0N26" name="p72" srcActor="D0N19"/>
            <port dstActor="D0N43" name="p73" srcActor="D0N19"/>
            <port dstActor="D0N41" name="p74" srcActor="D0N19"/>
            <port dstActor="D0N27" name="p75" srcActor="D0N25"/>
            <port dstActor="D0N46" name="p76" srcActor="D0N25"/>
            <port dstActor="D0N17" name="p77" srcActor="D0N16"/>
            <port dstActor="D0N32" name="p78" srcActor="D0N16"/>
            <port dstActor="D0N45" name="p79" srcActor="D0N16"/>
            <port dstActor="D0N6" name="p80" srcActor="D0N2"/>
            <port dstActor="D0N40" name="p81" srcActor="D0N2"/>
            <port dstActor="D0N16" name="p82" srcActor="D0N2"/>
            <port dstActor="D0N39" name="p83" srcActor="D0N2"/>
            <port dstActor="D0N23" name="p84" srcActor="D0N18"/>
            <port dstActor="D0N42" name="p85" srcActor="D0N18"/>
            <port dstActor="D0N25" name="p86" srcActor="D0N18"/>
            <port dstActor="D0N7" name="p87" srcActor="D0N3"/>
            <port dstActor="D0N16" name="p88" srcActor="D0N3"/>
            <port dstActor="D0N35" name="p89" srcActor="D0N10"/>
            <port dstActor="D0N47" name="p90" srcActor="D0N4"/>
            <port dstActor="D0N5" name="p91" srcActor="D0N4"/>
            <port dstActor="D0N32" name="p92" srcActor="D0N4"/>
            <port dstActor="D0N8" name="p93" srcActor="D0N4"/>
            <port dstActor="D0N21" name="p94" srcActor="D0N4"/>
            <port dstActor="D0N29" name="p95" srcActor="D0N4"/>
            <port dstActor="D0N42" name="p96" srcActor="D0N41"/>
            <port dstActor="D0N44" name="p97" srcActor="D0N22"/>
            <port dstActor="D0N25" name="p98" srcActor="D0N22"/>
            <port dstActor="D0N46" name="p99" srcActor="D0N22"/>
            <port dstActor="D0N36" name="p100" srcActor="D0N32"/>
            <port dstActor="D0N41" name="p101" srcActor="D0N32"/>
            <port dstActor="D0N47" name="p102" srcActor="D0N44"/>
            <port dstActor="D0N40" name="p103" srcActor="D0N11"/>
            <port dstActor="D0N22" name="p104" srcActor="D0N11"/>
            <port dstActor="D0N24" name="p105" srcActor="D0N11"/>
            <port dstActor="D0N16" name="p106" srcActor="D0N11"/>
            <port dstActor="D0N45" name="p107" srcActor="D0N11"/>
            <port dstActor="D0N43" name="p108" srcActor="D0N11"/>
            <port dstActor="D0N27" name="p109" srcActor="D0N9"/>
            <port dstActor="D0N47" name="p110" srcActor="D0N9"/>
            <port dstActor="D0N14" name="p111" srcActor="D0N9"/>
            <port dstActor="D0N29" name="p112" srcActor="D0N9"/>
            <port dstActor="D0N39" name="p113" srcActor="D0N9"/>
        </ports>
    </mcdag>
    <cores number="3"/>
    <levels number="2"/>
</mcsystem>
