<?xml version="1.0" encoding="UTF-8" standalone="no"?>
<mcsystem>
    <mcdag deadline="1200" name="genned-0-ed-10.0-0">
        <actor name="D0N14">
            <wcet number="0">20</wcet>
            <wcet number="1">50</wcet>
            <maxpow number="0.5671104000853161"/>
            <maxpow number="0.5671104000853161"/>
            <fprob>0.0</fprob>
        </actor>
        <actor name="D0N8">
            <wcet number="0">10</wcet>
            <wcet number="1">70</wcet>
            <maxpow number="0.48810798838869646"/>
            <maxpow number="0.48810798838869646"/>
            <fprob>0.0</fprob>
        </actor>
        <actor name="D0N31">
            <wcet number="0">30</wcet>
            <wcet number="1">30</wcet>
            <maxpow number="0.5330821791337415"/>
            <maxpow number="0.5330821791337415"/>
            <fprob>0.0</fprob>
        </actor>
        <actor name="D0N20">
            <wcet number="0">10</wcet>
            <wcet number="1">10</wcet>
            <maxpow number="0.7153879190921955"/>
            <maxpow number="0.7153879190921955"/>
            <fprob>0.0</fprob>
        </actor>
        <actor name="D0N27">
            <wcet number="0">20</wcet>
            <wcet number="1">30</wcet>
            <maxpow number="0.42731946015784295"/>
            <maxpow number="0.42731946015784295"/>
            <fprob>0.0</fprob>
        </actor>
        <actor name="D0N9">
            <wcet number="0">10</wcet>
            <wcet number="1">20</wcet>
            <maxpow number="0.5226104677777111"/>
            <maxpow number="0.5226104677777111"/>
            <fprob>0.0</fprob>
        </actor>
        <actor name="D0N22">
            <wcet number="0">10</wcet>
            <wcet number="1">10</wcet>
            <maxpow number="0.4296951846227275"/>
            <maxpow number="0.4296951846227275"/>
            <fprob>0.0</fprob>
        </actor>
        <actor name="D0N19">
            <wcet number="0">160</wcet>
            <wcet number="1">240</wcet>
            <maxpow number="0.6263796990744642"/>
            <maxpow number="0.6263796990744642"/>
            <fprob>0.0</fprob>
        </actor>
        <actor name="D0N13">
            <wcet number="0">10</wcet>
            <wcet number="1">10</wcet>
            <maxpow number="0.7796623687458535"/>
            <maxpow number="0.7796623687458535"/>
            <fprob>0.0</fprob>
        </actor>
        <actor name="D0N24">
            <wcet number="0">20</wcet>
            <wcet number="1">120</wcet>
            <maxpow number="0.43209152094126824"/>
            <maxpow number="0.43209152094126824"/>
            <fprob>0.0</fprob>
        </actor>
        <actor name="D0N26">
            <wcet number="0">10</wcet>
            <wcet number="1">20</wcet>
            <maxpow number="0.35746770266301275"/>
            <maxpow number="0.35746770266301275"/>
            <fprob>0.0</fprob>
        </actor>
        <actor name="D0N17">
            <wcet number="0">10</wcet>
            <wcet number="1">10</wcet>
            <maxpow number="0.4011294814395686"/>
            <maxpow number="0.4011294814395686"/>
            <fprob>0.0</fprob>
        </actor>
        <actor name="D0N2">
            <wcet number="0">30</wcet>
            <wcet number="1">40</wcet>
            <maxpow number="0.7573067266053983"/>
            <maxpow number="0.7573067266053983"/>
            <fprob>0.0</fprob>
        </actor>
        <actor name="D0N37">
            <wcet number="0">10</wcet>
            <wcet number="1">20</wcet>
            <maxpow number="0.539922642967104"/>
            <maxpow number="0.539922642967104"/>
            <fprob>0.0</fprob>
        </actor>
        <actor name="D0N36">
            <wcet number="0">30</wcet>
            <wcet number="1">30</wcet>
            <maxpow number="0.2910930623109463"/>
            <maxpow number="0.2910930623109463"/>
            <fprob>0.0</fprob>
        </actor>
        <actor name="D0N38">
            <wcet number="0">10</wcet>
            <wcet number="1">10</wcet>
            <maxpow number="0.8089569973526132"/>
            <maxpow number="0.8089569973526132"/>
            <fprob>0.0</fprob>
        </actor>
        <actor name="D0N15">
            <wcet number="0">20</wcet>
            <wcet number="1">20</wcet>
            <maxpow number="0.37720620416509665"/>
            <maxpow number="0.37720620416509665"/>
            <fprob>0.0</fprob>
        </actor>
        <actor name="D0N32">
            <wcet number="0">10</wcet>
            <wcet number="1">10</wcet>
            <maxpow number="0.595953622271712"/>
            <maxpow number="0.595953622271712"/>
            <fprob>0.0</fprob>
        </actor>
        <actor name="D0N30">
            <wcet number="0">20</wcet>
            <wcet number="1">20</wcet>
            <maxpow number="0.6991734531567265"/>
            <maxpow number="0.6991734531567265"/>
            <fprob>0.0</fprob>
        </actor>
        <actor name="D0N12">
            <wcet number="0">30</wcet>
            <wcet number="1">60</wcet>
            <maxpow number="0.5064188918764522"/>
            <maxpow number="0.5064188918764522"/>
            <fprob>0.0</fprob>
        </actor>
        <actor name="D0N3">
            <wcet number="0">10</wcet>
            <wcet number="1">30</wcet>
            <maxpow number="0.20889207802990356"/>
            <maxpow number="0.20889207802990356"/>
            <fprob>0.0</fprob>
        </actor>
        <actor name="D0N11">
            <wcet number="0">80</wcet>
            <wcet number="1">120</wcet>
            <maxpow number="0.6677509607904712"/>
            <maxpow number="0.6677509607904712"/>
            <fprob>0.0</fprob>
        </actor>
        <actor name="D0N28">
            <wcet number="0">10</wcet>
            <wcet number="1">80</wcet>
            <maxpow number="0.5630452743816828"/>
            <maxpow number="0.5630452743816828"/>
            <fprob>0.0</fprob>
        </actor>
        <actor name="D0N41">
            <wcet number="0">30</wcet>
            <wcet number="1">40</wcet>
            <maxpow number="0.5779034438268759"/>
            <maxpow number="0.5779034438268759"/>
            <fprob>0.0</fprob>
        </actor>
        <actor name="D0N39">
            <wcet number="0">60</wcet>
            <wcet number="1">100</wcet>
            <maxpow number="0.35323681633045007"/>
            <maxpow number="0.35323681633045007"/>
            <fprob>0.0</fprob>
        </actor>
        <actor name="D0N10">
            <wcet number="0">130</wcet>
            <wcet number="1">140</wcet>
            <maxpow number="0.6876021756538333"/>
            <maxpow number="0.6876021756538333"/>
            <fprob>0.0</fprob>
        </actor>
        <actor name="D0N35">
            <wcet number="0">40</wcet>
            <wcet number="1">40</wcet>
            <maxpow number="0.8604104749365302"/>
            <maxpow number="0.8604104749365302"/>
            <fprob>0.0</fprob>
        </actor>
        <actor name="D0N21">
            <wcet number="0">80</wcet>
            <wcet number="1">80</wcet>
            <maxpow number="0.8284984011774595"/>
            <maxpow number="0.8284984011774595"/>
            <fprob>0.0</fprob>
        </actor>
        <actor name="D0N29">
            <wcet number="0">40</wcet>
            <wcet number="1">40</wcet>
            <maxpow number="0.438550816478372"/>
            <maxpow number="0.438550816478372"/>
            <fprob>0.0</fprob>
        </actor>
        <actor name="D0N5">
            <wcet number="0">20</wcet>
            <wcet number="1">90</wcet>
            <maxpow number="0.4427174906577528"/>
            <maxpow number="0.4427174906577528"/>
            <fprob>0.0</fprob>
        </actor>
        <actor name="D0N25">
            <wcet number="0">10</wcet>
            <wcet number="1">70</wcet>
            <maxpow number="0.6242678416905929"/>
            <maxpow number="0.6242678416905929"/>
            <fprob>0.0</fprob>
        </actor>
        <actor name="D0N16">
            <wcet number="0">50</wcet>
            <wcet number="1">80</wcet>
            <maxpow number="0.41328066457606416"/>
            <maxpow number="0.41328066457606416"/>
            <fprob>0.0</fprob>
        </actor>
        <actor name="D0N23">
            <wcet number="0">60</wcet>
            <wcet number="1">60</wcet>
            <maxpow number="0.935434032402878"/>
            <maxpow number="0.935434032402878"/>
            <fprob>0.0</fprob>
        </actor>
        <actor name="D0N34">
            <wcet number="0">10</wcet>
            <wcet number="1">30</wcet>
            <maxpow number="0.36052167271298363"/>
            <maxpow number="0.36052167271298363"/>
            <fprob>0.0</fprob>
        </actor>
        <actor name="D0N33">
            <wcet number="0">30</wcet>
            <wcet number="1">30</wcet>
            <maxpow number="0.19255849428176208"/>
            <maxpow number="0.19255849428176208"/>
            <fprob>0.0</fprob>
        </actor>
        <actor name="D0N40">
            <wcet number="0">30</wcet>
            <wcet number="1">70</wcet>
            <maxpow number="0.22461984872371737"/>
            <maxpow number="0.22461984872371737"/>
            <fprob>0.0</fprob>
        </actor>
        <actor name="D0N6">
            <wcet number="0">40</wcet>
            <wcet number="1">40</wcet>
            <maxpow number="0.38975111799595563"/>
            <maxpow number="0.38975111799595563"/>
            <fprob>0.0</fprob>
        </actor>
        <actor name="D0N7">
            <wcet number="0">60</wcet>
            <wcet number="1">60</wcet>
            <maxpow number="0.8191903399430854"/>
            <maxpow number="0.8191903399430854"/>
            <fprob>0.0</fprob>
        </actor>
        <actor name="D0N1">
            <wcet number="0">100</wcet>
            <wcet number="1">100</wcet>
            <maxpow number="0.9802949363057936"/>
            <maxpow number="0.9802949363057936"/>
            <fprob>0.0</fprob>
        </actor>
        <actor name="D0N18">
            <wcet number="0">30</wcet>
            <wcet number="1">90</wcet>
            <maxpow number="0.3105612798155256"/>
            <maxpow number="0.3105612798155256"/>
            <fprob>0.0</fprob>
        </actor>
        <actor name="D0N0">
            <wcet number="0">10</wcet>
            <wcet number="1">10</wcet>
            <maxpow number="0.22684984575596462"/>
            <maxpow number="0.22684984575596462"/>
            <fprob>0.0</fprob>
        </actor>
        <actor name="D0N4">
            <wcet number="0">60</wcet>
            <wcet number="1">170</wcet>
            <maxpow number="0.7130113057063053"/>
            <maxpow number="0.7130113057063053"/>
            <fprob>0.0</fprob>
        </actor>
        <ports>
            <port dstActor="D0N38" name="p0" srcActor="D0N14"/>
            <port dstActor="D0N39" name="p1" srcActor="D0N14"/>
            <port dstActor="D0N15" name="p2" srcActor="D0N8"/>
            <port dstActor="D0N35" name="p3" srcActor="D0N8"/>
            <port dstActor="D0N37" name="p4" srcActor="D0N31"/>
            <port dstActor="D0N39" name="p5" srcActor="D0N31"/>
            <port dstActor="D0N33" name="p6" srcActor="D0N20"/>
            <port dstActor="D0N36" name="p7" srcActor="D0N27"/>
            <port dstActor="D0N30" name="p8" srcActor="D0N27"/>
            <port dstActor="D0N15" name="p9" srcActor="D0N9"/>
            <port dstActor="D0N13" name="p10" srcActor="D0N9"/>
            <port dstActor="D0N14" name="p11" srcActor="D0N9"/>
            <port dstActor="D0N23" name="p12" srcActor="D0N22"/>
            <port dstActor="D0N36" name="p13" srcActor="D0N22"/>
            <port dstActor="D0N37" name="p14" srcActor="D0N19"/>
            <port dstActor="D0N25" name="p15" srcActor="D0N19"/>
            <port dstActor="D0N35" name="p16" srcActor="D0N19"/>
            <port dstActor="D0N21" name="p17" srcActor="D0N19"/>
            <port dstActor="D0N35" name="p18" srcActor="D0N13"/>
            <port dstActor="D0N29" name="p19" srcActor="D0N24"/>
            <port dstActor="D0N32" name="p20" srcActor="D0N24"/>
            <port dstActor="D0N25" name="p21" srcActor="D0N24"/>
            <port dstActor="D0N27" name="p22" srcActor="D0N26"/>
            <port dstActor="D0N26" name="p23" srcActor="D0N17"/>
            <port dstActor="D0N37" name="p24" srcActor="D0N17"/>
            <port dstActor="D0N38" name="p25" srcActor="D0N17"/>
            <port dstActor="D0N20" name="p26" srcActor="D0N17"/>
            <port dstActor="D0N27" name="p27" srcActor="D0N2"/>
            <port dstActor="D0N30" name="p28" srcActor="D0N2"/>
            <port dstActor="D0N11" name="p29" srcActor="D0N2"/>
            <port dstActor="D0N33" name="p30" srcActor="D0N2"/>
            <port dstActor="D0N18" name="p31" srcActor="D0N15"/>
            <port dstActor="D0N29" name="p32" srcActor="D0N15"/>
            <port dstActor="D0N21" name="p33" srcActor="D0N15"/>
            <port dstActor="D0N37" name="p34" srcActor="D0N30"/>
            <port dstActor="D0N38" name="p35" srcActor="D0N30"/>
            <port dstActor="D0N35" name="p36" srcActor="D0N12"/>
            <port dstActor="D0N40" name="p37" srcActor="D0N12"/>
            <port dstActor="D0N34" name="p38" srcActor="D0N12"/>
            <port dstActor="D0N18" name="p39" srcActor="D0N12"/>
            <port dstActor="D0N35" name="p40" srcActor="D0N3"/>
            <port dstActor="D0N37" name="p41" srcActor="D0N3"/>
            <port dstActor="D0N40" name="p42" srcActor="D0N11"/>
            <port dstActor="D0N39" name="p43" srcActor="D0N11"/>
            <port dstActor="D0N40" name="p44" srcActor="D0N28"/>
            <port dstActor="D0N29" name="p45" srcActor="D0N28"/>
            <port dstActor="D0N14" name="p46" srcActor="D0N10"/>
            <port dstActor="D0N23" name="p47" srcActor="D0N10"/>
            <port dstActor="D0N30" name="p48" srcActor="D0N10"/>
            <port dstActor="D0N18" name="p49" srcActor="D0N10"/>
            <port dstActor="D0N13" name="p50" srcActor="D0N10"/>
            <port dstActor="D0N21" name="p51" srcActor="D0N10"/>
            <port dstActor="D0N31" name="p52" srcActor="D0N10"/>
            <port dstActor="D0N11" name="p53" srcActor="D0N10"/>
            <port dstActor="D0N29" name="p54" srcActor="D0N10"/>
            <port dstActor="D0N41" name="p55" srcActor="D0N35"/>
            <port dstActor="D0N36" name="p56" srcActor="D0N35"/>
            <port dstActor="D0N28" name="p57" srcActor="D0N21"/>
            <port dstActor="D0N32" name="p58" srcActor="D0N29"/>
            <port dstActor="D0N39" name="p59" srcActor="D0N29"/>
            <port dstActor="D0N40" name="p60" srcActor="D0N29"/>
            <port dstActor="D0N25" name="p61" srcActor="D0N5"/>
            <port dstActor="D0N21" name="p62" srcActor="D0N5"/>
            <port dstActor="D0N18" name="p63" srcActor="D0N5"/>
            <port dstActor="D0N31" name="p64" srcActor="D0N25"/>
            <port dstActor="D0N33" name="p65" srcActor="D0N25"/>
            <port dstActor="D0N28" name="p66" srcActor="D0N25"/>
            <port dstActor="D0N38" name="p67" srcActor="D0N25"/>
            <port dstActor="D0N30" name="p68" srcActor="D0N25"/>
            <port dstActor="D0N41" name="p69" srcActor="D0N16"/>
            <port dstActor="D0N36" name="p70" srcActor="D0N16"/>
            <port dstActor="D0N31" name="p71" srcActor="D0N23"/>
            <port dstActor="D0N38" name="p72" srcActor="D0N23"/>
            <port dstActor="D0N37" name="p73" srcActor="D0N23"/>
            <port dstActor="D0N40" name="p74" srcActor="D0N23"/>
            <port dstActor="D0N39" name="p75" srcActor="D0N23"/>
            <port dstActor="D0N40" name="p76" srcActor="D0N34"/>
            <port dstActor="D0N38" name="p77" srcActor="D0N33"/>
            <port dstActor="D0N18" name="p78" srcActor="D0N6"/>
            <port dstActor="D0N12" name="p79" srcActor="D0N6"/>
            <port dstActor="D0N25" name="p80" srcActor="D0N6"/>
            <port dstActor="D0N20" name="p81" srcActor="D0N7"/>
            <port dstActor="D0N25" name="p82" srcActor="D0N7"/>
            <port dstActor="D0N15" name="p83" srcActor="D0N7"/>
            <port dstActor="D0N29" name="p84" srcActor="D0N7"/>
            <port dstActor="D0N11" name="p85" srcActor="D0N7"/>
            <port dstActor="D0N41" name="p86" srcActor="D0N1"/>
            <port dstActor="D0N4" name="p87" srcActor="D0N1"/>
            <port dstActor="D0N9" name="p88" srcActor="D0N1"/>
            <port dstActor="D0N26" name="p89" srcActor="D0N1"/>
            <port dstActor="D0N33" name="p90" srcActor="D0N18"/>
            <port dstActor="D0N26" name="p91" srcActor="D0N18"/>
            <port dstActor="D0N35" name="p92" srcActor="D0N18"/>
            <port dstActor="D0N21" name="p93" srcActor="D0N0"/>
            <port dstActor="D0N35" name="p94" srcActor="D0N4"/>
            <port dstActor="D0N28" name="p95" srcActor="D0N4"/>
            <port dstActor="D0N33" name="p96" srcActor="D0N4"/>
            <port dstActor="D0N9" name="p97" srcActor="D0N4"/>
            <port dstActor="D0N16" name="p98" srcActor="D0N4"/>
        </ports>
    </mcdag>
    <cores number="2"/>
    <levels number="2"/>
</mcsystem>
