<?xml version="1.0" encoding="UTF-8" standalone="no"?>
<mcsystem>
    <mcdag deadline="1500" name="genned-0-ed-10.0-0">
        <actor name="D0N38">
            <wcet number="0">20</wcet>
            <wcet number="1">20</wcet>
            <maxpow number="0.36957678089937596"/>
            <maxpow number="0.36957678089937596"/>
            <fprob>0.0</fprob>
        </actor>
        <actor name="D0N6">
            <wcet number="0">20</wcet>
            <wcet number="1">20</wcet>
            <maxpow number="0.6636722455890542"/>
            <maxpow number="0.6636722455890542"/>
            <fprob>0.0</fprob>
        </actor>
        <actor name="D0N10">
            <wcet number="0">190</wcet>
            <wcet number="1">250</wcet>
            <maxpow number="0.7667884277811762"/>
            <maxpow number="0.7667884277811762"/>
            <fprob>0.0</fprob>
        </actor>
        <actor name="D0N17">
            <wcet number="0">50</wcet>
            <wcet number="1">70</wcet>
            <maxpow number="0.5583929471396247"/>
            <maxpow number="0.5583929471396247"/>
            <fprob>0.0</fprob>
        </actor>
        <actor name="D0N44">
            <wcet number="0">20</wcet>
            <wcet number="1">40</wcet>
            <maxpow number="0.7901295481900122"/>
            <maxpow number="0.7901295481900122"/>
            <fprob>0.0</fprob>
        </actor>
        <actor name="D0N42">
            <wcet number="0">10</wcet>
            <wcet number="1">10</wcet>
            <maxpow number="0.5616323619356387"/>
            <maxpow number="0.5616323619356387"/>
            <fprob>0.0</fprob>
        </actor>
        <actor name="D0N19">
            <wcet number="0">30</wcet>
            <wcet number="1">50</wcet>
            <maxpow number="0.8256224649530034"/>
            <maxpow number="0.8256224649530034"/>
            <fprob>0.0</fprob>
        </actor>
        <actor name="D0N25">
            <wcet number="0">60</wcet>
            <wcet number="1">90</wcet>
            <maxpow number="0.5238578116854741"/>
            <maxpow number="0.5238578116854741"/>
            <fprob>0.0</fprob>
        </actor>
        <actor name="D0N36">
            <wcet number="0">30</wcet>
            <wcet number="1">90</wcet>
            <maxpow number="0.750050380373858"/>
            <maxpow number="0.750050380373858"/>
            <fprob>0.0</fprob>
        </actor>
        <actor name="D0N43">
            <wcet number="0">70</wcet>
            <wcet number="1">140</wcet>
            <maxpow number="0.782677009214612"/>
            <maxpow number="0.782677009214612"/>
            <fprob>0.0</fprob>
        </actor>
        <actor name="D0N31">
            <wcet number="0">50</wcet>
            <wcet number="1">50</wcet>
            <maxpow number="0.5380213178727633"/>
            <maxpow number="0.5380213178727633"/>
            <fprob>0.0</fprob>
        </actor>
        <actor name="D0N15">
            <wcet number="0">30</wcet>
            <wcet number="1">80</wcet>
            <maxpow number="0.7229713394481015"/>
            <maxpow number="0.7229713394481015"/>
            <fprob>0.0</fprob>
        </actor>
        <actor name="D0N7">
            <wcet number="0">30</wcet>
            <wcet number="1">110</wcet>
            <maxpow number="0.22317333129546663"/>
            <maxpow number="0.22317333129546663"/>
            <fprob>0.0</fprob>
        </actor>
        <actor name="D0N48">
            <wcet number="0">50</wcet>
            <wcet number="1">60</wcet>
            <maxpow number="0.3392902268587814"/>
            <maxpow number="0.3392902268587814"/>
            <fprob>0.0</fprob>
        </actor>
        <actor name="D0N35">
            <wcet number="0">10</wcet>
            <wcet number="1">10</wcet>
            <maxpow number="0.3313223121921214"/>
            <maxpow number="0.3313223121921214"/>
            <fprob>0.0</fprob>
        </actor>
        <actor name="D0N5">
            <wcet number="0">10</wcet>
            <wcet number="1">40</wcet>
            <maxpow number="0.7432351882283548"/>
            <maxpow number="0.7432351882283548"/>
            <fprob>0.0</fprob>
        </actor>
        <actor name="D0N22">
            <wcet number="0">50</wcet>
            <wcet number="1">60</wcet>
            <maxpow number="0.3690258364236011"/>
            <maxpow number="0.3690258364236011"/>
            <fprob>0.0</fprob>
        </actor>
        <actor name="D0N11">
            <wcet number="0">170</wcet>
            <wcet number="1">210</wcet>
            <maxpow number="0.16750575054554084"/>
            <maxpow number="0.16750575054554084"/>
            <fprob>0.0</fprob>
        </actor>
        <actor name="D0N46">
            <wcet number="0">20</wcet>
            <wcet number="1">20</wcet>
            <maxpow number="0.40820147487860814"/>
            <maxpow number="0.40820147487860814"/>
            <fprob>0.0</fprob>
        </actor>
        <actor name="D0N18">
            <wcet number="0">10</wcet>
            <wcet number="1">10</wcet>
            <maxpow number="0.7138111031012508"/>
            <maxpow number="0.7138111031012508"/>
            <fprob>0.0</fprob>
        </actor>
        <actor name="D0N30">
            <wcet number="0">60</wcet>
            <wcet number="1">70</wcet>
            <maxpow number="0.5670721306217904"/>
            <maxpow number="0.5670721306217904"/>
            <fprob>0.0</fprob>
        </actor>
        <actor name="D0N29">
            <wcet number="0">20</wcet>
            <wcet number="1">20</wcet>
            <maxpow number="0.4799332259172796"/>
            <maxpow number="0.4799332259172796"/>
            <fprob>0.0</fprob>
        </actor>
        <actor name="D0N13">
            <wcet number="0">10</wcet>
            <wcet number="1">20</wcet>
            <maxpow number="0.46014397476679436"/>
            <maxpow number="0.46014397476679436"/>
            <fprob>0.0</fprob>
        </actor>
        <actor name="D0N4">
            <wcet number="0">10</wcet>
            <wcet number="1">10</wcet>
            <maxpow number="0.28174561219691846"/>
            <maxpow number="0.28174561219691846"/>
            <fprob>0.0</fprob>
        </actor>
        <actor name="D0N34">
            <wcet number="0">50</wcet>
            <wcet number="1">110</wcet>
            <maxpow number="0.3213431984392261"/>
            <maxpow number="0.3213431984392261"/>
            <fprob>0.0</fprob>
        </actor>
        <actor name="D0N16">
            <wcet number="0">30</wcet>
            <wcet number="1">40</wcet>
            <maxpow number="0.5671711881058901"/>
            <maxpow number="0.5671711881058901"/>
            <fprob>0.0</fprob>
        </actor>
        <actor name="D0N28">
            <wcet number="0">30</wcet>
            <wcet number="1">40</wcet>
            <maxpow number="0.8488505081686506"/>
            <maxpow number="0.8488505081686506"/>
            <fprob>0.0</fprob>
        </actor>
        <actor name="D0N20">
            <wcet number="0">20</wcet>
            <wcet number="1">90</wcet>
            <maxpow number="0.5955583933247316"/>
            <maxpow number="0.5955583933247316"/>
            <fprob>0.0</fprob>
        </actor>
        <actor name="D0N39">
            <wcet number="0">10</wcet>
            <wcet number="1">10</wcet>
            <maxpow number="0.7231681301588235"/>
            <maxpow number="0.7231681301588235"/>
            <fprob>0.0</fprob>
        </actor>
        <actor name="D0N3">
            <wcet number="0">20</wcet>
            <wcet number="1">30</wcet>
            <maxpow number="0.7935233130208192"/>
            <maxpow number="0.7935233130208192"/>
            <fprob>0.0</fprob>
        </actor>
        <actor name="D0N41">
            <wcet number="0">30</wcet>
            <wcet number="1">60</wcet>
            <maxpow number="0.9744177682250561"/>
            <maxpow number="0.9744177682250561"/>
            <fprob>0.0</fprob>
        </actor>
        <actor name="D0N27">
            <wcet number="0">10</wcet>
            <wcet number="1">10</wcet>
            <maxpow number="0.44274161528401357"/>
            <maxpow number="0.44274161528401357"/>
            <fprob>0.0</fprob>
        </actor>
        <actor name="D0N1">
            <wcet number="0">10</wcet>
            <wcet number="1">40</wcet>
            <maxpow number="0.6471322940469006"/>
            <maxpow number="0.6471322940469006"/>
            <fprob>0.0</fprob>
        </actor>
        <actor name="D0N32">
            <wcet number="0">20</wcet>
            <wcet number="1">20</wcet>
            <maxpow number="0.5591710151761216"/>
            <maxpow number="0.5591710151761216"/>
            <fprob>0.0</fprob>
        </actor>
        <actor name="D0N45">
            <wcet number="0">10</wcet>
            <wcet number="1">20</wcet>
            <maxpow number="0.8165625969356054"/>
            <maxpow number="0.8165625969356054"/>
            <fprob>0.0</fprob>
        </actor>
        <actor name="D0N12">
            <wcet number="0">80</wcet>
            <wcet number="1">80</wcet>
            <maxpow number="0.5587966320742379"/>
            <maxpow number="0.5587966320742379"/>
            <fprob>0.0</fprob>
        </actor>
        <actor name="D0N24">
            <wcet number="0">40</wcet>
            <wcet number="1">50</wcet>
            <maxpow number="0.30771937963136864"/>
            <maxpow number="0.30771937963136864"/>
            <fprob>0.0</fprob>
        </actor>
        <actor name="D0N8">
            <wcet number="0">40</wcet>
            <wcet number="1">120</wcet>
            <maxpow number="0.6557403662524826"/>
            <maxpow number="0.6557403662524826"/>
            <fprob>0.0</fprob>
        </actor>
        <actor name="D0N9">
            <wcet number="0">70</wcet>
            <wcet number="1">90</wcet>
            <maxpow number="0.6238340045276843"/>
            <maxpow number="0.6238340045276843"/>
            <fprob>0.0</fprob>
        </actor>
        <actor name="D0N47">
            <wcet number="0">10</wcet>
            <wcet number="1">120</wcet>
            <maxpow number="0.5193243020970063"/>
            <maxpow number="0.5193243020970063"/>
            <fprob>0.0</fprob>
        </actor>
        <actor name="D0N23">
            <wcet number="0">20</wcet>
            <wcet number="1">60</wcet>
            <maxpow number="0.8760588838063362"/>
            <maxpow number="0.8760588838063362"/>
            <fprob>0.0</fprob>
        </actor>
        <actor name="D0N40">
            <wcet number="0">30</wcet>
            <wcet number="1">70</wcet>
            <maxpow number="0.6545600413593495"/>
            <maxpow number="0.6545600413593495"/>
            <fprob>0.0</fprob>
        </actor>
        <actor name="D0N33">
            <wcet number="0">10</wcet>
            <wcet number="1">30</wcet>
            <maxpow number="0.47193964079254097"/>
            <maxpow number="0.47193964079254097"/>
            <fprob>0.0</fprob>
        </actor>
        <actor name="D0N26">
            <wcet number="0">20</wcet>
            <wcet number="1">40</wcet>
            <maxpow number="0.7827598004956472"/>
            <maxpow number="0.7827598004956472"/>
            <fprob>0.0</fprob>
        </actor>
        <actor name="D0N14">
            <wcet number="0">10</wcet>
            <wcet number="1">20</wcet>
            <maxpow number="0.3533486502368586"/>
            <maxpow number="0.3533486502368586"/>
            <fprob>0.0</fprob>
        </actor>
        <actor name="D0N2">
            <wcet number="0">10</wcet>
            <wcet number="1">60</wcet>
            <maxpow number="0.529054629669583"/>
            <maxpow number="0.529054629669583"/>
            <fprob>0.0</fprob>
        </actor>
        <actor name="D0N21">
            <wcet number="0">110</wcet>
            <wcet number="1">170</wcet>
            <maxpow number="0.5272793389458839"/>
            <maxpow number="0.5272793389458839"/>
            <fprob>0.0</fprob>
        </actor>
        <actor name="D0N37">
            <wcet number="0">20</wcet>
            <wcet number="1">40</wcet>
            <maxpow number="0.6388185851783728"/>
            <maxpow number="0.6388185851783728"/>
            <fprob>0.0</fprob>
        </actor>
        <actor name="D0N0">
            <wcet number="0">30</wcet>
            <wcet number="1">180</wcet>
            <maxpow number="0.40970563231923485"/>
            <maxpow number="0.40970563231923485"/>
            <fprob>0.0</fprob>
        </actor>
        <ports>
            <port dstActor="D0N43" name="p0" srcActor="D0N38"/>
            <port dstActor="D0N47" name="p1" srcActor="D0N38"/>
            <port dstActor="D0N12" name="p2" srcActor="D0N6"/>
            <port dstActor="D0N27" name="p3" srcActor="D0N6"/>
            <port dstActor="D0N31" name="p4" srcActor="D0N6"/>
            <port dstActor="D0N23" name="p5" srcActor="D0N6"/>
            <port dstActor="D0N10" name="p6" srcActor="D0N6"/>
            <port dstActor="D0N13" name="p7" srcActor="D0N10"/>
            <port dstActor="D0N37" name="p8" srcActor="D0N10"/>
            <port dstActor="D0N23" name="p9" srcActor="D0N17"/>
            <port dstActor="D0N47" name="p10" srcActor="D0N42"/>
            <port dstActor="D0N26" name="p11" srcActor="D0N19"/>
            <port dstActor="D0N43" name="p12" srcActor="D0N19"/>
            <port dstActor="D0N39" name="p13" srcActor="D0N36"/>
            <port dstActor="D0N47" name="p14" srcActor="D0N36"/>
            <port dstActor="D0N44" name="p15" srcActor="D0N43"/>
            <port dstActor="D0N47" name="p16" srcActor="D0N43"/>
            <port dstActor="D0N45" name="p17" srcActor="D0N31"/>
            <port dstActor="D0N31" name="p18" srcActor="D0N15"/>
            <port dstActor="D0N37" name="p19" srcActor="D0N15"/>
            <port dstActor="D0N41" name="p20" srcActor="D0N15"/>
            <port dstActor="D0N24" name="p21" srcActor="D0N15"/>
            <port dstActor="D0N33" name="p22" srcActor="D0N15"/>
            <port dstActor="D0N43" name="p23" srcActor="D0N15"/>
            <port dstActor="D0N32" name="p24" srcActor="D0N7"/>
            <port dstActor="D0N31" name="p25" srcActor="D0N7"/>
            <port dstActor="D0N33" name="p26" srcActor="D0N7"/>
            <port dstActor="D0N10" name="p27" srcActor="D0N7"/>
            <port dstActor="D0N45" name="p28" srcActor="D0N35"/>
            <port dstActor="D0N17" name="p29" srcActor="D0N5"/>
            <port dstActor="D0N8" name="p30" srcActor="D0N5"/>
            <port dstActor="D0N28" name="p31" srcActor="D0N5"/>
            <port dstActor="D0N24" name="p32" srcActor="D0N22"/>
            <port dstActor="D0N39" name="p33" srcActor="D0N22"/>
            <port dstActor="D0N30" name="p34" srcActor="D0N22"/>
            <port dstActor="D0N12" name="p35" srcActor="D0N11"/>
            <port dstActor="D0N27" name="p36" srcActor="D0N11"/>
            <port dstActor="D0N24" name="p37" srcActor="D0N11"/>
            <port dstActor="D0N38" name="p38" srcActor="D0N18"/>
            <port dstActor="D0N36" name="p39" srcActor="D0N18"/>
            <port dstActor="D0N44" name="p40" srcActor="D0N18"/>
            <port dstActor="D0N36" name="p41" srcActor="D0N29"/>
            <port dstActor="D0N30" name="p42" srcActor="D0N29"/>
            <port dstActor="D0N32" name="p43" srcActor="D0N29"/>
            <port dstActor="D0N44" name="p44" srcActor="D0N29"/>
            <port dstActor="D0N39" name="p45" srcActor="D0N29"/>
            <port dstActor="D0N38" name="p46" srcActor="D0N29"/>
            <port dstActor="D0N42" name="p47" srcActor="D0N13"/>
            <port dstActor="D0N44" name="p48" srcActor="D0N13"/>
            <port dstActor="D0N41" name="p49" srcActor="D0N13"/>
            <port dstActor="D0N19" name="p50" srcActor="D0N13"/>
            <port dstActor="D0N34" name="p51" srcActor="D0N13"/>
            <port dstActor="D0N24" name="p52" srcActor="D0N4"/>
            <port dstActor="D0N39" name="p53" srcActor="D0N4"/>
            <port dstActor="D0N11" name="p54" srcActor="D0N4"/>
            <port dstActor="D0N37" name="p55" srcActor="D0N34"/>
            <port dstActor="D0N40" name="p56" srcActor="D0N34"/>
            <port dstActor="D0N20" name="p57" srcActor="D0N16"/>
            <port dstActor="D0N48" name="p58" srcActor="D0N16"/>
            <port dstActor="D0N27" name="p59" srcActor="D0N20"/>
            <port dstActor="D0N47" name="p60" srcActor="D0N39"/>
            <port dstActor="D0N31" name="p61" srcActor="D0N3"/>
            <port dstActor="D0N6" name="p62" srcActor="D0N3"/>
            <port dstActor="D0N9" name="p63" srcActor="D0N3"/>
            <port dstActor="D0N22" name="p64" srcActor="D0N3"/>
            <port dstActor="D0N25" name="p65" srcActor="D0N3"/>
            <port dstActor="D0N44" name="p66" srcActor="D0N3"/>
            <port dstActor="D0N43" name="p67" srcActor="D0N27"/>
            <port dstActor="D0N34" name="p68" srcActor="D0N1"/>
            <port dstActor="D0N33" name="p69" srcActor="D0N1"/>
            <port dstActor="D0N36" name="p70" srcActor="D0N1"/>
            <port dstActor="D0N4" name="p71" srcActor="D0N1"/>
            <port dstActor="D0N39" name="p72" srcActor="D0N1"/>
            <port dstActor="D0N40" name="p73" srcActor="D0N32"/>
            <port dstActor="D0N48" name="p74" srcActor="D0N12"/>
            <port dstActor="D0N39" name="p75" srcActor="D0N12"/>
            <port dstActor="D0N14" name="p76" srcActor="D0N12"/>
            <port dstActor="D0N32" name="p77" srcActor="D0N12"/>
            <port dstActor="D0N15" name="p78" srcActor="D0N12"/>
            <port dstActor="D0N37" name="p79" srcActor="D0N24"/>
            <port dstActor="D0N39" name="p80" srcActor="D0N24"/>
            <port dstActor="D0N48" name="p81" srcActor="D0N24"/>
            <port dstActor="D0N38" name="p82" srcActor="D0N8"/>
            <port dstActor="D0N43" name="p83" srcActor="D0N8"/>
            <port dstActor="D0N14" name="p84" srcActor="D0N8"/>
            <port dstActor="D0N22" name="p85" srcActor="D0N8"/>
            <port dstActor="D0N37" name="p86" srcActor="D0N9"/>
            <port dstActor="D0N21" name="p87" srcActor="D0N9"/>
            <port dstActor="D0N26" name="p88" srcActor="D0N9"/>
            <port dstActor="D0N46" name="p89" srcActor="D0N9"/>
            <port dstActor="D0N27" name="p90" srcActor="D0N9"/>
            <port dstActor="D0N45" name="p91" srcActor="D0N9"/>
            <port dstActor="D0N44" name="p92" srcActor="D0N9"/>
            <port dstActor="D0N48" name="p93" srcActor="D0N47"/>
            <port dstActor="D0N39" name="p94" srcActor="D0N23"/>
            <port dstActor="D0N33" name="p95" srcActor="D0N23"/>
            <port dstActor="D0N30" name="p96" srcActor="D0N23"/>
            <port dstActor="D0N47" name="p97" srcActor="D0N40"/>
            <port dstActor="D0N31" name="p98" srcActor="D0N26"/>
            <port dstActor="D0N41" name="p99" srcActor="D0N26"/>
            <port dstActor="D0N20" name="p100" srcActor="D0N14"/>
            <port dstActor="D0N45" name="p101" srcActor="D0N14"/>
            <port dstActor="D0N31" name="p102" srcActor="D0N14"/>
            <port dstActor="D0N19" name="p103" srcActor="D0N14"/>
            <port dstActor="D0N35" name="p104" srcActor="D0N14"/>
            <port dstActor="D0N16" name="p105" srcActor="D0N14"/>
            <port dstActor="D0N28" name="p106" srcActor="D0N2"/>
            <port dstActor="D0N6" name="p107" srcActor="D0N2"/>
            <port dstActor="D0N43" name="p108" srcActor="D0N2"/>
            <port dstActor="D0N30" name="p109" srcActor="D0N21"/>
            <port dstActor="D0N46" name="p110" srcActor="D0N21"/>
            <port dstActor="D0N27" name="p111" srcActor="D0N21"/>
            <port dstActor="D0N34" name="p112" srcActor="D0N21"/>
            <port dstActor="D0N25" name="p113" srcActor="D0N21"/>
            <port dstActor="D0N37" name="p114" srcActor="D0N21"/>
            <port dstActor="D0N48" name="p115" srcActor="D0N37"/>
            <port dstActor="D0N42" name="p116" srcActor="D0N37"/>
            <port dstActor="D0N47" name="p117" srcActor="D0N37"/>
            <port dstActor="D0N24" name="p118" srcActor="D0N0"/>
            <port dstActor="D0N21" name="p119" srcActor="D0N0"/>
            <port dstActor="D0N5" name="p120" srcActor="D0N0"/>
            <port dstActor="D0N19" name="p121" srcActor="D0N0"/>
            <port dstActor="D0N10" name="p122" srcActor="D0N0"/>
        </ports>
    </mcdag>
    <cores number="3"/>
    <levels number="2"/>
</mcsystem>
