<?xml version="1.0" encoding="UTF-8" standalone="no"?>
<mcsystem>
    <mcdag deadline="4000" name="genned-0-ed-10.0-0">
        <actor name="D0N26">
            <wcet number="0">190</wcet>
            <wcet number="1">210</wcet>
            <maxpow number="0.45021770193559807"/>
            <maxpow number="0.45021770193559807"/>
            <fprob>0.0</fprob>
        </actor>
        <actor name="D0N4">
            <wcet number="0">150</wcet>
            <wcet number="1">220</wcet>
            <maxpow number="0.5505525338260476"/>
            <maxpow number="0.5505525338260476"/>
            <fprob>0.0</fprob>
        </actor>
        <actor name="D0N27">
            <wcet number="0">70</wcet>
            <wcet number="1">80</wcet>
            <maxpow number="0.8130309519721297"/>
            <maxpow number="0.8130309519721297"/>
            <fprob>0.0</fprob>
        </actor>
        <actor name="D0N32">
            <wcet number="0">50</wcet>
            <wcet number="1">50</wcet>
            <maxpow number="0.5267808091229126"/>
            <maxpow number="0.5267808091229126"/>
            <fprob>0.0</fprob>
        </actor>
        <actor name="D0N14">
            <wcet number="0">320</wcet>
            <wcet number="1">410</wcet>
            <maxpow number="1.0334758578950556"/>
            <maxpow number="1.0334758578950556"/>
            <fprob>0.0</fprob>
        </actor>
        <actor name="D0N37">
            <wcet number="0">10</wcet>
            <wcet number="1">180</wcet>
            <maxpow number="0.5730697965260704"/>
            <maxpow number="0.5730697965260704"/>
            <fprob>0.0</fprob>
        </actor>
        <actor name="D0N16">
            <wcet number="0">150</wcet>
            <wcet number="1">310</wcet>
            <maxpow number="0.3822375794109384"/>
            <maxpow number="0.3822375794109384"/>
            <fprob>0.0</fprob>
        </actor>
        <actor name="D0N25">
            <wcet number="0">10</wcet>
            <wcet number="1">10</wcet>
            <maxpow number="0.3746165061096304"/>
            <maxpow number="0.3746165061096304"/>
            <fprob>0.0</fprob>
        </actor>
        <actor name="D0N18">
            <wcet number="0">200</wcet>
            <wcet number="1">310</wcet>
            <maxpow number="0.7048124576136136"/>
            <maxpow number="0.7048124576136136"/>
            <fprob>0.0</fprob>
        </actor>
        <actor name="D0N19">
            <wcet number="0">140</wcet>
            <wcet number="1">140</wcet>
            <maxpow number="0.8802034072921436"/>
            <maxpow number="0.8802034072921436"/>
            <fprob>0.0</fprob>
        </actor>
        <actor name="D0N28">
            <wcet number="0">70</wcet>
            <wcet number="1">130</wcet>
            <maxpow number="0.45907905560314294"/>
            <maxpow number="0.45907905560314294"/>
            <fprob>0.0</fprob>
        </actor>
        <actor name="D0N8">
            <wcet number="0">10</wcet>
            <wcet number="1">20</wcet>
            <maxpow number="0.626458291081879"/>
            <maxpow number="0.626458291081879"/>
            <fprob>0.0</fprob>
        </actor>
        <actor name="D0N47">
            <wcet number="0">120</wcet>
            <wcet number="1">440</wcet>
            <maxpow number="0.49636586672369426"/>
            <maxpow number="0.49636586672369426"/>
            <fprob>0.0</fprob>
        </actor>
        <actor name="D0N15">
            <wcet number="0">80</wcet>
            <wcet number="1">140</wcet>
            <maxpow number="0.5518918027316232"/>
            <maxpow number="0.5518918027316232"/>
            <fprob>0.0</fprob>
        </actor>
        <actor name="D0N38">
            <wcet number="0">50</wcet>
            <wcet number="1">90</wcet>
            <maxpow number="0.6749815532322262"/>
            <maxpow number="0.6749815532322262"/>
            <fprob>0.0</fprob>
        </actor>
        <actor name="D0N42">
            <wcet number="0">370</wcet>
            <wcet number="1">560</wcet>
            <maxpow number="0.4119845836814393"/>
            <maxpow number="0.4119845836814393"/>
            <fprob>0.0</fprob>
        </actor>
        <actor name="D0N12">
            <wcet number="0">670</wcet>
            <wcet number="1">870</wcet>
            <maxpow number="0.8411869675948078"/>
            <maxpow number="0.8411869675948078"/>
            <fprob>0.0</fprob>
        </actor>
        <actor name="D0N34">
            <wcet number="0">40</wcet>
            <wcet number="1">80</wcet>
            <maxpow number="0.6919722838423217"/>
            <maxpow number="0.6919722838423217"/>
            <fprob>0.0</fprob>
        </actor>
        <actor name="D0N39">
            <wcet number="0">10</wcet>
            <wcet number="1">10</wcet>
            <maxpow number="0.8720098974853596"/>
            <maxpow number="0.8720098974853596"/>
            <fprob>0.0</fprob>
        </actor>
        <actor name="D0N1">
            <wcet number="0">20</wcet>
            <wcet number="1">60</wcet>
            <maxpow number="0.5657759119622564"/>
            <maxpow number="0.5657759119622564"/>
            <fprob>0.0</fprob>
        </actor>
        <actor name="D0N6">
            <wcet number="0">180</wcet>
            <wcet number="1">310</wcet>
            <maxpow number="0.5199181164708223"/>
            <maxpow number="0.5199181164708223"/>
            <fprob>0.0</fprob>
        </actor>
        <actor name="D0N43">
            <wcet number="0">60</wcet>
            <wcet number="1">90</wcet>
            <maxpow number="0.43272925702073406"/>
            <maxpow number="0.43272925702073406"/>
            <fprob>0.0</fprob>
        </actor>
        <actor name="D0N2">
            <wcet number="0">10</wcet>
            <wcet number="1">30</wcet>
            <maxpow number="0.688198773767759"/>
            <maxpow number="0.688198773767759"/>
            <fprob>0.0</fprob>
        </actor>
        <actor name="D0N48">
            <wcet number="0">90</wcet>
            <wcet number="1">350</wcet>
            <maxpow number="0.6316887194670552"/>
            <maxpow number="0.6316887194670552"/>
            <fprob>0.0</fprob>
        </actor>
        <actor name="D0N5">
            <wcet number="0">140</wcet>
            <wcet number="1">190</wcet>
            <maxpow number="0.5041613316611367"/>
            <maxpow number="0.5041613316611367"/>
            <fprob>0.0</fprob>
        </actor>
        <actor name="D0N10">
            <wcet number="0">140</wcet>
            <wcet number="1">340</wcet>
            <maxpow number="0.33687598782253425"/>
            <maxpow number="0.33687598782253425"/>
            <fprob>0.0</fprob>
        </actor>
        <actor name="D0N21">
            <wcet number="0">300</wcet>
            <wcet number="1">320</wcet>
            <maxpow number="0.932751894015531"/>
            <maxpow number="0.932751894015531"/>
            <fprob>0.0</fprob>
        </actor>
        <actor name="D0N7">
            <wcet number="0">310</wcet>
            <wcet number="1">350</wcet>
            <maxpow number="0.472519598280368"/>
            <maxpow number="0.472519598280368"/>
            <fprob>0.0</fprob>
        </actor>
        <actor name="D0N36">
            <wcet number="0">20</wcet>
            <wcet number="1">50</wcet>
            <maxpow number="0.3151931460543003"/>
            <maxpow number="0.3151931460543003"/>
            <fprob>0.0</fprob>
        </actor>
        <actor name="D0N0">
            <wcet number="0">90</wcet>
            <wcet number="1">120</wcet>
            <maxpow number="0.3987568709133176"/>
            <maxpow number="0.3987568709133176"/>
            <fprob>0.0</fprob>
        </actor>
        <actor name="D0N31">
            <wcet number="0">20</wcet>
            <wcet number="1">280</wcet>
            <maxpow number="0.5548899741655159"/>
            <maxpow number="0.5548899741655159"/>
            <fprob>0.0</fprob>
        </actor>
        <actor name="D0N17">
            <wcet number="0">130</wcet>
            <wcet number="1">370</wcet>
            <maxpow number="0.9059058717072141"/>
            <maxpow number="0.9059058717072141"/>
            <fprob>0.0</fprob>
        </actor>
        <actor name="D0N40">
            <wcet number="0">40</wcet>
            <wcet number="1">140</wcet>
            <maxpow number="0.2513308766763258"/>
            <maxpow number="0.2513308766763258"/>
            <fprob>0.0</fprob>
        </actor>
        <actor name="D0N11">
            <wcet number="0">30</wcet>
            <wcet number="1">210</wcet>
            <maxpow number="0.5773720892055642"/>
            <maxpow number="0.5773720892055642"/>
            <fprob>0.0</fprob>
        </actor>
        <actor name="D0N9">
            <wcet number="0">10</wcet>
            <wcet number="1">10</wcet>
            <maxpow number="0.4865517606201679"/>
            <maxpow number="0.4865517606201679"/>
            <fprob>0.0</fprob>
        </actor>
        <actor name="D0N20">
            <wcet number="0">70</wcet>
            <wcet number="1">230</wcet>
            <maxpow number="0.38885406903855985"/>
            <maxpow number="0.38885406903855985"/>
            <fprob>0.0</fprob>
        </actor>
        <actor name="D0N44">
            <wcet number="0">20</wcet>
            <wcet number="1">70</wcet>
            <maxpow number="0.8968751453127757"/>
            <maxpow number="0.8968751453127757"/>
            <fprob>0.0</fprob>
        </actor>
        <actor name="D0N49">
            <wcet number="0">10</wcet>
            <wcet number="1">10</wcet>
            <maxpow number="0.3916025643990384"/>
            <maxpow number="0.3916025643990384"/>
            <fprob>0.0</fprob>
        </actor>
        <actor name="D0N46">
            <wcet number="0">60</wcet>
            <wcet number="1">160</wcet>
            <maxpow number="0.6924457281874946"/>
            <maxpow number="0.6924457281874946"/>
            <fprob>0.0</fprob>
        </actor>
        <actor name="D0N23">
            <wcet number="0">10</wcet>
            <wcet number="1">30</wcet>
            <maxpow number="0.4052468156150179"/>
            <maxpow number="0.4052468156150179"/>
            <fprob>0.0</fprob>
        </actor>
        <actor name="D0N29">
            <wcet number="0">60</wcet>
            <wcet number="1">100</wcet>
            <maxpow number="0.895520166848868"/>
            <maxpow number="0.895520166848868"/>
            <fprob>0.0</fprob>
        </actor>
        <actor name="D0N24">
            <wcet number="0">40</wcet>
            <wcet number="1">120</wcet>
            <maxpow number="0.28814086776761383"/>
            <maxpow number="0.28814086776761383"/>
            <fprob>0.0</fprob>
        </actor>
        <actor name="D0N33">
            <wcet number="0">220</wcet>
            <wcet number="1">400</wcet>
            <maxpow number="0.2922740977204749"/>
            <maxpow number="0.2922740977204749"/>
            <fprob>0.0</fprob>
        </actor>
        <actor name="D0N30">
            <wcet number="0">170</wcet>
            <wcet number="1">280</wcet>
            <maxpow number="0.6097972541382074"/>
            <maxpow number="0.6097972541382074"/>
            <fprob>0.0</fprob>
        </actor>
        <actor name="D0N35">
            <wcet number="0">210</wcet>
            <wcet number="1">220</wcet>
            <maxpow number="0.4260583500346846"/>
            <maxpow number="0.4260583500346846"/>
            <fprob>0.0</fprob>
        </actor>
        <actor name="D0N3">
            <wcet number="0">60</wcet>
            <wcet number="1">110</wcet>
            <maxpow number="0.7041968031789552"/>
            <maxpow number="0.7041968031789552"/>
            <fprob>0.0</fprob>
        </actor>
        <actor name="D0N41">
            <wcet number="0">20</wcet>
            <wcet number="1">370</wcet>
            <maxpow number="0.45936843795482973"/>
            <maxpow number="0.45936843795482973"/>
            <fprob>0.0</fprob>
        </actor>
        <actor name="D0N22">
            <wcet number="0">100</wcet>
            <wcet number="1">100</wcet>
            <maxpow number="0.5494273211330717"/>
            <maxpow number="0.5494273211330717"/>
            <fprob>0.0</fprob>
        </actor>
        <actor name="D0N45">
            <wcet number="0">20</wcet>
            <wcet number="1">40</wcet>
            <maxpow number="0.6671530982089182"/>
            <maxpow number="0.6671530982089182"/>
            <fprob>0.0</fprob>
        </actor>
        <actor name="D0N13">
            <wcet number="0">240</wcet>
            <wcet number="1">280</wcet>
            <maxpow number="0.5970111033461536"/>
            <maxpow number="0.5970111033461536"/>
            <fprob>0.0</fprob>
        </actor>
        <ports>
            <port dstActor="D0N32" name="p0" srcActor="D0N26"/>
            <port dstActor="D0N36" name="p1" srcActor="D0N26"/>
            <port dstActor="D0N48" name="p2" srcActor="D0N4"/>
            <port dstActor="D0N32" name="p3" srcActor="D0N4"/>
            <port dstActor="D0N45" name="p4" srcActor="D0N4"/>
            <port dstActor="D0N44" name="p5" srcActor="D0N27"/>
            <port dstActor="D0N29" name="p6" srcActor="D0N27"/>
            <port dstActor="D0N40" name="p7" srcActor="D0N27"/>
            <port dstActor="D0N26" name="p8" srcActor="D0N14"/>
            <port dstActor="D0N31" name="p9" srcActor="D0N14"/>
            <port dstActor="D0N38" name="p10" srcActor="D0N16"/>
            <port dstActor="D0N32" name="p11" srcActor="D0N16"/>
            <port dstActor="D0N18" name="p12" srcActor="D0N16"/>
            <port dstActor="D0N32" name="p13" srcActor="D0N25"/>
            <port dstActor="D0N42" name="p14" srcActor="D0N18"/>
            <port dstActor="D0N46" name="p15" srcActor="D0N18"/>
            <port dstActor="D0N35" name="p16" srcActor="D0N18"/>
            <port dstActor="D0N31" name="p17" srcActor="D0N18"/>
            <port dstActor="D0N34" name="p18" srcActor="D0N19"/>
            <port dstActor="D0N22" name="p19" srcActor="D0N19"/>
            <port dstActor="D0N35" name="p20" srcActor="D0N19"/>
            <port dstActor="D0N48" name="p21" srcActor="D0N28"/>
            <port dstActor="D0N38" name="p22" srcActor="D0N28"/>
            <port dstActor="D0N33" name="p23" srcActor="D0N8"/>
            <port dstActor="D0N27" name="p24" srcActor="D0N8"/>
            <port dstActor="D0N40" name="p25" srcActor="D0N8"/>
            <port dstActor="D0N39" name="p26" srcActor="D0N8"/>
            <port dstActor="D0N19" name="p27" srcActor="D0N8"/>
            <port dstActor="D0N24" name="p28" srcActor="D0N8"/>
            <port dstActor="D0N49" name="p29" srcActor="D0N47"/>
            <port dstActor="D0N49" name="p30" srcActor="D0N15"/>
            <port dstActor="D0N39" name="p31" srcActor="D0N15"/>
            <port dstActor="D0N25" name="p32" srcActor="D0N15"/>
            <port dstActor="D0N42" name="p33" srcActor="D0N38"/>
            <port dstActor="D0N44" name="p34" srcActor="D0N12"/>
            <port dstActor="D0N42" name="p35" srcActor="D0N12"/>
            <port dstActor="D0N19" name="p36" srcActor="D0N12"/>
            <port dstActor="D0N22" name="p37" srcActor="D0N12"/>
            <port dstActor="D0N26" name="p38" srcActor="D0N12"/>
            <port dstActor="D0N46" name="p39" srcActor="D0N12"/>
            <port dstActor="D0N40" name="p40" srcActor="D0N34"/>
            <port dstActor="D0N45" name="p41" srcActor="D0N39"/>
            <port dstActor="D0N31" name="p42" srcActor="D0N1"/>
            <port dstActor="D0N9" name="p43" srcActor="D0N1"/>
            <port dstActor="D0N11" name="p44" srcActor="D0N1"/>
            <port dstActor="D0N15" name="p45" srcActor="D0N1"/>
            <port dstActor="D0N26" name="p46" srcActor="D0N6"/>
            <port dstActor="D0N10" name="p47" srcActor="D0N6"/>
            <port dstActor="D0N34" name="p48" srcActor="D0N6"/>
            <port dstActor="D0N47" name="p49" srcActor="D0N43"/>
            <port dstActor="D0N7" name="p50" srcActor="D0N2"/>
            <port dstActor="D0N12" name="p51" srcActor="D0N2"/>
            <port dstActor="D0N5" name="p52" srcActor="D0N2"/>
            <port dstActor="D0N18" name="p53" srcActor="D0N2"/>
            <port dstActor="D0N39" name="p54" srcActor="D0N5"/>
            <port dstActor="D0N11" name="p55" srcActor="D0N10"/>
            <port dstActor="D0N14" name="p56" srcActor="D0N10"/>
            <port dstActor="D0N42" name="p57" srcActor="D0N10"/>
            <port dstActor="D0N49" name="p58" srcActor="D0N21"/>
            <port dstActor="D0N32" name="p59" srcActor="D0N21"/>
            <port dstActor="D0N44" name="p60" srcActor="D0N21"/>
            <port dstActor="D0N48" name="p61" srcActor="D0N21"/>
            <port dstActor="D0N12" name="p62" srcActor="D0N7"/>
            <port dstActor="D0N49" name="p63" srcActor="D0N7"/>
            <port dstActor="D0N22" name="p64" srcActor="D0N7"/>
            <port dstActor="D0N47" name="p65" srcActor="D0N7"/>
            <port dstActor="D0N44" name="p66" srcActor="D0N7"/>
            <port dstActor="D0N38" name="p67" srcActor="D0N7"/>
            <port dstActor="D0N47" name="p68" srcActor="D0N36"/>
            <port dstActor="D0N10" name="p69" srcActor="D0N0"/>
            <port dstActor="D0N17" name="p70" srcActor="D0N0"/>
            <port dstActor="D0N8" name="p71" srcActor="D0N0"/>
            <port dstActor="D0N48" name="p72" srcActor="D0N0"/>
            <port dstActor="D0N2" name="p73" srcActor="D0N0"/>
            <port dstActor="D0N26" name="p74" srcActor="D0N0"/>
            <port dstActor="D0N4" name="p75" srcActor="D0N0"/>
            <port dstActor="D0N11" name="p76" srcActor="D0N0"/>
            <port dstActor="D0N42" name="p77" srcActor="D0N31"/>
            <port dstActor="D0N36" name="p78" srcActor="D0N31"/>
            <port dstActor="D0N37" name="p79" srcActor="D0N31"/>
            <port dstActor="D0N38" name="p80" srcActor="D0N17"/>
            <port dstActor="D0N23" name="p81" srcActor="D0N17"/>
            <port dstActor="D0N40" name="p82" srcActor="D0N17"/>
            <port dstActor="D0N47" name="p83" srcActor="D0N40"/>
            <port dstActor="D0N48" name="p84" srcActor="D0N11"/>
            <port dstActor="D0N49" name="p85" srcActor="D0N11"/>
            <port dstActor="D0N19" name="p86" srcActor="D0N11"/>
            <port dstActor="D0N22" name="p87" srcActor="D0N11"/>
            <port dstActor="D0N33" name="p88" srcActor="D0N11"/>
            <port dstActor="D0N23" name="p89" srcActor="D0N9"/>
            <port dstActor="D0N25" name="p90" srcActor="D0N9"/>
            <port dstActor="D0N44" name="p91" srcActor="D0N9"/>
            <port dstActor="D0N28" name="p92" srcActor="D0N9"/>
            <port dstActor="D0N38" name="p93" srcActor="D0N9"/>
            <port dstActor="D0N15" name="p94" srcActor="D0N9"/>
            <port dstActor="D0N37" name="p95" srcActor="D0N20"/>
            <port dstActor="D0N49" name="p96" srcActor="D0N20"/>
            <port dstActor="D0N25" name="p97" srcActor="D0N20"/>
            <port dstActor="D0N29" name="p98" srcActor="D0N20"/>
            <port dstActor="D0N47" name="p99" srcActor="D0N20"/>
            <port dstActor="D0N49" name="p100" srcActor="D0N44"/>
            <port dstActor="D0N26" name="p101" srcActor="D0N23"/>
            <port dstActor="D0N46" name="p102" srcActor="D0N23"/>
            <port dstActor="D0N38" name="p103" srcActor="D0N23"/>
            <port dstActor="D0N34" name="p104" srcActor="D0N29"/>
            <port dstActor="D0N46" name="p105" srcActor="D0N29"/>
            <port dstActor="D0N35" name="p106" srcActor="D0N29"/>
            <port dstActor="D0N32" name="p107" srcActor="D0N24"/>
            <port dstActor="D0N39" name="p108" srcActor="D0N33"/>
            <port dstActor="D0N47" name="p109" srcActor="D0N33"/>
            <port dstActor="D0N48" name="p110" srcActor="D0N33"/>
            <port dstActor="D0N43" name="p111" srcActor="D0N33"/>
            <port dstActor="D0N46" name="p112" srcActor="D0N30"/>
            <port dstActor="D0N44" name="p113" srcActor="D0N35"/>
            <port dstActor="D0N41" name="p114" srcActor="D0N35"/>
            <port dstActor="D0N43" name="p115" srcActor="D0N35"/>
            <port dstActor="D0N37" name="p116" srcActor="D0N35"/>
            <port dstActor="D0N34" name="p117" srcActor="D0N3"/>
            <port dstActor="D0N6" name="p118" srcActor="D0N3"/>
            <port dstActor="D0N47" name="p119" srcActor="D0N3"/>
            <port dstActor="D0N47" name="p120" srcActor="D0N41"/>
            <port dstActor="D0N48" name="p121" srcActor="D0N41"/>
            <port dstActor="D0N24" name="p122" srcActor="D0N22"/>
            <port dstActor="D0N33" name="p123" srcActor="D0N22"/>
            <port dstActor="D0N42" name="p124" srcActor="D0N22"/>
            <port dstActor="D0N23" name="p125" srcActor="D0N22"/>
            <port dstActor="D0N46" name="p126" srcActor="D0N45"/>
        </ports>
    </mcdag>
    <cores number="3"/>
    <levels number="2"/>
</mcsystem>
