<?xml version="1.0" encoding="UTF-8" standalone="no"?>
<mcsystem>
    <mcdag deadline="1500" name="genned-0-ed-10.0-0">
        <actor name="D0N23">
            <wcet number="0">10</wcet>
            <wcet number="1">40</wcet>
            <maxpow number="0.5543579997540143"/>
            <maxpow number="0.5543579997540143"/>
            <fprob>0.0</fprob>
        </actor>
        <actor name="D0N39">
            <wcet number="0">20</wcet>
            <wcet number="1">60</wcet>
            <maxpow number="0.8854512956553453"/>
            <maxpow number="0.8854512956553453"/>
            <fprob>0.0</fprob>
        </actor>
        <actor name="D0N27">
            <wcet number="0">60</wcet>
            <wcet number="1">100</wcet>
            <maxpow number="0.4953741094744137"/>
            <maxpow number="0.4953741094744137"/>
            <fprob>0.0</fprob>
        </actor>
        <actor name="D0N13">
            <wcet number="0">10</wcet>
            <wcet number="1">30</wcet>
            <maxpow number="0.5967276323039002"/>
            <maxpow number="0.5967276323039002"/>
            <fprob>0.0</fprob>
        </actor>
        <actor name="D0N1">
            <wcet number="0">10</wcet>
            <wcet number="1">50</wcet>
            <maxpow number="0.6116070548538566"/>
            <maxpow number="0.6116070548538566"/>
            <fprob>0.0</fprob>
        </actor>
        <actor name="D0N35">
            <wcet number="0">10</wcet>
            <wcet number="1">30</wcet>
            <maxpow number="0.6376231880645016"/>
            <maxpow number="0.6376231880645016"/>
            <fprob>0.0</fprob>
        </actor>
        <actor name="D0N2">
            <wcet number="0">10</wcet>
            <wcet number="1">20</wcet>
            <maxpow number="0.7888432142160915"/>
            <maxpow number="0.7888432142160915"/>
            <fprob>0.0</fprob>
        </actor>
        <actor name="D0N28">
            <wcet number="0">10</wcet>
            <wcet number="1">50</wcet>
            <maxpow number="0.8845437457012573"/>
            <maxpow number="0.8845437457012573"/>
            <fprob>0.0</fprob>
        </actor>
        <actor name="D0N10">
            <wcet number="0">10</wcet>
            <wcet number="1">10</wcet>
            <maxpow number="0.7329762200580918"/>
            <maxpow number="0.7329762200580918"/>
            <fprob>0.0</fprob>
        </actor>
        <actor name="D0N17">
            <wcet number="0">10</wcet>
            <wcet number="1">70</wcet>
            <maxpow number="0.31913215075476825"/>
            <maxpow number="0.31913215075476825"/>
            <fprob>0.0</fprob>
        </actor>
        <actor name="D0N40">
            <wcet number="0">50</wcet>
            <wcet number="1">90</wcet>
            <maxpow number="0.31479733621488415"/>
            <maxpow number="0.31479733621488415"/>
            <fprob>0.0</fprob>
        </actor>
        <actor name="D0N45">
            <wcet number="0">20</wcet>
            <wcet number="1">20</wcet>
            <maxpow number="0.6092649617533612"/>
            <maxpow number="0.6092649617533612"/>
            <fprob>0.0</fprob>
        </actor>
        <actor name="D0N5">
            <wcet number="0">10</wcet>
            <wcet number="1">90</wcet>
            <maxpow number="0.6670903649331751"/>
            <maxpow number="0.6670903649331751"/>
            <fprob>0.0</fprob>
        </actor>
        <actor name="D0N9">
            <wcet number="0">20</wcet>
            <wcet number="1">40</wcet>
            <maxpow number="0.3786150396787941"/>
            <maxpow number="0.3786150396787941"/>
            <fprob>0.0</fprob>
        </actor>
        <actor name="D0N18">
            <wcet number="0">150</wcet>
            <wcet number="1">160</wcet>
            <maxpow number="0.32252008246261754"/>
            <maxpow number="0.32252008246261754"/>
            <fprob>0.0</fprob>
        </actor>
        <actor name="D0N46">
            <wcet number="0">30</wcet>
            <wcet number="1">90</wcet>
            <maxpow number="0.45694429757310784"/>
            <maxpow number="0.45694429757310784"/>
            <fprob>0.0</fprob>
        </actor>
        <actor name="D0N11">
            <wcet number="0">10</wcet>
            <wcet number="1">70</wcet>
            <maxpow number="0.3130201105110273"/>
            <maxpow number="0.3130201105110273"/>
            <fprob>0.0</fprob>
        </actor>
        <actor name="D0N19">
            <wcet number="0">10</wcet>
            <wcet number="1">140</wcet>
            <maxpow number="0.45178993741497053"/>
            <maxpow number="0.45178993741497053"/>
            <fprob>0.0</fprob>
        </actor>
        <actor name="D0N0">
            <wcet number="0">50</wcet>
            <wcet number="1">70</wcet>
            <maxpow number="0.35832940671201663"/>
            <maxpow number="0.35832940671201663"/>
            <fprob>0.0</fprob>
        </actor>
        <actor name="D0N4">
            <wcet number="0">20</wcet>
            <wcet number="1">40</wcet>
            <maxpow number="0.9354424123421301"/>
            <maxpow number="0.9354424123421301"/>
            <fprob>0.0</fprob>
        </actor>
        <actor name="D0N42">
            <wcet number="0">20</wcet>
            <wcet number="1">120</wcet>
            <maxpow number="0.5754727669940155"/>
            <maxpow number="0.5754727669940155"/>
            <fprob>0.0</fprob>
        </actor>
        <actor name="D0N37">
            <wcet number="0">20</wcet>
            <wcet number="1">20</wcet>
            <maxpow number="0.5334324336318178"/>
            <maxpow number="0.5334324336318178"/>
            <fprob>0.0</fprob>
        </actor>
        <actor name="D0N44">
            <wcet number="0">10</wcet>
            <wcet number="1">70</wcet>
            <maxpow number="0.31861781029871306"/>
            <maxpow number="0.31861781029871306"/>
            <fprob>0.0</fprob>
        </actor>
        <actor name="D0N21">
            <wcet number="0">20</wcet>
            <wcet number="1">40</wcet>
            <maxpow number="0.5955242602633821"/>
            <maxpow number="0.5955242602633821"/>
            <fprob>0.0</fprob>
        </actor>
        <actor name="D0N8">
            <wcet number="0">80</wcet>
            <wcet number="1">100</wcet>
            <maxpow number="0.4751492097022574"/>
            <maxpow number="0.4751492097022574"/>
            <fprob>0.0</fprob>
        </actor>
        <actor name="D0N15">
            <wcet number="0">70</wcet>
            <wcet number="1">110</wcet>
            <maxpow number="0.19942673185947657"/>
            <maxpow number="0.19942673185947657"/>
            <fprob>0.0</fprob>
        </actor>
        <actor name="D0N7">
            <wcet number="0">10</wcet>
            <wcet number="1">20</wcet>
            <maxpow number="0.29615687691139714"/>
            <maxpow number="0.29615687691139714"/>
            <fprob>0.0</fprob>
        </actor>
        <actor name="D0N34">
            <wcet number="0">10</wcet>
            <wcet number="1">10</wcet>
            <maxpow number="0.6875677718566525"/>
            <maxpow number="0.6875677718566525"/>
            <fprob>0.0</fprob>
        </actor>
        <actor name="D0N16">
            <wcet number="0">20</wcet>
            <wcet number="1">20</wcet>
            <maxpow number="0.5237577536691964"/>
            <maxpow number="0.5237577536691964"/>
            <fprob>0.0</fprob>
        </actor>
        <actor name="D0N32">
            <wcet number="0">10</wcet>
            <wcet number="1">20</wcet>
            <maxpow number="0.23567502276535873"/>
            <maxpow number="0.23567502276535873"/>
            <fprob>0.0</fprob>
        </actor>
        <actor name="D0N24">
            <wcet number="0">50</wcet>
            <wcet number="1">50</wcet>
            <maxpow number="0.606918575991798"/>
            <maxpow number="0.606918575991798"/>
            <fprob>0.0</fprob>
        </actor>
        <actor name="D0N38">
            <wcet number="0">20</wcet>
            <wcet number="1">30</wcet>
            <maxpow number="0.24670871593334637"/>
            <maxpow number="0.24670871593334637"/>
            <fprob>0.0</fprob>
        </actor>
        <actor name="D0N20">
            <wcet number="0">40</wcet>
            <wcet number="1">60</wcet>
            <maxpow number="0.7935398544043009"/>
            <maxpow number="0.7935398544043009"/>
            <fprob>0.0</fprob>
        </actor>
        <actor name="D0N31">
            <wcet number="0">240</wcet>
            <wcet number="1">250</wcet>
            <maxpow number="0.6653082960228707"/>
            <maxpow number="0.6653082960228707"/>
            <fprob>0.0</fprob>
        </actor>
        <actor name="D0N14">
            <wcet number="0">30</wcet>
            <wcet number="1">30</wcet>
            <maxpow number="0.5395698832111028"/>
            <maxpow number="0.5395698832111028"/>
            <fprob>0.0</fprob>
        </actor>
        <actor name="D0N25">
            <wcet number="0">10</wcet>
            <wcet number="1">40</wcet>
            <maxpow number="0.6930103797481894"/>
            <maxpow number="0.6930103797481894"/>
            <fprob>0.0</fprob>
        </actor>
        <actor name="D0N26">
            <wcet number="0">10</wcet>
            <wcet number="1">10</wcet>
            <maxpow number="0.7221102003577893"/>
            <maxpow number="0.7221102003577893"/>
            <fprob>0.0</fprob>
        </actor>
        <actor name="D0N3">
            <wcet number="0">10</wcet>
            <wcet number="1">20</wcet>
            <maxpow number="0.4865437289157372"/>
            <maxpow number="0.4865437289157372"/>
            <fprob>0.0</fprob>
        </actor>
        <actor name="D0N41">
            <wcet number="0">50</wcet>
            <wcet number="1">50</wcet>
            <maxpow number="0.49208480364278717"/>
            <maxpow number="0.49208480364278717"/>
            <fprob>0.0</fprob>
        </actor>
        <actor name="D0N29">
            <wcet number="0">30</wcet>
            <wcet number="1">30</wcet>
            <maxpow number="0.5069936157703265"/>
            <maxpow number="0.5069936157703265"/>
            <fprob>0.0</fprob>
        </actor>
        <actor name="D0N36">
            <wcet number="0">20</wcet>
            <wcet number="1">40</wcet>
            <maxpow number="0.2655133014613625"/>
            <maxpow number="0.2655133014613625"/>
            <fprob>0.0</fprob>
        </actor>
        <actor name="D0N6">
            <wcet number="0">60</wcet>
            <wcet number="1">80</wcet>
            <maxpow number="0.32678943156453844"/>
            <maxpow number="0.32678943156453844"/>
            <fprob>0.0</fprob>
        </actor>
        <actor name="D0N33">
            <wcet number="0">10</wcet>
            <wcet number="1">20</wcet>
            <maxpow number="1.0311030745347063"/>
            <maxpow number="1.0311030745347063"/>
            <fprob>0.0</fprob>
        </actor>
        <actor name="D0N43">
            <wcet number="0">10</wcet>
            <wcet number="1">80</wcet>
            <maxpow number="0.4163297778533769"/>
            <maxpow number="0.4163297778533769"/>
            <fprob>0.0</fprob>
        </actor>
        <actor name="D0N12">
            <wcet number="0">10</wcet>
            <wcet number="1">60</wcet>
            <maxpow number="0.1659527682354145"/>
            <maxpow number="0.1659527682354145"/>
            <fprob>0.0</fprob>
        </actor>
        <actor name="D0N22">
            <wcet number="0">190</wcet>
            <wcet number="1">190</wcet>
            <maxpow number="0.3724781077889767"/>
            <maxpow number="0.3724781077889767"/>
            <fprob>0.0</fprob>
        </actor>
        <actor name="D0N30">
            <wcet number="0">150</wcet>
            <wcet number="1">160</wcet>
            <maxpow number="0.8403014391034671"/>
            <maxpow number="0.8403014391034671"/>
            <fprob>0.0</fprob>
        </actor>
        <ports>
            <port dstActor="D0N36" name="p0" srcActor="D0N23"/>
            <port dstActor="D0N46" name="p1" srcActor="D0N39"/>
            <port dstActor="D0N38" name="p2" srcActor="D0N27"/>
            <port dstActor="D0N20" name="p3" srcActor="D0N13"/>
            <port dstActor="D0N25" name="p4" srcActor="D0N13"/>
            <port dstActor="D0N46" name="p5" srcActor="D0N13"/>
            <port dstActor="D0N44" name="p6" srcActor="D0N13"/>
            <port dstActor="D0N37" name="p7" srcActor="D0N1"/>
            <port dstActor="D0N20" name="p8" srcActor="D0N1"/>
            <port dstActor="D0N7" name="p9" srcActor="D0N1"/>
            <port dstActor="D0N41" name="p10" srcActor="D0N35"/>
            <port dstActor="D0N32" name="p11" srcActor="D0N2"/>
            <port dstActor="D0N42" name="p12" srcActor="D0N2"/>
            <port dstActor="D0N7" name="p13" srcActor="D0N2"/>
            <port dstActor="D0N29" name="p14" srcActor="D0N2"/>
            <port dstActor="D0N45" name="p15" srcActor="D0N2"/>
            <port dstActor="D0N20" name="p16" srcActor="D0N2"/>
            <port dstActor="D0N44" name="p17" srcActor="D0N2"/>
            <port dstActor="D0N10" name="p18" srcActor="D0N2"/>
            <port dstActor="D0N21" name="p19" srcActor="D0N2"/>
            <port dstActor="D0N38" name="p20" srcActor="D0N28"/>
            <port dstActor="D0N44" name="p21" srcActor="D0N10"/>
            <port dstActor="D0N37" name="p22" srcActor="D0N10"/>
            <port dstActor="D0N33" name="p23" srcActor="D0N17"/>
            <port dstActor="D0N19" name="p24" srcActor="D0N17"/>
            <port dstActor="D0N22" name="p25" srcActor="D0N17"/>
            <port dstActor="D0N18" name="p26" srcActor="D0N17"/>
            <port dstActor="D0N21" name="p27" srcActor="D0N5"/>
            <port dstActor="D0N9" name="p28" srcActor="D0N5"/>
            <port dstActor="D0N8" name="p29" srcActor="D0N5"/>
            <port dstActor="D0N37" name="p30" srcActor="D0N5"/>
            <port dstActor="D0N39" name="p31" srcActor="D0N9"/>
            <port dstActor="D0N45" name="p32" srcActor="D0N9"/>
            <port dstActor="D0N15" name="p33" srcActor="D0N9"/>
            <port dstActor="D0N14" name="p34" srcActor="D0N9"/>
            <port dstActor="D0N22" name="p35" srcActor="D0N9"/>
            <port dstActor="D0N45" name="p36" srcActor="D0N18"/>
            <port dstActor="D0N32" name="p37" srcActor="D0N11"/>
            <port dstActor="D0N42" name="p38" srcActor="D0N11"/>
            <port dstActor="D0N18" name="p39" srcActor="D0N11"/>
            <port dstActor="D0N25" name="p40" srcActor="D0N19"/>
            <port dstActor="D0N2" name="p41" srcActor="D0N0"/>
            <port dstActor="D0N37" name="p42" srcActor="D0N0"/>
            <port dstActor="D0N40" name="p43" srcActor="D0N0"/>
            <port dstActor="D0N39" name="p44" srcActor="D0N4"/>
            <port dstActor="D0N9" name="p45" srcActor="D0N4"/>
            <port dstActor="D0N29" name="p46" srcActor="D0N21"/>
            <port dstActor="D0N41" name="p47" srcActor="D0N21"/>
            <port dstActor="D0N30" name="p48" srcActor="D0N21"/>
            <port dstActor="D0N27" name="p49" srcActor="D0N8"/>
            <port dstActor="D0N24" name="p50" srcActor="D0N8"/>
            <port dstActor="D0N20" name="p51" srcActor="D0N8"/>
            <port dstActor="D0N26" name="p52" srcActor="D0N8"/>
            <port dstActor="D0N21" name="p53" srcActor="D0N15"/>
            <port dstActor="D0N30" name="p54" srcActor="D0N15"/>
            <port dstActor="D0N35" name="p55" srcActor="D0N15"/>
            <port dstActor="D0N36" name="p56" srcActor="D0N15"/>
            <port dstActor="D0N22" name="p57" srcActor="D0N15"/>
            <port dstActor="D0N15" name="p58" srcActor="D0N7"/>
            <port dstActor="D0N30" name="p59" srcActor="D0N7"/>
            <port dstActor="D0N34" name="p60" srcActor="D0N7"/>
            <port dstActor="D0N10" name="p61" srcActor="D0N7"/>
            <port dstActor="D0N14" name="p62" srcActor="D0N7"/>
            <port dstActor="D0N35" name="p63" srcActor="D0N7"/>
            <port dstActor="D0N46" name="p64" srcActor="D0N7"/>
            <port dstActor="D0N36" name="p65" srcActor="D0N7"/>
            <port dstActor="D0N44" name="p66" srcActor="D0N34"/>
            <port dstActor="D0N35" name="p67" srcActor="D0N34"/>
            <port dstActor="D0N18" name="p68" srcActor="D0N16"/>
            <port dstActor="D0N40" name="p69" srcActor="D0N16"/>
            <port dstActor="D0N34" name="p70" srcActor="D0N16"/>
            <port dstActor="D0N25" name="p71" srcActor="D0N16"/>
            <port dstActor="D0N23" name="p72" srcActor="D0N16"/>
            <port dstActor="D0N45" name="p73" srcActor="D0N32"/>
            <port dstActor="D0N32" name="p74" srcActor="D0N24"/>
            <port dstActor="D0N45" name="p75" srcActor="D0N38"/>
            <port dstActor="D0N26" name="p76" srcActor="D0N20"/>
            <port dstActor="D0N39" name="p77" srcActor="D0N20"/>
            <port dstActor="D0N45" name="p78" srcActor="D0N20"/>
            <port dstActor="D0N37" name="p79" srcActor="D0N31"/>
            <port dstActor="D0N37" name="p80" srcActor="D0N14"/>
            <port dstActor="D0N46" name="p81" srcActor="D0N14"/>
            <port dstActor="D0N27" name="p82" srcActor="D0N26"/>
            <port dstActor="D0N45" name="p83" srcActor="D0N26"/>
            <port dstActor="D0N41" name="p84" srcActor="D0N26"/>
            <port dstActor="D0N39" name="p85" srcActor="D0N3"/>
            <port dstActor="D0N46" name="p86" srcActor="D0N3"/>
            <port dstActor="D0N40" name="p87" srcActor="D0N3"/>
            <port dstActor="D0N46" name="p88" srcActor="D0N36"/>
            <port dstActor="D0N19" name="p89" srcActor="D0N6"/>
            <port dstActor="D0N37" name="p90" srcActor="D0N6"/>
            <port dstActor="D0N42" name="p91" srcActor="D0N6"/>
            <port dstActor="D0N42" name="p92" srcActor="D0N33"/>
            <port dstActor="D0N38" name="p93" srcActor="D0N33"/>
            <port dstActor="D0N21" name="p94" srcActor="D0N12"/>
            <port dstActor="D0N30" name="p95" srcActor="D0N12"/>
            <port dstActor="D0N37" name="p96" srcActor="D0N12"/>
            <port dstActor="D0N31" name="p97" srcActor="D0N12"/>
            <port dstActor="D0N40" name="p98" srcActor="D0N12"/>
            <port dstActor="D0N24" name="p99" srcActor="D0N22"/>
            <port dstActor="D0N40" name="p100" srcActor="D0N30"/>
            <port dstActor="D0N33" name="p101" srcActor="D0N30"/>
        </ports>
    </mcdag>
    <cores number="2"/>
    <levels number="2"/>
</mcsystem>
