<?xml version="1.0" encoding="UTF-8" standalone="no"?>
<mcsystem>
    <mcdag deadline="3000" name="genned-0-ed-10.0-0">
        <actor name="D0N27">
            <wcet number="0">30</wcet>
            <wcet number="1">70</wcet>
            <maxpow number="0.373593286198861"/>
            <maxpow number="0.373593286198861"/>
            <fprob>0.0</fprob>
        </actor>
        <actor name="D0N6">
            <wcet number="0">150</wcet>
            <wcet number="1">270</wcet>
            <maxpow number="0.6149597444068318"/>
            <maxpow number="0.6149597444068318"/>
            <fprob>0.0</fprob>
        </actor>
        <actor name="D0N5">
            <wcet number="0">30</wcet>
            <wcet number="1">60</wcet>
            <maxpow number="0.17400220609976458"/>
            <maxpow number="0.17400220609976458"/>
            <fprob>0.0</fprob>
        </actor>
        <actor name="D0N7">
            <wcet number="0">10</wcet>
            <wcet number="1">10</wcet>
            <maxpow number="0.5026997229018277"/>
            <maxpow number="0.5026997229018277"/>
            <fprob>0.0</fprob>
        </actor>
        <actor name="D0N20">
            <wcet number="0">50</wcet>
            <wcet number="1">80</wcet>
            <maxpow number="0.7256232666203534"/>
            <maxpow number="0.7256232666203534"/>
            <fprob>0.0</fprob>
        </actor>
        <actor name="D0N11">
            <wcet number="0">110</wcet>
            <wcet number="1">130</wcet>
            <maxpow number="0.4805248675849531"/>
            <maxpow number="0.4805248675849531"/>
            <fprob>0.0</fprob>
        </actor>
        <actor name="D0N30">
            <wcet number="0">40</wcet>
            <wcet number="1">110</wcet>
            <maxpow number="0.4390708330981814"/>
            <maxpow number="0.4390708330981814"/>
            <fprob>0.0</fprob>
        </actor>
        <actor name="D0N35">
            <wcet number="0">10</wcet>
            <wcet number="1">40</wcet>
            <maxpow number="0.7945143246835636"/>
            <maxpow number="0.7945143246835636"/>
            <fprob>0.0</fprob>
        </actor>
        <actor name="D0N28">
            <wcet number="0">20</wcet>
            <wcet number="1">20</wcet>
            <maxpow number="0.5977800508171687"/>
            <maxpow number="0.5977800508171687"/>
            <fprob>0.0</fprob>
        </actor>
        <actor name="D0N10">
            <wcet number="0">30</wcet>
            <wcet number="1">250</wcet>
            <maxpow number="0.7717388536485307"/>
            <maxpow number="0.7717388536485307"/>
            <fprob>0.0</fprob>
        </actor>
        <actor name="D0N24">
            <wcet number="0">70</wcet>
            <wcet number="1">70</wcet>
            <maxpow number="0.4693760618851409"/>
            <maxpow number="0.4693760618851409"/>
            <fprob>0.0</fprob>
        </actor>
        <actor name="D0N25">
            <wcet number="0">100</wcet>
            <wcet number="1">280</wcet>
            <maxpow number="0.3596012406595686"/>
            <maxpow number="0.3596012406595686"/>
            <fprob>0.0</fprob>
        </actor>
        <actor name="D0N39">
            <wcet number="0">20</wcet>
            <wcet number="1">20</wcet>
            <maxpow number="0.4978105107357166"/>
            <maxpow number="0.4978105107357166"/>
            <fprob>0.0</fprob>
        </actor>
        <actor name="D0N16">
            <wcet number="0">30</wcet>
            <wcet number="1">120</wcet>
            <maxpow number="0.44129531890763074"/>
            <maxpow number="0.44129531890763074"/>
            <fprob>0.0</fprob>
        </actor>
        <actor name="D0N9">
            <wcet number="0">20</wcet>
            <wcet number="1">100</wcet>
            <maxpow number="0.5240133975927334"/>
            <maxpow number="0.5240133975927334"/>
            <fprob>0.0</fprob>
        </actor>
        <actor name="D0N31">
            <wcet number="0">110</wcet>
            <wcet number="1">120</wcet>
            <maxpow number="0.9929727952286118"/>
            <maxpow number="0.9929727952286118"/>
            <fprob>0.0</fprob>
        </actor>
        <actor name="D0N42">
            <wcet number="0">120</wcet>
            <wcet number="1">120</wcet>
            <maxpow number="0.37287131232757775"/>
            <maxpow number="0.37287131232757775"/>
            <fprob>0.0</fprob>
        </actor>
        <actor name="D0N13">
            <wcet number="0">20</wcet>
            <wcet number="1">20</wcet>
            <maxpow number="0.42005201382033996"/>
            <maxpow number="0.42005201382033996"/>
            <fprob>0.0</fprob>
        </actor>
        <actor name="D0N32">
            <wcet number="0">110</wcet>
            <wcet number="1">140</wcet>
            <maxpow number="0.4773213830218075"/>
            <maxpow number="0.4773213830218075"/>
            <fprob>0.0</fprob>
        </actor>
        <actor name="D0N17">
            <wcet number="0">40</wcet>
            <wcet number="1">40</wcet>
            <maxpow number="0.6087777595657649"/>
            <maxpow number="0.6087777595657649"/>
            <fprob>0.0</fprob>
        </actor>
        <actor name="D0N38">
            <wcet number="0">10</wcet>
            <wcet number="1">10</wcet>
            <maxpow number="0.31261114282513236"/>
            <maxpow number="0.31261114282513236"/>
            <fprob>0.0</fprob>
        </actor>
        <actor name="D0N3">
            <wcet number="0">50</wcet>
            <wcet number="1">90</wcet>
            <maxpow number="0.689504896991261"/>
            <maxpow number="0.689504896991261"/>
            <fprob>0.0</fprob>
        </actor>
        <actor name="D0N22">
            <wcet number="0">50</wcet>
            <wcet number="1">250</wcet>
            <maxpow number="0.3234776140534208"/>
            <maxpow number="0.3234776140534208"/>
            <fprob>0.0</fprob>
        </actor>
        <actor name="D0N43">
            <wcet number="0">10</wcet>
            <wcet number="1">10</wcet>
            <maxpow number="0.25190103425000987"/>
            <maxpow number="0.25190103425000987"/>
            <fprob>0.0</fprob>
        </actor>
        <actor name="D0N19">
            <wcet number="0">60</wcet>
            <wcet number="1">60</wcet>
            <maxpow number="0.45643141606906334"/>
            <maxpow number="0.45643141606906334"/>
            <fprob>0.0</fprob>
        </actor>
        <actor name="D0N0">
            <wcet number="0">40</wcet>
            <wcet number="1">60</wcet>
            <maxpow number="0.7343312527207024"/>
            <maxpow number="0.7343312527207024"/>
            <fprob>0.0</fprob>
        </actor>
        <actor name="D0N8">
            <wcet number="0">300</wcet>
            <wcet number="1">520</wcet>
            <maxpow number="0.7213615752086845"/>
            <maxpow number="0.7213615752086845"/>
            <fprob>0.0</fprob>
        </actor>
        <actor name="D0N14">
            <wcet number="0">160</wcet>
            <wcet number="1">220</wcet>
            <maxpow number="0.7419344899007735"/>
            <maxpow number="0.7419344899007735"/>
            <fprob>0.0</fprob>
        </actor>
        <actor name="D0N4">
            <wcet number="0">30</wcet>
            <wcet number="1">80</wcet>
            <maxpow number="0.4306496196224616"/>
            <maxpow number="0.4306496196224616"/>
            <fprob>0.0</fprob>
        </actor>
        <actor name="D0N15">
            <wcet number="0">90</wcet>
            <wcet number="1">120</wcet>
            <maxpow number="0.3076988437631139"/>
            <maxpow number="0.3076988437631139"/>
            <fprob>0.0</fprob>
        </actor>
        <actor name="D0N44">
            <wcet number="0">130</wcet>
            <wcet number="1">170</wcet>
            <maxpow number="0.42056623663387716"/>
            <maxpow number="0.42056623663387716"/>
            <fprob>0.0</fprob>
        </actor>
        <actor name="D0N12">
            <wcet number="0">50</wcet>
            <wcet number="1">90</wcet>
            <maxpow number="0.41092119881842815"/>
            <maxpow number="0.41092119881842815"/>
            <fprob>0.0</fprob>
        </actor>
        <actor name="D0N33">
            <wcet number="0">50</wcet>
            <wcet number="1">80</wcet>
            <maxpow number="0.42081275828622233"/>
            <maxpow number="0.42081275828622233"/>
            <fprob>0.0</fprob>
        </actor>
        <actor name="D0N1">
            <wcet number="0">10</wcet>
            <wcet number="1">170</wcet>
            <maxpow number="0.6477142502610636"/>
            <maxpow number="0.6477142502610636"/>
            <fprob>0.0</fprob>
        </actor>
        <actor name="D0N41">
            <wcet number="0">20</wcet>
            <wcet number="1">80</wcet>
            <maxpow number="0.667440556601624"/>
            <maxpow number="0.667440556601624"/>
            <fprob>0.0</fprob>
        </actor>
        <actor name="D0N36">
            <wcet number="0">130</wcet>
            <wcet number="1">260</wcet>
            <maxpow number="0.3814831703234232"/>
            <maxpow number="0.3814831703234232"/>
            <fprob>0.0</fprob>
        </actor>
        <actor name="D0N23">
            <wcet number="0">40</wcet>
            <wcet number="1">60</wcet>
            <maxpow number="0.675864472257833"/>
            <maxpow number="0.675864472257833"/>
            <fprob>0.0</fprob>
        </actor>
        <actor name="D0N34">
            <wcet number="0">150</wcet>
            <wcet number="1">190</wcet>
            <maxpow number="0.30006057410061615"/>
            <maxpow number="0.30006057410061615"/>
            <fprob>0.0</fprob>
        </actor>
        <actor name="D0N18">
            <wcet number="0">10</wcet>
            <wcet number="1">80</wcet>
            <maxpow number="0.6461683358010732"/>
            <maxpow number="0.6461683358010732"/>
            <fprob>0.0</fprob>
        </actor>
        <actor name="D0N45">
            <wcet number="0">10</wcet>
            <wcet number="1">50</wcet>
            <maxpow number="0.4939210417585594"/>
            <maxpow number="0.4939210417585594"/>
            <fprob>0.0</fprob>
        </actor>
        <actor name="D0N46">
            <wcet number="0">40</wcet>
            <wcet number="1">180</wcet>
            <maxpow number="0.8278636442418522"/>
            <maxpow number="0.8278636442418522"/>
            <fprob>0.0</fprob>
        </actor>
        <actor name="D0N48">
            <wcet number="0">30</wcet>
            <wcet number="1">40</wcet>
            <maxpow number="0.6755970275943597"/>
            <maxpow number="0.6755970275943597"/>
            <fprob>0.0</fprob>
        </actor>
        <actor name="D0N2">
            <wcet number="0">10</wcet>
            <wcet number="1">70</wcet>
            <maxpow number="0.6875856771536851"/>
            <maxpow number="0.6875856771536851"/>
            <fprob>0.0</fprob>
        </actor>
        <actor name="D0N37">
            <wcet number="0">40</wcet>
            <wcet number="1">40</wcet>
            <maxpow number="0.2987852803372634"/>
            <maxpow number="0.2987852803372634"/>
            <fprob>0.0</fprob>
        </actor>
        <actor name="D0N40">
            <wcet number="0">20</wcet>
            <wcet number="1">30</wcet>
            <maxpow number="0.7924559022285745"/>
            <maxpow number="0.7924559022285745"/>
            <fprob>0.0</fprob>
        </actor>
        <actor name="D0N26">
            <wcet number="0">140</wcet>
            <wcet number="1">190</wcet>
            <maxpow number="0.6471729938360762"/>
            <maxpow number="0.6471729938360762"/>
            <fprob>0.0</fprob>
        </actor>
        <actor name="D0N29">
            <wcet number="0">40</wcet>
            <wcet number="1">80</wcet>
            <maxpow number="0.43398695429697187"/>
            <maxpow number="0.43398695429697187"/>
            <fprob>0.0</fprob>
        </actor>
        <actor name="D0N21">
            <wcet number="0">210</wcet>
            <wcet number="1">390</wcet>
            <maxpow number="0.45047499271569796"/>
            <maxpow number="0.45047499271569796"/>
            <fprob>0.0</fprob>
        </actor>
        <actor name="D0N47">
            <wcet number="0">10</wcet>
            <wcet number="1">260</wcet>
            <maxpow number="0.5024389605930392"/>
            <maxpow number="0.5024389605930392"/>
            <fprob>0.0</fprob>
        </actor>
        <ports>
            <port dstActor="D0N20" name="p0" srcActor="D0N6"/>
            <port dstActor="D0N15" name="p1" srcActor="D0N6"/>
            <port dstActor="D0N48" name="p2" srcActor="D0N6"/>
            <port dstActor="D0N7" name="p3" srcActor="D0N6"/>
            <port dstActor="D0N14" name="p4" srcActor="D0N6"/>
            <port dstActor="D0N17" name="p5" srcActor="D0N6"/>
            <port dstActor="D0N25" name="p6" srcActor="D0N6"/>
            <port dstActor="D0N22" name="p7" srcActor="D0N6"/>
            <port dstActor="D0N36" name="p8" srcActor="D0N5"/>
            <port dstActor="D0N21" name="p9" srcActor="D0N5"/>
            <port dstActor="D0N16" name="p10" srcActor="D0N5"/>
            <port dstActor="D0N27" name="p11" srcActor="D0N5"/>
            <port dstActor="D0N34" name="p12" srcActor="D0N5"/>
            <port dstActor="D0N9" name="p13" srcActor="D0N5"/>
            <port dstActor="D0N25" name="p14" srcActor="D0N5"/>
            <port dstActor="D0N28" name="p15" srcActor="D0N7"/>
            <port dstActor="D0N14" name="p16" srcActor="D0N7"/>
            <port dstActor="D0N26" name="p17" srcActor="D0N7"/>
            <port dstActor="D0N30" name="p18" srcActor="D0N20"/>
            <port dstActor="D0N28" name="p19" srcActor="D0N20"/>
            <port dstActor="D0N23" name="p20" srcActor="D0N20"/>
            <port dstActor="D0N40" name="p21" srcActor="D0N20"/>
            <port dstActor="D0N17" name="p22" srcActor="D0N11"/>
            <port dstActor="D0N15" name="p23" srcActor="D0N11"/>
            <port dstActor="D0N45" name="p24" srcActor="D0N30"/>
            <port dstActor="D0N29" name="p25" srcActor="D0N10"/>
            <port dstActor="D0N47" name="p26" srcActor="D0N10"/>
            <port dstActor="D0N26" name="p27" srcActor="D0N10"/>
            <port dstActor="D0N31" name="p28" srcActor="D0N10"/>
            <port dstActor="D0N35" name="p29" srcActor="D0N10"/>
            <port dstActor="D0N22" name="p30" srcActor="D0N10"/>
            <port dstActor="D0N40" name="p31" srcActor="D0N10"/>
            <port dstActor="D0N14" name="p32" srcActor="D0N10"/>
            <port dstActor="D0N45" name="p33" srcActor="D0N24"/>
            <port dstActor="D0N40" name="p34" srcActor="D0N24"/>
            <port dstActor="D0N27" name="p35" srcActor="D0N24"/>
            <port dstActor="D0N41" name="p36" srcActor="D0N24"/>
            <port dstActor="D0N36" name="p37" srcActor="D0N24"/>
            <port dstActor="D0N43" name="p38" srcActor="D0N39"/>
            <port dstActor="D0N31" name="p39" srcActor="D0N16"/>
            <port dstActor="D0N38" name="p40" srcActor="D0N16"/>
            <port dstActor="D0N26" name="p41" srcActor="D0N16"/>
            <port dstActor="D0N31" name="p42" srcActor="D0N9"/>
            <port dstActor="D0N37" name="p43" srcActor="D0N9"/>
            <port dstActor="D0N13" name="p44" srcActor="D0N9"/>
            <port dstActor="D0N29" name="p45" srcActor="D0N9"/>
            <port dstActor="D0N23" name="p46" srcActor="D0N9"/>
            <port dstActor="D0N32" name="p47" srcActor="D0N31"/>
            <port dstActor="D0N42" name="p48" srcActor="D0N31"/>
            <port dstActor="D0N38" name="p49" srcActor="D0N13"/>
            <port dstActor="D0N35" name="p50" srcActor="D0N13"/>
            <port dstActor="D0N48" name="p51" srcActor="D0N32"/>
            <port dstActor="D0N48" name="p52" srcActor="D0N17"/>
            <port dstActor="D0N38" name="p53" srcActor="D0N17"/>
            <port dstActor="D0N33" name="p54" srcActor="D0N17"/>
            <port dstActor="D0N26" name="p55" srcActor="D0N3"/>
            <port dstActor="D0N35" name="p56" srcActor="D0N3"/>
            <port dstActor="D0N23" name="p57" srcActor="D0N3"/>
            <port dstActor="D0N33" name="p58" srcActor="D0N3"/>
            <port dstActor="D0N6" name="p59" srcActor="D0N3"/>
            <port dstActor="D0N39" name="p60" srcActor="D0N3"/>
            <port dstActor="D0N39" name="p61" srcActor="D0N22"/>
            <port dstActor="D0N34" name="p62" srcActor="D0N22"/>
            <port dstActor="D0N48" name="p63" srcActor="D0N22"/>
            <port dstActor="D0N48" name="p64" srcActor="D0N43"/>
            <port dstActor="D0N24" name="p65" srcActor="D0N19"/>
            <port dstActor="D0N38" name="p66" srcActor="D0N19"/>
            <port dstActor="D0N34" name="p67" srcActor="D0N19"/>
            <port dstActor="D0N6" name="p68" srcActor="D0N0"/>
            <port dstActor="D0N27" name="p69" srcActor="D0N0"/>
            <port dstActor="D0N43" name="p70" srcActor="D0N0"/>
            <port dstActor="D0N47" name="p71" srcActor="D0N0"/>
            <port dstActor="D0N11" name="p72" srcActor="D0N0"/>
            <port dstActor="D0N28" name="p73" srcActor="D0N0"/>
            <port dstActor="D0N40" name="p74" srcActor="D0N0"/>
            <port dstActor="D0N20" name="p75" srcActor="D0N0"/>
            <port dstActor="D0N26" name="p76" srcActor="D0N0"/>
            <port dstActor="D0N4" name="p77" srcActor="D0N0"/>
            <port dstActor="D0N23" name="p78" srcActor="D0N8"/>
            <port dstActor="D0N14" name="p79" srcActor="D0N8"/>
            <port dstActor="D0N34" name="p80" srcActor="D0N8"/>
            <port dstActor="D0N39" name="p81" srcActor="D0N8"/>
            <port dstActor="D0N36" name="p82" srcActor="D0N8"/>
            <port dstActor="D0N38" name="p83" srcActor="D0N14"/>
            <port dstActor="D0N44" name="p84" srcActor="D0N14"/>
            <port dstActor="D0N36" name="p85" srcActor="D0N14"/>
            <port dstActor="D0N9" name="p86" srcActor="D0N4"/>
            <port dstActor="D0N26" name="p87" srcActor="D0N4"/>
            <port dstActor="D0N12" name="p88" srcActor="D0N4"/>
            <port dstActor="D0N34" name="p89" srcActor="D0N15"/>
            <port dstActor="D0N19" name="p90" srcActor="D0N15"/>
            <port dstActor="D0N27" name="p91" srcActor="D0N15"/>
            <port dstActor="D0N42" name="p92" srcActor="D0N15"/>
            <port dstActor="D0N41" name="p93" srcActor="D0N15"/>
            <port dstActor="D0N47" name="p94" srcActor="D0N15"/>
            <port dstActor="D0N48" name="p95" srcActor="D0N44"/>
            <port dstActor="D0N46" name="p96" srcActor="D0N44"/>
            <port dstActor="D0N13" name="p97" srcActor="D0N12"/>
            <port dstActor="D0N17" name="p98" srcActor="D0N12"/>
            <port dstActor="D0N32" name="p99" srcActor="D0N12"/>
            <port dstActor="D0N35" name="p100" srcActor="D0N12"/>
            <port dstActor="D0N41" name="p101" srcActor="D0N33"/>
            <port dstActor="D0N33" name="p102" srcActor="D0N1"/>
            <port dstActor="D0N18" name="p103" srcActor="D0N1"/>
            <port dstActor="D0N42" name="p104" srcActor="D0N1"/>
            <port dstActor="D0N39" name="p105" srcActor="D0N36"/>
            <port dstActor="D0N45" name="p106" srcActor="D0N36"/>
            <port dstActor="D0N47" name="p107" srcActor="D0N36"/>
            <port dstActor="D0N41" name="p108" srcActor="D0N23"/>
            <port dstActor="D0N29" name="p109" srcActor="D0N18"/>
            <port dstActor="D0N23" name="p110" srcActor="D0N18"/>
            <port dstActor="D0N33" name="p111" srcActor="D0N18"/>
            <port dstActor="D0N3" name="p112" srcActor="D0N2"/>
            <port dstActor="D0N42" name="p113" srcActor="D0N2"/>
            <port dstActor="D0N21" name="p114" srcActor="D0N2"/>
            <port dstActor="D0N26" name="p115" srcActor="D0N2"/>
            <port dstActor="D0N41" name="p116" srcActor="D0N37"/>
            <port dstActor="D0N44" name="p117" srcActor="D0N37"/>
            <port dstActor="D0N47" name="p118" srcActor="D0N40"/>
            <port dstActor="D0N28" name="p119" srcActor="D0N26"/>
            <port dstActor="D0N31" name="p120" srcActor="D0N26"/>
            <port dstActor="D0N35" name="p121" srcActor="D0N26"/>
            <port dstActor="D0N34" name="p122" srcActor="D0N26"/>
            <port dstActor="D0N35" name="p123" srcActor="D0N29"/>
            <port dstActor="D0N48" name="p124" srcActor="D0N29"/>
            <port dstActor="D0N28" name="p125" srcActor="D0N21"/>
            <port dstActor="D0N45" name="p126" srcActor="D0N21"/>
            <port dstActor="D0N48" name="p127" srcActor="D0N21"/>
            <port dstActor="D0N42" name="p128" srcActor="D0N21"/>
            <port dstActor="D0N36" name="p129" srcActor="D0N21"/>
        </ports>
    </mcdag>
    <cores number="2"/>
    <levels number="2"/>
</mcsystem>
