<?xml version="1.0" encoding="UTF-8" standalone="no"?>
<mcsystem>
    <mcdag deadline="5000" name="genned-0-ed-10.0-0">
        <actor name="D0N43">
            <wcet number="0">290</wcet>
            <wcet number="1">450</wcet>
            <maxpow number="0.6190477359904555"/>
            <maxpow number="0.6190477359904555"/>
            <fprob>0.0</fprob>
        </actor>
        <actor name="D0N21">
            <wcet number="0">10</wcet>
            <wcet number="1">30</wcet>
            <maxpow number="0.3419136467331289"/>
            <maxpow number="0.3419136467331289"/>
            <fprob>0.0</fprob>
        </actor>
        <actor name="D0N35">
            <wcet number="0">330</wcet>
            <wcet number="1">330</wcet>
            <maxpow number="0.5194945939845584"/>
            <maxpow number="0.5194945939845584"/>
            <fprob>0.0</fprob>
        </actor>
        <actor name="D0N27">
            <wcet number="0">10</wcet>
            <wcet number="1">30</wcet>
            <maxpow number="0.20082857442162294"/>
            <maxpow number="0.20082857442162294"/>
            <fprob>0.0</fprob>
        </actor>
        <actor name="D0N0">
            <wcet number="0">10</wcet>
            <wcet number="1">30</wcet>
            <maxpow number="0.6012791197934526"/>
            <maxpow number="0.6012791197934526"/>
            <fprob>0.0</fprob>
        </actor>
        <actor name="D0N15">
            <wcet number="0">20</wcet>
            <wcet number="1">80</wcet>
            <maxpow number="0.2619867963571626"/>
            <maxpow number="0.2619867963571626"/>
            <fprob>0.0</fprob>
        </actor>
        <actor name="D0N41">
            <wcet number="0">10</wcet>
            <wcet number="1">40</wcet>
            <maxpow number="0.7386861376197948"/>
            <maxpow number="0.7386861376197948"/>
            <fprob>0.0</fprob>
        </actor>
        <actor name="D0N26">
            <wcet number="0">230</wcet>
            <wcet number="1">250</wcet>
            <maxpow number="0.7024916447017394"/>
            <maxpow number="0.7024916447017394"/>
            <fprob>0.0</fprob>
        </actor>
        <actor name="D0N37">
            <wcet number="0">120</wcet>
            <wcet number="1">800</wcet>
            <maxpow number="0.6270002947687345"/>
            <maxpow number="0.6270002947687345"/>
            <fprob>0.0</fprob>
        </actor>
        <actor name="D0N6">
            <wcet number="0">20</wcet>
            <wcet number="1">40</wcet>
            <maxpow number="0.47092491983725215"/>
            <maxpow number="0.47092491983725215"/>
            <fprob>0.0</fprob>
        </actor>
        <actor name="D0N44">
            <wcet number="0">10</wcet>
            <wcet number="1">20</wcet>
            <maxpow number="0.7102393591369722"/>
            <maxpow number="0.7102393591369722"/>
            <fprob>0.0</fprob>
        </actor>
        <actor name="D0N19">
            <wcet number="0">70</wcet>
            <wcet number="1">720</wcet>
            <maxpow number="0.5198381507488506"/>
            <maxpow number="0.5198381507488506"/>
            <fprob>0.0</fprob>
        </actor>
        <actor name="D0N48">
            <wcet number="0">210</wcet>
            <wcet number="1">390</wcet>
            <maxpow number="0.3216122055214079"/>
            <maxpow number="0.3216122055214079"/>
            <fprob>0.0</fprob>
        </actor>
        <actor name="D0N23">
            <wcet number="0">10</wcet>
            <wcet number="1">520</wcet>
            <maxpow number="0.4831425157586628"/>
            <maxpow number="0.4831425157586628"/>
            <fprob>0.0</fprob>
        </actor>
        <actor name="D0N39">
            <wcet number="0">150</wcet>
            <wcet number="1">350</wcet>
            <maxpow number="0.7859494650114458"/>
            <maxpow number="0.7859494650114458"/>
            <fprob>0.0</fprob>
        </actor>
        <actor name="D0N40">
            <wcet number="0">20</wcet>
            <wcet number="1">30</wcet>
            <maxpow number="0.5314530629880801"/>
            <maxpow number="0.5314530629880801"/>
            <fprob>0.0</fprob>
        </actor>
        <actor name="D0N34">
            <wcet number="0">280</wcet>
            <wcet number="1">530</wcet>
            <maxpow number="0.7894629641317199"/>
            <maxpow number="0.7894629641317199"/>
            <fprob>0.0</fprob>
        </actor>
        <actor name="D0N7">
            <wcet number="0">60</wcet>
            <wcet number="1">120</wcet>
            <maxpow number="0.4491537982637406"/>
            <maxpow number="0.4491537982637406"/>
            <fprob>0.0</fprob>
        </actor>
        <actor name="D0N5">
            <wcet number="0">30</wcet>
            <wcet number="1">960</wcet>
            <maxpow number="0.7107277472676363"/>
            <maxpow number="0.7107277472676363"/>
            <fprob>0.0</fprob>
        </actor>
        <actor name="D0N49">
            <wcet number="0">10</wcet>
            <wcet number="1">10</wcet>
            <maxpow number="0.8196990117950904"/>
            <maxpow number="0.8196990117950904"/>
            <fprob>0.0</fprob>
        </actor>
        <actor name="D0N28">
            <wcet number="0">140</wcet>
            <wcet number="1">240</wcet>
            <maxpow number="0.7056827433019235"/>
            <maxpow number="0.7056827433019235"/>
            <fprob>0.0</fprob>
        </actor>
        <actor name="D0N12">
            <wcet number="0">50</wcet>
            <wcet number="1">50</wcet>
            <maxpow number="0.4414181955448712"/>
            <maxpow number="0.4414181955448712"/>
            <fprob>0.0</fprob>
        </actor>
        <actor name="D0N42">
            <wcet number="0">110</wcet>
            <wcet number="1">330</wcet>
            <maxpow number="0.6356756557450902"/>
            <maxpow number="0.6356756557450902"/>
            <fprob>0.0</fprob>
        </actor>
        <actor name="D0N16">
            <wcet number="0">20</wcet>
            <wcet number="1">300</wcet>
            <maxpow number="0.6917685416741659"/>
            <maxpow number="0.6917685416741659"/>
            <fprob>0.0</fprob>
        </actor>
        <actor name="D0N22">
            <wcet number="0">10</wcet>
            <wcet number="1">190</wcet>
            <maxpow number="0.7714808929375386"/>
            <maxpow number="0.7714808929375386"/>
            <fprob>0.0</fprob>
        </actor>
        <actor name="D0N18">
            <wcet number="0">520</wcet>
            <wcet number="1">550</wcet>
            <maxpow number="0.3169033326670837"/>
            <maxpow number="0.3169033326670837"/>
            <fprob>0.0</fprob>
        </actor>
        <actor name="D0N36">
            <wcet number="0">20</wcet>
            <wcet number="1">20</wcet>
            <maxpow number="0.5317902111385034"/>
            <maxpow number="0.5317902111385034"/>
            <fprob>0.0</fprob>
        </actor>
        <actor name="D0N46">
            <wcet number="0">170</wcet>
            <wcet number="1">190</wcet>
            <maxpow number="0.5928993071190657"/>
            <maxpow number="0.5928993071190657"/>
            <fprob>0.0</fprob>
        </actor>
        <actor name="D0N14">
            <wcet number="0">100</wcet>
            <wcet number="1">110</wcet>
            <maxpow number="0.5934573462323746"/>
            <maxpow number="0.5934573462323746"/>
            <fprob>0.0</fprob>
        </actor>
        <actor name="D0N8">
            <wcet number="0">880</wcet>
            <wcet number="1">880</wcet>
            <maxpow number="0.4773794821323319"/>
            <maxpow number="0.4773794821323319"/>
            <fprob>0.0</fprob>
        </actor>
        <actor name="D0N38">
            <wcet number="0">50</wcet>
            <wcet number="1">50</wcet>
            <maxpow number="0.8715377412814298"/>
            <maxpow number="0.8715377412814298"/>
            <fprob>0.0</fprob>
        </actor>
        <actor name="D0N25">
            <wcet number="0">60</wcet>
            <wcet number="1">120</wcet>
            <maxpow number="0.6573583746168422"/>
            <maxpow number="0.6573583746168422"/>
            <fprob>0.0</fprob>
        </actor>
        <actor name="D0N2">
            <wcet number="0">30</wcet>
            <wcet number="1">100</wcet>
            <maxpow number="0.44611282786466916"/>
            <maxpow number="0.44611282786466916"/>
            <fprob>0.0</fprob>
        </actor>
        <actor name="D0N24">
            <wcet number="0">30</wcet>
            <wcet number="1">290</wcet>
            <maxpow number="0.3426534889221693"/>
            <maxpow number="0.3426534889221693"/>
            <fprob>0.0</fprob>
        </actor>
        <actor name="D0N20">
            <wcet number="0">270</wcet>
            <wcet number="1">650</wcet>
            <maxpow number="0.4959812250541967"/>
            <maxpow number="0.4959812250541967"/>
            <fprob>0.0</fprob>
        </actor>
        <actor name="D0N4">
            <wcet number="0">570</wcet>
            <wcet number="1">900</wcet>
            <maxpow number="0.6422227038566937"/>
            <maxpow number="0.6422227038566937"/>
            <fprob>0.0</fprob>
        </actor>
        <actor name="D0N1">
            <wcet number="0">120</wcet>
            <wcet number="1">220</wcet>
            <maxpow number="0.7500950315898479"/>
            <maxpow number="0.7500950315898479"/>
            <fprob>0.0</fprob>
        </actor>
        <actor name="D0N3">
            <wcet number="0">130</wcet>
            <wcet number="1">200</wcet>
            <maxpow number="0.6958580977993769"/>
            <maxpow number="0.6958580977993769"/>
            <fprob>0.0</fprob>
        </actor>
        <actor name="D0N33">
            <wcet number="0">50</wcet>
            <wcet number="1">210</wcet>
            <maxpow number="0.8337073649483322"/>
            <maxpow number="0.8337073649483322"/>
            <fprob>0.0</fprob>
        </actor>
        <actor name="D0N30">
            <wcet number="0">80</wcet>
            <wcet number="1">120</wcet>
            <maxpow number="0.34173354839987247"/>
            <maxpow number="0.34173354839987247"/>
            <fprob>0.0</fprob>
        </actor>
        <actor name="D0N11">
            <wcet number="0">30</wcet>
            <wcet number="1">30</wcet>
            <maxpow number="0.5529821896321414"/>
            <maxpow number="0.5529821896321414"/>
            <fprob>0.0</fprob>
        </actor>
        <actor name="D0N13">
            <wcet number="0">550</wcet>
            <wcet number="1">630</wcet>
            <maxpow number="0.5908410241905905"/>
            <maxpow number="0.5908410241905905"/>
            <fprob>0.0</fprob>
        </actor>
        <actor name="D0N10">
            <wcet number="0">200</wcet>
            <wcet number="1">450</wcet>
            <maxpow number="0.7011353769404853"/>
            <maxpow number="0.7011353769404853"/>
            <fprob>0.0</fprob>
        </actor>
        <actor name="D0N29">
            <wcet number="0">280</wcet>
            <wcet number="1">290</wcet>
            <maxpow number="0.6146445546469804"/>
            <maxpow number="0.6146445546469804"/>
            <fprob>0.0</fprob>
        </actor>
        <actor name="D0N32">
            <wcet number="0">150</wcet>
            <wcet number="1">320</wcet>
            <maxpow number="0.566410718285526"/>
            <maxpow number="0.566410718285526"/>
            <fprob>0.0</fprob>
        </actor>
        <actor name="D0N47">
            <wcet number="0">90</wcet>
            <wcet number="1">90</wcet>
            <maxpow number="0.5239231431534945"/>
            <maxpow number="0.5239231431534945"/>
            <fprob>0.0</fprob>
        </actor>
        <actor name="D0N9">
            <wcet number="0">240</wcet>
            <wcet number="1">380</wcet>
            <maxpow number="0.782647112825911"/>
            <maxpow number="0.782647112825911"/>
            <fprob>0.0</fprob>
        </actor>
        <actor name="D0N45">
            <wcet number="0">180</wcet>
            <wcet number="1">480</wcet>
            <maxpow number="0.6060733961985237"/>
            <maxpow number="0.6060733961985237"/>
            <fprob>0.0</fprob>
        </actor>
        <actor name="D0N31">
            <wcet number="0">10</wcet>
            <wcet number="1">40</wcet>
            <maxpow number="0.5261664897643942"/>
            <maxpow number="0.5261664897643942"/>
            <fprob>0.0</fprob>
        </actor>
        <actor name="D0N17">
            <wcet number="0">220</wcet>
            <wcet number="1">340</wcet>
            <maxpow number="0.8008630592013009"/>
            <maxpow number="0.8008630592013009"/>
            <fprob>0.0</fprob>
        </actor>
        <ports>
            <port dstActor="D0N45" name="p0" srcActor="D0N43"/>
            <port dstActor="D0N46" name="p1" srcActor="D0N43"/>
            <port dstActor="D0N23" name="p2" srcActor="D0N21"/>
            <port dstActor="D0N22" name="p3" srcActor="D0N21"/>
            <port dstActor="D0N29" name="p4" srcActor="D0N21"/>
            <port dstActor="D0N43" name="p5" srcActor="D0N35"/>
            <port dstActor="D0N34" name="p6" srcActor="D0N27"/>
            <port dstActor="D0N38" name="p7" srcActor="D0N27"/>
            <port dstActor="D0N8" name="p8" srcActor="D0N0"/>
            <port dstActor="D0N24" name="p9" srcActor="D0N0"/>
            <port dstActor="D0N33" name="p10" srcActor="D0N0"/>
            <port dstActor="D0N37" name="p11" srcActor="D0N0"/>
            <port dstActor="D0N29" name="p12" srcActor="D0N0"/>
            <port dstActor="D0N35" name="p13" srcActor="D0N0"/>
            <port dstActor="D0N23" name="p14" srcActor="D0N0"/>
            <port dstActor="D0N49" name="p15" srcActor="D0N15"/>
            <port dstActor="D0N34" name="p16" srcActor="D0N15"/>
            <port dstActor="D0N48" name="p17" srcActor="D0N15"/>
            <port dstActor="D0N32" name="p18" srcActor="D0N15"/>
            <port dstActor="D0N23" name="p19" srcActor="D0N15"/>
            <port dstActor="D0N35" name="p20" srcActor="D0N15"/>
            <port dstActor="D0N44" name="p21" srcActor="D0N41"/>
            <port dstActor="D0N49" name="p22" srcActor="D0N41"/>
            <port dstActor="D0N49" name="p23" srcActor="D0N26"/>
            <port dstActor="D0N28" name="p24" srcActor="D0N26"/>
            <port dstActor="D0N44" name="p25" srcActor="D0N26"/>
            <port dstActor="D0N46" name="p26" srcActor="D0N26"/>
            <port dstActor="D0N38" name="p27" srcActor="D0N37"/>
            <port dstActor="D0N43" name="p28" srcActor="D0N37"/>
            <port dstActor="D0N41" name="p29" srcActor="D0N37"/>
            <port dstActor="D0N10" name="p30" srcActor="D0N6"/>
            <port dstActor="D0N17" name="p31" srcActor="D0N6"/>
            <port dstActor="D0N39" name="p32" srcActor="D0N6"/>
            <port dstActor="D0N47" name="p33" srcActor="D0N44"/>
            <port dstActor="D0N27" name="p34" srcActor="D0N19"/>
            <port dstActor="D0N35" name="p35" srcActor="D0N19"/>
            <port dstActor="D0N28" name="p36" srcActor="D0N23"/>
            <port dstActor="D0N41" name="p37" srcActor="D0N23"/>
            <port dstActor="D0N49" name="p38" srcActor="D0N39"/>
            <port dstActor="D0N47" name="p39" srcActor="D0N39"/>
            <port dstActor="D0N41" name="p40" srcActor="D0N39"/>
            <port dstActor="D0N46" name="p41" srcActor="D0N40"/>
            <port dstActor="D0N44" name="p42" srcActor="D0N34"/>
            <port dstActor="D0N36" name="p43" srcActor="D0N34"/>
            <port dstActor="D0N41" name="p44" srcActor="D0N7"/>
            <port dstActor="D0N13" name="p45" srcActor="D0N7"/>
            <port dstActor="D0N32" name="p46" srcActor="D0N7"/>
            <port dstActor="D0N17" name="p47" srcActor="D0N7"/>
            <port dstActor="D0N16" name="p48" srcActor="D0N5"/>
            <port dstActor="D0N20" name="p49" srcActor="D0N5"/>
            <port dstActor="D0N31" name="p50" srcActor="D0N5"/>
            <port dstActor="D0N41" name="p51" srcActor="D0N28"/>
            <port dstActor="D0N48" name="p52" srcActor="D0N28"/>
            <port dstActor="D0N32" name="p53" srcActor="D0N12"/>
            <port dstActor="D0N36" name="p54" srcActor="D0N12"/>
            <port dstActor="D0N43" name="p55" srcActor="D0N42"/>
            <port dstActor="D0N49" name="p56" srcActor="D0N42"/>
            <port dstActor="D0N17" name="p57" srcActor="D0N16"/>
            <port dstActor="D0N34" name="p58" srcActor="D0N16"/>
            <port dstActor="D0N28" name="p59" srcActor="D0N22"/>
            <port dstActor="D0N24" name="p60" srcActor="D0N22"/>
            <port dstActor="D0N35" name="p61" srcActor="D0N22"/>
            <port dstActor="D0N29" name="p62" srcActor="D0N22"/>
            <port dstActor="D0N29" name="p63" srcActor="D0N18"/>
            <port dstActor="D0N47" name="p64" srcActor="D0N36"/>
            <port dstActor="D0N46" name="p65" srcActor="D0N36"/>
            <port dstActor="D0N47" name="p66" srcActor="D0N46"/>
            <port dstActor="D0N18" name="p67" srcActor="D0N14"/>
            <port dstActor="D0N22" name="p68" srcActor="D0N14"/>
            <port dstActor="D0N48" name="p69" srcActor="D0N14"/>
            <port dstActor="D0N10" name="p70" srcActor="D0N8"/>
            <port dstActor="D0N43" name="p71" srcActor="D0N8"/>
            <port dstActor="D0N35" name="p72" srcActor="D0N8"/>
            <port dstActor="D0N37" name="p73" srcActor="D0N8"/>
            <port dstActor="D0N14" name="p74" srcActor="D0N8"/>
            <port dstActor="D0N16" name="p75" srcActor="D0N8"/>
            <port dstActor="D0N29" name="p76" srcActor="D0N8"/>
            <port dstActor="D0N40" name="p77" srcActor="D0N38"/>
            <port dstActor="D0N48" name="p78" srcActor="D0N38"/>
            <port dstActor="D0N43" name="p79" srcActor="D0N38"/>
            <port dstActor="D0N38" name="p80" srcActor="D0N25"/>
            <port dstActor="D0N45" name="p81" srcActor="D0N25"/>
            <port dstActor="D0N41" name="p82" srcActor="D0N2"/>
            <port dstActor="D0N25" name="p83" srcActor="D0N24"/>
            <port dstActor="D0N33" name="p84" srcActor="D0N24"/>
            <port dstActor="D0N39" name="p85" srcActor="D0N24"/>
            <port dstActor="D0N36" name="p86" srcActor="D0N24"/>
            <port dstActor="D0N48" name="p87" srcActor="D0N20"/>
            <port dstActor="D0N39" name="p88" srcActor="D0N20"/>
            <port dstActor="D0N23" name="p89" srcActor="D0N20"/>
            <port dstActor="D0N46" name="p90" srcActor="D0N20"/>
            <port dstActor="D0N35" name="p91" srcActor="D0N4"/>
            <port dstActor="D0N12" name="p92" srcActor="D0N4"/>
            <port dstActor="D0N34" name="p93" srcActor="D0N4"/>
            <port dstActor="D0N15" name="p94" srcActor="D0N4"/>
            <port dstActor="D0N7" name="p95" srcActor="D0N4"/>
            <port dstActor="D0N32" name="p96" srcActor="D0N4"/>
            <port dstActor="D0N17" name="p97" srcActor="D0N1"/>
            <port dstActor="D0N46" name="p98" srcActor="D0N1"/>
            <port dstActor="D0N31" name="p99" srcActor="D0N1"/>
            <port dstActor="D0N33" name="p100" srcActor="D0N1"/>
            <port dstActor="D0N44" name="p101" srcActor="D0N1"/>
            <port dstActor="D0N30" name="p102" srcActor="D0N1"/>
            <port dstActor="D0N33" name="p103" srcActor="D0N3"/>
            <port dstActor="D0N14" name="p104" srcActor="D0N3"/>
            <port dstActor="D0N9" name="p105" srcActor="D0N3"/>
            <port dstActor="D0N48" name="p106" srcActor="D0N33"/>
            <port dstActor="D0N40" name="p107" srcActor="D0N33"/>
            <port dstActor="D0N36" name="p108" srcActor="D0N33"/>
            <port dstActor="D0N48" name="p109" srcActor="D0N30"/>
            <port dstActor="D0N38" name="p110" srcActor="D0N30"/>
            <port dstActor="D0N47" name="p111" srcActor="D0N11"/>
            <port dstActor="D0N46" name="p112" srcActor="D0N11"/>
            <port dstActor="D0N16" name="p113" srcActor="D0N13"/>
            <port dstActor="D0N39" name="p114" srcActor="D0N10"/>
            <port dstActor="D0N16" name="p115" srcActor="D0N10"/>
            <port dstActor="D0N15" name="p116" srcActor="D0N10"/>
            <port dstActor="D0N24" name="p117" srcActor="D0N10"/>
            <port dstActor="D0N27" name="p118" srcActor="D0N10"/>
            <port dstActor="D0N42" name="p119" srcActor="D0N10"/>
            <port dstActor="D0N44" name="p120" srcActor="D0N29"/>
            <port dstActor="D0N48" name="p121" srcActor="D0N29"/>
            <port dstActor="D0N34" name="p122" srcActor="D0N29"/>
            <port dstActor="D0N33" name="p123" srcActor="D0N29"/>
            <port dstActor="D0N14" name="p124" srcActor="D0N9"/>
            <port dstActor="D0N19" name="p125" srcActor="D0N9"/>
            <port dstActor="D0N42" name="p126" srcActor="D0N9"/>
            <port dstActor="D0N40" name="p127" srcActor="D0N31"/>
            <port dstActor="D0N42" name="p128" srcActor="D0N31"/>
            <port dstActor="D0N39" name="p129" srcActor="D0N31"/>
            <port dstActor="D0N24" name="p130" srcActor="D0N17"/>
            <port dstActor="D0N22" name="p131" srcActor="D0N17"/>
        </ports>
    </mcdag>
    <cores number="3"/>
    <levels number="2"/>
</mcsystem>
