<?xml version="1.0" encoding="UTF-8" standalone="no"?>
<mcsystem>
    <mcdag deadline="1000" name="genned-0-ed-10.0-0">
        <actor name="D0N10">
            <wcet number="0">10</wcet>
            <wcet number="1">20</wcet>
            <maxpow number="0.624906739038229"/>
            <maxpow number="0.624906739038229"/>
            <fprob>0.0</fprob>
        </actor>
        <actor name="D0N12">
            <wcet number="0">10</wcet>
            <wcet number="1">10</wcet>
            <maxpow number="0.4148607613014452"/>
            <maxpow number="0.4148607613014452"/>
            <fprob>0.0</fprob>
        </actor>
        <actor name="D0N32">
            <wcet number="0">20</wcet>
            <wcet number="1">20</wcet>
            <maxpow number="0.7587123171387592"/>
            <maxpow number="0.7587123171387592"/>
            <fprob>0.0</fprob>
        </actor>
        <actor name="D0N33">
            <wcet number="0">50</wcet>
            <wcet number="1">80</wcet>
            <maxpow number="0.5370277054316854"/>
            <maxpow number="0.5370277054316854"/>
            <fprob>0.0</fprob>
        </actor>
        <actor name="D0N11">
            <wcet number="0">80</wcet>
            <wcet number="1">160</wcet>
            <maxpow number="0.3891140065787615"/>
            <maxpow number="0.3891140065787615"/>
            <fprob>0.0</fprob>
        </actor>
        <actor name="D0N4">
            <wcet number="0">10</wcet>
            <wcet number="1">10</wcet>
            <maxpow number="0.7512282910405736"/>
            <maxpow number="0.7512282910405736"/>
            <fprob>0.0</fprob>
        </actor>
        <actor name="D0N2">
            <wcet number="0">40</wcet>
            <wcet number="1">50</wcet>
            <maxpow number="0.482624421004485"/>
            <maxpow number="0.482624421004485"/>
            <fprob>0.0</fprob>
        </actor>
        <actor name="D0N35">
            <wcet number="0">40</wcet>
            <wcet number="1">50</wcet>
            <maxpow number="0.6639906835649744"/>
            <maxpow number="0.6639906835649744"/>
            <fprob>0.0</fprob>
        </actor>
        <actor name="D0N1">
            <wcet number="0">70</wcet>
            <wcet number="1">160</wcet>
            <maxpow number="0.25466709023634265"/>
            <maxpow number="0.25466709023634265"/>
            <fprob>0.0</fprob>
        </actor>
        <actor name="D0N22">
            <wcet number="0">40</wcet>
            <wcet number="1">100</wcet>
            <maxpow number="0.7359703000958594"/>
            <maxpow number="0.7359703000958594"/>
            <fprob>0.0</fprob>
        </actor>
        <actor name="D0N8">
            <wcet number="0">30</wcet>
            <wcet number="1">70</wcet>
            <maxpow number="0.46504293634470145"/>
            <maxpow number="0.46504293634470145"/>
            <fprob>0.0</fprob>
        </actor>
        <actor name="D0N17">
            <wcet number="0">120</wcet>
            <wcet number="1">170</wcet>
            <maxpow number="0.5610656726461744"/>
            <maxpow number="0.5610656726461744"/>
            <fprob>0.0</fprob>
        </actor>
        <actor name="D0N41">
            <wcet number="0">40</wcet>
            <wcet number="1">60</wcet>
            <maxpow number="0.3466022454153235"/>
            <maxpow number="0.3466022454153235"/>
            <fprob>0.0</fprob>
        </actor>
        <actor name="D0N36">
            <wcet number="0">50</wcet>
            <wcet number="1">70</wcet>
            <maxpow number="0.5818276535738746"/>
            <maxpow number="0.5818276535738746"/>
            <fprob>0.0</fprob>
        </actor>
        <actor name="D0N27">
            <wcet number="0">30</wcet>
            <wcet number="1">30</wcet>
            <maxpow number="0.7482096267642339"/>
            <maxpow number="0.7482096267642339"/>
            <fprob>0.0</fprob>
        </actor>
        <actor name="D0N20">
            <wcet number="0">10</wcet>
            <wcet number="1">20</wcet>
            <maxpow number="0.6682348685336845"/>
            <maxpow number="0.6682348685336845"/>
            <fprob>0.0</fprob>
        </actor>
        <actor name="D0N30">
            <wcet number="0">10</wcet>
            <wcet number="1">10</wcet>
            <maxpow number="0.6742941232386062"/>
            <maxpow number="0.6742941232386062"/>
            <fprob>0.0</fprob>
        </actor>
        <actor name="D0N31">
            <wcet number="0">80</wcet>
            <wcet number="1">80</wcet>
            <maxpow number="0.5918169577404909"/>
            <maxpow number="0.5918169577404909"/>
            <fprob>0.0</fprob>
        </actor>
        <actor name="D0N15">
            <wcet number="0">20</wcet>
            <wcet number="1">20</wcet>
            <maxpow number="0.12465505235220486"/>
            <maxpow number="0.12465505235220486"/>
            <fprob>0.0</fprob>
        </actor>
        <actor name="D0N21">
            <wcet number="0">10</wcet>
            <wcet number="1">20</wcet>
            <maxpow number="0.5139070785543276"/>
            <maxpow number="0.5139070785543276"/>
            <fprob>0.0</fprob>
        </actor>
        <actor name="D0N18">
            <wcet number="0">20</wcet>
            <wcet number="1">20</wcet>
            <maxpow number="0.6461490349194763"/>
            <maxpow number="0.6461490349194763"/>
            <fprob>0.0</fprob>
        </actor>
        <actor name="D0N29">
            <wcet number="0">20</wcet>
            <wcet number="1">30</wcet>
            <maxpow number="0.47096524547325797"/>
            <maxpow number="0.47096524547325797"/>
            <fprob>0.0</fprob>
        </actor>
        <actor name="D0N40">
            <wcet number="0">30</wcet>
            <wcet number="1">70</wcet>
            <maxpow number="0.7314143256295778"/>
            <maxpow number="0.7314143256295778"/>
            <fprob>0.0</fprob>
        </actor>
        <actor name="D0N3">
            <wcet number="0">40</wcet>
            <wcet number="1">60</wcet>
            <maxpow number="0.33286711013565895"/>
            <maxpow number="0.33286711013565895"/>
            <fprob>0.0</fprob>
        </actor>
        <actor name="D0N34">
            <wcet number="0">30</wcet>
            <wcet number="1">60</wcet>
            <maxpow number="0.3082828307908466"/>
            <maxpow number="0.3082828307908466"/>
            <fprob>0.0</fprob>
        </actor>
        <actor name="D0N37">
            <wcet number="0">20</wcet>
            <wcet number="1">50</wcet>
            <maxpow number="0.4427825672021848"/>
            <maxpow number="0.4427825672021848"/>
            <fprob>0.0</fprob>
        </actor>
        <actor name="D0N13">
            <wcet number="0">30</wcet>
            <wcet number="1">30</wcet>
            <maxpow number="0.0472908381763818"/>
            <maxpow number="0.0472908381763818"/>
            <fprob>0.0</fprob>
        </actor>
        <actor name="D0N19">
            <wcet number="0">10</wcet>
            <wcet number="1">20</wcet>
            <maxpow number="0.634048003944995"/>
            <maxpow number="0.634048003944995"/>
            <fprob>0.0</fprob>
        </actor>
        <actor name="D0N38">
            <wcet number="0">10</wcet>
            <wcet number="1">10</wcet>
            <maxpow number="0.5796517761020002"/>
            <maxpow number="0.5796517761020002"/>
            <fprob>0.0</fprob>
        </actor>
        <actor name="D0N23">
            <wcet number="0">40</wcet>
            <wcet number="1">60</wcet>
            <maxpow number="0.9046282500230334"/>
            <maxpow number="0.9046282500230334"/>
            <fprob>0.0</fprob>
        </actor>
        <actor name="D0N28">
            <wcet number="0">10</wcet>
            <wcet number="1">40</wcet>
            <maxpow number="0.37676107452312546"/>
            <maxpow number="0.37676107452312546"/>
            <fprob>0.0</fprob>
        </actor>
        <actor name="D0N5">
            <wcet number="0">10</wcet>
            <wcet number="1">10</wcet>
            <maxpow number="0.4607914094138756"/>
            <maxpow number="0.4607914094138756"/>
            <fprob>0.0</fprob>
        </actor>
        <actor name="D0N24">
            <wcet number="0">30</wcet>
            <wcet number="1">40</wcet>
            <maxpow number="0.6462464548662021"/>
            <maxpow number="0.6462464548662021"/>
            <fprob>0.0</fprob>
        </actor>
        <actor name="D0N26">
            <wcet number="0">80</wcet>
            <wcet number="1">80</wcet>
            <maxpow number="0.6341057120569284"/>
            <maxpow number="0.6341057120569284"/>
            <fprob>0.0</fprob>
        </actor>
        <actor name="D0N9">
            <wcet number="0">20</wcet>
            <wcet number="1">20</wcet>
            <maxpow number="0.3807039813613275"/>
            <maxpow number="0.3807039813613275"/>
            <fprob>0.0</fprob>
        </actor>
        <actor name="D0N7">
            <wcet number="0">20</wcet>
            <wcet number="1">30</wcet>
            <maxpow number="0.597939327548754"/>
            <maxpow number="0.597939327548754"/>
            <fprob>0.0</fprob>
        </actor>
        <actor name="D0N39">
            <wcet number="0">20</wcet>
            <wcet number="1">20</wcet>
            <maxpow number="0.45310192243961056"/>
            <maxpow number="0.45310192243961056"/>
            <fprob>0.0</fprob>
        </actor>
        <actor name="D0N0">
            <wcet number="0">10</wcet>
            <wcet number="1">10</wcet>
            <maxpow number="0.3929365459018995"/>
            <maxpow number="0.3929365459018995"/>
            <fprob>0.0</fprob>
        </actor>
        <actor name="D0N25">
            <wcet number="0">40</wcet>
            <wcet number="1">40</wcet>
            <maxpow number="0.7350646326828125"/>
            <maxpow number="0.7350646326828125"/>
            <fprob>0.0</fprob>
        </actor>
        <actor name="D0N14">
            <wcet number="0">20</wcet>
            <wcet number="1">130</wcet>
            <maxpow number="0.6844719905259822"/>
            <maxpow number="0.6844719905259822"/>
            <fprob>0.0</fprob>
        </actor>
        <actor name="D0N42">
            <wcet number="0">20</wcet>
            <wcet number="1">20</wcet>
            <maxpow number="0.4189894909754216"/>
            <maxpow number="0.4189894909754216"/>
            <fprob>0.0</fprob>
        </actor>
        <actor name="D0N6">
            <wcet number="0">10</wcet>
            <wcet number="1">10</wcet>
            <maxpow number="0.48409874183178836"/>
            <maxpow number="0.48409874183178836"/>
            <fprob>0.0</fprob>
        </actor>
        <actor name="D0N16">
            <wcet number="0">20</wcet>
            <wcet number="1">30</wcet>
            <maxpow number="0.4422460089122568"/>
            <maxpow number="0.4422460089122568"/>
            <fprob>0.0</fprob>
        </actor>
        <ports>
            <port dstActor="D0N29" name="p0" srcActor="D0N10"/>
            <port dstActor="D0N41" name="p1" srcActor="D0N10"/>
            <port dstActor="D0N27" name="p2" srcActor="D0N10"/>
            <port dstActor="D0N40" name="p3" srcActor="D0N10"/>
            <port dstActor="D0N32" name="p4" srcActor="D0N10"/>
            <port dstActor="D0N23" name="p5" srcActor="D0N10"/>
            <port dstActor="D0N42" name="p6" srcActor="D0N10"/>
            <port dstActor="D0N13" name="p7" srcActor="D0N12"/>
            <port dstActor="D0N17" name="p8" srcActor="D0N12"/>
            <port dstActor="D0N29" name="p9" srcActor="D0N12"/>
            <port dstActor="D0N33" name="p10" srcActor="D0N12"/>
            <port dstActor="D0N31" name="p11" srcActor="D0N12"/>
            <port dstActor="D0N21" name="p12" srcActor="D0N12"/>
            <port dstActor="D0N36" name="p13" srcActor="D0N33"/>
            <port dstActor="D0N38" name="p14" srcActor="D0N33"/>
            <port dstActor="D0N42" name="p15" srcActor="D0N33"/>
            <port dstActor="D0N16" name="p16" srcActor="D0N11"/>
            <port dstActor="D0N36" name="p17" srcActor="D0N11"/>
            <port dstActor="D0N23" name="p18" srcActor="D0N11"/>
            <port dstActor="D0N19" name="p19" srcActor="D0N4"/>
            <port dstActor="D0N7" name="p20" srcActor="D0N4"/>
            <port dstActor="D0N5" name="p21" srcActor="D0N4"/>
            <port dstActor="D0N28" name="p22" srcActor="D0N4"/>
            <port dstActor="D0N6" name="p23" srcActor="D0N4"/>
            <port dstActor="D0N22" name="p24" srcActor="D0N4"/>
            <port dstActor="D0N23" name="p25" srcActor="D0N4"/>
            <port dstActor="D0N7" name="p26" srcActor="D0N2"/>
            <port dstActor="D0N18" name="p27" srcActor="D0N2"/>
            <port dstActor="D0N11" name="p28" srcActor="D0N2"/>
            <port dstActor="D0N15" name="p29" srcActor="D0N2"/>
            <port dstActor="D0N29" name="p30" srcActor="D0N2"/>
            <port dstActor="D0N21" name="p31" srcActor="D0N2"/>
            <port dstActor="D0N33" name="p32" srcActor="D0N2"/>
            <port dstActor="D0N24" name="p33" srcActor="D0N1"/>
            <port dstActor="D0N39" name="p34" srcActor="D0N1"/>
            <port dstActor="D0N4" name="p35" srcActor="D0N1"/>
            <port dstActor="D0N21" name="p36" srcActor="D0N1"/>
            <port dstActor="D0N13" name="p37" srcActor="D0N1"/>
            <port dstActor="D0N2" name="p38" srcActor="D0N1"/>
            <port dstActor="D0N18" name="p39" srcActor="D0N1"/>
            <port dstActor="D0N7" name="p40" srcActor="D0N1"/>
            <port dstActor="D0N30" name="p41" srcActor="D0N22"/>
            <port dstActor="D0N9" name="p42" srcActor="D0N8"/>
            <port dstActor="D0N20" name="p43" srcActor="D0N8"/>
            <port dstActor="D0N41" name="p44" srcActor="D0N8"/>
            <port dstActor="D0N28" name="p45" srcActor="D0N17"/>
            <port dstActor="D0N35" name="p46" srcActor="D0N17"/>
            <port dstActor="D0N38" name="p47" srcActor="D0N17"/>
            <port dstActor="D0N42" name="p48" srcActor="D0N27"/>
            <port dstActor="D0N36" name="p49" srcActor="D0N27"/>
            <port dstActor="D0N38" name="p50" srcActor="D0N27"/>
            <port dstActor="D0N22" name="p51" srcActor="D0N20"/>
            <port dstActor="D0N39" name="p52" srcActor="D0N31"/>
            <port dstActor="D0N29" name="p53" srcActor="D0N15"/>
            <port dstActor="D0N40" name="p54" srcActor="D0N15"/>
            <port dstActor="D0N36" name="p55" srcActor="D0N15"/>
            <port dstActor="D0N26" name="p56" srcActor="D0N15"/>
            <port dstActor="D0N36" name="p57" srcActor="D0N21"/>
            <port dstActor="D0N26" name="p58" srcActor="D0N21"/>
            <port dstActor="D0N26" name="p59" srcActor="D0N18"/>
            <port dstActor="D0N23" name="p60" srcActor="D0N18"/>
            <port dstActor="D0N41" name="p61" srcActor="D0N18"/>
            <port dstActor="D0N38" name="p62" srcActor="D0N29"/>
            <port dstActor="D0N30" name="p63" srcActor="D0N29"/>
            <port dstActor="D0N28" name="p64" srcActor="D0N3"/>
            <port dstActor="D0N10" name="p65" srcActor="D0N3"/>
            <port dstActor="D0N5" name="p66" srcActor="D0N3"/>
            <port dstActor="D0N37" name="p67" srcActor="D0N3"/>
            <port dstActor="D0N13" name="p68" srcActor="D0N3"/>
            <port dstActor="D0N26" name="p69" srcActor="D0N3"/>
            <port dstActor="D0N14" name="p70" srcActor="D0N3"/>
            <port dstActor="D0N27" name="p71" srcActor="D0N3"/>
            <port dstActor="D0N24" name="p72" srcActor="D0N3"/>
            <port dstActor="D0N42" name="p73" srcActor="D0N34"/>
            <port dstActor="D0N18" name="p74" srcActor="D0N13"/>
            <port dstActor="D0N39" name="p75" srcActor="D0N13"/>
            <port dstActor="D0N30" name="p76" srcActor="D0N19"/>
            <port dstActor="D0N41" name="p77" srcActor="D0N19"/>
            <port dstActor="D0N42" name="p78" srcActor="D0N38"/>
            <port dstActor="D0N39" name="p79" srcActor="D0N38"/>
            <port dstActor="D0N38" name="p80" srcActor="D0N23"/>
            <port dstActor="D0N40" name="p81" srcActor="D0N23"/>
            <port dstActor="D0N15" name="p82" srcActor="D0N5"/>
            <port dstActor="D0N37" name="p83" srcActor="D0N26"/>
            <port dstActor="D0N32" name="p84" srcActor="D0N26"/>
            <port dstActor="D0N14" name="p85" srcActor="D0N9"/>
            <port dstActor="D0N13" name="p86" srcActor="D0N9"/>
            <port dstActor="D0N30" name="p87" srcActor="D0N7"/>
            <port dstActor="D0N32" name="p88" srcActor="D0N7"/>
            <port dstActor="D0N40" name="p89" srcActor="D0N7"/>
            <port dstActor="D0N41" name="p90" srcActor="D0N39"/>
            <port dstActor="D0N18" name="p91" srcActor="D0N0"/>
            <port dstActor="D0N9" name="p92" srcActor="D0N0"/>
            <port dstActor="D0N42" name="p93" srcActor="D0N25"/>
            <port dstActor="D0N22" name="p94" srcActor="D0N14"/>
            <port dstActor="D0N41" name="p95" srcActor="D0N14"/>
            <port dstActor="D0N11" name="p96" srcActor="D0N6"/>
            <port dstActor="D0N36" name="p97" srcActor="D0N16"/>
            <port dstActor="D0N25" name="p98" srcActor="D0N16"/>
            <port dstActor="D0N26" name="p99" srcActor="D0N16"/>
        </ports>
    </mcdag>
    <cores number="3"/>
    <levels number="2"/>
</mcsystem>
