<?xml version="1.0" encoding="UTF-8" standalone="no"?>
<mcsystem>
    <mcdag deadline="2000" name="genned-0-ed-10.0-0">
        <actor name="D0N42">
            <wcet number="0">10</wcet>
            <wcet number="1">50</wcet>
            <maxpow number="0.2886258593786399"/>
            <maxpow number="0.2886258593786399"/>
            <fprob>0.0</fprob>
        </actor>
        <actor name="D0N29">
            <wcet number="0">20</wcet>
            <wcet number="1">100</wcet>
            <maxpow number="0.7686757125629231"/>
            <maxpow number="0.7686757125629231"/>
            <fprob>0.0</fprob>
        </actor>
        <actor name="D0N49">
            <wcet number="0">10</wcet>
            <wcet number="1">20</wcet>
            <maxpow number="0.4287540512555734"/>
            <maxpow number="0.4287540512555734"/>
            <fprob>0.0</fprob>
        </actor>
        <actor name="D0N7">
            <wcet number="0">30</wcet>
            <wcet number="1">40</wcet>
            <maxpow number="0.27886797727252144"/>
            <maxpow number="0.27886797727252144"/>
            <fprob>0.0</fprob>
        </actor>
        <actor name="D0N8">
            <wcet number="0">20</wcet>
            <wcet number="1">20</wcet>
            <maxpow number="0.5444038118754694"/>
            <maxpow number="0.5444038118754694"/>
            <fprob>0.0</fprob>
        </actor>
        <actor name="D0N36">
            <wcet number="0">10</wcet>
            <wcet number="1">30</wcet>
            <maxpow number="-0.003324586281403752"/>
            <maxpow number="-0.003324586281403752"/>
            <fprob>0.0</fprob>
        </actor>
        <actor name="D0N43">
            <wcet number="0">10</wcet>
            <wcet number="1">50</wcet>
            <maxpow number="0.10028585681661473"/>
            <maxpow number="0.10028585681661473"/>
            <fprob>0.0</fprob>
        </actor>
        <actor name="D0N4">
            <wcet number="0">20</wcet>
            <wcet number="1">20</wcet>
            <maxpow number="0.45354662607754054"/>
            <maxpow number="0.45354662607754054"/>
            <fprob>0.0</fprob>
        </actor>
        <actor name="D0N14">
            <wcet number="0">20</wcet>
            <wcet number="1">90</wcet>
            <maxpow number="0.9507097889652958"/>
            <maxpow number="0.9507097889652958"/>
            <fprob>0.0</fprob>
        </actor>
        <actor name="D0N9">
            <wcet number="0">190</wcet>
            <wcet number="1">300</wcet>
            <maxpow number="0.7150249145784207"/>
            <maxpow number="0.7150249145784207"/>
            <fprob>0.0</fprob>
        </actor>
        <actor name="D0N25">
            <wcet number="0">20</wcet>
            <wcet number="1">90</wcet>
            <maxpow number="0.5430242562612551"/>
            <maxpow number="0.5430242562612551"/>
            <fprob>0.0</fprob>
        </actor>
        <actor name="D0N24">
            <wcet number="0">20</wcet>
            <wcet number="1">60</wcet>
            <maxpow number="0.6283648198379764"/>
            <maxpow number="0.6283648198379764"/>
            <fprob>0.0</fprob>
        </actor>
        <actor name="D0N13">
            <wcet number="0">30</wcet>
            <wcet number="1">90</wcet>
            <maxpow number="0.1614793853368129"/>
            <maxpow number="0.1614793853368129"/>
            <fprob>0.0</fprob>
        </actor>
        <actor name="D0N15">
            <wcet number="0">10</wcet>
            <wcet number="1">60</wcet>
            <maxpow number="0.435482680051752"/>
            <maxpow number="0.435482680051752"/>
            <fprob>0.0</fprob>
        </actor>
        <actor name="D0N37">
            <wcet number="0">80</wcet>
            <wcet number="1">110</wcet>
            <maxpow number="0.8377672103177127"/>
            <maxpow number="0.8377672103177127"/>
            <fprob>0.0</fprob>
        </actor>
        <actor name="D0N10">
            <wcet number="0">40</wcet>
            <wcet number="1">190</wcet>
            <maxpow number="0.5949113818037353"/>
            <maxpow number="0.5949113818037353"/>
            <fprob>0.0</fprob>
        </actor>
        <actor name="D0N21">
            <wcet number="0">10</wcet>
            <wcet number="1">10</wcet>
            <maxpow number="0.4996163884994358"/>
            <maxpow number="0.4996163884994358"/>
            <fprob>0.0</fprob>
        </actor>
        <actor name="D0N27">
            <wcet number="0">220</wcet>
            <wcet number="1">230</wcet>
            <maxpow number="0.544910560711098"/>
            <maxpow number="0.544910560711098"/>
            <fprob>0.0</fprob>
        </actor>
        <actor name="D0N39">
            <wcet number="0">20</wcet>
            <wcet number="1">20</wcet>
            <maxpow number="0.1469233443564672"/>
            <maxpow number="0.1469233443564672"/>
            <fprob>0.0</fprob>
        </actor>
        <actor name="D0N20">
            <wcet number="0">90</wcet>
            <wcet number="1">140</wcet>
            <maxpow number="0.6574987361200765"/>
            <maxpow number="0.6574987361200765"/>
            <fprob>0.0</fprob>
        </actor>
        <actor name="D0N17">
            <wcet number="0">30</wcet>
            <wcet number="1">240</wcet>
            <maxpow number="0.6336229264589304"/>
            <maxpow number="0.6336229264589304"/>
            <fprob>0.0</fprob>
        </actor>
        <actor name="D0N44">
            <wcet number="0">10</wcet>
            <wcet number="1">20</wcet>
            <maxpow number="0.21155967948701987"/>
            <maxpow number="0.21155967948701987"/>
            <fprob>0.0</fprob>
        </actor>
        <actor name="D0N6">
            <wcet number="0">50</wcet>
            <wcet number="1">80</wcet>
            <maxpow number="0.5021512597291364"/>
            <maxpow number="0.5021512597291364"/>
            <fprob>0.0</fprob>
        </actor>
        <actor name="D0N22">
            <wcet number="0">220</wcet>
            <wcet number="1">280</wcet>
            <maxpow number="0.5495978901868931"/>
            <maxpow number="0.5495978901868931"/>
            <fprob>0.0</fprob>
        </actor>
        <actor name="D0N28">
            <wcet number="0">80</wcet>
            <wcet number="1">110</wcet>
            <maxpow number="0.5741149293018227"/>
            <maxpow number="0.5741149293018227"/>
            <fprob>0.0</fprob>
        </actor>
        <actor name="D0N16">
            <wcet number="0">40</wcet>
            <wcet number="1">110</wcet>
            <maxpow number="0.6507159679691129"/>
            <maxpow number="0.6507159679691129"/>
            <fprob>0.0</fprob>
        </actor>
        <actor name="D0N34">
            <wcet number="0">110</wcet>
            <wcet number="1">180</wcet>
            <maxpow number="0.31761407426965477"/>
            <maxpow number="0.31761407426965477"/>
            <fprob>0.0</fprob>
        </actor>
        <actor name="D0N32">
            <wcet number="0">30</wcet>
            <wcet number="1">30</wcet>
            <maxpow number="0.520725212321701"/>
            <maxpow number="0.520725212321701"/>
            <fprob>0.0</fprob>
        </actor>
        <actor name="D0N46">
            <wcet number="0">30</wcet>
            <wcet number="1">30</wcet>
            <maxpow number="0.15129199351804612"/>
            <maxpow number="0.15129199351804612"/>
            <fprob>0.0</fprob>
        </actor>
        <actor name="D0N31">
            <wcet number="0">70</wcet>
            <wcet number="1">140</wcet>
            <maxpow number="0.6967158886734992"/>
            <maxpow number="0.6967158886734992"/>
            <fprob>0.0</fprob>
        </actor>
        <actor name="D0N40">
            <wcet number="0">50</wcet>
            <wcet number="1">80</wcet>
            <maxpow number="0.618001533131115"/>
            <maxpow number="0.618001533131115"/>
            <fprob>0.0</fprob>
        </actor>
        <actor name="D0N23">
            <wcet number="0">140</wcet>
            <wcet number="1">170</wcet>
            <maxpow number="0.6553097620508664"/>
            <maxpow number="0.6553097620508664"/>
            <fprob>0.0</fprob>
        </actor>
        <actor name="D0N2">
            <wcet number="0">10</wcet>
            <wcet number="1">10</wcet>
            <maxpow number="0.7131452638879869"/>
            <maxpow number="0.7131452638879869"/>
            <fprob>0.0</fprob>
        </actor>
        <actor name="D0N18">
            <wcet number="0">30</wcet>
            <wcet number="1">30</wcet>
            <maxpow number="0.6931513284108691"/>
            <maxpow number="0.6931513284108691"/>
            <fprob>0.0</fprob>
        </actor>
        <actor name="D0N41">
            <wcet number="0">30</wcet>
            <wcet number="1">70</wcet>
            <maxpow number="0.8054613932104298"/>
            <maxpow number="0.8054613932104298"/>
            <fprob>0.0</fprob>
        </actor>
        <actor name="D0N5">
            <wcet number="0">10</wcet>
            <wcet number="1">10</wcet>
            <maxpow number="0.28316430646340923"/>
            <maxpow number="0.28316430646340923"/>
            <fprob>0.0</fprob>
        </actor>
        <actor name="D0N35">
            <wcet number="0">10</wcet>
            <wcet number="1">10</wcet>
            <maxpow number="0.6159846948527831"/>
            <maxpow number="0.6159846948527831"/>
            <fprob>0.0</fprob>
        </actor>
        <actor name="D0N19">
            <wcet number="0">20</wcet>
            <wcet number="1">20</wcet>
            <maxpow number="0.36968443837312737"/>
            <maxpow number="0.36968443837312737"/>
            <fprob>0.0</fprob>
        </actor>
        <actor name="D0N3">
            <wcet number="0">40</wcet>
            <wcet number="1">90</wcet>
            <maxpow number="0.6431975014626943"/>
            <maxpow number="0.6431975014626943"/>
            <fprob>0.0</fprob>
        </actor>
        <actor name="D0N0">
            <wcet number="0">60</wcet>
            <wcet number="1">70</wcet>
            <maxpow number="0.700866218683801"/>
            <maxpow number="0.700866218683801"/>
            <fprob>0.0</fprob>
        </actor>
        <actor name="D0N47">
            <wcet number="0">360</wcet>
            <wcet number="1">390</wcet>
            <maxpow number="0.3269665739427895"/>
            <maxpow number="0.3269665739427895"/>
            <fprob>0.0</fprob>
        </actor>
        <actor name="D0N1">
            <wcet number="0">20</wcet>
            <wcet number="1">70</wcet>
            <maxpow number="0.33988529816150437"/>
            <maxpow number="0.33988529816150437"/>
            <fprob>0.0</fprob>
        </actor>
        <actor name="D0N45">
            <wcet number="0">10</wcet>
            <wcet number="1">100</wcet>
            <maxpow number="0.3051712748030481"/>
            <maxpow number="0.3051712748030481"/>
            <fprob>0.0</fprob>
        </actor>
        <actor name="D0N33">
            <wcet number="0">160</wcet>
            <wcet number="1">170</wcet>
            <maxpow number="0.5068935472347503"/>
            <maxpow number="0.5068935472347503"/>
            <fprob>0.0</fprob>
        </actor>
        <actor name="D0N38">
            <wcet number="0">10</wcet>
            <wcet number="1">10</wcet>
            <maxpow number="1.0413594612619306"/>
            <maxpow number="1.0413594612619306"/>
            <fprob>0.0</fprob>
        </actor>
        <actor name="D0N48">
            <wcet number="0">40</wcet>
            <wcet number="1">40</wcet>
            <maxpow number="0.3888456529320302"/>
            <maxpow number="0.3888456529320302"/>
            <fprob>0.0</fprob>
        </actor>
        <actor name="D0N26">
            <wcet number="0">120</wcet>
            <wcet number="1">150</wcet>
            <maxpow number="0.6461782151220407"/>
            <maxpow number="0.6461782151220407"/>
            <fprob>0.0</fprob>
        </actor>
        <actor name="D0N12">
            <wcet number="0">30</wcet>
            <wcet number="1">30</wcet>
            <maxpow number="0.7570395637123587"/>
            <maxpow number="0.7570395637123587"/>
            <fprob>0.0</fprob>
        </actor>
        <actor name="D0N11">
            <wcet number="0">100</wcet>
            <wcet number="1">120</wcet>
            <maxpow number="0.9199277134071762"/>
            <maxpow number="0.9199277134071762"/>
            <fprob>0.0</fprob>
        </actor>
        <actor name="D0N30">
            <wcet number="0">20</wcet>
            <wcet number="1">20</wcet>
            <maxpow number="0.5873782355936271"/>
            <maxpow number="0.5873782355936271"/>
            <fprob>0.0</fprob>
        </actor>
        <ports>
            <port dstActor="D0N35" name="p0" srcActor="D0N29"/>
            <port dstActor="D0N42" name="p1" srcActor="D0N7"/>
            <port dstActor="D0N16" name="p2" srcActor="D0N7"/>
            <port dstActor="D0N17" name="p3" srcActor="D0N7"/>
            <port dstActor="D0N11" name="p4" srcActor="D0N7"/>
            <port dstActor="D0N29" name="p5" srcActor="D0N8"/>
            <port dstActor="D0N38" name="p6" srcActor="D0N8"/>
            <port dstActor="D0N22" name="p7" srcActor="D0N8"/>
            <port dstActor="D0N39" name="p8" srcActor="D0N36"/>
            <port dstActor="D0N46" name="p9" srcActor="D0N36"/>
            <port dstActor="D0N31" name="p10" srcActor="D0N4"/>
            <port dstActor="D0N38" name="p11" srcActor="D0N4"/>
            <port dstActor="D0N21" name="p12" srcActor="D0N14"/>
            <port dstActor="D0N16" name="p13" srcActor="D0N14"/>
            <port dstActor="D0N23" name="p14" srcActor="D0N14"/>
            <port dstActor="D0N49" name="p15" srcActor="D0N9"/>
            <port dstActor="D0N17" name="p16" srcActor="D0N9"/>
            <port dstActor="D0N46" name="p17" srcActor="D0N9"/>
            <port dstActor="D0N12" name="p18" srcActor="D0N9"/>
            <port dstActor="D0N29" name="p19" srcActor="D0N25"/>
            <port dstActor="D0N49" name="p20" srcActor="D0N25"/>
            <port dstActor="D0N39" name="p21" srcActor="D0N13"/>
            <port dstActor="D0N41" name="p22" srcActor="D0N13"/>
            <port dstActor="D0N14" name="p23" srcActor="D0N13"/>
            <port dstActor="D0N24" name="p24" srcActor="D0N13"/>
            <port dstActor="D0N16" name="p25" srcActor="D0N13"/>
            <port dstActor="D0N22" name="p26" srcActor="D0N13"/>
            <port dstActor="D0N33" name="p27" srcActor="D0N15"/>
            <port dstActor="D0N31" name="p28" srcActor="D0N15"/>
            <port dstActor="D0N44" name="p29" srcActor="D0N15"/>
            <port dstActor="D0N47" name="p30" srcActor="D0N15"/>
            <port dstActor="D0N40" name="p31" srcActor="D0N37"/>
            <port dstActor="D0N23" name="p32" srcActor="D0N10"/>
            <port dstActor="D0N39" name="p33" srcActor="D0N10"/>
            <port dstActor="D0N22" name="p34" srcActor="D0N10"/>
            <port dstActor="D0N28" name="p35" srcActor="D0N21"/>
            <port dstActor="D0N26" name="p36" srcActor="D0N21"/>
            <port dstActor="D0N35" name="p37" srcActor="D0N21"/>
            <port dstActor="D0N49" name="p38" srcActor="D0N27"/>
            <port dstActor="D0N45" name="p39" srcActor="D0N27"/>
            <port dstActor="D0N32" name="p40" srcActor="D0N20"/>
            <port dstActor="D0N28" name="p41" srcActor="D0N20"/>
            <port dstActor="D0N18" name="p42" srcActor="D0N17"/>
            <port dstActor="D0N20" name="p43" srcActor="D0N17"/>
            <port dstActor="D0N30" name="p44" srcActor="D0N17"/>
            <port dstActor="D0N32" name="p45" srcActor="D0N6"/>
            <port dstActor="D0N35" name="p46" srcActor="D0N6"/>
            <port dstActor="D0N26" name="p47" srcActor="D0N6"/>
            <port dstActor="D0N30" name="p48" srcActor="D0N6"/>
            <port dstActor="D0N34" name="p49" srcActor="D0N6"/>
            <port dstActor="D0N18" name="p50" srcActor="D0N6"/>
            <port dstActor="D0N35" name="p51" srcActor="D0N22"/>
            <port dstActor="D0N41" name="p52" srcActor="D0N22"/>
            <port dstActor="D0N48" name="p53" srcActor="D0N28"/>
            <port dstActor="D0N43" name="p54" srcActor="D0N28"/>
            <port dstActor="D0N45" name="p55" srcActor="D0N28"/>
            <port dstActor="D0N46" name="p56" srcActor="D0N28"/>
            <port dstActor="D0N39" name="p57" srcActor="D0N16"/>
            <port dstActor="D0N41" name="p58" srcActor="D0N16"/>
            <port dstActor="D0N40" name="p59" srcActor="D0N16"/>
            <port dstActor="D0N26" name="p60" srcActor="D0N16"/>
            <port dstActor="D0N20" name="p61" srcActor="D0N16"/>
            <port dstActor="D0N29" name="p62" srcActor="D0N16"/>
            <port dstActor="D0N45" name="p63" srcActor="D0N34"/>
            <port dstActor="D0N46" name="p64" srcActor="D0N34"/>
            <port dstActor="D0N44" name="p65" srcActor="D0N32"/>
            <port dstActor="D0N34" name="p66" srcActor="D0N32"/>
            <port dstActor="D0N32" name="p67" srcActor="D0N31"/>
            <port dstActor="D0N35" name="p68" srcActor="D0N31"/>
            <port dstActor="D0N46" name="p69" srcActor="D0N40"/>
            <port dstActor="D0N28" name="p70" srcActor="D0N23"/>
            <port dstActor="D0N31" name="p71" srcActor="D0N23"/>
            <port dstActor="D0N38" name="p72" srcActor="D0N23"/>
            <port dstActor="D0N46" name="p73" srcActor="D0N23"/>
            <port dstActor="D0N18" name="p74" srcActor="D0N2"/>
            <port dstActor="D0N17" name="p75" srcActor="D0N2"/>
            <port dstActor="D0N37" name="p76" srcActor="D0N2"/>
            <port dstActor="D0N16" name="p77" srcActor="D0N2"/>
            <port dstActor="D0N48" name="p78" srcActor="D0N18"/>
            <port dstActor="D0N43" name="p79" srcActor="D0N41"/>
            <port dstActor="D0N46" name="p80" srcActor="D0N5"/>
            <port dstActor="D0N32" name="p81" srcActor="D0N5"/>
            <port dstActor="D0N34" name="p82" srcActor="D0N19"/>
            <port dstActor="D0N31" name="p83" srcActor="D0N19"/>
            <port dstActor="D0N17" name="p84" srcActor="D0N3"/>
            <port dstActor="D0N40" name="p85" srcActor="D0N3"/>
            <port dstActor="D0N1" name="p86" srcActor="D0N0"/>
            <port dstActor="D0N33" name="p87" srcActor="D0N0"/>
            <port dstActor="D0N32" name="p88" srcActor="D0N0"/>
            <port dstActor="D0N49" name="p89" srcActor="D0N1"/>
            <port dstActor="D0N18" name="p90" srcActor="D0N1"/>
            <port dstActor="D0N46" name="p91" srcActor="D0N45"/>
            <port dstActor="D0N48" name="p92" srcActor="D0N45"/>
            <port dstActor="D0N43" name="p93" srcActor="D0N33"/>
            <port dstActor="D0N45" name="p94" srcActor="D0N38"/>
            <port dstActor="D0N23" name="p95" srcActor="D0N12"/>
            <port dstActor="D0N13" name="p96" srcActor="D0N11"/>
            <port dstActor="D0N21" name="p97" srcActor="D0N11"/>
            <port dstActor="D0N28" name="p98" srcActor="D0N11"/>
            <port dstActor="D0N37" name="p99" srcActor="D0N11"/>
            <port dstActor="D0N42" name="p100" srcActor="D0N11"/>
        </ports>
    </mcdag>
    <cores number="3"/>
    <levels number="2"/>
</mcsystem>
