<?xml version="1.0" encoding="UTF-8" standalone="no"?>
<mcsystem>
    <mcdag deadline="2000" name="genned-0-ed-10.0-0">
        <actor name="D0N33">
            <wcet number="0">30</wcet>
            <wcet number="1">120</wcet>
            <maxpow number="0.5395728396979317"/>
            <maxpow number="0.5395728396979317"/>
            <fprob>0.0</fprob>
        </actor>
        <actor name="D0N26">
            <wcet number="0">50</wcet>
            <wcet number="1">100</wcet>
            <maxpow number="0.3568096320372042"/>
            <maxpow number="0.3568096320372042"/>
            <fprob>0.0</fprob>
        </actor>
        <actor name="D0N22">
            <wcet number="0">70</wcet>
            <wcet number="1">70</wcet>
            <maxpow number="0.9821070800205687"/>
            <maxpow number="0.9821070800205687"/>
            <fprob>0.0</fprob>
        </actor>
        <actor name="D0N37">
            <wcet number="0">110</wcet>
            <wcet number="1">170</wcet>
            <maxpow number="0.5470031792062348"/>
            <maxpow number="0.5470031792062348"/>
            <fprob>0.0</fprob>
        </actor>
        <actor name="D0N38">
            <wcet number="0">150</wcet>
            <wcet number="1">330</wcet>
            <maxpow number="0.6099089388245611"/>
            <maxpow number="0.6099089388245611"/>
            <fprob>0.0</fprob>
        </actor>
        <actor name="D0N4">
            <wcet number="0">40</wcet>
            <wcet number="1">110</wcet>
            <maxpow number="0.6048271583701388"/>
            <maxpow number="0.6048271583701388"/>
            <fprob>0.0</fprob>
        </actor>
        <actor name="D0N45">
            <wcet number="0">40</wcet>
            <wcet number="1">80</wcet>
            <maxpow number="0.399611979117135"/>
            <maxpow number="0.399611979117135"/>
            <fprob>0.0</fprob>
        </actor>
        <actor name="D0N40">
            <wcet number="0">60</wcet>
            <wcet number="1">60</wcet>
            <maxpow number="0.5390910775373662"/>
            <maxpow number="0.5390910775373662"/>
            <fprob>0.0</fprob>
        </actor>
        <actor name="D0N29">
            <wcet number="0">10</wcet>
            <wcet number="1">30</wcet>
            <maxpow number="0.5233061838049038"/>
            <maxpow number="0.5233061838049038"/>
            <fprob>0.0</fprob>
        </actor>
        <actor name="D0N46">
            <wcet number="0">50</wcet>
            <wcet number="1">70</wcet>
            <maxpow number="0.7435664866583674"/>
            <maxpow number="0.7435664866583674"/>
            <fprob>0.0</fprob>
        </actor>
        <actor name="D0N24">
            <wcet number="0">110</wcet>
            <wcet number="1">290</wcet>
            <maxpow number="0.26240664723366514"/>
            <maxpow number="0.26240664723366514"/>
            <fprob>0.0</fprob>
        </actor>
        <actor name="D0N34">
            <wcet number="0">10</wcet>
            <wcet number="1">10</wcet>
            <maxpow number="0.5227666528329015"/>
            <maxpow number="0.5227666528329015"/>
            <fprob>0.0</fprob>
        </actor>
        <actor name="D0N11">
            <wcet number="0">30</wcet>
            <wcet number="1">60</wcet>
            <maxpow number="0.671911952636407"/>
            <maxpow number="0.671911952636407"/>
            <fprob>0.0</fprob>
        </actor>
        <actor name="D0N31">
            <wcet number="0">100</wcet>
            <wcet number="1">110</wcet>
            <maxpow number="0.5711886921996246"/>
            <maxpow number="0.5711886921996246"/>
            <fprob>0.0</fprob>
        </actor>
        <actor name="D0N30">
            <wcet number="0">100</wcet>
            <wcet number="1">120</wcet>
            <maxpow number="0.8439271180643644"/>
            <maxpow number="0.8439271180643644"/>
            <fprob>0.0</fprob>
        </actor>
        <actor name="D0N47">
            <wcet number="0">140</wcet>
            <wcet number="1">140</wcet>
            <maxpow number="0.8481309567134415"/>
            <maxpow number="0.8481309567134415"/>
            <fprob>0.0</fprob>
        </actor>
        <actor name="D0N48">
            <wcet number="0">40</wcet>
            <wcet number="1">220</wcet>
            <maxpow number="0.42319597184580204"/>
            <maxpow number="0.42319597184580204"/>
            <fprob>0.0</fprob>
        </actor>
        <actor name="D0N7">
            <wcet number="0">20</wcet>
            <wcet number="1">30</wcet>
            <maxpow number="0.3764845587852508"/>
            <maxpow number="0.3764845587852508"/>
            <fprob>0.0</fprob>
        </actor>
        <actor name="D0N14">
            <wcet number="0">10</wcet>
            <wcet number="1">10</wcet>
            <maxpow number="0.14798329404680954"/>
            <maxpow number="0.14798329404680954"/>
            <fprob>0.0</fprob>
        </actor>
        <actor name="D0N17">
            <wcet number="0">80</wcet>
            <wcet number="1">100</wcet>
            <maxpow number="0.8241278140883368"/>
            <maxpow number="0.8241278140883368"/>
            <fprob>0.0</fprob>
        </actor>
        <actor name="D0N36">
            <wcet number="0">10</wcet>
            <wcet number="1">20</wcet>
            <maxpow number="0.5792722822078887"/>
            <maxpow number="0.5792722822078887"/>
            <fprob>0.0</fprob>
        </actor>
        <actor name="D0N32">
            <wcet number="0">10</wcet>
            <wcet number="1">50</wcet>
            <maxpow number="0.6152754414702576"/>
            <maxpow number="0.6152754414702576"/>
            <fprob>0.0</fprob>
        </actor>
        <actor name="D0N42">
            <wcet number="0">120</wcet>
            <wcet number="1">170</wcet>
            <maxpow number="0.8048018862162609"/>
            <maxpow number="0.8048018862162609"/>
            <fprob>0.0</fprob>
        </actor>
        <actor name="D0N6">
            <wcet number="0">10</wcet>
            <wcet number="1">10</wcet>
            <maxpow number="0.4944165448560262"/>
            <maxpow number="0.4944165448560262"/>
            <fprob>0.0</fprob>
        </actor>
        <actor name="D0N8">
            <wcet number="0">40</wcet>
            <wcet number="1">100</wcet>
            <maxpow number="0.5332161019580873"/>
            <maxpow number="0.5332161019580873"/>
            <fprob>0.0</fprob>
        </actor>
        <actor name="D0N3">
            <wcet number="0">60</wcet>
            <wcet number="1">120</wcet>
            <maxpow number="0.7669992664477703"/>
            <maxpow number="0.7669992664477703"/>
            <fprob>0.0</fprob>
        </actor>
        <actor name="D0N12">
            <wcet number="0">70</wcet>
            <wcet number="1">110</wcet>
            <maxpow number="0.30989088446000923"/>
            <maxpow number="0.30989088446000923"/>
            <fprob>0.0</fprob>
        </actor>
        <actor name="D0N1">
            <wcet number="0">60</wcet>
            <wcet number="1">150</wcet>
            <maxpow number="0.6213030192846264"/>
            <maxpow number="0.6213030192846264"/>
            <fprob>0.0</fprob>
        </actor>
        <actor name="D0N13">
            <wcet number="0">80</wcet>
            <wcet number="1">120</wcet>
            <maxpow number="0.5058903928824812"/>
            <maxpow number="0.5058903928824812"/>
            <fprob>0.0</fprob>
        </actor>
        <actor name="D0N35">
            <wcet number="0">110</wcet>
            <wcet number="1">310</wcet>
            <maxpow number="0.6961021321071648"/>
            <maxpow number="0.6961021321071648"/>
            <fprob>0.0</fprob>
        </actor>
        <actor name="D0N41">
            <wcet number="0">30</wcet>
            <wcet number="1">30</wcet>
            <maxpow number="0.6846674331484105"/>
            <maxpow number="0.6846674331484105"/>
            <fprob>0.0</fprob>
        </actor>
        <actor name="D0N28">
            <wcet number="0">10</wcet>
            <wcet number="1">10</wcet>
            <maxpow number="1.0269951181759958"/>
            <maxpow number="1.0269951181759958"/>
            <fprob>0.0</fprob>
        </actor>
        <actor name="D0N43">
            <wcet number="0">150</wcet>
            <wcet number="1">150</wcet>
            <maxpow number="0.8263956617374606"/>
            <maxpow number="0.8263956617374606"/>
            <fprob>0.0</fprob>
        </actor>
        <actor name="D0N5">
            <wcet number="0">20</wcet>
            <wcet number="1">70</wcet>
            <maxpow number="0.3715123282050119"/>
            <maxpow number="0.3715123282050119"/>
            <fprob>0.0</fprob>
        </actor>
        <actor name="D0N39">
            <wcet number="0">280</wcet>
            <wcet number="1">300</wcet>
            <maxpow number="0.6138477080571918"/>
            <maxpow number="0.6138477080571918"/>
            <fprob>0.0</fprob>
        </actor>
        <actor name="D0N23">
            <wcet number="0">10</wcet>
            <wcet number="1">10</wcet>
            <maxpow number="0.6593214061501306"/>
            <maxpow number="0.6593214061501306"/>
            <fprob>0.0</fprob>
        </actor>
        <actor name="D0N20">
            <wcet number="0">20</wcet>
            <wcet number="1">90</wcet>
            <maxpow number="0.740934313291732"/>
            <maxpow number="0.740934313291732"/>
            <fprob>0.0</fprob>
        </actor>
        <actor name="D0N15">
            <wcet number="0">50</wcet>
            <wcet number="1">90</wcet>
            <maxpow number="0.7003537475994679"/>
            <maxpow number="0.7003537475994679"/>
            <fprob>0.0</fprob>
        </actor>
        <actor name="D0N9">
            <wcet number="0">30</wcet>
            <wcet number="1">50</wcet>
            <maxpow number="0.5643828654416623"/>
            <maxpow number="0.5643828654416623"/>
            <fprob>0.0</fprob>
        </actor>
        <actor name="D0N0">
            <wcet number="0">90</wcet>
            <wcet number="1">100</wcet>
            <maxpow number="0.4562586289995896"/>
            <maxpow number="0.4562586289995896"/>
            <fprob>0.0</fprob>
        </actor>
        <actor name="D0N21">
            <wcet number="0">40</wcet>
            <wcet number="1">40</wcet>
            <maxpow number="0.7147402827456646"/>
            <maxpow number="0.7147402827456646"/>
            <fprob>0.0</fprob>
        </actor>
        <actor name="D0N49">
            <wcet number="0">30</wcet>
            <wcet number="1">50</wcet>
            <maxpow number="0.560933309945617"/>
            <maxpow number="0.560933309945617"/>
            <fprob>0.0</fprob>
        </actor>
        <actor name="D0N19">
            <wcet number="0">10</wcet>
            <wcet number="1">10</wcet>
            <maxpow number="0.6764992223934576"/>
            <maxpow number="0.6764992223934576"/>
            <fprob>0.0</fprob>
        </actor>
        <actor name="D0N2">
            <wcet number="0">10</wcet>
            <wcet number="1">30</wcet>
            <maxpow number="0.8310943174591255"/>
            <maxpow number="0.8310943174591255"/>
            <fprob>0.0</fprob>
        </actor>
        <actor name="D0N27">
            <wcet number="0">50</wcet>
            <wcet number="1">160</wcet>
            <maxpow number="0.5491502575082488"/>
            <maxpow number="0.5491502575082488"/>
            <fprob>0.0</fprob>
        </actor>
        <actor name="D0N10">
            <wcet number="0">10</wcet>
            <wcet number="1">20</wcet>
            <maxpow number="0.8618861030699487"/>
            <maxpow number="0.8618861030699487"/>
            <fprob>0.0</fprob>
        </actor>
        <actor name="D0N25">
            <wcet number="0">20</wcet>
            <wcet number="1">20</wcet>
            <maxpow number="0.23795554547352493"/>
            <maxpow number="0.23795554547352493"/>
            <fprob>0.0</fprob>
        </actor>
        <actor name="D0N18">
            <wcet number="0">10</wcet>
            <wcet number="1">10</wcet>
            <maxpow number="0.7110730488225947"/>
            <maxpow number="0.7110730488225947"/>
            <fprob>0.0</fprob>
        </actor>
        <actor name="D0N44">
            <wcet number="0">30</wcet>
            <wcet number="1">150</wcet>
            <maxpow number="0.32438991292242875"/>
            <maxpow number="0.32438991292242875"/>
            <fprob>0.0</fprob>
        </actor>
        <actor name="D0N16">
            <wcet number="0">10</wcet>
            <wcet number="1">20</wcet>
            <maxpow number="0.4707762486676181"/>
            <maxpow number="0.4707762486676181"/>
            <fprob>0.0</fprob>
        </actor>
        <ports>
            <port dstActor="D0N37" name="p0" srcActor="D0N33"/>
            <port dstActor="D0N46" name="p1" srcActor="D0N33"/>
            <port dstActor="D0N48" name="p2" srcActor="D0N33"/>
            <port dstActor="D0N36" name="p3" srcActor="D0N22"/>
            <port dstActor="D0N38" name="p4" srcActor="D0N37"/>
            <port dstActor="D0N49" name="p5" srcActor="D0N38"/>
            <port dstActor="D0N26" name="p6" srcActor="D0N4"/>
            <port dstActor="D0N19" name="p7" srcActor="D0N4"/>
            <port dstActor="D0N42" name="p8" srcActor="D0N4"/>
            <port dstActor="D0N45" name="p9" srcActor="D0N4"/>
            <port dstActor="D0N48" name="p10" srcActor="D0N4"/>
            <port dstActor="D0N41" name="p11" srcActor="D0N4"/>
            <port dstActor="D0N21" name="p12" srcActor="D0N4"/>
            <port dstActor="D0N29" name="p13" srcActor="D0N4"/>
            <port dstActor="D0N47" name="p14" srcActor="D0N45"/>
            <port dstActor="D0N37" name="p15" srcActor="D0N29"/>
            <port dstActor="D0N48" name="p16" srcActor="D0N24"/>
            <port dstActor="D0N27" name="p17" srcActor="D0N24"/>
            <port dstActor="D0N46" name="p18" srcActor="D0N24"/>
            <port dstActor="D0N25" name="p19" srcActor="D0N11"/>
            <port dstActor="D0N35" name="p20" srcActor="D0N11"/>
            <port dstActor="D0N17" name="p21" srcActor="D0N11"/>
            <port dstActor="D0N36" name="p22" srcActor="D0N31"/>
            <port dstActor="D0N13" name="p23" srcActor="D0N7"/>
            <port dstActor="D0N18" name="p24" srcActor="D0N14"/>
            <port dstActor="D0N33" name="p25" srcActor="D0N17"/>
            <port dstActor="D0N37" name="p26" srcActor="D0N36"/>
            <port dstActor="D0N49" name="p27" srcActor="D0N32"/>
            <port dstActor="D0N43" name="p28" srcActor="D0N32"/>
            <port dstActor="D0N46" name="p29" srcActor="D0N32"/>
            <port dstActor="D0N42" name="p30" srcActor="D0N32"/>
            <port dstActor="D0N43" name="p31" srcActor="D0N42"/>
            <port dstActor="D0N44" name="p32" srcActor="D0N42"/>
            <port dstActor="D0N46" name="p33" srcActor="D0N42"/>
            <port dstActor="D0N45" name="p34" srcActor="D0N42"/>
            <port dstActor="D0N16" name="p35" srcActor="D0N6"/>
            <port dstActor="D0N20" name="p36" srcActor="D0N6"/>
            <port dstActor="D0N40" name="p37" srcActor="D0N8"/>
            <port dstActor="D0N17" name="p38" srcActor="D0N8"/>
            <port dstActor="D0N18" name="p39" srcActor="D0N8"/>
            <port dstActor="D0N26" name="p40" srcActor="D0N8"/>
            <port dstActor="D0N34" name="p41" srcActor="D0N8"/>
            <port dstActor="D0N36" name="p42" srcActor="D0N8"/>
            <port dstActor="D0N14" name="p43" srcActor="D0N3"/>
            <port dstActor="D0N44" name="p44" srcActor="D0N3"/>
            <port dstActor="D0N26" name="p45" srcActor="D0N3"/>
            <port dstActor="D0N46" name="p46" srcActor="D0N12"/>
            <port dstActor="D0N27" name="p47" srcActor="D0N12"/>
            <port dstActor="D0N38" name="p48" srcActor="D0N12"/>
            <port dstActor="D0N21" name="p49" srcActor="D0N12"/>
            <port dstActor="D0N18" name="p50" srcActor="D0N1"/>
            <port dstActor="D0N48" name="p51" srcActor="D0N1"/>
            <port dstActor="D0N5" name="p52" srcActor="D0N1"/>
            <port dstActor="D0N41" name="p53" srcActor="D0N1"/>
            <port dstActor="D0N45" name="p54" srcActor="D0N1"/>
            <port dstActor="D0N42" name="p55" srcActor="D0N13"/>
            <port dstActor="D0N43" name="p56" srcActor="D0N13"/>
            <port dstActor="D0N15" name="p57" srcActor="D0N13"/>
            <port dstActor="D0N26" name="p58" srcActor="D0N13"/>
            <port dstActor="D0N40" name="p59" srcActor="D0N35"/>
            <port dstActor="D0N46" name="p60" srcActor="D0N35"/>
            <port dstActor="D0N45" name="p61" srcActor="D0N41"/>
            <port dstActor="D0N46" name="p62" srcActor="D0N41"/>
            <port dstActor="D0N42" name="p63" srcActor="D0N28"/>
            <port dstActor="D0N46" name="p64" srcActor="D0N28"/>
            <port dstActor="D0N34" name="p65" srcActor="D0N28"/>
            <port dstActor="D0N20" name="p66" srcActor="D0N5"/>
            <port dstActor="D0N6" name="p67" srcActor="D0N5"/>
            <port dstActor="D0N8" name="p68" srcActor="D0N5"/>
            <port dstActor="D0N40" name="p69" srcActor="D0N5"/>
            <port dstActor="D0N28" name="p70" srcActor="D0N5"/>
            <port dstActor="D0N41" name="p71" srcActor="D0N5"/>
            <port dstActor="D0N42" name="p72" srcActor="D0N39"/>
            <port dstActor="D0N47" name="p73" srcActor="D0N39"/>
            <port dstActor="D0N49" name="p74" srcActor="D0N39"/>
            <port dstActor="D0N21" name="p75" srcActor="D0N20"/>
            <port dstActor="D0N42" name="p76" srcActor="D0N20"/>
            <port dstActor="D0N48" name="p77" srcActor="D0N15"/>
            <port dstActor="D0N36" name="p78" srcActor="D0N15"/>
            <port dstActor="D0N23" name="p79" srcActor="D0N9"/>
            <port dstActor="D0N14" name="p80" srcActor="D0N9"/>
            <port dstActor="D0N29" name="p81" srcActor="D0N9"/>
            <port dstActor="D0N15" name="p82" srcActor="D0N0"/>
            <port dstActor="D0N41" name="p83" srcActor="D0N0"/>
            <port dstActor="D0N28" name="p84" srcActor="D0N0"/>
            <port dstActor="D0N31" name="p85" srcActor="D0N0"/>
            <port dstActor="D0N30" name="p86" srcActor="D0N21"/>
            <port dstActor="D0N34" name="p87" srcActor="D0N21"/>
            <port dstActor="D0N39" name="p88" srcActor="D0N21"/>
            <port dstActor="D0N28" name="p89" srcActor="D0N19"/>
            <port dstActor="D0N36" name="p90" srcActor="D0N2"/>
            <port dstActor="D0N18" name="p91" srcActor="D0N2"/>
            <port dstActor="D0N19" name="p92" srcActor="D0N2"/>
            <port dstActor="D0N32" name="p93" srcActor="D0N2"/>
            <port dstActor="D0N43" name="p94" srcActor="D0N2"/>
            <port dstActor="D0N23" name="p95" srcActor="D0N2"/>
            <port dstActor="D0N37" name="p96" srcActor="D0N2"/>
            <port dstActor="D0N6" name="p97" srcActor="D0N2"/>
            <port dstActor="D0N12" name="p98" srcActor="D0N2"/>
            <port dstActor="D0N36" name="p99" srcActor="D0N27"/>
            <port dstActor="D0N28" name="p100" srcActor="D0N27"/>
            <port dstActor="D0N48" name="p101" srcActor="D0N27"/>
            <port dstActor="D0N39" name="p102" srcActor="D0N27"/>
            <port dstActor="D0N30" name="p103" srcActor="D0N27"/>
            <port dstActor="D0N47" name="p104" srcActor="D0N27"/>
            <port dstActor="D0N34" name="p105" srcActor="D0N10"/>
            <port dstActor="D0N30" name="p106" srcActor="D0N10"/>
            <port dstActor="D0N44" name="p107" srcActor="D0N25"/>
            <port dstActor="D0N40" name="p108" srcActor="D0N18"/>
            <port dstActor="D0N48" name="p109" srcActor="D0N44"/>
            <port dstActor="D0N35" name="p110" srcActor="D0N16"/>
            <port dstActor="D0N47" name="p111" srcActor="D0N16"/>
            <port dstActor="D0N30" name="p112" srcActor="D0N16"/>
            <port dstActor="D0N32" name="p113" srcActor="D0N16"/>
            <port dstActor="D0N25" name="p114" srcActor="D0N16"/>
        </ports>
    </mcdag>
    <cores number="3"/>
    <levels number="2"/>
</mcsystem>
