<?xml version="1.0" encoding="UTF-8" standalone="no"?>
<mcsystem>
    <mcdag deadline="2500" name="genned-0-ed-10.0-0">
        <actor name="D0N4">
            <wcet number="0">60</wcet>
            <wcet number="1">160</wcet>
            <maxpow number="0.6431346527444461"/>
            <maxpow number="0.6431346527444461"/>
            <fprob>0.0</fprob>
        </actor>
        <actor name="D0N31">
            <wcet number="0">50</wcet>
            <wcet number="1">120</wcet>
            <maxpow number="0.2997213871889827"/>
            <maxpow number="0.2997213871889827"/>
            <fprob>0.0</fprob>
        </actor>
        <actor name="D0N24">
            <wcet number="0">10</wcet>
            <wcet number="1">30</wcet>
            <maxpow number="0.3376229756948247"/>
            <maxpow number="0.3376229756948247"/>
            <fprob>0.0</fprob>
        </actor>
        <actor name="D0N10">
            <wcet number="0">10</wcet>
            <wcet number="1">10</wcet>
            <maxpow number="0.6204135771434286"/>
            <maxpow number="0.6204135771434286"/>
            <fprob>0.0</fprob>
        </actor>
        <actor name="D0N38">
            <wcet number="0">10</wcet>
            <wcet number="1">20</wcet>
            <maxpow number="0.09342751382886089"/>
            <maxpow number="0.09342751382886089"/>
            <fprob>0.0</fprob>
        </actor>
        <actor name="D0N19">
            <wcet number="0">60</wcet>
            <wcet number="1">160</wcet>
            <maxpow number="0.7224281726653731"/>
            <maxpow number="0.7224281726653731"/>
            <fprob>0.0</fprob>
        </actor>
        <actor name="D0N45">
            <wcet number="0">10</wcet>
            <wcet number="1">30</wcet>
            <maxpow number="0.9321193812573698"/>
            <maxpow number="0.9321193812573698"/>
            <fprob>0.0</fprob>
        </actor>
        <actor name="D0N3">
            <wcet number="0">10</wcet>
            <wcet number="1">20</wcet>
            <maxpow number="0.8809367099254575"/>
            <maxpow number="0.8809367099254575"/>
            <fprob>0.0</fprob>
        </actor>
        <actor name="D0N16">
            <wcet number="0">90</wcet>
            <wcet number="1">240</wcet>
            <maxpow number="0.48910260181071136"/>
            <maxpow number="0.48910260181071136"/>
            <fprob>0.0</fprob>
        </actor>
        <actor name="D0N28">
            <wcet number="0">20</wcet>
            <wcet number="1">40</wcet>
            <maxpow number="0.4634692928685886"/>
            <maxpow number="0.4634692928685886"/>
            <fprob>0.0</fprob>
        </actor>
        <actor name="D0N44">
            <wcet number="0">80</wcet>
            <wcet number="1">80</wcet>
            <maxpow number="0.4370141226393813"/>
            <maxpow number="0.4370141226393813"/>
            <fprob>0.0</fprob>
        </actor>
        <actor name="D0N17">
            <wcet number="0">30</wcet>
            <wcet number="1">50</wcet>
            <maxpow number="0.5308436863437985"/>
            <maxpow number="0.5308436863437985"/>
            <fprob>0.0</fprob>
        </actor>
        <actor name="D0N25">
            <wcet number="0">20</wcet>
            <wcet number="1">20</wcet>
            <maxpow number="0.80421479138476"/>
            <maxpow number="0.80421479138476"/>
            <fprob>0.0</fprob>
        </actor>
        <actor name="D0N33">
            <wcet number="0">50</wcet>
            <wcet number="1">60</wcet>
            <maxpow number="0.9411834554394876"/>
            <maxpow number="0.9411834554394876"/>
            <fprob>0.0</fprob>
        </actor>
        <actor name="D0N6">
            <wcet number="0">270</wcet>
            <wcet number="1">270</wcet>
            <maxpow number="0.4779227495690972"/>
            <maxpow number="0.4779227495690972"/>
            <fprob>0.0</fprob>
        </actor>
        <actor name="D0N34">
            <wcet number="0">150</wcet>
            <wcet number="1">240</wcet>
            <maxpow number="0.801575734749512"/>
            <maxpow number="0.801575734749512"/>
            <fprob>0.0</fprob>
        </actor>
        <actor name="D0N39">
            <wcet number="0">150</wcet>
            <wcet number="1">160</wcet>
            <maxpow number="0.7471477207309404"/>
            <maxpow number="0.7471477207309404"/>
            <fprob>0.0</fprob>
        </actor>
        <actor name="D0N43">
            <wcet number="0">60</wcet>
            <wcet number="1">60</wcet>
            <maxpow number="0.6550488498415115"/>
            <maxpow number="0.6550488498415115"/>
            <fprob>0.0</fprob>
        </actor>
        <actor name="D0N21">
            <wcet number="0">10</wcet>
            <wcet number="1">10</wcet>
            <maxpow number="0.3414385376731722"/>
            <maxpow number="0.3414385376731722"/>
            <fprob>0.0</fprob>
        </actor>
        <actor name="D0N18">
            <wcet number="0">60</wcet>
            <wcet number="1">130</wcet>
            <maxpow number="0.6531505457155694"/>
            <maxpow number="0.6531505457155694"/>
            <fprob>0.0</fprob>
        </actor>
        <actor name="D0N5">
            <wcet number="0">20</wcet>
            <wcet number="1">170</wcet>
            <maxpow number="0.5622719018344735"/>
            <maxpow number="0.5622719018344735"/>
            <fprob>0.0</fprob>
        </actor>
        <actor name="D0N32">
            <wcet number="0">10</wcet>
            <wcet number="1">20</wcet>
            <maxpow number="0.4193940612192749"/>
            <maxpow number="0.4193940612192749"/>
            <fprob>0.0</fprob>
        </actor>
        <actor name="D0N0">
            <wcet number="0">10</wcet>
            <wcet number="1">40</wcet>
            <maxpow number="0.5224733164203144"/>
            <maxpow number="0.5224733164203144"/>
            <fprob>0.0</fprob>
        </actor>
        <actor name="D0N36">
            <wcet number="0">70</wcet>
            <wcet number="1">100</wcet>
            <maxpow number="0.5654994575026169"/>
            <maxpow number="0.5654994575026169"/>
            <fprob>0.0</fprob>
        </actor>
        <actor name="D0N2">
            <wcet number="0">140</wcet>
            <wcet number="1">270</wcet>
            <maxpow number="0.6473938759568685"/>
            <maxpow number="0.6473938759568685"/>
            <fprob>0.0</fprob>
        </actor>
        <actor name="D0N12">
            <wcet number="0">20</wcet>
            <wcet number="1">40</wcet>
            <maxpow number="0.4562571410100228"/>
            <maxpow number="0.4562571410100228"/>
            <fprob>0.0</fprob>
        </actor>
        <actor name="D0N20">
            <wcet number="0">20</wcet>
            <wcet number="1">20</wcet>
            <maxpow number="0.5005168643689704"/>
            <maxpow number="0.5005168643689704"/>
            <fprob>0.0</fprob>
        </actor>
        <actor name="D0N41">
            <wcet number="0">50</wcet>
            <wcet number="1">170</wcet>
            <maxpow number="0.6822978356587487"/>
            <maxpow number="0.6822978356587487"/>
            <fprob>0.0</fprob>
        </actor>
        <actor name="D0N27">
            <wcet number="0">10</wcet>
            <wcet number="1">10</wcet>
            <maxpow number="0.6732169762566891"/>
            <maxpow number="0.6732169762566891"/>
            <fprob>0.0</fprob>
        </actor>
        <actor name="D0N30">
            <wcet number="0">150</wcet>
            <wcet number="1">240</wcet>
            <maxpow number="0.7330469888137394"/>
            <maxpow number="0.7330469888137394"/>
            <fprob>0.0</fprob>
        </actor>
        <actor name="D0N40">
            <wcet number="0">240</wcet>
            <wcet number="1">300</wcet>
            <maxpow number="0.48020970668176766"/>
            <maxpow number="0.48020970668176766"/>
            <fprob>0.0</fprob>
        </actor>
        <actor name="D0N13">
            <wcet number="0">50</wcet>
            <wcet number="1">70</wcet>
            <maxpow number="0.4126611730186216"/>
            <maxpow number="0.4126611730186216"/>
            <fprob>0.0</fprob>
        </actor>
        <actor name="D0N42">
            <wcet number="0">10</wcet>
            <wcet number="1">10</wcet>
            <maxpow number="0.47906778388827453"/>
            <maxpow number="0.47906778388827453"/>
            <fprob>0.0</fprob>
        </actor>
        <actor name="D0N48">
            <wcet number="0">30</wcet>
            <wcet number="1">70</wcet>
            <maxpow number="0.8903917775395007"/>
            <maxpow number="0.8903917775395007"/>
            <fprob>0.0</fprob>
        </actor>
        <actor name="D0N26">
            <wcet number="0">70</wcet>
            <wcet number="1">240</wcet>
            <maxpow number="0.7504470131204951"/>
            <maxpow number="0.7504470131204951"/>
            <fprob>0.0</fprob>
        </actor>
        <actor name="D0N46">
            <wcet number="0">110</wcet>
            <wcet number="1">160</wcet>
            <maxpow number="0.6206431256612741"/>
            <maxpow number="0.6206431256612741"/>
            <fprob>0.0</fprob>
        </actor>
        <actor name="D0N11">
            <wcet number="0">60</wcet>
            <wcet number="1">80</wcet>
            <maxpow number="0.8399159490010433"/>
            <maxpow number="0.8399159490010433"/>
            <fprob>0.0</fprob>
        </actor>
        <actor name="D0N35">
            <wcet number="0">120</wcet>
            <wcet number="1">190</wcet>
            <maxpow number="0.37717830120041473"/>
            <maxpow number="0.37717830120041473"/>
            <fprob>0.0</fprob>
        </actor>
        <actor name="D0N14">
            <wcet number="0">210</wcet>
            <wcet number="1">280</wcet>
            <maxpow number="0.52651736564717"/>
            <maxpow number="0.52651736564717"/>
            <fprob>0.0</fprob>
        </actor>
        <actor name="D0N37">
            <wcet number="0">60</wcet>
            <wcet number="1">100</wcet>
            <maxpow number="0.46934911598449863"/>
            <maxpow number="0.46934911598449863"/>
            <fprob>0.0</fprob>
        </actor>
        <actor name="D0N22">
            <wcet number="0">190</wcet>
            <wcet number="1">220</wcet>
            <maxpow number="0.3293753256776244"/>
            <maxpow number="0.3293753256776244"/>
            <fprob>0.0</fprob>
        </actor>
        <actor name="D0N8">
            <wcet number="0">10</wcet>
            <wcet number="1">30</wcet>
            <maxpow number="0.4730896753816545"/>
            <maxpow number="0.4730896753816545"/>
            <fprob>0.0</fprob>
        </actor>
        <actor name="D0N9">
            <wcet number="0">150</wcet>
            <wcet number="1">180</wcet>
            <maxpow number="0.666968290743108"/>
            <maxpow number="0.666968290743108"/>
            <fprob>0.0</fprob>
        </actor>
        <actor name="D0N15">
            <wcet number="0">80</wcet>
            <wcet number="1">120</wcet>
            <maxpow number="0.6622927420255209"/>
            <maxpow number="0.6622927420255209"/>
            <fprob>0.0</fprob>
        </actor>
        <actor name="D0N23">
            <wcet number="0">20</wcet>
            <wcet number="1">50</wcet>
            <maxpow number="0.4501748065099517"/>
            <maxpow number="0.4501748065099517"/>
            <fprob>0.0</fprob>
        </actor>
        <actor name="D0N29">
            <wcet number="0">50</wcet>
            <wcet number="1">140</wcet>
            <maxpow number="0.49965954629234927"/>
            <maxpow number="0.49965954629234927"/>
            <fprob>0.0</fprob>
        </actor>
        <actor name="D0N7">
            <wcet number="0">10</wcet>
            <wcet number="1">10</wcet>
            <maxpow number="0.6959738356246226"/>
            <maxpow number="0.6959738356246226"/>
            <fprob>0.0</fprob>
        </actor>
        <actor name="D0N1">
            <wcet number="0">60</wcet>
            <wcet number="1">70</wcet>
            <maxpow number="0.32658548527121334"/>
            <maxpow number="0.32658548527121334"/>
            <fprob>0.0</fprob>
        </actor>
        <actor name="D0N47">
            <wcet number="0">30</wcet>
            <wcet number="1">190</wcet>
            <maxpow number="0.8236374592651126"/>
            <maxpow number="0.8236374592651126"/>
            <fprob>0.0</fprob>
        </actor>
        <ports>
            <port dstActor="D0N37" name="p0" srcActor="D0N4"/>
            <port dstActor="D0N20" name="p1" srcActor="D0N4"/>
            <port dstActor="D0N15" name="p2" srcActor="D0N4"/>
            <port dstActor="D0N22" name="p3" srcActor="D0N4"/>
            <port dstActor="D0N8" name="p4" srcActor="D0N4"/>
            <port dstActor="D0N34" name="p5" srcActor="D0N4"/>
            <port dstActor="D0N17" name="p6" srcActor="D0N4"/>
            <port dstActor="D0N46" name="p7" srcActor="D0N4"/>
            <port dstActor="D0N14" name="p8" srcActor="D0N4"/>
            <port dstActor="D0N7" name="p9" srcActor="D0N4"/>
            <port dstActor="D0N48" name="p10" srcActor="D0N31"/>
            <port dstActor="D0N42" name="p11" srcActor="D0N31"/>
            <port dstActor="D0N32" name="p12" srcActor="D0N31"/>
            <port dstActor="D0N29" name="p13" srcActor="D0N24"/>
            <port dstActor="D0N42" name="p14" srcActor="D0N24"/>
            <port dstActor="D0N40" name="p15" srcActor="D0N10"/>
            <port dstActor="D0N39" name="p16" srcActor="D0N10"/>
            <port dstActor="D0N34" name="p17" srcActor="D0N10"/>
            <port dstActor="D0N25" name="p18" srcActor="D0N10"/>
            <port dstActor="D0N30" name="p19" srcActor="D0N10"/>
            <port dstActor="D0N46" name="p20" srcActor="D0N19"/>
            <port dstActor="D0N20" name="p21" srcActor="D0N19"/>
            <port dstActor="D0N47" name="p22" srcActor="D0N19"/>
            <port dstActor="D0N36" name="p23" srcActor="D0N19"/>
            <port dstActor="D0N25" name="p24" srcActor="D0N3"/>
            <port dstActor="D0N31" name="p25" srcActor="D0N3"/>
            <port dstActor="D0N27" name="p26" srcActor="D0N3"/>
            <port dstActor="D0N23" name="p27" srcActor="D0N3"/>
            <port dstActor="D0N27" name="p28" srcActor="D0N16"/>
            <port dstActor="D0N47" name="p29" srcActor="D0N16"/>
            <port dstActor="D0N33" name="p30" srcActor="D0N16"/>
            <port dstActor="D0N37" name="p31" srcActor="D0N28"/>
            <port dstActor="D0N29" name="p32" srcActor="D0N17"/>
            <port dstActor="D0N30" name="p33" srcActor="D0N17"/>
            <port dstActor="D0N19" name="p34" srcActor="D0N17"/>
            <port dstActor="D0N41" name="p35" srcActor="D0N17"/>
            <port dstActor="D0N36" name="p36" srcActor="D0N17"/>
            <port dstActor="D0N32" name="p37" srcActor="D0N25"/>
            <port dstActor="D0N48" name="p38" srcActor="D0N25"/>
            <port dstActor="D0N22" name="p39" srcActor="D0N6"/>
            <port dstActor="D0N29" name="p40" srcActor="D0N6"/>
            <port dstActor="D0N35" name="p41" srcActor="D0N6"/>
            <port dstActor="D0N15" name="p42" srcActor="D0N6"/>
            <port dstActor="D0N42" name="p43" srcActor="D0N6"/>
            <port dstActor="D0N18" name="p44" srcActor="D0N6"/>
            <port dstActor="D0N46" name="p45" srcActor="D0N6"/>
            <port dstActor="D0N12" name="p46" srcActor="D0N6"/>
            <port dstActor="D0N48" name="p47" srcActor="D0N34"/>
            <port dstActor="D0N44" name="p48" srcActor="D0N34"/>
            <port dstActor="D0N41" name="p49" srcActor="D0N39"/>
            <port dstActor="D0N46" name="p50" srcActor="D0N43"/>
            <port dstActor="D0N48" name="p51" srcActor="D0N43"/>
            <port dstActor="D0N24" name="p52" srcActor="D0N21"/>
            <port dstActor="D0N33" name="p53" srcActor="D0N21"/>
            <port dstActor="D0N35" name="p54" srcActor="D0N21"/>
            <port dstActor="D0N20" name="p55" srcActor="D0N18"/>
            <port dstActor="D0N31" name="p56" srcActor="D0N18"/>
            <port dstActor="D0N34" name="p57" srcActor="D0N18"/>
            <port dstActor="D0N6" name="p58" srcActor="D0N5"/>
            <port dstActor="D0N43" name="p59" srcActor="D0N5"/>
            <port dstActor="D0N20" name="p60" srcActor="D0N5"/>
            <port dstActor="D0N41" name="p61" srcActor="D0N5"/>
            <port dstActor="D0N26" name="p62" srcActor="D0N5"/>
            <port dstActor="D0N23" name="p63" srcActor="D0N5"/>
            <port dstActor="D0N42" name="p64" srcActor="D0N32"/>
            <port dstActor="D0N1" name="p65" srcActor="D0N0"/>
            <port dstActor="D0N33" name="p66" srcActor="D0N0"/>
            <port dstActor="D0N37" name="p67" srcActor="D0N0"/>
            <port dstActor="D0N5" name="p68" srcActor="D0N0"/>
            <port dstActor="D0N16" name="p69" srcActor="D0N2"/>
            <port dstActor="D0N39" name="p70" srcActor="D0N2"/>
            <port dstActor="D0N24" name="p71" srcActor="D0N2"/>
            <port dstActor="D0N4" name="p72" srcActor="D0N2"/>
            <port dstActor="D0N34" name="p73" srcActor="D0N12"/>
            <port dstActor="D0N31" name="p74" srcActor="D0N12"/>
            <port dstActor="D0N19" name="p75" srcActor="D0N12"/>
            <port dstActor="D0N29" name="p76" srcActor="D0N12"/>
            <port dstActor="D0N25" name="p77" srcActor="D0N20"/>
            <port dstActor="D0N34" name="p78" srcActor="D0N20"/>
            <port dstActor="D0N39" name="p79" srcActor="D0N20"/>
            <port dstActor="D0N38" name="p80" srcActor="D0N27"/>
            <port dstActor="D0N48" name="p81" srcActor="D0N40"/>
            <port dstActor="D0N44" name="p82" srcActor="D0N13"/>
            <port dstActor="D0N29" name="p83" srcActor="D0N13"/>
            <port dstActor="D0N35" name="p84" srcActor="D0N13"/>
            <port dstActor="D0N42" name="p85" srcActor="D0N26"/>
            <port dstActor="D0N16" name="p86" srcActor="D0N11"/>
            <port dstActor="D0N29" name="p87" srcActor="D0N11"/>
            <port dstActor="D0N29" name="p88" srcActor="D0N14"/>
            <port dstActor="D0N43" name="p89" srcActor="D0N14"/>
            <port dstActor="D0N19" name="p90" srcActor="D0N14"/>
            <port dstActor="D0N39" name="p91" srcActor="D0N37"/>
            <port dstActor="D0N42" name="p92" srcActor="D0N37"/>
            <port dstActor="D0N48" name="p93" srcActor="D0N8"/>
            <port dstActor="D0N27" name="p94" srcActor="D0N8"/>
            <port dstActor="D0N18" name="p95" srcActor="D0N8"/>
            <port dstActor="D0N47" name="p96" srcActor="D0N8"/>
            <port dstActor="D0N16" name="p97" srcActor="D0N8"/>
            <port dstActor="D0N25" name="p98" srcActor="D0N9"/>
            <port dstActor="D0N39" name="p99" srcActor="D0N9"/>
            <port dstActor="D0N40" name="p100" srcActor="D0N9"/>
            <port dstActor="D0N10" name="p101" srcActor="D0N9"/>
            <port dstActor="D0N29" name="p102" srcActor="D0N9"/>
            <port dstActor="D0N12" name="p103" srcActor="D0N9"/>
            <port dstActor="D0N48" name="p104" srcActor="D0N9"/>
            <port dstActor="D0N22" name="p105" srcActor="D0N9"/>
            <port dstActor="D0N25" name="p106" srcActor="D0N15"/>
            <port dstActor="D0N39" name="p107" srcActor="D0N15"/>
            <port dstActor="D0N35" name="p108" srcActor="D0N15"/>
            <port dstActor="D0N24" name="p109" srcActor="D0N15"/>
            <port dstActor="D0N36" name="p110" srcActor="D0N15"/>
            <port dstActor="D0N47" name="p111" srcActor="D0N15"/>
            <port dstActor="D0N23" name="p112" srcActor="D0N15"/>
            <port dstActor="D0N33" name="p113" srcActor="D0N23"/>
            <port dstActor="D0N31" name="p114" srcActor="D0N29"/>
            <port dstActor="D0N28" name="p115" srcActor="D0N7"/>
            <port dstActor="D0N44" name="p116" srcActor="D0N1"/>
            <port dstActor="D0N25" name="p117" srcActor="D0N1"/>
        </ports>
    </mcdag>
    <cores number="3"/>
    <levels number="2"/>
</mcsystem>
