<?xml version="1.0" encoding="UTF-8" standalone="no"?>
<mcsystem>
    <mcdag deadline="1200" name="genned-0-ed-10.0-0">
        <actor name="D0N0">
            <wcet number="0">70</wcet>
            <wcet number="1">110</wcet>
            <maxpow number="0.29855413376383644"/>
            <maxpow number="0.29855413376383644"/>
            <fprob>0.0</fprob>
        </actor>
        <actor name="D0N46">
            <wcet number="0">20</wcet>
            <wcet number="1">80</wcet>
            <maxpow number="0.8370169797481141"/>
            <maxpow number="0.8370169797481141"/>
            <fprob>0.0</fprob>
        </actor>
        <actor name="D0N26">
            <wcet number="0">50</wcet>
            <wcet number="1">90</wcet>
            <maxpow number="0.5534006865277461"/>
            <maxpow number="0.5534006865277461"/>
            <fprob>0.0</fprob>
        </actor>
        <actor name="D0N5">
            <wcet number="0">20</wcet>
            <wcet number="1">40</wcet>
            <maxpow number="0.4092759077183027"/>
            <maxpow number="0.4092759077183027"/>
            <fprob>0.0</fprob>
        </actor>
        <actor name="D0N6">
            <wcet number="0">10</wcet>
            <wcet number="1">10</wcet>
            <maxpow number="0.6735723859006222"/>
            <maxpow number="0.6735723859006222"/>
            <fprob>0.0</fprob>
        </actor>
        <actor name="D0N12">
            <wcet number="0">40</wcet>
            <wcet number="1">80</wcet>
            <maxpow number="0.30844159871649895"/>
            <maxpow number="0.30844159871649895"/>
            <fprob>0.0</fprob>
        </actor>
        <actor name="D0N35">
            <wcet number="0">20</wcet>
            <wcet number="1">90</wcet>
            <maxpow number="0.4804397127633144"/>
            <maxpow number="0.4804397127633144"/>
            <fprob>0.0</fprob>
        </actor>
        <actor name="D0N17">
            <wcet number="0">50</wcet>
            <wcet number="1">50</wcet>
            <maxpow number="0.6056906495985139"/>
            <maxpow number="0.6056906495985139"/>
            <fprob>0.0</fprob>
        </actor>
        <actor name="D0N22">
            <wcet number="0">10</wcet>
            <wcet number="1">20</wcet>
            <maxpow number="0.321754340324559"/>
            <maxpow number="0.321754340324559"/>
            <fprob>0.0</fprob>
        </actor>
        <actor name="D0N40">
            <wcet number="0">10</wcet>
            <wcet number="1">10</wcet>
            <maxpow number="0.5366694839819774"/>
            <maxpow number="0.5366694839819774"/>
            <fprob>0.0</fprob>
        </actor>
        <actor name="D0N38">
            <wcet number="0">20</wcet>
            <wcet number="1">40</wcet>
            <maxpow number="0.7042727203139979"/>
            <maxpow number="0.7042727203139979"/>
            <fprob>0.0</fprob>
        </actor>
        <actor name="D0N43">
            <wcet number="0">10</wcet>
            <wcet number="1">20</wcet>
            <maxpow number="0.47620496992622446"/>
            <maxpow number="0.47620496992622446"/>
            <fprob>0.0</fprob>
        </actor>
        <actor name="D0N1">
            <wcet number="0">60</wcet>
            <wcet number="1">90</wcet>
            <maxpow number="0.5373542229284237"/>
            <maxpow number="0.5373542229284237"/>
            <fprob>0.0</fprob>
        </actor>
        <actor name="D0N13">
            <wcet number="0">20</wcet>
            <wcet number="1">20</wcet>
            <maxpow number="0.646875696235524"/>
            <maxpow number="0.646875696235524"/>
            <fprob>0.0</fprob>
        </actor>
        <actor name="D0N23">
            <wcet number="0">180</wcet>
            <wcet number="1">200</wcet>
            <maxpow number="0.35455054101066596"/>
            <maxpow number="0.35455054101066596"/>
            <fprob>0.0</fprob>
        </actor>
        <actor name="D0N21">
            <wcet number="0">90</wcet>
            <wcet number="1">110</wcet>
            <maxpow number="0.6341083275561612"/>
            <maxpow number="0.6341083275561612"/>
            <fprob>0.0</fprob>
        </actor>
        <actor name="D0N32">
            <wcet number="0">20</wcet>
            <wcet number="1">70</wcet>
            <maxpow number="0.704256698440365"/>
            <maxpow number="0.704256698440365"/>
            <fprob>0.0</fprob>
        </actor>
        <actor name="D0N24">
            <wcet number="0">20</wcet>
            <wcet number="1">30</wcet>
            <maxpow number="0.593969144663958"/>
            <maxpow number="0.593969144663958"/>
            <fprob>0.0</fprob>
        </actor>
        <actor name="D0N25">
            <wcet number="0">10</wcet>
            <wcet number="1">60</wcet>
            <maxpow number="0.49310217465815814"/>
            <maxpow number="0.49310217465815814"/>
            <fprob>0.0</fprob>
        </actor>
        <actor name="D0N37">
            <wcet number="0">20</wcet>
            <wcet number="1">90</wcet>
            <maxpow number="0.5124180228621741"/>
            <maxpow number="0.5124180228621741"/>
            <fprob>0.0</fprob>
        </actor>
        <actor name="D0N44">
            <wcet number="0">40</wcet>
            <wcet number="1">40</wcet>
            <maxpow number="0.7422870749576731"/>
            <maxpow number="0.7422870749576731"/>
            <fprob>0.0</fprob>
        </actor>
        <actor name="D0N18">
            <wcet number="0">140</wcet>
            <wcet number="1">140</wcet>
            <maxpow number="0.4515480822706944"/>
            <maxpow number="0.4515480822706944"/>
            <fprob>0.0</fprob>
        </actor>
        <actor name="D0N36">
            <wcet number="0">10</wcet>
            <wcet number="1">30</wcet>
            <maxpow number="0.359179569483477"/>
            <maxpow number="0.359179569483477"/>
            <fprob>0.0</fprob>
        </actor>
        <actor name="D0N34">
            <wcet number="0">60</wcet>
            <wcet number="1">70</wcet>
            <maxpow number="0.7288677044086356"/>
            <maxpow number="0.7288677044086356"/>
            <fprob>0.0</fprob>
        </actor>
        <actor name="D0N16">
            <wcet number="0">10</wcet>
            <wcet number="1">70</wcet>
            <maxpow number="0.48065168893568105"/>
            <maxpow number="0.48065168893568105"/>
            <fprob>0.0</fprob>
        </actor>
        <actor name="D0N20">
            <wcet number="0">90</wcet>
            <wcet number="1">120</wcet>
            <maxpow number="0.5719604457073939"/>
            <maxpow number="0.5719604457073939"/>
            <fprob>0.0</fprob>
        </actor>
        <actor name="D0N27">
            <wcet number="0">50</wcet>
            <wcet number="1">50</wcet>
            <maxpow number="0.4270102548094858"/>
            <maxpow number="0.4270102548094858"/>
            <fprob>0.0</fprob>
        </actor>
        <actor name="D0N45">
            <wcet number="0">70</wcet>
            <wcet number="1">210</wcet>
            <maxpow number="0.7083199069987569"/>
            <maxpow number="0.7083199069987569"/>
            <fprob>0.0</fprob>
        </actor>
        <actor name="D0N7">
            <wcet number="0">20</wcet>
            <wcet number="1">20</wcet>
            <maxpow number="0.3595752265730851"/>
            <maxpow number="0.3595752265730851"/>
            <fprob>0.0</fprob>
        </actor>
        <actor name="D0N41">
            <wcet number="0">80</wcet>
            <wcet number="1">90</wcet>
            <maxpow number="0.347587633819208"/>
            <maxpow number="0.347587633819208"/>
            <fprob>0.0</fprob>
        </actor>
        <actor name="D0N8">
            <wcet number="0">10</wcet>
            <wcet number="1">20</wcet>
            <maxpow number="0.3751162203812852"/>
            <maxpow number="0.3751162203812852"/>
            <fprob>0.0</fprob>
        </actor>
        <actor name="D0N29">
            <wcet number="0">40</wcet>
            <wcet number="1">80</wcet>
            <maxpow number="0.5829054425050407"/>
            <maxpow number="0.5829054425050407"/>
            <fprob>0.0</fprob>
        </actor>
        <actor name="D0N33">
            <wcet number="0">10</wcet>
            <wcet number="1">30</wcet>
            <maxpow number="0.5895488227139988"/>
            <maxpow number="0.5895488227139988"/>
            <fprob>0.0</fprob>
        </actor>
        <actor name="D0N10">
            <wcet number="0">50</wcet>
            <wcet number="1">130</wcet>
            <maxpow number="0.5291072290997099"/>
            <maxpow number="0.5291072290997099"/>
            <fprob>0.0</fprob>
        </actor>
        <actor name="D0N9">
            <wcet number="0">40</wcet>
            <wcet number="1">70</wcet>
            <maxpow number="0.34876732234634666"/>
            <maxpow number="0.34876732234634666"/>
            <fprob>0.0</fprob>
        </actor>
        <actor name="D0N19">
            <wcet number="0">10</wcet>
            <wcet number="1">10</wcet>
            <maxpow number="0.6548547273129314"/>
            <maxpow number="0.6548547273129314"/>
            <fprob>0.0</fprob>
        </actor>
        <actor name="D0N28">
            <wcet number="0">90</wcet>
            <wcet number="1">90</wcet>
            <maxpow number="0.5416442488395682"/>
            <maxpow number="0.5416442488395682"/>
            <fprob>0.0</fprob>
        </actor>
        <actor name="D0N42">
            <wcet number="0">30</wcet>
            <wcet number="1">80</wcet>
            <maxpow number="0.5330535416468459"/>
            <maxpow number="0.5330535416468459"/>
            <fprob>0.0</fprob>
        </actor>
        <actor name="D0N4">
            <wcet number="0">10</wcet>
            <wcet number="1">10</wcet>
            <maxpow number="0.5450355544456803"/>
            <maxpow number="0.5450355544456803"/>
            <fprob>0.0</fprob>
        </actor>
        <actor name="D0N14">
            <wcet number="0">20</wcet>
            <wcet number="1">20</wcet>
            <maxpow number="0.4939218791330662"/>
            <maxpow number="0.4939218791330662"/>
            <fprob>0.0</fprob>
        </actor>
        <actor name="D0N39">
            <wcet number="0">60</wcet>
            <wcet number="1">70</wcet>
            <maxpow number="0.4856710485675966"/>
            <maxpow number="0.4856710485675966"/>
            <fprob>0.0</fprob>
        </actor>
        <actor name="D0N15">
            <wcet number="0">20</wcet>
            <wcet number="1">30</wcet>
            <maxpow number="0.4957237709341094"/>
            <maxpow number="0.4957237709341094"/>
            <fprob>0.0</fprob>
        </actor>
        <actor name="D0N2">
            <wcet number="0">20</wcet>
            <wcet number="1">110</wcet>
            <maxpow number="0.18824057149207218"/>
            <maxpow number="0.18824057149207218"/>
            <fprob>0.0</fprob>
        </actor>
        <actor name="D0N11">
            <wcet number="0">20</wcet>
            <wcet number="1">170</wcet>
            <maxpow number="0.47849375792112103"/>
            <maxpow number="0.47849375792112103"/>
            <fprob>0.0</fprob>
        </actor>
        <actor name="D0N30">
            <wcet number="0">20</wcet>
            <wcet number="1">40</wcet>
            <maxpow number="0.3908085883838617"/>
            <maxpow number="0.3908085883838617"/>
            <fprob>0.0</fprob>
        </actor>
        <actor name="D0N3">
            <wcet number="0">10</wcet>
            <wcet number="1">10</wcet>
            <maxpow number="0.7922208218661086"/>
            <maxpow number="0.7922208218661086"/>
            <fprob>0.0</fprob>
        </actor>
        <actor name="D0N31">
            <wcet number="0">110</wcet>
            <wcet number="1">120</wcet>
            <maxpow number="0.4616060841298268"/>
            <maxpow number="0.4616060841298268"/>
            <fprob>0.0</fprob>
        </actor>
        <ports>
            <port dstActor="D0N29" name="p0" srcActor="D0N0"/>
            <port dstActor="D0N43" name="p1" srcActor="D0N0"/>
            <port dstActor="D0N14" name="p2" srcActor="D0N0"/>
            <port dstActor="D0N38" name="p3" srcActor="D0N26"/>
            <port dstActor="D0N13" name="p4" srcActor="D0N5"/>
            <port dstActor="D0N21" name="p5" srcActor="D0N5"/>
            <port dstActor="D0N40" name="p6" srcActor="D0N6"/>
            <port dstActor="D0N27" name="p7" srcActor="D0N6"/>
            <port dstActor="D0N16" name="p8" srcActor="D0N6"/>
            <port dstActor="D0N43" name="p9" srcActor="D0N12"/>
            <port dstActor="D0N46" name="p10" srcActor="D0N12"/>
            <port dstActor="D0N17" name="p11" srcActor="D0N12"/>
            <port dstActor="D0N43" name="p12" srcActor="D0N35"/>
            <port dstActor="D0N32" name="p13" srcActor="D0N17"/>
            <port dstActor="D0N45" name="p14" srcActor="D0N17"/>
            <port dstActor="D0N24" name="p15" srcActor="D0N17"/>
            <port dstActor="D0N23" name="p16" srcActor="D0N22"/>
            <port dstActor="D0N28" name="p17" srcActor="D0N22"/>
            <port dstActor="D0N44" name="p18" srcActor="D0N40"/>
            <port dstActor="D0N46" name="p19" srcActor="D0N40"/>
            <port dstActor="D0N41" name="p20" srcActor="D0N40"/>
            <port dstActor="D0N44" name="p21" srcActor="D0N43"/>
            <port dstActor="D0N45" name="p22" srcActor="D0N43"/>
            <port dstActor="D0N44" name="p23" srcActor="D0N1"/>
            <port dstActor="D0N29" name="p24" srcActor="D0N1"/>
            <port dstActor="D0N12" name="p25" srcActor="D0N1"/>
            <port dstActor="D0N22" name="p26" srcActor="D0N1"/>
            <port dstActor="D0N33" name="p27" srcActor="D0N13"/>
            <port dstActor="D0N30" name="p28" srcActor="D0N13"/>
            <port dstActor="D0N23" name="p29" srcActor="D0N13"/>
            <port dstActor="D0N30" name="p30" srcActor="D0N23"/>
            <port dstActor="D0N24" name="p31" srcActor="D0N23"/>
            <port dstActor="D0N46" name="p32" srcActor="D0N23"/>
            <port dstActor="D0N27" name="p33" srcActor="D0N21"/>
            <port dstActor="D0N43" name="p34" srcActor="D0N32"/>
            <port dstActor="D0N46" name="p35" srcActor="D0N24"/>
            <port dstActor="D0N27" name="p36" srcActor="D0N24"/>
            <port dstActor="D0N41" name="p37" srcActor="D0N24"/>
            <port dstActor="D0N23" name="p38" srcActor="D0N18"/>
            <port dstActor="D0N32" name="p39" srcActor="D0N18"/>
            <port dstActor="D0N35" name="p40" srcActor="D0N18"/>
            <port dstActor="D0N41" name="p41" srcActor="D0N36"/>
            <port dstActor="D0N43" name="p42" srcActor="D0N34"/>
            <port dstActor="D0N38" name="p43" srcActor="D0N34"/>
            <port dstActor="D0N23" name="p44" srcActor="D0N16"/>
            <port dstActor="D0N22" name="p45" srcActor="D0N16"/>
            <port dstActor="D0N20" name="p46" srcActor="D0N16"/>
            <port dstActor="D0N38" name="p47" srcActor="D0N16"/>
            <port dstActor="D0N30" name="p48" srcActor="D0N20"/>
            <port dstActor="D0N41" name="p49" srcActor="D0N20"/>
            <port dstActor="D0N32" name="p50" srcActor="D0N27"/>
            <port dstActor="D0N33" name="p51" srcActor="D0N27"/>
            <port dstActor="D0N13" name="p52" srcActor="D0N7"/>
            <port dstActor="D0N31" name="p53" srcActor="D0N7"/>
            <port dstActor="D0N29" name="p54" srcActor="D0N7"/>
            <port dstActor="D0N42" name="p55" srcActor="D0N8"/>
            <port dstActor="D0N19" name="p56" srcActor="D0N8"/>
            <port dstActor="D0N12" name="p57" srcActor="D0N8"/>
            <port dstActor="D0N36" name="p58" srcActor="D0N8"/>
            <port dstActor="D0N15" name="p59" srcActor="D0N8"/>
            <port dstActor="D0N35" name="p60" srcActor="D0N29"/>
            <port dstActor="D0N41" name="p61" srcActor="D0N33"/>
            <port dstActor="D0N44" name="p62" srcActor="D0N33"/>
            <port dstActor="D0N33" name="p63" srcActor="D0N10"/>
            <port dstActor="D0N14" name="p64" srcActor="D0N10"/>
            <port dstActor="D0N26" name="p65" srcActor="D0N10"/>
            <port dstActor="D0N40" name="p66" srcActor="D0N10"/>
            <port dstActor="D0N32" name="p67" srcActor="D0N10"/>
            <port dstActor="D0N15" name="p68" srcActor="D0N10"/>
            <port dstActor="D0N24" name="p69" srcActor="D0N9"/>
            <port dstActor="D0N21" name="p70" srcActor="D0N9"/>
            <port dstActor="D0N16" name="p71" srcActor="D0N9"/>
            <port dstActor="D0N19" name="p72" srcActor="D0N9"/>
            <port dstActor="D0N32" name="p73" srcActor="D0N9"/>
            <port dstActor="D0N23" name="p74" srcActor="D0N9"/>
            <port dstActor="D0N27" name="p75" srcActor="D0N9"/>
            <port dstActor="D0N45" name="p76" srcActor="D0N19"/>
            <port dstActor="D0N44" name="p77" srcActor="D0N19"/>
            <port dstActor="D0N36" name="p78" srcActor="D0N4"/>
            <port dstActor="D0N9" name="p79" srcActor="D0N4"/>
            <port dstActor="D0N17" name="p80" srcActor="D0N4"/>
            <port dstActor="D0N20" name="p81" srcActor="D0N14"/>
            <port dstActor="D0N40" name="p82" srcActor="D0N39"/>
            <port dstActor="D0N24" name="p83" srcActor="D0N15"/>
            <port dstActor="D0N27" name="p84" srcActor="D0N15"/>
            <port dstActor="D0N36" name="p85" srcActor="D0N15"/>
            <port dstActor="D0N39" name="p86" srcActor="D0N15"/>
            <port dstActor="D0N34" name="p87" srcActor="D0N15"/>
            <port dstActor="D0N40" name="p88" srcActor="D0N15"/>
            <port dstActor="D0N31" name="p89" srcActor="D0N2"/>
            <port dstActor="D0N25" name="p90" srcActor="D0N2"/>
            <port dstActor="D0N12" name="p91" srcActor="D0N2"/>
            <port dstActor="D0N14" name="p92" srcActor="D0N2"/>
            <port dstActor="D0N20" name="p93" srcActor="D0N2"/>
            <port dstActor="D0N36" name="p94" srcActor="D0N11"/>
            <port dstActor="D0N33" name="p95" srcActor="D0N11"/>
            <port dstActor="D0N35" name="p96" srcActor="D0N11"/>
            <port dstActor="D0N12" name="p97" srcActor="D0N11"/>
            <port dstActor="D0N28" name="p98" srcActor="D0N11"/>
            <port dstActor="D0N36" name="p99" srcActor="D0N30"/>
            <port dstActor="D0N37" name="p100" srcActor="D0N3"/>
            <port dstActor="D0N44" name="p101" srcActor="D0N31"/>
            <port dstActor="D0N32" name="p102" srcActor="D0N31"/>
        </ports>
    </mcdag>
    <cores number="3"/>
    <levels number="2"/>
</mcsystem>
