<?xml version="1.0" encoding="UTF-8" standalone="no"?>
<mcsystem>
    <mcdag deadline="2200" name="genned-0-ed-10.0-0">
        <actor name="D0N7">
            <wcet number="0">150</wcet>
            <wcet number="1">180</wcet>
            <maxpow number="0.8549890589075931"/>
            <maxpow number="0.8549890589075931"/>
            <fprob>0.0</fprob>
        </actor>
        <actor name="D0N10">
            <wcet number="0">60</wcet>
            <wcet number="1">110</wcet>
            <maxpow number="0.554061146281232"/>
            <maxpow number="0.554061146281232"/>
            <fprob>0.0</fprob>
        </actor>
        <actor name="D0N19">
            <wcet number="0">20</wcet>
            <wcet number="1">20</wcet>
            <maxpow number="0.43338377288947755"/>
            <maxpow number="0.43338377288947755"/>
            <fprob>0.0</fprob>
        </actor>
        <actor name="D0N15">
            <wcet number="0">10</wcet>
            <wcet number="1">10</wcet>
            <maxpow number="0.5948032173691641"/>
            <maxpow number="0.5948032173691641"/>
            <fprob>0.0</fprob>
        </actor>
        <actor name="D0N8">
            <wcet number="0">10</wcet>
            <wcet number="1">10</wcet>
            <maxpow number="0.34109516529171124"/>
            <maxpow number="0.34109516529171124"/>
            <fprob>0.0</fprob>
        </actor>
        <actor name="D0N40">
            <wcet number="0">120</wcet>
            <wcet number="1">150</wcet>
            <maxpow number="0.5970010485105886"/>
            <maxpow number="0.5970010485105886"/>
            <fprob>0.0</fprob>
        </actor>
        <actor name="D0N12">
            <wcet number="0">30</wcet>
            <wcet number="1">70</wcet>
            <maxpow number="1.2021595455896428"/>
            <maxpow number="1.2021595455896428"/>
            <fprob>0.0</fprob>
        </actor>
        <actor name="D0N20">
            <wcet number="0">30</wcet>
            <wcet number="1">110</wcet>
            <maxpow number="0.42434181531027154"/>
            <maxpow number="0.42434181531027154"/>
            <fprob>0.0</fprob>
        </actor>
        <actor name="D0N29">
            <wcet number="0">70</wcet>
            <wcet number="1">110</wcet>
            <maxpow number="0.5096951711066242"/>
            <maxpow number="0.5096951711066242"/>
            <fprob>0.0</fprob>
        </actor>
        <actor name="D0N31">
            <wcet number="0">10</wcet>
            <wcet number="1">80</wcet>
            <maxpow number="0.6730295735965408"/>
            <maxpow number="0.6730295735965408"/>
            <fprob>0.0</fprob>
        </actor>
        <actor name="D0N26">
            <wcet number="0">100</wcet>
            <wcet number="1">110</wcet>
            <maxpow number="0.7240688101694095"/>
            <maxpow number="0.7240688101694095"/>
            <fprob>0.0</fprob>
        </actor>
        <actor name="D0N14">
            <wcet number="0">10</wcet>
            <wcet number="1">10</wcet>
            <maxpow number="0.4285413995550965"/>
            <maxpow number="0.4285413995550965"/>
            <fprob>0.0</fprob>
        </actor>
        <actor name="D0N47">
            <wcet number="0">80</wcet>
            <wcet number="1">100</wcet>
            <maxpow number="0.3078889937944611"/>
            <maxpow number="0.3078889937944611"/>
            <fprob>0.0</fprob>
        </actor>
        <actor name="D0N0">
            <wcet number="0">20</wcet>
            <wcet number="1">120</wcet>
            <maxpow number="0.41355708503102406"/>
            <maxpow number="0.41355708503102406"/>
            <fprob>0.0</fprob>
        </actor>
        <actor name="D0N25">
            <wcet number="0">120</wcet>
            <wcet number="1">450</wcet>
            <maxpow number="0.5196199816396592"/>
            <maxpow number="0.5196199816396592"/>
            <fprob>0.0</fprob>
        </actor>
        <actor name="D0N24">
            <wcet number="0">230</wcet>
            <wcet number="1">230</wcet>
            <maxpow number="0.39913112317383787"/>
            <maxpow number="0.39913112317383787"/>
            <fprob>0.0</fprob>
        </actor>
        <actor name="D0N2">
            <wcet number="0">270</wcet>
            <wcet number="1">340</wcet>
            <maxpow number="0.622145636881361"/>
            <maxpow number="0.622145636881361"/>
            <fprob>0.0</fprob>
        </actor>
        <actor name="D0N9">
            <wcet number="0">60</wcet>
            <wcet number="1">90</wcet>
            <maxpow number="0.5124381852372384"/>
            <maxpow number="0.5124381852372384"/>
            <fprob>0.0</fprob>
        </actor>
        <actor name="D0N48">
            <wcet number="0">40</wcet>
            <wcet number="1">80</wcet>
            <maxpow number="0.5766220089188471"/>
            <maxpow number="0.5766220089188471"/>
            <fprob>0.0</fprob>
        </actor>
        <actor name="D0N5">
            <wcet number="0">60</wcet>
            <wcet number="1">100</wcet>
            <maxpow number="0.8126133703328628"/>
            <maxpow number="0.8126133703328628"/>
            <fprob>0.0</fprob>
        </actor>
        <actor name="D0N11">
            <wcet number="0">100</wcet>
            <wcet number="1">140</wcet>
            <maxpow number="0.6299889377643633"/>
            <maxpow number="0.6299889377643633"/>
            <fprob>0.0</fprob>
        </actor>
        <actor name="D0N13">
            <wcet number="0">10</wcet>
            <wcet number="1">30</wcet>
            <maxpow number="0.3047984864650375"/>
            <maxpow number="0.3047984864650375"/>
            <fprob>0.0</fprob>
        </actor>
        <actor name="D0N36">
            <wcet number="0">40</wcet>
            <wcet number="1">40</wcet>
            <maxpow number="0.6561060301719925"/>
            <maxpow number="0.6561060301719925"/>
            <fprob>0.0</fprob>
        </actor>
        <actor name="D0N18">
            <wcet number="0">260</wcet>
            <wcet number="1">310</wcet>
            <maxpow number="1.0568416705879415"/>
            <maxpow number="1.0568416705879415"/>
            <fprob>0.0</fprob>
        </actor>
        <actor name="D0N38">
            <wcet number="0">110</wcet>
            <wcet number="1">120</wcet>
            <maxpow number="0.5418539781568575"/>
            <maxpow number="0.5418539781568575"/>
            <fprob>0.0</fprob>
        </actor>
        <actor name="D0N17">
            <wcet number="0">10</wcet>
            <wcet number="1">20</wcet>
            <maxpow number="0.446684037342562"/>
            <maxpow number="0.446684037342562"/>
            <fprob>0.0</fprob>
        </actor>
        <actor name="D0N16">
            <wcet number="0">10</wcet>
            <wcet number="1">10</wcet>
            <maxpow number="0.4679400330294537"/>
            <maxpow number="0.4679400330294537"/>
            <fprob>0.0</fprob>
        </actor>
        <actor name="D0N23">
            <wcet number="0">10</wcet>
            <wcet number="1">100</wcet>
            <maxpow number="0.6694004059721766"/>
            <maxpow number="0.6694004059721766"/>
            <fprob>0.0</fprob>
        </actor>
        <actor name="D0N28">
            <wcet number="0">20</wcet>
            <wcet number="1">20</wcet>
            <maxpow number="0.38070144220529334"/>
            <maxpow number="0.38070144220529334"/>
            <fprob>0.0</fprob>
        </actor>
        <actor name="D0N39">
            <wcet number="0">90</wcet>
            <wcet number="1">160</wcet>
            <maxpow number="0.44938869574937834"/>
            <maxpow number="0.44938869574937834"/>
            <fprob>0.0</fprob>
        </actor>
        <actor name="D0N37">
            <wcet number="0">20</wcet>
            <wcet number="1">20</wcet>
            <maxpow number="0.7287888425433081"/>
            <maxpow number="0.7287888425433081"/>
            <fprob>0.0</fprob>
        </actor>
        <actor name="D0N35">
            <wcet number="0">130</wcet>
            <wcet number="1">440</wcet>
            <maxpow number="0.38927596605328363"/>
            <maxpow number="0.38927596605328363"/>
            <fprob>0.0</fprob>
        </actor>
        <actor name="D0N27">
            <wcet number="0">10</wcet>
            <wcet number="1">60</wcet>
            <maxpow number="0.6394929765019087"/>
            <maxpow number="0.6394929765019087"/>
            <fprob>0.0</fprob>
        </actor>
        <actor name="D0N1">
            <wcet number="0">10</wcet>
            <wcet number="1">30</wcet>
            <maxpow number="0.7193176769083619"/>
            <maxpow number="0.7193176769083619"/>
            <fprob>0.0</fprob>
        </actor>
        <actor name="D0N42">
            <wcet number="0">20</wcet>
            <wcet number="1">30</wcet>
            <maxpow number="0.791141212567507"/>
            <maxpow number="0.791141212567507"/>
            <fprob>0.0</fprob>
        </actor>
        <actor name="D0N21">
            <wcet number="0">50</wcet>
            <wcet number="1">140</wcet>
            <maxpow number="0.5204979116651517"/>
            <maxpow number="0.5204979116651517"/>
            <fprob>0.0</fprob>
        </actor>
        <actor name="D0N41">
            <wcet number="0">10</wcet>
            <wcet number="1">10</wcet>
            <maxpow number="0.5165755043169002"/>
            <maxpow number="0.5165755043169002"/>
            <fprob>0.0</fprob>
        </actor>
        <actor name="D0N4">
            <wcet number="0">10</wcet>
            <wcet number="1">10</wcet>
            <maxpow number="0.592484941892035"/>
            <maxpow number="0.592484941892035"/>
            <fprob>0.0</fprob>
        </actor>
        <actor name="D0N46">
            <wcet number="0">110</wcet>
            <wcet number="1">150</wcet>
            <maxpow number="0.637219908057229"/>
            <maxpow number="0.637219908057229"/>
            <fprob>0.0</fprob>
        </actor>
        <actor name="D0N44">
            <wcet number="0">10</wcet>
            <wcet number="1">90</wcet>
            <maxpow number="0.5065835616993921"/>
            <maxpow number="0.5065835616993921"/>
            <fprob>0.0</fprob>
        </actor>
        <actor name="D0N32">
            <wcet number="0">60</wcet>
            <wcet number="1">130</wcet>
            <maxpow number="0.6044169175451597"/>
            <maxpow number="0.6044169175451597"/>
            <fprob>0.0</fprob>
        </actor>
        <actor name="D0N43">
            <wcet number="0">40</wcet>
            <wcet number="1">130</wcet>
            <maxpow number="0.3046913993811873"/>
            <maxpow number="0.3046913993811873"/>
            <fprob>0.0</fprob>
        </actor>
        <actor name="D0N33">
            <wcet number="0">60</wcet>
            <wcet number="1">130</wcet>
            <maxpow number="0.5770955910109852"/>
            <maxpow number="0.5770955910109852"/>
            <fprob>0.0</fprob>
        </actor>
        <actor name="D0N22">
            <wcet number="0">20</wcet>
            <wcet number="1">30</wcet>
            <maxpow number="0.5221667799913725"/>
            <maxpow number="0.5221667799913725"/>
            <fprob>0.0</fprob>
        </actor>
        <actor name="D0N34">
            <wcet number="0">10</wcet>
            <wcet number="1">40</wcet>
            <maxpow number="0.383364948858824"/>
            <maxpow number="0.383364948858824"/>
            <fprob>0.0</fprob>
        </actor>
        <actor name="D0N30">
            <wcet number="0">20</wcet>
            <wcet number="1">80</wcet>
            <maxpow number="0.4805125941927807"/>
            <maxpow number="0.4805125941927807"/>
            <fprob>0.0</fprob>
        </actor>
        <actor name="D0N6">
            <wcet number="0">20</wcet>
            <wcet number="1">20</wcet>
            <maxpow number="0.3882130002287025"/>
            <maxpow number="0.3882130002287025"/>
            <fprob>0.0</fprob>
        </actor>
        <actor name="D0N3">
            <wcet number="0">30</wcet>
            <wcet number="1">30</wcet>
            <maxpow number="0.39799148420414954"/>
            <maxpow number="0.39799148420414954"/>
            <fprob>0.0</fprob>
        </actor>
        <actor name="D0N45">
            <wcet number="0">50</wcet>
            <wcet number="1">60</wcet>
            <maxpow number="0.5937339993121394"/>
            <maxpow number="0.5937339993121394"/>
            <fprob>0.0</fprob>
        </actor>
        <ports>
            <port dstActor="D0N16" name="p0" srcActor="D0N7"/>
            <port dstActor="D0N37" name="p1" srcActor="D0N10"/>
            <port dstActor="D0N48" name="p2" srcActor="D0N10"/>
            <port dstActor="D0N27" name="p3" srcActor="D0N10"/>
            <port dstActor="D0N35" name="p4" srcActor="D0N10"/>
            <port dstActor="D0N29" name="p5" srcActor="D0N19"/>
            <port dstActor="D0N21" name="p6" srcActor="D0N15"/>
            <port dstActor="D0N22" name="p7" srcActor="D0N15"/>
            <port dstActor="D0N29" name="p8" srcActor="D0N15"/>
            <port dstActor="D0N43" name="p9" srcActor="D0N15"/>
            <port dstActor="D0N37" name="p10" srcActor="D0N8"/>
            <port dstActor="D0N16" name="p11" srcActor="D0N12"/>
            <port dstActor="D0N37" name="p12" srcActor="D0N12"/>
            <port dstActor="D0N19" name="p13" srcActor="D0N12"/>
            <port dstActor="D0N32" name="p14" srcActor="D0N20"/>
            <port dstActor="D0N36" name="p15" srcActor="D0N20"/>
            <port dstActor="D0N37" name="p16" srcActor="D0N20"/>
            <port dstActor="D0N35" name="p17" srcActor="D0N31"/>
            <port dstActor="D0N40" name="p18" srcActor="D0N31"/>
            <port dstActor="D0N32" name="p19" srcActor="D0N31"/>
            <port dstActor="D0N47" name="p20" srcActor="D0N26"/>
            <port dstActor="D0N30" name="p21" srcActor="D0N26"/>
            <port dstActor="D0N27" name="p22" srcActor="D0N26"/>
            <port dstActor="D0N35" name="p23" srcActor="D0N26"/>
            <port dstActor="D0N40" name="p24" srcActor="D0N14"/>
            <port dstActor="D0N28" name="p25" srcActor="D0N14"/>
            <port dstActor="D0N29" name="p26" srcActor="D0N0"/>
            <port dstActor="D0N9" name="p27" srcActor="D0N0"/>
            <port dstActor="D0N24" name="p28" srcActor="D0N0"/>
            <port dstActor="D0N18" name="p29" srcActor="D0N0"/>
            <port dstActor="D0N44" name="p30" srcActor="D0N0"/>
            <port dstActor="D0N41" name="p31" srcActor="D0N0"/>
            <port dstActor="D0N2" name="p32" srcActor="D0N0"/>
            <port dstActor="D0N29" name="p33" srcActor="D0N25"/>
            <port dstActor="D0N39" name="p34" srcActor="D0N24"/>
            <port dstActor="D0N46" name="p35" srcActor="D0N24"/>
            <port dstActor="D0N14" name="p36" srcActor="D0N2"/>
            <port dstActor="D0N27" name="p37" srcActor="D0N2"/>
            <port dstActor="D0N26" name="p38" srcActor="D0N2"/>
            <port dstActor="D0N45" name="p39" srcActor="D0N2"/>
            <port dstActor="D0N17" name="p40" srcActor="D0N2"/>
            <port dstActor="D0N44" name="p41" srcActor="D0N2"/>
            <port dstActor="D0N48" name="p42" srcActor="D0N2"/>
            <port dstActor="D0N8" name="p43" srcActor="D0N2"/>
            <port dstActor="D0N21" name="p44" srcActor="D0N9"/>
            <port dstActor="D0N37" name="p45" srcActor="D0N9"/>
            <port dstActor="D0N24" name="p46" srcActor="D0N9"/>
            <port dstActor="D0N14" name="p47" srcActor="D0N5"/>
            <port dstActor="D0N29" name="p48" srcActor="D0N5"/>
            <port dstActor="D0N43" name="p49" srcActor="D0N5"/>
            <port dstActor="D0N22" name="p50" srcActor="D0N5"/>
            <port dstActor="D0N29" name="p51" srcActor="D0N11"/>
            <port dstActor="D0N42" name="p52" srcActor="D0N11"/>
            <port dstActor="D0N19" name="p53" srcActor="D0N11"/>
            <port dstActor="D0N46" name="p54" srcActor="D0N11"/>
            <port dstActor="D0N47" name="p55" srcActor="D0N11"/>
            <port dstActor="D0N12" name="p56" srcActor="D0N11"/>
            <port dstActor="D0N40" name="p57" srcActor="D0N11"/>
            <port dstActor="D0N30" name="p58" srcActor="D0N13"/>
            <port dstActor="D0N46" name="p59" srcActor="D0N13"/>
            <port dstActor="D0N31" name="p60" srcActor="D0N18"/>
            <port dstActor="D0N27" name="p61" srcActor="D0N18"/>
            <port dstActor="D0N24" name="p62" srcActor="D0N18"/>
            <port dstActor="D0N28" name="p63" srcActor="D0N18"/>
            <port dstActor="D0N47" name="p64" srcActor="D0N38"/>
            <port dstActor="D0N45" name="p65" srcActor="D0N38"/>
            <port dstActor="D0N44" name="p66" srcActor="D0N38"/>
            <port dstActor="D0N48" name="p67" srcActor="D0N17"/>
            <port dstActor="D0N19" name="p68" srcActor="D0N17"/>
            <port dstActor="D0N40" name="p69" srcActor="D0N17"/>
            <port dstActor="D0N47" name="p70" srcActor="D0N16"/>
            <port dstActor="D0N34" name="p71" srcActor="D0N16"/>
            <port dstActor="D0N39" name="p72" srcActor="D0N16"/>
            <port dstActor="D0N33" name="p73" srcActor="D0N23"/>
            <port dstActor="D0N27" name="p74" srcActor="D0N23"/>
            <port dstActor="D0N41" name="p75" srcActor="D0N23"/>
            <port dstActor="D0N46" name="p76" srcActor="D0N23"/>
            <port dstActor="D0N42" name="p77" srcActor="D0N28"/>
            <port dstActor="D0N44" name="p78" srcActor="D0N28"/>
            <port dstActor="D0N32" name="p79" srcActor="D0N28"/>
            <port dstActor="D0N37" name="p80" srcActor="D0N28"/>
            <port dstActor="D0N46" name="p81" srcActor="D0N35"/>
            <port dstActor="D0N32" name="p82" srcActor="D0N27"/>
            <port dstActor="D0N36" name="p83" srcActor="D0N27"/>
            <port dstActor="D0N39" name="p84" srcActor="D0N27"/>
            <port dstActor="D0N2" name="p85" srcActor="D0N1"/>
            <port dstActor="D0N47" name="p86" srcActor="D0N1"/>
            <port dstActor="D0N42" name="p87" srcActor="D0N1"/>
            <port dstActor="D0N38" name="p88" srcActor="D0N21"/>
            <port dstActor="D0N28" name="p89" srcActor="D0N21"/>
            <port dstActor="D0N30" name="p90" srcActor="D0N21"/>
            <port dstActor="D0N24" name="p91" srcActor="D0N21"/>
            <port dstActor="D0N29" name="p92" srcActor="D0N4"/>
            <port dstActor="D0N37" name="p93" srcActor="D0N4"/>
            <port dstActor="D0N32" name="p94" srcActor="D0N4"/>
            <port dstActor="D0N38" name="p95" srcActor="D0N4"/>
            <port dstActor="D0N47" name="p96" srcActor="D0N44"/>
            <port dstActor="D0N44" name="p97" srcActor="D0N43"/>
            <port dstActor="D0N48" name="p98" srcActor="D0N43"/>
            <port dstActor="D0N44" name="p99" srcActor="D0N33"/>
            <port dstActor="D0N47" name="p100" srcActor="D0N34"/>
            <port dstActor="D0N47" name="p101" srcActor="D0N30"/>
            <port dstActor="D0N43" name="p102" srcActor="D0N30"/>
            <port dstActor="D0N39" name="p103" srcActor="D0N30"/>
            <port dstActor="D0N35" name="p104" srcActor="D0N6"/>
            <port dstActor="D0N43" name="p105" srcActor="D0N6"/>
            <port dstActor="D0N32" name="p106" srcActor="D0N6"/>
            <port dstActor="D0N28" name="p107" srcActor="D0N6"/>
            <port dstActor="D0N44" name="p108" srcActor="D0N6"/>
            <port dstActor="D0N33" name="p109" srcActor="D0N3"/>
        </ports>
    </mcdag>
    <cores number="3"/>
    <levels number="2"/>
</mcsystem>
