<?xml version="1.0" encoding="UTF-8" standalone="no"?>
<mcsystem>
    <mcdag deadline="1500" name="genned-0-ed-10.0-0">
        <actor name="D0N17">
            <wcet number="0">10</wcet>
            <wcet number="1">20</wcet>
            <maxpow number="0.717529203189607"/>
            <maxpow number="0.717529203189607"/>
            <fprob>0.0</fprob>
        </actor>
        <actor name="D0N23">
            <wcet number="0">230</wcet>
            <wcet number="1">330</wcet>
            <maxpow number="0.6199374106611901"/>
            <maxpow number="0.6199374106611901"/>
            <fprob>0.0</fprob>
        </actor>
        <actor name="D0N7">
            <wcet number="0">10</wcet>
            <wcet number="1">40</wcet>
            <maxpow number="0.6130371307472754"/>
            <maxpow number="0.6130371307472754"/>
            <fprob>0.0</fprob>
        </actor>
        <actor name="D0N22">
            <wcet number="0">10</wcet>
            <wcet number="1">10</wcet>
            <maxpow number="0.44605656284391104"/>
            <maxpow number="0.44605656284391104"/>
            <fprob>0.0</fprob>
        </actor>
        <actor name="D0N37">
            <wcet number="0">90</wcet>
            <wcet number="1">130</wcet>
            <maxpow number="0.578628785132411"/>
            <maxpow number="0.578628785132411"/>
            <fprob>0.0</fprob>
        </actor>
        <actor name="D0N11">
            <wcet number="0">110</wcet>
            <wcet number="1">140</wcet>
            <maxpow number="0.8139563674579153"/>
            <maxpow number="0.8139563674579153"/>
            <fprob>0.0</fprob>
        </actor>
        <actor name="D0N36">
            <wcet number="0">30</wcet>
            <wcet number="1">40</wcet>
            <maxpow number="0.6853839756101331"/>
            <maxpow number="0.6853839756101331"/>
            <fprob>0.0</fprob>
        </actor>
        <actor name="D0N10">
            <wcet number="0">60</wcet>
            <wcet number="1">110</wcet>
            <maxpow number="0.5842526768254279"/>
            <maxpow number="0.5842526768254279"/>
            <fprob>0.0</fprob>
        </actor>
        <actor name="D0N16">
            <wcet number="0">70</wcet>
            <wcet number="1">130</wcet>
            <maxpow number="0.42609632448553564"/>
            <maxpow number="0.42609632448553564"/>
            <fprob>0.0</fprob>
        </actor>
        <actor name="D0N8">
            <wcet number="0">50</wcet>
            <wcet number="1">110</wcet>
            <maxpow number="0.36362460441784983"/>
            <maxpow number="0.36362460441784983"/>
            <fprob>0.0</fprob>
        </actor>
        <actor name="D0N18">
            <wcet number="0">10</wcet>
            <wcet number="1">30</wcet>
            <maxpow number="0.5426741958929286"/>
            <maxpow number="0.5426741958929286"/>
            <fprob>0.0</fprob>
        </actor>
        <actor name="D0N30">
            <wcet number="0">40</wcet>
            <wcet number="1">180</wcet>
            <maxpow number="0.49269834447501526"/>
            <maxpow number="0.49269834447501526"/>
            <fprob>0.0</fprob>
        </actor>
        <actor name="D0N2">
            <wcet number="0">10</wcet>
            <wcet number="1">40</wcet>
            <maxpow number="0.5828459096273098"/>
            <maxpow number="0.5828459096273098"/>
            <fprob>0.0</fprob>
        </actor>
        <actor name="D0N34">
            <wcet number="0">10</wcet>
            <wcet number="1">60</wcet>
            <maxpow number="0.49343588801108235"/>
            <maxpow number="0.49343588801108235"/>
            <fprob>0.0</fprob>
        </actor>
        <actor name="D0N0">
            <wcet number="0">60</wcet>
            <wcet number="1">70</wcet>
            <maxpow number="0.2397415090730033"/>
            <maxpow number="0.2397415090730033"/>
            <fprob>0.0</fprob>
        </actor>
        <actor name="D0N15">
            <wcet number="0">20</wcet>
            <wcet number="1">40</wcet>
            <maxpow number="0.49924889312536963"/>
            <maxpow number="0.49924889312536963"/>
            <fprob>0.0</fprob>
        </actor>
        <actor name="D0N29">
            <wcet number="0">30</wcet>
            <wcet number="1">60</wcet>
            <maxpow number="0.6034372809135031"/>
            <maxpow number="0.6034372809135031"/>
            <fprob>0.0</fprob>
        </actor>
        <actor name="D0N4">
            <wcet number="0">10</wcet>
            <wcet number="1">40</wcet>
            <maxpow number="0.6115113647487613"/>
            <maxpow number="0.6115113647487613"/>
            <fprob>0.0</fprob>
        </actor>
        <actor name="D0N14">
            <wcet number="0">10</wcet>
            <wcet number="1">10</wcet>
            <maxpow number="0.441787640007962"/>
            <maxpow number="0.441787640007962"/>
            <fprob>0.0</fprob>
        </actor>
        <actor name="D0N1">
            <wcet number="0">70</wcet>
            <wcet number="1">90</wcet>
            <maxpow number="0.37411540493581785"/>
            <maxpow number="0.37411540493581785"/>
            <fprob>0.0</fprob>
        </actor>
        <actor name="D0N25">
            <wcet number="0">10</wcet>
            <wcet number="1">10</wcet>
            <maxpow number="0.6236521469643591"/>
            <maxpow number="0.6236521469643591"/>
            <fprob>0.0</fprob>
        </actor>
        <actor name="D0N31">
            <wcet number="0">10</wcet>
            <wcet number="1">30</wcet>
            <maxpow number="0.44216197695262294"/>
            <maxpow number="0.44216197695262294"/>
            <fprob>0.0</fprob>
        </actor>
        <actor name="D0N6">
            <wcet number="0">90</wcet>
            <wcet number="1">90</wcet>
            <maxpow number="0.8072258718562996"/>
            <maxpow number="0.8072258718562996"/>
            <fprob>0.0</fprob>
        </actor>
        <actor name="D0N3">
            <wcet number="0">30</wcet>
            <wcet number="1">60</wcet>
            <maxpow number="0.16873436192728547"/>
            <maxpow number="0.16873436192728547"/>
            <fprob>0.0</fprob>
        </actor>
        <actor name="D0N38">
            <wcet number="0">60</wcet>
            <wcet number="1">160</wcet>
            <maxpow number="0.5977629179726635"/>
            <maxpow number="0.5977629179726635"/>
            <fprob>0.0</fprob>
        </actor>
        <actor name="D0N21">
            <wcet number="0">10</wcet>
            <wcet number="1">70</wcet>
            <maxpow number="0.5464077115338473"/>
            <maxpow number="0.5464077115338473"/>
            <fprob>0.0</fprob>
        </actor>
        <actor name="D0N13">
            <wcet number="0">50</wcet>
            <wcet number="1">80</wcet>
            <maxpow number="0.33708066906433604"/>
            <maxpow number="0.33708066906433604"/>
            <fprob>0.0</fprob>
        </actor>
        <actor name="D0N26">
            <wcet number="0">20</wcet>
            <wcet number="1">40</wcet>
            <maxpow number="0.7539930491617715"/>
            <maxpow number="0.7539930491617715"/>
            <fprob>0.0</fprob>
        </actor>
        <actor name="D0N43">
            <wcet number="0">10</wcet>
            <wcet number="1">30</wcet>
            <maxpow number="0.7579319297773457"/>
            <maxpow number="0.7579319297773457"/>
            <fprob>0.0</fprob>
        </actor>
        <actor name="D0N44">
            <wcet number="0">30</wcet>
            <wcet number="1">100</wcet>
            <maxpow number="0.2677561959679468"/>
            <maxpow number="0.2677561959679468"/>
            <fprob>0.0</fprob>
        </actor>
        <actor name="D0N32">
            <wcet number="0">10</wcet>
            <wcet number="1">190</wcet>
            <maxpow number="0.4853827449994976"/>
            <maxpow number="0.4853827449994976"/>
            <fprob>0.0</fprob>
        </actor>
        <actor name="D0N19">
            <wcet number="0">10</wcet>
            <wcet number="1">20</wcet>
            <maxpow number="0.6725719081068346"/>
            <maxpow number="0.6725719081068346"/>
            <fprob>0.0</fprob>
        </actor>
        <actor name="D0N20">
            <wcet number="0">80</wcet>
            <wcet number="1">80</wcet>
            <maxpow number="0.7325252343001593"/>
            <maxpow number="0.7325252343001593"/>
            <fprob>0.0</fprob>
        </actor>
        <actor name="D0N24">
            <wcet number="0">60</wcet>
            <wcet number="1">60</wcet>
            <maxpow number="0.5719816704711308"/>
            <maxpow number="0.5719816704711308"/>
            <fprob>0.0</fprob>
        </actor>
        <actor name="D0N46">
            <wcet number="0">50</wcet>
            <wcet number="1">80</wcet>
            <maxpow number="0.8038276800709028"/>
            <maxpow number="0.8038276800709028"/>
            <fprob>0.0</fprob>
        </actor>
        <actor name="D0N39">
            <wcet number="0">20</wcet>
            <wcet number="1">60</wcet>
            <maxpow number="0.7901133376763084"/>
            <maxpow number="0.7901133376763084"/>
            <fprob>0.0</fprob>
        </actor>
        <actor name="D0N42">
            <wcet number="0">40</wcet>
            <wcet number="1">260</wcet>
            <maxpow number="0.5296228690219891"/>
            <maxpow number="0.5296228690219891"/>
            <fprob>0.0</fprob>
        </actor>
        <actor name="D0N40">
            <wcet number="0">80</wcet>
            <wcet number="1">90</wcet>
            <maxpow number="0.7878556900570985"/>
            <maxpow number="0.7878556900570985"/>
            <fprob>0.0</fprob>
        </actor>
        <actor name="D0N5">
            <wcet number="0">10</wcet>
            <wcet number="1">50</wcet>
            <maxpow number="0.5220125976148978"/>
            <maxpow number="0.5220125976148978"/>
            <fprob>0.0</fprob>
        </actor>
        <actor name="D0N45">
            <wcet number="0">10</wcet>
            <wcet number="1">40</wcet>
            <maxpow number="0.7801552018600766"/>
            <maxpow number="0.7801552018600766"/>
            <fprob>0.0</fprob>
        </actor>
        <actor name="D0N9">
            <wcet number="0">40</wcet>
            <wcet number="1">120</wcet>
            <maxpow number="0.45523351309183524"/>
            <maxpow number="0.45523351309183524"/>
            <fprob>0.0</fprob>
        </actor>
        <actor name="D0N12">
            <wcet number="0">20</wcet>
            <wcet number="1">30</wcet>
            <maxpow number="0.4362058010462442"/>
            <maxpow number="0.4362058010462442"/>
            <fprob>0.0</fprob>
        </actor>
        <actor name="D0N27">
            <wcet number="0">30</wcet>
            <wcet number="1">100</wcet>
            <maxpow number="0.39346403993627843"/>
            <maxpow number="0.39346403993627843"/>
            <fprob>0.0</fprob>
        </actor>
        <actor name="D0N35">
            <wcet number="0">20</wcet>
            <wcet number="1">50</wcet>
            <maxpow number="0.8169803306297604"/>
            <maxpow number="0.8169803306297604"/>
            <fprob>0.0</fprob>
        </actor>
        <actor name="D0N28">
            <wcet number="0">30</wcet>
            <wcet number="1">90</wcet>
            <maxpow number="0.43111599979971393"/>
            <maxpow number="0.43111599979971393"/>
            <fprob>0.0</fprob>
        </actor>
        <actor name="D0N41">
            <wcet number="0">10</wcet>
            <wcet number="1">10</wcet>
            <maxpow number="0.5179191460000924"/>
            <maxpow number="0.5179191460000924"/>
            <fprob>0.0</fprob>
        </actor>
        <actor name="D0N33">
            <wcet number="0">60</wcet>
            <wcet number="1">70</wcet>
            <maxpow number="0.3457810482050261"/>
            <maxpow number="0.3457810482050261"/>
            <fprob>0.0</fprob>
        </actor>
        <ports>
            <port dstActor="D0N27" name="p0" srcActor="D0N17"/>
            <port dstActor="D0N37" name="p1" srcActor="D0N17"/>
            <port dstActor="D0N45" name="p2" srcActor="D0N17"/>
            <port dstActor="D0N35" name="p3" srcActor="D0N17"/>
            <port dstActor="D0N29" name="p4" srcActor="D0N23"/>
            <port dstActor="D0N26" name="p5" srcActor="D0N7"/>
            <port dstActor="D0N32" name="p6" srcActor="D0N7"/>
            <port dstActor="D0N26" name="p7" srcActor="D0N22"/>
            <port dstActor="D0N25" name="p8" srcActor="D0N11"/>
            <port dstActor="D0N37" name="p9" srcActor="D0N11"/>
            <port dstActor="D0N26" name="p10" srcActor="D0N10"/>
            <port dstActor="D0N18" name="p11" srcActor="D0N10"/>
            <port dstActor="D0N17" name="p12" srcActor="D0N10"/>
            <port dstActor="D0N21" name="p13" srcActor="D0N10"/>
            <port dstActor="D0N27" name="p14" srcActor="D0N16"/>
            <port dstActor="D0N30" name="p15" srcActor="D0N16"/>
            <port dstActor="D0N39" name="p16" srcActor="D0N16"/>
            <port dstActor="D0N41" name="p17" srcActor="D0N16"/>
            <port dstActor="D0N19" name="p18" srcActor="D0N16"/>
            <port dstActor="D0N46" name="p19" srcActor="D0N16"/>
            <port dstActor="D0N46" name="p20" srcActor="D0N8"/>
            <port dstActor="D0N9" name="p21" srcActor="D0N8"/>
            <port dstActor="D0N13" name="p22" srcActor="D0N8"/>
            <port dstActor="D0N24" name="p23" srcActor="D0N8"/>
            <port dstActor="D0N34" name="p24" srcActor="D0N18"/>
            <port dstActor="D0N24" name="p25" srcActor="D0N18"/>
            <port dstActor="D0N41" name="p26" srcActor="D0N30"/>
            <port dstActor="D0N40" name="p27" srcActor="D0N30"/>
            <port dstActor="D0N34" name="p28" srcActor="D0N30"/>
            <port dstActor="D0N38" name="p29" srcActor="D0N30"/>
            <port dstActor="D0N15" name="p30" srcActor="D0N2"/>
            <port dstActor="D0N35" name="p31" srcActor="D0N2"/>
            <port dstActor="D0N38" name="p32" srcActor="D0N2"/>
            <port dstActor="D0N41" name="p33" srcActor="D0N34"/>
            <port dstActor="D0N40" name="p34" srcActor="D0N34"/>
            <port dstActor="D0N37" name="p35" srcActor="D0N15"/>
            <port dstActor="D0N39" name="p36" srcActor="D0N29"/>
            <port dstActor="D0N45" name="p37" srcActor="D0N29"/>
            <port dstActor="D0N19" name="p38" srcActor="D0N4"/>
            <port dstActor="D0N35" name="p39" srcActor="D0N4"/>
            <port dstActor="D0N11" name="p40" srcActor="D0N4"/>
            <port dstActor="D0N15" name="p41" srcActor="D0N4"/>
            <port dstActor="D0N22" name="p42" srcActor="D0N4"/>
            <port dstActor="D0N12" name="p43" srcActor="D0N4"/>
            <port dstActor="D0N37" name="p44" srcActor="D0N14"/>
            <port dstActor="D0N43" name="p45" srcActor="D0N14"/>
            <port dstActor="D0N23" name="p46" srcActor="D0N14"/>
            <port dstActor="D0N15" name="p47" srcActor="D0N14"/>
            <port dstActor="D0N22" name="p48" srcActor="D0N1"/>
            <port dstActor="D0N44" name="p49" srcActor="D0N1"/>
            <port dstActor="D0N46" name="p50" srcActor="D0N1"/>
            <port dstActor="D0N7" name="p51" srcActor="D0N1"/>
            <port dstActor="D0N17" name="p52" srcActor="D0N1"/>
            <port dstActor="D0N19" name="p53" srcActor="D0N1"/>
            <port dstActor="D0N35" name="p54" srcActor="D0N1"/>
            <port dstActor="D0N29" name="p55" srcActor="D0N1"/>
            <port dstActor="D0N31" name="p56" srcActor="D0N25"/>
            <port dstActor="D0N32" name="p57" srcActor="D0N25"/>
            <port dstActor="D0N28" name="p58" srcActor="D0N25"/>
            <port dstActor="D0N37" name="p59" srcActor="D0N25"/>
            <port dstActor="D0N36" name="p60" srcActor="D0N31"/>
            <port dstActor="D0N37" name="p61" srcActor="D0N3"/>
            <port dstActor="D0N43" name="p62" srcActor="D0N3"/>
            <port dstActor="D0N7" name="p63" srcActor="D0N3"/>
            <port dstActor="D0N26" name="p64" srcActor="D0N3"/>
            <port dstActor="D0N24" name="p65" srcActor="D0N3"/>
            <port dstActor="D0N30" name="p66" srcActor="D0N3"/>
            <port dstActor="D0N34" name="p67" srcActor="D0N3"/>
            <port dstActor="D0N42" name="p68" srcActor="D0N38"/>
            <port dstActor="D0N43" name="p69" srcActor="D0N38"/>
            <port dstActor="D0N25" name="p70" srcActor="D0N21"/>
            <port dstActor="D0N42" name="p71" srcActor="D0N21"/>
            <port dstActor="D0N34" name="p72" srcActor="D0N21"/>
            <port dstActor="D0N45" name="p73" srcActor="D0N21"/>
            <port dstActor="D0N35" name="p74" srcActor="D0N21"/>
            <port dstActor="D0N23" name="p75" srcActor="D0N13"/>
            <port dstActor="D0N36" name="p76" srcActor="D0N13"/>
            <port dstActor="D0N25" name="p77" srcActor="D0N13"/>
            <port dstActor="D0N30" name="p78" srcActor="D0N13"/>
            <port dstActor="D0N26" name="p79" srcActor="D0N13"/>
            <port dstActor="D0N42" name="p80" srcActor="D0N26"/>
            <port dstActor="D0N44" name="p81" srcActor="D0N26"/>
            <port dstActor="D0N28" name="p82" srcActor="D0N26"/>
            <port dstActor="D0N35" name="p83" srcActor="D0N32"/>
            <port dstActor="D0N26" name="p84" srcActor="D0N19"/>
            <port dstActor="D0N29" name="p85" srcActor="D0N19"/>
            <port dstActor="D0N32" name="p86" srcActor="D0N19"/>
            <port dstActor="D0N45" name="p87" srcActor="D0N19"/>
            <port dstActor="D0N34" name="p88" srcActor="D0N20"/>
            <port dstActor="D0N37" name="p89" srcActor="D0N20"/>
            <port dstActor="D0N45" name="p90" srcActor="D0N20"/>
            <port dstActor="D0N34" name="p91" srcActor="D0N24"/>
            <port dstActor="D0N38" name="p92" srcActor="D0N24"/>
            <port dstActor="D0N43" name="p93" srcActor="D0N24"/>
            <port dstActor="D0N46" name="p94" srcActor="D0N39"/>
            <port dstActor="D0N41" name="p95" srcActor="D0N39"/>
            <port dstActor="D0N45" name="p96" srcActor="D0N39"/>
            <port dstActor="D0N44" name="p97" srcActor="D0N42"/>
            <port dstActor="D0N33" name="p98" srcActor="D0N5"/>
            <port dstActor="D0N20" name="p99" srcActor="D0N5"/>
            <port dstActor="D0N10" name="p100" srcActor="D0N5"/>
            <port dstActor="D0N15" name="p101" srcActor="D0N5"/>
            <port dstActor="D0N11" name="p102" srcActor="D0N9"/>
            <port dstActor="D0N16" name="p103" srcActor="D0N9"/>
            <port dstActor="D0N22" name="p104" srcActor="D0N9"/>
            <port dstActor="D0N30" name="p105" srcActor="D0N9"/>
            <port dstActor="D0N26" name="p106" srcActor="D0N12"/>
            <port dstActor="D0N28" name="p107" srcActor="D0N12"/>
            <port dstActor="D0N42" name="p108" srcActor="D0N12"/>
            <port dstActor="D0N29" name="p109" srcActor="D0N12"/>
            <port dstActor="D0N46" name="p110" srcActor="D0N27"/>
            <port dstActor="D0N38" name="p111" srcActor="D0N27"/>
            <port dstActor="D0N34" name="p112" srcActor="D0N27"/>
            <port dstActor="D0N42" name="p113" srcActor="D0N35"/>
            <port dstActor="D0N31" name="p114" srcActor="D0N28"/>
            <port dstActor="D0N36" name="p115" srcActor="D0N33"/>
        </ports>
    </mcdag>
    <cores number="3"/>
    <levels number="2"/>
</mcsystem>
