<?xml version="1.0" encoding="UTF-8" standalone="no"?>
<mcsystem>
    <mcdag deadline="2000" name="genned-0-ed-10.0-0">
        <actor name="D0N12">
            <wcet number="0">120</wcet>
            <wcet number="1">240</wcet>
            <maxpow number="0.6837952809549749"/>
            <maxpow number="0.6837952809549749"/>
            <fprob>0.0</fprob>
        </actor>
        <actor name="D0N39">
            <wcet number="0">10</wcet>
            <wcet number="1">120</wcet>
            <maxpow number="0.3938811259233457"/>
            <maxpow number="0.3938811259233457"/>
            <fprob>0.0</fprob>
        </actor>
        <actor name="D0N10">
            <wcet number="0">80</wcet>
            <wcet number="1">100</wcet>
            <maxpow number="0.24166976527003525"/>
            <maxpow number="0.24166976527003525"/>
            <fprob>0.0</fprob>
        </actor>
        <actor name="D0N9">
            <wcet number="0">50</wcet>
            <wcet number="1">50</wcet>
            <maxpow number="0.4561988065935404"/>
            <maxpow number="0.4561988065935404"/>
            <fprob>0.0</fprob>
        </actor>
        <actor name="D0N38">
            <wcet number="0">20</wcet>
            <wcet number="1">30</wcet>
            <maxpow number="0.373407221247847"/>
            <maxpow number="0.373407221247847"/>
            <fprob>0.0</fprob>
        </actor>
        <actor name="D0N15">
            <wcet number="0">10</wcet>
            <wcet number="1">180</wcet>
            <maxpow number="0.46076114082289144"/>
            <maxpow number="0.46076114082289144"/>
            <fprob>0.0</fprob>
        </actor>
        <actor name="D0N49">
            <wcet number="0">40</wcet>
            <wcet number="1">110</wcet>
            <maxpow number="0.6418900610009051"/>
            <maxpow number="0.6418900610009051"/>
            <fprob>0.0</fprob>
        </actor>
        <actor name="D0N17">
            <wcet number="0">10</wcet>
            <wcet number="1">40</wcet>
            <maxpow number="0.49967308826271"/>
            <maxpow number="0.49967308826271"/>
            <fprob>0.0</fprob>
        </actor>
        <actor name="D0N33">
            <wcet number="0">30</wcet>
            <wcet number="1">70</wcet>
            <maxpow number="0.6444949236198453"/>
            <maxpow number="0.6444949236198453"/>
            <fprob>0.0</fprob>
        </actor>
        <actor name="D0N40">
            <wcet number="0">210</wcet>
            <wcet number="1">240</wcet>
            <maxpow number="0.6962336083311795"/>
            <maxpow number="0.6962336083311795"/>
            <fprob>0.0</fprob>
        </actor>
        <actor name="D0N11">
            <wcet number="0">220</wcet>
            <wcet number="1">220</wcet>
            <maxpow number="0.46163953961414406"/>
            <maxpow number="0.46163953961414406"/>
            <fprob>0.0</fprob>
        </actor>
        <actor name="D0N21">
            <wcet number="0">10</wcet>
            <wcet number="1">30</wcet>
            <maxpow number="0.47991226621825855"/>
            <maxpow number="0.47991226621825855"/>
            <fprob>0.0</fprob>
        </actor>
        <actor name="D0N19">
            <wcet number="0">10</wcet>
            <wcet number="1">30</wcet>
            <maxpow number="0.6937533230381897"/>
            <maxpow number="0.6937533230381897"/>
            <fprob>0.0</fprob>
        </actor>
        <actor name="D0N45">
            <wcet number="0">130</wcet>
            <wcet number="1">200</wcet>
            <maxpow number="0.5451021625063439"/>
            <maxpow number="0.5451021625063439"/>
            <fprob>0.0</fprob>
        </actor>
        <actor name="D0N29">
            <wcet number="0">10</wcet>
            <wcet number="1">10</wcet>
            <maxpow number="0.5190624821738157"/>
            <maxpow number="0.5190624821738157"/>
            <fprob>0.0</fprob>
        </actor>
        <actor name="D0N41">
            <wcet number="0">20</wcet>
            <wcet number="1">20</wcet>
            <maxpow number="0.6249839091723113"/>
            <maxpow number="0.6249839091723113"/>
            <fprob>0.0</fprob>
        </actor>
        <actor name="D0N43">
            <wcet number="0">10</wcet>
            <wcet number="1">20</wcet>
            <maxpow number="0.3222044624758982"/>
            <maxpow number="0.3222044624758982"/>
            <fprob>0.0</fprob>
        </actor>
        <actor name="D0N44">
            <wcet number="0">40</wcet>
            <wcet number="1">70</wcet>
            <maxpow number="0.6489094359317346"/>
            <maxpow number="0.6489094359317346"/>
            <fprob>0.0</fprob>
        </actor>
        <actor name="D0N20">
            <wcet number="0">20</wcet>
            <wcet number="1">20</wcet>
            <maxpow number="0.3149863080360797"/>
            <maxpow number="0.3149863080360797"/>
            <fprob>0.0</fprob>
        </actor>
        <actor name="D0N26">
            <wcet number="0">20</wcet>
            <wcet number="1">30</wcet>
            <maxpow number="0.6292945702088357"/>
            <maxpow number="0.6292945702088357"/>
            <fprob>0.0</fprob>
        </actor>
        <actor name="D0N6">
            <wcet number="0">20</wcet>
            <wcet number="1">80</wcet>
            <maxpow number="0.874034315632122"/>
            <maxpow number="0.874034315632122"/>
            <fprob>0.0</fprob>
        </actor>
        <actor name="D0N3">
            <wcet number="0">20</wcet>
            <wcet number="1">20</wcet>
            <maxpow number="0.5433081465762568"/>
            <maxpow number="0.5433081465762568"/>
            <fprob>0.0</fprob>
        </actor>
        <actor name="D0N30">
            <wcet number="0">20</wcet>
            <wcet number="1">130</wcet>
            <maxpow number="0.2531519981670812"/>
            <maxpow number="0.2531519981670812"/>
            <fprob>0.0</fprob>
        </actor>
        <actor name="D0N42">
            <wcet number="0">10</wcet>
            <wcet number="1">10</wcet>
            <maxpow number="0.6722085619546446"/>
            <maxpow number="0.6722085619546446"/>
            <fprob>0.0</fprob>
        </actor>
        <actor name="D0N34">
            <wcet number="0">30</wcet>
            <wcet number="1">50</wcet>
            <maxpow number="0.37141329877569546"/>
            <maxpow number="0.37141329877569546"/>
            <fprob>0.0</fprob>
        </actor>
        <actor name="D0N4">
            <wcet number="0">260</wcet>
            <wcet number="1">320</wcet>
            <maxpow number="0.5599297405506323"/>
            <maxpow number="0.5599297405506323"/>
            <fprob>0.0</fprob>
        </actor>
        <actor name="D0N35">
            <wcet number="0">130</wcet>
            <wcet number="1">250</wcet>
            <maxpow number="0.40525355885992664"/>
            <maxpow number="0.40525355885992664"/>
            <fprob>0.0</fprob>
        </actor>
        <actor name="D0N28">
            <wcet number="0">30</wcet>
            <wcet number="1">80</wcet>
            <maxpow number="0.5655589153512468"/>
            <maxpow number="0.5655589153512468"/>
            <fprob>0.0</fprob>
        </actor>
        <actor name="D0N18">
            <wcet number="0">10</wcet>
            <wcet number="1">10</wcet>
            <maxpow number="0.3222540100462604"/>
            <maxpow number="0.3222540100462604"/>
            <fprob>0.0</fprob>
        </actor>
        <actor name="D0N27">
            <wcet number="0">30</wcet>
            <wcet number="1">30</wcet>
            <maxpow number="0.6570080186937091"/>
            <maxpow number="0.6570080186937091"/>
            <fprob>0.0</fprob>
        </actor>
        <actor name="D0N46">
            <wcet number="0">10</wcet>
            <wcet number="1">200</wcet>
            <maxpow number="0.6083532162529603"/>
            <maxpow number="0.6083532162529603"/>
            <fprob>0.0</fprob>
        </actor>
        <actor name="D0N13">
            <wcet number="0">50</wcet>
            <wcet number="1">60</wcet>
            <maxpow number="0.7251851764489161"/>
            <maxpow number="0.7251851764489161"/>
            <fprob>0.0</fprob>
        </actor>
        <actor name="D0N5">
            <wcet number="0">80</wcet>
            <wcet number="1">220</wcet>
            <maxpow number="0.7054454169415852"/>
            <maxpow number="0.7054454169415852"/>
            <fprob>0.0</fprob>
        </actor>
        <actor name="D0N24">
            <wcet number="0">100</wcet>
            <wcet number="1">110</wcet>
            <maxpow number="0.47325524824356835"/>
            <maxpow number="0.47325524824356835"/>
            <fprob>0.0</fprob>
        </actor>
        <actor name="D0N48">
            <wcet number="0">10</wcet>
            <wcet number="1">200</wcet>
            <maxpow number="0.9763759293562363"/>
            <maxpow number="0.9763759293562363"/>
            <fprob>0.0</fprob>
        </actor>
        <actor name="D0N31">
            <wcet number="0">20</wcet>
            <wcet number="1">50</wcet>
            <maxpow number="0.22905316976835338"/>
            <maxpow number="0.22905316976835338"/>
            <fprob>0.0</fprob>
        </actor>
        <actor name="D0N14">
            <wcet number="0">90</wcet>
            <wcet number="1">140</wcet>
            <maxpow number="0.8541200857603175"/>
            <maxpow number="0.8541200857603175"/>
            <fprob>0.0</fprob>
        </actor>
        <actor name="D0N36">
            <wcet number="0">50</wcet>
            <wcet number="1">150</wcet>
            <maxpow number="0.9633983225397484"/>
            <maxpow number="0.9633983225397484"/>
            <fprob>0.0</fprob>
        </actor>
        <actor name="D0N22">
            <wcet number="0">30</wcet>
            <wcet number="1">90</wcet>
            <maxpow number="0.5199165737029571"/>
            <maxpow number="0.5199165737029571"/>
            <fprob>0.0</fprob>
        </actor>
        <actor name="D0N23">
            <wcet number="0">30</wcet>
            <wcet number="1">80</wcet>
            <maxpow number="0.7934845261091956"/>
            <maxpow number="0.7934845261091956"/>
            <fprob>0.0</fprob>
        </actor>
        <actor name="D0N25">
            <wcet number="0">10</wcet>
            <wcet number="1">50</wcet>
            <maxpow number="0.6535434291871862"/>
            <maxpow number="0.6535434291871862"/>
            <fprob>0.0</fprob>
        </actor>
        <actor name="D0N7">
            <wcet number="0">50</wcet>
            <wcet number="1">150</wcet>
            <maxpow number="0.5945694549456393"/>
            <maxpow number="0.5945694549456393"/>
            <fprob>0.0</fprob>
        </actor>
        <actor name="D0N1">
            <wcet number="0">10</wcet>
            <wcet number="1">50</wcet>
            <maxpow number="0.7517572338246097"/>
            <maxpow number="0.7517572338246097"/>
            <fprob>0.0</fprob>
        </actor>
        <actor name="D0N0">
            <wcet number="0">50</wcet>
            <wcet number="1">60</wcet>
            <maxpow number="0.25077086184039177"/>
            <maxpow number="0.25077086184039177"/>
            <fprob>0.0</fprob>
        </actor>
        <actor name="D0N16">
            <wcet number="0">10</wcet>
            <wcet number="1">10</wcet>
            <maxpow number="0.7154164042443008"/>
            <maxpow number="0.7154164042443008"/>
            <fprob>0.0</fprob>
        </actor>
        <actor name="D0N37">
            <wcet number="0">20</wcet>
            <wcet number="1">50</wcet>
            <maxpow number="0.37056961226948637"/>
            <maxpow number="0.37056961226948637"/>
            <fprob>0.0</fprob>
        </actor>
        <actor name="D0N8">
            <wcet number="0">120</wcet>
            <wcet number="1">190</wcet>
            <maxpow number="0.3765239533208736"/>
            <maxpow number="0.3765239533208736"/>
            <fprob>0.0</fprob>
        </actor>
        <actor name="D0N32">
            <wcet number="0">10</wcet>
            <wcet number="1">70</wcet>
            <maxpow number="0.7028554706259733"/>
            <maxpow number="0.7028554706259733"/>
            <fprob>0.0</fprob>
        </actor>
        <actor name="D0N2">
            <wcet number="0">30</wcet>
            <wcet number="1">30</wcet>
            <maxpow number="0.8516423896908188"/>
            <maxpow number="0.8516423896908188"/>
            <fprob>0.0</fprob>
        </actor>
        <actor name="D0N47">
            <wcet number="0">10</wcet>
            <wcet number="1">30</wcet>
            <maxpow number="0.3858620015491019"/>
            <maxpow number="0.3858620015491019"/>
            <fprob>0.0</fprob>
        </actor>
        <ports>
            <port dstActor="D0N28" name="p0" srcActor="D0N12"/>
            <port dstActor="D0N21" name="p1" srcActor="D0N12"/>
            <port dstActor="D0N49" name="p2" srcActor="D0N9"/>
            <port dstActor="D0N45" name="p3" srcActor="D0N38"/>
            <port dstActor="D0N49" name="p4" srcActor="D0N38"/>
            <port dstActor="D0N19" name="p5" srcActor="D0N15"/>
            <port dstActor="D0N45" name="p6" srcActor="D0N15"/>
            <port dstActor="D0N47" name="p7" srcActor="D0N15"/>
            <port dstActor="D0N42" name="p8" srcActor="D0N15"/>
            <port dstActor="D0N49" name="p9" srcActor="D0N17"/>
            <port dstActor="D0N46" name="p10" srcActor="D0N17"/>
            <port dstActor="D0N19" name="p11" srcActor="D0N17"/>
            <port dstActor="D0N30" name="p12" srcActor="D0N17"/>
            <port dstActor="D0N39" name="p13" srcActor="D0N33"/>
            <port dstActor="D0N43" name="p14" srcActor="D0N40"/>
            <port dstActor="D0N43" name="p15" srcActor="D0N11"/>
            <port dstActor="D0N33" name="p16" srcActor="D0N11"/>
            <port dstActor="D0N12" name="p17" srcActor="D0N11"/>
            <port dstActor="D0N24" name="p18" srcActor="D0N21"/>
            <port dstActor="D0N41" name="p19" srcActor="D0N21"/>
            <port dstActor="D0N41" name="p20" srcActor="D0N19"/>
            <port dstActor="D0N39" name="p21" srcActor="D0N19"/>
            <port dstActor="D0N36" name="p22" srcActor="D0N19"/>
            <port dstActor="D0N32" name="p23" srcActor="D0N19"/>
            <port dstActor="D0N46" name="p24" srcActor="D0N19"/>
            <port dstActor="D0N47" name="p25" srcActor="D0N45"/>
            <port dstActor="D0N39" name="p26" srcActor="D0N29"/>
            <port dstActor="D0N41" name="p27" srcActor="D0N29"/>
            <port dstActor="D0N21" name="p28" srcActor="D0N20"/>
            <port dstActor="D0N40" name="p29" srcActor="D0N20"/>
            <port dstActor="D0N36" name="p30" srcActor="D0N20"/>
            <port dstActor="D0N45" name="p31" srcActor="D0N20"/>
            <port dstActor="D0N39" name="p32" srcActor="D0N20"/>
            <port dstActor="D0N45" name="p33" srcActor="D0N26"/>
            <port dstActor="D0N49" name="p34" srcActor="D0N26"/>
            <port dstActor="D0N44" name="p35" srcActor="D0N26"/>
            <port dstActor="D0N27" name="p36" srcActor="D0N6"/>
            <port dstActor="D0N17" name="p37" srcActor="D0N6"/>
            <port dstActor="D0N43" name="p38" srcActor="D0N6"/>
            <port dstActor="D0N47" name="p39" srcActor="D0N6"/>
            <port dstActor="D0N33" name="p40" srcActor="D0N3"/>
            <port dstActor="D0N48" name="p41" srcActor="D0N3"/>
            <port dstActor="D0N23" name="p42" srcActor="D0N3"/>
            <port dstActor="D0N41" name="p43" srcActor="D0N30"/>
            <port dstActor="D0N43" name="p44" srcActor="D0N42"/>
            <port dstActor="D0N38" name="p45" srcActor="D0N34"/>
            <port dstActor="D0N6" name="p46" srcActor="D0N4"/>
            <port dstActor="D0N23" name="p47" srcActor="D0N4"/>
            <port dstActor="D0N33" name="p48" srcActor="D0N4"/>
            <port dstActor="D0N30" name="p49" srcActor="D0N28"/>
            <port dstActor="D0N34" name="p50" srcActor="D0N28"/>
            <port dstActor="D0N34" name="p51" srcActor="D0N18"/>
            <port dstActor="D0N37" name="p52" srcActor="D0N18"/>
            <port dstActor="D0N47" name="p53" srcActor="D0N18"/>
            <port dstActor="D0N27" name="p54" srcActor="D0N18"/>
            <port dstActor="D0N49" name="p55" srcActor="D0N46"/>
            <port dstActor="D0N42" name="p56" srcActor="D0N13"/>
            <port dstActor="D0N29" name="p57" srcActor="D0N13"/>
            <port dstActor="D0N44" name="p58" srcActor="D0N13"/>
            <port dstActor="D0N22" name="p59" srcActor="D0N5"/>
            <port dstActor="D0N8" name="p60" srcActor="D0N5"/>
            <port dstActor="D0N21" name="p61" srcActor="D0N5"/>
            <port dstActor="D0N12" name="p62" srcActor="D0N5"/>
            <port dstActor="D0N27" name="p63" srcActor="D0N24"/>
            <port dstActor="D0N37" name="p64" srcActor="D0N24"/>
            <port dstActor="D0N17" name="p65" srcActor="D0N14"/>
            <port dstActor="D0N36" name="p66" srcActor="D0N14"/>
            <port dstActor="D0N22" name="p67" srcActor="D0N14"/>
            <port dstActor="D0N32" name="p68" srcActor="D0N14"/>
            <port dstActor="D0N44" name="p69" srcActor="D0N14"/>
            <port dstActor="D0N44" name="p70" srcActor="D0N22"/>
            <port dstActor="D0N30" name="p71" srcActor="D0N22"/>
            <port dstActor="D0N45" name="p72" srcActor="D0N22"/>
            <port dstActor="D0N33" name="p73" srcActor="D0N22"/>
            <port dstActor="D0N36" name="p74" srcActor="D0N22"/>
            <port dstActor="D0N31" name="p75" srcActor="D0N23"/>
            <port dstActor="D0N40" name="p76" srcActor="D0N23"/>
            <port dstActor="D0N37" name="p77" srcActor="D0N25"/>
            <port dstActor="D0N42" name="p78" srcActor="D0N25"/>
            <port dstActor="D0N31" name="p79" srcActor="D0N25"/>
            <port dstActor="D0N33" name="p80" srcActor="D0N25"/>
            <port dstActor="D0N43" name="p81" srcActor="D0N25"/>
            <port dstActor="D0N48" name="p82" srcActor="D0N25"/>
            <port dstActor="D0N38" name="p83" srcActor="D0N7"/>
            <port dstActor="D0N36" name="p84" srcActor="D0N7"/>
            <port dstActor="D0N39" name="p85" srcActor="D0N7"/>
            <port dstActor="D0N20" name="p86" srcActor="D0N7"/>
            <port dstActor="D0N35" name="p87" srcActor="D0N7"/>
            <port dstActor="D0N29" name="p88" srcActor="D0N7"/>
            <port dstActor="D0N19" name="p89" srcActor="D0N1"/>
            <port dstActor="D0N8" name="p90" srcActor="D0N1"/>
            <port dstActor="D0N3" name="p91" srcActor="D0N0"/>
            <port dstActor="D0N29" name="p92" srcActor="D0N0"/>
            <port dstActor="D0N39" name="p93" srcActor="D0N0"/>
            <port dstActor="D0N15" name="p94" srcActor="D0N0"/>
            <port dstActor="D0N12" name="p95" srcActor="D0N0"/>
            <port dstActor="D0N28" name="p96" srcActor="D0N0"/>
            <port dstActor="D0N35" name="p97" srcActor="D0N16"/>
            <port dstActor="D0N27" name="p98" srcActor="D0N16"/>
            <port dstActor="D0N26" name="p99" srcActor="D0N16"/>
            <port dstActor="D0N44" name="p100" srcActor="D0N16"/>
            <port dstActor="D0N36" name="p101" srcActor="D0N16"/>
            <port dstActor="D0N31" name="p102" srcActor="D0N16"/>
            <port dstActor="D0N42" name="p103" srcActor="D0N37"/>
            <port dstActor="D0N41" name="p104" srcActor="D0N37"/>
            <port dstActor="D0N10" name="p105" srcActor="D0N8"/>
            <port dstActor="D0N32" name="p106" srcActor="D0N8"/>
            <port dstActor="D0N42" name="p107" srcActor="D0N8"/>
            <port dstActor="D0N20" name="p108" srcActor="D0N8"/>
            <port dstActor="D0N25" name="p109" srcActor="D0N8"/>
            <port dstActor="D0N20" name="p110" srcActor="D0N2"/>
            <port dstActor="D0N49" name="p111" srcActor="D0N2"/>
            <port dstActor="D0N45" name="p112" srcActor="D0N2"/>
        </ports>
    </mcdag>
    <cores number="3"/>
    <levels number="2"/>
</mcsystem>
