<?xml version="1.0" encoding="UTF-8" standalone="no"?>
<mcsystem>
    <mcdag deadline="1000" name="genned-0-ed-10.0-0">
        <actor name="D0N27">
            <wcet number="0">30</wcet>
            <wcet number="1">30</wcet>
            <maxpow number="0.9549780435167434"/>
            <maxpow number="0.9549780435167434"/>
            <fprob>0.0</fprob>
        </actor>
        <actor name="D0N40">
            <wcet number="0">20</wcet>
            <wcet number="1">60</wcet>
            <maxpow number="0.7758397401947353"/>
            <maxpow number="0.7758397401947353"/>
            <fprob>0.0</fprob>
        </actor>
        <actor name="D0N29">
            <wcet number="0">20</wcet>
            <wcet number="1">60</wcet>
            <maxpow number="0.6622224673149103"/>
            <maxpow number="0.6622224673149103"/>
            <fprob>0.0</fprob>
        </actor>
        <actor name="D0N16">
            <wcet number="0">130</wcet>
            <wcet number="1">190</wcet>
            <maxpow number="0.49872935405968716"/>
            <maxpow number="0.49872935405968716"/>
            <fprob>0.0</fprob>
        </actor>
        <actor name="D0N23">
            <wcet number="0">30</wcet>
            <wcet number="1">40</wcet>
            <maxpow number="0.6693895400022318"/>
            <maxpow number="0.6693895400022318"/>
            <fprob>0.0</fprob>
        </actor>
        <actor name="D0N18">
            <wcet number="0">40</wcet>
            <wcet number="1">40</wcet>
            <maxpow number="0.45635758641077884"/>
            <maxpow number="0.45635758641077884"/>
            <fprob>0.0</fprob>
        </actor>
        <actor name="D0N19">
            <wcet number="0">10</wcet>
            <wcet number="1">50</wcet>
            <maxpow number="0.707530580259762"/>
            <maxpow number="0.707530580259762"/>
            <fprob>0.0</fprob>
        </actor>
        <actor name="D0N15">
            <wcet number="0">50</wcet>
            <wcet number="1">80</wcet>
            <maxpow number="0.22957996431418232"/>
            <maxpow number="0.22957996431418232"/>
            <fprob>0.0</fprob>
        </actor>
        <actor name="D0N26">
            <wcet number="0">50</wcet>
            <wcet number="1">70</wcet>
            <maxpow number="0.36929719115629744"/>
            <maxpow number="0.36929719115629744"/>
            <fprob>0.0</fprob>
        </actor>
        <actor name="D0N39">
            <wcet number="0">20</wcet>
            <wcet number="1">70</wcet>
            <maxpow number="0.5906388810174091"/>
            <maxpow number="0.5906388810174091"/>
            <fprob>0.0</fprob>
        </actor>
        <actor name="D0N25">
            <wcet number="0">40</wcet>
            <wcet number="1">50</wcet>
            <maxpow number="0.5955236033931964"/>
            <maxpow number="0.5955236033931964"/>
            <fprob>0.0</fprob>
        </actor>
        <actor name="D0N14">
            <wcet number="0">20</wcet>
            <wcet number="1">80</wcet>
            <maxpow number="0.6452851369030002"/>
            <maxpow number="0.6452851369030002"/>
            <fprob>0.0</fprob>
        </actor>
        <actor name="D0N38">
            <wcet number="0">20</wcet>
            <wcet number="1">40</wcet>
            <maxpow number="0.5602619375340491"/>
            <maxpow number="0.5602619375340491"/>
            <fprob>0.0</fprob>
        </actor>
        <actor name="D0N42">
            <wcet number="0">50</wcet>
            <wcet number="1">100</wcet>
            <maxpow number="0.45483331852579956"/>
            <maxpow number="0.45483331852579956"/>
            <fprob>0.0</fprob>
        </actor>
        <actor name="D0N30">
            <wcet number="0">10</wcet>
            <wcet number="1">30</wcet>
            <maxpow number="0.5641640375242621"/>
            <maxpow number="0.5641640375242621"/>
            <fprob>0.0</fprob>
        </actor>
        <actor name="D0N8">
            <wcet number="0">30</wcet>
            <wcet number="1">60</wcet>
            <maxpow number="0.5892642372842744"/>
            <maxpow number="0.5892642372842744"/>
            <fprob>0.0</fprob>
        </actor>
        <actor name="D0N37">
            <wcet number="0">10</wcet>
            <wcet number="1">20</wcet>
            <maxpow number="0.8923023376860861"/>
            <maxpow number="0.8923023376860861"/>
            <fprob>0.0</fprob>
        </actor>
        <actor name="D0N28">
            <wcet number="0">10</wcet>
            <wcet number="1">50</wcet>
            <maxpow number="0.5501871584801342"/>
            <maxpow number="0.5501871584801342"/>
            <fprob>0.0</fprob>
        </actor>
        <actor name="D0N4">
            <wcet number="0">20</wcet>
            <wcet number="1">20</wcet>
            <maxpow number="0.6293859702822251"/>
            <maxpow number="0.6293859702822251"/>
            <fprob>0.0</fprob>
        </actor>
        <actor name="D0N5">
            <wcet number="0">10</wcet>
            <wcet number="1">20</wcet>
            <maxpow number="0.859203085599156"/>
            <maxpow number="0.859203085599156"/>
            <fprob>0.0</fprob>
        </actor>
        <actor name="D0N11">
            <wcet number="0">10</wcet>
            <wcet number="1">10</wcet>
            <maxpow number="0.5110681095133909"/>
            <maxpow number="0.5110681095133909"/>
            <fprob>0.0</fprob>
        </actor>
        <actor name="D0N10">
            <wcet number="0">30</wcet>
            <wcet number="1">80</wcet>
            <maxpow number="0.6382657425398434"/>
            <maxpow number="0.6382657425398434"/>
            <fprob>0.0</fprob>
        </actor>
        <actor name="D0N31">
            <wcet number="0">10</wcet>
            <wcet number="1">10</wcet>
            <maxpow number="0.4110362640484778"/>
            <maxpow number="0.4110362640484778"/>
            <fprob>0.0</fprob>
        </actor>
        <actor name="D0N34">
            <wcet number="0">20</wcet>
            <wcet number="1">20</wcet>
            <maxpow number="0.5406474875959091"/>
            <maxpow number="0.5406474875959091"/>
            <fprob>0.0</fprob>
        </actor>
        <actor name="D0N35">
            <wcet number="0">40</wcet>
            <wcet number="1">40</wcet>
            <maxpow number="0.3606487045701223"/>
            <maxpow number="0.3606487045701223"/>
            <fprob>0.0</fprob>
        </actor>
        <actor name="D0N7">
            <wcet number="0">30</wcet>
            <wcet number="1">30</wcet>
            <maxpow number="0.5953103481990237"/>
            <maxpow number="0.5953103481990237"/>
            <fprob>0.0</fprob>
        </actor>
        <actor name="D0N22">
            <wcet number="0">140</wcet>
            <wcet number="1">230</wcet>
            <maxpow number="0.6331827711266416"/>
            <maxpow number="0.6331827711266416"/>
            <fprob>0.0</fprob>
        </actor>
        <actor name="D0N6">
            <wcet number="0">120</wcet>
            <wcet number="1">130</wcet>
            <maxpow number="0.5295866202109809"/>
            <maxpow number="0.5295866202109809"/>
            <fprob>0.0</fprob>
        </actor>
        <actor name="D0N21">
            <wcet number="0">10</wcet>
            <wcet number="1">50</wcet>
            <maxpow number="0.3352980301792321"/>
            <maxpow number="0.3352980301792321"/>
            <fprob>0.0</fprob>
        </actor>
        <actor name="D0N20">
            <wcet number="0">10</wcet>
            <wcet number="1">20</wcet>
            <maxpow number="0.8639979119872914"/>
            <maxpow number="0.8639979119872914"/>
            <fprob>0.0</fprob>
        </actor>
        <actor name="D0N2">
            <wcet number="0">10</wcet>
            <wcet number="1">10</wcet>
            <maxpow number="0.37687945464263783"/>
            <maxpow number="0.37687945464263783"/>
            <fprob>0.0</fprob>
        </actor>
        <actor name="D0N1">
            <wcet number="0">10</wcet>
            <wcet number="1">60</wcet>
            <maxpow number="0.5901651593232254"/>
            <maxpow number="0.5901651593232254"/>
            <fprob>0.0</fprob>
        </actor>
        <actor name="D0N36">
            <wcet number="0">10</wcet>
            <wcet number="1">10</wcet>
            <maxpow number="0.5084962723731954"/>
            <maxpow number="0.5084962723731954"/>
            <fprob>0.0</fprob>
        </actor>
        <actor name="D0N9">
            <wcet number="0">10</wcet>
            <wcet number="1">40</wcet>
            <maxpow number="0.4268890640845845"/>
            <maxpow number="0.4268890640845845"/>
            <fprob>0.0</fprob>
        </actor>
        <actor name="D0N32">
            <wcet number="0">10</wcet>
            <wcet number="1">70</wcet>
            <maxpow number="0.8047838783148733"/>
            <maxpow number="0.8047838783148733"/>
            <fprob>0.0</fprob>
        </actor>
        <actor name="D0N0">
            <wcet number="0">80</wcet>
            <wcet number="1">100</wcet>
            <maxpow number="0.6867074338605752"/>
            <maxpow number="0.6867074338605752"/>
            <fprob>0.0</fprob>
        </actor>
        <actor name="D0N17">
            <wcet number="0">50</wcet>
            <wcet number="1">120</wcet>
            <maxpow number="0.6495368590009541"/>
            <maxpow number="0.6495368590009541"/>
            <fprob>0.0</fprob>
        </actor>
        <actor name="D0N43">
            <wcet number="0">10</wcet>
            <wcet number="1">20</wcet>
            <maxpow number="0.34510562979585113"/>
            <maxpow number="0.34510562979585113"/>
            <fprob>0.0</fprob>
        </actor>
        <actor name="D0N41">
            <wcet number="0">50</wcet>
            <wcet number="1">60</wcet>
            <maxpow number="0.8887072002887373"/>
            <maxpow number="0.8887072002887373"/>
            <fprob>0.0</fprob>
        </actor>
        <actor name="D0N24">
            <wcet number="0">40</wcet>
            <wcet number="1">50</wcet>
            <maxpow number="0.6916272588231926"/>
            <maxpow number="0.6916272588231926"/>
            <fprob>0.0</fprob>
        </actor>
        <actor name="D0N33">
            <wcet number="0">10</wcet>
            <wcet number="1">30</wcet>
            <maxpow number="0.5067792355368181"/>
            <maxpow number="0.5067792355368181"/>
            <fprob>0.0</fprob>
        </actor>
        <actor name="D0N3">
            <wcet number="0">30</wcet>
            <wcet number="1">50</wcet>
            <maxpow number="0.6706163268015222"/>
            <maxpow number="0.6706163268015222"/>
            <fprob>0.0</fprob>
        </actor>
        <actor name="D0N12">
            <wcet number="0">100</wcet>
            <wcet number="1">100</wcet>
            <maxpow number="0.6636273075642163"/>
            <maxpow number="0.6636273075642163"/>
            <fprob>0.0</fprob>
        </actor>
        <actor name="D0N13">
            <wcet number="0">80</wcet>
            <wcet number="1">100</wcet>
            <maxpow number="0.669340623489712"/>
            <maxpow number="0.669340623489712"/>
            <fprob>0.0</fprob>
        </actor>
        <ports>
            <port dstActor="D0N36" name="p0" srcActor="D0N27"/>
            <port dstActor="D0N30" name="p1" srcActor="D0N29"/>
            <port dstActor="D0N35" name="p2" srcActor="D0N29"/>
            <port dstActor="D0N43" name="p3" srcActor="D0N29"/>
            <port dstActor="D0N34" name="p4" srcActor="D0N16"/>
            <port dstActor="D0N43" name="p5" srcActor="D0N23"/>
            <port dstActor="D0N33" name="p6" srcActor="D0N23"/>
            <port dstActor="D0N35" name="p7" srcActor="D0N18"/>
            <port dstActor="D0N23" name="p8" srcActor="D0N18"/>
            <port dstActor="D0N23" name="p9" srcActor="D0N19"/>
            <port dstActor="D0N41" name="p10" srcActor="D0N19"/>
            <port dstActor="D0N43" name="p11" srcActor="D0N19"/>
            <port dstActor="D0N25" name="p12" srcActor="D0N19"/>
            <port dstActor="D0N40" name="p13" srcActor="D0N19"/>
            <port dstActor="D0N24" name="p14" srcActor="D0N15"/>
            <port dstActor="D0N39" name="p15" srcActor="D0N15"/>
            <port dstActor="D0N43" name="p16" srcActor="D0N26"/>
            <port dstActor="D0N29" name="p17" srcActor="D0N26"/>
            <port dstActor="D0N40" name="p18" srcActor="D0N39"/>
            <port dstActor="D0N30" name="p19" srcActor="D0N25"/>
            <port dstActor="D0N36" name="p20" srcActor="D0N14"/>
            <port dstActor="D0N20" name="p21" srcActor="D0N14"/>
            <port dstActor="D0N27" name="p22" srcActor="D0N14"/>
            <port dstActor="D0N37" name="p23" srcActor="D0N14"/>
            <port dstActor="D0N35" name="p24" srcActor="D0N30"/>
            <port dstActor="D0N10" name="p25" srcActor="D0N8"/>
            <port dstActor="D0N39" name="p26" srcActor="D0N37"/>
            <port dstActor="D0N35" name="p27" srcActor="D0N4"/>
            <port dstActor="D0N34" name="p28" srcActor="D0N4"/>
            <port dstActor="D0N15" name="p29" srcActor="D0N4"/>
            <port dstActor="D0N27" name="p30" srcActor="D0N4"/>
            <port dstActor="D0N10" name="p31" srcActor="D0N5"/>
            <port dstActor="D0N28" name="p32" srcActor="D0N5"/>
            <port dstActor="D0N13" name="p33" srcActor="D0N5"/>
            <port dstActor="D0N14" name="p34" srcActor="D0N5"/>
            <port dstActor="D0N13" name="p35" srcActor="D0N11"/>
            <port dstActor="D0N25" name="p36" srcActor="D0N10"/>
            <port dstActor="D0N33" name="p37" srcActor="D0N31"/>
            <port dstActor="D0N43" name="p38" srcActor="D0N31"/>
            <port dstActor="D0N36" name="p39" srcActor="D0N34"/>
            <port dstActor="D0N37" name="p40" srcActor="D0N34"/>
            <port dstActor="D0N37" name="p41" srcActor="D0N35"/>
            <port dstActor="D0N24" name="p42" srcActor="D0N7"/>
            <port dstActor="D0N18" name="p43" srcActor="D0N7"/>
            <port dstActor="D0N15" name="p44" srcActor="D0N7"/>
            <port dstActor="D0N39" name="p45" srcActor="D0N7"/>
            <port dstActor="D0N10" name="p46" srcActor="D0N6"/>
            <port dstActor="D0N12" name="p47" srcActor="D0N6"/>
            <port dstActor="D0N26" name="p48" srcActor="D0N6"/>
            <port dstActor="D0N30" name="p49" srcActor="D0N21"/>
            <port dstActor="D0N24" name="p50" srcActor="D0N21"/>
            <port dstActor="D0N34" name="p51" srcActor="D0N21"/>
            <port dstActor="D0N35" name="p52" srcActor="D0N20"/>
            <port dstActor="D0N35" name="p53" srcActor="D0N2"/>
            <port dstActor="D0N34" name="p54" srcActor="D0N2"/>
            <port dstActor="D0N15" name="p55" srcActor="D0N2"/>
            <port dstActor="D0N25" name="p56" srcActor="D0N1"/>
            <port dstActor="D0N33" name="p57" srcActor="D0N1"/>
            <port dstActor="D0N30" name="p58" srcActor="D0N1"/>
            <port dstActor="D0N14" name="p59" srcActor="D0N1"/>
            <port dstActor="D0N41" name="p60" srcActor="D0N9"/>
            <port dstActor="D0N15" name="p61" srcActor="D0N9"/>
            <port dstActor="D0N42" name="p62" srcActor="D0N9"/>
            <port dstActor="D0N38" name="p63" srcActor="D0N32"/>
            <port dstActor="D0N17" name="p64" srcActor="D0N0"/>
            <port dstActor="D0N15" name="p65" srcActor="D0N0"/>
            <port dstActor="D0N33" name="p66" srcActor="D0N0"/>
            <port dstActor="D0N18" name="p67" srcActor="D0N0"/>
            <port dstActor="D0N35" name="p68" srcActor="D0N0"/>
            <port dstActor="D0N3" name="p69" srcActor="D0N0"/>
            <port dstActor="D0N2" name="p70" srcActor="D0N0"/>
            <port dstActor="D0N25" name="p71" srcActor="D0N0"/>
            <port dstActor="D0N22" name="p72" srcActor="D0N0"/>
            <port dstActor="D0N20" name="p73" srcActor="D0N0"/>
            <port dstActor="D0N24" name="p74" srcActor="D0N17"/>
            <port dstActor="D0N23" name="p75" srcActor="D0N17"/>
            <port dstActor="D0N30" name="p76" srcActor="D0N17"/>
            <port dstActor="D0N38" name="p77" srcActor="D0N17"/>
            <port dstActor="D0N40" name="p78" srcActor="D0N24"/>
            <port dstActor="D0N31" name="p79" srcActor="D0N24"/>
            <port dstActor="D0N43" name="p80" srcActor="D0N3"/>
            <port dstActor="D0N40" name="p81" srcActor="D0N3"/>
            <port dstActor="D0N43" name="p82" srcActor="D0N12"/>
            <port dstActor="D0N21" name="p83" srcActor="D0N12"/>
            <port dstActor="D0N20" name="p84" srcActor="D0N12"/>
            <port dstActor="D0N40" name="p85" srcActor="D0N12"/>
            <port dstActor="D0N35" name="p86" srcActor="D0N12"/>
            <port dstActor="D0N16" name="p87" srcActor="D0N13"/>
            <port dstActor="D0N18" name="p88" srcActor="D0N13"/>
            <port dstActor="D0N40" name="p89" srcActor="D0N13"/>
        </ports>
    </mcdag>
    <cores number="3"/>
    <levels number="2"/>
</mcsystem>
