<?xml version="1.0" encoding="UTF-8" standalone="no"?>
<mcsystem>
    <mcdag deadline="1200" name="genned-0-ed-10.0-0">
        <actor name="D0N25">
            <wcet number="0">10</wcet>
            <wcet number="1">60</wcet>
            <maxpow number="0.3028822042669621"/>
            <maxpow number="0.3028822042669621"/>
            <fprob>0.0</fprob>
        </actor>
        <actor name="D0N11">
            <wcet number="0">20</wcet>
            <wcet number="1">40</wcet>
            <maxpow number="0.6021484766152689"/>
            <maxpow number="0.6021484766152689"/>
            <fprob>0.0</fprob>
        </actor>
        <actor name="D0N14">
            <wcet number="0">10</wcet>
            <wcet number="1">40</wcet>
            <maxpow number="0.7319261669912064"/>
            <maxpow number="0.7319261669912064"/>
            <fprob>0.0</fprob>
        </actor>
        <actor name="D0N19">
            <wcet number="0">30</wcet>
            <wcet number="1">30</wcet>
            <maxpow number="0.6228979263124553"/>
            <maxpow number="0.6228979263124553"/>
            <fprob>0.0</fprob>
        </actor>
        <actor name="D0N29">
            <wcet number="0">20</wcet>
            <wcet number="1">20</wcet>
            <maxpow number="0.32012263104131555"/>
            <maxpow number="0.32012263104131555"/>
            <fprob>0.0</fprob>
        </actor>
        <actor name="D0N20">
            <wcet number="0">50</wcet>
            <wcet number="1">70</wcet>
            <maxpow number="0.9170770025290993"/>
            <maxpow number="0.9170770025290993"/>
            <fprob>0.0</fprob>
        </actor>
        <actor name="D0N38">
            <wcet number="0">40</wcet>
            <wcet number="1">40</wcet>
            <maxpow number="0.5946266585319204"/>
            <maxpow number="0.5946266585319204"/>
            <fprob>0.0</fprob>
        </actor>
        <actor name="D0N39">
            <wcet number="0">10</wcet>
            <wcet number="1">30</wcet>
            <maxpow number="0.6096292472044466"/>
            <maxpow number="0.6096292472044466"/>
            <fprob>0.0</fprob>
        </actor>
        <actor name="D0N27">
            <wcet number="0">20</wcet>
            <wcet number="1">20</wcet>
            <maxpow number="0.7273431323458048"/>
            <maxpow number="0.7273431323458048"/>
            <fprob>0.0</fprob>
        </actor>
        <actor name="D0N33">
            <wcet number="0">30</wcet>
            <wcet number="1">80</wcet>
            <maxpow number="0.5583571812532847"/>
            <maxpow number="0.5583571812532847"/>
            <fprob>0.0</fprob>
        </actor>
        <actor name="D0N2">
            <wcet number="0">10</wcet>
            <wcet number="1">70</wcet>
            <maxpow number="0.76453515201015"/>
            <maxpow number="0.76453515201015"/>
            <fprob>0.0</fprob>
        </actor>
        <actor name="D0N3">
            <wcet number="0">10</wcet>
            <wcet number="1">10</wcet>
            <maxpow number="0.4092217996859393"/>
            <maxpow number="0.4092217996859393"/>
            <fprob>0.0</fprob>
        </actor>
        <actor name="D0N7">
            <wcet number="0">20</wcet>
            <wcet number="1">90</wcet>
            <maxpow number="0.32099952964842"/>
            <maxpow number="0.32099952964842"/>
            <fprob>0.0</fprob>
        </actor>
        <actor name="D0N12">
            <wcet number="0">70</wcet>
            <wcet number="1">100</wcet>
            <maxpow number="0.46766016283927414"/>
            <maxpow number="0.46766016283927414"/>
            <fprob>0.0</fprob>
        </actor>
        <actor name="D0N16">
            <wcet number="0">80</wcet>
            <wcet number="1">100</wcet>
            <maxpow number="0.5878753107606969"/>
            <maxpow number="0.5878753107606969"/>
            <fprob>0.0</fprob>
        </actor>
        <actor name="D0N24">
            <wcet number="0">10</wcet>
            <wcet number="1">10</wcet>
            <maxpow number="0.26388607534766617"/>
            <maxpow number="0.26388607534766617"/>
            <fprob>0.0</fprob>
        </actor>
        <actor name="D0N17">
            <wcet number="0">10</wcet>
            <wcet number="1">30</wcet>
            <maxpow number="0.8272372499557261"/>
            <maxpow number="0.8272372499557261"/>
            <fprob>0.0</fprob>
        </actor>
        <actor name="D0N8">
            <wcet number="0">10</wcet>
            <wcet number="1">20</wcet>
            <maxpow number="0.42383606860483297"/>
            <maxpow number="0.42383606860483297"/>
            <fprob>0.0</fprob>
        </actor>
        <actor name="D0N26">
            <wcet number="0">10</wcet>
            <wcet number="1">10</wcet>
            <maxpow number="0.8911438861118479"/>
            <maxpow number="0.8911438861118479"/>
            <fprob>0.0</fprob>
        </actor>
        <actor name="D0N5">
            <wcet number="0">10</wcet>
            <wcet number="1">10</wcet>
            <maxpow number="0.4015288422089016"/>
            <maxpow number="0.4015288422089016"/>
            <fprob>0.0</fprob>
        </actor>
        <actor name="D0N4">
            <wcet number="0">20</wcet>
            <wcet number="1">40</wcet>
            <maxpow number="0.7690493668329308"/>
            <maxpow number="0.7690493668329308"/>
            <fprob>0.0</fprob>
        </actor>
        <actor name="D0N23">
            <wcet number="0">10</wcet>
            <wcet number="1">40</wcet>
            <maxpow number="0.5063490920829345"/>
            <maxpow number="0.5063490920829345"/>
            <fprob>0.0</fprob>
        </actor>
        <actor name="D0N0">
            <wcet number="0">30</wcet>
            <wcet number="1">40</wcet>
            <maxpow number="0.7053483196362768"/>
            <maxpow number="0.7053483196362768"/>
            <fprob>0.0</fprob>
        </actor>
        <actor name="D0N10">
            <wcet number="0">30</wcet>
            <wcet number="1">30</wcet>
            <maxpow number="0.5030881740174578"/>
            <maxpow number="0.5030881740174578"/>
            <fprob>0.0</fprob>
        </actor>
        <actor name="D0N13">
            <wcet number="0">40</wcet>
            <wcet number="1">40</wcet>
            <maxpow number="0.5427400638308938"/>
            <maxpow number="0.5427400638308938"/>
            <fprob>0.0</fprob>
        </actor>
        <actor name="D0N9">
            <wcet number="0">20</wcet>
            <wcet number="1">20</wcet>
            <maxpow number="0.616268150667765"/>
            <maxpow number="0.616268150667765"/>
            <fprob>0.0</fprob>
        </actor>
        <actor name="D0N34">
            <wcet number="0">50</wcet>
            <wcet number="1">50</wcet>
            <maxpow number="0.36449771731305325"/>
            <maxpow number="0.36449771731305325"/>
            <fprob>0.0</fprob>
        </actor>
        <actor name="D0N44">
            <wcet number="0">20</wcet>
            <wcet number="1">40</wcet>
            <maxpow number="0.3594692466560608"/>
            <maxpow number="0.3594692466560608"/>
            <fprob>0.0</fprob>
        </actor>
        <actor name="D0N6">
            <wcet number="0">20</wcet>
            <wcet number="1">30</wcet>
            <maxpow number="0.3336237387063944"/>
            <maxpow number="0.3336237387063944"/>
            <fprob>0.0</fprob>
        </actor>
        <actor name="D0N28">
            <wcet number="0">30</wcet>
            <wcet number="1">30</wcet>
            <maxpow number="0.5880130413505597"/>
            <maxpow number="0.5880130413505597"/>
            <fprob>0.0</fprob>
        </actor>
        <actor name="D0N35">
            <wcet number="0">160</wcet>
            <wcet number="1">170</wcet>
            <maxpow number="0.5138330453245926"/>
            <maxpow number="0.5138330453245926"/>
            <fprob>0.0</fprob>
        </actor>
        <actor name="D0N1">
            <wcet number="0">10</wcet>
            <wcet number="1">50</wcet>
            <maxpow number="0.23984277059547127"/>
            <maxpow number="0.23984277059547127"/>
            <fprob>0.0</fprob>
        </actor>
        <actor name="D0N18">
            <wcet number="0">90</wcet>
            <wcet number="1">90</wcet>
            <maxpow number="0.5828077653920589"/>
            <maxpow number="0.5828077653920589"/>
            <fprob>0.0</fprob>
        </actor>
        <actor name="D0N36">
            <wcet number="0">170</wcet>
            <wcet number="1">350</wcet>
            <maxpow number="0.6669974306157449"/>
            <maxpow number="0.6669974306157449"/>
            <fprob>0.0</fprob>
        </actor>
        <actor name="D0N30">
            <wcet number="0">10</wcet>
            <wcet number="1">10</wcet>
            <maxpow number="0.5198163921429899"/>
            <maxpow number="0.5198163921429899"/>
            <fprob>0.0</fprob>
        </actor>
        <actor name="D0N31">
            <wcet number="0">30</wcet>
            <wcet number="1">40</wcet>
            <maxpow number="0.5671860716237885"/>
            <maxpow number="0.5671860716237885"/>
            <fprob>0.0</fprob>
        </actor>
        <actor name="D0N15">
            <wcet number="0">40</wcet>
            <wcet number="1">60</wcet>
            <maxpow number="0.14873068222969427"/>
            <maxpow number="0.14873068222969427"/>
            <fprob>0.0</fprob>
        </actor>
        <actor name="D0N37">
            <wcet number="0">10</wcet>
            <wcet number="1">10</wcet>
            <maxpow number="0.3869396206864708"/>
            <maxpow number="0.3869396206864708"/>
            <fprob>0.0</fprob>
        </actor>
        <actor name="D0N45">
            <wcet number="0">60</wcet>
            <wcet number="1">100</wcet>
            <maxpow number="0.7322433708886885"/>
            <maxpow number="0.7322433708886885"/>
            <fprob>0.0</fprob>
        </actor>
        <actor name="D0N32">
            <wcet number="0">30</wcet>
            <wcet number="1">170</wcet>
            <maxpow number="0.1732523538724174"/>
            <maxpow number="0.1732523538724174"/>
            <fprob>0.0</fprob>
        </actor>
        <actor name="D0N21">
            <wcet number="0">10</wcet>
            <wcet number="1">30</wcet>
            <maxpow number="0.48615957396511866"/>
            <maxpow number="0.48615957396511866"/>
            <fprob>0.0</fprob>
        </actor>
        <actor name="D0N22">
            <wcet number="0">10</wcet>
            <wcet number="1">10</wcet>
            <maxpow number="0.9089684544242412"/>
            <maxpow number="0.9089684544242412"/>
            <fprob>0.0</fprob>
        </actor>
        <actor name="D0N41">
            <wcet number="0">20</wcet>
            <wcet number="1">100</wcet>
            <maxpow number="0.767530592077376"/>
            <maxpow number="0.767530592077376"/>
            <fprob>0.0</fprob>
        </actor>
        <actor name="D0N42">
            <wcet number="0">40</wcet>
            <wcet number="1">60</wcet>
            <maxpow number="0.7581687185103019"/>
            <maxpow number="0.7581687185103019"/>
            <fprob>0.0</fprob>
        </actor>
        <actor name="D0N40">
            <wcet number="0">100</wcet>
            <wcet number="1">100</wcet>
            <maxpow number="0.6248145555401523"/>
            <maxpow number="0.6248145555401523"/>
            <fprob>0.0</fprob>
        </actor>
        <actor name="D0N43">
            <wcet number="0">50</wcet>
            <wcet number="1">50</wcet>
            <maxpow number="0.8897070082674865"/>
            <maxpow number="0.8897070082674865"/>
            <fprob>0.0</fprob>
        </actor>
        <ports>
            <port dstActor="D0N35" name="p0" srcActor="D0N25"/>
            <port dstActor="D0N39" name="p1" srcActor="D0N25"/>
            <port dstActor="D0N41" name="p2" srcActor="D0N25"/>
            <port dstActor="D0N33" name="p3" srcActor="D0N25"/>
            <port dstActor="D0N16" name="p4" srcActor="D0N11"/>
            <port dstActor="D0N23" name="p5" srcActor="D0N11"/>
            <port dstActor="D0N39" name="p6" srcActor="D0N11"/>
            <port dstActor="D0N25" name="p7" srcActor="D0N11"/>
            <port dstActor="D0N18" name="p8" srcActor="D0N14"/>
            <port dstActor="D0N17" name="p9" srcActor="D0N14"/>
            <port dstActor="D0N35" name="p10" srcActor="D0N14"/>
            <port dstActor="D0N39" name="p11" srcActor="D0N14"/>
            <port dstActor="D0N43" name="p12" srcActor="D0N14"/>
            <port dstActor="D0N23" name="p13" srcActor="D0N19"/>
            <port dstActor="D0N22" name="p14" srcActor="D0N19"/>
            <port dstActor="D0N35" name="p15" srcActor="D0N19"/>
            <port dstActor="D0N33" name="p16" srcActor="D0N20"/>
            <port dstActor="D0N41" name="p17" srcActor="D0N39"/>
            <port dstActor="D0N42" name="p18" srcActor="D0N39"/>
            <port dstActor="D0N40" name="p19" srcActor="D0N39"/>
            <port dstActor="D0N34" name="p20" srcActor="D0N33"/>
            <port dstActor="D0N40" name="p21" srcActor="D0N33"/>
            <port dstActor="D0N45" name="p22" srcActor="D0N33"/>
            <port dstActor="D0N6" name="p23" srcActor="D0N2"/>
            <port dstActor="D0N38" name="p24" srcActor="D0N2"/>
            <port dstActor="D0N11" name="p25" srcActor="D0N2"/>
            <port dstActor="D0N16" name="p26" srcActor="D0N2"/>
            <port dstActor="D0N41" name="p27" srcActor="D0N3"/>
            <port dstActor="D0N38" name="p28" srcActor="D0N3"/>
            <port dstActor="D0N14" name="p29" srcActor="D0N3"/>
            <port dstActor="D0N41" name="p30" srcActor="D0N7"/>
            <port dstActor="D0N21" name="p31" srcActor="D0N7"/>
            <port dstActor="D0N9" name="p32" srcActor="D0N7"/>
            <port dstActor="D0N38" name="p33" srcActor="D0N7"/>
            <port dstActor="D0N45" name="p34" srcActor="D0N24"/>
            <port dstActor="D0N26" name="p35" srcActor="D0N24"/>
            <port dstActor="D0N40" name="p36" srcActor="D0N24"/>
            <port dstActor="D0N35" name="p37" srcActor="D0N24"/>
            <port dstActor="D0N35" name="p38" srcActor="D0N17"/>
            <port dstActor="D0N37" name="p39" srcActor="D0N17"/>
            <port dstActor="D0N43" name="p40" srcActor="D0N17"/>
            <port dstActor="D0N31" name="p41" srcActor="D0N8"/>
            <port dstActor="D0N21" name="p42" srcActor="D0N8"/>
            <port dstActor="D0N32" name="p43" srcActor="D0N8"/>
            <port dstActor="D0N35" name="p44" srcActor="D0N5"/>
            <port dstActor="D0N15" name="p45" srcActor="D0N5"/>
            <port dstActor="D0N26" name="p46" srcActor="D0N5"/>
            <port dstActor="D0N31" name="p47" srcActor="D0N4"/>
            <port dstActor="D0N5" name="p48" srcActor="D0N4"/>
            <port dstActor="D0N6" name="p49" srcActor="D0N4"/>
            <port dstActor="D0N25" name="p50" srcActor="D0N23"/>
            <port dstActor="D0N17" name="p51" srcActor="D0N0"/>
            <port dstActor="D0N40" name="p52" srcActor="D0N0"/>
            <port dstActor="D0N2" name="p53" srcActor="D0N0"/>
            <port dstActor="D0N7" name="p54" srcActor="D0N0"/>
            <port dstActor="D0N28" name="p55" srcActor="D0N0"/>
            <port dstActor="D0N29" name="p56" srcActor="D0N10"/>
            <port dstActor="D0N27" name="p57" srcActor="D0N10"/>
            <port dstActor="D0N41" name="p58" srcActor="D0N10"/>
            <port dstActor="D0N14" name="p59" srcActor="D0N10"/>
            <port dstActor="D0N23" name="p60" srcActor="D0N13"/>
            <port dstActor="D0N24" name="p61" srcActor="D0N13"/>
            <port dstActor="D0N42" name="p62" srcActor="D0N13"/>
            <port dstActor="D0N25" name="p63" srcActor="D0N13"/>
            <port dstActor="D0N10" name="p64" srcActor="D0N9"/>
            <port dstActor="D0N40" name="p65" srcActor="D0N34"/>
            <port dstActor="D0N41" name="p66" srcActor="D0N34"/>
            <port dstActor="D0N45" name="p67" srcActor="D0N6"/>
            <port dstActor="D0N16" name="p68" srcActor="D0N6"/>
            <port dstActor="D0N38" name="p69" srcActor="D0N6"/>
            <port dstActor="D0N40" name="p70" srcActor="D0N6"/>
            <port dstActor="D0N29" name="p71" srcActor="D0N6"/>
            <port dstActor="D0N39" name="p72" srcActor="D0N28"/>
            <port dstActor="D0N45" name="p73" srcActor="D0N28"/>
            <port dstActor="D0N2" name="p74" srcActor="D0N1"/>
            <port dstActor="D0N21" name="p75" srcActor="D0N1"/>
            <port dstActor="D0N25" name="p76" srcActor="D0N1"/>
            <port dstActor="D0N23" name="p77" srcActor="D0N1"/>
            <port dstActor="D0N38" name="p78" srcActor="D0N1"/>
            <port dstActor="D0N38" name="p79" srcActor="D0N18"/>
            <port dstActor="D0N40" name="p80" srcActor="D0N18"/>
            <port dstActor="D0N33" name="p81" srcActor="D0N18"/>
            <port dstActor="D0N37" name="p82" srcActor="D0N18"/>
            <port dstActor="D0N38" name="p83" srcActor="D0N36"/>
            <port dstActor="D0N39" name="p84" srcActor="D0N30"/>
            <port dstActor="D0N29" name="p85" srcActor="D0N15"/>
            <port dstActor="D0N44" name="p86" srcActor="D0N15"/>
            <port dstActor="D0N45" name="p87" srcActor="D0N15"/>
            <port dstActor="D0N41" name="p88" srcActor="D0N32"/>
            <port dstActor="D0N39" name="p89" srcActor="D0N32"/>
            <port dstActor="D0N39" name="p90" srcActor="D0N21"/>
            <port dstActor="D0N30" name="p91" srcActor="D0N21"/>
            <port dstActor="D0N35" name="p92" srcActor="D0N22"/>
            <port dstActor="D0N38" name="p93" srcActor="D0N22"/>
            <port dstActor="D0N32" name="p94" srcActor="D0N22"/>
            <port dstActor="D0N25" name="p95" srcActor="D0N22"/>
            <port dstActor="D0N44" name="p96" srcActor="D0N41"/>
            <port dstActor="D0N45" name="p97" srcActor="D0N42"/>
            <port dstActor="D0N43" name="p98" srcActor="D0N40"/>
            <port dstActor="D0N45" name="p99" srcActor="D0N40"/>
        </ports>
    </mcdag>
    <cores number="3"/>
    <levels number="2"/>
</mcsystem>
