<?xml version="1.0" encoding="UTF-8" standalone="no"?>
<mcsystem>
    <mcdag deadline="1200" name="genned-0-ed-10.0-0">
        <actor name="D0N27">
            <wcet number="0">30</wcet>
            <wcet number="1">30</wcet>
            <maxpow number="0.4604761114396443"/>
            <maxpow number="0.4604761114396443"/>
            <fprob>0.0</fprob>
        </actor>
        <actor name="D0N10">
            <wcet number="0">70</wcet>
            <wcet number="1">150</wcet>
            <maxpow number="0.6444167851211824"/>
            <maxpow number="0.6444167851211824"/>
            <fprob>0.0</fprob>
        </actor>
        <actor name="D0N0">
            <wcet number="0">10</wcet>
            <wcet number="1">30</wcet>
            <maxpow number="0.6096894272008061"/>
            <maxpow number="0.6096894272008061"/>
            <fprob>0.0</fprob>
        </actor>
        <actor name="D0N1">
            <wcet number="0">80</wcet>
            <wcet number="1">140</wcet>
            <maxpow number="0.33330594773061006"/>
            <maxpow number="0.33330594773061006"/>
            <fprob>0.0</fprob>
        </actor>
        <actor name="D0N3">
            <wcet number="0">10</wcet>
            <wcet number="1">10</wcet>
            <maxpow number="0.5107033435768805"/>
            <maxpow number="0.5107033435768805"/>
            <fprob>0.0</fprob>
        </actor>
        <actor name="D0N39">
            <wcet number="0">20</wcet>
            <wcet number="1">30</wcet>
            <maxpow number="0.5739530962441844"/>
            <maxpow number="0.5739530962441844"/>
            <fprob>0.0</fprob>
        </actor>
        <actor name="D0N2">
            <wcet number="0">10</wcet>
            <wcet number="1">10</wcet>
            <maxpow number="0.2816023155051483"/>
            <maxpow number="0.2816023155051483"/>
            <fprob>0.0</fprob>
        </actor>
        <actor name="D0N40">
            <wcet number="0">30</wcet>
            <wcet number="1">80</wcet>
            <maxpow number="0.3903761677377268"/>
            <maxpow number="0.3903761677377268"/>
            <fprob>0.0</fprob>
        </actor>
        <actor name="D0N5">
            <wcet number="0">60</wcet>
            <wcet number="1">70</wcet>
            <maxpow number="0.6135920962023304"/>
            <maxpow number="0.6135920962023304"/>
            <fprob>0.0</fprob>
        </actor>
        <actor name="D0N9">
            <wcet number="0">20</wcet>
            <wcet number="1">20</wcet>
            <maxpow number="0.6126687854618718"/>
            <maxpow number="0.6126687854618718"/>
            <fprob>0.0</fprob>
        </actor>
        <actor name="D0N41">
            <wcet number="0">30</wcet>
            <wcet number="1">60</wcet>
            <maxpow number="0.8340767627390037"/>
            <maxpow number="0.8340767627390037"/>
            <fprob>0.0</fprob>
        </actor>
        <actor name="D0N21">
            <wcet number="0">40</wcet>
            <wcet number="1">60</wcet>
            <maxpow number="0.5900543825421959"/>
            <maxpow number="0.5900543825421959"/>
            <fprob>0.0</fprob>
        </actor>
        <actor name="D0N31">
            <wcet number="0">10</wcet>
            <wcet number="1">10</wcet>
            <maxpow number="0.4876786767339447"/>
            <maxpow number="0.4876786767339447"/>
            <fprob>0.0</fprob>
        </actor>
        <actor name="D0N29">
            <wcet number="0">20</wcet>
            <wcet number="1">60</wcet>
            <maxpow number="0.6910890428860936"/>
            <maxpow number="0.6910890428860936"/>
            <fprob>0.0</fprob>
        </actor>
        <actor name="D0N11">
            <wcet number="0">40</wcet>
            <wcet number="1">40</wcet>
            <maxpow number="0.8189792541747967"/>
            <maxpow number="0.8189792541747967"/>
            <fprob>0.0</fprob>
        </actor>
        <actor name="D0N30">
            <wcet number="0">10</wcet>
            <wcet number="1">10</wcet>
            <maxpow number="0.6467309386287142"/>
            <maxpow number="0.6467309386287142"/>
            <fprob>0.0</fprob>
        </actor>
        <actor name="D0N33">
            <wcet number="0">20</wcet>
            <wcet number="1">20</wcet>
            <maxpow number="0.6757144754724242"/>
            <maxpow number="0.6757144754724242"/>
            <fprob>0.0</fprob>
        </actor>
        <actor name="D0N42">
            <wcet number="0">10</wcet>
            <wcet number="1">10</wcet>
            <maxpow number="0.816158606618822"/>
            <maxpow number="0.816158606618822"/>
            <fprob>0.0</fprob>
        </actor>
        <actor name="D0N22">
            <wcet number="0">20</wcet>
            <wcet number="1">60</wcet>
            <maxpow number="0.244369427267913"/>
            <maxpow number="0.244369427267913"/>
            <fprob>0.0</fprob>
        </actor>
        <actor name="D0N14">
            <wcet number="0">40</wcet>
            <wcet number="1">100</wcet>
            <maxpow number="0.34674114923971705"/>
            <maxpow number="0.34674114923971705"/>
            <fprob>0.0</fprob>
        </actor>
        <actor name="D0N24">
            <wcet number="0">30</wcet>
            <wcet number="1">40</wcet>
            <maxpow number="0.36462382593888115"/>
            <maxpow number="0.36462382593888115"/>
            <fprob>0.0</fprob>
        </actor>
        <actor name="D0N35">
            <wcet number="0">10</wcet>
            <wcet number="1">40</wcet>
            <maxpow number="0.6992319867044609"/>
            <maxpow number="0.6992319867044609"/>
            <fprob>0.0</fprob>
        </actor>
        <actor name="D0N43">
            <wcet number="0">10</wcet>
            <wcet number="1">10</wcet>
            <maxpow number="0.4292745851866906"/>
            <maxpow number="0.4292745851866906"/>
            <fprob>0.0</fprob>
        </actor>
        <actor name="D0N38">
            <wcet number="0">20</wcet>
            <wcet number="1">40</wcet>
            <maxpow number="0.48176557268689746"/>
            <maxpow number="0.48176557268689746"/>
            <fprob>0.0</fprob>
        </actor>
        <actor name="D0N45">
            <wcet number="0">60</wcet>
            <wcet number="1">130</wcet>
            <maxpow number="0.34201345250707377"/>
            <maxpow number="0.34201345250707377"/>
            <fprob>0.0</fprob>
        </actor>
        <actor name="D0N12">
            <wcet number="0">100</wcet>
            <wcet number="1">110</wcet>
            <maxpow number="0.6632054148526316"/>
            <maxpow number="0.6632054148526316"/>
            <fprob>0.0</fprob>
        </actor>
        <actor name="D0N32">
            <wcet number="0">130</wcet>
            <wcet number="1">130</wcet>
            <maxpow number="0.5337089186176942"/>
            <maxpow number="0.5337089186176942"/>
            <fprob>0.0</fprob>
        </actor>
        <actor name="D0N18">
            <wcet number="0">10</wcet>
            <wcet number="1">40</wcet>
            <maxpow number="0.5191180556833305"/>
            <maxpow number="0.5191180556833305"/>
            <fprob>0.0</fprob>
        </actor>
        <actor name="D0N15">
            <wcet number="0">20</wcet>
            <wcet number="1">20</wcet>
            <maxpow number="0.7198163251410604"/>
            <maxpow number="0.7198163251410604"/>
            <fprob>0.0</fprob>
        </actor>
        <actor name="D0N28">
            <wcet number="0">30</wcet>
            <wcet number="1">110</wcet>
            <maxpow number="0.8133373469110512"/>
            <maxpow number="0.8133373469110512"/>
            <fprob>0.0</fprob>
        </actor>
        <actor name="D0N4">
            <wcet number="0">20</wcet>
            <wcet number="1">20</wcet>
            <maxpow number="0.289009329035946"/>
            <maxpow number="0.289009329035946"/>
            <fprob>0.0</fprob>
        </actor>
        <actor name="D0N13">
            <wcet number="0">40</wcet>
            <wcet number="1">40</wcet>
            <maxpow number="0.5341940295353707"/>
            <maxpow number="0.5341940295353707"/>
            <fprob>0.0</fprob>
        </actor>
        <actor name="D0N26">
            <wcet number="0">10</wcet>
            <wcet number="1">170</wcet>
            <maxpow number="0.7051457521692167"/>
            <maxpow number="0.7051457521692167"/>
            <fprob>0.0</fprob>
        </actor>
        <actor name="D0N34">
            <wcet number="0">10</wcet>
            <wcet number="1">20</wcet>
            <maxpow number="0.7545696428268631"/>
            <maxpow number="0.7545696428268631"/>
            <fprob>0.0</fprob>
        </actor>
        <actor name="D0N20">
            <wcet number="0">10</wcet>
            <wcet number="1">10</wcet>
            <maxpow number="0.9381572837221648"/>
            <maxpow number="0.9381572837221648"/>
            <fprob>0.0</fprob>
        </actor>
        <actor name="D0N7">
            <wcet number="0">10</wcet>
            <wcet number="1">10</wcet>
            <maxpow number="0.44350497198730116"/>
            <maxpow number="0.44350497198730116"/>
            <fprob>0.0</fprob>
        </actor>
        <actor name="D0N23">
            <wcet number="0">10</wcet>
            <wcet number="1">80</wcet>
            <maxpow number="0.6123865065787444"/>
            <maxpow number="0.6123865065787444"/>
            <fprob>0.0</fprob>
        </actor>
        <actor name="D0N25">
            <wcet number="0">20</wcet>
            <wcet number="1">30</wcet>
            <maxpow number="0.6699524892426821"/>
            <maxpow number="0.6699524892426821"/>
            <fprob>0.0</fprob>
        </actor>
        <actor name="D0N8">
            <wcet number="0">80</wcet>
            <wcet number="1">80</wcet>
            <maxpow number="0.6481115899255467"/>
            <maxpow number="0.6481115899255467"/>
            <fprob>0.0</fprob>
        </actor>
        <actor name="D0N44">
            <wcet number="0">20</wcet>
            <wcet number="1">40</wcet>
            <maxpow number="0.6408895977553254"/>
            <maxpow number="0.6408895977553254"/>
            <fprob>0.0</fprob>
        </actor>
        <actor name="D0N36">
            <wcet number="0">20</wcet>
            <wcet number="1">30</wcet>
            <maxpow number="0.6536035666159306"/>
            <maxpow number="0.6536035666159306"/>
            <fprob>0.0</fprob>
        </actor>
        <actor name="D0N6">
            <wcet number="0">10</wcet>
            <wcet number="1">40</wcet>
            <maxpow number="0.808638709934131"/>
            <maxpow number="0.808638709934131"/>
            <fprob>0.0</fprob>
        </actor>
        <actor name="D0N16">
            <wcet number="0">20</wcet>
            <wcet number="1">20</wcet>
            <maxpow number="0.5118528672020818"/>
            <maxpow number="0.5118528672020818"/>
            <fprob>0.0</fprob>
        </actor>
        <actor name="D0N17">
            <wcet number="0">10</wcet>
            <wcet number="1">20</wcet>
            <maxpow number="0.2726655704428095"/>
            <maxpow number="0.2726655704428095"/>
            <fprob>0.0</fprob>
        </actor>
        <actor name="D0N37">
            <wcet number="0">20</wcet>
            <wcet number="1">30</wcet>
            <maxpow number="0.6539865519774631"/>
            <maxpow number="0.6539865519774631"/>
            <fprob>0.0</fprob>
        </actor>
        <actor name="D0N19">
            <wcet number="0">70</wcet>
            <wcet number="1">90</wcet>
            <maxpow number="0.6442302976760929"/>
            <maxpow number="0.6442302976760929"/>
            <fprob>0.0</fprob>
        </actor>
        <ports>
            <port dstActor="D0N29" name="p0" srcActor="D0N27"/>
            <port dstActor="D0N36" name="p1" srcActor="D0N27"/>
            <port dstActor="D0N41" name="p2" srcActor="D0N27"/>
            <port dstActor="D0N42" name="p3" srcActor="D0N10"/>
            <port dstActor="D0N28" name="p4" srcActor="D0N10"/>
            <port dstActor="D0N26" name="p5" srcActor="D0N10"/>
            <port dstActor="D0N29" name="p6" srcActor="D0N10"/>
            <port dstActor="D0N22" name="p7" srcActor="D0N0"/>
            <port dstActor="D0N41" name="p8" srcActor="D0N1"/>
            <port dstActor="D0N10" name="p9" srcActor="D0N1"/>
            <port dstActor="D0N35" name="p10" srcActor="D0N3"/>
            <port dstActor="D0N23" name="p11" srcActor="D0N3"/>
            <port dstActor="D0N26" name="p12" srcActor="D0N3"/>
            <port dstActor="D0N18" name="p13" srcActor="D0N3"/>
            <port dstActor="D0N34" name="p14" srcActor="D0N2"/>
            <port dstActor="D0N12" name="p15" srcActor="D0N2"/>
            <port dstActor="D0N21" name="p16" srcActor="D0N5"/>
            <port dstActor="D0N36" name="p17" srcActor="D0N5"/>
            <port dstActor="D0N40" name="p18" srcActor="D0N5"/>
            <port dstActor="D0N34" name="p19" srcActor="D0N5"/>
            <port dstActor="D0N19" name="p20" srcActor="D0N5"/>
            <port dstActor="D0N24" name="p21" srcActor="D0N9"/>
            <port dstActor="D0N32" name="p22" srcActor="D0N9"/>
            <port dstActor="D0N34" name="p23" srcActor="D0N9"/>
            <port dstActor="D0N27" name="p24" srcActor="D0N9"/>
            <port dstActor="D0N41" name="p25" srcActor="D0N9"/>
            <port dstActor="D0N39" name="p26" srcActor="D0N9"/>
            <port dstActor="D0N39" name="p27" srcActor="D0N21"/>
            <port dstActor="D0N22" name="p28" srcActor="D0N21"/>
            <port dstActor="D0N36" name="p29" srcActor="D0N31"/>
            <port dstActor="D0N43" name="p30" srcActor="D0N31"/>
            <port dstActor="D0N31" name="p31" srcActor="D0N29"/>
            <port dstActor="D0N39" name="p32" srcActor="D0N29"/>
            <port dstActor="D0N29" name="p33" srcActor="D0N11"/>
            <port dstActor="D0N36" name="p34" srcActor="D0N11"/>
            <port dstActor="D0N31" name="p35" srcActor="D0N30"/>
            <port dstActor="D0N43" name="p36" srcActor="D0N22"/>
            <port dstActor="D0N26" name="p37" srcActor="D0N22"/>
            <port dstActor="D0N24" name="p38" srcActor="D0N22"/>
            <port dstActor="D0N38" name="p39" srcActor="D0N22"/>
            <port dstActor="D0N41" name="p40" srcActor="D0N14"/>
            <port dstActor="D0N33" name="p41" srcActor="D0N24"/>
            <port dstActor="D0N25" name="p42" srcActor="D0N24"/>
            <port dstActor="D0N28" name="p43" srcActor="D0N12"/>
            <port dstActor="D0N20" name="p44" srcActor="D0N12"/>
            <port dstActor="D0N19" name="p45" srcActor="D0N18"/>
            <port dstActor="D0N31" name="p46" srcActor="D0N18"/>
            <port dstActor="D0N20" name="p47" srcActor="D0N15"/>
            <port dstActor="D0N40" name="p48" srcActor="D0N28"/>
            <port dstActor="D0N41" name="p49" srcActor="D0N28"/>
            <port dstActor="D0N36" name="p50" srcActor="D0N4"/>
            <port dstActor="D0N28" name="p51" srcActor="D0N4"/>
            <port dstActor="D0N5" name="p52" srcActor="D0N4"/>
            <port dstActor="D0N36" name="p53" srcActor="D0N13"/>
            <port dstActor="D0N38" name="p54" srcActor="D0N13"/>
            <port dstActor="D0N45" name="p55" srcActor="D0N13"/>
            <port dstActor="D0N37" name="p56" srcActor="D0N13"/>
            <port dstActor="D0N32" name="p57" srcActor="D0N26"/>
            <port dstActor="D0N44" name="p58" srcActor="D0N26"/>
            <port dstActor="D0N30" name="p59" srcActor="D0N26"/>
            <port dstActor="D0N36" name="p60" srcActor="D0N20"/>
            <port dstActor="D0N26" name="p61" srcActor="D0N20"/>
            <port dstActor="D0N22" name="p62" srcActor="D0N7"/>
            <port dstActor="D0N24" name="p63" srcActor="D0N23"/>
            <port dstActor="D0N43" name="p64" srcActor="D0N23"/>
            <port dstActor="D0N29" name="p65" srcActor="D0N23"/>
            <port dstActor="D0N28" name="p66" srcActor="D0N23"/>
            <port dstActor="D0N34" name="p67" srcActor="D0N23"/>
            <port dstActor="D0N43" name="p68" srcActor="D0N25"/>
            <port dstActor="D0N12" name="p69" srcActor="D0N8"/>
            <port dstActor="D0N37" name="p70" srcActor="D0N8"/>
            <port dstActor="D0N14" name="p71" srcActor="D0N8"/>
            <port dstActor="D0N41" name="p72" srcActor="D0N6"/>
            <port dstActor="D0N29" name="p73" srcActor="D0N6"/>
            <port dstActor="D0N31" name="p74" srcActor="D0N6"/>
            <port dstActor="D0N42" name="p75" srcActor="D0N6"/>
            <port dstActor="D0N40" name="p76" srcActor="D0N16"/>
            <port dstActor="D0N44" name="p77" srcActor="D0N16"/>
            <port dstActor="D0N27" name="p78" srcActor="D0N16"/>
            <port dstActor="D0N22" name="p79" srcActor="D0N17"/>
            <port dstActor="D0N36" name="p80" srcActor="D0N17"/>
            <port dstActor="D0N45" name="p81" srcActor="D0N17"/>
            <port dstActor="D0N30" name="p82" srcActor="D0N17"/>
            <port dstActor="D0N38" name="p83" srcActor="D0N37"/>
            <port dstActor="D0N45" name="p84" srcActor="D0N37"/>
            <port dstActor="D0N24" name="p85" srcActor="D0N19"/>
            <port dstActor="D0N25" name="p86" srcActor="D0N19"/>
            <port dstActor="D0N23" name="p87" srcActor="D0N19"/>
        </ports>
    </mcdag>
    <cores number="2"/>
    <levels number="2"/>
</mcsystem>
