<?xml version="1.0" encoding="UTF-8" standalone="no"?>
<mcsystem>
    <mcdag deadline="1500" name="genned-0-ed-10.0-0">
        <actor name="D0N39">
            <wcet number="0">60</wcet>
            <wcet number="1">70</wcet>
            <maxpow number="0.5673440247716562"/>
            <maxpow number="0.5673440247716562"/>
            <fprob>0.0</fprob>
        </actor>
        <actor name="D0N38">
            <wcet number="0">50</wcet>
            <wcet number="1">50</wcet>
            <maxpow number="0.01032421226412683"/>
            <maxpow number="0.01032421226412683"/>
            <fprob>0.0</fprob>
        </actor>
        <actor name="D0N4">
            <wcet number="0">90</wcet>
            <wcet number="1">120</wcet>
            <maxpow number="0.694465285388192"/>
            <maxpow number="0.694465285388192"/>
            <fprob>0.0</fprob>
        </actor>
        <actor name="D0N10">
            <wcet number="0">50</wcet>
            <wcet number="1">140</wcet>
            <maxpow number="0.5551324355840396"/>
            <maxpow number="0.5551324355840396"/>
            <fprob>0.0</fprob>
        </actor>
        <actor name="D0N3">
            <wcet number="0">50</wcet>
            <wcet number="1">60</wcet>
            <maxpow number="0.4035895468532303"/>
            <maxpow number="0.4035895468532303"/>
            <fprob>0.0</fprob>
        </actor>
        <actor name="D0N26">
            <wcet number="0">50</wcet>
            <wcet number="1">150</wcet>
            <maxpow number="0.33686404811701487"/>
            <maxpow number="0.33686404811701487"/>
            <fprob>0.0</fprob>
        </actor>
        <actor name="D0N1">
            <wcet number="0">20</wcet>
            <wcet number="1">20</wcet>
            <maxpow number="0.31873896253610856"/>
            <maxpow number="0.31873896253610856"/>
            <fprob>0.0</fprob>
        </actor>
        <actor name="D0N2">
            <wcet number="0">10</wcet>
            <wcet number="1">40</wcet>
            <maxpow number="0.8343844093545787"/>
            <maxpow number="0.8343844093545787"/>
            <fprob>0.0</fprob>
        </actor>
        <actor name="D0N9">
            <wcet number="0">30</wcet>
            <wcet number="1">80</wcet>
            <maxpow number="0.2958138933679372"/>
            <maxpow number="0.2958138933679372"/>
            <fprob>0.0</fprob>
        </actor>
        <actor name="D0N21">
            <wcet number="0">10</wcet>
            <wcet number="1">10</wcet>
            <maxpow number="0.6907791178101186"/>
            <maxpow number="0.6907791178101186"/>
            <fprob>0.0</fprob>
        </actor>
        <actor name="D0N0">
            <wcet number="0">20</wcet>
            <wcet number="1">30</wcet>
            <maxpow number="0.5438089953108597"/>
            <maxpow number="0.5438089953108597"/>
            <fprob>0.0</fprob>
        </actor>
        <actor name="D0N28">
            <wcet number="0">30</wcet>
            <wcet number="1">50</wcet>
            <maxpow number="0.5739191463030993"/>
            <maxpow number="0.5739191463030993"/>
            <fprob>0.0</fprob>
        </actor>
        <actor name="D0N5">
            <wcet number="0">90</wcet>
            <wcet number="1">130</wcet>
            <maxpow number="0.5491591210465939"/>
            <maxpow number="0.5491591210465939"/>
            <fprob>0.0</fprob>
        </actor>
        <actor name="D0N20">
            <wcet number="0">80</wcet>
            <wcet number="1">80</wcet>
            <maxpow number="0.7857871948598334"/>
            <maxpow number="0.7857871948598334"/>
            <fprob>0.0</fprob>
        </actor>
        <actor name="D0N34">
            <wcet number="0">30</wcet>
            <wcet number="1">130</wcet>
            <maxpow number="0.6392654922368802"/>
            <maxpow number="0.6392654922368802"/>
            <fprob>0.0</fprob>
        </actor>
        <actor name="D0N16">
            <wcet number="0">30</wcet>
            <wcet number="1">40</wcet>
            <maxpow number="0.7395452506520089"/>
            <maxpow number="0.7395452506520089"/>
            <fprob>0.0</fprob>
        </actor>
        <actor name="D0N24">
            <wcet number="0">10</wcet>
            <wcet number="1">10</wcet>
            <maxpow number="0.45336426641208155"/>
            <maxpow number="0.45336426641208155"/>
            <fprob>0.0</fprob>
        </actor>
        <actor name="D0N35">
            <wcet number="0">10</wcet>
            <wcet number="1">10</wcet>
            <maxpow number="0.5564930784219572"/>
            <maxpow number="0.5564930784219572"/>
            <fprob>0.0</fprob>
        </actor>
        <actor name="D0N17">
            <wcet number="0">10</wcet>
            <wcet number="1">30</wcet>
            <maxpow number="0.27058646369876005"/>
            <maxpow number="0.27058646369876005"/>
            <fprob>0.0</fprob>
        </actor>
        <actor name="D0N33">
            <wcet number="0">40</wcet>
            <wcet number="1">50</wcet>
            <maxpow number="0.6829339171194905"/>
            <maxpow number="0.6829339171194905"/>
            <fprob>0.0</fprob>
        </actor>
        <actor name="D0N22">
            <wcet number="0">120</wcet>
            <wcet number="1">140</wcet>
            <maxpow number="0.46726984443416614"/>
            <maxpow number="0.46726984443416614"/>
            <fprob>0.0</fprob>
        </actor>
        <actor name="D0N37">
            <wcet number="0">10</wcet>
            <wcet number="1">20</wcet>
            <maxpow number="0.38426904842168513"/>
            <maxpow number="0.38426904842168513"/>
            <fprob>0.0</fprob>
        </actor>
        <actor name="D0N19">
            <wcet number="0">20</wcet>
            <wcet number="1">70</wcet>
            <maxpow number="0.5523896846876617"/>
            <maxpow number="0.5523896846876617"/>
            <fprob>0.0</fprob>
        </actor>
        <actor name="D0N14">
            <wcet number="0">10</wcet>
            <wcet number="1">10</wcet>
            <maxpow number="0.15808320730308367"/>
            <maxpow number="0.15808320730308367"/>
            <fprob>0.0</fprob>
        </actor>
        <actor name="D0N27">
            <wcet number="0">160</wcet>
            <wcet number="1">190</wcet>
            <maxpow number="0.8211428645239428"/>
            <maxpow number="0.8211428645239428"/>
            <fprob>0.0</fprob>
        </actor>
        <actor name="D0N42">
            <wcet number="0">10</wcet>
            <wcet number="1">10</wcet>
            <maxpow number="0.5372281967618954"/>
            <maxpow number="0.5372281967618954"/>
            <fprob>0.0</fprob>
        </actor>
        <actor name="D0N31">
            <wcet number="0">20</wcet>
            <wcet number="1">20</wcet>
            <maxpow number="0.4107623751464368"/>
            <maxpow number="0.4107623751464368"/>
            <fprob>0.0</fprob>
        </actor>
        <actor name="D0N40">
            <wcet number="0">30</wcet>
            <wcet number="1">30</wcet>
            <maxpow number="0.48161300277054764"/>
            <maxpow number="0.48161300277054764"/>
            <fprob>0.0</fprob>
        </actor>
        <actor name="D0N43">
            <wcet number="0">30</wcet>
            <wcet number="1">40</wcet>
            <maxpow number="0.6289951522513777"/>
            <maxpow number="0.6289951522513777"/>
            <fprob>0.0</fprob>
        </actor>
        <actor name="D0N8">
            <wcet number="0">10</wcet>
            <wcet number="1">20</wcet>
            <maxpow number="0.15063845283416888"/>
            <maxpow number="0.15063845283416888"/>
            <fprob>0.0</fprob>
        </actor>
        <actor name="D0N44">
            <wcet number="0">120</wcet>
            <wcet number="1">150</wcet>
            <maxpow number="0.5682200441207277"/>
            <maxpow number="0.5682200441207277"/>
            <fprob>0.0</fprob>
        </actor>
        <actor name="D0N23">
            <wcet number="0">40</wcet>
            <wcet number="1">270</wcet>
            <maxpow number="0.4270452668850603"/>
            <maxpow number="0.4270452668850603"/>
            <fprob>0.0</fprob>
        </actor>
        <actor name="D0N30">
            <wcet number="0">30</wcet>
            <wcet number="1">30</wcet>
            <maxpow number="0.6274835893637197"/>
            <maxpow number="0.6274835893637197"/>
            <fprob>0.0</fprob>
        </actor>
        <actor name="D0N36">
            <wcet number="0">40</wcet>
            <wcet number="1">70</wcet>
            <maxpow number="0.39989207246924907"/>
            <maxpow number="0.39989207246924907"/>
            <fprob>0.0</fprob>
        </actor>
        <actor name="D0N12">
            <wcet number="0">10</wcet>
            <wcet number="1">10</wcet>
            <maxpow number="0.7167060009094328"/>
            <maxpow number="0.7167060009094328"/>
            <fprob>0.0</fprob>
        </actor>
        <actor name="D0N41">
            <wcet number="0">10</wcet>
            <wcet number="1">10</wcet>
            <maxpow number="0.5971595209489007"/>
            <maxpow number="0.5971595209489007"/>
            <fprob>0.0</fprob>
        </actor>
        <actor name="D0N29">
            <wcet number="0">20</wcet>
            <wcet number="1">80</wcet>
            <maxpow number="0.6006288264208158"/>
            <maxpow number="0.6006288264208158"/>
            <fprob>0.0</fprob>
        </actor>
        <actor name="D0N6">
            <wcet number="0">20</wcet>
            <wcet number="1">40</wcet>
            <maxpow number="0.6682358890135471"/>
            <maxpow number="0.6682358890135471"/>
            <fprob>0.0</fprob>
        </actor>
        <actor name="D0N15">
            <wcet number="0">50</wcet>
            <wcet number="1">70</wcet>
            <maxpow number="0.8697173946251637"/>
            <maxpow number="0.8697173946251637"/>
            <fprob>0.0</fprob>
        </actor>
        <actor name="D0N25">
            <wcet number="0">90</wcet>
            <wcet number="1">110</wcet>
            <maxpow number="1.0464831244506265"/>
            <maxpow number="1.0464831244506265"/>
            <fprob>0.0</fprob>
        </actor>
        <actor name="D0N13">
            <wcet number="0">10</wcet>
            <wcet number="1">10</wcet>
            <maxpow number="0.2726588841234909"/>
            <maxpow number="0.2726588841234909"/>
            <fprob>0.0</fprob>
        </actor>
        <actor name="D0N32">
            <wcet number="0">60</wcet>
            <wcet number="1">90</wcet>
            <maxpow number="0.696540946564115"/>
            <maxpow number="0.696540946564115"/>
            <fprob>0.0</fprob>
        </actor>
        <actor name="D0N18">
            <wcet number="0">110</wcet>
            <wcet number="1">200</wcet>
            <maxpow number="0.5945630106241667"/>
            <maxpow number="0.5945630106241667"/>
            <fprob>0.0</fprob>
        </actor>
        <actor name="D0N11">
            <wcet number="0">40</wcet>
            <wcet number="1">50</wcet>
            <maxpow number="0.5210381606657917"/>
            <maxpow number="0.5210381606657917"/>
            <fprob>0.0</fprob>
        </actor>
        <actor name="D0N7">
            <wcet number="0">100</wcet>
            <wcet number="1">110</wcet>
            <maxpow number="0.430375890101592"/>
            <maxpow number="0.430375890101592"/>
            <fprob>0.0</fprob>
        </actor>
        <ports>
            <port dstActor="D0N36" name="p0" srcActor="D0N4"/>
            <port dstActor="D0N13" name="p1" srcActor="D0N4"/>
            <port dstActor="D0N20" name="p2" srcActor="D0N4"/>
            <port dstActor="D0N43" name="p3" srcActor="D0N4"/>
            <port dstActor="D0N11" name="p4" srcActor="D0N4"/>
            <port dstActor="D0N26" name="p5" srcActor="D0N10"/>
            <port dstActor="D0N43" name="p6" srcActor="D0N10"/>
            <port dstActor="D0N15" name="p7" srcActor="D0N10"/>
            <port dstActor="D0N34" name="p8" srcActor="D0N10"/>
            <port dstActor="D0N30" name="p9" srcActor="D0N10"/>
            <port dstActor="D0N25" name="p10" srcActor="D0N10"/>
            <port dstActor="D0N42" name="p11" srcActor="D0N10"/>
            <port dstActor="D0N34" name="p12" srcActor="D0N3"/>
            <port dstActor="D0N24" name="p13" srcActor="D0N3"/>
            <port dstActor="D0N10" name="p14" srcActor="D0N3"/>
            <port dstActor="D0N18" name="p15" srcActor="D0N3"/>
            <port dstActor="D0N27" name="p16" srcActor="D0N3"/>
            <port dstActor="D0N31" name="p17" srcActor="D0N3"/>
            <port dstActor="D0N29" name="p18" srcActor="D0N26"/>
            <port dstActor="D0N43" name="p19" srcActor="D0N26"/>
            <port dstActor="D0N38" name="p20" srcActor="D0N26"/>
            <port dstActor="D0N33" name="p21" srcActor="D0N1"/>
            <port dstActor="D0N5" name="p22" srcActor="D0N1"/>
            <port dstActor="D0N12" name="p23" srcActor="D0N1"/>
            <port dstActor="D0N41" name="p24" srcActor="D0N1"/>
            <port dstActor="D0N25" name="p25" srcActor="D0N1"/>
            <port dstActor="D0N22" name="p26" srcActor="D0N1"/>
            <port dstActor="D0N37" name="p27" srcActor="D0N1"/>
            <port dstActor="D0N23" name="p28" srcActor="D0N1"/>
            <port dstActor="D0N10" name="p29" srcActor="D0N1"/>
            <port dstActor="D0N15" name="p30" srcActor="D0N2"/>
            <port dstActor="D0N33" name="p31" srcActor="D0N2"/>
            <port dstActor="D0N17" name="p32" srcActor="D0N2"/>
            <port dstActor="D0N22" name="p33" srcActor="D0N2"/>
            <port dstActor="D0N21" name="p34" srcActor="D0N2"/>
            <port dstActor="D0N31" name="p35" srcActor="D0N9"/>
            <port dstActor="D0N10" name="p36" srcActor="D0N9"/>
            <port dstActor="D0N18" name="p37" srcActor="D0N9"/>
            <port dstActor="D0N44" name="p38" srcActor="D0N9"/>
            <port dstActor="D0N29" name="p39" srcActor="D0N9"/>
            <port dstActor="D0N29" name="p40" srcActor="D0N21"/>
            <port dstActor="D0N37" name="p41" srcActor="D0N21"/>
            <port dstActor="D0N28" name="p42" srcActor="D0N0"/>
            <port dstActor="D0N21" name="p43" srcActor="D0N0"/>
            <port dstActor="D0N36" name="p44" srcActor="D0N0"/>
            <port dstActor="D0N33" name="p45" srcActor="D0N28"/>
            <port dstActor="D0N34" name="p46" srcActor="D0N28"/>
            <port dstActor="D0N43" name="p47" srcActor="D0N28"/>
            <port dstActor="D0N32" name="p48" srcActor="D0N5"/>
            <port dstActor="D0N30" name="p49" srcActor="D0N5"/>
            <port dstActor="D0N15" name="p50" srcActor="D0N5"/>
            <port dstActor="D0N33" name="p51" srcActor="D0N5"/>
            <port dstActor="D0N40" name="p52" srcActor="D0N5"/>
            <port dstActor="D0N17" name="p53" srcActor="D0N5"/>
            <port dstActor="D0N36" name="p54" srcActor="D0N34"/>
            <port dstActor="D0N37" name="p55" srcActor="D0N34"/>
            <port dstActor="D0N37" name="p56" srcActor="D0N16"/>
            <port dstActor="D0N34" name="p57" srcActor="D0N16"/>
            <port dstActor="D0N31" name="p58" srcActor="D0N24"/>
            <port dstActor="D0N19" name="p59" srcActor="D0N17"/>
            <port dstActor="D0N22" name="p60" srcActor="D0N17"/>
            <port dstActor="D0N23" name="p61" srcActor="D0N17"/>
            <port dstActor="D0N37" name="p62" srcActor="D0N33"/>
            <port dstActor="D0N41" name="p63" srcActor="D0N33"/>
            <port dstActor="D0N28" name="p64" srcActor="D0N22"/>
            <port dstActor="D0N36" name="p65" srcActor="D0N22"/>
            <port dstActor="D0N42" name="p66" srcActor="D0N22"/>
            <port dstActor="D0N41" name="p67" srcActor="D0N19"/>
            <port dstActor="D0N37" name="p68" srcActor="D0N19"/>
            <port dstActor="D0N39" name="p69" srcActor="D0N19"/>
            <port dstActor="D0N20" name="p70" srcActor="D0N19"/>
            <port dstActor="D0N35" name="p71" srcActor="D0N14"/>
            <port dstActor="D0N28" name="p72" srcActor="D0N27"/>
            <port dstActor="D0N33" name="p73" srcActor="D0N31"/>
            <port dstActor="D0N12" name="p74" srcActor="D0N8"/>
            <port dstActor="D0N34" name="p75" srcActor="D0N8"/>
            <port dstActor="D0N24" name="p76" srcActor="D0N8"/>
            <port dstActor="D0N29" name="p77" srcActor="D0N8"/>
            <port dstActor="D0N43" name="p78" srcActor="D0N23"/>
            <port dstActor="D0N42" name="p79" srcActor="D0N30"/>
            <port dstActor="D0N33" name="p80" srcActor="D0N30"/>
            <port dstActor="D0N40" name="p81" srcActor="D0N36"/>
            <port dstActor="D0N38" name="p82" srcActor="D0N36"/>
            <port dstActor="D0N39" name="p83" srcActor="D0N36"/>
            <port dstActor="D0N43" name="p84" srcActor="D0N36"/>
            <port dstActor="D0N20" name="p85" srcActor="D0N12"/>
            <port dstActor="D0N16" name="p86" srcActor="D0N12"/>
            <port dstActor="D0N19" name="p87" srcActor="D0N12"/>
            <port dstActor="D0N30" name="p88" srcActor="D0N12"/>
            <port dstActor="D0N37" name="p89" srcActor="D0N29"/>
            <port dstActor="D0N32" name="p90" srcActor="D0N6"/>
            <port dstActor="D0N40" name="p91" srcActor="D0N6"/>
            <port dstActor="D0N41" name="p92" srcActor="D0N15"/>
            <port dstActor="D0N23" name="p93" srcActor="D0N15"/>
            <port dstActor="D0N26" name="p94" srcActor="D0N15"/>
            <port dstActor="D0N18" name="p95" srcActor="D0N15"/>
            <port dstActor="D0N32" name="p96" srcActor="D0N15"/>
            <port dstActor="D0N44" name="p97" srcActor="D0N32"/>
            <port dstActor="D0N41" name="p98" srcActor="D0N32"/>
            <port dstActor="D0N36" name="p99" srcActor="D0N32"/>
            <port dstActor="D0N27" name="p100" srcActor="D0N18"/>
            <port dstActor="D0N20" name="p101" srcActor="D0N7"/>
            <port dstActor="D0N18" name="p102" srcActor="D0N7"/>
            <port dstActor="D0N40" name="p103" srcActor="D0N7"/>
        </ports>
    </mcdag>
    <cores number="3"/>
    <levels number="2"/>
</mcsystem>
