<?xml version="1.0" encoding="UTF-8" standalone="no"?>
<mcsystem>
    <mcdag deadline="2200" name="genned-0-ed-10.0-0">
        <actor name="D0N18">
            <wcet number="0">10</wcet>
            <wcet number="1">80</wcet>
            <maxpow number="0.5565385881110021"/>
            <maxpow number="0.5565385881110021"/>
            <fprob>0.0</fprob>
        </actor>
        <actor name="D0N15">
            <wcet number="0">130</wcet>
            <wcet number="1">160</wcet>
            <maxpow number="0.21942762102310231"/>
            <maxpow number="0.21942762102310231"/>
            <fprob>0.0</fprob>
        </actor>
        <actor name="D0N44">
            <wcet number="0">200</wcet>
            <wcet number="1">250</wcet>
            <maxpow number="0.6043194353902295"/>
            <maxpow number="0.6043194353902295"/>
            <fprob>0.0</fprob>
        </actor>
        <actor name="D0N7">
            <wcet number="0">270</wcet>
            <wcet number="1">280</wcet>
            <maxpow number="0.31724708854523864"/>
            <maxpow number="0.31724708854523864"/>
            <fprob>0.0</fprob>
        </actor>
        <actor name="D0N10">
            <wcet number="0">50</wcet>
            <wcet number="1">60</wcet>
            <maxpow number="0.5345311080265696"/>
            <maxpow number="0.5345311080265696"/>
            <fprob>0.0</fprob>
        </actor>
        <actor name="D0N13">
            <wcet number="0">120</wcet>
            <wcet number="1">190</wcet>
            <maxpow number="0.32286961208329823"/>
            <maxpow number="0.32286961208329823"/>
            <fprob>0.0</fprob>
        </actor>
        <actor name="D0N23">
            <wcet number="0">20</wcet>
            <wcet number="1">30</wcet>
            <maxpow number="0.3308220858912634"/>
            <maxpow number="0.3308220858912634"/>
            <fprob>0.0</fprob>
        </actor>
        <actor name="D0N21">
            <wcet number="0">20</wcet>
            <wcet number="1">100</wcet>
            <maxpow number="0.23676862200715265"/>
            <maxpow number="0.23676862200715265"/>
            <fprob>0.0</fprob>
        </actor>
        <actor name="D0N39">
            <wcet number="0">320</wcet>
            <wcet number="1">360</wcet>
            <maxpow number="0.3904584805821212"/>
            <maxpow number="0.3904584805821212"/>
            <fprob>0.0</fprob>
        </actor>
        <actor name="D0N28">
            <wcet number="0">130</wcet>
            <wcet number="1">160</wcet>
            <maxpow number="0.33369426743545"/>
            <maxpow number="0.33369426743545"/>
            <fprob>0.0</fprob>
        </actor>
        <actor name="D0N38">
            <wcet number="0">40</wcet>
            <wcet number="1">210</wcet>
            <maxpow number="0.7644422092106509"/>
            <maxpow number="0.7644422092106509"/>
            <fprob>0.0</fprob>
        </actor>
        <actor name="D0N4">
            <wcet number="0">90</wcet>
            <wcet number="1">190</wcet>
            <maxpow number="0.8686096619353085"/>
            <maxpow number="0.8686096619353085"/>
            <fprob>0.0</fprob>
        </actor>
        <actor name="D0N20">
            <wcet number="0">50</wcet>
            <wcet number="1">120</wcet>
            <maxpow number="0.5661681639398041"/>
            <maxpow number="0.5661681639398041"/>
            <fprob>0.0</fprob>
        </actor>
        <actor name="D0N27">
            <wcet number="0">10</wcet>
            <wcet number="1">10</wcet>
            <maxpow number="0.6443874960466051"/>
            <maxpow number="0.6443874960466051"/>
            <fprob>0.0</fprob>
        </actor>
        <actor name="D0N24">
            <wcet number="0">80</wcet>
            <wcet number="1">220</wcet>
            <maxpow number="0.7571632638756405"/>
            <maxpow number="0.7571632638756405"/>
            <fprob>0.0</fprob>
        </actor>
        <actor name="D0N30">
            <wcet number="0">110</wcet>
            <wcet number="1">140</wcet>
            <maxpow number="0.48400674721226855"/>
            <maxpow number="0.48400674721226855"/>
            <fprob>0.0</fprob>
        </actor>
        <actor name="D0N26">
            <wcet number="0">60</wcet>
            <wcet number="1">70</wcet>
            <maxpow number="0.41084621915156083"/>
            <maxpow number="0.41084621915156083"/>
            <fprob>0.0</fprob>
        </actor>
        <actor name="D0N40">
            <wcet number="0">10</wcet>
            <wcet number="1">130</wcet>
            <maxpow number="0.5251668368778862"/>
            <maxpow number="0.5251668368778862"/>
            <fprob>0.0</fprob>
        </actor>
        <actor name="D0N47">
            <wcet number="0">20</wcet>
            <wcet number="1">80</wcet>
            <maxpow number="0.6580744623822844"/>
            <maxpow number="0.6580744623822844"/>
            <fprob>0.0</fprob>
        </actor>
        <actor name="D0N37">
            <wcet number="0">140</wcet>
            <wcet number="1">160</wcet>
            <maxpow number="0.4071937982732493"/>
            <maxpow number="0.4071937982732493"/>
            <fprob>0.0</fprob>
        </actor>
        <actor name="D0N12">
            <wcet number="0">10</wcet>
            <wcet number="1">30</wcet>
            <maxpow number="0.5246390815641742"/>
            <maxpow number="0.5246390815641742"/>
            <fprob>0.0</fprob>
        </actor>
        <actor name="D0N34">
            <wcet number="0">130</wcet>
            <wcet number="1">190</wcet>
            <maxpow number="0.23829981146301776"/>
            <maxpow number="0.23829981146301776"/>
            <fprob>0.0</fprob>
        </actor>
        <actor name="D0N32">
            <wcet number="0">30</wcet>
            <wcet number="1">100</wcet>
            <maxpow number="0.7549106899160595"/>
            <maxpow number="0.7549106899160595"/>
            <fprob>0.0</fprob>
        </actor>
        <actor name="D0N6">
            <wcet number="0">10</wcet>
            <wcet number="1">10</wcet>
            <maxpow number="0.38021814478470173"/>
            <maxpow number="0.38021814478470173"/>
            <fprob>0.0</fprob>
        </actor>
        <actor name="D0N1">
            <wcet number="0">60</wcet>
            <wcet number="1">200</wcet>
            <maxpow number="0.4486131332068016"/>
            <maxpow number="0.4486131332068016"/>
            <fprob>0.0</fprob>
        </actor>
        <actor name="D0N8">
            <wcet number="0">50</wcet>
            <wcet number="1">100</wcet>
            <maxpow number="0.5375731146195393"/>
            <maxpow number="0.5375731146195393"/>
            <fprob>0.0</fprob>
        </actor>
        <actor name="D0N42">
            <wcet number="0">20</wcet>
            <wcet number="1">50</wcet>
            <maxpow number="0.7596715630279228"/>
            <maxpow number="0.7596715630279228"/>
            <fprob>0.0</fprob>
        </actor>
        <actor name="D0N48">
            <wcet number="0">120</wcet>
            <wcet number="1">310</wcet>
            <maxpow number="0.6316684462142659"/>
            <maxpow number="0.6316684462142659"/>
            <fprob>0.0</fprob>
        </actor>
        <actor name="D0N49">
            <wcet number="0">20</wcet>
            <wcet number="1">30</wcet>
            <maxpow number="0.5619177124084224"/>
            <maxpow number="0.5619177124084224"/>
            <fprob>0.0</fprob>
        </actor>
        <actor name="D0N46">
            <wcet number="0">40</wcet>
            <wcet number="1">70</wcet>
            <maxpow number="0.5373240450296932"/>
            <maxpow number="0.5373240450296932"/>
            <fprob>0.0</fprob>
        </actor>
        <actor name="D0N16">
            <wcet number="0">20</wcet>
            <wcet number="1">50</wcet>
            <maxpow number="0.43269923875891936"/>
            <maxpow number="0.43269923875891936"/>
            <fprob>0.0</fprob>
        </actor>
        <actor name="D0N19">
            <wcet number="0">80</wcet>
            <wcet number="1">100</wcet>
            <maxpow number="0.5992288903075166"/>
            <maxpow number="0.5992288903075166"/>
            <fprob>0.0</fprob>
        </actor>
        <actor name="D0N14">
            <wcet number="0">80</wcet>
            <wcet number="1">90</wcet>
            <maxpow number="0.5350371709675902"/>
            <maxpow number="0.5350371709675902"/>
            <fprob>0.0</fprob>
        </actor>
        <actor name="D0N45">
            <wcet number="0">20</wcet>
            <wcet number="1">30</wcet>
            <maxpow number="0.6722297903282409"/>
            <maxpow number="0.6722297903282409"/>
            <fprob>0.0</fprob>
        </actor>
        <actor name="D0N36">
            <wcet number="0">100</wcet>
            <wcet number="1">290</wcet>
            <maxpow number="0.6359147214607865"/>
            <maxpow number="0.6359147214607865"/>
            <fprob>0.0</fprob>
        </actor>
        <actor name="D0N25">
            <wcet number="0">50</wcet>
            <wcet number="1">100</wcet>
            <maxpow number="0.4460398612869392"/>
            <maxpow number="0.4460398612869392"/>
            <fprob>0.0</fprob>
        </actor>
        <actor name="D0N5">
            <wcet number="0">20</wcet>
            <wcet number="1">20</wcet>
            <maxpow number="0.5976017482880078"/>
            <maxpow number="0.5976017482880078"/>
            <fprob>0.0</fprob>
        </actor>
        <actor name="D0N43">
            <wcet number="0">20</wcet>
            <wcet number="1">30</wcet>
            <maxpow number="0.445459487539385"/>
            <maxpow number="0.445459487539385"/>
            <fprob>0.0</fprob>
        </actor>
        <actor name="D0N22">
            <wcet number="0">90</wcet>
            <wcet number="1">90</wcet>
            <maxpow number="0.6046858839889733"/>
            <maxpow number="0.6046858839889733"/>
            <fprob>0.0</fprob>
        </actor>
        <actor name="D0N31">
            <wcet number="0">110</wcet>
            <wcet number="1">410</wcet>
            <maxpow number="0.45326213335352317"/>
            <maxpow number="0.45326213335352317"/>
            <fprob>0.0</fprob>
        </actor>
        <actor name="D0N33">
            <wcet number="0">30</wcet>
            <wcet number="1">60</wcet>
            <maxpow number="0.454487129411394"/>
            <maxpow number="0.454487129411394"/>
            <fprob>0.0</fprob>
        </actor>
        <actor name="D0N11">
            <wcet number="0">10</wcet>
            <wcet number="1">30</wcet>
            <maxpow number="0.5387608112978313"/>
            <maxpow number="0.5387608112978313"/>
            <fprob>0.0</fprob>
        </actor>
        <actor name="D0N2">
            <wcet number="0">50</wcet>
            <wcet number="1">50</wcet>
            <maxpow number="0.3901053823578017"/>
            <maxpow number="0.3901053823578017"/>
            <fprob>0.0</fprob>
        </actor>
        <actor name="D0N35">
            <wcet number="0">90</wcet>
            <wcet number="1">210</wcet>
            <maxpow number="0.41409946688159216"/>
            <maxpow number="0.41409946688159216"/>
            <fprob>0.0</fprob>
        </actor>
        <actor name="D0N0">
            <wcet number="0">20</wcet>
            <wcet number="1">40</wcet>
            <maxpow number="0.5532180739296704"/>
            <maxpow number="0.5532180739296704"/>
            <fprob>0.0</fprob>
        </actor>
        <actor name="D0N17">
            <wcet number="0">30</wcet>
            <wcet number="1">50</wcet>
            <maxpow number="0.3914956999631653"/>
            <maxpow number="0.3914956999631653"/>
            <fprob>0.0</fprob>
        </actor>
        <actor name="D0N41">
            <wcet number="0">20</wcet>
            <wcet number="1">50</wcet>
            <maxpow number="0.5937357061838352"/>
            <maxpow number="0.5937357061838352"/>
            <fprob>0.0</fprob>
        </actor>
        <actor name="D0N9">
            <wcet number="0">50</wcet>
            <wcet number="1">100</wcet>
            <maxpow number="0.7265759642129312"/>
            <maxpow number="0.7265759642129312"/>
            <fprob>0.0</fprob>
        </actor>
        <actor name="D0N29">
            <wcet number="0">30</wcet>
            <wcet number="1">160</wcet>
            <maxpow number="0.5635775631882116"/>
            <maxpow number="0.5635775631882116"/>
            <fprob>0.0</fprob>
        </actor>
        <actor name="D0N3">
            <wcet number="0">110</wcet>
            <wcet number="1">110</wcet>
            <maxpow number="0.5731815204621376"/>
            <maxpow number="0.5731815204621376"/>
            <fprob>0.0</fprob>
        </actor>
        <ports>
            <port dstActor="D0N41" name="p0" srcActor="D0N18"/>
            <port dstActor="D0N39" name="p1" srcActor="D0N18"/>
            <port dstActor="D0N29" name="p2" srcActor="D0N15"/>
            <port dstActor="D0N46" name="p3" srcActor="D0N15"/>
            <port dstActor="D0N47" name="p4" srcActor="D0N15"/>
            <port dstActor="D0N34" name="p5" srcActor="D0N15"/>
            <port dstActor="D0N30" name="p6" srcActor="D0N7"/>
            <port dstActor="D0N35" name="p7" srcActor="D0N7"/>
            <port dstActor="D0N14" name="p8" srcActor="D0N7"/>
            <port dstActor="D0N23" name="p9" srcActor="D0N7"/>
            <port dstActor="D0N21" name="p10" srcActor="D0N10"/>
            <port dstActor="D0N49" name="p11" srcActor="D0N10"/>
            <port dstActor="D0N35" name="p12" srcActor="D0N10"/>
            <port dstActor="D0N30" name="p13" srcActor="D0N10"/>
            <port dstActor="D0N12" name="p14" srcActor="D0N10"/>
            <port dstActor="D0N14" name="p15" srcActor="D0N10"/>
            <port dstActor="D0N42" name="p16" srcActor="D0N13"/>
            <port dstActor="D0N43" name="p17" srcActor="D0N13"/>
            <port dstActor="D0N36" name="p18" srcActor="D0N13"/>
            <port dstActor="D0N40" name="p19" srcActor="D0N13"/>
            <port dstActor="D0N47" name="p20" srcActor="D0N23"/>
            <port dstActor="D0N22" name="p21" srcActor="D0N21"/>
            <port dstActor="D0N46" name="p22" srcActor="D0N21"/>
            <port dstActor="D0N32" name="p23" srcActor="D0N21"/>
            <port dstActor="D0N44" name="p24" srcActor="D0N39"/>
            <port dstActor="D0N30" name="p25" srcActor="D0N28"/>
            <port dstActor="D0N39" name="p26" srcActor="D0N38"/>
            <port dstActor="D0N17" name="p27" srcActor="D0N4"/>
            <port dstActor="D0N47" name="p28" srcActor="D0N4"/>
            <port dstActor="D0N38" name="p29" srcActor="D0N4"/>
            <port dstActor="D0N47" name="p30" srcActor="D0N20"/>
            <port dstActor="D0N49" name="p31" srcActor="D0N20"/>
            <port dstActor="D0N34" name="p32" srcActor="D0N20"/>
            <port dstActor="D0N38" name="p33" srcActor="D0N27"/>
            <port dstActor="D0N42" name="p34" srcActor="D0N24"/>
            <port dstActor="D0N46" name="p35" srcActor="D0N24"/>
            <port dstActor="D0N41" name="p36" srcActor="D0N24"/>
            <port dstActor="D0N33" name="p37" srcActor="D0N24"/>
            <port dstActor="D0N47" name="p38" srcActor="D0N30"/>
            <port dstActor="D0N39" name="p39" srcActor="D0N30"/>
            <port dstActor="D0N32" name="p40" srcActor="D0N30"/>
            <port dstActor="D0N38" name="p41" srcActor="D0N30"/>
            <port dstActor="D0N45" name="p42" srcActor="D0N26"/>
            <port dstActor="D0N31" name="p43" srcActor="D0N26"/>
            <port dstActor="D0N29" name="p44" srcActor="D0N26"/>
            <port dstActor="D0N49" name="p45" srcActor="D0N37"/>
            <port dstActor="D0N47" name="p46" srcActor="D0N37"/>
            <port dstActor="D0N42" name="p47" srcActor="D0N37"/>
            <port dstActor="D0N30" name="p48" srcActor="D0N12"/>
            <port dstActor="D0N20" name="p49" srcActor="D0N12"/>
            <port dstActor="D0N22" name="p50" srcActor="D0N12"/>
            <port dstActor="D0N47" name="p51" srcActor="D0N34"/>
            <port dstActor="D0N38" name="p52" srcActor="D0N34"/>
            <port dstActor="D0N34" name="p53" srcActor="D0N32"/>
            <port dstActor="D0N44" name="p54" srcActor="D0N32"/>
            <port dstActor="D0N38" name="p55" srcActor="D0N6"/>
            <port dstActor="D0N18" name="p56" srcActor="D0N6"/>
            <port dstActor="D0N44" name="p57" srcActor="D0N6"/>
            <port dstActor="D0N9" name="p58" srcActor="D0N6"/>
            <port dstActor="D0N41" name="p59" srcActor="D0N6"/>
            <port dstActor="D0N48" name="p60" srcActor="D0N6"/>
            <port dstActor="D0N7" name="p61" srcActor="D0N6"/>
            <port dstActor="D0N40" name="p62" srcActor="D0N1"/>
            <port dstActor="D0N35" name="p63" srcActor="D0N1"/>
            <port dstActor="D0N21" name="p64" srcActor="D0N1"/>
            <port dstActor="D0N15" name="p65" srcActor="D0N8"/>
            <port dstActor="D0N22" name="p66" srcActor="D0N8"/>
            <port dstActor="D0N43" name="p67" srcActor="D0N8"/>
            <port dstActor="D0N44" name="p68" srcActor="D0N42"/>
            <port dstActor="D0N49" name="p69" srcActor="D0N48"/>
            <port dstActor="D0N32" name="p70" srcActor="D0N16"/>
            <port dstActor="D0N19" name="p71" srcActor="D0N16"/>
            <port dstActor="D0N31" name="p72" srcActor="D0N16"/>
            <port dstActor="D0N18" name="p73" srcActor="D0N16"/>
            <port dstActor="D0N42" name="p74" srcActor="D0N19"/>
            <port dstActor="D0N27" name="p75" srcActor="D0N19"/>
            <port dstActor="D0N45" name="p76" srcActor="D0N19"/>
            <port dstActor="D0N25" name="p77" srcActor="D0N14"/>
            <port dstActor="D0N26" name="p78" srcActor="D0N14"/>
            <port dstActor="D0N32" name="p79" srcActor="D0N14"/>
            <port dstActor="D0N35" name="p80" srcActor="D0N14"/>
            <port dstActor="D0N42" name="p81" srcActor="D0N14"/>
            <port dstActor="D0N43" name="p82" srcActor="D0N36"/>
            <port dstActor="D0N45" name="p83" srcActor="D0N25"/>
            <port dstActor="D0N40" name="p84" srcActor="D0N25"/>
            <port dstActor="D0N30" name="p85" srcActor="D0N5"/>
            <port dstActor="D0N42" name="p86" srcActor="D0N5"/>
            <port dstActor="D0N40" name="p87" srcActor="D0N5"/>
            <port dstActor="D0N44" name="p88" srcActor="D0N5"/>
            <port dstActor="D0N32" name="p89" srcActor="D0N22"/>
            <port dstActor="D0N23" name="p90" srcActor="D0N22"/>
            <port dstActor="D0N41" name="p91" srcActor="D0N33"/>
            <port dstActor="D0N33" name="p92" srcActor="D0N11"/>
            <port dstActor="D0N39" name="p93" srcActor="D0N11"/>
            <port dstActor="D0N24" name="p94" srcActor="D0N11"/>
            <port dstActor="D0N13" name="p95" srcActor="D0N11"/>
            <port dstActor="D0N7" name="p96" srcActor="D0N2"/>
            <port dstActor="D0N25" name="p97" srcActor="D0N2"/>
            <port dstActor="D0N47" name="p98" srcActor="D0N2"/>
            <port dstActor="D0N17" name="p99" srcActor="D0N2"/>
            <port dstActor="D0N27" name="p100" srcActor="D0N2"/>
            <port dstActor="D0N32" name="p101" srcActor="D0N2"/>
            <port dstActor="D0N13" name="p102" srcActor="D0N2"/>
            <port dstActor="D0N45" name="p103" srcActor="D0N35"/>
            <port dstActor="D0N41" name="p104" srcActor="D0N35"/>
            <port dstActor="D0N27" name="p105" srcActor="D0N0"/>
            <port dstActor="D0N7" name="p106" srcActor="D0N0"/>
            <port dstActor="D0N8" name="p107" srcActor="D0N0"/>
            <port dstActor="D0N25" name="p108" srcActor="D0N0"/>
            <port dstActor="D0N27" name="p109" srcActor="D0N17"/>
            <port dstActor="D0N45" name="p110" srcActor="D0N17"/>
            <port dstActor="D0N31" name="p111" srcActor="D0N17"/>
            <port dstActor="D0N26" name="p112" srcActor="D0N17"/>
            <port dstActor="D0N35" name="p113" srcActor="D0N17"/>
            <port dstActor="D0N42" name="p114" srcActor="D0N41"/>
            <port dstActor="D0N44" name="p115" srcActor="D0N41"/>
            <port dstActor="D0N29" name="p116" srcActor="D0N9"/>
            <port dstActor="D0N49" name="p117" srcActor="D0N9"/>
            <port dstActor="D0N30" name="p118" srcActor="D0N9"/>
            <port dstActor="D0N46" name="p119" srcActor="D0N9"/>
            <port dstActor="D0N25" name="p120" srcActor="D0N9"/>
            <port dstActor="D0N34" name="p121" srcActor="D0N9"/>
            <port dstActor="D0N35" name="p122" srcActor="D0N9"/>
            <port dstActor="D0N39" name="p123" srcActor="D0N9"/>
            <port dstActor="D0N33" name="p124" srcActor="D0N29"/>
            <port dstActor="D0N35" name="p125" srcActor="D0N29"/>
            <port dstActor="D0N9" name="p126" srcActor="D0N3"/>
            <port dstActor="D0N36" name="p127" srcActor="D0N3"/>
            <port dstActor="D0N8" name="p128" srcActor="D0N3"/>
            <port dstActor="D0N31" name="p129" srcActor="D0N3"/>
        </ports>
    </mcdag>
    <cores number="3"/>
    <levels number="2"/>
</mcsystem>
