<?xml version="1.0" encoding="UTF-8" standalone="no"?>
<mcsystem>
    <mcdag deadline="2500" name="genned-0-ed-10.0-0">
        <actor name="D0N0">
            <wcet number="0">10</wcet>
            <wcet number="1">120</wcet>
            <maxpow number="0.3104009360130592"/>
            <maxpow number="0.3104009360130592"/>
            <fprob>0.0</fprob>
        </actor>
        <actor name="D0N8">
            <wcet number="0">130</wcet>
            <wcet number="1">220</wcet>
            <maxpow number="0.5951158156040999"/>
            <maxpow number="0.5951158156040999"/>
            <fprob>0.0</fprob>
        </actor>
        <actor name="D0N9">
            <wcet number="0">20</wcet>
            <wcet number="1">90</wcet>
            <maxpow number="0.5075891110323402"/>
            <maxpow number="0.5075891110323402"/>
            <fprob>0.0</fprob>
        </actor>
        <actor name="D0N12">
            <wcet number="0">650</wcet>
            <wcet number="1">670</wcet>
            <maxpow number="0.6248899385388487"/>
            <maxpow number="0.6248899385388487"/>
            <fprob>0.0</fprob>
        </actor>
        <actor name="D0N2">
            <wcet number="0">20</wcet>
            <wcet number="1">70</wcet>
            <maxpow number="0.5793771905545767"/>
            <maxpow number="0.5793771905545767"/>
            <fprob>0.0</fprob>
        </actor>
        <actor name="D0N5">
            <wcet number="0">160</wcet>
            <wcet number="1">180</wcet>
            <maxpow number="0.5214526025787672"/>
            <maxpow number="0.5214526025787672"/>
            <fprob>0.0</fprob>
        </actor>
        <actor name="D0N10">
            <wcet number="0">10</wcet>
            <wcet number="1">20</wcet>
            <maxpow number="0.19710021208154727"/>
            <maxpow number="0.19710021208154727"/>
            <fprob>0.0</fprob>
        </actor>
        <actor name="D0N43">
            <wcet number="0">60</wcet>
            <wcet number="1">130</wcet>
            <maxpow number="0.6513003511395207"/>
            <maxpow number="0.6513003511395207"/>
            <fprob>0.0</fprob>
        </actor>
        <actor name="D0N44">
            <wcet number="0">190</wcet>
            <wcet number="1">220</wcet>
            <maxpow number="0.2979341779584068"/>
            <maxpow number="0.2979341779584068"/>
            <fprob>0.0</fprob>
        </actor>
        <actor name="D0N11">
            <wcet number="0">10</wcet>
            <wcet number="1">10</wcet>
            <maxpow number="0.4887141895107532"/>
            <maxpow number="0.4887141895107532"/>
            <fprob>0.0</fprob>
        </actor>
        <actor name="D0N19">
            <wcet number="0">30</wcet>
            <wcet number="1">30</wcet>
            <maxpow number="0.4933385053612128"/>
            <maxpow number="0.4933385053612128"/>
            <fprob>0.0</fprob>
        </actor>
        <actor name="D0N24">
            <wcet number="0">20</wcet>
            <wcet number="1">90</wcet>
            <maxpow number="0.7488174220767096"/>
            <maxpow number="0.7488174220767096"/>
            <fprob>0.0</fprob>
        </actor>
        <actor name="D0N31">
            <wcet number="0">100</wcet>
            <wcet number="1">180</wcet>
            <maxpow number="0.5599778152977715"/>
            <maxpow number="0.5599778152977715"/>
            <fprob>0.0</fprob>
        </actor>
        <actor name="D0N14">
            <wcet number="0">60</wcet>
            <wcet number="1">60</wcet>
            <maxpow number="0.5401648205400307"/>
            <maxpow number="0.5401648205400307"/>
            <fprob>0.0</fprob>
        </actor>
        <actor name="D0N45">
            <wcet number="0">10</wcet>
            <wcet number="1">10</wcet>
            <maxpow number="0.664064745142894"/>
            <maxpow number="0.664064745142894"/>
            <fprob>0.0</fprob>
        </actor>
        <actor name="D0N20">
            <wcet number="0">210</wcet>
            <wcet number="1">230</wcet>
            <maxpow number="0.22348513869997894"/>
            <maxpow number="0.22348513869997894"/>
            <fprob>0.0</fprob>
        </actor>
        <actor name="D0N7">
            <wcet number="0">50</wcet>
            <wcet number="1">60</wcet>
            <maxpow number="0.19988821887709712"/>
            <maxpow number="0.19988821887709712"/>
            <fprob>0.0</fprob>
        </actor>
        <actor name="D0N16">
            <wcet number="0">10</wcet>
            <wcet number="1">60</wcet>
            <maxpow number="0.5914053208743132"/>
            <maxpow number="0.5914053208743132"/>
            <fprob>0.0</fprob>
        </actor>
        <actor name="D0N27">
            <wcet number="0">20</wcet>
            <wcet number="1">90</wcet>
            <maxpow number="0.8196128694562572"/>
            <maxpow number="0.8196128694562572"/>
            <fprob>0.0</fprob>
        </actor>
        <actor name="D0N3">
            <wcet number="0">60</wcet>
            <wcet number="1">80</wcet>
            <maxpow number="0.44874638592776"/>
            <maxpow number="0.44874638592776"/>
            <fprob>0.0</fprob>
        </actor>
        <actor name="D0N35">
            <wcet number="0">140</wcet>
            <wcet number="1">370</wcet>
            <maxpow number="0.539543616230274"/>
            <maxpow number="0.539543616230274"/>
            <fprob>0.0</fprob>
        </actor>
        <actor name="D0N48">
            <wcet number="0">10</wcet>
            <wcet number="1">10</wcet>
            <maxpow number="0.2945848318897514"/>
            <maxpow number="0.2945848318897514"/>
            <fprob>0.0</fprob>
        </actor>
        <actor name="D0N1">
            <wcet number="0">60</wcet>
            <wcet number="1">290</wcet>
            <maxpow number="0.7589329536782932"/>
            <maxpow number="0.7589329536782932"/>
            <fprob>0.0</fprob>
        </actor>
        <actor name="D0N42">
            <wcet number="0">10</wcet>
            <wcet number="1">50</wcet>
            <maxpow number="0.1940124062780615"/>
            <maxpow number="0.1940124062780615"/>
            <fprob>0.0</fprob>
        </actor>
        <actor name="D0N33">
            <wcet number="0">10</wcet>
            <wcet number="1">20</wcet>
            <maxpow number="0.7346185923468178"/>
            <maxpow number="0.7346185923468178"/>
            <fprob>0.0</fprob>
        </actor>
        <actor name="D0N32">
            <wcet number="0">170</wcet>
            <wcet number="1">170</wcet>
            <maxpow number="0.5559970726448681"/>
            <maxpow number="0.5559970726448681"/>
            <fprob>0.0</fprob>
        </actor>
        <actor name="D0N47">
            <wcet number="0">10</wcet>
            <wcet number="1">30</wcet>
            <maxpow number="0.3565331585864583"/>
            <maxpow number="0.3565331585864583"/>
            <fprob>0.0</fprob>
        </actor>
        <actor name="D0N29">
            <wcet number="0">10</wcet>
            <wcet number="1">10</wcet>
            <maxpow number="0.5949722210451817"/>
            <maxpow number="0.5949722210451817"/>
            <fprob>0.0</fprob>
        </actor>
        <actor name="D0N26">
            <wcet number="0">10</wcet>
            <wcet number="1">20</wcet>
            <maxpow number="0.6153132817509608"/>
            <maxpow number="0.6153132817509608"/>
            <fprob>0.0</fprob>
        </actor>
        <actor name="D0N25">
            <wcet number="0">350</wcet>
            <wcet number="1">460</wcet>
            <maxpow number="0.8117027146512774"/>
            <maxpow number="0.8117027146512774"/>
            <fprob>0.0</fprob>
        </actor>
        <actor name="D0N18">
            <wcet number="0">20</wcet>
            <wcet number="1">20</wcet>
            <maxpow number="0.5363161102062126"/>
            <maxpow number="0.5363161102062126"/>
            <fprob>0.0</fprob>
        </actor>
        <actor name="D0N34">
            <wcet number="0">100</wcet>
            <wcet number="1">270</wcet>
            <maxpow number="0.6996438641826361"/>
            <maxpow number="0.6996438641826361"/>
            <fprob>0.0</fprob>
        </actor>
        <actor name="D0N37">
            <wcet number="0">30</wcet>
            <wcet number="1">40</wcet>
            <maxpow number="0.22057097647819557"/>
            <maxpow number="0.22057097647819557"/>
            <fprob>0.0</fprob>
        </actor>
        <actor name="D0N13">
            <wcet number="0">20</wcet>
            <wcet number="1">40</wcet>
            <maxpow number="0.1819935983692652"/>
            <maxpow number="0.1819935983692652"/>
            <fprob>0.0</fprob>
        </actor>
        <actor name="D0N22">
            <wcet number="0">10</wcet>
            <wcet number="1">60</wcet>
            <maxpow number="0.5459679415346327"/>
            <maxpow number="0.5459679415346327"/>
            <fprob>0.0</fprob>
        </actor>
        <actor name="D0N40">
            <wcet number="0">50</wcet>
            <wcet number="1">130</wcet>
            <maxpow number="0.40460187808979026"/>
            <maxpow number="0.40460187808979026"/>
            <fprob>0.0</fprob>
        </actor>
        <actor name="D0N23">
            <wcet number="0">40</wcet>
            <wcet number="1">80</wcet>
            <maxpow number="0.4852231745035659"/>
            <maxpow number="0.4852231745035659"/>
            <fprob>0.0</fprob>
        </actor>
        <actor name="D0N30">
            <wcet number="0">140</wcet>
            <wcet number="1">140</wcet>
            <maxpow number="0.39507164294702435"/>
            <maxpow number="0.39507164294702435"/>
            <fprob>0.0</fprob>
        </actor>
        <actor name="D0N17">
            <wcet number="0">10</wcet>
            <wcet number="1">70</wcet>
            <maxpow number="0.6865750685189114"/>
            <maxpow number="0.6865750685189114"/>
            <fprob>0.0</fprob>
        </actor>
        <actor name="D0N28">
            <wcet number="0">20</wcet>
            <wcet number="1">40</wcet>
            <maxpow number="0.7200370260983199"/>
            <maxpow number="0.7200370260983199"/>
            <fprob>0.0</fprob>
        </actor>
        <actor name="D0N46">
            <wcet number="0">10</wcet>
            <wcet number="1">120</wcet>
            <maxpow number="0.4263672346575645"/>
            <maxpow number="0.4263672346575645"/>
            <fprob>0.0</fprob>
        </actor>
        <actor name="D0N4">
            <wcet number="0">50</wcet>
            <wcet number="1">80</wcet>
            <maxpow number="0.3399456321338777"/>
            <maxpow number="0.3399456321338777"/>
            <fprob>0.0</fprob>
        </actor>
        <actor name="D0N6">
            <wcet number="0">20</wcet>
            <wcet number="1">40</wcet>
            <maxpow number="0.680028426621541"/>
            <maxpow number="0.680028426621541"/>
            <fprob>0.0</fprob>
        </actor>
        <actor name="D0N15">
            <wcet number="0">10</wcet>
            <wcet number="1">20</wcet>
            <maxpow number="0.6901416189902283"/>
            <maxpow number="0.6901416189902283"/>
            <fprob>0.0</fprob>
        </actor>
        <actor name="D0N39">
            <wcet number="0">10</wcet>
            <wcet number="1">70</wcet>
            <maxpow number="0.6524973302287572"/>
            <maxpow number="0.6524973302287572"/>
            <fprob>0.0</fprob>
        </actor>
        <actor name="D0N21">
            <wcet number="0">10</wcet>
            <wcet number="1">20</wcet>
            <maxpow number="0.5559853436676461"/>
            <maxpow number="0.5559853436676461"/>
            <fprob>0.0</fprob>
        </actor>
        <actor name="D0N36">
            <wcet number="0">10</wcet>
            <wcet number="1">30</wcet>
            <maxpow number="0.481508150729044"/>
            <maxpow number="0.481508150729044"/>
            <fprob>0.0</fprob>
        </actor>
        <actor name="D0N41">
            <wcet number="0">50</wcet>
            <wcet number="1">100</wcet>
            <maxpow number="0.6901118642790884"/>
            <maxpow number="0.6901118642790884"/>
            <fprob>0.0</fprob>
        </actor>
        <actor name="D0N38">
            <wcet number="0">50</wcet>
            <wcet number="1">80</wcet>
            <maxpow number="0.8997590549881751"/>
            <maxpow number="0.8997590549881751"/>
            <fprob>0.0</fprob>
        </actor>
        <ports>
            <port dstActor="D0N25" name="p0" srcActor="D0N0"/>
            <port dstActor="D0N35" name="p1" srcActor="D0N0"/>
            <port dstActor="D0N22" name="p2" srcActor="D0N0"/>
            <port dstActor="D0N13" name="p3" srcActor="D0N8"/>
            <port dstActor="D0N23" name="p4" srcActor="D0N8"/>
            <port dstActor="D0N15" name="p5" srcActor="D0N9"/>
            <port dstActor="D0N16" name="p6" srcActor="D0N9"/>
            <port dstActor="D0N20" name="p7" srcActor="D0N12"/>
            <port dstActor="D0N26" name="p8" srcActor="D0N2"/>
            <port dstActor="D0N4" name="p9" srcActor="D0N2"/>
            <port dstActor="D0N21" name="p10" srcActor="D0N2"/>
            <port dstActor="D0N36" name="p11" srcActor="D0N2"/>
            <port dstActor="D0N6" name="p12" srcActor="D0N5"/>
            <port dstActor="D0N37" name="p13" srcActor="D0N5"/>
            <port dstActor="D0N27" name="p14" srcActor="D0N10"/>
            <port dstActor="D0N46" name="p15" srcActor="D0N10"/>
            <port dstActor="D0N35" name="p16" srcActor="D0N10"/>
            <port dstActor="D0N18" name="p17" srcActor="D0N11"/>
            <port dstActor="D0N13" name="p18" srcActor="D0N11"/>
            <port dstActor="D0N14" name="p19" srcActor="D0N11"/>
            <port dstActor="D0N38" name="p20" srcActor="D0N19"/>
            <port dstActor="D0N26" name="p21" srcActor="D0N19"/>
            <port dstActor="D0N28" name="p22" srcActor="D0N19"/>
            <port dstActor="D0N29" name="p23" srcActor="D0N19"/>
            <port dstActor="D0N34" name="p24" srcActor="D0N24"/>
            <port dstActor="D0N42" name="p25" srcActor="D0N24"/>
            <port dstActor="D0N38" name="p26" srcActor="D0N31"/>
            <port dstActor="D0N39" name="p27" srcActor="D0N31"/>
            <port dstActor="D0N36" name="p28" srcActor="D0N31"/>
            <port dstActor="D0N41" name="p29" srcActor="D0N14"/>
            <port dstActor="D0N43" name="p30" srcActor="D0N14"/>
            <port dstActor="D0N28" name="p31" srcActor="D0N14"/>
            <port dstActor="D0N25" name="p32" srcActor="D0N20"/>
            <port dstActor="D0N26" name="p33" srcActor="D0N20"/>
            <port dstActor="D0N22" name="p34" srcActor="D0N20"/>
            <port dstActor="D0N30" name="p35" srcActor="D0N20"/>
            <port dstActor="D0N24" name="p36" srcActor="D0N7"/>
            <port dstActor="D0N14" name="p37" srcActor="D0N7"/>
            <port dstActor="D0N39" name="p38" srcActor="D0N7"/>
            <port dstActor="D0N19" name="p39" srcActor="D0N16"/>
            <port dstActor="D0N32" name="p40" srcActor="D0N16"/>
            <port dstActor="D0N21" name="p41" srcActor="D0N16"/>
            <port dstActor="D0N39" name="p42" srcActor="D0N27"/>
            <port dstActor="D0N41" name="p43" srcActor="D0N27"/>
            <port dstActor="D0N44" name="p44" srcActor="D0N27"/>
            <port dstActor="D0N40" name="p45" srcActor="D0N3"/>
            <port dstActor="D0N39" name="p46" srcActor="D0N3"/>
            <port dstActor="D0N37" name="p47" srcActor="D0N35"/>
            <port dstActor="D0N44" name="p48" srcActor="D0N35"/>
            <port dstActor="D0N46" name="p49" srcActor="D0N35"/>
            <port dstActor="D0N35" name="p50" srcActor="D0N1"/>
            <port dstActor="D0N43" name="p51" srcActor="D0N1"/>
            <port dstActor="D0N20" name="p52" srcActor="D0N1"/>
            <port dstActor="D0N47" name="p53" srcActor="D0N1"/>
            <port dstActor="D0N13" name="p54" srcActor="D0N1"/>
            <port dstActor="D0N44" name="p55" srcActor="D0N33"/>
            <port dstActor="D0N38" name="p56" srcActor="D0N33"/>
            <port dstActor="D0N46" name="p57" srcActor="D0N32"/>
            <port dstActor="D0N42" name="p58" srcActor="D0N26"/>
            <port dstActor="D0N40" name="p59" srcActor="D0N26"/>
            <port dstActor="D0N38" name="p60" srcActor="D0N26"/>
            <port dstActor="D0N47" name="p61" srcActor="D0N26"/>
            <port dstActor="D0N47" name="p62" srcActor="D0N25"/>
            <port dstActor="D0N37" name="p63" srcActor="D0N18"/>
            <port dstActor="D0N46" name="p64" srcActor="D0N18"/>
            <port dstActor="D0N22" name="p65" srcActor="D0N18"/>
            <port dstActor="D0N44" name="p66" srcActor="D0N18"/>
            <port dstActor="D0N25" name="p67" srcActor="D0N18"/>
            <port dstActor="D0N39" name="p68" srcActor="D0N34"/>
            <port dstActor="D0N46" name="p69" srcActor="D0N34"/>
            <port dstActor="D0N42" name="p70" srcActor="D0N34"/>
            <port dstActor="D0N43" name="p71" srcActor="D0N37"/>
            <port dstActor="D0N25" name="p72" srcActor="D0N13"/>
            <port dstActor="D0N46" name="p73" srcActor="D0N22"/>
            <port dstActor="D0N31" name="p74" srcActor="D0N22"/>
            <port dstActor="D0N41" name="p75" srcActor="D0N40"/>
            <port dstActor="D0N45" name="p76" srcActor="D0N40"/>
            <port dstActor="D0N42" name="p77" srcActor="D0N40"/>
            <port dstActor="D0N37" name="p78" srcActor="D0N30"/>
            <port dstActor="D0N39" name="p79" srcActor="D0N30"/>
            <port dstActor="D0N18" name="p80" srcActor="D0N17"/>
            <port dstActor="D0N47" name="p81" srcActor="D0N17"/>
            <port dstActor="D0N42" name="p82" srcActor="D0N28"/>
            <port dstActor="D0N47" name="p83" srcActor="D0N4"/>
            <port dstActor="D0N7" name="p84" srcActor="D0N4"/>
            <port dstActor="D0N33" name="p85" srcActor="D0N4"/>
            <port dstActor="D0N48" name="p86" srcActor="D0N4"/>
            <port dstActor="D0N45" name="p87" srcActor="D0N4"/>
            <port dstActor="D0N34" name="p88" srcActor="D0N6"/>
            <port dstActor="D0N27" name="p89" srcActor="D0N6"/>
            <port dstActor="D0N48" name="p90" srcActor="D0N6"/>
            <port dstActor="D0N22" name="p91" srcActor="D0N15"/>
            <port dstActor="D0N28" name="p92" srcActor="D0N15"/>
            <port dstActor="D0N41" name="p93" srcActor="D0N39"/>
            <port dstActor="D0N46" name="p94" srcActor="D0N39"/>
            <port dstActor="D0N25" name="p95" srcActor="D0N21"/>
            <port dstActor="D0N39" name="p96" srcActor="D0N21"/>
            <port dstActor="D0N37" name="p97" srcActor="D0N36"/>
            <port dstActor="D0N46" name="p98" srcActor="D0N36"/>
            <port dstActor="D0N48" name="p99" srcActor="D0N38"/>
            <port dstActor="D0N43" name="p100" srcActor="D0N38"/>
            <port dstActor="D0N40" name="p101" srcActor="D0N38"/>
            <port dstActor="D0N39" name="p102" srcActor="D0N38"/>
        </ports>
    </mcdag>
    <cores number="3"/>
    <levels number="2"/>
</mcsystem>
