<?xml version="1.0" encoding="UTF-8" standalone="no"?>
<mcsystem>
    <mcdag deadline="1200" name="genned-0-ed-10.0-0">
        <actor name="D0N10">
            <wcet number="0">20</wcet>
            <wcet number="1">20</wcet>
            <maxpow number="0.3792915059215698"/>
            <maxpow number="0.3792915059215698"/>
            <fprob>0.0</fprob>
        </actor>
        <actor name="D0N35">
            <wcet number="0">130</wcet>
            <wcet number="1">200</wcet>
            <maxpow number="0.7934413367443959"/>
            <maxpow number="0.7934413367443959"/>
            <fprob>0.0</fprob>
        </actor>
        <actor name="D0N25">
            <wcet number="0">10</wcet>
            <wcet number="1">10</wcet>
            <maxpow number="0.48008235083101203"/>
            <maxpow number="0.48008235083101203"/>
            <fprob>0.0</fprob>
        </actor>
        <actor name="D0N20">
            <wcet number="0">20</wcet>
            <wcet number="1">160</wcet>
            <maxpow number="0.42426419550934547"/>
            <maxpow number="0.42426419550934547"/>
            <fprob>0.0</fprob>
        </actor>
        <actor name="D0N40">
            <wcet number="0">50</wcet>
            <wcet number="1">130</wcet>
            <maxpow number="0.3513871641439359"/>
            <maxpow number="0.3513871641439359"/>
            <fprob>0.0</fprob>
        </actor>
        <actor name="D0N23">
            <wcet number="0">10</wcet>
            <wcet number="1">100</wcet>
            <maxpow number="0.8158494583734821"/>
            <maxpow number="0.8158494583734821"/>
            <fprob>0.0</fprob>
        </actor>
        <actor name="D0N15">
            <wcet number="0">10</wcet>
            <wcet number="1">80</wcet>
            <maxpow number="0.5705799178957228"/>
            <maxpow number="0.5705799178957228"/>
            <fprob>0.0</fprob>
        </actor>
        <actor name="D0N5">
            <wcet number="0">20</wcet>
            <wcet number="1">20</wcet>
            <maxpow number="0.24960090237056465"/>
            <maxpow number="0.24960090237056465"/>
            <fprob>0.0</fprob>
        </actor>
        <actor name="D0N30">
            <wcet number="0">80</wcet>
            <wcet number="1">80</wcet>
            <maxpow number="0.4944698542520376"/>
            <maxpow number="0.4944698542520376"/>
            <fprob>0.0</fprob>
        </actor>
        <actor name="D0N42">
            <wcet number="0">80</wcet>
            <wcet number="1">90</wcet>
            <maxpow number="0.2515341246605005"/>
            <maxpow number="0.2515341246605005"/>
            <fprob>0.0</fprob>
        </actor>
        <actor name="D0N12">
            <wcet number="0">90</wcet>
            <wcet number="1">150</wcet>
            <maxpow number="0.6485842269627383"/>
            <maxpow number="0.6485842269627383"/>
            <fprob>0.0</fprob>
        </actor>
        <actor name="D0N33">
            <wcet number="0">10</wcet>
            <wcet number="1">50</wcet>
            <maxpow number="0.870137827774667"/>
            <maxpow number="0.870137827774667"/>
            <fprob>0.0</fprob>
        </actor>
        <actor name="D0N19">
            <wcet number="0">30</wcet>
            <wcet number="1">40</wcet>
            <maxpow number="0.29244094505096735"/>
            <maxpow number="0.29244094505096735"/>
            <fprob>0.0</fprob>
        </actor>
        <actor name="D0N24">
            <wcet number="0">30</wcet>
            <wcet number="1">40</wcet>
            <maxpow number="0.530387981202595"/>
            <maxpow number="0.530387981202595"/>
            <fprob>0.0</fprob>
        </actor>
        <actor name="D0N16">
            <wcet number="0">20</wcet>
            <wcet number="1">70</wcet>
            <maxpow number="0.6357945751411377"/>
            <maxpow number="0.6357945751411377"/>
            <fprob>0.0</fprob>
        </actor>
        <actor name="D0N9">
            <wcet number="0">20</wcet>
            <wcet number="1">20</wcet>
            <maxpow number="0.5843832159825388"/>
            <maxpow number="0.5843832159825388"/>
            <fprob>0.0</fprob>
        </actor>
        <actor name="D0N2">
            <wcet number="0">10</wcet>
            <wcet number="1">10</wcet>
            <maxpow number="0.6375192053663564"/>
            <maxpow number="0.6375192053663564"/>
            <fprob>0.0</fprob>
        </actor>
        <actor name="D0N0">
            <wcet number="0">10</wcet>
            <wcet number="1">10</wcet>
            <maxpow number="0.49009103719837477"/>
            <maxpow number="0.49009103719837477"/>
            <fprob>0.0</fprob>
        </actor>
        <actor name="D0N11">
            <wcet number="0">40</wcet>
            <wcet number="1">70</wcet>
            <maxpow number="0.5321573887898468"/>
            <maxpow number="0.5321573887898468"/>
            <fprob>0.0</fprob>
        </actor>
        <actor name="D0N3">
            <wcet number="0">120</wcet>
            <wcet number="1">150</wcet>
            <maxpow number="0.4133731302220319"/>
            <maxpow number="0.4133731302220319"/>
            <fprob>0.0</fprob>
        </actor>
        <actor name="D0N36">
            <wcet number="0">60</wcet>
            <wcet number="1">150</wcet>
            <maxpow number="0.6299530028078721"/>
            <maxpow number="0.6299530028078721"/>
            <fprob>0.0</fprob>
        </actor>
        <actor name="D0N44">
            <wcet number="0">30</wcet>
            <wcet number="1">30</wcet>
            <maxpow number="0.5431164840766914"/>
            <maxpow number="0.5431164840766914"/>
            <fprob>0.0</fprob>
        </actor>
        <actor name="D0N38">
            <wcet number="0">70</wcet>
            <wcet number="1">120</wcet>
            <maxpow number="0.9604308400195064"/>
            <maxpow number="0.9604308400195064"/>
            <fprob>0.0</fprob>
        </actor>
        <actor name="D0N43">
            <wcet number="0">10</wcet>
            <wcet number="1">10</wcet>
            <maxpow number="0.5438076684319273"/>
            <maxpow number="0.5438076684319273"/>
            <fprob>0.0</fprob>
        </actor>
        <actor name="D0N17">
            <wcet number="0">10</wcet>
            <wcet number="1">20</wcet>
            <maxpow number="0.7577874904246282"/>
            <maxpow number="0.7577874904246282"/>
            <fprob>0.0</fprob>
        </actor>
        <actor name="D0N22">
            <wcet number="0">20</wcet>
            <wcet number="1">50</wcet>
            <maxpow number="0.633373880485153"/>
            <maxpow number="0.633373880485153"/>
            <fprob>0.0</fprob>
        </actor>
        <actor name="D0N7">
            <wcet number="0">120</wcet>
            <wcet number="1">120</wcet>
            <maxpow number="0.47899129360512127"/>
            <maxpow number="0.47899129360512127"/>
            <fprob>0.0</fprob>
        </actor>
        <actor name="D0N27">
            <wcet number="0">10</wcet>
            <wcet number="1">10</wcet>
            <maxpow number="0.8772582008906101"/>
            <maxpow number="0.8772582008906101"/>
            <fprob>0.0</fprob>
        </actor>
        <actor name="D0N26">
            <wcet number="0">30</wcet>
            <wcet number="1">40</wcet>
            <maxpow number="0.49734936089665926"/>
            <maxpow number="0.49734936089665926"/>
            <fprob>0.0</fprob>
        </actor>
        <actor name="D0N28">
            <wcet number="0">10</wcet>
            <wcet number="1">20</wcet>
            <maxpow number="0.9200952597871831"/>
            <maxpow number="0.9200952597871831"/>
            <fprob>0.0</fprob>
        </actor>
        <actor name="D0N29">
            <wcet number="0">10</wcet>
            <wcet number="1">20</wcet>
            <maxpow number="0.6650594403299068"/>
            <maxpow number="0.6650594403299068"/>
            <fprob>0.0</fprob>
        </actor>
        <actor name="D0N39">
            <wcet number="0">10</wcet>
            <wcet number="1">10</wcet>
            <maxpow number="0.7004794505591344"/>
            <maxpow number="0.7004794505591344"/>
            <fprob>0.0</fprob>
        </actor>
        <actor name="D0N6">
            <wcet number="0">20</wcet>
            <wcet number="1">120</wcet>
            <maxpow number="0.34182977166464346"/>
            <maxpow number="0.34182977166464346"/>
            <fprob>0.0</fprob>
        </actor>
        <actor name="D0N8">
            <wcet number="0">80</wcet>
            <wcet number="1">80</wcet>
            <maxpow number="0.7519272904894709"/>
            <maxpow number="0.7519272904894709"/>
            <fprob>0.0</fprob>
        </actor>
        <actor name="D0N32">
            <wcet number="0">50</wcet>
            <wcet number="1">50</wcet>
            <maxpow number="0.5293479877102404"/>
            <maxpow number="0.5293479877102404"/>
            <fprob>0.0</fprob>
        </actor>
        <actor name="D0N4">
            <wcet number="0">10</wcet>
            <wcet number="1">10</wcet>
            <maxpow number="0.3021774649364224"/>
            <maxpow number="0.3021774649364224"/>
            <fprob>0.0</fprob>
        </actor>
        <actor name="D0N13">
            <wcet number="0">230</wcet>
            <wcet number="1">270</wcet>
            <maxpow number="0.5770086818677471"/>
            <maxpow number="0.5770086818677471"/>
            <fprob>0.0</fprob>
        </actor>
        <actor name="D0N21">
            <wcet number="0">50</wcet>
            <wcet number="1">70</wcet>
            <maxpow number="0.5784074551449486"/>
            <maxpow number="0.5784074551449486"/>
            <fprob>0.0</fprob>
        </actor>
        <actor name="D0N31">
            <wcet number="0">10</wcet>
            <wcet number="1">10</wcet>
            <maxpow number="0.7786094151977809"/>
            <maxpow number="0.7786094151977809"/>
            <fprob>0.0</fprob>
        </actor>
        <actor name="D0N34">
            <wcet number="0">10</wcet>
            <wcet number="1">10</wcet>
            <maxpow number="0.6227839973731635"/>
            <maxpow number="0.6227839973731635"/>
            <fprob>0.0</fprob>
        </actor>
        <actor name="D0N18">
            <wcet number="0">30</wcet>
            <wcet number="1">50</wcet>
            <maxpow number="0.4346099617785105"/>
            <maxpow number="0.4346099617785105"/>
            <fprob>0.0</fprob>
        </actor>
        <actor name="D0N1">
            <wcet number="0">140</wcet>
            <wcet number="1">160</wcet>
            <maxpow number="0.2680667306102881"/>
            <maxpow number="0.2680667306102881"/>
            <fprob>0.0</fprob>
        </actor>
        <actor name="D0N41">
            <wcet number="0">20</wcet>
            <wcet number="1">20</wcet>
            <maxpow number="0.36683842889272317"/>
            <maxpow number="0.36683842889272317"/>
            <fprob>0.0</fprob>
        </actor>
        <actor name="D0N37">
            <wcet number="0">40</wcet>
            <wcet number="1">40</wcet>
            <maxpow number="0.8611512826004095"/>
            <maxpow number="0.8611512826004095"/>
            <fprob>0.0</fprob>
        </actor>
        <actor name="D0N14">
            <wcet number="0">10</wcet>
            <wcet number="1">10</wcet>
            <maxpow number="1.0208801809012273"/>
            <maxpow number="1.0208801809012273"/>
            <fprob>0.0</fprob>
        </actor>
        <ports>
            <port dstActor="D0N36" name="p0" srcActor="D0N10"/>
            <port dstActor="D0N34" name="p1" srcActor="D0N10"/>
            <port dstActor="D0N33" name="p2" srcActor="D0N25"/>
            <port dstActor="D0N41" name="p3" srcActor="D0N20"/>
            <port dstActor="D0N31" name="p4" srcActor="D0N20"/>
            <port dstActor="D0N28" name="p5" srcActor="D0N20"/>
            <port dstActor="D0N44" name="p6" srcActor="D0N20"/>
            <port dstActor="D0N35" name="p7" srcActor="D0N23"/>
            <port dstActor="D0N20" name="p8" srcActor="D0N15"/>
            <port dstActor="D0N41" name="p9" srcActor="D0N15"/>
            <port dstActor="D0N37" name="p10" srcActor="D0N5"/>
            <port dstActor="D0N14" name="p11" srcActor="D0N5"/>
            <port dstActor="D0N26" name="p12" srcActor="D0N5"/>
            <port dstActor="D0N42" name="p13" srcActor="D0N5"/>
            <port dstActor="D0N38" name="p14" srcActor="D0N5"/>
            <port dstActor="D0N12" name="p15" srcActor="D0N5"/>
            <port dstActor="D0N42" name="p16" srcActor="D0N30"/>
            <port dstActor="D0N32" name="p17" srcActor="D0N30"/>
            <port dstActor="D0N43" name="p18" srcActor="D0N30"/>
            <port dstActor="D0N38" name="p19" srcActor="D0N12"/>
            <port dstActor="D0N41" name="p20" srcActor="D0N33"/>
            <port dstActor="D0N39" name="p21" srcActor="D0N19"/>
            <port dstActor="D0N44" name="p22" srcActor="D0N19"/>
            <port dstActor="D0N36" name="p23" srcActor="D0N19"/>
            <port dstActor="D0N32" name="p24" srcActor="D0N16"/>
            <port dstActor="D0N28" name="p25" srcActor="D0N16"/>
            <port dstActor="D0N25" name="p26" srcActor="D0N9"/>
            <port dstActor="D0N40" name="p27" srcActor="D0N9"/>
            <port dstActor="D0N36" name="p28" srcActor="D0N2"/>
            <port dstActor="D0N11" name="p29" srcActor="D0N2"/>
            <port dstActor="D0N33" name="p30" srcActor="D0N0"/>
            <port dstActor="D0N22" name="p31" srcActor="D0N0"/>
            <port dstActor="D0N37" name="p32" srcActor="D0N0"/>
            <port dstActor="D0N29" name="p33" srcActor="D0N0"/>
            <port dstActor="D0N3" name="p34" srcActor="D0N0"/>
            <port dstActor="D0N9" name="p35" srcActor="D0N0"/>
            <port dstActor="D0N28" name="p36" srcActor="D0N11"/>
            <port dstActor="D0N39" name="p37" srcActor="D0N11"/>
            <port dstActor="D0N43" name="p38" srcActor="D0N11"/>
            <port dstActor="D0N36" name="p39" srcActor="D0N3"/>
            <port dstActor="D0N9" name="p40" srcActor="D0N3"/>
            <port dstActor="D0N6" name="p41" srcActor="D0N3"/>
            <port dstActor="D0N40" name="p42" srcActor="D0N3"/>
            <port dstActor="D0N44" name="p43" srcActor="D0N3"/>
            <port dstActor="D0N34" name="p44" srcActor="D0N3"/>
            <port dstActor="D0N44" name="p45" srcActor="D0N38"/>
            <port dstActor="D0N40" name="p46" srcActor="D0N17"/>
            <port dstActor="D0N34" name="p47" srcActor="D0N17"/>
            <port dstActor="D0N35" name="p48" srcActor="D0N17"/>
            <port dstActor="D0N28" name="p49" srcActor="D0N22"/>
            <port dstActor="D0N29" name="p50" srcActor="D0N22"/>
            <port dstActor="D0N32" name="p51" srcActor="D0N7"/>
            <port dstActor="D0N41" name="p52" srcActor="D0N7"/>
            <port dstActor="D0N25" name="p53" srcActor="D0N7"/>
            <port dstActor="D0N8" name="p54" srcActor="D0N7"/>
            <port dstActor="D0N20" name="p55" srcActor="D0N7"/>
            <port dstActor="D0N23" name="p56" srcActor="D0N7"/>
            <port dstActor="D0N27" name="p57" srcActor="D0N26"/>
            <port dstActor="D0N32" name="p58" srcActor="D0N28"/>
            <port dstActor="D0N31" name="p59" srcActor="D0N29"/>
            <port dstActor="D0N42" name="p60" srcActor="D0N39"/>
            <port dstActor="D0N40" name="p61" srcActor="D0N6"/>
            <port dstActor="D0N25" name="p62" srcActor="D0N6"/>
            <port dstActor="D0N18" name="p63" srcActor="D0N6"/>
            <port dstActor="D0N27" name="p64" srcActor="D0N6"/>
            <port dstActor="D0N37" name="p65" srcActor="D0N6"/>
            <port dstActor="D0N42" name="p66" srcActor="D0N8"/>
            <port dstActor="D0N33" name="p67" srcActor="D0N8"/>
            <port dstActor="D0N6" name="p68" srcActor="D0N4"/>
            <port dstActor="D0N32" name="p69" srcActor="D0N4"/>
            <port dstActor="D0N38" name="p70" srcActor="D0N13"/>
            <port dstActor="D0N26" name="p71" srcActor="D0N13"/>
            <port dstActor="D0N41" name="p72" srcActor="D0N13"/>
            <port dstActor="D0N21" name="p73" srcActor="D0N13"/>
            <port dstActor="D0N44" name="p74" srcActor="D0N21"/>
            <port dstActor="D0N31" name="p75" srcActor="D0N21"/>
            <port dstActor="D0N33" name="p76" srcActor="D0N21"/>
            <port dstActor="D0N43" name="p77" srcActor="D0N21"/>
            <port dstActor="D0N37" name="p78" srcActor="D0N21"/>
            <port dstActor="D0N26" name="p79" srcActor="D0N21"/>
            <port dstActor="D0N29" name="p80" srcActor="D0N21"/>
            <port dstActor="D0N32" name="p81" srcActor="D0N21"/>
            <port dstActor="D0N31" name="p82" srcActor="D0N18"/>
            <port dstActor="D0N3" name="p83" srcActor="D0N1"/>
            <port dstActor="D0N28" name="p84" srcActor="D0N1"/>
            <port dstActor="D0N7" name="p85" srcActor="D0N1"/>
            <port dstActor="D0N24" name="p86" srcActor="D0N1"/>
            <port dstActor="D0N28" name="p87" srcActor="D0N14"/>
            <port dstActor="D0N25" name="p88" srcActor="D0N14"/>
        </ports>
    </mcdag>
    <cores number="3"/>
    <levels number="2"/>
</mcsystem>
