<?xml version="1.0" encoding="UTF-8" standalone="no"?>
<mcsystem>
    <mcdag deadline="1500" name="genned-0-ed-10.0-0">
        <actor name="D0N5">
            <wcet number="0">10</wcet>
            <wcet number="1">60</wcet>
            <maxpow number="0.4606198845712841"/>
            <maxpow number="0.4606198845712841"/>
            <fprob>0.0</fprob>
        </actor>
        <actor name="D0N42">
            <wcet number="0">20</wcet>
            <wcet number="1">90</wcet>
            <maxpow number="0.8913303347773271"/>
            <maxpow number="0.8913303347773271"/>
            <fprob>0.0</fprob>
        </actor>
        <actor name="D0N2">
            <wcet number="0">270</wcet>
            <wcet number="1">270</wcet>
            <maxpow number="0.5759893024031487"/>
            <maxpow number="0.5759893024031487"/>
            <fprob>0.0</fprob>
        </actor>
        <actor name="D0N35">
            <wcet number="0">30</wcet>
            <wcet number="1">30</wcet>
            <maxpow number="0.7166847835114215"/>
            <maxpow number="0.7166847835114215"/>
            <fprob>0.0</fprob>
        </actor>
        <actor name="D0N25">
            <wcet number="0">10</wcet>
            <wcet number="1">30</wcet>
            <maxpow number="0.35608538971748516"/>
            <maxpow number="0.35608538971748516"/>
            <fprob>0.0</fprob>
        </actor>
        <actor name="D0N12">
            <wcet number="0">20</wcet>
            <wcet number="1">140</wcet>
            <maxpow number="0.5693922218054996"/>
            <maxpow number="0.5693922218054996"/>
            <fprob>0.0</fprob>
        </actor>
        <actor name="D0N30">
            <wcet number="0">10</wcet>
            <wcet number="1">40</wcet>
            <maxpow number="0.3278619835201426"/>
            <maxpow number="0.3278619835201426"/>
            <fprob>0.0</fprob>
        </actor>
        <actor name="D0N40">
            <wcet number="0">10</wcet>
            <wcet number="1">30</wcet>
            <maxpow number="0.6464031982205722"/>
            <maxpow number="0.6464031982205722"/>
            <fprob>0.0</fprob>
        </actor>
        <actor name="D0N0">
            <wcet number="0">210</wcet>
            <wcet number="1">210</wcet>
            <maxpow number="0.47284790520794623"/>
            <maxpow number="0.47284790520794623"/>
            <fprob>0.0</fprob>
        </actor>
        <actor name="D0N20">
            <wcet number="0">10</wcet>
            <wcet number="1">10</wcet>
            <maxpow number="0.6439712221174878"/>
            <maxpow number="0.6439712221174878"/>
            <fprob>0.0</fprob>
        </actor>
        <actor name="D0N7">
            <wcet number="0">10</wcet>
            <wcet number="1">10</wcet>
            <maxpow number="0.7420558086749431"/>
            <maxpow number="0.7420558086749431"/>
            <fprob>0.0</fprob>
        </actor>
        <actor name="D0N21">
            <wcet number="0">10</wcet>
            <wcet number="1">10</wcet>
            <maxpow number="0.36833751799961423"/>
            <maxpow number="0.36833751799961423"/>
            <fprob>0.0</fprob>
        </actor>
        <actor name="D0N13">
            <wcet number="0">30</wcet>
            <wcet number="1">50</wcet>
            <maxpow number="0.5024993707695669"/>
            <maxpow number="0.5024993707695669"/>
            <fprob>0.0</fprob>
        </actor>
        <actor name="D0N27">
            <wcet number="0">30</wcet>
            <wcet number="1">60</wcet>
            <maxpow number="0.5353097953145727"/>
            <maxpow number="0.5353097953145727"/>
            <fprob>0.0</fprob>
        </actor>
        <actor name="D0N38">
            <wcet number="0">70</wcet>
            <wcet number="1">160</wcet>
            <maxpow number="0.42053893449539004"/>
            <maxpow number="0.42053893449539004"/>
            <fprob>0.0</fprob>
        </actor>
        <actor name="D0N17">
            <wcet number="0">10</wcet>
            <wcet number="1">20</wcet>
            <maxpow number="0.48782419928693216"/>
            <maxpow number="0.48782419928693216"/>
            <fprob>0.0</fprob>
        </actor>
        <actor name="D0N46">
            <wcet number="0">60</wcet>
            <wcet number="1">90</wcet>
            <maxpow number="0.11710525338383981"/>
            <maxpow number="0.11710525338383981"/>
            <fprob>0.0</fprob>
        </actor>
        <actor name="D0N44">
            <wcet number="0">10</wcet>
            <wcet number="1">50</wcet>
            <maxpow number="0.6413376378783552"/>
            <maxpow number="0.6413376378783552"/>
            <fprob>0.0</fprob>
        </actor>
        <actor name="D0N29">
            <wcet number="0">60</wcet>
            <wcet number="1">120</wcet>
            <maxpow number="0.7160149685718488"/>
            <maxpow number="0.7160149685718488"/>
            <fprob>0.0</fprob>
        </actor>
        <actor name="D0N28">
            <wcet number="0">10</wcet>
            <wcet number="1">20</wcet>
            <maxpow number="0.6862233831421458"/>
            <maxpow number="0.6862233831421458"/>
            <fprob>0.0</fprob>
        </actor>
        <actor name="D0N32">
            <wcet number="0">20</wcet>
            <wcet number="1">230</wcet>
            <maxpow number="0.6251752368235148"/>
            <maxpow number="0.6251752368235148"/>
            <fprob>0.0</fprob>
        </actor>
        <actor name="D0N37">
            <wcet number="0">80</wcet>
            <wcet number="1">130</wcet>
            <maxpow number="0.19805856998730764"/>
            <maxpow number="0.19805856998730764"/>
            <fprob>0.0</fprob>
        </actor>
        <actor name="D0N39">
            <wcet number="0">130</wcet>
            <wcet number="1">130</wcet>
            <maxpow number="0.3445886086736111"/>
            <maxpow number="0.3445886086736111"/>
            <fprob>0.0</fprob>
        </actor>
        <actor name="D0N14">
            <wcet number="0">20</wcet>
            <wcet number="1">60</wcet>
            <maxpow number="0.5077979188259679"/>
            <maxpow number="0.5077979188259679"/>
            <fprob>0.0</fprob>
        </actor>
        <actor name="D0N48">
            <wcet number="0">10</wcet>
            <wcet number="1">10</wcet>
            <maxpow number="0.4608549390043346"/>
            <maxpow number="0.4608549390043346"/>
            <fprob>0.0</fprob>
        </actor>
        <actor name="D0N8">
            <wcet number="0">10</wcet>
            <wcet number="1">50</wcet>
            <maxpow number="0.608160361385434"/>
            <maxpow number="0.608160361385434"/>
            <fprob>0.0</fprob>
        </actor>
        <actor name="D0N33">
            <wcet number="0">110</wcet>
            <wcet number="1">120</wcet>
            <maxpow number="0.6444293481758819"/>
            <maxpow number="0.6444293481758819"/>
            <fprob>0.0</fprob>
        </actor>
        <actor name="D0N6">
            <wcet number="0">20</wcet>
            <wcet number="1">20</wcet>
            <maxpow number="0.8778497769751291"/>
            <maxpow number="0.8778497769751291"/>
            <fprob>0.0</fprob>
        </actor>
        <actor name="D0N26">
            <wcet number="0">30</wcet>
            <wcet number="1">30</wcet>
            <maxpow number="0.26504802128685556"/>
            <maxpow number="0.26504802128685556"/>
            <fprob>0.0</fprob>
        </actor>
        <actor name="D0N15">
            <wcet number="0">10</wcet>
            <wcet number="1">100</wcet>
            <maxpow number="0.4066287636207666"/>
            <maxpow number="0.4066287636207666"/>
            <fprob>0.0</fprob>
        </actor>
        <actor name="D0N16">
            <wcet number="0">60</wcet>
            <wcet number="1">140</wcet>
            <maxpow number="0.7791916342949217"/>
            <maxpow number="0.7791916342949217"/>
            <fprob>0.0</fprob>
        </actor>
        <actor name="D0N34">
            <wcet number="0">10</wcet>
            <wcet number="1">20</wcet>
            <maxpow number="0.5274028897494862"/>
            <maxpow number="0.5274028897494862"/>
            <fprob>0.0</fprob>
        </actor>
        <actor name="D0N18">
            <wcet number="0">10</wcet>
            <wcet number="1">10</wcet>
            <maxpow number="0.040418570643749874"/>
            <maxpow number="0.040418570643749874"/>
            <fprob>0.0</fprob>
        </actor>
        <actor name="D0N47">
            <wcet number="0">100</wcet>
            <wcet number="1">300</wcet>
            <maxpow number="0.6472597044018223"/>
            <maxpow number="0.6472597044018223"/>
            <fprob>0.0</fprob>
        </actor>
        <actor name="D0N3">
            <wcet number="0">80</wcet>
            <wcet number="1">100</wcet>
            <maxpow number="0.9079855916274086"/>
            <maxpow number="0.9079855916274086"/>
            <fprob>0.0</fprob>
        </actor>
        <actor name="D0N31">
            <wcet number="0">20</wcet>
            <wcet number="1">20</wcet>
            <maxpow number="0.40017224113902683"/>
            <maxpow number="0.40017224113902683"/>
            <fprob>0.0</fprob>
        </actor>
        <actor name="D0N24">
            <wcet number="0">10</wcet>
            <wcet number="1">60</wcet>
            <maxpow number="0.7109042857307551"/>
            <maxpow number="0.7109042857307551"/>
            <fprob>0.0</fprob>
        </actor>
        <actor name="D0N1">
            <wcet number="0">80</wcet>
            <wcet number="1">160</wcet>
            <maxpow number="0.3646416767374479"/>
            <maxpow number="0.3646416767374479"/>
            <fprob>0.0</fprob>
        </actor>
        <actor name="D0N22">
            <wcet number="0">10</wcet>
            <wcet number="1">10</wcet>
            <maxpow number="0.7362408660455659"/>
            <maxpow number="0.7362408660455659"/>
            <fprob>0.0</fprob>
        </actor>
        <actor name="D0N4">
            <wcet number="0">120</wcet>
            <wcet number="1">180</wcet>
            <maxpow number="0.6782250387637851"/>
            <maxpow number="0.6782250387637851"/>
            <fprob>0.0</fprob>
        </actor>
        <actor name="D0N11">
            <wcet number="0">10</wcet>
            <wcet number="1">10</wcet>
            <maxpow number="0.5888432066660718"/>
            <maxpow number="0.5888432066660718"/>
            <fprob>0.0</fprob>
        </actor>
        <actor name="D0N36">
            <wcet number="0">40</wcet>
            <wcet number="1">180</wcet>
            <maxpow number="0.6052732598465648"/>
            <maxpow number="0.6052732598465648"/>
            <fprob>0.0</fprob>
        </actor>
        <actor name="D0N45">
            <wcet number="0">10</wcet>
            <wcet number="1">10</wcet>
            <maxpow number="0.7727635158635496"/>
            <maxpow number="0.7727635158635496"/>
            <fprob>0.0</fprob>
        </actor>
        <actor name="D0N41">
            <wcet number="0">30</wcet>
            <wcet number="1">90</wcet>
            <maxpow number="0.7576971440251077"/>
            <maxpow number="0.7576971440251077"/>
            <fprob>0.0</fprob>
        </actor>
        <actor name="D0N43">
            <wcet number="0">50</wcet>
            <wcet number="1">60</wcet>
            <maxpow number="0.4695162484115438"/>
            <maxpow number="0.4695162484115438"/>
            <fprob>0.0</fprob>
        </actor>
        <actor name="D0N23">
            <wcet number="0">10</wcet>
            <wcet number="1">40</wcet>
            <maxpow number="0.8179102510615617"/>
            <maxpow number="0.8179102510615617"/>
            <fprob>0.0</fprob>
        </actor>
        <actor name="D0N10">
            <wcet number="0">220</wcet>
            <wcet number="1">220</wcet>
            <maxpow number="0.5824558641874131"/>
            <maxpow number="0.5824558641874131"/>
            <fprob>0.0</fprob>
        </actor>
        <actor name="D0N19">
            <wcet number="0">20</wcet>
            <wcet number="1">20</wcet>
            <maxpow number="0.382533267492061"/>
            <maxpow number="0.382533267492061"/>
            <fprob>0.0</fprob>
        </actor>
        <actor name="D0N9">
            <wcet number="0">40</wcet>
            <wcet number="1">40</wcet>
            <maxpow number="0.820525193190377"/>
            <maxpow number="0.820525193190377"/>
            <fprob>0.0</fprob>
        </actor>
        <ports>
            <port dstActor="D0N37" name="p0" srcActor="D0N5"/>
            <port dstActor="D0N32" name="p1" srcActor="D0N5"/>
            <port dstActor="D0N30" name="p2" srcActor="D0N5"/>
            <port dstActor="D0N44" name="p3" srcActor="D0N42"/>
            <port dstActor="D0N46" name="p4" srcActor="D0N42"/>
            <port dstActor="D0N43" name="p5" srcActor="D0N2"/>
            <port dstActor="D0N9" name="p6" srcActor="D0N2"/>
            <port dstActor="D0N11" name="p7" srcActor="D0N2"/>
            <port dstActor="D0N35" name="p8" srcActor="D0N2"/>
            <port dstActor="D0N28" name="p9" srcActor="D0N2"/>
            <port dstActor="D0N40" name="p10" srcActor="D0N35"/>
            <port dstActor="D0N33" name="p11" srcActor="D0N25"/>
            <port dstActor="D0N19" name="p12" srcActor="D0N12"/>
            <port dstActor="D0N27" name="p13" srcActor="D0N12"/>
            <port dstActor="D0N45" name="p14" srcActor="D0N12"/>
            <port dstActor="D0N31" name="p15" srcActor="D0N30"/>
            <port dstActor="D0N33" name="p16" srcActor="D0N30"/>
            <port dstActor="D0N47" name="p17" srcActor="D0N40"/>
            <port dstActor="D0N43" name="p18" srcActor="D0N40"/>
            <port dstActor="D0N46" name="p19" srcActor="D0N40"/>
            <port dstActor="D0N14" name="p20" srcActor="D0N0"/>
            <port dstActor="D0N9" name="p21" srcActor="D0N0"/>
            <port dstActor="D0N47" name="p22" srcActor="D0N20"/>
            <port dstActor="D0N38" name="p23" srcActor="D0N20"/>
            <port dstActor="D0N19" name="p24" srcActor="D0N7"/>
            <port dstActor="D0N27" name="p25" srcActor="D0N7"/>
            <port dstActor="D0N25" name="p26" srcActor="D0N7"/>
            <port dstActor="D0N29" name="p27" srcActor="D0N7"/>
            <port dstActor="D0N10" name="p28" srcActor="D0N7"/>
            <port dstActor="D0N43" name="p29" srcActor="D0N21"/>
            <port dstActor="D0N46" name="p30" srcActor="D0N21"/>
            <port dstActor="D0N44" name="p31" srcActor="D0N21"/>
            <port dstActor="D0N34" name="p32" srcActor="D0N13"/>
            <port dstActor="D0N24" name="p33" srcActor="D0N13"/>
            <port dstActor="D0N28" name="p34" srcActor="D0N13"/>
            <port dstActor="D0N28" name="p35" srcActor="D0N27"/>
            <port dstActor="D0N47" name="p36" srcActor="D0N38"/>
            <port dstActor="D0N28" name="p37" srcActor="D0N17"/>
            <port dstActor="D0N21" name="p38" srcActor="D0N17"/>
            <port dstActor="D0N33" name="p39" srcActor="D0N28"/>
            <port dstActor="D0N39" name="p40" srcActor="D0N28"/>
            <port dstActor="D0N44" name="p41" srcActor="D0N28"/>
            <port dstActor="D0N48" name="p42" srcActor="D0N28"/>
            <port dstActor="D0N34" name="p43" srcActor="D0N32"/>
            <port dstActor="D0N45" name="p44" srcActor="D0N32"/>
            <port dstActor="D0N41" name="p45" srcActor="D0N32"/>
            <port dstActor="D0N48" name="p46" srcActor="D0N37"/>
            <port dstActor="D0N45" name="p47" srcActor="D0N39"/>
            <port dstActor="D0N46" name="p48" srcActor="D0N39"/>
            <port dstActor="D0N23" name="p49" srcActor="D0N14"/>
            <port dstActor="D0N18" name="p50" srcActor="D0N14"/>
            <port dstActor="D0N44" name="p51" srcActor="D0N14"/>
            <port dstActor="D0N38" name="p52" srcActor="D0N14"/>
            <port dstActor="D0N29" name="p53" srcActor="D0N8"/>
            <port dstActor="D0N33" name="p54" srcActor="D0N8"/>
            <port dstActor="D0N18" name="p55" srcActor="D0N8"/>
            <port dstActor="D0N36" name="p56" srcActor="D0N8"/>
            <port dstActor="D0N16" name="p57" srcActor="D0N8"/>
            <port dstActor="D0N43" name="p58" srcActor="D0N8"/>
            <port dstActor="D0N42" name="p59" srcActor="D0N33"/>
            <port dstActor="D0N7" name="p60" srcActor="D0N6"/>
            <port dstActor="D0N21" name="p61" srcActor="D0N6"/>
            <port dstActor="D0N24" name="p62" srcActor="D0N6"/>
            <port dstActor="D0N14" name="p63" srcActor="D0N6"/>
            <port dstActor="D0N31" name="p64" srcActor="D0N6"/>
            <port dstActor="D0N32" name="p65" srcActor="D0N6"/>
            <port dstActor="D0N28" name="p66" srcActor="D0N26"/>
            <port dstActor="D0N43" name="p67" srcActor="D0N26"/>
            <port dstActor="D0N42" name="p68" srcActor="D0N15"/>
            <port dstActor="D0N36" name="p69" srcActor="D0N15"/>
            <port dstActor="D0N43" name="p70" srcActor="D0N15"/>
            <port dstActor="D0N40" name="p71" srcActor="D0N16"/>
            <port dstActor="D0N41" name="p72" srcActor="D0N16"/>
            <port dstActor="D0N21" name="p73" srcActor="D0N16"/>
            <port dstActor="D0N28" name="p74" srcActor="D0N16"/>
            <port dstActor="D0N43" name="p75" srcActor="D0N34"/>
            <port dstActor="D0N46" name="p76" srcActor="D0N18"/>
            <port dstActor="D0N27" name="p77" srcActor="D0N18"/>
            <port dstActor="D0N26" name="p78" srcActor="D0N18"/>
            <port dstActor="D0N43" name="p79" srcActor="D0N18"/>
            <port dstActor="D0N19" name="p80" srcActor="D0N18"/>
            <port dstActor="D0N48" name="p81" srcActor="D0N47"/>
            <port dstActor="D0N13" name="p82" srcActor="D0N3"/>
            <port dstActor="D0N45" name="p83" srcActor="D0N31"/>
            <port dstActor="D0N34" name="p84" srcActor="D0N31"/>
            <port dstActor="D0N37" name="p85" srcActor="D0N24"/>
            <port dstActor="D0N31" name="p86" srcActor="D0N24"/>
            <port dstActor="D0N33" name="p87" srcActor="D0N24"/>
            <port dstActor="D0N29" name="p88" srcActor="D0N24"/>
            <port dstActor="D0N24" name="p89" srcActor="D0N1"/>
            <port dstActor="D0N25" name="p90" srcActor="D0N1"/>
            <port dstActor="D0N29" name="p91" srcActor="D0N1"/>
            <port dstActor="D0N25" name="p92" srcActor="D0N22"/>
            <port dstActor="D0N19" name="p93" srcActor="D0N4"/>
            <port dstActor="D0N33" name="p94" srcActor="D0N4"/>
            <port dstActor="D0N38" name="p95" srcActor="D0N4"/>
            <port dstActor="D0N27" name="p96" srcActor="D0N4"/>
            <port dstActor="D0N22" name="p97" srcActor="D0N4"/>
            <port dstActor="D0N41" name="p98" srcActor="D0N4"/>
            <port dstActor="D0N22" name="p99" srcActor="D0N11"/>
            <port dstActor="D0N47" name="p100" srcActor="D0N11"/>
            <port dstActor="D0N14" name="p101" srcActor="D0N11"/>
            <port dstActor="D0N24" name="p102" srcActor="D0N23"/>
            <port dstActor="D0N47" name="p103" srcActor="D0N10"/>
            <port dstActor="D0N45" name="p104" srcActor="D0N10"/>
            <port dstActor="D0N46" name="p105" srcActor="D0N10"/>
            <port dstActor="D0N29" name="p106" srcActor="D0N10"/>
            <port dstActor="D0N30" name="p107" srcActor="D0N19"/>
            <port dstActor="D0N43" name="p108" srcActor="D0N19"/>
            <port dstActor="D0N26" name="p109" srcActor="D0N19"/>
            <port dstActor="D0N15" name="p110" srcActor="D0N9"/>
            <port dstActor="D0N13" name="p111" srcActor="D0N9"/>
            <port dstActor="D0N17" name="p112" srcActor="D0N9"/>
            <port dstActor="D0N39" name="p113" srcActor="D0N9"/>
            <port dstActor="D0N10" name="p114" srcActor="D0N9"/>
            <port dstActor="D0N12" name="p115" srcActor="D0N9"/>
            <port dstActor="D0N42" name="p116" srcActor="D0N9"/>
            <port dstActor="D0N24" name="p117" srcActor="D0N9"/>
            <port dstActor="D0N31" name="p118" srcActor="D0N9"/>
            <port dstActor="D0N20" name="p119" srcActor="D0N9"/>
        </ports>
    </mcdag>
    <cores number="3"/>
    <levels number="2"/>
</mcsystem>
