<?xml version="1.0" encoding="UTF-8" standalone="no"?>
<mcsystem>
    <mcdag deadline="1500" name="genned-0-ed-10.0-0">
        <actor name="D0N15">
            <wcet number="0">10</wcet>
            <wcet number="1">30</wcet>
            <maxpow number="0.20441262163349533"/>
            <maxpow number="0.20441262163349533"/>
            <fprob>0.0</fprob>
        </actor>
        <actor name="D0N16">
            <wcet number="0">90</wcet>
            <wcet number="1">100</wcet>
            <maxpow number="0.4043319729986923"/>
            <maxpow number="0.4043319729986923"/>
            <fprob>0.0</fprob>
        </actor>
        <actor name="D0N5">
            <wcet number="0">60</wcet>
            <wcet number="1">60</wcet>
            <maxpow number="0.37033625574489104"/>
            <maxpow number="0.37033625574489104"/>
            <fprob>0.0</fprob>
        </actor>
        <actor name="D0N46">
            <wcet number="0">50</wcet>
            <wcet number="1">70</wcet>
            <maxpow number="0.9406885824547073"/>
            <maxpow number="0.9406885824547073"/>
            <fprob>0.0</fprob>
        </actor>
        <actor name="D0N10">
            <wcet number="0">10</wcet>
            <wcet number="1">70</wcet>
            <maxpow number="0.7213833193014835"/>
            <maxpow number="0.7213833193014835"/>
            <fprob>0.0</fprob>
        </actor>
        <actor name="D0N35">
            <wcet number="0">20</wcet>
            <wcet number="1">50</wcet>
            <maxpow number="0.6079846260906444"/>
            <maxpow number="0.6079846260906444"/>
            <fprob>0.0</fprob>
        </actor>
        <actor name="D0N21">
            <wcet number="0">40</wcet>
            <wcet number="1">100</wcet>
            <maxpow number="0.7385425798821579"/>
            <maxpow number="0.7385425798821579"/>
            <fprob>0.0</fprob>
        </actor>
        <actor name="D0N42">
            <wcet number="0">30</wcet>
            <wcet number="1">50</wcet>
            <maxpow number="0.3964198574869783"/>
            <maxpow number="0.3964198574869783"/>
            <fprob>0.0</fprob>
        </actor>
        <actor name="D0N13">
            <wcet number="0">50</wcet>
            <wcet number="1">70</wcet>
            <maxpow number="0.45815781421103263"/>
            <maxpow number="0.45815781421103263"/>
            <fprob>0.0</fprob>
        </actor>
        <actor name="D0N28">
            <wcet number="0">10</wcet>
            <wcet number="1">10</wcet>
            <maxpow number="0.4611788870338437"/>
            <maxpow number="0.4611788870338437"/>
            <fprob>0.0</fprob>
        </actor>
        <actor name="D0N8">
            <wcet number="0">20</wcet>
            <wcet number="1">20</wcet>
            <maxpow number="0.5702057319630969"/>
            <maxpow number="0.5702057319630969"/>
            <fprob>0.0</fprob>
        </actor>
        <actor name="D0N27">
            <wcet number="0">30</wcet>
            <wcet number="1">70</wcet>
            <maxpow number="0.6933871431754504"/>
            <maxpow number="0.6933871431754504"/>
            <fprob>0.0</fprob>
        </actor>
        <actor name="D0N37">
            <wcet number="0">220</wcet>
            <wcet number="1">380</wcet>
            <maxpow number="0.29839743527459983"/>
            <maxpow number="0.29839743527459983"/>
            <fprob>0.0</fprob>
        </actor>
        <actor name="D0N20">
            <wcet number="0">20</wcet>
            <wcet number="1">80</wcet>
            <maxpow number="0.5877695928224015"/>
            <maxpow number="0.5877695928224015"/>
            <fprob>0.0</fprob>
        </actor>
        <actor name="D0N7">
            <wcet number="0">10</wcet>
            <wcet number="1">10</wcet>
            <maxpow number="0.5923654569915303"/>
            <maxpow number="0.5923654569915303"/>
            <fprob>0.0</fprob>
        </actor>
        <actor name="D0N40">
            <wcet number="0">10</wcet>
            <wcet number="1">10</wcet>
            <maxpow number="0.9520294310276676"/>
            <maxpow number="0.9520294310276676"/>
            <fprob>0.0</fprob>
        </actor>
        <actor name="D0N44">
            <wcet number="0">50</wcet>
            <wcet number="1">140</wcet>
            <maxpow number="0.8406326953567317"/>
            <maxpow number="0.8406326953567317"/>
            <fprob>0.0</fprob>
        </actor>
        <actor name="D0N36">
            <wcet number="0">30</wcet>
            <wcet number="1">40</wcet>
            <maxpow number="0.5397969477533068"/>
            <maxpow number="0.5397969477533068"/>
            <fprob>0.0</fprob>
        </actor>
        <actor name="D0N6">
            <wcet number="0">90</wcet>
            <wcet number="1">120</wcet>
            <maxpow number="0.767819085179549"/>
            <maxpow number="0.767819085179549"/>
            <fprob>0.0</fprob>
        </actor>
        <actor name="D0N39">
            <wcet number="0">90</wcet>
            <wcet number="1">100</wcet>
            <maxpow number="0.5242137449656454"/>
            <maxpow number="0.5242137449656454"/>
            <fprob>0.0</fprob>
        </actor>
        <actor name="D0N33">
            <wcet number="0">140</wcet>
            <wcet number="1">140</wcet>
            <maxpow number="0.6552747398804267"/>
            <maxpow number="0.6552747398804267"/>
            <fprob>0.0</fprob>
        </actor>
        <actor name="D0N26">
            <wcet number="0">20</wcet>
            <wcet number="1">20</wcet>
            <maxpow number="0.5297516438946966"/>
            <maxpow number="0.5297516438946966"/>
            <fprob>0.0</fprob>
        </actor>
        <actor name="D0N1">
            <wcet number="0">10</wcet>
            <wcet number="1">30</wcet>
            <maxpow number="0.3401293387388837"/>
            <maxpow number="0.3401293387388837"/>
            <fprob>0.0</fprob>
        </actor>
        <actor name="D0N0">
            <wcet number="0">10</wcet>
            <wcet number="1">10</wcet>
            <maxpow number="0.4205715371700865"/>
            <maxpow number="0.4205715371700865"/>
            <fprob>0.0</fprob>
        </actor>
        <actor name="D0N41">
            <wcet number="0">10</wcet>
            <wcet number="1">150</wcet>
            <maxpow number="0.8753158630677811"/>
            <maxpow number="0.8753158630677811"/>
            <fprob>0.0</fprob>
        </actor>
        <actor name="D0N17">
            <wcet number="0">50</wcet>
            <wcet number="1">60</wcet>
            <maxpow number="0.6311082811871123"/>
            <maxpow number="0.6311082811871123"/>
            <fprob>0.0</fprob>
        </actor>
        <actor name="D0N31">
            <wcet number="0">10</wcet>
            <wcet number="1">100</wcet>
            <maxpow number="0.5361095676994302"/>
            <maxpow number="0.5361095676994302"/>
            <fprob>0.0</fprob>
        </actor>
        <actor name="D0N38">
            <wcet number="0">30</wcet>
            <wcet number="1">30</wcet>
            <maxpow number="0.8221043528419998"/>
            <maxpow number="0.8221043528419998"/>
            <fprob>0.0</fprob>
        </actor>
        <actor name="D0N22">
            <wcet number="0">50</wcet>
            <wcet number="1">80</wcet>
            <maxpow number="0.536979678541085"/>
            <maxpow number="0.536979678541085"/>
            <fprob>0.0</fprob>
        </actor>
        <actor name="D0N4">
            <wcet number="0">20</wcet>
            <wcet number="1">40</wcet>
            <maxpow number="0.5941021436740123"/>
            <maxpow number="0.5941021436740123"/>
            <fprob>0.0</fprob>
        </actor>
        <actor name="D0N19">
            <wcet number="0">10</wcet>
            <wcet number="1">30</wcet>
            <maxpow number="0.4928511969708238"/>
            <maxpow number="0.4928511969708238"/>
            <fprob>0.0</fprob>
        </actor>
        <actor name="D0N25">
            <wcet number="0">10</wcet>
            <wcet number="1">20</wcet>
            <maxpow number="0.6089549419957142"/>
            <maxpow number="0.6089549419957142"/>
            <fprob>0.0</fprob>
        </actor>
        <actor name="D0N24">
            <wcet number="0">10</wcet>
            <wcet number="1">10</wcet>
            <maxpow number="0.7060972470859394"/>
            <maxpow number="0.7060972470859394"/>
            <fprob>0.0</fprob>
        </actor>
        <actor name="D0N45">
            <wcet number="0">60</wcet>
            <wcet number="1">100</wcet>
            <maxpow number="0.49259574391075195"/>
            <maxpow number="0.49259574391075195"/>
            <fprob>0.0</fprob>
        </actor>
        <actor name="D0N18">
            <wcet number="0">10</wcet>
            <wcet number="1">10</wcet>
            <maxpow number="0.549859801219258"/>
            <maxpow number="0.549859801219258"/>
            <fprob>0.0</fprob>
        </actor>
        <actor name="D0N23">
            <wcet number="0">140</wcet>
            <wcet number="1">220</wcet>
            <maxpow number="0.5262003167021778"/>
            <maxpow number="0.5262003167021778"/>
            <fprob>0.0</fprob>
        </actor>
        <actor name="D0N43">
            <wcet number="0">10</wcet>
            <wcet number="1">10</wcet>
            <maxpow number="0.2737092220180481"/>
            <maxpow number="0.2737092220180481"/>
            <fprob>0.0</fprob>
        </actor>
        <actor name="D0N30">
            <wcet number="0">20</wcet>
            <wcet number="1">20</wcet>
            <maxpow number="0.5480527567157779"/>
            <maxpow number="0.5480527567157779"/>
            <fprob>0.0</fprob>
        </actor>
        <actor name="D0N3">
            <wcet number="0">60</wcet>
            <wcet number="1">90</wcet>
            <maxpow number="0.5483576380333717"/>
            <maxpow number="0.5483576380333717"/>
            <fprob>0.0</fprob>
        </actor>
        <actor name="D0N34">
            <wcet number="0">40</wcet>
            <wcet number="1">80</wcet>
            <maxpow number="0.6784294126993793"/>
            <maxpow number="0.6784294126993793"/>
            <fprob>0.0</fprob>
        </actor>
        <actor name="D0N11">
            <wcet number="0">40</wcet>
            <wcet number="1">60</wcet>
            <maxpow number="0.6577283621143182"/>
            <maxpow number="0.6577283621143182"/>
            <fprob>0.0</fprob>
        </actor>
        <actor name="D0N14">
            <wcet number="0">10</wcet>
            <wcet number="1">160</wcet>
            <maxpow number="0.5565261582917648"/>
            <maxpow number="0.5565261582917648"/>
            <fprob>0.0</fprob>
        </actor>
        <actor name="D0N2">
            <wcet number="0">10</wcet>
            <wcet number="1">10</wcet>
            <maxpow number="0.4442297614041113"/>
            <maxpow number="0.4442297614041113"/>
            <fprob>0.0</fprob>
        </actor>
        <actor name="D0N9">
            <wcet number="0">10</wcet>
            <wcet number="1">20</wcet>
            <maxpow number="0.41933970235390516"/>
            <maxpow number="0.41933970235390516"/>
            <fprob>0.0</fprob>
        </actor>
        <actor name="D0N29">
            <wcet number="0">100</wcet>
            <wcet number="1">130</wcet>
            <maxpow number="0.857083223151984"/>
            <maxpow number="0.857083223151984"/>
            <fprob>0.0</fprob>
        </actor>
        <actor name="D0N32">
            <wcet number="0">10</wcet>
            <wcet number="1">10</wcet>
            <maxpow number="0.4483361643501593"/>
            <maxpow number="0.4483361643501593"/>
            <fprob>0.0</fprob>
        </actor>
        <actor name="D0N12">
            <wcet number="0">40</wcet>
            <wcet number="1">80</wcet>
            <maxpow number="0.48000756225702135"/>
            <maxpow number="0.48000756225702135"/>
            <fprob>0.0</fprob>
        </actor>
        <ports>
            <port dstActor="D0N16" name="p0" srcActor="D0N15"/>
            <port dstActor="D0N22" name="p1" srcActor="D0N15"/>
            <port dstActor="D0N28" name="p2" srcActor="D0N15"/>
            <port dstActor="D0N42" name="p3" srcActor="D0N15"/>
            <port dstActor="D0N37" name="p4" srcActor="D0N15"/>
            <port dstActor="D0N39" name="p5" srcActor="D0N15"/>
            <port dstActor="D0N20" name="p6" srcActor="D0N16"/>
            <port dstActor="D0N19" name="p7" srcActor="D0N16"/>
            <port dstActor="D0N46" name="p8" srcActor="D0N5"/>
            <port dstActor="D0N38" name="p9" srcActor="D0N10"/>
            <port dstActor="D0N36" name="p10" srcActor="D0N35"/>
            <port dstActor="D0N36" name="p11" srcActor="D0N21"/>
            <port dstActor="D0N26" name="p12" srcActor="D0N21"/>
            <port dstActor="D0N45" name="p13" srcActor="D0N21"/>
            <port dstActor="D0N32" name="p14" srcActor="D0N21"/>
            <port dstActor="D0N25" name="p15" srcActor="D0N21"/>
            <port dstActor="D0N34" name="p16" srcActor="D0N13"/>
            <port dstActor="D0N45" name="p17" srcActor="D0N13"/>
            <port dstActor="D0N28" name="p18" srcActor="D0N13"/>
            <port dstActor="D0N22" name="p19" srcActor="D0N13"/>
            <port dstActor="D0N24" name="p20" srcActor="D0N13"/>
            <port dstActor="D0N37" name="p21" srcActor="D0N13"/>
            <port dstActor="D0N35" name="p22" srcActor="D0N28"/>
            <port dstActor="D0N44" name="p23" srcActor="D0N28"/>
            <port dstActor="D0N34" name="p24" srcActor="D0N28"/>
            <port dstActor="D0N12" name="p25" srcActor="D0N8"/>
            <port dstActor="D0N39" name="p26" srcActor="D0N8"/>
            <port dstActor="D0N33" name="p27" srcActor="D0N8"/>
            <port dstActor="D0N39" name="p28" srcActor="D0N27"/>
            <port dstActor="D0N30" name="p29" srcActor="D0N27"/>
            <port dstActor="D0N22" name="p30" srcActor="D0N20"/>
            <port dstActor="D0N39" name="p31" srcActor="D0N20"/>
            <port dstActor="D0N41" name="p32" srcActor="D0N20"/>
            <port dstActor="D0N23" name="p33" srcActor="D0N7"/>
            <port dstActor="D0N21" name="p34" srcActor="D0N7"/>
            <port dstActor="D0N24" name="p35" srcActor="D0N7"/>
            <port dstActor="D0N43" name="p36" srcActor="D0N7"/>
            <port dstActor="D0N41" name="p37" srcActor="D0N40"/>
            <port dstActor="D0N41" name="p38" srcActor="D0N6"/>
            <port dstActor="D0N10" name="p39" srcActor="D0N6"/>
            <port dstActor="D0N9" name="p40" srcActor="D0N6"/>
            <port dstActor="D0N43" name="p41" srcActor="D0N6"/>
            <port dstActor="D0N39" name="p42" srcActor="D0N6"/>
            <port dstActor="D0N46" name="p43" srcActor="D0N39"/>
            <port dstActor="D0N34" name="p44" srcActor="D0N33"/>
            <port dstActor="D0N46" name="p45" srcActor="D0N33"/>
            <port dstActor="D0N43" name="p46" srcActor="D0N33"/>
            <port dstActor="D0N37" name="p47" srcActor="D0N33"/>
            <port dstActor="D0N38" name="p48" srcActor="D0N1"/>
            <port dstActor="D0N46" name="p49" srcActor="D0N1"/>
            <port dstActor="D0N10" name="p50" srcActor="D0N0"/>
            <port dstActor="D0N17" name="p51" srcActor="D0N0"/>
            <port dstActor="D0N43" name="p52" srcActor="D0N17"/>
            <port dstActor="D0N38" name="p53" srcActor="D0N17"/>
            <port dstActor="D0N32" name="p54" srcActor="D0N17"/>
            <port dstActor="D0N41" name="p55" srcActor="D0N17"/>
            <port dstActor="D0N36" name="p56" srcActor="D0N31"/>
            <port dstActor="D0N23" name="p57" srcActor="D0N22"/>
            <port dstActor="D0N15" name="p58" srcActor="D0N4"/>
            <port dstActor="D0N28" name="p59" srcActor="D0N4"/>
            <port dstActor="D0N43" name="p60" srcActor="D0N4"/>
            <port dstActor="D0N30" name="p61" srcActor="D0N4"/>
            <port dstActor="D0N12" name="p62" srcActor="D0N4"/>
            <port dstActor="D0N5" name="p63" srcActor="D0N4"/>
            <port dstActor="D0N26" name="p64" srcActor="D0N4"/>
            <port dstActor="D0N25" name="p65" srcActor="D0N19"/>
            <port dstActor="D0N40" name="p66" srcActor="D0N19"/>
            <port dstActor="D0N32" name="p67" srcActor="D0N25"/>
            <port dstActor="D0N30" name="p68" srcActor="D0N25"/>
            <port dstActor="D0N34" name="p69" srcActor="D0N25"/>
            <port dstActor="D0N46" name="p70" srcActor="D0N24"/>
            <port dstActor="D0N35" name="p71" srcActor="D0N24"/>
            <port dstActor="D0N41" name="p72" srcActor="D0N18"/>
            <port dstActor="D0N27" name="p73" srcActor="D0N18"/>
            <port dstActor="D0N44" name="p74" srcActor="D0N18"/>
            <port dstActor="D0N45" name="p75" srcActor="D0N23"/>
            <port dstActor="D0N27" name="p76" srcActor="D0N23"/>
            <port dstActor="D0N43" name="p77" srcActor="D0N30"/>
            <port dstActor="D0N44" name="p78" srcActor="D0N3"/>
            <port dstActor="D0N8" name="p79" srcActor="D0N3"/>
            <port dstActor="D0N22" name="p80" srcActor="D0N3"/>
            <port dstActor="D0N40" name="p81" srcActor="D0N3"/>
            <port dstActor="D0N43" name="p82" srcActor="D0N11"/>
            <port dstActor="D0N26" name="p83" srcActor="D0N11"/>
            <port dstActor="D0N37" name="p84" srcActor="D0N2"/>
            <port dstActor="D0N8" name="p85" srcActor="D0N2"/>
            <port dstActor="D0N18" name="p86" srcActor="D0N2"/>
            <port dstActor="D0N31" name="p87" srcActor="D0N2"/>
            <port dstActor="D0N42" name="p88" srcActor="D0N2"/>
            <port dstActor="D0N46" name="p89" srcActor="D0N9"/>
            <port dstActor="D0N31" name="p90" srcActor="D0N9"/>
            <port dstActor="D0N11" name="p91" srcActor="D0N9"/>
            <port dstActor="D0N35" name="p92" srcActor="D0N9"/>
            <port dstActor="D0N12" name="p93" srcActor="D0N9"/>
            <port dstActor="D0N10" name="p94" srcActor="D0N9"/>
            <port dstActor="D0N18" name="p95" srcActor="D0N9"/>
            <port dstActor="D0N30" name="p96" srcActor="D0N12"/>
            <port dstActor="D0N27" name="p97" srcActor="D0N12"/>
        </ports>
    </mcdag>
    <cores number="3"/>
    <levels number="2"/>
</mcsystem>
