<?xml version="1.0" encoding="UTF-8" standalone="no"?>
<mcsystem>
    <mcdag deadline="1200" name="genned-0-ed-10.0-0">
        <actor name="D0N4">
            <wcet number="0">30</wcet>
            <wcet number="1">70</wcet>
            <maxpow number="0.8784800792972509"/>
            <maxpow number="0.8784800792972509"/>
            <fprob>0.0</fprob>
        </actor>
        <actor name="D0N1">
            <wcet number="0">50</wcet>
            <wcet number="1">140</wcet>
            <maxpow number="0.29994591306055063"/>
            <maxpow number="0.29994591306055063"/>
            <fprob>0.0</fprob>
        </actor>
        <actor name="D0N3">
            <wcet number="0">30</wcet>
            <wcet number="1">100</wcet>
            <maxpow number="0.6242510906582859"/>
            <maxpow number="0.6242510906582859"/>
            <fprob>0.0</fprob>
        </actor>
        <actor name="D0N38">
            <wcet number="0">80</wcet>
            <wcet number="1">90</wcet>
            <maxpow number="0.6890644200732097"/>
            <maxpow number="0.6890644200732097"/>
            <fprob>0.0</fprob>
        </actor>
        <actor name="D0N32">
            <wcet number="0">40</wcet>
            <wcet number="1">160</wcet>
            <maxpow number="0.6359587434771419"/>
            <maxpow number="0.6359587434771419"/>
            <fprob>0.0</fprob>
        </actor>
        <actor name="D0N14">
            <wcet number="0">20</wcet>
            <wcet number="1">30</wcet>
            <maxpow number="0.7093835918045842"/>
            <maxpow number="0.7093835918045842"/>
            <fprob>0.0</fprob>
        </actor>
        <actor name="D0N39">
            <wcet number="0">30</wcet>
            <wcet number="1">30</wcet>
            <maxpow number="0.458976644129922"/>
            <maxpow number="0.458976644129922"/>
            <fprob>0.0</fprob>
        </actor>
        <actor name="D0N22">
            <wcet number="0">40</wcet>
            <wcet number="1">50</wcet>
            <maxpow number="0.5093069063097369"/>
            <maxpow number="0.5093069063097369"/>
            <fprob>0.0</fprob>
        </actor>
        <actor name="D0N12">
            <wcet number="0">90</wcet>
            <wcet number="1">140</wcet>
            <maxpow number="0.5657702983730643"/>
            <maxpow number="0.5657702983730643"/>
            <fprob>0.0</fprob>
        </actor>
        <actor name="D0N35">
            <wcet number="0">10</wcet>
            <wcet number="1">40</wcet>
            <maxpow number="0.6539725171791329"/>
            <maxpow number="0.6539725171791329"/>
            <fprob>0.0</fprob>
        </actor>
        <actor name="D0N42">
            <wcet number="0">120</wcet>
            <wcet number="1">130</wcet>
            <maxpow number="0.40138501528615744"/>
            <maxpow number="0.40138501528615744"/>
            <fprob>0.0</fprob>
        </actor>
        <actor name="D0N16">
            <wcet number="0">70</wcet>
            <wcet number="1">90</wcet>
            <maxpow number="0.25349044437765694"/>
            <maxpow number="0.25349044437765694"/>
            <fprob>0.0</fprob>
        </actor>
        <actor name="D0N40">
            <wcet number="0">10</wcet>
            <wcet number="1">10</wcet>
            <maxpow number="0.4367038813602965"/>
            <maxpow number="0.4367038813602965"/>
            <fprob>0.0</fprob>
        </actor>
        <actor name="D0N20">
            <wcet number="0">30</wcet>
            <wcet number="1">40</wcet>
            <maxpow number="0.4143481082341429"/>
            <maxpow number="0.4143481082341429"/>
            <fprob>0.0</fprob>
        </actor>
        <actor name="D0N2">
            <wcet number="0">40</wcet>
            <wcet number="1">50</wcet>
            <maxpow number="0.5471644814410194"/>
            <maxpow number="0.5471644814410194"/>
            <fprob>0.0</fprob>
        </actor>
        <actor name="D0N33">
            <wcet number="0">70</wcet>
            <wcet number="1">100</wcet>
            <maxpow number="0.33071689747392385"/>
            <maxpow number="0.33071689747392385"/>
            <fprob>0.0</fprob>
        </actor>
        <actor name="D0N11">
            <wcet number="0">10</wcet>
            <wcet number="1">10</wcet>
            <maxpow number="0.941264573138345"/>
            <maxpow number="0.941264573138345"/>
            <fprob>0.0</fprob>
        </actor>
        <actor name="D0N25">
            <wcet number="0">10</wcet>
            <wcet number="1">30</wcet>
            <maxpow number="0.21881021076778712"/>
            <maxpow number="0.21881021076778712"/>
            <fprob>0.0</fprob>
        </actor>
        <actor name="D0N23">
            <wcet number="0">20</wcet>
            <wcet number="1">40</wcet>
            <maxpow number="0.6275273968934895"/>
            <maxpow number="0.6275273968934895"/>
            <fprob>0.0</fprob>
        </actor>
        <actor name="D0N19">
            <wcet number="0">10</wcet>
            <wcet number="1">20</wcet>
            <maxpow number="0.6302680103812207"/>
            <maxpow number="0.6302680103812207"/>
            <fprob>0.0</fprob>
        </actor>
        <actor name="D0N26">
            <wcet number="0">70</wcet>
            <wcet number="1">90</wcet>
            <maxpow number="0.5194942892680062"/>
            <maxpow number="0.5194942892680062"/>
            <fprob>0.0</fprob>
        </actor>
        <actor name="D0N0">
            <wcet number="0">10</wcet>
            <wcet number="1">10</wcet>
            <maxpow number="0.7570492167782686"/>
            <maxpow number="0.7570492167782686"/>
            <fprob>0.0</fprob>
        </actor>
        <actor name="D0N13">
            <wcet number="0">10</wcet>
            <wcet number="1">60</wcet>
            <maxpow number="0.3709043413618057"/>
            <maxpow number="0.3709043413618057"/>
            <fprob>0.0</fprob>
        </actor>
        <actor name="D0N30">
            <wcet number="0">40</wcet>
            <wcet number="1">60</wcet>
            <maxpow number="0.4884462999883715"/>
            <maxpow number="0.4884462999883715"/>
            <fprob>0.0</fprob>
        </actor>
        <actor name="D0N9">
            <wcet number="0">10</wcet>
            <wcet number="1">10</wcet>
            <maxpow number="0.6508534544904208"/>
            <maxpow number="0.6508534544904208"/>
            <fprob>0.0</fprob>
        </actor>
        <actor name="D0N5">
            <wcet number="0">10</wcet>
            <wcet number="1">10</wcet>
            <maxpow number="0.4174388206012491"/>
            <maxpow number="0.4174388206012491"/>
            <fprob>0.0</fprob>
        </actor>
        <actor name="D0N44">
            <wcet number="0">90</wcet>
            <wcet number="1">110</wcet>
            <maxpow number="0.7262835689466253"/>
            <maxpow number="0.7262835689466253"/>
            <fprob>0.0</fprob>
        </actor>
        <actor name="D0N21">
            <wcet number="0">10</wcet>
            <wcet number="1">20</wcet>
            <maxpow number="0.5139090704504514"/>
            <maxpow number="0.5139090704504514"/>
            <fprob>0.0</fprob>
        </actor>
        <actor name="D0N15">
            <wcet number="0">60</wcet>
            <wcet number="1">190</wcet>
            <maxpow number="0.5366608864484326"/>
            <maxpow number="0.5366608864484326"/>
            <fprob>0.0</fprob>
        </actor>
        <actor name="D0N28">
            <wcet number="0">50</wcet>
            <wcet number="1">220</wcet>
            <maxpow number="0.46348005924261976"/>
            <maxpow number="0.46348005924261976"/>
            <fprob>0.0</fprob>
        </actor>
        <actor name="D0N46">
            <wcet number="0">90</wcet>
            <wcet number="1">130</wcet>
            <maxpow number="0.8309923422019845"/>
            <maxpow number="0.8309923422019845"/>
            <fprob>0.0</fprob>
        </actor>
        <actor name="D0N31">
            <wcet number="0">10</wcet>
            <wcet number="1">20</wcet>
            <maxpow number="0.5785565477298124"/>
            <maxpow number="0.5785565477298124"/>
            <fprob>0.0</fprob>
        </actor>
        <actor name="D0N36">
            <wcet number="0">20</wcet>
            <wcet number="1">20</wcet>
            <maxpow number="0.6708281408471698"/>
            <maxpow number="0.6708281408471698"/>
            <fprob>0.0</fprob>
        </actor>
        <actor name="D0N43">
            <wcet number="0">10</wcet>
            <wcet number="1">100</wcet>
            <maxpow number="0.6099200035073413"/>
            <maxpow number="0.6099200035073413"/>
            <fprob>0.0</fprob>
        </actor>
        <actor name="D0N17">
            <wcet number="0">10</wcet>
            <wcet number="1">10</wcet>
            <maxpow number="0.2798194877874422"/>
            <maxpow number="0.2798194877874422"/>
            <fprob>0.0</fprob>
        </actor>
        <actor name="D0N27">
            <wcet number="0">30</wcet>
            <wcet number="1">140</wcet>
            <maxpow number="0.6926508730425738"/>
            <maxpow number="0.6926508730425738"/>
            <fprob>0.0</fprob>
        </actor>
        <actor name="D0N10">
            <wcet number="0">10</wcet>
            <wcet number="1">50</wcet>
            <maxpow number="0.42493583806899626"/>
            <maxpow number="0.42493583806899626"/>
            <fprob>0.0</fprob>
        </actor>
        <actor name="D0N24">
            <wcet number="0">180</wcet>
            <wcet number="1">190</wcet>
            <maxpow number="0.5189894307060207"/>
            <maxpow number="0.5189894307060207"/>
            <fprob>0.0</fprob>
        </actor>
        <actor name="D0N18">
            <wcet number="0">10</wcet>
            <wcet number="1">20</wcet>
            <maxpow number="0.511670444891281"/>
            <maxpow number="0.511670444891281"/>
            <fprob>0.0</fprob>
        </actor>
        <actor name="D0N45">
            <wcet number="0">20</wcet>
            <wcet number="1">30</wcet>
            <maxpow number="0.38638436810946075"/>
            <maxpow number="0.38638436810946075"/>
            <fprob>0.0</fprob>
        </actor>
        <actor name="D0N29">
            <wcet number="0">20</wcet>
            <wcet number="1">20</wcet>
            <maxpow number="0.638348888295459"/>
            <maxpow number="0.638348888295459"/>
            <fprob>0.0</fprob>
        </actor>
        <actor name="D0N6">
            <wcet number="0">50</wcet>
            <wcet number="1">80</wcet>
            <maxpow number="0.42345255779813684"/>
            <maxpow number="0.42345255779813684"/>
            <fprob>0.0</fprob>
        </actor>
        <actor name="D0N41">
            <wcet number="0">10</wcet>
            <wcet number="1">40</wcet>
            <maxpow number="0.26887023532683485"/>
            <maxpow number="0.26887023532683485"/>
            <fprob>0.0</fprob>
        </actor>
        <actor name="D0N37">
            <wcet number="0">10</wcet>
            <wcet number="1">10</wcet>
            <maxpow number="0.2263571989580878"/>
            <maxpow number="0.2263571989580878"/>
            <fprob>0.0</fprob>
        </actor>
        <actor name="D0N8">
            <wcet number="0">20</wcet>
            <wcet number="1">50</wcet>
            <maxpow number="0.5953905553012636"/>
            <maxpow number="0.5953905553012636"/>
            <fprob>0.0</fprob>
        </actor>
        <actor name="D0N7">
            <wcet number="0">90</wcet>
            <wcet number="1">160</wcet>
            <maxpow number="0.7040862807259342"/>
            <maxpow number="0.7040862807259342"/>
            <fprob>0.0</fprob>
        </actor>
        <actor name="D0N34">
            <wcet number="0">10</wcet>
            <wcet number="1">20</wcet>
            <maxpow number="0.7871557819661072"/>
            <maxpow number="0.7871557819661072"/>
            <fprob>0.0</fprob>
        </actor>
        <ports>
            <port dstActor="D0N30" name="p0" srcActor="D0N4"/>
            <port dstActor="D0N32" name="p1" srcActor="D0N4"/>
            <port dstActor="D0N24" name="p2" srcActor="D0N4"/>
            <port dstActor="D0N44" name="p3" srcActor="D0N4"/>
            <port dstActor="D0N16" name="p4" srcActor="D0N4"/>
            <port dstActor="D0N26" name="p5" srcActor="D0N1"/>
            <port dstActor="D0N17" name="p6" srcActor="D0N1"/>
            <port dstActor="D0N13" name="p7" srcActor="D0N1"/>
            <port dstActor="D0N19" name="p8" srcActor="D0N3"/>
            <port dstActor="D0N11" name="p9" srcActor="D0N3"/>
            <port dstActor="D0N22" name="p10" srcActor="D0N3"/>
            <port dstActor="D0N43" name="p11" srcActor="D0N32"/>
            <port dstActor="D0N35" name="p12" srcActor="D0N32"/>
            <port dstActor="D0N39" name="p13" srcActor="D0N32"/>
            <port dstActor="D0N44" name="p14" srcActor="D0N32"/>
            <port dstActor="D0N39" name="p15" srcActor="D0N14"/>
            <port dstActor="D0N28" name="p16" srcActor="D0N14"/>
            <port dstActor="D0N46" name="p17" srcActor="D0N14"/>
            <port dstActor="D0N42" name="p18" srcActor="D0N14"/>
            <port dstActor="D0N38" name="p19" srcActor="D0N22"/>
            <port dstActor="D0N41" name="p20" srcActor="D0N22"/>
            <port dstActor="D0N35" name="p21" srcActor="D0N22"/>
            <port dstActor="D0N13" name="p22" srcActor="D0N12"/>
            <port dstActor="D0N33" name="p23" srcActor="D0N12"/>
            <port dstActor="D0N29" name="p24" srcActor="D0N12"/>
            <port dstActor="D0N22" name="p25" srcActor="D0N12"/>
            <port dstActor="D0N34" name="p26" srcActor="D0N12"/>
            <port dstActor="D0N44" name="p27" srcActor="D0N12"/>
            <port dstActor="D0N37" name="p28" srcActor="D0N35"/>
            <port dstActor="D0N29" name="p29" srcActor="D0N16"/>
            <port dstActor="D0N19" name="p30" srcActor="D0N16"/>
            <port dstActor="D0N30" name="p31" srcActor="D0N16"/>
            <port dstActor="D0N18" name="p32" srcActor="D0N16"/>
            <port dstActor="D0N43" name="p33" srcActor="D0N40"/>
            <port dstActor="D0N30" name="p34" srcActor="D0N20"/>
            <port dstActor="D0N22" name="p35" srcActor="D0N20"/>
            <port dstActor="D0N44" name="p36" srcActor="D0N20"/>
            <port dstActor="D0N35" name="p37" srcActor="D0N20"/>
            <port dstActor="D0N23" name="p38" srcActor="D0N20"/>
            <port dstActor="D0N11" name="p39" srcActor="D0N2"/>
            <port dstActor="D0N9" name="p40" srcActor="D0N2"/>
            <port dstActor="D0N26" name="p41" srcActor="D0N2"/>
            <port dstActor="D0N16" name="p42" srcActor="D0N2"/>
            <port dstActor="D0N15" name="p43" srcActor="D0N2"/>
            <port dstActor="D0N32" name="p44" srcActor="D0N11"/>
            <port dstActor="D0N45" name="p45" srcActor="D0N25"/>
            <port dstActor="D0N37" name="p46" srcActor="D0N25"/>
            <port dstActor="D0N40" name="p47" srcActor="D0N25"/>
            <port dstActor="D0N37" name="p48" srcActor="D0N23"/>
            <port dstActor="D0N27" name="p49" srcActor="D0N19"/>
            <port dstActor="D0N35" name="p50" srcActor="D0N19"/>
            <port dstActor="D0N26" name="p51" srcActor="D0N19"/>
            <port dstActor="D0N44" name="p52" srcActor="D0N19"/>
            <port dstActor="D0N43" name="p53" srcActor="D0N19"/>
            <port dstActor="D0N40" name="p54" srcActor="D0N26"/>
            <port dstActor="D0N29" name="p55" srcActor="D0N26"/>
            <port dstActor="D0N18" name="p56" srcActor="D0N0"/>
            <port dstActor="D0N45" name="p57" srcActor="D0N0"/>
            <port dstActor="D0N13" name="p58" srcActor="D0N0"/>
            <port dstActor="D0N44" name="p59" srcActor="D0N0"/>
            <port dstActor="D0N21" name="p60" srcActor="D0N0"/>
            <port dstActor="D0N14" name="p61" srcActor="D0N13"/>
            <port dstActor="D0N39" name="p62" srcActor="D0N30"/>
            <port dstActor="D0N31" name="p63" srcActor="D0N30"/>
            <port dstActor="D0N34" name="p64" srcActor="D0N30"/>
            <port dstActor="D0N37" name="p65" srcActor="D0N30"/>
            <port dstActor="D0N45" name="p66" srcActor="D0N30"/>
            <port dstActor="D0N32" name="p67" srcActor="D0N30"/>
            <port dstActor="D0N12" name="p68" srcActor="D0N9"/>
            <port dstActor="D0N36" name="p69" srcActor="D0N9"/>
            <port dstActor="D0N30" name="p70" srcActor="D0N9"/>
            <port dstActor="D0N31" name="p71" srcActor="D0N9"/>
            <port dstActor="D0N14" name="p72" srcActor="D0N9"/>
            <port dstActor="D0N38" name="p73" srcActor="D0N9"/>
            <port dstActor="D0N27" name="p74" srcActor="D0N5"/>
            <port dstActor="D0N11" name="p75" srcActor="D0N5"/>
            <port dstActor="D0N20" name="p76" srcActor="D0N5"/>
            <port dstActor="D0N30" name="p77" srcActor="D0N21"/>
            <port dstActor="D0N38" name="p78" srcActor="D0N28"/>
            <port dstActor="D0N37" name="p79" srcActor="D0N28"/>
            <port dstActor="D0N35" name="p80" srcActor="D0N31"/>
            <port dstActor="D0N39" name="p81" srcActor="D0N36"/>
            <port dstActor="D0N40" name="p82" srcActor="D0N36"/>
            <port dstActor="D0N45" name="p83" srcActor="D0N43"/>
            <port dstActor="D0N26" name="p84" srcActor="D0N17"/>
            <port dstActor="D0N39" name="p85" srcActor="D0N17"/>
            <port dstActor="D0N38" name="p86" srcActor="D0N27"/>
            <port dstActor="D0N45" name="p87" srcActor="D0N27"/>
            <port dstActor="D0N30" name="p88" srcActor="D0N10"/>
            <port dstActor="D0N27" name="p89" srcActor="D0N10"/>
            <port dstActor="D0N26" name="p90" srcActor="D0N24"/>
            <port dstActor="D0N34" name="p91" srcActor="D0N24"/>
            <port dstActor="D0N40" name="p92" srcActor="D0N18"/>
            <port dstActor="D0N36" name="p93" srcActor="D0N18"/>
            <port dstActor="D0N39" name="p94" srcActor="D0N29"/>
            <port dstActor="D0N40" name="p95" srcActor="D0N29"/>
            <port dstActor="D0N42" name="p96" srcActor="D0N29"/>
            <port dstActor="D0N40" name="p97" srcActor="D0N6"/>
            <port dstActor="D0N12" name="p98" srcActor="D0N6"/>
            <port dstActor="D0N39" name="p99" srcActor="D0N6"/>
            <port dstActor="D0N43" name="p100" srcActor="D0N41"/>
            <port dstActor="D0N33" name="p101" srcActor="D0N8"/>
            <port dstActor="D0N14" name="p102" srcActor="D0N8"/>
            <port dstActor="D0N46" name="p103" srcActor="D0N8"/>
            <port dstActor="D0N39" name="p104" srcActor="D0N8"/>
            <port dstActor="D0N11" name="p105" srcActor="D0N8"/>
            <port dstActor="D0N11" name="p106" srcActor="D0N7"/>
            <port dstActor="D0N38" name="p107" srcActor="D0N34"/>
            <port dstActor="D0N42" name="p108" srcActor="D0N34"/>
            <port dstActor="D0N45" name="p109" srcActor="D0N34"/>
        </ports>
    </mcdag>
    <cores number="3"/>
    <levels number="2"/>
</mcsystem>
