<?xml version="1.0" encoding="UTF-8" standalone="no"?>
<mcsystem>
    <mcdag deadline="1500" name="genned-0-ed-10.0-0">
        <actor name="D0N1">
            <wcet number="0">10</wcet>
            <wcet number="1">60</wcet>
            <maxpow number="0.40337018396756114"/>
            <maxpow number="0.40337018396756114"/>
            <fprob>0.0</fprob>
        </actor>
        <actor name="D0N33">
            <wcet number="0">10</wcet>
            <wcet number="1">90</wcet>
            <maxpow number="0.6626529387733817"/>
            <maxpow number="0.6626529387733817"/>
            <fprob>0.0</fprob>
        </actor>
        <actor name="D0N35">
            <wcet number="0">200</wcet>
            <wcet number="1">260</wcet>
            <maxpow number="0.6121729875756959"/>
            <maxpow number="0.6121729875756959"/>
            <fprob>0.0</fprob>
        </actor>
        <actor name="D0N3">
            <wcet number="0">10</wcet>
            <wcet number="1">20</wcet>
            <maxpow number="0.7395991355771003"/>
            <maxpow number="0.7395991355771003"/>
            <fprob>0.0</fprob>
        </actor>
        <actor name="D0N47">
            <wcet number="0">60</wcet>
            <wcet number="1">90</wcet>
            <maxpow number="0.5920372555530756"/>
            <maxpow number="0.5920372555530756"/>
            <fprob>0.0</fprob>
        </actor>
        <actor name="D0N12">
            <wcet number="0">150</wcet>
            <wcet number="1">150</wcet>
            <maxpow number="0.5649406075907226"/>
            <maxpow number="0.5649406075907226"/>
            <fprob>0.0</fprob>
        </actor>
        <actor name="D0N8">
            <wcet number="0">10</wcet>
            <wcet number="1">110</wcet>
            <maxpow number="0.7870586049139741"/>
            <maxpow number="0.7870586049139741"/>
            <fprob>0.0</fprob>
        </actor>
        <actor name="D0N6">
            <wcet number="0">50</wcet>
            <wcet number="1">120</wcet>
            <maxpow number="0.4494838795244766"/>
            <maxpow number="0.4494838795244766"/>
            <fprob>0.0</fprob>
        </actor>
        <actor name="D0N31">
            <wcet number="0">30</wcet>
            <wcet number="1">40</wcet>
            <maxpow number="0.27176791978618975"/>
            <maxpow number="0.27176791978618975"/>
            <fprob>0.0</fprob>
        </actor>
        <actor name="D0N34">
            <wcet number="0">10</wcet>
            <wcet number="1">20</wcet>
            <maxpow number="0.8229087290308517"/>
            <maxpow number="0.8229087290308517"/>
            <fprob>0.0</fprob>
        </actor>
        <actor name="D0N9">
            <wcet number="0">150</wcet>
            <wcet number="1">170</wcet>
            <maxpow number="0.6580281166108293"/>
            <maxpow number="0.6580281166108293"/>
            <fprob>0.0</fprob>
        </actor>
        <actor name="D0N39">
            <wcet number="0">20</wcet>
            <wcet number="1">210</wcet>
            <maxpow number="0.14943971732542854"/>
            <maxpow number="0.14943971732542854"/>
            <fprob>0.0</fprob>
        </actor>
        <actor name="D0N20">
            <wcet number="0">50</wcet>
            <wcet number="1">90</wcet>
            <maxpow number="0.49516032499091056"/>
            <maxpow number="0.49516032499091056"/>
            <fprob>0.0</fprob>
        </actor>
        <actor name="D0N43">
            <wcet number="0">30</wcet>
            <wcet number="1">120</wcet>
            <maxpow number="0.13974560446894096"/>
            <maxpow number="0.13974560446894096"/>
            <fprob>0.0</fprob>
        </actor>
        <actor name="D0N14">
            <wcet number="0">140</wcet>
            <wcet number="1">140</wcet>
            <maxpow number="0.668762950716264"/>
            <maxpow number="0.668762950716264"/>
            <fprob>0.0</fprob>
        </actor>
        <actor name="D0N7">
            <wcet number="0">50</wcet>
            <wcet number="1">70</wcet>
            <maxpow number="0.48420431670901065"/>
            <maxpow number="0.48420431670901065"/>
            <fprob>0.0</fprob>
        </actor>
        <actor name="D0N38">
            <wcet number="0">40</wcet>
            <wcet number="1">40</wcet>
            <maxpow number="0.6162526632237078"/>
            <maxpow number="0.6162526632237078"/>
            <fprob>0.0</fprob>
        </actor>
        <actor name="D0N11">
            <wcet number="0">130</wcet>
            <wcet number="1">180</wcet>
            <maxpow number="0.8122693027879873"/>
            <maxpow number="0.8122693027879873"/>
            <fprob>0.0</fprob>
        </actor>
        <actor name="D0N23">
            <wcet number="0">10</wcet>
            <wcet number="1">40</wcet>
            <maxpow number="0.3103116960783068"/>
            <maxpow number="0.3103116960783068"/>
            <fprob>0.0</fprob>
        </actor>
        <actor name="D0N42">
            <wcet number="0">50</wcet>
            <wcet number="1">100</wcet>
            <maxpow number="0.4328035894752239"/>
            <maxpow number="0.4328035894752239"/>
            <fprob>0.0</fprob>
        </actor>
        <actor name="D0N45">
            <wcet number="0">10</wcet>
            <wcet number="1">20</wcet>
            <maxpow number="0.2787199257095336"/>
            <maxpow number="0.2787199257095336"/>
            <fprob>0.0</fprob>
        </actor>
        <actor name="D0N15">
            <wcet number="0">20</wcet>
            <wcet number="1">30</wcet>
            <maxpow number="0.5317541521092644"/>
            <maxpow number="0.5317541521092644"/>
            <fprob>0.0</fprob>
        </actor>
        <actor name="D0N30">
            <wcet number="0">130</wcet>
            <wcet number="1">130</wcet>
            <maxpow number="0.6432072916492669"/>
            <maxpow number="0.6432072916492669"/>
            <fprob>0.0</fprob>
        </actor>
        <actor name="D0N2">
            <wcet number="0">20</wcet>
            <wcet number="1">20</wcet>
            <maxpow number="0.6357056705443328"/>
            <maxpow number="0.6357056705443328"/>
            <fprob>0.0</fprob>
        </actor>
        <actor name="D0N27">
            <wcet number="0">10</wcet>
            <wcet number="1">10</wcet>
            <maxpow number="0.4830774345404858"/>
            <maxpow number="0.4830774345404858"/>
            <fprob>0.0</fprob>
        </actor>
        <actor name="D0N26">
            <wcet number="0">250</wcet>
            <wcet number="1">260</wcet>
            <maxpow number="0.53244161243421"/>
            <maxpow number="0.53244161243421"/>
            <fprob>0.0</fprob>
        </actor>
        <actor name="D0N24">
            <wcet number="0">80</wcet>
            <wcet number="1">110</wcet>
            <maxpow number="1.0094512683783792"/>
            <maxpow number="1.0094512683783792"/>
            <fprob>0.0</fprob>
        </actor>
        <actor name="D0N0">
            <wcet number="0">10</wcet>
            <wcet number="1">10</wcet>
            <maxpow number="0.5811358219089239"/>
            <maxpow number="0.5811358219089239"/>
            <fprob>0.0</fprob>
        </actor>
        <actor name="D0N36">
            <wcet number="0">20</wcet>
            <wcet number="1">30</wcet>
            <maxpow number="0.8207411548172597"/>
            <maxpow number="0.8207411548172597"/>
            <fprob>0.0</fprob>
        </actor>
        <actor name="D0N18">
            <wcet number="0">90</wcet>
            <wcet number="1">130</wcet>
            <maxpow number="0.72666741739682"/>
            <maxpow number="0.72666741739682"/>
            <fprob>0.0</fprob>
        </actor>
        <actor name="D0N16">
            <wcet number="0">10</wcet>
            <wcet number="1">60</wcet>
            <maxpow number="0.6727893771637827"/>
            <maxpow number="0.6727893771637827"/>
            <fprob>0.0</fprob>
        </actor>
        <actor name="D0N22">
            <wcet number="0">10</wcet>
            <wcet number="1">80</wcet>
            <maxpow number="0.7283502132171032"/>
            <maxpow number="0.7283502132171032"/>
            <fprob>0.0</fprob>
        </actor>
        <actor name="D0N32">
            <wcet number="0">30</wcet>
            <wcet number="1">40</wcet>
            <maxpow number="0.44324625711463667"/>
            <maxpow number="0.44324625711463667"/>
            <fprob>0.0</fprob>
        </actor>
        <actor name="D0N13">
            <wcet number="0">100</wcet>
            <wcet number="1">100</wcet>
            <maxpow number="0.46735251376341164"/>
            <maxpow number="0.46735251376341164"/>
            <fprob>0.0</fprob>
        </actor>
        <actor name="D0N19">
            <wcet number="0">20</wcet>
            <wcet number="1">30</wcet>
            <maxpow number="0.8282166378606248"/>
            <maxpow number="0.8282166378606248"/>
            <fprob>0.0</fprob>
        </actor>
        <actor name="D0N37">
            <wcet number="0">30</wcet>
            <wcet number="1">30</wcet>
            <maxpow number="0.6453484322524508"/>
            <maxpow number="0.6453484322524508"/>
            <fprob>0.0</fprob>
        </actor>
        <actor name="D0N17">
            <wcet number="0">110</wcet>
            <wcet number="1">210</wcet>
            <maxpow number="0.6141301600556853"/>
            <maxpow number="0.6141301600556853"/>
            <fprob>0.0</fprob>
        </actor>
        <actor name="D0N28">
            <wcet number="0">80</wcet>
            <wcet number="1">110</wcet>
            <maxpow number="0.491150663367912"/>
            <maxpow number="0.491150663367912"/>
            <fprob>0.0</fprob>
        </actor>
        <actor name="D0N4">
            <wcet number="0">20</wcet>
            <wcet number="1">130</wcet>
            <maxpow number="0.5406123602298224"/>
            <maxpow number="0.5406123602298224"/>
            <fprob>0.0</fprob>
        </actor>
        <actor name="D0N25">
            <wcet number="0">10</wcet>
            <wcet number="1">10</wcet>
            <maxpow number="0.5732483492977335"/>
            <maxpow number="0.5732483492977335"/>
            <fprob>0.0</fprob>
        </actor>
        <actor name="D0N46">
            <wcet number="0">30</wcet>
            <wcet number="1">30</wcet>
            <maxpow number="0.6929174212127325"/>
            <maxpow number="0.6929174212127325"/>
            <fprob>0.0</fprob>
        </actor>
        <actor name="D0N5">
            <wcet number="0">80</wcet>
            <wcet number="1">120</wcet>
            <maxpow number="0.3386059151919043"/>
            <maxpow number="0.3386059151919043"/>
            <fprob>0.0</fprob>
        </actor>
        <actor name="D0N21">
            <wcet number="0">10</wcet>
            <wcet number="1">10</wcet>
            <maxpow number="0.7272372719864348"/>
            <maxpow number="0.7272372719864348"/>
            <fprob>0.0</fprob>
        </actor>
        <actor name="D0N44">
            <wcet number="0">40</wcet>
            <wcet number="1">60</wcet>
            <maxpow number="0.5789941046227497"/>
            <maxpow number="0.5789941046227497"/>
            <fprob>0.0</fprob>
        </actor>
        <actor name="D0N29">
            <wcet number="0">10</wcet>
            <wcet number="1">10</wcet>
            <maxpow number="0.45308156430523966"/>
            <maxpow number="0.45308156430523966"/>
            <fprob>0.0</fprob>
        </actor>
        <actor name="D0N41">
            <wcet number="0">30</wcet>
            <wcet number="1">70</wcet>
            <maxpow number="0.8441381352833419"/>
            <maxpow number="0.8441381352833419"/>
            <fprob>0.0</fprob>
        </actor>
        <actor name="D0N40">
            <wcet number="0">30</wcet>
            <wcet number="1">140</wcet>
            <maxpow number="0.5160330808852365"/>
            <maxpow number="0.5160330808852365"/>
            <fprob>0.0</fprob>
        </actor>
        <actor name="D0N10">
            <wcet number="0">80</wcet>
            <wcet number="1">90</wcet>
            <maxpow number="0.5860687400366027"/>
            <maxpow number="0.5860687400366027"/>
            <fprob>0.0</fprob>
        </actor>
        <ports>
            <port dstActor="D0N44" name="p0" srcActor="D0N1"/>
            <port dstActor="D0N15" name="p1" srcActor="D0N1"/>
            <port dstActor="D0N22" name="p2" srcActor="D0N1"/>
            <port dstActor="D0N4" name="p3" srcActor="D0N1"/>
            <port dstActor="D0N20" name="p4" srcActor="D0N1"/>
            <port dstActor="D0N18" name="p5" srcActor="D0N1"/>
            <port dstActor="D0N42" name="p6" srcActor="D0N1"/>
            <port dstActor="D0N47" name="p7" srcActor="D0N1"/>
            <port dstActor="D0N30" name="p8" srcActor="D0N1"/>
            <port dstActor="D0N40" name="p9" srcActor="D0N33"/>
            <port dstActor="D0N46" name="p10" srcActor="D0N33"/>
            <port dstActor="D0N43" name="p11" srcActor="D0N3"/>
            <port dstActor="D0N42" name="p12" srcActor="D0N12"/>
            <port dstActor="D0N23" name="p13" srcActor="D0N12"/>
            <port dstActor="D0N43" name="p14" srcActor="D0N8"/>
            <port dstActor="D0N34" name="p15" srcActor="D0N8"/>
            <port dstActor="D0N40" name="p16" srcActor="D0N8"/>
            <port dstActor="D0N36" name="p17" srcActor="D0N8"/>
            <port dstActor="D0N11" name="p18" srcActor="D0N6"/>
            <port dstActor="D0N27" name="p19" srcActor="D0N6"/>
            <port dstActor="D0N41" name="p20" srcActor="D0N6"/>
            <port dstActor="D0N35" name="p21" srcActor="D0N6"/>
            <port dstActor="D0N39" name="p22" srcActor="D0N34"/>
            <port dstActor="D0N37" name="p23" srcActor="D0N9"/>
            <port dstActor="D0N26" name="p24" srcActor="D0N9"/>
            <port dstActor="D0N38" name="p25" srcActor="D0N9"/>
            <port dstActor="D0N36" name="p26" srcActor="D0N20"/>
            <port dstActor="D0N41" name="p27" srcActor="D0N20"/>
            <port dstActor="D0N34" name="p28" srcActor="D0N20"/>
            <port dstActor="D0N34" name="p29" srcActor="D0N14"/>
            <port dstActor="D0N39" name="p30" srcActor="D0N7"/>
            <port dstActor="D0N38" name="p31" srcActor="D0N7"/>
            <port dstActor="D0N42" name="p32" srcActor="D0N7"/>
            <port dstActor="D0N43" name="p33" srcActor="D0N7"/>
            <port dstActor="D0N40" name="p34" srcActor="D0N38"/>
            <port dstActor="D0N40" name="p35" srcActor="D0N11"/>
            <port dstActor="D0N17" name="p36" srcActor="D0N11"/>
            <port dstActor="D0N37" name="p37" srcActor="D0N11"/>
            <port dstActor="D0N38" name="p38" srcActor="D0N23"/>
            <port dstActor="D0N25" name="p39" srcActor="D0N23"/>
            <port dstActor="D0N42" name="p40" srcActor="D0N23"/>
            <port dstActor="D0N33" name="p41" srcActor="D0N23"/>
            <port dstActor="D0N25" name="p42" srcActor="D0N15"/>
            <port dstActor="D0N35" name="p43" srcActor="D0N15"/>
            <port dstActor="D0N37" name="p44" srcActor="D0N30"/>
            <port dstActor="D0N43" name="p45" srcActor="D0N30"/>
            <port dstActor="D0N32" name="p46" srcActor="D0N30"/>
            <port dstActor="D0N20" name="p47" srcActor="D0N2"/>
            <port dstActor="D0N37" name="p48" srcActor="D0N27"/>
            <port dstActor="D0N35" name="p49" srcActor="D0N26"/>
            <port dstActor="D0N37" name="p50" srcActor="D0N26"/>
            <port dstActor="D0N42" name="p51" srcActor="D0N26"/>
            <port dstActor="D0N44" name="p52" srcActor="D0N26"/>
            <port dstActor="D0N46" name="p53" srcActor="D0N24"/>
            <port dstActor="D0N10" name="p54" srcActor="D0N0"/>
            <port dstActor="D0N4" name="p55" srcActor="D0N0"/>
            <port dstActor="D0N3" name="p56" srcActor="D0N0"/>
            <port dstActor="D0N25" name="p57" srcActor="D0N0"/>
            <port dstActor="D0N44" name="p58" srcActor="D0N0"/>
            <port dstActor="D0N38" name="p59" srcActor="D0N36"/>
            <port dstActor="D0N42" name="p60" srcActor="D0N36"/>
            <port dstActor="D0N40" name="p61" srcActor="D0N36"/>
            <port dstActor="D0N47" name="p62" srcActor="D0N18"/>
            <port dstActor="D0N35" name="p63" srcActor="D0N16"/>
            <port dstActor="D0N18" name="p64" srcActor="D0N16"/>
            <port dstActor="D0N44" name="p65" srcActor="D0N32"/>
            <port dstActor="D0N33" name="p66" srcActor="D0N13"/>
            <port dstActor="D0N46" name="p67" srcActor="D0N13"/>
            <port dstActor="D0N22" name="p68" srcActor="D0N13"/>
            <port dstActor="D0N44" name="p69" srcActor="D0N13"/>
            <port dstActor="D0N27" name="p70" srcActor="D0N13"/>
            <port dstActor="D0N32" name="p71" srcActor="D0N13"/>
            <port dstActor="D0N20" name="p72" srcActor="D0N13"/>
            <port dstActor="D0N30" name="p73" srcActor="D0N19"/>
            <port dstActor="D0N41" name="p74" srcActor="D0N37"/>
            <port dstActor="D0N45" name="p75" srcActor="D0N37"/>
            <port dstActor="D0N43" name="p76" srcActor="D0N17"/>
            <port dstActor="D0N24" name="p77" srcActor="D0N17"/>
            <port dstActor="D0N44" name="p78" srcActor="D0N17"/>
            <port dstActor="D0N29" name="p79" srcActor="D0N28"/>
            <port dstActor="D0N17" name="p80" srcActor="D0N4"/>
            <port dstActor="D0N20" name="p81" srcActor="D0N4"/>
            <port dstActor="D0N9" name="p82" srcActor="D0N4"/>
            <port dstActor="D0N19" name="p83" srcActor="D0N4"/>
            <port dstActor="D0N28" name="p84" srcActor="D0N25"/>
            <port dstActor="D0N24" name="p85" srcActor="D0N5"/>
            <port dstActor="D0N11" name="p86" srcActor="D0N5"/>
            <port dstActor="D0N36" name="p87" srcActor="D0N5"/>
            <port dstActor="D0N20" name="p88" srcActor="D0N5"/>
            <port dstActor="D0N43" name="p89" srcActor="D0N21"/>
            <port dstActor="D0N29" name="p90" srcActor="D0N21"/>
            <port dstActor="D0N45" name="p91" srcActor="D0N44"/>
            <port dstActor="D0N47" name="p92" srcActor="D0N44"/>
            <port dstActor="D0N43" name="p93" srcActor="D0N29"/>
            <port dstActor="D0N47" name="p94" srcActor="D0N29"/>
            <port dstActor="D0N42" name="p95" srcActor="D0N41"/>
            <port dstActor="D0N30" name="p96" srcActor="D0N10"/>
            <port dstActor="D0N21" name="p97" srcActor="D0N10"/>
            <port dstActor="D0N11" name="p98" srcActor="D0N10"/>
            <port dstActor="D0N33" name="p99" srcActor="D0N10"/>
        </ports>
    </mcdag>
    <cores number="3"/>
    <levels number="2"/>
</mcsystem>
