<?xml version="1.0" encoding="UTF-8" standalone="no"?>
<mcsystem>
    <mcdag deadline="2200" name="genned-0-ed-10.0-0">
        <actor name="D0N11">
            <wcet number="0">20</wcet>
            <wcet number="1">100</wcet>
            <maxpow number="0.5817274097179315"/>
            <maxpow number="0.5817274097179315"/>
            <fprob>0.0</fprob>
        </actor>
        <actor name="D0N6">
            <wcet number="0">20</wcet>
            <wcet number="1">140</wcet>
            <maxpow number="0.278254417643038"/>
            <maxpow number="0.278254417643038"/>
            <fprob>0.0</fprob>
        </actor>
        <actor name="D0N2">
            <wcet number="0">30</wcet>
            <wcet number="1">150</wcet>
            <maxpow number="0.5835881047792466"/>
            <maxpow number="0.5835881047792466"/>
            <fprob>0.0</fprob>
        </actor>
        <actor name="D0N31">
            <wcet number="0">50</wcet>
            <wcet number="1">120</wcet>
            <maxpow number="0.7718740055634344"/>
            <maxpow number="0.7718740055634344"/>
            <fprob>0.0</fprob>
        </actor>
        <actor name="D0N17">
            <wcet number="0">40</wcet>
            <wcet number="1">190</wcet>
            <maxpow number="0.21422640329085468"/>
            <maxpow number="0.21422640329085468"/>
            <fprob>0.0</fprob>
        </actor>
        <actor name="D0N0">
            <wcet number="0">10</wcet>
            <wcet number="1">20</wcet>
            <maxpow number="0.4694658613126117"/>
            <maxpow number="0.4694658613126117"/>
            <fprob>0.0</fprob>
        </actor>
        <actor name="D0N34">
            <wcet number="0">120</wcet>
            <wcet number="1">130</wcet>
            <maxpow number="0.5319821121208664"/>
            <maxpow number="0.5319821121208664"/>
            <fprob>0.0</fprob>
        </actor>
        <actor name="D0N12">
            <wcet number="0">210</wcet>
            <wcet number="1">270</wcet>
            <maxpow number="0.44523037480116784"/>
            <maxpow number="0.44523037480116784"/>
            <fprob>0.0</fprob>
        </actor>
        <actor name="D0N42">
            <wcet number="0">120</wcet>
            <wcet number="1">180</wcet>
            <maxpow number="0.6816109383331412"/>
            <maxpow number="0.6816109383331412"/>
            <fprob>0.0</fprob>
        </actor>
        <actor name="D0N10">
            <wcet number="0">40</wcet>
            <wcet number="1">230</wcet>
            <maxpow number="0.6733569910910665"/>
            <maxpow number="0.6733569910910665"/>
            <fprob>0.0</fprob>
        </actor>
        <actor name="D0N44">
            <wcet number="0">40</wcet>
            <wcet number="1">40</wcet>
            <maxpow number="0.5709470361452175"/>
            <maxpow number="0.5709470361452175"/>
            <fprob>0.0</fprob>
        </actor>
        <actor name="D0N48">
            <wcet number="0">60</wcet>
            <wcet number="1">130</wcet>
            <maxpow number="0.5116829638312926"/>
            <maxpow number="0.5116829638312926"/>
            <fprob>0.0</fprob>
        </actor>
        <actor name="D0N23">
            <wcet number="0">40</wcet>
            <wcet number="1">40</wcet>
            <maxpow number="0.28385871112970573"/>
            <maxpow number="0.28385871112970573"/>
            <fprob>0.0</fprob>
        </actor>
        <actor name="D0N9">
            <wcet number="0">50</wcet>
            <wcet number="1">50</wcet>
            <maxpow number="0.5740729624657235"/>
            <maxpow number="0.5740729624657235"/>
            <fprob>0.0</fprob>
        </actor>
        <actor name="D0N45">
            <wcet number="0">30</wcet>
            <wcet number="1">40</wcet>
            <maxpow number="0.25870112848548393"/>
            <maxpow number="0.25870112848548393"/>
            <fprob>0.0</fprob>
        </actor>
        <actor name="D0N47">
            <wcet number="0">120</wcet>
            <wcet number="1">350</wcet>
            <maxpow number="0.619571099264735"/>
            <maxpow number="0.619571099264735"/>
            <fprob>0.0</fprob>
        </actor>
        <actor name="D0N30">
            <wcet number="0">140</wcet>
            <wcet number="1">190</wcet>
            <maxpow number="0.7092056208889259"/>
            <maxpow number="0.7092056208889259"/>
            <fprob>0.0</fprob>
        </actor>
        <actor name="D0N39">
            <wcet number="0">10</wcet>
            <wcet number="1">10</wcet>
            <maxpow number="0.7225749063418446"/>
            <maxpow number="0.7225749063418446"/>
            <fprob>0.0</fprob>
        </actor>
        <actor name="D0N22">
            <wcet number="0">100</wcet>
            <wcet number="1">370</wcet>
            <maxpow number="0.579120484581289"/>
            <maxpow number="0.579120484581289"/>
            <fprob>0.0</fprob>
        </actor>
        <actor name="D0N33">
            <wcet number="0">40</wcet>
            <wcet number="1">310</wcet>
            <maxpow number="0.2459162934892863"/>
            <maxpow number="0.2459162934892863"/>
            <fprob>0.0</fprob>
        </actor>
        <actor name="D0N40">
            <wcet number="0">20</wcet>
            <wcet number="1">20</wcet>
            <maxpow number="0.46488480036698177"/>
            <maxpow number="0.46488480036698177"/>
            <fprob>0.0</fprob>
        </actor>
        <actor name="D0N29">
            <wcet number="0">20</wcet>
            <wcet number="1">20</wcet>
            <maxpow number="0.6632872277198225"/>
            <maxpow number="0.6632872277198225"/>
            <fprob>0.0</fprob>
        </actor>
        <actor name="D0N38">
            <wcet number="0">10</wcet>
            <wcet number="1">20</wcet>
            <maxpow number="0.7465557367152473"/>
            <maxpow number="0.7465557367152473"/>
            <fprob>0.0</fprob>
        </actor>
        <actor name="D0N32">
            <wcet number="0">160</wcet>
            <wcet number="1">210</wcet>
            <maxpow number="0.5813484694245632"/>
            <maxpow number="0.5813484694245632"/>
            <fprob>0.0</fprob>
        </actor>
        <actor name="D0N41">
            <wcet number="0">40</wcet>
            <wcet number="1">60</wcet>
            <maxpow number="0.5004580482562236"/>
            <maxpow number="0.5004580482562236"/>
            <fprob>0.0</fprob>
        </actor>
        <actor name="D0N43">
            <wcet number="0">20</wcet>
            <wcet number="1">20</wcet>
            <maxpow number="0.49098257598236195"/>
            <maxpow number="0.49098257598236195"/>
            <fprob>0.0</fprob>
        </actor>
        <actor name="D0N4">
            <wcet number="0">140</wcet>
            <wcet number="1">140</wcet>
            <maxpow number="0.7292536805485333"/>
            <maxpow number="0.7292536805485333"/>
            <fprob>0.0</fprob>
        </actor>
        <actor name="D0N27">
            <wcet number="0">50</wcet>
            <wcet number="1">60</wcet>
            <maxpow number="0.7077607029569699"/>
            <maxpow number="0.7077607029569699"/>
            <fprob>0.0</fprob>
        </actor>
        <actor name="D0N20">
            <wcet number="0">10</wcet>
            <wcet number="1">50</wcet>
            <maxpow number="0.4297114083966212"/>
            <maxpow number="0.4297114083966212"/>
            <fprob>0.0</fprob>
        </actor>
        <actor name="D0N13">
            <wcet number="0">50</wcet>
            <wcet number="1">60</wcet>
            <maxpow number="0.46715465668055245"/>
            <maxpow number="0.46715465668055245"/>
            <fprob>0.0</fprob>
        </actor>
        <actor name="D0N18">
            <wcet number="0">40</wcet>
            <wcet number="1">50</wcet>
            <maxpow number="0.139979878333238"/>
            <maxpow number="0.139979878333238"/>
            <fprob>0.0</fprob>
        </actor>
        <actor name="D0N37">
            <wcet number="0">90</wcet>
            <wcet number="1">160</wcet>
            <maxpow number="0.2703012671270202"/>
            <maxpow number="0.2703012671270202"/>
            <fprob>0.0</fprob>
        </actor>
        <actor name="D0N7">
            <wcet number="0">40</wcet>
            <wcet number="1">110</wcet>
            <maxpow number="0.5596301657326612"/>
            <maxpow number="0.5596301657326612"/>
            <fprob>0.0</fprob>
        </actor>
        <actor name="D0N3">
            <wcet number="0">30</wcet>
            <wcet number="1">70</wcet>
            <maxpow number="0.7103200278283178"/>
            <maxpow number="0.7103200278283178"/>
            <fprob>0.0</fprob>
        </actor>
        <actor name="D0N25">
            <wcet number="0">20</wcet>
            <wcet number="1">20</wcet>
            <maxpow number="0.6510635851408435"/>
            <maxpow number="0.6510635851408435"/>
            <fprob>0.0</fprob>
        </actor>
        <actor name="D0N46">
            <wcet number="0">10</wcet>
            <wcet number="1">20</wcet>
            <maxpow number="0.34115917791980677"/>
            <maxpow number="0.34115917791980677"/>
            <fprob>0.0</fprob>
        </actor>
        <actor name="D0N1">
            <wcet number="0">70</wcet>
            <wcet number="1">70</wcet>
            <maxpow number="0.716928114295125"/>
            <maxpow number="0.716928114295125"/>
            <fprob>0.0</fprob>
        </actor>
        <actor name="D0N26">
            <wcet number="0">240</wcet>
            <wcet number="1">260</wcet>
            <maxpow number="0.7127542681580052"/>
            <maxpow number="0.7127542681580052"/>
            <fprob>0.0</fprob>
        </actor>
        <actor name="D0N36">
            <wcet number="0">30</wcet>
            <wcet number="1">110</wcet>
            <maxpow number="0.6768867990989839"/>
            <maxpow number="0.6768867990989839"/>
            <fprob>0.0</fprob>
        </actor>
        <actor name="D0N35">
            <wcet number="0">30</wcet>
            <wcet number="1">40</wcet>
            <maxpow number="0.6666523808603853"/>
            <maxpow number="0.6666523808603853"/>
            <fprob>0.0</fprob>
        </actor>
        <actor name="D0N21">
            <wcet number="0">40</wcet>
            <wcet number="1">50</wcet>
            <maxpow number="0.5437023512532645"/>
            <maxpow number="0.5437023512532645"/>
            <fprob>0.0</fprob>
        </actor>
        <actor name="D0N24">
            <wcet number="0">20</wcet>
            <wcet number="1">20</wcet>
            <maxpow number="0.7425619288651834"/>
            <maxpow number="0.7425619288651834"/>
            <fprob>0.0</fprob>
        </actor>
        <actor name="D0N28">
            <wcet number="0">10</wcet>
            <wcet number="1">130</wcet>
            <maxpow number="0.8986021432128151"/>
            <maxpow number="0.8986021432128151"/>
            <fprob>0.0</fprob>
        </actor>
        <actor name="D0N14">
            <wcet number="0">10</wcet>
            <wcet number="1">10</wcet>
            <maxpow number="0.5662790214571954"/>
            <maxpow number="0.5662790214571954"/>
            <fprob>0.0</fprob>
        </actor>
        <actor name="D0N5">
            <wcet number="0">60</wcet>
            <wcet number="1">130</wcet>
            <maxpow number="0.7519560009063234"/>
            <maxpow number="0.7519560009063234"/>
            <fprob>0.0</fprob>
        </actor>
        <actor name="D0N16">
            <wcet number="0">20</wcet>
            <wcet number="1">20</wcet>
            <maxpow number="0.3502807075373082"/>
            <maxpow number="0.3502807075373082"/>
            <fprob>0.0</fprob>
        </actor>
        <actor name="D0N8">
            <wcet number="0">40</wcet>
            <wcet number="1">80</wcet>
            <maxpow number="0.703545286859681"/>
            <maxpow number="0.703545286859681"/>
            <fprob>0.0</fprob>
        </actor>
        <actor name="D0N19">
            <wcet number="0">100</wcet>
            <wcet number="1">140</wcet>
            <maxpow number="0.7046013404780244"/>
            <maxpow number="0.7046013404780244"/>
            <fprob>0.0</fprob>
        </actor>
        <actor name="D0N15">
            <wcet number="0">70</wcet>
            <wcet number="1">70</wcet>
            <maxpow number="0.7507624483640122"/>
            <maxpow number="0.7507624483640122"/>
            <fprob>0.0</fprob>
        </actor>
        <ports>
            <port dstActor="D0N34" name="p0" srcActor="D0N11"/>
            <port dstActor="D0N12" name="p1" srcActor="D0N11"/>
            <port dstActor="D0N22" name="p2" srcActor="D0N11"/>
            <port dstActor="D0N40" name="p3" srcActor="D0N6"/>
            <port dstActor="D0N42" name="p4" srcActor="D0N6"/>
            <port dstActor="D0N34" name="p5" srcActor="D0N6"/>
            <port dstActor="D0N46" name="p6" srcActor="D0N6"/>
            <port dstActor="D0N44" name="p7" srcActor="D0N2"/>
            <port dstActor="D0N48" name="p8" srcActor="D0N2"/>
            <port dstActor="D0N13" name="p9" srcActor="D0N2"/>
            <port dstActor="D0N31" name="p10" srcActor="D0N2"/>
            <port dstActor="D0N37" name="p11" srcActor="D0N2"/>
            <port dstActor="D0N29" name="p12" srcActor="D0N2"/>
            <port dstActor="D0N41" name="p13" srcActor="D0N2"/>
            <port dstActor="D0N6" name="p14" srcActor="D0N2"/>
            <port dstActor="D0N28" name="p15" srcActor="D0N2"/>
            <port dstActor="D0N23" name="p16" srcActor="D0N2"/>
            <port dstActor="D0N39" name="p17" srcActor="D0N31"/>
            <port dstActor="D0N48" name="p18" srcActor="D0N31"/>
            <port dstActor="D0N14" name="p19" srcActor="D0N0"/>
            <port dstActor="D0N27" name="p20" srcActor="D0N0"/>
            <port dstActor="D0N7" name="p21" srcActor="D0N0"/>
            <port dstActor="D0N10" name="p22" srcActor="D0N0"/>
            <port dstActor="D0N40" name="p23" srcActor="D0N0"/>
            <port dstActor="D0N47" name="p24" srcActor="D0N34"/>
            <port dstActor="D0N31" name="p25" srcActor="D0N12"/>
            <port dstActor="D0N45" name="p26" srcActor="D0N12"/>
            <port dstActor="D0N42" name="p27" srcActor="D0N12"/>
            <port dstActor="D0N38" name="p28" srcActor="D0N12"/>
            <port dstActor="D0N44" name="p29" srcActor="D0N42"/>
            <port dstActor="D0N37" name="p30" srcActor="D0N10"/>
            <port dstActor="D0N43" name="p31" srcActor="D0N10"/>
            <port dstActor="D0N28" name="p32" srcActor="D0N10"/>
            <port dstActor="D0N25" name="p33" srcActor="D0N23"/>
            <port dstActor="D0N40" name="p34" srcActor="D0N23"/>
            <port dstActor="D0N30" name="p35" srcActor="D0N23"/>
            <port dstActor="D0N29" name="p36" srcActor="D0N9"/>
            <port dstActor="D0N48" name="p37" srcActor="D0N9"/>
            <port dstActor="D0N27" name="p38" srcActor="D0N9"/>
            <port dstActor="D0N45" name="p39" srcActor="D0N9"/>
            <port dstActor="D0N17" name="p40" srcActor="D0N9"/>
            <port dstActor="D0N38" name="p41" srcActor="D0N30"/>
            <port dstActor="D0N48" name="p42" srcActor="D0N39"/>
            <port dstActor="D0N27" name="p43" srcActor="D0N22"/>
            <port dstActor="D0N48" name="p44" srcActor="D0N22"/>
            <port dstActor="D0N35" name="p45" srcActor="D0N22"/>
            <port dstActor="D0N44" name="p46" srcActor="D0N22"/>
            <port dstActor="D0N40" name="p47" srcActor="D0N33"/>
            <port dstActor="D0N41" name="p48" srcActor="D0N33"/>
            <port dstActor="D0N36" name="p49" srcActor="D0N33"/>
            <port dstActor="D0N44" name="p50" srcActor="D0N33"/>
            <port dstActor="D0N48" name="p51" srcActor="D0N40"/>
            <port dstActor="D0N42" name="p52" srcActor="D0N38"/>
            <port dstActor="D0N45" name="p53" srcActor="D0N38"/>
            <port dstActor="D0N39" name="p54" srcActor="D0N4"/>
            <port dstActor="D0N16" name="p55" srcActor="D0N4"/>
            <port dstActor="D0N11" name="p56" srcActor="D0N4"/>
            <port dstActor="D0N23" name="p57" srcActor="D0N4"/>
            <port dstActor="D0N45" name="p58" srcActor="D0N27"/>
            <port dstActor="D0N48" name="p59" srcActor="D0N27"/>
            <port dstActor="D0N48" name="p60" srcActor="D0N20"/>
            <port dstActor="D0N30" name="p61" srcActor="D0N20"/>
            <port dstActor="D0N43" name="p62" srcActor="D0N20"/>
            <port dstActor="D0N20" name="p63" srcActor="D0N13"/>
            <port dstActor="D0N42" name="p64" srcActor="D0N13"/>
            <port dstActor="D0N34" name="p65" srcActor="D0N18"/>
            <port dstActor="D0N38" name="p66" srcActor="D0N18"/>
            <port dstActor="D0N16" name="p67" srcActor="D0N7"/>
            <port dstActor="D0N12" name="p68" srcActor="D0N7"/>
            <port dstActor="D0N33" name="p69" srcActor="D0N7"/>
            <port dstActor="D0N28" name="p70" srcActor="D0N7"/>
            <port dstActor="D0N6" name="p71" srcActor="D0N3"/>
            <port dstActor="D0N13" name="p72" srcActor="D0N3"/>
            <port dstActor="D0N37" name="p73" srcActor="D0N3"/>
            <port dstActor="D0N19" name="p74" srcActor="D0N3"/>
            <port dstActor="D0N29" name="p75" srcActor="D0N25"/>
            <port dstActor="D0N35" name="p76" srcActor="D0N25"/>
            <port dstActor="D0N28" name="p77" srcActor="D0N1"/>
            <port dstActor="D0N4" name="p78" srcActor="D0N1"/>
            <port dstActor="D0N48" name="p79" srcActor="D0N1"/>
            <port dstActor="D0N23" name="p80" srcActor="D0N1"/>
            <port dstActor="D0N43" name="p81" srcActor="D0N1"/>
            <port dstActor="D0N6" name="p82" srcActor="D0N1"/>
            <port dstActor="D0N34" name="p83" srcActor="D0N26"/>
            <port dstActor="D0N40" name="p84" srcActor="D0N26"/>
            <port dstActor="D0N36" name="p85" srcActor="D0N35"/>
            <port dstActor="D0N27" name="p86" srcActor="D0N21"/>
            <port dstActor="D0N25" name="p87" srcActor="D0N21"/>
            <port dstActor="D0N33" name="p88" srcActor="D0N21"/>
            <port dstActor="D0N38" name="p89" srcActor="D0N21"/>
            <port dstActor="D0N17" name="p90" srcActor="D0N14"/>
            <port dstActor="D0N30" name="p91" srcActor="D0N14"/>
            <port dstActor="D0N16" name="p92" srcActor="D0N14"/>
            <port dstActor="D0N23" name="p93" srcActor="D0N5"/>
            <port dstActor="D0N41" name="p94" srcActor="D0N5"/>
            <port dstActor="D0N11" name="p95" srcActor="D0N5"/>
            <port dstActor="D0N37" name="p96" srcActor="D0N16"/>
            <port dstActor="D0N28" name="p97" srcActor="D0N16"/>
            <port dstActor="D0N27" name="p98" srcActor="D0N8"/>
            <port dstActor="D0N34" name="p99" srcActor="D0N8"/>
            <port dstActor="D0N22" name="p100" srcActor="D0N8"/>
            <port dstActor="D0N45" name="p101" srcActor="D0N19"/>
            <port dstActor="D0N42" name="p102" srcActor="D0N15"/>
        </ports>
    </mcdag>
    <cores number="3"/>
    <levels number="2"/>
</mcsystem>
