<?xml version="1.0" encoding="UTF-8" standalone="no"?>
<mcsystem>
    <mcdag deadline="1200" name="genned-0-ed-10.0-0">
        <actor name="D0N13">
            <wcet number="0">10</wcet>
            <wcet number="1">30</wcet>
            <maxpow number="0.6685595956035543"/>
            <maxpow number="0.6685595956035543"/>
            <fprob>0.0</fprob>
        </actor>
        <actor name="D0N32">
            <wcet number="0">120</wcet>
            <wcet number="1">150</wcet>
            <maxpow number="0.6951426697139016"/>
            <maxpow number="0.6951426697139016"/>
            <fprob>0.0</fprob>
        </actor>
        <actor name="D0N28">
            <wcet number="0">60</wcet>
            <wcet number="1">100</wcet>
            <maxpow number="0.8593081052032521"/>
            <maxpow number="0.8593081052032521"/>
            <fprob>0.0</fprob>
        </actor>
        <actor name="D0N27">
            <wcet number="0">80</wcet>
            <wcet number="1">90</wcet>
            <maxpow number="0.33673682077686296"/>
            <maxpow number="0.33673682077686296"/>
            <fprob>0.0</fprob>
        </actor>
        <actor name="D0N30">
            <wcet number="0">40</wcet>
            <wcet number="1">40</wcet>
            <maxpow number="0.48983396643004534"/>
            <maxpow number="0.48983396643004534"/>
            <fprob>0.0</fprob>
        </actor>
        <actor name="D0N0">
            <wcet number="0">10</wcet>
            <wcet number="1">10</wcet>
            <maxpow number="0.7124394378424705"/>
            <maxpow number="0.7124394378424705"/>
            <fprob>0.0</fprob>
        </actor>
        <actor name="D0N40">
            <wcet number="0">10</wcet>
            <wcet number="1">30</wcet>
            <maxpow number="0.47992917229010135"/>
            <maxpow number="0.47992917229010135"/>
            <fprob>0.0</fprob>
        </actor>
        <actor name="D0N41">
            <wcet number="0">10</wcet>
            <wcet number="1">50</wcet>
            <maxpow number="0.6711364847522494"/>
            <maxpow number="0.6711364847522494"/>
            <fprob>0.0</fprob>
        </actor>
        <actor name="D0N2">
            <wcet number="0">50</wcet>
            <wcet number="1">70</wcet>
            <maxpow number="0.3676801231378869"/>
            <maxpow number="0.3676801231378869"/>
            <fprob>0.0</fprob>
        </actor>
        <actor name="D0N11">
            <wcet number="0">20</wcet>
            <wcet number="1">30</wcet>
            <maxpow number="0.6765829199636628"/>
            <maxpow number="0.6765829199636628"/>
            <fprob>0.0</fprob>
        </actor>
        <actor name="D0N9">
            <wcet number="0">60</wcet>
            <wcet number="1">240</wcet>
            <maxpow number="0.6123136749538027"/>
            <maxpow number="0.6123136749538027"/>
            <fprob>0.0</fprob>
        </actor>
        <actor name="D0N16">
            <wcet number="0">50</wcet>
            <wcet number="1">70</wcet>
            <maxpow number="0.3640297481052367"/>
            <maxpow number="0.3640297481052367"/>
            <fprob>0.0</fprob>
        </actor>
        <actor name="D0N7">
            <wcet number="0">20</wcet>
            <wcet number="1">120</wcet>
            <maxpow number="0.7988254600015483"/>
            <maxpow number="0.7988254600015483"/>
            <fprob>0.0</fprob>
        </actor>
        <actor name="D0N8">
            <wcet number="0">70</wcet>
            <wcet number="1">100</wcet>
            <maxpow number="0.7837316482702481"/>
            <maxpow number="0.7837316482702481"/>
            <fprob>0.0</fprob>
        </actor>
        <actor name="D0N20">
            <wcet number="0">90</wcet>
            <wcet number="1">180</wcet>
            <maxpow number="0.5012105698070765"/>
            <maxpow number="0.5012105698070765"/>
            <fprob>0.0</fprob>
        </actor>
        <actor name="D0N23">
            <wcet number="0">10</wcet>
            <wcet number="1">100</wcet>
            <maxpow number="0.7185540310643757"/>
            <maxpow number="0.7185540310643757"/>
            <fprob>0.0</fprob>
        </actor>
        <actor name="D0N6">
            <wcet number="0">140</wcet>
            <wcet number="1">150</wcet>
            <maxpow number="0.19179117559306363"/>
            <maxpow number="0.19179117559306363"/>
            <fprob>0.0</fprob>
        </actor>
        <actor name="D0N43">
            <wcet number="0">60</wcet>
            <wcet number="1">80</wcet>
            <maxpow number="0.8051022379489008"/>
            <maxpow number="0.8051022379489008"/>
            <fprob>0.0</fprob>
        </actor>
        <actor name="D0N17">
            <wcet number="0">30</wcet>
            <wcet number="1">40</wcet>
            <maxpow number="0.5075658323962606"/>
            <maxpow number="0.5075658323962606"/>
            <fprob>0.0</fprob>
        </actor>
        <actor name="D0N5">
            <wcet number="0">110</wcet>
            <wcet number="1">110</wcet>
            <maxpow number="0.6405015793008241"/>
            <maxpow number="0.6405015793008241"/>
            <fprob>0.0</fprob>
        </actor>
        <actor name="D0N21">
            <wcet number="0">40</wcet>
            <wcet number="1">60</wcet>
            <maxpow number="0.7313529505375929"/>
            <maxpow number="0.7313529505375929"/>
            <fprob>0.0</fprob>
        </actor>
        <actor name="D0N15">
            <wcet number="0">10</wcet>
            <wcet number="1">10</wcet>
            <maxpow number="0.514087237411166"/>
            <maxpow number="0.514087237411166"/>
            <fprob>0.0</fprob>
        </actor>
        <actor name="D0N31">
            <wcet number="0">20</wcet>
            <wcet number="1">60</wcet>
            <maxpow number="0.8366756439964371"/>
            <maxpow number="0.8366756439964371"/>
            <fprob>0.0</fprob>
        </actor>
        <actor name="D0N39">
            <wcet number="0">10</wcet>
            <wcet number="1">20</wcet>
            <maxpow number="0.5876649838978734"/>
            <maxpow number="0.5876649838978734"/>
            <fprob>0.0</fprob>
        </actor>
        <actor name="D0N19">
            <wcet number="0">10</wcet>
            <wcet number="1">10</wcet>
            <maxpow number="0.7943021517186346"/>
            <maxpow number="0.7943021517186346"/>
            <fprob>0.0</fprob>
        </actor>
        <actor name="D0N18">
            <wcet number="0">10</wcet>
            <wcet number="1">60</wcet>
            <maxpow number="0.4367930570060674"/>
            <maxpow number="0.4367930570060674"/>
            <fprob>0.0</fprob>
        </actor>
        <actor name="D0N42">
            <wcet number="0">10</wcet>
            <wcet number="1">20</wcet>
            <maxpow number="0.7980070897329057"/>
            <maxpow number="0.7980070897329057"/>
            <fprob>0.0</fprob>
        </actor>
        <actor name="D0N14">
            <wcet number="0">50</wcet>
            <wcet number="1">70</wcet>
            <maxpow number="0.6168885510463356"/>
            <maxpow number="0.6168885510463356"/>
            <fprob>0.0</fprob>
        </actor>
        <actor name="D0N44">
            <wcet number="0">10</wcet>
            <wcet number="1">60</wcet>
            <maxpow number="0.5512850279929529"/>
            <maxpow number="0.5512850279929529"/>
            <fprob>0.0</fprob>
        </actor>
        <actor name="D0N45">
            <wcet number="0">40</wcet>
            <wcet number="1">80</wcet>
            <maxpow number="0.2954800766941677"/>
            <maxpow number="0.2954800766941677"/>
            <fprob>0.0</fprob>
        </actor>
        <actor name="D0N34">
            <wcet number="0">150</wcet>
            <wcet number="1">160</wcet>
            <maxpow number="0.4509542093646294"/>
            <maxpow number="0.4509542093646294"/>
            <fprob>0.0</fprob>
        </actor>
        <actor name="D0N10">
            <wcet number="0">10</wcet>
            <wcet number="1">90</wcet>
            <maxpow number="0.5249405605372625"/>
            <maxpow number="0.5249405605372625"/>
            <fprob>0.0</fprob>
        </actor>
        <actor name="D0N29">
            <wcet number="0">10</wcet>
            <wcet number="1">10</wcet>
            <maxpow number="0.5096724642914428"/>
            <maxpow number="0.5096724642914428"/>
            <fprob>0.0</fprob>
        </actor>
        <actor name="D0N3">
            <wcet number="0">20</wcet>
            <wcet number="1">20</wcet>
            <maxpow number="0.6394467864071374"/>
            <maxpow number="0.6394467864071374"/>
            <fprob>0.0</fprob>
        </actor>
        <actor name="D0N25">
            <wcet number="0">10</wcet>
            <wcet number="1">80</wcet>
            <maxpow number="0.48608915938648184"/>
            <maxpow number="0.48608915938648184"/>
            <fprob>0.0</fprob>
        </actor>
        <actor name="D0N1">
            <wcet number="0">10</wcet>
            <wcet number="1">10</wcet>
            <maxpow number="0.9247999157957435"/>
            <maxpow number="0.9247999157957435"/>
            <fprob>0.0</fprob>
        </actor>
        <actor name="D0N22">
            <wcet number="0">20</wcet>
            <wcet number="1">80</wcet>
            <maxpow number="0.5828341141514116"/>
            <maxpow number="0.5828341141514116"/>
            <fprob>0.0</fprob>
        </actor>
        <actor name="D0N24">
            <wcet number="0">30</wcet>
            <wcet number="1">30</wcet>
            <maxpow number="0.3303674894324041"/>
            <maxpow number="0.3303674894324041"/>
            <fprob>0.0</fprob>
        </actor>
        <actor name="D0N12">
            <wcet number="0">40</wcet>
            <wcet number="1">70</wcet>
            <maxpow number="0.34475579006460144"/>
            <maxpow number="0.34475579006460144"/>
            <fprob>0.0</fprob>
        </actor>
        <actor name="D0N38">
            <wcet number="0">80</wcet>
            <wcet number="1">90</wcet>
            <maxpow number="0.4346300449741461"/>
            <maxpow number="0.4346300449741461"/>
            <fprob>0.0</fprob>
        </actor>
        <actor name="D0N35">
            <wcet number="0">30</wcet>
            <wcet number="1">30</wcet>
            <maxpow number="0.38405772978938846"/>
            <maxpow number="0.38405772978938846"/>
            <fprob>0.0</fprob>
        </actor>
        <actor name="D0N33">
            <wcet number="0">60</wcet>
            <wcet number="1">100</wcet>
            <maxpow number="0.4305687102184116"/>
            <maxpow number="0.4305687102184116"/>
            <fprob>0.0</fprob>
        </actor>
        <actor name="D0N4">
            <wcet number="0">30</wcet>
            <wcet number="1">60</wcet>
            <maxpow number="0.6288458337001404"/>
            <maxpow number="0.6288458337001404"/>
            <fprob>0.0</fprob>
        </actor>
        <actor name="D0N26">
            <wcet number="0">10</wcet>
            <wcet number="1">10</wcet>
            <maxpow number="0.7317871426386485"/>
            <maxpow number="0.7317871426386485"/>
            <fprob>0.0</fprob>
        </actor>
        <actor name="D0N36">
            <wcet number="0">20</wcet>
            <wcet number="1">30</wcet>
            <maxpow number="0.7526879167187817"/>
            <maxpow number="0.7526879167187817"/>
            <fprob>0.0</fprob>
        </actor>
        <actor name="D0N37">
            <wcet number="0">10</wcet>
            <wcet number="1">10</wcet>
            <maxpow number="0.4772412088267555"/>
            <maxpow number="0.4772412088267555"/>
            <fprob>0.0</fprob>
        </actor>
        <ports>
            <port dstActor="D0N16" name="p0" srcActor="D0N13"/>
            <port dstActor="D0N19" name="p1" srcActor="D0N13"/>
            <port dstActor="D0N32" name="p2" srcActor="D0N27"/>
            <port dstActor="D0N37" name="p3" srcActor="D0N27"/>
            <port dstActor="D0N44" name="p4" srcActor="D0N30"/>
            <port dstActor="D0N33" name="p5" srcActor="D0N30"/>
            <port dstActor="D0N20" name="p6" srcActor="D0N0"/>
            <port dstActor="D0N29" name="p7" srcActor="D0N0"/>
            <port dstActor="D0N36" name="p8" srcActor="D0N0"/>
            <port dstActor="D0N11" name="p9" srcActor="D0N0"/>
            <port dstActor="D0N45" name="p10" srcActor="D0N41"/>
            <port dstActor="D0N6" name="p11" srcActor="D0N2"/>
            <port dstActor="D0N29" name="p12" srcActor="D0N2"/>
            <port dstActor="D0N16" name="p13" srcActor="D0N11"/>
            <port dstActor="D0N29" name="p14" srcActor="D0N11"/>
            <port dstActor="D0N31" name="p15" srcActor="D0N11"/>
            <port dstActor="D0N25" name="p16" srcActor="D0N11"/>
            <port dstActor="D0N36" name="p17" srcActor="D0N11"/>
            <port dstActor="D0N24" name="p18" srcActor="D0N11"/>
            <port dstActor="D0N29" name="p19" srcActor="D0N9"/>
            <port dstActor="D0N22" name="p20" srcActor="D0N9"/>
            <port dstActor="D0N12" name="p21" srcActor="D0N9"/>
            <port dstActor="D0N27" name="p22" srcActor="D0N9"/>
            <port dstActor="D0N19" name="p23" srcActor="D0N9"/>
            <port dstActor="D0N28" name="p24" srcActor="D0N9"/>
            <port dstActor="D0N38" name="p25" srcActor="D0N9"/>
            <port dstActor="D0N39" name="p26" srcActor="D0N9"/>
            <port dstActor="D0N38" name="p27" srcActor="D0N16"/>
            <port dstActor="D0N34" name="p28" srcActor="D0N16"/>
            <port dstActor="D0N27" name="p29" srcActor="D0N16"/>
            <port dstActor="D0N29" name="p30" srcActor="D0N16"/>
            <port dstActor="D0N23" name="p31" srcActor="D0N7"/>
            <port dstActor="D0N38" name="p32" srcActor="D0N7"/>
            <port dstActor="D0N21" name="p33" srcActor="D0N7"/>
            <port dstActor="D0N31" name="p34" srcActor="D0N8"/>
            <port dstActor="D0N14" name="p35" srcActor="D0N8"/>
            <port dstActor="D0N15" name="p36" srcActor="D0N8"/>
            <port dstActor="D0N42" name="p37" srcActor="D0N8"/>
            <port dstActor="D0N36" name="p38" srcActor="D0N20"/>
            <port dstActor="D0N43" name="p39" srcActor="D0N20"/>
            <port dstActor="D0N35" name="p40" srcActor="D0N20"/>
            <port dstActor="D0N44" name="p41" srcActor="D0N20"/>
            <port dstActor="D0N40" name="p42" srcActor="D0N20"/>
            <port dstActor="D0N33" name="p43" srcActor="D0N20"/>
            <port dstActor="D0N33" name="p44" srcActor="D0N23"/>
            <port dstActor="D0N21" name="p45" srcActor="D0N6"/>
            <port dstActor="D0N40" name="p46" srcActor="D0N6"/>
            <port dstActor="D0N15" name="p47" srcActor="D0N6"/>
            <port dstActor="D0N31" name="p48" srcActor="D0N6"/>
            <port dstActor="D0N9" name="p49" srcActor="D0N6"/>
            <port dstActor="D0N39" name="p50" srcActor="D0N17"/>
            <port dstActor="D0N44" name="p51" srcActor="D0N17"/>
            <port dstActor="D0N8" name="p52" srcActor="D0N5"/>
            <port dstActor="D0N44" name="p53" srcActor="D0N5"/>
            <port dstActor="D0N41" name="p54" srcActor="D0N5"/>
            <port dstActor="D0N33" name="p55" srcActor="D0N21"/>
            <port dstActor="D0N31" name="p56" srcActor="D0N21"/>
            <port dstActor="D0N22" name="p57" srcActor="D0N15"/>
            <port dstActor="D0N42" name="p58" srcActor="D0N31"/>
            <port dstActor="D0N32" name="p59" srcActor="D0N31"/>
            <port dstActor="D0N43" name="p60" srcActor="D0N31"/>
            <port dstActor="D0N40" name="p61" srcActor="D0N19"/>
            <port dstActor="D0N26" name="p62" srcActor="D0N19"/>
            <port dstActor="D0N39" name="p63" srcActor="D0N19"/>
            <port dstActor="D0N40" name="p64" srcActor="D0N18"/>
            <port dstActor="D0N27" name="p65" srcActor="D0N14"/>
            <port dstActor="D0N26" name="p66" srcActor="D0N14"/>
            <port dstActor="D0N40" name="p67" srcActor="D0N14"/>
            <port dstActor="D0N19" name="p68" srcActor="D0N14"/>
            <port dstActor="D0N35" name="p69" srcActor="D0N14"/>
            <port dstActor="D0N38" name="p70" srcActor="D0N34"/>
            <port dstActor="D0N45" name="p71" srcActor="D0N34"/>
            <port dstActor="D0N37" name="p72" srcActor="D0N34"/>
            <port dstActor="D0N37" name="p73" srcActor="D0N10"/>
            <port dstActor="D0N32" name="p74" srcActor="D0N10"/>
            <port dstActor="D0N16" name="p75" srcActor="D0N10"/>
            <port dstActor="D0N13" name="p76" srcActor="D0N10"/>
            <port dstActor="D0N11" name="p77" srcActor="D0N10"/>
            <port dstActor="D0N42" name="p78" srcActor="D0N10"/>
            <port dstActor="D0N17" name="p79" srcActor="D0N10"/>
            <port dstActor="D0N44" name="p80" srcActor="D0N29"/>
            <port dstActor="D0N39" name="p81" srcActor="D0N3"/>
            <port dstActor="D0N34" name="p82" srcActor="D0N3"/>
            <port dstActor="D0N34" name="p83" srcActor="D0N25"/>
            <port dstActor="D0N41" name="p84" srcActor="D0N25"/>
            <port dstActor="D0N4" name="p85" srcActor="D0N1"/>
            <port dstActor="D0N32" name="p86" srcActor="D0N1"/>
            <port dstActor="D0N36" name="p87" srcActor="D0N1"/>
            <port dstActor="D0N24" name="p88" srcActor="D0N1"/>
            <port dstActor="D0N42" name="p89" srcActor="D0N1"/>
            <port dstActor="D0N25" name="p90" srcActor="D0N22"/>
            <port dstActor="D0N19" name="p91" srcActor="D0N12"/>
            <port dstActor="D0N42" name="p92" srcActor="D0N12"/>
            <port dstActor="D0N24" name="p93" srcActor="D0N12"/>
            <port dstActor="D0N25" name="p94" srcActor="D0N12"/>
            <port dstActor="D0N27" name="p95" srcActor="D0N12"/>
            <port dstActor="D0N41" name="p96" srcActor="D0N38"/>
            <port dstActor="D0N44" name="p97" srcActor="D0N38"/>
            <port dstActor="D0N42" name="p98" srcActor="D0N38"/>
            <port dstActor="D0N39" name="p99" srcActor="D0N33"/>
            <port dstActor="D0N17" name="p100" srcActor="D0N4"/>
            <port dstActor="D0N32" name="p101" srcActor="D0N4"/>
            <port dstActor="D0N31" name="p102" srcActor="D0N4"/>
            <port dstActor="D0N39" name="p103" srcActor="D0N26"/>
            <port dstActor="D0N28" name="p104" srcActor="D0N26"/>
            <port dstActor="D0N36" name="p105" srcActor="D0N26"/>
            <port dstActor="D0N40" name="p106" srcActor="D0N26"/>
            <port dstActor="D0N43" name="p107" srcActor="D0N37"/>
        </ports>
    </mcdag>
    <cores number="3"/>
    <levels number="2"/>
</mcsystem>
