<?xml version="1.0" encoding="UTF-8" standalone="no"?>
<mcsystem>
    <mcdag deadline="1200" name="genned-0-ed-10.0-0">
        <actor name="D0N5">
            <wcet number="0">100</wcet>
            <wcet number="1">100</wcet>
            <maxpow number="0.49102821427766374"/>
            <maxpow number="0.49102821427766374"/>
            <fprob>0.0</fprob>
        </actor>
        <actor name="D0N38">
            <wcet number="0">10</wcet>
            <wcet number="1">20</wcet>
            <maxpow number="0.3554135629595599"/>
            <maxpow number="0.3554135629595599"/>
            <fprob>0.0</fprob>
        </actor>
        <actor name="D0N29">
            <wcet number="0">80</wcet>
            <wcet number="1">90</wcet>
            <maxpow number="0.5090214889901828"/>
            <maxpow number="0.5090214889901828"/>
            <fprob>0.0</fprob>
        </actor>
        <actor name="D0N35">
            <wcet number="0">10</wcet>
            <wcet number="1">10</wcet>
            <maxpow number="0.5798416172448518"/>
            <maxpow number="0.5798416172448518"/>
            <fprob>0.0</fprob>
        </actor>
        <actor name="D0N17">
            <wcet number="0">10</wcet>
            <wcet number="1">20</wcet>
            <maxpow number="0.41618512045163264"/>
            <maxpow number="0.41618512045163264"/>
            <fprob>0.0</fprob>
        </actor>
        <actor name="D0N16">
            <wcet number="0">20</wcet>
            <wcet number="1">60</wcet>
            <maxpow number="0.37885471074357596"/>
            <maxpow number="0.37885471074357596"/>
            <fprob>0.0</fprob>
        </actor>
        <actor name="D0N30">
            <wcet number="0">40</wcet>
            <wcet number="1">40</wcet>
            <maxpow number="0.4282806119538611"/>
            <maxpow number="0.4282806119538611"/>
            <fprob>0.0</fprob>
        </actor>
        <actor name="D0N32">
            <wcet number="0">10</wcet>
            <wcet number="1">20</wcet>
            <maxpow number="0.591355490759808"/>
            <maxpow number="0.591355490759808"/>
            <fprob>0.0</fprob>
        </actor>
        <actor name="D0N23">
            <wcet number="0">50</wcet>
            <wcet number="1">100</wcet>
            <maxpow number="0.6286184801174275"/>
            <maxpow number="0.6286184801174275"/>
            <fprob>0.0</fprob>
        </actor>
        <actor name="D0N26">
            <wcet number="0">20</wcet>
            <wcet number="1">40</wcet>
            <maxpow number="0.8231558393647855"/>
            <maxpow number="0.8231558393647855"/>
            <fprob>0.0</fprob>
        </actor>
        <actor name="D0N11">
            <wcet number="0">40</wcet>
            <wcet number="1">70</wcet>
            <maxpow number="0.6750571182303062"/>
            <maxpow number="0.6750571182303062"/>
            <fprob>0.0</fprob>
        </actor>
        <actor name="D0N21">
            <wcet number="0">10</wcet>
            <wcet number="1">20</wcet>
            <maxpow number="0.7312859383446163"/>
            <maxpow number="0.7312859383446163"/>
            <fprob>0.0</fprob>
        </actor>
        <actor name="D0N2">
            <wcet number="0">10</wcet>
            <wcet number="1">50</wcet>
            <maxpow number="0.40234156520374453"/>
            <maxpow number="0.40234156520374453"/>
            <fprob>0.0</fprob>
        </actor>
        <actor name="D0N25">
            <wcet number="0">20</wcet>
            <wcet number="1">30</wcet>
            <maxpow number="0.17740869486461153"/>
            <maxpow number="0.17740869486461153"/>
            <fprob>0.0</fprob>
        </actor>
        <actor name="D0N3">
            <wcet number="0">20</wcet>
            <wcet number="1">40</wcet>
            <maxpow number="0.21402263183378123"/>
            <maxpow number="0.21402263183378123"/>
            <fprob>0.0</fprob>
        </actor>
        <actor name="D0N24">
            <wcet number="0">10</wcet>
            <wcet number="1">10</wcet>
            <maxpow number="0.45813982381809126"/>
            <maxpow number="0.45813982381809126"/>
            <fprob>0.0</fprob>
        </actor>
        <actor name="D0N27">
            <wcet number="0">90</wcet>
            <wcet number="1">160</wcet>
            <maxpow number="0.3058190580300267"/>
            <maxpow number="0.3058190580300267"/>
            <fprob>0.0</fprob>
        </actor>
        <actor name="D0N22">
            <wcet number="0">40</wcet>
            <wcet number="1">70</wcet>
            <maxpow number="0.6246181812101275"/>
            <maxpow number="0.6246181812101275"/>
            <fprob>0.0</fprob>
        </actor>
        <actor name="D0N8">
            <wcet number="0">20</wcet>
            <wcet number="1">20</wcet>
            <maxpow number="0.5644795952631552"/>
            <maxpow number="0.5644795952631552"/>
            <fprob>0.0</fprob>
        </actor>
        <actor name="D0N37">
            <wcet number="0">30</wcet>
            <wcet number="1">30</wcet>
            <maxpow number="0.36753565549660716"/>
            <maxpow number="0.36753565549660716"/>
            <fprob>0.0</fprob>
        </actor>
        <actor name="D0N6">
            <wcet number="0">70</wcet>
            <wcet number="1">80</wcet>
            <maxpow number="0.6209990172937117"/>
            <maxpow number="0.6209990172937117"/>
            <fprob>0.0</fprob>
        </actor>
        <actor name="D0N14">
            <wcet number="0">20</wcet>
            <wcet number="1">50</wcet>
            <maxpow number="0.677256003597511"/>
            <maxpow number="0.677256003597511"/>
            <fprob>0.0</fprob>
        </actor>
        <actor name="D0N7">
            <wcet number="0">20</wcet>
            <wcet number="1">50</wcet>
            <maxpow number="0.6163810619639735"/>
            <maxpow number="0.6163810619639735"/>
            <fprob>0.0</fprob>
        </actor>
        <actor name="D0N9">
            <wcet number="0">10</wcet>
            <wcet number="1">30</wcet>
            <maxpow number="0.4270373296106415"/>
            <maxpow number="0.4270373296106415"/>
            <fprob>0.0</fprob>
        </actor>
        <actor name="D0N15">
            <wcet number="0">30</wcet>
            <wcet number="1">70</wcet>
            <maxpow number="0.681137651596235"/>
            <maxpow number="0.681137651596235"/>
            <fprob>0.0</fprob>
        </actor>
        <actor name="D0N28">
            <wcet number="0">10</wcet>
            <wcet number="1">30</wcet>
            <maxpow number="0.2028215000590804"/>
            <maxpow number="0.2028215000590804"/>
            <fprob>0.0</fprob>
        </actor>
        <actor name="D0N31">
            <wcet number="0">120</wcet>
            <wcet number="1">190</wcet>
            <maxpow number="0.5873224463890298"/>
            <maxpow number="0.5873224463890298"/>
            <fprob>0.0</fprob>
        </actor>
        <actor name="D0N39">
            <wcet number="0">130</wcet>
            <wcet number="1">150</wcet>
            <maxpow number="0.43495912589378316"/>
            <maxpow number="0.43495912589378316"/>
            <fprob>0.0</fprob>
        </actor>
        <actor name="D0N0">
            <wcet number="0">70</wcet>
            <wcet number="1">120</wcet>
            <maxpow number="0.7606684848032618"/>
            <maxpow number="0.7606684848032618"/>
            <fprob>0.0</fprob>
        </actor>
        <actor name="D0N40">
            <wcet number="0">10</wcet>
            <wcet number="1">50</wcet>
            <maxpow number="0.6692834685407899"/>
            <maxpow number="0.6692834685407899"/>
            <fprob>0.0</fprob>
        </actor>
        <actor name="D0N10">
            <wcet number="0">70</wcet>
            <wcet number="1">80</wcet>
            <maxpow number="0.5315371092336585"/>
            <maxpow number="0.5315371092336585"/>
            <fprob>0.0</fprob>
        </actor>
        <actor name="D0N36">
            <wcet number="0">20</wcet>
            <wcet number="1">80</wcet>
            <maxpow number="0.5576889139161826"/>
            <maxpow number="0.5576889139161826"/>
            <fprob>0.0</fprob>
        </actor>
        <actor name="D0N1">
            <wcet number="0">40</wcet>
            <wcet number="1">80</wcet>
            <maxpow number="0.4740772048732281"/>
            <maxpow number="0.4740772048732281"/>
            <fprob>0.0</fprob>
        </actor>
        <actor name="D0N12">
            <wcet number="0">10</wcet>
            <wcet number="1">50</wcet>
            <maxpow number="0.7088792973833832"/>
            <maxpow number="0.7088792973833832"/>
            <fprob>0.0</fprob>
        </actor>
        <actor name="D0N18">
            <wcet number="0">70</wcet>
            <wcet number="1">100</wcet>
            <maxpow number="0.11803922168548164"/>
            <maxpow number="0.11803922168548164"/>
            <fprob>0.0</fprob>
        </actor>
        <actor name="D0N42">
            <wcet number="0">30</wcet>
            <wcet number="1">50</wcet>
            <maxpow number="0.49670220187094527"/>
            <maxpow number="0.49670220187094527"/>
            <fprob>0.0</fprob>
        </actor>
        <actor name="D0N41">
            <wcet number="0">20</wcet>
            <wcet number="1">20</wcet>
            <maxpow number="0.46608388703190706"/>
            <maxpow number="0.46608388703190706"/>
            <fprob>0.0</fprob>
        </actor>
        <actor name="D0N13">
            <wcet number="0">40</wcet>
            <wcet number="1">60</wcet>
            <maxpow number="0.440118713954872"/>
            <maxpow number="0.440118713954872"/>
            <fprob>0.0</fprob>
        </actor>
        <actor name="D0N34">
            <wcet number="0">10</wcet>
            <wcet number="1">30</wcet>
            <maxpow number="0.8535240599607832"/>
            <maxpow number="0.8535240599607832"/>
            <fprob>0.0</fprob>
        </actor>
        <actor name="D0N19">
            <wcet number="0">30</wcet>
            <wcet number="1">40</wcet>
            <maxpow number="0.6730310134300268"/>
            <maxpow number="0.6730310134300268"/>
            <fprob>0.0</fprob>
        </actor>
        <actor name="D0N20">
            <wcet number="0">40</wcet>
            <wcet number="1">40</wcet>
            <maxpow number="0.42704227391193705"/>
            <maxpow number="0.42704227391193705"/>
            <fprob>0.0</fprob>
        </actor>
        <actor name="D0N33">
            <wcet number="0">160</wcet>
            <wcet number="1">160</wcet>
            <maxpow number="0.44187887475238397"/>
            <maxpow number="0.44187887475238397"/>
            <fprob>0.0</fprob>
        </actor>
        <actor name="D0N4">
            <wcet number="0">30</wcet>
            <wcet number="1">30</wcet>
            <maxpow number="0.532783932825221"/>
            <maxpow number="0.532783932825221"/>
            <fprob>0.0</fprob>
        </actor>
        <ports>
            <port dstActor="D0N11" name="p0" srcActor="D0N5"/>
            <port dstActor="D0N28" name="p1" srcActor="D0N5"/>
            <port dstActor="D0N29" name="p2" srcActor="D0N5"/>
            <port dstActor="D0N10" name="p3" srcActor="D0N5"/>
            <port dstActor="D0N19" name="p4" srcActor="D0N5"/>
            <port dstActor="D0N38" name="p5" srcActor="D0N5"/>
            <port dstActor="D0N30" name="p6" srcActor="D0N29"/>
            <port dstActor="D0N39" name="p7" srcActor="D0N29"/>
            <port dstActor="D0N36" name="p8" srcActor="D0N35"/>
            <port dstActor="D0N38" name="p9" srcActor="D0N35"/>
            <port dstActor="D0N18" name="p10" srcActor="D0N17"/>
            <port dstActor="D0N27" name="p11" srcActor="D0N17"/>
            <port dstActor="D0N32" name="p12" srcActor="D0N17"/>
            <port dstActor="D0N39" name="p13" srcActor="D0N17"/>
            <port dstActor="D0N31" name="p14" srcActor="D0N16"/>
            <port dstActor="D0N25" name="p15" srcActor="D0N16"/>
            <port dstActor="D0N36" name="p16" srcActor="D0N30"/>
            <port dstActor="D0N41" name="p17" srcActor="D0N30"/>
            <port dstActor="D0N35" name="p18" srcActor="D0N30"/>
            <port dstActor="D0N31" name="p19" srcActor="D0N23"/>
            <port dstActor="D0N37" name="p20" srcActor="D0N26"/>
            <port dstActor="D0N27" name="p21" srcActor="D0N26"/>
            <port dstActor="D0N13" name="p22" srcActor="D0N11"/>
            <port dstActor="D0N36" name="p23" srcActor="D0N11"/>
            <port dstActor="D0N22" name="p24" srcActor="D0N11"/>
            <port dstActor="D0N37" name="p25" srcActor="D0N21"/>
            <port dstActor="D0N25" name="p26" srcActor="D0N21"/>
            <port dstActor="D0N34" name="p27" srcActor="D0N2"/>
            <port dstActor="D0N19" name="p28" srcActor="D0N2"/>
            <port dstActor="D0N8" name="p29" srcActor="D0N2"/>
            <port dstActor="D0N12" name="p30" srcActor="D0N2"/>
            <port dstActor="D0N9" name="p31" srcActor="D0N2"/>
            <port dstActor="D0N39" name="p32" srcActor="D0N2"/>
            <port dstActor="D0N26" name="p33" srcActor="D0N2"/>
            <port dstActor="D0N42" name="p34" srcActor="D0N3"/>
            <port dstActor="D0N5" name="p35" srcActor="D0N3"/>
            <port dstActor="D0N25" name="p36" srcActor="D0N3"/>
            <port dstActor="D0N7" name="p37" srcActor="D0N3"/>
            <port dstActor="D0N37" name="p38" srcActor="D0N24"/>
            <port dstActor="D0N42" name="p39" srcActor="D0N24"/>
            <port dstActor="D0N27" name="p40" srcActor="D0N24"/>
            <port dstActor="D0N39" name="p41" srcActor="D0N24"/>
            <port dstActor="D0N28" name="p42" srcActor="D0N24"/>
            <port dstActor="D0N30" name="p43" srcActor="D0N24"/>
            <port dstActor="D0N39" name="p44" srcActor="D0N27"/>
            <port dstActor="D0N23" name="p45" srcActor="D0N8"/>
            <port dstActor="D0N42" name="p46" srcActor="D0N8"/>
            <port dstActor="D0N10" name="p47" srcActor="D0N8"/>
            <port dstActor="D0N12" name="p48" srcActor="D0N8"/>
            <port dstActor="D0N13" name="p49" srcActor="D0N8"/>
            <port dstActor="D0N9" name="p50" srcActor="D0N8"/>
            <port dstActor="D0N36" name="p51" srcActor="D0N6"/>
            <port dstActor="D0N32" name="p52" srcActor="D0N14"/>
            <port dstActor="D0N14" name="p53" srcActor="D0N7"/>
            <port dstActor="D0N11" name="p54" srcActor="D0N7"/>
            <port dstActor="D0N26" name="p55" srcActor="D0N7"/>
            <port dstActor="D0N10" name="p56" srcActor="D0N9"/>
            <port dstActor="D0N19" name="p57" srcActor="D0N9"/>
            <port dstActor="D0N22" name="p58" srcActor="D0N9"/>
            <port dstActor="D0N40" name="p59" srcActor="D0N15"/>
            <port dstActor="D0N21" name="p60" srcActor="D0N15"/>
            <port dstActor="D0N27" name="p61" srcActor="D0N15"/>
            <port dstActor="D0N26" name="p62" srcActor="D0N15"/>
            <port dstActor="D0N38" name="p63" srcActor="D0N15"/>
            <port dstActor="D0N39" name="p64" srcActor="D0N15"/>
            <port dstActor="D0N42" name="p65" srcActor="D0N15"/>
            <port dstActor="D0N31" name="p66" srcActor="D0N28"/>
            <port dstActor="D0N37" name="p67" srcActor="D0N28"/>
            <port dstActor="D0N39" name="p68" srcActor="D0N31"/>
            <port dstActor="D0N1" name="p69" srcActor="D0N0"/>
            <port dstActor="D0N4" name="p70" srcActor="D0N0"/>
            <port dstActor="D0N42" name="p71" srcActor="D0N0"/>
            <port dstActor="D0N19" name="p72" srcActor="D0N0"/>
            <port dstActor="D0N27" name="p73" srcActor="D0N0"/>
            <port dstActor="D0N41" name="p74" srcActor="D0N40"/>
            <port dstActor="D0N24" name="p75" srcActor="D0N10"/>
            <port dstActor="D0N32" name="p76" srcActor="D0N10"/>
            <port dstActor="D0N19" name="p77" srcActor="D0N10"/>
            <port dstActor="D0N39" name="p78" srcActor="D0N1"/>
            <port dstActor="D0N33" name="p79" srcActor="D0N12"/>
            <port dstActor="D0N19" name="p80" srcActor="D0N12"/>
            <port dstActor="D0N37" name="p81" srcActor="D0N12"/>
            <port dstActor="D0N26" name="p82" srcActor="D0N12"/>
            <port dstActor="D0N33" name="p83" srcActor="D0N18"/>
            <port dstActor="D0N42" name="p84" srcActor="D0N41"/>
            <port dstActor="D0N27" name="p85" srcActor="D0N13"/>
            <port dstActor="D0N20" name="p86" srcActor="D0N13"/>
            <port dstActor="D0N37" name="p87" srcActor="D0N13"/>
            <port dstActor="D0N24" name="p88" srcActor="D0N19"/>
            <port dstActor="D0N38" name="p89" srcActor="D0N19"/>
            <port dstActor="D0N27" name="p90" srcActor="D0N19"/>
            <port dstActor="D0N35" name="p91" srcActor="D0N19"/>
            <port dstActor="D0N21" name="p92" srcActor="D0N19"/>
            <port dstActor="D0N32" name="p93" srcActor="D0N19"/>
            <port dstActor="D0N37" name="p94" srcActor="D0N19"/>
            <port dstActor="D0N36" name="p95" srcActor="D0N20"/>
            <port dstActor="D0N29" name="p96" srcActor="D0N20"/>
            <port dstActor="D0N24" name="p97" srcActor="D0N20"/>
            <port dstActor="D0N27" name="p98" srcActor="D0N20"/>
            <port dstActor="D0N38" name="p99" srcActor="D0N33"/>
            <port dstActor="D0N27" name="p100" srcActor="D0N4"/>
            <port dstActor="D0N31" name="p101" srcActor="D0N4"/>
            <port dstActor="D0N11" name="p102" srcActor="D0N4"/>
            <port dstActor="D0N38" name="p103" srcActor="D0N4"/>
        </ports>
    </mcdag>
    <cores number="3"/>
    <levels number="2"/>
</mcsystem>
