<?xml version="1.0" encoding="UTF-8" standalone="no"?>
<mcsystem>
    <mcdag deadline="2000" name="genned-0-ed-10.0-0">
        <actor name="D0N1">
            <wcet number="0">60</wcet>
            <wcet number="1">100</wcet>
            <maxpow number="0.5450512016875219"/>
            <maxpow number="0.5450512016875219"/>
            <fprob>0.0</fprob>
        </actor>
        <actor name="D0N47">
            <wcet number="0">180</wcet>
            <wcet number="1">320</wcet>
            <maxpow number="0.6991875552766691"/>
            <maxpow number="0.6991875552766691"/>
            <fprob>0.0</fprob>
        </actor>
        <actor name="D0N6">
            <wcet number="0">30</wcet>
            <wcet number="1">70</wcet>
            <maxpow number="0.6832494389744848"/>
            <maxpow number="0.6832494389744848"/>
            <fprob>0.0</fprob>
        </actor>
        <actor name="D0N2">
            <wcet number="0">10</wcet>
            <wcet number="1">10</wcet>
            <maxpow number="0.5088970270278212"/>
            <maxpow number="0.5088970270278212"/>
            <fprob>0.0</fprob>
        </actor>
        <actor name="D0N43">
            <wcet number="0">10</wcet>
            <wcet number="1">80</wcet>
            <maxpow number="0.504862381855134"/>
            <maxpow number="0.504862381855134"/>
            <fprob>0.0</fprob>
        </actor>
        <actor name="D0N23">
            <wcet number="0">50</wcet>
            <wcet number="1">90</wcet>
            <maxpow number="0.325956189900811"/>
            <maxpow number="0.325956189900811"/>
            <fprob>0.0</fprob>
        </actor>
        <actor name="D0N37">
            <wcet number="0">210</wcet>
            <wcet number="1">210</wcet>
            <maxpow number="0.6733407980877875"/>
            <maxpow number="0.6733407980877875"/>
            <fprob>0.0</fprob>
        </actor>
        <actor name="D0N46">
            <wcet number="0">40</wcet>
            <wcet number="1">70</wcet>
            <maxpow number="0.6553250155054877"/>
            <maxpow number="0.6553250155054877"/>
            <fprob>0.0</fprob>
        </actor>
        <actor name="D0N34">
            <wcet number="0">10</wcet>
            <wcet number="1">10</wcet>
            <maxpow number="0.5430834332643819"/>
            <maxpow number="0.5430834332643819"/>
            <fprob>0.0</fprob>
        </actor>
        <actor name="D0N17">
            <wcet number="0">10</wcet>
            <wcet number="1">10</wcet>
            <maxpow number="0.6003173437371937"/>
            <maxpow number="0.6003173437371937"/>
            <fprob>0.0</fprob>
        </actor>
        <actor name="D0N36">
            <wcet number="0">40</wcet>
            <wcet number="1">70</wcet>
            <maxpow number="0.7458828019099242"/>
            <maxpow number="0.7458828019099242"/>
            <fprob>0.0</fprob>
        </actor>
        <actor name="D0N24">
            <wcet number="0">60</wcet>
            <wcet number="1">130</wcet>
            <maxpow number="0.7286879432379963"/>
            <maxpow number="0.7286879432379963"/>
            <fprob>0.0</fprob>
        </actor>
        <actor name="D0N39">
            <wcet number="0">290</wcet>
            <wcet number="1">440</wcet>
            <maxpow number="0.21809794952466877"/>
            <maxpow number="0.21809794952466877"/>
            <fprob>0.0</fprob>
        </actor>
        <actor name="D0N7">
            <wcet number="0">30</wcet>
            <wcet number="1">60</wcet>
            <maxpow number="0.6313166281005517"/>
            <maxpow number="0.6313166281005517"/>
            <fprob>0.0</fprob>
        </actor>
        <actor name="D0N14">
            <wcet number="0">20</wcet>
            <wcet number="1">40</wcet>
            <maxpow number="0.6110425269756096"/>
            <maxpow number="0.6110425269756096"/>
            <fprob>0.0</fprob>
        </actor>
        <actor name="D0N38">
            <wcet number="0">100</wcet>
            <wcet number="1">400</wcet>
            <maxpow number="0.6309417401643916"/>
            <maxpow number="0.6309417401643916"/>
            <fprob>0.0</fprob>
        </actor>
        <actor name="D0N32">
            <wcet number="0">50</wcet>
            <wcet number="1">60</wcet>
            <maxpow number="0.3442573904456332"/>
            <maxpow number="0.3442573904456332"/>
            <fprob>0.0</fprob>
        </actor>
        <actor name="D0N3">
            <wcet number="0">10</wcet>
            <wcet number="1">10</wcet>
            <maxpow number="0.9503693635782244"/>
            <maxpow number="0.9503693635782244"/>
            <fprob>0.0</fprob>
        </actor>
        <actor name="D0N5">
            <wcet number="0">50</wcet>
            <wcet number="1">120</wcet>
            <maxpow number="0.5196073757398519"/>
            <maxpow number="0.5196073757398519"/>
            <fprob>0.0</fprob>
        </actor>
        <actor name="D0N28">
            <wcet number="0">50</wcet>
            <wcet number="1">170</wcet>
            <maxpow number="0.534876240976578"/>
            <maxpow number="0.534876240976578"/>
            <fprob>0.0</fprob>
        </actor>
        <actor name="D0N9">
            <wcet number="0">70</wcet>
            <wcet number="1">70</wcet>
            <maxpow number="0.22217352641571775"/>
            <maxpow number="0.22217352641571775"/>
            <fprob>0.0</fprob>
        </actor>
        <actor name="D0N25">
            <wcet number="0">10</wcet>
            <wcet number="1">10</wcet>
            <maxpow number="0.9346598572529781"/>
            <maxpow number="0.9346598572529781"/>
            <fprob>0.0</fprob>
        </actor>
        <actor name="D0N4">
            <wcet number="0">20</wcet>
            <wcet number="1">100</wcet>
            <maxpow number="0.7518120419130122"/>
            <maxpow number="0.7518120419130122"/>
            <fprob>0.0</fprob>
        </actor>
        <actor name="D0N42">
            <wcet number="0">10</wcet>
            <wcet number="1">20</wcet>
            <maxpow number="0.7877315106606466"/>
            <maxpow number="0.7877315106606466"/>
            <fprob>0.0</fprob>
        </actor>
        <actor name="D0N31">
            <wcet number="0">20</wcet>
            <wcet number="1">40</wcet>
            <maxpow number="0.6373407108419636"/>
            <maxpow number="0.6373407108419636"/>
            <fprob>0.0</fprob>
        </actor>
        <actor name="D0N35">
            <wcet number="0">130</wcet>
            <wcet number="1">240</wcet>
            <maxpow number="0.6933455061716924"/>
            <maxpow number="0.6933455061716924"/>
            <fprob>0.0</fprob>
        </actor>
        <actor name="D0N33">
            <wcet number="0">50</wcet>
            <wcet number="1">90</wcet>
            <maxpow number="0.651005026432489"/>
            <maxpow number="0.651005026432489"/>
            <fprob>0.0</fprob>
        </actor>
        <actor name="D0N27">
            <wcet number="0">100</wcet>
            <wcet number="1">150</wcet>
            <maxpow number="0.7772153837329334"/>
            <maxpow number="0.7772153837329334"/>
            <fprob>0.0</fprob>
        </actor>
        <actor name="D0N40">
            <wcet number="0">80</wcet>
            <wcet number="1">130</wcet>
            <maxpow number="0.3039878267582208"/>
            <maxpow number="0.3039878267582208"/>
            <fprob>0.0</fprob>
        </actor>
        <actor name="D0N11">
            <wcet number="0">180</wcet>
            <wcet number="1">210</wcet>
            <maxpow number="0.5302018339285106"/>
            <maxpow number="0.5302018339285106"/>
            <fprob>0.0</fprob>
        </actor>
        <actor name="D0N41">
            <wcet number="0">10</wcet>
            <wcet number="1">10</wcet>
            <maxpow number="0.6555330869043883"/>
            <maxpow number="0.6555330869043883"/>
            <fprob>0.0</fprob>
        </actor>
        <actor name="D0N26">
            <wcet number="0">20</wcet>
            <wcet number="1">20</wcet>
            <maxpow number="0.5459415605238472"/>
            <maxpow number="0.5459415605238472"/>
            <fprob>0.0</fprob>
        </actor>
        <actor name="D0N21">
            <wcet number="0">170</wcet>
            <wcet number="1">230</wcet>
            <maxpow number="0.8724895232592169"/>
            <maxpow number="0.8724895232592169"/>
            <fprob>0.0</fprob>
        </actor>
        <actor name="D0N16">
            <wcet number="0">40</wcet>
            <wcet number="1">180</wcet>
            <maxpow number="0.48375695045062683"/>
            <maxpow number="0.48375695045062683"/>
            <fprob>0.0</fprob>
        </actor>
        <actor name="D0N10">
            <wcet number="0">30</wcet>
            <wcet number="1">110</wcet>
            <maxpow number="0.6777969414411958"/>
            <maxpow number="0.6777969414411958"/>
            <fprob>0.0</fprob>
        </actor>
        <actor name="D0N8">
            <wcet number="0">80</wcet>
            <wcet number="1">100</wcet>
            <maxpow number="0.6048695403897041"/>
            <maxpow number="0.6048695403897041"/>
            <fprob>0.0</fprob>
        </actor>
        <actor name="D0N20">
            <wcet number="0">120</wcet>
            <wcet number="1">180</wcet>
            <maxpow number="0.770128608272967"/>
            <maxpow number="0.770128608272967"/>
            <fprob>0.0</fprob>
        </actor>
        <actor name="D0N29">
            <wcet number="0">20</wcet>
            <wcet number="1">20</wcet>
            <maxpow number="0.4117004391094822"/>
            <maxpow number="0.4117004391094822"/>
            <fprob>0.0</fprob>
        </actor>
        <actor name="D0N30">
            <wcet number="0">10</wcet>
            <wcet number="1">10</wcet>
            <maxpow number="0.762594680499983"/>
            <maxpow number="0.762594680499983"/>
            <fprob>0.0</fprob>
        </actor>
        <actor name="D0N22">
            <wcet number="0">90</wcet>
            <wcet number="1">120</wcet>
            <maxpow number="0.321370913089322"/>
            <maxpow number="0.321370913089322"/>
            <fprob>0.0</fprob>
        </actor>
        <actor name="D0N13">
            <wcet number="0">50</wcet>
            <wcet number="1">70</wcet>
            <maxpow number="0.6323438961023466"/>
            <maxpow number="0.6323438961023466"/>
            <fprob>0.0</fprob>
        </actor>
        <actor name="D0N45">
            <wcet number="0">20</wcet>
            <wcet number="1">40</wcet>
            <maxpow number="0.9258768692277466"/>
            <maxpow number="0.9258768692277466"/>
            <fprob>0.0</fprob>
        </actor>
        <actor name="D0N19">
            <wcet number="0">10</wcet>
            <wcet number="1">20</wcet>
            <maxpow number="0.6665761248199668"/>
            <maxpow number="0.6665761248199668"/>
            <fprob>0.0</fprob>
        </actor>
        <actor name="D0N44">
            <wcet number="0">60</wcet>
            <wcet number="1">60</wcet>
            <maxpow number="0.6402696911843136"/>
            <maxpow number="0.6402696911843136"/>
            <fprob>0.0</fprob>
        </actor>
        <actor name="D0N15">
            <wcet number="0">20</wcet>
            <wcet number="1">20</wcet>
            <maxpow number="0.6079652219494425"/>
            <maxpow number="0.6079652219494425"/>
            <fprob>0.0</fprob>
        </actor>
        <actor name="D0N18">
            <wcet number="0">130</wcet>
            <wcet number="1">160</wcet>
            <maxpow number="0.47338486644737665"/>
            <maxpow number="0.47338486644737665"/>
            <fprob>0.0</fprob>
        </actor>
        <actor name="D0N0">
            <wcet number="0">10</wcet>
            <wcet number="1">10</wcet>
            <maxpow number="0.6743245315179072"/>
            <maxpow number="0.6743245315179072"/>
            <fprob>0.0</fprob>
        </actor>
        <actor name="D0N12">
            <wcet number="0">10</wcet>
            <wcet number="1">110</wcet>
            <maxpow number="0.15873091710379306"/>
            <maxpow number="0.15873091710379306"/>
            <fprob>0.0</fprob>
        </actor>
        <ports>
            <port dstActor="D0N16" name="p0" srcActor="D0N1"/>
            <port dstActor="D0N18" name="p1" srcActor="D0N1"/>
            <port dstActor="D0N14" name="p2" srcActor="D0N1"/>
            <port dstActor="D0N34" name="p3" srcActor="D0N1"/>
            <port dstActor="D0N26" name="p4" srcActor="D0N1"/>
            <port dstActor="D0N30" name="p5" srcActor="D0N1"/>
            <port dstActor="D0N46" name="p6" srcActor="D0N1"/>
            <port dstActor="D0N15" name="p7" srcActor="D0N6"/>
            <port dstActor="D0N29" name="p8" srcActor="D0N6"/>
            <port dstActor="D0N9" name="p9" srcActor="D0N6"/>
            <port dstActor="D0N43" name="p10" srcActor="D0N2"/>
            <port dstActor="D0N23" name="p11" srcActor="D0N2"/>
            <port dstActor="D0N27" name="p12" srcActor="D0N2"/>
            <port dstActor="D0N6" name="p13" srcActor="D0N2"/>
            <port dstActor="D0N38" name="p14" srcActor="D0N23"/>
            <port dstActor="D0N36" name="p15" srcActor="D0N23"/>
            <port dstActor="D0N45" name="p16" srcActor="D0N37"/>
            <port dstActor="D0N43" name="p17" srcActor="D0N37"/>
            <port dstActor="D0N43" name="p18" srcActor="D0N34"/>
            <port dstActor="D0N35" name="p19" srcActor="D0N17"/>
            <port dstActor="D0N26" name="p20" srcActor="D0N17"/>
            <port dstActor="D0N27" name="p21" srcActor="D0N24"/>
            <port dstActor="D0N29" name="p22" srcActor="D0N24"/>
            <port dstActor="D0N37" name="p23" srcActor="D0N24"/>
            <port dstActor="D0N41" name="p24" srcActor="D0N39"/>
            <port dstActor="D0N17" name="p25" srcActor="D0N7"/>
            <port dstActor="D0N19" name="p26" srcActor="D0N7"/>
            <port dstActor="D0N42" name="p27" srcActor="D0N7"/>
            <port dstActor="D0N28" name="p28" srcActor="D0N7"/>
            <port dstActor="D0N13" name="p29" srcActor="D0N7"/>
            <port dstActor="D0N44" name="p30" srcActor="D0N7"/>
            <port dstActor="D0N45" name="p31" srcActor="D0N14"/>
            <port dstActor="D0N24" name="p32" srcActor="D0N14"/>
            <port dstActor="D0N41" name="p33" srcActor="D0N32"/>
            <port dstActor="D0N37" name="p34" srcActor="D0N32"/>
            <port dstActor="D0N7" name="p35" srcActor="D0N3"/>
            <port dstActor="D0N39" name="p36" srcActor="D0N3"/>
            <port dstActor="D0N22" name="p37" srcActor="D0N3"/>
            <port dstActor="D0N12" name="p38" srcActor="D0N5"/>
            <port dstActor="D0N10" name="p39" srcActor="D0N5"/>
            <port dstActor="D0N34" name="p40" srcActor="D0N5"/>
            <port dstActor="D0N15" name="p41" srcActor="D0N5"/>
            <port dstActor="D0N44" name="p42" srcActor="D0N28"/>
            <port dstActor="D0N31" name="p43" srcActor="D0N9"/>
            <port dstActor="D0N18" name="p44" srcActor="D0N9"/>
            <port dstActor="D0N33" name="p45" srcActor="D0N9"/>
            <port dstActor="D0N17" name="p46" srcActor="D0N9"/>
            <port dstActor="D0N44" name="p47" srcActor="D0N25"/>
            <port dstActor="D0N41" name="p48" srcActor="D0N25"/>
            <port dstActor="D0N31" name="p49" srcActor="D0N25"/>
            <port dstActor="D0N42" name="p50" srcActor="D0N25"/>
            <port dstActor="D0N15" name="p51" srcActor="D0N4"/>
            <port dstActor="D0N41" name="p52" srcActor="D0N4"/>
            <port dstActor="D0N40" name="p53" srcActor="D0N4"/>
            <port dstActor="D0N45" name="p54" srcActor="D0N4"/>
            <port dstActor="D0N27" name="p55" srcActor="D0N4"/>
            <port dstActor="D0N42" name="p56" srcActor="D0N4"/>
            <port dstActor="D0N9" name="p57" srcActor="D0N4"/>
            <port dstActor="D0N47" name="p58" srcActor="D0N4"/>
            <port dstActor="D0N39" name="p59" srcActor="D0N4"/>
            <port dstActor="D0N47" name="p60" srcActor="D0N42"/>
            <port dstActor="D0N37" name="p61" srcActor="D0N31"/>
            <port dstActor="D0N47" name="p62" srcActor="D0N31"/>
            <port dstActor="D0N42" name="p63" srcActor="D0N31"/>
            <port dstActor="D0N42" name="p64" srcActor="D0N35"/>
            <port dstActor="D0N37" name="p65" srcActor="D0N35"/>
            <port dstActor="D0N47" name="p66" srcActor="D0N35"/>
            <port dstActor="D0N42" name="p67" srcActor="D0N33"/>
            <port dstActor="D0N26" name="p68" srcActor="D0N11"/>
            <port dstActor="D0N47" name="p69" srcActor="D0N11"/>
            <port dstActor="D0N20" name="p70" srcActor="D0N11"/>
            <port dstActor="D0N19" name="p71" srcActor="D0N11"/>
            <port dstActor="D0N46" name="p72" srcActor="D0N11"/>
            <port dstActor="D0N46" name="p73" srcActor="D0N41"/>
            <port dstActor="D0N32" name="p74" srcActor="D0N21"/>
            <port dstActor="D0N46" name="p75" srcActor="D0N21"/>
            <port dstActor="D0N30" name="p76" srcActor="D0N21"/>
            <port dstActor="D0N45" name="p77" srcActor="D0N21"/>
            <port dstActor="D0N18" name="p78" srcActor="D0N16"/>
            <port dstActor="D0N37" name="p79" srcActor="D0N16"/>
            <port dstActor="D0N42" name="p80" srcActor="D0N16"/>
            <port dstActor="D0N43" name="p81" srcActor="D0N16"/>
            <port dstActor="D0N14" name="p82" srcActor="D0N10"/>
            <port dstActor="D0N13" name="p83" srcActor="D0N10"/>
            <port dstActor="D0N17" name="p84" srcActor="D0N10"/>
            <port dstActor="D0N20" name="p85" srcActor="D0N8"/>
            <port dstActor="D0N34" name="p86" srcActor="D0N8"/>
            <port dstActor="D0N31" name="p87" srcActor="D0N20"/>
            <port dstActor="D0N46" name="p88" srcActor="D0N29"/>
            <port dstActor="D0N42" name="p89" srcActor="D0N22"/>
            <port dstActor="D0N39" name="p90" srcActor="D0N22"/>
            <port dstActor="D0N38" name="p91" srcActor="D0N22"/>
            <port dstActor="D0N47" name="p92" srcActor="D0N22"/>
            <port dstActor="D0N36" name="p93" srcActor="D0N13"/>
            <port dstActor="D0N32" name="p94" srcActor="D0N13"/>
            <port dstActor="D0N46" name="p95" srcActor="D0N13"/>
            <port dstActor="D0N42" name="p96" srcActor="D0N19"/>
            <port dstActor="D0N36" name="p97" srcActor="D0N19"/>
            <port dstActor="D0N38" name="p98" srcActor="D0N15"/>
            <port dstActor="D0N42" name="p99" srcActor="D0N15"/>
            <port dstActor="D0N40" name="p100" srcActor="D0N18"/>
            <port dstActor="D0N36" name="p101" srcActor="D0N0"/>
            <port dstActor="D0N19" name="p102" srcActor="D0N0"/>
            <port dstActor="D0N16" name="p103" srcActor="D0N0"/>
            <port dstActor="D0N2" name="p104" srcActor="D0N0"/>
            <port dstActor="D0N26" name="p105" srcActor="D0N0"/>
            <port dstActor="D0N7" name="p106" srcActor="D0N0"/>
            <port dstActor="D0N14" name="p107" srcActor="D0N0"/>
            <port dstActor="D0N40" name="p108" srcActor="D0N0"/>
            <port dstActor="D0N22" name="p109" srcActor="D0N12"/>
            <port dstActor="D0N39" name="p110" srcActor="D0N12"/>
        </ports>
    </mcdag>
    <cores number="3"/>
    <levels number="2"/>
</mcsystem>
