<?xml version="1.0" encoding="UTF-8" standalone="no"?>
<mcsystem>
    <mcdag deadline="1200" name="genned-0-ed-10.0-0">
        <actor name="D0N15">
            <wcet number="0">40</wcet>
            <wcet number="1">150</wcet>
            <maxpow number="0.44745606620369177"/>
            <maxpow number="0.44745606620369177"/>
            <fprob>0.0</fprob>
        </actor>
        <actor name="D0N33">
            <wcet number="0">20</wcet>
            <wcet number="1">20</wcet>
            <maxpow number="0.45963417285264846"/>
            <maxpow number="0.45963417285264846"/>
            <fprob>0.0</fprob>
        </actor>
        <actor name="D0N18">
            <wcet number="0">10</wcet>
            <wcet number="1">20</wcet>
            <maxpow number="0.5882290975491036"/>
            <maxpow number="0.5882290975491036"/>
            <fprob>0.0</fprob>
        </actor>
        <actor name="D0N24">
            <wcet number="0">30</wcet>
            <wcet number="1">30</wcet>
            <maxpow number="0.9001580660608985"/>
            <maxpow number="0.9001580660608985"/>
            <fprob>0.0</fprob>
        </actor>
        <actor name="D0N39">
            <wcet number="0">80</wcet>
            <wcet number="1">100</wcet>
            <maxpow number="0.8388691883963033"/>
            <maxpow number="0.8388691883963033"/>
            <fprob>0.0</fprob>
        </actor>
        <actor name="D0N23">
            <wcet number="0">20</wcet>
            <wcet number="1">60</wcet>
            <maxpow number="0.7510479733230443"/>
            <maxpow number="0.7510479733230443"/>
            <fprob>0.0</fprob>
        </actor>
        <actor name="D0N5">
            <wcet number="0">50</wcet>
            <wcet number="1">80</wcet>
            <maxpow number="0.5156868149383355"/>
            <maxpow number="0.5156868149383355"/>
            <fprob>0.0</fprob>
        </actor>
        <actor name="D0N41">
            <wcet number="0">30</wcet>
            <wcet number="1">40</wcet>
            <maxpow number="0.9548699328921206"/>
            <maxpow number="0.9548699328921206"/>
            <fprob>0.0</fprob>
        </actor>
        <actor name="D0N38">
            <wcet number="0">50</wcet>
            <wcet number="1">50</wcet>
            <maxpow number="0.33265853111367094"/>
            <maxpow number="0.33265853111367094"/>
            <fprob>0.0</fprob>
        </actor>
        <actor name="D0N7">
            <wcet number="0">20</wcet>
            <wcet number="1">40</wcet>
            <maxpow number="0.328194614559735"/>
            <maxpow number="0.328194614559735"/>
            <fprob>0.0</fprob>
        </actor>
        <actor name="D0N40">
            <wcet number="0">30</wcet>
            <wcet number="1">40</wcet>
            <maxpow number="0.5049511598792411"/>
            <maxpow number="0.5049511598792411"/>
            <fprob>0.0</fprob>
        </actor>
        <actor name="D0N42">
            <wcet number="0">10</wcet>
            <wcet number="1">10</wcet>
            <maxpow number="0.6210668830098323"/>
            <maxpow number="0.6210668830098323"/>
            <fprob>0.0</fprob>
        </actor>
        <actor name="D0N4">
            <wcet number="0">50</wcet>
            <wcet number="1">50</wcet>
            <maxpow number="0.7458642774051668"/>
            <maxpow number="0.7458642774051668"/>
            <fprob>0.0</fprob>
        </actor>
        <actor name="D0N36">
            <wcet number="0">80</wcet>
            <wcet number="1">200</wcet>
            <maxpow number="0.46835381089352224"/>
            <maxpow number="0.46835381089352224"/>
            <fprob>0.0</fprob>
        </actor>
        <actor name="D0N13">
            <wcet number="0">10</wcet>
            <wcet number="1">20</wcet>
            <maxpow number="0.7477500375260335"/>
            <maxpow number="0.7477500375260335"/>
            <fprob>0.0</fprob>
        </actor>
        <actor name="D0N12">
            <wcet number="0">10</wcet>
            <wcet number="1">20</wcet>
            <maxpow number="0.43817338680699464"/>
            <maxpow number="0.43817338680699464"/>
            <fprob>0.0</fprob>
        </actor>
        <actor name="D0N44">
            <wcet number="0">70</wcet>
            <wcet number="1">80</wcet>
            <maxpow number="0.8441447473361534"/>
            <maxpow number="0.8441447473361534"/>
            <fprob>0.0</fprob>
        </actor>
        <actor name="D0N1">
            <wcet number="0">20</wcet>
            <wcet number="1">60</wcet>
            <maxpow number="0.578531373939578"/>
            <maxpow number="0.578531373939578"/>
            <fprob>0.0</fprob>
        </actor>
        <actor name="D0N25">
            <wcet number="0">10</wcet>
            <wcet number="1">50</wcet>
            <maxpow number="0.3741333231739675"/>
            <maxpow number="0.3741333231739675"/>
            <fprob>0.0</fprob>
        </actor>
        <actor name="D0N8">
            <wcet number="0">20</wcet>
            <wcet number="1">30</wcet>
            <maxpow number="0.5053146401493345"/>
            <maxpow number="0.5053146401493345"/>
            <fprob>0.0</fprob>
        </actor>
        <actor name="D0N43">
            <wcet number="0">10</wcet>
            <wcet number="1">10</wcet>
            <maxpow number="0.4500746486349357"/>
            <maxpow number="0.4500746486349357"/>
            <fprob>0.0</fprob>
        </actor>
        <actor name="D0N22">
            <wcet number="0">30</wcet>
            <wcet number="1">60</wcet>
            <maxpow number="0.6117214010573298"/>
            <maxpow number="0.6117214010573298"/>
            <fprob>0.0</fprob>
        </actor>
        <actor name="D0N28">
            <wcet number="0">60</wcet>
            <wcet number="1">70</wcet>
            <maxpow number="0.42500106421050277"/>
            <maxpow number="0.42500106421050277"/>
            <fprob>0.0</fprob>
        </actor>
        <actor name="D0N35">
            <wcet number="0">30</wcet>
            <wcet number="1">50</wcet>
            <maxpow number="0.6869928528564899"/>
            <maxpow number="0.6869928528564899"/>
            <fprob>0.0</fprob>
        </actor>
        <actor name="D0N29">
            <wcet number="0">60</wcet>
            <wcet number="1">70</wcet>
            <maxpow number="0.3766984260092976"/>
            <maxpow number="0.3766984260092976"/>
            <fprob>0.0</fprob>
        </actor>
        <actor name="D0N3">
            <wcet number="0">70</wcet>
            <wcet number="1">130</wcet>
            <maxpow number="0.5799396809448596"/>
            <maxpow number="0.5799396809448596"/>
            <fprob>0.0</fprob>
        </actor>
        <actor name="D0N34">
            <wcet number="0">10</wcet>
            <wcet number="1">10</wcet>
            <maxpow number="0.5779881101708105"/>
            <maxpow number="0.5779881101708105"/>
            <fprob>0.0</fprob>
        </actor>
        <actor name="D0N37">
            <wcet number="0">20</wcet>
            <wcet number="1">20</wcet>
            <maxpow number="0.5357452643419243"/>
            <maxpow number="0.5357452643419243"/>
            <fprob>0.0</fprob>
        </actor>
        <actor name="D0N9">
            <wcet number="0">10</wcet>
            <wcet number="1">10</wcet>
            <maxpow number="0.5435871871472433"/>
            <maxpow number="0.5435871871472433"/>
            <fprob>0.0</fprob>
        </actor>
        <actor name="D0N14">
            <wcet number="0">50</wcet>
            <wcet number="1">50</wcet>
            <maxpow number="0.3126880438025504"/>
            <maxpow number="0.3126880438025504"/>
            <fprob>0.0</fprob>
        </actor>
        <actor name="D0N6">
            <wcet number="0">10</wcet>
            <wcet number="1">20</wcet>
            <maxpow number="0.456332833228391"/>
            <maxpow number="0.456332833228391"/>
            <fprob>0.0</fprob>
        </actor>
        <actor name="D0N21">
            <wcet number="0">10</wcet>
            <wcet number="1">20</wcet>
            <maxpow number="0.45219364799407175"/>
            <maxpow number="0.45219364799407175"/>
            <fprob>0.0</fprob>
        </actor>
        <actor name="D0N2">
            <wcet number="0">20</wcet>
            <wcet number="1">20</wcet>
            <maxpow number="0.3562656851025264"/>
            <maxpow number="0.3562656851025264"/>
            <fprob>0.0</fprob>
        </actor>
        <actor name="D0N30">
            <wcet number="0">50</wcet>
            <wcet number="1">60</wcet>
            <maxpow number="0.6778063284495588"/>
            <maxpow number="0.6778063284495588"/>
            <fprob>0.0</fprob>
        </actor>
        <actor name="D0N0">
            <wcet number="0">20</wcet>
            <wcet number="1">20</wcet>
            <maxpow number="0.29537197266287846"/>
            <maxpow number="0.29537197266287846"/>
            <fprob>0.0</fprob>
        </actor>
        <actor name="D0N31">
            <wcet number="0">10</wcet>
            <wcet number="1">10</wcet>
            <maxpow number="0.6715675986325179"/>
            <maxpow number="0.6715675986325179"/>
            <fprob>0.0</fprob>
        </actor>
        <actor name="D0N19">
            <wcet number="0">30</wcet>
            <wcet number="1">140</wcet>
            <maxpow number="0.7567298069237989"/>
            <maxpow number="0.7567298069237989"/>
            <fprob>0.0</fprob>
        </actor>
        <actor name="D0N26">
            <wcet number="0">10</wcet>
            <wcet number="1">10</wcet>
            <maxpow number="0.6657193605919504"/>
            <maxpow number="0.6657193605919504"/>
            <fprob>0.0</fprob>
        </actor>
        <actor name="D0N16">
            <wcet number="0">100</wcet>
            <wcet number="1">120</wcet>
            <maxpow number="0.9164559444992406"/>
            <maxpow number="0.9164559444992406"/>
            <fprob>0.0</fprob>
        </actor>
        <actor name="D0N17">
            <wcet number="0">10</wcet>
            <wcet number="1">20</wcet>
            <maxpow number="0.5940593346210243"/>
            <maxpow number="0.5940593346210243"/>
            <fprob>0.0</fprob>
        </actor>
        <actor name="D0N10">
            <wcet number="0">50</wcet>
            <wcet number="1">60</wcet>
            <maxpow number="0.6080134852106661"/>
            <maxpow number="0.6080134852106661"/>
            <fprob>0.0</fprob>
        </actor>
        <actor name="D0N20">
            <wcet number="0">30</wcet>
            <wcet number="1">70</wcet>
            <maxpow number="0.4711646846161063"/>
            <maxpow number="0.4711646846161063"/>
            <fprob>0.0</fprob>
        </actor>
        <actor name="D0N11">
            <wcet number="0">90</wcet>
            <wcet number="1">130</wcet>
            <maxpow number="0.3576356016522279"/>
            <maxpow number="0.3576356016522279"/>
            <fprob>0.0</fprob>
        </actor>
        <actor name="D0N27">
            <wcet number="0">30</wcet>
            <wcet number="1">40</wcet>
            <maxpow number="0.46099364008762206"/>
            <maxpow number="0.46099364008762206"/>
            <fprob>0.0</fprob>
        </actor>
        <actor name="D0N32">
            <wcet number="0">20</wcet>
            <wcet number="1">30</wcet>
            <maxpow number="0.8396143086430217"/>
            <maxpow number="0.8396143086430217"/>
            <fprob>0.0</fprob>
        </actor>
        <ports>
            <port dstActor="D0N39" name="p0" srcActor="D0N15"/>
            <port dstActor="D0N42" name="p1" srcActor="D0N15"/>
            <port dstActor="D0N38" name="p2" srcActor="D0N33"/>
            <port dstActor="D0N37" name="p3" srcActor="D0N33"/>
            <port dstActor="D0N34" name="p4" srcActor="D0N33"/>
            <port dstActor="D0N43" name="p5" srcActor="D0N18"/>
            <port dstActor="D0N39" name="p6" srcActor="D0N18"/>
            <port dstActor="D0N31" name="p7" srcActor="D0N18"/>
            <port dstActor="D0N30" name="p8" srcActor="D0N18"/>
            <port dstActor="D0N44" name="p9" srcActor="D0N24"/>
            <port dstActor="D0N42" name="p10" srcActor="D0N39"/>
            <port dstActor="D0N40" name="p11" srcActor="D0N23"/>
            <port dstActor="D0N27" name="p12" srcActor="D0N23"/>
            <port dstActor="D0N39" name="p13" srcActor="D0N5"/>
            <port dstActor="D0N44" name="p14" srcActor="D0N5"/>
            <port dstActor="D0N19" name="p15" srcActor="D0N5"/>
            <port dstActor="D0N40" name="p16" srcActor="D0N38"/>
            <port dstActor="D0N9" name="p17" srcActor="D0N7"/>
            <port dstActor="D0N39" name="p18" srcActor="D0N7"/>
            <port dstActor="D0N43" name="p19" srcActor="D0N42"/>
            <port dstActor="D0N29" name="p20" srcActor="D0N4"/>
            <port dstActor="D0N43" name="p21" srcActor="D0N36"/>
            <port dstActor="D0N41" name="p22" srcActor="D0N36"/>
            <port dstActor="D0N18" name="p23" srcActor="D0N13"/>
            <port dstActor="D0N19" name="p24" srcActor="D0N12"/>
            <port dstActor="D0N42" name="p25" srcActor="D0N12"/>
            <port dstActor="D0N32" name="p26" srcActor="D0N12"/>
            <port dstActor="D0N15" name="p27" srcActor="D0N12"/>
            <port dstActor="D0N10" name="p28" srcActor="D0N1"/>
            <port dstActor="D0N19" name="p29" srcActor="D0N1"/>
            <port dstActor="D0N43" name="p30" srcActor="D0N25"/>
            <port dstActor="D0N11" name="p31" srcActor="D0N8"/>
            <port dstActor="D0N20" name="p32" srcActor="D0N8"/>
            <port dstActor="D0N32" name="p33" srcActor="D0N22"/>
            <port dstActor="D0N35" name="p34" srcActor="D0N22"/>
            <port dstActor="D0N37" name="p35" srcActor="D0N28"/>
            <port dstActor="D0N42" name="p36" srcActor="D0N35"/>
            <port dstActor="D0N43" name="p37" srcActor="D0N29"/>
            <port dstActor="D0N30" name="p38" srcActor="D0N29"/>
            <port dstActor="D0N41" name="p39" srcActor="D0N29"/>
            <port dstActor="D0N18" name="p40" srcActor="D0N3"/>
            <port dstActor="D0N42" name="p41" srcActor="D0N3"/>
            <port dstActor="D0N9" name="p42" srcActor="D0N3"/>
            <port dstActor="D0N14" name="p43" srcActor="D0N3"/>
            <port dstActor="D0N7" name="p44" srcActor="D0N3"/>
            <port dstActor="D0N40" name="p45" srcActor="D0N34"/>
            <port dstActor="D0N13" name="p46" srcActor="D0N9"/>
            <port dstActor="D0N38" name="p47" srcActor="D0N9"/>
            <port dstActor="D0N16" name="p48" srcActor="D0N9"/>
            <port dstActor="D0N32" name="p49" srcActor="D0N9"/>
            <port dstActor="D0N28" name="p50" srcActor="D0N9"/>
            <port dstActor="D0N22" name="p51" srcActor="D0N14"/>
            <port dstActor="D0N29" name="p52" srcActor="D0N14"/>
            <port dstActor="D0N25" name="p53" srcActor="D0N14"/>
            <port dstActor="D0N39" name="p54" srcActor="D0N14"/>
            <port dstActor="D0N44" name="p55" srcActor="D0N6"/>
            <port dstActor="D0N28" name="p56" srcActor="D0N21"/>
            <port dstActor="D0N37" name="p57" srcActor="D0N21"/>
            <port dstActor="D0N24" name="p58" srcActor="D0N21"/>
            <port dstActor="D0N35" name="p59" srcActor="D0N21"/>
            <port dstActor="D0N22" name="p60" srcActor="D0N21"/>
            <port dstActor="D0N43" name="p61" srcActor="D0N2"/>
            <port dstActor="D0N3" name="p62" srcActor="D0N2"/>
            <port dstActor="D0N22" name="p63" srcActor="D0N2"/>
            <port dstActor="D0N26" name="p64" srcActor="D0N2"/>
            <port dstActor="D0N11" name="p65" srcActor="D0N2"/>
            <port dstActor="D0N29" name="p66" srcActor="D0N2"/>
            <port dstActor="D0N21" name="p67" srcActor="D0N2"/>
            <port dstActor="D0N36" name="p68" srcActor="D0N30"/>
            <port dstActor="D0N18" name="p69" srcActor="D0N0"/>
            <port dstActor="D0N28" name="p70" srcActor="D0N0"/>
            <port dstActor="D0N39" name="p71" srcActor="D0N31"/>
            <port dstActor="D0N34" name="p72" srcActor="D0N31"/>
            <port dstActor="D0N35" name="p73" srcActor="D0N31"/>
            <port dstActor="D0N40" name="p74" srcActor="D0N19"/>
            <port dstActor="D0N37" name="p75" srcActor="D0N19"/>
            <port dstActor="D0N35" name="p76" srcActor="D0N19"/>
            <port dstActor="D0N24" name="p77" srcActor="D0N19"/>
            <port dstActor="D0N38" name="p78" srcActor="D0N26"/>
            <port dstActor="D0N17" name="p79" srcActor="D0N16"/>
            <port dstActor="D0N34" name="p80" srcActor="D0N16"/>
            <port dstActor="D0N27" name="p81" srcActor="D0N16"/>
            <port dstActor="D0N38" name="p82" srcActor="D0N17"/>
            <port dstActor="D0N18" name="p83" srcActor="D0N17"/>
            <port dstActor="D0N26" name="p84" srcActor="D0N17"/>
            <port dstActor="D0N28" name="p85" srcActor="D0N10"/>
            <port dstActor="D0N39" name="p86" srcActor="D0N10"/>
            <port dstActor="D0N44" name="p87" srcActor="D0N10"/>
            <port dstActor="D0N30" name="p88" srcActor="D0N11"/>
            <port dstActor="D0N31" name="p89" srcActor="D0N11"/>
            <port dstActor="D0N44" name="p90" srcActor="D0N11"/>
            <port dstActor="D0N39" name="p91" srcActor="D0N11"/>
            <port dstActor="D0N43" name="p92" srcActor="D0N32"/>
            <port dstActor="D0N41" name="p93" srcActor="D0N32"/>
        </ports>
    </mcdag>
    <cores number="2"/>
    <levels number="2"/>
</mcsystem>
