<?xml version="1.0" encoding="UTF-8" standalone="no"?>
<mcsystem>
    <mcdag deadline="4000" name="genned-0-ed-10.0-0">
        <actor name="D0N43">
            <wcet number="0">910</wcet>
            <wcet number="1">940</wcet>
            <maxpow number="0.5888018343720304"/>
            <maxpow number="0.5888018343720304"/>
            <fprob>0.0</fprob>
        </actor>
        <actor name="D0N40">
            <wcet number="0">390</wcet>
            <wcet number="1">390</wcet>
            <maxpow number="0.41706445565987027"/>
            <maxpow number="0.41706445565987027"/>
            <fprob>0.0</fprob>
        </actor>
        <actor name="D0N44">
            <wcet number="0">60</wcet>
            <wcet number="1">90</wcet>
            <maxpow number="0.19088920058393644"/>
            <maxpow number="0.19088920058393644"/>
            <fprob>0.0</fprob>
        </actor>
        <actor name="D0N46">
            <wcet number="0">20</wcet>
            <wcet number="1">70</wcet>
            <maxpow number="0.7422956780933814"/>
            <maxpow number="0.7422956780933814"/>
            <fprob>0.0</fprob>
        </actor>
        <actor name="D0N31">
            <wcet number="0">90</wcet>
            <wcet number="1">360</wcet>
            <maxpow number="0.503125186244959"/>
            <maxpow number="0.503125186244959"/>
            <fprob>0.0</fprob>
        </actor>
        <actor name="D0N48">
            <wcet number="0">20</wcet>
            <wcet number="1">120</wcet>
            <maxpow number="0.6621078433296232"/>
            <maxpow number="0.6621078433296232"/>
            <fprob>0.0</fprob>
        </actor>
        <actor name="D0N14">
            <wcet number="0">60</wcet>
            <wcet number="1">240</wcet>
            <maxpow number="0.30425157019527066"/>
            <maxpow number="0.30425157019527066"/>
            <fprob>0.0</fprob>
        </actor>
        <actor name="D0N39">
            <wcet number="0">130</wcet>
            <wcet number="1">130</wcet>
            <maxpow number="0.3939813140491127"/>
            <maxpow number="0.3939813140491127"/>
            <fprob>0.0</fprob>
        </actor>
        <actor name="D0N1">
            <wcet number="0">160</wcet>
            <wcet number="1">170</wcet>
            <maxpow number="0.7699359218443347"/>
            <maxpow number="0.7699359218443347"/>
            <fprob>0.0</fprob>
        </actor>
        <actor name="D0N26">
            <wcet number="0">160</wcet>
            <wcet number="1">180</wcet>
            <maxpow number="0.9227679905055189"/>
            <maxpow number="0.9227679905055189"/>
            <fprob>0.0</fprob>
        </actor>
        <actor name="D0N12">
            <wcet number="0">30</wcet>
            <wcet number="1">50</wcet>
            <maxpow number="0.41916012695256943"/>
            <maxpow number="0.41916012695256943"/>
            <fprob>0.0</fprob>
        </actor>
        <actor name="D0N24">
            <wcet number="0">60</wcet>
            <wcet number="1">120</wcet>
            <maxpow number="0.9754253967634022"/>
            <maxpow number="0.9754253967634022"/>
            <fprob>0.0</fprob>
        </actor>
        <actor name="D0N0">
            <wcet number="0">110</wcet>
            <wcet number="1">230</wcet>
            <maxpow number="0.5230513586948303"/>
            <maxpow number="0.5230513586948303"/>
            <fprob>0.0</fprob>
        </actor>
        <actor name="D0N4">
            <wcet number="0">180</wcet>
            <wcet number="1">290</wcet>
            <maxpow number="0.7399238193823355"/>
            <maxpow number="0.7399238193823355"/>
            <fprob>0.0</fprob>
        </actor>
        <actor name="D0N49">
            <wcet number="0">10</wcet>
            <wcet number="1">10</wcet>
            <maxpow number="0.7282110729636909"/>
            <maxpow number="0.7282110729636909"/>
            <fprob>0.0</fprob>
        </actor>
        <actor name="D0N32">
            <wcet number="0">90</wcet>
            <wcet number="1">140</wcet>
            <maxpow number="0.9641243039851606"/>
            <maxpow number="0.9641243039851606"/>
            <fprob>0.0</fprob>
        </actor>
        <actor name="D0N30">
            <wcet number="0">60</wcet>
            <wcet number="1">60</wcet>
            <maxpow number="0.652253455682182"/>
            <maxpow number="0.652253455682182"/>
            <fprob>0.0</fprob>
        </actor>
        <actor name="D0N34">
            <wcet number="0">70</wcet>
            <wcet number="1">90</wcet>
            <maxpow number="0.12161733416311427"/>
            <maxpow number="0.12161733416311427"/>
            <fprob>0.0</fprob>
        </actor>
        <actor name="D0N2">
            <wcet number="0">70</wcet>
            <wcet number="1">350</wcet>
            <maxpow number="0.738765739738656"/>
            <maxpow number="0.738765739738656"/>
            <fprob>0.0</fprob>
        </actor>
        <actor name="D0N41">
            <wcet number="0">10</wcet>
            <wcet number="1">10</wcet>
            <maxpow number="0.8108872633814146"/>
            <maxpow number="0.8108872633814146"/>
            <fprob>0.0</fprob>
        </actor>
        <actor name="D0N5">
            <wcet number="0">50</wcet>
            <wcet number="1">920</wcet>
            <maxpow number="0.2499595211183298"/>
            <maxpow number="0.2499595211183298"/>
            <fprob>0.0</fprob>
        </actor>
        <actor name="D0N3">
            <wcet number="0">10</wcet>
            <wcet number="1">10</wcet>
            <maxpow number="0.6464826447841786"/>
            <maxpow number="0.6464826447841786"/>
            <fprob>0.0</fprob>
        </actor>
        <actor name="D0N28">
            <wcet number="0">180</wcet>
            <wcet number="1">370</wcet>
            <maxpow number="0.7393834378578932"/>
            <maxpow number="0.7393834378578932"/>
            <fprob>0.0</fprob>
        </actor>
        <actor name="D0N6">
            <wcet number="0">20</wcet>
            <wcet number="1">30</wcet>
            <maxpow number="0.5992488787141006"/>
            <maxpow number="0.5992488787141006"/>
            <fprob>0.0</fprob>
        </actor>
        <actor name="D0N29">
            <wcet number="0">40</wcet>
            <wcet number="1">50</wcet>
            <maxpow number="0.550982217842607"/>
            <maxpow number="0.550982217842607"/>
            <fprob>0.0</fprob>
        </actor>
        <actor name="D0N37">
            <wcet number="0">800</wcet>
            <wcet number="1">900</wcet>
            <maxpow number="0.7397159672557155"/>
            <maxpow number="0.7397159672557155"/>
            <fprob>0.0</fprob>
        </actor>
        <actor name="D0N25">
            <wcet number="0">170</wcet>
            <wcet number="1">190</wcet>
            <maxpow number="0.36496726074756003"/>
            <maxpow number="0.36496726074756003"/>
            <fprob>0.0</fprob>
        </actor>
        <actor name="D0N16">
            <wcet number="0">30</wcet>
            <wcet number="1">40</wcet>
            <maxpow number="0.5497720207369416"/>
            <maxpow number="0.5497720207369416"/>
            <fprob>0.0</fprob>
        </actor>
        <actor name="D0N18">
            <wcet number="0">20</wcet>
            <wcet number="1">310</wcet>
            <maxpow number="0.6149740689066856"/>
            <maxpow number="0.6149740689066856"/>
            <fprob>0.0</fprob>
        </actor>
        <actor name="D0N42">
            <wcet number="0">10</wcet>
            <wcet number="1">290</wcet>
            <maxpow number="0.6941229518492117"/>
            <maxpow number="0.6941229518492117"/>
            <fprob>0.0</fprob>
        </actor>
        <actor name="D0N35">
            <wcet number="0">10</wcet>
            <wcet number="1">10</wcet>
            <maxpow number="0.2557585483973609"/>
            <maxpow number="0.2557585483973609"/>
            <fprob>0.0</fprob>
        </actor>
        <actor name="D0N10">
            <wcet number="0">200</wcet>
            <wcet number="1">500</wcet>
            <maxpow number="0.30587430969075813"/>
            <maxpow number="0.30587430969075813"/>
            <fprob>0.0</fprob>
        </actor>
        <actor name="D0N11">
            <wcet number="0">100</wcet>
            <wcet number="1">200</wcet>
            <maxpow number="0.7487585925050082"/>
            <maxpow number="0.7487585925050082"/>
            <fprob>0.0</fprob>
        </actor>
        <actor name="D0N33">
            <wcet number="0">10</wcet>
            <wcet number="1">30</wcet>
            <maxpow number="0.5485427645355007"/>
            <maxpow number="0.5485427645355007"/>
            <fprob>0.0</fprob>
        </actor>
        <actor name="D0N8">
            <wcet number="0">100</wcet>
            <wcet number="1">440</wcet>
            <maxpow number="0.6212117229883448"/>
            <maxpow number="0.6212117229883448"/>
            <fprob>0.0</fprob>
        </actor>
        <actor name="D0N15">
            <wcet number="0">40</wcet>
            <wcet number="1">140</wcet>
            <maxpow number="0.4132540024743403"/>
            <maxpow number="0.4132540024743403"/>
            <fprob>0.0</fprob>
        </actor>
        <actor name="D0N13">
            <wcet number="0">60</wcet>
            <wcet number="1">80</wcet>
            <maxpow number="0.5063475211292128"/>
            <maxpow number="0.5063475211292128"/>
            <fprob>0.0</fprob>
        </actor>
        <actor name="D0N36">
            <wcet number="0">380</wcet>
            <wcet number="1">640</wcet>
            <maxpow number="0.19841439338297678"/>
            <maxpow number="0.19841439338297678"/>
            <fprob>0.0</fprob>
        </actor>
        <actor name="D0N45">
            <wcet number="0">30</wcet>
            <wcet number="1">30</wcet>
            <maxpow number="0.5268527820966951"/>
            <maxpow number="0.5268527820966951"/>
            <fprob>0.0</fprob>
        </actor>
        <actor name="D0N47">
            <wcet number="0">230</wcet>
            <wcet number="1">320</wcet>
            <maxpow number="0.12444588375582988"/>
            <maxpow number="0.12444588375582988"/>
            <fprob>0.0</fprob>
        </actor>
        <actor name="D0N17">
            <wcet number="0">10</wcet>
            <wcet number="1">80</wcet>
            <maxpow number="0.6328702579199806"/>
            <maxpow number="0.6328702579199806"/>
            <fprob>0.0</fprob>
        </actor>
        <actor name="D0N22">
            <wcet number="0">40</wcet>
            <wcet number="1">40</wcet>
            <maxpow number="0.502797460433837"/>
            <maxpow number="0.502797460433837"/>
            <fprob>0.0</fprob>
        </actor>
        <actor name="D0N21">
            <wcet number="0">70</wcet>
            <wcet number="1">80</wcet>
            <maxpow number="0.5724790581424534"/>
            <maxpow number="0.5724790581424534"/>
            <fprob>0.0</fprob>
        </actor>
        <actor name="D0N23">
            <wcet number="0">60</wcet>
            <wcet number="1">130</wcet>
            <maxpow number="0.7144096346319669"/>
            <maxpow number="0.7144096346319669"/>
            <fprob>0.0</fprob>
        </actor>
        <actor name="D0N27">
            <wcet number="0">40</wcet>
            <wcet number="1">70</wcet>
            <maxpow number="0.32890143618160295"/>
            <maxpow number="0.32890143618160295"/>
            <fprob>0.0</fprob>
        </actor>
        <actor name="D0N20">
            <wcet number="0">30</wcet>
            <wcet number="1">140</wcet>
            <maxpow number="0.6041221981978192"/>
            <maxpow number="0.6041221981978192"/>
            <fprob>0.0</fprob>
        </actor>
        <actor name="D0N38">
            <wcet number="0">10</wcet>
            <wcet number="1">210</wcet>
            <maxpow number="0.5247810705884092"/>
            <maxpow number="0.5247810705884092"/>
            <fprob>0.0</fprob>
        </actor>
        <actor name="D0N9">
            <wcet number="0">40</wcet>
            <wcet number="1">310</wcet>
            <maxpow number="0.7579238722047541"/>
            <maxpow number="0.7579238722047541"/>
            <fprob>0.0</fprob>
        </actor>
        <actor name="D0N7">
            <wcet number="0">10</wcet>
            <wcet number="1">10</wcet>
            <maxpow number="0.5410927295174375"/>
            <maxpow number="0.5410927295174375"/>
            <fprob>0.0</fprob>
        </actor>
        <actor name="D0N19">
            <wcet number="0">90</wcet>
            <wcet number="1">190</wcet>
            <maxpow number="0.5561374982565856"/>
            <maxpow number="0.5561374982565856"/>
            <fprob>0.0</fprob>
        </actor>
        <ports>
            <port dstActor="D0N47" name="p0" srcActor="D0N43"/>
            <port dstActor="D0N45" name="p1" srcActor="D0N40"/>
            <port dstActor="D0N32" name="p2" srcActor="D0N31"/>
            <port dstActor="D0N34" name="p3" srcActor="D0N31"/>
            <port dstActor="D0N19" name="p4" srcActor="D0N14"/>
            <port dstActor="D0N34" name="p5" srcActor="D0N14"/>
            <port dstActor="D0N4" name="p6" srcActor="D0N1"/>
            <port dstActor="D0N20" name="p7" srcActor="D0N1"/>
            <port dstActor="D0N22" name="p8" srcActor="D0N1"/>
            <port dstActor="D0N41" name="p9" srcActor="D0N1"/>
            <port dstActor="D0N15" name="p10" srcActor="D0N1"/>
            <port dstActor="D0N35" name="p11" srcActor="D0N26"/>
            <port dstActor="D0N40" name="p12" srcActor="D0N26"/>
            <port dstActor="D0N49" name="p13" srcActor="D0N26"/>
            <port dstActor="D0N39" name="p14" srcActor="D0N26"/>
            <port dstActor="D0N30" name="p15" srcActor="D0N12"/>
            <port dstActor="D0N43" name="p16" srcActor="D0N12"/>
            <port dstActor="D0N26" name="p17" srcActor="D0N12"/>
            <port dstActor="D0N45" name="p18" srcActor="D0N24"/>
            <port dstActor="D0N15" name="p19" srcActor="D0N0"/>
            <port dstActor="D0N24" name="p20" srcActor="D0N0"/>
            <port dstActor="D0N26" name="p21" srcActor="D0N0"/>
            <port dstActor="D0N5" name="p22" srcActor="D0N0"/>
            <port dstActor="D0N49" name="p23" srcActor="D0N0"/>
            <port dstActor="D0N16" name="p24" srcActor="D0N0"/>
            <port dstActor="D0N31" name="p25" srcActor="D0N0"/>
            <port dstActor="D0N34" name="p26" srcActor="D0N0"/>
            <port dstActor="D0N40" name="p27" srcActor="D0N0"/>
            <port dstActor="D0N25" name="p28" srcActor="D0N0"/>
            <port dstActor="D0N37" name="p29" srcActor="D0N4"/>
            <port dstActor="D0N34" name="p30" srcActor="D0N4"/>
            <port dstActor="D0N49" name="p31" srcActor="D0N4"/>
            <port dstActor="D0N45" name="p32" srcActor="D0N4"/>
            <port dstActor="D0N17" name="p33" srcActor="D0N4"/>
            <port dstActor="D0N41" name="p34" srcActor="D0N32"/>
            <port dstActor="D0N45" name="p35" srcActor="D0N30"/>
            <port dstActor="D0N11" name="p36" srcActor="D0N2"/>
            <port dstActor="D0N34" name="p37" srcActor="D0N2"/>
            <port dstActor="D0N8" name="p38" srcActor="D0N2"/>
            <port dstActor="D0N49" name="p39" srcActor="D0N41"/>
            <port dstActor="D0N20" name="p40" srcActor="D0N5"/>
            <port dstActor="D0N21" name="p41" srcActor="D0N5"/>
            <port dstActor="D0N19" name="p42" srcActor="D0N5"/>
            <port dstActor="D0N28" name="p43" srcActor="D0N3"/>
            <port dstActor="D0N9" name="p44" srcActor="D0N3"/>
            <port dstActor="D0N33" name="p45" srcActor="D0N3"/>
            <port dstActor="D0N47" name="p46" srcActor="D0N3"/>
            <port dstActor="D0N29" name="p47" srcActor="D0N3"/>
            <port dstActor="D0N29" name="p48" srcActor="D0N28"/>
            <port dstActor="D0N37" name="p49" srcActor="D0N28"/>
            <port dstActor="D0N39" name="p50" srcActor="D0N28"/>
            <port dstActor="D0N30" name="p51" srcActor="D0N28"/>
            <port dstActor="D0N46" name="p52" srcActor="D0N6"/>
            <port dstActor="D0N48" name="p53" srcActor="D0N6"/>
            <port dstActor="D0N20" name="p54" srcActor="D0N6"/>
            <port dstActor="D0N36" name="p55" srcActor="D0N6"/>
            <port dstActor="D0N39" name="p56" srcActor="D0N29"/>
            <port dstActor="D0N35" name="p57" srcActor="D0N29"/>
            <port dstActor="D0N46" name="p58" srcActor="D0N37"/>
            <port dstActor="D0N41" name="p59" srcActor="D0N37"/>
            <port dstActor="D0N48" name="p60" srcActor="D0N25"/>
            <port dstActor="D0N39" name="p61" srcActor="D0N16"/>
            <port dstActor="D0N37" name="p62" srcActor="D0N16"/>
            <port dstActor="D0N34" name="p63" srcActor="D0N16"/>
            <port dstActor="D0N38" name="p64" srcActor="D0N16"/>
            <port dstActor="D0N29" name="p65" srcActor="D0N18"/>
            <port dstActor="D0N42" name="p66" srcActor="D0N35"/>
            <port dstActor="D0N49" name="p67" srcActor="D0N35"/>
            <port dstActor="D0N43" name="p68" srcActor="D0N10"/>
            <port dstActor="D0N26" name="p69" srcActor="D0N10"/>
            <port dstActor="D0N23" name="p70" srcActor="D0N10"/>
            <port dstActor="D0N41" name="p71" srcActor="D0N11"/>
            <port dstActor="D0N36" name="p72" srcActor="D0N33"/>
            <port dstActor="D0N37" name="p73" srcActor="D0N8"/>
            <port dstActor="D0N19" name="p74" srcActor="D0N8"/>
            <port dstActor="D0N40" name="p75" srcActor="D0N15"/>
            <port dstActor="D0N25" name="p76" srcActor="D0N15"/>
            <port dstActor="D0N23" name="p77" srcActor="D0N15"/>
            <port dstActor="D0N29" name="p78" srcActor="D0N13"/>
            <port dstActor="D0N16" name="p79" srcActor="D0N13"/>
            <port dstActor="D0N48" name="p80" srcActor="D0N36"/>
            <port dstActor="D0N49" name="p81" srcActor="D0N36"/>
            <port dstActor="D0N38" name="p82" srcActor="D0N36"/>
            <port dstActor="D0N48" name="p83" srcActor="D0N45"/>
            <port dstActor="D0N46" name="p84" srcActor="D0N45"/>
            <port dstActor="D0N28" name="p85" srcActor="D0N22"/>
            <port dstActor="D0N44" name="p86" srcActor="D0N22"/>
            <port dstActor="D0N24" name="p87" srcActor="D0N21"/>
            <port dstActor="D0N43" name="p88" srcActor="D0N21"/>
            <port dstActor="D0N26" name="p89" srcActor="D0N21"/>
            <port dstActor="D0N32" name="p90" srcActor="D0N21"/>
            <port dstActor="D0N27" name="p91" srcActor="D0N21"/>
            <port dstActor="D0N33" name="p92" srcActor="D0N21"/>
            <port dstActor="D0N27" name="p93" srcActor="D0N23"/>
            <port dstActor="D0N25" name="p94" srcActor="D0N23"/>
            <port dstActor="D0N43" name="p95" srcActor="D0N23"/>
            <port dstActor="D0N36" name="p96" srcActor="D0N23"/>
            <port dstActor="D0N29" name="p97" srcActor="D0N27"/>
            <port dstActor="D0N34" name="p98" srcActor="D0N27"/>
            <port dstActor="D0N28" name="p99" srcActor="D0N20"/>
            <port dstActor="D0N45" name="p100" srcActor="D0N38"/>
            <port dstActor="D0N47" name="p101" srcActor="D0N9"/>
            <port dstActor="D0N29" name="p102" srcActor="D0N9"/>
            <port dstActor="D0N33" name="p103" srcActor="D0N7"/>
            <port dstActor="D0N42" name="p104" srcActor="D0N7"/>
            <port dstActor="D0N16" name="p105" srcActor="D0N7"/>
            <port dstActor="D0N23" name="p106" srcActor="D0N19"/>
            <port dstActor="D0N21" name="p107" srcActor="D0N19"/>
        </ports>
    </mcdag>
    <cores number="3"/>
    <levels number="2"/>
</mcsystem>
