<?xml version="1.0" encoding="UTF-8" standalone="no"?>
<mcsystem>
    <mcdag deadline="2200" name="genned-0-ed-10.0-0">
        <actor name="D0N30">
            <wcet number="0">10</wcet>
            <wcet number="1">10</wcet>
            <maxpow number="0.5964873800580112"/>
            <maxpow number="0.5964873800580112"/>
            <fprob>0.0</fprob>
        </actor>
        <actor name="D0N2">
            <wcet number="0">70</wcet>
            <wcet number="1">70</wcet>
            <maxpow number="0.47872047891187286"/>
            <maxpow number="0.47872047891187286"/>
            <fprob>0.0</fprob>
        </actor>
        <actor name="D0N31">
            <wcet number="0">80</wcet>
            <wcet number="1">120</wcet>
            <maxpow number="0.7289269332279356"/>
            <maxpow number="0.7289269332279356"/>
            <fprob>0.0</fprob>
        </actor>
        <actor name="D0N37">
            <wcet number="0">100</wcet>
            <wcet number="1">250</wcet>
            <maxpow number="0.7354847161332451"/>
            <maxpow number="0.7354847161332451"/>
            <fprob>0.0</fprob>
        </actor>
        <actor name="D0N11">
            <wcet number="0">130</wcet>
            <wcet number="1">170</wcet>
            <maxpow number="0.29259561264120026"/>
            <maxpow number="0.29259561264120026"/>
            <fprob>0.0</fprob>
        </actor>
        <actor name="D0N14">
            <wcet number="0">30</wcet>
            <wcet number="1">30</wcet>
            <maxpow number="0.8836861517493168"/>
            <maxpow number="0.8836861517493168"/>
            <fprob>0.0</fprob>
        </actor>
        <actor name="D0N40">
            <wcet number="0">80</wcet>
            <wcet number="1">100</wcet>
            <maxpow number="0.7326481798855418"/>
            <maxpow number="0.7326481798855418"/>
            <fprob>0.0</fprob>
        </actor>
        <actor name="D0N33">
            <wcet number="0">20</wcet>
            <wcet number="1">150</wcet>
            <maxpow number="0.3156518219156875"/>
            <maxpow number="0.3156518219156875"/>
            <fprob>0.0</fprob>
        </actor>
        <actor name="D0N16">
            <wcet number="0">30</wcet>
            <wcet number="1">60</wcet>
            <maxpow number="0.8117423873858964"/>
            <maxpow number="0.8117423873858964"/>
            <fprob>0.0</fprob>
        </actor>
        <actor name="D0N3">
            <wcet number="0">140</wcet>
            <wcet number="1">160</wcet>
            <maxpow number="0.357412055642828"/>
            <maxpow number="0.357412055642828"/>
            <fprob>0.0</fprob>
        </actor>
        <actor name="D0N15">
            <wcet number="0">180</wcet>
            <wcet number="1">190</wcet>
            <maxpow number="0.39532577901367977"/>
            <maxpow number="0.39532577901367977"/>
            <fprob>0.0</fprob>
        </actor>
        <actor name="D0N7">
            <wcet number="0">20</wcet>
            <wcet number="1">110</wcet>
            <maxpow number="0.3936270989584073"/>
            <maxpow number="0.3936270989584073"/>
            <fprob>0.0</fprob>
        </actor>
        <actor name="D0N29">
            <wcet number="0">20</wcet>
            <wcet number="1">20</wcet>
            <maxpow number="1.1077024371000395"/>
            <maxpow number="1.1077024371000395"/>
            <fprob>0.0</fprob>
        </actor>
        <actor name="D0N21">
            <wcet number="0">60</wcet>
            <wcet number="1">60</wcet>
            <maxpow number="0.467261352447199"/>
            <maxpow number="0.467261352447199"/>
            <fprob>0.0</fprob>
        </actor>
        <actor name="D0N9">
            <wcet number="0">40</wcet>
            <wcet number="1">40</wcet>
            <maxpow number="0.4248709971295514"/>
            <maxpow number="0.4248709971295514"/>
            <fprob>0.0</fprob>
        </actor>
        <actor name="D0N18">
            <wcet number="0">30</wcet>
            <wcet number="1">30</wcet>
            <maxpow number="0.1853323728747049"/>
            <maxpow number="0.1853323728747049"/>
            <fprob>0.0</fprob>
        </actor>
        <actor name="D0N38">
            <wcet number="0">10</wcet>
            <wcet number="1">20</wcet>
            <maxpow number="0.46158252825261936"/>
            <maxpow number="0.46158252825261936"/>
            <fprob>0.0</fprob>
        </actor>
        <actor name="D0N5">
            <wcet number="0">10</wcet>
            <wcet number="1">10</wcet>
            <maxpow number="0.5183002695458818"/>
            <maxpow number="0.5183002695458818"/>
            <fprob>0.0</fprob>
        </actor>
        <actor name="D0N20">
            <wcet number="0">20</wcet>
            <wcet number="1">30</wcet>
            <maxpow number="0.652385850229489"/>
            <maxpow number="0.652385850229489"/>
            <fprob>0.0</fprob>
        </actor>
        <actor name="D0N4">
            <wcet number="0">10</wcet>
            <wcet number="1">10</wcet>
            <maxpow number="0.30827351485372734"/>
            <maxpow number="0.30827351485372734"/>
            <fprob>0.0</fprob>
        </actor>
        <actor name="D0N27">
            <wcet number="0">10</wcet>
            <wcet number="1">40</wcet>
            <maxpow number="0.2153737433159621"/>
            <maxpow number="0.2153737433159621"/>
            <fprob>0.0</fprob>
        </actor>
        <actor name="D0N46">
            <wcet number="0">100</wcet>
            <wcet number="1">110</wcet>
            <maxpow number="0.1377898236923384"/>
            <maxpow number="0.1377898236923384"/>
            <fprob>0.0</fprob>
        </actor>
        <actor name="D0N8">
            <wcet number="0">130</wcet>
            <wcet number="1">180</wcet>
            <maxpow number="0.5116435485135197"/>
            <maxpow number="0.5116435485135197"/>
            <fprob>0.0</fprob>
        </actor>
        <actor name="D0N34">
            <wcet number="0">10</wcet>
            <wcet number="1">20</wcet>
            <maxpow number="0.35155333718615545"/>
            <maxpow number="0.35155333718615545"/>
            <fprob>0.0</fprob>
        </actor>
        <actor name="D0N1">
            <wcet number="0">140</wcet>
            <wcet number="1">150</wcet>
            <maxpow number="0.6101600412983079"/>
            <maxpow number="0.6101600412983079"/>
            <fprob>0.0</fprob>
        </actor>
        <actor name="D0N0">
            <wcet number="0">40</wcet>
            <wcet number="1">50</wcet>
            <maxpow number="0.8157389060409868"/>
            <maxpow number="0.8157389060409868"/>
            <fprob>0.0</fprob>
        </actor>
        <actor name="D0N25">
            <wcet number="0">50</wcet>
            <wcet number="1">130</wcet>
            <maxpow number="0.4179231876848003"/>
            <maxpow number="0.4179231876848003"/>
            <fprob>0.0</fprob>
        </actor>
        <actor name="D0N36">
            <wcet number="0">40</wcet>
            <wcet number="1">40</wcet>
            <maxpow number="0.4236277563376879"/>
            <maxpow number="0.4236277563376879"/>
            <fprob>0.0</fprob>
        </actor>
        <actor name="D0N42">
            <wcet number="0">110</wcet>
            <wcet number="1">220</wcet>
            <maxpow number="1.0647294496365363"/>
            <maxpow number="1.0647294496365363"/>
            <fprob>0.0</fprob>
        </actor>
        <actor name="D0N26">
            <wcet number="0">10</wcet>
            <wcet number="1">230</wcet>
            <maxpow number="0.47581921538129723"/>
            <maxpow number="0.47581921538129723"/>
            <fprob>0.0</fprob>
        </actor>
        <actor name="D0N43">
            <wcet number="0">10</wcet>
            <wcet number="1">90</wcet>
            <maxpow number="0.7287345166232096"/>
            <maxpow number="0.7287345166232096"/>
            <fprob>0.0</fprob>
        </actor>
        <actor name="D0N41">
            <wcet number="0">20</wcet>
            <wcet number="1">80</wcet>
            <maxpow number="0.637605627287934"/>
            <maxpow number="0.637605627287934"/>
            <fprob>0.0</fprob>
        </actor>
        <actor name="D0N23">
            <wcet number="0">210</wcet>
            <wcet number="1">250</wcet>
            <maxpow number="0.6471851948152053"/>
            <maxpow number="0.6471851948152053"/>
            <fprob>0.0</fprob>
        </actor>
        <actor name="D0N24">
            <wcet number="0">60</wcet>
            <wcet number="1">80</wcet>
            <maxpow number="0.24500803021849"/>
            <maxpow number="0.24500803021849"/>
            <fprob>0.0</fprob>
        </actor>
        <actor name="D0N32">
            <wcet number="0">10</wcet>
            <wcet number="1">100</wcet>
            <maxpow number="0.44261948569899634"/>
            <maxpow number="0.44261948569899634"/>
            <fprob>0.0</fprob>
        </actor>
        <actor name="D0N39">
            <wcet number="0">10</wcet>
            <wcet number="1">30</wcet>
            <maxpow number="0.5854088362236474"/>
            <maxpow number="0.5854088362236474"/>
            <fprob>0.0</fprob>
        </actor>
        <actor name="D0N28">
            <wcet number="0">20</wcet>
            <wcet number="1">80</wcet>
            <maxpow number="0.6936107129572873"/>
            <maxpow number="0.6936107129572873"/>
            <fprob>0.0</fprob>
        </actor>
        <actor name="D0N12">
            <wcet number="0">20</wcet>
            <wcet number="1">20</wcet>
            <maxpow number="0.5562215383647086"/>
            <maxpow number="0.5562215383647086"/>
            <fprob>0.0</fprob>
        </actor>
        <actor name="D0N17">
            <wcet number="0">40</wcet>
            <wcet number="1">70</wcet>
            <maxpow number="0.3065129655436757"/>
            <maxpow number="0.3065129655436757"/>
            <fprob>0.0</fprob>
        </actor>
        <actor name="D0N6">
            <wcet number="0">40</wcet>
            <wcet number="1">40</wcet>
            <maxpow number="0.5825801210254995"/>
            <maxpow number="0.5825801210254995"/>
            <fprob>0.0</fprob>
        </actor>
        <actor name="D0N44">
            <wcet number="0">140</wcet>
            <wcet number="1">290</wcet>
            <maxpow number="0.5156223123914516"/>
            <maxpow number="0.5156223123914516"/>
            <fprob>0.0</fprob>
        </actor>
        <actor name="D0N45">
            <wcet number="0">10</wcet>
            <wcet number="1">10</wcet>
            <maxpow number="0.7364036388058615"/>
            <maxpow number="0.7364036388058615"/>
            <fprob>0.0</fprob>
        </actor>
        <actor name="D0N35">
            <wcet number="0">20</wcet>
            <wcet number="1">30</wcet>
            <maxpow number="0.522642571458345"/>
            <maxpow number="0.522642571458345"/>
            <fprob>0.0</fprob>
        </actor>
        <actor name="D0N13">
            <wcet number="0">60</wcet>
            <wcet number="1">70</wcet>
            <maxpow number="0.02588829542589377"/>
            <maxpow number="0.02588829542589377"/>
            <fprob>0.0</fprob>
        </actor>
        <actor name="D0N10">
            <wcet number="0">150</wcet>
            <wcet number="1">150</wcet>
            <maxpow number="0.5489328655886575"/>
            <maxpow number="0.5489328655886575"/>
            <fprob>0.0</fprob>
        </actor>
        <actor name="D0N19">
            <wcet number="0">220</wcet>
            <wcet number="1">360</wcet>
            <maxpow number="0.6175907617146995"/>
            <maxpow number="0.6175907617146995"/>
            <fprob>0.0</fprob>
        </actor>
        <actor name="D0N22">
            <wcet number="0">50</wcet>
            <wcet number="1">60</wcet>
            <maxpow number="0.45285649535649297"/>
            <maxpow number="0.45285649535649297"/>
            <fprob>0.0</fprob>
        </actor>
        <ports>
            <port dstActor="D0N43" name="p0" srcActor="D0N2"/>
            <port dstActor="D0N34" name="p1" srcActor="D0N2"/>
            <port dstActor="D0N11" name="p2" srcActor="D0N2"/>
            <port dstActor="D0N35" name="p3" srcActor="D0N31"/>
            <port dstActor="D0N41" name="p4" srcActor="D0N37"/>
            <port dstActor="D0N43" name="p5" srcActor="D0N37"/>
            <port dstActor="D0N45" name="p6" srcActor="D0N37"/>
            <port dstActor="D0N23" name="p7" srcActor="D0N14"/>
            <port dstActor="D0N31" name="p8" srcActor="D0N14"/>
            <port dstActor="D0N36" name="p9" srcActor="D0N33"/>
            <port dstActor="D0N17" name="p10" srcActor="D0N16"/>
            <port dstActor="D0N31" name="p11" srcActor="D0N16"/>
            <port dstActor="D0N43" name="p12" srcActor="D0N16"/>
            <port dstActor="D0N30" name="p13" srcActor="D0N3"/>
            <port dstActor="D0N26" name="p14" srcActor="D0N3"/>
            <port dstActor="D0N34" name="p15" srcActor="D0N3"/>
            <port dstActor="D0N18" name="p16" srcActor="D0N3"/>
            <port dstActor="D0N29" name="p17" srcActor="D0N3"/>
            <port dstActor="D0N27" name="p18" srcActor="D0N15"/>
            <port dstActor="D0N28" name="p19" srcActor="D0N15"/>
            <port dstActor="D0N35" name="p20" srcActor="D0N15"/>
            <port dstActor="D0N46" name="p21" srcActor="D0N15"/>
            <port dstActor="D0N32" name="p22" srcActor="D0N7"/>
            <port dstActor="D0N37" name="p23" srcActor="D0N7"/>
            <port dstActor="D0N36" name="p24" srcActor="D0N7"/>
            <port dstActor="D0N38" name="p25" srcActor="D0N7"/>
            <port dstActor="D0N46" name="p26" srcActor="D0N29"/>
            <port dstActor="D0N27" name="p27" srcActor="D0N21"/>
            <port dstActor="D0N20" name="p28" srcActor="D0N9"/>
            <port dstActor="D0N43" name="p29" srcActor="D0N9"/>
            <port dstActor="D0N30" name="p30" srcActor="D0N9"/>
            <port dstActor="D0N34" name="p31" srcActor="D0N9"/>
            <port dstActor="D0N23" name="p32" srcActor="D0N9"/>
            <port dstActor="D0N41" name="p33" srcActor="D0N18"/>
            <port dstActor="D0N46" name="p34" srcActor="D0N18"/>
            <port dstActor="D0N28" name="p35" srcActor="D0N18"/>
            <port dstActor="D0N46" name="p36" srcActor="D0N38"/>
            <port dstActor="D0N41" name="p37" srcActor="D0N38"/>
            <port dstActor="D0N43" name="p38" srcActor="D0N5"/>
            <port dstActor="D0N24" name="p39" srcActor="D0N5"/>
            <port dstActor="D0N35" name="p40" srcActor="D0N5"/>
            <port dstActor="D0N46" name="p41" srcActor="D0N20"/>
            <port dstActor="D0N29" name="p42" srcActor="D0N20"/>
            <port dstActor="D0N25" name="p43" srcActor="D0N20"/>
            <port dstActor="D0N37" name="p44" srcActor="D0N4"/>
            <port dstActor="D0N32" name="p45" srcActor="D0N4"/>
            <port dstActor="D0N28" name="p46" srcActor="D0N27"/>
            <port dstActor="D0N21" name="p47" srcActor="D0N8"/>
            <port dstActor="D0N40" name="p48" srcActor="D0N8"/>
            <port dstActor="D0N32" name="p49" srcActor="D0N8"/>
            <port dstActor="D0N9" name="p50" srcActor="D0N8"/>
            <port dstActor="D0N41" name="p51" srcActor="D0N8"/>
            <port dstActor="D0N43" name="p52" srcActor="D0N34"/>
            <port dstActor="D0N33" name="p53" srcActor="D0N1"/>
            <port dstActor="D0N7" name="p54" srcActor="D0N1"/>
            <port dstActor="D0N31" name="p55" srcActor="D0N25"/>
            <port dstActor="D0N33" name="p56" srcActor="D0N25"/>
            <port dstActor="D0N39" name="p57" srcActor="D0N25"/>
            <port dstActor="D0N41" name="p58" srcActor="D0N36"/>
            <port dstActor="D0N38" name="p59" srcActor="D0N36"/>
            <port dstActor="D0N45" name="p60" srcActor="D0N26"/>
            <port dstActor="D0N41" name="p61" srcActor="D0N26"/>
            <port dstActor="D0N42" name="p62" srcActor="D0N26"/>
            <port dstActor="D0N39" name="p63" srcActor="D0N26"/>
            <port dstActor="D0N44" name="p64" srcActor="D0N43"/>
            <port dstActor="D0N46" name="p65" srcActor="D0N43"/>
            <port dstActor="D0N28" name="p66" srcActor="D0N23"/>
            <port dstActor="D0N40" name="p67" srcActor="D0N23"/>
            <port dstActor="D0N38" name="p68" srcActor="D0N23"/>
            <port dstActor="D0N32" name="p69" srcActor="D0N23"/>
            <port dstActor="D0N35" name="p70" srcActor="D0N23"/>
            <port dstActor="D0N24" name="p71" srcActor="D0N23"/>
            <port dstActor="D0N41" name="p72" srcActor="D0N24"/>
            <port dstActor="D0N40" name="p73" srcActor="D0N32"/>
            <port dstActor="D0N41" name="p74" srcActor="D0N39"/>
            <port dstActor="D0N40" name="p75" srcActor="D0N39"/>
            <port dstActor="D0N40" name="p76" srcActor="D0N28"/>
            <port dstActor="D0N39" name="p77" srcActor="D0N28"/>
            <port dstActor="D0N24" name="p78" srcActor="D0N12"/>
            <port dstActor="D0N32" name="p79" srcActor="D0N12"/>
            <port dstActor="D0N13" name="p80" srcActor="D0N12"/>
            <port dstActor="D0N32" name="p81" srcActor="D0N17"/>
            <port dstActor="D0N29" name="p82" srcActor="D0N6"/>
            <port dstActor="D0N21" name="p83" srcActor="D0N6"/>
            <port dstActor="D0N42" name="p84" srcActor="D0N35"/>
            <port dstActor="D0N39" name="p85" srcActor="D0N13"/>
            <port dstActor="D0N42" name="p86" srcActor="D0N13"/>
            <port dstActor="D0N46" name="p87" srcActor="D0N13"/>
            <port dstActor="D0N15" name="p88" srcActor="D0N13"/>
            <port dstActor="D0N26" name="p89" srcActor="D0N13"/>
            <port dstActor="D0N27" name="p90" srcActor="D0N10"/>
            <port dstActor="D0N12" name="p91" srcActor="D0N10"/>
            <port dstActor="D0N33" name="p92" srcActor="D0N10"/>
            <port dstActor="D0N30" name="p93" srcActor="D0N19"/>
            <port dstActor="D0N37" name="p94" srcActor="D0N19"/>
            <port dstActor="D0N32" name="p95" srcActor="D0N19"/>
            <port dstActor="D0N35" name="p96" srcActor="D0N19"/>
            <port dstActor="D0N24" name="p97" srcActor="D0N19"/>
            <port dstActor="D0N39" name="p98" srcActor="D0N22"/>
            <port dstActor="D0N23" name="p99" srcActor="D0N22"/>
        </ports>
    </mcdag>
    <cores number="3"/>
    <levels number="2"/>
</mcsystem>
