<?xml version="1.0" encoding="UTF-8" standalone="no"?>
<mcsystem>
    <mcdag deadline="2200" name="genned-0-ed-10.0-0">
        <actor name="D0N23">
            <wcet number="0">20</wcet>
            <wcet number="1">20</wcet>
            <maxpow number="0.5708576081869591"/>
            <maxpow number="0.5708576081869591"/>
            <fprob>0.0</fprob>
        </actor>
        <actor name="D0N6">
            <wcet number="0">90</wcet>
            <wcet number="1">100</wcet>
            <maxpow number="0.6556244935637412"/>
            <maxpow number="0.6556244935637412"/>
            <fprob>0.0</fprob>
        </actor>
        <actor name="D0N27">
            <wcet number="0">30</wcet>
            <wcet number="1">40</wcet>
            <maxpow number="0.4474627136443391"/>
            <maxpow number="0.4474627136443391"/>
            <fprob>0.0</fprob>
        </actor>
        <actor name="D0N12">
            <wcet number="0">10</wcet>
            <wcet number="1">10</wcet>
            <maxpow number="0.5125688057072841"/>
            <maxpow number="0.5125688057072841"/>
            <fprob>0.0</fprob>
        </actor>
        <actor name="D0N20">
            <wcet number="0">10</wcet>
            <wcet number="1">10</wcet>
            <maxpow number="0.770433810784999"/>
            <maxpow number="0.770433810784999"/>
            <fprob>0.0</fprob>
        </actor>
        <actor name="D0N22">
            <wcet number="0">10</wcet>
            <wcet number="1">10</wcet>
            <maxpow number="0.477651410747152"/>
            <maxpow number="0.477651410747152"/>
            <fprob>0.0</fprob>
        </actor>
        <actor name="D0N26">
            <wcet number="0">120</wcet>
            <wcet number="1">210</wcet>
            <maxpow number="0.5098646972792665"/>
            <maxpow number="0.5098646972792665"/>
            <fprob>0.0</fprob>
        </actor>
        <actor name="D0N14">
            <wcet number="0">10</wcet>
            <wcet number="1">10</wcet>
            <maxpow number="0.6308247602725325"/>
            <maxpow number="0.6308247602725325"/>
            <fprob>0.0</fprob>
        </actor>
        <actor name="D0N16">
            <wcet number="0">60</wcet>
            <wcet number="1">200</wcet>
            <maxpow number="0.5526804756015745"/>
            <maxpow number="0.5526804756015745"/>
            <fprob>0.0</fprob>
        </actor>
        <actor name="D0N40">
            <wcet number="0">90</wcet>
            <wcet number="1">190</wcet>
            <maxpow number="0.6594051067872151"/>
            <maxpow number="0.6594051067872151"/>
            <fprob>0.0</fprob>
        </actor>
        <actor name="D0N30">
            <wcet number="0">100</wcet>
            <wcet number="1">100</wcet>
            <maxpow number="0.7495378163354259"/>
            <maxpow number="0.7495378163354259"/>
            <fprob>0.0</fprob>
        </actor>
        <actor name="D0N19">
            <wcet number="0">80</wcet>
            <wcet number="1">140</wcet>
            <maxpow number="0.41819466885254564"/>
            <maxpow number="0.41819466885254564"/>
            <fprob>0.0</fprob>
        </actor>
        <actor name="D0N44">
            <wcet number="0">20</wcet>
            <wcet number="1">20</wcet>
            <maxpow number="0.5919016730471077"/>
            <maxpow number="0.5919016730471077"/>
            <fprob>0.0</fprob>
        </actor>
        <actor name="D0N18">
            <wcet number="0">30</wcet>
            <wcet number="1">70</wcet>
            <maxpow number="0.42509228390001624"/>
            <maxpow number="0.42509228390001624"/>
            <fprob>0.0</fprob>
        </actor>
        <actor name="D0N41">
            <wcet number="0">70</wcet>
            <wcet number="1">100</wcet>
            <maxpow number="0.39430306503549095"/>
            <maxpow number="0.39430306503549095"/>
            <fprob>0.0</fprob>
        </actor>
        <actor name="D0N4">
            <wcet number="0">70</wcet>
            <wcet number="1">180</wcet>
            <maxpow number="0.603696288626177"/>
            <maxpow number="0.603696288626177"/>
            <fprob>0.0</fprob>
        </actor>
        <actor name="D0N9">
            <wcet number="0">90</wcet>
            <wcet number="1">100</wcet>
            <maxpow number="0.31843532349730524"/>
            <maxpow number="0.31843532349730524"/>
            <fprob>0.0</fprob>
        </actor>
        <actor name="D0N25">
            <wcet number="0">40</wcet>
            <wcet number="1">140</wcet>
            <maxpow number="0.6725187837583255"/>
            <maxpow number="0.6725187837583255"/>
            <fprob>0.0</fprob>
        </actor>
        <actor name="D0N42">
            <wcet number="0">30</wcet>
            <wcet number="1">80</wcet>
            <maxpow number="0.6243010752201861"/>
            <maxpow number="0.6243010752201861"/>
            <fprob>0.0</fprob>
        </actor>
        <actor name="D0N28">
            <wcet number="0">80</wcet>
            <wcet number="1">100</wcet>
            <maxpow number="0.2695985519210657"/>
            <maxpow number="0.2695985519210657"/>
            <fprob>0.0</fprob>
        </actor>
        <actor name="D0N43">
            <wcet number="0">380</wcet>
            <wcet number="1">410</wcet>
            <maxpow number="0.36931454152433085"/>
            <maxpow number="0.36931454152433085"/>
            <fprob>0.0</fprob>
        </actor>
        <actor name="D0N5">
            <wcet number="0">10</wcet>
            <wcet number="1">10</wcet>
            <maxpow number="0.8541676306862146"/>
            <maxpow number="0.8541676306862146"/>
            <fprob>0.0</fprob>
        </actor>
        <actor name="D0N2">
            <wcet number="0">20</wcet>
            <wcet number="1">190</wcet>
            <maxpow number="0.44133647099311063"/>
            <maxpow number="0.44133647099311063"/>
            <fprob>0.0</fprob>
        </actor>
        <actor name="D0N8">
            <wcet number="0">10</wcet>
            <wcet number="1">10</wcet>
            <maxpow number="0.7000620412906968"/>
            <maxpow number="0.7000620412906968"/>
            <fprob>0.0</fprob>
        </actor>
        <actor name="D0N24">
            <wcet number="0">20</wcet>
            <wcet number="1">40</wcet>
            <maxpow number="0.5523998549333241"/>
            <maxpow number="0.5523998549333241"/>
            <fprob>0.0</fprob>
        </actor>
        <actor name="D0N34">
            <wcet number="0">30</wcet>
            <wcet number="1">50</wcet>
            <maxpow number="0.5188747857079224"/>
            <maxpow number="0.5188747857079224"/>
            <fprob>0.0</fprob>
        </actor>
        <actor name="D0N0">
            <wcet number="0">30</wcet>
            <wcet number="1">40</wcet>
            <maxpow number="0.912857999882922"/>
            <maxpow number="0.912857999882922"/>
            <fprob>0.0</fprob>
        </actor>
        <actor name="D0N10">
            <wcet number="0">10</wcet>
            <wcet number="1">20</wcet>
            <maxpow number="0.6683274430252892"/>
            <maxpow number="0.6683274430252892"/>
            <fprob>0.0</fprob>
        </actor>
        <actor name="D0N39">
            <wcet number="0">10</wcet>
            <wcet number="1">250</wcet>
            <maxpow number="0.5266430806493838"/>
            <maxpow number="0.5266430806493838"/>
            <fprob>0.0</fprob>
        </actor>
        <actor name="D0N31">
            <wcet number="0">50</wcet>
            <wcet number="1">60</wcet>
            <maxpow number="0.34307238776587134"/>
            <maxpow number="0.34307238776587134"/>
            <fprob>0.0</fprob>
        </actor>
        <actor name="D0N11">
            <wcet number="0">40</wcet>
            <wcet number="1">110</wcet>
            <maxpow number="0.5387276107772154"/>
            <maxpow number="0.5387276107772154"/>
            <fprob>0.0</fprob>
        </actor>
        <actor name="D0N35">
            <wcet number="0">20</wcet>
            <wcet number="1">30</wcet>
            <maxpow number="0.5961924637768486"/>
            <maxpow number="0.5961924637768486"/>
            <fprob>0.0</fprob>
        </actor>
        <actor name="D0N13">
            <wcet number="0">120</wcet>
            <wcet number="1">160</wcet>
            <maxpow number="0.31785325287207056"/>
            <maxpow number="0.31785325287207056"/>
            <fprob>0.0</fprob>
        </actor>
        <actor name="D0N36">
            <wcet number="0">10</wcet>
            <wcet number="1">50</wcet>
            <maxpow number="0.558928093110055"/>
            <maxpow number="0.558928093110055"/>
            <fprob>0.0</fprob>
        </actor>
        <actor name="D0N17">
            <wcet number="0">10</wcet>
            <wcet number="1">10</wcet>
            <maxpow number="0.7343174686581118"/>
            <maxpow number="0.7343174686581118"/>
            <fprob>0.0</fprob>
        </actor>
        <actor name="D0N38">
            <wcet number="0">10</wcet>
            <wcet number="1">20</wcet>
            <maxpow number="0.5781573554041923"/>
            <maxpow number="0.5781573554041923"/>
            <fprob>0.0</fprob>
        </actor>
        <actor name="D0N3">
            <wcet number="0">130</wcet>
            <wcet number="1">230</wcet>
            <maxpow number="0.5059113248055038"/>
            <maxpow number="0.5059113248055038"/>
            <fprob>0.0</fprob>
        </actor>
        <actor name="D0N1">
            <wcet number="0">30</wcet>
            <wcet number="1">210</wcet>
            <maxpow number="0.6563903355739831"/>
            <maxpow number="0.6563903355739831"/>
            <fprob>0.0</fprob>
        </actor>
        <actor name="D0N32">
            <wcet number="0">20</wcet>
            <wcet number="1">20</wcet>
            <maxpow number="0.5185373586229756"/>
            <maxpow number="0.5185373586229756"/>
            <fprob>0.0</fprob>
        </actor>
        <actor name="D0N37">
            <wcet number="0">30</wcet>
            <wcet number="1">280</wcet>
            <maxpow number="0.6929952031241592"/>
            <maxpow number="0.6929952031241592"/>
            <fprob>0.0</fprob>
        </actor>
        <actor name="D0N15">
            <wcet number="0">10</wcet>
            <wcet number="1">20</wcet>
            <maxpow number="0.687121745934809"/>
            <maxpow number="0.687121745934809"/>
            <fprob>0.0</fprob>
        </actor>
        <actor name="D0N29">
            <wcet number="0">100</wcet>
            <wcet number="1">160</wcet>
            <maxpow number="0.8487334944675915"/>
            <maxpow number="0.8487334944675915"/>
            <fprob>0.0</fprob>
        </actor>
        <actor name="D0N33">
            <wcet number="0">60</wcet>
            <wcet number="1">120</wcet>
            <maxpow number="0.5526899982458203"/>
            <maxpow number="0.5526899982458203"/>
            <fprob>0.0</fprob>
        </actor>
        <actor name="D0N7">
            <wcet number="0">60</wcet>
            <wcet number="1">60</wcet>
            <maxpow number="0.3316165333089578"/>
            <maxpow number="0.3316165333089578"/>
            <fprob>0.0</fprob>
        </actor>
        <actor name="D0N21">
            <wcet number="0">10</wcet>
            <wcet number="1">10</wcet>
            <maxpow number="0.8451210517660898"/>
            <maxpow number="0.8451210517660898"/>
            <fprob>0.0</fprob>
        </actor>
        <ports>
            <port dstActor="D0N39" name="p0" srcActor="D0N23"/>
            <port dstActor="D0N29" name="p1" srcActor="D0N23"/>
            <port dstActor="D0N24" name="p2" srcActor="D0N23"/>
            <port dstActor="D0N42" name="p3" srcActor="D0N6"/>
            <port dstActor="D0N20" name="p4" srcActor="D0N6"/>
            <port dstActor="D0N7" name="p5" srcActor="D0N6"/>
            <port dstActor="D0N38" name="p6" srcActor="D0N27"/>
            <port dstActor="D0N27" name="p7" srcActor="D0N12"/>
            <port dstActor="D0N14" name="p8" srcActor="D0N12"/>
            <port dstActor="D0N19" name="p9" srcActor="D0N12"/>
            <port dstActor="D0N27" name="p10" srcActor="D0N20"/>
            <port dstActor="D0N31" name="p11" srcActor="D0N14"/>
            <port dstActor="D0N42" name="p12" srcActor="D0N14"/>
            <port dstActor="D0N30" name="p13" srcActor="D0N14"/>
            <port dstActor="D0N40" name="p14" srcActor="D0N14"/>
            <port dstActor="D0N27" name="p15" srcActor="D0N14"/>
            <port dstActor="D0N22" name="p16" srcActor="D0N14"/>
            <port dstActor="D0N41" name="p17" srcActor="D0N14"/>
            <port dstActor="D0N25" name="p18" srcActor="D0N16"/>
            <port dstActor="D0N43" name="p19" srcActor="D0N40"/>
            <port dstActor="D0N43" name="p20" srcActor="D0N30"/>
            <port dstActor="D0N30" name="p21" srcActor="D0N19"/>
            <port dstActor="D0N43" name="p22" srcActor="D0N19"/>
            <port dstActor="D0N29" name="p23" srcActor="D0N19"/>
            <port dstActor="D0N44" name="p24" srcActor="D0N19"/>
            <port dstActor="D0N39" name="p25" srcActor="D0N18"/>
            <port dstActor="D0N41" name="p26" srcActor="D0N18"/>
            <port dstActor="D0N38" name="p27" srcActor="D0N4"/>
            <port dstActor="D0N8" name="p28" srcActor="D0N4"/>
            <port dstActor="D0N10" name="p29" srcActor="D0N4"/>
            <port dstActor="D0N37" name="p30" srcActor="D0N9"/>
            <port dstActor="D0N41" name="p31" srcActor="D0N9"/>
            <port dstActor="D0N23" name="p32" srcActor="D0N9"/>
            <port dstActor="D0N29" name="p33" srcActor="D0N9"/>
            <port dstActor="D0N19" name="p34" srcActor="D0N9"/>
            <port dstActor="D0N42" name="p35" srcActor="D0N25"/>
            <port dstActor="D0N35" name="p36" srcActor="D0N25"/>
            <port dstActor="D0N31" name="p37" srcActor="D0N28"/>
            <port dstActor="D0N21" name="p38" srcActor="D0N5"/>
            <port dstActor="D0N37" name="p39" srcActor="D0N5"/>
            <port dstActor="D0N19" name="p40" srcActor="D0N5"/>
            <port dstActor="D0N8" name="p41" srcActor="D0N2"/>
            <port dstActor="D0N4" name="p42" srcActor="D0N2"/>
            <port dstActor="D0N40" name="p43" srcActor="D0N2"/>
            <port dstActor="D0N14" name="p44" srcActor="D0N2"/>
            <port dstActor="D0N37" name="p45" srcActor="D0N2"/>
            <port dstActor="D0N43" name="p46" srcActor="D0N8"/>
            <port dstActor="D0N10" name="p47" srcActor="D0N8"/>
            <port dstActor="D0N29" name="p48" srcActor="D0N24"/>
            <port dstActor="D0N41" name="p49" srcActor="D0N24"/>
            <port dstActor="D0N40" name="p50" srcActor="D0N34"/>
            <port dstActor="D0N44" name="p51" srcActor="D0N34"/>
            <port dstActor="D0N17" name="p52" srcActor="D0N10"/>
            <port dstActor="D0N16" name="p53" srcActor="D0N10"/>
            <port dstActor="D0N33" name="p54" srcActor="D0N10"/>
            <port dstActor="D0N29" name="p55" srcActor="D0N11"/>
            <port dstActor="D0N15" name="p56" srcActor="D0N11"/>
            <port dstActor="D0N12" name="p57" srcActor="D0N11"/>
            <port dstActor="D0N34" name="p58" srcActor="D0N11"/>
            <port dstActor="D0N43" name="p59" srcActor="D0N36"/>
            <port dstActor="D0N25" name="p60" srcActor="D0N3"/>
            <port dstActor="D0N22" name="p61" srcActor="D0N1"/>
            <port dstActor="D0N44" name="p62" srcActor="D0N37"/>
            <port dstActor="D0N19" name="p63" srcActor="D0N15"/>
            <port dstActor="D0N28" name="p64" srcActor="D0N15"/>
            <port dstActor="D0N33" name="p65" srcActor="D0N15"/>
            <port dstActor="D0N17" name="p66" srcActor="D0N15"/>
            <port dstActor="D0N32" name="p67" srcActor="D0N29"/>
            <port dstActor="D0N34" name="p68" srcActor="D0N29"/>
            <port dstActor="D0N38" name="p69" srcActor="D0N33"/>
            <port dstActor="D0N41" name="p70" srcActor="D0N33"/>
            <port dstActor="D0N10" name="p71" srcActor="D0N7"/>
            <port dstActor="D0N13" name="p72" srcActor="D0N7"/>
        </ports>
    </mcdag>
    <cores number="2"/>
    <levels number="2"/>
</mcsystem>
