<?xml version="1.0" encoding="UTF-8" standalone="no"?>
<mcsystem>
    <mcdag deadline="5000" name="genned-0-ed-10.0-0">
        <actor name="D0N2">
            <wcet number="0">570</wcet>
            <wcet number="1">750</wcet>
            <maxpow number="0.6367810858917252"/>
            <maxpow number="0.6367810858917252"/>
            <fprob>0.0</fprob>
        </actor>
        <actor name="D0N43">
            <wcet number="0">90</wcet>
            <wcet number="1">520</wcet>
            <maxpow number="0.6112089030325896"/>
            <maxpow number="0.6112089030325896"/>
            <fprob>0.0</fprob>
        </actor>
        <actor name="D0N24">
            <wcet number="0">70</wcet>
            <wcet number="1">90</wcet>
            <maxpow number="0.3809403203565158"/>
            <maxpow number="0.3809403203565158"/>
            <fprob>0.0</fprob>
        </actor>
        <actor name="D0N42">
            <wcet number="0">50</wcet>
            <wcet number="1">100</wcet>
            <maxpow number="0.20366129267469246"/>
            <maxpow number="0.20366129267469246"/>
            <fprob>0.0</fprob>
        </actor>
        <actor name="D0N13">
            <wcet number="0">10</wcet>
            <wcet number="1">10</wcet>
            <maxpow number="0.5760686045794711"/>
            <maxpow number="0.5760686045794711"/>
            <fprob>0.0</fprob>
        </actor>
        <actor name="D0N25">
            <wcet number="0">10</wcet>
            <wcet number="1">130</wcet>
            <maxpow number="0.6144553439821654"/>
            <maxpow number="0.6144553439821654"/>
            <fprob>0.0</fprob>
        </actor>
        <actor name="D0N16">
            <wcet number="0">110</wcet>
            <wcet number="1">120</wcet>
            <maxpow number="0.5096787737226065"/>
            <maxpow number="0.5096787737226065"/>
            <fprob>0.0</fprob>
        </actor>
        <actor name="D0N23">
            <wcet number="0">20</wcet>
            <wcet number="1">190</wcet>
            <maxpow number="0.6070688930636624"/>
            <maxpow number="0.6070688930636624"/>
            <fprob>0.0</fprob>
        </actor>
        <actor name="D0N37">
            <wcet number="0">240</wcet>
            <wcet number="1">250</wcet>
            <maxpow number="0.42601181630303464"/>
            <maxpow number="0.42601181630303464"/>
            <fprob>0.0</fprob>
        </actor>
        <actor name="D0N30">
            <wcet number="0">20</wcet>
            <wcet number="1">30</wcet>
            <maxpow number="0.4550472222479079"/>
            <maxpow number="0.4550472222479079"/>
            <fprob>0.0</fprob>
        </actor>
        <actor name="D0N3">
            <wcet number="0">30</wcet>
            <wcet number="1">30</wcet>
            <maxpow number="0.523709401680617"/>
            <maxpow number="0.523709401680617"/>
            <fprob>0.0</fprob>
        </actor>
        <actor name="D0N20">
            <wcet number="0">90</wcet>
            <wcet number="1">140</wcet>
            <maxpow number="0.3458650786395568"/>
            <maxpow number="0.3458650786395568"/>
            <fprob>0.0</fprob>
        </actor>
        <actor name="D0N18">
            <wcet number="0">70</wcet>
            <wcet number="1">300</wcet>
            <maxpow number="0.8585920620067591"/>
            <maxpow number="0.8585920620067591"/>
            <fprob>0.0</fprob>
        </actor>
        <actor name="D0N1">
            <wcet number="0">30</wcet>
            <wcet number="1">190</wcet>
            <maxpow number="0.11121832988050245"/>
            <maxpow number="0.11121832988050245"/>
            <fprob>0.0</fprob>
        </actor>
        <actor name="D0N8">
            <wcet number="0">70</wcet>
            <wcet number="1">80</wcet>
            <maxpow number="0.18951974454770154"/>
            <maxpow number="0.18951974454770154"/>
            <fprob>0.0</fprob>
        </actor>
        <actor name="D0N48">
            <wcet number="0">140</wcet>
            <wcet number="1">200</wcet>
            <maxpow number="0.30783888108288326"/>
            <maxpow number="0.30783888108288326"/>
            <fprob>0.0</fprob>
        </actor>
        <actor name="D0N21">
            <wcet number="0">30</wcet>
            <wcet number="1">80</wcet>
            <maxpow number="0.6198757290565112"/>
            <maxpow number="0.6198757290565112"/>
            <fprob>0.0</fprob>
        </actor>
        <actor name="D0N47">
            <wcet number="0">110</wcet>
            <wcet number="1">300</wcet>
            <maxpow number="0.5729661184947077"/>
            <maxpow number="0.5729661184947077"/>
            <fprob>0.0</fprob>
        </actor>
        <actor name="D0N33">
            <wcet number="0">330</wcet>
            <wcet number="1">400</wcet>
            <maxpow number="0.804311273275773"/>
            <maxpow number="0.804311273275773"/>
            <fprob>0.0</fprob>
        </actor>
        <actor name="D0N6">
            <wcet number="0">250</wcet>
            <wcet number="1">490</wcet>
            <maxpow number="0.8229369650185996"/>
            <maxpow number="0.8229369650185996"/>
            <fprob>0.0</fprob>
        </actor>
        <actor name="D0N44">
            <wcet number="0">10</wcet>
            <wcet number="1">90</wcet>
            <maxpow number="0.8319535904584874"/>
            <maxpow number="0.8319535904584874"/>
            <fprob>0.0</fprob>
        </actor>
        <actor name="D0N5">
            <wcet number="0">60</wcet>
            <wcet number="1">60</wcet>
            <maxpow number="0.6210522831840042"/>
            <maxpow number="0.6210522831840042"/>
            <fprob>0.0</fprob>
        </actor>
        <actor name="D0N15">
            <wcet number="0">90</wcet>
            <wcet number="1">150</wcet>
            <maxpow number="0.8742833541804786"/>
            <maxpow number="0.8742833541804786"/>
            <fprob>0.0</fprob>
        </actor>
        <actor name="D0N29">
            <wcet number="0">610</wcet>
            <wcet number="1">740</wcet>
            <maxpow number="0.6224408565414663"/>
            <maxpow number="0.6224408565414663"/>
            <fprob>0.0</fprob>
        </actor>
        <actor name="D0N49">
            <wcet number="0">30</wcet>
            <wcet number="1">30</wcet>
            <maxpow number="0.325134467527073"/>
            <maxpow number="0.325134467527073"/>
            <fprob>0.0</fprob>
        </actor>
        <actor name="D0N10">
            <wcet number="0">310</wcet>
            <wcet number="1">430</wcet>
            <maxpow number="0.47207818404978114"/>
            <maxpow number="0.47207818404978114"/>
            <fprob>0.0</fprob>
        </actor>
        <actor name="D0N31">
            <wcet number="0">100</wcet>
            <wcet number="1">120</wcet>
            <maxpow number="0.5478112820088059"/>
            <maxpow number="0.5478112820088059"/>
            <fprob>0.0</fprob>
        </actor>
        <actor name="D0N11">
            <wcet number="0">50</wcet>
            <wcet number="1">90</wcet>
            <maxpow number="0.21295732879822638"/>
            <maxpow number="0.21295732879822638"/>
            <fprob>0.0</fprob>
        </actor>
        <actor name="D0N0">
            <wcet number="0">160</wcet>
            <wcet number="1">160</wcet>
            <maxpow number="0.8379247934678344"/>
            <maxpow number="0.8379247934678344"/>
            <fprob>0.0</fprob>
        </actor>
        <actor name="D0N39">
            <wcet number="0">140</wcet>
            <wcet number="1">230</wcet>
            <maxpow number="0.5714098349252353"/>
            <maxpow number="0.5714098349252353"/>
            <fprob>0.0</fprob>
        </actor>
        <actor name="D0N38">
            <wcet number="0">60</wcet>
            <wcet number="1">100</wcet>
            <maxpow number="0.3525361307485404"/>
            <maxpow number="0.3525361307485404"/>
            <fprob>0.0</fprob>
        </actor>
        <actor name="D0N35">
            <wcet number="0">10</wcet>
            <wcet number="1">20</wcet>
            <maxpow number="0.7632049297823258"/>
            <maxpow number="0.7632049297823258"/>
            <fprob>0.0</fprob>
        </actor>
        <actor name="D0N17">
            <wcet number="0">320</wcet>
            <wcet number="1">320</wcet>
            <maxpow number="0.5232009482588287"/>
            <maxpow number="0.5232009482588287"/>
            <fprob>0.0</fprob>
        </actor>
        <actor name="D0N12">
            <wcet number="0">80</wcet>
            <wcet number="1">110</wcet>
            <maxpow number="1.0224718705037175"/>
            <maxpow number="1.0224718705037175"/>
            <fprob>0.0</fprob>
        </actor>
        <actor name="D0N32">
            <wcet number="0">20</wcet>
            <wcet number="1">20</wcet>
            <maxpow number="0.34365193417260537"/>
            <maxpow number="0.34365193417260537"/>
            <fprob>0.0</fprob>
        </actor>
        <actor name="D0N4">
            <wcet number="0">90</wcet>
            <wcet number="1">100</wcet>
            <maxpow number="0.5527939419464005"/>
            <maxpow number="0.5527939419464005"/>
            <fprob>0.0</fprob>
        </actor>
        <actor name="D0N27">
            <wcet number="0">100</wcet>
            <wcet number="1">430</wcet>
            <maxpow number="0.6328807270687876"/>
            <maxpow number="0.6328807270687876"/>
            <fprob>0.0</fprob>
        </actor>
        <actor name="D0N22">
            <wcet number="0">270</wcet>
            <wcet number="1">340</wcet>
            <maxpow number="0.3232700883908698"/>
            <maxpow number="0.3232700883908698"/>
            <fprob>0.0</fprob>
        </actor>
        <actor name="D0N7">
            <wcet number="0">10</wcet>
            <wcet number="1">90</wcet>
            <maxpow number="0.7182956098094501"/>
            <maxpow number="0.7182956098094501"/>
            <fprob>0.0</fprob>
        </actor>
        <actor name="D0N40">
            <wcet number="0">40</wcet>
            <wcet number="1">60</wcet>
            <maxpow number="0.09291303143125673"/>
            <maxpow number="0.09291303143125673"/>
            <fprob>0.0</fprob>
        </actor>
        <actor name="D0N9">
            <wcet number="0">170</wcet>
            <wcet number="1">590</wcet>
            <maxpow number="0.8205484372993687"/>
            <maxpow number="0.8205484372993687"/>
            <fprob>0.0</fprob>
        </actor>
        <actor name="D0N36">
            <wcet number="0">10</wcet>
            <wcet number="1">210</wcet>
            <maxpow number="0.7070832635227564"/>
            <maxpow number="0.7070832635227564"/>
            <fprob>0.0</fprob>
        </actor>
        <actor name="D0N14">
            <wcet number="0">150</wcet>
            <wcet number="1">360</wcet>
            <maxpow number="0.3254635906341513"/>
            <maxpow number="0.3254635906341513"/>
            <fprob>0.0</fprob>
        </actor>
        <actor name="D0N26">
            <wcet number="0">70</wcet>
            <wcet number="1">280</wcet>
            <maxpow number="0.4717028849319799"/>
            <maxpow number="0.4717028849319799"/>
            <fprob>0.0</fprob>
        </actor>
        <actor name="D0N19">
            <wcet number="0">60</wcet>
            <wcet number="1">80</wcet>
            <maxpow number="0.7417277380603478"/>
            <maxpow number="0.7417277380603478"/>
            <fprob>0.0</fprob>
        </actor>
        <actor name="D0N45">
            <wcet number="0">110</wcet>
            <wcet number="1">110</wcet>
            <maxpow number="0.6913100761735077"/>
            <maxpow number="0.6913100761735077"/>
            <fprob>0.0</fprob>
        </actor>
        <actor name="D0N46">
            <wcet number="0">100</wcet>
            <wcet number="1">100</wcet>
            <maxpow number="0.7205114121249553"/>
            <maxpow number="0.7205114121249553"/>
            <fprob>0.0</fprob>
        </actor>
        <actor name="D0N41">
            <wcet number="0">110</wcet>
            <wcet number="1">470</wcet>
            <maxpow number="0.6218965795789787"/>
            <maxpow number="0.6218965795789787"/>
            <fprob>0.0</fprob>
        </actor>
        <actor name="D0N34">
            <wcet number="0">30</wcet>
            <wcet number="1">120</wcet>
            <maxpow number="0.5172188170985765"/>
            <maxpow number="0.5172188170985765"/>
            <fprob>0.0</fprob>
        </actor>
        <actor name="D0N28">
            <wcet number="0">60</wcet>
            <wcet number="1">590</wcet>
            <maxpow number="0.48879070842705613"/>
            <maxpow number="0.48879070842705613"/>
            <fprob>0.0</fprob>
        </actor>
        <ports>
            <port dstActor="D0N28" name="p0" srcActor="D0N2"/>
            <port dstActor="D0N30" name="p1" srcActor="D0N2"/>
            <port dstActor="D0N38" name="p2" srcActor="D0N2"/>
            <port dstActor="D0N24" name="p3" srcActor="D0N2"/>
            <port dstActor="D0N23" name="p4" srcActor="D0N2"/>
            <port dstActor="D0N26" name="p5" srcActor="D0N2"/>
            <port dstActor="D0N10" name="p6" srcActor="D0N2"/>
            <port dstActor="D0N42" name="p7" srcActor="D0N24"/>
            <port dstActor="D0N30" name="p8" srcActor="D0N24"/>
            <port dstActor="D0N35" name="p9" srcActor="D0N24"/>
            <port dstActor="D0N25" name="p10" srcActor="D0N13"/>
            <port dstActor="D0N15" name="p11" srcActor="D0N13"/>
            <port dstActor="D0N48" name="p12" srcActor="D0N25"/>
            <port dstActor="D0N43" name="p13" srcActor="D0N25"/>
            <port dstActor="D0N22" name="p14" srcActor="D0N16"/>
            <port dstActor="D0N32" name="p15" srcActor="D0N16"/>
            <port dstActor="D0N27" name="p16" srcActor="D0N23"/>
            <port dstActor="D0N38" name="p17" srcActor="D0N23"/>
            <port dstActor="D0N39" name="p18" srcActor="D0N37"/>
            <port dstActor="D0N42" name="p19" srcActor="D0N30"/>
            <port dstActor="D0N43" name="p20" srcActor="D0N30"/>
            <port dstActor="D0N47" name="p21" srcActor="D0N30"/>
            <port dstActor="D0N32" name="p22" srcActor="D0N30"/>
            <port dstActor="D0N31" name="p23" srcActor="D0N30"/>
            <port dstActor="D0N33" name="p24" srcActor="D0N30"/>
            <port dstActor="D0N35" name="p25" srcActor="D0N30"/>
            <port dstActor="D0N20" name="p26" srcActor="D0N3"/>
            <port dstActor="D0N22" name="p27" srcActor="D0N3"/>
            <port dstActor="D0N13" name="p28" srcActor="D0N3"/>
            <port dstActor="D0N16" name="p29" srcActor="D0N3"/>
            <port dstActor="D0N34" name="p30" srcActor="D0N3"/>
            <port dstActor="D0N4" name="p31" srcActor="D0N3"/>
            <port dstActor="D0N25" name="p32" srcActor="D0N20"/>
            <port dstActor="D0N47" name="p33" srcActor="D0N20"/>
            <port dstActor="D0N49" name="p34" srcActor="D0N18"/>
            <port dstActor="D0N45" name="p35" srcActor="D0N18"/>
            <port dstActor="D0N26" name="p36" srcActor="D0N18"/>
            <port dstActor="D0N19" name="p37" srcActor="D0N18"/>
            <port dstActor="D0N47" name="p38" srcActor="D0N18"/>
            <port dstActor="D0N18" name="p39" srcActor="D0N1"/>
            <port dstActor="D0N38" name="p40" srcActor="D0N1"/>
            <port dstActor="D0N39" name="p41" srcActor="D0N1"/>
            <port dstActor="D0N8" name="p42" srcActor="D0N1"/>
            <port dstActor="D0N25" name="p43" srcActor="D0N1"/>
            <port dstActor="D0N36" name="p44" srcActor="D0N1"/>
            <port dstActor="D0N28" name="p45" srcActor="D0N8"/>
            <port dstActor="D0N15" name="p46" srcActor="D0N8"/>
            <port dstActor="D0N24" name="p47" srcActor="D0N8"/>
            <port dstActor="D0N49" name="p48" srcActor="D0N48"/>
            <port dstActor="D0N36" name="p49" srcActor="D0N21"/>
            <port dstActor="D0N38" name="p50" srcActor="D0N21"/>
            <port dstActor="D0N35" name="p51" srcActor="D0N21"/>
            <port dstActor="D0N46" name="p52" srcActor="D0N21"/>
            <port dstActor="D0N47" name="p53" srcActor="D0N33"/>
            <port dstActor="D0N15" name="p54" srcActor="D0N6"/>
            <port dstActor="D0N22" name="p55" srcActor="D0N6"/>
            <port dstActor="D0N48" name="p56" srcActor="D0N6"/>
            <port dstActor="D0N49" name="p57" srcActor="D0N6"/>
            <port dstActor="D0N29" name="p58" srcActor="D0N6"/>
            <port dstActor="D0N45" name="p59" srcActor="D0N5"/>
            <port dstActor="D0N29" name="p60" srcActor="D0N5"/>
            <port dstActor="D0N30" name="p61" srcActor="D0N5"/>
            <port dstActor="D0N35" name="p62" srcActor="D0N5"/>
            <port dstActor="D0N22" name="p63" srcActor="D0N5"/>
            <port dstActor="D0N27" name="p64" srcActor="D0N5"/>
            <port dstActor="D0N19" name="p65" srcActor="D0N15"/>
            <port dstActor="D0N13" name="p66" srcActor="D0N10"/>
            <port dstActor="D0N29" name="p67" srcActor="D0N10"/>
            <port dstActor="D0N42" name="p68" srcActor="D0N10"/>
            <port dstActor="D0N43" name="p69" srcActor="D0N10"/>
            <port dstActor="D0N48" name="p70" srcActor="D0N10"/>
            <port dstActor="D0N47" name="p71" srcActor="D0N31"/>
            <port dstActor="D0N35" name="p72" srcActor="D0N31"/>
            <port dstActor="D0N36" name="p73" srcActor="D0N11"/>
            <port dstActor="D0N38" name="p74" srcActor="D0N11"/>
            <port dstActor="D0N12" name="p75" srcActor="D0N11"/>
            <port dstActor="D0N18" name="p76" srcActor="D0N11"/>
            <port dstActor="D0N20" name="p77" srcActor="D0N11"/>
            <port dstActor="D0N5" name="p78" srcActor="D0N0"/>
            <port dstActor="D0N36" name="p79" srcActor="D0N0"/>
            <port dstActor="D0N41" name="p80" srcActor="D0N0"/>
            <port dstActor="D0N46" name="p81" srcActor="D0N39"/>
            <port dstActor="D0N47" name="p82" srcActor="D0N39"/>
            <port dstActor="D0N25" name="p83" srcActor="D0N17"/>
            <port dstActor="D0N49" name="p84" srcActor="D0N12"/>
            <port dstActor="D0N13" name="p85" srcActor="D0N12"/>
            <port dstActor="D0N25" name="p86" srcActor="D0N12"/>
            <port dstActor="D0N35" name="p87" srcActor="D0N32"/>
            <port dstActor="D0N47" name="p88" srcActor="D0N4"/>
            <port dstActor="D0N28" name="p89" srcActor="D0N27"/>
            <port dstActor="D0N45" name="p90" srcActor="D0N27"/>
            <port dstActor="D0N42" name="p91" srcActor="D0N27"/>
            <port dstActor="D0N31" name="p92" srcActor="D0N22"/>
            <port dstActor="D0N41" name="p93" srcActor="D0N22"/>
            <port dstActor="D0N48" name="p94" srcActor="D0N22"/>
            <port dstActor="D0N27" name="p95" srcActor="D0N7"/>
            <port dstActor="D0N49" name="p96" srcActor="D0N7"/>
            <port dstActor="D0N46" name="p97" srcActor="D0N7"/>
            <port dstActor="D0N34" name="p98" srcActor="D0N9"/>
            <port dstActor="D0N32" name="p99" srcActor="D0N9"/>
            <port dstActor="D0N30" name="p100" srcActor="D0N9"/>
            <port dstActor="D0N40" name="p101" srcActor="D0N9"/>
            <port dstActor="D0N41" name="p102" srcActor="D0N9"/>
            <port dstActor="D0N48" name="p103" srcActor="D0N9"/>
            <port dstActor="D0N48" name="p104" srcActor="D0N36"/>
            <port dstActor="D0N43" name="p105" srcActor="D0N36"/>
            <port dstActor="D0N37" name="p106" srcActor="D0N36"/>
            <port dstActor="D0N40" name="p107" srcActor="D0N36"/>
            <port dstActor="D0N46" name="p108" srcActor="D0N14"/>
            <port dstActor="D0N17" name="p109" srcActor="D0N14"/>
            <port dstActor="D0N42" name="p110" srcActor="D0N14"/>
            <port dstActor="D0N23" name="p111" srcActor="D0N14"/>
            <port dstActor="D0N18" name="p112" srcActor="D0N14"/>
            <port dstActor="D0N42" name="p113" srcActor="D0N26"/>
            <port dstActor="D0N32" name="p114" srcActor="D0N26"/>
            <port dstActor="D0N48" name="p115" srcActor="D0N26"/>
            <port dstActor="D0N20" name="p116" srcActor="D0N19"/>
            <port dstActor="D0N43" name="p117" srcActor="D0N41"/>
            <port dstActor="D0N48" name="p118" srcActor="D0N34"/>
            <port dstActor="D0N35" name="p119" srcActor="D0N34"/>
            <port dstActor="D0N37" name="p120" srcActor="D0N34"/>
            <port dstActor="D0N40" name="p121" srcActor="D0N34"/>
            <port dstActor="D0N32" name="p122" srcActor="D0N28"/>
            <port dstActor="D0N31" name="p123" srcActor="D0N28"/>
            <port dstActor="D0N45" name="p124" srcActor="D0N28"/>
            <port dstActor="D0N33" name="p125" srcActor="D0N28"/>
            <port dstActor="D0N49" name="p126" srcActor="D0N28"/>
        </ports>
    </mcdag>
    <cores number="3"/>
    <levels number="2"/>
</mcsystem>
