<?xml version="1.0" encoding="UTF-8" standalone="no"?>
<mcsystem>
    <mcdag deadline="1500" name="genned-0-ed-10.0-0">
        <actor name="D0N18">
            <wcet number="0">50</wcet>
            <wcet number="1">60</wcet>
            <maxpow number="0.42687338825239074"/>
            <maxpow number="0.42687338825239074"/>
            <fprob>0.0</fprob>
        </actor>
        <actor name="D0N17">
            <wcet number="0">320</wcet>
            <wcet number="1">500</wcet>
            <maxpow number="0.5615244684736314"/>
            <maxpow number="0.5615244684736314"/>
            <fprob>0.0</fprob>
        </actor>
        <actor name="D0N2">
            <wcet number="0">40</wcet>
            <wcet number="1">40</wcet>
            <maxpow number="0.5545240425973036"/>
            <maxpow number="0.5545240425973036"/>
            <fprob>0.0</fprob>
        </actor>
        <actor name="D0N8">
            <wcet number="0">10</wcet>
            <wcet number="1">10</wcet>
            <maxpow number="0.6363880267810778"/>
            <maxpow number="0.6363880267810778"/>
            <fprob>0.0</fprob>
        </actor>
        <actor name="D0N42">
            <wcet number="0">10</wcet>
            <wcet number="1">160</wcet>
            <maxpow number="0.7995389825585805"/>
            <maxpow number="0.7995389825585805"/>
            <fprob>0.0</fprob>
        </actor>
        <actor name="D0N6">
            <wcet number="0">40</wcet>
            <wcet number="1">40</wcet>
            <maxpow number="0.4750040451976323"/>
            <maxpow number="0.4750040451976323"/>
            <fprob>0.0</fprob>
        </actor>
        <actor name="D0N20">
            <wcet number="0">20</wcet>
            <wcet number="1">20</wcet>
            <maxpow number="0.5122433069705399"/>
            <maxpow number="0.5122433069705399"/>
            <fprob>0.0</fprob>
        </actor>
        <actor name="D0N3">
            <wcet number="0">50</wcet>
            <wcet number="1">50</wcet>
            <maxpow number="0.5430309017602382"/>
            <maxpow number="0.5430309017602382"/>
            <fprob>0.0</fprob>
        </actor>
        <actor name="D0N38">
            <wcet number="0">10</wcet>
            <wcet number="1">10</wcet>
            <maxpow number="0.6164073445474045"/>
            <maxpow number="0.6164073445474045"/>
            <fprob>0.0</fprob>
        </actor>
        <actor name="D0N43">
            <wcet number="0">50</wcet>
            <wcet number="1">80</wcet>
            <maxpow number="0.6731920924165142"/>
            <maxpow number="0.6731920924165142"/>
            <fprob>0.0</fprob>
        </actor>
        <actor name="D0N45">
            <wcet number="0">10</wcet>
            <wcet number="1">80</wcet>
            <maxpow number="0.6219134393183207"/>
            <maxpow number="0.6219134393183207"/>
            <fprob>0.0</fprob>
        </actor>
        <actor name="D0N11">
            <wcet number="0">10</wcet>
            <wcet number="1">20</wcet>
            <maxpow number="0.7294266976280392"/>
            <maxpow number="0.7294266976280392"/>
            <fprob>0.0</fprob>
        </actor>
        <actor name="D0N30">
            <wcet number="0">30</wcet>
            <wcet number="1">40</wcet>
            <maxpow number="0.5345321687280186"/>
            <maxpow number="0.5345321687280186"/>
            <fprob>0.0</fprob>
        </actor>
        <actor name="D0N10">
            <wcet number="0">50</wcet>
            <wcet number="1">70</wcet>
            <maxpow number="0.4215000829085433"/>
            <maxpow number="0.4215000829085433"/>
            <fprob>0.0</fprob>
        </actor>
        <actor name="D0N4">
            <wcet number="0">10</wcet>
            <wcet number="1">10</wcet>
            <maxpow number="0.30612958072300045"/>
            <maxpow number="0.30612958072300045"/>
            <fprob>0.0</fprob>
        </actor>
        <actor name="D0N27">
            <wcet number="0">20</wcet>
            <wcet number="1">40</wcet>
            <maxpow number="0.3241763805638773"/>
            <maxpow number="0.3241763805638773"/>
            <fprob>0.0</fprob>
        </actor>
        <actor name="D0N32">
            <wcet number="0">70</wcet>
            <wcet number="1">170</wcet>
            <maxpow number="0.15629389690705353"/>
            <maxpow number="0.15629389690705353"/>
            <fprob>0.0</fprob>
        </actor>
        <actor name="D0N21">
            <wcet number="0">80</wcet>
            <wcet number="1">150</wcet>
            <maxpow number="0.6843466838513043"/>
            <maxpow number="0.6843466838513043"/>
            <fprob>0.0</fprob>
        </actor>
        <actor name="D0N31">
            <wcet number="0">50</wcet>
            <wcet number="1">50</wcet>
            <maxpow number="0.6059324855541846"/>
            <maxpow number="0.6059324855541846"/>
            <fprob>0.0</fprob>
        </actor>
        <actor name="D0N40">
            <wcet number="0">10</wcet>
            <wcet number="1">10</wcet>
            <maxpow number="0.5954088599679154"/>
            <maxpow number="0.5954088599679154"/>
            <fprob>0.0</fprob>
        </actor>
        <actor name="D0N7">
            <wcet number="0">60</wcet>
            <wcet number="1">200</wcet>
            <maxpow number="0.5942892564642653"/>
            <maxpow number="0.5942892564642653"/>
            <fprob>0.0</fprob>
        </actor>
        <actor name="D0N26">
            <wcet number="0">30</wcet>
            <wcet number="1">30</wcet>
            <maxpow number="0.6514923818024411"/>
            <maxpow number="0.6514923818024411"/>
            <fprob>0.0</fprob>
        </actor>
        <actor name="D0N37">
            <wcet number="0">30</wcet>
            <wcet number="1">30</wcet>
            <maxpow number="0.5543622244906813"/>
            <maxpow number="0.5543622244906813"/>
            <fprob>0.0</fprob>
        </actor>
        <actor name="D0N13">
            <wcet number="0">40</wcet>
            <wcet number="1">40</wcet>
            <maxpow number="0.6555725973485712"/>
            <maxpow number="0.6555725973485712"/>
            <fprob>0.0</fprob>
        </actor>
        <actor name="D0N39">
            <wcet number="0">30</wcet>
            <wcet number="1">40</wcet>
            <maxpow number="0.364824690906769"/>
            <maxpow number="0.364824690906769"/>
            <fprob>0.0</fprob>
        </actor>
        <actor name="D0N16">
            <wcet number="0">70</wcet>
            <wcet number="1">70</wcet>
            <maxpow number="0.43319539838016263"/>
            <maxpow number="0.43319539838016263"/>
            <fprob>0.0</fprob>
        </actor>
        <actor name="D0N28">
            <wcet number="0">20</wcet>
            <wcet number="1">150</wcet>
            <maxpow number="0.6721273074284349"/>
            <maxpow number="0.6721273074284349"/>
            <fprob>0.0</fprob>
        </actor>
        <actor name="D0N33">
            <wcet number="0">20</wcet>
            <wcet number="1">60</wcet>
            <maxpow number="0.774460263602772"/>
            <maxpow number="0.774460263602772"/>
            <fprob>0.0</fprob>
        </actor>
        <actor name="D0N41">
            <wcet number="0">70</wcet>
            <wcet number="1">110</wcet>
            <maxpow number="0.4577805936713409"/>
            <maxpow number="0.4577805936713409"/>
            <fprob>0.0</fprob>
        </actor>
        <actor name="D0N22">
            <wcet number="0">130</wcet>
            <wcet number="1">180</wcet>
            <maxpow number="0.43776533145613394"/>
            <maxpow number="0.43776533145613394"/>
            <fprob>0.0</fprob>
        </actor>
        <actor name="D0N36">
            <wcet number="0">10</wcet>
            <wcet number="1">10</wcet>
            <maxpow number="0.8917694935127931"/>
            <maxpow number="0.8917694935127931"/>
            <fprob>0.0</fprob>
        </actor>
        <actor name="D0N15">
            <wcet number="0">20</wcet>
            <wcet number="1">20</wcet>
            <maxpow number="0.6201472760912164"/>
            <maxpow number="0.6201472760912164"/>
            <fprob>0.0</fprob>
        </actor>
        <actor name="D0N9">
            <wcet number="0">120</wcet>
            <wcet number="1">170</wcet>
            <maxpow number="0.5652338639291966"/>
            <maxpow number="0.5652338639291966"/>
            <fprob>0.0</fprob>
        </actor>
        <actor name="D0N34">
            <wcet number="0">10</wcet>
            <wcet number="1">30</wcet>
            <maxpow number="0.5904485346915774"/>
            <maxpow number="0.5904485346915774"/>
            <fprob>0.0</fprob>
        </actor>
        <actor name="D0N35">
            <wcet number="0">20</wcet>
            <wcet number="1">30</wcet>
            <maxpow number="0.48269381615472784"/>
            <maxpow number="0.48269381615472784"/>
            <fprob>0.0</fprob>
        </actor>
        <actor name="D0N5">
            <wcet number="0">40</wcet>
            <wcet number="1">160</wcet>
            <maxpow number="0.6296925355418033"/>
            <maxpow number="0.6296925355418033"/>
            <fprob>0.0</fprob>
        </actor>
        <actor name="D0N47">
            <wcet number="0">40</wcet>
            <wcet number="1">40</wcet>
            <maxpow number="0.46436526317733895"/>
            <maxpow number="0.46436526317733895"/>
            <fprob>0.0</fprob>
        </actor>
        <actor name="D0N44">
            <wcet number="0">50</wcet>
            <wcet number="1">60</wcet>
            <maxpow number="0.7214947431565542"/>
            <maxpow number="0.7214947431565542"/>
            <fprob>0.0</fprob>
        </actor>
        <actor name="D0N23">
            <wcet number="0">30</wcet>
            <wcet number="1">30</wcet>
            <maxpow number="0.3627920723303817"/>
            <maxpow number="0.3627920723303817"/>
            <fprob>0.0</fprob>
        </actor>
        <actor name="D0N25">
            <wcet number="0">40</wcet>
            <wcet number="1">40</wcet>
            <maxpow number="0.5199073992417879"/>
            <maxpow number="0.5199073992417879"/>
            <fprob>0.0</fprob>
        </actor>
        <actor name="D0N12">
            <wcet number="0">80</wcet>
            <wcet number="1">80</wcet>
            <maxpow number="0.44856265408975005"/>
            <maxpow number="0.44856265408975005"/>
            <fprob>0.0</fprob>
        </actor>
        <actor name="D0N29">
            <wcet number="0">30</wcet>
            <wcet number="1">50</wcet>
            <maxpow number="0.4509846697886857"/>
            <maxpow number="0.4509846697886857"/>
            <fprob>0.0</fprob>
        </actor>
        <actor name="D0N1">
            <wcet number="0">10</wcet>
            <wcet number="1">20</wcet>
            <maxpow number="0.8271654405375446"/>
            <maxpow number="0.8271654405375446"/>
            <fprob>0.0</fprob>
        </actor>
        <actor name="D0N24">
            <wcet number="0">30</wcet>
            <wcet number="1">130</wcet>
            <maxpow number="0.35689904422493357"/>
            <maxpow number="0.35689904422493357"/>
            <fprob>0.0</fprob>
        </actor>
        <actor name="D0N0">
            <wcet number="0">10</wcet>
            <wcet number="1">50</wcet>
            <maxpow number="0.5128114826420203"/>
            <maxpow number="0.5128114826420203"/>
            <fprob>0.0</fprob>
        </actor>
        <actor name="D0N14">
            <wcet number="0">10</wcet>
            <wcet number="1">20</wcet>
            <maxpow number="0.44203507749804094"/>
            <maxpow number="0.44203507749804094"/>
            <fprob>0.0</fprob>
        </actor>
        <actor name="D0N19">
            <wcet number="0">160</wcet>
            <wcet number="1">190</wcet>
            <maxpow number="0.6806827607468598"/>
            <maxpow number="0.6806827607468598"/>
            <fprob>0.0</fprob>
        </actor>
        <actor name="D0N46">
            <wcet number="0">60</wcet>
            <wcet number="1">250</wcet>
            <maxpow number="0.9104016039294051"/>
            <maxpow number="0.9104016039294051"/>
            <fprob>0.0</fprob>
        </actor>
        <ports>
            <port dstActor="D0N29" name="p0" srcActor="D0N18"/>
            <port dstActor="D0N44" name="p1" srcActor="D0N18"/>
            <port dstActor="D0N26" name="p2" srcActor="D0N17"/>
            <port dstActor="D0N20" name="p3" srcActor="D0N17"/>
            <port dstActor="D0N35" name="p4" srcActor="D0N17"/>
            <port dstActor="D0N38" name="p5" srcActor="D0N2"/>
            <port dstActor="D0N7" name="p6" srcActor="D0N2"/>
            <port dstActor="D0N23" name="p7" srcActor="D0N2"/>
            <port dstActor="D0N36" name="p8" srcActor="D0N2"/>
            <port dstActor="D0N19" name="p9" srcActor="D0N2"/>
            <port dstActor="D0N16" name="p10" srcActor="D0N8"/>
            <port dstActor="D0N46" name="p11" srcActor="D0N8"/>
            <port dstActor="D0N43" name="p12" srcActor="D0N42"/>
            <port dstActor="D0N15" name="p13" srcActor="D0N6"/>
            <port dstActor="D0N17" name="p14" srcActor="D0N6"/>
            <port dstActor="D0N9" name="p15" srcActor="D0N6"/>
            <port dstActor="D0N30" name="p16" srcActor="D0N6"/>
            <port dstActor="D0N45" name="p17" srcActor="D0N6"/>
            <port dstActor="D0N23" name="p18" srcActor="D0N20"/>
            <port dstActor="D0N12" name="p19" srcActor="D0N3"/>
            <port dstActor="D0N45" name="p20" srcActor="D0N3"/>
            <port dstActor="D0N20" name="p21" srcActor="D0N3"/>
            <port dstActor="D0N26" name="p22" srcActor="D0N3"/>
            <port dstActor="D0N25" name="p23" srcActor="D0N3"/>
            <port dstActor="D0N39" name="p24" srcActor="D0N3"/>
            <port dstActor="D0N46" name="p25" srcActor="D0N43"/>
            <port dstActor="D0N30" name="p26" srcActor="D0N11"/>
            <port dstActor="D0N31" name="p27" srcActor="D0N11"/>
            <port dstActor="D0N47" name="p28" srcActor="D0N11"/>
            <port dstActor="D0N40" name="p29" srcActor="D0N30"/>
            <port dstActor="D0N43" name="p30" srcActor="D0N30"/>
            <port dstActor="D0N39" name="p31" srcActor="D0N30"/>
            <port dstActor="D0N41" name="p32" srcActor="D0N30"/>
            <port dstActor="D0N21" name="p33" srcActor="D0N10"/>
            <port dstActor="D0N22" name="p34" srcActor="D0N10"/>
            <port dstActor="D0N37" name="p35" srcActor="D0N10"/>
            <port dstActor="D0N15" name="p36" srcActor="D0N10"/>
            <port dstActor="D0N13" name="p37" srcActor="D0N10"/>
            <port dstActor="D0N23" name="p38" srcActor="D0N10"/>
            <port dstActor="D0N40" name="p39" srcActor="D0N10"/>
            <port dstActor="D0N16" name="p40" srcActor="D0N4"/>
            <port dstActor="D0N35" name="p41" srcActor="D0N4"/>
            <port dstActor="D0N9" name="p42" srcActor="D0N4"/>
            <port dstActor="D0N47" name="p43" srcActor="D0N4"/>
            <port dstActor="D0N17" name="p44" srcActor="D0N4"/>
            <port dstActor="D0N34" name="p45" srcActor="D0N27"/>
            <port dstActor="D0N45" name="p46" srcActor="D0N32"/>
            <port dstActor="D0N36" name="p47" srcActor="D0N32"/>
            <port dstActor="D0N29" name="p48" srcActor="D0N21"/>
            <port dstActor="D0N46" name="p49" srcActor="D0N21"/>
            <port dstActor="D0N41" name="p50" srcActor="D0N40"/>
            <port dstActor="D0N8" name="p51" srcActor="D0N7"/>
            <port dstActor="D0N43" name="p52" srcActor="D0N26"/>
            <port dstActor="D0N27" name="p53" srcActor="D0N26"/>
            <port dstActor="D0N31" name="p54" srcActor="D0N13"/>
            <port dstActor="D0N18" name="p55" srcActor="D0N13"/>
            <port dstActor="D0N25" name="p56" srcActor="D0N13"/>
            <port dstActor="D0N16" name="p57" srcActor="D0N13"/>
            <port dstActor="D0N43" name="p58" srcActor="D0N13"/>
            <port dstActor="D0N47" name="p59" srcActor="D0N39"/>
            <port dstActor="D0N43" name="p60" srcActor="D0N16"/>
            <port dstActor="D0N32" name="p61" srcActor="D0N16"/>
            <port dstActor="D0N43" name="p62" srcActor="D0N33"/>
            <port dstActor="D0N44" name="p63" srcActor="D0N33"/>
            <port dstActor="D0N39" name="p64" srcActor="D0N22"/>
            <port dstActor="D0N41" name="p65" srcActor="D0N22"/>
            <port dstActor="D0N34" name="p66" srcActor="D0N22"/>
            <port dstActor="D0N47" name="p67" srcActor="D0N36"/>
            <port dstActor="D0N31" name="p68" srcActor="D0N15"/>
            <port dstActor="D0N29" name="p69" srcActor="D0N15"/>
            <port dstActor="D0N24" name="p70" srcActor="D0N15"/>
            <port dstActor="D0N26" name="p71" srcActor="D0N15"/>
            <port dstActor="D0N34" name="p72" srcActor="D0N9"/>
            <port dstActor="D0N21" name="p73" srcActor="D0N9"/>
            <port dstActor="D0N31" name="p74" srcActor="D0N9"/>
            <port dstActor="D0N17" name="p75" srcActor="D0N9"/>
            <port dstActor="D0N18" name="p76" srcActor="D0N9"/>
            <port dstActor="D0N26" name="p77" srcActor="D0N9"/>
            <port dstActor="D0N35" name="p78" srcActor="D0N9"/>
            <port dstActor="D0N14" name="p79" srcActor="D0N9"/>
            <port dstActor="D0N20" name="p80" srcActor="D0N9"/>
            <port dstActor="D0N39" name="p81" srcActor="D0N35"/>
            <port dstActor="D0N45" name="p82" srcActor="D0N5"/>
            <port dstActor="D0N10" name="p83" srcActor="D0N5"/>
            <port dstActor="D0N19" name="p84" srcActor="D0N5"/>
            <port dstActor="D0N28" name="p85" srcActor="D0N5"/>
            <port dstActor="D0N46" name="p86" srcActor="D0N5"/>
            <port dstActor="D0N45" name="p87" srcActor="D0N44"/>
            <port dstActor="D0N36" name="p88" srcActor="D0N23"/>
            <port dstActor="D0N27" name="p89" srcActor="D0N23"/>
            <port dstActor="D0N25" name="p90" srcActor="D0N23"/>
            <port dstActor="D0N27" name="p91" srcActor="D0N25"/>
            <port dstActor="D0N31" name="p92" srcActor="D0N25"/>
            <port dstActor="D0N43" name="p93" srcActor="D0N25"/>
            <port dstActor="D0N45" name="p94" srcActor="D0N12"/>
            <port dstActor="D0N36" name="p95" srcActor="D0N29"/>
            <port dstActor="D0N14" name="p96" srcActor="D0N1"/>
            <port dstActor="D0N30" name="p97" srcActor="D0N1"/>
            <port dstActor="D0N19" name="p98" srcActor="D0N1"/>
            <port dstActor="D0N4" name="p99" srcActor="D0N1"/>
            <port dstActor="D0N37" name="p100" srcActor="D0N1"/>
            <port dstActor="D0N47" name="p101" srcActor="D0N1"/>
            <port dstActor="D0N39" name="p102" srcActor="D0N1"/>
            <port dstActor="D0N28" name="p103" srcActor="D0N24"/>
            <port dstActor="D0N40" name="p104" srcActor="D0N24"/>
            <port dstActor="D0N15" name="p105" srcActor="D0N0"/>
            <port dstActor="D0N42" name="p106" srcActor="D0N0"/>
            <port dstActor="D0N1" name="p107" srcActor="D0N0"/>
            <port dstActor="D0N33" name="p108" srcActor="D0N0"/>
            <port dstActor="D0N7" name="p109" srcActor="D0N0"/>
            <port dstActor="D0N36" name="p110" srcActor="D0N0"/>
            <port dstActor="D0N45" name="p111" srcActor="D0N0"/>
            <port dstActor="D0N24" name="p112" srcActor="D0N0"/>
            <port dstActor="D0N20" name="p113" srcActor="D0N14"/>
            <port dstActor="D0N34" name="p114" srcActor="D0N14"/>
            <port dstActor="D0N39" name="p115" srcActor="D0N14"/>
            <port dstActor="D0N32" name="p116" srcActor="D0N14"/>
            <port dstActor="D0N16" name="p117" srcActor="D0N14"/>
            <port dstActor="D0N33" name="p118" srcActor="D0N14"/>
            <port dstActor="D0N24" name="p119" srcActor="D0N19"/>
            <port dstActor="D0N30" name="p120" srcActor="D0N19"/>
        </ports>
    </mcdag>
    <cores number="3"/>
    <levels number="2"/>
</mcsystem>
