<?xml version="1.0" encoding="UTF-8" standalone="no"?>
<mcsystem>
    <mcdag deadline="1000" name="genned-0-ed-10.0-0">
        <actor name="D0N16">
            <wcet number="0">10</wcet>
            <wcet number="1">30</wcet>
            <maxpow number="0.3038517037976779"/>
            <maxpow number="0.3038517037976779"/>
            <fprob>0.0</fprob>
        </actor>
        <actor name="D0N0">
            <wcet number="0">40</wcet>
            <wcet number="1">150</wcet>
            <maxpow number="0.790271889546576"/>
            <maxpow number="0.790271889546576"/>
            <fprob>0.0</fprob>
        </actor>
        <actor name="D0N21">
            <wcet number="0">30</wcet>
            <wcet number="1">40</wcet>
            <maxpow number="0.8565923162239784"/>
            <maxpow number="0.8565923162239784"/>
            <fprob>0.0</fprob>
        </actor>
        <actor name="D0N27">
            <wcet number="0">30</wcet>
            <wcet number="1">40</wcet>
            <maxpow number="0.49958451045978053"/>
            <maxpow number="0.49958451045978053"/>
            <fprob>0.0</fprob>
        </actor>
        <actor name="D0N7">
            <wcet number="0">10</wcet>
            <wcet number="1">30</wcet>
            <maxpow number="0.7154170626756444"/>
            <maxpow number="0.7154170626756444"/>
            <fprob>0.0</fprob>
        </actor>
        <actor name="D0N35">
            <wcet number="0">100</wcet>
            <wcet number="1">200</wcet>
            <maxpow number="0.6151087655568528"/>
            <maxpow number="0.6151087655568528"/>
            <fprob>0.0</fprob>
        </actor>
        <actor name="D0N22">
            <wcet number="0">10</wcet>
            <wcet number="1">90</wcet>
            <maxpow number="0.5806270362836082"/>
            <maxpow number="0.5806270362836082"/>
            <fprob>0.0</fprob>
        </actor>
        <actor name="D0N4">
            <wcet number="0">70</wcet>
            <wcet number="1">80</wcet>
            <maxpow number="0.6059896907196094"/>
            <maxpow number="0.6059896907196094"/>
            <fprob>0.0</fprob>
        </actor>
        <actor name="D0N19">
            <wcet number="0">10</wcet>
            <wcet number="1">10</wcet>
            <maxpow number="0.5443678791308901"/>
            <maxpow number="0.5443678791308901"/>
            <fprob>0.0</fprob>
        </actor>
        <actor name="D0N33">
            <wcet number="0">50</wcet>
            <wcet number="1">50</wcet>
            <maxpow number="0.418352114398952"/>
            <maxpow number="0.418352114398952"/>
            <fprob>0.0</fprob>
        </actor>
        <actor name="D0N34">
            <wcet number="0">30</wcet>
            <wcet number="1">130</wcet>
            <maxpow number="0.853244080699579"/>
            <maxpow number="0.853244080699579"/>
            <fprob>0.0</fprob>
        </actor>
        <actor name="D0N30">
            <wcet number="0">30</wcet>
            <wcet number="1">90</wcet>
            <maxpow number="0.3949883520581917"/>
            <maxpow number="0.3949883520581917"/>
            <fprob>0.0</fprob>
        </actor>
        <actor name="D0N17">
            <wcet number="0">10</wcet>
            <wcet number="1">10</wcet>
            <maxpow number="0.39527288645223424"/>
            <maxpow number="0.39527288645223424"/>
            <fprob>0.0</fprob>
        </actor>
        <actor name="D0N6">
            <wcet number="0">30</wcet>
            <wcet number="1">130</wcet>
            <maxpow number="0.380143871777634"/>
            <maxpow number="0.380143871777634"/>
            <fprob>0.0</fprob>
        </actor>
        <actor name="D0N14">
            <wcet number="0">10</wcet>
            <wcet number="1">40</wcet>
            <maxpow number="0.6251729423918004"/>
            <maxpow number="0.6251729423918004"/>
            <fprob>0.0</fprob>
        </actor>
        <actor name="D0N8">
            <wcet number="0">10</wcet>
            <wcet number="1">40</wcet>
            <maxpow number="0.5097815589913391"/>
            <maxpow number="0.5097815589913391"/>
            <fprob>0.0</fprob>
        </actor>
        <actor name="D0N24">
            <wcet number="0">20</wcet>
            <wcet number="1">70</wcet>
            <maxpow number="0.7096336902836736"/>
            <maxpow number="0.7096336902836736"/>
            <fprob>0.0</fprob>
        </actor>
        <actor name="D0N26">
            <wcet number="0">120</wcet>
            <wcet number="1">160</wcet>
            <maxpow number="0.5618299162162617"/>
            <maxpow number="0.5618299162162617"/>
            <fprob>0.0</fprob>
        </actor>
        <actor name="D0N9">
            <wcet number="0">90</wcet>
            <wcet number="1">110</wcet>
            <maxpow number="0.33648235900207313"/>
            <maxpow number="0.33648235900207313"/>
            <fprob>0.0</fprob>
        </actor>
        <actor name="D0N28">
            <wcet number="0">30</wcet>
            <wcet number="1">40</wcet>
            <maxpow number="0.556841601534168"/>
            <maxpow number="0.556841601534168"/>
            <fprob>0.0</fprob>
        </actor>
        <actor name="D0N37">
            <wcet number="0">30</wcet>
            <wcet number="1">70</wcet>
            <maxpow number="0.5954680571598665"/>
            <maxpow number="0.5954680571598665"/>
            <fprob>0.0</fprob>
        </actor>
        <actor name="D0N10">
            <wcet number="0">10</wcet>
            <wcet number="1">30</wcet>
            <maxpow number="0.47959443571092253"/>
            <maxpow number="0.47959443571092253"/>
            <fprob>0.0</fprob>
        </actor>
        <actor name="D0N43">
            <wcet number="0">30</wcet>
            <wcet number="1">60</wcet>
            <maxpow number="0.7691325166846541"/>
            <maxpow number="0.7691325166846541"/>
            <fprob>0.0</fprob>
        </actor>
        <actor name="D0N2">
            <wcet number="0">10</wcet>
            <wcet number="1">10</wcet>
            <maxpow number="0.3926829549441253"/>
            <maxpow number="0.3926829549441253"/>
            <fprob>0.0</fprob>
        </actor>
        <actor name="D0N46">
            <wcet number="0">20</wcet>
            <wcet number="1">20</wcet>
            <maxpow number="0.6505800587535947"/>
            <maxpow number="0.6505800587535947"/>
            <fprob>0.0</fprob>
        </actor>
        <actor name="D0N12">
            <wcet number="0">120</wcet>
            <wcet number="1">130</wcet>
            <maxpow number="0.4314607237840395"/>
            <maxpow number="0.4314607237840395"/>
            <fprob>0.0</fprob>
        </actor>
        <actor name="D0N5">
            <wcet number="0">10</wcet>
            <wcet number="1">30</wcet>
            <maxpow number="0.40083293983910306"/>
            <maxpow number="0.40083293983910306"/>
            <fprob>0.0</fprob>
        </actor>
        <actor name="D0N15">
            <wcet number="0">10</wcet>
            <wcet number="1">10</wcet>
            <maxpow number="0.8223270451578064"/>
            <maxpow number="0.8223270451578064"/>
            <fprob>0.0</fprob>
        </actor>
        <actor name="D0N1">
            <wcet number="0">10</wcet>
            <wcet number="1">20</wcet>
            <maxpow number="0.5039251819885152"/>
            <maxpow number="0.5039251819885152"/>
            <fprob>0.0</fprob>
        </actor>
        <actor name="D0N11">
            <wcet number="0">70</wcet>
            <wcet number="1">80</wcet>
            <maxpow number="0.3920436113626642"/>
            <maxpow number="0.3920436113626642"/>
            <fprob>0.0</fprob>
        </actor>
        <actor name="D0N3">
            <wcet number="0">10</wcet>
            <wcet number="1">10</wcet>
            <maxpow number="0.7101675182252036"/>
            <maxpow number="0.7101675182252036"/>
            <fprob>0.0</fprob>
        </actor>
        <actor name="D0N44">
            <wcet number="0">30</wcet>
            <wcet number="1">40</wcet>
            <maxpow number="0.43319062315338486"/>
            <maxpow number="0.43319062315338486"/>
            <fprob>0.0</fprob>
        </actor>
        <actor name="D0N31">
            <wcet number="0">50</wcet>
            <wcet number="1">60</wcet>
            <maxpow number="0.7208138599748903"/>
            <maxpow number="0.7208138599748903"/>
            <fprob>0.0</fprob>
        </actor>
        <actor name="D0N42">
            <wcet number="0">10</wcet>
            <wcet number="1">20</wcet>
            <maxpow number="0.38532076032169676"/>
            <maxpow number="0.38532076032169676"/>
            <fprob>0.0</fprob>
        </actor>
        <actor name="D0N13">
            <wcet number="0">10</wcet>
            <wcet number="1">20</wcet>
            <maxpow number="0.6712692852131891"/>
            <maxpow number="0.6712692852131891"/>
            <fprob>0.0</fprob>
        </actor>
        <actor name="D0N23">
            <wcet number="0">30</wcet>
            <wcet number="1">40</wcet>
            <maxpow number="0.5456565193864449"/>
            <maxpow number="0.5456565193864449"/>
            <fprob>0.0</fprob>
        </actor>
        <actor name="D0N25">
            <wcet number="0">10</wcet>
            <wcet number="1">20</wcet>
            <maxpow number="0.6557954272679274"/>
            <maxpow number="0.6557954272679274"/>
            <fprob>0.0</fprob>
        </actor>
        <actor name="D0N39">
            <wcet number="0">10</wcet>
            <wcet number="1">20</wcet>
            <maxpow number="0.653892426227767"/>
            <maxpow number="0.653892426227767"/>
            <fprob>0.0</fprob>
        </actor>
        <actor name="D0N20">
            <wcet number="0">10</wcet>
            <wcet number="1">100</wcet>
            <maxpow number="0.5092328640607517"/>
            <maxpow number="0.5092328640607517"/>
            <fprob>0.0</fprob>
        </actor>
        <actor name="D0N45">
            <wcet number="0">10</wcet>
            <wcet number="1">40</wcet>
            <maxpow number="0.768269680216188"/>
            <maxpow number="0.768269680216188"/>
            <fprob>0.0</fprob>
        </actor>
        <actor name="D0N38">
            <wcet number="0">30</wcet>
            <wcet number="1">60</wcet>
            <maxpow number="0.4305123278319755"/>
            <maxpow number="0.4305123278319755"/>
            <fprob>0.0</fprob>
        </actor>
        <actor name="D0N29">
            <wcet number="0">10</wcet>
            <wcet number="1">20</wcet>
            <maxpow number="0.5377394464602434"/>
            <maxpow number="0.5377394464602434"/>
            <fprob>0.0</fprob>
        </actor>
        <actor name="D0N18">
            <wcet number="0">40</wcet>
            <wcet number="1">80</wcet>
            <maxpow number="0.7968865494317475"/>
            <maxpow number="0.7968865494317475"/>
            <fprob>0.0</fprob>
        </actor>
        <actor name="D0N40">
            <wcet number="0">10</wcet>
            <wcet number="1">20</wcet>
            <maxpow number="0.5995994682785264"/>
            <maxpow number="0.5995994682785264"/>
            <fprob>0.0</fprob>
        </actor>
        <actor name="D0N36">
            <wcet number="0">30</wcet>
            <wcet number="1">60</wcet>
            <maxpow number="0.6637085538152929"/>
            <maxpow number="0.6637085538152929"/>
            <fprob>0.0</fprob>
        </actor>
        <actor name="D0N32">
            <wcet number="0">10</wcet>
            <wcet number="1">20</wcet>
            <maxpow number="0.4129604540045355"/>
            <maxpow number="0.4129604540045355"/>
            <fprob>0.0</fprob>
        </actor>
        <actor name="D0N41">
            <wcet number="0">20</wcet>
            <wcet number="1">70</wcet>
            <maxpow number="0.5150730158523357"/>
            <maxpow number="0.5150730158523357"/>
            <fprob>0.0</fprob>
        </actor>
        <ports>
            <port dstActor="D0N21" name="p0" srcActor="D0N16"/>
            <port dstActor="D0N39" name="p1" srcActor="D0N16"/>
            <port dstActor="D0N18" name="p2" srcActor="D0N16"/>
            <port dstActor="D0N35" name="p3" srcActor="D0N16"/>
            <port dstActor="D0N44" name="p4" srcActor="D0N16"/>
            <port dstActor="D0N7" name="p5" srcActor="D0N0"/>
            <port dstActor="D0N1" name="p6" srcActor="D0N0"/>
            <port dstActor="D0N6" name="p7" srcActor="D0N0"/>
            <port dstActor="D0N21" name="p8" srcActor="D0N0"/>
            <port dstActor="D0N33" name="p9" srcActor="D0N21"/>
            <port dstActor="D0N39" name="p10" srcActor="D0N21"/>
            <port dstActor="D0N36" name="p11" srcActor="D0N21"/>
            <port dstActor="D0N36" name="p12" srcActor="D0N27"/>
            <port dstActor="D0N43" name="p13" srcActor="D0N27"/>
            <port dstActor="D0N28" name="p14" srcActor="D0N27"/>
            <port dstActor="D0N45" name="p15" srcActor="D0N7"/>
            <port dstActor="D0N27" name="p16" srcActor="D0N7"/>
            <port dstActor="D0N36" name="p17" srcActor="D0N7"/>
            <port dstActor="D0N40" name="p18" srcActor="D0N7"/>
            <port dstActor="D0N22" name="p19" srcActor="D0N7"/>
            <port dstActor="D0N38" name="p20" srcActor="D0N35"/>
            <port dstActor="D0N46" name="p21" srcActor="D0N35"/>
            <port dstActor="D0N41" name="p22" srcActor="D0N35"/>
            <port dstActor="D0N26" name="p23" srcActor="D0N22"/>
            <port dstActor="D0N37" name="p24" srcActor="D0N22"/>
            <port dstActor="D0N45" name="p25" srcActor="D0N22"/>
            <port dstActor="D0N36" name="p26" srcActor="D0N22"/>
            <port dstActor="D0N29" name="p27" srcActor="D0N22"/>
            <port dstActor="D0N27" name="p28" srcActor="D0N4"/>
            <port dstActor="D0N14" name="p29" srcActor="D0N4"/>
            <port dstActor="D0N15" name="p30" srcActor="D0N4"/>
            <port dstActor="D0N27" name="p31" srcActor="D0N19"/>
            <port dstActor="D0N39" name="p32" srcActor="D0N19"/>
            <port dstActor="D0N43" name="p33" srcActor="D0N19"/>
            <port dstActor="D0N35" name="p34" srcActor="D0N33"/>
            <port dstActor="D0N40" name="p35" srcActor="D0N33"/>
            <port dstActor="D0N41" name="p36" srcActor="D0N30"/>
            <port dstActor="D0N39" name="p37" srcActor="D0N30"/>
            <port dstActor="D0N18" name="p38" srcActor="D0N17"/>
            <port dstActor="D0N45" name="p39" srcActor="D0N17"/>
            <port dstActor="D0N40" name="p40" srcActor="D0N17"/>
            <port dstActor="D0N24" name="p41" srcActor="D0N17"/>
            <port dstActor="D0N37" name="p42" srcActor="D0N17"/>
            <port dstActor="D0N21" name="p43" srcActor="D0N17"/>
            <port dstActor="D0N31" name="p44" srcActor="D0N6"/>
            <port dstActor="D0N45" name="p45" srcActor="D0N6"/>
            <port dstActor="D0N20" name="p46" srcActor="D0N8"/>
            <port dstActor="D0N27" name="p47" srcActor="D0N24"/>
            <port dstActor="D0N46" name="p48" srcActor="D0N24"/>
            <port dstActor="D0N25" name="p49" srcActor="D0N24"/>
            <port dstActor="D0N45" name="p50" srcActor="D0N24"/>
            <port dstActor="D0N43" name="p51" srcActor="D0N26"/>
            <port dstActor="D0N42" name="p52" srcActor="D0N26"/>
            <port dstActor="D0N38" name="p53" srcActor="D0N26"/>
            <port dstActor="D0N30" name="p54" srcActor="D0N26"/>
            <port dstActor="D0N46" name="p55" srcActor="D0N9"/>
            <port dstActor="D0N29" name="p56" srcActor="D0N28"/>
            <port dstActor="D0N44" name="p57" srcActor="D0N37"/>
            <port dstActor="D0N40" name="p58" srcActor="D0N37"/>
            <port dstActor="D0N11" name="p59" srcActor="D0N10"/>
            <port dstActor="D0N35" name="p60" srcActor="D0N10"/>
            <port dstActor="D0N39" name="p61" srcActor="D0N10"/>
            <port dstActor="D0N44" name="p62" srcActor="D0N43"/>
            <port dstActor="D0N23" name="p63" srcActor="D0N2"/>
            <port dstActor="D0N26" name="p64" srcActor="D0N2"/>
            <port dstActor="D0N20" name="p65" srcActor="D0N2"/>
            <port dstActor="D0N9" name="p66" srcActor="D0N2"/>
            <port dstActor="D0N40" name="p67" srcActor="D0N2"/>
            <port dstActor="D0N32" name="p68" srcActor="D0N12"/>
            <port dstActor="D0N40" name="p69" srcActor="D0N12"/>
            <port dstActor="D0N30" name="p70" srcActor="D0N12"/>
            <port dstActor="D0N20" name="p71" srcActor="D0N12"/>
            <port dstActor="D0N41" name="p72" srcActor="D0N12"/>
            <port dstActor="D0N15" name="p73" srcActor="D0N5"/>
            <port dstActor="D0N29" name="p74" srcActor="D0N5"/>
            <port dstActor="D0N39" name="p75" srcActor="D0N15"/>
            <port dstActor="D0N46" name="p76" srcActor="D0N15"/>
            <port dstActor="D0N21" name="p77" srcActor="D0N15"/>
            <port dstActor="D0N2" name="p78" srcActor="D0N1"/>
            <port dstActor="D0N46" name="p79" srcActor="D0N11"/>
            <port dstActor="D0N20" name="p80" srcActor="D0N11"/>
            <port dstActor="D0N19" name="p81" srcActor="D0N11"/>
            <port dstActor="D0N4" name="p82" srcActor="D0N3"/>
            <port dstActor="D0N44" name="p83" srcActor="D0N3"/>
            <port dstActor="D0N41" name="p84" srcActor="D0N3"/>
            <port dstActor="D0N31" name="p85" srcActor="D0N3"/>
            <port dstActor="D0N43" name="p86" srcActor="D0N31"/>
            <port dstActor="D0N19" name="p87" srcActor="D0N13"/>
            <port dstActor="D0N18" name="p88" srcActor="D0N13"/>
            <port dstActor="D0N35" name="p89" srcActor="D0N13"/>
            <port dstActor="D0N37" name="p90" srcActor="D0N13"/>
            <port dstActor="D0N36" name="p91" srcActor="D0N23"/>
            <port dstActor="D0N24" name="p92" srcActor="D0N23"/>
            <port dstActor="D0N27" name="p93" srcActor="D0N23"/>
            <port dstActor="D0N46" name="p94" srcActor="D0N25"/>
            <port dstActor="D0N46" name="p95" srcActor="D0N45"/>
            <port dstActor="D0N41" name="p96" srcActor="D0N38"/>
            <port dstActor="D0N44" name="p97" srcActor="D0N29"/>
            <port dstActor="D0N37" name="p98" srcActor="D0N29"/>
            <port dstActor="D0N35" name="p99" srcActor="D0N29"/>
            <port dstActor="D0N32" name="p100" srcActor="D0N18"/>
            <port dstActor="D0N26" name="p101" srcActor="D0N18"/>
            <port dstActor="D0N19" name="p102" srcActor="D0N18"/>
            <port dstActor="D0N31" name="p103" srcActor="D0N18"/>
            <port dstActor="D0N22" name="p104" srcActor="D0N18"/>
            <port dstActor="D0N33" name="p105" srcActor="D0N18"/>
            <port dstActor="D0N42" name="p106" srcActor="D0N40"/>
            <port dstActor="D0N46" name="p107" srcActor="D0N40"/>
            <port dstActor="D0N45" name="p108" srcActor="D0N40"/>
            <port dstActor="D0N40" name="p109" srcActor="D0N36"/>
        </ports>
    </mcdag>
    <cores number="3"/>
    <levels number="2"/>
</mcsystem>
