<?xml version="1.0" encoding="UTF-8" standalone="no"?>
<mcsystem>
    <mcdag deadline="1800" name="genned-0-ed-10.0-0">
        <actor name="D0N34">
            <wcet number="0">10</wcet>
            <wcet number="1">30</wcet>
            <maxpow number="0.11919522094345897"/>
            <maxpow number="0.11919522094345897"/>
            <fprob>0.0</fprob>
        </actor>
        <actor name="D0N4">
            <wcet number="0">250</wcet>
            <wcet number="1">260</wcet>
            <maxpow number="0.5296840176313502"/>
            <maxpow number="0.5296840176313502"/>
            <fprob>0.0</fprob>
        </actor>
        <actor name="D0N2">
            <wcet number="0">10</wcet>
            <wcet number="1">130</wcet>
            <maxpow number="0.5224402933147876"/>
            <maxpow number="0.5224402933147876"/>
            <fprob>0.0</fprob>
        </actor>
        <actor name="D0N20">
            <wcet number="0">10</wcet>
            <wcet number="1">20</wcet>
            <maxpow number="0.5278672744333567"/>
            <maxpow number="0.5278672744333567"/>
            <fprob>0.0</fprob>
        </actor>
        <actor name="D0N5">
            <wcet number="0">20</wcet>
            <wcet number="1">40</wcet>
            <maxpow number="0.5175531971907292"/>
            <maxpow number="0.5175531971907292"/>
            <fprob>0.0</fprob>
        </actor>
        <actor name="D0N40">
            <wcet number="0">120</wcet>
            <wcet number="1">120</wcet>
            <maxpow number="0.6527881028848194"/>
            <maxpow number="0.6527881028848194"/>
            <fprob>0.0</fprob>
        </actor>
        <actor name="D0N27">
            <wcet number="0">10</wcet>
            <wcet number="1">170</wcet>
            <maxpow number="0.543623765356518"/>
            <maxpow number="0.543623765356518"/>
            <fprob>0.0</fprob>
        </actor>
        <actor name="D0N33">
            <wcet number="0">60</wcet>
            <wcet number="1">100</wcet>
            <maxpow number="0.2779306923407567"/>
            <maxpow number="0.2779306923407567"/>
            <fprob>0.0</fprob>
        </actor>
        <actor name="D0N14">
            <wcet number="0">30</wcet>
            <wcet number="1">30</wcet>
            <maxpow number="0.20919329949652576"/>
            <maxpow number="0.20919329949652576"/>
            <fprob>0.0</fprob>
        </actor>
        <actor name="D0N38">
            <wcet number="0">110</wcet>
            <wcet number="1">150</wcet>
            <maxpow number="0.5555940662667589"/>
            <maxpow number="0.5555940662667589"/>
            <fprob>0.0</fprob>
        </actor>
        <actor name="D0N25">
            <wcet number="0">80</wcet>
            <wcet number="1">80</wcet>
            <maxpow number="0.4466243883436428"/>
            <maxpow number="0.4466243883436428"/>
            <fprob>0.0</fprob>
        </actor>
        <actor name="D0N9">
            <wcet number="0">10</wcet>
            <wcet number="1">10</wcet>
            <maxpow number="0.5452018849765224"/>
            <maxpow number="0.5452018849765224"/>
            <fprob>0.0</fprob>
        </actor>
        <actor name="D0N12">
            <wcet number="0">40</wcet>
            <wcet number="1">40</wcet>
            <maxpow number="0.41067543457011424"/>
            <maxpow number="0.41067543457011424"/>
            <fprob>0.0</fprob>
        </actor>
        <actor name="D0N24">
            <wcet number="0">290</wcet>
            <wcet number="1">330</wcet>
            <maxpow number="0.47980794528048987"/>
            <maxpow number="0.47980794528048987"/>
            <fprob>0.0</fprob>
        </actor>
        <actor name="D0N41">
            <wcet number="0">10</wcet>
            <wcet number="1">10</wcet>
            <maxpow number="0.8326764834539351"/>
            <maxpow number="0.8326764834539351"/>
            <fprob>0.0</fprob>
        </actor>
        <actor name="D0N16">
            <wcet number="0">30</wcet>
            <wcet number="1">90</wcet>
            <maxpow number="0.8159349958058517"/>
            <maxpow number="0.8159349958058517"/>
            <fprob>0.0</fprob>
        </actor>
        <actor name="D0N21">
            <wcet number="0">30</wcet>
            <wcet number="1">60</wcet>
            <maxpow number="0.592359048232623"/>
            <maxpow number="0.592359048232623"/>
            <fprob>0.0</fprob>
        </actor>
        <actor name="D0N13">
            <wcet number="0">40</wcet>
            <wcet number="1">70</wcet>
            <maxpow number="0.35392073501091725"/>
            <maxpow number="0.35392073501091725"/>
            <fprob>0.0</fprob>
        </actor>
        <actor name="D0N17">
            <wcet number="0">30</wcet>
            <wcet number="1">50</wcet>
            <maxpow number="0.881151073120633"/>
            <maxpow number="0.881151073120633"/>
            <fprob>0.0</fprob>
        </actor>
        <actor name="D0N18">
            <wcet number="0">10</wcet>
            <wcet number="1">20</wcet>
            <maxpow number="0.25054557627328383"/>
            <maxpow number="0.25054557627328383"/>
            <fprob>0.0</fprob>
        </actor>
        <actor name="D0N37">
            <wcet number="0">10</wcet>
            <wcet number="1">10</wcet>
            <maxpow number="0.8045071808724955"/>
            <maxpow number="0.8045071808724955"/>
            <fprob>0.0</fprob>
        </actor>
        <actor name="D0N42">
            <wcet number="0">60</wcet>
            <wcet number="1">60</wcet>
            <maxpow number="0.6342145194450477"/>
            <maxpow number="0.6342145194450477"/>
            <fprob>0.0</fprob>
        </actor>
        <actor name="D0N36">
            <wcet number="0">50</wcet>
            <wcet number="1">90</wcet>
            <maxpow number="0.6276371877233917"/>
            <maxpow number="0.6276371877233917"/>
            <fprob>0.0</fprob>
        </actor>
        <actor name="D0N10">
            <wcet number="0">90</wcet>
            <wcet number="1">230</wcet>
            <maxpow number="0.3980619834150427"/>
            <maxpow number="0.3980619834150427"/>
            <fprob>0.0</fprob>
        </actor>
        <actor name="D0N11">
            <wcet number="0">50</wcet>
            <wcet number="1">110</wcet>
            <maxpow number="0.6196705297470164"/>
            <maxpow number="0.6196705297470164"/>
            <fprob>0.0</fprob>
        </actor>
        <actor name="D0N31">
            <wcet number="0">10</wcet>
            <wcet number="1">60</wcet>
            <maxpow number="0.45031168923397863"/>
            <maxpow number="0.45031168923397863"/>
            <fprob>0.0</fprob>
        </actor>
        <actor name="D0N26">
            <wcet number="0">30</wcet>
            <wcet number="1">40</wcet>
            <maxpow number="0.6550103893720503"/>
            <maxpow number="0.6550103893720503"/>
            <fprob>0.0</fprob>
        </actor>
        <actor name="D0N32">
            <wcet number="0">10</wcet>
            <wcet number="1">10</wcet>
            <maxpow number="0.40578910737643015"/>
            <maxpow number="0.40578910737643015"/>
            <fprob>0.0</fprob>
        </actor>
        <actor name="D0N22">
            <wcet number="0">60</wcet>
            <wcet number="1">60</wcet>
            <maxpow number="0.6461576292272732"/>
            <maxpow number="0.6461576292272732"/>
            <fprob>0.0</fprob>
        </actor>
        <actor name="D0N28">
            <wcet number="0">250</wcet>
            <wcet number="1">340</wcet>
            <maxpow number="0.760747959369059"/>
            <maxpow number="0.760747959369059"/>
            <fprob>0.0</fprob>
        </actor>
        <actor name="D0N7">
            <wcet number="0">90</wcet>
            <wcet number="1">160</wcet>
            <maxpow number="0.5875223614273356"/>
            <maxpow number="0.5875223614273356"/>
            <fprob>0.0</fprob>
        </actor>
        <actor name="D0N8">
            <wcet number="0">10</wcet>
            <wcet number="1">10</wcet>
            <maxpow number="0.6243230348489976"/>
            <maxpow number="0.6243230348489976"/>
            <fprob>0.0</fprob>
        </actor>
        <actor name="D0N3">
            <wcet number="0">190</wcet>
            <wcet number="1">210</wcet>
            <maxpow number="0.5604833608384998"/>
            <maxpow number="0.5604833608384998"/>
            <fprob>0.0</fprob>
        </actor>
        <actor name="D0N6">
            <wcet number="0">300</wcet>
            <wcet number="1">420</wcet>
            <maxpow number="0.6068552423467539"/>
            <maxpow number="0.6068552423467539"/>
            <fprob>0.0</fprob>
        </actor>
        <actor name="D0N0">
            <wcet number="0">110</wcet>
            <wcet number="1">330</wcet>
            <maxpow number="0.5608178235921975"/>
            <maxpow number="0.5608178235921975"/>
            <fprob>0.0</fprob>
        </actor>
        <actor name="D0N1">
            <wcet number="0">350</wcet>
            <wcet number="1">460</wcet>
            <maxpow number="0.4878845413318874"/>
            <maxpow number="0.4878845413318874"/>
            <fprob>0.0</fprob>
        </actor>
        <actor name="D0N23">
            <wcet number="0">150</wcet>
            <wcet number="1">150</wcet>
            <maxpow number="0.5389108716620189"/>
            <maxpow number="0.5389108716620189"/>
            <fprob>0.0</fprob>
        </actor>
        <actor name="D0N35">
            <wcet number="0">10</wcet>
            <wcet number="1">20</wcet>
            <maxpow number="0.45393715964530684"/>
            <maxpow number="0.45393715964530684"/>
            <fprob>0.0</fprob>
        </actor>
        <actor name="D0N43">
            <wcet number="0">60</wcet>
            <wcet number="1">60</wcet>
            <maxpow number="0.678802651604213"/>
            <maxpow number="0.678802651604213"/>
            <fprob>0.0</fprob>
        </actor>
        <actor name="D0N39">
            <wcet number="0">70</wcet>
            <wcet number="1">230</wcet>
            <maxpow number="0.4301551774265059"/>
            <maxpow number="0.4301551774265059"/>
            <fprob>0.0</fprob>
        </actor>
        <actor name="D0N19">
            <wcet number="0">20</wcet>
            <wcet number="1">40</wcet>
            <maxpow number="0.9274220375722848"/>
            <maxpow number="0.9274220375722848"/>
            <fprob>0.0</fprob>
        </actor>
        <actor name="D0N29">
            <wcet number="0">40</wcet>
            <wcet number="1">80</wcet>
            <maxpow number="0.36432399488359385"/>
            <maxpow number="0.36432399488359385"/>
            <fprob>0.0</fprob>
        </actor>
        <actor name="D0N15">
            <wcet number="0">20</wcet>
            <wcet number="1">20</wcet>
            <maxpow number="0.6449768467239211"/>
            <maxpow number="0.6449768467239211"/>
            <fprob>0.0</fprob>
        </actor>
        <actor name="D0N30">
            <wcet number="0">160</wcet>
            <wcet number="1">210</wcet>
            <maxpow number="0.5063943012544505"/>
            <maxpow number="0.5063943012544505"/>
            <fprob>0.0</fprob>
        </actor>
        <ports>
            <port dstActor="D0N38" name="p0" srcActor="D0N4"/>
            <port dstActor="D0N34" name="p1" srcActor="D0N4"/>
            <port dstActor="D0N28" name="p2" srcActor="D0N4"/>
            <port dstActor="D0N7" name="p3" srcActor="D0N4"/>
            <port dstActor="D0N10" name="p4" srcActor="D0N2"/>
            <port dstActor="D0N17" name="p5" srcActor="D0N2"/>
            <port dstActor="D0N30" name="p6" srcActor="D0N2"/>
            <port dstActor="D0N38" name="p7" srcActor="D0N2"/>
            <port dstActor="D0N23" name="p8" srcActor="D0N2"/>
            <port dstActor="D0N16" name="p9" srcActor="D0N5"/>
            <port dstActor="D0N12" name="p10" srcActor="D0N5"/>
            <port dstActor="D0N30" name="p11" srcActor="D0N5"/>
            <port dstActor="D0N34" name="p12" srcActor="D0N27"/>
            <port dstActor="D0N37" name="p13" srcActor="D0N33"/>
            <port dstActor="D0N19" name="p14" srcActor="D0N14"/>
            <port dstActor="D0N22" name="p15" srcActor="D0N14"/>
            <port dstActor="D0N25" name="p16" srcActor="D0N14"/>
            <port dstActor="D0N41" name="p17" srcActor="D0N14"/>
            <port dstActor="D0N35" name="p18" srcActor="D0N25"/>
            <port dstActor="D0N29" name="p19" srcActor="D0N25"/>
            <port dstActor="D0N32" name="p20" srcActor="D0N25"/>
            <port dstActor="D0N42" name="p21" srcActor="D0N25"/>
            <port dstActor="D0N33" name="p22" srcActor="D0N9"/>
            <port dstActor="D0N30" name="p23" srcActor="D0N9"/>
            <port dstActor="D0N36" name="p24" srcActor="D0N12"/>
            <port dstActor="D0N37" name="p25" srcActor="D0N12"/>
            <port dstActor="D0N28" name="p26" srcActor="D0N24"/>
            <port dstActor="D0N33" name="p27" srcActor="D0N24"/>
            <port dstActor="D0N34" name="p28" srcActor="D0N16"/>
            <port dstActor="D0N22" name="p29" srcActor="D0N16"/>
            <port dstActor="D0N37" name="p30" srcActor="D0N16"/>
            <port dstActor="D0N17" name="p31" srcActor="D0N16"/>
            <port dstActor="D0N29" name="p32" srcActor="D0N21"/>
            <port dstActor="D0N40" name="p33" srcActor="D0N21"/>
            <port dstActor="D0N18" name="p34" srcActor="D0N13"/>
            <port dstActor="D0N22" name="p35" srcActor="D0N13"/>
            <port dstActor="D0N36" name="p36" srcActor="D0N13"/>
            <port dstActor="D0N42" name="p37" srcActor="D0N13"/>
            <port dstActor="D0N31" name="p38" srcActor="D0N17"/>
            <port dstActor="D0N39" name="p39" srcActor="D0N17"/>
            <port dstActor="D0N43" name="p40" srcActor="D0N18"/>
            <port dstActor="D0N25" name="p41" srcActor="D0N18"/>
            <port dstActor="D0N14" name="p42" srcActor="D0N10"/>
            <port dstActor="D0N12" name="p43" srcActor="D0N10"/>
            <port dstActor="D0N11" name="p44" srcActor="D0N10"/>
            <port dstActor="D0N31" name="p45" srcActor="D0N11"/>
            <port dstActor="D0N16" name="p46" srcActor="D0N11"/>
            <port dstActor="D0N41" name="p47" srcActor="D0N31"/>
            <port dstActor="D0N36" name="p48" srcActor="D0N26"/>
            <port dstActor="D0N33" name="p49" srcActor="D0N26"/>
            <port dstActor="D0N40" name="p50" srcActor="D0N32"/>
            <port dstActor="D0N41" name="p51" srcActor="D0N32"/>
            <port dstActor="D0N42" name="p52" srcActor="D0N32"/>
            <port dstActor="D0N40" name="p53" srcActor="D0N22"/>
            <port dstActor="D0N37" name="p54" srcActor="D0N22"/>
            <port dstActor="D0N29" name="p55" srcActor="D0N28"/>
            <port dstActor="D0N31" name="p56" srcActor="D0N28"/>
            <port dstActor="D0N20" name="p57" srcActor="D0N7"/>
            <port dstActor="D0N34" name="p58" srcActor="D0N7"/>
            <port dstActor="D0N30" name="p59" srcActor="D0N8"/>
            <port dstActor="D0N41" name="p60" srcActor="D0N8"/>
            <port dstActor="D0N34" name="p61" srcActor="D0N3"/>
            <port dstActor="D0N41" name="p62" srcActor="D0N3"/>
            <port dstActor="D0N35" name="p63" srcActor="D0N3"/>
            <port dstActor="D0N10" name="p64" srcActor="D0N6"/>
            <port dstActor="D0N27" name="p65" srcActor="D0N6"/>
            <port dstActor="D0N13" name="p66" srcActor="D0N6"/>
            <port dstActor="D0N35" name="p67" srcActor="D0N6"/>
            <port dstActor="D0N1" name="p68" srcActor="D0N0"/>
            <port dstActor="D0N26" name="p69" srcActor="D0N0"/>
            <port dstActor="D0N27" name="p70" srcActor="D0N0"/>
            <port dstActor="D0N14" name="p71" srcActor="D0N0"/>
            <port dstActor="D0N7" name="p72" srcActor="D0N1"/>
            <port dstActor="D0N20" name="p73" srcActor="D0N1"/>
            <port dstActor="D0N11" name="p74" srcActor="D0N1"/>
            <port dstActor="D0N12" name="p75" srcActor="D0N1"/>
            <port dstActor="D0N26" name="p76" srcActor="D0N23"/>
            <port dstActor="D0N36" name="p77" srcActor="D0N23"/>
            <port dstActor="D0N42" name="p78" srcActor="D0N35"/>
            <port dstActor="D0N20" name="p79" srcActor="D0N19"/>
            <port dstActor="D0N24" name="p80" srcActor="D0N19"/>
            <port dstActor="D0N31" name="p81" srcActor="D0N29"/>
            <port dstActor="D0N37" name="p82" srcActor="D0N29"/>
            <port dstActor="D0N40" name="p83" srcActor="D0N15"/>
            <port dstActor="D0N36" name="p84" srcActor="D0N15"/>
            <port dstActor="D0N34" name="p85" srcActor="D0N30"/>
        </ports>
    </mcdag>
    <cores number="3"/>
    <levels number="2"/>
</mcsystem>
