<?xml version="1.0" encoding="UTF-8" standalone="no"?>
<mcsystem>
    <mcdag deadline="1500" name="genned-0-ed-10.0-0">
        <actor name="D0N36">
            <wcet number="0">30</wcet>
            <wcet number="1">40</wcet>
            <maxpow number="0.3888185295256896"/>
            <maxpow number="0.3888185295256896"/>
            <fprob>0.0</fprob>
        </actor>
        <actor name="D0N38">
            <wcet number="0">20</wcet>
            <wcet number="1">60</wcet>
            <maxpow number="0.6598242626145177"/>
            <maxpow number="0.6598242626145177"/>
            <fprob>0.0</fprob>
        </actor>
        <actor name="D0N8">
            <wcet number="0">100</wcet>
            <wcet number="1">100</wcet>
            <maxpow number="0.6983929621709458"/>
            <maxpow number="0.6983929621709458"/>
            <fprob>0.0</fprob>
        </actor>
        <actor name="D0N39">
            <wcet number="0">10</wcet>
            <wcet number="1">10</wcet>
            <maxpow number="0.45565811722241034"/>
            <maxpow number="0.45565811722241034"/>
            <fprob>0.0</fprob>
        </actor>
        <actor name="D0N18">
            <wcet number="0">80</wcet>
            <wcet number="1">200</wcet>
            <maxpow number="0.687809880708792"/>
            <maxpow number="0.687809880708792"/>
            <fprob>0.0</fprob>
        </actor>
        <actor name="D0N26">
            <wcet number="0">10</wcet>
            <wcet number="1">60</wcet>
            <maxpow number="0.49628787247490763"/>
            <maxpow number="0.49628787247490763"/>
            <fprob>0.0</fprob>
        </actor>
        <actor name="D0N32">
            <wcet number="0">90</wcet>
            <wcet number="1">170</wcet>
            <maxpow number="0.36189778546456824"/>
            <maxpow number="0.36189778546456824"/>
            <fprob>0.0</fprob>
        </actor>
        <actor name="D0N24">
            <wcet number="0">50</wcet>
            <wcet number="1">90</wcet>
            <maxpow number="0.6801499662668011"/>
            <maxpow number="0.6801499662668011"/>
            <fprob>0.0</fprob>
        </actor>
        <actor name="D0N2">
            <wcet number="0">90</wcet>
            <wcet number="1">100</wcet>
            <maxpow number="0.5130603034838408"/>
            <maxpow number="0.5130603034838408"/>
            <fprob>0.0</fprob>
        </actor>
        <actor name="D0N19">
            <wcet number="0">30</wcet>
            <wcet number="1">30</wcet>
            <maxpow number="0.6565107563589366"/>
            <maxpow number="0.6565107563589366"/>
            <fprob>0.0</fprob>
        </actor>
        <actor name="D0N7">
            <wcet number="0">20</wcet>
            <wcet number="1">70</wcet>
            <maxpow number="0.6584840522305819"/>
            <maxpow number="0.6584840522305819"/>
            <fprob>0.0</fprob>
        </actor>
        <actor name="D0N11">
            <wcet number="0">220</wcet>
            <wcet number="1">240</wcet>
            <maxpow number="0.48052734643716744"/>
            <maxpow number="0.48052734643716744"/>
            <fprob>0.0</fprob>
        </actor>
        <actor name="D0N48">
            <wcet number="0">60</wcet>
            <wcet number="1">130</wcet>
            <maxpow number="0.7693555742729747"/>
            <maxpow number="0.7693555742729747"/>
            <fprob>0.0</fprob>
        </actor>
        <actor name="D0N10">
            <wcet number="0">20</wcet>
            <wcet number="1">120</wcet>
            <maxpow number="0.5353955477577861"/>
            <maxpow number="0.5353955477577861"/>
            <fprob>0.0</fprob>
        </actor>
        <actor name="D0N45">
            <wcet number="0">10</wcet>
            <wcet number="1">10</wcet>
            <maxpow number="0.3789926089362122"/>
            <maxpow number="0.3789926089362122"/>
            <fprob>0.0</fprob>
        </actor>
        <actor name="D0N25">
            <wcet number="0">10</wcet>
            <wcet number="1">20</wcet>
            <maxpow number="0.5108699834374185"/>
            <maxpow number="0.5108699834374185"/>
            <fprob>0.0</fprob>
        </actor>
        <actor name="D0N20">
            <wcet number="0">190</wcet>
            <wcet number="1">200</wcet>
            <maxpow number="0.4857522262970395"/>
            <maxpow number="0.4857522262970395"/>
            <fprob>0.0</fprob>
        </actor>
        <actor name="D0N5">
            <wcet number="0">10</wcet>
            <wcet number="1">10</wcet>
            <maxpow number="0.4830772306826387"/>
            <maxpow number="0.4830772306826387"/>
            <fprob>0.0</fprob>
        </actor>
        <actor name="D0N6">
            <wcet number="0">20</wcet>
            <wcet number="1">40</wcet>
            <maxpow number="0.6334706716455949"/>
            <maxpow number="0.6334706716455949"/>
            <fprob>0.0</fprob>
        </actor>
        <actor name="D0N0">
            <wcet number="0">20</wcet>
            <wcet number="1">20</wcet>
            <maxpow number="0.6911472463722168"/>
            <maxpow number="0.6911472463722168"/>
            <fprob>0.0</fprob>
        </actor>
        <actor name="D0N34">
            <wcet number="0">60</wcet>
            <wcet number="1">60</wcet>
            <maxpow number="0.6996554588886833"/>
            <maxpow number="0.6996554588886833"/>
            <fprob>0.0</fprob>
        </actor>
        <actor name="D0N40">
            <wcet number="0">10</wcet>
            <wcet number="1">60</wcet>
            <maxpow number="0.44943611853067456"/>
            <maxpow number="0.44943611853067456"/>
            <fprob>0.0</fprob>
        </actor>
        <actor name="D0N16">
            <wcet number="0">30</wcet>
            <wcet number="1">80</wcet>
            <maxpow number="0.3607278370674797"/>
            <maxpow number="0.3607278370674797"/>
            <fprob>0.0</fprob>
        </actor>
        <actor name="D0N35">
            <wcet number="0">30</wcet>
            <wcet number="1">40</wcet>
            <maxpow number="0.5839696843166173"/>
            <maxpow number="0.5839696843166173"/>
            <fprob>0.0</fprob>
        </actor>
        <actor name="D0N47">
            <wcet number="0">70</wcet>
            <wcet number="1">150</wcet>
            <maxpow number="0.7756382846507133"/>
            <maxpow number="0.7756382846507133"/>
            <fprob>0.0</fprob>
        </actor>
        <actor name="D0N30">
            <wcet number="0">30</wcet>
            <wcet number="1">80</wcet>
            <maxpow number="0.5624559197494471"/>
            <maxpow number="0.5624559197494471"/>
            <fprob>0.0</fprob>
        </actor>
        <actor name="D0N44">
            <wcet number="0">10</wcet>
            <wcet number="1">10</wcet>
            <maxpow number="0.5018497548736081"/>
            <maxpow number="0.5018497548736081"/>
            <fprob>0.0</fprob>
        </actor>
        <actor name="D0N4">
            <wcet number="0">20</wcet>
            <wcet number="1">30</wcet>
            <maxpow number="0.9215494959568709"/>
            <maxpow number="0.9215494959568709"/>
            <fprob>0.0</fprob>
        </actor>
        <actor name="D0N21">
            <wcet number="0">60</wcet>
            <wcet number="1">90</wcet>
            <maxpow number="0.6750261650984537"/>
            <maxpow number="0.6750261650984537"/>
            <fprob>0.0</fprob>
        </actor>
        <actor name="D0N42">
            <wcet number="0">10</wcet>
            <wcet number="1">10</wcet>
            <maxpow number="0.6181442092989669"/>
            <maxpow number="0.6181442092989669"/>
            <fprob>0.0</fprob>
        </actor>
        <actor name="D0N15">
            <wcet number="0">40</wcet>
            <wcet number="1">150</wcet>
            <maxpow number="0.6791142209258542"/>
            <maxpow number="0.6791142209258542"/>
            <fprob>0.0</fprob>
        </actor>
        <actor name="D0N23">
            <wcet number="0">180</wcet>
            <wcet number="1">210</wcet>
            <maxpow number="0.6441303689498422"/>
            <maxpow number="0.6441303689498422"/>
            <fprob>0.0</fprob>
        </actor>
        <actor name="D0N12">
            <wcet number="0">80</wcet>
            <wcet number="1">80</wcet>
            <maxpow number="0.6737400772709202"/>
            <maxpow number="0.6737400772709202"/>
            <fprob>0.0</fprob>
        </actor>
        <actor name="D0N13">
            <wcet number="0">40</wcet>
            <wcet number="1">60</wcet>
            <maxpow number="0.583613819946105"/>
            <maxpow number="0.583613819946105"/>
            <fprob>0.0</fprob>
        </actor>
        <actor name="D0N43">
            <wcet number="0">40</wcet>
            <wcet number="1">40</wcet>
            <maxpow number="0.6833706116120581"/>
            <maxpow number="0.6833706116120581"/>
            <fprob>0.0</fprob>
        </actor>
        <actor name="D0N1">
            <wcet number="0">30</wcet>
            <wcet number="1">50</wcet>
            <maxpow number="0.7196275397290535"/>
            <maxpow number="0.7196275397290535"/>
            <fprob>0.0</fprob>
        </actor>
        <actor name="D0N46">
            <wcet number="0">100</wcet>
            <wcet number="1">240</wcet>
            <maxpow number="0.5815344338191306"/>
            <maxpow number="0.5815344338191306"/>
            <fprob>0.0</fprob>
        </actor>
        <actor name="D0N22">
            <wcet number="0">20</wcet>
            <wcet number="1">40</wcet>
            <maxpow number="0.46395954010362767"/>
            <maxpow number="0.46395954010362767"/>
            <fprob>0.0</fprob>
        </actor>
        <actor name="D0N29">
            <wcet number="0">10</wcet>
            <wcet number="1">60</wcet>
            <maxpow number="0.6988320650887698"/>
            <maxpow number="0.6988320650887698"/>
            <fprob>0.0</fprob>
        </actor>
        <actor name="D0N3">
            <wcet number="0">20</wcet>
            <wcet number="1">20</wcet>
            <maxpow number="0.5318437615251665"/>
            <maxpow number="0.5318437615251665"/>
            <fprob>0.0</fprob>
        </actor>
        <actor name="D0N41">
            <wcet number="0">30</wcet>
            <wcet number="1">30</wcet>
            <maxpow number="0.40550950932750573"/>
            <maxpow number="0.40550950932750573"/>
            <fprob>0.0</fprob>
        </actor>
        <actor name="D0N33">
            <wcet number="0">10</wcet>
            <wcet number="1">20</wcet>
            <maxpow number="0.5327838017678985"/>
            <maxpow number="0.5327838017678985"/>
            <fprob>0.0</fprob>
        </actor>
        <actor name="D0N17">
            <wcet number="0">110</wcet>
            <wcet number="1">250</wcet>
            <maxpow number="0.49650999684367075"/>
            <maxpow number="0.49650999684367075"/>
            <fprob>0.0</fprob>
        </actor>
        <actor name="D0N31">
            <wcet number="0">50</wcet>
            <wcet number="1">120</wcet>
            <maxpow number="0.6889363143060896"/>
            <maxpow number="0.6889363143060896"/>
            <fprob>0.0</fprob>
        </actor>
        <actor name="D0N37">
            <wcet number="0">60</wcet>
            <wcet number="1">70</wcet>
            <maxpow number="0.8781043913122268"/>
            <maxpow number="0.8781043913122268"/>
            <fprob>0.0</fprob>
        </actor>
        <actor name="D0N14">
            <wcet number="0">180</wcet>
            <wcet number="1">180</wcet>
            <maxpow number="0.6102693389649869"/>
            <maxpow number="0.6102693389649869"/>
            <fprob>0.0</fprob>
        </actor>
        <actor name="D0N27">
            <wcet number="0">10</wcet>
            <wcet number="1">20</wcet>
            <maxpow number="0.7257083819473877"/>
            <maxpow number="0.7257083819473877"/>
            <fprob>0.0</fprob>
        </actor>
        <actor name="D0N9">
            <wcet number="0">50</wcet>
            <wcet number="1">60</wcet>
            <maxpow number="0.4436531511451861"/>
            <maxpow number="0.4436531511451861"/>
            <fprob>0.0</fprob>
        </actor>
        <actor name="D0N28">
            <wcet number="0">10</wcet>
            <wcet number="1">20</wcet>
            <maxpow number="0.5221140727065634"/>
            <maxpow number="0.5221140727065634"/>
            <fprob>0.0</fprob>
        </actor>
        <ports>
            <port dstActor="D0N44" name="p0" srcActor="D0N36"/>
            <port dstActor="D0N44" name="p1" srcActor="D0N38"/>
            <port dstActor="D0N19" name="p2" srcActor="D0N8"/>
            <port dstActor="D0N35" name="p3" srcActor="D0N8"/>
            <port dstActor="D0N44" name="p4" srcActor="D0N8"/>
            <port dstActor="D0N46" name="p5" srcActor="D0N8"/>
            <port dstActor="D0N21" name="p6" srcActor="D0N8"/>
            <port dstActor="D0N38" name="p7" srcActor="D0N8"/>
            <port dstActor="D0N46" name="p8" srcActor="D0N39"/>
            <port dstActor="D0N41" name="p9" srcActor="D0N39"/>
            <port dstActor="D0N45" name="p10" srcActor="D0N39"/>
            <port dstActor="D0N32" name="p11" srcActor="D0N18"/>
            <port dstActor="D0N20" name="p12" srcActor="D0N18"/>
            <port dstActor="D0N42" name="p13" srcActor="D0N26"/>
            <port dstActor="D0N36" name="p14" srcActor="D0N26"/>
            <port dstActor="D0N40" name="p15" srcActor="D0N26"/>
            <port dstActor="D0N33" name="p16" srcActor="D0N32"/>
            <port dstActor="D0N48" name="p17" srcActor="D0N24"/>
            <port dstActor="D0N34" name="p18" srcActor="D0N24"/>
            <port dstActor="D0N37" name="p19" srcActor="D0N24"/>
            <port dstActor="D0N7" name="p20" srcActor="D0N2"/>
            <port dstActor="D0N24" name="p21" srcActor="D0N2"/>
            <port dstActor="D0N39" name="p22" srcActor="D0N2"/>
            <port dstActor="D0N33" name="p23" srcActor="D0N2"/>
            <port dstActor="D0N17" name="p24" srcActor="D0N7"/>
            <port dstActor="D0N13" name="p25" srcActor="D0N7"/>
            <port dstActor="D0N35" name="p26" srcActor="D0N7"/>
            <port dstActor="D0N31" name="p27" srcActor="D0N7"/>
            <port dstActor="D0N33" name="p28" srcActor="D0N7"/>
            <port dstActor="D0N43" name="p29" srcActor="D0N7"/>
            <port dstActor="D0N15" name="p30" srcActor="D0N11"/>
            <port dstActor="D0N26" name="p31" srcActor="D0N11"/>
            <port dstActor="D0N22" name="p32" srcActor="D0N11"/>
            <port dstActor="D0N36" name="p33" srcActor="D0N11"/>
            <port dstActor="D0N31" name="p34" srcActor="D0N10"/>
            <port dstActor="D0N46" name="p35" srcActor="D0N10"/>
            <port dstActor="D0N29" name="p36" srcActor="D0N10"/>
            <port dstActor="D0N13" name="p37" srcActor="D0N10"/>
            <port dstActor="D0N40" name="p38" srcActor="D0N10"/>
            <port dstActor="D0N46" name="p39" srcActor="D0N45"/>
            <port dstActor="D0N42" name="p40" srcActor="D0N25"/>
            <port dstActor="D0N34" name="p41" srcActor="D0N25"/>
            <port dstActor="D0N36" name="p42" srcActor="D0N20"/>
            <port dstActor="D0N33" name="p43" srcActor="D0N20"/>
            <port dstActor="D0N40" name="p44" srcActor="D0N5"/>
            <port dstActor="D0N7" name="p45" srcActor="D0N5"/>
            <port dstActor="D0N13" name="p46" srcActor="D0N5"/>
            <port dstActor="D0N22" name="p47" srcActor="D0N5"/>
            <port dstActor="D0N8" name="p48" srcActor="D0N5"/>
            <port dstActor="D0N45" name="p49" srcActor="D0N5"/>
            <port dstActor="D0N13" name="p50" srcActor="D0N6"/>
            <port dstActor="D0N22" name="p51" srcActor="D0N6"/>
            <port dstActor="D0N33" name="p52" srcActor="D0N6"/>
            <port dstActor="D0N35" name="p53" srcActor="D0N0"/>
            <port dstActor="D0N17" name="p54" srcActor="D0N0"/>
            <port dstActor="D0N20" name="p55" srcActor="D0N0"/>
            <port dstActor="D0N29" name="p56" srcActor="D0N0"/>
            <port dstActor="D0N48" name="p57" srcActor="D0N34"/>
            <port dstActor="D0N47" name="p58" srcActor="D0N34"/>
            <port dstActor="D0N45" name="p59" srcActor="D0N40"/>
            <port dstActor="D0N29" name="p60" srcActor="D0N16"/>
            <port dstActor="D0N19" name="p61" srcActor="D0N16"/>
            <port dstActor="D0N18" name="p62" srcActor="D0N16"/>
            <port dstActor="D0N42" name="p63" srcActor="D0N16"/>
            <port dstActor="D0N47" name="p64" srcActor="D0N35"/>
            <port dstActor="D0N36" name="p65" srcActor="D0N35"/>
            <port dstActor="D0N48" name="p66" srcActor="D0N47"/>
            <port dstActor="D0N34" name="p67" srcActor="D0N30"/>
            <port dstActor="D0N44" name="p68" srcActor="D0N30"/>
            <port dstActor="D0N47" name="p69" srcActor="D0N30"/>
            <port dstActor="D0N38" name="p70" srcActor="D0N30"/>
            <port dstActor="D0N5" name="p71" srcActor="D0N4"/>
            <port dstActor="D0N31" name="p72" srcActor="D0N4"/>
            <port dstActor="D0N38" name="p73" srcActor="D0N4"/>
            <port dstActor="D0N10" name="p74" srcActor="D0N4"/>
            <port dstActor="D0N13" name="p75" srcActor="D0N4"/>
            <port dstActor="D0N32" name="p76" srcActor="D0N21"/>
            <port dstActor="D0N30" name="p77" srcActor="D0N21"/>
            <port dstActor="D0N34" name="p78" srcActor="D0N21"/>
            <port dstActor="D0N41" name="p79" srcActor="D0N21"/>
            <port dstActor="D0N25" name="p80" srcActor="D0N21"/>
            <port dstActor="D0N28" name="p81" srcActor="D0N15"/>
            <port dstActor="D0N25" name="p82" srcActor="D0N15"/>
            <port dstActor="D0N26" name="p83" srcActor="D0N15"/>
            <port dstActor="D0N32" name="p84" srcActor="D0N15"/>
            <port dstActor="D0N21" name="p85" srcActor="D0N15"/>
            <port dstActor="D0N30" name="p86" srcActor="D0N15"/>
            <port dstActor="D0N24" name="p87" srcActor="D0N23"/>
            <port dstActor="D0N35" name="p88" srcActor="D0N12"/>
            <port dstActor="D0N37" name="p89" srcActor="D0N12"/>
            <port dstActor="D0N39" name="p90" srcActor="D0N12"/>
            <port dstActor="D0N45" name="p91" srcActor="D0N13"/>
            <port dstActor="D0N17" name="p92" srcActor="D0N13"/>
            <port dstActor="D0N32" name="p93" srcActor="D0N13"/>
            <port dstActor="D0N48" name="p94" srcActor="D0N13"/>
            <port dstActor="D0N43" name="p95" srcActor="D0N13"/>
            <port dstActor="D0N35" name="p96" srcActor="D0N13"/>
            <port dstActor="D0N39" name="p97" srcActor="D0N13"/>
            <port dstActor="D0N46" name="p98" srcActor="D0N13"/>
            <port dstActor="D0N28" name="p99" srcActor="D0N1"/>
            <port dstActor="D0N17" name="p100" srcActor="D0N1"/>
            <port dstActor="D0N33" name="p101" srcActor="D0N1"/>
            <port dstActor="D0N28" name="p102" srcActor="D0N22"/>
            <port dstActor="D0N24" name="p103" srcActor="D0N22"/>
            <port dstActor="D0N37" name="p104" srcActor="D0N22"/>
            <port dstActor="D0N39" name="p105" srcActor="D0N22"/>
            <port dstActor="D0N34" name="p106" srcActor="D0N29"/>
            <port dstActor="D0N39" name="p107" srcActor="D0N29"/>
            <port dstActor="D0N27" name="p108" srcActor="D0N3"/>
            <port dstActor="D0N23" name="p109" srcActor="D0N3"/>
            <port dstActor="D0N44" name="p110" srcActor="D0N3"/>
            <port dstActor="D0N36" name="p111" srcActor="D0N3"/>
            <port dstActor="D0N38" name="p112" srcActor="D0N33"/>
            <port dstActor="D0N24" name="p113" srcActor="D0N17"/>
            <port dstActor="D0N29" name="p114" srcActor="D0N17"/>
            <port dstActor="D0N44" name="p115" srcActor="D0N17"/>
            <port dstActor="D0N47" name="p116" srcActor="D0N31"/>
            <port dstActor="D0N33" name="p117" srcActor="D0N31"/>
            <port dstActor="D0N35" name="p118" srcActor="D0N14"/>
            <port dstActor="D0N38" name="p119" srcActor="D0N27"/>
            <port dstActor="D0N34" name="p120" srcActor="D0N27"/>
            <port dstActor="D0N36" name="p121" srcActor="D0N27"/>
            <port dstActor="D0N40" name="p122" srcActor="D0N27"/>
            <port dstActor="D0N31" name="p123" srcActor="D0N27"/>
            <port dstActor="D0N27" name="p124" srcActor="D0N9"/>
            <port dstActor="D0N32" name="p125" srcActor="D0N9"/>
            <port dstActor="D0N22" name="p126" srcActor="D0N9"/>
            <port dstActor="D0N40" name="p127" srcActor="D0N9"/>
            <port dstActor="D0N44" name="p128" srcActor="D0N28"/>
        </ports>
    </mcdag>
    <cores number="3"/>
    <levels number="2"/>
</mcsystem>
