<?xml version="1.0" encoding="UTF-8" standalone="no"?>
<mcsystem>
    <mcdag deadline="1800" name="genned-0-ed-10.0-0">
        <actor name="D0N13">
            <wcet number="0">20</wcet>
            <wcet number="1">40</wcet>
            <maxpow number="0.4119683140967477"/>
            <maxpow number="0.4119683140967477"/>
            <fprob>0.0</fprob>
        </actor>
        <actor name="D0N37">
            <wcet number="0">30</wcet>
            <wcet number="1">30</wcet>
            <maxpow number="0.2409092261408683"/>
            <maxpow number="0.2409092261408683"/>
            <fprob>0.0</fprob>
        </actor>
        <actor name="D0N6">
            <wcet number="0">30</wcet>
            <wcet number="1">50</wcet>
            <maxpow number="0.7679922796873471"/>
            <maxpow number="0.7679922796873471"/>
            <fprob>0.0</fprob>
        </actor>
        <actor name="D0N18">
            <wcet number="0">20</wcet>
            <wcet number="1">60</wcet>
            <maxpow number="0.15075669553190074"/>
            <maxpow number="0.15075669553190074"/>
            <fprob>0.0</fprob>
        </actor>
        <actor name="D0N46">
            <wcet number="0">130</wcet>
            <wcet number="1">240</wcet>
            <maxpow number="0.32831109514626744"/>
            <maxpow number="0.32831109514626744"/>
            <fprob>0.0</fprob>
        </actor>
        <actor name="D0N11">
            <wcet number="0">30</wcet>
            <wcet number="1">40</wcet>
            <maxpow number="0.12441082347852417"/>
            <maxpow number="0.12441082347852417"/>
            <fprob>0.0</fprob>
        </actor>
        <actor name="D0N28">
            <wcet number="0">10</wcet>
            <wcet number="1">20</wcet>
            <maxpow number="0.4204429806829777"/>
            <maxpow number="0.4204429806829777"/>
            <fprob>0.0</fprob>
        </actor>
        <actor name="D0N39">
            <wcet number="0">40</wcet>
            <wcet number="1">130</wcet>
            <maxpow number="0.44687698769334866"/>
            <maxpow number="0.44687698769334866"/>
            <fprob>0.0</fprob>
        </actor>
        <actor name="D0N8">
            <wcet number="0">80</wcet>
            <wcet number="1">100</wcet>
            <maxpow number="0.5764335745994577"/>
            <maxpow number="0.5764335745994577"/>
            <fprob>0.0</fprob>
        </actor>
        <actor name="D0N49">
            <wcet number="0">60</wcet>
            <wcet number="1">210</wcet>
            <maxpow number="0.7048990286417987"/>
            <maxpow number="0.7048990286417987"/>
            <fprob>0.0</fprob>
        </actor>
        <actor name="D0N14">
            <wcet number="0">230</wcet>
            <wcet number="1">320</wcet>
            <maxpow number="0.5355175224546384"/>
            <maxpow number="0.5355175224546384"/>
            <fprob>0.0</fprob>
        </actor>
        <actor name="D0N30">
            <wcet number="0">210</wcet>
            <wcet number="1">230</wcet>
            <maxpow number="0.5357035489060911"/>
            <maxpow number="0.5357035489060911"/>
            <fprob>0.0</fprob>
        </actor>
        <actor name="D0N35">
            <wcet number="0">10</wcet>
            <wcet number="1">10</wcet>
            <maxpow number="0.3955171526512141"/>
            <maxpow number="0.3955171526512141"/>
            <fprob>0.0</fprob>
        </actor>
        <actor name="D0N20">
            <wcet number="0">10</wcet>
            <wcet number="1">10</wcet>
            <maxpow number="0.3249110025177445"/>
            <maxpow number="0.3249110025177445"/>
            <fprob>0.0</fprob>
        </actor>
        <actor name="D0N12">
            <wcet number="0">100</wcet>
            <wcet number="1">110</wcet>
            <maxpow number="0.5062653854490229"/>
            <maxpow number="0.5062653854490229"/>
            <fprob>0.0</fprob>
        </actor>
        <actor name="D0N44">
            <wcet number="0">10</wcet>
            <wcet number="1">90</wcet>
            <maxpow number="0.38142765615746926"/>
            <maxpow number="0.38142765615746926"/>
            <fprob>0.0</fprob>
        </actor>
        <actor name="D0N47">
            <wcet number="0">10</wcet>
            <wcet number="1">30</wcet>
            <maxpow number="0.6862749168103329"/>
            <maxpow number="0.6862749168103329"/>
            <fprob>0.0</fprob>
        </actor>
        <actor name="D0N31">
            <wcet number="0">150</wcet>
            <wcet number="1">240</wcet>
            <maxpow number="0.7768877836323068"/>
            <maxpow number="0.7768877836323068"/>
            <fprob>0.0</fprob>
        </actor>
        <actor name="D0N36">
            <wcet number="0">10</wcet>
            <wcet number="1">50</wcet>
            <maxpow number="0.5929632626695449"/>
            <maxpow number="0.5929632626695449"/>
            <fprob>0.0</fprob>
        </actor>
        <actor name="D0N38">
            <wcet number="0">80</wcet>
            <wcet number="1">110</wcet>
            <maxpow number="0.5644124888585355"/>
            <maxpow number="0.5644124888585355"/>
            <fprob>0.0</fprob>
        </actor>
        <actor name="D0N26">
            <wcet number="0">10</wcet>
            <wcet number="1">40</wcet>
            <maxpow number="0.5593103602570078"/>
            <maxpow number="0.5593103602570078"/>
            <fprob>0.0</fprob>
        </actor>
        <actor name="D0N43">
            <wcet number="0">70</wcet>
            <wcet number="1">200</wcet>
            <maxpow number="0.7669050959104988"/>
            <maxpow number="0.7669050959104988"/>
            <fprob>0.0</fprob>
        </actor>
        <actor name="D0N9">
            <wcet number="0">240</wcet>
            <wcet number="1">260</wcet>
            <maxpow number="0.729073772708138"/>
            <maxpow number="0.729073772708138"/>
            <fprob>0.0</fprob>
        </actor>
        <actor name="D0N22">
            <wcet number="0">40</wcet>
            <wcet number="1">80</wcet>
            <maxpow number="0.822836419611"/>
            <maxpow number="0.822836419611"/>
            <fprob>0.0</fprob>
        </actor>
        <actor name="D0N0">
            <wcet number="0">190</wcet>
            <wcet number="1">310</wcet>
            <maxpow number="0.49579745581375223"/>
            <maxpow number="0.49579745581375223"/>
            <fprob>0.0</fprob>
        </actor>
        <actor name="D0N32">
            <wcet number="0">40</wcet>
            <wcet number="1">50</wcet>
            <maxpow number="0.3525814674474661"/>
            <maxpow number="0.3525814674474661"/>
            <fprob>0.0</fprob>
        </actor>
        <actor name="D0N16">
            <wcet number="0">40</wcet>
            <wcet number="1">70</wcet>
            <maxpow number="0.47763265097405255"/>
            <maxpow number="0.47763265097405255"/>
            <fprob>0.0</fprob>
        </actor>
        <actor name="D0N25">
            <wcet number="0">50</wcet>
            <wcet number="1">50</wcet>
            <maxpow number="0.6215086221244135"/>
            <maxpow number="0.6215086221244135"/>
            <fprob>0.0</fprob>
        </actor>
        <actor name="D0N10">
            <wcet number="0">120</wcet>
            <wcet number="1">330</wcet>
            <maxpow number="0.36740195047352436"/>
            <maxpow number="0.36740195047352436"/>
            <fprob>0.0</fprob>
        </actor>
        <actor name="D0N40">
            <wcet number="0">30</wcet>
            <wcet number="1">80</wcet>
            <maxpow number="0.7545312982604968"/>
            <maxpow number="0.7545312982604968"/>
            <fprob>0.0</fprob>
        </actor>
        <actor name="D0N2">
            <wcet number="0">10</wcet>
            <wcet number="1">20</wcet>
            <maxpow number="0.5543140194638058"/>
            <maxpow number="0.5543140194638058"/>
            <fprob>0.0</fprob>
        </actor>
        <actor name="D0N21">
            <wcet number="0">10</wcet>
            <wcet number="1">70</wcet>
            <maxpow number="0.6266781712663393"/>
            <maxpow number="0.6266781712663393"/>
            <fprob>0.0</fprob>
        </actor>
        <actor name="D0N41">
            <wcet number="0">50</wcet>
            <wcet number="1">70</wcet>
            <maxpow number="0.7210695997776531"/>
            <maxpow number="0.7210695997776531"/>
            <fprob>0.0</fprob>
        </actor>
        <actor name="D0N23">
            <wcet number="0">10</wcet>
            <wcet number="1">20</wcet>
            <maxpow number="0.7502829353538857"/>
            <maxpow number="0.7502829353538857"/>
            <fprob>0.0</fprob>
        </actor>
        <actor name="D0N7">
            <wcet number="0">10</wcet>
            <wcet number="1">80</wcet>
            <maxpow number="0.33744497788089634"/>
            <maxpow number="0.33744497788089634"/>
            <fprob>0.0</fprob>
        </actor>
        <actor name="D0N29">
            <wcet number="0">10</wcet>
            <wcet number="1">20</wcet>
            <maxpow number="0.5170605694684314"/>
            <maxpow number="0.5170605694684314"/>
            <fprob>0.0</fprob>
        </actor>
        <actor name="D0N17">
            <wcet number="0">20</wcet>
            <wcet number="1">70</wcet>
            <maxpow number="0.41937146447855966"/>
            <maxpow number="0.41937146447855966"/>
            <fprob>0.0</fprob>
        </actor>
        <actor name="D0N1">
            <wcet number="0">70</wcet>
            <wcet number="1">100</wcet>
            <maxpow number="0.3852866641185609"/>
            <maxpow number="0.3852866641185609"/>
            <fprob>0.0</fprob>
        </actor>
        <actor name="D0N24">
            <wcet number="0">20</wcet>
            <wcet number="1">20</wcet>
            <maxpow number="0.5118316262637853"/>
            <maxpow number="0.5118316262637853"/>
            <fprob>0.0</fprob>
        </actor>
        <actor name="D0N34">
            <wcet number="0">40</wcet>
            <wcet number="1">40</wcet>
            <maxpow number="0.7811761279142722"/>
            <maxpow number="0.7811761279142722"/>
            <fprob>0.0</fprob>
        </actor>
        <actor name="D0N15">
            <wcet number="0">80</wcet>
            <wcet number="1">110</wcet>
            <maxpow number="0.5399461555464061"/>
            <maxpow number="0.5399461555464061"/>
            <fprob>0.0</fprob>
        </actor>
        <actor name="D0N3">
            <wcet number="0">30</wcet>
            <wcet number="1">40</wcet>
            <maxpow number="0.42479789196021656"/>
            <maxpow number="0.42479789196021656"/>
            <fprob>0.0</fprob>
        </actor>
        <actor name="D0N45">
            <wcet number="0">10</wcet>
            <wcet number="1">70</wcet>
            <maxpow number="0.8067319181243602"/>
            <maxpow number="0.8067319181243602"/>
            <fprob>0.0</fprob>
        </actor>
        <actor name="D0N19">
            <wcet number="0">50</wcet>
            <wcet number="1">50</wcet>
            <maxpow number="0.6790281378524192"/>
            <maxpow number="0.6790281378524192"/>
            <fprob>0.0</fprob>
        </actor>
        <actor name="D0N27">
            <wcet number="0">120</wcet>
            <wcet number="1">130</wcet>
            <maxpow number="0.8218900238443072"/>
            <maxpow number="0.8218900238443072"/>
            <fprob>0.0</fprob>
        </actor>
        <actor name="D0N33">
            <wcet number="0">70</wcet>
            <wcet number="1">120</wcet>
            <maxpow number="0.6686036099124963"/>
            <maxpow number="0.6686036099124963"/>
            <fprob>0.0</fprob>
        </actor>
        <actor name="D0N4">
            <wcet number="0">50</wcet>
            <wcet number="1">250</wcet>
            <maxpow number="0.522887065986931"/>
            <maxpow number="0.522887065986931"/>
            <fprob>0.0</fprob>
        </actor>
        <actor name="D0N42">
            <wcet number="0">20</wcet>
            <wcet number="1">160</wcet>
            <maxpow number="0.498035205777416"/>
            <maxpow number="0.498035205777416"/>
            <fprob>0.0</fprob>
        </actor>
        <actor name="D0N5">
            <wcet number="0">110</wcet>
            <wcet number="1">150</wcet>
            <maxpow number="0.853499704315218"/>
            <maxpow number="0.853499704315218"/>
            <fprob>0.0</fprob>
        </actor>
        <actor name="D0N48">
            <wcet number="0">40</wcet>
            <wcet number="1">40</wcet>
            <maxpow number="0.7065701016564178"/>
            <maxpow number="0.7065701016564178"/>
            <fprob>0.0</fprob>
        </actor>
        <ports>
            <port dstActor="D0N25" name="p0" srcActor="D0N13"/>
            <port dstActor="D0N35" name="p1" srcActor="D0N13"/>
            <port dstActor="D0N30" name="p2" srcActor="D0N13"/>
            <port dstActor="D0N41" name="p3" srcActor="D0N13"/>
            <port dstActor="D0N40" name="p4" srcActor="D0N37"/>
            <port dstActor="D0N41" name="p5" srcActor="D0N37"/>
            <port dstActor="D0N44" name="p6" srcActor="D0N6"/>
            <port dstActor="D0N8" name="p7" srcActor="D0N6"/>
            <port dstActor="D0N28" name="p8" srcActor="D0N6"/>
            <port dstActor="D0N46" name="p9" srcActor="D0N6"/>
            <port dstActor="D0N43" name="p10" srcActor="D0N6"/>
            <port dstActor="D0N16" name="p11" srcActor="D0N6"/>
            <port dstActor="D0N35" name="p12" srcActor="D0N6"/>
            <port dstActor="D0N27" name="p13" srcActor="D0N18"/>
            <port dstActor="D0N20" name="p14" srcActor="D0N18"/>
            <port dstActor="D0N32" name="p15" srcActor="D0N18"/>
            <port dstActor="D0N23" name="p16" srcActor="D0N18"/>
            <port dstActor="D0N28" name="p17" srcActor="D0N18"/>
            <port dstActor="D0N33" name="p18" srcActor="D0N18"/>
            <port dstActor="D0N35" name="p19" srcActor="D0N18"/>
            <port dstActor="D0N41" name="p20" srcActor="D0N11"/>
            <port dstActor="D0N13" name="p21" srcActor="D0N11"/>
            <port dstActor="D0N37" name="p22" srcActor="D0N11"/>
            <port dstActor="D0N44" name="p23" srcActor="D0N11"/>
            <port dstActor="D0N40" name="p24" srcActor="D0N28"/>
            <port dstActor="D0N48" name="p25" srcActor="D0N39"/>
            <port dstActor="D0N43" name="p26" srcActor="D0N39"/>
            <port dstActor="D0N32" name="p27" srcActor="D0N8"/>
            <port dstActor="D0N9" name="p28" srcActor="D0N8"/>
            <port dstActor="D0N39" name="p29" srcActor="D0N8"/>
            <port dstActor="D0N24" name="p30" srcActor="D0N8"/>
            <port dstActor="D0N30" name="p31" srcActor="D0N8"/>
            <port dstActor="D0N47" name="p32" srcActor="D0N14"/>
            <port dstActor="D0N18" name="p33" srcActor="D0N14"/>
            <port dstActor="D0N16" name="p34" srcActor="D0N14"/>
            <port dstActor="D0N26" name="p35" srcActor="D0N14"/>
            <port dstActor="D0N32" name="p36" srcActor="D0N30"/>
            <port dstActor="D0N35" name="p37" srcActor="D0N30"/>
            <port dstActor="D0N40" name="p38" srcActor="D0N35"/>
            <port dstActor="D0N44" name="p39" srcActor="D0N20"/>
            <port dstActor="D0N42" name="p40" srcActor="D0N20"/>
            <port dstActor="D0N28" name="p41" srcActor="D0N20"/>
            <port dstActor="D0N17" name="p42" srcActor="D0N12"/>
            <port dstActor="D0N19" name="p43" srcActor="D0N12"/>
            <port dstActor="D0N23" name="p44" srcActor="D0N12"/>
            <port dstActor="D0N27" name="p45" srcActor="D0N12"/>
            <port dstActor="D0N16" name="p46" srcActor="D0N12"/>
            <port dstActor="D0N18" name="p47" srcActor="D0N12"/>
            <port dstActor="D0N32" name="p48" srcActor="D0N12"/>
            <port dstActor="D0N47" name="p49" srcActor="D0N44"/>
            <port dstActor="D0N37" name="p50" srcActor="D0N36"/>
            <port dstActor="D0N40" name="p51" srcActor="D0N38"/>
            <port dstActor="D0N30" name="p52" srcActor="D0N26"/>
            <port dstActor="D0N37" name="p53" srcActor="D0N26"/>
            <port dstActor="D0N32" name="p54" srcActor="D0N26"/>
            <port dstActor="D0N45" name="p55" srcActor="D0N26"/>
            <port dstActor="D0N47" name="p56" srcActor="D0N43"/>
            <port dstActor="D0N29" name="p57" srcActor="D0N9"/>
            <port dstActor="D0N48" name="p58" srcActor="D0N9"/>
            <port dstActor="D0N27" name="p59" srcActor="D0N9"/>
            <port dstActor="D0N24" name="p60" srcActor="D0N9"/>
            <port dstActor="D0N27" name="p61" srcActor="D0N22"/>
            <port dstActor="D0N25" name="p62" srcActor="D0N22"/>
            <port dstActor="D0N28" name="p63" srcActor="D0N22"/>
            <port dstActor="D0N34" name="p64" srcActor="D0N22"/>
            <port dstActor="D0N8" name="p65" srcActor="D0N0"/>
            <port dstActor="D0N22" name="p66" srcActor="D0N0"/>
            <port dstActor="D0N34" name="p67" srcActor="D0N32"/>
            <port dstActor="D0N44" name="p68" srcActor="D0N32"/>
            <port dstActor="D0N17" name="p69" srcActor="D0N16"/>
            <port dstActor="D0N44" name="p70" srcActor="D0N16"/>
            <port dstActor="D0N18" name="p71" srcActor="D0N16"/>
            <port dstActor="D0N37" name="p72" srcActor="D0N25"/>
            <port dstActor="D0N40" name="p73" srcActor="D0N25"/>
            <port dstActor="D0N34" name="p74" srcActor="D0N10"/>
            <port dstActor="D0N38" name="p75" srcActor="D0N10"/>
            <port dstActor="D0N39" name="p76" srcActor="D0N10"/>
            <port dstActor="D0N37" name="p77" srcActor="D0N10"/>
            <port dstActor="D0N4" name="p78" srcActor="D0N2"/>
            <port dstActor="D0N16" name="p79" srcActor="D0N2"/>
            <port dstActor="D0N29" name="p80" srcActor="D0N2"/>
            <port dstActor="D0N48" name="p81" srcActor="D0N21"/>
            <port dstActor="D0N49" name="p82" srcActor="D0N21"/>
            <port dstActor="D0N42" name="p83" srcActor="D0N21"/>
            <port dstActor="D0N23" name="p84" srcActor="D0N21"/>
            <port dstActor="D0N44" name="p85" srcActor="D0N23"/>
            <port dstActor="D0N39" name="p86" srcActor="D0N23"/>
            <port dstActor="D0N27" name="p87" srcActor="D0N7"/>
            <port dstActor="D0N30" name="p88" srcActor="D0N7"/>
            <port dstActor="D0N37" name="p89" srcActor="D0N29"/>
            <port dstActor="D0N38" name="p90" srcActor="D0N29"/>
            <port dstActor="D0N44" name="p91" srcActor="D0N29"/>
            <port dstActor="D0N40" name="p92" srcActor="D0N17"/>
            <port dstActor="D0N29" name="p93" srcActor="D0N17"/>
            <port dstActor="D0N48" name="p94" srcActor="D0N17"/>
            <port dstActor="D0N35" name="p95" srcActor="D0N17"/>
            <port dstActor="D0N14" name="p96" srcActor="D0N1"/>
            <port dstActor="D0N47" name="p97" srcActor="D0N24"/>
            <port dstActor="D0N43" name="p98" srcActor="D0N24"/>
            <port dstActor="D0N31" name="p99" srcActor="D0N24"/>
            <port dstActor="D0N45" name="p100" srcActor="D0N24"/>
            <port dstActor="D0N29" name="p101" srcActor="D0N24"/>
            <port dstActor="D0N47" name="p102" srcActor="D0N34"/>
            <port dstActor="D0N32" name="p103" srcActor="D0N15"/>
            <port dstActor="D0N20" name="p104" srcActor="D0N15"/>
            <port dstActor="D0N22" name="p105" srcActor="D0N15"/>
            <port dstActor="D0N31" name="p106" srcActor="D0N3"/>
            <port dstActor="D0N8" name="p107" srcActor="D0N3"/>
            <port dstActor="D0N34" name="p108" srcActor="D0N3"/>
            <port dstActor="D0N36" name="p109" srcActor="D0N3"/>
            <port dstActor="D0N47" name="p110" srcActor="D0N3"/>
            <port dstActor="D0N47" name="p111" srcActor="D0N45"/>
            <port dstActor="D0N48" name="p112" srcActor="D0N45"/>
            <port dstActor="D0N24" name="p113" srcActor="D0N19"/>
            <port dstActor="D0N41" name="p114" srcActor="D0N27"/>
            <port dstActor="D0N49" name="p115" srcActor="D0N27"/>
            <port dstActor="D0N40" name="p116" srcActor="D0N33"/>
            <port dstActor="D0N47" name="p117" srcActor="D0N33"/>
            <port dstActor="D0N46" name="p118" srcActor="D0N4"/>
            <port dstActor="D0N31" name="p119" srcActor="D0N4"/>
            <port dstActor="D0N15" name="p120" srcActor="D0N4"/>
            <port dstActor="D0N38" name="p121" srcActor="D0N4"/>
            <port dstActor="D0N10" name="p122" srcActor="D0N4"/>
            <port dstActor="D0N46" name="p123" srcActor="D0N42"/>
            <port dstActor="D0N36" name="p124" srcActor="D0N5"/>
            <port dstActor="D0N35" name="p125" srcActor="D0N5"/>
            <port dstActor="D0N41" name="p126" srcActor="D0N5"/>
            <port dstActor="D0N26" name="p127" srcActor="D0N5"/>
            <port dstActor="D0N18" name="p128" srcActor="D0N5"/>
            <port dstActor="D0N42" name="p129" srcActor="D0N5"/>
        </ports>
    </mcdag>
    <cores number="3"/>
    <levels number="2"/>
</mcsystem>
