<?xml version="1.0" encoding="UTF-8" standalone="no"?>
<mcsystem>
    <mcdag deadline="2000" name="genned-0-ed-10.0-0">
        <actor name="D0N12">
            <wcet number="0">10</wcet>
            <wcet number="1">130</wcet>
            <maxpow number="0.04486761959575958"/>
            <maxpow number="0.04486761959575958"/>
            <fprob>0.0</fprob>
        </actor>
        <actor name="D0N18">
            <wcet number="0">10</wcet>
            <wcet number="1">10</wcet>
            <maxpow number="0.4080861485707018"/>
            <maxpow number="0.4080861485707018"/>
            <fprob>0.0</fprob>
        </actor>
        <actor name="D0N4">
            <wcet number="0">40</wcet>
            <wcet number="1">40</wcet>
            <maxpow number="0.5374839629203694"/>
            <maxpow number="0.5374839629203694"/>
            <fprob>0.0</fprob>
        </actor>
        <actor name="D0N11">
            <wcet number="0">40</wcet>
            <wcet number="1">50</wcet>
            <maxpow number="0.4761721526843443"/>
            <maxpow number="0.4761721526843443"/>
            <fprob>0.0</fprob>
        </actor>
        <actor name="D0N3">
            <wcet number="0">30</wcet>
            <wcet number="1">70</wcet>
            <maxpow number="0.3816218198922766"/>
            <maxpow number="0.3816218198922766"/>
            <fprob>0.0</fprob>
        </actor>
        <actor name="D0N36">
            <wcet number="0">90</wcet>
            <wcet number="1">160</wcet>
            <maxpow number="0.6838571265532442"/>
            <maxpow number="0.6838571265532442"/>
            <fprob>0.0</fprob>
        </actor>
        <actor name="D0N44">
            <wcet number="0">30</wcet>
            <wcet number="1">30</wcet>
            <maxpow number="0.5229712372245021"/>
            <maxpow number="0.5229712372245021"/>
            <fprob>0.0</fprob>
        </actor>
        <actor name="D0N39">
            <wcet number="0">50</wcet>
            <wcet number="1">270</wcet>
            <maxpow number="0.35378791595254"/>
            <maxpow number="0.35378791595254"/>
            <fprob>0.0</fprob>
        </actor>
        <actor name="D0N1">
            <wcet number="0">100</wcet>
            <wcet number="1">120</wcet>
            <maxpow number="0.5657293597808247"/>
            <maxpow number="0.5657293597808247"/>
            <fprob>0.0</fprob>
        </actor>
        <actor name="D0N2">
            <wcet number="0">190</wcet>
            <wcet number="1">260</wcet>
            <maxpow number="0.5082248029042254"/>
            <maxpow number="0.5082248029042254"/>
            <fprob>0.0</fprob>
        </actor>
        <actor name="D0N30">
            <wcet number="0">20</wcet>
            <wcet number="1">20</wcet>
            <maxpow number="0.4862853439349611"/>
            <maxpow number="0.4862853439349611"/>
            <fprob>0.0</fprob>
        </actor>
        <actor name="D0N25">
            <wcet number="0">10</wcet>
            <wcet number="1">30</wcet>
            <maxpow number="0.8792429676938318"/>
            <maxpow number="0.8792429676938318"/>
            <fprob>0.0</fprob>
        </actor>
        <actor name="D0N0">
            <wcet number="0">80</wcet>
            <wcet number="1">100</wcet>
            <maxpow number="0.27611048511713887"/>
            <maxpow number="0.27611048511713887"/>
            <fprob>0.0</fprob>
        </actor>
        <actor name="D0N31">
            <wcet number="0">190</wcet>
            <wcet number="1">220</wcet>
            <maxpow number="0.507502787602208"/>
            <maxpow number="0.507502787602208"/>
            <fprob>0.0</fprob>
        </actor>
        <actor name="D0N9">
            <wcet number="0">20</wcet>
            <wcet number="1">30</wcet>
            <maxpow number="0.35350566078113166"/>
            <maxpow number="0.35350566078113166"/>
            <fprob>0.0</fprob>
        </actor>
        <actor name="D0N5">
            <wcet number="0">90</wcet>
            <wcet number="1">90</wcet>
            <maxpow number="0.6822620096576707"/>
            <maxpow number="0.6822620096576707"/>
            <fprob>0.0</fprob>
        </actor>
        <actor name="D0N10">
            <wcet number="0">20</wcet>
            <wcet number="1">30</wcet>
            <maxpow number="0.6255164218441902"/>
            <maxpow number="0.6255164218441902"/>
            <fprob>0.0</fprob>
        </actor>
        <actor name="D0N37">
            <wcet number="0">10</wcet>
            <wcet number="1">40</wcet>
            <maxpow number="0.589259811505987"/>
            <maxpow number="0.589259811505987"/>
            <fprob>0.0</fprob>
        </actor>
        <actor name="D0N23">
            <wcet number="0">30</wcet>
            <wcet number="1">40</wcet>
            <maxpow number="0.5734973153650317"/>
            <maxpow number="0.5734973153650317"/>
            <fprob>0.0</fprob>
        </actor>
        <actor name="D0N19">
            <wcet number="0">60</wcet>
            <wcet number="1">80</wcet>
            <maxpow number="0.2545954975515721"/>
            <maxpow number="0.2545954975515721"/>
            <fprob>0.0</fprob>
        </actor>
        <actor name="D0N32">
            <wcet number="0">50</wcet>
            <wcet number="1">50</wcet>
            <maxpow number="0.3676947769649704"/>
            <maxpow number="0.3676947769649704"/>
            <fprob>0.0</fprob>
        </actor>
        <actor name="D0N22">
            <wcet number="0">10</wcet>
            <wcet number="1">50</wcet>
            <maxpow number="0.6224463884688952"/>
            <maxpow number="0.6224463884688952"/>
            <fprob>0.0</fprob>
        </actor>
        <actor name="D0N26">
            <wcet number="0">10</wcet>
            <wcet number="1">10</wcet>
            <maxpow number="0.2767526235551343"/>
            <maxpow number="0.2767526235551343"/>
            <fprob>0.0</fprob>
        </actor>
        <actor name="D0N17">
            <wcet number="0">310</wcet>
            <wcet number="1">390</wcet>
            <maxpow number="0.5279001954287288"/>
            <maxpow number="0.5279001954287288"/>
            <fprob>0.0</fprob>
        </actor>
        <actor name="D0N20">
            <wcet number="0">30</wcet>
            <wcet number="1">40</wcet>
            <maxpow number="0.5919980823554594"/>
            <maxpow number="0.5919980823554594"/>
            <fprob>0.0</fprob>
        </actor>
        <actor name="D0N46">
            <wcet number="0">30</wcet>
            <wcet number="1">60</wcet>
            <maxpow number="0.43121126006076205"/>
            <maxpow number="0.43121126006076205"/>
            <fprob>0.0</fprob>
        </actor>
        <actor name="D0N45">
            <wcet number="0">200</wcet>
            <wcet number="1">340</wcet>
            <maxpow number="0.6752326677649324"/>
            <maxpow number="0.6752326677649324"/>
            <fprob>0.0</fprob>
        </actor>
        <actor name="D0N33">
            <wcet number="0">50</wcet>
            <wcet number="1">170</wcet>
            <maxpow number="0.5562446050990443"/>
            <maxpow number="0.5562446050990443"/>
            <fprob>0.0</fprob>
        </actor>
        <actor name="D0N34">
            <wcet number="0">20</wcet>
            <wcet number="1">120</wcet>
            <maxpow number="0.22289511174812288"/>
            <maxpow number="0.22289511174812288"/>
            <fprob>0.0</fprob>
        </actor>
        <actor name="D0N43">
            <wcet number="0">10</wcet>
            <wcet number="1">20</wcet>
            <maxpow number="0.31709321133552826"/>
            <maxpow number="0.31709321133552826"/>
            <fprob>0.0</fprob>
        </actor>
        <actor name="D0N47">
            <wcet number="0">130</wcet>
            <wcet number="1">490</wcet>
            <maxpow number="0.6212670951552708"/>
            <maxpow number="0.6212670951552708"/>
            <fprob>0.0</fprob>
        </actor>
        <actor name="D0N38">
            <wcet number="0">220</wcet>
            <wcet number="1">330</wcet>
            <maxpow number="0.7021339148710296"/>
            <maxpow number="0.7021339148710296"/>
            <fprob>0.0</fprob>
        </actor>
        <actor name="D0N40">
            <wcet number="0">120</wcet>
            <wcet number="1">160</wcet>
            <maxpow number="0.48522034521082275"/>
            <maxpow number="0.48522034521082275"/>
            <fprob>0.0</fprob>
        </actor>
        <actor name="D0N35">
            <wcet number="0">10</wcet>
            <wcet number="1">10</wcet>
            <maxpow number="0.49990546400890695"/>
            <maxpow number="0.49990546400890695"/>
            <fprob>0.0</fprob>
        </actor>
        <actor name="D0N28">
            <wcet number="0">20</wcet>
            <wcet number="1">30</wcet>
            <maxpow number="0.5327456598077752"/>
            <maxpow number="0.5327456598077752"/>
            <fprob>0.0</fprob>
        </actor>
        <actor name="D0N15">
            <wcet number="0">150</wcet>
            <wcet number="1">330</wcet>
            <maxpow number="0.38422073414641084"/>
            <maxpow number="0.38422073414641084"/>
            <fprob>0.0</fprob>
        </actor>
        <actor name="D0N42">
            <wcet number="0">20</wcet>
            <wcet number="1">30</wcet>
            <maxpow number="0.542587888399238"/>
            <maxpow number="0.542587888399238"/>
            <fprob>0.0</fprob>
        </actor>
        <actor name="D0N8">
            <wcet number="0">80</wcet>
            <wcet number="1">120</wcet>
            <maxpow number="0.6876038669701432"/>
            <maxpow number="0.6876038669701432"/>
            <fprob>0.0</fprob>
        </actor>
        <actor name="D0N27">
            <wcet number="0">20</wcet>
            <wcet number="1">50</wcet>
            <maxpow number="0.6350264738755247"/>
            <maxpow number="0.6350264738755247"/>
            <fprob>0.0</fprob>
        </actor>
        <actor name="D0N13">
            <wcet number="0">110</wcet>
            <wcet number="1">130</wcet>
            <maxpow number="0.48397354487696453"/>
            <maxpow number="0.48397354487696453"/>
            <fprob>0.0</fprob>
        </actor>
        <actor name="D0N24">
            <wcet number="0">10</wcet>
            <wcet number="1">30</wcet>
            <maxpow number="0.6462004933506681"/>
            <maxpow number="0.6462004933506681"/>
            <fprob>0.0</fprob>
        </actor>
        <actor name="D0N21">
            <wcet number="0">10</wcet>
            <wcet number="1">70</wcet>
            <maxpow number="0.2568373855380172"/>
            <maxpow number="0.2568373855380172"/>
            <fprob>0.0</fprob>
        </actor>
        <actor name="D0N6">
            <wcet number="0">60</wcet>
            <wcet number="1">410</wcet>
            <maxpow number="0.47408014160167344"/>
            <maxpow number="0.47408014160167344"/>
            <fprob>0.0</fprob>
        </actor>
        <actor name="D0N29">
            <wcet number="0">40</wcet>
            <wcet number="1">60</wcet>
            <maxpow number="0.4350333824273111"/>
            <maxpow number="0.4350333824273111"/>
            <fprob>0.0</fprob>
        </actor>
        <actor name="D0N14">
            <wcet number="0">10</wcet>
            <wcet number="1">80</wcet>
            <maxpow number="0.4571687293811482"/>
            <maxpow number="0.4571687293811482"/>
            <fprob>0.0</fprob>
        </actor>
        <actor name="D0N16">
            <wcet number="0">30</wcet>
            <wcet number="1">80</wcet>
            <maxpow number="0.1669844991586092"/>
            <maxpow number="0.1669844991586092"/>
            <fprob>0.0</fprob>
        </actor>
        <actor name="D0N41">
            <wcet number="0">10</wcet>
            <wcet number="1">30</wcet>
            <maxpow number="0.6979883246516283"/>
            <maxpow number="0.6979883246516283"/>
            <fprob>0.0</fprob>
        </actor>
        <actor name="D0N7">
            <wcet number="0">50</wcet>
            <wcet number="1">90</wcet>
            <maxpow number="0.9046652156052954"/>
            <maxpow number="0.9046652156052954"/>
            <fprob>0.0</fprob>
        </actor>
        <ports>
            <port dstActor="D0N28" name="p0" srcActor="D0N12"/>
            <port dstActor="D0N14" name="p1" srcActor="D0N12"/>
            <port dstActor="D0N17" name="p2" srcActor="D0N12"/>
            <port dstActor="D0N24" name="p3" srcActor="D0N18"/>
            <port dstActor="D0N30" name="p4" srcActor="D0N18"/>
            <port dstActor="D0N37" name="p5" srcActor="D0N18"/>
            <port dstActor="D0N47" name="p6" srcActor="D0N18"/>
            <port dstActor="D0N32" name="p7" srcActor="D0N4"/>
            <port dstActor="D0N20" name="p8" srcActor="D0N4"/>
            <port dstActor="D0N27" name="p9" srcActor="D0N4"/>
            <port dstActor="D0N35" name="p10" srcActor="D0N11"/>
            <port dstActor="D0N32" name="p11" srcActor="D0N11"/>
            <port dstActor="D0N15" name="p12" srcActor="D0N3"/>
            <port dstActor="D0N20" name="p13" srcActor="D0N3"/>
            <port dstActor="D0N34" name="p14" srcActor="D0N3"/>
            <port dstActor="D0N17" name="p15" srcActor="D0N1"/>
            <port dstActor="D0N26" name="p16" srcActor="D0N1"/>
            <port dstActor="D0N33" name="p17" srcActor="D0N1"/>
            <port dstActor="D0N5" name="p18" srcActor="D0N1"/>
            <port dstActor="D0N38" name="p19" srcActor="D0N2"/>
            <port dstActor="D0N38" name="p20" srcActor="D0N30"/>
            <port dstActor="D0N46" name="p21" srcActor="D0N25"/>
            <port dstActor="D0N47" name="p22" srcActor="D0N25"/>
            <port dstActor="D0N30" name="p23" srcActor="D0N25"/>
            <port dstActor="D0N33" name="p24" srcActor="D0N25"/>
            <port dstActor="D0N20" name="p25" srcActor="D0N0"/>
            <port dstActor="D0N19" name="p26" srcActor="D0N0"/>
            <port dstActor="D0N12" name="p27" srcActor="D0N0"/>
            <port dstActor="D0N10" name="p28" srcActor="D0N0"/>
            <port dstActor="D0N39" name="p29" srcActor="D0N0"/>
            <port dstActor="D0N36" name="p30" srcActor="D0N31"/>
            <port dstActor="D0N32" name="p31" srcActor="D0N31"/>
            <port dstActor="D0N37" name="p32" srcActor="D0N31"/>
            <port dstActor="D0N13" name="p33" srcActor="D0N9"/>
            <port dstActor="D0N39" name="p34" srcActor="D0N5"/>
            <port dstActor="D0N20" name="p35" srcActor="D0N5"/>
            <port dstActor="D0N35" name="p36" srcActor="D0N5"/>
            <port dstActor="D0N12" name="p37" srcActor="D0N5"/>
            <port dstActor="D0N32" name="p38" srcActor="D0N5"/>
            <port dstActor="D0N37" name="p39" srcActor="D0N5"/>
            <port dstActor="D0N31" name="p40" srcActor="D0N10"/>
            <port dstActor="D0N43" name="p41" srcActor="D0N10"/>
            <port dstActor="D0N40" name="p42" srcActor="D0N10"/>
            <port dstActor="D0N40" name="p43" srcActor="D0N37"/>
            <port dstActor="D0N33" name="p44" srcActor="D0N23"/>
            <port dstActor="D0N41" name="p45" srcActor="D0N32"/>
            <port dstActor="D0N43" name="p46" srcActor="D0N32"/>
            <port dstActor="D0N32" name="p47" srcActor="D0N22"/>
            <port dstActor="D0N27" name="p48" srcActor="D0N22"/>
            <port dstActor="D0N35" name="p49" srcActor="D0N26"/>
            <port dstActor="D0N45" name="p50" srcActor="D0N26"/>
            <port dstActor="D0N44" name="p51" srcActor="D0N17"/>
            <port dstActor="D0N43" name="p52" srcActor="D0N17"/>
            <port dstActor="D0N26" name="p53" srcActor="D0N17"/>
            <port dstActor="D0N46" name="p54" srcActor="D0N17"/>
            <port dstActor="D0N34" name="p55" srcActor="D0N20"/>
            <port dstActor="D0N26" name="p56" srcActor="D0N20"/>
            <port dstActor="D0N31" name="p57" srcActor="D0N20"/>
            <port dstActor="D0N28" name="p58" srcActor="D0N20"/>
            <port dstActor="D0N47" name="p59" srcActor="D0N46"/>
            <port dstActor="D0N47" name="p60" srcActor="D0N43"/>
            <port dstActor="D0N44" name="p61" srcActor="D0N38"/>
            <port dstActor="D0N47" name="p62" srcActor="D0N40"/>
            <port dstActor="D0N41" name="p63" srcActor="D0N35"/>
            <port dstActor="D0N39" name="p64" srcActor="D0N28"/>
            <port dstActor="D0N47" name="p65" srcActor="D0N28"/>
            <port dstActor="D0N36" name="p66" srcActor="D0N15"/>
            <port dstActor="D0N40" name="p67" srcActor="D0N15"/>
            <port dstActor="D0N47" name="p68" srcActor="D0N42"/>
            <port dstActor="D0N44" name="p69" srcActor="D0N8"/>
            <port dstActor="D0N47" name="p70" srcActor="D0N8"/>
            <port dstActor="D0N47" name="p71" srcActor="D0N27"/>
            <port dstActor="D0N18" name="p72" srcActor="D0N13"/>
            <port dstActor="D0N30" name="p73" srcActor="D0N13"/>
            <port dstActor="D0N27" name="p74" srcActor="D0N24"/>
            <port dstActor="D0N33" name="p75" srcActor="D0N24"/>
            <port dstActor="D0N26" name="p76" srcActor="D0N21"/>
            <port dstActor="D0N42" name="p77" srcActor="D0N21"/>
            <port dstActor="D0N30" name="p78" srcActor="D0N21"/>
            <port dstActor="D0N36" name="p79" srcActor="D0N21"/>
            <port dstActor="D0N45" name="p80" srcActor="D0N21"/>
            <port dstActor="D0N9" name="p81" srcActor="D0N6"/>
            <port dstActor="D0N24" name="p82" srcActor="D0N6"/>
            <port dstActor="D0N44" name="p83" srcActor="D0N6"/>
            <port dstActor="D0N38" name="p84" srcActor="D0N6"/>
            <port dstActor="D0N40" name="p85" srcActor="D0N6"/>
            <port dstActor="D0N18" name="p86" srcActor="D0N6"/>
            <port dstActor="D0N45" name="p87" srcActor="D0N6"/>
            <port dstActor="D0N38" name="p88" srcActor="D0N29"/>
            <port dstActor="D0N36" name="p89" srcActor="D0N29"/>
            <port dstActor="D0N32" name="p90" srcActor="D0N29"/>
            <port dstActor="D0N45" name="p91" srcActor="D0N29"/>
            <port dstActor="D0N26" name="p92" srcActor="D0N14"/>
            <port dstActor="D0N18" name="p93" srcActor="D0N14"/>
            <port dstActor="D0N24" name="p94" srcActor="D0N14"/>
            <port dstActor="D0N31" name="p95" srcActor="D0N14"/>
            <port dstActor="D0N31" name="p96" srcActor="D0N16"/>
            <port dstActor="D0N43" name="p97" srcActor="D0N16"/>
            <port dstActor="D0N32" name="p98" srcActor="D0N16"/>
            <port dstActor="D0N18" name="p99" srcActor="D0N16"/>
            <port dstActor="D0N42" name="p100" srcActor="D0N16"/>
            <port dstActor="D0N40" name="p101" srcActor="D0N7"/>
            <port dstActor="D0N35" name="p102" srcActor="D0N7"/>
            <port dstActor="D0N43" name="p103" srcActor="D0N7"/>
        </ports>
    </mcdag>
    <cores number="3"/>
    <levels number="2"/>
</mcsystem>
