<?xml version="1.0" encoding="UTF-8" standalone="no"?>
<mcsystem>
    <mcdag deadline="1800" name="genned-0-ed-10.0-0">
        <actor name="D0N2">
            <wcet number="0">90</wcet>
            <wcet number="1">90</wcet>
            <maxpow number="0.7552937022885238"/>
            <maxpow number="0.7552937022885238"/>
            <fprob>0.0</fprob>
        </actor>
        <actor name="D0N3">
            <wcet number="0">30</wcet>
            <wcet number="1">160</wcet>
            <maxpow number="0.8465931789584973"/>
            <maxpow number="0.8465931789584973"/>
            <fprob>0.0</fprob>
        </actor>
        <actor name="D0N44">
            <wcet number="0">10</wcet>
            <wcet number="1">20</wcet>
            <maxpow number="0.463412715856859"/>
            <maxpow number="0.463412715856859"/>
            <fprob>0.0</fprob>
        </actor>
        <actor name="D0N24">
            <wcet number="0">10</wcet>
            <wcet number="1">20</wcet>
            <maxpow number="0.6854162642383737"/>
            <maxpow number="0.6854162642383737"/>
            <fprob>0.0</fprob>
        </actor>
        <actor name="D0N14">
            <wcet number="0">50</wcet>
            <wcet number="1">110</wcet>
            <maxpow number="0.10623949508280467"/>
            <maxpow number="0.10623949508280467"/>
            <fprob>0.0</fprob>
        </actor>
        <actor name="D0N1">
            <wcet number="0">10</wcet>
            <wcet number="1">10</wcet>
            <maxpow number="0.4400635639123769"/>
            <maxpow number="0.4400635639123769"/>
            <fprob>0.0</fprob>
        </actor>
        <actor name="D0N0">
            <wcet number="0">10</wcet>
            <wcet number="1">20</wcet>
            <maxpow number="0.6995634903653916"/>
            <maxpow number="0.6995634903653916"/>
            <fprob>0.0</fprob>
        </actor>
        <actor name="D0N25">
            <wcet number="0">50</wcet>
            <wcet number="1">130</wcet>
            <maxpow number="0.42545747446992405"/>
            <maxpow number="0.42545747446992405"/>
            <fprob>0.0</fprob>
        </actor>
        <actor name="D0N36">
            <wcet number="0">10</wcet>
            <wcet number="1">30</wcet>
            <maxpow number="0.714180631560267"/>
            <maxpow number="0.714180631560267"/>
            <fprob>0.0</fprob>
        </actor>
        <actor name="D0N11">
            <wcet number="0">40</wcet>
            <wcet number="1">50</wcet>
            <maxpow number="0.3644756079611018"/>
            <maxpow number="0.3644756079611018"/>
            <fprob>0.0</fprob>
        </actor>
        <actor name="D0N7">
            <wcet number="0">100</wcet>
            <wcet number="1">110</wcet>
            <maxpow number="0.563941337747454"/>
            <maxpow number="0.563941337747454"/>
            <fprob>0.0</fprob>
        </actor>
        <actor name="D0N28">
            <wcet number="0">160</wcet>
            <wcet number="1">160</wcet>
            <maxpow number="0.6852543833837134"/>
            <maxpow number="0.6852543833837134"/>
            <fprob>0.0</fprob>
        </actor>
        <actor name="D0N42">
            <wcet number="0">110</wcet>
            <wcet number="1">110</wcet>
            <maxpow number="0.5836017153998191"/>
            <maxpow number="0.5836017153998191"/>
            <fprob>0.0</fprob>
        </actor>
        <actor name="D0N31">
            <wcet number="0">20</wcet>
            <wcet number="1">20</wcet>
            <maxpow number="0.4323277971168797"/>
            <maxpow number="0.4323277971168797"/>
            <fprob>0.0</fprob>
        </actor>
        <actor name="D0N4">
            <wcet number="0">20</wcet>
            <wcet number="1">20</wcet>
            <maxpow number="0.7866972649136197"/>
            <maxpow number="0.7866972649136197"/>
            <fprob>0.0</fprob>
        </actor>
        <actor name="D0N41">
            <wcet number="0">20</wcet>
            <wcet number="1">100</wcet>
            <maxpow number="0.45460296167445297"/>
            <maxpow number="0.45460296167445297"/>
            <fprob>0.0</fprob>
        </actor>
        <actor name="D0N26">
            <wcet number="0">10</wcet>
            <wcet number="1">30</wcet>
            <maxpow number="0.6070484865834697"/>
            <maxpow number="0.6070484865834697"/>
            <fprob>0.0</fprob>
        </actor>
        <actor name="D0N17">
            <wcet number="0">20</wcet>
            <wcet number="1">20</wcet>
            <maxpow number="0.4102184127083398"/>
            <maxpow number="0.4102184127083398"/>
            <fprob>0.0</fprob>
        </actor>
        <actor name="D0N18">
            <wcet number="0">120</wcet>
            <wcet number="1">150</wcet>
            <maxpow number="0.531336791797594"/>
            <maxpow number="0.531336791797594"/>
            <fprob>0.0</fprob>
        </actor>
        <actor name="D0N33">
            <wcet number="0">40</wcet>
            <wcet number="1">50</wcet>
            <maxpow number="0.0548279297946474"/>
            <maxpow number="0.0548279297946474"/>
            <fprob>0.0</fprob>
        </actor>
        <actor name="D0N37">
            <wcet number="0">10</wcet>
            <wcet number="1">10</wcet>
            <maxpow number="0.5294932786619677"/>
            <maxpow number="0.5294932786619677"/>
            <fprob>0.0</fprob>
        </actor>
        <actor name="D0N13">
            <wcet number="0">10</wcet>
            <wcet number="1">20</wcet>
            <maxpow number="0.299368060491067"/>
            <maxpow number="0.299368060491067"/>
            <fprob>0.0</fprob>
        </actor>
        <actor name="D0N5">
            <wcet number="0">280</wcet>
            <wcet number="1">390</wcet>
            <maxpow number="0.6419150317866108"/>
            <maxpow number="0.6419150317866108"/>
            <fprob>0.0</fprob>
        </actor>
        <actor name="D0N29">
            <wcet number="0">70</wcet>
            <wcet number="1">120</wcet>
            <maxpow number="0.41510827413110946"/>
            <maxpow number="0.41510827413110946"/>
            <fprob>0.0</fprob>
        </actor>
        <actor name="D0N27">
            <wcet number="0">60</wcet>
            <wcet number="1">160</wcet>
            <maxpow number="0.6443007853709695"/>
            <maxpow number="0.6443007853709695"/>
            <fprob>0.0</fprob>
        </actor>
        <actor name="D0N8">
            <wcet number="0">20</wcet>
            <wcet number="1">20</wcet>
            <maxpow number="0.7483964803295287"/>
            <maxpow number="0.7483964803295287"/>
            <fprob>0.0</fprob>
        </actor>
        <actor name="D0N19">
            <wcet number="0">40</wcet>
            <wcet number="1">90</wcet>
            <maxpow number="0.7377814975137651"/>
            <maxpow number="0.7377814975137651"/>
            <fprob>0.0</fprob>
        </actor>
        <actor name="D0N9">
            <wcet number="0">70</wcet>
            <wcet number="1">150</wcet>
            <maxpow number="0.4377068046352416"/>
            <maxpow number="0.4377068046352416"/>
            <fprob>0.0</fprob>
        </actor>
        <actor name="D0N43">
            <wcet number="0">10</wcet>
            <wcet number="1">60</wcet>
            <maxpow number="0.592075180975767"/>
            <maxpow number="0.592075180975767"/>
            <fprob>0.0</fprob>
        </actor>
        <actor name="D0N21">
            <wcet number="0">110</wcet>
            <wcet number="1">160</wcet>
            <maxpow number="0.5472280250232118"/>
            <maxpow number="0.5472280250232118"/>
            <fprob>0.0</fprob>
        </actor>
        <actor name="D0N23">
            <wcet number="0">20</wcet>
            <wcet number="1">30</wcet>
            <maxpow number="0.6095247705499183"/>
            <maxpow number="0.6095247705499183"/>
            <fprob>0.0</fprob>
        </actor>
        <actor name="D0N22">
            <wcet number="0">10</wcet>
            <wcet number="1">10</wcet>
            <maxpow number="0.40812153982190336"/>
            <maxpow number="0.40812153982190336"/>
            <fprob>0.0</fprob>
        </actor>
        <actor name="D0N30">
            <wcet number="0">10</wcet>
            <wcet number="1">40</wcet>
            <maxpow number="0.9790510300383288"/>
            <maxpow number="0.9790510300383288"/>
            <fprob>0.0</fprob>
        </actor>
        <actor name="D0N15">
            <wcet number="0">140</wcet>
            <wcet number="1">140</wcet>
            <maxpow number="0.6379548549340623"/>
            <maxpow number="0.6379548549340623"/>
            <fprob>0.0</fprob>
        </actor>
        <actor name="D0N39">
            <wcet number="0">20</wcet>
            <wcet number="1">20</wcet>
            <maxpow number="0.043347324373265494"/>
            <maxpow number="0.043347324373265494"/>
            <fprob>0.0</fprob>
        </actor>
        <actor name="D0N16">
            <wcet number="0">20</wcet>
            <wcet number="1">30</wcet>
            <maxpow number="0.3238493450587423"/>
            <maxpow number="0.3238493450587423"/>
            <fprob>0.0</fprob>
        </actor>
        <actor name="D0N12">
            <wcet number="0">30</wcet>
            <wcet number="1">30</wcet>
            <maxpow number="0.6325515885851252"/>
            <maxpow number="0.6325515885851252"/>
            <fprob>0.0</fprob>
        </actor>
        <actor name="D0N38">
            <wcet number="0">40</wcet>
            <wcet number="1">50</wcet>
            <maxpow number="0.5487034192990694"/>
            <maxpow number="0.5487034192990694"/>
            <fprob>0.0</fprob>
        </actor>
        <actor name="D0N34">
            <wcet number="0">90</wcet>
            <wcet number="1">200</wcet>
            <maxpow number="0.41069399800865586"/>
            <maxpow number="0.41069399800865586"/>
            <fprob>0.0</fprob>
        </actor>
        <actor name="D0N10">
            <wcet number="0">110</wcet>
            <wcet number="1">270</wcet>
            <maxpow number="0.5813034502449809"/>
            <maxpow number="0.5813034502449809"/>
            <fprob>0.0</fprob>
        </actor>
        <actor name="D0N35">
            <wcet number="0">10</wcet>
            <wcet number="1">10</wcet>
            <maxpow number="0.664422781891819"/>
            <maxpow number="0.664422781891819"/>
            <fprob>0.0</fprob>
        </actor>
        <actor name="D0N32">
            <wcet number="0">110</wcet>
            <wcet number="1">180</wcet>
            <maxpow number="0.4225408645715839"/>
            <maxpow number="0.4225408645715839"/>
            <fprob>0.0</fprob>
        </actor>
        <actor name="D0N6">
            <wcet number="0">10</wcet>
            <wcet number="1">40</wcet>
            <maxpow number="0.6697529569258656"/>
            <maxpow number="0.6697529569258656"/>
            <fprob>0.0</fprob>
        </actor>
        <actor name="D0N40">
            <wcet number="0">40</wcet>
            <wcet number="1">310</wcet>
            <maxpow number="0.4986153204034243"/>
            <maxpow number="0.4986153204034243"/>
            <fprob>0.0</fprob>
        </actor>
        <actor name="D0N20">
            <wcet number="0">140</wcet>
            <wcet number="1">190</wcet>
            <maxpow number="0.6153337195227463"/>
            <maxpow number="0.6153337195227463"/>
            <fprob>0.0</fprob>
        </actor>
        <ports>
            <port dstActor="D0N38" name="p0" srcActor="D0N2"/>
            <port dstActor="D0N37" name="p1" srcActor="D0N2"/>
            <port dstActor="D0N35" name="p2" srcActor="D0N2"/>
            <port dstActor="D0N19" name="p3" srcActor="D0N2"/>
            <port dstActor="D0N33" name="p4" srcActor="D0N3"/>
            <port dstActor="D0N6" name="p5" srcActor="D0N3"/>
            <port dstActor="D0N26" name="p6" srcActor="D0N3"/>
            <port dstActor="D0N20" name="p7" srcActor="D0N3"/>
            <port dstActor="D0N27" name="p8" srcActor="D0N24"/>
            <port dstActor="D0N30" name="p9" srcActor="D0N24"/>
            <port dstActor="D0N35" name="p10" srcActor="D0N14"/>
            <port dstActor="D0N20" name="p11" srcActor="D0N14"/>
            <port dstActor="D0N32" name="p12" srcActor="D0N14"/>
            <port dstActor="D0N37" name="p13" srcActor="D0N1"/>
            <port dstActor="D0N25" name="p14" srcActor="D0N1"/>
            <port dstActor="D0N27" name="p15" srcActor="D0N0"/>
            <port dstActor="D0N6" name="p16" srcActor="D0N0"/>
            <port dstActor="D0N22" name="p17" srcActor="D0N0"/>
            <port dstActor="D0N9" name="p18" srcActor="D0N0"/>
            <port dstActor="D0N35" name="p19" srcActor="D0N0"/>
            <port dstActor="D0N16" name="p20" srcActor="D0N0"/>
            <port dstActor="D0N40" name="p21" srcActor="D0N25"/>
            <port dstActor="D0N29" name="p22" srcActor="D0N25"/>
            <port dstActor="D0N31" name="p23" srcActor="D0N11"/>
            <port dstActor="D0N17" name="p24" srcActor="D0N11"/>
            <port dstActor="D0N14" name="p25" srcActor="D0N11"/>
            <port dstActor="D0N13" name="p26" srcActor="D0N11"/>
            <port dstActor="D0N19" name="p27" srcActor="D0N7"/>
            <port dstActor="D0N40" name="p28" srcActor="D0N7"/>
            <port dstActor="D0N29" name="p29" srcActor="D0N7"/>
            <port dstActor="D0N37" name="p30" srcActor="D0N7"/>
            <port dstActor="D0N24" name="p31" srcActor="D0N7"/>
            <port dstActor="D0N27" name="p32" srcActor="D0N7"/>
            <port dstActor="D0N36" name="p33" srcActor="D0N28"/>
            <port dstActor="D0N34" name="p34" srcActor="D0N31"/>
            <port dstActor="D0N6" name="p35" srcActor="D0N4"/>
            <port dstActor="D0N13" name="p36" srcActor="D0N4"/>
            <port dstActor="D0N26" name="p37" srcActor="D0N4"/>
            <port dstActor="D0N14" name="p38" srcActor="D0N4"/>
            <port dstActor="D0N19" name="p39" srcActor="D0N4"/>
            <port dstActor="D0N44" name="p40" srcActor="D0N41"/>
            <port dstActor="D0N38" name="p41" srcActor="D0N26"/>
            <port dstActor="D0N40" name="p42" srcActor="D0N17"/>
            <port dstActor="D0N33" name="p43" srcActor="D0N17"/>
            <port dstActor="D0N25" name="p44" srcActor="D0N18"/>
            <port dstActor="D0N29" name="p45" srcActor="D0N18"/>
            <port dstActor="D0N35" name="p46" srcActor="D0N18"/>
            <port dstActor="D0N38" name="p47" srcActor="D0N33"/>
            <port dstActor="D0N40" name="p48" srcActor="D0N33"/>
            <port dstActor="D0N30" name="p49" srcActor="D0N13"/>
            <port dstActor="D0N43" name="p50" srcActor="D0N13"/>
            <port dstActor="D0N13" name="p51" srcActor="D0N5"/>
            <port dstActor="D0N22" name="p52" srcActor="D0N5"/>
            <port dstActor="D0N7" name="p53" srcActor="D0N5"/>
            <port dstActor="D0N24" name="p54" srcActor="D0N5"/>
            <port dstActor="D0N30" name="p55" srcActor="D0N5"/>
            <port dstActor="D0N10" name="p56" srcActor="D0N5"/>
            <port dstActor="D0N35" name="p57" srcActor="D0N29"/>
            <port dstActor="D0N42" name="p58" srcActor="D0N29"/>
            <port dstActor="D0N13" name="p59" srcActor="D0N8"/>
            <port dstActor="D0N34" name="p60" srcActor="D0N8"/>
            <port dstActor="D0N18" name="p61" srcActor="D0N8"/>
            <port dstActor="D0N40" name="p62" srcActor="D0N9"/>
            <port dstActor="D0N18" name="p63" srcActor="D0N9"/>
            <port dstActor="D0N33" name="p64" srcActor="D0N9"/>
            <port dstActor="D0N30" name="p65" srcActor="D0N21"/>
            <port dstActor="D0N25" name="p66" srcActor="D0N21"/>
            <port dstActor="D0N39" name="p67" srcActor="D0N21"/>
            <port dstActor="D0N37" name="p68" srcActor="D0N21"/>
            <port dstActor="D0N24" name="p69" srcActor="D0N21"/>
            <port dstActor="D0N33" name="p70" srcActor="D0N23"/>
            <port dstActor="D0N38" name="p71" srcActor="D0N23"/>
            <port dstActor="D0N40" name="p72" srcActor="D0N22"/>
            <port dstActor="D0N41" name="p73" srcActor="D0N30"/>
            <port dstActor="D0N29" name="p74" srcActor="D0N15"/>
            <port dstActor="D0N39" name="p75" srcActor="D0N16"/>
            <port dstActor="D0N21" name="p76" srcActor="D0N12"/>
            <port dstActor="D0N36" name="p77" srcActor="D0N12"/>
            <port dstActor="D0N41" name="p78" srcActor="D0N12"/>
            <port dstActor="D0N16" name="p79" srcActor="D0N12"/>
            <port dstActor="D0N38" name="p80" srcActor="D0N10"/>
            <port dstActor="D0N18" name="p81" srcActor="D0N10"/>
            <port dstActor="D0N34" name="p82" srcActor="D0N10"/>
            <port dstActor="D0N16" name="p83" srcActor="D0N10"/>
            <port dstActor="D0N39" name="p84" srcActor="D0N35"/>
            <port dstActor="D0N21" name="p85" srcActor="D0N6"/>
            <port dstActor="D0N9" name="p86" srcActor="D0N6"/>
            <port dstActor="D0N29" name="p87" srcActor="D0N6"/>
            <port dstActor="D0N30" name="p88" srcActor="D0N20"/>
            <port dstActor="D0N37" name="p89" srcActor="D0N20"/>
            <port dstActor="D0N41" name="p90" srcActor="D0N20"/>
        </ports>
    </mcdag>
    <cores number="3"/>
    <levels number="2"/>
</mcsystem>
