<?xml version="1.0" encoding="UTF-8" standalone="no"?>
<mcsystem>
    <mcdag deadline="2500" name="genned-0-ed-10.0-0">
        <actor name="D0N16">
            <wcet number="0">40</wcet>
            <wcet number="1">80</wcet>
            <maxpow number="0.8395933502762181"/>
            <maxpow number="0.8395933502762181"/>
            <fprob>0.0</fprob>
        </actor>
        <actor name="D0N12">
            <wcet number="0">60</wcet>
            <wcet number="1">110</wcet>
            <maxpow number="0.5769716933700203"/>
            <maxpow number="0.5769716933700203"/>
            <fprob>0.0</fprob>
        </actor>
        <actor name="D0N27">
            <wcet number="0">40</wcet>
            <wcet number="1">40</wcet>
            <maxpow number="0.7591000622339635"/>
            <maxpow number="0.7591000622339635"/>
            <fprob>0.0</fprob>
        </actor>
        <actor name="D0N20">
            <wcet number="0">20</wcet>
            <wcet number="1">30</wcet>
            <maxpow number="-0.06195300369771528"/>
            <maxpow number="-0.06195300369771528"/>
            <fprob>0.0</fprob>
        </actor>
        <actor name="D0N25">
            <wcet number="0">230</wcet>
            <wcet number="1">230</wcet>
            <maxpow number="0.5102628020364082"/>
            <maxpow number="0.5102628020364082"/>
            <fprob>0.0</fprob>
        </actor>
        <actor name="D0N37">
            <wcet number="0">200</wcet>
            <wcet number="1">200</wcet>
            <maxpow number="0.439355945844133"/>
            <maxpow number="0.439355945844133"/>
            <fprob>0.0</fprob>
        </actor>
        <actor name="D0N44">
            <wcet number="0">110</wcet>
            <wcet number="1">180</wcet>
            <maxpow number="0.5913999137800819"/>
            <maxpow number="0.5913999137800819"/>
            <fprob>0.0</fprob>
        </actor>
        <actor name="D0N19">
            <wcet number="0">50</wcet>
            <wcet number="1">90</wcet>
            <maxpow number="0.20201446178179777"/>
            <maxpow number="0.20201446178179777"/>
            <fprob>0.0</fprob>
        </actor>
        <actor name="D0N9">
            <wcet number="0">20</wcet>
            <wcet number="1">20</wcet>
            <maxpow number="0.9096424739463262"/>
            <maxpow number="0.9096424739463262"/>
            <fprob>0.0</fprob>
        </actor>
        <actor name="D0N46">
            <wcet number="0">10</wcet>
            <wcet number="1">20</wcet>
            <maxpow number="0.5059580817139906"/>
            <maxpow number="0.5059580817139906"/>
            <fprob>0.0</fprob>
        </actor>
        <actor name="D0N7">
            <wcet number="0">50</wcet>
            <wcet number="1">70</wcet>
            <maxpow number="0.1742306936516838"/>
            <maxpow number="0.1742306936516838"/>
            <fprob>0.0</fprob>
        </actor>
        <actor name="D0N5">
            <wcet number="0">100</wcet>
            <wcet number="1">450</wcet>
            <maxpow number="0.5058523140484348"/>
            <maxpow number="0.5058523140484348"/>
            <fprob>0.0</fprob>
        </actor>
        <actor name="D0N34">
            <wcet number="0">110</wcet>
            <wcet number="1">450</wcet>
            <maxpow number="0.41485255062002846"/>
            <maxpow number="0.41485255062002846"/>
            <fprob>0.0</fprob>
        </actor>
        <actor name="D0N24">
            <wcet number="0">40</wcet>
            <wcet number="1">50</wcet>
            <maxpow number="0.6879347986144012"/>
            <maxpow number="0.6879347986144012"/>
            <fprob>0.0</fprob>
        </actor>
        <actor name="D0N45">
            <wcet number="0">20</wcet>
            <wcet number="1">20</wcet>
            <maxpow number="0.5542290538380631"/>
            <maxpow number="0.5542290538380631"/>
            <fprob>0.0</fprob>
        </actor>
        <actor name="D0N10">
            <wcet number="0">60</wcet>
            <wcet number="1">60</wcet>
            <maxpow number="0.5492360182717559"/>
            <maxpow number="0.5492360182717559"/>
            <fprob>0.0</fprob>
        </actor>
        <actor name="D0N42">
            <wcet number="0">60</wcet>
            <wcet number="1">60</wcet>
            <maxpow number="0.5041513399972143"/>
            <maxpow number="0.5041513399972143"/>
            <fprob>0.0</fprob>
        </actor>
        <actor name="D0N23">
            <wcet number="0">130</wcet>
            <wcet number="1">260</wcet>
            <maxpow number="0.47784791320542425"/>
            <maxpow number="0.47784791320542425"/>
            <fprob>0.0</fprob>
        </actor>
        <actor name="D0N6">
            <wcet number="0">20</wcet>
            <wcet number="1">30</wcet>
            <maxpow number="0.35139553331836704"/>
            <maxpow number="0.35139553331836704"/>
            <fprob>0.0</fprob>
        </actor>
        <actor name="D0N35">
            <wcet number="0">30</wcet>
            <wcet number="1">50</wcet>
            <maxpow number="0.504992627308638"/>
            <maxpow number="0.504992627308638"/>
            <fprob>0.0</fprob>
        </actor>
        <actor name="D0N21">
            <wcet number="0">30</wcet>
            <wcet number="1">60</wcet>
            <maxpow number="0.6605454959364506"/>
            <maxpow number="0.6605454959364506"/>
            <fprob>0.0</fprob>
        </actor>
        <actor name="D0N2">
            <wcet number="0">210</wcet>
            <wcet number="1">250</wcet>
            <maxpow number="0.37921219277822693"/>
            <maxpow number="0.37921219277822693"/>
            <fprob>0.0</fprob>
        </actor>
        <actor name="D0N39">
            <wcet number="0">20</wcet>
            <wcet number="1">230</wcet>
            <maxpow number="0.4012530521457189"/>
            <maxpow number="0.4012530521457189"/>
            <fprob>0.0</fprob>
        </actor>
        <actor name="D0N8">
            <wcet number="0">40</wcet>
            <wcet number="1">60</wcet>
            <maxpow number="0.6034011939488196"/>
            <maxpow number="0.6034011939488196"/>
            <fprob>0.0</fprob>
        </actor>
        <actor name="D0N47">
            <wcet number="0">180</wcet>
            <wcet number="1">210</wcet>
            <maxpow number="0.807574668202682"/>
            <maxpow number="0.807574668202682"/>
            <fprob>0.0</fprob>
        </actor>
        <actor name="D0N43">
            <wcet number="0">20</wcet>
            <wcet number="1">70</wcet>
            <maxpow number="0.8445673667981402"/>
            <maxpow number="0.8445673667981402"/>
            <fprob>0.0</fprob>
        </actor>
        <actor name="D0N11">
            <wcet number="0">20</wcet>
            <wcet number="1">20</wcet>
            <maxpow number="0.6058024198725654"/>
            <maxpow number="0.6058024198725654"/>
            <fprob>0.0</fprob>
        </actor>
        <actor name="D0N48">
            <wcet number="0">50</wcet>
            <wcet number="1">90</wcet>
            <maxpow number="0.7386443814899764"/>
            <maxpow number="0.7386443814899764"/>
            <fprob>0.0</fprob>
        </actor>
        <actor name="D0N17">
            <wcet number="0">50</wcet>
            <wcet number="1">50</wcet>
            <maxpow number="0.3303923106513773"/>
            <maxpow number="0.3303923106513773"/>
            <fprob>0.0</fprob>
        </actor>
        <actor name="D0N15">
            <wcet number="0">10</wcet>
            <wcet number="1">10</wcet>
            <maxpow number="0.8266162309213747"/>
            <maxpow number="0.8266162309213747"/>
            <fprob>0.0</fprob>
        </actor>
        <actor name="D0N29">
            <wcet number="0">50</wcet>
            <wcet number="1">120</wcet>
            <maxpow number="0.5490654793178397"/>
            <maxpow number="0.5490654793178397"/>
            <fprob>0.0</fprob>
        </actor>
        <actor name="D0N4">
            <wcet number="0">10</wcet>
            <wcet number="1">40</wcet>
            <maxpow number="0.3665943765622891"/>
            <maxpow number="0.3665943765622891"/>
            <fprob>0.0</fprob>
        </actor>
        <actor name="D0N13">
            <wcet number="0">60</wcet>
            <wcet number="1">70</wcet>
            <maxpow number="0.6427459154407364"/>
            <maxpow number="0.6427459154407364"/>
            <fprob>0.0</fprob>
        </actor>
        <actor name="D0N33">
            <wcet number="0">50</wcet>
            <wcet number="1">50</wcet>
            <maxpow number="0.5544267933859177"/>
            <maxpow number="0.5544267933859177"/>
            <fprob>0.0</fprob>
        </actor>
        <actor name="D0N30">
            <wcet number="0">50</wcet>
            <wcet number="1">320</wcet>
            <maxpow number="0.6726028352501808"/>
            <maxpow number="0.6726028352501808"/>
            <fprob>0.0</fprob>
        </actor>
        <actor name="D0N14">
            <wcet number="0">10</wcet>
            <wcet number="1">20</wcet>
            <maxpow number="0.41500056787296935"/>
            <maxpow number="0.41500056787296935"/>
            <fprob>0.0</fprob>
        </actor>
        <actor name="D0N31">
            <wcet number="0">150</wcet>
            <wcet number="1">170</wcet>
            <maxpow number="0.5761410876155504"/>
            <maxpow number="0.5761410876155504"/>
            <fprob>0.0</fprob>
        </actor>
        <actor name="D0N22">
            <wcet number="0">20</wcet>
            <wcet number="1">20</wcet>
            <maxpow number="0.537166362893727"/>
            <maxpow number="0.537166362893727"/>
            <fprob>0.0</fprob>
        </actor>
        <actor name="D0N36">
            <wcet number="0">50</wcet>
            <wcet number="1">60</wcet>
            <maxpow number="0.2544713769228083"/>
            <maxpow number="0.2544713769228083"/>
            <fprob>0.0</fprob>
        </actor>
        <actor name="D0N18">
            <wcet number="0">10</wcet>
            <wcet number="1">20</wcet>
            <maxpow number="0.88570890547368"/>
            <maxpow number="0.88570890547368"/>
            <fprob>0.0</fprob>
        </actor>
        <actor name="D0N38">
            <wcet number="0">70</wcet>
            <wcet number="1">170</wcet>
            <maxpow number="0.5532734579018086"/>
            <maxpow number="0.5532734579018086"/>
            <fprob>0.0</fprob>
        </actor>
        <actor name="D0N41">
            <wcet number="0">20</wcet>
            <wcet number="1">70</wcet>
            <maxpow number="0.6183324477773198"/>
            <maxpow number="0.6183324477773198"/>
            <fprob>0.0</fprob>
        </actor>
        <actor name="D0N28">
            <wcet number="0">280</wcet>
            <wcet number="1">280</wcet>
            <maxpow number="0.32107232488845433"/>
            <maxpow number="0.32107232488845433"/>
            <fprob>0.0</fprob>
        </actor>
        <actor name="D0N3">
            <wcet number="0">130</wcet>
            <wcet number="1">150</wcet>
            <maxpow number="0.4537431700413861"/>
            <maxpow number="0.4537431700413861"/>
            <fprob>0.0</fprob>
        </actor>
        <actor name="D0N1">
            <wcet number="0">60</wcet>
            <wcet number="1">90</wcet>
            <maxpow number="0.5597230468158467"/>
            <maxpow number="0.5597230468158467"/>
            <fprob>0.0</fprob>
        </actor>
        <actor name="D0N26">
            <wcet number="0">180</wcet>
            <wcet number="1">190</wcet>
            <maxpow number="0.5094468627989845"/>
            <maxpow number="0.5094468627989845"/>
            <fprob>0.0</fprob>
        </actor>
        <actor name="D0N32">
            <wcet number="0">10</wcet>
            <wcet number="1">40</wcet>
            <maxpow number="0.5928732846968203"/>
            <maxpow number="0.5928732846968203"/>
            <fprob>0.0</fprob>
        </actor>
        <actor name="D0N0">
            <wcet number="0">110</wcet>
            <wcet number="1">310</wcet>
            <maxpow number="0.5588893879780322"/>
            <maxpow number="0.5588893879780322"/>
            <fprob>0.0</fprob>
        </actor>
        <actor name="D0N40">
            <wcet number="0">10</wcet>
            <wcet number="1">10</wcet>
            <maxpow number="0.7462998691949815"/>
            <maxpow number="0.7462998691949815"/>
            <fprob>0.0</fprob>
        </actor>
        <ports>
            <port dstActor="D0N21" name="p0" srcActor="D0N16"/>
            <port dstActor="D0N24" name="p1" srcActor="D0N16"/>
            <port dstActor="D0N42" name="p2" srcActor="D0N16"/>
            <port dstActor="D0N28" name="p3" srcActor="D0N12"/>
            <port dstActor="D0N24" name="p4" srcActor="D0N12"/>
            <port dstActor="D0N45" name="p5" srcActor="D0N27"/>
            <port dstActor="D0N46" name="p6" srcActor="D0N27"/>
            <port dstActor="D0N36" name="p7" srcActor="D0N20"/>
            <port dstActor="D0N46" name="p8" srcActor="D0N20"/>
            <port dstActor="D0N43" name="p9" srcActor="D0N20"/>
            <port dstActor="D0N38" name="p10" srcActor="D0N20"/>
            <port dstActor="D0N23" name="p11" srcActor="D0N20"/>
            <port dstActor="D0N29" name="p12" srcActor="D0N20"/>
            <port dstActor="D0N44" name="p13" srcActor="D0N25"/>
            <port dstActor="D0N45" name="p14" srcActor="D0N44"/>
            <port dstActor="D0N22" name="p15" srcActor="D0N19"/>
            <port dstActor="D0N31" name="p16" srcActor="D0N19"/>
            <port dstActor="D0N15" name="p17" srcActor="D0N9"/>
            <port dstActor="D0N40" name="p18" srcActor="D0N9"/>
            <port dstActor="D0N23" name="p19" srcActor="D0N7"/>
            <port dstActor="D0N45" name="p20" srcActor="D0N7"/>
            <port dstActor="D0N15" name="p21" srcActor="D0N5"/>
            <port dstActor="D0N19" name="p22" srcActor="D0N5"/>
            <port dstActor="D0N12" name="p23" srcActor="D0N5"/>
            <port dstActor="D0N45" name="p24" srcActor="D0N5"/>
            <port dstActor="D0N35" name="p25" srcActor="D0N34"/>
            <port dstActor="D0N41" name="p26" srcActor="D0N34"/>
            <port dstActor="D0N47" name="p27" srcActor="D0N34"/>
            <port dstActor="D0N43" name="p28" srcActor="D0N34"/>
            <port dstActor="D0N34" name="p29" srcActor="D0N24"/>
            <port dstActor="D0N48" name="p30" srcActor="D0N45"/>
            <port dstActor="D0N32" name="p31" srcActor="D0N10"/>
            <port dstActor="D0N22" name="p32" srcActor="D0N10"/>
            <port dstActor="D0N19" name="p33" srcActor="D0N10"/>
            <port dstActor="D0N35" name="p34" srcActor="D0N10"/>
            <port dstActor="D0N43" name="p35" srcActor="D0N10"/>
            <port dstActor="D0N46" name="p36" srcActor="D0N42"/>
            <port dstActor="D0N43" name="p37" srcActor="D0N42"/>
            <port dstActor="D0N24" name="p38" srcActor="D0N23"/>
            <port dstActor="D0N40" name="p39" srcActor="D0N6"/>
            <port dstActor="D0N24" name="p40" srcActor="D0N6"/>
            <port dstActor="D0N16" name="p41" srcActor="D0N6"/>
            <port dstActor="D0N38" name="p42" srcActor="D0N35"/>
            <port dstActor="D0N40" name="p43" srcActor="D0N35"/>
            <port dstActor="D0N31" name="p44" srcActor="D0N21"/>
            <port dstActor="D0N37" name="p45" srcActor="D0N2"/>
            <port dstActor="D0N38" name="p46" srcActor="D0N2"/>
            <port dstActor="D0N43" name="p47" srcActor="D0N2"/>
            <port dstActor="D0N8" name="p48" srcActor="D0N2"/>
            <port dstActor="D0N35" name="p49" srcActor="D0N2"/>
            <port dstActor="D0N41" name="p50" srcActor="D0N2"/>
            <port dstActor="D0N48" name="p51" srcActor="D0N2"/>
            <port dstActor="D0N42" name="p52" srcActor="D0N39"/>
            <port dstActor="D0N41" name="p53" srcActor="D0N8"/>
            <port dstActor="D0N9" name="p54" srcActor="D0N8"/>
            <port dstActor="D0N16" name="p55" srcActor="D0N8"/>
            <port dstActor="D0N19" name="p56" srcActor="D0N11"/>
            <port dstActor="D0N43" name="p57" srcActor="D0N11"/>
            <port dstActor="D0N47" name="p58" srcActor="D0N17"/>
            <port dstActor="D0N41" name="p59" srcActor="D0N17"/>
            <port dstActor="D0N21" name="p60" srcActor="D0N17"/>
            <port dstActor="D0N40" name="p61" srcActor="D0N17"/>
            <port dstActor="D0N34" name="p62" srcActor="D0N17"/>
            <port dstActor="D0N36" name="p63" srcActor="D0N17"/>
            <port dstActor="D0N39" name="p64" srcActor="D0N17"/>
            <port dstActor="D0N44" name="p65" srcActor="D0N15"/>
            <port dstActor="D0N26" name="p66" srcActor="D0N4"/>
            <port dstActor="D0N14" name="p67" srcActor="D0N4"/>
            <port dstActor="D0N47" name="p68" srcActor="D0N4"/>
            <port dstActor="D0N16" name="p69" srcActor="D0N4"/>
            <port dstActor="D0N25" name="p70" srcActor="D0N4"/>
            <port dstActor="D0N37" name="p71" srcActor="D0N13"/>
            <port dstActor="D0N41" name="p72" srcActor="D0N13"/>
            <port dstActor="D0N46" name="p73" srcActor="D0N13"/>
            <port dstActor="D0N40" name="p74" srcActor="D0N33"/>
            <port dstActor="D0N35" name="p75" srcActor="D0N33"/>
            <port dstActor="D0N33" name="p76" srcActor="D0N30"/>
            <port dstActor="D0N33" name="p77" srcActor="D0N14"/>
            <port dstActor="D0N42" name="p78" srcActor="D0N14"/>
            <port dstActor="D0N37" name="p79" srcActor="D0N14"/>
            <port dstActor="D0N30" name="p80" srcActor="D0N14"/>
            <port dstActor="D0N16" name="p81" srcActor="D0N14"/>
            <port dstActor="D0N42" name="p82" srcActor="D0N31"/>
            <port dstActor="D0N36" name="p83" srcActor="D0N31"/>
            <port dstActor="D0N31" name="p84" srcActor="D0N22"/>
            <port dstActor="D0N39" name="p85" srcActor="D0N36"/>
            <port dstActor="D0N37" name="p86" srcActor="D0N36"/>
            <port dstActor="D0N28" name="p87" srcActor="D0N18"/>
            <port dstActor="D0N46" name="p88" srcActor="D0N18"/>
            <port dstActor="D0N24" name="p89" srcActor="D0N18"/>
            <port dstActor="D0N33" name="p90" srcActor="D0N18"/>
            <port dstActor="D0N30" name="p91" srcActor="D0N18"/>
            <port dstActor="D0N23" name="p92" srcActor="D0N18"/>
            <port dstActor="D0N45" name="p93" srcActor="D0N18"/>
            <port dstActor="D0N45" name="p94" srcActor="D0N41"/>
            <port dstActor="D0N44" name="p95" srcActor="D0N41"/>
            <port dstActor="D0N41" name="p96" srcActor="D0N28"/>
            <port dstActor="D0N33" name="p97" srcActor="D0N3"/>
            <port dstActor="D0N30" name="p98" srcActor="D0N3"/>
            <port dstActor="D0N25" name="p99" srcActor="D0N3"/>
            <port dstActor="D0N23" name="p100" srcActor="D0N3"/>
            <port dstActor="D0N12" name="p101" srcActor="D0N3"/>
            <port dstActor="D0N43" name="p102" srcActor="D0N3"/>
            <port dstActor="D0N21" name="p103" srcActor="D0N3"/>
            <port dstActor="D0N26" name="p104" srcActor="D0N1"/>
            <port dstActor="D0N32" name="p105" srcActor="D0N1"/>
            <port dstActor="D0N45" name="p106" srcActor="D0N1"/>
            <port dstActor="D0N20" name="p107" srcActor="D0N1"/>
            <port dstActor="D0N28" name="p108" srcActor="D0N26"/>
            <port dstActor="D0N37" name="p109" srcActor="D0N32"/>
            <port dstActor="D0N45" name="p110" srcActor="D0N32"/>
            <port dstActor="D0N48" name="p111" srcActor="D0N32"/>
            <port dstActor="D0N17" name="p112" srcActor="D0N0"/>
            <port dstActor="D0N14" name="p113" srcActor="D0N0"/>
            <port dstActor="D0N7" name="p114" srcActor="D0N0"/>
            <port dstActor="D0N45" name="p115" srcActor="D0N0"/>
            <port dstActor="D0N15" name="p116" srcActor="D0N0"/>
            <port dstActor="D0N19" name="p117" srcActor="D0N0"/>
        </ports>
    </mcdag>
    <cores number="3"/>
    <levels number="2"/>
</mcsystem>
