<?xml version="1.0" encoding="UTF-8" standalone="no"?>
<mcsystem>
    <mcdag deadline="5000" name="genned-0-ed-10.0-0">
        <actor name="D0N43">
            <wcet number="0">30</wcet>
            <wcet number="1">70</wcet>
            <maxpow number="0.6191230309450196"/>
            <maxpow number="0.6191230309450196"/>
            <fprob>0.0</fprob>
        </actor>
        <actor name="D0N11">
            <wcet number="0">250</wcet>
            <wcet number="1">260</wcet>
            <maxpow number="0.6234644508976999"/>
            <maxpow number="0.6234644508976999"/>
            <fprob>0.0</fprob>
        </actor>
        <actor name="D0N39">
            <wcet number="0">60</wcet>
            <wcet number="1">280</wcet>
            <maxpow number="0.5488185480124201"/>
            <maxpow number="0.5488185480124201"/>
            <fprob>0.0</fprob>
        </actor>
        <actor name="D0N40">
            <wcet number="0">60</wcet>
            <wcet number="1">180</wcet>
            <maxpow number="0.7301356718369965"/>
            <maxpow number="0.7301356718369965"/>
            <fprob>0.0</fprob>
        </actor>
        <actor name="D0N31">
            <wcet number="0">230</wcet>
            <wcet number="1">280</wcet>
            <maxpow number="0.4153142853143905"/>
            <maxpow number="0.4153142853143905"/>
            <fprob>0.0</fprob>
        </actor>
        <actor name="D0N32">
            <wcet number="0">660</wcet>
            <wcet number="1">670</wcet>
            <maxpow number="0.2884993566449621"/>
            <maxpow number="0.2884993566449621"/>
            <fprob>0.0</fprob>
        </actor>
        <actor name="D0N14">
            <wcet number="0">1140</wcet>
            <wcet number="1">1140</wcet>
            <maxpow number="0.8116130843205294"/>
            <maxpow number="0.8116130843205294"/>
            <fprob>0.0</fprob>
        </actor>
        <actor name="D0N22">
            <wcet number="0">30</wcet>
            <wcet number="1">220</wcet>
            <maxpow number="0.7484974123370697"/>
            <maxpow number="0.7484974123370697"/>
            <fprob>0.0</fprob>
        </actor>
        <actor name="D0N1">
            <wcet number="0">20</wcet>
            <wcet number="1">40</wcet>
            <maxpow number="0.7548693480242807"/>
            <maxpow number="0.7548693480242807"/>
            <fprob>0.0</fprob>
        </actor>
        <actor name="D0N24">
            <wcet number="0">10</wcet>
            <wcet number="1">150</wcet>
            <maxpow number="0.7035021239512598"/>
            <maxpow number="0.7035021239512598"/>
            <fprob>0.0</fprob>
        </actor>
        <actor name="D0N30">
            <wcet number="0">280</wcet>
            <wcet number="1">300</wcet>
            <maxpow number="0.3274499591167671"/>
            <maxpow number="0.3274499591167671"/>
            <fprob>0.0</fprob>
        </actor>
        <actor name="D0N25">
            <wcet number="0">100</wcet>
            <wcet number="1">210</wcet>
            <maxpow number="0.6040987386872007"/>
            <maxpow number="0.6040987386872007"/>
            <fprob>0.0</fprob>
        </actor>
        <actor name="D0N48">
            <wcet number="0">90</wcet>
            <wcet number="1">160</wcet>
            <maxpow number="0.6048146991644783"/>
            <maxpow number="0.6048146991644783"/>
            <fprob>0.0</fprob>
        </actor>
        <actor name="D0N45">
            <wcet number="0">100</wcet>
            <wcet number="1">110</wcet>
            <maxpow number="0.33828491431103275"/>
            <maxpow number="0.33828491431103275"/>
            <fprob>0.0</fprob>
        </actor>
        <actor name="D0N27">
            <wcet number="0">70</wcet>
            <wcet number="1">90</wcet>
            <maxpow number="0.7003793895016461"/>
            <maxpow number="0.7003793895016461"/>
            <fprob>0.0</fprob>
        </actor>
        <actor name="D0N35">
            <wcet number="0">40</wcet>
            <wcet number="1">130</wcet>
            <maxpow number="0.6072027353152036"/>
            <maxpow number="0.6072027353152036"/>
            <fprob>0.0</fprob>
        </actor>
        <actor name="D0N28">
            <wcet number="0">20</wcet>
            <wcet number="1">40</wcet>
            <maxpow number="0.5673235882556065"/>
            <maxpow number="0.5673235882556065"/>
            <fprob>0.0</fprob>
        </actor>
        <actor name="D0N12">
            <wcet number="0">310</wcet>
            <wcet number="1">470</wcet>
            <maxpow number="0.36482868722227646"/>
            <maxpow number="0.36482868722227646"/>
            <fprob>0.0</fprob>
        </actor>
        <actor name="D0N26">
            <wcet number="0">120</wcet>
            <wcet number="1">240</wcet>
            <maxpow number="0.7277414555634271"/>
            <maxpow number="0.7277414555634271"/>
            <fprob>0.0</fprob>
        </actor>
        <actor name="D0N7">
            <wcet number="0">20</wcet>
            <wcet number="1">110</wcet>
            <maxpow number="0.48885572222726686"/>
            <maxpow number="0.48885572222726686"/>
            <fprob>0.0</fprob>
        </actor>
        <actor name="D0N13">
            <wcet number="0">110</wcet>
            <wcet number="1">510</wcet>
            <maxpow number="0.5140219407519718"/>
            <maxpow number="0.5140219407519718"/>
            <fprob>0.0</fprob>
        </actor>
        <actor name="D0N6">
            <wcet number="0">10</wcet>
            <wcet number="1">20</wcet>
            <maxpow number="0.039043262120991074"/>
            <maxpow number="0.039043262120991074"/>
            <fprob>0.0</fprob>
        </actor>
        <actor name="D0N3">
            <wcet number="0">30</wcet>
            <wcet number="1">50</wcet>
            <maxpow number="0.7112156369981648"/>
            <maxpow number="0.7112156369981648"/>
            <fprob>0.0</fprob>
        </actor>
        <actor name="D0N17">
            <wcet number="0">150</wcet>
            <wcet number="1">220</wcet>
            <maxpow number="0.4163443612360984"/>
            <maxpow number="0.4163443612360984"/>
            <fprob>0.0</fprob>
        </actor>
        <actor name="D0N4">
            <wcet number="0">60</wcet>
            <wcet number="1">420</wcet>
            <maxpow number="0.535120336348576"/>
            <maxpow number="0.535120336348576"/>
            <fprob>0.0</fprob>
        </actor>
        <actor name="D0N46">
            <wcet number="0">410</wcet>
            <wcet number="1">460</wcet>
            <maxpow number="0.2375413543105354"/>
            <maxpow number="0.2375413543105354"/>
            <fprob>0.0</fprob>
        </actor>
        <actor name="D0N34">
            <wcet number="0">260</wcet>
            <wcet number="1">410</wcet>
            <maxpow number="0.6970734780019607"/>
            <maxpow number="0.6970734780019607"/>
            <fprob>0.0</fprob>
        </actor>
        <actor name="D0N18">
            <wcet number="0">160</wcet>
            <wcet number="1">180</wcet>
            <maxpow number="0.5398592454441058"/>
            <maxpow number="0.5398592454441058"/>
            <fprob>0.0</fprob>
        </actor>
        <actor name="D0N29">
            <wcet number="0">10</wcet>
            <wcet number="1">30</wcet>
            <maxpow number="0.6347100974408759"/>
            <maxpow number="0.6347100974408759"/>
            <fprob>0.0</fprob>
        </actor>
        <actor name="D0N42">
            <wcet number="0">80</wcet>
            <wcet number="1">190</wcet>
            <maxpow number="0.6036657799888123"/>
            <maxpow number="0.6036657799888123"/>
            <fprob>0.0</fprob>
        </actor>
        <actor name="D0N2">
            <wcet number="0">90</wcet>
            <wcet number="1">230</wcet>
            <maxpow number="0.765630018567274"/>
            <maxpow number="0.765630018567274"/>
            <fprob>0.0</fprob>
        </actor>
        <actor name="D0N21">
            <wcet number="0">100</wcet>
            <wcet number="1">100</wcet>
            <maxpow number="0.25244200605045813"/>
            <maxpow number="0.25244200605045813"/>
            <fprob>0.0</fprob>
        </actor>
        <actor name="D0N9">
            <wcet number="0">80</wcet>
            <wcet number="1">270</wcet>
            <maxpow number="0.4036237189954386"/>
            <maxpow number="0.4036237189954386"/>
            <fprob>0.0</fprob>
        </actor>
        <actor name="D0N23">
            <wcet number="0">90</wcet>
            <wcet number="1">380</wcet>
            <maxpow number="0.3495538985275758"/>
            <maxpow number="0.3495538985275758"/>
            <fprob>0.0</fprob>
        </actor>
        <actor name="D0N38">
            <wcet number="0">10</wcet>
            <wcet number="1">120</wcet>
            <maxpow number="0.4126783684157411"/>
            <maxpow number="0.4126783684157411"/>
            <fprob>0.0</fprob>
        </actor>
        <actor name="D0N10">
            <wcet number="0">110</wcet>
            <wcet number="1">290</wcet>
            <maxpow number="0.6625216331479659"/>
            <maxpow number="0.6625216331479659"/>
            <fprob>0.0</fprob>
        </actor>
        <actor name="D0N15">
            <wcet number="0">180</wcet>
            <wcet number="1">200</wcet>
            <maxpow number="0.30061622600274873"/>
            <maxpow number="0.30061622600274873"/>
            <fprob>0.0</fprob>
        </actor>
        <actor name="D0N37">
            <wcet number="0">120</wcet>
            <wcet number="1">130</wcet>
            <maxpow number="0.8979148317474178"/>
            <maxpow number="0.8979148317474178"/>
            <fprob>0.0</fprob>
        </actor>
        <actor name="D0N41">
            <wcet number="0">350</wcet>
            <wcet number="1">380</wcet>
            <maxpow number="0.5358240512730877"/>
            <maxpow number="0.5358240512730877"/>
            <fprob>0.0</fprob>
        </actor>
        <actor name="D0N19">
            <wcet number="0">90</wcet>
            <wcet number="1">200</wcet>
            <maxpow number="0.6113864527099001"/>
            <maxpow number="0.6113864527099001"/>
            <fprob>0.0</fprob>
        </actor>
        <actor name="D0N0">
            <wcet number="0">540</wcet>
            <wcet number="1">920</wcet>
            <maxpow number="0.6107741158624473"/>
            <maxpow number="0.6107741158624473"/>
            <fprob>0.0</fprob>
        </actor>
        <actor name="D0N36">
            <wcet number="0">130</wcet>
            <wcet number="1">150</wcet>
            <maxpow number="0.801310045314279"/>
            <maxpow number="0.801310045314279"/>
            <fprob>0.0</fprob>
        </actor>
        <actor name="D0N44">
            <wcet number="0">40</wcet>
            <wcet number="1">70</wcet>
            <maxpow number="0.7478287392540013"/>
            <maxpow number="0.7478287392540013"/>
            <fprob>0.0</fprob>
        </actor>
        <actor name="D0N16">
            <wcet number="0">410</wcet>
            <wcet number="1">740</wcet>
            <maxpow number="0.5960951703409648"/>
            <maxpow number="0.5960951703409648"/>
            <fprob>0.0</fprob>
        </actor>
        <actor name="D0N33">
            <wcet number="0">670</wcet>
            <wcet number="1">700</wcet>
            <maxpow number="0.8968435537360802"/>
            <maxpow number="0.8968435537360802"/>
            <fprob>0.0</fprob>
        </actor>
        <actor name="D0N47">
            <wcet number="0">100</wcet>
            <wcet number="1">270</wcet>
            <maxpow number="0.9945730013535907"/>
            <maxpow number="0.9945730013535907"/>
            <fprob>0.0</fprob>
        </actor>
        <actor name="D0N8">
            <wcet number="0">350</wcet>
            <wcet number="1">590</wcet>
            <maxpow number="0.3317207386951586"/>
            <maxpow number="0.3317207386951586"/>
            <fprob>0.0</fprob>
        </actor>
        <actor name="D0N5">
            <wcet number="0">50</wcet>
            <wcet number="1">50</wcet>
            <maxpow number="0.14374063474937654"/>
            <maxpow number="0.14374063474937654"/>
            <fprob>0.0</fprob>
        </actor>
        <actor name="D0N20">
            <wcet number="0">20</wcet>
            <wcet number="1">70</wcet>
            <maxpow number="0.8402491390349374"/>
            <maxpow number="0.8402491390349374"/>
            <fprob>0.0</fprob>
        </actor>
        <ports>
            <port dstActor="D0N47" name="p0" srcActor="D0N43"/>
            <port dstActor="D0N42" name="p1" srcActor="D0N11"/>
            <port dstActor="D0N22" name="p2" srcActor="D0N11"/>
            <port dstActor="D0N47" name="p3" srcActor="D0N39"/>
            <port dstActor="D0N44" name="p4" srcActor="D0N40"/>
            <port dstActor="D0N47" name="p5" srcActor="D0N31"/>
            <port dstActor="D0N38" name="p6" srcActor="D0N31"/>
            <port dstActor="D0N42" name="p7" srcActor="D0N32"/>
            <port dstActor="D0N45" name="p8" srcActor="D0N32"/>
            <port dstActor="D0N35" name="p9" srcActor="D0N32"/>
            <port dstActor="D0N46" name="p10" srcActor="D0N14"/>
            <port dstActor="D0N43" name="p11" srcActor="D0N14"/>
            <port dstActor="D0N33" name="p12" srcActor="D0N22"/>
            <port dstActor="D0N29" name="p13" srcActor="D0N22"/>
            <port dstActor="D0N40" name="p14" srcActor="D0N22"/>
            <port dstActor="D0N24" name="p15" srcActor="D0N1"/>
            <port dstActor="D0N22" name="p16" srcActor="D0N1"/>
            <port dstActor="D0N32" name="p17" srcActor="D0N24"/>
            <port dstActor="D0N34" name="p18" srcActor="D0N24"/>
            <port dstActor="D0N45" name="p19" srcActor="D0N30"/>
            <port dstActor="D0N26" name="p20" srcActor="D0N25"/>
            <port dstActor="D0N28" name="p21" srcActor="D0N25"/>
            <port dstActor="D0N30" name="p22" srcActor="D0N25"/>
            <port dstActor="D0N42" name="p23" srcActor="D0N25"/>
            <port dstActor="D0N32" name="p24" srcActor="D0N25"/>
            <port dstActor="D0N45" name="p25" srcActor="D0N25"/>
            <port dstActor="D0N39" name="p26" srcActor="D0N27"/>
            <port dstActor="D0N41" name="p27" srcActor="D0N27"/>
            <port dstActor="D0N43" name="p28" srcActor="D0N27"/>
            <port dstActor="D0N46" name="p29" srcActor="D0N27"/>
            <port dstActor="D0N38" name="p30" srcActor="D0N35"/>
            <port dstActor="D0N30" name="p31" srcActor="D0N28"/>
            <port dstActor="D0N32" name="p32" srcActor="D0N28"/>
            <port dstActor="D0N37" name="p33" srcActor="D0N28"/>
            <port dstActor="D0N14" name="p34" srcActor="D0N12"/>
            <port dstActor="D0N37" name="p35" srcActor="D0N12"/>
            <port dstActor="D0N28" name="p36" srcActor="D0N12"/>
            <port dstActor="D0N45" name="p37" srcActor="D0N12"/>
            <port dstActor="D0N45" name="p38" srcActor="D0N7"/>
            <port dstActor="D0N23" name="p39" srcActor="D0N7"/>
            <port dstActor="D0N41" name="p40" srcActor="D0N7"/>
            <port dstActor="D0N25" name="p41" srcActor="D0N7"/>
            <port dstActor="D0N39" name="p42" srcActor="D0N7"/>
            <port dstActor="D0N16" name="p43" srcActor="D0N13"/>
            <port dstActor="D0N23" name="p44" srcActor="D0N13"/>
            <port dstActor="D0N16" name="p45" srcActor="D0N6"/>
            <port dstActor="D0N18" name="p46" srcActor="D0N6"/>
            <port dstActor="D0N38" name="p47" srcActor="D0N6"/>
            <port dstActor="D0N4" name="p48" srcActor="D0N3"/>
            <port dstActor="D0N43" name="p49" srcActor="D0N3"/>
            <port dstActor="D0N7" name="p50" srcActor="D0N3"/>
            <port dstActor="D0N14" name="p51" srcActor="D0N3"/>
            <port dstActor="D0N35" name="p52" srcActor="D0N17"/>
            <port dstActor="D0N44" name="p53" srcActor="D0N17"/>
            <port dstActor="D0N21" name="p54" srcActor="D0N17"/>
            <port dstActor="D0N34" name="p55" srcActor="D0N17"/>
            <port dstActor="D0N28" name="p56" srcActor="D0N17"/>
            <port dstActor="D0N25" name="p57" srcActor="D0N4"/>
            <port dstActor="D0N17" name="p58" srcActor="D0N4"/>
            <port dstActor="D0N24" name="p59" srcActor="D0N4"/>
            <port dstActor="D0N22" name="p60" srcActor="D0N4"/>
            <port dstActor="D0N19" name="p61" srcActor="D0N18"/>
            <port dstActor="D0N30" name="p62" srcActor="D0N18"/>
            <port dstActor="D0N48" name="p63" srcActor="D0N18"/>
            <port dstActor="D0N27" name="p64" srcActor="D0N2"/>
            <port dstActor="D0N10" name="p65" srcActor="D0N2"/>
            <port dstActor="D0N47" name="p66" srcActor="D0N21"/>
            <port dstActor="D0N29" name="p67" srcActor="D0N9"/>
            <port dstActor="D0N12" name="p68" srcActor="D0N9"/>
            <port dstActor="D0N35" name="p69" srcActor="D0N9"/>
            <port dstActor="D0N34" name="p70" srcActor="D0N23"/>
            <port dstActor="D0N41" name="p71" srcActor="D0N23"/>
            <port dstActor="D0N43" name="p72" srcActor="D0N10"/>
            <port dstActor="D0N14" name="p73" srcActor="D0N10"/>
            <port dstActor="D0N47" name="p74" srcActor="D0N10"/>
            <port dstActor="D0N29" name="p75" srcActor="D0N15"/>
            <port dstActor="D0N48" name="p76" srcActor="D0N37"/>
            <port dstActor="D0N40" name="p77" srcActor="D0N19"/>
            <port dstActor="D0N47" name="p78" srcActor="D0N0"/>
            <port dstActor="D0N21" name="p79" srcActor="D0N0"/>
            <port dstActor="D0N10" name="p80" srcActor="D0N0"/>
            <port dstActor="D0N46" name="p81" srcActor="D0N0"/>
            <port dstActor="D0N1" name="p82" srcActor="D0N0"/>
            <port dstActor="D0N40" name="p83" srcActor="D0N36"/>
            <port dstActor="D0N44" name="p84" srcActor="D0N36"/>
            <port dstActor="D0N43" name="p85" srcActor="D0N36"/>
            <port dstActor="D0N22" name="p86" srcActor="D0N16"/>
            <port dstActor="D0N29" name="p87" srcActor="D0N16"/>
            <port dstActor="D0N44" name="p88" srcActor="D0N33"/>
            <port dstActor="D0N31" name="p89" srcActor="D0N8"/>
            <port dstActor="D0N19" name="p90" srcActor="D0N8"/>
            <port dstActor="D0N30" name="p91" srcActor="D0N8"/>
            <port dstActor="D0N35" name="p92" srcActor="D0N8"/>
            <port dstActor="D0N24" name="p93" srcActor="D0N5"/>
            <port dstActor="D0N13" name="p94" srcActor="D0N5"/>
            <port dstActor="D0N17" name="p95" srcActor="D0N5"/>
            <port dstActor="D0N32" name="p96" srcActor="D0N5"/>
            <port dstActor="D0N47" name="p97" srcActor="D0N20"/>
            <port dstActor="D0N23" name="p98" srcActor="D0N20"/>
            <port dstActor="D0N34" name="p99" srcActor="D0N20"/>
            <port dstActor="D0N45" name="p100" srcActor="D0N20"/>
        </ports>
    </mcdag>
    <cores number="3"/>
    <levels number="2"/>
</mcsystem>
