<?xml version="1.0" encoding="UTF-8" standalone="no"?>
<mcsystem>
    <mcdag deadline="1200" name="genned-0-ed-10.0-0">
        <actor name="D0N17">
            <wcet number="0">40</wcet>
            <wcet number="1">60</wcet>
            <maxpow number="0.5185452120442204"/>
            <maxpow number="0.5185452120442204"/>
            <fprob>0.0</fprob>
        </actor>
        <actor name="D0N32">
            <wcet number="0">50</wcet>
            <wcet number="1">50</wcet>
            <maxpow number="0.47608427039910983"/>
            <maxpow number="0.47608427039910983"/>
            <fprob>0.0</fprob>
        </actor>
        <actor name="D0N35">
            <wcet number="0">50</wcet>
            <wcet number="1">60</wcet>
            <maxpow number="0.4218280118857046"/>
            <maxpow number="0.4218280118857046"/>
            <fprob>0.0</fprob>
        </actor>
        <actor name="D0N1">
            <wcet number="0">20</wcet>
            <wcet number="1">60</wcet>
            <maxpow number="0.37573410866423773"/>
            <maxpow number="0.37573410866423773"/>
            <fprob>0.0</fprob>
        </actor>
        <actor name="D0N3">
            <wcet number="0">80</wcet>
            <wcet number="1">170</wcet>
            <maxpow number="0.47574014755086186"/>
            <maxpow number="0.47574014755086186"/>
            <fprob>0.0</fprob>
        </actor>
        <actor name="D0N44">
            <wcet number="0">10</wcet>
            <wcet number="1">10</wcet>
            <maxpow number="0.47906535295636327"/>
            <maxpow number="0.47906535295636327"/>
            <fprob>0.0</fprob>
        </actor>
        <actor name="D0N45">
            <wcet number="0">30</wcet>
            <wcet number="1">150</wcet>
            <maxpow number="0.33847122583913913"/>
            <maxpow number="0.33847122583913913"/>
            <fprob>0.0</fprob>
        </actor>
        <actor name="D0N42">
            <wcet number="0">80</wcet>
            <wcet number="1">90</wcet>
            <maxpow number="0.5573529348301905"/>
            <maxpow number="0.5573529348301905"/>
            <fprob>0.0</fprob>
        </actor>
        <actor name="D0N8">
            <wcet number="0">20</wcet>
            <wcet number="1">50</wcet>
            <maxpow number="0.6526864486436543"/>
            <maxpow number="0.6526864486436543"/>
            <fprob>0.0</fprob>
        </actor>
        <actor name="D0N27">
            <wcet number="0">30</wcet>
            <wcet number="1">30</wcet>
            <maxpow number="0.6368794757308078"/>
            <maxpow number="0.6368794757308078"/>
            <fprob>0.0</fprob>
        </actor>
        <actor name="D0N7">
            <wcet number="0">10</wcet>
            <wcet number="1">10</wcet>
            <maxpow number="0.6538148958837678"/>
            <maxpow number="0.6538148958837678"/>
            <fprob>0.0</fprob>
        </actor>
        <actor name="D0N25">
            <wcet number="0">10</wcet>
            <wcet number="1">40</wcet>
            <maxpow number="0.4010763278404239"/>
            <maxpow number="0.4010763278404239"/>
            <fprob>0.0</fprob>
        </actor>
        <actor name="D0N30">
            <wcet number="0">20</wcet>
            <wcet number="1">70</wcet>
            <maxpow number="0.5102627875929661"/>
            <maxpow number="0.5102627875929661"/>
            <fprob>0.0</fprob>
        </actor>
        <actor name="D0N38">
            <wcet number="0">30</wcet>
            <wcet number="1">40</wcet>
            <maxpow number="0.17078718176500468"/>
            <maxpow number="0.17078718176500468"/>
            <fprob>0.0</fprob>
        </actor>
        <actor name="D0N13">
            <wcet number="0">10</wcet>
            <wcet number="1">80</wcet>
            <maxpow number="0.5470074079816818"/>
            <maxpow number="0.5470074079816818"/>
            <fprob>0.0</fprob>
        </actor>
        <actor name="D0N31">
            <wcet number="0">10</wcet>
            <wcet number="1">10</wcet>
            <maxpow number="0.4953135899377279"/>
            <maxpow number="0.4953135899377279"/>
            <fprob>0.0</fprob>
        </actor>
        <actor name="D0N21">
            <wcet number="0">20</wcet>
            <wcet number="1">50</wcet>
            <maxpow number="0.7405727123472297"/>
            <maxpow number="0.7405727123472297"/>
            <fprob>0.0</fprob>
        </actor>
        <actor name="D0N5">
            <wcet number="0">10</wcet>
            <wcet number="1">10</wcet>
            <maxpow number="0.8409239961778525"/>
            <maxpow number="0.8409239961778525"/>
            <fprob>0.0</fprob>
        </actor>
        <actor name="D0N29">
            <wcet number="0">50</wcet>
            <wcet number="1">60</wcet>
            <maxpow number="0.5674295905325768"/>
            <maxpow number="0.5674295905325768"/>
            <fprob>0.0</fprob>
        </actor>
        <actor name="D0N15">
            <wcet number="0">10</wcet>
            <wcet number="1">30</wcet>
            <maxpow number="0.5178802465369668"/>
            <maxpow number="0.5178802465369668"/>
            <fprob>0.0</fprob>
        </actor>
        <actor name="D0N33">
            <wcet number="0">90</wcet>
            <wcet number="1">100</wcet>
            <maxpow number="0.6108500344665676"/>
            <maxpow number="0.6108500344665676"/>
            <fprob>0.0</fprob>
        </actor>
        <actor name="D0N41">
            <wcet number="0">10</wcet>
            <wcet number="1">10</wcet>
            <maxpow number="0.5917437818064232"/>
            <maxpow number="0.5917437818064232"/>
            <fprob>0.0</fprob>
        </actor>
        <actor name="D0N9">
            <wcet number="0">30</wcet>
            <wcet number="1">50</wcet>
            <maxpow number="0.6656745397399338"/>
            <maxpow number="0.6656745397399338"/>
            <fprob>0.0</fprob>
        </actor>
        <actor name="D0N39">
            <wcet number="0">20</wcet>
            <wcet number="1">20</wcet>
            <maxpow number="0.7671760543392758"/>
            <maxpow number="0.7671760543392758"/>
            <fprob>0.0</fprob>
        </actor>
        <actor name="D0N14">
            <wcet number="0">10</wcet>
            <wcet number="1">10</wcet>
            <maxpow number="0.9461215422030302"/>
            <maxpow number="0.9461215422030302"/>
            <fprob>0.0</fprob>
        </actor>
        <actor name="D0N23">
            <wcet number="0">10</wcet>
            <wcet number="1">30</wcet>
            <maxpow number="0.4653954981230287"/>
            <maxpow number="0.4653954981230287"/>
            <fprob>0.0</fprob>
        </actor>
        <actor name="D0N20">
            <wcet number="0">30</wcet>
            <wcet number="1">50</wcet>
            <maxpow number="0.657040265852505"/>
            <maxpow number="0.657040265852505"/>
            <fprob>0.0</fprob>
        </actor>
        <actor name="D0N18">
            <wcet number="0">80</wcet>
            <wcet number="1">140</wcet>
            <maxpow number="0.48041149590245524"/>
            <maxpow number="0.48041149590245524"/>
            <fprob>0.0</fprob>
        </actor>
        <actor name="D0N10">
            <wcet number="0">10</wcet>
            <wcet number="1">10</wcet>
            <maxpow number="0.4401582086026198"/>
            <maxpow number="0.4401582086026198"/>
            <fprob>0.0</fprob>
        </actor>
        <actor name="D0N19">
            <wcet number="0">10</wcet>
            <wcet number="1">10</wcet>
            <maxpow number="0.8256924248217377"/>
            <maxpow number="0.8256924248217377"/>
            <fprob>0.0</fprob>
        </actor>
        <actor name="D0N28">
            <wcet number="0">30</wcet>
            <wcet number="1">50</wcet>
            <maxpow number="0.4344957994918528"/>
            <maxpow number="0.4344957994918528"/>
            <fprob>0.0</fprob>
        </actor>
        <actor name="D0N37">
            <wcet number="0">110</wcet>
            <wcet number="1">160</wcet>
            <maxpow number="0.5033066194873022"/>
            <maxpow number="0.5033066194873022"/>
            <fprob>0.0</fprob>
        </actor>
        <actor name="D0N43">
            <wcet number="0">10</wcet>
            <wcet number="1">60</wcet>
            <maxpow number="0.5326784246571582"/>
            <maxpow number="0.5326784246571582"/>
            <fprob>0.0</fprob>
        </actor>
        <actor name="D0N46">
            <wcet number="0">30</wcet>
            <wcet number="1">40</wcet>
            <maxpow number="0.5300473629321102"/>
            <maxpow number="0.5300473629321102"/>
            <fprob>0.0</fprob>
        </actor>
        <actor name="D0N12">
            <wcet number="0">140</wcet>
            <wcet number="1">150</wcet>
            <maxpow number="0.6163851005549353"/>
            <maxpow number="0.6163851005549353"/>
            <fprob>0.0</fprob>
        </actor>
        <actor name="D0N6">
            <wcet number="0">10</wcet>
            <wcet number="1">70</wcet>
            <maxpow number="0.6329208603320287"/>
            <maxpow number="0.6329208603320287"/>
            <fprob>0.0</fprob>
        </actor>
        <actor name="D0N26">
            <wcet number="0">90</wcet>
            <wcet number="1">100</wcet>
            <maxpow number="0.3999948242209721"/>
            <maxpow number="0.3999948242209721"/>
            <fprob>0.0</fprob>
        </actor>
        <actor name="D0N22">
            <wcet number="0">120</wcet>
            <wcet number="1">210</wcet>
            <maxpow number="0.1693598323433294"/>
            <maxpow number="0.1693598323433294"/>
            <fprob>0.0</fprob>
        </actor>
        <actor name="D0N40">
            <wcet number="0">40</wcet>
            <wcet number="1">50</wcet>
            <maxpow number="0.37121651627169644"/>
            <maxpow number="0.37121651627169644"/>
            <fprob>0.0</fprob>
        </actor>
        <actor name="D0N4">
            <wcet number="0">20</wcet>
            <wcet number="1">30</wcet>
            <maxpow number="0.4054422594676204"/>
            <maxpow number="0.4054422594676204"/>
            <fprob>0.0</fprob>
        </actor>
        <actor name="D0N2">
            <wcet number="0">220</wcet>
            <wcet number="1">280</wcet>
            <maxpow number="0.12235871292564215"/>
            <maxpow number="0.12235871292564215"/>
            <fprob>0.0</fprob>
        </actor>
        <actor name="D0N36">
            <wcet number="0">10</wcet>
            <wcet number="1">10</wcet>
            <maxpow number="0.5312665810323017"/>
            <maxpow number="0.5312665810323017"/>
            <fprob>0.0</fprob>
        </actor>
        <actor name="D0N11">
            <wcet number="0">10</wcet>
            <wcet number="1">10</wcet>
            <maxpow number="0.19414095514347562"/>
            <maxpow number="0.19414095514347562"/>
            <fprob>0.0</fprob>
        </actor>
        <actor name="D0N24">
            <wcet number="0">20</wcet>
            <wcet number="1">20</wcet>
            <maxpow number="0.46723188527112386"/>
            <maxpow number="0.46723188527112386"/>
            <fprob>0.0</fprob>
        </actor>
        <actor name="D0N34">
            <wcet number="0">20</wcet>
            <wcet number="1">20</wcet>
            <maxpow number="0.6461436991533723"/>
            <maxpow number="0.6461436991533723"/>
            <fprob>0.0</fprob>
        </actor>
        <actor name="D0N0">
            <wcet number="0">20</wcet>
            <wcet number="1">40</wcet>
            <maxpow number="0.5797356764568203"/>
            <maxpow number="0.5797356764568203"/>
            <fprob>0.0</fprob>
        </actor>
        <actor name="D0N16">
            <wcet number="0">10</wcet>
            <wcet number="1">20</wcet>
            <maxpow number="0.5299212669137631"/>
            <maxpow number="0.5299212669137631"/>
            <fprob>0.0</fprob>
        </actor>
        <ports>
            <port dstActor="D0N19" name="p0" srcActor="D0N17"/>
            <port dstActor="D0N23" name="p1" srcActor="D0N17"/>
            <port dstActor="D0N45" name="p2" srcActor="D0N17"/>
            <port dstActor="D0N37" name="p3" srcActor="D0N32"/>
            <port dstActor="D0N40" name="p4" srcActor="D0N32"/>
            <port dstActor="D0N39" name="p5" srcActor="D0N35"/>
            <port dstActor="D0N20" name="p6" srcActor="D0N1"/>
            <port dstActor="D0N13" name="p7" srcActor="D0N1"/>
            <port dstActor="D0N19" name="p8" srcActor="D0N1"/>
            <port dstActor="D0N44" name="p9" srcActor="D0N1"/>
            <port dstActor="D0N10" name="p10" srcActor="D0N3"/>
            <port dstActor="D0N17" name="p11" srcActor="D0N3"/>
            <port dstActor="D0N25" name="p12" srcActor="D0N8"/>
            <port dstActor="D0N30" name="p13" srcActor="D0N8"/>
            <port dstActor="D0N37" name="p14" srcActor="D0N8"/>
            <port dstActor="D0N29" name="p15" srcActor="D0N8"/>
            <port dstActor="D0N27" name="p16" srcActor="D0N8"/>
            <port dstActor="D0N33" name="p17" srcActor="D0N8"/>
            <port dstActor="D0N37" name="p18" srcActor="D0N27"/>
            <port dstActor="D0N33" name="p19" srcActor="D0N27"/>
            <port dstActor="D0N39" name="p20" srcActor="D0N27"/>
            <port dstActor="D0N40" name="p21" srcActor="D0N7"/>
            <port dstActor="D0N8" name="p22" srcActor="D0N7"/>
            <port dstActor="D0N31" name="p23" srcActor="D0N7"/>
            <port dstActor="D0N21" name="p24" srcActor="D0N7"/>
            <port dstActor="D0N33" name="p25" srcActor="D0N7"/>
            <port dstActor="D0N28" name="p26" srcActor="D0N7"/>
            <port dstActor="D0N32" name="p27" srcActor="D0N25"/>
            <port dstActor="D0N38" name="p28" srcActor="D0N25"/>
            <port dstActor="D0N41" name="p29" srcActor="D0N30"/>
            <port dstActor="D0N31" name="p30" srcActor="D0N30"/>
            <port dstActor="D0N38" name="p31" srcActor="D0N30"/>
            <port dstActor="D0N46" name="p32" srcActor="D0N38"/>
            <port dstActor="D0N37" name="p33" srcActor="D0N13"/>
            <port dstActor="D0N36" name="p34" srcActor="D0N31"/>
            <port dstActor="D0N42" name="p35" srcActor="D0N31"/>
            <port dstActor="D0N38" name="p36" srcActor="D0N31"/>
            <port dstActor="D0N27" name="p37" srcActor="D0N21"/>
            <port dstActor="D0N34" name="p38" srcActor="D0N21"/>
            <port dstActor="D0N29" name="p39" srcActor="D0N21"/>
            <port dstActor="D0N24" name="p40" srcActor="D0N21"/>
            <port dstActor="D0N32" name="p41" srcActor="D0N21"/>
            <port dstActor="D0N10" name="p42" srcActor="D0N5"/>
            <port dstActor="D0N14" name="p43" srcActor="D0N5"/>
            <port dstActor="D0N15" name="p44" srcActor="D0N5"/>
            <port dstActor="D0N42" name="p45" srcActor="D0N29"/>
            <port dstActor="D0N39" name="p46" srcActor="D0N29"/>
            <port dstActor="D0N25" name="p47" srcActor="D0N15"/>
            <port dstActor="D0N31" name="p48" srcActor="D0N15"/>
            <port dstActor="D0N36" name="p49" srcActor="D0N15"/>
            <port dstActor="D0N46" name="p50" srcActor="D0N33"/>
            <port dstActor="D0N44" name="p51" srcActor="D0N41"/>
            <port dstActor="D0N20" name="p52" srcActor="D0N9"/>
            <port dstActor="D0N29" name="p53" srcActor="D0N9"/>
            <port dstActor="D0N34" name="p54" srcActor="D0N9"/>
            <port dstActor="D0N46" name="p55" srcActor="D0N9"/>
            <port dstActor="D0N42" name="p56" srcActor="D0N14"/>
            <port dstActor="D0N20" name="p57" srcActor="D0N14"/>
            <port dstActor="D0N26" name="p58" srcActor="D0N14"/>
            <port dstActor="D0N39" name="p59" srcActor="D0N14"/>
            <port dstActor="D0N34" name="p60" srcActor="D0N23"/>
            <port dstActor="D0N37" name="p61" srcActor="D0N23"/>
            <port dstActor="D0N44" name="p62" srcActor="D0N20"/>
            <port dstActor="D0N43" name="p63" srcActor="D0N20"/>
            <port dstActor="D0N30" name="p64" srcActor="D0N20"/>
            <port dstActor="D0N28" name="p65" srcActor="D0N20"/>
            <port dstActor="D0N26" name="p66" srcActor="D0N20"/>
            <port dstActor="D0N43" name="p67" srcActor="D0N18"/>
            <port dstActor="D0N27" name="p68" srcActor="D0N18"/>
            <port dstActor="D0N42" name="p69" srcActor="D0N18"/>
            <port dstActor="D0N20" name="p70" srcActor="D0N18"/>
            <port dstActor="D0N36" name="p71" srcActor="D0N10"/>
            <port dstActor="D0N26" name="p72" srcActor="D0N10"/>
            <port dstActor="D0N30" name="p73" srcActor="D0N19"/>
            <port dstActor="D0N32" name="p74" srcActor="D0N19"/>
            <port dstActor="D0N37" name="p75" srcActor="D0N19"/>
            <port dstActor="D0N35" name="p76" srcActor="D0N28"/>
            <port dstActor="D0N46" name="p77" srcActor="D0N28"/>
            <port dstActor="D0N31" name="p78" srcActor="D0N28"/>
            <port dstActor="D0N44" name="p79" srcActor="D0N37"/>
            <port dstActor="D0N46" name="p80" srcActor="D0N43"/>
            <port dstActor="D0N45" name="p81" srcActor="D0N12"/>
            <port dstActor="D0N19" name="p82" srcActor="D0N12"/>
            <port dstActor="D0N30" name="p83" srcActor="D0N12"/>
            <port dstActor="D0N14" name="p84" srcActor="D0N6"/>
            <port dstActor="D0N13" name="p85" srcActor="D0N6"/>
            <port dstActor="D0N19" name="p86" srcActor="D0N6"/>
            <port dstActor="D0N25" name="p87" srcActor="D0N6"/>
            <port dstActor="D0N29" name="p88" srcActor="D0N6"/>
            <port dstActor="D0N40" name="p89" srcActor="D0N26"/>
            <port dstActor="D0N37" name="p90" srcActor="D0N26"/>
            <port dstActor="D0N28" name="p91" srcActor="D0N26"/>
            <port dstActor="D0N43" name="p92" srcActor="D0N26"/>
            <port dstActor="D0N46" name="p93" srcActor="D0N40"/>
            <port dstActor="D0N44" name="p94" srcActor="D0N40"/>
            <port dstActor="D0N43" name="p95" srcActor="D0N4"/>
            <port dstActor="D0N45" name="p96" srcActor="D0N4"/>
            <port dstActor="D0N14" name="p97" srcActor="D0N4"/>
            <port dstActor="D0N29" name="p98" srcActor="D0N2"/>
            <port dstActor="D0N21" name="p99" srcActor="D0N2"/>
            <port dstActor="D0N25" name="p100" srcActor="D0N2"/>
            <port dstActor="D0N42" name="p101" srcActor="D0N36"/>
            <port dstActor="D0N44" name="p102" srcActor="D0N36"/>
            <port dstActor="D0N32" name="p103" srcActor="D0N11"/>
            <port dstActor="D0N27" name="p104" srcActor="D0N11"/>
            <port dstActor="D0N18" name="p105" srcActor="D0N11"/>
            <port dstActor="D0N21" name="p106" srcActor="D0N11"/>
            <port dstActor="D0N22" name="p107" srcActor="D0N11"/>
            <port dstActor="D0N38" name="p108" srcActor="D0N24"/>
            <port dstActor="D0N31" name="p109" srcActor="D0N24"/>
            <port dstActor="D0N17" name="p110" srcActor="D0N0"/>
            <port dstActor="D0N26" name="p111" srcActor="D0N0"/>
            <port dstActor="D0N4" name="p112" srcActor="D0N0"/>
            <port dstActor="D0N30" name="p113" srcActor="D0N16"/>
            <port dstActor="D0N24" name="p114" srcActor="D0N16"/>
        </ports>
    </mcdag>
    <cores number="3"/>
    <levels number="2"/>
</mcsystem>
