<?xml version="1.0" encoding="UTF-8" standalone="no"?>
<mcsystem>
    <mcdag deadline="1800" name="genned-0-ed-10.0-0">
        <actor name="D0N19">
            <wcet number="0">80</wcet>
            <wcet number="1">90</wcet>
            <maxpow number="0.4813660214611805"/>
            <maxpow number="0.4813660214611805"/>
            <fprob>0.0</fprob>
        </actor>
        <actor name="D0N26">
            <wcet number="0">10</wcet>
            <wcet number="1">10</wcet>
            <maxpow number="0.6528780576072125"/>
            <maxpow number="0.6528780576072125"/>
            <fprob>0.0</fprob>
        </actor>
        <actor name="D0N1">
            <wcet number="0">80</wcet>
            <wcet number="1">100</wcet>
            <maxpow number="0.7503963487963218"/>
            <maxpow number="0.7503963487963218"/>
            <fprob>0.0</fprob>
        </actor>
        <actor name="D0N13">
            <wcet number="0">60</wcet>
            <wcet number="1">90</wcet>
            <maxpow number="0.7244387185652839"/>
            <maxpow number="0.7244387185652839"/>
            <fprob>0.0</fprob>
        </actor>
        <actor name="D0N48">
            <wcet number="0">10</wcet>
            <wcet number="1">40</wcet>
            <maxpow number="0.7817659402591053"/>
            <maxpow number="0.7817659402591053"/>
            <fprob>0.0</fprob>
        </actor>
        <actor name="D0N9">
            <wcet number="0">190</wcet>
            <wcet number="1">190</wcet>
            <maxpow number="0.5389921634237598"/>
            <maxpow number="0.5389921634237598"/>
            <fprob>0.0</fprob>
        </actor>
        <actor name="D0N3">
            <wcet number="0">20</wcet>
            <wcet number="1">20</wcet>
            <maxpow number="0.6094312340381084"/>
            <maxpow number="0.6094312340381084"/>
            <fprob>0.0</fprob>
        </actor>
        <actor name="D0N44">
            <wcet number="0">20</wcet>
            <wcet number="1">120</wcet>
            <maxpow number="0.6509079876021748"/>
            <maxpow number="0.6509079876021748"/>
            <fprob>0.0</fprob>
        </actor>
        <actor name="D0N8">
            <wcet number="0">20</wcet>
            <wcet number="1">150</wcet>
            <maxpow number="0.4772376505571583"/>
            <maxpow number="0.4772376505571583"/>
            <fprob>0.0</fprob>
        </actor>
        <actor name="D0N14">
            <wcet number="0">60</wcet>
            <wcet number="1">90</wcet>
            <maxpow number="0.6661643003434611"/>
            <maxpow number="0.6661643003434611"/>
            <fprob>0.0</fprob>
        </actor>
        <actor name="D0N18">
            <wcet number="0">10</wcet>
            <wcet number="1">30</wcet>
            <maxpow number="0.5221466769618461"/>
            <maxpow number="0.5221466769618461"/>
            <fprob>0.0</fprob>
        </actor>
        <actor name="D0N17">
            <wcet number="0">20</wcet>
            <wcet number="1">30</wcet>
            <maxpow number="0.49864476079487047"/>
            <maxpow number="0.49864476079487047"/>
            <fprob>0.0</fprob>
        </actor>
        <actor name="D0N36">
            <wcet number="0">60</wcet>
            <wcet number="1">170</wcet>
            <maxpow number="0.3193307625305226"/>
            <maxpow number="0.3193307625305226"/>
            <fprob>0.0</fprob>
        </actor>
        <actor name="D0N20">
            <wcet number="0">120</wcet>
            <wcet number="1">120</wcet>
            <maxpow number="0.5056115189978732"/>
            <maxpow number="0.5056115189978732"/>
            <fprob>0.0</fprob>
        </actor>
        <actor name="D0N40">
            <wcet number="0">10</wcet>
            <wcet number="1">10</wcet>
            <maxpow number="0.5067046792381302"/>
            <maxpow number="0.5067046792381302"/>
            <fprob>0.0</fprob>
        </actor>
        <actor name="D0N12">
            <wcet number="0">40</wcet>
            <wcet number="1">40</wcet>
            <maxpow number="0.2866981278859269"/>
            <maxpow number="0.2866981278859269"/>
            <fprob>0.0</fprob>
        </actor>
        <actor name="D0N21">
            <wcet number="0">110</wcet>
            <wcet number="1">130</wcet>
            <maxpow number="0.6081466304140575"/>
            <maxpow number="0.6081466304140575"/>
            <fprob>0.0</fprob>
        </actor>
        <actor name="D0N2">
            <wcet number="0">190</wcet>
            <wcet number="1">340</wcet>
            <maxpow number="0.34751289362188786"/>
            <maxpow number="0.34751289362188786"/>
            <fprob>0.0</fprob>
        </actor>
        <actor name="D0N11">
            <wcet number="0">30</wcet>
            <wcet number="1">50</wcet>
            <maxpow number="0.6805029544688475"/>
            <maxpow number="0.6805029544688475"/>
            <fprob>0.0</fprob>
        </actor>
        <actor name="D0N35">
            <wcet number="0">220</wcet>
            <wcet number="1">240</wcet>
            <maxpow number="0.5617200969105562"/>
            <maxpow number="0.5617200969105562"/>
            <fprob>0.0</fprob>
        </actor>
        <actor name="D0N10">
            <wcet number="0">70</wcet>
            <wcet number="1">70</wcet>
            <maxpow number="0.3824654438803733"/>
            <maxpow number="0.3824654438803733"/>
            <fprob>0.0</fprob>
        </actor>
        <actor name="D0N41">
            <wcet number="0">10</wcet>
            <wcet number="1">70</wcet>
            <maxpow number="0.6192467102662624"/>
            <maxpow number="0.6192467102662624"/>
            <fprob>0.0</fprob>
        </actor>
        <actor name="D0N0">
            <wcet number="0">10</wcet>
            <wcet number="1">10</wcet>
            <maxpow number="0.778473590781821"/>
            <maxpow number="0.778473590781821"/>
            <fprob>0.0</fprob>
        </actor>
        <actor name="D0N33">
            <wcet number="0">70</wcet>
            <wcet number="1">160</wcet>
            <maxpow number="0.4221243836903098"/>
            <maxpow number="0.4221243836903098"/>
            <fprob>0.0</fprob>
        </actor>
        <actor name="D0N16">
            <wcet number="0">100</wcet>
            <wcet number="1">290</wcet>
            <maxpow number="0.34696353325893814"/>
            <maxpow number="0.34696353325893814"/>
            <fprob>0.0</fprob>
        </actor>
        <actor name="D0N15">
            <wcet number="0">10</wcet>
            <wcet number="1">40</wcet>
            <maxpow number="0.66059229481761"/>
            <maxpow number="0.66059229481761"/>
            <fprob>0.0</fprob>
        </actor>
        <actor name="D0N7">
            <wcet number="0">80</wcet>
            <wcet number="1">110</wcet>
            <maxpow number="0.7519322945314557"/>
            <maxpow number="0.7519322945314557"/>
            <fprob>0.0</fprob>
        </actor>
        <actor name="D0N28">
            <wcet number="0">300</wcet>
            <wcet number="1">410</wcet>
            <maxpow number="0.5137736556047002"/>
            <maxpow number="0.5137736556047002"/>
            <fprob>0.0</fprob>
        </actor>
        <actor name="D0N22">
            <wcet number="0">20</wcet>
            <wcet number="1">20</wcet>
            <maxpow number="0.934390080561957"/>
            <maxpow number="0.934390080561957"/>
            <fprob>0.0</fprob>
        </actor>
        <actor name="D0N39">
            <wcet number="0">90</wcet>
            <wcet number="1">120</wcet>
            <maxpow number="0.5344966613863894"/>
            <maxpow number="0.5344966613863894"/>
            <fprob>0.0</fprob>
        </actor>
        <actor name="D0N45">
            <wcet number="0">240</wcet>
            <wcet number="1">240</wcet>
            <maxpow number="0.6236971355037092"/>
            <maxpow number="0.6236971355037092"/>
            <fprob>0.0</fprob>
        </actor>
        <actor name="D0N46">
            <wcet number="0">20</wcet>
            <wcet number="1">50</wcet>
            <maxpow number="0.703107215198723"/>
            <maxpow number="0.703107215198723"/>
            <fprob>0.0</fprob>
        </actor>
        <actor name="D0N37">
            <wcet number="0">10</wcet>
            <wcet number="1">30</wcet>
            <maxpow number="0.3112793359793563"/>
            <maxpow number="0.3112793359793563"/>
            <fprob>0.0</fprob>
        </actor>
        <actor name="D0N32">
            <wcet number="0">20</wcet>
            <wcet number="1">30</wcet>
            <maxpow number="0.4610163747214911"/>
            <maxpow number="0.4610163747214911"/>
            <fprob>0.0</fprob>
        </actor>
        <actor name="D0N43">
            <wcet number="0">10</wcet>
            <wcet number="1">10</wcet>
            <maxpow number="0.6314247288369506"/>
            <maxpow number="0.6314247288369506"/>
            <fprob>0.0</fprob>
        </actor>
        <actor name="D0N30">
            <wcet number="0">10</wcet>
            <wcet number="1">10</wcet>
            <maxpow number="0.6770978878563086"/>
            <maxpow number="0.6770978878563086"/>
            <fprob>0.0</fprob>
        </actor>
        <actor name="D0N49">
            <wcet number="0">40</wcet>
            <wcet number="1">140</wcet>
            <maxpow number="0.6007461380464154"/>
            <maxpow number="0.6007461380464154"/>
            <fprob>0.0</fprob>
        </actor>
        <actor name="D0N24">
            <wcet number="0">30</wcet>
            <wcet number="1">30</wcet>
            <maxpow number="0.13590989050864338"/>
            <maxpow number="0.13590989050864338"/>
            <fprob>0.0</fprob>
        </actor>
        <actor name="D0N25">
            <wcet number="0">80</wcet>
            <wcet number="1">130</wcet>
            <maxpow number="0.16327698589026451"/>
            <maxpow number="0.16327698589026451"/>
            <fprob>0.0</fprob>
        </actor>
        <actor name="D0N29">
            <wcet number="0">10</wcet>
            <wcet number="1">20</wcet>
            <maxpow number="0.5984165277630438"/>
            <maxpow number="0.5984165277630438"/>
            <fprob>0.0</fprob>
        </actor>
        <actor name="D0N4">
            <wcet number="0">10</wcet>
            <wcet number="1">10</wcet>
            <maxpow number="0.7011375713278041"/>
            <maxpow number="0.7011375713278041"/>
            <fprob>0.0</fprob>
        </actor>
        <actor name="D0N6">
            <wcet number="0">30</wcet>
            <wcet number="1">30</wcet>
            <maxpow number="0.36714351499420694"/>
            <maxpow number="0.36714351499420694"/>
            <fprob>0.0</fprob>
        </actor>
        <actor name="D0N42">
            <wcet number="0">60</wcet>
            <wcet number="1">140</wcet>
            <maxpow number="0.6091506402766085"/>
            <maxpow number="0.6091506402766085"/>
            <fprob>0.0</fprob>
        </actor>
        <actor name="D0N47">
            <wcet number="0">50</wcet>
            <wcet number="1">80</wcet>
            <maxpow number="0.6907566723062485"/>
            <maxpow number="0.6907566723062485"/>
            <fprob>0.0</fprob>
        </actor>
        <actor name="D0N31">
            <wcet number="0">60</wcet>
            <wcet number="1">70</wcet>
            <maxpow number="0.46724042658069787"/>
            <maxpow number="0.46724042658069787"/>
            <fprob>0.0</fprob>
        </actor>
        <actor name="D0N34">
            <wcet number="0">70</wcet>
            <wcet number="1">70</wcet>
            <maxpow number="0.7039659387528034"/>
            <maxpow number="0.7039659387528034"/>
            <fprob>0.0</fprob>
        </actor>
        <actor name="D0N38">
            <wcet number="0">10</wcet>
            <wcet number="1">10</wcet>
            <maxpow number="0.6946633870515735"/>
            <maxpow number="0.6946633870515735"/>
            <fprob>0.0</fprob>
        </actor>
        <actor name="D0N5">
            <wcet number="0">10</wcet>
            <wcet number="1">10</wcet>
            <maxpow number="0.7450786507250652"/>
            <maxpow number="0.7450786507250652"/>
            <fprob>0.0</fprob>
        </actor>
        <actor name="D0N27">
            <wcet number="0">10</wcet>
            <wcet number="1">10</wcet>
            <maxpow number="0.905896212497709"/>
            <maxpow number="0.905896212497709"/>
            <fprob>0.0</fprob>
        </actor>
        <actor name="D0N23">
            <wcet number="0">10</wcet>
            <wcet number="1">20</wcet>
            <maxpow number="0.5818269593344249"/>
            <maxpow number="0.5818269593344249"/>
            <fprob>0.0</fprob>
        </actor>
        <ports>
            <port dstActor="D0N20" name="p0" srcActor="D0N19"/>
            <port dstActor="D0N35" name="p1" srcActor="D0N26"/>
            <port dstActor="D0N44" name="p2" srcActor="D0N26"/>
            <port dstActor="D0N6" name="p3" srcActor="D0N1"/>
            <port dstActor="D0N41" name="p4" srcActor="D0N1"/>
            <port dstActor="D0N39" name="p5" srcActor="D0N1"/>
            <port dstActor="D0N27" name="p6" srcActor="D0N1"/>
            <port dstActor="D0N46" name="p7" srcActor="D0N13"/>
            <port dstActor="D0N37" name="p8" srcActor="D0N13"/>
            <port dstActor="D0N35" name="p9" srcActor="D0N13"/>
            <port dstActor="D0N22" name="p10" srcActor="D0N13"/>
            <port dstActor="D0N43" name="p11" srcActor="D0N13"/>
            <port dstActor="D0N12" name="p12" srcActor="D0N9"/>
            <port dstActor="D0N23" name="p13" srcActor="D0N9"/>
            <port dstActor="D0N38" name="p14" srcActor="D0N9"/>
            <port dstActor="D0N44" name="p15" srcActor="D0N9"/>
            <port dstActor="D0N4" name="p16" srcActor="D0N3"/>
            <port dstActor="D0N38" name="p17" srcActor="D0N3"/>
            <port dstActor="D0N47" name="p18" srcActor="D0N3"/>
            <port dstActor="D0N18" name="p19" srcActor="D0N3"/>
            <port dstActor="D0N45" name="p20" srcActor="D0N44"/>
            <port dstActor="D0N24" name="p21" srcActor="D0N8"/>
            <port dstActor="D0N37" name="p22" srcActor="D0N8"/>
            <port dstActor="D0N43" name="p23" srcActor="D0N8"/>
            <port dstActor="D0N49" name="p24" srcActor="D0N14"/>
            <port dstActor="D0N25" name="p25" srcActor="D0N14"/>
            <port dstActor="D0N31" name="p26" srcActor="D0N14"/>
            <port dstActor="D0N24" name="p27" srcActor="D0N18"/>
            <port dstActor="D0N48" name="p28" srcActor="D0N18"/>
            <port dstActor="D0N49" name="p29" srcActor="D0N18"/>
            <port dstActor="D0N26" name="p30" srcActor="D0N17"/>
            <port dstActor="D0N46" name="p31" srcActor="D0N17"/>
            <port dstActor="D0N28" name="p32" srcActor="D0N17"/>
            <port dstActor="D0N48" name="p33" srcActor="D0N36"/>
            <port dstActor="D0N33" name="p34" srcActor="D0N20"/>
            <port dstActor="D0N36" name="p35" srcActor="D0N20"/>
            <port dstActor="D0N21" name="p36" srcActor="D0N20"/>
            <port dstActor="D0N45" name="p37" srcActor="D0N40"/>
            <port dstActor="D0N41" name="p38" srcActor="D0N40"/>
            <port dstActor="D0N46" name="p39" srcActor="D0N40"/>
            <port dstActor="D0N35" name="p40" srcActor="D0N12"/>
            <port dstActor="D0N39" name="p41" srcActor="D0N12"/>
            <port dstActor="D0N44" name="p42" srcActor="D0N12"/>
            <port dstActor="D0N38" name="p43" srcActor="D0N21"/>
            <port dstActor="D0N29" name="p44" srcActor="D0N21"/>
            <port dstActor="D0N39" name="p45" srcActor="D0N21"/>
            <port dstActor="D0N49" name="p46" srcActor="D0N21"/>
            <port dstActor="D0N26" name="p47" srcActor="D0N2"/>
            <port dstActor="D0N44" name="p48" srcActor="D0N2"/>
            <port dstActor="D0N46" name="p49" srcActor="D0N2"/>
            <port dstActor="D0N23" name="p50" srcActor="D0N11"/>
            <port dstActor="D0N20" name="p51" srcActor="D0N11"/>
            <port dstActor="D0N21" name="p52" srcActor="D0N11"/>
            <port dstActor="D0N45" name="p53" srcActor="D0N11"/>
            <port dstActor="D0N46" name="p54" srcActor="D0N11"/>
            <port dstActor="D0N27" name="p55" srcActor="D0N11"/>
            <port dstActor="D0N48" name="p56" srcActor="D0N35"/>
            <port dstActor="D0N16" name="p57" srcActor="D0N10"/>
            <port dstActor="D0N11" name="p58" srcActor="D0N10"/>
            <port dstActor="D0N18" name="p59" srcActor="D0N10"/>
            <port dstActor="D0N21" name="p60" srcActor="D0N10"/>
            <port dstActor="D0N4" name="p61" srcActor="D0N0"/>
            <port dstActor="D0N15" name="p62" srcActor="D0N0"/>
            <port dstActor="D0N28" name="p63" srcActor="D0N0"/>
            <port dstActor="D0N19" name="p64" srcActor="D0N0"/>
            <port dstActor="D0N38" name="p65" srcActor="D0N0"/>
            <port dstActor="D0N34" name="p66" srcActor="D0N0"/>
            <port dstActor="D0N17" name="p67" srcActor="D0N0"/>
            <port dstActor="D0N47" name="p68" srcActor="D0N0"/>
            <port dstActor="D0N35" name="p69" srcActor="D0N33"/>
            <port dstActor="D0N48" name="p70" srcActor="D0N33"/>
            <port dstActor="D0N39" name="p71" srcActor="D0N33"/>
            <port dstActor="D0N17" name="p72" srcActor="D0N16"/>
            <port dstActor="D0N49" name="p73" srcActor="D0N16"/>
            <port dstActor="D0N32" name="p74" srcActor="D0N15"/>
            <port dstActor="D0N33" name="p75" srcActor="D0N15"/>
            <port dstActor="D0N42" name="p76" srcActor="D0N7"/>
            <port dstActor="D0N41" name="p77" srcActor="D0N28"/>
            <port dstActor="D0N38" name="p78" srcActor="D0N22"/>
            <port dstActor="D0N24" name="p79" srcActor="D0N22"/>
            <port dstActor="D0N29" name="p80" srcActor="D0N22"/>
            <port dstActor="D0N42" name="p81" srcActor="D0N39"/>
            <port dstActor="D0N42" name="p82" srcActor="D0N37"/>
            <port dstActor="D0N49" name="p83" srcActor="D0N37"/>
            <port dstActor="D0N48" name="p84" srcActor="D0N43"/>
            <port dstActor="D0N35" name="p85" srcActor="D0N30"/>
            <port dstActor="D0N38" name="p86" srcActor="D0N30"/>
            <port dstActor="D0N39" name="p87" srcActor="D0N24"/>
            <port dstActor="D0N28" name="p88" srcActor="D0N24"/>
            <port dstActor="D0N31" name="p89" srcActor="D0N25"/>
            <port dstActor="D0N42" name="p90" srcActor="D0N25"/>
            <port dstActor="D0N33" name="p91" srcActor="D0N25"/>
            <port dstActor="D0N30" name="p92" srcActor="D0N29"/>
            <port dstActor="D0N47" name="p93" srcActor="D0N29"/>
            <port dstActor="D0N36" name="p94" srcActor="D0N29"/>
            <port dstActor="D0N35" name="p95" srcActor="D0N29"/>
            <port dstActor="D0N25" name="p96" srcActor="D0N4"/>
            <port dstActor="D0N21" name="p97" srcActor="D0N4"/>
            <port dstActor="D0N24" name="p98" srcActor="D0N4"/>
            <port dstActor="D0N31" name="p99" srcActor="D0N4"/>
            <port dstActor="D0N10" name="p100" srcActor="D0N4"/>
            <port dstActor="D0N13" name="p101" srcActor="D0N4"/>
            <port dstActor="D0N21" name="p102" srcActor="D0N6"/>
            <port dstActor="D0N48" name="p103" srcActor="D0N6"/>
            <port dstActor="D0N40" name="p104" srcActor="D0N6"/>
            <port dstActor="D0N37" name="p105" srcActor="D0N6"/>
            <port dstActor="D0N41" name="p106" srcActor="D0N31"/>
            <port dstActor="D0N37" name="p107" srcActor="D0N31"/>
            <port dstActor="D0N45" name="p108" srcActor="D0N31"/>
            <port dstActor="D0N42" name="p109" srcActor="D0N31"/>
            <port dstActor="D0N45" name="p110" srcActor="D0N34"/>
            <port dstActor="D0N46" name="p111" srcActor="D0N34"/>
            <port dstActor="D0N43" name="p112" srcActor="D0N34"/>
            <port dstActor="D0N43" name="p113" srcActor="D0N38"/>
            <port dstActor="D0N40" name="p114" srcActor="D0N38"/>
            <port dstActor="D0N8" name="p115" srcActor="D0N5"/>
            <port dstActor="D0N45" name="p116" srcActor="D0N5"/>
            <port dstActor="D0N43" name="p117" srcActor="D0N5"/>
            <port dstActor="D0N27" name="p118" srcActor="D0N23"/>
            <port dstActor="D0N39" name="p119" srcActor="D0N23"/>
            <port dstActor="D0N41" name="p120" srcActor="D0N23"/>
            <port dstActor="D0N32" name="p121" srcActor="D0N23"/>
            <port dstActor="D0N42" name="p122" srcActor="D0N23"/>
            <port dstActor="D0N45" name="p123" srcActor="D0N23"/>
        </ports>
    </mcdag>
    <cores number="3"/>
    <levels number="2"/>
</mcsystem>
