<?xml version="1.0" encoding="UTF-8" standalone="no"?>
<mcsystem>
    <mcdag deadline="4000" name="genned-0-ed-10.0-0">
        <actor name="D0N25">
            <wcet number="0">60</wcet>
            <wcet number="1">180</wcet>
            <maxpow number="0.5108371141450655"/>
            <maxpow number="0.5108371141450655"/>
            <fprob>0.0</fprob>
        </actor>
        <actor name="D0N21">
            <wcet number="0">20</wcet>
            <wcet number="1">20</wcet>
            <maxpow number="0.7985069974397274"/>
            <maxpow number="0.7985069974397274"/>
            <fprob>0.0</fprob>
        </actor>
        <actor name="D0N14">
            <wcet number="0">10</wcet>
            <wcet number="1">10</wcet>
            <maxpow number="0.8421182418315116"/>
            <maxpow number="0.8421182418315116"/>
            <fprob>0.0</fprob>
        </actor>
        <actor name="D0N27">
            <wcet number="0">10</wcet>
            <wcet number="1">240</wcet>
            <maxpow number="0.4117495489442048"/>
            <maxpow number="0.4117495489442048"/>
            <fprob>0.0</fprob>
        </actor>
        <actor name="D0N46">
            <wcet number="0">100</wcet>
            <wcet number="1">250</wcet>
            <maxpow number="0.6242104055336212"/>
            <maxpow number="0.6242104055336212"/>
            <fprob>0.0</fprob>
        </actor>
        <actor name="D0N13">
            <wcet number="0">480</wcet>
            <wcet number="1">1560</wcet>
            <maxpow number="0.4018155203292122"/>
            <maxpow number="0.4018155203292122"/>
            <fprob>0.0</fprob>
        </actor>
        <actor name="D0N30">
            <wcet number="0">20</wcet>
            <wcet number="1">20</wcet>
            <maxpow number="0.5166300793978477"/>
            <maxpow number="0.5166300793978477"/>
            <fprob>0.0</fprob>
        </actor>
        <actor name="D0N45">
            <wcet number="0">170</wcet>
            <wcet number="1">180</wcet>
            <maxpow number="0.4270126426233066"/>
            <maxpow number="0.4270126426233066"/>
            <fprob>0.0</fprob>
        </actor>
        <actor name="D0N5">
            <wcet number="0">50</wcet>
            <wcet number="1">120</wcet>
            <maxpow number="0.5058787261802751"/>
            <maxpow number="0.5058787261802751"/>
            <fprob>0.0</fprob>
        </actor>
        <actor name="D0N20">
            <wcet number="0">20</wcet>
            <wcet number="1">110</wcet>
            <maxpow number="0.6672040410025668"/>
            <maxpow number="0.6672040410025668"/>
            <fprob>0.0</fprob>
        </actor>
        <actor name="D0N4">
            <wcet number="0">250</wcet>
            <wcet number="1">400</wcet>
            <maxpow number="0.6988646092176072"/>
            <maxpow number="0.6988646092176072"/>
            <fprob>0.0</fprob>
        </actor>
        <actor name="D0N19">
            <wcet number="0">10</wcet>
            <wcet number="1">120</wcet>
            <maxpow number="0.5076631175483733"/>
            <maxpow number="0.5076631175483733"/>
            <fprob>0.0</fprob>
        </actor>
        <actor name="D0N15">
            <wcet number="0">10</wcet>
            <wcet number="1">60</wcet>
            <maxpow number="0.6289742811792319"/>
            <maxpow number="0.6289742811792319"/>
            <fprob>0.0</fprob>
        </actor>
        <actor name="D0N26">
            <wcet number="0">250</wcet>
            <wcet number="1">370</wcet>
            <maxpow number="0.6841448176736442"/>
            <maxpow number="0.6841448176736442"/>
            <fprob>0.0</fprob>
        </actor>
        <actor name="D0N7">
            <wcet number="0">710</wcet>
            <wcet number="1">780</wcet>
            <maxpow number="0.8205753124127083"/>
            <maxpow number="0.8205753124127083"/>
            <fprob>0.0</fprob>
        </actor>
        <actor name="D0N33">
            <wcet number="0">60</wcet>
            <wcet number="1">70</wcet>
            <maxpow number="0.5217123261389949"/>
            <maxpow number="0.5217123261389949"/>
            <fprob>0.0</fprob>
        </actor>
        <actor name="D0N12">
            <wcet number="0">10</wcet>
            <wcet number="1">120</wcet>
            <maxpow number="0.4624286119921347"/>
            <maxpow number="0.4624286119921347"/>
            <fprob>0.0</fprob>
        </actor>
        <actor name="D0N28">
            <wcet number="0">310</wcet>
            <wcet number="1">310</wcet>
            <maxpow number="0.35403395130015997"/>
            <maxpow number="0.35403395130015997"/>
            <fprob>0.0</fprob>
        </actor>
        <actor name="D0N11">
            <wcet number="0">530</wcet>
            <wcet number="1">1070</wcet>
            <maxpow number="0.7018158303783757"/>
            <maxpow number="0.7018158303783757"/>
            <fprob>0.0</fprob>
        </actor>
        <actor name="D0N18">
            <wcet number="0">30</wcet>
            <wcet number="1">30</wcet>
            <maxpow number="0.5383279439335098"/>
            <maxpow number="0.5383279439335098"/>
            <fprob>0.0</fprob>
        </actor>
        <actor name="D0N36">
            <wcet number="0">110</wcet>
            <wcet number="1">210</wcet>
            <maxpow number="0.4154578287859636"/>
            <maxpow number="0.4154578287859636"/>
            <fprob>0.0</fprob>
        </actor>
        <actor name="D0N0">
            <wcet number="0">190</wcet>
            <wcet number="1">190</wcet>
            <maxpow number="0.4892848735794603"/>
            <maxpow number="0.4892848735794603"/>
            <fprob>0.0</fprob>
        </actor>
        <actor name="D0N1">
            <wcet number="0">30</wcet>
            <wcet number="1">40</wcet>
            <maxpow number="0.30169049596661635"/>
            <maxpow number="0.30169049596661635"/>
            <fprob>0.0</fprob>
        </actor>
        <actor name="D0N2">
            <wcet number="0">10</wcet>
            <wcet number="1">290</wcet>
            <maxpow number="0.37308322745503586"/>
            <maxpow number="0.37308322745503586"/>
            <fprob>0.0</fprob>
        </actor>
        <actor name="D0N41">
            <wcet number="0">100</wcet>
            <wcet number="1">120</wcet>
            <maxpow number="0.4831875002376471"/>
            <maxpow number="0.4831875002376471"/>
            <fprob>0.0</fprob>
        </actor>
        <actor name="D0N6">
            <wcet number="0">10</wcet>
            <wcet number="1">70</wcet>
            <maxpow number="0.7057234634617935"/>
            <maxpow number="0.7057234634617935"/>
            <fprob>0.0</fprob>
        </actor>
        <actor name="D0N24">
            <wcet number="0">90</wcet>
            <wcet number="1">120</wcet>
            <maxpow number="0.4185824993333199"/>
            <maxpow number="0.4185824993333199"/>
            <fprob>0.0</fprob>
        </actor>
        <actor name="D0N29">
            <wcet number="0">80</wcet>
            <wcet number="1">90</wcet>
            <maxpow number="0.6251813089173401"/>
            <maxpow number="0.6251813089173401"/>
            <fprob>0.0</fprob>
        </actor>
        <actor name="D0N39">
            <wcet number="0">30</wcet>
            <wcet number="1">120</wcet>
            <maxpow number="0.5537901123926425"/>
            <maxpow number="0.5537901123926425"/>
            <fprob>0.0</fprob>
        </actor>
        <actor name="D0N44">
            <wcet number="0">480</wcet>
            <wcet number="1">550</wcet>
            <maxpow number="0.42554862265720855"/>
            <maxpow number="0.42554862265720855"/>
            <fprob>0.0</fprob>
        </actor>
        <actor name="D0N31">
            <wcet number="0">10</wcet>
            <wcet number="1">30</wcet>
            <maxpow number="0.46725145878186125"/>
            <maxpow number="0.46725145878186125"/>
            <fprob>0.0</fprob>
        </actor>
        <actor name="D0N22">
            <wcet number="0">20</wcet>
            <wcet number="1">400</wcet>
            <maxpow number="0.7276853857848394"/>
            <maxpow number="0.7276853857848394"/>
            <fprob>0.0</fprob>
        </actor>
        <actor name="D0N40">
            <wcet number="0">330</wcet>
            <wcet number="1">460</wcet>
            <maxpow number="0.8176273399799069"/>
            <maxpow number="0.8176273399799069"/>
            <fprob>0.0</fprob>
        </actor>
        <actor name="D0N17">
            <wcet number="0">170</wcet>
            <wcet number="1">520</wcet>
            <maxpow number="0.8373073991466093"/>
            <maxpow number="0.8373073991466093"/>
            <fprob>0.0</fprob>
        </actor>
        <actor name="D0N42">
            <wcet number="0">60</wcet>
            <wcet number="1">130</wcet>
            <maxpow number="0.6708381123188093"/>
            <maxpow number="0.6708381123188093"/>
            <fprob>0.0</fprob>
        </actor>
        <actor name="D0N35">
            <wcet number="0">10</wcet>
            <wcet number="1">10</wcet>
            <maxpow number="0.4956842350214253"/>
            <maxpow number="0.4956842350214253"/>
            <fprob>0.0</fprob>
        </actor>
        <actor name="D0N8">
            <wcet number="0">380</wcet>
            <wcet number="1">440</wcet>
            <maxpow number="0.35493503331649684"/>
            <maxpow number="0.35493503331649684"/>
            <fprob>0.0</fprob>
        </actor>
        <actor name="D0N37">
            <wcet number="0">380</wcet>
            <wcet number="1">470</wcet>
            <maxpow number="0.45236667008881426"/>
            <maxpow number="0.45236667008881426"/>
            <fprob>0.0</fprob>
        </actor>
        <actor name="D0N3">
            <wcet number="0">30</wcet>
            <wcet number="1">90</wcet>
            <maxpow number="0.3436586362865458"/>
            <maxpow number="0.3436586362865458"/>
            <fprob>0.0</fprob>
        </actor>
        <actor name="D0N10">
            <wcet number="0">50</wcet>
            <wcet number="1">190</wcet>
            <maxpow number="0.6295139097108244"/>
            <maxpow number="0.6295139097108244"/>
            <fprob>0.0</fprob>
        </actor>
        <actor name="D0N32">
            <wcet number="0">40</wcet>
            <wcet number="1">40</wcet>
            <maxpow number="0.5688564486656037"/>
            <maxpow number="0.5688564486656037"/>
            <fprob>0.0</fprob>
        </actor>
        <actor name="D0N38">
            <wcet number="0">60</wcet>
            <wcet number="1">170</wcet>
            <maxpow number="0.4087732780812645"/>
            <maxpow number="0.4087732780812645"/>
            <fprob>0.0</fprob>
        </actor>
        <actor name="D0N16">
            <wcet number="0">10</wcet>
            <wcet number="1">20</wcet>
            <maxpow number="0.6967474754045447"/>
            <maxpow number="0.6967474754045447"/>
            <fprob>0.0</fprob>
        </actor>
        <actor name="D0N9">
            <wcet number="0">30</wcet>
            <wcet number="1">50</wcet>
            <maxpow number="0.6091776593084196"/>
            <maxpow number="0.6091776593084196"/>
            <fprob>0.0</fprob>
        </actor>
        <actor name="D0N23">
            <wcet number="0">100</wcet>
            <wcet number="1">190</wcet>
            <maxpow number="0.4295283457959138"/>
            <maxpow number="0.4295283457959138"/>
            <fprob>0.0</fprob>
        </actor>
        <actor name="D0N34">
            <wcet number="0">70</wcet>
            <wcet number="1">100</wcet>
            <maxpow number="0.6920278390430394"/>
            <maxpow number="0.6920278390430394"/>
            <fprob>0.0</fprob>
        </actor>
        <actor name="D0N43">
            <wcet number="0">60</wcet>
            <wcet number="1">70</wcet>
            <maxpow number="0.6013453541293439"/>
            <maxpow number="0.6013453541293439"/>
            <fprob>0.0</fprob>
        </actor>
        <ports>
            <port dstActor="D0N31" name="p0" srcActor="D0N21"/>
            <port dstActor="D0N36" name="p1" srcActor="D0N21"/>
            <port dstActor="D0N26" name="p2" srcActor="D0N21"/>
            <port dstActor="D0N25" name="p3" srcActor="D0N14"/>
            <port dstActor="D0N15" name="p4" srcActor="D0N14"/>
            <port dstActor="D0N20" name="p5" srcActor="D0N13"/>
            <port dstActor="D0N29" name="p6" srcActor="D0N13"/>
            <port dstActor="D0N36" name="p7" srcActor="D0N13"/>
            <port dstActor="D0N41" name="p8" srcActor="D0N13"/>
            <port dstActor="D0N14" name="p9" srcActor="D0N13"/>
            <port dstActor="D0N35" name="p10" srcActor="D0N30"/>
            <port dstActor="D0N38" name="p11" srcActor="D0N30"/>
            <port dstActor="D0N33" name="p12" srcActor="D0N30"/>
            <port dstActor="D0N32" name="p13" srcActor="D0N30"/>
            <port dstActor="D0N42" name="p14" srcActor="D0N30"/>
            <port dstActor="D0N36" name="p15" srcActor="D0N5"/>
            <port dstActor="D0N22" name="p16" srcActor="D0N5"/>
            <port dstActor="D0N18" name="p17" srcActor="D0N5"/>
            <port dstActor="D0N25" name="p18" srcActor="D0N20"/>
            <port dstActor="D0N43" name="p19" srcActor="D0N20"/>
            <port dstActor="D0N7" name="p20" srcActor="D0N4"/>
            <port dstActor="D0N5" name="p21" srcActor="D0N4"/>
            <port dstActor="D0N43" name="p22" srcActor="D0N4"/>
            <port dstActor="D0N41" name="p23" srcActor="D0N4"/>
            <port dstActor="D0N22" name="p24" srcActor="D0N4"/>
            <port dstActor="D0N36" name="p25" srcActor="D0N4"/>
            <port dstActor="D0N37" name="p26" srcActor="D0N4"/>
            <port dstActor="D0N19" name="p27" srcActor="D0N4"/>
            <port dstActor="D0N46" name="p28" srcActor="D0N19"/>
            <port dstActor="D0N32" name="p29" srcActor="D0N19"/>
            <port dstActor="D0N30" name="p30" srcActor="D0N19"/>
            <port dstActor="D0N38" name="p31" srcActor="D0N26"/>
            <port dstActor="D0N36" name="p32" srcActor="D0N26"/>
            <port dstActor="D0N8" name="p33" srcActor="D0N7"/>
            <port dstActor="D0N42" name="p34" srcActor="D0N7"/>
            <port dstActor="D0N21" name="p35" srcActor="D0N7"/>
            <port dstActor="D0N39" name="p36" srcActor="D0N7"/>
            <port dstActor="D0N35" name="p37" srcActor="D0N12"/>
            <port dstActor="D0N46" name="p38" srcActor="D0N12"/>
            <port dstActor="D0N17" name="p39" srcActor="D0N12"/>
            <port dstActor="D0N31" name="p40" srcActor="D0N28"/>
            <port dstActor="D0N38" name="p41" srcActor="D0N28"/>
            <port dstActor="D0N31" name="p42" srcActor="D0N11"/>
            <port dstActor="D0N34" name="p43" srcActor="D0N11"/>
            <port dstActor="D0N19" name="p44" srcActor="D0N11"/>
            <port dstActor="D0N16" name="p45" srcActor="D0N11"/>
            <port dstActor="D0N23" name="p46" srcActor="D0N11"/>
            <port dstActor="D0N42" name="p47" srcActor="D0N18"/>
            <port dstActor="D0N3" name="p48" srcActor="D0N0"/>
            <port dstActor="D0N40" name="p49" srcActor="D0N0"/>
            <port dstActor="D0N4" name="p50" srcActor="D0N0"/>
            <port dstActor="D0N12" name="p51" srcActor="D0N0"/>
            <port dstActor="D0N46" name="p52" srcActor="D0N0"/>
            <port dstActor="D0N21" name="p53" srcActor="D0N1"/>
            <port dstActor="D0N22" name="p54" srcActor="D0N2"/>
            <port dstActor="D0N3" name="p55" srcActor="D0N2"/>
            <port dstActor="D0N34" name="p56" srcActor="D0N2"/>
            <port dstActor="D0N41" name="p57" srcActor="D0N6"/>
            <port dstActor="D0N11" name="p58" srcActor="D0N6"/>
            <port dstActor="D0N26" name="p59" srcActor="D0N6"/>
            <port dstActor="D0N31" name="p60" srcActor="D0N6"/>
            <port dstActor="D0N19" name="p61" srcActor="D0N6"/>
            <port dstActor="D0N34" name="p62" srcActor="D0N6"/>
            <port dstActor="D0N23" name="p63" srcActor="D0N6"/>
            <port dstActor="D0N28" name="p64" srcActor="D0N24"/>
            <port dstActor="D0N45" name="p65" srcActor="D0N24"/>
            <port dstActor="D0N26" name="p66" srcActor="D0N24"/>
            <port dstActor="D0N45" name="p67" srcActor="D0N29"/>
            <port dstActor="D0N40" name="p68" srcActor="D0N22"/>
            <port dstActor="D0N26" name="p69" srcActor="D0N22"/>
            <port dstActor="D0N45" name="p70" srcActor="D0N22"/>
            <port dstActor="D0N42" name="p71" srcActor="D0N40"/>
            <port dstActor="D0N26" name="p72" srcActor="D0N17"/>
            <port dstActor="D0N35" name="p73" srcActor="D0N17"/>
            <port dstActor="D0N21" name="p74" srcActor="D0N17"/>
            <port dstActor="D0N22" name="p75" srcActor="D0N17"/>
            <port dstActor="D0N42" name="p76" srcActor="D0N17"/>
            <port dstActor="D0N36" name="p77" srcActor="D0N35"/>
            <port dstActor="D0N45" name="p78" srcActor="D0N35"/>
            <port dstActor="D0N19" name="p79" srcActor="D0N8"/>
            <port dstActor="D0N23" name="p80" srcActor="D0N8"/>
            <port dstActor="D0N41" name="p81" srcActor="D0N8"/>
            <port dstActor="D0N33" name="p82" srcActor="D0N8"/>
            <port dstActor="D0N43" name="p83" srcActor="D0N37"/>
            <port dstActor="D0N13" name="p84" srcActor="D0N3"/>
            <port dstActor="D0N19" name="p85" srcActor="D0N10"/>
            <port dstActor="D0N30" name="p86" srcActor="D0N10"/>
            <port dstActor="D0N37" name="p87" srcActor="D0N10"/>
            <port dstActor="D0N27" name="p88" srcActor="D0N10"/>
            <port dstActor="D0N35" name="p89" srcActor="D0N32"/>
            <port dstActor="D0N44" name="p90" srcActor="D0N32"/>
            <port dstActor="D0N38" name="p91" srcActor="D0N32"/>
            <port dstActor="D0N46" name="p92" srcActor="D0N32"/>
            <port dstActor="D0N42" name="p93" srcActor="D0N38"/>
            <port dstActor="D0N33" name="p94" srcActor="D0N16"/>
            <port dstActor="D0N26" name="p95" srcActor="D0N16"/>
            <port dstActor="D0N36" name="p96" srcActor="D0N16"/>
            <port dstActor="D0N25" name="p97" srcActor="D0N9"/>
            <port dstActor="D0N41" name="p98" srcActor="D0N9"/>
            <port dstActor="D0N15" name="p99" srcActor="D0N9"/>
            <port dstActor="D0N16" name="p100" srcActor="D0N9"/>
            <port dstActor="D0N37" name="p101" srcActor="D0N23"/>
            <port dstActor="D0N34" name="p102" srcActor="D0N23"/>
            <port dstActor="D0N44" name="p103" srcActor="D0N23"/>
            <port dstActor="D0N46" name="p104" srcActor="D0N34"/>
            <port dstActor="D0N46" name="p105" srcActor="D0N43"/>
        </ports>
    </mcdag>
    <cores number="3"/>
    <levels number="2"/>
</mcsystem>
