<?xml version="1.0" encoding="UTF-8" standalone="no"?>
<mcsystem>
    <mcdag deadline="2500" name="genned-0-ed-10.0-0">
        <actor name="D0N1">
            <wcet number="0">80</wcet>
            <wcet number="1">110</wcet>
            <maxpow number="0.534196696027034"/>
            <maxpow number="0.534196696027034"/>
            <fprob>0.0</fprob>
        </actor>
        <actor name="D0N9">
            <wcet number="0">100</wcet>
            <wcet number="1">350</wcet>
            <maxpow number="0.5191449339590309"/>
            <maxpow number="0.5191449339590309"/>
            <fprob>0.0</fprob>
        </actor>
        <actor name="D0N26">
            <wcet number="0">110</wcet>
            <wcet number="1">240</wcet>
            <maxpow number="0.7045425695184256"/>
            <maxpow number="0.7045425695184256"/>
            <fprob>0.0</fprob>
        </actor>
        <actor name="D0N30">
            <wcet number="0">20</wcet>
            <wcet number="1">190</wcet>
            <maxpow number="0.34116462350696725"/>
            <maxpow number="0.34116462350696725"/>
            <fprob>0.0</fprob>
        </actor>
        <actor name="D0N3">
            <wcet number="0">50</wcet>
            <wcet number="1">210</wcet>
            <maxpow number="0.23875863905132322"/>
            <maxpow number="0.23875863905132322"/>
            <fprob>0.0</fprob>
        </actor>
        <actor name="D0N29">
            <wcet number="0">260</wcet>
            <wcet number="1">260</wcet>
            <maxpow number="0.5486867144327157"/>
            <maxpow number="0.5486867144327157"/>
            <fprob>0.0</fprob>
        </actor>
        <actor name="D0N40">
            <wcet number="0">10</wcet>
            <wcet number="1">40</wcet>
            <maxpow number="0.635103703332899"/>
            <maxpow number="0.635103703332899"/>
            <fprob>0.0</fprob>
        </actor>
        <actor name="D0N45">
            <wcet number="0">150</wcet>
            <wcet number="1">250</wcet>
            <maxpow number="0.8768594095342674"/>
            <maxpow number="0.8768594095342674"/>
            <fprob>0.0</fprob>
        </actor>
        <actor name="D0N18">
            <wcet number="0">40</wcet>
            <wcet number="1">120</wcet>
            <maxpow number="0.7854810610922249"/>
            <maxpow number="0.7854810610922249"/>
            <fprob>0.0</fprob>
        </actor>
        <actor name="D0N13">
            <wcet number="0">10</wcet>
            <wcet number="1">20</wcet>
            <maxpow number="0.6812076513069177"/>
            <maxpow number="0.6812076513069177"/>
            <fprob>0.0</fprob>
        </actor>
        <actor name="D0N43">
            <wcet number="0">90</wcet>
            <wcet number="1">110</wcet>
            <maxpow number="0.563825494194508"/>
            <maxpow number="0.563825494194508"/>
            <fprob>0.0</fprob>
        </actor>
        <actor name="D0N35">
            <wcet number="0">20</wcet>
            <wcet number="1">130</wcet>
            <maxpow number="0.522865651248297"/>
            <maxpow number="0.522865651248297"/>
            <fprob>0.0</fprob>
        </actor>
        <actor name="D0N23">
            <wcet number="0">50</wcet>
            <wcet number="1">50</wcet>
            <maxpow number="0.4100598205859853"/>
            <maxpow number="0.4100598205859853"/>
            <fprob>0.0</fprob>
        </actor>
        <actor name="D0N15">
            <wcet number="0">20</wcet>
            <wcet number="1">60</wcet>
            <maxpow number="0.5548620666105258"/>
            <maxpow number="0.5548620666105258"/>
            <fprob>0.0</fprob>
        </actor>
        <actor name="D0N20">
            <wcet number="0">160</wcet>
            <wcet number="1">160</wcet>
            <maxpow number="0.5643928165983506"/>
            <maxpow number="0.5643928165983506"/>
            <fprob>0.0</fprob>
        </actor>
        <actor name="D0N41">
            <wcet number="0">40</wcet>
            <wcet number="1">210</wcet>
            <maxpow number="0.7497540257643491"/>
            <maxpow number="0.7497540257643491"/>
            <fprob>0.0</fprob>
        </actor>
        <actor name="D0N16">
            <wcet number="0">90</wcet>
            <wcet number="1">100</wcet>
            <maxpow number="0.8113147963979652"/>
            <maxpow number="0.8113147963979652"/>
            <fprob>0.0</fprob>
        </actor>
        <actor name="D0N25">
            <wcet number="0">70</wcet>
            <wcet number="1">90</wcet>
            <maxpow number="0.3361928305320633"/>
            <maxpow number="0.3361928305320633"/>
            <fprob>0.0</fprob>
        </actor>
        <actor name="D0N11">
            <wcet number="0">50</wcet>
            <wcet number="1">50</wcet>
            <maxpow number="0.8977051554994953"/>
            <maxpow number="0.8977051554994953"/>
            <fprob>0.0</fprob>
        </actor>
        <actor name="D0N24">
            <wcet number="0">180</wcet>
            <wcet number="1">280</wcet>
            <maxpow number="0.5963084638625864"/>
            <maxpow number="0.5963084638625864"/>
            <fprob>0.0</fprob>
        </actor>
        <actor name="D0N19">
            <wcet number="0">170</wcet>
            <wcet number="1">260</wcet>
            <maxpow number="0.6159469362862707"/>
            <maxpow number="0.6159469362862707"/>
            <fprob>0.0</fprob>
        </actor>
        <actor name="D0N44">
            <wcet number="0">10</wcet>
            <wcet number="1">20</wcet>
            <maxpow number="0.30551302600111174"/>
            <maxpow number="0.30551302600111174"/>
            <fprob>0.0</fprob>
        </actor>
        <actor name="D0N42">
            <wcet number="0">50</wcet>
            <wcet number="1">190</wcet>
            <maxpow number="0.3272107436197876"/>
            <maxpow number="0.3272107436197876"/>
            <fprob>0.0</fprob>
        </actor>
        <actor name="D0N33">
            <wcet number="0">10</wcet>
            <wcet number="1">80</wcet>
            <maxpow number="0.5752858009987789"/>
            <maxpow number="0.5752858009987789"/>
            <fprob>0.0</fprob>
        </actor>
        <actor name="D0N10">
            <wcet number="0">10</wcet>
            <wcet number="1">180</wcet>
            <maxpow number="0.8616797807601155"/>
            <maxpow number="0.8616797807601155"/>
            <fprob>0.0</fprob>
        </actor>
        <actor name="D0N27">
            <wcet number="0">10</wcet>
            <wcet number="1">10</wcet>
            <maxpow number="0.7503224941307439"/>
            <maxpow number="0.7503224941307439"/>
            <fprob>0.0</fprob>
        </actor>
        <actor name="D0N46">
            <wcet number="0">20</wcet>
            <wcet number="1">20</wcet>
            <maxpow number="0.4456542417629131"/>
            <maxpow number="0.4456542417629131"/>
            <fprob>0.0</fprob>
        </actor>
        <actor name="D0N31">
            <wcet number="0">40</wcet>
            <wcet number="1">50</wcet>
            <maxpow number="0.4665364119398976"/>
            <maxpow number="0.4665364119398976"/>
            <fprob>0.0</fprob>
        </actor>
        <actor name="D0N34">
            <wcet number="0">40</wcet>
            <wcet number="1">180</wcet>
            <maxpow number="0.6524637984226097"/>
            <maxpow number="0.6524637984226097"/>
            <fprob>0.0</fprob>
        </actor>
        <actor name="D0N17">
            <wcet number="0">10</wcet>
            <wcet number="1">10</wcet>
            <maxpow number="0.4004712868493865"/>
            <maxpow number="0.4004712868493865"/>
            <fprob>0.0</fprob>
        </actor>
        <actor name="D0N32">
            <wcet number="0">120</wcet>
            <wcet number="1">220</wcet>
            <maxpow number="0.5313221556176231"/>
            <maxpow number="0.5313221556176231"/>
            <fprob>0.0</fprob>
        </actor>
        <actor name="D0N28">
            <wcet number="0">180</wcet>
            <wcet number="1">180</wcet>
            <maxpow number="0.7404556400423767"/>
            <maxpow number="0.7404556400423767"/>
            <fprob>0.0</fprob>
        </actor>
        <actor name="D0N4">
            <wcet number="0">80</wcet>
            <wcet number="1">130</wcet>
            <maxpow number="0.8597871800307387"/>
            <maxpow number="0.8597871800307387"/>
            <fprob>0.0</fprob>
        </actor>
        <actor name="D0N14">
            <wcet number="0">10</wcet>
            <wcet number="1">50</wcet>
            <maxpow number="0.4567930096146322"/>
            <maxpow number="0.4567930096146322"/>
            <fprob>0.0</fprob>
        </actor>
        <actor name="D0N47">
            <wcet number="0">120</wcet>
            <wcet number="1">170</wcet>
            <maxpow number="0.616014821488335"/>
            <maxpow number="0.616014821488335"/>
            <fprob>0.0</fprob>
        </actor>
        <actor name="D0N22">
            <wcet number="0">10</wcet>
            <wcet number="1">30</wcet>
            <maxpow number="0.1001278970545178"/>
            <maxpow number="0.1001278970545178"/>
            <fprob>0.0</fprob>
        </actor>
        <actor name="D0N7">
            <wcet number="0">50</wcet>
            <wcet number="1">60</wcet>
            <maxpow number="0.9038012183199058"/>
            <maxpow number="0.9038012183199058"/>
            <fprob>0.0</fprob>
        </actor>
        <actor name="D0N21">
            <wcet number="0">210</wcet>
            <wcet number="1">400</wcet>
            <maxpow number="0.6499146620371563"/>
            <maxpow number="0.6499146620371563"/>
            <fprob>0.0</fprob>
        </actor>
        <actor name="D0N39">
            <wcet number="0">200</wcet>
            <wcet number="1">300</wcet>
            <maxpow number="0.6091840201486552"/>
            <maxpow number="0.6091840201486552"/>
            <fprob>0.0</fprob>
        </actor>
        <actor name="D0N2">
            <wcet number="0">20</wcet>
            <wcet number="1">100</wcet>
            <maxpow number="0.41941806194578846"/>
            <maxpow number="0.41941806194578846"/>
            <fprob>0.0</fprob>
        </actor>
        <actor name="D0N6">
            <wcet number="0">20</wcet>
            <wcet number="1">20</wcet>
            <maxpow number="0.7064787720271524"/>
            <maxpow number="0.7064787720271524"/>
            <fprob>0.0</fprob>
        </actor>
        <actor name="D0N36">
            <wcet number="0">280</wcet>
            <wcet number="1">350</wcet>
            <maxpow number="0.6445464000915334"/>
            <maxpow number="0.6445464000915334"/>
            <fprob>0.0</fprob>
        </actor>
        <actor name="D0N37">
            <wcet number="0">100</wcet>
            <wcet number="1">110</wcet>
            <maxpow number="0.6976189335619796"/>
            <maxpow number="0.6976189335619796"/>
            <fprob>0.0</fprob>
        </actor>
        <actor name="D0N0">
            <wcet number="0">60</wcet>
            <wcet number="1">60</wcet>
            <maxpow number="0.6704106225739234"/>
            <maxpow number="0.6704106225739234"/>
            <fprob>0.0</fprob>
        </actor>
        <actor name="D0N8">
            <wcet number="0">40</wcet>
            <wcet number="1">50</wcet>
            <maxpow number="0.4675415391294623"/>
            <maxpow number="0.4675415391294623"/>
            <fprob>0.0</fprob>
        </actor>
        <actor name="D0N5">
            <wcet number="0">90</wcet>
            <wcet number="1">110</wcet>
            <maxpow number="0.8856574035409603"/>
            <maxpow number="0.8856574035409603"/>
            <fprob>0.0</fprob>
        </actor>
        <actor name="D0N48">
            <wcet number="0">40</wcet>
            <wcet number="1">50</wcet>
            <maxpow number="0.6945554096423663"/>
            <maxpow number="0.6945554096423663"/>
            <fprob>0.0</fprob>
        </actor>
        <actor name="D0N12">
            <wcet number="0">80</wcet>
            <wcet number="1">190</wcet>
            <maxpow number="0.3902432526838636"/>
            <maxpow number="0.3902432526838636"/>
            <fprob>0.0</fprob>
        </actor>
        <actor name="D0N38">
            <wcet number="0">390</wcet>
            <wcet number="1">390</wcet>
            <maxpow number="0.3441063493137201"/>
            <maxpow number="0.3441063493137201"/>
            <fprob>0.0</fprob>
        </actor>
        <ports>
            <port dstActor="D0N9" name="p0" srcActor="D0N1"/>
            <port dstActor="D0N12" name="p1" srcActor="D0N1"/>
            <port dstActor="D0N23" name="p2" srcActor="D0N1"/>
            <port dstActor="D0N20" name="p3" srcActor="D0N1"/>
            <port dstActor="D0N33" name="p4" srcActor="D0N1"/>
            <port dstActor="D0N48" name="p5" srcActor="D0N1"/>
            <port dstActor="D0N41" name="p6" srcActor="D0N9"/>
            <port dstActor="D0N33" name="p7" srcActor="D0N9"/>
            <port dstActor="D0N43" name="p8" srcActor="D0N26"/>
            <port dstActor="D0N32" name="p9" srcActor="D0N30"/>
            <port dstActor="D0N34" name="p10" srcActor="D0N30"/>
            <port dstActor="D0N39" name="p11" srcActor="D0N30"/>
            <port dstActor="D0N44" name="p12" srcActor="D0N30"/>
            <port dstActor="D0N44" name="p13" srcActor="D0N3"/>
            <port dstActor="D0N36" name="p14" srcActor="D0N3"/>
            <port dstActor="D0N42" name="p15" srcActor="D0N29"/>
            <port dstActor="D0N35" name="p16" srcActor="D0N29"/>
            <port dstActor="D0N38" name="p17" srcActor="D0N29"/>
            <port dstActor="D0N48" name="p18" srcActor="D0N45"/>
            <port dstActor="D0N28" name="p19" srcActor="D0N18"/>
            <port dstActor="D0N20" name="p20" srcActor="D0N18"/>
            <port dstActor="D0N30" name="p21" srcActor="D0N18"/>
            <port dstActor="D0N40" name="p22" srcActor="D0N18"/>
            <port dstActor="D0N32" name="p23" srcActor="D0N18"/>
            <port dstActor="D0N47" name="p24" srcActor="D0N13"/>
            <port dstActor="D0N43" name="p25" srcActor="D0N35"/>
            <port dstActor="D0N33" name="p26" srcActor="D0N23"/>
            <port dstActor="D0N42" name="p27" srcActor="D0N23"/>
            <port dstActor="D0N25" name="p28" srcActor="D0N15"/>
            <port dstActor="D0N31" name="p29" srcActor="D0N20"/>
            <port dstActor="D0N45" name="p30" srcActor="D0N20"/>
            <port dstActor="D0N46" name="p31" srcActor="D0N41"/>
            <port dstActor="D0N37" name="p32" srcActor="D0N16"/>
            <port dstActor="D0N45" name="p33" srcActor="D0N16"/>
            <port dstActor="D0N43" name="p34" srcActor="D0N25"/>
            <port dstActor="D0N38" name="p35" srcActor="D0N11"/>
            <port dstActor="D0N42" name="p36" srcActor="D0N11"/>
            <port dstActor="D0N17" name="p37" srcActor="D0N11"/>
            <port dstActor="D0N12" name="p38" srcActor="D0N11"/>
            <port dstActor="D0N21" name="p39" srcActor="D0N11"/>
            <port dstActor="D0N36" name="p40" srcActor="D0N11"/>
            <port dstActor="D0N35" name="p41" srcActor="D0N19"/>
            <port dstActor="D0N27" name="p42" srcActor="D0N19"/>
            <port dstActor="D0N39" name="p43" srcActor="D0N19"/>
            <port dstActor="D0N30" name="p44" srcActor="D0N19"/>
            <port dstActor="D0N48" name="p45" srcActor="D0N44"/>
            <port dstActor="D0N46" name="p46" srcActor="D0N42"/>
            <port dstActor="D0N37" name="p47" srcActor="D0N33"/>
            <port dstActor="D0N36" name="p48" srcActor="D0N33"/>
            <port dstActor="D0N35" name="p49" srcActor="D0N33"/>
            <port dstActor="D0N29" name="p50" srcActor="D0N10"/>
            <port dstActor="D0N31" name="p51" srcActor="D0N10"/>
            <port dstActor="D0N16" name="p52" srcActor="D0N10"/>
            <port dstActor="D0N26" name="p53" srcActor="D0N10"/>
            <port dstActor="D0N44" name="p54" srcActor="D0N10"/>
            <port dstActor="D0N40" name="p55" srcActor="D0N27"/>
            <port dstActor="D0N36" name="p56" srcActor="D0N27"/>
            <port dstActor="D0N42" name="p57" srcActor="D0N27"/>
            <port dstActor="D0N43" name="p58" srcActor="D0N27"/>
            <port dstActor="D0N46" name="p59" srcActor="D0N27"/>
            <port dstActor="D0N44" name="p60" srcActor="D0N31"/>
            <port dstActor="D0N37" name="p61" srcActor="D0N31"/>
            <port dstActor="D0N47" name="p62" srcActor="D0N34"/>
            <port dstActor="D0N37" name="p63" srcActor="D0N34"/>
            <port dstActor="D0N46" name="p64" srcActor="D0N34"/>
            <port dstActor="D0N25" name="p65" srcActor="D0N17"/>
            <port dstActor="D0N27" name="p66" srcActor="D0N17"/>
            <port dstActor="D0N42" name="p67" srcActor="D0N17"/>
            <port dstActor="D0N15" name="p68" srcActor="D0N4"/>
            <port dstActor="D0N30" name="p69" srcActor="D0N4"/>
            <port dstActor="D0N31" name="p70" srcActor="D0N4"/>
            <port dstActor="D0N48" name="p71" srcActor="D0N4"/>
            <port dstActor="D0N38" name="p72" srcActor="D0N4"/>
            <port dstActor="D0N21" name="p73" srcActor="D0N14"/>
            <port dstActor="D0N23" name="p74" srcActor="D0N22"/>
            <port dstActor="D0N33" name="p75" srcActor="D0N22"/>
            <port dstActor="D0N19" name="p76" srcActor="D0N7"/>
            <port dstActor="D0N23" name="p77" srcActor="D0N7"/>
            <port dstActor="D0N32" name="p78" srcActor="D0N7"/>
            <port dstActor="D0N31" name="p79" srcActor="D0N7"/>
            <port dstActor="D0N15" name="p80" srcActor="D0N7"/>
            <port dstActor="D0N36" name="p81" srcActor="D0N21"/>
            <port dstActor="D0N43" name="p82" srcActor="D0N21"/>
            <port dstActor="D0N33" name="p83" srcActor="D0N21"/>
            <port dstActor="D0N40" name="p84" srcActor="D0N21"/>
            <port dstActor="D0N43" name="p85" srcActor="D0N39"/>
            <port dstActor="D0N5" name="p86" srcActor="D0N2"/>
            <port dstActor="D0N12" name="p87" srcActor="D0N2"/>
            <port dstActor="D0N30" name="p88" srcActor="D0N2"/>
            <port dstActor="D0N39" name="p89" srcActor="D0N2"/>
            <port dstActor="D0N41" name="p90" srcActor="D0N2"/>
            <port dstActor="D0N24" name="p91" srcActor="D0N6"/>
            <port dstActor="D0N37" name="p92" srcActor="D0N6"/>
            <port dstActor="D0N18" name="p93" srcActor="D0N6"/>
            <port dstActor="D0N17" name="p94" srcActor="D0N6"/>
            <port dstActor="D0N22" name="p95" srcActor="D0N6"/>
            <port dstActor="D0N42" name="p96" srcActor="D0N6"/>
            <port dstActor="D0N42" name="p97" srcActor="D0N37"/>
            <port dstActor="D0N21" name="p98" srcActor="D0N0"/>
            <port dstActor="D0N44" name="p99" srcActor="D0N0"/>
            <port dstActor="D0N23" name="p100" srcActor="D0N0"/>
            <port dstActor="D0N17" name="p101" srcActor="D0N0"/>
            <port dstActor="D0N44" name="p102" srcActor="D0N8"/>
            <port dstActor="D0N37" name="p103" srcActor="D0N8"/>
            <port dstActor="D0N41" name="p104" srcActor="D0N5"/>
            <port dstActor="D0N15" name="p105" srcActor="D0N5"/>
            <port dstActor="D0N28" name="p106" srcActor="D0N5"/>
            <port dstActor="D0N19" name="p107" srcActor="D0N5"/>
            <port dstActor="D0N46" name="p108" srcActor="D0N12"/>
            <port dstActor="D0N20" name="p109" srcActor="D0N12"/>
            <port dstActor="D0N34" name="p110" srcActor="D0N12"/>
            <port dstActor="D0N39" name="p111" srcActor="D0N38"/>
        </ports>
    </mcdag>
    <cores number="3"/>
    <levels number="2"/>
</mcsystem>
