<?xml version="1.0" encoding="UTF-8" standalone="no"?>
<mcsystem>
    <mcdag deadline="1200" name="genned-0-ed-10.0-0">
        <actor name="D0N0">
            <wcet number="0">10</wcet>
            <wcet number="1">20</wcet>
            <maxpow number="0.4361851372388972"/>
            <maxpow number="0.4361851372388972"/>
            <fprob>0.0</fprob>
        </actor>
        <actor name="D0N22">
            <wcet number="0">40</wcet>
            <wcet number="1">50</wcet>
            <maxpow number="0.7317597359222645"/>
            <maxpow number="0.7317597359222645"/>
            <fprob>0.0</fprob>
        </actor>
        <actor name="D0N29">
            <wcet number="0">20</wcet>
            <wcet number="1">60</wcet>
            <maxpow number="0.636670885754565"/>
            <maxpow number="0.636670885754565"/>
            <fprob>0.0</fprob>
        </actor>
        <actor name="D0N5">
            <wcet number="0">40</wcet>
            <wcet number="1">40</wcet>
            <maxpow number="0.4282956613453148"/>
            <maxpow number="0.4282956613453148"/>
            <fprob>0.0</fprob>
        </actor>
        <actor name="D0N39">
            <wcet number="0">10</wcet>
            <wcet number="1">10</wcet>
            <maxpow number="0.31912734925634667"/>
            <maxpow number="0.31912734925634667"/>
            <fprob>0.0</fprob>
        </actor>
        <actor name="D0N40">
            <wcet number="0">30</wcet>
            <wcet number="1">30</wcet>
            <maxpow number="0.5342846403778647"/>
            <maxpow number="0.5342846403778647"/>
            <fprob>0.0</fprob>
        </actor>
        <actor name="D0N2">
            <wcet number="0">20</wcet>
            <wcet number="1">80</wcet>
            <maxpow number="0.6152162404866838"/>
            <maxpow number="0.6152162404866838"/>
            <fprob>0.0</fprob>
        </actor>
        <actor name="D0N17">
            <wcet number="0">90</wcet>
            <wcet number="1">110</wcet>
            <maxpow number="0.8730675818600575"/>
            <maxpow number="0.8730675818600575"/>
            <fprob>0.0</fprob>
        </actor>
        <actor name="D0N19">
            <wcet number="0">60</wcet>
            <wcet number="1">90</wcet>
            <maxpow number="0.35077683837502494"/>
            <maxpow number="0.35077683837502494"/>
            <fprob>0.0</fprob>
        </actor>
        <actor name="D0N10">
            <wcet number="0">20</wcet>
            <wcet number="1">20</wcet>
            <maxpow number="0.7421983440815995"/>
            <maxpow number="0.7421983440815995"/>
            <fprob>0.0</fprob>
        </actor>
        <actor name="D0N44">
            <wcet number="0">40</wcet>
            <wcet number="1">170</wcet>
            <maxpow number="0.534966341285603"/>
            <maxpow number="0.534966341285603"/>
            <fprob>0.0</fprob>
        </actor>
        <actor name="D0N18">
            <wcet number="0">30</wcet>
            <wcet number="1">70</wcet>
            <maxpow number="0.2813762485568113"/>
            <maxpow number="0.2813762485568113"/>
            <fprob>0.0</fprob>
        </actor>
        <actor name="D0N15">
            <wcet number="0">10</wcet>
            <wcet number="1">10</wcet>
            <maxpow number="0.5970317648250922"/>
            <maxpow number="0.5970317648250922"/>
            <fprob>0.0</fprob>
        </actor>
        <actor name="D0N48">
            <wcet number="0">10</wcet>
            <wcet number="1">50</wcet>
            <maxpow number="0.6270408641065642"/>
            <maxpow number="0.6270408641065642"/>
            <fprob>0.0</fprob>
        </actor>
        <actor name="D0N34">
            <wcet number="0">10</wcet>
            <wcet number="1">60</wcet>
            <maxpow number="0.8575369011196732"/>
            <maxpow number="0.8575369011196732"/>
            <fprob>0.0</fprob>
        </actor>
        <actor name="D0N37">
            <wcet number="0">10</wcet>
            <wcet number="1">10</wcet>
            <maxpow number="0.44742591861317615"/>
            <maxpow number="0.44742591861317615"/>
            <fprob>0.0</fprob>
        </actor>
        <actor name="D0N7">
            <wcet number="0">10</wcet>
            <wcet number="1">30</wcet>
            <maxpow number="0.6334524941595329"/>
            <maxpow number="0.6334524941595329"/>
            <fprob>0.0</fprob>
        </actor>
        <actor name="D0N16">
            <wcet number="0">10</wcet>
            <wcet number="1">20</wcet>
            <maxpow number="0.411875915985373"/>
            <maxpow number="0.411875915985373"/>
            <fprob>0.0</fprob>
        </actor>
        <actor name="D0N46">
            <wcet number="0">10</wcet>
            <wcet number="1">40</wcet>
            <maxpow number="0.6103435577038254"/>
            <maxpow number="0.6103435577038254"/>
            <fprob>0.0</fprob>
        </actor>
        <actor name="D0N6">
            <wcet number="0">60</wcet>
            <wcet number="1">80</wcet>
            <maxpow number="0.4150680546446891"/>
            <maxpow number="0.4150680546446891"/>
            <fprob>0.0</fprob>
        </actor>
        <actor name="D0N41">
            <wcet number="0">10</wcet>
            <wcet number="1">30</wcet>
            <maxpow number="0.41683846501640565"/>
            <maxpow number="0.41683846501640565"/>
            <fprob>0.0</fprob>
        </actor>
        <actor name="D0N23">
            <wcet number="0">60</wcet>
            <wcet number="1">140</wcet>
            <maxpow number="0.6044347590140033"/>
            <maxpow number="0.6044347590140033"/>
            <fprob>0.0</fprob>
        </actor>
        <actor name="D0N27">
            <wcet number="0">20</wcet>
            <wcet number="1">30</wcet>
            <maxpow number="0.8426583646011303"/>
            <maxpow number="0.8426583646011303"/>
            <fprob>0.0</fprob>
        </actor>
        <actor name="D0N28">
            <wcet number="0">10</wcet>
            <wcet number="1">10</wcet>
            <maxpow number="0.5209853635695332"/>
            <maxpow number="0.5209853635695332"/>
            <fprob>0.0</fprob>
        </actor>
        <actor name="D0N38">
            <wcet number="0">20</wcet>
            <wcet number="1">30</wcet>
            <maxpow number="0.9583363038999304"/>
            <maxpow number="0.9583363038999304"/>
            <fprob>0.0</fprob>
        </actor>
        <actor name="D0N4">
            <wcet number="0">60</wcet>
            <wcet number="1">70</wcet>
            <maxpow number="0.5142227059799568"/>
            <maxpow number="0.5142227059799568"/>
            <fprob>0.0</fprob>
        </actor>
        <actor name="D0N35">
            <wcet number="0">50</wcet>
            <wcet number="1">50</wcet>
            <maxpow number="0.3341272491727304"/>
            <maxpow number="0.3341272491727304"/>
            <fprob>0.0</fprob>
        </actor>
        <actor name="D0N11">
            <wcet number="0">20</wcet>
            <wcet number="1">60</wcet>
            <maxpow number="0.9428349061327708"/>
            <maxpow number="0.9428349061327708"/>
            <fprob>0.0</fprob>
        </actor>
        <actor name="D0N20">
            <wcet number="0">20</wcet>
            <wcet number="1">30</wcet>
            <maxpow number="0.5734284141076943"/>
            <maxpow number="0.5734284141076943"/>
            <fprob>0.0</fprob>
        </actor>
        <actor name="D0N42">
            <wcet number="0">40</wcet>
            <wcet number="1">50</wcet>
            <maxpow number="0.6739881595755057"/>
            <maxpow number="0.6739881595755057"/>
            <fprob>0.0</fprob>
        </actor>
        <actor name="D0N13">
            <wcet number="0">40</wcet>
            <wcet number="1">80</wcet>
            <maxpow number="0.7538754109731927"/>
            <maxpow number="0.7538754109731927"/>
            <fprob>0.0</fprob>
        </actor>
        <actor name="D0N3">
            <wcet number="0">10</wcet>
            <wcet number="1">30</wcet>
            <maxpow number="0.4972061669639278"/>
            <maxpow number="0.4972061669639278"/>
            <fprob>0.0</fprob>
        </actor>
        <actor name="D0N30">
            <wcet number="0">50</wcet>
            <wcet number="1">50</wcet>
            <maxpow number="0.7319429343410724"/>
            <maxpow number="0.7319429343410724"/>
            <fprob>0.0</fprob>
        </actor>
        <actor name="D0N1">
            <wcet number="0">30</wcet>
            <wcet number="1">110</wcet>
            <maxpow number="0.7163960665505265"/>
            <maxpow number="0.7163960665505265"/>
            <fprob>0.0</fprob>
        </actor>
        <actor name="D0N25">
            <wcet number="0">10</wcet>
            <wcet number="1">10</wcet>
            <maxpow number="0.45745265679178365"/>
            <maxpow number="0.45745265679178365"/>
            <fprob>0.0</fprob>
        </actor>
        <actor name="D0N33">
            <wcet number="0">40</wcet>
            <wcet number="1">50</wcet>
            <maxpow number="0.6361307860248008"/>
            <maxpow number="0.6361307860248008"/>
            <fprob>0.0</fprob>
        </actor>
        <actor name="D0N31">
            <wcet number="0">10</wcet>
            <wcet number="1">10</wcet>
            <maxpow number="0.5635879760621814"/>
            <maxpow number="0.5635879760621814"/>
            <fprob>0.0</fprob>
        </actor>
        <actor name="D0N21">
            <wcet number="0">40</wcet>
            <wcet number="1">40</wcet>
            <maxpow number="0.7235403046646298"/>
            <maxpow number="0.7235403046646298"/>
            <fprob>0.0</fprob>
        </actor>
        <actor name="D0N45">
            <wcet number="0">100</wcet>
            <wcet number="1">140</wcet>
            <maxpow number="0.7465962629741896"/>
            <maxpow number="0.7465962629741896"/>
            <fprob>0.0</fprob>
        </actor>
        <actor name="D0N32">
            <wcet number="0">120</wcet>
            <wcet number="1">190</wcet>
            <maxpow number="0.554257501438546"/>
            <maxpow number="0.554257501438546"/>
            <fprob>0.0</fprob>
        </actor>
        <actor name="D0N12">
            <wcet number="0">20</wcet>
            <wcet number="1">20</wcet>
            <maxpow number="0.2941482338386952"/>
            <maxpow number="0.2941482338386952"/>
            <fprob>0.0</fprob>
        </actor>
        <actor name="D0N9">
            <wcet number="0">220</wcet>
            <wcet number="1">240</wcet>
            <maxpow number="0.8055916434069675"/>
            <maxpow number="0.8055916434069675"/>
            <fprob>0.0</fprob>
        </actor>
        <actor name="D0N24">
            <wcet number="0">10</wcet>
            <wcet number="1">40</wcet>
            <maxpow number="0.548434509069269"/>
            <maxpow number="0.548434509069269"/>
            <fprob>0.0</fprob>
        </actor>
        <actor name="D0N8">
            <wcet number="0">20</wcet>
            <wcet number="1">30</wcet>
            <maxpow number="0.40080264330902027"/>
            <maxpow number="0.40080264330902027"/>
            <fprob>0.0</fprob>
        </actor>
        <actor name="D0N14">
            <wcet number="0">10</wcet>
            <wcet number="1">30</wcet>
            <maxpow number="0.4122245378654081"/>
            <maxpow number="0.4122245378654081"/>
            <fprob>0.0</fprob>
        </actor>
        <actor name="D0N47">
            <wcet number="0">10</wcet>
            <wcet number="1">20</wcet>
            <maxpow number="0.8285228028270524"/>
            <maxpow number="0.8285228028270524"/>
            <fprob>0.0</fprob>
        </actor>
        <actor name="D0N43">
            <wcet number="0">10</wcet>
            <wcet number="1">70</wcet>
            <maxpow number="0.25454721394174257"/>
            <maxpow number="0.25454721394174257"/>
            <fprob>0.0</fprob>
        </actor>
        <actor name="D0N26">
            <wcet number="0">10</wcet>
            <wcet number="1">30</wcet>
            <maxpow number="0.6669037914907328"/>
            <maxpow number="0.6669037914907328"/>
            <fprob>0.0</fprob>
        </actor>
        <actor name="D0N36">
            <wcet number="0">20</wcet>
            <wcet number="1">20</wcet>
            <maxpow number="0.15567341848785704"/>
            <maxpow number="0.15567341848785704"/>
            <fprob>0.0</fprob>
        </actor>
        <ports>
            <port dstActor="D0N33" name="p0" srcActor="D0N22"/>
            <port dstActor="D0N46" name="p1" srcActor="D0N22"/>
            <port dstActor="D0N36" name="p2" srcActor="D0N29"/>
            <port dstActor="D0N16" name="p3" srcActor="D0N5"/>
            <port dstActor="D0N15" name="p4" srcActor="D0N5"/>
            <port dstActor="D0N36" name="p5" srcActor="D0N2"/>
            <port dstActor="D0N29" name="p6" srcActor="D0N2"/>
            <port dstActor="D0N42" name="p7" srcActor="D0N2"/>
            <port dstActor="D0N22" name="p8" srcActor="D0N2"/>
            <port dstActor="D0N35" name="p9" srcActor="D0N2"/>
            <port dstActor="D0N28" name="p10" srcActor="D0N17"/>
            <port dstActor="D0N47" name="p11" srcActor="D0N19"/>
            <port dstActor="D0N34" name="p12" srcActor="D0N19"/>
            <port dstActor="D0N24" name="p13" srcActor="D0N10"/>
            <port dstActor="D0N14" name="p14" srcActor="D0N10"/>
            <port dstActor="D0N34" name="p15" srcActor="D0N10"/>
            <port dstActor="D0N13" name="p16" srcActor="D0N10"/>
            <port dstActor="D0N41" name="p17" srcActor="D0N10"/>
            <port dstActor="D0N42" name="p18" srcActor="D0N10"/>
            <port dstActor="D0N26" name="p19" srcActor="D0N15"/>
            <port dstActor="D0N33" name="p20" srcActor="D0N15"/>
            <port dstActor="D0N41" name="p21" srcActor="D0N34"/>
            <port dstActor="D0N41" name="p22" srcActor="D0N37"/>
            <port dstActor="D0N39" name="p23" srcActor="D0N37"/>
            <port dstActor="D0N11" name="p24" srcActor="D0N7"/>
            <port dstActor="D0N33" name="p25" srcActor="D0N7"/>
            <port dstActor="D0N8" name="p26" srcActor="D0N7"/>
            <port dstActor="D0N28" name="p27" srcActor="D0N7"/>
            <port dstActor="D0N22" name="p28" srcActor="D0N7"/>
            <port dstActor="D0N22" name="p29" srcActor="D0N16"/>
            <port dstActor="D0N26" name="p30" srcActor="D0N16"/>
            <port dstActor="D0N35" name="p31" srcActor="D0N16"/>
            <port dstActor="D0N35" name="p32" srcActor="D0N6"/>
            <port dstActor="D0N17" name="p33" srcActor="D0N6"/>
            <port dstActor="D0N34" name="p34" srcActor="D0N6"/>
            <port dstActor="D0N36" name="p35" srcActor="D0N6"/>
            <port dstActor="D0N28" name="p36" srcActor="D0N23"/>
            <port dstActor="D0N45" name="p37" srcActor="D0N27"/>
            <port dstActor="D0N35" name="p38" srcActor="D0N27"/>
            <port dstActor="D0N48" name="p39" srcActor="D0N27"/>
            <port dstActor="D0N41" name="p40" srcActor="D0N28"/>
            <port dstActor="D0N32" name="p41" srcActor="D0N28"/>
            <port dstActor="D0N43" name="p42" srcActor="D0N28"/>
            <port dstActor="D0N40" name="p43" srcActor="D0N38"/>
            <port dstActor="D0N41" name="p44" srcActor="D0N38"/>
            <port dstActor="D0N37" name="p45" srcActor="D0N4"/>
            <port dstActor="D0N30" name="p46" srcActor="D0N4"/>
            <port dstActor="D0N39" name="p47" srcActor="D0N4"/>
            <port dstActor="D0N19" name="p48" srcActor="D0N4"/>
            <port dstActor="D0N48" name="p49" srcActor="D0N4"/>
            <port dstActor="D0N39" name="p50" srcActor="D0N35"/>
            <port dstActor="D0N37" name="p51" srcActor="D0N35"/>
            <port dstActor="D0N18" name="p52" srcActor="D0N11"/>
            <port dstActor="D0N16" name="p53" srcActor="D0N11"/>
            <port dstActor="D0N12" name="p54" srcActor="D0N11"/>
            <port dstActor="D0N48" name="p55" srcActor="D0N42"/>
            <port dstActor="D0N45" name="p56" srcActor="D0N42"/>
            <port dstActor="D0N31" name="p57" srcActor="D0N13"/>
            <port dstActor="D0N32" name="p58" srcActor="D0N13"/>
            <port dstActor="D0N43" name="p59" srcActor="D0N13"/>
            <port dstActor="D0N35" name="p60" srcActor="D0N13"/>
            <port dstActor="D0N11" name="p61" srcActor="D0N3"/>
            <port dstActor="D0N44" name="p62" srcActor="D0N3"/>
            <port dstActor="D0N44" name="p63" srcActor="D0N30"/>
            <port dstActor="D0N37" name="p64" srcActor="D0N30"/>
            <port dstActor="D0N42" name="p65" srcActor="D0N30"/>
            <port dstActor="D0N43" name="p66" srcActor="D0N30"/>
            <port dstActor="D0N34" name="p67" srcActor="D0N1"/>
            <port dstActor="D0N21" name="p68" srcActor="D0N1"/>
            <port dstActor="D0N46" name="p69" srcActor="D0N25"/>
            <port dstActor="D0N37" name="p70" srcActor="D0N25"/>
            <port dstActor="D0N38" name="p71" srcActor="D0N25"/>
            <port dstActor="D0N34" name="p72" srcActor="D0N33"/>
            <port dstActor="D0N41" name="p73" srcActor="D0N31"/>
            <port dstActor="D0N35" name="p74" srcActor="D0N21"/>
            <port dstActor="D0N43" name="p75" srcActor="D0N21"/>
            <port dstActor="D0N25" name="p76" srcActor="D0N12"/>
            <port dstActor="D0N38" name="p77" srcActor="D0N12"/>
            <port dstActor="D0N33" name="p78" srcActor="D0N12"/>
            <port dstActor="D0N13" name="p79" srcActor="D0N9"/>
            <port dstActor="D0N10" name="p80" srcActor="D0N9"/>
            <port dstActor="D0N44" name="p81" srcActor="D0N24"/>
            <port dstActor="D0N40" name="p82" srcActor="D0N24"/>
            <port dstActor="D0N30" name="p83" srcActor="D0N24"/>
            <port dstActor="D0N35" name="p84" srcActor="D0N8"/>
            <port dstActor="D0N16" name="p85" srcActor="D0N8"/>
            <port dstActor="D0N45" name="p86" srcActor="D0N8"/>
            <port dstActor="D0N23" name="p87" srcActor="D0N8"/>
            <port dstActor="D0N21" name="p88" srcActor="D0N14"/>
            <port dstActor="D0N40" name="p89" srcActor="D0N14"/>
            <port dstActor="D0N15" name="p90" srcActor="D0N14"/>
            <port dstActor="D0N17" name="p91" srcActor="D0N14"/>
            <port dstActor="D0N33" name="p92" srcActor="D0N14"/>
            <port dstActor="D0N29" name="p93" srcActor="D0N14"/>
            <port dstActor="D0N19" name="p94" srcActor="D0N14"/>
            <port dstActor="D0N37" name="p95" srcActor="D0N14"/>
            <port dstActor="D0N48" name="p96" srcActor="D0N47"/>
            <port dstActor="D0N46" name="p97" srcActor="D0N43"/>
            <port dstActor="D0N29" name="p98" srcActor="D0N26"/>
            <port dstActor="D0N34" name="p99" srcActor="D0N26"/>
            <port dstActor="D0N38" name="p100" srcActor="D0N36"/>
            <port dstActor="D0N45" name="p101" srcActor="D0N36"/>
            <port dstActor="D0N47" name="p102" srcActor="D0N36"/>
        </ports>
    </mcdag>
    <cores number="3"/>
    <levels number="2"/>
</mcsystem>
