<?xml version="1.0" encoding="UTF-8" standalone="no"?>
<mcsystem>
    <mcdag deadline="2000" name="genned-0-ed-10.0-0">
        <actor name="D0N11">
            <wcet number="0">90</wcet>
            <wcet number="1">190</wcet>
            <maxpow number="0.6221846050628161"/>
            <maxpow number="0.6221846050628161"/>
            <fprob>0.0</fprob>
        </actor>
        <actor name="D0N3">
            <wcet number="0">80</wcet>
            <wcet number="1">90</wcet>
            <maxpow number="0.2805762458356685"/>
            <maxpow number="0.2805762458356685"/>
            <fprob>0.0</fprob>
        </actor>
        <actor name="D0N5">
            <wcet number="0">40</wcet>
            <wcet number="1">40</wcet>
            <maxpow number="0.5160590355479081"/>
            <maxpow number="0.5160590355479081"/>
            <fprob>0.0</fprob>
        </actor>
        <actor name="D0N43">
            <wcet number="0">10</wcet>
            <wcet number="1">30</wcet>
            <maxpow number="0.31823204926161913"/>
            <maxpow number="0.31823204926161913"/>
            <fprob>0.0</fprob>
        </actor>
        <actor name="D0N7">
            <wcet number="0">20</wcet>
            <wcet number="1">100</wcet>
            <maxpow number="0.580891401577257"/>
            <maxpow number="0.580891401577257"/>
            <fprob>0.0</fprob>
        </actor>
        <actor name="D0N35">
            <wcet number="0">30</wcet>
            <wcet number="1">60</wcet>
            <maxpow number="0.4014457630758738"/>
            <maxpow number="0.4014457630758738"/>
            <fprob>0.0</fprob>
        </actor>
        <actor name="D0N38">
            <wcet number="0">40</wcet>
            <wcet number="1">50</wcet>
            <maxpow number="0.5176759924495286"/>
            <maxpow number="0.5176759924495286"/>
            <fprob>0.0</fprob>
        </actor>
        <actor name="D0N32">
            <wcet number="0">10</wcet>
            <wcet number="1">10</wcet>
            <maxpow number="0.5590538897910502"/>
            <maxpow number="0.5590538897910502"/>
            <fprob>0.0</fprob>
        </actor>
        <actor name="D0N21">
            <wcet number="0">10</wcet>
            <wcet number="1">10</wcet>
            <maxpow number="0.7708764725807362"/>
            <maxpow number="0.7708764725807362"/>
            <fprob>0.0</fprob>
        </actor>
        <actor name="D0N47">
            <wcet number="0">10</wcet>
            <wcet number="1">10</wcet>
            <maxpow number="0.5972860334236132"/>
            <maxpow number="0.5972860334236132"/>
            <fprob>0.0</fprob>
        </actor>
        <actor name="D0N4">
            <wcet number="0">60</wcet>
            <wcet number="1">80</wcet>
            <maxpow number="0.44207938400961866"/>
            <maxpow number="0.44207938400961866"/>
            <fprob>0.0</fprob>
        </actor>
        <actor name="D0N39">
            <wcet number="0">20</wcet>
            <wcet number="1">20</wcet>
            <maxpow number="0.28545023724300034"/>
            <maxpow number="0.28545023724300034"/>
            <fprob>0.0</fprob>
        </actor>
        <actor name="D0N9">
            <wcet number="0">10</wcet>
            <wcet number="1">20</wcet>
            <maxpow number="0.40380100142428876"/>
            <maxpow number="0.40380100142428876"/>
            <fprob>0.0</fprob>
        </actor>
        <actor name="D0N31">
            <wcet number="0">40</wcet>
            <wcet number="1">80</wcet>
            <maxpow number="0.3784635555909287"/>
            <maxpow number="0.3784635555909287"/>
            <fprob>0.0</fprob>
        </actor>
        <actor name="D0N19">
            <wcet number="0">30</wcet>
            <wcet number="1">80</wcet>
            <maxpow number="0.7618981291012163"/>
            <maxpow number="0.7618981291012163"/>
            <fprob>0.0</fprob>
        </actor>
        <actor name="D0N6">
            <wcet number="0">10</wcet>
            <wcet number="1">10</wcet>
            <maxpow number="0.660211644856246"/>
            <maxpow number="0.660211644856246"/>
            <fprob>0.0</fprob>
        </actor>
        <actor name="D0N23">
            <wcet number="0">30</wcet>
            <wcet number="1">80</wcet>
            <maxpow number="0.5835779022252793"/>
            <maxpow number="0.5835779022252793"/>
            <fprob>0.0</fprob>
        </actor>
        <actor name="D0N12">
            <wcet number="0">90</wcet>
            <wcet number="1">110</wcet>
            <maxpow number="0.8018827329111851"/>
            <maxpow number="0.8018827329111851"/>
            <fprob>0.0</fprob>
        </actor>
        <actor name="D0N37">
            <wcet number="0">30</wcet>
            <wcet number="1">50</wcet>
            <maxpow number="0.1630661854088002"/>
            <maxpow number="0.1630661854088002"/>
            <fprob>0.0</fprob>
        </actor>
        <actor name="D0N30">
            <wcet number="0">30</wcet>
            <wcet number="1">70</wcet>
            <maxpow number="0.538577107197891"/>
            <maxpow number="0.538577107197891"/>
            <fprob>0.0</fprob>
        </actor>
        <actor name="D0N42">
            <wcet number="0">200</wcet>
            <wcet number="1">200</wcet>
            <maxpow number="0.7040709214890392"/>
            <maxpow number="0.7040709214890392"/>
            <fprob>0.0</fprob>
        </actor>
        <actor name="D0N33">
            <wcet number="0">20</wcet>
            <wcet number="1">60</wcet>
            <maxpow number="0.6852996073584157"/>
            <maxpow number="0.6852996073584157"/>
            <fprob>0.0</fprob>
        </actor>
        <actor name="D0N16">
            <wcet number="0">130</wcet>
            <wcet number="1">230</wcet>
            <maxpow number="0.38823293654236957"/>
            <maxpow number="0.38823293654236957"/>
            <fprob>0.0</fprob>
        </actor>
        <actor name="D0N44">
            <wcet number="0">10</wcet>
            <wcet number="1">170</wcet>
            <maxpow number="0.5341440151394323"/>
            <maxpow number="0.5341440151394323"/>
            <fprob>0.0</fprob>
        </actor>
        <actor name="D0N8">
            <wcet number="0">30</wcet>
            <wcet number="1">30</wcet>
            <maxpow number="0.6669114502770548"/>
            <maxpow number="0.6669114502770548"/>
            <fprob>0.0</fprob>
        </actor>
        <actor name="D0N24">
            <wcet number="0">220</wcet>
            <wcet number="1">310</wcet>
            <maxpow number="0.6030952853367029"/>
            <maxpow number="0.6030952853367029"/>
            <fprob>0.0</fprob>
        </actor>
        <actor name="D0N25">
            <wcet number="0">80</wcet>
            <wcet number="1">80</wcet>
            <maxpow number="0.8081431626187383"/>
            <maxpow number="0.8081431626187383"/>
            <fprob>0.0</fprob>
        </actor>
        <actor name="D0N45">
            <wcet number="0">30</wcet>
            <wcet number="1">40</wcet>
            <maxpow number="0.6893905667079"/>
            <maxpow number="0.6893905667079"/>
            <fprob>0.0</fprob>
        </actor>
        <actor name="D0N36">
            <wcet number="0">60</wcet>
            <wcet number="1">360</wcet>
            <maxpow number="0.41245510570925853"/>
            <maxpow number="0.41245510570925853"/>
            <fprob>0.0</fprob>
        </actor>
        <actor name="D0N2">
            <wcet number="0">10</wcet>
            <wcet number="1">10</wcet>
            <maxpow number="0.4649210282906442"/>
            <maxpow number="0.4649210282906442"/>
            <fprob>0.0</fprob>
        </actor>
        <actor name="D0N13">
            <wcet number="0">30</wcet>
            <wcet number="1">80</wcet>
            <maxpow number="0.5962314589476373"/>
            <maxpow number="0.5962314589476373"/>
            <fprob>0.0</fprob>
        </actor>
        <actor name="D0N40">
            <wcet number="0">50</wcet>
            <wcet number="1">120</wcet>
            <maxpow number="0.6227114812865963"/>
            <maxpow number="0.6227114812865963"/>
            <fprob>0.0</fprob>
        </actor>
        <actor name="D0N41">
            <wcet number="0">10</wcet>
            <wcet number="1">10</wcet>
            <maxpow number="0.40541325806493156"/>
            <maxpow number="0.40541325806493156"/>
            <fprob>0.0</fprob>
        </actor>
        <actor name="D0N1">
            <wcet number="0">20</wcet>
            <wcet number="1">80</wcet>
            <maxpow number="0.9166757346167465"/>
            <maxpow number="0.9166757346167465"/>
            <fprob>0.0</fprob>
        </actor>
        <actor name="D0N15">
            <wcet number="0">10</wcet>
            <wcet number="1">10</wcet>
            <maxpow number="0.5687580351256376"/>
            <maxpow number="0.5687580351256376"/>
            <fprob>0.0</fprob>
        </actor>
        <actor name="D0N22">
            <wcet number="0">30</wcet>
            <wcet number="1">30</wcet>
            <maxpow number="1.1082155412548498"/>
            <maxpow number="1.1082155412548498"/>
            <fprob>0.0</fprob>
        </actor>
        <actor name="D0N28">
            <wcet number="0">90</wcet>
            <wcet number="1">130</wcet>
            <maxpow number="0.2467728834009167"/>
            <maxpow number="0.2467728834009167"/>
            <fprob>0.0</fprob>
        </actor>
        <actor name="D0N0">
            <wcet number="0">50</wcet>
            <wcet number="1">60</wcet>
            <maxpow number="0.4394745288333653"/>
            <maxpow number="0.4394745288333653"/>
            <fprob>0.0</fprob>
        </actor>
        <actor name="D0N29">
            <wcet number="0">30</wcet>
            <wcet number="1">60</wcet>
            <maxpow number="0.6570301352876985"/>
            <maxpow number="0.6570301352876985"/>
            <fprob>0.0</fprob>
        </actor>
        <actor name="D0N10">
            <wcet number="0">40</wcet>
            <wcet number="1">40</wcet>
            <maxpow number="0.5973846823258484"/>
            <maxpow number="0.5973846823258484"/>
            <fprob>0.0</fprob>
        </actor>
        <actor name="D0N17">
            <wcet number="0">290</wcet>
            <wcet number="1">330</wcet>
            <maxpow number="0.5225932851041032"/>
            <maxpow number="0.5225932851041032"/>
            <fprob>0.0</fprob>
        </actor>
        <actor name="D0N18">
            <wcet number="0">240</wcet>
            <wcet number="1">290</wcet>
            <maxpow number="0.5849421769155545"/>
            <maxpow number="0.5849421769155545"/>
            <fprob>0.0</fprob>
        </actor>
        <actor name="D0N14">
            <wcet number="0">20</wcet>
            <wcet number="1">20</wcet>
            <maxpow number="0.6234016726972585"/>
            <maxpow number="0.6234016726972585"/>
            <fprob>0.0</fprob>
        </actor>
        <actor name="D0N26">
            <wcet number="0">20</wcet>
            <wcet number="1">80</wcet>
            <maxpow number="0.43882218655767297"/>
            <maxpow number="0.43882218655767297"/>
            <fprob>0.0</fprob>
        </actor>
        <actor name="D0N20">
            <wcet number="0">90</wcet>
            <wcet number="1">180</wcet>
            <maxpow number="0.34592734495129895"/>
            <maxpow number="0.34592734495129895"/>
            <fprob>0.0</fprob>
        </actor>
        <actor name="D0N34">
            <wcet number="0">10</wcet>
            <wcet number="1">10</wcet>
            <maxpow number="0.4533192321520722"/>
            <maxpow number="0.4533192321520722"/>
            <fprob>0.0</fprob>
        </actor>
        <actor name="D0N27">
            <wcet number="0">170</wcet>
            <wcet number="1">180</wcet>
            <maxpow number="0.3552608298503781"/>
            <maxpow number="0.3552608298503781"/>
            <fprob>0.0</fprob>
        </actor>
        <actor name="D0N46">
            <wcet number="0">150</wcet>
            <wcet number="1">210</wcet>
            <maxpow number="0.5476628316303607"/>
            <maxpow number="0.5476628316303607"/>
            <fprob>0.0</fprob>
        </actor>
        <ports>
            <port dstActor="D0N25" name="p0" srcActor="D0N11"/>
            <port dstActor="D0N13" name="p1" srcActor="D0N11"/>
            <port dstActor="D0N15" name="p2" srcActor="D0N11"/>
            <port dstActor="D0N30" name="p3" srcActor="D0N11"/>
            <port dstActor="D0N16" name="p4" srcActor="D0N3"/>
            <port dstActor="D0N42" name="p5" srcActor="D0N3"/>
            <port dstActor="D0N20" name="p6" srcActor="D0N5"/>
            <port dstActor="D0N45" name="p7" srcActor="D0N43"/>
            <port dstActor="D0N47" name="p8" srcActor="D0N43"/>
            <port dstActor="D0N8" name="p9" srcActor="D0N7"/>
            <port dstActor="D0N46" name="p10" srcActor="D0N7"/>
            <port dstActor="D0N28" name="p11" srcActor="D0N7"/>
            <port dstActor="D0N45" name="p12" srcActor="D0N32"/>
            <port dstActor="D0N36" name="p13" srcActor="D0N32"/>
            <port dstActor="D0N37" name="p14" srcActor="D0N21"/>
            <port dstActor="D0N40" name="p15" srcActor="D0N21"/>
            <port dstActor="D0N25" name="p16" srcActor="D0N21"/>
            <port dstActor="D0N8" name="p17" srcActor="D0N4"/>
            <port dstActor="D0N39" name="p18" srcActor="D0N4"/>
            <port dstActor="D0N18" name="p19" srcActor="D0N4"/>
            <port dstActor="D0N34" name="p20" srcActor="D0N4"/>
            <port dstActor="D0N45" name="p21" srcActor="D0N4"/>
            <port dstActor="D0N31" name="p22" srcActor="D0N4"/>
            <port dstActor="D0N38" name="p23" srcActor="D0N4"/>
            <port dstActor="D0N46" name="p24" srcActor="D0N39"/>
            <port dstActor="D0N42" name="p25" srcActor="D0N39"/>
            <port dstActor="D0N44" name="p26" srcActor="D0N9"/>
            <port dstActor="D0N39" name="p27" srcActor="D0N9"/>
            <port dstActor="D0N29" name="p28" srcActor="D0N9"/>
            <port dstActor="D0N45" name="p29" srcActor="D0N9"/>
            <port dstActor="D0N19" name="p30" srcActor="D0N9"/>
            <port dstActor="D0N33" name="p31" srcActor="D0N9"/>
            <port dstActor="D0N38" name="p32" srcActor="D0N9"/>
            <port dstActor="D0N25" name="p33" srcActor="D0N9"/>
            <port dstActor="D0N24" name="p34" srcActor="D0N9"/>
            <port dstActor="D0N35" name="p35" srcActor="D0N31"/>
            <port dstActor="D0N36" name="p36" srcActor="D0N19"/>
            <port dstActor="D0N46" name="p37" srcActor="D0N6"/>
            <port dstActor="D0N44" name="p38" srcActor="D0N6"/>
            <port dstActor="D0N9" name="p39" srcActor="D0N6"/>
            <port dstActor="D0N41" name="p40" srcActor="D0N6"/>
            <port dstActor="D0N43" name="p41" srcActor="D0N12"/>
            <port dstActor="D0N28" name="p42" srcActor="D0N12"/>
            <port dstActor="D0N32" name="p43" srcActor="D0N12"/>
            <port dstActor="D0N47" name="p44" srcActor="D0N12"/>
            <port dstActor="D0N46" name="p45" srcActor="D0N37"/>
            <port dstActor="D0N39" name="p46" srcActor="D0N37"/>
            <port dstActor="D0N47" name="p47" srcActor="D0N37"/>
            <port dstActor="D0N45" name="p48" srcActor="D0N37"/>
            <port dstActor="D0N45" name="p49" srcActor="D0N33"/>
            <port dstActor="D0N20" name="p50" srcActor="D0N16"/>
            <port dstActor="D0N38" name="p51" srcActor="D0N16"/>
            <port dstActor="D0N14" name="p52" srcActor="D0N8"/>
            <port dstActor="D0N33" name="p53" srcActor="D0N8"/>
            <port dstActor="D0N26" name="p54" srcActor="D0N8"/>
            <port dstActor="D0N19" name="p55" srcActor="D0N8"/>
            <port dstActor="D0N38" name="p56" srcActor="D0N24"/>
            <port dstActor="D0N46" name="p57" srcActor="D0N25"/>
            <port dstActor="D0N27" name="p58" srcActor="D0N25"/>
            <port dstActor="D0N26" name="p59" srcActor="D0N25"/>
            <port dstActor="D0N43" name="p60" srcActor="D0N25"/>
            <port dstActor="D0N46" name="p61" srcActor="D0N45"/>
            <port dstActor="D0N46" name="p62" srcActor="D0N36"/>
            <port dstActor="D0N39" name="p63" srcActor="D0N36"/>
            <port dstActor="D0N38" name="p64" srcActor="D0N36"/>
            <port dstActor="D0N19" name="p65" srcActor="D0N2"/>
            <port dstActor="D0N12" name="p66" srcActor="D0N2"/>
            <port dstActor="D0N21" name="p67" srcActor="D0N2"/>
            <port dstActor="D0N14" name="p68" srcActor="D0N13"/>
            <port dstActor="D0N38" name="p69" srcActor="D0N13"/>
            <port dstActor="D0N15" name="p70" srcActor="D0N13"/>
            <port dstActor="D0N41" name="p71" srcActor="D0N40"/>
            <port dstActor="D0N9" name="p72" srcActor="D0N1"/>
            <port dstActor="D0N30" name="p73" srcActor="D0N15"/>
            <port dstActor="D0N46" name="p74" srcActor="D0N15"/>
            <port dstActor="D0N33" name="p75" srcActor="D0N15"/>
            <port dstActor="D0N43" name="p76" srcActor="D0N15"/>
            <port dstActor="D0N39" name="p77" srcActor="D0N22"/>
            <port dstActor="D0N26" name="p78" srcActor="D0N22"/>
            <port dstActor="D0N47" name="p79" srcActor="D0N28"/>
            <port dstActor="D0N46" name="p80" srcActor="D0N28"/>
            <port dstActor="D0N43" name="p81" srcActor="D0N28"/>
            <port dstActor="D0N41" name="p82" srcActor="D0N0"/>
            <port dstActor="D0N27" name="p83" srcActor="D0N0"/>
            <port dstActor="D0N1" name="p84" srcActor="D0N0"/>
            <port dstActor="D0N30" name="p85" srcActor="D0N0"/>
            <port dstActor="D0N21" name="p86" srcActor="D0N0"/>
            <port dstActor="D0N44" name="p87" srcActor="D0N29"/>
            <port dstActor="D0N36" name="p88" srcActor="D0N29"/>
            <port dstActor="D0N41" name="p89" srcActor="D0N29"/>
            <port dstActor="D0N30" name="p90" srcActor="D0N29"/>
            <port dstActor="D0N35" name="p91" srcActor="D0N29"/>
            <port dstActor="D0N33" name="p92" srcActor="D0N29"/>
            <port dstActor="D0N35" name="p93" srcActor="D0N10"/>
            <port dstActor="D0N14" name="p94" srcActor="D0N10"/>
            <port dstActor="D0N29" name="p95" srcActor="D0N10"/>
            <port dstActor="D0N46" name="p96" srcActor="D0N10"/>
            <port dstActor="D0N17" name="p97" srcActor="D0N10"/>
            <port dstActor="D0N38" name="p98" srcActor="D0N17"/>
            <port dstActor="D0N18" name="p99" srcActor="D0N17"/>
            <port dstActor="D0N42" name="p100" srcActor="D0N17"/>
            <port dstActor="D0N47" name="p101" srcActor="D0N17"/>
            <port dstActor="D0N35" name="p102" srcActor="D0N17"/>
            <port dstActor="D0N28" name="p103" srcActor="D0N17"/>
            <port dstActor="D0N20" name="p104" srcActor="D0N17"/>
            <port dstActor="D0N22" name="p105" srcActor="D0N18"/>
            <port dstActor="D0N24" name="p106" srcActor="D0N18"/>
            <port dstActor="D0N34" name="p107" srcActor="D0N18"/>
            <port dstActor="D0N33" name="p108" srcActor="D0N18"/>
            <port dstActor="D0N23" name="p109" srcActor="D0N18"/>
            <port dstActor="D0N32" name="p110" srcActor="D0N14"/>
            <port dstActor="D0N36" name="p111" srcActor="D0N14"/>
            <port dstActor="D0N26" name="p112" srcActor="D0N14"/>
            <port dstActor="D0N25" name="p113" srcActor="D0N14"/>
            <port dstActor="D0N47" name="p114" srcActor="D0N14"/>
            <port dstActor="D0N24" name="p115" srcActor="D0N14"/>
            <port dstActor="D0N39" name="p116" srcActor="D0N20"/>
            <port dstActor="D0N42" name="p117" srcActor="D0N20"/>
            <port dstActor="D0N24" name="p118" srcActor="D0N20"/>
            <port dstActor="D0N33" name="p119" srcActor="D0N20"/>
            <port dstActor="D0N35" name="p120" srcActor="D0N34"/>
            <port dstActor="D0N40" name="p121" srcActor="D0N34"/>
            <port dstActor="D0N33" name="p122" srcActor="D0N27"/>
            <port dstActor="D0N47" name="p123" srcActor="D0N46"/>
        </ports>
    </mcdag>
    <cores number="3"/>
    <levels number="2"/>
</mcsystem>
