<?xml version="1.0" encoding="UTF-8" standalone="no"?>
<mcsystem>
    <mcdag deadline="2200" name="genned-0-ed-10.0-0">
        <actor name="D0N26">
            <wcet number="0">90</wcet>
            <wcet number="1">160</wcet>
            <maxpow number="0.49248396498435304"/>
            <maxpow number="0.49248396498435304"/>
            <fprob>0.0</fprob>
        </actor>
        <actor name="D0N45">
            <wcet number="0">50</wcet>
            <wcet number="1">60</wcet>
            <maxpow number="0.6278944182689816"/>
            <maxpow number="0.6278944182689816"/>
            <fprob>0.0</fprob>
        </actor>
        <actor name="D0N5">
            <wcet number="0">50</wcet>
            <wcet number="1">210</wcet>
            <maxpow number="0.573594511872873"/>
            <maxpow number="0.573594511872873"/>
            <fprob>0.0</fprob>
        </actor>
        <actor name="D0N10">
            <wcet number="0">40</wcet>
            <wcet number="1">250</wcet>
            <maxpow number="0.5939055025853126"/>
            <maxpow number="0.5939055025853126"/>
            <fprob>0.0</fprob>
        </actor>
        <actor name="D0N35">
            <wcet number="0">10</wcet>
            <wcet number="1">110</wcet>
            <maxpow number="0.4551653501765446"/>
            <maxpow number="0.4551653501765446"/>
            <fprob>0.0</fprob>
        </actor>
        <actor name="D0N15">
            <wcet number="0">390</wcet>
            <wcet number="1">440</wcet>
            <maxpow number="0.7961551251211907"/>
            <maxpow number="0.7961551251211907"/>
            <fprob>0.0</fprob>
        </actor>
        <actor name="D0N47">
            <wcet number="0">40</wcet>
            <wcet number="1">50</wcet>
            <maxpow number="0.44085717875323366"/>
            <maxpow number="0.44085717875323366"/>
            <fprob>0.0</fprob>
        </actor>
        <actor name="D0N19">
            <wcet number="0">40</wcet>
            <wcet number="1">80</wcet>
            <maxpow number="0.5433696427679721"/>
            <maxpow number="0.5433696427679721"/>
            <fprob>0.0</fprob>
        </actor>
        <actor name="D0N40">
            <wcet number="0">190</wcet>
            <wcet number="1">260</wcet>
            <maxpow number="0.7259405249393103"/>
            <maxpow number="0.7259405249393103"/>
            <fprob>0.0</fprob>
        </actor>
        <actor name="D0N32">
            <wcet number="0">80</wcet>
            <wcet number="1">220</wcet>
            <maxpow number="0.612026754813284"/>
            <maxpow number="0.612026754813284"/>
            <fprob>0.0</fprob>
        </actor>
        <actor name="D0N13">
            <wcet number="0">80</wcet>
            <wcet number="1">110</wcet>
            <maxpow number="0.6166134472479587"/>
            <maxpow number="0.6166134472479587"/>
            <fprob>0.0</fprob>
        </actor>
        <actor name="D0N2">
            <wcet number="0">90</wcet>
            <wcet number="1">110</wcet>
            <maxpow number="0.37785615185008004"/>
            <maxpow number="0.37785615185008004"/>
            <fprob>0.0</fprob>
        </actor>
        <actor name="D0N1">
            <wcet number="0">50</wcet>
            <wcet number="1">80</wcet>
            <maxpow number="0.38454211475192734"/>
            <maxpow number="0.38454211475192734"/>
            <fprob>0.0</fprob>
        </actor>
        <actor name="D0N27">
            <wcet number="0">30</wcet>
            <wcet number="1">40</wcet>
            <maxpow number="0.5356564181883647"/>
            <maxpow number="0.5356564181883647"/>
            <fprob>0.0</fprob>
        </actor>
        <actor name="D0N43">
            <wcet number="0">10</wcet>
            <wcet number="1">30</wcet>
            <maxpow number="0.30280485118156636"/>
            <maxpow number="0.30280485118156636"/>
            <fprob>0.0</fprob>
        </actor>
        <actor name="D0N20">
            <wcet number="0">40</wcet>
            <wcet number="1">40</wcet>
            <maxpow number="0.5741310585807763"/>
            <maxpow number="0.5741310585807763"/>
            <fprob>0.0</fprob>
        </actor>
        <actor name="D0N42">
            <wcet number="0">50</wcet>
            <wcet number="1">80</wcet>
            <maxpow number="0.692348595173091"/>
            <maxpow number="0.692348595173091"/>
            <fprob>0.0</fprob>
        </actor>
        <actor name="D0N33">
            <wcet number="0">20</wcet>
            <wcet number="1">30</wcet>
            <maxpow number="0.9220255662365574"/>
            <maxpow number="0.9220255662365574"/>
            <fprob>0.0</fprob>
        </actor>
        <actor name="D0N22">
            <wcet number="0">40</wcet>
            <wcet number="1">120</wcet>
            <maxpow number="0.5329862690099468"/>
            <maxpow number="0.5329862690099468"/>
            <fprob>0.0</fprob>
        </actor>
        <actor name="D0N23">
            <wcet number="0">10</wcet>
            <wcet number="1">30</wcet>
            <maxpow number="0.6285730050782088"/>
            <maxpow number="0.6285730050782088"/>
            <fprob>0.0</fprob>
        </actor>
        <actor name="D0N6">
            <wcet number="0">40</wcet>
            <wcet number="1">140</wcet>
            <maxpow number="0.32240078050024673"/>
            <maxpow number="0.32240078050024673"/>
            <fprob>0.0</fprob>
        </actor>
        <actor name="D0N11">
            <wcet number="0">30</wcet>
            <wcet number="1">120</wcet>
            <maxpow number="0.4108295551182032"/>
            <maxpow number="0.4108295551182032"/>
            <fprob>0.0</fprob>
        </actor>
        <actor name="D0N48">
            <wcet number="0">70</wcet>
            <wcet number="1">90</wcet>
            <maxpow number="0.8004722582997237"/>
            <maxpow number="0.8004722582997237"/>
            <fprob>0.0</fprob>
        </actor>
        <actor name="D0N39">
            <wcet number="0">10</wcet>
            <wcet number="1">10</wcet>
            <maxpow number="0.7815223663705271"/>
            <maxpow number="0.7815223663705271"/>
            <fprob>0.0</fprob>
        </actor>
        <actor name="D0N12">
            <wcet number="0">70</wcet>
            <wcet number="1">80</wcet>
            <maxpow number="0.562254247258698"/>
            <maxpow number="0.562254247258698"/>
            <fprob>0.0</fprob>
        </actor>
        <actor name="D0N31">
            <wcet number="0">40</wcet>
            <wcet number="1">40</wcet>
            <maxpow number="0.5082497243908269"/>
            <maxpow number="0.5082497243908269"/>
            <fprob>0.0</fprob>
        </actor>
        <actor name="D0N28">
            <wcet number="0">70</wcet>
            <wcet number="1">200</wcet>
            <maxpow number="0.39005906788229516"/>
            <maxpow number="0.39005906788229516"/>
            <fprob>0.0</fprob>
        </actor>
        <actor name="D0N38">
            <wcet number="0">10</wcet>
            <wcet number="1">10</wcet>
            <maxpow number="0.45120051789292287"/>
            <maxpow number="0.45120051789292287"/>
            <fprob>0.0</fprob>
        </actor>
        <actor name="D0N8">
            <wcet number="0">110</wcet>
            <wcet number="1">110</wcet>
            <maxpow number="0.6268862146849631"/>
            <maxpow number="0.6268862146849631"/>
            <fprob>0.0</fprob>
        </actor>
        <actor name="D0N37">
            <wcet number="0">80</wcet>
            <wcet number="1">160</wcet>
            <maxpow number="0.6131461735324226"/>
            <maxpow number="0.6131461735324226"/>
            <fprob>0.0</fprob>
        </actor>
        <actor name="D0N7">
            <wcet number="0">10</wcet>
            <wcet number="1">30</wcet>
            <maxpow number="0.3768889757897764"/>
            <maxpow number="0.3768889757897764"/>
            <fprob>0.0</fprob>
        </actor>
        <actor name="D0N36">
            <wcet number="0">80</wcet>
            <wcet number="1">140</wcet>
            <maxpow number="0.793011327623167"/>
            <maxpow number="0.793011327623167"/>
            <fprob>0.0</fprob>
        </actor>
        <actor name="D0N4">
            <wcet number="0">30</wcet>
            <wcet number="1">80</wcet>
            <maxpow number="0.41013017017924375"/>
            <maxpow number="0.41013017017924375"/>
            <fprob>0.0</fprob>
        </actor>
        <actor name="D0N24">
            <wcet number="0">80</wcet>
            <wcet number="1">120</wcet>
            <maxpow number="0.5236617989351017"/>
            <maxpow number="0.5236617989351017"/>
            <fprob>0.0</fprob>
        </actor>
        <actor name="D0N41">
            <wcet number="0">10</wcet>
            <wcet number="1">10</wcet>
            <maxpow number="0.26964640101605303"/>
            <maxpow number="0.26964640101605303"/>
            <fprob>0.0</fprob>
        </actor>
        <actor name="D0N14">
            <wcet number="0">20</wcet>
            <wcet number="1">70</wcet>
            <maxpow number="0.7645270935697879"/>
            <maxpow number="0.7645270935697879"/>
            <fprob>0.0</fprob>
        </actor>
        <actor name="D0N44">
            <wcet number="0">220</wcet>
            <wcet number="1">350</wcet>
            <maxpow number="0.38120419914854786"/>
            <maxpow number="0.38120419914854786"/>
            <fprob>0.0</fprob>
        </actor>
        <actor name="D0N3">
            <wcet number="0">100</wcet>
            <wcet number="1">150</wcet>
            <maxpow number="0.7913290745360474"/>
            <maxpow number="0.7913290745360474"/>
            <fprob>0.0</fprob>
        </actor>
        <actor name="D0N18">
            <wcet number="0">20</wcet>
            <wcet number="1">40</wcet>
            <maxpow number="0.5348104864670103"/>
            <maxpow number="0.5348104864670103"/>
            <fprob>0.0</fprob>
        </actor>
        <actor name="D0N9">
            <wcet number="0">70</wcet>
            <wcet number="1">130</wcet>
            <maxpow number="0.03316665334044644"/>
            <maxpow number="0.03316665334044644"/>
            <fprob>0.0</fprob>
        </actor>
        <actor name="D0N46">
            <wcet number="0">50</wcet>
            <wcet number="1">190</wcet>
            <maxpow number="0.4346632718207958"/>
            <maxpow number="0.4346632718207958"/>
            <fprob>0.0</fprob>
        </actor>
        <actor name="D0N25">
            <wcet number="0">250</wcet>
            <wcet number="1">260</wcet>
            <maxpow number="0.49628302613672726"/>
            <maxpow number="0.49628302613672726"/>
            <fprob>0.0</fprob>
        </actor>
        <actor name="D0N0">
            <wcet number="0">10</wcet>
            <wcet number="1">10</wcet>
            <maxpow number="0.4731311139481204"/>
            <maxpow number="0.4731311139481204"/>
            <fprob>0.0</fprob>
        </actor>
        <actor name="D0N30">
            <wcet number="0">40</wcet>
            <wcet number="1">40</wcet>
            <maxpow number="0.6060247655661163"/>
            <maxpow number="0.6060247655661163"/>
            <fprob>0.0</fprob>
        </actor>
        <actor name="D0N34">
            <wcet number="0">20</wcet>
            <wcet number="1">20</wcet>
            <maxpow number="0.8901216120300961"/>
            <maxpow number="0.8901216120300961"/>
            <fprob>0.0</fprob>
        </actor>
        <actor name="D0N21">
            <wcet number="0">80</wcet>
            <wcet number="1">120</wcet>
            <maxpow number="0.755819266085039"/>
            <maxpow number="0.755819266085039"/>
            <fprob>0.0</fprob>
        </actor>
        <actor name="D0N29">
            <wcet number="0">10</wcet>
            <wcet number="1">10</wcet>
            <maxpow number="0.3911367232608853"/>
            <maxpow number="0.3911367232608853"/>
            <fprob>0.0</fprob>
        </actor>
        <actor name="D0N17">
            <wcet number="0">30</wcet>
            <wcet number="1">200</wcet>
            <maxpow number="0.23511526260159082"/>
            <maxpow number="0.23511526260159082"/>
            <fprob>0.0</fprob>
        </actor>
        <actor name="D0N16">
            <wcet number="0">60</wcet>
            <wcet number="1">60</wcet>
            <maxpow number="0.6179331922636725"/>
            <maxpow number="0.6179331922636725"/>
            <fprob>0.0</fprob>
        </actor>
        <ports>
            <port dstActor="D0N37" name="p0" srcActor="D0N26"/>
            <port dstActor="D0N16" name="p1" srcActor="D0N5"/>
            <port dstActor="D0N21" name="p2" srcActor="D0N5"/>
            <port dstActor="D0N9" name="p3" srcActor="D0N5"/>
            <port dstActor="D0N48" name="p4" srcActor="D0N5"/>
            <port dstActor="D0N47" name="p5" srcActor="D0N5"/>
            <port dstActor="D0N12" name="p6" srcActor="D0N10"/>
            <port dstActor="D0N11" name="p7" srcActor="D0N10"/>
            <port dstActor="D0N35" name="p8" srcActor="D0N10"/>
            <port dstActor="D0N40" name="p9" srcActor="D0N10"/>
            <port dstActor="D0N48" name="p10" srcActor="D0N10"/>
            <port dstActor="D0N38" name="p11" srcActor="D0N35"/>
            <port dstActor="D0N25" name="p12" srcActor="D0N15"/>
            <port dstActor="D0N47" name="p13" srcActor="D0N15"/>
            <port dstActor="D0N26" name="p14" srcActor="D0N15"/>
            <port dstActor="D0N38" name="p15" srcActor="D0N15"/>
            <port dstActor="D0N45" name="p16" srcActor="D0N19"/>
            <port dstActor="D0N40" name="p17" srcActor="D0N19"/>
            <port dstActor="D0N42" name="p18" srcActor="D0N40"/>
            <port dstActor="D0N47" name="p19" srcActor="D0N40"/>
            <port dstActor="D0N38" name="p20" srcActor="D0N32"/>
            <port dstActor="D0N47" name="p21" srcActor="D0N32"/>
            <port dstActor="D0N14" name="p22" srcActor="D0N13"/>
            <port dstActor="D0N18" name="p23" srcActor="D0N13"/>
            <port dstActor="D0N31" name="p24" srcActor="D0N13"/>
            <port dstActor="D0N19" name="p25" srcActor="D0N13"/>
            <port dstActor="D0N13" name="p26" srcActor="D0N2"/>
            <port dstActor="D0N30" name="p27" srcActor="D0N2"/>
            <port dstActor="D0N19" name="p28" srcActor="D0N2"/>
            <port dstActor="D0N39" name="p29" srcActor="D0N1"/>
            <port dstActor="D0N46" name="p30" srcActor="D0N1"/>
            <port dstActor="D0N28" name="p31" srcActor="D0N1"/>
            <port dstActor="D0N2" name="p32" srcActor="D0N1"/>
            <port dstActor="D0N33" name="p33" srcActor="D0N1"/>
            <port dstActor="D0N38" name="p34" srcActor="D0N27"/>
            <port dstActor="D0N47" name="p35" srcActor="D0N43"/>
            <port dstActor="D0N34" name="p36" srcActor="D0N20"/>
            <port dstActor="D0N36" name="p37" srcActor="D0N20"/>
            <port dstActor="D0N27" name="p38" srcActor="D0N20"/>
            <port dstActor="D0N38" name="p39" srcActor="D0N33"/>
            <port dstActor="D0N27" name="p40" srcActor="D0N22"/>
            <port dstActor="D0N25" name="p41" srcActor="D0N22"/>
            <port dstActor="D0N30" name="p42" srcActor="D0N23"/>
            <port dstActor="D0N26" name="p43" srcActor="D0N23"/>
            <port dstActor="D0N15" name="p44" srcActor="D0N6"/>
            <port dstActor="D0N39" name="p45" srcActor="D0N6"/>
            <port dstActor="D0N14" name="p46" srcActor="D0N6"/>
            <port dstActor="D0N41" name="p47" srcActor="D0N11"/>
            <port dstActor="D0N14" name="p48" srcActor="D0N11"/>
            <port dstActor="D0N38" name="p49" srcActor="D0N11"/>
            <port dstActor="D0N32" name="p50" srcActor="D0N11"/>
            <port dstActor="D0N16" name="p51" srcActor="D0N12"/>
            <port dstActor="D0N37" name="p52" srcActor="D0N12"/>
            <port dstActor="D0N40" name="p53" srcActor="D0N12"/>
            <port dstActor="D0N46" name="p54" srcActor="D0N31"/>
            <port dstActor="D0N33" name="p55" srcActor="D0N31"/>
            <port dstActor="D0N31" name="p56" srcActor="D0N28"/>
            <port dstActor="D0N42" name="p57" srcActor="D0N38"/>
            <port dstActor="D0N43" name="p58" srcActor="D0N8"/>
            <port dstActor="D0N30" name="p59" srcActor="D0N8"/>
            <port dstActor="D0N44" name="p60" srcActor="D0N8"/>
            <port dstActor="D0N45" name="p61" srcActor="D0N8"/>
            <port dstActor="D0N47" name="p62" srcActor="D0N37"/>
            <port dstActor="D0N13" name="p63" srcActor="D0N7"/>
            <port dstActor="D0N43" name="p64" srcActor="D0N7"/>
            <port dstActor="D0N44" name="p65" srcActor="D0N7"/>
            <port dstActor="D0N24" name="p66" srcActor="D0N7"/>
            <port dstActor="D0N47" name="p67" srcActor="D0N36"/>
            <port dstActor="D0N39" name="p68" srcActor="D0N4"/>
            <port dstActor="D0N38" name="p69" srcActor="D0N4"/>
            <port dstActor="D0N20" name="p70" srcActor="D0N4"/>
            <port dstActor="D0N21" name="p71" srcActor="D0N4"/>
            <port dstActor="D0N7" name="p72" srcActor="D0N4"/>
            <port dstActor="D0N43" name="p73" srcActor="D0N24"/>
            <port dstActor="D0N32" name="p74" srcActor="D0N24"/>
            <port dstActor="D0N29" name="p75" srcActor="D0N24"/>
            <port dstActor="D0N45" name="p76" srcActor="D0N41"/>
            <port dstActor="D0N46" name="p77" srcActor="D0N41"/>
            <port dstActor="D0N46" name="p78" srcActor="D0N14"/>
            <port dstActor="D0N28" name="p79" srcActor="D0N3"/>
            <port dstActor="D0N34" name="p80" srcActor="D0N3"/>
            <port dstActor="D0N47" name="p81" srcActor="D0N3"/>
            <port dstActor="D0N20" name="p82" srcActor="D0N3"/>
            <port dstActor="D0N43" name="p83" srcActor="D0N18"/>
            <port dstActor="D0N48" name="p84" srcActor="D0N18"/>
            <port dstActor="D0N32" name="p85" srcActor="D0N18"/>
            <port dstActor="D0N21" name="p86" srcActor="D0N18"/>
            <port dstActor="D0N37" name="p87" srcActor="D0N18"/>
            <port dstActor="D0N23" name="p88" srcActor="D0N18"/>
            <port dstActor="D0N19" name="p89" srcActor="D0N9"/>
            <port dstActor="D0N31" name="p90" srcActor="D0N9"/>
            <port dstActor="D0N14" name="p91" srcActor="D0N9"/>
            <port dstActor="D0N25" name="p92" srcActor="D0N9"/>
            <port dstActor="D0N47" name="p93" srcActor="D0N46"/>
            <port dstActor="D0N36" name="p94" srcActor="D0N25"/>
            <port dstActor="D0N38" name="p95" srcActor="D0N25"/>
            <port dstActor="D0N48" name="p96" srcActor="D0N25"/>
            <port dstActor="D0N20" name="p97" srcActor="D0N0"/>
            <port dstActor="D0N8" name="p98" srcActor="D0N0"/>
            <port dstActor="D0N40" name="p99" srcActor="D0N0"/>
            <port dstActor="D0N33" name="p100" srcActor="D0N30"/>
            <port dstActor="D0N43" name="p101" srcActor="D0N30"/>
            <port dstActor="D0N32" name="p102" srcActor="D0N30"/>
            <port dstActor="D0N40" name="p103" srcActor="D0N30"/>
            <port dstActor="D0N48" name="p104" srcActor="D0N30"/>
            <port dstActor="D0N42" name="p105" srcActor="D0N21"/>
            <port dstActor="D0N44" name="p106" srcActor="D0N21"/>
            <port dstActor="D0N44" name="p107" srcActor="D0N29"/>
            <port dstActor="D0N27" name="p108" srcActor="D0N17"/>
            <port dstActor="D0N32" name="p109" srcActor="D0N17"/>
            <port dstActor="D0N27" name="p110" srcActor="D0N16"/>
            <port dstActor="D0N42" name="p111" srcActor="D0N16"/>
            <port dstActor="D0N21" name="p112" srcActor="D0N16"/>
            <port dstActor="D0N17" name="p113" srcActor="D0N16"/>
            <port dstActor="D0N47" name="p114" srcActor="D0N16"/>
            <port dstActor="D0N48" name="p115" srcActor="D0N16"/>
        </ports>
    </mcdag>
    <cores number="3"/>
    <levels number="2"/>
</mcsystem>
