<?xml version="1.0" encoding="UTF-8" standalone="no"?>
<mcsystem>
    <mcdag deadline="2000" name="genned-0-ed-10.0-0">
        <actor name="D0N36">
            <wcet number="0">110</wcet>
            <wcet number="1">130</wcet>
            <maxpow number="0.6116474807499885"/>
            <maxpow number="0.6116474807499885"/>
            <fprob>0.0</fprob>
        </actor>
        <actor name="D0N37">
            <wcet number="0">30</wcet>
            <wcet number="1">30</wcet>
            <maxpow number="0.6925191484041423"/>
            <maxpow number="0.6925191484041423"/>
            <fprob>0.0</fprob>
        </actor>
        <actor name="D0N35">
            <wcet number="0">20</wcet>
            <wcet number="1">120</wcet>
            <maxpow number="0.8608422445570509"/>
            <maxpow number="0.8608422445570509"/>
            <fprob>0.0</fprob>
        </actor>
        <actor name="D0N43">
            <wcet number="0">50</wcet>
            <wcet number="1">50</wcet>
            <maxpow number="0.4371468640279796"/>
            <maxpow number="0.4371468640279796"/>
            <fprob>0.0</fprob>
        </actor>
        <actor name="D0N31">
            <wcet number="0">70</wcet>
            <wcet number="1">100</wcet>
            <maxpow number="0.06045054713940523"/>
            <maxpow number="0.06045054713940523"/>
            <fprob>0.0</fprob>
        </actor>
        <actor name="D0N17">
            <wcet number="0">10</wcet>
            <wcet number="1">20</wcet>
            <maxpow number="0.5524515289032654"/>
            <maxpow number="0.5524515289032654"/>
            <fprob>0.0</fprob>
        </actor>
        <actor name="D0N25">
            <wcet number="0">100</wcet>
            <wcet number="1">100</wcet>
            <maxpow number="0.22503918893954233"/>
            <maxpow number="0.22503918893954233"/>
            <fprob>0.0</fprob>
        </actor>
        <actor name="D0N45">
            <wcet number="0">50</wcet>
            <wcet number="1">110</wcet>
            <maxpow number="0.5041228427735311"/>
            <maxpow number="0.5041228427735311"/>
            <fprob>0.0</fprob>
        </actor>
        <actor name="D0N46">
            <wcet number="0">10</wcet>
            <wcet number="1">60</wcet>
            <maxpow number="0.41102472069801965"/>
            <maxpow number="0.41102472069801965"/>
            <fprob>0.0</fprob>
        </actor>
        <actor name="D0N15">
            <wcet number="0">40</wcet>
            <wcet number="1">60</wcet>
            <maxpow number="0.4910549979845978"/>
            <maxpow number="0.4910549979845978"/>
            <fprob>0.0</fprob>
        </actor>
        <actor name="D0N4">
            <wcet number="0">50</wcet>
            <wcet number="1">60</wcet>
            <maxpow number="0.2856413978296476"/>
            <maxpow number="0.2856413978296476"/>
            <fprob>0.0</fprob>
        </actor>
        <actor name="D0N3">
            <wcet number="0">20</wcet>
            <wcet number="1">100</wcet>
            <maxpow number="0.5486660444387068"/>
            <maxpow number="0.5486660444387068"/>
            <fprob>0.0</fprob>
        </actor>
        <actor name="D0N27">
            <wcet number="0">10</wcet>
            <wcet number="1">10</wcet>
            <maxpow number="0.22541459966598992"/>
            <maxpow number="0.22541459966598992"/>
            <fprob>0.0</fprob>
        </actor>
        <actor name="D0N2">
            <wcet number="0">150</wcet>
            <wcet number="1">210</wcet>
            <maxpow number="0.2624010137092893"/>
            <maxpow number="0.2624010137092893"/>
            <fprob>0.0</fprob>
        </actor>
        <actor name="D0N1">
            <wcet number="0">40</wcet>
            <wcet number="1">260</wcet>
            <maxpow number="0.6442559954969836"/>
            <maxpow number="0.6442559954969836"/>
            <fprob>0.0</fprob>
        </actor>
        <actor name="D0N34">
            <wcet number="0">30</wcet>
            <wcet number="1">50</wcet>
            <maxpow number="0.8593936608630199"/>
            <maxpow number="0.8593936608630199"/>
            <fprob>0.0</fprob>
        </actor>
        <actor name="D0N41">
            <wcet number="0">40</wcet>
            <wcet number="1">70</wcet>
            <maxpow number="0.5780622411503856"/>
            <maxpow number="0.5780622411503856"/>
            <fprob>0.0</fprob>
        </actor>
        <actor name="D0N7">
            <wcet number="0">10</wcet>
            <wcet number="1">30</wcet>
            <maxpow number="0.37695583094904955"/>
            <maxpow number="0.37695583094904955"/>
            <fprob>0.0</fprob>
        </actor>
        <actor name="D0N11">
            <wcet number="0">10</wcet>
            <wcet number="1">50</wcet>
            <maxpow number="0.28923230724131294"/>
            <maxpow number="0.28923230724131294"/>
            <fprob>0.0</fprob>
        </actor>
        <actor name="D0N33">
            <wcet number="0">40</wcet>
            <wcet number="1">60</wcet>
            <maxpow number="0.4928416425816441"/>
            <maxpow number="0.4928416425816441"/>
            <fprob>0.0</fprob>
        </actor>
        <actor name="D0N38">
            <wcet number="0">30</wcet>
            <wcet number="1">50</wcet>
            <maxpow number="0.46389566699294854"/>
            <maxpow number="0.46389566699294854"/>
            <fprob>0.0</fprob>
        </actor>
        <actor name="D0N12">
            <wcet number="0">10</wcet>
            <wcet number="1">10</wcet>
            <maxpow number="0.6295560993594551"/>
            <maxpow number="0.6295560993594551"/>
            <fprob>0.0</fprob>
        </actor>
        <actor name="D0N24">
            <wcet number="0">10</wcet>
            <wcet number="1">20</wcet>
            <maxpow number="0.15521276251243188"/>
            <maxpow number="0.15521276251243188"/>
            <fprob>0.0</fprob>
        </actor>
        <actor name="D0N6">
            <wcet number="0">30</wcet>
            <wcet number="1">30</wcet>
            <maxpow number="0.1635977244397444"/>
            <maxpow number="0.1635977244397444"/>
            <fprob>0.0</fprob>
        </actor>
        <actor name="D0N21">
            <wcet number="0">20</wcet>
            <wcet number="1">30</wcet>
            <maxpow number="0.2729452606114757"/>
            <maxpow number="0.2729452606114757"/>
            <fprob>0.0</fprob>
        </actor>
        <actor name="D0N0">
            <wcet number="0">20</wcet>
            <wcet number="1">50</wcet>
            <maxpow number="0.5897219305347481"/>
            <maxpow number="0.5897219305347481"/>
            <fprob>0.0</fprob>
        </actor>
        <actor name="D0N18">
            <wcet number="0">190</wcet>
            <wcet number="1">200</wcet>
            <maxpow number="0.3498086476372143"/>
            <maxpow number="0.3498086476372143"/>
            <fprob>0.0</fprob>
        </actor>
        <actor name="D0N28">
            <wcet number="0">130</wcet>
            <wcet number="1">250</wcet>
            <maxpow number="0.4727327377091692"/>
            <maxpow number="0.4727327377091692"/>
            <fprob>0.0</fprob>
        </actor>
        <actor name="D0N22">
            <wcet number="0">10</wcet>
            <wcet number="1">180</wcet>
            <maxpow number="0.5347913813600451"/>
            <maxpow number="0.5347913813600451"/>
            <fprob>0.0</fprob>
        </actor>
        <actor name="D0N20">
            <wcet number="0">10</wcet>
            <wcet number="1">10</wcet>
            <maxpow number="0.4417357675597112"/>
            <maxpow number="0.4417357675597112"/>
            <fprob>0.0</fprob>
        </actor>
        <actor name="D0N9">
            <wcet number="0">110</wcet>
            <wcet number="1">140</wcet>
            <maxpow number="0.6983895593121493"/>
            <maxpow number="0.6983895593121493"/>
            <fprob>0.0</fprob>
        </actor>
        <actor name="D0N13">
            <wcet number="0">10</wcet>
            <wcet number="1">30</wcet>
            <maxpow number="0.42475787010413923"/>
            <maxpow number="0.42475787010413923"/>
            <fprob>0.0</fprob>
        </actor>
        <actor name="D0N39">
            <wcet number="0">30</wcet>
            <wcet number="1">50</wcet>
            <maxpow number="0.2921255714876032"/>
            <maxpow number="0.2921255714876032"/>
            <fprob>0.0</fprob>
        </actor>
        <actor name="D0N32">
            <wcet number="0">20</wcet>
            <wcet number="1">30</wcet>
            <maxpow number="0.15172829446037484"/>
            <maxpow number="0.15172829446037484"/>
            <fprob>0.0</fprob>
        </actor>
        <actor name="D0N19">
            <wcet number="0">230</wcet>
            <wcet number="1">400</wcet>
            <maxpow number="0.5486547383907333"/>
            <maxpow number="0.5486547383907333"/>
            <fprob>0.0</fprob>
        </actor>
        <actor name="D0N8">
            <wcet number="0">140</wcet>
            <wcet number="1">240</wcet>
            <maxpow number="0.8435813363222266"/>
            <maxpow number="0.8435813363222266"/>
            <fprob>0.0</fprob>
        </actor>
        <actor name="D0N10">
            <wcet number="0">40</wcet>
            <wcet number="1">100</wcet>
            <maxpow number="0.596012964368094"/>
            <maxpow number="0.596012964368094"/>
            <fprob>0.0</fprob>
        </actor>
        <actor name="D0N30">
            <wcet number="0">20</wcet>
            <wcet number="1">80</wcet>
            <maxpow number="0.7514360343599298"/>
            <maxpow number="0.7514360343599298"/>
            <fprob>0.0</fprob>
        </actor>
        <actor name="D0N5">
            <wcet number="0">10</wcet>
            <wcet number="1">140</wcet>
            <maxpow number="0.7357921550303814"/>
            <maxpow number="0.7357921550303814"/>
            <fprob>0.0</fprob>
        </actor>
        <actor name="D0N16">
            <wcet number="0">120</wcet>
            <wcet number="1">220</wcet>
            <maxpow number="0.5305186254452079"/>
            <maxpow number="0.5305186254452079"/>
            <fprob>0.0</fprob>
        </actor>
        <actor name="D0N23">
            <wcet number="0">10</wcet>
            <wcet number="1">40</wcet>
            <maxpow number="0.49091522150901884"/>
            <maxpow number="0.49091522150901884"/>
            <fprob>0.0</fprob>
        </actor>
        <actor name="D0N29">
            <wcet number="0">40</wcet>
            <wcet number="1">110</wcet>
            <maxpow number="0.35800137303516194"/>
            <maxpow number="0.35800137303516194"/>
            <fprob>0.0</fprob>
        </actor>
        <actor name="D0N44">
            <wcet number="0">220</wcet>
            <wcet number="1">280</wcet>
            <maxpow number="0.3819186023176047"/>
            <maxpow number="0.3819186023176047"/>
            <fprob>0.0</fprob>
        </actor>
        <actor name="D0N14">
            <wcet number="0">10</wcet>
            <wcet number="1">20</wcet>
            <maxpow number="0.7270631523494628"/>
            <maxpow number="0.7270631523494628"/>
            <fprob>0.0</fprob>
        </actor>
        <actor name="D0N42">
            <wcet number="0">10</wcet>
            <wcet number="1">30</wcet>
            <maxpow number="0.35172891892080593"/>
            <maxpow number="0.35172891892080593"/>
            <fprob>0.0</fprob>
        </actor>
        <actor name="D0N40">
            <wcet number="0">10</wcet>
            <wcet number="1">20</wcet>
            <maxpow number="0.531250831004823"/>
            <maxpow number="0.531250831004823"/>
            <fprob>0.0</fprob>
        </actor>
        <actor name="D0N26">
            <wcet number="0">160</wcet>
            <wcet number="1">160</wcet>
            <maxpow number="0.5266048019500685"/>
            <maxpow number="0.5266048019500685"/>
            <fprob>0.0</fprob>
        </actor>
        <ports>
            <port dstActor="D0N44" name="p0" srcActor="D0N35"/>
            <port dstActor="D0N36" name="p1" srcActor="D0N35"/>
            <port dstActor="D0N37" name="p2" srcActor="D0N35"/>
            <port dstActor="D0N46" name="p3" srcActor="D0N35"/>
            <port dstActor="D0N36" name="p4" srcActor="D0N31"/>
            <port dstActor="D0N45" name="p5" srcActor="D0N31"/>
            <port dstActor="D0N28" name="p6" srcActor="D0N17"/>
            <port dstActor="D0N30" name="p7" srcActor="D0N17"/>
            <port dstActor="D0N25" name="p8" srcActor="D0N17"/>
            <port dstActor="D0N31" name="p9" srcActor="D0N25"/>
            <port dstActor="D0N39" name="p10" srcActor="D0N25"/>
            <port dstActor="D0N33" name="p11" srcActor="D0N25"/>
            <port dstActor="D0N44" name="p12" srcActor="D0N15"/>
            <port dstActor="D0N42" name="p13" srcActor="D0N15"/>
            <port dstActor="D0N31" name="p14" srcActor="D0N15"/>
            <port dstActor="D0N25" name="p15" srcActor="D0N15"/>
            <port dstActor="D0N37" name="p16" srcActor="D0N4"/>
            <port dstActor="D0N20" name="p17" srcActor="D0N4"/>
            <port dstActor="D0N39" name="p18" srcActor="D0N4"/>
            <port dstActor="D0N28" name="p19" srcActor="D0N4"/>
            <port dstActor="D0N36" name="p20" srcActor="D0N4"/>
            <port dstActor="D0N17" name="p21" srcActor="D0N4"/>
            <port dstActor="D0N45" name="p22" srcActor="D0N4"/>
            <port dstActor="D0N15" name="p23" srcActor="D0N4"/>
            <port dstActor="D0N35" name="p24" srcActor="D0N4"/>
            <port dstActor="D0N21" name="p25" srcActor="D0N3"/>
            <port dstActor="D0N14" name="p26" srcActor="D0N3"/>
            <port dstActor="D0N31" name="p27" srcActor="D0N27"/>
            <port dstActor="D0N32" name="p28" srcActor="D0N2"/>
            <port dstActor="D0N17" name="p29" srcActor="D0N2"/>
            <port dstActor="D0N40" name="p30" srcActor="D0N2"/>
            <port dstActor="D0N10" name="p31" srcActor="D0N2"/>
            <port dstActor="D0N9" name="p32" srcActor="D0N2"/>
            <port dstActor="D0N22" name="p33" srcActor="D0N2"/>
            <port dstActor="D0N2" name="p34" srcActor="D0N1"/>
            <port dstActor="D0N39" name="p35" srcActor="D0N1"/>
            <port dstActor="D0N7" name="p36" srcActor="D0N1"/>
            <port dstActor="D0N46" name="p37" srcActor="D0N1"/>
            <port dstActor="D0N11" name="p38" srcActor="D0N1"/>
            <port dstActor="D0N22" name="p39" srcActor="D0N1"/>
            <port dstActor="D0N39" name="p40" srcActor="D0N34"/>
            <port dstActor="D0N38" name="p41" srcActor="D0N34"/>
            <port dstActor="D0N37" name="p42" srcActor="D0N34"/>
            <port dstActor="D0N38" name="p43" srcActor="D0N7"/>
            <port dstActor="D0N25" name="p44" srcActor="D0N11"/>
            <port dstActor="D0N19" name="p45" srcActor="D0N11"/>
            <port dstActor="D0N18" name="p46" srcActor="D0N11"/>
            <port dstActor="D0N22" name="p47" srcActor="D0N11"/>
            <port dstActor="D0N41" name="p48" srcActor="D0N11"/>
            <port dstActor="D0N17" name="p49" srcActor="D0N11"/>
            <port dstActor="D0N38" name="p50" srcActor="D0N33"/>
            <port dstActor="D0N36" name="p51" srcActor="D0N33"/>
            <port dstActor="D0N39" name="p52" srcActor="D0N38"/>
            <port dstActor="D0N15" name="p53" srcActor="D0N12"/>
            <port dstActor="D0N31" name="p54" srcActor="D0N12"/>
            <port dstActor="D0N24" name="p55" srcActor="D0N12"/>
            <port dstActor="D0N40" name="p56" srcActor="D0N24"/>
            <port dstActor="D0N28" name="p57" srcActor="D0N24"/>
            <port dstActor="D0N35" name="p58" srcActor="D0N24"/>
            <port dstActor="D0N39" name="p59" srcActor="D0N6"/>
            <port dstActor="D0N45" name="p60" srcActor="D0N21"/>
            <port dstActor="D0N11" name="p61" srcActor="D0N0"/>
            <port dstActor="D0N17" name="p62" srcActor="D0N0"/>
            <port dstActor="D0N21" name="p63" srcActor="D0N0"/>
            <port dstActor="D0N36" name="p64" srcActor="D0N0"/>
            <port dstActor="D0N23" name="p65" srcActor="D0N18"/>
            <port dstActor="D0N35" name="p66" srcActor="D0N18"/>
            <port dstActor="D0N39" name="p67" srcActor="D0N18"/>
            <port dstActor="D0N28" name="p68" srcActor="D0N18"/>
            <port dstActor="D0N31" name="p69" srcActor="D0N22"/>
            <port dstActor="D0N41" name="p70" srcActor="D0N22"/>
            <port dstActor="D0N25" name="p71" srcActor="D0N20"/>
            <port dstActor="D0N30" name="p72" srcActor="D0N20"/>
            <port dstActor="D0N16" name="p73" srcActor="D0N9"/>
            <port dstActor="D0N37" name="p74" srcActor="D0N9"/>
            <port dstActor="D0N23" name="p75" srcActor="D0N9"/>
            <port dstActor="D0N15" name="p76" srcActor="D0N9"/>
            <port dstActor="D0N27" name="p77" srcActor="D0N13"/>
            <port dstActor="D0N42" name="p78" srcActor="D0N13"/>
            <port dstActor="D0N44" name="p79" srcActor="D0N13"/>
            <port dstActor="D0N17" name="p80" srcActor="D0N13"/>
            <port dstActor="D0N46" name="p81" srcActor="D0N19"/>
            <port dstActor="D0N33" name="p82" srcActor="D0N19"/>
            <port dstActor="D0N41" name="p83" srcActor="D0N19"/>
            <port dstActor="D0N30" name="p84" srcActor="D0N19"/>
            <port dstActor="D0N38" name="p85" srcActor="D0N8"/>
            <port dstActor="D0N35" name="p86" srcActor="D0N8"/>
            <port dstActor="D0N10" name="p87" srcActor="D0N8"/>
            <port dstActor="D0N37" name="p88" srcActor="D0N10"/>
            <port dstActor="D0N31" name="p89" srcActor="D0N10"/>
            <port dstActor="D0N45" name="p90" srcActor="D0N10"/>
            <port dstActor="D0N13" name="p91" srcActor="D0N10"/>
            <port dstActor="D0N16" name="p92" srcActor="D0N10"/>
            <port dstActor="D0N43" name="p93" srcActor="D0N30"/>
            <port dstActor="D0N46" name="p94" srcActor="D0N30"/>
            <port dstActor="D0N36" name="p95" srcActor="D0N30"/>
            <port dstActor="D0N7" name="p96" srcActor="D0N5"/>
            <port dstActor="D0N24" name="p97" srcActor="D0N5"/>
            <port dstActor="D0N36" name="p98" srcActor="D0N5"/>
            <port dstActor="D0N19" name="p99" srcActor="D0N5"/>
            <port dstActor="D0N23" name="p100" srcActor="D0N5"/>
            <port dstActor="D0N32" name="p101" srcActor="D0N16"/>
            <port dstActor="D0N33" name="p102" srcActor="D0N16"/>
            <port dstActor="D0N42" name="p103" srcActor="D0N16"/>
            <port dstActor="D0N30" name="p104" srcActor="D0N16"/>
            <port dstActor="D0N46" name="p105" srcActor="D0N23"/>
            <port dstActor="D0N36" name="p106" srcActor="D0N23"/>
            <port dstActor="D0N46" name="p107" srcActor="D0N29"/>
            <port dstActor="D0N37" name="p108" srcActor="D0N29"/>
            <port dstActor="D0N15" name="p109" srcActor="D0N14"/>
            <port dstActor="D0N33" name="p110" srcActor="D0N14"/>
            <port dstActor="D0N35" name="p111" srcActor="D0N26"/>
            <port dstActor="D0N36" name="p112" srcActor="D0N26"/>
            <port dstActor="D0N39" name="p113" srcActor="D0N26"/>
        </ports>
    </mcdag>
    <cores number="3"/>
    <levels number="2"/>
</mcsystem>
