<?xml version="1.0" encoding="UTF-8" standalone="no"?>
<mcsystem>
    <mcdag deadline="5000" name="genned-0-ed-10.0-0">
        <actor name="D0N9">
            <wcet number="0">10</wcet>
            <wcet number="1">220</wcet>
            <maxpow number="0.3198523836570534"/>
            <maxpow number="0.3198523836570534"/>
            <fprob>0.0</fprob>
        </actor>
        <actor name="D0N20">
            <wcet number="0">50</wcet>
            <wcet number="1">90</wcet>
            <maxpow number="0.17241116724959427"/>
            <maxpow number="0.17241116724959427"/>
            <fprob>0.0</fprob>
        </actor>
        <actor name="D0N17">
            <wcet number="0">50</wcet>
            <wcet number="1">170</wcet>
            <maxpow number="0.5161337887944585"/>
            <maxpow number="0.5161337887944585"/>
            <fprob>0.0</fprob>
        </actor>
        <actor name="D0N8">
            <wcet number="0">100</wcet>
            <wcet number="1">480</wcet>
            <maxpow number="0.43868898023861597"/>
            <maxpow number="0.43868898023861597"/>
            <fprob>0.0</fprob>
        </actor>
        <actor name="D0N13">
            <wcet number="0">10</wcet>
            <wcet number="1">120</wcet>
            <maxpow number="0.5496082241075524"/>
            <maxpow number="0.5496082241075524"/>
            <fprob>0.0</fprob>
        </actor>
        <actor name="D0N31">
            <wcet number="0">790</wcet>
            <wcet number="1">1110</wcet>
            <maxpow number="0.42884282417403075"/>
            <maxpow number="0.42884282417403075"/>
            <fprob>0.0</fprob>
        </actor>
        <actor name="D0N39">
            <wcet number="0">50</wcet>
            <wcet number="1">50</wcet>
            <maxpow number="0.512309469145217"/>
            <maxpow number="0.512309469145217"/>
            <fprob>0.0</fprob>
        </actor>
        <actor name="D0N44">
            <wcet number="0">110</wcet>
            <wcet number="1">130</wcet>
            <maxpow number="0.7519431941290358"/>
            <maxpow number="0.7519431941290358"/>
            <fprob>0.0</fprob>
        </actor>
        <actor name="D0N38">
            <wcet number="0">190</wcet>
            <wcet number="1">480</wcet>
            <maxpow number="0.7047966692146002"/>
            <maxpow number="0.7047966692146002"/>
            <fprob>0.0</fprob>
        </actor>
        <actor name="D0N41">
            <wcet number="0">10</wcet>
            <wcet number="1">60</wcet>
            <maxpow number="0.3679118233375467"/>
            <maxpow number="0.3679118233375467"/>
            <fprob>0.0</fprob>
        </actor>
        <actor name="D0N4">
            <wcet number="0">110</wcet>
            <wcet number="1">200</wcet>
            <maxpow number="0.5206351319687519"/>
            <maxpow number="0.5206351319687519"/>
            <fprob>0.0</fprob>
        </actor>
        <actor name="D0N14">
            <wcet number="0">290</wcet>
            <wcet number="1">370</wcet>
            <maxpow number="0.5197420602543762"/>
            <maxpow number="0.5197420602543762"/>
            <fprob>0.0</fprob>
        </actor>
        <actor name="D0N23">
            <wcet number="0">60</wcet>
            <wcet number="1">80</wcet>
            <maxpow number="0.48983069683341623"/>
            <maxpow number="0.48983069683341623"/>
            <fprob>0.0</fprob>
        </actor>
        <actor name="D0N37">
            <wcet number="0">140</wcet>
            <wcet number="1">170</wcet>
            <maxpow number="0.4132036593410311"/>
            <maxpow number="0.4132036593410311"/>
            <fprob>0.0</fprob>
        </actor>
        <actor name="D0N6">
            <wcet number="0">110</wcet>
            <wcet number="1">170</wcet>
            <maxpow number="0.5560964170723333"/>
            <maxpow number="0.5560964170723333"/>
            <fprob>0.0</fprob>
        </actor>
        <actor name="D0N1">
            <wcet number="0">100</wcet>
            <wcet number="1">210</wcet>
            <maxpow number="0.6189390777578524"/>
            <maxpow number="0.6189390777578524"/>
            <fprob>0.0</fprob>
        </actor>
        <actor name="D0N19">
            <wcet number="0">130</wcet>
            <wcet number="1">210</wcet>
            <maxpow number="0.3134959888052067"/>
            <maxpow number="0.3134959888052067"/>
            <fprob>0.0</fprob>
        </actor>
        <actor name="D0N3">
            <wcet number="0">150</wcet>
            <wcet number="1">160</wcet>
            <maxpow number="0.5422709830021943"/>
            <maxpow number="0.5422709830021943"/>
            <fprob>0.0</fprob>
        </actor>
        <actor name="D0N42">
            <wcet number="0">20</wcet>
            <wcet number="1">90</wcet>
            <maxpow number="0.28854535776303986"/>
            <maxpow number="0.28854535776303986"/>
            <fprob>0.0</fprob>
        </actor>
        <actor name="D0N27">
            <wcet number="0">70</wcet>
            <wcet number="1">120</wcet>
            <maxpow number="0.8739930164750891"/>
            <maxpow number="0.8739930164750891"/>
            <fprob>0.0</fprob>
        </actor>
        <actor name="D0N24">
            <wcet number="0">180</wcet>
            <wcet number="1">230</wcet>
            <maxpow number="0.5803100870367115"/>
            <maxpow number="0.5803100870367115"/>
            <fprob>0.0</fprob>
        </actor>
        <actor name="D0N5">
            <wcet number="0">330</wcet>
            <wcet number="1">1020</wcet>
            <maxpow number="0.9498932835419698"/>
            <maxpow number="0.9498932835419698"/>
            <fprob>0.0</fprob>
        </actor>
        <actor name="D0N45">
            <wcet number="0">10</wcet>
            <wcet number="1">210</wcet>
            <maxpow number="0.3413035428743173"/>
            <maxpow number="0.3413035428743173"/>
            <fprob>0.0</fprob>
        </actor>
        <actor name="D0N15">
            <wcet number="0">200</wcet>
            <wcet number="1">200</wcet>
            <maxpow number="0.6761081694091275"/>
            <maxpow number="0.6761081694091275"/>
            <fprob>0.0</fprob>
        </actor>
        <actor name="D0N0">
            <wcet number="0">180</wcet>
            <wcet number="1">580</wcet>
            <maxpow number="0.15073025761877185"/>
            <maxpow number="0.15073025761877185"/>
            <fprob>0.0</fprob>
        </actor>
        <actor name="D0N16">
            <wcet number="0">90</wcet>
            <wcet number="1">260</wcet>
            <maxpow number="0.5864796400364533"/>
            <maxpow number="0.5864796400364533"/>
            <fprob>0.0</fprob>
        </actor>
        <actor name="D0N30">
            <wcet number="0">50</wcet>
            <wcet number="1">90</wcet>
            <maxpow number="0.4422620159050007"/>
            <maxpow number="0.4422620159050007"/>
            <fprob>0.0</fprob>
        </actor>
        <actor name="D0N7">
            <wcet number="0">230</wcet>
            <wcet number="1">340</wcet>
            <maxpow number="0.3183582819461296"/>
            <maxpow number="0.3183582819461296"/>
            <fprob>0.0</fprob>
        </actor>
        <actor name="D0N35">
            <wcet number="0">140</wcet>
            <wcet number="1">210</wcet>
            <maxpow number="0.5327921037500192"/>
            <maxpow number="0.5327921037500192"/>
            <fprob>0.0</fprob>
        </actor>
        <actor name="D0N47">
            <wcet number="0">540</wcet>
            <wcet number="1">540</wcet>
            <maxpow number="0.6568798869754464"/>
            <maxpow number="0.6568798869754464"/>
            <fprob>0.0</fprob>
        </actor>
        <actor name="D0N48">
            <wcet number="0">10</wcet>
            <wcet number="1">10</wcet>
            <maxpow number="0.21390997213240592"/>
            <maxpow number="0.21390997213240592"/>
            <fprob>0.0</fprob>
        </actor>
        <actor name="D0N32">
            <wcet number="0">40</wcet>
            <wcet number="1">100</wcet>
            <maxpow number="0.6889634153302966"/>
            <maxpow number="0.6889634153302966"/>
            <fprob>0.0</fprob>
        </actor>
        <actor name="D0N43">
            <wcet number="0">40</wcet>
            <wcet number="1">50</wcet>
            <maxpow number="0.4920089011798579"/>
            <maxpow number="0.4920089011798579"/>
            <fprob>0.0</fprob>
        </actor>
        <actor name="D0N36">
            <wcet number="0">30</wcet>
            <wcet number="1">50</wcet>
            <maxpow number="0.15045486454450668"/>
            <maxpow number="0.15045486454450668"/>
            <fprob>0.0</fprob>
        </actor>
        <actor name="D0N34">
            <wcet number="0">110</wcet>
            <wcet number="1">230</wcet>
            <maxpow number="0.6837051840088341"/>
            <maxpow number="0.6837051840088341"/>
            <fprob>0.0</fprob>
        </actor>
        <actor name="D0N25">
            <wcet number="0">90</wcet>
            <wcet number="1">200</wcet>
            <maxpow number="0.79475759048013"/>
            <maxpow number="0.79475759048013"/>
            <fprob>0.0</fprob>
        </actor>
        <actor name="D0N12">
            <wcet number="0">140</wcet>
            <wcet number="1">300</wcet>
            <maxpow number="0.562179584856658"/>
            <maxpow number="0.562179584856658"/>
            <fprob>0.0</fprob>
        </actor>
        <actor name="D0N40">
            <wcet number="0">10</wcet>
            <wcet number="1">10</wcet>
            <maxpow number="0.5283566822939749"/>
            <maxpow number="0.5283566822939749"/>
            <fprob>0.0</fprob>
        </actor>
        <actor name="D0N28">
            <wcet number="0">910</wcet>
            <wcet number="1">1620</wcet>
            <maxpow number="0.4481449895624221"/>
            <maxpow number="0.4481449895624221"/>
            <fprob>0.0</fprob>
        </actor>
        <actor name="D0N21">
            <wcet number="0">30</wcet>
            <wcet number="1">60</wcet>
            <maxpow number="0.7566218703233695"/>
            <maxpow number="0.7566218703233695"/>
            <fprob>0.0</fprob>
        </actor>
        <actor name="D0N18">
            <wcet number="0">60</wcet>
            <wcet number="1">110</wcet>
            <maxpow number="0.5391658686498938"/>
            <maxpow number="0.5391658686498938"/>
            <fprob>0.0</fprob>
        </actor>
        <actor name="D0N26">
            <wcet number="0">10</wcet>
            <wcet number="1">160</wcet>
            <maxpow number="0.4449691049101491"/>
            <maxpow number="0.4449691049101491"/>
            <fprob>0.0</fprob>
        </actor>
        <actor name="D0N11">
            <wcet number="0">90</wcet>
            <wcet number="1">150</wcet>
            <maxpow number="0.54349914958093"/>
            <maxpow number="0.54349914958093"/>
            <fprob>0.0</fprob>
        </actor>
        <actor name="D0N46">
            <wcet number="0">300</wcet>
            <wcet number="1">530</wcet>
            <maxpow number="0.6541023847384057"/>
            <maxpow number="0.6541023847384057"/>
            <fprob>0.0</fprob>
        </actor>
        <actor name="D0N49">
            <wcet number="0">30</wcet>
            <wcet number="1">70</wcet>
            <maxpow number="0.45141541657145695"/>
            <maxpow number="0.45141541657145695"/>
            <fprob>0.0</fprob>
        </actor>
        <actor name="D0N22">
            <wcet number="0">10</wcet>
            <wcet number="1">20</wcet>
            <maxpow number="0.22147861948845238"/>
            <maxpow number="0.22147861948845238"/>
            <fprob>0.0</fprob>
        </actor>
        <actor name="D0N33">
            <wcet number="0">140</wcet>
            <wcet number="1">190</wcet>
            <maxpow number="0.5782257700413093"/>
            <maxpow number="0.5782257700413093"/>
            <fprob>0.0</fprob>
        </actor>
        <actor name="D0N29">
            <wcet number="0">30</wcet>
            <wcet number="1">30</wcet>
            <maxpow number="0.7580055755148183"/>
            <maxpow number="0.7580055755148183"/>
            <fprob>0.0</fprob>
        </actor>
        <actor name="D0N2">
            <wcet number="0">50</wcet>
            <wcet number="1">80</wcet>
            <maxpow number="0.6448934606857025"/>
            <maxpow number="0.6448934606857025"/>
            <fprob>0.0</fprob>
        </actor>
        <actor name="D0N10">
            <wcet number="0">160</wcet>
            <wcet number="1">160</wcet>
            <maxpow number="0.6994983982914318"/>
            <maxpow number="0.6994983982914318"/>
            <fprob>0.0</fprob>
        </actor>
        <ports>
            <port dstActor="D0N41" name="p0" srcActor="D0N9"/>
            <port dstActor="D0N14" name="p1" srcActor="D0N9"/>
            <port dstActor="D0N36" name="p2" srcActor="D0N20"/>
            <port dstActor="D0N31" name="p3" srcActor="D0N20"/>
            <port dstActor="D0N40" name="p4" srcActor="D0N17"/>
            <port dstActor="D0N37" name="p5" srcActor="D0N17"/>
            <port dstActor="D0N16" name="p6" srcActor="D0N13"/>
            <port dstActor="D0N37" name="p7" srcActor="D0N13"/>
            <port dstActor="D0N17" name="p8" srcActor="D0N13"/>
            <port dstActor="D0N34" name="p9" srcActor="D0N31"/>
            <port dstActor="D0N32" name="p10" srcActor="D0N31"/>
            <port dstActor="D0N40" name="p11" srcActor="D0N31"/>
            <port dstActor="D0N48" name="p12" srcActor="D0N39"/>
            <port dstActor="D0N45" name="p13" srcActor="D0N39"/>
            <port dstActor="D0N45" name="p14" srcActor="D0N38"/>
            <port dstActor="D0N49" name="p15" srcActor="D0N41"/>
            <port dstActor="D0N46" name="p16" srcActor="D0N41"/>
            <port dstActor="D0N15" name="p17" srcActor="D0N4"/>
            <port dstActor="D0N33" name="p18" srcActor="D0N4"/>
            <port dstActor="D0N46" name="p19" srcActor="D0N4"/>
            <port dstActor="D0N26" name="p20" srcActor="D0N4"/>
            <port dstActor="D0N45" name="p21" srcActor="D0N4"/>
            <port dstActor="D0N15" name="p22" srcActor="D0N14"/>
            <port dstActor="D0N45" name="p23" srcActor="D0N14"/>
            <port dstActor="D0N30" name="p24" srcActor="D0N14"/>
            <port dstActor="D0N35" name="p25" srcActor="D0N14"/>
            <port dstActor="D0N37" name="p26" srcActor="D0N14"/>
            <port dstActor="D0N34" name="p27" srcActor="D0N14"/>
            <port dstActor="D0N47" name="p28" srcActor="D0N23"/>
            <port dstActor="D0N32" name="p29" srcActor="D0N23"/>
            <port dstActor="D0N39" name="p30" srcActor="D0N37"/>
            <port dstActor="D0N18" name="p31" srcActor="D0N6"/>
            <port dstActor="D0N19" name="p32" srcActor="D0N6"/>
            <port dstActor="D0N49" name="p33" srcActor="D0N6"/>
            <port dstActor="D0N12" name="p34" srcActor="D0N6"/>
            <port dstActor="D0N39" name="p35" srcActor="D0N6"/>
            <port dstActor="D0N45" name="p36" srcActor="D0N6"/>
            <port dstActor="D0N12" name="p37" srcActor="D0N1"/>
            <port dstActor="D0N22" name="p38" srcActor="D0N1"/>
            <port dstActor="D0N44" name="p39" srcActor="D0N1"/>
            <port dstActor="D0N24" name="p40" srcActor="D0N1"/>
            <port dstActor="D0N30" name="p41" srcActor="D0N1"/>
            <port dstActor="D0N18" name="p42" srcActor="D0N1"/>
            <port dstActor="D0N47" name="p43" srcActor="D0N19"/>
            <port dstActor="D0N27" name="p44" srcActor="D0N19"/>
            <port dstActor="D0N39" name="p45" srcActor="D0N19"/>
            <port dstActor="D0N25" name="p46" srcActor="D0N3"/>
            <port dstActor="D0N6" name="p47" srcActor="D0N3"/>
            <port dstActor="D0N32" name="p48" srcActor="D0N3"/>
            <port dstActor="D0N4" name="p49" srcActor="D0N3"/>
            <port dstActor="D0N37" name="p50" srcActor="D0N3"/>
            <port dstActor="D0N14" name="p51" srcActor="D0N3"/>
            <port dstActor="D0N33" name="p52" srcActor="D0N27"/>
            <port dstActor="D0N32" name="p53" srcActor="D0N27"/>
            <port dstActor="D0N28" name="p54" srcActor="D0N27"/>
            <port dstActor="D0N34" name="p55" srcActor="D0N24"/>
            <port dstActor="D0N30" name="p56" srcActor="D0N24"/>
            <port dstActor="D0N37" name="p57" srcActor="D0N24"/>
            <port dstActor="D0N49" name="p58" srcActor="D0N24"/>
            <port dstActor="D0N8" name="p59" srcActor="D0N5"/>
            <port dstActor="D0N26" name="p60" srcActor="D0N5"/>
            <port dstActor="D0N48" name="p61" srcActor="D0N5"/>
            <port dstActor="D0N45" name="p62" srcActor="D0N5"/>
            <port dstActor="D0N47" name="p63" srcActor="D0N5"/>
            <port dstActor="D0N40" name="p64" srcActor="D0N5"/>
            <port dstActor="D0N6" name="p65" srcActor="D0N5"/>
            <port dstActor="D0N16" name="p66" srcActor="D0N5"/>
            <port dstActor="D0N32" name="p67" srcActor="D0N5"/>
            <port dstActor="D0N22" name="p68" srcActor="D0N0"/>
            <port dstActor="D0N7" name="p69" srcActor="D0N0"/>
            <port dstActor="D0N16" name="p70" srcActor="D0N0"/>
            <port dstActor="D0N6" name="p71" srcActor="D0N0"/>
            <port dstActor="D0N14" name="p72" srcActor="D0N0"/>
            <port dstActor="D0N20" name="p73" srcActor="D0N0"/>
            <port dstActor="D0N37" name="p74" srcActor="D0N16"/>
            <port dstActor="D0N40" name="p75" srcActor="D0N16"/>
            <port dstActor="D0N31" name="p76" srcActor="D0N16"/>
            <port dstActor="D0N49" name="p77" srcActor="D0N30"/>
            <port dstActor="D0N49" name="p78" srcActor="D0N7"/>
            <port dstActor="D0N16" name="p79" srcActor="D0N7"/>
            <port dstActor="D0N9" name="p80" srcActor="D0N7"/>
            <port dstActor="D0N39" name="p81" srcActor="D0N7"/>
            <port dstActor="D0N41" name="p82" srcActor="D0N35"/>
            <port dstActor="D0N47" name="p83" srcActor="D0N35"/>
            <port dstActor="D0N40" name="p84" srcActor="D0N35"/>
            <port dstActor="D0N49" name="p85" srcActor="D0N48"/>
            <port dstActor="D0N49" name="p86" srcActor="D0N32"/>
            <port dstActor="D0N46" name="p87" srcActor="D0N32"/>
            <port dstActor="D0N38" name="p88" srcActor="D0N34"/>
            <port dstActor="D0N48" name="p89" srcActor="D0N34"/>
            <port dstActor="D0N48" name="p90" srcActor="D0N25"/>
            <port dstActor="D0N39" name="p91" srcActor="D0N25"/>
            <port dstActor="D0N42" name="p92" srcActor="D0N12"/>
            <port dstActor="D0N17" name="p93" srcActor="D0N12"/>
            <port dstActor="D0N19" name="p94" srcActor="D0N12"/>
            <port dstActor="D0N37" name="p95" srcActor="D0N28"/>
            <port dstActor="D0N47" name="p96" srcActor="D0N21"/>
            <port dstActor="D0N32" name="p97" srcActor="D0N18"/>
            <port dstActor="D0N47" name="p98" srcActor="D0N18"/>
            <port dstActor="D0N25" name="p99" srcActor="D0N18"/>
            <port dstActor="D0N37" name="p100" srcActor="D0N18"/>
            <port dstActor="D0N24" name="p101" srcActor="D0N18"/>
            <port dstActor="D0N34" name="p102" srcActor="D0N18"/>
            <port dstActor="D0N37" name="p103" srcActor="D0N26"/>
            <port dstActor="D0N28" name="p104" srcActor="D0N26"/>
            <port dstActor="D0N48" name="p105" srcActor="D0N26"/>
            <port dstActor="D0N14" name="p106" srcActor="D0N11"/>
            <port dstActor="D0N33" name="p107" srcActor="D0N11"/>
            <port dstActor="D0N31" name="p108" srcActor="D0N11"/>
            <port dstActor="D0N47" name="p109" srcActor="D0N46"/>
            <port dstActor="D0N33" name="p110" srcActor="D0N22"/>
            <port dstActor="D0N45" name="p111" srcActor="D0N22"/>
            <port dstActor="D0N40" name="p112" srcActor="D0N22"/>
            <port dstActor="D0N48" name="p113" srcActor="D0N22"/>
            <port dstActor="D0N46" name="p114" srcActor="D0N33"/>
            <port dstActor="D0N38" name="p115" srcActor="D0N33"/>
            <port dstActor="D0N31" name="p116" srcActor="D0N29"/>
            <port dstActor="D0N49" name="p117" srcActor="D0N29"/>
            <port dstActor="D0N33" name="p118" srcActor="D0N29"/>
            <port dstActor="D0N43" name="p119" srcActor="D0N29"/>
            <port dstActor="D0N30" name="p120" srcActor="D0N29"/>
            <port dstActor="D0N44" name="p121" srcActor="D0N29"/>
            <port dstActor="D0N21" name="p122" srcActor="D0N2"/>
            <port dstActor="D0N41" name="p123" srcActor="D0N2"/>
            <port dstActor="D0N25" name="p124" srcActor="D0N2"/>
            <port dstActor="D0N33" name="p125" srcActor="D0N2"/>
            <port dstActor="D0N28" name="p126" srcActor="D0N2"/>
            <port dstActor="D0N29" name="p127" srcActor="D0N2"/>
            <port dstActor="D0N34" name="p128" srcActor="D0N10"/>
            <port dstActor="D0N21" name="p129" srcActor="D0N10"/>
        </ports>
    </mcdag>
    <cores number="3"/>
    <levels number="2"/>
</mcsystem>
