<?xml version="1.0" encoding="UTF-8" standalone="no"?>
<mcsystem>
    <mcdag deadline="2200" name="genned-0-ed-10.0-0">
        <actor name="D0N8">
            <wcet number="0">50</wcet>
            <wcet number="1">90</wcet>
            <maxpow number="0.6404841185117794"/>
            <maxpow number="0.6404841185117794"/>
            <fprob>0.0</fprob>
        </actor>
        <actor name="D0N35">
            <wcet number="0">50</wcet>
            <wcet number="1">250</wcet>
            <maxpow number="0.13631091559410824"/>
            <maxpow number="0.13631091559410824"/>
            <fprob>0.0</fprob>
        </actor>
        <actor name="D0N12">
            <wcet number="0">10</wcet>
            <wcet number="1">10</wcet>
            <maxpow number="0.5558016136142523"/>
            <maxpow number="0.5558016136142523"/>
            <fprob>0.0</fprob>
        </actor>
        <actor name="D0N9">
            <wcet number="0">170</wcet>
            <wcet number="1">290</wcet>
            <maxpow number="0.4229170809505118"/>
            <maxpow number="0.4229170809505118"/>
            <fprob>0.0</fprob>
        </actor>
        <actor name="D0N39">
            <wcet number="0">50</wcet>
            <wcet number="1">50</wcet>
            <maxpow number="0.6885773992470023"/>
            <maxpow number="0.6885773992470023"/>
            <fprob>0.0</fprob>
        </actor>
        <actor name="D0N11">
            <wcet number="0">50</wcet>
            <wcet number="1">130</wcet>
            <maxpow number="0.2995496894450476"/>
            <maxpow number="0.2995496894450476"/>
            <fprob>0.0</fprob>
        </actor>
        <actor name="D0N40">
            <wcet number="0">10</wcet>
            <wcet number="1">10</wcet>
            <maxpow number="0.9139187938658881"/>
            <maxpow number="0.9139187938658881"/>
            <fprob>0.0</fprob>
        </actor>
        <actor name="D0N19">
            <wcet number="0">10</wcet>
            <wcet number="1">30</wcet>
            <maxpow number="0.5492242270847265"/>
            <maxpow number="0.5492242270847265"/>
            <fprob>0.0</fprob>
        </actor>
        <actor name="D0N21">
            <wcet number="0">160</wcet>
            <wcet number="1">250</wcet>
            <maxpow number="0.5813203660729248"/>
            <maxpow number="0.5813203660729248"/>
            <fprob>0.0</fprob>
        </actor>
        <actor name="D0N45">
            <wcet number="0">10</wcet>
            <wcet number="1">20</wcet>
            <maxpow number="0.616968382890035"/>
            <maxpow number="0.616968382890035"/>
            <fprob>0.0</fprob>
        </actor>
        <actor name="D0N5">
            <wcet number="0">20</wcet>
            <wcet number="1">30</wcet>
            <maxpow number="0.5053273655009081"/>
            <maxpow number="0.5053273655009081"/>
            <fprob>0.0</fprob>
        </actor>
        <actor name="D0N30">
            <wcet number="0">110</wcet>
            <wcet number="1">190</wcet>
            <maxpow number="0.40402076688394783"/>
            <maxpow number="0.40402076688394783"/>
            <fprob>0.0</fprob>
        </actor>
        <actor name="D0N36">
            <wcet number="0">60</wcet>
            <wcet number="1">180</wcet>
            <maxpow number="0.3902944165943729"/>
            <maxpow number="0.3902944165943729"/>
            <fprob>0.0</fprob>
        </actor>
        <actor name="D0N10">
            <wcet number="0">10</wcet>
            <wcet number="1">110</wcet>
            <maxpow number="0.502229374992744"/>
            <maxpow number="0.502229374992744"/>
            <fprob>0.0</fprob>
        </actor>
        <actor name="D0N15">
            <wcet number="0">60</wcet>
            <wcet number="1">140</wcet>
            <maxpow number="0.5296990613540503"/>
            <maxpow number="0.5296990613540503"/>
            <fprob>0.0</fprob>
        </actor>
        <actor name="D0N37">
            <wcet number="0">10</wcet>
            <wcet number="1">30</wcet>
            <maxpow number="0.48704267093173503"/>
            <maxpow number="0.48704267093173503"/>
            <fprob>0.0</fprob>
        </actor>
        <actor name="D0N24">
            <wcet number="0">70</wcet>
            <wcet number="1">160</wcet>
            <maxpow number="0.615316551521003"/>
            <maxpow number="0.615316551521003"/>
            <fprob>0.0</fprob>
        </actor>
        <actor name="D0N42">
            <wcet number="0">20</wcet>
            <wcet number="1">110</wcet>
            <maxpow number="0.6596104230276504"/>
            <maxpow number="0.6596104230276504"/>
            <fprob>0.0</fprob>
        </actor>
        <actor name="D0N4">
            <wcet number="0">100</wcet>
            <wcet number="1">180</wcet>
            <maxpow number="0.6983302768019071"/>
            <maxpow number="0.6983302768019071"/>
            <fprob>0.0</fprob>
        </actor>
        <actor name="D0N20">
            <wcet number="0">100</wcet>
            <wcet number="1">160</wcet>
            <maxpow number="0.2583009482373391"/>
            <maxpow number="0.2583009482373391"/>
            <fprob>0.0</fprob>
        </actor>
        <actor name="D0N17">
            <wcet number="0">10</wcet>
            <wcet number="1">70</wcet>
            <maxpow number="0.3762973403224715"/>
            <maxpow number="0.3762973403224715"/>
            <fprob>0.0</fprob>
        </actor>
        <actor name="D0N34">
            <wcet number="0">60</wcet>
            <wcet number="1">110</wcet>
            <maxpow number="0.35215971596454887"/>
            <maxpow number="0.35215971596454887"/>
            <fprob>0.0</fprob>
        </actor>
        <actor name="D0N3">
            <wcet number="0">60</wcet>
            <wcet number="1">130</wcet>
            <maxpow number="0.36594479547823955"/>
            <maxpow number="0.36594479547823955"/>
            <fprob>0.0</fprob>
        </actor>
        <actor name="D0N27">
            <wcet number="0">60</wcet>
            <wcet number="1">70</wcet>
            <maxpow number="0.3882744255649416"/>
            <maxpow number="0.3882744255649416"/>
            <fprob>0.0</fprob>
        </actor>
        <actor name="D0N44">
            <wcet number="0">60</wcet>
            <wcet number="1">70</wcet>
            <maxpow number="0.5491383309288009"/>
            <maxpow number="0.5491383309288009"/>
            <fprob>0.0</fprob>
        </actor>
        <actor name="D0N13">
            <wcet number="0">20</wcet>
            <wcet number="1">230</wcet>
            <maxpow number="0.6936080922242138"/>
            <maxpow number="0.6936080922242138"/>
            <fprob>0.0</fprob>
        </actor>
        <actor name="D0N43">
            <wcet number="0">110</wcet>
            <wcet number="1">170</wcet>
            <maxpow number="0.6550943266841125"/>
            <maxpow number="0.6550943266841125"/>
            <fprob>0.0</fprob>
        </actor>
        <actor name="D0N33">
            <wcet number="0">80</wcet>
            <wcet number="1">200</wcet>
            <maxpow number="0.778833951795037"/>
            <maxpow number="0.778833951795037"/>
            <fprob>0.0</fprob>
        </actor>
        <actor name="D0N1">
            <wcet number="0">220</wcet>
            <wcet number="1">280</wcet>
            <maxpow number="0.625249084704664"/>
            <maxpow number="0.625249084704664"/>
            <fprob>0.0</fprob>
        </actor>
        <actor name="D0N14">
            <wcet number="0">80</wcet>
            <wcet number="1">80</wcet>
            <maxpow number="0.3274483778985653"/>
            <maxpow number="0.3274483778985653"/>
            <fprob>0.0</fprob>
        </actor>
        <actor name="D0N32">
            <wcet number="0">150</wcet>
            <wcet number="1">250</wcet>
            <maxpow number="0.7118625254379227"/>
            <maxpow number="0.7118625254379227"/>
            <fprob>0.0</fprob>
        </actor>
        <actor name="D0N2">
            <wcet number="0">70</wcet>
            <wcet number="1">160</wcet>
            <maxpow number="0.35736524741043696"/>
            <maxpow number="0.35736524741043696"/>
            <fprob>0.0</fprob>
        </actor>
        <actor name="D0N25">
            <wcet number="0">110</wcet>
            <wcet number="1">150</wcet>
            <maxpow number="0.6210519257057646"/>
            <maxpow number="0.6210519257057646"/>
            <fprob>0.0</fprob>
        </actor>
        <actor name="D0N28">
            <wcet number="0">10</wcet>
            <wcet number="1">20</wcet>
            <maxpow number="0.7061163684293555"/>
            <maxpow number="0.7061163684293555"/>
            <fprob>0.0</fprob>
        </actor>
        <actor name="D0N0">
            <wcet number="0">10</wcet>
            <wcet number="1">30</wcet>
            <maxpow number="0.6010637759557838"/>
            <maxpow number="0.6010637759557838"/>
            <fprob>0.0</fprob>
        </actor>
        <actor name="D0N16">
            <wcet number="0">10</wcet>
            <wcet number="1">10</wcet>
            <maxpow number="0.2858119793406463"/>
            <maxpow number="0.2858119793406463"/>
            <fprob>0.0</fprob>
        </actor>
        <actor name="D0N29">
            <wcet number="0">20</wcet>
            <wcet number="1">30</wcet>
            <maxpow number="0.4926018114120155"/>
            <maxpow number="0.4926018114120155"/>
            <fprob>0.0</fprob>
        </actor>
        <actor name="D0N6">
            <wcet number="0">50</wcet>
            <wcet number="1">90</wcet>
            <maxpow number="0.6979999914893054"/>
            <maxpow number="0.6979999914893054"/>
            <fprob>0.0</fprob>
        </actor>
        <actor name="D0N7">
            <wcet number="0">10</wcet>
            <wcet number="1">10</wcet>
            <maxpow number="0.4984667062884503"/>
            <maxpow number="0.4984667062884503"/>
            <fprob>0.0</fprob>
        </actor>
        <actor name="D0N38">
            <wcet number="0">60</wcet>
            <wcet number="1">60</wcet>
            <maxpow number="0.1262588157248729"/>
            <maxpow number="0.1262588157248729"/>
            <fprob>0.0</fprob>
        </actor>
        <actor name="D0N18">
            <wcet number="0">50</wcet>
            <wcet number="1">160</wcet>
            <maxpow number="0.6115757608076096"/>
            <maxpow number="0.6115757608076096"/>
            <fprob>0.0</fprob>
        </actor>
        <actor name="D0N22">
            <wcet number="0">40</wcet>
            <wcet number="1">150</wcet>
            <maxpow number="0.5037211183815327"/>
            <maxpow number="0.5037211183815327"/>
            <fprob>0.0</fprob>
        </actor>
        <actor name="D0N46">
            <wcet number="0">20</wcet>
            <wcet number="1">20</wcet>
            <maxpow number="0.5478027366265145"/>
            <maxpow number="0.5478027366265145"/>
            <fprob>0.0</fprob>
        </actor>
        <actor name="D0N26">
            <wcet number="0">50</wcet>
            <wcet number="1">50</wcet>
            <maxpow number="0.4369688735469561"/>
            <maxpow number="0.4369688735469561"/>
            <fprob>0.0</fprob>
        </actor>
        <actor name="D0N31">
            <wcet number="0">10</wcet>
            <wcet number="1">120</wcet>
            <maxpow number="0.694091314437272"/>
            <maxpow number="0.694091314437272"/>
            <fprob>0.0</fprob>
        </actor>
        <actor name="D0N41">
            <wcet number="0">90</wcet>
            <wcet number="1">120</wcet>
            <maxpow number="0.29513465379297366"/>
            <maxpow number="0.29513465379297366"/>
            <fprob>0.0</fprob>
        </actor>
        <actor name="D0N23">
            <wcet number="0">10</wcet>
            <wcet number="1">20</wcet>
            <maxpow number="0.5266554000281476"/>
            <maxpow number="0.5266554000281476"/>
            <fprob>0.0</fprob>
        </actor>
        <ports>
            <port dstActor="D0N19" name="p0" srcActor="D0N8"/>
            <port dstActor="D0N42" name="p1" srcActor="D0N8"/>
            <port dstActor="D0N36" name="p2" srcActor="D0N8"/>
            <port dstActor="D0N41" name="p3" srcActor="D0N8"/>
            <port dstActor="D0N44" name="p4" srcActor="D0N8"/>
            <port dstActor="D0N41" name="p5" srcActor="D0N35"/>
            <port dstActor="D0N45" name="p6" srcActor="D0N12"/>
            <port dstActor="D0N41" name="p7" srcActor="D0N12"/>
            <port dstActor="D0N32" name="p8" srcActor="D0N12"/>
            <port dstActor="D0N11" name="p9" srcActor="D0N9"/>
            <port dstActor="D0N22" name="p10" srcActor="D0N9"/>
            <port dstActor="D0N18" name="p11" srcActor="D0N9"/>
            <port dstActor="D0N46" name="p12" srcActor="D0N9"/>
            <port dstActor="D0N41" name="p13" srcActor="D0N9"/>
            <port dstActor="D0N42" name="p14" srcActor="D0N39"/>
            <port dstActor="D0N37" name="p15" srcActor="D0N11"/>
            <port dstActor="D0N41" name="p16" srcActor="D0N40"/>
            <port dstActor="D0N32" name="p17" srcActor="D0N19"/>
            <port dstActor="D0N31" name="p18" srcActor="D0N19"/>
            <port dstActor="D0N41" name="p19" srcActor="D0N21"/>
            <port dstActor="D0N46" name="p20" srcActor="D0N45"/>
            <port dstActor="D0N29" name="p21" srcActor="D0N5"/>
            <port dstActor="D0N45" name="p22" srcActor="D0N5"/>
            <port dstActor="D0N8" name="p23" srcActor="D0N5"/>
            <port dstActor="D0N21" name="p24" srcActor="D0N5"/>
            <port dstActor="D0N26" name="p25" srcActor="D0N5"/>
            <port dstActor="D0N36" name="p26" srcActor="D0N30"/>
            <port dstActor="D0N32" name="p27" srcActor="D0N30"/>
            <port dstActor="D0N33" name="p28" srcActor="D0N30"/>
            <port dstActor="D0N38" name="p29" srcActor="D0N36"/>
            <port dstActor="D0N17" name="p30" srcActor="D0N10"/>
            <port dstActor="D0N46" name="p31" srcActor="D0N10"/>
            <port dstActor="D0N39" name="p32" srcActor="D0N15"/>
            <port dstActor="D0N46" name="p33" srcActor="D0N15"/>
            <port dstActor="D0N33" name="p34" srcActor="D0N15"/>
            <port dstActor="D0N34" name="p35" srcActor="D0N15"/>
            <port dstActor="D0N43" name="p36" srcActor="D0N37"/>
            <port dstActor="D0N26" name="p37" srcActor="D0N24"/>
            <port dstActor="D0N44" name="p38" srcActor="D0N42"/>
            <port dstActor="D0N10" name="p39" srcActor="D0N4"/>
            <port dstActor="D0N5" name="p40" srcActor="D0N4"/>
            <port dstActor="D0N27" name="p41" srcActor="D0N4"/>
            <port dstActor="D0N31" name="p42" srcActor="D0N4"/>
            <port dstActor="D0N26" name="p43" srcActor="D0N4"/>
            <port dstActor="D0N22" name="p44" srcActor="D0N4"/>
            <port dstActor="D0N34" name="p45" srcActor="D0N20"/>
            <port dstActor="D0N23" name="p46" srcActor="D0N20"/>
            <port dstActor="D0N18" name="p47" srcActor="D0N17"/>
            <port dstActor="D0N19" name="p48" srcActor="D0N17"/>
            <port dstActor="D0N42" name="p49" srcActor="D0N34"/>
            <port dstActor="D0N46" name="p50" srcActor="D0N3"/>
            <port dstActor="D0N7" name="p51" srcActor="D0N3"/>
            <port dstActor="D0N25" name="p52" srcActor="D0N3"/>
            <port dstActor="D0N39" name="p53" srcActor="D0N13"/>
            <port dstActor="D0N25" name="p54" srcActor="D0N13"/>
            <port dstActor="D0N37" name="p55" srcActor="D0N33"/>
            <port dstActor="D0N3" name="p56" srcActor="D0N1"/>
            <port dstActor="D0N22" name="p57" srcActor="D0N1"/>
            <port dstActor="D0N7" name="p58" srcActor="D0N1"/>
            <port dstActor="D0N23" name="p59" srcActor="D0N1"/>
            <port dstActor="D0N20" name="p60" srcActor="D0N1"/>
            <port dstActor="D0N36" name="p61" srcActor="D0N1"/>
            <port dstActor="D0N6" name="p62" srcActor="D0N1"/>
            <port dstActor="D0N18" name="p63" srcActor="D0N1"/>
            <port dstActor="D0N25" name="p64" srcActor="D0N1"/>
            <port dstActor="D0N34" name="p65" srcActor="D0N1"/>
            <port dstActor="D0N32" name="p66" srcActor="D0N14"/>
            <port dstActor="D0N23" name="p67" srcActor="D0N14"/>
            <port dstActor="D0N37" name="p68" srcActor="D0N32"/>
            <port dstActor="D0N15" name="p69" srcActor="D0N2"/>
            <port dstActor="D0N27" name="p70" srcActor="D0N2"/>
            <port dstActor="D0N37" name="p71" srcActor="D0N2"/>
            <port dstActor="D0N23" name="p72" srcActor="D0N2"/>
            <port dstActor="D0N28" name="p73" srcActor="D0N2"/>
            <port dstActor="D0N26" name="p74" srcActor="D0N25"/>
            <port dstActor="D0N32" name="p75" srcActor="D0N25"/>
            <port dstActor="D0N29" name="p76" srcActor="D0N25"/>
            <port dstActor="D0N31" name="p77" srcActor="D0N28"/>
            <port dstActor="D0N36" name="p78" srcActor="D0N28"/>
            <port dstActor="D0N46" name="p79" srcActor="D0N0"/>
            <port dstActor="D0N43" name="p80" srcActor="D0N0"/>
            <port dstActor="D0N20" name="p81" srcActor="D0N0"/>
            <port dstActor="D0N35" name="p82" srcActor="D0N0"/>
            <port dstActor="D0N37" name="p83" srcActor="D0N0"/>
            <port dstActor="D0N32" name="p84" srcActor="D0N16"/>
            <port dstActor="D0N21" name="p85" srcActor="D0N16"/>
            <port dstActor="D0N26" name="p86" srcActor="D0N16"/>
            <port dstActor="D0N18" name="p87" srcActor="D0N7"/>
            <port dstActor="D0N32" name="p88" srcActor="D0N7"/>
            <port dstActor="D0N19" name="p89" srcActor="D0N7"/>
            <port dstActor="D0N44" name="p90" srcActor="D0N38"/>
            <port dstActor="D0N46" name="p91" srcActor="D0N22"/>
            <port dstActor="D0N37" name="p92" srcActor="D0N22"/>
            <port dstActor="D0N38" name="p93" srcActor="D0N22"/>
            <port dstActor="D0N26" name="p94" srcActor="D0N22"/>
            <port dstActor="D0N45" name="p95" srcActor="D0N22"/>
            <port dstActor="D0N32" name="p96" srcActor="D0N22"/>
            <port dstActor="D0N43" name="p97" srcActor="D0N31"/>
            <port dstActor="D0N38" name="p98" srcActor="D0N31"/>
            <port dstActor="D0N38" name="p99" srcActor="D0N23"/>
        </ports>
    </mcdag>
    <cores number="3"/>
    <levels number="2"/>
</mcsystem>
