<?xml version="1.0" encoding="UTF-8" standalone="no"?>
<mcsystem>
    <mcdag deadline="4000" name="genned-0-ed-10.0-0">
        <actor name="D0N36">
            <wcet number="0">30</wcet>
            <wcet number="1">30</wcet>
            <maxpow number="0.5071261744386798"/>
            <maxpow number="0.5071261744386798"/>
            <fprob>0.0</fprob>
        </actor>
        <actor name="D0N13">
            <wcet number="0">60</wcet>
            <wcet number="1">260</wcet>
            <maxpow number="0.27622384824884"/>
            <maxpow number="0.27622384824884"/>
            <fprob>0.0</fprob>
        </actor>
        <actor name="D0N9">
            <wcet number="0">10</wcet>
            <wcet number="1">30</wcet>
            <maxpow number="0.9454941927463394"/>
            <maxpow number="0.9454941927463394"/>
            <fprob>0.0</fprob>
        </actor>
        <actor name="D0N4">
            <wcet number="0">160</wcet>
            <wcet number="1">350</wcet>
            <maxpow number="0.6699863058595086"/>
            <maxpow number="0.6699863058595086"/>
            <fprob>0.0</fprob>
        </actor>
        <actor name="D0N30">
            <wcet number="0">60</wcet>
            <wcet number="1">150</wcet>
            <maxpow number="0.5752316770645868"/>
            <maxpow number="0.5752316770645868"/>
            <fprob>0.0</fprob>
        </actor>
        <actor name="D0N40">
            <wcet number="0">30</wcet>
            <wcet number="1">90</wcet>
            <maxpow number="0.6318051916797642"/>
            <maxpow number="0.6318051916797642"/>
            <fprob>0.0</fprob>
        </actor>
        <actor name="D0N43">
            <wcet number="0">20</wcet>
            <wcet number="1">170</wcet>
            <maxpow number="0.46289612250462664"/>
            <maxpow number="0.46289612250462664"/>
            <fprob>0.0</fprob>
        </actor>
        <actor name="D0N10">
            <wcet number="0">380</wcet>
            <wcet number="1">620</wcet>
            <maxpow number="0.5343095716714573"/>
            <maxpow number="0.5343095716714573"/>
            <fprob>0.0</fprob>
        </actor>
        <actor name="D0N35">
            <wcet number="0">20</wcet>
            <wcet number="1">120</wcet>
            <maxpow number="0.805722442230316"/>
            <maxpow number="0.805722442230316"/>
            <fprob>0.0</fprob>
        </actor>
        <actor name="D0N39">
            <wcet number="0">40</wcet>
            <wcet number="1">130</wcet>
            <maxpow number="1.0486968695519876"/>
            <maxpow number="1.0486968695519876"/>
            <fprob>0.0</fprob>
        </actor>
        <actor name="D0N32">
            <wcet number="0">110</wcet>
            <wcet number="1">200</wcet>
            <maxpow number="0.3204099444500379"/>
            <maxpow number="0.3204099444500379"/>
            <fprob>0.0</fprob>
        </actor>
        <actor name="D0N21">
            <wcet number="0">160</wcet>
            <wcet number="1">390</wcet>
            <maxpow number="0.621142622837645"/>
            <maxpow number="0.621142622837645"/>
            <fprob>0.0</fprob>
        </actor>
        <actor name="D0N24">
            <wcet number="0">90</wcet>
            <wcet number="1">190</wcet>
            <maxpow number="0.6945064753354792"/>
            <maxpow number="0.6945064753354792"/>
            <fprob>0.0</fprob>
        </actor>
        <actor name="D0N38">
            <wcet number="0">180</wcet>
            <wcet number="1">190</wcet>
            <maxpow number="0.4284695823473694"/>
            <maxpow number="0.4284695823473694"/>
            <fprob>0.0</fprob>
        </actor>
        <actor name="D0N47">
            <wcet number="0">50</wcet>
            <wcet number="1">90</wcet>
            <maxpow number="0.552342899625093"/>
            <maxpow number="0.552342899625093"/>
            <fprob>0.0</fprob>
        </actor>
        <actor name="D0N11">
            <wcet number="0">120</wcet>
            <wcet number="1">430</wcet>
            <maxpow number="0.7714678519901566"/>
            <maxpow number="0.7714678519901566"/>
            <fprob>0.0</fprob>
        </actor>
        <actor name="D0N28">
            <wcet number="0">50</wcet>
            <wcet number="1">350</wcet>
            <maxpow number="0.6602366829487106"/>
            <maxpow number="0.6602366829487106"/>
            <fprob>0.0</fprob>
        </actor>
        <actor name="D0N23">
            <wcet number="0">20</wcet>
            <wcet number="1">30</wcet>
            <maxpow number="0.472221188541443"/>
            <maxpow number="0.472221188541443"/>
            <fprob>0.0</fprob>
        </actor>
        <actor name="D0N25">
            <wcet number="0">180</wcet>
            <wcet number="1">250</wcet>
            <maxpow number="0.3562091488658031"/>
            <maxpow number="0.3562091488658031"/>
            <fprob>0.0</fprob>
        </actor>
        <actor name="D0N8">
            <wcet number="0">120</wcet>
            <wcet number="1">170</wcet>
            <maxpow number="0.6844708181053267"/>
            <maxpow number="0.6844708181053267"/>
            <fprob>0.0</fprob>
        </actor>
        <actor name="D0N34">
            <wcet number="0">70</wcet>
            <wcet number="1">70</wcet>
            <maxpow number="0.28961884455999587"/>
            <maxpow number="0.28961884455999587"/>
            <fprob>0.0</fprob>
        </actor>
        <actor name="D0N19">
            <wcet number="0">100</wcet>
            <wcet number="1">110</wcet>
            <maxpow number="0.6379345316018785"/>
            <maxpow number="0.6379345316018785"/>
            <fprob>0.0</fprob>
        </actor>
        <actor name="D0N46">
            <wcet number="0">70</wcet>
            <wcet number="1">90</wcet>
            <maxpow number="0.5520943071351442"/>
            <maxpow number="0.5520943071351442"/>
            <fprob>0.0</fprob>
        </actor>
        <actor name="D0N17">
            <wcet number="0">70</wcet>
            <wcet number="1">430</wcet>
            <maxpow number="0.9339481375421063"/>
            <maxpow number="0.9339481375421063"/>
            <fprob>0.0</fprob>
        </actor>
        <actor name="D0N26">
            <wcet number="0">20</wcet>
            <wcet number="1">20</wcet>
            <maxpow number="0.6004602037939284"/>
            <maxpow number="0.6004602037939284"/>
            <fprob>0.0</fprob>
        </actor>
        <actor name="D0N22">
            <wcet number="0">20</wcet>
            <wcet number="1">40</wcet>
            <maxpow number="0.4867708508113618"/>
            <maxpow number="0.4867708508113618"/>
            <fprob>0.0</fprob>
        </actor>
        <actor name="D0N12">
            <wcet number="0">10</wcet>
            <wcet number="1">20</wcet>
            <maxpow number="0.5731276239564296"/>
            <maxpow number="0.5731276239564296"/>
            <fprob>0.0</fprob>
        </actor>
        <actor name="D0N0">
            <wcet number="0">270</wcet>
            <wcet number="1">390</wcet>
            <maxpow number="0.6215026363969463"/>
            <maxpow number="0.6215026363969463"/>
            <fprob>0.0</fprob>
        </actor>
        <actor name="D0N31">
            <wcet number="0">10</wcet>
            <wcet number="1">10</wcet>
            <maxpow number="0.4945266184641097"/>
            <maxpow number="0.4945266184641097"/>
            <fprob>0.0</fprob>
        </actor>
        <actor name="D0N20">
            <wcet number="0">60</wcet>
            <wcet number="1">90</wcet>
            <maxpow number="0.480557800628057"/>
            <maxpow number="0.480557800628057"/>
            <fprob>0.0</fprob>
        </actor>
        <actor name="D0N16">
            <wcet number="0">120</wcet>
            <wcet number="1">130</wcet>
            <maxpow number="0.8249513500796335"/>
            <maxpow number="0.8249513500796335"/>
            <fprob>0.0</fprob>
        </actor>
        <actor name="D0N29">
            <wcet number="0">920</wcet>
            <wcet number="1">1110</wcet>
            <maxpow number="0.7189025815734816"/>
            <maxpow number="0.7189025815734816"/>
            <fprob>0.0</fprob>
        </actor>
        <actor name="D0N6">
            <wcet number="0">30</wcet>
            <wcet number="1">60</wcet>
            <maxpow number="0.32325483656400245"/>
            <maxpow number="0.32325483656400245"/>
            <fprob>0.0</fprob>
        </actor>
        <actor name="D0N27">
            <wcet number="0">90</wcet>
            <wcet number="1">510</wcet>
            <maxpow number="0.2808356490540135"/>
            <maxpow number="0.2808356490540135"/>
            <fprob>0.0</fprob>
        </actor>
        <actor name="D0N1">
            <wcet number="0">40</wcet>
            <wcet number="1">270</wcet>
            <maxpow number="0.534579604103741"/>
            <maxpow number="0.534579604103741"/>
            <fprob>0.0</fprob>
        </actor>
        <actor name="D0N37">
            <wcet number="0">40</wcet>
            <wcet number="1">270</wcet>
            <maxpow number="0.5130894135988442"/>
            <maxpow number="0.5130894135988442"/>
            <fprob>0.0</fprob>
        </actor>
        <actor name="D0N44">
            <wcet number="0">150</wcet>
            <wcet number="1">150</wcet>
            <maxpow number="0.473612058803139"/>
            <maxpow number="0.473612058803139"/>
            <fprob>0.0</fprob>
        </actor>
        <actor name="D0N49">
            <wcet number="0">10</wcet>
            <wcet number="1">90</wcet>
            <maxpow number="0.5560584597513022"/>
            <maxpow number="0.5560584597513022"/>
            <fprob>0.0</fprob>
        </actor>
        <actor name="D0N14">
            <wcet number="0">10</wcet>
            <wcet number="1">10</wcet>
            <maxpow number="0.43647115499414374"/>
            <maxpow number="0.43647115499414374"/>
            <fprob>0.0</fprob>
        </actor>
        <actor name="D0N18">
            <wcet number="0">10</wcet>
            <wcet number="1">60</wcet>
            <maxpow number="0.458098756514119"/>
            <maxpow number="0.458098756514119"/>
            <fprob>0.0</fprob>
        </actor>
        <actor name="D0N7">
            <wcet number="0">80</wcet>
            <wcet number="1">170</wcet>
            <maxpow number="0.7047480327083142"/>
            <maxpow number="0.7047480327083142"/>
            <fprob>0.0</fprob>
        </actor>
        <actor name="D0N45">
            <wcet number="0">310</wcet>
            <wcet number="1">320</wcet>
            <maxpow number="0.3727055084661619"/>
            <maxpow number="0.3727055084661619"/>
            <fprob>0.0</fprob>
        </actor>
        <actor name="D0N5">
            <wcet number="0">240</wcet>
            <wcet number="1">280</wcet>
            <maxpow number="0.7350941942641998"/>
            <maxpow number="0.7350941942641998"/>
            <fprob>0.0</fprob>
        </actor>
        <actor name="D0N33">
            <wcet number="0">150</wcet>
            <wcet number="1">250</wcet>
            <maxpow number="0.7390656043373227"/>
            <maxpow number="0.7390656043373227"/>
            <fprob>0.0</fprob>
        </actor>
        <actor name="D0N48">
            <wcet number="0">450</wcet>
            <wcet number="1">450</wcet>
            <maxpow number="0.8391201623429535"/>
            <maxpow number="0.8391201623429535"/>
            <fprob>0.0</fprob>
        </actor>
        <actor name="D0N3">
            <wcet number="0">70</wcet>
            <wcet number="1">130</wcet>
            <maxpow number="0.4663811340384757"/>
            <maxpow number="0.4663811340384757"/>
            <fprob>0.0</fprob>
        </actor>
        <actor name="D0N41">
            <wcet number="0">210</wcet>
            <wcet number="1">270</wcet>
            <maxpow number="0.6773130402702525"/>
            <maxpow number="0.6773130402702525"/>
            <fprob>0.0</fprob>
        </actor>
        <actor name="D0N15">
            <wcet number="0">40</wcet>
            <wcet number="1">180</wcet>
            <maxpow number="0.6856232848812697"/>
            <maxpow number="0.6856232848812697"/>
            <fprob>0.0</fprob>
        </actor>
        <actor name="D0N2">
            <wcet number="0">340</wcet>
            <wcet number="1">450</wcet>
            <maxpow number="0.23536434104614196"/>
            <maxpow number="0.23536434104614196"/>
            <fprob>0.0</fprob>
        </actor>
        <actor name="D0N42">
            <wcet number="0">80</wcet>
            <wcet number="1">130</wcet>
            <maxpow number="0.7907101778964358"/>
            <maxpow number="0.7907101778964358"/>
            <fprob>0.0</fprob>
        </actor>
        <ports>
            <port dstActor="D0N37" name="p0" srcActor="D0N36"/>
            <port dstActor="D0N34" name="p1" srcActor="D0N13"/>
            <port dstActor="D0N33" name="p2" srcActor="D0N13"/>
            <port dstActor="D0N14" name="p3" srcActor="D0N13"/>
            <port dstActor="D0N42" name="p4" srcActor="D0N13"/>
            <port dstActor="D0N18" name="p5" srcActor="D0N13"/>
            <port dstActor="D0N48" name="p6" srcActor="D0N9"/>
            <port dstActor="D0N31" name="p7" srcActor="D0N9"/>
            <port dstActor="D0N42" name="p8" srcActor="D0N9"/>
            <port dstActor="D0N21" name="p9" srcActor="D0N9"/>
            <port dstActor="D0N7" name="p10" srcActor="D0N4"/>
            <port dstActor="D0N46" name="p11" srcActor="D0N4"/>
            <port dstActor="D0N21" name="p12" srcActor="D0N4"/>
            <port dstActor="D0N8" name="p13" srcActor="D0N4"/>
            <port dstActor="D0N26" name="p14" srcActor="D0N4"/>
            <port dstActor="D0N28" name="p15" srcActor="D0N4"/>
            <port dstActor="D0N34" name="p16" srcActor="D0N4"/>
            <port dstActor="D0N48" name="p17" srcActor="D0N30"/>
            <port dstActor="D0N34" name="p18" srcActor="D0N30"/>
            <port dstActor="D0N42" name="p19" srcActor="D0N30"/>
            <port dstActor="D0N30" name="p20" srcActor="D0N10"/>
            <port dstActor="D0N42" name="p21" srcActor="D0N10"/>
            <port dstActor="D0N23" name="p22" srcActor="D0N10"/>
            <port dstActor="D0N40" name="p23" srcActor="D0N10"/>
            <port dstActor="D0N44" name="p24" srcActor="D0N10"/>
            <port dstActor="D0N44" name="p25" srcActor="D0N35"/>
            <port dstActor="D0N42" name="p26" srcActor="D0N35"/>
            <port dstActor="D0N45" name="p27" srcActor="D0N35"/>
            <port dstActor="D0N49" name="p28" srcActor="D0N39"/>
            <port dstActor="D0N29" name="p29" srcActor="D0N21"/>
            <port dstActor="D0N35" name="p30" srcActor="D0N21"/>
            <port dstActor="D0N26" name="p31" srcActor="D0N24"/>
            <port dstActor="D0N48" name="p32" srcActor="D0N24"/>
            <port dstActor="D0N32" name="p33" srcActor="D0N24"/>
            <port dstActor="D0N47" name="p34" srcActor="D0N24"/>
            <port dstActor="D0N39" name="p35" srcActor="D0N38"/>
            <port dstActor="D0N40" name="p36" srcActor="D0N11"/>
            <port dstActor="D0N32" name="p37" srcActor="D0N11"/>
            <port dstActor="D0N37" name="p38" srcActor="D0N11"/>
            <port dstActor="D0N14" name="p39" srcActor="D0N11"/>
            <port dstActor="D0N27" name="p40" srcActor="D0N11"/>
            <port dstActor="D0N34" name="p41" srcActor="D0N28"/>
            <port dstActor="D0N38" name="p42" srcActor="D0N28"/>
            <port dstActor="D0N35" name="p43" srcActor="D0N28"/>
            <port dstActor="D0N30" name="p44" srcActor="D0N23"/>
            <port dstActor="D0N32" name="p45" srcActor="D0N23"/>
            <port dstActor="D0N45" name="p46" srcActor="D0N23"/>
            <port dstActor="D0N24" name="p47" srcActor="D0N23"/>
            <port dstActor="D0N28" name="p48" srcActor="D0N23"/>
            <port dstActor="D0N49" name="p49" srcActor="D0N25"/>
            <port dstActor="D0N31" name="p50" srcActor="D0N25"/>
            <port dstActor="D0N48" name="p51" srcActor="D0N25"/>
            <port dstActor="D0N47" name="p52" srcActor="D0N25"/>
            <port dstActor="D0N35" name="p53" srcActor="D0N8"/>
            <port dstActor="D0N18" name="p54" srcActor="D0N8"/>
            <port dstActor="D0N44" name="p55" srcActor="D0N34"/>
            <port dstActor="D0N42" name="p56" srcActor="D0N19"/>
            <port dstActor="D0N31" name="p57" srcActor="D0N19"/>
            <port dstActor="D0N49" name="p58" srcActor="D0N46"/>
            <port dstActor="D0N30" name="p59" srcActor="D0N17"/>
            <port dstActor="D0N34" name="p60" srcActor="D0N17"/>
            <port dstActor="D0N28" name="p61" srcActor="D0N17"/>
            <port dstActor="D0N44" name="p62" srcActor="D0N26"/>
            <port dstActor="D0N39" name="p63" srcActor="D0N26"/>
            <port dstActor="D0N42" name="p64" srcActor="D0N26"/>
            <port dstActor="D0N42" name="p65" srcActor="D0N22"/>
            <port dstActor="D0N35" name="p66" srcActor="D0N22"/>
            <port dstActor="D0N45" name="p67" srcActor="D0N22"/>
            <port dstActor="D0N43" name="p68" srcActor="D0N22"/>
            <port dstActor="D0N46" name="p69" srcActor="D0N22"/>
            <port dstActor="D0N39" name="p70" srcActor="D0N12"/>
            <port dstActor="D0N33" name="p71" srcActor="D0N12"/>
            <port dstActor="D0N44" name="p72" srcActor="D0N12"/>
            <port dstActor="D0N3" name="p73" srcActor="D0N0"/>
            <port dstActor="D0N38" name="p74" srcActor="D0N0"/>
            <port dstActor="D0N35" name="p75" srcActor="D0N0"/>
            <port dstActor="D0N18" name="p76" srcActor="D0N0"/>
            <port dstActor="D0N9" name="p77" srcActor="D0N0"/>
            <port dstActor="D0N19" name="p78" srcActor="D0N0"/>
            <port dstActor="D0N47" name="p79" srcActor="D0N31"/>
            <port dstActor="D0N43" name="p80" srcActor="D0N31"/>
            <port dstActor="D0N48" name="p81" srcActor="D0N31"/>
            <port dstActor="D0N41" name="p82" srcActor="D0N31"/>
            <port dstActor="D0N21" name="p83" srcActor="D0N20"/>
            <port dstActor="D0N41" name="p84" srcActor="D0N20"/>
            <port dstActor="D0N25" name="p85" srcActor="D0N20"/>
            <port dstActor="D0N42" name="p86" srcActor="D0N20"/>
            <port dstActor="D0N46" name="p87" srcActor="D0N20"/>
            <port dstActor="D0N23" name="p88" srcActor="D0N16"/>
            <port dstActor="D0N49" name="p89" srcActor="D0N16"/>
            <port dstActor="D0N43" name="p90" srcActor="D0N16"/>
            <port dstActor="D0N31" name="p91" srcActor="D0N29"/>
            <port dstActor="D0N46" name="p92" srcActor="D0N29"/>
            <port dstActor="D0N32" name="p93" srcActor="D0N6"/>
            <port dstActor="D0N29" name="p94" srcActor="D0N27"/>
            <port dstActor="D0N34" name="p95" srcActor="D0N27"/>
            <port dstActor="D0N9" name="p96" srcActor="D0N1"/>
            <port dstActor="D0N26" name="p97" srcActor="D0N1"/>
            <port dstActor="D0N42" name="p98" srcActor="D0N37"/>
            <port dstActor="D0N49" name="p99" srcActor="D0N37"/>
            <port dstActor="D0N43" name="p100" srcActor="D0N18"/>
            <port dstActor="D0N44" name="p101" srcActor="D0N18"/>
            <port dstActor="D0N46" name="p102" srcActor="D0N7"/>
            <port dstActor="D0N27" name="p103" srcActor="D0N7"/>
            <port dstActor="D0N37" name="p104" srcActor="D0N7"/>
            <port dstActor="D0N22" name="p105" srcActor="D0N7"/>
            <port dstActor="D0N31" name="p106" srcActor="D0N7"/>
            <port dstActor="D0N6" name="p107" srcActor="D0N5"/>
            <port dstActor="D0N9" name="p108" srcActor="D0N5"/>
            <port dstActor="D0N28" name="p109" srcActor="D0N5"/>
            <port dstActor="D0N37" name="p110" srcActor="D0N5"/>
            <port dstActor="D0N46" name="p111" srcActor="D0N5"/>
            <port dstActor="D0N11" name="p112" srcActor="D0N5"/>
            <port dstActor="D0N21" name="p113" srcActor="D0N5"/>
            <port dstActor="D0N27" name="p114" srcActor="D0N5"/>
            <port dstActor="D0N38" name="p115" srcActor="D0N33"/>
            <port dstActor="D0N7" name="p116" srcActor="D0N3"/>
            <port dstActor="D0N38" name="p117" srcActor="D0N3"/>
            <port dstActor="D0N12" name="p118" srcActor="D0N3"/>
            <port dstActor="D0N32" name="p119" srcActor="D0N3"/>
            <port dstActor="D0N20" name="p120" srcActor="D0N3"/>
            <port dstActor="D0N44" name="p121" srcActor="D0N41"/>
            <port dstActor="D0N43" name="p122" srcActor="D0N41"/>
            <port dstActor="D0N20" name="p123" srcActor="D0N15"/>
            <port dstActor="D0N38" name="p124" srcActor="D0N15"/>
            <port dstActor="D0N25" name="p125" srcActor="D0N15"/>
            <port dstActor="D0N32" name="p126" srcActor="D0N15"/>
            <port dstActor="D0N17" name="p127" srcActor="D0N15"/>
            <port dstActor="D0N26" name="p128" srcActor="D0N15"/>
            <port dstActor="D0N31" name="p129" srcActor="D0N2"/>
            <port dstActor="D0N23" name="p130" srcActor="D0N2"/>
            <port dstActor="D0N11" name="p131" srcActor="D0N2"/>
            <port dstActor="D0N33" name="p132" srcActor="D0N2"/>
            <port dstActor="D0N43" name="p133" srcActor="D0N2"/>
            <port dstActor="D0N15" name="p134" srcActor="D0N2"/>
            <port dstActor="D0N36" name="p135" srcActor="D0N2"/>
            <port dstActor="D0N39" name="p136" srcActor="D0N2"/>
            <port dstActor="D0N8" name="p137" srcActor="D0N2"/>
            <port dstActor="D0N3" name="p138" srcActor="D0N2"/>
            <port dstActor="D0N40" name="p139" srcActor="D0N2"/>
            <port dstActor="D0N45" name="p140" srcActor="D0N2"/>
        </ports>
    </mcdag>
    <cores number="3"/>
    <levels number="2"/>
</mcsystem>
