<?xml version="1.0" encoding="UTF-8" standalone="no"?>
<mcsystem>
    <mcdag deadline="1500" name="genned-0-ed-10.0-0">
        <actor name="D0N9">
            <wcet number="0">40</wcet>
            <wcet number="1">70</wcet>
            <maxpow number="0.831399932118984"/>
            <maxpow number="0.831399932118984"/>
            <fprob>0.0</fprob>
        </actor>
        <actor name="D0N40">
            <wcet number="0">10</wcet>
            <wcet number="1">10</wcet>
            <maxpow number="0.40088615167882735"/>
            <maxpow number="0.40088615167882735"/>
            <fprob>0.0</fprob>
        </actor>
        <actor name="D0N32">
            <wcet number="0">50</wcet>
            <wcet number="1">50</wcet>
            <maxpow number="0.5734248309967654"/>
            <maxpow number="0.5734248309967654"/>
            <fprob>0.0</fprob>
        </actor>
        <actor name="D0N16">
            <wcet number="0">60</wcet>
            <wcet number="1">90</wcet>
            <maxpow number="0.4332815463144281"/>
            <maxpow number="0.4332815463144281"/>
            <fprob>0.0</fprob>
        </actor>
        <actor name="D0N28">
            <wcet number="0">10</wcet>
            <wcet number="1">40</wcet>
            <maxpow number="0.41438394498267134"/>
            <maxpow number="0.41438394498267134"/>
            <fprob>0.0</fprob>
        </actor>
        <actor name="D0N5">
            <wcet number="0">20</wcet>
            <wcet number="1">20</wcet>
            <maxpow number="0.47775758481451613"/>
            <maxpow number="0.47775758481451613"/>
            <fprob>0.0</fprob>
        </actor>
        <actor name="D0N8">
            <wcet number="0">20</wcet>
            <wcet number="1">50</wcet>
            <maxpow number="0.33363620832447827"/>
            <maxpow number="0.33363620832447827"/>
            <fprob>0.0</fprob>
        </actor>
        <actor name="D0N43">
            <wcet number="0">90</wcet>
            <wcet number="1">90</wcet>
            <maxpow number="0.6166159578340733"/>
            <maxpow number="0.6166159578340733"/>
            <fprob>0.0</fprob>
        </actor>
        <actor name="D0N25">
            <wcet number="0">30</wcet>
            <wcet number="1">50</wcet>
            <maxpow number="0.5046012713974916"/>
            <maxpow number="0.5046012713974916"/>
            <fprob>0.0</fprob>
        </actor>
        <actor name="D0N11">
            <wcet number="0">20</wcet>
            <wcet number="1">20</wcet>
            <maxpow number="0.5134583594876859"/>
            <maxpow number="0.5134583594876859"/>
            <fprob>0.0</fprob>
        </actor>
        <actor name="D0N7">
            <wcet number="0">70</wcet>
            <wcet number="1">90</wcet>
            <maxpow number="0.5948883962357814"/>
            <maxpow number="0.5948883962357814"/>
            <fprob>0.0</fprob>
        </actor>
        <actor name="D0N42">
            <wcet number="0">20</wcet>
            <wcet number="1">30</wcet>
            <maxpow number="0.8367429083726599"/>
            <maxpow number="0.8367429083726599"/>
            <fprob>0.0</fprob>
        </actor>
        <actor name="D0N6">
            <wcet number="0">10</wcet>
            <wcet number="1">10</wcet>
            <maxpow number="0.7491895746756748"/>
            <maxpow number="0.7491895746756748"/>
            <fprob>0.0</fprob>
        </actor>
        <actor name="D0N15">
            <wcet number="0">30</wcet>
            <wcet number="1">130</wcet>
            <maxpow number="0.6334908329666329"/>
            <maxpow number="0.6334908329666329"/>
            <fprob>0.0</fprob>
        </actor>
        <actor name="D0N20">
            <wcet number="0">50</wcet>
            <wcet number="1">130</wcet>
            <maxpow number="0.7818452986527229"/>
            <maxpow number="0.7818452986527229"/>
            <fprob>0.0</fprob>
        </actor>
        <actor name="D0N35">
            <wcet number="0">20</wcet>
            <wcet number="1">60</wcet>
            <maxpow number="0.45325970160083634"/>
            <maxpow number="0.45325970160083634"/>
            <fprob>0.0</fprob>
        </actor>
        <actor name="D0N33">
            <wcet number="0">20</wcet>
            <wcet number="1">40</wcet>
            <maxpow number="0.7263252405996568"/>
            <maxpow number="0.7263252405996568"/>
            <fprob>0.0</fprob>
        </actor>
        <actor name="D0N39">
            <wcet number="0">10</wcet>
            <wcet number="1">60</wcet>
            <maxpow number="0.7854919466544548"/>
            <maxpow number="0.7854919466544548"/>
            <fprob>0.0</fprob>
        </actor>
        <actor name="D0N41">
            <wcet number="0">200</wcet>
            <wcet number="1">250</wcet>
            <maxpow number="0.8765216664551138"/>
            <maxpow number="0.8765216664551138"/>
            <fprob>0.0</fprob>
        </actor>
        <actor name="D0N29">
            <wcet number="0">20</wcet>
            <wcet number="1">30</wcet>
            <maxpow number="0.4712876259607279"/>
            <maxpow number="0.4712876259607279"/>
            <fprob>0.0</fprob>
        </actor>
        <actor name="D0N12">
            <wcet number="0">20</wcet>
            <wcet number="1">30</wcet>
            <maxpow number="0.4493380587203985"/>
            <maxpow number="0.4493380587203985"/>
            <fprob>0.0</fprob>
        </actor>
        <actor name="D0N17">
            <wcet number="0">50</wcet>
            <wcet number="1">60</wcet>
            <maxpow number="0.5058327957898646"/>
            <maxpow number="0.5058327957898646"/>
            <fprob>0.0</fprob>
        </actor>
        <actor name="D0N31">
            <wcet number="0">20</wcet>
            <wcet number="1">60</wcet>
            <maxpow number="0.3032314252540833"/>
            <maxpow number="0.3032314252540833"/>
            <fprob>0.0</fprob>
        </actor>
        <actor name="D0N18">
            <wcet number="0">10</wcet>
            <wcet number="1">10</wcet>
            <maxpow number="0.5366895347455295"/>
            <maxpow number="0.5366895347455295"/>
            <fprob>0.0</fprob>
        </actor>
        <actor name="D0N47">
            <wcet number="0">10</wcet>
            <wcet number="1">60</wcet>
            <maxpow number="0.7748005836702219"/>
            <maxpow number="0.7748005836702219"/>
            <fprob>0.0</fprob>
        </actor>
        <actor name="D0N19">
            <wcet number="0">10</wcet>
            <wcet number="1">20</wcet>
            <maxpow number="0.4514599310561927"/>
            <maxpow number="0.4514599310561927"/>
            <fprob>0.0</fprob>
        </actor>
        <actor name="D0N21">
            <wcet number="0">10</wcet>
            <wcet number="1">200</wcet>
            <maxpow number="0.6277653301671349"/>
            <maxpow number="0.6277653301671349"/>
            <fprob>0.0</fprob>
        </actor>
        <actor name="D0N1">
            <wcet number="0">10</wcet>
            <wcet number="1">30</wcet>
            <maxpow number="0.38450742111652114"/>
            <maxpow number="0.38450742111652114"/>
            <fprob>0.0</fprob>
        </actor>
        <actor name="D0N36">
            <wcet number="0">50</wcet>
            <wcet number="1">70</wcet>
            <maxpow number="0.47689083232385765"/>
            <maxpow number="0.47689083232385765"/>
            <fprob>0.0</fprob>
        </actor>
        <actor name="D0N34">
            <wcet number="0">10</wcet>
            <wcet number="1">20</wcet>
            <maxpow number="0.29942967104104223"/>
            <maxpow number="0.29942967104104223"/>
            <fprob>0.0</fprob>
        </actor>
        <actor name="D0N27">
            <wcet number="0">20</wcet>
            <wcet number="1">30</wcet>
            <maxpow number="0.5247268705792897"/>
            <maxpow number="0.5247268705792897"/>
            <fprob>0.0</fprob>
        </actor>
        <actor name="D0N4">
            <wcet number="0">20</wcet>
            <wcet number="1">110</wcet>
            <maxpow number="0.23664048226500856"/>
            <maxpow number="0.23664048226500856"/>
            <fprob>0.0</fprob>
        </actor>
        <actor name="D0N0">
            <wcet number="0">20</wcet>
            <wcet number="1">50</wcet>
            <maxpow number="0.7180464867502816"/>
            <maxpow number="0.7180464867502816"/>
            <fprob>0.0</fprob>
        </actor>
        <actor name="D0N14">
            <wcet number="0">20</wcet>
            <wcet number="1">60</wcet>
            <maxpow number="0.7159130769122308"/>
            <maxpow number="0.7159130769122308"/>
            <fprob>0.0</fprob>
        </actor>
        <actor name="D0N46">
            <wcet number="0">10</wcet>
            <wcet number="1">20</wcet>
            <maxpow number="0.48749103356521395"/>
            <maxpow number="0.48749103356521395"/>
            <fprob>0.0</fprob>
        </actor>
        <actor name="D0N49">
            <wcet number="0">10</wcet>
            <wcet number="1">100</wcet>
            <maxpow number="0.7858893111574649"/>
            <maxpow number="0.7858893111574649"/>
            <fprob>0.0</fprob>
        </actor>
        <actor name="D0N23">
            <wcet number="0">30</wcet>
            <wcet number="1">30</wcet>
            <maxpow number="0.6838011043992207"/>
            <maxpow number="0.6838011043992207"/>
            <fprob>0.0</fprob>
        </actor>
        <actor name="D0N45">
            <wcet number="0">60</wcet>
            <wcet number="1">220</wcet>
            <maxpow number="0.71636619062468"/>
            <maxpow number="0.71636619062468"/>
            <fprob>0.0</fprob>
        </actor>
        <actor name="D0N10">
            <wcet number="0">20</wcet>
            <wcet number="1">20</wcet>
            <maxpow number="0.6141967422902967"/>
            <maxpow number="0.6141967422902967"/>
            <fprob>0.0</fprob>
        </actor>
        <actor name="D0N30">
            <wcet number="0">20</wcet>
            <wcet number="1">20</wcet>
            <maxpow number="0.5629532896474998"/>
            <maxpow number="0.5629532896474998"/>
            <fprob>0.0</fprob>
        </actor>
        <actor name="D0N26">
            <wcet number="0">40</wcet>
            <wcet number="1">40</wcet>
            <maxpow number="0.32356447299275304"/>
            <maxpow number="0.32356447299275304"/>
            <fprob>0.0</fprob>
        </actor>
        <actor name="D0N13">
            <wcet number="0">10</wcet>
            <wcet number="1">30</wcet>
            <maxpow number="0.772768645336153"/>
            <maxpow number="0.772768645336153"/>
            <fprob>0.0</fprob>
        </actor>
        <actor name="D0N44">
            <wcet number="0">20</wcet>
            <wcet number="1">20</wcet>
            <maxpow number="0.8996260060559789"/>
            <maxpow number="0.8996260060559789"/>
            <fprob>0.0</fprob>
        </actor>
        <actor name="D0N2">
            <wcet number="0">10</wcet>
            <wcet number="1">30</wcet>
            <maxpow number="0.7987059600375471"/>
            <maxpow number="0.7987059600375471"/>
            <fprob>0.0</fprob>
        </actor>
        <actor name="D0N3">
            <wcet number="0">20</wcet>
            <wcet number="1">30</wcet>
            <maxpow number="0.5906938121891283"/>
            <maxpow number="0.5906938121891283"/>
            <fprob>0.0</fprob>
        </actor>
        <actor name="D0N24">
            <wcet number="0">10</wcet>
            <wcet number="1">20</wcet>
            <maxpow number="0.6726694210916815"/>
            <maxpow number="0.6726694210916815"/>
            <fprob>0.0</fprob>
        </actor>
        <actor name="D0N48">
            <wcet number="0">10</wcet>
            <wcet number="1">40</wcet>
            <maxpow number="0.9959589554253289"/>
            <maxpow number="0.9959589554253289"/>
            <fprob>0.0</fprob>
        </actor>
        <actor name="D0N37">
            <wcet number="0">120</wcet>
            <wcet number="1">140</wcet>
            <maxpow number="0.7613241317252726"/>
            <maxpow number="0.7613241317252726"/>
            <fprob>0.0</fprob>
        </actor>
        <actor name="D0N38">
            <wcet number="0">30</wcet>
            <wcet number="1">80</wcet>
            <maxpow number="0.6860316572917291"/>
            <maxpow number="0.6860316572917291"/>
            <fprob>0.0</fprob>
        </actor>
        <actor name="D0N22">
            <wcet number="0">10</wcet>
            <wcet number="1">30</wcet>
            <maxpow number="0.38896016023457824"/>
            <maxpow number="0.38896016023457824"/>
            <fprob>0.0</fprob>
        </actor>
        <ports>
            <port dstActor="D0N21" name="p0" srcActor="D0N9"/>
            <port dstActor="D0N39" name="p1" srcActor="D0N9"/>
            <port dstActor="D0N32" name="p2" srcActor="D0N9"/>
            <port dstActor="D0N24" name="p3" srcActor="D0N9"/>
            <port dstActor="D0N11" name="p4" srcActor="D0N9"/>
            <port dstActor="D0N33" name="p5" srcActor="D0N9"/>
            <port dstActor="D0N47" name="p6" srcActor="D0N9"/>
            <port dstActor="D0N49" name="p7" srcActor="D0N40"/>
            <port dstActor="D0N41" name="p8" srcActor="D0N32"/>
            <port dstActor="D0N38" name="p9" srcActor="D0N32"/>
            <port dstActor="D0N47" name="p10" srcActor="D0N16"/>
            <port dstActor="D0N36" name="p11" srcActor="D0N16"/>
            <port dstActor="D0N32" name="p12" srcActor="D0N16"/>
            <port dstActor="D0N35" name="p13" srcActor="D0N16"/>
            <port dstActor="D0N46" name="p14" srcActor="D0N5"/>
            <port dstActor="D0N45" name="p15" srcActor="D0N5"/>
            <port dstActor="D0N10" name="p16" srcActor="D0N5"/>
            <port dstActor="D0N29" name="p17" srcActor="D0N5"/>
            <port dstActor="D0N17" name="p18" srcActor="D0N8"/>
            <port dstActor="D0N18" name="p19" srcActor="D0N8"/>
            <port dstActor="D0N10" name="p20" srcActor="D0N8"/>
            <port dstActor="D0N23" name="p21" srcActor="D0N8"/>
            <port dstActor="D0N24" name="p22" srcActor="D0N11"/>
            <port dstActor="D0N39" name="p23" srcActor="D0N11"/>
            <port dstActor="D0N29" name="p24" srcActor="D0N11"/>
            <port dstActor="D0N32" name="p25" srcActor="D0N11"/>
            <port dstActor="D0N26" name="p26" srcActor="D0N11"/>
            <port dstActor="D0N36" name="p27" srcActor="D0N7"/>
            <port dstActor="D0N8" name="p28" srcActor="D0N7"/>
            <port dstActor="D0N48" name="p29" srcActor="D0N7"/>
            <port dstActor="D0N27" name="p30" srcActor="D0N6"/>
            <port dstActor="D0N45" name="p31" srcActor="D0N6"/>
            <port dstActor="D0N34" name="p32" srcActor="D0N15"/>
            <port dstActor="D0N28" name="p33" srcActor="D0N15"/>
            <port dstActor="D0N42" name="p34" srcActor="D0N15"/>
            <port dstActor="D0N46" name="p35" srcActor="D0N20"/>
            <port dstActor="D0N25" name="p36" srcActor="D0N20"/>
            <port dstActor="D0N33" name="p37" srcActor="D0N20"/>
            <port dstActor="D0N22" name="p38" srcActor="D0N20"/>
            <port dstActor="D0N37" name="p39" srcActor="D0N35"/>
            <port dstActor="D0N46" name="p40" srcActor="D0N35"/>
            <port dstActor="D0N35" name="p41" srcActor="D0N33"/>
            <port dstActor="D0N34" name="p42" srcActor="D0N33"/>
            <port dstActor="D0N41" name="p43" srcActor="D0N39"/>
            <port dstActor="D0N32" name="p44" srcActor="D0N29"/>
            <port dstActor="D0N45" name="p45" srcActor="D0N29"/>
            <port dstActor="D0N35" name="p46" srcActor="D0N12"/>
            <port dstActor="D0N44" name="p47" srcActor="D0N12"/>
            <port dstActor="D0N32" name="p48" srcActor="D0N17"/>
            <port dstActor="D0N25" name="p49" srcActor="D0N17"/>
            <port dstActor="D0N39" name="p50" srcActor="D0N31"/>
            <port dstActor="D0N46" name="p51" srcActor="D0N31"/>
            <port dstActor="D0N43" name="p52" srcActor="D0N18"/>
            <port dstActor="D0N28" name="p53" srcActor="D0N18"/>
            <port dstActor="D0N29" name="p54" srcActor="D0N18"/>
            <port dstActor="D0N49" name="p55" srcActor="D0N47"/>
            <port dstActor="D0N21" name="p56" srcActor="D0N19"/>
            <port dstActor="D0N49" name="p57" srcActor="D0N19"/>
            <port dstActor="D0N48" name="p58" srcActor="D0N21"/>
            <port dstActor="D0N45" name="p59" srcActor="D0N21"/>
            <port dstActor="D0N9" name="p60" srcActor="D0N1"/>
            <port dstActor="D0N8" name="p61" srcActor="D0N1"/>
            <port dstActor="D0N35" name="p62" srcActor="D0N1"/>
            <port dstActor="D0N19" name="p63" srcActor="D0N1"/>
            <port dstActor="D0N31" name="p64" srcActor="D0N1"/>
            <port dstActor="D0N46" name="p65" srcActor="D0N36"/>
            <port dstActor="D0N47" name="p66" srcActor="D0N36"/>
            <port dstActor="D0N40" name="p67" srcActor="D0N34"/>
            <port dstActor="D0N44" name="p68" srcActor="D0N34"/>
            <port dstActor="D0N42" name="p69" srcActor="D0N27"/>
            <port dstActor="D0N44" name="p70" srcActor="D0N27"/>
            <port dstActor="D0N48" name="p71" srcActor="D0N27"/>
            <port dstActor="D0N32" name="p72" srcActor="D0N27"/>
            <port dstActor="D0N26" name="p73" srcActor="D0N4"/>
            <port dstActor="D0N22" name="p74" srcActor="D0N4"/>
            <port dstActor="D0N45" name="p75" srcActor="D0N4"/>
            <port dstActor="D0N12" name="p76" srcActor="D0N0"/>
            <port dstActor="D0N26" name="p77" srcActor="D0N0"/>
            <port dstActor="D0N47" name="p78" srcActor="D0N0"/>
            <port dstActor="D0N14" name="p79" srcActor="D0N0"/>
            <port dstActor="D0N1" name="p80" srcActor="D0N0"/>
            <port dstActor="D0N32" name="p81" srcActor="D0N0"/>
            <port dstActor="D0N48" name="p82" srcActor="D0N0"/>
            <port dstActor="D0N18" name="p83" srcActor="D0N0"/>
            <port dstActor="D0N23" name="p84" srcActor="D0N14"/>
            <port dstActor="D0N27" name="p85" srcActor="D0N14"/>
            <port dstActor="D0N19" name="p86" srcActor="D0N14"/>
            <port dstActor="D0N28" name="p87" srcActor="D0N14"/>
            <port dstActor="D0N20" name="p88" srcActor="D0N14"/>
            <port dstActor="D0N43" name="p89" srcActor="D0N23"/>
            <port dstActor="D0N29" name="p90" srcActor="D0N23"/>
            <port dstActor="D0N38" name="p91" srcActor="D0N23"/>
            <port dstActor="D0N31" name="p92" srcActor="D0N23"/>
            <port dstActor="D0N41" name="p93" srcActor="D0N10"/>
            <port dstActor="D0N31" name="p94" srcActor="D0N10"/>
            <port dstActor="D0N18" name="p95" srcActor="D0N10"/>
            <port dstActor="D0N34" name="p96" srcActor="D0N10"/>
            <port dstActor="D0N42" name="p97" srcActor="D0N30"/>
            <port dstActor="D0N32" name="p98" srcActor="D0N30"/>
            <port dstActor="D0N36" name="p99" srcActor="D0N26"/>
            <port dstActor="D0N44" name="p100" srcActor="D0N26"/>
            <port dstActor="D0N22" name="p101" srcActor="D0N13"/>
            <port dstActor="D0N24" name="p102" srcActor="D0N13"/>
            <port dstActor="D0N27" name="p103" srcActor="D0N13"/>
            <port dstActor="D0N16" name="p104" srcActor="D0N13"/>
            <port dstActor="D0N15" name="p105" srcActor="D0N2"/>
            <port dstActor="D0N28" name="p106" srcActor="D0N2"/>
            <port dstActor="D0N44" name="p107" srcActor="D0N2"/>
            <port dstActor="D0N29" name="p108" srcActor="D0N2"/>
            <port dstActor="D0N33" name="p109" srcActor="D0N3"/>
            <port dstActor="D0N13" name="p110" srcActor="D0N3"/>
            <port dstActor="D0N4" name="p111" srcActor="D0N3"/>
            <port dstActor="D0N35" name="p112" srcActor="D0N3"/>
            <port dstActor="D0N14" name="p113" srcActor="D0N3"/>
            <port dstActor="D0N29" name="p114" srcActor="D0N24"/>
            <port dstActor="D0N40" name="p115" srcActor="D0N24"/>
            <port dstActor="D0N29" name="p116" srcActor="D0N22"/>
        </ports>
    </mcdag>
    <cores number="2"/>
    <levels number="2"/>
</mcsystem>
