<?xml version="1.0" encoding="UTF-8" standalone="no"?>
<mcsystem>
    <mcdag deadline="1200" name="genned-0-ed-10.0-0">
        <actor name="D0N44">
            <wcet number="0">10</wcet>
            <wcet number="1">20</wcet>
            <maxpow number="0.5224672432303158"/>
            <maxpow number="0.5224672432303158"/>
            <fprob>0.0</fprob>
        </actor>
        <actor name="D0N4">
            <wcet number="0">10</wcet>
            <wcet number="1">100</wcet>
            <maxpow number="0.5431409765801741"/>
            <maxpow number="0.5431409765801741"/>
            <fprob>0.0</fprob>
        </actor>
        <actor name="D0N9">
            <wcet number="0">30</wcet>
            <wcet number="1">90</wcet>
            <maxpow number="0.47674297701118706"/>
            <maxpow number="0.47674297701118706"/>
            <fprob>0.0</fprob>
        </actor>
        <actor name="D0N35">
            <wcet number="0">30</wcet>
            <wcet number="1">110</wcet>
            <maxpow number="0.37317485857267624"/>
            <maxpow number="0.37317485857267624"/>
            <fprob>0.0</fprob>
        </actor>
        <actor name="D0N38">
            <wcet number="0">30</wcet>
            <wcet number="1">30</wcet>
            <maxpow number="0.7376489337349728"/>
            <maxpow number="0.7376489337349728"/>
            <fprob>0.0</fprob>
        </actor>
        <actor name="D0N24">
            <wcet number="0">70</wcet>
            <wcet number="1">90</wcet>
            <maxpow number="0.27074223226993077"/>
            <maxpow number="0.27074223226993077"/>
            <fprob>0.0</fprob>
        </actor>
        <actor name="D0N39">
            <wcet number="0">20</wcet>
            <wcet number="1">40</wcet>
            <maxpow number="0.5575095046858586"/>
            <maxpow number="0.5575095046858586"/>
            <fprob>0.0</fprob>
        </actor>
        <actor name="D0N2">
            <wcet number="0">40</wcet>
            <wcet number="1">60</wcet>
            <maxpow number="0.2975517973396702"/>
            <maxpow number="0.2975517973396702"/>
            <fprob>0.0</fprob>
        </actor>
        <actor name="D0N32">
            <wcet number="0">20</wcet>
            <wcet number="1">20</wcet>
            <maxpow number="0.6132315934569332"/>
            <maxpow number="0.6132315934569332"/>
            <fprob>0.0</fprob>
        </actor>
        <actor name="D0N26">
            <wcet number="0">70</wcet>
            <wcet number="1">260</wcet>
            <maxpow number="0.6831997913623469"/>
            <maxpow number="0.6831997913623469"/>
            <fprob>0.0</fprob>
        </actor>
        <actor name="D0N14">
            <wcet number="0">30</wcet>
            <wcet number="1">160</wcet>
            <maxpow number="0.5207449349196188"/>
            <maxpow number="0.5207449349196188"/>
            <fprob>0.0</fprob>
        </actor>
        <actor name="D0N15">
            <wcet number="0">210</wcet>
            <wcet number="1">240</wcet>
            <maxpow number="0.7362177896595261"/>
            <maxpow number="0.7362177896595261"/>
            <fprob>0.0</fprob>
        </actor>
        <actor name="D0N25">
            <wcet number="0">10</wcet>
            <wcet number="1">10</wcet>
            <maxpow number="0.4552067746743983"/>
            <maxpow number="0.4552067746743983"/>
            <fprob>0.0</fprob>
        </actor>
        <actor name="D0N10">
            <wcet number="0">10</wcet>
            <wcet number="1">10</wcet>
            <maxpow number="0.3948673036230933"/>
            <maxpow number="0.3948673036230933"/>
            <fprob>0.0</fprob>
        </actor>
        <actor name="D0N41">
            <wcet number="0">30</wcet>
            <wcet number="1">110</wcet>
            <maxpow number="0.6357571640570308"/>
            <maxpow number="0.6357571640570308"/>
            <fprob>0.0</fprob>
        </actor>
        <actor name="D0N33">
            <wcet number="0">10</wcet>
            <wcet number="1">10</wcet>
            <maxpow number="0.48502805323392023"/>
            <maxpow number="0.48502805323392023"/>
            <fprob>0.0</fprob>
        </actor>
        <actor name="D0N1">
            <wcet number="0">30</wcet>
            <wcet number="1">50</wcet>
            <maxpow number="0.658589407441664"/>
            <maxpow number="0.658589407441664"/>
            <fprob>0.0</fprob>
        </actor>
        <actor name="D0N12">
            <wcet number="0">10</wcet>
            <wcet number="1">100</wcet>
            <maxpow number="0.3651419657844627"/>
            <maxpow number="0.3651419657844627"/>
            <fprob>0.0</fprob>
        </actor>
        <actor name="D0N42">
            <wcet number="0">10</wcet>
            <wcet number="1">10</wcet>
            <maxpow number="0.6330594931128495"/>
            <maxpow number="0.6330594931128495"/>
            <fprob>0.0</fprob>
        </actor>
        <actor name="D0N18">
            <wcet number="0">20</wcet>
            <wcet number="1">20</wcet>
            <maxpow number="0.5418642815770579"/>
            <maxpow number="0.5418642815770579"/>
            <fprob>0.0</fprob>
        </actor>
        <actor name="D0N16">
            <wcet number="0">20</wcet>
            <wcet number="1">20</wcet>
            <maxpow number="0.43188628412643293"/>
            <maxpow number="0.43188628412643293"/>
            <fprob>0.0</fprob>
        </actor>
        <actor name="D0N43">
            <wcet number="0">80</wcet>
            <wcet number="1">110</wcet>
            <maxpow number="0.540865284493369"/>
            <maxpow number="0.540865284493369"/>
            <fprob>0.0</fprob>
        </actor>
        <actor name="D0N5">
            <wcet number="0">20</wcet>
            <wcet number="1">70</wcet>
            <maxpow number="0.46487580029512643"/>
            <maxpow number="0.46487580029512643"/>
            <fprob>0.0</fprob>
        </actor>
        <actor name="D0N29">
            <wcet number="0">30</wcet>
            <wcet number="1">50</wcet>
            <maxpow number="0.5980030448118855"/>
            <maxpow number="0.5980030448118855"/>
            <fprob>0.0</fprob>
        </actor>
        <actor name="D0N22">
            <wcet number="0">20</wcet>
            <wcet number="1">30</wcet>
            <maxpow number="0.942136924795565"/>
            <maxpow number="0.942136924795565"/>
            <fprob>0.0</fprob>
        </actor>
        <actor name="D0N20">
            <wcet number="0">10</wcet>
            <wcet number="1">10</wcet>
            <maxpow number="0.5393277958345195"/>
            <maxpow number="0.5393277958345195"/>
            <fprob>0.0</fprob>
        </actor>
        <actor name="D0N11">
            <wcet number="0">20</wcet>
            <wcet number="1">30</wcet>
            <maxpow number="0.6721326681248104"/>
            <maxpow number="0.6721326681248104"/>
            <fprob>0.0</fprob>
        </actor>
        <actor name="D0N34">
            <wcet number="0">70</wcet>
            <wcet number="1">120</wcet>
            <maxpow number="0.7181820083023893"/>
            <maxpow number="0.7181820083023893"/>
            <fprob>0.0</fprob>
        </actor>
        <actor name="D0N13">
            <wcet number="0">140</wcet>
            <wcet number="1">150</wcet>
            <maxpow number="0.4642534848537287"/>
            <maxpow number="0.4642534848537287"/>
            <fprob>0.0</fprob>
        </actor>
        <actor name="D0N28">
            <wcet number="0">30</wcet>
            <wcet number="1">50</wcet>
            <maxpow number="0.8596184004539851"/>
            <maxpow number="0.8596184004539851"/>
            <fprob>0.0</fprob>
        </actor>
        <actor name="D0N0">
            <wcet number="0">10</wcet>
            <wcet number="1">10</wcet>
            <maxpow number="0.547404013328957"/>
            <maxpow number="0.547404013328957"/>
            <fprob>0.0</fprob>
        </actor>
        <actor name="D0N21">
            <wcet number="0">50</wcet>
            <wcet number="1">50</wcet>
            <maxpow number="0.3370528097138784"/>
            <maxpow number="0.3370528097138784"/>
            <fprob>0.0</fprob>
        </actor>
        <actor name="D0N37">
            <wcet number="0">10</wcet>
            <wcet number="1">20</wcet>
            <maxpow number="0.45208342113136535"/>
            <maxpow number="0.45208342113136535"/>
            <fprob>0.0</fprob>
        </actor>
        <actor name="D0N6">
            <wcet number="0">40</wcet>
            <wcet number="1">110</wcet>
            <maxpow number="0.360754378535184"/>
            <maxpow number="0.360754378535184"/>
            <fprob>0.0</fprob>
        </actor>
        <actor name="D0N7">
            <wcet number="0">30</wcet>
            <wcet number="1">60</wcet>
            <maxpow number="0.8552035088801843"/>
            <maxpow number="0.8552035088801843"/>
            <fprob>0.0</fprob>
        </actor>
        <actor name="D0N17">
            <wcet number="0">20</wcet>
            <wcet number="1">20</wcet>
            <maxpow number="0.6832631091981416"/>
            <maxpow number="0.6832631091981416"/>
            <fprob>0.0</fprob>
        </actor>
        <actor name="D0N36">
            <wcet number="0">10</wcet>
            <wcet number="1">20</wcet>
            <maxpow number="0.14216201317522015"/>
            <maxpow number="0.14216201317522015"/>
            <fprob>0.0</fprob>
        </actor>
        <actor name="D0N19">
            <wcet number="0">50</wcet>
            <wcet number="1">70</wcet>
            <maxpow number="0.6015902121745695"/>
            <maxpow number="0.6015902121745695"/>
            <fprob>0.0</fprob>
        </actor>
        <actor name="D0N40">
            <wcet number="0">20</wcet>
            <wcet number="1">40</wcet>
            <maxpow number="0.7311175573130829"/>
            <maxpow number="0.7311175573130829"/>
            <fprob>0.0</fprob>
        </actor>
        <actor name="D0N8">
            <wcet number="0">40</wcet>
            <wcet number="1">40</wcet>
            <maxpow number="0.4711941460036504"/>
            <maxpow number="0.4711941460036504"/>
            <fprob>0.0</fprob>
        </actor>
        <actor name="D0N30">
            <wcet number="0">10</wcet>
            <wcet number="1">50</wcet>
            <maxpow number="0.5647550768525657"/>
            <maxpow number="0.5647550768525657"/>
            <fprob>0.0</fprob>
        </actor>
        <actor name="D0N31">
            <wcet number="0">20</wcet>
            <wcet number="1">30</wcet>
            <maxpow number="0.4177412465361065"/>
            <maxpow number="0.4177412465361065"/>
            <fprob>0.0</fprob>
        </actor>
        <actor name="D0N3">
            <wcet number="0">20</wcet>
            <wcet number="1">50</wcet>
            <maxpow number="0.5935689802187285"/>
            <maxpow number="0.5935689802187285"/>
            <fprob>0.0</fprob>
        </actor>
        <actor name="D0N27">
            <wcet number="0">180</wcet>
            <wcet number="1">280</wcet>
            <maxpow number="0.5743816651871124"/>
            <maxpow number="0.5743816651871124"/>
            <fprob>0.0</fprob>
        </actor>
        <actor name="D0N23">
            <wcet number="0">90</wcet>
            <wcet number="1">90</wcet>
            <maxpow number="0.7460612978033024"/>
            <maxpow number="0.7460612978033024"/>
            <fprob>0.0</fprob>
        </actor>
        <ports>
            <port dstActor="D0N33" name="p0" srcActor="D0N4"/>
            <port dstActor="D0N43" name="p1" srcActor="D0N4"/>
            <port dstActor="D0N34" name="p2" srcActor="D0N4"/>
            <port dstActor="D0N18" name="p3" srcActor="D0N4"/>
            <port dstActor="D0N11" name="p4" srcActor="D0N4"/>
            <port dstActor="D0N28" name="p5" srcActor="D0N4"/>
            <port dstActor="D0N8" name="p6" srcActor="D0N4"/>
            <port dstActor="D0N23" name="p7" srcActor="D0N9"/>
            <port dstActor="D0N40" name="p8" srcActor="D0N35"/>
            <port dstActor="D0N38" name="p9" srcActor="D0N35"/>
            <port dstActor="D0N42" name="p10" srcActor="D0N38"/>
            <port dstActor="D0N44" name="p11" srcActor="D0N38"/>
            <port dstActor="D0N42" name="p12" srcActor="D0N24"/>
            <port dstActor="D0N40" name="p13" srcActor="D0N24"/>
            <port dstActor="D0N34" name="p14" srcActor="D0N2"/>
            <port dstActor="D0N9" name="p15" srcActor="D0N2"/>
            <port dstActor="D0N31" name="p16" srcActor="D0N2"/>
            <port dstActor="D0N37" name="p17" srcActor="D0N32"/>
            <port dstActor="D0N35" name="p18" srcActor="D0N32"/>
            <port dstActor="D0N17" name="p19" srcActor="D0N14"/>
            <port dstActor="D0N39" name="p20" srcActor="D0N14"/>
            <port dstActor="D0N21" name="p21" srcActor="D0N15"/>
            <port dstActor="D0N42" name="p22" srcActor="D0N25"/>
            <port dstActor="D0N12" name="p23" srcActor="D0N10"/>
            <port dstActor="D0N35" name="p24" srcActor="D0N10"/>
            <port dstActor="D0N24" name="p25" srcActor="D0N10"/>
            <port dstActor="D0N14" name="p26" srcActor="D0N10"/>
            <port dstActor="D0N31" name="p27" srcActor="D0N10"/>
            <port dstActor="D0N39" name="p28" srcActor="D0N10"/>
            <port dstActor="D0N36" name="p29" srcActor="D0N33"/>
            <port dstActor="D0N35" name="p30" srcActor="D0N33"/>
            <port dstActor="D0N14" name="p31" srcActor="D0N1"/>
            <port dstActor="D0N20" name="p32" srcActor="D0N12"/>
            <port dstActor="D0N30" name="p33" srcActor="D0N12"/>
            <port dstActor="D0N41" name="p34" srcActor="D0N12"/>
            <port dstActor="D0N36" name="p35" srcActor="D0N18"/>
            <port dstActor="D0N33" name="p36" srcActor="D0N18"/>
            <port dstActor="D0N21" name="p37" srcActor="D0N18"/>
            <port dstActor="D0N44" name="p38" srcActor="D0N16"/>
            <port dstActor="D0N37" name="p39" srcActor="D0N5"/>
            <port dstActor="D0N23" name="p40" srcActor="D0N5"/>
            <port dstActor="D0N21" name="p41" srcActor="D0N5"/>
            <port dstActor="D0N15" name="p42" srcActor="D0N5"/>
            <port dstActor="D0N38" name="p43" srcActor="D0N5"/>
            <port dstActor="D0N36" name="p44" srcActor="D0N22"/>
            <port dstActor="D0N29" name="p45" srcActor="D0N22"/>
            <port dstActor="D0N27" name="p46" srcActor="D0N20"/>
            <port dstActor="D0N27" name="p47" srcActor="D0N11"/>
            <port dstActor="D0N28" name="p48" srcActor="D0N11"/>
            <port dstActor="D0N31" name="p49" srcActor="D0N11"/>
            <port dstActor="D0N34" name="p50" srcActor="D0N11"/>
            <port dstActor="D0N37" name="p51" srcActor="D0N11"/>
            <port dstActor="D0N38" name="p52" srcActor="D0N34"/>
            <port dstActor="D0N27" name="p53" srcActor="D0N13"/>
            <port dstActor="D0N17" name="p54" srcActor="D0N13"/>
            <port dstActor="D0N14" name="p55" srcActor="D0N13"/>
            <port dstActor="D0N25" name="p56" srcActor="D0N0"/>
            <port dstActor="D0N33" name="p57" srcActor="D0N0"/>
            <port dstActor="D0N10" name="p58" srcActor="D0N0"/>
            <port dstActor="D0N6" name="p59" srcActor="D0N0"/>
            <port dstActor="D0N31" name="p60" srcActor="D0N21"/>
            <port dstActor="D0N24" name="p61" srcActor="D0N21"/>
            <port dstActor="D0N26" name="p62" srcActor="D0N21"/>
            <port dstActor="D0N41" name="p63" srcActor="D0N37"/>
            <port dstActor="D0N7" name="p64" srcActor="D0N6"/>
            <port dstActor="D0N27" name="p65" srcActor="D0N6"/>
            <port dstActor="D0N14" name="p66" srcActor="D0N6"/>
            <port dstActor="D0N37" name="p67" srcActor="D0N6"/>
            <port dstActor="D0N9" name="p68" srcActor="D0N6"/>
            <port dstActor="D0N36" name="p69" srcActor="D0N6"/>
            <port dstActor="D0N32" name="p70" srcActor="D0N7"/>
            <port dstActor="D0N40" name="p71" srcActor="D0N7"/>
            <port dstActor="D0N22" name="p72" srcActor="D0N7"/>
            <port dstActor="D0N39" name="p73" srcActor="D0N7"/>
            <port dstActor="D0N43" name="p74" srcActor="D0N7"/>
            <port dstActor="D0N44" name="p75" srcActor="D0N7"/>
            <port dstActor="D0N18" name="p76" srcActor="D0N17"/>
            <port dstActor="D0N27" name="p77" srcActor="D0N17"/>
            <port dstActor="D0N44" name="p78" srcActor="D0N17"/>
            <port dstActor="D0N44" name="p79" srcActor="D0N36"/>
            <port dstActor="D0N24" name="p80" srcActor="D0N19"/>
            <port dstActor="D0N22" name="p81" srcActor="D0N19"/>
            <port dstActor="D0N34" name="p82" srcActor="D0N19"/>
            <port dstActor="D0N33" name="p83" srcActor="D0N19"/>
            <port dstActor="D0N35" name="p84" srcActor="D0N19"/>
            <port dstActor="D0N42" name="p85" srcActor="D0N40"/>
            <port dstActor="D0N41" name="p86" srcActor="D0N40"/>
            <port dstActor="D0N34" name="p87" srcActor="D0N8"/>
            <port dstActor="D0N37" name="p88" srcActor="D0N8"/>
            <port dstActor="D0N15" name="p89" srcActor="D0N8"/>
            <port dstActor="D0N29" name="p90" srcActor="D0N8"/>
            <port dstActor="D0N32" name="p91" srcActor="D0N8"/>
            <port dstActor="D0N40" name="p92" srcActor="D0N30"/>
            <port dstActor="D0N35" name="p93" srcActor="D0N31"/>
            <port dstActor="D0N36" name="p94" srcActor="D0N31"/>
            <port dstActor="D0N24" name="p95" srcActor="D0N3"/>
            <port dstActor="D0N9" name="p96" srcActor="D0N3"/>
            <port dstActor="D0N5" name="p97" srcActor="D0N3"/>
            <port dstActor="D0N21" name="p98" srcActor="D0N3"/>
            <port dstActor="D0N29" name="p99" srcActor="D0N3"/>
            <port dstActor="D0N44" name="p100" srcActor="D0N27"/>
            <port dstActor="D0N34" name="p101" srcActor="D0N27"/>
            <port dstActor="D0N44" name="p102" srcActor="D0N23"/>
        </ports>
    </mcdag>
    <cores number="3"/>
    <levels number="2"/>
</mcsystem>
