<?xml version="1.0" encoding="UTF-8" standalone="no"?>
<mcsystem>
    <mcdag deadline="1200" name="genned-0-ed-10.0-0">
        <actor name="D0N12">
            <wcet number="0">50</wcet>
            <wcet number="1">60</wcet>
            <maxpow number="0.6341791580331329"/>
            <maxpow number="0.6341791580331329"/>
            <fprob>0.0</fprob>
        </actor>
        <actor name="D0N40">
            <wcet number="0">20</wcet>
            <wcet number="1">20</wcet>
            <maxpow number="0.43143975154272635"/>
            <maxpow number="0.43143975154272635"/>
            <fprob>0.0</fprob>
        </actor>
        <actor name="D0N4">
            <wcet number="0">150</wcet>
            <wcet number="1">240</wcet>
            <maxpow number="0.5391369575523564"/>
            <maxpow number="0.5391369575523564"/>
            <fprob>0.0</fprob>
        </actor>
        <actor name="D0N29">
            <wcet number="0">40</wcet>
            <wcet number="1">60</wcet>
            <maxpow number="0.4149764966900108"/>
            <maxpow number="0.4149764966900108"/>
            <fprob>0.0</fprob>
        </actor>
        <actor name="D0N3">
            <wcet number="0">10</wcet>
            <wcet number="1">30</wcet>
            <maxpow number="0.6201343500456152"/>
            <maxpow number="0.6201343500456152"/>
            <fprob>0.0</fprob>
        </actor>
        <actor name="D0N1">
            <wcet number="0">10</wcet>
            <wcet number="1">60</wcet>
            <maxpow number="0.4522302862838623"/>
            <maxpow number="0.4522302862838623"/>
            <fprob>0.0</fprob>
        </actor>
        <actor name="D0N2">
            <wcet number="0">30</wcet>
            <wcet number="1">60</wcet>
            <maxpow number="0.4004346539108816"/>
            <maxpow number="0.4004346539108816"/>
            <fprob>0.0</fprob>
        </actor>
        <actor name="D0N8">
            <wcet number="0">20</wcet>
            <wcet number="1">140</wcet>
            <maxpow number="0.5619127209068456"/>
            <maxpow number="0.5619127209068456"/>
            <fprob>0.0</fprob>
        </actor>
        <actor name="D0N0">
            <wcet number="0">100</wcet>
            <wcet number="1">140</wcet>
            <maxpow number="0.4608678566570191"/>
            <maxpow number="0.4608678566570191"/>
            <fprob>0.0</fprob>
        </actor>
        <actor name="D0N28">
            <wcet number="0">20</wcet>
            <wcet number="1">60</wcet>
            <maxpow number="0.7688404780391765"/>
            <maxpow number="0.7688404780391765"/>
            <fprob>0.0</fprob>
        </actor>
        <actor name="D0N6">
            <wcet number="0">130</wcet>
            <wcet number="1">130</wcet>
            <maxpow number="0.6400949772337435"/>
            <maxpow number="0.6400949772337435"/>
            <fprob>0.0</fprob>
        </actor>
        <actor name="D0N42">
            <wcet number="0">20</wcet>
            <wcet number="1">80</wcet>
            <maxpow number="0.29227858868309814"/>
            <maxpow number="0.29227858868309814"/>
            <fprob>0.0</fprob>
        </actor>
        <actor name="D0N36">
            <wcet number="0">10</wcet>
            <wcet number="1">40</wcet>
            <maxpow number="0.5623243467038306"/>
            <maxpow number="0.5623243467038306"/>
            <fprob>0.0</fprob>
        </actor>
        <actor name="D0N21">
            <wcet number="0">80</wcet>
            <wcet number="1">120</wcet>
            <maxpow number="0.41410097589040246"/>
            <maxpow number="0.41410097589040246"/>
            <fprob>0.0</fprob>
        </actor>
        <actor name="D0N24">
            <wcet number="0">20</wcet>
            <wcet number="1">90</wcet>
            <maxpow number="0.45039198182355"/>
            <maxpow number="0.45039198182355"/>
            <fprob>0.0</fprob>
        </actor>
        <actor name="D0N9">
            <wcet number="0">10</wcet>
            <wcet number="1">40</wcet>
            <maxpow number="0.67551499971768"/>
            <maxpow number="0.67551499971768"/>
            <fprob>0.0</fprob>
        </actor>
        <actor name="D0N30">
            <wcet number="0">50</wcet>
            <wcet number="1">60</wcet>
            <maxpow number="0.7273597614984251"/>
            <maxpow number="0.7273597614984251"/>
            <fprob>0.0</fprob>
        </actor>
        <actor name="D0N32">
            <wcet number="0">80</wcet>
            <wcet number="1">100</wcet>
            <maxpow number="0.6130738644443643"/>
            <maxpow number="0.6130738644443643"/>
            <fprob>0.0</fprob>
        </actor>
        <actor name="D0N23">
            <wcet number="0">20</wcet>
            <wcet number="1">50</wcet>
            <maxpow number="0.47780881854626833"/>
            <maxpow number="0.47780881854626833"/>
            <fprob>0.0</fprob>
        </actor>
        <actor name="D0N16">
            <wcet number="0">20</wcet>
            <wcet number="1">40</wcet>
            <maxpow number="0.7055628378962062"/>
            <maxpow number="0.7055628378962062"/>
            <fprob>0.0</fprob>
        </actor>
        <actor name="D0N43">
            <wcet number="0">20</wcet>
            <wcet number="1">30</wcet>
            <maxpow number="0.5717658630606104"/>
            <maxpow number="0.5717658630606104"/>
            <fprob>0.0</fprob>
        </actor>
        <actor name="D0N35">
            <wcet number="0">20</wcet>
            <wcet number="1">20</wcet>
            <maxpow number="0.37602418092646483"/>
            <maxpow number="0.37602418092646483"/>
            <fprob>0.0</fprob>
        </actor>
        <actor name="D0N27">
            <wcet number="0">50</wcet>
            <wcet number="1">70</wcet>
            <maxpow number="0.3798014497799641"/>
            <maxpow number="0.3798014497799641"/>
            <fprob>0.0</fprob>
        </actor>
        <actor name="D0N33">
            <wcet number="0">30</wcet>
            <wcet number="1">40</wcet>
            <maxpow number="0.739579131711592"/>
            <maxpow number="0.739579131711592"/>
            <fprob>0.0</fprob>
        </actor>
        <actor name="D0N41">
            <wcet number="0">80</wcet>
            <wcet number="1">80</wcet>
            <maxpow number="0.19617087002905637"/>
            <maxpow number="0.19617087002905637"/>
            <fprob>0.0</fprob>
        </actor>
        <actor name="D0N34">
            <wcet number="0">10</wcet>
            <wcet number="1">10</wcet>
            <maxpow number="0.5274291971147707"/>
            <maxpow number="0.5274291971147707"/>
            <fprob>0.0</fprob>
        </actor>
        <actor name="D0N44">
            <wcet number="0">20</wcet>
            <wcet number="1">20</wcet>
            <maxpow number="0.7669304660485321"/>
            <maxpow number="0.7669304660485321"/>
            <fprob>0.0</fprob>
        </actor>
        <actor name="D0N18">
            <wcet number="0">10</wcet>
            <wcet number="1">10</wcet>
            <maxpow number="0.42852898590248417"/>
            <maxpow number="0.42852898590248417"/>
            <fprob>0.0</fprob>
        </actor>
        <actor name="D0N25">
            <wcet number="0">20</wcet>
            <wcet number="1">30</wcet>
            <maxpow number="0.3561834532760795"/>
            <maxpow number="0.3561834532760795"/>
            <fprob>0.0</fprob>
        </actor>
        <actor name="D0N20">
            <wcet number="0">20</wcet>
            <wcet number="1">20</wcet>
            <maxpow number="0.3990296423012589"/>
            <maxpow number="0.3990296423012589"/>
            <fprob>0.0</fprob>
        </actor>
        <actor name="D0N31">
            <wcet number="0">30</wcet>
            <wcet number="1">30</wcet>
            <maxpow number="0.7102099930265156"/>
            <maxpow number="0.7102099930265156"/>
            <fprob>0.0</fprob>
        </actor>
        <actor name="D0N5">
            <wcet number="0">10</wcet>
            <wcet number="1">10</wcet>
            <maxpow number="0.718614927768005"/>
            <maxpow number="0.718614927768005"/>
            <fprob>0.0</fprob>
        </actor>
        <actor name="D0N17">
            <wcet number="0">10</wcet>
            <wcet number="1">10</wcet>
            <maxpow number="0.5085761644548221"/>
            <maxpow number="0.5085761644548221"/>
            <fprob>0.0</fprob>
        </actor>
        <actor name="D0N13">
            <wcet number="0">50</wcet>
            <wcet number="1">80</wcet>
            <maxpow number="0.4983191837818716"/>
            <maxpow number="0.4983191837818716"/>
            <fprob>0.0</fprob>
        </actor>
        <actor name="D0N22">
            <wcet number="0">10</wcet>
            <wcet number="1">10</wcet>
            <maxpow number="0.5951490786116006"/>
            <maxpow number="0.5951490786116006"/>
            <fprob>0.0</fprob>
        </actor>
        <actor name="D0N26">
            <wcet number="0">10</wcet>
            <wcet number="1">30</wcet>
            <maxpow number="0.7147187287037191"/>
            <maxpow number="0.7147187287037191"/>
            <fprob>0.0</fprob>
        </actor>
        <actor name="D0N14">
            <wcet number="0">60</wcet>
            <wcet number="1">130</wcet>
            <maxpow number="0.3975194062038764"/>
            <maxpow number="0.3975194062038764"/>
            <fprob>0.0</fprob>
        </actor>
        <actor name="D0N15">
            <wcet number="0">10</wcet>
            <wcet number="1">20</wcet>
            <maxpow number="0.5601026104196993"/>
            <maxpow number="0.5601026104196993"/>
            <fprob>0.0</fprob>
        </actor>
        <actor name="D0N19">
            <wcet number="0">20</wcet>
            <wcet number="1">40</wcet>
            <maxpow number="0.8197970218169419"/>
            <maxpow number="0.8197970218169419"/>
            <fprob>0.0</fprob>
        </actor>
        <actor name="D0N37">
            <wcet number="0">20</wcet>
            <wcet number="1">30</wcet>
            <maxpow number="0.880892398764472"/>
            <maxpow number="0.880892398764472"/>
            <fprob>0.0</fprob>
        </actor>
        <actor name="D0N38">
            <wcet number="0">50</wcet>
            <wcet number="1">70</wcet>
            <maxpow number="0.5629570660740167"/>
            <maxpow number="0.5629570660740167"/>
            <fprob>0.0</fprob>
        </actor>
        <actor name="D0N11">
            <wcet number="0">10</wcet>
            <wcet number="1">20</wcet>
            <maxpow number="0.561631159864266"/>
            <maxpow number="0.561631159864266"/>
            <fprob>0.0</fprob>
        </actor>
        <actor name="D0N10">
            <wcet number="0">20</wcet>
            <wcet number="1">30</wcet>
            <maxpow number="0.5653962634360986"/>
            <maxpow number="0.5653962634360986"/>
            <fprob>0.0</fprob>
        </actor>
        <actor name="D0N39">
            <wcet number="0">10</wcet>
            <wcet number="1">60</wcet>
            <maxpow number="0.49904065440065826"/>
            <maxpow number="0.49904065440065826"/>
            <fprob>0.0</fprob>
        </actor>
        <actor name="D0N7">
            <wcet number="0">40</wcet>
            <wcet number="1">120</wcet>
            <maxpow number="0.6893260487178334"/>
            <maxpow number="0.6893260487178334"/>
            <fprob>0.0</fprob>
        </actor>
        <ports>
            <port dstActor="D0N28" name="p0" srcActor="D0N12"/>
            <port dstActor="D0N25" name="p1" srcActor="D0N12"/>
            <port dstActor="D0N20" name="p2" srcActor="D0N4"/>
            <port dstActor="D0N13" name="p3" srcActor="D0N4"/>
            <port dstActor="D0N38" name="p4" srcActor="D0N4"/>
            <port dstActor="D0N43" name="p5" srcActor="D0N4"/>
            <port dstActor="D0N35" name="p6" srcActor="D0N29"/>
            <port dstActor="D0N31" name="p7" srcActor="D0N29"/>
            <port dstActor="D0N23" name="p8" srcActor="D0N3"/>
            <port dstActor="D0N29" name="p9" srcActor="D0N3"/>
            <port dstActor="D0N14" name="p10" srcActor="D0N3"/>
            <port dstActor="D0N38" name="p11" srcActor="D0N3"/>
            <port dstActor="D0N22" name="p12" srcActor="D0N1"/>
            <port dstActor="D0N19" name="p13" srcActor="D0N1"/>
            <port dstActor="D0N31" name="p14" srcActor="D0N1"/>
            <port dstActor="D0N8" name="p15" srcActor="D0N2"/>
            <port dstActor="D0N27" name="p16" srcActor="D0N2"/>
            <port dstActor="D0N42" name="p17" srcActor="D0N2"/>
            <port dstActor="D0N9" name="p18" srcActor="D0N2"/>
            <port dstActor="D0N35" name="p19" srcActor="D0N2"/>
            <port dstActor="D0N40" name="p20" srcActor="D0N2"/>
            <port dstActor="D0N23" name="p21" srcActor="D0N2"/>
            <port dstActor="D0N34" name="p22" srcActor="D0N2"/>
            <port dstActor="D0N36" name="p23" srcActor="D0N2"/>
            <port dstActor="D0N16" name="p24" srcActor="D0N8"/>
            <port dstActor="D0N22" name="p25" srcActor="D0N8"/>
            <port dstActor="D0N27" name="p26" srcActor="D0N8"/>
            <port dstActor="D0N10" name="p27" srcActor="D0N8"/>
            <port dstActor="D0N39" name="p28" srcActor="D0N8"/>
            <port dstActor="D0N41" name="p29" srcActor="D0N8"/>
            <port dstActor="D0N44" name="p30" srcActor="D0N8"/>
            <port dstActor="D0N32" name="p31" srcActor="D0N8"/>
            <port dstActor="D0N30" name="p32" srcActor="D0N0"/>
            <port dstActor="D0N28" name="p33" srcActor="D0N0"/>
            <port dstActor="D0N36" name="p34" srcActor="D0N0"/>
            <port dstActor="D0N35" name="p35" srcActor="D0N28"/>
            <port dstActor="D0N28" name="p36" srcActor="D0N6"/>
            <port dstActor="D0N21" name="p37" srcActor="D0N6"/>
            <port dstActor="D0N42" name="p38" srcActor="D0N6"/>
            <port dstActor="D0N7" name="p39" srcActor="D0N6"/>
            <port dstActor="D0N26" name="p40" srcActor="D0N6"/>
            <port dstActor="D0N41" name="p41" srcActor="D0N6"/>
            <port dstActor="D0N43" name="p42" srcActor="D0N6"/>
            <port dstActor="D0N37" name="p43" srcActor="D0N21"/>
            <port dstActor="D0N38" name="p44" srcActor="D0N21"/>
            <port dstActor="D0N25" name="p45" srcActor="D0N24"/>
            <port dstActor="D0N33" name="p46" srcActor="D0N9"/>
            <port dstActor="D0N24" name="p47" srcActor="D0N9"/>
            <port dstActor="D0N40" name="p48" srcActor="D0N9"/>
            <port dstActor="D0N40" name="p49" srcActor="D0N30"/>
            <port dstActor="D0N44" name="p50" srcActor="D0N30"/>
            <port dstActor="D0N42" name="p51" srcActor="D0N30"/>
            <port dstActor="D0N37" name="p52" srcActor="D0N30"/>
            <port dstActor="D0N36" name="p53" srcActor="D0N32"/>
            <port dstActor="D0N38" name="p54" srcActor="D0N32"/>
            <port dstActor="D0N26" name="p55" srcActor="D0N16"/>
            <port dstActor="D0N34" name="p56" srcActor="D0N16"/>
            <port dstActor="D0N37" name="p57" srcActor="D0N16"/>
            <port dstActor="D0N38" name="p58" srcActor="D0N35"/>
            <port dstActor="D0N43" name="p59" srcActor="D0N27"/>
            <port dstActor="D0N39" name="p60" srcActor="D0N18"/>
            <port dstActor="D0N22" name="p61" srcActor="D0N18"/>
            <port dstActor="D0N19" name="p62" srcActor="D0N18"/>
            <port dstActor="D0N26" name="p63" srcActor="D0N18"/>
            <port dstActor="D0N43" name="p64" srcActor="D0N25"/>
            <port dstActor="D0N33" name="p65" srcActor="D0N20"/>
            <port dstActor="D0N34" name="p66" srcActor="D0N31"/>
            <port dstActor="D0N42" name="p67" srcActor="D0N5"/>
            <port dstActor="D0N27" name="p68" srcActor="D0N5"/>
            <port dstActor="D0N16" name="p69" srcActor="D0N5"/>
            <port dstActor="D0N34" name="p70" srcActor="D0N5"/>
            <port dstActor="D0N10" name="p71" srcActor="D0N5"/>
            <port dstActor="D0N40" name="p72" srcActor="D0N17"/>
            <port dstActor="D0N44" name="p73" srcActor="D0N17"/>
            <port dstActor="D0N27" name="p74" srcActor="D0N17"/>
            <port dstActor="D0N41" name="p75" srcActor="D0N17"/>
            <port dstActor="D0N39" name="p76" srcActor="D0N17"/>
            <port dstActor="D0N19" name="p77" srcActor="D0N17"/>
            <port dstActor="D0N23" name="p78" srcActor="D0N17"/>
            <port dstActor="D0N31" name="p79" srcActor="D0N13"/>
            <port dstActor="D0N15" name="p80" srcActor="D0N13"/>
            <port dstActor="D0N44" name="p81" srcActor="D0N13"/>
            <port dstActor="D0N21" name="p82" srcActor="D0N13"/>
            <port dstActor="D0N44" name="p83" srcActor="D0N22"/>
            <port dstActor="D0N25" name="p84" srcActor="D0N22"/>
            <port dstActor="D0N41" name="p85" srcActor="D0N22"/>
            <port dstActor="D0N42" name="p86" srcActor="D0N26"/>
            <port dstActor="D0N31" name="p87" srcActor="D0N26"/>
            <port dstActor="D0N32" name="p88" srcActor="D0N14"/>
            <port dstActor="D0N35" name="p89" srcActor="D0N14"/>
            <port dstActor="D0N35" name="p90" srcActor="D0N15"/>
            <port dstActor="D0N43" name="p91" srcActor="D0N15"/>
            <port dstActor="D0N27" name="p92" srcActor="D0N19"/>
            <port dstActor="D0N35" name="p93" srcActor="D0N11"/>
            <port dstActor="D0N23" name="p94" srcActor="D0N11"/>
            <port dstActor="D0N42" name="p95" srcActor="D0N11"/>
            <port dstActor="D0N19" name="p96" srcActor="D0N11"/>
            <port dstActor="D0N22" name="p97" srcActor="D0N11"/>
            <port dstActor="D0N17" name="p98" srcActor="D0N10"/>
            <port dstActor="D0N20" name="p99" srcActor="D0N10"/>
            <port dstActor="D0N39" name="p100" srcActor="D0N7"/>
            <port dstActor="D0N15" name="p101" srcActor="D0N7"/>
            <port dstActor="D0N33" name="p102" srcActor="D0N7"/>
        </ports>
    </mcdag>
    <cores number="3"/>
    <levels number="2"/>
</mcsystem>
