<?xml version="1.0" encoding="UTF-8" standalone="no"?>
<mcsystem>
    <mcdag deadline="2500" name="genned-0-ed-10.0-0">
        <actor name="D0N35">
            <wcet number="0">10</wcet>
            <wcet number="1">40</wcet>
            <maxpow number="0.4908425191601364"/>
            <maxpow number="0.4908425191601364"/>
            <fprob>0.0</fprob>
        </actor>
        <actor name="D0N32">
            <wcet number="0">410</wcet>
            <wcet number="1">450</wcet>
            <maxpow number="0.48614308246205"/>
            <maxpow number="0.48614308246205"/>
            <fprob>0.0</fprob>
        </actor>
        <actor name="D0N13">
            <wcet number="0">50</wcet>
            <wcet number="1">90</wcet>
            <maxpow number="0.3532484289640878"/>
            <maxpow number="0.3532484289640878"/>
            <fprob>0.0</fprob>
        </actor>
        <actor name="D0N19">
            <wcet number="0">10</wcet>
            <wcet number="1">20</wcet>
            <maxpow number="0.3849945597021199"/>
            <maxpow number="0.3849945597021199"/>
            <fprob>0.0</fprob>
        </actor>
        <actor name="D0N23">
            <wcet number="0">10</wcet>
            <wcet number="1">40</wcet>
            <maxpow number="0.4250306343846202"/>
            <maxpow number="0.4250306343846202"/>
            <fprob>0.0</fprob>
        </actor>
        <actor name="D0N5">
            <wcet number="0">50</wcet>
            <wcet number="1">50</wcet>
            <maxpow number="0.683464748598404"/>
            <maxpow number="0.683464748598404"/>
            <fprob>0.0</fprob>
        </actor>
        <actor name="D0N39">
            <wcet number="0">10</wcet>
            <wcet number="1">120</wcet>
            <maxpow number="0.2202857894837374"/>
            <maxpow number="0.2202857894837374"/>
            <fprob>0.0</fprob>
        </actor>
        <actor name="D0N4">
            <wcet number="0">230</wcet>
            <wcet number="1">280</wcet>
            <maxpow number="0.5976066976720863"/>
            <maxpow number="0.5976066976720863"/>
            <fprob>0.0</fprob>
        </actor>
        <actor name="D0N0">
            <wcet number="0">150</wcet>
            <wcet number="1">260</wcet>
            <maxpow number="0.6450845526852054"/>
            <maxpow number="0.6450845526852054"/>
            <fprob>0.0</fprob>
        </actor>
        <actor name="D0N45">
            <wcet number="0">70</wcet>
            <wcet number="1">130</wcet>
            <maxpow number="0.7196929504129239"/>
            <maxpow number="0.7196929504129239"/>
            <fprob>0.0</fprob>
        </actor>
        <actor name="D0N27">
            <wcet number="0">50</wcet>
            <wcet number="1">50</wcet>
            <maxpow number="0.7856636908665985"/>
            <maxpow number="0.7856636908665985"/>
            <fprob>0.0</fprob>
        </actor>
        <actor name="D0N31">
            <wcet number="0">40</wcet>
            <wcet number="1">40</wcet>
            <maxpow number="0.4237458902686569"/>
            <maxpow number="0.4237458902686569"/>
            <fprob>0.0</fprob>
        </actor>
        <actor name="D0N3">
            <wcet number="0">140</wcet>
            <wcet number="1">140</wcet>
            <maxpow number="0.1711610811485721"/>
            <maxpow number="0.1711610811485721"/>
            <fprob>0.0</fprob>
        </actor>
        <actor name="D0N26">
            <wcet number="0">90</wcet>
            <wcet number="1">110</wcet>
            <maxpow number="0.7576655747630026"/>
            <maxpow number="0.7576655747630026"/>
            <fprob>0.0</fprob>
        </actor>
        <actor name="D0N15">
            <wcet number="0">10</wcet>
            <wcet number="1">140</wcet>
            <maxpow number="0.60235256820755"/>
            <maxpow number="0.60235256820755"/>
            <fprob>0.0</fprob>
        </actor>
        <actor name="D0N44">
            <wcet number="0">10</wcet>
            <wcet number="1">20</wcet>
            <maxpow number="0.7017487073076274"/>
            <maxpow number="0.7017487073076274"/>
            <fprob>0.0</fprob>
        </actor>
        <actor name="D0N29">
            <wcet number="0">20</wcet>
            <wcet number="1">340</wcet>
            <maxpow number="0.8572131166474508"/>
            <maxpow number="0.8572131166474508"/>
            <fprob>0.0</fprob>
        </actor>
        <actor name="D0N22">
            <wcet number="0">10</wcet>
            <wcet number="1">130</wcet>
            <maxpow number="0.3150737305600387"/>
            <maxpow number="0.3150737305600387"/>
            <fprob>0.0</fprob>
        </actor>
        <actor name="D0N8">
            <wcet number="0">50</wcet>
            <wcet number="1">50</wcet>
            <maxpow number="0.3213300198597969"/>
            <maxpow number="0.3213300198597969"/>
            <fprob>0.0</fprob>
        </actor>
        <actor name="D0N16">
            <wcet number="0">10</wcet>
            <wcet number="1">100</wcet>
            <maxpow number="0.3702628066696427"/>
            <maxpow number="0.3702628066696427"/>
            <fprob>0.0</fprob>
        </actor>
        <actor name="D0N14">
            <wcet number="0">160</wcet>
            <wcet number="1">240</wcet>
            <maxpow number="0.3467592219545685"/>
            <maxpow number="0.3467592219545685"/>
            <fprob>0.0</fprob>
        </actor>
        <actor name="D0N41">
            <wcet number="0">20</wcet>
            <wcet number="1">70</wcet>
            <maxpow number="0.3908391485777724"/>
            <maxpow number="0.3908391485777724"/>
            <fprob>0.0</fprob>
        </actor>
        <actor name="D0N42">
            <wcet number="0">150</wcet>
            <wcet number="1">190</wcet>
            <maxpow number="0.4609042387244826"/>
            <maxpow number="0.4609042387244826"/>
            <fprob>0.0</fprob>
        </actor>
        <actor name="D0N12">
            <wcet number="0">20</wcet>
            <wcet number="1">70</wcet>
            <maxpow number="0.5408702109801388"/>
            <maxpow number="0.5408702109801388"/>
            <fprob>0.0</fprob>
        </actor>
        <actor name="D0N17">
            <wcet number="0">80</wcet>
            <wcet number="1">80</wcet>
            <maxpow number="0.4682369404526823"/>
            <maxpow number="0.4682369404526823"/>
            <fprob>0.0</fprob>
        </actor>
        <actor name="D0N37">
            <wcet number="0">160</wcet>
            <wcet number="1">290</wcet>
            <maxpow number="0.8233031630819103"/>
            <maxpow number="0.8233031630819103"/>
            <fprob>0.0</fprob>
        </actor>
        <actor name="D0N25">
            <wcet number="0">20</wcet>
            <wcet number="1">80</wcet>
            <maxpow number="0.6137841283001433"/>
            <maxpow number="0.6137841283001433"/>
            <fprob>0.0</fprob>
        </actor>
        <actor name="D0N36">
            <wcet number="0">110</wcet>
            <wcet number="1">120</wcet>
            <maxpow number="0.483428974540505"/>
            <maxpow number="0.483428974540505"/>
            <fprob>0.0</fprob>
        </actor>
        <actor name="D0N10">
            <wcet number="0">100</wcet>
            <wcet number="1">130</wcet>
            <maxpow number="0.4098014449012124"/>
            <maxpow number="0.4098014449012124"/>
            <fprob>0.0</fprob>
        </actor>
        <actor name="D0N21">
            <wcet number="0">20</wcet>
            <wcet number="1">80</wcet>
            <maxpow number="0.47563313667879153"/>
            <maxpow number="0.47563313667879153"/>
            <fprob>0.0</fprob>
        </actor>
        <actor name="D0N20">
            <wcet number="0">10</wcet>
            <wcet number="1">20</wcet>
            <maxpow number="0.3803040612641865"/>
            <maxpow number="0.3803040612641865"/>
            <fprob>0.0</fprob>
        </actor>
        <actor name="D0N30">
            <wcet number="0">20</wcet>
            <wcet number="1">120</wcet>
            <maxpow number="0.406159931312423"/>
            <maxpow number="0.406159931312423"/>
            <fprob>0.0</fprob>
        </actor>
        <actor name="D0N18">
            <wcet number="0">50</wcet>
            <wcet number="1">120</wcet>
            <maxpow number="0.42874882055758196"/>
            <maxpow number="0.42874882055758196"/>
            <fprob>0.0</fprob>
        </actor>
        <actor name="D0N11">
            <wcet number="0">280</wcet>
            <wcet number="1">290</wcet>
            <maxpow number="0.4026398712052339"/>
            <maxpow number="0.4026398712052339"/>
            <fprob>0.0</fprob>
        </actor>
        <actor name="D0N38">
            <wcet number="0">10</wcet>
            <wcet number="1">20</wcet>
            <maxpow number="0.503634468579253"/>
            <maxpow number="0.503634468579253"/>
            <fprob>0.0</fprob>
        </actor>
        <actor name="D0N40">
            <wcet number="0">10</wcet>
            <wcet number="1">30</wcet>
            <maxpow number="0.7722581417160865"/>
            <maxpow number="0.7722581417160865"/>
            <fprob>0.0</fprob>
        </actor>
        <actor name="D0N34">
            <wcet number="0">10</wcet>
            <wcet number="1">90</wcet>
            <maxpow number="0.2810673859483081"/>
            <maxpow number="0.2810673859483081"/>
            <fprob>0.0</fprob>
        </actor>
        <actor name="D0N6">
            <wcet number="0">450</wcet>
            <wcet number="1">590</wcet>
            <maxpow number="0.6903679214720041"/>
            <maxpow number="0.6903679214720041"/>
            <fprob>0.0</fprob>
        </actor>
        <actor name="D0N1">
            <wcet number="0">10</wcet>
            <wcet number="1">90</wcet>
            <maxpow number="0.6106040106962303"/>
            <maxpow number="0.6106040106962303"/>
            <fprob>0.0</fprob>
        </actor>
        <actor name="D0N9">
            <wcet number="0">30</wcet>
            <wcet number="1">30</wcet>
            <maxpow number="0.5134029840834744"/>
            <maxpow number="0.5134029840834744"/>
            <fprob>0.0</fprob>
        </actor>
        <actor name="D0N43">
            <wcet number="0">80</wcet>
            <wcet number="1">170</wcet>
            <maxpow number="0.6266216064427745"/>
            <maxpow number="0.6266216064427745"/>
            <fprob>0.0</fprob>
        </actor>
        <actor name="D0N2">
            <wcet number="0">10</wcet>
            <wcet number="1">10</wcet>
            <maxpow number="0.5997448114857978"/>
            <maxpow number="0.5997448114857978"/>
            <fprob>0.0</fprob>
        </actor>
        <actor name="D0N24">
            <wcet number="0">20</wcet>
            <wcet number="1">40</wcet>
            <maxpow number="0.5000554278635904"/>
            <maxpow number="0.5000554278635904"/>
            <fprob>0.0</fprob>
        </actor>
        <actor name="D0N46">
            <wcet number="0">430</wcet>
            <wcet number="1">810</wcet>
            <maxpow number="0.9927460248352571"/>
            <maxpow number="0.9927460248352571"/>
            <fprob>0.0</fprob>
        </actor>
        <actor name="D0N7">
            <wcet number="0">130</wcet>
            <wcet number="1">180</wcet>
            <maxpow number="0.36652855949537083"/>
            <maxpow number="0.36652855949537083"/>
            <fprob>0.0</fprob>
        </actor>
        <actor name="D0N28">
            <wcet number="0">220</wcet>
            <wcet number="1">410</wcet>
            <maxpow number="0.4219586802520949"/>
            <maxpow number="0.4219586802520949"/>
            <fprob>0.0</fprob>
        </actor>
        <actor name="D0N33">
            <wcet number="0">20</wcet>
            <wcet number="1">30</wcet>
            <maxpow number="0.7277900499052159"/>
            <maxpow number="0.7277900499052159"/>
            <fprob>0.0</fprob>
        </actor>
        <ports>
            <port dstActor="D0N38" name="p0" srcActor="D0N35"/>
            <port dstActor="D0N37" name="p1" srcActor="D0N35"/>
            <port dstActor="D0N39" name="p2" srcActor="D0N35"/>
            <port dstActor="D0N33" name="p3" srcActor="D0N13"/>
            <port dstActor="D0N24" name="p4" srcActor="D0N19"/>
            <port dstActor="D0N28" name="p5" srcActor="D0N23"/>
            <port dstActor="D0N40" name="p6" srcActor="D0N23"/>
            <port dstActor="D0N24" name="p7" srcActor="D0N5"/>
            <port dstActor="D0N8" name="p8" srcActor="D0N5"/>
            <port dstActor="D0N21" name="p9" srcActor="D0N5"/>
            <port dstActor="D0N45" name="p10" srcActor="D0N5"/>
            <port dstActor="D0N41" name="p11" srcActor="D0N39"/>
            <port dstActor="D0N33" name="p12" srcActor="D0N4"/>
            <port dstActor="D0N6" name="p13" srcActor="D0N4"/>
            <port dstActor="D0N32" name="p14" srcActor="D0N4"/>
            <port dstActor="D0N21" name="p15" srcActor="D0N4"/>
            <port dstActor="D0N29" name="p16" srcActor="D0N4"/>
            <port dstActor="D0N12" name="p17" srcActor="D0N0"/>
            <port dstActor="D0N43" name="p18" srcActor="D0N0"/>
            <port dstActor="D0N40" name="p19" srcActor="D0N0"/>
            <port dstActor="D0N2" name="p20" srcActor="D0N0"/>
            <port dstActor="D0N36" name="p21" srcActor="D0N0"/>
            <port dstActor="D0N20" name="p22" srcActor="D0N0"/>
            <port dstActor="D0N9" name="p23" srcActor="D0N0"/>
            <port dstActor="D0N43" name="p24" srcActor="D0N27"/>
            <port dstActor="D0N38" name="p25" srcActor="D0N27"/>
            <port dstActor="D0N40" name="p26" srcActor="D0N27"/>
            <port dstActor="D0N33" name="p27" srcActor="D0N31"/>
            <port dstActor="D0N28" name="p28" srcActor="D0N3"/>
            <port dstActor="D0N12" name="p29" srcActor="D0N3"/>
            <port dstActor="D0N39" name="p30" srcActor="D0N3"/>
            <port dstActor="D0N14" name="p31" srcActor="D0N3"/>
            <port dstActor="D0N19" name="p32" srcActor="D0N3"/>
            <port dstActor="D0N20" name="p33" srcActor="D0N3"/>
            <port dstActor="D0N41" name="p34" srcActor="D0N3"/>
            <port dstActor="D0N29" name="p35" srcActor="D0N3"/>
            <port dstActor="D0N44" name="p36" srcActor="D0N26"/>
            <port dstActor="D0N42" name="p37" srcActor="D0N26"/>
            <port dstActor="D0N21" name="p38" srcActor="D0N15"/>
            <port dstActor="D0N42" name="p39" srcActor="D0N15"/>
            <port dstActor="D0N43" name="p40" srcActor="D0N22"/>
            <port dstActor="D0N23" name="p41" srcActor="D0N22"/>
            <port dstActor="D0N39" name="p42" srcActor="D0N22"/>
            <port dstActor="D0N36" name="p43" srcActor="D0N22"/>
            <port dstActor="D0N27" name="p44" srcActor="D0N8"/>
            <port dstActor="D0N31" name="p45" srcActor="D0N8"/>
            <port dstActor="D0N41" name="p46" srcActor="D0N16"/>
            <port dstActor="D0N24" name="p47" srcActor="D0N16"/>
            <port dstActor="D0N22" name="p48" srcActor="D0N16"/>
            <port dstActor="D0N21" name="p49" srcActor="D0N14"/>
            <port dstActor="D0N42" name="p50" srcActor="D0N41"/>
            <port dstActor="D0N43" name="p51" srcActor="D0N42"/>
            <port dstActor="D0N44" name="p52" srcActor="D0N42"/>
            <port dstActor="D0N22" name="p53" srcActor="D0N12"/>
            <port dstActor="D0N31" name="p54" srcActor="D0N12"/>
            <port dstActor="D0N27" name="p55" srcActor="D0N12"/>
            <port dstActor="D0N23" name="p56" srcActor="D0N12"/>
            <port dstActor="D0N23" name="p57" srcActor="D0N17"/>
            <port dstActor="D0N34" name="p58" srcActor="D0N17"/>
            <port dstActor="D0N34" name="p59" srcActor="D0N25"/>
            <port dstActor="D0N41" name="p60" srcActor="D0N25"/>
            <port dstActor="D0N31" name="p61" srcActor="D0N25"/>
            <port dstActor="D0N38" name="p62" srcActor="D0N36"/>
            <port dstActor="D0N43" name="p63" srcActor="D0N36"/>
            <port dstActor="D0N17" name="p64" srcActor="D0N10"/>
            <port dstActor="D0N46" name="p65" srcActor="D0N10"/>
            <port dstActor="D0N16" name="p66" srcActor="D0N10"/>
            <port dstActor="D0N39" name="p67" srcActor="D0N10"/>
            <port dstActor="D0N30" name="p68" srcActor="D0N10"/>
            <port dstActor="D0N30" name="p69" srcActor="D0N21"/>
            <port dstActor="D0N25" name="p70" srcActor="D0N21"/>
            <port dstActor="D0N42" name="p71" srcActor="D0N21"/>
            <port dstActor="D0N33" name="p72" srcActor="D0N20"/>
            <port dstActor="D0N36" name="p73" srcActor="D0N20"/>
            <port dstActor="D0N32" name="p74" srcActor="D0N30"/>
            <port dstActor="D0N44" name="p75" srcActor="D0N30"/>
            <port dstActor="D0N31" name="p76" srcActor="D0N30"/>
            <port dstActor="D0N37" name="p77" srcActor="D0N30"/>
            <port dstActor="D0N19" name="p78" srcActor="D0N18"/>
            <port dstActor="D0N42" name="p79" srcActor="D0N18"/>
            <port dstActor="D0N21" name="p80" srcActor="D0N18"/>
            <port dstActor="D0N19" name="p81" srcActor="D0N11"/>
            <port dstActor="D0N31" name="p82" srcActor="D0N11"/>
            <port dstActor="D0N32" name="p83" srcActor="D0N11"/>
            <port dstActor="D0N34" name="p84" srcActor="D0N11"/>
            <port dstActor="D0N42" name="p85" srcActor="D0N38"/>
            <port dstActor="D0N42" name="p86" srcActor="D0N40"/>
            <port dstActor="D0N39" name="p87" srcActor="D0N34"/>
            <port dstActor="D0N46" name="p88" srcActor="D0N34"/>
            <port dstActor="D0N33" name="p89" srcActor="D0N6"/>
            <port dstActor="D0N42" name="p90" srcActor="D0N6"/>
            <port dstActor="D0N7" name="p91" srcActor="D0N6"/>
            <port dstActor="D0N19" name="p92" srcActor="D0N6"/>
            <port dstActor="D0N18" name="p93" srcActor="D0N6"/>
            <port dstActor="D0N44" name="p94" srcActor="D0N6"/>
            <port dstActor="D0N38" name="p95" srcActor="D0N6"/>
            <port dstActor="D0N24" name="p96" srcActor="D0N6"/>
            <port dstActor="D0N32" name="p97" srcActor="D0N6"/>
            <port dstActor="D0N40" name="p98" srcActor="D0N6"/>
            <port dstActor="D0N21" name="p99" srcActor="D0N6"/>
            <port dstActor="D0N13" name="p100" srcActor="D0N1"/>
            <port dstActor="D0N45" name="p101" srcActor="D0N1"/>
            <port dstActor="D0N8" name="p102" srcActor="D0N1"/>
            <port dstActor="D0N37" name="p103" srcActor="D0N9"/>
            <port dstActor="D0N17" name="p104" srcActor="D0N9"/>
            <port dstActor="D0N21" name="p105" srcActor="D0N9"/>
            <port dstActor="D0N25" name="p106" srcActor="D0N9"/>
            <port dstActor="D0N45" name="p107" srcActor="D0N9"/>
            <port dstActor="D0N29" name="p108" srcActor="D0N9"/>
            <port dstActor="D0N20" name="p109" srcActor="D0N2"/>
            <port dstActor="D0N25" name="p110" srcActor="D0N2"/>
            <port dstActor="D0N34" name="p111" srcActor="D0N2"/>
            <port dstActor="D0N9" name="p112" srcActor="D0N2"/>
            <port dstActor="D0N26" name="p113" srcActor="D0N2"/>
            <port dstActor="D0N46" name="p114" srcActor="D0N2"/>
            <port dstActor="D0N5" name="p115" srcActor="D0N2"/>
            <port dstActor="D0N32" name="p116" srcActor="D0N24"/>
            <port dstActor="D0N18" name="p117" srcActor="D0N7"/>
            <port dstActor="D0N44" name="p118" srcActor="D0N28"/>
            <port dstActor="D0N40" name="p119" srcActor="D0N33"/>
            <port dstActor="D0N39" name="p120" srcActor="D0N33"/>
        </ports>
    </mcdag>
    <cores number="3"/>
    <levels number="2"/>
</mcsystem>
