<?xml version="1.0" encoding="UTF-8" standalone="no"?>
<mcsystem>
    <mcdag deadline="1800" name="genned-0-ed-10.0-0">
        <actor name="D0N3">
            <wcet number="0">10</wcet>
            <wcet number="1">40</wcet>
            <maxpow number="0.5400979493341208"/>
            <maxpow number="0.5400979493341208"/>
            <fprob>0.0</fprob>
        </actor>
        <actor name="D0N36">
            <wcet number="0">30</wcet>
            <wcet number="1">160</wcet>
            <maxpow number="0.6296437647441582"/>
            <maxpow number="0.6296437647441582"/>
            <fprob>0.0</fprob>
        </actor>
        <actor name="D0N25">
            <wcet number="0">40</wcet>
            <wcet number="1">40</wcet>
            <maxpow number="0.5653695858072086"/>
            <maxpow number="0.5653695858072086"/>
            <fprob>0.0</fprob>
        </actor>
        <actor name="D0N5">
            <wcet number="0">10</wcet>
            <wcet number="1">10</wcet>
            <maxpow number="0.741872201962576"/>
            <maxpow number="0.741872201962576"/>
            <fprob>0.0</fprob>
        </actor>
        <actor name="D0N44">
            <wcet number="0">180</wcet>
            <wcet number="1">200</wcet>
            <maxpow number="0.48268110170519624"/>
            <maxpow number="0.48268110170519624"/>
            <fprob>0.0</fprob>
        </actor>
        <actor name="D0N9">
            <wcet number="0">110</wcet>
            <wcet number="1">110</wcet>
            <maxpow number="0.4680994916297682"/>
            <maxpow number="0.4680994916297682"/>
            <fprob>0.0</fprob>
        </actor>
        <actor name="D0N37">
            <wcet number="0">40</wcet>
            <wcet number="1">310</wcet>
            <maxpow number="0.3094574424605776"/>
            <maxpow number="0.3094574424605776"/>
            <fprob>0.0</fprob>
        </actor>
        <actor name="D0N0">
            <wcet number="0">50</wcet>
            <wcet number="1">50</wcet>
            <maxpow number="0.44706556749937815"/>
            <maxpow number="0.44706556749937815"/>
            <fprob>0.0</fprob>
        </actor>
        <actor name="D0N7">
            <wcet number="0">20</wcet>
            <wcet number="1">20</wcet>
            <maxpow number="0.7070208495177074"/>
            <maxpow number="0.7070208495177074"/>
            <fprob>0.0</fprob>
        </actor>
        <actor name="D0N32">
            <wcet number="0">20</wcet>
            <wcet number="1">20</wcet>
            <maxpow number="0.15920146734255414"/>
            <maxpow number="0.15920146734255414"/>
            <fprob>0.0</fprob>
        </actor>
        <actor name="D0N16">
            <wcet number="0">200</wcet>
            <wcet number="1">310</wcet>
            <maxpow number="0.42385613745084416"/>
            <maxpow number="0.42385613745084416"/>
            <fprob>0.0</fprob>
        </actor>
        <actor name="D0N21">
            <wcet number="0">440</wcet>
            <wcet number="1">530</wcet>
            <maxpow number="0.5304509553962643"/>
            <maxpow number="0.5304509553962643"/>
            <fprob>0.0</fprob>
        </actor>
        <actor name="D0N28">
            <wcet number="0">20</wcet>
            <wcet number="1">20</wcet>
            <maxpow number="0.590105523147498"/>
            <maxpow number="0.590105523147498"/>
            <fprob>0.0</fprob>
        </actor>
        <actor name="D0N4">
            <wcet number="0">70</wcet>
            <wcet number="1">260</wcet>
            <maxpow number="0.44483672431001464"/>
            <maxpow number="0.44483672431001464"/>
            <fprob>0.0</fprob>
        </actor>
        <actor name="D0N14">
            <wcet number="0">50</wcet>
            <wcet number="1">50</wcet>
            <maxpow number="0.35553827665206034"/>
            <maxpow number="0.35553827665206034"/>
            <fprob>0.0</fprob>
        </actor>
        <actor name="D0N6">
            <wcet number="0">10</wcet>
            <wcet number="1">10</wcet>
            <maxpow number="0.5474561058202371"/>
            <maxpow number="0.5474561058202371"/>
            <fprob>0.0</fprob>
        </actor>
        <actor name="D0N33">
            <wcet number="0">20</wcet>
            <wcet number="1">40</wcet>
            <maxpow number="0.3266146825703031"/>
            <maxpow number="0.3266146825703031"/>
            <fprob>0.0</fprob>
        </actor>
        <actor name="D0N40">
            <wcet number="0">30</wcet>
            <wcet number="1">100</wcet>
            <maxpow number="0.27547779605338596"/>
            <maxpow number="0.27547779605338596"/>
            <fprob>0.0</fprob>
        </actor>
        <actor name="D0N43">
            <wcet number="0">20</wcet>
            <wcet number="1">30</wcet>
            <maxpow number="0.49350474848248277"/>
            <maxpow number="0.49350474848248277"/>
            <fprob>0.0</fprob>
        </actor>
        <actor name="D0N45">
            <wcet number="0">150</wcet>
            <wcet number="1">180</wcet>
            <maxpow number="0.5862753935732019"/>
            <maxpow number="0.5862753935732019"/>
            <fprob>0.0</fprob>
        </actor>
        <actor name="D0N27">
            <wcet number="0">370</wcet>
            <wcet number="1">430</wcet>
            <maxpow number="0.5747917021641318"/>
            <maxpow number="0.5747917021641318"/>
            <fprob>0.0</fprob>
        </actor>
        <actor name="D0N20">
            <wcet number="0">120</wcet>
            <wcet number="1">120</wcet>
            <maxpow number="0.5989077225238043"/>
            <maxpow number="0.5989077225238043"/>
            <fprob>0.0</fprob>
        </actor>
        <actor name="D0N46">
            <wcet number="0">10</wcet>
            <wcet number="1">40</wcet>
            <maxpow number="0.6906980906152538"/>
            <maxpow number="0.6906980906152538"/>
            <fprob>0.0</fprob>
        </actor>
        <actor name="D0N38">
            <wcet number="0">30</wcet>
            <wcet number="1">70</wcet>
            <maxpow number="0.4659122569035802"/>
            <maxpow number="0.4659122569035802"/>
            <fprob>0.0</fprob>
        </actor>
        <actor name="D0N42">
            <wcet number="0">10</wcet>
            <wcet number="1">30</wcet>
            <maxpow number="0.3900911615652245"/>
            <maxpow number="0.3900911615652245"/>
            <fprob>0.0</fprob>
        </actor>
        <actor name="D0N39">
            <wcet number="0">30</wcet>
            <wcet number="1">50</wcet>
            <maxpow number="0.5344001682064605"/>
            <maxpow number="0.5344001682064605"/>
            <fprob>0.0</fprob>
        </actor>
        <actor name="D0N10">
            <wcet number="0">110</wcet>
            <wcet number="1">220</wcet>
            <maxpow number="0.35983538239261087"/>
            <maxpow number="0.35983538239261087"/>
            <fprob>0.0</fprob>
        </actor>
        <actor name="D0N24">
            <wcet number="0">10</wcet>
            <wcet number="1">20</wcet>
            <maxpow number="0.4256366648892319"/>
            <maxpow number="0.4256366648892319"/>
            <fprob>0.0</fprob>
        </actor>
        <actor name="D0N35">
            <wcet number="0">10</wcet>
            <wcet number="1">10</wcet>
            <maxpow number="0.43898847953973563"/>
            <maxpow number="0.43898847953973563"/>
            <fprob>0.0</fprob>
        </actor>
        <actor name="D0N11">
            <wcet number="0">10</wcet>
            <wcet number="1">10</wcet>
            <maxpow number="0.4943619277080625"/>
            <maxpow number="0.4943619277080625"/>
            <fprob>0.0</fprob>
        </actor>
        <actor name="D0N23">
            <wcet number="0">50</wcet>
            <wcet number="1">140</wcet>
            <maxpow number="0.49041446592217963"/>
            <maxpow number="0.49041446592217963"/>
            <fprob>0.0</fprob>
        </actor>
        <actor name="D0N13">
            <wcet number="0">20</wcet>
            <wcet number="1">20</wcet>
            <maxpow number="0.5791640488025879"/>
            <maxpow number="0.5791640488025879"/>
            <fprob>0.0</fprob>
        </actor>
        <actor name="D0N34">
            <wcet number="0">80</wcet>
            <wcet number="1">120</wcet>
            <maxpow number="0.834523246078737"/>
            <maxpow number="0.834523246078737"/>
            <fprob>0.0</fprob>
        </actor>
        <actor name="D0N15">
            <wcet number="0">90</wcet>
            <wcet number="1">100</wcet>
            <maxpow number="0.7723285836162607"/>
            <maxpow number="0.7723285836162607"/>
            <fprob>0.0</fprob>
        </actor>
        <actor name="D0N29">
            <wcet number="0">220</wcet>
            <wcet number="1">240</wcet>
            <maxpow number="0.3149144699872672"/>
            <maxpow number="0.3149144699872672"/>
            <fprob>0.0</fprob>
        </actor>
        <actor name="D0N30">
            <wcet number="0">10</wcet>
            <wcet number="1">20</wcet>
            <maxpow number="0.5034605870744806"/>
            <maxpow number="0.5034605870744806"/>
            <fprob>0.0</fprob>
        </actor>
        <actor name="D0N17">
            <wcet number="0">90</wcet>
            <wcet number="1">130</wcet>
            <maxpow number="0.5093440031107918"/>
            <maxpow number="0.5093440031107918"/>
            <fprob>0.0</fprob>
        </actor>
        <actor name="D0N18">
            <wcet number="0">10</wcet>
            <wcet number="1">210</wcet>
            <maxpow number="0.7336258668906324"/>
            <maxpow number="0.7336258668906324"/>
            <fprob>0.0</fprob>
        </actor>
        <actor name="D0N31">
            <wcet number="0">100</wcet>
            <wcet number="1">170</wcet>
            <maxpow number="0.4222215300241816"/>
            <maxpow number="0.4222215300241816"/>
            <fprob>0.0</fprob>
        </actor>
        <actor name="D0N2">
            <wcet number="0">10</wcet>
            <wcet number="1">10</wcet>
            <maxpow number="0.1395255814555837"/>
            <maxpow number="0.1395255814555837"/>
            <fprob>0.0</fprob>
        </actor>
        <actor name="D0N26">
            <wcet number="0">10</wcet>
            <wcet number="1">90</wcet>
            <maxpow number="0.4632802508531295"/>
            <maxpow number="0.4632802508531295"/>
            <fprob>0.0</fprob>
        </actor>
        <actor name="D0N12">
            <wcet number="0">10</wcet>
            <wcet number="1">70</wcet>
            <maxpow number="0.7083807610870886"/>
            <maxpow number="0.7083807610870886"/>
            <fprob>0.0</fprob>
        </actor>
        <actor name="D0N1">
            <wcet number="0">60</wcet>
            <wcet number="1">190</wcet>
            <maxpow number="0.6544275641649915"/>
            <maxpow number="0.6544275641649915"/>
            <fprob>0.0</fprob>
        </actor>
        <actor name="D0N19">
            <wcet number="0">10</wcet>
            <wcet number="1">30</wcet>
            <maxpow number="0.3517604321793423"/>
            <maxpow number="0.3517604321793423"/>
            <fprob>0.0</fprob>
        </actor>
        <actor name="D0N8">
            <wcet number="0">30</wcet>
            <wcet number="1">110</wcet>
            <maxpow number="1.0743798272368772"/>
            <maxpow number="1.0743798272368772"/>
            <fprob>0.0</fprob>
        </actor>
        <actor name="D0N41">
            <wcet number="0">40</wcet>
            <wcet number="1">60</wcet>
            <maxpow number="0.6968820613590346"/>
            <maxpow number="0.6968820613590346"/>
            <fprob>0.0</fprob>
        </actor>
        <actor name="D0N22">
            <wcet number="0">20</wcet>
            <wcet number="1">20</wcet>
            <maxpow number="0.4749124564856683"/>
            <maxpow number="0.4749124564856683"/>
            <fprob>0.0</fprob>
        </actor>
        <ports>
            <port dstActor="D0N7" name="p0" srcActor="D0N3"/>
            <port dstActor="D0N27" name="p1" srcActor="D0N3"/>
            <port dstActor="D0N40" name="p2" srcActor="D0N3"/>
            <port dstActor="D0N36" name="p3" srcActor="D0N3"/>
            <port dstActor="D0N14" name="p4" srcActor="D0N3"/>
            <port dstActor="D0N11" name="p5" srcActor="D0N3"/>
            <port dstActor="D0N32" name="p6" srcActor="D0N5"/>
            <port dstActor="D0N11" name="p7" srcActor="D0N5"/>
            <port dstActor="D0N45" name="p8" srcActor="D0N5"/>
            <port dstActor="D0N46" name="p9" srcActor="D0N44"/>
            <port dstActor="D0N37" name="p10" srcActor="D0N9"/>
            <port dstActor="D0N39" name="p11" srcActor="D0N9"/>
            <port dstActor="D0N15" name="p12" srcActor="D0N0"/>
            <port dstActor="D0N20" name="p13" srcActor="D0N0"/>
            <port dstActor="D0N30" name="p14" srcActor="D0N0"/>
            <port dstActor="D0N33" name="p15" srcActor="D0N0"/>
            <port dstActor="D0N18" name="p16" srcActor="D0N0"/>
            <port dstActor="D0N35" name="p17" srcActor="D0N0"/>
            <port dstActor="D0N38" name="p18" srcActor="D0N0"/>
            <port dstActor="D0N2" name="p19" srcActor="D0N0"/>
            <port dstActor="D0N18" name="p20" srcActor="D0N7"/>
            <port dstActor="D0N28" name="p21" srcActor="D0N7"/>
            <port dstActor="D0N40" name="p22" srcActor="D0N7"/>
            <port dstActor="D0N31" name="p23" srcActor="D0N16"/>
            <port dstActor="D0N26" name="p24" srcActor="D0N16"/>
            <port dstActor="D0N33" name="p25" srcActor="D0N16"/>
            <port dstActor="D0N29" name="p26" srcActor="D0N21"/>
            <port dstActor="D0N30" name="p27" srcActor="D0N21"/>
            <port dstActor="D0N30" name="p28" srcActor="D0N28"/>
            <port dstActor="D0N10" name="p29" srcActor="D0N4"/>
            <port dstActor="D0N11" name="p30" srcActor="D0N4"/>
            <port dstActor="D0N9" name="p31" srcActor="D0N4"/>
            <port dstActor="D0N44" name="p32" srcActor="D0N4"/>
            <port dstActor="D0N30" name="p33" srcActor="D0N4"/>
            <port dstActor="D0N19" name="p34" srcActor="D0N14"/>
            <port dstActor="D0N46" name="p35" srcActor="D0N14"/>
            <port dstActor="D0N35" name="p36" srcActor="D0N14"/>
            <port dstActor="D0N29" name="p37" srcActor="D0N14"/>
            <port dstActor="D0N20" name="p38" srcActor="D0N14"/>
            <port dstActor="D0N44" name="p39" srcActor="D0N6"/>
            <port dstActor="D0N9" name="p40" srcActor="D0N6"/>
            <port dstActor="D0N38" name="p41" srcActor="D0N6"/>
            <port dstActor="D0N35" name="p42" srcActor="D0N6"/>
            <port dstActor="D0N43" name="p43" srcActor="D0N6"/>
            <port dstActor="D0N32" name="p44" srcActor="D0N6"/>
            <port dstActor="D0N39" name="p45" srcActor="D0N33"/>
            <port dstActor="D0N43" name="p46" srcActor="D0N40"/>
            <port dstActor="D0N42" name="p47" srcActor="D0N27"/>
            <port dstActor="D0N46" name="p48" srcActor="D0N20"/>
            <port dstActor="D0N35" name="p49" srcActor="D0N20"/>
            <port dstActor="D0N41" name="p50" srcActor="D0N20"/>
            <port dstActor="D0N43" name="p51" srcActor="D0N42"/>
            <port dstActor="D0N41" name="p52" srcActor="D0N39"/>
            <port dstActor="D0N43" name="p53" srcActor="D0N39"/>
            <port dstActor="D0N18" name="p54" srcActor="D0N10"/>
            <port dstActor="D0N11" name="p55" srcActor="D0N10"/>
            <port dstActor="D0N25" name="p56" srcActor="D0N10"/>
            <port dstActor="D0N27" name="p57" srcActor="D0N10"/>
            <port dstActor="D0N38" name="p58" srcActor="D0N24"/>
            <port dstActor="D0N39" name="p59" srcActor="D0N24"/>
            <port dstActor="D0N37" name="p60" srcActor="D0N24"/>
            <port dstActor="D0N42" name="p61" srcActor="D0N24"/>
            <port dstActor="D0N40" name="p62" srcActor="D0N35"/>
            <port dstActor="D0N28" name="p63" srcActor="D0N11"/>
            <port dstActor="D0N45" name="p64" srcActor="D0N11"/>
            <port dstActor="D0N21" name="p65" srcActor="D0N11"/>
            <port dstActor="D0N29" name="p66" srcActor="D0N23"/>
            <port dstActor="D0N41" name="p67" srcActor="D0N23"/>
            <port dstActor="D0N34" name="p68" srcActor="D0N13"/>
            <port dstActor="D0N35" name="p69" srcActor="D0N13"/>
            <port dstActor="D0N33" name="p70" srcActor="D0N13"/>
            <port dstActor="D0N26" name="p71" srcActor="D0N13"/>
            <port dstActor="D0N38" name="p72" srcActor="D0N34"/>
            <port dstActor="D0N24" name="p73" srcActor="D0N15"/>
            <port dstActor="D0N27" name="p74" srcActor="D0N15"/>
            <port dstActor="D0N34" name="p75" srcActor="D0N15"/>
            <port dstActor="D0N19" name="p76" srcActor="D0N15"/>
            <port dstActor="D0N46" name="p77" srcActor="D0N15"/>
            <port dstActor="D0N38" name="p78" srcActor="D0N30"/>
            <port dstActor="D0N40" name="p79" srcActor="D0N17"/>
            <port dstActor="D0N19" name="p80" srcActor="D0N17"/>
            <port dstActor="D0N29" name="p81" srcActor="D0N18"/>
            <port dstActor="D0N27" name="p82" srcActor="D0N18"/>
            <port dstActor="D0N36" name="p83" srcActor="D0N18"/>
            <port dstActor="D0N34" name="p84" srcActor="D0N18"/>
            <port dstActor="D0N24" name="p85" srcActor="D0N18"/>
            <port dstActor="D0N44" name="p86" srcActor="D0N31"/>
            <port dstActor="D0N9" name="p87" srcActor="D0N2"/>
            <port dstActor="D0N24" name="p88" srcActor="D0N2"/>
            <port dstActor="D0N38" name="p89" srcActor="D0N2"/>
            <port dstActor="D0N45" name="p90" srcActor="D0N2"/>
            <port dstActor="D0N5" name="p91" srcActor="D0N2"/>
            <port dstActor="D0N46" name="p92" srcActor="D0N26"/>
            <port dstActor="D0N34" name="p93" srcActor="D0N26"/>
            <port dstActor="D0N43" name="p94" srcActor="D0N26"/>
            <port dstActor="D0N30" name="p95" srcActor="D0N26"/>
            <port dstActor="D0N31" name="p96" srcActor="D0N26"/>
            <port dstActor="D0N22" name="p97" srcActor="D0N12"/>
            <port dstActor="D0N32" name="p98" srcActor="D0N12"/>
            <port dstActor="D0N44" name="p99" srcActor="D0N12"/>
            <port dstActor="D0N31" name="p100" srcActor="D0N12"/>
            <port dstActor="D0N35" name="p101" srcActor="D0N1"/>
            <port dstActor="D0N43" name="p102" srcActor="D0N1"/>
            <port dstActor="D0N42" name="p103" srcActor="D0N1"/>
            <port dstActor="D0N19" name="p104" srcActor="D0N1"/>
            <port dstActor="D0N40" name="p105" srcActor="D0N19"/>
            <port dstActor="D0N28" name="p106" srcActor="D0N19"/>
            <port dstActor="D0N42" name="p107" srcActor="D0N19"/>
            <port dstActor="D0N46" name="p108" srcActor="D0N19"/>
            <port dstActor="D0N27" name="p109" srcActor="D0N19"/>
            <port dstActor="D0N30" name="p110" srcActor="D0N19"/>
            <port dstActor="D0N31" name="p111" srcActor="D0N19"/>
            <port dstActor="D0N16" name="p112" srcActor="D0N8"/>
            <port dstActor="D0N19" name="p113" srcActor="D0N8"/>
            <port dstActor="D0N21" name="p114" srcActor="D0N8"/>
            <port dstActor="D0N36" name="p115" srcActor="D0N8"/>
            <port dstActor="D0N18" name="p116" srcActor="D0N8"/>
            <port dstActor="D0N23" name="p117" srcActor="D0N8"/>
            <port dstActor="D0N38" name="p118" srcActor="D0N22"/>
        </ports>
    </mcdag>
    <cores number="3"/>
    <levels number="2"/>
</mcsystem>
