<?xml version="1.0" encoding="UTF-8" standalone="no"?>
<mcsystem>
    <mcdag deadline="1200" name="genned-0-ed-10.0-0">
        <actor name="D0N19">
            <wcet number="0">40</wcet>
            <wcet number="1">80</wcet>
            <maxpow number="0.670449257239002"/>
            <maxpow number="0.670449257239002"/>
            <fprob>0.0</fprob>
        </actor>
        <actor name="D0N35">
            <wcet number="0">10</wcet>
            <wcet number="1">120</wcet>
            <maxpow number="0.6658828558243819"/>
            <maxpow number="0.6658828558243819"/>
            <fprob>0.0</fprob>
        </actor>
        <actor name="D0N25">
            <wcet number="0">10</wcet>
            <wcet number="1">10</wcet>
            <maxpow number="0.6052625258809342"/>
            <maxpow number="0.6052625258809342"/>
            <fprob>0.0</fprob>
        </actor>
        <actor name="D0N24">
            <wcet number="0">60</wcet>
            <wcet number="1">60</wcet>
            <maxpow number="0.6096913441698006"/>
            <maxpow number="0.6096913441698006"/>
            <fprob>0.0</fprob>
        </actor>
        <actor name="D0N0">
            <wcet number="0">10</wcet>
            <wcet number="1">30</wcet>
            <maxpow number="0.6567963988729727"/>
            <maxpow number="0.6567963988729727"/>
            <fprob>0.0</fprob>
        </actor>
        <actor name="D0N42">
            <wcet number="0">30</wcet>
            <wcet number="1">30</wcet>
            <maxpow number="0.7228734810598849"/>
            <maxpow number="0.7228734810598849"/>
            <fprob>0.0</fprob>
        </actor>
        <actor name="D0N37">
            <wcet number="0">100</wcet>
            <wcet number="1">180</wcet>
            <maxpow number="0.508187811020773"/>
            <maxpow number="0.508187811020773"/>
            <fprob>0.0</fprob>
        </actor>
        <actor name="D0N17">
            <wcet number="0">30</wcet>
            <wcet number="1">40</wcet>
            <maxpow number="0.4270253976615197"/>
            <maxpow number="0.4270253976615197"/>
            <fprob>0.0</fprob>
        </actor>
        <actor name="D0N4">
            <wcet number="0">10</wcet>
            <wcet number="1">80</wcet>
            <maxpow number="0.4045597828013523"/>
            <maxpow number="0.4045597828013523"/>
            <fprob>0.0</fprob>
        </actor>
        <actor name="D0N26">
            <wcet number="0">80</wcet>
            <wcet number="1">90</wcet>
            <maxpow number="0.5710383959439655"/>
            <maxpow number="0.5710383959439655"/>
            <fprob>0.0</fprob>
        </actor>
        <actor name="D0N32">
            <wcet number="0">50</wcet>
            <wcet number="1">80</wcet>
            <maxpow number="0.3481272441777854"/>
            <maxpow number="0.3481272441777854"/>
            <fprob>0.0</fprob>
        </actor>
        <actor name="D0N36">
            <wcet number="0">30</wcet>
            <wcet number="1">110</wcet>
            <maxpow number="0.42043932672898443"/>
            <maxpow number="0.42043932672898443"/>
            <fprob>0.0</fprob>
        </actor>
        <actor name="D0N38">
            <wcet number="0">10</wcet>
            <wcet number="1">10</wcet>
            <maxpow number="0.45426373806625514"/>
            <maxpow number="0.45426373806625514"/>
            <fprob>0.0</fprob>
        </actor>
        <actor name="D0N29">
            <wcet number="0">20</wcet>
            <wcet number="1">20</wcet>
            <maxpow number="0.5888357550428331"/>
            <maxpow number="0.5888357550428331"/>
            <fprob>0.0</fprob>
        </actor>
        <actor name="D0N3">
            <wcet number="0">50</wcet>
            <wcet number="1">50</wcet>
            <maxpow number="0.4739618133166396"/>
            <maxpow number="0.4739618133166396"/>
            <fprob>0.0</fprob>
        </actor>
        <actor name="D0N14">
            <wcet number="0">30</wcet>
            <wcet number="1">70</wcet>
            <maxpow number="0.3664457450365616"/>
            <maxpow number="0.3664457450365616"/>
            <fprob>0.0</fprob>
        </actor>
        <actor name="D0N31">
            <wcet number="0">50</wcet>
            <wcet number="1">50</wcet>
            <maxpow number="0.5631656871691937"/>
            <maxpow number="0.5631656871691937"/>
            <fprob>0.0</fprob>
        </actor>
        <actor name="D0N34">
            <wcet number="0">20</wcet>
            <wcet number="1">140</wcet>
            <maxpow number="0.6228866303027795"/>
            <maxpow number="0.6228866303027795"/>
            <fprob>0.0</fprob>
        </actor>
        <actor name="D0N1">
            <wcet number="0">10</wcet>
            <wcet number="1">10</wcet>
            <maxpow number="0.9753674926201947"/>
            <maxpow number="0.9753674926201947"/>
            <fprob>0.0</fprob>
        </actor>
        <actor name="D0N23">
            <wcet number="0">40</wcet>
            <wcet number="1">40</wcet>
            <maxpow number="0.4418835542686739"/>
            <maxpow number="0.4418835542686739"/>
            <fprob>0.0</fprob>
        </actor>
        <actor name="D0N45">
            <wcet number="0">10</wcet>
            <wcet number="1">30</wcet>
            <maxpow number="0.5213353584626146"/>
            <maxpow number="0.5213353584626146"/>
            <fprob>0.0</fprob>
        </actor>
        <actor name="D0N10">
            <wcet number="0">20</wcet>
            <wcet number="1">170</wcet>
            <maxpow number="0.6567368239944141"/>
            <maxpow number="0.6567368239944141"/>
            <fprob>0.0</fprob>
        </actor>
        <actor name="D0N9">
            <wcet number="0">10</wcet>
            <wcet number="1">10</wcet>
            <maxpow number="0.7327251197881185"/>
            <maxpow number="0.7327251197881185"/>
            <fprob>0.0</fprob>
        </actor>
        <actor name="D0N44">
            <wcet number="0">40</wcet>
            <wcet number="1">40</wcet>
            <maxpow number="0.6121068145468276"/>
            <maxpow number="0.6121068145468276"/>
            <fprob>0.0</fprob>
        </actor>
        <actor name="D0N18">
            <wcet number="0">180</wcet>
            <wcet number="1">210</wcet>
            <maxpow number="0.5298562216117075"/>
            <maxpow number="0.5298562216117075"/>
            <fprob>0.0</fprob>
        </actor>
        <actor name="D0N16">
            <wcet number="0">30</wcet>
            <wcet number="1">40</wcet>
            <maxpow number="0.0847821109254987"/>
            <maxpow number="0.0847821109254987"/>
            <fprob>0.0</fprob>
        </actor>
        <actor name="D0N33">
            <wcet number="0">20</wcet>
            <wcet number="1">20</wcet>
            <maxpow number="0.80708888604175"/>
            <maxpow number="0.80708888604175"/>
            <fprob>0.0</fprob>
        </actor>
        <actor name="D0N39">
            <wcet number="0">10</wcet>
            <wcet number="1">20</wcet>
            <maxpow number="0.4354296006716404"/>
            <maxpow number="0.4354296006716404"/>
            <fprob>0.0</fprob>
        </actor>
        <actor name="D0N6">
            <wcet number="0">60</wcet>
            <wcet number="1">80</wcet>
            <maxpow number="0.5102273149906124"/>
            <maxpow number="0.5102273149906124"/>
            <fprob>0.0</fprob>
        </actor>
        <actor name="D0N5">
            <wcet number="0">20</wcet>
            <wcet number="1">20</wcet>
            <maxpow number="0.5394405959007297"/>
            <maxpow number="0.5394405959007297"/>
            <fprob>0.0</fprob>
        </actor>
        <actor name="D0N8">
            <wcet number="0">30</wcet>
            <wcet number="1">30</wcet>
            <maxpow number="0.35357271630962495"/>
            <maxpow number="0.35357271630962495"/>
            <fprob>0.0</fprob>
        </actor>
        <actor name="D0N20">
            <wcet number="0">10</wcet>
            <wcet number="1">10</wcet>
            <maxpow number="0.4875295865194456"/>
            <maxpow number="0.4875295865194456"/>
            <fprob>0.0</fprob>
        </actor>
        <actor name="D0N41">
            <wcet number="0">10</wcet>
            <wcet number="1">10</wcet>
            <maxpow number="0.326864907911207"/>
            <maxpow number="0.326864907911207"/>
            <fprob>0.0</fprob>
        </actor>
        <actor name="D0N7">
            <wcet number="0">10</wcet>
            <wcet number="1">10</wcet>
            <maxpow number="0.2512630464840957"/>
            <maxpow number="0.2512630464840957"/>
            <fprob>0.0</fprob>
        </actor>
        <actor name="D0N22">
            <wcet number="0">20</wcet>
            <wcet number="1">20</wcet>
            <maxpow number="0.9227355344488839"/>
            <maxpow number="0.9227355344488839"/>
            <fprob>0.0</fprob>
        </actor>
        <actor name="D0N2">
            <wcet number="0">10</wcet>
            <wcet number="1">20</wcet>
            <maxpow number="0.7247971287998946"/>
            <maxpow number="0.7247971287998946"/>
            <fprob>0.0</fprob>
        </actor>
        <actor name="D0N43">
            <wcet number="0">60</wcet>
            <wcet number="1">190</wcet>
            <maxpow number="0.6952712241326695"/>
            <maxpow number="0.6952712241326695"/>
            <fprob>0.0</fprob>
        </actor>
        <actor name="D0N40">
            <wcet number="0">10</wcet>
            <wcet number="1">10</wcet>
            <maxpow number="1.0655270152627867"/>
            <maxpow number="1.0655270152627867"/>
            <fprob>0.0</fprob>
        </actor>
        <actor name="D0N30">
            <wcet number="0">20</wcet>
            <wcet number="1">30</wcet>
            <maxpow number="0.6139628002096832"/>
            <maxpow number="0.6139628002096832"/>
            <fprob>0.0</fprob>
        </actor>
        <actor name="D0N21">
            <wcet number="0">10</wcet>
            <wcet number="1">30</wcet>
            <maxpow number="0.6241325965506571"/>
            <maxpow number="0.6241325965506571"/>
            <fprob>0.0</fprob>
        </actor>
        <actor name="D0N15">
            <wcet number="0">20</wcet>
            <wcet number="1">50</wcet>
            <maxpow number="0.8641822784329456"/>
            <maxpow number="0.8641822784329456"/>
            <fprob>0.0</fprob>
        </actor>
        <actor name="D0N11">
            <wcet number="0">10</wcet>
            <wcet number="1">10</wcet>
            <maxpow number="0.5069679549716958"/>
            <maxpow number="0.5069679549716958"/>
            <fprob>0.0</fprob>
        </actor>
        <actor name="D0N27">
            <wcet number="0">50</wcet>
            <wcet number="1">90</wcet>
            <maxpow number="0.6634875328872404"/>
            <maxpow number="0.6634875328872404"/>
            <fprob>0.0</fprob>
        </actor>
        <actor name="D0N28">
            <wcet number="0">50</wcet>
            <wcet number="1">70</wcet>
            <maxpow number="0.6000219129625523"/>
            <maxpow number="0.6000219129625523"/>
            <fprob>0.0</fprob>
        </actor>
        <actor name="D0N12">
            <wcet number="0">40</wcet>
            <wcet number="1">40</wcet>
            <maxpow number="0.4651658576763248"/>
            <maxpow number="0.4651658576763248"/>
            <fprob>0.0</fprob>
        </actor>
        <actor name="D0N13">
            <wcet number="0">20</wcet>
            <wcet number="1">80</wcet>
            <maxpow number="0.4860647143174275"/>
            <maxpow number="0.4860647143174275"/>
            <fprob>0.0</fprob>
        </actor>
        <ports>
            <port dstActor="D0N33" name="p0" srcActor="D0N19"/>
            <port dstActor="D0N35" name="p1" srcActor="D0N19"/>
            <port dstActor="D0N41" name="p2" srcActor="D0N19"/>
            <port dstActor="D0N37" name="p3" srcActor="D0N35"/>
            <port dstActor="D0N43" name="p4" srcActor="D0N35"/>
            <port dstActor="D0N45" name="p5" srcActor="D0N35"/>
            <port dstActor="D0N42" name="p6" srcActor="D0N35"/>
            <port dstActor="D0N39" name="p7" srcActor="D0N35"/>
            <port dstActor="D0N26" name="p8" srcActor="D0N25"/>
            <port dstActor="D0N38" name="p9" srcActor="D0N25"/>
            <port dstActor="D0N32" name="p10" srcActor="D0N25"/>
            <port dstActor="D0N29" name="p11" srcActor="D0N25"/>
            <port dstActor="D0N36" name="p12" srcActor="D0N0"/>
            <port dstActor="D0N41" name="p13" srcActor="D0N0"/>
            <port dstActor="D0N43" name="p14" srcActor="D0N0"/>
            <port dstActor="D0N5" name="p15" srcActor="D0N0"/>
            <port dstActor="D0N26" name="p16" srcActor="D0N17"/>
            <port dstActor="D0N38" name="p17" srcActor="D0N17"/>
            <port dstActor="D0N29" name="p18" srcActor="D0N17"/>
            <port dstActor="D0N41" name="p19" srcActor="D0N17"/>
            <port dstActor="D0N30" name="p20" srcActor="D0N17"/>
            <port dstActor="D0N45" name="p21" srcActor="D0N17"/>
            <port dstActor="D0N40" name="p22" srcActor="D0N4"/>
            <port dstActor="D0N24" name="p23" srcActor="D0N4"/>
            <port dstActor="D0N28" name="p24" srcActor="D0N26"/>
            <port dstActor="D0N41" name="p25" srcActor="D0N36"/>
            <port dstActor="D0N37" name="p26" srcActor="D0N36"/>
            <port dstActor="D0N40" name="p27" srcActor="D0N29"/>
            <port dstActor="D0N30" name="p28" srcActor="D0N29"/>
            <port dstActor="D0N27" name="p29" srcActor="D0N3"/>
            <port dstActor="D0N12" name="p30" srcActor="D0N3"/>
            <port dstActor="D0N17" name="p31" srcActor="D0N3"/>
            <port dstActor="D0N23" name="p32" srcActor="D0N3"/>
            <port dstActor="D0N26" name="p33" srcActor="D0N3"/>
            <port dstActor="D0N42" name="p34" srcActor="D0N14"/>
            <port dstActor="D0N15" name="p35" srcActor="D0N14"/>
            <port dstActor="D0N45" name="p36" srcActor="D0N14"/>
            <port dstActor="D0N29" name="p37" srcActor="D0N14"/>
            <port dstActor="D0N35" name="p38" srcActor="D0N31"/>
            <port dstActor="D0N39" name="p39" srcActor="D0N31"/>
            <port dstActor="D0N34" name="p40" srcActor="D0N31"/>
            <port dstActor="D0N10" name="p41" srcActor="D0N1"/>
            <port dstActor="D0N26" name="p42" srcActor="D0N1"/>
            <port dstActor="D0N37" name="p43" srcActor="D0N1"/>
            <port dstActor="D0N32" name="p44" srcActor="D0N1"/>
            <port dstActor="D0N39" name="p45" srcActor="D0N23"/>
            <port dstActor="D0N29" name="p46" srcActor="D0N10"/>
            <port dstActor="D0N27" name="p47" srcActor="D0N10"/>
            <port dstActor="D0N28" name="p48" srcActor="D0N10"/>
            <port dstActor="D0N36" name="p49" srcActor="D0N10"/>
            <port dstActor="D0N12" name="p50" srcActor="D0N10"/>
            <port dstActor="D0N14" name="p51" srcActor="D0N9"/>
            <port dstActor="D0N28" name="p52" srcActor="D0N9"/>
            <port dstActor="D0N23" name="p53" srcActor="D0N9"/>
            <port dstActor="D0N36" name="p54" srcActor="D0N9"/>
            <port dstActor="D0N17" name="p55" srcActor="D0N9"/>
            <port dstActor="D0N45" name="p56" srcActor="D0N44"/>
            <port dstActor="D0N41" name="p57" srcActor="D0N18"/>
            <port dstActor="D0N40" name="p58" srcActor="D0N18"/>
            <port dstActor="D0N42" name="p59" srcActor="D0N18"/>
            <port dstActor="D0N38" name="p60" srcActor="D0N18"/>
            <port dstActor="D0N34" name="p61" srcActor="D0N18"/>
            <port dstActor="D0N37" name="p62" srcActor="D0N16"/>
            <port dstActor="D0N23" name="p63" srcActor="D0N16"/>
            <port dstActor="D0N45" name="p64" srcActor="D0N16"/>
            <port dstActor="D0N24" name="p65" srcActor="D0N16"/>
            <port dstActor="D0N43" name="p66" srcActor="D0N16"/>
            <port dstActor="D0N34" name="p67" srcActor="D0N16"/>
            <port dstActor="D0N39" name="p68" srcActor="D0N33"/>
            <port dstActor="D0N43" name="p69" srcActor="D0N6"/>
            <port dstActor="D0N41" name="p70" srcActor="D0N6"/>
            <port dstActor="D0N35" name="p71" srcActor="D0N6"/>
            <port dstActor="D0N14" name="p72" srcActor="D0N6"/>
            <port dstActor="D0N44" name="p73" srcActor="D0N6"/>
            <port dstActor="D0N38" name="p74" srcActor="D0N5"/>
            <port dstActor="D0N27" name="p75" srcActor="D0N8"/>
            <port dstActor="D0N28" name="p76" srcActor="D0N8"/>
            <port dstActor="D0N29" name="p77" srcActor="D0N8"/>
            <port dstActor="D0N18" name="p78" srcActor="D0N8"/>
            <port dstActor="D0N9" name="p79" srcActor="D0N8"/>
            <port dstActor="D0N21" name="p80" srcActor="D0N8"/>
            <port dstActor="D0N10" name="p81" srcActor="D0N8"/>
            <port dstActor="D0N45" name="p82" srcActor="D0N20"/>
            <port dstActor="D0N35" name="p83" srcActor="D0N7"/>
            <port dstActor="D0N30" name="p84" srcActor="D0N7"/>
            <port dstActor="D0N38" name="p85" srcActor="D0N7"/>
            <port dstActor="D0N10" name="p86" srcActor="D0N7"/>
            <port dstActor="D0N41" name="p87" srcActor="D0N2"/>
            <port dstActor="D0N36" name="p88" srcActor="D0N2"/>
            <port dstActor="D0N35" name="p89" srcActor="D0N30"/>
            <port dstActor="D0N40" name="p90" srcActor="D0N21"/>
            <port dstActor="D0N27" name="p91" srcActor="D0N21"/>
            <port dstActor="D0N20" name="p92" srcActor="D0N15"/>
            <port dstActor="D0N23" name="p93" srcActor="D0N15"/>
            <port dstActor="D0N39" name="p94" srcActor="D0N11"/>
            <port dstActor="D0N33" name="p95" srcActor="D0N27"/>
            <port dstActor="D0N40" name="p96" srcActor="D0N27"/>
            <port dstActor="D0N42" name="p97" srcActor="D0N27"/>
            <port dstActor="D0N31" name="p98" srcActor="D0N27"/>
            <port dstActor="D0N45" name="p99" srcActor="D0N28"/>
            <port dstActor="D0N29" name="p100" srcActor="D0N28"/>
            <port dstActor="D0N44" name="p101" srcActor="D0N28"/>
            <port dstActor="D0N20" name="p102" srcActor="D0N12"/>
            <port dstActor="D0N41" name="p103" srcActor="D0N12"/>
            <port dstActor="D0N36" name="p104" srcActor="D0N12"/>
            <port dstActor="D0N22" name="p105" srcActor="D0N12"/>
            <port dstActor="D0N25" name="p106" srcActor="D0N12"/>
            <port dstActor="D0N26" name="p107" srcActor="D0N12"/>
            <port dstActor="D0N35" name="p108" srcActor="D0N12"/>
            <port dstActor="D0N32" name="p109" srcActor="D0N13"/>
            <port dstActor="D0N19" name="p110" srcActor="D0N13"/>
            <port dstActor="D0N34" name="p111" srcActor="D0N13"/>
            <port dstActor="D0N23" name="p112" srcActor="D0N13"/>
            <port dstActor="D0N22" name="p113" srcActor="D0N13"/>
            <port dstActor="D0N41" name="p114" srcActor="D0N13"/>
            <port dstActor="D0N42" name="p115" srcActor="D0N13"/>
        </ports>
    </mcdag>
    <cores number="3"/>
    <levels number="2"/>
</mcsystem>
