<?xml version="1.0" encoding="UTF-8" standalone="no"?>
<mcsystem>
    <mcdag deadline="1500" name="genned-0-ed-10.0-0">
        <actor name="D0N15">
            <wcet number="0">110</wcet>
            <wcet number="1">180</wcet>
            <maxpow number="0.4285252239132322"/>
            <maxpow number="0.4285252239132322"/>
            <fprob>0.0</fprob>
        </actor>
        <actor name="D0N42">
            <wcet number="0">90</wcet>
            <wcet number="1">90</wcet>
            <maxpow number="0.23825569970517402"/>
            <maxpow number="0.23825569970517402"/>
            <fprob>0.0</fprob>
        </actor>
        <actor name="D0N45">
            <wcet number="0">60</wcet>
            <wcet number="1">70</wcet>
            <maxpow number="0.502167370328511"/>
            <maxpow number="0.502167370328511"/>
            <fprob>0.0</fprob>
        </actor>
        <actor name="D0N19">
            <wcet number="0">30</wcet>
            <wcet number="1">30</wcet>
            <maxpow number="0.6473970819571663"/>
            <maxpow number="0.6473970819571663"/>
            <fprob>0.0</fprob>
        </actor>
        <actor name="D0N38">
            <wcet number="0">140</wcet>
            <wcet number="1">180</wcet>
            <maxpow number="0.5082204326295601"/>
            <maxpow number="0.5082204326295601"/>
            <fprob>0.0</fprob>
        </actor>
        <actor name="D0N22">
            <wcet number="0">20</wcet>
            <wcet number="1">20</wcet>
            <maxpow number="0.7141832095156394"/>
            <maxpow number="0.7141832095156394"/>
            <fprob>0.0</fprob>
        </actor>
        <actor name="D0N44">
            <wcet number="0">40</wcet>
            <wcet number="1">60</wcet>
            <maxpow number="0.7943736621549097"/>
            <maxpow number="0.7943736621549097"/>
            <fprob>0.0</fprob>
        </actor>
        <actor name="D0N26">
            <wcet number="0">10</wcet>
            <wcet number="1">20</wcet>
            <maxpow number="0.45891432523286824"/>
            <maxpow number="0.45891432523286824"/>
            <fprob>0.0</fprob>
        </actor>
        <actor name="D0N17">
            <wcet number="0">10</wcet>
            <wcet number="1">20</wcet>
            <maxpow number="0.4949872915875861"/>
            <maxpow number="0.4949872915875861"/>
            <fprob>0.0</fprob>
        </actor>
        <actor name="D0N31">
            <wcet number="0">40</wcet>
            <wcet number="1">110</wcet>
            <maxpow number="0.7789646648931046"/>
            <maxpow number="0.7789646648931046"/>
            <fprob>0.0</fprob>
        </actor>
        <actor name="D0N46">
            <wcet number="0">10</wcet>
            <wcet number="1">50</wcet>
            <maxpow number="0.6762157481788649"/>
            <maxpow number="0.6762157481788649"/>
            <fprob>0.0</fprob>
        </actor>
        <actor name="D0N27">
            <wcet number="0">50</wcet>
            <wcet number="1">50</wcet>
            <maxpow number="0.7858933254214836"/>
            <maxpow number="0.7858933254214836"/>
            <fprob>0.0</fprob>
        </actor>
        <actor name="D0N18">
            <wcet number="0">10</wcet>
            <wcet number="1">30</wcet>
            <maxpow number="0.6156458084843559"/>
            <maxpow number="0.6156458084843559"/>
            <fprob>0.0</fprob>
        </actor>
        <actor name="D0N47">
            <wcet number="0">40</wcet>
            <wcet number="1">40</wcet>
            <maxpow number="0.7309546004899591"/>
            <maxpow number="0.7309546004899591"/>
            <fprob>0.0</fprob>
        </actor>
        <actor name="D0N12">
            <wcet number="0">20</wcet>
            <wcet number="1">30</wcet>
            <maxpow number="0.30151727013975194"/>
            <maxpow number="0.30151727013975194"/>
            <fprob>0.0</fprob>
        </actor>
        <actor name="D0N16">
            <wcet number="0">20</wcet>
            <wcet number="1">20</wcet>
            <maxpow number="0.4876671172357251"/>
            <maxpow number="0.4876671172357251"/>
            <fprob>0.0</fprob>
        </actor>
        <actor name="D0N8">
            <wcet number="0">120</wcet>
            <wcet number="1">160</wcet>
            <maxpow number="0.689543796414665"/>
            <maxpow number="0.689543796414665"/>
            <fprob>0.0</fprob>
        </actor>
        <actor name="D0N7">
            <wcet number="0">50</wcet>
            <wcet number="1">90</wcet>
            <maxpow number="0.7932091806860131"/>
            <maxpow number="0.7932091806860131"/>
            <fprob>0.0</fprob>
        </actor>
        <actor name="D0N28">
            <wcet number="0">60</wcet>
            <wcet number="1">130</wcet>
            <maxpow number="0.679118179435036"/>
            <maxpow number="0.679118179435036"/>
            <fprob>0.0</fprob>
        </actor>
        <actor name="D0N11">
            <wcet number="0">10</wcet>
            <wcet number="1">40</wcet>
            <maxpow number="0.8046072397911381"/>
            <maxpow number="0.8046072397911381"/>
            <fprob>0.0</fprob>
        </actor>
        <actor name="D0N4">
            <wcet number="0">20</wcet>
            <wcet number="1">20</wcet>
            <maxpow number="0.562514937053897"/>
            <maxpow number="0.562514937053897"/>
            <fprob>0.0</fprob>
        </actor>
        <actor name="D0N23">
            <wcet number="0">10</wcet>
            <wcet number="1">20</wcet>
            <maxpow number="0.21192249915987987"/>
            <maxpow number="0.21192249915987987"/>
            <fprob>0.0</fprob>
        </actor>
        <actor name="D0N32">
            <wcet number="0">20</wcet>
            <wcet number="1">20</wcet>
            <maxpow number="0.5691087432986154"/>
            <maxpow number="0.5691087432986154"/>
            <fprob>0.0</fprob>
        </actor>
        <actor name="D0N13">
            <wcet number="0">10</wcet>
            <wcet number="1">80</wcet>
            <maxpow number="0.7517508039888563"/>
            <maxpow number="0.7517508039888563"/>
            <fprob>0.0</fprob>
        </actor>
        <actor name="D0N21">
            <wcet number="0">70</wcet>
            <wcet number="1">100</wcet>
            <maxpow number="0.7048614900947576"/>
            <maxpow number="0.7048614900947576"/>
            <fprob>0.0</fprob>
        </actor>
        <actor name="D0N3">
            <wcet number="0">10</wcet>
            <wcet number="1">20</wcet>
            <maxpow number="0.5450039466180443"/>
            <maxpow number="0.5450039466180443"/>
            <fprob>0.0</fprob>
        </actor>
        <actor name="D0N1">
            <wcet number="0">50</wcet>
            <wcet number="1">50</wcet>
            <maxpow number="0.6493405189584645"/>
            <maxpow number="0.6493405189584645"/>
            <fprob>0.0</fprob>
        </actor>
        <actor name="D0N43">
            <wcet number="0">30</wcet>
            <wcet number="1">100</wcet>
            <maxpow number="0.4617662869736376"/>
            <maxpow number="0.4617662869736376"/>
            <fprob>0.0</fprob>
        </actor>
        <actor name="D0N24">
            <wcet number="0">10</wcet>
            <wcet number="1">40</wcet>
            <maxpow number="0.4806071234394681"/>
            <maxpow number="0.4806071234394681"/>
            <fprob>0.0</fprob>
        </actor>
        <actor name="D0N14">
            <wcet number="0">80</wcet>
            <wcet number="1">130</wcet>
            <maxpow number="0.7422726787702452"/>
            <maxpow number="0.7422726787702452"/>
            <fprob>0.0</fprob>
        </actor>
        <actor name="D0N2">
            <wcet number="0">10</wcet>
            <wcet number="1">30</wcet>
            <maxpow number="0.3749102429300281"/>
            <maxpow number="0.3749102429300281"/>
            <fprob>0.0</fprob>
        </actor>
        <actor name="D0N9">
            <wcet number="0">10</wcet>
            <wcet number="1">10</wcet>
            <maxpow number="0.8334999291113045"/>
            <maxpow number="0.8334999291113045"/>
            <fprob>0.0</fprob>
        </actor>
        <actor name="D0N37">
            <wcet number="0">50</wcet>
            <wcet number="1">60</wcet>
            <maxpow number="0.4716552617169705"/>
            <maxpow number="0.4716552617169705"/>
            <fprob>0.0</fprob>
        </actor>
        <actor name="D0N25">
            <wcet number="0">70</wcet>
            <wcet number="1">110</wcet>
            <maxpow number="0.3960910902081308"/>
            <maxpow number="0.3960910902081308"/>
            <fprob>0.0</fprob>
        </actor>
        <actor name="D0N34">
            <wcet number="0">10</wcet>
            <wcet number="1">60</wcet>
            <maxpow number="0.7110725395812829"/>
            <maxpow number="0.7110725395812829"/>
            <fprob>0.0</fprob>
        </actor>
        <actor name="D0N5">
            <wcet number="0">80</wcet>
            <wcet number="1">130</wcet>
            <maxpow number="0.7882831459197535"/>
            <maxpow number="0.7882831459197535"/>
            <fprob>0.0</fprob>
        </actor>
        <actor name="D0N30">
            <wcet number="0">10</wcet>
            <wcet number="1">10</wcet>
            <maxpow number="0.36844474315324727"/>
            <maxpow number="0.36844474315324727"/>
            <fprob>0.0</fprob>
        </actor>
        <actor name="D0N40">
            <wcet number="0">10</wcet>
            <wcet number="1">110</wcet>
            <maxpow number="0.5178133114546097"/>
            <maxpow number="0.5178133114546097"/>
            <fprob>0.0</fprob>
        </actor>
        <actor name="D0N0">
            <wcet number="0">60</wcet>
            <wcet number="1">70</wcet>
            <maxpow number="0.6164339935852442"/>
            <maxpow number="0.6164339935852442"/>
            <fprob>0.0</fprob>
        </actor>
        <actor name="D0N6">
            <wcet number="0">10</wcet>
            <wcet number="1">50</wcet>
            <maxpow number="0.7132123500660614"/>
            <maxpow number="0.7132123500660614"/>
            <fprob>0.0</fprob>
        </actor>
        <actor name="D0N39">
            <wcet number="0">60</wcet>
            <wcet number="1">60</wcet>
            <maxpow number="0.3649386160739277"/>
            <maxpow number="0.3649386160739277"/>
            <fprob>0.0</fprob>
        </actor>
        <actor name="D0N41">
            <wcet number="0">110</wcet>
            <wcet number="1">170</wcet>
            <maxpow number="0.8301745303361847"/>
            <maxpow number="0.8301745303361847"/>
            <fprob>0.0</fprob>
        </actor>
        <actor name="D0N29">
            <wcet number="0">80</wcet>
            <wcet number="1">110</wcet>
            <maxpow number="0.5663771107003734"/>
            <maxpow number="0.5663771107003734"/>
            <fprob>0.0</fprob>
        </actor>
        <actor name="D0N33">
            <wcet number="0">40</wcet>
            <wcet number="1">50</wcet>
            <maxpow number="0.7742376606923183"/>
            <maxpow number="0.7742376606923183"/>
            <fprob>0.0</fprob>
        </actor>
        <actor name="D0N10">
            <wcet number="0">20</wcet>
            <wcet number="1">20</wcet>
            <maxpow number="0.7083339995459517"/>
            <maxpow number="0.7083339995459517"/>
            <fprob>0.0</fprob>
        </actor>
        <actor name="D0N35">
            <wcet number="0">10</wcet>
            <wcet number="1">50</wcet>
            <maxpow number="0.46192429441135885"/>
            <maxpow number="0.46192429441135885"/>
            <fprob>0.0</fprob>
        </actor>
        <actor name="D0N20">
            <wcet number="0">10</wcet>
            <wcet number="1">20</wcet>
            <maxpow number="0.6122973236880689"/>
            <maxpow number="0.6122973236880689"/>
            <fprob>0.0</fprob>
        </actor>
        <actor name="D0N36">
            <wcet number="0">10</wcet>
            <wcet number="1">30</wcet>
            <maxpow number="0.4722697587031553"/>
            <maxpow number="0.4722697587031553"/>
            <fprob>0.0</fprob>
        </actor>
        <ports>
            <port dstActor="D0N26" name="p0" srcActor="D0N15"/>
            <port dstActor="D0N43" name="p1" srcActor="D0N42"/>
            <port dstActor="D0N41" name="p2" srcActor="D0N19"/>
            <port dstActor="D0N44" name="p3" srcActor="D0N38"/>
            <port dstActor="D0N41" name="p4" srcActor="D0N38"/>
            <port dstActor="D0N45" name="p5" srcActor="D0N38"/>
            <port dstActor="D0N30" name="p6" srcActor="D0N22"/>
            <port dstActor="D0N26" name="p7" srcActor="D0N22"/>
            <port dstActor="D0N44" name="p8" srcActor="D0N22"/>
            <port dstActor="D0N47" name="p9" srcActor="D0N22"/>
            <port dstActor="D0N34" name="p10" srcActor="D0N26"/>
            <port dstActor="D0N31" name="p11" srcActor="D0N26"/>
            <port dstActor="D0N35" name="p12" srcActor="D0N26"/>
            <port dstActor="D0N20" name="p13" srcActor="D0N17"/>
            <port dstActor="D0N36" name="p14" srcActor="D0N17"/>
            <port dstActor="D0N38" name="p15" srcActor="D0N31"/>
            <port dstActor="D0N41" name="p16" srcActor="D0N27"/>
            <port dstActor="D0N34" name="p17" srcActor="D0N27"/>
            <port dstActor="D0N26" name="p18" srcActor="D0N18"/>
            <port dstActor="D0N30" name="p19" srcActor="D0N12"/>
            <port dstActor="D0N21" name="p20" srcActor="D0N12"/>
            <port dstActor="D0N14" name="p21" srcActor="D0N12"/>
            <port dstActor="D0N37" name="p22" srcActor="D0N16"/>
            <port dstActor="D0N22" name="p23" srcActor="D0N16"/>
            <port dstActor="D0N42" name="p24" srcActor="D0N16"/>
            <port dstActor="D0N20" name="p25" srcActor="D0N16"/>
            <port dstActor="D0N23" name="p26" srcActor="D0N16"/>
            <port dstActor="D0N28" name="p27" srcActor="D0N16"/>
            <port dstActor="D0N30" name="p28" srcActor="D0N16"/>
            <port dstActor="D0N22" name="p29" srcActor="D0N8"/>
            <port dstActor="D0N31" name="p30" srcActor="D0N8"/>
            <port dstActor="D0N34" name="p31" srcActor="D0N8"/>
            <port dstActor="D0N32" name="p32" srcActor="D0N8"/>
            <port dstActor="D0N42" name="p33" srcActor="D0N8"/>
            <port dstActor="D0N23" name="p34" srcActor="D0N7"/>
            <port dstActor="D0N41" name="p35" srcActor="D0N7"/>
            <port dstActor="D0N40" name="p36" srcActor="D0N28"/>
            <port dstActor="D0N33" name="p37" srcActor="D0N28"/>
            <port dstActor="D0N34" name="p38" srcActor="D0N28"/>
            <port dstActor="D0N38" name="p39" srcActor="D0N11"/>
            <port dstActor="D0N19" name="p40" srcActor="D0N11"/>
            <port dstActor="D0N6" name="p41" srcActor="D0N4"/>
            <port dstActor="D0N28" name="p42" srcActor="D0N4"/>
            <port dstActor="D0N35" name="p43" srcActor="D0N23"/>
            <port dstActor="D0N45" name="p44" srcActor="D0N23"/>
            <port dstActor="D0N46" name="p45" srcActor="D0N23"/>
            <port dstActor="D0N39" name="p46" srcActor="D0N32"/>
            <port dstActor="D0N47" name="p47" srcActor="D0N13"/>
            <port dstActor="D0N22" name="p48" srcActor="D0N13"/>
            <port dstActor="D0N14" name="p49" srcActor="D0N13"/>
            <port dstActor="D0N30" name="p50" srcActor="D0N13"/>
            <port dstActor="D0N22" name="p51" srcActor="D0N21"/>
            <port dstActor="D0N44" name="p52" srcActor="D0N21"/>
            <port dstActor="D0N35" name="p53" srcActor="D0N3"/>
            <port dstActor="D0N25" name="p54" srcActor="D0N3"/>
            <port dstActor="D0N40" name="p55" srcActor="D0N1"/>
            <port dstActor="D0N45" name="p56" srcActor="D0N1"/>
            <port dstActor="D0N38" name="p57" srcActor="D0N1"/>
            <port dstActor="D0N15" name="p58" srcActor="D0N1"/>
            <port dstActor="D0N47" name="p59" srcActor="D0N43"/>
            <port dstActor="D0N16" name="p60" srcActor="D0N14"/>
            <port dstActor="D0N21" name="p61" srcActor="D0N14"/>
            <port dstActor="D0N24" name="p62" srcActor="D0N14"/>
            <port dstActor="D0N36" name="p63" srcActor="D0N14"/>
            <port dstActor="D0N25" name="p64" srcActor="D0N14"/>
            <port dstActor="D0N40" name="p65" srcActor="D0N14"/>
            <port dstActor="D0N25" name="p66" srcActor="D0N2"/>
            <port dstActor="D0N26" name="p67" srcActor="D0N2"/>
            <port dstActor="D0N28" name="p68" srcActor="D0N2"/>
            <port dstActor="D0N21" name="p69" srcActor="D0N2"/>
            <port dstActor="D0N19" name="p70" srcActor="D0N9"/>
            <port dstActor="D0N13" name="p71" srcActor="D0N9"/>
            <port dstActor="D0N32" name="p72" srcActor="D0N9"/>
            <port dstActor="D0N46" name="p73" srcActor="D0N9"/>
            <port dstActor="D0N39" name="p74" srcActor="D0N37"/>
            <port dstActor="D0N39" name="p75" srcActor="D0N25"/>
            <port dstActor="D0N28" name="p76" srcActor="D0N25"/>
            <port dstActor="D0N36" name="p77" srcActor="D0N25"/>
            <port dstActor="D0N44" name="p78" srcActor="D0N25"/>
            <port dstActor="D0N46" name="p79" srcActor="D0N25"/>
            <port dstActor="D0N30" name="p80" srcActor="D0N5"/>
            <port dstActor="D0N15" name="p81" srcActor="D0N5"/>
            <port dstActor="D0N25" name="p82" srcActor="D0N5"/>
            <port dstActor="D0N41" name="p83" srcActor="D0N40"/>
            <port dstActor="D0N47" name="p84" srcActor="D0N0"/>
            <port dstActor="D0N40" name="p85" srcActor="D0N0"/>
            <port dstActor="D0N21" name="p86" srcActor="D0N0"/>
            <port dstActor="D0N28" name="p87" srcActor="D0N0"/>
            <port dstActor="D0N23" name="p88" srcActor="D0N6"/>
            <port dstActor="D0N22" name="p89" srcActor="D0N6"/>
            <port dstActor="D0N40" name="p90" srcActor="D0N39"/>
            <port dstActor="D0N47" name="p91" srcActor="D0N41"/>
            <port dstActor="D0N35" name="p92" srcActor="D0N29"/>
            <port dstActor="D0N45" name="p93" srcActor="D0N29"/>
            <port dstActor="D0N30" name="p94" srcActor="D0N29"/>
            <port dstActor="D0N42" name="p95" srcActor="D0N33"/>
            <port dstActor="D0N39" name="p96" srcActor="D0N10"/>
            <port dstActor="D0N38" name="p97" srcActor="D0N10"/>
            <port dstActor="D0N45" name="p98" srcActor="D0N10"/>
            <port dstActor="D0N17" name="p99" srcActor="D0N10"/>
            <port dstActor="D0N21" name="p100" srcActor="D0N20"/>
            <port dstActor="D0N24" name="p101" srcActor="D0N20"/>
            <port dstActor="D0N40" name="p102" srcActor="D0N36"/>
        </ports>
    </mcdag>
    <cores number="3"/>
    <levels number="2"/>
</mcsystem>
