<?xml version="1.0" encoding="UTF-8" standalone="no"?>
<mcsystem>
    <mcdag deadline="1000" name="genned-0-ed-10.0-0">
        <actor name="D0N1">
            <wcet number="0">10</wcet>
            <wcet number="1">10</wcet>
            <maxpow number="0.7446530287586439"/>
            <maxpow number="0.7446530287586439"/>
            <fprob>0.0</fprob>
        </actor>
        <actor name="D0N3">
            <wcet number="0">10</wcet>
            <wcet number="1">50</wcet>
            <maxpow number="0.28211544640604364"/>
            <maxpow number="0.28211544640604364"/>
            <fprob>0.0</fprob>
        </actor>
        <actor name="D0N24">
            <wcet number="0">20</wcet>
            <wcet number="1">30</wcet>
            <maxpow number="0.19123878219087526"/>
            <maxpow number="0.19123878219087526"/>
            <fprob>0.0</fprob>
        </actor>
        <actor name="D0N32">
            <wcet number="0">30</wcet>
            <wcet number="1">60</wcet>
            <maxpow number="0.43195360117207454"/>
            <maxpow number="0.43195360117207454"/>
            <fprob>0.0</fprob>
        </actor>
        <actor name="D0N33">
            <wcet number="0">50</wcet>
            <wcet number="1">50</wcet>
            <maxpow number="0.8956815793603904"/>
            <maxpow number="0.8956815793603904"/>
            <fprob>0.0</fprob>
        </actor>
        <actor name="D0N19">
            <wcet number="0">10</wcet>
            <wcet number="1">90</wcet>
            <maxpow number="0.4308046179886158"/>
            <maxpow number="0.4308046179886158"/>
            <fprob>0.0</fprob>
        </actor>
        <actor name="D0N28">
            <wcet number="0">40</wcet>
            <wcet number="1">40</wcet>
            <maxpow number="0.5548069511122272"/>
            <maxpow number="0.5548069511122272"/>
            <fprob>0.0</fprob>
        </actor>
        <actor name="D0N29">
            <wcet number="0">10</wcet>
            <wcet number="1">10</wcet>
            <maxpow number="0.3503759481024521"/>
            <maxpow number="0.3503759481024521"/>
            <fprob>0.0</fprob>
        </actor>
        <actor name="D0N35">
            <wcet number="0">10</wcet>
            <wcet number="1">10</wcet>
            <maxpow number="0.34951993445369367"/>
            <maxpow number="0.34951993445369367"/>
            <fprob>0.0</fprob>
        </actor>
        <actor name="D0N26">
            <wcet number="0">10</wcet>
            <wcet number="1">40</wcet>
            <maxpow number="0.546789598663896"/>
            <maxpow number="0.546789598663896"/>
            <fprob>0.0</fprob>
        </actor>
        <actor name="D0N14">
            <wcet number="0">20</wcet>
            <wcet number="1">60</wcet>
            <maxpow number="0.4589334570475561"/>
            <maxpow number="0.4589334570475561"/>
            <fprob>0.0</fprob>
        </actor>
        <actor name="D0N7">
            <wcet number="0">30</wcet>
            <wcet number="1">30</wcet>
            <maxpow number="0.7207489531917305"/>
            <maxpow number="0.7207489531917305"/>
            <fprob>0.0</fprob>
        </actor>
        <actor name="D0N27">
            <wcet number="0">40</wcet>
            <wcet number="1">80</wcet>
            <maxpow number="0.3371673918202006"/>
            <maxpow number="0.3371673918202006"/>
            <fprob>0.0</fprob>
        </actor>
        <actor name="D0N43">
            <wcet number="0">20</wcet>
            <wcet number="1">20</wcet>
            <maxpow number="0.615181407759755"/>
            <maxpow number="0.615181407759755"/>
            <fprob>0.0</fprob>
        </actor>
        <actor name="D0N16">
            <wcet number="0">20</wcet>
            <wcet number="1">40</wcet>
            <maxpow number="0.6118208291581035"/>
            <maxpow number="0.6118208291581035"/>
            <fprob>0.0</fprob>
        </actor>
        <actor name="D0N38">
            <wcet number="0">170</wcet>
            <wcet number="1">170</wcet>
            <maxpow number="0.7265578860480535"/>
            <maxpow number="0.7265578860480535"/>
            <fprob>0.0</fprob>
        </actor>
        <actor name="D0N40">
            <wcet number="0">10</wcet>
            <wcet number="1">20</wcet>
            <maxpow number="0.724045901361104"/>
            <maxpow number="0.724045901361104"/>
            <fprob>0.0</fprob>
        </actor>
        <actor name="D0N8">
            <wcet number="0">60</wcet>
            <wcet number="1">70</wcet>
            <maxpow number="0.2826707556599914"/>
            <maxpow number="0.2826707556599914"/>
            <fprob>0.0</fprob>
        </actor>
        <actor name="D0N46">
            <wcet number="0">30</wcet>
            <wcet number="1">120</wcet>
            <maxpow number="0.4093365476186963"/>
            <maxpow number="0.4093365476186963"/>
            <fprob>0.0</fprob>
        </actor>
        <actor name="D0N5">
            <wcet number="0">20</wcet>
            <wcet number="1">70</wcet>
            <maxpow number="0.753263214189742"/>
            <maxpow number="0.753263214189742"/>
            <fprob>0.0</fprob>
        </actor>
        <actor name="D0N15">
            <wcet number="0">20</wcet>
            <wcet number="1">20</wcet>
            <maxpow number="0.5729200842234179"/>
            <maxpow number="0.5729200842234179"/>
            <fprob>0.0</fprob>
        </actor>
        <actor name="D0N10">
            <wcet number="0">30</wcet>
            <wcet number="1">30</wcet>
            <maxpow number="0.38654694863553796"/>
            <maxpow number="0.38654694863553796"/>
            <fprob>0.0</fprob>
        </actor>
        <actor name="D0N4">
            <wcet number="0">30</wcet>
            <wcet number="1">30</wcet>
            <maxpow number="0.5406314847656554"/>
            <maxpow number="0.5406314847656554"/>
            <fprob>0.0</fprob>
        </actor>
        <actor name="D0N30">
            <wcet number="0">20</wcet>
            <wcet number="1">40</wcet>
            <maxpow number="0.6193039166033238"/>
            <maxpow number="0.6193039166033238"/>
            <fprob>0.0</fprob>
        </actor>
        <actor name="D0N37">
            <wcet number="0">50</wcet>
            <wcet number="1">50</wcet>
            <maxpow number="0.4527414573867078"/>
            <maxpow number="0.4527414573867078"/>
            <fprob>0.0</fprob>
        </actor>
        <actor name="D0N20">
            <wcet number="0">120</wcet>
            <wcet number="1">130</wcet>
            <maxpow number="0.5064663897608236"/>
            <maxpow number="0.5064663897608236"/>
            <fprob>0.0</fprob>
        </actor>
        <actor name="D0N17">
            <wcet number="0">70</wcet>
            <wcet number="1">80</wcet>
            <maxpow number="0.6058780797279838"/>
            <maxpow number="0.6058780797279838"/>
            <fprob>0.0</fprob>
        </actor>
        <actor name="D0N11">
            <wcet number="0">50</wcet>
            <wcet number="1">50</wcet>
            <maxpow number="0.5883772228864932"/>
            <maxpow number="0.5883772228864932"/>
            <fprob>0.0</fprob>
        </actor>
        <actor name="D0N13">
            <wcet number="0">50</wcet>
            <wcet number="1">50</wcet>
            <maxpow number="0.7162902055473572"/>
            <maxpow number="0.7162902055473572"/>
            <fprob>0.0</fprob>
        </actor>
        <actor name="D0N23">
            <wcet number="0">20</wcet>
            <wcet number="1">30</wcet>
            <maxpow number="0.4025231647427389"/>
            <maxpow number="0.4025231647427389"/>
            <fprob>0.0</fprob>
        </actor>
        <actor name="D0N48">
            <wcet number="0">40</wcet>
            <wcet number="1">40</wcet>
            <maxpow number="0.38954619669955426"/>
            <maxpow number="0.38954619669955426"/>
            <fprob>0.0</fprob>
        </actor>
        <actor name="D0N44">
            <wcet number="0">10</wcet>
            <wcet number="1">40</wcet>
            <maxpow number="0.2603500328653768"/>
            <maxpow number="0.2603500328653768"/>
            <fprob>0.0</fprob>
        </actor>
        <actor name="D0N47">
            <wcet number="0">10</wcet>
            <wcet number="1">170</wcet>
            <maxpow number="0.6269159117215931"/>
            <maxpow number="0.6269159117215931"/>
            <fprob>0.0</fprob>
        </actor>
        <actor name="D0N22">
            <wcet number="0">50</wcet>
            <wcet number="1">120</wcet>
            <maxpow number="0.4011612808071924"/>
            <maxpow number="0.4011612808071924"/>
            <fprob>0.0</fprob>
        </actor>
        <actor name="D0N36">
            <wcet number="0">150</wcet>
            <wcet number="1">180</wcet>
            <maxpow number="0.3143480134367262"/>
            <maxpow number="0.3143480134367262"/>
            <fprob>0.0</fprob>
        </actor>
        <actor name="D0N18">
            <wcet number="0">10</wcet>
            <wcet number="1">10</wcet>
            <maxpow number="0.5199037907401914"/>
            <maxpow number="0.5199037907401914"/>
            <fprob>0.0</fprob>
        </actor>
        <actor name="D0N6">
            <wcet number="0">30</wcet>
            <wcet number="1">90</wcet>
            <maxpow number="0.6855891705670136"/>
            <maxpow number="0.6855891705670136"/>
            <fprob>0.0</fprob>
        </actor>
        <actor name="D0N9">
            <wcet number="0">10</wcet>
            <wcet number="1">50</wcet>
            <maxpow number="0.4216962672599491"/>
            <maxpow number="0.4216962672599491"/>
            <fprob>0.0</fprob>
        </actor>
        <actor name="D0N25">
            <wcet number="0">20</wcet>
            <wcet number="1">30</wcet>
            <maxpow number="0.8309525100112831"/>
            <maxpow number="0.8309525100112831"/>
            <fprob>0.0</fprob>
        </actor>
        <actor name="D0N31">
            <wcet number="0">40</wcet>
            <wcet number="1">40</wcet>
            <maxpow number="0.745237860433511"/>
            <maxpow number="0.745237860433511"/>
            <fprob>0.0</fprob>
        </actor>
        <actor name="D0N42">
            <wcet number="0">30</wcet>
            <wcet number="1">40</wcet>
            <maxpow number="0.5384237871823814"/>
            <maxpow number="0.5384237871823814"/>
            <fprob>0.0</fprob>
        </actor>
        <actor name="D0N45">
            <wcet number="0">30</wcet>
            <wcet number="1">30</wcet>
            <maxpow number="0.5480388948198723"/>
            <maxpow number="0.5480388948198723"/>
            <fprob>0.0</fprob>
        </actor>
        <actor name="D0N2">
            <wcet number="0">60</wcet>
            <wcet number="1">80</wcet>
            <maxpow number="0.8206054505207137"/>
            <maxpow number="0.8206054505207137"/>
            <fprob>0.0</fprob>
        </actor>
        <actor name="D0N21">
            <wcet number="0">10</wcet>
            <wcet number="1">40</wcet>
            <maxpow number="0.5727330869545755"/>
            <maxpow number="0.5727330869545755"/>
            <fprob>0.0</fprob>
        </actor>
        <actor name="D0N39">
            <wcet number="0">20</wcet>
            <wcet number="1">30</wcet>
            <maxpow number="0.3341163144780759"/>
            <maxpow number="0.3341163144780759"/>
            <fprob>0.0</fprob>
        </actor>
        <actor name="D0N0">
            <wcet number="0">210</wcet>
            <wcet number="1">220</wcet>
            <maxpow number="0.6124300429391812"/>
            <maxpow number="0.6124300429391812"/>
            <fprob>0.0</fprob>
        </actor>
        <actor name="D0N12">
            <wcet number="0">10</wcet>
            <wcet number="1">30</wcet>
            <maxpow number="0.15825846682343753"/>
            <maxpow number="0.15825846682343753"/>
            <fprob>0.0</fprob>
        </actor>
        <actor name="D0N34">
            <wcet number="0">20</wcet>
            <wcet number="1">30</wcet>
            <maxpow number="0.49941260926601405"/>
            <maxpow number="0.49941260926601405"/>
            <fprob>0.0</fprob>
        </actor>
        <actor name="D0N41">
            <wcet number="0">50</wcet>
            <wcet number="1">50</wcet>
            <maxpow number="0.32234495714231476"/>
            <maxpow number="0.32234495714231476"/>
            <fprob>0.0</fprob>
        </actor>
        <ports>
            <port dstActor="D0N16" name="p0" srcActor="D0N1"/>
            <port dstActor="D0N4" name="p1" srcActor="D0N1"/>
            <port dstActor="D0N17" name="p2" srcActor="D0N3"/>
            <port dstActor="D0N34" name="p3" srcActor="D0N3"/>
            <port dstActor="D0N7" name="p4" srcActor="D0N3"/>
            <port dstActor="D0N10" name="p5" srcActor="D0N3"/>
            <port dstActor="D0N35" name="p6" srcActor="D0N3"/>
            <port dstActor="D0N42" name="p7" srcActor="D0N3"/>
            <port dstActor="D0N26" name="p8" srcActor="D0N3"/>
            <port dstActor="D0N28" name="p9" srcActor="D0N24"/>
            <port dstActor="D0N25" name="p10" srcActor="D0N24"/>
            <port dstActor="D0N34" name="p11" srcActor="D0N32"/>
            <port dstActor="D0N48" name="p12" srcActor="D0N33"/>
            <port dstActor="D0N38" name="p13" srcActor="D0N33"/>
            <port dstActor="D0N32" name="p14" srcActor="D0N19"/>
            <port dstActor="D0N38" name="p15" srcActor="D0N19"/>
            <port dstActor="D0N37" name="p16" srcActor="D0N19"/>
            <port dstActor="D0N48" name="p17" srcActor="D0N19"/>
            <port dstActor="D0N29" name="p18" srcActor="D0N19"/>
            <port dstActor="D0N30" name="p19" srcActor="D0N28"/>
            <port dstActor="D0N34" name="p20" srcActor="D0N28"/>
            <port dstActor="D0N44" name="p21" srcActor="D0N29"/>
            <port dstActor="D0N37" name="p22" srcActor="D0N29"/>
            <port dstActor="D0N40" name="p23" srcActor="D0N35"/>
            <port dstActor="D0N20" name="p24" srcActor="D0N14"/>
            <port dstActor="D0N43" name="p25" srcActor="D0N14"/>
            <port dstActor="D0N20" name="p26" srcActor="D0N7"/>
            <port dstActor="D0N35" name="p27" srcActor="D0N7"/>
            <port dstActor="D0N31" name="p28" srcActor="D0N7"/>
            <port dstActor="D0N9" name="p29" srcActor="D0N7"/>
            <port dstActor="D0N42" name="p30" srcActor="D0N27"/>
            <port dstActor="D0N48" name="p31" srcActor="D0N27"/>
            <port dstActor="D0N17" name="p32" srcActor="D0N16"/>
            <port dstActor="D0N32" name="p33" srcActor="D0N16"/>
            <port dstActor="D0N43" name="p34" srcActor="D0N16"/>
            <port dstActor="D0N46" name="p35" srcActor="D0N38"/>
            <port dstActor="D0N40" name="p36" srcActor="D0N38"/>
            <port dstActor="D0N44" name="p37" srcActor="D0N40"/>
            <port dstActor="D0N22" name="p38" srcActor="D0N8"/>
            <port dstActor="D0N20" name="p39" srcActor="D0N8"/>
            <port dstActor="D0N25" name="p40" srcActor="D0N8"/>
            <port dstActor="D0N17" name="p41" srcActor="D0N8"/>
            <port dstActor="D0N27" name="p42" srcActor="D0N8"/>
            <port dstActor="D0N16" name="p43" srcActor="D0N8"/>
            <port dstActor="D0N40" name="p44" srcActor="D0N5"/>
            <port dstActor="D0N26" name="p45" srcActor="D0N5"/>
            <port dstActor="D0N29" name="p46" srcActor="D0N15"/>
            <port dstActor="D0N26" name="p47" srcActor="D0N15"/>
            <port dstActor="D0N45" name="p48" srcActor="D0N10"/>
            <port dstActor="D0N34" name="p49" srcActor="D0N10"/>
            <port dstActor="D0N12" name="p50" srcActor="D0N4"/>
            <port dstActor="D0N29" name="p51" srcActor="D0N4"/>
            <port dstActor="D0N26" name="p52" srcActor="D0N4"/>
            <port dstActor="D0N10" name="p53" srcActor="D0N4"/>
            <port dstActor="D0N47" name="p54" srcActor="D0N30"/>
            <port dstActor="D0N46" name="p55" srcActor="D0N30"/>
            <port dstActor="D0N44" name="p56" srcActor="D0N37"/>
            <port dstActor="D0N42" name="p57" srcActor="D0N37"/>
            <port dstActor="D0N43" name="p58" srcActor="D0N37"/>
            <port dstActor="D0N43" name="p59" srcActor="D0N20"/>
            <port dstActor="D0N41" name="p60" srcActor="D0N20"/>
            <port dstActor="D0N24" name="p61" srcActor="D0N20"/>
            <port dstActor="D0N26" name="p62" srcActor="D0N17"/>
            <port dstActor="D0N30" name="p63" srcActor="D0N17"/>
            <port dstActor="D0N19" name="p64" srcActor="D0N17"/>
            <port dstActor="D0N46" name="p65" srcActor="D0N17"/>
            <port dstActor="D0N43" name="p66" srcActor="D0N17"/>
            <port dstActor="D0N44" name="p67" srcActor="D0N17"/>
            <port dstActor="D0N33" name="p68" srcActor="D0N17"/>
            <port dstActor="D0N46" name="p69" srcActor="D0N11"/>
            <port dstActor="D0N44" name="p70" srcActor="D0N11"/>
            <port dstActor="D0N32" name="p71" srcActor="D0N11"/>
            <port dstActor="D0N22" name="p72" srcActor="D0N11"/>
            <port dstActor="D0N26" name="p73" srcActor="D0N11"/>
            <port dstActor="D0N39" name="p74" srcActor="D0N13"/>
            <port dstActor="D0N21" name="p75" srcActor="D0N13"/>
            <port dstActor="D0N45" name="p76" srcActor="D0N13"/>
            <port dstActor="D0N33" name="p77" srcActor="D0N13"/>
            <port dstActor="D0N26" name="p78" srcActor="D0N13"/>
            <port dstActor="D0N47" name="p79" srcActor="D0N13"/>
            <port dstActor="D0N27" name="p80" srcActor="D0N13"/>
            <port dstActor="D0N24" name="p81" srcActor="D0N13"/>
            <port dstActor="D0N37" name="p82" srcActor="D0N23"/>
            <port dstActor="D0N26" name="p83" srcActor="D0N23"/>
            <port dstActor="D0N29" name="p84" srcActor="D0N23"/>
            <port dstActor="D0N45" name="p85" srcActor="D0N44"/>
            <port dstActor="D0N30" name="p86" srcActor="D0N22"/>
            <port dstActor="D0N46" name="p87" srcActor="D0N22"/>
            <port dstActor="D0N28" name="p88" srcActor="D0N22"/>
            <port dstActor="D0N45" name="p89" srcActor="D0N36"/>
            <port dstActor="D0N40" name="p90" srcActor="D0N18"/>
            <port dstActor="D0N20" name="p91" srcActor="D0N18"/>
            <port dstActor="D0N37" name="p92" srcActor="D0N18"/>
            <port dstActor="D0N28" name="p93" srcActor="D0N18"/>
            <port dstActor="D0N26" name="p94" srcActor="D0N6"/>
            <port dstActor="D0N26" name="p95" srcActor="D0N9"/>
            <port dstActor="D0N44" name="p96" srcActor="D0N9"/>
            <port dstActor="D0N48" name="p97" srcActor="D0N9"/>
            <port dstActor="D0N32" name="p98" srcActor="D0N9"/>
            <port dstActor="D0N17" name="p99" srcActor="D0N9"/>
            <port dstActor="D0N33" name="p100" srcActor="D0N25"/>
            <port dstActor="D0N43" name="p101" srcActor="D0N31"/>
            <port dstActor="D0N38" name="p102" srcActor="D0N31"/>
            <port dstActor="D0N36" name="p103" srcActor="D0N2"/>
            <port dstActor="D0N11" name="p104" srcActor="D0N2"/>
            <port dstActor="D0N48" name="p105" srcActor="D0N2"/>
            <port dstActor="D0N38" name="p106" srcActor="D0N2"/>
            <port dstActor="D0N22" name="p107" srcActor="D0N2"/>
            <port dstActor="D0N35" name="p108" srcActor="D0N2"/>
            <port dstActor="D0N28" name="p109" srcActor="D0N21"/>
            <port dstActor="D0N46" name="p110" srcActor="D0N21"/>
            <port dstActor="D0N42" name="p111" srcActor="D0N39"/>
            <port dstActor="D0N24" name="p112" srcActor="D0N0"/>
            <port dstActor="D0N17" name="p113" srcActor="D0N0"/>
            <port dstActor="D0N26" name="p114" srcActor="D0N0"/>
            <port dstActor="D0N11" name="p115" srcActor="D0N0"/>
            <port dstActor="D0N27" name="p116" srcActor="D0N0"/>
            <port dstActor="D0N44" name="p117" srcActor="D0N0"/>
            <port dstActor="D0N37" name="p118" srcActor="D0N0"/>
            <port dstActor="D0N19" name="p119" srcActor="D0N0"/>
            <port dstActor="D0N44" name="p120" srcActor="D0N12"/>
            <port dstActor="D0N46" name="p121" srcActor="D0N12"/>
            <port dstActor="D0N27" name="p122" srcActor="D0N12"/>
            <port dstActor="D0N19" name="p123" srcActor="D0N12"/>
            <port dstActor="D0N15" name="p124" srcActor="D0N12"/>
            <port dstActor="D0N39" name="p125" srcActor="D0N12"/>
            <port dstActor="D0N37" name="p126" srcActor="D0N12"/>
            <port dstActor="D0N20" name="p127" srcActor="D0N12"/>
            <port dstActor="D0N25" name="p128" srcActor="D0N12"/>
            <port dstActor="D0N36" name="p129" srcActor="D0N34"/>
            <port dstActor="D0N45" name="p130" srcActor="D0N34"/>
            <port dstActor="D0N39" name="p131" srcActor="D0N34"/>
            <port dstActor="D0N45" name="p132" srcActor="D0N41"/>
        </ports>
    </mcdag>
    <cores number="3"/>
    <levels number="2"/>
</mcsystem>
