<?xml version="1.0" encoding="UTF-8" standalone="no"?>
<mcsystem>
    <mcdag deadline="2500" name="genned-0-ed-10.0-0">
        <actor name="D0N12">
            <wcet number="0">20</wcet>
            <wcet number="1">90</wcet>
            <maxpow number="0.5055939612764689"/>
            <maxpow number="0.5055939612764689"/>
            <fprob>0.0</fprob>
        </actor>
        <actor name="D0N31">
            <wcet number="0">100</wcet>
            <wcet number="1">230</wcet>
            <maxpow number="0.7606508174291021"/>
            <maxpow number="0.7606508174291021"/>
            <fprob>0.0</fprob>
        </actor>
        <actor name="D0N49">
            <wcet number="0">50</wcet>
            <wcet number="1">50</wcet>
            <maxpow number="0.547844905264627"/>
            <maxpow number="0.547844905264627"/>
            <fprob>0.0</fprob>
        </actor>
        <actor name="D0N36">
            <wcet number="0">40</wcet>
            <wcet number="1">90</wcet>
            <maxpow number="0.48816196828273895"/>
            <maxpow number="0.48816196828273895"/>
            <fprob>0.0</fprob>
        </actor>
        <actor name="D0N24">
            <wcet number="0">100</wcet>
            <wcet number="1">140</wcet>
            <maxpow number="0.5114856615165845"/>
            <maxpow number="0.5114856615165845"/>
            <fprob>0.0</fprob>
        </actor>
        <actor name="D0N32">
            <wcet number="0">20</wcet>
            <wcet number="1">80</wcet>
            <maxpow number="0.5103608801474457"/>
            <maxpow number="0.5103608801474457"/>
            <fprob>0.0</fprob>
        </actor>
        <actor name="D0N39">
            <wcet number="0">50</wcet>
            <wcet number="1">80</wcet>
            <maxpow number="0.42882628159032105"/>
            <maxpow number="0.42882628159032105"/>
            <fprob>0.0</fprob>
        </actor>
        <actor name="D0N2">
            <wcet number="0">10</wcet>
            <wcet number="1">120</wcet>
            <maxpow number="0.6976412186540155"/>
            <maxpow number="0.6976412186540155"/>
            <fprob>0.0</fprob>
        </actor>
        <actor name="D0N5">
            <wcet number="0">20</wcet>
            <wcet number="1">30</wcet>
            <maxpow number="0.8440147073614439"/>
            <maxpow number="0.8440147073614439"/>
            <fprob>0.0</fprob>
        </actor>
        <actor name="D0N13">
            <wcet number="0">50</wcet>
            <wcet number="1">60</wcet>
            <maxpow number="0.8277434241329209"/>
            <maxpow number="0.8277434241329209"/>
            <fprob>0.0</fprob>
        </actor>
        <actor name="D0N17">
            <wcet number="0">10</wcet>
            <wcet number="1">60</wcet>
            <maxpow number="0.44449435505263113"/>
            <maxpow number="0.44449435505263113"/>
            <fprob>0.0</fprob>
        </actor>
        <actor name="D0N4">
            <wcet number="0">80</wcet>
            <wcet number="1">110</wcet>
            <maxpow number="0.43959849741119683"/>
            <maxpow number="0.43959849741119683"/>
            <fprob>0.0</fprob>
        </actor>
        <actor name="D0N41">
            <wcet number="0">60</wcet>
            <wcet number="1">130</wcet>
            <maxpow number="0.9422060459834399"/>
            <maxpow number="0.9422060459834399"/>
            <fprob>0.0</fprob>
        </actor>
        <actor name="D0N15">
            <wcet number="0">40</wcet>
            <wcet number="1">60</wcet>
            <maxpow number="0.25609854825034134"/>
            <maxpow number="0.25609854825034134"/>
            <fprob>0.0</fprob>
        </actor>
        <actor name="D0N11">
            <wcet number="0">200</wcet>
            <wcet number="1">260</wcet>
            <maxpow number="0.2764180468238576"/>
            <maxpow number="0.2764180468238576"/>
            <fprob>0.0</fprob>
        </actor>
        <actor name="D0N6">
            <wcet number="0">50</wcet>
            <wcet number="1">150</wcet>
            <maxpow number="0.5451743061561636"/>
            <maxpow number="0.5451743061561636"/>
            <fprob>0.0</fprob>
        </actor>
        <actor name="D0N43">
            <wcet number="0">30</wcet>
            <wcet number="1">140</wcet>
            <maxpow number="0.8533622311957141"/>
            <maxpow number="0.8533622311957141"/>
            <fprob>0.0</fprob>
        </actor>
        <actor name="D0N8">
            <wcet number="0">140</wcet>
            <wcet number="1">200</wcet>
            <maxpow number="0.6692448153913089"/>
            <maxpow number="0.6692448153913089"/>
            <fprob>0.0</fprob>
        </actor>
        <actor name="D0N22">
            <wcet number="0">100</wcet>
            <wcet number="1">210</wcet>
            <maxpow number="0.8934571216274538"/>
            <maxpow number="0.8934571216274538"/>
            <fprob>0.0</fprob>
        </actor>
        <actor name="D0N48">
            <wcet number="0">40</wcet>
            <wcet number="1">90</wcet>
            <maxpow number="0.3961876659200054"/>
            <maxpow number="0.3961876659200054"/>
            <fprob>0.0</fprob>
        </actor>
        <actor name="D0N14">
            <wcet number="0">10</wcet>
            <wcet number="1">200</wcet>
            <maxpow number="0.4893543205376252"/>
            <maxpow number="0.4893543205376252"/>
            <fprob>0.0</fprob>
        </actor>
        <actor name="D0N35">
            <wcet number="0">10</wcet>
            <wcet number="1">30</wcet>
            <maxpow number="0.6526292191385575"/>
            <maxpow number="0.6526292191385575"/>
            <fprob>0.0</fprob>
        </actor>
        <actor name="D0N45">
            <wcet number="0">240</wcet>
            <wcet number="1">300</wcet>
            <maxpow number="0.32637910330573855"/>
            <maxpow number="0.32637910330573855"/>
            <fprob>0.0</fprob>
        </actor>
        <actor name="D0N34">
            <wcet number="0">10</wcet>
            <wcet number="1">60</wcet>
            <maxpow number="0.39964622137719674"/>
            <maxpow number="0.39964622137719674"/>
            <fprob>0.0</fprob>
        </actor>
        <actor name="D0N28">
            <wcet number="0">30</wcet>
            <wcet number="1">30</wcet>
            <maxpow number="0.7785006700336281"/>
            <maxpow number="0.7785006700336281"/>
            <fprob>0.0</fprob>
        </actor>
        <actor name="D0N47">
            <wcet number="0">190</wcet>
            <wcet number="1">260</wcet>
            <maxpow number="0.3323451783344873"/>
            <maxpow number="0.3323451783344873"/>
            <fprob>0.0</fprob>
        </actor>
        <actor name="D0N7">
            <wcet number="0">30</wcet>
            <wcet number="1">70</wcet>
            <maxpow number="0.8524299930902286"/>
            <maxpow number="0.8524299930902286"/>
            <fprob>0.0</fprob>
        </actor>
        <actor name="D0N9">
            <wcet number="0">10</wcet>
            <wcet number="1">20</wcet>
            <maxpow number="0.7289400357275664"/>
            <maxpow number="0.7289400357275664"/>
            <fprob>0.0</fprob>
        </actor>
        <actor name="D0N44">
            <wcet number="0">10</wcet>
            <wcet number="1">40</wcet>
            <maxpow number="0.48726979164316087"/>
            <maxpow number="0.48726979164316087"/>
            <fprob>0.0</fprob>
        </actor>
        <actor name="D0N18">
            <wcet number="0">30</wcet>
            <wcet number="1">30</wcet>
            <maxpow number="0.39734736816071414"/>
            <maxpow number="0.39734736816071414"/>
            <fprob>0.0</fprob>
        </actor>
        <actor name="D0N20">
            <wcet number="0">10</wcet>
            <wcet number="1">10</wcet>
            <maxpow number="0.7021794240922077"/>
            <maxpow number="0.7021794240922077"/>
            <fprob>0.0</fprob>
        </actor>
        <actor name="D0N40">
            <wcet number="0">70</wcet>
            <wcet number="1">70</wcet>
            <maxpow number="0.36361087822821736"/>
            <maxpow number="0.36361087822821736"/>
            <fprob>0.0</fprob>
        </actor>
        <actor name="D0N0">
            <wcet number="0">20</wcet>
            <wcet number="1">40</wcet>
            <maxpow number="0.38020183557135334"/>
            <maxpow number="0.38020183557135334"/>
            <fprob>0.0</fprob>
        </actor>
        <actor name="D0N29">
            <wcet number="0">40</wcet>
            <wcet number="1">80</wcet>
            <maxpow number="0.750367106770529"/>
            <maxpow number="0.750367106770529"/>
            <fprob>0.0</fprob>
        </actor>
        <actor name="D0N21">
            <wcet number="0">10</wcet>
            <wcet number="1">20</wcet>
            <maxpow number="0.7726007488029251"/>
            <maxpow number="0.7726007488029251"/>
            <fprob>0.0</fprob>
        </actor>
        <actor name="D0N33">
            <wcet number="0">30</wcet>
            <wcet number="1">50</wcet>
            <maxpow number="0.7157824632597125"/>
            <maxpow number="0.7157824632597125"/>
            <fprob>0.0</fprob>
        </actor>
        <actor name="D0N30">
            <wcet number="0">40</wcet>
            <wcet number="1">70</wcet>
            <maxpow number="0.36032348454995416"/>
            <maxpow number="0.36032348454995416"/>
            <fprob>0.0</fprob>
        </actor>
        <actor name="D0N1">
            <wcet number="0">60</wcet>
            <wcet number="1">180</wcet>
            <maxpow number="0.43684284598886836"/>
            <maxpow number="0.43684284598886836"/>
            <fprob>0.0</fprob>
        </actor>
        <actor name="D0N25">
            <wcet number="0">10</wcet>
            <wcet number="1">210</wcet>
            <maxpow number="0.5117335704481999"/>
            <maxpow number="0.5117335704481999"/>
            <fprob>0.0</fprob>
        </actor>
        <actor name="D0N37">
            <wcet number="0">20</wcet>
            <wcet number="1">90</wcet>
            <maxpow number="0.2920632099533729"/>
            <maxpow number="0.2920632099533729"/>
            <fprob>0.0</fprob>
        </actor>
        <actor name="D0N42">
            <wcet number="0">50</wcet>
            <wcet number="1">110</wcet>
            <maxpow number="0.30282896587435326"/>
            <maxpow number="0.30282896587435326"/>
            <fprob>0.0</fprob>
        </actor>
        <actor name="D0N23">
            <wcet number="0">30</wcet>
            <wcet number="1">50</wcet>
            <maxpow number="0.8396551724143975"/>
            <maxpow number="0.8396551724143975"/>
            <fprob>0.0</fprob>
        </actor>
        <actor name="D0N27">
            <wcet number="0">10</wcet>
            <wcet number="1">90</wcet>
            <maxpow number="0.45011776237775136"/>
            <maxpow number="0.45011776237775136"/>
            <fprob>0.0</fprob>
        </actor>
        <actor name="D0N16">
            <wcet number="0">230</wcet>
            <wcet number="1">550</wcet>
            <maxpow number="0.9756318097942622"/>
            <maxpow number="0.9756318097942622"/>
            <fprob>0.0</fprob>
        </actor>
        <actor name="D0N3">
            <wcet number="0">570</wcet>
            <wcet number="1">590</wcet>
            <maxpow number="0.1042607415282295"/>
            <maxpow number="0.1042607415282295"/>
            <fprob>0.0</fprob>
        </actor>
        <actor name="D0N10">
            <wcet number="0">40</wcet>
            <wcet number="1">40</wcet>
            <maxpow number="0.8119605185072232"/>
            <maxpow number="0.8119605185072232"/>
            <fprob>0.0</fprob>
        </actor>
        <actor name="D0N19">
            <wcet number="0">30</wcet>
            <wcet number="1">60</wcet>
            <maxpow number="0.9517790779426758"/>
            <maxpow number="0.9517790779426758"/>
            <fprob>0.0</fprob>
        </actor>
        <actor name="D0N26">
            <wcet number="0">20</wcet>
            <wcet number="1">60</wcet>
            <maxpow number="0.45392872315907984"/>
            <maxpow number="0.45392872315907984"/>
            <fprob>0.0</fprob>
        </actor>
        <actor name="D0N46">
            <wcet number="0">60</wcet>
            <wcet number="1">150</wcet>
            <maxpow number="0.35289724148502477"/>
            <maxpow number="0.35289724148502477"/>
            <fprob>0.0</fprob>
        </actor>
        <actor name="D0N38">
            <wcet number="0">50</wcet>
            <wcet number="1">60</wcet>
            <maxpow number="0.3178947062830848"/>
            <maxpow number="0.3178947062830848"/>
            <fprob>0.0</fprob>
        </actor>
        <ports>
            <port dstActor="D0N15" name="p0" srcActor="D0N12"/>
            <port dstActor="D0N42" name="p1" srcActor="D0N12"/>
            <port dstActor="D0N44" name="p2" srcActor="D0N12"/>
            <port dstActor="D0N19" name="p3" srcActor="D0N12"/>
            <port dstActor="D0N38" name="p4" srcActor="D0N12"/>
            <port dstActor="D0N36" name="p5" srcActor="D0N12"/>
            <port dstActor="D0N40" name="p6" srcActor="D0N31"/>
            <port dstActor="D0N37" name="p7" srcActor="D0N31"/>
            <port dstActor="D0N32" name="p8" srcActor="D0N31"/>
            <port dstActor="D0N44" name="p9" srcActor="D0N36"/>
            <port dstActor="D0N47" name="p10" srcActor="D0N36"/>
            <port dstActor="D0N48" name="p11" srcActor="D0N36"/>
            <port dstActor="D0N41" name="p12" srcActor="D0N36"/>
            <port dstActor="D0N42" name="p13" srcActor="D0N24"/>
            <port dstActor="D0N31" name="p14" srcActor="D0N24"/>
            <port dstActor="D0N36" name="p15" srcActor="D0N24"/>
            <port dstActor="D0N39" name="p16" srcActor="D0N24"/>
            <port dstActor="D0N49" name="p17" srcActor="D0N32"/>
            <port dstActor="D0N42" name="p18" srcActor="D0N32"/>
            <port dstActor="D0N43" name="p19" srcActor="D0N39"/>
            <port dstActor="D0N40" name="p20" srcActor="D0N39"/>
            <port dstActor="D0N3" name="p21" srcActor="D0N2"/>
            <port dstActor="D0N4" name="p22" srcActor="D0N2"/>
            <port dstActor="D0N19" name="p23" srcActor="D0N5"/>
            <port dstActor="D0N39" name="p24" srcActor="D0N5"/>
            <port dstActor="D0N43" name="p25" srcActor="D0N5"/>
            <port dstActor="D0N29" name="p26" srcActor="D0N5"/>
            <port dstActor="D0N16" name="p27" srcActor="D0N13"/>
            <port dstActor="D0N18" name="p28" srcActor="D0N13"/>
            <port dstActor="D0N43" name="p29" srcActor="D0N13"/>
            <port dstActor="D0N41" name="p30" srcActor="D0N17"/>
            <port dstActor="D0N18" name="p31" srcActor="D0N17"/>
            <port dstActor="D0N28" name="p32" srcActor="D0N17"/>
            <port dstActor="D0N18" name="p33" srcActor="D0N4"/>
            <port dstActor="D0N25" name="p34" srcActor="D0N4"/>
            <port dstActor="D0N34" name="p35" srcActor="D0N4"/>
            <port dstActor="D0N25" name="p36" srcActor="D0N15"/>
            <port dstActor="D0N36" name="p37" srcActor="D0N15"/>
            <port dstActor="D0N39" name="p38" srcActor="D0N11"/>
            <port dstActor="D0N46" name="p39" srcActor="D0N11"/>
            <port dstActor="D0N11" name="p40" srcActor="D0N6"/>
            <port dstActor="D0N48" name="p41" srcActor="D0N6"/>
            <port dstActor="D0N43" name="p42" srcActor="D0N6"/>
            <port dstActor="D0N9" name="p43" srcActor="D0N6"/>
            <port dstActor="D0N8" name="p44" srcActor="D0N6"/>
            <port dstActor="D0N45" name="p45" srcActor="D0N43"/>
            <port dstActor="D0N24" name="p46" srcActor="D0N8"/>
            <port dstActor="D0N10" name="p47" srcActor="D0N8"/>
            <port dstActor="D0N18" name="p48" srcActor="D0N8"/>
            <port dstActor="D0N29" name="p49" srcActor="D0N8"/>
            <port dstActor="D0N9" name="p50" srcActor="D0N8"/>
            <port dstActor="D0N46" name="p51" srcActor="D0N8"/>
            <port dstActor="D0N41" name="p52" srcActor="D0N8"/>
            <port dstActor="D0N33" name="p53" srcActor="D0N8"/>
            <port dstActor="D0N24" name="p54" srcActor="D0N22"/>
            <port dstActor="D0N33" name="p55" srcActor="D0N22"/>
            <port dstActor="D0N34" name="p56" srcActor="D0N14"/>
            <port dstActor="D0N45" name="p57" srcActor="D0N14"/>
            <port dstActor="D0N29" name="p58" srcActor="D0N14"/>
            <port dstActor="D0N36" name="p59" srcActor="D0N14"/>
            <port dstActor="D0N17" name="p60" srcActor="D0N14"/>
            <port dstActor="D0N45" name="p61" srcActor="D0N35"/>
            <port dstActor="D0N39" name="p62" srcActor="D0N35"/>
            <port dstActor="D0N46" name="p63" srcActor="D0N45"/>
            <port dstActor="D0N43" name="p64" srcActor="D0N34"/>
            <port dstActor="D0N36" name="p65" srcActor="D0N34"/>
            <port dstActor="D0N43" name="p66" srcActor="D0N28"/>
            <port dstActor="D0N38" name="p67" srcActor="D0N28"/>
            <port dstActor="D0N44" name="p68" srcActor="D0N28"/>
            <port dstActor="D0N49" name="p69" srcActor="D0N28"/>
            <port dstActor="D0N8" name="p70" srcActor="D0N7"/>
            <port dstActor="D0N37" name="p71" srcActor="D0N7"/>
            <port dstActor="D0N43" name="p72" srcActor="D0N7"/>
            <port dstActor="D0N19" name="p73" srcActor="D0N7"/>
            <port dstActor="D0N46" name="p74" srcActor="D0N7"/>
            <port dstActor="D0N14" name="p75" srcActor="D0N9"/>
            <port dstActor="D0N34" name="p76" srcActor="D0N9"/>
            <port dstActor="D0N24" name="p77" srcActor="D0N9"/>
            <port dstActor="D0N40" name="p78" srcActor="D0N9"/>
            <port dstActor="D0N45" name="p79" srcActor="D0N44"/>
            <port dstActor="D0N26" name="p80" srcActor="D0N18"/>
            <port dstActor="D0N21" name="p81" srcActor="D0N18"/>
            <port dstActor="D0N23" name="p82" srcActor="D0N18"/>
            <port dstActor="D0N39" name="p83" srcActor="D0N18"/>
            <port dstActor="D0N46" name="p84" srcActor="D0N20"/>
            <port dstActor="D0N31" name="p85" srcActor="D0N20"/>
            <port dstActor="D0N38" name="p86" srcActor="D0N20"/>
            <port dstActor="D0N24" name="p87" srcActor="D0N20"/>
            <port dstActor="D0N46" name="p88" srcActor="D0N40"/>
            <port dstActor="D0N42" name="p89" srcActor="D0N40"/>
            <port dstActor="D0N23" name="p90" srcActor="D0N0"/>
            <port dstActor="D0N4" name="p91" srcActor="D0N0"/>
            <port dstActor="D0N37" name="p92" srcActor="D0N29"/>
            <port dstActor="D0N41" name="p93" srcActor="D0N29"/>
            <port dstActor="D0N47" name="p94" srcActor="D0N29"/>
            <port dstActor="D0N49" name="p95" srcActor="D0N29"/>
            <port dstActor="D0N49" name="p96" srcActor="D0N21"/>
            <port dstActor="D0N42" name="p97" srcActor="D0N21"/>
            <port dstActor="D0N35" name="p98" srcActor="D0N33"/>
            <port dstActor="D0N44" name="p99" srcActor="D0N33"/>
            <port dstActor="D0N40" name="p100" srcActor="D0N30"/>
            <port dstActor="D0N33" name="p101" srcActor="D0N30"/>
            <port dstActor="D0N13" name="p102" srcActor="D0N1"/>
            <port dstActor="D0N30" name="p103" srcActor="D0N25"/>
            <port dstActor="D0N28" name="p104" srcActor="D0N25"/>
            <port dstActor="D0N43" name="p105" srcActor="D0N25"/>
            <port dstActor="D0N46" name="p106" srcActor="D0N42"/>
            <port dstActor="D0N31" name="p107" srcActor="D0N23"/>
            <port dstActor="D0N41" name="p108" srcActor="D0N23"/>
            <port dstActor="D0N42" name="p109" srcActor="D0N27"/>
            <port dstActor="D0N32" name="p110" srcActor="D0N27"/>
            <port dstActor="D0N46" name="p111" srcActor="D0N16"/>
            <port dstActor="D0N19" name="p112" srcActor="D0N16"/>
            <port dstActor="D0N23" name="p113" srcActor="D0N16"/>
            <port dstActor="D0N31" name="p114" srcActor="D0N3"/>
            <port dstActor="D0N21" name="p115" srcActor="D0N3"/>
            <port dstActor="D0N24" name="p116" srcActor="D0N3"/>
            <port dstActor="D0N46" name="p117" srcActor="D0N3"/>
            <port dstActor="D0N10" name="p118" srcActor="D0N3"/>
            <port dstActor="D0N45" name="p119" srcActor="D0N10"/>
            <port dstActor="D0N26" name="p120" srcActor="D0N10"/>
            <port dstActor="D0N22" name="p121" srcActor="D0N10"/>
            <port dstActor="D0N37" name="p122" srcActor="D0N19"/>
            <port dstActor="D0N20" name="p123" srcActor="D0N19"/>
            <port dstActor="D0N26" name="p124" srcActor="D0N19"/>
            <port dstActor="D0N34" name="p125" srcActor="D0N19"/>
            <port dstActor="D0N48" name="p126" srcActor="D0N46"/>
        </ports>
    </mcdag>
    <cores number="3"/>
    <levels number="2"/>
</mcsystem>
