<?xml version="1.0" encoding="UTF-8" standalone="no"?>
<mcsystem>
    <mcdag deadline="1200" name="genned-0-ed-10.0-0">
        <actor name="D0N18">
            <wcet number="0">10</wcet>
            <wcet number="1">10</wcet>
            <maxpow number="0.5185382628935898"/>
            <maxpow number="0.5185382628935898"/>
            <fprob>0.0</fprob>
        </actor>
        <actor name="D0N14">
            <wcet number="0">10</wcet>
            <wcet number="1">10</wcet>
            <maxpow number="0.5705019848282097"/>
            <maxpow number="0.5705019848282097"/>
            <fprob>0.0</fprob>
        </actor>
        <actor name="D0N21">
            <wcet number="0">10</wcet>
            <wcet number="1">20</wcet>
            <maxpow number="0.22588898789467815"/>
            <maxpow number="0.22588898789467815"/>
            <fprob>0.0</fprob>
        </actor>
        <actor name="D0N25">
            <wcet number="0">50</wcet>
            <wcet number="1">90</wcet>
            <maxpow number="0.8604215774986065"/>
            <maxpow number="0.8604215774986065"/>
            <fprob>0.0</fprob>
        </actor>
        <actor name="D0N23">
            <wcet number="0">10</wcet>
            <wcet number="1">60</wcet>
            <maxpow number="0.7833759177032622"/>
            <maxpow number="0.7833759177032622"/>
            <fprob>0.0</fprob>
        </actor>
        <actor name="D0N35">
            <wcet number="0">10</wcet>
            <wcet number="1">10</wcet>
            <maxpow number="0.6242481074926728"/>
            <maxpow number="0.6242481074926728"/>
            <fprob>0.0</fprob>
        </actor>
        <actor name="D0N33">
            <wcet number="0">50</wcet>
            <wcet number="1">150</wcet>
            <maxpow number="0.5859062653862044"/>
            <maxpow number="0.5859062653862044"/>
            <fprob>0.0</fprob>
        </actor>
        <actor name="D0N41">
            <wcet number="0">10</wcet>
            <wcet number="1">10</wcet>
            <maxpow number="0.8170474644411396"/>
            <maxpow number="0.8170474644411396"/>
            <fprob>0.0</fprob>
        </actor>
        <actor name="D0N17">
            <wcet number="0">10</wcet>
            <wcet number="1">10</wcet>
            <maxpow number="0.6547290005915298"/>
            <maxpow number="0.6547290005915298"/>
            <fprob>0.0</fprob>
        </actor>
        <actor name="D0N32">
            <wcet number="0">10</wcet>
            <wcet number="1">50</wcet>
            <maxpow number="0.4715307426799814"/>
            <maxpow number="0.4715307426799814"/>
            <fprob>0.0</fprob>
        </actor>
        <actor name="D0N19">
            <wcet number="0">20</wcet>
            <wcet number="1">60</wcet>
            <maxpow number="0.3411934463801103"/>
            <maxpow number="0.3411934463801103"/>
            <fprob>0.0</fprob>
        </actor>
        <actor name="D0N7">
            <wcet number="0">40</wcet>
            <wcet number="1">90</wcet>
            <maxpow number="0.606287848736"/>
            <maxpow number="0.606287848736"/>
            <fprob>0.0</fprob>
        </actor>
        <actor name="D0N1">
            <wcet number="0">20</wcet>
            <wcet number="1">40</wcet>
            <maxpow number="0.5326369985130611"/>
            <maxpow number="0.5326369985130611"/>
            <fprob>0.0</fprob>
        </actor>
        <actor name="D0N26">
            <wcet number="0">20</wcet>
            <wcet number="1">20</wcet>
            <maxpow number="0.8216726745260742"/>
            <maxpow number="0.8216726745260742"/>
            <fprob>0.0</fprob>
        </actor>
        <actor name="D0N37">
            <wcet number="0">30</wcet>
            <wcet number="1">140</wcet>
            <maxpow number="0.6023182548675581"/>
            <maxpow number="0.6023182548675581"/>
            <fprob>0.0</fprob>
        </actor>
        <actor name="D0N27">
            <wcet number="0">20</wcet>
            <wcet number="1">40</wcet>
            <maxpow number="0.7686168364243173"/>
            <maxpow number="0.7686168364243173"/>
            <fprob>0.0</fprob>
        </actor>
        <actor name="D0N34">
            <wcet number="0">10</wcet>
            <wcet number="1">10</wcet>
            <maxpow number="0.3481675993101116"/>
            <maxpow number="0.3481675993101116"/>
            <fprob>0.0</fprob>
        </actor>
        <actor name="D0N22">
            <wcet number="0">100</wcet>
            <wcet number="1">120</wcet>
            <maxpow number="0.11273559638324876"/>
            <maxpow number="0.11273559638324876"/>
            <fprob>0.0</fprob>
        </actor>
        <actor name="D0N0">
            <wcet number="0">10</wcet>
            <wcet number="1">10</wcet>
            <maxpow number="0.5112178078230118"/>
            <maxpow number="0.5112178078230118"/>
            <fprob>0.0</fprob>
        </actor>
        <actor name="D0N16">
            <wcet number="0">20</wcet>
            <wcet number="1">20</wcet>
            <maxpow number="0.2915819446039233"/>
            <maxpow number="0.2915819446039233"/>
            <fprob>0.0</fprob>
        </actor>
        <actor name="D0N3">
            <wcet number="0">40</wcet>
            <wcet number="1">70</wcet>
            <maxpow number="0.21996520487954285"/>
            <maxpow number="0.21996520487954285"/>
            <fprob>0.0</fprob>
        </actor>
        <actor name="D0N40">
            <wcet number="0">50</wcet>
            <wcet number="1">50</wcet>
            <maxpow number="0.6123180422111367"/>
            <maxpow number="0.6123180422111367"/>
            <fprob>0.0</fprob>
        </actor>
        <actor name="D0N5">
            <wcet number="0">150</wcet>
            <wcet number="1">150</wcet>
            <maxpow number="0.68261101106729"/>
            <maxpow number="0.68261101106729"/>
            <fprob>0.0</fprob>
        </actor>
        <actor name="D0N2">
            <wcet number="0">30</wcet>
            <wcet number="1">30</wcet>
            <maxpow number="0.327381987737439"/>
            <maxpow number="0.327381987737439"/>
            <fprob>0.0</fprob>
        </actor>
        <actor name="D0N13">
            <wcet number="0">30</wcet>
            <wcet number="1">30</wcet>
            <maxpow number="0.4593475166292392"/>
            <maxpow number="0.4593475166292392"/>
            <fprob>0.0</fprob>
        </actor>
        <actor name="D0N42">
            <wcet number="0">90</wcet>
            <wcet number="1">120</wcet>
            <maxpow number="0.7140090492975752"/>
            <maxpow number="0.7140090492975752"/>
            <fprob>0.0</fprob>
        </actor>
        <actor name="D0N31">
            <wcet number="0">10</wcet>
            <wcet number="1">20</wcet>
            <maxpow number="0.35155277462819634"/>
            <maxpow number="0.35155277462819634"/>
            <fprob>0.0</fprob>
        </actor>
        <actor name="D0N11">
            <wcet number="0">20</wcet>
            <wcet number="1">90</wcet>
            <maxpow number="0.4770102749092886"/>
            <maxpow number="0.4770102749092886"/>
            <fprob>0.0</fprob>
        </actor>
        <actor name="D0N6">
            <wcet number="0">50</wcet>
            <wcet number="1">70</wcet>
            <maxpow number="0.7137040724822058"/>
            <maxpow number="0.7137040724822058"/>
            <fprob>0.0</fprob>
        </actor>
        <actor name="D0N29">
            <wcet number="0">10</wcet>
            <wcet number="1">10</wcet>
            <maxpow number="0.6975882564061873"/>
            <maxpow number="0.6975882564061873"/>
            <fprob>0.0</fprob>
        </actor>
        <actor name="D0N36">
            <wcet number="0">10</wcet>
            <wcet number="1">80</wcet>
            <maxpow number="0.9468064839434914"/>
            <maxpow number="0.9468064839434914"/>
            <fprob>0.0</fprob>
        </actor>
        <actor name="D0N10">
            <wcet number="0">80</wcet>
            <wcet number="1">130</wcet>
            <maxpow number="0.5931742513810893"/>
            <maxpow number="0.5931742513810893"/>
            <fprob>0.0</fprob>
        </actor>
        <actor name="D0N38">
            <wcet number="0">10</wcet>
            <wcet number="1">10</wcet>
            <maxpow number="0.6449237922075975"/>
            <maxpow number="0.6449237922075975"/>
            <fprob>0.0</fprob>
        </actor>
        <actor name="D0N4">
            <wcet number="0">10</wcet>
            <wcet number="1">20</wcet>
            <maxpow number="0.8145291929883173"/>
            <maxpow number="0.8145291929883173"/>
            <fprob>0.0</fprob>
        </actor>
        <actor name="D0N9">
            <wcet number="0">80</wcet>
            <wcet number="1">150</wcet>
            <maxpow number="0.5407308097257988"/>
            <maxpow number="0.5407308097257988"/>
            <fprob>0.0</fprob>
        </actor>
        <actor name="D0N30">
            <wcet number="0">10</wcet>
            <wcet number="1">30</wcet>
            <maxpow number="0.45548935469283597"/>
            <maxpow number="0.45548935469283597"/>
            <fprob>0.0</fprob>
        </actor>
        <actor name="D0N24">
            <wcet number="0">30</wcet>
            <wcet number="1">70</wcet>
            <maxpow number="0.6442638258920534"/>
            <maxpow number="0.6442638258920534"/>
            <fprob>0.0</fprob>
        </actor>
        <actor name="D0N28">
            <wcet number="0">20</wcet>
            <wcet number="1">20</wcet>
            <maxpow number="0.7444630259771968"/>
            <maxpow number="0.7444630259771968"/>
            <fprob>0.0</fprob>
        </actor>
        <actor name="D0N15">
            <wcet number="0">30</wcet>
            <wcet number="1">40</wcet>
            <maxpow number="0.6048871179428031"/>
            <maxpow number="0.6048871179428031"/>
            <fprob>0.0</fprob>
        </actor>
        <actor name="D0N8">
            <wcet number="0">30</wcet>
            <wcet number="1">160</wcet>
            <maxpow number="0.45036897499563044"/>
            <maxpow number="0.45036897499563044"/>
            <fprob>0.0</fprob>
        </actor>
        <actor name="D0N12">
            <wcet number="0">40</wcet>
            <wcet number="1">80</wcet>
            <maxpow number="0.4610155983238252"/>
            <maxpow number="0.4610155983238252"/>
            <fprob>0.0</fprob>
        </actor>
        <actor name="D0N39">
            <wcet number="0">30</wcet>
            <wcet number="1">40</wcet>
            <maxpow number="0.7939705123965107"/>
            <maxpow number="0.7939705123965107"/>
            <fprob>0.0</fprob>
        </actor>
        <actor name="D0N20">
            <wcet number="0">70</wcet>
            <wcet number="1">80</wcet>
            <maxpow number="0.5512035464518759"/>
            <maxpow number="0.5512035464518759"/>
            <fprob>0.0</fprob>
        </actor>
        <ports>
            <port dstActor="D0N40" name="p0" srcActor="D0N18"/>
            <port dstActor="D0N39" name="p1" srcActor="D0N14"/>
            <port dstActor="D0N31" name="p2" srcActor="D0N14"/>
            <port dstActor="D0N42" name="p3" srcActor="D0N33"/>
            <port dstActor="D0N35" name="p4" srcActor="D0N32"/>
            <port dstActor="D0N41" name="p5" srcActor="D0N32"/>
            <port dstActor="D0N24" name="p6" srcActor="D0N19"/>
            <port dstActor="D0N25" name="p7" srcActor="D0N7"/>
            <port dstActor="D0N12" name="p8" srcActor="D0N7"/>
            <port dstActor="D0N32" name="p9" srcActor="D0N7"/>
            <port dstActor="D0N24" name="p10" srcActor="D0N7"/>
            <port dstActor="D0N33" name="p11" srcActor="D0N7"/>
            <port dstActor="D0N7" name="p12" srcActor="D0N1"/>
            <port dstActor="D0N23" name="p13" srcActor="D0N1"/>
            <port dstActor="D0N32" name="p14" srcActor="D0N26"/>
            <port dstActor="D0N35" name="p15" srcActor="D0N26"/>
            <port dstActor="D0N39" name="p16" srcActor="D0N26"/>
            <port dstActor="D0N33" name="p17" srcActor="D0N27"/>
            <port dstActor="D0N1" name="p18" srcActor="D0N0"/>
            <port dstActor="D0N27" name="p19" srcActor="D0N0"/>
            <port dstActor="D0N12" name="p20" srcActor="D0N0"/>
            <port dstActor="D0N18" name="p21" srcActor="D0N0"/>
            <port dstActor="D0N30" name="p22" srcActor="D0N0"/>
            <port dstActor="D0N32" name="p23" srcActor="D0N0"/>
            <port dstActor="D0N22" name="p24" srcActor="D0N16"/>
            <port dstActor="D0N29" name="p25" srcActor="D0N16"/>
            <port dstActor="D0N39" name="p26" srcActor="D0N16"/>
            <port dstActor="D0N28" name="p27" srcActor="D0N16"/>
            <port dstActor="D0N30" name="p28" srcActor="D0N16"/>
            <port dstActor="D0N26" name="p29" srcActor="D0N3"/>
            <port dstActor="D0N38" name="p30" srcActor="D0N3"/>
            <port dstActor="D0N35" name="p31" srcActor="D0N5"/>
            <port dstActor="D0N41" name="p32" srcActor="D0N5"/>
            <port dstActor="D0N37" name="p33" srcActor="D0N5"/>
            <port dstActor="D0N30" name="p34" srcActor="D0N5"/>
            <port dstActor="D0N33" name="p35" srcActor="D0N5"/>
            <port dstActor="D0N42" name="p36" srcActor="D0N2"/>
            <port dstActor="D0N7" name="p37" srcActor="D0N2"/>
            <port dstActor="D0N35" name="p38" srcActor="D0N2"/>
            <port dstActor="D0N25" name="p39" srcActor="D0N2"/>
            <port dstActor="D0N21" name="p40" srcActor="D0N13"/>
            <port dstActor="D0N42" name="p41" srcActor="D0N13"/>
            <port dstActor="D0N29" name="p42" srcActor="D0N13"/>
            <port dstActor="D0N15" name="p43" srcActor="D0N11"/>
            <port dstActor="D0N35" name="p44" srcActor="D0N11"/>
            <port dstActor="D0N22" name="p45" srcActor="D0N11"/>
            <port dstActor="D0N10" name="p46" srcActor="D0N6"/>
            <port dstActor="D0N28" name="p47" srcActor="D0N6"/>
            <port dstActor="D0N22" name="p48" srcActor="D0N6"/>
            <port dstActor="D0N7" name="p49" srcActor="D0N6"/>
            <port dstActor="D0N13" name="p50" srcActor="D0N6"/>
            <port dstActor="D0N27" name="p51" srcActor="D0N10"/>
            <port dstActor="D0N40" name="p52" srcActor="D0N10"/>
            <port dstActor="D0N25" name="p53" srcActor="D0N10"/>
            <port dstActor="D0N42" name="p54" srcActor="D0N38"/>
            <port dstActor="D0N20" name="p55" srcActor="D0N4"/>
            <port dstActor="D0N24" name="p56" srcActor="D0N4"/>
            <port dstActor="D0N39" name="p57" srcActor="D0N4"/>
            <port dstActor="D0N27" name="p58" srcActor="D0N9"/>
            <port dstActor="D0N14" name="p59" srcActor="D0N9"/>
            <port dstActor="D0N18" name="p60" srcActor="D0N9"/>
            <port dstActor="D0N40" name="p61" srcActor="D0N28"/>
            <port dstActor="D0N33" name="p62" srcActor="D0N28"/>
            <port dstActor="D0N38" name="p63" srcActor="D0N28"/>
            <port dstActor="D0N19" name="p64" srcActor="D0N15"/>
            <port dstActor="D0N33" name="p65" srcActor="D0N15"/>
            <port dstActor="D0N28" name="p66" srcActor="D0N8"/>
            <port dstActor="D0N24" name="p67" srcActor="D0N8"/>
            <port dstActor="D0N32" name="p68" srcActor="D0N8"/>
            <port dstActor="D0N24" name="p69" srcActor="D0N12"/>
            <port dstActor="D0N17" name="p70" srcActor="D0N12"/>
            <port dstActor="D0N20" name="p71" srcActor="D0N12"/>
            <port dstActor="D0N16" name="p72" srcActor="D0N12"/>
            <port dstActor="D0N35" name="p73" srcActor="D0N20"/>
            <port dstActor="D0N28" name="p74" srcActor="D0N20"/>
            <port dstActor="D0N23" name="p75" srcActor="D0N20"/>
            <port dstActor="D0N37" name="p76" srcActor="D0N20"/>
        </ports>
    </mcdag>
    <cores number="3"/>
    <levels number="2"/>
</mcsystem>
