<?xml version="1.0" encoding="UTF-8" standalone="no"?>
<mcsystem>
    <mcdag deadline="2500" name="genned-0-ed-10.0-0">
        <actor name="D0N20">
            <wcet number="0">10</wcet>
            <wcet number="1">100</wcet>
            <maxpow number="0.636736412761409"/>
            <maxpow number="0.636736412761409"/>
            <fprob>0.0</fprob>
        </actor>
        <actor name="D0N24">
            <wcet number="0">160</wcet>
            <wcet number="1">210</wcet>
            <maxpow number="0.4761366071086223"/>
            <maxpow number="0.4761366071086223"/>
            <fprob>0.0</fprob>
        </actor>
        <actor name="D0N8">
            <wcet number="0">140</wcet>
            <wcet number="1">280</wcet>
            <maxpow number="0.5673197104102745"/>
            <maxpow number="0.5673197104102745"/>
            <fprob>0.0</fprob>
        </actor>
        <actor name="D0N40">
            <wcet number="0">100</wcet>
            <wcet number="1">100</wcet>
            <maxpow number="0.5786916144917496"/>
            <maxpow number="0.5786916144917496"/>
            <fprob>0.0</fprob>
        </actor>
        <actor name="D0N31">
            <wcet number="0">180</wcet>
            <wcet number="1">480</wcet>
            <maxpow number="0.46463935600681483"/>
            <maxpow number="0.46463935600681483"/>
            <fprob>0.0</fprob>
        </actor>
        <actor name="D0N32">
            <wcet number="0">10</wcet>
            <wcet number="1">60</wcet>
            <maxpow number="0.6706869884903792"/>
            <maxpow number="0.6706869884903792"/>
            <fprob>0.0</fprob>
        </actor>
        <actor name="D0N3">
            <wcet number="0">40</wcet>
            <wcet number="1">60</wcet>
            <maxpow number="0.530261985489773"/>
            <maxpow number="0.530261985489773"/>
            <fprob>0.0</fprob>
        </actor>
        <actor name="D0N28">
            <wcet number="0">60</wcet>
            <wcet number="1">60</wcet>
            <maxpow number="0.7464792894873264"/>
            <maxpow number="0.7464792894873264"/>
            <fprob>0.0</fprob>
        </actor>
        <actor name="D0N1">
            <wcet number="0">40</wcet>
            <wcet number="1">200</wcet>
            <maxpow number="0.6673309169244848"/>
            <maxpow number="0.6673309169244848"/>
            <fprob>0.0</fprob>
        </actor>
        <actor name="D0N39">
            <wcet number="0">10</wcet>
            <wcet number="1">60</wcet>
            <maxpow number="0.5975496774717121"/>
            <maxpow number="0.5975496774717121"/>
            <fprob>0.0</fprob>
        </actor>
        <actor name="D0N42">
            <wcet number="0">50</wcet>
            <wcet number="1">80</wcet>
            <maxpow number="0.5668550273424733"/>
            <maxpow number="0.5668550273424733"/>
            <fprob>0.0</fprob>
        </actor>
        <actor name="D0N43">
            <wcet number="0">100</wcet>
            <wcet number="1">130</wcet>
            <maxpow number="0.45513673985557"/>
            <maxpow number="0.45513673985557"/>
            <fprob>0.0</fprob>
        </actor>
        <actor name="D0N6">
            <wcet number="0">20</wcet>
            <wcet number="1">20</wcet>
            <maxpow number="0.6811731739568485"/>
            <maxpow number="0.6811731739568485"/>
            <fprob>0.0</fprob>
        </actor>
        <actor name="D0N15">
            <wcet number="0">20</wcet>
            <wcet number="1">60</wcet>
            <maxpow number="0.6949084650054798"/>
            <maxpow number="0.6949084650054798"/>
            <fprob>0.0</fprob>
        </actor>
        <actor name="D0N34">
            <wcet number="0">120</wcet>
            <wcet number="1">200</wcet>
            <maxpow number="0.6157135839471958"/>
            <maxpow number="0.6157135839471958"/>
            <fprob>0.0</fprob>
        </actor>
        <actor name="D0N46">
            <wcet number="0">20</wcet>
            <wcet number="1">100</wcet>
            <maxpow number="0.6881624044816018"/>
            <maxpow number="0.6881624044816018"/>
            <fprob>0.0</fprob>
        </actor>
        <actor name="D0N0">
            <wcet number="0">10</wcet>
            <wcet number="1">10</wcet>
            <maxpow number="0.3155956860961194"/>
            <maxpow number="0.3155956860961194"/>
            <fprob>0.0</fprob>
        </actor>
        <actor name="D0N44">
            <wcet number="0">90</wcet>
            <wcet number="1">240</wcet>
            <maxpow number="0.5278195630955745"/>
            <maxpow number="0.5278195630955745"/>
            <fprob>0.0</fprob>
        </actor>
        <actor name="D0N11">
            <wcet number="0">50</wcet>
            <wcet number="1">50</wcet>
            <maxpow number="0.3792832172495556"/>
            <maxpow number="0.3792832172495556"/>
            <fprob>0.0</fprob>
        </actor>
        <actor name="D0N12">
            <wcet number="0">50</wcet>
            <wcet number="1">60</wcet>
            <maxpow number="0.3480663008546424"/>
            <maxpow number="0.3480663008546424"/>
            <fprob>0.0</fprob>
        </actor>
        <actor name="D0N38">
            <wcet number="0">150</wcet>
            <wcet number="1">390</wcet>
            <maxpow number="0.46868784423000254"/>
            <maxpow number="0.46868784423000254"/>
            <fprob>0.0</fprob>
        </actor>
        <actor name="D0N23">
            <wcet number="0">10</wcet>
            <wcet number="1">30</wcet>
            <maxpow number="0.4321131368286151"/>
            <maxpow number="0.4321131368286151"/>
            <fprob>0.0</fprob>
        </actor>
        <actor name="D0N16">
            <wcet number="0">10</wcet>
            <wcet number="1">10</wcet>
            <maxpow number="0.47796876542743516"/>
            <maxpow number="0.47796876542743516"/>
            <fprob>0.0</fprob>
        </actor>
        <actor name="D0N36">
            <wcet number="0">40</wcet>
            <wcet number="1">80</wcet>
            <maxpow number="0.599676774928297"/>
            <maxpow number="0.599676774928297"/>
            <fprob>0.0</fprob>
        </actor>
        <actor name="D0N18">
            <wcet number="0">100</wcet>
            <wcet number="1">100</wcet>
            <maxpow number="0.503505292547083"/>
            <maxpow number="0.503505292547083"/>
            <fprob>0.0</fprob>
        </actor>
        <actor name="D0N21">
            <wcet number="0">60</wcet>
            <wcet number="1">270</wcet>
            <maxpow number="0.3548021270394939"/>
            <maxpow number="0.3548021270394939"/>
            <fprob>0.0</fprob>
        </actor>
        <actor name="D0N25">
            <wcet number="0">110</wcet>
            <wcet number="1">200</wcet>
            <maxpow number="0.4252915547024686"/>
            <maxpow number="0.4252915547024686"/>
            <fprob>0.0</fprob>
        </actor>
        <actor name="D0N37">
            <wcet number="0">40</wcet>
            <wcet number="1">40</wcet>
            <maxpow number="0.6996230876579307"/>
            <maxpow number="0.6996230876579307"/>
            <fprob>0.0</fprob>
        </actor>
        <actor name="D0N19">
            <wcet number="0">30</wcet>
            <wcet number="1">50</wcet>
            <maxpow number="0.5448018512846937"/>
            <maxpow number="0.5448018512846937"/>
            <fprob>0.0</fprob>
        </actor>
        <actor name="D0N41">
            <wcet number="0">130</wcet>
            <wcet number="1">190</wcet>
            <maxpow number="0.5242933710071379"/>
            <maxpow number="0.5242933710071379"/>
            <fprob>0.0</fprob>
        </actor>
        <actor name="D0N22">
            <wcet number="0">10</wcet>
            <wcet number="1">40</wcet>
            <maxpow number="0.48930563096338886"/>
            <maxpow number="0.48930563096338886"/>
            <fprob>0.0</fprob>
        </actor>
        <actor name="D0N14">
            <wcet number="0">50</wcet>
            <wcet number="1">70</wcet>
            <maxpow number="0.5044840962007452"/>
            <maxpow number="0.5044840962007452"/>
            <fprob>0.0</fprob>
        </actor>
        <actor name="D0N17">
            <wcet number="0">110</wcet>
            <wcet number="1">300</wcet>
            <maxpow number="0.7980847323996346"/>
            <maxpow number="0.7980847323996346"/>
            <fprob>0.0</fprob>
        </actor>
        <actor name="D0N5">
            <wcet number="0">20</wcet>
            <wcet number="1">20</wcet>
            <maxpow number="0.6832192089623126"/>
            <maxpow number="0.6832192089623126"/>
            <fprob>0.0</fprob>
        </actor>
        <actor name="D0N26">
            <wcet number="0">70</wcet>
            <wcet number="1">140</wcet>
            <maxpow number="0.6670245069192178"/>
            <maxpow number="0.6670245069192178"/>
            <fprob>0.0</fprob>
        </actor>
        <actor name="D0N33">
            <wcet number="0">30</wcet>
            <wcet number="1">50</wcet>
            <maxpow number="0.5957194647641333"/>
            <maxpow number="0.5957194647641333"/>
            <fprob>0.0</fprob>
        </actor>
        <actor name="D0N10">
            <wcet number="0">10</wcet>
            <wcet number="1">30</wcet>
            <maxpow number="0.2961584466023044"/>
            <maxpow number="0.2961584466023044"/>
            <fprob>0.0</fprob>
        </actor>
        <actor name="D0N48">
            <wcet number="0">30</wcet>
            <wcet number="1">50</wcet>
            <maxpow number="0.4874692326559368"/>
            <maxpow number="0.4874692326559368"/>
            <fprob>0.0</fprob>
        </actor>
        <actor name="D0N2">
            <wcet number="0">20</wcet>
            <wcet number="1">20</wcet>
            <maxpow number="0.26682895629389985"/>
            <maxpow number="0.26682895629389985"/>
            <fprob>0.0</fprob>
        </actor>
        <actor name="D0N29">
            <wcet number="0">30</wcet>
            <wcet number="1">80</wcet>
            <maxpow number="0.6237041250397667"/>
            <maxpow number="0.6237041250397667"/>
            <fprob>0.0</fprob>
        </actor>
        <actor name="D0N9">
            <wcet number="0">10</wcet>
            <wcet number="1">10</wcet>
            <maxpow number="0.8942335988073518"/>
            <maxpow number="0.8942335988073518"/>
            <fprob>0.0</fprob>
        </actor>
        <actor name="D0N13">
            <wcet number="0">40</wcet>
            <wcet number="1">80</wcet>
            <maxpow number="0.3961245925904471"/>
            <maxpow number="0.3961245925904471"/>
            <fprob>0.0</fprob>
        </actor>
        <actor name="D0N45">
            <wcet number="0">60</wcet>
            <wcet number="1">80</wcet>
            <maxpow number="0.4146636446918389"/>
            <maxpow number="0.4146636446918389"/>
            <fprob>0.0</fprob>
        </actor>
        <actor name="D0N7">
            <wcet number="0">20</wcet>
            <wcet number="1">60</wcet>
            <maxpow number="0.48477622973484447"/>
            <maxpow number="0.48477622973484447"/>
            <fprob>0.0</fprob>
        </actor>
        <actor name="D0N47">
            <wcet number="0">30</wcet>
            <wcet number="1">110</wcet>
            <maxpow number="0.5893075136630568"/>
            <maxpow number="0.5893075136630568"/>
            <fprob>0.0</fprob>
        </actor>
        <actor name="D0N27">
            <wcet number="0">50</wcet>
            <wcet number="1">50</wcet>
            <maxpow number="0.7270117336986518"/>
            <maxpow number="0.7270117336986518"/>
            <fprob>0.0</fprob>
        </actor>
        <actor name="D0N30">
            <wcet number="0">10</wcet>
            <wcet number="1">50</wcet>
            <maxpow number="0.7000977649394552"/>
            <maxpow number="0.7000977649394552"/>
            <fprob>0.0</fprob>
        </actor>
        <actor name="D0N35">
            <wcet number="0">20</wcet>
            <wcet number="1">40</wcet>
            <maxpow number="0.4143554837690383"/>
            <maxpow number="0.4143554837690383"/>
            <fprob>0.0</fprob>
        </actor>
        <actor name="D0N4">
            <wcet number="0">50</wcet>
            <wcet number="1">50</wcet>
            <maxpow number="0.4433002226533337"/>
            <maxpow number="0.4433002226533337"/>
            <fprob>0.0</fprob>
        </actor>
        <ports>
            <port dstActor="D0N25" name="p0" srcActor="D0N20"/>
            <port dstActor="D0N35" name="p1" srcActor="D0N20"/>
            <port dstActor="D0N32" name="p2" srcActor="D0N20"/>
            <port dstActor="D0N40" name="p3" srcActor="D0N24"/>
            <port dstActor="D0N41" name="p4" srcActor="D0N24"/>
            <port dstActor="D0N45" name="p5" srcActor="D0N24"/>
            <port dstActor="D0N42" name="p6" srcActor="D0N24"/>
            <port dstActor="D0N37" name="p7" srcActor="D0N24"/>
            <port dstActor="D0N17" name="p8" srcActor="D0N8"/>
            <port dstActor="D0N26" name="p9" srcActor="D0N8"/>
            <port dstActor="D0N20" name="p10" srcActor="D0N8"/>
            <port dstActor="D0N11" name="p11" srcActor="D0N8"/>
            <port dstActor="D0N38" name="p12" srcActor="D0N31"/>
            <port dstActor="D0N48" name="p13" srcActor="D0N32"/>
            <port dstActor="D0N39" name="p14" srcActor="D0N32"/>
            <port dstActor="D0N5" name="p15" srcActor="D0N3"/>
            <port dstActor="D0N13" name="p16" srcActor="D0N3"/>
            <port dstActor="D0N12" name="p17" srcActor="D0N3"/>
            <port dstActor="D0N30" name="p18" srcActor="D0N3"/>
            <port dstActor="D0N33" name="p19" srcActor="D0N3"/>
            <port dstActor="D0N41" name="p20" srcActor="D0N3"/>
            <port dstActor="D0N23" name="p21" srcActor="D0N3"/>
            <port dstActor="D0N34" name="p22" srcActor="D0N3"/>
            <port dstActor="D0N46" name="p23" srcActor="D0N28"/>
            <port dstActor="D0N26" name="p24" srcActor="D0N1"/>
            <port dstActor="D0N23" name="p25" srcActor="D0N1"/>
            <port dstActor="D0N8" name="p26" srcActor="D0N1"/>
            <port dstActor="D0N14" name="p27" srcActor="D0N1"/>
            <port dstActor="D0N40" name="p28" srcActor="D0N1"/>
            <port dstActor="D0N42" name="p29" srcActor="D0N39"/>
            <port dstActor="D0N46" name="p30" srcActor="D0N43"/>
            <port dstActor="D0N46" name="p31" srcActor="D0N6"/>
            <port dstActor="D0N11" name="p32" srcActor="D0N6"/>
            <port dstActor="D0N34" name="p33" srcActor="D0N6"/>
            <port dstActor="D0N15" name="p34" srcActor="D0N6"/>
            <port dstActor="D0N38" name="p35" srcActor="D0N15"/>
            <port dstActor="D0N18" name="p36" srcActor="D0N15"/>
            <port dstActor="D0N40" name="p37" srcActor="D0N15"/>
            <port dstActor="D0N32" name="p38" srcActor="D0N0"/>
            <port dstActor="D0N13" name="p39" srcActor="D0N0"/>
            <port dstActor="D0N35" name="p40" srcActor="D0N0"/>
            <port dstActor="D0N36" name="p41" srcActor="D0N0"/>
            <port dstActor="D0N3" name="p42" srcActor="D0N0"/>
            <port dstActor="D0N23" name="p43" srcActor="D0N11"/>
            <port dstActor="D0N13" name="p44" srcActor="D0N11"/>
            <port dstActor="D0N17" name="p45" srcActor="D0N11"/>
            <port dstActor="D0N21" name="p46" srcActor="D0N12"/>
            <port dstActor="D0N42" name="p47" srcActor="D0N12"/>
            <port dstActor="D0N34" name="p48" srcActor="D0N12"/>
            <port dstActor="D0N44" name="p49" srcActor="D0N38"/>
            <port dstActor="D0N46" name="p50" srcActor="D0N38"/>
            <port dstActor="D0N41" name="p51" srcActor="D0N16"/>
            <port dstActor="D0N25" name="p52" srcActor="D0N16"/>
            <port dstActor="D0N27" name="p53" srcActor="D0N16"/>
            <port dstActor="D0N41" name="p54" srcActor="D0N36"/>
            <port dstActor="D0N26" name="p55" srcActor="D0N18"/>
            <port dstActor="D0N41" name="p56" srcActor="D0N18"/>
            <port dstActor="D0N38" name="p57" srcActor="D0N18"/>
            <port dstActor="D0N22" name="p58" srcActor="D0N21"/>
            <port dstActor="D0N29" name="p59" srcActor="D0N21"/>
            <port dstActor="D0N36" name="p60" srcActor="D0N21"/>
            <port dstActor="D0N35" name="p61" srcActor="D0N25"/>
            <port dstActor="D0N39" name="p62" srcActor="D0N37"/>
            <port dstActor="D0N34" name="p63" srcActor="D0N19"/>
            <port dstActor="D0N21" name="p64" srcActor="D0N19"/>
            <port dstActor="D0N38" name="p65" srcActor="D0N19"/>
            <port dstActor="D0N30" name="p66" srcActor="D0N22"/>
            <port dstActor="D0N31" name="p67" srcActor="D0N22"/>
            <port dstActor="D0N25" name="p68" srcActor="D0N22"/>
            <port dstActor="D0N45" name="p69" srcActor="D0N14"/>
            <port dstActor="D0N23" name="p70" srcActor="D0N17"/>
            <port dstActor="D0N31" name="p71" srcActor="D0N5"/>
            <port dstActor="D0N21" name="p72" srcActor="D0N5"/>
            <port dstActor="D0N23" name="p73" srcActor="D0N5"/>
            <port dstActor="D0N22" name="p74" srcActor="D0N5"/>
            <port dstActor="D0N47" name="p75" srcActor="D0N26"/>
            <port dstActor="D0N41" name="p76" srcActor="D0N26"/>
            <port dstActor="D0N38" name="p77" srcActor="D0N26"/>
            <port dstActor="D0N48" name="p78" srcActor="D0N26"/>
            <port dstActor="D0N39" name="p79" srcActor="D0N33"/>
            <port dstActor="D0N47" name="p80" srcActor="D0N33"/>
            <port dstActor="D0N48" name="p81" srcActor="D0N33"/>
            <port dstActor="D0N45" name="p82" srcActor="D0N33"/>
            <port dstActor="D0N48" name="p83" srcActor="D0N10"/>
            <port dstActor="D0N39" name="p84" srcActor="D0N10"/>
            <port dstActor="D0N17" name="p85" srcActor="D0N10"/>
            <port dstActor="D0N26" name="p86" srcActor="D0N10"/>
            <port dstActor="D0N41" name="p87" srcActor="D0N2"/>
            <port dstActor="D0N10" name="p88" srcActor="D0N2"/>
            <port dstActor="D0N38" name="p89" srcActor="D0N2"/>
            <port dstActor="D0N5" name="p90" srcActor="D0N2"/>
            <port dstActor="D0N29" name="p91" srcActor="D0N2"/>
            <port dstActor="D0N35" name="p92" srcActor="D0N2"/>
            <port dstActor="D0N36" name="p93" srcActor="D0N2"/>
            <port dstActor="D0N31" name="p94" srcActor="D0N29"/>
            <port dstActor="D0N20" name="p95" srcActor="D0N9"/>
            <port dstActor="D0N31" name="p96" srcActor="D0N9"/>
            <port dstActor="D0N36" name="p97" srcActor="D0N9"/>
            <port dstActor="D0N24" name="p98" srcActor="D0N13"/>
            <port dstActor="D0N15" name="p99" srcActor="D0N13"/>
            <port dstActor="D0N29" name="p100" srcActor="D0N13"/>
            <port dstActor="D0N37" name="p101" srcActor="D0N13"/>
            <port dstActor="D0N23" name="p102" srcActor="D0N13"/>
            <port dstActor="D0N8" name="p103" srcActor="D0N7"/>
            <port dstActor="D0N36" name="p104" srcActor="D0N7"/>
            <port dstActor="D0N46" name="p105" srcActor="D0N7"/>
            <port dstActor="D0N22" name="p106" srcActor="D0N7"/>
            <port dstActor="D0N46" name="p107" srcActor="D0N27"/>
            <port dstActor="D0N47" name="p108" srcActor="D0N30"/>
            <port dstActor="D0N40" name="p109" srcActor="D0N35"/>
            <port dstActor="D0N32" name="p110" srcActor="D0N4"/>
            <port dstActor="D0N10" name="p111" srcActor="D0N4"/>
            <port dstActor="D0N14" name="p112" srcActor="D0N4"/>
        </ports>
    </mcdag>
    <cores number="3"/>
    <levels number="2"/>
</mcsystem>
