<?xml version="1.0" encoding="UTF-8" standalone="no"?>
<mcsystem>
    <mcdag deadline="2200" name="genned-0-ed-10.0-0">
        <actor name="D0N31">
            <wcet number="0">10</wcet>
            <wcet number="1">40</wcet>
            <maxpow number="0.9372842443184584"/>
            <maxpow number="0.9372842443184584"/>
            <fprob>0.0</fprob>
        </actor>
        <actor name="D0N36">
            <wcet number="0">20</wcet>
            <wcet number="1">20</wcet>
            <maxpow number="0.48202679215281335"/>
            <maxpow number="0.48202679215281335"/>
            <fprob>0.0</fprob>
        </actor>
        <actor name="D0N28">
            <wcet number="0">20</wcet>
            <wcet number="1">80</wcet>
            <maxpow number="0.5793638375437407"/>
            <maxpow number="0.5793638375437407"/>
            <fprob>0.0</fprob>
        </actor>
        <actor name="D0N27">
            <wcet number="0">20</wcet>
            <wcet number="1">20</wcet>
            <maxpow number="0.6238398288704261"/>
            <maxpow number="0.6238398288704261"/>
            <fprob>0.0</fprob>
        </actor>
        <actor name="D0N15">
            <wcet number="0">130</wcet>
            <wcet number="1">220</wcet>
            <maxpow number="0.16313616216161908"/>
            <maxpow number="0.16313616216161908"/>
            <fprob>0.0</fprob>
        </actor>
        <actor name="D0N40">
            <wcet number="0">60</wcet>
            <wcet number="1">90</wcet>
            <maxpow number="0.40883968740033505"/>
            <maxpow number="0.40883968740033505"/>
            <fprob>0.0</fprob>
        </actor>
        <actor name="D0N43">
            <wcet number="0">140</wcet>
            <wcet number="1">210</wcet>
            <maxpow number="0.4118000706258621"/>
            <maxpow number="0.4118000706258621"/>
            <fprob>0.0</fprob>
        </actor>
        <actor name="D0N17">
            <wcet number="0">10</wcet>
            <wcet number="1">30</wcet>
            <maxpow number="0.8334611919068244"/>
            <maxpow number="0.8334611919068244"/>
            <fprob>0.0</fprob>
        </actor>
        <actor name="D0N19">
            <wcet number="0">180</wcet>
            <wcet number="1">230</wcet>
            <maxpow number="0.5485643708079293"/>
            <maxpow number="0.5485643708079293"/>
            <fprob>0.0</fprob>
        </actor>
        <actor name="D0N45">
            <wcet number="0">90</wcet>
            <wcet number="1">240</wcet>
            <maxpow number="0.619132618861148"/>
            <maxpow number="0.619132618861148"/>
            <fprob>0.0</fprob>
        </actor>
        <actor name="D0N7">
            <wcet number="0">20</wcet>
            <wcet number="1">40</wcet>
            <maxpow number="0.6261757373860014"/>
            <maxpow number="0.6261757373860014"/>
            <fprob>0.0</fprob>
        </actor>
        <actor name="D0N6">
            <wcet number="0">10</wcet>
            <wcet number="1">20</wcet>
            <maxpow number="0.40883724693083445"/>
            <maxpow number="0.40883724693083445"/>
            <fprob>0.0</fprob>
        </actor>
        <actor name="D0N44">
            <wcet number="0">20</wcet>
            <wcet number="1">20</wcet>
            <maxpow number="1.0978674202095402"/>
            <maxpow number="1.0978674202095402"/>
            <fprob>0.0</fprob>
        </actor>
        <actor name="D0N4">
            <wcet number="0">20</wcet>
            <wcet number="1">40</wcet>
            <maxpow number="0.46384526598412734"/>
            <maxpow number="0.46384526598412734"/>
            <fprob>0.0</fprob>
        </actor>
        <actor name="D0N41">
            <wcet number="0">30</wcet>
            <wcet number="1">30</wcet>
            <maxpow number="0.5123172891117473"/>
            <maxpow number="0.5123172891117473"/>
            <fprob>0.0</fprob>
        </actor>
        <actor name="D0N47">
            <wcet number="0">20</wcet>
            <wcet number="1">80</wcet>
            <maxpow number="0.8866577347866803"/>
            <maxpow number="0.8866577347866803"/>
            <fprob>0.0</fprob>
        </actor>
        <actor name="D0N1">
            <wcet number="0">10</wcet>
            <wcet number="1">50</wcet>
            <maxpow number="0.6710359729144524"/>
            <maxpow number="0.6710359729144524"/>
            <fprob>0.0</fprob>
        </actor>
        <actor name="D0N21">
            <wcet number="0">160</wcet>
            <wcet number="1">160</wcet>
            <maxpow number="0.8139390625064444"/>
            <maxpow number="0.8139390625064444"/>
            <fprob>0.0</fprob>
        </actor>
        <actor name="D0N34">
            <wcet number="0">30</wcet>
            <wcet number="1">130</wcet>
            <maxpow number="0.6757871958993475"/>
            <maxpow number="0.6757871958993475"/>
            <fprob>0.0</fprob>
        </actor>
        <actor name="D0N24">
            <wcet number="0">90</wcet>
            <wcet number="1">150</wcet>
            <maxpow number="0.6036004617712507"/>
            <maxpow number="0.6036004617712507"/>
            <fprob>0.0</fprob>
        </actor>
        <actor name="D0N39">
            <wcet number="0">150</wcet>
            <wcet number="1">230</wcet>
            <maxpow number="0.8033971598368403"/>
            <maxpow number="0.8033971598368403"/>
            <fprob>0.0</fprob>
        </actor>
        <actor name="D0N9">
            <wcet number="0">40</wcet>
            <wcet number="1">60</wcet>
            <maxpow number="0.39712111100931413"/>
            <maxpow number="0.39712111100931413"/>
            <fprob>0.0</fprob>
        </actor>
        <actor name="D0N18">
            <wcet number="0">140</wcet>
            <wcet number="1">240</wcet>
            <maxpow number="0.7391974244318538"/>
            <maxpow number="0.7391974244318538"/>
            <fprob>0.0</fprob>
        </actor>
        <actor name="D0N25">
            <wcet number="0">80</wcet>
            <wcet number="1">80</wcet>
            <maxpow number="0.7352184788510671"/>
            <maxpow number="0.7352184788510671"/>
            <fprob>0.0</fprob>
        </actor>
        <actor name="D0N12">
            <wcet number="0">420</wcet>
            <wcet number="1">700</wcet>
            <maxpow number="0.56398098557151"/>
            <maxpow number="0.56398098557151"/>
            <fprob>0.0</fprob>
        </actor>
        <actor name="D0N3">
            <wcet number="0">30</wcet>
            <wcet number="1">30</wcet>
            <maxpow number="0.6107532781585194"/>
            <maxpow number="0.6107532781585194"/>
            <fprob>0.0</fprob>
        </actor>
        <actor name="D0N48">
            <wcet number="0">110</wcet>
            <wcet number="1">140</wcet>
            <maxpow number="0.581296576518968"/>
            <maxpow number="0.581296576518968"/>
            <fprob>0.0</fprob>
        </actor>
        <actor name="D0N37">
            <wcet number="0">40</wcet>
            <wcet number="1">80</wcet>
            <maxpow number="0.5456580497131462"/>
            <maxpow number="0.5456580497131462"/>
            <fprob>0.0</fprob>
        </actor>
        <actor name="D0N20">
            <wcet number="0">170</wcet>
            <wcet number="1">240</wcet>
            <maxpow number="0.6745375451810088"/>
            <maxpow number="0.6745375451810088"/>
            <fprob>0.0</fprob>
        </actor>
        <actor name="D0N2">
            <wcet number="0">440</wcet>
            <wcet number="1">540</wcet>
            <maxpow number="0.6815345462005328"/>
            <maxpow number="0.6815345462005328"/>
            <fprob>0.0</fprob>
        </actor>
        <actor name="D0N29">
            <wcet number="0">20</wcet>
            <wcet number="1">160</wcet>
            <maxpow number="0.6227939425091381"/>
            <maxpow number="0.6227939425091381"/>
            <fprob>0.0</fprob>
        </actor>
        <actor name="D0N32">
            <wcet number="0">10</wcet>
            <wcet number="1">20</wcet>
            <maxpow number="0.41346322443270567"/>
            <maxpow number="0.41346322443270567"/>
            <fprob>0.0</fprob>
        </actor>
        <actor name="D0N8">
            <wcet number="0">10</wcet>
            <wcet number="1">10</wcet>
            <maxpow number="0.3273036640494589"/>
            <maxpow number="0.3273036640494589"/>
            <fprob>0.0</fprob>
        </actor>
        <actor name="D0N42">
            <wcet number="0">10</wcet>
            <wcet number="1">30</wcet>
            <maxpow number="0.8103125165179851"/>
            <maxpow number="0.8103125165179851"/>
            <fprob>0.0</fprob>
        </actor>
        <actor name="D0N26">
            <wcet number="0">120</wcet>
            <wcet number="1">140</wcet>
            <maxpow number="0.8107233922099867"/>
            <maxpow number="0.8107233922099867"/>
            <fprob>0.0</fprob>
        </actor>
        <actor name="D0N0">
            <wcet number="0">10</wcet>
            <wcet number="1">50</wcet>
            <maxpow number="0.3432018607335107"/>
            <maxpow number="0.3432018607335107"/>
            <fprob>0.0</fprob>
        </actor>
        <actor name="D0N23">
            <wcet number="0">110</wcet>
            <wcet number="1">110</wcet>
            <maxpow number="0.597434788559896"/>
            <maxpow number="0.597434788559896"/>
            <fprob>0.0</fprob>
        </actor>
        <actor name="D0N38">
            <wcet number="0">80</wcet>
            <wcet number="1">100</wcet>
            <maxpow number="0.588724237065645"/>
            <maxpow number="0.588724237065645"/>
            <fprob>0.0</fprob>
        </actor>
        <actor name="D0N33">
            <wcet number="0">70</wcet>
            <wcet number="1">170</wcet>
            <maxpow number="0.5099184262836038"/>
            <maxpow number="0.5099184262836038"/>
            <fprob>0.0</fprob>
        </actor>
        <actor name="D0N11">
            <wcet number="0">110</wcet>
            <wcet number="1">150</wcet>
            <maxpow number="1.0502121175241315"/>
            <maxpow number="1.0502121175241315"/>
            <fprob>0.0</fprob>
        </actor>
        <actor name="D0N5">
            <wcet number="0">30</wcet>
            <wcet number="1">70</wcet>
            <maxpow number="0.5610455855001302"/>
            <maxpow number="0.5610455855001302"/>
            <fprob>0.0</fprob>
        </actor>
        <actor name="D0N16">
            <wcet number="0">40</wcet>
            <wcet number="1">100</wcet>
            <maxpow number="0.44967056452822207"/>
            <maxpow number="0.44967056452822207"/>
            <fprob>0.0</fprob>
        </actor>
        <actor name="D0N22">
            <wcet number="0">70</wcet>
            <wcet number="1">80</wcet>
            <maxpow number="0.6093991773273748"/>
            <maxpow number="0.6093991773273748"/>
            <fprob>0.0</fprob>
        </actor>
        <actor name="D0N13">
            <wcet number="0">10</wcet>
            <wcet number="1">20</wcet>
            <maxpow number="0.6869962805083474"/>
            <maxpow number="0.6869962805083474"/>
            <fprob>0.0</fprob>
        </actor>
        <actor name="D0N14">
            <wcet number="0">10</wcet>
            <wcet number="1">10</wcet>
            <maxpow number="0.7714925612156369"/>
            <maxpow number="0.7714925612156369"/>
            <fprob>0.0</fprob>
        </actor>
        <actor name="D0N46">
            <wcet number="0">30</wcet>
            <wcet number="1">180</wcet>
            <maxpow number="0.7204052913496872"/>
            <maxpow number="0.7204052913496872"/>
            <fprob>0.0</fprob>
        </actor>
        <actor name="D0N10">
            <wcet number="0">100</wcet>
            <wcet number="1">240</wcet>
            <maxpow number="0.7274806305130627"/>
            <maxpow number="0.7274806305130627"/>
            <fprob>0.0</fprob>
        </actor>
        <actor name="D0N35">
            <wcet number="0">30</wcet>
            <wcet number="1">30</wcet>
            <maxpow number="0.4196092215115331"/>
            <maxpow number="0.4196092215115331"/>
            <fprob>0.0</fprob>
        </actor>
        <actor name="D0N30">
            <wcet number="0">10</wcet>
            <wcet number="1">30</wcet>
            <maxpow number="0.7467695983856747"/>
            <maxpow number="0.7467695983856747"/>
            <fprob>0.0</fprob>
        </actor>
        <ports>
            <port dstActor="D0N44" name="p0" srcActor="D0N36"/>
            <port dstActor="D0N43" name="p1" srcActor="D0N28"/>
            <port dstActor="D0N37" name="p2" srcActor="D0N27"/>
            <port dstActor="D0N38" name="p3" srcActor="D0N27"/>
            <port dstActor="D0N42" name="p4" srcActor="D0N27"/>
            <port dstActor="D0N41" name="p5" srcActor="D0N27"/>
            <port dstActor="D0N30" name="p6" srcActor="D0N27"/>
            <port dstActor="D0N31" name="p7" srcActor="D0N27"/>
            <port dstActor="D0N35" name="p8" srcActor="D0N15"/>
            <port dstActor="D0N44" name="p9" srcActor="D0N15"/>
            <port dstActor="D0N48" name="p10" srcActor="D0N40"/>
            <port dstActor="D0N32" name="p11" srcActor="D0N17"/>
            <port dstActor="D0N34" name="p12" srcActor="D0N17"/>
            <port dstActor="D0N29" name="p13" srcActor="D0N17"/>
            <port dstActor="D0N19" name="p14" srcActor="D0N17"/>
            <port dstActor="D0N46" name="p15" srcActor="D0N19"/>
            <port dstActor="D0N38" name="p16" srcActor="D0N7"/>
            <port dstActor="D0N24" name="p17" srcActor="D0N7"/>
            <port dstActor="D0N29" name="p18" srcActor="D0N7"/>
            <port dstActor="D0N12" name="p19" srcActor="D0N7"/>
            <port dstActor="D0N20" name="p20" srcActor="D0N6"/>
            <port dstActor="D0N48" name="p21" srcActor="D0N6"/>
            <port dstActor="D0N28" name="p22" srcActor="D0N6"/>
            <port dstActor="D0N8" name="p23" srcActor="D0N6"/>
            <port dstActor="D0N7" name="p24" srcActor="D0N6"/>
            <port dstActor="D0N11" name="p25" srcActor="D0N4"/>
            <port dstActor="D0N26" name="p26" srcActor="D0N4"/>
            <port dstActor="D0N30" name="p27" srcActor="D0N1"/>
            <port dstActor="D0N12" name="p28" srcActor="D0N1"/>
            <port dstActor="D0N3" name="p29" srcActor="D0N1"/>
            <port dstActor="D0N31" name="p30" srcActor="D0N1"/>
            <port dstActor="D0N8" name="p31" srcActor="D0N1"/>
            <port dstActor="D0N27" name="p32" srcActor="D0N1"/>
            <port dstActor="D0N47" name="p33" srcActor="D0N21"/>
            <port dstActor="D0N42" name="p34" srcActor="D0N21"/>
            <port dstActor="D0N41" name="p35" srcActor="D0N34"/>
            <port dstActor="D0N29" name="p36" srcActor="D0N24"/>
            <port dstActor="D0N43" name="p37" srcActor="D0N24"/>
            <port dstActor="D0N46" name="p38" srcActor="D0N9"/>
            <port dstActor="D0N31" name="p39" srcActor="D0N9"/>
            <port dstActor="D0N32" name="p40" srcActor="D0N9"/>
            <port dstActor="D0N39" name="p41" srcActor="D0N9"/>
            <port dstActor="D0N16" name="p42" srcActor="D0N9"/>
            <port dstActor="D0N24" name="p43" srcActor="D0N18"/>
            <port dstActor="D0N22" name="p44" srcActor="D0N18"/>
            <port dstActor="D0N30" name="p45" srcActor="D0N18"/>
            <port dstActor="D0N20" name="p46" srcActor="D0N18"/>
            <port dstActor="D0N38" name="p47" srcActor="D0N25"/>
            <port dstActor="D0N30" name="p48" srcActor="D0N25"/>
            <port dstActor="D0N27" name="p49" srcActor="D0N25"/>
            <port dstActor="D0N40" name="p50" srcActor="D0N25"/>
            <port dstActor="D0N36" name="p51" srcActor="D0N25"/>
            <port dstActor="D0N43" name="p52" srcActor="D0N25"/>
            <port dstActor="D0N29" name="p53" srcActor="D0N25"/>
            <port dstActor="D0N32" name="p54" srcActor="D0N25"/>
            <port dstActor="D0N38" name="p55" srcActor="D0N12"/>
            <port dstActor="D0N18" name="p56" srcActor="D0N12"/>
            <port dstActor="D0N42" name="p57" srcActor="D0N12"/>
            <port dstActor="D0N11" name="p58" srcActor="D0N3"/>
            <port dstActor="D0N12" name="p59" srcActor="D0N3"/>
            <port dstActor="D0N39" name="p60" srcActor="D0N3"/>
            <port dstActor="D0N31" name="p61" srcActor="D0N3"/>
            <port dstActor="D0N5" name="p62" srcActor="D0N3"/>
            <port dstActor="D0N8" name="p63" srcActor="D0N3"/>
            <port dstActor="D0N44" name="p64" srcActor="D0N37"/>
            <port dstActor="D0N40" name="p65" srcActor="D0N20"/>
            <port dstActor="D0N21" name="p66" srcActor="D0N20"/>
            <port dstActor="D0N23" name="p67" srcActor="D0N20"/>
            <port dstActor="D0N34" name="p68" srcActor="D0N20"/>
            <port dstActor="D0N28" name="p69" srcActor="D0N2"/>
            <port dstActor="D0N8" name="p70" srcActor="D0N2"/>
            <port dstActor="D0N30" name="p71" srcActor="D0N29"/>
            <port dstActor="D0N42" name="p72" srcActor="D0N29"/>
            <port dstActor="D0N36" name="p73" srcActor="D0N29"/>
            <port dstActor="D0N35" name="p74" srcActor="D0N8"/>
            <port dstActor="D0N48" name="p75" srcActor="D0N8"/>
            <port dstActor="D0N14" name="p76" srcActor="D0N8"/>
            <port dstActor="D0N19" name="p77" srcActor="D0N8"/>
            <port dstActor="D0N11" name="p78" srcActor="D0N8"/>
            <port dstActor="D0N39" name="p79" srcActor="D0N8"/>
            <port dstActor="D0N47" name="p80" srcActor="D0N42"/>
            <port dstActor="D0N42" name="p81" srcActor="D0N26"/>
            <port dstActor="D0N45" name="p82" srcActor="D0N26"/>
            <port dstActor="D0N41" name="p83" srcActor="D0N0"/>
            <port dstActor="D0N14" name="p84" srcActor="D0N0"/>
            <port dstActor="D0N5" name="p85" srcActor="D0N0"/>
            <port dstActor="D0N44" name="p86" srcActor="D0N0"/>
            <port dstActor="D0N17" name="p87" srcActor="D0N0"/>
            <port dstActor="D0N23" name="p88" srcActor="D0N0"/>
            <port dstActor="D0N32" name="p89" srcActor="D0N0"/>
            <port dstActor="D0N35" name="p90" srcActor="D0N23"/>
            <port dstActor="D0N26" name="p91" srcActor="D0N23"/>
            <port dstActor="D0N39" name="p92" srcActor="D0N23"/>
            <port dstActor="D0N29" name="p93" srcActor="D0N23"/>
            <port dstActor="D0N34" name="p94" srcActor="D0N23"/>
            <port dstActor="D0N47" name="p95" srcActor="D0N38"/>
            <port dstActor="D0N46" name="p96" srcActor="D0N33"/>
            <port dstActor="D0N45" name="p97" srcActor="D0N33"/>
            <port dstActor="D0N36" name="p98" srcActor="D0N11"/>
            <port dstActor="D0N43" name="p99" srcActor="D0N11"/>
            <port dstActor="D0N23" name="p100" srcActor="D0N11"/>
            <port dstActor="D0N17" name="p101" srcActor="D0N11"/>
            <port dstActor="D0N25" name="p102" srcActor="D0N5"/>
            <port dstActor="D0N39" name="p103" srcActor="D0N5"/>
            <port dstActor="D0N15" name="p104" srcActor="D0N5"/>
            <port dstActor="D0N48" name="p105" srcActor="D0N16"/>
            <port dstActor="D0N31" name="p106" srcActor="D0N22"/>
            <port dstActor="D0N38" name="p107" srcActor="D0N22"/>
            <port dstActor="D0N29" name="p108" srcActor="D0N22"/>
            <port dstActor="D0N23" name="p109" srcActor="D0N22"/>
            <port dstActor="D0N16" name="p110" srcActor="D0N13"/>
            <port dstActor="D0N20" name="p111" srcActor="D0N13"/>
            <port dstActor="D0N19" name="p112" srcActor="D0N13"/>
            <port dstActor="D0N14" name="p113" srcActor="D0N13"/>
            <port dstActor="D0N39" name="p114" srcActor="D0N13"/>
            <port dstActor="D0N36" name="p115" srcActor="D0N13"/>
            <port dstActor="D0N26" name="p116" srcActor="D0N14"/>
            <port dstActor="D0N15" name="p117" srcActor="D0N14"/>
            <port dstActor="D0N27" name="p118" srcActor="D0N14"/>
            <port dstActor="D0N33" name="p119" srcActor="D0N14"/>
            <port dstActor="D0N35" name="p120" srcActor="D0N14"/>
            <port dstActor="D0N17" name="p121" srcActor="D0N14"/>
            <port dstActor="D0N23" name="p122" srcActor="D0N14"/>
            <port dstActor="D0N28" name="p123" srcActor="D0N14"/>
            <port dstActor="D0N23" name="p124" srcActor="D0N10"/>
            <port dstActor="D0N31" name="p125" srcActor="D0N10"/>
            <port dstActor="D0N37" name="p126" srcActor="D0N10"/>
            <port dstActor="D0N46" name="p127" srcActor="D0N35"/>
            <port dstActor="D0N48" name="p128" srcActor="D0N35"/>
            <port dstActor="D0N45" name="p129" srcActor="D0N35"/>
            <port dstActor="D0N41" name="p130" srcActor="D0N30"/>
            <port dstActor="D0N45" name="p131" srcActor="D0N30"/>
        </ports>
    </mcdag>
    <cores number="3"/>
    <levels number="2"/>
</mcsystem>
