<?xml version="1.0" encoding="UTF-8" standalone="no"?>
<mcsystem>
    <mcdag deadline="1000" name="genned-0-ed-10.0-0">
        <actor name="D0N1">
            <wcet number="0">10</wcet>
            <wcet number="1">10</wcet>
            <maxpow number="0.6293638666501205"/>
            <maxpow number="0.6293638666501205"/>
            <fprob>0.0</fprob>
        </actor>
        <actor name="D0N14">
            <wcet number="0">10</wcet>
            <wcet number="1">10</wcet>
            <maxpow number="0.4599802454094266"/>
            <maxpow number="0.4599802454094266"/>
            <fprob>0.0</fprob>
        </actor>
        <actor name="D0N17">
            <wcet number="0">100</wcet>
            <wcet number="1">100</wcet>
            <maxpow number="0.36080403925655546"/>
            <maxpow number="0.36080403925655546"/>
            <fprob>0.0</fprob>
        </actor>
        <actor name="D0N36">
            <wcet number="0">10</wcet>
            <wcet number="1">50</wcet>
            <maxpow number="0.48342627755901996"/>
            <maxpow number="0.48342627755901996"/>
            <fprob>0.0</fprob>
        </actor>
        <actor name="D0N44">
            <wcet number="0">20</wcet>
            <wcet number="1">20</wcet>
            <maxpow number="0.7412248973399975"/>
            <maxpow number="0.7412248973399975"/>
            <fprob>0.0</fprob>
        </actor>
        <actor name="D0N28">
            <wcet number="0">10</wcet>
            <wcet number="1">40</wcet>
            <maxpow number="0.37055588713568477"/>
            <maxpow number="0.37055588713568477"/>
            <fprob>0.0</fprob>
        </actor>
        <actor name="D0N32">
            <wcet number="0">20</wcet>
            <wcet number="1">30</wcet>
            <maxpow number="0.2340312446810422"/>
            <maxpow number="0.2340312446810422"/>
            <fprob>0.0</fprob>
        </actor>
        <actor name="D0N29">
            <wcet number="0">40</wcet>
            <wcet number="1">110</wcet>
            <maxpow number="0.5014336352836469"/>
            <maxpow number="0.5014336352836469"/>
            <fprob>0.0</fprob>
        </actor>
        <actor name="D0N27">
            <wcet number="0">30</wcet>
            <wcet number="1">30</wcet>
            <maxpow number="0.30237637061418265"/>
            <maxpow number="0.30237637061418265"/>
            <fprob>0.0</fprob>
        </actor>
        <actor name="D0N7">
            <wcet number="0">10</wcet>
            <wcet number="1">20</wcet>
            <maxpow number="0.6703604050204165"/>
            <maxpow number="0.6703604050204165"/>
            <fprob>0.0</fprob>
        </actor>
        <actor name="D0N16">
            <wcet number="0">10</wcet>
            <wcet number="1">10</wcet>
            <maxpow number="0.8041575690203183"/>
            <maxpow number="0.8041575690203183"/>
            <fprob>0.0</fprob>
        </actor>
        <actor name="D0N13">
            <wcet number="0">20</wcet>
            <wcet number="1">120</wcet>
            <maxpow number="0.4937107631818364"/>
            <maxpow number="0.4937107631818364"/>
            <fprob>0.0</fprob>
        </actor>
        <actor name="D0N20">
            <wcet number="0">70</wcet>
            <wcet number="1">100</wcet>
            <maxpow number="0.49638507731749404"/>
            <maxpow number="0.49638507731749404"/>
            <fprob>0.0</fprob>
        </actor>
        <actor name="D0N5">
            <wcet number="0">20</wcet>
            <wcet number="1">20</wcet>
            <maxpow number="0.14871005948336452"/>
            <maxpow number="0.14871005948336452"/>
            <fprob>0.0</fprob>
        </actor>
        <actor name="D0N37">
            <wcet number="0">10</wcet>
            <wcet number="1">10</wcet>
            <maxpow number="0.8102299116964606"/>
            <maxpow number="0.8102299116964606"/>
            <fprob>0.0</fprob>
        </actor>
        <actor name="D0N31">
            <wcet number="0">50</wcet>
            <wcet number="1">60</wcet>
            <maxpow number="0.723147994751953"/>
            <maxpow number="0.723147994751953"/>
            <fprob>0.0</fprob>
        </actor>
        <actor name="D0N23">
            <wcet number="0">120</wcet>
            <wcet number="1">160</wcet>
            <maxpow number="0.5432942850471992"/>
            <maxpow number="0.5432942850471992"/>
            <fprob>0.0</fprob>
        </actor>
        <actor name="D0N3">
            <wcet number="0">40</wcet>
            <wcet number="1">90</wcet>
            <maxpow number="0.5916955537804479"/>
            <maxpow number="0.5916955537804479"/>
            <fprob>0.0</fprob>
        </actor>
        <actor name="D0N35">
            <wcet number="0">10</wcet>
            <wcet number="1">50</wcet>
            <maxpow number="0.5840560018814311"/>
            <maxpow number="0.5840560018814311"/>
            <fprob>0.0</fprob>
        </actor>
        <actor name="D0N34">
            <wcet number="0">20</wcet>
            <wcet number="1">30</wcet>
            <maxpow number="0.4869522675308965"/>
            <maxpow number="0.4869522675308965"/>
            <fprob>0.0</fprob>
        </actor>
        <actor name="D0N12">
            <wcet number="0">50</wcet>
            <wcet number="1">70</wcet>
            <maxpow number="0.543258966271492"/>
            <maxpow number="0.543258966271492"/>
            <fprob>0.0</fprob>
        </actor>
        <actor name="D0N15">
            <wcet number="0">20</wcet>
            <wcet number="1">30</wcet>
            <maxpow number="0.6599762005460141"/>
            <maxpow number="0.6599762005460141"/>
            <fprob>0.0</fprob>
        </actor>
        <actor name="D0N0">
            <wcet number="0">10</wcet>
            <wcet number="1">10</wcet>
            <maxpow number="0.722568115723522"/>
            <maxpow number="0.722568115723522"/>
            <fprob>0.0</fprob>
        </actor>
        <actor name="D0N38">
            <wcet number="0">10</wcet>
            <wcet number="1">60</wcet>
            <maxpow number="0.37689727907143744"/>
            <maxpow number="0.37689727907143744"/>
            <fprob>0.0</fprob>
        </actor>
        <actor name="D0N45">
            <wcet number="0">50</wcet>
            <wcet number="1">80</wcet>
            <maxpow number="0.5648597205684681"/>
            <maxpow number="0.5648597205684681"/>
            <fprob>0.0</fprob>
        </actor>
        <actor name="D0N2">
            <wcet number="0">10</wcet>
            <wcet number="1">10</wcet>
            <maxpow number="0.3365676346382097"/>
            <maxpow number="0.3365676346382097"/>
            <fprob>0.0</fprob>
        </actor>
        <actor name="D0N39">
            <wcet number="0">50</wcet>
            <wcet number="1">50</wcet>
            <maxpow number="0.42601361414553146"/>
            <maxpow number="0.42601361414553146"/>
            <fprob>0.0</fprob>
        </actor>
        <actor name="D0N24">
            <wcet number="0">60</wcet>
            <wcet number="1">60</wcet>
            <maxpow number="0.42379414315217634"/>
            <maxpow number="0.42379414315217634"/>
            <fprob>0.0</fprob>
        </actor>
        <actor name="D0N46">
            <wcet number="0">10</wcet>
            <wcet number="1">20</wcet>
            <maxpow number="0.4285728457447401"/>
            <maxpow number="0.4285728457447401"/>
            <fprob>0.0</fprob>
        </actor>
        <actor name="D0N19">
            <wcet number="0">60</wcet>
            <wcet number="1">90</wcet>
            <maxpow number="0.5936098711194544"/>
            <maxpow number="0.5936098711194544"/>
            <fprob>0.0</fprob>
        </actor>
        <actor name="D0N22">
            <wcet number="0">10</wcet>
            <wcet number="1">10</wcet>
            <maxpow number="0.6192490764265469"/>
            <maxpow number="0.6192490764265469"/>
            <fprob>0.0</fprob>
        </actor>
        <actor name="D0N33">
            <wcet number="0">10</wcet>
            <wcet number="1">10</wcet>
            <maxpow number="0.4213154400646686"/>
            <maxpow number="0.4213154400646686"/>
            <fprob>0.0</fprob>
        </actor>
        <actor name="D0N47">
            <wcet number="0">10</wcet>
            <wcet number="1">20</wcet>
            <maxpow number="0.5232971590832239"/>
            <maxpow number="0.5232971590832239"/>
            <fprob>0.0</fprob>
        </actor>
        <actor name="D0N48">
            <wcet number="0">130</wcet>
            <wcet number="1">170</wcet>
            <maxpow number="0.27324727763542245"/>
            <maxpow number="0.27324727763542245"/>
            <fprob>0.0</fprob>
        </actor>
        <actor name="D0N26">
            <wcet number="0">50</wcet>
            <wcet number="1">80</wcet>
            <maxpow number="0.6866646944854857"/>
            <maxpow number="0.6866646944854857"/>
            <fprob>0.0</fprob>
        </actor>
        <actor name="D0N10">
            <wcet number="0">10</wcet>
            <wcet number="1">20</wcet>
            <maxpow number="0.6233244225292138"/>
            <maxpow number="0.6233244225292138"/>
            <fprob>0.0</fprob>
        </actor>
        <actor name="D0N21">
            <wcet number="0">50</wcet>
            <wcet number="1">200</wcet>
            <maxpow number="0.6855013227867433"/>
            <maxpow number="0.6855013227867433"/>
            <fprob>0.0</fprob>
        </actor>
        <actor name="D0N18">
            <wcet number="0">50</wcet>
            <wcet number="1">50</wcet>
            <maxpow number="0.6578942522781779"/>
            <maxpow number="0.6578942522781779"/>
            <fprob>0.0</fprob>
        </actor>
        <actor name="D0N8">
            <wcet number="0">10</wcet>
            <wcet number="1">20</wcet>
            <maxpow number="0.38488897227129165"/>
            <maxpow number="0.38488897227129165"/>
            <fprob>0.0</fprob>
        </actor>
        <actor name="D0N6">
            <wcet number="0">50</wcet>
            <wcet number="1">180</wcet>
            <maxpow number="0.4401079665919518"/>
            <maxpow number="0.4401079665919518"/>
            <fprob>0.0</fprob>
        </actor>
        <actor name="D0N25">
            <wcet number="0">40</wcet>
            <wcet number="1">60</wcet>
            <maxpow number="0.49871279210606945"/>
            <maxpow number="0.49871279210606945"/>
            <fprob>0.0</fprob>
        </actor>
        <actor name="D0N30">
            <wcet number="0">50</wcet>
            <wcet number="1">70</wcet>
            <maxpow number="0.4417880958673098"/>
            <maxpow number="0.4417880958673098"/>
            <fprob>0.0</fprob>
        </actor>
        <actor name="D0N40">
            <wcet number="0">20</wcet>
            <wcet number="1">20</wcet>
            <maxpow number="0.3772372837493083"/>
            <maxpow number="0.3772372837493083"/>
            <fprob>0.0</fprob>
        </actor>
        <actor name="D0N43">
            <wcet number="0">10</wcet>
            <wcet number="1">30</wcet>
            <maxpow number="0.43110649231076525"/>
            <maxpow number="0.43110649231076525"/>
            <fprob>0.0</fprob>
        </actor>
        <actor name="D0N42">
            <wcet number="0">60</wcet>
            <wcet number="1">150</wcet>
            <maxpow number="0.36979482312022177"/>
            <maxpow number="0.36979482312022177"/>
            <fprob>0.0</fprob>
        </actor>
        <actor name="D0N41">
            <wcet number="0">20</wcet>
            <wcet number="1">20</wcet>
            <maxpow number="0.4956279323609887"/>
            <maxpow number="0.4956279323609887"/>
            <fprob>0.0</fprob>
        </actor>
        <actor name="D0N4">
            <wcet number="0">50</wcet>
            <wcet number="1">100</wcet>
            <maxpow number="0.3744770013383584"/>
            <maxpow number="0.3744770013383584"/>
            <fprob>0.0</fprob>
        </actor>
        <actor name="D0N9">
            <wcet number="0">40</wcet>
            <wcet number="1">40</wcet>
            <maxpow number="0.5882251251597451"/>
            <maxpow number="0.5882251251597451"/>
            <fprob>0.0</fprob>
        </actor>
        <actor name="D0N11">
            <wcet number="0">60</wcet>
            <wcet number="1">100</wcet>
            <maxpow number="0.8529896395996406"/>
            <maxpow number="0.8529896395996406"/>
            <fprob>0.0</fprob>
        </actor>
        <ports>
            <port dstActor="D0N33" name="p0" srcActor="D0N1"/>
            <port dstActor="D0N39" name="p1" srcActor="D0N1"/>
            <port dstActor="D0N18" name="p2" srcActor="D0N1"/>
            <port dstActor="D0N47" name="p3" srcActor="D0N1"/>
            <port dstActor="D0N11" name="p4" srcActor="D0N1"/>
            <port dstActor="D0N23" name="p5" srcActor="D0N14"/>
            <port dstActor="D0N43" name="p6" srcActor="D0N14"/>
            <port dstActor="D0N45" name="p7" srcActor="D0N17"/>
            <port dstActor="D0N40" name="p8" srcActor="D0N36"/>
            <port dstActor="D0N45" name="p9" srcActor="D0N44"/>
            <port dstActor="D0N37" name="p10" srcActor="D0N28"/>
            <port dstActor="D0N34" name="p11" srcActor="D0N29"/>
            <port dstActor="D0N42" name="p12" srcActor="D0N29"/>
            <port dstActor="D0N32" name="p13" srcActor="D0N29"/>
            <port dstActor="D0N42" name="p14" srcActor="D0N27"/>
            <port dstActor="D0N32" name="p15" srcActor="D0N27"/>
            <port dstActor="D0N43" name="p16" srcActor="D0N27"/>
            <port dstActor="D0N33" name="p17" srcActor="D0N27"/>
            <port dstActor="D0N48" name="p18" srcActor="D0N27"/>
            <port dstActor="D0N46" name="p19" srcActor="D0N7"/>
            <port dstActor="D0N10" name="p20" srcActor="D0N7"/>
            <port dstActor="D0N17" name="p21" srcActor="D0N7"/>
            <port dstActor="D0N11" name="p22" srcActor="D0N7"/>
            <port dstActor="D0N40" name="p23" srcActor="D0N16"/>
            <port dstActor="D0N18" name="p24" srcActor="D0N16"/>
            <port dstActor="D0N45" name="p25" srcActor="D0N13"/>
            <port dstActor="D0N22" name="p26" srcActor="D0N13"/>
            <port dstActor="D0N46" name="p27" srcActor="D0N20"/>
            <port dstActor="D0N22" name="p28" srcActor="D0N20"/>
            <port dstActor="D0N40" name="p29" srcActor="D0N5"/>
            <port dstActor="D0N45" name="p30" srcActor="D0N5"/>
            <port dstActor="D0N29" name="p31" srcActor="D0N5"/>
            <port dstActor="D0N21" name="p32" srcActor="D0N5"/>
            <port dstActor="D0N44" name="p33" srcActor="D0N5"/>
            <port dstActor="D0N24" name="p34" srcActor="D0N5"/>
            <port dstActor="D0N37" name="p35" srcActor="D0N5"/>
            <port dstActor="D0N26" name="p36" srcActor="D0N5"/>
            <port dstActor="D0N40" name="p37" srcActor="D0N37"/>
            <port dstActor="D0N43" name="p38" srcActor="D0N31"/>
            <port dstActor="D0N40" name="p39" srcActor="D0N31"/>
            <port dstActor="D0N37" name="p40" srcActor="D0N23"/>
            <port dstActor="D0N42" name="p41" srcActor="D0N23"/>
            <port dstActor="D0N31" name="p42" srcActor="D0N23"/>
            <port dstActor="D0N28" name="p43" srcActor="D0N3"/>
            <port dstActor="D0N25" name="p44" srcActor="D0N3"/>
            <port dstActor="D0N38" name="p45" srcActor="D0N3"/>
            <port dstActor="D0N11" name="p46" srcActor="D0N3"/>
            <port dstActor="D0N30" name="p47" srcActor="D0N3"/>
            <port dstActor="D0N23" name="p48" srcActor="D0N12"/>
            <port dstActor="D0N31" name="p49" srcActor="D0N12"/>
            <port dstActor="D0N33" name="p50" srcActor="D0N12"/>
            <port dstActor="D0N43" name="p51" srcActor="D0N12"/>
            <port dstActor="D0N19" name="p52" srcActor="D0N12"/>
            <port dstActor="D0N32" name="p53" srcActor="D0N15"/>
            <port dstActor="D0N44" name="p54" srcActor="D0N15"/>
            <port dstActor="D0N28" name="p55" srcActor="D0N15"/>
            <port dstActor="D0N24" name="p56" srcActor="D0N15"/>
            <port dstActor="D0N30" name="p57" srcActor="D0N15"/>
            <port dstActor="D0N33" name="p58" srcActor="D0N15"/>
            <port dstActor="D0N3" name="p59" srcActor="D0N0"/>
            <port dstActor="D0N7" name="p60" srcActor="D0N0"/>
            <port dstActor="D0N33" name="p61" srcActor="D0N0"/>
            <port dstActor="D0N29" name="p62" srcActor="D0N0"/>
            <port dstActor="D0N15" name="p63" srcActor="D0N0"/>
            <port dstActor="D0N41" name="p64" srcActor="D0N38"/>
            <port dstActor="D0N40" name="p65" srcActor="D0N38"/>
            <port dstActor="D0N44" name="p66" srcActor="D0N2"/>
            <port dstActor="D0N18" name="p67" srcActor="D0N2"/>
            <port dstActor="D0N37" name="p68" srcActor="D0N24"/>
            <port dstActor="D0N33" name="p69" srcActor="D0N24"/>
            <port dstActor="D0N27" name="p70" srcActor="D0N24"/>
            <port dstActor="D0N28" name="p71" srcActor="D0N24"/>
            <port dstActor="D0N47" name="p72" srcActor="D0N19"/>
            <port dstActor="D0N47" name="p73" srcActor="D0N22"/>
            <port dstActor="D0N38" name="p74" srcActor="D0N22"/>
            <port dstActor="D0N43" name="p75" srcActor="D0N22"/>
            <port dstActor="D0N41" name="p76" srcActor="D0N33"/>
            <port dstActor="D0N45" name="p77" srcActor="D0N33"/>
            <port dstActor="D0N35" name="p78" srcActor="D0N33"/>
            <port dstActor="D0N40" name="p79" srcActor="D0N33"/>
            <port dstActor="D0N34" name="p80" srcActor="D0N33"/>
            <port dstActor="D0N35" name="p81" srcActor="D0N26"/>
            <port dstActor="D0N45" name="p82" srcActor="D0N26"/>
            <port dstActor="D0N48" name="p83" srcActor="D0N26"/>
            <port dstActor="D0N19" name="p84" srcActor="D0N10"/>
            <port dstActor="D0N48" name="p85" srcActor="D0N10"/>
            <port dstActor="D0N20" name="p86" srcActor="D0N10"/>
            <port dstActor="D0N36" name="p87" srcActor="D0N21"/>
            <port dstActor="D0N45" name="p88" srcActor="D0N21"/>
            <port dstActor="D0N32" name="p89" srcActor="D0N21"/>
            <port dstActor="D0N32" name="p90" srcActor="D0N18"/>
            <port dstActor="D0N38" name="p91" srcActor="D0N18"/>
            <port dstActor="D0N27" name="p92" srcActor="D0N18"/>
            <port dstActor="D0N33" name="p93" srcActor="D0N18"/>
            <port dstActor="D0N38" name="p94" srcActor="D0N8"/>
            <port dstActor="D0N21" name="p95" srcActor="D0N8"/>
            <port dstActor="D0N36" name="p96" srcActor="D0N8"/>
            <port dstActor="D0N44" name="p97" srcActor="D0N6"/>
            <port dstActor="D0N27" name="p98" srcActor="D0N6"/>
            <port dstActor="D0N35" name="p99" srcActor="D0N6"/>
            <port dstActor="D0N41" name="p100" srcActor="D0N6"/>
            <port dstActor="D0N43" name="p101" srcActor="D0N6"/>
            <port dstActor="D0N15" name="p102" srcActor="D0N6"/>
            <port dstActor="D0N36" name="p103" srcActor="D0N25"/>
            <port dstActor="D0N45" name="p104" srcActor="D0N25"/>
            <port dstActor="D0N35" name="p105" srcActor="D0N30"/>
            <port dstActor="D0N40" name="p106" srcActor="D0N30"/>
            <port dstActor="D0N36" name="p107" srcActor="D0N30"/>
            <port dstActor="D0N43" name="p108" srcActor="D0N40"/>
            <port dstActor="D0N48" name="p109" srcActor="D0N40"/>
            <port dstActor="D0N44" name="p110" srcActor="D0N42"/>
            <port dstActor="D0N42" name="p111" srcActor="D0N41"/>
            <port dstActor="D0N40" name="p112" srcActor="D0N4"/>
            <port dstActor="D0N17" name="p113" srcActor="D0N4"/>
            <port dstActor="D0N14" name="p114" srcActor="D0N4"/>
            <port dstActor="D0N35" name="p115" srcActor="D0N4"/>
            <port dstActor="D0N45" name="p116" srcActor="D0N4"/>
            <port dstActor="D0N12" name="p117" srcActor="D0N9"/>
            <port dstActor="D0N15" name="p118" srcActor="D0N9"/>
            <port dstActor="D0N18" name="p119" srcActor="D0N9"/>
            <port dstActor="D0N26" name="p120" srcActor="D0N9"/>
            <port dstActor="D0N45" name="p121" srcActor="D0N11"/>
            <port dstActor="D0N18" name="p122" srcActor="D0N11"/>
            <port dstActor="D0N38" name="p123" srcActor="D0N11"/>
            <port dstActor="D0N34" name="p124" srcActor="D0N11"/>
            <port dstActor="D0N25" name="p125" srcActor="D0N11"/>
        </ports>
    </mcdag>
    <cores number="3"/>
    <levels number="2"/>
</mcsystem>
