<?xml version="1.0" encoding="UTF-8" standalone="no"?>
<mcsystem>
    <mcdag deadline="1800" name="genned-0-ed-10.0-0">
        <actor name="D0N28">
            <wcet number="0">10</wcet>
            <wcet number="1">40</wcet>
            <maxpow number="0.43345067984945573"/>
            <maxpow number="0.43345067984945573"/>
            <fprob>0.0</fprob>
        </actor>
        <actor name="D0N16">
            <wcet number="0">200</wcet>
            <wcet number="1">200</wcet>
            <maxpow number="0.5987791507204049"/>
            <maxpow number="0.5987791507204049"/>
            <fprob>0.0</fprob>
        </actor>
        <actor name="D0N40">
            <wcet number="0">20</wcet>
            <wcet number="1">90</wcet>
            <maxpow number="0.6808915484793783"/>
            <maxpow number="0.6808915484793783"/>
            <fprob>0.0</fprob>
        </actor>
        <actor name="D0N39">
            <wcet number="0">10</wcet>
            <wcet number="1">60</wcet>
            <maxpow number="0.696577548961854"/>
            <maxpow number="0.696577548961854"/>
            <fprob>0.0</fprob>
        </actor>
        <actor name="D0N13">
            <wcet number="0">20</wcet>
            <wcet number="1">110</wcet>
            <maxpow number="0.43371421530207005"/>
            <maxpow number="0.43371421530207005"/>
            <fprob>0.0</fprob>
        </actor>
        <actor name="D0N10">
            <wcet number="0">140</wcet>
            <wcet number="1">200</wcet>
            <maxpow number="0.24299221448905806"/>
            <maxpow number="0.24299221448905806"/>
            <fprob>0.0</fprob>
        </actor>
        <actor name="D0N6">
            <wcet number="0">10</wcet>
            <wcet number="1">30</wcet>
            <maxpow number="0.47170950333528816"/>
            <maxpow number="0.47170950333528816"/>
            <fprob>0.0</fprob>
        </actor>
        <actor name="D0N21">
            <wcet number="0">10</wcet>
            <wcet number="1">20</wcet>
            <maxpow number="0.458136398775949"/>
            <maxpow number="0.458136398775949"/>
            <fprob>0.0</fprob>
        </actor>
        <actor name="D0N4">
            <wcet number="0">20</wcet>
            <wcet number="1">40</wcet>
            <maxpow number="0.4728384136673417"/>
            <maxpow number="0.4728384136673417"/>
            <fprob>0.0</fprob>
        </actor>
        <actor name="D0N8">
            <wcet number="0">10</wcet>
            <wcet number="1">20</wcet>
            <maxpow number="0.2911769049559517"/>
            <maxpow number="0.2911769049559517"/>
            <fprob>0.0</fprob>
        </actor>
        <actor name="D0N27">
            <wcet number="0">50</wcet>
            <wcet number="1">280</wcet>
            <maxpow number="0.46923180763224476"/>
            <maxpow number="0.46923180763224476"/>
            <fprob>0.0</fprob>
        </actor>
        <actor name="D0N1">
            <wcet number="0">120</wcet>
            <wcet number="1">140</wcet>
            <maxpow number="0.5133858645515355"/>
            <maxpow number="0.5133858645515355"/>
            <fprob>0.0</fprob>
        </actor>
        <actor name="D0N46">
            <wcet number="0">10</wcet>
            <wcet number="1">60</wcet>
            <maxpow number="0.5646838792916969"/>
            <maxpow number="0.5646838792916969"/>
            <fprob>0.0</fprob>
        </actor>
        <actor name="D0N3">
            <wcet number="0">10</wcet>
            <wcet number="1">40</wcet>
            <maxpow number="0.5671801882981802"/>
            <maxpow number="0.5671801882981802"/>
            <fprob>0.0</fprob>
        </actor>
        <actor name="D0N34">
            <wcet number="0">10</wcet>
            <wcet number="1">10</wcet>
            <maxpow number="0.6499013267983742"/>
            <maxpow number="0.6499013267983742"/>
            <fprob>0.0</fprob>
        </actor>
        <actor name="D0N26">
            <wcet number="0">20</wcet>
            <wcet number="1">60</wcet>
            <maxpow number="0.2874051856028113"/>
            <maxpow number="0.2874051856028113"/>
            <fprob>0.0</fprob>
        </actor>
        <actor name="D0N24">
            <wcet number="0">80</wcet>
            <wcet number="1">260</wcet>
            <maxpow number="0.43623572417890544"/>
            <maxpow number="0.43623572417890544"/>
            <fprob>0.0</fprob>
        </actor>
        <actor name="D0N23">
            <wcet number="0">20</wcet>
            <wcet number="1">30</wcet>
            <maxpow number="0.7323215569414137"/>
            <maxpow number="0.7323215569414137"/>
            <fprob>0.0</fprob>
        </actor>
        <actor name="D0N29">
            <wcet number="0">10</wcet>
            <wcet number="1">10</wcet>
            <maxpow number="0.5011662431477881"/>
            <maxpow number="0.5011662431477881"/>
            <fprob>0.0</fprob>
        </actor>
        <actor name="D0N45">
            <wcet number="0">40</wcet>
            <wcet number="1">80</wcet>
            <maxpow number="0.4134948454609328"/>
            <maxpow number="0.4134948454609328"/>
            <fprob>0.0</fprob>
        </actor>
        <actor name="D0N37">
            <wcet number="0">40</wcet>
            <wcet number="1">60</wcet>
            <maxpow number="0.6021333093086789"/>
            <maxpow number="0.6021333093086789"/>
            <fprob>0.0</fprob>
        </actor>
        <actor name="D0N7">
            <wcet number="0">160</wcet>
            <wcet number="1">230</wcet>
            <maxpow number="0.8045066383441213"/>
            <maxpow number="0.8045066383441213"/>
            <fprob>0.0</fprob>
        </actor>
        <actor name="D0N2">
            <wcet number="0">20</wcet>
            <wcet number="1">40</wcet>
            <maxpow number="0.4269417788944873"/>
            <maxpow number="0.4269417788944873"/>
            <fprob>0.0</fprob>
        </actor>
        <actor name="D0N15">
            <wcet number="0">30</wcet>
            <wcet number="1">70</wcet>
            <maxpow number="0.4246249677744369"/>
            <maxpow number="0.4246249677744369"/>
            <fprob>0.0</fprob>
        </actor>
        <actor name="D0N0">
            <wcet number="0">60</wcet>
            <wcet number="1">220</wcet>
            <maxpow number="0.42046476345115325"/>
            <maxpow number="0.42046476345115325"/>
            <fprob>0.0</fprob>
        </actor>
        <actor name="D0N36">
            <wcet number="0">80</wcet>
            <wcet number="1">250</wcet>
            <maxpow number="0.4882236528880177"/>
            <maxpow number="0.4882236528880177"/>
            <fprob>0.0</fprob>
        </actor>
        <actor name="D0N32">
            <wcet number="0">140</wcet>
            <wcet number="1">140</wcet>
            <maxpow number="0.1822581792344386"/>
            <maxpow number="0.1822581792344386"/>
            <fprob>0.0</fprob>
        </actor>
        <actor name="D0N12">
            <wcet number="0">20</wcet>
            <wcet number="1">70</wcet>
            <maxpow number="0.5201667369125905"/>
            <maxpow number="0.5201667369125905"/>
            <fprob>0.0</fprob>
        </actor>
        <actor name="D0N43">
            <wcet number="0">10</wcet>
            <wcet number="1">10</wcet>
            <maxpow number="0.46420216578585133"/>
            <maxpow number="0.46420216578585133"/>
            <fprob>0.0</fprob>
        </actor>
        <actor name="D0N18">
            <wcet number="0">10</wcet>
            <wcet number="1">80</wcet>
            <maxpow number="0.8766006246345006"/>
            <maxpow number="0.8766006246345006"/>
            <fprob>0.0</fprob>
        </actor>
        <actor name="D0N25">
            <wcet number="0">10</wcet>
            <wcet number="1">10</wcet>
            <maxpow number="0.3372402613931488"/>
            <maxpow number="0.3372402613931488"/>
            <fprob>0.0</fprob>
        </actor>
        <actor name="D0N47">
            <wcet number="0">60</wcet>
            <wcet number="1">220</wcet>
            <maxpow number="0.36445811400529415"/>
            <maxpow number="0.36445811400529415"/>
            <fprob>0.0</fprob>
        </actor>
        <actor name="D0N17">
            <wcet number="0">60</wcet>
            <wcet number="1">280</wcet>
            <maxpow number="0.8212310048072142"/>
            <maxpow number="0.8212310048072142"/>
            <fprob>0.0</fprob>
        </actor>
        <actor name="D0N5">
            <wcet number="0">10</wcet>
            <wcet number="1">10</wcet>
            <maxpow number="0.486114099748554"/>
            <maxpow number="0.486114099748554"/>
            <fprob>0.0</fprob>
        </actor>
        <actor name="D0N19">
            <wcet number="0">60</wcet>
            <wcet number="1">60</wcet>
            <maxpow number="0.4588651980476209"/>
            <maxpow number="0.4588651980476209"/>
            <fprob>0.0</fprob>
        </actor>
        <actor name="D0N9">
            <wcet number="0">180</wcet>
            <wcet number="1">270</wcet>
            <maxpow number="0.6766537209740074"/>
            <maxpow number="0.6766537209740074"/>
            <fprob>0.0</fprob>
        </actor>
        <actor name="D0N30">
            <wcet number="0">30</wcet>
            <wcet number="1">30</wcet>
            <maxpow number="0.4773849274132746"/>
            <maxpow number="0.4773849274132746"/>
            <fprob>0.0</fprob>
        </actor>
        <actor name="D0N31">
            <wcet number="0">10</wcet>
            <wcet number="1">30</wcet>
            <maxpow number="0.50628302123897"/>
            <maxpow number="0.50628302123897"/>
            <fprob>0.0</fprob>
        </actor>
        <actor name="D0N20">
            <wcet number="0">10</wcet>
            <wcet number="1">30</wcet>
            <maxpow number="0.8611871774955601"/>
            <maxpow number="0.8611871774955601"/>
            <fprob>0.0</fprob>
        </actor>
        <actor name="D0N14">
            <wcet number="0">30</wcet>
            <wcet number="1">70</wcet>
            <maxpow number="0.6915178177017527"/>
            <maxpow number="0.6915178177017527"/>
            <fprob>0.0</fprob>
        </actor>
        <actor name="D0N42">
            <wcet number="0">20</wcet>
            <wcet number="1">100</wcet>
            <maxpow number="0.6283541254169721"/>
            <maxpow number="0.6283541254169721"/>
            <fprob>0.0</fprob>
        </actor>
        <actor name="D0N41">
            <wcet number="0">140</wcet>
            <wcet number="1">210</wcet>
            <maxpow number="1.0176446137515516"/>
            <maxpow number="1.0176446137515516"/>
            <fprob>0.0</fprob>
        </actor>
        <actor name="D0N35">
            <wcet number="0">20</wcet>
            <wcet number="1">240</wcet>
            <maxpow number="0.3140497170944986"/>
            <maxpow number="0.3140497170944986"/>
            <fprob>0.0</fprob>
        </actor>
        <actor name="D0N33">
            <wcet number="0">80</wcet>
            <wcet number="1">160</wcet>
            <maxpow number="0.08150921690607016"/>
            <maxpow number="0.08150921690607016"/>
            <fprob>0.0</fprob>
        </actor>
        <actor name="D0N22">
            <wcet number="0">10</wcet>
            <wcet number="1">10</wcet>
            <maxpow number="0.471208628748586"/>
            <maxpow number="0.471208628748586"/>
            <fprob>0.0</fprob>
        </actor>
        <actor name="D0N44">
            <wcet number="0">10</wcet>
            <wcet number="1">80</wcet>
            <maxpow number="0.8304180193564654"/>
            <maxpow number="0.8304180193564654"/>
            <fprob>0.0</fprob>
        </actor>
        <actor name="D0N11">
            <wcet number="0">10</wcet>
            <wcet number="1">140</wcet>
            <maxpow number="0.5896712663963752"/>
            <maxpow number="0.5896712663963752"/>
            <fprob>0.0</fprob>
        </actor>
        <actor name="D0N38">
            <wcet number="0">320</wcet>
            <wcet number="1">320</wcet>
            <maxpow number="0.5734161864418241"/>
            <maxpow number="0.5734161864418241"/>
            <fprob>0.0</fprob>
        </actor>
        <ports>
            <port dstActor="D0N38" name="p0" srcActor="D0N28"/>
            <port dstActor="D0N23" name="p1" srcActor="D0N16"/>
            <port dstActor="D0N19" name="p2" srcActor="D0N16"/>
            <port dstActor="D0N41" name="p3" srcActor="D0N40"/>
            <port dstActor="D0N41" name="p4" srcActor="D0N39"/>
            <port dstActor="D0N47" name="p5" srcActor="D0N39"/>
            <port dstActor="D0N36" name="p6" srcActor="D0N13"/>
            <port dstActor="D0N31" name="p7" srcActor="D0N13"/>
            <port dstActor="D0N38" name="p8" srcActor="D0N13"/>
            <port dstActor="D0N15" name="p9" srcActor="D0N13"/>
            <port dstActor="D0N47" name="p10" srcActor="D0N10"/>
            <port dstActor="D0N46" name="p11" srcActor="D0N6"/>
            <port dstActor="D0N9" name="p12" srcActor="D0N6"/>
            <port dstActor="D0N32" name="p13" srcActor="D0N21"/>
            <port dstActor="D0N47" name="p14" srcActor="D0N21"/>
            <port dstActor="D0N5" name="p15" srcActor="D0N4"/>
            <port dstActor="D0N19" name="p16" srcActor="D0N4"/>
            <port dstActor="D0N12" name="p17" srcActor="D0N4"/>
            <port dstActor="D0N38" name="p18" srcActor="D0N4"/>
            <port dstActor="D0N31" name="p19" srcActor="D0N8"/>
            <port dstActor="D0N35" name="p20" srcActor="D0N8"/>
            <port dstActor="D0N25" name="p21" srcActor="D0N8"/>
            <port dstActor="D0N24" name="p22" srcActor="D0N1"/>
            <port dstActor="D0N43" name="p23" srcActor="D0N1"/>
            <port dstActor="D0N22" name="p24" srcActor="D0N1"/>
            <port dstActor="D0N6" name="p25" srcActor="D0N1"/>
            <port dstActor="D0N45" name="p26" srcActor="D0N1"/>
            <port dstActor="D0N34" name="p27" srcActor="D0N1"/>
            <port dstActor="D0N26" name="p28" srcActor="D0N1"/>
            <port dstActor="D0N37" name="p29" srcActor="D0N34"/>
            <port dstActor="D0N47" name="p30" srcActor="D0N34"/>
            <port dstActor="D0N28" name="p31" srcActor="D0N26"/>
            <port dstActor="D0N29" name="p32" srcActor="D0N26"/>
            <port dstActor="D0N38" name="p33" srcActor="D0N24"/>
            <port dstActor="D0N40" name="p34" srcActor="D0N24"/>
            <port dstActor="D0N35" name="p35" srcActor="D0N24"/>
            <port dstActor="D0N24" name="p36" srcActor="D0N23"/>
            <port dstActor="D0N32" name="p37" srcActor="D0N29"/>
            <port dstActor="D0N47" name="p38" srcActor="D0N29"/>
            <port dstActor="D0N46" name="p39" srcActor="D0N7"/>
            <port dstActor="D0N26" name="p40" srcActor="D0N7"/>
            <port dstActor="D0N21" name="p41" srcActor="D0N2"/>
            <port dstActor="D0N15" name="p42" srcActor="D0N2"/>
            <port dstActor="D0N23" name="p43" srcActor="D0N2"/>
            <port dstActor="D0N25" name="p44" srcActor="D0N15"/>
            <port dstActor="D0N16" name="p45" srcActor="D0N15"/>
            <port dstActor="D0N37" name="p46" srcActor="D0N15"/>
            <port dstActor="D0N36" name="p47" srcActor="D0N15"/>
            <port dstActor="D0N13" name="p48" srcActor="D0N0"/>
            <port dstActor="D0N30" name="p49" srcActor="D0N0"/>
            <port dstActor="D0N18" name="p50" srcActor="D0N0"/>
            <port dstActor="D0N41" name="p51" srcActor="D0N0"/>
            <port dstActor="D0N33" name="p52" srcActor="D0N0"/>
            <port dstActor="D0N12" name="p53" srcActor="D0N0"/>
            <port dstActor="D0N42" name="p54" srcActor="D0N36"/>
            <port dstActor="D0N25" name="p55" srcActor="D0N12"/>
            <port dstActor="D0N32" name="p56" srcActor="D0N12"/>
            <port dstActor="D0N37" name="p57" srcActor="D0N12"/>
            <port dstActor="D0N35" name="p58" srcActor="D0N12"/>
            <port dstActor="D0N33" name="p59" srcActor="D0N12"/>
            <port dstActor="D0N47" name="p60" srcActor="D0N43"/>
            <port dstActor="D0N23" name="p61" srcActor="D0N18"/>
            <port dstActor="D0N39" name="p62" srcActor="D0N18"/>
            <port dstActor="D0N20" name="p63" srcActor="D0N18"/>
            <port dstActor="D0N31" name="p64" srcActor="D0N18"/>
            <port dstActor="D0N28" name="p65" srcActor="D0N18"/>
            <port dstActor="D0N24" name="p66" srcActor="D0N18"/>
            <port dstActor="D0N25" name="p67" srcActor="D0N18"/>
            <port dstActor="D0N28" name="p68" srcActor="D0N25"/>
            <port dstActor="D0N18" name="p69" srcActor="D0N17"/>
            <port dstActor="D0N26" name="p70" srcActor="D0N17"/>
            <port dstActor="D0N39" name="p71" srcActor="D0N5"/>
            <port dstActor="D0N45" name="p72" srcActor="D0N5"/>
            <port dstActor="D0N28" name="p73" srcActor="D0N5"/>
            <port dstActor="D0N21" name="p74" srcActor="D0N19"/>
            <port dstActor="D0N15" name="p75" srcActor="D0N9"/>
            <port dstActor="D0N11" name="p76" srcActor="D0N9"/>
            <port dstActor="D0N16" name="p77" srcActor="D0N9"/>
            <port dstActor="D0N27" name="p78" srcActor="D0N9"/>
            <port dstActor="D0N30" name="p79" srcActor="D0N9"/>
            <port dstActor="D0N33" name="p80" srcActor="D0N9"/>
            <port dstActor="D0N47" name="p81" srcActor="D0N31"/>
            <port dstActor="D0N32" name="p82" srcActor="D0N31"/>
            <port dstActor="D0N22" name="p83" srcActor="D0N20"/>
            <port dstActor="D0N24" name="p84" srcActor="D0N20"/>
            <port dstActor="D0N36" name="p85" srcActor="D0N14"/>
            <port dstActor="D0N28" name="p86" srcActor="D0N14"/>
            <port dstActor="D0N43" name="p87" srcActor="D0N14"/>
            <port dstActor="D0N45" name="p88" srcActor="D0N42"/>
            <port dstActor="D0N46" name="p89" srcActor="D0N35"/>
            <port dstActor="D0N37" name="p90" srcActor="D0N35"/>
            <port dstActor="D0N47" name="p91" srcActor="D0N33"/>
            <port dstActor="D0N33" name="p92" srcActor="D0N22"/>
            <port dstActor="D0N41" name="p93" srcActor="D0N22"/>
            <port dstActor="D0N45" name="p94" srcActor="D0N22"/>
            <port dstActor="D0N46" name="p95" srcActor="D0N44"/>
            <port dstActor="D0N47" name="p96" srcActor="D0N44"/>
            <port dstActor="D0N40" name="p97" srcActor="D0N11"/>
            <port dstActor="D0N31" name="p98" srcActor="D0N11"/>
            <port dstActor="D0N18" name="p99" srcActor="D0N11"/>
            <port dstActor="D0N40" name="p100" srcActor="D0N38"/>
            <port dstActor="D0N45" name="p101" srcActor="D0N38"/>
        </ports>
    </mcdag>
    <cores number="3"/>
    <levels number="2"/>
</mcsystem>
