<?xml version="1.0" encoding="UTF-8" standalone="no"?>
<mcsystem>
    <mcdag deadline="1800" name="genned-0-ed-10.0-0">
        <actor name="D0N24">
            <wcet number="0">70</wcet>
            <wcet number="1">100</wcet>
            <maxpow number="0.4379663958253724"/>
            <maxpow number="0.4379663958253724"/>
            <fprob>0.0</fprob>
        </actor>
        <actor name="D0N42">
            <wcet number="0">140</wcet>
            <wcet number="1">180</wcet>
            <maxpow number="0.30722121385412415"/>
            <maxpow number="0.30722121385412415"/>
            <fprob>0.0</fprob>
        </actor>
        <actor name="D0N2">
            <wcet number="0">40</wcet>
            <wcet number="1">100</wcet>
            <maxpow number="0.5194435468910031"/>
            <maxpow number="0.5194435468910031"/>
            <fprob>0.0</fprob>
        </actor>
        <actor name="D0N23">
            <wcet number="0">50</wcet>
            <wcet number="1">70</wcet>
            <maxpow number="0.49690983938187727"/>
            <maxpow number="0.49690983938187727"/>
            <fprob>0.0</fprob>
        </actor>
        <actor name="D0N1">
            <wcet number="0">160</wcet>
            <wcet number="1">170</wcet>
            <maxpow number="0.5906316559604012"/>
            <maxpow number="0.5906316559604012"/>
            <fprob>0.0</fprob>
        </actor>
        <actor name="D0N0">
            <wcet number="0">80</wcet>
            <wcet number="1">130</wcet>
            <maxpow number="0.7874759460381292"/>
            <maxpow number="0.7874759460381292"/>
            <fprob>0.0</fprob>
        </actor>
        <actor name="D0N28">
            <wcet number="0">40</wcet>
            <wcet number="1">120</wcet>
            <maxpow number="0.5584140554873421"/>
            <maxpow number="0.5584140554873421"/>
            <fprob>0.0</fprob>
        </actor>
        <actor name="D0N3">
            <wcet number="0">20</wcet>
            <wcet number="1">130</wcet>
            <maxpow number="0.4679526323899825"/>
            <maxpow number="0.4679526323899825"/>
            <fprob>0.0</fprob>
        </actor>
        <actor name="D0N37">
            <wcet number="0">10</wcet>
            <wcet number="1">10</wcet>
            <maxpow number="0.767782808435268"/>
            <maxpow number="0.767782808435268"/>
            <fprob>0.0</fprob>
        </actor>
        <actor name="D0N15">
            <wcet number="0">10</wcet>
            <wcet number="1">10</wcet>
            <maxpow number="0.48806143171478367"/>
            <maxpow number="0.48806143171478367"/>
            <fprob>0.0</fprob>
        </actor>
        <actor name="D0N40">
            <wcet number="0">30</wcet>
            <wcet number="1">120</wcet>
            <maxpow number="0.5044879272615862"/>
            <maxpow number="0.5044879272615862"/>
            <fprob>0.0</fprob>
        </actor>
        <actor name="D0N7">
            <wcet number="0">10</wcet>
            <wcet number="1">20</wcet>
            <maxpow number="0.42716934475295265"/>
            <maxpow number="0.42716934475295265"/>
            <fprob>0.0</fprob>
        </actor>
        <actor name="D0N31">
            <wcet number="0">200</wcet>
            <wcet number="1">220</wcet>
            <maxpow number="0.4937534727197221"/>
            <maxpow number="0.4937534727197221"/>
            <fprob>0.0</fprob>
        </actor>
        <actor name="D0N25">
            <wcet number="0">30</wcet>
            <wcet number="1">50</wcet>
            <maxpow number="0.6261706743840433"/>
            <maxpow number="0.6261706743840433"/>
            <fprob>0.0</fprob>
        </actor>
        <actor name="D0N19">
            <wcet number="0">20</wcet>
            <wcet number="1">20</wcet>
            <maxpow number="0.5993719437709389"/>
            <maxpow number="0.5993719437709389"/>
            <fprob>0.0</fprob>
        </actor>
        <actor name="D0N18">
            <wcet number="0">30</wcet>
            <wcet number="1">50</wcet>
            <maxpow number="0.35250663832253515"/>
            <maxpow number="0.35250663832253515"/>
            <fprob>0.0</fprob>
        </actor>
        <actor name="D0N21">
            <wcet number="0">40</wcet>
            <wcet number="1">200</wcet>
            <maxpow number="0.004159398476156317"/>
            <maxpow number="0.004159398476156317"/>
            <fprob>0.0</fprob>
        </actor>
        <actor name="D0N41">
            <wcet number="0">10</wcet>
            <wcet number="1">10</wcet>
            <maxpow number="0.5003361362900238"/>
            <maxpow number="0.5003361362900238"/>
            <fprob>0.0</fprob>
        </actor>
        <actor name="D0N46">
            <wcet number="0">40</wcet>
            <wcet number="1">100</wcet>
            <maxpow number="0.5319980436180297"/>
            <maxpow number="0.5319980436180297"/>
            <fprob>0.0</fprob>
        </actor>
        <actor name="D0N14">
            <wcet number="0">10</wcet>
            <wcet number="1">10</wcet>
            <maxpow number="0.3562576529066278"/>
            <maxpow number="0.3562576529066278"/>
            <fprob>0.0</fprob>
        </actor>
        <actor name="D0N17">
            <wcet number="0">10</wcet>
            <wcet number="1">40</wcet>
            <maxpow number="0.7413193157434224"/>
            <maxpow number="0.7413193157434224"/>
            <fprob>0.0</fprob>
        </actor>
        <actor name="D0N20">
            <wcet number="0">50</wcet>
            <wcet number="1">60</wcet>
            <maxpow number="0.5663150607282998"/>
            <maxpow number="0.5663150607282998"/>
            <fprob>0.0</fprob>
        </actor>
        <actor name="D0N4">
            <wcet number="0">20</wcet>
            <wcet number="1">160</wcet>
            <maxpow number="0.7719649925328511"/>
            <maxpow number="0.7719649925328511"/>
            <fprob>0.0</fprob>
        </actor>
        <actor name="D0N9">
            <wcet number="0">40</wcet>
            <wcet number="1">60</wcet>
            <maxpow number="0.6852774363535905"/>
            <maxpow number="0.6852774363535905"/>
            <fprob>0.0</fprob>
        </actor>
        <actor name="D0N47">
            <wcet number="0">20</wcet>
            <wcet number="1">20</wcet>
            <maxpow number="0.658749552422465"/>
            <maxpow number="0.658749552422465"/>
            <fprob>0.0</fprob>
        </actor>
        <actor name="D0N6">
            <wcet number="0">60</wcet>
            <wcet number="1">130</wcet>
            <maxpow number="0.45894041461220864"/>
            <maxpow number="0.45894041461220864"/>
            <fprob>0.0</fprob>
        </actor>
        <actor name="D0N13">
            <wcet number="0">60</wcet>
            <wcet number="1">150</wcet>
            <maxpow number="0.4942547060044892"/>
            <maxpow number="0.4942547060044892"/>
            <fprob>0.0</fprob>
        </actor>
        <actor name="D0N22">
            <wcet number="0">60</wcet>
            <wcet number="1">90</wcet>
            <maxpow number="0.28914453847165267"/>
            <maxpow number="0.28914453847165267"/>
            <fprob>0.0</fprob>
        </actor>
        <actor name="D0N10">
            <wcet number="0">20</wcet>
            <wcet number="1">20</wcet>
            <maxpow number="0.7620409355882106"/>
            <maxpow number="0.7620409355882106"/>
            <fprob>0.0</fprob>
        </actor>
        <actor name="D0N29">
            <wcet number="0">20</wcet>
            <wcet number="1">30</wcet>
            <maxpow number="0.7256333074462732"/>
            <maxpow number="0.7256333074462732"/>
            <fprob>0.0</fprob>
        </actor>
        <actor name="D0N16">
            <wcet number="0">100</wcet>
            <wcet number="1">120</wcet>
            <maxpow number="0.513392772750817"/>
            <maxpow number="0.513392772750817"/>
            <fprob>0.0</fprob>
        </actor>
        <actor name="D0N32">
            <wcet number="0">10</wcet>
            <wcet number="1">50</wcet>
            <maxpow number="0.770016190619891"/>
            <maxpow number="0.770016190619891"/>
            <fprob>0.0</fprob>
        </actor>
        <actor name="D0N26">
            <wcet number="0">80</wcet>
            <wcet number="1">90</wcet>
            <maxpow number="0.5279234709940704"/>
            <maxpow number="0.5279234709940704"/>
            <fprob>0.0</fprob>
        </actor>
        <actor name="D0N43">
            <wcet number="0">10</wcet>
            <wcet number="1">10</wcet>
            <maxpow number="0.7698620963078889"/>
            <maxpow number="0.7698620963078889"/>
            <fprob>0.0</fprob>
        </actor>
        <actor name="D0N5">
            <wcet number="0">10</wcet>
            <wcet number="1">10</wcet>
            <maxpow number="0.5227022653732495"/>
            <maxpow number="0.5227022653732495"/>
            <fprob>0.0</fprob>
        </actor>
        <actor name="D0N30">
            <wcet number="0">20</wcet>
            <wcet number="1">20</wcet>
            <maxpow number="0.1044440248143908"/>
            <maxpow number="0.1044440248143908"/>
            <fprob>0.0</fprob>
        </actor>
        <actor name="D0N36">
            <wcet number="0">10</wcet>
            <wcet number="1">10</wcet>
            <maxpow number="1.0027009382496148"/>
            <maxpow number="1.0027009382496148"/>
            <fprob>0.0</fprob>
        </actor>
        <actor name="D0N27">
            <wcet number="0">10</wcet>
            <wcet number="1">20</wcet>
            <maxpow number="0.587125090027574"/>
            <maxpow number="0.587125090027574"/>
            <fprob>0.0</fprob>
        </actor>
        <actor name="D0N35">
            <wcet number="0">20</wcet>
            <wcet number="1">80</wcet>
            <maxpow number="0.3324868340522005"/>
            <maxpow number="0.3324868340522005"/>
            <fprob>0.0</fprob>
        </actor>
        <actor name="D0N38">
            <wcet number="0">10</wcet>
            <wcet number="1">20</wcet>
            <maxpow number="0.3502859717363519"/>
            <maxpow number="0.3502859717363519"/>
            <fprob>0.0</fprob>
        </actor>
        <actor name="D0N8">
            <wcet number="0">10</wcet>
            <wcet number="1">100</wcet>
            <maxpow number="0.3355967305852644"/>
            <maxpow number="0.3355967305852644"/>
            <fprob>0.0</fprob>
        </actor>
        <actor name="D0N12">
            <wcet number="0">30</wcet>
            <wcet number="1">30</wcet>
            <maxpow number="0.2587665377597496"/>
            <maxpow number="0.2587665377597496"/>
            <fprob>0.0</fprob>
        </actor>
        <actor name="D0N39">
            <wcet number="0">20</wcet>
            <wcet number="1">40</wcet>
            <maxpow number="0.6352978720613134"/>
            <maxpow number="0.6352978720613134"/>
            <fprob>0.0</fprob>
        </actor>
        <actor name="D0N44">
            <wcet number="0">140</wcet>
            <wcet number="1">160</wcet>
            <maxpow number="0.563240898423446"/>
            <maxpow number="0.563240898423446"/>
            <fprob>0.0</fprob>
        </actor>
        <actor name="D0N34">
            <wcet number="0">30</wcet>
            <wcet number="1">50</wcet>
            <maxpow number="0.7650514430961458"/>
            <maxpow number="0.7650514430961458"/>
            <fprob>0.0</fprob>
        </actor>
        <actor name="D0N33">
            <wcet number="0">50</wcet>
            <wcet number="1">70</wcet>
            <maxpow number="0.7035195144387586"/>
            <maxpow number="0.7035195144387586"/>
            <fprob>0.0</fprob>
        </actor>
        <actor name="D0N11">
            <wcet number="0">90</wcet>
            <wcet number="1">100</wcet>
            <maxpow number="0.656877876008553"/>
            <maxpow number="0.656877876008553"/>
            <fprob>0.0</fprob>
        </actor>
        <actor name="D0N45">
            <wcet number="0">40</wcet>
            <wcet number="1">40</wcet>
            <maxpow number="0.8334172026024799"/>
            <maxpow number="0.8334172026024799"/>
            <fprob>0.0</fprob>
        </actor>
        <ports>
            <port dstActor="D0N26" name="p0" srcActor="D0N24"/>
            <port dstActor="D0N42" name="p1" srcActor="D0N24"/>
            <port dstActor="D0N44" name="p2" srcActor="D0N42"/>
            <port dstActor="D0N45" name="p3" srcActor="D0N42"/>
            <port dstActor="D0N16" name="p4" srcActor="D0N2"/>
            <port dstActor="D0N15" name="p5" srcActor="D0N2"/>
            <port dstActor="D0N17" name="p6" srcActor="D0N2"/>
            <port dstActor="D0N45" name="p7" srcActor="D0N2"/>
            <port dstActor="D0N25" name="p8" srcActor="D0N23"/>
            <port dstActor="D0N40" name="p9" srcActor="D0N1"/>
            <port dstActor="D0N21" name="p10" srcActor="D0N1"/>
            <port dstActor="D0N35" name="p11" srcActor="D0N0"/>
            <port dstActor="D0N21" name="p12" srcActor="D0N0"/>
            <port dstActor="D0N23" name="p13" srcActor="D0N0"/>
            <port dstActor="D0N33" name="p14" srcActor="D0N28"/>
            <port dstActor="D0N43" name="p15" srcActor="D0N28"/>
            <port dstActor="D0N46" name="p16" srcActor="D0N28"/>
            <port dstActor="D0N7" name="p17" srcActor="D0N3"/>
            <port dstActor="D0N8" name="p18" srcActor="D0N3"/>
            <port dstActor="D0N39" name="p19" srcActor="D0N3"/>
            <port dstActor="D0N45" name="p20" srcActor="D0N37"/>
            <port dstActor="D0N36" name="p21" srcActor="D0N15"/>
            <port dstActor="D0N19" name="p22" srcActor="D0N15"/>
            <port dstActor="D0N29" name="p23" srcActor="D0N15"/>
            <port dstActor="D0N28" name="p24" srcActor="D0N15"/>
            <port dstActor="D0N44" name="p25" srcActor="D0N40"/>
            <port dstActor="D0N26" name="p26" srcActor="D0N7"/>
            <port dstActor="D0N32" name="p27" srcActor="D0N7"/>
            <port dstActor="D0N36" name="p28" srcActor="D0N7"/>
            <port dstActor="D0N44" name="p29" srcActor="D0N7"/>
            <port dstActor="D0N36" name="p30" srcActor="D0N31"/>
            <port dstActor="D0N36" name="p31" srcActor="D0N25"/>
            <port dstActor="D0N39" name="p32" srcActor="D0N25"/>
            <port dstActor="D0N31" name="p33" srcActor="D0N19"/>
            <port dstActor="D0N32" name="p34" srcActor="D0N19"/>
            <port dstActor="D0N44" name="p35" srcActor="D0N19"/>
            <port dstActor="D0N39" name="p36" srcActor="D0N18"/>
            <port dstActor="D0N28" name="p37" srcActor="D0N18"/>
            <port dstActor="D0N36" name="p38" srcActor="D0N18"/>
            <port dstActor="D0N37" name="p39" srcActor="D0N18"/>
            <port dstActor="D0N46" name="p40" srcActor="D0N21"/>
            <port dstActor="D0N25" name="p41" srcActor="D0N21"/>
            <port dstActor="D0N32" name="p42" srcActor="D0N21"/>
            <port dstActor="D0N45" name="p43" srcActor="D0N21"/>
            <port dstActor="D0N45" name="p44" srcActor="D0N41"/>
            <port dstActor="D0N29" name="p45" srcActor="D0N14"/>
            <port dstActor="D0N22" name="p46" srcActor="D0N14"/>
            <port dstActor="D0N42" name="p47" srcActor="D0N17"/>
            <port dstActor="D0N46" name="p48" srcActor="D0N17"/>
            <port dstActor="D0N20" name="p49" srcActor="D0N17"/>
            <port dstActor="D0N45" name="p50" srcActor="D0N17"/>
            <port dstActor="D0N26" name="p51" srcActor="D0N17"/>
            <port dstActor="D0N41" name="p52" srcActor="D0N17"/>
            <port dstActor="D0N30" name="p53" srcActor="D0N4"/>
            <port dstActor="D0N37" name="p54" srcActor="D0N4"/>
            <port dstActor="D0N10" name="p55" srcActor="D0N4"/>
            <port dstActor="D0N23" name="p56" srcActor="D0N4"/>
            <port dstActor="D0N31" name="p57" srcActor="D0N4"/>
            <port dstActor="D0N27" name="p58" srcActor="D0N9"/>
            <port dstActor="D0N24" name="p59" srcActor="D0N9"/>
            <port dstActor="D0N21" name="p60" srcActor="D0N6"/>
            <port dstActor="D0N37" name="p61" srcActor="D0N6"/>
            <port dstActor="D0N46" name="p62" srcActor="D0N6"/>
            <port dstActor="D0N26" name="p63" srcActor="D0N6"/>
            <port dstActor="D0N7" name="p64" srcActor="D0N6"/>
            <port dstActor="D0N42" name="p65" srcActor="D0N6"/>
            <port dstActor="D0N25" name="p66" srcActor="D0N13"/>
            <port dstActor="D0N22" name="p67" srcActor="D0N13"/>
            <port dstActor="D0N24" name="p68" srcActor="D0N22"/>
            <port dstActor="D0N23" name="p69" srcActor="D0N22"/>
            <port dstActor="D0N27" name="p70" srcActor="D0N22"/>
            <port dstActor="D0N43" name="p71" srcActor="D0N22"/>
            <port dstActor="D0N17" name="p72" srcActor="D0N10"/>
            <port dstActor="D0N42" name="p73" srcActor="D0N29"/>
            <port dstActor="D0N37" name="p74" srcActor="D0N29"/>
            <port dstActor="D0N45" name="p75" srcActor="D0N16"/>
            <port dstActor="D0N39" name="p76" srcActor="D0N16"/>
            <port dstActor="D0N45" name="p77" srcActor="D0N32"/>
            <port dstActor="D0N43" name="p78" srcActor="D0N26"/>
            <port dstActor="D0N31" name="p79" srcActor="D0N26"/>
            <port dstActor="D0N45" name="p80" srcActor="D0N5"/>
            <port dstActor="D0N29" name="p81" srcActor="D0N5"/>
            <port dstActor="D0N37" name="p82" srcActor="D0N5"/>
            <port dstActor="D0N34" name="p83" srcActor="D0N5"/>
            <port dstActor="D0N39" name="p84" srcActor="D0N5"/>
            <port dstActor="D0N44" name="p85" srcActor="D0N30"/>
            <port dstActor="D0N36" name="p86" srcActor="D0N30"/>
            <port dstActor="D0N46" name="p87" srcActor="D0N36"/>
            <port dstActor="D0N43" name="p88" srcActor="D0N36"/>
            <port dstActor="D0N33" name="p89" srcActor="D0N27"/>
            <port dstActor="D0N28" name="p90" srcActor="D0N27"/>
            <port dstActor="D0N30" name="p91" srcActor="D0N27"/>
            <port dstActor="D0N41" name="p92" srcActor="D0N27"/>
            <port dstActor="D0N38" name="p93" srcActor="D0N35"/>
            <port dstActor="D0N47" name="p94" srcActor="D0N38"/>
            <port dstActor="D0N36" name="p95" srcActor="D0N8"/>
            <port dstActor="D0N29" name="p96" srcActor="D0N8"/>
            <port dstActor="D0N21" name="p97" srcActor="D0N8"/>
            <port dstActor="D0N31" name="p98" srcActor="D0N8"/>
            <port dstActor="D0N15" name="p99" srcActor="D0N8"/>
            <port dstActor="D0N44" name="p100" srcActor="D0N12"/>
            <port dstActor="D0N43" name="p101" srcActor="D0N12"/>
            <port dstActor="D0N21" name="p102" srcActor="D0N12"/>
            <port dstActor="D0N42" name="p103" srcActor="D0N34"/>
            <port dstActor="D0N46" name="p104" srcActor="D0N34"/>
            <port dstActor="D0N42" name="p105" srcActor="D0N33"/>
            <port dstActor="D0N44" name="p106" srcActor="D0N33"/>
            <port dstActor="D0N12" name="p107" srcActor="D0N11"/>
            <port dstActor="D0N33" name="p108" srcActor="D0N11"/>
        </ports>
    </mcdag>
    <cores number="2"/>
    <levels number="2"/>
</mcsystem>
