<?xml version="1.0" encoding="UTF-8" standalone="no"?>
<mcsystem>
    <mcdag deadline="2500" name="genned-0-ed-10.0-0">
        <actor name="D0N46">
            <wcet number="0">10</wcet>
            <wcet number="1">20</wcet>
            <maxpow number="0.8812320731237023"/>
            <maxpow number="0.8812320731237023"/>
            <fprob>0.0</fprob>
        </actor>
        <actor name="D0N30">
            <wcet number="0">130</wcet>
            <wcet number="1">250</wcet>
            <maxpow number="0.49762321884562616"/>
            <maxpow number="0.49762321884562616"/>
            <fprob>0.0</fprob>
        </actor>
        <actor name="D0N36">
            <wcet number="0">90</wcet>
            <wcet number="1">120</wcet>
            <maxpow number="0.4552715998829903"/>
            <maxpow number="0.4552715998829903"/>
            <fprob>0.0</fprob>
        </actor>
        <actor name="D0N49">
            <wcet number="0">290</wcet>
            <wcet number="1">410</wcet>
            <maxpow number="0.9354509309646857"/>
            <maxpow number="0.9354509309646857"/>
            <fprob>0.0</fprob>
        </actor>
        <actor name="D0N29">
            <wcet number="0">60</wcet>
            <wcet number="1">60</wcet>
            <maxpow number="0.3003760123710093"/>
            <maxpow number="0.3003760123710093"/>
            <fprob>0.0</fprob>
        </actor>
        <actor name="D0N21">
            <wcet number="0">40</wcet>
            <wcet number="1">100</wcet>
            <maxpow number="0.21185007662819777"/>
            <maxpow number="0.21185007662819777"/>
            <fprob>0.0</fprob>
        </actor>
        <actor name="D0N12">
            <wcet number="0">20</wcet>
            <wcet number="1">70</wcet>
            <maxpow number="0.5284318568593616"/>
            <maxpow number="0.5284318568593616"/>
            <fprob>0.0</fprob>
        </actor>
        <actor name="D0N35">
            <wcet number="0">20</wcet>
            <wcet number="1">70</wcet>
            <maxpow number="0.585831541914374"/>
            <maxpow number="0.585831541914374"/>
            <fprob>0.0</fprob>
        </actor>
        <actor name="D0N4">
            <wcet number="0">40</wcet>
            <wcet number="1">40</wcet>
            <maxpow number="0.33698903008010295"/>
            <maxpow number="0.33698903008010295"/>
            <fprob>0.0</fprob>
        </actor>
        <actor name="D0N16">
            <wcet number="0">80</wcet>
            <wcet number="1">150</wcet>
            <maxpow number="0.5671408891877977"/>
            <maxpow number="0.5671408891877977"/>
            <fprob>0.0</fprob>
        </actor>
        <actor name="D0N19">
            <wcet number="0">200</wcet>
            <wcet number="1">340</wcet>
            <maxpow number="0.5192233777556865"/>
            <maxpow number="0.5192233777556865"/>
            <fprob>0.0</fprob>
        </actor>
        <actor name="D0N37">
            <wcet number="0">20</wcet>
            <wcet number="1">90</wcet>
            <maxpow number="0.6711891704382368"/>
            <maxpow number="0.6711891704382368"/>
            <fprob>0.0</fprob>
        </actor>
        <actor name="D0N33">
            <wcet number="0">70</wcet>
            <wcet number="1">70</wcet>
            <maxpow number="0.670019462567541"/>
            <maxpow number="0.670019462567541"/>
            <fprob>0.0</fprob>
        </actor>
        <actor name="D0N34">
            <wcet number="0">110</wcet>
            <wcet number="1">230</wcet>
            <maxpow number="0.6461159295598129"/>
            <maxpow number="0.6461159295598129"/>
            <fprob>0.0</fprob>
        </actor>
        <actor name="D0N9">
            <wcet number="0">10</wcet>
            <wcet number="1">20</wcet>
            <maxpow number="0.3336527386380281"/>
            <maxpow number="0.3336527386380281"/>
            <fprob>0.0</fprob>
        </actor>
        <actor name="D0N42">
            <wcet number="0">30</wcet>
            <wcet number="1">190</wcet>
            <maxpow number="0.4467087995907338"/>
            <maxpow number="0.4467087995907338"/>
            <fprob>0.0</fprob>
        </actor>
        <actor name="D0N8">
            <wcet number="0">110</wcet>
            <wcet number="1">170</wcet>
            <maxpow number="0.6317419299180689"/>
            <maxpow number="0.6317419299180689"/>
            <fprob>0.0</fprob>
        </actor>
        <actor name="D0N44">
            <wcet number="0">120</wcet>
            <wcet number="1">120</wcet>
            <maxpow number="0.4062997694556538"/>
            <maxpow number="0.4062997694556538"/>
            <fprob>0.0</fprob>
        </actor>
        <actor name="D0N3">
            <wcet number="0">20</wcet>
            <wcet number="1">30</wcet>
            <maxpow number="0.6048299523118773"/>
            <maxpow number="0.6048299523118773"/>
            <fprob>0.0</fprob>
        </actor>
        <actor name="D0N20">
            <wcet number="0">40</wcet>
            <wcet number="1">50</wcet>
            <maxpow number="0.6609471618789785"/>
            <maxpow number="0.6609471618789785"/>
            <fprob>0.0</fprob>
        </actor>
        <actor name="D0N28">
            <wcet number="0">10</wcet>
            <wcet number="1">10</wcet>
            <maxpow number="0.6690900371642766"/>
            <maxpow number="0.6690900371642766"/>
            <fprob>0.0</fprob>
        </actor>
        <actor name="D0N32">
            <wcet number="0">10</wcet>
            <wcet number="1">30</wcet>
            <maxpow number="0.43289024446987123"/>
            <maxpow number="0.43289024446987123"/>
            <fprob>0.0</fprob>
        </actor>
        <actor name="D0N13">
            <wcet number="0">20</wcet>
            <wcet number="1">50</wcet>
            <maxpow number="0.6636793215779326"/>
            <maxpow number="0.6636793215779326"/>
            <fprob>0.0</fprob>
        </actor>
        <actor name="D0N47">
            <wcet number="0">50</wcet>
            <wcet number="1">60</wcet>
            <maxpow number="0.6688279788135274"/>
            <maxpow number="0.6688279788135274"/>
            <fprob>0.0</fprob>
        </actor>
        <actor name="D0N11">
            <wcet number="0">70</wcet>
            <wcet number="1">70</wcet>
            <maxpow number="0.8274430374496785"/>
            <maxpow number="0.8274430374496785"/>
            <fprob>0.0</fprob>
        </actor>
        <actor name="D0N23">
            <wcet number="0">20</wcet>
            <wcet number="1">40</wcet>
            <maxpow number="0.25538905900085823"/>
            <maxpow number="0.25538905900085823"/>
            <fprob>0.0</fprob>
        </actor>
        <actor name="D0N48">
            <wcet number="0">50</wcet>
            <wcet number="1">130</wcet>
            <maxpow number="0.5328010287307722"/>
            <maxpow number="0.5328010287307722"/>
            <fprob>0.0</fprob>
        </actor>
        <actor name="D0N26">
            <wcet number="0">90</wcet>
            <wcet number="1">90</wcet>
            <maxpow number="0.6495125331348822"/>
            <maxpow number="0.6495125331348822"/>
            <fprob>0.0</fprob>
        </actor>
        <actor name="D0N25">
            <wcet number="0">20</wcet>
            <wcet number="1">20</wcet>
            <maxpow number="0.9260474119680979"/>
            <maxpow number="0.9260474119680979"/>
            <fprob>0.0</fprob>
        </actor>
        <actor name="D0N22">
            <wcet number="0">50</wcet>
            <wcet number="1">50</wcet>
            <maxpow number="0.6446067106441739"/>
            <maxpow number="0.6446067106441739"/>
            <fprob>0.0</fprob>
        </actor>
        <actor name="D0N6">
            <wcet number="0">70</wcet>
            <wcet number="1">100</wcet>
            <maxpow number="0.34348250619496945"/>
            <maxpow number="0.34348250619496945"/>
            <fprob>0.0</fprob>
        </actor>
        <actor name="D0N45">
            <wcet number="0">100</wcet>
            <wcet number="1">250</wcet>
            <maxpow number="0.62482356206866"/>
            <maxpow number="0.62482356206866"/>
            <fprob>0.0</fprob>
        </actor>
        <actor name="D0N38">
            <wcet number="0">60</wcet>
            <wcet number="1">130</wcet>
            <maxpow number="0.42179661716812533"/>
            <maxpow number="0.42179661716812533"/>
            <fprob>0.0</fprob>
        </actor>
        <actor name="D0N27">
            <wcet number="0">20</wcet>
            <wcet number="1">100</wcet>
            <maxpow number="0.5218807167484438"/>
            <maxpow number="0.5218807167484438"/>
            <fprob>0.0</fprob>
        </actor>
        <actor name="D0N31">
            <wcet number="0">10</wcet>
            <wcet number="1">140</wcet>
            <maxpow number="0.5657550384434785"/>
            <maxpow number="0.5657550384434785"/>
            <fprob>0.0</fprob>
        </actor>
        <actor name="D0N0">
            <wcet number="0">10</wcet>
            <wcet number="1">40</wcet>
            <maxpow number="0.4223482731073726"/>
            <maxpow number="0.4223482731073726"/>
            <fprob>0.0</fprob>
        </actor>
        <actor name="D0N40">
            <wcet number="0">50</wcet>
            <wcet number="1">80</wcet>
            <maxpow number="0.21840007313880205"/>
            <maxpow number="0.21840007313880205"/>
            <fprob>0.0</fprob>
        </actor>
        <actor name="D0N39">
            <wcet number="0">40</wcet>
            <wcet number="1">110</wcet>
            <maxpow number="0.30904132481265"/>
            <maxpow number="0.30904132481265"/>
            <fprob>0.0</fprob>
        </actor>
        <actor name="D0N10">
            <wcet number="0">30</wcet>
            <wcet number="1">40</wcet>
            <maxpow number="0.5213663716883415"/>
            <maxpow number="0.5213663716883415"/>
            <fprob>0.0</fprob>
        </actor>
        <actor name="D0N18">
            <wcet number="0">10</wcet>
            <wcet number="1">20</wcet>
            <maxpow number="0.4506634890966874"/>
            <maxpow number="0.4506634890966874"/>
            <fprob>0.0</fprob>
        </actor>
        <actor name="D0N1">
            <wcet number="0">10</wcet>
            <wcet number="1">20</wcet>
            <maxpow number="0.5967594720739083"/>
            <maxpow number="0.5967594720739083"/>
            <fprob>0.0</fprob>
        </actor>
        <actor name="D0N14">
            <wcet number="0">140</wcet>
            <wcet number="1">200</wcet>
            <maxpow number="0.5158403798894482"/>
            <maxpow number="0.5158403798894482"/>
            <fprob>0.0</fprob>
        </actor>
        <actor name="D0N43">
            <wcet number="0">20</wcet>
            <wcet number="1">20</wcet>
            <maxpow number="0.8038378095706205"/>
            <maxpow number="0.8038378095706205"/>
            <fprob>0.0</fprob>
        </actor>
        <actor name="D0N41">
            <wcet number="0">50</wcet>
            <wcet number="1">210</wcet>
            <maxpow number="0.5824140313524613"/>
            <maxpow number="0.5824140313524613"/>
            <fprob>0.0</fprob>
        </actor>
        <actor name="D0N17">
            <wcet number="0">100</wcet>
            <wcet number="1">200</wcet>
            <maxpow number="0.4086012453481056"/>
            <maxpow number="0.4086012453481056"/>
            <fprob>0.0</fprob>
        </actor>
        <actor name="D0N2">
            <wcet number="0">20</wcet>
            <wcet number="1">20</wcet>
            <maxpow number="0.6529059082939543"/>
            <maxpow number="0.6529059082939543"/>
            <fprob>0.0</fprob>
        </actor>
        <actor name="D0N24">
            <wcet number="0">180</wcet>
            <wcet number="1">250</wcet>
            <maxpow number="0.6989178272493619"/>
            <maxpow number="0.6989178272493619"/>
            <fprob>0.0</fprob>
        </actor>
        <actor name="D0N15">
            <wcet number="0">50</wcet>
            <wcet number="1">170</wcet>
            <maxpow number="0.7966902025998364"/>
            <maxpow number="0.7966902025998364"/>
            <fprob>0.0</fprob>
        </actor>
        <actor name="D0N5">
            <wcet number="0">20</wcet>
            <wcet number="1">40</wcet>
            <maxpow number="0.526904771374313"/>
            <maxpow number="0.526904771374313"/>
            <fprob>0.0</fprob>
        </actor>
        <actor name="D0N7">
            <wcet number="0">130</wcet>
            <wcet number="1">210</wcet>
            <maxpow number="0.6478992670240079"/>
            <maxpow number="0.6478992670240079"/>
            <fprob>0.0</fprob>
        </actor>
        <ports>
            <port dstActor="D0N35" name="p0" srcActor="D0N30"/>
            <port dstActor="D0N44" name="p1" srcActor="D0N36"/>
            <port dstActor="D0N33" name="p2" srcActor="D0N29"/>
            <port dstActor="D0N46" name="p3" srcActor="D0N29"/>
            <port dstActor="D0N32" name="p4" srcActor="D0N29"/>
            <port dstActor="D0N44" name="p5" srcActor="D0N29"/>
            <port dstActor="D0N43" name="p6" srcActor="D0N21"/>
            <port dstActor="D0N40" name="p7" srcActor="D0N21"/>
            <port dstActor="D0N27" name="p8" srcActor="D0N12"/>
            <port dstActor="D0N37" name="p9" srcActor="D0N12"/>
            <port dstActor="D0N35" name="p10" srcActor="D0N12"/>
            <port dstActor="D0N48" name="p11" srcActor="D0N35"/>
            <port dstActor="D0N44" name="p12" srcActor="D0N35"/>
            <port dstActor="D0N36" name="p13" srcActor="D0N35"/>
            <port dstActor="D0N23" name="p14" srcActor="D0N4"/>
            <port dstActor="D0N46" name="p15" srcActor="D0N4"/>
            <port dstActor="D0N22" name="p16" srcActor="D0N16"/>
            <port dstActor="D0N20" name="p17" srcActor="D0N16"/>
            <port dstActor="D0N24" name="p18" srcActor="D0N16"/>
            <port dstActor="D0N49" name="p19" srcActor="D0N16"/>
            <port dstActor="D0N26" name="p20" srcActor="D0N16"/>
            <port dstActor="D0N21" name="p21" srcActor="D0N19"/>
            <port dstActor="D0N45" name="p22" srcActor="D0N19"/>
            <port dstActor="D0N46" name="p23" srcActor="D0N37"/>
            <port dstActor="D0N41" name="p24" srcActor="D0N37"/>
            <port dstActor="D0N40" name="p25" srcActor="D0N33"/>
            <port dstActor="D0N43" name="p26" srcActor="D0N33"/>
            <port dstActor="D0N41" name="p27" srcActor="D0N34"/>
            <port dstActor="D0N40" name="p28" srcActor="D0N34"/>
            <port dstActor="D0N43" name="p29" srcActor="D0N9"/>
            <port dstActor="D0N49" name="p30" srcActor="D0N9"/>
            <port dstActor="D0N43" name="p31" srcActor="D0N42"/>
            <port dstActor="D0N30" name="p32" srcActor="D0N8"/>
            <port dstActor="D0N48" name="p33" srcActor="D0N44"/>
            <port dstActor="D0N40" name="p34" srcActor="D0N3"/>
            <port dstActor="D0N27" name="p35" srcActor="D0N3"/>
            <port dstActor="D0N28" name="p36" srcActor="D0N3"/>
            <port dstActor="D0N42" name="p37" srcActor="D0N20"/>
            <port dstActor="D0N37" name="p38" srcActor="D0N28"/>
            <port dstActor="D0N14" name="p39" srcActor="D0N13"/>
            <port dstActor="D0N29" name="p40" srcActor="D0N11"/>
            <port dstActor="D0N47" name="p41" srcActor="D0N23"/>
            <port dstActor="D0N28" name="p42" srcActor="D0N25"/>
            <port dstActor="D0N37" name="p43" srcActor="D0N25"/>
            <port dstActor="D0N47" name="p44" srcActor="D0N22"/>
            <port dstActor="D0N25" name="p45" srcActor="D0N22"/>
            <port dstActor="D0N41" name="p46" srcActor="D0N22"/>
            <port dstActor="D0N11" name="p47" srcActor="D0N6"/>
            <port dstActor="D0N48" name="p48" srcActor="D0N6"/>
            <port dstActor="D0N14" name="p49" srcActor="D0N6"/>
            <port dstActor="D0N35" name="p50" srcActor="D0N6"/>
            <port dstActor="D0N25" name="p51" srcActor="D0N6"/>
            <port dstActor="D0N49" name="p52" srcActor="D0N27"/>
            <port dstActor="D0N48" name="p53" srcActor="D0N27"/>
            <port dstActor="D0N43" name="p54" srcActor="D0N31"/>
            <port dstActor="D0N45" name="p55" srcActor="D0N31"/>
            <port dstActor="D0N38" name="p56" srcActor="D0N0"/>
            <port dstActor="D0N41" name="p57" srcActor="D0N0"/>
            <port dstActor="D0N41" name="p58" srcActor="D0N40"/>
            <port dstActor="D0N27" name="p59" srcActor="D0N10"/>
            <port dstActor="D0N31" name="p60" srcActor="D0N18"/>
            <port dstActor="D0N25" name="p61" srcActor="D0N18"/>
            <port dstActor="D0N45" name="p62" srcActor="D0N18"/>
            <port dstActor="D0N27" name="p63" srcActor="D0N18"/>
            <port dstActor="D0N23" name="p64" srcActor="D0N18"/>
            <port dstActor="D0N15" name="p65" srcActor="D0N1"/>
            <port dstActor="D0N11" name="p66" srcActor="D0N1"/>
            <port dstActor="D0N13" name="p67" srcActor="D0N1"/>
            <port dstActor="D0N49" name="p68" srcActor="D0N1"/>
            <port dstActor="D0N5" name="p69" srcActor="D0N1"/>
            <port dstActor="D0N35" name="p70" srcActor="D0N14"/>
            <port dstActor="D0N39" name="p71" srcActor="D0N14"/>
            <port dstActor="D0N15" name="p72" srcActor="D0N14"/>
            <port dstActor="D0N37" name="p73" srcActor="D0N17"/>
            <port dstActor="D0N31" name="p74" srcActor="D0N17"/>
            <port dstActor="D0N25" name="p75" srcActor="D0N17"/>
            <port dstActor="D0N13" name="p76" srcActor="D0N2"/>
            <port dstActor="D0N35" name="p77" srcActor="D0N2"/>
            <port dstActor="D0N33" name="p78" srcActor="D0N2"/>
            <port dstActor="D0N36" name="p79" srcActor="D0N24"/>
            <port dstActor="D0N41" name="p80" srcActor="D0N24"/>
            <port dstActor="D0N33" name="p81" srcActor="D0N15"/>
            <port dstActor="D0N42" name="p82" srcActor="D0N15"/>
            <port dstActor="D0N31" name="p83" srcActor="D0N15"/>
            <port dstActor="D0N39" name="p84" srcActor="D0N15"/>
            <port dstActor="D0N14" name="p85" srcActor="D0N5"/>
            <port dstActor="D0N29" name="p86" srcActor="D0N5"/>
            <port dstActor="D0N8" name="p87" srcActor="D0N5"/>
            <port dstActor="D0N40" name="p88" srcActor="D0N5"/>
            <port dstActor="D0N26" name="p89" srcActor="D0N7"/>
            <port dstActor="D0N19" name="p90" srcActor="D0N7"/>
            <port dstActor="D0N30" name="p91" srcActor="D0N7"/>
            <port dstActor="D0N22" name="p92" srcActor="D0N7"/>
        </ports>
    </mcdag>
    <cores number="3"/>
    <levels number="2"/>
</mcsystem>
