<?xml version="1.0" encoding="UTF-8" standalone="no"?>
<mcsystem>
    <mcdag deadline="2500" name="genned-0-ed-10.0-0">
        <actor name="D0N31">
            <wcet number="0">180</wcet>
            <wcet number="1">250</wcet>
            <maxpow number="0.8876255064870843"/>
            <maxpow number="0.8876255064870843"/>
            <fprob>0.0</fprob>
        </actor>
        <actor name="D0N1">
            <wcet number="0">40</wcet>
            <wcet number="1">40</wcet>
            <maxpow number="0.31176741740986025"/>
            <maxpow number="0.31176741740986025"/>
            <fprob>0.0</fprob>
        </actor>
        <actor name="D0N17">
            <wcet number="0">10</wcet>
            <wcet number="1">10</wcet>
            <maxpow number="0.45423457862432004"/>
            <maxpow number="0.45423457862432004"/>
            <fprob>0.0</fprob>
        </actor>
        <actor name="D0N3">
            <wcet number="0">10</wcet>
            <wcet number="1">70</wcet>
            <maxpow number="0.4106834546570902"/>
            <maxpow number="0.4106834546570902"/>
            <fprob>0.0</fprob>
        </actor>
        <actor name="D0N42">
            <wcet number="0">50</wcet>
            <wcet number="1">60</wcet>
            <maxpow number="0.6370608568313151"/>
            <maxpow number="0.6370608568313151"/>
            <fprob>0.0</fprob>
        </actor>
        <actor name="D0N28">
            <wcet number="0">40</wcet>
            <wcet number="1">50</wcet>
            <maxpow number="0.5256694665056492"/>
            <maxpow number="0.5256694665056492"/>
            <fprob>0.0</fprob>
        </actor>
        <actor name="D0N45">
            <wcet number="0">20</wcet>
            <wcet number="1">20</wcet>
            <maxpow number="0.6716186297683351"/>
            <maxpow number="0.6716186297683351"/>
            <fprob>0.0</fprob>
        </actor>
        <actor name="D0N10">
            <wcet number="0">200</wcet>
            <wcet number="1">340</wcet>
            <maxpow number="0.6985825627767704"/>
            <maxpow number="0.6985825627767704"/>
            <fprob>0.0</fprob>
        </actor>
        <actor name="D0N27">
            <wcet number="0">620</wcet>
            <wcet number="1">700</wcet>
            <maxpow number="0.7097733692503432"/>
            <maxpow number="0.7097733692503432"/>
            <fprob>0.0</fprob>
        </actor>
        <actor name="D0N25">
            <wcet number="0">70</wcet>
            <wcet number="1">170</wcet>
            <maxpow number="0.4424326845458615"/>
            <maxpow number="0.4424326845458615"/>
            <fprob>0.0</fprob>
        </actor>
        <actor name="D0N7">
            <wcet number="0">10</wcet>
            <wcet number="1">20</wcet>
            <maxpow number="1.089797043365834"/>
            <maxpow number="1.089797043365834"/>
            <fprob>0.0</fprob>
        </actor>
        <actor name="D0N33">
            <wcet number="0">30</wcet>
            <wcet number="1">30</wcet>
            <maxpow number="0.6372928208286083"/>
            <maxpow number="0.6372928208286083"/>
            <fprob>0.0</fprob>
        </actor>
        <actor name="D0N41">
            <wcet number="0">40</wcet>
            <wcet number="1">80</wcet>
            <maxpow number="0.22643113229929068"/>
            <maxpow number="0.22643113229929068"/>
            <fprob>0.0</fprob>
        </actor>
        <actor name="D0N5">
            <wcet number="0">10</wcet>
            <wcet number="1">10</wcet>
            <maxpow number="0.7758712360058935"/>
            <maxpow number="0.7758712360058935"/>
            <fprob>0.0</fprob>
        </actor>
        <actor name="D0N37">
            <wcet number="0">70</wcet>
            <wcet number="1">130</wcet>
            <maxpow number="0.6953070000566688"/>
            <maxpow number="0.6953070000566688"/>
            <fprob>0.0</fprob>
        </actor>
        <actor name="D0N22">
            <wcet number="0">20</wcet>
            <wcet number="1">240</wcet>
            <maxpow number="0.6112571289348733"/>
            <maxpow number="0.6112571289348733"/>
            <fprob>0.0</fprob>
        </actor>
        <actor name="D0N4">
            <wcet number="0">20</wcet>
            <wcet number="1">70</wcet>
            <maxpow number="0.4054108708141464"/>
            <maxpow number="0.4054108708141464"/>
            <fprob>0.0</fprob>
        </actor>
        <actor name="D0N34">
            <wcet number="0">10</wcet>
            <wcet number="1">120</wcet>
            <maxpow number="0.6698720215803714"/>
            <maxpow number="0.6698720215803714"/>
            <fprob>0.0</fprob>
        </actor>
        <actor name="D0N39">
            <wcet number="0">30</wcet>
            <wcet number="1">160</wcet>
            <maxpow number="0.48875292114856017"/>
            <maxpow number="0.48875292114856017"/>
            <fprob>0.0</fprob>
        </actor>
        <actor name="D0N12">
            <wcet number="0">140</wcet>
            <wcet number="1">190</wcet>
            <maxpow number="0.48854305520110214"/>
            <maxpow number="0.48854305520110214"/>
            <fprob>0.0</fprob>
        </actor>
        <actor name="D0N15">
            <wcet number="0">10</wcet>
            <wcet number="1">10</wcet>
            <maxpow number="0.4954445035220701"/>
            <maxpow number="0.4954445035220701"/>
            <fprob>0.0</fprob>
        </actor>
        <actor name="D0N48">
            <wcet number="0">10</wcet>
            <wcet number="1">10</wcet>
            <maxpow number="0.6335124465103987"/>
            <maxpow number="0.6335124465103987"/>
            <fprob>0.0</fprob>
        </actor>
        <actor name="D0N0">
            <wcet number="0">10</wcet>
            <wcet number="1">10</wcet>
            <maxpow number="0.43698143456400396"/>
            <maxpow number="0.43698143456400396"/>
            <fprob>0.0</fprob>
        </actor>
        <actor name="D0N38">
            <wcet number="0">130</wcet>
            <wcet number="1">180</wcet>
            <maxpow number="0.46148274573761766"/>
            <maxpow number="0.46148274573761766"/>
            <fprob>0.0</fprob>
        </actor>
        <actor name="D0N20">
            <wcet number="0">60</wcet>
            <wcet number="1">120</wcet>
            <maxpow number="0.3702034520510419"/>
            <maxpow number="0.3702034520510419"/>
            <fprob>0.0</fprob>
        </actor>
        <actor name="D0N43">
            <wcet number="0">10</wcet>
            <wcet number="1">50</wcet>
            <maxpow number="0.45994421560957793"/>
            <maxpow number="0.45994421560957793"/>
            <fprob>0.0</fprob>
        </actor>
        <actor name="D0N2">
            <wcet number="0">20</wcet>
            <wcet number="1">40</wcet>
            <maxpow number="0.6002622996417076"/>
            <maxpow number="0.6002622996417076"/>
            <fprob>0.0</fprob>
        </actor>
        <actor name="D0N30">
            <wcet number="0">40</wcet>
            <wcet number="1">50</wcet>
            <maxpow number="0.2842939327309459"/>
            <maxpow number="0.2842939327309459"/>
            <fprob>0.0</fprob>
        </actor>
        <actor name="D0N32">
            <wcet number="0">100</wcet>
            <wcet number="1">100</wcet>
            <maxpow number="0.09037267967965451"/>
            <maxpow number="0.09037267967965451"/>
            <fprob>0.0</fprob>
        </actor>
        <actor name="D0N29">
            <wcet number="0">10</wcet>
            <wcet number="1">90</wcet>
            <maxpow number="0.3714446200177358"/>
            <maxpow number="0.3714446200177358"/>
            <fprob>0.0</fprob>
        </actor>
        <actor name="D0N19">
            <wcet number="0">10</wcet>
            <wcet number="1">130</wcet>
            <maxpow number="0.20785746801485527"/>
            <maxpow number="0.20785746801485527"/>
            <fprob>0.0</fprob>
        </actor>
        <actor name="D0N46">
            <wcet number="0">30</wcet>
            <wcet number="1">50</wcet>
            <maxpow number="0.4932729516671083"/>
            <maxpow number="0.4932729516671083"/>
            <fprob>0.0</fprob>
        </actor>
        <actor name="D0N47">
            <wcet number="0">20</wcet>
            <wcet number="1">20</wcet>
            <maxpow number="0.37946648284235374"/>
            <maxpow number="0.37946648284235374"/>
            <fprob>0.0</fprob>
        </actor>
        <actor name="D0N14">
            <wcet number="0">30</wcet>
            <wcet number="1">30</wcet>
            <maxpow number="0.4807158005205109"/>
            <maxpow number="0.4807158005205109"/>
            <fprob>0.0</fprob>
        </actor>
        <actor name="D0N9">
            <wcet number="0">10</wcet>
            <wcet number="1">90</wcet>
            <maxpow number="0.7984098535615274"/>
            <maxpow number="0.7984098535615274"/>
            <fprob>0.0</fprob>
        </actor>
        <actor name="D0N21">
            <wcet number="0">10</wcet>
            <wcet number="1">100</wcet>
            <maxpow number="0.4946267626575428"/>
            <maxpow number="0.4946267626575428"/>
            <fprob>0.0</fprob>
        </actor>
        <actor name="D0N36">
            <wcet number="0">10</wcet>
            <wcet number="1">10</wcet>
            <maxpow number="0.35365614628834985"/>
            <maxpow number="0.35365614628834985"/>
            <fprob>0.0</fprob>
        </actor>
        <actor name="D0N6">
            <wcet number="0">10</wcet>
            <wcet number="1">30</wcet>
            <maxpow number="0.430111350586608"/>
            <maxpow number="0.430111350586608"/>
            <fprob>0.0</fprob>
        </actor>
        <actor name="D0N40">
            <wcet number="0">30</wcet>
            <wcet number="1">30</wcet>
            <maxpow number="0.174979608626864"/>
            <maxpow number="0.174979608626864"/>
            <fprob>0.0</fprob>
        </actor>
        <actor name="D0N18">
            <wcet number="0">70</wcet>
            <wcet number="1">160</wcet>
            <maxpow number="0.5622181843304829"/>
            <maxpow number="0.5622181843304829"/>
            <fprob>0.0</fprob>
        </actor>
        <actor name="D0N13">
            <wcet number="0">140</wcet>
            <wcet number="1">290</wcet>
            <maxpow number="0.865564276472099"/>
            <maxpow number="0.865564276472099"/>
            <fprob>0.0</fprob>
        </actor>
        <actor name="D0N23">
            <wcet number="0">120</wcet>
            <wcet number="1">240</wcet>
            <maxpow number="0.6311756863729064"/>
            <maxpow number="0.6311756863729064"/>
            <fprob>0.0</fprob>
        </actor>
        <actor name="D0N26">
            <wcet number="0">20</wcet>
            <wcet number="1">90</wcet>
            <maxpow number="0.505425280370698"/>
            <maxpow number="0.505425280370698"/>
            <fprob>0.0</fprob>
        </actor>
        <actor name="D0N24">
            <wcet number="0">40</wcet>
            <wcet number="1">50</wcet>
            <maxpow number="0.3524724195614559"/>
            <maxpow number="0.3524724195614559"/>
            <fprob>0.0</fprob>
        </actor>
        <actor name="D0N35">
            <wcet number="0">10</wcet>
            <wcet number="1">30</wcet>
            <maxpow number="0.664890838002105"/>
            <maxpow number="0.664890838002105"/>
            <fprob>0.0</fprob>
        </actor>
        <actor name="D0N16">
            <wcet number="0">10</wcet>
            <wcet number="1">10</wcet>
            <maxpow number="0.5182603439125083"/>
            <maxpow number="0.5182603439125083"/>
            <fprob>0.0</fprob>
        </actor>
        <actor name="D0N8">
            <wcet number="0">40</wcet>
            <wcet number="1">110</wcet>
            <maxpow number="0.4885048391397049"/>
            <maxpow number="0.4885048391397049"/>
            <fprob>0.0</fprob>
        </actor>
        <actor name="D0N44">
            <wcet number="0">180</wcet>
            <wcet number="1">580</wcet>
            <maxpow number="0.8451274134621374"/>
            <maxpow number="0.8451274134621374"/>
            <fprob>0.0</fprob>
        </actor>
        <actor name="D0N11">
            <wcet number="0">30</wcet>
            <wcet number="1">30</wcet>
            <maxpow number="0.5074361070827743"/>
            <maxpow number="0.5074361070827743"/>
            <fprob>0.0</fprob>
        </actor>
        <ports>
            <port dstActor="D0N34" name="p0" srcActor="D0N1"/>
            <port dstActor="D0N23" name="p1" srcActor="D0N1"/>
            <port dstActor="D0N47" name="p2" srcActor="D0N1"/>
            <port dstActor="D0N5" name="p3" srcActor="D0N1"/>
            <port dstActor="D0N18" name="p4" srcActor="D0N1"/>
            <port dstActor="D0N39" name="p5" srcActor="D0N1"/>
            <port dstActor="D0N25" name="p6" srcActor="D0N1"/>
            <port dstActor="D0N22" name="p7" srcActor="D0N1"/>
            <port dstActor="D0N27" name="p8" srcActor="D0N17"/>
            <port dstActor="D0N23" name="p9" srcActor="D0N17"/>
            <port dstActor="D0N36" name="p10" srcActor="D0N17"/>
            <port dstActor="D0N19" name="p11" srcActor="D0N3"/>
            <port dstActor="D0N22" name="p12" srcActor="D0N3"/>
            <port dstActor="D0N20" name="p13" srcActor="D0N3"/>
            <port dstActor="D0N44" name="p14" srcActor="D0N28"/>
            <port dstActor="D0N27" name="p15" srcActor="D0N10"/>
            <port dstActor="D0N43" name="p16" srcActor="D0N27"/>
            <port dstActor="D0N22" name="p17" srcActor="D0N7"/>
            <port dstActor="D0N11" name="p18" srcActor="D0N7"/>
            <port dstActor="D0N46" name="p19" srcActor="D0N33"/>
            <port dstActor="D0N43" name="p20" srcActor="D0N33"/>
            <port dstActor="D0N37" name="p21" srcActor="D0N33"/>
            <port dstActor="D0N45" name="p22" srcActor="D0N5"/>
            <port dstActor="D0N15" name="p23" srcActor="D0N5"/>
            <port dstActor="D0N22" name="p24" srcActor="D0N5"/>
            <port dstActor="D0N26" name="p25" srcActor="D0N5"/>
            <port dstActor="D0N34" name="p26" srcActor="D0N5"/>
            <port dstActor="D0N44" name="p27" srcActor="D0N5"/>
            <port dstActor="D0N47" name="p28" srcActor="D0N37"/>
            <port dstActor="D0N42" name="p29" srcActor="D0N37"/>
            <port dstActor="D0N44" name="p30" srcActor="D0N37"/>
            <port dstActor="D0N42" name="p31" srcActor="D0N22"/>
            <port dstActor="D0N47" name="p32" srcActor="D0N22"/>
            <port dstActor="D0N40" name="p33" srcActor="D0N22"/>
            <port dstActor="D0N24" name="p34" srcActor="D0N4"/>
            <port dstActor="D0N19" name="p35" srcActor="D0N4"/>
            <port dstActor="D0N35" name="p36" srcActor="D0N4"/>
            <port dstActor="D0N33" name="p37" srcActor="D0N4"/>
            <port dstActor="D0N40" name="p38" srcActor="D0N39"/>
            <port dstActor="D0N46" name="p39" srcActor="D0N39"/>
            <port dstActor="D0N41" name="p40" srcActor="D0N39"/>
            <port dstActor="D0N27" name="p41" srcActor="D0N12"/>
            <port dstActor="D0N14" name="p42" srcActor="D0N12"/>
            <port dstActor="D0N30" name="p43" srcActor="D0N12"/>
            <port dstActor="D0N28" name="p44" srcActor="D0N12"/>
            <port dstActor="D0N18" name="p45" srcActor="D0N12"/>
            <port dstActor="D0N26" name="p46" srcActor="D0N15"/>
            <port dstActor="D0N35" name="p47" srcActor="D0N15"/>
            <port dstActor="D0N38" name="p48" srcActor="D0N15"/>
            <port dstActor="D0N48" name="p49" srcActor="D0N15"/>
            <port dstActor="D0N9" name="p50" srcActor="D0N0"/>
            <port dstActor="D0N21" name="p51" srcActor="D0N0"/>
            <port dstActor="D0N35" name="p52" srcActor="D0N0"/>
            <port dstActor="D0N43" name="p53" srcActor="D0N0"/>
            <port dstActor="D0N15" name="p54" srcActor="D0N0"/>
            <port dstActor="D0N36" name="p55" srcActor="D0N0"/>
            <port dstActor="D0N47" name="p56" srcActor="D0N38"/>
            <port dstActor="D0N39" name="p57" srcActor="D0N20"/>
            <port dstActor="D0N44" name="p58" srcActor="D0N20"/>
            <port dstActor="D0N8" name="p59" srcActor="D0N2"/>
            <port dstActor="D0N46" name="p60" srcActor="D0N30"/>
            <port dstActor="D0N48" name="p61" srcActor="D0N30"/>
            <port dstActor="D0N34" name="p62" srcActor="D0N30"/>
            <port dstActor="D0N40" name="p63" srcActor="D0N30"/>
            <port dstActor="D0N35" name="p64" srcActor="D0N32"/>
            <port dstActor="D0N40" name="p65" srcActor="D0N32"/>
            <port dstActor="D0N31" name="p66" srcActor="D0N29"/>
            <port dstActor="D0N45" name="p67" srcActor="D0N29"/>
            <port dstActor="D0N34" name="p68" srcActor="D0N29"/>
            <port dstActor="D0N38" name="p69" srcActor="D0N29"/>
            <port dstActor="D0N44" name="p70" srcActor="D0N29"/>
            <port dstActor="D0N32" name="p71" srcActor="D0N19"/>
            <port dstActor="D0N29" name="p72" srcActor="D0N19"/>
            <port dstActor="D0N37" name="p73" srcActor="D0N19"/>
            <port dstActor="D0N29" name="p74" srcActor="D0N14"/>
            <port dstActor="D0N17" name="p75" srcActor="D0N9"/>
            <port dstActor="D0N30" name="p76" srcActor="D0N9"/>
            <port dstActor="D0N18" name="p77" srcActor="D0N9"/>
            <port dstActor="D0N10" name="p78" srcActor="D0N9"/>
            <port dstActor="D0N43" name="p79" srcActor="D0N21"/>
            <port dstActor="D0N36" name="p80" srcActor="D0N21"/>
            <port dstActor="D0N29" name="p81" srcActor="D0N21"/>
            <port dstActor="D0N39" name="p82" srcActor="D0N36"/>
            <port dstActor="D0N40" name="p83" srcActor="D0N36"/>
            <port dstActor="D0N48" name="p84" srcActor="D0N6"/>
            <port dstActor="D0N7" name="p85" srcActor="D0N6"/>
            <port dstActor="D0N25" name="p86" srcActor="D0N6"/>
            <port dstActor="D0N45" name="p87" srcActor="D0N6"/>
            <port dstActor="D0N35" name="p88" srcActor="D0N18"/>
            <port dstActor="D0N26" name="p89" srcActor="D0N18"/>
            <port dstActor="D0N28" name="p90" srcActor="D0N18"/>
            <port dstActor="D0N48" name="p91" srcActor="D0N18"/>
            <port dstActor="D0N19" name="p92" srcActor="D0N18"/>
            <port dstActor="D0N33" name="p93" srcActor="D0N13"/>
            <port dstActor="D0N28" name="p94" srcActor="D0N13"/>
            <port dstActor="D0N43" name="p95" srcActor="D0N23"/>
            <port dstActor="D0N29" name="p96" srcActor="D0N23"/>
            <port dstActor="D0N27" name="p97" srcActor="D0N23"/>
            <port dstActor="D0N32" name="p98" srcActor="D0N26"/>
            <port dstActor="D0N37" name="p99" srcActor="D0N26"/>
            <port dstActor="D0N30" name="p100" srcActor="D0N24"/>
            <port dstActor="D0N38" name="p101" srcActor="D0N35"/>
            <port dstActor="D0N18" name="p102" srcActor="D0N16"/>
            <port dstActor="D0N12" name="p103" srcActor="D0N8"/>
            <port dstActor="D0N16" name="p104" srcActor="D0N8"/>
            <port dstActor="D0N19" name="p105" srcActor="D0N8"/>
            <port dstActor="D0N13" name="p106" srcActor="D0N8"/>
            <port dstActor="D0N33" name="p107" srcActor="D0N8"/>
            <port dstActor="D0N39" name="p108" srcActor="D0N8"/>
            <port dstActor="D0N47" name="p109" srcActor="D0N8"/>
            <port dstActor="D0N32" name="p110" srcActor="D0N11"/>
            <port dstActor="D0N36" name="p111" srcActor="D0N11"/>
            <port dstActor="D0N34" name="p112" srcActor="D0N11"/>
        </ports>
    </mcdag>
    <cores number="3"/>
    <levels number="2"/>
</mcsystem>
