<?xml version="1.0" encoding="UTF-8" standalone="no"?>
<mcsystem>
    <mcdag deadline="3000" name="genned-0-ed-10.0-0">
        <actor name="D0N21">
            <wcet number="0">10</wcet>
            <wcet number="1">10</wcet>
            <maxpow number="0.19880888011854136"/>
            <maxpow number="0.19880888011854136"/>
            <fprob>0.0</fprob>
        </actor>
        <actor name="D0N45">
            <wcet number="0">10</wcet>
            <wcet number="1">30</wcet>
            <maxpow number="0.4311687639127825"/>
            <maxpow number="0.4311687639127825"/>
            <fprob>0.0</fprob>
        </actor>
        <actor name="D0N5">
            <wcet number="0">80</wcet>
            <wcet number="1">200</wcet>
            <maxpow number="0.23861858472411673"/>
            <maxpow number="0.23861858472411673"/>
            <fprob>0.0</fprob>
        </actor>
        <actor name="D0N35">
            <wcet number="0">110</wcet>
            <wcet number="1">270</wcet>
            <maxpow number="0.5536429095532975"/>
            <maxpow number="0.5536429095532975"/>
            <fprob>0.0</fprob>
        </actor>
        <actor name="D0N6">
            <wcet number="0">10</wcet>
            <wcet number="1">10</wcet>
            <maxpow number="0.9106729158350328"/>
            <maxpow number="0.9106729158350328"/>
            <fprob>0.0</fprob>
        </actor>
        <actor name="D0N4">
            <wcet number="0">20</wcet>
            <wcet number="1">60</wcet>
            <maxpow number="0.3919155775936808"/>
            <maxpow number="0.3919155775936808"/>
            <fprob>0.0</fprob>
        </actor>
        <actor name="D0N10">
            <wcet number="0">370</wcet>
            <wcet number="1">520</wcet>
            <maxpow number="0.584579436454055"/>
            <maxpow number="0.584579436454055"/>
            <fprob>0.0</fprob>
        </actor>
        <actor name="D0N9">
            <wcet number="0">140</wcet>
            <wcet number="1">170</wcet>
            <maxpow number="0.7044984034211371"/>
            <maxpow number="0.7044984034211371"/>
            <fprob>0.0</fprob>
        </actor>
        <actor name="D0N11">
            <wcet number="0">50</wcet>
            <wcet number="1">70</wcet>
            <maxpow number="0.3248949675931387"/>
            <maxpow number="0.3248949675931387"/>
            <fprob>0.0</fprob>
        </actor>
        <actor name="D0N47">
            <wcet number="0">10</wcet>
            <wcet number="1">20</wcet>
            <maxpow number="0.3069835886322815"/>
            <maxpow number="0.3069835886322815"/>
            <fprob>0.0</fprob>
        </actor>
        <actor name="D0N18">
            <wcet number="0">20</wcet>
            <wcet number="1">50</wcet>
            <maxpow number="0.5712496614854302"/>
            <maxpow number="0.5712496614854302"/>
            <fprob>0.0</fprob>
        </actor>
        <actor name="D0N38">
            <wcet number="0">140</wcet>
            <wcet number="1">230</wcet>
            <maxpow number="0.42882383732268614"/>
            <maxpow number="0.42882383732268614"/>
            <fprob>0.0</fprob>
        </actor>
        <actor name="D0N30">
            <wcet number="0">20</wcet>
            <wcet number="1">60</wcet>
            <maxpow number="0.365285698420768"/>
            <maxpow number="0.365285698420768"/>
            <fprob>0.0</fprob>
        </actor>
        <actor name="D0N20">
            <wcet number="0">30</wcet>
            <wcet number="1">50</wcet>
            <maxpow number="0.5887277704889371"/>
            <maxpow number="0.5887277704889371"/>
            <fprob>0.0</fprob>
        </actor>
        <actor name="D0N12">
            <wcet number="0">210</wcet>
            <wcet number="1">210</wcet>
            <maxpow number="0.44094020430401415"/>
            <maxpow number="0.44094020430401415"/>
            <fprob>0.0</fprob>
        </actor>
        <actor name="D0N28">
            <wcet number="0">20</wcet>
            <wcet number="1">20</wcet>
            <maxpow number="0.3941803466831969"/>
            <maxpow number="0.3941803466831969"/>
            <fprob>0.0</fprob>
        </actor>
        <actor name="D0N40">
            <wcet number="0">80</wcet>
            <wcet number="1">150</wcet>
            <maxpow number="0.6219122594868294"/>
            <maxpow number="0.6219122594868294"/>
            <fprob>0.0</fprob>
        </actor>
        <actor name="D0N33">
            <wcet number="0">160</wcet>
            <wcet number="1">180</wcet>
            <maxpow number="0.7770318581343194"/>
            <maxpow number="0.7770318581343194"/>
            <fprob>0.0</fprob>
        </actor>
        <actor name="D0N46">
            <wcet number="0">10</wcet>
            <wcet number="1">20</wcet>
            <maxpow number="0.9700415801059243"/>
            <maxpow number="0.9700415801059243"/>
            <fprob>0.0</fprob>
        </actor>
        <actor name="D0N24">
            <wcet number="0">100</wcet>
            <wcet number="1">170</wcet>
            <maxpow number="0.49769221282004555"/>
            <maxpow number="0.49769221282004555"/>
            <fprob>0.0</fprob>
        </actor>
        <actor name="D0N19">
            <wcet number="0">50</wcet>
            <wcet number="1">50</wcet>
            <maxpow number="0.3070090379272846"/>
            <maxpow number="0.3070090379272846"/>
            <fprob>0.0</fprob>
        </actor>
        <actor name="D0N27">
            <wcet number="0">40</wcet>
            <wcet number="1">90</wcet>
            <maxpow number="0.6555906779212097"/>
            <maxpow number="0.6555906779212097"/>
            <fprob>0.0</fprob>
        </actor>
        <actor name="D0N44">
            <wcet number="0">140</wcet>
            <wcet number="1">150</wcet>
            <maxpow number="0.03736210356793224"/>
            <maxpow number="0.03736210356793224"/>
            <fprob>0.0</fprob>
        </actor>
        <actor name="D0N48">
            <wcet number="0">90</wcet>
            <wcet number="1">250</wcet>
            <maxpow number="0.5176523231626124"/>
            <maxpow number="0.5176523231626124"/>
            <fprob>0.0</fprob>
        </actor>
        <actor name="D0N22">
            <wcet number="0">20</wcet>
            <wcet number="1">90</wcet>
            <maxpow number="0.7625724099285185"/>
            <maxpow number="0.7625724099285185"/>
            <fprob>0.0</fprob>
        </actor>
        <actor name="D0N13">
            <wcet number="0">90</wcet>
            <wcet number="1">90</wcet>
            <maxpow number="0.9848034631875109"/>
            <maxpow number="0.9848034631875109"/>
            <fprob>0.0</fprob>
        </actor>
        <actor name="D0N17">
            <wcet number="0">210</wcet>
            <wcet number="1">370</wcet>
            <maxpow number="0.36884381009268363"/>
            <maxpow number="0.36884381009268363"/>
            <fprob>0.0</fprob>
        </actor>
        <actor name="D0N32">
            <wcet number="0">370</wcet>
            <wcet number="1">400</wcet>
            <maxpow number="0.3572135441797769"/>
            <maxpow number="0.3572135441797769"/>
            <fprob>0.0</fprob>
        </actor>
        <actor name="D0N7">
            <wcet number="0">40</wcet>
            <wcet number="1">50</wcet>
            <maxpow number="0.536155043821979"/>
            <maxpow number="0.536155043821979"/>
            <fprob>0.0</fprob>
        </actor>
        <actor name="D0N0">
            <wcet number="0">100</wcet>
            <wcet number="1">120</wcet>
            <maxpow number="0.3108533879544632"/>
            <maxpow number="0.3108533879544632"/>
            <fprob>0.0</fprob>
        </actor>
        <actor name="D0N39">
            <wcet number="0">130</wcet>
            <wcet number="1">180</wcet>
            <maxpow number="0.626840071993928"/>
            <maxpow number="0.626840071993928"/>
            <fprob>0.0</fprob>
        </actor>
        <actor name="D0N42">
            <wcet number="0">10</wcet>
            <wcet number="1">150</wcet>
            <maxpow number="0.6091663896800457"/>
            <maxpow number="0.6091663896800457"/>
            <fprob>0.0</fprob>
        </actor>
        <actor name="D0N37">
            <wcet number="0">10</wcet>
            <wcet number="1">110</wcet>
            <maxpow number="0.3435303352853907"/>
            <maxpow number="0.3435303352853907"/>
            <fprob>0.0</fprob>
        </actor>
        <actor name="D0N2">
            <wcet number="0">60</wcet>
            <wcet number="1">200</wcet>
            <maxpow number="0.36713057886074285"/>
            <maxpow number="0.36713057886074285"/>
            <fprob>0.0</fprob>
        </actor>
        <actor name="D0N26">
            <wcet number="0">220</wcet>
            <wcet number="1">300</wcet>
            <maxpow number="0.5295932487987307"/>
            <maxpow number="0.5295932487987307"/>
            <fprob>0.0</fprob>
        </actor>
        <actor name="D0N23">
            <wcet number="0">20</wcet>
            <wcet number="1">660</wcet>
            <maxpow number="0.3821279374781239"/>
            <maxpow number="0.3821279374781239"/>
            <fprob>0.0</fprob>
        </actor>
        <actor name="D0N34">
            <wcet number="0">130</wcet>
            <wcet number="1">130</wcet>
            <maxpow number="0.4580141119727893"/>
            <maxpow number="0.4580141119727893"/>
            <fprob>0.0</fprob>
        </actor>
        <actor name="D0N43">
            <wcet number="0">290</wcet>
            <wcet number="1">450</wcet>
            <maxpow number="0.6217382227540403"/>
            <maxpow number="0.6217382227540403"/>
            <fprob>0.0</fprob>
        </actor>
        <actor name="D0N36">
            <wcet number="0">10</wcet>
            <wcet number="1">20</wcet>
            <maxpow number="0.5283919467807973"/>
            <maxpow number="0.5283919467807973"/>
            <fprob>0.0</fprob>
        </actor>
        <actor name="D0N1">
            <wcet number="0">10</wcet>
            <wcet number="1">10</wcet>
            <maxpow number="0.682688983203243"/>
            <maxpow number="0.682688983203243"/>
            <fprob>0.0</fprob>
        </actor>
        <actor name="D0N15">
            <wcet number="0">600</wcet>
            <wcet number="1">750</wcet>
            <maxpow number="1.0469428990068659"/>
            <maxpow number="1.0469428990068659"/>
            <fprob>0.0</fprob>
        </actor>
        <actor name="D0N3">
            <wcet number="0">40</wcet>
            <wcet number="1">60</wcet>
            <maxpow number="0.6649954639203738"/>
            <maxpow number="0.6649954639203738"/>
            <fprob>0.0</fprob>
        </actor>
        <actor name="D0N41">
            <wcet number="0">40</wcet>
            <wcet number="1">40</wcet>
            <maxpow number="0.6963011975098431"/>
            <maxpow number="0.6963011975098431"/>
            <fprob>0.0</fprob>
        </actor>
        <actor name="D0N16">
            <wcet number="0">10</wcet>
            <wcet number="1">470</wcet>
            <maxpow number="0.552644054657032"/>
            <maxpow number="0.552644054657032"/>
            <fprob>0.0</fprob>
        </actor>
        <actor name="D0N14">
            <wcet number="0">80</wcet>
            <wcet number="1">160</wcet>
            <maxpow number="0.606847410980174"/>
            <maxpow number="0.606847410980174"/>
            <fprob>0.0</fprob>
        </actor>
        <actor name="D0N25">
            <wcet number="0">10</wcet>
            <wcet number="1">140</wcet>
            <maxpow number="0.5353912412986805"/>
            <maxpow number="0.5353912412986805"/>
            <fprob>0.0</fprob>
        </actor>
        <actor name="D0N8">
            <wcet number="0">10</wcet>
            <wcet number="1">10</wcet>
            <maxpow number="0.6938386528428149"/>
            <maxpow number="0.6938386528428149"/>
            <fprob>0.0</fprob>
        </actor>
        <actor name="D0N29">
            <wcet number="0">60</wcet>
            <wcet number="1">190</wcet>
            <maxpow number="0.4712847166360843"/>
            <maxpow number="0.4712847166360843"/>
            <fprob>0.0</fprob>
        </actor>
        <actor name="D0N31">
            <wcet number="0">380</wcet>
            <wcet number="1">510</wcet>
            <maxpow number="0.43713146448234197"/>
            <maxpow number="0.43713146448234197"/>
            <fprob>0.0</fprob>
        </actor>
        <ports>
            <port dstActor="D0N42" name="p0" srcActor="D0N21"/>
            <port dstActor="D0N48" name="p1" srcActor="D0N21"/>
            <port dstActor="D0N39" name="p2" srcActor="D0N5"/>
            <port dstActor="D0N18" name="p3" srcActor="D0N5"/>
            <port dstActor="D0N13" name="p4" srcActor="D0N5"/>
            <port dstActor="D0N36" name="p5" srcActor="D0N5"/>
            <port dstActor="D0N14" name="p6" srcActor="D0N5"/>
            <port dstActor="D0N42" name="p7" srcActor="D0N35"/>
            <port dstActor="D0N36" name="p8" srcActor="D0N35"/>
            <port dstActor="D0N45" name="p9" srcActor="D0N6"/>
            <port dstActor="D0N21" name="p10" srcActor="D0N6"/>
            <port dstActor="D0N16" name="p11" srcActor="D0N6"/>
            <port dstActor="D0N10" name="p12" srcActor="D0N6"/>
            <port dstActor="D0N23" name="p13" srcActor="D0N6"/>
            <port dstActor="D0N15" name="p14" srcActor="D0N4"/>
            <port dstActor="D0N14" name="p15" srcActor="D0N4"/>
            <port dstActor="D0N17" name="p16" srcActor="D0N4"/>
            <port dstActor="D0N25" name="p17" srcActor="D0N4"/>
            <port dstActor="D0N31" name="p18" srcActor="D0N4"/>
            <port dstActor="D0N21" name="p19" srcActor="D0N4"/>
            <port dstActor="D0N38" name="p20" srcActor="D0N10"/>
            <port dstActor="D0N25" name="p21" srcActor="D0N10"/>
            <port dstActor="D0N21" name="p22" srcActor="D0N10"/>
            <port dstActor="D0N36" name="p23" srcActor="D0N10"/>
            <port dstActor="D0N13" name="p24" srcActor="D0N10"/>
            <port dstActor="D0N33" name="p25" srcActor="D0N9"/>
            <port dstActor="D0N37" name="p26" srcActor="D0N9"/>
            <port dstActor="D0N38" name="p27" srcActor="D0N11"/>
            <port dstActor="D0N13" name="p28" srcActor="D0N11"/>
            <port dstActor="D0N41" name="p29" srcActor="D0N11"/>
            <port dstActor="D0N29" name="p30" srcActor="D0N18"/>
            <port dstActor="D0N19" name="p31" srcActor="D0N18"/>
            <port dstActor="D0N47" name="p32" srcActor="D0N18"/>
            <port dstActor="D0N23" name="p33" srcActor="D0N18"/>
            <port dstActor="D0N44" name="p34" srcActor="D0N18"/>
            <port dstActor="D0N33" name="p35" srcActor="D0N30"/>
            <port dstActor="D0N40" name="p36" srcActor="D0N20"/>
            <port dstActor="D0N46" name="p37" srcActor="D0N20"/>
            <port dstActor="D0N24" name="p38" srcActor="D0N12"/>
            <port dstActor="D0N19" name="p39" srcActor="D0N12"/>
            <port dstActor="D0N44" name="p40" srcActor="D0N12"/>
            <port dstActor="D0N13" name="p41" srcActor="D0N12"/>
            <port dstActor="D0N29" name="p42" srcActor="D0N12"/>
            <port dstActor="D0N34" name="p43" srcActor="D0N28"/>
            <port dstActor="D0N48" name="p44" srcActor="D0N40"/>
            <port dstActor="D0N47" name="p45" srcActor="D0N33"/>
            <port dstActor="D0N33" name="p46" srcActor="D0N24"/>
            <port dstActor="D0N46" name="p47" srcActor="D0N24"/>
            <port dstActor="D0N45" name="p48" srcActor="D0N19"/>
            <port dstActor="D0N26" name="p49" srcActor="D0N19"/>
            <port dstActor="D0N31" name="p50" srcActor="D0N19"/>
            <port dstActor="D0N48" name="p51" srcActor="D0N19"/>
            <port dstActor="D0N45" name="p52" srcActor="D0N27"/>
            <port dstActor="D0N28" name="p53" srcActor="D0N13"/>
            <port dstActor="D0N42" name="p54" srcActor="D0N13"/>
            <port dstActor="D0N19" name="p55" srcActor="D0N17"/>
            <port dstActor="D0N47" name="p56" srcActor="D0N17"/>
            <port dstActor="D0N20" name="p57" srcActor="D0N17"/>
            <port dstActor="D0N34" name="p58" srcActor="D0N17"/>
            <port dstActor="D0N29" name="p59" srcActor="D0N7"/>
            <port dstActor="D0N38" name="p60" srcActor="D0N7"/>
            <port dstActor="D0N8" name="p61" srcActor="D0N7"/>
            <port dstActor="D0N13" name="p62" srcActor="D0N7"/>
            <port dstActor="D0N14" name="p63" srcActor="D0N0"/>
            <port dstActor="D0N40" name="p64" srcActor="D0N0"/>
            <port dstActor="D0N22" name="p65" srcActor="D0N0"/>
            <port dstActor="D0N7" name="p66" srcActor="D0N0"/>
            <port dstActor="D0N8" name="p67" srcActor="D0N0"/>
            <port dstActor="D0N31" name="p68" srcActor="D0N0"/>
            <port dstActor="D0N45" name="p69" srcActor="D0N0"/>
            <port dstActor="D0N43" name="p70" srcActor="D0N42"/>
            <port dstActor="D0N47" name="p71" srcActor="D0N42"/>
            <port dstActor="D0N46" name="p72" srcActor="D0N42"/>
            <port dstActor="D0N48" name="p73" srcActor="D0N42"/>
            <port dstActor="D0N33" name="p74" srcActor="D0N2"/>
            <port dstActor="D0N47" name="p75" srcActor="D0N2"/>
            <port dstActor="D0N43" name="p76" srcActor="D0N2"/>
            <port dstActor="D0N5" name="p77" srcActor="D0N2"/>
            <port dstActor="D0N17" name="p78" srcActor="D0N2"/>
            <port dstActor="D0N29" name="p79" srcActor="D0N26"/>
            <port dstActor="D0N44" name="p80" srcActor="D0N26"/>
            <port dstActor="D0N43" name="p81" srcActor="D0N23"/>
            <port dstActor="D0N26" name="p82" srcActor="D0N23"/>
            <port dstActor="D0N48" name="p83" srcActor="D0N23"/>
            <port dstActor="D0N35" name="p84" srcActor="D0N34"/>
            <port dstActor="D0N38" name="p85" srcActor="D0N34"/>
            <port dstActor="D0N43" name="p86" srcActor="D0N34"/>
            <port dstActor="D0N40" name="p87" srcActor="D0N34"/>
            <port dstActor="D0N47" name="p88" srcActor="D0N43"/>
            <port dstActor="D0N4" name="p89" srcActor="D0N1"/>
            <port dstActor="D0N19" name="p90" srcActor="D0N1"/>
            <port dstActor="D0N47" name="p91" srcActor="D0N1"/>
            <port dstActor="D0N15" name="p92" srcActor="D0N1"/>
            <port dstActor="D0N46" name="p93" srcActor="D0N1"/>
            <port dstActor="D0N22" name="p94" srcActor="D0N15"/>
            <port dstActor="D0N32" name="p95" srcActor="D0N15"/>
            <port dstActor="D0N28" name="p96" srcActor="D0N15"/>
            <port dstActor="D0N21" name="p97" srcActor="D0N15"/>
            <port dstActor="D0N43" name="p98" srcActor="D0N3"/>
            <port dstActor="D0N4" name="p99" srcActor="D0N3"/>
            <port dstActor="D0N30" name="p100" srcActor="D0N3"/>
            <port dstActor="D0N8" name="p101" srcActor="D0N3"/>
            <port dstActor="D0N17" name="p102" srcActor="D0N3"/>
            <port dstActor="D0N11" name="p103" srcActor="D0N3"/>
            <port dstActor="D0N31" name="p104" srcActor="D0N3"/>
            <port dstActor="D0N25" name="p105" srcActor="D0N16"/>
            <port dstActor="D0N46" name="p106" srcActor="D0N16"/>
            <port dstActor="D0N43" name="p107" srcActor="D0N16"/>
            <port dstActor="D0N32" name="p108" srcActor="D0N16"/>
            <port dstActor="D0N20" name="p109" srcActor="D0N16"/>
            <port dstActor="D0N23" name="p110" srcActor="D0N14"/>
            <port dstActor="D0N40" name="p111" srcActor="D0N14"/>
            <port dstActor="D0N44" name="p112" srcActor="D0N14"/>
            <port dstActor="D0N20" name="p113" srcActor="D0N14"/>
            <port dstActor="D0N27" name="p114" srcActor="D0N25"/>
            <port dstActor="D0N32" name="p115" srcActor="D0N25"/>
            <port dstActor="D0N18" name="p116" srcActor="D0N8"/>
            <port dstActor="D0N17" name="p117" srcActor="D0N8"/>
            <port dstActor="D0N21" name="p118" srcActor="D0N8"/>
            <port dstActor="D0N15" name="p119" srcActor="D0N8"/>
            <port dstActor="D0N14" name="p120" srcActor="D0N8"/>
            <port dstActor="D0N38" name="p121" srcActor="D0N29"/>
            <port dstActor="D0N35" name="p122" srcActor="D0N31"/>
            <port dstActor="D0N47" name="p123" srcActor="D0N31"/>
            <port dstActor="D0N32" name="p124" srcActor="D0N31"/>
        </ports>
    </mcdag>
    <cores number="3"/>
    <levels number="2"/>
</mcsystem>
