<?xml version="1.0" encoding="UTF-8" standalone="no"?>
<mcsystem>
    <mcdag deadline="5000" name="genned-0-ed-10.0-0">
        <actor name="D0N2">
            <wcet number="0">110</wcet>
            <wcet number="1">180</wcet>
            <maxpow number="0.8244033532352975"/>
            <maxpow number="0.8244033532352975"/>
            <fprob>0.0</fprob>
        </actor>
        <actor name="D0N9">
            <wcet number="0">10</wcet>
            <wcet number="1">70</wcet>
            <maxpow number="0.6269691558703252"/>
            <maxpow number="0.6269691558703252"/>
            <fprob>0.0</fprob>
        </actor>
        <actor name="D0N20">
            <wcet number="0">60</wcet>
            <wcet number="1">120</wcet>
            <maxpow number="0.7304958353091472"/>
            <maxpow number="0.7304958353091472"/>
            <fprob>0.0</fprob>
        </actor>
        <actor name="D0N23">
            <wcet number="0">70</wcet>
            <wcet number="1">450</wcet>
            <maxpow number="0.6996228104340598"/>
            <maxpow number="0.6996228104340598"/>
            <fprob>0.0</fprob>
        </actor>
        <actor name="D0N17">
            <wcet number="0">160</wcet>
            <wcet number="1">190</wcet>
            <maxpow number="0.5480372496497707"/>
            <maxpow number="0.5480372496497707"/>
            <fprob>0.0</fprob>
        </actor>
        <actor name="D0N22">
            <wcet number="0">40</wcet>
            <wcet number="1">120</wcet>
            <maxpow number="0.4866763629811419"/>
            <maxpow number="0.4866763629811419"/>
            <fprob>0.0</fprob>
        </actor>
        <actor name="D0N35">
            <wcet number="0">530</wcet>
            <wcet number="1">540</wcet>
            <maxpow number="0.7587562976532859"/>
            <maxpow number="0.7587562976532859"/>
            <fprob>0.0</fprob>
        </actor>
        <actor name="D0N48">
            <wcet number="0">20</wcet>
            <wcet number="1">160</wcet>
            <maxpow number="0.7490347385490075"/>
            <maxpow number="0.7490347385490075"/>
            <fprob>0.0</fprob>
        </actor>
        <actor name="D0N45">
            <wcet number="0">130</wcet>
            <wcet number="1">340</wcet>
            <maxpow number="0.39962904738955946"/>
            <maxpow number="0.39962904738955946"/>
            <fprob>0.0</fprob>
        </actor>
        <actor name="D0N8">
            <wcet number="0">10</wcet>
            <wcet number="1">130</wcet>
            <maxpow number="0.17093369682723047"/>
            <maxpow number="0.17093369682723047"/>
            <fprob>0.0</fprob>
        </actor>
        <actor name="D0N33">
            <wcet number="0">50</wcet>
            <wcet number="1">90</wcet>
            <maxpow number="0.7144133663751346"/>
            <maxpow number="0.7144133663751346"/>
            <fprob>0.0</fprob>
        </actor>
        <actor name="D0N24">
            <wcet number="0">30</wcet>
            <wcet number="1">320</wcet>
            <maxpow number="0.8278646628908475"/>
            <maxpow number="0.8278646628908475"/>
            <fprob>0.0</fprob>
        </actor>
        <actor name="D0N49">
            <wcet number="0">180</wcet>
            <wcet number="1">370</wcet>
            <maxpow number="0.11578756155865921"/>
            <maxpow number="0.11578756155865921"/>
            <fprob>0.0</fprob>
        </actor>
        <actor name="D0N27">
            <wcet number="0">270</wcet>
            <wcet number="1">270</wcet>
            <maxpow number="0.5713805926864356"/>
            <maxpow number="0.5713805926864356"/>
            <fprob>0.0</fprob>
        </actor>
        <actor name="D0N30">
            <wcet number="0">140</wcet>
            <wcet number="1">160</wcet>
            <maxpow number="0.5980543895801227"/>
            <maxpow number="0.5980543895801227"/>
            <fprob>0.0</fprob>
        </actor>
        <actor name="D0N29">
            <wcet number="0">20</wcet>
            <wcet number="1">70</wcet>
            <maxpow number="0.49500667072092286"/>
            <maxpow number="0.49500667072092286"/>
            <fprob>0.0</fprob>
        </actor>
        <actor name="D0N16">
            <wcet number="0">30</wcet>
            <wcet number="1">180</wcet>
            <maxpow number="0.7578940593525803"/>
            <maxpow number="0.7578940593525803"/>
            <fprob>0.0</fprob>
        </actor>
        <actor name="D0N42">
            <wcet number="0">20</wcet>
            <wcet number="1">30</wcet>
            <maxpow number="0.684409191416504"/>
            <maxpow number="0.684409191416504"/>
            <fprob>0.0</fprob>
        </actor>
        <actor name="D0N18">
            <wcet number="0">550</wcet>
            <wcet number="1">740</wcet>
            <maxpow number="0.5217429382891027"/>
            <maxpow number="0.5217429382891027"/>
            <fprob>0.0</fprob>
        </actor>
        <actor name="D0N31">
            <wcet number="0">20</wcet>
            <wcet number="1">20</wcet>
            <maxpow number="0.7866931283195767"/>
            <maxpow number="0.7866931283195767"/>
            <fprob>0.0</fprob>
        </actor>
        <actor name="D0N10">
            <wcet number="0">30</wcet>
            <wcet number="1">130</wcet>
            <maxpow number="0.32164772165114786"/>
            <maxpow number="0.32164772165114786"/>
            <fprob>0.0</fprob>
        </actor>
        <actor name="D0N47">
            <wcet number="0">20</wcet>
            <wcet number="1">30</wcet>
            <maxpow number="0.6877547149132603"/>
            <maxpow number="0.6877547149132603"/>
            <fprob>0.0</fprob>
        </actor>
        <actor name="D0N44">
            <wcet number="0">100</wcet>
            <wcet number="1">100</wcet>
            <maxpow number="0.42705881834553666"/>
            <maxpow number="0.42705881834553666"/>
            <fprob>0.0</fprob>
        </actor>
        <actor name="D0N7">
            <wcet number="0">40</wcet>
            <wcet number="1">70</wcet>
            <maxpow number="0.9132251112303182"/>
            <maxpow number="0.9132251112303182"/>
            <fprob>0.0</fprob>
        </actor>
        <actor name="D0N0">
            <wcet number="0">210</wcet>
            <wcet number="1">470</wcet>
            <maxpow number="0.5971199028668748"/>
            <maxpow number="0.5971199028668748"/>
            <fprob>0.0</fprob>
        </actor>
        <actor name="D0N19">
            <wcet number="0">150</wcet>
            <wcet number="1">390</wcet>
            <maxpow number="0.8121074245583836"/>
            <maxpow number="0.8121074245583836"/>
            <fprob>0.0</fprob>
        </actor>
        <actor name="D0N11">
            <wcet number="0">70</wcet>
            <wcet number="1">70</wcet>
            <maxpow number="0.6860517418518404"/>
            <maxpow number="0.6860517418518404"/>
            <fprob>0.0</fprob>
        </actor>
        <actor name="D0N40">
            <wcet number="0">280</wcet>
            <wcet number="1">340</wcet>
            <maxpow number="0.4976166540848373"/>
            <maxpow number="0.4976166540848373"/>
            <fprob>0.0</fprob>
        </actor>
        <actor name="D0N32">
            <wcet number="0">200</wcet>
            <wcet number="1">320</wcet>
            <maxpow number="0.43913150030286147"/>
            <maxpow number="0.43913150030286147"/>
            <fprob>0.0</fprob>
        </actor>
        <actor name="D0N28">
            <wcet number="0">240</wcet>
            <wcet number="1">240</wcet>
            <maxpow number="0.5571154588354158"/>
            <maxpow number="0.5571154588354158"/>
            <fprob>0.0</fprob>
        </actor>
        <actor name="D0N1">
            <wcet number="0">20</wcet>
            <wcet number="1">30</wcet>
            <maxpow number="0.37979679404137734"/>
            <maxpow number="0.37979679404137734"/>
            <fprob>0.0</fprob>
        </actor>
        <actor name="D0N3">
            <wcet number="0">130</wcet>
            <wcet number="1">150</wcet>
            <maxpow number="0.5273012508004359"/>
            <maxpow number="0.5273012508004359"/>
            <fprob>0.0</fprob>
        </actor>
        <actor name="D0N38">
            <wcet number="0">40</wcet>
            <wcet number="1">70</wcet>
            <maxpow number="0.3342591229336057"/>
            <maxpow number="0.3342591229336057"/>
            <fprob>0.0</fprob>
        </actor>
        <actor name="D0N43">
            <wcet number="0">20</wcet>
            <wcet number="1">20</wcet>
            <maxpow number="0.6781155756633148"/>
            <maxpow number="0.6781155756633148"/>
            <fprob>0.0</fprob>
        </actor>
        <actor name="D0N6">
            <wcet number="0">30</wcet>
            <wcet number="1">190</wcet>
            <maxpow number="0.5487723316592448"/>
            <maxpow number="0.5487723316592448"/>
            <fprob>0.0</fprob>
        </actor>
        <actor name="D0N12">
            <wcet number="0">10</wcet>
            <wcet number="1">10</wcet>
            <maxpow number="0.6925067794458685"/>
            <maxpow number="0.6925067794458685"/>
            <fprob>0.0</fprob>
        </actor>
        <actor name="D0N39">
            <wcet number="0">270</wcet>
            <wcet number="1">420</wcet>
            <maxpow number="0.8492418427499855"/>
            <maxpow number="0.8492418427499855"/>
            <fprob>0.0</fprob>
        </actor>
        <actor name="D0N46">
            <wcet number="0">80</wcet>
            <wcet number="1">80</wcet>
            <maxpow number="0.6652111796484554"/>
            <maxpow number="0.6652111796484554"/>
            <fprob>0.0</fprob>
        </actor>
        <actor name="D0N13">
            <wcet number="0">30</wcet>
            <wcet number="1">270</wcet>
            <maxpow number="0.5820635069228595"/>
            <maxpow number="0.5820635069228595"/>
            <fprob>0.0</fprob>
        </actor>
        <actor name="D0N36">
            <wcet number="0">140</wcet>
            <wcet number="1">440</wcet>
            <maxpow number="0.7016530362280411"/>
            <maxpow number="0.7016530362280411"/>
            <fprob>0.0</fprob>
        </actor>
        <actor name="D0N5">
            <wcet number="0">180</wcet>
            <wcet number="1">220</wcet>
            <maxpow number="0.44222738182428545"/>
            <maxpow number="0.44222738182428545"/>
            <fprob>0.0</fprob>
        </actor>
        <actor name="D0N41">
            <wcet number="0">160</wcet>
            <wcet number="1">160</wcet>
            <maxpow number="0.6450610583017929"/>
            <maxpow number="0.6450610583017929"/>
            <fprob>0.0</fprob>
        </actor>
        <actor name="D0N25">
            <wcet number="0">70</wcet>
            <wcet number="1">190</wcet>
            <maxpow number="0.8349356042928368"/>
            <maxpow number="0.8349356042928368"/>
            <fprob>0.0</fprob>
        </actor>
        <actor name="D0N34">
            <wcet number="0">130</wcet>
            <wcet number="1">140</wcet>
            <maxpow number="0.4902231582960167"/>
            <maxpow number="0.4902231582960167"/>
            <fprob>0.0</fprob>
        </actor>
        <actor name="D0N26">
            <wcet number="0">20</wcet>
            <wcet number="1">160</wcet>
            <maxpow number="0.4902719828793918"/>
            <maxpow number="0.4902719828793918"/>
            <fprob>0.0</fprob>
        </actor>
        <actor name="D0N14">
            <wcet number="0">110</wcet>
            <wcet number="1">250</wcet>
            <maxpow number="0.5993738646989825"/>
            <maxpow number="0.5993738646989825"/>
            <fprob>0.0</fprob>
        </actor>
        <actor name="D0N21">
            <wcet number="0">10</wcet>
            <wcet number="1">40</wcet>
            <maxpow number="0.5976465868228217"/>
            <maxpow number="0.5976465868228217"/>
            <fprob>0.0</fprob>
        </actor>
        <actor name="D0N37">
            <wcet number="0">130</wcet>
            <wcet number="1">180</wcet>
            <maxpow number="0.6842594910674996"/>
            <maxpow number="0.6842594910674996"/>
            <fprob>0.0</fprob>
        </actor>
        <actor name="D0N4">
            <wcet number="0">110</wcet>
            <wcet number="1">250</wcet>
            <maxpow number="0.616503241337018"/>
            <maxpow number="0.616503241337018"/>
            <fprob>0.0</fprob>
        </actor>
        <actor name="D0N15">
            <wcet number="0">10</wcet>
            <wcet number="1">10</wcet>
            <maxpow number="0.6341075635277639"/>
            <maxpow number="0.6341075635277639"/>
            <fprob>0.0</fprob>
        </actor>
        <ports>
            <port dstActor="D0N22" name="p0" srcActor="D0N2"/>
            <port dstActor="D0N30" name="p1" srcActor="D0N2"/>
            <port dstActor="D0N41" name="p2" srcActor="D0N2"/>
            <port dstActor="D0N38" name="p3" srcActor="D0N2"/>
            <port dstActor="D0N49" name="p4" srcActor="D0N2"/>
            <port dstActor="D0N40" name="p5" srcActor="D0N9"/>
            <port dstActor="D0N44" name="p6" srcActor="D0N9"/>
            <port dstActor="D0N28" name="p7" srcActor="D0N9"/>
            <port dstActor="D0N43" name="p8" srcActor="D0N9"/>
            <port dstActor="D0N34" name="p9" srcActor="D0N9"/>
            <port dstActor="D0N33" name="p10" srcActor="D0N9"/>
            <port dstActor="D0N32" name="p11" srcActor="D0N9"/>
            <port dstActor="D0N41" name="p12" srcActor="D0N20"/>
            <port dstActor="D0N30" name="p13" srcActor="D0N20"/>
            <port dstActor="D0N49" name="p14" srcActor="D0N20"/>
            <port dstActor="D0N29" name="p15" srcActor="D0N23"/>
            <port dstActor="D0N49" name="p16" srcActor="D0N23"/>
            <port dstActor="D0N35" name="p17" srcActor="D0N23"/>
            <port dstActor="D0N28" name="p18" srcActor="D0N17"/>
            <port dstActor="D0N36" name="p19" srcActor="D0N17"/>
            <port dstActor="D0N41" name="p20" srcActor="D0N17"/>
            <port dstActor="D0N32" name="p21" srcActor="D0N22"/>
            <port dstActor="D0N39" name="p22" srcActor="D0N22"/>
            <port dstActor="D0N36" name="p23" srcActor="D0N22"/>
            <port dstActor="D0N24" name="p24" srcActor="D0N22"/>
            <port dstActor="D0N38" name="p25" srcActor="D0N22"/>
            <port dstActor="D0N44" name="p26" srcActor="D0N22"/>
            <port dstActor="D0N43" name="p27" srcActor="D0N35"/>
            <port dstActor="D0N46" name="p28" srcActor="D0N45"/>
            <port dstActor="D0N39" name="p29" srcActor="D0N8"/>
            <port dstActor="D0N35" name="p30" srcActor="D0N8"/>
            <port dstActor="D0N26" name="p31" srcActor="D0N8"/>
            <port dstActor="D0N34" name="p32" srcActor="D0N33"/>
            <port dstActor="D0N44" name="p33" srcActor="D0N33"/>
            <port dstActor="D0N43" name="p34" srcActor="D0N24"/>
            <port dstActor="D0N46" name="p35" srcActor="D0N24"/>
            <port dstActor="D0N33" name="p36" srcActor="D0N27"/>
            <port dstActor="D0N36" name="p37" srcActor="D0N27"/>
            <port dstActor="D0N34" name="p38" srcActor="D0N30"/>
            <port dstActor="D0N41" name="p39" srcActor="D0N30"/>
            <port dstActor="D0N43" name="p40" srcActor="D0N29"/>
            <port dstActor="D0N25" name="p41" srcActor="D0N16"/>
            <port dstActor="D0N37" name="p42" srcActor="D0N16"/>
            <port dstActor="D0N45" name="p43" srcActor="D0N42"/>
            <port dstActor="D0N48" name="p44" srcActor="D0N42"/>
            <port dstActor="D0N46" name="p45" srcActor="D0N42"/>
            <port dstActor="D0N30" name="p46" srcActor="D0N18"/>
            <port dstActor="D0N24" name="p47" srcActor="D0N18"/>
            <port dstActor="D0N45" name="p48" srcActor="D0N18"/>
            <port dstActor="D0N23" name="p49" srcActor="D0N18"/>
            <port dstActor="D0N29" name="p50" srcActor="D0N18"/>
            <port dstActor="D0N36" name="p51" srcActor="D0N18"/>
            <port dstActor="D0N29" name="p52" srcActor="D0N10"/>
            <port dstActor="D0N12" name="p53" srcActor="D0N10"/>
            <port dstActor="D0N45" name="p54" srcActor="D0N44"/>
            <port dstActor="D0N37" name="p55" srcActor="D0N7"/>
            <port dstActor="D0N4" name="p56" srcActor="D0N0"/>
            <port dstActor="D0N45" name="p57" srcActor="D0N0"/>
            <port dstActor="D0N48" name="p58" srcActor="D0N0"/>
            <port dstActor="D0N33" name="p59" srcActor="D0N19"/>
            <port dstActor="D0N28" name="p60" srcActor="D0N19"/>
            <port dstActor="D0N15" name="p61" srcActor="D0N11"/>
            <port dstActor="D0N48" name="p62" srcActor="D0N11"/>
            <port dstActor="D0N44" name="p63" srcActor="D0N11"/>
            <port dstActor="D0N25" name="p64" srcActor="D0N11"/>
            <port dstActor="D0N30" name="p65" srcActor="D0N11"/>
            <port dstActor="D0N36" name="p66" srcActor="D0N11"/>
            <port dstActor="D0N27" name="p67" srcActor="D0N11"/>
            <port dstActor="D0N43" name="p68" srcActor="D0N40"/>
            <port dstActor="D0N43" name="p69" srcActor="D0N32"/>
            <port dstActor="D0N34" name="p70" srcActor="D0N28"/>
            <port dstActor="D0N42" name="p71" srcActor="D0N28"/>
            <port dstActor="D0N42" name="p72" srcActor="D0N1"/>
            <port dstActor="D0N25" name="p73" srcActor="D0N1"/>
            <port dstActor="D0N23" name="p74" srcActor="D0N1"/>
            <port dstActor="D0N32" name="p75" srcActor="D0N1"/>
            <port dstActor="D0N45" name="p76" srcActor="D0N1"/>
            <port dstActor="D0N44" name="p77" srcActor="D0N3"/>
            <port dstActor="D0N5" name="p78" srcActor="D0N3"/>
            <port dstActor="D0N48" name="p79" srcActor="D0N38"/>
            <port dstActor="D0N43" name="p80" srcActor="D0N38"/>
            <port dstActor="D0N49" name="p81" srcActor="D0N43"/>
            <port dstActor="D0N48" name="p82" srcActor="D0N43"/>
            <port dstActor="D0N45" name="p83" srcActor="D0N6"/>
            <port dstActor="D0N37" name="p84" srcActor="D0N6"/>
            <port dstActor="D0N20" name="p85" srcActor="D0N6"/>
            <port dstActor="D0N33" name="p86" srcActor="D0N6"/>
            <port dstActor="D0N42" name="p87" srcActor="D0N39"/>
            <port dstActor="D0N48" name="p88" srcActor="D0N39"/>
            <port dstActor="D0N41" name="p89" srcActor="D0N39"/>
            <port dstActor="D0N41" name="p90" srcActor="D0N13"/>
            <port dstActor="D0N40" name="p91" srcActor="D0N13"/>
            <port dstActor="D0N38" name="p92" srcActor="D0N13"/>
            <port dstActor="D0N45" name="p93" srcActor="D0N13"/>
            <port dstActor="D0N43" name="p94" srcActor="D0N36"/>
            <port dstActor="D0N10" name="p95" srcActor="D0N5"/>
            <port dstActor="D0N38" name="p96" srcActor="D0N5"/>
            <port dstActor="D0N16" name="p97" srcActor="D0N5"/>
            <port dstActor="D0N20" name="p98" srcActor="D0N5"/>
            <port dstActor="D0N25" name="p99" srcActor="D0N5"/>
            <port dstActor="D0N41" name="p100" srcActor="D0N5"/>
            <port dstActor="D0N47" name="p101" srcActor="D0N5"/>
            <port dstActor="D0N44" name="p102" srcActor="D0N5"/>
            <port dstActor="D0N33" name="p103" srcActor="D0N25"/>
            <port dstActor="D0N45" name="p104" srcActor="D0N25"/>
            <port dstActor="D0N49" name="p105" srcActor="D0N34"/>
            <port dstActor="D0N41" name="p106" srcActor="D0N34"/>
            <port dstActor="D0N46" name="p107" srcActor="D0N34"/>
            <port dstActor="D0N44" name="p108" srcActor="D0N26"/>
            <port dstActor="D0N37" name="p109" srcActor="D0N26"/>
            <port dstActor="D0N41" name="p110" srcActor="D0N26"/>
            <port dstActor="D0N29" name="p111" srcActor="D0N26"/>
            <port dstActor="D0N20" name="p112" srcActor="D0N14"/>
            <port dstActor="D0N48" name="p113" srcActor="D0N14"/>
            <port dstActor="D0N16" name="p114" srcActor="D0N14"/>
            <port dstActor="D0N48" name="p115" srcActor="D0N21"/>
            <port dstActor="D0N7" name="p116" srcActor="D0N4"/>
            <port dstActor="D0N33" name="p117" srcActor="D0N4"/>
            <port dstActor="D0N27" name="p118" srcActor="D0N4"/>
            <port dstActor="D0N10" name="p119" srcActor="D0N4"/>
            <port dstActor="D0N21" name="p120" srcActor="D0N4"/>
            <port dstActor="D0N37" name="p121" srcActor="D0N15"/>
            <port dstActor="D0N46" name="p122" srcActor="D0N15"/>
            <port dstActor="D0N42" name="p123" srcActor="D0N15"/>
        </ports>
    </mcdag>
    <cores number="2"/>
    <levels number="2"/>
</mcsystem>
