<?xml version="1.0" encoding="UTF-8" standalone="no"?>
<mcsystem>
    <mcdag deadline="2200" name="genned-0-ed-10.0-0">
        <actor name="D0N40">
            <wcet number="0">220</wcet>
            <wcet number="1">220</wcet>
            <maxpow number="0.35903159151566055"/>
            <maxpow number="0.35903159151566055"/>
            <fprob>0.0</fprob>
        </actor>
        <actor name="D0N3">
            <wcet number="0">180</wcet>
            <wcet number="1">240</wcet>
            <maxpow number="0.5984413325327581"/>
            <maxpow number="0.5984413325327581"/>
            <fprob>0.0</fprob>
        </actor>
        <actor name="D0N18">
            <wcet number="0">210</wcet>
            <wcet number="1">220</wcet>
            <maxpow number="0.6131625572891085"/>
            <maxpow number="0.6131625572891085"/>
            <fprob>0.0</fprob>
        </actor>
        <actor name="D0N6">
            <wcet number="0">140</wcet>
            <wcet number="1">350</wcet>
            <maxpow number="0.7984911185246599"/>
            <maxpow number="0.7984911185246599"/>
            <fprob>0.0</fprob>
        </actor>
        <actor name="D0N28">
            <wcet number="0">10</wcet>
            <wcet number="1">80</wcet>
            <maxpow number="0.49317306125948224"/>
            <maxpow number="0.49317306125948224"/>
            <fprob>0.0</fprob>
        </actor>
        <actor name="D0N35">
            <wcet number="0">10</wcet>
            <wcet number="1">80</wcet>
            <maxpow number="0.57195397591747"/>
            <maxpow number="0.57195397591747"/>
            <fprob>0.0</fprob>
        </actor>
        <actor name="D0N20">
            <wcet number="0">20</wcet>
            <wcet number="1">60</wcet>
            <maxpow number="0.5261284622055211"/>
            <maxpow number="0.5261284622055211"/>
            <fprob>0.0</fprob>
        </actor>
        <actor name="D0N33">
            <wcet number="0">10</wcet>
            <wcet number="1">30</wcet>
            <maxpow number="0.7264616705424047"/>
            <maxpow number="0.7264616705424047"/>
            <fprob>0.0</fprob>
        </actor>
        <actor name="D0N10">
            <wcet number="0">20</wcet>
            <wcet number="1">30</wcet>
            <maxpow number="0.7594868007449076"/>
            <maxpow number="0.7594868007449076"/>
            <fprob>0.0</fprob>
        </actor>
        <actor name="D0N42">
            <wcet number="0">120</wcet>
            <wcet number="1">290</wcet>
            <maxpow number="0.6974132475932389"/>
            <maxpow number="0.6974132475932389"/>
            <fprob>0.0</fprob>
        </actor>
        <actor name="D0N31">
            <wcet number="0">20</wcet>
            <wcet number="1">20</wcet>
            <maxpow number="0.5997196015112238"/>
            <maxpow number="0.5997196015112238"/>
            <fprob>0.0</fprob>
        </actor>
        <actor name="D0N34">
            <wcet number="0">220</wcet>
            <wcet number="1">350</wcet>
            <maxpow number="0.7838648274832458"/>
            <maxpow number="0.7838648274832458"/>
            <fprob>0.0</fprob>
        </actor>
        <actor name="D0N5">
            <wcet number="0">40</wcet>
            <wcet number="1">70</wcet>
            <maxpow number="0.10948572952669178"/>
            <maxpow number="0.10948572952669178"/>
            <fprob>0.0</fprob>
        </actor>
        <actor name="D0N32">
            <wcet number="0">20</wcet>
            <wcet number="1">20</wcet>
            <maxpow number="0.4115195133432412"/>
            <maxpow number="0.4115195133432412"/>
            <fprob>0.0</fprob>
        </actor>
        <actor name="D0N8">
            <wcet number="0">90</wcet>
            <wcet number="1">90</wcet>
            <maxpow number="0.6310223233922456"/>
            <maxpow number="0.6310223233922456"/>
            <fprob>0.0</fprob>
        </actor>
        <actor name="D0N29">
            <wcet number="0">110</wcet>
            <wcet number="1">110</wcet>
            <maxpow number="0.742166438735228"/>
            <maxpow number="0.742166438735228"/>
            <fprob>0.0</fprob>
        </actor>
        <actor name="D0N17">
            <wcet number="0">20</wcet>
            <wcet number="1">320</wcet>
            <maxpow number="0.47285825334032006"/>
            <maxpow number="0.47285825334032006"/>
            <fprob>0.0</fprob>
        </actor>
        <actor name="D0N15">
            <wcet number="0">40</wcet>
            <wcet number="1">80</wcet>
            <maxpow number="0.8927370152699541"/>
            <maxpow number="0.8927370152699541"/>
            <fprob>0.0</fprob>
        </actor>
        <actor name="D0N2">
            <wcet number="0">60</wcet>
            <wcet number="1">390</wcet>
            <maxpow number="0.24836975410026324"/>
            <maxpow number="0.24836975410026324"/>
            <fprob>0.0</fprob>
        </actor>
        <actor name="D0N1">
            <wcet number="0">10</wcet>
            <wcet number="1">10</wcet>
            <maxpow number="1.099754898147236"/>
            <maxpow number="1.099754898147236"/>
            <fprob>0.0</fprob>
        </actor>
        <actor name="D0N14">
            <wcet number="0">90</wcet>
            <wcet number="1">110</wcet>
            <maxpow number="0.520942512048696"/>
            <maxpow number="0.520942512048696"/>
            <fprob>0.0</fprob>
        </actor>
        <actor name="D0N43">
            <wcet number="0">20</wcet>
            <wcet number="1">20</wcet>
            <maxpow number="0.7612756132985319"/>
            <maxpow number="0.7612756132985319"/>
            <fprob>0.0</fprob>
        </actor>
        <actor name="D0N26">
            <wcet number="0">10</wcet>
            <wcet number="1">10</wcet>
            <maxpow number="0.6491621751326487"/>
            <maxpow number="0.6491621751326487"/>
            <fprob>0.0</fprob>
        </actor>
        <actor name="D0N0">
            <wcet number="0">20</wcet>
            <wcet number="1">240</wcet>
            <maxpow number="0.4730726862293434"/>
            <maxpow number="0.4730726862293434"/>
            <fprob>0.0</fprob>
        </actor>
        <actor name="D0N21">
            <wcet number="0">20</wcet>
            <wcet number="1">20</wcet>
            <maxpow number="0.7818688939868282"/>
            <maxpow number="0.7818688939868282"/>
            <fprob>0.0</fprob>
        </actor>
        <actor name="D0N19">
            <wcet number="0">20</wcet>
            <wcet number="1">140</wcet>
            <maxpow number="0.42850487759608025"/>
            <maxpow number="0.42850487759608025"/>
            <fprob>0.0</fprob>
        </actor>
        <actor name="D0N46">
            <wcet number="0">80</wcet>
            <wcet number="1">140</wcet>
            <maxpow number="0.5869775096430838"/>
            <maxpow number="0.5869775096430838"/>
            <fprob>0.0</fprob>
        </actor>
        <actor name="D0N39">
            <wcet number="0">320</wcet>
            <wcet number="1">370</wcet>
            <maxpow number="0.4966433319508248"/>
            <maxpow number="0.4966433319508248"/>
            <fprob>0.0</fprob>
        </actor>
        <actor name="D0N23">
            <wcet number="0">120</wcet>
            <wcet number="1">120</wcet>
            <maxpow number="0.34404456851149684"/>
            <maxpow number="0.34404456851149684"/>
            <fprob>0.0</fprob>
        </actor>
        <actor name="D0N24">
            <wcet number="0">30</wcet>
            <wcet number="1">40</wcet>
            <maxpow number="0.7639888003405573"/>
            <maxpow number="0.7639888003405573"/>
            <fprob>0.0</fprob>
        </actor>
        <actor name="D0N45">
            <wcet number="0">20</wcet>
            <wcet number="1">40</wcet>
            <maxpow number="0.5121281271215119"/>
            <maxpow number="0.5121281271215119"/>
            <fprob>0.0</fprob>
        </actor>
        <actor name="D0N16">
            <wcet number="0">220</wcet>
            <wcet number="1">510</wcet>
            <maxpow number="0.6666152534899069"/>
            <maxpow number="0.6666152534899069"/>
            <fprob>0.0</fprob>
        </actor>
        <actor name="D0N13">
            <wcet number="0">20</wcet>
            <wcet number="1">30</wcet>
            <maxpow number="0.492202981171101"/>
            <maxpow number="0.492202981171101"/>
            <fprob>0.0</fprob>
        </actor>
        <actor name="D0N48">
            <wcet number="0">40</wcet>
            <wcet number="1">90</wcet>
            <maxpow number="0.7658309086469889"/>
            <maxpow number="0.7658309086469889"/>
            <fprob>0.0</fprob>
        </actor>
        <actor name="D0N41">
            <wcet number="0">10</wcet>
            <wcet number="1">10</wcet>
            <maxpow number="1.0673982622709022"/>
            <maxpow number="1.0673982622709022"/>
            <fprob>0.0</fprob>
        </actor>
        <actor name="D0N36">
            <wcet number="0">20</wcet>
            <wcet number="1">30</wcet>
            <maxpow number="0.6650710911118364"/>
            <maxpow number="0.6650710911118364"/>
            <fprob>0.0</fprob>
        </actor>
        <actor name="D0N38">
            <wcet number="0">120</wcet>
            <wcet number="1">210</wcet>
            <maxpow number="0.35473746492756053"/>
            <maxpow number="0.35473746492756053"/>
            <fprob>0.0</fprob>
        </actor>
        <actor name="D0N7">
            <wcet number="0">50</wcet>
            <wcet number="1">50</wcet>
            <maxpow number="0.5246640728535399"/>
            <maxpow number="0.5246640728535399"/>
            <fprob>0.0</fprob>
        </actor>
        <actor name="D0N11">
            <wcet number="0">20</wcet>
            <wcet number="1">30</wcet>
            <maxpow number="0.6904779322666156"/>
            <maxpow number="0.6904779322666156"/>
            <fprob>0.0</fprob>
        </actor>
        <actor name="D0N12">
            <wcet number="0">70</wcet>
            <wcet number="1">180</wcet>
            <maxpow number="0.5833609468051651"/>
            <maxpow number="0.5833609468051651"/>
            <fprob>0.0</fprob>
        </actor>
        <actor name="D0N4">
            <wcet number="0">60</wcet>
            <wcet number="1">60</wcet>
            <maxpow number="0.540855764058974"/>
            <maxpow number="0.540855764058974"/>
            <fprob>0.0</fprob>
        </actor>
        <actor name="D0N22">
            <wcet number="0">20</wcet>
            <wcet number="1">90</wcet>
            <maxpow number="0.7518552799280188"/>
            <maxpow number="0.7518552799280188"/>
            <fprob>0.0</fprob>
        </actor>
        <actor name="D0N27">
            <wcet number="0">10</wcet>
            <wcet number="1">40</wcet>
            <maxpow number="0.2516349341307862"/>
            <maxpow number="0.2516349341307862"/>
            <fprob>0.0</fprob>
        </actor>
        <actor name="D0N47">
            <wcet number="0">20</wcet>
            <wcet number="1">310</wcet>
            <maxpow number="0.7395877196625595"/>
            <maxpow number="0.7395877196625595"/>
            <fprob>0.0</fprob>
        </actor>
        <actor name="D0N44">
            <wcet number="0">30</wcet>
            <wcet number="1">50</wcet>
            <maxpow number="0.8533902098662574"/>
            <maxpow number="0.8533902098662574"/>
            <fprob>0.0</fprob>
        </actor>
        <actor name="D0N9">
            <wcet number="0">10</wcet>
            <wcet number="1">80</wcet>
            <maxpow number="0.6531770019175519"/>
            <maxpow number="0.6531770019175519"/>
            <fprob>0.0</fprob>
        </actor>
        <actor name="D0N30">
            <wcet number="0">10</wcet>
            <wcet number="1">80</wcet>
            <maxpow number="0.36572205330061186"/>
            <maxpow number="0.36572205330061186"/>
            <fprob>0.0</fprob>
        </actor>
        <actor name="D0N37">
            <wcet number="0">160</wcet>
            <wcet number="1">210</wcet>
            <maxpow number="0.5413751562683091"/>
            <maxpow number="0.5413751562683091"/>
            <fprob>0.0</fprob>
        </actor>
        <actor name="D0N25">
            <wcet number="0">10</wcet>
            <wcet number="1">10</wcet>
            <maxpow number="0.7090189898347252"/>
            <maxpow number="0.7090189898347252"/>
            <fprob>0.0</fprob>
        </actor>
        <ports>
            <port dstActor="D0N9" name="p0" srcActor="D0N3"/>
            <port dstActor="D0N24" name="p1" srcActor="D0N3"/>
            <port dstActor="D0N13" name="p2" srcActor="D0N3"/>
            <port dstActor="D0N39" name="p3" srcActor="D0N3"/>
            <port dstActor="D0N28" name="p4" srcActor="D0N3"/>
            <port dstActor="D0N32" name="p5" srcActor="D0N18"/>
            <port dstActor="D0N19" name="p6" srcActor="D0N18"/>
            <port dstActor="D0N46" name="p7" srcActor="D0N6"/>
            <port dstActor="D0N27" name="p8" srcActor="D0N6"/>
            <port dstActor="D0N13" name="p9" srcActor="D0N6"/>
            <port dstActor="D0N21" name="p10" srcActor="D0N6"/>
            <port dstActor="D0N48" name="p11" srcActor="D0N28"/>
            <port dstActor="D0N38" name="p12" srcActor="D0N28"/>
            <port dstActor="D0N31" name="p13" srcActor="D0N28"/>
            <port dstActor="D0N47" name="p14" srcActor="D0N35"/>
            <port dstActor="D0N29" name="p15" srcActor="D0N20"/>
            <port dstActor="D0N47" name="p16" srcActor="D0N33"/>
            <port dstActor="D0N48" name="p17" srcActor="D0N33"/>
            <port dstActor="D0N43" name="p18" srcActor="D0N33"/>
            <port dstActor="D0N20" name="p19" srcActor="D0N10"/>
            <port dstActor="D0N46" name="p20" srcActor="D0N10"/>
            <port dstActor="D0N25" name="p21" srcActor="D0N10"/>
            <port dstActor="D0N40" name="p22" srcActor="D0N10"/>
            <port dstActor="D0N48" name="p23" srcActor="D0N42"/>
            <port dstActor="D0N37" name="p24" srcActor="D0N31"/>
            <port dstActor="D0N34" name="p25" srcActor="D0N31"/>
            <port dstActor="D0N44" name="p26" srcActor="D0N34"/>
            <port dstActor="D0N48" name="p27" srcActor="D0N5"/>
            <port dstActor="D0N9" name="p28" srcActor="D0N5"/>
            <port dstActor="D0N35" name="p29" srcActor="D0N5"/>
            <port dstActor="D0N18" name="p30" srcActor="D0N5"/>
            <port dstActor="D0N16" name="p31" srcActor="D0N5"/>
            <port dstActor="D0N24" name="p32" srcActor="D0N5"/>
            <port dstActor="D0N12" name="p33" srcActor="D0N5"/>
            <port dstActor="D0N20" name="p34" srcActor="D0N8"/>
            <port dstActor="D0N21" name="p35" srcActor="D0N8"/>
            <port dstActor="D0N28" name="p36" srcActor="D0N8"/>
            <port dstActor="D0N11" name="p37" srcActor="D0N8"/>
            <port dstActor="D0N40" name="p38" srcActor="D0N8"/>
            <port dstActor="D0N35" name="p39" srcActor="D0N29"/>
            <port dstActor="D0N40" name="p40" srcActor="D0N17"/>
            <port dstActor="D0N48" name="p41" srcActor="D0N17"/>
            <port dstActor="D0N27" name="p42" srcActor="D0N17"/>
            <port dstActor="D0N32" name="p43" srcActor="D0N17"/>
            <port dstActor="D0N43" name="p44" srcActor="D0N15"/>
            <port dstActor="D0N33" name="p45" srcActor="D0N2"/>
            <port dstActor="D0N21" name="p46" srcActor="D0N2"/>
            <port dstActor="D0N24" name="p47" srcActor="D0N2"/>
            <port dstActor="D0N26" name="p48" srcActor="D0N2"/>
            <port dstActor="D0N5" name="p49" srcActor="D0N2"/>
            <port dstActor="D0N41" name="p50" srcActor="D0N2"/>
            <port dstActor="D0N15" name="p51" srcActor="D0N2"/>
            <port dstActor="D0N21" name="p52" srcActor="D0N1"/>
            <port dstActor="D0N2" name="p53" srcActor="D0N1"/>
            <port dstActor="D0N41" name="p54" srcActor="D0N14"/>
            <port dstActor="D0N27" name="p55" srcActor="D0N14"/>
            <port dstActor="D0N46" name="p56" srcActor="D0N14"/>
            <port dstActor="D0N35" name="p57" srcActor="D0N14"/>
            <port dstActor="D0N31" name="p58" srcActor="D0N26"/>
            <port dstActor="D0N15" name="p59" srcActor="D0N0"/>
            <port dstActor="D0N44" name="p60" srcActor="D0N0"/>
            <port dstActor="D0N9" name="p61" srcActor="D0N0"/>
            <port dstActor="D0N33" name="p62" srcActor="D0N21"/>
            <port dstActor="D0N24" name="p63" srcActor="D0N21"/>
            <port dstActor="D0N46" name="p64" srcActor="D0N39"/>
            <port dstActor="D0N46" name="p65" srcActor="D0N45"/>
            <port dstActor="D0N47" name="p66" srcActor="D0N16"/>
            <port dstActor="D0N27" name="p67" srcActor="D0N13"/>
            <port dstActor="D0N43" name="p68" srcActor="D0N41"/>
            <port dstActor="D0N37" name="p69" srcActor="D0N36"/>
            <port dstActor="D0N45" name="p70" srcActor="D0N36"/>
            <port dstActor="D0N16" name="p71" srcActor="D0N7"/>
            <port dstActor="D0N25" name="p72" srcActor="D0N11"/>
            <port dstActor="D0N41" name="p73" srcActor="D0N11"/>
            <port dstActor="D0N24" name="p74" srcActor="D0N11"/>
            <port dstActor="D0N22" name="p75" srcActor="D0N11"/>
            <port dstActor="D0N44" name="p76" srcActor="D0N11"/>
            <port dstActor="D0N48" name="p77" srcActor="D0N12"/>
            <port dstActor="D0N13" name="p78" srcActor="D0N4"/>
            <port dstActor="D0N31" name="p79" srcActor="D0N4"/>
            <port dstActor="D0N45" name="p80" srcActor="D0N4"/>
            <port dstActor="D0N33" name="p81" srcActor="D0N4"/>
            <port dstActor="D0N41" name="p82" srcActor="D0N22"/>
            <port dstActor="D0N13" name="p83" srcActor="D0N9"/>
            <port dstActor="D0N32" name="p84" srcActor="D0N9"/>
            <port dstActor="D0N47" name="p85" srcActor="D0N9"/>
            <port dstActor="D0N27" name="p86" srcActor="D0N9"/>
            <port dstActor="D0N20" name="p87" srcActor="D0N9"/>
            <port dstActor="D0N37" name="p88" srcActor="D0N30"/>
            <port dstActor="D0N33" name="p89" srcActor="D0N30"/>
            <port dstActor="D0N42" name="p90" srcActor="D0N30"/>
            <port dstActor="D0N48" name="p91" srcActor="D0N30"/>
            <port dstActor="D0N35" name="p92" srcActor="D0N30"/>
            <port dstActor="D0N43" name="p93" srcActor="D0N37"/>
            <port dstActor="D0N45" name="p94" srcActor="D0N25"/>
            <port dstActor="D0N26" name="p95" srcActor="D0N25"/>
            <port dstActor="D0N34" name="p96" srcActor="D0N25"/>
            <port dstActor="D0N46" name="p97" srcActor="D0N25"/>
            <port dstActor="D0N43" name="p98" srcActor="D0N25"/>
        </ports>
    </mcdag>
    <cores number="3"/>
    <levels number="2"/>
</mcsystem>
