<?xml version="1.0" encoding="UTF-8" standalone="no"?>
<mcsystem>
    <mcdag deadline="2000" name="genned-0-ed-10.0-0">
        <actor name="D0N27">
            <wcet number="0">40</wcet>
            <wcet number="1">130</wcet>
            <maxpow number="0.45340304464802705"/>
            <maxpow number="0.45340304464802705"/>
            <fprob>0.0</fprob>
        </actor>
        <actor name="D0N9">
            <wcet number="0">10</wcet>
            <wcet number="1">20</wcet>
            <maxpow number="0.5197452259663574"/>
            <maxpow number="0.5197452259663574"/>
            <fprob>0.0</fprob>
        </actor>
        <actor name="D0N30">
            <wcet number="0">60</wcet>
            <wcet number="1">100</wcet>
            <maxpow number="0.9135812690667167"/>
            <maxpow number="0.9135812690667167"/>
            <fprob>0.0</fprob>
        </actor>
        <actor name="D0N37">
            <wcet number="0">10</wcet>
            <wcet number="1">20</wcet>
            <maxpow number="0.43031955694500496"/>
            <maxpow number="0.43031955694500496"/>
            <fprob>0.0</fprob>
        </actor>
        <actor name="D0N8">
            <wcet number="0">10</wcet>
            <wcet number="1">80</wcet>
            <maxpow number="0.5351982429654633"/>
            <maxpow number="0.5351982429654633"/>
            <fprob>0.0</fprob>
        </actor>
        <actor name="D0N13">
            <wcet number="0">100</wcet>
            <wcet number="1">140</wcet>
            <maxpow number="0.6655757209591003"/>
            <maxpow number="0.6655757209591003"/>
            <fprob>0.0</fprob>
        </actor>
        <actor name="D0N38">
            <wcet number="0">10</wcet>
            <wcet number="1">70</wcet>
            <maxpow number="0.1839310971231637"/>
            <maxpow number="0.1839310971231637"/>
            <fprob>0.0</fprob>
        </actor>
        <actor name="D0N14">
            <wcet number="0">20</wcet>
            <wcet number="1">110</wcet>
            <maxpow number="0.4196843810231503"/>
            <maxpow number="0.4196843810231503"/>
            <fprob>0.0</fprob>
        </actor>
        <actor name="D0N15">
            <wcet number="0">80</wcet>
            <wcet number="1">80</wcet>
            <maxpow number="0.17863648156907502"/>
            <maxpow number="0.17863648156907502"/>
            <fprob>0.0</fprob>
        </actor>
        <actor name="D0N28">
            <wcet number="0">10</wcet>
            <wcet number="1">30</wcet>
            <maxpow number="0.7210617949076359"/>
            <maxpow number="0.7210617949076359"/>
            <fprob>0.0</fprob>
        </actor>
        <actor name="D0N0">
            <wcet number="0">60</wcet>
            <wcet number="1">110</wcet>
            <maxpow number="0.4742483757418061"/>
            <maxpow number="0.4742483757418061"/>
            <fprob>0.0</fprob>
        </actor>
        <actor name="D0N6">
            <wcet number="0">10</wcet>
            <wcet number="1">10</wcet>
            <maxpow number="0.3328484264161173"/>
            <maxpow number="0.3328484264161173"/>
            <fprob>0.0</fprob>
        </actor>
        <actor name="D0N17">
            <wcet number="0">130</wcet>
            <wcet number="1">140</wcet>
            <maxpow number="0.5252706523605715"/>
            <maxpow number="0.5252706523605715"/>
            <fprob>0.0</fprob>
        </actor>
        <actor name="D0N2">
            <wcet number="0">50</wcet>
            <wcet number="1">70</wcet>
            <maxpow number="0.3430657526680137"/>
            <maxpow number="0.3430657526680137"/>
            <fprob>0.0</fprob>
        </actor>
        <actor name="D0N4">
            <wcet number="0">50</wcet>
            <wcet number="1">50</wcet>
            <maxpow number="0.8566664606376044"/>
            <maxpow number="0.8566664606376044"/>
            <fprob>0.0</fprob>
        </actor>
        <actor name="D0N18">
            <wcet number="0">10</wcet>
            <wcet number="1">30</wcet>
            <maxpow number="0.3407676444883976"/>
            <maxpow number="0.3407676444883976"/>
            <fprob>0.0</fprob>
        </actor>
        <actor name="D0N39">
            <wcet number="0">130</wcet>
            <wcet number="1">130</wcet>
            <maxpow number="0.2726629718468159"/>
            <maxpow number="0.2726629718468159"/>
            <fprob>0.0</fprob>
        </actor>
        <actor name="D0N25">
            <wcet number="0">10</wcet>
            <wcet number="1">70</wcet>
            <maxpow number="0.6456213856457622"/>
            <maxpow number="0.6456213856457622"/>
            <fprob>0.0</fprob>
        </actor>
        <actor name="D0N21">
            <wcet number="0">10</wcet>
            <wcet number="1">10</wcet>
            <maxpow number="0.5631553064854576"/>
            <maxpow number="0.5631553064854576"/>
            <fprob>0.0</fprob>
        </actor>
        <actor name="D0N32">
            <wcet number="0">330</wcet>
            <wcet number="1">340</wcet>
            <maxpow number="0.5145292185435473"/>
            <maxpow number="0.5145292185435473"/>
            <fprob>0.0</fprob>
        </actor>
        <actor name="D0N16">
            <wcet number="0">60</wcet>
            <wcet number="1">260</wcet>
            <maxpow number="0.514545819916707"/>
            <maxpow number="0.514545819916707"/>
            <fprob>0.0</fprob>
        </actor>
        <actor name="D0N40">
            <wcet number="0">210</wcet>
            <wcet number="1">220</wcet>
            <maxpow number="0.6576389769551065"/>
            <maxpow number="0.6576389769551065"/>
            <fprob>0.0</fprob>
        </actor>
        <actor name="D0N24">
            <wcet number="0">20</wcet>
            <wcet number="1">40</wcet>
            <maxpow number="0.6633983458838131"/>
            <maxpow number="0.6633983458838131"/>
            <fprob>0.0</fprob>
        </actor>
        <actor name="D0N23">
            <wcet number="0">40</wcet>
            <wcet number="1">450</wcet>
            <maxpow number="0.7532850786642473"/>
            <maxpow number="0.7532850786642473"/>
            <fprob>0.0</fprob>
        </actor>
        <actor name="D0N11">
            <wcet number="0">60</wcet>
            <wcet number="1">140</wcet>
            <maxpow number="0.15572426405646306"/>
            <maxpow number="0.15572426405646306"/>
            <fprob>0.0</fprob>
        </actor>
        <actor name="D0N19">
            <wcet number="0">20</wcet>
            <wcet number="1">20</wcet>
            <maxpow number="0.5464373622224271"/>
            <maxpow number="0.5464373622224271"/>
            <fprob>0.0</fprob>
        </actor>
        <actor name="D0N12">
            <wcet number="0">10</wcet>
            <wcet number="1">20</wcet>
            <maxpow number="0.3724022028544193"/>
            <maxpow number="0.3724022028544193"/>
            <fprob>0.0</fprob>
        </actor>
        <actor name="D0N47">
            <wcet number="0">10</wcet>
            <wcet number="1">10</wcet>
            <maxpow number="0.27481571694249113"/>
            <maxpow number="0.27481571694249113"/>
            <fprob>0.0</fprob>
        </actor>
        <actor name="D0N49">
            <wcet number="0">10</wcet>
            <wcet number="1">10</wcet>
            <maxpow number="0.478260900314659"/>
            <maxpow number="0.478260900314659"/>
            <fprob>0.0</fprob>
        </actor>
        <actor name="D0N1">
            <wcet number="0">20</wcet>
            <wcet number="1">30</wcet>
            <maxpow number="0.31096222316859257"/>
            <maxpow number="0.31096222316859257"/>
            <fprob>0.0</fprob>
        </actor>
        <actor name="D0N45">
            <wcet number="0">60</wcet>
            <wcet number="1">220</wcet>
            <maxpow number="0.7321558216011629"/>
            <maxpow number="0.7321558216011629"/>
            <fprob>0.0</fprob>
        </actor>
        <actor name="D0N35">
            <wcet number="0">160</wcet>
            <wcet number="1">170</wcet>
            <maxpow number="0.49213338661022477"/>
            <maxpow number="0.49213338661022477"/>
            <fprob>0.0</fprob>
        </actor>
        <actor name="D0N22">
            <wcet number="0">40</wcet>
            <wcet number="1">60</wcet>
            <maxpow number="0.7379907431793501"/>
            <maxpow number="0.7379907431793501"/>
            <fprob>0.0</fprob>
        </actor>
        <actor name="D0N31">
            <wcet number="0">60</wcet>
            <wcet number="1">280</wcet>
            <maxpow number="0.7490474078740511"/>
            <maxpow number="0.7490474078740511"/>
            <fprob>0.0</fprob>
        </actor>
        <actor name="D0N10">
            <wcet number="0">10</wcet>
            <wcet number="1">10</wcet>
            <maxpow number="0.7315352559708308"/>
            <maxpow number="0.7315352559708308"/>
            <fprob>0.0</fprob>
        </actor>
        <actor name="D0N43">
            <wcet number="0">20</wcet>
            <wcet number="1">40</wcet>
            <maxpow number="0.5689938611570045"/>
            <maxpow number="0.5689938611570045"/>
            <fprob>0.0</fprob>
        </actor>
        <actor name="D0N46">
            <wcet number="0">10</wcet>
            <wcet number="1">10</wcet>
            <maxpow number="0.5740311553494277"/>
            <maxpow number="0.5740311553494277"/>
            <fprob>0.0</fprob>
        </actor>
        <actor name="D0N42">
            <wcet number="0">60</wcet>
            <wcet number="1">160</wcet>
            <maxpow number="0.8334549696354614"/>
            <maxpow number="0.8334549696354614"/>
            <fprob>0.0</fprob>
        </actor>
        <actor name="D0N20">
            <wcet number="0">100</wcet>
            <wcet number="1">310</wcet>
            <maxpow number="0.40187911740051485"/>
            <maxpow number="0.40187911740051485"/>
            <fprob>0.0</fprob>
        </actor>
        <actor name="D0N5">
            <wcet number="0">10</wcet>
            <wcet number="1">60</wcet>
            <maxpow number="0.5270604591080227"/>
            <maxpow number="0.5270604591080227"/>
            <fprob>0.0</fprob>
        </actor>
        <actor name="D0N33">
            <wcet number="0">330</wcet>
            <wcet number="1">430</wcet>
            <maxpow number="0.6444670377676525"/>
            <maxpow number="0.6444670377676525"/>
            <fprob>0.0</fprob>
        </actor>
        <actor name="D0N7">
            <wcet number="0">30</wcet>
            <wcet number="1">60</wcet>
            <maxpow number="0.49368642743123103"/>
            <maxpow number="0.49368642743123103"/>
            <fprob>0.0</fprob>
        </actor>
        <actor name="D0N41">
            <wcet number="0">90</wcet>
            <wcet number="1">100</wcet>
            <maxpow number="0.36096818327285846"/>
            <maxpow number="0.36096818327285846"/>
            <fprob>0.0</fprob>
        </actor>
        <actor name="D0N48">
            <wcet number="0">10</wcet>
            <wcet number="1">30</wcet>
            <maxpow number="0.7346960580548676"/>
            <maxpow number="0.7346960580548676"/>
            <fprob>0.0</fprob>
        </actor>
        <actor name="D0N34">
            <wcet number="0">80</wcet>
            <wcet number="1">100</wcet>
            <maxpow number="0.5568886625944697"/>
            <maxpow number="0.5568886625944697"/>
            <fprob>0.0</fprob>
        </actor>
        <actor name="D0N44">
            <wcet number="0">90</wcet>
            <wcet number="1">150</wcet>
            <maxpow number="0.5387942653648705"/>
            <maxpow number="0.5387942653648705"/>
            <fprob>0.0</fprob>
        </actor>
        <actor name="D0N29">
            <wcet number="0">50</wcet>
            <wcet number="1">60</wcet>
            <maxpow number="0.5247768821935509"/>
            <maxpow number="0.5247768821935509"/>
            <fprob>0.0</fprob>
        </actor>
        <actor name="D0N26">
            <wcet number="0">20</wcet>
            <wcet number="1">20</wcet>
            <maxpow number="0.4516489315703028"/>
            <maxpow number="0.4516489315703028"/>
            <fprob>0.0</fprob>
        </actor>
        <actor name="D0N36">
            <wcet number="0">20</wcet>
            <wcet number="1">30</wcet>
            <maxpow number="0.5313591067571021"/>
            <maxpow number="0.5313591067571021"/>
            <fprob>0.0</fprob>
        </actor>
        <actor name="D0N3">
            <wcet number="0">90</wcet>
            <wcet number="1">160</wcet>
            <maxpow number="0.4905801372448587"/>
            <maxpow number="0.4905801372448587"/>
            <fprob>0.0</fprob>
        </actor>
        <ports>
            <port dstActor="D0N29" name="p0" srcActor="D0N27"/>
            <port dstActor="D0N38" name="p1" srcActor="D0N27"/>
            <port dstActor="D0N28" name="p2" srcActor="D0N9"/>
            <port dstActor="D0N44" name="p3" srcActor="D0N9"/>
            <port dstActor="D0N43" name="p4" srcActor="D0N37"/>
            <port dstActor="D0N35" name="p5" srcActor="D0N8"/>
            <port dstActor="D0N33" name="p6" srcActor="D0N8"/>
            <port dstActor="D0N12" name="p7" srcActor="D0N8"/>
            <port dstActor="D0N28" name="p8" srcActor="D0N8"/>
            <port dstActor="D0N21" name="p9" srcActor="D0N8"/>
            <port dstActor="D0N37" name="p10" srcActor="D0N8"/>
            <port dstActor="D0N31" name="p11" srcActor="D0N8"/>
            <port dstActor="D0N25" name="p12" srcActor="D0N8"/>
            <port dstActor="D0N47" name="p13" srcActor="D0N13"/>
            <port dstActor="D0N23" name="p14" srcActor="D0N13"/>
            <port dstActor="D0N32" name="p15" srcActor="D0N13"/>
            <port dstActor="D0N30" name="p16" srcActor="D0N13"/>
            <port dstActor="D0N24" name="p17" srcActor="D0N13"/>
            <port dstActor="D0N48" name="p18" srcActor="D0N38"/>
            <port dstActor="D0N42" name="p19" srcActor="D0N14"/>
            <port dstActor="D0N34" name="p20" srcActor="D0N14"/>
            <port dstActor="D0N46" name="p21" srcActor="D0N14"/>
            <port dstActor="D0N35" name="p22" srcActor="D0N15"/>
            <port dstActor="D0N26" name="p23" srcActor="D0N15"/>
            <port dstActor="D0N48" name="p24" srcActor="D0N15"/>
            <port dstActor="D0N36" name="p25" srcActor="D0N28"/>
            <port dstActor="D0N26" name="p26" srcActor="D0N0"/>
            <port dstActor="D0N40" name="p27" srcActor="D0N0"/>
            <port dstActor="D0N12" name="p28" srcActor="D0N0"/>
            <port dstActor="D0N32" name="p29" srcActor="D0N0"/>
            <port dstActor="D0N44" name="p30" srcActor="D0N0"/>
            <port dstActor="D0N27" name="p31" srcActor="D0N6"/>
            <port dstActor="D0N34" name="p32" srcActor="D0N6"/>
            <port dstActor="D0N39" name="p33" srcActor="D0N6"/>
            <port dstActor="D0N32" name="p34" srcActor="D0N17"/>
            <port dstActor="D0N46" name="p35" srcActor="D0N17"/>
            <port dstActor="D0N26" name="p36" srcActor="D0N17"/>
            <port dstActor="D0N29" name="p37" srcActor="D0N17"/>
            <port dstActor="D0N3" name="p38" srcActor="D0N2"/>
            <port dstActor="D0N48" name="p39" srcActor="D0N2"/>
            <port dstActor="D0N29" name="p40" srcActor="D0N2"/>
            <port dstActor="D0N21" name="p41" srcActor="D0N2"/>
            <port dstActor="D0N7" name="p42" srcActor="D0N2"/>
            <port dstActor="D0N34" name="p43" srcActor="D0N4"/>
            <port dstActor="D0N25" name="p44" srcActor="D0N4"/>
            <port dstActor="D0N11" name="p45" srcActor="D0N4"/>
            <port dstActor="D0N16" name="p46" srcActor="D0N4"/>
            <port dstActor="D0N48" name="p47" srcActor="D0N4"/>
            <port dstActor="D0N12" name="p48" srcActor="D0N4"/>
            <port dstActor="D0N49" name="p49" srcActor="D0N4"/>
            <port dstActor="D0N48" name="p50" srcActor="D0N18"/>
            <port dstActor="D0N21" name="p51" srcActor="D0N18"/>
            <port dstActor="D0N32" name="p52" srcActor="D0N18"/>
            <port dstActor="D0N49" name="p53" srcActor="D0N18"/>
            <port dstActor="D0N41" name="p54" srcActor="D0N39"/>
            <port dstActor="D0N40" name="p55" srcActor="D0N25"/>
            <port dstActor="D0N39" name="p56" srcActor="D0N25"/>
            <port dstActor="D0N38" name="p57" srcActor="D0N21"/>
            <port dstActor="D0N32" name="p58" srcActor="D0N21"/>
            <port dstActor="D0N44" name="p59" srcActor="D0N21"/>
            <port dstActor="D0N49" name="p60" srcActor="D0N21"/>
            <port dstActor="D0N46" name="p61" srcActor="D0N32"/>
            <port dstActor="D0N32" name="p62" srcActor="D0N16"/>
            <port dstActor="D0N34" name="p63" srcActor="D0N16"/>
            <port dstActor="D0N40" name="p64" srcActor="D0N16"/>
            <port dstActor="D0N24" name="p65" srcActor="D0N16"/>
            <port dstActor="D0N42" name="p66" srcActor="D0N16"/>
            <port dstActor="D0N26" name="p67" srcActor="D0N24"/>
            <port dstActor="D0N48" name="p68" srcActor="D0N23"/>
            <port dstActor="D0N27" name="p69" srcActor="D0N23"/>
            <port dstActor="D0N37" name="p70" srcActor="D0N23"/>
            <port dstActor="D0N43" name="p71" srcActor="D0N23"/>
            <port dstActor="D0N44" name="p72" srcActor="D0N23"/>
            <port dstActor="D0N21" name="p73" srcActor="D0N11"/>
            <port dstActor="D0N13" name="p74" srcActor="D0N11"/>
            <port dstActor="D0N16" name="p75" srcActor="D0N11"/>
            <port dstActor="D0N44" name="p76" srcActor="D0N11"/>
            <port dstActor="D0N15" name="p77" srcActor="D0N11"/>
            <port dstActor="D0N38" name="p78" srcActor="D0N11"/>
            <port dstActor="D0N21" name="p79" srcActor="D0N19"/>
            <port dstActor="D0N25" name="p80" srcActor="D0N12"/>
            <port dstActor="D0N17" name="p81" srcActor="D0N12"/>
            <port dstActor="D0N42" name="p82" srcActor="D0N12"/>
            <port dstActor="D0N49" name="p83" srcActor="D0N47"/>
            <port dstActor="D0N41" name="p84" srcActor="D0N1"/>
            <port dstActor="D0N28" name="p85" srcActor="D0N1"/>
            <port dstActor="D0N32" name="p86" srcActor="D0N1"/>
            <port dstActor="D0N19" name="p87" srcActor="D0N1"/>
            <port dstActor="D0N38" name="p88" srcActor="D0N1"/>
            <port dstActor="D0N43" name="p89" srcActor="D0N1"/>
            <port dstActor="D0N46" name="p90" srcActor="D0N45"/>
            <port dstActor="D0N39" name="p91" srcActor="D0N35"/>
            <port dstActor="D0N40" name="p92" srcActor="D0N35"/>
            <port dstActor="D0N42" name="p93" srcActor="D0N35"/>
            <port dstActor="D0N24" name="p94" srcActor="D0N22"/>
            <port dstActor="D0N45" name="p95" srcActor="D0N22"/>
            <port dstActor="D0N34" name="p96" srcActor="D0N31"/>
            <port dstActor="D0N48" name="p97" srcActor="D0N10"/>
            <port dstActor="D0N49" name="p98" srcActor="D0N10"/>
            <port dstActor="D0N19" name="p99" srcActor="D0N10"/>
            <port dstActor="D0N48" name="p100" srcActor="D0N46"/>
            <port dstActor="D0N42" name="p101" srcActor="D0N20"/>
            <port dstActor="D0N14" name="p102" srcActor="D0N5"/>
            <port dstActor="D0N33" name="p103" srcActor="D0N5"/>
            <port dstActor="D0N23" name="p104" srcActor="D0N5"/>
            <port dstActor="D0N10" name="p105" srcActor="D0N5"/>
            <port dstActor="D0N16" name="p106" srcActor="D0N5"/>
            <port dstActor="D0N48" name="p107" srcActor="D0N33"/>
            <port dstActor="D0N49" name="p108" srcActor="D0N33"/>
            <port dstActor="D0N47" name="p109" srcActor="D0N33"/>
            <port dstActor="D0N36" name="p110" srcActor="D0N33"/>
            <port dstActor="D0N44" name="p111" srcActor="D0N33"/>
            <port dstActor="D0N25" name="p112" srcActor="D0N7"/>
            <port dstActor="D0N26" name="p113" srcActor="D0N7"/>
            <port dstActor="D0N47" name="p114" srcActor="D0N7"/>
            <port dstActor="D0N18" name="p115" srcActor="D0N7"/>
            <port dstActor="D0N30" name="p116" srcActor="D0N7"/>
            <port dstActor="D0N47" name="p117" srcActor="D0N41"/>
            <port dstActor="D0N35" name="p118" srcActor="D0N34"/>
            <port dstActor="D0N39" name="p119" srcActor="D0N34"/>
            <port dstActor="D0N31" name="p120" srcActor="D0N29"/>
            <port dstActor="D0N27" name="p121" srcActor="D0N26"/>
            <port dstActor="D0N31" name="p122" srcActor="D0N26"/>
            <port dstActor="D0N39" name="p123" srcActor="D0N36"/>
            <port dstActor="D0N17" name="p124" srcActor="D0N3"/>
            <port dstActor="D0N26" name="p125" srcActor="D0N3"/>
            <port dstActor="D0N43" name="p126" srcActor="D0N3"/>
        </ports>
    </mcdag>
    <cores number="3"/>
    <levels number="2"/>
</mcsystem>
