<?xml version="1.0" encoding="UTF-8" standalone="no"?>
<mcsystem>
    <mcdag deadline="2000" name="genned-0-ed-10.0-0">
        <actor name="D0N27">
            <wcet number="0">40</wcet>
            <wcet number="1">40</wcet>
            <maxpow number="0.7594409204119349"/>
            <maxpow number="0.7594409204119349"/>
            <fprob>0.0</fprob>
        </actor>
        <actor name="D0N18">
            <wcet number="0">100</wcet>
            <wcet number="1">100</wcet>
            <maxpow number="0.5873696346399658"/>
            <maxpow number="0.5873696346399658"/>
            <fprob>0.0</fprob>
        </actor>
        <actor name="D0N9">
            <wcet number="0">250</wcet>
            <wcet number="1">260</wcet>
            <maxpow number="0.3951784499691802"/>
            <maxpow number="0.3951784499691802"/>
            <fprob>0.0</fprob>
        </actor>
        <actor name="D0N11">
            <wcet number="0">20</wcet>
            <wcet number="1">170</wcet>
            <maxpow number="0.581784789381295"/>
            <maxpow number="0.581784789381295"/>
            <fprob>0.0</fprob>
        </actor>
        <actor name="D0N37">
            <wcet number="0">10</wcet>
            <wcet number="1">20</wcet>
            <maxpow number="0.5233417245833669"/>
            <maxpow number="0.5233417245833669"/>
            <fprob>0.0</fprob>
        </actor>
        <actor name="D0N31">
            <wcet number="0">180</wcet>
            <wcet number="1">180</wcet>
            <maxpow number="0.8493002922234396"/>
            <maxpow number="0.8493002922234396"/>
            <fprob>0.0</fprob>
        </actor>
        <actor name="D0N32">
            <wcet number="0">20</wcet>
            <wcet number="1">20</wcet>
            <maxpow number="0.27666170496996517"/>
            <maxpow number="0.27666170496996517"/>
            <fprob>0.0</fprob>
        </actor>
        <actor name="D0N28">
            <wcet number="0">10</wcet>
            <wcet number="1">20</wcet>
            <maxpow number="0.4093413915540075"/>
            <maxpow number="0.4093413915540075"/>
            <fprob>0.0</fprob>
        </actor>
        <actor name="D0N39">
            <wcet number="0">20</wcet>
            <wcet number="1">200</wcet>
            <maxpow number="0.5141417689654061"/>
            <maxpow number="0.5141417689654061"/>
            <fprob>0.0</fprob>
        </actor>
        <actor name="D0N15">
            <wcet number="0">40</wcet>
            <wcet number="1">50</wcet>
            <maxpow number="0.5334244120698121"/>
            <maxpow number="0.5334244120698121"/>
            <fprob>0.0</fprob>
        </actor>
        <actor name="D0N44">
            <wcet number="0">20</wcet>
            <wcet number="1">100</wcet>
            <maxpow number="0.6430982642727819"/>
            <maxpow number="0.6430982642727819"/>
            <fprob>0.0</fprob>
        </actor>
        <actor name="D0N30">
            <wcet number="0">40</wcet>
            <wcet number="1">130</wcet>
            <maxpow number="0.5050757820621221"/>
            <maxpow number="0.5050757820621221"/>
            <fprob>0.0</fprob>
        </actor>
        <actor name="D0N1">
            <wcet number="0">10</wcet>
            <wcet number="1">10</wcet>
            <maxpow number="0.5923150913516785"/>
            <maxpow number="0.5923150913516785"/>
            <fprob>0.0</fprob>
        </actor>
        <actor name="D0N46">
            <wcet number="0">40</wcet>
            <wcet number="1">220</wcet>
            <maxpow number="0.5230142128131318"/>
            <maxpow number="0.5230142128131318"/>
            <fprob>0.0</fprob>
        </actor>
        <actor name="D0N36">
            <wcet number="0">30</wcet>
            <wcet number="1">40</wcet>
            <maxpow number="0.5234193434555221"/>
            <maxpow number="0.5234193434555221"/>
            <fprob>0.0</fprob>
        </actor>
        <actor name="D0N10">
            <wcet number="0">10</wcet>
            <wcet number="1">10</wcet>
            <maxpow number="0.7159312097830018"/>
            <maxpow number="0.7159312097830018"/>
            <fprob>0.0</fprob>
        </actor>
        <actor name="D0N14">
            <wcet number="0">20</wcet>
            <wcet number="1">20</wcet>
            <maxpow number="0.34529504176364434"/>
            <maxpow number="0.34529504176364434"/>
            <fprob>0.0</fprob>
        </actor>
        <actor name="D0N22">
            <wcet number="0">40</wcet>
            <wcet number="1">60</wcet>
            <maxpow number="0.526293756126431"/>
            <maxpow number="0.526293756126431"/>
            <fprob>0.0</fprob>
        </actor>
        <actor name="D0N49">
            <wcet number="0">10</wcet>
            <wcet number="1">40</wcet>
            <maxpow number="0.3245458946795965"/>
            <maxpow number="0.3245458946795965"/>
            <fprob>0.0</fprob>
        </actor>
        <actor name="D0N8">
            <wcet number="0">10</wcet>
            <wcet number="1">60</wcet>
            <maxpow number="0.4648870542674703"/>
            <maxpow number="0.4648870542674703"/>
            <fprob>0.0</fprob>
        </actor>
        <actor name="D0N40">
            <wcet number="0">70</wcet>
            <wcet number="1">140</wcet>
            <maxpow number="0.5750357325647016"/>
            <maxpow number="0.5750357325647016"/>
            <fprob>0.0</fprob>
        </actor>
        <actor name="D0N33">
            <wcet number="0">50</wcet>
            <wcet number="1">70</wcet>
            <maxpow number="0.5846767485984615"/>
            <maxpow number="0.5846767485984615"/>
            <fprob>0.0</fprob>
        </actor>
        <actor name="D0N42">
            <wcet number="0">20</wcet>
            <wcet number="1">70</wcet>
            <maxpow number="0.20297806133247365"/>
            <maxpow number="0.20297806133247365"/>
            <fprob>0.0</fprob>
        </actor>
        <actor name="D0N13">
            <wcet number="0">10</wcet>
            <wcet number="1">10</wcet>
            <maxpow number="0.842398029483171"/>
            <maxpow number="0.842398029483171"/>
            <fprob>0.0</fprob>
        </actor>
        <actor name="D0N7">
            <wcet number="0">50</wcet>
            <wcet number="1">110</wcet>
            <maxpow number="0.6001095301859721"/>
            <maxpow number="0.6001095301859721"/>
            <fprob>0.0</fprob>
        </actor>
        <actor name="D0N17">
            <wcet number="0">130</wcet>
            <wcet number="1">140</wcet>
            <maxpow number="0.2488712646843636"/>
            <maxpow number="0.2488712646843636"/>
            <fprob>0.0</fprob>
        </actor>
        <actor name="D0N3">
            <wcet number="0">320</wcet>
            <wcet number="1">580</wcet>
            <maxpow number="0.11129040982984895"/>
            <maxpow number="0.11129040982984895"/>
            <fprob>0.0</fprob>
        </actor>
        <actor name="D0N47">
            <wcet number="0">10</wcet>
            <wcet number="1">10</wcet>
            <maxpow number="0.6964243565876196"/>
            <maxpow number="0.6964243565876196"/>
            <fprob>0.0</fprob>
        </actor>
        <actor name="D0N16">
            <wcet number="0">210</wcet>
            <wcet number="1">310</wcet>
            <maxpow number="0.6621246559559157"/>
            <maxpow number="0.6621246559559157"/>
            <fprob>0.0</fprob>
        </actor>
        <actor name="D0N23">
            <wcet number="0">90</wcet>
            <wcet number="1">150</wcet>
            <maxpow number="0.6684537926980297"/>
            <maxpow number="0.6684537926980297"/>
            <fprob>0.0</fprob>
        </actor>
        <actor name="D0N25">
            <wcet number="0">10</wcet>
            <wcet number="1">10</wcet>
            <maxpow number="0.46610138817688535"/>
            <maxpow number="0.46610138817688535"/>
            <fprob>0.0</fprob>
        </actor>
        <actor name="D0N26">
            <wcet number="0">140</wcet>
            <wcet number="1">150</wcet>
            <maxpow number="0.48573655816710104"/>
            <maxpow number="0.48573655816710104"/>
            <fprob>0.0</fprob>
        </actor>
        <actor name="D0N19">
            <wcet number="0">20</wcet>
            <wcet number="1">190</wcet>
            <maxpow number="0.812048231588219"/>
            <maxpow number="0.812048231588219"/>
            <fprob>0.0</fprob>
        </actor>
        <actor name="D0N43">
            <wcet number="0">50</wcet>
            <wcet number="1">80</wcet>
            <maxpow number="0.8030006500240563"/>
            <maxpow number="0.8030006500240563"/>
            <fprob>0.0</fprob>
        </actor>
        <actor name="D0N20">
            <wcet number="0">260</wcet>
            <wcet number="1">260</wcet>
            <maxpow number="0.8213443818403181"/>
            <maxpow number="0.8213443818403181"/>
            <fprob>0.0</fprob>
        </actor>
        <actor name="D0N34">
            <wcet number="0">30</wcet>
            <wcet number="1">40</wcet>
            <maxpow number="0.5992342167607091"/>
            <maxpow number="0.5992342167607091"/>
            <fprob>0.0</fprob>
        </actor>
        <actor name="D0N0">
            <wcet number="0">20</wcet>
            <wcet number="1">250</wcet>
            <maxpow number="0.6628882113446735"/>
            <maxpow number="0.6628882113446735"/>
            <fprob>0.0</fprob>
        </actor>
        <actor name="D0N4">
            <wcet number="0">80</wcet>
            <wcet number="1">120</wcet>
            <maxpow number="0.2486851604421586"/>
            <maxpow number="0.2486851604421586"/>
            <fprob>0.0</fprob>
        </actor>
        <actor name="D0N38">
            <wcet number="0">10</wcet>
            <wcet number="1">30</wcet>
            <maxpow number="0.58332217538614"/>
            <maxpow number="0.58332217538614"/>
            <fprob>0.0</fprob>
        </actor>
        <actor name="D0N5">
            <wcet number="0">80</wcet>
            <wcet number="1">110</wcet>
            <maxpow number="0.10494534717430731"/>
            <maxpow number="0.10494534717430731"/>
            <fprob>0.0</fprob>
        </actor>
        <actor name="D0N24">
            <wcet number="0">10</wcet>
            <wcet number="1">20</wcet>
            <maxpow number="0.5773513870494275"/>
            <maxpow number="0.5773513870494275"/>
            <fprob>0.0</fprob>
        </actor>
        <actor name="D0N6">
            <wcet number="0">70</wcet>
            <wcet number="1">110</wcet>
            <maxpow number="0.7481837803877269"/>
            <maxpow number="0.7481837803877269"/>
            <fprob>0.0</fprob>
        </actor>
        <actor name="D0N21">
            <wcet number="0">20</wcet>
            <wcet number="1">20</wcet>
            <maxpow number="0.3585408353757274"/>
            <maxpow number="0.3585408353757274"/>
            <fprob>0.0</fprob>
        </actor>
        <actor name="D0N12">
            <wcet number="0">20</wcet>
            <wcet number="1">480</wcet>
            <maxpow number="0.46362941806813196"/>
            <maxpow number="0.46362941806813196"/>
            <fprob>0.0</fprob>
        </actor>
        <actor name="D0N45">
            <wcet number="0">70</wcet>
            <wcet number="1">70</wcet>
            <maxpow number="0.7503629171964938"/>
            <maxpow number="0.7503629171964938"/>
            <fprob>0.0</fprob>
        </actor>
        <actor name="D0N48">
            <wcet number="0">40</wcet>
            <wcet number="1">210</wcet>
            <maxpow number="0.7028427515573986"/>
            <maxpow number="0.7028427515573986"/>
            <fprob>0.0</fprob>
        </actor>
        <actor name="D0N35">
            <wcet number="0">10</wcet>
            <wcet number="1">10</wcet>
            <maxpow number="0.6580589914389142"/>
            <maxpow number="0.6580589914389142"/>
            <fprob>0.0</fprob>
        </actor>
        <actor name="D0N2">
            <wcet number="0">40</wcet>
            <wcet number="1">70</wcet>
            <maxpow number="0.45775629861711864"/>
            <maxpow number="0.45775629861711864"/>
            <fprob>0.0</fprob>
        </actor>
        <actor name="D0N41">
            <wcet number="0">30</wcet>
            <wcet number="1">150</wcet>
            <maxpow number="0.6142105371857718"/>
            <maxpow number="0.6142105371857718"/>
            <fprob>0.0</fprob>
        </actor>
        <actor name="D0N29">
            <wcet number="0">70</wcet>
            <wcet number="1">80</wcet>
            <maxpow number="0.7939873651104826"/>
            <maxpow number="0.7939873651104826"/>
            <fprob>0.0</fprob>
        </actor>
        <ports>
            <port dstActor="D0N23" name="p0" srcActor="D0N18"/>
            <port dstActor="D0N44" name="p1" srcActor="D0N18"/>
            <port dstActor="D0N30" name="p2" srcActor="D0N9"/>
            <port dstActor="D0N16" name="p3" srcActor="D0N9"/>
            <port dstActor="D0N46" name="p4" srcActor="D0N9"/>
            <port dstActor="D0N26" name="p5" srcActor="D0N9"/>
            <port dstActor="D0N43" name="p6" srcActor="D0N11"/>
            <port dstActor="D0N37" name="p7" srcActor="D0N11"/>
            <port dstActor="D0N27" name="p8" srcActor="D0N11"/>
            <port dstActor="D0N41" name="p9" srcActor="D0N37"/>
            <port dstActor="D0N46" name="p10" srcActor="D0N37"/>
            <port dstActor="D0N44" name="p11" srcActor="D0N31"/>
            <port dstActor="D0N33" name="p12" srcActor="D0N31"/>
            <port dstActor="D0N36" name="p13" srcActor="D0N31"/>
            <port dstActor="D0N45" name="p14" srcActor="D0N32"/>
            <port dstActor="D0N49" name="p15" srcActor="D0N32"/>
            <port dstActor="D0N34" name="p16" srcActor="D0N32"/>
            <port dstActor="D0N39" name="p17" srcActor="D0N32"/>
            <port dstActor="D0N44" name="p18" srcActor="D0N39"/>
            <port dstActor="D0N49" name="p19" srcActor="D0N39"/>
            <port dstActor="D0N22" name="p20" srcActor="D0N15"/>
            <port dstActor="D0N34" name="p21" srcActor="D0N15"/>
            <port dstActor="D0N46" name="p22" srcActor="D0N15"/>
            <port dstActor="D0N32" name="p23" srcActor="D0N15"/>
            <port dstActor="D0N29" name="p24" srcActor="D0N15"/>
            <port dstActor="D0N36" name="p25" srcActor="D0N15"/>
            <port dstActor="D0N37" name="p26" srcActor="D0N30"/>
            <port dstActor="D0N46" name="p27" srcActor="D0N30"/>
            <port dstActor="D0N33" name="p28" srcActor="D0N1"/>
            <port dstActor="D0N46" name="p29" srcActor="D0N10"/>
            <port dstActor="D0N42" name="p30" srcActor="D0N14"/>
            <port dstActor="D0N30" name="p31" srcActor="D0N14"/>
            <port dstActor="D0N38" name="p32" srcActor="D0N14"/>
            <port dstActor="D0N28" name="p33" srcActor="D0N14"/>
            <port dstActor="D0N17" name="p34" srcActor="D0N14"/>
            <port dstActor="D0N43" name="p35" srcActor="D0N22"/>
            <port dstActor="D0N23" name="p36" srcActor="D0N22"/>
            <port dstActor="D0N45" name="p37" srcActor="D0N8"/>
            <port dstActor="D0N28" name="p38" srcActor="D0N8"/>
            <port dstActor="D0N11" name="p39" srcActor="D0N8"/>
            <port dstActor="D0N23" name="p40" srcActor="D0N8"/>
            <port dstActor="D0N24" name="p41" srcActor="D0N13"/>
            <port dstActor="D0N16" name="p42" srcActor="D0N13"/>
            <port dstActor="D0N48" name="p43" srcActor="D0N13"/>
            <port dstActor="D0N26" name="p44" srcActor="D0N13"/>
            <port dstActor="D0N21" name="p45" srcActor="D0N13"/>
            <port dstActor="D0N24" name="p46" srcActor="D0N7"/>
            <port dstActor="D0N26" name="p47" srcActor="D0N7"/>
            <port dstActor="D0N39" name="p48" srcActor="D0N7"/>
            <port dstActor="D0N29" name="p49" srcActor="D0N7"/>
            <port dstActor="D0N42" name="p50" srcActor="D0N7"/>
            <port dstActor="D0N49" name="p51" srcActor="D0N17"/>
            <port dstActor="D0N30" name="p52" srcActor="D0N17"/>
            <port dstActor="D0N32" name="p53" srcActor="D0N17"/>
            <port dstActor="D0N44" name="p54" srcActor="D0N17"/>
            <port dstActor="D0N46" name="p55" srcActor="D0N17"/>
            <port dstActor="D0N4" name="p56" srcActor="D0N3"/>
            <port dstActor="D0N11" name="p57" srcActor="D0N3"/>
            <port dstActor="D0N33" name="p58" srcActor="D0N3"/>
            <port dstActor="D0N19" name="p59" srcActor="D0N3"/>
            <port dstActor="D0N22" name="p60" srcActor="D0N16"/>
            <port dstActor="D0N29" name="p61" srcActor="D0N16"/>
            <port dstActor="D0N28" name="p62" srcActor="D0N16"/>
            <port dstActor="D0N34" name="p63" srcActor="D0N23"/>
            <port dstActor="D0N49" name="p64" srcActor="D0N23"/>
            <port dstActor="D0N34" name="p65" srcActor="D0N25"/>
            <port dstActor="D0N29" name="p66" srcActor="D0N25"/>
            <port dstActor="D0N30" name="p67" srcActor="D0N26"/>
            <port dstActor="D0N29" name="p68" srcActor="D0N26"/>
            <port dstActor="D0N28" name="p69" srcActor="D0N26"/>
            <port dstActor="D0N31" name="p70" srcActor="D0N26"/>
            <port dstActor="D0N20" name="p71" srcActor="D0N19"/>
            <port dstActor="D0N22" name="p72" srcActor="D0N19"/>
            <port dstActor="D0N32" name="p73" srcActor="D0N19"/>
            <port dstActor="D0N31" name="p74" srcActor="D0N20"/>
            <port dstActor="D0N27" name="p75" srcActor="D0N20"/>
            <port dstActor="D0N3" name="p76" srcActor="D0N0"/>
            <port dstActor="D0N18" name="p77" srcActor="D0N0"/>
            <port dstActor="D0N49" name="p78" srcActor="D0N0"/>
            <port dstActor="D0N30" name="p79" srcActor="D0N0"/>
            <port dstActor="D0N25" name="p80" srcActor="D0N4"/>
            <port dstActor="D0N49" name="p81" srcActor="D0N4"/>
            <port dstActor="D0N31" name="p82" srcActor="D0N4"/>
            <port dstActor="D0N7" name="p83" srcActor="D0N4"/>
            <port dstActor="D0N16" name="p84" srcActor="D0N4"/>
            <port dstActor="D0N33" name="p85" srcActor="D0N4"/>
            <port dstActor="D0N40" name="p86" srcActor="D0N4"/>
            <port dstActor="D0N46" name="p87" srcActor="D0N38"/>
            <port dstActor="D0N48" name="p88" srcActor="D0N38"/>
            <port dstActor="D0N38" name="p89" srcActor="D0N5"/>
            <port dstActor="D0N45" name="p90" srcActor="D0N5"/>
            <port dstActor="D0N13" name="p91" srcActor="D0N5"/>
            <port dstActor="D0N36" name="p92" srcActor="D0N5"/>
            <port dstActor="D0N46" name="p93" srcActor="D0N24"/>
            <port dstActor="D0N41" name="p94" srcActor="D0N24"/>
            <port dstActor="D0N18" name="p95" srcActor="D0N6"/>
            <port dstActor="D0N47" name="p96" srcActor="D0N6"/>
            <port dstActor="D0N32" name="p97" srcActor="D0N6"/>
            <port dstActor="D0N22" name="p98" srcActor="D0N21"/>
            <port dstActor="D0N24" name="p99" srcActor="D0N21"/>
            <port dstActor="D0N31" name="p100" srcActor="D0N21"/>
            <port dstActor="D0N49" name="p101" srcActor="D0N21"/>
            <port dstActor="D0N26" name="p102" srcActor="D0N21"/>
            <port dstActor="D0N40" name="p103" srcActor="D0N21"/>
            <port dstActor="D0N22" name="p104" srcActor="D0N12"/>
            <port dstActor="D0N41" name="p105" srcActor="D0N12"/>
            <port dstActor="D0N24" name="p106" srcActor="D0N12"/>
            <port dstActor="D0N46" name="p107" srcActor="D0N12"/>
            <port dstActor="D0N48" name="p108" srcActor="D0N12"/>
            <port dstActor="D0N45" name="p109" srcActor="D0N35"/>
            <port dstActor="D0N19" name="p110" srcActor="D0N2"/>
            <port dstActor="D0N32" name="p111" srcActor="D0N2"/>
            <port dstActor="D0N15" name="p112" srcActor="D0N2"/>
            <port dstActor="D0N3" name="p113" srcActor="D0N2"/>
            <port dstActor="D0N49" name="p114" srcActor="D0N41"/>
            <port dstActor="D0N32" name="p115" srcActor="D0N29"/>
            <port dstActor="D0N31" name="p116" srcActor="D0N29"/>
        </ports>
    </mcdag>
    <cores number="3"/>
    <levels number="2"/>
</mcsystem>
