<?xml version="1.0" encoding="UTF-8" standalone="no"?>
<mcsystem>
    <mcdag deadline="1200" name="genned-0-ed-10.0-0">
        <actor name="D0N33">
            <wcet number="0">30</wcet>
            <wcet number="1">60</wcet>
            <maxpow number="0.688083665826794"/>
            <maxpow number="0.688083665826794"/>
            <fprob>0.0</fprob>
        </actor>
        <actor name="D0N14">
            <wcet number="0">10</wcet>
            <wcet number="1">10</wcet>
            <maxpow number="0.437926187129159"/>
            <maxpow number="0.437926187129159"/>
            <fprob>0.0</fprob>
        </actor>
        <actor name="D0N17">
            <wcet number="0">20</wcet>
            <wcet number="1">60</wcet>
            <maxpow number="0.6718519787375729"/>
            <maxpow number="0.6718519787375729"/>
            <fprob>0.0</fprob>
        </actor>
        <actor name="D0N6">
            <wcet number="0">10</wcet>
            <wcet number="1">40</wcet>
            <maxpow number="0.5199027850734987"/>
            <maxpow number="0.5199027850734987"/>
            <fprob>0.0</fprob>
        </actor>
        <actor name="D0N32">
            <wcet number="0">20</wcet>
            <wcet number="1">30</wcet>
            <maxpow number="0.22523906436997193"/>
            <maxpow number="0.22523906436997193"/>
            <fprob>0.0</fprob>
        </actor>
        <actor name="D0N10">
            <wcet number="0">20</wcet>
            <wcet number="1">20</wcet>
            <maxpow number="0.405168224729275"/>
            <maxpow number="0.405168224729275"/>
            <fprob>0.0</fprob>
        </actor>
        <actor name="D0N38">
            <wcet number="0">90</wcet>
            <wcet number="1">90</wcet>
            <maxpow number="0.8017925810071298"/>
            <maxpow number="0.8017925810071298"/>
            <fprob>0.0</fprob>
        </actor>
        <actor name="D0N35">
            <wcet number="0">20</wcet>
            <wcet number="1">60</wcet>
            <maxpow number="0.5871951131844673"/>
            <maxpow number="0.5871951131844673"/>
            <fprob>0.0</fprob>
        </actor>
        <actor name="D0N11">
            <wcet number="0">10</wcet>
            <wcet number="1">80</wcet>
            <maxpow number="0.4913614047608329"/>
            <maxpow number="0.4913614047608329"/>
            <fprob>0.0</fprob>
        </actor>
        <actor name="D0N12">
            <wcet number="0">20</wcet>
            <wcet number="1">20</wcet>
            <maxpow number="0.9266783644148775"/>
            <maxpow number="0.9266783644148775"/>
            <fprob>0.0</fprob>
        </actor>
        <actor name="D0N26">
            <wcet number="0">50</wcet>
            <wcet number="1">60</wcet>
            <maxpow number="0.353101162794474"/>
            <maxpow number="0.353101162794474"/>
            <fprob>0.0</fprob>
        </actor>
        <actor name="D0N36">
            <wcet number="0">20</wcet>
            <wcet number="1">20</wcet>
            <maxpow number="0.5287806121405512"/>
            <maxpow number="0.5287806121405512"/>
            <fprob>0.0</fprob>
        </actor>
        <actor name="D0N0">
            <wcet number="0">50</wcet>
            <wcet number="1">80</wcet>
            <maxpow number="0.2887609190400484"/>
            <maxpow number="0.2887609190400484"/>
            <fprob>0.0</fprob>
        </actor>
        <actor name="D0N22">
            <wcet number="0">70</wcet>
            <wcet number="1">120</wcet>
            <maxpow number="0.4553920395257136"/>
            <maxpow number="0.4553920395257136"/>
            <fprob>0.0</fprob>
        </actor>
        <actor name="D0N13">
            <wcet number="0">20</wcet>
            <wcet number="1">20</wcet>
            <maxpow number="0.5549073820105203"/>
            <maxpow number="0.5549073820105203"/>
            <fprob>0.0</fprob>
        </actor>
        <actor name="D0N24">
            <wcet number="0">20</wcet>
            <wcet number="1">30</wcet>
            <maxpow number="0.647360185621268"/>
            <maxpow number="0.647360185621268"/>
            <fprob>0.0</fprob>
        </actor>
        <actor name="D0N43">
            <wcet number="0">40</wcet>
            <wcet number="1">40</wcet>
            <maxpow number="0.44741359046926993"/>
            <maxpow number="0.44741359046926993"/>
            <fprob>0.0</fprob>
        </actor>
        <actor name="D0N2">
            <wcet number="0">10</wcet>
            <wcet number="1">20</wcet>
            <maxpow number="0.635616913545187"/>
            <maxpow number="0.635616913545187"/>
            <fprob>0.0</fprob>
        </actor>
        <actor name="D0N4">
            <wcet number="0">50</wcet>
            <wcet number="1">50</wcet>
            <maxpow number="0.7763972077832495"/>
            <maxpow number="0.7763972077832495"/>
            <fprob>0.0</fprob>
        </actor>
        <actor name="D0N5">
            <wcet number="0">20</wcet>
            <wcet number="1">30</wcet>
            <maxpow number="0.3891383213239888"/>
            <maxpow number="0.3891383213239888"/>
            <fprob>0.0</fprob>
        </actor>
        <actor name="D0N47">
            <wcet number="0">50</wcet>
            <wcet number="1">80</wcet>
            <maxpow number="0.43112472572584515"/>
            <maxpow number="0.43112472572584515"/>
            <fprob>0.0</fprob>
        </actor>
        <actor name="D0N31">
            <wcet number="0">10</wcet>
            <wcet number="1">100</wcet>
            <maxpow number="0.5665196777378799"/>
            <maxpow number="0.5665196777378799"/>
            <fprob>0.0</fprob>
        </actor>
        <actor name="D0N15">
            <wcet number="0">80</wcet>
            <wcet number="1">90</wcet>
            <maxpow number="0.6088181726735176"/>
            <maxpow number="0.6088181726735176"/>
            <fprob>0.0</fprob>
        </actor>
        <actor name="D0N16">
            <wcet number="0">40</wcet>
            <wcet number="1">90</wcet>
            <maxpow number="0.6737361417113911"/>
            <maxpow number="0.6737361417113911"/>
            <fprob>0.0</fprob>
        </actor>
        <actor name="D0N20">
            <wcet number="0">20</wcet>
            <wcet number="1">80</wcet>
            <maxpow number="0.5362145805237006"/>
            <maxpow number="0.5362145805237006"/>
            <fprob>0.0</fprob>
        </actor>
        <actor name="D0N27">
            <wcet number="0">70</wcet>
            <wcet number="1">140</wcet>
            <maxpow number="0.5823127087179758"/>
            <maxpow number="0.5823127087179758"/>
            <fprob>0.0</fprob>
        </actor>
        <actor name="D0N28">
            <wcet number="0">40</wcet>
            <wcet number="1">60</wcet>
            <maxpow number="0.6307266104877716"/>
            <maxpow number="0.6307266104877716"/>
            <fprob>0.0</fprob>
        </actor>
        <actor name="D0N42">
            <wcet number="0">50</wcet>
            <wcet number="1">80</wcet>
            <maxpow number="0.7222369457914317"/>
            <maxpow number="0.7222369457914317"/>
            <fprob>0.0</fprob>
        </actor>
        <actor name="D0N3">
            <wcet number="0">80</wcet>
            <wcet number="1">80</wcet>
            <maxpow number="0.19625894604341543"/>
            <maxpow number="0.19625894604341543"/>
            <fprob>0.0</fprob>
        </actor>
        <actor name="D0N9">
            <wcet number="0">10</wcet>
            <wcet number="1">40</wcet>
            <maxpow number="0.746199194018181"/>
            <maxpow number="0.746199194018181"/>
            <fprob>0.0</fprob>
        </actor>
        <actor name="D0N25">
            <wcet number="0">10</wcet>
            <wcet number="1">10</wcet>
            <maxpow number="0.5366962951768751"/>
            <maxpow number="0.5366962951768751"/>
            <fprob>0.0</fprob>
        </actor>
        <actor name="D0N1">
            <wcet number="0">100</wcet>
            <wcet number="1">120</wcet>
            <maxpow number="0.5892660637779444"/>
            <maxpow number="0.5892660637779444"/>
            <fprob>0.0</fprob>
        </actor>
        <actor name="D0N45">
            <wcet number="0">10</wcet>
            <wcet number="1">10</wcet>
            <maxpow number="0.5720835490494436"/>
            <maxpow number="0.5720835490494436"/>
            <fprob>0.0</fprob>
        </actor>
        <actor name="D0N44">
            <wcet number="0">10</wcet>
            <wcet number="1">40</wcet>
            <maxpow number="0.6132615630681532"/>
            <maxpow number="0.6132615630681532"/>
            <fprob>0.0</fprob>
        </actor>
        <actor name="D0N29">
            <wcet number="0">200</wcet>
            <wcet number="1">270</wcet>
            <maxpow number="0.7497137955061717"/>
            <maxpow number="0.7497137955061717"/>
            <fprob>0.0</fprob>
        </actor>
        <actor name="D0N7">
            <wcet number="0">50</wcet>
            <wcet number="1">50</wcet>
            <maxpow number="0.28243648359808327"/>
            <maxpow number="0.28243648359808327"/>
            <fprob>0.0</fprob>
        </actor>
        <actor name="D0N21">
            <wcet number="0">10</wcet>
            <wcet number="1">10</wcet>
            <maxpow number="0.7691229532185277"/>
            <maxpow number="0.7691229532185277"/>
            <fprob>0.0</fprob>
        </actor>
        <actor name="D0N18">
            <wcet number="0">20</wcet>
            <wcet number="1">30</wcet>
            <maxpow number="0.5131445897486724"/>
            <maxpow number="0.5131445897486724"/>
            <fprob>0.0</fprob>
        </actor>
        <actor name="D0N40">
            <wcet number="0">20</wcet>
            <wcet number="1">20</wcet>
            <maxpow number="0.4823321914286999"/>
            <maxpow number="0.4823321914286999"/>
            <fprob>0.0</fprob>
        </actor>
        <actor name="D0N37">
            <wcet number="0">40</wcet>
            <wcet number="1">140</wcet>
            <maxpow number="0.5885151517827524"/>
            <maxpow number="0.5885151517827524"/>
            <fprob>0.0</fprob>
        </actor>
        <actor name="D0N23">
            <wcet number="0">10</wcet>
            <wcet number="1">20</wcet>
            <maxpow number="0.6602541569651363"/>
            <maxpow number="0.6602541569651363"/>
            <fprob>0.0</fprob>
        </actor>
        <actor name="D0N19">
            <wcet number="0">60</wcet>
            <wcet number="1">110</wcet>
            <maxpow number="0.2755865393302096"/>
            <maxpow number="0.2755865393302096"/>
            <fprob>0.0</fprob>
        </actor>
        <actor name="D0N8">
            <wcet number="0">20</wcet>
            <wcet number="1">20</wcet>
            <maxpow number="0.5513165318296896"/>
            <maxpow number="0.5513165318296896"/>
            <fprob>0.0</fprob>
        </actor>
        <actor name="D0N46">
            <wcet number="0">20</wcet>
            <wcet number="1">20</wcet>
            <maxpow number="0.7570458088165565"/>
            <maxpow number="0.7570458088165565"/>
            <fprob>0.0</fprob>
        </actor>
        <actor name="D0N39">
            <wcet number="0">260</wcet>
            <wcet number="1">290</wcet>
            <maxpow number="0.29099071168918866"/>
            <maxpow number="0.29099071168918866"/>
            <fprob>0.0</fprob>
        </actor>
        <actor name="D0N34">
            <wcet number="0">40</wcet>
            <wcet number="1">40</wcet>
            <maxpow number="0.5098309518096419"/>
            <maxpow number="0.5098309518096419"/>
            <fprob>0.0</fprob>
        </actor>
        <actor name="D0N30">
            <wcet number="0">10</wcet>
            <wcet number="1">10</wcet>
            <maxpow number="0.7136824376972073"/>
            <maxpow number="0.7136824376972073"/>
            <fprob>0.0</fprob>
        </actor>
        <actor name="D0N41">
            <wcet number="0">10</wcet>
            <wcet number="1">10</wcet>
            <maxpow number="0.2201443900911077"/>
            <maxpow number="0.2201443900911077"/>
            <fprob>0.0</fprob>
        </actor>
        <ports>
            <port dstActor="D0N34" name="p0" srcActor="D0N14"/>
            <port dstActor="D0N37" name="p1" srcActor="D0N14"/>
            <port dstActor="D0N31" name="p2" srcActor="D0N14"/>
            <port dstActor="D0N20" name="p3" srcActor="D0N14"/>
            <port dstActor="D0N41" name="p4" srcActor="D0N14"/>
            <port dstActor="D0N30" name="p5" srcActor="D0N17"/>
            <port dstActor="D0N31" name="p6" srcActor="D0N17"/>
            <port dstActor="D0N33" name="p7" srcActor="D0N17"/>
            <port dstActor="D0N22" name="p8" srcActor="D0N17"/>
            <port dstActor="D0N20" name="p9" srcActor="D0N17"/>
            <port dstActor="D0N11" name="p10" srcActor="D0N6"/>
            <port dstActor="D0N23" name="p11" srcActor="D0N6"/>
            <port dstActor="D0N46" name="p12" srcActor="D0N32"/>
            <port dstActor="D0N23" name="p13" srcActor="D0N10"/>
            <port dstActor="D0N26" name="p14" srcActor="D0N10"/>
            <port dstActor="D0N28" name="p15" srcActor="D0N10"/>
            <port dstActor="D0N32" name="p16" srcActor="D0N10"/>
            <port dstActor="D0N20" name="p17" srcActor="D0N10"/>
            <port dstActor="D0N41" name="p18" srcActor="D0N38"/>
            <port dstActor="D0N37" name="p19" srcActor="D0N35"/>
            <port dstActor="D0N23" name="p20" srcActor="D0N11"/>
            <port dstActor="D0N18" name="p21" srcActor="D0N11"/>
            <port dstActor="D0N17" name="p22" srcActor="D0N12"/>
            <port dstActor="D0N33" name="p23" srcActor="D0N12"/>
            <port dstActor="D0N15" name="p24" srcActor="D0N12"/>
            <port dstActor="D0N31" name="p25" srcActor="D0N0"/>
            <port dstActor="D0N8" name="p26" srcActor="D0N0"/>
            <port dstActor="D0N10" name="p27" srcActor="D0N0"/>
            <port dstActor="D0N37" name="p28" srcActor="D0N0"/>
            <port dstActor="D0N5" name="p29" srcActor="D0N0"/>
            <port dstActor="D0N36" name="p30" srcActor="D0N13"/>
            <port dstActor="D0N47" name="p31" srcActor="D0N13"/>
            <port dstActor="D0N42" name="p32" srcActor="D0N13"/>
            <port dstActor="D0N34" name="p33" srcActor="D0N13"/>
            <port dstActor="D0N22" name="p34" srcActor="D0N13"/>
            <port dstActor="D0N29" name="p35" srcActor="D0N13"/>
            <port dstActor="D0N37" name="p36" srcActor="D0N24"/>
            <port dstActor="D0N43" name="p37" srcActor="D0N24"/>
            <port dstActor="D0N46" name="p38" srcActor="D0N43"/>
            <port dstActor="D0N44" name="p39" srcActor="D0N43"/>
            <port dstActor="D0N26" name="p40" srcActor="D0N2"/>
            <port dstActor="D0N42" name="p41" srcActor="D0N2"/>
            <port dstActor="D0N17" name="p42" srcActor="D0N2"/>
            <port dstActor="D0N38" name="p43" srcActor="D0N2"/>
            <port dstActor="D0N28" name="p44" srcActor="D0N2"/>
            <port dstActor="D0N18" name="p45" srcActor="D0N2"/>
            <port dstActor="D0N43" name="p46" srcActor="D0N2"/>
            <port dstActor="D0N20" name="p47" srcActor="D0N4"/>
            <port dstActor="D0N30" name="p48" srcActor="D0N4"/>
            <port dstActor="D0N8" name="p49" srcActor="D0N4"/>
            <port dstActor="D0N19" name="p50" srcActor="D0N4"/>
            <port dstActor="D0N29" name="p51" srcActor="D0N5"/>
            <port dstActor="D0N16" name="p52" srcActor="D0N5"/>
            <port dstActor="D0N7" name="p53" srcActor="D0N5"/>
            <port dstActor="D0N8" name="p54" srcActor="D0N5"/>
            <port dstActor="D0N42" name="p55" srcActor="D0N15"/>
            <port dstActor="D0N22" name="p56" srcActor="D0N15"/>
            <port dstActor="D0N17" name="p57" srcActor="D0N15"/>
            <port dstActor="D0N21" name="p58" srcActor="D0N15"/>
            <port dstActor="D0N37" name="p59" srcActor="D0N15"/>
            <port dstActor="D0N40" name="p60" srcActor="D0N15"/>
            <port dstActor="D0N23" name="p61" srcActor="D0N15"/>
            <port dstActor="D0N38" name="p62" srcActor="D0N16"/>
            <port dstActor="D0N33" name="p63" srcActor="D0N16"/>
            <port dstActor="D0N22" name="p64" srcActor="D0N16"/>
            <port dstActor="D0N36" name="p65" srcActor="D0N16"/>
            <port dstActor="D0N24" name="p66" srcActor="D0N20"/>
            <port dstActor="D0N34" name="p67" srcActor="D0N20"/>
            <port dstActor="D0N38" name="p68" srcActor="D0N20"/>
            <port dstActor="D0N40" name="p69" srcActor="D0N20"/>
            <port dstActor="D0N38" name="p70" srcActor="D0N27"/>
            <port dstActor="D0N47" name="p71" srcActor="D0N27"/>
            <port dstActor="D0N33" name="p72" srcActor="D0N28"/>
            <port dstActor="D0N44" name="p73" srcActor="D0N42"/>
            <port dstActor="D0N47" name="p74" srcActor="D0N3"/>
            <port dstActor="D0N5" name="p75" srcActor="D0N3"/>
            <port dstActor="D0N7" name="p76" srcActor="D0N3"/>
            <port dstActor="D0N6" name="p77" srcActor="D0N3"/>
            <port dstActor="D0N40" name="p78" srcActor="D0N3"/>
            <port dstActor="D0N44" name="p79" srcActor="D0N9"/>
            <port dstActor="D0N42" name="p80" srcActor="D0N9"/>
            <port dstActor="D0N39" name="p81" srcActor="D0N9"/>
            <port dstActor="D0N32" name="p82" srcActor="D0N9"/>
            <port dstActor="D0N34" name="p83" srcActor="D0N9"/>
            <port dstActor="D0N39" name="p84" srcActor="D0N1"/>
            <port dstActor="D0N26" name="p85" srcActor="D0N1"/>
            <port dstActor="D0N28" name="p86" srcActor="D0N1"/>
            <port dstActor="D0N42" name="p87" srcActor="D0N1"/>
            <port dstActor="D0N4" name="p88" srcActor="D0N1"/>
            <port dstActor="D0N47" name="p89" srcActor="D0N45"/>
            <port dstActor="D0N47" name="p90" srcActor="D0N29"/>
            <port dstActor="D0N40" name="p91" srcActor="D0N29"/>
            <port dstActor="D0N22" name="p92" srcActor="D0N7"/>
            <port dstActor="D0N21" name="p93" srcActor="D0N7"/>
            <port dstActor="D0N9" name="p94" srcActor="D0N7"/>
            <port dstActor="D0N28" name="p95" srcActor="D0N21"/>
            <port dstActor="D0N32" name="p96" srcActor="D0N21"/>
            <port dstActor="D0N34" name="p97" srcActor="D0N21"/>
            <port dstActor="D0N26" name="p98" srcActor="D0N18"/>
            <port dstActor="D0N46" name="p99" srcActor="D0N18"/>
            <port dstActor="D0N24" name="p100" srcActor="D0N18"/>
            <port dstActor="D0N44" name="p101" srcActor="D0N40"/>
            <port dstActor="D0N47" name="p102" srcActor="D0N40"/>
            <port dstActor="D0N39" name="p103" srcActor="D0N37"/>
            <port dstActor="D0N45" name="p104" srcActor="D0N37"/>
            <port dstActor="D0N33" name="p105" srcActor="D0N23"/>
            <port dstActor="D0N39" name="p106" srcActor="D0N23"/>
            <port dstActor="D0N25" name="p107" srcActor="D0N23"/>
            <port dstActor="D0N24" name="p108" srcActor="D0N23"/>
            <port dstActor="D0N23" name="p109" srcActor="D0N19"/>
            <port dstActor="D0N12" name="p110" srcActor="D0N8"/>
            <port dstActor="D0N20" name="p111" srcActor="D0N8"/>
            <port dstActor="D0N28" name="p112" srcActor="D0N8"/>
            <port dstActor="D0N27" name="p113" srcActor="D0N8"/>
            <port dstActor="D0N35" name="p114" srcActor="D0N34"/>
            <port dstActor="D0N31" name="p115" srcActor="D0N30"/>
            <port dstActor="D0N42" name="p116" srcActor="D0N30"/>
        </ports>
    </mcdag>
    <cores number="3"/>
    <levels number="2"/>
</mcsystem>
