<?xml version="1.0" encoding="UTF-8" standalone="no"?>
<mcsystem>
    <mcdag deadline="1800" name="genned-0-ed-10.0-0">
        <actor name="D0N33">
            <wcet number="0">40</wcet>
            <wcet number="1">50</wcet>
            <maxpow number="0.47415838186351167"/>
            <maxpow number="0.47415838186351167"/>
            <fprob>0.0</fprob>
        </actor>
        <actor name="D0N8">
            <wcet number="0">10</wcet>
            <wcet number="1">290</wcet>
            <maxpow number="0.6421951713425198"/>
            <maxpow number="0.6421951713425198"/>
            <fprob>0.0</fprob>
        </actor>
        <actor name="D0N20">
            <wcet number="0">10</wcet>
            <wcet number="1">10</wcet>
            <maxpow number="0.7770547345584022"/>
            <maxpow number="0.7770547345584022"/>
            <fprob>0.0</fprob>
        </actor>
        <actor name="D0N37">
            <wcet number="0">10</wcet>
            <wcet number="1">20</wcet>
            <maxpow number="0.6952371260895729"/>
            <maxpow number="0.6952371260895729"/>
            <fprob>0.0</fprob>
        </actor>
        <actor name="D0N10">
            <wcet number="0">80</wcet>
            <wcet number="1">80</wcet>
            <maxpow number="0.2958341673583355"/>
            <maxpow number="0.2958341673583355"/>
            <fprob>0.0</fprob>
        </actor>
        <actor name="D0N11">
            <wcet number="0">20</wcet>
            <wcet number="1">40</wcet>
            <maxpow number="0.47507771351075856"/>
            <maxpow number="0.47507771351075856"/>
            <fprob>0.0</fprob>
        </actor>
        <actor name="D0N19">
            <wcet number="0">20</wcet>
            <wcet number="1">50</wcet>
            <maxpow number="0.5091157751365567"/>
            <maxpow number="0.5091157751365567"/>
            <fprob>0.0</fprob>
        </actor>
        <actor name="D0N45">
            <wcet number="0">20</wcet>
            <wcet number="1">190</wcet>
            <maxpow number="0.8389078525118181"/>
            <maxpow number="0.8389078525118181"/>
            <fprob>0.0</fprob>
        </actor>
        <actor name="D0N4">
            <wcet number="0">140</wcet>
            <wcet number="1">140</wcet>
            <maxpow number="0.6175328991363993"/>
            <maxpow number="0.6175328991363993"/>
            <fprob>0.0</fprob>
        </actor>
        <actor name="D0N13">
            <wcet number="0">50</wcet>
            <wcet number="1">130</wcet>
            <maxpow number="0.5965943539876148"/>
            <maxpow number="0.5965943539876148"/>
            <fprob>0.0</fprob>
        </actor>
        <actor name="D0N9">
            <wcet number="0">200</wcet>
            <wcet number="1">220</wcet>
            <maxpow number="0.19111226480805688"/>
            <maxpow number="0.19111226480805688"/>
            <fprob>0.0</fprob>
        </actor>
        <actor name="D0N32">
            <wcet number="0">180</wcet>
            <wcet number="1">350</wcet>
            <maxpow number="0.4516537970025912"/>
            <maxpow number="0.4516537970025912"/>
            <fprob>0.0</fprob>
        </actor>
        <actor name="D0N14">
            <wcet number="0">30</wcet>
            <wcet number="1">140</wcet>
            <maxpow number="0.4849449594244667"/>
            <maxpow number="0.4849449594244667"/>
            <fprob>0.0</fprob>
        </actor>
        <actor name="D0N47">
            <wcet number="0">30</wcet>
            <wcet number="1">30</wcet>
            <maxpow number="0.49643707642684304"/>
            <maxpow number="0.49643707642684304"/>
            <fprob>0.0</fprob>
        </actor>
        <actor name="D0N25">
            <wcet number="0">30</wcet>
            <wcet number="1">150</wcet>
            <maxpow number="0.6862186758682707"/>
            <maxpow number="0.6862186758682707"/>
            <fprob>0.0</fprob>
        </actor>
        <actor name="D0N28">
            <wcet number="0">40</wcet>
            <wcet number="1">210</wcet>
            <maxpow number="0.6157353239544668"/>
            <maxpow number="0.6157353239544668"/>
            <fprob>0.0</fprob>
        </actor>
        <actor name="D0N6">
            <wcet number="0">10</wcet>
            <wcet number="1">40</wcet>
            <maxpow number="0.3699669052520458"/>
            <maxpow number="0.3699669052520458"/>
            <fprob>0.0</fprob>
        </actor>
        <actor name="D0N7">
            <wcet number="0">20</wcet>
            <wcet number="1">20</wcet>
            <maxpow number="0.36654783419079434"/>
            <maxpow number="0.36654783419079434"/>
            <fprob>0.0</fprob>
        </actor>
        <actor name="D0N24">
            <wcet number="0">20</wcet>
            <wcet number="1">20</wcet>
            <maxpow number="0.31064691842577896"/>
            <maxpow number="0.31064691842577896"/>
            <fprob>0.0</fprob>
        </actor>
        <actor name="D0N5">
            <wcet number="0">70</wcet>
            <wcet number="1">70</wcet>
            <maxpow number="0.21921199986929568"/>
            <maxpow number="0.21921199986929568"/>
            <fprob>0.0</fprob>
        </actor>
        <actor name="D0N29">
            <wcet number="0">10</wcet>
            <wcet number="1">10</wcet>
            <maxpow number="0.6439784888098431"/>
            <maxpow number="0.6439784888098431"/>
            <fprob>0.0</fprob>
        </actor>
        <actor name="D0N43">
            <wcet number="0">20</wcet>
            <wcet number="1">70</wcet>
            <maxpow number="0.446555705705675"/>
            <maxpow number="0.446555705705675"/>
            <fprob>0.0</fprob>
        </actor>
        <actor name="D0N30">
            <wcet number="0">210</wcet>
            <wcet number="1">210</wcet>
            <maxpow number="0.35140885533036426"/>
            <maxpow number="0.35140885533036426"/>
            <fprob>0.0</fprob>
        </actor>
        <actor name="D0N41">
            <wcet number="0">10</wcet>
            <wcet number="1">10</wcet>
            <maxpow number="0.6085854604791103"/>
            <maxpow number="0.6085854604791103"/>
            <fprob>0.0</fprob>
        </actor>
        <actor name="D0N44">
            <wcet number="0">50</wcet>
            <wcet number="1">90</wcet>
            <maxpow number="0.17297863028865068"/>
            <maxpow number="0.17297863028865068"/>
            <fprob>0.0</fprob>
        </actor>
        <actor name="D0N23">
            <wcet number="0">20</wcet>
            <wcet number="1">80</wcet>
            <maxpow number="0.41455881860572963"/>
            <maxpow number="0.41455881860572963"/>
            <fprob>0.0</fprob>
        </actor>
        <actor name="D0N35">
            <wcet number="0">90</wcet>
            <wcet number="1">350</wcet>
            <maxpow number="0.4228795843659887"/>
            <maxpow number="0.4228795843659887"/>
            <fprob>0.0</fprob>
        </actor>
        <actor name="D0N16">
            <wcet number="0">70</wcet>
            <wcet number="1">120</wcet>
            <maxpow number="0.2515532405982698"/>
            <maxpow number="0.2515532405982698"/>
            <fprob>0.0</fprob>
        </actor>
        <actor name="D0N18">
            <wcet number="0">10</wcet>
            <wcet number="1">10</wcet>
            <maxpow number="0.6990540274464057"/>
            <maxpow number="0.6990540274464057"/>
            <fprob>0.0</fprob>
        </actor>
        <actor name="D0N36">
            <wcet number="0">120</wcet>
            <wcet number="1">150</wcet>
            <maxpow number="0.3250656223843385"/>
            <maxpow number="0.3250656223843385"/>
            <fprob>0.0</fprob>
        </actor>
        <actor name="D0N12">
            <wcet number="0">30</wcet>
            <wcet number="1">40</wcet>
            <maxpow number="0.7005795217228317"/>
            <maxpow number="0.7005795217228317"/>
            <fprob>0.0</fprob>
        </actor>
        <actor name="D0N17">
            <wcet number="0">100</wcet>
            <wcet number="1">100</wcet>
            <maxpow number="0.4549844436674755"/>
            <maxpow number="0.4549844436674755"/>
            <fprob>0.0</fprob>
        </actor>
        <actor name="D0N3">
            <wcet number="0">10</wcet>
            <wcet number="1">70</wcet>
            <maxpow number="0.2368044364465745"/>
            <maxpow number="0.2368044364465745"/>
            <fprob>0.0</fprob>
        </actor>
        <actor name="D0N1">
            <wcet number="0">40</wcet>
            <wcet number="1">40</wcet>
            <maxpow number="0.5488146845549231"/>
            <maxpow number="0.5488146845549231"/>
            <fprob>0.0</fprob>
        </actor>
        <actor name="D0N15">
            <wcet number="0">10</wcet>
            <wcet number="1">90</wcet>
            <maxpow number="0.7308622352891698"/>
            <maxpow number="0.7308622352891698"/>
            <fprob>0.0</fprob>
        </actor>
        <actor name="D0N2">
            <wcet number="0">160</wcet>
            <wcet number="1">170</wcet>
            <maxpow number="0.41142352899105505"/>
            <maxpow number="0.41142352899105505"/>
            <fprob>0.0</fprob>
        </actor>
        <actor name="D0N40">
            <wcet number="0">10</wcet>
            <wcet number="1">20</wcet>
            <maxpow number="0.4177580344282767"/>
            <maxpow number="0.4177580344282767"/>
            <fprob>0.0</fprob>
        </actor>
        <actor name="D0N42">
            <wcet number="0">200</wcet>
            <wcet number="1">260</wcet>
            <maxpow number="0.9574737002477793"/>
            <maxpow number="0.9574737002477793"/>
            <fprob>0.0</fprob>
        </actor>
        <actor name="D0N0">
            <wcet number="0">30</wcet>
            <wcet number="1">30</wcet>
            <maxpow number="0.246742036623265"/>
            <maxpow number="0.246742036623265"/>
            <fprob>0.0</fprob>
        </actor>
        <actor name="D0N21">
            <wcet number="0">90</wcet>
            <wcet number="1">90</wcet>
            <maxpow number="0.45429681209170897"/>
            <maxpow number="0.45429681209170897"/>
            <fprob>0.0</fprob>
        </actor>
        <actor name="D0N34">
            <wcet number="0">140</wcet>
            <wcet number="1">140</wcet>
            <maxpow number="0.585092991575818"/>
            <maxpow number="0.585092991575818"/>
            <fprob>0.0</fprob>
        </actor>
        <actor name="D0N46">
            <wcet number="0">10</wcet>
            <wcet number="1">10</wcet>
            <maxpow number="0.49918699103937947"/>
            <maxpow number="0.49918699103937947"/>
            <fprob>0.0</fprob>
        </actor>
        <actor name="D0N26">
            <wcet number="0">20</wcet>
            <wcet number="1">60</wcet>
            <maxpow number="0.12633512682708897"/>
            <maxpow number="0.12633512682708897"/>
            <fprob>0.0</fprob>
        </actor>
        <actor name="D0N39">
            <wcet number="0">10</wcet>
            <wcet number="1">30</wcet>
            <maxpow number="0.6789415211371848"/>
            <maxpow number="0.6789415211371848"/>
            <fprob>0.0</fprob>
        </actor>
        <actor name="D0N31">
            <wcet number="0">30</wcet>
            <wcet number="1">80</wcet>
            <maxpow number="0.35716919342405734"/>
            <maxpow number="0.35716919342405734"/>
            <fprob>0.0</fprob>
        </actor>
        <actor name="D0N27">
            <wcet number="0">190</wcet>
            <wcet number="1">260</wcet>
            <maxpow number="0.3946070198627807"/>
            <maxpow number="0.3946070198627807"/>
            <fprob>0.0</fprob>
        </actor>
        <actor name="D0N38">
            <wcet number="0">30</wcet>
            <wcet number="1">80</wcet>
            <maxpow number="0.411209479737421"/>
            <maxpow number="0.411209479737421"/>
            <fprob>0.0</fprob>
        </actor>
        <actor name="D0N22">
            <wcet number="0">30</wcet>
            <wcet number="1">120</wcet>
            <maxpow number="0.6515390222446238"/>
            <maxpow number="0.6515390222446238"/>
            <fprob>0.0</fprob>
        </actor>
        <ports>
            <port dstActor="D0N44" name="p0" srcActor="D0N33"/>
            <port dstActor="D0N42" name="p1" srcActor="D0N33"/>
            <port dstActor="D0N14" name="p2" srcActor="D0N8"/>
            <port dstActor="D0N18" name="p3" srcActor="D0N8"/>
            <port dstActor="D0N21" name="p4" srcActor="D0N8"/>
            <port dstActor="D0N37" name="p5" srcActor="D0N20"/>
            <port dstActor="D0N22" name="p6" srcActor="D0N20"/>
            <port dstActor="D0N36" name="p7" srcActor="D0N20"/>
            <port dstActor="D0N35" name="p8" srcActor="D0N20"/>
            <port dstActor="D0N38" name="p9" srcActor="D0N37"/>
            <port dstActor="D0N45" name="p10" srcActor="D0N37"/>
            <port dstActor="D0N42" name="p11" srcActor="D0N10"/>
            <port dstActor="D0N32" name="p12" srcActor="D0N10"/>
            <port dstActor="D0N11" name="p13" srcActor="D0N10"/>
            <port dstActor="D0N24" name="p14" srcActor="D0N10"/>
            <port dstActor="D0N27" name="p15" srcActor="D0N10"/>
            <port dstActor="D0N17" name="p16" srcActor="D0N10"/>
            <port dstActor="D0N41" name="p17" srcActor="D0N11"/>
            <port dstActor="D0N47" name="p18" srcActor="D0N11"/>
            <port dstActor="D0N14" name="p19" srcActor="D0N11"/>
            <port dstActor="D0N38" name="p20" srcActor="D0N19"/>
            <port dstActor="D0N27" name="p21" srcActor="D0N19"/>
            <port dstActor="D0N46" name="p22" srcActor="D0N45"/>
            <port dstActor="D0N17" name="p23" srcActor="D0N4"/>
            <port dstActor="D0N42" name="p24" srcActor="D0N4"/>
            <port dstActor="D0N31" name="p25" srcActor="D0N4"/>
            <port dstActor="D0N34" name="p26" srcActor="D0N13"/>
            <port dstActor="D0N39" name="p27" srcActor="D0N13"/>
            <port dstActor="D0N37" name="p28" srcActor="D0N13"/>
            <port dstActor="D0N27" name="p29" srcActor="D0N13"/>
            <port dstActor="D0N33" name="p30" srcActor="D0N13"/>
            <port dstActor="D0N21" name="p31" srcActor="D0N13"/>
            <port dstActor="D0N11" name="p32" srcActor="D0N9"/>
            <port dstActor="D0N46" name="p33" srcActor="D0N9"/>
            <port dstActor="D0N18" name="p34" srcActor="D0N9"/>
            <port dstActor="D0N39" name="p35" srcActor="D0N32"/>
            <port dstActor="D0N40" name="p36" srcActor="D0N32"/>
            <port dstActor="D0N34" name="p37" srcActor="D0N32"/>
            <port dstActor="D0N35" name="p38" srcActor="D0N14"/>
            <port dstActor="D0N17" name="p39" srcActor="D0N14"/>
            <port dstActor="D0N23" name="p40" srcActor="D0N14"/>
            <port dstActor="D0N26" name="p41" srcActor="D0N14"/>
            <port dstActor="D0N27" name="p42" srcActor="D0N14"/>
            <port dstActor="D0N22" name="p43" srcActor="D0N14"/>
            <port dstActor="D0N34" name="p44" srcActor="D0N25"/>
            <port dstActor="D0N44" name="p45" srcActor="D0N25"/>
            <port dstActor="D0N30" name="p46" srcActor="D0N25"/>
            <port dstActor="D0N35" name="p47" srcActor="D0N28"/>
            <port dstActor="D0N8" name="p48" srcActor="D0N6"/>
            <port dstActor="D0N33" name="p49" srcActor="D0N6"/>
            <port dstActor="D0N26" name="p50" srcActor="D0N6"/>
            <port dstActor="D0N14" name="p51" srcActor="D0N6"/>
            <port dstActor="D0N38" name="p52" srcActor="D0N7"/>
            <port dstActor="D0N42" name="p53" srcActor="D0N7"/>
            <port dstActor="D0N21" name="p54" srcActor="D0N7"/>
            <port dstActor="D0N16" name="p55" srcActor="D0N7"/>
            <port dstActor="D0N18" name="p56" srcActor="D0N7"/>
            <port dstActor="D0N40" name="p57" srcActor="D0N24"/>
            <port dstActor="D0N38" name="p58" srcActor="D0N24"/>
            <port dstActor="D0N12" name="p59" srcActor="D0N5"/>
            <port dstActor="D0N14" name="p60" srcActor="D0N5"/>
            <port dstActor="D0N46" name="p61" srcActor="D0N5"/>
            <port dstActor="D0N38" name="p62" srcActor="D0N29"/>
            <port dstActor="D0N33" name="p63" srcActor="D0N29"/>
            <port dstActor="D0N41" name="p64" srcActor="D0N29"/>
            <port dstActor="D0N42" name="p65" srcActor="D0N29"/>
            <port dstActor="D0N28" name="p66" srcActor="D0N23"/>
            <port dstActor="D0N27" name="p67" srcActor="D0N23"/>
            <port dstActor="D0N36" name="p68" srcActor="D0N23"/>
            <port dstActor="D0N40" name="p69" srcActor="D0N35"/>
            <port dstActor="D0N29" name="p70" srcActor="D0N16"/>
            <port dstActor="D0N36" name="p71" srcActor="D0N16"/>
            <port dstActor="D0N39" name="p72" srcActor="D0N16"/>
            <port dstActor="D0N35" name="p73" srcActor="D0N16"/>
            <port dstActor="D0N40" name="p74" srcActor="D0N16"/>
            <port dstActor="D0N38" name="p75" srcActor="D0N18"/>
            <port dstActor="D0N29" name="p76" srcActor="D0N18"/>
            <port dstActor="D0N43" name="p77" srcActor="D0N36"/>
            <port dstActor="D0N37" name="p78" srcActor="D0N36"/>
            <port dstActor="D0N38" name="p79" srcActor="D0N12"/>
            <port dstActor="D0N45" name="p80" srcActor="D0N12"/>
            <port dstActor="D0N24" name="p81" srcActor="D0N12"/>
            <port dstActor="D0N21" name="p82" srcActor="D0N12"/>
            <port dstActor="D0N30" name="p83" srcActor="D0N17"/>
            <port dstActor="D0N15" name="p84" srcActor="D0N3"/>
            <port dstActor="D0N19" name="p85" srcActor="D0N3"/>
            <port dstActor="D0N37" name="p86" srcActor="D0N3"/>
            <port dstActor="D0N41" name="p87" srcActor="D0N3"/>
            <port dstActor="D0N23" name="p88" srcActor="D0N3"/>
            <port dstActor="D0N20" name="p89" srcActor="D0N3"/>
            <port dstActor="D0N27" name="p90" srcActor="D0N3"/>
            <port dstActor="D0N34" name="p91" srcActor="D0N1"/>
            <port dstActor="D0N19" name="p92" srcActor="D0N1"/>
            <port dstActor="D0N31" name="p93" srcActor="D0N15"/>
            <port dstActor="D0N36" name="p94" srcActor="D0N15"/>
            <port dstActor="D0N22" name="p95" srcActor="D0N15"/>
            <port dstActor="D0N25" name="p96" srcActor="D0N15"/>
            <port dstActor="D0N35" name="p97" srcActor="D0N2"/>
            <port dstActor="D0N13" name="p98" srcActor="D0N2"/>
            <port dstActor="D0N42" name="p99" srcActor="D0N40"/>
            <port dstActor="D0N46" name="p100" srcActor="D0N42"/>
            <port dstActor="D0N44" name="p101" srcActor="D0N0"/>
            <port dstActor="D0N26" name="p102" srcActor="D0N0"/>
            <port dstActor="D0N19" name="p103" srcActor="D0N0"/>
            <port dstActor="D0N29" name="p104" srcActor="D0N0"/>
            <port dstActor="D0N9" name="p105" srcActor="D0N0"/>
            <port dstActor="D0N37" name="p106" srcActor="D0N0"/>
            <port dstActor="D0N32" name="p107" srcActor="D0N21"/>
            <port dstActor="D0N36" name="p108" srcActor="D0N21"/>
            <port dstActor="D0N43" name="p109" srcActor="D0N21"/>
            <port dstActor="D0N44" name="p110" srcActor="D0N26"/>
            <port dstActor="D0N47" name="p111" srcActor="D0N39"/>
            <port dstActor="D0N41" name="p112" srcActor="D0N27"/>
            <port dstActor="D0N42" name="p113" srcActor="D0N27"/>
            <port dstActor="D0N45" name="p114" srcActor="D0N27"/>
            <port dstActor="D0N34" name="p115" srcActor="D0N27"/>
            <port dstActor="D0N40" name="p116" srcActor="D0N27"/>
            <port dstActor="D0N34" name="p117" srcActor="D0N22"/>
            <port dstActor="D0N47" name="p118" srcActor="D0N22"/>
            <port dstActor="D0N23" name="p119" srcActor="D0N22"/>
            <port dstActor="D0N36" name="p120" srcActor="D0N22"/>
        </ports>
    </mcdag>
    <cores number="3"/>
    <levels number="2"/>
</mcsystem>
