<?xml version="1.0" encoding="UTF-8" standalone="no"?>
<mcsystem>
    <mcdag deadline="3000" name="genned-0-ed-10.0-0">
        <actor name="D0N17">
            <wcet number="0">70</wcet>
            <wcet number="1">140</wcet>
            <maxpow number="0.3178492834796639"/>
            <maxpow number="0.3178492834796639"/>
            <fprob>0.0</fprob>
        </actor>
        <actor name="D0N45">
            <wcet number="0">10</wcet>
            <wcet number="1">40</wcet>
            <maxpow number="0.5084781194623441"/>
            <maxpow number="0.5084781194623441"/>
            <fprob>0.0</fprob>
        </actor>
        <actor name="D0N11">
            <wcet number="0">90</wcet>
            <wcet number="1">120</wcet>
            <maxpow number="0.6270076116287587"/>
            <maxpow number="0.6270076116287587"/>
            <fprob>0.0</fprob>
        </actor>
        <actor name="D0N4">
            <wcet number="0">190</wcet>
            <wcet number="1">400</wcet>
            <maxpow number="0.37605758178775583"/>
            <maxpow number="0.37605758178775583"/>
            <fprob>0.0</fprob>
        </actor>
        <actor name="D0N31">
            <wcet number="0">110</wcet>
            <wcet number="1">140</wcet>
            <maxpow number="0.7211482373172563"/>
            <maxpow number="0.7211482373172563"/>
            <fprob>0.0</fprob>
        </actor>
        <actor name="D0N19">
            <wcet number="0">20</wcet>
            <wcet number="1">230</wcet>
            <maxpow number="0.7701808760673198"/>
            <maxpow number="0.7701808760673198"/>
            <fprob>0.0</fprob>
        </actor>
        <actor name="D0N35">
            <wcet number="0">30</wcet>
            <wcet number="1">50</wcet>
            <maxpow number="0.3914213051224221"/>
            <maxpow number="0.3914213051224221"/>
            <fprob>0.0</fprob>
        </actor>
        <actor name="D0N7">
            <wcet number="0">200</wcet>
            <wcet number="1">320</wcet>
            <maxpow number="0.41970986671920885"/>
            <maxpow number="0.41970986671920885"/>
            <fprob>0.0</fprob>
        </actor>
        <actor name="D0N48">
            <wcet number="0">90</wcet>
            <wcet number="1">100</wcet>
            <maxpow number="0.577926359861626"/>
            <maxpow number="0.577926359861626"/>
            <fprob>0.0</fprob>
        </actor>
        <actor name="D0N27">
            <wcet number="0">30</wcet>
            <wcet number="1">30</wcet>
            <maxpow number="0.7158318748288421"/>
            <maxpow number="0.7158318748288421"/>
            <fprob>0.0</fprob>
        </actor>
        <actor name="D0N24">
            <wcet number="0">50</wcet>
            <wcet number="1">90</wcet>
            <maxpow number="0.56178777847947"/>
            <maxpow number="0.56178777847947"/>
            <fprob>0.0</fprob>
        </actor>
        <actor name="D0N2">
            <wcet number="0">30</wcet>
            <wcet number="1">170</wcet>
            <maxpow number="0.1898184535552938"/>
            <maxpow number="0.1898184535552938"/>
            <fprob>0.0</fprob>
        </actor>
        <actor name="D0N49">
            <wcet number="0">10</wcet>
            <wcet number="1">350</wcet>
            <maxpow number="0.6426045624799711"/>
            <maxpow number="0.6426045624799711"/>
            <fprob>0.0</fprob>
        </actor>
        <actor name="D0N32">
            <wcet number="0">10</wcet>
            <wcet number="1">20</wcet>
            <maxpow number="0.7114943258682139"/>
            <maxpow number="0.7114943258682139"/>
            <fprob>0.0</fprob>
        </actor>
        <actor name="D0N15">
            <wcet number="0">40</wcet>
            <wcet number="1">80</wcet>
            <maxpow number="0.9276083685626417"/>
            <maxpow number="0.9276083685626417"/>
            <fprob>0.0</fprob>
        </actor>
        <actor name="D0N28">
            <wcet number="0">50</wcet>
            <wcet number="1">60</wcet>
            <maxpow number="0.8038223928205732"/>
            <maxpow number="0.8038223928205732"/>
            <fprob>0.0</fprob>
        </actor>
        <actor name="D0N39">
            <wcet number="0">20</wcet>
            <wcet number="1">50</wcet>
            <maxpow number="0.313563436958448"/>
            <maxpow number="0.313563436958448"/>
            <fprob>0.0</fprob>
        </actor>
        <actor name="D0N10">
            <wcet number="0">40</wcet>
            <wcet number="1">160</wcet>
            <maxpow number="0.7276890234864846"/>
            <maxpow number="0.7276890234864846"/>
            <fprob>0.0</fprob>
        </actor>
        <actor name="D0N36">
            <wcet number="0">10</wcet>
            <wcet number="1">10</wcet>
            <maxpow number="0.29002970779973425"/>
            <maxpow number="0.29002970779973425"/>
            <fprob>0.0</fprob>
        </actor>
        <actor name="D0N25">
            <wcet number="0">10</wcet>
            <wcet number="1">10</wcet>
            <maxpow number="0.4788434544132858"/>
            <maxpow number="0.4788434544132858"/>
            <fprob>0.0</fprob>
        </actor>
        <actor name="D0N22">
            <wcet number="0">70</wcet>
            <wcet number="1">100</wcet>
            <maxpow number="0.49069895408282854"/>
            <maxpow number="0.49069895408282854"/>
            <fprob>0.0</fprob>
        </actor>
        <actor name="D0N29">
            <wcet number="0">110</wcet>
            <wcet number="1">120</wcet>
            <maxpow number="0.6538547002413357"/>
            <maxpow number="0.6538547002413357"/>
            <fprob>0.0</fprob>
        </actor>
        <actor name="D0N1">
            <wcet number="0">100</wcet>
            <wcet number="1">120</wcet>
            <maxpow number="0.8483973132362328"/>
            <maxpow number="0.8483973132362328"/>
            <fprob>0.0</fprob>
        </actor>
        <actor name="D0N41">
            <wcet number="0">50</wcet>
            <wcet number="1">60</wcet>
            <maxpow number="0.8128378462173849"/>
            <maxpow number="0.8128378462173849"/>
            <fprob>0.0</fprob>
        </actor>
        <actor name="D0N0">
            <wcet number="0">10</wcet>
            <wcet number="1">10</wcet>
            <maxpow number="0.49811328241976527"/>
            <maxpow number="0.49811328241976527"/>
            <fprob>0.0</fprob>
        </actor>
        <actor name="D0N9">
            <wcet number="0">60</wcet>
            <wcet number="1">310</wcet>
            <maxpow number="0.48802435931045934"/>
            <maxpow number="0.48802435931045934"/>
            <fprob>0.0</fprob>
        </actor>
        <actor name="D0N47">
            <wcet number="0">50</wcet>
            <wcet number="1">50</wcet>
            <maxpow number="0.448907010614178"/>
            <maxpow number="0.448907010614178"/>
            <fprob>0.0</fprob>
        </actor>
        <actor name="D0N34">
            <wcet number="0">500</wcet>
            <wcet number="1">510</wcet>
            <maxpow number="0.36353330819767016"/>
            <maxpow number="0.36353330819767016"/>
            <fprob>0.0</fprob>
        </actor>
        <actor name="D0N6">
            <wcet number="0">40</wcet>
            <wcet number="1">40</wcet>
            <maxpow number="0.5306324843904838"/>
            <maxpow number="0.5306324843904838"/>
            <fprob>0.0</fprob>
        </actor>
        <actor name="D0N37">
            <wcet number="0">20</wcet>
            <wcet number="1">150</wcet>
            <maxpow number="0.4693169044452856"/>
            <maxpow number="0.4693169044452856"/>
            <fprob>0.0</fprob>
        </actor>
        <actor name="D0N21">
            <wcet number="0">10</wcet>
            <wcet number="1">50</wcet>
            <maxpow number="0.5178663339064825"/>
            <maxpow number="0.5178663339064825"/>
            <fprob>0.0</fprob>
        </actor>
        <actor name="D0N40">
            <wcet number="0">180</wcet>
            <wcet number="1">380</wcet>
            <maxpow number="0.34122806580394693"/>
            <maxpow number="0.34122806580394693"/>
            <fprob>0.0</fprob>
        </actor>
        <actor name="D0N18">
            <wcet number="0">30</wcet>
            <wcet number="1">60</wcet>
            <maxpow number="0.5581790058983632"/>
            <maxpow number="0.5581790058983632"/>
            <fprob>0.0</fprob>
        </actor>
        <actor name="D0N42">
            <wcet number="0">10</wcet>
            <wcet number="1">40</wcet>
            <maxpow number="0.42457633977701237"/>
            <maxpow number="0.42457633977701237"/>
            <fprob>0.0</fprob>
        </actor>
        <actor name="D0N46">
            <wcet number="0">270</wcet>
            <wcet number="1">270</wcet>
            <maxpow number="0.625128394453786"/>
            <maxpow number="0.625128394453786"/>
            <fprob>0.0</fprob>
        </actor>
        <actor name="D0N5">
            <wcet number="0">50</wcet>
            <wcet number="1">120</wcet>
            <maxpow number="0.29114752274747563"/>
            <maxpow number="0.29114752274747563"/>
            <fprob>0.0</fprob>
        </actor>
        <actor name="D0N8">
            <wcet number="0">130</wcet>
            <wcet number="1">130</wcet>
            <maxpow number="0.5658675793954834"/>
            <maxpow number="0.5658675793954834"/>
            <fprob>0.0</fprob>
        </actor>
        <actor name="D0N33">
            <wcet number="0">60</wcet>
            <wcet number="1">80</wcet>
            <maxpow number="0.6691480545179276"/>
            <maxpow number="0.6691480545179276"/>
            <fprob>0.0</fprob>
        </actor>
        <actor name="D0N20">
            <wcet number="0">220</wcet>
            <wcet number="1">220</wcet>
            <maxpow number="0.5413261816004729"/>
            <maxpow number="0.5413261816004729"/>
            <fprob>0.0</fprob>
        </actor>
        <actor name="D0N13">
            <wcet number="0">90</wcet>
            <wcet number="1">110</wcet>
            <maxpow number="0.3347054583671508"/>
            <maxpow number="0.3347054583671508"/>
            <fprob>0.0</fprob>
        </actor>
        <actor name="D0N12">
            <wcet number="0">30</wcet>
            <wcet number="1">60</wcet>
            <maxpow number="0.3762471448049861"/>
            <maxpow number="0.3762471448049861"/>
            <fprob>0.0</fprob>
        </actor>
        <actor name="D0N3">
            <wcet number="0">10</wcet>
            <wcet number="1">10</wcet>
            <maxpow number="0.47615485778103706"/>
            <maxpow number="0.47615485778103706"/>
            <fprob>0.0</fprob>
        </actor>
        <actor name="D0N30">
            <wcet number="0">100</wcet>
            <wcet number="1">120</wcet>
            <maxpow number="0.7802598309437032"/>
            <maxpow number="0.7802598309437032"/>
            <fprob>0.0</fprob>
        </actor>
        <actor name="D0N16">
            <wcet number="0">100</wcet>
            <wcet number="1">140</wcet>
            <maxpow number="0.3563822128900201"/>
            <maxpow number="0.3563822128900201"/>
            <fprob>0.0</fprob>
        </actor>
        <actor name="D0N26">
            <wcet number="0">130</wcet>
            <wcet number="1">130</wcet>
            <maxpow number="0.5417744268655562"/>
            <maxpow number="0.5417744268655562"/>
            <fprob>0.0</fprob>
        </actor>
        <actor name="D0N44">
            <wcet number="0">30</wcet>
            <wcet number="1">80</wcet>
            <maxpow number="0.35835356131041807"/>
            <maxpow number="0.35835356131041807"/>
            <fprob>0.0</fprob>
        </actor>
        <actor name="D0N38">
            <wcet number="0">40</wcet>
            <wcet number="1">130</wcet>
            <maxpow number="0.43889950435644853"/>
            <maxpow number="0.43889950435644853"/>
            <fprob>0.0</fprob>
        </actor>
        <actor name="D0N43">
            <wcet number="0">10</wcet>
            <wcet number="1">10</wcet>
            <maxpow number="0.2537091195392923"/>
            <maxpow number="0.2537091195392923"/>
            <fprob>0.0</fprob>
        </actor>
        <actor name="D0N14">
            <wcet number="0">20</wcet>
            <wcet number="1">230</wcet>
            <maxpow number="0.33343097222883905"/>
            <maxpow number="0.33343097222883905"/>
            <fprob>0.0</fprob>
        </actor>
        <actor name="D0N23">
            <wcet number="0">90</wcet>
            <wcet number="1">190</wcet>
            <maxpow number="0.8246166010617172"/>
            <maxpow number="0.8246166010617172"/>
            <fprob>0.0</fprob>
        </actor>
        <ports>
            <port dstActor="D0N23" name="p0" srcActor="D0N17"/>
            <port dstActor="D0N32" name="p1" srcActor="D0N17"/>
            <port dstActor="D0N41" name="p2" srcActor="D0N17"/>
            <port dstActor="D0N37" name="p3" srcActor="D0N17"/>
            <port dstActor="D0N49" name="p4" srcActor="D0N45"/>
            <port dstActor="D0N20" name="p5" srcActor="D0N11"/>
            <port dstActor="D0N27" name="p6" srcActor="D0N11"/>
            <port dstActor="D0N36" name="p7" srcActor="D0N11"/>
            <port dstActor="D0N15" name="p8" srcActor="D0N4"/>
            <port dstActor="D0N11" name="p9" srcActor="D0N4"/>
            <port dstActor="D0N9" name="p10" srcActor="D0N4"/>
            <port dstActor="D0N17" name="p11" srcActor="D0N4"/>
            <port dstActor="D0N48" name="p12" srcActor="D0N4"/>
            <port dstActor="D0N14" name="p13" srcActor="D0N4"/>
            <port dstActor="D0N40" name="p14" srcActor="D0N31"/>
            <port dstActor="D0N37" name="p15" srcActor="D0N31"/>
            <port dstActor="D0N49" name="p16" srcActor="D0N19"/>
            <port dstActor="D0N35" name="p17" srcActor="D0N19"/>
            <port dstActor="D0N46" name="p18" srcActor="D0N35"/>
            <port dstActor="D0N22" name="p19" srcActor="D0N7"/>
            <port dstActor="D0N40" name="p20" srcActor="D0N7"/>
            <port dstActor="D0N10" name="p21" srcActor="D0N7"/>
            <port dstActor="D0N35" name="p22" srcActor="D0N27"/>
            <port dstActor="D0N41" name="p23" srcActor="D0N24"/>
            <port dstActor="D0N41" name="p24" srcActor="D0N2"/>
            <port dstActor="D0N8" name="p25" srcActor="D0N2"/>
            <port dstActor="D0N30" name="p26" srcActor="D0N2"/>
            <port dstActor="D0N45" name="p27" srcActor="D0N2"/>
            <port dstActor="D0N46" name="p28" srcActor="D0N2"/>
            <port dstActor="D0N38" name="p29" srcActor="D0N32"/>
            <port dstActor="D0N16" name="p30" srcActor="D0N15"/>
            <port dstActor="D0N29" name="p31" srcActor="D0N15"/>
            <port dstActor="D0N33" name="p32" srcActor="D0N15"/>
            <port dstActor="D0N31" name="p33" srcActor="D0N28"/>
            <port dstActor="D0N33" name="p34" srcActor="D0N28"/>
            <port dstActor="D0N37" name="p35" srcActor="D0N28"/>
            <port dstActor="D0N40" name="p36" srcActor="D0N28"/>
            <port dstActor="D0N24" name="p37" srcActor="D0N10"/>
            <port dstActor="D0N49" name="p38" srcActor="D0N10"/>
            <port dstActor="D0N43" name="p39" srcActor="D0N10"/>
            <port dstActor="D0N43" name="p40" srcActor="D0N36"/>
            <port dstActor="D0N29" name="p41" srcActor="D0N25"/>
            <port dstActor="D0N27" name="p42" srcActor="D0N25"/>
            <port dstActor="D0N49" name="p43" srcActor="D0N25"/>
            <port dstActor="D0N31" name="p44" srcActor="D0N25"/>
            <port dstActor="D0N40" name="p45" srcActor="D0N25"/>
            <port dstActor="D0N38" name="p46" srcActor="D0N22"/>
            <port dstActor="D0N23" name="p47" srcActor="D0N22"/>
            <port dstActor="D0N33" name="p48" srcActor="D0N22"/>
            <port dstActor="D0N43" name="p49" srcActor="D0N22"/>
            <port dstActor="D0N41" name="p50" srcActor="D0N29"/>
            <port dstActor="D0N40" name="p51" srcActor="D0N29"/>
            <port dstActor="D0N37" name="p52" srcActor="D0N29"/>
            <port dstActor="D0N48" name="p53" srcActor="D0N1"/>
            <port dstActor="D0N37" name="p54" srcActor="D0N1"/>
            <port dstActor="D0N43" name="p55" srcActor="D0N1"/>
            <port dstActor="D0N19" name="p56" srcActor="D0N1"/>
            <port dstActor="D0N22" name="p57" srcActor="D0N1"/>
            <port dstActor="D0N42" name="p58" srcActor="D0N41"/>
            <port dstActor="D0N48" name="p59" srcActor="D0N41"/>
            <port dstActor="D0N23" name="p60" srcActor="D0N0"/>
            <port dstActor="D0N29" name="p61" srcActor="D0N0"/>
            <port dstActor="D0N27" name="p62" srcActor="D0N0"/>
            <port dstActor="D0N49" name="p63" srcActor="D0N0"/>
            <port dstActor="D0N18" name="p64" srcActor="D0N0"/>
            <port dstActor="D0N25" name="p65" srcActor="D0N0"/>
            <port dstActor="D0N19" name="p66" srcActor="D0N9"/>
            <port dstActor="D0N24" name="p67" srcActor="D0N9"/>
            <port dstActor="D0N20" name="p68" srcActor="D0N9"/>
            <port dstActor="D0N35" name="p69" srcActor="D0N34"/>
            <port dstActor="D0N43" name="p70" srcActor="D0N34"/>
            <port dstActor="D0N49" name="p71" srcActor="D0N34"/>
            <port dstActor="D0N44" name="p72" srcActor="D0N6"/>
            <port dstActor="D0N49" name="p73" srcActor="D0N6"/>
            <port dstActor="D0N8" name="p74" srcActor="D0N6"/>
            <port dstActor="D0N24" name="p75" srcActor="D0N6"/>
            <port dstActor="D0N33" name="p76" srcActor="D0N6"/>
            <port dstActor="D0N35" name="p77" srcActor="D0N6"/>
            <port dstActor="D0N12" name="p78" srcActor="D0N6"/>
            <port dstActor="D0N46" name="p79" srcActor="D0N37"/>
            <port dstActor="D0N48" name="p80" srcActor="D0N37"/>
            <port dstActor="D0N23" name="p81" srcActor="D0N21"/>
            <port dstActor="D0N46" name="p82" srcActor="D0N21"/>
            <port dstActor="D0N27" name="p83" srcActor="D0N21"/>
            <port dstActor="D0N23" name="p84" srcActor="D0N18"/>
            <port dstActor="D0N28" name="p85" srcActor="D0N18"/>
            <port dstActor="D0N36" name="p86" srcActor="D0N18"/>
            <port dstActor="D0N48" name="p87" srcActor="D0N18"/>
            <port dstActor="D0N44" name="p88" srcActor="D0N42"/>
            <port dstActor="D0N49" name="p89" srcActor="D0N46"/>
            <port dstActor="D0N18" name="p90" srcActor="D0N5"/>
            <port dstActor="D0N6" name="p91" srcActor="D0N5"/>
            <port dstActor="D0N45" name="p92" srcActor="D0N5"/>
            <port dstActor="D0N12" name="p93" srcActor="D0N5"/>
            <port dstActor="D0N26" name="p94" srcActor="D0N5"/>
            <port dstActor="D0N22" name="p95" srcActor="D0N8"/>
            <port dstActor="D0N30" name="p96" srcActor="D0N20"/>
            <port dstActor="D0N42" name="p97" srcActor="D0N20"/>
            <port dstActor="D0N40" name="p98" srcActor="D0N20"/>
            <port dstActor="D0N31" name="p99" srcActor="D0N20"/>
            <port dstActor="D0N33" name="p100" srcActor="D0N20"/>
            <port dstActor="D0N24" name="p101" srcActor="D0N20"/>
            <port dstActor="D0N35" name="p102" srcActor="D0N20"/>
            <port dstActor="D0N34" name="p103" srcActor="D0N20"/>
            <port dstActor="D0N32" name="p104" srcActor="D0N20"/>
            <port dstActor="D0N34" name="p105" srcActor="D0N13"/>
            <port dstActor="D0N24" name="p106" srcActor="D0N13"/>
            <port dstActor="D0N17" name="p107" srcActor="D0N13"/>
            <port dstActor="D0N31" name="p108" srcActor="D0N13"/>
            <port dstActor="D0N48" name="p109" srcActor="D0N12"/>
            <port dstActor="D0N30" name="p110" srcActor="D0N12"/>
            <port dstActor="D0N25" name="p111" srcActor="D0N12"/>
            <port dstActor="D0N18" name="p112" srcActor="D0N12"/>
            <port dstActor="D0N6" name="p113" srcActor="D0N3"/>
            <port dstActor="D0N25" name="p114" srcActor="D0N3"/>
            <port dstActor="D0N14" name="p115" srcActor="D0N3"/>
            <port dstActor="D0N23" name="p116" srcActor="D0N3"/>
            <port dstActor="D0N42" name="p117" srcActor="D0N3"/>
            <port dstActor="D0N27" name="p118" srcActor="D0N16"/>
            <port dstActor="D0N44" name="p119" srcActor="D0N38"/>
            <port dstActor="D0N39" name="p120" srcActor="D0N14"/>
            <port dstActor="D0N31" name="p121" srcActor="D0N14"/>
            <port dstActor="D0N38" name="p122" srcActor="D0N23"/>
        </ports>
    </mcdag>
    <cores number="3"/>
    <levels number="2"/>
</mcsystem>
