<?xml version="1.0" encoding="UTF-8" standalone="no"?>
<mcsystem>
    <mcdag deadline="2000" name="genned-0-ed-10.0-0">
        <actor name="D0N35">
            <wcet number="0">90</wcet>
            <wcet number="1">100</wcet>
            <maxpow number="0.3967901239153496"/>
            <maxpow number="0.3967901239153496"/>
            <fprob>0.0</fprob>
        </actor>
        <actor name="D0N8">
            <wcet number="0">50</wcet>
            <wcet number="1">100</wcet>
            <maxpow number="0.6955712341687048"/>
            <maxpow number="0.6955712341687048"/>
            <fprob>0.0</fprob>
        </actor>
        <actor name="D0N24">
            <wcet number="0">10</wcet>
            <wcet number="1">10</wcet>
            <maxpow number="0.6457640555357841"/>
            <maxpow number="0.6457640555357841"/>
            <fprob>0.0</fprob>
        </actor>
        <actor name="D0N47">
            <wcet number="0">90</wcet>
            <wcet number="1">120</wcet>
            <maxpow number="0.5160500643057084"/>
            <maxpow number="0.5160500643057084"/>
            <fprob>0.0</fprob>
        </actor>
        <actor name="D0N5">
            <wcet number="0">70</wcet>
            <wcet number="1">100</wcet>
            <maxpow number="0.7694256898196132"/>
            <maxpow number="0.7694256898196132"/>
            <fprob>0.0</fprob>
        </actor>
        <actor name="D0N3">
            <wcet number="0">100</wcet>
            <wcet number="1">100</wcet>
            <maxpow number="0.5195584990258248"/>
            <maxpow number="0.5195584990258248"/>
            <fprob>0.0</fprob>
        </actor>
        <actor name="D0N48">
            <wcet number="0">10</wcet>
            <wcet number="1">30</wcet>
            <maxpow number="0.3734092560024025"/>
            <maxpow number="0.3734092560024025"/>
            <fprob>0.0</fprob>
        </actor>
        <actor name="D0N38">
            <wcet number="0">10</wcet>
            <wcet number="1">10</wcet>
            <maxpow number="0.7205129541219863"/>
            <maxpow number="0.7205129541219863"/>
            <fprob>0.0</fprob>
        </actor>
        <actor name="D0N21">
            <wcet number="0">180</wcet>
            <wcet number="1">330</wcet>
            <maxpow number="0.5009609996453817"/>
            <maxpow number="0.5009609996453817"/>
            <fprob>0.0</fprob>
        </actor>
        <actor name="D0N30">
            <wcet number="0">20</wcet>
            <wcet number="1">20</wcet>
            <maxpow number="0.26313398658093723"/>
            <maxpow number="0.26313398658093723"/>
            <fprob>0.0</fprob>
        </actor>
        <actor name="D0N32">
            <wcet number="0">60</wcet>
            <wcet number="1">80</wcet>
            <maxpow number="0.6405621202740956"/>
            <maxpow number="0.6405621202740956"/>
            <fprob>0.0</fprob>
        </actor>
        <actor name="D0N7">
            <wcet number="0">20</wcet>
            <wcet number="1">40</wcet>
            <maxpow number="0.5228403394859183"/>
            <maxpow number="0.5228403394859183"/>
            <fprob>0.0</fprob>
        </actor>
        <actor name="D0N28">
            <wcet number="0">40</wcet>
            <wcet number="1">80</wcet>
            <maxpow number="0.3281969375044444"/>
            <maxpow number="0.3281969375044444"/>
            <fprob>0.0</fprob>
        </actor>
        <actor name="D0N11">
            <wcet number="0">120</wcet>
            <wcet number="1">220</wcet>
            <maxpow number="0.2568582849077577"/>
            <maxpow number="0.2568582849077577"/>
            <fprob>0.0</fprob>
        </actor>
        <actor name="D0N14">
            <wcet number="0">10</wcet>
            <wcet number="1">10</wcet>
            <maxpow number="0.4706023470025552"/>
            <maxpow number="0.4706023470025552"/>
            <fprob>0.0</fprob>
        </actor>
        <actor name="D0N31">
            <wcet number="0">10</wcet>
            <wcet number="1">10</wcet>
            <maxpow number="0.6422952796096325"/>
            <maxpow number="0.6422952796096325"/>
            <fprob>0.0</fprob>
        </actor>
        <actor name="D0N16">
            <wcet number="0">120</wcet>
            <wcet number="1">150</wcet>
            <maxpow number="0.3566405712789366"/>
            <maxpow number="0.3566405712789366"/>
            <fprob>0.0</fprob>
        </actor>
        <actor name="D0N9">
            <wcet number="0">90</wcet>
            <wcet number="1">110</wcet>
            <maxpow number="0.5633059456712048"/>
            <maxpow number="0.5633059456712048"/>
            <fprob>0.0</fprob>
        </actor>
        <actor name="D0N19">
            <wcet number="0">40</wcet>
            <wcet number="1">70</wcet>
            <maxpow number="0.6045438320111844"/>
            <maxpow number="0.6045438320111844"/>
            <fprob>0.0</fprob>
        </actor>
        <actor name="D0N41">
            <wcet number="0">30</wcet>
            <wcet number="1">70</wcet>
            <maxpow number="0.31640933968653895"/>
            <maxpow number="0.31640933968653895"/>
            <fprob>0.0</fprob>
        </actor>
        <actor name="D0N15">
            <wcet number="0">140</wcet>
            <wcet number="1">190</wcet>
            <maxpow number="0.49624039830465694"/>
            <maxpow number="0.49624039830465694"/>
            <fprob>0.0</fprob>
        </actor>
        <actor name="D0N6">
            <wcet number="0">60</wcet>
            <wcet number="1">100</wcet>
            <maxpow number="0.4276999279710295"/>
            <maxpow number="0.4276999279710295"/>
            <fprob>0.0</fprob>
        </actor>
        <actor name="D0N40">
            <wcet number="0">70</wcet>
            <wcet number="1">70</wcet>
            <maxpow number="0.3694246258591565"/>
            <maxpow number="0.3694246258591565"/>
            <fprob>0.0</fprob>
        </actor>
        <actor name="D0N0">
            <wcet number="0">110</wcet>
            <wcet number="1">130</wcet>
            <maxpow number="0.5993664364169524"/>
            <maxpow number="0.5993664364169524"/>
            <fprob>0.0</fprob>
        </actor>
        <actor name="D0N18">
            <wcet number="0">10</wcet>
            <wcet number="1">10</wcet>
            <maxpow number="0.5734698315054652"/>
            <maxpow number="0.5734698315054652"/>
            <fprob>0.0</fprob>
        </actor>
        <actor name="D0N46">
            <wcet number="0">100</wcet>
            <wcet number="1">120</wcet>
            <maxpow number="0.5829787005776549"/>
            <maxpow number="0.5829787005776549"/>
            <fprob>0.0</fprob>
        </actor>
        <actor name="D0N10">
            <wcet number="0">120</wcet>
            <wcet number="1">180</wcet>
            <maxpow number="0.42561855291733885"/>
            <maxpow number="0.42561855291733885"/>
            <fprob>0.0</fprob>
        </actor>
        <actor name="D0N22">
            <wcet number="0">10</wcet>
            <wcet number="1">10</wcet>
            <maxpow number="0.5459749345848833"/>
            <maxpow number="0.5459749345848833"/>
            <fprob>0.0</fprob>
        </actor>
        <actor name="D0N23">
            <wcet number="0">10</wcet>
            <wcet number="1">90</wcet>
            <maxpow number="0.7500822331939354"/>
            <maxpow number="0.7500822331939354"/>
            <fprob>0.0</fprob>
        </actor>
        <actor name="D0N12">
            <wcet number="0">50</wcet>
            <wcet number="1">50</wcet>
            <maxpow number="0.45747549027349776"/>
            <maxpow number="0.45747549027349776"/>
            <fprob>0.0</fprob>
        </actor>
        <actor name="D0N37">
            <wcet number="0">200</wcet>
            <wcet number="1">300</wcet>
            <maxpow number="0.5823595057252358"/>
            <maxpow number="0.5823595057252358"/>
            <fprob>0.0</fprob>
        </actor>
        <actor name="D0N43">
            <wcet number="0">80</wcet>
            <wcet number="1">110</wcet>
            <maxpow number="0.8240621947278812"/>
            <maxpow number="0.8240621947278812"/>
            <fprob>0.0</fprob>
        </actor>
        <actor name="D0N4">
            <wcet number="0">50</wcet>
            <wcet number="1">70</wcet>
            <maxpow number="0.5460679114415744"/>
            <maxpow number="0.5460679114415744"/>
            <fprob>0.0</fprob>
        </actor>
        <actor name="D0N44">
            <wcet number="0">60</wcet>
            <wcet number="1">220</wcet>
            <maxpow number="0.5371186093494871"/>
            <maxpow number="0.5371186093494871"/>
            <fprob>0.0</fprob>
        </actor>
        <actor name="D0N45">
            <wcet number="0">10</wcet>
            <wcet number="1">10</wcet>
            <maxpow number="0.7617940092900479"/>
            <maxpow number="0.7617940092900479"/>
            <fprob>0.0</fprob>
        </actor>
        <actor name="D0N27">
            <wcet number="0">330</wcet>
            <wcet number="1">500</wcet>
            <maxpow number="0.4186776654128047"/>
            <maxpow number="0.4186776654128047"/>
            <fprob>0.0</fprob>
        </actor>
        <actor name="D0N33">
            <wcet number="0">10</wcet>
            <wcet number="1">10</wcet>
            <maxpow number="0.28502471106704186"/>
            <maxpow number="0.28502471106704186"/>
            <fprob>0.0</fprob>
        </actor>
        <actor name="D0N29">
            <wcet number="0">50</wcet>
            <wcet number="1">80</wcet>
            <maxpow number="0.6875302255644966"/>
            <maxpow number="0.6875302255644966"/>
            <fprob>0.0</fprob>
        </actor>
        <actor name="D0N20">
            <wcet number="0">40</wcet>
            <wcet number="1">60</wcet>
            <maxpow number="0.7227548470455744"/>
            <maxpow number="0.7227548470455744"/>
            <fprob>0.0</fprob>
        </actor>
        <actor name="D0N36">
            <wcet number="0">10</wcet>
            <wcet number="1">20</wcet>
            <maxpow number="0.5454410257716472"/>
            <maxpow number="0.5454410257716472"/>
            <fprob>0.0</fprob>
        </actor>
        <actor name="D0N39">
            <wcet number="0">10</wcet>
            <wcet number="1">20</wcet>
            <maxpow number="0.5665208879066268"/>
            <maxpow number="0.5665208879066268"/>
            <fprob>0.0</fprob>
        </actor>
        <actor name="D0N34">
            <wcet number="0">80</wcet>
            <wcet number="1">120</wcet>
            <maxpow number="0.7776203839343196"/>
            <maxpow number="0.7776203839343196"/>
            <fprob>0.0</fprob>
        </actor>
        <actor name="D0N13">
            <wcet number="0">30</wcet>
            <wcet number="1">30</wcet>
            <maxpow number="0.0030942293937507026"/>
            <maxpow number="0.0030942293937507026"/>
            <fprob>0.0</fprob>
        </actor>
        <actor name="D0N1">
            <wcet number="0">80</wcet>
            <wcet number="1">130</wcet>
            <maxpow number="0.4414590449042315"/>
            <maxpow number="0.4414590449042315"/>
            <fprob>0.0</fprob>
        </actor>
        <actor name="D0N26">
            <wcet number="0">10</wcet>
            <wcet number="1">20</wcet>
            <maxpow number="0.9441163751652759"/>
            <maxpow number="0.9441163751652759"/>
            <fprob>0.0</fprob>
        </actor>
        <actor name="D0N17">
            <wcet number="0">10</wcet>
            <wcet number="1">10</wcet>
            <maxpow number="0.6304737116044203"/>
            <maxpow number="0.6304737116044203"/>
            <fprob>0.0</fprob>
        </actor>
        <actor name="D0N42">
            <wcet number="0">10</wcet>
            <wcet number="1">20</wcet>
            <maxpow number="0.38331952870623026"/>
            <maxpow number="0.38331952870623026"/>
            <fprob>0.0</fprob>
        </actor>
        <actor name="D0N2">
            <wcet number="0">50</wcet>
            <wcet number="1">60</wcet>
            <maxpow number="0.7322145847536972"/>
            <maxpow number="0.7322145847536972"/>
            <fprob>0.0</fprob>
        </actor>
        <actor name="D0N25">
            <wcet number="0">90</wcet>
            <wcet number="1">100</wcet>
            <maxpow number="0.5241612109613301"/>
            <maxpow number="0.5241612109613301"/>
            <fprob>0.0</fprob>
        </actor>
        <ports>
            <port dstActor="D0N36" name="p0" srcActor="D0N35"/>
            <port dstActor="D0N27" name="p1" srcActor="D0N8"/>
            <port dstActor="D0N11" name="p2" srcActor="D0N8"/>
            <port dstActor="D0N34" name="p3" srcActor="D0N8"/>
            <port dstActor="D0N25" name="p4" srcActor="D0N8"/>
            <port dstActor="D0N48" name="p5" srcActor="D0N5"/>
            <port dstActor="D0N24" name="p6" srcActor="D0N5"/>
            <port dstActor="D0N34" name="p7" srcActor="D0N5"/>
            <port dstActor="D0N37" name="p8" srcActor="D0N5"/>
            <port dstActor="D0N17" name="p9" srcActor="D0N5"/>
            <port dstActor="D0N23" name="p10" srcActor="D0N5"/>
            <port dstActor="D0N10" name="p11" srcActor="D0N3"/>
            <port dstActor="D0N32" name="p12" srcActor="D0N3"/>
            <port dstActor="D0N12" name="p13" srcActor="D0N3"/>
            <port dstActor="D0N43" name="p14" srcActor="D0N3"/>
            <port dstActor="D0N30" name="p15" srcActor="D0N3"/>
            <port dstActor="D0N36" name="p16" srcActor="D0N3"/>
            <port dstActor="D0N44" name="p17" srcActor="D0N38"/>
            <port dstActor="D0N48" name="p18" srcActor="D0N38"/>
            <port dstActor="D0N29" name="p19" srcActor="D0N21"/>
            <port dstActor="D0N27" name="p20" srcActor="D0N21"/>
            <port dstActor="D0N45" name="p21" srcActor="D0N21"/>
            <port dstActor="D0N34" name="p22" srcActor="D0N21"/>
            <port dstActor="D0N38" name="p23" srcActor="D0N30"/>
            <port dstActor="D0N39" name="p24" srcActor="D0N32"/>
            <port dstActor="D0N46" name="p25" srcActor="D0N32"/>
            <port dstActor="D0N41" name="p26" srcActor="D0N7"/>
            <port dstActor="D0N23" name="p27" srcActor="D0N7"/>
            <port dstActor="D0N26" name="p28" srcActor="D0N7"/>
            <port dstActor="D0N31" name="p29" srcActor="D0N7"/>
            <port dstActor="D0N35" name="p30" srcActor="D0N7"/>
            <port dstActor="D0N38" name="p31" srcActor="D0N7"/>
            <port dstActor="D0N32" name="p32" srcActor="D0N28"/>
            <port dstActor="D0N40" name="p33" srcActor="D0N28"/>
            <port dstActor="D0N44" name="p34" srcActor="D0N28"/>
            <port dstActor="D0N43" name="p35" srcActor="D0N28"/>
            <port dstActor="D0N39" name="p36" srcActor="D0N11"/>
            <port dstActor="D0N20" name="p37" srcActor="D0N11"/>
            <port dstActor="D0N23" name="p38" srcActor="D0N11"/>
            <port dstActor="D0N42" name="p39" srcActor="D0N11"/>
            <port dstActor="D0N45" name="p40" srcActor="D0N11"/>
            <port dstActor="D0N26" name="p41" srcActor="D0N11"/>
            <port dstActor="D0N15" name="p42" srcActor="D0N14"/>
            <port dstActor="D0N20" name="p43" srcActor="D0N14"/>
            <port dstActor="D0N32" name="p44" srcActor="D0N14"/>
            <port dstActor="D0N43" name="p45" srcActor="D0N14"/>
            <port dstActor="D0N38" name="p46" srcActor="D0N31"/>
            <port dstActor="D0N33" name="p47" srcActor="D0N16"/>
            <port dstActor="D0N32" name="p48" srcActor="D0N16"/>
            <port dstActor="D0N44" name="p49" srcActor="D0N9"/>
            <port dstActor="D0N40" name="p50" srcActor="D0N9"/>
            <port dstActor="D0N48" name="p51" srcActor="D0N9"/>
            <port dstActor="D0N47" name="p52" srcActor="D0N9"/>
            <port dstActor="D0N34" name="p53" srcActor="D0N19"/>
            <port dstActor="D0N22" name="p54" srcActor="D0N19"/>
            <port dstActor="D0N30" name="p55" srcActor="D0N19"/>
            <port dstActor="D0N26" name="p56" srcActor="D0N15"/>
            <port dstActor="D0N16" name="p57" srcActor="D0N15"/>
            <port dstActor="D0N40" name="p58" srcActor="D0N6"/>
            <port dstActor="D0N9" name="p59" srcActor="D0N6"/>
            <port dstActor="D0N21" name="p60" srcActor="D0N0"/>
            <port dstActor="D0N36" name="p61" srcActor="D0N0"/>
            <port dstActor="D0N2" name="p62" srcActor="D0N0"/>
            <port dstActor="D0N15" name="p63" srcActor="D0N0"/>
            <port dstActor="D0N27" name="p64" srcActor="D0N18"/>
            <port dstActor="D0N40" name="p65" srcActor="D0N18"/>
            <port dstActor="D0N21" name="p66" srcActor="D0N18"/>
            <port dstActor="D0N47" name="p67" srcActor="D0N46"/>
            <port dstActor="D0N37" name="p68" srcActor="D0N10"/>
            <port dstActor="D0N42" name="p69" srcActor="D0N10"/>
            <port dstActor="D0N33" name="p70" srcActor="D0N10"/>
            <port dstActor="D0N43" name="p71" srcActor="D0N10"/>
            <port dstActor="D0N48" name="p72" srcActor="D0N10"/>
            <port dstActor="D0N28" name="p73" srcActor="D0N22"/>
            <port dstActor="D0N45" name="p74" srcActor="D0N23"/>
            <port dstActor="D0N33" name="p75" srcActor="D0N23"/>
            <port dstActor="D0N29" name="p76" srcActor="D0N23"/>
            <port dstActor="D0N34" name="p77" srcActor="D0N23"/>
            <port dstActor="D0N40" name="p78" srcActor="D0N23"/>
            <port dstActor="D0N15" name="p79" srcActor="D0N12"/>
            <port dstActor="D0N16" name="p80" srcActor="D0N12"/>
            <port dstActor="D0N25" name="p81" srcActor="D0N12"/>
            <port dstActor="D0N18" name="p82" srcActor="D0N12"/>
            <port dstActor="D0N39" name="p83" srcActor="D0N12"/>
            <port dstActor="D0N43" name="p84" srcActor="D0N12"/>
            <port dstActor="D0N47" name="p85" srcActor="D0N37"/>
            <port dstActor="D0N44" name="p86" srcActor="D0N43"/>
            <port dstActor="D0N18" name="p87" srcActor="D0N4"/>
            <port dstActor="D0N41" name="p88" srcActor="D0N4"/>
            <port dstActor="D0N48" name="p89" srcActor="D0N4"/>
            <port dstActor="D0N7" name="p90" srcActor="D0N4"/>
            <port dstActor="D0N45" name="p91" srcActor="D0N4"/>
            <port dstActor="D0N47" name="p92" srcActor="D0N45"/>
            <port dstActor="D0N37" name="p93" srcActor="D0N27"/>
            <port dstActor="D0N47" name="p94" srcActor="D0N27"/>
            <port dstActor="D0N41" name="p95" srcActor="D0N27"/>
            <port dstActor="D0N48" name="p96" srcActor="D0N33"/>
            <port dstActor="D0N38" name="p97" srcActor="D0N29"/>
            <port dstActor="D0N37" name="p98" srcActor="D0N29"/>
            <port dstActor="D0N32" name="p99" srcActor="D0N29"/>
            <port dstActor="D0N39" name="p100" srcActor="D0N29"/>
            <port dstActor="D0N40" name="p101" srcActor="D0N20"/>
            <port dstActor="D0N37" name="p102" srcActor="D0N34"/>
            <port dstActor="D0N35" name="p103" srcActor="D0N34"/>
            <port dstActor="D0N36" name="p104" srcActor="D0N34"/>
            <port dstActor="D0N26" name="p105" srcActor="D0N13"/>
            <port dstActor="D0N45" name="p106" srcActor="D0N13"/>
            <port dstActor="D0N47" name="p107" srcActor="D0N13"/>
            <port dstActor="D0N24" name="p108" srcActor="D0N1"/>
            <port dstActor="D0N2" name="p109" srcActor="D0N1"/>
            <port dstActor="D0N41" name="p110" srcActor="D0N1"/>
            <port dstActor="D0N46" name="p111" srcActor="D0N1"/>
            <port dstActor="D0N12" name="p112" srcActor="D0N1"/>
            <port dstActor="D0N32" name="p113" srcActor="D0N26"/>
            <port dstActor="D0N48" name="p114" srcActor="D0N26"/>
            <port dstActor="D0N40" name="p115" srcActor="D0N26"/>
            <port dstActor="D0N43" name="p116" srcActor="D0N26"/>
            <port dstActor="D0N32" name="p117" srcActor="D0N17"/>
            <port dstActor="D0N35" name="p118" srcActor="D0N17"/>
            <port dstActor="D0N36" name="p119" srcActor="D0N17"/>
            <port dstActor="D0N18" name="p120" srcActor="D0N17"/>
            <port dstActor="D0N37" name="p121" srcActor="D0N2"/>
            <port dstActor="D0N38" name="p122" srcActor="D0N2"/>
            <port dstActor="D0N41" name="p123" srcActor="D0N2"/>
            <port dstActor="D0N44" name="p124" srcActor="D0N25"/>
        </ports>
    </mcdag>
    <cores number="3"/>
    <levels number="2"/>
</mcsystem>
