<?xml version="1.0" encoding="UTF-8" standalone="no"?>
<mcsystem>
    <mcdag deadline="1500" name="genned-0-ed-10.0-0">
        <actor name="D0N31">
            <wcet number="0">10</wcet>
            <wcet number="1">20</wcet>
            <maxpow number="0.42461055893931376"/>
            <maxpow number="0.42461055893931376"/>
            <fprob>0.0</fprob>
        </actor>
        <actor name="D0N35">
            <wcet number="0">10</wcet>
            <wcet number="1">50</wcet>
            <maxpow number="0.5897986314142555"/>
            <maxpow number="0.5897986314142555"/>
            <fprob>0.0</fprob>
        </actor>
        <actor name="D0N14">
            <wcet number="0">50</wcet>
            <wcet number="1">80</wcet>
            <maxpow number="0.5470232971618678"/>
            <maxpow number="0.5470232971618678"/>
            <fprob>0.0</fprob>
        </actor>
        <actor name="D0N18">
            <wcet number="0">70</wcet>
            <wcet number="1">90</wcet>
            <maxpow number="0.6498013483934606"/>
            <maxpow number="0.6498013483934606"/>
            <fprob>0.0</fprob>
        </actor>
        <actor name="D0N24">
            <wcet number="0">10</wcet>
            <wcet number="1">30</wcet>
            <maxpow number="0.7827814835208962"/>
            <maxpow number="0.7827814835208962"/>
            <fprob>0.0</fprob>
        </actor>
        <actor name="D0N34">
            <wcet number="0">10</wcet>
            <wcet number="1">10</wcet>
            <maxpow number="0.42655112815375285"/>
            <maxpow number="0.42655112815375285"/>
            <fprob>0.0</fprob>
        </actor>
        <actor name="D0N41">
            <wcet number="0">10</wcet>
            <wcet number="1">110</wcet>
            <maxpow number="0.37197795711659165"/>
            <maxpow number="0.37197795711659165"/>
            <fprob>0.0</fprob>
        </actor>
        <actor name="D0N11">
            <wcet number="0">30</wcet>
            <wcet number="1">100</wcet>
            <maxpow number="0.8352742724055809"/>
            <maxpow number="0.8352742724055809"/>
            <fprob>0.0</fprob>
        </actor>
        <actor name="D0N7">
            <wcet number="0">110</wcet>
            <wcet number="1">130</wcet>
            <maxpow number="0.35894205347512587"/>
            <maxpow number="0.35894205347512587"/>
            <fprob>0.0</fprob>
        </actor>
        <actor name="D0N21">
            <wcet number="0">80</wcet>
            <wcet number="1">80</wcet>
            <maxpow number="0.5438130482569266"/>
            <maxpow number="0.5438130482569266"/>
            <fprob>0.0</fprob>
        </actor>
        <actor name="D0N43">
            <wcet number="0">170</wcet>
            <wcet number="1">170</wcet>
            <maxpow number="0.8140252401638748"/>
            <maxpow number="0.8140252401638748"/>
            <fprob>0.0</fprob>
        </actor>
        <actor name="D0N13">
            <wcet number="0">10</wcet>
            <wcet number="1">10</wcet>
            <maxpow number="0.4780309350668279"/>
            <maxpow number="0.4780309350668279"/>
            <fprob>0.0</fprob>
        </actor>
        <actor name="D0N33">
            <wcet number="0">70</wcet>
            <wcet number="1">80</wcet>
            <maxpow number="0.35084011032601214"/>
            <maxpow number="0.35084011032601214"/>
            <fprob>0.0</fprob>
        </actor>
        <actor name="D0N37">
            <wcet number="0">20</wcet>
            <wcet number="1">70</wcet>
            <maxpow number="0.4912106439571595"/>
            <maxpow number="0.4912106439571595"/>
            <fprob>0.0</fprob>
        </actor>
        <actor name="D0N22">
            <wcet number="0">10</wcet>
            <wcet number="1">10</wcet>
            <maxpow number="0.6908188646933082"/>
            <maxpow number="0.6908188646933082"/>
            <fprob>0.0</fprob>
        </actor>
        <actor name="D0N6">
            <wcet number="0">20</wcet>
            <wcet number="1">50</wcet>
            <maxpow number="0.35167765537159423"/>
            <maxpow number="0.35167765537159423"/>
            <fprob>0.0</fprob>
        </actor>
        <actor name="D0N0">
            <wcet number="0">10</wcet>
            <wcet number="1">30</wcet>
            <maxpow number="0.931106206554362"/>
            <maxpow number="0.931106206554362"/>
            <fprob>0.0</fprob>
        </actor>
        <actor name="D0N19">
            <wcet number="0">40</wcet>
            <wcet number="1">100</wcet>
            <maxpow number="0.6484437163515125"/>
            <maxpow number="0.6484437163515125"/>
            <fprob>0.0</fprob>
        </actor>
        <actor name="D0N8">
            <wcet number="0">20</wcet>
            <wcet number="1">90</wcet>
            <maxpow number="0.7116509831907218"/>
            <maxpow number="0.7116509831907218"/>
            <fprob>0.0</fprob>
        </actor>
        <actor name="D0N20">
            <wcet number="0">20</wcet>
            <wcet number="1">50</wcet>
            <maxpow number="0.9912824046384159"/>
            <maxpow number="0.9912824046384159"/>
            <fprob>0.0</fprob>
        </actor>
        <actor name="D0N30">
            <wcet number="0">20</wcet>
            <wcet number="1">20</wcet>
            <maxpow number="0.5208225723565125"/>
            <maxpow number="0.5208225723565125"/>
            <fprob>0.0</fprob>
        </actor>
        <actor name="D0N3">
            <wcet number="0">10</wcet>
            <wcet number="1">40</wcet>
            <maxpow number="0.7093439227047302"/>
            <maxpow number="0.7093439227047302"/>
            <fprob>0.0</fprob>
        </actor>
        <actor name="D0N27">
            <wcet number="0">190</wcet>
            <wcet number="1">240</wcet>
            <maxpow number="0.37113933788292297"/>
            <maxpow number="0.37113933788292297"/>
            <fprob>0.0</fprob>
        </actor>
        <actor name="D0N28">
            <wcet number="0">20</wcet>
            <wcet number="1">30</wcet>
            <maxpow number="0.8015940765399734"/>
            <maxpow number="0.8015940765399734"/>
            <fprob>0.0</fprob>
        </actor>
        <actor name="D0N38">
            <wcet number="0">10</wcet>
            <wcet number="1">10</wcet>
            <maxpow number="0.4990989448622557"/>
            <maxpow number="0.4990989448622557"/>
            <fprob>0.0</fprob>
        </actor>
        <actor name="D0N45">
            <wcet number="0">20</wcet>
            <wcet number="1">20</wcet>
            <maxpow number="0.6545590671304501"/>
            <maxpow number="0.6545590671304501"/>
            <fprob>0.0</fprob>
        </actor>
        <actor name="D0N40">
            <wcet number="0">20</wcet>
            <wcet number="1">40</wcet>
            <maxpow number="0.033682737184655975"/>
            <maxpow number="0.033682737184655975"/>
            <fprob>0.0</fprob>
        </actor>
        <actor name="D0N15">
            <wcet number="0">80</wcet>
            <wcet number="1">110</wcet>
            <maxpow number="0.4910381128428089"/>
            <maxpow number="0.4910381128428089"/>
            <fprob>0.0</fprob>
        </actor>
        <actor name="D0N42">
            <wcet number="0">20</wcet>
            <wcet number="1">70</wcet>
            <maxpow number="0.5661031830734253"/>
            <maxpow number="0.5661031830734253"/>
            <fprob>0.0</fprob>
        </actor>
        <actor name="D0N23">
            <wcet number="0">80</wcet>
            <wcet number="1">100</wcet>
            <maxpow number="0.545577306984385"/>
            <maxpow number="0.545577306984385"/>
            <fprob>0.0</fprob>
        </actor>
        <actor name="D0N16">
            <wcet number="0">10</wcet>
            <wcet number="1">50</wcet>
            <maxpow number="0.8386444562441497"/>
            <maxpow number="0.8386444562441497"/>
            <fprob>0.0</fprob>
        </actor>
        <actor name="D0N1">
            <wcet number="0">200</wcet>
            <wcet number="1">240</wcet>
            <maxpow number="0.5704295282892268"/>
            <maxpow number="0.5704295282892268"/>
            <fprob>0.0</fprob>
        </actor>
        <actor name="D0N39">
            <wcet number="0">10</wcet>
            <wcet number="1">30</wcet>
            <maxpow number="0.21726706765372839"/>
            <maxpow number="0.21726706765372839"/>
            <fprob>0.0</fprob>
        </actor>
        <actor name="D0N47">
            <wcet number="0">10</wcet>
            <wcet number="1">40</wcet>
            <maxpow number="0.7060494968636442"/>
            <maxpow number="0.7060494968636442"/>
            <fprob>0.0</fprob>
        </actor>
        <actor name="D0N5">
            <wcet number="0">10</wcet>
            <wcet number="1">20</wcet>
            <maxpow number="0.5803639094519811"/>
            <maxpow number="0.5803639094519811"/>
            <fprob>0.0</fprob>
        </actor>
        <actor name="D0N2">
            <wcet number="0">70</wcet>
            <wcet number="1">110</wcet>
            <maxpow number="0.42047101417399413"/>
            <maxpow number="0.42047101417399413"/>
            <fprob>0.0</fprob>
        </actor>
        <actor name="D0N10">
            <wcet number="0">10</wcet>
            <wcet number="1">10</wcet>
            <maxpow number="0.6010005712345969"/>
            <maxpow number="0.6010005712345969"/>
            <fprob>0.0</fprob>
        </actor>
        <actor name="D0N29">
            <wcet number="0">10</wcet>
            <wcet number="1">20</wcet>
            <maxpow number="0.37163613438949755"/>
            <maxpow number="0.37163613438949755"/>
            <fprob>0.0</fprob>
        </actor>
        <actor name="D0N36">
            <wcet number="0">20</wcet>
            <wcet number="1">40</wcet>
            <maxpow number="0.09330041959733515"/>
            <maxpow number="0.09330041959733515"/>
            <fprob>0.0</fprob>
        </actor>
        <actor name="D0N12">
            <wcet number="0">10</wcet>
            <wcet number="1">20</wcet>
            <maxpow number="0.8873705118595758"/>
            <maxpow number="0.8873705118595758"/>
            <fprob>0.0</fprob>
        </actor>
        <actor name="D0N46">
            <wcet number="0">120</wcet>
            <wcet number="1">140</wcet>
            <maxpow number="0.5898179100438227"/>
            <maxpow number="0.5898179100438227"/>
            <fprob>0.0</fprob>
        </actor>
        <actor name="D0N32">
            <wcet number="0">30</wcet>
            <wcet number="1">170</wcet>
            <maxpow number="0.3901700872108844"/>
            <maxpow number="0.3901700872108844"/>
            <fprob>0.0</fprob>
        </actor>
        <actor name="D0N25">
            <wcet number="0">40</wcet>
            <wcet number="1">120</wcet>
            <maxpow number="0.5644437037664299"/>
            <maxpow number="0.5644437037664299"/>
            <fprob>0.0</fprob>
        </actor>
        <actor name="D0N9">
            <wcet number="0">60</wcet>
            <wcet number="1">90</wcet>
            <maxpow number="0.43260130631770616"/>
            <maxpow number="0.43260130631770616"/>
            <fprob>0.0</fprob>
        </actor>
        <actor name="D0N4">
            <wcet number="0">40</wcet>
            <wcet number="1">50</wcet>
            <maxpow number="0.5450630625203652"/>
            <maxpow number="0.5450630625203652"/>
            <fprob>0.0</fprob>
        </actor>
        <actor name="D0N44">
            <wcet number="0">40</wcet>
            <wcet number="1">50</wcet>
            <maxpow number="0.8509914035411931"/>
            <maxpow number="0.8509914035411931"/>
            <fprob>0.0</fprob>
        </actor>
        <actor name="D0N17">
            <wcet number="0">20</wcet>
            <wcet number="1">20</wcet>
            <maxpow number="0.6795252113365345"/>
            <maxpow number="0.6795252113365345"/>
            <fprob>0.0</fprob>
        </actor>
        <actor name="D0N26">
            <wcet number="0">10</wcet>
            <wcet number="1">40</wcet>
            <maxpow number="0.47885640860724865"/>
            <maxpow number="0.47885640860724865"/>
            <fprob>0.0</fprob>
        </actor>
        <ports>
            <port dstActor="D0N28" name="p0" srcActor="D0N14"/>
            <port dstActor="D0N41" name="p1" srcActor="D0N14"/>
            <port dstActor="D0N37" name="p2" srcActor="D0N14"/>
            <port dstActor="D0N19" name="p3" srcActor="D0N18"/>
            <port dstActor="D0N37" name="p4" srcActor="D0N18"/>
            <port dstActor="D0N22" name="p5" srcActor="D0N18"/>
            <port dstActor="D0N39" name="p6" srcActor="D0N18"/>
            <port dstActor="D0N30" name="p7" srcActor="D0N24"/>
            <port dstActor="D0N42" name="p8" srcActor="D0N24"/>
            <port dstActor="D0N20" name="p9" srcActor="D0N11"/>
            <port dstActor="D0N15" name="p10" srcActor="D0N11"/>
            <port dstActor="D0N38" name="p11" srcActor="D0N11"/>
            <port dstActor="D0N21" name="p12" srcActor="D0N11"/>
            <port dstActor="D0N34" name="p13" srcActor="D0N7"/>
            <port dstActor="D0N29" name="p14" srcActor="D0N21"/>
            <port dstActor="D0N22" name="p15" srcActor="D0N21"/>
            <port dstActor="D0N41" name="p16" srcActor="D0N21"/>
            <port dstActor="D0N46" name="p17" srcActor="D0N13"/>
            <port dstActor="D0N19" name="p18" srcActor="D0N13"/>
            <port dstActor="D0N43" name="p19" srcActor="D0N13"/>
            <port dstActor="D0N36" name="p20" srcActor="D0N33"/>
            <port dstActor="D0N38" name="p21" srcActor="D0N33"/>
            <port dstActor="D0N46" name="p22" srcActor="D0N37"/>
            <port dstActor="D0N24" name="p23" srcActor="D0N22"/>
            <port dstActor="D0N31" name="p24" srcActor="D0N22"/>
            <port dstActor="D0N33" name="p25" srcActor="D0N22"/>
            <port dstActor="D0N30" name="p26" srcActor="D0N22"/>
            <port dstActor="D0N43" name="p27" srcActor="D0N6"/>
            <port dstActor="D0N37" name="p28" srcActor="D0N0"/>
            <port dstActor="D0N25" name="p29" srcActor="D0N0"/>
            <port dstActor="D0N43" name="p30" srcActor="D0N0"/>
            <port dstActor="D0N28" name="p31" srcActor="D0N19"/>
            <port dstActor="D0N45" name="p32" srcActor="D0N8"/>
            <port dstActor="D0N15" name="p33" srcActor="D0N8"/>
            <port dstActor="D0N31" name="p34" srcActor="D0N8"/>
            <port dstActor="D0N41" name="p35" srcActor="D0N8"/>
            <port dstActor="D0N46" name="p36" srcActor="D0N8"/>
            <port dstActor="D0N32" name="p37" srcActor="D0N8"/>
            <port dstActor="D0N14" name="p38" srcActor="D0N8"/>
            <port dstActor="D0N46" name="p39" srcActor="D0N20"/>
            <port dstActor="D0N34" name="p40" srcActor="D0N20"/>
            <port dstActor="D0N23" name="p41" srcActor="D0N20"/>
            <port dstActor="D0N30" name="p42" srcActor="D0N20"/>
            <port dstActor="D0N37" name="p43" srcActor="D0N30"/>
            <port dstActor="D0N33" name="p44" srcActor="D0N3"/>
            <port dstActor="D0N40" name="p45" srcActor="D0N3"/>
            <port dstActor="D0N25" name="p46" srcActor="D0N3"/>
            <port dstActor="D0N43" name="p47" srcActor="D0N3"/>
            <port dstActor="D0N26" name="p48" srcActor="D0N3"/>
            <port dstActor="D0N35" name="p49" srcActor="D0N27"/>
            <port dstActor="D0N30" name="p50" srcActor="D0N27"/>
            <port dstActor="D0N40" name="p51" srcActor="D0N28"/>
            <port dstActor="D0N44" name="p52" srcActor="D0N38"/>
            <port dstActor="D0N46" name="p53" srcActor="D0N15"/>
            <port dstActor="D0N24" name="p54" srcActor="D0N15"/>
            <port dstActor="D0N35" name="p55" srcActor="D0N15"/>
            <port dstActor="D0N45" name="p56" srcActor="D0N15"/>
            <port dstActor="D0N47" name="p57" srcActor="D0N42"/>
            <port dstActor="D0N43" name="p58" srcActor="D0N42"/>
            <port dstActor="D0N24" name="p59" srcActor="D0N23"/>
            <port dstActor="D0N46" name="p60" srcActor="D0N16"/>
            <port dstActor="D0N46" name="p61" srcActor="D0N1"/>
            <port dstActor="D0N16" name="p62" srcActor="D0N1"/>
            <port dstActor="D0N28" name="p63" srcActor="D0N1"/>
            <port dstActor="D0N43" name="p64" srcActor="D0N1"/>
            <port dstActor="D0N14" name="p65" srcActor="D0N1"/>
            <port dstActor="D0N44" name="p66" srcActor="D0N39"/>
            <port dstActor="D0N42" name="p67" srcActor="D0N39"/>
            <port dstActor="D0N45" name="p68" srcActor="D0N5"/>
            <port dstActor="D0N24" name="p69" srcActor="D0N5"/>
            <port dstActor="D0N42" name="p70" srcActor="D0N5"/>
            <port dstActor="D0N35" name="p71" srcActor="D0N5"/>
            <port dstActor="D0N8" name="p72" srcActor="D0N5"/>
            <port dstActor="D0N26" name="p73" srcActor="D0N2"/>
            <port dstActor="D0N44" name="p74" srcActor="D0N2"/>
            <port dstActor="D0N7" name="p75" srcActor="D0N2"/>
            <port dstActor="D0N4" name="p76" srcActor="D0N2"/>
            <port dstActor="D0N18" name="p77" srcActor="D0N2"/>
            <port dstActor="D0N40" name="p78" srcActor="D0N2"/>
            <port dstActor="D0N12" name="p79" srcActor="D0N2"/>
            <port dstActor="D0N22" name="p80" srcActor="D0N2"/>
            <port dstActor="D0N36" name="p81" srcActor="D0N10"/>
            <port dstActor="D0N39" name="p82" srcActor="D0N10"/>
            <port dstActor="D0N33" name="p83" srcActor="D0N10"/>
            <port dstActor="D0N44" name="p84" srcActor="D0N29"/>
            <port dstActor="D0N41" name="p85" srcActor="D0N36"/>
            <port dstActor="D0N24" name="p86" srcActor="D0N12"/>
            <port dstActor="D0N23" name="p87" srcActor="D0N12"/>
            <port dstActor="D0N47" name="p88" srcActor="D0N12"/>
            <port dstActor="D0N28" name="p89" srcActor="D0N12"/>
            <port dstActor="D0N46" name="p90" srcActor="D0N32"/>
            <port dstActor="D0N37" name="p91" srcActor="D0N25"/>
            <port dstActor="D0N40" name="p92" srcActor="D0N25"/>
            <port dstActor="D0N29" name="p93" srcActor="D0N25"/>
            <port dstActor="D0N20" name="p94" srcActor="D0N9"/>
            <port dstActor="D0N33" name="p95" srcActor="D0N9"/>
            <port dstActor="D0N40" name="p96" srcActor="D0N9"/>
            <port dstActor="D0N17" name="p97" srcActor="D0N4"/>
            <port dstActor="D0N33" name="p98" srcActor="D0N4"/>
            <port dstActor="D0N37" name="p99" srcActor="D0N17"/>
            <port dstActor="D0N31" name="p100" srcActor="D0N17"/>
            <port dstActor="D0N27" name="p101" srcActor="D0N17"/>
            <port dstActor="D0N34" name="p102" srcActor="D0N26"/>
            <port dstActor="D0N40" name="p103" srcActor="D0N26"/>
        </ports>
    </mcdag>
    <cores number="3"/>
    <levels number="2"/>
</mcsystem>
