<?xml version="1.0" encoding="UTF-8" standalone="no"?>
<mcsystem>
    <mcdag deadline="1200" name="genned-0-ed-10.0-0">
        <actor name="D0N31">
            <wcet number="0">60</wcet>
            <wcet number="1">110</wcet>
            <maxpow number="0.7441517593851763"/>
            <maxpow number="0.7441517593851763"/>
            <fprob>0.0</fprob>
        </actor>
        <actor name="D0N1">
            <wcet number="0">30</wcet>
            <wcet number="1">40</wcet>
            <maxpow number="0.18837215499299392"/>
            <maxpow number="0.18837215499299392"/>
            <fprob>0.0</fprob>
        </actor>
        <actor name="D0N0">
            <wcet number="0">60</wcet>
            <wcet number="1">80</wcet>
            <maxpow number="0.5158189541249282"/>
            <maxpow number="0.5158189541249282"/>
            <fprob>0.0</fprob>
        </actor>
        <actor name="D0N34">
            <wcet number="0">10</wcet>
            <wcet number="1">50</wcet>
            <maxpow number="0.7228279839913083"/>
            <maxpow number="0.7228279839913083"/>
            <fprob>0.0</fprob>
        </actor>
        <actor name="D0N4">
            <wcet number="0">80</wcet>
            <wcet number="1">190</wcet>
            <maxpow number="0.5614035391513074"/>
            <maxpow number="0.5614035391513074"/>
            <fprob>0.0</fprob>
        </actor>
        <actor name="D0N5">
            <wcet number="0">10</wcet>
            <wcet number="1">20</wcet>
            <maxpow number="0.2517929486351704"/>
            <maxpow number="0.2517929486351704"/>
            <fprob>0.0</fprob>
        </actor>
        <actor name="D0N28">
            <wcet number="0">20</wcet>
            <wcet number="1">20</wcet>
            <maxpow number="0.32618404187890193"/>
            <maxpow number="0.32618404187890193"/>
            <fprob>0.0</fprob>
        </actor>
        <actor name="D0N12">
            <wcet number="0">40</wcet>
            <wcet number="1">40</wcet>
            <maxpow number="0.5946621983081886"/>
            <maxpow number="0.5946621983081886"/>
            <fprob>0.0</fprob>
        </actor>
        <actor name="D0N33">
            <wcet number="0">60</wcet>
            <wcet number="1">70</wcet>
            <maxpow number="0.334569543749494"/>
            <maxpow number="0.334569543749494"/>
            <fprob>0.0</fprob>
        </actor>
        <actor name="D0N38">
            <wcet number="0">10</wcet>
            <wcet number="1">10</wcet>
            <maxpow number="0.5382701971247374"/>
            <maxpow number="0.5382701971247374"/>
            <fprob>0.0</fprob>
        </actor>
        <actor name="D0N48">
            <wcet number="0">70</wcet>
            <wcet number="1">70</wcet>
            <maxpow number="0.5081367421749231"/>
            <maxpow number="0.5081367421749231"/>
            <fprob>0.0</fprob>
        </actor>
        <actor name="D0N26">
            <wcet number="0">30</wcet>
            <wcet number="1">40</wcet>
            <maxpow number="0.4277053771521301"/>
            <maxpow number="0.4277053771521301"/>
            <fprob>0.0</fprob>
        </actor>
        <actor name="D0N7">
            <wcet number="0">50</wcet>
            <wcet number="1">50</wcet>
            <maxpow number="0.4598794600837304"/>
            <maxpow number="0.4598794600837304"/>
            <fprob>0.0</fprob>
        </actor>
        <actor name="D0N10">
            <wcet number="0">40</wcet>
            <wcet number="1">40</wcet>
            <maxpow number="0.5543275514015938"/>
            <maxpow number="0.5543275514015938"/>
            <fprob>0.0</fprob>
        </actor>
        <actor name="D0N18">
            <wcet number="0">10</wcet>
            <wcet number="1">30</wcet>
            <maxpow number="0.29806763276241993"/>
            <maxpow number="0.29806763276241993"/>
            <fprob>0.0</fprob>
        </actor>
        <actor name="D0N29">
            <wcet number="0">30</wcet>
            <wcet number="1">60</wcet>
            <maxpow number="0.35948994647626137"/>
            <maxpow number="0.35948994647626137"/>
            <fprob>0.0</fprob>
        </actor>
        <actor name="D0N15">
            <wcet number="0">30</wcet>
            <wcet number="1">30</wcet>
            <maxpow number="0.5135797061905354"/>
            <maxpow number="0.5135797061905354"/>
            <fprob>0.0</fprob>
        </actor>
        <actor name="D0N37">
            <wcet number="0">10</wcet>
            <wcet number="1">10</wcet>
            <maxpow number="0.6479613172121623"/>
            <maxpow number="0.6479613172121623"/>
            <fprob>0.0</fprob>
        </actor>
        <actor name="D0N25">
            <wcet number="0">60</wcet>
            <wcet number="1">100</wcet>
            <maxpow number="0.550417924035672"/>
            <maxpow number="0.550417924035672"/>
            <fprob>0.0</fprob>
        </actor>
        <actor name="D0N20">
            <wcet number="0">40</wcet>
            <wcet number="1">150</wcet>
            <maxpow number="0.6156958041957998"/>
            <maxpow number="0.6156958041957998"/>
            <fprob>0.0</fprob>
        </actor>
        <actor name="D0N14">
            <wcet number="0">90</wcet>
            <wcet number="1">90</wcet>
            <maxpow number="0.5459763138537176"/>
            <maxpow number="0.5459763138537176"/>
            <fprob>0.0</fprob>
        </actor>
        <actor name="D0N39">
            <wcet number="0">160</wcet>
            <wcet number="1">190</wcet>
            <maxpow number="0.3098832145018517"/>
            <maxpow number="0.3098832145018517"/>
            <fprob>0.0</fprob>
        </actor>
        <actor name="D0N3">
            <wcet number="0">40</wcet>
            <wcet number="1">70</wcet>
            <maxpow number="0.38615827031808647"/>
            <maxpow number="0.38615827031808647"/>
            <fprob>0.0</fprob>
        </actor>
        <actor name="D0N22">
            <wcet number="0">20</wcet>
            <wcet number="1">70</wcet>
            <maxpow number="0.6065343027282617"/>
            <maxpow number="0.6065343027282617"/>
            <fprob>0.0</fprob>
        </actor>
        <actor name="D0N24">
            <wcet number="0">10</wcet>
            <wcet number="1">10</wcet>
            <maxpow number="0.5661346583036104"/>
            <maxpow number="0.5661346583036104"/>
            <fprob>0.0</fprob>
        </actor>
        <actor name="D0N43">
            <wcet number="0">10</wcet>
            <wcet number="1">50</wcet>
            <maxpow number="0.9487605000226331"/>
            <maxpow number="0.9487605000226331"/>
            <fprob>0.0</fprob>
        </actor>
        <actor name="D0N42">
            <wcet number="0">10</wcet>
            <wcet number="1">10</wcet>
            <maxpow number="0.6850051067296552"/>
            <maxpow number="0.6850051067296552"/>
            <fprob>0.0</fprob>
        </actor>
        <actor name="D0N41">
            <wcet number="0">10</wcet>
            <wcet number="1">30</wcet>
            <maxpow number="0.48764508785999255"/>
            <maxpow number="0.48764508785999255"/>
            <fprob>0.0</fprob>
        </actor>
        <actor name="D0N35">
            <wcet number="0">20</wcet>
            <wcet number="1">30</wcet>
            <maxpow number="0.6582853371223218"/>
            <maxpow number="0.6582853371223218"/>
            <fprob>0.0</fprob>
        </actor>
        <actor name="D0N44">
            <wcet number="0">50</wcet>
            <wcet number="1">230</wcet>
            <maxpow number="0.46333868166116726"/>
            <maxpow number="0.46333868166116726"/>
            <fprob>0.0</fprob>
        </actor>
        <actor name="D0N13">
            <wcet number="0">10</wcet>
            <wcet number="1">60</wcet>
            <maxpow number="0.3237411553241447"/>
            <maxpow number="0.3237411553241447"/>
            <fprob>0.0</fprob>
        </actor>
        <actor name="D0N11">
            <wcet number="0">30</wcet>
            <wcet number="1">30</wcet>
            <maxpow number="0.29569892853849417"/>
            <maxpow number="0.29569892853849417"/>
            <fprob>0.0</fprob>
        </actor>
        <actor name="D0N21">
            <wcet number="0">50</wcet>
            <wcet number="1">100</wcet>
            <maxpow number="0.5251372651231548"/>
            <maxpow number="0.5251372651231548"/>
            <fprob>0.0</fprob>
        </actor>
        <actor name="D0N27">
            <wcet number="0">20</wcet>
            <wcet number="1">90</wcet>
            <maxpow number="0.5489262800103148"/>
            <maxpow number="0.5489262800103148"/>
            <fprob>0.0</fprob>
        </actor>
        <actor name="D0N36">
            <wcet number="0">40</wcet>
            <wcet number="1">130</wcet>
            <maxpow number="0.7332137262762324"/>
            <maxpow number="0.7332137262762324"/>
            <fprob>0.0</fprob>
        </actor>
        <actor name="D0N23">
            <wcet number="0">30</wcet>
            <wcet number="1">40</wcet>
            <maxpow number="0.24158439300694173"/>
            <maxpow number="0.24158439300694173"/>
            <fprob>0.0</fprob>
        </actor>
        <actor name="D0N6">
            <wcet number="0">60</wcet>
            <wcet number="1">90</wcet>
            <maxpow number="0.7296628563656564"/>
            <maxpow number="0.7296628563656564"/>
            <fprob>0.0</fprob>
        </actor>
        <actor name="D0N8">
            <wcet number="0">10</wcet>
            <wcet number="1">10</wcet>
            <maxpow number="0.5468876509467078"/>
            <maxpow number="0.5468876509467078"/>
            <fprob>0.0</fprob>
        </actor>
        <actor name="D0N17">
            <wcet number="0">60</wcet>
            <wcet number="1">100</wcet>
            <maxpow number="0.3456873670310521"/>
            <maxpow number="0.3456873670310521"/>
            <fprob>0.0</fprob>
        </actor>
        <actor name="D0N19">
            <wcet number="0">50</wcet>
            <wcet number="1">50</wcet>
            <maxpow number="0.3493202007922203"/>
            <maxpow number="0.3493202007922203"/>
            <fprob>0.0</fprob>
        </actor>
        <actor name="D0N2">
            <wcet number="0">30</wcet>
            <wcet number="1">80</wcet>
            <maxpow number="0.5661503631732009"/>
            <maxpow number="0.5661503631732009"/>
            <fprob>0.0</fprob>
        </actor>
        <actor name="D0N32">
            <wcet number="0">10</wcet>
            <wcet number="1">10</wcet>
            <maxpow number="0.47816052140542076"/>
            <maxpow number="0.47816052140542076"/>
            <fprob>0.0</fprob>
        </actor>
        <actor name="D0N46">
            <wcet number="0">40</wcet>
            <wcet number="1">70</wcet>
            <maxpow number="0.42659586120275117"/>
            <maxpow number="0.42659586120275117"/>
            <fprob>0.0</fprob>
        </actor>
        <actor name="D0N45">
            <wcet number="0">70</wcet>
            <wcet number="1">100</wcet>
            <maxpow number="0.7790720123013526"/>
            <maxpow number="0.7790720123013526"/>
            <fprob>0.0</fprob>
        </actor>
        <actor name="D0N9">
            <wcet number="0">140</wcet>
            <wcet number="1">140</wcet>
            <maxpow number="0.4020792598826283"/>
            <maxpow number="0.4020792598826283"/>
            <fprob>0.0</fprob>
        </actor>
        <actor name="D0N30">
            <wcet number="0">40</wcet>
            <wcet number="1">40</wcet>
            <maxpow number="0.7849409690115043"/>
            <maxpow number="0.7849409690115043"/>
            <fprob>0.0</fprob>
        </actor>
        <actor name="D0N47">
            <wcet number="0">10</wcet>
            <wcet number="1">80</wcet>
            <maxpow number="0.6244166003259094"/>
            <maxpow number="0.6244166003259094"/>
            <fprob>0.0</fprob>
        </actor>
        <actor name="D0N40">
            <wcet number="0">70</wcet>
            <wcet number="1">120</wcet>
            <maxpow number="0.28049170869800394"/>
            <maxpow number="0.28049170869800394"/>
            <fprob>0.0</fprob>
        </actor>
        <actor name="D0N49">
            <wcet number="0">10</wcet>
            <wcet number="1">10</wcet>
            <maxpow number="0.7129466908490654"/>
            <maxpow number="0.7129466908490654"/>
            <fprob>0.0</fprob>
        </actor>
        <actor name="D0N16">
            <wcet number="0">20</wcet>
            <wcet number="1">20</wcet>
            <maxpow number="0.7511828948608963"/>
            <maxpow number="0.7511828948608963"/>
            <fprob>0.0</fprob>
        </actor>
        <ports>
            <port dstActor="D0N39" name="p0" srcActor="D0N31"/>
            <port dstActor="D0N17" name="p1" srcActor="D0N1"/>
            <port dstActor="D0N35" name="p2" srcActor="D0N1"/>
            <port dstActor="D0N10" name="p3" srcActor="D0N1"/>
            <port dstActor="D0N4" name="p4" srcActor="D0N1"/>
            <port dstActor="D0N15" name="p5" srcActor="D0N1"/>
            <port dstActor="D0N37" name="p6" srcActor="D0N1"/>
            <port dstActor="D0N49" name="p7" srcActor="D0N1"/>
            <port dstActor="D0N3" name="p8" srcActor="D0N0"/>
            <port dstActor="D0N49" name="p9" srcActor="D0N0"/>
            <port dstActor="D0N14" name="p10" srcActor="D0N0"/>
            <port dstActor="D0N29" name="p11" srcActor="D0N0"/>
            <port dstActor="D0N7" name="p12" srcActor="D0N0"/>
            <port dstActor="D0N24" name="p13" srcActor="D0N4"/>
            <port dstActor="D0N18" name="p14" srcActor="D0N4"/>
            <port dstActor="D0N44" name="p15" srcActor="D0N4"/>
            <port dstActor="D0N41" name="p16" srcActor="D0N4"/>
            <port dstActor="D0N28" name="p17" srcActor="D0N4"/>
            <port dstActor="D0N10" name="p18" srcActor="D0N5"/>
            <port dstActor="D0N29" name="p19" srcActor="D0N5"/>
            <port dstActor="D0N45" name="p20" srcActor="D0N5"/>
            <port dstActor="D0N24" name="p21" srcActor="D0N5"/>
            <port dstActor="D0N49" name="p22" srcActor="D0N28"/>
            <port dstActor="D0N30" name="p23" srcActor="D0N28"/>
            <port dstActor="D0N15" name="p24" srcActor="D0N12"/>
            <port dstActor="D0N26" name="p25" srcActor="D0N12"/>
            <port dstActor="D0N36" name="p26" srcActor="D0N12"/>
            <port dstActor="D0N34" name="p27" srcActor="D0N33"/>
            <port dstActor="D0N41" name="p28" srcActor="D0N33"/>
            <port dstActor="D0N49" name="p29" srcActor="D0N38"/>
            <port dstActor="D0N33" name="p30" srcActor="D0N26"/>
            <port dstActor="D0N39" name="p31" srcActor="D0N26"/>
            <port dstActor="D0N41" name="p32" srcActor="D0N26"/>
            <port dstActor="D0N49" name="p33" srcActor="D0N26"/>
            <port dstActor="D0N19" name="p34" srcActor="D0N7"/>
            <port dstActor="D0N27" name="p35" srcActor="D0N7"/>
            <port dstActor="D0N13" name="p36" srcActor="D0N7"/>
            <port dstActor="D0N36" name="p37" srcActor="D0N10"/>
            <port dstActor="D0N49" name="p38" srcActor="D0N10"/>
            <port dstActor="D0N19" name="p39" srcActor="D0N18"/>
            <port dstActor="D0N48" name="p40" srcActor="D0N18"/>
            <port dstActor="D0N35" name="p41" srcActor="D0N18"/>
            <port dstActor="D0N47" name="p42" srcActor="D0N18"/>
            <port dstActor="D0N44" name="p43" srcActor="D0N18"/>
            <port dstActor="D0N28" name="p44" srcActor="D0N18"/>
            <port dstActor="D0N37" name="p45" srcActor="D0N18"/>
            <port dstActor="D0N34" name="p46" srcActor="D0N29"/>
            <port dstActor="D0N30" name="p47" srcActor="D0N29"/>
            <port dstActor="D0N40" name="p48" srcActor="D0N15"/>
            <port dstActor="D0N41" name="p49" srcActor="D0N15"/>
            <port dstActor="D0N44" name="p50" srcActor="D0N15"/>
            <port dstActor="D0N23" name="p51" srcActor="D0N15"/>
            <port dstActor="D0N29" name="p52" srcActor="D0N15"/>
            <port dstActor="D0N48" name="p53" srcActor="D0N37"/>
            <port dstActor="D0N36" name="p54" srcActor="D0N25"/>
            <port dstActor="D0N27" name="p55" srcActor="D0N20"/>
            <port dstActor="D0N34" name="p56" srcActor="D0N20"/>
            <port dstActor="D0N44" name="p57" srcActor="D0N20"/>
            <port dstActor="D0N42" name="p58" srcActor="D0N14"/>
            <port dstActor="D0N31" name="p59" srcActor="D0N14"/>
            <port dstActor="D0N36" name="p60" srcActor="D0N14"/>
            <port dstActor="D0N27" name="p61" srcActor="D0N3"/>
            <port dstActor="D0N45" name="p62" srcActor="D0N3"/>
            <port dstActor="D0N24" name="p63" srcActor="D0N22"/>
            <port dstActor="D0N28" name="p64" srcActor="D0N22"/>
            <port dstActor="D0N44" name="p65" srcActor="D0N24"/>
            <port dstActor="D0N45" name="p66" srcActor="D0N24"/>
            <port dstActor="D0N48" name="p67" srcActor="D0N24"/>
            <port dstActor="D0N42" name="p68" srcActor="D0N24"/>
            <port dstActor="D0N43" name="p69" srcActor="D0N42"/>
            <port dstActor="D0N41" name="p70" srcActor="D0N35"/>
            <port dstActor="D0N49" name="p71" srcActor="D0N35"/>
            <port dstActor="D0N14" name="p72" srcActor="D0N13"/>
            <port dstActor="D0N36" name="p73" srcActor="D0N13"/>
            <port dstActor="D0N20" name="p74" srcActor="D0N13"/>
            <port dstActor="D0N45" name="p75" srcActor="D0N11"/>
            <port dstActor="D0N16" name="p76" srcActor="D0N11"/>
            <port dstActor="D0N40" name="p77" srcActor="D0N21"/>
            <port dstActor="D0N29" name="p78" srcActor="D0N21"/>
            <port dstActor="D0N27" name="p79" srcActor="D0N21"/>
            <port dstActor="D0N43" name="p80" srcActor="D0N21"/>
            <port dstActor="D0N33" name="p81" srcActor="D0N27"/>
            <port dstActor="D0N38" name="p82" srcActor="D0N27"/>
            <port dstActor="D0N49" name="p83" srcActor="D0N27"/>
            <port dstActor="D0N42" name="p84" srcActor="D0N27"/>
            <port dstActor="D0N32" name="p85" srcActor="D0N27"/>
            <port dstActor="D0N45" name="p86" srcActor="D0N27"/>
            <port dstActor="D0N41" name="p87" srcActor="D0N36"/>
            <port dstActor="D0N46" name="p88" srcActor="D0N36"/>
            <port dstActor="D0N42" name="p89" srcActor="D0N23"/>
            <port dstActor="D0N39" name="p90" srcActor="D0N23"/>
            <port dstActor="D0N15" name="p91" srcActor="D0N6"/>
            <port dstActor="D0N43" name="p92" srcActor="D0N6"/>
            <port dstActor="D0N11" name="p93" srcActor="D0N6"/>
            <port dstActor="D0N10" name="p94" srcActor="D0N8"/>
            <port dstActor="D0N11" name="p95" srcActor="D0N8"/>
            <port dstActor="D0N43" name="p96" srcActor="D0N8"/>
            <port dstActor="D0N26" name="p97" srcActor="D0N17"/>
            <port dstActor="D0N25" name="p98" srcActor="D0N17"/>
            <port dstActor="D0N40" name="p99" srcActor="D0N17"/>
            <port dstActor="D0N22" name="p100" srcActor="D0N19"/>
            <port dstActor="D0N43" name="p101" srcActor="D0N19"/>
            <port dstActor="D0N24" name="p102" srcActor="D0N19"/>
            <port dstActor="D0N33" name="p103" srcActor="D0N19"/>
            <port dstActor="D0N20" name="p104" srcActor="D0N2"/>
            <port dstActor="D0N21" name="p105" srcActor="D0N2"/>
            <port dstActor="D0N6" name="p106" srcActor="D0N2"/>
            <port dstActor="D0N34" name="p107" srcActor="D0N2"/>
            <port dstActor="D0N47" name="p108" srcActor="D0N32"/>
            <port dstActor="D0N48" name="p109" srcActor="D0N32"/>
            <port dstActor="D0N48" name="p110" srcActor="D0N46"/>
            <port dstActor="D0N49" name="p111" srcActor="D0N45"/>
            <port dstActor="D0N48" name="p112" srcActor="D0N9"/>
            <port dstActor="D0N29" name="p113" srcActor="D0N9"/>
            <port dstActor="D0N21" name="p114" srcActor="D0N9"/>
            <port dstActor="D0N19" name="p115" srcActor="D0N9"/>
            <port dstActor="D0N34" name="p116" srcActor="D0N9"/>
            <port dstActor="D0N48" name="p117" srcActor="D0N47"/>
            <port dstActor="D0N46" name="p118" srcActor="D0N16"/>
        </ports>
    </mcdag>
    <cores number="3"/>
    <levels number="2"/>
</mcsystem>
