<?xml version="1.0" encoding="UTF-8" standalone="no"?>
<mcsystem>
    <mcdag deadline="1000" name="genned-0-ed-10.0-0">
        <actor name="D0N13">
            <wcet number="0">20</wcet>
            <wcet number="1">20</wcet>
            <maxpow number="0.2745573679290205"/>
            <maxpow number="0.2745573679290205"/>
            <fprob>0.0</fprob>
        </actor>
        <actor name="D0N12">
            <wcet number="0">60</wcet>
            <wcet number="1">60</wcet>
            <maxpow number="0.8595459104545241"/>
            <maxpow number="0.8595459104545241"/>
            <fprob>0.0</fprob>
        </actor>
        <actor name="D0N23">
            <wcet number="0">10</wcet>
            <wcet number="1">10</wcet>
            <maxpow number="0.9295871306325537"/>
            <maxpow number="0.9295871306325537"/>
            <fprob>0.0</fprob>
        </actor>
        <actor name="D0N11">
            <wcet number="0">30</wcet>
            <wcet number="1">30</wcet>
            <maxpow number="0.5107384440046395"/>
            <maxpow number="0.5107384440046395"/>
            <fprob>0.0</fprob>
        </actor>
        <actor name="D0N25">
            <wcet number="0">120</wcet>
            <wcet number="1">120</wcet>
            <maxpow number="0.5874462124978952"/>
            <maxpow number="0.5874462124978952"/>
            <fprob>0.0</fprob>
        </actor>
        <actor name="D0N39">
            <wcet number="0">20</wcet>
            <wcet number="1">40</wcet>
            <maxpow number="0.5513810831520672"/>
            <maxpow number="0.5513810831520672"/>
            <fprob>0.0</fprob>
        </actor>
        <actor name="D0N15">
            <wcet number="0">10</wcet>
            <wcet number="1">80</wcet>
            <maxpow number="0.46860019435334277"/>
            <maxpow number="0.46860019435334277"/>
            <fprob>0.0</fprob>
        </actor>
        <actor name="D0N43">
            <wcet number="0">30</wcet>
            <wcet number="1">70</wcet>
            <maxpow number="0.2954367434404226"/>
            <maxpow number="0.2954367434404226"/>
            <fprob>0.0</fprob>
        </actor>
        <actor name="D0N17">
            <wcet number="0">10</wcet>
            <wcet number="1">120</wcet>
            <maxpow number="0.6057555420558108"/>
            <maxpow number="0.6057555420558108"/>
            <fprob>0.0</fprob>
        </actor>
        <actor name="D0N8">
            <wcet number="0">10</wcet>
            <wcet number="1">10</wcet>
            <maxpow number="0.7153715178935163"/>
            <maxpow number="0.7153715178935163"/>
            <fprob>0.0</fprob>
        </actor>
        <actor name="D0N9">
            <wcet number="0">70</wcet>
            <wcet number="1">150</wcet>
            <maxpow number="0.8152818344559887"/>
            <maxpow number="0.8152818344559887"/>
            <fprob>0.0</fprob>
        </actor>
        <actor name="D0N4">
            <wcet number="0">10</wcet>
            <wcet number="1">10</wcet>
            <maxpow number="0.6897919730947968"/>
            <maxpow number="0.6897919730947968"/>
            <fprob>0.0</fprob>
        </actor>
        <actor name="D0N33">
            <wcet number="0">10</wcet>
            <wcet number="1">40</wcet>
            <maxpow number="0.4480159558953662"/>
            <maxpow number="0.4480159558953662"/>
            <fprob>0.0</fprob>
        </actor>
        <actor name="D0N42">
            <wcet number="0">10</wcet>
            <wcet number="1">30</wcet>
            <maxpow number="0.6844460213185042"/>
            <maxpow number="0.6844460213185042"/>
            <fprob>0.0</fprob>
        </actor>
        <actor name="D0N32">
            <wcet number="0">10</wcet>
            <wcet number="1">70</wcet>
            <maxpow number="0.3816664986392834"/>
            <maxpow number="0.3816664986392834"/>
            <fprob>0.0</fprob>
        </actor>
        <actor name="D0N34">
            <wcet number="0">20</wcet>
            <wcet number="1">40</wcet>
            <maxpow number="0.34085232865385773"/>
            <maxpow number="0.34085232865385773"/>
            <fprob>0.0</fprob>
        </actor>
        <actor name="D0N16">
            <wcet number="0">120</wcet>
            <wcet number="1">130</wcet>
            <maxpow number="0.5201478784219723"/>
            <maxpow number="0.5201478784219723"/>
            <fprob>0.0</fprob>
        </actor>
        <actor name="D0N6">
            <wcet number="0">30</wcet>
            <wcet number="1">50</wcet>
            <maxpow number="0.4546103344187021"/>
            <maxpow number="0.4546103344187021"/>
            <fprob>0.0</fprob>
        </actor>
        <actor name="D0N21">
            <wcet number="0">20</wcet>
            <wcet number="1">40</wcet>
            <maxpow number="0.14484870400770417"/>
            <maxpow number="0.14484870400770417"/>
            <fprob>0.0</fprob>
        </actor>
        <actor name="D0N31">
            <wcet number="0">30</wcet>
            <wcet number="1">60</wcet>
            <maxpow number="0.7404706465052258"/>
            <maxpow number="0.7404706465052258"/>
            <fprob>0.0</fprob>
        </actor>
        <actor name="D0N28">
            <wcet number="0">20</wcet>
            <wcet number="1">30</wcet>
            <maxpow number="0.6035579538815545"/>
            <maxpow number="0.6035579538815545"/>
            <fprob>0.0</fprob>
        </actor>
        <actor name="D0N27">
            <wcet number="0">10</wcet>
            <wcet number="1">30</wcet>
            <maxpow number="0.6347859490472865"/>
            <maxpow number="0.6347859490472865"/>
            <fprob>0.0</fprob>
        </actor>
        <actor name="D0N24">
            <wcet number="0">220</wcet>
            <wcet number="1">400</wcet>
            <maxpow number="0.6687751940295342"/>
            <maxpow number="0.6687751940295342"/>
            <fprob>0.0</fprob>
        </actor>
        <actor name="D0N29">
            <wcet number="0">10</wcet>
            <wcet number="1">10</wcet>
            <maxpow number="0.8640725321444132"/>
            <maxpow number="0.8640725321444132"/>
            <fprob>0.0</fprob>
        </actor>
        <actor name="D0N14">
            <wcet number="0">40</wcet>
            <wcet number="1">100</wcet>
            <maxpow number="0.5982892256936219"/>
            <maxpow number="0.5982892256936219"/>
            <fprob>0.0</fprob>
        </actor>
        <actor name="D0N3">
            <wcet number="0">30</wcet>
            <wcet number="1">70</wcet>
            <maxpow number="0.7901102907940304"/>
            <maxpow number="0.7901102907940304"/>
            <fprob>0.0</fprob>
        </actor>
        <actor name="D0N1">
            <wcet number="0">20</wcet>
            <wcet number="1">30</wcet>
            <maxpow number="0.7876552636024184"/>
            <maxpow number="0.7876552636024184"/>
            <fprob>0.0</fprob>
        </actor>
        <actor name="D0N7">
            <wcet number="0">10</wcet>
            <wcet number="1">30</wcet>
            <maxpow number="0.5547528558030487"/>
            <maxpow number="0.5547528558030487"/>
            <fprob>0.0</fprob>
        </actor>
        <actor name="D0N10">
            <wcet number="0">120</wcet>
            <wcet number="1">130</wcet>
            <maxpow number="0.667404697965158"/>
            <maxpow number="0.667404697965158"/>
            <fprob>0.0</fprob>
        </actor>
        <actor name="D0N41">
            <wcet number="0">10</wcet>
            <wcet number="1">20</wcet>
            <maxpow number="0.7701022945404624"/>
            <maxpow number="0.7701022945404624"/>
            <fprob>0.0</fprob>
        </actor>
        <actor name="D0N20">
            <wcet number="0">20</wcet>
            <wcet number="1">30</wcet>
            <maxpow number="0.4768778802131874"/>
            <maxpow number="0.4768778802131874"/>
            <fprob>0.0</fprob>
        </actor>
        <actor name="D0N40">
            <wcet number="0">30</wcet>
            <wcet number="1">50</wcet>
            <maxpow number="0.5600586702093101"/>
            <maxpow number="0.5600586702093101"/>
            <fprob>0.0</fprob>
        </actor>
        <actor name="D0N5">
            <wcet number="0">20</wcet>
            <wcet number="1">80</wcet>
            <maxpow number="0.6755732914511778"/>
            <maxpow number="0.6755732914511778"/>
            <fprob>0.0</fprob>
        </actor>
        <actor name="D0N26">
            <wcet number="0">10</wcet>
            <wcet number="1">20</wcet>
            <maxpow number="0.6204253482183284"/>
            <maxpow number="0.6204253482183284"/>
            <fprob>0.0</fprob>
        </actor>
        <actor name="D0N19">
            <wcet number="0">30</wcet>
            <wcet number="1">30</wcet>
            <maxpow number="0.6621404753764548"/>
            <maxpow number="0.6621404753764548"/>
            <fprob>0.0</fprob>
        </actor>
        <actor name="D0N30">
            <wcet number="0">50</wcet>
            <wcet number="1">70</wcet>
            <maxpow number="0.6769775692621021"/>
            <maxpow number="0.6769775692621021"/>
            <fprob>0.0</fprob>
        </actor>
        <actor name="D0N38">
            <wcet number="0">10</wcet>
            <wcet number="1">60</wcet>
            <maxpow number="0.33992306434427705"/>
            <maxpow number="0.33992306434427705"/>
            <fprob>0.0</fprob>
        </actor>
        <actor name="D0N2">
            <wcet number="0">10</wcet>
            <wcet number="1">60</wcet>
            <maxpow number="0.4876940256680758"/>
            <maxpow number="0.4876940256680758"/>
            <fprob>0.0</fprob>
        </actor>
        <actor name="D0N35">
            <wcet number="0">10</wcet>
            <wcet number="1">30</wcet>
            <maxpow number="0.6224918331358575"/>
            <maxpow number="0.6224918331358575"/>
            <fprob>0.0</fprob>
        </actor>
        <actor name="D0N22">
            <wcet number="0">90</wcet>
            <wcet number="1">90</wcet>
            <maxpow number="0.7829077389168684"/>
            <maxpow number="0.7829077389168684"/>
            <fprob>0.0</fprob>
        </actor>
        <actor name="D0N36">
            <wcet number="0">10</wcet>
            <wcet number="1">10</wcet>
            <maxpow number="0.5336127759149132"/>
            <maxpow number="0.5336127759149132"/>
            <fprob>0.0</fprob>
        </actor>
        <actor name="D0N0">
            <wcet number="0">30</wcet>
            <wcet number="1">50</wcet>
            <maxpow number="0.4742623551262698"/>
            <maxpow number="0.4742623551262698"/>
            <fprob>0.0</fprob>
        </actor>
        <actor name="D0N18">
            <wcet number="0">60</wcet>
            <wcet number="1">60</wcet>
            <maxpow number="0.6116762952924545"/>
            <maxpow number="0.6116762952924545"/>
            <fprob>0.0</fprob>
        </actor>
        <actor name="D0N37">
            <wcet number="0">30</wcet>
            <wcet number="1">30</wcet>
            <maxpow number="0.4925172793145211"/>
            <maxpow number="0.4925172793145211"/>
            <fprob>0.0</fprob>
        </actor>
        <ports>
            <port dstActor="D0N16" name="p0" srcActor="D0N13"/>
            <port dstActor="D0N27" name="p1" srcActor="D0N13"/>
            <port dstActor="D0N28" name="p2" srcActor="D0N13"/>
            <port dstActor="D0N15" name="p3" srcActor="D0N13"/>
            <port dstActor="D0N33" name="p4" srcActor="D0N13"/>
            <port dstActor="D0N23" name="p5" srcActor="D0N12"/>
            <port dstActor="D0N38" name="p6" srcActor="D0N12"/>
            <port dstActor="D0N42" name="p7" srcActor="D0N12"/>
            <port dstActor="D0N31" name="p8" srcActor="D0N12"/>
            <port dstActor="D0N35" name="p9" srcActor="D0N12"/>
            <port dstActor="D0N33" name="p10" srcActor="D0N11"/>
            <port dstActor="D0N27" name="p11" srcActor="D0N11"/>
            <port dstActor="D0N18" name="p12" srcActor="D0N11"/>
            <port dstActor="D0N31" name="p13" srcActor="D0N25"/>
            <port dstActor="D0N36" name="p14" srcActor="D0N25"/>
            <port dstActor="D0N27" name="p15" srcActor="D0N25"/>
            <port dstActor="D0N43" name="p16" srcActor="D0N15"/>
            <port dstActor="D0N19" name="p17" srcActor="D0N15"/>
            <port dstActor="D0N21" name="p18" srcActor="D0N15"/>
            <port dstActor="D0N32" name="p19" srcActor="D0N15"/>
            <port dstActor="D0N34" name="p20" srcActor="D0N15"/>
            <port dstActor="D0N23" name="p21" srcActor="D0N17"/>
            <port dstActor="D0N24" name="p22" srcActor="D0N17"/>
            <port dstActor="D0N28" name="p23" srcActor="D0N17"/>
            <port dstActor="D0N40" name="p24" srcActor="D0N17"/>
            <port dstActor="D0N27" name="p25" srcActor="D0N8"/>
            <port dstActor="D0N13" name="p26" srcActor="D0N8"/>
            <port dstActor="D0N23" name="p27" srcActor="D0N8"/>
            <port dstActor="D0N32" name="p28" srcActor="D0N9"/>
            <port dstActor="D0N16" name="p29" srcActor="D0N9"/>
            <port dstActor="D0N19" name="p30" srcActor="D0N9"/>
            <port dstActor="D0N15" name="p31" srcActor="D0N9"/>
            <port dstActor="D0N5" name="p32" srcActor="D0N4"/>
            <port dstActor="D0N15" name="p33" srcActor="D0N4"/>
            <port dstActor="D0N14" name="p34" srcActor="D0N4"/>
            <port dstActor="D0N17" name="p35" srcActor="D0N16"/>
            <port dstActor="D0N40" name="p36" srcActor="D0N16"/>
            <port dstActor="D0N38" name="p37" srcActor="D0N6"/>
            <port dstActor="D0N25" name="p38" srcActor="D0N6"/>
            <port dstActor="D0N30" name="p39" srcActor="D0N6"/>
            <port dstActor="D0N43" name="p40" srcActor="D0N6"/>
            <port dstActor="D0N24" name="p41" srcActor="D0N6"/>
            <port dstActor="D0N14" name="p42" srcActor="D0N6"/>
            <port dstActor="D0N29" name="p43" srcActor="D0N21"/>
            <port dstActor="D0N35" name="p44" srcActor="D0N21"/>
            <port dstActor="D0N26" name="p45" srcActor="D0N21"/>
            <port dstActor="D0N43" name="p46" srcActor="D0N21"/>
            <port dstActor="D0N29" name="p47" srcActor="D0N28"/>
            <port dstActor="D0N35" name="p48" srcActor="D0N27"/>
            <port dstActor="D0N37" name="p49" srcActor="D0N27"/>
            <port dstActor="D0N28" name="p50" srcActor="D0N24"/>
            <port dstActor="D0N26" name="p51" srcActor="D0N24"/>
            <port dstActor="D0N25" name="p52" srcActor="D0N24"/>
            <port dstActor="D0N41" name="p53" srcActor="D0N29"/>
            <port dstActor="D0N31" name="p54" srcActor="D0N29"/>
            <port dstActor="D0N30" name="p55" srcActor="D0N14"/>
            <port dstActor="D0N15" name="p56" srcActor="D0N14"/>
            <port dstActor="D0N25" name="p57" srcActor="D0N14"/>
            <port dstActor="D0N32" name="p58" srcActor="D0N14"/>
            <port dstActor="D0N13" name="p59" srcActor="D0N3"/>
            <port dstActor="D0N36" name="p60" srcActor="D0N3"/>
            <port dstActor="D0N8" name="p61" srcActor="D0N3"/>
            <port dstActor="D0N16" name="p62" srcActor="D0N3"/>
            <port dstActor="D0N28" name="p63" srcActor="D0N3"/>
            <port dstActor="D0N26" name="p64" srcActor="D0N1"/>
            <port dstActor="D0N25" name="p65" srcActor="D0N1"/>
            <port dstActor="D0N14" name="p66" srcActor="D0N7"/>
            <port dstActor="D0N28" name="p67" srcActor="D0N7"/>
            <port dstActor="D0N36" name="p68" srcActor="D0N7"/>
            <port dstActor="D0N32" name="p69" srcActor="D0N7"/>
            <port dstActor="D0N37" name="p70" srcActor="D0N10"/>
            <port dstActor="D0N22" name="p71" srcActor="D0N10"/>
            <port dstActor="D0N33" name="p72" srcActor="D0N10"/>
            <port dstActor="D0N28" name="p73" srcActor="D0N20"/>
            <port dstActor="D0N22" name="p74" srcActor="D0N20"/>
            <port dstActor="D0N6" name="p75" srcActor="D0N5"/>
            <port dstActor="D0N40" name="p76" srcActor="D0N5"/>
            <port dstActor="D0N25" name="p77" srcActor="D0N5"/>
            <port dstActor="D0N38" name="p78" srcActor="D0N26"/>
            <port dstActor="D0N40" name="p79" srcActor="D0N26"/>
            <port dstActor="D0N37" name="p80" srcActor="D0N26"/>
            <port dstActor="D0N43" name="p81" srcActor="D0N19"/>
            <port dstActor="D0N36" name="p82" srcActor="D0N19"/>
            <port dstActor="D0N43" name="p83" srcActor="D0N38"/>
            <port dstActor="D0N26" name="p84" srcActor="D0N2"/>
            <port dstActor="D0N10" name="p85" srcActor="D0N2"/>
            <port dstActor="D0N18" name="p86" srcActor="D0N2"/>
            <port dstActor="D0N43" name="p87" srcActor="D0N2"/>
            <port dstActor="D0N12" name="p88" srcActor="D0N2"/>
            <port dstActor="D0N11" name="p89" srcActor="D0N2"/>
            <port dstActor="D0N37" name="p90" srcActor="D0N22"/>
            <port dstActor="D0N29" name="p91" srcActor="D0N22"/>
            <port dstActor="D0N28" name="p92" srcActor="D0N0"/>
            <port dstActor="D0N37" name="p93" srcActor="D0N0"/>
            <port dstActor="D0N12" name="p94" srcActor="D0N0"/>
            <port dstActor="D0N10" name="p95" srcActor="D0N0"/>
            <port dstActor="D0N41" name="p96" srcActor="D0N18"/>
        </ports>
    </mcdag>
    <cores number="3"/>
    <levels number="2"/>
</mcsystem>
