<?xml version="1.0" encoding="UTF-8" standalone="no"?>
<mcsystem>
    <mcdag deadline="5000" name="genned-0-ed-10.0-0">
        <actor name="D0N47">
            <wcet number="0">410</wcet>
            <wcet number="1">500</wcet>
            <maxpow number="0.4132077106944168"/>
            <maxpow number="0.4132077106944168"/>
            <fprob>0.0</fprob>
        </actor>
        <actor name="D0N18">
            <wcet number="0">30</wcet>
            <wcet number="1">30</wcet>
            <maxpow number="0.565635028950282"/>
            <maxpow number="0.565635028950282"/>
            <fprob>0.0</fprob>
        </actor>
        <actor name="D0N15">
            <wcet number="0">90</wcet>
            <wcet number="1">810</wcet>
            <maxpow number="0.3856626183507327"/>
            <maxpow number="0.3856626183507327"/>
            <fprob>0.0</fprob>
        </actor>
        <actor name="D0N42">
            <wcet number="0">60</wcet>
            <wcet number="1">180</wcet>
            <maxpow number="0.3484652722042766"/>
            <maxpow number="0.3484652722042766"/>
            <fprob>0.0</fprob>
        </actor>
        <actor name="D0N39">
            <wcet number="0">290</wcet>
            <wcet number="1">410</wcet>
            <maxpow number="0.344768679996818"/>
            <maxpow number="0.344768679996818"/>
            <fprob>0.0</fprob>
        </actor>
        <actor name="D0N0">
            <wcet number="0">130</wcet>
            <wcet number="1">150</wcet>
            <maxpow number="0.502938739919472"/>
            <maxpow number="0.502938739919472"/>
            <fprob>0.0</fprob>
        </actor>
        <actor name="D0N26">
            <wcet number="0">10</wcet>
            <wcet number="1">10</wcet>
            <maxpow number="0.6221987728295383"/>
            <maxpow number="0.6221987728295383"/>
            <fprob>0.0</fprob>
        </actor>
        <actor name="D0N27">
            <wcet number="0">140</wcet>
            <wcet number="1">200</wcet>
            <maxpow number="0.4669687276803567"/>
            <maxpow number="0.4669687276803567"/>
            <fprob>0.0</fprob>
        </actor>
        <actor name="D0N23">
            <wcet number="0">30</wcet>
            <wcet number="1">70</wcet>
            <maxpow number="0.5773990258642079"/>
            <maxpow number="0.5773990258642079"/>
            <fprob>0.0</fprob>
        </actor>
        <actor name="D0N10">
            <wcet number="0">180</wcet>
            <wcet number="1">330</wcet>
            <maxpow number="0.6176879975841717"/>
            <maxpow number="0.6176879975841717"/>
            <fprob>0.0</fprob>
        </actor>
        <actor name="D0N33">
            <wcet number="0">640</wcet>
            <wcet number="1">690</wcet>
            <maxpow number="0.5792203088485889"/>
            <maxpow number="0.5792203088485889"/>
            <fprob>0.0</fprob>
        </actor>
        <actor name="D0N14">
            <wcet number="0">90</wcet>
            <wcet number="1">110</wcet>
            <maxpow number="0.7511787215959161"/>
            <maxpow number="0.7511787215959161"/>
            <fprob>0.0</fprob>
        </actor>
        <actor name="D0N8">
            <wcet number="0">170</wcet>
            <wcet number="1">240</wcet>
            <maxpow number="0.3045547087761074"/>
            <maxpow number="0.3045547087761074"/>
            <fprob>0.0</fprob>
        </actor>
        <actor name="D0N19">
            <wcet number="0">260</wcet>
            <wcet number="1">340</wcet>
            <maxpow number="0.8907223394645892"/>
            <maxpow number="0.8907223394645892"/>
            <fprob>0.0</fprob>
        </actor>
        <actor name="D0N30">
            <wcet number="0">30</wcet>
            <wcet number="1">210</wcet>
            <maxpow number="0.7287831135070404"/>
            <maxpow number="0.7287831135070404"/>
            <fprob>0.0</fprob>
        </actor>
        <actor name="D0N25">
            <wcet number="0">20</wcet>
            <wcet number="1">20</wcet>
            <maxpow number="0.5502626340472268"/>
            <maxpow number="0.5502626340472268"/>
            <fprob>0.0</fprob>
        </actor>
        <actor name="D0N29">
            <wcet number="0">20</wcet>
            <wcet number="1">290</wcet>
            <maxpow number="0.4858578807515976"/>
            <maxpow number="0.4858578807515976"/>
            <fprob>0.0</fprob>
        </actor>
        <actor name="D0N9">
            <wcet number="0">60</wcet>
            <wcet number="1">580</wcet>
            <maxpow number="0.5468609512476035"/>
            <maxpow number="0.5468609512476035"/>
            <fprob>0.0</fprob>
        </actor>
        <actor name="D0N45">
            <wcet number="0">140</wcet>
            <wcet number="1">140</wcet>
            <maxpow number="0.4121231645490272"/>
            <maxpow number="0.4121231645490272"/>
            <fprob>0.0</fprob>
        </actor>
        <actor name="D0N21">
            <wcet number="0">310</wcet>
            <wcet number="1">500</wcet>
            <maxpow number="0.5165564644151884"/>
            <maxpow number="0.5165564644151884"/>
            <fprob>0.0</fprob>
        </actor>
        <actor name="D0N28">
            <wcet number="0">30</wcet>
            <wcet number="1">60</wcet>
            <maxpow number="0.3442678634269038"/>
            <maxpow number="0.3442678634269038"/>
            <fprob>0.0</fprob>
        </actor>
        <actor name="D0N40">
            <wcet number="0">30</wcet>
            <wcet number="1">160</wcet>
            <maxpow number="0.34309327629650754"/>
            <maxpow number="0.34309327629650754"/>
            <fprob>0.0</fprob>
        </actor>
        <actor name="D0N46">
            <wcet number="0">10</wcet>
            <wcet number="1">10</wcet>
            <maxpow number="0.42909163186328325"/>
            <maxpow number="0.42909163186328325"/>
            <fprob>0.0</fprob>
        </actor>
        <actor name="D0N31">
            <wcet number="0">180</wcet>
            <wcet number="1">210</wcet>
            <maxpow number="0.5873458128567176"/>
            <maxpow number="0.5873458128567176"/>
            <fprob>0.0</fprob>
        </actor>
        <actor name="D0N22">
            <wcet number="0">10</wcet>
            <wcet number="1">120</wcet>
            <maxpow number="0.580834193534382"/>
            <maxpow number="0.580834193534382"/>
            <fprob>0.0</fprob>
        </actor>
        <actor name="D0N48">
            <wcet number="0">10</wcet>
            <wcet number="1">150</wcet>
            <maxpow number="0.5029148278589103"/>
            <maxpow number="0.5029148278589103"/>
            <fprob>0.0</fprob>
        </actor>
        <actor name="D0N38">
            <wcet number="0">220</wcet>
            <wcet number="1">370</wcet>
            <maxpow number="0.45209186093327786"/>
            <maxpow number="0.45209186093327786"/>
            <fprob>0.0</fprob>
        </actor>
        <actor name="D0N16">
            <wcet number="0">40</wcet>
            <wcet number="1">70</wcet>
            <maxpow number="0.4590657326682006"/>
            <maxpow number="0.4590657326682006"/>
            <fprob>0.0</fprob>
        </actor>
        <actor name="D0N7">
            <wcet number="0">340</wcet>
            <wcet number="1">410</wcet>
            <maxpow number="0.5655853925036196"/>
            <maxpow number="0.5655853925036196"/>
            <fprob>0.0</fprob>
        </actor>
        <actor name="D0N5">
            <wcet number="0">20</wcet>
            <wcet number="1">30</wcet>
            <maxpow number="0.6631352352765308"/>
            <maxpow number="0.6631352352765308"/>
            <fprob>0.0</fprob>
        </actor>
        <actor name="D0N3">
            <wcet number="0">120</wcet>
            <wcet number="1">270</wcet>
            <maxpow number="0.2717982505720875"/>
            <maxpow number="0.2717982505720875"/>
            <fprob>0.0</fprob>
        </actor>
        <actor name="D0N2">
            <wcet number="0">140</wcet>
            <wcet number="1">220</wcet>
            <maxpow number="0.8316044866263794"/>
            <maxpow number="0.8316044866263794"/>
            <fprob>0.0</fprob>
        </actor>
        <actor name="D0N1">
            <wcet number="0">10</wcet>
            <wcet number="1">20</wcet>
            <maxpow number="0.7491088697977565"/>
            <maxpow number="0.7491088697977565"/>
            <fprob>0.0</fprob>
        </actor>
        <actor name="D0N43">
            <wcet number="0">120</wcet>
            <wcet number="1">140</wcet>
            <maxpow number="0.5798249678501611"/>
            <maxpow number="0.5798249678501611"/>
            <fprob>0.0</fprob>
        </actor>
        <actor name="D0N34">
            <wcet number="0">210</wcet>
            <wcet number="1">220</wcet>
            <maxpow number="0.5630178903178306"/>
            <maxpow number="0.5630178903178306"/>
            <fprob>0.0</fprob>
        </actor>
        <actor name="D0N20">
            <wcet number="0">20</wcet>
            <wcet number="1">150</wcet>
            <maxpow number="0.5739910182268176"/>
            <maxpow number="0.5739910182268176"/>
            <fprob>0.0</fprob>
        </actor>
        <actor name="D0N32">
            <wcet number="0">80</wcet>
            <wcet number="1">120</wcet>
            <maxpow number="0.6647101084884754"/>
            <maxpow number="0.6647101084884754"/>
            <fprob>0.0</fprob>
        </actor>
        <actor name="D0N36">
            <wcet number="0">260</wcet>
            <wcet number="1">530</wcet>
            <maxpow number="0.6330617376039664"/>
            <maxpow number="0.6330617376039664"/>
            <fprob>0.0</fprob>
        </actor>
        <actor name="D0N4">
            <wcet number="0">300</wcet>
            <wcet number="1">400</wcet>
            <maxpow number="0.3903542542646603"/>
            <maxpow number="0.3903542542646603"/>
            <fprob>0.0</fprob>
        </actor>
        <actor name="D0N6">
            <wcet number="0">60</wcet>
            <wcet number="1">230</wcet>
            <maxpow number="0.9693417528091184"/>
            <maxpow number="0.9693417528091184"/>
            <fprob>0.0</fprob>
        </actor>
        <actor name="D0N41">
            <wcet number="0">280</wcet>
            <wcet number="1">310</wcet>
            <maxpow number="0.46905673360226074"/>
            <maxpow number="0.46905673360226074"/>
            <fprob>0.0</fprob>
        </actor>
        <actor name="D0N12">
            <wcet number="0">20</wcet>
            <wcet number="1">60</wcet>
            <maxpow number="0.8049631105417744"/>
            <maxpow number="0.8049631105417744"/>
            <fprob>0.0</fprob>
        </actor>
        <actor name="D0N35">
            <wcet number="0">70</wcet>
            <wcet number="1">190</wcet>
            <maxpow number="0.37195260305211486"/>
            <maxpow number="0.37195260305211486"/>
            <fprob>0.0</fprob>
        </actor>
        <actor name="D0N44">
            <wcet number="0">30</wcet>
            <wcet number="1">30</wcet>
            <maxpow number="0.544925846122483"/>
            <maxpow number="0.544925846122483"/>
            <fprob>0.0</fprob>
        </actor>
        <actor name="D0N24">
            <wcet number="0">60</wcet>
            <wcet number="1">80</wcet>
            <maxpow number="0.4205019540831987"/>
            <maxpow number="0.4205019540831987"/>
            <fprob>0.0</fprob>
        </actor>
        <actor name="D0N49">
            <wcet number="0">100</wcet>
            <wcet number="1">120</wcet>
            <maxpow number="0.2248095452428901"/>
            <maxpow number="0.2248095452428901"/>
            <fprob>0.0</fprob>
        </actor>
        <actor name="D0N17">
            <wcet number="0">20</wcet>
            <wcet number="1">30</wcet>
            <maxpow number="0.9057825041119594"/>
            <maxpow number="0.9057825041119594"/>
            <fprob>0.0</fprob>
        </actor>
        <actor name="D0N13">
            <wcet number="0">20</wcet>
            <wcet number="1">40</wcet>
            <maxpow number="0.531890500387427"/>
            <maxpow number="0.531890500387427"/>
            <fprob>0.0</fprob>
        </actor>
        <actor name="D0N11">
            <wcet number="0">40</wcet>
            <wcet number="1">330</wcet>
            <maxpow number="0.44569989071035604"/>
            <maxpow number="0.44569989071035604"/>
            <fprob>0.0</fprob>
        </actor>
        <actor name="D0N37">
            <wcet number="0">830</wcet>
            <wcet number="1">1110</wcet>
            <maxpow number="0.703873870512367"/>
            <maxpow number="0.703873870512367"/>
            <fprob>0.0</fprob>
        </actor>
        <ports>
            <port dstActor="D0N25" name="p0" srcActor="D0N18"/>
            <port dstActor="D0N30" name="p1" srcActor="D0N18"/>
            <port dstActor="D0N47" name="p2" srcActor="D0N18"/>
            <port dstActor="D0N26" name="p3" srcActor="D0N18"/>
            <port dstActor="D0N34" name="p4" srcActor="D0N18"/>
            <port dstActor="D0N27" name="p5" srcActor="D0N18"/>
            <port dstActor="D0N32" name="p6" srcActor="D0N15"/>
            <port dstActor="D0N25" name="p7" srcActor="D0N15"/>
            <port dstActor="D0N42" name="p8" srcActor="D0N39"/>
            <port dstActor="D0N25" name="p9" srcActor="D0N0"/>
            <port dstActor="D0N38" name="p10" srcActor="D0N0"/>
            <port dstActor="D0N15" name="p11" srcActor="D0N0"/>
            <port dstActor="D0N19" name="p12" srcActor="D0N0"/>
            <port dstActor="D0N36" name="p13" srcActor="D0N26"/>
            <port dstActor="D0N42" name="p14" srcActor="D0N26"/>
            <port dstActor="D0N37" name="p15" srcActor="D0N27"/>
            <port dstActor="D0N42" name="p16" srcActor="D0N27"/>
            <port dstActor="D0N38" name="p17" srcActor="D0N27"/>
            <port dstActor="D0N26" name="p18" srcActor="D0N23"/>
            <port dstActor="D0N37" name="p19" srcActor="D0N23"/>
            <port dstActor="D0N44" name="p20" srcActor="D0N23"/>
            <port dstActor="D0N13" name="p21" srcActor="D0N10"/>
            <port dstActor="D0N26" name="p22" srcActor="D0N10"/>
            <port dstActor="D0N16" name="p23" srcActor="D0N10"/>
            <port dstActor="D0N48" name="p24" srcActor="D0N10"/>
            <port dstActor="D0N19" name="p25" srcActor="D0N10"/>
            <port dstActor="D0N40" name="p26" srcActor="D0N33"/>
            <port dstActor="D0N46" name="p27" srcActor="D0N33"/>
            <port dstActor="D0N34" name="p28" srcActor="D0N14"/>
            <port dstActor="D0N48" name="p29" srcActor="D0N14"/>
            <port dstActor="D0N20" name="p30" srcActor="D0N8"/>
            <port dstActor="D0N14" name="p31" srcActor="D0N8"/>
            <port dstActor="D0N41" name="p32" srcActor="D0N8"/>
            <port dstActor="D0N33" name="p33" srcActor="D0N19"/>
            <port dstActor="D0N36" name="p34" srcActor="D0N19"/>
            <port dstActor="D0N40" name="p35" srcActor="D0N19"/>
            <port dstActor="D0N31" name="p36" srcActor="D0N19"/>
            <port dstActor="D0N48" name="p37" srcActor="D0N30"/>
            <port dstActor="D0N41" name="p38" srcActor="D0N30"/>
            <port dstActor="D0N27" name="p39" srcActor="D0N25"/>
            <port dstActor="D0N49" name="p40" srcActor="D0N25"/>
            <port dstActor="D0N47" name="p41" srcActor="D0N9"/>
            <port dstActor="D0N42" name="p42" srcActor="D0N9"/>
            <port dstActor="D0N32" name="p43" srcActor="D0N9"/>
            <port dstActor="D0N19" name="p44" srcActor="D0N9"/>
            <port dstActor="D0N29" name="p45" srcActor="D0N9"/>
            <port dstActor="D0N41" name="p46" srcActor="D0N21"/>
            <port dstActor="D0N36" name="p47" srcActor="D0N21"/>
            <port dstActor="D0N37" name="p48" srcActor="D0N28"/>
            <port dstActor="D0N32" name="p49" srcActor="D0N28"/>
            <port dstActor="D0N49" name="p50" srcActor="D0N28"/>
            <port dstActor="D0N40" name="p51" srcActor="D0N31"/>
            <port dstActor="D0N47" name="p52" srcActor="D0N22"/>
            <port dstActor="D0N35" name="p53" srcActor="D0N22"/>
            <port dstActor="D0N30" name="p54" srcActor="D0N22"/>
            <port dstActor="D0N36" name="p55" srcActor="D0N22"/>
            <port dstActor="D0N44" name="p56" srcActor="D0N38"/>
            <port dstActor="D0N41" name="p57" srcActor="D0N38"/>
            <port dstActor="D0N25" name="p58" srcActor="D0N16"/>
            <port dstActor="D0N46" name="p59" srcActor="D0N16"/>
            <port dstActor="D0N37" name="p60" srcActor="D0N16"/>
            <port dstActor="D0N9" name="p61" srcActor="D0N7"/>
            <port dstActor="D0N10" name="p62" srcActor="D0N7"/>
            <port dstActor="D0N41" name="p63" srcActor="D0N7"/>
            <port dstActor="D0N17" name="p64" srcActor="D0N7"/>
            <port dstActor="D0N43" name="p65" srcActor="D0N7"/>
            <port dstActor="D0N11" name="p66" srcActor="D0N7"/>
            <port dstActor="D0N31" name="p67" srcActor="D0N7"/>
            <port dstActor="D0N8" name="p68" srcActor="D0N5"/>
            <port dstActor="D0N37" name="p69" srcActor="D0N5"/>
            <port dstActor="D0N46" name="p70" srcActor="D0N5"/>
            <port dstActor="D0N29" name="p71" srcActor="D0N5"/>
            <port dstActor="D0N7" name="p72" srcActor="D0N3"/>
            <port dstActor="D0N4" name="p73" srcActor="D0N3"/>
            <port dstActor="D0N28" name="p74" srcActor="D0N3"/>
            <port dstActor="D0N44" name="p75" srcActor="D0N3"/>
            <port dstActor="D0N20" name="p76" srcActor="D0N3"/>
            <port dstActor="D0N9" name="p77" srcActor="D0N2"/>
            <port dstActor="D0N21" name="p78" srcActor="D0N2"/>
            <port dstActor="D0N11" name="p79" srcActor="D0N2"/>
            <port dstActor="D0N15" name="p80" srcActor="D0N2"/>
            <port dstActor="D0N18" name="p81" srcActor="D0N2"/>
            <port dstActor="D0N8" name="p82" srcActor="D0N2"/>
            <port dstActor="D0N31" name="p83" srcActor="D0N2"/>
            <port dstActor="D0N8" name="p84" srcActor="D0N1"/>
            <port dstActor="D0N23" name="p85" srcActor="D0N1"/>
            <port dstActor="D0N39" name="p86" srcActor="D0N1"/>
            <port dstActor="D0N21" name="p87" srcActor="D0N1"/>
            <port dstActor="D0N33" name="p88" srcActor="D0N1"/>
            <port dstActor="D0N44" name="p89" srcActor="D0N43"/>
            <port dstActor="D0N38" name="p90" srcActor="D0N34"/>
            <port dstActor="D0N29" name="p91" srcActor="D0N20"/>
            <port dstActor="D0N38" name="p92" srcActor="D0N20"/>
            <port dstActor="D0N47" name="p93" srcActor="D0N20"/>
            <port dstActor="D0N34" name="p94" srcActor="D0N20"/>
            <port dstActor="D0N45" name="p95" srcActor="D0N32"/>
            <port dstActor="D0N40" name="p96" srcActor="D0N32"/>
            <port dstActor="D0N28" name="p97" srcActor="D0N4"/>
            <port dstActor="D0N25" name="p98" srcActor="D0N4"/>
            <port dstActor="D0N46" name="p99" srcActor="D0N6"/>
            <port dstActor="D0N48" name="p100" srcActor="D0N6"/>
            <port dstActor="D0N38" name="p101" srcActor="D0N6"/>
            <port dstActor="D0N18" name="p102" srcActor="D0N6"/>
            <port dstActor="D0N30" name="p103" srcActor="D0N6"/>
            <port dstActor="D0N46" name="p104" srcActor="D0N41"/>
            <port dstActor="D0N48" name="p105" srcActor="D0N41"/>
            <port dstActor="D0N45" name="p106" srcActor="D0N41"/>
            <port dstActor="D0N47" name="p107" srcActor="D0N41"/>
            <port dstActor="D0N25" name="p108" srcActor="D0N12"/>
            <port dstActor="D0N15" name="p109" srcActor="D0N12"/>
            <port dstActor="D0N27" name="p110" srcActor="D0N12"/>
            <port dstActor="D0N18" name="p111" srcActor="D0N12"/>
            <port dstActor="D0N33" name="p112" srcActor="D0N12"/>
            <port dstActor="D0N49" name="p113" srcActor="D0N12"/>
            <port dstActor="D0N44" name="p114" srcActor="D0N35"/>
            <port dstActor="D0N46" name="p115" srcActor="D0N44"/>
            <port dstActor="D0N33" name="p116" srcActor="D0N24"/>
            <port dstActor="D0N44" name="p117" srcActor="D0N24"/>
            <port dstActor="D0N37" name="p118" srcActor="D0N17"/>
            <port dstActor="D0N49" name="p119" srcActor="D0N17"/>
            <port dstActor="D0N39" name="p120" srcActor="D0N17"/>
            <port dstActor="D0N32" name="p121" srcActor="D0N17"/>
            <port dstActor="D0N20" name="p122" srcActor="D0N13"/>
            <port dstActor="D0N30" name="p123" srcActor="D0N13"/>
            <port dstActor="D0N32" name="p124" srcActor="D0N11"/>
            <port dstActor="D0N24" name="p125" srcActor="D0N11"/>
            <port dstActor="D0N47" name="p126" srcActor="D0N11"/>
            <port dstActor="D0N30" name="p127" srcActor="D0N11"/>
            <port dstActor="D0N40" name="p128" srcActor="D0N11"/>
            <port dstActor="D0N13" name="p129" srcActor="D0N11"/>
            <port dstActor="D0N18" name="p130" srcActor="D0N11"/>
            <port dstActor="D0N38" name="p131" srcActor="D0N37"/>
            <port dstActor="D0N41" name="p132" srcActor="D0N37"/>
        </ports>
    </mcdag>
    <cores number="3"/>
    <levels number="2"/>
</mcsystem>
