<?xml version="1.0" encoding="UTF-8" standalone="no"?>
<mcsystem>
    <mcdag deadline="2200" name="genned-0-ed-10.0-0">
        <actor name="D0N7">
            <wcet number="0">50</wcet>
            <wcet number="1">200</wcet>
            <maxpow number="0.7012736141223419"/>
            <maxpow number="0.7012736141223419"/>
            <fprob>0.0</fprob>
        </actor>
        <actor name="D0N25">
            <wcet number="0">100</wcet>
            <wcet number="1">110</wcet>
            <maxpow number="0.46570653120315564"/>
            <maxpow number="0.46570653120315564"/>
            <fprob>0.0</fprob>
        </actor>
        <actor name="D0N42">
            <wcet number="0">200</wcet>
            <wcet number="1">200</wcet>
            <maxpow number="0.28580462621228014"/>
            <maxpow number="0.28580462621228014"/>
            <fprob>0.0</fprob>
        </actor>
        <actor name="D0N23">
            <wcet number="0">10</wcet>
            <wcet number="1">70</wcet>
            <maxpow number="0.7768989403875916"/>
            <maxpow number="0.7768989403875916"/>
            <fprob>0.0</fprob>
        </actor>
        <actor name="D0N44">
            <wcet number="0">10</wcet>
            <wcet number="1">80</wcet>
            <maxpow number="0.532388213446125"/>
            <maxpow number="0.532388213446125"/>
            <fprob>0.0</fprob>
        </actor>
        <actor name="D0N17">
            <wcet number="0">70</wcet>
            <wcet number="1">440</wcet>
            <maxpow number="0.6966825069791556"/>
            <maxpow number="0.6966825069791556"/>
            <fprob>0.0</fprob>
        </actor>
        <actor name="D0N3">
            <wcet number="0">40</wcet>
            <wcet number="1">100</wcet>
            <maxpow number="0.24205789445507853"/>
            <maxpow number="0.24205789445507853"/>
            <fprob>0.0</fprob>
        </actor>
        <actor name="D0N28">
            <wcet number="0">10</wcet>
            <wcet number="1">40</wcet>
            <maxpow number="0.43335737839693367"/>
            <maxpow number="0.43335737839693367"/>
            <fprob>0.0</fprob>
        </actor>
        <actor name="D0N43">
            <wcet number="0">10</wcet>
            <wcet number="1">80</wcet>
            <maxpow number="0.308950629999606"/>
            <maxpow number="0.308950629999606"/>
            <fprob>0.0</fprob>
        </actor>
        <actor name="D0N19">
            <wcet number="0">20</wcet>
            <wcet number="1">300</wcet>
            <maxpow number="0.38258648926849836"/>
            <maxpow number="0.38258648926849836"/>
            <fprob>0.0</fprob>
        </actor>
        <actor name="D0N14">
            <wcet number="0">10</wcet>
            <wcet number="1">30</wcet>
            <maxpow number="0.5093849029260066"/>
            <maxpow number="0.5093849029260066"/>
            <fprob>0.0</fprob>
        </actor>
        <actor name="D0N27">
            <wcet number="0">90</wcet>
            <wcet number="1">130</wcet>
            <maxpow number="0.2957773110382863"/>
            <maxpow number="0.2957773110382863"/>
            <fprob>0.0</fprob>
        </actor>
        <actor name="D0N5">
            <wcet number="0">50</wcet>
            <wcet number="1">240</wcet>
            <maxpow number="0.4327039952377726"/>
            <maxpow number="0.4327039952377726"/>
            <fprob>0.0</fprob>
        </actor>
        <actor name="D0N1">
            <wcet number="0">30</wcet>
            <wcet number="1">50</wcet>
            <maxpow number="0.35308484763737"/>
            <maxpow number="0.35308484763737"/>
            <fprob>0.0</fprob>
        </actor>
        <actor name="D0N31">
            <wcet number="0">30</wcet>
            <wcet number="1">70</wcet>
            <maxpow number="0.8229507424429023"/>
            <maxpow number="0.8229507424429023"/>
            <fprob>0.0</fprob>
        </actor>
        <actor name="D0N16">
            <wcet number="0">50</wcet>
            <wcet number="1">90</wcet>
            <maxpow number="0.8320033090032295"/>
            <maxpow number="0.8320033090032295"/>
            <fprob>0.0</fprob>
        </actor>
        <actor name="D0N38">
            <wcet number="0">40</wcet>
            <wcet number="1">60</wcet>
            <maxpow number="0.4630163853260917"/>
            <maxpow number="0.4630163853260917"/>
            <fprob>0.0</fprob>
        </actor>
        <actor name="D0N36">
            <wcet number="0">180</wcet>
            <wcet number="1">200</wcet>
            <maxpow number="0.7581962891845242"/>
            <maxpow number="0.7581962891845242"/>
            <fprob>0.0</fprob>
        </actor>
        <actor name="D0N34">
            <wcet number="0">90</wcet>
            <wcet number="1">190</wcet>
            <maxpow number="0.44178848754995365"/>
            <maxpow number="0.44178848754995365"/>
            <fprob>0.0</fprob>
        </actor>
        <actor name="D0N30">
            <wcet number="0">40</wcet>
            <wcet number="1">90</wcet>
            <maxpow number="0.3652779847952681"/>
            <maxpow number="0.3652779847952681"/>
            <fprob>0.0</fprob>
        </actor>
        <actor name="D0N22">
            <wcet number="0">20</wcet>
            <wcet number="1">110</wcet>
            <maxpow number="0.37527537827327223"/>
            <maxpow number="0.37527537827327223"/>
            <fprob>0.0</fprob>
        </actor>
        <actor name="D0N41">
            <wcet number="0">10</wcet>
            <wcet number="1">40</wcet>
            <maxpow number="0.6231361638337324"/>
            <maxpow number="0.6231361638337324"/>
            <fprob>0.0</fprob>
        </actor>
        <actor name="D0N20">
            <wcet number="0">20</wcet>
            <wcet number="1">30</wcet>
            <maxpow number="0.5020108173940323"/>
            <maxpow number="0.5020108173940323"/>
            <fprob>0.0</fprob>
        </actor>
        <actor name="D0N39">
            <wcet number="0">60</wcet>
            <wcet number="1">60</wcet>
            <maxpow number="0.6938573505716205"/>
            <maxpow number="0.6938573505716205"/>
            <fprob>0.0</fprob>
        </actor>
        <actor name="D0N40">
            <wcet number="0">30</wcet>
            <wcet number="1">50</wcet>
            <maxpow number="0.6412965523649479"/>
            <maxpow number="0.6412965523649479"/>
            <fprob>0.0</fprob>
        </actor>
        <actor name="D0N33">
            <wcet number="0">120</wcet>
            <wcet number="1">140</wcet>
            <maxpow number="0.9224071811045443"/>
            <maxpow number="0.9224071811045443"/>
            <fprob>0.0</fprob>
        </actor>
        <actor name="D0N10">
            <wcet number="0">60</wcet>
            <wcet number="1">60</wcet>
            <maxpow number="0.48331244941748075"/>
            <maxpow number="0.48331244941748075"/>
            <fprob>0.0</fprob>
        </actor>
        <actor name="D0N4">
            <wcet number="0">160</wcet>
            <wcet number="1">220</wcet>
            <maxpow number="0.7059392776299431"/>
            <maxpow number="0.7059392776299431"/>
            <fprob>0.0</fprob>
        </actor>
        <actor name="D0N8">
            <wcet number="0">90</wcet>
            <wcet number="1">200</wcet>
            <maxpow number="0.32063608990160686"/>
            <maxpow number="0.32063608990160686"/>
            <fprob>0.0</fprob>
        </actor>
        <actor name="D0N32">
            <wcet number="0">250</wcet>
            <wcet number="1">280</wcet>
            <maxpow number="0.6071652509820785"/>
            <maxpow number="0.6071652509820785"/>
            <fprob>0.0</fprob>
        </actor>
        <actor name="D0N12">
            <wcet number="0">70</wcet>
            <wcet number="1">110</wcet>
            <maxpow number="0.7196761967594103"/>
            <maxpow number="0.7196761967594103"/>
            <fprob>0.0</fprob>
        </actor>
        <actor name="D0N29">
            <wcet number="0">30</wcet>
            <wcet number="1">60</wcet>
            <maxpow number="0.5184223784304928"/>
            <maxpow number="0.5184223784304928"/>
            <fprob>0.0</fprob>
        </actor>
        <actor name="D0N9">
            <wcet number="0">30</wcet>
            <wcet number="1">40</wcet>
            <maxpow number="0.4573486519113967"/>
            <maxpow number="0.4573486519113967"/>
            <fprob>0.0</fprob>
        </actor>
        <actor name="D0N18">
            <wcet number="0">30</wcet>
            <wcet number="1">50</wcet>
            <maxpow number="0.42101397714827016"/>
            <maxpow number="0.42101397714827016"/>
            <fprob>0.0</fprob>
        </actor>
        <actor name="D0N45">
            <wcet number="0">10</wcet>
            <wcet number="1">160</wcet>
            <maxpow number="0.4605157909663491"/>
            <maxpow number="0.4605157909663491"/>
            <fprob>0.0</fprob>
        </actor>
        <actor name="D0N37">
            <wcet number="0">10</wcet>
            <wcet number="1">70</wcet>
            <maxpow number="0.9098878428154493"/>
            <maxpow number="0.9098878428154493"/>
            <fprob>0.0</fprob>
        </actor>
        <actor name="D0N11">
            <wcet number="0">20</wcet>
            <wcet number="1">20</wcet>
            <maxpow number="0.570114876430966"/>
            <maxpow number="0.570114876430966"/>
            <fprob>0.0</fprob>
        </actor>
        <actor name="D0N6">
            <wcet number="0">10</wcet>
            <wcet number="1">100</wcet>
            <maxpow number="0.6749183623427503"/>
            <maxpow number="0.6749183623427503"/>
            <fprob>0.0</fprob>
        </actor>
        <actor name="D0N35">
            <wcet number="0">70</wcet>
            <wcet number="1">100</wcet>
            <maxpow number="0.547707933639965"/>
            <maxpow number="0.547707933639965"/>
            <fprob>0.0</fprob>
        </actor>
        <actor name="D0N0">
            <wcet number="0">170</wcet>
            <wcet number="1">360</wcet>
            <maxpow number="0.3049078809517129"/>
            <maxpow number="0.3049078809517129"/>
            <fprob>0.0</fprob>
        </actor>
        <actor name="D0N24">
            <wcet number="0">50</wcet>
            <wcet number="1">50</wcet>
            <maxpow number="0.5401836278088061"/>
            <maxpow number="0.5401836278088061"/>
            <fprob>0.0</fprob>
        </actor>
        <actor name="D0N15">
            <wcet number="0">40</wcet>
            <wcet number="1">70</wcet>
            <maxpow number="0.41751949411961664"/>
            <maxpow number="0.41751949411961664"/>
            <fprob>0.0</fprob>
        </actor>
        <actor name="D0N26">
            <wcet number="0">90</wcet>
            <wcet number="1">130</wcet>
            <maxpow number="0.6709006243274267"/>
            <maxpow number="0.6709006243274267"/>
            <fprob>0.0</fprob>
        </actor>
        <actor name="D0N13">
            <wcet number="0">30</wcet>
            <wcet number="1">50</wcet>
            <maxpow number="0.7861886647695097"/>
            <maxpow number="0.7861886647695097"/>
            <fprob>0.0</fprob>
        </actor>
        <actor name="D0N2">
            <wcet number="0">20</wcet>
            <wcet number="1">40</wcet>
            <maxpow number="0.48712279620693977"/>
            <maxpow number="0.48712279620693977"/>
            <fprob>0.0</fprob>
        </actor>
        <actor name="D0N21">
            <wcet number="0">340</wcet>
            <wcet number="1">350</wcet>
            <maxpow number="0.38557497881314895"/>
            <maxpow number="0.38557497881314895"/>
            <fprob>0.0</fprob>
        </actor>
        <ports>
            <port dstActor="D0N26" name="p0" srcActor="D0N7"/>
            <port dstActor="D0N8" name="p1" srcActor="D0N7"/>
            <port dstActor="D0N23" name="p2" srcActor="D0N7"/>
            <port dstActor="D0N34" name="p3" srcActor="D0N25"/>
            <port dstActor="D0N44" name="p4" srcActor="D0N42"/>
            <port dstActor="D0N27" name="p5" srcActor="D0N23"/>
            <port dstActor="D0N42" name="p6" srcActor="D0N17"/>
            <port dstActor="D0N26" name="p7" srcActor="D0N17"/>
            <port dstActor="D0N30" name="p8" srcActor="D0N17"/>
            <port dstActor="D0N40" name="p9" srcActor="D0N3"/>
            <port dstActor="D0N15" name="p10" srcActor="D0N3"/>
            <port dstActor="D0N43" name="p11" srcActor="D0N3"/>
            <port dstActor="D0N35" name="p12" srcActor="D0N3"/>
            <port dstActor="D0N36" name="p13" srcActor="D0N3"/>
            <port dstActor="D0N41" name="p14" srcActor="D0N19"/>
            <port dstActor="D0N33" name="p15" srcActor="D0N19"/>
            <port dstActor="D0N38" name="p16" srcActor="D0N14"/>
            <port dstActor="D0N36" name="p17" srcActor="D0N14"/>
            <port dstActor="D0N44" name="p18" srcActor="D0N14"/>
            <port dstActor="D0N40" name="p19" srcActor="D0N14"/>
            <port dstActor="D0N41" name="p20" srcActor="D0N27"/>
            <port dstActor="D0N36" name="p21" srcActor="D0N5"/>
            <port dstActor="D0N25" name="p22" srcActor="D0N5"/>
            <port dstActor="D0N21" name="p23" srcActor="D0N5"/>
            <port dstActor="D0N30" name="p24" srcActor="D0N5"/>
            <port dstActor="D0N24" name="p25" srcActor="D0N5"/>
            <port dstActor="D0N33" name="p26" srcActor="D0N31"/>
            <port dstActor="D0N45" name="p27" srcActor="D0N34"/>
            <port dstActor="D0N42" name="p28" srcActor="D0N41"/>
            <port dstActor="D0N22" name="p29" srcActor="D0N20"/>
            <port dstActor="D0N42" name="p30" srcActor="D0N20"/>
            <port dstActor="D0N36" name="p31" srcActor="D0N20"/>
            <port dstActor="D0N31" name="p32" srcActor="D0N20"/>
            <port dstActor="D0N40" name="p33" srcActor="D0N39"/>
            <port dstActor="D0N45" name="p34" srcActor="D0N40"/>
            <port dstActor="D0N43" name="p35" srcActor="D0N40"/>
            <port dstActor="D0N44" name="p36" srcActor="D0N40"/>
            <port dstActor="D0N45" name="p37" srcActor="D0N4"/>
            <port dstActor="D0N42" name="p38" srcActor="D0N4"/>
            <port dstActor="D0N5" name="p39" srcActor="D0N4"/>
            <port dstActor="D0N11" name="p40" srcActor="D0N4"/>
            <port dstActor="D0N30" name="p41" srcActor="D0N8"/>
            <port dstActor="D0N36" name="p42" srcActor="D0N8"/>
            <port dstActor="D0N25" name="p43" srcActor="D0N8"/>
            <port dstActor="D0N14" name="p44" srcActor="D0N8"/>
            <port dstActor="D0N24" name="p45" srcActor="D0N8"/>
            <port dstActor="D0N16" name="p46" srcActor="D0N8"/>
            <port dstActor="D0N38" name="p47" srcActor="D0N32"/>
            <port dstActor="D0N43" name="p48" srcActor="D0N32"/>
            <port dstActor="D0N24" name="p49" srcActor="D0N12"/>
            <port dstActor="D0N38" name="p50" srcActor="D0N29"/>
            <port dstActor="D0N43" name="p51" srcActor="D0N29"/>
            <port dstActor="D0N35" name="p52" srcActor="D0N29"/>
            <port dstActor="D0N17" name="p53" srcActor="D0N9"/>
            <port dstActor="D0N22" name="p54" srcActor="D0N9"/>
            <port dstActor="D0N38" name="p55" srcActor="D0N9"/>
            <port dstActor="D0N28" name="p56" srcActor="D0N9"/>
            <port dstActor="D0N32" name="p57" srcActor="D0N18"/>
            <port dstActor="D0N34" name="p58" srcActor="D0N18"/>
            <port dstActor="D0N25" name="p59" srcActor="D0N18"/>
            <port dstActor="D0N45" name="p60" srcActor="D0N37"/>
            <port dstActor="D0N39" name="p61" srcActor="D0N11"/>
            <port dstActor="D0N31" name="p62" srcActor="D0N11"/>
            <port dstActor="D0N33" name="p63" srcActor="D0N11"/>
            <port dstActor="D0N13" name="p64" srcActor="D0N11"/>
            <port dstActor="D0N42" name="p65" srcActor="D0N11"/>
            <port dstActor="D0N11" name="p66" srcActor="D0N6"/>
            <port dstActor="D0N15" name="p67" srcActor="D0N6"/>
            <port dstActor="D0N21" name="p68" srcActor="D0N6"/>
            <port dstActor="D0N28" name="p69" srcActor="D0N6"/>
            <port dstActor="D0N45" name="p70" srcActor="D0N6"/>
            <port dstActor="D0N44" name="p71" srcActor="D0N6"/>
            <port dstActor="D0N29" name="p72" srcActor="D0N6"/>
            <port dstActor="D0N28" name="p73" srcActor="D0N0"/>
            <port dstActor="D0N30" name="p74" srcActor="D0N0"/>
            <port dstActor="D0N31" name="p75" srcActor="D0N0"/>
            <port dstActor="D0N28" name="p76" srcActor="D0N24"/>
            <port dstActor="D0N33" name="p77" srcActor="D0N24"/>
            <port dstActor="D0N38" name="p78" srcActor="D0N15"/>
            <port dstActor="D0N32" name="p79" srcActor="D0N15"/>
            <port dstActor="D0N37" name="p80" srcActor="D0N15"/>
            <port dstActor="D0N38" name="p81" srcActor="D0N26"/>
            <port dstActor="D0N44" name="p82" srcActor="D0N13"/>
            <port dstActor="D0N27" name="p83" srcActor="D0N13"/>
            <port dstActor="D0N28" name="p84" srcActor="D0N13"/>
            <port dstActor="D0N12" name="p85" srcActor="D0N2"/>
            <port dstActor="D0N7" name="p86" srcActor="D0N2"/>
            <port dstActor="D0N25" name="p87" srcActor="D0N2"/>
            <port dstActor="D0N44" name="p88" srcActor="D0N2"/>
            <port dstActor="D0N15" name="p89" srcActor="D0N2"/>
            <port dstActor="D0N26" name="p90" srcActor="D0N21"/>
            <port dstActor="D0N30" name="p91" srcActor="D0N21"/>
        </ports>
    </mcdag>
    <cores number="3"/>
    <levels number="2"/>
</mcsystem>
