<?xml version="1.0" encoding="UTF-8" standalone="no"?>
<mcsystem>
    <mcdag deadline="1500" name="genned-0-ed-10.0-0">
        <actor name="D0N35">
            <wcet number="0">30</wcet>
            <wcet number="1">30</wcet>
            <maxpow number="0.43310982202779563"/>
            <maxpow number="0.43310982202779563"/>
            <fprob>0.0</fprob>
        </actor>
        <actor name="D0N22">
            <wcet number="0">30</wcet>
            <wcet number="1">100</wcet>
            <maxpow number="0.2127190973776874"/>
            <maxpow number="0.2127190973776874"/>
            <fprob>0.0</fprob>
        </actor>
        <actor name="D0N44">
            <wcet number="0">50</wcet>
            <wcet number="1">50</wcet>
            <maxpow number="0.5651155794644702"/>
            <maxpow number="0.5651155794644702"/>
            <fprob>0.0</fprob>
        </actor>
        <actor name="D0N31">
            <wcet number="0">70</wcet>
            <wcet number="1">80</wcet>
            <maxpow number="0.5865901135989935"/>
            <maxpow number="0.5865901135989935"/>
            <fprob>0.0</fprob>
        </actor>
        <actor name="D0N17">
            <wcet number="0">70</wcet>
            <wcet number="1">70</wcet>
            <maxpow number="0.21022058279529898"/>
            <maxpow number="0.21022058279529898"/>
            <fprob>0.0</fprob>
        </actor>
        <actor name="D0N33">
            <wcet number="0">20</wcet>
            <wcet number="1">20</wcet>
            <maxpow number="0.24550455369177387"/>
            <maxpow number="0.24550455369177387"/>
            <fprob>0.0</fprob>
        </actor>
        <actor name="D0N19">
            <wcet number="0">90</wcet>
            <wcet number="1">150</wcet>
            <maxpow number="0.4824535100983462"/>
            <maxpow number="0.4824535100983462"/>
            <fprob>0.0</fprob>
        </actor>
        <actor name="D0N43">
            <wcet number="0">10</wcet>
            <wcet number="1">10</wcet>
            <maxpow number="0.4973050958251506"/>
            <maxpow number="0.4973050958251506"/>
            <fprob>0.0</fprob>
        </actor>
        <actor name="D0N45">
            <wcet number="0">20</wcet>
            <wcet number="1">20</wcet>
            <maxpow number="0.20341343594456834"/>
            <maxpow number="0.20341343594456834"/>
            <fprob>0.0</fprob>
        </actor>
        <actor name="D0N39">
            <wcet number="0">30</wcet>
            <wcet number="1">30</wcet>
            <maxpow number="0.5325546970897987"/>
            <maxpow number="0.5325546970897987"/>
            <fprob>0.0</fprob>
        </actor>
        <actor name="D0N4">
            <wcet number="0">10</wcet>
            <wcet number="1">40</wcet>
            <maxpow number="0.5062797814965285"/>
            <maxpow number="0.5062797814965285"/>
            <fprob>0.0</fprob>
        </actor>
        <actor name="D0N25">
            <wcet number="0">70</wcet>
            <wcet number="1">280</wcet>
            <maxpow number="0.49467015223609395"/>
            <maxpow number="0.49467015223609395"/>
            <fprob>0.0</fprob>
        </actor>
        <actor name="D0N5">
            <wcet number="0">10</wcet>
            <wcet number="1">10</wcet>
            <maxpow number="0.551901735065108"/>
            <maxpow number="0.551901735065108"/>
            <fprob>0.0</fprob>
        </actor>
        <actor name="D0N38">
            <wcet number="0">10</wcet>
            <wcet number="1">10</wcet>
            <maxpow number="0.8723646450164825"/>
            <maxpow number="0.8723646450164825"/>
            <fprob>0.0</fprob>
        </actor>
        <actor name="D0N16">
            <wcet number="0">80</wcet>
            <wcet number="1">90</wcet>
            <maxpow number="0.5117709647783947"/>
            <maxpow number="0.5117709647783947"/>
            <fprob>0.0</fprob>
        </actor>
        <actor name="D0N12">
            <wcet number="0">150</wcet>
            <wcet number="1">150</wcet>
            <maxpow number="0.5388343913875493"/>
            <maxpow number="0.5388343913875493"/>
            <fprob>0.0</fprob>
        </actor>
        <actor name="D0N36">
            <wcet number="0">40</wcet>
            <wcet number="1">40</wcet>
            <maxpow number="0.5921956640385714"/>
            <maxpow number="0.5921956640385714"/>
            <fprob>0.0</fprob>
        </actor>
        <actor name="D0N13">
            <wcet number="0">10</wcet>
            <wcet number="1">20</wcet>
            <maxpow number="0.6308955096913811"/>
            <maxpow number="0.6308955096913811"/>
            <fprob>0.0</fprob>
        </actor>
        <actor name="D0N2">
            <wcet number="0">10</wcet>
            <wcet number="1">60</wcet>
            <maxpow number="0.3522593230129419"/>
            <maxpow number="0.3522593230129419"/>
            <fprob>0.0</fprob>
        </actor>
        <actor name="D0N10">
            <wcet number="0">10</wcet>
            <wcet number="1">10</wcet>
            <maxpow number="0.46011291041396835"/>
            <maxpow number="0.46011291041396835"/>
            <fprob>0.0</fprob>
        </actor>
        <actor name="D0N46">
            <wcet number="0">190</wcet>
            <wcet number="1">190</wcet>
            <maxpow number="0.6080462273589982"/>
            <maxpow number="0.6080462273589982"/>
            <fprob>0.0</fprob>
        </actor>
        <actor name="D0N14">
            <wcet number="0">70</wcet>
            <wcet number="1">90</wcet>
            <maxpow number="0.5598176234833148"/>
            <maxpow number="0.5598176234833148"/>
            <fprob>0.0</fprob>
        </actor>
        <actor name="D0N28">
            <wcet number="0">190</wcet>
            <wcet number="1">190</wcet>
            <maxpow number="0.4549761994364378"/>
            <maxpow number="0.4549761994364378"/>
            <fprob>0.0</fprob>
        </actor>
        <actor name="D0N42">
            <wcet number="0">20</wcet>
            <wcet number="1">20</wcet>
            <maxpow number="0.785215969094717"/>
            <maxpow number="0.785215969094717"/>
            <fprob>0.0</fprob>
        </actor>
        <actor name="D0N26">
            <wcet number="0">10</wcet>
            <wcet number="1">10</wcet>
            <maxpow number="0.5612916942039056"/>
            <maxpow number="0.5612916942039056"/>
            <fprob>0.0</fprob>
        </actor>
        <actor name="D0N34">
            <wcet number="0">10</wcet>
            <wcet number="1">50</wcet>
            <maxpow number="0.7217464467960234"/>
            <maxpow number="0.7217464467960234"/>
            <fprob>0.0</fprob>
        </actor>
        <actor name="D0N40">
            <wcet number="0">60</wcet>
            <wcet number="1">70</wcet>
            <maxpow number="0.5704351081988657"/>
            <maxpow number="0.5704351081988657"/>
            <fprob>0.0</fprob>
        </actor>
        <actor name="D0N41">
            <wcet number="0">10</wcet>
            <wcet number="1">20</wcet>
            <maxpow number="0.3855508382845906"/>
            <maxpow number="0.3855508382845906"/>
            <fprob>0.0</fprob>
        </actor>
        <actor name="D0N18">
            <wcet number="0">30</wcet>
            <wcet number="1">40</wcet>
            <maxpow number="0.37580878976934384"/>
            <maxpow number="0.37580878976934384"/>
            <fprob>0.0</fprob>
        </actor>
        <actor name="D0N29">
            <wcet number="0">40</wcet>
            <wcet number="1">140</wcet>
            <maxpow number="0.6137381869409105"/>
            <maxpow number="0.6137381869409105"/>
            <fprob>0.0</fprob>
        </actor>
        <actor name="D0N24">
            <wcet number="0">40</wcet>
            <wcet number="1">50</wcet>
            <maxpow number="0.46257378459481424"/>
            <maxpow number="0.46257378459481424"/>
            <fprob>0.0</fprob>
        </actor>
        <actor name="D0N27">
            <wcet number="0">50</wcet>
            <wcet number="1">60</wcet>
            <maxpow number="0.6603625091499152"/>
            <maxpow number="0.6603625091499152"/>
            <fprob>0.0</fprob>
        </actor>
        <actor name="D0N8">
            <wcet number="0">50</wcet>
            <wcet number="1">110</wcet>
            <maxpow number="0.5400866491798638"/>
            <maxpow number="0.5400866491798638"/>
            <fprob>0.0</fprob>
        </actor>
        <actor name="D0N9">
            <wcet number="0">30</wcet>
            <wcet number="1">50</wcet>
            <maxpow number="0.5255103138637911"/>
            <maxpow number="0.5255103138637911"/>
            <fprob>0.0</fprob>
        </actor>
        <actor name="D0N32">
            <wcet number="0">40</wcet>
            <wcet number="1">60</wcet>
            <maxpow number="0.6369692084784642"/>
            <maxpow number="0.6369692084784642"/>
            <fprob>0.0</fprob>
        </actor>
        <actor name="D0N3">
            <wcet number="0">70</wcet>
            <wcet number="1">220</wcet>
            <maxpow number="0.5987450334237914"/>
            <maxpow number="0.5987450334237914"/>
            <fprob>0.0</fprob>
        </actor>
        <actor name="D0N37">
            <wcet number="0">10</wcet>
            <wcet number="1">40</wcet>
            <maxpow number="0.7932118035486357"/>
            <maxpow number="0.7932118035486357"/>
            <fprob>0.0</fprob>
        </actor>
        <actor name="D0N15">
            <wcet number="0">10</wcet>
            <wcet number="1">90</wcet>
            <maxpow number="0.45434464329321067"/>
            <maxpow number="0.45434464329321067"/>
            <fprob>0.0</fprob>
        </actor>
        <actor name="D0N20">
            <wcet number="0">10</wcet>
            <wcet number="1">50</wcet>
            <maxpow number="0.20953548982889386"/>
            <maxpow number="0.20953548982889386"/>
            <fprob>0.0</fprob>
        </actor>
        <actor name="D0N30">
            <wcet number="0">50</wcet>
            <wcet number="1">50</wcet>
            <maxpow number="0.7386599977633956"/>
            <maxpow number="0.7386599977633956"/>
            <fprob>0.0</fprob>
        </actor>
        <actor name="D0N0">
            <wcet number="0">30</wcet>
            <wcet number="1">30</wcet>
            <maxpow number="0.3713678501888266"/>
            <maxpow number="0.3713678501888266"/>
            <fprob>0.0</fprob>
        </actor>
        <actor name="D0N7">
            <wcet number="0">10</wcet>
            <wcet number="1">30</wcet>
            <maxpow number="0.34845084803970927"/>
            <maxpow number="0.34845084803970927"/>
            <fprob>0.0</fprob>
        </actor>
        <actor name="D0N6">
            <wcet number="0">20</wcet>
            <wcet number="1">20</wcet>
            <maxpow number="0.7200219238204661"/>
            <maxpow number="0.7200219238204661"/>
            <fprob>0.0</fprob>
        </actor>
        <actor name="D0N23">
            <wcet number="0">10</wcet>
            <wcet number="1">100</wcet>
            <maxpow number="0.5540428544414986"/>
            <maxpow number="0.5540428544414986"/>
            <fprob>0.0</fprob>
        </actor>
        <actor name="D0N1">
            <wcet number="0">20</wcet>
            <wcet number="1">20</wcet>
            <maxpow number="0.24670849580700405"/>
            <maxpow number="0.24670849580700405"/>
            <fprob>0.0</fprob>
        </actor>
        <actor name="D0N21">
            <wcet number="0">70</wcet>
            <wcet number="1">210</wcet>
            <maxpow number="0.5407883407309078"/>
            <maxpow number="0.5407883407309078"/>
            <fprob>0.0</fprob>
        </actor>
        <actor name="D0N11">
            <wcet number="0">10</wcet>
            <wcet number="1">20</wcet>
            <maxpow number="0.651951642010208"/>
            <maxpow number="0.651951642010208"/>
            <fprob>0.0</fprob>
        </actor>
        <ports>
            <port dstActor="D0N27" name="p0" srcActor="D0N22"/>
            <port dstActor="D0N40" name="p1" srcActor="D0N22"/>
            <port dstActor="D0N32" name="p2" srcActor="D0N22"/>
            <port dstActor="D0N44" name="p3" srcActor="D0N31"/>
            <port dstActor="D0N38" name="p4" srcActor="D0N31"/>
            <port dstActor="D0N43" name="p5" srcActor="D0N17"/>
            <port dstActor="D0N28" name="p6" srcActor="D0N17"/>
            <port dstActor="D0N27" name="p7" srcActor="D0N17"/>
            <port dstActor="D0N30" name="p8" srcActor="D0N17"/>
            <port dstActor="D0N40" name="p9" srcActor="D0N33"/>
            <port dstActor="D0N43" name="p10" srcActor="D0N19"/>
            <port dstActor="D0N22" name="p11" srcActor="D0N19"/>
            <port dstActor="D0N34" name="p12" srcActor="D0N19"/>
            <port dstActor="D0N44" name="p13" srcActor="D0N19"/>
            <port dstActor="D0N43" name="p14" srcActor="D0N4"/>
            <port dstActor="D0N8" name="p15" srcActor="D0N4"/>
            <port dstActor="D0N21" name="p16" srcActor="D0N4"/>
            <port dstActor="D0N10" name="p17" srcActor="D0N4"/>
            <port dstActor="D0N45" name="p18" srcActor="D0N4"/>
            <port dstActor="D0N12" name="p19" srcActor="D0N4"/>
            <port dstActor="D0N42" name="p20" srcActor="D0N25"/>
            <port dstActor="D0N24" name="p21" srcActor="D0N5"/>
            <port dstActor="D0N8" name="p22" srcActor="D0N5"/>
            <port dstActor="D0N44" name="p23" srcActor="D0N5"/>
            <port dstActor="D0N18" name="p24" srcActor="D0N5"/>
            <port dstActor="D0N43" name="p25" srcActor="D0N38"/>
            <port dstActor="D0N39" name="p26" srcActor="D0N38"/>
            <port dstActor="D0N45" name="p27" srcActor="D0N38"/>
            <port dstActor="D0N37" name="p28" srcActor="D0N16"/>
            <port dstActor="D0N34" name="p29" srcActor="D0N16"/>
            <port dstActor="D0N18" name="p30" srcActor="D0N16"/>
            <port dstActor="D0N39" name="p31" srcActor="D0N12"/>
            <port dstActor="D0N20" name="p32" srcActor="D0N12"/>
            <port dstActor="D0N40" name="p33" srcActor="D0N12"/>
            <port dstActor="D0N32" name="p34" srcActor="D0N12"/>
            <port dstActor="D0N17" name="p35" srcActor="D0N13"/>
            <port dstActor="D0N42" name="p36" srcActor="D0N13"/>
            <port dstActor="D0N41" name="p37" srcActor="D0N2"/>
            <port dstActor="D0N11" name="p38" srcActor="D0N2"/>
            <port dstActor="D0N44" name="p39" srcActor="D0N2"/>
            <port dstActor="D0N14" name="p40" srcActor="D0N2"/>
            <port dstActor="D0N22" name="p41" srcActor="D0N2"/>
            <port dstActor="D0N7" name="p42" srcActor="D0N2"/>
            <port dstActor="D0N28" name="p43" srcActor="D0N10"/>
            <port dstActor="D0N17" name="p44" srcActor="D0N10"/>
            <port dstActor="D0N34" name="p45" srcActor="D0N10"/>
            <port dstActor="D0N42" name="p46" srcActor="D0N14"/>
            <port dstActor="D0N35" name="p47" srcActor="D0N14"/>
            <port dstActor="D0N36" name="p48" srcActor="D0N14"/>
            <port dstActor="D0N26" name="p49" srcActor="D0N14"/>
            <port dstActor="D0N43" name="p50" srcActor="D0N14"/>
            <port dstActor="D0N37" name="p51" srcActor="D0N28"/>
            <port dstActor="D0N31" name="p52" srcActor="D0N26"/>
            <port dstActor="D0N40" name="p53" srcActor="D0N26"/>
            <port dstActor="D0N45" name="p54" srcActor="D0N40"/>
            <port dstActor="D0N46" name="p55" srcActor="D0N18"/>
            <port dstActor="D0N25" name="p56" srcActor="D0N18"/>
            <port dstActor="D0N38" name="p57" srcActor="D0N18"/>
            <port dstActor="D0N34" name="p58" srcActor="D0N18"/>
            <port dstActor="D0N37" name="p59" srcActor="D0N29"/>
            <port dstActor="D0N41" name="p60" srcActor="D0N29"/>
            <port dstActor="D0N36" name="p61" srcActor="D0N29"/>
            <port dstActor="D0N34" name="p62" srcActor="D0N24"/>
            <port dstActor="D0N46" name="p63" srcActor="D0N27"/>
            <port dstActor="D0N44" name="p64" srcActor="D0N27"/>
            <port dstActor="D0N22" name="p65" srcActor="D0N8"/>
            <port dstActor="D0N14" name="p66" srcActor="D0N8"/>
            <port dstActor="D0N23" name="p67" srcActor="D0N8"/>
            <port dstActor="D0N11" name="p68" srcActor="D0N9"/>
            <port dstActor="D0N34" name="p69" srcActor="D0N9"/>
            <port dstActor="D0N23" name="p70" srcActor="D0N9"/>
            <port dstActor="D0N12" name="p71" srcActor="D0N9"/>
            <port dstActor="D0N46" name="p72" srcActor="D0N9"/>
            <port dstActor="D0N46" name="p73" srcActor="D0N32"/>
            <port dstActor="D0N43" name="p74" srcActor="D0N32"/>
            <port dstActor="D0N4" name="p75" srcActor="D0N3"/>
            <port dstActor="D0N26" name="p76" srcActor="D0N3"/>
            <port dstActor="D0N30" name="p77" srcActor="D0N3"/>
            <port dstActor="D0N35" name="p78" srcActor="D0N3"/>
            <port dstActor="D0N33" name="p79" srcActor="D0N15"/>
            <port dstActor="D0N22" name="p80" srcActor="D0N15"/>
            <port dstActor="D0N28" name="p81" srcActor="D0N15"/>
            <port dstActor="D0N46" name="p82" srcActor="D0N15"/>
            <port dstActor="D0N42" name="p83" srcActor="D0N30"/>
            <port dstActor="D0N43" name="p84" srcActor="D0N30"/>
            <port dstActor="D0N26" name="p85" srcActor="D0N0"/>
            <port dstActor="D0N39" name="p86" srcActor="D0N0"/>
            <port dstActor="D0N37" name="p87" srcActor="D0N0"/>
            <port dstActor="D0N7" name="p88" srcActor="D0N0"/>
            <port dstActor="D0N34" name="p89" srcActor="D0N0"/>
            <port dstActor="D0N15" name="p90" srcActor="D0N7"/>
            <port dstActor="D0N9" name="p91" srcActor="D0N6"/>
            <port dstActor="D0N19" name="p92" srcActor="D0N6"/>
            <port dstActor="D0N24" name="p93" srcActor="D0N23"/>
            <port dstActor="D0N42" name="p94" srcActor="D0N23"/>
            <port dstActor="D0N43" name="p95" srcActor="D0N23"/>
            <port dstActor="D0N42" name="p96" srcActor="D0N1"/>
            <port dstActor="D0N21" name="p97" srcActor="D0N1"/>
            <port dstActor="D0N41" name="p98" srcActor="D0N21"/>
            <port dstActor="D0N39" name="p99" srcActor="D0N21"/>
            <port dstActor="D0N35" name="p100" srcActor="D0N21"/>
            <port dstActor="D0N41" name="p101" srcActor="D0N11"/>
            <port dstActor="D0N44" name="p102" srcActor="D0N11"/>
            <port dstActor="D0N24" name="p103" srcActor="D0N11"/>
            <port dstActor="D0N42" name="p104" srcActor="D0N11"/>
            <port dstActor="D0N43" name="p105" srcActor="D0N11"/>
        </ports>
    </mcdag>
    <cores number="3"/>
    <levels number="2"/>
</mcsystem>
