<?xml version="1.0" encoding="UTF-8" standalone="no"?>
<mcsystem>
    <mcdag deadline="4000" name="genned-0-ed-10.0-0">
        <actor name="D0N3">
            <wcet number="0">40</wcet>
            <wcet number="1">150</wcet>
            <maxpow number="0.6970795147825588"/>
            <maxpow number="0.6970795147825588"/>
            <fprob>0.0</fprob>
        </actor>
        <actor name="D0N2">
            <wcet number="0">230</wcet>
            <wcet number="1">330</wcet>
            <maxpow number="0.5983915255629463"/>
            <maxpow number="0.5983915255629463"/>
            <fprob>0.0</fprob>
        </actor>
        <actor name="D0N37">
            <wcet number="0">390</wcet>
            <wcet number="1">410</wcet>
            <maxpow number="0.6909030875955053"/>
            <maxpow number="0.6909030875955053"/>
            <fprob>0.0</fprob>
        </actor>
        <actor name="D0N0">
            <wcet number="0">290</wcet>
            <wcet number="1">490</wcet>
            <maxpow number="0.7142516678218553"/>
            <maxpow number="0.7142516678218553"/>
            <fprob>0.0</fprob>
        </actor>
        <actor name="D0N7">
            <wcet number="0">70</wcet>
            <wcet number="1">190</wcet>
            <maxpow number="0.505659491347522"/>
            <maxpow number="0.505659491347522"/>
            <fprob>0.0</fprob>
        </actor>
        <actor name="D0N18">
            <wcet number="0">10</wcet>
            <wcet number="1">10</wcet>
            <maxpow number="0.40545624227747185"/>
            <maxpow number="0.40545624227747185"/>
            <fprob>0.0</fprob>
        </actor>
        <actor name="D0N17">
            <wcet number="0">350</wcet>
            <wcet number="1">710</wcet>
            <maxpow number="0.8460664778195829"/>
            <maxpow number="0.8460664778195829"/>
            <fprob>0.0</fprob>
        </actor>
        <actor name="D0N19">
            <wcet number="0">10</wcet>
            <wcet number="1">10</wcet>
            <maxpow number="0.989685235862749"/>
            <maxpow number="0.989685235862749"/>
            <fprob>0.0</fprob>
        </actor>
        <actor name="D0N30">
            <wcet number="0">50</wcet>
            <wcet number="1">50</wcet>
            <maxpow number="0.3951756603681691"/>
            <maxpow number="0.3951756603681691"/>
            <fprob>0.0</fprob>
        </actor>
        <actor name="D0N47">
            <wcet number="0">50</wcet>
            <wcet number="1">60</wcet>
            <maxpow number="0.5643901362732918"/>
            <maxpow number="0.5643901362732918"/>
            <fprob>0.0</fprob>
        </actor>
        <actor name="D0N43">
            <wcet number="0">20</wcet>
            <wcet number="1">330</wcet>
            <maxpow number="0.697627558560211"/>
            <maxpow number="0.697627558560211"/>
            <fprob>0.0</fprob>
        </actor>
        <actor name="D0N1">
            <wcet number="0">80</wcet>
            <wcet number="1">90</wcet>
            <maxpow number="0.5233680870735046"/>
            <maxpow number="0.5233680870735046"/>
            <fprob>0.0</fprob>
        </actor>
        <actor name="D0N36">
            <wcet number="0">10</wcet>
            <wcet number="1">220</wcet>
            <maxpow number="0.4567629196351315"/>
            <maxpow number="0.4567629196351315"/>
            <fprob>0.0</fprob>
        </actor>
        <actor name="D0N45">
            <wcet number="0">80</wcet>
            <wcet number="1">140</wcet>
            <maxpow number="0.48532117286291254"/>
            <maxpow number="0.48532117286291254"/>
            <fprob>0.0</fprob>
        </actor>
        <actor name="D0N8">
            <wcet number="0">170</wcet>
            <wcet number="1">290</wcet>
            <maxpow number="0.4018376305449932"/>
            <maxpow number="0.4018376305449932"/>
            <fprob>0.0</fprob>
        </actor>
        <actor name="D0N35">
            <wcet number="0">20</wcet>
            <wcet number="1">60</wcet>
            <maxpow number="0.5611923732841139"/>
            <maxpow number="0.5611923732841139"/>
            <fprob>0.0</fprob>
        </actor>
        <actor name="D0N39">
            <wcet number="0">160</wcet>
            <wcet number="1">180</wcet>
            <maxpow number="0.4950672306315248"/>
            <maxpow number="0.4950672306315248"/>
            <fprob>0.0</fprob>
        </actor>
        <actor name="D0N6">
            <wcet number="0">10</wcet>
            <wcet number="1">20</wcet>
            <maxpow number="0.265662277865534"/>
            <maxpow number="0.265662277865534"/>
            <fprob>0.0</fprob>
        </actor>
        <actor name="D0N24">
            <wcet number="0">320</wcet>
            <wcet number="1">340</wcet>
            <maxpow number="0.7228575941919223"/>
            <maxpow number="0.7228575941919223"/>
            <fprob>0.0</fprob>
        </actor>
        <actor name="D0N29">
            <wcet number="0">60</wcet>
            <wcet number="1">70</wcet>
            <maxpow number="0.7764099600183139"/>
            <maxpow number="0.7764099600183139"/>
            <fprob>0.0</fprob>
        </actor>
        <actor name="D0N11">
            <wcet number="0">10</wcet>
            <wcet number="1">30</wcet>
            <maxpow number="0.5223987304505666"/>
            <maxpow number="0.5223987304505666"/>
            <fprob>0.0</fprob>
        </actor>
        <actor name="D0N34">
            <wcet number="0">10</wcet>
            <wcet number="1">20</wcet>
            <maxpow number="0.4857613830256472"/>
            <maxpow number="0.4857613830256472"/>
            <fprob>0.0</fprob>
        </actor>
        <actor name="D0N40">
            <wcet number="0">30</wcet>
            <wcet number="1">40</wcet>
            <maxpow number="0.43077619169979453"/>
            <maxpow number="0.43077619169979453"/>
            <fprob>0.0</fprob>
        </actor>
        <actor name="D0N28">
            <wcet number="0">60</wcet>
            <wcet number="1">310</wcet>
            <maxpow number="0.6162073769688192"/>
            <maxpow number="0.6162073769688192"/>
            <fprob>0.0</fprob>
        </actor>
        <actor name="D0N41">
            <wcet number="0">190</wcet>
            <wcet number="1">190</wcet>
            <maxpow number="0.6253636032919961"/>
            <maxpow number="0.6253636032919961"/>
            <fprob>0.0</fprob>
        </actor>
        <actor name="D0N5">
            <wcet number="0">560</wcet>
            <wcet number="1">560</wcet>
            <maxpow number="0.4563699307680657"/>
            <maxpow number="0.4563699307680657"/>
            <fprob>0.0</fprob>
        </actor>
        <actor name="D0N25">
            <wcet number="0">190</wcet>
            <wcet number="1">280</wcet>
            <maxpow number="0.2496880767296656"/>
            <maxpow number="0.2496880767296656"/>
            <fprob>0.0</fprob>
        </actor>
        <actor name="D0N44">
            <wcet number="0">60</wcet>
            <wcet number="1">200</wcet>
            <maxpow number="0.657634396246504"/>
            <maxpow number="0.657634396246504"/>
            <fprob>0.0</fprob>
        </actor>
        <actor name="D0N32">
            <wcet number="0">380</wcet>
            <wcet number="1">430</wcet>
            <maxpow number="0.7303083446596588"/>
            <maxpow number="0.7303083446596588"/>
            <fprob>0.0</fprob>
        </actor>
        <actor name="D0N21">
            <wcet number="0">130</wcet>
            <wcet number="1">240</wcet>
            <maxpow number="0.45455240043147105"/>
            <maxpow number="0.45455240043147105"/>
            <fprob>0.0</fprob>
        </actor>
        <actor name="D0N42">
            <wcet number="0">200</wcet>
            <wcet number="1">220</wcet>
            <maxpow number="0.6894048013867361"/>
            <maxpow number="0.6894048013867361"/>
            <fprob>0.0</fprob>
        </actor>
        <actor name="D0N14">
            <wcet number="0">30</wcet>
            <wcet number="1">60</wcet>
            <maxpow number="0.5937354120736922"/>
            <maxpow number="0.5937354120736922"/>
            <fprob>0.0</fprob>
        </actor>
        <actor name="D0N20">
            <wcet number="0">50</wcet>
            <wcet number="1">110</wcet>
            <maxpow number="0.5354911054874156"/>
            <maxpow number="0.5354911054874156"/>
            <fprob>0.0</fprob>
        </actor>
        <actor name="D0N15">
            <wcet number="0">60</wcet>
            <wcet number="1">80</wcet>
            <maxpow number="0.5550087483984666"/>
            <maxpow number="0.5550087483984666"/>
            <fprob>0.0</fprob>
        </actor>
        <actor name="D0N16">
            <wcet number="0">40</wcet>
            <wcet number="1">240</wcet>
            <maxpow number="0.6536996485357391"/>
            <maxpow number="0.6536996485357391"/>
            <fprob>0.0</fprob>
        </actor>
        <actor name="D0N27">
            <wcet number="0">10</wcet>
            <wcet number="1">10</wcet>
            <maxpow number="0.40527909259888056"/>
            <maxpow number="0.40527909259888056"/>
            <fprob>0.0</fprob>
        </actor>
        <actor name="D0N26">
            <wcet number="0">450</wcet>
            <wcet number="1">530</wcet>
            <maxpow number="0.6631632838043194"/>
            <maxpow number="0.6631632838043194"/>
            <fprob>0.0</fprob>
        </actor>
        <actor name="D0N22">
            <wcet number="0">190</wcet>
            <wcet number="1">550</wcet>
            <maxpow number="0.6456711422329751"/>
            <maxpow number="0.6456711422329751"/>
            <fprob>0.0</fprob>
        </actor>
        <actor name="D0N12">
            <wcet number="0">20</wcet>
            <wcet number="1">20</wcet>
            <maxpow number="0.5543653492524953"/>
            <maxpow number="0.5543653492524953"/>
            <fprob>0.0</fprob>
        </actor>
        <actor name="D0N23">
            <wcet number="0">10</wcet>
            <wcet number="1">20</wcet>
            <maxpow number="0.424856636950444"/>
            <maxpow number="0.424856636950444"/>
            <fprob>0.0</fprob>
        </actor>
        <actor name="D0N48">
            <wcet number="0">80</wcet>
            <wcet number="1">80</wcet>
            <maxpow number="0.5932610540884515"/>
            <maxpow number="0.5932610540884515"/>
            <fprob>0.0</fprob>
        </actor>
        <actor name="D0N33">
            <wcet number="0">10</wcet>
            <wcet number="1">50</wcet>
            <maxpow number="0.7652371401549045"/>
            <maxpow number="0.7652371401549045"/>
            <fprob>0.0</fprob>
        </actor>
        <actor name="D0N31">
            <wcet number="0">20</wcet>
            <wcet number="1">70</wcet>
            <maxpow number="0.78357353215685"/>
            <maxpow number="0.78357353215685"/>
            <fprob>0.0</fprob>
        </actor>
        <actor name="D0N4">
            <wcet number="0">20</wcet>
            <wcet number="1">270</wcet>
            <maxpow number="0.4274859944307331"/>
            <maxpow number="0.4274859944307331"/>
            <fprob>0.0</fprob>
        </actor>
        <actor name="D0N46">
            <wcet number="0">110</wcet>
            <wcet number="1">200</wcet>
            <maxpow number="0.8409631213450344"/>
            <maxpow number="0.8409631213450344"/>
            <fprob>0.0</fprob>
        </actor>
        <actor name="D0N13">
            <wcet number="0">30</wcet>
            <wcet number="1">260</wcet>
            <maxpow number="0.44337953918613204"/>
            <maxpow number="0.44337953918613204"/>
            <fprob>0.0</fprob>
        </actor>
        <actor name="D0N38">
            <wcet number="0">10</wcet>
            <wcet number="1">20</wcet>
            <maxpow number="0.5260444789868147"/>
            <maxpow number="0.5260444789868147"/>
            <fprob>0.0</fprob>
        </actor>
        <actor name="D0N10">
            <wcet number="0">250</wcet>
            <wcet number="1">330</wcet>
            <maxpow number="0.7635919160610292"/>
            <maxpow number="0.7635919160610292"/>
            <fprob>0.0</fprob>
        </actor>
        <actor name="D0N9">
            <wcet number="0">30</wcet>
            <wcet number="1">30</wcet>
            <maxpow number="0.4972535953786508"/>
            <maxpow number="0.4972535953786508"/>
            <fprob>0.0</fprob>
        </actor>
        <ports>
            <port dstActor="D0N24" name="p0" srcActor="D0N3"/>
            <port dstActor="D0N17" name="p1" srcActor="D0N3"/>
            <port dstActor="D0N25" name="p2" srcActor="D0N3"/>
            <port dstActor="D0N34" name="p3" srcActor="D0N3"/>
            <port dstActor="D0N30" name="p4" srcActor="D0N3"/>
            <port dstActor="D0N13" name="p5" srcActor="D0N3"/>
            <port dstActor="D0N12" name="p6" srcActor="D0N3"/>
            <port dstActor="D0N43" name="p7" srcActor="D0N3"/>
            <port dstActor="D0N10" name="p8" srcActor="D0N2"/>
            <port dstActor="D0N29" name="p9" srcActor="D0N2"/>
            <port dstActor="D0N16" name="p10" srcActor="D0N2"/>
            <port dstActor="D0N36" name="p11" srcActor="D0N2"/>
            <port dstActor="D0N20" name="p12" srcActor="D0N2"/>
            <port dstActor="D0N44" name="p13" srcActor="D0N2"/>
            <port dstActor="D0N42" name="p14" srcActor="D0N37"/>
            <port dstActor="D0N47" name="p15" srcActor="D0N37"/>
            <port dstActor="D0N44" name="p16" srcActor="D0N37"/>
            <port dstActor="D0N40" name="p17" srcActor="D0N0"/>
            <port dstActor="D0N3" name="p18" srcActor="D0N0"/>
            <port dstActor="D0N5" name="p19" srcActor="D0N0"/>
            <port dstActor="D0N11" name="p20" srcActor="D0N0"/>
            <port dstActor="D0N26" name="p21" srcActor="D0N0"/>
            <port dstActor="D0N32" name="p22" srcActor="D0N0"/>
            <port dstActor="D0N20" name="p23" srcActor="D0N0"/>
            <port dstActor="D0N24" name="p24" srcActor="D0N0"/>
            <port dstActor="D0N44" name="p25" srcActor="D0N0"/>
            <port dstActor="D0N36" name="p26" srcActor="D0N7"/>
            <port dstActor="D0N11" name="p27" srcActor="D0N7"/>
            <port dstActor="D0N45" name="p28" srcActor="D0N7"/>
            <port dstActor="D0N24" name="p29" srcActor="D0N18"/>
            <port dstActor="D0N26" name="p30" srcActor="D0N18"/>
            <port dstActor="D0N20" name="p31" srcActor="D0N18"/>
            <port dstActor="D0N28" name="p32" srcActor="D0N18"/>
            <port dstActor="D0N39" name="p33" srcActor="D0N18"/>
            <port dstActor="D0N38" name="p34" srcActor="D0N18"/>
            <port dstActor="D0N26" name="p35" srcActor="D0N17"/>
            <port dstActor="D0N37" name="p36" srcActor="D0N17"/>
            <port dstActor="D0N30" name="p37" srcActor="D0N19"/>
            <port dstActor="D0N38" name="p38" srcActor="D0N19"/>
            <port dstActor="D0N39" name="p39" srcActor="D0N19"/>
            <port dstActor="D0N33" name="p40" srcActor="D0N30"/>
            <port dstActor="D0N37" name="p41" srcActor="D0N1"/>
            <port dstActor="D0N27" name="p42" srcActor="D0N1"/>
            <port dstActor="D0N47" name="p43" srcActor="D0N1"/>
            <port dstActor="D0N23" name="p44" srcActor="D0N1"/>
            <port dstActor="D0N26" name="p45" srcActor="D0N1"/>
            <port dstActor="D0N40" name="p46" srcActor="D0N1"/>
            <port dstActor="D0N15" name="p47" srcActor="D0N1"/>
            <port dstActor="D0N22" name="p48" srcActor="D0N1"/>
            <port dstActor="D0N44" name="p49" srcActor="D0N1"/>
            <port dstActor="D0N48" name="p50" srcActor="D0N36"/>
            <port dstActor="D0N46" name="p51" srcActor="D0N36"/>
            <port dstActor="D0N48" name="p52" srcActor="D0N45"/>
            <port dstActor="D0N34" name="p53" srcActor="D0N8"/>
            <port dstActor="D0N15" name="p54" srcActor="D0N8"/>
            <port dstActor="D0N9" name="p55" srcActor="D0N8"/>
            <port dstActor="D0N47" name="p56" srcActor="D0N8"/>
            <port dstActor="D0N18" name="p57" srcActor="D0N8"/>
            <port dstActor="D0N28" name="p58" srcActor="D0N8"/>
            <port dstActor="D0N37" name="p59" srcActor="D0N35"/>
            <port dstActor="D0N46" name="p60" srcActor="D0N35"/>
            <port dstActor="D0N44" name="p61" srcActor="D0N39"/>
            <port dstActor="D0N48" name="p62" srcActor="D0N39"/>
            <port dstActor="D0N17" name="p63" srcActor="D0N6"/>
            <port dstActor="D0N31" name="p64" srcActor="D0N6"/>
            <port dstActor="D0N16" name="p65" srcActor="D0N6"/>
            <port dstActor="D0N28" name="p66" srcActor="D0N24"/>
            <port dstActor="D0N39" name="p67" srcActor="D0N24"/>
            <port dstActor="D0N29" name="p68" srcActor="D0N24"/>
            <port dstActor="D0N42" name="p69" srcActor="D0N24"/>
            <port dstActor="D0N47" name="p70" srcActor="D0N29"/>
            <port dstActor="D0N18" name="p71" srcActor="D0N11"/>
            <port dstActor="D0N38" name="p72" srcActor="D0N11"/>
            <port dstActor="D0N34" name="p73" srcActor="D0N11"/>
            <port dstActor="D0N43" name="p74" srcActor="D0N11"/>
            <port dstActor="D0N47" name="p75" srcActor="D0N11"/>
            <port dstActor="D0N47" name="p76" srcActor="D0N40"/>
            <port dstActor="D0N41" name="p77" srcActor="D0N28"/>
            <port dstActor="D0N40" name="p78" srcActor="D0N28"/>
            <port dstActor="D0N8" name="p79" srcActor="D0N5"/>
            <port dstActor="D0N40" name="p80" srcActor="D0N5"/>
            <port dstActor="D0N31" name="p81" srcActor="D0N5"/>
            <port dstActor="D0N26" name="p82" srcActor="D0N5"/>
            <port dstActor="D0N21" name="p83" srcActor="D0N5"/>
            <port dstActor="D0N42" name="p84" srcActor="D0N25"/>
            <port dstActor="D0N31" name="p85" srcActor="D0N25"/>
            <port dstActor="D0N35" name="p86" srcActor="D0N32"/>
            <port dstActor="D0N37" name="p87" srcActor="D0N32"/>
            <port dstActor="D0N32" name="p88" srcActor="D0N21"/>
            <port dstActor="D0N34" name="p89" srcActor="D0N21"/>
            <port dstActor="D0N30" name="p90" srcActor="D0N14"/>
            <port dstActor="D0N39" name="p91" srcActor="D0N14"/>
            <port dstActor="D0N23" name="p92" srcActor="D0N14"/>
            <port dstActor="D0N38" name="p93" srcActor="D0N14"/>
            <port dstActor="D0N34" name="p94" srcActor="D0N14"/>
            <port dstActor="D0N36" name="p95" srcActor="D0N20"/>
            <port dstActor="D0N41" name="p96" srcActor="D0N15"/>
            <port dstActor="D0N25" name="p97" srcActor="D0N15"/>
            <port dstActor="D0N33" name="p98" srcActor="D0N15"/>
            <port dstActor="D0N43" name="p99" srcActor="D0N15"/>
            <port dstActor="D0N30" name="p100" srcActor="D0N16"/>
            <port dstActor="D0N44" name="p101" srcActor="D0N16"/>
            <port dstActor="D0N34" name="p102" srcActor="D0N16"/>
            <port dstActor="D0N32" name="p103" srcActor="D0N16"/>
            <port dstActor="D0N48" name="p104" srcActor="D0N27"/>
            <port dstActor="D0N47" name="p105" srcActor="D0N27"/>
            <port dstActor="D0N30" name="p106" srcActor="D0N27"/>
            <port dstActor="D0N32" name="p107" srcActor="D0N27"/>
            <port dstActor="D0N43" name="p108" srcActor="D0N26"/>
            <port dstActor="D0N45" name="p109" srcActor="D0N26"/>
            <port dstActor="D0N39" name="p110" srcActor="D0N26"/>
            <port dstActor="D0N33" name="p111" srcActor="D0N22"/>
            <port dstActor="D0N41" name="p112" srcActor="D0N22"/>
            <port dstActor="D0N24" name="p113" srcActor="D0N22"/>
            <port dstActor="D0N48" name="p114" srcActor="D0N12"/>
            <port dstActor="D0N38" name="p115" srcActor="D0N12"/>
            <port dstActor="D0N34" name="p116" srcActor="D0N12"/>
            <port dstActor="D0N40" name="p117" srcActor="D0N23"/>
            <port dstActor="D0N29" name="p118" srcActor="D0N23"/>
            <port dstActor="D0N44" name="p119" srcActor="D0N31"/>
            <port dstActor="D0N45" name="p120" srcActor="D0N31"/>
            <port dstActor="D0N47" name="p121" srcActor="D0N4"/>
            <port dstActor="D0N12" name="p122" srcActor="D0N4"/>
            <port dstActor="D0N16" name="p123" srcActor="D0N4"/>
            <port dstActor="D0N36" name="p124" srcActor="D0N4"/>
            <port dstActor="D0N47" name="p125" srcActor="D0N46"/>
            <port dstActor="D0N23" name="p126" srcActor="D0N13"/>
            <port dstActor="D0N35" name="p127" srcActor="D0N13"/>
            <port dstActor="D0N19" name="p128" srcActor="D0N13"/>
            <port dstActor="D0N45" name="p129" srcActor="D0N13"/>
            <port dstActor="D0N43" name="p130" srcActor="D0N13"/>
            <port dstActor="D0N24" name="p131" srcActor="D0N13"/>
            <port dstActor="D0N48" name="p132" srcActor="D0N38"/>
            <port dstActor="D0N42" name="p133" srcActor="D0N38"/>
            <port dstActor="D0N35" name="p134" srcActor="D0N10"/>
            <port dstActor="D0N14" name="p135" srcActor="D0N10"/>
            <port dstActor="D0N30" name="p136" srcActor="D0N10"/>
            <port dstActor="D0N15" name="p137" srcActor="D0N9"/>
            <port dstActor="D0N39" name="p138" srcActor="D0N9"/>
        </ports>
    </mcdag>
    <cores number="3"/>
    <levels number="2"/>
</mcsystem>
