<?xml version="1.0" encoding="UTF-8" standalone="no"?>
<mcsystem>
    <mcdag deadline="3000" name="genned-0-ed-10.0-0">
        <actor name="D0N43">
            <wcet number="0">60</wcet>
            <wcet number="1">160</wcet>
            <maxpow number="0.5595400983693398"/>
            <maxpow number="0.5595400983693398"/>
            <fprob>0.0</fprob>
        </actor>
        <actor name="D0N24">
            <wcet number="0">110</wcet>
            <wcet number="1">120</wcet>
            <maxpow number="0.4815996769351083"/>
            <maxpow number="0.4815996769351083"/>
            <fprob>0.0</fprob>
        </actor>
        <actor name="D0N11">
            <wcet number="0">20</wcet>
            <wcet number="1">140</wcet>
            <maxpow number="0.3876405709511178"/>
            <maxpow number="0.3876405709511178"/>
            <fprob>0.0</fprob>
        </actor>
        <actor name="D0N9">
            <wcet number="0">80</wcet>
            <wcet number="1">170</wcet>
            <maxpow number="0.6428946236602583"/>
            <maxpow number="0.6428946236602583"/>
            <fprob>0.0</fprob>
        </actor>
        <actor name="D0N22">
            <wcet number="0">30</wcet>
            <wcet number="1">270</wcet>
            <maxpow number="0.6014455965320207"/>
            <maxpow number="0.6014455965320207"/>
            <fprob>0.0</fprob>
        </actor>
        <actor name="D0N4">
            <wcet number="0">10</wcet>
            <wcet number="1">70</wcet>
            <maxpow number="0.6675793708454836"/>
            <maxpow number="0.6675793708454836"/>
            <fprob>0.0</fprob>
        </actor>
        <actor name="D0N13">
            <wcet number="0">80</wcet>
            <wcet number="1">100</wcet>
            <maxpow number="0.7031128043634294"/>
            <maxpow number="0.7031128043634294"/>
            <fprob>0.0</fprob>
        </actor>
        <actor name="D0N28">
            <wcet number="0">270</wcet>
            <wcet number="1">270</wcet>
            <maxpow number="0.5940360923945098"/>
            <maxpow number="0.5940360923945098"/>
            <fprob>0.0</fprob>
        </actor>
        <actor name="D0N1">
            <wcet number="0">360</wcet>
            <wcet number="1">690</wcet>
            <maxpow number="0.3264275062966078"/>
            <maxpow number="0.3264275062966078"/>
            <fprob>0.0</fprob>
        </actor>
        <actor name="D0N40">
            <wcet number="0">30</wcet>
            <wcet number="1">70</wcet>
            <maxpow number="0.703816244586786"/>
            <maxpow number="0.703816244586786"/>
            <fprob>0.0</fprob>
        </actor>
        <actor name="D0N15">
            <wcet number="0">20</wcet>
            <wcet number="1">40</wcet>
            <maxpow number="0.5319072959030674"/>
            <maxpow number="0.5319072959030674"/>
            <fprob>0.0</fprob>
        </actor>
        <actor name="D0N19">
            <wcet number="0">50</wcet>
            <wcet number="1">350</wcet>
            <maxpow number="0.40093074422718045"/>
            <maxpow number="0.40093074422718045"/>
            <fprob>0.0</fprob>
        </actor>
        <actor name="D0N41">
            <wcet number="0">250</wcet>
            <wcet number="1">280</wcet>
            <maxpow number="0.6085566268704569"/>
            <maxpow number="0.6085566268704569"/>
            <fprob>0.0</fprob>
        </actor>
        <actor name="D0N3">
            <wcet number="0">90</wcet>
            <wcet number="1">140</wcet>
            <maxpow number="0.9196048929293283"/>
            <maxpow number="0.9196048929293283"/>
            <fprob>0.0</fprob>
        </actor>
        <actor name="D0N29">
            <wcet number="0">30</wcet>
            <wcet number="1">50</wcet>
            <maxpow number="0.3592050134446668"/>
            <maxpow number="0.3592050134446668"/>
            <fprob>0.0</fprob>
        </actor>
        <actor name="D0N26">
            <wcet number="0">20</wcet>
            <wcet number="1">110</wcet>
            <maxpow number="0.37397232509506295"/>
            <maxpow number="0.37397232509506295"/>
            <fprob>0.0</fprob>
        </actor>
        <actor name="D0N0">
            <wcet number="0">70</wcet>
            <wcet number="1">100</wcet>
            <maxpow number="0.5004146240345753"/>
            <maxpow number="0.5004146240345753"/>
            <fprob>0.0</fprob>
        </actor>
        <actor name="D0N10">
            <wcet number="0">120</wcet>
            <wcet number="1">160</wcet>
            <maxpow number="0.47972201105332996"/>
            <maxpow number="0.47972201105332996"/>
            <fprob>0.0</fprob>
        </actor>
        <actor name="D0N14">
            <wcet number="0">10</wcet>
            <wcet number="1">10</wcet>
            <maxpow number="0.13601110928634152"/>
            <maxpow number="0.13601110928634152"/>
            <fprob>0.0</fprob>
        </actor>
        <actor name="D0N38">
            <wcet number="0">100</wcet>
            <wcet number="1">150</wcet>
            <maxpow number="0.700242085051518"/>
            <maxpow number="0.700242085051518"/>
            <fprob>0.0</fprob>
        </actor>
        <actor name="D0N34">
            <wcet number="0">260</wcet>
            <wcet number="1">340</wcet>
            <maxpow number="0.7877258918040396"/>
            <maxpow number="0.7877258918040396"/>
            <fprob>0.0</fprob>
        </actor>
        <actor name="D0N44">
            <wcet number="0">100</wcet>
            <wcet number="1">130</wcet>
            <maxpow number="0.8555455862041721"/>
            <maxpow number="0.8555455862041721"/>
            <fprob>0.0</fprob>
        </actor>
        <actor name="D0N37">
            <wcet number="0">120</wcet>
            <wcet number="1">270</wcet>
            <maxpow number="0.5635906606116267"/>
            <maxpow number="0.5635906606116267"/>
            <fprob>0.0</fprob>
        </actor>
        <actor name="D0N8">
            <wcet number="0">20</wcet>
            <wcet number="1">200</wcet>
            <maxpow number="0.7437681197394876"/>
            <maxpow number="0.7437681197394876"/>
            <fprob>0.0</fprob>
        </actor>
        <actor name="D0N42">
            <wcet number="0">280</wcet>
            <wcet number="1">520</wcet>
            <maxpow number="0.20440768200953469"/>
            <maxpow number="0.20440768200953469"/>
            <fprob>0.0</fprob>
        </actor>
        <actor name="D0N30">
            <wcet number="0">280</wcet>
            <wcet number="1">340</wcet>
            <maxpow number="0.3296675190905259"/>
            <maxpow number="0.3296675190905259"/>
            <fprob>0.0</fprob>
        </actor>
        <actor name="D0N48">
            <wcet number="0">20</wcet>
            <wcet number="1">20</wcet>
            <maxpow number="0.7780827571048399"/>
            <maxpow number="0.7780827571048399"/>
            <fprob>0.0</fprob>
        </actor>
        <actor name="D0N23">
            <wcet number="0">40</wcet>
            <wcet number="1">50</wcet>
            <maxpow number="0.6054173906254465"/>
            <maxpow number="0.6054173906254465"/>
            <fprob>0.0</fprob>
        </actor>
        <actor name="D0N33">
            <wcet number="0">10</wcet>
            <wcet number="1">130</wcet>
            <maxpow number="0.3521542666337879"/>
            <maxpow number="0.3521542666337879"/>
            <fprob>0.0</fprob>
        </actor>
        <actor name="D0N47">
            <wcet number="0">50</wcet>
            <wcet number="1">250</wcet>
            <maxpow number="0.35925104719816914"/>
            <maxpow number="0.35925104719816914"/>
            <fprob>0.0</fprob>
        </actor>
        <actor name="D0N36">
            <wcet number="0">110</wcet>
            <wcet number="1">160</wcet>
            <maxpow number="0.6838071641663008"/>
            <maxpow number="0.6838071641663008"/>
            <fprob>0.0</fprob>
        </actor>
        <actor name="D0N17">
            <wcet number="0">70</wcet>
            <wcet number="1">230</wcet>
            <maxpow number="0.6377172263617935"/>
            <maxpow number="0.6377172263617935"/>
            <fprob>0.0</fprob>
        </actor>
        <actor name="D0N16">
            <wcet number="0">90</wcet>
            <wcet number="1">140</wcet>
            <maxpow number="0.6543677827354049"/>
            <maxpow number="0.6543677827354049"/>
            <fprob>0.0</fprob>
        </actor>
        <actor name="D0N49">
            <wcet number="0">10</wcet>
            <wcet number="1">10</wcet>
            <maxpow number="0.767163638277127"/>
            <maxpow number="0.767163638277127"/>
            <fprob>0.0</fprob>
        </actor>
        <actor name="D0N45">
            <wcet number="0">30</wcet>
            <wcet number="1">120</wcet>
            <maxpow number="0.5408970567182789"/>
            <maxpow number="0.5408970567182789"/>
            <fprob>0.0</fprob>
        </actor>
        <actor name="D0N6">
            <wcet number="0">10</wcet>
            <wcet number="1">90</wcet>
            <maxpow number="0.584323232537099"/>
            <maxpow number="0.584323232537099"/>
            <fprob>0.0</fprob>
        </actor>
        <actor name="D0N27">
            <wcet number="0">100</wcet>
            <wcet number="1">120</wcet>
            <maxpow number="0.596145750859845"/>
            <maxpow number="0.596145750859845"/>
            <fprob>0.0</fprob>
        </actor>
        <actor name="D0N39">
            <wcet number="0">40</wcet>
            <wcet number="1">50</wcet>
            <maxpow number="0.465196581387735"/>
            <maxpow number="0.465196581387735"/>
            <fprob>0.0</fprob>
        </actor>
        <actor name="D0N31">
            <wcet number="0">70</wcet>
            <wcet number="1">100</wcet>
            <maxpow number="0.7825819997769139"/>
            <maxpow number="0.7825819997769139"/>
            <fprob>0.0</fprob>
        </actor>
        <actor name="D0N20">
            <wcet number="0">30</wcet>
            <wcet number="1">50</wcet>
            <maxpow number="0.7002082176516029"/>
            <maxpow number="0.7002082176516029"/>
            <fprob>0.0</fprob>
        </actor>
        <actor name="D0N12">
            <wcet number="0">10</wcet>
            <wcet number="1">50</wcet>
            <maxpow number="0.2773073169608449"/>
            <maxpow number="0.2773073169608449"/>
            <fprob>0.0</fprob>
        </actor>
        <actor name="D0N2">
            <wcet number="0">30</wcet>
            <wcet number="1">80</wcet>
            <maxpow number="0.731631882676118"/>
            <maxpow number="0.731631882676118"/>
            <fprob>0.0</fprob>
        </actor>
        <actor name="D0N25">
            <wcet number="0">180</wcet>
            <wcet number="1">430</wcet>
            <maxpow number="0.5068156040088085"/>
            <maxpow number="0.5068156040088085"/>
            <fprob>0.0</fprob>
        </actor>
        <actor name="D0N7">
            <wcet number="0">130</wcet>
            <wcet number="1">240</wcet>
            <maxpow number="0.45699006282596955"/>
            <maxpow number="0.45699006282596955"/>
            <fprob>0.0</fprob>
        </actor>
        <actor name="D0N46">
            <wcet number="0">40</wcet>
            <wcet number="1">40</wcet>
            <maxpow number="0.506536549828283"/>
            <maxpow number="0.506536549828283"/>
            <fprob>0.0</fprob>
        </actor>
        <actor name="D0N32">
            <wcet number="0">50</wcet>
            <wcet number="1">220</wcet>
            <maxpow number="0.44763629156742546"/>
            <maxpow number="0.44763629156742546"/>
            <fprob>0.0</fprob>
        </actor>
        <actor name="D0N35">
            <wcet number="0">50</wcet>
            <wcet number="1">50</wcet>
            <maxpow number="0.9006698874568927"/>
            <maxpow number="0.9006698874568927"/>
            <fprob>0.0</fprob>
        </actor>
        <actor name="D0N5">
            <wcet number="0">100</wcet>
            <wcet number="1">100</wcet>
            <maxpow number="0.6852023844837236"/>
            <maxpow number="0.6852023844837236"/>
            <fprob>0.0</fprob>
        </actor>
        <actor name="D0N18">
            <wcet number="0">10</wcet>
            <wcet number="1">30</wcet>
            <maxpow number="0.7234567788141812"/>
            <maxpow number="0.7234567788141812"/>
            <fprob>0.0</fprob>
        </actor>
        <actor name="D0N21">
            <wcet number="0">40</wcet>
            <wcet number="1">90</wcet>
            <maxpow number="0.5949179192439763"/>
            <maxpow number="0.5949179192439763"/>
            <fprob>0.0</fprob>
        </actor>
        <ports>
            <port dstActor="D0N45" name="p0" srcActor="D0N43"/>
            <port dstActor="D0N37" name="p1" srcActor="D0N24"/>
            <port dstActor="D0N48" name="p2" srcActor="D0N9"/>
            <port dstActor="D0N30" name="p3" srcActor="D0N9"/>
            <port dstActor="D0N45" name="p4" srcActor="D0N9"/>
            <port dstActor="D0N10" name="p5" srcActor="D0N9"/>
            <port dstActor="D0N23" name="p6" srcActor="D0N9"/>
            <port dstActor="D0N24" name="p7" srcActor="D0N22"/>
            <port dstActor="D0N38" name="p8" srcActor="D0N22"/>
            <port dstActor="D0N15" name="p9" srcActor="D0N4"/>
            <port dstActor="D0N6" name="p10" srcActor="D0N4"/>
            <port dstActor="D0N38" name="p11" srcActor="D0N4"/>
            <port dstActor="D0N22" name="p12" srcActor="D0N4"/>
            <port dstActor="D0N27" name="p13" srcActor="D0N4"/>
            <port dstActor="D0N37" name="p14" srcActor="D0N4"/>
            <port dstActor="D0N15" name="p15" srcActor="D0N13"/>
            <port dstActor="D0N16" name="p16" srcActor="D0N13"/>
            <port dstActor="D0N28" name="p17" srcActor="D0N13"/>
            <port dstActor="D0N20" name="p18" srcActor="D0N13"/>
            <port dstActor="D0N36" name="p19" srcActor="D0N28"/>
            <port dstActor="D0N37" name="p20" srcActor="D0N28"/>
            <port dstActor="D0N47" name="p21" srcActor="D0N28"/>
            <port dstActor="D0N26" name="p22" srcActor="D0N1"/>
            <port dstActor="D0N44" name="p23" srcActor="D0N1"/>
            <port dstActor="D0N35" name="p24" srcActor="D0N1"/>
            <port dstActor="D0N8" name="p25" srcActor="D0N1"/>
            <port dstActor="D0N38" name="p26" srcActor="D0N1"/>
            <port dstActor="D0N31" name="p27" srcActor="D0N15"/>
            <port dstActor="D0N35" name="p28" srcActor="D0N15"/>
            <port dstActor="D0N43" name="p29" srcActor="D0N19"/>
            <port dstActor="D0N35" name="p30" srcActor="D0N19"/>
            <port dstActor="D0N30" name="p31" srcActor="D0N19"/>
            <port dstActor="D0N6" name="p32" srcActor="D0N3"/>
            <port dstActor="D0N15" name="p33" srcActor="D0N3"/>
            <port dstActor="D0N24" name="p34" srcActor="D0N3"/>
            <port dstActor="D0N14" name="p35" srcActor="D0N3"/>
            <port dstActor="D0N47" name="p36" srcActor="D0N29"/>
            <port dstActor="D0N42" name="p37" srcActor="D0N29"/>
            <port dstActor="D0N49" name="p38" srcActor="D0N29"/>
            <port dstActor="D0N39" name="p39" srcActor="D0N26"/>
            <port dstActor="D0N42" name="p40" srcActor="D0N26"/>
            <port dstActor="D0N33" name="p41" srcActor="D0N26"/>
            <port dstActor="D0N27" name="p42" srcActor="D0N0"/>
            <port dstActor="D0N44" name="p43" srcActor="D0N0"/>
            <port dstActor="D0N21" name="p44" srcActor="D0N0"/>
            <port dstActor="D0N17" name="p45" srcActor="D0N0"/>
            <port dstActor="D0N16" name="p46" srcActor="D0N0"/>
            <port dstActor="D0N35" name="p47" srcActor="D0N0"/>
            <port dstActor="D0N34" name="p48" srcActor="D0N0"/>
            <port dstActor="D0N30" name="p49" srcActor="D0N0"/>
            <port dstActor="D0N46" name="p50" srcActor="D0N0"/>
            <port dstActor="D0N20" name="p51" srcActor="D0N10"/>
            <port dstActor="D0N17" name="p52" srcActor="D0N10"/>
            <port dstActor="D0N49" name="p53" srcActor="D0N10"/>
            <port dstActor="D0N16" name="p54" srcActor="D0N10"/>
            <port dstActor="D0N43" name="p55" srcActor="D0N14"/>
            <port dstActor="D0N49" name="p56" srcActor="D0N14"/>
            <port dstActor="D0N42" name="p57" srcActor="D0N14"/>
            <port dstActor="D0N19" name="p58" srcActor="D0N14"/>
            <port dstActor="D0N16" name="p59" srcActor="D0N14"/>
            <port dstActor="D0N47" name="p60" srcActor="D0N38"/>
            <port dstActor="D0N49" name="p61" srcActor="D0N38"/>
            <port dstActor="D0N49" name="p62" srcActor="D0N44"/>
            <port dstActor="D0N24" name="p63" srcActor="D0N8"/>
            <port dstActor="D0N20" name="p64" srcActor="D0N8"/>
            <port dstActor="D0N27" name="p65" srcActor="D0N23"/>
            <port dstActor="D0N31" name="p66" srcActor="D0N23"/>
            <port dstActor="D0N26" name="p67" srcActor="D0N23"/>
            <port dstActor="D0N37" name="p68" srcActor="D0N17"/>
            <port dstActor="D0N18" name="p69" srcActor="D0N17"/>
            <port dstActor="D0N30" name="p70" srcActor="D0N17"/>
            <port dstActor="D0N22" name="p71" srcActor="D0N17"/>
            <port dstActor="D0N20" name="p72" srcActor="D0N16"/>
            <port dstActor="D0N47" name="p73" srcActor="D0N16"/>
            <port dstActor="D0N30" name="p74" srcActor="D0N16"/>
            <port dstActor="D0N46" name="p75" srcActor="D0N16"/>
            <port dstActor="D0N36" name="p76" srcActor="D0N16"/>
            <port dstActor="D0N45" name="p77" srcActor="D0N6"/>
            <port dstActor="D0N20" name="p78" srcActor="D0N6"/>
            <port dstActor="D0N15" name="p79" srcActor="D0N6"/>
            <port dstActor="D0N30" name="p80" srcActor="D0N27"/>
            <port dstActor="D0N35" name="p81" srcActor="D0N27"/>
            <port dstActor="D0N44" name="p82" srcActor="D0N27"/>
            <port dstActor="D0N45" name="p83" srcActor="D0N39"/>
            <port dstActor="D0N47" name="p84" srcActor="D0N39"/>
            <port dstActor="D0N44" name="p85" srcActor="D0N31"/>
            <port dstActor="D0N24" name="p86" srcActor="D0N20"/>
            <port dstActor="D0N40" name="p87" srcActor="D0N20"/>
            <port dstActor="D0N25" name="p88" srcActor="D0N20"/>
            <port dstActor="D0N48" name="p89" srcActor="D0N12"/>
            <port dstActor="D0N17" name="p90" srcActor="D0N12"/>
            <port dstActor="D0N49" name="p91" srcActor="D0N12"/>
            <port dstActor="D0N20" name="p92" srcActor="D0N2"/>
            <port dstActor="D0N7" name="p93" srcActor="D0N2"/>
            <port dstActor="D0N16" name="p94" srcActor="D0N2"/>
            <port dstActor="D0N28" name="p95" srcActor="D0N2"/>
            <port dstActor="D0N17" name="p96" srcActor="D0N2"/>
            <port dstActor="D0N33" name="p97" srcActor="D0N25"/>
            <port dstActor="D0N38" name="p98" srcActor="D0N25"/>
            <port dstActor="D0N30" name="p99" srcActor="D0N7"/>
            <port dstActor="D0N32" name="p100" srcActor="D0N7"/>
            <port dstActor="D0N45" name="p101" srcActor="D0N7"/>
            <port dstActor="D0N49" name="p102" srcActor="D0N7"/>
            <port dstActor="D0N45" name="p103" srcActor="D0N32"/>
            <port dstActor="D0N36" name="p104" srcActor="D0N35"/>
            <port dstActor="D0N49" name="p105" srcActor="D0N35"/>
            <port dstActor="D0N42" name="p106" srcActor="D0N35"/>
            <port dstActor="D0N31" name="p107" srcActor="D0N5"/>
            <port dstActor="D0N37" name="p108" srcActor="D0N5"/>
            <port dstActor="D0N29" name="p109" srcActor="D0N5"/>
            <port dstActor="D0N42" name="p110" srcActor="D0N5"/>
            <port dstActor="D0N42" name="p111" srcActor="D0N18"/>
            <port dstActor="D0N48" name="p112" srcActor="D0N18"/>
            <port dstActor="D0N46" name="p113" srcActor="D0N18"/>
            <port dstActor="D0N19" name="p114" srcActor="D0N18"/>
            <port dstActor="D0N32" name="p115" srcActor="D0N21"/>
            <port dstActor="D0N36" name="p116" srcActor="D0N21"/>
            <port dstActor="D0N46" name="p117" srcActor="D0N21"/>
        </ports>
    </mcdag>
    <cores number="3"/>
    <levels number="2"/>
</mcsystem>
