<?xml version="1.0" encoding="UTF-8" standalone="no"?>
<mcsystem>
    <mcdag deadline="2500" name="genned-0-ed-10.0-0">
        <actor name="D0N4">
            <wcet number="0">50</wcet>
            <wcet number="1">60</wcet>
            <maxpow number="0.469004651625321"/>
            <maxpow number="0.469004651625321"/>
            <fprob>0.0</fprob>
        </actor>
        <actor name="D0N2">
            <wcet number="0">40</wcet>
            <wcet number="1">130</wcet>
            <maxpow number="0.34744786426662316"/>
            <maxpow number="0.34744786426662316"/>
            <fprob>0.0</fprob>
        </actor>
        <actor name="D0N41">
            <wcet number="0">350</wcet>
            <wcet number="1">370</wcet>
            <maxpow number="0.42106243392660386"/>
            <maxpow number="0.42106243392660386"/>
            <fprob>0.0</fprob>
        </actor>
        <actor name="D0N0">
            <wcet number="0">10</wcet>
            <wcet number="1">30</wcet>
            <maxpow number="0.5923756933698695"/>
            <maxpow number="0.5923756933698695"/>
            <fprob>0.0</fprob>
        </actor>
        <actor name="D0N1">
            <wcet number="0">150</wcet>
            <wcet number="1">230</wcet>
            <maxpow number="0.6490628445985647"/>
            <maxpow number="0.6490628445985647"/>
            <fprob>0.0</fprob>
        </actor>
        <actor name="D0N24">
            <wcet number="0">130</wcet>
            <wcet number="1">350</wcet>
            <maxpow number="0.4363026674425581"/>
            <maxpow number="0.4363026674425581"/>
            <fprob>0.0</fprob>
        </actor>
        <actor name="D0N34">
            <wcet number="0">50</wcet>
            <wcet number="1">50</wcet>
            <maxpow number="0.4859600958329547"/>
            <maxpow number="0.4859600958329547"/>
            <fprob>0.0</fprob>
        </actor>
        <actor name="D0N6">
            <wcet number="0">50</wcet>
            <wcet number="1">50</wcet>
            <maxpow number="0.44643054993690034"/>
            <maxpow number="0.44643054993690034"/>
            <fprob>0.0</fprob>
        </actor>
        <actor name="D0N16">
            <wcet number="0">50</wcet>
            <wcet number="1">70</wcet>
            <maxpow number="0.6345661993405257"/>
            <maxpow number="0.6345661993405257"/>
            <fprob>0.0</fprob>
        </actor>
        <actor name="D0N39">
            <wcet number="0">20</wcet>
            <wcet number="1">20</wcet>
            <maxpow number="0.1835373803635652"/>
            <maxpow number="0.1835373803635652"/>
            <fprob>0.0</fprob>
        </actor>
        <actor name="D0N14">
            <wcet number="0">30</wcet>
            <wcet number="1">50</wcet>
            <maxpow number="0.7097023371901662"/>
            <maxpow number="0.7097023371901662"/>
            <fprob>0.0</fprob>
        </actor>
        <actor name="D0N19">
            <wcet number="0">40</wcet>
            <wcet number="1">180</wcet>
            <maxpow number="0.5235213852391849"/>
            <maxpow number="0.5235213852391849"/>
            <fprob>0.0</fprob>
        </actor>
        <actor name="D0N8">
            <wcet number="0">20</wcet>
            <wcet number="1">120</wcet>
            <maxpow number="0.5192980657805596"/>
            <maxpow number="0.5192980657805596"/>
            <fprob>0.0</fprob>
        </actor>
        <actor name="D0N21">
            <wcet number="0">30</wcet>
            <wcet number="1">80</wcet>
            <maxpow number="0.5586592357112224"/>
            <maxpow number="0.5586592357112224"/>
            <fprob>0.0</fprob>
        </actor>
        <actor name="D0N13">
            <wcet number="0">10</wcet>
            <wcet number="1">10</wcet>
            <maxpow number="0.8725384918836198"/>
            <maxpow number="0.8725384918836198"/>
            <fprob>0.0</fprob>
        </actor>
        <actor name="D0N17">
            <wcet number="0">20</wcet>
            <wcet number="1">60</wcet>
            <maxpow number="0.7552665755542667"/>
            <maxpow number="0.7552665755542667"/>
            <fprob>0.0</fprob>
        </actor>
        <actor name="D0N18">
            <wcet number="0">170</wcet>
            <wcet number="1">230</wcet>
            <maxpow number="0.4406175392079161"/>
            <maxpow number="0.4406175392079161"/>
            <fprob>0.0</fprob>
        </actor>
        <actor name="D0N44">
            <wcet number="0">40</wcet>
            <wcet number="1">130</wcet>
            <maxpow number="0.5379870178425882"/>
            <maxpow number="0.5379870178425882"/>
            <fprob>0.0</fprob>
        </actor>
        <actor name="D0N32">
            <wcet number="0">10</wcet>
            <wcet number="1">50</wcet>
            <maxpow number="0.4573903906217592"/>
            <maxpow number="0.4573903906217592"/>
            <fprob>0.0</fprob>
        </actor>
        <actor name="D0N25">
            <wcet number="0">430</wcet>
            <wcet number="1">510</wcet>
            <maxpow number="0.6301120573440343"/>
            <maxpow number="0.6301120573440343"/>
            <fprob>0.0</fprob>
        </actor>
        <actor name="D0N38">
            <wcet number="0">10</wcet>
            <wcet number="1">10</wcet>
            <maxpow number="0.7225083770262205"/>
            <maxpow number="0.7225083770262205"/>
            <fprob>0.0</fprob>
        </actor>
        <actor name="D0N12">
            <wcet number="0">10</wcet>
            <wcet number="1">60</wcet>
            <maxpow number="0.575012199513135"/>
            <maxpow number="0.575012199513135"/>
            <fprob>0.0</fprob>
        </actor>
        <actor name="D0N40">
            <wcet number="0">170</wcet>
            <wcet number="1">280</wcet>
            <maxpow number="0.5527674536960154"/>
            <maxpow number="0.5527674536960154"/>
            <fprob>0.0</fprob>
        </actor>
        <actor name="D0N30">
            <wcet number="0">110</wcet>
            <wcet number="1">200</wcet>
            <maxpow number="0.8132130127385226"/>
            <maxpow number="0.8132130127385226"/>
            <fprob>0.0</fprob>
        </actor>
        <actor name="D0N36">
            <wcet number="0">30</wcet>
            <wcet number="1">60</wcet>
            <maxpow number="0.6093397010477586"/>
            <maxpow number="0.6093397010477586"/>
            <fprob>0.0</fprob>
        </actor>
        <actor name="D0N3">
            <wcet number="0">20</wcet>
            <wcet number="1">40</wcet>
            <maxpow number="1.0024887061237717"/>
            <maxpow number="1.0024887061237717"/>
            <fprob>0.0</fprob>
        </actor>
        <actor name="D0N46">
            <wcet number="0">20</wcet>
            <wcet number="1">210</wcet>
            <maxpow number="0.1860478751655093"/>
            <maxpow number="0.1860478751655093"/>
            <fprob>0.0</fprob>
        </actor>
        <actor name="D0N45">
            <wcet number="0">10</wcet>
            <wcet number="1">210</wcet>
            <maxpow number="0.5111642529377024"/>
            <maxpow number="0.5111642529377024"/>
            <fprob>0.0</fprob>
        </actor>
        <actor name="D0N15">
            <wcet number="0">50</wcet>
            <wcet number="1">70</wcet>
            <maxpow number="0.21069858238471578"/>
            <maxpow number="0.21069858238471578"/>
            <fprob>0.0</fprob>
        </actor>
        <actor name="D0N43">
            <wcet number="0">70</wcet>
            <wcet number="1">370</wcet>
            <maxpow number="0.6051911264860999"/>
            <maxpow number="0.6051911264860999"/>
            <fprob>0.0</fprob>
        </actor>
        <actor name="D0N28">
            <wcet number="0">70</wcet>
            <wcet number="1">250</wcet>
            <maxpow number="0.3140171189703609"/>
            <maxpow number="0.3140171189703609"/>
            <fprob>0.0</fprob>
        </actor>
        <actor name="D0N7">
            <wcet number="0">20</wcet>
            <wcet number="1">330</wcet>
            <maxpow number="0.34680147667382344"/>
            <maxpow number="0.34680147667382344"/>
            <fprob>0.0</fprob>
        </actor>
        <actor name="D0N11">
            <wcet number="0">60</wcet>
            <wcet number="1">60</wcet>
            <maxpow number="1.0398596112205296"/>
            <maxpow number="1.0398596112205296"/>
            <fprob>0.0</fprob>
        </actor>
        <actor name="D0N42">
            <wcet number="0">160</wcet>
            <wcet number="1">210</wcet>
            <maxpow number="0.5103716810427302"/>
            <maxpow number="0.5103716810427302"/>
            <fprob>0.0</fprob>
        </actor>
        <actor name="D0N35">
            <wcet number="0">40</wcet>
            <wcet number="1">110</wcet>
            <maxpow number="0.3724859899035614"/>
            <maxpow number="0.3724859899035614"/>
            <fprob>0.0</fprob>
        </actor>
        <actor name="D0N23">
            <wcet number="0">550</wcet>
            <wcet number="1">570</wcet>
            <maxpow number="0.4512781706278949"/>
            <maxpow number="0.4512781706278949"/>
            <fprob>0.0</fprob>
        </actor>
        <actor name="D0N31">
            <wcet number="0">10</wcet>
            <wcet number="1">20</wcet>
            <maxpow number="0.1335932620825388"/>
            <maxpow number="0.1335932620825388"/>
            <fprob>0.0</fprob>
        </actor>
        <actor name="D0N20">
            <wcet number="0">70</wcet>
            <wcet number="1">140</wcet>
            <maxpow number="0.6124108659843354"/>
            <maxpow number="0.6124108659843354"/>
            <fprob>0.0</fprob>
        </actor>
        <actor name="D0N22">
            <wcet number="0">80</wcet>
            <wcet number="1">90</wcet>
            <maxpow number="0.6775021699247064"/>
            <maxpow number="0.6775021699247064"/>
            <fprob>0.0</fprob>
        </actor>
        <actor name="D0N33">
            <wcet number="0">30</wcet>
            <wcet number="1">50</wcet>
            <maxpow number="0.5651704322994942"/>
            <maxpow number="0.5651704322994942"/>
            <fprob>0.0</fprob>
        </actor>
        <actor name="D0N26">
            <wcet number="0">90</wcet>
            <wcet number="1">110</wcet>
            <maxpow number="0.16801316969986896"/>
            <maxpow number="0.16801316969986896"/>
            <fprob>0.0</fprob>
        </actor>
        <actor name="D0N5">
            <wcet number="0">70</wcet>
            <wcet number="1">200</wcet>
            <maxpow number="0.6682817803903839"/>
            <maxpow number="0.6682817803903839"/>
            <fprob>0.0</fprob>
        </actor>
        <actor name="D0N37">
            <wcet number="0">10</wcet>
            <wcet number="1">50</wcet>
            <maxpow number="0.8220374696100051"/>
            <maxpow number="0.8220374696100051"/>
            <fprob>0.0</fprob>
        </actor>
        <actor name="D0N27">
            <wcet number="0">20</wcet>
            <wcet number="1">70</wcet>
            <maxpow number="0.7100513034230185"/>
            <maxpow number="0.7100513034230185"/>
            <fprob>0.0</fprob>
        </actor>
        <actor name="D0N9">
            <wcet number="0">60</wcet>
            <wcet number="1">60</wcet>
            <maxpow number="0.51166186011301"/>
            <maxpow number="0.51166186011301"/>
            <fprob>0.0</fprob>
        </actor>
        <actor name="D0N10">
            <wcet number="0">220</wcet>
            <wcet number="1">220</wcet>
            <maxpow number="0.473919215280258"/>
            <maxpow number="0.473919215280258"/>
            <fprob>0.0</fprob>
        </actor>
        <actor name="D0N29">
            <wcet number="0">90</wcet>
            <wcet number="1">170</wcet>
            <maxpow number="0.7004421482133928"/>
            <maxpow number="0.7004421482133928"/>
            <fprob>0.0</fprob>
        </actor>
        <ports>
            <port dstActor="D0N44" name="p0" srcActor="D0N4"/>
            <port dstActor="D0N38" name="p1" srcActor="D0N2"/>
            <port dstActor="D0N14" name="p2" srcActor="D0N2"/>
            <port dstActor="D0N33" name="p3" srcActor="D0N2"/>
            <port dstActor="D0N24" name="p4" srcActor="D0N2"/>
            <port dstActor="D0N26" name="p5" srcActor="D0N2"/>
            <port dstActor="D0N44" name="p6" srcActor="D0N2"/>
            <port dstActor="D0N40" name="p7" srcActor="D0N2"/>
            <port dstActor="D0N42" name="p8" srcActor="D0N41"/>
            <port dstActor="D0N30" name="p9" srcActor="D0N0"/>
            <port dstActor="D0N40" name="p10" srcActor="D0N0"/>
            <port dstActor="D0N21" name="p11" srcActor="D0N0"/>
            <port dstActor="D0N6" name="p12" srcActor="D0N1"/>
            <port dstActor="D0N45" name="p13" srcActor="D0N1"/>
            <port dstActor="D0N21" name="p14" srcActor="D0N1"/>
            <port dstActor="D0N29" name="p15" srcActor="D0N1"/>
            <port dstActor="D0N2" name="p16" srcActor="D0N1"/>
            <port dstActor="D0N38" name="p17" srcActor="D0N24"/>
            <port dstActor="D0N46" name="p18" srcActor="D0N34"/>
            <port dstActor="D0N16" name="p19" srcActor="D0N6"/>
            <port dstActor="D0N32" name="p20" srcActor="D0N6"/>
            <port dstActor="D0N38" name="p21" srcActor="D0N6"/>
            <port dstActor="D0N40" name="p22" srcActor="D0N6"/>
            <port dstActor="D0N18" name="p23" srcActor="D0N6"/>
            <port dstActor="D0N37" name="p24" srcActor="D0N6"/>
            <port dstActor="D0N45" name="p25" srcActor="D0N16"/>
            <port dstActor="D0N24" name="p26" srcActor="D0N16"/>
            <port dstActor="D0N26" name="p27" srcActor="D0N16"/>
            <port dstActor="D0N29" name="p28" srcActor="D0N14"/>
            <port dstActor="D0N32" name="p29" srcActor="D0N14"/>
            <port dstActor="D0N43" name="p30" srcActor="D0N14"/>
            <port dstActor="D0N28" name="p31" srcActor="D0N14"/>
            <port dstActor="D0N36" name="p32" srcActor="D0N14"/>
            <port dstActor="D0N27" name="p33" srcActor="D0N19"/>
            <port dstActor="D0N19" name="p34" srcActor="D0N8"/>
            <port dstActor="D0N27" name="p35" srcActor="D0N8"/>
            <port dstActor="D0N10" name="p36" srcActor="D0N8"/>
            <port dstActor="D0N35" name="p37" srcActor="D0N8"/>
            <port dstActor="D0N36" name="p38" srcActor="D0N8"/>
            <port dstActor="D0N22" name="p39" srcActor="D0N21"/>
            <port dstActor="D0N29" name="p40" srcActor="D0N21"/>
            <port dstActor="D0N33" name="p41" srcActor="D0N21"/>
            <port dstActor="D0N45" name="p42" srcActor="D0N13"/>
            <port dstActor="D0N19" name="p43" srcActor="D0N13"/>
            <port dstActor="D0N34" name="p44" srcActor="D0N17"/>
            <port dstActor="D0N44" name="p45" srcActor="D0N17"/>
            <port dstActor="D0N23" name="p46" srcActor="D0N17"/>
            <port dstActor="D0N29" name="p47" srcActor="D0N17"/>
            <port dstActor="D0N31" name="p48" srcActor="D0N17"/>
            <port dstActor="D0N39" name="p49" srcActor="D0N17"/>
            <port dstActor="D0N20" name="p50" srcActor="D0N17"/>
            <port dstActor="D0N19" name="p51" srcActor="D0N17"/>
            <port dstActor="D0N36" name="p52" srcActor="D0N18"/>
            <port dstActor="D0N31" name="p53" srcActor="D0N18"/>
            <port dstActor="D0N35" name="p54" srcActor="D0N32"/>
            <port dstActor="D0N30" name="p55" srcActor="D0N25"/>
            <port dstActor="D0N36" name="p56" srcActor="D0N25"/>
            <port dstActor="D0N42" name="p57" srcActor="D0N38"/>
            <port dstActor="D0N21" name="p58" srcActor="D0N12"/>
            <port dstActor="D0N25" name="p59" srcActor="D0N12"/>
            <port dstActor="D0N39" name="p60" srcActor="D0N12"/>
            <port dstActor="D0N37" name="p61" srcActor="D0N36"/>
            <port dstActor="D0N11" name="p62" srcActor="D0N3"/>
            <port dstActor="D0N40" name="p63" srcActor="D0N3"/>
            <port dstActor="D0N26" name="p64" srcActor="D0N15"/>
            <port dstActor="D0N36" name="p65" srcActor="D0N15"/>
            <port dstActor="D0N45" name="p66" srcActor="D0N15"/>
            <port dstActor="D0N21" name="p67" srcActor="D0N15"/>
            <port dstActor="D0N41" name="p68" srcActor="D0N28"/>
            <port dstActor="D0N14" name="p69" srcActor="D0N7"/>
            <port dstActor="D0N36" name="p70" srcActor="D0N7"/>
            <port dstActor="D0N18" name="p71" srcActor="D0N7"/>
            <port dstActor="D0N30" name="p72" srcActor="D0N7"/>
            <port dstActor="D0N16" name="p73" srcActor="D0N11"/>
            <port dstActor="D0N26" name="p74" srcActor="D0N11"/>
            <port dstActor="D0N18" name="p75" srcActor="D0N11"/>
            <port dstActor="D0N28" name="p76" srcActor="D0N23"/>
            <port dstActor="D0N33" name="p77" srcActor="D0N23"/>
            <port dstActor="D0N36" name="p78" srcActor="D0N23"/>
            <port dstActor="D0N39" name="p79" srcActor="D0N23"/>
            <port dstActor="D0N42" name="p80" srcActor="D0N23"/>
            <port dstActor="D0N46" name="p81" srcActor="D0N31"/>
            <port dstActor="D0N29" name="p82" srcActor="D0N20"/>
            <port dstActor="D0N35" name="p83" srcActor="D0N20"/>
            <port dstActor="D0N36" name="p84" srcActor="D0N20"/>
            <port dstActor="D0N40" name="p85" srcActor="D0N22"/>
            <port dstActor="D0N46" name="p86" srcActor="D0N22"/>
            <port dstActor="D0N40" name="p87" srcActor="D0N33"/>
            <port dstActor="D0N39" name="p88" srcActor="D0N26"/>
            <port dstActor="D0N27" name="p89" srcActor="D0N26"/>
            <port dstActor="D0N37" name="p90" srcActor="D0N26"/>
            <port dstActor="D0N17" name="p91" srcActor="D0N5"/>
            <port dstActor="D0N31" name="p92" srcActor="D0N5"/>
            <port dstActor="D0N40" name="p93" srcActor="D0N27"/>
            <port dstActor="D0N29" name="p94" srcActor="D0N27"/>
            <port dstActor="D0N15" name="p95" srcActor="D0N9"/>
            <port dstActor="D0N37" name="p96" srcActor="D0N9"/>
            <port dstActor="D0N27" name="p97" srcActor="D0N9"/>
            <port dstActor="D0N42" name="p98" srcActor="D0N9"/>
            <port dstActor="D0N25" name="p99" srcActor="D0N10"/>
            <port dstActor="D0N33" name="p100" srcActor="D0N10"/>
            <port dstActor="D0N35" name="p101" srcActor="D0N29"/>
            <port dstActor="D0N37" name="p102" srcActor="D0N29"/>
            <port dstActor="D0N34" name="p103" srcActor="D0N29"/>
        </ports>
    </mcdag>
    <cores number="3"/>
    <levels number="2"/>
</mcsystem>
