<?xml version="1.0" encoding="UTF-8" standalone="no"?>
<mcsystem>
    <mcdag deadline="1200" name="genned-0-ed-10.0-0">
        <actor name="D0N38">
            <wcet number="0">10</wcet>
            <wcet number="1">30</wcet>
            <maxpow number="0.6931403050232618"/>
            <maxpow number="0.6931403050232618"/>
            <fprob>0.0</fprob>
        </actor>
        <actor name="D0N41">
            <wcet number="0">40</wcet>
            <wcet number="1">70</wcet>
            <maxpow number="0.7823475645563405"/>
            <maxpow number="0.7823475645563405"/>
            <fprob>0.0</fprob>
        </actor>
        <actor name="D0N29">
            <wcet number="0">20</wcet>
            <wcet number="1">30</wcet>
            <maxpow number="0.8948435737109182"/>
            <maxpow number="0.8948435737109182"/>
            <fprob>0.0</fprob>
        </actor>
        <actor name="D0N10">
            <wcet number="0">10</wcet>
            <wcet number="1">60</wcet>
            <maxpow number="0.4362946872273681"/>
            <maxpow number="0.4362946872273681"/>
            <fprob>0.0</fprob>
        </actor>
        <actor name="D0N3">
            <wcet number="0">40</wcet>
            <wcet number="1">60</wcet>
            <maxpow number="0.6900462620932682"/>
            <maxpow number="0.6900462620932682"/>
            <fprob>0.0</fprob>
        </actor>
        <actor name="D0N12">
            <wcet number="0">20</wcet>
            <wcet number="1">70</wcet>
            <maxpow number="0.8815788311702528"/>
            <maxpow number="0.8815788311702528"/>
            <fprob>0.0</fprob>
        </actor>
        <actor name="D0N2">
            <wcet number="0">190</wcet>
            <wcet number="1">290</wcet>
            <maxpow number="0.4324407418341178"/>
            <maxpow number="0.4324407418341178"/>
            <fprob>0.0</fprob>
        </actor>
        <actor name="D0N34">
            <wcet number="0">10</wcet>
            <wcet number="1">10</wcet>
            <maxpow number="0.5308848580190447"/>
            <maxpow number="0.5308848580190447"/>
            <fprob>0.0</fprob>
        </actor>
        <actor name="D0N15">
            <wcet number="0">10</wcet>
            <wcet number="1">10</wcet>
            <maxpow number="0.6594000117302514"/>
            <maxpow number="0.6594000117302514"/>
            <fprob>0.0</fprob>
        </actor>
        <actor name="D0N8">
            <wcet number="0">30</wcet>
            <wcet number="1">40</wcet>
            <maxpow number="0.4244668407563503"/>
            <maxpow number="0.4244668407563503"/>
            <fprob>0.0</fprob>
        </actor>
        <actor name="D0N44">
            <wcet number="0">10</wcet>
            <wcet number="1">20</wcet>
            <maxpow number="0.6447616373577926"/>
            <maxpow number="0.6447616373577926"/>
            <fprob>0.0</fprob>
        </actor>
        <actor name="D0N36">
            <wcet number="0">40</wcet>
            <wcet number="1">100</wcet>
            <maxpow number="0.4970430140659007"/>
            <maxpow number="0.4970430140659007"/>
            <fprob>0.0</fprob>
        </actor>
        <actor name="D0N21">
            <wcet number="0">10</wcet>
            <wcet number="1">10</wcet>
            <maxpow number="0.6077380211054212"/>
            <maxpow number="0.6077380211054212"/>
            <fprob>0.0</fprob>
        </actor>
        <actor name="D0N9">
            <wcet number="0">20</wcet>
            <wcet number="1">100</wcet>
            <maxpow number="0.39627193552508966"/>
            <maxpow number="0.39627193552508966"/>
            <fprob>0.0</fprob>
        </actor>
        <actor name="D0N13">
            <wcet number="0">10</wcet>
            <wcet number="1">50</wcet>
            <maxpow number="0.6782006070377966"/>
            <maxpow number="0.6782006070377966"/>
            <fprob>0.0</fprob>
        </actor>
        <actor name="D0N40">
            <wcet number="0">20</wcet>
            <wcet number="1">40</wcet>
            <maxpow number="0.46934605698522003"/>
            <maxpow number="0.46934605698522003"/>
            <fprob>0.0</fprob>
        </actor>
        <actor name="D0N20">
            <wcet number="0">120</wcet>
            <wcet number="1">120</wcet>
            <maxpow number="0.373935168687807"/>
            <maxpow number="0.373935168687807"/>
            <fprob>0.0</fprob>
        </actor>
        <actor name="D0N6">
            <wcet number="0">20</wcet>
            <wcet number="1">30</wcet>
            <maxpow number="0.1144472145399924"/>
            <maxpow number="0.1144472145399924"/>
            <fprob>0.0</fprob>
        </actor>
        <actor name="D0N22">
            <wcet number="0">60</wcet>
            <wcet number="1">70</wcet>
            <maxpow number="0.8725829729367933"/>
            <maxpow number="0.8725829729367933"/>
            <fprob>0.0</fprob>
        </actor>
        <actor name="D0N5">
            <wcet number="0">30</wcet>
            <wcet number="1">60</wcet>
            <maxpow number="0.25953529782102785"/>
            <maxpow number="0.25953529782102785"/>
            <fprob>0.0</fprob>
        </actor>
        <actor name="D0N25">
            <wcet number="0">50</wcet>
            <wcet number="1">70</wcet>
            <maxpow number="0.3079205938322428"/>
            <maxpow number="0.3079205938322428"/>
            <fprob>0.0</fprob>
        </actor>
        <actor name="D0N26">
            <wcet number="0">20</wcet>
            <wcet number="1">30</wcet>
            <maxpow number="0.7157229645914919"/>
            <maxpow number="0.7157229645914919"/>
            <fprob>0.0</fprob>
        </actor>
        <actor name="D0N28">
            <wcet number="0">10</wcet>
            <wcet number="1">20</wcet>
            <maxpow number="0.5248511834864145"/>
            <maxpow number="0.5248511834864145"/>
            <fprob>0.0</fprob>
        </actor>
        <actor name="D0N32">
            <wcet number="0">60</wcet>
            <wcet number="1">140</wcet>
            <maxpow number="0.19201115684488534"/>
            <maxpow number="0.19201115684488534"/>
            <fprob>0.0</fprob>
        </actor>
        <actor name="D0N27">
            <wcet number="0">50</wcet>
            <wcet number="1">50</wcet>
            <maxpow number="0.13822996807905602"/>
            <maxpow number="0.13822996807905602"/>
            <fprob>0.0</fprob>
        </actor>
        <actor name="D0N11">
            <wcet number="0">80</wcet>
            <wcet number="1">90</wcet>
            <maxpow number="0.7588515535790828"/>
            <maxpow number="0.7588515535790828"/>
            <fprob>0.0</fprob>
        </actor>
        <actor name="D0N19">
            <wcet number="0">20</wcet>
            <wcet number="1">30</wcet>
            <maxpow number="0.459090594097608"/>
            <maxpow number="0.459090594097608"/>
            <fprob>0.0</fprob>
        </actor>
        <actor name="D0N42">
            <wcet number="0">40</wcet>
            <wcet number="1">50</wcet>
            <maxpow number="0.9095155431260182"/>
            <maxpow number="0.9095155431260182"/>
            <fprob>0.0</fprob>
        </actor>
        <actor name="D0N18">
            <wcet number="0">10</wcet>
            <wcet number="1">30</wcet>
            <maxpow number="0.3068326169005676"/>
            <maxpow number="0.3068326169005676"/>
            <fprob>0.0</fprob>
        </actor>
        <actor name="D0N0">
            <wcet number="0">10</wcet>
            <wcet number="1">40</wcet>
            <maxpow number="0.38779772937453716"/>
            <maxpow number="0.38779772937453716"/>
            <fprob>0.0</fprob>
        </actor>
        <actor name="D0N4">
            <wcet number="0">100</wcet>
            <wcet number="1">170</wcet>
            <maxpow number="0.4567784620966482"/>
            <maxpow number="0.4567784620966482"/>
            <fprob>0.0</fprob>
        </actor>
        <actor name="D0N30">
            <wcet number="0">20</wcet>
            <wcet number="1">50</wcet>
            <maxpow number="0.8446100465953172"/>
            <maxpow number="0.8446100465953172"/>
            <fprob>0.0</fprob>
        </actor>
        <actor name="D0N37">
            <wcet number="0">30</wcet>
            <wcet number="1">100</wcet>
            <maxpow number="0.3295639010115622"/>
            <maxpow number="0.3295639010115622"/>
            <fprob>0.0</fprob>
        </actor>
        <actor name="D0N39">
            <wcet number="0">40</wcet>
            <wcet number="1">70</wcet>
            <maxpow number="0.7269208060090342"/>
            <maxpow number="0.7269208060090342"/>
            <fprob>0.0</fprob>
        </actor>
        <actor name="D0N7">
            <wcet number="0">60</wcet>
            <wcet number="1">60</wcet>
            <maxpow number="0.5416769892894582"/>
            <maxpow number="0.5416769892894582"/>
            <fprob>0.0</fprob>
        </actor>
        <actor name="D0N17">
            <wcet number="0">10</wcet>
            <wcet number="1">10</wcet>
            <maxpow number="0.7953972836220897"/>
            <maxpow number="0.7953972836220897"/>
            <fprob>0.0</fprob>
        </actor>
        <actor name="D0N33">
            <wcet number="0">20</wcet>
            <wcet number="1">40</wcet>
            <maxpow number="0.16956579875889677"/>
            <maxpow number="0.16956579875889677"/>
            <fprob>0.0</fprob>
        </actor>
        <actor name="D0N14">
            <wcet number="0">10</wcet>
            <wcet number="1">20</wcet>
            <maxpow number="0.5771205200478345"/>
            <maxpow number="0.5771205200478345"/>
            <fprob>0.0</fprob>
        </actor>
        <actor name="D0N31">
            <wcet number="0">50</wcet>
            <wcet number="1">50</wcet>
            <maxpow number="0.6294724478235996"/>
            <maxpow number="0.6294724478235996"/>
            <fprob>0.0</fprob>
        </actor>
        <actor name="D0N1">
            <wcet number="0">20</wcet>
            <wcet number="1">60</wcet>
            <maxpow number="0.5170376874291792"/>
            <maxpow number="0.5170376874291792"/>
            <fprob>0.0</fprob>
        </actor>
        <actor name="D0N45">
            <wcet number="0">20</wcet>
            <wcet number="1">30</wcet>
            <maxpow number="0.5344534452828493"/>
            <maxpow number="0.5344534452828493"/>
            <fprob>0.0</fprob>
        </actor>
        <actor name="D0N24">
            <wcet number="0">10</wcet>
            <wcet number="1">10</wcet>
            <maxpow number="0.4932791217078135"/>
            <maxpow number="0.4932791217078135"/>
            <fprob>0.0</fprob>
        </actor>
        <actor name="D0N23">
            <wcet number="0">30</wcet>
            <wcet number="1">30</wcet>
            <maxpow number="0.4583455143670735"/>
            <maxpow number="0.4583455143670735"/>
            <fprob>0.0</fprob>
        </actor>
        <actor name="D0N16">
            <wcet number="0">20</wcet>
            <wcet number="1">60</wcet>
            <maxpow number="0.557824627017594"/>
            <maxpow number="0.557824627017594"/>
            <fprob>0.0</fprob>
        </actor>
        <actor name="D0N35">
            <wcet number="0">30</wcet>
            <wcet number="1">30</wcet>
            <maxpow number="0.3319470403233745"/>
            <maxpow number="0.3319470403233745"/>
            <fprob>0.0</fprob>
        </actor>
        <actor name="D0N43">
            <wcet number="0">30</wcet>
            <wcet number="1">30</wcet>
            <maxpow number="0.5353425329666206"/>
            <maxpow number="0.5353425329666206"/>
            <fprob>0.0</fprob>
        </actor>
        <ports>
            <port dstActor="D0N37" name="p0" srcActor="D0N29"/>
            <port dstActor="D0N37" name="p1" srcActor="D0N10"/>
            <port dstActor="D0N23" name="p2" srcActor="D0N10"/>
            <port dstActor="D0N17" name="p3" srcActor="D0N10"/>
            <port dstActor="D0N34" name="p4" srcActor="D0N10"/>
            <port dstActor="D0N4" name="p5" srcActor="D0N3"/>
            <port dstActor="D0N15" name="p6" srcActor="D0N3"/>
            <port dstActor="D0N16" name="p7" srcActor="D0N3"/>
            <port dstActor="D0N35" name="p8" srcActor="D0N3"/>
            <port dstActor="D0N18" name="p9" srcActor="D0N12"/>
            <port dstActor="D0N35" name="p10" srcActor="D0N12"/>
            <port dstActor="D0N15" name="p11" srcActor="D0N12"/>
            <port dstActor="D0N29" name="p12" srcActor="D0N2"/>
            <port dstActor="D0N21" name="p13" srcActor="D0N2"/>
            <port dstActor="D0N20" name="p14" srcActor="D0N2"/>
            <port dstActor="D0N8" name="p15" srcActor="D0N2"/>
            <port dstActor="D0N39" name="p16" srcActor="D0N34"/>
            <port dstActor="D0N44" name="p17" srcActor="D0N34"/>
            <port dstActor="D0N19" name="p18" srcActor="D0N15"/>
            <port dstActor="D0N41" name="p19" srcActor="D0N15"/>
            <port dstActor="D0N30" name="p20" srcActor="D0N15"/>
            <port dstActor="D0N44" name="p21" srcActor="D0N15"/>
            <port dstActor="D0N12" name="p22" srcActor="D0N8"/>
            <port dstActor="D0N23" name="p23" srcActor="D0N8"/>
            <port dstActor="D0N45" name="p24" srcActor="D0N36"/>
            <port dstActor="D0N40" name="p25" srcActor="D0N21"/>
            <port dstActor="D0N41" name="p26" srcActor="D0N21"/>
            <port dstActor="D0N17" name="p27" srcActor="D0N9"/>
            <port dstActor="D0N35" name="p28" srcActor="D0N9"/>
            <port dstActor="D0N16" name="p29" srcActor="D0N13"/>
            <port dstActor="D0N45" name="p30" srcActor="D0N40"/>
            <port dstActor="D0N41" name="p31" srcActor="D0N20"/>
            <port dstActor="D0N32" name="p32" srcActor="D0N20"/>
            <port dstActor="D0N25" name="p33" srcActor="D0N6"/>
            <port dstActor="D0N23" name="p34" srcActor="D0N6"/>
            <port dstActor="D0N40" name="p35" srcActor="D0N6"/>
            <port dstActor="D0N44" name="p36" srcActor="D0N22"/>
            <port dstActor="D0N36" name="p37" srcActor="D0N22"/>
            <port dstActor="D0N34" name="p38" srcActor="D0N5"/>
            <port dstActor="D0N14" name="p39" srcActor="D0N5"/>
            <port dstActor="D0N40" name="p40" srcActor="D0N5"/>
            <port dstActor="D0N26" name="p41" srcActor="D0N25"/>
            <port dstActor="D0N45" name="p42" srcActor="D0N25"/>
            <port dstActor="D0N42" name="p43" srcActor="D0N26"/>
            <port dstActor="D0N35" name="p44" srcActor="D0N26"/>
            <port dstActor="D0N37" name="p45" srcActor="D0N28"/>
            <port dstActor="D0N43" name="p46" srcActor="D0N28"/>
            <port dstActor="D0N29" name="p47" srcActor="D0N28"/>
            <port dstActor="D0N36" name="p48" srcActor="D0N32"/>
            <port dstActor="D0N38" name="p49" srcActor="D0N27"/>
            <port dstActor="D0N37" name="p50" srcActor="D0N27"/>
            <port dstActor="D0N40" name="p51" srcActor="D0N11"/>
            <port dstActor="D0N26" name="p52" srcActor="D0N11"/>
            <port dstActor="D0N44" name="p53" srcActor="D0N11"/>
            <port dstActor="D0N14" name="p54" srcActor="D0N11"/>
            <port dstActor="D0N34" name="p55" srcActor="D0N11"/>
            <port dstActor="D0N29" name="p56" srcActor="D0N19"/>
            <port dstActor="D0N36" name="p57" srcActor="D0N19"/>
            <port dstActor="D0N45" name="p58" srcActor="D0N42"/>
            <port dstActor="D0N43" name="p59" srcActor="D0N42"/>
            <port dstActor="D0N19" name="p60" srcActor="D0N18"/>
            <port dstActor="D0N37" name="p61" srcActor="D0N18"/>
            <port dstActor="D0N6" name="p62" srcActor="D0N0"/>
            <port dstActor="D0N38" name="p63" srcActor="D0N0"/>
            <port dstActor="D0N33" name="p64" srcActor="D0N0"/>
            <port dstActor="D0N18" name="p65" srcActor="D0N0"/>
            <port dstActor="D0N8" name="p66" srcActor="D0N4"/>
            <port dstActor="D0N39" name="p67" srcActor="D0N4"/>
            <port dstActor="D0N5" name="p68" srcActor="D0N4"/>
            <port dstActor="D0N42" name="p69" srcActor="D0N4"/>
            <port dstActor="D0N38" name="p70" srcActor="D0N30"/>
            <port dstActor="D0N33" name="p71" srcActor="D0N30"/>
            <port dstActor="D0N41" name="p72" srcActor="D0N39"/>
            <port dstActor="D0N10" name="p73" srcActor="D0N7"/>
            <port dstActor="D0N28" name="p74" srcActor="D0N7"/>
            <port dstActor="D0N29" name="p75" srcActor="D0N7"/>
            <port dstActor="D0N24" name="p76" srcActor="D0N7"/>
            <port dstActor="D0N20" name="p77" srcActor="D0N7"/>
            <port dstActor="D0N37" name="p78" srcActor="D0N7"/>
            <port dstActor="D0N23" name="p79" srcActor="D0N7"/>
            <port dstActor="D0N21" name="p80" srcActor="D0N7"/>
            <port dstActor="D0N31" name="p81" srcActor="D0N7"/>
            <port dstActor="D0N44" name="p82" srcActor="D0N17"/>
            <port dstActor="D0N29" name="p83" srcActor="D0N17"/>
            <port dstActor="D0N43" name="p84" srcActor="D0N17"/>
            <port dstActor="D0N34" name="p85" srcActor="D0N17"/>
            <port dstActor="D0N34" name="p86" srcActor="D0N14"/>
            <port dstActor="D0N36" name="p87" srcActor="D0N14"/>
            <port dstActor="D0N45" name="p88" srcActor="D0N31"/>
            <port dstActor="D0N39" name="p89" srcActor="D0N31"/>
            <port dstActor="D0N36" name="p90" srcActor="D0N31"/>
            <port dstActor="D0N19" name="p91" srcActor="D0N1"/>
            <port dstActor="D0N7" name="p92" srcActor="D0N1"/>
            <port dstActor="D0N23" name="p93" srcActor="D0N1"/>
            <port dstActor="D0N32" name="p94" srcActor="D0N1"/>
            <port dstActor="D0N27" name="p95" srcActor="D0N1"/>
            <port dstActor="D0N36" name="p96" srcActor="D0N1"/>
            <port dstActor="D0N10" name="p97" srcActor="D0N1"/>
            <port dstActor="D0N37" name="p98" srcActor="D0N1"/>
            <port dstActor="D0N25" name="p99" srcActor="D0N24"/>
            <port dstActor="D0N43" name="p100" srcActor="D0N24"/>
            <port dstActor="D0N45" name="p101" srcActor="D0N23"/>
            <port dstActor="D0N25" name="p102" srcActor="D0N16"/>
            <port dstActor="D0N35" name="p103" srcActor="D0N16"/>
        </ports>
    </mcdag>
    <cores number="3"/>
    <levels number="2"/>
</mcsystem>
