<?xml version="1.0" encoding="UTF-8" standalone="no"?>
<mcsystem>
    <mcdag deadline="1200" name="genned-0-ed-10.0-0">
        <actor name="D0N1">
            <wcet number="0">40</wcet>
            <wcet number="1">90</wcet>
            <maxpow number="0.4072400976620737"/>
            <maxpow number="0.4072400976620737"/>
            <fprob>0.0</fprob>
        </actor>
        <actor name="D0N9">
            <wcet number="0">30</wcet>
            <wcet number="1">80</wcet>
            <maxpow number="0.4414948981483538"/>
            <maxpow number="0.4414948981483538"/>
            <fprob>0.0</fprob>
        </actor>
        <actor name="D0N48">
            <wcet number="0">110</wcet>
            <wcet number="1">120</wcet>
            <maxpow number="0.827562333085354"/>
            <maxpow number="0.827562333085354"/>
            <fprob>0.0</fprob>
        </actor>
        <actor name="D0N27">
            <wcet number="0">30</wcet>
            <wcet number="1">30</wcet>
            <maxpow number="0.4679599945010857"/>
            <maxpow number="0.4679599945010857"/>
            <fprob>0.0</fprob>
        </actor>
        <actor name="D0N12">
            <wcet number="0">10</wcet>
            <wcet number="1">40</wcet>
            <maxpow number="0.5908015242105958"/>
            <maxpow number="0.5908015242105958"/>
            <fprob>0.0</fprob>
        </actor>
        <actor name="D0N37">
            <wcet number="0">10</wcet>
            <wcet number="1">10</wcet>
            <maxpow number="0.5780834548638727"/>
            <maxpow number="0.5780834548638727"/>
            <fprob>0.0</fprob>
        </actor>
        <actor name="D0N41">
            <wcet number="0">10</wcet>
            <wcet number="1">30</wcet>
            <maxpow number="0.6340086691352861"/>
            <maxpow number="0.6340086691352861"/>
            <fprob>0.0</fprob>
        </actor>
        <actor name="D0N43">
            <wcet number="0">50</wcet>
            <wcet number="1">80</wcet>
            <maxpow number="0.8453549823838304"/>
            <maxpow number="0.8453549823838304"/>
            <fprob>0.0</fprob>
        </actor>
        <actor name="D0N11">
            <wcet number="0">20</wcet>
            <wcet number="1">30</wcet>
            <maxpow number="0.5653566841290679"/>
            <maxpow number="0.5653566841290679"/>
            <fprob>0.0</fprob>
        </actor>
        <actor name="D0N19">
            <wcet number="0">60</wcet>
            <wcet number="1">70</wcet>
            <maxpow number="0.4811882504181847"/>
            <maxpow number="0.4811882504181847"/>
            <fprob>0.0</fprob>
        </actor>
        <actor name="D0N45">
            <wcet number="0">190</wcet>
            <wcet number="1">230</wcet>
            <maxpow number="0.2610813050373946"/>
            <maxpow number="0.2610813050373946"/>
            <fprob>0.0</fprob>
        </actor>
        <actor name="D0N31">
            <wcet number="0">20</wcet>
            <wcet number="1">50</wcet>
            <maxpow number="0.6803491195059516"/>
            <maxpow number="0.6803491195059516"/>
            <fprob>0.0</fprob>
        </actor>
        <actor name="D0N35">
            <wcet number="0">90</wcet>
            <wcet number="1">150</wcet>
            <maxpow number="0.5940724860291031"/>
            <maxpow number="0.5940724860291031"/>
            <fprob>0.0</fprob>
        </actor>
        <actor name="D0N39">
            <wcet number="0">40</wcet>
            <wcet number="1">80</wcet>
            <maxpow number="0.6774933488369177"/>
            <maxpow number="0.6774933488369177"/>
            <fprob>0.0</fprob>
        </actor>
        <actor name="D0N16">
            <wcet number="0">10</wcet>
            <wcet number="1">10</wcet>
            <maxpow number="0.7243868191837628"/>
            <maxpow number="0.7243868191837628"/>
            <fprob>0.0</fprob>
        </actor>
        <actor name="D0N42">
            <wcet number="0">20</wcet>
            <wcet number="1">50</wcet>
            <maxpow number="0.400793877435533"/>
            <maxpow number="0.400793877435533"/>
            <fprob>0.0</fprob>
        </actor>
        <actor name="D0N17">
            <wcet number="0">10</wcet>
            <wcet number="1">30</wcet>
            <maxpow number="0.22875370140624418"/>
            <maxpow number="0.22875370140624418"/>
            <fprob>0.0</fprob>
        </actor>
        <actor name="D0N25">
            <wcet number="0">30</wcet>
            <wcet number="1">50</wcet>
            <maxpow number="0.3129254798402844"/>
            <maxpow number="0.3129254798402844"/>
            <fprob>0.0</fprob>
        </actor>
        <actor name="D0N29">
            <wcet number="0">30</wcet>
            <wcet number="1">30</wcet>
            <maxpow number="0.49468159001945544"/>
            <maxpow number="0.49468159001945544"/>
            <fprob>0.0</fprob>
        </actor>
        <actor name="D0N46">
            <wcet number="0">10</wcet>
            <wcet number="1">10</wcet>
            <maxpow number="0.47638458177650345"/>
            <maxpow number="0.47638458177650345"/>
            <fprob>0.0</fprob>
        </actor>
        <actor name="D0N28">
            <wcet number="0">10</wcet>
            <wcet number="1">10</wcet>
            <maxpow number="0.6268252646060619"/>
            <maxpow number="0.6268252646060619"/>
            <fprob>0.0</fprob>
        </actor>
        <actor name="D0N34">
            <wcet number="0">10</wcet>
            <wcet number="1">40</wcet>
            <maxpow number="0.5098941246292168"/>
            <maxpow number="0.5098941246292168"/>
            <fprob>0.0</fprob>
        </actor>
        <actor name="D0N10">
            <wcet number="0">30</wcet>
            <wcet number="1">40</wcet>
            <maxpow number="0.4957177792871097"/>
            <maxpow number="0.4957177792871097"/>
            <fprob>0.0</fprob>
        </actor>
        <actor name="D0N15">
            <wcet number="0">180</wcet>
            <wcet number="1">180</wcet>
            <maxpow number="0.9254882652766876"/>
            <maxpow number="0.9254882652766876"/>
            <fprob>0.0</fprob>
        </actor>
        <actor name="D0N20">
            <wcet number="0">10</wcet>
            <wcet number="1">60</wcet>
            <maxpow number="0.3730101834963173"/>
            <maxpow number="0.3730101834963173"/>
            <fprob>0.0</fprob>
        </actor>
        <actor name="D0N47">
            <wcet number="0">10</wcet>
            <wcet number="1">10</wcet>
            <maxpow number="0.7060209032560758"/>
            <maxpow number="0.7060209032560758"/>
            <fprob>0.0</fprob>
        </actor>
        <actor name="D0N13">
            <wcet number="0">30</wcet>
            <wcet number="1">40</wcet>
            <maxpow number="0.6208407465692938"/>
            <maxpow number="0.6208407465692938"/>
            <fprob>0.0</fprob>
        </actor>
        <actor name="D0N49">
            <wcet number="0">20</wcet>
            <wcet number="1">20</wcet>
            <maxpow number="0.6178403367697822"/>
            <maxpow number="0.6178403367697822"/>
            <fprob>0.0</fprob>
        </actor>
        <actor name="D0N32">
            <wcet number="0">10</wcet>
            <wcet number="1">10</wcet>
            <maxpow number="0.5449743009089242"/>
            <maxpow number="0.5449743009089242"/>
            <fprob>0.0</fprob>
        </actor>
        <actor name="D0N26">
            <wcet number="0">10</wcet>
            <wcet number="1">10</wcet>
            <maxpow number="1.0257837517498878"/>
            <maxpow number="1.0257837517498878"/>
            <fprob>0.0</fprob>
        </actor>
        <actor name="D0N22">
            <wcet number="0">10</wcet>
            <wcet number="1">10</wcet>
            <maxpow number="0.6568309588330337"/>
            <maxpow number="0.6568309588330337"/>
            <fprob>0.0</fprob>
        </actor>
        <actor name="D0N36">
            <wcet number="0">10</wcet>
            <wcet number="1">20</wcet>
            <maxpow number="0.26941603579576384"/>
            <maxpow number="0.26941603579576384"/>
            <fprob>0.0</fprob>
        </actor>
        <actor name="D0N18">
            <wcet number="0">40</wcet>
            <wcet number="1">50</wcet>
            <maxpow number="0.569443381107829"/>
            <maxpow number="0.569443381107829"/>
            <fprob>0.0</fprob>
        </actor>
        <actor name="D0N33">
            <wcet number="0">70</wcet>
            <wcet number="1">100</wcet>
            <maxpow number="1.0224606258078193"/>
            <maxpow number="1.0224606258078193"/>
            <fprob>0.0</fprob>
        </actor>
        <actor name="D0N3">
            <wcet number="0">80</wcet>
            <wcet number="1">90</wcet>
            <maxpow number="0.5451073158683932"/>
            <maxpow number="0.5451073158683932"/>
            <fprob>0.0</fprob>
        </actor>
        <actor name="D0N14">
            <wcet number="0">30</wcet>
            <wcet number="1">30</wcet>
            <maxpow number="0.7678557868981077"/>
            <maxpow number="0.7678557868981077"/>
            <fprob>0.0</fprob>
        </actor>
        <actor name="D0N24">
            <wcet number="0">10</wcet>
            <wcet number="1">30</wcet>
            <maxpow number="0.38599215508997026"/>
            <maxpow number="0.38599215508997026"/>
            <fprob>0.0</fprob>
        </actor>
        <actor name="D0N4">
            <wcet number="0">20</wcet>
            <wcet number="1">20</wcet>
            <maxpow number="0.6145707322069529"/>
            <maxpow number="0.6145707322069529"/>
            <fprob>0.0</fprob>
        </actor>
        <actor name="D0N23">
            <wcet number="0">60</wcet>
            <wcet number="1">60</wcet>
            <maxpow number="0.6301103297396264"/>
            <maxpow number="0.6301103297396264"/>
            <fprob>0.0</fprob>
        </actor>
        <actor name="D0N40">
            <wcet number="0">10</wcet>
            <wcet number="1">20</wcet>
            <maxpow number="0.5557529925605018"/>
            <maxpow number="0.5557529925605018"/>
            <fprob>0.0</fprob>
        </actor>
        <actor name="D0N2">
            <wcet number="0">10</wcet>
            <wcet number="1">70</wcet>
            <maxpow number="0.20552575434014914"/>
            <maxpow number="0.20552575434014914"/>
            <fprob>0.0</fprob>
        </actor>
        <actor name="D0N6">
            <wcet number="0">20</wcet>
            <wcet number="1">100</wcet>
            <maxpow number="0.5506680646270181"/>
            <maxpow number="0.5506680646270181"/>
            <fprob>0.0</fprob>
        </actor>
        <actor name="D0N21">
            <wcet number="0">120</wcet>
            <wcet number="1">130</wcet>
            <maxpow number="0.6689093674875655"/>
            <maxpow number="0.6689093674875655"/>
            <fprob>0.0</fprob>
        </actor>
        <actor name="D0N30">
            <wcet number="0">10</wcet>
            <wcet number="1">20</wcet>
            <maxpow number="0.6453754190776853"/>
            <maxpow number="0.6453754190776853"/>
            <fprob>0.0</fprob>
        </actor>
        <actor name="D0N38">
            <wcet number="0">10</wcet>
            <wcet number="1">30</wcet>
            <maxpow number="0.3937536920183512"/>
            <maxpow number="0.3937536920183512"/>
            <fprob>0.0</fprob>
        </actor>
        <actor name="D0N44">
            <wcet number="0">20</wcet>
            <wcet number="1">20</wcet>
            <maxpow number="0.5199726709261747"/>
            <maxpow number="0.5199726709261747"/>
            <fprob>0.0</fprob>
        </actor>
        <actor name="D0N0">
            <wcet number="0">10</wcet>
            <wcet number="1">20</wcet>
            <maxpow number="0.46764676330438165"/>
            <maxpow number="0.46764676330438165"/>
            <fprob>0.0</fprob>
        </actor>
        <actor name="D0N8">
            <wcet number="0">10</wcet>
            <wcet number="1">20</wcet>
            <maxpow number="0.23146903617872622"/>
            <maxpow number="0.23146903617872622"/>
            <fprob>0.0</fprob>
        </actor>
        <actor name="D0N7">
            <wcet number="0">80</wcet>
            <wcet number="1">80</wcet>
            <maxpow number="0.5380331869158805"/>
            <maxpow number="0.5380331869158805"/>
            <fprob>0.0</fprob>
        </actor>
        <actor name="D0N5">
            <wcet number="0">20</wcet>
            <wcet number="1">30</wcet>
            <maxpow number="0.5900965492604391"/>
            <maxpow number="0.5900965492604391"/>
            <fprob>0.0</fprob>
        </actor>
        <ports>
            <port dstActor="D0N25" name="p0" srcActor="D0N1"/>
            <port dstActor="D0N7" name="p1" srcActor="D0N1"/>
            <port dstActor="D0N27" name="p2" srcActor="D0N1"/>
            <port dstActor="D0N3" name="p3" srcActor="D0N1"/>
            <port dstActor="D0N26" name="p4" srcActor="D0N9"/>
            <port dstActor="D0N33" name="p5" srcActor="D0N9"/>
            <port dstActor="D0N14" name="p6" srcActor="D0N9"/>
            <port dstActor="D0N45" name="p7" srcActor="D0N9"/>
            <port dstActor="D0N43" name="p8" srcActor="D0N27"/>
            <port dstActor="D0N41" name="p9" srcActor="D0N27"/>
            <port dstActor="D0N29" name="p10" srcActor="D0N12"/>
            <port dstActor="D0N18" name="p11" srcActor="D0N12"/>
            <port dstActor="D0N47" name="p12" srcActor="D0N37"/>
            <port dstActor="D0N49" name="p13" srcActor="D0N37"/>
            <port dstActor="D0N44" name="p14" srcActor="D0N41"/>
            <port dstActor="D0N23" name="p15" srcActor="D0N11"/>
            <port dstActor="D0N32" name="p16" srcActor="D0N11"/>
            <port dstActor="D0N34" name="p17" srcActor="D0N19"/>
            <port dstActor="D0N32" name="p18" srcActor="D0N19"/>
            <port dstActor="D0N24" name="p19" srcActor="D0N19"/>
            <port dstActor="D0N35" name="p20" srcActor="D0N19"/>
            <port dstActor="D0N42" name="p21" srcActor="D0N19"/>
            <port dstActor="D0N38" name="p22" srcActor="D0N31"/>
            <port dstActor="D0N38" name="p23" srcActor="D0N16"/>
            <port dstActor="D0N29" name="p24" srcActor="D0N16"/>
            <port dstActor="D0N27" name="p25" srcActor="D0N16"/>
            <port dstActor="D0N18" name="p26" srcActor="D0N16"/>
            <port dstActor="D0N39" name="p27" srcActor="D0N16"/>
            <port dstActor="D0N49" name="p28" srcActor="D0N42"/>
            <port dstActor="D0N35" name="p29" srcActor="D0N17"/>
            <port dstActor="D0N38" name="p30" srcActor="D0N17"/>
            <port dstActor="D0N39" name="p31" srcActor="D0N25"/>
            <port dstActor="D0N35" name="p32" srcActor="D0N25"/>
            <port dstActor="D0N34" name="p33" srcActor="D0N29"/>
            <port dstActor="D0N38" name="p34" srcActor="D0N29"/>
            <port dstActor="D0N36" name="p35" srcActor="D0N29"/>
            <port dstActor="D0N39" name="p36" srcActor="D0N29"/>
            <port dstActor="D0N47" name="p37" srcActor="D0N46"/>
            <port dstActor="D0N33" name="p38" srcActor="D0N28"/>
            <port dstActor="D0N34" name="p39" srcActor="D0N28"/>
            <port dstActor="D0N48" name="p40" srcActor="D0N28"/>
            <port dstActor="D0N48" name="p41" srcActor="D0N34"/>
            <port dstActor="D0N35" name="p42" srcActor="D0N34"/>
            <port dstActor="D0N22" name="p43" srcActor="D0N10"/>
            <port dstActor="D0N42" name="p44" srcActor="D0N10"/>
            <port dstActor="D0N14" name="p45" srcActor="D0N10"/>
            <port dstActor="D0N26" name="p46" srcActor="D0N10"/>
            <port dstActor="D0N35" name="p47" srcActor="D0N10"/>
            <port dstActor="D0N49" name="p48" srcActor="D0N10"/>
            <port dstActor="D0N43" name="p49" srcActor="D0N10"/>
            <port dstActor="D0N31" name="p50" srcActor="D0N10"/>
            <port dstActor="D0N19" name="p51" srcActor="D0N15"/>
            <port dstActor="D0N34" name="p52" srcActor="D0N15"/>
            <port dstActor="D0N40" name="p53" srcActor="D0N15"/>
            <port dstActor="D0N47" name="p54" srcActor="D0N20"/>
            <port dstActor="D0N48" name="p55" srcActor="D0N20"/>
            <port dstActor="D0N24" name="p56" srcActor="D0N20"/>
            <port dstActor="D0N35" name="p57" srcActor="D0N13"/>
            <port dstActor="D0N40" name="p58" srcActor="D0N32"/>
            <port dstActor="D0N37" name="p59" srcActor="D0N32"/>
            <port dstActor="D0N32" name="p60" srcActor="D0N26"/>
            <port dstActor="D0N41" name="p61" srcActor="D0N26"/>
            <port dstActor="D0N33" name="p62" srcActor="D0N26"/>
            <port dstActor="D0N28" name="p63" srcActor="D0N22"/>
            <port dstActor="D0N29" name="p64" srcActor="D0N22"/>
            <port dstActor="D0N23" name="p65" srcActor="D0N22"/>
            <port dstActor="D0N48" name="p66" srcActor="D0N22"/>
            <port dstActor="D0N49" name="p67" srcActor="D0N36"/>
            <port dstActor="D0N46" name="p68" srcActor="D0N36"/>
            <port dstActor="D0N41" name="p69" srcActor="D0N36"/>
            <port dstActor="D0N28" name="p70" srcActor="D0N18"/>
            <port dstActor="D0N49" name="p71" srcActor="D0N33"/>
            <port dstActor="D0N37" name="p72" srcActor="D0N33"/>
            <port dstActor="D0N23" name="p73" srcActor="D0N3"/>
            <port dstActor="D0N26" name="p74" srcActor="D0N3"/>
            <port dstActor="D0N39" name="p75" srcActor="D0N3"/>
            <port dstActor="D0N44" name="p76" srcActor="D0N3"/>
            <port dstActor="D0N25" name="p77" srcActor="D0N3"/>
            <port dstActor="D0N42" name="p78" srcActor="D0N24"/>
            <port dstActor="D0N29" name="p79" srcActor="D0N24"/>
            <port dstActor="D0N35" name="p80" srcActor="D0N4"/>
            <port dstActor="D0N16" name="p81" srcActor="D0N4"/>
            <port dstActor="D0N25" name="p82" srcActor="D0N23"/>
            <port dstActor="D0N43" name="p83" srcActor="D0N23"/>
            <port dstActor="D0N48" name="p84" srcActor="D0N23"/>
            <port dstActor="D0N24" name="p85" srcActor="D0N23"/>
            <port dstActor="D0N49" name="p86" srcActor="D0N40"/>
            <port dstActor="D0N24" name="p87" srcActor="D0N2"/>
            <port dstActor="D0N17" name="p88" srcActor="D0N6"/>
            <port dstActor="D0N45" name="p89" srcActor="D0N6"/>
            <port dstActor="D0N22" name="p90" srcActor="D0N21"/>
            <port dstActor="D0N36" name="p91" srcActor="D0N21"/>
            <port dstActor="D0N47" name="p92" srcActor="D0N44"/>
            <port dstActor="D0N45" name="p93" srcActor="D0N44"/>
            <port dstActor="D0N31" name="p94" srcActor="D0N0"/>
            <port dstActor="D0N36" name="p95" srcActor="D0N0"/>
            <port dstActor="D0N43" name="p96" srcActor="D0N0"/>
            <port dstActor="D0N45" name="p97" srcActor="D0N0"/>
            <port dstActor="D0N39" name="p98" srcActor="D0N0"/>
            <port dstActor="D0N23" name="p99" srcActor="D0N8"/>
            <port dstActor="D0N11" name="p100" srcActor="D0N8"/>
            <port dstActor="D0N18" name="p101" srcActor="D0N8"/>
            <port dstActor="D0N44" name="p102" srcActor="D0N8"/>
            <port dstActor="D0N23" name="p103" srcActor="D0N7"/>
            <port dstActor="D0N46" name="p104" srcActor="D0N5"/>
            <port dstActor="D0N34" name="p105" srcActor="D0N5"/>
            <port dstActor="D0N43" name="p106" srcActor="D0N5"/>
            <port dstActor="D0N15" name="p107" srcActor="D0N5"/>
        </ports>
    </mcdag>
    <cores number="3"/>
    <levels number="2"/>
</mcsystem>
