<?xml version="1.0" encoding="UTF-8" standalone="no"?>
<mcsystem>
    <mcdag deadline="1500" name="genned-0-ed-10.0-0">
        <actor name="D0N1">
            <wcet number="0">260</wcet>
            <wcet number="1">350</wcet>
            <maxpow number="0.6330858448170987"/>
            <maxpow number="0.6330858448170987"/>
            <fprob>0.0</fprob>
        </actor>
        <actor name="D0N8">
            <wcet number="0">20</wcet>
            <wcet number="1">30</wcet>
            <maxpow number="0.39200136791087914"/>
            <maxpow number="0.39200136791087914"/>
            <fprob>0.0</fprob>
        </actor>
        <actor name="D0N14">
            <wcet number="0">20</wcet>
            <wcet number="1">20</wcet>
            <maxpow number="0.6052660213324108"/>
            <maxpow number="0.6052660213324108"/>
            <fprob>0.0</fprob>
        </actor>
        <actor name="D0N22">
            <wcet number="0">20</wcet>
            <wcet number="1">20</wcet>
            <maxpow number="0.3238448902060552"/>
            <maxpow number="0.3238448902060552"/>
            <fprob>0.0</fprob>
        </actor>
        <actor name="D0N45">
            <wcet number="0">20</wcet>
            <wcet number="1">20</wcet>
            <maxpow number="0.35686461351483556"/>
            <maxpow number="0.35686461351483556"/>
            <fprob>0.0</fprob>
        </actor>
        <actor name="D0N23">
            <wcet number="0">20</wcet>
            <wcet number="1">30</wcet>
            <maxpow number="0.5666058141940293"/>
            <maxpow number="0.5666058141940293"/>
            <fprob>0.0</fprob>
        </actor>
        <actor name="D0N2">
            <wcet number="0">20</wcet>
            <wcet number="1">20</wcet>
            <maxpow number="0.7963787183515841"/>
            <maxpow number="0.7963787183515841"/>
            <fprob>0.0</fprob>
        </actor>
        <actor name="D0N33">
            <wcet number="0">120</wcet>
            <wcet number="1">160</wcet>
            <maxpow number="0.582819893410656"/>
            <maxpow number="0.582819893410656"/>
            <fprob>0.0</fprob>
        </actor>
        <actor name="D0N12">
            <wcet number="0">10</wcet>
            <wcet number="1">160</wcet>
            <maxpow number="0.6220695387594135"/>
            <maxpow number="0.6220695387594135"/>
            <fprob>0.0</fprob>
        </actor>
        <actor name="D0N34">
            <wcet number="0">20</wcet>
            <wcet number="1">20</wcet>
            <maxpow number="0.352464005541146"/>
            <maxpow number="0.352464005541146"/>
            <fprob>0.0</fprob>
        </actor>
        <actor name="D0N39">
            <wcet number="0">50</wcet>
            <wcet number="1">60</wcet>
            <maxpow number="0.5782882724324054"/>
            <maxpow number="0.5782882724324054"/>
            <fprob>0.0</fprob>
        </actor>
        <actor name="D0N18">
            <wcet number="0">10</wcet>
            <wcet number="1">10</wcet>
            <maxpow number="0.721825497580002"/>
            <maxpow number="0.721825497580002"/>
            <fprob>0.0</fprob>
        </actor>
        <actor name="D0N41">
            <wcet number="0">30</wcet>
            <wcet number="1">60</wcet>
            <maxpow number="0.5981262547910273"/>
            <maxpow number="0.5981262547910273"/>
            <fprob>0.0</fprob>
        </actor>
        <actor name="D0N42">
            <wcet number="0">10</wcet>
            <wcet number="1">20</wcet>
            <maxpow number="0.6877440559004421"/>
            <maxpow number="0.6877440559004421"/>
            <fprob>0.0</fprob>
        </actor>
        <actor name="D0N17">
            <wcet number="0">100</wcet>
            <wcet number="1">110</wcet>
            <maxpow number="0.6601287313081595"/>
            <maxpow number="0.6601287313081595"/>
            <fprob>0.0</fprob>
        </actor>
        <actor name="D0N9">
            <wcet number="0">10</wcet>
            <wcet number="1">10</wcet>
            <maxpow number="0.6775007477136887"/>
            <maxpow number="0.6775007477136887"/>
            <fprob>0.0</fprob>
        </actor>
        <actor name="D0N20">
            <wcet number="0">50</wcet>
            <wcet number="1">120</wcet>
            <maxpow number="0.9448852035344086"/>
            <maxpow number="0.9448852035344086"/>
            <fprob>0.0</fprob>
        </actor>
        <actor name="D0N13">
            <wcet number="0">100</wcet>
            <wcet number="1">110</wcet>
            <maxpow number="0.31795193863928134"/>
            <maxpow number="0.31795193863928134"/>
            <fprob>0.0</fprob>
        </actor>
        <actor name="D0N32">
            <wcet number="0">10</wcet>
            <wcet number="1">10</wcet>
            <maxpow number="0.8279061386571684"/>
            <maxpow number="0.8279061386571684"/>
            <fprob>0.0</fprob>
        </actor>
        <actor name="D0N35">
            <wcet number="0">10</wcet>
            <wcet number="1">10</wcet>
            <maxpow number="0.6760220643727162"/>
            <maxpow number="0.6760220643727162"/>
            <fprob>0.0</fprob>
        </actor>
        <actor name="D0N38">
            <wcet number="0">10</wcet>
            <wcet number="1">10</wcet>
            <maxpow number="0.3757306355998249"/>
            <maxpow number="0.3757306355998249"/>
            <fprob>0.0</fprob>
        </actor>
        <actor name="D0N31">
            <wcet number="0">60</wcet>
            <wcet number="1">70</wcet>
            <maxpow number="0.6176761907340451"/>
            <maxpow number="0.6176761907340451"/>
            <fprob>0.0</fprob>
        </actor>
        <actor name="D0N15">
            <wcet number="0">30</wcet>
            <wcet number="1">60</wcet>
            <maxpow number="0.4130644492884509"/>
            <maxpow number="0.4130644492884509"/>
            <fprob>0.0</fprob>
        </actor>
        <actor name="D0N26">
            <wcet number="0">20</wcet>
            <wcet number="1">30</wcet>
            <maxpow number="0.784456033054821"/>
            <maxpow number="0.784456033054821"/>
            <fprob>0.0</fprob>
        </actor>
        <actor name="D0N28">
            <wcet number="0">30</wcet>
            <wcet number="1">190</wcet>
            <maxpow number="0.30892307923568185"/>
            <maxpow number="0.30892307923568185"/>
            <fprob>0.0</fprob>
        </actor>
        <actor name="D0N30">
            <wcet number="0">10</wcet>
            <wcet number="1">20</wcet>
            <maxpow number="0.43143807071752605"/>
            <maxpow number="0.43143807071752605"/>
            <fprob>0.0</fprob>
        </actor>
        <actor name="D0N43">
            <wcet number="0">20</wcet>
            <wcet number="1">30</wcet>
            <maxpow number="0.7420898444539179"/>
            <maxpow number="0.7420898444539179"/>
            <fprob>0.0</fprob>
        </actor>
        <actor name="D0N44">
            <wcet number="0">10</wcet>
            <wcet number="1">20</wcet>
            <maxpow number="0.6381585943522237"/>
            <maxpow number="0.6381585943522237"/>
            <fprob>0.0</fprob>
        </actor>
        <actor name="D0N36">
            <wcet number="0">10</wcet>
            <wcet number="1">10</wcet>
            <maxpow number="0.3596878834135421"/>
            <maxpow number="0.3596878834135421"/>
            <fprob>0.0</fprob>
        </actor>
        <actor name="D0N24">
            <wcet number="0">20</wcet>
            <wcet number="1">20</wcet>
            <maxpow number="0.68828433531954"/>
            <maxpow number="0.68828433531954"/>
            <fprob>0.0</fprob>
        </actor>
        <actor name="D0N25">
            <wcet number="0">30</wcet>
            <wcet number="1">90</wcet>
            <maxpow number="0.5681702077145248"/>
            <maxpow number="0.5681702077145248"/>
            <fprob>0.0</fprob>
        </actor>
        <actor name="D0N29">
            <wcet number="0">10</wcet>
            <wcet number="1">10</wcet>
            <maxpow number="0.6214192084218708"/>
            <maxpow number="0.6214192084218708"/>
            <fprob>0.0</fprob>
        </actor>
        <actor name="D0N10">
            <wcet number="0">30</wcet>
            <wcet number="1">30</wcet>
            <maxpow number="0.5562587973116558"/>
            <maxpow number="0.5562587973116558"/>
            <fprob>0.0</fprob>
        </actor>
        <actor name="D0N21">
            <wcet number="0">10</wcet>
            <wcet number="1">10</wcet>
            <maxpow number="0.8189643810559389"/>
            <maxpow number="0.8189643810559389"/>
            <fprob>0.0</fprob>
        </actor>
        <actor name="D0N48">
            <wcet number="0">30</wcet>
            <wcet number="1">30</wcet>
            <maxpow number="0.7453921570368296"/>
            <maxpow number="0.7453921570368296"/>
            <fprob>0.0</fprob>
        </actor>
        <actor name="D0N47">
            <wcet number="0">10</wcet>
            <wcet number="1">30</wcet>
            <maxpow number="0.4669044974276064"/>
            <maxpow number="0.4669044974276064"/>
            <fprob>0.0</fprob>
        </actor>
        <actor name="D0N16">
            <wcet number="0">220</wcet>
            <wcet number="1">220</wcet>
            <maxpow number="0.7275847611451466"/>
            <maxpow number="0.7275847611451466"/>
            <fprob>0.0</fprob>
        </actor>
        <actor name="D0N3">
            <wcet number="0">10</wcet>
            <wcet number="1">50</wcet>
            <maxpow number="0.5085469730326515"/>
            <maxpow number="0.5085469730326515"/>
            <fprob>0.0</fprob>
        </actor>
        <actor name="D0N40">
            <wcet number="0">20</wcet>
            <wcet number="1">20</wcet>
            <maxpow number="0.7161560187701574"/>
            <maxpow number="0.7161560187701574"/>
            <fprob>0.0</fprob>
        </actor>
        <actor name="D0N46">
            <wcet number="0">20</wcet>
            <wcet number="1">40</wcet>
            <maxpow number="0.6719332233165691"/>
            <maxpow number="0.6719332233165691"/>
            <fprob>0.0</fprob>
        </actor>
        <actor name="D0N27">
            <wcet number="0">10</wcet>
            <wcet number="1">20</wcet>
            <maxpow number="0.6543188854923869"/>
            <maxpow number="0.6543188854923869"/>
            <fprob>0.0</fprob>
        </actor>
        <actor name="D0N37">
            <wcet number="0">20</wcet>
            <wcet number="1">70</wcet>
            <maxpow number="0.5231396714867281"/>
            <maxpow number="0.5231396714867281"/>
            <fprob>0.0</fprob>
        </actor>
        <actor name="D0N5">
            <wcet number="0">30</wcet>
            <wcet number="1">80</wcet>
            <maxpow number="0.5089825064411191"/>
            <maxpow number="0.5089825064411191"/>
            <fprob>0.0</fprob>
        </actor>
        <actor name="D0N0">
            <wcet number="0">20</wcet>
            <wcet number="1">80</wcet>
            <maxpow number="0.4626609958564785"/>
            <maxpow number="0.4626609958564785"/>
            <fprob>0.0</fprob>
        </actor>
        <actor name="D0N11">
            <wcet number="0">10</wcet>
            <wcet number="1">10</wcet>
            <maxpow number="0.83085778492264"/>
            <maxpow number="0.83085778492264"/>
            <fprob>0.0</fprob>
        </actor>
        <actor name="D0N7">
            <wcet number="0">120</wcet>
            <wcet number="1">120</wcet>
            <maxpow number="0.4282678928287016"/>
            <maxpow number="0.4282678928287016"/>
            <fprob>0.0</fprob>
        </actor>
        <actor name="D0N19">
            <wcet number="0">20</wcet>
            <wcet number="1">70</wcet>
            <maxpow number="0.7915939359448066"/>
            <maxpow number="0.7915939359448066"/>
            <fprob>0.0</fprob>
        </actor>
        <actor name="D0N6">
            <wcet number="0">20</wcet>
            <wcet number="1">20</wcet>
            <maxpow number="0.4791914688484938"/>
            <maxpow number="0.4791914688484938"/>
            <fprob>0.0</fprob>
        </actor>
        <actor name="D0N4">
            <wcet number="0">170</wcet>
            <wcet number="1">340</wcet>
            <maxpow number="0.2070713727912522"/>
            <maxpow number="0.2070713727912522"/>
            <fprob>0.0</fprob>
        </actor>
        <ports>
            <port dstActor="D0N6" name="p0" srcActor="D0N1"/>
            <port dstActor="D0N12" name="p1" srcActor="D0N1"/>
            <port dstActor="D0N45" name="p2" srcActor="D0N1"/>
            <port dstActor="D0N2" name="p3" srcActor="D0N1"/>
            <port dstActor="D0N31" name="p4" srcActor="D0N1"/>
            <port dstActor="D0N18" name="p5" srcActor="D0N1"/>
            <port dstActor="D0N25" name="p6" srcActor="D0N1"/>
            <port dstActor="D0N18" name="p7" srcActor="D0N8"/>
            <port dstActor="D0N10" name="p8" srcActor="D0N8"/>
            <port dstActor="D0N11" name="p9" srcActor="D0N8"/>
            <port dstActor="D0N26" name="p10" srcActor="D0N8"/>
            <port dstActor="D0N18" name="p11" srcActor="D0N14"/>
            <port dstActor="D0N31" name="p12" srcActor="D0N14"/>
            <port dstActor="D0N32" name="p13" srcActor="D0N14"/>
            <port dstActor="D0N38" name="p14" srcActor="D0N14"/>
            <port dstActor="D0N48" name="p15" srcActor="D0N45"/>
            <port dstActor="D0N46" name="p16" srcActor="D0N45"/>
            <port dstActor="D0N25" name="p17" srcActor="D0N23"/>
            <port dstActor="D0N45" name="p18" srcActor="D0N23"/>
            <port dstActor="D0N42" name="p19" srcActor="D0N23"/>
            <port dstActor="D0N18" name="p20" srcActor="D0N2"/>
            <port dstActor="D0N32" name="p21" srcActor="D0N2"/>
            <port dstActor="D0N13" name="p22" srcActor="D0N2"/>
            <port dstActor="D0N15" name="p23" srcActor="D0N2"/>
            <port dstActor="D0N44" name="p24" srcActor="D0N2"/>
            <port dstActor="D0N42" name="p25" srcActor="D0N2"/>
            <port dstActor="D0N41" name="p26" srcActor="D0N33"/>
            <port dstActor="D0N36" name="p27" srcActor="D0N12"/>
            <port dstActor="D0N16" name="p28" srcActor="D0N12"/>
            <port dstActor="D0N13" name="p29" srcActor="D0N12"/>
            <port dstActor="D0N47" name="p30" srcActor="D0N12"/>
            <port dstActor="D0N18" name="p31" srcActor="D0N12"/>
            <port dstActor="D0N46" name="p32" srcActor="D0N39"/>
            <port dstActor="D0N41" name="p33" srcActor="D0N18"/>
            <port dstActor="D0N44" name="p34" srcActor="D0N41"/>
            <port dstActor="D0N48" name="p35" srcActor="D0N41"/>
            <port dstActor="D0N44" name="p36" srcActor="D0N17"/>
            <port dstActor="D0N46" name="p37" srcActor="D0N17"/>
            <port dstActor="D0N42" name="p38" srcActor="D0N17"/>
            <port dstActor="D0N36" name="p39" srcActor="D0N9"/>
            <port dstActor="D0N25" name="p40" srcActor="D0N9"/>
            <port dstActor="D0N15" name="p41" srcActor="D0N9"/>
            <port dstActor="D0N23" name="p42" srcActor="D0N9"/>
            <port dstActor="D0N17" name="p43" srcActor="D0N9"/>
            <port dstActor="D0N14" name="p44" srcActor="D0N9"/>
            <port dstActor="D0N30" name="p45" srcActor="D0N9"/>
            <port dstActor="D0N40" name="p46" srcActor="D0N9"/>
            <port dstActor="D0N22" name="p47" srcActor="D0N20"/>
            <port dstActor="D0N18" name="p48" srcActor="D0N13"/>
            <port dstActor="D0N47" name="p49" srcActor="D0N13"/>
            <port dstActor="D0N42" name="p50" srcActor="D0N13"/>
            <port dstActor="D0N45" name="p51" srcActor="D0N13"/>
            <port dstActor="D0N39" name="p52" srcActor="D0N32"/>
            <port dstActor="D0N40" name="p53" srcActor="D0N35"/>
            <port dstActor="D0N39" name="p54" srcActor="D0N31"/>
            <port dstActor="D0N39" name="p55" srcActor="D0N15"/>
            <port dstActor="D0N30" name="p56" srcActor="D0N15"/>
            <port dstActor="D0N42" name="p57" srcActor="D0N15"/>
            <port dstActor="D0N18" name="p58" srcActor="D0N15"/>
            <port dstActor="D0N35" name="p59" srcActor="D0N26"/>
            <port dstActor="D0N48" name="p60" srcActor="D0N26"/>
            <port dstActor="D0N40" name="p61" srcActor="D0N28"/>
            <port dstActor="D0N47" name="p62" srcActor="D0N28"/>
            <port dstActor="D0N40" name="p63" srcActor="D0N30"/>
            <port dstActor="D0N45" name="p64" srcActor="D0N43"/>
            <port dstActor="D0N39" name="p65" srcActor="D0N36"/>
            <port dstActor="D0N38" name="p66" srcActor="D0N24"/>
            <port dstActor="D0N26" name="p67" srcActor="D0N24"/>
            <port dstActor="D0N27" name="p68" srcActor="D0N25"/>
            <port dstActor="D0N35" name="p69" srcActor="D0N25"/>
            <port dstActor="D0N29" name="p70" srcActor="D0N25"/>
            <port dstActor="D0N30" name="p71" srcActor="D0N29"/>
            <port dstActor="D0N12" name="p72" srcActor="D0N10"/>
            <port dstActor="D0N46" name="p73" srcActor="D0N10"/>
            <port dstActor="D0N18" name="p74" srcActor="D0N10"/>
            <port dstActor="D0N39" name="p75" srcActor="D0N10"/>
            <port dstActor="D0N33" name="p76" srcActor="D0N21"/>
            <port dstActor="D0N36" name="p77" srcActor="D0N21"/>
            <port dstActor="D0N43" name="p78" srcActor="D0N21"/>
            <port dstActor="D0N43" name="p79" srcActor="D0N16"/>
            <port dstActor="D0N33" name="p80" srcActor="D0N16"/>
            <port dstActor="D0N18" name="p81" srcActor="D0N16"/>
            <port dstActor="D0N45" name="p82" srcActor="D0N16"/>
            <port dstActor="D0N4" name="p83" srcActor="D0N3"/>
            <port dstActor="D0N9" name="p84" srcActor="D0N3"/>
            <port dstActor="D0N28" name="p85" srcActor="D0N3"/>
            <port dstActor="D0N30" name="p86" srcActor="D0N3"/>
            <port dstActor="D0N42" name="p87" srcActor="D0N27"/>
            <port dstActor="D0N39" name="p88" srcActor="D0N37"/>
            <port dstActor="D0N38" name="p89" srcActor="D0N37"/>
            <port dstActor="D0N40" name="p90" srcActor="D0N5"/>
            <port dstActor="D0N11" name="p91" srcActor="D0N5"/>
            <port dstActor="D0N12" name="p92" srcActor="D0N5"/>
            <port dstActor="D0N34" name="p93" srcActor="D0N5"/>
            <port dstActor="D0N10" name="p94" srcActor="D0N5"/>
            <port dstActor="D0N29" name="p95" srcActor="D0N0"/>
            <port dstActor="D0N15" name="p96" srcActor="D0N0"/>
            <port dstActor="D0N40" name="p97" srcActor="D0N11"/>
            <port dstActor="D0N13" name="p98" srcActor="D0N11"/>
            <port dstActor="D0N31" name="p99" srcActor="D0N11"/>
            <port dstActor="D0N19" name="p100" srcActor="D0N11"/>
            <port dstActor="D0N21" name="p101" srcActor="D0N7"/>
            <port dstActor="D0N39" name="p102" srcActor="D0N7"/>
            <port dstActor="D0N29" name="p103" srcActor="D0N7"/>
            <port dstActor="D0N45" name="p104" srcActor="D0N7"/>
            <port dstActor="D0N31" name="p105" srcActor="D0N7"/>
            <port dstActor="D0N36" name="p106" srcActor="D0N19"/>
            <port dstActor="D0N42" name="p107" srcActor="D0N19"/>
            <port dstActor="D0N22" name="p108" srcActor="D0N19"/>
            <port dstActor="D0N32" name="p109" srcActor="D0N6"/>
            <port dstActor="D0N28" name="p110" srcActor="D0N6"/>
            <port dstActor="D0N42" name="p111" srcActor="D0N6"/>
            <port dstActor="D0N11" name="p112" srcActor="D0N4"/>
            <port dstActor="D0N31" name="p113" srcActor="D0N4"/>
            <port dstActor="D0N37" name="p114" srcActor="D0N4"/>
        </ports>
    </mcdag>
    <cores number="3"/>
    <levels number="2"/>
</mcsystem>
