<?xml version="1.0" encoding="UTF-8" standalone="no"?>
<mcsystem>
    <mcdag deadline="2200" name="genned-0-ed-10.0-0">
        <actor name="D0N48">
            <wcet number="0">30</wcet>
            <wcet number="1">60</wcet>
            <maxpow number="0.42973425268288007"/>
            <maxpow number="0.42973425268288007"/>
            <fprob>0.0</fprob>
        </actor>
        <actor name="D0N38">
            <wcet number="0">10</wcet>
            <wcet number="1">110</wcet>
            <maxpow number="0.13738595673998255"/>
            <maxpow number="0.13738595673998255"/>
            <fprob>0.0</fprob>
        </actor>
        <actor name="D0N10">
            <wcet number="0">40</wcet>
            <wcet number="1">90</wcet>
            <maxpow number="0.7193548353340065"/>
            <maxpow number="0.7193548353340065"/>
            <fprob>0.0</fprob>
        </actor>
        <actor name="D0N47">
            <wcet number="0">80</wcet>
            <wcet number="1">100</wcet>
            <maxpow number="0.5848515728470959"/>
            <maxpow number="0.5848515728470959"/>
            <fprob>0.0</fprob>
        </actor>
        <actor name="D0N12">
            <wcet number="0">10</wcet>
            <wcet number="1">10</wcet>
            <maxpow number="0.7063919746302606"/>
            <maxpow number="0.7063919746302606"/>
            <fprob>0.0</fprob>
        </actor>
        <actor name="D0N43">
            <wcet number="0">10</wcet>
            <wcet number="1">10</wcet>
            <maxpow number="0.563933985393177"/>
            <maxpow number="0.563933985393177"/>
            <fprob>0.0</fprob>
        </actor>
        <actor name="D0N9">
            <wcet number="0">60</wcet>
            <wcet number="1">130</wcet>
            <maxpow number="0.7103026306696528"/>
            <maxpow number="0.7103026306696528"/>
            <fprob>0.0</fprob>
        </actor>
        <actor name="D0N29">
            <wcet number="0">20</wcet>
            <wcet number="1">50</wcet>
            <maxpow number="1.0862426522198585"/>
            <maxpow number="1.0862426522198585"/>
            <fprob>0.0</fprob>
        </actor>
        <actor name="D0N34">
            <wcet number="0">20</wcet>
            <wcet number="1">70</wcet>
            <maxpow number="0.47901753815257414"/>
            <maxpow number="0.47901753815257414"/>
            <fprob>0.0</fprob>
        </actor>
        <actor name="D0N45">
            <wcet number="0">30</wcet>
            <wcet number="1">30</wcet>
            <maxpow number="0.727588228568792"/>
            <maxpow number="0.727588228568792"/>
            <fprob>0.0</fprob>
        </actor>
        <actor name="D0N1">
            <wcet number="0">30</wcet>
            <wcet number="1">40</wcet>
            <maxpow number="0.5135203165934972"/>
            <maxpow number="0.5135203165934972"/>
            <fprob>0.0</fprob>
        </actor>
        <actor name="D0N46">
            <wcet number="0">30</wcet>
            <wcet number="1">300</wcet>
            <maxpow number="0.6163833688248166"/>
            <maxpow number="0.6163833688248166"/>
            <fprob>0.0</fprob>
        </actor>
        <actor name="D0N37">
            <wcet number="0">10</wcet>
            <wcet number="1">10</wcet>
            <maxpow number="0.7310252554785023"/>
            <maxpow number="0.7310252554785023"/>
            <fprob>0.0</fprob>
        </actor>
        <actor name="D0N22">
            <wcet number="0">30</wcet>
            <wcet number="1">50</wcet>
            <maxpow number="0.6015595203587659"/>
            <maxpow number="0.6015595203587659"/>
            <fprob>0.0</fprob>
        </actor>
        <actor name="D0N17">
            <wcet number="0">140</wcet>
            <wcet number="1">200</wcet>
            <maxpow number="0.7488260390857536"/>
            <maxpow number="0.7488260390857536"/>
            <fprob>0.0</fprob>
        </actor>
        <actor name="D0N8">
            <wcet number="0">20</wcet>
            <wcet number="1">110</wcet>
            <maxpow number="0.5664496256876475"/>
            <maxpow number="0.5664496256876475"/>
            <fprob>0.0</fprob>
        </actor>
        <actor name="D0N33">
            <wcet number="0">20</wcet>
            <wcet number="1">50</wcet>
            <maxpow number="0.22644899236599142"/>
            <maxpow number="0.22644899236599142"/>
            <fprob>0.0</fprob>
        </actor>
        <actor name="D0N16">
            <wcet number="0">60</wcet>
            <wcet number="1">60</wcet>
            <maxpow number="0.7038183212331973"/>
            <maxpow number="0.7038183212331973"/>
            <fprob>0.0</fprob>
        </actor>
        <actor name="D0N26">
            <wcet number="0">20</wcet>
            <wcet number="1">20</wcet>
            <maxpow number="0.6486428790448827"/>
            <maxpow number="0.6486428790448827"/>
            <fprob>0.0</fprob>
        </actor>
        <actor name="D0N35">
            <wcet number="0">140</wcet>
            <wcet number="1">470</wcet>
            <maxpow number="0.628877161943681"/>
            <maxpow number="0.628877161943681"/>
            <fprob>0.0</fprob>
        </actor>
        <actor name="D0N7">
            <wcet number="0">10</wcet>
            <wcet number="1">70</wcet>
            <maxpow number="0.6614327940502595"/>
            <maxpow number="0.6614327940502595"/>
            <fprob>0.0</fprob>
        </actor>
        <actor name="D0N20">
            <wcet number="0">180</wcet>
            <wcet number="1">190</wcet>
            <maxpow number="0.5926064411167143"/>
            <maxpow number="0.5926064411167143"/>
            <fprob>0.0</fprob>
        </actor>
        <actor name="D0N18">
            <wcet number="0">50</wcet>
            <wcet number="1">70</wcet>
            <maxpow number="0.619029134166318"/>
            <maxpow number="0.619029134166318"/>
            <fprob>0.0</fprob>
        </actor>
        <actor name="D0N5">
            <wcet number="0">80</wcet>
            <wcet number="1">100</wcet>
            <maxpow number="0.8331506493719509"/>
            <maxpow number="0.8331506493719509"/>
            <fprob>0.0</fprob>
        </actor>
        <actor name="D0N19">
            <wcet number="0">20</wcet>
            <wcet number="1">20</wcet>
            <maxpow number="0.4742501981278308"/>
            <maxpow number="0.4742501981278308"/>
            <fprob>0.0</fprob>
        </actor>
        <actor name="D0N24">
            <wcet number="0">30</wcet>
            <wcet number="1">60</wcet>
            <maxpow number="0.8871508708230984"/>
            <maxpow number="0.8871508708230984"/>
            <fprob>0.0</fprob>
        </actor>
        <actor name="D0N2">
            <wcet number="0">10</wcet>
            <wcet number="1">80</wcet>
            <maxpow number="0.2645504138993915"/>
            <maxpow number="0.2645504138993915"/>
            <fprob>0.0</fprob>
        </actor>
        <actor name="D0N25">
            <wcet number="0">50</wcet>
            <wcet number="1">70</wcet>
            <maxpow number="0.5139570712536589"/>
            <maxpow number="0.5139570712536589"/>
            <fprob>0.0</fprob>
        </actor>
        <actor name="D0N40">
            <wcet number="0">20</wcet>
            <wcet number="1">50</wcet>
            <maxpow number="0.31716685745840706"/>
            <maxpow number="0.31716685745840706"/>
            <fprob>0.0</fprob>
        </actor>
        <actor name="D0N11">
            <wcet number="0">20</wcet>
            <wcet number="1">20</wcet>
            <maxpow number="0.5086495357720799"/>
            <maxpow number="0.5086495357720799"/>
            <fprob>0.0</fprob>
        </actor>
        <actor name="D0N15">
            <wcet number="0">10</wcet>
            <wcet number="1">10</wcet>
            <maxpow number="0.5629411280041365"/>
            <maxpow number="0.5629411280041365"/>
            <fprob>0.0</fprob>
        </actor>
        <actor name="D0N31">
            <wcet number="0">10</wcet>
            <wcet number="1">70</wcet>
            <maxpow number="0.703692462956045"/>
            <maxpow number="0.703692462956045"/>
            <fprob>0.0</fprob>
        </actor>
        <actor name="D0N36">
            <wcet number="0">130</wcet>
            <wcet number="1">130</wcet>
            <maxpow number="0.7650081256907965"/>
            <maxpow number="0.7650081256907965"/>
            <fprob>0.0</fprob>
        </actor>
        <actor name="D0N0">
            <wcet number="0">30</wcet>
            <wcet number="1">50</wcet>
            <maxpow number="0.5312567086309065"/>
            <maxpow number="0.5312567086309065"/>
            <fprob>0.0</fprob>
        </actor>
        <actor name="D0N27">
            <wcet number="0">120</wcet>
            <wcet number="1">140</wcet>
            <maxpow number="0.35345937652047615"/>
            <maxpow number="0.35345937652047615"/>
            <fprob>0.0</fprob>
        </actor>
        <actor name="D0N4">
            <wcet number="0">10</wcet>
            <wcet number="1">20</wcet>
            <maxpow number="0.5061876308916469"/>
            <maxpow number="0.5061876308916469"/>
            <fprob>0.0</fprob>
        </actor>
        <actor name="D0N42">
            <wcet number="0">200</wcet>
            <wcet number="1">300</wcet>
            <maxpow number="0.6617597444502485"/>
            <maxpow number="0.6617597444502485"/>
            <fprob>0.0</fprob>
        </actor>
        <actor name="D0N3">
            <wcet number="0">40</wcet>
            <wcet number="1">110</wcet>
            <maxpow number="0.730560012273944"/>
            <maxpow number="0.730560012273944"/>
            <fprob>0.0</fprob>
        </actor>
        <actor name="D0N6">
            <wcet number="0">30</wcet>
            <wcet number="1">50</wcet>
            <maxpow number="0.5566243051833695"/>
            <maxpow number="0.5566243051833695"/>
            <fprob>0.0</fprob>
        </actor>
        <actor name="D0N28">
            <wcet number="0">10</wcet>
            <wcet number="1">70</wcet>
            <maxpow number="0.3903280150495839"/>
            <maxpow number="0.3903280150495839"/>
            <fprob>0.0</fprob>
        </actor>
        <actor name="D0N39">
            <wcet number="0">70</wcet>
            <wcet number="1">80</wcet>
            <maxpow number="0.7308053150302212"/>
            <maxpow number="0.7308053150302212"/>
            <fprob>0.0</fprob>
        </actor>
        <actor name="D0N41">
            <wcet number="0">10</wcet>
            <wcet number="1">10</wcet>
            <maxpow number="0.5873727917156437"/>
            <maxpow number="0.5873727917156437"/>
            <fprob>0.0</fprob>
        </actor>
        <actor name="D0N14">
            <wcet number="0">10</wcet>
            <wcet number="1">30</wcet>
            <maxpow number="0.41075496834950603"/>
            <maxpow number="0.41075496834950603"/>
            <fprob>0.0</fprob>
        </actor>
        <actor name="D0N21">
            <wcet number="0">40</wcet>
            <wcet number="1">190</wcet>
            <maxpow number="0.748570814173493"/>
            <maxpow number="0.748570814173493"/>
            <fprob>0.0</fprob>
        </actor>
        <actor name="D0N32">
            <wcet number="0">30</wcet>
            <wcet number="1">160</wcet>
            <maxpow number="0.7678206336817641"/>
            <maxpow number="0.7678206336817641"/>
            <fprob>0.0</fprob>
        </actor>
        <actor name="D0N13">
            <wcet number="0">90</wcet>
            <wcet number="1">100</wcet>
            <maxpow number="0.37006953623370353"/>
            <maxpow number="0.37006953623370353"/>
            <fprob>0.0</fprob>
        </actor>
        <actor name="D0N44">
            <wcet number="0">20</wcet>
            <wcet number="1">20</wcet>
            <maxpow number="0.6868986168819738"/>
            <maxpow number="0.6868986168819738"/>
            <fprob>0.0</fprob>
        </actor>
        <actor name="D0N23">
            <wcet number="0">90</wcet>
            <wcet number="1">120</wcet>
            <maxpow number="0.6443960707981963"/>
            <maxpow number="0.6443960707981963"/>
            <fprob>0.0</fprob>
        </actor>
        <actor name="D0N30">
            <wcet number="0">40</wcet>
            <wcet number="1">40</wcet>
            <maxpow number="0.36859327912599094"/>
            <maxpow number="0.36859327912599094"/>
            <fprob>0.0</fprob>
        </actor>
        <ports>
            <port dstActor="D0N21" name="p0" srcActor="D0N10"/>
            <port dstActor="D0N47" name="p1" srcActor="D0N10"/>
            <port dstActor="D0N35" name="p2" srcActor="D0N10"/>
            <port dstActor="D0N39" name="p3" srcActor="D0N10"/>
            <port dstActor="D0N47" name="p4" srcActor="D0N12"/>
            <port dstActor="D0N22" name="p5" srcActor="D0N12"/>
            <port dstActor="D0N15" name="p6" srcActor="D0N12"/>
            <port dstActor="D0N25" name="p7" srcActor="D0N12"/>
            <port dstActor="D0N43" name="p8" srcActor="D0N12"/>
            <port dstActor="D0N47" name="p9" srcActor="D0N43"/>
            <port dstActor="D0N31" name="p10" srcActor="D0N9"/>
            <port dstActor="D0N13" name="p11" srcActor="D0N9"/>
            <port dstActor="D0N39" name="p12" srcActor="D0N9"/>
            <port dstActor="D0N48" name="p13" srcActor="D0N9"/>
            <port dstActor="D0N31" name="p14" srcActor="D0N29"/>
            <port dstActor="D0N48" name="p15" srcActor="D0N29"/>
            <port dstActor="D0N22" name="p16" srcActor="D0N1"/>
            <port dstActor="D0N21" name="p17" srcActor="D0N1"/>
            <port dstActor="D0N34" name="p18" srcActor="D0N1"/>
            <port dstActor="D0N14" name="p19" srcActor="D0N1"/>
            <port dstActor="D0N36" name="p20" srcActor="D0N1"/>
            <port dstActor="D0N39" name="p21" srcActor="D0N37"/>
            <port dstActor="D0N43" name="p22" srcActor="D0N37"/>
            <port dstActor="D0N44" name="p23" srcActor="D0N22"/>
            <port dstActor="D0N37" name="p24" srcActor="D0N22"/>
            <port dstActor="D0N29" name="p25" srcActor="D0N17"/>
            <port dstActor="D0N29" name="p26" srcActor="D0N8"/>
            <port dstActor="D0N26" name="p27" srcActor="D0N8"/>
            <port dstActor="D0N10" name="p28" srcActor="D0N8"/>
            <port dstActor="D0N47" name="p29" srcActor="D0N8"/>
            <port dstActor="D0N43" name="p30" srcActor="D0N33"/>
            <port dstActor="D0N42" name="p31" srcActor="D0N33"/>
            <port dstActor="D0N36" name="p32" srcActor="D0N33"/>
            <port dstActor="D0N48" name="p33" srcActor="D0N33"/>
            <port dstActor="D0N32" name="p34" srcActor="D0N16"/>
            <port dstActor="D0N22" name="p35" srcActor="D0N16"/>
            <port dstActor="D0N37" name="p36" srcActor="D0N16"/>
            <port dstActor="D0N43" name="p37" srcActor="D0N16"/>
            <port dstActor="D0N40" name="p38" srcActor="D0N16"/>
            <port dstActor="D0N31" name="p39" srcActor="D0N26"/>
            <port dstActor="D0N39" name="p40" srcActor="D0N26"/>
            <port dstActor="D0N29" name="p41" srcActor="D0N26"/>
            <port dstActor="D0N44" name="p42" srcActor="D0N35"/>
            <port dstActor="D0N39" name="p43" srcActor="D0N35"/>
            <port dstActor="D0N43" name="p44" srcActor="D0N35"/>
            <port dstActor="D0N40" name="p45" srcActor="D0N35"/>
            <port dstActor="D0N31" name="p46" srcActor="D0N7"/>
            <port dstActor="D0N8" name="p47" srcActor="D0N7"/>
            <port dstActor="D0N21" name="p48" srcActor="D0N7"/>
            <port dstActor="D0N34" name="p49" srcActor="D0N7"/>
            <port dstActor="D0N36" name="p50" srcActor="D0N5"/>
            <port dstActor="D0N12" name="p51" srcActor="D0N5"/>
            <port dstActor="D0N17" name="p52" srcActor="D0N5"/>
            <port dstActor="D0N32" name="p53" srcActor="D0N19"/>
            <port dstActor="D0N26" name="p54" srcActor="D0N19"/>
            <port dstActor="D0N37" name="p55" srcActor="D0N2"/>
            <port dstActor="D0N23" name="p56" srcActor="D0N2"/>
            <port dstActor="D0N43" name="p57" srcActor="D0N2"/>
            <port dstActor="D0N25" name="p58" srcActor="D0N2"/>
            <port dstActor="D0N36" name="p59" srcActor="D0N2"/>
            <port dstActor="D0N28" name="p60" srcActor="D0N25"/>
            <port dstActor="D0N34" name="p61" srcActor="D0N25"/>
            <port dstActor="D0N31" name="p62" srcActor="D0N25"/>
            <port dstActor="D0N43" name="p63" srcActor="D0N40"/>
            <port dstActor="D0N46" name="p64" srcActor="D0N40"/>
            <port dstActor="D0N29" name="p65" srcActor="D0N11"/>
            <port dstActor="D0N37" name="p66" srcActor="D0N11"/>
            <port dstActor="D0N44" name="p67" srcActor="D0N11"/>
            <port dstActor="D0N48" name="p68" srcActor="D0N15"/>
            <port dstActor="D0N22" name="p69" srcActor="D0N15"/>
            <port dstActor="D0N44" name="p70" srcActor="D0N15"/>
            <port dstActor="D0N29" name="p71" srcActor="D0N15"/>
            <port dstActor="D0N46" name="p72" srcActor="D0N15"/>
            <port dstActor="D0N34" name="p73" srcActor="D0N15"/>
            <port dstActor="D0N45" name="p74" srcActor="D0N36"/>
            <port dstActor="D0N3" name="p75" srcActor="D0N0"/>
            <port dstActor="D0N30" name="p76" srcActor="D0N0"/>
            <port dstActor="D0N13" name="p77" srcActor="D0N0"/>
            <port dstActor="D0N23" name="p78" srcActor="D0N0"/>
            <port dstActor="D0N36" name="p79" srcActor="D0N0"/>
            <port dstActor="D0N37" name="p80" srcActor="D0N0"/>
            <port dstActor="D0N19" name="p81" srcActor="D0N0"/>
            <port dstActor="D0N43" name="p82" srcActor="D0N27"/>
            <port dstActor="D0N36" name="p83" srcActor="D0N27"/>
            <port dstActor="D0N47" name="p84" srcActor="D0N42"/>
            <port dstActor="D0N5" name="p85" srcActor="D0N3"/>
            <port dstActor="D0N41" name="p86" srcActor="D0N3"/>
            <port dstActor="D0N48" name="p87" srcActor="D0N3"/>
            <port dstActor="D0N38" name="p88" srcActor="D0N3"/>
            <port dstActor="D0N25" name="p89" srcActor="D0N3"/>
            <port dstActor="D0N10" name="p90" srcActor="D0N3"/>
            <port dstActor="D0N17" name="p91" srcActor="D0N3"/>
            <port dstActor="D0N48" name="p92" srcActor="D0N6"/>
            <port dstActor="D0N38" name="p93" srcActor="D0N6"/>
            <port dstActor="D0N47" name="p94" srcActor="D0N6"/>
            <port dstActor="D0N25" name="p95" srcActor="D0N6"/>
            <port dstActor="D0N40" name="p96" srcActor="D0N6"/>
            <port dstActor="D0N37" name="p97" srcActor="D0N28"/>
            <port dstActor="D0N43" name="p98" srcActor="D0N28"/>
            <port dstActor="D0N47" name="p99" srcActor="D0N28"/>
            <port dstActor="D0N35" name="p100" srcActor="D0N28"/>
            <port dstActor="D0N48" name="p101" srcActor="D0N39"/>
            <port dstActor="D0N45" name="p102" srcActor="D0N39"/>
            <port dstActor="D0N40" name="p103" srcActor="D0N39"/>
            <port dstActor="D0N24" name="p104" srcActor="D0N14"/>
            <port dstActor="D0N46" name="p105" srcActor="D0N21"/>
            <port dstActor="D0N44" name="p106" srcActor="D0N32"/>
            <port dstActor="D0N42" name="p107" srcActor="D0N32"/>
            <port dstActor="D0N45" name="p108" srcActor="D0N32"/>
            <port dstActor="D0N14" name="p109" srcActor="D0N13"/>
            <port dstActor="D0N33" name="p110" srcActor="D0N13"/>
            <port dstActor="D0N44" name="p111" srcActor="D0N13"/>
            <port dstActor="D0N16" name="p112" srcActor="D0N13"/>
            <port dstActor="D0N29" name="p113" srcActor="D0N13"/>
            <port dstActor="D0N45" name="p114" srcActor="D0N13"/>
            <port dstActor="D0N37" name="p115" srcActor="D0N13"/>
            <port dstActor="D0N47" name="p116" srcActor="D0N44"/>
            <port dstActor="D0N46" name="p117" srcActor="D0N23"/>
            <port dstActor="D0N28" name="p118" srcActor="D0N23"/>
        </ports>
    </mcdag>
    <cores number="2"/>
    <levels number="2"/>
</mcsystem>
