<?xml version="1.0" encoding="UTF-8" standalone="no"?>
<mcsystem>
    <mcdag deadline="1000" name="genned-0-ed-10.0-0">
        <actor name="D0N27">
            <wcet number="0">10</wcet>
            <wcet number="1">30</wcet>
            <maxpow number="0.6578773251214057"/>
            <maxpow number="0.6578773251214057"/>
            <fprob>0.0</fprob>
        </actor>
        <actor name="D0N11">
            <wcet number="0">20</wcet>
            <wcet number="1">70</wcet>
            <maxpow number="0.6223985167876885"/>
            <maxpow number="0.6223985167876885"/>
            <fprob>0.0</fprob>
        </actor>
        <actor name="D0N19">
            <wcet number="0">50</wcet>
            <wcet number="1">50</wcet>
            <maxpow number="0.4336103831444499"/>
            <maxpow number="0.4336103831444499"/>
            <fprob>0.0</fprob>
        </actor>
        <actor name="D0N25">
            <wcet number="0">10</wcet>
            <wcet number="1">10</wcet>
            <maxpow number="0.7901288418272675"/>
            <maxpow number="0.7901288418272675"/>
            <fprob>0.0</fprob>
        </actor>
        <actor name="D0N38">
            <wcet number="0">40</wcet>
            <wcet number="1">50</wcet>
            <maxpow number="0.4731529286736191"/>
            <maxpow number="0.4731529286736191"/>
            <fprob>0.0</fprob>
        </actor>
        <actor name="D0N7">
            <wcet number="0">120</wcet>
            <wcet number="1">130</wcet>
            <maxpow number="0.7956242905005758"/>
            <maxpow number="0.7956242905005758"/>
            <fprob>0.0</fprob>
        </actor>
        <actor name="D0N18">
            <wcet number="0">20</wcet>
            <wcet number="1">20</wcet>
            <maxpow number="0.31966084819281826"/>
            <maxpow number="0.31966084819281826"/>
            <fprob>0.0</fprob>
        </actor>
        <actor name="D0N20">
            <wcet number="0">10</wcet>
            <wcet number="1">50</wcet>
            <maxpow number="0.4154682868249628"/>
            <maxpow number="0.4154682868249628"/>
            <fprob>0.0</fprob>
        </actor>
        <actor name="D0N42">
            <wcet number="0">10</wcet>
            <wcet number="1">20</wcet>
            <maxpow number="0.6503809194601066"/>
            <maxpow number="0.6503809194601066"/>
            <fprob>0.0</fprob>
        </actor>
        <actor name="D0N29">
            <wcet number="0">80</wcet>
            <wcet number="1">130</wcet>
            <maxpow number="0.7986393287630937"/>
            <maxpow number="0.7986393287630937"/>
            <fprob>0.0</fprob>
        </actor>
        <actor name="D0N23">
            <wcet number="0">40</wcet>
            <wcet number="1">40</wcet>
            <maxpow number="0.5518039880176121"/>
            <maxpow number="0.5518039880176121"/>
            <fprob>0.0</fprob>
        </actor>
        <actor name="D0N13">
            <wcet number="0">20</wcet>
            <wcet number="1">20</wcet>
            <maxpow number="0.5160311778599181"/>
            <maxpow number="0.5160311778599181"/>
            <fprob>0.0</fprob>
        </actor>
        <actor name="D0N21">
            <wcet number="0">10</wcet>
            <wcet number="1">10</wcet>
            <maxpow number="0.2493522099225849"/>
            <maxpow number="0.2493522099225849"/>
            <fprob>0.0</fprob>
        </actor>
        <actor name="D0N35">
            <wcet number="0">40</wcet>
            <wcet number="1">120</wcet>
            <maxpow number="0.49743318107708634"/>
            <maxpow number="0.49743318107708634"/>
            <fprob>0.0</fprob>
        </actor>
        <actor name="D0N40">
            <wcet number="0">20</wcet>
            <wcet number="1">50</wcet>
            <maxpow number="0.4435785240397297"/>
            <maxpow number="0.4435785240397297"/>
            <fprob>0.0</fprob>
        </actor>
        <actor name="D0N6">
            <wcet number="0">10</wcet>
            <wcet number="1">10</wcet>
            <maxpow number="0.3372361254822317"/>
            <maxpow number="0.3372361254822317"/>
            <fprob>0.0</fprob>
        </actor>
        <actor name="D0N12">
            <wcet number="0">70</wcet>
            <wcet number="1">100</wcet>
            <maxpow number="0.2151218767222347"/>
            <maxpow number="0.2151218767222347"/>
            <fprob>0.0</fprob>
        </actor>
        <actor name="D0N28">
            <wcet number="0">10</wcet>
            <wcet number="1">10</wcet>
            <maxpow number="0.5715984345134367"/>
            <maxpow number="0.5715984345134367"/>
            <fprob>0.0</fprob>
        </actor>
        <actor name="D0N22">
            <wcet number="0">10</wcet>
            <wcet number="1">20</wcet>
            <maxpow number="0.5983582857046253"/>
            <maxpow number="0.5983582857046253"/>
            <fprob>0.0</fprob>
        </actor>
        <actor name="D0N39">
            <wcet number="0">40</wcet>
            <wcet number="1">40</wcet>
            <maxpow number="0.365151133367587"/>
            <maxpow number="0.365151133367587"/>
            <fprob>0.0</fprob>
        </actor>
        <actor name="D0N0">
            <wcet number="0">30</wcet>
            <wcet number="1">70</wcet>
            <maxpow number="0.6017230568770531"/>
            <maxpow number="0.6017230568770531"/>
            <fprob>0.0</fprob>
        </actor>
        <actor name="D0N4">
            <wcet number="0">10</wcet>
            <wcet number="1">10</wcet>
            <maxpow number="0.674317296154852"/>
            <maxpow number="0.674317296154852"/>
            <fprob>0.0</fprob>
        </actor>
        <actor name="D0N33">
            <wcet number="0">10</wcet>
            <wcet number="1">10</wcet>
            <maxpow number="0.5839883559525119"/>
            <maxpow number="0.5839883559525119"/>
            <fprob>0.0</fprob>
        </actor>
        <actor name="D0N43">
            <wcet number="0">10</wcet>
            <wcet number="1">20</wcet>
            <maxpow number="0.6077964360991919"/>
            <maxpow number="0.6077964360991919"/>
            <fprob>0.0</fprob>
        </actor>
        <actor name="D0N9">
            <wcet number="0">40</wcet>
            <wcet number="1">60</wcet>
            <maxpow number="0.6677367272942424"/>
            <maxpow number="0.6677367272942424"/>
            <fprob>0.0</fprob>
        </actor>
        <actor name="D0N44">
            <wcet number="0">40</wcet>
            <wcet number="1">50</wcet>
            <maxpow number="0.6257499686974621"/>
            <maxpow number="0.6257499686974621"/>
            <fprob>0.0</fprob>
        </actor>
        <actor name="D0N37">
            <wcet number="0">20</wcet>
            <wcet number="1">30</wcet>
            <maxpow number="0.2661021862422162"/>
            <maxpow number="0.2661021862422162"/>
            <fprob>0.0</fprob>
        </actor>
        <actor name="D0N8">
            <wcet number="0">40</wcet>
            <wcet number="1">50</wcet>
            <maxpow number="0.4364087917664665"/>
            <maxpow number="0.4364087917664665"/>
            <fprob>0.0</fprob>
        </actor>
        <actor name="D0N16">
            <wcet number="0">10</wcet>
            <wcet number="1">20</wcet>
            <maxpow number="0.3335169104062649"/>
            <maxpow number="0.3335169104062649"/>
            <fprob>0.0</fprob>
        </actor>
        <actor name="D0N1">
            <wcet number="0">10</wcet>
            <wcet number="1">30</wcet>
            <maxpow number="0.7174542102285218"/>
            <maxpow number="0.7174542102285218"/>
            <fprob>0.0</fprob>
        </actor>
        <actor name="D0N32">
            <wcet number="0">30</wcet>
            <wcet number="1">50</wcet>
            <maxpow number="0.7011821928707249"/>
            <maxpow number="0.7011821928707249"/>
            <fprob>0.0</fprob>
        </actor>
        <actor name="D0N30">
            <wcet number="0">10</wcet>
            <wcet number="1">30</wcet>
            <maxpow number="0.5917427633196704"/>
            <maxpow number="0.5917427633196704"/>
            <fprob>0.0</fprob>
        </actor>
        <actor name="D0N24">
            <wcet number="0">30</wcet>
            <wcet number="1">50</wcet>
            <maxpow number="0.8594820939860142"/>
            <maxpow number="0.8594820939860142"/>
            <fprob>0.0</fprob>
        </actor>
        <actor name="D0N41">
            <wcet number="0">30</wcet>
            <wcet number="1">30</wcet>
            <maxpow number="0.6902557377274455"/>
            <maxpow number="0.6902557377274455"/>
            <fprob>0.0</fprob>
        </actor>
        <actor name="D0N2">
            <wcet number="0">40</wcet>
            <wcet number="1">60</wcet>
            <maxpow number="0.40060628042468566"/>
            <maxpow number="0.40060628042468566"/>
            <fprob>0.0</fprob>
        </actor>
        <actor name="D0N17">
            <wcet number="0">100</wcet>
            <wcet number="1">160</wcet>
            <maxpow number="0.3767341301376278"/>
            <maxpow number="0.3767341301376278"/>
            <fprob>0.0</fprob>
        </actor>
        <actor name="D0N46">
            <wcet number="0">20</wcet>
            <wcet number="1">50</wcet>
            <maxpow number="0.7586642912477913"/>
            <maxpow number="0.7586642912477913"/>
            <fprob>0.0</fprob>
        </actor>
        <actor name="D0N34">
            <wcet number="0">30</wcet>
            <wcet number="1">30</wcet>
            <maxpow number="0.8093349456784531"/>
            <maxpow number="0.8093349456784531"/>
            <fprob>0.0</fprob>
        </actor>
        <actor name="D0N26">
            <wcet number="0">30</wcet>
            <wcet number="1">40</wcet>
            <maxpow number="0.9090037815375602"/>
            <maxpow number="0.9090037815375602"/>
            <fprob>0.0</fprob>
        </actor>
        <actor name="D0N10">
            <wcet number="0">30</wcet>
            <wcet number="1">120</wcet>
            <maxpow number="0.18847714827317819"/>
            <maxpow number="0.18847714827317819"/>
            <fprob>0.0</fprob>
        </actor>
        <actor name="D0N3">
            <wcet number="0">10</wcet>
            <wcet number="1">90</wcet>
            <maxpow number="0.42643813712715023"/>
            <maxpow number="0.42643813712715023"/>
            <fprob>0.0</fprob>
        </actor>
        <actor name="D0N14">
            <wcet number="0">20</wcet>
            <wcet number="1">20</wcet>
            <maxpow number="0.4235859301711947"/>
            <maxpow number="0.4235859301711947"/>
            <fprob>0.0</fprob>
        </actor>
        <actor name="D0N47">
            <wcet number="0">40</wcet>
            <wcet number="1">50</wcet>
            <maxpow number="0.7910292559660136"/>
            <maxpow number="0.7910292559660136"/>
            <fprob>0.0</fprob>
        </actor>
        <actor name="D0N36">
            <wcet number="0">50</wcet>
            <wcet number="1">80</wcet>
            <maxpow number="0.8030189650209105"/>
            <maxpow number="0.8030189650209105"/>
            <fprob>0.0</fprob>
        </actor>
        <actor name="D0N5">
            <wcet number="0">20</wcet>
            <wcet number="1">20</wcet>
            <maxpow number="0.39616628867886766"/>
            <maxpow number="0.39616628867886766"/>
            <fprob>0.0</fprob>
        </actor>
        <actor name="D0N45">
            <wcet number="0">20</wcet>
            <wcet number="1">20</wcet>
            <maxpow number="0.6982838548326574"/>
            <maxpow number="0.6982838548326574"/>
            <fprob>0.0</fprob>
        </actor>
        <actor name="D0N31">
            <wcet number="0">200</wcet>
            <wcet number="1">210</wcet>
            <maxpow number="0.32676168611743184"/>
            <maxpow number="0.32676168611743184"/>
            <fprob>0.0</fprob>
        </actor>
        <actor name="D0N15">
            <wcet number="0">10</wcet>
            <wcet number="1">60</wcet>
            <maxpow number="0.8421995768560449"/>
            <maxpow number="0.8421995768560449"/>
            <fprob>0.0</fprob>
        </actor>
        <ports>
            <port dstActor="D0N37" name="p0" srcActor="D0N27"/>
            <port dstActor="D0N29" name="p1" srcActor="D0N27"/>
            <port dstActor="D0N40" name="p2" srcActor="D0N11"/>
            <port dstActor="D0N19" name="p3" srcActor="D0N11"/>
            <port dstActor="D0N43" name="p4" srcActor="D0N11"/>
            <port dstActor="D0N42" name="p5" srcActor="D0N19"/>
            <port dstActor="D0N37" name="p6" srcActor="D0N19"/>
            <port dstActor="D0N42" name="p7" srcActor="D0N25"/>
            <port dstActor="D0N45" name="p8" srcActor="D0N38"/>
            <port dstActor="D0N25" name="p9" srcActor="D0N7"/>
            <port dstActor="D0N28" name="p10" srcActor="D0N7"/>
            <port dstActor="D0N8" name="p11" srcActor="D0N7"/>
            <port dstActor="D0N13" name="p12" srcActor="D0N7"/>
            <port dstActor="D0N44" name="p13" srcActor="D0N7"/>
            <port dstActor="D0N45" name="p14" srcActor="D0N7"/>
            <port dstActor="D0N29" name="p15" srcActor="D0N18"/>
            <port dstActor="D0N32" name="p16" srcActor="D0N18"/>
            <port dstActor="D0N30" name="p17" srcActor="D0N18"/>
            <port dstActor="D0N42" name="p18" srcActor="D0N20"/>
            <port dstActor="D0N44" name="p19" srcActor="D0N20"/>
            <port dstActor="D0N47" name="p20" srcActor="D0N20"/>
            <port dstActor="D0N44" name="p21" srcActor="D0N42"/>
            <port dstActor="D0N47" name="p22" srcActor="D0N29"/>
            <port dstActor="D0N45" name="p23" srcActor="D0N29"/>
            <port dstActor="D0N34" name="p24" srcActor="D0N29"/>
            <port dstActor="D0N43" name="p25" srcActor="D0N29"/>
            <port dstActor="D0N31" name="p26" srcActor="D0N29"/>
            <port dstActor="D0N43" name="p27" srcActor="D0N23"/>
            <port dstActor="D0N25" name="p28" srcActor="D0N23"/>
            <port dstActor="D0N36" name="p29" srcActor="D0N23"/>
            <port dstActor="D0N22" name="p30" srcActor="D0N13"/>
            <port dstActor="D0N25" name="p31" srcActor="D0N13"/>
            <port dstActor="D0N29" name="p32" srcActor="D0N13"/>
            <port dstActor="D0N29" name="p33" srcActor="D0N21"/>
            <port dstActor="D0N44" name="p34" srcActor="D0N21"/>
            <port dstActor="D0N43" name="p35" srcActor="D0N35"/>
            <port dstActor="D0N46" name="p36" srcActor="D0N35"/>
            <port dstActor="D0N42" name="p37" srcActor="D0N40"/>
            <port dstActor="D0N31" name="p38" srcActor="D0N6"/>
            <port dstActor="D0N10" name="p39" srcActor="D0N6"/>
            <port dstActor="D0N11" name="p40" srcActor="D0N6"/>
            <port dstActor="D0N42" name="p41" srcActor="D0N6"/>
            <port dstActor="D0N21" name="p42" srcActor="D0N6"/>
            <port dstActor="D0N40" name="p43" srcActor="D0N12"/>
            <port dstActor="D0N27" name="p44" srcActor="D0N12"/>
            <port dstActor="D0N31" name="p45" srcActor="D0N28"/>
            <port dstActor="D0N33" name="p46" srcActor="D0N28"/>
            <port dstActor="D0N32" name="p47" srcActor="D0N28"/>
            <port dstActor="D0N37" name="p48" srcActor="D0N22"/>
            <port dstActor="D0N42" name="p49" srcActor="D0N39"/>
            <port dstActor="D0N41" name="p50" srcActor="D0N39"/>
            <port dstActor="D0N33" name="p51" srcActor="D0N0"/>
            <port dstActor="D0N5" name="p52" srcActor="D0N0"/>
            <port dstActor="D0N39" name="p53" srcActor="D0N0"/>
            <port dstActor="D0N12" name="p54" srcActor="D0N0"/>
            <port dstActor="D0N14" name="p55" srcActor="D0N4"/>
            <port dstActor="D0N18" name="p56" srcActor="D0N4"/>
            <port dstActor="D0N45" name="p57" srcActor="D0N33"/>
            <port dstActor="D0N37" name="p58" srcActor="D0N33"/>
            <port dstActor="D0N46" name="p59" srcActor="D0N43"/>
            <port dstActor="D0N30" name="p60" srcActor="D0N9"/>
            <port dstActor="D0N24" name="p61" srcActor="D0N9"/>
            <port dstActor="D0N19" name="p62" srcActor="D0N9"/>
            <port dstActor="D0N21" name="p63" srcActor="D0N9"/>
            <port dstActor="D0N39" name="p64" srcActor="D0N37"/>
            <port dstActor="D0N29" name="p65" srcActor="D0N16"/>
            <port dstActor="D0N41" name="p66" srcActor="D0N16"/>
            <port dstActor="D0N23" name="p67" srcActor="D0N16"/>
            <port dstActor="D0N2" name="p68" srcActor="D0N1"/>
            <port dstActor="D0N19" name="p69" srcActor="D0N1"/>
            <port dstActor="D0N47" name="p70" srcActor="D0N1"/>
            <port dstActor="D0N4" name="p71" srcActor="D0N1"/>
            <port dstActor="D0N22" name="p72" srcActor="D0N1"/>
            <port dstActor="D0N42" name="p73" srcActor="D0N1"/>
            <port dstActor="D0N27" name="p74" srcActor="D0N1"/>
            <port dstActor="D0N35" name="p75" srcActor="D0N1"/>
            <port dstActor="D0N38" name="p76" srcActor="D0N32"/>
            <port dstActor="D0N47" name="p77" srcActor="D0N32"/>
            <port dstActor="D0N39" name="p78" srcActor="D0N30"/>
            <port dstActor="D0N46" name="p79" srcActor="D0N30"/>
            <port dstActor="D0N47" name="p80" srcActor="D0N24"/>
            <port dstActor="D0N27" name="p81" srcActor="D0N24"/>
            <port dstActor="D0N40" name="p82" srcActor="D0N24"/>
            <port dstActor="D0N38" name="p83" srcActor="D0N24"/>
            <port dstActor="D0N33" name="p84" srcActor="D0N24"/>
            <port dstActor="D0N42" name="p85" srcActor="D0N41"/>
            <port dstActor="D0N44" name="p86" srcActor="D0N41"/>
            <port dstActor="D0N13" name="p87" srcActor="D0N2"/>
            <port dstActor="D0N26" name="p88" srcActor="D0N2"/>
            <port dstActor="D0N27" name="p89" srcActor="D0N2"/>
            <port dstActor="D0N45" name="p90" srcActor="D0N2"/>
            <port dstActor="D0N25" name="p91" srcActor="D0N2"/>
            <port dstActor="D0N38" name="p92" srcActor="D0N17"/>
            <port dstActor="D0N40" name="p93" srcActor="D0N34"/>
            <port dstActor="D0N39" name="p94" srcActor="D0N34"/>
            <port dstActor="D0N43" name="p95" srcActor="D0N34"/>
            <port dstActor="D0N16" name="p96" srcActor="D0N10"/>
            <port dstActor="D0N14" name="p97" srcActor="D0N10"/>
            <port dstActor="D0N31" name="p98" srcActor="D0N10"/>
            <port dstActor="D0N4" name="p99" srcActor="D0N3"/>
            <port dstActor="D0N36" name="p100" srcActor="D0N3"/>
            <port dstActor="D0N41" name="p101" srcActor="D0N3"/>
            <port dstActor="D0N38" name="p102" srcActor="D0N3"/>
            <port dstActor="D0N15" name="p103" srcActor="D0N3"/>
            <port dstActor="D0N47" name="p104" srcActor="D0N14"/>
            <port dstActor="D0N15" name="p105" srcActor="D0N14"/>
            <port dstActor="D0N46" name="p106" srcActor="D0N36"/>
            <port dstActor="D0N47" name="p107" srcActor="D0N36"/>
            <port dstActor="D0N14" name="p108" srcActor="D0N5"/>
            <port dstActor="D0N35" name="p109" srcActor="D0N5"/>
            <port dstActor="D0N29" name="p110" srcActor="D0N5"/>
            <port dstActor="D0N15" name="p111" srcActor="D0N5"/>
            <port dstActor="D0N22" name="p112" srcActor="D0N15"/>
            <port dstActor="D0N18" name="p113" srcActor="D0N15"/>
        </ports>
    </mcdag>
    <cores number="3"/>
    <levels number="2"/>
</mcsystem>
