<?xml version="1.0" encoding="UTF-8" standalone="no"?>
<mcsystem>
    <mcdag deadline="1200" name="genned-0-ed-10.0-0">
        <actor name="D0N9">
            <wcet number="0">30</wcet>
            <wcet number="1">40</wcet>
            <maxpow number="0.5259706295352713"/>
            <maxpow number="0.5259706295352713"/>
            <fprob>0.0</fprob>
        </actor>
        <actor name="D0N18">
            <wcet number="0">20</wcet>
            <wcet number="1">70</wcet>
            <maxpow number="0.5484302101784034"/>
            <maxpow number="0.5484302101784034"/>
            <fprob>0.0</fprob>
        </actor>
        <actor name="D0N4">
            <wcet number="0">10</wcet>
            <wcet number="1">60</wcet>
            <maxpow number="0.29888242786949537"/>
            <maxpow number="0.29888242786949537"/>
            <fprob>0.0</fprob>
        </actor>
        <actor name="D0N12">
            <wcet number="0">10</wcet>
            <wcet number="1">10</wcet>
            <maxpow number="0.2983606193391243"/>
            <maxpow number="0.2983606193391243"/>
            <fprob>0.0</fprob>
        </actor>
        <actor name="D0N29">
            <wcet number="0">20</wcet>
            <wcet number="1">100</wcet>
            <maxpow number="0.34598867671300637"/>
            <maxpow number="0.34598867671300637"/>
            <fprob>0.0</fprob>
        </actor>
        <actor name="D0N6">
            <wcet number="0">10</wcet>
            <wcet number="1">10</wcet>
            <maxpow number="0.42982757655659065"/>
            <maxpow number="0.42982757655659065"/>
            <fprob>0.0</fprob>
        </actor>
        <actor name="D0N16">
            <wcet number="0">60</wcet>
            <wcet number="1">60</wcet>
            <maxpow number="0.5887763915312764"/>
            <maxpow number="0.5887763915312764"/>
            <fprob>0.0</fprob>
        </actor>
        <actor name="D0N32">
            <wcet number="0">30</wcet>
            <wcet number="1">30</wcet>
            <maxpow number="0.48427037602109246"/>
            <maxpow number="0.48427037602109246"/>
            <fprob>0.0</fprob>
        </actor>
        <actor name="D0N0">
            <wcet number="0">10</wcet>
            <wcet number="1">10</wcet>
            <maxpow number="0.6329193718176208"/>
            <maxpow number="0.6329193718176208"/>
            <fprob>0.0</fprob>
        </actor>
        <actor name="D0N2">
            <wcet number="0">10</wcet>
            <wcet number="1">20</wcet>
            <maxpow number="0.5379151642988237"/>
            <maxpow number="0.5379151642988237"/>
            <fprob>0.0</fprob>
        </actor>
        <actor name="D0N22">
            <wcet number="0">20</wcet>
            <wcet number="1">30</wcet>
            <maxpow number="0.5616636565514538"/>
            <maxpow number="0.5616636565514538"/>
            <fprob>0.0</fprob>
        </actor>
        <actor name="D0N26">
            <wcet number="0">60</wcet>
            <wcet number="1">310</wcet>
            <maxpow number="0.5427610103291967"/>
            <maxpow number="0.5427610103291967"/>
            <fprob>0.0</fprob>
        </actor>
        <actor name="D0N30">
            <wcet number="0">10</wcet>
            <wcet number="1">40</wcet>
            <maxpow number="0.9865288796312928"/>
            <maxpow number="0.9865288796312928"/>
            <fprob>0.0</fprob>
        </actor>
        <actor name="D0N7">
            <wcet number="0">40</wcet>
            <wcet number="1">40</wcet>
            <maxpow number="0.4660228489847903"/>
            <maxpow number="0.4660228489847903"/>
            <fprob>0.0</fprob>
        </actor>
        <actor name="D0N5">
            <wcet number="0">10</wcet>
            <wcet number="1">30</wcet>
            <maxpow number="0.2868619696132855"/>
            <maxpow number="0.2868619696132855"/>
            <fprob>0.0</fprob>
        </actor>
        <actor name="D0N15">
            <wcet number="0">10</wcet>
            <wcet number="1">20</wcet>
            <maxpow number="0.7399749674188738"/>
            <maxpow number="0.7399749674188738"/>
            <fprob>0.0</fprob>
        </actor>
        <actor name="D0N17">
            <wcet number="0">50</wcet>
            <wcet number="1">240</wcet>
            <maxpow number="0.5751171802953654"/>
            <maxpow number="0.5751171802953654"/>
            <fprob>0.0</fprob>
        </actor>
        <actor name="D0N19">
            <wcet number="0">40</wcet>
            <wcet number="1">120</wcet>
            <maxpow number="0.6931539805729028"/>
            <maxpow number="0.6931539805729028"/>
            <fprob>0.0</fprob>
        </actor>
        <actor name="D0N39">
            <wcet number="0">10</wcet>
            <wcet number="1">10</wcet>
            <maxpow number="0.6438603102837204"/>
            <maxpow number="0.6438603102837204"/>
            <fprob>0.0</fprob>
        </actor>
        <actor name="D0N42">
            <wcet number="0">80</wcet>
            <wcet number="1">110</wcet>
            <maxpow number="0.4950082748141505"/>
            <maxpow number="0.4950082748141505"/>
            <fprob>0.0</fprob>
        </actor>
        <actor name="D0N38">
            <wcet number="0">10</wcet>
            <wcet number="1">10</wcet>
            <maxpow number="0.5061259642986967"/>
            <maxpow number="0.5061259642986967"/>
            <fprob>0.0</fprob>
        </actor>
        <actor name="D0N43">
            <wcet number="0">80</wcet>
            <wcet number="1">140</wcet>
            <maxpow number="0.470451700151099"/>
            <maxpow number="0.470451700151099"/>
            <fprob>0.0</fprob>
        </actor>
        <actor name="D0N10">
            <wcet number="0">60</wcet>
            <wcet number="1">120</wcet>
            <maxpow number="0.4799285400119156"/>
            <maxpow number="0.4799285400119156"/>
            <fprob>0.0</fprob>
        </actor>
        <actor name="D0N21">
            <wcet number="0">20</wcet>
            <wcet number="1">20</wcet>
            <maxpow number="0.8649409947723328"/>
            <maxpow number="0.8649409947723328"/>
            <fprob>0.0</fprob>
        </actor>
        <actor name="D0N11">
            <wcet number="0">20</wcet>
            <wcet number="1">60</wcet>
            <maxpow number="0.35037912531995863"/>
            <maxpow number="0.35037912531995863"/>
            <fprob>0.0</fprob>
        </actor>
        <actor name="D0N24">
            <wcet number="0">50</wcet>
            <wcet number="1">90</wcet>
            <maxpow number="0.6307456728549707"/>
            <maxpow number="0.6307456728549707"/>
            <fprob>0.0</fprob>
        </actor>
        <actor name="D0N25">
            <wcet number="0">10</wcet>
            <wcet number="1">10</wcet>
            <maxpow number="0.7797287752474128"/>
            <maxpow number="0.7797287752474128"/>
            <fprob>0.0</fprob>
        </actor>
        <actor name="D0N13">
            <wcet number="0">20</wcet>
            <wcet number="1">30</wcet>
            <maxpow number="0.6076692496040299"/>
            <maxpow number="0.6076692496040299"/>
            <fprob>0.0</fprob>
        </actor>
        <actor name="D0N23">
            <wcet number="0">10</wcet>
            <wcet number="1">10</wcet>
            <maxpow number="0.5239877602419061"/>
            <maxpow number="0.5239877602419061"/>
            <fprob>0.0</fprob>
        </actor>
        <actor name="D0N14">
            <wcet number="0">40</wcet>
            <wcet number="1">40</wcet>
            <maxpow number="0.4538003338343567"/>
            <maxpow number="0.4538003338343567"/>
            <fprob>0.0</fprob>
        </actor>
        <actor name="D0N44">
            <wcet number="0">10</wcet>
            <wcet number="1">20</wcet>
            <maxpow number="0.8265317129217948"/>
            <maxpow number="0.8265317129217948"/>
            <fprob>0.0</fprob>
        </actor>
        <actor name="D0N36">
            <wcet number="0">10</wcet>
            <wcet number="1">10</wcet>
            <maxpow number="0.5062029386451564"/>
            <maxpow number="0.5062029386451564"/>
            <fprob>0.0</fprob>
        </actor>
        <actor name="D0N31">
            <wcet number="0">10</wcet>
            <wcet number="1">60</wcet>
            <maxpow number="0.506923410275446"/>
            <maxpow number="0.506923410275446"/>
            <fprob>0.0</fprob>
        </actor>
        <actor name="D0N33">
            <wcet number="0">50</wcet>
            <wcet number="1">50</wcet>
            <maxpow number="0.46776894951052705"/>
            <maxpow number="0.46776894951052705"/>
            <fprob>0.0</fprob>
        </actor>
        <actor name="D0N37">
            <wcet number="0">10</wcet>
            <wcet number="1">20</wcet>
            <maxpow number="0.2712839532410755"/>
            <maxpow number="0.2712839532410755"/>
            <fprob>0.0</fprob>
        </actor>
        <actor name="D0N3">
            <wcet number="0">110</wcet>
            <wcet number="1">120</wcet>
            <maxpow number="0.5698254589235634"/>
            <maxpow number="0.5698254589235634"/>
            <fprob>0.0</fprob>
        </actor>
        <actor name="D0N20">
            <wcet number="0">10</wcet>
            <wcet number="1">10</wcet>
            <maxpow number="0.40093127425224045"/>
            <maxpow number="0.40093127425224045"/>
            <fprob>0.0</fprob>
        </actor>
        <actor name="D0N46">
            <wcet number="0">20</wcet>
            <wcet number="1">180</wcet>
            <maxpow number="0.5282778568518293"/>
            <maxpow number="0.5282778568518293"/>
            <fprob>0.0</fprob>
        </actor>
        <actor name="D0N27">
            <wcet number="0">10</wcet>
            <wcet number="1">80</wcet>
            <maxpow number="0.45870546034581827"/>
            <maxpow number="0.45870546034581827"/>
            <fprob>0.0</fprob>
        </actor>
        <actor name="D0N45">
            <wcet number="0">150</wcet>
            <wcet number="1">150</wcet>
            <maxpow number="0.5882958675910066"/>
            <maxpow number="0.5882958675910066"/>
            <fprob>0.0</fprob>
        </actor>
        <actor name="D0N47">
            <wcet number="0">10</wcet>
            <wcet number="1">10</wcet>
            <maxpow number="-0.007674069349121848"/>
            <maxpow number="-0.007674069349121848"/>
            <fprob>0.0</fprob>
        </actor>
        <actor name="D0N1">
            <wcet number="0">10</wcet>
            <wcet number="1">10</wcet>
            <maxpow number="0.6094369270769591"/>
            <maxpow number="0.6094369270769591"/>
            <fprob>0.0</fprob>
        </actor>
        <actor name="D0N28">
            <wcet number="0">20</wcet>
            <wcet number="1">30</wcet>
            <maxpow number="0.45487594570885287"/>
            <maxpow number="0.45487594570885287"/>
            <fprob>0.0</fprob>
        </actor>
        <actor name="D0N8">
            <wcet number="0">40</wcet>
            <wcet number="1">50</wcet>
            <maxpow number="0.8658668245718038"/>
            <maxpow number="0.8658668245718038"/>
            <fprob>0.0</fprob>
        </actor>
        <actor name="D0N35">
            <wcet number="0">90</wcet>
            <wcet number="1">120</wcet>
            <maxpow number="0.7211981343110201"/>
            <maxpow number="0.7211981343110201"/>
            <fprob>0.0</fprob>
        </actor>
        <actor name="D0N41">
            <wcet number="0">10</wcet>
            <wcet number="1">10</wcet>
            <maxpow number="0.5644072267676318"/>
            <maxpow number="0.5644072267676318"/>
            <fprob>0.0</fprob>
        </actor>
        <actor name="D0N40">
            <wcet number="0">40</wcet>
            <wcet number="1">80</wcet>
            <maxpow number="0.42184240533378153"/>
            <maxpow number="0.42184240533378153"/>
            <fprob>0.0</fprob>
        </actor>
        <actor name="D0N34">
            <wcet number="0">70</wcet>
            <wcet number="1">100</wcet>
            <maxpow number="0.46966750881521196"/>
            <maxpow number="0.46966750881521196"/>
            <fprob>0.0</fprob>
        </actor>
        <ports>
            <port dstActor="D0N18" name="p0" srcActor="D0N9"/>
            <port dstActor="D0N41" name="p1" srcActor="D0N9"/>
            <port dstActor="D0N46" name="p2" srcActor="D0N18"/>
            <port dstActor="D0N31" name="p3" srcActor="D0N4"/>
            <port dstActor="D0N10" name="p4" srcActor="D0N4"/>
            <port dstActor="D0N43" name="p5" srcActor="D0N4"/>
            <port dstActor="D0N13" name="p6" srcActor="D0N4"/>
            <port dstActor="D0N36" name="p7" srcActor="D0N4"/>
            <port dstActor="D0N27" name="p8" srcActor="D0N12"/>
            <port dstActor="D0N20" name="p9" srcActor="D0N12"/>
            <port dstActor="D0N36" name="p10" srcActor="D0N29"/>
            <port dstActor="D0N32" name="p11" srcActor="D0N6"/>
            <port dstActor="D0N42" name="p12" srcActor="D0N6"/>
            <port dstActor="D0N22" name="p13" srcActor="D0N16"/>
            <port dstActor="D0N43" name="p14" srcActor="D0N16"/>
            <port dstActor="D0N34" name="p15" srcActor="D0N0"/>
            <port dstActor="D0N30" name="p16" srcActor="D0N0"/>
            <port dstActor="D0N39" name="p17" srcActor="D0N0"/>
            <port dstActor="D0N17" name="p18" srcActor="D0N0"/>
            <port dstActor="D0N18" name="p19" srcActor="D0N0"/>
            <port dstActor="D0N21" name="p20" srcActor="D0N0"/>
            <port dstActor="D0N30" name="p21" srcActor="D0N2"/>
            <port dstActor="D0N23" name="p22" srcActor="D0N2"/>
            <port dstActor="D0N34" name="p23" srcActor="D0N2"/>
            <port dstActor="D0N25" name="p24" srcActor="D0N22"/>
            <port dstActor="D0N44" name="p25" srcActor="D0N22"/>
            <port dstActor="D0N29" name="p26" srcActor="D0N26"/>
            <port dstActor="D0N44" name="p27" srcActor="D0N30"/>
            <port dstActor="D0N16" name="p28" srcActor="D0N7"/>
            <port dstActor="D0N47" name="p29" srcActor="D0N7"/>
            <port dstActor="D0N38" name="p30" srcActor="D0N7"/>
            <port dstActor="D0N8" name="p31" srcActor="D0N7"/>
            <port dstActor="D0N7" name="p32" srcActor="D0N5"/>
            <port dstActor="D0N32" name="p33" srcActor="D0N5"/>
            <port dstActor="D0N43" name="p34" srcActor="D0N5"/>
            <port dstActor="D0N45" name="p35" srcActor="D0N5"/>
            <port dstActor="D0N21" name="p36" srcActor="D0N15"/>
            <port dstActor="D0N32" name="p37" srcActor="D0N17"/>
            <port dstActor="D0N40" name="p38" srcActor="D0N17"/>
            <port dstActor="D0N26" name="p39" srcActor="D0N17"/>
            <port dstActor="D0N47" name="p40" srcActor="D0N17"/>
            <port dstActor="D0N35" name="p41" srcActor="D0N19"/>
            <port dstActor="D0N42" name="p42" srcActor="D0N19"/>
            <port dstActor="D0N45" name="p43" srcActor="D0N43"/>
            <port dstActor="D0N23" name="p44" srcActor="D0N10"/>
            <port dstActor="D0N22" name="p45" srcActor="D0N10"/>
            <port dstActor="D0N42" name="p46" srcActor="D0N10"/>
            <port dstActor="D0N46" name="p47" srcActor="D0N10"/>
            <port dstActor="D0N14" name="p48" srcActor="D0N10"/>
            <port dstActor="D0N12" name="p49" srcActor="D0N10"/>
            <port dstActor="D0N39" name="p50" srcActor="D0N21"/>
            <port dstActor="D0N31" name="p51" srcActor="D0N21"/>
            <port dstActor="D0N42" name="p52" srcActor="D0N21"/>
            <port dstActor="D0N12" name="p53" srcActor="D0N11"/>
            <port dstActor="D0N18" name="p54" srcActor="D0N11"/>
            <port dstActor="D0N41" name="p55" srcActor="D0N11"/>
            <port dstActor="D0N31" name="p56" srcActor="D0N11"/>
            <port dstActor="D0N45" name="p57" srcActor="D0N24"/>
            <port dstActor="D0N36" name="p58" srcActor="D0N24"/>
            <port dstActor="D0N44" name="p59" srcActor="D0N24"/>
            <port dstActor="D0N26" name="p60" srcActor="D0N24"/>
            <port dstActor="D0N29" name="p61" srcActor="D0N24"/>
            <port dstActor="D0N31" name="p62" srcActor="D0N25"/>
            <port dstActor="D0N29" name="p63" srcActor="D0N13"/>
            <port dstActor="D0N16" name="p64" srcActor="D0N13"/>
            <port dstActor="D0N22" name="p65" srcActor="D0N13"/>
            <port dstActor="D0N39" name="p66" srcActor="D0N23"/>
            <port dstActor="D0N33" name="p67" srcActor="D0N23"/>
            <port dstActor="D0N24" name="p68" srcActor="D0N23"/>
            <port dstActor="D0N46" name="p69" srcActor="D0N23"/>
            <port dstActor="D0N17" name="p70" srcActor="D0N14"/>
            <port dstActor="D0N18" name="p71" srcActor="D0N14"/>
            <port dstActor="D0N20" name="p72" srcActor="D0N14"/>
            <port dstActor="D0N45" name="p73" srcActor="D0N44"/>
            <port dstActor="D0N44" name="p74" srcActor="D0N31"/>
            <port dstActor="D0N39" name="p75" srcActor="D0N31"/>
            <port dstActor="D0N40" name="p76" srcActor="D0N33"/>
            <port dstActor="D0N45" name="p77" srcActor="D0N37"/>
            <port dstActor="D0N15" name="p78" srcActor="D0N3"/>
            <port dstActor="D0N10" name="p79" srcActor="D0N3"/>
            <port dstActor="D0N43" name="p80" srcActor="D0N3"/>
            <port dstActor="D0N32" name="p81" srcActor="D0N3"/>
            <port dstActor="D0N37" name="p82" srcActor="D0N3"/>
            <port dstActor="D0N37" name="p83" srcActor="D0N20"/>
            <port dstActor="D0N23" name="p84" srcActor="D0N20"/>
            <port dstActor="D0N46" name="p85" srcActor="D0N27"/>
            <port dstActor="D0N8" name="p86" srcActor="D0N1"/>
            <port dstActor="D0N44" name="p87" srcActor="D0N1"/>
            <port dstActor="D0N6" name="p88" srcActor="D0N1"/>
            <port dstActor="D0N47" name="p89" srcActor="D0N1"/>
            <port dstActor="D0N35" name="p90" srcActor="D0N28"/>
            <port dstActor="D0N29" name="p91" srcActor="D0N28"/>
            <port dstActor="D0N29" name="p92" srcActor="D0N8"/>
            <port dstActor="D0N41" name="p93" srcActor="D0N8"/>
            <port dstActor="D0N36" name="p94" srcActor="D0N35"/>
            <port dstActor="D0N44" name="p95" srcActor="D0N35"/>
            <port dstActor="D0N42" name="p96" srcActor="D0N41"/>
            <port dstActor="D0N43" name="p97" srcActor="D0N41"/>
        </ports>
    </mcdag>
    <cores number="3"/>
    <levels number="2"/>
</mcsystem>
