<?xml version="1.0" encoding="UTF-8" standalone="no"?>
<mcsystem>
    <mcdag deadline="1500" name="genned-0-ed-10.0-0">
        <actor name="D0N9">
            <wcet number="0">70</wcet>
            <wcet number="1">80</wcet>
            <maxpow number="0.4962546713904538"/>
            <maxpow number="0.4962546713904538"/>
            <fprob>0.0</fprob>
        </actor>
        <actor name="D0N19">
            <wcet number="0">120</wcet>
            <wcet number="1">130</wcet>
            <maxpow number="0.44975207915808696"/>
            <maxpow number="0.44975207915808696"/>
            <fprob>0.0</fprob>
        </actor>
        <actor name="D0N3">
            <wcet number="0">10</wcet>
            <wcet number="1">40</wcet>
            <maxpow number="0.5540720330079419"/>
            <maxpow number="0.5540720330079419"/>
            <fprob>0.0</fprob>
        </actor>
        <actor name="D0N26">
            <wcet number="0">10</wcet>
            <wcet number="1">30</wcet>
            <maxpow number="0.7254579861771882"/>
            <maxpow number="0.7254579861771882"/>
            <fprob>0.0</fprob>
        </actor>
        <actor name="D0N5">
            <wcet number="0">10</wcet>
            <wcet number="1">80</wcet>
            <maxpow number="0.2446458528986225"/>
            <maxpow number="0.2446458528986225"/>
            <fprob>0.0</fprob>
        </actor>
        <actor name="D0N4">
            <wcet number="0">20</wcet>
            <wcet number="1">20</wcet>
            <maxpow number="0.3892183856043254"/>
            <maxpow number="0.3892183856043254"/>
            <fprob>0.0</fprob>
        </actor>
        <actor name="D0N39">
            <wcet number="0">50</wcet>
            <wcet number="1">150</wcet>
            <maxpow number="0.5351572350119489"/>
            <maxpow number="0.5351572350119489"/>
            <fprob>0.0</fprob>
        </actor>
        <actor name="D0N6">
            <wcet number="0">30</wcet>
            <wcet number="1">30</wcet>
            <maxpow number="0.372824130379981"/>
            <maxpow number="0.372824130379981"/>
            <fprob>0.0</fprob>
        </actor>
        <actor name="D0N14">
            <wcet number="0">20</wcet>
            <wcet number="1">20</wcet>
            <maxpow number="0.7717426292074788"/>
            <maxpow number="0.7717426292074788"/>
            <fprob>0.0</fprob>
        </actor>
        <actor name="D0N48">
            <wcet number="0">50</wcet>
            <wcet number="1">70</wcet>
            <maxpow number="0.7966560829527525"/>
            <maxpow number="0.7966560829527525"/>
            <fprob>0.0</fprob>
        </actor>
        <actor name="D0N7">
            <wcet number="0">120</wcet>
            <wcet number="1">150</wcet>
            <maxpow number="0.714681455398775"/>
            <maxpow number="0.714681455398775"/>
            <fprob>0.0</fprob>
        </actor>
        <actor name="D0N2">
            <wcet number="0">80</wcet>
            <wcet number="1">130</wcet>
            <maxpow number="0.17118597132130314"/>
            <maxpow number="0.17118597132130314"/>
            <fprob>0.0</fprob>
        </actor>
        <actor name="D0N28">
            <wcet number="0">90</wcet>
            <wcet number="1">100</wcet>
            <maxpow number="0.4881105990330139"/>
            <maxpow number="0.4881105990330139"/>
            <fprob>0.0</fprob>
        </actor>
        <actor name="D0N8">
            <wcet number="0">20</wcet>
            <wcet number="1">40</wcet>
            <maxpow number="1.003681968436221"/>
            <maxpow number="1.003681968436221"/>
            <fprob>0.0</fprob>
        </actor>
        <actor name="D0N1">
            <wcet number="0">20</wcet>
            <wcet number="1">40</wcet>
            <maxpow number="0.7440769988397755"/>
            <maxpow number="0.7440769988397755"/>
            <fprob>0.0</fprob>
        </actor>
        <actor name="D0N15">
            <wcet number="0">10</wcet>
            <wcet number="1">10</wcet>
            <maxpow number="0.39898094570419373"/>
            <maxpow number="0.39898094570419373"/>
            <fprob>0.0</fprob>
        </actor>
        <actor name="D0N27">
            <wcet number="0">90</wcet>
            <wcet number="1">120</wcet>
            <maxpow number="0.5507394181515445"/>
            <maxpow number="0.5507394181515445"/>
            <fprob>0.0</fprob>
        </actor>
        <actor name="D0N24">
            <wcet number="0">10</wcet>
            <wcet number="1">90</wcet>
            <maxpow number="0.27600317639052735"/>
            <maxpow number="0.27600317639052735"/>
            <fprob>0.0</fprob>
        </actor>
        <actor name="D0N18">
            <wcet number="0">90</wcet>
            <wcet number="1">100</wcet>
            <maxpow number="0.6569773456008302"/>
            <maxpow number="0.6569773456008302"/>
            <fprob>0.0</fprob>
        </actor>
        <actor name="D0N20">
            <wcet number="0">10</wcet>
            <wcet number="1">20</wcet>
            <maxpow number="0.5979650389178391"/>
            <maxpow number="0.5979650389178391"/>
            <fprob>0.0</fprob>
        </actor>
        <actor name="D0N41">
            <wcet number="0">120</wcet>
            <wcet number="1">130</wcet>
            <maxpow number="0.4838928244926013"/>
            <maxpow number="0.4838928244926013"/>
            <fprob>0.0</fprob>
        </actor>
        <actor name="D0N49">
            <wcet number="0">10</wcet>
            <wcet number="1">10</wcet>
            <maxpow number="0.6474355933709818"/>
            <maxpow number="0.6474355933709818"/>
            <fprob>0.0</fprob>
        </actor>
        <actor name="D0N31">
            <wcet number="0">10</wcet>
            <wcet number="1">10</wcet>
            <maxpow number="0.7773640937324902"/>
            <maxpow number="0.7773640937324902"/>
            <fprob>0.0</fprob>
        </actor>
        <actor name="D0N36">
            <wcet number="0">50</wcet>
            <wcet number="1">100</wcet>
            <maxpow number="0.6011941315457919"/>
            <maxpow number="0.6011941315457919"/>
            <fprob>0.0</fprob>
        </actor>
        <actor name="D0N32">
            <wcet number="0">20</wcet>
            <wcet number="1">70</wcet>
            <maxpow number="0.5919806487400586"/>
            <maxpow number="0.5919806487400586"/>
            <fprob>0.0</fprob>
        </actor>
        <actor name="D0N21">
            <wcet number="0">60</wcet>
            <wcet number="1">60</wcet>
            <maxpow number="0.7482696303839363"/>
            <maxpow number="0.7482696303839363"/>
            <fprob>0.0</fprob>
        </actor>
        <actor name="D0N40">
            <wcet number="0">20</wcet>
            <wcet number="1">130</wcet>
            <maxpow number="0.32726562887853256"/>
            <maxpow number="0.32726562887853256"/>
            <fprob>0.0</fprob>
        </actor>
        <actor name="D0N42">
            <wcet number="0">10</wcet>
            <wcet number="1">10</wcet>
            <maxpow number="0.6385648899949792"/>
            <maxpow number="0.6385648899949792"/>
            <fprob>0.0</fprob>
        </actor>
        <actor name="D0N38">
            <wcet number="0">10</wcet>
            <wcet number="1">10</wcet>
            <maxpow number="0.7251449609938619"/>
            <maxpow number="0.7251449609938619"/>
            <fprob>0.0</fprob>
        </actor>
        <actor name="D0N17">
            <wcet number="0">10</wcet>
            <wcet number="1">50</wcet>
            <maxpow number="0.6066826474861524"/>
            <maxpow number="0.6066826474861524"/>
            <fprob>0.0</fprob>
        </actor>
        <actor name="D0N33">
            <wcet number="0">50</wcet>
            <wcet number="1">80</wcet>
            <maxpow number="0.21872925300393675"/>
            <maxpow number="0.21872925300393675"/>
            <fprob>0.0</fprob>
        </actor>
        <actor name="D0N10">
            <wcet number="0">10</wcet>
            <wcet number="1">70</wcet>
            <maxpow number="0.5322939167467593"/>
            <maxpow number="0.5322939167467593"/>
            <fprob>0.0</fprob>
        </actor>
        <actor name="D0N46">
            <wcet number="0">10</wcet>
            <wcet number="1">20</wcet>
            <maxpow number="0.7476203362786077"/>
            <maxpow number="0.7476203362786077"/>
            <fprob>0.0</fprob>
        </actor>
        <actor name="D0N16">
            <wcet number="0">40</wcet>
            <wcet number="1">90</wcet>
            <maxpow number="0.6600997975205297"/>
            <maxpow number="0.6600997975205297"/>
            <fprob>0.0</fprob>
        </actor>
        <actor name="D0N35">
            <wcet number="0">40</wcet>
            <wcet number="1">40</wcet>
            <maxpow number="0.5378746160304144"/>
            <maxpow number="0.5378746160304144"/>
            <fprob>0.0</fprob>
        </actor>
        <actor name="D0N43">
            <wcet number="0">20</wcet>
            <wcet number="1">20</wcet>
            <maxpow number="0.5467936628997012"/>
            <maxpow number="0.5467936628997012"/>
            <fprob>0.0</fprob>
        </actor>
        <actor name="D0N30">
            <wcet number="0">10</wcet>
            <wcet number="1">10</wcet>
            <maxpow number="0.6848806886538674"/>
            <maxpow number="0.6848806886538674"/>
            <fprob>0.0</fprob>
        </actor>
        <actor name="D0N44">
            <wcet number="0">30</wcet>
            <wcet number="1">80</wcet>
            <maxpow number="0.44838564777652784"/>
            <maxpow number="0.44838564777652784"/>
            <fprob>0.0</fprob>
        </actor>
        <actor name="D0N0">
            <wcet number="0">10</wcet>
            <wcet number="1">10</wcet>
            <maxpow number="0.38006510408943445"/>
            <maxpow number="0.38006510408943445"/>
            <fprob>0.0</fprob>
        </actor>
        <actor name="D0N23">
            <wcet number="0">40</wcet>
            <wcet number="1">150</wcet>
            <maxpow number="0.47614814610171"/>
            <maxpow number="0.47614814610171"/>
            <fprob>0.0</fprob>
        </actor>
        <actor name="D0N37">
            <wcet number="0">60</wcet>
            <wcet number="1">100</wcet>
            <maxpow number="0.797397467617369"/>
            <maxpow number="0.797397467617369"/>
            <fprob>0.0</fprob>
        </actor>
        <actor name="D0N29">
            <wcet number="0">150</wcet>
            <wcet number="1">170</wcet>
            <maxpow number="0.3399728670870481"/>
            <maxpow number="0.3399728670870481"/>
            <fprob>0.0</fprob>
        </actor>
        <actor name="D0N45">
            <wcet number="0">20</wcet>
            <wcet number="1">70</wcet>
            <maxpow number="0.5394021370955707"/>
            <maxpow number="0.5394021370955707"/>
            <fprob>0.0</fprob>
        </actor>
        <actor name="D0N22">
            <wcet number="0">40</wcet>
            <wcet number="1">90</wcet>
            <maxpow number="0.5641998043383869"/>
            <maxpow number="0.5641998043383869"/>
            <fprob>0.0</fprob>
        </actor>
        <actor name="D0N11">
            <wcet number="0">40</wcet>
            <wcet number="1">250</wcet>
            <maxpow number="0.9330505220622757"/>
            <maxpow number="0.9330505220622757"/>
            <fprob>0.0</fprob>
        </actor>
        <actor name="D0N47">
            <wcet number="0">50</wcet>
            <wcet number="1">220</wcet>
            <maxpow number="0.8462643617746848"/>
            <maxpow number="0.8462643617746848"/>
            <fprob>0.0</fprob>
        </actor>
        <actor name="D0N34">
            <wcet number="0">70</wcet>
            <wcet number="1">180</wcet>
            <maxpow number="0.6751665360238959"/>
            <maxpow number="0.6751665360238959"/>
            <fprob>0.0</fprob>
        </actor>
        <actor name="D0N13">
            <wcet number="0">10</wcet>
            <wcet number="1">20</wcet>
            <maxpow number="0.5364493415773113"/>
            <maxpow number="0.5364493415773113"/>
            <fprob>0.0</fprob>
        </actor>
        <actor name="D0N12">
            <wcet number="0">30</wcet>
            <wcet number="1">40</wcet>
            <maxpow number="0.4532815354180017"/>
            <maxpow number="0.4532815354180017"/>
            <fprob>0.0</fprob>
        </actor>
        <actor name="D0N25">
            <wcet number="0">130</wcet>
            <wcet number="1">310</wcet>
            <maxpow number="0.8726417734272838"/>
            <maxpow number="0.8726417734272838"/>
            <fprob>0.0</fprob>
        </actor>
        <ports>
            <port dstActor="D0N43" name="p0" srcActor="D0N9"/>
            <port dstActor="D0N22" name="p1" srcActor="D0N9"/>
            <port dstActor="D0N48" name="p2" srcActor="D0N9"/>
            <port dstActor="D0N35" name="p3" srcActor="D0N9"/>
            <port dstActor="D0N32" name="p4" srcActor="D0N9"/>
            <port dstActor="D0N38" name="p5" srcActor="D0N9"/>
            <port dstActor="D0N36" name="p6" srcActor="D0N19"/>
            <port dstActor="D0N24" name="p7" srcActor="D0N19"/>
            <port dstActor="D0N23" name="p8" srcActor="D0N19"/>
            <port dstActor="D0N22" name="p9" srcActor="D0N19"/>
            <port dstActor="D0N31" name="p10" srcActor="D0N3"/>
            <port dstActor="D0N8" name="p11" srcActor="D0N3"/>
            <port dstActor="D0N35" name="p12" srcActor="D0N3"/>
            <port dstActor="D0N36" name="p13" srcActor="D0N3"/>
            <port dstActor="D0N9" name="p14" srcActor="D0N3"/>
            <port dstActor="D0N12" name="p15" srcActor="D0N3"/>
            <port dstActor="D0N27" name="p16" srcActor="D0N3"/>
            <port dstActor="D0N40" name="p17" srcActor="D0N26"/>
            <port dstActor="D0N46" name="p18" srcActor="D0N26"/>
            <port dstActor="D0N30" name="p19" srcActor="D0N26"/>
            <port dstActor="D0N28" name="p20" srcActor="D0N5"/>
            <port dstActor="D0N24" name="p21" srcActor="D0N5"/>
            <port dstActor="D0N42" name="p22" srcActor="D0N5"/>
            <port dstActor="D0N9" name="p23" srcActor="D0N5"/>
            <port dstActor="D0N30" name="p24" srcActor="D0N5"/>
            <port dstActor="D0N46" name="p25" srcActor="D0N4"/>
            <port dstActor="D0N45" name="p26" srcActor="D0N39"/>
            <port dstActor="D0N49" name="p27" srcActor="D0N39"/>
            <port dstActor="D0N7" name="p28" srcActor="D0N6"/>
            <port dstActor="D0N46" name="p29" srcActor="D0N6"/>
            <port dstActor="D0N32" name="p30" srcActor="D0N6"/>
            <port dstActor="D0N14" name="p31" srcActor="D0N6"/>
            <port dstActor="D0N21" name="p32" srcActor="D0N6"/>
            <port dstActor="D0N23" name="p33" srcActor="D0N6"/>
            <port dstActor="D0N13" name="p34" srcActor="D0N6"/>
            <port dstActor="D0N47" name="p35" srcActor="D0N14"/>
            <port dstActor="D0N31" name="p36" srcActor="D0N14"/>
            <port dstActor="D0N35" name="p37" srcActor="D0N14"/>
            <port dstActor="D0N44" name="p38" srcActor="D0N14"/>
            <port dstActor="D0N13" name="p39" srcActor="D0N7"/>
            <port dstActor="D0N45" name="p40" srcActor="D0N7"/>
            <port dstActor="D0N29" name="p41" srcActor="D0N2"/>
            <port dstActor="D0N3" name="p42" srcActor="D0N2"/>
            <port dstActor="D0N16" name="p43" srcActor="D0N2"/>
            <port dstActor="D0N39" name="p44" srcActor="D0N2"/>
            <port dstActor="D0N44" name="p45" srcActor="D0N2"/>
            <port dstActor="D0N35" name="p46" srcActor="D0N2"/>
            <port dstActor="D0N46" name="p47" srcActor="D0N28"/>
            <port dstActor="D0N35" name="p48" srcActor="D0N28"/>
            <port dstActor="D0N44" name="p49" srcActor="D0N28"/>
            <port dstActor="D0N41" name="p50" srcActor="D0N8"/>
            <port dstActor="D0N20" name="p51" srcActor="D0N8"/>
            <port dstActor="D0N49" name="p52" srcActor="D0N8"/>
            <port dstActor="D0N32" name="p53" srcActor="D0N8"/>
            <port dstActor="D0N38" name="p54" srcActor="D0N8"/>
            <port dstActor="D0N25" name="p55" srcActor="D0N8"/>
            <port dstActor="D0N30" name="p56" srcActor="D0N8"/>
            <port dstActor="D0N36" name="p57" srcActor="D0N8"/>
            <port dstActor="D0N12" name="p58" srcActor="D0N8"/>
            <port dstActor="D0N40" name="p59" srcActor="D0N8"/>
            <port dstActor="D0N44" name="p60" srcActor="D0N8"/>
            <port dstActor="D0N16" name="p61" srcActor="D0N8"/>
            <port dstActor="D0N12" name="p62" srcActor="D0N1"/>
            <port dstActor="D0N28" name="p63" srcActor="D0N1"/>
            <port dstActor="D0N39" name="p64" srcActor="D0N1"/>
            <port dstActor="D0N21" name="p65" srcActor="D0N1"/>
            <port dstActor="D0N47" name="p66" srcActor="D0N1"/>
            <port dstActor="D0N33" name="p67" srcActor="D0N1"/>
            <port dstActor="D0N41" name="p68" srcActor="D0N1"/>
            <port dstActor="D0N29" name="p69" srcActor="D0N15"/>
            <port dstActor="D0N17" name="p70" srcActor="D0N15"/>
            <port dstActor="D0N47" name="p71" srcActor="D0N15"/>
            <port dstActor="D0N30" name="p72" srcActor="D0N27"/>
            <port dstActor="D0N40" name="p73" srcActor="D0N27"/>
            <port dstActor="D0N44" name="p74" srcActor="D0N27"/>
            <port dstActor="D0N41" name="p75" srcActor="D0N27"/>
            <port dstActor="D0N38" name="p76" srcActor="D0N27"/>
            <port dstActor="D0N29" name="p77" srcActor="D0N24"/>
            <port dstActor="D0N33" name="p78" srcActor="D0N24"/>
            <port dstActor="D0N31" name="p79" srcActor="D0N24"/>
            <port dstActor="D0N39" name="p80" srcActor="D0N24"/>
            <port dstActor="D0N32" name="p81" srcActor="D0N18"/>
            <port dstActor="D0N33" name="p82" srcActor="D0N18"/>
            <port dstActor="D0N47" name="p83" srcActor="D0N18"/>
            <port dstActor="D0N21" name="p84" srcActor="D0N20"/>
            <port dstActor="D0N39" name="p85" srcActor="D0N20"/>
            <port dstActor="D0N28" name="p86" srcActor="D0N20"/>
            <port dstActor="D0N45" name="p87" srcActor="D0N20"/>
            <port dstActor="D0N22" name="p88" srcActor="D0N20"/>
            <port dstActor="D0N35" name="p89" srcActor="D0N31"/>
            <port dstActor="D0N39" name="p90" srcActor="D0N36"/>
            <port dstActor="D0N46" name="p91" srcActor="D0N36"/>
            <port dstActor="D0N40" name="p92" srcActor="D0N36"/>
            <port dstActor="D0N40" name="p93" srcActor="D0N32"/>
            <port dstActor="D0N34" name="p94" srcActor="D0N32"/>
            <port dstActor="D0N22" name="p95" srcActor="D0N21"/>
            <port dstActor="D0N46" name="p96" srcActor="D0N21"/>
            <port dstActor="D0N45" name="p97" srcActor="D0N42"/>
            <port dstActor="D0N48" name="p98" srcActor="D0N42"/>
            <port dstActor="D0N26" name="p99" srcActor="D0N17"/>
            <port dstActor="D0N43" name="p100" srcActor="D0N17"/>
            <port dstActor="D0N48" name="p101" srcActor="D0N17"/>
            <port dstActor="D0N28" name="p102" srcActor="D0N17"/>
            <port dstActor="D0N25" name="p103" srcActor="D0N17"/>
            <port dstActor="D0N45" name="p104" srcActor="D0N33"/>
            <port dstActor="D0N47" name="p105" srcActor="D0N33"/>
            <port dstActor="D0N42" name="p106" srcActor="D0N33"/>
            <port dstActor="D0N27" name="p107" srcActor="D0N10"/>
            <port dstActor="D0N47" name="p108" srcActor="D0N10"/>
            <port dstActor="D0N43" name="p109" srcActor="D0N10"/>
            <port dstActor="D0N38" name="p110" srcActor="D0N16"/>
            <port dstActor="D0N43" name="p111" srcActor="D0N16"/>
            <port dstActor="D0N37" name="p112" srcActor="D0N16"/>
            <port dstActor="D0N33" name="p113" srcActor="D0N16"/>
            <port dstActor="D0N47" name="p114" srcActor="D0N16"/>
            <port dstActor="D0N47" name="p115" srcActor="D0N35"/>
            <port dstActor="D0N42" name="p116" srcActor="D0N35"/>
            <port dstActor="D0N49" name="p117" srcActor="D0N43"/>
            <port dstActor="D0N43" name="p118" srcActor="D0N30"/>
            <port dstActor="D0N44" name="p119" srcActor="D0N30"/>
            <port dstActor="D0N31" name="p120" srcActor="D0N30"/>
            <port dstActor="D0N36" name="p121" srcActor="D0N30"/>
            <port dstActor="D0N49" name="p122" srcActor="D0N44"/>
            <port dstActor="D0N19" name="p123" srcActor="D0N0"/>
            <port dstActor="D0N21" name="p124" srcActor="D0N0"/>
            <port dstActor="D0N10" name="p125" srcActor="D0N0"/>
            <port dstActor="D0N14" name="p126" srcActor="D0N0"/>
            <port dstActor="D0N40" name="p127" srcActor="D0N0"/>
            <port dstActor="D0N46" name="p128" srcActor="D0N0"/>
            <port dstActor="D0N30" name="p129" srcActor="D0N23"/>
            <port dstActor="D0N40" name="p130" srcActor="D0N37"/>
            <port dstActor="D0N39" name="p131" srcActor="D0N29"/>
            <port dstActor="D0N45" name="p132" srcActor="D0N29"/>
            <port dstActor="D0N31" name="p133" srcActor="D0N29"/>
            <port dstActor="D0N25" name="p134" srcActor="D0N22"/>
            <port dstActor="D0N35" name="p135" srcActor="D0N22"/>
            <port dstActor="D0N35" name="p136" srcActor="D0N11"/>
            <port dstActor="D0N44" name="p137" srcActor="D0N11"/>
            <port dstActor="D0N26" name="p138" srcActor="D0N11"/>
            <port dstActor="D0N40" name="p139" srcActor="D0N34"/>
            <port dstActor="D0N46" name="p140" srcActor="D0N34"/>
            <port dstActor="D0N36" name="p141" srcActor="D0N34"/>
            <port dstActor="D0N14" name="p142" srcActor="D0N13"/>
            <port dstActor="D0N27" name="p143" srcActor="D0N13"/>
            <port dstActor="D0N47" name="p144" srcActor="D0N13"/>
            <port dstActor="D0N37" name="p145" srcActor="D0N13"/>
            <port dstActor="D0N48" name="p146" srcActor="D0N12"/>
            <port dstActor="D0N19" name="p147" srcActor="D0N12"/>
            <port dstActor="D0N21" name="p148" srcActor="D0N12"/>
            <port dstActor="D0N40" name="p149" srcActor="D0N25"/>
            <port dstActor="D0N41" name="p150" srcActor="D0N25"/>
            <port dstActor="D0N49" name="p151" srcActor="D0N25"/>
        </ports>
    </mcdag>
    <cores number="3"/>
    <levels number="2"/>
</mcsystem>
