<?xml version="1.0" encoding="UTF-8" standalone="no"?>
<mcsystem>
    <mcdag deadline="3000" name="genned-0-ed-10.0-0">
        <actor name="D0N25">
            <wcet number="0">10</wcet>
            <wcet number="1">30</wcet>
            <maxpow number="0.5820484566930428"/>
            <maxpow number="0.5820484566930428"/>
            <fprob>0.0</fprob>
        </actor>
        <actor name="D0N28">
            <wcet number="0">10</wcet>
            <wcet number="1">20</wcet>
            <maxpow number="0.40302120113717577"/>
            <maxpow number="0.40302120113717577"/>
            <fprob>0.0</fprob>
        </actor>
        <actor name="D0N48">
            <wcet number="0">230</wcet>
            <wcet number="1">240</wcet>
            <maxpow number="0.4082875652108155"/>
            <maxpow number="0.4082875652108155"/>
            <fprob>0.0</fprob>
        </actor>
        <actor name="D0N41">
            <wcet number="0">40</wcet>
            <wcet number="1">50</wcet>
            <maxpow number="0.522507737059621"/>
            <maxpow number="0.522507737059621"/>
            <fprob>0.0</fprob>
        </actor>
        <actor name="D0N29">
            <wcet number="0">10</wcet>
            <wcet number="1">160</wcet>
            <maxpow number="0.828772230223398"/>
            <maxpow number="0.828772230223398"/>
            <fprob>0.0</fprob>
        </actor>
        <actor name="D0N31">
            <wcet number="0">20</wcet>
            <wcet number="1">50</wcet>
            <maxpow number="0.7428230821798135"/>
            <maxpow number="0.7428230821798135"/>
            <fprob>0.0</fprob>
        </actor>
        <actor name="D0N24">
            <wcet number="0">20</wcet>
            <wcet number="1">40</wcet>
            <maxpow number="0.43201714521347634"/>
            <maxpow number="0.43201714521347634"/>
            <fprob>0.0</fprob>
        </actor>
        <actor name="D0N30">
            <wcet number="0">10</wcet>
            <wcet number="1">40</wcet>
            <maxpow number="0.39271570878932827"/>
            <maxpow number="0.39271570878932827"/>
            <fprob>0.0</fprob>
        </actor>
        <actor name="D0N27">
            <wcet number="0">230</wcet>
            <wcet number="1">310</wcet>
            <maxpow number="0.6948521829237264"/>
            <maxpow number="0.6948521829237264"/>
            <fprob>0.0</fprob>
        </actor>
        <actor name="D0N44">
            <wcet number="0">30</wcet>
            <wcet number="1">40</wcet>
            <maxpow number="0.3030516290449596"/>
            <maxpow number="0.3030516290449596"/>
            <fprob>0.0</fprob>
        </actor>
        <actor name="D0N13">
            <wcet number="0">50</wcet>
            <wcet number="1">370</wcet>
            <maxpow number="0.8116689130808272"/>
            <maxpow number="0.8116689130808272"/>
            <fprob>0.0</fprob>
        </actor>
        <actor name="D0N3">
            <wcet number="0">90</wcet>
            <wcet number="1">210</wcet>
            <maxpow number="0.4649040474944665"/>
            <maxpow number="0.4649040474944665"/>
            <fprob>0.0</fprob>
        </actor>
        <actor name="D0N5">
            <wcet number="0">30</wcet>
            <wcet number="1">40</wcet>
            <maxpow number="0.65239662523681"/>
            <maxpow number="0.65239662523681"/>
            <fprob>0.0</fprob>
        </actor>
        <actor name="D0N39">
            <wcet number="0">10</wcet>
            <wcet number="1">20</wcet>
            <maxpow number="0.09314251200118007"/>
            <maxpow number="0.09314251200118007"/>
            <fprob>0.0</fprob>
        </actor>
        <actor name="D0N38">
            <wcet number="0">70</wcet>
            <wcet number="1">110</wcet>
            <maxpow number="0.6574657861024669"/>
            <maxpow number="0.6574657861024669"/>
            <fprob>0.0</fprob>
        </actor>
        <actor name="D0N23">
            <wcet number="0">80</wcet>
            <wcet number="1">340</wcet>
            <maxpow number="0.5195592703307348"/>
            <maxpow number="0.5195592703307348"/>
            <fprob>0.0</fprob>
        </actor>
        <actor name="D0N36">
            <wcet number="0">200</wcet>
            <wcet number="1">290</wcet>
            <maxpow number="0.7041889308177905"/>
            <maxpow number="0.7041889308177905"/>
            <fprob>0.0</fprob>
        </actor>
        <actor name="D0N0">
            <wcet number="0">80</wcet>
            <wcet number="1">160</wcet>
            <maxpow number="0.5055667364096097"/>
            <maxpow number="0.5055667364096097"/>
            <fprob>0.0</fprob>
        </actor>
        <actor name="D0N6">
            <wcet number="0">90</wcet>
            <wcet number="1">90</wcet>
            <maxpow number="0.3758012450117496"/>
            <maxpow number="0.3758012450117496"/>
            <fprob>0.0</fprob>
        </actor>
        <actor name="D0N4">
            <wcet number="0">20</wcet>
            <wcet number="1">130</wcet>
            <maxpow number="0.36709878914779615"/>
            <maxpow number="0.36709878914779615"/>
            <fprob>0.0</fprob>
        </actor>
        <actor name="D0N47">
            <wcet number="0">50</wcet>
            <wcet number="1">210</wcet>
            <maxpow number="0.2614012752013686"/>
            <maxpow number="0.2614012752013686"/>
            <fprob>0.0</fprob>
        </actor>
        <actor name="D0N42">
            <wcet number="0">70</wcet>
            <wcet number="1">80</wcet>
            <maxpow number="0.18266383510511158"/>
            <maxpow number="0.18266383510511158"/>
            <fprob>0.0</fprob>
        </actor>
        <actor name="D0N17">
            <wcet number="0">130</wcet>
            <wcet number="1">150</wcet>
            <maxpow number="0.5102925107983247"/>
            <maxpow number="0.5102925107983247"/>
            <fprob>0.0</fprob>
        </actor>
        <actor name="D0N1">
            <wcet number="0">30</wcet>
            <wcet number="1">30</wcet>
            <maxpow number="0.17503077161202707"/>
            <maxpow number="0.17503077161202707"/>
            <fprob>0.0</fprob>
        </actor>
        <actor name="D0N45">
            <wcet number="0">150</wcet>
            <wcet number="1">200</wcet>
            <maxpow number="0.5913944418498099"/>
            <maxpow number="0.5913944418498099"/>
            <fprob>0.0</fprob>
        </actor>
        <actor name="D0N2">
            <wcet number="0">20</wcet>
            <wcet number="1">140</wcet>
            <maxpow number="0.5689830375376638"/>
            <maxpow number="0.5689830375376638"/>
            <fprob>0.0</fprob>
        </actor>
        <actor name="D0N12">
            <wcet number="0">10</wcet>
            <wcet number="1">250</wcet>
            <maxpow number="0.3449829066005621"/>
            <maxpow number="0.3449829066005621"/>
            <fprob>0.0</fprob>
        </actor>
        <actor name="D0N34">
            <wcet number="0">10</wcet>
            <wcet number="1">20</wcet>
            <maxpow number="0.5744629043969044"/>
            <maxpow number="0.5744629043969044"/>
            <fprob>0.0</fprob>
        </actor>
        <actor name="D0N9">
            <wcet number="0">20</wcet>
            <wcet number="1">20</wcet>
            <maxpow number="0.6317282554063552"/>
            <maxpow number="0.6317282554063552"/>
            <fprob>0.0</fprob>
        </actor>
        <actor name="D0N19">
            <wcet number="0">40</wcet>
            <wcet number="1">160</wcet>
            <maxpow number="0.6308387864725594"/>
            <maxpow number="0.6308387864725594"/>
            <fprob>0.0</fprob>
        </actor>
        <actor name="D0N26">
            <wcet number="0">10</wcet>
            <wcet number="1">20</wcet>
            <maxpow number="0.6389557438024451"/>
            <maxpow number="0.6389557438024451"/>
            <fprob>0.0</fprob>
        </actor>
        <actor name="D0N20">
            <wcet number="0">10</wcet>
            <wcet number="1">30</wcet>
            <maxpow number="0.7168892015429807"/>
            <maxpow number="0.7168892015429807"/>
            <fprob>0.0</fprob>
        </actor>
        <actor name="D0N37">
            <wcet number="0">110</wcet>
            <wcet number="1">150</wcet>
            <maxpow number="0.33494940823386854"/>
            <maxpow number="0.33494940823386854"/>
            <fprob>0.0</fprob>
        </actor>
        <actor name="D0N32">
            <wcet number="0">280</wcet>
            <wcet number="1">490</wcet>
            <maxpow number="0.8378099897427795"/>
            <maxpow number="0.8378099897427795"/>
            <fprob>0.0</fprob>
        </actor>
        <actor name="D0N8">
            <wcet number="0">70</wcet>
            <wcet number="1">120</wcet>
            <maxpow number="0.6140558644379321"/>
            <maxpow number="0.6140558644379321"/>
            <fprob>0.0</fprob>
        </actor>
        <actor name="D0N14">
            <wcet number="0">60</wcet>
            <wcet number="1">130</wcet>
            <maxpow number="0.4233799945048634"/>
            <maxpow number="0.4233799945048634"/>
            <fprob>0.0</fprob>
        </actor>
        <actor name="D0N40">
            <wcet number="0">20</wcet>
            <wcet number="1">30</wcet>
            <maxpow number="0.6816336652522506"/>
            <maxpow number="0.6816336652522506"/>
            <fprob>0.0</fprob>
        </actor>
        <actor name="D0N7">
            <wcet number="0">630</wcet>
            <wcet number="1">760</wcet>
            <maxpow number="0.6767291251055106"/>
            <maxpow number="0.6767291251055106"/>
            <fprob>0.0</fprob>
        </actor>
        <actor name="D0N33">
            <wcet number="0">10</wcet>
            <wcet number="1">50</wcet>
            <maxpow number="0.4864714838761792"/>
            <maxpow number="0.4864714838761792"/>
            <fprob>0.0</fprob>
        </actor>
        <actor name="D0N43">
            <wcet number="0">80</wcet>
            <wcet number="1">80</wcet>
            <maxpow number="0.792181657003813"/>
            <maxpow number="0.792181657003813"/>
            <fprob>0.0</fprob>
        </actor>
        <actor name="D0N22">
            <wcet number="0">30</wcet>
            <wcet number="1">50</wcet>
            <maxpow number="0.6153701629991172"/>
            <maxpow number="0.6153701629991172"/>
            <fprob>0.0</fprob>
        </actor>
        <actor name="D0N16">
            <wcet number="0">180</wcet>
            <wcet number="1">340</wcet>
            <maxpow number="0.5575511231717348"/>
            <maxpow number="0.5575511231717348"/>
            <fprob>0.0</fprob>
        </actor>
        <actor name="D0N35">
            <wcet number="0">20</wcet>
            <wcet number="1">400</wcet>
            <maxpow number="0.6305232839584987"/>
            <maxpow number="0.6305232839584987"/>
            <fprob>0.0</fprob>
        </actor>
        <actor name="D0N46">
            <wcet number="0">10</wcet>
            <wcet number="1">10</wcet>
            <maxpow number="0.6775957778436958"/>
            <maxpow number="0.6775957778436958"/>
            <fprob>0.0</fprob>
        </actor>
        <actor name="D0N18">
            <wcet number="0">120</wcet>
            <wcet number="1">200</wcet>
            <maxpow number="0.49483351037720374"/>
            <maxpow number="0.49483351037720374"/>
            <fprob>0.0</fprob>
        </actor>
        <actor name="D0N15">
            <wcet number="0">30</wcet>
            <wcet number="1">120</wcet>
            <maxpow number="0.6660786302264543"/>
            <maxpow number="0.6660786302264543"/>
            <fprob>0.0</fprob>
        </actor>
        <actor name="D0N11">
            <wcet number="0">130</wcet>
            <wcet number="1">180</wcet>
            <maxpow number="0.22580460922989343"/>
            <maxpow number="0.22580460922989343"/>
            <fprob>0.0</fprob>
        </actor>
        <actor name="D0N21">
            <wcet number="0">170</wcet>
            <wcet number="1">290</wcet>
            <maxpow number="0.6954108460349937"/>
            <maxpow number="0.6954108460349937"/>
            <fprob>0.0</fprob>
        </actor>
        <actor name="D0N10">
            <wcet number="0">20</wcet>
            <wcet number="1">50</wcet>
            <maxpow number="0.4934764190225103"/>
            <maxpow number="0.4934764190225103"/>
            <fprob>0.0</fprob>
        </actor>
        <ports>
            <port dstActor="D0N37" name="p0" srcActor="D0N25"/>
            <port dstActor="D0N47" name="p1" srcActor="D0N25"/>
            <port dstActor="D0N46" name="p2" srcActor="D0N29"/>
            <port dstActor="D0N48" name="p3" srcActor="D0N29"/>
            <port dstActor="D0N45" name="p4" srcActor="D0N24"/>
            <port dstActor="D0N27" name="p5" srcActor="D0N24"/>
            <port dstActor="D0N37" name="p6" srcActor="D0N24"/>
            <port dstActor="D0N46" name="p7" srcActor="D0N30"/>
            <port dstActor="D0N34" name="p8" srcActor="D0N30"/>
            <port dstActor="D0N40" name="p9" srcActor="D0N27"/>
            <port dstActor="D0N23" name="p10" srcActor="D0N13"/>
            <port dstActor="D0N40" name="p11" srcActor="D0N13"/>
            <port dstActor="D0N43" name="p12" srcActor="D0N13"/>
            <port dstActor="D0N17" name="p13" srcActor="D0N13"/>
            <port dstActor="D0N37" name="p14" srcActor="D0N13"/>
            <port dstActor="D0N33" name="p15" srcActor="D0N3"/>
            <port dstActor="D0N10" name="p16" srcActor="D0N3"/>
            <port dstActor="D0N7" name="p17" srcActor="D0N5"/>
            <port dstActor="D0N26" name="p18" srcActor="D0N5"/>
            <port dstActor="D0N6" name="p19" srcActor="D0N5"/>
            <port dstActor="D0N34" name="p20" srcActor="D0N5"/>
            <port dstActor="D0N39" name="p21" srcActor="D0N5"/>
            <port dstActor="D0N15" name="p22" srcActor="D0N5"/>
            <port dstActor="D0N40" name="p23" srcActor="D0N23"/>
            <port dstActor="D0N26" name="p24" srcActor="D0N23"/>
            <port dstActor="D0N30" name="p25" srcActor="D0N23"/>
            <port dstActor="D0N28" name="p26" srcActor="D0N23"/>
            <port dstActor="D0N41" name="p27" srcActor="D0N36"/>
            <port dstActor="D0N45" name="p28" srcActor="D0N36"/>
            <port dstActor="D0N12" name="p29" srcActor="D0N0"/>
            <port dstActor="D0N27" name="p30" srcActor="D0N0"/>
            <port dstActor="D0N2" name="p31" srcActor="D0N0"/>
            <port dstActor="D0N44" name="p32" srcActor="D0N0"/>
            <port dstActor="D0N20" name="p33" srcActor="D0N0"/>
            <port dstActor="D0N19" name="p34" srcActor="D0N0"/>
            <port dstActor="D0N32" name="p35" srcActor="D0N0"/>
            <port dstActor="D0N43" name="p36" srcActor="D0N6"/>
            <port dstActor="D0N24" name="p37" srcActor="D0N6"/>
            <port dstActor="D0N20" name="p38" srcActor="D0N6"/>
            <port dstActor="D0N38" name="p39" srcActor="D0N4"/>
            <port dstActor="D0N24" name="p40" srcActor="D0N4"/>
            <port dstActor="D0N19" name="p41" srcActor="D0N4"/>
            <port dstActor="D0N48" name="p42" srcActor="D0N47"/>
            <port dstActor="D0N45" name="p43" srcActor="D0N42"/>
            <port dstActor="D0N22" name="p44" srcActor="D0N17"/>
            <port dstActor="D0N21" name="p45" srcActor="D0N17"/>
            <port dstActor="D0N40" name="p46" srcActor="D0N17"/>
            <port dstActor="D0N48" name="p47" srcActor="D0N17"/>
            <port dstActor="D0N33" name="p48" srcActor="D0N1"/>
            <port dstActor="D0N4" name="p49" srcActor="D0N1"/>
            <port dstActor="D0N12" name="p50" srcActor="D0N1"/>
            <port dstActor="D0N35" name="p51" srcActor="D0N1"/>
            <port dstActor="D0N24" name="p52" srcActor="D0N1"/>
            <port dstActor="D0N5" name="p53" srcActor="D0N1"/>
            <port dstActor="D0N16" name="p54" srcActor="D0N1"/>
            <port dstActor="D0N11" name="p55" srcActor="D0N1"/>
            <port dstActor="D0N38" name="p56" srcActor="D0N1"/>
            <port dstActor="D0N11" name="p57" srcActor="D0N2"/>
            <port dstActor="D0N47" name="p58" srcActor="D0N2"/>
            <port dstActor="D0N42" name="p59" srcActor="D0N2"/>
            <port dstActor="D0N41" name="p60" srcActor="D0N2"/>
            <port dstActor="D0N33" name="p61" srcActor="D0N2"/>
            <port dstActor="D0N21" name="p62" srcActor="D0N12"/>
            <port dstActor="D0N35" name="p63" srcActor="D0N12"/>
            <port dstActor="D0N30" name="p64" srcActor="D0N12"/>
            <port dstActor="D0N15" name="p65" srcActor="D0N12"/>
            <port dstActor="D0N39" name="p66" srcActor="D0N12"/>
            <port dstActor="D0N44" name="p67" srcActor="D0N12"/>
            <port dstActor="D0N34" name="p68" srcActor="D0N12"/>
            <port dstActor="D0N25" name="p69" srcActor="D0N9"/>
            <port dstActor="D0N13" name="p70" srcActor="D0N9"/>
            <port dstActor="D0N10" name="p71" srcActor="D0N9"/>
            <port dstActor="D0N28" name="p72" srcActor="D0N9"/>
            <port dstActor="D0N45" name="p73" srcActor="D0N9"/>
            <port dstActor="D0N20" name="p74" srcActor="D0N9"/>
            <port dstActor="D0N16" name="p75" srcActor="D0N9"/>
            <port dstActor="D0N43" name="p76" srcActor="D0N19"/>
            <port dstActor="D0N42" name="p77" srcActor="D0N26"/>
            <port dstActor="D0N47" name="p78" srcActor="D0N20"/>
            <port dstActor="D0N46" name="p79" srcActor="D0N37"/>
            <port dstActor="D0N41" name="p80" srcActor="D0N8"/>
            <port dstActor="D0N15" name="p81" srcActor="D0N8"/>
            <port dstActor="D0N25" name="p82" srcActor="D0N8"/>
            <port dstActor="D0N42" name="p83" srcActor="D0N8"/>
            <port dstActor="D0N34" name="p84" srcActor="D0N8"/>
            <port dstActor="D0N29" name="p85" srcActor="D0N8"/>
            <port dstActor="D0N17" name="p86" srcActor="D0N14"/>
            <port dstActor="D0N26" name="p87" srcActor="D0N14"/>
            <port dstActor="D0N44" name="p88" srcActor="D0N14"/>
            <port dstActor="D0N47" name="p89" srcActor="D0N14"/>
            <port dstActor="D0N18" name="p90" srcActor="D0N7"/>
            <port dstActor="D0N25" name="p91" srcActor="D0N7"/>
            <port dstActor="D0N14" name="p92" srcActor="D0N7"/>
            <port dstActor="D0N12" name="p93" srcActor="D0N7"/>
            <port dstActor="D0N45" name="p94" srcActor="D0N33"/>
            <port dstActor="D0N46" name="p95" srcActor="D0N43"/>
            <port dstActor="D0N40" name="p96" srcActor="D0N22"/>
            <port dstActor="D0N19" name="p97" srcActor="D0N16"/>
            <port dstActor="D0N48" name="p98" srcActor="D0N16"/>
            <port dstActor="D0N39" name="p99" srcActor="D0N35"/>
            <port dstActor="D0N43" name="p100" srcActor="D0N35"/>
            <port dstActor="D0N28" name="p101" srcActor="D0N18"/>
            <port dstActor="D0N30" name="p102" srcActor="D0N18"/>
            <port dstActor="D0N40" name="p103" srcActor="D0N18"/>
            <port dstActor="D0N39" name="p104" srcActor="D0N18"/>
            <port dstActor="D0N37" name="p105" srcActor="D0N15"/>
            <port dstActor="D0N36" name="p106" srcActor="D0N15"/>
            <port dstActor="D0N33" name="p107" srcActor="D0N15"/>
            <port dstActor="D0N26" name="p108" srcActor="D0N15"/>
            <port dstActor="D0N22" name="p109" srcActor="D0N11"/>
            <port dstActor="D0N33" name="p110" srcActor="D0N11"/>
            <port dstActor="D0N41" name="p111" srcActor="D0N11"/>
            <port dstActor="D0N31" name="p112" srcActor="D0N11"/>
            <port dstActor="D0N30" name="p113" srcActor="D0N11"/>
            <port dstActor="D0N48" name="p114" srcActor="D0N21"/>
            <port dstActor="D0N37" name="p115" srcActor="D0N21"/>
            <port dstActor="D0N15" name="p116" srcActor="D0N10"/>
            <port dstActor="D0N43" name="p117" srcActor="D0N10"/>
        </ports>
    </mcdag>
    <cores number="3"/>
    <levels number="2"/>
</mcsystem>
