<?xml version="1.0" encoding="UTF-8" standalone="no"?>
<mcsystem>
    <mcdag deadline="2500" name="genned-0-ed-10.0-0">
        <actor name="D0N4">
            <wcet number="0">10</wcet>
            <wcet number="1">40</wcet>
            <maxpow number="0.3673823825460209"/>
            <maxpow number="0.3673823825460209"/>
            <fprob>0.0</fprob>
        </actor>
        <actor name="D0N23">
            <wcet number="0">30</wcet>
            <wcet number="1">30</wcet>
            <maxpow number="0.5713832325859446"/>
            <maxpow number="0.5713832325859446"/>
            <fprob>0.0</fprob>
        </actor>
        <actor name="D0N26">
            <wcet number="0">50</wcet>
            <wcet number="1">50</wcet>
            <maxpow number="0.8151478522194773"/>
            <maxpow number="0.8151478522194773"/>
            <fprob>0.0</fprob>
        </actor>
        <actor name="D0N37">
            <wcet number="0">110</wcet>
            <wcet number="1">150</wcet>
            <maxpow number="0.6194327146154355"/>
            <maxpow number="0.6194327146154355"/>
            <fprob>0.0</fprob>
        </actor>
        <actor name="D0N5">
            <wcet number="0">30</wcet>
            <wcet number="1">60</wcet>
            <maxpow number="0.4932246280320272"/>
            <maxpow number="0.4932246280320272"/>
            <fprob>0.0</fprob>
        </actor>
        <actor name="D0N42">
            <wcet number="0">10</wcet>
            <wcet number="1">10</wcet>
            <maxpow number="0.544487694718764"/>
            <maxpow number="0.544487694718764"/>
            <fprob>0.0</fprob>
        </actor>
        <actor name="D0N40">
            <wcet number="0">20</wcet>
            <wcet number="1">230</wcet>
            <maxpow number="1.034527723828161"/>
            <maxpow number="1.034527723828161"/>
            <fprob>0.0</fprob>
        </actor>
        <actor name="D0N25">
            <wcet number="0">40</wcet>
            <wcet number="1">80</wcet>
            <maxpow number="0.5030286850546123"/>
            <maxpow number="0.5030286850546123"/>
            <fprob>0.0</fprob>
        </actor>
        <actor name="D0N32">
            <wcet number="0">100</wcet>
            <wcet number="1">210</wcet>
            <maxpow number="0.35880133882366727"/>
            <maxpow number="0.35880133882366727"/>
            <fprob>0.0</fprob>
        </actor>
        <actor name="D0N20">
            <wcet number="0">100</wcet>
            <wcet number="1">280</wcet>
            <maxpow number="0.539518796257577"/>
            <maxpow number="0.539518796257577"/>
            <fprob>0.0</fprob>
        </actor>
        <actor name="D0N29">
            <wcet number="0">240</wcet>
            <wcet number="1">440</wcet>
            <maxpow number="0.3332468767949139"/>
            <maxpow number="0.3332468767949139"/>
            <fprob>0.0</fprob>
        </actor>
        <actor name="D0N22">
            <wcet number="0">20</wcet>
            <wcet number="1">30</wcet>
            <maxpow number="0.767319422971958"/>
            <maxpow number="0.767319422971958"/>
            <fprob>0.0</fprob>
        </actor>
        <actor name="D0N7">
            <wcet number="0">10</wcet>
            <wcet number="1">220</wcet>
            <maxpow number="0.4583514020309478"/>
            <maxpow number="0.4583514020309478"/>
            <fprob>0.0</fprob>
        </actor>
        <actor name="D0N2">
            <wcet number="0">40</wcet>
            <wcet number="1">50</wcet>
            <maxpow number="0.32399270011103226"/>
            <maxpow number="0.32399270011103226"/>
            <fprob>0.0</fprob>
        </actor>
        <actor name="D0N15">
            <wcet number="0">60</wcet>
            <wcet number="1">90</wcet>
            <maxpow number="0.3808233990611719"/>
            <maxpow number="0.3808233990611719"/>
            <fprob>0.0</fprob>
        </actor>
        <actor name="D0N13">
            <wcet number="0">160</wcet>
            <wcet number="1">400</wcet>
            <maxpow number="0.6352734459409244"/>
            <maxpow number="0.6352734459409244"/>
            <fprob>0.0</fprob>
        </actor>
        <actor name="D0N17">
            <wcet number="0">10</wcet>
            <wcet number="1">10</wcet>
            <maxpow number="0.3830431192198943"/>
            <maxpow number="0.3830431192198943"/>
            <fprob>0.0</fprob>
        </actor>
        <actor name="D0N34">
            <wcet number="0">10</wcet>
            <wcet number="1">10</wcet>
            <maxpow number="0.5147597031234525"/>
            <maxpow number="0.5147597031234525"/>
            <fprob>0.0</fprob>
        </actor>
        <actor name="D0N43">
            <wcet number="0">40</wcet>
            <wcet number="1">160</wcet>
            <maxpow number="0.8907794949521672"/>
            <maxpow number="0.8907794949521672"/>
            <fprob>0.0</fprob>
        </actor>
        <actor name="D0N38">
            <wcet number="0">60</wcet>
            <wcet number="1">70</wcet>
            <maxpow number="0.5415553180613316"/>
            <maxpow number="0.5415553180613316"/>
            <fprob>0.0</fprob>
        </actor>
        <actor name="D0N27">
            <wcet number="0">20</wcet>
            <wcet number="1">30</wcet>
            <maxpow number="0.38607891071395517"/>
            <maxpow number="0.38607891071395517"/>
            <fprob>0.0</fprob>
        </actor>
        <actor name="D0N28">
            <wcet number="0">10</wcet>
            <wcet number="1">10</wcet>
            <maxpow number="0.3647015684741907"/>
            <maxpow number="0.3647015684741907"/>
            <fprob>0.0</fprob>
        </actor>
        <actor name="D0N45">
            <wcet number="0">60</wcet>
            <wcet number="1">60</wcet>
            <maxpow number="0.46614735957843706"/>
            <maxpow number="0.46614735957843706"/>
            <fprob>0.0</fprob>
        </actor>
        <actor name="D0N18">
            <wcet number="0">30</wcet>
            <wcet number="1">60</wcet>
            <maxpow number="0.5211865210414813"/>
            <maxpow number="0.5211865210414813"/>
            <fprob>0.0</fprob>
        </actor>
        <actor name="D0N24">
            <wcet number="0">30</wcet>
            <wcet number="1">50</wcet>
            <maxpow number="0.7110441809371979"/>
            <maxpow number="0.7110441809371979"/>
            <fprob>0.0</fprob>
        </actor>
        <actor name="D0N41">
            <wcet number="0">120</wcet>
            <wcet number="1">120</wcet>
            <maxpow number="0.9437123800201559"/>
            <maxpow number="0.9437123800201559"/>
            <fprob>0.0</fprob>
        </actor>
        <actor name="D0N31">
            <wcet number="0">10</wcet>
            <wcet number="1">10</wcet>
            <maxpow number="0.4647450231090394"/>
            <maxpow number="0.4647450231090394"/>
            <fprob>0.0</fprob>
        </actor>
        <actor name="D0N1">
            <wcet number="0">20</wcet>
            <wcet number="1">20</wcet>
            <maxpow number="0.5292471288394882"/>
            <maxpow number="0.5292471288394882"/>
            <fprob>0.0</fprob>
        </actor>
        <actor name="D0N8">
            <wcet number="0">20</wcet>
            <wcet number="1">50</wcet>
            <maxpow number="0.52126759087026"/>
            <maxpow number="0.52126759087026"/>
            <fprob>0.0</fprob>
        </actor>
        <actor name="D0N39">
            <wcet number="0">100</wcet>
            <wcet number="1">520</wcet>
            <maxpow number="0.4717116974202779"/>
            <maxpow number="0.4717116974202779"/>
            <fprob>0.0</fprob>
        </actor>
        <actor name="D0N11">
            <wcet number="0">40</wcet>
            <wcet number="1">90</wcet>
            <maxpow number="0.41814051581987294"/>
            <maxpow number="0.41814051581987294"/>
            <fprob>0.0</fprob>
        </actor>
        <actor name="D0N0">
            <wcet number="0">370</wcet>
            <wcet number="1">390</wcet>
            <maxpow number="0.325095619208306"/>
            <maxpow number="0.325095619208306"/>
            <fprob>0.0</fprob>
        </actor>
        <actor name="D0N36">
            <wcet number="0">200</wcet>
            <wcet number="1">260</wcet>
            <maxpow number="0.7390363045579875"/>
            <maxpow number="0.7390363045579875"/>
            <fprob>0.0</fprob>
        </actor>
        <actor name="D0N44">
            <wcet number="0">10</wcet>
            <wcet number="1">70</wcet>
            <maxpow number="0.580382105826892"/>
            <maxpow number="0.580382105826892"/>
            <fprob>0.0</fprob>
        </actor>
        <actor name="D0N30">
            <wcet number="0">10</wcet>
            <wcet number="1">20</wcet>
            <maxpow number="0.624739394897532"/>
            <maxpow number="0.624739394897532"/>
            <fprob>0.0</fprob>
        </actor>
        <actor name="D0N6">
            <wcet number="0">80</wcet>
            <wcet number="1">90</wcet>
            <maxpow number="0.39719508638087064"/>
            <maxpow number="0.39719508638087064"/>
            <fprob>0.0</fprob>
        </actor>
        <actor name="D0N19">
            <wcet number="0">140</wcet>
            <wcet number="1">280</wcet>
            <maxpow number="0.5061658499783747"/>
            <maxpow number="0.5061658499783747"/>
            <fprob>0.0</fprob>
        </actor>
        <actor name="D0N21">
            <wcet number="0">20</wcet>
            <wcet number="1">70</wcet>
            <maxpow number="0.522742647993915"/>
            <maxpow number="0.522742647993915"/>
            <fprob>0.0</fprob>
        </actor>
        <actor name="D0N12">
            <wcet number="0">30</wcet>
            <wcet number="1">80</wcet>
            <maxpow number="0.8449344008928663"/>
            <maxpow number="0.8449344008928663"/>
            <fprob>0.0</fprob>
        </actor>
        <actor name="D0N9">
            <wcet number="0">10</wcet>
            <wcet number="1">70</wcet>
            <maxpow number="0.36360779990943626"/>
            <maxpow number="0.36360779990943626"/>
            <fprob>0.0</fprob>
        </actor>
        <actor name="D0N16">
            <wcet number="0">90</wcet>
            <wcet number="1">130</wcet>
            <maxpow number="0.8867673200773709"/>
            <maxpow number="0.8867673200773709"/>
            <fprob>0.0</fprob>
        </actor>
        <actor name="D0N3">
            <wcet number="0">10</wcet>
            <wcet number="1">10</wcet>
            <maxpow number="0.5805975568355983"/>
            <maxpow number="0.5805975568355983"/>
            <fprob>0.0</fprob>
        </actor>
        <actor name="D0N10">
            <wcet number="0">50</wcet>
            <wcet number="1">60</wcet>
            <maxpow number="0.48326567818798605"/>
            <maxpow number="0.48326567818798605"/>
            <fprob>0.0</fprob>
        </actor>
        <actor name="D0N14">
            <wcet number="0">30</wcet>
            <wcet number="1">40</wcet>
            <maxpow number="0.3942289137755193"/>
            <maxpow number="0.3942289137755193"/>
            <fprob>0.0</fprob>
        </actor>
        <actor name="D0N35">
            <wcet number="0">140</wcet>
            <wcet number="1">140</wcet>
            <maxpow number="0.38562034820605307"/>
            <maxpow number="0.38562034820605307"/>
            <fprob>0.0</fprob>
        </actor>
        <actor name="D0N46">
            <wcet number="0">90</wcet>
            <wcet number="1">100</wcet>
            <maxpow number="0.5820506692652408"/>
            <maxpow number="0.5820506692652408"/>
            <fprob>0.0</fprob>
        </actor>
        <actor name="D0N33">
            <wcet number="0">40</wcet>
            <wcet number="1">50</wcet>
            <maxpow number="0.6329067776891018"/>
            <maxpow number="0.6329067776891018"/>
            <fprob>0.0</fprob>
        </actor>
        <ports>
            <port dstActor="D0N8" name="p0" srcActor="D0N4"/>
            <port dstActor="D0N38" name="p1" srcActor="D0N4"/>
            <port dstActor="D0N16" name="p2" srcActor="D0N4"/>
            <port dstActor="D0N22" name="p3" srcActor="D0N4"/>
            <port dstActor="D0N24" name="p4" srcActor="D0N23"/>
            <port dstActor="D0N38" name="p5" srcActor="D0N26"/>
            <port dstActor="D0N40" name="p6" srcActor="D0N37"/>
            <port dstActor="D0N44" name="p7" srcActor="D0N37"/>
            <port dstActor="D0N38" name="p8" srcActor="D0N5"/>
            <port dstActor="D0N6" name="p9" srcActor="D0N5"/>
            <port dstActor="D0N34" name="p10" srcActor="D0N25"/>
            <port dstActor="D0N26" name="p11" srcActor="D0N25"/>
            <port dstActor="D0N29" name="p12" srcActor="D0N20"/>
            <port dstActor="D0N22" name="p13" srcActor="D0N20"/>
            <port dstActor="D0N34" name="p14" srcActor="D0N29"/>
            <port dstActor="D0N44" name="p15" srcActor="D0N22"/>
            <port dstActor="D0N43" name="p16" srcActor="D0N22"/>
            <port dstActor="D0N21" name="p17" srcActor="D0N7"/>
            <port dstActor="D0N31" name="p18" srcActor="D0N7"/>
            <port dstActor="D0N5" name="p19" srcActor="D0N2"/>
            <port dstActor="D0N9" name="p20" srcActor="D0N2"/>
            <port dstActor="D0N40" name="p21" srcActor="D0N2"/>
            <port dstActor="D0N36" name="p22" srcActor="D0N2"/>
            <port dstActor="D0N27" name="p23" srcActor="D0N15"/>
            <port dstActor="D0N19" name="p24" srcActor="D0N15"/>
            <port dstActor="D0N16" name="p25" srcActor="D0N15"/>
            <port dstActor="D0N39" name="p26" srcActor="D0N13"/>
            <port dstActor="D0N28" name="p27" srcActor="D0N13"/>
            <port dstActor="D0N27" name="p28" srcActor="D0N17"/>
            <port dstActor="D0N19" name="p29" srcActor="D0N17"/>
            <port dstActor="D0N37" name="p30" srcActor="D0N17"/>
            <port dstActor="D0N18" name="p31" srcActor="D0N17"/>
            <port dstActor="D0N46" name="p32" srcActor="D0N34"/>
            <port dstActor="D0N42" name="p33" srcActor="D0N34"/>
            <port dstActor="D0N44" name="p34" srcActor="D0N43"/>
            <port dstActor="D0N41" name="p35" srcActor="D0N27"/>
            <port dstActor="D0N33" name="p36" srcActor="D0N28"/>
            <port dstActor="D0N44" name="p37" srcActor="D0N28"/>
            <port dstActor="D0N33" name="p38" srcActor="D0N18"/>
            <port dstActor="D0N30" name="p39" srcActor="D0N24"/>
            <port dstActor="D0N29" name="p40" srcActor="D0N24"/>
            <port dstActor="D0N39" name="p41" srcActor="D0N24"/>
            <port dstActor="D0N40" name="p42" srcActor="D0N24"/>
            <port dstActor="D0N42" name="p43" srcActor="D0N41"/>
            <port dstActor="D0N38" name="p44" srcActor="D0N31"/>
            <port dstActor="D0N37" name="p45" srcActor="D0N31"/>
            <port dstActor="D0N34" name="p46" srcActor="D0N31"/>
            <port dstActor="D0N46" name="p47" srcActor="D0N31"/>
            <port dstActor="D0N2" name="p48" srcActor="D0N1"/>
            <port dstActor="D0N44" name="p49" srcActor="D0N1"/>
            <port dstActor="D0N10" name="p50" srcActor="D0N1"/>
            <port dstActor="D0N44" name="p51" srcActor="D0N8"/>
            <port dstActor="D0N28" name="p52" srcActor="D0N8"/>
            <port dstActor="D0N25" name="p53" srcActor="D0N8"/>
            <port dstActor="D0N46" name="p54" srcActor="D0N39"/>
            <port dstActor="D0N27" name="p55" srcActor="D0N11"/>
            <port dstActor="D0N40" name="p56" srcActor="D0N11"/>
            <port dstActor="D0N18" name="p57" srcActor="D0N11"/>
            <port dstActor="D0N17" name="p58" srcActor="D0N0"/>
            <port dstActor="D0N25" name="p59" srcActor="D0N0"/>
            <port dstActor="D0N41" name="p60" srcActor="D0N36"/>
            <port dstActor="D0N9" name="p61" srcActor="D0N6"/>
            <port dstActor="D0N18" name="p62" srcActor="D0N6"/>
            <port dstActor="D0N14" name="p63" srcActor="D0N6"/>
            <port dstActor="D0N25" name="p64" srcActor="D0N6"/>
            <port dstActor="D0N28" name="p65" srcActor="D0N19"/>
            <port dstActor="D0N25" name="p66" srcActor="D0N19"/>
            <port dstActor="D0N21" name="p67" srcActor="D0N19"/>
            <port dstActor="D0N29" name="p68" srcActor="D0N21"/>
            <port dstActor="D0N23" name="p69" srcActor="D0N21"/>
            <port dstActor="D0N15" name="p70" srcActor="D0N12"/>
            <port dstActor="D0N41" name="p71" srcActor="D0N12"/>
            <port dstActor="D0N22" name="p72" srcActor="D0N9"/>
            <port dstActor="D0N32" name="p73" srcActor="D0N9"/>
            <port dstActor="D0N23" name="p74" srcActor="D0N9"/>
            <port dstActor="D0N20" name="p75" srcActor="D0N9"/>
            <port dstActor="D0N38" name="p76" srcActor="D0N9"/>
            <port dstActor="D0N18" name="p77" srcActor="D0N9"/>
            <port dstActor="D0N30" name="p78" srcActor="D0N9"/>
            <port dstActor="D0N40" name="p79" srcActor="D0N16"/>
            <port dstActor="D0N17" name="p80" srcActor="D0N16"/>
            <port dstActor="D0N9" name="p81" srcActor="D0N3"/>
            <port dstActor="D0N11" name="p82" srcActor="D0N3"/>
            <port dstActor="D0N33" name="p83" srcActor="D0N3"/>
            <port dstActor="D0N21" name="p84" srcActor="D0N3"/>
            <port dstActor="D0N24" name="p85" srcActor="D0N3"/>
            <port dstActor="D0N12" name="p86" srcActor="D0N10"/>
            <port dstActor="D0N23" name="p87" srcActor="D0N10"/>
            <port dstActor="D0N22" name="p88" srcActor="D0N10"/>
            <port dstActor="D0N30" name="p89" srcActor="D0N10"/>
            <port dstActor="D0N36" name="p90" srcActor="D0N10"/>
            <port dstActor="D0N20" name="p91" srcActor="D0N14"/>
            <port dstActor="D0N34" name="p92" srcActor="D0N14"/>
            <port dstActor="D0N44" name="p93" srcActor="D0N35"/>
        </ports>
    </mcdag>
    <cores number="3"/>
    <levels number="2"/>
</mcsystem>
