<?xml version="1.0" encoding="UTF-8" standalone="no"?>
<mcsystem>
    <mcdag deadline="1000" name="genned-0-ed-10.0-0">
        <actor name="D0N22">
            <wcet number="0">30</wcet>
            <wcet number="1">60</wcet>
            <maxpow number="0.401331115340862"/>
            <maxpow number="0.401331115340862"/>
            <fprob>0.0</fprob>
        </actor>
        <actor name="D0N26">
            <wcet number="0">20</wcet>
            <wcet number="1">20</wcet>
            <maxpow number="0.4863805119092478"/>
            <maxpow number="0.4863805119092478"/>
            <fprob>0.0</fprob>
        </actor>
        <actor name="D0N34">
            <wcet number="0">10</wcet>
            <wcet number="1">10</wcet>
            <maxpow number="0.6870662859591237"/>
            <maxpow number="0.6870662859591237"/>
            <fprob>0.0</fprob>
        </actor>
        <actor name="D0N13">
            <wcet number="0">20</wcet>
            <wcet number="1">100</wcet>
            <maxpow number="0.6669785521022392"/>
            <maxpow number="0.6669785521022392"/>
            <fprob>0.0</fprob>
        </actor>
        <actor name="D0N18">
            <wcet number="0">10</wcet>
            <wcet number="1">10</wcet>
            <maxpow number="0.3531625327753975"/>
            <maxpow number="0.3531625327753975"/>
            <fprob>0.0</fprob>
        </actor>
        <actor name="D0N0">
            <wcet number="0">70</wcet>
            <wcet number="1">70</wcet>
            <maxpow number="0.710922770725146"/>
            <maxpow number="0.710922770725146"/>
            <fprob>0.0</fprob>
        </actor>
        <actor name="D0N5">
            <wcet number="0">60</wcet>
            <wcet number="1">100</wcet>
            <maxpow number="0.35457400053223836"/>
            <maxpow number="0.35457400053223836"/>
            <fprob>0.0</fprob>
        </actor>
        <actor name="D0N27">
            <wcet number="0">30</wcet>
            <wcet number="1">40</wcet>
            <maxpow number="0.6971970642866194"/>
            <maxpow number="0.6971970642866194"/>
            <fprob>0.0</fprob>
        </actor>
        <actor name="D0N20">
            <wcet number="0">20</wcet>
            <wcet number="1">20</wcet>
            <maxpow number="0.7417260236871219"/>
            <maxpow number="0.7417260236871219"/>
            <fprob>0.0</fprob>
        </actor>
        <actor name="D0N8">
            <wcet number="0">20</wcet>
            <wcet number="1">20</wcet>
            <maxpow number="0.6325011022992272"/>
            <maxpow number="0.6325011022992272"/>
            <fprob>0.0</fprob>
        </actor>
        <actor name="D0N11">
            <wcet number="0">10</wcet>
            <wcet number="1">10</wcet>
            <maxpow number="0.9445676543634043"/>
            <maxpow number="0.9445676543634043"/>
            <fprob>0.0</fprob>
        </actor>
        <actor name="D0N4">
            <wcet number="0">50</wcet>
            <wcet number="1">280</wcet>
            <maxpow number="0.5303016198940912"/>
            <maxpow number="0.5303016198940912"/>
            <fprob>0.0</fprob>
        </actor>
        <actor name="D0N38">
            <wcet number="0">10</wcet>
            <wcet number="1">20</wcet>
            <maxpow number="0.6186777761471725"/>
            <maxpow number="0.6186777761471725"/>
            <fprob>0.0</fprob>
        </actor>
        <actor name="D0N1">
            <wcet number="0">10</wcet>
            <wcet number="1">10</wcet>
            <maxpow number="0.6147029102313026"/>
            <maxpow number="0.6147029102313026"/>
            <fprob>0.0</fprob>
        </actor>
        <actor name="D0N10">
            <wcet number="0">10</wcet>
            <wcet number="1">10</wcet>
            <maxpow number="0.796592817408301"/>
            <maxpow number="0.796592817408301"/>
            <fprob>0.0</fprob>
        </actor>
        <actor name="D0N15">
            <wcet number="0">20</wcet>
            <wcet number="1">50</wcet>
            <maxpow number="0.5445291468767134"/>
            <maxpow number="0.5445291468767134"/>
            <fprob>0.0</fprob>
        </actor>
        <actor name="D0N35">
            <wcet number="0">10</wcet>
            <wcet number="1">30</wcet>
            <maxpow number="0.32765099418707994"/>
            <maxpow number="0.32765099418707994"/>
            <fprob>0.0</fprob>
        </actor>
        <actor name="D0N14">
            <wcet number="0">20</wcet>
            <wcet number="1">20</wcet>
            <maxpow number="0.37053420073446275"/>
            <maxpow number="0.37053420073446275"/>
            <fprob>0.0</fprob>
        </actor>
        <actor name="D0N44">
            <wcet number="0">10</wcet>
            <wcet number="1">10</wcet>
            <maxpow number="0.5354976749643598"/>
            <maxpow number="0.5354976749643598"/>
            <fprob>0.0</fprob>
        </actor>
        <actor name="D0N23">
            <wcet number="0">20</wcet>
            <wcet number="1">40</wcet>
            <maxpow number="0.38551886972899574"/>
            <maxpow number="0.38551886972899574"/>
            <fprob>0.0</fprob>
        </actor>
        <actor name="D0N17">
            <wcet number="0">10</wcet>
            <wcet number="1">10</wcet>
            <maxpow number="0.09772827831604519"/>
            <maxpow number="0.09772827831604519"/>
            <fprob>0.0</fprob>
        </actor>
        <actor name="D0N12">
            <wcet number="0">40</wcet>
            <wcet number="1">100</wcet>
            <maxpow number="0.43512600733116774"/>
            <maxpow number="0.43512600733116774"/>
            <fprob>0.0</fprob>
        </actor>
        <actor name="D0N46">
            <wcet number="0">50</wcet>
            <wcet number="1">60</wcet>
            <maxpow number="0.7019079454746611"/>
            <maxpow number="0.7019079454746611"/>
            <fprob>0.0</fprob>
        </actor>
        <actor name="D0N9">
            <wcet number="0">10</wcet>
            <wcet number="1">40</wcet>
            <maxpow number="0.28762566644466403"/>
            <maxpow number="0.28762566644466403"/>
            <fprob>0.0</fprob>
        </actor>
        <actor name="D0N28">
            <wcet number="0">30</wcet>
            <wcet number="1">50</wcet>
            <maxpow number="0.9969691602826296"/>
            <maxpow number="0.9969691602826296"/>
            <fprob>0.0</fprob>
        </actor>
        <actor name="D0N25">
            <wcet number="0">120</wcet>
            <wcet number="1">140</wcet>
            <maxpow number="0.404811573467061"/>
            <maxpow number="0.404811573467061"/>
            <fprob>0.0</fprob>
        </actor>
        <actor name="D0N32">
            <wcet number="0">20</wcet>
            <wcet number="1">20</wcet>
            <maxpow number="0.3208802928470289"/>
            <maxpow number="0.3208802928470289"/>
            <fprob>0.0</fprob>
        </actor>
        <actor name="D0N24">
            <wcet number="0">30</wcet>
            <wcet number="1">60</wcet>
            <maxpow number="0.4388212364023134"/>
            <maxpow number="0.4388212364023134"/>
            <fprob>0.0</fprob>
        </actor>
        <actor name="D0N33">
            <wcet number="0">70</wcet>
            <wcet number="1">90</wcet>
            <maxpow number="0.5992324614317233"/>
            <maxpow number="0.5992324614317233"/>
            <fprob>0.0</fprob>
        </actor>
        <actor name="D0N7">
            <wcet number="0">100</wcet>
            <wcet number="1">100</wcet>
            <maxpow number="0.7075571453817184"/>
            <maxpow number="0.7075571453817184"/>
            <fprob>0.0</fprob>
        </actor>
        <actor name="D0N30">
            <wcet number="0">50</wcet>
            <wcet number="1">60</wcet>
            <maxpow number="0.9205702870604833"/>
            <maxpow number="0.9205702870604833"/>
            <fprob>0.0</fprob>
        </actor>
        <actor name="D0N45">
            <wcet number="0">10</wcet>
            <wcet number="1">10</wcet>
            <maxpow number="0.518563581063427"/>
            <maxpow number="0.518563581063427"/>
            <fprob>0.0</fprob>
        </actor>
        <actor name="D0N16">
            <wcet number="0">10</wcet>
            <wcet number="1">20</wcet>
            <maxpow number="0.6704485047905191"/>
            <maxpow number="0.6704485047905191"/>
            <fprob>0.0</fprob>
        </actor>
        <actor name="D0N42">
            <wcet number="0">10</wcet>
            <wcet number="1">10</wcet>
            <maxpow number="0.6324437288264946"/>
            <maxpow number="0.6324437288264946"/>
            <fprob>0.0</fprob>
        </actor>
        <actor name="D0N31">
            <wcet number="0">50</wcet>
            <wcet number="1">50</wcet>
            <maxpow number="0.6071928708285339"/>
            <maxpow number="0.6071928708285339"/>
            <fprob>0.0</fprob>
        </actor>
        <actor name="D0N2">
            <wcet number="0">40</wcet>
            <wcet number="1">40</wcet>
            <maxpow number="0.3687328823179832"/>
            <maxpow number="0.3687328823179832"/>
            <fprob>0.0</fprob>
        </actor>
        <actor name="D0N29">
            <wcet number="0">10</wcet>
            <wcet number="1">10</wcet>
            <maxpow number="0.3232120590441096"/>
            <maxpow number="0.3232120590441096"/>
            <fprob>0.0</fprob>
        </actor>
        <actor name="D0N37">
            <wcet number="0">60</wcet>
            <wcet number="1">120</wcet>
            <maxpow number="0.6895663469891468"/>
            <maxpow number="0.6895663469891468"/>
            <fprob>0.0</fprob>
        </actor>
        <actor name="D0N41">
            <wcet number="0">20</wcet>
            <wcet number="1">70</wcet>
            <maxpow number="0.39744104212861264"/>
            <maxpow number="0.39744104212861264"/>
            <fprob>0.0</fprob>
        </actor>
        <actor name="D0N43">
            <wcet number="0">10</wcet>
            <wcet number="1">10</wcet>
            <maxpow number="0.762760239548437"/>
            <maxpow number="0.762760239548437"/>
            <fprob>0.0</fprob>
        </actor>
        <actor name="D0N39">
            <wcet number="0">40</wcet>
            <wcet number="1">40</wcet>
            <maxpow number="0.5001560269474785"/>
            <maxpow number="0.5001560269474785"/>
            <fprob>0.0</fprob>
        </actor>
        <actor name="D0N19">
            <wcet number="0">20</wcet>
            <wcet number="1">20</wcet>
            <maxpow number="0.5724468435555768"/>
            <maxpow number="0.5724468435555768"/>
            <fprob>0.0</fprob>
        </actor>
        <actor name="D0N3">
            <wcet number="0">40</wcet>
            <wcet number="1">110</wcet>
            <maxpow number="0.5884604558141289"/>
            <maxpow number="0.5884604558141289"/>
            <fprob>0.0</fprob>
        </actor>
        <actor name="D0N6">
            <wcet number="0">10</wcet>
            <wcet number="1">80</wcet>
            <maxpow number="0.6177337724953461"/>
            <maxpow number="0.6177337724953461"/>
            <fprob>0.0</fprob>
        </actor>
        <actor name="D0N21">
            <wcet number="0">130</wcet>
            <wcet number="1">180</wcet>
            <maxpow number="0.6225470543904514"/>
            <maxpow number="0.6225470543904514"/>
            <fprob>0.0</fprob>
        </actor>
        <actor name="D0N36">
            <wcet number="0">10</wcet>
            <wcet number="1">40</wcet>
            <maxpow number="0.3638563589587082"/>
            <maxpow number="0.3638563589587082"/>
            <fprob>0.0</fprob>
        </actor>
        <actor name="D0N40">
            <wcet number="0">20</wcet>
            <wcet number="1">30</wcet>
            <maxpow number="0.5796654563347391"/>
            <maxpow number="0.5796654563347391"/>
            <fprob>0.0</fprob>
        </actor>
        <ports>
            <port dstActor="D0N35" name="p0" srcActor="D0N22"/>
            <port dstActor="D0N32" name="p1" srcActor="D0N22"/>
            <port dstActor="D0N27" name="p2" srcActor="D0N22"/>
            <port dstActor="D0N39" name="p3" srcActor="D0N26"/>
            <port dstActor="D0N42" name="p4" srcActor="D0N34"/>
            <port dstActor="D0N16" name="p5" srcActor="D0N13"/>
            <port dstActor="D0N27" name="p6" srcActor="D0N13"/>
            <port dstActor="D0N15" name="p7" srcActor="D0N13"/>
            <port dstActor="D0N21" name="p8" srcActor="D0N13"/>
            <port dstActor="D0N30" name="p9" srcActor="D0N13"/>
            <port dstActor="D0N25" name="p10" srcActor="D0N18"/>
            <port dstActor="D0N5" name="p11" srcActor="D0N0"/>
            <port dstActor="D0N15" name="p12" srcActor="D0N0"/>
            <port dstActor="D0N41" name="p13" srcActor="D0N0"/>
            <port dstActor="D0N42" name="p14" srcActor="D0N0"/>
            <port dstActor="D0N15" name="p15" srcActor="D0N5"/>
            <port dstActor="D0N13" name="p16" srcActor="D0N5"/>
            <port dstActor="D0N29" name="p17" srcActor="D0N27"/>
            <port dstActor="D0N25" name="p18" srcActor="D0N20"/>
            <port dstActor="D0N38" name="p19" srcActor="D0N20"/>
            <port dstActor="D0N10" name="p20" srcActor="D0N8"/>
            <port dstActor="D0N13" name="p21" srcActor="D0N8"/>
            <port dstActor="D0N44" name="p22" srcActor="D0N8"/>
            <port dstActor="D0N34" name="p23" srcActor="D0N8"/>
            <port dstActor="D0N42" name="p24" srcActor="D0N11"/>
            <port dstActor="D0N12" name="p25" srcActor="D0N11"/>
            <port dstActor="D0N31" name="p26" srcActor="D0N11"/>
            <port dstActor="D0N14" name="p27" srcActor="D0N11"/>
            <port dstActor="D0N28" name="p28" srcActor="D0N11"/>
            <port dstActor="D0N26" name="p29" srcActor="D0N11"/>
            <port dstActor="D0N13" name="p30" srcActor="D0N4"/>
            <port dstActor="D0N16" name="p31" srcActor="D0N4"/>
            <port dstActor="D0N19" name="p32" srcActor="D0N4"/>
            <port dstActor="D0N21" name="p33" srcActor="D0N4"/>
            <port dstActor="D0N25" name="p34" srcActor="D0N1"/>
            <port dstActor="D0N26" name="p35" srcActor="D0N1"/>
            <port dstActor="D0N21" name="p36" srcActor="D0N1"/>
            <port dstActor="D0N14" name="p37" srcActor="D0N1"/>
            <port dstActor="D0N22" name="p38" srcActor="D0N1"/>
            <port dstActor="D0N46" name="p39" srcActor="D0N10"/>
            <port dstActor="D0N37" name="p40" srcActor="D0N10"/>
            <port dstActor="D0N14" name="p41" srcActor="D0N10"/>
            <port dstActor="D0N18" name="p42" srcActor="D0N15"/>
            <port dstActor="D0N46" name="p43" srcActor="D0N15"/>
            <port dstActor="D0N28" name="p44" srcActor="D0N15"/>
            <port dstActor="D0N39" name="p45" srcActor="D0N35"/>
            <port dstActor="D0N42" name="p46" srcActor="D0N35"/>
            <port dstActor="D0N36" name="p47" srcActor="D0N14"/>
            <port dstActor="D0N45" name="p48" srcActor="D0N44"/>
            <port dstActor="D0N37" name="p49" srcActor="D0N23"/>
            <port dstActor="D0N24" name="p50" srcActor="D0N17"/>
            <port dstActor="D0N16" name="p51" srcActor="D0N12"/>
            <port dstActor="D0N24" name="p52" srcActor="D0N12"/>
            <port dstActor="D0N40" name="p53" srcActor="D0N12"/>
            <port dstActor="D0N45" name="p54" srcActor="D0N9"/>
            <port dstActor="D0N20" name="p55" srcActor="D0N9"/>
            <port dstActor="D0N28" name="p56" srcActor="D0N9"/>
            <port dstActor="D0N12" name="p57" srcActor="D0N9"/>
            <port dstActor="D0N28" name="p58" srcActor="D0N25"/>
            <port dstActor="D0N43" name="p59" srcActor="D0N25"/>
            <port dstActor="D0N29" name="p60" srcActor="D0N25"/>
            <port dstActor="D0N39" name="p61" srcActor="D0N32"/>
            <port dstActor="D0N42" name="p62" srcActor="D0N32"/>
            <port dstActor="D0N33" name="p63" srcActor="D0N32"/>
            <port dstActor="D0N44" name="p64" srcActor="D0N24"/>
            <port dstActor="D0N34" name="p65" srcActor="D0N24"/>
            <port dstActor="D0N44" name="p66" srcActor="D0N33"/>
            <port dstActor="D0N37" name="p67" srcActor="D0N33"/>
            <port dstActor="D0N42" name="p68" srcActor="D0N33"/>
            <port dstActor="D0N41" name="p69" srcActor="D0N7"/>
            <port dstActor="D0N44" name="p70" srcActor="D0N7"/>
            <port dstActor="D0N29" name="p71" srcActor="D0N7"/>
            <port dstActor="D0N20" name="p72" srcActor="D0N7"/>
            <port dstActor="D0N24" name="p73" srcActor="D0N16"/>
            <port dstActor="D0N17" name="p74" srcActor="D0N16"/>
            <port dstActor="D0N44" name="p75" srcActor="D0N31"/>
            <port dstActor="D0N33" name="p76" srcActor="D0N31"/>
            <port dstActor="D0N4" name="p77" srcActor="D0N2"/>
            <port dstActor="D0N35" name="p78" srcActor="D0N2"/>
            <port dstActor="D0N6" name="p79" srcActor="D0N2"/>
            <port dstActor="D0N31" name="p80" srcActor="D0N2"/>
            <port dstActor="D0N5" name="p81" srcActor="D0N2"/>
            <port dstActor="D0N15" name="p82" srcActor="D0N2"/>
            <port dstActor="D0N10" name="p83" srcActor="D0N2"/>
            <port dstActor="D0N32" name="p84" srcActor="D0N29"/>
            <port dstActor="D0N30" name="p85" srcActor="D0N29"/>
            <port dstActor="D0N46" name="p86" srcActor="D0N39"/>
            <port dstActor="D0N40" name="p87" srcActor="D0N39"/>
            <port dstActor="D0N45" name="p88" srcActor="D0N39"/>
            <port dstActor="D0N37" name="p89" srcActor="D0N19"/>
            <port dstActor="D0N32" name="p90" srcActor="D0N19"/>
            <port dstActor="D0N38" name="p91" srcActor="D0N19"/>
            <port dstActor="D0N11" name="p92" srcActor="D0N3"/>
            <port dstActor="D0N24" name="p93" srcActor="D0N3"/>
            <port dstActor="D0N25" name="p94" srcActor="D0N3"/>
            <port dstActor="D0N38" name="p95" srcActor="D0N3"/>
            <port dstActor="D0N29" name="p96" srcActor="D0N6"/>
            <port dstActor="D0N37" name="p97" srcActor="D0N6"/>
            <port dstActor="D0N15" name="p98" srcActor="D0N6"/>
            <port dstActor="D0N25" name="p99" srcActor="D0N6"/>
            <port dstActor="D0N33" name="p100" srcActor="D0N6"/>
            <port dstActor="D0N35" name="p101" srcActor="D0N6"/>
            <port dstActor="D0N39" name="p102" srcActor="D0N21"/>
            <port dstActor="D0N37" name="p103" srcActor="D0N21"/>
            <port dstActor="D0N45" name="p104" srcActor="D0N36"/>
            <port dstActor="D0N46" name="p105" srcActor="D0N40"/>
            <port dstActor="D0N41" name="p106" srcActor="D0N40"/>
        </ports>
    </mcdag>
    <cores number="3"/>
    <levels number="2"/>
</mcsystem>
