<?xml version="1.0" encoding="UTF-8" standalone="no"?>
<mcsystem>
    <mcdag deadline="1500" name="genned-0-ed-10.0-0">
        <actor name="D0N44">
            <wcet number="0">10</wcet>
            <wcet number="1">10</wcet>
            <maxpow number="0.6671423008480966"/>
            <maxpow number="0.6671423008480966"/>
            <fprob>0.0</fprob>
        </actor>
        <actor name="D0N33">
            <wcet number="0">150</wcet>
            <wcet number="1">150</wcet>
            <maxpow number="0.5215709716535109"/>
            <maxpow number="0.5215709716535109"/>
            <fprob>0.0</fprob>
        </actor>
        <actor name="D0N19">
            <wcet number="0">10</wcet>
            <wcet number="1">80</wcet>
            <maxpow number="0.47610623363989213"/>
            <maxpow number="0.47610623363989213"/>
            <fprob>0.0</fprob>
        </actor>
        <actor name="D0N34">
            <wcet number="0">10</wcet>
            <wcet number="1">10</wcet>
            <maxpow number="0.41627557196446097"/>
            <maxpow number="0.41627557196446097"/>
            <fprob>0.0</fprob>
        </actor>
        <actor name="D0N20">
            <wcet number="0">20</wcet>
            <wcet number="1">20</wcet>
            <maxpow number="0.4795884395453215"/>
            <maxpow number="0.4795884395453215"/>
            <fprob>0.0</fprob>
        </actor>
        <actor name="D0N29">
            <wcet number="0">80</wcet>
            <wcet number="1">90</wcet>
            <maxpow number="0.39071661583552053"/>
            <maxpow number="0.39071661583552053"/>
            <fprob>0.0</fprob>
        </actor>
        <actor name="D0N3">
            <wcet number="0">10</wcet>
            <wcet number="1">10</wcet>
            <maxpow number="0.6284447154184775"/>
            <maxpow number="0.6284447154184775"/>
            <fprob>0.0</fprob>
        </actor>
        <actor name="D0N18">
            <wcet number="0">190</wcet>
            <wcet number="1">300</wcet>
            <maxpow number="0.5949902820800164"/>
            <maxpow number="0.5949902820800164"/>
            <fprob>0.0</fprob>
        </actor>
        <actor name="D0N27">
            <wcet number="0">40</wcet>
            <wcet number="1">40</wcet>
            <maxpow number="0.45052251798572884"/>
            <maxpow number="0.45052251798572884"/>
            <fprob>0.0</fprob>
        </actor>
        <actor name="D0N39">
            <wcet number="0">10</wcet>
            <wcet number="1">70</wcet>
            <maxpow number="0.3725308563201218"/>
            <maxpow number="0.3725308563201218"/>
            <fprob>0.0</fprob>
        </actor>
        <actor name="D0N15">
            <wcet number="0">10</wcet>
            <wcet number="1">10</wcet>
            <maxpow number="0.3888150311587093"/>
            <maxpow number="0.3888150311587093"/>
            <fprob>0.0</fprob>
        </actor>
        <actor name="D0N37">
            <wcet number="0">80</wcet>
            <wcet number="1">80</wcet>
            <maxpow number="0.32281936786551413"/>
            <maxpow number="0.32281936786551413"/>
            <fprob>0.0</fprob>
        </actor>
        <actor name="D0N11">
            <wcet number="0">10</wcet>
            <wcet number="1">30</wcet>
            <maxpow number="0.6773700179515102"/>
            <maxpow number="0.6773700179515102"/>
            <fprob>0.0</fprob>
        </actor>
        <actor name="D0N0">
            <wcet number="0">120</wcet>
            <wcet number="1">220</wcet>
            <maxpow number="0.5008097868746524"/>
            <maxpow number="0.5008097868746524"/>
            <fprob>0.0</fprob>
        </actor>
        <actor name="D0N16">
            <wcet number="0">60</wcet>
            <wcet number="1">140</wcet>
            <maxpow number="0.41102057059307673"/>
            <maxpow number="0.41102057059307673"/>
            <fprob>0.0</fprob>
        </actor>
        <actor name="D0N2">
            <wcet number="0">20</wcet>
            <wcet number="1">40</wcet>
            <maxpow number="0.4953561296832251"/>
            <maxpow number="0.4953561296832251"/>
            <fprob>0.0</fprob>
        </actor>
        <actor name="D0N32">
            <wcet number="0">70</wcet>
            <wcet number="1">80</wcet>
            <maxpow number="0.4217559897531452"/>
            <maxpow number="0.4217559897531452"/>
            <fprob>0.0</fprob>
        </actor>
        <actor name="D0N1">
            <wcet number="0">40</wcet>
            <wcet number="1">100</wcet>
            <maxpow number="0.7627938856540908"/>
            <maxpow number="0.7627938856540908"/>
            <fprob>0.0</fprob>
        </actor>
        <actor name="D0N6">
            <wcet number="0">70</wcet>
            <wcet number="1">70</wcet>
            <maxpow number="0.5621544262688306"/>
            <maxpow number="0.5621544262688306"/>
            <fprob>0.0</fprob>
        </actor>
        <actor name="D0N24">
            <wcet number="0">20</wcet>
            <wcet number="1">40</wcet>
            <maxpow number="0.5018719010074139"/>
            <maxpow number="0.5018719010074139"/>
            <fprob>0.0</fprob>
        </actor>
        <actor name="D0N45">
            <wcet number="0">20</wcet>
            <wcet number="1">40</wcet>
            <maxpow number="0.5143864945538708"/>
            <maxpow number="0.5143864945538708"/>
            <fprob>0.0</fprob>
        </actor>
        <actor name="D0N17">
            <wcet number="0">80</wcet>
            <wcet number="1">120</wcet>
            <maxpow number="0.6555954302659235"/>
            <maxpow number="0.6555954302659235"/>
            <fprob>0.0</fprob>
        </actor>
        <actor name="D0N25">
            <wcet number="0">10</wcet>
            <wcet number="1">30</wcet>
            <maxpow number="0.4367376837022735"/>
            <maxpow number="0.4367376837022735"/>
            <fprob>0.0</fprob>
        </actor>
        <actor name="D0N36">
            <wcet number="0">80</wcet>
            <wcet number="1">120</wcet>
            <maxpow number="0.6434379099669923"/>
            <maxpow number="0.6434379099669923"/>
            <fprob>0.0</fprob>
        </actor>
        <actor name="D0N26">
            <wcet number="0">110</wcet>
            <wcet number="1">110</wcet>
            <maxpow number="0.5031895907175683"/>
            <maxpow number="0.5031895907175683"/>
            <fprob>0.0</fprob>
        </actor>
        <actor name="D0N40">
            <wcet number="0">30</wcet>
            <wcet number="1">30</wcet>
            <maxpow number="0.36477663193522714"/>
            <maxpow number="0.36477663193522714"/>
            <fprob>0.0</fprob>
        </actor>
        <actor name="D0N7">
            <wcet number="0">40</wcet>
            <wcet number="1">40</wcet>
            <maxpow number="0.6680151267395245"/>
            <maxpow number="0.6680151267395245"/>
            <fprob>0.0</fprob>
        </actor>
        <actor name="D0N4">
            <wcet number="0">40</wcet>
            <wcet number="1">40</wcet>
            <maxpow number="0.57785726704577"/>
            <maxpow number="0.57785726704577"/>
            <fprob>0.0</fprob>
        </actor>
        <actor name="D0N43">
            <wcet number="0">20</wcet>
            <wcet number="1">50</wcet>
            <maxpow number="0.6053682362449762"/>
            <maxpow number="0.6053682362449762"/>
            <fprob>0.0</fprob>
        </actor>
        <actor name="D0N5">
            <wcet number="0">10</wcet>
            <wcet number="1">10</wcet>
            <maxpow number="0.5041309460737098"/>
            <maxpow number="0.5041309460737098"/>
            <fprob>0.0</fprob>
        </actor>
        <actor name="D0N9">
            <wcet number="0">10</wcet>
            <wcet number="1">10</wcet>
            <maxpow number="0.34658583429364614"/>
            <maxpow number="0.34658583429364614"/>
            <fprob>0.0</fprob>
        </actor>
        <actor name="D0N38">
            <wcet number="0">20</wcet>
            <wcet number="1">50</wcet>
            <maxpow number="0.4841839540914467"/>
            <maxpow number="0.4841839540914467"/>
            <fprob>0.0</fprob>
        </actor>
        <actor name="D0N41">
            <wcet number="0">20</wcet>
            <wcet number="1">50</wcet>
            <maxpow number="0.4453862858321407"/>
            <maxpow number="0.4453862858321407"/>
            <fprob>0.0</fprob>
        </actor>
        <actor name="D0N28">
            <wcet number="0">20</wcet>
            <wcet number="1">30</wcet>
            <maxpow number="0.35190891118861367"/>
            <maxpow number="0.35190891118861367"/>
            <fprob>0.0</fprob>
        </actor>
        <actor name="D0N21">
            <wcet number="0">20</wcet>
            <wcet number="1">40</wcet>
            <maxpow number="0.5661705007488016"/>
            <maxpow number="0.5661705007488016"/>
            <fprob>0.0</fprob>
        </actor>
        <actor name="D0N14">
            <wcet number="0">20</wcet>
            <wcet number="1">60</wcet>
            <maxpow number="0.7294272164294766"/>
            <maxpow number="0.7294272164294766"/>
            <fprob>0.0</fprob>
        </actor>
        <actor name="D0N8">
            <wcet number="0">40</wcet>
            <wcet number="1">40</wcet>
            <maxpow number="0.4799384259200148"/>
            <maxpow number="0.4799384259200148"/>
            <fprob>0.0</fprob>
        </actor>
        <actor name="D0N10">
            <wcet number="0">80</wcet>
            <wcet number="1">180</wcet>
            <maxpow number="0.7638205760930417"/>
            <maxpow number="0.7638205760930417"/>
            <fprob>0.0</fprob>
        </actor>
        <actor name="D0N22">
            <wcet number="0">30</wcet>
            <wcet number="1">50</wcet>
            <maxpow number="0.549747267904346"/>
            <maxpow number="0.549747267904346"/>
            <fprob>0.0</fprob>
        </actor>
        <actor name="D0N13">
            <wcet number="0">20</wcet>
            <wcet number="1">20</wcet>
            <maxpow number="0.34328791179736756"/>
            <maxpow number="0.34328791179736756"/>
            <fprob>0.0</fprob>
        </actor>
        <actor name="D0N31">
            <wcet number="0">170</wcet>
            <wcet number="1">190</wcet>
            <maxpow number="0.7188772386130414"/>
            <maxpow number="0.7188772386130414"/>
            <fprob>0.0</fprob>
        </actor>
        <actor name="D0N23">
            <wcet number="0">50</wcet>
            <wcet number="1">100</wcet>
            <maxpow number="0.6831085133992107"/>
            <maxpow number="0.6831085133992107"/>
            <fprob>0.0</fprob>
        </actor>
        <actor name="D0N12">
            <wcet number="0">20</wcet>
            <wcet number="1">40</wcet>
            <maxpow number="0.9254566961927104"/>
            <maxpow number="0.9254566961927104"/>
            <fprob>0.0</fprob>
        </actor>
        <actor name="D0N42">
            <wcet number="0">40</wcet>
            <wcet number="1">40</wcet>
            <maxpow number="0.44550101757453553"/>
            <maxpow number="0.44550101757453553"/>
            <fprob>0.0</fprob>
        </actor>
        <actor name="D0N30">
            <wcet number="0">70</wcet>
            <wcet number="1">120</wcet>
            <maxpow number="0.6517743279212012"/>
            <maxpow number="0.6517743279212012"/>
            <fprob>0.0</fprob>
        </actor>
        <actor name="D0N35">
            <wcet number="0">190</wcet>
            <wcet number="1">250</wcet>
            <maxpow number="0.31923530601405303"/>
            <maxpow number="0.31923530601405303"/>
            <fprob>0.0</fprob>
        </actor>
        <ports>
            <port dstActor="D0N37" name="p0" srcActor="D0N33"/>
            <port dstActor="D0N42" name="p1" srcActor="D0N33"/>
            <port dstActor="D0N23" name="p2" srcActor="D0N19"/>
            <port dstActor="D0N31" name="p3" srcActor="D0N19"/>
            <port dstActor="D0N39" name="p4" srcActor="D0N19"/>
            <port dstActor="D0N36" name="p5" srcActor="D0N34"/>
            <port dstActor="D0N45" name="p6" srcActor="D0N20"/>
            <port dstActor="D0N33" name="p7" srcActor="D0N29"/>
            <port dstActor="D0N38" name="p8" srcActor="D0N3"/>
            <port dstActor="D0N20" name="p9" srcActor="D0N18"/>
            <port dstActor="D0N31" name="p10" srcActor="D0N27"/>
            <port dstActor="D0N37" name="p11" srcActor="D0N27"/>
            <port dstActor="D0N42" name="p12" srcActor="D0N27"/>
            <port dstActor="D0N41" name="p13" srcActor="D0N27"/>
            <port dstActor="D0N43" name="p14" srcActor="D0N39"/>
            <port dstActor="D0N23" name="p15" srcActor="D0N15"/>
            <port dstActor="D0N25" name="p16" srcActor="D0N15"/>
            <port dstActor="D0N28" name="p17" srcActor="D0N15"/>
            <port dstActor="D0N45" name="p18" srcActor="D0N37"/>
            <port dstActor="D0N44" name="p19" srcActor="D0N37"/>
            <port dstActor="D0N39" name="p20" srcActor="D0N37"/>
            <port dstActor="D0N17" name="p21" srcActor="D0N11"/>
            <port dstActor="D0N16" name="p22" srcActor="D0N11"/>
            <port dstActor="D0N24" name="p23" srcActor="D0N11"/>
            <port dstActor="D0N15" name="p24" srcActor="D0N0"/>
            <port dstActor="D0N25" name="p25" srcActor="D0N0"/>
            <port dstActor="D0N35" name="p26" srcActor="D0N0"/>
            <port dstActor="D0N40" name="p27" srcActor="D0N0"/>
            <port dstActor="D0N39" name="p28" srcActor="D0N0"/>
            <port dstActor="D0N42" name="p29" srcActor="D0N16"/>
            <port dstActor="D0N8" name="p30" srcActor="D0N2"/>
            <port dstActor="D0N7" name="p31" srcActor="D0N2"/>
            <port dstActor="D0N9" name="p32" srcActor="D0N2"/>
            <port dstActor="D0N32" name="p33" srcActor="D0N2"/>
            <port dstActor="D0N43" name="p34" srcActor="D0N2"/>
            <port dstActor="D0N3" name="p35" srcActor="D0N2"/>
            <port dstActor="D0N33" name="p36" srcActor="D0N2"/>
            <port dstActor="D0N26" name="p37" srcActor="D0N2"/>
            <port dstActor="D0N39" name="p38" srcActor="D0N2"/>
            <port dstActor="D0N29" name="p39" srcActor="D0N1"/>
            <port dstActor="D0N15" name="p40" srcActor="D0N1"/>
            <port dstActor="D0N23" name="p41" srcActor="D0N1"/>
            <port dstActor="D0N33" name="p42" srcActor="D0N1"/>
            <port dstActor="D0N11" name="p43" srcActor="D0N6"/>
            <port dstActor="D0N12" name="p44" srcActor="D0N6"/>
            <port dstActor="D0N40" name="p45" srcActor="D0N24"/>
            <port dstActor="D0N41" name="p46" srcActor="D0N24"/>
            <port dstActor="D0N25" name="p47" srcActor="D0N17"/>
            <port dstActor="D0N32" name="p48" srcActor="D0N17"/>
            <port dstActor="D0N22" name="p49" srcActor="D0N17"/>
            <port dstActor="D0N20" name="p50" srcActor="D0N17"/>
            <port dstActor="D0N33" name="p51" srcActor="D0N17"/>
            <port dstActor="D0N18" name="p52" srcActor="D0N17"/>
            <port dstActor="D0N41" name="p53" srcActor="D0N25"/>
            <port dstActor="D0N40" name="p54" srcActor="D0N25"/>
            <port dstActor="D0N38" name="p55" srcActor="D0N36"/>
            <port dstActor="D0N29" name="p56" srcActor="D0N26"/>
            <port dstActor="D0N40" name="p57" srcActor="D0N26"/>
            <port dstActor="D0N39" name="p58" srcActor="D0N26"/>
            <port dstActor="D0N43" name="p59" srcActor="D0N7"/>
            <port dstActor="D0N8" name="p60" srcActor="D0N7"/>
            <port dstActor="D0N40" name="p61" srcActor="D0N7"/>
            <port dstActor="D0N19" name="p62" srcActor="D0N7"/>
            <port dstActor="D0N28" name="p63" srcActor="D0N7"/>
            <port dstActor="D0N13" name="p64" srcActor="D0N4"/>
            <port dstActor="D0N30" name="p65" srcActor="D0N4"/>
            <port dstActor="D0N5" name="p66" srcActor="D0N4"/>
            <port dstActor="D0N16" name="p67" srcActor="D0N4"/>
            <port dstActor="D0N35" name="p68" srcActor="D0N4"/>
            <port dstActor="D0N37" name="p69" srcActor="D0N4"/>
            <port dstActor="D0N36" name="p70" srcActor="D0N5"/>
            <port dstActor="D0N14" name="p71" srcActor="D0N5"/>
            <port dstActor="D0N42" name="p72" srcActor="D0N5"/>
            <port dstActor="D0N20" name="p73" srcActor="D0N5"/>
            <port dstActor="D0N10" name="p74" srcActor="D0N9"/>
            <port dstActor="D0N40" name="p75" srcActor="D0N9"/>
            <port dstActor="D0N13" name="p76" srcActor="D0N9"/>
            <port dstActor="D0N39" name="p77" srcActor="D0N38"/>
            <port dstActor="D0N23" name="p78" srcActor="D0N21"/>
            <port dstActor="D0N39" name="p79" srcActor="D0N14"/>
            <port dstActor="D0N18" name="p80" srcActor="D0N14"/>
            <port dstActor="D0N42" name="p81" srcActor="D0N8"/>
            <port dstActor="D0N13" name="p82" srcActor="D0N10"/>
            <port dstActor="D0N36" name="p83" srcActor="D0N10"/>
            <port dstActor="D0N23" name="p84" srcActor="D0N10"/>
            <port dstActor="D0N31" name="p85" srcActor="D0N10"/>
            <port dstActor="D0N45" name="p86" srcActor="D0N10"/>
            <port dstActor="D0N43" name="p87" srcActor="D0N22"/>
            <port dstActor="D0N15" name="p88" srcActor="D0N13"/>
            <port dstActor="D0N17" name="p89" srcActor="D0N13"/>
            <port dstActor="D0N39" name="p90" srcActor="D0N13"/>
            <port dstActor="D0N26" name="p91" srcActor="D0N13"/>
            <port dstActor="D0N40" name="p92" srcActor="D0N31"/>
            <port dstActor="D0N35" name="p93" srcActor="D0N23"/>
            <port dstActor="D0N24" name="p94" srcActor="D0N23"/>
            <port dstActor="D0N33" name="p95" srcActor="D0N23"/>
            <port dstActor="D0N31" name="p96" srcActor="D0N23"/>
            <port dstActor="D0N41" name="p97" srcActor="D0N12"/>
            <port dstActor="D0N43" name="p98" srcActor="D0N42"/>
            <port dstActor="D0N40" name="p99" srcActor="D0N30"/>
            <port dstActor="D0N38" name="p100" srcActor="D0N35"/>
            <port dstActor="D0N41" name="p101" srcActor="D0N35"/>
        </ports>
    </mcdag>
    <cores number="3"/>
    <levels number="2"/>
</mcsystem>
