<?xml version="1.0" encoding="UTF-8" standalone="no"?>
<mcsystem>
    <mcdag deadline="3000" name="genned-0-ed-10.0-0">
        <actor name="D0N45">
            <wcet number="0">60</wcet>
            <wcet number="1">60</wcet>
            <maxpow number="0.40296735461792976"/>
            <maxpow number="0.40296735461792976"/>
            <fprob>0.0</fprob>
        </actor>
        <actor name="D0N43">
            <wcet number="0">140</wcet>
            <wcet number="1">280</wcet>
            <maxpow number="0.4268505035119214"/>
            <maxpow number="0.4268505035119214"/>
            <fprob>0.0</fprob>
        </actor>
        <actor name="D0N22">
            <wcet number="0">100</wcet>
            <wcet number="1">120</wcet>
            <maxpow number="0.49365898486332227"/>
            <maxpow number="0.49365898486332227"/>
            <fprob>0.0</fprob>
        </actor>
        <actor name="D0N29">
            <wcet number="0">100</wcet>
            <wcet number="1">110</wcet>
            <maxpow number="0.6030444976304865"/>
            <maxpow number="0.6030444976304865"/>
            <fprob>0.0</fprob>
        </actor>
        <actor name="D0N32">
            <wcet number="0">80</wcet>
            <wcet number="1">90</wcet>
            <maxpow number="0.6314020501675816"/>
            <maxpow number="0.6314020501675816"/>
            <fprob>0.0</fprob>
        </actor>
        <actor name="D0N39">
            <wcet number="0">90</wcet>
            <wcet number="1">130</wcet>
            <maxpow number="0.5333029177600989"/>
            <maxpow number="0.5333029177600989"/>
            <fprob>0.0</fprob>
        </actor>
        <actor name="D0N13">
            <wcet number="0">20</wcet>
            <wcet number="1">30</wcet>
            <maxpow number="0.4387799342355326"/>
            <maxpow number="0.4387799342355326"/>
            <fprob>0.0</fprob>
        </actor>
        <actor name="D0N38">
            <wcet number="0">40</wcet>
            <wcet number="1">60</wcet>
            <maxpow number="0.5003397427690763"/>
            <maxpow number="0.5003397427690763"/>
            <fprob>0.0</fprob>
        </actor>
        <actor name="D0N36">
            <wcet number="0">20</wcet>
            <wcet number="1">310</wcet>
            <maxpow number="0.5218836562048377"/>
            <maxpow number="0.5218836562048377"/>
            <fprob>0.0</fprob>
        </actor>
        <actor name="D0N5">
            <wcet number="0">20</wcet>
            <wcet number="1">120</wcet>
            <maxpow number="0.5061510861352803"/>
            <maxpow number="0.5061510861352803"/>
            <fprob>0.0</fprob>
        </actor>
        <actor name="D0N3">
            <wcet number="0">20</wcet>
            <wcet number="1">130</wcet>
            <maxpow number="0.39601170644965716"/>
            <maxpow number="0.39601170644965716"/>
            <fprob>0.0</fprob>
        </actor>
        <actor name="D0N16">
            <wcet number="0">40</wcet>
            <wcet number="1">90</wcet>
            <maxpow number="0.545255740637059"/>
            <maxpow number="0.545255740637059"/>
            <fprob>0.0</fprob>
        </actor>
        <actor name="D0N1">
            <wcet number="0">20</wcet>
            <wcet number="1">50</wcet>
            <maxpow number="0.7137883128612722"/>
            <maxpow number="0.7137883128612722"/>
            <fprob>0.0</fprob>
        </actor>
        <actor name="D0N19">
            <wcet number="0">80</wcet>
            <wcet number="1">180</wcet>
            <maxpow number="0.7620546560182211"/>
            <maxpow number="0.7620546560182211"/>
            <fprob>0.0</fprob>
        </actor>
        <actor name="D0N27">
            <wcet number="0">350</wcet>
            <wcet number="1">360</wcet>
            <maxpow number="0.485017217573311"/>
            <maxpow number="0.485017217573311"/>
            <fprob>0.0</fprob>
        </actor>
        <actor name="D0N42">
            <wcet number="0">30</wcet>
            <wcet number="1">30</wcet>
            <maxpow number="0.15975723392047564"/>
            <maxpow number="0.15975723392047564"/>
            <fprob>0.0</fprob>
        </actor>
        <actor name="D0N44">
            <wcet number="0">30</wcet>
            <wcet number="1">30</wcet>
            <maxpow number="0.3085135838339564"/>
            <maxpow number="0.3085135838339564"/>
            <fprob>0.0</fprob>
        </actor>
        <actor name="D0N6">
            <wcet number="0">30</wcet>
            <wcet number="1">50</wcet>
            <maxpow number="0.6673163274790661"/>
            <maxpow number="0.6673163274790661"/>
            <fprob>0.0</fprob>
        </actor>
        <actor name="D0N26">
            <wcet number="0">20</wcet>
            <wcet number="1">20</wcet>
            <maxpow number="0.38866291449421153"/>
            <maxpow number="0.38866291449421153"/>
            <fprob>0.0</fprob>
        </actor>
        <actor name="D0N10">
            <wcet number="0">10</wcet>
            <wcet number="1">20</wcet>
            <maxpow number="0.5228935469725714"/>
            <maxpow number="0.5228935469725714"/>
            <fprob>0.0</fprob>
        </actor>
        <actor name="D0N35">
            <wcet number="0">10</wcet>
            <wcet number="1">110</wcet>
            <maxpow number="0.5969690057596091"/>
            <maxpow number="0.5969690057596091"/>
            <fprob>0.0</fprob>
        </actor>
        <actor name="D0N34">
            <wcet number="0">130</wcet>
            <wcet number="1">150</wcet>
            <maxpow number="0.5119674409322458"/>
            <maxpow number="0.5119674409322458"/>
            <fprob>0.0</fprob>
        </actor>
        <actor name="D0N11">
            <wcet number="0">30</wcet>
            <wcet number="1">70</wcet>
            <maxpow number="0.4269871378373356"/>
            <maxpow number="0.4269871378373356"/>
            <fprob>0.0</fprob>
        </actor>
        <actor name="D0N14">
            <wcet number="0">30</wcet>
            <wcet number="1">210</wcet>
            <maxpow number="0.34605194895561064"/>
            <maxpow number="0.34605194895561064"/>
            <fprob>0.0</fprob>
        </actor>
        <actor name="D0N18">
            <wcet number="0">140</wcet>
            <wcet number="1">170</wcet>
            <maxpow number="0.60738081493174"/>
            <maxpow number="0.60738081493174"/>
            <fprob>0.0</fprob>
        </actor>
        <actor name="D0N25">
            <wcet number="0">30</wcet>
            <wcet number="1">40</wcet>
            <maxpow number="0.5446107238288889"/>
            <maxpow number="0.5446107238288889"/>
            <fprob>0.0</fprob>
        </actor>
        <actor name="D0N8">
            <wcet number="0">100</wcet>
            <wcet number="1">110</wcet>
            <maxpow number="0.20801393739695684"/>
            <maxpow number="0.20801393739695684"/>
            <fprob>0.0</fprob>
        </actor>
        <actor name="D0N2">
            <wcet number="0">40</wcet>
            <wcet number="1">50</wcet>
            <maxpow number="0.8627441826549616"/>
            <maxpow number="0.8627441826549616"/>
            <fprob>0.0</fprob>
        </actor>
        <actor name="D0N24">
            <wcet number="0">10</wcet>
            <wcet number="1">200</wcet>
            <maxpow number="0.40928406279657287"/>
            <maxpow number="0.40928406279657287"/>
            <fprob>0.0</fprob>
        </actor>
        <actor name="D0N4">
            <wcet number="0">130</wcet>
            <wcet number="1">230</wcet>
            <maxpow number="0.3246395706014181"/>
            <maxpow number="0.3246395706014181"/>
            <fprob>0.0</fprob>
        </actor>
        <actor name="D0N21">
            <wcet number="0">10</wcet>
            <wcet number="1">10</wcet>
            <maxpow number="0.3635411109820961"/>
            <maxpow number="0.3635411109820961"/>
            <fprob>0.0</fprob>
        </actor>
        <actor name="D0N0">
            <wcet number="0">20</wcet>
            <wcet number="1">160</wcet>
            <maxpow number="0.6254452061189002"/>
            <maxpow number="0.6254452061189002"/>
            <fprob>0.0</fprob>
        </actor>
        <actor name="D0N15">
            <wcet number="0">50</wcet>
            <wcet number="1">50</wcet>
            <maxpow number="0.7073171199607613"/>
            <maxpow number="0.7073171199607613"/>
            <fprob>0.0</fprob>
        </actor>
        <actor name="D0N31">
            <wcet number="0">60</wcet>
            <wcet number="1">370</wcet>
            <maxpow number="0.5045916480836322"/>
            <maxpow number="0.5045916480836322"/>
            <fprob>0.0</fprob>
        </actor>
        <actor name="D0N30">
            <wcet number="0">40</wcet>
            <wcet number="1">80</wcet>
            <maxpow number="0.8958470342644107"/>
            <maxpow number="0.8958470342644107"/>
            <fprob>0.0</fprob>
        </actor>
        <actor name="D0N7">
            <wcet number="0">20</wcet>
            <wcet number="1">30</wcet>
            <maxpow number="0.9510300628008144"/>
            <maxpow number="0.9510300628008144"/>
            <fprob>0.0</fprob>
        </actor>
        <actor name="D0N40">
            <wcet number="0">290</wcet>
            <wcet number="1">470</wcet>
            <maxpow number="0.4707271539509596"/>
            <maxpow number="0.4707271539509596"/>
            <fprob>0.0</fprob>
        </actor>
        <actor name="D0N9">
            <wcet number="0">10</wcet>
            <wcet number="1">120</wcet>
            <maxpow number="0.6747123958749723"/>
            <maxpow number="0.6747123958749723"/>
            <fprob>0.0</fprob>
        </actor>
        <actor name="D0N17">
            <wcet number="0">50</wcet>
            <wcet number="1">90</wcet>
            <maxpow number="0.23027990005538068"/>
            <maxpow number="0.23027990005538068"/>
            <fprob>0.0</fprob>
        </actor>
        <actor name="D0N33">
            <wcet number="0">40</wcet>
            <wcet number="1">70</wcet>
            <maxpow number="0.9022872663547199"/>
            <maxpow number="0.9022872663547199"/>
            <fprob>0.0</fprob>
        </actor>
        <actor name="D0N23">
            <wcet number="0">170</wcet>
            <wcet number="1">230</wcet>
            <maxpow number="0.5313886109488352"/>
            <maxpow number="0.5313886109488352"/>
            <fprob>0.0</fprob>
        </actor>
        <actor name="D0N20">
            <wcet number="0">30</wcet>
            <wcet number="1">30</wcet>
            <maxpow number="0.7394919673571714"/>
            <maxpow number="0.7394919673571714"/>
            <fprob>0.0</fprob>
        </actor>
        <actor name="D0N46">
            <wcet number="0">250</wcet>
            <wcet number="1">310</wcet>
            <maxpow number="0.6047213548028371"/>
            <maxpow number="0.6047213548028371"/>
            <fprob>0.0</fprob>
        </actor>
        <actor name="D0N28">
            <wcet number="0">20</wcet>
            <wcet number="1">200</wcet>
            <maxpow number="0.6097356735478147"/>
            <maxpow number="0.6097356735478147"/>
            <fprob>0.0</fprob>
        </actor>
        <actor name="D0N12">
            <wcet number="0">320</wcet>
            <wcet number="1">410</wcet>
            <maxpow number="0.3441606600925863"/>
            <maxpow number="0.3441606600925863"/>
            <fprob>0.0</fprob>
        </actor>
        <actor name="D0N37">
            <wcet number="0">60</wcet>
            <wcet number="1">130</wcet>
            <maxpow number="0.44344759759818786"/>
            <maxpow number="0.44344759759818786"/>
            <fprob>0.0</fprob>
        </actor>
        <actor name="D0N41">
            <wcet number="0">40</wcet>
            <wcet number="1">230</wcet>
            <maxpow number="0.5002461998145922"/>
            <maxpow number="0.5002461998145922"/>
            <fprob>0.0</fprob>
        </actor>
        <ports>
            <port dstActor="D0N31" name="p0" srcActor="D0N22"/>
            <port dstActor="D0N32" name="p1" srcActor="D0N22"/>
            <port dstActor="D0N44" name="p2" srcActor="D0N29"/>
            <port dstActor="D0N46" name="p3" srcActor="D0N29"/>
            <port dstActor="D0N39" name="p4" srcActor="D0N29"/>
            <port dstActor="D0N37" name="p5" srcActor="D0N29"/>
            <port dstActor="D0N38" name="p6" srcActor="D0N29"/>
            <port dstActor="D0N42" name="p7" srcActor="D0N29"/>
            <port dstActor="D0N39" name="p8" srcActor="D0N32"/>
            <port dstActor="D0N45" name="p9" srcActor="D0N32"/>
            <port dstActor="D0N35" name="p10" srcActor="D0N13"/>
            <port dstActor="D0N33" name="p11" srcActor="D0N13"/>
            <port dstActor="D0N42" name="p12" srcActor="D0N38"/>
            <port dstActor="D0N28" name="p13" srcActor="D0N5"/>
            <port dstActor="D0N31" name="p14" srcActor="D0N5"/>
            <port dstActor="D0N30" name="p15" srcActor="D0N5"/>
            <port dstActor="D0N21" name="p16" srcActor="D0N5"/>
            <port dstActor="D0N7" name="p17" srcActor="D0N3"/>
            <port dstActor="D0N8" name="p18" srcActor="D0N3"/>
            <port dstActor="D0N28" name="p19" srcActor="D0N3"/>
            <port dstActor="D0N25" name="p20" srcActor="D0N3"/>
            <port dstActor="D0N43" name="p21" srcActor="D0N3"/>
            <port dstActor="D0N32" name="p22" srcActor="D0N3"/>
            <port dstActor="D0N24" name="p23" srcActor="D0N3"/>
            <port dstActor="D0N45" name="p24" srcActor="D0N3"/>
            <port dstActor="D0N32" name="p25" srcActor="D0N16"/>
            <port dstActor="D0N3" name="p26" srcActor="D0N1"/>
            <port dstActor="D0N22" name="p27" srcActor="D0N1"/>
            <port dstActor="D0N36" name="p28" srcActor="D0N1"/>
            <port dstActor="D0N30" name="p29" srcActor="D0N1"/>
            <port dstActor="D0N4" name="p30" srcActor="D0N1"/>
            <port dstActor="D0N23" name="p31" srcActor="D0N1"/>
            <port dstActor="D0N38" name="p32" srcActor="D0N1"/>
            <port dstActor="D0N14" name="p33" srcActor="D0N1"/>
            <port dstActor="D0N18" name="p34" srcActor="D0N1"/>
            <port dstActor="D0N30" name="p35" srcActor="D0N19"/>
            <port dstActor="D0N24" name="p36" srcActor="D0N19"/>
            <port dstActor="D0N45" name="p37" srcActor="D0N19"/>
            <port dstActor="D0N31" name="p38" srcActor="D0N19"/>
            <port dstActor="D0N44" name="p39" srcActor="D0N27"/>
            <port dstActor="D0N45" name="p40" srcActor="D0N27"/>
            <port dstActor="D0N34" name="p41" srcActor="D0N27"/>
            <port dstActor="D0N36" name="p42" srcActor="D0N27"/>
            <port dstActor="D0N37" name="p43" srcActor="D0N27"/>
            <port dstActor="D0N32" name="p44" srcActor="D0N6"/>
            <port dstActor="D0N12" name="p45" srcActor="D0N6"/>
            <port dstActor="D0N44" name="p46" srcActor="D0N6"/>
            <port dstActor="D0N23" name="p47" srcActor="D0N6"/>
            <port dstActor="D0N8" name="p48" srcActor="D0N6"/>
            <port dstActor="D0N41" name="p49" srcActor="D0N26"/>
            <port dstActor="D0N35" name="p50" srcActor="D0N26"/>
            <port dstActor="D0N46" name="p51" srcActor="D0N10"/>
            <port dstActor="D0N18" name="p52" srcActor="D0N10"/>
            <port dstActor="D0N32" name="p53" srcActor="D0N10"/>
            <port dstActor="D0N36" name="p54" srcActor="D0N35"/>
            <port dstActor="D0N45" name="p55" srcActor="D0N35"/>
            <port dstActor="D0N46" name="p56" srcActor="D0N34"/>
            <port dstActor="D0N44" name="p57" srcActor="D0N34"/>
            <port dstActor="D0N21" name="p58" srcActor="D0N11"/>
            <port dstActor="D0N32" name="p59" srcActor="D0N11"/>
            <port dstActor="D0N24" name="p60" srcActor="D0N18"/>
            <port dstActor="D0N34" name="p61" srcActor="D0N18"/>
            <port dstActor="D0N20" name="p62" srcActor="D0N18"/>
            <port dstActor="D0N46" name="p63" srcActor="D0N18"/>
            <port dstActor="D0N36" name="p64" srcActor="D0N18"/>
            <port dstActor="D0N46" name="p65" srcActor="D0N25"/>
            <port dstActor="D0N27" name="p66" srcActor="D0N25"/>
            <port dstActor="D0N26" name="p67" srcActor="D0N25"/>
            <port dstActor="D0N40" name="p68" srcActor="D0N8"/>
            <port dstActor="D0N16" name="p69" srcActor="D0N8"/>
            <port dstActor="D0N5" name="p70" srcActor="D0N2"/>
            <port dstActor="D0N43" name="p71" srcActor="D0N2"/>
            <port dstActor="D0N25" name="p72" srcActor="D0N2"/>
            <port dstActor="D0N17" name="p73" srcActor="D0N2"/>
            <port dstActor="D0N33" name="p74" srcActor="D0N24"/>
            <port dstActor="D0N26" name="p75" srcActor="D0N24"/>
            <port dstActor="D0N15" name="p76" srcActor="D0N4"/>
            <port dstActor="D0N11" name="p77" srcActor="D0N4"/>
            <port dstActor="D0N35" name="p78" srcActor="D0N21"/>
            <port dstActor="D0N45" name="p79" srcActor="D0N21"/>
            <port dstActor="D0N4" name="p80" srcActor="D0N0"/>
            <port dstActor="D0N40" name="p81" srcActor="D0N0"/>
            <port dstActor="D0N27" name="p82" srcActor="D0N0"/>
            <port dstActor="D0N13" name="p83" srcActor="D0N0"/>
            <port dstActor="D0N7" name="p84" srcActor="D0N0"/>
            <port dstActor="D0N22" name="p85" srcActor="D0N15"/>
            <port dstActor="D0N30" name="p86" srcActor="D0N15"/>
            <port dstActor="D0N37" name="p87" srcActor="D0N31"/>
            <port dstActor="D0N43" name="p88" srcActor="D0N31"/>
            <port dstActor="D0N36" name="p89" srcActor="D0N30"/>
            <port dstActor="D0N14" name="p90" srcActor="D0N7"/>
            <port dstActor="D0N45" name="p91" srcActor="D0N7"/>
            <port dstActor="D0N37" name="p92" srcActor="D0N7"/>
            <port dstActor="D0N16" name="p93" srcActor="D0N7"/>
            <port dstActor="D0N33" name="p94" srcActor="D0N7"/>
            <port dstActor="D0N8" name="p95" srcActor="D0N7"/>
            <port dstActor="D0N38" name="p96" srcActor="D0N7"/>
            <port dstActor="D0N43" name="p97" srcActor="D0N40"/>
            <port dstActor="D0N30" name="p98" srcActor="D0N9"/>
            <port dstActor="D0N18" name="p99" srcActor="D0N9"/>
            <port dstActor="D0N38" name="p100" srcActor="D0N9"/>
            <port dstActor="D0N31" name="p101" srcActor="D0N17"/>
            <port dstActor="D0N30" name="p102" srcActor="D0N17"/>
            <port dstActor="D0N26" name="p103" srcActor="D0N17"/>
            <port dstActor="D0N35" name="p104" srcActor="D0N33"/>
            <port dstActor="D0N29" name="p105" srcActor="D0N23"/>
            <port dstActor="D0N35" name="p106" srcActor="D0N23"/>
            <port dstActor="D0N28" name="p107" srcActor="D0N23"/>
            <port dstActor="D0N45" name="p108" srcActor="D0N23"/>
            <port dstActor="D0N43" name="p109" srcActor="D0N20"/>
            <port dstActor="D0N24" name="p110" srcActor="D0N20"/>
            <port dstActor="D0N32" name="p111" srcActor="D0N20"/>
            <port dstActor="D0N42" name="p112" srcActor="D0N20"/>
            <port dstActor="D0N35" name="p113" srcActor="D0N28"/>
            <port dstActor="D0N18" name="p114" srcActor="D0N12"/>
            <port dstActor="D0N21" name="p115" srcActor="D0N12"/>
            <port dstActor="D0N16" name="p116" srcActor="D0N12"/>
            <port dstActor="D0N41" name="p117" srcActor="D0N12"/>
        </ports>
    </mcdag>
    <cores number="3"/>
    <levels number="2"/>
</mcsystem>
