<?xml version="1.0" encoding="UTF-8" standalone="no"?>
<mcsystem>
    <mcdag deadline="2500" name="genned-0-ed-10.0-0">
        <actor name="D0N35">
            <wcet number="0">190</wcet>
            <wcet number="1">190</wcet>
            <maxpow number="0.653378234654518"/>
            <maxpow number="0.653378234654518"/>
            <fprob>0.0</fprob>
        </actor>
        <actor name="D0N29">
            <wcet number="0">10</wcet>
            <wcet number="1">70</wcet>
            <maxpow number="0.6633795367478631"/>
            <maxpow number="0.6633795367478631"/>
            <fprob>0.0</fprob>
        </actor>
        <actor name="D0N45">
            <wcet number="0">40</wcet>
            <wcet number="1">40</wcet>
            <maxpow number="0.3378387948252615"/>
            <maxpow number="0.3378387948252615"/>
            <fprob>0.0</fprob>
        </actor>
        <actor name="D0N38">
            <wcet number="0">340</wcet>
            <wcet number="1">500</wcet>
            <maxpow number="0.34694732939416517"/>
            <maxpow number="0.34694732939416517"/>
            <fprob>0.0</fprob>
        </actor>
        <actor name="D0N4">
            <wcet number="0">10</wcet>
            <wcet number="1">220</wcet>
            <maxpow number="0.4610719955385861"/>
            <maxpow number="0.4610719955385861"/>
            <fprob>0.0</fprob>
        </actor>
        <actor name="D0N43">
            <wcet number="0">50</wcet>
            <wcet number="1">60</wcet>
            <maxpow number="0.30816694056156857"/>
            <maxpow number="0.30816694056156857"/>
            <fprob>0.0</fprob>
        </actor>
        <actor name="D0N14">
            <wcet number="0">140</wcet>
            <wcet number="1">150</wcet>
            <maxpow number="0.40429142846824956"/>
            <maxpow number="0.40429142846824956"/>
            <fprob>0.0</fprob>
        </actor>
        <actor name="D0N25">
            <wcet number="0">20</wcet>
            <wcet number="1">20</wcet>
            <maxpow number="1.0315055878323203"/>
            <maxpow number="1.0315055878323203"/>
            <fprob>0.0</fprob>
        </actor>
        <actor name="D0N41">
            <wcet number="0">10</wcet>
            <wcet number="1">10</wcet>
            <maxpow number="0.594591289601775"/>
            <maxpow number="0.594591289601775"/>
            <fprob>0.0</fprob>
        </actor>
        <actor name="D0N28">
            <wcet number="0">50</wcet>
            <wcet number="1">70</wcet>
            <maxpow number="0.685198770335937"/>
            <maxpow number="0.685198770335937"/>
            <fprob>0.0</fprob>
        </actor>
        <actor name="D0N40">
            <wcet number="0">10</wcet>
            <wcet number="1">10</wcet>
            <maxpow number="0.5478921478350951"/>
            <maxpow number="0.5478921478350951"/>
            <fprob>0.0</fprob>
        </actor>
        <actor name="D0N9">
            <wcet number="0">50</wcet>
            <wcet number="1">50</wcet>
            <maxpow number="0.8995529342678283"/>
            <maxpow number="0.8995529342678283"/>
            <fprob>0.0</fprob>
        </actor>
        <actor name="D0N21">
            <wcet number="0">50</wcet>
            <wcet number="1">90</wcet>
            <maxpow number="0.4256605592058837"/>
            <maxpow number="0.4256605592058837"/>
            <fprob>0.0</fprob>
        </actor>
        <actor name="D0N0">
            <wcet number="0">250</wcet>
            <wcet number="1">270</wcet>
            <maxpow number="0.5357276918954683"/>
            <maxpow number="0.5357276918954683"/>
            <fprob>0.0</fprob>
        </actor>
        <actor name="D0N11">
            <wcet number="0">20</wcet>
            <wcet number="1">140</wcet>
            <maxpow number="0.9424919056223777"/>
            <maxpow number="0.9424919056223777"/>
            <fprob>0.0</fprob>
        </actor>
        <actor name="D0N39">
            <wcet number="0">40</wcet>
            <wcet number="1">60</wcet>
            <maxpow number="0.5471864133404112"/>
            <maxpow number="0.5471864133404112"/>
            <fprob>0.0</fprob>
        </actor>
        <actor name="D0N42">
            <wcet number="0">60</wcet>
            <wcet number="1">140</wcet>
            <maxpow number="0.49204401034700573"/>
            <maxpow number="0.49204401034700573"/>
            <fprob>0.0</fprob>
        </actor>
        <actor name="D0N5">
            <wcet number="0">40</wcet>
            <wcet number="1">40</wcet>
            <maxpow number="0.2646604446665954"/>
            <maxpow number="0.2646604446665954"/>
            <fprob>0.0</fprob>
        </actor>
        <actor name="D0N46">
            <wcet number="0">20</wcet>
            <wcet number="1">50</wcet>
            <maxpow number="0.5094245032108607"/>
            <maxpow number="0.5094245032108607"/>
            <fprob>0.0</fprob>
        </actor>
        <actor name="D0N2">
            <wcet number="0">20</wcet>
            <wcet number="1">20</wcet>
            <maxpow number="0.6347193771396505"/>
            <maxpow number="0.6347193771396505"/>
            <fprob>0.0</fprob>
        </actor>
        <actor name="D0N8">
            <wcet number="0">50</wcet>
            <wcet number="1">70</wcet>
            <maxpow number="0.7718886065476218"/>
            <maxpow number="0.7718886065476218"/>
            <fprob>0.0</fprob>
        </actor>
        <actor name="D0N12">
            <wcet number="0">10</wcet>
            <wcet number="1">10</wcet>
            <maxpow number="0.28796711817569354"/>
            <maxpow number="0.28796711817569354"/>
            <fprob>0.0</fprob>
        </actor>
        <actor name="D0N36">
            <wcet number="0">130</wcet>
            <wcet number="1">210</wcet>
            <maxpow number="0.6344582461725479"/>
            <maxpow number="0.6344582461725479"/>
            <fprob>0.0</fprob>
        </actor>
        <actor name="D0N7">
            <wcet number="0">40</wcet>
            <wcet number="1">90</wcet>
            <maxpow number="0.8890830063261967"/>
            <maxpow number="0.8890830063261967"/>
            <fprob>0.0</fprob>
        </actor>
        <actor name="D0N47">
            <wcet number="0">50</wcet>
            <wcet number="1">80</wcet>
            <maxpow number="0.6849048107276111"/>
            <maxpow number="0.6849048107276111"/>
            <fprob>0.0</fprob>
        </actor>
        <actor name="D0N33">
            <wcet number="0">70</wcet>
            <wcet number="1">240</wcet>
            <maxpow number="0.5625831121001216"/>
            <maxpow number="0.5625831121001216"/>
            <fprob>0.0</fprob>
        </actor>
        <actor name="D0N23">
            <wcet number="0">10</wcet>
            <wcet number="1">20</wcet>
            <maxpow number="0.521438600516656"/>
            <maxpow number="0.521438600516656"/>
            <fprob>0.0</fprob>
        </actor>
        <actor name="D0N24">
            <wcet number="0">60</wcet>
            <wcet number="1">230</wcet>
            <maxpow number="0.4607685204091557"/>
            <maxpow number="0.4607685204091557"/>
            <fprob>0.0</fprob>
        </actor>
        <actor name="D0N13">
            <wcet number="0">10</wcet>
            <wcet number="1">20</wcet>
            <maxpow number="0.40113744758780384"/>
            <maxpow number="0.40113744758780384"/>
            <fprob>0.0</fprob>
        </actor>
        <actor name="D0N34">
            <wcet number="0">10</wcet>
            <wcet number="1">10</wcet>
            <maxpow number="0.5317197234937417"/>
            <maxpow number="0.5317197234937417"/>
            <fprob>0.0</fprob>
        </actor>
        <actor name="D0N37">
            <wcet number="0">30</wcet>
            <wcet number="1">70</wcet>
            <maxpow number="0.5225397422048171"/>
            <maxpow number="0.5225397422048171"/>
            <fprob>0.0</fprob>
        </actor>
        <actor name="D0N30">
            <wcet number="0">20</wcet>
            <wcet number="1">30</wcet>
            <maxpow number="0.6480147392892666"/>
            <maxpow number="0.6480147392892666"/>
            <fprob>0.0</fprob>
        </actor>
        <actor name="D0N3">
            <wcet number="0">330</wcet>
            <wcet number="1">330</wcet>
            <maxpow number="0.5859016326254742"/>
            <maxpow number="0.5859016326254742"/>
            <fprob>0.0</fprob>
        </actor>
        <actor name="D0N18">
            <wcet number="0">40</wcet>
            <wcet number="1">60</wcet>
            <maxpow number="0.5391149151514635"/>
            <maxpow number="0.5391149151514635"/>
            <fprob>0.0</fprob>
        </actor>
        <actor name="D0N22">
            <wcet number="0">10</wcet>
            <wcet number="1">40</wcet>
            <maxpow number="0.4798478517068516"/>
            <maxpow number="0.4798478517068516"/>
            <fprob>0.0</fprob>
        </actor>
        <actor name="D0N1">
            <wcet number="0">20</wcet>
            <wcet number="1">160</wcet>
            <maxpow number="0.2733861191315693"/>
            <maxpow number="0.2733861191315693"/>
            <fprob>0.0</fprob>
        </actor>
        <actor name="D0N32">
            <wcet number="0">40</wcet>
            <wcet number="1">50</wcet>
            <maxpow number="0.4141778075600303"/>
            <maxpow number="0.4141778075600303"/>
            <fprob>0.0</fprob>
        </actor>
        <actor name="D0N26">
            <wcet number="0">10</wcet>
            <wcet number="1">140</wcet>
            <maxpow number="0.645511897650088"/>
            <maxpow number="0.645511897650088"/>
            <fprob>0.0</fprob>
        </actor>
        <actor name="D0N16">
            <wcet number="0">30</wcet>
            <wcet number="1">30</wcet>
            <maxpow number="0.490866063074474"/>
            <maxpow number="0.490866063074474"/>
            <fprob>0.0</fprob>
        </actor>
        <actor name="D0N19">
            <wcet number="0">10</wcet>
            <wcet number="1">30</wcet>
            <maxpow number="0.6031784967266287"/>
            <maxpow number="0.6031784967266287"/>
            <fprob>0.0</fprob>
        </actor>
        <actor name="D0N31">
            <wcet number="0">10</wcet>
            <wcet number="1">10</wcet>
            <maxpow number="0.443599263687303"/>
            <maxpow number="0.443599263687303"/>
            <fprob>0.0</fprob>
        </actor>
        <actor name="D0N27">
            <wcet number="0">70</wcet>
            <wcet number="1">110</wcet>
            <maxpow number="0.4134743705759975"/>
            <maxpow number="0.4134743705759975"/>
            <fprob>0.0</fprob>
        </actor>
        <actor name="D0N44">
            <wcet number="0">90</wcet>
            <wcet number="1">190</wcet>
            <maxpow number="0.7710394521746726"/>
            <maxpow number="0.7710394521746726"/>
            <fprob>0.0</fprob>
        </actor>
        <actor name="D0N15">
            <wcet number="0">100</wcet>
            <wcet number="1">180</wcet>
            <maxpow number="0.34531943219388866"/>
            <maxpow number="0.34531943219388866"/>
            <fprob>0.0</fprob>
        </actor>
        <actor name="D0N10">
            <wcet number="0">10</wcet>
            <wcet number="1">50</wcet>
            <maxpow number="0.9778058644847469"/>
            <maxpow number="0.9778058644847469"/>
            <fprob>0.0</fprob>
        </actor>
        <actor name="D0N17">
            <wcet number="0">60</wcet>
            <wcet number="1">240</wcet>
            <maxpow number="0.6940465623149138"/>
            <maxpow number="0.6940465623149138"/>
            <fprob>0.0</fprob>
        </actor>
        <actor name="D0N20">
            <wcet number="0">50</wcet>
            <wcet number="1">90</wcet>
            <maxpow number="0.5610553927653142"/>
            <maxpow number="0.5610553927653142"/>
            <fprob>0.0</fprob>
        </actor>
        <actor name="D0N6">
            <wcet number="0">10</wcet>
            <wcet number="1">10</wcet>
            <maxpow number="0.4932226859412908"/>
            <maxpow number="0.4932226859412908"/>
            <fprob>0.0</fprob>
        </actor>
        <ports>
            <port dstActor="D0N42" name="p0" srcActor="D0N35"/>
            <port dstActor="D0N37" name="p1" srcActor="D0N35"/>
            <port dstActor="D0N43" name="p2" srcActor="D0N35"/>
            <port dstActor="D0N39" name="p3" srcActor="D0N35"/>
            <port dstActor="D0N44" name="p4" srcActor="D0N38"/>
            <port dstActor="D0N25" name="p5" srcActor="D0N4"/>
            <port dstActor="D0N43" name="p6" srcActor="D0N4"/>
            <port dstActor="D0N5" name="p7" srcActor="D0N4"/>
            <port dstActor="D0N32" name="p8" srcActor="D0N4"/>
            <port dstActor="D0N27" name="p9" srcActor="D0N4"/>
            <port dstActor="D0N17" name="p10" srcActor="D0N4"/>
            <port dstActor="D0N12" name="p11" srcActor="D0N4"/>
            <port dstActor="D0N22" name="p12" srcActor="D0N14"/>
            <port dstActor="D0N32" name="p13" srcActor="D0N14"/>
            <port dstActor="D0N23" name="p14" srcActor="D0N14"/>
            <port dstActor="D0N29" name="p15" srcActor="D0N14"/>
            <port dstActor="D0N17" name="p16" srcActor="D0N14"/>
            <port dstActor="D0N42" name="p17" srcActor="D0N25"/>
            <port dstActor="D0N28" name="p18" srcActor="D0N25"/>
            <port dstActor="D0N41" name="p19" srcActor="D0N28"/>
            <port dstActor="D0N14" name="p20" srcActor="D0N9"/>
            <port dstActor="D0N10" name="p21" srcActor="D0N9"/>
            <port dstActor="D0N43" name="p22" srcActor="D0N9"/>
            <port dstActor="D0N17" name="p23" srcActor="D0N9"/>
            <port dstActor="D0N36" name="p24" srcActor="D0N21"/>
            <port dstActor="D0N12" name="p25" srcActor="D0N0"/>
            <port dstActor="D0N33" name="p26" srcActor="D0N0"/>
            <port dstActor="D0N43" name="p27" srcActor="D0N0"/>
            <port dstActor="D0N14" name="p28" srcActor="D0N0"/>
            <port dstActor="D0N38" name="p29" srcActor="D0N0"/>
            <port dstActor="D0N45" name="p30" srcActor="D0N11"/>
            <port dstActor="D0N46" name="p31" srcActor="D0N11"/>
            <port dstActor="D0N14" name="p32" srcActor="D0N11"/>
            <port dstActor="D0N15" name="p33" srcActor="D0N11"/>
            <port dstActor="D0N13" name="p34" srcActor="D0N11"/>
            <port dstActor="D0N46" name="p35" srcActor="D0N42"/>
            <port dstActor="D0N46" name="p36" srcActor="D0N5"/>
            <port dstActor="D0N22" name="p37" srcActor="D0N2"/>
            <port dstActor="D0N42" name="p38" srcActor="D0N2"/>
            <port dstActor="D0N4" name="p39" srcActor="D0N2"/>
            <port dstActor="D0N5" name="p40" srcActor="D0N2"/>
            <port dstActor="D0N13" name="p41" srcActor="D0N2"/>
            <port dstActor="D0N30" name="p42" srcActor="D0N8"/>
            <port dstActor="D0N37" name="p43" srcActor="D0N8"/>
            <port dstActor="D0N19" name="p44" srcActor="D0N8"/>
            <port dstActor="D0N45" name="p45" srcActor="D0N8"/>
            <port dstActor="D0N29" name="p46" srcActor="D0N12"/>
            <port dstActor="D0N27" name="p47" srcActor="D0N12"/>
            <port dstActor="D0N39" name="p48" srcActor="D0N36"/>
            <port dstActor="D0N23" name="p49" srcActor="D0N7"/>
            <port dstActor="D0N43" name="p50" srcActor="D0N7"/>
            <port dstActor="D0N36" name="p51" srcActor="D0N7"/>
            <port dstActor="D0N18" name="p52" srcActor="D0N7"/>
            <port dstActor="D0N11" name="p53" srcActor="D0N7"/>
            <port dstActor="D0N37" name="p54" srcActor="D0N33"/>
            <port dstActor="D0N35" name="p55" srcActor="D0N33"/>
            <port dstActor="D0N44" name="p56" srcActor="D0N23"/>
            <port dstActor="D0N25" name="p57" srcActor="D0N24"/>
            <port dstActor="D0N27" name="p58" srcActor="D0N24"/>
            <port dstActor="D0N22" name="p59" srcActor="D0N13"/>
            <port dstActor="D0N27" name="p60" srcActor="D0N13"/>
            <port dstActor="D0N32" name="p61" srcActor="D0N13"/>
            <port dstActor="D0N36" name="p62" srcActor="D0N13"/>
            <port dstActor="D0N16" name="p63" srcActor="D0N13"/>
            <port dstActor="D0N33" name="p64" srcActor="D0N13"/>
            <port dstActor="D0N39" name="p65" srcActor="D0N34"/>
            <port dstActor="D0N46" name="p66" srcActor="D0N37"/>
            <port dstActor="D0N36" name="p67" srcActor="D0N30"/>
            <port dstActor="D0N19" name="p68" srcActor="D0N3"/>
            <port dstActor="D0N36" name="p69" srcActor="D0N3"/>
            <port dstActor="D0N4" name="p70" srcActor="D0N3"/>
            <port dstActor="D0N45" name="p71" srcActor="D0N3"/>
            <port dstActor="D0N27" name="p72" srcActor="D0N18"/>
            <port dstActor="D0N38" name="p73" srcActor="D0N18"/>
            <port dstActor="D0N46" name="p74" srcActor="D0N18"/>
            <port dstActor="D0N20" name="p75" srcActor="D0N18"/>
            <port dstActor="D0N27" name="p76" srcActor="D0N22"/>
            <port dstActor="D0N35" name="p77" srcActor="D0N22"/>
            <port dstActor="D0N5" name="p78" srcActor="D0N1"/>
            <port dstActor="D0N26" name="p79" srcActor="D0N1"/>
            <port dstActor="D0N21" name="p80" srcActor="D0N1"/>
            <port dstActor="D0N41" name="p81" srcActor="D0N1"/>
            <port dstActor="D0N22" name="p82" srcActor="D0N1"/>
            <port dstActor="D0N37" name="p83" srcActor="D0N32"/>
            <port dstActor="D0N43" name="p84" srcActor="D0N32"/>
            <port dstActor="D0N47" name="p85" srcActor="D0N26"/>
            <port dstActor="D0N28" name="p86" srcActor="D0N16"/>
            <port dstActor="D0N45" name="p87" srcActor="D0N16"/>
            <port dstActor="D0N39" name="p88" srcActor="D0N16"/>
            <port dstActor="D0N37" name="p89" srcActor="D0N16"/>
            <port dstActor="D0N23" name="p90" srcActor="D0N19"/>
            <port dstActor="D0N38" name="p91" srcActor="D0N27"/>
            <port dstActor="D0N41" name="p92" srcActor="D0N15"/>
            <port dstActor="D0N43" name="p93" srcActor="D0N15"/>
            <port dstActor="D0N19" name="p94" srcActor="D0N15"/>
            <port dstActor="D0N16" name="p95" srcActor="D0N10"/>
            <port dstActor="D0N41" name="p96" srcActor="D0N10"/>
            <port dstActor="D0N28" name="p97" srcActor="D0N17"/>
            <port dstActor="D0N22" name="p98" srcActor="D0N17"/>
            <port dstActor="D0N25" name="p99" srcActor="D0N20"/>
            <port dstActor="D0N28" name="p100" srcActor="D0N20"/>
            <port dstActor="D0N35" name="p101" srcActor="D0N20"/>
            <port dstActor="D0N26" name="p102" srcActor="D0N20"/>
            <port dstActor="D0N47" name="p103" srcActor="D0N6"/>
            <port dstActor="D0N46" name="p104" srcActor="D0N6"/>
        </ports>
    </mcdag>
    <cores number="2"/>
    <levels number="2"/>
</mcsystem>
