<?xml version="1.0" encoding="UTF-8" standalone="no"?>
<mcsystem>
    <mcdag deadline="2200" name="genned-0-ed-10.0-0">
        <actor name="D0N40">
            <wcet number="0">100</wcet>
            <wcet number="1">440</wcet>
            <maxpow number="0.49304127959431265"/>
            <maxpow number="0.49304127959431265"/>
            <fprob>0.0</fprob>
        </actor>
        <actor name="D0N7">
            <wcet number="0">20</wcet>
            <wcet number="1">100</wcet>
            <maxpow number="0.5608657189180412"/>
            <maxpow number="0.5608657189180412"/>
            <fprob>0.0</fprob>
        </actor>
        <actor name="D0N29">
            <wcet number="0">40</wcet>
            <wcet number="1">60</wcet>
            <maxpow number="0.45306313882877963"/>
            <maxpow number="0.45306313882877963"/>
            <fprob>0.0</fprob>
        </actor>
        <actor name="D0N17">
            <wcet number="0">160</wcet>
            <wcet number="1">250</wcet>
            <maxpow number="0.4568787214984792"/>
            <maxpow number="0.4568787214984792"/>
            <fprob>0.0</fprob>
        </actor>
        <actor name="D0N12">
            <wcet number="0">80</wcet>
            <wcet number="1">160</wcet>
            <maxpow number="0.6263088678048925"/>
            <maxpow number="0.6263088678048925"/>
            <fprob>0.0</fprob>
        </actor>
        <actor name="D0N33">
            <wcet number="0">10</wcet>
            <wcet number="1">10</wcet>
            <maxpow number="0.7098428287522911"/>
            <maxpow number="0.7098428287522911"/>
            <fprob>0.0</fprob>
        </actor>
        <actor name="D0N3">
            <wcet number="0">180</wcet>
            <wcet number="1">310</wcet>
            <maxpow number="0.9340360616075263"/>
            <maxpow number="0.9340360616075263"/>
            <fprob>0.0</fprob>
        </actor>
        <actor name="D0N34">
            <wcet number="0">580</wcet>
            <wcet number="1">860</wcet>
            <maxpow number="0.4286258576426488"/>
            <maxpow number="0.4286258576426488"/>
            <fprob>0.0</fprob>
        </actor>
        <actor name="D0N13">
            <wcet number="0">40</wcet>
            <wcet number="1">40</wcet>
            <maxpow number="0.6939354918341483"/>
            <maxpow number="0.6939354918341483"/>
            <fprob>0.0</fprob>
        </actor>
        <actor name="D0N1">
            <wcet number="0">170</wcet>
            <wcet number="1">210</wcet>
            <maxpow number="0.4284879886284323"/>
            <maxpow number="0.4284879886284323"/>
            <fprob>0.0</fprob>
        </actor>
        <actor name="D0N44">
            <wcet number="0">40</wcet>
            <wcet number="1">50</wcet>
            <maxpow number="0.48226691257034837"/>
            <maxpow number="0.48226691257034837"/>
            <fprob>0.0</fprob>
        </actor>
        <actor name="D0N11">
            <wcet number="0">50</wcet>
            <wcet number="1">50</wcet>
            <maxpow number="0.8553045703803415"/>
            <maxpow number="0.8553045703803415"/>
            <fprob>0.0</fprob>
        </actor>
        <actor name="D0N5">
            <wcet number="0">20</wcet>
            <wcet number="1">170</wcet>
            <maxpow number="0.45314317297283707"/>
            <maxpow number="0.45314317297283707"/>
            <fprob>0.0</fprob>
        </actor>
        <actor name="D0N36">
            <wcet number="0">30</wcet>
            <wcet number="1">80</wcet>
            <maxpow number="0.3135881879733642"/>
            <maxpow number="0.3135881879733642"/>
            <fprob>0.0</fprob>
        </actor>
        <actor name="D0N39">
            <wcet number="0">40</wcet>
            <wcet number="1">80</wcet>
            <maxpow number="0.5584709713291667"/>
            <maxpow number="0.5584709713291667"/>
            <fprob>0.0</fprob>
        </actor>
        <actor name="D0N26">
            <wcet number="0">20</wcet>
            <wcet number="1">20</wcet>
            <maxpow number="0.6393809956708867"/>
            <maxpow number="0.6393809956708867"/>
            <fprob>0.0</fprob>
        </actor>
        <actor name="D0N35">
            <wcet number="0">40</wcet>
            <wcet number="1">40</wcet>
            <maxpow number="0.48815251729649595"/>
            <maxpow number="0.48815251729649595"/>
            <fprob>0.0</fprob>
        </actor>
        <actor name="D0N2">
            <wcet number="0">30</wcet>
            <wcet number="1">30</wcet>
            <maxpow number="0.4679032762475918"/>
            <maxpow number="0.4679032762475918"/>
            <fprob>0.0</fprob>
        </actor>
        <actor name="D0N28">
            <wcet number="0">30</wcet>
            <wcet number="1">50</wcet>
            <maxpow number="0.42812357090713454"/>
            <maxpow number="0.42812357090713454"/>
            <fprob>0.0</fprob>
        </actor>
        <actor name="D0N18">
            <wcet number="0">40</wcet>
            <wcet number="1">40</wcet>
            <maxpow number="0.6770807350602996"/>
            <maxpow number="0.6770807350602996"/>
            <fprob>0.0</fprob>
        </actor>
        <actor name="D0N22">
            <wcet number="0">10</wcet>
            <wcet number="1">10</wcet>
            <maxpow number="0.46020718049722953"/>
            <maxpow number="0.46020718049722953"/>
            <fprob>0.0</fprob>
        </actor>
        <actor name="D0N0">
            <wcet number="0">20</wcet>
            <wcet number="1">50</wcet>
            <maxpow number="0.3213560190310919"/>
            <maxpow number="0.3213560190310919"/>
            <fprob>0.0</fprob>
        </actor>
        <actor name="D0N27">
            <wcet number="0">10</wcet>
            <wcet number="1">10</wcet>
            <maxpow number="0.6909146328093148"/>
            <maxpow number="0.6909146328093148"/>
            <fprob>0.0</fprob>
        </actor>
        <actor name="D0N49">
            <wcet number="0">80</wcet>
            <wcet number="1">100</wcet>
            <maxpow number="0.5062053794361824"/>
            <maxpow number="0.5062053794361824"/>
            <fprob>0.0</fprob>
        </actor>
        <actor name="D0N16">
            <wcet number="0">20</wcet>
            <wcet number="1">210</wcet>
            <maxpow number="0.5449914178930166"/>
            <maxpow number="0.5449914178930166"/>
            <fprob>0.0</fprob>
        </actor>
        <actor name="D0N24">
            <wcet number="0">30</wcet>
            <wcet number="1">40</wcet>
            <maxpow number="0.394059441992608"/>
            <maxpow number="0.394059441992608"/>
            <fprob>0.0</fprob>
        </actor>
        <actor name="D0N43">
            <wcet number="0">290</wcet>
            <wcet number="1">490</wcet>
            <maxpow number="0.34248377220201537"/>
            <maxpow number="0.34248377220201537"/>
            <fprob>0.0</fprob>
        </actor>
        <actor name="D0N25">
            <wcet number="0">230</wcet>
            <wcet number="1">240</wcet>
            <maxpow number="0.5107901482899813"/>
            <maxpow number="0.5107901482899813"/>
            <fprob>0.0</fprob>
        </actor>
        <actor name="D0N30">
            <wcet number="0">10</wcet>
            <wcet number="1">20</wcet>
            <maxpow number="0.5294698447438413"/>
            <maxpow number="0.5294698447438413"/>
            <fprob>0.0</fprob>
        </actor>
        <actor name="D0N41">
            <wcet number="0">20</wcet>
            <wcet number="1">30</wcet>
            <maxpow number="0.5855656625207653"/>
            <maxpow number="0.5855656625207653"/>
            <fprob>0.0</fprob>
        </actor>
        <actor name="D0N8">
            <wcet number="0">20</wcet>
            <wcet number="1">20</wcet>
            <maxpow number="0.8807435432889772"/>
            <maxpow number="0.8807435432889772"/>
            <fprob>0.0</fprob>
        </actor>
        <actor name="D0N38">
            <wcet number="0">40</wcet>
            <wcet number="1">80</wcet>
            <maxpow number="0.6126984422947018"/>
            <maxpow number="0.6126984422947018"/>
            <fprob>0.0</fprob>
        </actor>
        <actor name="D0N48">
            <wcet number="0">10</wcet>
            <wcet number="1">30</wcet>
            <maxpow number="0.572871857735306"/>
            <maxpow number="0.572871857735306"/>
            <fprob>0.0</fprob>
        </actor>
        <actor name="D0N14">
            <wcet number="0">10</wcet>
            <wcet number="1">10</wcet>
            <maxpow number="0.8356545744564896"/>
            <maxpow number="0.8356545744564896"/>
            <fprob>0.0</fprob>
        </actor>
        <actor name="D0N46">
            <wcet number="0">20</wcet>
            <wcet number="1">90</wcet>
            <maxpow number="1.085984542051439"/>
            <maxpow number="1.085984542051439"/>
            <fprob>0.0</fprob>
        </actor>
        <actor name="D0N15">
            <wcet number="0">20</wcet>
            <wcet number="1">50</wcet>
            <maxpow number="0.4152488269522029"/>
            <maxpow number="0.4152488269522029"/>
            <fprob>0.0</fprob>
        </actor>
        <actor name="D0N32">
            <wcet number="0">80</wcet>
            <wcet number="1">110</wcet>
            <maxpow number="0.7211850379829223"/>
            <maxpow number="0.7211850379829223"/>
            <fprob>0.0</fprob>
        </actor>
        <actor name="D0N42">
            <wcet number="0">10</wcet>
            <wcet number="1">20</wcet>
            <maxpow number="0.6498324128387863"/>
            <maxpow number="0.6498324128387863"/>
            <fprob>0.0</fprob>
        </actor>
        <actor name="D0N45">
            <wcet number="0">70</wcet>
            <wcet number="1">200</wcet>
            <maxpow number="0.5838651517879655"/>
            <maxpow number="0.5838651517879655"/>
            <fprob>0.0</fprob>
        </actor>
        <actor name="D0N4">
            <wcet number="0">10</wcet>
            <wcet number="1">40</wcet>
            <maxpow number="0.3281640839545519"/>
            <maxpow number="0.3281640839545519"/>
            <fprob>0.0</fprob>
        </actor>
        <actor name="D0N31">
            <wcet number="0">20</wcet>
            <wcet number="1">80</wcet>
            <maxpow number="0.8801695143465684"/>
            <maxpow number="0.8801695143465684"/>
            <fprob>0.0</fprob>
        </actor>
        <actor name="D0N9">
            <wcet number="0">250</wcet>
            <wcet number="1">340</wcet>
            <maxpow number="0.6486826505574173"/>
            <maxpow number="0.6486826505574173"/>
            <fprob>0.0</fprob>
        </actor>
        <actor name="D0N19">
            <wcet number="0">10</wcet>
            <wcet number="1">10</wcet>
            <maxpow number="0.26022188841884925"/>
            <maxpow number="0.26022188841884925"/>
            <fprob>0.0</fprob>
        </actor>
        <actor name="D0N10">
            <wcet number="0">10</wcet>
            <wcet number="1">10</wcet>
            <maxpow number="0.5186889457344982"/>
            <maxpow number="0.5186889457344982"/>
            <fprob>0.0</fprob>
        </actor>
        <actor name="D0N6">
            <wcet number="0">170</wcet>
            <wcet number="1">170</wcet>
            <maxpow number="0.5056938435362114"/>
            <maxpow number="0.5056938435362114"/>
            <fprob>0.0</fprob>
        </actor>
        <actor name="D0N37">
            <wcet number="0">60</wcet>
            <wcet number="1">130</wcet>
            <maxpow number="0.45726751461590687"/>
            <maxpow number="0.45726751461590687"/>
            <fprob>0.0</fprob>
        </actor>
        <actor name="D0N20">
            <wcet number="0">10</wcet>
            <wcet number="1">10</wcet>
            <maxpow number="0.49632692102016573"/>
            <maxpow number="0.49632692102016573"/>
            <fprob>0.0</fprob>
        </actor>
        <actor name="D0N23">
            <wcet number="0">360</wcet>
            <wcet number="1">560</wcet>
            <maxpow number="0.5124605056093792"/>
            <maxpow number="0.5124605056093792"/>
            <fprob>0.0</fprob>
        </actor>
        <actor name="D0N47">
            <wcet number="0">10</wcet>
            <wcet number="1">40</wcet>
            <maxpow number="0.7082696409944323"/>
            <maxpow number="0.7082696409944323"/>
            <fprob>0.0</fprob>
        </actor>
        <actor name="D0N21">
            <wcet number="0">120</wcet>
            <wcet number="1">130</wcet>
            <maxpow number="0.41496365895164344"/>
            <maxpow number="0.41496365895164344"/>
            <fprob>0.0</fprob>
        </actor>
        <ports>
            <port dstActor="D0N49" name="p0" srcActor="D0N40"/>
            <port dstActor="D0N45" name="p1" srcActor="D0N40"/>
            <port dstActor="D0N44" name="p2" srcActor="D0N7"/>
            <port dstActor="D0N16" name="p3" srcActor="D0N7"/>
            <port dstActor="D0N20" name="p4" srcActor="D0N7"/>
            <port dstActor="D0N32" name="p5" srcActor="D0N7"/>
            <port dstActor="D0N12" name="p6" srcActor="D0N7"/>
            <port dstActor="D0N41" name="p7" srcActor="D0N7"/>
            <port dstActor="D0N18" name="p8" srcActor="D0N7"/>
            <port dstActor="D0N36" name="p9" srcActor="D0N7"/>
            <port dstActor="D0N44" name="p10" srcActor="D0N29"/>
            <port dstActor="D0N40" name="p11" srcActor="D0N29"/>
            <port dstActor="D0N30" name="p12" srcActor="D0N29"/>
            <port dstActor="D0N33" name="p13" srcActor="D0N29"/>
            <port dstActor="D0N35" name="p14" srcActor="D0N17"/>
            <port dstActor="D0N40" name="p15" srcActor="D0N12"/>
            <port dstActor="D0N32" name="p16" srcActor="D0N12"/>
            <port dstActor="D0N45" name="p17" srcActor="D0N33"/>
            <port dstActor="D0N34" name="p18" srcActor="D0N3"/>
            <port dstActor="D0N37" name="p19" srcActor="D0N3"/>
            <port dstActor="D0N11" name="p20" srcActor="D0N3"/>
            <port dstActor="D0N30" name="p21" srcActor="D0N3"/>
            <port dstActor="D0N32" name="p22" srcActor="D0N3"/>
            <port dstActor="D0N19" name="p23" srcActor="D0N3"/>
            <port dstActor="D0N41" name="p24" srcActor="D0N34"/>
            <port dstActor="D0N28" name="p25" srcActor="D0N13"/>
            <port dstActor="D0N33" name="p26" srcActor="D0N13"/>
            <port dstActor="D0N16" name="p27" srcActor="D0N13"/>
            <port dstActor="D0N35" name="p28" srcActor="D0N13"/>
            <port dstActor="D0N44" name="p29" srcActor="D0N13"/>
            <port dstActor="D0N41" name="p30" srcActor="D0N13"/>
            <port dstActor="D0N39" name="p31" srcActor="D0N1"/>
            <port dstActor="D0N29" name="p32" srcActor="D0N1"/>
            <port dstActor="D0N33" name="p33" srcActor="D0N11"/>
            <port dstActor="D0N15" name="p34" srcActor="D0N11"/>
            <port dstActor="D0N23" name="p35" srcActor="D0N11"/>
            <port dstActor="D0N29" name="p36" srcActor="D0N11"/>
            <port dstActor="D0N47" name="p37" srcActor="D0N5"/>
            <port dstActor="D0N19" name="p38" srcActor="D0N5"/>
            <port dstActor="D0N36" name="p39" srcActor="D0N5"/>
            <port dstActor="D0N6" name="p40" srcActor="D0N5"/>
            <port dstActor="D0N49" name="p41" srcActor="D0N36"/>
            <port dstActor="D0N43" name="p42" srcActor="D0N39"/>
            <port dstActor="D0N29" name="p43" srcActor="D0N26"/>
            <port dstActor="D0N42" name="p44" srcActor="D0N35"/>
            <port dstActor="D0N16" name="p45" srcActor="D0N2"/>
            <port dstActor="D0N28" name="p46" srcActor="D0N2"/>
            <port dstActor="D0N45" name="p47" srcActor="D0N2"/>
            <port dstActor="D0N20" name="p48" srcActor="D0N2"/>
            <port dstActor="D0N32" name="p49" srcActor="D0N28"/>
            <port dstActor="D0N45" name="p50" srcActor="D0N28"/>
            <port dstActor="D0N37" name="p51" srcActor="D0N28"/>
            <port dstActor="D0N44" name="p52" srcActor="D0N18"/>
            <port dstActor="D0N30" name="p53" srcActor="D0N18"/>
            <port dstActor="D0N38" name="p54" srcActor="D0N18"/>
            <port dstActor="D0N36" name="p55" srcActor="D0N18"/>
            <port dstActor="D0N29" name="p56" srcActor="D0N22"/>
            <port dstActor="D0N49" name="p57" srcActor="D0N22"/>
            <port dstActor="D0N33" name="p58" srcActor="D0N22"/>
            <port dstActor="D0N28" name="p59" srcActor="D0N22"/>
            <port dstActor="D0N34" name="p60" srcActor="D0N22"/>
            <port dstActor="D0N41" name="p61" srcActor="D0N22"/>
            <port dstActor="D0N46" name="p62" srcActor="D0N0"/>
            <port dstActor="D0N25" name="p63" srcActor="D0N0"/>
            <port dstActor="D0N28" name="p64" srcActor="D0N0"/>
            <port dstActor="D0N38" name="p65" srcActor="D0N0"/>
            <port dstActor="D0N13" name="p66" srcActor="D0N0"/>
            <port dstActor="D0N17" name="p67" srcActor="D0N0"/>
            <port dstActor="D0N23" name="p68" srcActor="D0N0"/>
            <port dstActor="D0N19" name="p69" srcActor="D0N0"/>
            <port dstActor="D0N39" name="p70" srcActor="D0N0"/>
            <port dstActor="D0N46" name="p71" srcActor="D0N27"/>
            <port dstActor="D0N40" name="p72" srcActor="D0N27"/>
            <port dstActor="D0N30" name="p73" srcActor="D0N27"/>
            <port dstActor="D0N43" name="p74" srcActor="D0N27"/>
            <port dstActor="D0N34" name="p75" srcActor="D0N16"/>
            <port dstActor="D0N35" name="p76" srcActor="D0N16"/>
            <port dstActor="D0N47" name="p77" srcActor="D0N16"/>
            <port dstActor="D0N43" name="p78" srcActor="D0N24"/>
            <port dstActor="D0N38" name="p79" srcActor="D0N25"/>
            <port dstActor="D0N32" name="p80" srcActor="D0N25"/>
            <port dstActor="D0N38" name="p81" srcActor="D0N30"/>
            <port dstActor="D0N19" name="p82" srcActor="D0N8"/>
            <port dstActor="D0N37" name="p83" srcActor="D0N8"/>
            <port dstActor="D0N44" name="p84" srcActor="D0N8"/>
            <port dstActor="D0N49" name="p85" srcActor="D0N8"/>
            <port dstActor="D0N17" name="p86" srcActor="D0N8"/>
            <port dstActor="D0N40" name="p87" srcActor="D0N8"/>
            <port dstActor="D0N26" name="p88" srcActor="D0N8"/>
            <port dstActor="D0N13" name="p89" srcActor="D0N8"/>
            <port dstActor="D0N44" name="p90" srcActor="D0N38"/>
            <port dstActor="D0N39" name="p91" srcActor="D0N38"/>
            <port dstActor="D0N47" name="p92" srcActor="D0N38"/>
            <port dstActor="D0N48" name="p93" srcActor="D0N38"/>
            <port dstActor="D0N22" name="p94" srcActor="D0N14"/>
            <port dstActor="D0N26" name="p95" srcActor="D0N14"/>
            <port dstActor="D0N44" name="p96" srcActor="D0N14"/>
            <port dstActor="D0N48" name="p97" srcActor="D0N46"/>
            <port dstActor="D0N29" name="p98" srcActor="D0N15"/>
            <port dstActor="D0N49" name="p99" srcActor="D0N15"/>
            <port dstActor="D0N46" name="p100" srcActor="D0N15"/>
            <port dstActor="D0N44" name="p101" srcActor="D0N32"/>
            <port dstActor="D0N37" name="p102" srcActor="D0N32"/>
            <port dstActor="D0N32" name="p103" srcActor="D0N4"/>
            <port dstActor="D0N35" name="p104" srcActor="D0N4"/>
            <port dstActor="D0N19" name="p105" srcActor="D0N4"/>
            <port dstActor="D0N36" name="p106" srcActor="D0N4"/>
            <port dstActor="D0N33" name="p107" srcActor="D0N4"/>
            <port dstActor="D0N32" name="p108" srcActor="D0N9"/>
            <port dstActor="D0N48" name="p109" srcActor="D0N9"/>
            <port dstActor="D0N44" name="p110" srcActor="D0N9"/>
            <port dstActor="D0N20" name="p111" srcActor="D0N19"/>
            <port dstActor="D0N46" name="p112" srcActor="D0N19"/>
            <port dstActor="D0N40" name="p113" srcActor="D0N19"/>
            <port dstActor="D0N24" name="p114" srcActor="D0N19"/>
            <port dstActor="D0N38" name="p115" srcActor="D0N10"/>
            <port dstActor="D0N33" name="p116" srcActor="D0N10"/>
            <port dstActor="D0N26" name="p117" srcActor="D0N10"/>
            <port dstActor="D0N19" name="p118" srcActor="D0N10"/>
            <port dstActor="D0N12" name="p119" srcActor="D0N10"/>
            <port dstActor="D0N19" name="p120" srcActor="D0N6"/>
            <port dstActor="D0N22" name="p121" srcActor="D0N6"/>
            <port dstActor="D0N11" name="p122" srcActor="D0N6"/>
            <port dstActor="D0N47" name="p123" srcActor="D0N37"/>
            <port dstActor="D0N45" name="p124" srcActor="D0N37"/>
            <port dstActor="D0N43" name="p125" srcActor="D0N20"/>
            <port dstActor="D0N41" name="p126" srcActor="D0N20"/>
            <port dstActor="D0N36" name="p127" srcActor="D0N20"/>
            <port dstActor="D0N32" name="p128" srcActor="D0N20"/>
            <port dstActor="D0N42" name="p129" srcActor="D0N20"/>
            <port dstActor="D0N25" name="p130" srcActor="D0N23"/>
            <port dstActor="D0N33" name="p131" srcActor="D0N23"/>
            <port dstActor="D0N23" name="p132" srcActor="D0N21"/>
        </ports>
    </mcdag>
    <cores number="3"/>
    <levels number="2"/>
</mcsystem>
