<?xml version="1.0" encoding="UTF-8" standalone="no"?>
<mcsystem>
    <mcdag deadline="2200" name="genned-0-ed-10.0-0">
        <actor name="D0N4">
            <wcet number="0">20</wcet>
            <wcet number="1">70</wcet>
            <maxpow number="0.5638638554256777"/>
            <maxpow number="0.5638638554256777"/>
            <fprob>0.0</fprob>
        </actor>
        <actor name="D0N2">
            <wcet number="0">70</wcet>
            <wcet number="1">70</wcet>
            <maxpow number="0.5236020860801054"/>
            <maxpow number="0.5236020860801054"/>
            <fprob>0.0</fprob>
        </actor>
        <actor name="D0N42">
            <wcet number="0">90</wcet>
            <wcet number="1">140</wcet>
            <maxpow number="0.575596704581515"/>
            <maxpow number="0.575596704581515"/>
            <fprob>0.0</fprob>
        </actor>
        <actor name="D0N0">
            <wcet number="0">30</wcet>
            <wcet number="1">40</wcet>
            <maxpow number="0.4078579324530395"/>
            <maxpow number="0.4078579324530395"/>
            <fprob>0.0</fprob>
        </actor>
        <actor name="D0N1">
            <wcet number="0">20</wcet>
            <wcet number="1">50</wcet>
            <maxpow number="0.8054567549375274"/>
            <maxpow number="0.8054567549375274"/>
            <fprob>0.0</fprob>
        </actor>
        <actor name="D0N23">
            <wcet number="0">70</wcet>
            <wcet number="1">70</wcet>
            <maxpow number="0.42361551638689193"/>
            <maxpow number="0.42361551638689193"/>
            <fprob>0.0</fprob>
        </actor>
        <actor name="D0N26">
            <wcet number="0">110</wcet>
            <wcet number="1">120</wcet>
            <maxpow number="0.8336556616461056"/>
            <maxpow number="0.8336556616461056"/>
            <fprob>0.0</fprob>
        </actor>
        <actor name="D0N33">
            <wcet number="0">40</wcet>
            <wcet number="1">120</wcet>
            <maxpow number="0.6597640972425649"/>
            <maxpow number="0.6597640972425649"/>
            <fprob>0.0</fprob>
        </actor>
        <actor name="D0N25">
            <wcet number="0">160</wcet>
            <wcet number="1">190</wcet>
            <maxpow number="0.5773954588970989"/>
            <maxpow number="0.5773954588970989"/>
            <fprob>0.0</fprob>
        </actor>
        <actor name="D0N17">
            <wcet number="0">30</wcet>
            <wcet number="1">50</wcet>
            <maxpow number="0.6245175382975975"/>
            <maxpow number="0.6245175382975975"/>
            <fprob>0.0</fprob>
        </actor>
        <actor name="D0N8">
            <wcet number="0">50</wcet>
            <wcet number="1">60</wcet>
            <maxpow number="0.7800922556758465"/>
            <maxpow number="0.7800922556758465"/>
            <fprob>0.0</fprob>
        </actor>
        <actor name="D0N39">
            <wcet number="0">90</wcet>
            <wcet number="1">160</wcet>
            <maxpow number="0.29683413556388905"/>
            <maxpow number="0.29683413556388905"/>
            <fprob>0.0</fprob>
        </actor>
        <actor name="D0N12">
            <wcet number="0">40</wcet>
            <wcet number="1">200</wcet>
            <maxpow number="0.664577501415693"/>
            <maxpow number="0.664577501415693"/>
            <fprob>0.0</fprob>
        </actor>
        <actor name="D0N19">
            <wcet number="0">210</wcet>
            <wcet number="1">230</wcet>
            <maxpow number="0.7164207382949378"/>
            <maxpow number="0.7164207382949378"/>
            <fprob>0.0</fprob>
        </actor>
        <actor name="D0N46">
            <wcet number="0">100</wcet>
            <wcet number="1">120</wcet>
            <maxpow number="0.5181336492180774"/>
            <maxpow number="0.5181336492180774"/>
            <fprob>0.0</fprob>
        </actor>
        <actor name="D0N7">
            <wcet number="0">10</wcet>
            <wcet number="1">10</wcet>
            <maxpow number="0.603908654742622"/>
            <maxpow number="0.603908654742622"/>
            <fprob>0.0</fprob>
        </actor>
        <actor name="D0N27">
            <wcet number="0">80</wcet>
            <wcet number="1">340</wcet>
            <maxpow number="0.6561606814842794"/>
            <maxpow number="0.6561606814842794"/>
            <fprob>0.0</fprob>
        </actor>
        <actor name="D0N10">
            <wcet number="0">30</wcet>
            <wcet number="1">80</wcet>
            <maxpow number="0.3615781026311691"/>
            <maxpow number="0.3615781026311691"/>
            <fprob>0.0</fprob>
        </actor>
        <actor name="D0N47">
            <wcet number="0">10</wcet>
            <wcet number="1">20</wcet>
            <maxpow number="0.5014509390686297"/>
            <maxpow number="0.5014509390686297"/>
            <fprob>0.0</fprob>
        </actor>
        <actor name="D0N30">
            <wcet number="0">130</wcet>
            <wcet number="1">370</wcet>
            <maxpow number="0.8781109181941036"/>
            <maxpow number="0.8781109181941036"/>
            <fprob>0.0</fprob>
        </actor>
        <actor name="D0N3">
            <wcet number="0">110</wcet>
            <wcet number="1">270</wcet>
            <maxpow number="0.7327639841704481"/>
            <maxpow number="0.7327639841704481"/>
            <fprob>0.0</fprob>
        </actor>
        <actor name="D0N13">
            <wcet number="0">40</wcet>
            <wcet number="1">180</wcet>
            <maxpow number="0.5453773632683506"/>
            <maxpow number="0.5453773632683506"/>
            <fprob>0.0</fprob>
        </actor>
        <actor name="D0N37">
            <wcet number="0">40</wcet>
            <wcet number="1">50</wcet>
            <maxpow number="0.6014071404826997"/>
            <maxpow number="0.6014071404826997"/>
            <fprob>0.0</fprob>
        </actor>
        <actor name="D0N21">
            <wcet number="0">100</wcet>
            <wcet number="1">100</wcet>
            <maxpow number="0.382911925673827"/>
            <maxpow number="0.382911925673827"/>
            <fprob>0.0</fprob>
        </actor>
        <actor name="D0N11">
            <wcet number="0">70</wcet>
            <wcet number="1">70</wcet>
            <maxpow number="0.36829535434249716"/>
            <maxpow number="0.36829535434249716"/>
            <fprob>0.0</fprob>
        </actor>
        <actor name="D0N18">
            <wcet number="0">10</wcet>
            <wcet number="1">10</wcet>
            <maxpow number="0.6193566376749717"/>
            <maxpow number="0.6193566376749717"/>
            <fprob>0.0</fprob>
        </actor>
        <actor name="D0N14">
            <wcet number="0">10</wcet>
            <wcet number="1">20</wcet>
            <maxpow number="0.3155057936376029"/>
            <maxpow number="0.3155057936376029"/>
            <fprob>0.0</fprob>
        </actor>
        <actor name="D0N43">
            <wcet number="0">10</wcet>
            <wcet number="1">80</wcet>
            <maxpow number="0.4708828324631522"/>
            <maxpow number="0.4708828324631522"/>
            <fprob>0.0</fprob>
        </actor>
        <actor name="D0N24">
            <wcet number="0">20</wcet>
            <wcet number="1">120</wcet>
            <maxpow number="0.6156632975760964"/>
            <maxpow number="0.6156632975760964"/>
            <fprob>0.0</fprob>
        </actor>
        <actor name="D0N45">
            <wcet number="0">30</wcet>
            <wcet number="1">40</wcet>
            <maxpow number="0.5296900508960006"/>
            <maxpow number="0.5296900508960006"/>
            <fprob>0.0</fprob>
        </actor>
        <actor name="D0N41">
            <wcet number="0">10</wcet>
            <wcet number="1">120</wcet>
            <maxpow number="0.6293759501427816"/>
            <maxpow number="0.6293759501427816"/>
            <fprob>0.0</fprob>
        </actor>
        <actor name="D0N16">
            <wcet number="0">130</wcet>
            <wcet number="1">150</wcet>
            <maxpow number="0.7675325845638402"/>
            <maxpow number="0.7675325845638402"/>
            <fprob>0.0</fprob>
        </actor>
        <actor name="D0N36">
            <wcet number="0">10</wcet>
            <wcet number="1">10</wcet>
            <maxpow number="0.6014297504967769"/>
            <maxpow number="0.6014297504967769"/>
            <fprob>0.0</fprob>
        </actor>
        <actor name="D0N9">
            <wcet number="0">10</wcet>
            <wcet number="1">50</wcet>
            <maxpow number="0.7767288520008375"/>
            <maxpow number="0.7767288520008375"/>
            <fprob>0.0</fprob>
        </actor>
        <actor name="D0N44">
            <wcet number="0">10</wcet>
            <wcet number="1">20</wcet>
            <maxpow number="0.9291904039651373"/>
            <maxpow number="0.9291904039651373"/>
            <fprob>0.0</fprob>
        </actor>
        <actor name="D0N20">
            <wcet number="0">400</wcet>
            <wcet number="1">510</wcet>
            <maxpow number="0.29978177691080365"/>
            <maxpow number="0.29978177691080365"/>
            <fprob>0.0</fprob>
        </actor>
        <actor name="D0N34">
            <wcet number="0">70</wcet>
            <wcet number="1">90</wcet>
            <maxpow number="0.8536962352731209"/>
            <maxpow number="0.8536962352731209"/>
            <fprob>0.0</fprob>
        </actor>
        <actor name="D0N38">
            <wcet number="0">10</wcet>
            <wcet number="1">90</wcet>
            <maxpow number="0.411619223133894"/>
            <maxpow number="0.411619223133894"/>
            <fprob>0.0</fprob>
        </actor>
        <actor name="D0N35">
            <wcet number="0">40</wcet>
            <wcet number="1">60</wcet>
            <maxpow number="0.6148261360737817"/>
            <maxpow number="0.6148261360737817"/>
            <fprob>0.0</fprob>
        </actor>
        <actor name="D0N22">
            <wcet number="0">450</wcet>
            <wcet number="1">800</wcet>
            <maxpow number="0.42104759462209795"/>
            <maxpow number="0.42104759462209795"/>
            <fprob>0.0</fprob>
        </actor>
        <actor name="D0N31">
            <wcet number="0">10</wcet>
            <wcet number="1">10</wcet>
            <maxpow number="0.4559839978173291"/>
            <maxpow number="0.4559839978173291"/>
            <fprob>0.0</fprob>
        </actor>
        <actor name="D0N6">
            <wcet number="0">10</wcet>
            <wcet number="1">10</wcet>
            <maxpow number="0.5854494267034643"/>
            <maxpow number="0.5854494267034643"/>
            <fprob>0.0</fprob>
        </actor>
        <actor name="D0N40">
            <wcet number="0">60</wcet>
            <wcet number="1">60</wcet>
            <maxpow number="0.515709421057049"/>
            <maxpow number="0.515709421057049"/>
            <fprob>0.0</fprob>
        </actor>
        <actor name="D0N15">
            <wcet number="0">50</wcet>
            <wcet number="1">100</wcet>
            <maxpow number="0.42387168997453817"/>
            <maxpow number="0.42387168997453817"/>
            <fprob>0.0</fprob>
        </actor>
        <actor name="D0N5">
            <wcet number="0">30</wcet>
            <wcet number="1">90</wcet>
            <maxpow number="0.5081662512939096"/>
            <maxpow number="0.5081662512939096"/>
            <fprob>0.0</fprob>
        </actor>
        <actor name="D0N28">
            <wcet number="0">30</wcet>
            <wcet number="1">40</wcet>
            <maxpow number="0.446903582036271"/>
            <maxpow number="0.446903582036271"/>
            <fprob>0.0</fprob>
        </actor>
        <actor name="D0N32">
            <wcet number="0">40</wcet>
            <wcet number="1">50</wcet>
            <maxpow number="0.512756638778563"/>
            <maxpow number="0.512756638778563"/>
            <fprob>0.0</fprob>
        </actor>
        <actor name="D0N29">
            <wcet number="0">10</wcet>
            <wcet number="1">10</wcet>
            <maxpow number="0.4219560652504708"/>
            <maxpow number="0.4219560652504708"/>
            <fprob>0.0</fprob>
        </actor>
        <ports>
            <port dstActor="D0N30" name="p0" srcActor="D0N4"/>
            <port dstActor="D0N46" name="p1" srcActor="D0N4"/>
            <port dstActor="D0N28" name="p2" srcActor="D0N4"/>
            <port dstActor="D0N33" name="p3" srcActor="D0N4"/>
            <port dstActor="D0N37" name="p4" srcActor="D0N4"/>
            <port dstActor="D0N45" name="p5" srcActor="D0N4"/>
            <port dstActor="D0N29" name="p6" srcActor="D0N4"/>
            <port dstActor="D0N34" name="p7" srcActor="D0N2"/>
            <port dstActor="D0N36" name="p8" srcActor="D0N2"/>
            <port dstActor="D0N33" name="p9" srcActor="D0N2"/>
            <port dstActor="D0N43" name="p10" srcActor="D0N42"/>
            <port dstActor="D0N20" name="p11" srcActor="D0N0"/>
            <port dstActor="D0N9" name="p12" srcActor="D0N0"/>
            <port dstActor="D0N45" name="p13" srcActor="D0N0"/>
            <port dstActor="D0N47" name="p14" srcActor="D0N0"/>
            <port dstActor="D0N9" name="p15" srcActor="D0N1"/>
            <port dstActor="D0N2" name="p16" srcActor="D0N1"/>
            <port dstActor="D0N7" name="p17" srcActor="D0N1"/>
            <port dstActor="D0N37" name="p18" srcActor="D0N1"/>
            <port dstActor="D0N35" name="p19" srcActor="D0N1"/>
            <port dstActor="D0N42" name="p20" srcActor="D0N1"/>
            <port dstActor="D0N28" name="p21" srcActor="D0N1"/>
            <port dstActor="D0N38" name="p22" srcActor="D0N23"/>
            <port dstActor="D0N47" name="p23" srcActor="D0N26"/>
            <port dstActor="D0N28" name="p24" srcActor="D0N25"/>
            <port dstActor="D0N29" name="p25" srcActor="D0N25"/>
            <port dstActor="D0N30" name="p26" srcActor="D0N25"/>
            <port dstActor="D0N43" name="p27" srcActor="D0N25"/>
            <port dstActor="D0N39" name="p28" srcActor="D0N17"/>
            <port dstActor="D0N45" name="p29" srcActor="D0N17"/>
            <port dstActor="D0N34" name="p30" srcActor="D0N8"/>
            <port dstActor="D0N16" name="p31" srcActor="D0N8"/>
            <port dstActor="D0N30" name="p32" srcActor="D0N8"/>
            <port dstActor="D0N43" name="p33" srcActor="D0N39"/>
            <port dstActor="D0N25" name="p34" srcActor="D0N12"/>
            <port dstActor="D0N39" name="p35" srcActor="D0N12"/>
            <port dstActor="D0N47" name="p36" srcActor="D0N12"/>
            <port dstActor="D0N47" name="p37" srcActor="D0N19"/>
            <port dstActor="D0N20" name="p38" srcActor="D0N19"/>
            <port dstActor="D0N14" name="p39" srcActor="D0N7"/>
            <port dstActor="D0N29" name="p40" srcActor="D0N7"/>
            <port dstActor="D0N27" name="p41" srcActor="D0N7"/>
            <port dstActor="D0N11" name="p42" srcActor="D0N7"/>
            <port dstActor="D0N8" name="p43" srcActor="D0N7"/>
            <port dstActor="D0N10" name="p44" srcActor="D0N7"/>
            <port dstActor="D0N36" name="p45" srcActor="D0N27"/>
            <port dstActor="D0N13" name="p46" srcActor="D0N10"/>
            <port dstActor="D0N15" name="p47" srcActor="D0N10"/>
            <port dstActor="D0N22" name="p48" srcActor="D0N10"/>
            <port dstActor="D0N20" name="p49" srcActor="D0N10"/>
            <port dstActor="D0N34" name="p50" srcActor="D0N10"/>
            <port dstActor="D0N34" name="p51" srcActor="D0N30"/>
            <port dstActor="D0N7" name="p52" srcActor="D0N3"/>
            <port dstActor="D0N23" name="p53" srcActor="D0N3"/>
            <port dstActor="D0N38" name="p54" srcActor="D0N13"/>
            <port dstActor="D0N20" name="p55" srcActor="D0N13"/>
            <port dstActor="D0N33" name="p56" srcActor="D0N13"/>
            <port dstActor="D0N42" name="p57" srcActor="D0N37"/>
            <port dstActor="D0N43" name="p58" srcActor="D0N37"/>
            <port dstActor="D0N47" name="p59" srcActor="D0N21"/>
            <port dstActor="D0N39" name="p60" srcActor="D0N21"/>
            <port dstActor="D0N30" name="p61" srcActor="D0N21"/>
            <port dstActor="D0N28" name="p62" srcActor="D0N21"/>
            <port dstActor="D0N28" name="p63" srcActor="D0N11"/>
            <port dstActor="D0N38" name="p64" srcActor="D0N11"/>
            <port dstActor="D0N36" name="p65" srcActor="D0N11"/>
            <port dstActor="D0N33" name="p66" srcActor="D0N11"/>
            <port dstActor="D0N18" name="p67" srcActor="D0N11"/>
            <port dstActor="D0N27" name="p68" srcActor="D0N11"/>
            <port dstActor="D0N27" name="p69" srcActor="D0N18"/>
            <port dstActor="D0N44" name="p70" srcActor="D0N18"/>
            <port dstActor="D0N21" name="p71" srcActor="D0N18"/>
            <port dstActor="D0N37" name="p72" srcActor="D0N14"/>
            <port dstActor="D0N23" name="p73" srcActor="D0N14"/>
            <port dstActor="D0N41" name="p74" srcActor="D0N14"/>
            <port dstActor="D0N43" name="p75" srcActor="D0N14"/>
            <port dstActor="D0N44" name="p76" srcActor="D0N14"/>
            <port dstActor="D0N44" name="p77" srcActor="D0N43"/>
            <port dstActor="D0N47" name="p78" srcActor="D0N43"/>
            <port dstActor="D0N25" name="p79" srcActor="D0N24"/>
            <port dstActor="D0N32" name="p80" srcActor="D0N16"/>
            <port dstActor="D0N22" name="p81" srcActor="D0N16"/>
            <port dstActor="D0N27" name="p82" srcActor="D0N16"/>
            <port dstActor="D0N39" name="p83" srcActor="D0N16"/>
            <port dstActor="D0N41" name="p84" srcActor="D0N16"/>
            <port dstActor="D0N42" name="p85" srcActor="D0N16"/>
            <port dstActor="D0N46" name="p86" srcActor="D0N36"/>
            <port dstActor="D0N17" name="p87" srcActor="D0N9"/>
            <port dstActor="D0N30" name="p88" srcActor="D0N9"/>
            <port dstActor="D0N33" name="p89" srcActor="D0N9"/>
            <port dstActor="D0N21" name="p90" srcActor="D0N9"/>
            <port dstActor="D0N28" name="p91" srcActor="D0N20"/>
            <port dstActor="D0N42" name="p92" srcActor="D0N20"/>
            <port dstActor="D0N44" name="p93" srcActor="D0N34"/>
            <port dstActor="D0N27" name="p94" srcActor="D0N22"/>
            <port dstActor="D0N39" name="p95" srcActor="D0N22"/>
            <port dstActor="D0N29" name="p96" srcActor="D0N22"/>
            <port dstActor="D0N46" name="p97" srcActor="D0N31"/>
            <port dstActor="D0N33" name="p98" srcActor="D0N31"/>
            <port dstActor="D0N33" name="p99" srcActor="D0N6"/>
            <port dstActor="D0N17" name="p100" srcActor="D0N6"/>
            <port dstActor="D0N47" name="p101" srcActor="D0N6"/>
            <port dstActor="D0N40" name="p102" srcActor="D0N6"/>
            <port dstActor="D0N35" name="p103" srcActor="D0N6"/>
            <port dstActor="D0N33" name="p104" srcActor="D0N15"/>
            <port dstActor="D0N16" name="p105" srcActor="D0N15"/>
            <port dstActor="D0N44" name="p106" srcActor="D0N15"/>
            <port dstActor="D0N38" name="p107" srcActor="D0N15"/>
            <port dstActor="D0N39" name="p108" srcActor="D0N15"/>
            <port dstActor="D0N31" name="p109" srcActor="D0N15"/>
            <port dstActor="D0N37" name="p110" srcActor="D0N5"/>
            <port dstActor="D0N43" name="p111" srcActor="D0N28"/>
            <port dstActor="D0N44" name="p112" srcActor="D0N32"/>
            <port dstActor="D0N45" name="p113" srcActor="D0N29"/>
        </ports>
    </mcdag>
    <cores number="3"/>
    <levels number="2"/>
</mcsystem>
