<?xml version="1.0" encoding="UTF-8" standalone="no"?>
<mcsystem>
    <mcdag deadline="1500" name="genned-0-ed-10.0-0">
        <actor name="D0N9">
            <wcet number="0">10</wcet>
            <wcet number="1">10</wcet>
            <maxpow number="0.6511606438273165"/>
            <maxpow number="0.6511606438273165"/>
            <fprob>0.0</fprob>
        </actor>
        <actor name="D0N8">
            <wcet number="0">10</wcet>
            <wcet number="1">30</wcet>
            <maxpow number="0.7316004384328161"/>
            <maxpow number="0.7316004384328161"/>
            <fprob>0.0</fprob>
        </actor>
        <actor name="D0N18">
            <wcet number="0">30</wcet>
            <wcet number="1">60</wcet>
            <maxpow number="0.7930158466450413"/>
            <maxpow number="0.7930158466450413"/>
            <fprob>0.0</fprob>
        </actor>
        <actor name="D0N32">
            <wcet number="0">10</wcet>
            <wcet number="1">40</wcet>
            <maxpow number="0.46284654593398233"/>
            <maxpow number="0.46284654593398233"/>
            <fprob>0.0</fprob>
        </actor>
        <actor name="D0N7">
            <wcet number="0">20</wcet>
            <wcet number="1">100</wcet>
            <maxpow number="0.4773914877855183"/>
            <maxpow number="0.4773914877855183"/>
            <fprob>0.0</fprob>
        </actor>
        <actor name="D0N5">
            <wcet number="0">60</wcet>
            <wcet number="1">80</wcet>
            <maxpow number="0.8010286221818426"/>
            <maxpow number="0.8010286221818426"/>
            <fprob>0.0</fprob>
        </actor>
        <actor name="D0N19">
            <wcet number="0">20</wcet>
            <wcet number="1">30</wcet>
            <maxpow number="0.5295893603075159"/>
            <maxpow number="0.5295893603075159"/>
            <fprob>0.0</fprob>
        </actor>
        <actor name="D0N41">
            <wcet number="0">40</wcet>
            <wcet number="1">90</wcet>
            <maxpow number="0.5073503624228722"/>
            <maxpow number="0.5073503624228722"/>
            <fprob>0.0</fprob>
        </actor>
        <actor name="D0N30">
            <wcet number="0">20</wcet>
            <wcet number="1">20</wcet>
            <maxpow number="0.6543786592997374"/>
            <maxpow number="0.6543786592997374"/>
            <fprob>0.0</fprob>
        </actor>
        <actor name="D0N36">
            <wcet number="0">60</wcet>
            <wcet number="1">60</wcet>
            <maxpow number="0.6103471003070562"/>
            <maxpow number="0.6103471003070562"/>
            <fprob>0.0</fprob>
        </actor>
        <actor name="D0N22">
            <wcet number="0">10</wcet>
            <wcet number="1">20</wcet>
            <maxpow number="1.047053647899608"/>
            <maxpow number="1.047053647899608"/>
            <fprob>0.0</fprob>
        </actor>
        <actor name="D0N16">
            <wcet number="0">10</wcet>
            <wcet number="1">10</wcet>
            <maxpow number="0.41816196367553343"/>
            <maxpow number="0.41816196367553343"/>
            <fprob>0.0</fprob>
        </actor>
        <actor name="D0N12">
            <wcet number="0">40</wcet>
            <wcet number="1">70</wcet>
            <maxpow number="0.40395935275305783"/>
            <maxpow number="0.40395935275305783"/>
            <fprob>0.0</fprob>
        </actor>
        <actor name="D0N15">
            <wcet number="0">10</wcet>
            <wcet number="1">10</wcet>
            <maxpow number="0.5810089214670685"/>
            <maxpow number="0.5810089214670685"/>
            <fprob>0.0</fprob>
        </actor>
        <actor name="D0N21">
            <wcet number="0">100</wcet>
            <wcet number="1">120</wcet>
            <maxpow number="0.44096982739112944"/>
            <maxpow number="0.44096982739112944"/>
            <fprob>0.0</fprob>
        </actor>
        <actor name="D0N35">
            <wcet number="0">40</wcet>
            <wcet number="1">70</wcet>
            <maxpow number="0.5337774941350736"/>
            <maxpow number="0.5337774941350736"/>
            <fprob>0.0</fprob>
        </actor>
        <actor name="D0N1">
            <wcet number="0">30</wcet>
            <wcet number="1">110</wcet>
            <maxpow number="0.8630016850397801"/>
            <maxpow number="0.8630016850397801"/>
            <fprob>0.0</fprob>
        </actor>
        <actor name="D0N17">
            <wcet number="0">60</wcet>
            <wcet number="1">90</wcet>
            <maxpow number="0.5800428425282091"/>
            <maxpow number="0.5800428425282091"/>
            <fprob>0.0</fprob>
        </actor>
        <actor name="D0N3">
            <wcet number="0">10</wcet>
            <wcet number="1">40</wcet>
            <maxpow number="0.4487916092784727"/>
            <maxpow number="0.4487916092784727"/>
            <fprob>0.0</fprob>
        </actor>
        <actor name="D0N24">
            <wcet number="0">10</wcet>
            <wcet number="1">160</wcet>
            <maxpow number="0.8619986786658229"/>
            <maxpow number="0.8619986786658229"/>
            <fprob>0.0</fprob>
        </actor>
        <actor name="D0N11">
            <wcet number="0">10</wcet>
            <wcet number="1">20</wcet>
            <maxpow number="0.7693953218951908"/>
            <maxpow number="0.7693953218951908"/>
            <fprob>0.0</fprob>
        </actor>
        <actor name="D0N23">
            <wcet number="0">10</wcet>
            <wcet number="1">10</wcet>
            <maxpow number="0.7593641556380814"/>
            <maxpow number="0.7593641556380814"/>
            <fprob>0.0</fprob>
        </actor>
        <actor name="D0N26">
            <wcet number="0">40</wcet>
            <wcet number="1">60</wcet>
            <maxpow number="0.3895773201344195"/>
            <maxpow number="0.3895773201344195"/>
            <fprob>0.0</fprob>
        </actor>
        <actor name="D0N31">
            <wcet number="0">10</wcet>
            <wcet number="1">20</wcet>
            <maxpow number="0.8015454478955599"/>
            <maxpow number="0.8015454478955599"/>
            <fprob>0.0</fprob>
        </actor>
        <actor name="D0N37">
            <wcet number="0">40</wcet>
            <wcet number="1">40</wcet>
            <maxpow number="0.6848616962021402"/>
            <maxpow number="0.6848616962021402"/>
            <fprob>0.0</fprob>
        </actor>
        <actor name="D0N4">
            <wcet number="0">70</wcet>
            <wcet number="1">70</wcet>
            <maxpow number="0.8350160595744214"/>
            <maxpow number="0.8350160595744214"/>
            <fprob>0.0</fprob>
        </actor>
        <actor name="D0N34">
            <wcet number="0">70</wcet>
            <wcet number="1">120</wcet>
            <maxpow number="0.827657419868211"/>
            <maxpow number="0.827657419868211"/>
            <fprob>0.0</fprob>
        </actor>
        <actor name="D0N14">
            <wcet number="0">40</wcet>
            <wcet number="1">90</wcet>
            <maxpow number="3.7193381764510924E-4"/>
            <maxpow number="3.7193381764510924E-4"/>
            <fprob>0.0</fprob>
        </actor>
        <actor name="D0N6">
            <wcet number="0">80</wcet>
            <wcet number="1">80</wcet>
            <maxpow number="0.36835729835613573"/>
            <maxpow number="0.36835729835613573"/>
            <fprob>0.0</fprob>
        </actor>
        <actor name="D0N29">
            <wcet number="0">40</wcet>
            <wcet number="1">40</wcet>
            <maxpow number="0.7126905301187556"/>
            <maxpow number="0.7126905301187556"/>
            <fprob>0.0</fprob>
        </actor>
        <actor name="D0N40">
            <wcet number="0">40</wcet>
            <wcet number="1">170</wcet>
            <maxpow number="0.7745186547581943"/>
            <maxpow number="0.7745186547581943"/>
            <fprob>0.0</fprob>
        </actor>
        <actor name="D0N43">
            <wcet number="0">220</wcet>
            <wcet number="1">250</wcet>
            <maxpow number="0.6991644636729387"/>
            <maxpow number="0.6991644636729387"/>
            <fprob>0.0</fprob>
        </actor>
        <actor name="D0N42">
            <wcet number="0">20</wcet>
            <wcet number="1">20</wcet>
            <maxpow number="0.44152150380901967"/>
            <maxpow number="0.44152150380901967"/>
            <fprob>0.0</fprob>
        </actor>
        <actor name="D0N20">
            <wcet number="0">30</wcet>
            <wcet number="1">150</wcet>
            <maxpow number="0.35525989838624406"/>
            <maxpow number="0.35525989838624406"/>
            <fprob>0.0</fprob>
        </actor>
        <actor name="D0N33">
            <wcet number="0">70</wcet>
            <wcet number="1">220</wcet>
            <maxpow number="0.7349056558380545"/>
            <maxpow number="0.7349056558380545"/>
            <fprob>0.0</fprob>
        </actor>
        <actor name="D0N10">
            <wcet number="0">20</wcet>
            <wcet number="1">20</wcet>
            <maxpow number="0.4490713423280644"/>
            <maxpow number="0.4490713423280644"/>
            <fprob>0.0</fprob>
        </actor>
        <actor name="D0N25">
            <wcet number="0">20</wcet>
            <wcet number="1">20</wcet>
            <maxpow number="0.49612227169620854"/>
            <maxpow number="0.49612227169620854"/>
            <fprob>0.0</fprob>
        </actor>
        <actor name="D0N38">
            <wcet number="0">30</wcet>
            <wcet number="1">80</wcet>
            <maxpow number="0.5994764319039577"/>
            <maxpow number="0.5994764319039577"/>
            <fprob>0.0</fprob>
        </actor>
        <actor name="D0N44">
            <wcet number="0">10</wcet>
            <wcet number="1">10</wcet>
            <maxpow number="0.4804523360664294"/>
            <maxpow number="0.4804523360664294"/>
            <fprob>0.0</fprob>
        </actor>
        <actor name="D0N27">
            <wcet number="0">20</wcet>
            <wcet number="1">20</wcet>
            <maxpow number="0.523365155414238"/>
            <maxpow number="0.523365155414238"/>
            <fprob>0.0</fprob>
        </actor>
        <actor name="D0N0">
            <wcet number="0">10</wcet>
            <wcet number="1">10</wcet>
            <maxpow number="0.5782031388114375"/>
            <maxpow number="0.5782031388114375"/>
            <fprob>0.0</fprob>
        </actor>
        <actor name="D0N13">
            <wcet number="0">30</wcet>
            <wcet number="1">30</wcet>
            <maxpow number="0.7541811158746681"/>
            <maxpow number="0.7541811158746681"/>
            <fprob>0.0</fprob>
        </actor>
        <actor name="D0N39">
            <wcet number="0">20</wcet>
            <wcet number="1">20</wcet>
            <maxpow number="0.8569670198831274"/>
            <maxpow number="0.8569670198831274"/>
            <fprob>0.0</fprob>
        </actor>
        <actor name="D0N2">
            <wcet number="0">80</wcet>
            <wcet number="1">100</wcet>
            <maxpow number="0.59595092504023"/>
            <maxpow number="0.59595092504023"/>
            <fprob>0.0</fprob>
        </actor>
        <actor name="D0N28">
            <wcet number="0">30</wcet>
            <wcet number="1">110</wcet>
            <maxpow number="0.4374122654245235"/>
            <maxpow number="0.4374122654245235"/>
            <fprob>0.0</fprob>
        </actor>
        <ports>
            <port dstActor="D0N37" name="p0" srcActor="D0N9"/>
            <port dstActor="D0N41" name="p1" srcActor="D0N8"/>
            <port dstActor="D0N43" name="p2" srcActor="D0N8"/>
            <port dstActor="D0N19" name="p3" srcActor="D0N18"/>
            <port dstActor="D0N44" name="p4" srcActor="D0N32"/>
            <port dstActor="D0N27" name="p5" srcActor="D0N7"/>
            <port dstActor="D0N12" name="p6" srcActor="D0N7"/>
            <port dstActor="D0N33" name="p7" srcActor="D0N7"/>
            <port dstActor="D0N37" name="p8" srcActor="D0N7"/>
            <port dstActor="D0N9" name="p9" srcActor="D0N7"/>
            <port dstActor="D0N36" name="p10" srcActor="D0N7"/>
            <port dstActor="D0N21" name="p11" srcActor="D0N7"/>
            <port dstActor="D0N25" name="p12" srcActor="D0N5"/>
            <port dstActor="D0N36" name="p13" srcActor="D0N5"/>
            <port dstActor="D0N39" name="p14" srcActor="D0N5"/>
            <port dstActor="D0N21" name="p15" srcActor="D0N19"/>
            <port dstActor="D0N37" name="p16" srcActor="D0N19"/>
            <port dstActor="D0N41" name="p17" srcActor="D0N19"/>
            <port dstActor="D0N39" name="p18" srcActor="D0N30"/>
            <port dstActor="D0N40" name="p19" srcActor="D0N30"/>
            <port dstActor="D0N36" name="p20" srcActor="D0N30"/>
            <port dstActor="D0N41" name="p21" srcActor="D0N22"/>
            <port dstActor="D0N40" name="p22" srcActor="D0N22"/>
            <port dstActor="D0N23" name="p23" srcActor="D0N22"/>
            <port dstActor="D0N25" name="p24" srcActor="D0N16"/>
            <port dstActor="D0N42" name="p25" srcActor="D0N16"/>
            <port dstActor="D0N30" name="p26" srcActor="D0N16"/>
            <port dstActor="D0N24" name="p27" srcActor="D0N12"/>
            <port dstActor="D0N40" name="p28" srcActor="D0N12"/>
            <port dstActor="D0N31" name="p29" srcActor="D0N12"/>
            <port dstActor="D0N32" name="p30" srcActor="D0N12"/>
            <port dstActor="D0N41" name="p31" srcActor="D0N12"/>
            <port dstActor="D0N29" name="p32" srcActor="D0N12"/>
            <port dstActor="D0N27" name="p33" srcActor="D0N12"/>
            <port dstActor="D0N19" name="p34" srcActor="D0N12"/>
            <port dstActor="D0N29" name="p35" srcActor="D0N15"/>
            <port dstActor="D0N27" name="p36" srcActor="D0N15"/>
            <port dstActor="D0N31" name="p37" srcActor="D0N21"/>
            <port dstActor="D0N38" name="p38" srcActor="D0N21"/>
            <port dstActor="D0N41" name="p39" srcActor="D0N21"/>
            <port dstActor="D0N41" name="p40" srcActor="D0N35"/>
            <port dstActor="D0N37" name="p41" srcActor="D0N35"/>
            <port dstActor="D0N18" name="p42" srcActor="D0N1"/>
            <port dstActor="D0N36" name="p43" srcActor="D0N1"/>
            <port dstActor="D0N13" name="p44" srcActor="D0N1"/>
            <port dstActor="D0N33" name="p45" srcActor="D0N1"/>
            <port dstActor="D0N8" name="p46" srcActor="D0N1"/>
            <port dstActor="D0N21" name="p47" srcActor="D0N1"/>
            <port dstActor="D0N44" name="p48" srcActor="D0N17"/>
            <port dstActor="D0N26" name="p49" srcActor="D0N17"/>
            <port dstActor="D0N20" name="p50" srcActor="D0N17"/>
            <port dstActor="D0N31" name="p51" srcActor="D0N17"/>
            <port dstActor="D0N37" name="p52" srcActor="D0N17"/>
            <port dstActor="D0N32" name="p53" srcActor="D0N17"/>
            <port dstActor="D0N24" name="p54" srcActor="D0N17"/>
            <port dstActor="D0N12" name="p55" srcActor="D0N3"/>
            <port dstActor="D0N26" name="p56" srcActor="D0N3"/>
            <port dstActor="D0N6" name="p57" srcActor="D0N3"/>
            <port dstActor="D0N13" name="p58" srcActor="D0N3"/>
            <port dstActor="D0N38" name="p59" srcActor="D0N24"/>
            <port dstActor="D0N28" name="p60" srcActor="D0N24"/>
            <port dstActor="D0N39" name="p61" srcActor="D0N24"/>
            <port dstActor="D0N17" name="p62" srcActor="D0N11"/>
            <port dstActor="D0N31" name="p63" srcActor="D0N11"/>
            <port dstActor="D0N19" name="p64" srcActor="D0N11"/>
            <port dstActor="D0N34" name="p65" srcActor="D0N11"/>
            <port dstActor="D0N28" name="p66" srcActor="D0N11"/>
            <port dstActor="D0N36" name="p67" srcActor="D0N23"/>
            <port dstActor="D0N40" name="p68" srcActor="D0N23"/>
            <port dstActor="D0N37" name="p69" srcActor="D0N26"/>
            <port dstActor="D0N41" name="p70" srcActor="D0N26"/>
            <port dstActor="D0N36" name="p71" srcActor="D0N31"/>
            <port dstActor="D0N14" name="p72" srcActor="D0N4"/>
            <port dstActor="D0N30" name="p73" srcActor="D0N4"/>
            <port dstActor="D0N16" name="p74" srcActor="D0N4"/>
            <port dstActor="D0N8" name="p75" srcActor="D0N4"/>
            <port dstActor="D0N22" name="p76" srcActor="D0N4"/>
            <port dstActor="D0N36" name="p77" srcActor="D0N14"/>
            <port dstActor="D0N32" name="p78" srcActor="D0N14"/>
            <port dstActor="D0N37" name="p79" srcActor="D0N14"/>
            <port dstActor="D0N15" name="p80" srcActor="D0N14"/>
            <port dstActor="D0N36" name="p81" srcActor="D0N6"/>
            <port dstActor="D0N9" name="p82" srcActor="D0N6"/>
            <port dstActor="D0N10" name="p83" srcActor="D0N6"/>
            <port dstActor="D0N43" name="p84" srcActor="D0N20"/>
            <port dstActor="D0N25" name="p85" srcActor="D0N20"/>
            <port dstActor="D0N34" name="p86" srcActor="D0N20"/>
            <port dstActor="D0N39" name="p87" srcActor="D0N33"/>
            <port dstActor="D0N28" name="p88" srcActor="D0N10"/>
            <port dstActor="D0N20" name="p89" srcActor="D0N10"/>
            <port dstActor="D0N11" name="p90" srcActor="D0N10"/>
            <port dstActor="D0N37" name="p91" srcActor="D0N25"/>
            <port dstActor="D0N42" name="p92" srcActor="D0N25"/>
            <port dstActor="D0N34" name="p93" srcActor="D0N27"/>
            <port dstActor="D0N25" name="p94" srcActor="D0N0"/>
            <port dstActor="D0N38" name="p95" srcActor="D0N0"/>
            <port dstActor="D0N40" name="p96" srcActor="D0N39"/>
            <port dstActor="D0N29" name="p97" srcActor="D0N2"/>
            <port dstActor="D0N32" name="p98" srcActor="D0N2"/>
            <port dstActor="D0N18" name="p99" srcActor="D0N2"/>
            <port dstActor="D0N17" name="p100" srcActor="D0N2"/>
            <port dstActor="D0N10" name="p101" srcActor="D0N2"/>
            <port dstActor="D0N39" name="p102" srcActor="D0N28"/>
            <port dstActor="D0N43" name="p103" srcActor="D0N28"/>
            <port dstActor="D0N44" name="p104" srcActor="D0N28"/>
        </ports>
    </mcdag>
    <cores number="2"/>
    <levels number="2"/>
</mcsystem>
