<?xml version="1.0" encoding="UTF-8" standalone="no"?>
<mcsystem>
    <mcdag deadline="1500" name="genned-0-ed-10.0-0">
        <actor name="D0N32">
            <wcet number="0">30</wcet>
            <wcet number="1">50</wcet>
            <maxpow number="0.5848163836582986"/>
            <maxpow number="0.5848163836582986"/>
            <fprob>0.0</fprob>
        </actor>
        <actor name="D0N1">
            <wcet number="0">20</wcet>
            <wcet number="1">30</wcet>
            <maxpow number="0.40755006063210997"/>
            <maxpow number="0.40755006063210997"/>
            <fprob>0.0</fprob>
        </actor>
        <actor name="D0N22">
            <wcet number="0">10</wcet>
            <wcet number="1">150</wcet>
            <maxpow number="0.5858472467968202"/>
            <maxpow number="0.5858472467968202"/>
            <fprob>0.0</fprob>
        </actor>
        <actor name="D0N6">
            <wcet number="0">10</wcet>
            <wcet number="1">40</wcet>
            <maxpow number="0.5996179754487769"/>
            <maxpow number="0.5996179754487769"/>
            <fprob>0.0</fprob>
        </actor>
        <actor name="D0N40">
            <wcet number="0">20</wcet>
            <wcet number="1">30</wcet>
            <maxpow number="0.4152703723787072"/>
            <maxpow number="0.4152703723787072"/>
            <fprob>0.0</fprob>
        </actor>
        <actor name="D0N10">
            <wcet number="0">10</wcet>
            <wcet number="1">10</wcet>
            <maxpow number="0.4204850152959725"/>
            <maxpow number="0.4204850152959725"/>
            <fprob>0.0</fprob>
        </actor>
        <actor name="D0N9">
            <wcet number="0">40</wcet>
            <wcet number="1">50</wcet>
            <maxpow number="0.5812394673194604"/>
            <maxpow number="0.5812394673194604"/>
            <fprob>0.0</fprob>
        </actor>
        <actor name="D0N38">
            <wcet number="0">220</wcet>
            <wcet number="1">240</wcet>
            <maxpow number="0.3238336029190261"/>
            <maxpow number="0.3238336029190261"/>
            <fprob>0.0</fprob>
        </actor>
        <actor name="D0N19">
            <wcet number="0">20</wcet>
            <wcet number="1">20</wcet>
            <maxpow number="0.4040372839474804"/>
            <maxpow number="0.4040372839474804"/>
            <fprob>0.0</fprob>
        </actor>
        <actor name="D0N0">
            <wcet number="0">40</wcet>
            <wcet number="1">70</wcet>
            <maxpow number="0.5796298243944965"/>
            <maxpow number="0.5796298243944965"/>
            <fprob>0.0</fprob>
        </actor>
        <actor name="D0N44">
            <wcet number="0">110</wcet>
            <wcet number="1">120</wcet>
            <maxpow number="0.42885941309166886"/>
            <maxpow number="0.42885941309166886"/>
            <fprob>0.0</fprob>
        </actor>
        <actor name="D0N2">
            <wcet number="0">10</wcet>
            <wcet number="1">10</wcet>
            <maxpow number="0.628482424403495"/>
            <maxpow number="0.628482424403495"/>
            <fprob>0.0</fprob>
        </actor>
        <actor name="D0N21">
            <wcet number="0">50</wcet>
            <wcet number="1">50</wcet>
            <maxpow number="0.5309208296795782"/>
            <maxpow number="0.5309208296795782"/>
            <fprob>0.0</fprob>
        </actor>
        <actor name="D0N33">
            <wcet number="0">30</wcet>
            <wcet number="1">90</wcet>
            <maxpow number="0.5671029732964145"/>
            <maxpow number="0.5671029732964145"/>
            <fprob>0.0</fprob>
        </actor>
        <actor name="D0N37">
            <wcet number="0">40</wcet>
            <wcet number="1">80</wcet>
            <maxpow number="0.7637842363015384"/>
            <maxpow number="0.7637842363015384"/>
            <fprob>0.0</fprob>
        </actor>
        <actor name="D0N42">
            <wcet number="0">30</wcet>
            <wcet number="1">30</wcet>
            <maxpow number="0.6203296925835454"/>
            <maxpow number="0.6203296925835454"/>
            <fprob>0.0</fprob>
        </actor>
        <actor name="D0N36">
            <wcet number="0">10</wcet>
            <wcet number="1">10</wcet>
            <maxpow number="0.4669073463935154"/>
            <maxpow number="0.4669073463935154"/>
            <fprob>0.0</fprob>
        </actor>
        <actor name="D0N47">
            <wcet number="0">220</wcet>
            <wcet number="1">270</wcet>
            <maxpow number="0.5435825057748246"/>
            <maxpow number="0.5435825057748246"/>
            <fprob>0.0</fprob>
        </actor>
        <actor name="D0N13">
            <wcet number="0">10</wcet>
            <wcet number="1">70</wcet>
            <maxpow number="0.7497456557240552"/>
            <maxpow number="0.7497456557240552"/>
            <fprob>0.0</fprob>
        </actor>
        <actor name="D0N25">
            <wcet number="0">10</wcet>
            <wcet number="1">50</wcet>
            <maxpow number="0.4498701498799924"/>
            <maxpow number="0.4498701498799924"/>
            <fprob>0.0</fprob>
        </actor>
        <actor name="D0N35">
            <wcet number="0">40</wcet>
            <wcet number="1">60</wcet>
            <maxpow number="0.7915453427019903"/>
            <maxpow number="0.7915453427019903"/>
            <fprob>0.0</fprob>
        </actor>
        <actor name="D0N30">
            <wcet number="0">60</wcet>
            <wcet number="1">110</wcet>
            <maxpow number="0.48149157955181365"/>
            <maxpow number="0.48149157955181365"/>
            <fprob>0.0</fprob>
        </actor>
        <actor name="D0N41">
            <wcet number="0">160</wcet>
            <wcet number="1">160</wcet>
            <maxpow number="0.5909481337056884"/>
            <maxpow number="0.5909481337056884"/>
            <fprob>0.0</fprob>
        </actor>
        <actor name="D0N29">
            <wcet number="0">60</wcet>
            <wcet number="1">70</wcet>
            <maxpow number="0.5784573967043094"/>
            <maxpow number="0.5784573967043094"/>
            <fprob>0.0</fprob>
        </actor>
        <actor name="D0N20">
            <wcet number="0">30</wcet>
            <wcet number="1">30</wcet>
            <maxpow number="0.668814546262065"/>
            <maxpow number="0.668814546262065"/>
            <fprob>0.0</fprob>
        </actor>
        <actor name="D0N5">
            <wcet number="0">10</wcet>
            <wcet number="1">10</wcet>
            <maxpow number="0.71723328654547"/>
            <maxpow number="0.71723328654547"/>
            <fprob>0.0</fprob>
        </actor>
        <actor name="D0N46">
            <wcet number="0">20</wcet>
            <wcet number="1">80</wcet>
            <maxpow number="0.7633079602678132"/>
            <maxpow number="0.7633079602678132"/>
            <fprob>0.0</fprob>
        </actor>
        <actor name="D0N26">
            <wcet number="0">40</wcet>
            <wcet number="1">50</wcet>
            <maxpow number="0.5665734990599672"/>
            <maxpow number="0.5665734990599672"/>
            <fprob>0.0</fprob>
        </actor>
        <actor name="D0N16">
            <wcet number="0">40</wcet>
            <wcet number="1">40</wcet>
            <maxpow number="0.5453344697932884"/>
            <maxpow number="0.5453344697932884"/>
            <fprob>0.0</fprob>
        </actor>
        <actor name="D0N34">
            <wcet number="0">80</wcet>
            <wcet number="1">120</wcet>
            <maxpow number="0.323686537536783"/>
            <maxpow number="0.323686537536783"/>
            <fprob>0.0</fprob>
        </actor>
        <actor name="D0N24">
            <wcet number="0">50</wcet>
            <wcet number="1">150</wcet>
            <maxpow number="0.6784321156819703"/>
            <maxpow number="0.6784321156819703"/>
            <fprob>0.0</fprob>
        </actor>
        <actor name="D0N39">
            <wcet number="0">20</wcet>
            <wcet number="1">50</wcet>
            <maxpow number="0.6838829602680911"/>
            <maxpow number="0.6838829602680911"/>
            <fprob>0.0</fprob>
        </actor>
        <actor name="D0N7">
            <wcet number="0">70</wcet>
            <wcet number="1">70</wcet>
            <maxpow number="0.6172484894613129"/>
            <maxpow number="0.6172484894613129"/>
            <fprob>0.0</fprob>
        </actor>
        <actor name="D0N28">
            <wcet number="0">40</wcet>
            <wcet number="1">70</wcet>
            <maxpow number="0.38987261716161525"/>
            <maxpow number="0.38987261716161525"/>
            <fprob>0.0</fprob>
        </actor>
        <actor name="D0N17">
            <wcet number="0">10</wcet>
            <wcet number="1">30</wcet>
            <maxpow number="0.614477196629774"/>
            <maxpow number="0.614477196629774"/>
            <fprob>0.0</fprob>
        </actor>
        <actor name="D0N15">
            <wcet number="0">20</wcet>
            <wcet number="1">20</wcet>
            <maxpow number="0.5280372145579271"/>
            <maxpow number="0.5280372145579271"/>
            <fprob>0.0</fprob>
        </actor>
        <actor name="D0N4">
            <wcet number="0">40</wcet>
            <wcet number="1">70</wcet>
            <maxpow number="0.4005763041921464"/>
            <maxpow number="0.4005763041921464"/>
            <fprob>0.0</fprob>
        </actor>
        <actor name="D0N14">
            <wcet number="0">40</wcet>
            <wcet number="1">70</wcet>
            <maxpow number="0.8642838362843295"/>
            <maxpow number="0.8642838362843295"/>
            <fprob>0.0</fprob>
        </actor>
        <actor name="D0N27">
            <wcet number="0">30</wcet>
            <wcet number="1">50</wcet>
            <maxpow number="0.7078777266246272"/>
            <maxpow number="0.7078777266246272"/>
            <fprob>0.0</fprob>
        </actor>
        <actor name="D0N8">
            <wcet number="0">50</wcet>
            <wcet number="1">50</wcet>
            <maxpow number="0.38425680563830894"/>
            <maxpow number="0.38425680563830894"/>
            <fprob>0.0</fprob>
        </actor>
        <actor name="D0N12">
            <wcet number="0">30</wcet>
            <wcet number="1">50</wcet>
            <maxpow number="0.759124855593303"/>
            <maxpow number="0.759124855593303"/>
            <fprob>0.0</fprob>
        </actor>
        <actor name="D0N11">
            <wcet number="0">20</wcet>
            <wcet number="1">40</wcet>
            <maxpow number="0.6332538724271307"/>
            <maxpow number="0.6332538724271307"/>
            <fprob>0.0</fprob>
        </actor>
        <actor name="D0N23">
            <wcet number="0">20</wcet>
            <wcet number="1">60</wcet>
            <maxpow number="0.6672136669952324"/>
            <maxpow number="0.6672136669952324"/>
            <fprob>0.0</fprob>
        </actor>
        <actor name="D0N43">
            <wcet number="0">30</wcet>
            <wcet number="1">250</wcet>
            <maxpow number="0.5629125810760448"/>
            <maxpow number="0.5629125810760448"/>
            <fprob>0.0</fprob>
        </actor>
        <actor name="D0N48">
            <wcet number="0">60</wcet>
            <wcet number="1">90</wcet>
            <maxpow number="0.660153615940045"/>
            <maxpow number="0.660153615940045"/>
            <fprob>0.0</fprob>
        </actor>
        <actor name="D0N18">
            <wcet number="0">30</wcet>
            <wcet number="1">30</wcet>
            <maxpow number="0.4897820620703939"/>
            <maxpow number="0.4897820620703939"/>
            <fprob>0.0</fprob>
        </actor>
        <actor name="D0N45">
            <wcet number="0">20</wcet>
            <wcet number="1">160</wcet>
            <maxpow number="0.355644735475013"/>
            <maxpow number="0.355644735475013"/>
            <fprob>0.0</fprob>
        </actor>
        <actor name="D0N31">
            <wcet number="0">180</wcet>
            <wcet number="1">220</wcet>
            <maxpow number="0.3942660509989691"/>
            <maxpow number="0.3942660509989691"/>
            <fprob>0.0</fprob>
        </actor>
        <actor name="D0N3">
            <wcet number="0">20</wcet>
            <wcet number="1">20</wcet>
            <maxpow number="0.7377732843080969"/>
            <maxpow number="0.7377732843080969"/>
            <fprob>0.0</fprob>
        </actor>
        <ports>
            <port dstActor="D0N42" name="p0" srcActor="D0N32"/>
            <port dstActor="D0N37" name="p1" srcActor="D0N1"/>
            <port dstActor="D0N5" name="p2" srcActor="D0N1"/>
            <port dstActor="D0N4" name="p3" srcActor="D0N1"/>
            <port dstActor="D0N34" name="p4" srcActor="D0N22"/>
            <port dstActor="D0N36" name="p5" srcActor="D0N22"/>
            <port dstActor="D0N12" name="p6" srcActor="D0N6"/>
            <port dstActor="D0N30" name="p7" srcActor="D0N6"/>
            <port dstActor="D0N38" name="p8" srcActor="D0N6"/>
            <port dstActor="D0N9" name="p9" srcActor="D0N6"/>
            <port dstActor="D0N36" name="p10" srcActor="D0N6"/>
            <port dstActor="D0N27" name="p11" srcActor="D0N6"/>
            <port dstActor="D0N8" name="p12" srcActor="D0N6"/>
            <port dstActor="D0N42" name="p13" srcActor="D0N40"/>
            <port dstActor="D0N41" name="p14" srcActor="D0N10"/>
            <port dstActor="D0N43" name="p15" srcActor="D0N10"/>
            <port dstActor="D0N26" name="p16" srcActor="D0N10"/>
            <port dstActor="D0N32" name="p17" srcActor="D0N10"/>
            <port dstActor="D0N11" name="p18" srcActor="D0N9"/>
            <port dstActor="D0N29" name="p19" srcActor="D0N9"/>
            <port dstActor="D0N44" name="p20" srcActor="D0N9"/>
            <port dstActor="D0N40" name="p21" srcActor="D0N38"/>
            <port dstActor="D0N35" name="p22" srcActor="D0N19"/>
            <port dstActor="D0N30" name="p23" srcActor="D0N19"/>
            <port dstActor="D0N35" name="p24" srcActor="D0N0"/>
            <port dstActor="D0N3" name="p25" srcActor="D0N0"/>
            <port dstActor="D0N34" name="p26" srcActor="D0N0"/>
            <port dstActor="D0N28" name="p27" srcActor="D0N0"/>
            <port dstActor="D0N11" name="p28" srcActor="D0N0"/>
            <port dstActor="D0N16" name="p29" srcActor="D0N0"/>
            <port dstActor="D0N27" name="p30" srcActor="D0N0"/>
            <port dstActor="D0N35" name="p31" srcActor="D0N2"/>
            <port dstActor="D0N6" name="p32" srcActor="D0N2"/>
            <port dstActor="D0N44" name="p33" srcActor="D0N2"/>
            <port dstActor="D0N13" name="p34" srcActor="D0N2"/>
            <port dstActor="D0N32" name="p35" srcActor="D0N21"/>
            <port dstActor="D0N35" name="p36" srcActor="D0N21"/>
            <port dstActor="D0N30" name="p37" srcActor="D0N21"/>
            <port dstActor="D0N44" name="p38" srcActor="D0N21"/>
            <port dstActor="D0N47" name="p39" srcActor="D0N33"/>
            <port dstActor="D0N43" name="p40" srcActor="D0N42"/>
            <port dstActor="D0N39" name="p41" srcActor="D0N36"/>
            <port dstActor="D0N46" name="p42" srcActor="D0N36"/>
            <port dstActor="D0N47" name="p43" srcActor="D0N36"/>
            <port dstActor="D0N36" name="p44" srcActor="D0N13"/>
            <port dstActor="D0N38" name="p45" srcActor="D0N13"/>
            <port dstActor="D0N16" name="p46" srcActor="D0N13"/>
            <port dstActor="D0N27" name="p47" srcActor="D0N13"/>
            <port dstActor="D0N37" name="p48" srcActor="D0N13"/>
            <port dstActor="D0N35" name="p49" srcActor="D0N13"/>
            <port dstActor="D0N44" name="p50" srcActor="D0N13"/>
            <port dstActor="D0N46" name="p51" srcActor="D0N25"/>
            <port dstActor="D0N40" name="p52" srcActor="D0N25"/>
            <port dstActor="D0N27" name="p53" srcActor="D0N25"/>
            <port dstActor="D0N39" name="p54" srcActor="D0N30"/>
            <port dstActor="D0N31" name="p55" srcActor="D0N30"/>
            <port dstActor="D0N48" name="p56" srcActor="D0N41"/>
            <port dstActor="D0N37" name="p57" srcActor="D0N29"/>
            <port dstActor="D0N40" name="p58" srcActor="D0N20"/>
            <port dstActor="D0N31" name="p59" srcActor="D0N20"/>
            <port dstActor="D0N35" name="p60" srcActor="D0N5"/>
            <port dstActor="D0N28" name="p61" srcActor="D0N5"/>
            <port dstActor="D0N30" name="p62" srcActor="D0N26"/>
            <port dstActor="D0N19" name="p63" srcActor="D0N16"/>
            <port dstActor="D0N43" name="p64" srcActor="D0N16"/>
            <port dstActor="D0N21" name="p65" srcActor="D0N7"/>
            <port dstActor="D0N12" name="p66" srcActor="D0N7"/>
            <port dstActor="D0N29" name="p67" srcActor="D0N28"/>
            <port dstActor="D0N41" name="p68" srcActor="D0N28"/>
            <port dstActor="D0N43" name="p69" srcActor="D0N17"/>
            <port dstActor="D0N45" name="p70" srcActor="D0N17"/>
            <port dstActor="D0N41" name="p71" srcActor="D0N17"/>
            <port dstActor="D0N25" name="p72" srcActor="D0N17"/>
            <port dstActor="D0N34" name="p73" srcActor="D0N17"/>
            <port dstActor="D0N28" name="p74" srcActor="D0N15"/>
            <port dstActor="D0N45" name="p75" srcActor="D0N15"/>
            <port dstActor="D0N23" name="p76" srcActor="D0N15"/>
            <port dstActor="D0N29" name="p77" srcActor="D0N15"/>
            <port dstActor="D0N8" name="p78" srcActor="D0N4"/>
            <port dstActor="D0N24" name="p79" srcActor="D0N4"/>
            <port dstActor="D0N36" name="p80" srcActor="D0N14"/>
            <port dstActor="D0N34" name="p81" srcActor="D0N14"/>
            <port dstActor="D0N48" name="p82" srcActor="D0N14"/>
            <port dstActor="D0N47" name="p83" srcActor="D0N27"/>
            <port dstActor="D0N13" name="p84" srcActor="D0N8"/>
            <port dstActor="D0N45" name="p85" srcActor="D0N8"/>
            <port dstActor="D0N12" name="p86" srcActor="D0N8"/>
            <port dstActor="D0N19" name="p87" srcActor="D0N8"/>
            <port dstActor="D0N32" name="p88" srcActor="D0N12"/>
            <port dstActor="D0N27" name="p89" srcActor="D0N12"/>
            <port dstActor="D0N15" name="p90" srcActor="D0N12"/>
            <port dstActor="D0N24" name="p91" srcActor="D0N11"/>
            <port dstActor="D0N17" name="p92" srcActor="D0N11"/>
            <port dstActor="D0N39" name="p93" srcActor="D0N11"/>
            <port dstActor="D0N19" name="p94" srcActor="D0N11"/>
            <port dstActor="D0N29" name="p95" srcActor="D0N11"/>
            <port dstActor="D0N42" name="p96" srcActor="D0N11"/>
            <port dstActor="D0N16" name="p97" srcActor="D0N11"/>
            <port dstActor="D0N34" name="p98" srcActor="D0N23"/>
            <port dstActor="D0N29" name="p99" srcActor="D0N23"/>
            <port dstActor="D0N47" name="p100" srcActor="D0N43"/>
            <port dstActor="D0N26" name="p101" srcActor="D0N18"/>
            <port dstActor="D0N40" name="p102" srcActor="D0N18"/>
            <port dstActor="D0N48" name="p103" srcActor="D0N45"/>
            <port dstActor="D0N47" name="p104" srcActor="D0N31"/>
            <port dstActor="D0N10" name="p105" srcActor="D0N3"/>
            <port dstActor="D0N9" name="p106" srcActor="D0N3"/>
            <port dstActor="D0N12" name="p107" srcActor="D0N3"/>
            <port dstActor="D0N24" name="p108" srcActor="D0N3"/>
        </ports>
    </mcdag>
    <cores number="3"/>
    <levels number="2"/>
</mcsystem>
