<?xml version="1.0" encoding="UTF-8" standalone="no"?>
<mcsystem>
    <mcdag deadline="2200" name="genned-0-ed-10.0-0">
        <actor name="D0N21">
            <wcet number="0">10</wcet>
            <wcet number="1">10</wcet>
            <maxpow number="0.5355368579241198"/>
            <maxpow number="0.5355368579241198"/>
            <fprob>0.0</fprob>
        </actor>
        <actor name="D0N17">
            <wcet number="0">80</wcet>
            <wcet number="1">90</wcet>
            <maxpow number="0.5303048626348208"/>
            <maxpow number="0.5303048626348208"/>
            <fprob>0.0</fprob>
        </actor>
        <actor name="D0N12">
            <wcet number="0">70</wcet>
            <wcet number="1">110</wcet>
            <maxpow number="0.4662234845302441"/>
            <maxpow number="0.4662234845302441"/>
            <fprob>0.0</fprob>
        </actor>
        <actor name="D0N11">
            <wcet number="0">20</wcet>
            <wcet number="1">30</wcet>
            <maxpow number="0.4804807109067829"/>
            <maxpow number="0.4804807109067829"/>
            <fprob>0.0</fprob>
        </actor>
        <actor name="D0N24">
            <wcet number="0">60</wcet>
            <wcet number="1">60</wcet>
            <maxpow number="0.6624666976530771"/>
            <maxpow number="0.6624666976530771"/>
            <fprob>0.0</fprob>
        </actor>
        <actor name="D0N47">
            <wcet number="0">10</wcet>
            <wcet number="1">30</wcet>
            <maxpow number="0.5399042655845958"/>
            <maxpow number="0.5399042655845958"/>
            <fprob>0.0</fprob>
        </actor>
        <actor name="D0N45">
            <wcet number="0">20</wcet>
            <wcet number="1">50</wcet>
            <maxpow number="0.6790080224475633"/>
            <maxpow number="0.6790080224475633"/>
            <fprob>0.0</fprob>
        </actor>
        <actor name="D0N26">
            <wcet number="0">20</wcet>
            <wcet number="1">30</wcet>
            <maxpow number="0.545479430373247"/>
            <maxpow number="0.545479430373247"/>
            <fprob>0.0</fprob>
        </actor>
        <actor name="D0N49">
            <wcet number="0">50</wcet>
            <wcet number="1">60</wcet>
            <maxpow number="0.8626043785390584"/>
            <maxpow number="0.8626043785390584"/>
            <fprob>0.0</fprob>
        </actor>
        <actor name="D0N30">
            <wcet number="0">30</wcet>
            <wcet number="1">40</wcet>
            <maxpow number="0.5913897709048973"/>
            <maxpow number="0.5913897709048973"/>
            <fprob>0.0</fprob>
        </actor>
        <actor name="D0N3">
            <wcet number="0">150</wcet>
            <wcet number="1">210</wcet>
            <maxpow number="0.6011889755591824"/>
            <maxpow number="0.6011889755591824"/>
            <fprob>0.0</fprob>
        </actor>
        <actor name="D0N33">
            <wcet number="0">220</wcet>
            <wcet number="1">220</wcet>
            <maxpow number="0.4724286467394391"/>
            <maxpow number="0.4724286467394391"/>
            <fprob>0.0</fprob>
        </actor>
        <actor name="D0N32">
            <wcet number="0">10</wcet>
            <wcet number="1">20</wcet>
            <maxpow number="0.29667185050012634"/>
            <maxpow number="0.29667185050012634"/>
            <fprob>0.0</fprob>
        </actor>
        <actor name="D0N34">
            <wcet number="0">10</wcet>
            <wcet number="1">100</wcet>
            <maxpow number="0.29316614938496877"/>
            <maxpow number="0.29316614938496877"/>
            <fprob>0.0</fprob>
        </actor>
        <actor name="D0N39">
            <wcet number="0">30</wcet>
            <wcet number="1">100</wcet>
            <maxpow number="0.5953295861950693"/>
            <maxpow number="0.5953295861950693"/>
            <fprob>0.0</fprob>
        </actor>
        <actor name="D0N40">
            <wcet number="0">60</wcet>
            <wcet number="1">60</wcet>
            <maxpow number="0.7329101555849099"/>
            <maxpow number="0.7329101555849099"/>
            <fprob>0.0</fprob>
        </actor>
        <actor name="D0N25">
            <wcet number="0">40</wcet>
            <wcet number="1">130</wcet>
            <maxpow number="0.7124588205123799"/>
            <maxpow number="0.7124588205123799"/>
            <fprob>0.0</fprob>
        </actor>
        <actor name="D0N36">
            <wcet number="0">200</wcet>
            <wcet number="1">430</wcet>
            <maxpow number="0.3761402142961866"/>
            <maxpow number="0.3761402142961866"/>
            <fprob>0.0</fprob>
        </actor>
        <actor name="D0N6">
            <wcet number="0">200</wcet>
            <wcet number="1">260</wcet>
            <maxpow number="0.29651018421821035"/>
            <maxpow number="0.29651018421821035"/>
            <fprob>0.0</fprob>
        </actor>
        <actor name="D0N10">
            <wcet number="0">10</wcet>
            <wcet number="1">40</wcet>
            <maxpow number="0.5449075996499735"/>
            <maxpow number="0.5449075996499735"/>
            <fprob>0.0</fprob>
        </actor>
        <actor name="D0N44">
            <wcet number="0">170</wcet>
            <wcet number="1">420</wcet>
            <maxpow number="0.29686478752757556"/>
            <maxpow number="0.29686478752757556"/>
            <fprob>0.0</fprob>
        </actor>
        <actor name="D0N16">
            <wcet number="0">170</wcet>
            <wcet number="1">290</wcet>
            <maxpow number="0.44361353267773523"/>
            <maxpow number="0.44361353267773523"/>
            <fprob>0.0</fprob>
        </actor>
        <actor name="D0N20">
            <wcet number="0">40</wcet>
            <wcet number="1">120</wcet>
            <maxpow number="0.5539735927720564"/>
            <maxpow number="0.5539735927720564"/>
            <fprob>0.0</fprob>
        </actor>
        <actor name="D0N31">
            <wcet number="0">10</wcet>
            <wcet number="1">40</wcet>
            <maxpow number="0.7204505666376176"/>
            <maxpow number="0.7204505666376176"/>
            <fprob>0.0</fprob>
        </actor>
        <actor name="D0N35">
            <wcet number="0">40</wcet>
            <wcet number="1">40</wcet>
            <maxpow number="0.5001948188021029"/>
            <maxpow number="0.5001948188021029"/>
            <fprob>0.0</fprob>
        </actor>
        <actor name="D0N4">
            <wcet number="0">20</wcet>
            <wcet number="1">50</wcet>
            <maxpow number="0.24722143705901356"/>
            <maxpow number="0.24722143705901356"/>
            <fprob>0.0</fprob>
        </actor>
        <actor name="D0N14">
            <wcet number="0">10</wcet>
            <wcet number="1">10</wcet>
            <maxpow number="0.7708932028747424"/>
            <maxpow number="0.7708932028747424"/>
            <fprob>0.0</fprob>
        </actor>
        <actor name="D0N42">
            <wcet number="0">80</wcet>
            <wcet number="1">120</wcet>
            <maxpow number="0.42810062643570895"/>
            <maxpow number="0.42810062643570895"/>
            <fprob>0.0</fprob>
        </actor>
        <actor name="D0N2">
            <wcet number="0">50</wcet>
            <wcet number="1">60</wcet>
            <maxpow number="0.35150828589103134"/>
            <maxpow number="0.35150828589103134"/>
            <fprob>0.0</fprob>
        </actor>
        <actor name="D0N1">
            <wcet number="0">70</wcet>
            <wcet number="1">70</wcet>
            <maxpow number="0.30928607670691777"/>
            <maxpow number="0.30928607670691777"/>
            <fprob>0.0</fprob>
        </actor>
        <actor name="D0N43">
            <wcet number="0">40</wcet>
            <wcet number="1">240</wcet>
            <maxpow number="0.30603520122650957"/>
            <maxpow number="0.30603520122650957"/>
            <fprob>0.0</fprob>
        </actor>
        <actor name="D0N38">
            <wcet number="0">60</wcet>
            <wcet number="1">230</wcet>
            <maxpow number="0.8284685918369021"/>
            <maxpow number="0.8284685918369021"/>
            <fprob>0.0</fprob>
        </actor>
        <actor name="D0N48">
            <wcet number="0">10</wcet>
            <wcet number="1">30</wcet>
            <maxpow number="0.62851676787819"/>
            <maxpow number="0.62851676787819"/>
            <fprob>0.0</fprob>
        </actor>
        <actor name="D0N46">
            <wcet number="0">120</wcet>
            <wcet number="1">230</wcet>
            <maxpow number="0.33214473482965245"/>
            <maxpow number="0.33214473482965245"/>
            <fprob>0.0</fprob>
        </actor>
        <actor name="D0N22">
            <wcet number="0">10</wcet>
            <wcet number="1">20</wcet>
            <maxpow number="0.5560240804822164"/>
            <maxpow number="0.5560240804822164"/>
            <fprob>0.0</fprob>
        </actor>
        <actor name="D0N15">
            <wcet number="0">60</wcet>
            <wcet number="1">320</wcet>
            <maxpow number="0.6058037681564982"/>
            <maxpow number="0.6058037681564982"/>
            <fprob>0.0</fprob>
        </actor>
        <actor name="D0N19">
            <wcet number="0">40</wcet>
            <wcet number="1">90</wcet>
            <maxpow number="0.3768360055406875"/>
            <maxpow number="0.3768360055406875"/>
            <fprob>0.0</fprob>
        </actor>
        <actor name="D0N5">
            <wcet number="0">70</wcet>
            <wcet number="1">100</wcet>
            <maxpow number="0.2500573022258832"/>
            <maxpow number="0.2500573022258832"/>
            <fprob>0.0</fprob>
        </actor>
        <actor name="D0N23">
            <wcet number="0">10</wcet>
            <wcet number="1">20</wcet>
            <maxpow number="0.4363118817585963"/>
            <maxpow number="0.4363118817585963"/>
            <fprob>0.0</fprob>
        </actor>
        <actor name="D0N7">
            <wcet number="0">80</wcet>
            <wcet number="1">120</wcet>
            <maxpow number="0.29908440264688446"/>
            <maxpow number="0.29908440264688446"/>
            <fprob>0.0</fprob>
        </actor>
        <actor name="D0N8">
            <wcet number="0">30</wcet>
            <wcet number="1">110</wcet>
            <maxpow number="0.48309711739880823"/>
            <maxpow number="0.48309711739880823"/>
            <fprob>0.0</fprob>
        </actor>
        <actor name="D0N41">
            <wcet number="0">10</wcet>
            <wcet number="1">50</wcet>
            <maxpow number="0.628752391713493"/>
            <maxpow number="0.628752391713493"/>
            <fprob>0.0</fprob>
        </actor>
        <actor name="D0N9">
            <wcet number="0">10</wcet>
            <wcet number="1">30</wcet>
            <maxpow number="0.36829727714277877"/>
            <maxpow number="0.36829727714277877"/>
            <fprob>0.0</fprob>
        </actor>
        <actor name="D0N37">
            <wcet number="0">120</wcet>
            <wcet number="1">210</wcet>
            <maxpow number="0.590846599616067"/>
            <maxpow number="0.590846599616067"/>
            <fprob>0.0</fprob>
        </actor>
        <actor name="D0N29">
            <wcet number="0">40</wcet>
            <wcet number="1">90</wcet>
            <maxpow number="0.5362704429946934"/>
            <maxpow number="0.5362704429946934"/>
            <fprob>0.0</fprob>
        </actor>
        <actor name="D0N18">
            <wcet number="0">50</wcet>
            <wcet number="1">160</wcet>
            <maxpow number="0.6121439644363466"/>
            <maxpow number="0.6121439644363466"/>
            <fprob>0.0</fprob>
        </actor>
        <actor name="D0N13">
            <wcet number="0">160</wcet>
            <wcet number="1">200</wcet>
            <maxpow number="0.47699767250909114"/>
            <maxpow number="0.47699767250909114"/>
            <fprob>0.0</fprob>
        </actor>
        <actor name="D0N28">
            <wcet number="0">30</wcet>
            <wcet number="1">60</wcet>
            <maxpow number="0.6113707675044731"/>
            <maxpow number="0.6113707675044731"/>
            <fprob>0.0</fprob>
        </actor>
        <actor name="D0N27">
            <wcet number="0">10</wcet>
            <wcet number="1">80</wcet>
            <maxpow number="0.3018343786759252"/>
            <maxpow number="0.3018343786759252"/>
            <fprob>0.0</fprob>
        </actor>
        <actor name="D0N0">
            <wcet number="0">30</wcet>
            <wcet number="1">30</wcet>
            <maxpow number="0.4983768220724961"/>
            <maxpow number="0.4983768220724961"/>
            <fprob>0.0</fprob>
        </actor>
        <ports>
            <port dstActor="D0N37" name="p0" srcActor="D0N21"/>
            <port dstActor="D0N43" name="p1" srcActor="D0N21"/>
            <port dstActor="D0N46" name="p2" srcActor="D0N17"/>
            <port dstActor="D0N48" name="p3" srcActor="D0N17"/>
            <port dstActor="D0N39" name="p4" srcActor="D0N17"/>
            <port dstActor="D0N39" name="p5" srcActor="D0N12"/>
            <port dstActor="D0N33" name="p6" srcActor="D0N11"/>
            <port dstActor="D0N39" name="p7" srcActor="D0N11"/>
            <port dstActor="D0N26" name="p8" srcActor="D0N11"/>
            <port dstActor="D0N48" name="p9" srcActor="D0N11"/>
            <port dstActor="D0N46" name="p10" srcActor="D0N24"/>
            <port dstActor="D0N37" name="p11" srcActor="D0N24"/>
            <port dstActor="D0N28" name="p12" srcActor="D0N24"/>
            <port dstActor="D0N46" name="p13" srcActor="D0N45"/>
            <port dstActor="D0N48" name="p14" srcActor="D0N45"/>
            <port dstActor="D0N49" name="p15" srcActor="D0N45"/>
            <port dstActor="D0N32" name="p16" srcActor="D0N30"/>
            <port dstActor="D0N49" name="p17" srcActor="D0N30"/>
            <port dstActor="D0N39" name="p18" srcActor="D0N30"/>
            <port dstActor="D0N9" name="p19" srcActor="D0N3"/>
            <port dstActor="D0N24" name="p20" srcActor="D0N3"/>
            <port dstActor="D0N4" name="p21" srcActor="D0N3"/>
            <port dstActor="D0N19" name="p22" srcActor="D0N3"/>
            <port dstActor="D0N15" name="p23" srcActor="D0N3"/>
            <port dstActor="D0N14" name="p24" srcActor="D0N3"/>
            <port dstActor="D0N38" name="p25" srcActor="D0N33"/>
            <port dstActor="D0N48" name="p26" srcActor="D0N33"/>
            <port dstActor="D0N49" name="p27" srcActor="D0N33"/>
            <port dstActor="D0N47" name="p28" srcActor="D0N33"/>
            <port dstActor="D0N41" name="p29" srcActor="D0N33"/>
            <port dstActor="D0N36" name="p30" srcActor="D0N32"/>
            <port dstActor="D0N43" name="p31" srcActor="D0N32"/>
            <port dstActor="D0N47" name="p32" srcActor="D0N34"/>
            <port dstActor="D0N47" name="p33" srcActor="D0N39"/>
            <port dstActor="D0N42" name="p34" srcActor="D0N39"/>
            <port dstActor="D0N45" name="p35" srcActor="D0N39"/>
            <port dstActor="D0N49" name="p36" srcActor="D0N40"/>
            <port dstActor="D0N31" name="p37" srcActor="D0N25"/>
            <port dstActor="D0N49" name="p38" srcActor="D0N25"/>
            <port dstActor="D0N30" name="p39" srcActor="D0N25"/>
            <port dstActor="D0N14" name="p40" srcActor="D0N6"/>
            <port dstActor="D0N36" name="p41" srcActor="D0N6"/>
            <port dstActor="D0N37" name="p42" srcActor="D0N10"/>
            <port dstActor="D0N35" name="p43" srcActor="D0N16"/>
            <port dstActor="D0N38" name="p44" srcActor="D0N16"/>
            <port dstActor="D0N37" name="p45" srcActor="D0N20"/>
            <port dstActor="D0N39" name="p46" srcActor="D0N20"/>
            <port dstActor="D0N46" name="p47" srcActor="D0N31"/>
            <port dstActor="D0N38" name="p48" srcActor="D0N35"/>
            <port dstActor="D0N15" name="p49" srcActor="D0N4"/>
            <port dstActor="D0N34" name="p50" srcActor="D0N14"/>
            <port dstActor="D0N15" name="p51" srcActor="D0N14"/>
            <port dstActor="D0N49" name="p52" srcActor="D0N42"/>
            <port dstActor="D0N21" name="p53" srcActor="D0N2"/>
            <port dstActor="D0N34" name="p54" srcActor="D0N2"/>
            <port dstActor="D0N7" name="p55" srcActor="D0N2"/>
            <port dstActor="D0N38" name="p56" srcActor="D0N2"/>
            <port dstActor="D0N28" name="p57" srcActor="D0N2"/>
            <port dstActor="D0N17" name="p58" srcActor="D0N2"/>
            <port dstActor="D0N46" name="p59" srcActor="D0N1"/>
            <port dstActor="D0N42" name="p60" srcActor="D0N1"/>
            <port dstActor="D0N25" name="p61" srcActor="D0N1"/>
            <port dstActor="D0N39" name="p62" srcActor="D0N38"/>
            <port dstActor="D0N48" name="p63" srcActor="D0N46"/>
            <port dstActor="D0N38" name="p64" srcActor="D0N22"/>
            <port dstActor="D0N30" name="p65" srcActor="D0N15"/>
            <port dstActor="D0N38" name="p66" srcActor="D0N15"/>
            <port dstActor="D0N49" name="p67" srcActor="D0N19"/>
            <port dstActor="D0N28" name="p68" srcActor="D0N19"/>
            <port dstActor="D0N43" name="p69" srcActor="D0N19"/>
            <port dstActor="D0N27" name="p70" srcActor="D0N19"/>
            <port dstActor="D0N27" name="p71" srcActor="D0N5"/>
            <port dstActor="D0N32" name="p72" srcActor="D0N5"/>
            <port dstActor="D0N39" name="p73" srcActor="D0N5"/>
            <port dstActor="D0N6" name="p74" srcActor="D0N5"/>
            <port dstActor="D0N26" name="p75" srcActor="D0N5"/>
            <port dstActor="D0N22" name="p76" srcActor="D0N5"/>
            <port dstActor="D0N34" name="p77" srcActor="D0N23"/>
            <port dstActor="D0N27" name="p78" srcActor="D0N23"/>
            <port dstActor="D0N28" name="p79" srcActor="D0N23"/>
            <port dstActor="D0N39" name="p80" srcActor="D0N23"/>
            <port dstActor="D0N32" name="p81" srcActor="D0N7"/>
            <port dstActor="D0N37" name="p82" srcActor="D0N7"/>
            <port dstActor="D0N31" name="p83" srcActor="D0N7"/>
            <port dstActor="D0N38" name="p84" srcActor="D0N7"/>
            <port dstActor="D0N25" name="p85" srcActor="D0N7"/>
            <port dstActor="D0N41" name="p86" srcActor="D0N7"/>
            <port dstActor="D0N42" name="p87" srcActor="D0N8"/>
            <port dstActor="D0N16" name="p88" srcActor="D0N8"/>
            <port dstActor="D0N19" name="p89" srcActor="D0N8"/>
            <port dstActor="D0N25" name="p90" srcActor="D0N9"/>
            <port dstActor="D0N12" name="p91" srcActor="D0N9"/>
            <port dstActor="D0N44" name="p92" srcActor="D0N9"/>
            <port dstActor="D0N48" name="p93" srcActor="D0N9"/>
            <port dstActor="D0N35" name="p94" srcActor="D0N9"/>
            <port dstActor="D0N20" name="p95" srcActor="D0N9"/>
            <port dstActor="D0N10" name="p96" srcActor="D0N9"/>
            <port dstActor="D0N44" name="p97" srcActor="D0N37"/>
            <port dstActor="D0N43" name="p98" srcActor="D0N37"/>
            <port dstActor="D0N31" name="p99" srcActor="D0N29"/>
            <port dstActor="D0N39" name="p100" srcActor="D0N29"/>
            <port dstActor="D0N36" name="p101" srcActor="D0N29"/>
            <port dstActor="D0N47" name="p102" srcActor="D0N29"/>
            <port dstActor="D0N40" name="p103" srcActor="D0N18"/>
            <port dstActor="D0N33" name="p104" srcActor="D0N18"/>
            <port dstActor="D0N42" name="p105" srcActor="D0N18"/>
            <port dstActor="D0N21" name="p106" srcActor="D0N18"/>
            <port dstActor="D0N19" name="p107" srcActor="D0N13"/>
            <port dstActor="D0N46" name="p108" srcActor="D0N13"/>
            <port dstActor="D0N37" name="p109" srcActor="D0N28"/>
            <port dstActor="D0N43" name="p110" srcActor="D0N28"/>
            <port dstActor="D0N33" name="p111" srcActor="D0N28"/>
            <port dstActor="D0N41" name="p112" srcActor="D0N28"/>
            <port dstActor="D0N43" name="p113" srcActor="D0N27"/>
            <port dstActor="D0N32" name="p114" srcActor="D0N27"/>
            <port dstActor="D0N41" name="p115" srcActor="D0N27"/>
            <port dstActor="D0N44" name="p116" srcActor="D0N0"/>
            <port dstActor="D0N24" name="p117" srcActor="D0N0"/>
            <port dstActor="D0N2" name="p118" srcActor="D0N0"/>
        </ports>
    </mcdag>
    <cores number="3"/>
    <levels number="2"/>
</mcsystem>
