<?xml version="1.0" encoding="UTF-8" standalone="no"?>
<mcsystem>
    <mcdag deadline="1000" name="genned-0-ed-10.0-0">
        <actor name="D0N29">
            <wcet number="0">100</wcet>
            <wcet number="1">100</wcet>
            <maxpow number="0.7453113696641045"/>
            <maxpow number="0.7453113696641045"/>
            <fprob>0.0</fprob>
        </actor>
        <actor name="D0N30">
            <wcet number="0">20</wcet>
            <wcet number="1">30</wcet>
            <maxpow number="0.5995143904396799"/>
            <maxpow number="0.5995143904396799"/>
            <fprob>0.0</fprob>
        </actor>
        <actor name="D0N15">
            <wcet number="0">10</wcet>
            <wcet number="1">10</wcet>
            <maxpow number="0.9296070454464913"/>
            <maxpow number="0.9296070454464913"/>
            <fprob>0.0</fprob>
        </actor>
        <actor name="D0N20">
            <wcet number="0">10</wcet>
            <wcet number="1">10</wcet>
            <maxpow number="0.3882153925377484"/>
            <maxpow number="0.3882153925377484"/>
            <fprob>0.0</fprob>
        </actor>
        <actor name="D0N6">
            <wcet number="0">10</wcet>
            <wcet number="1">20</wcet>
            <maxpow number="0.4331436930303826"/>
            <maxpow number="0.4331436930303826"/>
            <fprob>0.0</fprob>
        </actor>
        <actor name="D0N41">
            <wcet number="0">30</wcet>
            <wcet number="1">30</wcet>
            <maxpow number="0.7786723689027268"/>
            <maxpow number="0.7786723689027268"/>
            <fprob>0.0</fprob>
        </actor>
        <actor name="D0N24">
            <wcet number="0">10</wcet>
            <wcet number="1">10</wcet>
            <maxpow number="0.6118199687452167"/>
            <maxpow number="0.6118199687452167"/>
            <fprob>0.0</fprob>
        </actor>
        <actor name="D0N7">
            <wcet number="0">30</wcet>
            <wcet number="1">100</wcet>
            <maxpow number="0.4153415008858361"/>
            <maxpow number="0.4153415008858361"/>
            <fprob>0.0</fprob>
        </actor>
        <actor name="D0N34">
            <wcet number="0">10</wcet>
            <wcet number="1">20</wcet>
            <maxpow number="0.3308756390182682"/>
            <maxpow number="0.3308756390182682"/>
            <fprob>0.0</fprob>
        </actor>
        <actor name="D0N3">
            <wcet number="0">110</wcet>
            <wcet number="1">170</wcet>
            <maxpow number="0.8259711193825402"/>
            <maxpow number="0.8259711193825402"/>
            <fprob>0.0</fprob>
        </actor>
        <actor name="D0N12">
            <wcet number="0">60</wcet>
            <wcet number="1">60</wcet>
            <maxpow number="0.9548756827398043"/>
            <maxpow number="0.9548756827398043"/>
            <fprob>0.0</fprob>
        </actor>
        <actor name="D0N33">
            <wcet number="0">70</wcet>
            <wcet number="1">90</wcet>
            <maxpow number="0.3079300413919176"/>
            <maxpow number="0.3079300413919176"/>
            <fprob>0.0</fprob>
        </actor>
        <actor name="D0N19">
            <wcet number="0">10</wcet>
            <wcet number="1">40</wcet>
            <maxpow number="0.48347249045721796"/>
            <maxpow number="0.48347249045721796"/>
            <fprob>0.0</fprob>
        </actor>
        <actor name="D0N37">
            <wcet number="0">80</wcet>
            <wcet number="1">100</wcet>
            <maxpow number="0.17333832950589112"/>
            <maxpow number="0.17333832950589112"/>
            <fprob>0.0</fprob>
        </actor>
        <actor name="D0N38">
            <wcet number="0">10</wcet>
            <wcet number="1">30</wcet>
            <maxpow number="0.5109775735058032"/>
            <maxpow number="0.5109775735058032"/>
            <fprob>0.0</fprob>
        </actor>
        <actor name="D0N42">
            <wcet number="0">10</wcet>
            <wcet number="1">30</wcet>
            <maxpow number="0.6153766441030173"/>
            <maxpow number="0.6153766441030173"/>
            <fprob>0.0</fprob>
        </actor>
        <actor name="D0N39">
            <wcet number="0">100</wcet>
            <wcet number="1">170</wcet>
            <maxpow number="0.24993794594541213"/>
            <maxpow number="0.24993794594541213"/>
            <fprob>0.0</fprob>
        </actor>
        <actor name="D0N4">
            <wcet number="0">50</wcet>
            <wcet number="1">100</wcet>
            <maxpow number="0.20222801918857303"/>
            <maxpow number="0.20222801918857303"/>
            <fprob>0.0</fprob>
        </actor>
        <actor name="D0N36">
            <wcet number="0">10</wcet>
            <wcet number="1">10</wcet>
            <maxpow number="0.6289983375066143"/>
            <maxpow number="0.6289983375066143"/>
            <fprob>0.0</fprob>
        </actor>
        <actor name="D0N23">
            <wcet number="0">40</wcet>
            <wcet number="1">80</wcet>
            <maxpow number="0.8191119565746076"/>
            <maxpow number="0.8191119565746076"/>
            <fprob>0.0</fprob>
        </actor>
        <actor name="D0N25">
            <wcet number="0">10</wcet>
            <wcet number="1">40</wcet>
            <maxpow number="0.23756773091998484"/>
            <maxpow number="0.23756773091998484"/>
            <fprob>0.0</fprob>
        </actor>
        <actor name="D0N9">
            <wcet number="0">70</wcet>
            <wcet number="1">80</wcet>
            <maxpow number="0.2801123030451566"/>
            <maxpow number="0.2801123030451566"/>
            <fprob>0.0</fprob>
        </actor>
        <actor name="D0N5">
            <wcet number="0">30</wcet>
            <wcet number="1">30</wcet>
            <maxpow number="0.43594483751398583"/>
            <maxpow number="0.43594483751398583"/>
            <fprob>0.0</fprob>
        </actor>
        <actor name="D0N14">
            <wcet number="0">60</wcet>
            <wcet number="1">60</wcet>
            <maxpow number="0.6388106349594731"/>
            <maxpow number="0.6388106349594731"/>
            <fprob>0.0</fprob>
        </actor>
        <actor name="D0N27">
            <wcet number="0">10</wcet>
            <wcet number="1">10</wcet>
            <maxpow number="0.38445196984948193"/>
            <maxpow number="0.38445196984948193"/>
            <fprob>0.0</fprob>
        </actor>
        <actor name="D0N22">
            <wcet number="0">10</wcet>
            <wcet number="1">30</wcet>
            <maxpow number="0.6327078274371506"/>
            <maxpow number="0.6327078274371506"/>
            <fprob>0.0</fprob>
        </actor>
        <actor name="D0N43">
            <wcet number="0">30</wcet>
            <wcet number="1">40</wcet>
            <maxpow number="0.6035664261223748"/>
            <maxpow number="0.6035664261223748"/>
            <fprob>0.0</fprob>
        </actor>
        <actor name="D0N32">
            <wcet number="0">210</wcet>
            <wcet number="1">240</wcet>
            <maxpow number="0.7977799788480522"/>
            <maxpow number="0.7977799788480522"/>
            <fprob>0.0</fprob>
        </actor>
        <actor name="D0N16">
            <wcet number="0">20</wcet>
            <wcet number="1">50</wcet>
            <maxpow number="0.5221498994200586"/>
            <maxpow number="0.5221498994200586"/>
            <fprob>0.0</fprob>
        </actor>
        <actor name="D0N2">
            <wcet number="0">10</wcet>
            <wcet number="1">10</wcet>
            <maxpow number="0.7472898900845141"/>
            <maxpow number="0.7472898900845141"/>
            <fprob>0.0</fprob>
        </actor>
        <actor name="D0N1">
            <wcet number="0">30</wcet>
            <wcet number="1">40</wcet>
            <maxpow number="0.6829167368473326"/>
            <maxpow number="0.6829167368473326"/>
            <fprob>0.0</fprob>
        </actor>
        <actor name="D0N10">
            <wcet number="0">90</wcet>
            <wcet number="1">170</wcet>
            <maxpow number="0.5654018074640141"/>
            <maxpow number="0.5654018074640141"/>
            <fprob>0.0</fprob>
        </actor>
        <actor name="D0N13">
            <wcet number="0">30</wcet>
            <wcet number="1">30</wcet>
            <maxpow number="0.40316473255706176"/>
            <maxpow number="0.40316473255706176"/>
            <fprob>0.0</fprob>
        </actor>
        <actor name="D0N0">
            <wcet number="0">10</wcet>
            <wcet number="1">60</wcet>
            <maxpow number="0.5161933172428547"/>
            <maxpow number="0.5161933172428547"/>
            <fprob>0.0</fprob>
        </actor>
        <actor name="D0N28">
            <wcet number="0">100</wcet>
            <wcet number="1">100</wcet>
            <maxpow number="0.27248947353078246"/>
            <maxpow number="0.27248947353078246"/>
            <fprob>0.0</fprob>
        </actor>
        <actor name="D0N45">
            <wcet number="0">30</wcet>
            <wcet number="1">50</wcet>
            <maxpow number="0.5427834644264521"/>
            <maxpow number="0.5427834644264521"/>
            <fprob>0.0</fprob>
        </actor>
        <actor name="D0N26">
            <wcet number="0">40</wcet>
            <wcet number="1">70</wcet>
            <maxpow number="0.6270469550334112"/>
            <maxpow number="0.6270469550334112"/>
            <fprob>0.0</fprob>
        </actor>
        <actor name="D0N17">
            <wcet number="0">20</wcet>
            <wcet number="1">30</wcet>
            <maxpow number="0.8139572963565076"/>
            <maxpow number="0.8139572963565076"/>
            <fprob>0.0</fprob>
        </actor>
        <actor name="D0N21">
            <wcet number="0">10</wcet>
            <wcet number="1">10</wcet>
            <maxpow number="0.8945107847468949"/>
            <maxpow number="0.8945107847468949"/>
            <fprob>0.0</fprob>
        </actor>
        <actor name="D0N40">
            <wcet number="0">10</wcet>
            <wcet number="1">30</wcet>
            <maxpow number="0.715380962730254"/>
            <maxpow number="0.715380962730254"/>
            <fprob>0.0</fprob>
        </actor>
        <actor name="D0N44">
            <wcet number="0">10</wcet>
            <wcet number="1">70</wcet>
            <maxpow number="0.7798520196057748"/>
            <maxpow number="0.7798520196057748"/>
            <fprob>0.0</fprob>
        </actor>
        <actor name="D0N35">
            <wcet number="0">40</wcet>
            <wcet number="1">60</wcet>
            <maxpow number="0.7485067001940291"/>
            <maxpow number="0.7485067001940291"/>
            <fprob>0.0</fprob>
        </actor>
        <actor name="D0N18">
            <wcet number="0">40</wcet>
            <wcet number="1">50</wcet>
            <maxpow number="0.7484740203702325"/>
            <maxpow number="0.7484740203702325"/>
            <fprob>0.0</fprob>
        </actor>
        <actor name="D0N11">
            <wcet number="0">30</wcet>
            <wcet number="1">30</wcet>
            <maxpow number="0.5603153619686485"/>
            <maxpow number="0.5603153619686485"/>
            <fprob>0.0</fprob>
        </actor>
        <actor name="D0N8">
            <wcet number="0">10</wcet>
            <wcet number="1">30</wcet>
            <maxpow number="0.5272378680655367"/>
            <maxpow number="0.5272378680655367"/>
            <fprob>0.0</fprob>
        </actor>
        <actor name="D0N31">
            <wcet number="0">140</wcet>
            <wcet number="1">170</wcet>
            <maxpow number="0.4873551382947028"/>
            <maxpow number="0.4873551382947028"/>
            <fprob>0.0</fprob>
        </actor>
        <ports>
            <port dstActor="D0N32" name="p0" srcActor="D0N29"/>
            <port dstActor="D0N33" name="p1" srcActor="D0N29"/>
            <port dstActor="D0N36" name="p2" srcActor="D0N30"/>
            <port dstActor="D0N43" name="p3" srcActor="D0N30"/>
            <port dstActor="D0N21" name="p4" srcActor="D0N15"/>
            <port dstActor="D0N22" name="p5" srcActor="D0N15"/>
            <port dstActor="D0N45" name="p6" srcActor="D0N15"/>
            <port dstActor="D0N36" name="p7" srcActor="D0N20"/>
            <port dstActor="D0N30" name="p8" srcActor="D0N20"/>
            <port dstActor="D0N29" name="p9" srcActor="D0N6"/>
            <port dstActor="D0N41" name="p10" srcActor="D0N6"/>
            <port dstActor="D0N33" name="p11" srcActor="D0N7"/>
            <port dstActor="D0N38" name="p12" srcActor="D0N7"/>
            <port dstActor="D0N24" name="p13" srcActor="D0N7"/>
            <port dstActor="D0N36" name="p14" srcActor="D0N3"/>
            <port dstActor="D0N15" name="p15" srcActor="D0N12"/>
            <port dstActor="D0N34" name="p16" srcActor="D0N19"/>
            <port dstActor="D0N38" name="p17" srcActor="D0N19"/>
            <port dstActor="D0N44" name="p18" srcActor="D0N19"/>
            <port dstActor="D0N44" name="p19" srcActor="D0N38"/>
            <port dstActor="D0N43" name="p20" srcActor="D0N42"/>
            <port dstActor="D0N44" name="p21" srcActor="D0N42"/>
            <port dstActor="D0N43" name="p22" srcActor="D0N39"/>
            <port dstActor="D0N11" name="p23" srcActor="D0N4"/>
            <port dstActor="D0N35" name="p24" srcActor="D0N4"/>
            <port dstActor="D0N10" name="p25" srcActor="D0N4"/>
            <port dstActor="D0N22" name="p26" srcActor="D0N4"/>
            <port dstActor="D0N8" name="p27" srcActor="D0N4"/>
            <port dstActor="D0N44" name="p28" srcActor="D0N4"/>
            <port dstActor="D0N28" name="p29" srcActor="D0N23"/>
            <port dstActor="D0N33" name="p30" srcActor="D0N23"/>
            <port dstActor="D0N32" name="p31" srcActor="D0N25"/>
            <port dstActor="D0N34" name="p32" srcActor="D0N5"/>
            <port dstActor="D0N9" name="p33" srcActor="D0N5"/>
            <port dstActor="D0N13" name="p34" srcActor="D0N5"/>
            <port dstActor="D0N38" name="p35" srcActor="D0N14"/>
            <port dstActor="D0N20" name="p36" srcActor="D0N14"/>
            <port dstActor="D0N25" name="p37" srcActor="D0N14"/>
            <port dstActor="D0N33" name="p38" srcActor="D0N14"/>
            <port dstActor="D0N38" name="p39" srcActor="D0N27"/>
            <port dstActor="D0N29" name="p40" srcActor="D0N27"/>
            <port dstActor="D0N30" name="p41" srcActor="D0N27"/>
            <port dstActor="D0N40" name="p42" srcActor="D0N27"/>
            <port dstActor="D0N27" name="p43" srcActor="D0N16"/>
            <port dstActor="D0N4" name="p44" srcActor="D0N2"/>
            <port dstActor="D0N8" name="p45" srcActor="D0N2"/>
            <port dstActor="D0N17" name="p46" srcActor="D0N2"/>
            <port dstActor="D0N15" name="p47" srcActor="D0N1"/>
            <port dstActor="D0N2" name="p48" srcActor="D0N1"/>
            <port dstActor="D0N12" name="p49" srcActor="D0N10"/>
            <port dstActor="D0N34" name="p50" srcActor="D0N10"/>
            <port dstActor="D0N29" name="p51" srcActor="D0N10"/>
            <port dstActor="D0N32" name="p52" srcActor="D0N10"/>
            <port dstActor="D0N24" name="p53" srcActor="D0N13"/>
            <port dstActor="D0N44" name="p54" srcActor="D0N13"/>
            <port dstActor="D0N3" name="p55" srcActor="D0N0"/>
            <port dstActor="D0N27" name="p56" srcActor="D0N0"/>
            <port dstActor="D0N19" name="p57" srcActor="D0N0"/>
            <port dstActor="D0N43" name="p58" srcActor="D0N0"/>
            <port dstActor="D0N24" name="p59" srcActor="D0N0"/>
            <port dstActor="D0N37" name="p60" srcActor="D0N0"/>
            <port dstActor="D0N21" name="p61" srcActor="D0N0"/>
            <port dstActor="D0N39" name="p62" srcActor="D0N28"/>
            <port dstActor="D0N40" name="p63" srcActor="D0N28"/>
            <port dstActor="D0N38" name="p64" srcActor="D0N28"/>
            <port dstActor="D0N36" name="p65" srcActor="D0N28"/>
            <port dstActor="D0N32" name="p66" srcActor="D0N26"/>
            <port dstActor="D0N34" name="p67" srcActor="D0N26"/>
            <port dstActor="D0N37" name="p68" srcActor="D0N26"/>
            <port dstActor="D0N36" name="p69" srcActor="D0N26"/>
            <port dstActor="D0N32" name="p70" srcActor="D0N17"/>
            <port dstActor="D0N22" name="p71" srcActor="D0N21"/>
            <port dstActor="D0N24" name="p72" srcActor="D0N21"/>
            <port dstActor="D0N42" name="p73" srcActor="D0N35"/>
            <port dstActor="D0N45" name="p74" srcActor="D0N18"/>
            <port dstActor="D0N29" name="p75" srcActor="D0N18"/>
            <port dstActor="D0N30" name="p76" srcActor="D0N18"/>
            <port dstActor="D0N28" name="p77" srcActor="D0N18"/>
            <port dstActor="D0N37" name="p78" srcActor="D0N18"/>
            <port dstActor="D0N31" name="p79" srcActor="D0N18"/>
            <port dstActor="D0N32" name="p80" srcActor="D0N18"/>
            <port dstActor="D0N36" name="p81" srcActor="D0N11"/>
            <port dstActor="D0N21" name="p82" srcActor="D0N11"/>
            <port dstActor="D0N21" name="p83" srcActor="D0N8"/>
            <port dstActor="D0N19" name="p84" srcActor="D0N8"/>
            <port dstActor="D0N34" name="p85" srcActor="D0N31"/>
            <port dstActor="D0N32" name="p86" srcActor="D0N31"/>
        </ports>
    </mcdag>
    <cores number="3"/>
    <levels number="2"/>
</mcsystem>
