<?xml version="1.0" encoding="UTF-8" standalone="no"?>
<mcsystem>
    <mcdag deadline="2000" name="genned-0-ed-10.0-0">
        <actor name="D0N41">
            <wcet number="0">10</wcet>
            <wcet number="1">10</wcet>
            <maxpow number="0.6877501508523848"/>
            <maxpow number="0.6877501508523848"/>
            <fprob>0.0</fprob>
        </actor>
        <actor name="D0N48">
            <wcet number="0">30</wcet>
            <wcet number="1">30</wcet>
            <maxpow number="0.7879958322626097"/>
            <maxpow number="0.7879958322626097"/>
            <fprob>0.0</fprob>
        </actor>
        <actor name="D0N5">
            <wcet number="0">20</wcet>
            <wcet number="1">270</wcet>
            <maxpow number="0.6461173808194193"/>
            <maxpow number="0.6461173808194193"/>
            <fprob>0.0</fprob>
        </actor>
        <actor name="D0N35">
            <wcet number="0">10</wcet>
            <wcet number="1">20</wcet>
            <maxpow number="0.3391138074849022"/>
            <maxpow number="0.3391138074849022"/>
            <fprob>0.0</fprob>
        </actor>
        <actor name="D0N23">
            <wcet number="0">40</wcet>
            <wcet number="1">90</wcet>
            <maxpow number="0.4102287342943072"/>
            <maxpow number="0.4102287342943072"/>
            <fprob>0.0</fprob>
        </actor>
        <actor name="D0N32">
            <wcet number="0">40</wcet>
            <wcet number="1">50</wcet>
            <maxpow number="0.7328299728825476"/>
            <maxpow number="0.7328299728825476"/>
            <fprob>0.0</fprob>
        </actor>
        <actor name="D0N10">
            <wcet number="0">30</wcet>
            <wcet number="1">150</wcet>
            <maxpow number="0.6426306269887356"/>
            <maxpow number="0.6426306269887356"/>
            <fprob>0.0</fprob>
        </actor>
        <actor name="D0N25">
            <wcet number="0">50</wcet>
            <wcet number="1">320</wcet>
            <maxpow number="0.47276938244351774"/>
            <maxpow number="0.47276938244351774"/>
            <fprob>0.0</fprob>
        </actor>
        <actor name="D0N38">
            <wcet number="0">20</wcet>
            <wcet number="1">70</wcet>
            <maxpow number="0.7398019179901855"/>
            <maxpow number="0.7398019179901855"/>
            <fprob>0.0</fprob>
        </actor>
        <actor name="D0N19">
            <wcet number="0">10</wcet>
            <wcet number="1">10</wcet>
            <maxpow number="0.5261552994608588"/>
            <maxpow number="0.5261552994608588"/>
            <fprob>0.0</fprob>
        </actor>
        <actor name="D0N3">
            <wcet number="0">30</wcet>
            <wcet number="1">60</wcet>
            <maxpow number="0.5897944675327016"/>
            <maxpow number="0.5897944675327016"/>
            <fprob>0.0</fprob>
        </actor>
        <actor name="D0N49">
            <wcet number="0">10</wcet>
            <wcet number="1">70</wcet>
            <maxpow number="0.4710484460358652"/>
            <maxpow number="0.4710484460358652"/>
            <fprob>0.0</fprob>
        </actor>
        <actor name="D0N30">
            <wcet number="0">80</wcet>
            <wcet number="1">80</wcet>
            <maxpow number="0.688616410726268"/>
            <maxpow number="0.688616410726268"/>
            <fprob>0.0</fprob>
        </actor>
        <actor name="D0N12">
            <wcet number="0">100</wcet>
            <wcet number="1">220</wcet>
            <maxpow number="0.7040795663696311"/>
            <maxpow number="0.7040795663696311"/>
            <fprob>0.0</fprob>
        </actor>
        <actor name="D0N36">
            <wcet number="0">20</wcet>
            <wcet number="1">50</wcet>
            <maxpow number="0.7432064932615513"/>
            <maxpow number="0.7432064932615513"/>
            <fprob>0.0</fprob>
        </actor>
        <actor name="D0N28">
            <wcet number="0">190</wcet>
            <wcet number="1">200</wcet>
            <maxpow number="0.7103961650618372"/>
            <maxpow number="0.7103961650618372"/>
            <fprob>0.0</fprob>
        </actor>
        <actor name="D0N17">
            <wcet number="0">30</wcet>
            <wcet number="1">30</wcet>
            <maxpow number="0.7692295439702637"/>
            <maxpow number="0.7692295439702637"/>
            <fprob>0.0</fprob>
        </actor>
        <actor name="D0N2">
            <wcet number="0">10</wcet>
            <wcet number="1">30</wcet>
            <maxpow number="0.486083833813068"/>
            <maxpow number="0.486083833813068"/>
            <fprob>0.0</fprob>
        </actor>
        <actor name="D0N37">
            <wcet number="0">110</wcet>
            <wcet number="1">150</wcet>
            <maxpow number="0.6591347607113831"/>
            <maxpow number="0.6591347607113831"/>
            <fprob>0.0</fprob>
        </actor>
        <actor name="D0N45">
            <wcet number="0">20</wcet>
            <wcet number="1">20</wcet>
            <maxpow number="0.656456765285378"/>
            <maxpow number="0.656456765285378"/>
            <fprob>0.0</fprob>
        </actor>
        <actor name="D0N43">
            <wcet number="0">20</wcet>
            <wcet number="1">20</wcet>
            <maxpow number="0.7437473708652559"/>
            <maxpow number="0.7437473708652559"/>
            <fprob>0.0</fprob>
        </actor>
        <actor name="D0N29">
            <wcet number="0">50</wcet>
            <wcet number="1">210</wcet>
            <maxpow number="0.45524513949301676"/>
            <maxpow number="0.45524513949301676"/>
            <fprob>0.0</fprob>
        </actor>
        <actor name="D0N33">
            <wcet number="0">30</wcet>
            <wcet number="1">90</wcet>
            <maxpow number="0.6244652216103926"/>
            <maxpow number="0.6244652216103926"/>
            <fprob>0.0</fprob>
        </actor>
        <actor name="D0N40">
            <wcet number="0">30</wcet>
            <wcet number="1">40</wcet>
            <maxpow number="0.5572943749922885"/>
            <maxpow number="0.5572943749922885"/>
            <fprob>0.0</fprob>
        </actor>
        <actor name="D0N9">
            <wcet number="0">10</wcet>
            <wcet number="1">10</wcet>
            <maxpow number="0.5873941897462507"/>
            <maxpow number="0.5873941897462507"/>
            <fprob>0.0</fprob>
        </actor>
        <actor name="D0N24">
            <wcet number="0">10</wcet>
            <wcet number="1">20</wcet>
            <maxpow number="0.6428216006508263"/>
            <maxpow number="0.6428216006508263"/>
            <fprob>0.0</fprob>
        </actor>
        <actor name="D0N8">
            <wcet number="0">10</wcet>
            <wcet number="1">20</wcet>
            <maxpow number="0.6301485832235391"/>
            <maxpow number="0.6301485832235391"/>
            <fprob>0.0</fprob>
        </actor>
        <actor name="D0N11">
            <wcet number="0">20</wcet>
            <wcet number="1">190</wcet>
            <maxpow number="0.46660028799287745"/>
            <maxpow number="0.46660028799287745"/>
            <fprob>0.0</fprob>
        </actor>
        <actor name="D0N44">
            <wcet number="0">30</wcet>
            <wcet number="1">40</wcet>
            <maxpow number="0.7850687557645721"/>
            <maxpow number="0.7850687557645721"/>
            <fprob>0.0</fprob>
        </actor>
        <actor name="D0N14">
            <wcet number="0">50</wcet>
            <wcet number="1">50</wcet>
            <maxpow number="0.8126955950290917"/>
            <maxpow number="0.8126955950290917"/>
            <fprob>0.0</fprob>
        </actor>
        <actor name="D0N7">
            <wcet number="0">70</wcet>
            <wcet number="1">70</wcet>
            <maxpow number="0.28760811723979673"/>
            <maxpow number="0.28760811723979673"/>
            <fprob>0.0</fprob>
        </actor>
        <actor name="D0N21">
            <wcet number="0">20</wcet>
            <wcet number="1">20</wcet>
            <maxpow number="0.6281750158255393"/>
            <maxpow number="0.6281750158255393"/>
            <fprob>0.0</fprob>
        </actor>
        <actor name="D0N4">
            <wcet number="0">40</wcet>
            <wcet number="1">40</wcet>
            <maxpow number="0.4834139352426638"/>
            <maxpow number="0.4834139352426638"/>
            <fprob>0.0</fprob>
        </actor>
        <actor name="D0N6">
            <wcet number="0">20</wcet>
            <wcet number="1">70</wcet>
            <maxpow number="0.37404455089218974"/>
            <maxpow number="0.37404455089218974"/>
            <fprob>0.0</fprob>
        </actor>
        <actor name="D0N20">
            <wcet number="0">290</wcet>
            <wcet number="1">450</wcet>
            <maxpow number="0.5425526412896684"/>
            <maxpow number="0.5425526412896684"/>
            <fprob>0.0</fprob>
        </actor>
        <actor name="D0N42">
            <wcet number="0">100</wcet>
            <wcet number="1">160</wcet>
            <maxpow number="0.9068100415664311"/>
            <maxpow number="0.9068100415664311"/>
            <fprob>0.0</fprob>
        </actor>
        <actor name="D0N27">
            <wcet number="0">80</wcet>
            <wcet number="1">180</wcet>
            <maxpow number="0.5473164231726578"/>
            <maxpow number="0.5473164231726578"/>
            <fprob>0.0</fprob>
        </actor>
        <actor name="D0N16">
            <wcet number="0">10</wcet>
            <wcet number="1">60</wcet>
            <maxpow number="0.4685924740250407"/>
            <maxpow number="0.4685924740250407"/>
            <fprob>0.0</fprob>
        </actor>
        <actor name="D0N1">
            <wcet number="0">100</wcet>
            <wcet number="1">180</wcet>
            <maxpow number="0.41048710604801397"/>
            <maxpow number="0.41048710604801397"/>
            <fprob>0.0</fprob>
        </actor>
        <actor name="D0N13">
            <wcet number="0">190</wcet>
            <wcet number="1">260</wcet>
            <maxpow number="0.572726234436281"/>
            <maxpow number="0.572726234436281"/>
            <fprob>0.0</fprob>
        </actor>
        <actor name="D0N47">
            <wcet number="0">30</wcet>
            <wcet number="1">130</wcet>
            <maxpow number="0.30907032592022327"/>
            <maxpow number="0.30907032592022327"/>
            <fprob>0.0</fprob>
        </actor>
        <actor name="D0N26">
            <wcet number="0">20</wcet>
            <wcet number="1">20</wcet>
            <maxpow number="0.7082899226581821"/>
            <maxpow number="0.7082899226581821"/>
            <fprob>0.0</fprob>
        </actor>
        <actor name="D0N22">
            <wcet number="0">130</wcet>
            <wcet number="1">150</wcet>
            <maxpow number="0.5768330160635391"/>
            <maxpow number="0.5768330160635391"/>
            <fprob>0.0</fprob>
        </actor>
        <actor name="D0N0">
            <wcet number="0">130</wcet>
            <wcet number="1">180</wcet>
            <maxpow number="0.5603763333014766"/>
            <maxpow number="0.5603763333014766"/>
            <fprob>0.0</fprob>
        </actor>
        <actor name="D0N34">
            <wcet number="0">40</wcet>
            <wcet number="1">100</wcet>
            <maxpow number="0.773554045876645"/>
            <maxpow number="0.773554045876645"/>
            <fprob>0.0</fprob>
        </actor>
        <actor name="D0N18">
            <wcet number="0">130</wcet>
            <wcet number="1">130</wcet>
            <maxpow number="0.2537343434927137"/>
            <maxpow number="0.2537343434927137"/>
            <fprob>0.0</fprob>
        </actor>
        <actor name="D0N31">
            <wcet number="0">70</wcet>
            <wcet number="1">150</wcet>
            <maxpow number="0.446221028105393"/>
            <maxpow number="0.446221028105393"/>
            <fprob>0.0</fprob>
        </actor>
        <actor name="D0N46">
            <wcet number="0">10</wcet>
            <wcet number="1">10</wcet>
            <maxpow number="0.45585350930815666"/>
            <maxpow number="0.45585350930815666"/>
            <fprob>0.0</fprob>
        </actor>
        <actor name="D0N15">
            <wcet number="0">110</wcet>
            <wcet number="1">110</wcet>
            <maxpow number="0.7665957044345537"/>
            <maxpow number="0.7665957044345537"/>
            <fprob>0.0</fprob>
        </actor>
        <actor name="D0N39">
            <wcet number="0">90</wcet>
            <wcet number="1">110</wcet>
            <maxpow number="0.4100692297769991"/>
            <maxpow number="0.4100692297769991"/>
            <fprob>0.0</fprob>
        </actor>
        <ports>
            <port dstActor="D0N44" name="p0" srcActor="D0N41"/>
            <port dstActor="D0N46" name="p1" srcActor="D0N41"/>
            <port dstActor="D0N27" name="p2" srcActor="D0N5"/>
            <port dstActor="D0N37" name="p3" srcActor="D0N5"/>
            <port dstActor="D0N47" name="p4" srcActor="D0N23"/>
            <port dstActor="D0N40" name="p5" srcActor="D0N23"/>
            <port dstActor="D0N42" name="p6" srcActor="D0N23"/>
            <port dstActor="D0N42" name="p7" srcActor="D0N32"/>
            <port dstActor="D0N48" name="p8" srcActor="D0N32"/>
            <port dstActor="D0N44" name="p9" srcActor="D0N10"/>
            <port dstActor="D0N40" name="p10" srcActor="D0N10"/>
            <port dstActor="D0N30" name="p11" srcActor="D0N10"/>
            <port dstActor="D0N44" name="p12" srcActor="D0N38"/>
            <port dstActor="D0N45" name="p13" srcActor="D0N19"/>
            <port dstActor="D0N25" name="p14" srcActor="D0N19"/>
            <port dstActor="D0N36" name="p15" srcActor="D0N19"/>
            <port dstActor="D0N41" name="p16" srcActor="D0N3"/>
            <port dstActor="D0N8" name="p17" srcActor="D0N3"/>
            <port dstActor="D0N34" name="p18" srcActor="D0N3"/>
            <port dstActor="D0N42" name="p19" srcActor="D0N3"/>
            <port dstActor="D0N18" name="p20" srcActor="D0N3"/>
            <port dstActor="D0N21" name="p21" srcActor="D0N3"/>
            <port dstActor="D0N35" name="p22" srcActor="D0N30"/>
            <port dstActor="D0N46" name="p23" srcActor="D0N30"/>
            <port dstActor="D0N37" name="p24" srcActor="D0N30"/>
            <port dstActor="D0N32" name="p25" srcActor="D0N12"/>
            <port dstActor="D0N38" name="p26" srcActor="D0N12"/>
            <port dstActor="D0N44" name="p27" srcActor="D0N36"/>
            <port dstActor="D0N40" name="p28" srcActor="D0N36"/>
            <port dstActor="D0N49" name="p29" srcActor="D0N36"/>
            <port dstActor="D0N45" name="p30" srcActor="D0N28"/>
            <port dstActor="D0N38" name="p31" srcActor="D0N28"/>
            <port dstActor="D0N44" name="p32" srcActor="D0N17"/>
            <port dstActor="D0N31" name="p33" srcActor="D0N17"/>
            <port dstActor="D0N25" name="p34" srcActor="D0N17"/>
            <port dstActor="D0N23" name="p35" srcActor="D0N17"/>
            <port dstActor="D0N20" name="p36" srcActor="D0N2"/>
            <port dstActor="D0N39" name="p37" srcActor="D0N2"/>
            <port dstActor="D0N8" name="p38" srcActor="D0N2"/>
            <port dstActor="D0N45" name="p39" srcActor="D0N2"/>
            <port dstActor="D0N15" name="p40" srcActor="D0N2"/>
            <port dstActor="D0N48" name="p41" srcActor="D0N37"/>
            <port dstActor="D0N47" name="p42" srcActor="D0N45"/>
            <port dstActor="D0N49" name="p43" srcActor="D0N40"/>
            <port dstActor="D0N47" name="p44" srcActor="D0N40"/>
            <port dstActor="D0N32" name="p45" srcActor="D0N9"/>
            <port dstActor="D0N33" name="p46" srcActor="D0N9"/>
            <port dstActor="D0N28" name="p47" srcActor="D0N9"/>
            <port dstActor="D0N40" name="p48" srcActor="D0N9"/>
            <port dstActor="D0N29" name="p49" srcActor="D0N24"/>
            <port dstActor="D0N25" name="p50" srcActor="D0N8"/>
            <port dstActor="D0N36" name="p51" srcActor="D0N8"/>
            <port dstActor="D0N35" name="p52" srcActor="D0N11"/>
            <port dstActor="D0N45" name="p53" srcActor="D0N14"/>
            <port dstActor="D0N18" name="p54" srcActor="D0N14"/>
            <port dstActor="D0N16" name="p55" srcActor="D0N14"/>
            <port dstActor="D0N30" name="p56" srcActor="D0N7"/>
            <port dstActor="D0N21" name="p57" srcActor="D0N7"/>
            <port dstActor="D0N41" name="p58" srcActor="D0N7"/>
            <port dstActor="D0N47" name="p59" srcActor="D0N21"/>
            <port dstActor="D0N43" name="p60" srcActor="D0N21"/>
            <port dstActor="D0N7" name="p61" srcActor="D0N4"/>
            <port dstActor="D0N22" name="p62" srcActor="D0N4"/>
            <port dstActor="D0N37" name="p63" srcActor="D0N4"/>
            <port dstActor="D0N24" name="p64" srcActor="D0N4"/>
            <port dstActor="D0N11" name="p65" srcActor="D0N6"/>
            <port dstActor="D0N34" name="p66" srcActor="D0N6"/>
            <port dstActor="D0N10" name="p67" srcActor="D0N6"/>
            <port dstActor="D0N39" name="p68" srcActor="D0N6"/>
            <port dstActor="D0N27" name="p69" srcActor="D0N20"/>
            <port dstActor="D0N41" name="p70" srcActor="D0N20"/>
            <port dstActor="D0N49" name="p71" srcActor="D0N20"/>
            <port dstActor="D0N45" name="p72" srcActor="D0N42"/>
            <port dstActor="D0N49" name="p73" srcActor="D0N42"/>
            <port dstActor="D0N33" name="p74" srcActor="D0N27"/>
            <port dstActor="D0N42" name="p75" srcActor="D0N16"/>
            <port dstActor="D0N23" name="p76" srcActor="D0N16"/>
            <port dstActor="D0N37" name="p77" srcActor="D0N16"/>
            <port dstActor="D0N44" name="p78" srcActor="D0N1"/>
            <port dstActor="D0N24" name="p79" srcActor="D0N1"/>
            <port dstActor="D0N11" name="p80" srcActor="D0N1"/>
            <port dstActor="D0N46" name="p81" srcActor="D0N1"/>
            <port dstActor="D0N31" name="p82" srcActor="D0N1"/>
            <port dstActor="D0N45" name="p83" srcActor="D0N13"/>
            <port dstActor="D0N34" name="p84" srcActor="D0N13"/>
            <port dstActor="D0N44" name="p85" srcActor="D0N13"/>
            <port dstActor="D0N15" name="p86" srcActor="D0N13"/>
            <port dstActor="D0N25" name="p87" srcActor="D0N13"/>
            <port dstActor="D0N42" name="p88" srcActor="D0N13"/>
            <port dstActor="D0N38" name="p89" srcActor="D0N26"/>
            <port dstActor="D0N43" name="p90" srcActor="D0N26"/>
            <port dstActor="D0N29" name="p91" srcActor="D0N26"/>
            <port dstActor="D0N36" name="p92" srcActor="D0N26"/>
            <port dstActor="D0N3" name="p93" srcActor="D0N0"/>
            <port dstActor="D0N6" name="p94" srcActor="D0N0"/>
            <port dstActor="D0N10" name="p95" srcActor="D0N0"/>
            <port dstActor="D0N28" name="p96" srcActor="D0N0"/>
            <port dstActor="D0N41" name="p97" srcActor="D0N0"/>
            <port dstActor="D0N34" name="p98" srcActor="D0N0"/>
            <port dstActor="D0N38" name="p99" srcActor="D0N18"/>
            <port dstActor="D0N24" name="p100" srcActor="D0N18"/>
            <port dstActor="D0N37" name="p101" srcActor="D0N31"/>
            <port dstActor="D0N49" name="p102" srcActor="D0N31"/>
            <port dstActor="D0N48" name="p103" srcActor="D0N31"/>
            <port dstActor="D0N33" name="p104" srcActor="D0N31"/>
            <port dstActor="D0N26" name="p105" srcActor="D0N15"/>
            <port dstActor="D0N45" name="p106" srcActor="D0N15"/>
            <port dstActor="D0N46" name="p107" srcActor="D0N15"/>
            <port dstActor="D0N37" name="p108" srcActor="D0N15"/>
            <port dstActor="D0N44" name="p109" srcActor="D0N39"/>
            <port dstActor="D0N40" name="p110" srcActor="D0N39"/>
            <port dstActor="D0N42" name="p111" srcActor="D0N39"/>
        </ports>
    </mcdag>
    <cores number="3"/>
    <levels number="2"/>
</mcsystem>
