<?xml version="1.0" encoding="UTF-8" standalone="no"?>
<mcsystem>
    <mcdag deadline="1800" name="genned-0-ed-10.0-0">
        <actor name="D0N31">
            <wcet number="0">250</wcet>
            <wcet number="1">290</wcet>
            <maxpow number="0.6740997017030866"/>
            <maxpow number="0.6740997017030866"/>
            <fprob>0.0</fprob>
        </actor>
        <actor name="D0N21">
            <wcet number="0">10</wcet>
            <wcet number="1">10</wcet>
            <maxpow number="0.8202819539057442"/>
            <maxpow number="0.8202819539057442"/>
            <fprob>0.0</fprob>
        </actor>
        <actor name="D0N39">
            <wcet number="0">30</wcet>
            <wcet number="1">80</wcet>
            <maxpow number="0.524119253686538"/>
            <maxpow number="0.524119253686538"/>
            <fprob>0.0</fprob>
        </actor>
        <actor name="D0N40">
            <wcet number="0">40</wcet>
            <wcet number="1">90</wcet>
            <maxpow number="0.7157681062097432"/>
            <maxpow number="0.7157681062097432"/>
            <fprob>0.0</fprob>
        </actor>
        <actor name="D0N24">
            <wcet number="0">110</wcet>
            <wcet number="1">140</wcet>
            <maxpow number="0.5274674630841752"/>
            <maxpow number="0.5274674630841752"/>
            <fprob>0.0</fprob>
        </actor>
        <actor name="D0N13">
            <wcet number="0">70</wcet>
            <wcet number="1">70</wcet>
            <maxpow number="0.6278686638967267"/>
            <maxpow number="0.6278686638967267"/>
            <fprob>0.0</fprob>
        </actor>
        <actor name="D0N2">
            <wcet number="0">20</wcet>
            <wcet number="1">30</wcet>
            <maxpow number="0.5309809605073392"/>
            <maxpow number="0.5309809605073392"/>
            <fprob>0.0</fprob>
        </actor>
        <actor name="D0N22">
            <wcet number="0">40</wcet>
            <wcet number="1">60</wcet>
            <maxpow number="0.6960045000317019"/>
            <maxpow number="0.6960045000317019"/>
            <fprob>0.0</fprob>
        </actor>
        <actor name="D0N20">
            <wcet number="0">70</wcet>
            <wcet number="1">80</wcet>
            <maxpow number="0.9253765261614475"/>
            <maxpow number="0.9253765261614475"/>
            <fprob>0.0</fprob>
        </actor>
        <actor name="D0N1">
            <wcet number="0">120</wcet>
            <wcet number="1">170</wcet>
            <maxpow number="0.40626927698681764"/>
            <maxpow number="0.40626927698681764"/>
            <fprob>0.0</fprob>
        </actor>
        <actor name="D0N0">
            <wcet number="0">30</wcet>
            <wcet number="1">30</wcet>
            <maxpow number="0.7940991233271624"/>
            <maxpow number="0.7940991233271624"/>
            <fprob>0.0</fprob>
        </actor>
        <actor name="D0N25">
            <wcet number="0">40</wcet>
            <wcet number="1">40</wcet>
            <maxpow number="0.5707162985470986"/>
            <maxpow number="0.5707162985470986"/>
            <fprob>0.0</fprob>
        </actor>
        <actor name="D0N3">
            <wcet number="0">10</wcet>
            <wcet number="1">50</wcet>
            <maxpow number="0.6652933679448241"/>
            <maxpow number="0.6652933679448241"/>
            <fprob>0.0</fprob>
        </actor>
        <actor name="D0N44">
            <wcet number="0">90</wcet>
            <wcet number="1">90</wcet>
            <maxpow number="0.5765486748844031"/>
            <maxpow number="0.5765486748844031"/>
            <fprob>0.0</fprob>
        </actor>
        <actor name="D0N27">
            <wcet number="0">180</wcet>
            <wcet number="1">210</wcet>
            <maxpow number="0.6165477706789095"/>
            <maxpow number="0.6165477706789095"/>
            <fprob>0.0</fprob>
        </actor>
        <actor name="D0N34">
            <wcet number="0">80</wcet>
            <wcet number="1">140</wcet>
            <maxpow number="0.6230878732929434"/>
            <maxpow number="0.6230878732929434"/>
            <fprob>0.0</fprob>
        </actor>
        <actor name="D0N7">
            <wcet number="0">20</wcet>
            <wcet number="1">110</wcet>
            <maxpow number="0.7096716268374679"/>
            <maxpow number="0.7096716268374679"/>
            <fprob>0.0</fprob>
        </actor>
        <actor name="D0N23">
            <wcet number="0">60</wcet>
            <wcet number="1">440</wcet>
            <maxpow number="0.4393410015255783"/>
            <maxpow number="0.4393410015255783"/>
            <fprob>0.0</fprob>
        </actor>
        <actor name="D0N36">
            <wcet number="0">10</wcet>
            <wcet number="1">10</wcet>
            <maxpow number="0.6559327589916814"/>
            <maxpow number="0.6559327589916814"/>
            <fprob>0.0</fprob>
        </actor>
        <actor name="D0N10">
            <wcet number="0">60</wcet>
            <wcet number="1">70</wcet>
            <maxpow number="0.8769619207255293"/>
            <maxpow number="0.8769619207255293"/>
            <fprob>0.0</fprob>
        </actor>
        <actor name="D0N15">
            <wcet number="0">20</wcet>
            <wcet number="1">20</wcet>
            <maxpow number="0.43352832232757665"/>
            <maxpow number="0.43352832232757665"/>
            <fprob>0.0</fprob>
        </actor>
        <actor name="D0N38">
            <wcet number="0">10</wcet>
            <wcet number="1">20</wcet>
            <maxpow number="0.7879446351804528"/>
            <maxpow number="0.7879446351804528"/>
            <fprob>0.0</fprob>
        </actor>
        <actor name="D0N16">
            <wcet number="0">10</wcet>
            <wcet number="1">10</wcet>
            <maxpow number="0.7347197965667343"/>
            <maxpow number="0.7347197965667343"/>
            <fprob>0.0</fprob>
        </actor>
        <actor name="D0N37">
            <wcet number="0">40</wcet>
            <wcet number="1">100</wcet>
            <maxpow number="0.6440249055982753"/>
            <maxpow number="0.6440249055982753"/>
            <fprob>0.0</fprob>
        </actor>
        <actor name="D0N4">
            <wcet number="0">10</wcet>
            <wcet number="1">20</wcet>
            <maxpow number="0.4142157334761468"/>
            <maxpow number="0.4142157334761468"/>
            <fprob>0.0</fprob>
        </actor>
        <actor name="D0N9">
            <wcet number="0">50</wcet>
            <wcet number="1">160</wcet>
            <maxpow number="0.38770004849004114"/>
            <maxpow number="0.38770004849004114"/>
            <fprob>0.0</fprob>
        </actor>
        <actor name="D0N26">
            <wcet number="0">40</wcet>
            <wcet number="1">80</wcet>
            <maxpow number="0.33409524385906353"/>
            <maxpow number="0.33409524385906353"/>
            <fprob>0.0</fprob>
        </actor>
        <actor name="D0N5">
            <wcet number="0">60</wcet>
            <wcet number="1">90</wcet>
            <maxpow number="0.3181709236937173"/>
            <maxpow number="0.3181709236937173"/>
            <fprob>0.0</fprob>
        </actor>
        <actor name="D0N12">
            <wcet number="0">60</wcet>
            <wcet number="1">60</wcet>
            <maxpow number="0.5665768317048983"/>
            <maxpow number="0.5665768317048983"/>
            <fprob>0.0</fprob>
        </actor>
        <actor name="D0N14">
            <wcet number="0">60</wcet>
            <wcet number="1">70</wcet>
            <maxpow number="0.6061178562793288"/>
            <maxpow number="0.6061178562793288"/>
            <fprob>0.0</fprob>
        </actor>
        <actor name="D0N19">
            <wcet number="0">100</wcet>
            <wcet number="1">160</wcet>
            <maxpow number="0.14105039106147815"/>
            <maxpow number="0.14105039106147815"/>
            <fprob>0.0</fprob>
        </actor>
        <actor name="D0N29">
            <wcet number="0">30</wcet>
            <wcet number="1">220</wcet>
            <maxpow number="0.47584499480826475"/>
            <maxpow number="0.47584499480826475"/>
            <fprob>0.0</fprob>
        </actor>
        <actor name="D0N46">
            <wcet number="0">10</wcet>
            <wcet number="1">10</wcet>
            <maxpow number="0.5751021936480664"/>
            <maxpow number="0.5751021936480664"/>
            <fprob>0.0</fprob>
        </actor>
        <actor name="D0N28">
            <wcet number="0">20</wcet>
            <wcet number="1">20</wcet>
            <maxpow number="0.5110393035442591"/>
            <maxpow number="0.5110393035442591"/>
            <fprob>0.0</fprob>
        </actor>
        <actor name="D0N33">
            <wcet number="0">20</wcet>
            <wcet number="1">70</wcet>
            <maxpow number="0.4386798303718821"/>
            <maxpow number="0.4386798303718821"/>
            <fprob>0.0</fprob>
        </actor>
        <actor name="D0N18">
            <wcet number="0">30</wcet>
            <wcet number="1">30</wcet>
            <maxpow number="0.3900243106020508"/>
            <maxpow number="0.3900243106020508"/>
            <fprob>0.0</fprob>
        </actor>
        <actor name="D0N6">
            <wcet number="0">20</wcet>
            <wcet number="1">190</wcet>
            <maxpow number="0.5991134549915348"/>
            <maxpow number="0.5991134549915348"/>
            <fprob>0.0</fprob>
        </actor>
        <actor name="D0N30">
            <wcet number="0">10</wcet>
            <wcet number="1">10</wcet>
            <maxpow number="0.4135246235943917"/>
            <maxpow number="0.4135246235943917"/>
            <fprob>0.0</fprob>
        </actor>
        <actor name="D0N45">
            <wcet number="0">40</wcet>
            <wcet number="1">70</wcet>
            <maxpow number="0.6625112930279253"/>
            <maxpow number="0.6625112930279253"/>
            <fprob>0.0</fprob>
        </actor>
        <actor name="D0N8">
            <wcet number="0">20</wcet>
            <wcet number="1">30</wcet>
            <maxpow number="0.7676978734061358"/>
            <maxpow number="0.7676978734061358"/>
            <fprob>0.0</fprob>
        </actor>
        <actor name="D0N11">
            <wcet number="0">10</wcet>
            <wcet number="1">40</wcet>
            <maxpow number="0.6181984347671007"/>
            <maxpow number="0.6181984347671007"/>
            <fprob>0.0</fprob>
        </actor>
        <actor name="D0N43">
            <wcet number="0">50</wcet>
            <wcet number="1">60</wcet>
            <maxpow number="0.4446088298193697"/>
            <maxpow number="0.4446088298193697"/>
            <fprob>0.0</fprob>
        </actor>
        <actor name="D0N17">
            <wcet number="0">10</wcet>
            <wcet number="1">20</wcet>
            <maxpow number="0.6770101351764621"/>
            <maxpow number="0.6770101351764621"/>
            <fprob>0.0</fprob>
        </actor>
        <actor name="D0N32">
            <wcet number="0">50</wcet>
            <wcet number="1">90</wcet>
            <maxpow number="0.7377641233472448"/>
            <maxpow number="0.7377641233472448"/>
            <fprob>0.0</fprob>
        </actor>
        <actor name="D0N35">
            <wcet number="0">30</wcet>
            <wcet number="1">80</wcet>
            <maxpow number="0.6212716341043629"/>
            <maxpow number="0.6212716341043629"/>
            <fprob>0.0</fprob>
        </actor>
        <actor name="D0N41">
            <wcet number="0">10</wcet>
            <wcet number="1">60</wcet>
            <maxpow number="0.498248318032886"/>
            <maxpow number="0.498248318032886"/>
            <fprob>0.0</fprob>
        </actor>
        <actor name="D0N42">
            <wcet number="0">20</wcet>
            <wcet number="1">140</wcet>
            <maxpow number="0.30788539724743114"/>
            <maxpow number="0.30788539724743114"/>
            <fprob>0.0</fprob>
        </actor>
        <ports>
            <port dstActor="D0N38" name="p0" srcActor="D0N31"/>
            <port dstActor="D0N34" name="p1" srcActor="D0N21"/>
            <port dstActor="D0N46" name="p2" srcActor="D0N39"/>
            <port dstActor="D0N33" name="p3" srcActor="D0N24"/>
            <port dstActor="D0N18" name="p4" srcActor="D0N13"/>
            <port dstActor="D0N19" name="p5" srcActor="D0N13"/>
            <port dstActor="D0N26" name="p6" srcActor="D0N2"/>
            <port dstActor="D0N16" name="p7" srcActor="D0N2"/>
            <port dstActor="D0N18" name="p8" srcActor="D0N2"/>
            <port dstActor="D0N32" name="p9" srcActor="D0N2"/>
            <port dstActor="D0N15" name="p10" srcActor="D0N2"/>
            <port dstActor="D0N27" name="p11" srcActor="D0N22"/>
            <port dstActor="D0N40" name="p12" srcActor="D0N22"/>
            <port dstActor="D0N23" name="p13" srcActor="D0N22"/>
            <port dstActor="D0N28" name="p14" srcActor="D0N20"/>
            <port dstActor="D0N14" name="p15" srcActor="D0N1"/>
            <port dstActor="D0N8" name="p16" srcActor="D0N1"/>
            <port dstActor="D0N11" name="p17" srcActor="D0N1"/>
            <port dstActor="D0N28" name="p18" srcActor="D0N1"/>
            <port dstActor="D0N17" name="p19" srcActor="D0N0"/>
            <port dstActor="D0N26" name="p20" srcActor="D0N0"/>
            <port dstActor="D0N46" name="p21" srcActor="D0N0"/>
            <port dstActor="D0N34" name="p22" srcActor="D0N0"/>
            <port dstActor="D0N37" name="p23" srcActor="D0N0"/>
            <port dstActor="D0N42" name="p24" srcActor="D0N25"/>
            <port dstActor="D0N32" name="p25" srcActor="D0N25"/>
            <port dstActor="D0N35" name="p26" srcActor="D0N25"/>
            <port dstActor="D0N23" name="p27" srcActor="D0N3"/>
            <port dstActor="D0N34" name="p28" srcActor="D0N3"/>
            <port dstActor="D0N14" name="p29" srcActor="D0N3"/>
            <port dstActor="D0N13" name="p30" srcActor="D0N3"/>
            <port dstActor="D0N29" name="p31" srcActor="D0N27"/>
            <port dstActor="D0N42" name="p32" srcActor="D0N7"/>
            <port dstActor="D0N28" name="p33" srcActor="D0N7"/>
            <port dstActor="D0N11" name="p34" srcActor="D0N7"/>
            <port dstActor="D0N25" name="p35" srcActor="D0N7"/>
            <port dstActor="D0N31" name="p36" srcActor="D0N7"/>
            <port dstActor="D0N27" name="p37" srcActor="D0N7"/>
            <port dstActor="D0N44" name="p38" srcActor="D0N23"/>
            <port dstActor="D0N37" name="p39" srcActor="D0N36"/>
            <port dstActor="D0N41" name="p40" srcActor="D0N10"/>
            <port dstActor="D0N18" name="p41" srcActor="D0N10"/>
            <port dstActor="D0N17" name="p42" srcActor="D0N10"/>
            <port dstActor="D0N35" name="p43" srcActor="D0N10"/>
            <port dstActor="D0N33" name="p44" srcActor="D0N15"/>
            <port dstActor="D0N38" name="p45" srcActor="D0N15"/>
            <port dstActor="D0N32" name="p46" srcActor="D0N15"/>
            <port dstActor="D0N24" name="p47" srcActor="D0N15"/>
            <port dstActor="D0N20" name="p48" srcActor="D0N16"/>
            <port dstActor="D0N32" name="p49" srcActor="D0N16"/>
            <port dstActor="D0N36" name="p50" srcActor="D0N16"/>
            <port dstActor="D0N42" name="p51" srcActor="D0N4"/>
            <port dstActor="D0N46" name="p52" srcActor="D0N4"/>
            <port dstActor="D0N5" name="p53" srcActor="D0N4"/>
            <port dstActor="D0N23" name="p54" srcActor="D0N9"/>
            <port dstActor="D0N40" name="p55" srcActor="D0N9"/>
            <port dstActor="D0N21" name="p56" srcActor="D0N9"/>
            <port dstActor="D0N18" name="p57" srcActor="D0N9"/>
            <port dstActor="D0N40" name="p58" srcActor="D0N26"/>
            <port dstActor="D0N38" name="p59" srcActor="D0N26"/>
            <port dstActor="D0N13" name="p60" srcActor="D0N5"/>
            <port dstActor="D0N35" name="p61" srcActor="D0N5"/>
            <port dstActor="D0N6" name="p62" srcActor="D0N5"/>
            <port dstActor="D0N15" name="p63" srcActor="D0N5"/>
            <port dstActor="D0N15" name="p64" srcActor="D0N12"/>
            <port dstActor="D0N16" name="p65" srcActor="D0N12"/>
            <port dstActor="D0N22" name="p66" srcActor="D0N14"/>
            <port dstActor="D0N33" name="p67" srcActor="D0N14"/>
            <port dstActor="D0N20" name="p68" srcActor="D0N14"/>
            <port dstActor="D0N29" name="p69" srcActor="D0N14"/>
            <port dstActor="D0N25" name="p70" srcActor="D0N19"/>
            <port dstActor="D0N40" name="p71" srcActor="D0N19"/>
            <port dstActor="D0N45" name="p72" srcActor="D0N19"/>
            <port dstActor="D0N21" name="p73" srcActor="D0N19"/>
            <port dstActor="D0N43" name="p74" srcActor="D0N29"/>
            <port dstActor="D0N33" name="p75" srcActor="D0N28"/>
            <port dstActor="D0N42" name="p76" srcActor="D0N33"/>
            <port dstActor="D0N45" name="p77" srcActor="D0N18"/>
            <port dstActor="D0N36" name="p78" srcActor="D0N18"/>
            <port dstActor="D0N37" name="p79" srcActor="D0N18"/>
            <port dstActor="D0N38" name="p80" srcActor="D0N6"/>
            <port dstActor="D0N43" name="p81" srcActor="D0N6"/>
            <port dstActor="D0N11" name="p82" srcActor="D0N6"/>
            <port dstActor="D0N40" name="p83" srcActor="D0N6"/>
            <port dstActor="D0N45" name="p84" srcActor="D0N30"/>
            <port dstActor="D0N30" name="p85" srcActor="D0N8"/>
            <port dstActor="D0N25" name="p86" srcActor="D0N8"/>
            <port dstActor="D0N28" name="p87" srcActor="D0N11"/>
            <port dstActor="D0N16" name="p88" srcActor="D0N11"/>
            <port dstActor="D0N25" name="p89" srcActor="D0N11"/>
            <port dstActor="D0N37" name="p90" srcActor="D0N11"/>
            <port dstActor="D0N24" name="p91" srcActor="D0N11"/>
            <port dstActor="D0N46" name="p92" srcActor="D0N43"/>
            <port dstActor="D0N21" name="p93" srcActor="D0N17"/>
            <port dstActor="D0N36" name="p94" srcActor="D0N17"/>
            <port dstActor="D0N24" name="p95" srcActor="D0N17"/>
            <port dstActor="D0N38" name="p96" srcActor="D0N17"/>
            <port dstActor="D0N41" name="p97" srcActor="D0N35"/>
            <port dstActor="D0N37" name="p98" srcActor="D0N35"/>
            <port dstActor="D0N46" name="p99" srcActor="D0N42"/>
        </ports>
    </mcdag>
    <cores number="3"/>
    <levels number="2"/>
</mcsystem>
