<?xml version="1.0" encoding="UTF-8" standalone="no"?>
<mcsystem>
    <mcdag deadline="1800" name="genned-0-ed-10.0-0">
        <actor name="D0N44">
            <wcet number="0">330</wcet>
            <wcet number="1">340</wcet>
            <maxpow number="0.4713214060257506"/>
            <maxpow number="0.4713214060257506"/>
            <fprob>0.0</fprob>
        </actor>
        <actor name="D0N21">
            <wcet number="0">20</wcet>
            <wcet number="1">20</wcet>
            <maxpow number="0.6473134613714425"/>
            <maxpow number="0.6473134613714425"/>
            <fprob>0.0</fprob>
        </actor>
        <actor name="D0N33">
            <wcet number="0">40</wcet>
            <wcet number="1">50</wcet>
            <maxpow number="0.5017817101680705"/>
            <maxpow number="0.5017817101680705"/>
            <fprob>0.0</fprob>
        </actor>
        <actor name="D0N19">
            <wcet number="0">110</wcet>
            <wcet number="1">110</wcet>
            <maxpow number="0.656543184386651"/>
            <maxpow number="0.656543184386651"/>
            <fprob>0.0</fprob>
        </actor>
        <actor name="D0N16">
            <wcet number="0">40</wcet>
            <wcet number="1">60</wcet>
            <maxpow number="0.5266791378437441"/>
            <maxpow number="0.5266791378437441"/>
            <fprob>0.0</fprob>
        </actor>
        <actor name="D0N41">
            <wcet number="0">90</wcet>
            <wcet number="1">150</wcet>
            <maxpow number="0.20820723777697692"/>
            <maxpow number="0.20820723777697692"/>
            <fprob>0.0</fprob>
        </actor>
        <actor name="D0N25">
            <wcet number="0">20</wcet>
            <wcet number="1">20</wcet>
            <maxpow number="0.6093958592191762"/>
            <maxpow number="0.6093958592191762"/>
            <fprob>0.0</fprob>
        </actor>
        <actor name="D0N38">
            <wcet number="0">30</wcet>
            <wcet number="1">160</wcet>
            <maxpow number="0.6459001701204122"/>
            <maxpow number="0.6459001701204122"/>
            <fprob>0.0</fprob>
        </actor>
        <actor name="D0N43">
            <wcet number="0">20</wcet>
            <wcet number="1">20</wcet>
            <maxpow number="0.1647066899047323"/>
            <maxpow number="0.1647066899047323"/>
            <fprob>0.0</fprob>
        </actor>
        <actor name="D0N20">
            <wcet number="0">160</wcet>
            <wcet number="1">190</wcet>
            <maxpow number="0.5065794992577282"/>
            <maxpow number="0.5065794992577282"/>
            <fprob>0.0</fprob>
        </actor>
        <actor name="D0N0">
            <wcet number="0">20</wcet>
            <wcet number="1">30</wcet>
            <maxpow number="0.31831021778606605"/>
            <maxpow number="0.31831021778606605"/>
            <fprob>0.0</fprob>
        </actor>
        <actor name="D0N13">
            <wcet number="0">10</wcet>
            <wcet number="1">10</wcet>
            <maxpow number="0.6566000753760989"/>
            <maxpow number="0.6566000753760989"/>
            <fprob>0.0</fprob>
        </actor>
        <actor name="D0N26">
            <wcet number="0">10</wcet>
            <wcet number="1">30</wcet>
            <maxpow number="0.48127361702751226"/>
            <maxpow number="0.48127361702751226"/>
            <fprob>0.0</fprob>
        </actor>
        <actor name="D0N45">
            <wcet number="0">10</wcet>
            <wcet number="1">10</wcet>
            <maxpow number="0.7757596289981158"/>
            <maxpow number="0.7757596289981158"/>
            <fprob>0.0</fprob>
        </actor>
        <actor name="D0N34">
            <wcet number="0">30</wcet>
            <wcet number="1">60</wcet>
            <maxpow number="0.8874465129254863"/>
            <maxpow number="0.8874465129254863"/>
            <fprob>0.0</fprob>
        </actor>
        <actor name="D0N3">
            <wcet number="0">100</wcet>
            <wcet number="1">260</wcet>
            <maxpow number="0.30052850934787223"/>
            <maxpow number="0.30052850934787223"/>
            <fprob>0.0</fprob>
        </actor>
        <actor name="D0N35">
            <wcet number="0">50</wcet>
            <wcet number="1">100</wcet>
            <maxpow number="0.6266715445293828"/>
            <maxpow number="0.6266715445293828"/>
            <fprob>0.0</fprob>
        </actor>
        <actor name="D0N22">
            <wcet number="0">120</wcet>
            <wcet number="1">210</wcet>
            <maxpow number="0.5998093467583497"/>
            <maxpow number="0.5998093467583497"/>
            <fprob>0.0</fprob>
        </actor>
        <actor name="D0N23">
            <wcet number="0">10</wcet>
            <wcet number="1">10</wcet>
            <maxpow number="0.3170316241796111"/>
            <maxpow number="0.3170316241796111"/>
            <fprob>0.0</fprob>
        </actor>
        <actor name="D0N12">
            <wcet number="0">10</wcet>
            <wcet number="1">10</wcet>
            <maxpow number="0.6972043227804476"/>
            <maxpow number="0.6972043227804476"/>
            <fprob>0.0</fprob>
        </actor>
        <actor name="D0N9">
            <wcet number="0">70</wcet>
            <wcet number="1">120</wcet>
            <maxpow number="0.5645098436894846"/>
            <maxpow number="0.5645098436894846"/>
            <fprob>0.0</fprob>
        </actor>
        <actor name="D0N47">
            <wcet number="0">100</wcet>
            <wcet number="1">120</wcet>
            <maxpow number="0.7098116199794516"/>
            <maxpow number="0.7098116199794516"/>
            <fprob>0.0</fprob>
        </actor>
        <actor name="D0N46">
            <wcet number="0">170</wcet>
            <wcet number="1">170</wcet>
            <maxpow number="0.7562718451439046"/>
            <maxpow number="0.7562718451439046"/>
            <fprob>0.0</fprob>
        </actor>
        <actor name="D0N5">
            <wcet number="0">20</wcet>
            <wcet number="1">20</wcet>
            <maxpow number="0.7617563281973074"/>
            <maxpow number="0.7617563281973074"/>
            <fprob>0.0</fprob>
        </actor>
        <actor name="D0N36">
            <wcet number="0">20</wcet>
            <wcet number="1">100</wcet>
            <maxpow number="0.75212506427228"/>
            <maxpow number="0.75212506427228"/>
            <fprob>0.0</fprob>
        </actor>
        <actor name="D0N8">
            <wcet number="0">40</wcet>
            <wcet number="1">50</wcet>
            <maxpow number="0.555347957911256"/>
            <maxpow number="0.555347957911256"/>
            <fprob>0.0</fprob>
        </actor>
        <actor name="D0N48">
            <wcet number="0">40</wcet>
            <wcet number="1">50</wcet>
            <maxpow number="0.4875165685822984"/>
            <maxpow number="0.4875165685822984"/>
            <fprob>0.0</fprob>
        </actor>
        <actor name="D0N10">
            <wcet number="0">30</wcet>
            <wcet number="1">30</wcet>
            <maxpow number="0.2535517972054915"/>
            <maxpow number="0.2535517972054915"/>
            <fprob>0.0</fprob>
        </actor>
        <actor name="D0N1">
            <wcet number="0">30</wcet>
            <wcet number="1">30</wcet>
            <maxpow number="0.7992454911791776"/>
            <maxpow number="0.7992454911791776"/>
            <fprob>0.0</fprob>
        </actor>
        <actor name="D0N27">
            <wcet number="0">20</wcet>
            <wcet number="1">90</wcet>
            <maxpow number="0.6065600063165919"/>
            <maxpow number="0.6065600063165919"/>
            <fprob>0.0</fprob>
        </actor>
        <actor name="D0N30">
            <wcet number="0">30</wcet>
            <wcet number="1">30</wcet>
            <maxpow number="0.3837362696433987"/>
            <maxpow number="0.3837362696433987"/>
            <fprob>0.0</fprob>
        </actor>
        <actor name="D0N18">
            <wcet number="0">70</wcet>
            <wcet number="1">80</wcet>
            <maxpow number="0.7418966123634911"/>
            <maxpow number="0.7418966123634911"/>
            <fprob>0.0</fprob>
        </actor>
        <actor name="D0N42">
            <wcet number="0">20</wcet>
            <wcet number="1">150</wcet>
            <maxpow number="0.5160067998780196"/>
            <maxpow number="0.5160067998780196"/>
            <fprob>0.0</fprob>
        </actor>
        <actor name="D0N4">
            <wcet number="0">40</wcet>
            <wcet number="1">60</wcet>
            <maxpow number="0.5164070330769205"/>
            <maxpow number="0.5164070330769205"/>
            <fprob>0.0</fprob>
        </actor>
        <actor name="D0N14">
            <wcet number="0">70</wcet>
            <wcet number="1">90</wcet>
            <maxpow number="0.8035526744997334"/>
            <maxpow number="0.8035526744997334"/>
            <fprob>0.0</fprob>
        </actor>
        <actor name="D0N29">
            <wcet number="0">10</wcet>
            <wcet number="1">80</wcet>
            <maxpow number="0.33944167406886816"/>
            <maxpow number="0.33944167406886816"/>
            <fprob>0.0</fprob>
        </actor>
        <actor name="D0N11">
            <wcet number="0">10</wcet>
            <wcet number="1">40</wcet>
            <maxpow number="0.2867215928377152"/>
            <maxpow number="0.2867215928377152"/>
            <fprob>0.0</fprob>
        </actor>
        <actor name="D0N28">
            <wcet number="0">10</wcet>
            <wcet number="1">10</wcet>
            <maxpow number="0.5728815871098712"/>
            <maxpow number="0.5728815871098712"/>
            <fprob>0.0</fprob>
        </actor>
        <actor name="D0N32">
            <wcet number="0">70</wcet>
            <wcet number="1">70</wcet>
            <maxpow number="0.6386368766424151"/>
            <maxpow number="0.6386368766424151"/>
            <fprob>0.0</fprob>
        </actor>
        <actor name="D0N39">
            <wcet number="0">10</wcet>
            <wcet number="1">40</wcet>
            <maxpow number="0.5998963801174503"/>
            <maxpow number="0.5998963801174503"/>
            <fprob>0.0</fprob>
        </actor>
        <actor name="D0N6">
            <wcet number="0">30</wcet>
            <wcet number="1">90</wcet>
            <maxpow number="0.40969818459865304"/>
            <maxpow number="0.40969818459865304"/>
            <fprob>0.0</fprob>
        </actor>
        <actor name="D0N40">
            <wcet number="0">100</wcet>
            <wcet number="1">130</wcet>
            <maxpow number="0.3899416737550125"/>
            <maxpow number="0.3899416737550125"/>
            <fprob>0.0</fprob>
        </actor>
        <actor name="D0N7">
            <wcet number="0">60</wcet>
            <wcet number="1">120</wcet>
            <maxpow number="0.601566349757359"/>
            <maxpow number="0.601566349757359"/>
            <fprob>0.0</fprob>
        </actor>
        <actor name="D0N2">
            <wcet number="0">70</wcet>
            <wcet number="1">150</wcet>
            <maxpow number="0.6908330654169484"/>
            <maxpow number="0.6908330654169484"/>
            <fprob>0.0</fprob>
        </actor>
        <actor name="D0N24">
            <wcet number="0">20</wcet>
            <wcet number="1">120</wcet>
            <maxpow number="0.15846875588370085"/>
            <maxpow number="0.15846875588370085"/>
            <fprob>0.0</fprob>
        </actor>
        <actor name="D0N31">
            <wcet number="0">10</wcet>
            <wcet number="1">30</wcet>
            <maxpow number="0.2850257539684082"/>
            <maxpow number="0.2850257539684082"/>
            <fprob>0.0</fprob>
        </actor>
        <actor name="D0N37">
            <wcet number="0">30</wcet>
            <wcet number="1">80</wcet>
            <maxpow number="0.5450916087393094"/>
            <maxpow number="0.5450916087393094"/>
            <fprob>0.0</fprob>
        </actor>
        <actor name="D0N17">
            <wcet number="0">40</wcet>
            <wcet number="1">60</wcet>
            <maxpow number="0.49541573386970855"/>
            <maxpow number="0.49541573386970855"/>
            <fprob>0.0</fprob>
        </actor>
        <actor name="D0N15">
            <wcet number="0">80</wcet>
            <wcet number="1">80</wcet>
            <maxpow number="0.44264696567186557"/>
            <maxpow number="0.44264696567186557"/>
            <fprob>0.0</fprob>
        </actor>
        <ports>
            <port dstActor="D0N24" name="p0" srcActor="D0N21"/>
            <port dstActor="D0N27" name="p1" srcActor="D0N21"/>
            <port dstActor="D0N42" name="p2" srcActor="D0N21"/>
            <port dstActor="D0N30" name="p3" srcActor="D0N21"/>
            <port dstActor="D0N47" name="p4" srcActor="D0N33"/>
            <port dstActor="D0N37" name="p5" srcActor="D0N33"/>
            <port dstActor="D0N35" name="p6" srcActor="D0N19"/>
            <port dstActor="D0N18" name="p7" srcActor="D0N16"/>
            <port dstActor="D0N19" name="p8" srcActor="D0N16"/>
            <port dstActor="D0N46" name="p9" srcActor="D0N16"/>
            <port dstActor="D0N22" name="p10" srcActor="D0N16"/>
            <port dstActor="D0N38" name="p11" srcActor="D0N16"/>
            <port dstActor="D0N46" name="p12" srcActor="D0N41"/>
            <port dstActor="D0N30" name="p13" srcActor="D0N25"/>
            <port dstActor="D0N48" name="p14" srcActor="D0N43"/>
            <port dstActor="D0N34" name="p15" srcActor="D0N20"/>
            <port dstActor="D0N44" name="p16" srcActor="D0N20"/>
            <port dstActor="D0N45" name="p17" srcActor="D0N20"/>
            <port dstActor="D0N31" name="p18" srcActor="D0N20"/>
            <port dstActor="D0N29" name="p19" srcActor="D0N20"/>
            <port dstActor="D0N36" name="p20" srcActor="D0N20"/>
            <port dstActor="D0N48" name="p21" srcActor="D0N0"/>
            <port dstActor="D0N9" name="p22" srcActor="D0N0"/>
            <port dstActor="D0N43" name="p23" srcActor="D0N0"/>
            <port dstActor="D0N31" name="p24" srcActor="D0N13"/>
            <port dstActor="D0N46" name="p25" srcActor="D0N13"/>
            <port dstActor="D0N48" name="p26" srcActor="D0N13"/>
            <port dstActor="D0N18" name="p27" srcActor="D0N13"/>
            <port dstActor="D0N32" name="p28" srcActor="D0N13"/>
            <port dstActor="D0N34" name="p29" srcActor="D0N26"/>
            <port dstActor="D0N47" name="p30" srcActor="D0N26"/>
            <port dstActor="D0N34" name="p31" srcActor="D0N3"/>
            <port dstActor="D0N37" name="p32" srcActor="D0N3"/>
            <port dstActor="D0N45" name="p33" srcActor="D0N3"/>
            <port dstActor="D0N8" name="p34" srcActor="D0N3"/>
            <port dstActor="D0N22" name="p35" srcActor="D0N3"/>
            <port dstActor="D0N15" name="p36" srcActor="D0N3"/>
            <port dstActor="D0N46" name="p37" srcActor="D0N35"/>
            <port dstActor="D0N44" name="p38" srcActor="D0N22"/>
            <port dstActor="D0N30" name="p39" srcActor="D0N23"/>
            <port dstActor="D0N40" name="p40" srcActor="D0N23"/>
            <port dstActor="D0N41" name="p41" srcActor="D0N23"/>
            <port dstActor="D0N22" name="p42" srcActor="D0N12"/>
            <port dstActor="D0N24" name="p43" srcActor="D0N12"/>
            <port dstActor="D0N15" name="p44" srcActor="D0N9"/>
            <port dstActor="D0N30" name="p45" srcActor="D0N5"/>
            <port dstActor="D0N25" name="p46" srcActor="D0N5"/>
            <port dstActor="D0N27" name="p47" srcActor="D0N5"/>
            <port dstActor="D0N46" name="p48" srcActor="D0N5"/>
            <port dstActor="D0N45" name="p49" srcActor="D0N5"/>
            <port dstActor="D0N7" name="p50" srcActor="D0N5"/>
            <port dstActor="D0N21" name="p51" srcActor="D0N5"/>
            <port dstActor="D0N32" name="p52" srcActor="D0N5"/>
            <port dstActor="D0N47" name="p53" srcActor="D0N36"/>
            <port dstActor="D0N43" name="p54" srcActor="D0N8"/>
            <port dstActor="D0N46" name="p55" srcActor="D0N8"/>
            <port dstActor="D0N41" name="p56" srcActor="D0N8"/>
            <port dstActor="D0N47" name="p57" srcActor="D0N8"/>
            <port dstActor="D0N35" name="p58" srcActor="D0N8"/>
            <port dstActor="D0N38" name="p59" srcActor="D0N8"/>
            <port dstActor="D0N33" name="p60" srcActor="D0N8"/>
            <port dstActor="D0N14" name="p61" srcActor="D0N10"/>
            <port dstActor="D0N20" name="p62" srcActor="D0N1"/>
            <port dstActor="D0N33" name="p63" srcActor="D0N1"/>
            <port dstActor="D0N39" name="p64" srcActor="D0N1"/>
            <port dstActor="D0N13" name="p65" srcActor="D0N1"/>
            <port dstActor="D0N36" name="p66" srcActor="D0N27"/>
            <port dstActor="D0N28" name="p67" srcActor="D0N27"/>
            <port dstActor="D0N45" name="p68" srcActor="D0N27"/>
            <port dstActor="D0N32" name="p69" srcActor="D0N27"/>
            <port dstActor="D0N38" name="p70" srcActor="D0N27"/>
            <port dstActor="D0N31" name="p71" srcActor="D0N30"/>
            <port dstActor="D0N36" name="p72" srcActor="D0N30"/>
            <port dstActor="D0N27" name="p73" srcActor="D0N18"/>
            <port dstActor="D0N16" name="p74" srcActor="D0N4"/>
            <port dstActor="D0N40" name="p75" srcActor="D0N4"/>
            <port dstActor="D0N43" name="p76" srcActor="D0N4"/>
            <port dstActor="D0N5" name="p77" srcActor="D0N4"/>
            <port dstActor="D0N8" name="p78" srcActor="D0N4"/>
            <port dstActor="D0N37" name="p79" srcActor="D0N4"/>
            <port dstActor="D0N19" name="p80" srcActor="D0N14"/>
            <port dstActor="D0N27" name="p81" srcActor="D0N14"/>
            <port dstActor="D0N39" name="p82" srcActor="D0N14"/>
            <port dstActor="D0N30" name="p83" srcActor="D0N14"/>
            <port dstActor="D0N20" name="p84" srcActor="D0N14"/>
            <port dstActor="D0N37" name="p85" srcActor="D0N29"/>
            <port dstActor="D0N35" name="p86" srcActor="D0N29"/>
            <port dstActor="D0N25" name="p87" srcActor="D0N11"/>
            <port dstActor="D0N47" name="p88" srcActor="D0N28"/>
            <port dstActor="D0N33" name="p89" srcActor="D0N28"/>
            <port dstActor="D0N36" name="p90" srcActor="D0N32"/>
            <port dstActor="D0N7" name="p91" srcActor="D0N6"/>
            <port dstActor="D0N33" name="p92" srcActor="D0N6"/>
            <port dstActor="D0N34" name="p93" srcActor="D0N6"/>
            <port dstActor="D0N48" name="p94" srcActor="D0N40"/>
            <port dstActor="D0N38" name="p95" srcActor="D0N7"/>
            <port dstActor="D0N9" name="p96" srcActor="D0N7"/>
            <port dstActor="D0N10" name="p97" srcActor="D0N7"/>
            <port dstActor="D0N42" name="p98" srcActor="D0N7"/>
            <port dstActor="D0N41" name="p99" srcActor="D0N7"/>
            <port dstActor="D0N19" name="p100" srcActor="D0N2"/>
            <port dstActor="D0N31" name="p101" srcActor="D0N2"/>
            <port dstActor="D0N12" name="p102" srcActor="D0N2"/>
            <port dstActor="D0N41" name="p103" srcActor="D0N2"/>
            <port dstActor="D0N40" name="p104" srcActor="D0N24"/>
            <port dstActor="D0N48" name="p105" srcActor="D0N24"/>
            <port dstActor="D0N39" name="p106" srcActor="D0N37"/>
            <port dstActor="D0N23" name="p107" srcActor="D0N17"/>
            <port dstActor="D0N37" name="p108" srcActor="D0N17"/>
            <port dstActor="D0N24" name="p109" srcActor="D0N17"/>
            <port dstActor="D0N16" name="p110" srcActor="D0N15"/>
            <port dstActor="D0N22" name="p111" srcActor="D0N15"/>
        </ports>
    </mcdag>
    <cores number="3"/>
    <levels number="2"/>
</mcsystem>
