<?xml version="1.0" encoding="UTF-8" standalone="no"?>
<mcsystem>
    <mcdag deadline="2500" name="genned-0-ed-10.0-0">
        <actor name="D0N40">
            <wcet number="0">10</wcet>
            <wcet number="1">10</wcet>
            <maxpow number="0.5524405846910458"/>
            <maxpow number="0.5524405846910458"/>
            <fprob>0.0</fprob>
        </actor>
        <actor name="D0N14">
            <wcet number="0">20</wcet>
            <wcet number="1">20</wcet>
            <maxpow number="0.6749868652254551"/>
            <maxpow number="0.6749868652254551"/>
            <fprob>0.0</fprob>
        </actor>
        <actor name="D0N16">
            <wcet number="0">130</wcet>
            <wcet number="1">210</wcet>
            <maxpow number="0.5657940925693266"/>
            <maxpow number="0.5657940925693266"/>
            <fprob>0.0</fprob>
        </actor>
        <actor name="D0N12">
            <wcet number="0">40</wcet>
            <wcet number="1">110</wcet>
            <maxpow number="0.5062984689751281"/>
            <maxpow number="0.5062984689751281"/>
            <fprob>0.0</fprob>
        </actor>
        <actor name="D0N29">
            <wcet number="0">70</wcet>
            <wcet number="1">110</wcet>
            <maxpow number="0.35269436149488165"/>
            <maxpow number="0.35269436149488165"/>
            <fprob>0.0</fprob>
        </actor>
        <actor name="D0N2">
            <wcet number="0">20</wcet>
            <wcet number="1">20</wcet>
            <maxpow number="0.6097183165961151"/>
            <maxpow number="0.6097183165961151"/>
            <fprob>0.0</fprob>
        </actor>
        <actor name="D0N18">
            <wcet number="0">20</wcet>
            <wcet number="1">30</wcet>
            <maxpow number="0.5923305538728105"/>
            <maxpow number="0.5923305538728105"/>
            <fprob>0.0</fprob>
        </actor>
        <actor name="D0N49">
            <wcet number="0">60</wcet>
            <wcet number="1">140</wcet>
            <maxpow number="0.6233023833901828"/>
            <maxpow number="0.6233023833901828"/>
            <fprob>0.0</fprob>
        </actor>
        <actor name="D0N5">
            <wcet number="0">20</wcet>
            <wcet number="1">90</wcet>
            <maxpow number="0.5823534988040026"/>
            <maxpow number="0.5823534988040026"/>
            <fprob>0.0</fprob>
        </actor>
        <actor name="D0N19">
            <wcet number="0">70</wcet>
            <wcet number="1">310</wcet>
            <maxpow number="0.7683513801641162"/>
            <maxpow number="0.7683513801641162"/>
            <fprob>0.0</fprob>
        </actor>
        <actor name="D0N31">
            <wcet number="0">130</wcet>
            <wcet number="1">310</wcet>
            <maxpow number="0.6307099582290818"/>
            <maxpow number="0.6307099582290818"/>
            <fprob>0.0</fprob>
        </actor>
        <actor name="D0N37">
            <wcet number="0">100</wcet>
            <wcet number="1">200</wcet>
            <maxpow number="0.5921439102374766"/>
            <maxpow number="0.5921439102374766"/>
            <fprob>0.0</fprob>
        </actor>
        <actor name="D0N38">
            <wcet number="0">10</wcet>
            <wcet number="1">20</wcet>
            <maxpow number="0.3779419188194616"/>
            <maxpow number="0.3779419188194616"/>
            <fprob>0.0</fprob>
        </actor>
        <actor name="D0N26">
            <wcet number="0">140</wcet>
            <wcet number="1">170</wcet>
            <maxpow number="0.43088760241421303"/>
            <maxpow number="0.43088760241421303"/>
            <fprob>0.0</fprob>
        </actor>
        <actor name="D0N13">
            <wcet number="0">20</wcet>
            <wcet number="1">50</wcet>
            <maxpow number="0.6773122319438242"/>
            <maxpow number="0.6773122319438242"/>
            <fprob>0.0</fprob>
        </actor>
        <actor name="D0N41">
            <wcet number="0">30</wcet>
            <wcet number="1">30</wcet>
            <maxpow number="0.605539038195179"/>
            <maxpow number="0.605539038195179"/>
            <fprob>0.0</fprob>
        </actor>
        <actor name="D0N27">
            <wcet number="0">10</wcet>
            <wcet number="1">10</wcet>
            <maxpow number="0.6644642393433359"/>
            <maxpow number="0.6644642393433359"/>
            <fprob>0.0</fprob>
        </actor>
        <actor name="D0N34">
            <wcet number="0">40</wcet>
            <wcet number="1">80</wcet>
            <maxpow number="0.32222465834019565"/>
            <maxpow number="0.32222465834019565"/>
            <fprob>0.0</fprob>
        </actor>
        <actor name="D0N43">
            <wcet number="0">40</wcet>
            <wcet number="1">50</wcet>
            <maxpow number="0.7240561793679992"/>
            <maxpow number="0.7240561793679992"/>
            <fprob>0.0</fprob>
        </actor>
        <actor name="D0N15">
            <wcet number="0">130</wcet>
            <wcet number="1">140</wcet>
            <maxpow number="0.5698434896258869"/>
            <maxpow number="0.5698434896258869"/>
            <fprob>0.0</fprob>
        </actor>
        <actor name="D0N9">
            <wcet number="0">60</wcet>
            <wcet number="1">90</wcet>
            <maxpow number="0.5052821906791956"/>
            <maxpow number="0.5052821906791956"/>
            <fprob>0.0</fprob>
        </actor>
        <actor name="D0N28">
            <wcet number="0">40</wcet>
            <wcet number="1">40</wcet>
            <maxpow number="0.8062055140591309"/>
            <maxpow number="0.8062055140591309"/>
            <fprob>0.0</fprob>
        </actor>
        <actor name="D0N7">
            <wcet number="0">20</wcet>
            <wcet number="1">50</wcet>
            <maxpow number="0.7037536984992019"/>
            <maxpow number="0.7037536984992019"/>
            <fprob>0.0</fprob>
        </actor>
        <actor name="D0N47">
            <wcet number="0">110</wcet>
            <wcet number="1">120</wcet>
            <maxpow number="0.36408346981267736"/>
            <maxpow number="0.36408346981267736"/>
            <fprob>0.0</fprob>
        </actor>
        <actor name="D0N22">
            <wcet number="0">40</wcet>
            <wcet number="1">80</wcet>
            <maxpow number="0.6833127733712661"/>
            <maxpow number="0.6833127733712661"/>
            <fprob>0.0</fprob>
        </actor>
        <actor name="D0N4">
            <wcet number="0">30</wcet>
            <wcet number="1">30</wcet>
            <maxpow number="0.5255626151524472"/>
            <maxpow number="0.5255626151524472"/>
            <fprob>0.0</fprob>
        </actor>
        <actor name="D0N17">
            <wcet number="0">130</wcet>
            <wcet number="1">270</wcet>
            <maxpow number="0.05074957119165985"/>
            <maxpow number="0.05074957119165985"/>
            <fprob>0.0</fprob>
        </actor>
        <actor name="D0N11">
            <wcet number="0">90</wcet>
            <wcet number="1">90</wcet>
            <maxpow number="0.6919308138787215"/>
            <maxpow number="0.6919308138787215"/>
            <fprob>0.0</fprob>
        </actor>
        <actor name="D0N36">
            <wcet number="0">40</wcet>
            <wcet number="1">40</wcet>
            <maxpow number="0.46433470413626077"/>
            <maxpow number="0.46433470413626077"/>
            <fprob>0.0</fprob>
        </actor>
        <actor name="D0N25">
            <wcet number="0">40</wcet>
            <wcet number="1">60</wcet>
            <maxpow number="0.7742703166563201"/>
            <maxpow number="0.7742703166563201"/>
            <fprob>0.0</fprob>
        </actor>
        <actor name="D0N0">
            <wcet number="0">10</wcet>
            <wcet number="1">10</wcet>
            <maxpow number="0.7553356317471306"/>
            <maxpow number="0.7553356317471306"/>
            <fprob>0.0</fprob>
        </actor>
        <actor name="D0N32">
            <wcet number="0">20</wcet>
            <wcet number="1">60</wcet>
            <maxpow number="0.5704198771099822"/>
            <maxpow number="0.5704198771099822"/>
            <fprob>0.0</fprob>
        </actor>
        <actor name="D0N46">
            <wcet number="0">10</wcet>
            <wcet number="1">30</wcet>
            <maxpow number="0.7795082387124536"/>
            <maxpow number="0.7795082387124536"/>
            <fprob>0.0</fprob>
        </actor>
        <actor name="D0N8">
            <wcet number="0">60</wcet>
            <wcet number="1">60</wcet>
            <maxpow number="0.39181559016265133"/>
            <maxpow number="0.39181559016265133"/>
            <fprob>0.0</fprob>
        </actor>
        <actor name="D0N48">
            <wcet number="0">370</wcet>
            <wcet number="1">470</wcet>
            <maxpow number="0.5492391165306578"/>
            <maxpow number="0.5492391165306578"/>
            <fprob>0.0</fprob>
        </actor>
        <actor name="D0N30">
            <wcet number="0">50</wcet>
            <wcet number="1">70</wcet>
            <maxpow number="0.10901049804568114"/>
            <maxpow number="0.10901049804568114"/>
            <fprob>0.0</fprob>
        </actor>
        <actor name="D0N6">
            <wcet number="0">110</wcet>
            <wcet number="1">200</wcet>
            <maxpow number="0.19617853204942698"/>
            <maxpow number="0.19617853204942698"/>
            <fprob>0.0</fprob>
        </actor>
        <actor name="D0N1">
            <wcet number="0">30</wcet>
            <wcet number="1">30</wcet>
            <maxpow number="0.8972568929940532"/>
            <maxpow number="0.8972568929940532"/>
            <fprob>0.0</fprob>
        </actor>
        <actor name="D0N35">
            <wcet number="0">300</wcet>
            <wcet number="1">350</wcet>
            <maxpow number="0.5136641047139897"/>
            <maxpow number="0.5136641047139897"/>
            <fprob>0.0</fprob>
        </actor>
        <actor name="D0N3">
            <wcet number="0">30</wcet>
            <wcet number="1">30</wcet>
            <maxpow number="0.5899251763581311"/>
            <maxpow number="0.5899251763581311"/>
            <fprob>0.0</fprob>
        </actor>
        <actor name="D0N21">
            <wcet number="0">100</wcet>
            <wcet number="1">140</wcet>
            <maxpow number="0.603138163721169"/>
            <maxpow number="0.603138163721169"/>
            <fprob>0.0</fprob>
        </actor>
        <actor name="D0N24">
            <wcet number="0">40</wcet>
            <wcet number="1">40</wcet>
            <maxpow number="0.34955251696308204"/>
            <maxpow number="0.34955251696308204"/>
            <fprob>0.0</fprob>
        </actor>
        <actor name="D0N39">
            <wcet number="0">20</wcet>
            <wcet number="1">110</wcet>
            <maxpow number="0.7130690841047304"/>
            <maxpow number="0.7130690841047304"/>
            <fprob>0.0</fprob>
        </actor>
        <actor name="D0N33">
            <wcet number="0">10</wcet>
            <wcet number="1">250</wcet>
            <maxpow number="0.7619691796265867"/>
            <maxpow number="0.7619691796265867"/>
            <fprob>0.0</fprob>
        </actor>
        <actor name="D0N20">
            <wcet number="0">30</wcet>
            <wcet number="1">160</wcet>
            <maxpow number="0.5292546116908844"/>
            <maxpow number="0.5292546116908844"/>
            <fprob>0.0</fprob>
        </actor>
        <actor name="D0N42">
            <wcet number="0">190</wcet>
            <wcet number="1">390</wcet>
            <maxpow number="0.5367215781282308"/>
            <maxpow number="0.5367215781282308"/>
            <fprob>0.0</fprob>
        </actor>
        <actor name="D0N10">
            <wcet number="0">70</wcet>
            <wcet number="1">110</wcet>
            <maxpow number="0.6891578363499757"/>
            <maxpow number="0.6891578363499757"/>
            <fprob>0.0</fprob>
        </actor>
        <actor name="D0N44">
            <wcet number="0">10</wcet>
            <wcet number="1">50</wcet>
            <maxpow number="0.5687740252712943"/>
            <maxpow number="0.5687740252712943"/>
            <fprob>0.0</fprob>
        </actor>
        <actor name="D0N23">
            <wcet number="0">90</wcet>
            <wcet number="1">180</wcet>
            <maxpow number="0.5536915677644458"/>
            <maxpow number="0.5536915677644458"/>
            <fprob>0.0</fprob>
        </actor>
        <actor name="D0N45">
            <wcet number="0">20</wcet>
            <wcet number="1">30</wcet>
            <maxpow number="0.7860415297085295"/>
            <maxpow number="0.7860415297085295"/>
            <fprob>0.0</fprob>
        </actor>
        <ports>
            <port dstActor="D0N41" name="p0" srcActor="D0N40"/>
            <port dstActor="D0N21" name="p1" srcActor="D0N14"/>
            <port dstActor="D0N39" name="p2" srcActor="D0N14"/>
            <port dstActor="D0N18" name="p3" srcActor="D0N14"/>
            <port dstActor="D0N32" name="p4" srcActor="D0N14"/>
            <port dstActor="D0N36" name="p5" srcActor="D0N16"/>
            <port dstActor="D0N21" name="p6" srcActor="D0N16"/>
            <port dstActor="D0N20" name="p7" srcActor="D0N16"/>
            <port dstActor="D0N40" name="p8" srcActor="D0N12"/>
            <port dstActor="D0N46" name="p9" srcActor="D0N12"/>
            <port dstActor="D0N43" name="p10" srcActor="D0N29"/>
            <port dstActor="D0N21" name="p11" srcActor="D0N2"/>
            <port dstActor="D0N43" name="p12" srcActor="D0N2"/>
            <port dstActor="D0N19" name="p13" srcActor="D0N2"/>
            <port dstActor="D0N13" name="p14" srcActor="D0N2"/>
            <port dstActor="D0N10" name="p15" srcActor="D0N2"/>
            <port dstActor="D0N24" name="p16" srcActor="D0N2"/>
            <port dstActor="D0N27" name="p17" srcActor="D0N18"/>
            <port dstActor="D0N35" name="p18" srcActor="D0N18"/>
            <port dstActor="D0N44" name="p19" srcActor="D0N18"/>
            <port dstActor="D0N24" name="p20" srcActor="D0N5"/>
            <port dstActor="D0N20" name="p21" srcActor="D0N5"/>
            <port dstActor="D0N44" name="p22" srcActor="D0N19"/>
            <port dstActor="D0N21" name="p23" srcActor="D0N19"/>
            <port dstActor="D0N29" name="p24" srcActor="D0N19"/>
            <port dstActor="D0N47" name="p25" srcActor="D0N31"/>
            <port dstActor="D0N44" name="p26" srcActor="D0N31"/>
            <port dstActor="D0N45" name="p27" srcActor="D0N37"/>
            <port dstActor="D0N44" name="p28" srcActor="D0N26"/>
            <port dstActor="D0N34" name="p29" srcActor="D0N26"/>
            <port dstActor="D0N40" name="p30" srcActor="D0N26"/>
            <port dstActor="D0N46" name="p31" srcActor="D0N26"/>
            <port dstActor="D0N38" name="p32" srcActor="D0N26"/>
            <port dstActor="D0N39" name="p33" srcActor="D0N13"/>
            <port dstActor="D0N26" name="p34" srcActor="D0N13"/>
            <port dstActor="D0N38" name="p35" srcActor="D0N34"/>
            <port dstActor="D0N43" name="p36" srcActor="D0N34"/>
            <port dstActor="D0N45" name="p37" srcActor="D0N43"/>
            <port dstActor="D0N47" name="p38" srcActor="D0N43"/>
            <port dstActor="D0N23" name="p39" srcActor="D0N15"/>
            <port dstActor="D0N40" name="p40" srcActor="D0N15"/>
            <port dstActor="D0N39" name="p41" srcActor="D0N9"/>
            <port dstActor="D0N47" name="p42" srcActor="D0N9"/>
            <port dstActor="D0N32" name="p43" srcActor="D0N9"/>
            <port dstActor="D0N18" name="p44" srcActor="D0N9"/>
            <port dstActor="D0N43" name="p45" srcActor="D0N28"/>
            <port dstActor="D0N32" name="p46" srcActor="D0N28"/>
            <port dstActor="D0N37" name="p47" srcActor="D0N7"/>
            <port dstActor="D0N32" name="p48" srcActor="D0N7"/>
            <port dstActor="D0N25" name="p49" srcActor="D0N7"/>
            <port dstActor="D0N43" name="p50" srcActor="D0N7"/>
            <port dstActor="D0N18" name="p51" srcActor="D0N7"/>
            <port dstActor="D0N49" name="p52" srcActor="D0N47"/>
            <port dstActor="D0N48" name="p53" srcActor="D0N22"/>
            <port dstActor="D0N39" name="p54" srcActor="D0N22"/>
            <port dstActor="D0N37" name="p55" srcActor="D0N22"/>
            <port dstActor="D0N33" name="p56" srcActor="D0N22"/>
            <port dstActor="D0N35" name="p57" srcActor="D0N22"/>
            <port dstActor="D0N27" name="p58" srcActor="D0N22"/>
            <port dstActor="D0N36" name="p59" srcActor="D0N4"/>
            <port dstActor="D0N13" name="p60" srcActor="D0N4"/>
            <port dstActor="D0N23" name="p61" srcActor="D0N4"/>
            <port dstActor="D0N31" name="p62" srcActor="D0N17"/>
            <port dstActor="D0N37" name="p63" srcActor="D0N17"/>
            <port dstActor="D0N18" name="p64" srcActor="D0N17"/>
            <port dstActor="D0N13" name="p65" srcActor="D0N11"/>
            <port dstActor="D0N34" name="p66" srcActor="D0N11"/>
            <port dstActor="D0N37" name="p67" srcActor="D0N36"/>
            <port dstActor="D0N40" name="p68" srcActor="D0N36"/>
            <port dstActor="D0N37" name="p69" srcActor="D0N25"/>
            <port dstActor="D0N45" name="p70" srcActor="D0N0"/>
            <port dstActor="D0N17" name="p71" srcActor="D0N0"/>
            <port dstActor="D0N42" name="p72" srcActor="D0N0"/>
            <port dstActor="D0N47" name="p73" srcActor="D0N0"/>
            <port dstActor="D0N42" name="p74" srcActor="D0N32"/>
            <port dstActor="D0N39" name="p75" srcActor="D0N32"/>
            <port dstActor="D0N28" name="p76" srcActor="D0N8"/>
            <port dstActor="D0N23" name="p77" srcActor="D0N8"/>
            <port dstActor="D0N15" name="p78" srcActor="D0N8"/>
            <port dstActor="D0N32" name="p79" srcActor="D0N30"/>
            <port dstActor="D0N42" name="p80" srcActor="D0N30"/>
            <port dstActor="D0N24" name="p81" srcActor="D0N6"/>
            <port dstActor="D0N33" name="p82" srcActor="D0N1"/>
            <port dstActor="D0N7" name="p83" srcActor="D0N1"/>
            <port dstActor="D0N10" name="p84" srcActor="D0N1"/>
            <port dstActor="D0N17" name="p85" srcActor="D0N1"/>
            <port dstActor="D0N41" name="p86" srcActor="D0N1"/>
            <port dstActor="D0N11" name="p87" srcActor="D0N1"/>
            <port dstActor="D0N34" name="p88" srcActor="D0N1"/>
            <port dstActor="D0N47" name="p89" srcActor="D0N35"/>
            <port dstActor="D0N39" name="p90" srcActor="D0N35"/>
            <port dstActor="D0N49" name="p91" srcActor="D0N35"/>
            <port dstActor="D0N30" name="p92" srcActor="D0N3"/>
            <port dstActor="D0N20" name="p93" srcActor="D0N3"/>
            <port dstActor="D0N13" name="p94" srcActor="D0N3"/>
            <port dstActor="D0N47" name="p95" srcActor="D0N3"/>
            <port dstActor="D0N42" name="p96" srcActor="D0N21"/>
            <port dstActor="D0N29" name="p97" srcActor="D0N21"/>
            <port dstActor="D0N27" name="p98" srcActor="D0N21"/>
            <port dstActor="D0N42" name="p99" srcActor="D0N24"/>
            <port dstActor="D0N45" name="p100" srcActor="D0N39"/>
            <port dstActor="D0N44" name="p101" srcActor="D0N33"/>
            <port dstActor="D0N39" name="p102" srcActor="D0N20"/>
            <port dstActor="D0N37" name="p103" srcActor="D0N20"/>
            <port dstActor="D0N34" name="p104" srcActor="D0N20"/>
            <port dstActor="D0N45" name="p105" srcActor="D0N42"/>
            <port dstActor="D0N13" name="p106" srcActor="D0N10"/>
            <port dstActor="D0N22" name="p107" srcActor="D0N10"/>
            <port dstActor="D0N33" name="p108" srcActor="D0N10"/>
            <port dstActor="D0N18" name="p109" srcActor="D0N10"/>
            <port dstActor="D0N21" name="p110" srcActor="D0N10"/>
            <port dstActor="D0N30" name="p111" srcActor="D0N23"/>
            <port dstActor="D0N44" name="p112" srcActor="D0N23"/>
        </ports>
    </mcdag>
    <cores number="3"/>
    <levels number="2"/>
</mcsystem>
