<?xml version="1.0" encoding="UTF-8" standalone="no"?>
<mcsystem>
    <mcdag deadline="3000" name="genned-0-ed-10.0-0">
        <actor name="D0N9">
            <wcet number="0">30</wcet>
            <wcet number="1">70</wcet>
            <maxpow number="0.6376332997185512"/>
            <maxpow number="0.6376332997185512"/>
            <fprob>0.0</fprob>
        </actor>
        <actor name="D0N47">
            <wcet number="0">110</wcet>
            <wcet number="1">140</wcet>
            <maxpow number="0.42535791838486753"/>
            <maxpow number="0.42535791838486753"/>
            <fprob>0.0</fprob>
        </actor>
        <actor name="D0N15">
            <wcet number="0">180</wcet>
            <wcet number="1">220</wcet>
            <maxpow number="0.5490385147216147"/>
            <maxpow number="0.5490385147216147"/>
            <fprob>0.0</fprob>
        </actor>
        <actor name="D0N35">
            <wcet number="0">40</wcet>
            <wcet number="1">60</wcet>
            <maxpow number="0.48093711033449926"/>
            <maxpow number="0.48093711033449926"/>
            <fprob>0.0</fprob>
        </actor>
        <actor name="D0N39">
            <wcet number="0">140</wcet>
            <wcet number="1">260</wcet>
            <maxpow number="0.5695623926570506"/>
            <maxpow number="0.5695623926570506"/>
            <fprob>0.0</fprob>
        </actor>
        <actor name="D0N16">
            <wcet number="0">10</wcet>
            <wcet number="1">10</wcet>
            <maxpow number="0.5338391788751082"/>
            <maxpow number="0.5338391788751082"/>
            <fprob>0.0</fprob>
        </actor>
        <actor name="D0N25">
            <wcet number="0">270</wcet>
            <wcet number="1">370</wcet>
            <maxpow number="0.6116057817831094"/>
            <maxpow number="0.6116057817831094"/>
            <fprob>0.0</fprob>
        </actor>
        <actor name="D0N48">
            <wcet number="0">90</wcet>
            <wcet number="1">180</wcet>
            <maxpow number="0.34686600187775923"/>
            <maxpow number="0.34686600187775923"/>
            <fprob>0.0</fprob>
        </actor>
        <actor name="D0N6">
            <wcet number="0">60</wcet>
            <wcet number="1">110</wcet>
            <maxpow number="0.3266395155670393"/>
            <maxpow number="0.3266395155670393"/>
            <fprob>0.0</fprob>
        </actor>
        <actor name="D0N18">
            <wcet number="0">40</wcet>
            <wcet number="1">180</wcet>
            <maxpow number="0.6286676897745804"/>
            <maxpow number="0.6286676897745804"/>
            <fprob>0.0</fprob>
        </actor>
        <actor name="D0N19">
            <wcet number="0">10</wcet>
            <wcet number="1">60</wcet>
            <maxpow number="0.44100659708849144"/>
            <maxpow number="0.44100659708849144"/>
            <fprob>0.0</fprob>
        </actor>
        <actor name="D0N43">
            <wcet number="0">360</wcet>
            <wcet number="1">430</wcet>
            <maxpow number="0.6202388413338925"/>
            <maxpow number="0.6202388413338925"/>
            <fprob>0.0</fprob>
        </actor>
        <actor name="D0N0">
            <wcet number="0">10</wcet>
            <wcet number="1">20</wcet>
            <maxpow number="0.45975509260187564"/>
            <maxpow number="0.45975509260187564"/>
            <fprob>0.0</fprob>
        </actor>
        <actor name="D0N24">
            <wcet number="0">150</wcet>
            <wcet number="1">170</wcet>
            <maxpow number="0.49662061950443603"/>
            <maxpow number="0.49662061950443603"/>
            <fprob>0.0</fprob>
        </actor>
        <actor name="D0N46">
            <wcet number="0">70</wcet>
            <wcet number="1">130</wcet>
            <maxpow number="0.5286827633119766"/>
            <maxpow number="0.5286827633119766"/>
            <fprob>0.0</fprob>
        </actor>
        <actor name="D0N1">
            <wcet number="0">70</wcet>
            <wcet number="1">70</wcet>
            <maxpow number="0.5382899562496771"/>
            <maxpow number="0.5382899562496771"/>
            <fprob>0.0</fprob>
        </actor>
        <actor name="D0N8">
            <wcet number="0">130</wcet>
            <wcet number="1">210</wcet>
            <maxpow number="0.4320145261502243"/>
            <maxpow number="0.4320145261502243"/>
            <fprob>0.0</fprob>
        </actor>
        <actor name="D0N4">
            <wcet number="0">60</wcet>
            <wcet number="1">460</wcet>
            <maxpow number="0.48403509504461445"/>
            <maxpow number="0.48403509504461445"/>
            <fprob>0.0</fprob>
        </actor>
        <actor name="D0N49">
            <wcet number="0">20</wcet>
            <wcet number="1">240</wcet>
            <maxpow number="0.33762491777287984"/>
            <maxpow number="0.33762491777287984"/>
            <fprob>0.0</fprob>
        </actor>
        <actor name="D0N38">
            <wcet number="0">100</wcet>
            <wcet number="1">220</wcet>
            <maxpow number="0.6152899622596985"/>
            <maxpow number="0.6152899622596985"/>
            <fprob>0.0</fprob>
        </actor>
        <actor name="D0N29">
            <wcet number="0">10</wcet>
            <wcet number="1">40</wcet>
            <maxpow number="0.28535576543900504"/>
            <maxpow number="0.28535576543900504"/>
            <fprob>0.0</fprob>
        </actor>
        <actor name="D0N12">
            <wcet number="0">10</wcet>
            <wcet number="1">20</wcet>
            <maxpow number="0.7432208227687783"/>
            <maxpow number="0.7432208227687783"/>
            <fprob>0.0</fprob>
        </actor>
        <actor name="D0N33">
            <wcet number="0">20</wcet>
            <wcet number="1">130</wcet>
            <maxpow number="0.31293911287511"/>
            <maxpow number="0.31293911287511"/>
            <fprob>0.0</fprob>
        </actor>
        <actor name="D0N20">
            <wcet number="0">120</wcet>
            <wcet number="1">120</wcet>
            <maxpow number="0.3731999759276836"/>
            <maxpow number="0.3731999759276836"/>
            <fprob>0.0</fprob>
        </actor>
        <actor name="D0N34">
            <wcet number="0">230</wcet>
            <wcet number="1">300</wcet>
            <maxpow number="0.5864206829044976"/>
            <maxpow number="0.5864206829044976"/>
            <fprob>0.0</fprob>
        </actor>
        <actor name="D0N23">
            <wcet number="0">60</wcet>
            <wcet number="1">70</wcet>
            <maxpow number="0.3266350285938909"/>
            <maxpow number="0.3266350285938909"/>
            <fprob>0.0</fprob>
        </actor>
        <actor name="D0N37">
            <wcet number="0">10</wcet>
            <wcet number="1">10</wcet>
            <maxpow number="0.4840848859510094"/>
            <maxpow number="0.4840848859510094"/>
            <fprob>0.0</fprob>
        </actor>
        <actor name="D0N36">
            <wcet number="0">130</wcet>
            <wcet number="1">200</wcet>
            <maxpow number="0.34073113945394184"/>
            <maxpow number="0.34073113945394184"/>
            <fprob>0.0</fprob>
        </actor>
        <actor name="D0N28">
            <wcet number="0">340</wcet>
            <wcet number="1">560</wcet>
            <maxpow number="0.6747124275053462"/>
            <maxpow number="0.6747124275053462"/>
            <fprob>0.0</fprob>
        </actor>
        <actor name="D0N42">
            <wcet number="0">30</wcet>
            <wcet number="1">30</wcet>
            <maxpow number="0.6120079678582866"/>
            <maxpow number="0.6120079678582866"/>
            <fprob>0.0</fprob>
        </actor>
        <actor name="D0N10">
            <wcet number="0">50</wcet>
            <wcet number="1">70</wcet>
            <maxpow number="0.648870346025012"/>
            <maxpow number="0.648870346025012"/>
            <fprob>0.0</fprob>
        </actor>
        <actor name="D0N13">
            <wcet number="0">40</wcet>
            <wcet number="1">80</wcet>
            <maxpow number="0.3807837187705103"/>
            <maxpow number="0.3807837187705103"/>
            <fprob>0.0</fprob>
        </actor>
        <actor name="D0N11">
            <wcet number="0">190</wcet>
            <wcet number="1">220</wcet>
            <maxpow number="0.38849598770648613"/>
            <maxpow number="0.38849598770648613"/>
            <fprob>0.0</fprob>
        </actor>
        <actor name="D0N45">
            <wcet number="0">30</wcet>
            <wcet number="1">60</wcet>
            <maxpow number="0.8276088438899283"/>
            <maxpow number="0.8276088438899283"/>
            <fprob>0.0</fprob>
        </actor>
        <actor name="D0N32">
            <wcet number="0">20</wcet>
            <wcet number="1">50</wcet>
            <maxpow number="0.6693452514876155"/>
            <maxpow number="0.6693452514876155"/>
            <fprob>0.0</fprob>
        </actor>
        <actor name="D0N27">
            <wcet number="0">10</wcet>
            <wcet number="1">10</wcet>
            <maxpow number="0.34016025909636294"/>
            <maxpow number="0.34016025909636294"/>
            <fprob>0.0</fprob>
        </actor>
        <actor name="D0N31">
            <wcet number="0">10</wcet>
            <wcet number="1">10</wcet>
            <maxpow number="0.4445686903730197"/>
            <maxpow number="0.4445686903730197"/>
            <fprob>0.0</fprob>
        </actor>
        <actor name="D0N3">
            <wcet number="0">30</wcet>
            <wcet number="1">90</wcet>
            <maxpow number="0.5624668871116979"/>
            <maxpow number="0.5624668871116979"/>
            <fprob>0.0</fprob>
        </actor>
        <actor name="D0N17">
            <wcet number="0">10</wcet>
            <wcet number="1">20</wcet>
            <maxpow number="0.3442544985278576"/>
            <maxpow number="0.3442544985278576"/>
            <fprob>0.0</fprob>
        </actor>
        <actor name="D0N7">
            <wcet number="0">20</wcet>
            <wcet number="1">170</wcet>
            <maxpow number="0.3138124596659243"/>
            <maxpow number="0.3138124596659243"/>
            <fprob>0.0</fprob>
        </actor>
        <actor name="D0N30">
            <wcet number="0">40</wcet>
            <wcet number="1">120</wcet>
            <maxpow number="0.5676403486280883"/>
            <maxpow number="0.5676403486280883"/>
            <fprob>0.0</fprob>
        </actor>
        <actor name="D0N40">
            <wcet number="0">90</wcet>
            <wcet number="1">130</wcet>
            <maxpow number="0.7976859745687837"/>
            <maxpow number="0.7976859745687837"/>
            <fprob>0.0</fprob>
        </actor>
        <actor name="D0N2">
            <wcet number="0">40</wcet>
            <wcet number="1">100</wcet>
            <maxpow number="0.4493915175149951"/>
            <maxpow number="0.4493915175149951"/>
            <fprob>0.0</fprob>
        </actor>
        <actor name="D0N5">
            <wcet number="0">10</wcet>
            <wcet number="1">10</wcet>
            <maxpow number="0.4310338731858274"/>
            <maxpow number="0.4310338731858274"/>
            <fprob>0.0</fprob>
        </actor>
        <actor name="D0N26">
            <wcet number="0">10</wcet>
            <wcet number="1">50</wcet>
            <maxpow number="0.4362228305485438"/>
            <maxpow number="0.4362228305485438"/>
            <fprob>0.0</fprob>
        </actor>
        <actor name="D0N44">
            <wcet number="0">40</wcet>
            <wcet number="1">60</wcet>
            <maxpow number="0.5528731435979155"/>
            <maxpow number="0.5528731435979155"/>
            <fprob>0.0</fprob>
        </actor>
        <actor name="D0N14">
            <wcet number="0">160</wcet>
            <wcet number="1">180</wcet>
            <maxpow number="0.4695566436294197"/>
            <maxpow number="0.4695566436294197"/>
            <fprob>0.0</fprob>
        </actor>
        <actor name="D0N41">
            <wcet number="0">10</wcet>
            <wcet number="1">20</wcet>
            <maxpow number="0.46278540724318135"/>
            <maxpow number="0.46278540724318135"/>
            <fprob>0.0</fprob>
        </actor>
        <actor name="D0N22">
            <wcet number="0">20</wcet>
            <wcet number="1">40</wcet>
            <maxpow number="0.27022920916357934"/>
            <maxpow number="0.27022920916357934"/>
            <fprob>0.0</fprob>
        </actor>
        <actor name="D0N21">
            <wcet number="0">20</wcet>
            <wcet number="1">20</wcet>
            <maxpow number="0.30713030328389934"/>
            <maxpow number="0.30713030328389934"/>
            <fprob>0.0</fprob>
        </actor>
        <ports>
            <port dstActor="D0N25" name="p0" srcActor="D0N9"/>
            <port dstActor="D0N48" name="p1" srcActor="D0N47"/>
            <port dstActor="D0N49" name="p2" srcActor="D0N47"/>
            <port dstActor="D0N21" name="p3" srcActor="D0N15"/>
            <port dstActor="D0N28" name="p4" srcActor="D0N15"/>
            <port dstActor="D0N43" name="p5" srcActor="D0N15"/>
            <port dstActor="D0N40" name="p6" srcActor="D0N15"/>
            <port dstActor="D0N39" name="p7" srcActor="D0N15"/>
            <port dstActor="D0N45" name="p8" srcActor="D0N35"/>
            <port dstActor="D0N37" name="p9" srcActor="D0N35"/>
            <port dstActor="D0N46" name="p10" srcActor="D0N16"/>
            <port dstActor="D0N49" name="p11" srcActor="D0N16"/>
            <port dstActor="D0N34" name="p12" srcActor="D0N16"/>
            <port dstActor="D0N35" name="p13" srcActor="D0N16"/>
            <port dstActor="D0N42" name="p14" srcActor="D0N16"/>
            <port dstActor="D0N38" name="p15" srcActor="D0N25"/>
            <port dstActor="D0N43" name="p16" srcActor="D0N25"/>
            <port dstActor="D0N30" name="p17" srcActor="D0N6"/>
            <port dstActor="D0N49" name="p18" srcActor="D0N6"/>
            <port dstActor="D0N36" name="p19" srcActor="D0N6"/>
            <port dstActor="D0N17" name="p20" srcActor="D0N6"/>
            <port dstActor="D0N22" name="p21" srcActor="D0N18"/>
            <port dstActor="D0N39" name="p22" srcActor="D0N19"/>
            <port dstActor="D0N33" name="p23" srcActor="D0N19"/>
            <port dstActor="D0N45" name="p24" srcActor="D0N43"/>
            <port dstActor="D0N3" name="p25" srcActor="D0N0"/>
            <port dstActor="D0N44" name="p26" srcActor="D0N0"/>
            <port dstActor="D0N42" name="p27" srcActor="D0N0"/>
            <port dstActor="D0N29" name="p28" srcActor="D0N0"/>
            <port dstActor="D0N42" name="p29" srcActor="D0N24"/>
            <port dstActor="D0N30" name="p30" srcActor="D0N24"/>
            <port dstActor="D0N49" name="p31" srcActor="D0N46"/>
            <port dstActor="D0N49" name="p32" srcActor="D0N1"/>
            <port dstActor="D0N14" name="p33" srcActor="D0N1"/>
            <port dstActor="D0N25" name="p34" srcActor="D0N1"/>
            <port dstActor="D0N38" name="p35" srcActor="D0N1"/>
            <port dstActor="D0N39" name="p36" srcActor="D0N1"/>
            <port dstActor="D0N42" name="p37" srcActor="D0N1"/>
            <port dstActor="D0N29" name="p38" srcActor="D0N8"/>
            <port dstActor="D0N15" name="p39" srcActor="D0N8"/>
            <port dstActor="D0N48" name="p40" srcActor="D0N8"/>
            <port dstActor="D0N38" name="p41" srcActor="D0N8"/>
            <port dstActor="D0N35" name="p42" srcActor="D0N8"/>
            <port dstActor="D0N13" name="p43" srcActor="D0N8"/>
            <port dstActor="D0N22" name="p44" srcActor="D0N4"/>
            <port dstActor="D0N41" name="p45" srcActor="D0N38"/>
            <port dstActor="D0N41" name="p46" srcActor="D0N29"/>
            <port dstActor="D0N24" name="p47" srcActor="D0N12"/>
            <port dstActor="D0N25" name="p48" srcActor="D0N12"/>
            <port dstActor="D0N23" name="p49" srcActor="D0N12"/>
            <port dstActor="D0N46" name="p50" srcActor="D0N33"/>
            <port dstActor="D0N37" name="p51" srcActor="D0N33"/>
            <port dstActor="D0N40" name="p52" srcActor="D0N33"/>
            <port dstActor="D0N22" name="p53" srcActor="D0N20"/>
            <port dstActor="D0N33" name="p54" srcActor="D0N20"/>
            <port dstActor="D0N48" name="p55" srcActor="D0N20"/>
            <port dstActor="D0N24" name="p56" srcActor="D0N20"/>
            <port dstActor="D0N37" name="p57" srcActor="D0N34"/>
            <port dstActor="D0N39" name="p58" srcActor="D0N34"/>
            <port dstActor="D0N39" name="p59" srcActor="D0N23"/>
            <port dstActor="D0N48" name="p60" srcActor="D0N23"/>
            <port dstActor="D0N47" name="p61" srcActor="D0N37"/>
            <port dstActor="D0N36" name="p62" srcActor="D0N28"/>
            <port dstActor="D0N29" name="p63" srcActor="D0N28"/>
            <port dstActor="D0N43" name="p64" srcActor="D0N28"/>
            <port dstActor="D0N46" name="p65" srcActor="D0N28"/>
            <port dstActor="D0N30" name="p66" srcActor="D0N10"/>
            <port dstActor="D0N44" name="p67" srcActor="D0N13"/>
            <port dstActor="D0N46" name="p68" srcActor="D0N13"/>
            <port dstActor="D0N38" name="p69" srcActor="D0N13"/>
            <port dstActor="D0N39" name="p70" srcActor="D0N13"/>
            <port dstActor="D0N36" name="p71" srcActor="D0N13"/>
            <port dstActor="D0N25" name="p72" srcActor="D0N13"/>
            <port dstActor="D0N34" name="p73" srcActor="D0N13"/>
            <port dstActor="D0N38" name="p74" srcActor="D0N11"/>
            <port dstActor="D0N17" name="p75" srcActor="D0N11"/>
            <port dstActor="D0N33" name="p76" srcActor="D0N11"/>
            <port dstActor="D0N46" name="p77" srcActor="D0N45"/>
            <port dstActor="D0N35" name="p78" srcActor="D0N32"/>
            <port dstActor="D0N40" name="p79" srcActor="D0N27"/>
            <port dstActor="D0N38" name="p80" srcActor="D0N31"/>
            <port dstActor="D0N39" name="p81" srcActor="D0N31"/>
            <port dstActor="D0N32" name="p82" srcActor="D0N31"/>
            <port dstActor="D0N9" name="p83" srcActor="D0N3"/>
            <port dstActor="D0N22" name="p84" srcActor="D0N3"/>
            <port dstActor="D0N28" name="p85" srcActor="D0N3"/>
            <port dstActor="D0N48" name="p86" srcActor="D0N3"/>
            <port dstActor="D0N47" name="p87" srcActor="D0N17"/>
            <port dstActor="D0N22" name="p88" srcActor="D0N17"/>
            <port dstActor="D0N48" name="p89" srcActor="D0N17"/>
            <port dstActor="D0N45" name="p90" srcActor="D0N17"/>
            <port dstActor="D0N37" name="p91" srcActor="D0N7"/>
            <port dstActor="D0N21" name="p92" srcActor="D0N7"/>
            <port dstActor="D0N32" name="p93" srcActor="D0N30"/>
            <port dstActor="D0N46" name="p94" srcActor="D0N30"/>
            <port dstActor="D0N31" name="p95" srcActor="D0N2"/>
            <port dstActor="D0N49" name="p96" srcActor="D0N2"/>
            <port dstActor="D0N27" name="p97" srcActor="D0N2"/>
            <port dstActor="D0N49" name="p98" srcActor="D0N5"/>
            <port dstActor="D0N9" name="p99" srcActor="D0N5"/>
            <port dstActor="D0N36" name="p100" srcActor="D0N5"/>
            <port dstActor="D0N41" name="p101" srcActor="D0N26"/>
            <port dstActor="D0N48" name="p102" srcActor="D0N26"/>
            <port dstActor="D0N39" name="p103" srcActor="D0N14"/>
            <port dstActor="D0N19" name="p104" srcActor="D0N14"/>
            <port dstActor="D0N43" name="p105" srcActor="D0N14"/>
            <port dstActor="D0N15" name="p106" srcActor="D0N14"/>
            <port dstActor="D0N48" name="p107" srcActor="D0N14"/>
            <port dstActor="D0N37" name="p108" srcActor="D0N14"/>
            <port dstActor="D0N33" name="p109" srcActor="D0N22"/>
            <port dstActor="D0N31" name="p110" srcActor="D0N22"/>
            <port dstActor="D0N30" name="p111" srcActor="D0N22"/>
            <port dstActor="D0N24" name="p112" srcActor="D0N21"/>
            <port dstActor="D0N38" name="p113" srcActor="D0N21"/>
        </ports>
    </mcdag>
    <cores number="3"/>
    <levels number="2"/>
</mcsystem>
