<?xml version="1.0" encoding="UTF-8" standalone="no"?>
<mcsystem>
    <mcdag deadline="2200" name="genned-0-ed-10.0-0">
        <actor name="D0N39">
            <wcet number="0">80</wcet>
            <wcet number="1">120</wcet>
            <maxpow number="0.5644308530898232"/>
            <maxpow number="0.5644308530898232"/>
            <fprob>0.0</fprob>
        </actor>
        <actor name="D0N25">
            <wcet number="0">60</wcet>
            <wcet number="1">80</wcet>
            <maxpow number="0.6709903263302666"/>
            <maxpow number="0.6709903263302666"/>
            <fprob>0.0</fprob>
        </actor>
        <actor name="D0N30">
            <wcet number="0">10</wcet>
            <wcet number="1">10</wcet>
            <maxpow number="0.5993471599723815"/>
            <maxpow number="0.5993471599723815"/>
            <fprob>0.0</fprob>
        </actor>
        <actor name="D0N9">
            <wcet number="0">80</wcet>
            <wcet number="1">80</wcet>
            <maxpow number="0.36923983051233755"/>
            <maxpow number="0.36923983051233755"/>
            <fprob>0.0</fprob>
        </actor>
        <actor name="D0N43">
            <wcet number="0">150</wcet>
            <wcet number="1">280</wcet>
            <maxpow number="0.48465624532064594"/>
            <maxpow number="0.48465624532064594"/>
            <fprob>0.0</fprob>
        </actor>
        <actor name="D0N27">
            <wcet number="0">30</wcet>
            <wcet number="1">60</wcet>
            <maxpow number="0.8861277093935375"/>
            <maxpow number="0.8861277093935375"/>
            <fprob>0.0</fprob>
        </actor>
        <actor name="D0N20">
            <wcet number="0">10</wcet>
            <wcet number="1">30</wcet>
            <maxpow number="0.47856327645185537"/>
            <maxpow number="0.47856327645185537"/>
            <fprob>0.0</fprob>
        </actor>
        <actor name="D0N45">
            <wcet number="0">20</wcet>
            <wcet number="1">60</wcet>
            <maxpow number="0.5298254321504957"/>
            <maxpow number="0.5298254321504957"/>
            <fprob>0.0</fprob>
        </actor>
        <actor name="D0N46">
            <wcet number="0">130</wcet>
            <wcet number="1">220</wcet>
            <maxpow number="0.36067380128114335"/>
            <maxpow number="0.36067380128114335"/>
            <fprob>0.0</fprob>
        </actor>
        <actor name="D0N17">
            <wcet number="0">10</wcet>
            <wcet number="1">170</wcet>
            <maxpow number="0.7289408505944316"/>
            <maxpow number="0.7289408505944316"/>
            <fprob>0.0</fprob>
        </actor>
        <actor name="D0N40">
            <wcet number="0">20</wcet>
            <wcet number="1">50</wcet>
            <maxpow number="0.8610339751836573"/>
            <maxpow number="0.8610339751836573"/>
            <fprob>0.0</fprob>
        </actor>
        <actor name="D0N7">
            <wcet number="0">20</wcet>
            <wcet number="1">50</wcet>
            <maxpow number="0.4737278127328097"/>
            <maxpow number="0.4737278127328097"/>
            <fprob>0.0</fprob>
        </actor>
        <actor name="D0N4">
            <wcet number="0">10</wcet>
            <wcet number="1">80</wcet>
            <maxpow number="0.6937450607446854"/>
            <maxpow number="0.6937450607446854"/>
            <fprob>0.0</fprob>
        </actor>
        <actor name="D0N19">
            <wcet number="0">90</wcet>
            <wcet number="1">150</wcet>
            <maxpow number="0.04825624753890356"/>
            <maxpow number="0.04825624753890356"/>
            <fprob>0.0</fprob>
        </actor>
        <actor name="D0N28">
            <wcet number="0">40</wcet>
            <wcet number="1">90</wcet>
            <maxpow number="0.5610937040654627"/>
            <maxpow number="0.5610937040654627"/>
            <fprob>0.0</fprob>
        </actor>
        <actor name="D0N3">
            <wcet number="0">40</wcet>
            <wcet number="1">90</wcet>
            <maxpow number="0.43396342968758445"/>
            <maxpow number="0.43396342968758445"/>
            <fprob>0.0</fprob>
        </actor>
        <actor name="D0N1">
            <wcet number="0">120</wcet>
            <wcet number="1">260</wcet>
            <maxpow number="0.3702705826488845"/>
            <maxpow number="0.3702705826488845"/>
            <fprob>0.0</fprob>
        </actor>
        <actor name="D0N29">
            <wcet number="0">10</wcet>
            <wcet number="1">20</wcet>
            <maxpow number="0.45466214132204463"/>
            <maxpow number="0.45466214132204463"/>
            <fprob>0.0</fprob>
        </actor>
        <actor name="D0N42">
            <wcet number="0">90</wcet>
            <wcet number="1">100</wcet>
            <maxpow number="0.35676639378656333"/>
            <maxpow number="0.35676639378656333"/>
            <fprob>0.0</fprob>
        </actor>
        <actor name="D0N8">
            <wcet number="0">50</wcet>
            <wcet number="1">150</wcet>
            <maxpow number="0.8417666615525721"/>
            <maxpow number="0.8417666615525721"/>
            <fprob>0.0</fprob>
        </actor>
        <actor name="D0N36">
            <wcet number="0">100</wcet>
            <wcet number="1">140</wcet>
            <maxpow number="0.9131460462689684"/>
            <maxpow number="0.9131460462689684"/>
            <fprob>0.0</fprob>
        </actor>
        <actor name="D0N12">
            <wcet number="0">110</wcet>
            <wcet number="1">110</wcet>
            <maxpow number="0.32643794951260585"/>
            <maxpow number="0.32643794951260585"/>
            <fprob>0.0</fprob>
        </actor>
        <actor name="D0N37">
            <wcet number="0">230</wcet>
            <wcet number="1">240</wcet>
            <maxpow number="0.6334860791243313"/>
            <maxpow number="0.6334860791243313"/>
            <fprob>0.0</fprob>
        </actor>
        <actor name="D0N24">
            <wcet number="0">20</wcet>
            <wcet number="1">20</wcet>
            <maxpow number="0.688535780484519"/>
            <maxpow number="0.688535780484519"/>
            <fprob>0.0</fprob>
        </actor>
        <actor name="D0N21">
            <wcet number="0">10</wcet>
            <wcet number="1">10</wcet>
            <maxpow number="0.7243014254622919"/>
            <maxpow number="0.7243014254622919"/>
            <fprob>0.0</fprob>
        </actor>
        <actor name="D0N16">
            <wcet number="0">380</wcet>
            <wcet number="1">390</wcet>
            <maxpow number="0.3061444805183976"/>
            <maxpow number="0.3061444805183976"/>
            <fprob>0.0</fprob>
        </actor>
        <actor name="D0N11">
            <wcet number="0">180</wcet>
            <wcet number="1">260</wcet>
            <maxpow number="0.1786533476979394"/>
            <maxpow number="0.1786533476979394"/>
            <fprob>0.0</fprob>
        </actor>
        <actor name="D0N2">
            <wcet number="0">10</wcet>
            <wcet number="1">40</wcet>
            <maxpow number="0.7612868616222196"/>
            <maxpow number="0.7612868616222196"/>
            <fprob>0.0</fprob>
        </actor>
        <actor name="D0N13">
            <wcet number="0">80</wcet>
            <wcet number="1">140</wcet>
            <maxpow number="0.5140880059371656"/>
            <maxpow number="0.5140880059371656"/>
            <fprob>0.0</fprob>
        </actor>
        <actor name="D0N23">
            <wcet number="0">30</wcet>
            <wcet number="1">30</wcet>
            <maxpow number="0.5609606187731886"/>
            <maxpow number="0.5609606187731886"/>
            <fprob>0.0</fprob>
        </actor>
        <actor name="D0N0">
            <wcet number="0">10</wcet>
            <wcet number="1">130</wcet>
            <maxpow number="0.23230808262945485"/>
            <maxpow number="0.23230808262945485"/>
            <fprob>0.0</fprob>
        </actor>
        <actor name="D0N44">
            <wcet number="0">480</wcet>
            <wcet number="1">480</wcet>
            <maxpow number="0.1080408026652897"/>
            <maxpow number="0.1080408026652897"/>
            <fprob>0.0</fprob>
        </actor>
        <actor name="D0N33">
            <wcet number="0">200</wcet>
            <wcet number="1">210</wcet>
            <maxpow number="0.38638797119073376"/>
            <maxpow number="0.38638797119073376"/>
            <fprob>0.0</fprob>
        </actor>
        <actor name="D0N6">
            <wcet number="0">70</wcet>
            <wcet number="1">200</wcet>
            <maxpow number="0.3534920418495137"/>
            <maxpow number="0.3534920418495137"/>
            <fprob>0.0</fprob>
        </actor>
        <actor name="D0N22">
            <wcet number="0">110</wcet>
            <wcet number="1">160</wcet>
            <maxpow number="0.5882056883638744"/>
            <maxpow number="0.5882056883638744"/>
            <fprob>0.0</fprob>
        </actor>
        <actor name="D0N35">
            <wcet number="0">80</wcet>
            <wcet number="1">90</wcet>
            <maxpow number="0.43167803366340546"/>
            <maxpow number="0.43167803366340546"/>
            <fprob>0.0</fprob>
        </actor>
        <actor name="D0N32">
            <wcet number="0">40</wcet>
            <wcet number="1">50</wcet>
            <maxpow number="0.5466649187566618"/>
            <maxpow number="0.5466649187566618"/>
            <fprob>0.0</fprob>
        </actor>
        <actor name="D0N48">
            <wcet number="0">10</wcet>
            <wcet number="1">90</wcet>
            <maxpow number="0.8285385053820923"/>
            <maxpow number="0.8285385053820923"/>
            <fprob>0.0</fprob>
        </actor>
        <actor name="D0N41">
            <wcet number="0">90</wcet>
            <wcet number="1">120</wcet>
            <maxpow number="0.6214511409896697"/>
            <maxpow number="0.6214511409896697"/>
            <fprob>0.0</fprob>
        </actor>
        <actor name="D0N38">
            <wcet number="0">90</wcet>
            <wcet number="1">100</wcet>
            <maxpow number="0.3595866055466964"/>
            <maxpow number="0.3595866055466964"/>
            <fprob>0.0</fprob>
        </actor>
        <actor name="D0N49">
            <wcet number="0">20</wcet>
            <wcet number="1">30</wcet>
            <maxpow number="0.8760528251842327"/>
            <maxpow number="0.8760528251842327"/>
            <fprob>0.0</fprob>
        </actor>
        <actor name="D0N47">
            <wcet number="0">30</wcet>
            <wcet number="1">40</wcet>
            <maxpow number="0.4462732573114083"/>
            <maxpow number="0.4462732573114083"/>
            <fprob>0.0</fprob>
        </actor>
        <actor name="D0N34">
            <wcet number="0">30</wcet>
            <wcet number="1">130</wcet>
            <maxpow number="0.7894773003781339"/>
            <maxpow number="0.7894773003781339"/>
            <fprob>0.0</fprob>
        </actor>
        <actor name="D0N26">
            <wcet number="0">120</wcet>
            <wcet number="1">190</wcet>
            <maxpow number="0.7846366815316177"/>
            <maxpow number="0.7846366815316177"/>
            <fprob>0.0</fprob>
        </actor>
        <actor name="D0N31">
            <wcet number="0">70</wcet>
            <wcet number="1">160</wcet>
            <maxpow number="0.5392671500601902"/>
            <maxpow number="0.5392671500601902"/>
            <fprob>0.0</fprob>
        </actor>
        <actor name="D0N5">
            <wcet number="0">70</wcet>
            <wcet number="1">100</wcet>
            <maxpow number="0.6065770252801057"/>
            <maxpow number="0.6065770252801057"/>
            <fprob>0.0</fprob>
        </actor>
        <actor name="D0N18">
            <wcet number="0">60</wcet>
            <wcet number="1">70</wcet>
            <maxpow number="0.42236888410678747"/>
            <maxpow number="0.42236888410678747"/>
            <fprob>0.0</fprob>
        </actor>
        <actor name="D0N15">
            <wcet number="0">10</wcet>
            <wcet number="1">20</wcet>
            <maxpow number="0.24021013338495878"/>
            <maxpow number="0.24021013338495878"/>
            <fprob>0.0</fprob>
        </actor>
        <actor name="D0N14">
            <wcet number="0">40</wcet>
            <wcet number="1">220</wcet>
            <maxpow number="0.49343517784581326"/>
            <maxpow number="0.49343517784581326"/>
            <fprob>0.0</fprob>
        </actor>
        <actor name="D0N10">
            <wcet number="0">10</wcet>
            <wcet number="1">40</wcet>
            <maxpow number="0.467026394272216"/>
            <maxpow number="0.467026394272216"/>
            <fprob>0.0</fprob>
        </actor>
        <ports>
            <port dstActor="D0N43" name="p0" srcActor="D0N39"/>
            <port dstActor="D0N41" name="p1" srcActor="D0N39"/>
            <port dstActor="D0N38" name="p2" srcActor="D0N25"/>
            <port dstActor="D0N41" name="p3" srcActor="D0N25"/>
            <port dstActor="D0N44" name="p4" srcActor="D0N30"/>
            <port dstActor="D0N39" name="p5" srcActor="D0N30"/>
            <port dstActor="D0N30" name="p6" srcActor="D0N9"/>
            <port dstActor="D0N38" name="p7" srcActor="D0N27"/>
            <port dstActor="D0N35" name="p8" srcActor="D0N27"/>
            <port dstActor="D0N21" name="p9" srcActor="D0N20"/>
            <port dstActor="D0N25" name="p10" srcActor="D0N20"/>
            <port dstActor="D0N47" name="p11" srcActor="D0N20"/>
            <port dstActor="D0N40" name="p12" srcActor="D0N20"/>
            <port dstActor="D0N35" name="p13" srcActor="D0N20"/>
            <port dstActor="D0N49" name="p14" srcActor="D0N45"/>
            <port dstActor="D0N49" name="p15" srcActor="D0N46"/>
            <port dstActor="D0N47" name="p16" srcActor="D0N46"/>
            <port dstActor="D0N23" name="p17" srcActor="D0N17"/>
            <port dstActor="D0N21" name="p18" srcActor="D0N17"/>
            <port dstActor="D0N28" name="p19" srcActor="D0N17"/>
            <port dstActor="D0N24" name="p20" srcActor="D0N17"/>
            <port dstActor="D0N43" name="p21" srcActor="D0N40"/>
            <port dstActor="D0N36" name="p22" srcActor="D0N7"/>
            <port dstActor="D0N20" name="p23" srcActor="D0N7"/>
            <port dstActor="D0N40" name="p24" srcActor="D0N7"/>
            <port dstActor="D0N21" name="p25" srcActor="D0N7"/>
            <port dstActor="D0N24" name="p26" srcActor="D0N7"/>
            <port dstActor="D0N49" name="p27" srcActor="D0N7"/>
            <port dstActor="D0N14" name="p28" srcActor="D0N4"/>
            <port dstActor="D0N23" name="p29" srcActor="D0N4"/>
            <port dstActor="D0N20" name="p30" srcActor="D0N19"/>
            <port dstActor="D0N49" name="p31" srcActor="D0N19"/>
            <port dstActor="D0N24" name="p32" srcActor="D0N19"/>
            <port dstActor="D0N32" name="p33" srcActor="D0N28"/>
            <port dstActor="D0N40" name="p34" srcActor="D0N28"/>
            <port dstActor="D0N26" name="p35" srcActor="D0N3"/>
            <port dstActor="D0N19" name="p36" srcActor="D0N3"/>
            <port dstActor="D0N42" name="p37" srcActor="D0N3"/>
            <port dstActor="D0N10" name="p38" srcActor="D0N3"/>
            <port dstActor="D0N22" name="p39" srcActor="D0N3"/>
            <port dstActor="D0N36" name="p40" srcActor="D0N3"/>
            <port dstActor="D0N18" name="p41" srcActor="D0N3"/>
            <port dstActor="D0N41" name="p42" srcActor="D0N3"/>
            <port dstActor="D0N16" name="p43" srcActor="D0N3"/>
            <port dstActor="D0N25" name="p44" srcActor="D0N3"/>
            <port dstActor="D0N28" name="p45" srcActor="D0N3"/>
            <port dstActor="D0N17" name="p46" srcActor="D0N1"/>
            <port dstActor="D0N30" name="p47" srcActor="D0N1"/>
            <port dstActor="D0N34" name="p48" srcActor="D0N1"/>
            <port dstActor="D0N32" name="p49" srcActor="D0N29"/>
            <port dstActor="D0N37" name="p50" srcActor="D0N29"/>
            <port dstActor="D0N35" name="p51" srcActor="D0N29"/>
            <port dstActor="D0N42" name="p52" srcActor="D0N29"/>
            <port dstActor="D0N43" name="p53" srcActor="D0N42"/>
            <port dstActor="D0N46" name="p54" srcActor="D0N42"/>
            <port dstActor="D0N49" name="p55" srcActor="D0N8"/>
            <port dstActor="D0N47" name="p56" srcActor="D0N36"/>
            <port dstActor="D0N30" name="p57" srcActor="D0N12"/>
            <port dstActor="D0N16" name="p58" srcActor="D0N12"/>
            <port dstActor="D0N32" name="p59" srcActor="D0N12"/>
            <port dstActor="D0N31" name="p60" srcActor="D0N12"/>
            <port dstActor="D0N42" name="p61" srcActor="D0N37"/>
            <port dstActor="D0N28" name="p62" srcActor="D0N24"/>
            <port dstActor="D0N47" name="p63" srcActor="D0N24"/>
            <port dstActor="D0N42" name="p64" srcActor="D0N24"/>
            <port dstActor="D0N25" name="p65" srcActor="D0N21"/>
            <port dstActor="D0N36" name="p66" srcActor="D0N16"/>
            <port dstActor="D0N32" name="p67" srcActor="D0N16"/>
            <port dstActor="D0N42" name="p68" srcActor="D0N16"/>
            <port dstActor="D0N34" name="p69" srcActor="D0N16"/>
            <port dstActor="D0N30" name="p70" srcActor="D0N11"/>
            <port dstActor="D0N33" name="p71" srcActor="D0N11"/>
            <port dstActor="D0N37" name="p72" srcActor="D0N11"/>
            <port dstActor="D0N24" name="p73" srcActor="D0N11"/>
            <port dstActor="D0N44" name="p74" srcActor="D0N2"/>
            <port dstActor="D0N43" name="p75" srcActor="D0N2"/>
            <port dstActor="D0N5" name="p76" srcActor="D0N2"/>
            <port dstActor="D0N37" name="p77" srcActor="D0N2"/>
            <port dstActor="D0N33" name="p78" srcActor="D0N2"/>
            <port dstActor="D0N35" name="p79" srcActor="D0N13"/>
            <port dstActor="D0N40" name="p80" srcActor="D0N13"/>
            <port dstActor="D0N37" name="p81" srcActor="D0N13"/>
            <port dstActor="D0N14" name="p82" srcActor="D0N13"/>
            <port dstActor="D0N48" name="p83" srcActor="D0N13"/>
            <port dstActor="D0N30" name="p84" srcActor="D0N23"/>
            <port dstActor="D0N40" name="p85" srcActor="D0N23"/>
            <port dstActor="D0N37" name="p86" srcActor="D0N0"/>
            <port dstActor="D0N22" name="p87" srcActor="D0N0"/>
            <port dstActor="D0N35" name="p88" srcActor="D0N0"/>
            <port dstActor="D0N45" name="p89" srcActor="D0N0"/>
            <port dstActor="D0N11" name="p90" srcActor="D0N0"/>
            <port dstActor="D0N47" name="p91" srcActor="D0N44"/>
            <port dstActor="D0N46" name="p92" srcActor="D0N44"/>
            <port dstActor="D0N49" name="p93" srcActor="D0N33"/>
            <port dstActor="D0N42" name="p94" srcActor="D0N6"/>
            <port dstActor="D0N10" name="p95" srcActor="D0N6"/>
            <port dstActor="D0N29" name="p96" srcActor="D0N6"/>
            <port dstActor="D0N49" name="p97" srcActor="D0N6"/>
            <port dstActor="D0N41" name="p98" srcActor="D0N6"/>
            <port dstActor="D0N9" name="p99" srcActor="D0N6"/>
            <port dstActor="D0N40" name="p100" srcActor="D0N22"/>
            <port dstActor="D0N44" name="p101" srcActor="D0N35"/>
            <port dstActor="D0N49" name="p102" srcActor="D0N35"/>
            <port dstActor="D0N41" name="p103" srcActor="D0N32"/>
            <port dstActor="D0N44" name="p104" srcActor="D0N32"/>
            <port dstActor="D0N46" name="p105" srcActor="D0N32"/>
            <port dstActor="D0N49" name="p106" srcActor="D0N32"/>
            <port dstActor="D0N47" name="p107" srcActor="D0N38"/>
            <port dstActor="D0N46" name="p108" srcActor="D0N38"/>
            <port dstActor="D0N43" name="p109" srcActor="D0N38"/>
            <port dstActor="D0N37" name="p110" srcActor="D0N34"/>
            <port dstActor="D0N46" name="p111" srcActor="D0N26"/>
            <port dstActor="D0N27" name="p112" srcActor="D0N26"/>
            <port dstActor="D0N33" name="p113" srcActor="D0N31"/>
            <port dstActor="D0N38" name="p114" srcActor="D0N31"/>
            <port dstActor="D0N43" name="p115" srcActor="D0N5"/>
            <port dstActor="D0N49" name="p116" srcActor="D0N5"/>
            <port dstActor="D0N6" name="p117" srcActor="D0N5"/>
            <port dstActor="D0N12" name="p118" srcActor="D0N5"/>
            <port dstActor="D0N38" name="p119" srcActor="D0N18"/>
            <port dstActor="D0N47" name="p120" srcActor="D0N18"/>
            <port dstActor="D0N37" name="p121" srcActor="D0N18"/>
            <port dstActor="D0N45" name="p122" srcActor="D0N15"/>
            <port dstActor="D0N31" name="p123" srcActor="D0N15"/>
            <port dstActor="D0N41" name="p124" srcActor="D0N15"/>
            <port dstActor="D0N26" name="p125" srcActor="D0N14"/>
            <port dstActor="D0N40" name="p126" srcActor="D0N14"/>
            <port dstActor="D0N22" name="p127" srcActor="D0N10"/>
            <port dstActor="D0N35" name="p128" srcActor="D0N10"/>
            <port dstActor="D0N18" name="p129" srcActor="D0N10"/>
            <port dstActor="D0N27" name="p130" srcActor="D0N10"/>
        </ports>
    </mcdag>
    <cores number="3"/>
    <levels number="2"/>
</mcsystem>
