<?xml version="1.0" encoding="UTF-8" standalone="no"?>
<mcsystem>
    <mcdag deadline="1500" name="genned-0-ed-10.0-0">
        <actor name="D0N22">
            <wcet number="0">50</wcet>
            <wcet number="1">70</wcet>
            <maxpow number="0.554161063395699"/>
            <maxpow number="0.554161063395699"/>
            <fprob>0.0</fprob>
        </actor>
        <actor name="D0N9">
            <wcet number="0">10</wcet>
            <wcet number="1">20</wcet>
            <maxpow number="0.4952377761296812"/>
            <maxpow number="0.4952377761296812"/>
            <fprob>0.0</fprob>
        </actor>
        <actor name="D0N23">
            <wcet number="0">50</wcet>
            <wcet number="1">140</wcet>
            <maxpow number="0.7120182720891142"/>
            <maxpow number="0.7120182720891142"/>
            <fprob>0.0</fprob>
        </actor>
        <actor name="D0N10">
            <wcet number="0">50</wcet>
            <wcet number="1">150</wcet>
            <maxpow number="0.529088116170032"/>
            <maxpow number="0.529088116170032"/>
            <fprob>0.0</fprob>
        </actor>
        <actor name="D0N37">
            <wcet number="0">30</wcet>
            <wcet number="1">40</wcet>
            <maxpow number="0.2955762812261032"/>
            <maxpow number="0.2955762812261032"/>
            <fprob>0.0</fprob>
        </actor>
        <actor name="D0N48">
            <wcet number="0">20</wcet>
            <wcet number="1">20</wcet>
            <maxpow number="0.786933895861743"/>
            <maxpow number="0.786933895861743"/>
            <fprob>0.0</fprob>
        </actor>
        <actor name="D0N46">
            <wcet number="0">10</wcet>
            <wcet number="1">20</wcet>
            <maxpow number="0.33708834242918206"/>
            <maxpow number="0.33708834242918206"/>
            <fprob>0.0</fprob>
        </actor>
        <actor name="D0N38">
            <wcet number="0">30</wcet>
            <wcet number="1">30</wcet>
            <maxpow number="0.7592325522443604"/>
            <maxpow number="0.7592325522443604"/>
            <fprob>0.0</fprob>
        </actor>
        <actor name="D0N19">
            <wcet number="0">10</wcet>
            <wcet number="1">60</wcet>
            <maxpow number="0.696982163098147"/>
            <maxpow number="0.696982163098147"/>
            <fprob>0.0</fprob>
        </actor>
        <actor name="D0N42">
            <wcet number="0">20</wcet>
            <wcet number="1">50</wcet>
            <maxpow number="0.5014494926813288"/>
            <maxpow number="0.5014494926813288"/>
            <fprob>0.0</fprob>
        </actor>
        <actor name="D0N4">
            <wcet number="0">40</wcet>
            <wcet number="1">60</wcet>
            <maxpow number="0.6147258124959832"/>
            <maxpow number="0.6147258124959832"/>
            <fprob>0.0</fprob>
        </actor>
        <actor name="D0N47">
            <wcet number="0">140</wcet>
            <wcet number="1">170</wcet>
            <maxpow number="0.7169235372332444"/>
            <maxpow number="0.7169235372332444"/>
            <fprob>0.0</fprob>
        </actor>
        <actor name="D0N14">
            <wcet number="0">20</wcet>
            <wcet number="1">100</wcet>
            <maxpow number="0.6264193076485154"/>
            <maxpow number="0.6264193076485154"/>
            <fprob>0.0</fprob>
        </actor>
        <actor name="D0N11">
            <wcet number="0">50</wcet>
            <wcet number="1">70</wcet>
            <maxpow number="0.5817674267796067"/>
            <maxpow number="0.5817674267796067"/>
            <fprob>0.0</fprob>
        </actor>
        <actor name="D0N7">
            <wcet number="0">30</wcet>
            <wcet number="1">30</wcet>
            <maxpow number="0.4776304738365936"/>
            <maxpow number="0.4776304738365936"/>
            <fprob>0.0</fprob>
        </actor>
        <actor name="D0N3">
            <wcet number="0">50</wcet>
            <wcet number="1">50</wcet>
            <maxpow number="0.5947775869155112"/>
            <maxpow number="0.5947775869155112"/>
            <fprob>0.0</fprob>
        </actor>
        <actor name="D0N40">
            <wcet number="0">230</wcet>
            <wcet number="1">230</wcet>
            <maxpow number="0.27154127366199654"/>
            <maxpow number="0.27154127366199654"/>
            <fprob>0.0</fprob>
        </actor>
        <actor name="D0N5">
            <wcet number="0">70</wcet>
            <wcet number="1">330</wcet>
            <maxpow number="0.7050758843945109"/>
            <maxpow number="0.7050758843945109"/>
            <fprob>0.0</fprob>
        </actor>
        <actor name="D0N30">
            <wcet number="0">20</wcet>
            <wcet number="1">50</wcet>
            <maxpow number="0.7689043526231456"/>
            <maxpow number="0.7689043526231456"/>
            <fprob>0.0</fprob>
        </actor>
        <actor name="D0N18">
            <wcet number="0">10</wcet>
            <wcet number="1">70</wcet>
            <maxpow number="0.25693798575498966"/>
            <maxpow number="0.25693798575498966"/>
            <fprob>0.0</fprob>
        </actor>
        <actor name="D0N29">
            <wcet number="0">40</wcet>
            <wcet number="1">50</wcet>
            <maxpow number="0.6086857430487131"/>
            <maxpow number="0.6086857430487131"/>
            <fprob>0.0</fprob>
        </actor>
        <actor name="D0N28">
            <wcet number="0">30</wcet>
            <wcet number="1">120</wcet>
            <maxpow number="0.5128248168778173"/>
            <maxpow number="0.5128248168778173"/>
            <fprob>0.0</fprob>
        </actor>
        <actor name="D0N33">
            <wcet number="0">20</wcet>
            <wcet number="1">60</wcet>
            <maxpow number="0.5522253107491792"/>
            <maxpow number="0.5522253107491792"/>
            <fprob>0.0</fprob>
        </actor>
        <actor name="D0N2">
            <wcet number="0">10</wcet>
            <wcet number="1">50</wcet>
            <maxpow number="0.630131640414297"/>
            <maxpow number="0.630131640414297"/>
            <fprob>0.0</fprob>
        </actor>
        <actor name="D0N12">
            <wcet number="0">30</wcet>
            <wcet number="1">30</wcet>
            <maxpow number="0.5850588413823032"/>
            <maxpow number="0.5850588413823032"/>
            <fprob>0.0</fprob>
        </actor>
        <actor name="D0N26">
            <wcet number="0">100</wcet>
            <wcet number="1">150</wcet>
            <maxpow number="0.31590942436517555"/>
            <maxpow number="0.31590942436517555"/>
            <fprob>0.0</fprob>
        </actor>
        <actor name="D0N13">
            <wcet number="0">210</wcet>
            <wcet number="1">210</wcet>
            <maxpow number="0.8126286427160323"/>
            <maxpow number="0.8126286427160323"/>
            <fprob>0.0</fprob>
        </actor>
        <actor name="D0N16">
            <wcet number="0">100</wcet>
            <wcet number="1">180</wcet>
            <maxpow number="0.6006388644187405"/>
            <maxpow number="0.6006388644187405"/>
            <fprob>0.0</fprob>
        </actor>
        <actor name="D0N43">
            <wcet number="0">50</wcet>
            <wcet number="1">50</wcet>
            <maxpow number="0.9484850223061365"/>
            <maxpow number="0.9484850223061365"/>
            <fprob>0.0</fprob>
        </actor>
        <actor name="D0N20">
            <wcet number="0">10</wcet>
            <wcet number="1">10</wcet>
            <maxpow number="0.635470342977052"/>
            <maxpow number="0.635470342977052"/>
            <fprob>0.0</fprob>
        </actor>
        <actor name="D0N35">
            <wcet number="0">100</wcet>
            <wcet number="1">100</wcet>
            <maxpow number="0.5248687745780435"/>
            <maxpow number="0.5248687745780435"/>
            <fprob>0.0</fprob>
        </actor>
        <actor name="D0N45">
            <wcet number="0">30</wcet>
            <wcet number="1">40</wcet>
            <maxpow number="0.699279999279441"/>
            <maxpow number="0.699279999279441"/>
            <fprob>0.0</fprob>
        </actor>
        <actor name="D0N17">
            <wcet number="0">10</wcet>
            <wcet number="1">20</wcet>
            <maxpow number="0.5414179789444522"/>
            <maxpow number="0.5414179789444522"/>
            <fprob>0.0</fprob>
        </actor>
        <actor name="D0N34">
            <wcet number="0">20</wcet>
            <wcet number="1">20</wcet>
            <maxpow number="0.8928433819750012"/>
            <maxpow number="0.8928433819750012"/>
            <fprob>0.0</fprob>
        </actor>
        <actor name="D0N36">
            <wcet number="0">30</wcet>
            <wcet number="1">90</wcet>
            <maxpow number="0.386703844389538"/>
            <maxpow number="0.386703844389538"/>
            <fprob>0.0</fprob>
        </actor>
        <actor name="D0N1">
            <wcet number="0">30</wcet>
            <wcet number="1">40</wcet>
            <maxpow number="0.39619897204327115"/>
            <maxpow number="0.39619897204327115"/>
            <fprob>0.0</fprob>
        </actor>
        <actor name="D0N21">
            <wcet number="0">120</wcet>
            <wcet number="1">150</wcet>
            <maxpow number="0.7829188151108587"/>
            <maxpow number="0.7829188151108587"/>
            <fprob>0.0</fprob>
        </actor>
        <actor name="D0N27">
            <wcet number="0">100</wcet>
            <wcet number="1">110</wcet>
            <maxpow number="0.6380865724345267"/>
            <maxpow number="0.6380865724345267"/>
            <fprob>0.0</fprob>
        </actor>
        <actor name="D0N0">
            <wcet number="0">100</wcet>
            <wcet number="1">130</wcet>
            <maxpow number="0.5597868968073658"/>
            <maxpow number="0.5597868968073658"/>
            <fprob>0.0</fprob>
        </actor>
        <actor name="D0N15">
            <wcet number="0">70</wcet>
            <wcet number="1">180</wcet>
            <maxpow number="0.41740299429013045"/>
            <maxpow number="0.41740299429013045"/>
            <fprob>0.0</fprob>
        </actor>
        <actor name="D0N32">
            <wcet number="0">20</wcet>
            <wcet number="1">30</wcet>
            <maxpow number="0.6038339926584348"/>
            <maxpow number="0.6038339926584348"/>
            <fprob>0.0</fprob>
        </actor>
        <actor name="D0N6">
            <wcet number="0">10</wcet>
            <wcet number="1">10</wcet>
            <maxpow number="0.7666634932623133"/>
            <maxpow number="0.7666634932623133"/>
            <fprob>0.0</fprob>
        </actor>
        <actor name="D0N8">
            <wcet number="0">100</wcet>
            <wcet number="1">110</wcet>
            <maxpow number="0.5777590900434683"/>
            <maxpow number="0.5777590900434683"/>
            <fprob>0.0</fprob>
        </actor>
        <actor name="D0N39">
            <wcet number="0">30</wcet>
            <wcet number="1">50</wcet>
            <maxpow number="0.6686322875151764"/>
            <maxpow number="0.6686322875151764"/>
            <fprob>0.0</fprob>
        </actor>
        <actor name="D0N44">
            <wcet number="0">250</wcet>
            <wcet number="1">310</wcet>
            <maxpow number="0.2289368835975344"/>
            <maxpow number="0.2289368835975344"/>
            <fprob>0.0</fprob>
        </actor>
        <actor name="D0N41">
            <wcet number="0">140</wcet>
            <wcet number="1">140</wcet>
            <maxpow number="0.8106638648498021"/>
            <maxpow number="0.8106638648498021"/>
            <fprob>0.0</fprob>
        </actor>
        <actor name="D0N25">
            <wcet number="0">10</wcet>
            <wcet number="1">20</wcet>
            <maxpow number="0.5171220241106874"/>
            <maxpow number="0.5171220241106874"/>
            <fprob>0.0</fprob>
        </actor>
        <actor name="D0N24">
            <wcet number="0">20</wcet>
            <wcet number="1">20</wcet>
            <maxpow number="0.8932581375793142"/>
            <maxpow number="0.8932581375793142"/>
            <fprob>0.0</fprob>
        </actor>
        <actor name="D0N31">
            <wcet number="0">10</wcet>
            <wcet number="1">110</wcet>
            <maxpow number="0.74261175829276"/>
            <maxpow number="0.74261175829276"/>
            <fprob>0.0</fprob>
        </actor>
        <ports>
            <port dstActor="D0N41" name="p0" srcActor="D0N22"/>
            <port dstActor="D0N30" name="p1" srcActor="D0N22"/>
            <port dstActor="D0N43" name="p2" srcActor="D0N22"/>
            <port dstActor="D0N35" name="p3" srcActor="D0N22"/>
            <port dstActor="D0N39" name="p4" srcActor="D0N22"/>
            <port dstActor="D0N11" name="p5" srcActor="D0N9"/>
            <port dstActor="D0N21" name="p6" srcActor="D0N9"/>
            <port dstActor="D0N27" name="p7" srcActor="D0N9"/>
            <port dstActor="D0N25" name="p8" srcActor="D0N9"/>
            <port dstActor="D0N30" name="p9" srcActor="D0N23"/>
            <port dstActor="D0N44" name="p10" srcActor="D0N23"/>
            <port dstActor="D0N28" name="p11" srcActor="D0N10"/>
            <port dstActor="D0N31" name="p12" srcActor="D0N10"/>
            <port dstActor="D0N44" name="p13" srcActor="D0N10"/>
            <port dstActor="D0N47" name="p14" srcActor="D0N37"/>
            <port dstActor="D0N40" name="p15" srcActor="D0N38"/>
            <port dstActor="D0N48" name="p16" srcActor="D0N38"/>
            <port dstActor="D0N35" name="p17" srcActor="D0N19"/>
            <port dstActor="D0N47" name="p18" srcActor="D0N42"/>
            <port dstActor="D0N29" name="p19" srcActor="D0N4"/>
            <port dstActor="D0N18" name="p20" srcActor="D0N4"/>
            <port dstActor="D0N37" name="p21" srcActor="D0N4"/>
            <port dstActor="D0N21" name="p22" srcActor="D0N4"/>
            <port dstActor="D0N36" name="p23" srcActor="D0N14"/>
            <port dstActor="D0N32" name="p24" srcActor="D0N14"/>
            <port dstActor="D0N26" name="p25" srcActor="D0N14"/>
            <port dstActor="D0N41" name="p26" srcActor="D0N14"/>
            <port dstActor="D0N38" name="p27" srcActor="D0N11"/>
            <port dstActor="D0N27" name="p28" srcActor="D0N11"/>
            <port dstActor="D0N18" name="p29" srcActor="D0N11"/>
            <port dstActor="D0N31" name="p30" srcActor="D0N7"/>
            <port dstActor="D0N28" name="p31" srcActor="D0N7"/>
            <port dstActor="D0N36" name="p32" srcActor="D0N7"/>
            <port dstActor="D0N42" name="p33" srcActor="D0N7"/>
            <port dstActor="D0N40" name="p34" srcActor="D0N3"/>
            <port dstActor="D0N24" name="p35" srcActor="D0N3"/>
            <port dstActor="D0N19" name="p36" srcActor="D0N3"/>
            <port dstActor="D0N29" name="p37" srcActor="D0N5"/>
            <port dstActor="D0N39" name="p38" srcActor="D0N5"/>
            <port dstActor="D0N13" name="p39" srcActor="D0N5"/>
            <port dstActor="D0N45" name="p40" srcActor="D0N5"/>
            <port dstActor="D0N26" name="p41" srcActor="D0N5"/>
            <port dstActor="D0N44" name="p42" srcActor="D0N5"/>
            <port dstActor="D0N14" name="p43" srcActor="D0N5"/>
            <port dstActor="D0N9" name="p44" srcActor="D0N5"/>
            <port dstActor="D0N33" name="p45" srcActor="D0N5"/>
            <port dstActor="D0N46" name="p46" srcActor="D0N30"/>
            <port dstActor="D0N34" name="p47" srcActor="D0N30"/>
            <port dstActor="D0N40" name="p48" srcActor="D0N29"/>
            <port dstActor="D0N31" name="p49" srcActor="D0N29"/>
            <port dstActor="D0N32" name="p50" srcActor="D0N28"/>
            <port dstActor="D0N45" name="p51" srcActor="D0N28"/>
            <port dstActor="D0N48" name="p52" srcActor="D0N33"/>
            <port dstActor="D0N34" name="p53" srcActor="D0N33"/>
            <port dstActor="D0N35" name="p54" srcActor="D0N2"/>
            <port dstActor="D0N4" name="p55" srcActor="D0N2"/>
            <port dstActor="D0N38" name="p56" srcActor="D0N2"/>
            <port dstActor="D0N8" name="p57" srcActor="D0N2"/>
            <port dstActor="D0N16" name="p58" srcActor="D0N12"/>
            <port dstActor="D0N18" name="p59" srcActor="D0N12"/>
            <port dstActor="D0N46" name="p60" srcActor="D0N12"/>
            <port dstActor="D0N37" name="p61" srcActor="D0N26"/>
            <port dstActor="D0N29" name="p62" srcActor="D0N26"/>
            <port dstActor="D0N33" name="p63" srcActor="D0N26"/>
            <port dstActor="D0N21" name="p64" srcActor="D0N13"/>
            <port dstActor="D0N42" name="p65" srcActor="D0N13"/>
            <port dstActor="D0N29" name="p66" srcActor="D0N13"/>
            <port dstActor="D0N34" name="p67" srcActor="D0N13"/>
            <port dstActor="D0N48" name="p68" srcActor="D0N13"/>
            <port dstActor="D0N30" name="p69" srcActor="D0N16"/>
            <port dstActor="D0N19" name="p70" srcActor="D0N16"/>
            <port dstActor="D0N25" name="p71" srcActor="D0N16"/>
            <port dstActor="D0N29" name="p72" srcActor="D0N16"/>
            <port dstActor="D0N48" name="p73" srcActor="D0N35"/>
            <port dstActor="D0N47" name="p74" srcActor="D0N35"/>
            <port dstActor="D0N48" name="p75" srcActor="D0N45"/>
            <port dstActor="D0N27" name="p76" srcActor="D0N17"/>
            <port dstActor="D0N34" name="p77" srcActor="D0N17"/>
            <port dstActor="D0N35" name="p78" srcActor="D0N17"/>
            <port dstActor="D0N23" name="p79" srcActor="D0N17"/>
            <port dstActor="D0N39" name="p80" srcActor="D0N34"/>
            <port dstActor="D0N44" name="p81" srcActor="D0N36"/>
            <port dstActor="D0N16" name="p82" srcActor="D0N1"/>
            <port dstActor="D0N33" name="p83" srcActor="D0N1"/>
            <port dstActor="D0N39" name="p84" srcActor="D0N1"/>
            <port dstActor="D0N13" name="p85" srcActor="D0N1"/>
            <port dstActor="D0N3" name="p86" srcActor="D0N1"/>
            <port dstActor="D0N29" name="p87" srcActor="D0N21"/>
            <port dstActor="D0N42" name="p88" srcActor="D0N21"/>
            <port dstActor="D0N23" name="p89" srcActor="D0N21"/>
            <port dstActor="D0N35" name="p90" srcActor="D0N21"/>
            <port dstActor="D0N34" name="p91" srcActor="D0N27"/>
            <port dstActor="D0N22" name="p92" srcActor="D0N0"/>
            <port dstActor="D0N48" name="p93" srcActor="D0N0"/>
            <port dstActor="D0N1" name="p94" srcActor="D0N0"/>
            <port dstActor="D0N42" name="p95" srcActor="D0N15"/>
            <port dstActor="D0N40" name="p96" srcActor="D0N15"/>
            <port dstActor="D0N27" name="p97" srcActor="D0N15"/>
            <port dstActor="D0N42" name="p98" srcActor="D0N32"/>
            <port dstActor="D0N41" name="p99" srcActor="D0N32"/>
            <port dstActor="D0N44" name="p100" srcActor="D0N32"/>
            <port dstActor="D0N33" name="p101" srcActor="D0N32"/>
            <port dstActor="D0N34" name="p102" srcActor="D0N32"/>
            <port dstActor="D0N29" name="p103" srcActor="D0N6"/>
            <port dstActor="D0N45" name="p104" srcActor="D0N6"/>
            <port dstActor="D0N26" name="p105" srcActor="D0N6"/>
            <port dstActor="D0N39" name="p106" srcActor="D0N6"/>
            <port dstActor="D0N22" name="p107" srcActor="D0N6"/>
            <port dstActor="D0N37" name="p108" srcActor="D0N8"/>
            <port dstActor="D0N45" name="p109" srcActor="D0N8"/>
            <port dstActor="D0N39" name="p110" srcActor="D0N8"/>
            <port dstActor="D0N15" name="p111" srcActor="D0N8"/>
            <port dstActor="D0N46" name="p112" srcActor="D0N39"/>
            <port dstActor="D0N29" name="p113" srcActor="D0N25"/>
            <port dstActor="D0N39" name="p114" srcActor="D0N25"/>
            <port dstActor="D0N28" name="p115" srcActor="D0N24"/>
            <port dstActor="D0N25" name="p116" srcActor="D0N24"/>
            <port dstActor="D0N37" name="p117" srcActor="D0N31"/>
        </ports>
    </mcdag>
    <cores number="3"/>
    <levels number="2"/>
</mcsystem>
