<?xml version="1.0" encoding="UTF-8" standalone="no"?>
<mcsystem>
    <mcdag deadline="2200" name="genned-0-ed-10.0-0">
        <actor name="D0N41">
            <wcet number="0">30</wcet>
            <wcet number="1">30</wcet>
            <maxpow number="0.4451576660018354"/>
            <maxpow number="0.4451576660018354"/>
            <fprob>0.0</fprob>
        </actor>
        <actor name="D0N46">
            <wcet number="0">60</wcet>
            <wcet number="1">90</wcet>
            <maxpow number="0.6595913513069187"/>
            <maxpow number="0.6595913513069187"/>
            <fprob>0.0</fprob>
        </actor>
        <actor name="D0N45">
            <wcet number="0">120</wcet>
            <wcet number="1">150</wcet>
            <maxpow number="0.5676877944669707"/>
            <maxpow number="0.5676877944669707"/>
            <fprob>0.0</fprob>
        </actor>
        <actor name="D0N37">
            <wcet number="0">10</wcet>
            <wcet number="1">20</wcet>
            <maxpow number="0.5282505735191619"/>
            <maxpow number="0.5282505735191619"/>
            <fprob>0.0</fprob>
        </actor>
        <actor name="D0N12">
            <wcet number="0">10</wcet>
            <wcet number="1">30</wcet>
            <maxpow number="0.7168371861152499"/>
            <maxpow number="0.7168371861152499"/>
            <fprob>0.0</fprob>
        </actor>
        <actor name="D0N13">
            <wcet number="0">110</wcet>
            <wcet number="1">120</wcet>
            <maxpow number="0.46343124951645775"/>
            <maxpow number="0.46343124951645775"/>
            <fprob>0.0</fprob>
        </actor>
        <actor name="D0N3">
            <wcet number="0">230</wcet>
            <wcet number="1">370</wcet>
            <maxpow number="0.42339958880792716"/>
            <maxpow number="0.42339958880792716"/>
            <fprob>0.0</fprob>
        </actor>
        <actor name="D0N25">
            <wcet number="0">20</wcet>
            <wcet number="1">50</wcet>
            <maxpow number="0.6341371214865094"/>
            <maxpow number="0.6341371214865094"/>
            <fprob>0.0</fprob>
        </actor>
        <actor name="D0N35">
            <wcet number="0">40</wcet>
            <wcet number="1">70</wcet>
            <maxpow number="0.550761334685549"/>
            <maxpow number="0.550761334685549"/>
            <fprob>0.0</fprob>
        </actor>
        <actor name="D0N1">
            <wcet number="0">40</wcet>
            <wcet number="1">170</wcet>
            <maxpow number="0.6888097989095817"/>
            <maxpow number="0.6888097989095817"/>
            <fprob>0.0</fprob>
        </actor>
        <actor name="D0N2">
            <wcet number="0">80</wcet>
            <wcet number="1">100</wcet>
            <maxpow number="0.795118341141004"/>
            <maxpow number="0.795118341141004"/>
            <fprob>0.0</fprob>
        </actor>
        <actor name="D0N18">
            <wcet number="0">200</wcet>
            <wcet number="1">280</wcet>
            <maxpow number="0.4112457874417818"/>
            <maxpow number="0.4112457874417818"/>
            <fprob>0.0</fprob>
        </actor>
        <actor name="D0N32">
            <wcet number="0">40</wcet>
            <wcet number="1">60</wcet>
            <maxpow number="0.4547306906556097"/>
            <maxpow number="0.4547306906556097"/>
            <fprob>0.0</fprob>
        </actor>
        <actor name="D0N26">
            <wcet number="0">10</wcet>
            <wcet number="1">80</wcet>
            <maxpow number="0.29643463445013535"/>
            <maxpow number="0.29643463445013535"/>
            <fprob>0.0</fprob>
        </actor>
        <actor name="D0N0">
            <wcet number="0">50</wcet>
            <wcet number="1">210</wcet>
            <maxpow number="0.603317618125784"/>
            <maxpow number="0.603317618125784"/>
            <fprob>0.0</fprob>
        </actor>
        <actor name="D0N9">
            <wcet number="0">60</wcet>
            <wcet number="1">150</wcet>
            <maxpow number="0.686182714253553"/>
            <maxpow number="0.686182714253553"/>
            <fprob>0.0</fprob>
        </actor>
        <actor name="D0N5">
            <wcet number="0">100</wcet>
            <wcet number="1">120</wcet>
            <maxpow number="0.5911481506686244"/>
            <maxpow number="0.5911481506686244"/>
            <fprob>0.0</fprob>
        </actor>
        <actor name="D0N11">
            <wcet number="0">20</wcet>
            <wcet number="1">70</wcet>
            <maxpow number="0.6608573121692932"/>
            <maxpow number="0.6608573121692932"/>
            <fprob>0.0</fprob>
        </actor>
        <actor name="D0N34">
            <wcet number="0">10</wcet>
            <wcet number="1">10</wcet>
            <maxpow number="0.5131948896602875"/>
            <maxpow number="0.5131948896602875"/>
            <fprob>0.0</fprob>
        </actor>
        <actor name="D0N31">
            <wcet number="0">10</wcet>
            <wcet number="1">10</wcet>
            <maxpow number="0.2160662678848358"/>
            <maxpow number="0.2160662678848358"/>
            <fprob>0.0</fprob>
        </actor>
        <actor name="D0N20">
            <wcet number="0">20</wcet>
            <wcet number="1">20</wcet>
            <maxpow number="0.1808131597081022"/>
            <maxpow number="0.1808131597081022"/>
            <fprob>0.0</fprob>
        </actor>
        <actor name="D0N42">
            <wcet number="0">30</wcet>
            <wcet number="1">90</wcet>
            <maxpow number="0.3162083786464346"/>
            <maxpow number="0.3162083786464346"/>
            <fprob>0.0</fprob>
        </actor>
        <actor name="D0N10">
            <wcet number="0">60</wcet>
            <wcet number="1">150</wcet>
            <maxpow number="0.4156037810737637"/>
            <maxpow number="0.4156037810737637"/>
            <fprob>0.0</fprob>
        </actor>
        <actor name="D0N27">
            <wcet number="0">20</wcet>
            <wcet number="1">20</wcet>
            <maxpow number="0.6948248521090865"/>
            <maxpow number="0.6948248521090865"/>
            <fprob>0.0</fprob>
        </actor>
        <actor name="D0N19">
            <wcet number="0">30</wcet>
            <wcet number="1">60</wcet>
            <maxpow number="0.46953330269637517"/>
            <maxpow number="0.46953330269637517"/>
            <fprob>0.0</fprob>
        </actor>
        <actor name="D0N33">
            <wcet number="0">430</wcet>
            <wcet number="1">470</wcet>
            <maxpow number="0.4868860860595836"/>
            <maxpow number="0.4868860860595836"/>
            <fprob>0.0</fprob>
        </actor>
        <actor name="D0N30">
            <wcet number="0">30</wcet>
            <wcet number="1">80</wcet>
            <maxpow number="0.5536961581061911"/>
            <maxpow number="0.5536961581061911"/>
            <fprob>0.0</fprob>
        </actor>
        <actor name="D0N38">
            <wcet number="0">60</wcet>
            <wcet number="1">110</wcet>
            <maxpow number="0.7490596334790558"/>
            <maxpow number="0.7490596334790558"/>
            <fprob>0.0</fprob>
        </actor>
        <actor name="D0N24">
            <wcet number="0">170</wcet>
            <wcet number="1">210</wcet>
            <maxpow number="0.48568495808557033"/>
            <maxpow number="0.48568495808557033"/>
            <fprob>0.0</fprob>
        </actor>
        <actor name="D0N43">
            <wcet number="0">20</wcet>
            <wcet number="1">60</wcet>
            <maxpow number="0.8217968081730402"/>
            <maxpow number="0.8217968081730402"/>
            <fprob>0.0</fprob>
        </actor>
        <actor name="D0N14">
            <wcet number="0">290</wcet>
            <wcet number="1">340</wcet>
            <maxpow number="0.4559885711799514"/>
            <maxpow number="0.4559885711799514"/>
            <fprob>0.0</fprob>
        </actor>
        <actor name="D0N44">
            <wcet number="0">20</wcet>
            <wcet number="1">40</wcet>
            <maxpow number="0.5850394561359089"/>
            <maxpow number="0.5850394561359089"/>
            <fprob>0.0</fprob>
        </actor>
        <actor name="D0N8">
            <wcet number="0">10</wcet>
            <wcet number="1">20</wcet>
            <maxpow number="0.06707316163626426"/>
            <maxpow number="0.06707316163626426"/>
            <fprob>0.0</fprob>
        </actor>
        <actor name="D0N39">
            <wcet number="0">10</wcet>
            <wcet number="1">10</wcet>
            <maxpow number="0.7134287822111006"/>
            <maxpow number="0.7134287822111006"/>
            <fprob>0.0</fprob>
        </actor>
        <actor name="D0N23">
            <wcet number="0">40</wcet>
            <wcet number="1">50</wcet>
            <maxpow number="0.498641859370098"/>
            <maxpow number="0.498641859370098"/>
            <fprob>0.0</fprob>
        </actor>
        <actor name="D0N29">
            <wcet number="0">40</wcet>
            <wcet number="1">70</wcet>
            <maxpow number="0.5974535682400304"/>
            <maxpow number="0.5974535682400304"/>
            <fprob>0.0</fprob>
        </actor>
        <actor name="D0N4">
            <wcet number="0">60</wcet>
            <wcet number="1">150</wcet>
            <maxpow number="0.8104104358417921"/>
            <maxpow number="0.8104104358417921"/>
            <fprob>0.0</fprob>
        </actor>
        <actor name="D0N16">
            <wcet number="0">80</wcet>
            <wcet number="1">80</wcet>
            <maxpow number="0.5974185364404967"/>
            <maxpow number="0.5974185364404967"/>
            <fprob>0.0</fprob>
        </actor>
        <actor name="D0N21">
            <wcet number="0">120</wcet>
            <wcet number="1">150</wcet>
            <maxpow number="0.5540247596570973"/>
            <maxpow number="0.5540247596570973"/>
            <fprob>0.0</fprob>
        </actor>
        <actor name="D0N40">
            <wcet number="0">100</wcet>
            <wcet number="1">110</wcet>
            <maxpow number="0.8036031379369373"/>
            <maxpow number="0.8036031379369373"/>
            <fprob>0.0</fprob>
        </actor>
        <actor name="D0N28">
            <wcet number="0">80</wcet>
            <wcet number="1">120</wcet>
            <maxpow number="0.9435420935941052"/>
            <maxpow number="0.9435420935941052"/>
            <fprob>0.0</fprob>
        </actor>
        <actor name="D0N6">
            <wcet number="0">40</wcet>
            <wcet number="1">60</wcet>
            <maxpow number="0.4300086944355171"/>
            <maxpow number="0.4300086944355171"/>
            <fprob>0.0</fprob>
        </actor>
        <actor name="D0N15">
            <wcet number="0">30</wcet>
            <wcet number="1">170</wcet>
            <maxpow number="0.5208080082425863"/>
            <maxpow number="0.5208080082425863"/>
            <fprob>0.0</fprob>
        </actor>
        <actor name="D0N22">
            <wcet number="0">240</wcet>
            <wcet number="1">320</wcet>
            <maxpow number="0.5006900829785053"/>
            <maxpow number="0.5006900829785053"/>
            <fprob>0.0</fprob>
        </actor>
        <actor name="D0N17">
            <wcet number="0">190</wcet>
            <wcet number="1">370</wcet>
            <maxpow number="0.7296960645530337"/>
            <maxpow number="0.7296960645530337"/>
            <fprob>0.0</fprob>
        </actor>
        <actor name="D0N36">
            <wcet number="0">40</wcet>
            <wcet number="1">40</wcet>
            <maxpow number="0.6550677650570578"/>
            <maxpow number="0.6550677650570578"/>
            <fprob>0.0</fprob>
        </actor>
        <actor name="D0N7">
            <wcet number="0">30</wcet>
            <wcet number="1">380</wcet>
            <maxpow number="0.6600506448544424"/>
            <maxpow number="0.6600506448544424"/>
            <fprob>0.0</fprob>
        </actor>
        <ports>
            <port dstActor="D0N40" name="p0" srcActor="D0N37"/>
            <port dstActor="D0N38" name="p1" srcActor="D0N37"/>
            <port dstActor="D0N17" name="p2" srcActor="D0N12"/>
            <port dstActor="D0N35" name="p3" srcActor="D0N12"/>
            <port dstActor="D0N17" name="p4" srcActor="D0N13"/>
            <port dstActor="D0N40" name="p5" srcActor="D0N13"/>
            <port dstActor="D0N27" name="p6" srcActor="D0N13"/>
            <port dstActor="D0N23" name="p7" srcActor="D0N13"/>
            <port dstActor="D0N28" name="p8" srcActor="D0N13"/>
            <port dstActor="D0N16" name="p9" srcActor="D0N3"/>
            <port dstActor="D0N31" name="p10" srcActor="D0N3"/>
            <port dstActor="D0N14" name="p11" srcActor="D0N3"/>
            <port dstActor="D0N35" name="p12" srcActor="D0N3"/>
            <port dstActor="D0N4" name="p13" srcActor="D0N3"/>
            <port dstActor="D0N45" name="p14" srcActor="D0N25"/>
            <port dstActor="D0N33" name="p15" srcActor="D0N25"/>
            <port dstActor="D0N46" name="p16" srcActor="D0N25"/>
            <port dstActor="D0N22" name="p17" srcActor="D0N1"/>
            <port dstActor="D0N36" name="p18" srcActor="D0N1"/>
            <port dstActor="D0N23" name="p19" srcActor="D0N1"/>
            <port dstActor="D0N13" name="p20" srcActor="D0N2"/>
            <port dstActor="D0N22" name="p21" srcActor="D0N2"/>
            <port dstActor="D0N18" name="p22" srcActor="D0N2"/>
            <port dstActor="D0N31" name="p23" srcActor="D0N2"/>
            <port dstActor="D0N41" name="p24" srcActor="D0N2"/>
            <port dstActor="D0N30" name="p25" srcActor="D0N18"/>
            <port dstActor="D0N43" name="p26" srcActor="D0N26"/>
            <port dstActor="D0N37" name="p27" srcActor="D0N26"/>
            <port dstActor="D0N27" name="p28" srcActor="D0N26"/>
            <port dstActor="D0N29" name="p29" srcActor="D0N26"/>
            <port dstActor="D0N38" name="p30" srcActor="D0N26"/>
            <port dstActor="D0N26" name="p31" srcActor="D0N0"/>
            <port dstActor="D0N36" name="p32" srcActor="D0N0"/>
            <port dstActor="D0N9" name="p33" srcActor="D0N0"/>
            <port dstActor="D0N15" name="p34" srcActor="D0N0"/>
            <port dstActor="D0N38" name="p35" srcActor="D0N0"/>
            <port dstActor="D0N43" name="p36" srcActor="D0N9"/>
            <port dstActor="D0N27" name="p37" srcActor="D0N9"/>
            <port dstActor="D0N25" name="p38" srcActor="D0N5"/>
            <port dstActor="D0N16" name="p39" srcActor="D0N5"/>
            <port dstActor="D0N46" name="p40" srcActor="D0N5"/>
            <port dstActor="D0N37" name="p41" srcActor="D0N5"/>
            <port dstActor="D0N22" name="p42" srcActor="D0N5"/>
            <port dstActor="D0N13" name="p43" srcActor="D0N5"/>
            <port dstActor="D0N14" name="p44" srcActor="D0N11"/>
            <port dstActor="D0N43" name="p45" srcActor="D0N11"/>
            <port dstActor="D0N22" name="p46" srcActor="D0N11"/>
            <port dstActor="D0N37" name="p47" srcActor="D0N11"/>
            <port dstActor="D0N23" name="p48" srcActor="D0N11"/>
            <port dstActor="D0N42" name="p49" srcActor="D0N34"/>
            <port dstActor="D0N33" name="p50" srcActor="D0N31"/>
            <port dstActor="D0N23" name="p51" srcActor="D0N20"/>
            <port dstActor="D0N45" name="p52" srcActor="D0N20"/>
            <port dstActor="D0N36" name="p53" srcActor="D0N10"/>
            <port dstActor="D0N34" name="p54" srcActor="D0N10"/>
            <port dstActor="D0N14" name="p55" srcActor="D0N10"/>
            <port dstActor="D0N17" name="p56" srcActor="D0N10"/>
            <port dstActor="D0N41" name="p57" srcActor="D0N10"/>
            <port dstActor="D0N35" name="p58" srcActor="D0N27"/>
            <port dstActor="D0N36" name="p59" srcActor="D0N27"/>
            <port dstActor="D0N21" name="p60" srcActor="D0N19"/>
            <port dstActor="D0N25" name="p61" srcActor="D0N19"/>
            <port dstActor="D0N33" name="p62" srcActor="D0N19"/>
            <port dstActor="D0N37" name="p63" srcActor="D0N19"/>
            <port dstActor="D0N30" name="p64" srcActor="D0N19"/>
            <port dstActor="D0N40" name="p65" srcActor="D0N19"/>
            <port dstActor="D0N46" name="p66" srcActor="D0N38"/>
            <port dstActor="D0N45" name="p67" srcActor="D0N14"/>
            <port dstActor="D0N31" name="p68" srcActor="D0N14"/>
            <port dstActor="D0N15" name="p69" srcActor="D0N8"/>
            <port dstActor="D0N17" name="p70" srcActor="D0N8"/>
            <port dstActor="D0N36" name="p71" srcActor="D0N8"/>
            <port dstActor="D0N30" name="p72" srcActor="D0N8"/>
            <port dstActor="D0N46" name="p73" srcActor="D0N39"/>
            <port dstActor="D0N29" name="p74" srcActor="D0N23"/>
            <port dstActor="D0N33" name="p75" srcActor="D0N23"/>
            <port dstActor="D0N35" name="p76" srcActor="D0N23"/>
            <port dstActor="D0N34" name="p77" srcActor="D0N23"/>
            <port dstActor="D0N32" name="p78" srcActor="D0N4"/>
            <port dstActor="D0N45" name="p79" srcActor="D0N4"/>
            <port dstActor="D0N13" name="p80" srcActor="D0N4"/>
            <port dstActor="D0N20" name="p81" srcActor="D0N4"/>
            <port dstActor="D0N24" name="p82" srcActor="D0N16"/>
            <port dstActor="D0N36" name="p83" srcActor="D0N16"/>
            <port dstActor="D0N43" name="p84" srcActor="D0N16"/>
            <port dstActor="D0N32" name="p85" srcActor="D0N21"/>
            <port dstActor="D0N22" name="p86" srcActor="D0N21"/>
            <port dstActor="D0N28" name="p87" srcActor="D0N21"/>
            <port dstActor="D0N44" name="p88" srcActor="D0N21"/>
            <port dstActor="D0N34" name="p89" srcActor="D0N21"/>
            <port dstActor="D0N45" name="p90" srcActor="D0N40"/>
            <port dstActor="D0N43" name="p91" srcActor="D0N28"/>
            <port dstActor="D0N45" name="p92" srcActor="D0N6"/>
            <port dstActor="D0N14" name="p93" srcActor="D0N6"/>
            <port dstActor="D0N27" name="p94" srcActor="D0N6"/>
            <port dstActor="D0N17" name="p95" srcActor="D0N6"/>
            <port dstActor="D0N21" name="p96" srcActor="D0N15"/>
            <port dstActor="D0N29" name="p97" srcActor="D0N15"/>
            <port dstActor="D0N31" name="p98" srcActor="D0N15"/>
            <port dstActor="D0N20" name="p99" srcActor="D0N15"/>
            <port dstActor="D0N24" name="p100" srcActor="D0N15"/>
            <port dstActor="D0N36" name="p101" srcActor="D0N22"/>
            <port dstActor="D0N32" name="p102" srcActor="D0N22"/>
            <port dstActor="D0N33" name="p103" srcActor="D0N22"/>
            <port dstActor="D0N37" name="p104" srcActor="D0N17"/>
            <port dstActor="D0N19" name="p105" srcActor="D0N17"/>
            <port dstActor="D0N35" name="p106" srcActor="D0N17"/>
            <port dstActor="D0N21" name="p107" srcActor="D0N17"/>
            <port dstActor="D0N34" name="p108" srcActor="D0N17"/>
            <port dstActor="D0N28" name="p109" srcActor="D0N17"/>
            <port dstActor="D0N40" name="p110" srcActor="D0N7"/>
            <port dstActor="D0N26" name="p111" srcActor="D0N7"/>
            <port dstActor="D0N27" name="p112" srcActor="D0N7"/>
        </ports>
    </mcdag>
    <cores number="3"/>
    <levels number="2"/>
</mcsystem>
