<?xml version="1.0" encoding="UTF-8" standalone="no"?>
<mcsystem>
    <mcdag deadline="1200" name="genned-0-ed-10.0-0">
        <actor name="D0N29">
            <wcet number="0">10</wcet>
            <wcet number="1">40</wcet>
            <maxpow number="0.26830644161227113"/>
            <maxpow number="0.26830644161227113"/>
            <fprob>0.0</fprob>
        </actor>
        <actor name="D0N4">
            <wcet number="0">40</wcet>
            <wcet number="1">80</wcet>
            <maxpow number="0.6638831691884082"/>
            <maxpow number="0.6638831691884082"/>
            <fprob>0.0</fprob>
        </actor>
        <actor name="D0N34">
            <wcet number="0">40</wcet>
            <wcet number="1">70</wcet>
            <maxpow number="0.6341422329473633"/>
            <maxpow number="0.6341422329473633"/>
            <fprob>0.0</fprob>
        </actor>
        <actor name="D0N6">
            <wcet number="0">10</wcet>
            <wcet number="1">10</wcet>
            <maxpow number="0.6009198572115335"/>
            <maxpow number="0.6009198572115335"/>
            <fprob>0.0</fprob>
        </actor>
        <actor name="D0N7">
            <wcet number="0">50</wcet>
            <wcet number="1">50</wcet>
            <maxpow number="0.6409063042219671"/>
            <maxpow number="0.6409063042219671"/>
            <fprob>0.0</fprob>
        </actor>
        <actor name="D0N12">
            <wcet number="0">150</wcet>
            <wcet number="1">160</wcet>
            <maxpow number="0.4204007498146195"/>
            <maxpow number="0.4204007498146195"/>
            <fprob>0.0</fprob>
        </actor>
        <actor name="D0N5">
            <wcet number="0">30</wcet>
            <wcet number="1">60</wcet>
            <maxpow number="0.41541415116592845"/>
            <maxpow number="0.41541415116592845"/>
            <fprob>0.0</fprob>
        </actor>
        <actor name="D0N27">
            <wcet number="0">20</wcet>
            <wcet number="1">20</wcet>
            <maxpow number="0.5507671037454673"/>
            <maxpow number="0.5507671037454673"/>
            <fprob>0.0</fprob>
        </actor>
        <actor name="D0N28">
            <wcet number="0">20</wcet>
            <wcet number="1">60</wcet>
            <maxpow number="0.6631757187763665"/>
            <maxpow number="0.6631757187763665"/>
            <fprob>0.0</fprob>
        </actor>
        <actor name="D0N38">
            <wcet number="0">60</wcet>
            <wcet number="1">110</wcet>
            <maxpow number="0.4463123233161222"/>
            <maxpow number="0.4463123233161222"/>
            <fprob>0.0</fprob>
        </actor>
        <actor name="D0N0">
            <wcet number="0">60</wcet>
            <wcet number="1">60</wcet>
            <maxpow number="-0.0024459419131207527"/>
            <maxpow number="-0.0024459419131207527"/>
            <fprob>0.0</fprob>
        </actor>
        <actor name="D0N46">
            <wcet number="0">10</wcet>
            <wcet number="1">40</wcet>
            <maxpow number="0.3771945080255903"/>
            <maxpow number="0.3771945080255903"/>
            <fprob>0.0</fprob>
        </actor>
        <actor name="D0N36">
            <wcet number="0">20</wcet>
            <wcet number="1">20</wcet>
            <maxpow number="0.30209780048478674"/>
            <maxpow number="0.30209780048478674"/>
            <fprob>0.0</fprob>
        </actor>
        <actor name="D0N20">
            <wcet number="0">40</wcet>
            <wcet number="1">50</wcet>
            <maxpow number="0.404407586281674"/>
            <maxpow number="0.404407586281674"/>
            <fprob>0.0</fprob>
        </actor>
        <actor name="D0N32">
            <wcet number="0">40</wcet>
            <wcet number="1">90</wcet>
            <maxpow number="0.4638704396074446"/>
            <maxpow number="0.4638704396074446"/>
            <fprob>0.0</fprob>
        </actor>
        <actor name="D0N33">
            <wcet number="0">20</wcet>
            <wcet number="1">30</wcet>
            <maxpow number="0.43287457611185937"/>
            <maxpow number="0.43287457611185937"/>
            <fprob>0.0</fprob>
        </actor>
        <actor name="D0N44">
            <wcet number="0">20</wcet>
            <wcet number="1">20</wcet>
            <maxpow number="0.8431467607675532"/>
            <maxpow number="0.8431467607675532"/>
            <fprob>0.0</fprob>
        </actor>
        <actor name="D0N21">
            <wcet number="0">10</wcet>
            <wcet number="1">90</wcet>
            <maxpow number="0.7224633319004692"/>
            <maxpow number="0.7224633319004692"/>
            <fprob>0.0</fprob>
        </actor>
        <actor name="D0N30">
            <wcet number="0">10</wcet>
            <wcet number="1">70</wcet>
            <maxpow number="0.617296047381588"/>
            <maxpow number="0.617296047381588"/>
            <fprob>0.0</fprob>
        </actor>
        <actor name="D0N31">
            <wcet number="0">10</wcet>
            <wcet number="1">10</wcet>
            <maxpow number="0.7644955470657137"/>
            <maxpow number="0.7644955470657137"/>
            <fprob>0.0</fprob>
        </actor>
        <actor name="D0N42">
            <wcet number="0">10</wcet>
            <wcet number="1">10</wcet>
            <maxpow number="0.6522609875799686"/>
            <maxpow number="0.6522609875799686"/>
            <fprob>0.0</fprob>
        </actor>
        <actor name="D0N9">
            <wcet number="0">80</wcet>
            <wcet number="1">120</wcet>
            <maxpow number="0.6882901077689665"/>
            <maxpow number="0.6882901077689665"/>
            <fprob>0.0</fprob>
        </actor>
        <actor name="D0N11">
            <wcet number="0">10</wcet>
            <wcet number="1">10</wcet>
            <maxpow number="0.6466581174458131"/>
            <maxpow number="0.6466581174458131"/>
            <fprob>0.0</fprob>
        </actor>
        <actor name="D0N24">
            <wcet number="0">10</wcet>
            <wcet number="1">50</wcet>
            <maxpow number="0.5365670527956679"/>
            <maxpow number="0.5365670527956679"/>
            <fprob>0.0</fprob>
        </actor>
        <actor name="D0N18">
            <wcet number="0">20</wcet>
            <wcet number="1">40</wcet>
            <maxpow number="0.6763065424029477"/>
            <maxpow number="0.6763065424029477"/>
            <fprob>0.0</fprob>
        </actor>
        <actor name="D0N35">
            <wcet number="0">20</wcet>
            <wcet number="1">30</wcet>
            <maxpow number="0.34267103271364874"/>
            <maxpow number="0.34267103271364874"/>
            <fprob>0.0</fprob>
        </actor>
        <actor name="D0N8">
            <wcet number="0">50</wcet>
            <wcet number="1">100</wcet>
            <maxpow number="0.5515117411673909"/>
            <maxpow number="0.5515117411673909"/>
            <fprob>0.0</fprob>
        </actor>
        <actor name="D0N14">
            <wcet number="0">20</wcet>
            <wcet number="1">20</wcet>
            <maxpow number="0.464310686666911"/>
            <maxpow number="0.464310686666911"/>
            <fprob>0.0</fprob>
        </actor>
        <actor name="D0N10">
            <wcet number="0">20</wcet>
            <wcet number="1">40</wcet>
            <maxpow number="0.7238457505572535"/>
            <maxpow number="0.7238457505572535"/>
            <fprob>0.0</fprob>
        </actor>
        <actor name="D0N13">
            <wcet number="0">10</wcet>
            <wcet number="1">10</wcet>
            <maxpow number="0.28558619267373536"/>
            <maxpow number="0.28558619267373536"/>
            <fprob>0.0</fprob>
        </actor>
        <actor name="D0N15">
            <wcet number="0">140</wcet>
            <wcet number="1">170</wcet>
            <maxpow number="1.0273524265561949"/>
            <maxpow number="1.0273524265561949"/>
            <fprob>0.0</fprob>
        </actor>
        <actor name="D0N19">
            <wcet number="0">30</wcet>
            <wcet number="1">40</wcet>
            <maxpow number="0.8271373273168886"/>
            <maxpow number="0.8271373273168886"/>
            <fprob>0.0</fprob>
        </actor>
        <actor name="D0N25">
            <wcet number="0">30</wcet>
            <wcet number="1">40</wcet>
            <maxpow number="0.563630950369776"/>
            <maxpow number="0.563630950369776"/>
            <fprob>0.0</fprob>
        </actor>
        <actor name="D0N26">
            <wcet number="0">40</wcet>
            <wcet number="1">40</wcet>
            <maxpow number="0.5255245488709593"/>
            <maxpow number="0.5255245488709593"/>
            <fprob>0.0</fprob>
        </actor>
        <actor name="D0N39">
            <wcet number="0">10</wcet>
            <wcet number="1">30</wcet>
            <maxpow number="0.6440015295300288"/>
            <maxpow number="0.6440015295300288"/>
            <fprob>0.0</fprob>
        </actor>
        <actor name="D0N41">
            <wcet number="0">10</wcet>
            <wcet number="1">10</wcet>
            <maxpow number="0.3441525444725558"/>
            <maxpow number="0.3441525444725558"/>
            <fprob>0.0</fprob>
        </actor>
        <actor name="D0N40">
            <wcet number="0">10</wcet>
            <wcet number="1">80</wcet>
            <maxpow number="0.6065613708549876"/>
            <maxpow number="0.6065613708549876"/>
            <fprob>0.0</fprob>
        </actor>
        <actor name="D0N22">
            <wcet number="0">110</wcet>
            <wcet number="1">120</wcet>
            <maxpow number="0.5828562750654507"/>
            <maxpow number="0.5828562750654507"/>
            <fprob>0.0</fprob>
        </actor>
        <actor name="D0N43">
            <wcet number="0">20</wcet>
            <wcet number="1">20</wcet>
            <maxpow number="0.3224897792580174"/>
            <maxpow number="0.3224897792580174"/>
            <fprob>0.0</fprob>
        </actor>
        <actor name="D0N17">
            <wcet number="0">70</wcet>
            <wcet number="1">80</wcet>
            <maxpow number="1.0094077960229488"/>
            <maxpow number="1.0094077960229488"/>
            <fprob>0.0</fprob>
        </actor>
        <actor name="D0N37">
            <wcet number="0">20</wcet>
            <wcet number="1">50</wcet>
            <maxpow number="0.6952980259115058"/>
            <maxpow number="0.6952980259115058"/>
            <fprob>0.0</fprob>
        </actor>
        <actor name="D0N16">
            <wcet number="0">70</wcet>
            <wcet number="1">70</wcet>
            <maxpow number="0.9655665042557862"/>
            <maxpow number="0.9655665042557862"/>
            <fprob>0.0</fprob>
        </actor>
        <actor name="D0N45">
            <wcet number="0">60</wcet>
            <wcet number="1">70</wcet>
            <maxpow number="0.39404562501712886"/>
            <maxpow number="0.39404562501712886"/>
            <fprob>0.0</fprob>
        </actor>
        <actor name="D0N2">
            <wcet number="0">20</wcet>
            <wcet number="1">70</wcet>
            <maxpow number="0.5364486455603286"/>
            <maxpow number="0.5364486455603286"/>
            <fprob>0.0</fprob>
        </actor>
        <actor name="D0N1">
            <wcet number="0">10</wcet>
            <wcet number="1">10</wcet>
            <maxpow number="0.4521633703001928"/>
            <maxpow number="0.4521633703001928"/>
            <fprob>0.0</fprob>
        </actor>
        <actor name="D0N3">
            <wcet number="0">20</wcet>
            <wcet number="1">20</wcet>
            <maxpow number="0.5700167638047242"/>
            <maxpow number="0.5700167638047242"/>
            <fprob>0.0</fprob>
        </actor>
        <actor name="D0N23">
            <wcet number="0">20</wcet>
            <wcet number="1">30</wcet>
            <maxpow number="0.6436140214592799"/>
            <maxpow number="0.6436140214592799"/>
            <fprob>0.0</fprob>
        </actor>
        <ports>
            <port dstActor="D0N38" name="p0" srcActor="D0N29"/>
            <port dstActor="D0N16" name="p1" srcActor="D0N4"/>
            <port dstActor="D0N23" name="p2" srcActor="D0N4"/>
            <port dstActor="D0N9" name="p3" srcActor="D0N4"/>
            <port dstActor="D0N21" name="p4" srcActor="D0N6"/>
            <port dstActor="D0N17" name="p5" srcActor="D0N6"/>
            <port dstActor="D0N19" name="p6" srcActor="D0N6"/>
            <port dstActor="D0N8" name="p7" srcActor="D0N7"/>
            <port dstActor="D0N38" name="p8" srcActor="D0N7"/>
            <port dstActor="D0N37" name="p9" srcActor="D0N7"/>
            <port dstActor="D0N23" name="p10" srcActor="D0N7"/>
            <port dstActor="D0N35" name="p11" srcActor="D0N7"/>
            <port dstActor="D0N12" name="p12" srcActor="D0N7"/>
            <port dstActor="D0N13" name="p13" srcActor="D0N7"/>
            <port dstActor="D0N9" name="p14" srcActor="D0N7"/>
            <port dstActor="D0N39" name="p15" srcActor="D0N7"/>
            <port dstActor="D0N29" name="p16" srcActor="D0N12"/>
            <port dstActor="D0N41" name="p17" srcActor="D0N5"/>
            <port dstActor="D0N12" name="p18" srcActor="D0N5"/>
            <port dstActor="D0N28" name="p19" srcActor="D0N5"/>
            <port dstActor="D0N22" name="p20" srcActor="D0N5"/>
            <port dstActor="D0N30" name="p21" srcActor="D0N27"/>
            <port dstActor="D0N34" name="p22" srcActor="D0N27"/>
            <port dstActor="D0N46" name="p23" srcActor="D0N28"/>
            <port dstActor="D0N2" name="p24" srcActor="D0N0"/>
            <port dstActor="D0N16" name="p25" srcActor="D0N0"/>
            <port dstActor="D0N4" name="p26" srcActor="D0N0"/>
            <port dstActor="D0N23" name="p27" srcActor="D0N0"/>
            <port dstActor="D0N38" name="p28" srcActor="D0N36"/>
            <port dstActor="D0N42" name="p29" srcActor="D0N36"/>
            <port dstActor="D0N21" name="p30" srcActor="D0N20"/>
            <port dstActor="D0N45" name="p31" srcActor="D0N32"/>
            <port dstActor="D0N24" name="p32" srcActor="D0N21"/>
            <port dstActor="D0N29" name="p33" srcActor="D0N21"/>
            <port dstActor="D0N38" name="p34" srcActor="D0N30"/>
            <port dstActor="D0N39" name="p35" srcActor="D0N30"/>
            <port dstActor="D0N35" name="p36" srcActor="D0N31"/>
            <port dstActor="D0N43" name="p37" srcActor="D0N9"/>
            <port dstActor="D0N44" name="p38" srcActor="D0N9"/>
            <port dstActor="D0N14" name="p39" srcActor="D0N9"/>
            <port dstActor="D0N36" name="p40" srcActor="D0N9"/>
            <port dstActor="D0N21" name="p41" srcActor="D0N11"/>
            <port dstActor="D0N27" name="p42" srcActor="D0N24"/>
            <port dstActor="D0N34" name="p43" srcActor="D0N18"/>
            <port dstActor="D0N45" name="p44" srcActor="D0N35"/>
            <port dstActor="D0N36" name="p45" srcActor="D0N35"/>
            <port dstActor="D0N33" name="p46" srcActor="D0N8"/>
            <port dstActor="D0N34" name="p47" srcActor="D0N8"/>
            <port dstActor="D0N22" name="p48" srcActor="D0N14"/>
            <port dstActor="D0N39" name="p49" srcActor="D0N14"/>
            <port dstActor="D0N42" name="p50" srcActor="D0N14"/>
            <port dstActor="D0N39" name="p51" srcActor="D0N10"/>
            <port dstActor="D0N42" name="p52" srcActor="D0N10"/>
            <port dstActor="D0N19" name="p53" srcActor="D0N10"/>
            <port dstActor="D0N33" name="p54" srcActor="D0N10"/>
            <port dstActor="D0N41" name="p55" srcActor="D0N13"/>
            <port dstActor="D0N43" name="p56" srcActor="D0N15"/>
            <port dstActor="D0N41" name="p57" srcActor="D0N15"/>
            <port dstActor="D0N32" name="p58" srcActor="D0N19"/>
            <port dstActor="D0N41" name="p59" srcActor="D0N19"/>
            <port dstActor="D0N30" name="p60" srcActor="D0N19"/>
            <port dstActor="D0N30" name="p61" srcActor="D0N25"/>
            <port dstActor="D0N39" name="p62" srcActor="D0N25"/>
            <port dstActor="D0N31" name="p63" srcActor="D0N26"/>
            <port dstActor="D0N36" name="p64" srcActor="D0N26"/>
            <port dstActor="D0N45" name="p65" srcActor="D0N22"/>
            <port dstActor="D0N39" name="p66" srcActor="D0N22"/>
            <port dstActor="D0N40" name="p67" srcActor="D0N22"/>
            <port dstActor="D0N44" name="p68" srcActor="D0N22"/>
            <port dstActor="D0N44" name="p69" srcActor="D0N43"/>
            <port dstActor="D0N46" name="p70" srcActor="D0N43"/>
            <port dstActor="D0N28" name="p71" srcActor="D0N17"/>
            <port dstActor="D0N18" name="p72" srcActor="D0N17"/>
            <port dstActor="D0N38" name="p73" srcActor="D0N17"/>
            <port dstActor="D0N44" name="p74" srcActor="D0N17"/>
            <port dstActor="D0N29" name="p75" srcActor="D0N17"/>
            <port dstActor="D0N41" name="p76" srcActor="D0N17"/>
            <port dstActor="D0N42" name="p77" srcActor="D0N37"/>
            <port dstActor="D0N38" name="p78" srcActor="D0N16"/>
            <port dstActor="D0N32" name="p79" srcActor="D0N2"/>
            <port dstActor="D0N6" name="p80" srcActor="D0N1"/>
            <port dstActor="D0N10" name="p81" srcActor="D0N1"/>
            <port dstActor="D0N43" name="p82" srcActor="D0N1"/>
            <port dstActor="D0N22" name="p83" srcActor="D0N1"/>
            <port dstActor="D0N32" name="p84" srcActor="D0N1"/>
            <port dstActor="D0N28" name="p85" srcActor="D0N1"/>
            <port dstActor="D0N10" name="p86" srcActor="D0N3"/>
            <port dstActor="D0N39" name="p87" srcActor="D0N3"/>
            <port dstActor="D0N36" name="p88" srcActor="D0N3"/>
            <port dstActor="D0N17" name="p89" srcActor="D0N3"/>
            <port dstActor="D0N22" name="p90" srcActor="D0N3"/>
            <port dstActor="D0N41" name="p91" srcActor="D0N23"/>
            <port dstActor="D0N31" name="p92" srcActor="D0N23"/>
            <port dstActor="D0N46" name="p93" srcActor="D0N23"/>
        </ports>
    </mcdag>
    <cores number="3"/>
    <levels number="2"/>
</mcsystem>
