<?xml version="1.0" encoding="UTF-8" standalone="no"?>
<mcsystem>
    <mcdag deadline="1800" name="genned-0-ed-10.0-0">
        <actor name="D0N9">
            <wcet number="0">10</wcet>
            <wcet number="1">20</wcet>
            <maxpow number="0.383304704790393"/>
            <maxpow number="0.383304704790393"/>
            <fprob>0.0</fprob>
        </actor>
        <actor name="D0N34">
            <wcet number="0">30</wcet>
            <wcet number="1">30</wcet>
            <maxpow number="0.6378311418020581"/>
            <maxpow number="0.6378311418020581"/>
            <fprob>0.0</fprob>
        </actor>
        <actor name="D0N35">
            <wcet number="0">70</wcet>
            <wcet number="1">70</wcet>
            <maxpow number="0.5669925382421801"/>
            <maxpow number="0.5669925382421801"/>
            <fprob>0.0</fprob>
        </actor>
        <actor name="D0N39">
            <wcet number="0">100</wcet>
            <wcet number="1">170</wcet>
            <maxpow number="0.386775216056669"/>
            <maxpow number="0.386775216056669"/>
            <fprob>0.0</fprob>
        </actor>
        <actor name="D0N44">
            <wcet number="0">90</wcet>
            <wcet number="1">130</wcet>
            <maxpow number="0.28150981989763696"/>
            <maxpow number="0.28150981989763696"/>
            <fprob>0.0</fprob>
        </actor>
        <actor name="D0N42">
            <wcet number="0">10</wcet>
            <wcet number="1">10</wcet>
            <maxpow number="0.37202321832342117"/>
            <maxpow number="0.37202321832342117"/>
            <fprob>0.0</fprob>
        </actor>
        <actor name="D0N41">
            <wcet number="0">80</wcet>
            <wcet number="1">380</wcet>
            <maxpow number="0.7393349385880297"/>
            <maxpow number="0.7393349385880297"/>
            <fprob>0.0</fprob>
        </actor>
        <actor name="D0N14">
            <wcet number="0">100</wcet>
            <wcet number="1">170</wcet>
            <maxpow number="0.47387851277198056"/>
            <maxpow number="0.47387851277198056"/>
            <fprob>0.0</fprob>
        </actor>
        <actor name="D0N10">
            <wcet number="0">10</wcet>
            <wcet number="1">60</wcet>
            <maxpow number="0.3624789829347148"/>
            <maxpow number="0.3624789829347148"/>
            <fprob>0.0</fprob>
        </actor>
        <actor name="D0N18">
            <wcet number="0">10</wcet>
            <wcet number="1">10</wcet>
            <maxpow number="0.5643185868914314"/>
            <maxpow number="0.5643185868914314"/>
            <fprob>0.0</fprob>
        </actor>
        <actor name="D0N12">
            <wcet number="0">40</wcet>
            <wcet number="1">80</wcet>
            <maxpow number="0.68703504170177"/>
            <maxpow number="0.68703504170177"/>
            <fprob>0.0</fprob>
        </actor>
        <actor name="D0N36">
            <wcet number="0">40</wcet>
            <wcet number="1">60</wcet>
            <maxpow number="0.7521415037222214"/>
            <maxpow number="0.7521415037222214"/>
            <fprob>0.0</fprob>
        </actor>
        <actor name="D0N29">
            <wcet number="0">20</wcet>
            <wcet number="1">40</wcet>
            <maxpow number="0.6449285051368056"/>
            <maxpow number="0.6449285051368056"/>
            <fprob>0.0</fprob>
        </actor>
        <actor name="D0N4">
            <wcet number="0">10</wcet>
            <wcet number="1">60</wcet>
            <maxpow number="0.57800974479636"/>
            <maxpow number="0.57800974479636"/>
            <fprob>0.0</fprob>
        </actor>
        <actor name="D0N30">
            <wcet number="0">170</wcet>
            <wcet number="1">240</wcet>
            <maxpow number="0.45866746231940386"/>
            <maxpow number="0.45866746231940386"/>
            <fprob>0.0</fprob>
        </actor>
        <actor name="D0N31">
            <wcet number="0">70</wcet>
            <wcet number="1">130</wcet>
            <maxpow number="0.35252497557586104"/>
            <maxpow number="0.35252497557586104"/>
            <fprob>0.0</fprob>
        </actor>
        <actor name="D0N17">
            <wcet number="0">40</wcet>
            <wcet number="1">80</wcet>
            <maxpow number="0.3839887236594407"/>
            <maxpow number="0.3839887236594407"/>
            <fprob>0.0</fprob>
        </actor>
        <actor name="D0N48">
            <wcet number="0">200</wcet>
            <wcet number="1">250</wcet>
            <maxpow number="0.5522349787275351"/>
            <maxpow number="0.5522349787275351"/>
            <fprob>0.0</fprob>
        </actor>
        <actor name="D0N7">
            <wcet number="0">70</wcet>
            <wcet number="1">80</wcet>
            <maxpow number="0.7439940904371883"/>
            <maxpow number="0.7439940904371883"/>
            <fprob>0.0</fprob>
        </actor>
        <actor name="D0N27">
            <wcet number="0">10</wcet>
            <wcet number="1">10</wcet>
            <maxpow number="0.7052875612250971"/>
            <maxpow number="0.7052875612250971"/>
            <fprob>0.0</fprob>
        </actor>
        <actor name="D0N20">
            <wcet number="0">20</wcet>
            <wcet number="1">20</wcet>
            <maxpow number="0.41989482417242086"/>
            <maxpow number="0.41989482417242086"/>
            <fprob>0.0</fprob>
        </actor>
        <actor name="D0N16">
            <wcet number="0">10</wcet>
            <wcet number="1">70</wcet>
            <maxpow number="0.6836657764398207"/>
            <maxpow number="0.6836657764398207"/>
            <fprob>0.0</fprob>
        </actor>
        <actor name="D0N33">
            <wcet number="0">50</wcet>
            <wcet number="1">190</wcet>
            <maxpow number="0.43078175465727603"/>
            <maxpow number="0.43078175465727603"/>
            <fprob>0.0</fprob>
        </actor>
        <actor name="D0N25">
            <wcet number="0">10</wcet>
            <wcet number="1">10</wcet>
            <maxpow number="0.5451753847480044"/>
            <maxpow number="0.5451753847480044"/>
            <fprob>0.0</fprob>
        </actor>
        <actor name="D0N40">
            <wcet number="0">40</wcet>
            <wcet number="1">50</wcet>
            <maxpow number="0.8838752915264289"/>
            <maxpow number="0.8838752915264289"/>
            <fprob>0.0</fprob>
        </actor>
        <actor name="D0N0">
            <wcet number="0">10</wcet>
            <wcet number="1">10</wcet>
            <maxpow number="0.6519755561198576"/>
            <maxpow number="0.6519755561198576"/>
            <fprob>0.0</fprob>
        </actor>
        <actor name="D0N22">
            <wcet number="0">40</wcet>
            <wcet number="1">40</wcet>
            <maxpow number="0.24687388821484374"/>
            <maxpow number="0.24687388821484374"/>
            <fprob>0.0</fprob>
        </actor>
        <actor name="D0N26">
            <wcet number="0">20</wcet>
            <wcet number="1">20</wcet>
            <maxpow number="0.4656480720252557"/>
            <maxpow number="0.4656480720252557"/>
            <fprob>0.0</fprob>
        </actor>
        <actor name="D0N2">
            <wcet number="0">60</wcet>
            <wcet number="1">80</wcet>
            <maxpow number="0.3675445425663465"/>
            <maxpow number="0.3675445425663465"/>
            <fprob>0.0</fprob>
        </actor>
        <actor name="D0N38">
            <wcet number="0">100</wcet>
            <wcet number="1">170</wcet>
            <maxpow number="0.6264011499489018"/>
            <maxpow number="0.6264011499489018"/>
            <fprob>0.0</fprob>
        </actor>
        <actor name="D0N6">
            <wcet number="0">20</wcet>
            <wcet number="1">20</wcet>
            <maxpow number="0.5247964874998867"/>
            <maxpow number="0.5247964874998867"/>
            <fprob>0.0</fprob>
        </actor>
        <actor name="D0N1">
            <wcet number="0">10</wcet>
            <wcet number="1">10</wcet>
            <maxpow number="0.5436109926786199"/>
            <maxpow number="0.5436109926786199"/>
            <fprob>0.0</fprob>
        </actor>
        <actor name="D0N3">
            <wcet number="0">10</wcet>
            <wcet number="1">10</wcet>
            <maxpow number="0.2533084366701198"/>
            <maxpow number="0.2533084366701198"/>
            <fprob>0.0</fprob>
        </actor>
        <actor name="D0N24">
            <wcet number="0">140</wcet>
            <wcet number="1">170</wcet>
            <maxpow number="0.7191900278788378"/>
            <maxpow number="0.7191900278788378"/>
            <fprob>0.0</fprob>
        </actor>
        <actor name="D0N45">
            <wcet number="0">80</wcet>
            <wcet number="1">100</wcet>
            <maxpow number="0.36069996540259675"/>
            <maxpow number="0.36069996540259675"/>
            <fprob>0.0</fprob>
        </actor>
        <actor name="D0N47">
            <wcet number="0">50</wcet>
            <wcet number="1">140</wcet>
            <maxpow number="0.4998129276939238"/>
            <maxpow number="0.4998129276939238"/>
            <fprob>0.0</fprob>
        </actor>
        <actor name="D0N8">
            <wcet number="0">30</wcet>
            <wcet number="1">30</wcet>
            <maxpow number="0.627579227074008"/>
            <maxpow number="0.627579227074008"/>
            <fprob>0.0</fprob>
        </actor>
        <actor name="D0N32">
            <wcet number="0">10</wcet>
            <wcet number="1">40</wcet>
            <maxpow number="0.6073531200636374"/>
            <maxpow number="0.6073531200636374"/>
            <fprob>0.0</fprob>
        </actor>
        <actor name="D0N23">
            <wcet number="0">20</wcet>
            <wcet number="1">110</wcet>
            <maxpow number="0.47539327795574826"/>
            <maxpow number="0.47539327795574826"/>
            <fprob>0.0</fprob>
        </actor>
        <actor name="D0N5">
            <wcet number="0">20</wcet>
            <wcet number="1">20</wcet>
            <maxpow number="0.34613093389258764"/>
            <maxpow number="0.34613093389258764"/>
            <fprob>0.0</fprob>
        </actor>
        <actor name="D0N28">
            <wcet number="0">30</wcet>
            <wcet number="1">30</wcet>
            <maxpow number="0.35047073070464274"/>
            <maxpow number="0.35047073070464274"/>
            <fprob>0.0</fprob>
        </actor>
        <actor name="D0N15">
            <wcet number="0">300</wcet>
            <wcet number="1">320</wcet>
            <maxpow number="0.6933057277803819"/>
            <maxpow number="0.6933057277803819"/>
            <fprob>0.0</fprob>
        </actor>
        <actor name="D0N46">
            <wcet number="0">120</wcet>
            <wcet number="1">130</wcet>
            <maxpow number="0.6735081762555912"/>
            <maxpow number="0.6735081762555912"/>
            <fprob>0.0</fprob>
        </actor>
        <actor name="D0N13">
            <wcet number="0">20</wcet>
            <wcet number="1">150</wcet>
            <maxpow number="0.34372706671919995"/>
            <maxpow number="0.34372706671919995"/>
            <fprob>0.0</fprob>
        </actor>
        <actor name="D0N11">
            <wcet number="0">70</wcet>
            <wcet number="1">80</wcet>
            <maxpow number="0.5184926036253454"/>
            <maxpow number="0.5184926036253454"/>
            <fprob>0.0</fprob>
        </actor>
        <actor name="D0N19">
            <wcet number="0">40</wcet>
            <wcet number="1">150</wcet>
            <maxpow number="0.7851470124490182"/>
            <maxpow number="0.7851470124490182"/>
            <fprob>0.0</fprob>
        </actor>
        <actor name="D0N43">
            <wcet number="0">30</wcet>
            <wcet number="1">70</wcet>
            <maxpow number="0.46727301106247854"/>
            <maxpow number="0.46727301106247854"/>
            <fprob>0.0</fprob>
        </actor>
        <actor name="D0N37">
            <wcet number="0">30</wcet>
            <wcet number="1">50</wcet>
            <maxpow number="0.23061997097238313"/>
            <maxpow number="0.23061997097238313"/>
            <fprob>0.0</fprob>
        </actor>
        <actor name="D0N21">
            <wcet number="0">70</wcet>
            <wcet number="1">130</wcet>
            <maxpow number="0.6712632017911413"/>
            <maxpow number="0.6712632017911413"/>
            <fprob>0.0</fprob>
        </actor>
        <ports>
            <port dstActor="D0N15" name="p0" srcActor="D0N9"/>
            <port dstActor="D0N43" name="p1" srcActor="D0N9"/>
            <port dstActor="D0N48" name="p2" srcActor="D0N34"/>
            <port dstActor="D0N38" name="p3" srcActor="D0N35"/>
            <port dstActor="D0N46" name="p4" srcActor="D0N39"/>
            <port dstActor="D0N41" name="p5" srcActor="D0N39"/>
            <port dstActor="D0N48" name="p6" srcActor="D0N44"/>
            <port dstActor="D0N47" name="p7" srcActor="D0N41"/>
            <port dstActor="D0N43" name="p8" srcActor="D0N41"/>
            <port dstActor="D0N23" name="p9" srcActor="D0N14"/>
            <port dstActor="D0N33" name="p10" srcActor="D0N14"/>
            <port dstActor="D0N44" name="p11" srcActor="D0N14"/>
            <port dstActor="D0N24" name="p12" srcActor="D0N14"/>
            <port dstActor="D0N36" name="p13" srcActor="D0N14"/>
            <port dstActor="D0N39" name="p14" srcActor="D0N14"/>
            <port dstActor="D0N21" name="p15" srcActor="D0N10"/>
            <port dstActor="D0N20" name="p16" srcActor="D0N10"/>
            <port dstActor="D0N28" name="p17" srcActor="D0N18"/>
            <port dstActor="D0N32" name="p18" srcActor="D0N18"/>
            <port dstActor="D0N42" name="p19" srcActor="D0N18"/>
            <port dstActor="D0N25" name="p20" srcActor="D0N12"/>
            <port dstActor="D0N30" name="p21" srcActor="D0N12"/>
            <port dstActor="D0N43" name="p22" srcActor="D0N36"/>
            <port dstActor="D0N31" name="p23" srcActor="D0N29"/>
            <port dstActor="D0N30" name="p24" srcActor="D0N29"/>
            <port dstActor="D0N35" name="p25" srcActor="D0N29"/>
            <port dstActor="D0N32" name="p26" srcActor="D0N29"/>
            <port dstActor="D0N36" name="p27" srcActor="D0N29"/>
            <port dstActor="D0N21" name="p28" srcActor="D0N4"/>
            <port dstActor="D0N42" name="p29" srcActor="D0N4"/>
            <port dstActor="D0N9" name="p30" srcActor="D0N4"/>
            <port dstActor="D0N39" name="p31" srcActor="D0N4"/>
            <port dstActor="D0N30" name="p32" srcActor="D0N17"/>
            <port dstActor="D0N45" name="p33" srcActor="D0N17"/>
            <port dstActor="D0N32" name="p34" srcActor="D0N7"/>
            <port dstActor="D0N31" name="p35" srcActor="D0N7"/>
            <port dstActor="D0N46" name="p36" srcActor="D0N27"/>
            <port dstActor="D0N31" name="p37" srcActor="D0N27"/>
            <port dstActor="D0N39" name="p38" srcActor="D0N20"/>
            <port dstActor="D0N40" name="p39" srcActor="D0N20"/>
            <port dstActor="D0N25" name="p40" srcActor="D0N20"/>
            <port dstActor="D0N38" name="p41" srcActor="D0N20"/>
            <port dstActor="D0N44" name="p42" srcActor="D0N16"/>
            <port dstActor="D0N35" name="p43" srcActor="D0N16"/>
            <port dstActor="D0N21" name="p44" srcActor="D0N16"/>
            <port dstActor="D0N22" name="p45" srcActor="D0N16"/>
            <port dstActor="D0N34" name="p46" srcActor="D0N33"/>
            <port dstActor="D0N31" name="p47" srcActor="D0N25"/>
            <port dstActor="D0N48" name="p48" srcActor="D0N25"/>
            <port dstActor="D0N43" name="p49" srcActor="D0N25"/>
            <port dstActor="D0N29" name="p50" srcActor="D0N26"/>
            <port dstActor="D0N32" name="p51" srcActor="D0N26"/>
            <port dstActor="D0N42" name="p52" srcActor="D0N26"/>
            <port dstActor="D0N40" name="p53" srcActor="D0N2"/>
            <port dstActor="D0N7" name="p54" srcActor="D0N2"/>
            <port dstActor="D0N14" name="p55" srcActor="D0N2"/>
            <port dstActor="D0N27" name="p56" srcActor="D0N2"/>
            <port dstActor="D0N35" name="p57" srcActor="D0N2"/>
            <port dstActor="D0N43" name="p58" srcActor="D0N38"/>
            <port dstActor="D0N20" name="p59" srcActor="D0N6"/>
            <port dstActor="D0N22" name="p60" srcActor="D0N6"/>
            <port dstActor="D0N11" name="p61" srcActor="D0N6"/>
            <port dstActor="D0N37" name="p62" srcActor="D0N6"/>
            <port dstActor="D0N25" name="p63" srcActor="D0N6"/>
            <port dstActor="D0N34" name="p64" srcActor="D0N6"/>
            <port dstActor="D0N12" name="p65" srcActor="D0N6"/>
            <port dstActor="D0N28" name="p66" srcActor="D0N1"/>
            <port dstActor="D0N33" name="p67" srcActor="D0N1"/>
            <port dstActor="D0N16" name="p68" srcActor="D0N1"/>
            <port dstActor="D0N26" name="p69" srcActor="D0N1"/>
            <port dstActor="D0N29" name="p70" srcActor="D0N1"/>
            <port dstActor="D0N15" name="p71" srcActor="D0N1"/>
            <port dstActor="D0N10" name="p72" srcActor="D0N3"/>
            <port dstActor="D0N38" name="p73" srcActor="D0N3"/>
            <port dstActor="D0N36" name="p74" srcActor="D0N3"/>
            <port dstActor="D0N41" name="p75" srcActor="D0N3"/>
            <port dstActor="D0N34" name="p76" srcActor="D0N24"/>
            <port dstActor="D0N46" name="p77" srcActor="D0N24"/>
            <port dstActor="D0N25" name="p78" srcActor="D0N24"/>
            <port dstActor="D0N39" name="p79" srcActor="D0N24"/>
            <port dstActor="D0N47" name="p80" srcActor="D0N45"/>
            <port dstActor="D0N46" name="p81" srcActor="D0N45"/>
            <port dstActor="D0N26" name="p82" srcActor="D0N8"/>
            <port dstActor="D0N17" name="p83" srcActor="D0N8"/>
            <port dstActor="D0N40" name="p84" srcActor="D0N8"/>
            <port dstActor="D0N20" name="p85" srcActor="D0N8"/>
            <port dstActor="D0N42" name="p86" srcActor="D0N8"/>
            <port dstActor="D0N13" name="p87" srcActor="D0N8"/>
            <port dstActor="D0N33" name="p88" srcActor="D0N8"/>
            <port dstActor="D0N36" name="p89" srcActor="D0N32"/>
            <port dstActor="D0N37" name="p90" srcActor="D0N23"/>
            <port dstActor="D0N26" name="p91" srcActor="D0N23"/>
            <port dstActor="D0N45" name="p92" srcActor="D0N23"/>
            <port dstActor="D0N13" name="p93" srcActor="D0N5"/>
            <port dstActor="D0N23" name="p94" srcActor="D0N5"/>
            <port dstActor="D0N24" name="p95" srcActor="D0N5"/>
            <port dstActor="D0N37" name="p96" srcActor="D0N5"/>
            <port dstActor="D0N16" name="p97" srcActor="D0N5"/>
            <port dstActor="D0N45" name="p98" srcActor="D0N5"/>
            <port dstActor="D0N42" name="p99" srcActor="D0N28"/>
            <port dstActor="D0N25" name="p100" srcActor="D0N15"/>
            <port dstActor="D0N37" name="p101" srcActor="D0N15"/>
            <port dstActor="D0N43" name="p102" srcActor="D0N15"/>
            <port dstActor="D0N48" name="p103" srcActor="D0N46"/>
            <port dstActor="D0N47" name="p104" srcActor="D0N46"/>
            <port dstActor="D0N29" name="p105" srcActor="D0N13"/>
            <port dstActor="D0N27" name="p106" srcActor="D0N13"/>
            <port dstActor="D0N35" name="p107" srcActor="D0N11"/>
            <port dstActor="D0N16" name="p108" srcActor="D0N11"/>
            <port dstActor="D0N32" name="p109" srcActor="D0N11"/>
            <port dstActor="D0N47" name="p110" srcActor="D0N19"/>
            <port dstActor="D0N46" name="p111" srcActor="D0N37"/>
            <port dstActor="D0N22" name="p112" srcActor="D0N21"/>
        </ports>
    </mcdag>
    <cores number="3"/>
    <levels number="2"/>
</mcsystem>
