<?xml version="1.0" encoding="UTF-8" standalone="no"?>
<mcsystem>
    <mcdag deadline="1200" name="genned-0-ed-10.0-0">
        <actor name="D0N1">
            <wcet number="0">30</wcet>
            <wcet number="1">50</wcet>
            <maxpow number="0.8512199758429264"/>
            <maxpow number="0.8512199758429264"/>
            <fprob>0.0</fprob>
        </actor>
        <actor name="D0N9">
            <wcet number="0">40</wcet>
            <wcet number="1">80</wcet>
            <maxpow number="0.242247200342315"/>
            <maxpow number="0.242247200342315"/>
            <fprob>0.0</fprob>
        </actor>
        <actor name="D0N26">
            <wcet number="0">10</wcet>
            <wcet number="1">20</wcet>
            <maxpow number="0.4680532152682708"/>
            <maxpow number="0.4680532152682708"/>
            <fprob>0.0</fprob>
        </actor>
        <actor name="D0N17">
            <wcet number="0">30</wcet>
            <wcet number="1">30</wcet>
            <maxpow number="0.5228850262336788"/>
            <maxpow number="0.5228850262336788"/>
            <fprob>0.0</fprob>
        </actor>
        <actor name="D0N27">
            <wcet number="0">20</wcet>
            <wcet number="1">90</wcet>
            <maxpow number="0.6333430698652929"/>
            <maxpow number="0.6333430698652929"/>
            <fprob>0.0</fprob>
        </actor>
        <actor name="D0N31">
            <wcet number="0">10</wcet>
            <wcet number="1">10</wcet>
            <maxpow number="0.23254251983158924"/>
            <maxpow number="0.23254251983158924"/>
            <fprob>0.0</fprob>
        </actor>
        <actor name="D0N3">
            <wcet number="0">10</wcet>
            <wcet number="1">10</wcet>
            <maxpow number="0.808468321594417"/>
            <maxpow number="0.808468321594417"/>
            <fprob>0.0</fprob>
        </actor>
        <actor name="D0N29">
            <wcet number="0">20</wcet>
            <wcet number="1">40</wcet>
            <maxpow number="0.7146582561751114"/>
            <maxpow number="0.7146582561751114"/>
            <fprob>0.0</fprob>
        </actor>
        <actor name="D0N11">
            <wcet number="0">10</wcet>
            <wcet number="1">40</wcet>
            <maxpow number="0.3644239204404633"/>
            <maxpow number="0.3644239204404633"/>
            <fprob>0.0</fprob>
        </actor>
        <actor name="D0N33">
            <wcet number="0">240</wcet>
            <wcet number="1">260</wcet>
            <maxpow number="0.401855903761284"/>
            <maxpow number="0.401855903761284"/>
            <fprob>0.0</fprob>
        </actor>
        <actor name="D0N45">
            <wcet number="0">30</wcet>
            <wcet number="1">60</wcet>
            <maxpow number="0.5903053354987773"/>
            <maxpow number="0.5903053354987773"/>
            <fprob>0.0</fprob>
        </actor>
        <actor name="D0N24">
            <wcet number="0">10</wcet>
            <wcet number="1">30</wcet>
            <maxpow number="0.4773614864161106"/>
            <maxpow number="0.4773614864161106"/>
            <fprob>0.0</fprob>
        </actor>
        <actor name="D0N15">
            <wcet number="0">20</wcet>
            <wcet number="1">70</wcet>
            <maxpow number="1.0083597739139307"/>
            <maxpow number="1.0083597739139307"/>
            <fprob>0.0</fprob>
        </actor>
        <actor name="D0N35">
            <wcet number="0">10</wcet>
            <wcet number="1">60</wcet>
            <maxpow number="0.6935627948107317"/>
            <maxpow number="0.6935627948107317"/>
            <fprob>0.0</fprob>
        </actor>
        <actor name="D0N25">
            <wcet number="0">20</wcet>
            <wcet number="1">90</wcet>
            <maxpow number="0.5377438595496612"/>
            <maxpow number="0.5377438595496612"/>
            <fprob>0.0</fprob>
        </actor>
        <actor name="D0N16">
            <wcet number="0">20</wcet>
            <wcet number="1">50</wcet>
            <maxpow number="0.818999737863672"/>
            <maxpow number="0.818999737863672"/>
            <fprob>0.0</fprob>
        </actor>
        <actor name="D0N46">
            <wcet number="0">10</wcet>
            <wcet number="1">10</wcet>
            <maxpow number="0.6330448160882755"/>
            <maxpow number="0.6330448160882755"/>
            <fprob>0.0</fprob>
        </actor>
        <actor name="D0N21">
            <wcet number="0">50</wcet>
            <wcet number="1">50</wcet>
            <maxpow number="0.7848863598353464"/>
            <maxpow number="0.7848863598353464"/>
            <fprob>0.0</fprob>
        </actor>
        <actor name="D0N38">
            <wcet number="0">10</wcet>
            <wcet number="1">20</wcet>
            <maxpow number="0.4409509149814991"/>
            <maxpow number="0.4409509149814991"/>
            <fprob>0.0</fprob>
        </actor>
        <actor name="D0N20">
            <wcet number="0">30</wcet>
            <wcet number="1">60</wcet>
            <maxpow number="0.7491463130737064"/>
            <maxpow number="0.7491463130737064"/>
            <fprob>0.0</fprob>
        </actor>
        <actor name="D0N37">
            <wcet number="0">30</wcet>
            <wcet number="1">120</wcet>
            <maxpow number="0.5764458508396366"/>
            <maxpow number="0.5764458508396366"/>
            <fprob>0.0</fprob>
        </actor>
        <actor name="D0N39">
            <wcet number="0">10</wcet>
            <wcet number="1">20</wcet>
            <maxpow number="0.5278704906433972"/>
            <maxpow number="0.5278704906433972"/>
            <fprob>0.0</fprob>
        </actor>
        <actor name="D0N42">
            <wcet number="0">40</wcet>
            <wcet number="1">40</wcet>
            <maxpow number="0.6211973770042649"/>
            <maxpow number="0.6211973770042649"/>
            <fprob>0.0</fprob>
        </actor>
        <actor name="D0N34">
            <wcet number="0">70</wcet>
            <wcet number="1">120</wcet>
            <maxpow number="0.18618101644323581"/>
            <maxpow number="0.18618101644323581"/>
            <fprob>0.0</fprob>
        </actor>
        <actor name="D0N10">
            <wcet number="0">20</wcet>
            <wcet number="1">80</wcet>
            <maxpow number="0.2835946418368055"/>
            <maxpow number="0.2835946418368055"/>
            <fprob>0.0</fprob>
        </actor>
        <actor name="D0N32">
            <wcet number="0">20</wcet>
            <wcet number="1">30</wcet>
            <maxpow number="0.5883233552319876"/>
            <maxpow number="0.5883233552319876"/>
            <fprob>0.0</fprob>
        </actor>
        <actor name="D0N44">
            <wcet number="0">80</wcet>
            <wcet number="1">100</wcet>
            <maxpow number="0.6405527249536049"/>
            <maxpow number="0.6405527249536049"/>
            <fprob>0.0</fprob>
        </actor>
        <actor name="D0N18">
            <wcet number="0">140</wcet>
            <wcet number="1">220</wcet>
            <maxpow number="0.43761466908201363"/>
            <maxpow number="0.43761466908201363"/>
            <fprob>0.0</fprob>
        </actor>
        <actor name="D0N22">
            <wcet number="0">20</wcet>
            <wcet number="1">20</wcet>
            <maxpow number="0.6923631003347331"/>
            <maxpow number="0.6923631003347331"/>
            <fprob>0.0</fprob>
        </actor>
        <actor name="D0N28">
            <wcet number="0">50</wcet>
            <wcet number="1">50</wcet>
            <maxpow number="0.3114940877009218"/>
            <maxpow number="0.3114940877009218"/>
            <fprob>0.0</fprob>
        </actor>
        <actor name="D0N13">
            <wcet number="0">10</wcet>
            <wcet number="1">30</wcet>
            <maxpow number="0.6473466395461231"/>
            <maxpow number="0.6473466395461231"/>
            <fprob>0.0</fprob>
        </actor>
        <actor name="D0N41">
            <wcet number="0">10</wcet>
            <wcet number="1">10</wcet>
            <maxpow number="0.25540680267623667"/>
            <maxpow number="0.25540680267623667"/>
            <fprob>0.0</fprob>
        </actor>
        <actor name="D0N23">
            <wcet number="0">90</wcet>
            <wcet number="1">110</wcet>
            <maxpow number="0.801225010203882"/>
            <maxpow number="0.801225010203882"/>
            <fprob>0.0</fprob>
        </actor>
        <actor name="D0N6">
            <wcet number="0">10</wcet>
            <wcet number="1">10</wcet>
            <maxpow number="0.6158434285228888"/>
            <maxpow number="0.6158434285228888"/>
            <fprob>0.0</fprob>
        </actor>
        <actor name="D0N2">
            <wcet number="0">10</wcet>
            <wcet number="1">10</wcet>
            <maxpow number="0.658063586985455"/>
            <maxpow number="0.658063586985455"/>
            <fprob>0.0</fprob>
        </actor>
        <actor name="D0N5">
            <wcet number="0">20</wcet>
            <wcet number="1">20</wcet>
            <maxpow number="0.5257107487246948"/>
            <maxpow number="0.5257107487246948"/>
            <fprob>0.0</fprob>
        </actor>
        <actor name="D0N19">
            <wcet number="0">10</wcet>
            <wcet number="1">30</wcet>
            <maxpow number="0.40674691858109296"/>
            <maxpow number="0.40674691858109296"/>
            <fprob>0.0</fprob>
        </actor>
        <actor name="D0N30">
            <wcet number="0">30</wcet>
            <wcet number="1">40</wcet>
            <maxpow number="0.35771409938273324"/>
            <maxpow number="0.35771409938273324"/>
            <fprob>0.0</fprob>
        </actor>
        <actor name="D0N36">
            <wcet number="0">10</wcet>
            <wcet number="1">10</wcet>
            <maxpow number="0.7446818239098025"/>
            <maxpow number="0.7446818239098025"/>
            <fprob>0.0</fprob>
        </actor>
        <actor name="D0N0">
            <wcet number="0">50</wcet>
            <wcet number="1">60</wcet>
            <maxpow number="0.39570735772793986"/>
            <maxpow number="0.39570735772793986"/>
            <fprob>0.0</fprob>
        </actor>
        <actor name="D0N47">
            <wcet number="0">20</wcet>
            <wcet number="1">30</wcet>
            <maxpow number="0.5483391389896224"/>
            <maxpow number="0.5483391389896224"/>
            <fprob>0.0</fprob>
        </actor>
        <actor name="D0N14">
            <wcet number="0">10</wcet>
            <wcet number="1">110</wcet>
            <maxpow number="0.6925187306881974"/>
            <maxpow number="0.6925187306881974"/>
            <fprob>0.0</fprob>
        </actor>
        <actor name="D0N8">
            <wcet number="0">120</wcet>
            <wcet number="1">170</wcet>
            <maxpow number="0.4997436576565707"/>
            <maxpow number="0.4997436576565707"/>
            <fprob>0.0</fprob>
        </actor>
        <actor name="D0N7">
            <wcet number="0">10</wcet>
            <wcet number="1">70</wcet>
            <maxpow number="0.7901872666869814"/>
            <maxpow number="0.7901872666869814"/>
            <fprob>0.0</fprob>
        </actor>
        <actor name="D0N4">
            <wcet number="0">30</wcet>
            <wcet number="1">40</wcet>
            <maxpow number="0.7464160871530068"/>
            <maxpow number="0.7464160871530068"/>
            <fprob>0.0</fprob>
        </actor>
        <actor name="D0N12">
            <wcet number="0">40</wcet>
            <wcet number="1">50</wcet>
            <maxpow number="0.4546438648497163"/>
            <maxpow number="0.4546438648497163"/>
            <fprob>0.0</fprob>
        </actor>
        <actor name="D0N43">
            <wcet number="0">10</wcet>
            <wcet number="1">10</wcet>
            <maxpow number="0.39371591581865023"/>
            <maxpow number="0.39371591581865023"/>
            <fprob>0.0</fprob>
        </actor>
        <actor name="D0N40">
            <wcet number="0">10</wcet>
            <wcet number="1">20</wcet>
            <maxpow number="0.4844081812418471"/>
            <maxpow number="0.4844081812418471"/>
            <fprob>0.0</fprob>
        </actor>
        <ports>
            <port dstActor="D0N26" name="p0" srcActor="D0N1"/>
            <port dstActor="D0N44" name="p1" srcActor="D0N1"/>
            <port dstActor="D0N46" name="p2" srcActor="D0N1"/>
            <port dstActor="D0N43" name="p3" srcActor="D0N1"/>
            <port dstActor="D0N44" name="p4" srcActor="D0N9"/>
            <port dstActor="D0N45" name="p5" srcActor="D0N9"/>
            <port dstActor="D0N46" name="p6" srcActor="D0N9"/>
            <port dstActor="D0N32" name="p7" srcActor="D0N26"/>
            <port dstActor="D0N35" name="p8" srcActor="D0N26"/>
            <port dstActor="D0N29" name="p9" srcActor="D0N17"/>
            <port dstActor="D0N34" name="p10" srcActor="D0N17"/>
            <port dstActor="D0N34" name="p11" srcActor="D0N31"/>
            <port dstActor="D0N40" name="p12" srcActor="D0N31"/>
            <port dstActor="D0N39" name="p13" srcActor="D0N31"/>
            <port dstActor="D0N4" name="p14" srcActor="D0N3"/>
            <port dstActor="D0N26" name="p15" srcActor="D0N3"/>
            <port dstActor="D0N12" name="p16" srcActor="D0N3"/>
            <port dstActor="D0N37" name="p17" srcActor="D0N29"/>
            <port dstActor="D0N16" name="p18" srcActor="D0N11"/>
            <port dstActor="D0N26" name="p19" srcActor="D0N11"/>
            <port dstActor="D0N25" name="p20" srcActor="D0N11"/>
            <port dstActor="D0N35" name="p21" srcActor="D0N33"/>
            <port dstActor="D0N26" name="p22" srcActor="D0N24"/>
            <port dstActor="D0N45" name="p23" srcActor="D0N15"/>
            <port dstActor="D0N42" name="p24" srcActor="D0N15"/>
            <port dstActor="D0N36" name="p25" srcActor="D0N35"/>
            <port dstActor="D0N37" name="p26" srcActor="D0N35"/>
            <port dstActor="D0N38" name="p27" srcActor="D0N35"/>
            <port dstActor="D0N28" name="p28" srcActor="D0N25"/>
            <port dstActor="D0N40" name="p29" srcActor="D0N25"/>
            <port dstActor="D0N45" name="p30" srcActor="D0N25"/>
            <port dstActor="D0N47" name="p31" srcActor="D0N25"/>
            <port dstActor="D0N20" name="p32" srcActor="D0N16"/>
            <port dstActor="D0N44" name="p33" srcActor="D0N16"/>
            <port dstActor="D0N41" name="p34" srcActor="D0N16"/>
            <port dstActor="D0N28" name="p35" srcActor="D0N16"/>
            <port dstActor="D0N22" name="p36" srcActor="D0N21"/>
            <port dstActor="D0N41" name="p37" srcActor="D0N21"/>
            <port dstActor="D0N34" name="p38" srcActor="D0N21"/>
            <port dstActor="D0N39" name="p39" srcActor="D0N21"/>
            <port dstActor="D0N26" name="p40" srcActor="D0N21"/>
            <port dstActor="D0N39" name="p41" srcActor="D0N38"/>
            <port dstActor="D0N46" name="p42" srcActor="D0N38"/>
            <port dstActor="D0N35" name="p43" srcActor="D0N20"/>
            <port dstActor="D0N38" name="p44" srcActor="D0N20"/>
            <port dstActor="D0N32" name="p45" srcActor="D0N20"/>
            <port dstActor="D0N25" name="p46" srcActor="D0N20"/>
            <port dstActor="D0N28" name="p47" srcActor="D0N20"/>
            <port dstActor="D0N39" name="p48" srcActor="D0N37"/>
            <port dstActor="D0N43" name="p49" srcActor="D0N39"/>
            <port dstActor="D0N41" name="p50" srcActor="D0N34"/>
            <port dstActor="D0N46" name="p51" srcActor="D0N34"/>
            <port dstActor="D0N45" name="p52" srcActor="D0N34"/>
            <port dstActor="D0N36" name="p53" srcActor="D0N34"/>
            <port dstActor="D0N39" name="p54" srcActor="D0N10"/>
            <port dstActor="D0N11" name="p55" srcActor="D0N10"/>
            <port dstActor="D0N35" name="p56" srcActor="D0N10"/>
            <port dstActor="D0N45" name="p57" srcActor="D0N32"/>
            <port dstActor="D0N36" name="p58" srcActor="D0N32"/>
            <port dstActor="D0N47" name="p59" srcActor="D0N18"/>
            <port dstActor="D0N22" name="p60" srcActor="D0N18"/>
            <port dstActor="D0N32" name="p61" srcActor="D0N22"/>
            <port dstActor="D0N30" name="p62" srcActor="D0N28"/>
            <port dstActor="D0N40" name="p63" srcActor="D0N28"/>
            <port dstActor="D0N35" name="p64" srcActor="D0N28"/>
            <port dstActor="D0N19" name="p65" srcActor="D0N13"/>
            <port dstActor="D0N36" name="p66" srcActor="D0N13"/>
            <port dstActor="D0N25" name="p67" srcActor="D0N13"/>
            <port dstActor="D0N26" name="p68" srcActor="D0N23"/>
            <port dstActor="D0N44" name="p69" srcActor="D0N23"/>
            <port dstActor="D0N13" name="p70" srcActor="D0N6"/>
            <port dstActor="D0N15" name="p71" srcActor="D0N2"/>
            <port dstActor="D0N24" name="p72" srcActor="D0N2"/>
            <port dstActor="D0N4" name="p73" srcActor="D0N2"/>
            <port dstActor="D0N17" name="p74" srcActor="D0N2"/>
            <port dstActor="D0N21" name="p75" srcActor="D0N2"/>
            <port dstActor="D0N42" name="p76" srcActor="D0N2"/>
            <port dstActor="D0N39" name="p77" srcActor="D0N2"/>
            <port dstActor="D0N42" name="p78" srcActor="D0N5"/>
            <port dstActor="D0N19" name="p79" srcActor="D0N5"/>
            <port dstActor="D0N18" name="p80" srcActor="D0N5"/>
            <port dstActor="D0N33" name="p81" srcActor="D0N19"/>
            <port dstActor="D0N24" name="p82" srcActor="D0N19"/>
            <port dstActor="D0N39" name="p83" srcActor="D0N19"/>
            <port dstActor="D0N46" name="p84" srcActor="D0N30"/>
            <port dstActor="D0N34" name="p85" srcActor="D0N30"/>
            <port dstActor="D0N43" name="p86" srcActor="D0N30"/>
            <port dstActor="D0N35" name="p87" srcActor="D0N30"/>
            <port dstActor="D0N46" name="p88" srcActor="D0N36"/>
            <port dstActor="D0N11" name="p89" srcActor="D0N0"/>
            <port dstActor="D0N37" name="p90" srcActor="D0N0"/>
            <port dstActor="D0N44" name="p91" srcActor="D0N0"/>
            <port dstActor="D0N33" name="p92" srcActor="D0N0"/>
            <port dstActor="D0N36" name="p93" srcActor="D0N0"/>
            <port dstActor="D0N24" name="p94" srcActor="D0N0"/>
            <port dstActor="D0N37" name="p95" srcActor="D0N14"/>
            <port dstActor="D0N35" name="p96" srcActor="D0N14"/>
            <port dstActor="D0N27" name="p97" srcActor="D0N8"/>
            <port dstActor="D0N31" name="p98" srcActor="D0N8"/>
            <port dstActor="D0N37" name="p99" srcActor="D0N7"/>
            <port dstActor="D0N42" name="p100" srcActor="D0N7"/>
            <port dstActor="D0N33" name="p101" srcActor="D0N7"/>
            <port dstActor="D0N30" name="p102" srcActor="D0N4"/>
            <port dstActor="D0N39" name="p103" srcActor="D0N4"/>
            <port dstActor="D0N16" name="p104" srcActor="D0N4"/>
            <port dstActor="D0N41" name="p105" srcActor="D0N4"/>
            <port dstActor="D0N19" name="p106" srcActor="D0N12"/>
            <port dstActor="D0N43" name="p107" srcActor="D0N12"/>
            <port dstActor="D0N35" name="p108" srcActor="D0N12"/>
        </ports>
    </mcdag>
    <cores number="3"/>
    <levels number="2"/>
</mcsystem>
