<?xml version="1.0" encoding="UTF-8" standalone="no"?>
<mcsystem>
    <mcdag deadline="1800" name="genned-0-ed-10.0-0">
        <actor name="D0N13">
            <wcet number="0">130</wcet>
            <wcet number="1">140</wcet>
            <maxpow number="0.7494853561926235"/>
            <maxpow number="0.7494853561926235"/>
            <fprob>0.0</fprob>
        </actor>
        <actor name="D0N37">
            <wcet number="0">10</wcet>
            <wcet number="1">50</wcet>
            <maxpow number="0.7252086249575759"/>
            <maxpow number="0.7252086249575759"/>
            <fprob>0.0</fprob>
        </actor>
        <actor name="D0N20">
            <wcet number="0">80</wcet>
            <wcet number="1">100</wcet>
            <maxpow number="0.8970232550513924"/>
            <maxpow number="0.8970232550513924"/>
            <fprob>0.0</fprob>
        </actor>
        <actor name="D0N27">
            <wcet number="0">60</wcet>
            <wcet number="1">70</wcet>
            <maxpow number="0.6377479051265533"/>
            <maxpow number="0.6377479051265533"/>
            <fprob>0.0</fprob>
        </actor>
        <actor name="D0N5">
            <wcet number="0">140</wcet>
            <wcet number="1">230</wcet>
            <maxpow number="0.4929226162815574"/>
            <maxpow number="0.4929226162815574"/>
            <fprob>0.0</fprob>
        </actor>
        <actor name="D0N47">
            <wcet number="0">20</wcet>
            <wcet number="1">20</wcet>
            <maxpow number="0.419483154320498"/>
            <maxpow number="0.419483154320498"/>
            <fprob>0.0</fprob>
        </actor>
        <actor name="D0N21">
            <wcet number="0">20</wcet>
            <wcet number="1">210</wcet>
            <maxpow number="0.4604048515702166"/>
            <maxpow number="0.4604048515702166"/>
            <fprob>0.0</fprob>
        </actor>
        <actor name="D0N4">
            <wcet number="0">190</wcet>
            <wcet number="1">220</wcet>
            <maxpow number="0.5864284636032491"/>
            <maxpow number="0.5864284636032491"/>
            <fprob>0.0</fprob>
        </actor>
        <actor name="D0N8">
            <wcet number="0">10</wcet>
            <wcet number="1">90</wcet>
            <maxpow number="0.4321788425009909"/>
            <maxpow number="0.4321788425009909"/>
            <fprob>0.0</fprob>
        </actor>
        <actor name="D0N6">
            <wcet number="0">10</wcet>
            <wcet number="1">20</wcet>
            <maxpow number="0.615543292787222"/>
            <maxpow number="0.615543292787222"/>
            <fprob>0.0</fprob>
        </actor>
        <actor name="D0N26">
            <wcet number="0">50</wcet>
            <wcet number="1">140</wcet>
            <maxpow number="0.5196830148004151"/>
            <maxpow number="0.5196830148004151"/>
            <fprob>0.0</fprob>
        </actor>
        <actor name="D0N1">
            <wcet number="0">10</wcet>
            <wcet number="1">10</wcet>
            <maxpow number="0.4779624665941803"/>
            <maxpow number="0.4779624665941803"/>
            <fprob>0.0</fprob>
        </actor>
        <actor name="D0N12">
            <wcet number="0">120</wcet>
            <wcet number="1">130</wcet>
            <maxpow number="0.35451829486345393"/>
            <maxpow number="0.35451829486345393"/>
            <fprob>0.0</fprob>
        </actor>
        <actor name="D0N44">
            <wcet number="0">10</wcet>
            <wcet number="1">10</wcet>
            <maxpow number="0.5693939001668407"/>
            <maxpow number="0.5693939001668407"/>
            <fprob>0.0</fprob>
        </actor>
        <actor name="D0N28">
            <wcet number="0">60</wcet>
            <wcet number="1">90</wcet>
            <maxpow number="0.22451589246542158"/>
            <maxpow number="0.22451589246542158"/>
            <fprob>0.0</fprob>
        </actor>
        <actor name="D0N42">
            <wcet number="0">10</wcet>
            <wcet number="1">140</wcet>
            <maxpow number="0.7376585665386786"/>
            <maxpow number="0.7376585665386786"/>
            <fprob>0.0</fprob>
        </actor>
        <actor name="D0N3">
            <wcet number="0">50</wcet>
            <wcet number="1">110</wcet>
            <maxpow number="0.6246307611656563"/>
            <maxpow number="0.6246307611656563"/>
            <fprob>0.0</fprob>
        </actor>
        <actor name="D0N40">
            <wcet number="0">10</wcet>
            <wcet number="1">10</wcet>
            <maxpow number="0.63876304917446"/>
            <maxpow number="0.63876304917446"/>
            <fprob>0.0</fprob>
        </actor>
        <actor name="D0N15">
            <wcet number="0">110</wcet>
            <wcet number="1">140</wcet>
            <maxpow number="0.7928985113682101"/>
            <maxpow number="0.7928985113682101"/>
            <fprob>0.0</fprob>
        </actor>
        <actor name="D0N16">
            <wcet number="0">30</wcet>
            <wcet number="1">30</wcet>
            <maxpow number="0.7889788768929566"/>
            <maxpow number="0.7889788768929566"/>
            <fprob>0.0</fprob>
        </actor>
        <actor name="D0N23">
            <wcet number="0">10</wcet>
            <wcet number="1">270</wcet>
            <maxpow number="0.5547136033118807"/>
            <maxpow number="0.5547136033118807"/>
            <fprob>0.0</fprob>
        </actor>
        <actor name="D0N43">
            <wcet number="0">110</wcet>
            <wcet number="1">150</wcet>
            <maxpow number="0.6812612075902056"/>
            <maxpow number="0.6812612075902056"/>
            <fprob>0.0</fprob>
        </actor>
        <actor name="D0N22">
            <wcet number="0">30</wcet>
            <wcet number="1">40</wcet>
            <maxpow number="0.24129143787216123"/>
            <maxpow number="0.24129143787216123"/>
            <fprob>0.0</fprob>
        </actor>
        <actor name="D0N41">
            <wcet number="0">100</wcet>
            <wcet number="1">130</wcet>
            <maxpow number="0.47491554388392854"/>
            <maxpow number="0.47491554388392854"/>
            <fprob>0.0</fprob>
        </actor>
        <actor name="D0N48">
            <wcet number="0">30</wcet>
            <wcet number="1">40</wcet>
            <maxpow number="0.45441150633545213"/>
            <maxpow number="0.45441150633545213"/>
            <fprob>0.0</fprob>
        </actor>
        <actor name="D0N49">
            <wcet number="0">50</wcet>
            <wcet number="1">60</wcet>
            <maxpow number="0.5166970557966577"/>
            <maxpow number="0.5166970557966577"/>
            <fprob>0.0</fprob>
        </actor>
        <actor name="D0N2">
            <wcet number="0">20</wcet>
            <wcet number="1">20</wcet>
            <maxpow number="0.6071716174090785"/>
            <maxpow number="0.6071716174090785"/>
            <fprob>0.0</fprob>
        </actor>
        <actor name="D0N0">
            <wcet number="0">10</wcet>
            <wcet number="1">10</wcet>
            <maxpow number="0.6533146133780021"/>
            <maxpow number="0.6533146133780021"/>
            <fprob>0.0</fprob>
        </actor>
        <actor name="D0N24">
            <wcet number="0">10</wcet>
            <wcet number="1">10</wcet>
            <maxpow number="0.33565121542620313"/>
            <maxpow number="0.33565121542620313"/>
            <fprob>0.0</fprob>
        </actor>
        <actor name="D0N36">
            <wcet number="0">160</wcet>
            <wcet number="1">250</wcet>
            <maxpow number="0.4634231244961598"/>
            <maxpow number="0.4634231244961598"/>
            <fprob>0.0</fprob>
        </actor>
        <actor name="D0N34">
            <wcet number="0">60</wcet>
            <wcet number="1">180</wcet>
            <maxpow number="0.35894604192497653"/>
            <maxpow number="0.35894604192497653"/>
            <fprob>0.0</fprob>
        </actor>
        <actor name="D0N33">
            <wcet number="0">10</wcet>
            <wcet number="1">20</wcet>
            <maxpow number="0.8049880851572786"/>
            <maxpow number="0.8049880851572786"/>
            <fprob>0.0</fprob>
        </actor>
        <actor name="D0N39">
            <wcet number="0">90</wcet>
            <wcet number="1">150</wcet>
            <maxpow number="0.41187700743335465"/>
            <maxpow number="0.41187700743335465"/>
            <fprob>0.0</fprob>
        </actor>
        <actor name="D0N17">
            <wcet number="0">30</wcet>
            <wcet number="1">30</wcet>
            <maxpow number="0.483502375998064"/>
            <maxpow number="0.483502375998064"/>
            <fprob>0.0</fprob>
        </actor>
        <actor name="D0N14">
            <wcet number="0">70</wcet>
            <wcet number="1">90</wcet>
            <maxpow number="0.33431908848477576"/>
            <maxpow number="0.33431908848477576"/>
            <fprob>0.0</fprob>
        </actor>
        <actor name="D0N35">
            <wcet number="0">180</wcet>
            <wcet number="1">300</wcet>
            <maxpow number="0.391069214320441"/>
            <maxpow number="0.391069214320441"/>
            <fprob>0.0</fprob>
        </actor>
        <actor name="D0N32">
            <wcet number="0">60</wcet>
            <wcet number="1">120</wcet>
            <maxpow number="0.5253408744492497"/>
            <maxpow number="0.5253408744492497"/>
            <fprob>0.0</fprob>
        </actor>
        <actor name="D0N19">
            <wcet number="0">20</wcet>
            <wcet number="1">70</wcet>
            <maxpow number="0.5908685193520062"/>
            <maxpow number="0.5908685193520062"/>
            <fprob>0.0</fprob>
        </actor>
        <actor name="D0N45">
            <wcet number="0">10</wcet>
            <wcet number="1">60</wcet>
            <maxpow number="0.9149026089934771"/>
            <maxpow number="0.9149026089934771"/>
            <fprob>0.0</fprob>
        </actor>
        <actor name="D0N31">
            <wcet number="0">20</wcet>
            <wcet number="1">20</wcet>
            <maxpow number="0.8628556246081791"/>
            <maxpow number="0.8628556246081791"/>
            <fprob>0.0</fprob>
        </actor>
        <actor name="D0N38">
            <wcet number="0">70</wcet>
            <wcet number="1">70</wcet>
            <maxpow number="0.47008619892515835"/>
            <maxpow number="0.47008619892515835"/>
            <fprob>0.0</fprob>
        </actor>
        <actor name="D0N7">
            <wcet number="0">10</wcet>
            <wcet number="1">10</wcet>
            <maxpow number="0.5771371855946369"/>
            <maxpow number="0.5771371855946369"/>
            <fprob>0.0</fprob>
        </actor>
        <actor name="D0N11">
            <wcet number="0">10</wcet>
            <wcet number="1">10</wcet>
            <maxpow number="0.4203190546468184"/>
            <maxpow number="0.4203190546468184"/>
            <fprob>0.0</fprob>
        </actor>
        <actor name="D0N29">
            <wcet number="0">40</wcet>
            <wcet number="1">60</wcet>
            <maxpow number="0.2064695849812016"/>
            <maxpow number="0.2064695849812016"/>
            <fprob>0.0</fprob>
        </actor>
        <actor name="D0N30">
            <wcet number="0">440</wcet>
            <wcet number="1">590</wcet>
            <maxpow number="0.8080088280925665"/>
            <maxpow number="0.8080088280925665"/>
            <fprob>0.0</fprob>
        </actor>
        <actor name="D0N9">
            <wcet number="0">30</wcet>
            <wcet number="1">40</wcet>
            <maxpow number="0.817578892504994"/>
            <maxpow number="0.817578892504994"/>
            <fprob>0.0</fprob>
        </actor>
        <actor name="D0N10">
            <wcet number="0">20</wcet>
            <wcet number="1">30</wcet>
            <maxpow number="0.7408252113287013"/>
            <maxpow number="0.7408252113287013"/>
            <fprob>0.0</fprob>
        </actor>
        <actor name="D0N25">
            <wcet number="0">110</wcet>
            <wcet number="1">150</wcet>
            <maxpow number="0.5377424292769675"/>
            <maxpow number="0.5377424292769675"/>
            <fprob>0.0</fprob>
        </actor>
        <actor name="D0N46">
            <wcet number="0">30</wcet>
            <wcet number="1">90</wcet>
            <maxpow number="0.6531909491110689"/>
            <maxpow number="0.6531909491110689"/>
            <fprob>0.0</fprob>
        </actor>
        <actor name="D0N18">
            <wcet number="0">10</wcet>
            <wcet number="1">10</wcet>
            <maxpow number="0.43821231876499434"/>
            <maxpow number="0.43821231876499434"/>
            <fprob>0.0</fprob>
        </actor>
        <ports>
            <port dstActor="D0N19" name="p0" srcActor="D0N13"/>
            <port dstActor="D0N44" name="p1" srcActor="D0N37"/>
            <port dstActor="D0N31" name="p2" srcActor="D0N20"/>
            <port dstActor="D0N35" name="p3" srcActor="D0N20"/>
            <port dstActor="D0N47" name="p4" srcActor="D0N20"/>
            <port dstActor="D0N32" name="p5" srcActor="D0N27"/>
            <port dstActor="D0N39" name="p6" srcActor="D0N27"/>
            <port dstActor="D0N43" name="p7" srcActor="D0N27"/>
            <port dstActor="D0N9" name="p8" srcActor="D0N5"/>
            <port dstActor="D0N13" name="p9" srcActor="D0N5"/>
            <port dstActor="D0N37" name="p10" srcActor="D0N5"/>
            <port dstActor="D0N48" name="p11" srcActor="D0N47"/>
            <port dstActor="D0N47" name="p12" srcActor="D0N21"/>
            <port dstActor="D0N45" name="p13" srcActor="D0N21"/>
            <port dstActor="D0N48" name="p14" srcActor="D0N21"/>
            <port dstActor="D0N5" name="p15" srcActor="D0N4"/>
            <port dstActor="D0N46" name="p16" srcActor="D0N4"/>
            <port dstActor="D0N10" name="p17" srcActor="D0N4"/>
            <port dstActor="D0N26" name="p18" srcActor="D0N4"/>
            <port dstActor="D0N37" name="p19" srcActor="D0N4"/>
            <port dstActor="D0N19" name="p20" srcActor="D0N4"/>
            <port dstActor="D0N21" name="p21" srcActor="D0N4"/>
            <port dstActor="D0N7" name="p22" srcActor="D0N4"/>
            <port dstActor="D0N26" name="p23" srcActor="D0N8"/>
            <port dstActor="D0N22" name="p24" srcActor="D0N8"/>
            <port dstActor="D0N34" name="p25" srcActor="D0N6"/>
            <port dstActor="D0N33" name="p26" srcActor="D0N26"/>
            <port dstActor="D0N32" name="p27" srcActor="D0N26"/>
            <port dstActor="D0N35" name="p28" srcActor="D0N26"/>
            <port dstActor="D0N44" name="p29" srcActor="D0N1"/>
            <port dstActor="D0N43" name="p30" srcActor="D0N1"/>
            <port dstActor="D0N5" name="p31" srcActor="D0N1"/>
            <port dstActor="D0N41" name="p32" srcActor="D0N1"/>
            <port dstActor="D0N28" name="p33" srcActor="D0N12"/>
            <port dstActor="D0N48" name="p34" srcActor="D0N12"/>
            <port dstActor="D0N23" name="p35" srcActor="D0N12"/>
            <port dstActor="D0N26" name="p36" srcActor="D0N12"/>
            <port dstActor="D0N41" name="p37" srcActor="D0N28"/>
            <port dstActor="D0N32" name="p38" srcActor="D0N28"/>
            <port dstActor="D0N48" name="p39" srcActor="D0N42"/>
            <port dstActor="D0N24" name="p40" srcActor="D0N3"/>
            <port dstActor="D0N15" name="p41" srcActor="D0N3"/>
            <port dstActor="D0N13" name="p42" srcActor="D0N3"/>
            <port dstActor="D0N19" name="p43" srcActor="D0N3"/>
            <port dstActor="D0N30" name="p44" srcActor="D0N3"/>
            <port dstActor="D0N11" name="p45" srcActor="D0N3"/>
            <port dstActor="D0N27" name="p46" srcActor="D0N3"/>
            <port dstActor="D0N8" name="p47" srcActor="D0N3"/>
            <port dstActor="D0N41" name="p48" srcActor="D0N40"/>
            <port dstActor="D0N21" name="p49" srcActor="D0N15"/>
            <port dstActor="D0N44" name="p50" srcActor="D0N15"/>
            <port dstActor="D0N29" name="p51" srcActor="D0N15"/>
            <port dstActor="D0N39" name="p52" srcActor="D0N15"/>
            <port dstActor="D0N37" name="p53" srcActor="D0N16"/>
            <port dstActor="D0N23" name="p54" srcActor="D0N16"/>
            <port dstActor="D0N41" name="p55" srcActor="D0N23"/>
            <port dstActor="D0N34" name="p56" srcActor="D0N23"/>
            <port dstActor="D0N31" name="p57" srcActor="D0N22"/>
            <port dstActor="D0N27" name="p58" srcActor="D0N22"/>
            <port dstActor="D0N34" name="p59" srcActor="D0N22"/>
            <port dstActor="D0N44" name="p60" srcActor="D0N41"/>
            <port dstActor="D0N29" name="p61" srcActor="D0N2"/>
            <port dstActor="D0N44" name="p62" srcActor="D0N2"/>
            <port dstActor="D0N26" name="p63" srcActor="D0N2"/>
            <port dstActor="D0N6" name="p64" srcActor="D0N2"/>
            <port dstActor="D0N5" name="p65" srcActor="D0N2"/>
            <port dstActor="D0N37" name="p66" srcActor="D0N2"/>
            <port dstActor="D0N9" name="p67" srcActor="D0N2"/>
            <port dstActor="D0N45" name="p68" srcActor="D0N0"/>
            <port dstActor="D0N34" name="p69" srcActor="D0N0"/>
            <port dstActor="D0N25" name="p70" srcActor="D0N0"/>
            <port dstActor="D0N32" name="p71" srcActor="D0N0"/>
            <port dstActor="D0N30" name="p72" srcActor="D0N24"/>
            <port dstActor="D0N32" name="p73" srcActor="D0N24"/>
            <port dstActor="D0N38" name="p74" srcActor="D0N24"/>
            <port dstActor="D0N48" name="p75" srcActor="D0N36"/>
            <port dstActor="D0N38" name="p76" srcActor="D0N36"/>
            <port dstActor="D0N42" name="p77" srcActor="D0N34"/>
            <port dstActor="D0N48" name="p78" srcActor="D0N34"/>
            <port dstActor="D0N38" name="p79" srcActor="D0N33"/>
            <port dstActor="D0N39" name="p80" srcActor="D0N33"/>
            <port dstActor="D0N46" name="p81" srcActor="D0N39"/>
            <port dstActor="D0N45" name="p82" srcActor="D0N17"/>
            <port dstActor="D0N37" name="p83" srcActor="D0N14"/>
            <port dstActor="D0N44" name="p84" srcActor="D0N14"/>
            <port dstActor="D0N23" name="p85" srcActor="D0N14"/>
            <port dstActor="D0N41" name="p86" srcActor="D0N14"/>
            <port dstActor="D0N40" name="p87" srcActor="D0N14"/>
            <port dstActor="D0N36" name="p88" srcActor="D0N14"/>
            <port dstActor="D0N34" name="p89" srcActor="D0N14"/>
            <port dstActor="D0N38" name="p90" srcActor="D0N14"/>
            <port dstActor="D0N43" name="p91" srcActor="D0N35"/>
            <port dstActor="D0N40" name="p92" srcActor="D0N32"/>
            <port dstActor="D0N44" name="p93" srcActor="D0N32"/>
            <port dstActor="D0N38" name="p94" srcActor="D0N32"/>
            <port dstActor="D0N34" name="p95" srcActor="D0N19"/>
            <port dstActor="D0N35" name="p96" srcActor="D0N19"/>
            <port dstActor="D0N20" name="p97" srcActor="D0N19"/>
            <port dstActor="D0N44" name="p98" srcActor="D0N19"/>
            <port dstActor="D0N29" name="p99" srcActor="D0N19"/>
            <port dstActor="D0N34" name="p100" srcActor="D0N31"/>
            <port dstActor="D0N47" name="p101" srcActor="D0N31"/>
            <port dstActor="D0N37" name="p102" srcActor="D0N31"/>
            <port dstActor="D0N36" name="p103" srcActor="D0N31"/>
            <port dstActor="D0N49" name="p104" srcActor="D0N38"/>
            <port dstActor="D0N35" name="p105" srcActor="D0N7"/>
            <port dstActor="D0N12" name="p106" srcActor="D0N7"/>
            <port dstActor="D0N14" name="p107" srcActor="D0N7"/>
            <port dstActor="D0N20" name="p108" srcActor="D0N7"/>
            <port dstActor="D0N44" name="p109" srcActor="D0N7"/>
            <port dstActor="D0N26" name="p110" srcActor="D0N7"/>
            <port dstActor="D0N13" name="p111" srcActor="D0N7"/>
            <port dstActor="D0N28" name="p112" srcActor="D0N11"/>
            <port dstActor="D0N29" name="p113" srcActor="D0N11"/>
            <port dstActor="D0N26" name="p114" srcActor="D0N11"/>
            <port dstActor="D0N24" name="p115" srcActor="D0N11"/>
            <port dstActor="D0N33" name="p116" srcActor="D0N29"/>
            <port dstActor="D0N33" name="p117" srcActor="D0N30"/>
            <port dstActor="D0N47" name="p118" srcActor="D0N30"/>
            <port dstActor="D0N18" name="p119" srcActor="D0N9"/>
            <port dstActor="D0N20" name="p120" srcActor="D0N10"/>
            <port dstActor="D0N27" name="p121" srcActor="D0N25"/>
            <port dstActor="D0N37" name="p122" srcActor="D0N25"/>
            <port dstActor="D0N31" name="p123" srcActor="D0N18"/>
            <port dstActor="D0N41" name="p124" srcActor="D0N18"/>
        </ports>
    </mcdag>
    <cores number="3"/>
    <levels number="2"/>
</mcsystem>
