<?xml version="1.0" encoding="UTF-8" standalone="no"?>
<mcsystem>
    <mcdag deadline="2500" name="genned-0-ed-10.0-0">
        <actor name="D0N7">
            <wcet number="0">10</wcet>
            <wcet number="1">10</wcet>
            <maxpow number="0.6023546022230719"/>
            <maxpow number="0.6023546022230719"/>
            <fprob>0.0</fprob>
        </actor>
        <actor name="D0N21">
            <wcet number="0">20</wcet>
            <wcet number="1">120</wcet>
            <maxpow number="0.4469294056902814"/>
            <maxpow number="0.4469294056902814"/>
            <fprob>0.0</fprob>
        </actor>
        <actor name="D0N29">
            <wcet number="0">30</wcet>
            <wcet number="1">30</wcet>
            <maxpow number="0.3572928271921426"/>
            <maxpow number="0.3572928271921426"/>
            <fprob>0.0</fprob>
        </actor>
        <actor name="D0N42">
            <wcet number="0">70</wcet>
            <wcet number="1">70</wcet>
            <maxpow number="0.4403018742233624"/>
            <maxpow number="0.4403018742233624"/>
            <fprob>0.0</fprob>
        </actor>
        <actor name="D0N5">
            <wcet number="0">20</wcet>
            <wcet number="1">30</wcet>
            <maxpow number="0.25091527786334133"/>
            <maxpow number="0.25091527786334133"/>
            <fprob>0.0</fprob>
        </actor>
        <actor name="D0N32">
            <wcet number="0">110</wcet>
            <wcet number="1">140</wcet>
            <maxpow number="0.6721320665224828"/>
            <maxpow number="0.6721320665224828"/>
            <fprob>0.0</fprob>
        </actor>
        <actor name="D0N31">
            <wcet number="0">70</wcet>
            <wcet number="1">130</wcet>
            <maxpow number="0.6214242242756182"/>
            <maxpow number="0.6214242242756182"/>
            <fprob>0.0</fprob>
        </actor>
        <actor name="D0N1">
            <wcet number="0">20</wcet>
            <wcet number="1">30</wcet>
            <maxpow number="0.36763056569496405"/>
            <maxpow number="0.36763056569496405"/>
            <fprob>0.0</fprob>
        </actor>
        <actor name="D0N13">
            <wcet number="0">150</wcet>
            <wcet number="1">200</wcet>
            <maxpow number="0.3387564561934219"/>
            <maxpow number="0.3387564561934219"/>
            <fprob>0.0</fprob>
        </actor>
        <actor name="D0N14">
            <wcet number="0">60</wcet>
            <wcet number="1">70</wcet>
            <maxpow number="0.44979315767273664"/>
            <maxpow number="0.44979315767273664"/>
            <fprob>0.0</fprob>
        </actor>
        <actor name="D0N37">
            <wcet number="0">10</wcet>
            <wcet number="1">10</wcet>
            <maxpow number="0.3211195162284791"/>
            <maxpow number="0.3211195162284791"/>
            <fprob>0.0</fprob>
        </actor>
        <actor name="D0N36">
            <wcet number="0">10</wcet>
            <wcet number="1">10</wcet>
            <maxpow number="0.3623239020335438"/>
            <maxpow number="0.3623239020335438"/>
            <fprob>0.0</fprob>
        </actor>
        <actor name="D0N24">
            <wcet number="0">40</wcet>
            <wcet number="1">50</wcet>
            <maxpow number="0.19226877155446376"/>
            <maxpow number="0.19226877155446376"/>
            <fprob>0.0</fprob>
        </actor>
        <actor name="D0N0">
            <wcet number="0">150</wcet>
            <wcet number="1">300</wcet>
            <maxpow number="0.7173010855185177"/>
            <maxpow number="0.7173010855185177"/>
            <fprob>0.0</fprob>
        </actor>
        <actor name="D0N18">
            <wcet number="0">150</wcet>
            <wcet number="1">200</wcet>
            <maxpow number="0.40969766741206043"/>
            <maxpow number="0.40969766741206043"/>
            <fprob>0.0</fprob>
        </actor>
        <actor name="D0N12">
            <wcet number="0">100</wcet>
            <wcet number="1">140</wcet>
            <maxpow number="0.7157495554289635"/>
            <maxpow number="0.7157495554289635"/>
            <fprob>0.0</fprob>
        </actor>
        <actor name="D0N30">
            <wcet number="0">180</wcet>
            <wcet number="1">370</wcet>
            <maxpow number="0.4419228962423979"/>
            <maxpow number="0.4419228962423979"/>
            <fprob>0.0</fprob>
        </actor>
        <actor name="D0N33">
            <wcet number="0">190</wcet>
            <wcet number="1">270</wcet>
            <maxpow number="0.8080694288937263"/>
            <maxpow number="0.8080694288937263"/>
            <fprob>0.0</fprob>
        </actor>
        <actor name="D0N47">
            <wcet number="0">10</wcet>
            <wcet number="1">40</wcet>
            <maxpow number="0.5303424318560255"/>
            <maxpow number="0.5303424318560255"/>
            <fprob>0.0</fprob>
        </actor>
        <actor name="D0N22">
            <wcet number="0">40</wcet>
            <wcet number="1">40</wcet>
            <maxpow number="0.4855871840162592"/>
            <maxpow number="0.4855871840162592"/>
            <fprob>0.0</fprob>
        </actor>
        <actor name="D0N28">
            <wcet number="0">250</wcet>
            <wcet number="1">420</wcet>
            <maxpow number="0.3765313638804708"/>
            <maxpow number="0.3765313638804708"/>
            <fprob>0.0</fprob>
        </actor>
        <actor name="D0N11">
            <wcet number="0">10</wcet>
            <wcet number="1">10</wcet>
            <maxpow number="0.602524130675018"/>
            <maxpow number="0.602524130675018"/>
            <fprob>0.0</fprob>
        </actor>
        <actor name="D0N41">
            <wcet number="0">10</wcet>
            <wcet number="1">10</wcet>
            <maxpow number="0.6073553071007385"/>
            <maxpow number="0.6073553071007385"/>
            <fprob>0.0</fprob>
        </actor>
        <actor name="D0N38">
            <wcet number="0">10</wcet>
            <wcet number="1">40</wcet>
            <maxpow number="0.6473761160605975"/>
            <maxpow number="0.6473761160605975"/>
            <fprob>0.0</fprob>
        </actor>
        <actor name="D0N45">
            <wcet number="0">10</wcet>
            <wcet number="1">10</wcet>
            <maxpow number="0.821753221757286"/>
            <maxpow number="0.821753221757286"/>
            <fprob>0.0</fprob>
        </actor>
        <actor name="D0N35">
            <wcet number="0">10</wcet>
            <wcet number="1">70</wcet>
            <maxpow number="0.7776545151099635"/>
            <maxpow number="0.7776545151099635"/>
            <fprob>0.0</fprob>
        </actor>
        <actor name="D0N2">
            <wcet number="0">90</wcet>
            <wcet number="1">100</wcet>
            <maxpow number="0.8367115996162815"/>
            <maxpow number="0.8367115996162815"/>
            <fprob>0.0</fprob>
        </actor>
        <actor name="D0N10">
            <wcet number="0">260</wcet>
            <wcet number="1">360</wcet>
            <maxpow number="0.793255171637649"/>
            <maxpow number="0.793255171637649"/>
            <fprob>0.0</fprob>
        </actor>
        <actor name="D0N44">
            <wcet number="0">60</wcet>
            <wcet number="1">130</wcet>
            <maxpow number="0.5567304586566804"/>
            <maxpow number="0.5567304586566804"/>
            <fprob>0.0</fprob>
        </actor>
        <actor name="D0N25">
            <wcet number="0">10</wcet>
            <wcet number="1">70</wcet>
            <maxpow number="0.6651491403606524"/>
            <maxpow number="0.6651491403606524"/>
            <fprob>0.0</fprob>
        </actor>
        <actor name="D0N8">
            <wcet number="0">60</wcet>
            <wcet number="1">120</wcet>
            <maxpow number="0.5466060182725297"/>
            <maxpow number="0.5466060182725297"/>
            <fprob>0.0</fprob>
        </actor>
        <actor name="D0N20">
            <wcet number="0">10</wcet>
            <wcet number="1">120</wcet>
            <maxpow number="0.5097063323499234"/>
            <maxpow number="0.5097063323499234"/>
            <fprob>0.0</fprob>
        </actor>
        <actor name="D0N40">
            <wcet number="0">10</wcet>
            <wcet number="1">10</wcet>
            <maxpow number="0.40749574672388955"/>
            <maxpow number="0.40749574672388955"/>
            <fprob>0.0</fprob>
        </actor>
        <actor name="D0N23">
            <wcet number="0">10</wcet>
            <wcet number="1">10</wcet>
            <maxpow number="0.5669236833090573"/>
            <maxpow number="0.5669236833090573"/>
            <fprob>0.0</fprob>
        </actor>
        <actor name="D0N16">
            <wcet number="0">10</wcet>
            <wcet number="1">70</wcet>
            <maxpow number="0.4690986647832402"/>
            <maxpow number="0.4690986647832402"/>
            <fprob>0.0</fprob>
        </actor>
        <actor name="D0N6">
            <wcet number="0">60</wcet>
            <wcet number="1">60</wcet>
            <maxpow number="0.32268049954460043"/>
            <maxpow number="0.32268049954460043"/>
            <fprob>0.0</fprob>
        </actor>
        <actor name="D0N3">
            <wcet number="0">70</wcet>
            <wcet number="1">70</wcet>
            <maxpow number="0.474496617034568"/>
            <maxpow number="0.474496617034568"/>
            <fprob>0.0</fprob>
        </actor>
        <actor name="D0N4">
            <wcet number="0">80</wcet>
            <wcet number="1">130</wcet>
            <maxpow number="0.27521378106777994"/>
            <maxpow number="0.27521378106777994"/>
            <fprob>0.0</fprob>
        </actor>
        <actor name="D0N15">
            <wcet number="0">140</wcet>
            <wcet number="1">180</wcet>
            <maxpow number="0.8046847062967659"/>
            <maxpow number="0.8046847062967659"/>
            <fprob>0.0</fprob>
        </actor>
        <actor name="D0N17">
            <wcet number="0">110</wcet>
            <wcet number="1">180</wcet>
            <maxpow number="0.6171383971473282"/>
            <maxpow number="0.6171383971473282"/>
            <fprob>0.0</fprob>
        </actor>
        <actor name="D0N26">
            <wcet number="0">130</wcet>
            <wcet number="1">330</wcet>
            <maxpow number="0.579663738772189"/>
            <maxpow number="0.579663738772189"/>
            <fprob>0.0</fprob>
        </actor>
        <actor name="D0N9">
            <wcet number="0">20</wcet>
            <wcet number="1">20</wcet>
            <maxpow number="0.37189480577291034"/>
            <maxpow number="0.37189480577291034"/>
            <fprob>0.0</fprob>
        </actor>
        <actor name="D0N46">
            <wcet number="0">30</wcet>
            <wcet number="1">40</wcet>
            <maxpow number="0.6889581800656484"/>
            <maxpow number="0.6889581800656484"/>
            <fprob>0.0</fprob>
        </actor>
        <actor name="D0N27">
            <wcet number="0">10</wcet>
            <wcet number="1">10</wcet>
            <maxpow number="0.6503957604468266"/>
            <maxpow number="0.6503957604468266"/>
            <fprob>0.0</fprob>
        </actor>
        <actor name="D0N43">
            <wcet number="0">70</wcet>
            <wcet number="1">250</wcet>
            <maxpow number="0.33455867447223714"/>
            <maxpow number="0.33455867447223714"/>
            <fprob>0.0</fprob>
        </actor>
        <actor name="D0N39">
            <wcet number="0">100</wcet>
            <wcet number="1">100</wcet>
            <maxpow number="0.516921296712541"/>
            <maxpow number="0.516921296712541"/>
            <fprob>0.0</fprob>
        </actor>
        <actor name="D0N19">
            <wcet number="0">140</wcet>
            <wcet number="1">300</wcet>
            <maxpow number="0.7549916638312134"/>
            <maxpow number="0.7549916638312134"/>
            <fprob>0.0</fprob>
        </actor>
        <actor name="D0N34">
            <wcet number="0">10</wcet>
            <wcet number="1">20</wcet>
            <maxpow number="0.9268033712710817"/>
            <maxpow number="0.9268033712710817"/>
            <fprob>0.0</fprob>
        </actor>
        <ports>
            <port dstActor="D0N20" name="p0" srcActor="D0N7"/>
            <port dstActor="D0N44" name="p1" srcActor="D0N7"/>
            <port dstActor="D0N47" name="p2" srcActor="D0N7"/>
            <port dstActor="D0N15" name="p3" srcActor="D0N7"/>
            <port dstActor="D0N27" name="p4" srcActor="D0N7"/>
            <port dstActor="D0N31" name="p5" srcActor="D0N7"/>
            <port dstActor="D0N8" name="p6" srcActor="D0N7"/>
            <port dstActor="D0N39" name="p7" srcActor="D0N29"/>
            <port dstActor="D0N42" name="p8" srcActor="D0N29"/>
            <port dstActor="D0N46" name="p9" srcActor="D0N29"/>
            <port dstActor="D0N35" name="p10" srcActor="D0N29"/>
            <port dstActor="D0N30" name="p11" srcActor="D0N29"/>
            <port dstActor="D0N46" name="p12" srcActor="D0N42"/>
            <port dstActor="D0N47" name="p13" srcActor="D0N42"/>
            <port dstActor="D0N40" name="p14" srcActor="D0N5"/>
            <port dstActor="D0N45" name="p15" srcActor="D0N5"/>
            <port dstActor="D0N10" name="p16" srcActor="D0N5"/>
            <port dstActor="D0N23" name="p17" srcActor="D0N5"/>
            <port dstActor="D0N9" name="p18" srcActor="D0N5"/>
            <port dstActor="D0N47" name="p19" srcActor="D0N32"/>
            <port dstActor="D0N35" name="p20" srcActor="D0N32"/>
            <port dstActor="D0N37" name="p21" srcActor="D0N32"/>
            <port dstActor="D0N36" name="p22" srcActor="D0N32"/>
            <port dstActor="D0N41" name="p23" srcActor="D0N32"/>
            <port dstActor="D0N34" name="p24" srcActor="D0N32"/>
            <port dstActor="D0N47" name="p25" srcActor="D0N31"/>
            <port dstActor="D0N41" name="p26" srcActor="D0N1"/>
            <port dstActor="D0N26" name="p27" srcActor="D0N1"/>
            <port dstActor="D0N27" name="p28" srcActor="D0N1"/>
            <port dstActor="D0N44" name="p29" srcActor="D0N1"/>
            <port dstActor="D0N28" name="p30" srcActor="D0N13"/>
            <port dstActor="D0N23" name="p31" srcActor="D0N13"/>
            <port dstActor="D0N14" name="p32" srcActor="D0N13"/>
            <port dstActor="D0N15" name="p33" srcActor="D0N13"/>
            <port dstActor="D0N38" name="p34" srcActor="D0N13"/>
            <port dstActor="D0N22" name="p35" srcActor="D0N13"/>
            <port dstActor="D0N26" name="p36" srcActor="D0N13"/>
            <port dstActor="D0N40" name="p37" srcActor="D0N14"/>
            <port dstActor="D0N33" name="p38" srcActor="D0N14"/>
            <port dstActor="D0N43" name="p39" srcActor="D0N36"/>
            <port dstActor="D0N45" name="p40" srcActor="D0N36"/>
            <port dstActor="D0N39" name="p41" srcActor="D0N24"/>
            <port dstActor="D0N46" name="p42" srcActor="D0N24"/>
            <port dstActor="D0N41" name="p43" srcActor="D0N24"/>
            <port dstActor="D0N45" name="p44" srcActor="D0N24"/>
            <port dstActor="D0N31" name="p45" srcActor="D0N0"/>
            <port dstActor="D0N18" name="p46" srcActor="D0N0"/>
            <port dstActor="D0N33" name="p47" srcActor="D0N18"/>
            <port dstActor="D0N45" name="p48" srcActor="D0N18"/>
            <port dstActor="D0N46" name="p49" srcActor="D0N18"/>
            <port dstActor="D0N47" name="p50" srcActor="D0N18"/>
            <port dstActor="D0N29" name="p51" srcActor="D0N18"/>
            <port dstActor="D0N24" name="p52" srcActor="D0N12"/>
            <port dstActor="D0N17" name="p53" srcActor="D0N12"/>
            <port dstActor="D0N19" name="p54" srcActor="D0N12"/>
            <port dstActor="D0N34" name="p55" srcActor="D0N12"/>
            <port dstActor="D0N42" name="p56" srcActor="D0N12"/>
            <port dstActor="D0N38" name="p57" srcActor="D0N30"/>
            <port dstActor="D0N26" name="p58" srcActor="D0N22"/>
            <port dstActor="D0N29" name="p59" srcActor="D0N28"/>
            <port dstActor="D0N32" name="p60" srcActor="D0N28"/>
            <port dstActor="D0N33" name="p61" srcActor="D0N28"/>
            <port dstActor="D0N40" name="p62" srcActor="D0N28"/>
            <port dstActor="D0N34" name="p63" srcActor="D0N28"/>
            <port dstActor="D0N47" name="p64" srcActor="D0N11"/>
            <port dstActor="D0N39" name="p65" srcActor="D0N11"/>
            <port dstActor="D0N17" name="p66" srcActor="D0N11"/>
            <port dstActor="D0N33" name="p67" srcActor="D0N11"/>
            <port dstActor="D0N15" name="p68" srcActor="D0N11"/>
            <port dstActor="D0N43" name="p69" srcActor="D0N41"/>
            <port dstActor="D0N40" name="p70" srcActor="D0N35"/>
            <port dstActor="D0N30" name="p71" srcActor="D0N2"/>
            <port dstActor="D0N19" name="p72" srcActor="D0N2"/>
            <port dstActor="D0N23" name="p73" srcActor="D0N10"/>
            <port dstActor="D0N16" name="p74" srcActor="D0N10"/>
            <port dstActor="D0N18" name="p75" srcActor="D0N10"/>
            <port dstActor="D0N31" name="p76" srcActor="D0N10"/>
            <port dstActor="D0N11" name="p77" srcActor="D0N10"/>
            <port dstActor="D0N34" name="p78" srcActor="D0N25"/>
            <port dstActor="D0N40" name="p79" srcActor="D0N8"/>
            <port dstActor="D0N41" name="p80" srcActor="D0N8"/>
            <port dstActor="D0N22" name="p81" srcActor="D0N8"/>
            <port dstActor="D0N44" name="p82" srcActor="D0N40"/>
            <port dstActor="D0N46" name="p83" srcActor="D0N23"/>
            <port dstActor="D0N32" name="p84" srcActor="D0N23"/>
            <port dstActor="D0N33" name="p85" srcActor="D0N23"/>
            <port dstActor="D0N24" name="p86" srcActor="D0N23"/>
            <port dstActor="D0N19" name="p87" srcActor="D0N16"/>
            <port dstActor="D0N37" name="p88" srcActor="D0N16"/>
            <port dstActor="D0N44" name="p89" srcActor="D0N16"/>
            <port dstActor="D0N26" name="p90" srcActor="D0N16"/>
            <port dstActor="D0N10" name="p91" srcActor="D0N6"/>
            <port dstActor="D0N34" name="p92" srcActor="D0N6"/>
            <port dstActor="D0N43" name="p93" srcActor="D0N6"/>
            <port dstActor="D0N22" name="p94" srcActor="D0N6"/>
            <port dstActor="D0N31" name="p95" srcActor="D0N6"/>
            <port dstActor="D0N37" name="p96" srcActor="D0N3"/>
            <port dstActor="D0N21" name="p97" srcActor="D0N4"/>
            <port dstActor="D0N15" name="p98" srcActor="D0N4"/>
            <port dstActor="D0N23" name="p99" srcActor="D0N4"/>
            <port dstActor="D0N16" name="p100" srcActor="D0N4"/>
            <port dstActor="D0N12" name="p101" srcActor="D0N4"/>
            <port dstActor="D0N27" name="p102" srcActor="D0N15"/>
            <port dstActor="D0N30" name="p103" srcActor="D0N15"/>
            <port dstActor="D0N21" name="p104" srcActor="D0N15"/>
            <port dstActor="D0N38" name="p105" srcActor="D0N15"/>
            <port dstActor="D0N37" name="p106" srcActor="D0N15"/>
            <port dstActor="D0N24" name="p107" srcActor="D0N15"/>
            <port dstActor="D0N36" name="p108" srcActor="D0N17"/>
            <port dstActor="D0N43" name="p109" srcActor="D0N26"/>
            <port dstActor="D0N40" name="p110" srcActor="D0N9"/>
            <port dstActor="D0N12" name="p111" srcActor="D0N9"/>
            <port dstActor="D0N28" name="p112" srcActor="D0N9"/>
            <port dstActor="D0N42" name="p113" srcActor="D0N27"/>
            <port dstActor="D0N39" name="p114" srcActor="D0N27"/>
            <port dstActor="D0N31" name="p115" srcActor="D0N27"/>
            <port dstActor="D0N47" name="p116" srcActor="D0N39"/>
            <port dstActor="D0N25" name="p117" srcActor="D0N19"/>
            <port dstActor="D0N40" name="p118" srcActor="D0N19"/>
            <port dstActor="D0N47" name="p119" srcActor="D0N34"/>
            <port dstActor="D0N40" name="p120" srcActor="D0N34"/>
            <port dstActor="D0N44" name="p121" srcActor="D0N34"/>
        </ports>
    </mcdag>
    <cores number="3"/>
    <levels number="2"/>
</mcsystem>
