<?xml version="1.0" encoding="UTF-8" standalone="no"?>
<mcsystem>
    <mcdag deadline="2000" name="genned-0-ed-10.0-0">
        <actor name="D0N13">
            <wcet number="0">160</wcet>
            <wcet number="1">320</wcet>
            <maxpow number="0.6370881976244998"/>
            <maxpow number="0.6370881976244998"/>
            <fprob>0.0</fprob>
        </actor>
        <actor name="D0N27">
            <wcet number="0">20</wcet>
            <wcet number="1">40</wcet>
            <maxpow number="0.3207821447732728"/>
            <maxpow number="0.3207821447732728"/>
            <fprob>0.0</fprob>
        </actor>
        <actor name="D0N40">
            <wcet number="0">70</wcet>
            <wcet number="1">300</wcet>
            <maxpow number="0.7022209911701897"/>
            <maxpow number="0.7022209911701897"/>
            <fprob>0.0</fprob>
        </actor>
        <actor name="D0N37">
            <wcet number="0">10</wcet>
            <wcet number="1">50</wcet>
            <maxpow number="0.3519677619922241"/>
            <maxpow number="0.3519677619922241"/>
            <fprob>0.0</fprob>
        </actor>
        <actor name="D0N38">
            <wcet number="0">10</wcet>
            <wcet number="1">80</wcet>
            <maxpow number="0.7901720739130209"/>
            <maxpow number="0.7901720739130209"/>
            <fprob>0.0</fprob>
        </actor>
        <actor name="D0N43">
            <wcet number="0">10</wcet>
            <wcet number="1">130</wcet>
            <maxpow number="0.3302683454748734"/>
            <maxpow number="0.3302683454748734"/>
            <fprob>0.0</fprob>
        </actor>
        <actor name="D0N29">
            <wcet number="0">10</wcet>
            <wcet number="1">20</wcet>
            <maxpow number="0.685188535252013"/>
            <maxpow number="0.685188535252013"/>
            <fprob>0.0</fprob>
        </actor>
        <actor name="D0N11">
            <wcet number="0">10</wcet>
            <wcet number="1">90</wcet>
            <maxpow number="0.46940548211618305"/>
            <maxpow number="0.46940548211618305"/>
            <fprob>0.0</fprob>
        </actor>
        <actor name="D0N2">
            <wcet number="0">30</wcet>
            <wcet number="1">30</wcet>
            <maxpow number="0.38455109253800285"/>
            <maxpow number="0.38455109253800285"/>
            <fprob>0.0</fprob>
        </actor>
        <actor name="D0N21">
            <wcet number="0">40</wcet>
            <wcet number="1">60</wcet>
            <maxpow number="0.7059909296708137"/>
            <maxpow number="0.7059909296708137"/>
            <fprob>0.0</fprob>
        </actor>
        <actor name="D0N20">
            <wcet number="0">20</wcet>
            <wcet number="1">20</wcet>
            <maxpow number="0.5692629777892974"/>
            <maxpow number="0.5692629777892974"/>
            <fprob>0.0</fprob>
        </actor>
        <actor name="D0N18">
            <wcet number="0">90</wcet>
            <wcet number="1">100</wcet>
            <maxpow number="0.3219081786649908"/>
            <maxpow number="0.3219081786649908"/>
            <fprob>0.0</fprob>
        </actor>
        <actor name="D0N41">
            <wcet number="0">100</wcet>
            <wcet number="1">160</wcet>
            <maxpow number="0.5098256665165461"/>
            <maxpow number="0.5098256665165461"/>
            <fprob>0.0</fprob>
        </actor>
        <actor name="D0N46">
            <wcet number="0">30</wcet>
            <wcet number="1">120</wcet>
            <maxpow number="0.5857163221199969"/>
            <maxpow number="0.5857163221199969"/>
            <fprob>0.0</fprob>
        </actor>
        <actor name="D0N39">
            <wcet number="0">20</wcet>
            <wcet number="1">40</wcet>
            <maxpow number="0.8994987985590467"/>
            <maxpow number="0.8994987985590467"/>
            <fprob>0.0</fprob>
        </actor>
        <actor name="D0N36">
            <wcet number="0">50</wcet>
            <wcet number="1">80</wcet>
            <maxpow number="0.1924664291240531"/>
            <maxpow number="0.1924664291240531"/>
            <fprob>0.0</fprob>
        </actor>
        <actor name="D0N0">
            <wcet number="0">160</wcet>
            <wcet number="1">160</wcet>
            <maxpow number="0.4892762103804671"/>
            <maxpow number="0.4892762103804671"/>
            <fprob>0.0</fprob>
        </actor>
        <actor name="D0N14">
            <wcet number="0">60</wcet>
            <wcet number="1">70</wcet>
            <maxpow number="0.5170230912581572"/>
            <maxpow number="0.5170230912581572"/>
            <fprob>0.0</fprob>
        </actor>
        <actor name="D0N3">
            <wcet number="0">10</wcet>
            <wcet number="1">110</wcet>
            <maxpow number="0.2617998039979946"/>
            <maxpow number="0.2617998039979946"/>
            <fprob>0.0</fprob>
        </actor>
        <actor name="D0N33">
            <wcet number="0">20</wcet>
            <wcet number="1">30</wcet>
            <maxpow number="0.47655840484088735"/>
            <maxpow number="0.47655840484088735"/>
            <fprob>0.0</fprob>
        </actor>
        <actor name="D0N4">
            <wcet number="0">80</wcet>
            <wcet number="1">80</wcet>
            <maxpow number="0.7747973059566613"/>
            <maxpow number="0.7747973059566613"/>
            <fprob>0.0</fprob>
        </actor>
        <actor name="D0N24">
            <wcet number="0">10</wcet>
            <wcet number="1">20</wcet>
            <maxpow number="0.6118923339674629"/>
            <maxpow number="0.6118923339674629"/>
            <fprob>0.0</fprob>
        </actor>
        <actor name="D0N22">
            <wcet number="0">10</wcet>
            <wcet number="1">40</wcet>
            <maxpow number="0.7405446928519965"/>
            <maxpow number="0.7405446928519965"/>
            <fprob>0.0</fprob>
        </actor>
        <actor name="D0N9">
            <wcet number="0">40</wcet>
            <wcet number="1">40</wcet>
            <maxpow number="0.6782878924965563"/>
            <maxpow number="0.6782878924965563"/>
            <fprob>0.0</fprob>
        </actor>
        <actor name="D0N7">
            <wcet number="0">10</wcet>
            <wcet number="1">10</wcet>
            <maxpow number="0.483709457737314"/>
            <maxpow number="0.483709457737314"/>
            <fprob>0.0</fprob>
        </actor>
        <actor name="D0N30">
            <wcet number="0">60</wcet>
            <wcet number="1">90</wcet>
            <maxpow number="0.6451798858644439"/>
            <maxpow number="0.6451798858644439"/>
            <fprob>0.0</fprob>
        </actor>
        <actor name="D0N32">
            <wcet number="0">10</wcet>
            <wcet number="1">20</wcet>
            <maxpow number="0.4202697199903809"/>
            <maxpow number="0.4202697199903809"/>
            <fprob>0.0</fprob>
        </actor>
        <actor name="D0N5">
            <wcet number="0">80</wcet>
            <wcet number="1">120</wcet>
            <maxpow number="0.7818499449465051"/>
            <maxpow number="0.7818499449465051"/>
            <fprob>0.0</fprob>
        </actor>
        <actor name="D0N31">
            <wcet number="0">410</wcet>
            <wcet number="1">410</wcet>
            <maxpow number="0.7312719071232205"/>
            <maxpow number="0.7312719071232205"/>
            <fprob>0.0</fprob>
        </actor>
        <actor name="D0N28">
            <wcet number="0">10</wcet>
            <wcet number="1">160</wcet>
            <maxpow number="0.5095973194932285"/>
            <maxpow number="0.5095973194932285"/>
            <fprob>0.0</fprob>
        </actor>
        <actor name="D0N42">
            <wcet number="0">60</wcet>
            <wcet number="1">250</wcet>
            <maxpow number="0.18903374489482971"/>
            <maxpow number="0.18903374489482971"/>
            <fprob>0.0</fprob>
        </actor>
        <actor name="D0N26">
            <wcet number="0">40</wcet>
            <wcet number="1">220</wcet>
            <maxpow number="0.8880653354224206"/>
            <maxpow number="0.8880653354224206"/>
            <fprob>0.0</fprob>
        </actor>
        <actor name="D0N47">
            <wcet number="0">10</wcet>
            <wcet number="1">190</wcet>
            <maxpow number="0.6432520864701277"/>
            <maxpow number="0.6432520864701277"/>
            <fprob>0.0</fprob>
        </actor>
        <actor name="D0N12">
            <wcet number="0">130</wcet>
            <wcet number="1">310</wcet>
            <maxpow number="0.5423984443459376"/>
            <maxpow number="0.5423984443459376"/>
            <fprob>0.0</fprob>
        </actor>
        <actor name="D0N17">
            <wcet number="0">160</wcet>
            <wcet number="1">190</wcet>
            <maxpow number="0.4996827225542842"/>
            <maxpow number="0.4996827225542842"/>
            <fprob>0.0</fprob>
        </actor>
        <actor name="D0N16">
            <wcet number="0">40</wcet>
            <wcet number="1">40</wcet>
            <maxpow number="0.5684684968998425"/>
            <maxpow number="0.5684684968998425"/>
            <fprob>0.0</fprob>
        </actor>
        <actor name="D0N23">
            <wcet number="0">10</wcet>
            <wcet number="1">80</wcet>
            <maxpow number="0.1363973645602003"/>
            <maxpow number="0.1363973645602003"/>
            <fprob>0.0</fprob>
        </actor>
        <actor name="D0N34">
            <wcet number="0">100</wcet>
            <wcet number="1">120</wcet>
            <maxpow number="0.2867459029914319"/>
            <maxpow number="0.2867459029914319"/>
            <fprob>0.0</fprob>
        </actor>
        <actor name="D0N25">
            <wcet number="0">60</wcet>
            <wcet number="1">80</wcet>
            <maxpow number="0.5006548814137372"/>
            <maxpow number="0.5006548814137372"/>
            <fprob>0.0</fprob>
        </actor>
        <actor name="D0N1">
            <wcet number="0">30</wcet>
            <wcet number="1">40</wcet>
            <maxpow number="0.5638694236148829"/>
            <maxpow number="0.5638694236148829"/>
            <fprob>0.0</fprob>
        </actor>
        <actor name="D0N35">
            <wcet number="0">70</wcet>
            <wcet number="1">200</wcet>
            <maxpow number="0.3043424965340171"/>
            <maxpow number="0.3043424965340171"/>
            <fprob>0.0</fprob>
        </actor>
        <actor name="D0N44">
            <wcet number="0">10</wcet>
            <wcet number="1">10</wcet>
            <maxpow number="0.5653915552928048"/>
            <maxpow number="0.5653915552928048"/>
            <fprob>0.0</fprob>
        </actor>
        <actor name="D0N10">
            <wcet number="0">10</wcet>
            <wcet number="1">20</wcet>
            <maxpow number="0.4569355817159693"/>
            <maxpow number="0.4569355817159693"/>
            <fprob>0.0</fprob>
        </actor>
        <actor name="D0N15">
            <wcet number="0">90</wcet>
            <wcet number="1">110</wcet>
            <maxpow number="0.6368028486960707"/>
            <maxpow number="0.6368028486960707"/>
            <fprob>0.0</fprob>
        </actor>
        <actor name="D0N48">
            <wcet number="0">60</wcet>
            <wcet number="1">100</wcet>
            <maxpow number="0.37841116224299803"/>
            <maxpow number="0.37841116224299803"/>
            <fprob>0.0</fprob>
        </actor>
        <actor name="D0N8">
            <wcet number="0">110</wcet>
            <wcet number="1">140</wcet>
            <maxpow number="0.6785441336005276"/>
            <maxpow number="0.6785441336005276"/>
            <fprob>0.0</fprob>
        </actor>
        <actor name="D0N6">
            <wcet number="0">40</wcet>
            <wcet number="1">90</wcet>
            <maxpow number="0.7522115449851783"/>
            <maxpow number="0.7522115449851783"/>
            <fprob>0.0</fprob>
        </actor>
        <actor name="D0N19">
            <wcet number="0">30</wcet>
            <wcet number="1">30</wcet>
            <maxpow number="0.6425755276658621"/>
            <maxpow number="0.6425755276658621"/>
            <fprob>0.0</fprob>
        </actor>
        <actor name="D0N45">
            <wcet number="0">210</wcet>
            <wcet number="1">580</wcet>
            <maxpow number="0.5380334456505682"/>
            <maxpow number="0.5380334456505682"/>
            <fprob>0.0</fprob>
        </actor>
        <ports>
            <port dstActor="D0N18" name="p0" srcActor="D0N13"/>
            <port dstActor="D0N34" name="p1" srcActor="D0N13"/>
            <port dstActor="D0N35" name="p2" srcActor="D0N13"/>
            <port dstActor="D0N30" name="p3" srcActor="D0N13"/>
            <port dstActor="D0N15" name="p4" srcActor="D0N13"/>
            <port dstActor="D0N44" name="p5" srcActor="D0N27"/>
            <port dstActor="D0N43" name="p6" srcActor="D0N37"/>
            <port dstActor="D0N42" name="p7" srcActor="D0N38"/>
            <port dstActor="D0N47" name="p8" srcActor="D0N43"/>
            <port dstActor="D0N42" name="p9" srcActor="D0N29"/>
            <port dstActor="D0N45" name="p10" srcActor="D0N29"/>
            <port dstActor="D0N41" name="p11" srcActor="D0N11"/>
            <port dstActor="D0N48" name="p12" srcActor="D0N11"/>
            <port dstActor="D0N23" name="p13" srcActor="D0N11"/>
            <port dstActor="D0N24" name="p14" srcActor="D0N11"/>
            <port dstActor="D0N18" name="p15" srcActor="D0N11"/>
            <port dstActor="D0N39" name="p16" srcActor="D0N11"/>
            <port dstActor="D0N16" name="p17" srcActor="D0N2"/>
            <port dstActor="D0N11" name="p18" srcActor="D0N2"/>
            <port dstActor="D0N13" name="p19" srcActor="D0N2"/>
            <port dstActor="D0N15" name="p20" srcActor="D0N2"/>
            <port dstActor="D0N21" name="p21" srcActor="D0N2"/>
            <port dstActor="D0N4" name="p22" srcActor="D0N2"/>
            <port dstActor="D0N35" name="p23" srcActor="D0N2"/>
            <port dstActor="D0N3" name="p24" srcActor="D0N2"/>
            <port dstActor="D0N40" name="p25" srcActor="D0N21"/>
            <port dstActor="D0N26" name="p26" srcActor="D0N21"/>
            <port dstActor="D0N32" name="p27" srcActor="D0N21"/>
            <port dstActor="D0N21" name="p28" srcActor="D0N20"/>
            <port dstActor="D0N31" name="p29" srcActor="D0N20"/>
            <port dstActor="D0N32" name="p30" srcActor="D0N18"/>
            <port dstActor="D0N23" name="p31" srcActor="D0N18"/>
            <port dstActor="D0N36" name="p32" srcActor="D0N18"/>
            <port dstActor="D0N40" name="p33" srcActor="D0N18"/>
            <port dstActor="D0N45" name="p34" srcActor="D0N18"/>
            <port dstActor="D0N45" name="p35" srcActor="D0N41"/>
            <port dstActor="D0N48" name="p36" srcActor="D0N46"/>
            <port dstActor="D0N41" name="p37" srcActor="D0N39"/>
            <port dstActor="D0N42" name="p38" srcActor="D0N39"/>
            <port dstActor="D0N48" name="p39" srcActor="D0N36"/>
            <port dstActor="D0N32" name="p40" srcActor="D0N0"/>
            <port dstActor="D0N1" name="p41" srcActor="D0N0"/>
            <port dstActor="D0N26" name="p42" srcActor="D0N14"/>
            <port dstActor="D0N43" name="p43" srcActor="D0N14"/>
            <port dstActor="D0N46" name="p44" srcActor="D0N3"/>
            <port dstActor="D0N25" name="p45" srcActor="D0N3"/>
            <port dstActor="D0N36" name="p46" srcActor="D0N3"/>
            <port dstActor="D0N38" name="p47" srcActor="D0N3"/>
            <port dstActor="D0N39" name="p48" srcActor="D0N33"/>
            <port dstActor="D0N42" name="p49" srcActor="D0N4"/>
            <port dstActor="D0N9" name="p50" srcActor="D0N4"/>
            <port dstActor="D0N15" name="p51" srcActor="D0N4"/>
            <port dstActor="D0N32" name="p52" srcActor="D0N4"/>
            <port dstActor="D0N42" name="p53" srcActor="D0N24"/>
            <port dstActor="D0N35" name="p54" srcActor="D0N9"/>
            <port dstActor="D0N43" name="p55" srcActor="D0N9"/>
            <port dstActor="D0N46" name="p56" srcActor="D0N9"/>
            <port dstActor="D0N26" name="p57" srcActor="D0N9"/>
            <port dstActor="D0N39" name="p58" srcActor="D0N9"/>
            <port dstActor="D0N22" name="p59" srcActor="D0N9"/>
            <port dstActor="D0N13" name="p60" srcActor="D0N9"/>
            <port dstActor="D0N22" name="p61" srcActor="D0N7"/>
            <port dstActor="D0N14" name="p62" srcActor="D0N7"/>
            <port dstActor="D0N33" name="p63" srcActor="D0N7"/>
            <port dstActor="D0N19" name="p64" srcActor="D0N7"/>
            <port dstActor="D0N42" name="p65" srcActor="D0N7"/>
            <port dstActor="D0N35" name="p66" srcActor="D0N30"/>
            <port dstActor="D0N25" name="p67" srcActor="D0N5"/>
            <port dstActor="D0N38" name="p68" srcActor="D0N5"/>
            <port dstActor="D0N43" name="p69" srcActor="D0N5"/>
            <port dstActor="D0N35" name="p70" srcActor="D0N31"/>
            <port dstActor="D0N31" name="p71" srcActor="D0N28"/>
            <port dstActor="D0N33" name="p72" srcActor="D0N28"/>
            <port dstActor="D0N29" name="p73" srcActor="D0N26"/>
            <port dstActor="D0N42" name="p74" srcActor="D0N12"/>
            <port dstActor="D0N38" name="p75" srcActor="D0N12"/>
            <port dstActor="D0N28" name="p76" srcActor="D0N12"/>
            <port dstActor="D0N43" name="p77" srcActor="D0N12"/>
            <port dstActor="D0N14" name="p78" srcActor="D0N12"/>
            <port dstActor="D0N20" name="p79" srcActor="D0N12"/>
            <port dstActor="D0N27" name="p80" srcActor="D0N17"/>
            <port dstActor="D0N37" name="p81" srcActor="D0N17"/>
            <port dstActor="D0N19" name="p82" srcActor="D0N17"/>
            <port dstActor="D0N45" name="p83" srcActor="D0N16"/>
            <port dstActor="D0N37" name="p84" srcActor="D0N16"/>
            <port dstActor="D0N46" name="p85" srcActor="D0N16"/>
            <port dstActor="D0N35" name="p86" srcActor="D0N16"/>
            <port dstActor="D0N47" name="p87" srcActor="D0N23"/>
            <port dstActor="D0N36" name="p88" srcActor="D0N34"/>
            <port dstActor="D0N43" name="p89" srcActor="D0N25"/>
            <port dstActor="D0N27" name="p90" srcActor="D0N25"/>
            <port dstActor="D0N32" name="p91" srcActor="D0N1"/>
            <port dstActor="D0N6" name="p92" srcActor="D0N1"/>
            <port dstActor="D0N24" name="p93" srcActor="D0N1"/>
            <port dstActor="D0N39" name="p94" srcActor="D0N1"/>
            <port dstActor="D0N47" name="p95" srcActor="D0N1"/>
            <port dstActor="D0N12" name="p96" srcActor="D0N10"/>
            <port dstActor="D0N26" name="p97" srcActor="D0N10"/>
            <port dstActor="D0N43" name="p98" srcActor="D0N10"/>
            <port dstActor="D0N24" name="p99" srcActor="D0N15"/>
            <port dstActor="D0N46" name="p100" srcActor="D0N15"/>
            <port dstActor="D0N43" name="p101" srcActor="D0N15"/>
            <port dstActor="D0N47" name="p102" srcActor="D0N8"/>
            <port dstActor="D0N33" name="p103" srcActor="D0N8"/>
            <port dstActor="D0N11" name="p104" srcActor="D0N8"/>
            <port dstActor="D0N37" name="p105" srcActor="D0N8"/>
            <port dstActor="D0N43" name="p106" srcActor="D0N6"/>
            <port dstActor="D0N20" name="p107" srcActor="D0N6"/>
            <port dstActor="D0N22" name="p108" srcActor="D0N6"/>
            <port dstActor="D0N47" name="p109" srcActor="D0N19"/>
            <port dstActor="D0N29" name="p110" srcActor="D0N19"/>
        </ports>
    </mcdag>
    <cores number="3"/>
    <levels number="2"/>
</mcsystem>
