<?xml version="1.0" encoding="UTF-8" standalone="no"?>
<mcsystem>
    <mcdag deadline="1500" name="genned-0-ed-10.0-0">
        <actor name="D0N30">
            <wcet number="0">10</wcet>
            <wcet number="1">120</wcet>
            <maxpow number="0.5792216821277903"/>
            <maxpow number="0.5792216821277903"/>
            <fprob>0.0</fprob>
        </actor>
        <actor name="D0N40">
            <wcet number="0">10</wcet>
            <wcet number="1">10</wcet>
            <maxpow number="1.0182191951983606"/>
            <maxpow number="1.0182191951983606"/>
            <fprob>0.0</fprob>
        </actor>
        <actor name="D0N5">
            <wcet number="0">30</wcet>
            <wcet number="1">190</wcet>
            <maxpow number="0.16679189463890315"/>
            <maxpow number="0.16679189463890315"/>
            <fprob>0.0</fprob>
        </actor>
        <actor name="D0N36">
            <wcet number="0">90</wcet>
            <wcet number="1">150</wcet>
            <maxpow number="0.5778366093480903"/>
            <maxpow number="0.5778366093480903"/>
            <fprob>0.0</fprob>
        </actor>
        <actor name="D0N39">
            <wcet number="0">60</wcet>
            <wcet number="1">110</wcet>
            <maxpow number="0.747366873400218"/>
            <maxpow number="0.747366873400218"/>
            <fprob>0.0</fprob>
        </actor>
        <actor name="D0N31">
            <wcet number="0">350</wcet>
            <wcet number="1">420</wcet>
            <maxpow number="0.8530138139166685"/>
            <maxpow number="0.8530138139166685"/>
            <fprob>0.0</fprob>
        </actor>
        <actor name="D0N18">
            <wcet number="0">90</wcet>
            <wcet number="1">100</wcet>
            <maxpow number="0.41026732594924753"/>
            <maxpow number="0.41026732594924753"/>
            <fprob>0.0</fprob>
        </actor>
        <actor name="D0N29">
            <wcet number="0">120</wcet>
            <wcet number="1">170</wcet>
            <maxpow number="0.6296526190548122"/>
            <maxpow number="0.6296526190548122"/>
            <fprob>0.0</fprob>
        </actor>
        <actor name="D0N3">
            <wcet number="0">20</wcet>
            <wcet number="1">20</wcet>
            <maxpow number="0.445109811266336"/>
            <maxpow number="0.445109811266336"/>
            <fprob>0.0</fprob>
        </actor>
        <actor name="D0N21">
            <wcet number="0">20</wcet>
            <wcet number="1">30</wcet>
            <maxpow number="0.40225187266563867"/>
            <maxpow number="0.40225187266563867"/>
            <fprob>0.0</fprob>
        </actor>
        <actor name="D0N1">
            <wcet number="0">270</wcet>
            <wcet number="1">360</wcet>
            <maxpow number="0.6795922837223345"/>
            <maxpow number="0.6795922837223345"/>
            <fprob>0.0</fprob>
        </actor>
        <actor name="D0N24">
            <wcet number="0">120</wcet>
            <wcet number="1">140</wcet>
            <maxpow number="0.8439743731257917"/>
            <maxpow number="0.8439743731257917"/>
            <fprob>0.0</fprob>
        </actor>
        <actor name="D0N15">
            <wcet number="0">10</wcet>
            <wcet number="1">80</wcet>
            <maxpow number="0.49103356037761364"/>
            <maxpow number="0.49103356037761364"/>
            <fprob>0.0</fprob>
        </actor>
        <actor name="D0N14">
            <wcet number="0">10</wcet>
            <wcet number="1">20</wcet>
            <maxpow number="0.41730495243401283"/>
            <maxpow number="0.41730495243401283"/>
            <fprob>0.0</fprob>
        </actor>
        <actor name="D0N27">
            <wcet number="0">80</wcet>
            <wcet number="1">140</wcet>
            <maxpow number="0.6835315901763388"/>
            <maxpow number="0.6835315901763388"/>
            <fprob>0.0</fprob>
        </actor>
        <actor name="D0N4">
            <wcet number="0">120</wcet>
            <wcet number="1">120</wcet>
            <maxpow number="0.6880740058071454"/>
            <maxpow number="0.6880740058071454"/>
            <fprob>0.0</fprob>
        </actor>
        <actor name="D0N34">
            <wcet number="0">20</wcet>
            <wcet number="1">60</wcet>
            <maxpow number="0.7497388407887193"/>
            <maxpow number="0.7497388407887193"/>
            <fprob>0.0</fprob>
        </actor>
        <actor name="D0N35">
            <wcet number="0">20</wcet>
            <wcet number="1">110</wcet>
            <maxpow number="0.780716122495489"/>
            <maxpow number="0.780716122495489"/>
            <fprob>0.0</fprob>
        </actor>
        <actor name="D0N25">
            <wcet number="0">10</wcet>
            <wcet number="1">10</wcet>
            <maxpow number="0.6138225006793916"/>
            <maxpow number="0.6138225006793916"/>
            <fprob>0.0</fprob>
        </actor>
        <actor name="D0N37">
            <wcet number="0">50</wcet>
            <wcet number="1">80</wcet>
            <maxpow number="0.48054625110647686"/>
            <maxpow number="0.48054625110647686"/>
            <fprob>0.0</fprob>
        </actor>
        <actor name="D0N26">
            <wcet number="0">50</wcet>
            <wcet number="1">110</wcet>
            <maxpow number="0.7630955660388801"/>
            <maxpow number="0.7630955660388801"/>
            <fprob>0.0</fprob>
        </actor>
        <actor name="D0N42">
            <wcet number="0">20</wcet>
            <wcet number="1">40</wcet>
            <maxpow number="0.662011251823122"/>
            <maxpow number="0.662011251823122"/>
            <fprob>0.0</fprob>
        </actor>
        <actor name="D0N22">
            <wcet number="0">60</wcet>
            <wcet number="1">70</wcet>
            <maxpow number="0.30170564483354534"/>
            <maxpow number="0.30170564483354534"/>
            <fprob>0.0</fprob>
        </actor>
        <actor name="D0N23">
            <wcet number="0">20</wcet>
            <wcet number="1">30</wcet>
            <maxpow number="0.4997443851241622"/>
            <maxpow number="0.4997443851241622"/>
            <fprob>0.0</fprob>
        </actor>
        <actor name="D0N38">
            <wcet number="0">60</wcet>
            <wcet number="1">60</wcet>
            <maxpow number="0.5644374450089705"/>
            <maxpow number="0.5644374450089705"/>
            <fprob>0.0</fprob>
        </actor>
        <actor name="D0N2">
            <wcet number="0">40</wcet>
            <wcet number="1">70</wcet>
            <maxpow number="0.6825445891097098"/>
            <maxpow number="0.6825445891097098"/>
            <fprob>0.0</fprob>
        </actor>
        <actor name="D0N0">
            <wcet number="0">70</wcet>
            <wcet number="1">140</wcet>
            <maxpow number="0.5363800772570314"/>
            <maxpow number="0.5363800772570314"/>
            <fprob>0.0</fprob>
        </actor>
        <actor name="D0N32">
            <wcet number="0">50</wcet>
            <wcet number="1">60</wcet>
            <maxpow number="0.7584136400593526"/>
            <maxpow number="0.7584136400593526"/>
            <fprob>0.0</fprob>
        </actor>
        <actor name="D0N46">
            <wcet number="0">40</wcet>
            <wcet number="1">140</wcet>
            <maxpow number="0.524656377756005"/>
            <maxpow number="0.524656377756005"/>
            <fprob>0.0</fprob>
        </actor>
        <actor name="D0N13">
            <wcet number="0">20</wcet>
            <wcet number="1">100</wcet>
            <maxpow number="0.7382798798947974"/>
            <maxpow number="0.7382798798947974"/>
            <fprob>0.0</fprob>
        </actor>
        <actor name="D0N19">
            <wcet number="0">10</wcet>
            <wcet number="1">30</wcet>
            <maxpow number="0.64553956727983"/>
            <maxpow number="0.64553956727983"/>
            <fprob>0.0</fprob>
        </actor>
        <actor name="D0N41">
            <wcet number="0">10</wcet>
            <wcet number="1">20</wcet>
            <maxpow number="0.5655295226898209"/>
            <maxpow number="0.5655295226898209"/>
            <fprob>0.0</fprob>
        </actor>
        <actor name="D0N44">
            <wcet number="0">10</wcet>
            <wcet number="1">80</wcet>
            <maxpow number="0.5068438675823188"/>
            <maxpow number="0.5068438675823188"/>
            <fprob>0.0</fprob>
        </actor>
        <actor name="D0N17">
            <wcet number="0">10</wcet>
            <wcet number="1">20</wcet>
            <maxpow number="0.48726150944705815"/>
            <maxpow number="0.48726150944705815"/>
            <fprob>0.0</fprob>
        </actor>
        <actor name="D0N43">
            <wcet number="0">80</wcet>
            <wcet number="1">80</wcet>
            <maxpow number="0.5397106842378585"/>
            <maxpow number="0.5397106842378585"/>
            <fprob>0.0</fprob>
        </actor>
        <actor name="D0N33">
            <wcet number="0">10</wcet>
            <wcet number="1">30</wcet>
            <maxpow number="0.340099760190366"/>
            <maxpow number="0.340099760190366"/>
            <fprob>0.0</fprob>
        </actor>
        <actor name="D0N20">
            <wcet number="0">120</wcet>
            <wcet number="1">130</wcet>
            <maxpow number="0.5035105489849663"/>
            <maxpow number="0.5035105489849663"/>
            <fprob>0.0</fprob>
        </actor>
        <actor name="D0N11">
            <wcet number="0">20</wcet>
            <wcet number="1">40</wcet>
            <maxpow number="0.34732445532986"/>
            <maxpow number="0.34732445532986"/>
            <fprob>0.0</fprob>
        </actor>
        <actor name="D0N8">
            <wcet number="0">20</wcet>
            <wcet number="1">50</wcet>
            <maxpow number="0.7657471368801511"/>
            <maxpow number="0.7657471368801511"/>
            <fprob>0.0</fprob>
        </actor>
        <actor name="D0N12">
            <wcet number="0">20</wcet>
            <wcet number="1">50</wcet>
            <maxpow number="0.3753592972357445"/>
            <maxpow number="0.3753592972357445"/>
            <fprob>0.0</fprob>
        </actor>
        <actor name="D0N28">
            <wcet number="0">20</wcet>
            <wcet number="1">20</wcet>
            <maxpow number="0.25771434852421227"/>
            <maxpow number="0.25771434852421227"/>
            <fprob>0.0</fprob>
        </actor>
        <actor name="D0N47">
            <wcet number="0">10</wcet>
            <wcet number="1">60</wcet>
            <maxpow number="0.6002668366896923"/>
            <maxpow number="0.6002668366896923"/>
            <fprob>0.0</fprob>
        </actor>
        <actor name="D0N7">
            <wcet number="0">50</wcet>
            <wcet number="1">80</wcet>
            <maxpow number="0.4095000528372832"/>
            <maxpow number="0.4095000528372832"/>
            <fprob>0.0</fprob>
        </actor>
        <actor name="D0N45">
            <wcet number="0">30</wcet>
            <wcet number="1">60</wcet>
            <maxpow number="0.7942479208513912"/>
            <maxpow number="0.7942479208513912"/>
            <fprob>0.0</fprob>
        </actor>
        <actor name="D0N6">
            <wcet number="0">140</wcet>
            <wcet number="1">160</wcet>
            <maxpow number="0.6271743660002813"/>
            <maxpow number="0.6271743660002813"/>
            <fprob>0.0</fprob>
        </actor>
        <actor name="D0N16">
            <wcet number="0">10</wcet>
            <wcet number="1">10</wcet>
            <maxpow number="0.3737485056918125"/>
            <maxpow number="0.3737485056918125"/>
            <fprob>0.0</fprob>
        </actor>
        <actor name="D0N10">
            <wcet number="0">120</wcet>
            <wcet number="1">160</wcet>
            <maxpow number="0.5636998715841688"/>
            <maxpow number="0.5636998715841688"/>
            <fprob>0.0</fprob>
        </actor>
        <actor name="D0N9">
            <wcet number="0">10</wcet>
            <wcet number="1">10</wcet>
            <maxpow number="0.9601629802404735"/>
            <maxpow number="0.9601629802404735"/>
            <fprob>0.0</fprob>
        </actor>
        <ports>
            <port dstActor="D0N46" name="p0" srcActor="D0N30"/>
            <port dstActor="D0N41" name="p1" srcActor="D0N40"/>
            <port dstActor="D0N43" name="p2" srcActor="D0N40"/>
            <port dstActor="D0N43" name="p3" srcActor="D0N5"/>
            <port dstActor="D0N9" name="p4" srcActor="D0N5"/>
            <port dstActor="D0N37" name="p5" srcActor="D0N36"/>
            <port dstActor="D0N46" name="p6" srcActor="D0N39"/>
            <port dstActor="D0N41" name="p7" srcActor="D0N31"/>
            <port dstActor="D0N33" name="p8" srcActor="D0N31"/>
            <port dstActor="D0N42" name="p9" srcActor="D0N18"/>
            <port dstActor="D0N30" name="p10" srcActor="D0N29"/>
            <port dstActor="D0N42" name="p11" srcActor="D0N29"/>
            <port dstActor="D0N45" name="p12" srcActor="D0N3"/>
            <port dstActor="D0N32" name="p13" srcActor="D0N3"/>
            <port dstActor="D0N22" name="p14" srcActor="D0N3"/>
            <port dstActor="D0N4" name="p15" srcActor="D0N3"/>
            <port dstActor="D0N26" name="p16" srcActor="D0N21"/>
            <port dstActor="D0N34" name="p17" srcActor="D0N21"/>
            <port dstActor="D0N34" name="p18" srcActor="D0N1"/>
            <port dstActor="D0N11" name="p19" srcActor="D0N1"/>
            <port dstActor="D0N17" name="p20" srcActor="D0N1"/>
            <port dstActor="D0N12" name="p21" srcActor="D0N1"/>
            <port dstActor="D0N9" name="p22" srcActor="D0N1"/>
            <port dstActor="D0N14" name="p23" srcActor="D0N1"/>
            <port dstActor="D0N25" name="p24" srcActor="D0N24"/>
            <port dstActor="D0N43" name="p25" srcActor="D0N24"/>
            <port dstActor="D0N39" name="p26" srcActor="D0N24"/>
            <port dstActor="D0N26" name="p27" srcActor="D0N24"/>
            <port dstActor="D0N37" name="p28" srcActor="D0N24"/>
            <port dstActor="D0N17" name="p29" srcActor="D0N15"/>
            <port dstActor="D0N27" name="p30" srcActor="D0N14"/>
            <port dstActor="D0N23" name="p31" srcActor="D0N14"/>
            <port dstActor="D0N47" name="p32" srcActor="D0N27"/>
            <port dstActor="D0N32" name="p33" srcActor="D0N27"/>
            <port dstActor="D0N24" name="p34" srcActor="D0N4"/>
            <port dstActor="D0N11" name="p35" srcActor="D0N4"/>
            <port dstActor="D0N44" name="p36" srcActor="D0N4"/>
            <port dstActor="D0N40" name="p37" srcActor="D0N4"/>
            <port dstActor="D0N15" name="p38" srcActor="D0N4"/>
            <port dstActor="D0N36" name="p39" srcActor="D0N4"/>
            <port dstActor="D0N37" name="p40" srcActor="D0N35"/>
            <port dstActor="D0N44" name="p41" srcActor="D0N35"/>
            <port dstActor="D0N28" name="p42" srcActor="D0N25"/>
            <port dstActor="D0N39" name="p43" srcActor="D0N37"/>
            <port dstActor="D0N47" name="p44" srcActor="D0N37"/>
            <port dstActor="D0N42" name="p45" srcActor="D0N37"/>
            <port dstActor="D0N32" name="p46" srcActor="D0N26"/>
            <port dstActor="D0N47" name="p47" srcActor="D0N26"/>
            <port dstActor="D0N25" name="p48" srcActor="D0N22"/>
            <port dstActor="D0N36" name="p49" srcActor="D0N22"/>
            <port dstActor="D0N44" name="p50" srcActor="D0N22"/>
            <port dstActor="D0N30" name="p51" srcActor="D0N22"/>
            <port dstActor="D0N23" name="p52" srcActor="D0N22"/>
            <port dstActor="D0N47" name="p53" srcActor="D0N38"/>
            <port dstActor="D0N29" name="p54" srcActor="D0N2"/>
            <port dstActor="D0N42" name="p55" srcActor="D0N2"/>
            <port dstActor="D0N42" name="p56" srcActor="D0N0"/>
            <port dstActor="D0N8" name="p57" srcActor="D0N0"/>
            <port dstActor="D0N45" name="p58" srcActor="D0N32"/>
            <port dstActor="D0N41" name="p59" srcActor="D0N32"/>
            <port dstActor="D0N44" name="p60" srcActor="D0N32"/>
            <port dstActor="D0N33" name="p61" srcActor="D0N32"/>
            <port dstActor="D0N28" name="p62" srcActor="D0N13"/>
            <port dstActor="D0N22" name="p63" srcActor="D0N13"/>
            <port dstActor="D0N32" name="p64" srcActor="D0N19"/>
            <port dstActor="D0N41" name="p65" srcActor="D0N19"/>
            <port dstActor="D0N29" name="p66" srcActor="D0N19"/>
            <port dstActor="D0N20" name="p67" srcActor="D0N19"/>
            <port dstActor="D0N40" name="p68" srcActor="D0N19"/>
            <port dstActor="D0N46" name="p69" srcActor="D0N41"/>
            <port dstActor="D0N45" name="p70" srcActor="D0N41"/>
            <port dstActor="D0N25" name="p71" srcActor="D0N17"/>
            <port dstActor="D0N28" name="p72" srcActor="D0N17"/>
            <port dstActor="D0N39" name="p73" srcActor="D0N17"/>
            <port dstActor="D0N41" name="p74" srcActor="D0N17"/>
            <port dstActor="D0N18" name="p75" srcActor="D0N17"/>
            <port dstActor="D0N40" name="p76" srcActor="D0N33"/>
            <port dstActor="D0N41" name="p77" srcActor="D0N33"/>
            <port dstActor="D0N39" name="p78" srcActor="D0N20"/>
            <port dstActor="D0N28" name="p79" srcActor="D0N20"/>
            <port dstActor="D0N38" name="p80" srcActor="D0N20"/>
            <port dstActor="D0N47" name="p81" srcActor="D0N20"/>
            <port dstActor="D0N31" name="p82" srcActor="D0N20"/>
            <port dstActor="D0N36" name="p83" srcActor="D0N11"/>
            <port dstActor="D0N28" name="p84" srcActor="D0N11"/>
            <port dstActor="D0N32" name="p85" srcActor="D0N8"/>
            <port dstActor="D0N19" name="p86" srcActor="D0N8"/>
            <port dstActor="D0N39" name="p87" srcActor="D0N12"/>
            <port dstActor="D0N24" name="p88" srcActor="D0N12"/>
            <port dstActor="D0N27" name="p89" srcActor="D0N12"/>
            <port dstActor="D0N45" name="p90" srcActor="D0N28"/>
            <port dstActor="D0N38" name="p91" srcActor="D0N28"/>
            <port dstActor="D0N30" name="p92" srcActor="D0N28"/>
            <port dstActor="D0N33" name="p93" srcActor="D0N28"/>
            <port dstActor="D0N18" name="p94" srcActor="D0N7"/>
            <port dstActor="D0N45" name="p95" srcActor="D0N7"/>
            <port dstActor="D0N22" name="p96" srcActor="D0N7"/>
            <port dstActor="D0N37" name="p97" srcActor="D0N7"/>
            <port dstActor="D0N43" name="p98" srcActor="D0N7"/>
            <port dstActor="D0N36" name="p99" srcActor="D0N7"/>
            <port dstActor="D0N21" name="p100" srcActor="D0N6"/>
            <port dstActor="D0N22" name="p101" srcActor="D0N6"/>
            <port dstActor="D0N23" name="p102" srcActor="D0N6"/>
            <port dstActor="D0N34" name="p103" srcActor="D0N6"/>
            <port dstActor="D0N33" name="p104" srcActor="D0N6"/>
            <port dstActor="D0N41" name="p105" srcActor="D0N6"/>
            <port dstActor="D0N23" name="p106" srcActor="D0N16"/>
            <port dstActor="D0N20" name="p107" srcActor="D0N16"/>
            <port dstActor="D0N24" name="p108" srcActor="D0N10"/>
            <port dstActor="D0N34" name="p109" srcActor="D0N10"/>
            <port dstActor="D0N47" name="p110" srcActor="D0N10"/>
            <port dstActor="D0N26" name="p111" srcActor="D0N9"/>
            <port dstActor="D0N43" name="p112" srcActor="D0N9"/>
            <port dstActor="D0N14" name="p113" srcActor="D0N9"/>
            <port dstActor="D0N11" name="p114" srcActor="D0N9"/>
            <port dstActor="D0N23" name="p115" srcActor="D0N9"/>
            <port dstActor="D0N33" name="p116" srcActor="D0N9"/>
        </ports>
    </mcdag>
    <cores number="3"/>
    <levels number="2"/>
</mcsystem>
