<?xml version="1.0" encoding="UTF-8" standalone="no"?>
<mcsystem>
    <mcdag deadline="4000" name="genned-0-ed-10.0-0">
        <actor name="D0N31">
            <wcet number="0">40</wcet>
            <wcet number="1">40</wcet>
            <maxpow number="0.4886282410084782"/>
            <maxpow number="0.4886282410084782"/>
            <fprob>0.0</fprob>
        </actor>
        <actor name="D0N26">
            <wcet number="0">20</wcet>
            <wcet number="1">50</wcet>
            <maxpow number="0.4808913516818293"/>
            <maxpow number="0.4808913516818293"/>
            <fprob>0.0</fprob>
        </actor>
        <actor name="D0N0">
            <wcet number="0">160</wcet>
            <wcet number="1">570</wcet>
            <maxpow number="0.5828469936857298"/>
            <maxpow number="0.5828469936857298"/>
            <fprob>0.0</fprob>
        </actor>
        <actor name="D0N25">
            <wcet number="0">30</wcet>
            <wcet number="1">40</wcet>
            <maxpow number="0.7818207169900099"/>
            <maxpow number="0.7818207169900099"/>
            <fprob>0.0</fprob>
        </actor>
        <actor name="D0N19">
            <wcet number="0">100</wcet>
            <wcet number="1">170</wcet>
            <maxpow number="0.5352995430689305"/>
            <maxpow number="0.5352995430689305"/>
            <fprob>0.0</fprob>
        </actor>
        <actor name="D0N10">
            <wcet number="0">390</wcet>
            <wcet number="1">420</wcet>
            <maxpow number="0.2606672772169877"/>
            <maxpow number="0.2606672772169877"/>
            <fprob>0.0</fprob>
        </actor>
        <actor name="D0N28">
            <wcet number="0">10</wcet>
            <wcet number="1">10</wcet>
            <maxpow number="0.4183517020573315"/>
            <maxpow number="0.4183517020573315"/>
            <fprob>0.0</fprob>
        </actor>
        <actor name="D0N32">
            <wcet number="0">70</wcet>
            <wcet number="1">100</wcet>
            <maxpow number="0.48135085614671436"/>
            <maxpow number="0.48135085614671436"/>
            <fprob>0.0</fprob>
        </actor>
        <actor name="D0N45">
            <wcet number="0">270</wcet>
            <wcet number="1">290</wcet>
            <maxpow number="0.5030415275810307"/>
            <maxpow number="0.5030415275810307"/>
            <fprob>0.0</fprob>
        </actor>
        <actor name="D0N6">
            <wcet number="0">60</wcet>
            <wcet number="1">190</wcet>
            <maxpow number="0.2829259259144095"/>
            <maxpow number="0.2829259259144095"/>
            <fprob>0.0</fprob>
        </actor>
        <actor name="D0N27">
            <wcet number="0">140</wcet>
            <wcet number="1">190</wcet>
            <maxpow number="0.7333105044423083"/>
            <maxpow number="0.7333105044423083"/>
            <fprob>0.0</fprob>
        </actor>
        <actor name="D0N38">
            <wcet number="0">70</wcet>
            <wcet number="1">320</wcet>
            <maxpow number="0.636697775797979"/>
            <maxpow number="0.636697775797979"/>
            <fprob>0.0</fprob>
        </actor>
        <actor name="D0N36">
            <wcet number="0">170</wcet>
            <wcet number="1">170</wcet>
            <maxpow number="0.7685290499814897"/>
            <maxpow number="0.7685290499814897"/>
            <fprob>0.0</fprob>
        </actor>
        <actor name="D0N11">
            <wcet number="0">10</wcet>
            <wcet number="1">20</wcet>
            <maxpow number="0.6866639161205972"/>
            <maxpow number="0.6866639161205972"/>
            <fprob>0.0</fprob>
        </actor>
        <actor name="D0N41">
            <wcet number="0">80</wcet>
            <wcet number="1">110</wcet>
            <maxpow number="0.6739494428479006"/>
            <maxpow number="0.6739494428479006"/>
            <fprob>0.0</fprob>
        </actor>
        <actor name="D0N23">
            <wcet number="0">40</wcet>
            <wcet number="1">70</wcet>
            <maxpow number="0.3079687999616356"/>
            <maxpow number="0.3079687999616356"/>
            <fprob>0.0</fprob>
        </actor>
        <actor name="D0N29">
            <wcet number="0">130</wcet>
            <wcet number="1">180</wcet>
            <maxpow number="0.6539356058911117"/>
            <maxpow number="0.6539356058911117"/>
            <fprob>0.0</fprob>
        </actor>
        <actor name="D0N3">
            <wcet number="0">50</wcet>
            <wcet number="1">70</wcet>
            <maxpow number="0.5673492712295781"/>
            <maxpow number="0.5673492712295781"/>
            <fprob>0.0</fprob>
        </actor>
        <actor name="D0N48">
            <wcet number="0">100</wcet>
            <wcet number="1">190</wcet>
            <maxpow number="0.4618299711277453"/>
            <maxpow number="0.4618299711277453"/>
            <fprob>0.0</fprob>
        </actor>
        <actor name="D0N43">
            <wcet number="0">50</wcet>
            <wcet number="1">50</wcet>
            <maxpow number="0.703559001696433"/>
            <maxpow number="0.703559001696433"/>
            <fprob>0.0</fprob>
        </actor>
        <actor name="D0N46">
            <wcet number="0">40</wcet>
            <wcet number="1">40</wcet>
            <maxpow number="0.5451803640044429"/>
            <maxpow number="0.5451803640044429"/>
            <fprob>0.0</fprob>
        </actor>
        <actor name="D0N13">
            <wcet number="0">10</wcet>
            <wcet number="1">100</wcet>
            <maxpow number="0.5279196006384036"/>
            <maxpow number="0.5279196006384036"/>
            <fprob>0.0</fprob>
        </actor>
        <actor name="D0N34">
            <wcet number="0">90</wcet>
            <wcet number="1">250</wcet>
            <maxpow number="0.6393910627863576"/>
            <maxpow number="0.6393910627863576"/>
            <fprob>0.0</fprob>
        </actor>
        <actor name="D0N39">
            <wcet number="0">140</wcet>
            <wcet number="1">140</wcet>
            <maxpow number="0.6569827825581414"/>
            <maxpow number="0.6569827825581414"/>
            <fprob>0.0</fprob>
        </actor>
        <actor name="D0N22">
            <wcet number="0">120</wcet>
            <wcet number="1">130</wcet>
            <maxpow number="0.3618152554924454"/>
            <maxpow number="0.3618152554924454"/>
            <fprob>0.0</fprob>
        </actor>
        <actor name="D0N30">
            <wcet number="0">500</wcet>
            <wcet number="1">970</wcet>
            <maxpow number="0.3411213996790018"/>
            <maxpow number="0.3411213996790018"/>
            <fprob>0.0</fprob>
        </actor>
        <actor name="D0N16">
            <wcet number="0">210</wcet>
            <wcet number="1">330</wcet>
            <maxpow number="0.5420626047254208"/>
            <maxpow number="0.5420626047254208"/>
            <fprob>0.0</fprob>
        </actor>
        <actor name="D0N21">
            <wcet number="0">30</wcet>
            <wcet number="1">70</wcet>
            <maxpow number="0.7335569190995049"/>
            <maxpow number="0.7335569190995049"/>
            <fprob>0.0</fprob>
        </actor>
        <actor name="D0N9">
            <wcet number="0">350</wcet>
            <wcet number="1">510</wcet>
            <maxpow number="0.5079384916598484"/>
            <maxpow number="0.5079384916598484"/>
            <fprob>0.0</fprob>
        </actor>
        <actor name="D0N35">
            <wcet number="0">340</wcet>
            <wcet number="1">480</wcet>
            <maxpow number="0.5366888018158567"/>
            <maxpow number="0.5366888018158567"/>
            <fprob>0.0</fprob>
        </actor>
        <actor name="D0N5">
            <wcet number="0">50</wcet>
            <wcet number="1">160</wcet>
            <maxpow number="0.6405565476519087"/>
            <maxpow number="0.6405565476519087"/>
            <fprob>0.0</fprob>
        </actor>
        <actor name="D0N8">
            <wcet number="0">60</wcet>
            <wcet number="1">100</wcet>
            <maxpow number="0.3121462361206474"/>
            <maxpow number="0.3121462361206474"/>
            <fprob>0.0</fprob>
        </actor>
        <actor name="D0N33">
            <wcet number="0">10</wcet>
            <wcet number="1">10</wcet>
            <maxpow number="0.513530675508852"/>
            <maxpow number="0.513530675508852"/>
            <fprob>0.0</fprob>
        </actor>
        <actor name="D0N40">
            <wcet number="0">80</wcet>
            <wcet number="1">150</wcet>
            <maxpow number="0.3417957527403866"/>
            <maxpow number="0.3417957527403866"/>
            <fprob>0.0</fprob>
        </actor>
        <actor name="D0N18">
            <wcet number="0">160</wcet>
            <wcet number="1">200</wcet>
            <maxpow number="0.3349405623734315"/>
            <maxpow number="0.3349405623734315"/>
            <fprob>0.0</fprob>
        </actor>
        <actor name="D0N2">
            <wcet number="0">40</wcet>
            <wcet number="1">50</wcet>
            <maxpow number="0.5949296973859158"/>
            <maxpow number="0.5949296973859158"/>
            <fprob>0.0</fprob>
        </actor>
        <actor name="D0N24">
            <wcet number="0">50</wcet>
            <wcet number="1">190</wcet>
            <maxpow number="0.6856031692634634"/>
            <maxpow number="0.6856031692634634"/>
            <fprob>0.0</fprob>
        </actor>
        <actor name="D0N14">
            <wcet number="0">10</wcet>
            <wcet number="1">180</wcet>
            <maxpow number="0.9938352987513404"/>
            <maxpow number="0.9938352987513404"/>
            <fprob>0.0</fprob>
        </actor>
        <actor name="D0N1">
            <wcet number="0">410</wcet>
            <wcet number="1">420</wcet>
            <maxpow number="0.8340369889622602"/>
            <maxpow number="0.8340369889622602"/>
            <fprob>0.0</fprob>
        </actor>
        <actor name="D0N12">
            <wcet number="0">100</wcet>
            <wcet number="1">150</wcet>
            <maxpow number="0.615386267402465"/>
            <maxpow number="0.615386267402465"/>
            <fprob>0.0</fprob>
        </actor>
        <actor name="D0N17">
            <wcet number="0">240</wcet>
            <wcet number="1">340</wcet>
            <maxpow number="0.3984267995338695"/>
            <maxpow number="0.3984267995338695"/>
            <fprob>0.0</fprob>
        </actor>
        <actor name="D0N44">
            <wcet number="0">20</wcet>
            <wcet number="1">80</wcet>
            <maxpow number="0.9823903638864236"/>
            <maxpow number="0.9823903638864236"/>
            <fprob>0.0</fprob>
        </actor>
        <actor name="D0N42">
            <wcet number="0">160</wcet>
            <wcet number="1">240</wcet>
            <maxpow number="0.6937640872587909"/>
            <maxpow number="0.6937640872587909"/>
            <fprob>0.0</fprob>
        </actor>
        <actor name="D0N7">
            <wcet number="0">200</wcet>
            <wcet number="1">200</wcet>
            <maxpow number="0.4081998834527477"/>
            <maxpow number="0.4081998834527477"/>
            <fprob>0.0</fprob>
        </actor>
        <actor name="D0N20">
            <wcet number="0">70</wcet>
            <wcet number="1">270</wcet>
            <maxpow number="0.6436448924732359"/>
            <maxpow number="0.6436448924732359"/>
            <fprob>0.0</fprob>
        </actor>
        <actor name="D0N4">
            <wcet number="0">30</wcet>
            <wcet number="1">270</wcet>
            <maxpow number="0.8511329683157045"/>
            <maxpow number="0.8511329683157045"/>
            <fprob>0.0</fprob>
        </actor>
        <actor name="D0N37">
            <wcet number="0">10</wcet>
            <wcet number="1">30</wcet>
            <maxpow number="0.7570369087127904"/>
            <maxpow number="0.7570369087127904"/>
            <fprob>0.0</fprob>
        </actor>
        <actor name="D0N15">
            <wcet number="0">20</wcet>
            <wcet number="1">250</wcet>
            <maxpow number="0.5479440624573998"/>
            <maxpow number="0.5479440624573998"/>
            <fprob>0.0</fprob>
        </actor>
        <actor name="D0N47">
            <wcet number="0">350</wcet>
            <wcet number="1">840</wcet>
            <maxpow number="0.8299903956053545"/>
            <maxpow number="0.8299903956053545"/>
            <fprob>0.0</fprob>
        </actor>
        <ports>
            <port dstActor="D0N42" name="p0" srcActor="D0N31"/>
            <port dstActor="D0N40" name="p1" srcActor="D0N26"/>
            <port dstActor="D0N31" name="p2" srcActor="D0N26"/>
            <port dstActor="D0N43" name="p3" srcActor="D0N26"/>
            <port dstActor="D0N12" name="p4" srcActor="D0N0"/>
            <port dstActor="D0N18" name="p5" srcActor="D0N0"/>
            <port dstActor="D0N37" name="p6" srcActor="D0N0"/>
            <port dstActor="D0N3" name="p7" srcActor="D0N0"/>
            <port dstActor="D0N31" name="p8" srcActor="D0N0"/>
            <port dstActor="D0N47" name="p9" srcActor="D0N0"/>
            <port dstActor="D0N17" name="p10" srcActor="D0N0"/>
            <port dstActor="D0N26" name="p11" srcActor="D0N0"/>
            <port dstActor="D0N43" name="p12" srcActor="D0N25"/>
            <port dstActor="D0N31" name="p13" srcActor="D0N25"/>
            <port dstActor="D0N27" name="p14" srcActor="D0N25"/>
            <port dstActor="D0N30" name="p15" srcActor="D0N19"/>
            <port dstActor="D0N38" name="p16" srcActor="D0N19"/>
            <port dstActor="D0N25" name="p17" srcActor="D0N19"/>
            <port dstActor="D0N24" name="p18" srcActor="D0N19"/>
            <port dstActor="D0N11" name="p19" srcActor="D0N10"/>
            <port dstActor="D0N26" name="p20" srcActor="D0N10"/>
            <port dstActor="D0N46" name="p21" srcActor="D0N10"/>
            <port dstActor="D0N17" name="p22" srcActor="D0N10"/>
            <port dstActor="D0N39" name="p23" srcActor="D0N10"/>
            <port dstActor="D0N28" name="p24" srcActor="D0N10"/>
            <port dstActor="D0N22" name="p25" srcActor="D0N10"/>
            <port dstActor="D0N40" name="p26" srcActor="D0N10"/>
            <port dstActor="D0N29" name="p27" srcActor="D0N28"/>
            <port dstActor="D0N46" name="p28" srcActor="D0N32"/>
            <port dstActor="D0N37" name="p29" srcActor="D0N32"/>
            <port dstActor="D0N18" name="p30" srcActor="D0N6"/>
            <port dstActor="D0N33" name="p31" srcActor="D0N6"/>
            <port dstActor="D0N13" name="p32" srcActor="D0N6"/>
            <port dstActor="D0N46" name="p33" srcActor="D0N38"/>
            <port dstActor="D0N47" name="p34" srcActor="D0N36"/>
            <port dstActor="D0N42" name="p35" srcActor="D0N11"/>
            <port dstActor="D0N34" name="p36" srcActor="D0N11"/>
            <port dstActor="D0N44" name="p37" srcActor="D0N11"/>
            <port dstActor="D0N46" name="p38" srcActor="D0N41"/>
            <port dstActor="D0N47" name="p39" srcActor="D0N41"/>
            <port dstActor="D0N34" name="p40" srcActor="D0N23"/>
            <port dstActor="D0N45" name="p41" srcActor="D0N29"/>
            <port dstActor="D0N30" name="p42" srcActor="D0N29"/>
            <port dstActor="D0N43" name="p43" srcActor="D0N29"/>
            <port dstActor="D0N46" name="p44" srcActor="D0N29"/>
            <port dstActor="D0N12" name="p45" srcActor="D0N3"/>
            <port dstActor="D0N31" name="p46" srcActor="D0N3"/>
            <port dstActor="D0N9" name="p47" srcActor="D0N3"/>
            <port dstActor="D0N19" name="p48" srcActor="D0N3"/>
            <port dstActor="D0N39" name="p49" srcActor="D0N3"/>
            <port dstActor="D0N47" name="p50" srcActor="D0N43"/>
            <port dstActor="D0N20" name="p51" srcActor="D0N13"/>
            <port dstActor="D0N34" name="p52" srcActor="D0N13"/>
            <port dstActor="D0N14" name="p53" srcActor="D0N13"/>
            <port dstActor="D0N47" name="p54" srcActor="D0N13"/>
            <port dstActor="D0N44" name="p55" srcActor="D0N13"/>
            <port dstActor="D0N46" name="p56" srcActor="D0N39"/>
            <port dstActor="D0N36" name="p57" srcActor="D0N22"/>
            <port dstActor="D0N31" name="p58" srcActor="D0N22"/>
            <port dstActor="D0N35" name="p59" srcActor="D0N30"/>
            <port dstActor="D0N36" name="p60" srcActor="D0N30"/>
            <port dstActor="D0N33" name="p61" srcActor="D0N16"/>
            <port dstActor="D0N42" name="p62" srcActor="D0N16"/>
            <port dstActor="D0N17" name="p63" srcActor="D0N16"/>
            <port dstActor="D0N47" name="p64" srcActor="D0N16"/>
            <port dstActor="D0N25" name="p65" srcActor="D0N21"/>
            <port dstActor="D0N48" name="p66" srcActor="D0N21"/>
            <port dstActor="D0N35" name="p67" srcActor="D0N9"/>
            <port dstActor="D0N33" name="p68" srcActor="D0N9"/>
            <port dstActor="D0N36" name="p69" srcActor="D0N9"/>
            <port dstActor="D0N31" name="p70" srcActor="D0N5"/>
            <port dstActor="D0N6" name="p71" srcActor="D0N5"/>
            <port dstActor="D0N29" name="p72" srcActor="D0N8"/>
            <port dstActor="D0N38" name="p73" srcActor="D0N8"/>
            <port dstActor="D0N45" name="p74" srcActor="D0N8"/>
            <port dstActor="D0N15" name="p75" srcActor="D0N8"/>
            <port dstActor="D0N41" name="p76" srcActor="D0N8"/>
            <port dstActor="D0N41" name="p77" srcActor="D0N40"/>
            <port dstActor="D0N47" name="p78" srcActor="D0N18"/>
            <port dstActor="D0N39" name="p79" srcActor="D0N18"/>
            <port dstActor="D0N34" name="p80" srcActor="D0N18"/>
            <port dstActor="D0N3" name="p81" srcActor="D0N2"/>
            <port dstActor="D0N17" name="p82" srcActor="D0N2"/>
            <port dstActor="D0N5" name="p83" srcActor="D0N2"/>
            <port dstActor="D0N8" name="p84" srcActor="D0N2"/>
            <port dstActor="D0N16" name="p85" srcActor="D0N2"/>
            <port dstActor="D0N18" name="p86" srcActor="D0N2"/>
            <port dstActor="D0N45" name="p87" srcActor="D0N24"/>
            <port dstActor="D0N48" name="p88" srcActor="D0N24"/>
            <port dstActor="D0N27" name="p89" srcActor="D0N24"/>
            <port dstActor="D0N29" name="p90" srcActor="D0N24"/>
            <port dstActor="D0N46" name="p91" srcActor="D0N24"/>
            <port dstActor="D0N37" name="p92" srcActor="D0N24"/>
            <port dstActor="D0N29" name="p93" srcActor="D0N14"/>
            <port dstActor="D0N4" name="p94" srcActor="D0N1"/>
            <port dstActor="D0N18" name="p95" srcActor="D0N1"/>
            <port dstActor="D0N41" name="p96" srcActor="D0N1"/>
            <port dstActor="D0N32" name="p97" srcActor="D0N1"/>
            <port dstActor="D0N9" name="p98" srcActor="D0N1"/>
            <port dstActor="D0N44" name="p99" srcActor="D0N12"/>
            <port dstActor="D0N15" name="p100" srcActor="D0N12"/>
            <port dstActor="D0N30" name="p101" srcActor="D0N17"/>
            <port dstActor="D0N35" name="p102" srcActor="D0N17"/>
            <port dstActor="D0N21" name="p103" srcActor="D0N17"/>
            <port dstActor="D0N31" name="p104" srcActor="D0N17"/>
            <port dstActor="D0N43" name="p105" srcActor="D0N17"/>
            <port dstActor="D0N26" name="p106" srcActor="D0N17"/>
            <port dstActor="D0N42" name="p107" srcActor="D0N17"/>
            <port dstActor="D0N46" name="p108" srcActor="D0N42"/>
            <port dstActor="D0N19" name="p109" srcActor="D0N7"/>
            <port dstActor="D0N47" name="p110" srcActor="D0N20"/>
            <port dstActor="D0N41" name="p111" srcActor="D0N20"/>
            <port dstActor="D0N30" name="p112" srcActor="D0N4"/>
            <port dstActor="D0N25" name="p113" srcActor="D0N4"/>
            <port dstActor="D0N48" name="p114" srcActor="D0N4"/>
            <port dstActor="D0N35" name="p115" srcActor="D0N4"/>
            <port dstActor="D0N24" name="p116" srcActor="D0N4"/>
            <port dstActor="D0N27" name="p117" srcActor="D0N4"/>
            <port dstActor="D0N39" name="p118" srcActor="D0N37"/>
            <port dstActor="D0N48" name="p119" srcActor="D0N37"/>
            <port dstActor="D0N42" name="p120" srcActor="D0N37"/>
            <port dstActor="D0N45" name="p121" srcActor="D0N37"/>
            <port dstActor="D0N43" name="p122" srcActor="D0N37"/>
            <port dstActor="D0N45" name="p123" srcActor="D0N15"/>
            <port dstActor="D0N17" name="p124" srcActor="D0N15"/>
            <port dstActor="D0N37" name="p125" srcActor="D0N15"/>
            <port dstActor="D0N32" name="p126" srcActor="D0N15"/>
        </ports>
    </mcdag>
    <cores number="3"/>
    <levels number="2"/>
</mcsystem>
