<?xml version="1.0" encoding="UTF-8" standalone="no"?>
<mcsystem>
    <mcdag deadline="1200" name="genned-0-ed-10.0-0">
        <actor name="D0N6">
            <wcet number="0">20</wcet>
            <wcet number="1">120</wcet>
            <maxpow number="0.5095798435064962"/>
            <maxpow number="0.5095798435064962"/>
            <fprob>0.0</fprob>
        </actor>
        <actor name="D0N17">
            <wcet number="0">10</wcet>
            <wcet number="1">10</wcet>
            <maxpow number="0.483957247526199"/>
            <maxpow number="0.483957247526199"/>
            <fprob>0.0</fprob>
        </actor>
        <actor name="D0N22">
            <wcet number="0">10</wcet>
            <wcet number="1">60</wcet>
            <maxpow number="0.5256727241231093"/>
            <maxpow number="0.5256727241231093"/>
            <fprob>0.0</fprob>
        </actor>
        <actor name="D0N35">
            <wcet number="0">140</wcet>
            <wcet number="1">140</wcet>
            <maxpow number="0.9028373554757108"/>
            <maxpow number="0.9028373554757108"/>
            <fprob>0.0</fprob>
        </actor>
        <actor name="D0N8">
            <wcet number="0">30</wcet>
            <wcet number="1">30</wcet>
            <maxpow number="0.5823877251840002"/>
            <maxpow number="0.5823877251840002"/>
            <fprob>0.0</fprob>
        </actor>
        <actor name="D0N12">
            <wcet number="0">50</wcet>
            <wcet number="1">140</wcet>
            <maxpow number="0.4805630736280322"/>
            <maxpow number="0.4805630736280322"/>
            <fprob>0.0</fprob>
        </actor>
        <actor name="D0N15">
            <wcet number="0">20</wcet>
            <wcet number="1">40</wcet>
            <maxpow number="0.8800849592258639"/>
            <maxpow number="0.8800849592258639"/>
            <fprob>0.0</fprob>
        </actor>
        <actor name="D0N25">
            <wcet number="0">50</wcet>
            <wcet number="1">50</wcet>
            <maxpow number="0.6839315001274278"/>
            <maxpow number="0.6839315001274278"/>
            <fprob>0.0</fprob>
        </actor>
        <actor name="D0N32">
            <wcet number="0">30</wcet>
            <wcet number="1">50</wcet>
            <maxpow number="0.01626363877192427"/>
            <maxpow number="0.01626363877192427"/>
            <fprob>0.0</fprob>
        </actor>
        <actor name="D0N26">
            <wcet number="0">210</wcet>
            <wcet number="1">330</wcet>
            <maxpow number="0.5358944382019266"/>
            <maxpow number="0.5358944382019266"/>
            <fprob>0.0</fprob>
        </actor>
        <actor name="D0N39">
            <wcet number="0">20</wcet>
            <wcet number="1">60</wcet>
            <maxpow number="0.3701981285156638"/>
            <maxpow number="0.3701981285156638"/>
            <fprob>0.0</fprob>
        </actor>
        <actor name="D0N13">
            <wcet number="0">20</wcet>
            <wcet number="1">20</wcet>
            <maxpow number="0.7179178873609163"/>
            <maxpow number="0.7179178873609163"/>
            <fprob>0.0</fprob>
        </actor>
        <actor name="D0N28">
            <wcet number="0">120</wcet>
            <wcet number="1">260</wcet>
            <maxpow number="0.6027952606396899"/>
            <maxpow number="0.6027952606396899"/>
            <fprob>0.0</fprob>
        </actor>
        <actor name="D0N34">
            <wcet number="0">10</wcet>
            <wcet number="1">10</wcet>
            <maxpow number="0.6490579654809215"/>
            <maxpow number="0.6490579654809215"/>
            <fprob>0.0</fprob>
        </actor>
        <actor name="D0N33">
            <wcet number="0">20</wcet>
            <wcet number="1">30</wcet>
            <maxpow number="0.5378382406918585"/>
            <maxpow number="0.5378382406918585"/>
            <fprob>0.0</fprob>
        </actor>
        <actor name="D0N41">
            <wcet number="0">20</wcet>
            <wcet number="1">40</wcet>
            <maxpow number="0.43668568646574535"/>
            <maxpow number="0.43668568646574535"/>
            <fprob>0.0</fprob>
        </actor>
        <actor name="D0N36">
            <wcet number="0">20</wcet>
            <wcet number="1">20</wcet>
            <maxpow number="0.3002197343829558"/>
            <maxpow number="0.3002197343829558"/>
            <fprob>0.0</fprob>
        </actor>
        <actor name="D0N10">
            <wcet number="0">10</wcet>
            <wcet number="1">10</wcet>
            <maxpow number="0.7542859675740893"/>
            <maxpow number="0.7542859675740893"/>
            <fprob>0.0</fprob>
        </actor>
        <actor name="D0N2">
            <wcet number="0">30</wcet>
            <wcet number="1">50</wcet>
            <maxpow number="0.527882206626015"/>
            <maxpow number="0.527882206626015"/>
            <fprob>0.0</fprob>
        </actor>
        <actor name="D0N5">
            <wcet number="0">50</wcet>
            <wcet number="1">70</wcet>
            <maxpow number="0.623400955476757"/>
            <maxpow number="0.623400955476757"/>
            <fprob>0.0</fprob>
        </actor>
        <actor name="D0N11">
            <wcet number="0">10</wcet>
            <wcet number="1">20</wcet>
            <maxpow number="0.47346281509503213"/>
            <maxpow number="0.47346281509503213"/>
            <fprob>0.0</fprob>
        </actor>
        <actor name="D0N37">
            <wcet number="0">10</wcet>
            <wcet number="1">70</wcet>
            <maxpow number="0.39749370092426106"/>
            <maxpow number="0.39749370092426106"/>
            <fprob>0.0</fprob>
        </actor>
        <actor name="D0N21">
            <wcet number="0">30</wcet>
            <wcet number="1">130</wcet>
            <maxpow number="0.9317459724307084"/>
            <maxpow number="0.9317459724307084"/>
            <fprob>0.0</fprob>
        </actor>
        <actor name="D0N29">
            <wcet number="0">30</wcet>
            <wcet number="1">90</wcet>
            <maxpow number="0.6803650877929176"/>
            <maxpow number="0.6803650877929176"/>
            <fprob>0.0</fprob>
        </actor>
        <actor name="D0N44">
            <wcet number="0">70</wcet>
            <wcet number="1">80</wcet>
            <maxpow number="0.7194969976509394"/>
            <maxpow number="0.7194969976509394"/>
            <fprob>0.0</fprob>
        </actor>
        <actor name="D0N27">
            <wcet number="0">10</wcet>
            <wcet number="1">10</wcet>
            <maxpow number="0.5785875280046879"/>
            <maxpow number="0.5785875280046879"/>
            <fprob>0.0</fprob>
        </actor>
        <actor name="D0N16">
            <wcet number="0">20</wcet>
            <wcet number="1">30</wcet>
            <maxpow number="0.27545495759803895"/>
            <maxpow number="0.27545495759803895"/>
            <fprob>0.0</fprob>
        </actor>
        <actor name="D0N30">
            <wcet number="0">10</wcet>
            <wcet number="1">10</wcet>
            <maxpow number="0.269723693978565"/>
            <maxpow number="0.269723693978565"/>
            <fprob>0.0</fprob>
        </actor>
        <actor name="D0N42">
            <wcet number="0">70</wcet>
            <wcet number="1">130</wcet>
            <maxpow number="0.5636741034307124"/>
            <maxpow number="0.5636741034307124"/>
            <fprob>0.0</fprob>
        </actor>
        <actor name="D0N4">
            <wcet number="0">30</wcet>
            <wcet number="1">30</wcet>
            <maxpow number="0.3783102838935291"/>
            <maxpow number="0.3783102838935291"/>
            <fprob>0.0</fprob>
        </actor>
        <actor name="D0N23">
            <wcet number="0">130</wcet>
            <wcet number="1">140</wcet>
            <maxpow number="0.5747740894207162"/>
            <maxpow number="0.5747740894207162"/>
            <fprob>0.0</fprob>
        </actor>
        <actor name="D0N1">
            <wcet number="0">20</wcet>
            <wcet number="1">20</wcet>
            <maxpow number="0.1933278823666607"/>
            <maxpow number="0.1933278823666607"/>
            <fprob>0.0</fprob>
        </actor>
        <actor name="D0N38">
            <wcet number="0">20</wcet>
            <wcet number="1">40</wcet>
            <maxpow number="-0.009625191528922716"/>
            <maxpow number="-0.009625191528922716"/>
            <fprob>0.0</fprob>
        </actor>
        <actor name="D0N43">
            <wcet number="0">40</wcet>
            <wcet number="1">40</wcet>
            <maxpow number="0.6175813763480129"/>
            <maxpow number="0.6175813763480129"/>
            <fprob>0.0</fprob>
        </actor>
        <actor name="D0N19">
            <wcet number="0">40</wcet>
            <wcet number="1">60</wcet>
            <maxpow number="0.5771911838738887"/>
            <maxpow number="0.5771911838738887"/>
            <fprob>0.0</fprob>
        </actor>
        <actor name="D0N3">
            <wcet number="0">10</wcet>
            <wcet number="1">10</wcet>
            <maxpow number="0.5540860397402573"/>
            <maxpow number="0.5540860397402573"/>
            <fprob>0.0</fprob>
        </actor>
        <actor name="D0N14">
            <wcet number="0">10</wcet>
            <wcet number="1">60</wcet>
            <maxpow number="0.652035500369199"/>
            <maxpow number="0.652035500369199"/>
            <fprob>0.0</fprob>
        </actor>
        <actor name="D0N45">
            <wcet number="0">10</wcet>
            <wcet number="1">50</wcet>
            <maxpow number="0.8342132148288484"/>
            <maxpow number="0.8342132148288484"/>
            <fprob>0.0</fprob>
        </actor>
        <actor name="D0N40">
            <wcet number="0">20</wcet>
            <wcet number="1">30</wcet>
            <maxpow number="0.7597565644192755"/>
            <maxpow number="0.7597565644192755"/>
            <fprob>0.0</fprob>
        </actor>
        <actor name="D0N7">
            <wcet number="0">10</wcet>
            <wcet number="1">30</wcet>
            <maxpow number="0.636771998297369"/>
            <maxpow number="0.636771998297369"/>
            <fprob>0.0</fprob>
        </actor>
        <actor name="D0N20">
            <wcet number="0">110</wcet>
            <wcet number="1">110</wcet>
            <maxpow number="0.5125141860816854"/>
            <maxpow number="0.5125141860816854"/>
            <fprob>0.0</fprob>
        </actor>
        <actor name="D0N24">
            <wcet number="0">30</wcet>
            <wcet number="1">30</wcet>
            <maxpow number="0.7985776022266902"/>
            <maxpow number="0.7985776022266902"/>
            <fprob>0.0</fprob>
        </actor>
        <actor name="D0N18">
            <wcet number="0">10</wcet>
            <wcet number="1">10</wcet>
            <maxpow number="0.4797976135776534"/>
            <maxpow number="0.4797976135776534"/>
            <fprob>0.0</fprob>
        </actor>
        <actor name="D0N31">
            <wcet number="0">10</wcet>
            <wcet number="1">10</wcet>
            <maxpow number="0.47272365901464386"/>
            <maxpow number="0.47272365901464386"/>
            <fprob>0.0</fprob>
        </actor>
        <actor name="D0N9">
            <wcet number="0">10</wcet>
            <wcet number="1">20</wcet>
            <maxpow number="0.638557271219643"/>
            <maxpow number="0.638557271219643"/>
            <fprob>0.0</fprob>
        </actor>
        <actor name="D0N0">
            <wcet number="0">30</wcet>
            <wcet number="1">80</wcet>
            <maxpow number="0.2250238127281181"/>
            <maxpow number="0.2250238127281181"/>
            <fprob>0.0</fprob>
        </actor>
        <ports>
            <port dstActor="D0N30" name="p0" srcActor="D0N6"/>
            <port dstActor="D0N45" name="p1" srcActor="D0N17"/>
            <port dstActor="D0N27" name="p2" srcActor="D0N17"/>
            <port dstActor="D0N37" name="p3" srcActor="D0N17"/>
            <port dstActor="D0N36" name="p4" srcActor="D0N17"/>
            <port dstActor="D0N35" name="p5" srcActor="D0N22"/>
            <port dstActor="D0N28" name="p6" srcActor="D0N22"/>
            <port dstActor="D0N37" name="p7" srcActor="D0N35"/>
            <port dstActor="D0N28" name="p8" srcActor="D0N8"/>
            <port dstActor="D0N32" name="p9" srcActor="D0N12"/>
            <port dstActor="D0N30" name="p10" srcActor="D0N12"/>
            <port dstActor="D0N45" name="p11" srcActor="D0N12"/>
            <port dstActor="D0N43" name="p12" srcActor="D0N15"/>
            <port dstActor="D0N44" name="p13" srcActor="D0N15"/>
            <port dstActor="D0N26" name="p14" srcActor="D0N15"/>
            <port dstActor="D0N32" name="p15" srcActor="D0N25"/>
            <port dstActor="D0N39" name="p16" srcActor="D0N25"/>
            <port dstActor="D0N27" name="p17" srcActor="D0N25"/>
            <port dstActor="D0N40" name="p18" srcActor="D0N26"/>
            <port dstActor="D0N30" name="p19" srcActor="D0N26"/>
            <port dstActor="D0N17" name="p20" srcActor="D0N13"/>
            <port dstActor="D0N21" name="p21" srcActor="D0N13"/>
            <port dstActor="D0N41" name="p22" srcActor="D0N34"/>
            <port dstActor="D0N38" name="p23" srcActor="D0N34"/>
            <port dstActor="D0N42" name="p24" srcActor="D0N41"/>
            <port dstActor="D0N39" name="p25" srcActor="D0N36"/>
            <port dstActor="D0N15" name="p26" srcActor="D0N2"/>
            <port dstActor="D0N7" name="p27" srcActor="D0N2"/>
            <port dstActor="D0N17" name="p28" srcActor="D0N2"/>
            <port dstActor="D0N35" name="p29" srcActor="D0N5"/>
            <port dstActor="D0N29" name="p30" srcActor="D0N5"/>
            <port dstActor="D0N16" name="p31" srcActor="D0N5"/>
            <port dstActor="D0N27" name="p32" srcActor="D0N11"/>
            <port dstActor="D0N33" name="p33" srcActor="D0N11"/>
            <port dstActor="D0N14" name="p34" srcActor="D0N11"/>
            <port dstActor="D0N29" name="p35" srcActor="D0N11"/>
            <port dstActor="D0N43" name="p36" srcActor="D0N11"/>
            <port dstActor="D0N44" name="p37" srcActor="D0N11"/>
            <port dstActor="D0N18" name="p38" srcActor="D0N11"/>
            <port dstActor="D0N40" name="p39" srcActor="D0N37"/>
            <port dstActor="D0N32" name="p40" srcActor="D0N29"/>
            <port dstActor="D0N31" name="p41" srcActor="D0N27"/>
            <port dstActor="D0N29" name="p42" srcActor="D0N27"/>
            <port dstActor="D0N33" name="p43" srcActor="D0N27"/>
            <port dstActor="D0N37" name="p44" srcActor="D0N27"/>
            <port dstActor="D0N41" name="p45" srcActor="D0N16"/>
            <port dstActor="D0N40" name="p46" srcActor="D0N16"/>
            <port dstActor="D0N33" name="p47" srcActor="D0N30"/>
            <port dstActor="D0N36" name="p48" srcActor="D0N30"/>
            <port dstActor="D0N6" name="p49" srcActor="D0N4"/>
            <port dstActor="D0N42" name="p50" srcActor="D0N4"/>
            <port dstActor="D0N32" name="p51" srcActor="D0N23"/>
            <port dstActor="D0N34" name="p52" srcActor="D0N23"/>
            <port dstActor="D0N43" name="p53" srcActor="D0N23"/>
            <port dstActor="D0N42" name="p54" srcActor="D0N23"/>
            <port dstActor="D0N42" name="p55" srcActor="D0N1"/>
            <port dstActor="D0N7" name="p56" srcActor="D0N1"/>
            <port dstActor="D0N44" name="p57" srcActor="D0N43"/>
            <port dstActor="D0N31" name="p58" srcActor="D0N19"/>
            <port dstActor="D0N25" name="p59" srcActor="D0N19"/>
            <port dstActor="D0N26" name="p60" srcActor="D0N19"/>
            <port dstActor="D0N32" name="p61" srcActor="D0N19"/>
            <port dstActor="D0N40" name="p62" srcActor="D0N19"/>
            <port dstActor="D0N41" name="p63" srcActor="D0N19"/>
            <port dstActor="D0N10" name="p64" srcActor="D0N3"/>
            <port dstActor="D0N14" name="p65" srcActor="D0N3"/>
            <port dstActor="D0N38" name="p66" srcActor="D0N14"/>
            <port dstActor="D0N40" name="p67" srcActor="D0N14"/>
            <port dstActor="D0N27" name="p68" srcActor="D0N14"/>
            <port dstActor="D0N37" name="p69" srcActor="D0N14"/>
            <port dstActor="D0N45" name="p70" srcActor="D0N40"/>
            <port dstActor="D0N17" name="p71" srcActor="D0N7"/>
            <port dstActor="D0N22" name="p72" srcActor="D0N7"/>
            <port dstActor="D0N44" name="p73" srcActor="D0N7"/>
            <port dstActor="D0N24" name="p74" srcActor="D0N7"/>
            <port dstActor="D0N27" name="p75" srcActor="D0N7"/>
            <port dstActor="D0N11" name="p76" srcActor="D0N7"/>
            <port dstActor="D0N19" name="p77" srcActor="D0N7"/>
            <port dstActor="D0N33" name="p78" srcActor="D0N24"/>
            <port dstActor="D0N41" name="p79" srcActor="D0N24"/>
            <port dstActor="D0N26" name="p80" srcActor="D0N18"/>
            <port dstActor="D0N40" name="p81" srcActor="D0N31"/>
            <port dstActor="D0N12" name="p82" srcActor="D0N9"/>
            <port dstActor="D0N32" name="p83" srcActor="D0N9"/>
            <port dstActor="D0N23" name="p84" srcActor="D0N0"/>
            <port dstActor="D0N44" name="p85" srcActor="D0N0"/>
            <port dstActor="D0N25" name="p86" srcActor="D0N0"/>
            <port dstActor="D0N37" name="p87" srcActor="D0N0"/>
            <port dstActor="D0N21" name="p88" srcActor="D0N0"/>
            <port dstActor="D0N29" name="p89" srcActor="D0N0"/>
            <port dstActor="D0N26" name="p90" srcActor="D0N0"/>
            <port dstActor="D0N31" name="p91" srcActor="D0N0"/>
        </ports>
    </mcdag>
    <cores number="3"/>
    <levels number="2"/>
</mcsystem>
