<?xml version="1.0" encoding="UTF-8" standalone="no"?>
<mcsystem>
    <mcdag deadline="1200" name="genned-0-ed-10.0-0">
        <actor name="D0N21">
            <wcet number="0">50</wcet>
            <wcet number="1">60</wcet>
            <maxpow number="0.5242037216736364"/>
            <maxpow number="0.5242037216736364"/>
            <fprob>0.0</fprob>
        </actor>
        <actor name="D0N35">
            <wcet number="0">20</wcet>
            <wcet number="1">30</wcet>
            <maxpow number="0.5034885549528667"/>
            <maxpow number="0.5034885549528667"/>
            <fprob>0.0</fprob>
        </actor>
        <actor name="D0N27">
            <wcet number="0">20</wcet>
            <wcet number="1">40</wcet>
            <maxpow number="0.3883435571177536"/>
            <maxpow number="0.3883435571177536"/>
            <fprob>0.0</fprob>
        </actor>
        <actor name="D0N2">
            <wcet number="0">10</wcet>
            <wcet number="1">20</wcet>
            <maxpow number="0.5993743848719228"/>
            <maxpow number="0.5993743848719228"/>
            <fprob>0.0</fprob>
        </actor>
        <actor name="D0N7">
            <wcet number="0">40</wcet>
            <wcet number="1">90</wcet>
            <maxpow number="0.2687218342157019"/>
            <maxpow number="0.2687218342157019"/>
            <fprob>0.0</fprob>
        </actor>
        <actor name="D0N31">
            <wcet number="0">70</wcet>
            <wcet number="1">70</wcet>
            <maxpow number="0.7235320468484592"/>
            <maxpow number="0.7235320468484592"/>
            <fprob>0.0</fprob>
        </actor>
        <actor name="D0N3">
            <wcet number="0">30</wcet>
            <wcet number="1">40</wcet>
            <maxpow number="0.304923429722711"/>
            <maxpow number="0.304923429722711"/>
            <fprob>0.0</fprob>
        </actor>
        <actor name="D0N4">
            <wcet number="0">10</wcet>
            <wcet number="1">10</wcet>
            <maxpow number="0.5420717925773293"/>
            <maxpow number="0.5420717925773293"/>
            <fprob>0.0</fprob>
        </actor>
        <actor name="D0N14">
            <wcet number="0">80</wcet>
            <wcet number="1">130</wcet>
            <maxpow number="0.29144146475447646"/>
            <maxpow number="0.29144146475447646"/>
            <fprob>0.0</fprob>
        </actor>
        <actor name="D0N39">
            <wcet number="0">20</wcet>
            <wcet number="1">30</wcet>
            <maxpow number="0.3986642213225971"/>
            <maxpow number="0.3986642213225971"/>
            <fprob>0.0</fprob>
        </actor>
        <actor name="D0N16">
            <wcet number="0">30</wcet>
            <wcet number="1">40</wcet>
            <maxpow number="0.04089717022014461"/>
            <maxpow number="0.04089717022014461"/>
            <fprob>0.0</fprob>
        </actor>
        <actor name="D0N17">
            <wcet number="0">10</wcet>
            <wcet number="1">40</wcet>
            <maxpow number="0.7039592651137184"/>
            <maxpow number="0.7039592651137184"/>
            <fprob>0.0</fprob>
        </actor>
        <actor name="D0N25">
            <wcet number="0">160</wcet>
            <wcet number="1">170</wcet>
            <maxpow number="0.798737539061807"/>
            <maxpow number="0.798737539061807"/>
            <fprob>0.0</fprob>
        </actor>
        <actor name="D0N44">
            <wcet number="0">40</wcet>
            <wcet number="1">40</wcet>
            <maxpow number="0.39748417916669465"/>
            <maxpow number="0.39748417916669465"/>
            <fprob>0.0</fprob>
        </actor>
        <actor name="D0N41">
            <wcet number="0">70</wcet>
            <wcet number="1">180</wcet>
            <maxpow number="0.5303159818843688"/>
            <maxpow number="0.5303159818843688"/>
            <fprob>0.0</fprob>
        </actor>
        <actor name="D0N38">
            <wcet number="0">10</wcet>
            <wcet number="1">10</wcet>
            <maxpow number="0.27012023713997785"/>
            <maxpow number="0.27012023713997785"/>
            <fprob>0.0</fprob>
        </actor>
        <actor name="D0N12">
            <wcet number="0">10</wcet>
            <wcet number="1">50</wcet>
            <maxpow number="0.2572912092551372"/>
            <maxpow number="0.2572912092551372"/>
            <fprob>0.0</fprob>
        </actor>
        <actor name="D0N42">
            <wcet number="0">30</wcet>
            <wcet number="1">110</wcet>
            <maxpow number="0.2576300348747479"/>
            <maxpow number="0.2576300348747479"/>
            <fprob>0.0</fprob>
        </actor>
        <actor name="D0N18">
            <wcet number="0">20</wcet>
            <wcet number="1">20</wcet>
            <maxpow number="0.28247016070843456"/>
            <maxpow number="0.28247016070843456"/>
            <fprob>0.0</fprob>
        </actor>
        <actor name="D0N34">
            <wcet number="0">60</wcet>
            <wcet number="1">260</wcet>
            <maxpow number="0.4833624372476536"/>
            <maxpow number="0.4833624372476536"/>
            <fprob>0.0</fprob>
        </actor>
        <actor name="D0N36">
            <wcet number="0">130</wcet>
            <wcet number="1">130</wcet>
            <maxpow number="0.7106978705351814"/>
            <maxpow number="0.7106978705351814"/>
            <fprob>0.0</fprob>
        </actor>
        <actor name="D0N33">
            <wcet number="0">50</wcet>
            <wcet number="1">120</wcet>
            <maxpow number="0.5541067119078446"/>
            <maxpow number="0.5541067119078446"/>
            <fprob>0.0</fprob>
        </actor>
        <actor name="D0N11">
            <wcet number="0">20</wcet>
            <wcet number="1">30</wcet>
            <maxpow number="0.32064702843985715"/>
            <maxpow number="0.32064702843985715"/>
            <fprob>0.0</fprob>
        </actor>
        <actor name="D0N15">
            <wcet number="0">40</wcet>
            <wcet number="1">40</wcet>
            <maxpow number="0.7685690474021006"/>
            <maxpow number="0.7685690474021006"/>
            <fprob>0.0</fprob>
        </actor>
        <actor name="D0N6">
            <wcet number="0">40</wcet>
            <wcet number="1">100</wcet>
            <maxpow number="0.46249180930178857"/>
            <maxpow number="0.46249180930178857"/>
            <fprob>0.0</fprob>
        </actor>
        <actor name="D0N19">
            <wcet number="0">60</wcet>
            <wcet number="1">270</wcet>
            <maxpow number="0.37397444103995797"/>
            <maxpow number="0.37397444103995797"/>
            <fprob>0.0</fprob>
        </actor>
        <actor name="D0N30">
            <wcet number="0">10</wcet>
            <wcet number="1">30</wcet>
            <maxpow number="0.7164205821438934"/>
            <maxpow number="0.7164205821438934"/>
            <fprob>0.0</fprob>
        </actor>
        <actor name="D0N5">
            <wcet number="0">40</wcet>
            <wcet number="1">40</wcet>
            <maxpow number="0.3834511298048586"/>
            <maxpow number="0.3834511298048586"/>
            <fprob>0.0</fprob>
        </actor>
        <actor name="D0N40">
            <wcet number="0">40</wcet>
            <wcet number="1">70</wcet>
            <maxpow number="0.8481901167503136"/>
            <maxpow number="0.8481901167503136"/>
            <fprob>0.0</fprob>
        </actor>
        <actor name="D0N43">
            <wcet number="0">50</wcet>
            <wcet number="1">60</wcet>
            <maxpow number="0.44088254354267153"/>
            <maxpow number="0.44088254354267153"/>
            <fprob>0.0</fprob>
        </actor>
        <actor name="D0N20">
            <wcet number="0">20</wcet>
            <wcet number="1">50</wcet>
            <maxpow number="0.6508723246500785"/>
            <maxpow number="0.6508723246500785"/>
            <fprob>0.0</fprob>
        </actor>
        <actor name="D0N9">
            <wcet number="0">30</wcet>
            <wcet number="1">90</wcet>
            <maxpow number="0.39404375234638034"/>
            <maxpow number="0.39404375234638034"/>
            <fprob>0.0</fprob>
        </actor>
        <actor name="D0N24">
            <wcet number="0">60</wcet>
            <wcet number="1">70</wcet>
            <maxpow number="0.40419723159772625"/>
            <maxpow number="0.40419723159772625"/>
            <fprob>0.0</fprob>
        </actor>
        <actor name="D0N26">
            <wcet number="0">10</wcet>
            <wcet number="1">10</wcet>
            <maxpow number="0.5777748075154108"/>
            <maxpow number="0.5777748075154108"/>
            <fprob>0.0</fprob>
        </actor>
        <actor name="D0N29">
            <wcet number="0">40</wcet>
            <wcet number="1">50</wcet>
            <maxpow number="0.7568272689086617"/>
            <maxpow number="0.7568272689086617"/>
            <fprob>0.0</fprob>
        </actor>
        <actor name="D0N22">
            <wcet number="0">90</wcet>
            <wcet number="1">90</wcet>
            <maxpow number="0.45048927714162357"/>
            <maxpow number="0.45048927714162357"/>
            <fprob>0.0</fprob>
        </actor>
        <actor name="D0N8">
            <wcet number="0">10</wcet>
            <wcet number="1">20</wcet>
            <maxpow number="0.4743457055128358"/>
            <maxpow number="0.4743457055128358"/>
            <fprob>0.0</fprob>
        </actor>
        <actor name="D0N0">
            <wcet number="0">40</wcet>
            <wcet number="1">60</wcet>
            <maxpow number="0.22902953085488226"/>
            <maxpow number="0.22902953085488226"/>
            <fprob>0.0</fprob>
        </actor>
        <actor name="D0N10">
            <wcet number="0">20</wcet>
            <wcet number="1">20</wcet>
            <maxpow number="0.5226174907997548"/>
            <maxpow number="0.5226174907997548"/>
            <fprob>0.0</fprob>
        </actor>
        <actor name="D0N23">
            <wcet number="0">120</wcet>
            <wcet number="1">140</wcet>
            <maxpow number="0.7314339325367882"/>
            <maxpow number="0.7314339325367882"/>
            <fprob>0.0</fprob>
        </actor>
        <actor name="D0N28">
            <wcet number="0">50</wcet>
            <wcet number="1">50</wcet>
            <maxpow number="0.5564093864417983"/>
            <maxpow number="0.5564093864417983"/>
            <fprob>0.0</fprob>
        </actor>
        <actor name="D0N1">
            <wcet number="0">10</wcet>
            <wcet number="1">10</wcet>
            <maxpow number="0.5149446312507072"/>
            <maxpow number="0.5149446312507072"/>
            <fprob>0.0</fprob>
        </actor>
        <actor name="D0N37">
            <wcet number="0">90</wcet>
            <wcet number="1">90</wcet>
            <maxpow number="0.23074492716526973"/>
            <maxpow number="0.23074492716526973"/>
            <fprob>0.0</fprob>
        </actor>
        <actor name="D0N13">
            <wcet number="0">20</wcet>
            <wcet number="1">20</wcet>
            <maxpow number="0.7371934406920568"/>
            <maxpow number="0.7371934406920568"/>
            <fprob>0.0</fprob>
        </actor>
        <actor name="D0N32">
            <wcet number="0">10</wcet>
            <wcet number="1">20</wcet>
            <maxpow number="0.48675900449855986"/>
            <maxpow number="0.48675900449855986"/>
            <fprob>0.0</fprob>
        </actor>
        <ports>
            <port dstActor="D0N35" name="p0" srcActor="D0N21"/>
            <port dstActor="D0N44" name="p1" srcActor="D0N21"/>
            <port dstActor="D0N25" name="p2" srcActor="D0N21"/>
            <port dstActor="D0N36" name="p3" srcActor="D0N21"/>
            <port dstActor="D0N29" name="p4" srcActor="D0N21"/>
            <port dstActor="D0N42" name="p5" srcActor="D0N35"/>
            <port dstActor="D0N41" name="p6" srcActor="D0N27"/>
            <port dstActor="D0N35" name="p7" srcActor="D0N2"/>
            <port dstActor="D0N24" name="p8" srcActor="D0N2"/>
            <port dstActor="D0N34" name="p9" srcActor="D0N7"/>
            <port dstActor="D0N24" name="p10" srcActor="D0N7"/>
            <port dstActor="D0N26" name="p11" srcActor="D0N7"/>
            <port dstActor="D0N17" name="p12" srcActor="D0N7"/>
            <port dstActor="D0N13" name="p13" srcActor="D0N7"/>
            <port dstActor="D0N40" name="p14" srcActor="D0N31"/>
            <port dstActor="D0N27" name="p15" srcActor="D0N3"/>
            <port dstActor="D0N31" name="p16" srcActor="D0N3"/>
            <port dstActor="D0N33" name="p17" srcActor="D0N3"/>
            <port dstActor="D0N32" name="p18" srcActor="D0N3"/>
            <port dstActor="D0N28" name="p19" srcActor="D0N4"/>
            <port dstActor="D0N21" name="p20" srcActor="D0N4"/>
            <port dstActor="D0N25" name="p21" srcActor="D0N4"/>
            <port dstActor="D0N6" name="p22" srcActor="D0N4"/>
            <port dstActor="D0N29" name="p23" srcActor="D0N4"/>
            <port dstActor="D0N37" name="p24" srcActor="D0N14"/>
            <port dstActor="D0N23" name="p25" srcActor="D0N14"/>
            <port dstActor="D0N35" name="p26" srcActor="D0N14"/>
            <port dstActor="D0N26" name="p27" srcActor="D0N16"/>
            <port dstActor="D0N30" name="p28" srcActor="D0N16"/>
            <port dstActor="D0N34" name="p29" srcActor="D0N16"/>
            <port dstActor="D0N36" name="p30" srcActor="D0N17"/>
            <port dstActor="D0N21" name="p31" srcActor="D0N17"/>
            <port dstActor="D0N34" name="p32" srcActor="D0N17"/>
            <port dstActor="D0N24" name="p33" srcActor="D0N17"/>
            <port dstActor="D0N41" name="p34" srcActor="D0N25"/>
            <port dstActor="D0N14" name="p35" srcActor="D0N12"/>
            <port dstActor="D0N33" name="p36" srcActor="D0N12"/>
            <port dstActor="D0N44" name="p37" srcActor="D0N12"/>
            <port dstActor="D0N23" name="p38" srcActor="D0N12"/>
            <port dstActor="D0N33" name="p39" srcActor="D0N18"/>
            <port dstActor="D0N27" name="p40" srcActor="D0N18"/>
            <port dstActor="D0N35" name="p41" srcActor="D0N18"/>
            <port dstActor="D0N39" name="p42" srcActor="D0N18"/>
            <port dstActor="D0N41" name="p43" srcActor="D0N34"/>
            <port dstActor="D0N39" name="p44" srcActor="D0N34"/>
            <port dstActor="D0N37" name="p45" srcActor="D0N36"/>
            <port dstActor="D0N36" name="p46" srcActor="D0N33"/>
            <port dstActor="D0N42" name="p47" srcActor="D0N33"/>
            <port dstActor="D0N34" name="p48" srcActor="D0N33"/>
            <port dstActor="D0N22" name="p49" srcActor="D0N11"/>
            <port dstActor="D0N30" name="p50" srcActor="D0N11"/>
            <port dstActor="D0N21" name="p51" srcActor="D0N11"/>
            <port dstActor="D0N12" name="p52" srcActor="D0N11"/>
            <port dstActor="D0N24" name="p53" srcActor="D0N11"/>
            <port dstActor="D0N39" name="p54" srcActor="D0N15"/>
            <port dstActor="D0N43" name="p55" srcActor="D0N15"/>
            <port dstActor="D0N30" name="p56" srcActor="D0N6"/>
            <port dstActor="D0N39" name="p57" srcActor="D0N6"/>
            <port dstActor="D0N16" name="p58" srcActor="D0N6"/>
            <port dstActor="D0N43" name="p59" srcActor="D0N6"/>
            <port dstActor="D0N42" name="p60" srcActor="D0N19"/>
            <port dstActor="D0N34" name="p61" srcActor="D0N19"/>
            <port dstActor="D0N38" name="p62" srcActor="D0N19"/>
            <port dstActor="D0N44" name="p63" srcActor="D0N30"/>
            <port dstActor="D0N7" name="p64" srcActor="D0N5"/>
            <port dstActor="D0N22" name="p65" srcActor="D0N5"/>
            <port dstActor="D0N31" name="p66" srcActor="D0N20"/>
            <port dstActor="D0N24" name="p67" srcActor="D0N20"/>
            <port dstActor="D0N32" name="p68" srcActor="D0N20"/>
            <port dstActor="D0N31" name="p69" srcActor="D0N9"/>
            <port dstActor="D0N36" name="p70" srcActor="D0N9"/>
            <port dstActor="D0N38" name="p71" srcActor="D0N9"/>
            <port dstActor="D0N34" name="p72" srcActor="D0N24"/>
            <port dstActor="D0N35" name="p73" srcActor="D0N26"/>
            <port dstActor="D0N39" name="p74" srcActor="D0N26"/>
            <port dstActor="D0N32" name="p75" srcActor="D0N26"/>
            <port dstActor="D0N42" name="p76" srcActor="D0N26"/>
            <port dstActor="D0N31" name="p77" srcActor="D0N29"/>
            <port dstActor="D0N34" name="p78" srcActor="D0N29"/>
            <port dstActor="D0N37" name="p79" srcActor="D0N29"/>
            <port dstActor="D0N29" name="p80" srcActor="D0N22"/>
            <port dstActor="D0N40" name="p81" srcActor="D0N22"/>
            <port dstActor="D0N35" name="p82" srcActor="D0N8"/>
            <port dstActor="D0N15" name="p83" srcActor="D0N8"/>
            <port dstActor="D0N20" name="p84" srcActor="D0N8"/>
            <port dstActor="D0N24" name="p85" srcActor="D0N0"/>
            <port dstActor="D0N26" name="p86" srcActor="D0N0"/>
            <port dstActor="D0N1" name="p87" srcActor="D0N0"/>
            <port dstActor="D0N5" name="p88" srcActor="D0N0"/>
            <port dstActor="D0N27" name="p89" srcActor="D0N10"/>
            <port dstActor="D0N31" name="p90" srcActor="D0N10"/>
            <port dstActor="D0N39" name="p91" srcActor="D0N10"/>
            <port dstActor="D0N44" name="p92" srcActor="D0N28"/>
            <port dstActor="D0N32" name="p93" srcActor="D0N28"/>
            <port dstActor="D0N5" name="p94" srcActor="D0N1"/>
            <port dstActor="D0N19" name="p95" srcActor="D0N1"/>
            <port dstActor="D0N3" name="p96" srcActor="D0N1"/>
            <port dstActor="D0N17" name="p97" srcActor="D0N1"/>
            <port dstActor="D0N29" name="p98" srcActor="D0N1"/>
            <port dstActor="D0N38" name="p99" srcActor="D0N37"/>
            <port dstActor="D0N42" name="p100" srcActor="D0N37"/>
            <port dstActor="D0N24" name="p101" srcActor="D0N13"/>
            <port dstActor="D0N29" name="p102" srcActor="D0N13"/>
            <port dstActor="D0N21" name="p103" srcActor="D0N13"/>
            <port dstActor="D0N27" name="p104" srcActor="D0N13"/>
        </ports>
    </mcdag>
    <cores number="3"/>
    <levels number="2"/>
</mcsystem>
