<?xml version="1.0" encoding="UTF-8" standalone="no"?>
<mcsystem>
    <mcdag deadline="2200" name="genned-0-ed-10.0-0">
        <actor name="D0N12">
            <wcet number="0">10</wcet>
            <wcet number="1">10</wcet>
            <maxpow number="0.33377419598618596"/>
            <maxpow number="0.33377419598618596"/>
            <fprob>0.0</fprob>
        </actor>
        <actor name="D0N22">
            <wcet number="0">10</wcet>
            <wcet number="1">60</wcet>
            <maxpow number="0.45698282698633186"/>
            <maxpow number="0.45698282698633186"/>
            <fprob>0.0</fprob>
        </actor>
        <actor name="D0N14">
            <wcet number="0">30</wcet>
            <wcet number="1">110</wcet>
            <maxpow number="0.9003165799747224"/>
            <maxpow number="0.9003165799747224"/>
            <fprob>0.0</fprob>
        </actor>
        <actor name="D0N33">
            <wcet number="0">160</wcet>
            <wcet number="1">200</wcet>
            <maxpow number="0.5571688169646511"/>
            <maxpow number="0.5571688169646511"/>
            <fprob>0.0</fprob>
        </actor>
        <actor name="D0N45">
            <wcet number="0">20</wcet>
            <wcet number="1">40</wcet>
            <maxpow number="0.6102750351408373"/>
            <maxpow number="0.6102750351408373"/>
            <fprob>0.0</fprob>
        </actor>
        <actor name="D0N37">
            <wcet number="0">10</wcet>
            <wcet number="1">10</wcet>
            <maxpow number="0.6947715855901707"/>
            <maxpow number="0.6947715855901707"/>
            <fprob>0.0</fprob>
        </actor>
        <actor name="D0N43">
            <wcet number="0">10</wcet>
            <wcet number="1">80</wcet>
            <maxpow number="0.6676272650822864"/>
            <maxpow number="0.6676272650822864"/>
            <fprob>0.0</fprob>
        </actor>
        <actor name="D0N6">
            <wcet number="0">140</wcet>
            <wcet number="1">230</wcet>
            <maxpow number="0.2535483226017463"/>
            <maxpow number="0.2535483226017463"/>
            <fprob>0.0</fprob>
        </actor>
        <actor name="D0N9">
            <wcet number="0">10</wcet>
            <wcet number="1">60</wcet>
            <maxpow number="0.577737212888929"/>
            <maxpow number="0.577737212888929"/>
            <fprob>0.0</fprob>
        </actor>
        <actor name="D0N23">
            <wcet number="0">30</wcet>
            <wcet number="1">100</wcet>
            <maxpow number="0.46844935317275327"/>
            <maxpow number="0.46844935317275327"/>
            <fprob>0.0</fprob>
        </actor>
        <actor name="D0N13">
            <wcet number="0">10</wcet>
            <wcet number="1">150</wcet>
            <maxpow number="0.6317152405315845"/>
            <maxpow number="0.6317152405315845"/>
            <fprob>0.0</fprob>
        </actor>
        <actor name="D0N35">
            <wcet number="0">20</wcet>
            <wcet number="1">60</wcet>
            <maxpow number="0.494769021505284"/>
            <maxpow number="0.494769021505284"/>
            <fprob>0.0</fprob>
        </actor>
        <actor name="D0N44">
            <wcet number="0">130</wcet>
            <wcet number="1">140</wcet>
            <maxpow number="0.6268400610296071"/>
            <maxpow number="0.6268400610296071"/>
            <fprob>0.0</fprob>
        </actor>
        <actor name="D0N20">
            <wcet number="0">80</wcet>
            <wcet number="1">80</wcet>
            <maxpow number="0.1223442041794599"/>
            <maxpow number="0.1223442041794599"/>
            <fprob>0.0</fprob>
        </actor>
        <actor name="D0N41">
            <wcet number="0">70</wcet>
            <wcet number="1">80</wcet>
            <maxpow number="0.3634213376023143"/>
            <maxpow number="0.3634213376023143"/>
            <fprob>0.0</fprob>
        </actor>
        <actor name="D0N15">
            <wcet number="0">10</wcet>
            <wcet number="1">50</wcet>
            <maxpow number="0.364792175911754"/>
            <maxpow number="0.364792175911754"/>
            <fprob>0.0</fprob>
        </actor>
        <actor name="D0N10">
            <wcet number="0">90</wcet>
            <wcet number="1">90</wcet>
            <maxpow number="0.5158983358089808"/>
            <maxpow number="0.5158983358089808"/>
            <fprob>0.0</fprob>
        </actor>
        <actor name="D0N30">
            <wcet number="0">100</wcet>
            <wcet number="1">120</wcet>
            <maxpow number="0.5171608805754294"/>
            <maxpow number="0.5171608805754294"/>
            <fprob>0.0</fprob>
        </actor>
        <actor name="D0N8">
            <wcet number="0">60</wcet>
            <wcet number="1">120</wcet>
            <maxpow number="0.587970259488202"/>
            <maxpow number="0.587970259488202"/>
            <fprob>0.0</fprob>
        </actor>
        <actor name="D0N18">
            <wcet number="0">50</wcet>
            <wcet number="1">60</wcet>
            <maxpow number="0.8365932769523157"/>
            <maxpow number="0.8365932769523157"/>
            <fprob>0.0</fprob>
        </actor>
        <actor name="D0N48">
            <wcet number="0">130</wcet>
            <wcet number="1">170</wcet>
            <maxpow number="0.5170680890520104"/>
            <maxpow number="0.5170680890520104"/>
            <fprob>0.0</fprob>
        </actor>
        <actor name="D0N24">
            <wcet number="0">110</wcet>
            <wcet number="1">120</wcet>
            <maxpow number="0.48298286674597213"/>
            <maxpow number="0.48298286674597213"/>
            <fprob>0.0</fprob>
        </actor>
        <actor name="D0N42">
            <wcet number="0">30</wcet>
            <wcet number="1">40</wcet>
            <maxpow number="0.3300530915214044"/>
            <maxpow number="0.3300530915214044"/>
            <fprob>0.0</fprob>
        </actor>
        <actor name="D0N36">
            <wcet number="0">20</wcet>
            <wcet number="1">40</wcet>
            <maxpow number="0.6332160174283658"/>
            <maxpow number="0.6332160174283658"/>
            <fprob>0.0</fprob>
        </actor>
        <actor name="D0N27">
            <wcet number="0">80</wcet>
            <wcet number="1">110</wcet>
            <maxpow number="0.8745458731533582"/>
            <maxpow number="0.8745458731533582"/>
            <fprob>0.0</fprob>
        </actor>
        <actor name="D0N34">
            <wcet number="0">40</wcet>
            <wcet number="1">40</wcet>
            <maxpow number="0.5060350844230287"/>
            <maxpow number="0.5060350844230287"/>
            <fprob>0.0</fprob>
        </actor>
        <actor name="D0N21">
            <wcet number="0">20</wcet>
            <wcet number="1">30</wcet>
            <maxpow number="0.4338558664289005"/>
            <maxpow number="0.4338558664289005"/>
            <fprob>0.0</fprob>
        </actor>
        <actor name="D0N4">
            <wcet number="0">100</wcet>
            <wcet number="1">110</wcet>
            <maxpow number="0.583541133757585"/>
            <maxpow number="0.583541133757585"/>
            <fprob>0.0</fprob>
        </actor>
        <actor name="D0N1">
            <wcet number="0">10</wcet>
            <wcet number="1">10</wcet>
            <maxpow number="0.7686574046886918"/>
            <maxpow number="0.7686574046886918"/>
            <fprob>0.0</fprob>
        </actor>
        <actor name="D0N28">
            <wcet number="0">30</wcet>
            <wcet number="1">40</wcet>
            <maxpow number="0.7690454234009306"/>
            <maxpow number="0.7690454234009306"/>
            <fprob>0.0</fprob>
        </actor>
        <actor name="D0N39">
            <wcet number="0">40</wcet>
            <wcet number="1">50</wcet>
            <maxpow number="0.30229749078934287"/>
            <maxpow number="0.30229749078934287"/>
            <fprob>0.0</fprob>
        </actor>
        <actor name="D0N3">
            <wcet number="0">370</wcet>
            <wcet number="1">470</wcet>
            <maxpow number="0.5140606641078678"/>
            <maxpow number="0.5140606641078678"/>
            <fprob>0.0</fprob>
        </actor>
        <actor name="D0N32">
            <wcet number="0">70</wcet>
            <wcet number="1">270</wcet>
            <maxpow number="0.6343982979855519"/>
            <maxpow number="0.6343982979855519"/>
            <fprob>0.0</fprob>
        </actor>
        <actor name="D0N38">
            <wcet number="0">110</wcet>
            <wcet number="1">230</wcet>
            <maxpow number="0.6384085273935582"/>
            <maxpow number="0.6384085273935582"/>
            <fprob>0.0</fprob>
        </actor>
        <actor name="D0N47">
            <wcet number="0">50</wcet>
            <wcet number="1">60</wcet>
            <maxpow number="0.835732739623989"/>
            <maxpow number="0.835732739623989"/>
            <fprob>0.0</fprob>
        </actor>
        <actor name="D0N25">
            <wcet number="0">20</wcet>
            <wcet number="1">30</wcet>
            <maxpow number="0.5692902733942723"/>
            <maxpow number="0.5692902733942723"/>
            <fprob>0.0</fprob>
        </actor>
        <actor name="D0N29">
            <wcet number="0">90</wcet>
            <wcet number="1">120</wcet>
            <maxpow number="0.4836643630711028"/>
            <maxpow number="0.4836643630711028"/>
            <fprob>0.0</fprob>
        </actor>
        <actor name="D0N26">
            <wcet number="0">250</wcet>
            <wcet number="1">260</wcet>
            <maxpow number="0.31056353669782033"/>
            <maxpow number="0.31056353669782033"/>
            <fprob>0.0</fprob>
        </actor>
        <actor name="D0N11">
            <wcet number="0">10</wcet>
            <wcet number="1">20</wcet>
            <maxpow number="0.42738202918002005"/>
            <maxpow number="0.42738202918002005"/>
            <fprob>0.0</fprob>
        </actor>
        <actor name="D0N5">
            <wcet number="0">60</wcet>
            <wcet number="1">80</wcet>
            <maxpow number="0.5849067429206044"/>
            <maxpow number="0.5849067429206044"/>
            <fprob>0.0</fprob>
        </actor>
        <actor name="D0N17">
            <wcet number="0">70</wcet>
            <wcet number="1">120</wcet>
            <maxpow number="0.41788269574218156"/>
            <maxpow number="0.41788269574218156"/>
            <fprob>0.0</fprob>
        </actor>
        <actor name="D0N7">
            <wcet number="0">10</wcet>
            <wcet number="1">50</wcet>
            <maxpow number="0.6509116200819087"/>
            <maxpow number="0.6509116200819087"/>
            <fprob>0.0</fprob>
        </actor>
        <actor name="D0N0">
            <wcet number="0">80</wcet>
            <wcet number="1">80</wcet>
            <maxpow number="0.8625504250406845"/>
            <maxpow number="0.8625504250406845"/>
            <fprob>0.0</fprob>
        </actor>
        <actor name="D0N16">
            <wcet number="0">10</wcet>
            <wcet number="1">10</wcet>
            <maxpow number="0.7386812279242065"/>
            <maxpow number="0.7386812279242065"/>
            <fprob>0.0</fprob>
        </actor>
        <actor name="D0N40">
            <wcet number="0">30</wcet>
            <wcet number="1">40</wcet>
            <maxpow number="0.5013108619640544"/>
            <maxpow number="0.5013108619640544"/>
            <fprob>0.0</fprob>
        </actor>
        <actor name="D0N31">
            <wcet number="0">10</wcet>
            <wcet number="1">40</wcet>
            <maxpow number="0.29337373805482636"/>
            <maxpow number="0.29337373805482636"/>
            <fprob>0.0</fprob>
        </actor>
        <actor name="D0N19">
            <wcet number="0">10</wcet>
            <wcet number="1">10</wcet>
            <maxpow number="0.6328185322158102"/>
            <maxpow number="0.6328185322158102"/>
            <fprob>0.0</fprob>
        </actor>
        <actor name="D0N46">
            <wcet number="0">110</wcet>
            <wcet number="1">110</wcet>
            <maxpow number="0.6573765684985352"/>
            <maxpow number="0.6573765684985352"/>
            <fprob>0.0</fprob>
        </actor>
        <actor name="D0N2">
            <wcet number="0">10</wcet>
            <wcet number="1">10</wcet>
            <maxpow number="0.4604248306904715"/>
            <maxpow number="0.4604248306904715"/>
            <fprob>0.0</fprob>
        </actor>
        <ports>
            <port dstActor="D0N25" name="p0" srcActor="D0N12"/>
            <port dstActor="D0N37" name="p1" srcActor="D0N12"/>
            <port dstActor="D0N31" name="p2" srcActor="D0N12"/>
            <port dstActor="D0N24" name="p3" srcActor="D0N12"/>
            <port dstActor="D0N23" name="p4" srcActor="D0N22"/>
            <port dstActor="D0N38" name="p5" srcActor="D0N22"/>
            <port dstActor="D0N33" name="p6" srcActor="D0N14"/>
            <port dstActor="D0N43" name="p7" srcActor="D0N33"/>
            <port dstActor="D0N47" name="p8" srcActor="D0N43"/>
            <port dstActor="D0N9" name="p9" srcActor="D0N6"/>
            <port dstActor="D0N46" name="p10" srcActor="D0N6"/>
            <port dstActor="D0N42" name="p11" srcActor="D0N6"/>
            <port dstActor="D0N28" name="p12" srcActor="D0N6"/>
            <port dstActor="D0N23" name="p13" srcActor="D0N6"/>
            <port dstActor="D0N19" name="p14" srcActor="D0N9"/>
            <port dstActor="D0N47" name="p15" srcActor="D0N9"/>
            <port dstActor="D0N45" name="p16" srcActor="D0N9"/>
            <port dstActor="D0N41" name="p17" srcActor="D0N23"/>
            <port dstActor="D0N28" name="p18" srcActor="D0N23"/>
            <port dstActor="D0N43" name="p19" srcActor="D0N23"/>
            <port dstActor="D0N28" name="p20" srcActor="D0N13"/>
            <port dstActor="D0N21" name="p21" srcActor="D0N13"/>
            <port dstActor="D0N40" name="p22" srcActor="D0N35"/>
            <port dstActor="D0N37" name="p23" srcActor="D0N35"/>
            <port dstActor="D0N45" name="p24" srcActor="D0N44"/>
            <port dstActor="D0N22" name="p25" srcActor="D0N20"/>
            <port dstActor="D0N44" name="p26" srcActor="D0N20"/>
            <port dstActor="D0N38" name="p27" srcActor="D0N20"/>
            <port dstActor="D0N18" name="p28" srcActor="D0N15"/>
            <port dstActor="D0N48" name="p29" srcActor="D0N15"/>
            <port dstActor="D0N23" name="p30" srcActor="D0N15"/>
            <port dstActor="D0N16" name="p31" srcActor="D0N15"/>
            <port dstActor="D0N37" name="p32" srcActor="D0N15"/>
            <port dstActor="D0N35" name="p33" srcActor="D0N10"/>
            <port dstActor="D0N39" name="p34" srcActor="D0N10"/>
            <port dstActor="D0N41" name="p35" srcActor="D0N30"/>
            <port dstActor="D0N47" name="p36" srcActor="D0N30"/>
            <port dstActor="D0N31" name="p37" srcActor="D0N30"/>
            <port dstActor="D0N27" name="p38" srcActor="D0N8"/>
            <port dstActor="D0N16" name="p39" srcActor="D0N8"/>
            <port dstActor="D0N45" name="p40" srcActor="D0N8"/>
            <port dstActor="D0N47" name="p41" srcActor="D0N18"/>
            <port dstActor="D0N33" name="p42" srcActor="D0N24"/>
            <port dstActor="D0N29" name="p43" srcActor="D0N24"/>
            <port dstActor="D0N47" name="p44" srcActor="D0N24"/>
            <port dstActor="D0N42" name="p45" srcActor="D0N36"/>
            <port dstActor="D0N46" name="p46" srcActor="D0N27"/>
            <port dstActor="D0N30" name="p47" srcActor="D0N27"/>
            <port dstActor="D0N24" name="p48" srcActor="D0N21"/>
            <port dstActor="D0N27" name="p49" srcActor="D0N21"/>
            <port dstActor="D0N23" name="p50" srcActor="D0N4"/>
            <port dstActor="D0N37" name="p51" srcActor="D0N4"/>
            <port dstActor="D0N21" name="p52" srcActor="D0N4"/>
            <port dstActor="D0N38" name="p53" srcActor="D0N1"/>
            <port dstActor="D0N5" name="p54" srcActor="D0N1"/>
            <port dstActor="D0N42" name="p55" srcActor="D0N1"/>
            <port dstActor="D0N18" name="p56" srcActor="D0N1"/>
            <port dstActor="D0N45" name="p57" srcActor="D0N1"/>
            <port dstActor="D0N17" name="p58" srcActor="D0N1"/>
            <port dstActor="D0N13" name="p59" srcActor="D0N3"/>
            <port dstActor="D0N22" name="p60" srcActor="D0N3"/>
            <port dstActor="D0N37" name="p61" srcActor="D0N3"/>
            <port dstActor="D0N34" name="p62" srcActor="D0N32"/>
            <port dstActor="D0N42" name="p63" srcActor="D0N25"/>
            <port dstActor="D0N44" name="p64" srcActor="D0N25"/>
            <port dstActor="D0N38" name="p65" srcActor="D0N29"/>
            <port dstActor="D0N37" name="p66" srcActor="D0N29"/>
            <port dstActor="D0N48" name="p67" srcActor="D0N29"/>
            <port dstActor="D0N44" name="p68" srcActor="D0N26"/>
            <port dstActor="D0N42" name="p69" srcActor="D0N11"/>
            <port dstActor="D0N17" name="p70" srcActor="D0N11"/>
            <port dstActor="D0N26" name="p71" srcActor="D0N5"/>
            <port dstActor="D0N6" name="p72" srcActor="D0N5"/>
            <port dstActor="D0N31" name="p73" srcActor="D0N5"/>
            <port dstActor="D0N25" name="p74" srcActor="D0N5"/>
            <port dstActor="D0N39" name="p75" srcActor="D0N5"/>
            <port dstActor="D0N17" name="p76" srcActor="D0N7"/>
            <port dstActor="D0N22" name="p77" srcActor="D0N7"/>
            <port dstActor="D0N13" name="p78" srcActor="D0N7"/>
            <port dstActor="D0N35" name="p79" srcActor="D0N0"/>
            <port dstActor="D0N17" name="p80" srcActor="D0N16"/>
            <port dstActor="D0N44" name="p81" srcActor="D0N16"/>
            <port dstActor="D0N41" name="p82" srcActor="D0N40"/>
            <port dstActor="D0N46" name="p83" srcActor="D0N40"/>
            <port dstActor="D0N41" name="p84" srcActor="D0N31"/>
            <port dstActor="D0N45" name="p85" srcActor="D0N31"/>
            <port dstActor="D0N47" name="p86" srcActor="D0N19"/>
            <port dstActor="D0N48" name="p87" srcActor="D0N19"/>
            <port dstActor="D0N40" name="p88" srcActor="D0N19"/>
            <port dstActor="D0N11" name="p89" srcActor="D0N2"/>
            <port dstActor="D0N18" name="p90" srcActor="D0N2"/>
            <port dstActor="D0N33" name="p91" srcActor="D0N2"/>
            <port dstActor="D0N44" name="p92" srcActor="D0N2"/>
        </ports>
    </mcdag>
    <cores number="3"/>
    <levels number="2"/>
</mcsystem>
