<?xml version="1.0" encoding="UTF-8" standalone="no"?>
<mcsystem>
    <mcdag deadline="1200" name="genned-0-ed-10.0-0">
        <actor name="D0N28">
            <wcet number="0">10</wcet>
            <wcet number="1">20</wcet>
            <maxpow number="0.4075238806540128"/>
            <maxpow number="0.4075238806540128"/>
            <fprob>0.0</fprob>
        </actor>
        <actor name="D0N31">
            <wcet number="0">30</wcet>
            <wcet number="1">50</wcet>
            <maxpow number="0.6101761853961655"/>
            <maxpow number="0.6101761853961655"/>
            <fprob>0.0</fprob>
        </actor>
        <actor name="D0N46">
            <wcet number="0">10</wcet>
            <wcet number="1">40</wcet>
            <maxpow number="0.508561733711846"/>
            <maxpow number="0.508561733711846"/>
            <fprob>0.0</fprob>
        </actor>
        <actor name="D0N30">
            <wcet number="0">10</wcet>
            <wcet number="1">10</wcet>
            <maxpow number="0.48891032287576147"/>
            <maxpow number="0.48891032287576147"/>
            <fprob>0.0</fprob>
        </actor>
        <actor name="D0N39">
            <wcet number="0">10</wcet>
            <wcet number="1">10</wcet>
            <maxpow number="0.5034148635839397"/>
            <maxpow number="0.5034148635839397"/>
            <fprob>0.0</fprob>
        </actor>
        <actor name="D0N17">
            <wcet number="0">120</wcet>
            <wcet number="1">120</wcet>
            <maxpow number="0.30285040142364716"/>
            <maxpow number="0.30285040142364716"/>
            <fprob>0.0</fprob>
        </actor>
        <actor name="D0N36">
            <wcet number="0">160</wcet>
            <wcet number="1">250</wcet>
            <maxpow number="0.3122719434034533"/>
            <maxpow number="0.3122719434034533"/>
            <fprob>0.0</fprob>
        </actor>
        <actor name="D0N16">
            <wcet number="0">10</wcet>
            <wcet number="1">90</wcet>
            <maxpow number="0.5335598545721514"/>
            <maxpow number="0.5335598545721514"/>
            <fprob>0.0</fprob>
        </actor>
        <actor name="D0N11">
            <wcet number="0">10</wcet>
            <wcet number="1">30</wcet>
            <maxpow number="0.15508029879328328"/>
            <maxpow number="0.15508029879328328"/>
            <fprob>0.0</fprob>
        </actor>
        <actor name="D0N13">
            <wcet number="0">40</wcet>
            <wcet number="1">40</wcet>
            <maxpow number="0.5947586999578361"/>
            <maxpow number="0.5947586999578361"/>
            <fprob>0.0</fprob>
        </actor>
        <actor name="D0N21">
            <wcet number="0">30</wcet>
            <wcet number="1">60</wcet>
            <maxpow number="0.6584890757974818"/>
            <maxpow number="0.6584890757974818"/>
            <fprob>0.0</fprob>
        </actor>
        <actor name="D0N42">
            <wcet number="0">30</wcet>
            <wcet number="1">60</wcet>
            <maxpow number="0.7056769431183463"/>
            <maxpow number="0.7056769431183463"/>
            <fprob>0.0</fprob>
        </actor>
        <actor name="D0N47">
            <wcet number="0">130</wcet>
            <wcet number="1">150</wcet>
            <maxpow number="0.6863498309462435"/>
            <maxpow number="0.6863498309462435"/>
            <fprob>0.0</fprob>
        </actor>
        <actor name="D0N38">
            <wcet number="0">20</wcet>
            <wcet number="1">20</wcet>
            <maxpow number="0.4077269393814844"/>
            <maxpow number="0.4077269393814844"/>
            <fprob>0.0</fprob>
        </actor>
        <actor name="D0N20">
            <wcet number="0">50</wcet>
            <wcet number="1">100</wcet>
            <maxpow number="0.6030295865302738"/>
            <maxpow number="0.6030295865302738"/>
            <fprob>0.0</fprob>
        </actor>
        <actor name="D0N7">
            <wcet number="0">90</wcet>
            <wcet number="1">100</wcet>
            <maxpow number="0.3199551654029567"/>
            <maxpow number="0.3199551654029567"/>
            <fprob>0.0</fprob>
        </actor>
        <actor name="D0N41">
            <wcet number="0">10</wcet>
            <wcet number="1">10</wcet>
            <maxpow number="0.4639769278226854"/>
            <maxpow number="0.4639769278226854"/>
            <fprob>0.0</fprob>
        </actor>
        <actor name="D0N14">
            <wcet number="0">20</wcet>
            <wcet number="1">30</wcet>
            <maxpow number="0.7597165518096293"/>
            <maxpow number="0.7597165518096293"/>
            <fprob>0.0</fprob>
        </actor>
        <actor name="D0N40">
            <wcet number="0">50</wcet>
            <wcet number="1">100</wcet>
            <maxpow number="0.434253635326067"/>
            <maxpow number="0.434253635326067"/>
            <fprob>0.0</fprob>
        </actor>
        <actor name="D0N12">
            <wcet number="0">20</wcet>
            <wcet number="1">20</wcet>
            <maxpow number="0.8304005633033849"/>
            <maxpow number="0.8304005633033849"/>
            <fprob>0.0</fprob>
        </actor>
        <actor name="D0N35">
            <wcet number="0">60</wcet>
            <wcet number="1">80</wcet>
            <maxpow number="0.2579835816476135"/>
            <maxpow number="0.2579835816476135"/>
            <fprob>0.0</fprob>
        </actor>
        <actor name="D0N37">
            <wcet number="0">60</wcet>
            <wcet number="1">100</wcet>
            <maxpow number="0.5858651522294873"/>
            <maxpow number="0.5858651522294873"/>
            <fprob>0.0</fprob>
        </actor>
        <actor name="D0N0">
            <wcet number="0">30</wcet>
            <wcet number="1">30</wcet>
            <maxpow number="0.1977066158102167"/>
            <maxpow number="0.1977066158102167"/>
            <fprob>0.0</fprob>
        </actor>
        <actor name="D0N10">
            <wcet number="0">40</wcet>
            <wcet number="1">80</wcet>
            <maxpow number="0.28900541060332574"/>
            <maxpow number="0.28900541060332574"/>
            <fprob>0.0</fprob>
        </actor>
        <actor name="D0N44">
            <wcet number="0">60</wcet>
            <wcet number="1">90</wcet>
            <maxpow number="0.33905858368530994"/>
            <maxpow number="0.33905858368530994"/>
            <fprob>0.0</fprob>
        </actor>
        <actor name="D0N29">
            <wcet number="0">10</wcet>
            <wcet number="1">10</wcet>
            <maxpow number="0.5512944468048636"/>
            <maxpow number="0.5512944468048636"/>
            <fprob>0.0</fprob>
        </actor>
        <actor name="D0N19">
            <wcet number="0">30</wcet>
            <wcet number="1">30</wcet>
            <maxpow number="0.40979531152797366"/>
            <maxpow number="0.40979531152797366"/>
            <fprob>0.0</fprob>
        </actor>
        <actor name="D0N27">
            <wcet number="0">20</wcet>
            <wcet number="1">20</wcet>
            <maxpow number="0.44580455807831615"/>
            <maxpow number="0.44580455807831615"/>
            <fprob>0.0</fprob>
        </actor>
        <actor name="D0N26">
            <wcet number="0">10</wcet>
            <wcet number="1">10</wcet>
            <maxpow number="0.7143168897469911"/>
            <maxpow number="0.7143168897469911"/>
            <fprob>0.0</fprob>
        </actor>
        <actor name="D0N45">
            <wcet number="0">50</wcet>
            <wcet number="1">50</wcet>
            <maxpow number="0.5344094502135294"/>
            <maxpow number="0.5344094502135294"/>
            <fprob>0.0</fprob>
        </actor>
        <actor name="D0N4">
            <wcet number="0">140</wcet>
            <wcet number="1">290</wcet>
            <maxpow number="0.41049232449170053"/>
            <maxpow number="0.41049232449170053"/>
            <fprob>0.0</fprob>
        </actor>
        <actor name="D0N6">
            <wcet number="0">10</wcet>
            <wcet number="1">30</wcet>
            <maxpow number="0.5833954369830132"/>
            <maxpow number="0.5833954369830132"/>
            <fprob>0.0</fprob>
        </actor>
        <actor name="D0N24">
            <wcet number="0">30</wcet>
            <wcet number="1">30</wcet>
            <maxpow number="0.2769287031179162"/>
            <maxpow number="0.2769287031179162"/>
            <fprob>0.0</fprob>
        </actor>
        <actor name="D0N34">
            <wcet number="0">100</wcet>
            <wcet number="1">110</wcet>
            <maxpow number="0.8639938084898438"/>
            <maxpow number="0.8639938084898438"/>
            <fprob>0.0</fprob>
        </actor>
        <actor name="D0N18">
            <wcet number="0">10</wcet>
            <wcet number="1">40</wcet>
            <maxpow number="0.6122202775863637"/>
            <maxpow number="0.6122202775863637"/>
            <fprob>0.0</fprob>
        </actor>
        <actor name="D0N33">
            <wcet number="0">10</wcet>
            <wcet number="1">40</wcet>
            <maxpow number="0.40498583590680026"/>
            <maxpow number="0.40498583590680026"/>
            <fprob>0.0</fprob>
        </actor>
        <actor name="D0N9">
            <wcet number="0">20</wcet>
            <wcet number="1">50</wcet>
            <maxpow number="0.6804629094926244"/>
            <maxpow number="0.6804629094926244"/>
            <fprob>0.0</fprob>
        </actor>
        <actor name="D0N23">
            <wcet number="0">30</wcet>
            <wcet number="1">110</wcet>
            <maxpow number="0.8223394308385308"/>
            <maxpow number="0.8223394308385308"/>
            <fprob>0.0</fprob>
        </actor>
        <actor name="D0N32">
            <wcet number="0">10</wcet>
            <wcet number="1">10</wcet>
            <maxpow number="0.4753343991080974"/>
            <maxpow number="0.4753343991080974"/>
            <fprob>0.0</fprob>
        </actor>
        <actor name="D0N1">
            <wcet number="0">50</wcet>
            <wcet number="1">130</wcet>
            <maxpow number="0.43763606616269607"/>
            <maxpow number="0.43763606616269607"/>
            <fprob>0.0</fprob>
        </actor>
        <actor name="D0N43">
            <wcet number="0">10</wcet>
            <wcet number="1">10</wcet>
            <maxpow number="0.8783211736594558"/>
            <maxpow number="0.8783211736594558"/>
            <fprob>0.0</fprob>
        </actor>
        <actor name="D0N5">
            <wcet number="0">110</wcet>
            <wcet number="1">190</wcet>
            <maxpow number="0.47691346167825555"/>
            <maxpow number="0.47691346167825555"/>
            <fprob>0.0</fprob>
        </actor>
        <actor name="D0N15">
            <wcet number="0">40</wcet>
            <wcet number="1">70</wcet>
            <maxpow number="0.20087180813799332"/>
            <maxpow number="0.20087180813799332"/>
            <fprob>0.0</fprob>
        </actor>
        <actor name="D0N25">
            <wcet number="0">30</wcet>
            <wcet number="1">50</wcet>
            <maxpow number="0.48395362714196455"/>
            <maxpow number="0.48395362714196455"/>
            <fprob>0.0</fprob>
        </actor>
        <actor name="D0N8">
            <wcet number="0">30</wcet>
            <wcet number="1">30</wcet>
            <maxpow number="0.4716162015286449"/>
            <maxpow number="0.4716162015286449"/>
            <fprob>0.0</fprob>
        </actor>
        <actor name="D0N2">
            <wcet number="0">10</wcet>
            <wcet number="1">20</wcet>
            <maxpow number="0.6708835361819329"/>
            <maxpow number="0.6708835361819329"/>
            <fprob>0.0</fprob>
        </actor>
        <actor name="D0N3">
            <wcet number="0">20</wcet>
            <wcet number="1">20</wcet>
            <maxpow number="0.765661642484603"/>
            <maxpow number="0.765661642484603"/>
            <fprob>0.0</fprob>
        </actor>
        <actor name="D0N22">
            <wcet number="0">20</wcet>
            <wcet number="1">80</wcet>
            <maxpow number="0.48277837283570263"/>
            <maxpow number="0.48277837283570263"/>
            <fprob>0.0</fprob>
        </actor>
        <ports>
            <port dstActor="D0N42" name="p0" srcActor="D0N28"/>
            <port dstActor="D0N43" name="p1" srcActor="D0N28"/>
            <port dstActor="D0N37" name="p2" srcActor="D0N28"/>
            <port dstActor="D0N45" name="p3" srcActor="D0N28"/>
            <port dstActor="D0N38" name="p4" srcActor="D0N31"/>
            <port dstActor="D0N33" name="p5" srcActor="D0N30"/>
            <port dstActor="D0N43" name="p6" srcActor="D0N39"/>
            <port dstActor="D0N40" name="p7" srcActor="D0N17"/>
            <port dstActor="D0N29" name="p8" srcActor="D0N17"/>
            <port dstActor="D0N45" name="p9" srcActor="D0N17"/>
            <port dstActor="D0N32" name="p10" srcActor="D0N17"/>
            <port dstActor="D0N23" name="p11" srcActor="D0N17"/>
            <port dstActor="D0N18" name="p12" srcActor="D0N16"/>
            <port dstActor="D0N28" name="p13" srcActor="D0N16"/>
            <port dstActor="D0N32" name="p14" srcActor="D0N16"/>
            <port dstActor="D0N25" name="p15" srcActor="D0N16"/>
            <port dstActor="D0N29" name="p16" srcActor="D0N11"/>
            <port dstActor="D0N31" name="p17" srcActor="D0N13"/>
            <port dstActor="D0N30" name="p18" srcActor="D0N13"/>
            <port dstActor="D0N45" name="p19" srcActor="D0N13"/>
            <port dstActor="D0N41" name="p20" srcActor="D0N21"/>
            <port dstActor="D0N28" name="p21" srcActor="D0N21"/>
            <port dstActor="D0N24" name="p22" srcActor="D0N21"/>
            <port dstActor="D0N46" name="p23" srcActor="D0N42"/>
            <port dstActor="D0N47" name="p24" srcActor="D0N42"/>
            <port dstActor="D0N44" name="p25" srcActor="D0N42"/>
            <port dstActor="D0N41" name="p26" srcActor="D0N38"/>
            <port dstActor="D0N40" name="p27" srcActor="D0N38"/>
            <port dstActor="D0N24" name="p28" srcActor="D0N7"/>
            <port dstActor="D0N36" name="p29" srcActor="D0N7"/>
            <port dstActor="D0N26" name="p30" srcActor="D0N7"/>
            <port dstActor="D0N42" name="p31" srcActor="D0N7"/>
            <port dstActor="D0N44" name="p32" srcActor="D0N41"/>
            <port dstActor="D0N18" name="p33" srcActor="D0N14"/>
            <port dstActor="D0N45" name="p34" srcActor="D0N14"/>
            <port dstActor="D0N46" name="p35" srcActor="D0N40"/>
            <port dstActor="D0N42" name="p36" srcActor="D0N40"/>
            <port dstActor="D0N39" name="p37" srcActor="D0N12"/>
            <port dstActor="D0N44" name="p38" srcActor="D0N12"/>
            <port dstActor="D0N47" name="p39" srcActor="D0N35"/>
            <port dstActor="D0N43" name="p40" srcActor="D0N37"/>
            <port dstActor="D0N44" name="p41" srcActor="D0N37"/>
            <port dstActor="D0N46" name="p42" srcActor="D0N37"/>
            <port dstActor="D0N19" name="p43" srcActor="D0N0"/>
            <port dstActor="D0N44" name="p44" srcActor="D0N0"/>
            <port dstActor="D0N39" name="p45" srcActor="D0N0"/>
            <port dstActor="D0N12" name="p46" srcActor="D0N0"/>
            <port dstActor="D0N1" name="p47" srcActor="D0N0"/>
            <port dstActor="D0N38" name="p48" srcActor="D0N29"/>
            <port dstActor="D0N40" name="p49" srcActor="D0N19"/>
            <port dstActor="D0N38" name="p50" srcActor="D0N19"/>
            <port dstActor="D0N44" name="p51" srcActor="D0N19"/>
            <port dstActor="D0N47" name="p52" srcActor="D0N27"/>
            <port dstActor="D0N41" name="p53" srcActor="D0N27"/>
            <port dstActor="D0N29" name="p54" srcActor="D0N27"/>
            <port dstActor="D0N45" name="p55" srcActor="D0N26"/>
            <port dstActor="D0N11" name="p56" srcActor="D0N4"/>
            <port dstActor="D0N27" name="p57" srcActor="D0N4"/>
            <port dstActor="D0N6" name="p58" srcActor="D0N4"/>
            <port dstActor="D0N7" name="p59" srcActor="D0N4"/>
            <port dstActor="D0N25" name="p60" srcActor="D0N4"/>
            <port dstActor="D0N31" name="p61" srcActor="D0N4"/>
            <port dstActor="D0N20" name="p62" srcActor="D0N6"/>
            <port dstActor="D0N47" name="p63" srcActor="D0N6"/>
            <port dstActor="D0N43" name="p64" srcActor="D0N24"/>
            <port dstActor="D0N47" name="p65" srcActor="D0N18"/>
            <port dstActor="D0N21" name="p66" srcActor="D0N18"/>
            <port dstActor="D0N22" name="p67" srcActor="D0N9"/>
            <port dstActor="D0N31" name="p68" srcActor="D0N23"/>
            <port dstActor="D0N44" name="p69" srcActor="D0N23"/>
            <port dstActor="D0N25" name="p70" srcActor="D0N23"/>
            <port dstActor="D0N45" name="p71" srcActor="D0N32"/>
            <port dstActor="D0N39" name="p72" srcActor="D0N32"/>
            <port dstActor="D0N36" name="p73" srcActor="D0N32"/>
            <port dstActor="D0N42" name="p74" srcActor="D0N32"/>
            <port dstActor="D0N33" name="p75" srcActor="D0N1"/>
            <port dstActor="D0N44" name="p76" srcActor="D0N1"/>
            <port dstActor="D0N12" name="p77" srcActor="D0N1"/>
            <port dstActor="D0N16" name="p78" srcActor="D0N1"/>
            <port dstActor="D0N20" name="p79" srcActor="D0N1"/>
            <port dstActor="D0N6" name="p80" srcActor="D0N5"/>
            <port dstActor="D0N17" name="p81" srcActor="D0N5"/>
            <port dstActor="D0N44" name="p82" srcActor="D0N5"/>
            <port dstActor="D0N18" name="p83" srcActor="D0N15"/>
            <port dstActor="D0N31" name="p84" srcActor="D0N15"/>
            <port dstActor="D0N33" name="p85" srcActor="D0N25"/>
            <port dstActor="D0N34" name="p86" srcActor="D0N25"/>
            <port dstActor="D0N11" name="p87" srcActor="D0N8"/>
            <port dstActor="D0N47" name="p88" srcActor="D0N8"/>
            <port dstActor="D0N43" name="p89" srcActor="D0N8"/>
            <port dstActor="D0N39" name="p90" srcActor="D0N2"/>
            <port dstActor="D0N44" name="p91" srcActor="D0N2"/>
            <port dstActor="D0N35" name="p92" srcActor="D0N2"/>
            <port dstActor="D0N13" name="p93" srcActor="D0N2"/>
            <port dstActor="D0N32" name="p94" srcActor="D0N2"/>
            <port dstActor="D0N31" name="p95" srcActor="D0N3"/>
            <port dstActor="D0N6" name="p96" srcActor="D0N3"/>
            <port dstActor="D0N40" name="p97" srcActor="D0N3"/>
            <port dstActor="D0N4" name="p98" srcActor="D0N3"/>
            <port dstActor="D0N43" name="p99" srcActor="D0N3"/>
        </ports>
    </mcdag>
    <cores number="3"/>
    <levels number="2"/>
</mcsystem>
