<?xml version="1.0" encoding="UTF-8" standalone="no"?>
<mcsystem>
    <mcdag deadline="2500" name="genned-0-ed-10.0-0">
        <actor name="D0N45">
            <wcet number="0">10</wcet>
            <wcet number="1">320</wcet>
            <maxpow number="0.45383323301406897"/>
            <maxpow number="0.45383323301406897"/>
            <fprob>0.0</fprob>
        </actor>
        <actor name="D0N42">
            <wcet number="0">20</wcet>
            <wcet number="1">20</wcet>
            <maxpow number="0.5227300460089803"/>
            <maxpow number="0.5227300460089803"/>
            <fprob>0.0</fprob>
        </actor>
        <actor name="D0N46">
            <wcet number="0">50</wcet>
            <wcet number="1">50</wcet>
            <maxpow number="0.5357002896881472"/>
            <maxpow number="0.5357002896881472"/>
            <fprob>0.0</fprob>
        </actor>
        <actor name="D0N27">
            <wcet number="0">30</wcet>
            <wcet number="1">40</wcet>
            <maxpow number="0.669856202588272"/>
            <maxpow number="0.669856202588272"/>
            <fprob>0.0</fprob>
        </actor>
        <actor name="D0N32">
            <wcet number="0">40</wcet>
            <wcet number="1">50</wcet>
            <maxpow number="0.32542518980433205"/>
            <maxpow number="0.32542518980433205"/>
            <fprob>0.0</fprob>
        </actor>
        <actor name="D0N29">
            <wcet number="0">10</wcet>
            <wcet number="1">30</wcet>
            <maxpow number="0.44939134101750594"/>
            <maxpow number="0.44939134101750594"/>
            <fprob>0.0</fprob>
        </actor>
        <actor name="D0N26">
            <wcet number="0">20</wcet>
            <wcet number="1">20</wcet>
            <maxpow number="0.727323540638575"/>
            <maxpow number="0.727323540638575"/>
            <fprob>0.0</fprob>
        </actor>
        <actor name="D0N2">
            <wcet number="0">40</wcet>
            <wcet number="1">140</wcet>
            <maxpow number="0.7556477902149425"/>
            <maxpow number="0.7556477902149425"/>
            <fprob>0.0</fprob>
        </actor>
        <actor name="D0N12">
            <wcet number="0">110</wcet>
            <wcet number="1">170</wcet>
            <maxpow number="0.3654045170191328"/>
            <maxpow number="0.3654045170191328"/>
            <fprob>0.0</fprob>
        </actor>
        <actor name="D0N35">
            <wcet number="0">200</wcet>
            <wcet number="1">260</wcet>
            <maxpow number="0.6098952032345544"/>
            <maxpow number="0.6098952032345544"/>
            <fprob>0.0</fprob>
        </actor>
        <actor name="D0N11">
            <wcet number="0">40</wcet>
            <wcet number="1">60</wcet>
            <maxpow number="0.5730755069566498"/>
            <maxpow number="0.5730755069566498"/>
            <fprob>0.0</fprob>
        </actor>
        <actor name="D0N16">
            <wcet number="0">30</wcet>
            <wcet number="1">30</wcet>
            <maxpow number="0.6093523894311544"/>
            <maxpow number="0.6093523894311544"/>
            <fprob>0.0</fprob>
        </actor>
        <actor name="D0N24">
            <wcet number="0">20</wcet>
            <wcet number="1">20</wcet>
            <maxpow number="0.5132340400093042"/>
            <maxpow number="0.5132340400093042"/>
            <fprob>0.0</fprob>
        </actor>
        <actor name="D0N39">
            <wcet number="0">10</wcet>
            <wcet number="1">10</wcet>
            <maxpow number="0.3623473739486207"/>
            <maxpow number="0.3623473739486207"/>
            <fprob>0.0</fprob>
        </actor>
        <actor name="D0N33">
            <wcet number="0">40</wcet>
            <wcet number="1">340</wcet>
            <maxpow number="0.9562222612676423"/>
            <maxpow number="0.9562222612676423"/>
            <fprob>0.0</fprob>
        </actor>
        <actor name="D0N4">
            <wcet number="0">10</wcet>
            <wcet number="1">20</wcet>
            <maxpow number="0.4743359264054966"/>
            <maxpow number="0.4743359264054966"/>
            <fprob>0.0</fprob>
        </actor>
        <actor name="D0N43">
            <wcet number="0">20</wcet>
            <wcet number="1">30</wcet>
            <maxpow number="0.7209299015499842"/>
            <maxpow number="0.7209299015499842"/>
            <fprob>0.0</fprob>
        </actor>
        <actor name="D0N17">
            <wcet number="0">50</wcet>
            <wcet number="1">140</wcet>
            <maxpow number="0.3696415529833954"/>
            <maxpow number="0.3696415529833954"/>
            <fprob>0.0</fprob>
        </actor>
        <actor name="D0N22">
            <wcet number="0">80</wcet>
            <wcet number="1">150</wcet>
            <maxpow number="0.7141097551155317"/>
            <maxpow number="0.7141097551155317"/>
            <fprob>0.0</fprob>
        </actor>
        <actor name="D0N5">
            <wcet number="0">90</wcet>
            <wcet number="1">140</wcet>
            <maxpow number="0.47287142286872624"/>
            <maxpow number="0.47287142286872624"/>
            <fprob>0.0</fprob>
        </actor>
        <actor name="D0N23">
            <wcet number="0">50</wcet>
            <wcet number="1">80</wcet>
            <maxpow number="0.6758662302086842"/>
            <maxpow number="0.6758662302086842"/>
            <fprob>0.0</fprob>
        </actor>
        <actor name="D0N21">
            <wcet number="0">90</wcet>
            <wcet number="1">110</wcet>
            <maxpow number="0.6533517577144746"/>
            <maxpow number="0.6533517577144746"/>
            <fprob>0.0</fprob>
        </actor>
        <actor name="D0N1">
            <wcet number="0">140</wcet>
            <wcet number="1">240</wcet>
            <maxpow number="0.5070159257055733"/>
            <maxpow number="0.5070159257055733"/>
            <fprob>0.0</fprob>
        </actor>
        <actor name="D0N3">
            <wcet number="0">110</wcet>
            <wcet number="1">160</wcet>
            <maxpow number="0.612021773213385"/>
            <maxpow number="0.612021773213385"/>
            <fprob>0.0</fprob>
        </actor>
        <actor name="D0N40">
            <wcet number="0">10</wcet>
            <wcet number="1">70</wcet>
            <maxpow number="0.2639633317791152"/>
            <maxpow number="0.2639633317791152"/>
            <fprob>0.0</fprob>
        </actor>
        <actor name="D0N28">
            <wcet number="0">20</wcet>
            <wcet number="1">180</wcet>
            <maxpow number="0.4287314094326059"/>
            <maxpow number="0.4287314094326059"/>
            <fprob>0.0</fprob>
        </actor>
        <actor name="D0N38">
            <wcet number="0">10</wcet>
            <wcet number="1">10</wcet>
            <maxpow number="0.624989839773358"/>
            <maxpow number="0.624989839773358"/>
            <fprob>0.0</fprob>
        </actor>
        <actor name="D0N37">
            <wcet number="0">20</wcet>
            <wcet number="1">40</wcet>
            <maxpow number="0.4208578701089051"/>
            <maxpow number="0.4208578701089051"/>
            <fprob>0.0</fprob>
        </actor>
        <actor name="D0N20">
            <wcet number="0">40</wcet>
            <wcet number="1">40</wcet>
            <maxpow number="0.30912783350969875"/>
            <maxpow number="0.30912783350969875"/>
            <fprob>0.0</fprob>
        </actor>
        <actor name="D0N13">
            <wcet number="0">20</wcet>
            <wcet number="1">100</wcet>
            <maxpow number="0.7473896351886619"/>
            <maxpow number="0.7473896351886619"/>
            <fprob>0.0</fprob>
        </actor>
        <actor name="D0N18">
            <wcet number="0">20</wcet>
            <wcet number="1">20</wcet>
            <maxpow number="0.48328406745916663"/>
            <maxpow number="0.48328406745916663"/>
            <fprob>0.0</fprob>
        </actor>
        <actor name="D0N0">
            <wcet number="0">310</wcet>
            <wcet number="1">320</wcet>
            <maxpow number="0.6191812674955596"/>
            <maxpow number="0.6191812674955596"/>
            <fprob>0.0</fprob>
        </actor>
        <actor name="D0N36">
            <wcet number="0">60</wcet>
            <wcet number="1">200</wcet>
            <maxpow number="0.6563011959206341"/>
            <maxpow number="0.6563011959206341"/>
            <fprob>0.0</fprob>
        </actor>
        <actor name="D0N44">
            <wcet number="0">120</wcet>
            <wcet number="1">140</wcet>
            <maxpow number="0.7436953892324487"/>
            <maxpow number="0.7436953892324487"/>
            <fprob>0.0</fprob>
        </actor>
        <actor name="D0N34">
            <wcet number="0">20</wcet>
            <wcet number="1">60</wcet>
            <maxpow number="0.41260995617303264"/>
            <maxpow number="0.41260995617303264"/>
            <fprob>0.0</fprob>
        </actor>
        <actor name="D0N15">
            <wcet number="0">20</wcet>
            <wcet number="1">20</wcet>
            <maxpow number="0.47818199317287957"/>
            <maxpow number="0.47818199317287957"/>
            <fprob>0.0</fprob>
        </actor>
        <actor name="D0N30">
            <wcet number="0">10</wcet>
            <wcet number="1">10</wcet>
            <maxpow number="0.5760912441548149"/>
            <maxpow number="0.5760912441548149"/>
            <fprob>0.0</fprob>
        </actor>
        <actor name="D0N41">
            <wcet number="0">40</wcet>
            <wcet number="1">190</wcet>
            <maxpow number="0.4158373930879219"/>
            <maxpow number="0.4158373930879219"/>
            <fprob>0.0</fprob>
        </actor>
        <actor name="D0N14">
            <wcet number="0">30</wcet>
            <wcet number="1">30</wcet>
            <maxpow number="0.5166863341967437"/>
            <maxpow number="0.5166863341967437"/>
            <fprob>0.0</fprob>
        </actor>
        <actor name="D0N48">
            <wcet number="0">20</wcet>
            <wcet number="1">50</wcet>
            <maxpow number="0.40259304862723505"/>
            <maxpow number="0.40259304862723505"/>
            <fprob>0.0</fprob>
        </actor>
        <actor name="D0N6">
            <wcet number="0">120</wcet>
            <wcet number="1">220</wcet>
            <maxpow number="0.30104124437576474"/>
            <maxpow number="0.30104124437576474"/>
            <fprob>0.0</fprob>
        </actor>
        <actor name="D0N9">
            <wcet number="0">110</wcet>
            <wcet number="1">290</wcet>
            <maxpow number="0.9059529324091207"/>
            <maxpow number="0.9059529324091207"/>
            <fprob>0.0</fprob>
        </actor>
        <actor name="D0N7">
            <wcet number="0">20</wcet>
            <wcet number="1">40</wcet>
            <maxpow number="0.5333594040868979"/>
            <maxpow number="0.5333594040868979"/>
            <fprob>0.0</fprob>
        </actor>
        <actor name="D0N25">
            <wcet number="0">20</wcet>
            <wcet number="1">20</wcet>
            <maxpow number="0.46718717697383666"/>
            <maxpow number="0.46718717697383666"/>
            <fprob>0.0</fprob>
        </actor>
        <actor name="D0N47">
            <wcet number="0">320</wcet>
            <wcet number="1">440</wcet>
            <maxpow number="0.4261424157521129"/>
            <maxpow number="0.4261424157521129"/>
            <fprob>0.0</fprob>
        </actor>
        <actor name="D0N8">
            <wcet number="0">180</wcet>
            <wcet number="1">280</wcet>
            <maxpow number="0.9785467552201501"/>
            <maxpow number="0.9785467552201501"/>
            <fprob>0.0</fprob>
        </actor>
        <actor name="D0N31">
            <wcet number="0">10</wcet>
            <wcet number="1">20</wcet>
            <maxpow number="0.5359911668345678"/>
            <maxpow number="0.5359911668345678"/>
            <fprob>0.0</fprob>
        </actor>
        <actor name="D0N19">
            <wcet number="0">10</wcet>
            <wcet number="1">10</wcet>
            <maxpow number="0.45075112743715484"/>
            <maxpow number="0.45075112743715484"/>
            <fprob>0.0</fprob>
        </actor>
        <actor name="D0N10">
            <wcet number="0">10</wcet>
            <wcet number="1">10</wcet>
            <maxpow number="0.5851375602707005"/>
            <maxpow number="0.5851375602707005"/>
            <fprob>0.0</fprob>
        </actor>
        <actor name="D0N49">
            <wcet number="0">60</wcet>
            <wcet number="1">60</wcet>
            <maxpow number="0.4932141687420421"/>
            <maxpow number="0.4932141687420421"/>
            <fprob>0.0</fprob>
        </actor>
        <ports>
            <port dstActor="D0N45" name="p0" srcActor="D0N42"/>
            <port dstActor="D0N32" name="p1" srcActor="D0N27"/>
            <port dstActor="D0N29" name="p2" srcActor="D0N27"/>
            <port dstActor="D0N49" name="p3" srcActor="D0N27"/>
            <port dstActor="D0N33" name="p4" srcActor="D0N27"/>
            <port dstActor="D0N49" name="p5" srcActor="D0N32"/>
            <port dstActor="D0N48" name="p6" srcActor="D0N29"/>
            <port dstActor="D0N34" name="p7" srcActor="D0N29"/>
            <port dstActor="D0N45" name="p8" srcActor="D0N29"/>
            <port dstActor="D0N39" name="p9" srcActor="D0N26"/>
            <port dstActor="D0N31" name="p10" srcActor="D0N2"/>
            <port dstActor="D0N41" name="p11" srcActor="D0N2"/>
            <port dstActor="D0N24" name="p12" srcActor="D0N12"/>
            <port dstActor="D0N34" name="p13" srcActor="D0N12"/>
            <port dstActor="D0N38" name="p14" srcActor="D0N35"/>
            <port dstActor="D0N29" name="p15" srcActor="D0N11"/>
            <port dstActor="D0N14" name="p16" srcActor="D0N11"/>
            <port dstActor="D0N25" name="p17" srcActor="D0N11"/>
            <port dstActor="D0N38" name="p18" srcActor="D0N11"/>
            <port dstActor="D0N30" name="p19" srcActor="D0N11"/>
            <port dstActor="D0N44" name="p20" srcActor="D0N11"/>
            <port dstActor="D0N49" name="p21" srcActor="D0N11"/>
            <port dstActor="D0N21" name="p22" srcActor="D0N11"/>
            <port dstActor="D0N28" name="p23" srcActor="D0N16"/>
            <port dstActor="D0N46" name="p24" srcActor="D0N24"/>
            <port dstActor="D0N32" name="p25" srcActor="D0N24"/>
            <port dstActor="D0N42" name="p26" srcActor="D0N39"/>
            <port dstActor="D0N45" name="p27" srcActor="D0N39"/>
            <port dstActor="D0N40" name="p28" srcActor="D0N33"/>
            <port dstActor="D0N46" name="p29" srcActor="D0N33"/>
            <port dstActor="D0N37" name="p30" srcActor="D0N33"/>
            <port dstActor="D0N43" name="p31" srcActor="D0N33"/>
            <port dstActor="D0N13" name="p32" srcActor="D0N4"/>
            <port dstActor="D0N14" name="p33" srcActor="D0N4"/>
            <port dstActor="D0N30" name="p34" srcActor="D0N4"/>
            <port dstActor="D0N18" name="p35" srcActor="D0N4"/>
            <port dstActor="D0N46" name="p36" srcActor="D0N43"/>
            <port dstActor="D0N49" name="p37" srcActor="D0N43"/>
            <port dstActor="D0N31" name="p38" srcActor="D0N17"/>
            <port dstActor="D0N49" name="p39" srcActor="D0N17"/>
            <port dstActor="D0N38" name="p40" srcActor="D0N17"/>
            <port dstActor="D0N22" name="p41" srcActor="D0N17"/>
            <port dstActor="D0N24" name="p42" srcActor="D0N22"/>
            <port dstActor="D0N43" name="p43" srcActor="D0N22"/>
            <port dstActor="D0N25" name="p44" srcActor="D0N22"/>
            <port dstActor="D0N46" name="p45" srcActor="D0N5"/>
            <port dstActor="D0N20" name="p46" srcActor="D0N5"/>
            <port dstActor="D0N24" name="p47" srcActor="D0N5"/>
            <port dstActor="D0N36" name="p48" srcActor="D0N5"/>
            <port dstActor="D0N17" name="p49" srcActor="D0N5"/>
            <port dstActor="D0N26" name="p50" srcActor="D0N23"/>
            <port dstActor="D0N43" name="p51" srcActor="D0N23"/>
            <port dstActor="D0N34" name="p52" srcActor="D0N23"/>
            <port dstActor="D0N37" name="p53" srcActor="D0N21"/>
            <port dstActor="D0N31" name="p54" srcActor="D0N21"/>
            <port dstActor="D0N36" name="p55" srcActor="D0N21"/>
            <port dstActor="D0N35" name="p56" srcActor="D0N21"/>
            <port dstActor="D0N39" name="p57" srcActor="D0N1"/>
            <port dstActor="D0N47" name="p58" srcActor="D0N1"/>
            <port dstActor="D0N33" name="p59" srcActor="D0N1"/>
            <port dstActor="D0N32" name="p60" srcActor="D0N1"/>
            <port dstActor="D0N28" name="p61" srcActor="D0N3"/>
            <port dstActor="D0N8" name="p62" srcActor="D0N3"/>
            <port dstActor="D0N46" name="p63" srcActor="D0N40"/>
            <port dstActor="D0N47" name="p64" srcActor="D0N40"/>
            <port dstActor="D0N35" name="p65" srcActor="D0N28"/>
            <port dstActor="D0N48" name="p66" srcActor="D0N37"/>
            <port dstActor="D0N48" name="p67" srcActor="D0N20"/>
            <port dstActor="D0N20" name="p68" srcActor="D0N13"/>
            <port dstActor="D0N25" name="p69" srcActor="D0N18"/>
            <port dstActor="D0N34" name="p70" srcActor="D0N18"/>
            <port dstActor="D0N38" name="p71" srcActor="D0N18"/>
            <port dstActor="D0N20" name="p72" srcActor="D0N18"/>
            <port dstActor="D0N30" name="p73" srcActor="D0N0"/>
            <port dstActor="D0N29" name="p74" srcActor="D0N0"/>
            <port dstActor="D0N43" name="p75" srcActor="D0N0"/>
            <port dstActor="D0N11" name="p76" srcActor="D0N0"/>
            <port dstActor="D0N49" name="p77" srcActor="D0N36"/>
            <port dstActor="D0N48" name="p78" srcActor="D0N44"/>
            <port dstActor="D0N49" name="p79" srcActor="D0N44"/>
            <port dstActor="D0N45" name="p80" srcActor="D0N44"/>
            <port dstActor="D0N37" name="p81" srcActor="D0N15"/>
            <port dstActor="D0N22" name="p82" srcActor="D0N15"/>
            <port dstActor="D0N25" name="p83" srcActor="D0N15"/>
            <port dstActor="D0N40" name="p84" srcActor="D0N15"/>
            <port dstActor="D0N48" name="p85" srcActor="D0N15"/>
            <port dstActor="D0N27" name="p86" srcActor="D0N15"/>
            <port dstActor="D0N39" name="p87" srcActor="D0N15"/>
            <port dstActor="D0N38" name="p88" srcActor="D0N15"/>
            <port dstActor="D0N43" name="p89" srcActor="D0N41"/>
            <port dstActor="D0N44" name="p90" srcActor="D0N41"/>
            <port dstActor="D0N42" name="p91" srcActor="D0N41"/>
            <port dstActor="D0N46" name="p92" srcActor="D0N14"/>
            <port dstActor="D0N36" name="p93" srcActor="D0N14"/>
            <port dstActor="D0N18" name="p94" srcActor="D0N14"/>
            <port dstActor="D0N43" name="p95" srcActor="D0N14"/>
            <port dstActor="D0N41" name="p96" srcActor="D0N14"/>
            <port dstActor="D0N34" name="p97" srcActor="D0N14"/>
            <port dstActor="D0N19" name="p98" srcActor="D0N6"/>
            <port dstActor="D0N20" name="p99" srcActor="D0N6"/>
            <port dstActor="D0N26" name="p100" srcActor="D0N6"/>
            <port dstActor="D0N27" name="p101" srcActor="D0N6"/>
            <port dstActor="D0N44" name="p102" srcActor="D0N6"/>
            <port dstActor="D0N12" name="p103" srcActor="D0N6"/>
            <port dstActor="D0N23" name="p104" srcActor="D0N9"/>
            <port dstActor="D0N12" name="p105" srcActor="D0N9"/>
            <port dstActor="D0N36" name="p106" srcActor="D0N9"/>
            <port dstActor="D0N39" name="p107" srcActor="D0N9"/>
            <port dstActor="D0N43" name="p108" srcActor="D0N9"/>
            <port dstActor="D0N14" name="p109" srcActor="D0N7"/>
            <port dstActor="D0N21" name="p110" srcActor="D0N7"/>
            <port dstActor="D0N27" name="p111" srcActor="D0N7"/>
            <port dstActor="D0N40" name="p112" srcActor="D0N25"/>
            <port dstActor="D0N48" name="p113" srcActor="D0N25"/>
            <port dstActor="D0N35" name="p114" srcActor="D0N25"/>
            <port dstActor="D0N39" name="p115" srcActor="D0N8"/>
            <port dstActor="D0N42" name="p116" srcActor="D0N8"/>
            <port dstActor="D0N35" name="p117" srcActor="D0N8"/>
            <port dstActor="D0N45" name="p118" srcActor="D0N8"/>
            <port dstActor="D0N21" name="p119" srcActor="D0N8"/>
            <port dstActor="D0N49" name="p120" srcActor="D0N31"/>
            <port dstActor="D0N37" name="p121" srcActor="D0N31"/>
            <port dstActor="D0N38" name="p122" srcActor="D0N31"/>
            <port dstActor="D0N35" name="p123" srcActor="D0N19"/>
            <port dstActor="D0N34" name="p124" srcActor="D0N10"/>
            <port dstActor="D0N33" name="p125" srcActor="D0N10"/>
            <port dstActor="D0N28" name="p126" srcActor="D0N10"/>
        </ports>
    </mcdag>
    <cores number="3"/>
    <levels number="2"/>
</mcsystem>
