<?xml version="1.0" encoding="UTF-8" standalone="no"?>
<mcsystem>
    <mcdag deadline="5000" name="genned-0-ed-10.0-0">
        <actor name="D0N17">
            <wcet number="0">10</wcet>
            <wcet number="1">220</wcet>
            <maxpow number="0.7639305149018124"/>
            <maxpow number="0.7639305149018124"/>
            <fprob>0.0</fprob>
        </actor>
        <actor name="D0N20">
            <wcet number="0">80</wcet>
            <wcet number="1">120</wcet>
            <maxpow number="0.7034678078939545"/>
            <maxpow number="0.7034678078939545"/>
            <fprob>0.0</fprob>
        </actor>
        <actor name="D0N45">
            <wcet number="0">280</wcet>
            <wcet number="1">650</wcet>
            <maxpow number="0.6549202215494306"/>
            <maxpow number="0.6549202215494306"/>
            <fprob>0.0</fprob>
        </actor>
        <actor name="D0N7">
            <wcet number="0">10</wcet>
            <wcet number="1">170</wcet>
            <maxpow number="0.513274742140259"/>
            <maxpow number="0.513274742140259"/>
            <fprob>0.0</fprob>
        </actor>
        <actor name="D0N3">
            <wcet number="0">70</wcet>
            <wcet number="1">250</wcet>
            <maxpow number="0.5283094417930702"/>
            <maxpow number="0.5283094417930702"/>
            <fprob>0.0</fprob>
        </actor>
        <actor name="D0N24">
            <wcet number="0">90</wcet>
            <wcet number="1">190</wcet>
            <maxpow number="0.4219287418466783"/>
            <maxpow number="0.4219287418466783"/>
            <fprob>0.0</fprob>
        </actor>
        <actor name="D0N37">
            <wcet number="0">200</wcet>
            <wcet number="1">260</wcet>
            <maxpow number="0.5425752966120114"/>
            <maxpow number="0.5425752966120114"/>
            <fprob>0.0</fprob>
        </actor>
        <actor name="D0N40">
            <wcet number="0">30</wcet>
            <wcet number="1">80</wcet>
            <maxpow number="0.49141975435776597"/>
            <maxpow number="0.49141975435776597"/>
            <fprob>0.0</fprob>
        </actor>
        <actor name="D0N19">
            <wcet number="0">240</wcet>
            <wcet number="1">370</wcet>
            <maxpow number="0.5694859048799732"/>
            <maxpow number="0.5694859048799732"/>
            <fprob>0.0</fprob>
        </actor>
        <actor name="D0N43">
            <wcet number="0">10</wcet>
            <wcet number="1">20</wcet>
            <maxpow number="0.3754023431222171"/>
            <maxpow number="0.3754023431222171"/>
            <fprob>0.0</fprob>
        </actor>
        <actor name="D0N38">
            <wcet number="0">290</wcet>
            <wcet number="1">350</wcet>
            <maxpow number="0.4979887713026502"/>
            <maxpow number="0.4979887713026502"/>
            <fprob>0.0</fprob>
        </actor>
        <actor name="D0N31">
            <wcet number="0">750</wcet>
            <wcet number="1">960</wcet>
            <maxpow number="0.32171563266453435"/>
            <maxpow number="0.32171563266453435"/>
            <fprob>0.0</fprob>
        </actor>
        <actor name="D0N46">
            <wcet number="0">300</wcet>
            <wcet number="1">520</wcet>
            <maxpow number="0.7824071473357886"/>
            <maxpow number="0.7824071473357886"/>
            <fprob>0.0</fprob>
        </actor>
        <actor name="D0N6">
            <wcet number="0">20</wcet>
            <wcet number="1">150</wcet>
            <maxpow number="0.26161215139625366"/>
            <maxpow number="0.26161215139625366"/>
            <fprob>0.0</fprob>
        </actor>
        <actor name="D0N42">
            <wcet number="0">130</wcet>
            <wcet number="1">220</wcet>
            <maxpow number="0.6399008485593137"/>
            <maxpow number="0.6399008485593137"/>
            <fprob>0.0</fprob>
        </actor>
        <actor name="D0N2">
            <wcet number="0">120</wcet>
            <wcet number="1">680</wcet>
            <maxpow number="0.45784840811143446"/>
            <maxpow number="0.45784840811143446"/>
            <fprob>0.0</fprob>
        </actor>
        <actor name="D0N25">
            <wcet number="0">200</wcet>
            <wcet number="1">220</wcet>
            <maxpow number="0.5783480901190858"/>
            <maxpow number="0.5783480901190858"/>
            <fprob>0.0</fprob>
        </actor>
        <actor name="D0N4">
            <wcet number="0">120</wcet>
            <wcet number="1">230</wcet>
            <maxpow number="0.3272045920355628"/>
            <maxpow number="0.3272045920355628"/>
            <fprob>0.0</fprob>
        </actor>
        <actor name="D0N36">
            <wcet number="0">110</wcet>
            <wcet number="1">140</wcet>
            <maxpow number="0.8314666911148204"/>
            <maxpow number="0.8314666911148204"/>
            <fprob>0.0</fprob>
        </actor>
        <actor name="D0N5">
            <wcet number="0">280</wcet>
            <wcet number="1">280</wcet>
            <maxpow number="0.6306699784186427"/>
            <maxpow number="0.6306699784186427"/>
            <fprob>0.0</fprob>
        </actor>
        <actor name="D0N39">
            <wcet number="0">20</wcet>
            <wcet number="1">20</wcet>
            <maxpow number="0.25534195909247104"/>
            <maxpow number="0.25534195909247104"/>
            <fprob>0.0</fprob>
        </actor>
        <actor name="D0N14">
            <wcet number="0">190</wcet>
            <wcet number="1">570</wcet>
            <maxpow number="0.6493490673899038"/>
            <maxpow number="0.6493490673899038"/>
            <fprob>0.0</fprob>
        </actor>
        <actor name="D0N22">
            <wcet number="0">10</wcet>
            <wcet number="1">10</wcet>
            <maxpow number="0.6856772746779722"/>
            <maxpow number="0.6856772746779722"/>
            <fprob>0.0</fprob>
        </actor>
        <actor name="D0N23">
            <wcet number="0">280</wcet>
            <wcet number="1">710</wcet>
            <maxpow number="0.27615550507796927"/>
            <maxpow number="0.27615550507796927"/>
            <fprob>0.0</fprob>
        </actor>
        <actor name="D0N26">
            <wcet number="0">10</wcet>
            <wcet number="1">20</wcet>
            <maxpow number="0.7228751310018473"/>
            <maxpow number="0.7228751310018473"/>
            <fprob>0.0</fprob>
        </actor>
        <actor name="D0N11">
            <wcet number="0">190</wcet>
            <wcet number="1">260</wcet>
            <maxpow number="0.38263419455849534"/>
            <maxpow number="0.38263419455849534"/>
            <fprob>0.0</fprob>
        </actor>
        <actor name="D0N18">
            <wcet number="0">540</wcet>
            <wcet number="1">580</wcet>
            <maxpow number="0.22334327595585873"/>
            <maxpow number="0.22334327595585873"/>
            <fprob>0.0</fprob>
        </actor>
        <actor name="D0N9">
            <wcet number="0">120</wcet>
            <wcet number="1">190</wcet>
            <maxpow number="0.6954890834166588"/>
            <maxpow number="0.6954890834166588"/>
            <fprob>0.0</fprob>
        </actor>
        <actor name="D0N47">
            <wcet number="0">470</wcet>
            <wcet number="1">520</wcet>
            <maxpow number="0.7218971828185805"/>
            <maxpow number="0.7218971828185805"/>
            <fprob>0.0</fprob>
        </actor>
        <actor name="D0N13">
            <wcet number="0">70</wcet>
            <wcet number="1">120</wcet>
            <maxpow number="0.6072346484665122"/>
            <maxpow number="0.6072346484665122"/>
            <fprob>0.0</fprob>
        </actor>
        <actor name="D0N28">
            <wcet number="0">160</wcet>
            <wcet number="1">300</wcet>
            <maxpow number="0.285345982858678"/>
            <maxpow number="0.285345982858678"/>
            <fprob>0.0</fprob>
        </actor>
        <actor name="D0N29">
            <wcet number="0">20</wcet>
            <wcet number="1">60</wcet>
            <maxpow number="0.46857075562532513"/>
            <maxpow number="0.46857075562532513"/>
            <fprob>0.0</fprob>
        </actor>
        <actor name="D0N12">
            <wcet number="0">40</wcet>
            <wcet number="1">50</wcet>
            <maxpow number="0.5498217195165035"/>
            <maxpow number="0.5498217195165035"/>
            <fprob>0.0</fprob>
        </actor>
        <actor name="D0N8">
            <wcet number="0">50</wcet>
            <wcet number="1">130</wcet>
            <maxpow number="0.26377773216438616"/>
            <maxpow number="0.26377773216438616"/>
            <fprob>0.0</fprob>
        </actor>
        <actor name="D0N30">
            <wcet number="0">170</wcet>
            <wcet number="1">220</wcet>
            <maxpow number="0.7207576020065873"/>
            <maxpow number="0.7207576020065873"/>
            <fprob>0.0</fprob>
        </actor>
        <actor name="D0N10">
            <wcet number="0">330</wcet>
            <wcet number="1">1180</wcet>
            <maxpow number="0.4589140449166966"/>
            <maxpow number="0.4589140449166966"/>
            <fprob>0.0</fprob>
        </actor>
        <actor name="D0N1">
            <wcet number="0">50</wcet>
            <wcet number="1">50</wcet>
            <maxpow number="0.5741710954124591"/>
            <maxpow number="0.5741710954124591"/>
            <fprob>0.0</fprob>
        </actor>
        <actor name="D0N32">
            <wcet number="0">20</wcet>
            <wcet number="1">60</wcet>
            <maxpow number="0.5656377957892426"/>
            <maxpow number="0.5656377957892426"/>
            <fprob>0.0</fprob>
        </actor>
        <actor name="D0N34">
            <wcet number="0">10</wcet>
            <wcet number="1">60</wcet>
            <maxpow number="0.449211595844091"/>
            <maxpow number="0.449211595844091"/>
            <fprob>0.0</fprob>
        </actor>
        <actor name="D0N0">
            <wcet number="0">150</wcet>
            <wcet number="1">530</wcet>
            <maxpow number="0.3097430614906106"/>
            <maxpow number="0.3097430614906106"/>
            <fprob>0.0</fprob>
        </actor>
        <actor name="D0N21">
            <wcet number="0">210</wcet>
            <wcet number="1">240</wcet>
            <maxpow number="0.6010321698050473"/>
            <maxpow number="0.6010321698050473"/>
            <fprob>0.0</fprob>
        </actor>
        <actor name="D0N16">
            <wcet number="0">20</wcet>
            <wcet number="1">110</wcet>
            <maxpow number="0.42264625707941783"/>
            <maxpow number="0.42264625707941783"/>
            <fprob>0.0</fprob>
        </actor>
        <actor name="D0N35">
            <wcet number="0">190</wcet>
            <wcet number="1">490</wcet>
            <maxpow number="0.7316426310165518"/>
            <maxpow number="0.7316426310165518"/>
            <fprob>0.0</fprob>
        </actor>
        <actor name="D0N27">
            <wcet number="0">20</wcet>
            <wcet number="1">60</wcet>
            <maxpow number="0.4811290426164443"/>
            <maxpow number="0.4811290426164443"/>
            <fprob>0.0</fprob>
        </actor>
        <actor name="D0N15">
            <wcet number="0">240</wcet>
            <wcet number="1">310</wcet>
            <maxpow number="0.14258307226065192"/>
            <maxpow number="0.14258307226065192"/>
            <fprob>0.0</fprob>
        </actor>
        <actor name="D0N41">
            <wcet number="0">60</wcet>
            <wcet number="1">320</wcet>
            <maxpow number="0.536305763835648"/>
            <maxpow number="0.536305763835648"/>
            <fprob>0.0</fprob>
        </actor>
        <actor name="D0N33">
            <wcet number="0">450</wcet>
            <wcet number="1">450</wcet>
            <maxpow number="0.3692233239324708"/>
            <maxpow number="0.3692233239324708"/>
            <fprob>0.0</fprob>
        </actor>
        <actor name="D0N44">
            <wcet number="0">150</wcet>
            <wcet number="1">300</wcet>
            <maxpow number="0.6213943828920734"/>
            <maxpow number="0.6213943828920734"/>
            <fprob>0.0</fprob>
        </actor>
        <ports>
            <port dstActor="D0N35" name="p0" srcActor="D0N17"/>
            <port dstActor="D0N33" name="p1" srcActor="D0N17"/>
            <port dstActor="D0N26" name="p2" srcActor="D0N17"/>
            <port dstActor="D0N43" name="p3" srcActor="D0N17"/>
            <port dstActor="D0N30" name="p4" srcActor="D0N20"/>
            <port dstActor="D0N42" name="p5" srcActor="D0N20"/>
            <port dstActor="D0N38" name="p6" srcActor="D0N20"/>
            <port dstActor="D0N19" name="p7" srcActor="D0N7"/>
            <port dstActor="D0N26" name="p8" srcActor="D0N7"/>
            <port dstActor="D0N21" name="p9" srcActor="D0N7"/>
            <port dstActor="D0N43" name="p10" srcActor="D0N7"/>
            <port dstActor="D0N35" name="p11" srcActor="D0N7"/>
            <port dstActor="D0N46" name="p12" srcActor="D0N7"/>
            <port dstActor="D0N47" name="p13" srcActor="D0N7"/>
            <port dstActor="D0N24" name="p14" srcActor="D0N3"/>
            <port dstActor="D0N14" name="p15" srcActor="D0N3"/>
            <port dstActor="D0N6" name="p16" srcActor="D0N3"/>
            <port dstActor="D0N46" name="p17" srcActor="D0N3"/>
            <port dstActor="D0N29" name="p18" srcActor="D0N24"/>
            <port dstActor="D0N38" name="p19" srcActor="D0N24"/>
            <port dstActor="D0N30" name="p20" srcActor="D0N24"/>
            <port dstActor="D0N28" name="p21" srcActor="D0N24"/>
            <port dstActor="D0N39" name="p22" srcActor="D0N37"/>
            <port dstActor="D0N42" name="p23" srcActor="D0N37"/>
            <port dstActor="D0N20" name="p24" srcActor="D0N19"/>
            <port dstActor="D0N43" name="p25" srcActor="D0N19"/>
            <port dstActor="D0N39" name="p26" srcActor="D0N19"/>
            <port dstActor="D0N37" name="p27" srcActor="D0N19"/>
            <port dstActor="D0N47" name="p28" srcActor="D0N38"/>
            <port dstActor="D0N44" name="p29" srcActor="D0N38"/>
            <port dstActor="D0N45" name="p30" srcActor="D0N31"/>
            <port dstActor="D0N35" name="p31" srcActor="D0N6"/>
            <port dstActor="D0N8" name="p32" srcActor="D0N6"/>
            <port dstActor="D0N9" name="p33" srcActor="D0N6"/>
            <port dstActor="D0N32" name="p34" srcActor="D0N6"/>
            <port dstActor="D0N39" name="p35" srcActor="D0N6"/>
            <port dstActor="D0N26" name="p36" srcActor="D0N6"/>
            <port dstActor="D0N10" name="p37" srcActor="D0N2"/>
            <port dstActor="D0N13" name="p38" srcActor="D0N2"/>
            <port dstActor="D0N42" name="p39" srcActor="D0N25"/>
            <port dstActor="D0N47" name="p40" srcActor="D0N25"/>
            <port dstActor="D0N31" name="p41" srcActor="D0N25"/>
            <port dstActor="D0N29" name="p42" srcActor="D0N25"/>
            <port dstActor="D0N46" name="p43" srcActor="D0N25"/>
            <port dstActor="D0N33" name="p44" srcActor="D0N25"/>
            <port dstActor="D0N35" name="p45" srcActor="D0N25"/>
            <port dstActor="D0N29" name="p46" srcActor="D0N4"/>
            <port dstActor="D0N10" name="p47" srcActor="D0N4"/>
            <port dstActor="D0N32" name="p48" srcActor="D0N4"/>
            <port dstActor="D0N22" name="p49" srcActor="D0N4"/>
            <port dstActor="D0N33" name="p50" srcActor="D0N4"/>
            <port dstActor="D0N11" name="p51" srcActor="D0N4"/>
            <port dstActor="D0N40" name="p52" srcActor="D0N36"/>
            <port dstActor="D0N39" name="p53" srcActor="D0N5"/>
            <port dstActor="D0N19" name="p54" srcActor="D0N5"/>
            <port dstActor="D0N42" name="p55" srcActor="D0N5"/>
            <port dstActor="D0N33" name="p56" srcActor="D0N5"/>
            <port dstActor="D0N20" name="p57" srcActor="D0N5"/>
            <port dstActor="D0N9" name="p58" srcActor="D0N5"/>
            <port dstActor="D0N45" name="p59" srcActor="D0N39"/>
            <port dstActor="D0N27" name="p60" srcActor="D0N14"/>
            <port dstActor="D0N29" name="p61" srcActor="D0N14"/>
            <port dstActor="D0N39" name="p62" srcActor="D0N14"/>
            <port dstActor="D0N27" name="p63" srcActor="D0N22"/>
            <port dstActor="D0N35" name="p64" srcActor="D0N22"/>
            <port dstActor="D0N25" name="p65" srcActor="D0N22"/>
            <port dstActor="D0N35" name="p66" srcActor="D0N23"/>
            <port dstActor="D0N29" name="p67" srcActor="D0N23"/>
            <port dstActor="D0N43" name="p68" srcActor="D0N23"/>
            <port dstActor="D0N46" name="p69" srcActor="D0N26"/>
            <port dstActor="D0N29" name="p70" srcActor="D0N11"/>
            <port dstActor="D0N17" name="p71" srcActor="D0N11"/>
            <port dstActor="D0N37" name="p72" srcActor="D0N18"/>
            <port dstActor="D0N34" name="p73" srcActor="D0N9"/>
            <port dstActor="D0N22" name="p74" srcActor="D0N9"/>
            <port dstActor="D0N18" name="p75" srcActor="D0N9"/>
            <port dstActor="D0N35" name="p76" srcActor="D0N13"/>
            <port dstActor="D0N38" name="p77" srcActor="D0N13"/>
            <port dstActor="D0N39" name="p78" srcActor="D0N13"/>
            <port dstActor="D0N33" name="p79" srcActor="D0N13"/>
            <port dstActor="D0N46" name="p80" srcActor="D0N13"/>
            <port dstActor="D0N20" name="p81" srcActor="D0N13"/>
            <port dstActor="D0N39" name="p82" srcActor="D0N12"/>
            <port dstActor="D0N24" name="p83" srcActor="D0N12"/>
            <port dstActor="D0N35" name="p84" srcActor="D0N12"/>
            <port dstActor="D0N24" name="p85" srcActor="D0N8"/>
            <port dstActor="D0N35" name="p86" srcActor="D0N8"/>
            <port dstActor="D0N23" name="p87" srcActor="D0N8"/>
            <port dstActor="D0N42" name="p88" srcActor="D0N8"/>
            <port dstActor="D0N39" name="p89" srcActor="D0N8"/>
            <port dstActor="D0N19" name="p90" srcActor="D0N10"/>
            <port dstActor="D0N7" name="p91" srcActor="D0N1"/>
            <port dstActor="D0N16" name="p92" srcActor="D0N1"/>
            <port dstActor="D0N28" name="p93" srcActor="D0N1"/>
            <port dstActor="D0N34" name="p94" srcActor="D0N1"/>
            <port dstActor="D0N17" name="p95" srcActor="D0N1"/>
            <port dstActor="D0N5" name="p96" srcActor="D0N1"/>
            <port dstActor="D0N6" name="p97" srcActor="D0N1"/>
            <port dstActor="D0N33" name="p98" srcActor="D0N32"/>
            <port dstActor="D0N36" name="p99" srcActor="D0N34"/>
            <port dstActor="D0N5" name="p100" srcActor="D0N0"/>
            <port dstActor="D0N24" name="p101" srcActor="D0N0"/>
            <port dstActor="D0N35" name="p102" srcActor="D0N0"/>
            <port dstActor="D0N39" name="p103" srcActor="D0N21"/>
            <port dstActor="D0N24" name="p104" srcActor="D0N21"/>
            <port dstActor="D0N39" name="p105" srcActor="D0N16"/>
            <port dstActor="D0N25" name="p106" srcActor="D0N16"/>
            <port dstActor="D0N18" name="p107" srcActor="D0N16"/>
            <port dstActor="D0N23" name="p108" srcActor="D0N16"/>
            <port dstActor="D0N45" name="p109" srcActor="D0N16"/>
            <port dstActor="D0N39" name="p110" srcActor="D0N35"/>
            <port dstActor="D0N44" name="p111" srcActor="D0N35"/>
            <port dstActor="D0N40" name="p112" srcActor="D0N27"/>
            <port dstActor="D0N35" name="p113" srcActor="D0N15"/>
            <port dstActor="D0N43" name="p114" srcActor="D0N15"/>
            <port dstActor="D0N40" name="p115" srcActor="D0N15"/>
            <port dstActor="D0N45" name="p116" srcActor="D0N41"/>
            <port dstActor="D0N39" name="p117" srcActor="D0N33"/>
            <port dstActor="D0N46" name="p118" srcActor="D0N33"/>
        </ports>
    </mcdag>
    <cores number="3"/>
    <levels number="2"/>
</mcsystem>
