<?xml version="1.0" encoding="UTF-8" standalone="no"?>
<mcsystem>
    <mcdag deadline="1000" name="genned-0-ed-10.0-0">
        <actor name="D0N16">
            <wcet number="0">10</wcet>
            <wcet number="1">40</wcet>
            <maxpow number="0.4803147309338279"/>
            <maxpow number="0.4803147309338279"/>
            <fprob>0.0</fprob>
        </actor>
        <actor name="D0N43">
            <wcet number="0">50</wcet>
            <wcet number="1">70</wcet>
            <maxpow number="0.3933518992136236"/>
            <maxpow number="0.3933518992136236"/>
            <fprob>0.0</fprob>
        </actor>
        <actor name="D0N6">
            <wcet number="0">40</wcet>
            <wcet number="1">70</wcet>
            <maxpow number="0.577123010781465"/>
            <maxpow number="0.577123010781465"/>
            <fprob>0.0</fprob>
        </actor>
        <actor name="D0N41">
            <wcet number="0">30</wcet>
            <wcet number="1">80</wcet>
            <maxpow number="0.9114994537304071"/>
            <maxpow number="0.9114994537304071"/>
            <fprob>0.0</fprob>
        </actor>
        <actor name="D0N34">
            <wcet number="0">20</wcet>
            <wcet number="1">120</wcet>
            <maxpow number="0.7807790686899551"/>
            <maxpow number="0.7807790686899551"/>
            <fprob>0.0</fprob>
        </actor>
        <actor name="D0N7">
            <wcet number="0">10</wcet>
            <wcet number="1">20</wcet>
            <maxpow number="0.6105327768941674"/>
            <maxpow number="0.6105327768941674"/>
            <fprob>0.0</fprob>
        </actor>
        <actor name="D0N33">
            <wcet number="0">30</wcet>
            <wcet number="1">30</wcet>
            <maxpow number="0.5013962870517781"/>
            <maxpow number="0.5013962870517781"/>
            <fprob>0.0</fprob>
        </actor>
        <actor name="D0N35">
            <wcet number="0">10</wcet>
            <wcet number="1">10</wcet>
            <maxpow number="0.6281936024088459"/>
            <maxpow number="0.6281936024088459"/>
            <fprob>0.0</fprob>
        </actor>
        <actor name="D0N0">
            <wcet number="0">10</wcet>
            <wcet number="1">10</wcet>
            <maxpow number="0.5047365271410874"/>
            <maxpow number="0.5047365271410874"/>
            <fprob>0.0</fprob>
        </actor>
        <actor name="D0N29">
            <wcet number="0">30</wcet>
            <wcet number="1">120</wcet>
            <maxpow number="0.5929742437175539"/>
            <maxpow number="0.5929742437175539"/>
            <fprob>0.0</fprob>
        </actor>
        <actor name="D0N39">
            <wcet number="0">10</wcet>
            <wcet number="1">10</wcet>
            <maxpow number="0.427567187147838"/>
            <maxpow number="0.427567187147838"/>
            <fprob>0.0</fprob>
        </actor>
        <actor name="D0N2">
            <wcet number="0">20</wcet>
            <wcet number="1">20</wcet>
            <maxpow number="0.3705231133100495"/>
            <maxpow number="0.3705231133100495"/>
            <fprob>0.0</fprob>
        </actor>
        <actor name="D0N32">
            <wcet number="0">10</wcet>
            <wcet number="1">10</wcet>
            <maxpow number="0.35212367040962694"/>
            <maxpow number="0.35212367040962694"/>
            <fprob>0.0</fprob>
        </actor>
        <actor name="D0N4">
            <wcet number="0">10</wcet>
            <wcet number="1">10</wcet>
            <maxpow number="0.5381995655350479"/>
            <maxpow number="0.5381995655350479"/>
            <fprob>0.0</fprob>
        </actor>
        <actor name="D0N18">
            <wcet number="0">10</wcet>
            <wcet number="1">10</wcet>
            <maxpow number="0.5199092015835122"/>
            <maxpow number="0.5199092015835122"/>
            <fprob>0.0</fprob>
        </actor>
        <actor name="D0N22">
            <wcet number="0">90</wcet>
            <wcet number="1">180</wcet>
            <maxpow number="0.5383447291644129"/>
            <maxpow number="0.5383447291644129"/>
            <fprob>0.0</fprob>
        </actor>
        <actor name="D0N30">
            <wcet number="0">10</wcet>
            <wcet number="1">10</wcet>
            <maxpow number="0.6365217261945175"/>
            <maxpow number="0.6365217261945175"/>
            <fprob>0.0</fprob>
        </actor>
        <actor name="D0N40">
            <wcet number="0">50</wcet>
            <wcet number="1">50</wcet>
            <maxpow number="0.18313969867741037"/>
            <maxpow number="0.18313969867741037"/>
            <fprob>0.0</fprob>
        </actor>
        <actor name="D0N19">
            <wcet number="0">60</wcet>
            <wcet number="1">80</wcet>
            <maxpow number="0.7795221863434334"/>
            <maxpow number="0.7795221863434334"/>
            <fprob>0.0</fprob>
        </actor>
        <actor name="D0N8">
            <wcet number="0">20</wcet>
            <wcet number="1">30</wcet>
            <maxpow number="0.6368200853959817"/>
            <maxpow number="0.6368200853959817"/>
            <fprob>0.0</fprob>
        </actor>
        <actor name="D0N25">
            <wcet number="0">10</wcet>
            <wcet number="1">30</wcet>
            <maxpow number="0.3378589793969701"/>
            <maxpow number="0.3378589793969701"/>
            <fprob>0.0</fprob>
        </actor>
        <actor name="D0N31">
            <wcet number="0">10</wcet>
            <wcet number="1">20</wcet>
            <maxpow number="0.20689022347988506"/>
            <maxpow number="0.20689022347988506"/>
            <fprob>0.0</fprob>
        </actor>
        <actor name="D0N28">
            <wcet number="0">10</wcet>
            <wcet number="1">20</wcet>
            <maxpow number="0.9035810705101355"/>
            <maxpow number="0.9035810705101355"/>
            <fprob>0.0</fprob>
        </actor>
        <actor name="D0N13">
            <wcet number="0">120</wcet>
            <wcet number="1">140</wcet>
            <maxpow number="0.5299546676495391"/>
            <maxpow number="0.5299546676495391"/>
            <fprob>0.0</fprob>
        </actor>
        <actor name="D0N17">
            <wcet number="0">60</wcet>
            <wcet number="1">60</wcet>
            <maxpow number="0.3203868395289449"/>
            <maxpow number="0.3203868395289449"/>
            <fprob>0.0</fprob>
        </actor>
        <actor name="D0N21">
            <wcet number="0">60</wcet>
            <wcet number="1">130</wcet>
            <maxpow number="0.1836406338135767"/>
            <maxpow number="0.1836406338135767"/>
            <fprob>0.0</fprob>
        </actor>
        <actor name="D0N42">
            <wcet number="0">80</wcet>
            <wcet number="1">80</wcet>
            <maxpow number="0.6755463224675315"/>
            <maxpow number="0.6755463224675315"/>
            <fprob>0.0</fprob>
        </actor>
        <actor name="D0N37">
            <wcet number="0">80</wcet>
            <wcet number="1">100</wcet>
            <maxpow number="0.24643163639971993"/>
            <maxpow number="0.24643163639971993"/>
            <fprob>0.0</fprob>
        </actor>
        <actor name="D0N20">
            <wcet number="0">20</wcet>
            <wcet number="1">30</wcet>
            <maxpow number="0.4311787282802999"/>
            <maxpow number="0.4311787282802999"/>
            <fprob>0.0</fprob>
        </actor>
        <actor name="D0N26">
            <wcet number="0">10</wcet>
            <wcet number="1">30</wcet>
            <maxpow number="0.5345976105284962"/>
            <maxpow number="0.5345976105284962"/>
            <fprob>0.0</fprob>
        </actor>
        <actor name="D0N23">
            <wcet number="0">10</wcet>
            <wcet number="1">40</wcet>
            <maxpow number="1.0625114135205698"/>
            <maxpow number="1.0625114135205698"/>
            <fprob>0.0</fprob>
        </actor>
        <actor name="D0N10">
            <wcet number="0">20</wcet>
            <wcet number="1">30</wcet>
            <maxpow number="0.8464605352326628"/>
            <maxpow number="0.8464605352326628"/>
            <fprob>0.0</fprob>
        </actor>
        <actor name="D0N45">
            <wcet number="0">20</wcet>
            <wcet number="1">50</wcet>
            <maxpow number="0.7862865225816025"/>
            <maxpow number="0.7862865225816025"/>
            <fprob>0.0</fprob>
        </actor>
        <actor name="D0N15">
            <wcet number="0">20</wcet>
            <wcet number="1">40</wcet>
            <maxpow number="0.6396702451722136"/>
            <maxpow number="0.6396702451722136"/>
            <fprob>0.0</fprob>
        </actor>
        <actor name="D0N24">
            <wcet number="0">10</wcet>
            <wcet number="1">10</wcet>
            <maxpow number="0.23692827381645398"/>
            <maxpow number="0.23692827381645398"/>
            <fprob>0.0</fprob>
        </actor>
        <actor name="D0N3">
            <wcet number="0">50</wcet>
            <wcet number="1">80</wcet>
            <maxpow number="0.4305068384629442"/>
            <maxpow number="0.4305068384629442"/>
            <fprob>0.0</fprob>
        </actor>
        <actor name="D0N27">
            <wcet number="0">30</wcet>
            <wcet number="1">120</wcet>
            <maxpow number="0.37551581942535683"/>
            <maxpow number="0.37551581942535683"/>
            <fprob>0.0</fprob>
        </actor>
        <actor name="D0N14">
            <wcet number="0">10</wcet>
            <wcet number="1">80</wcet>
            <maxpow number="0.6976280723419475"/>
            <maxpow number="0.6976280723419475"/>
            <fprob>0.0</fprob>
        </actor>
        <actor name="D0N1">
            <wcet number="0">10</wcet>
            <wcet number="1">10</wcet>
            <maxpow number="0.5376738868738333"/>
            <maxpow number="0.5376738868738333"/>
            <fprob>0.0</fprob>
        </actor>
        <actor name="D0N9">
            <wcet number="0">20</wcet>
            <wcet number="1">20</wcet>
            <maxpow number="0.5313241067325893"/>
            <maxpow number="0.5313241067325893"/>
            <fprob>0.0</fprob>
        </actor>
        <actor name="D0N44">
            <wcet number="0">90</wcet>
            <wcet number="1">300</wcet>
            <maxpow number="0.34832315063023744"/>
            <maxpow number="0.34832315063023744"/>
            <fprob>0.0</fprob>
        </actor>
        <actor name="D0N38">
            <wcet number="0">10</wcet>
            <wcet number="1">10</wcet>
            <maxpow number="0.5876452873260897"/>
            <maxpow number="0.5876452873260897"/>
            <fprob>0.0</fprob>
        </actor>
        <actor name="D0N5">
            <wcet number="0">20</wcet>
            <wcet number="1">20</wcet>
            <maxpow number="0.37330833205548425"/>
            <maxpow number="0.37330833205548425"/>
            <fprob>0.0</fprob>
        </actor>
        <actor name="D0N11">
            <wcet number="0">20</wcet>
            <wcet number="1">20</wcet>
            <maxpow number="0.7154240822761874"/>
            <maxpow number="0.7154240822761874"/>
            <fprob>0.0</fprob>
        </actor>
        <actor name="D0N36">
            <wcet number="0">30</wcet>
            <wcet number="1">30</wcet>
            <maxpow number="0.9370418857797693"/>
            <maxpow number="0.9370418857797693"/>
            <fprob>0.0</fprob>
        </actor>
        <actor name="D0N12">
            <wcet number="0">20</wcet>
            <wcet number="1">20</wcet>
            <maxpow number="0.6807273673822634"/>
            <maxpow number="0.6807273673822634"/>
            <fprob>0.0</fprob>
        </actor>
        <ports>
            <port dstActor="D0N24" name="p0" srcActor="D0N16"/>
            <port dstActor="D0N36" name="p1" srcActor="D0N16"/>
            <port dstActor="D0N29" name="p2" srcActor="D0N16"/>
            <port dstActor="D0N17" name="p3" srcActor="D0N6"/>
            <port dstActor="D0N44" name="p4" srcActor="D0N6"/>
            <port dstActor="D0N42" name="p5" srcActor="D0N41"/>
            <port dstActor="D0N41" name="p6" srcActor="D0N34"/>
            <port dstActor="D0N40" name="p7" srcActor="D0N34"/>
            <port dstActor="D0N13" name="p8" srcActor="D0N7"/>
            <port dstActor="D0N20" name="p9" srcActor="D0N7"/>
            <port dstActor="D0N33" name="p10" srcActor="D0N7"/>
            <port dstActor="D0N36" name="p11" srcActor="D0N33"/>
            <port dstActor="D0N41" name="p12" srcActor="D0N35"/>
            <port dstActor="D0N43" name="p13" srcActor="D0N0"/>
            <port dstActor="D0N6" name="p14" srcActor="D0N0"/>
            <port dstActor="D0N20" name="p15" srcActor="D0N0"/>
            <port dstActor="D0N38" name="p16" srcActor="D0N0"/>
            <port dstActor="D0N27" name="p17" srcActor="D0N0"/>
            <port dstActor="D0N33" name="p18" srcActor="D0N29"/>
            <port dstActor="D0N18" name="p19" srcActor="D0N2"/>
            <port dstActor="D0N20" name="p20" srcActor="D0N2"/>
            <port dstActor="D0N42" name="p21" srcActor="D0N32"/>
            <port dstActor="D0N37" name="p22" srcActor="D0N4"/>
            <port dstActor="D0N28" name="p23" srcActor="D0N4"/>
            <port dstActor="D0N42" name="p24" srcActor="D0N4"/>
            <port dstActor="D0N40" name="p25" srcActor="D0N4"/>
            <port dstActor="D0N34" name="p26" srcActor="D0N18"/>
            <port dstActor="D0N41" name="p27" srcActor="D0N22"/>
            <port dstActor="D0N28" name="p28" srcActor="D0N22"/>
            <port dstActor="D0N37" name="p29" srcActor="D0N30"/>
            <port dstActor="D0N45" name="p30" srcActor="D0N40"/>
            <port dstActor="D0N45" name="p31" srcActor="D0N19"/>
            <port dstActor="D0N27" name="p32" srcActor="D0N19"/>
            <port dstActor="D0N37" name="p33" srcActor="D0N19"/>
            <port dstActor="D0N31" name="p34" srcActor="D0N19"/>
            <port dstActor="D0N13" name="p35" srcActor="D0N8"/>
            <port dstActor="D0N16" name="p36" srcActor="D0N8"/>
            <port dstActor="D0N38" name="p37" srcActor="D0N8"/>
            <port dstActor="D0N20" name="p38" srcActor="D0N8"/>
            <port dstActor="D0N41" name="p39" srcActor="D0N25"/>
            <port dstActor="D0N36" name="p40" srcActor="D0N25"/>
            <port dstActor="D0N30" name="p41" srcActor="D0N28"/>
            <port dstActor="D0N17" name="p42" srcActor="D0N13"/>
            <port dstActor="D0N16" name="p43" srcActor="D0N13"/>
            <port dstActor="D0N35" name="p44" srcActor="D0N13"/>
            <port dstActor="D0N34" name="p45" srcActor="D0N13"/>
            <port dstActor="D0N28" name="p46" srcActor="D0N13"/>
            <port dstActor="D0N15" name="p47" srcActor="D0N13"/>
            <port dstActor="D0N22" name="p48" srcActor="D0N13"/>
            <port dstActor="D0N33" name="p49" srcActor="D0N13"/>
            <port dstActor="D0N33" name="p50" srcActor="D0N17"/>
            <port dstActor="D0N28" name="p51" srcActor="D0N17"/>
            <port dstActor="D0N43" name="p52" srcActor="D0N17"/>
            <port dstActor="D0N29" name="p53" srcActor="D0N17"/>
            <port dstActor="D0N35" name="p54" srcActor="D0N17"/>
            <port dstActor="D0N29" name="p55" srcActor="D0N21"/>
            <port dstActor="D0N40" name="p56" srcActor="D0N21"/>
            <port dstActor="D0N41" name="p57" srcActor="D0N37"/>
            <port dstActor="D0N42" name="p58" srcActor="D0N20"/>
            <port dstActor="D0N43" name="p59" srcActor="D0N20"/>
            <port dstActor="D0N28" name="p60" srcActor="D0N26"/>
            <port dstActor="D0N36" name="p61" srcActor="D0N26"/>
            <port dstActor="D0N45" name="p62" srcActor="D0N26"/>
            <port dstActor="D0N27" name="p63" srcActor="D0N26"/>
            <port dstActor="D0N21" name="p64" srcActor="D0N10"/>
            <port dstActor="D0N45" name="p65" srcActor="D0N15"/>
            <port dstActor="D0N38" name="p66" srcActor="D0N15"/>
            <port dstActor="D0N17" name="p67" srcActor="D0N15"/>
            <port dstActor="D0N28" name="p68" srcActor="D0N24"/>
            <port dstActor="D0N25" name="p69" srcActor="D0N24"/>
            <port dstActor="D0N33" name="p70" srcActor="D0N24"/>
            <port dstActor="D0N24" name="p71" srcActor="D0N3"/>
            <port dstActor="D0N39" name="p72" srcActor="D0N27"/>
            <port dstActor="D0N25" name="p73" srcActor="D0N14"/>
            <port dstActor="D0N21" name="p74" srcActor="D0N14"/>
            <port dstActor="D0N42" name="p75" srcActor="D0N1"/>
            <port dstActor="D0N15" name="p76" srcActor="D0N1"/>
            <port dstActor="D0N25" name="p77" srcActor="D0N1"/>
            <port dstActor="D0N32" name="p78" srcActor="D0N9"/>
            <port dstActor="D0N44" name="p79" srcActor="D0N9"/>
            <port dstActor="D0N17" name="p80" srcActor="D0N9"/>
            <port dstActor="D0N40" name="p81" srcActor="D0N38"/>
            <port dstActor="D0N39" name="p82" srcActor="D0N38"/>
            <port dstActor="D0N25" name="p83" srcActor="D0N5"/>
            <port dstActor="D0N13" name="p84" srcActor="D0N11"/>
            <port dstActor="D0N29" name="p85" srcActor="D0N11"/>
            <port dstActor="D0N15" name="p86" srcActor="D0N11"/>
            <port dstActor="D0N20" name="p87" srcActor="D0N11"/>
            <port dstActor="D0N14" name="p88" srcActor="D0N11"/>
            <port dstActor="D0N39" name="p89" srcActor="D0N36"/>
        </ports>
    </mcdag>
    <cores number="3"/>
    <levels number="2"/>
</mcsystem>
