<?xml version="1.0" encoding="UTF-8" standalone="no"?>
<mcsystem>
    <mcdag deadline="1000" name="genned-0-ed-10.0-0">
        <actor name="D0N9">
            <wcet number="0">50</wcet>
            <wcet number="1">100</wcet>
            <maxpow number="0.4400107602594253"/>
            <maxpow number="0.4400107602594253"/>
            <fprob>0.0</fprob>
        </actor>
        <actor name="D0N39">
            <wcet number="0">10</wcet>
            <wcet number="1">10</wcet>
            <maxpow number="0.7717311278632413"/>
            <maxpow number="0.7717311278632413"/>
            <fprob>0.0</fprob>
        </actor>
        <actor name="D0N5">
            <wcet number="0">30</wcet>
            <wcet number="1">30</wcet>
            <maxpow number="0.6642426446958503"/>
            <maxpow number="0.6642426446958503"/>
            <fprob>0.0</fprob>
        </actor>
        <actor name="D0N24">
            <wcet number="0">40</wcet>
            <wcet number="1">90</wcet>
            <maxpow number="0.4726414393539655"/>
            <maxpow number="0.4726414393539655"/>
            <fprob>0.0</fprob>
        </actor>
        <actor name="D0N30">
            <wcet number="0">50</wcet>
            <wcet number="1">70</wcet>
            <maxpow number="0.45602240028054675"/>
            <maxpow number="0.45602240028054675"/>
            <fprob>0.0</fprob>
        </actor>
        <actor name="D0N40">
            <wcet number="0">30</wcet>
            <wcet number="1">30</wcet>
            <maxpow number="0.4638222170891131"/>
            <maxpow number="0.4638222170891131"/>
            <fprob>0.0</fprob>
        </actor>
        <actor name="D0N4">
            <wcet number="0">20</wcet>
            <wcet number="1">20</wcet>
            <maxpow number="0.7781580541149747"/>
            <maxpow number="0.7781580541149747"/>
            <fprob>0.0</fprob>
        </actor>
        <actor name="D0N1">
            <wcet number="0">10</wcet>
            <wcet number="1">20</wcet>
            <maxpow number="1.0060558813299438"/>
            <maxpow number="1.0060558813299438"/>
            <fprob>0.0</fprob>
        </actor>
        <actor name="D0N32">
            <wcet number="0">40</wcet>
            <wcet number="1">40</wcet>
            <maxpow number="0.8262921862543924"/>
            <maxpow number="0.8262921862543924"/>
            <fprob>0.0</fprob>
        </actor>
        <actor name="D0N13">
            <wcet number="0">70</wcet>
            <wcet number="1">270</wcet>
            <maxpow number="0.4281204881223844"/>
            <maxpow number="0.4281204881223844"/>
            <fprob>0.0</fprob>
        </actor>
        <actor name="D0N10">
            <wcet number="0">10</wcet>
            <wcet number="1">20</wcet>
            <maxpow number="0.6092484319051671"/>
            <maxpow number="0.6092484319051671"/>
            <fprob>0.0</fprob>
        </actor>
        <actor name="D0N36">
            <wcet number="0">50</wcet>
            <wcet number="1">100</wcet>
            <maxpow number="0.721521525960922"/>
            <maxpow number="0.721521525960922"/>
            <fprob>0.0</fprob>
        </actor>
        <actor name="D0N14">
            <wcet number="0">40</wcet>
            <wcet number="1">40</wcet>
            <maxpow number="1.0064840090282448"/>
            <maxpow number="1.0064840090282448"/>
            <fprob>0.0</fprob>
        </actor>
        <actor name="D0N11">
            <wcet number="0">10</wcet>
            <wcet number="1">20</wcet>
            <maxpow number="0.741226477876116"/>
            <maxpow number="0.741226477876116"/>
            <fprob>0.0</fprob>
        </actor>
        <actor name="D0N18">
            <wcet number="0">80</wcet>
            <wcet number="1">90</wcet>
            <maxpow number="0.5236651575702141"/>
            <maxpow number="0.5236651575702141"/>
            <fprob>0.0</fprob>
        </actor>
        <actor name="D0N27">
            <wcet number="0">10</wcet>
            <wcet number="1">110</wcet>
            <maxpow number="0.5751532605916349"/>
            <maxpow number="0.5751532605916349"/>
            <fprob>0.0</fprob>
        </actor>
        <actor name="D0N6">
            <wcet number="0">30</wcet>
            <wcet number="1">80</wcet>
            <maxpow number="0.8405334356697611"/>
            <maxpow number="0.8405334356697611"/>
            <fprob>0.0</fprob>
        </actor>
        <actor name="D0N41">
            <wcet number="0">80</wcet>
            <wcet number="1">120</wcet>
            <maxpow number="0.32160216842259515"/>
            <maxpow number="0.32160216842259515"/>
            <fprob>0.0</fprob>
        </actor>
        <actor name="D0N12">
            <wcet number="0">10</wcet>
            <wcet number="1">10</wcet>
            <maxpow number="1.0288147505175174"/>
            <maxpow number="1.0288147505175174"/>
            <fprob>0.0</fprob>
        </actor>
        <actor name="D0N34">
            <wcet number="0">80</wcet>
            <wcet number="1">80</wcet>
            <maxpow number="0.6225502810879522"/>
            <maxpow number="0.6225502810879522"/>
            <fprob>0.0</fprob>
        </actor>
        <actor name="D0N8">
            <wcet number="0">10</wcet>
            <wcet number="1">10</wcet>
            <maxpow number="0.47470665350949803"/>
            <maxpow number="0.47470665350949803"/>
            <fprob>0.0</fprob>
        </actor>
        <actor name="D0N16">
            <wcet number="0">20</wcet>
            <wcet number="1">120</wcet>
            <maxpow number="0.48673025302378"/>
            <maxpow number="0.48673025302378"/>
            <fprob>0.0</fprob>
        </actor>
        <actor name="D0N26">
            <wcet number="0">10</wcet>
            <wcet number="1">30</wcet>
            <maxpow number="0.5401335826216173"/>
            <maxpow number="0.5401335826216173"/>
            <fprob>0.0</fprob>
        </actor>
        <actor name="D0N3">
            <wcet number="0">30</wcet>
            <wcet number="1">30</wcet>
            <maxpow number="0.13189586098373046"/>
            <maxpow number="0.13189586098373046"/>
            <fprob>0.0</fprob>
        </actor>
        <actor name="D0N20">
            <wcet number="0">50</wcet>
            <wcet number="1">80</wcet>
            <maxpow number="0.5366693129561899"/>
            <maxpow number="0.5366693129561899"/>
            <fprob>0.0</fprob>
        </actor>
        <actor name="D0N35">
            <wcet number="0">50</wcet>
            <wcet number="1">80</wcet>
            <maxpow number="0.813921131842314"/>
            <maxpow number="0.813921131842314"/>
            <fprob>0.0</fprob>
        </actor>
        <actor name="D0N28">
            <wcet number="0">90</wcet>
            <wcet number="1">170</wcet>
            <maxpow number="0.5633156108622966"/>
            <maxpow number="0.5633156108622966"/>
            <fprob>0.0</fprob>
        </actor>
        <actor name="D0N15">
            <wcet number="0">10</wcet>
            <wcet number="1">10</wcet>
            <maxpow number="0.5564762925094859"/>
            <maxpow number="0.5564762925094859"/>
            <fprob>0.0</fprob>
        </actor>
        <actor name="D0N43">
            <wcet number="0">40</wcet>
            <wcet number="1">40</wcet>
            <maxpow number="0.4247623273119413"/>
            <maxpow number="0.4247623273119413"/>
            <fprob>0.0</fprob>
        </actor>
        <actor name="D0N2">
            <wcet number="0">40</wcet>
            <wcet number="1">50</wcet>
            <maxpow number="0.4318737130322889"/>
            <maxpow number="0.4318737130322889"/>
            <fprob>0.0</fprob>
        </actor>
        <actor name="D0N37">
            <wcet number="0">30</wcet>
            <wcet number="1">90</wcet>
            <maxpow number="0.5984374113634824"/>
            <maxpow number="0.5984374113634824"/>
            <fprob>0.0</fprob>
        </actor>
        <actor name="D0N23">
            <wcet number="0">10</wcet>
            <wcet number="1">10</wcet>
            <maxpow number="0.5851791332622303"/>
            <maxpow number="0.5851791332622303"/>
            <fprob>0.0</fprob>
        </actor>
        <actor name="D0N7">
            <wcet number="0">10</wcet>
            <wcet number="1">20</wcet>
            <maxpow number="0.35402300406285325"/>
            <maxpow number="0.35402300406285325"/>
            <fprob>0.0</fprob>
        </actor>
        <actor name="D0N0">
            <wcet number="0">20</wcet>
            <wcet number="1">60</wcet>
            <maxpow number="0.6682012504617061"/>
            <maxpow number="0.6682012504617061"/>
            <fprob>0.0</fprob>
        </actor>
        <actor name="D0N31">
            <wcet number="0">20</wcet>
            <wcet number="1">40</wcet>
            <maxpow number="0.3451809287118619"/>
            <maxpow number="0.3451809287118619"/>
            <fprob>0.0</fprob>
        </actor>
        <actor name="D0N17">
            <wcet number="0">30</wcet>
            <wcet number="1">50</wcet>
            <maxpow number="0.7071980342028277"/>
            <maxpow number="0.7071980342028277"/>
            <fprob>0.0</fprob>
        </actor>
        <actor name="D0N42">
            <wcet number="0">80</wcet>
            <wcet number="1">80</wcet>
            <maxpow number="0.8835294840387018"/>
            <maxpow number="0.8835294840387018"/>
            <fprob>0.0</fprob>
        </actor>
        <actor name="D0N38">
            <wcet number="0">10</wcet>
            <wcet number="1">60</wcet>
            <maxpow number="0.47603618025591343"/>
            <maxpow number="0.47603618025591343"/>
            <fprob>0.0</fprob>
        </actor>
        <actor name="D0N25">
            <wcet number="0">130</wcet>
            <wcet number="1">130</wcet>
            <maxpow number="0.7204063575564451"/>
            <maxpow number="0.7204063575564451"/>
            <fprob>0.0</fprob>
        </actor>
        <actor name="D0N21">
            <wcet number="0">20</wcet>
            <wcet number="1">20</wcet>
            <maxpow number="0.5350376010610595"/>
            <maxpow number="0.5350376010610595"/>
            <fprob>0.0</fprob>
        </actor>
        <actor name="D0N22">
            <wcet number="0">10</wcet>
            <wcet number="1">10</wcet>
            <maxpow number="0.6118037399790086"/>
            <maxpow number="0.6118037399790086"/>
            <fprob>0.0</fprob>
        </actor>
        <actor name="D0N19">
            <wcet number="0">10</wcet>
            <wcet number="1">10</wcet>
            <maxpow number="0.17852865285381897"/>
            <maxpow number="0.17852865285381897"/>
            <fprob>0.0</fprob>
        </actor>
        <actor name="D0N29">
            <wcet number="0">20</wcet>
            <wcet number="1">210</wcet>
            <maxpow number="0.4893813696436111"/>
            <maxpow number="0.4893813696436111"/>
            <fprob>0.0</fprob>
        </actor>
        <actor name="D0N33">
            <wcet number="0">30</wcet>
            <wcet number="1">40</wcet>
            <maxpow number="0.41833086164218775"/>
            <maxpow number="0.41833086164218775"/>
            <fprob>0.0</fprob>
        </actor>
        <ports>
            <port dstActor="D0N43" name="p0" srcActor="D0N9"/>
            <port dstActor="D0N26" name="p1" srcActor="D0N9"/>
            <port dstActor="D0N20" name="p2" srcActor="D0N9"/>
            <port dstActor="D0N27" name="p3" srcActor="D0N9"/>
            <port dstActor="D0N40" name="p4" srcActor="D0N9"/>
            <port dstActor="D0N12" name="p5" srcActor="D0N5"/>
            <port dstActor="D0N27" name="p6" srcActor="D0N5"/>
            <port dstActor="D0N14" name="p7" srcActor="D0N5"/>
            <port dstActor="D0N25" name="p8" srcActor="D0N5"/>
            <port dstActor="D0N26" name="p9" srcActor="D0N5"/>
            <port dstActor="D0N32" name="p10" srcActor="D0N5"/>
            <port dstActor="D0N41" name="p11" srcActor="D0N24"/>
            <port dstActor="D0N25" name="p12" srcActor="D0N24"/>
            <port dstActor="D0N35" name="p13" srcActor="D0N24"/>
            <port dstActor="D0N37" name="p14" srcActor="D0N4"/>
            <port dstActor="D0N39" name="p15" srcActor="D0N4"/>
            <port dstActor="D0N43" name="p16" srcActor="D0N4"/>
            <port dstActor="D0N21" name="p17" srcActor="D0N4"/>
            <port dstActor="D0N7" name="p18" srcActor="D0N1"/>
            <port dstActor="D0N6" name="p19" srcActor="D0N1"/>
            <port dstActor="D0N13" name="p20" srcActor="D0N1"/>
            <port dstActor="D0N27" name="p21" srcActor="D0N1"/>
            <port dstActor="D0N43" name="p22" srcActor="D0N32"/>
            <port dstActor="D0N41" name="p23" srcActor="D0N32"/>
            <port dstActor="D0N42" name="p24" srcActor="D0N32"/>
            <port dstActor="D0N29" name="p25" srcActor="D0N13"/>
            <port dstActor="D0N37" name="p26" srcActor="D0N13"/>
            <port dstActor="D0N39" name="p27" srcActor="D0N13"/>
            <port dstActor="D0N30" name="p28" srcActor="D0N13"/>
            <port dstActor="D0N35" name="p29" srcActor="D0N13"/>
            <port dstActor="D0N42" name="p30" srcActor="D0N13"/>
            <port dstActor="D0N26" name="p31" srcActor="D0N13"/>
            <port dstActor="D0N17" name="p32" srcActor="D0N10"/>
            <port dstActor="D0N43" name="p33" srcActor="D0N10"/>
            <port dstActor="D0N38" name="p34" srcActor="D0N36"/>
            <port dstActor="D0N33" name="p35" srcActor="D0N14"/>
            <port dstActor="D0N42" name="p36" srcActor="D0N14"/>
            <port dstActor="D0N15" name="p37" srcActor="D0N14"/>
            <port dstActor="D0N26" name="p38" srcActor="D0N11"/>
            <port dstActor="D0N21" name="p39" srcActor="D0N11"/>
            <port dstActor="D0N24" name="p40" srcActor="D0N18"/>
            <port dstActor="D0N26" name="p41" srcActor="D0N18"/>
            <port dstActor="D0N39" name="p42" srcActor="D0N18"/>
            <port dstActor="D0N27" name="p43" srcActor="D0N18"/>
            <port dstActor="D0N37" name="p44" srcActor="D0N27"/>
            <port dstActor="D0N34" name="p45" srcActor="D0N27"/>
            <port dstActor="D0N23" name="p46" srcActor="D0N6"/>
            <port dstActor="D0N22" name="p47" srcActor="D0N6"/>
            <port dstActor="D0N20" name="p48" srcActor="D0N6"/>
            <port dstActor="D0N35" name="p49" srcActor="D0N6"/>
            <port dstActor="D0N42" name="p50" srcActor="D0N41"/>
            <port dstActor="D0N16" name="p51" srcActor="D0N12"/>
            <port dstActor="D0N27" name="p52" srcActor="D0N12"/>
            <port dstActor="D0N40" name="p53" srcActor="D0N12"/>
            <port dstActor="D0N29" name="p54" srcActor="D0N12"/>
            <port dstActor="D0N28" name="p55" srcActor="D0N12"/>
            <port dstActor="D0N30" name="p56" srcActor="D0N12"/>
            <port dstActor="D0N33" name="p57" srcActor="D0N12"/>
            <port dstActor="D0N11" name="p58" srcActor="D0N8"/>
            <port dstActor="D0N31" name="p59" srcActor="D0N8"/>
            <port dstActor="D0N12" name="p60" srcActor="D0N8"/>
            <port dstActor="D0N28" name="p61" srcActor="D0N16"/>
            <port dstActor="D0N29" name="p62" srcActor="D0N26"/>
            <port dstActor="D0N16" name="p63" srcActor="D0N3"/>
            <port dstActor="D0N26" name="p64" srcActor="D0N3"/>
            <port dstActor="D0N29" name="p65" srcActor="D0N3"/>
            <port dstActor="D0N30" name="p66" srcActor="D0N3"/>
            <port dstActor="D0N40" name="p67" srcActor="D0N28"/>
            <port dstActor="D0N31" name="p68" srcActor="D0N28"/>
            <port dstActor="D0N39" name="p69" srcActor="D0N28"/>
            <port dstActor="D0N36" name="p70" srcActor="D0N15"/>
            <port dstActor="D0N16" name="p71" srcActor="D0N15"/>
            <port dstActor="D0N16" name="p72" srcActor="D0N2"/>
            <port dstActor="D0N31" name="p73" srcActor="D0N2"/>
            <port dstActor="D0N34" name="p74" srcActor="D0N2"/>
            <port dstActor="D0N4" name="p75" srcActor="D0N2"/>
            <port dstActor="D0N20" name="p76" srcActor="D0N7"/>
            <port dstActor="D0N16" name="p77" srcActor="D0N7"/>
            <port dstActor="D0N31" name="p78" srcActor="D0N7"/>
            <port dstActor="D0N17" name="p79" srcActor="D0N7"/>
            <port dstActor="D0N7" name="p80" srcActor="D0N0"/>
            <port dstActor="D0N30" name="p81" srcActor="D0N0"/>
            <port dstActor="D0N3" name="p82" srcActor="D0N0"/>
            <port dstActor="D0N5" name="p83" srcActor="D0N0"/>
            <port dstActor="D0N37" name="p84" srcActor="D0N0"/>
            <port dstActor="D0N38" name="p85" srcActor="D0N31"/>
            <port dstActor="D0N39" name="p86" srcActor="D0N38"/>
            <port dstActor="D0N43" name="p87" srcActor="D0N25"/>
            <port dstActor="D0N38" name="p88" srcActor="D0N25"/>
            <port dstActor="D0N24" name="p89" srcActor="D0N22"/>
            <port dstActor="D0N37" name="p90" srcActor="D0N22"/>
            <port dstActor="D0N28" name="p91" srcActor="D0N22"/>
            <port dstActor="D0N32" name="p92" srcActor="D0N19"/>
            <port dstActor="D0N27" name="p93" srcActor="D0N19"/>
            <port dstActor="D0N34" name="p94" srcActor="D0N19"/>
            <port dstActor="D0N23" name="p95" srcActor="D0N19"/>
            <port dstActor="D0N39" name="p96" srcActor="D0N19"/>
            <port dstActor="D0N40" name="p97" srcActor="D0N29"/>
            <port dstActor="D0N42" name="p98" srcActor="D0N33"/>
            <port dstActor="D0N43" name="p99" srcActor="D0N33"/>
            <port dstActor="D0N39" name="p100" srcActor="D0N33"/>
            <port dstActor="D0N40" name="p101" srcActor="D0N33"/>
        </ports>
    </mcdag>
    <cores number="3"/>
    <levels number="2"/>
</mcsystem>
