<?xml version="1.0" encoding="UTF-8" standalone="no"?>
<mcsystem>
    <mcdag deadline="1000" name="genned-0-ed-10.0-0">
        <actor name="D0N9">
            <wcet number="0">20</wcet>
            <wcet number="1">20</wcet>
            <maxpow number="0.3924705480617301"/>
            <maxpow number="0.3924705480617301"/>
            <fprob>0.0</fprob>
        </actor>
        <actor name="D0N38">
            <wcet number="0">110</wcet>
            <wcet number="1">110</wcet>
            <maxpow number="0.5122510720673069"/>
            <maxpow number="0.5122510720673069"/>
            <fprob>0.0</fprob>
        </actor>
        <actor name="D0N7">
            <wcet number="0">30</wcet>
            <wcet number="1">30</wcet>
            <maxpow number="0.7680888139263208"/>
            <maxpow number="0.7680888139263208"/>
            <fprob>0.0</fprob>
        </actor>
        <actor name="D0N26">
            <wcet number="0">60</wcet>
            <wcet number="1">70</wcet>
            <maxpow number="0.6116959654963178"/>
            <maxpow number="0.6116959654963178"/>
            <fprob>0.0</fprob>
        </actor>
        <actor name="D0N31">
            <wcet number="0">160</wcet>
            <wcet number="1">160</wcet>
            <maxpow number="0.5158321143912719"/>
            <maxpow number="0.5158321143912719"/>
            <fprob>0.0</fprob>
        </actor>
        <actor name="D0N14">
            <wcet number="0">10</wcet>
            <wcet number="1">30</wcet>
            <maxpow number="0.4599439829704166"/>
            <maxpow number="0.4599439829704166"/>
            <fprob>0.0</fprob>
        </actor>
        <actor name="D0N25">
            <wcet number="0">20</wcet>
            <wcet number="1">70</wcet>
            <maxpow number="0.5157741187465115"/>
            <maxpow number="0.5157741187465115"/>
            <fprob>0.0</fprob>
        </actor>
        <actor name="D0N5">
            <wcet number="0">120</wcet>
            <wcet number="1">190</wcet>
            <maxpow number="0.35676460560338596"/>
            <maxpow number="0.35676460560338596"/>
            <fprob>0.0</fprob>
        </actor>
        <actor name="D0N30">
            <wcet number="0">10</wcet>
            <wcet number="1">50</wcet>
            <maxpow number="0.6708614601452624"/>
            <maxpow number="0.6708614601452624"/>
            <fprob>0.0</fprob>
        </actor>
        <actor name="D0N4">
            <wcet number="0">10</wcet>
            <wcet number="1">130</wcet>
            <maxpow number="0.6119924281783253"/>
            <maxpow number="0.6119924281783253"/>
            <fprob>0.0</fprob>
        </actor>
        <actor name="D0N24">
            <wcet number="0">20</wcet>
            <wcet number="1">30</wcet>
            <maxpow number="0.45540259762445057"/>
            <maxpow number="0.45540259762445057"/>
            <fprob>0.0</fprob>
        </actor>
        <actor name="D0N27">
            <wcet number="0">10</wcet>
            <wcet number="1">20</wcet>
            <maxpow number="0.5762154141524969"/>
            <maxpow number="0.5762154141524969"/>
            <fprob>0.0</fprob>
        </actor>
        <actor name="D0N0">
            <wcet number="0">40</wcet>
            <wcet number="1">70</wcet>
            <maxpow number="0.926399429375092"/>
            <maxpow number="0.926399429375092"/>
            <fprob>0.0</fprob>
        </actor>
        <actor name="D0N2">
            <wcet number="0">60</wcet>
            <wcet number="1">90</wcet>
            <maxpow number="0.36067347315539744"/>
            <maxpow number="0.36067347315539744"/>
            <fprob>0.0</fprob>
        </actor>
        <actor name="D0N29">
            <wcet number="0">20</wcet>
            <wcet number="1">30</wcet>
            <maxpow number="0.6115691459097836"/>
            <maxpow number="0.6115691459097836"/>
            <fprob>0.0</fprob>
        </actor>
        <actor name="D0N39">
            <wcet number="0">30</wcet>
            <wcet number="1">40</wcet>
            <maxpow number="0.8348025873230218"/>
            <maxpow number="0.8348025873230218"/>
            <fprob>0.0</fprob>
        </actor>
        <actor name="D0N35">
            <wcet number="0">10</wcet>
            <wcet number="1">10</wcet>
            <maxpow number="0.7411463150153637"/>
            <maxpow number="0.7411463150153637"/>
            <fprob>0.0</fprob>
        </actor>
        <actor name="D0N20">
            <wcet number="0">40</wcet>
            <wcet number="1">100</wcet>
            <maxpow number="0.4835155646443303"/>
            <maxpow number="0.4835155646443303"/>
            <fprob>0.0</fprob>
        </actor>
        <actor name="D0N6">
            <wcet number="0">10</wcet>
            <wcet number="1">10</wcet>
            <maxpow number="0.5191400884422832"/>
            <maxpow number="0.5191400884422832"/>
            <fprob>0.0</fprob>
        </actor>
        <actor name="D0N32">
            <wcet number="0">50</wcet>
            <wcet number="1">100</wcet>
            <maxpow number="0.6715160981424693"/>
            <maxpow number="0.6715160981424693"/>
            <fprob>0.0</fprob>
        </actor>
        <actor name="D0N15">
            <wcet number="0">10</wcet>
            <wcet number="1">20</wcet>
            <maxpow number="0.2617901929578477"/>
            <maxpow number="0.2617901929578477"/>
            <fprob>0.0</fprob>
        </actor>
        <actor name="D0N10">
            <wcet number="0">40</wcet>
            <wcet number="1">80</wcet>
            <maxpow number="0.6780181843317683"/>
            <maxpow number="0.6780181843317683"/>
            <fprob>0.0</fprob>
        </actor>
        <actor name="D0N22">
            <wcet number="0">50</wcet>
            <wcet number="1">50</wcet>
            <maxpow number="0.3108779283585452"/>
            <maxpow number="0.3108779283585452"/>
            <fprob>0.0</fprob>
        </actor>
        <actor name="D0N16">
            <wcet number="0">40</wcet>
            <wcet number="1">120</wcet>
            <maxpow number="0.5908071415358098"/>
            <maxpow number="0.5908071415358098"/>
            <fprob>0.0</fprob>
        </actor>
        <actor name="D0N21">
            <wcet number="0">10</wcet>
            <wcet number="1">10</wcet>
            <maxpow number="0.47180487938233384"/>
            <maxpow number="0.47180487938233384"/>
            <fprob>0.0</fprob>
        </actor>
        <actor name="D0N41">
            <wcet number="0">10</wcet>
            <wcet number="1">20</wcet>
            <maxpow number="0.6170610545283205"/>
            <maxpow number="0.6170610545283205"/>
            <fprob>0.0</fprob>
        </actor>
        <actor name="D0N17">
            <wcet number="0">120</wcet>
            <wcet number="1">210</wcet>
            <maxpow number="0.5161219384708842"/>
            <maxpow number="0.5161219384708842"/>
            <fprob>0.0</fprob>
        </actor>
        <actor name="D0N19">
            <wcet number="0">20</wcet>
            <wcet number="1">30</wcet>
            <maxpow number="0.36347860064435455"/>
            <maxpow number="0.36347860064435455"/>
            <fprob>0.0</fprob>
        </actor>
        <actor name="D0N23">
            <wcet number="0">30</wcet>
            <wcet number="1">50</wcet>
            <maxpow number="0.7013486634647937"/>
            <maxpow number="0.7013486634647937"/>
            <fprob>0.0</fprob>
        </actor>
        <actor name="D0N37">
            <wcet number="0">10</wcet>
            <wcet number="1">10</wcet>
            <maxpow number="0.39593542424539585"/>
            <maxpow number="0.39593542424539585"/>
            <fprob>0.0</fprob>
        </actor>
        <actor name="D0N18">
            <wcet number="0">40</wcet>
            <wcet number="1">40</wcet>
            <maxpow number="0.73790591217676"/>
            <maxpow number="0.73790591217676"/>
            <fprob>0.0</fprob>
        </actor>
        <actor name="D0N40">
            <wcet number="0">10</wcet>
            <wcet number="1">30</wcet>
            <maxpow number="0.46026323589119056"/>
            <maxpow number="0.46026323589119056"/>
            <fprob>0.0</fprob>
        </actor>
        <actor name="D0N28">
            <wcet number="0">10</wcet>
            <wcet number="1">20</wcet>
            <maxpow number="0.47197198728025036"/>
            <maxpow number="0.47197198728025036"/>
            <fprob>0.0</fprob>
        </actor>
        <actor name="D0N13">
            <wcet number="0">10</wcet>
            <wcet number="1">30</wcet>
            <maxpow number="0.3421018723010445"/>
            <maxpow number="0.3421018723010445"/>
            <fprob>0.0</fprob>
        </actor>
        <actor name="D0N33">
            <wcet number="0">10</wcet>
            <wcet number="1">20</wcet>
            <maxpow number="0.5772669860892125"/>
            <maxpow number="0.5772669860892125"/>
            <fprob>0.0</fprob>
        </actor>
        <actor name="D0N36">
            <wcet number="0">10</wcet>
            <wcet number="1">30</wcet>
            <maxpow number="0.828314035349937"/>
            <maxpow number="0.828314035349937"/>
            <fprob>0.0</fprob>
        </actor>
        <actor name="D0N1">
            <wcet number="0">10</wcet>
            <wcet number="1">50</wcet>
            <maxpow number="0.7659716788871945"/>
            <maxpow number="0.7659716788871945"/>
            <fprob>0.0</fprob>
        </actor>
        <actor name="D0N12">
            <wcet number="0">30</wcet>
            <wcet number="1">30</wcet>
            <maxpow number="0.3252930828191415"/>
            <maxpow number="0.3252930828191415"/>
            <fprob>0.0</fprob>
        </actor>
        <actor name="D0N3">
            <wcet number="0">20</wcet>
            <wcet number="1">20</wcet>
            <maxpow number="0.009346886468053262"/>
            <maxpow number="0.009346886468053262"/>
            <fprob>0.0</fprob>
        </actor>
        <actor name="D0N11">
            <wcet number="0">110</wcet>
            <wcet number="1">150</wcet>
            <maxpow number="0.7773973484297733"/>
            <maxpow number="0.7773973484297733"/>
            <fprob>0.0</fprob>
        </actor>
        <actor name="D0N8">
            <wcet number="0">20</wcet>
            <wcet number="1">110</wcet>
            <maxpow number="0.6025055149800537"/>
            <maxpow number="0.6025055149800537"/>
            <fprob>0.0</fprob>
        </actor>
        <actor name="D0N34">
            <wcet number="0">10</wcet>
            <wcet number="1">10</wcet>
            <maxpow number="0.2781240847059796"/>
            <maxpow number="0.2781240847059796"/>
            <fprob>0.0</fprob>
        </actor>
        <ports>
            <port dstActor="D0N13" name="p0" srcActor="D0N9"/>
            <port dstActor="D0N26" name="p1" srcActor="D0N9"/>
            <port dstActor="D0N18" name="p2" srcActor="D0N9"/>
            <port dstActor="D0N27" name="p3" srcActor="D0N9"/>
            <port dstActor="D0N40" name="p4" srcActor="D0N38"/>
            <port dstActor="D0N16" name="p5" srcActor="D0N7"/>
            <port dstActor="D0N17" name="p6" srcActor="D0N7"/>
            <port dstActor="D0N14" name="p7" srcActor="D0N7"/>
            <port dstActor="D0N33" name="p8" srcActor="D0N7"/>
            <port dstActor="D0N9" name="p9" srcActor="D0N7"/>
            <port dstActor="D0N41" name="p10" srcActor="D0N7"/>
            <port dstActor="D0N34" name="p11" srcActor="D0N26"/>
            <port dstActor="D0N32" name="p12" srcActor="D0N26"/>
            <port dstActor="D0N40" name="p13" srcActor="D0N26"/>
            <port dstActor="D0N37" name="p14" srcActor="D0N14"/>
            <port dstActor="D0N41" name="p15" srcActor="D0N25"/>
            <port dstActor="D0N38" name="p16" srcActor="D0N25"/>
            <port dstActor="D0N33" name="p17" srcActor="D0N5"/>
            <port dstActor="D0N7" name="p18" srcActor="D0N5"/>
            <port dstActor="D0N28" name="p19" srcActor="D0N5"/>
            <port dstActor="D0N40" name="p20" srcActor="D0N30"/>
            <port dstActor="D0N35" name="p21" srcActor="D0N30"/>
            <port dstActor="D0N28" name="p22" srcActor="D0N4"/>
            <port dstActor="D0N34" name="p23" srcActor="D0N4"/>
            <port dstActor="D0N26" name="p24" srcActor="D0N4"/>
            <port dstActor="D0N19" name="p25" srcActor="D0N4"/>
            <port dstActor="D0N12" name="p26" srcActor="D0N4"/>
            <port dstActor="D0N36" name="p27" srcActor="D0N27"/>
            <port dstActor="D0N30" name="p28" srcActor="D0N27"/>
            <port dstActor="D0N13" name="p29" srcActor="D0N0"/>
            <port dstActor="D0N38" name="p30" srcActor="D0N0"/>
            <port dstActor="D0N28" name="p31" srcActor="D0N0"/>
            <port dstActor="D0N16" name="p32" srcActor="D0N0"/>
            <port dstActor="D0N13" name="p33" srcActor="D0N2"/>
            <port dstActor="D0N20" name="p34" srcActor="D0N2"/>
            <port dstActor="D0N4" name="p35" srcActor="D0N2"/>
            <port dstActor="D0N40" name="p36" srcActor="D0N29"/>
            <port dstActor="D0N31" name="p37" srcActor="D0N29"/>
            <port dstActor="D0N38" name="p38" srcActor="D0N35"/>
            <port dstActor="D0N29" name="p39" srcActor="D0N20"/>
            <port dstActor="D0N28" name="p40" srcActor="D0N20"/>
            <port dstActor="D0N40" name="p41" srcActor="D0N20"/>
            <port dstActor="D0N41" name="p42" srcActor="D0N20"/>
            <port dstActor="D0N25" name="p43" srcActor="D0N20"/>
            <port dstActor="D0N39" name="p44" srcActor="D0N20"/>
            <port dstActor="D0N24" name="p45" srcActor="D0N6"/>
            <port dstActor="D0N33" name="p46" srcActor="D0N6"/>
            <port dstActor="D0N39" name="p47" srcActor="D0N6"/>
            <port dstActor="D0N20" name="p48" srcActor="D0N6"/>
            <port dstActor="D0N33" name="p49" srcActor="D0N32"/>
            <port dstActor="D0N31" name="p50" srcActor="D0N15"/>
            <port dstActor="D0N22" name="p51" srcActor="D0N15"/>
            <port dstActor="D0N21" name="p52" srcActor="D0N15"/>
            <port dstActor="D0N32" name="p53" srcActor="D0N15"/>
            <port dstActor="D0N37" name="p54" srcActor="D0N15"/>
            <port dstActor="D0N36" name="p55" srcActor="D0N15"/>
            <port dstActor="D0N21" name="p56" srcActor="D0N10"/>
            <port dstActor="D0N37" name="p57" srcActor="D0N10"/>
            <port dstActor="D0N22" name="p58" srcActor="D0N10"/>
            <port dstActor="D0N21" name="p59" srcActor="D0N16"/>
            <port dstActor="D0N38" name="p60" srcActor="D0N16"/>
            <port dstActor="D0N41" name="p61" srcActor="D0N16"/>
            <port dstActor="D0N28" name="p62" srcActor="D0N16"/>
            <port dstActor="D0N31" name="p63" srcActor="D0N21"/>
            <port dstActor="D0N23" name="p64" srcActor="D0N17"/>
            <port dstActor="D0N28" name="p65" srcActor="D0N17"/>
            <port dstActor="D0N22" name="p66" srcActor="D0N17"/>
            <port dstActor="D0N29" name="p67" srcActor="D0N19"/>
            <port dstActor="D0N25" name="p68" srcActor="D0N23"/>
            <port dstActor="D0N33" name="p69" srcActor="D0N23"/>
            <port dstActor="D0N40" name="p70" srcActor="D0N37"/>
            <port dstActor="D0N20" name="p71" srcActor="D0N18"/>
            <port dstActor="D0N21" name="p72" srcActor="D0N18"/>
            <port dstActor="D0N34" name="p73" srcActor="D0N28"/>
            <port dstActor="D0N37" name="p74" srcActor="D0N28"/>
            <port dstActor="D0N18" name="p75" srcActor="D0N13"/>
            <port dstActor="D0N40" name="p76" srcActor="D0N33"/>
            <port dstActor="D0N26" name="p77" srcActor="D0N1"/>
            <port dstActor="D0N18" name="p78" srcActor="D0N1"/>
            <port dstActor="D0N5" name="p79" srcActor="D0N1"/>
            <port dstActor="D0N30" name="p80" srcActor="D0N12"/>
            <port dstActor="D0N32" name="p81" srcActor="D0N12"/>
            <port dstActor="D0N40" name="p82" srcActor="D0N3"/>
            <port dstActor="D0N34" name="p83" srcActor="D0N11"/>
            <port dstActor="D0N27" name="p84" srcActor="D0N11"/>
            <port dstActor="D0N32" name="p85" srcActor="D0N11"/>
            <port dstActor="D0N28" name="p86" srcActor="D0N11"/>
            <port dstActor="D0N40" name="p87" srcActor="D0N11"/>
            <port dstActor="D0N22" name="p88" srcActor="D0N8"/>
            <port dstActor="D0N15" name="p89" srcActor="D0N8"/>
            <port dstActor="D0N16" name="p90" srcActor="D0N8"/>
            <port dstActor="D0N27" name="p91" srcActor="D0N8"/>
            <port dstActor="D0N24" name="p92" srcActor="D0N8"/>
        </ports>
    </mcdag>
    <cores number="3"/>
    <levels number="2"/>
</mcsystem>
