<?xml version="1.0" encoding="UTF-8" standalone="no"?>
<mcsystem>
    <mcdag deadline="2200" name="genned-0-ed-10.0-0">
        <actor name="D0N3">
            <wcet number="0">10</wcet>
            <wcet number="1">10</wcet>
            <maxpow number="0.5490535448112429"/>
            <maxpow number="0.5490535448112429"/>
            <fprob>0.0</fprob>
        </actor>
        <actor name="D0N7">
            <wcet number="0">130</wcet>
            <wcet number="1">130</wcet>
            <maxpow number="0.37636723081283213"/>
            <maxpow number="0.37636723081283213"/>
            <fprob>0.0</fprob>
        </actor>
        <actor name="D0N10">
            <wcet number="0">10</wcet>
            <wcet number="1">10</wcet>
            <maxpow number="0.4904291388695163"/>
            <maxpow number="0.4904291388695163"/>
            <fprob>0.0</fprob>
        </actor>
        <actor name="D0N32">
            <wcet number="0">20</wcet>
            <wcet number="1">20</wcet>
            <maxpow number="0.4968882769821838"/>
            <maxpow number="0.4968882769821838"/>
            <fprob>0.0</fprob>
        </actor>
        <actor name="D0N1">
            <wcet number="0">20</wcet>
            <wcet number="1">30</wcet>
            <maxpow number="0.3216120024481922"/>
            <maxpow number="0.3216120024481922"/>
            <fprob>0.0</fprob>
        </actor>
        <actor name="D0N38">
            <wcet number="0">240</wcet>
            <wcet number="1">310</wcet>
            <maxpow number="0.6837689178479007"/>
            <maxpow number="0.6837689178479007"/>
            <fprob>0.0</fprob>
        </actor>
        <actor name="D0N12">
            <wcet number="0">80</wcet>
            <wcet number="1">210</wcet>
            <maxpow number="0.30855167973417225"/>
            <maxpow number="0.30855167973417225"/>
            <fprob>0.0</fprob>
        </actor>
        <actor name="D0N11">
            <wcet number="0">10</wcet>
            <wcet number="1">10</wcet>
            <maxpow number="0.6510465287258569"/>
            <maxpow number="0.6510465287258569"/>
            <fprob>0.0</fprob>
        </actor>
        <actor name="D0N23">
            <wcet number="0">30</wcet>
            <wcet number="1">30</wcet>
            <maxpow number="0.9707762199834319"/>
            <maxpow number="0.9707762199834319"/>
            <fprob>0.0</fprob>
        </actor>
        <actor name="D0N6">
            <wcet number="0">10</wcet>
            <wcet number="1">80</wcet>
            <maxpow number="0.8012723991408213"/>
            <maxpow number="0.8012723991408213"/>
            <fprob>0.0</fprob>
        </actor>
        <actor name="D0N47">
            <wcet number="0">100</wcet>
            <wcet number="1">200</wcet>
            <maxpow number="0.4003541224456786"/>
            <maxpow number="0.4003541224456786"/>
            <fprob>0.0</fprob>
        </actor>
        <actor name="D0N42">
            <wcet number="0">30</wcet>
            <wcet number="1">40</wcet>
            <maxpow number="1.0775288409439128"/>
            <maxpow number="1.0775288409439128"/>
            <fprob>0.0</fprob>
        </actor>
        <actor name="D0N44">
            <wcet number="0">10</wcet>
            <wcet number="1">10</wcet>
            <maxpow number="0.7711949929143367"/>
            <maxpow number="0.7711949929143367"/>
            <fprob>0.0</fprob>
        </actor>
        <actor name="D0N30">
            <wcet number="0">10</wcet>
            <wcet number="1">20</wcet>
            <maxpow number="0.6354072357454275"/>
            <maxpow number="0.6354072357454275"/>
            <fprob>0.0</fprob>
        </actor>
        <actor name="D0N31">
            <wcet number="0">10</wcet>
            <wcet number="1">10</wcet>
            <maxpow number="0.5263125836320115"/>
            <maxpow number="0.5263125836320115"/>
            <fprob>0.0</fprob>
        </actor>
        <actor name="D0N17">
            <wcet number="0">20</wcet>
            <wcet number="1">100</wcet>
            <maxpow number="0.4068388350316356"/>
            <maxpow number="0.4068388350316356"/>
            <fprob>0.0</fprob>
        </actor>
        <actor name="D0N27">
            <wcet number="0">10</wcet>
            <wcet number="1">20</wcet>
            <maxpow number="0.5507564206475167"/>
            <maxpow number="0.5507564206475167"/>
            <fprob>0.0</fprob>
        </actor>
        <actor name="D0N48">
            <wcet number="0">50</wcet>
            <wcet number="1">80</wcet>
            <maxpow number="0.6563868272563741"/>
            <maxpow number="0.6563868272563741"/>
            <fprob>0.0</fprob>
        </actor>
        <actor name="D0N40">
            <wcet number="0">30</wcet>
            <wcet number="1">60</wcet>
            <maxpow number="1.0493938406278127"/>
            <maxpow number="1.0493938406278127"/>
            <fprob>0.0</fprob>
        </actor>
        <actor name="D0N46">
            <wcet number="0">30</wcet>
            <wcet number="1">40</wcet>
            <maxpow number="0.3777287562624574"/>
            <maxpow number="0.3777287562624574"/>
            <fprob>0.0</fprob>
        </actor>
        <actor name="D0N22">
            <wcet number="0">140</wcet>
            <wcet number="1">340</wcet>
            <maxpow number="0.505762262181187"/>
            <maxpow number="0.505762262181187"/>
            <fprob>0.0</fprob>
        </actor>
        <actor name="D0N26">
            <wcet number="0">20</wcet>
            <wcet number="1">30</wcet>
            <maxpow number="0.5611814384924649"/>
            <maxpow number="0.5611814384924649"/>
            <fprob>0.0</fprob>
        </actor>
        <actor name="D0N4">
            <wcet number="0">120</wcet>
            <wcet number="1">170</wcet>
            <maxpow number="0.4112123853237345"/>
            <maxpow number="0.4112123853237345"/>
            <fprob>0.0</fprob>
        </actor>
        <actor name="D0N43">
            <wcet number="0">10</wcet>
            <wcet number="1">50</wcet>
            <maxpow number="0.5424455622712976"/>
            <maxpow number="0.5424455622712976"/>
            <fprob>0.0</fprob>
        </actor>
        <actor name="D0N36">
            <wcet number="0">30</wcet>
            <wcet number="1">120</wcet>
            <maxpow number="0.6537396177972444"/>
            <maxpow number="0.6537396177972444"/>
            <fprob>0.0</fprob>
        </actor>
        <actor name="D0N13">
            <wcet number="0">20</wcet>
            <wcet number="1">20</wcet>
            <maxpow number="0.4541153355085231"/>
            <maxpow number="0.4541153355085231"/>
            <fprob>0.0</fprob>
        </actor>
        <actor name="D0N28">
            <wcet number="0">280</wcet>
            <wcet number="1">380</wcet>
            <maxpow number="0.4374504912496615"/>
            <maxpow number="0.4374504912496615"/>
            <fprob>0.0</fprob>
        </actor>
        <actor name="D0N20">
            <wcet number="0">10</wcet>
            <wcet number="1">100</wcet>
            <maxpow number="0.6218809716051283"/>
            <maxpow number="0.6218809716051283"/>
            <fprob>0.0</fprob>
        </actor>
        <actor name="D0N9">
            <wcet number="0">90</wcet>
            <wcet number="1">100</wcet>
            <maxpow number="0.5622765407207854"/>
            <maxpow number="0.5622765407207854"/>
            <fprob>0.0</fprob>
        </actor>
        <actor name="D0N15">
            <wcet number="0">10</wcet>
            <wcet number="1">10</wcet>
            <maxpow number="0.5475235343474744"/>
            <maxpow number="0.5475235343474744"/>
            <fprob>0.0</fprob>
        </actor>
        <actor name="D0N19">
            <wcet number="0">70</wcet>
            <wcet number="1">220</wcet>
            <maxpow number="0.6586511975579936"/>
            <maxpow number="0.6586511975579936"/>
            <fprob>0.0</fprob>
        </actor>
        <actor name="D0N25">
            <wcet number="0">450</wcet>
            <wcet number="1">470</wcet>
            <maxpow number="0.5943283264270864"/>
            <maxpow number="0.5943283264270864"/>
            <fprob>0.0</fprob>
        </actor>
        <actor name="D0N8">
            <wcet number="0">10</wcet>
            <wcet number="1">10</wcet>
            <maxpow number="0.481292790386773"/>
            <maxpow number="0.481292790386773"/>
            <fprob>0.0</fprob>
        </actor>
        <actor name="D0N33">
            <wcet number="0">200</wcet>
            <wcet number="1">230</wcet>
            <maxpow number="0.5073712122289613"/>
            <maxpow number="0.5073712122289613"/>
            <fprob>0.0</fprob>
        </actor>
        <actor name="D0N39">
            <wcet number="0">10</wcet>
            <wcet number="1">10</wcet>
            <maxpow number="0.5284533131900118"/>
            <maxpow number="0.5284533131900118"/>
            <fprob>0.0</fprob>
        </actor>
        <actor name="D0N21">
            <wcet number="0">30</wcet>
            <wcet number="1">110</wcet>
            <maxpow number="0.33505365765689715"/>
            <maxpow number="0.33505365765689715"/>
            <fprob>0.0</fprob>
        </actor>
        <actor name="D0N5">
            <wcet number="0">20</wcet>
            <wcet number="1">50</wcet>
            <maxpow number="0.5321538868727624"/>
            <maxpow number="0.5321538868727624"/>
            <fprob>0.0</fprob>
        </actor>
        <actor name="D0N35">
            <wcet number="0">10</wcet>
            <wcet number="1">10</wcet>
            <maxpow number="0.6650422692497978"/>
            <maxpow number="0.6650422692497978"/>
            <fprob>0.0</fprob>
        </actor>
        <actor name="D0N37">
            <wcet number="0">20</wcet>
            <wcet number="1">50</wcet>
            <maxpow number="0.7298734233450015"/>
            <maxpow number="0.7298734233450015"/>
            <fprob>0.0</fprob>
        </actor>
        <actor name="D0N18">
            <wcet number="0">10</wcet>
            <wcet number="1">40</wcet>
            <maxpow number="0.5725920729841475"/>
            <maxpow number="0.5725920729841475"/>
            <fprob>0.0</fprob>
        </actor>
        <actor name="D0N0">
            <wcet number="0">10</wcet>
            <wcet number="1">10</wcet>
            <maxpow number="0.5163549285155207"/>
            <maxpow number="0.5163549285155207"/>
            <fprob>0.0</fprob>
        </actor>
        <actor name="D0N34">
            <wcet number="0">10</wcet>
            <wcet number="1">10</wcet>
            <maxpow number="0.46536681982677913"/>
            <maxpow number="0.46536681982677913"/>
            <fprob>0.0</fprob>
        </actor>
        <actor name="D0N41">
            <wcet number="0">10</wcet>
            <wcet number="1">10</wcet>
            <maxpow number="0.44353710716280703"/>
            <maxpow number="0.44353710716280703"/>
            <fprob>0.0</fprob>
        </actor>
        <actor name="D0N45">
            <wcet number="0">30</wcet>
            <wcet number="1">60</wcet>
            <maxpow number="0.7804892210410402"/>
            <maxpow number="0.7804892210410402"/>
            <fprob>0.0</fprob>
        </actor>
        <actor name="D0N16">
            <wcet number="0">30</wcet>
            <wcet number="1">90</wcet>
            <maxpow number="0.6516481591494372"/>
            <maxpow number="0.6516481591494372"/>
            <fprob>0.0</fprob>
        </actor>
        <actor name="D0N2">
            <wcet number="0">10</wcet>
            <wcet number="1">160</wcet>
            <maxpow number="0.28925242080985997"/>
            <maxpow number="0.28925242080985997"/>
            <fprob>0.0</fprob>
        </actor>
        <actor name="D0N24">
            <wcet number="0">10</wcet>
            <wcet number="1">10</wcet>
            <maxpow number="0.6483591522551408"/>
            <maxpow number="0.6483591522551408"/>
            <fprob>0.0</fprob>
        </actor>
        <actor name="D0N14">
            <wcet number="0">30</wcet>
            <wcet number="1">60</wcet>
            <maxpow number="0.9717305643896264"/>
            <maxpow number="0.9717305643896264"/>
            <fprob>0.0</fprob>
        </actor>
        <actor name="D0N29">
            <wcet number="0">20</wcet>
            <wcet number="1">50</wcet>
            <maxpow number="0.13065149019956734"/>
            <maxpow number="0.13065149019956734"/>
            <fprob>0.0</fprob>
        </actor>
        <ports>
            <port dstActor="D0N9" name="p0" srcActor="D0N3"/>
            <port dstActor="D0N41" name="p1" srcActor="D0N3"/>
            <port dstActor="D0N21" name="p2" srcActor="D0N3"/>
            <port dstActor="D0N10" name="p3" srcActor="D0N3"/>
            <port dstActor="D0N42" name="p4" srcActor="D0N3"/>
            <port dstActor="D0N42" name="p5" srcActor="D0N7"/>
            <port dstActor="D0N16" name="p6" srcActor="D0N7"/>
            <port dstActor="D0N38" name="p7" srcActor="D0N7"/>
            <port dstActor="D0N33" name="p8" srcActor="D0N10"/>
            <port dstActor="D0N41" name="p9" srcActor="D0N10"/>
            <port dstActor="D0N39" name="p10" srcActor="D0N32"/>
            <port dstActor="D0N19" name="p11" srcActor="D0N1"/>
            <port dstActor="D0N22" name="p12" srcActor="D0N1"/>
            <port dstActor="D0N17" name="p13" srcActor="D0N1"/>
            <port dstActor="D0N43" name="p14" srcActor="D0N1"/>
            <port dstActor="D0N47" name="p15" srcActor="D0N38"/>
            <port dstActor="D0N47" name="p16" srcActor="D0N12"/>
            <port dstActor="D0N48" name="p17" srcActor="D0N12"/>
            <port dstActor="D0N24" name="p18" srcActor="D0N12"/>
            <port dstActor="D0N36" name="p19" srcActor="D0N11"/>
            <port dstActor="D0N42" name="p20" srcActor="D0N11"/>
            <port dstActor="D0N26" name="p21" srcActor="D0N11"/>
            <port dstActor="D0N40" name="p22" srcActor="D0N23"/>
            <port dstActor="D0N39" name="p23" srcActor="D0N23"/>
            <port dstActor="D0N21" name="p24" srcActor="D0N6"/>
            <port dstActor="D0N26" name="p25" srcActor="D0N6"/>
            <port dstActor="D0N10" name="p26" srcActor="D0N6"/>
            <port dstActor="D0N24" name="p27" srcActor="D0N6"/>
            <port dstActor="D0N33" name="p28" srcActor="D0N30"/>
            <port dstActor="D0N39" name="p29" srcActor="D0N30"/>
            <port dstActor="D0N37" name="p30" srcActor="D0N30"/>
            <port dstActor="D0N44" name="p31" srcActor="D0N17"/>
            <port dstActor="D0N46" name="p32" srcActor="D0N17"/>
            <port dstActor="D0N39" name="p33" srcActor="D0N27"/>
            <port dstActor="D0N34" name="p34" srcActor="D0N27"/>
            <port dstActor="D0N41" name="p35" srcActor="D0N27"/>
            <port dstActor="D0N48" name="p36" srcActor="D0N40"/>
            <port dstActor="D0N41" name="p37" srcActor="D0N40"/>
            <port dstActor="D0N42" name="p38" srcActor="D0N22"/>
            <port dstActor="D0N31" name="p39" srcActor="D0N26"/>
            <port dstActor="D0N48" name="p40" srcActor="D0N26"/>
            <port dstActor="D0N39" name="p41" srcActor="D0N26"/>
            <port dstActor="D0N19" name="p42" srcActor="D0N4"/>
            <port dstActor="D0N9" name="p43" srcActor="D0N4"/>
            <port dstActor="D0N46" name="p44" srcActor="D0N43"/>
            <port dstActor="D0N39" name="p45" srcActor="D0N36"/>
            <port dstActor="D0N37" name="p46" srcActor="D0N36"/>
            <port dstActor="D0N33" name="p47" srcActor="D0N13"/>
            <port dstActor="D0N18" name="p48" srcActor="D0N13"/>
            <port dstActor="D0N32" name="p49" srcActor="D0N13"/>
            <port dstActor="D0N35" name="p50" srcActor="D0N28"/>
            <port dstActor="D0N21" name="p51" srcActor="D0N20"/>
            <port dstActor="D0N24" name="p52" srcActor="D0N9"/>
            <port dstActor="D0N11" name="p53" srcActor="D0N9"/>
            <port dstActor="D0N31" name="p54" srcActor="D0N15"/>
            <port dstActor="D0N46" name="p55" srcActor="D0N15"/>
            <port dstActor="D0N17" name="p56" srcActor="D0N15"/>
            <port dstActor="D0N25" name="p57" srcActor="D0N15"/>
            <port dstActor="D0N43" name="p58" srcActor="D0N15"/>
            <port dstActor="D0N22" name="p59" srcActor="D0N15"/>
            <port dstActor="D0N43" name="p60" srcActor="D0N19"/>
            <port dstActor="D0N21" name="p61" srcActor="D0N19"/>
            <port dstActor="D0N40" name="p62" srcActor="D0N25"/>
            <port dstActor="D0N32" name="p63" srcActor="D0N25"/>
            <port dstActor="D0N34" name="p64" srcActor="D0N25"/>
            <port dstActor="D0N29" name="p65" srcActor="D0N8"/>
            <port dstActor="D0N27" name="p66" srcActor="D0N8"/>
            <port dstActor="D0N14" name="p67" srcActor="D0N8"/>
            <port dstActor="D0N39" name="p68" srcActor="D0N8"/>
            <port dstActor="D0N31" name="p69" srcActor="D0N8"/>
            <port dstActor="D0N21" name="p70" srcActor="D0N8"/>
            <port dstActor="D0N41" name="p71" srcActor="D0N33"/>
            <port dstActor="D0N34" name="p72" srcActor="D0N21"/>
            <port dstActor="D0N47" name="p73" srcActor="D0N21"/>
            <port dstActor="D0N7" name="p74" srcActor="D0N5"/>
            <port dstActor="D0N48" name="p75" srcActor="D0N5"/>
            <port dstActor="D0N13" name="p76" srcActor="D0N5"/>
            <port dstActor="D0N23" name="p77" srcActor="D0N5"/>
            <port dstActor="D0N12" name="p78" srcActor="D0N5"/>
            <port dstActor="D0N36" name="p79" srcActor="D0N5"/>
            <port dstActor="D0N43" name="p80" srcActor="D0N35"/>
            <port dstActor="D0N39" name="p81" srcActor="D0N35"/>
            <port dstActor="D0N46" name="p82" srcActor="D0N37"/>
            <port dstActor="D0N40" name="p83" srcActor="D0N37"/>
            <port dstActor="D0N26" name="p84" srcActor="D0N18"/>
            <port dstActor="D0N31" name="p85" srcActor="D0N18"/>
            <port dstActor="D0N36" name="p86" srcActor="D0N0"/>
            <port dstActor="D0N15" name="p87" srcActor="D0N0"/>
            <port dstActor="D0N26" name="p88" srcActor="D0N0"/>
            <port dstActor="D0N11" name="p89" srcActor="D0N0"/>
            <port dstActor="D0N14" name="p90" srcActor="D0N0"/>
            <port dstActor="D0N46" name="p91" srcActor="D0N34"/>
            <port dstActor="D0N45" name="p92" srcActor="D0N41"/>
            <port dstActor="D0N24" name="p93" srcActor="D0N16"/>
            <port dstActor="D0N17" name="p94" srcActor="D0N16"/>
            <port dstActor="D0N18" name="p95" srcActor="D0N16"/>
            <port dstActor="D0N7" name="p96" srcActor="D0N2"/>
            <port dstActor="D0N41" name="p97" srcActor="D0N2"/>
            <port dstActor="D0N18" name="p98" srcActor="D0N2"/>
            <port dstActor="D0N28" name="p99" srcActor="D0N2"/>
            <port dstActor="D0N17" name="p100" srcActor="D0N2"/>
            <port dstActor="D0N33" name="p101" srcActor="D0N2"/>
            <port dstActor="D0N14" name="p102" srcActor="D0N2"/>
            <port dstActor="D0N48" name="p103" srcActor="D0N2"/>
            <port dstActor="D0N15" name="p104" srcActor="D0N14"/>
            <port dstActor="D0N22" name="p105" srcActor="D0N14"/>
            <port dstActor="D0N20" name="p106" srcActor="D0N14"/>
            <port dstActor="D0N33" name="p107" srcActor="D0N29"/>
            <port dstActor="D0N41" name="p108" srcActor="D0N29"/>
            <port dstActor="D0N46" name="p109" srcActor="D0N29"/>
        </ports>
    </mcdag>
    <cores number="2"/>
    <levels number="2"/>
</mcsystem>
