<?xml version="1.0" encoding="UTF-8" standalone="no"?>
<mcsystem>
    <mcdag deadline="2500" name="genned-0-ed-10.0-0">
        <actor name="D0N44">
            <wcet number="0">10</wcet>
            <wcet number="1">100</wcet>
            <maxpow number="0.25148499057573903"/>
            <maxpow number="0.25148499057573903"/>
            <fprob>0.0</fprob>
        </actor>
        <actor name="D0N22">
            <wcet number="0">20</wcet>
            <wcet number="1">270</wcet>
            <maxpow number="0.5550994475995559"/>
            <maxpow number="0.5550994475995559"/>
            <fprob>0.0</fprob>
        </actor>
        <actor name="D0N29">
            <wcet number="0">20</wcet>
            <wcet number="1">20</wcet>
            <maxpow number="0.3910009105917327"/>
            <maxpow number="0.3910009105917327"/>
            <fprob>0.0</fprob>
        </actor>
        <actor name="D0N30">
            <wcet number="0">30</wcet>
            <wcet number="1">70</wcet>
            <maxpow number="0.6533777147357702"/>
            <maxpow number="0.6533777147357702"/>
            <fprob>0.0</fprob>
        </actor>
        <actor name="D0N9">
            <wcet number="0">20</wcet>
            <wcet number="1">80</wcet>
            <maxpow number="0.4501992423079867"/>
            <maxpow number="0.4501992423079867"/>
            <fprob>0.0</fprob>
        </actor>
        <actor name="D0N15">
            <wcet number="0">20</wcet>
            <wcet number="1">30</wcet>
            <maxpow number="0.4638589164945959"/>
            <maxpow number="0.4638589164945959"/>
            <fprob>0.0</fprob>
        </actor>
        <actor name="D0N33">
            <wcet number="0">30</wcet>
            <wcet number="1">30</wcet>
            <maxpow number="0.2494672628589859"/>
            <maxpow number="0.2494672628589859"/>
            <fprob>0.0</fprob>
        </actor>
        <actor name="D0N12">
            <wcet number="0">160</wcet>
            <wcet number="1">260</wcet>
            <maxpow number="0.4790449688144347"/>
            <maxpow number="0.4790449688144347"/>
            <fprob>0.0</fprob>
        </actor>
        <actor name="D0N13">
            <wcet number="0">50</wcet>
            <wcet number="1">80</wcet>
            <maxpow number="0.3113598903360095"/>
            <maxpow number="0.3113598903360095"/>
            <fprob>0.0</fprob>
        </actor>
        <actor name="D0N39">
            <wcet number="0">200</wcet>
            <wcet number="1">240</wcet>
            <maxpow number="0.5264598661844457"/>
            <maxpow number="0.5264598661844457"/>
            <fprob>0.0</fprob>
        </actor>
        <actor name="D0N40">
            <wcet number="0">460</wcet>
            <wcet number="1">490</wcet>
            <maxpow number="0.12212446179353709"/>
            <maxpow number="0.12212446179353709"/>
            <fprob>0.0</fprob>
        </actor>
        <actor name="D0N45">
            <wcet number="0">20</wcet>
            <wcet number="1">40</wcet>
            <maxpow number="0.8685621914018049"/>
            <maxpow number="0.8685621914018049"/>
            <fprob>0.0</fprob>
        </actor>
        <actor name="D0N0">
            <wcet number="0">20</wcet>
            <wcet number="1">50</wcet>
            <maxpow number="0.38641306925799884"/>
            <maxpow number="0.38641306925799884"/>
            <fprob>0.0</fprob>
        </actor>
        <actor name="D0N8">
            <wcet number="0">90</wcet>
            <wcet number="1">100</wcet>
            <maxpow number="0.9860472443477539"/>
            <maxpow number="0.9860472443477539"/>
            <fprob>0.0</fprob>
        </actor>
        <actor name="D0N47">
            <wcet number="0">90</wcet>
            <wcet number="1">490</wcet>
            <maxpow number="0.49718315985725936"/>
            <maxpow number="0.49718315985725936"/>
            <fprob>0.0</fprob>
        </actor>
        <actor name="D0N4">
            <wcet number="0">10</wcet>
            <wcet number="1">40</wcet>
            <maxpow number="0.520731148875354"/>
            <maxpow number="0.520731148875354"/>
            <fprob>0.0</fprob>
        </actor>
        <actor name="D0N25">
            <wcet number="0">120</wcet>
            <wcet number="1">130</wcet>
            <maxpow number="0.7804016447570485"/>
            <maxpow number="0.7804016447570485"/>
            <fprob>0.0</fprob>
        </actor>
        <actor name="D0N3">
            <wcet number="0">20</wcet>
            <wcet number="1">30</wcet>
            <maxpow number="0.48303038040367413"/>
            <maxpow number="0.48303038040367413"/>
            <fprob>0.0</fprob>
        </actor>
        <actor name="D0N2">
            <wcet number="0">60</wcet>
            <wcet number="1">70</wcet>
            <maxpow number="0.6041686775446093"/>
            <maxpow number="0.6041686775446093"/>
            <fprob>0.0</fprob>
        </actor>
        <actor name="D0N1">
            <wcet number="0">50</wcet>
            <wcet number="1">50</wcet>
            <maxpow number="0.7124493031721572"/>
            <maxpow number="0.7124493031721572"/>
            <fprob>0.0</fprob>
        </actor>
        <actor name="D0N17">
            <wcet number="0">60</wcet>
            <wcet number="1">60</wcet>
            <maxpow number="0.5642604726050516"/>
            <maxpow number="0.5642604726050516"/>
            <fprob>0.0</fprob>
        </actor>
        <actor name="D0N21">
            <wcet number="0">30</wcet>
            <wcet number="1">60</wcet>
            <maxpow number="0.23450073845537583"/>
            <maxpow number="0.23450073845537583"/>
            <fprob>0.0</fprob>
        </actor>
        <actor name="D0N42">
            <wcet number="0">40</wcet>
            <wcet number="1">40</wcet>
            <maxpow number="0.5013349275257569"/>
            <maxpow number="0.5013349275257569"/>
            <fprob>0.0</fprob>
        </actor>
        <actor name="D0N32">
            <wcet number="0">10</wcet>
            <wcet number="1">10</wcet>
            <maxpow number="0.49447556019906946"/>
            <maxpow number="0.49447556019906946"/>
            <fprob>0.0</fprob>
        </actor>
        <actor name="D0N34">
            <wcet number="0">170</wcet>
            <wcet number="1">170</wcet>
            <maxpow number="0.7586292767348435"/>
            <maxpow number="0.7586292767348435"/>
            <fprob>0.0</fprob>
        </actor>
        <actor name="D0N31">
            <wcet number="0">20</wcet>
            <wcet number="1">20</wcet>
            <maxpow number="0.4840524911766305"/>
            <maxpow number="0.4840524911766305"/>
            <fprob>0.0</fprob>
        </actor>
        <actor name="D0N10">
            <wcet number="0">120</wcet>
            <wcet number="1">130</wcet>
            <maxpow number="0.7100999265607781"/>
            <maxpow number="0.7100999265607781"/>
            <fprob>0.0</fprob>
        </actor>
        <actor name="D0N37">
            <wcet number="0">20</wcet>
            <wcet number="1">30</wcet>
            <maxpow number="0.6820139920571451"/>
            <maxpow number="0.6820139920571451"/>
            <fprob>0.0</fprob>
        </actor>
        <actor name="D0N20">
            <wcet number="0">20</wcet>
            <wcet number="1">70</wcet>
            <maxpow number="0.47048022114728183"/>
            <maxpow number="0.47048022114728183"/>
            <fprob>0.0</fprob>
        </actor>
        <actor name="D0N46">
            <wcet number="0">220</wcet>
            <wcet number="1">230</wcet>
            <maxpow number="0.5902370749995249"/>
            <maxpow number="0.5902370749995249"/>
            <fprob>0.0</fprob>
        </actor>
        <actor name="D0N18">
            <wcet number="0">160</wcet>
            <wcet number="1">200</wcet>
            <maxpow number="1.0352362176846668"/>
            <maxpow number="1.0352362176846668"/>
            <fprob>0.0</fprob>
        </actor>
        <actor name="D0N5">
            <wcet number="0">20</wcet>
            <wcet number="1">20</wcet>
            <maxpow number="0.6256914094321901"/>
            <maxpow number="0.6256914094321901"/>
            <fprob>0.0</fprob>
        </actor>
        <actor name="D0N36">
            <wcet number="0">10</wcet>
            <wcet number="1">10</wcet>
            <maxpow number="0.6189147760098614"/>
            <maxpow number="0.6189147760098614"/>
            <fprob>0.0</fprob>
        </actor>
        <actor name="D0N14">
            <wcet number="0">10</wcet>
            <wcet number="1">10</wcet>
            <maxpow number="0.5922857776143392"/>
            <maxpow number="0.5922857776143392"/>
            <fprob>0.0</fprob>
        </actor>
        <actor name="D0N6">
            <wcet number="0">100</wcet>
            <wcet number="1">140</wcet>
            <maxpow number="0.37681594343927327"/>
            <maxpow number="0.37681594343927327"/>
            <fprob>0.0</fprob>
        </actor>
        <actor name="D0N41">
            <wcet number="0">90</wcet>
            <wcet number="1">90</wcet>
            <maxpow number="0.758602678795403"/>
            <maxpow number="0.758602678795403"/>
            <fprob>0.0</fprob>
        </actor>
        <actor name="D0N19">
            <wcet number="0">80</wcet>
            <wcet number="1">80</wcet>
            <maxpow number="0.7544473227324744"/>
            <maxpow number="0.7544473227324744"/>
            <fprob>0.0</fprob>
        </actor>
        <actor name="D0N24">
            <wcet number="0">40</wcet>
            <wcet number="1">60</wcet>
            <maxpow number="0.30007950868057465"/>
            <maxpow number="0.30007950868057465"/>
            <fprob>0.0</fprob>
        </actor>
        <actor name="D0N27">
            <wcet number="0">10</wcet>
            <wcet number="1">10</wcet>
            <maxpow number="0.4361239355749505"/>
            <maxpow number="0.4361239355749505"/>
            <fprob>0.0</fprob>
        </actor>
        <actor name="D0N38">
            <wcet number="0">10</wcet>
            <wcet number="1">90</wcet>
            <maxpow number="0.7446051806195062"/>
            <maxpow number="0.7446051806195062"/>
            <fprob>0.0</fprob>
        </actor>
        <actor name="D0N35">
            <wcet number="0">170</wcet>
            <wcet number="1">220</wcet>
            <maxpow number="0.7031505456418089"/>
            <maxpow number="0.7031505456418089"/>
            <fprob>0.0</fprob>
        </actor>
        <actor name="D0N16">
            <wcet number="0">10</wcet>
            <wcet number="1">30</wcet>
            <maxpow number="0.42945908660561"/>
            <maxpow number="0.42945908660561"/>
            <fprob>0.0</fprob>
        </actor>
        <actor name="D0N26">
            <wcet number="0">10</wcet>
            <wcet number="1">10</wcet>
            <maxpow number="0.3769813367861432"/>
            <maxpow number="0.3769813367861432"/>
            <fprob>0.0</fprob>
        </actor>
        <actor name="D0N23">
            <wcet number="0">40</wcet>
            <wcet number="1">130</wcet>
            <maxpow number="0.48088155306767727"/>
            <maxpow number="0.48088155306767727"/>
            <fprob>0.0</fprob>
        </actor>
        <actor name="D0N11">
            <wcet number="0">80</wcet>
            <wcet number="1">330</wcet>
            <maxpow number="0.4860335305312251"/>
            <maxpow number="0.4860335305312251"/>
            <fprob>0.0</fprob>
        </actor>
        <actor name="D0N7">
            <wcet number="0">100</wcet>
            <wcet number="1">240</wcet>
            <maxpow number="0.19237467602224362"/>
            <maxpow number="0.19237467602224362"/>
            <fprob>0.0</fprob>
        </actor>
        <actor name="D0N43">
            <wcet number="0">10</wcet>
            <wcet number="1">10</wcet>
            <maxpow number="0.5274014616376946"/>
            <maxpow number="0.5274014616376946"/>
            <fprob>0.0</fprob>
        </actor>
        <actor name="D0N28">
            <wcet number="0">10</wcet>
            <wcet number="1">80</wcet>
            <maxpow number="0.34547400144340545"/>
            <maxpow number="0.34547400144340545"/>
            <fprob>0.0</fprob>
        </actor>
        <ports>
            <port dstActor="D0N33" name="p0" srcActor="D0N22"/>
            <port dstActor="D0N32" name="p1" srcActor="D0N22"/>
            <port dstActor="D0N33" name="p2" srcActor="D0N30"/>
            <port dstActor="D0N35" name="p3" srcActor="D0N9"/>
            <port dstActor="D0N45" name="p4" srcActor="D0N9"/>
            <port dstActor="D0N47" name="p5" srcActor="D0N9"/>
            <port dstActor="D0N10" name="p6" srcActor="D0N9"/>
            <port dstActor="D0N12" name="p7" srcActor="D0N9"/>
            <port dstActor="D0N22" name="p8" srcActor="D0N9"/>
            <port dstActor="D0N26" name="p9" srcActor="D0N9"/>
            <port dstActor="D0N40" name="p10" srcActor="D0N15"/>
            <port dstActor="D0N41" name="p11" srcActor="D0N33"/>
            <port dstActor="D0N44" name="p12" srcActor="D0N12"/>
            <port dstActor="D0N14" name="p13" srcActor="D0N12"/>
            <port dstActor="D0N41" name="p14" srcActor="D0N12"/>
            <port dstActor="D0N19" name="p15" srcActor="D0N12"/>
            <port dstActor="D0N23" name="p16" srcActor="D0N12"/>
            <port dstActor="D0N18" name="p17" srcActor="D0N12"/>
            <port dstActor="D0N38" name="p18" srcActor="D0N12"/>
            <port dstActor="D0N21" name="p19" srcActor="D0N13"/>
            <port dstActor="D0N19" name="p20" srcActor="D0N13"/>
            <port dstActor="D0N34" name="p21" srcActor="D0N13"/>
            <port dstActor="D0N40" name="p22" srcActor="D0N39"/>
            <port dstActor="D0N41" name="p23" srcActor="D0N39"/>
            <port dstActor="D0N46" name="p24" srcActor="D0N40"/>
            <port dstActor="D0N10" name="p25" srcActor="D0N0"/>
            <port dstActor="D0N42" name="p26" srcActor="D0N0"/>
            <port dstActor="D0N2" name="p27" srcActor="D0N0"/>
            <port dstActor="D0N47" name="p28" srcActor="D0N0"/>
            <port dstActor="D0N9" name="p29" srcActor="D0N0"/>
            <port dstActor="D0N21" name="p30" srcActor="D0N8"/>
            <port dstActor="D0N19" name="p31" srcActor="D0N4"/>
            <port dstActor="D0N12" name="p32" srcActor="D0N4"/>
            <port dstActor="D0N44" name="p33" srcActor="D0N4"/>
            <port dstActor="D0N9" name="p34" srcActor="D0N4"/>
            <port dstActor="D0N44" name="p35" srcActor="D0N25"/>
            <port dstActor="D0N8" name="p36" srcActor="D0N3"/>
            <port dstActor="D0N34" name="p37" srcActor="D0N3"/>
            <port dstActor="D0N32" name="p38" srcActor="D0N3"/>
            <port dstActor="D0N23" name="p39" srcActor="D0N3"/>
            <port dstActor="D0N30" name="p40" srcActor="D0N3"/>
            <port dstActor="D0N25" name="p41" srcActor="D0N3"/>
            <port dstActor="D0N32" name="p42" srcActor="D0N2"/>
            <port dstActor="D0N24" name="p43" srcActor="D0N2"/>
            <port dstActor="D0N15" name="p44" srcActor="D0N2"/>
            <port dstActor="D0N26" name="p45" srcActor="D0N2"/>
            <port dstActor="D0N46" name="p46" srcActor="D0N1"/>
            <port dstActor="D0N11" name="p47" srcActor="D0N1"/>
            <port dstActor="D0N5" name="p48" srcActor="D0N1"/>
            <port dstActor="D0N21" name="p49" srcActor="D0N1"/>
            <port dstActor="D0N32" name="p50" srcActor="D0N1"/>
            <port dstActor="D0N41" name="p51" srcActor="D0N1"/>
            <port dstActor="D0N36" name="p52" srcActor="D0N1"/>
            <port dstActor="D0N45" name="p53" srcActor="D0N1"/>
            <port dstActor="D0N38" name="p54" srcActor="D0N1"/>
            <port dstActor="D0N24" name="p55" srcActor="D0N1"/>
            <port dstActor="D0N22" name="p56" srcActor="D0N17"/>
            <port dstActor="D0N31" name="p57" srcActor="D0N21"/>
            <port dstActor="D0N45" name="p58" srcActor="D0N21"/>
            <port dstActor="D0N46" name="p59" srcActor="D0N21"/>
            <port dstActor="D0N27" name="p60" srcActor="D0N21"/>
            <port dstActor="D0N38" name="p61" srcActor="D0N21"/>
            <port dstActor="D0N47" name="p62" srcActor="D0N42"/>
            <port dstActor="D0N43" name="p63" srcActor="D0N42"/>
            <port dstActor="D0N35" name="p64" srcActor="D0N32"/>
            <port dstActor="D0N42" name="p65" srcActor="D0N32"/>
            <port dstActor="D0N45" name="p66" srcActor="D0N32"/>
            <port dstActor="D0N43" name="p67" srcActor="D0N34"/>
            <port dstActor="D0N30" name="p68" srcActor="D0N10"/>
            <port dstActor="D0N17" name="p69" srcActor="D0N10"/>
            <port dstActor="D0N41" name="p70" srcActor="D0N37"/>
            <port dstActor="D0N28" name="p71" srcActor="D0N20"/>
            <port dstActor="D0N21" name="p72" srcActor="D0N20"/>
            <port dstActor="D0N24" name="p73" srcActor="D0N20"/>
            <port dstActor="D0N44" name="p74" srcActor="D0N20"/>
            <port dstActor="D0N26" name="p75" srcActor="D0N20"/>
            <port dstActor="D0N26" name="p76" srcActor="D0N18"/>
            <port dstActor="D0N35" name="p77" srcActor="D0N18"/>
            <port dstActor="D0N43" name="p78" srcActor="D0N18"/>
            <port dstActor="D0N31" name="p79" srcActor="D0N5"/>
            <port dstActor="D0N39" name="p80" srcActor="D0N5"/>
            <port dstActor="D0N37" name="p81" srcActor="D0N5"/>
            <port dstActor="D0N36" name="p82" srcActor="D0N5"/>
            <port dstActor="D0N17" name="p83" srcActor="D0N5"/>
            <port dstActor="D0N38" name="p84" srcActor="D0N36"/>
            <port dstActor="D0N28" name="p85" srcActor="D0N14"/>
            <port dstActor="D0N45" name="p86" srcActor="D0N14"/>
            <port dstActor="D0N40" name="p87" srcActor="D0N14"/>
            <port dstActor="D0N35" name="p88" srcActor="D0N14"/>
            <port dstActor="D0N27" name="p89" srcActor="D0N14"/>
            <port dstActor="D0N30" name="p90" srcActor="D0N14"/>
            <port dstActor="D0N38" name="p91" srcActor="D0N14"/>
            <port dstActor="D0N43" name="p92" srcActor="D0N6"/>
            <port dstActor="D0N21" name="p93" srcActor="D0N6"/>
            <port dstActor="D0N25" name="p94" srcActor="D0N6"/>
            <port dstActor="D0N45" name="p95" srcActor="D0N19"/>
            <port dstActor="D0N40" name="p96" srcActor="D0N24"/>
            <port dstActor="D0N44" name="p97" srcActor="D0N27"/>
            <port dstActor="D0N39" name="p98" srcActor="D0N27"/>
            <port dstActor="D0N40" name="p99" srcActor="D0N38"/>
            <port dstActor="D0N45" name="p100" srcActor="D0N38"/>
            <port dstActor="D0N46" name="p101" srcActor="D0N38"/>
            <port dstActor="D0N39" name="p102" srcActor="D0N35"/>
            <port dstActor="D0N36" name="p103" srcActor="D0N35"/>
            <port dstActor="D0N40" name="p104" srcActor="D0N35"/>
            <port dstActor="D0N47" name="p105" srcActor="D0N16"/>
            <port dstActor="D0N26" name="p106" srcActor="D0N16"/>
            <port dstActor="D0N27" name="p107" srcActor="D0N16"/>
            <port dstActor="D0N44" name="p108" srcActor="D0N26"/>
            <port dstActor="D0N31" name="p109" srcActor="D0N26"/>
            <port dstActor="D0N33" name="p110" srcActor="D0N23"/>
            <port dstActor="D0N36" name="p111" srcActor="D0N23"/>
            <port dstActor="D0N39" name="p112" srcActor="D0N11"/>
            <port dstActor="D0N25" name="p113" srcActor="D0N11"/>
            <port dstActor="D0N38" name="p114" srcActor="D0N11"/>
            <port dstActor="D0N46" name="p115" srcActor="D0N11"/>
            <port dstActor="D0N38" name="p116" srcActor="D0N7"/>
            <port dstActor="D0N27" name="p117" srcActor="D0N7"/>
            <port dstActor="D0N43" name="p118" srcActor="D0N7"/>
            <port dstActor="D0N34" name="p119" srcActor="D0N28"/>
            <port dstActor="D0N43" name="p120" srcActor="D0N28"/>
            <port dstActor="D0N37" name="p121" srcActor="D0N28"/>
        </ports>
    </mcdag>
    <cores number="3"/>
    <levels number="2"/>
</mcsystem>
