<?xml version="1.0" encoding="UTF-8" standalone="no"?>
<mcsystem>
    <mcdag deadline="3000" name="genned-0-ed-10.0-0">
        <actor name="D0N1">
            <wcet number="0">20</wcet>
            <wcet number="1">60</wcet>
            <maxpow number="0.5569003914217734"/>
            <maxpow number="0.5569003914217734"/>
            <fprob>0.0</fprob>
        </actor>
        <actor name="D0N3">
            <wcet number="0">30</wcet>
            <wcet number="1">90</wcet>
            <maxpow number="0.5593528262604333"/>
            <maxpow number="0.5593528262604333"/>
            <fprob>0.0</fprob>
        </actor>
        <actor name="D0N34">
            <wcet number="0">30</wcet>
            <wcet number="1">30</wcet>
            <maxpow number="0.7140969099356965"/>
            <maxpow number="0.7140969099356965"/>
            <fprob>0.0</fprob>
        </actor>
        <actor name="D0N7">
            <wcet number="0">210</wcet>
            <wcet number="1">370</wcet>
            <maxpow number="0.8426371775125845"/>
            <maxpow number="0.8426371775125845"/>
            <fprob>0.0</fprob>
        </actor>
        <actor name="D0N48">
            <wcet number="0">90</wcet>
            <wcet number="1">90</wcet>
            <maxpow number="0.6869072937680997"/>
            <maxpow number="0.6869072937680997"/>
            <fprob>0.0</fprob>
        </actor>
        <actor name="D0N45">
            <wcet number="0">10</wcet>
            <wcet number="1">50</wcet>
            <maxpow number="0.48310107102422106"/>
            <maxpow number="0.48310107102422106"/>
            <fprob>0.0</fprob>
        </actor>
        <actor name="D0N12">
            <wcet number="0">80</wcet>
            <wcet number="1">310</wcet>
            <maxpow number="0.11950121525770535"/>
            <maxpow number="0.11950121525770535"/>
            <fprob>0.0</fprob>
        </actor>
        <actor name="D0N9">
            <wcet number="0">10</wcet>
            <wcet number="1">70</wcet>
            <maxpow number="0.6893942291585229"/>
            <maxpow number="0.6893942291585229"/>
            <fprob>0.0</fprob>
        </actor>
        <actor name="D0N24">
            <wcet number="0">10</wcet>
            <wcet number="1">60</wcet>
            <maxpow number="0.8032887986447729"/>
            <maxpow number="0.8032887986447729"/>
            <fprob>0.0</fprob>
        </actor>
        <actor name="D0N47">
            <wcet number="0">90</wcet>
            <wcet number="1">120</wcet>
            <maxpow number="0.6822347265996211"/>
            <maxpow number="0.6822347265996211"/>
            <fprob>0.0</fprob>
        </actor>
        <actor name="D0N44">
            <wcet number="0">10</wcet>
            <wcet number="1">490</wcet>
            <maxpow number="0.6746565628372239"/>
            <maxpow number="0.6746565628372239"/>
            <fprob>0.0</fprob>
        </actor>
        <actor name="D0N37">
            <wcet number="0">30</wcet>
            <wcet number="1">40</wcet>
            <maxpow number="0.5480202025562563"/>
            <maxpow number="0.5480202025562563"/>
            <fprob>0.0</fprob>
        </actor>
        <actor name="D0N36">
            <wcet number="0">10</wcet>
            <wcet number="1">20</wcet>
            <maxpow number="0.36979674203721863"/>
            <maxpow number="0.36979674203721863"/>
            <fprob>0.0</fprob>
        </actor>
        <actor name="D0N11">
            <wcet number="0">10</wcet>
            <wcet number="1">10</wcet>
            <maxpow number="0.571748231389141"/>
            <maxpow number="0.571748231389141"/>
            <fprob>0.0</fprob>
        </actor>
        <actor name="D0N33">
            <wcet number="0">110</wcet>
            <wcet number="1">510</wcet>
            <maxpow number="0.8357710014267121"/>
            <maxpow number="0.8357710014267121"/>
            <fprob>0.0</fprob>
        </actor>
        <actor name="D0N26">
            <wcet number="0">30</wcet>
            <wcet number="1">40</wcet>
            <maxpow number="0.5160008298130176"/>
            <maxpow number="0.5160008298130176"/>
            <fprob>0.0</fprob>
        </actor>
        <actor name="D0N23">
            <wcet number="0">110</wcet>
            <wcet number="1">120</wcet>
            <maxpow number="0.4513915319196644"/>
            <maxpow number="0.4513915319196644"/>
            <fprob>0.0</fprob>
        </actor>
        <actor name="D0N32">
            <wcet number="0">240</wcet>
            <wcet number="1">390</wcet>
            <maxpow number="0.7452865153780865"/>
            <maxpow number="0.7452865153780865"/>
            <fprob>0.0</fprob>
        </actor>
        <actor name="D0N43">
            <wcet number="0">10</wcet>
            <wcet number="1">20</wcet>
            <maxpow number="0.33107598713617237"/>
            <maxpow number="0.33107598713617237"/>
            <fprob>0.0</fprob>
        </actor>
        <actor name="D0N16">
            <wcet number="0">60</wcet>
            <wcet number="1">140</wcet>
            <maxpow number="0.5157222953659379"/>
            <maxpow number="0.5157222953659379"/>
            <fprob>0.0</fprob>
        </actor>
        <actor name="D0N6">
            <wcet number="0">230</wcet>
            <wcet number="1">240</wcet>
            <maxpow number="0.5968600250300334"/>
            <maxpow number="0.5968600250300334"/>
            <fprob>0.0</fprob>
        </actor>
        <actor name="D0N0">
            <wcet number="0">30</wcet>
            <wcet number="1">370</wcet>
            <maxpow number="0.8048093443381059"/>
            <maxpow number="0.8048093443381059"/>
            <fprob>0.0</fprob>
        </actor>
        <actor name="D0N27">
            <wcet number="0">20</wcet>
            <wcet number="1">60</wcet>
            <maxpow number="0.7927352232836"/>
            <maxpow number="0.7927352232836"/>
            <fprob>0.0</fprob>
        </actor>
        <actor name="D0N20">
            <wcet number="0">10</wcet>
            <wcet number="1">150</wcet>
            <maxpow number="0.9328468021140623"/>
            <maxpow number="0.9328468021140623"/>
            <fprob>0.0</fprob>
        </actor>
        <actor name="D0N29">
            <wcet number="0">10</wcet>
            <wcet number="1">90</wcet>
            <maxpow number="0.41634501920251765"/>
            <maxpow number="0.41634501920251765"/>
            <fprob>0.0</fprob>
        </actor>
        <actor name="D0N46">
            <wcet number="0">160</wcet>
            <wcet number="1">190</wcet>
            <maxpow number="0.7577963485899823"/>
            <maxpow number="0.7577963485899823"/>
            <fprob>0.0</fprob>
        </actor>
        <actor name="D0N25">
            <wcet number="0">30</wcet>
            <wcet number="1">70</wcet>
            <maxpow number="0.0887004372949799"/>
            <maxpow number="0.0887004372949799"/>
            <fprob>0.0</fprob>
        </actor>
        <actor name="D0N40">
            <wcet number="0">80</wcet>
            <wcet number="1">710</wcet>
            <maxpow number="0.5152478781363243"/>
            <maxpow number="0.5152478781363243"/>
            <fprob>0.0</fprob>
        </actor>
        <actor name="D0N41">
            <wcet number="0">30</wcet>
            <wcet number="1">90</wcet>
            <maxpow number="0.6042605892407941"/>
            <maxpow number="0.6042605892407941"/>
            <fprob>0.0</fprob>
        </actor>
        <actor name="D0N5">
            <wcet number="0">20</wcet>
            <wcet number="1">40</wcet>
            <maxpow number="0.6020929305235521"/>
            <maxpow number="0.6020929305235521"/>
            <fprob>0.0</fprob>
        </actor>
        <actor name="D0N17">
            <wcet number="0">40</wcet>
            <wcet number="1">50</wcet>
            <maxpow number="0.41911414879796854"/>
            <maxpow number="0.41911414879796854"/>
            <fprob>0.0</fprob>
        </actor>
        <actor name="D0N15">
            <wcet number="0">60</wcet>
            <wcet number="1">70</wcet>
            <maxpow number="0.48583430062933686"/>
            <maxpow number="0.48583430062933686"/>
            <fprob>0.0</fprob>
        </actor>
        <actor name="D0N10">
            <wcet number="0">80</wcet>
            <wcet number="1">110</wcet>
            <maxpow number="0.4133129419089411"/>
            <maxpow number="0.4133129419089411"/>
            <fprob>0.0</fprob>
        </actor>
        <actor name="D0N18">
            <wcet number="0">90</wcet>
            <wcet number="1">260</wcet>
            <maxpow number="0.868438368843373"/>
            <maxpow number="0.868438368843373"/>
            <fprob>0.0</fprob>
        </actor>
        <actor name="D0N14">
            <wcet number="0">40</wcet>
            <wcet number="1">110</wcet>
            <maxpow number="0.29702562846644487"/>
            <maxpow number="0.29702562846644487"/>
            <fprob>0.0</fprob>
        </actor>
        <actor name="D0N21">
            <wcet number="0">10</wcet>
            <wcet number="1">10</wcet>
            <maxpow number="0.5599599103801457"/>
            <maxpow number="0.5599599103801457"/>
            <fprob>0.0</fprob>
        </actor>
        <actor name="D0N35">
            <wcet number="0">10</wcet>
            <wcet number="1">20</wcet>
            <maxpow number="0.6465152996247453"/>
            <maxpow number="0.6465152996247453"/>
            <fprob>0.0</fprob>
        </actor>
        <actor name="D0N22">
            <wcet number="0">90</wcet>
            <wcet number="1">130</wcet>
            <maxpow number="0.6986015121045183"/>
            <maxpow number="0.6986015121045183"/>
            <fprob>0.0</fprob>
        </actor>
        <actor name="D0N28">
            <wcet number="0">100</wcet>
            <wcet number="1">230</wcet>
            <maxpow number="0.7116120337017992"/>
            <maxpow number="0.7116120337017992"/>
            <fprob>0.0</fprob>
        </actor>
        <actor name="D0N19">
            <wcet number="0">360</wcet>
            <wcet number="1">440</wcet>
            <maxpow number="0.5820805846058883"/>
            <maxpow number="0.5820805846058883"/>
            <fprob>0.0</fprob>
        </actor>
        <actor name="D0N13">
            <wcet number="0">20</wcet>
            <wcet number="1">30</wcet>
            <maxpow number="0.7473857654026437"/>
            <maxpow number="0.7473857654026437"/>
            <fprob>0.0</fprob>
        </actor>
        <actor name="D0N8">
            <wcet number="0">20</wcet>
            <wcet number="1">270</wcet>
            <maxpow number="0.5443931257675351"/>
            <maxpow number="0.5443931257675351"/>
            <fprob>0.0</fprob>
        </actor>
        <actor name="D0N31">
            <wcet number="0">20</wcet>
            <wcet number="1">60</wcet>
            <maxpow number="0.39249506161999753"/>
            <maxpow number="0.39249506161999753"/>
            <fprob>0.0</fprob>
        </actor>
        <actor name="D0N4">
            <wcet number="0">30</wcet>
            <wcet number="1">200</wcet>
            <maxpow number="0.6366893640299864"/>
            <maxpow number="0.6366893640299864"/>
            <fprob>0.0</fprob>
        </actor>
        <actor name="D0N2">
            <wcet number="0">100</wcet>
            <wcet number="1">110</wcet>
            <maxpow number="0.4745385163752631"/>
            <maxpow number="0.4745385163752631"/>
            <fprob>0.0</fprob>
        </actor>
        <actor name="D0N30">
            <wcet number="0">60</wcet>
            <wcet number="1">70</wcet>
            <maxpow number="0.6754395850052342"/>
            <maxpow number="0.6754395850052342"/>
            <fprob>0.0</fprob>
        </actor>
        <actor name="D0N42">
            <wcet number="0">330</wcet>
            <wcet number="1">330</wcet>
            <maxpow number="0.4935425718362788"/>
            <maxpow number="0.4935425718362788"/>
            <fprob>0.0</fprob>
        </actor>
        <actor name="D0N38">
            <wcet number="0">10</wcet>
            <wcet number="1">20</wcet>
            <maxpow number="0.4438054647503522"/>
            <maxpow number="0.4438054647503522"/>
            <fprob>0.0</fprob>
        </actor>
        <actor name="D0N39">
            <wcet number="0">110</wcet>
            <wcet number="1">240</wcet>
            <maxpow number="0.5892889818722641"/>
            <maxpow number="0.5892889818722641"/>
            <fprob>0.0</fprob>
        </actor>
        <ports>
            <port dstActor="D0N10" name="p0" srcActor="D0N1"/>
            <port dstActor="D0N44" name="p1" srcActor="D0N1"/>
            <port dstActor="D0N5" name="p2" srcActor="D0N1"/>
            <port dstActor="D0N41" name="p3" srcActor="D0N1"/>
            <port dstActor="D0N36" name="p4" srcActor="D0N1"/>
            <port dstActor="D0N47" name="p5" srcActor="D0N1"/>
            <port dstActor="D0N26" name="p6" srcActor="D0N1"/>
            <port dstActor="D0N37" name="p7" srcActor="D0N1"/>
            <port dstActor="D0N45" name="p8" srcActor="D0N1"/>
            <port dstActor="D0N21" name="p9" srcActor="D0N3"/>
            <port dstActor="D0N10" name="p10" srcActor="D0N3"/>
            <port dstActor="D0N48" name="p11" srcActor="D0N3"/>
            <port dstActor="D0N28" name="p12" srcActor="D0N3"/>
            <port dstActor="D0N38" name="p13" srcActor="D0N34"/>
            <port dstActor="D0N17" name="p14" srcActor="D0N7"/>
            <port dstActor="D0N30" name="p15" srcActor="D0N7"/>
            <port dstActor="D0N45" name="p16" srcActor="D0N7"/>
            <port dstActor="D0N12" name="p17" srcActor="D0N7"/>
            <port dstActor="D0N36" name="p18" srcActor="D0N7"/>
            <port dstActor="D0N20" name="p19" srcActor="D0N7"/>
            <port dstActor="D0N20" name="p20" srcActor="D0N12"/>
            <port dstActor="D0N28" name="p21" srcActor="D0N12"/>
            <port dstActor="D0N33" name="p22" srcActor="D0N12"/>
            <port dstActor="D0N23" name="p23" srcActor="D0N9"/>
            <port dstActor="D0N48" name="p24" srcActor="D0N9"/>
            <port dstActor="D0N20" name="p25" srcActor="D0N9"/>
            <port dstActor="D0N32" name="p26" srcActor="D0N24"/>
            <port dstActor="D0N44" name="p27" srcActor="D0N24"/>
            <port dstActor="D0N44" name="p28" srcActor="D0N36"/>
            <port dstActor="D0N42" name="p29" srcActor="D0N36"/>
            <port dstActor="D0N33" name="p30" srcActor="D0N11"/>
            <port dstActor="D0N16" name="p31" srcActor="D0N11"/>
            <port dstActor="D0N30" name="p32" srcActor="D0N11"/>
            <port dstActor="D0N41" name="p33" srcActor="D0N33"/>
            <port dstActor="D0N45" name="p34" srcActor="D0N26"/>
            <port dstActor="D0N35" name="p35" srcActor="D0N23"/>
            <port dstActor="D0N43" name="p36" srcActor="D0N32"/>
            <port dstActor="D0N39" name="p37" srcActor="D0N32"/>
            <port dstActor="D0N41" name="p38" srcActor="D0N32"/>
            <port dstActor="D0N45" name="p39" srcActor="D0N43"/>
            <port dstActor="D0N47" name="p40" srcActor="D0N43"/>
            <port dstActor="D0N46" name="p41" srcActor="D0N16"/>
            <port dstActor="D0N32" name="p42" srcActor="D0N6"/>
            <port dstActor="D0N29" name="p43" srcActor="D0N6"/>
            <port dstActor="D0N40" name="p44" srcActor="D0N6"/>
            <port dstActor="D0N11" name="p45" srcActor="D0N0"/>
            <port dstActor="D0N9" name="p46" srcActor="D0N0"/>
            <port dstActor="D0N18" name="p47" srcActor="D0N0"/>
            <port dstActor="D0N37" name="p48" srcActor="D0N27"/>
            <port dstActor="D0N39" name="p49" srcActor="D0N27"/>
            <port dstActor="D0N44" name="p50" srcActor="D0N27"/>
            <port dstActor="D0N42" name="p51" srcActor="D0N27"/>
            <port dstActor="D0N43" name="p52" srcActor="D0N20"/>
            <port dstActor="D0N29" name="p53" srcActor="D0N20"/>
            <port dstActor="D0N32" name="p54" srcActor="D0N20"/>
            <port dstActor="D0N34" name="p55" srcActor="D0N29"/>
            <port dstActor="D0N44" name="p56" srcActor="D0N29"/>
            <port dstActor="D0N39" name="p57" srcActor="D0N29"/>
            <port dstActor="D0N47" name="p58" srcActor="D0N46"/>
            <port dstActor="D0N35" name="p59" srcActor="D0N25"/>
            <port dstActor="D0N47" name="p60" srcActor="D0N25"/>
            <port dstActor="D0N41" name="p61" srcActor="D0N25"/>
            <port dstActor="D0N33" name="p62" srcActor="D0N5"/>
            <port dstActor="D0N20" name="p63" srcActor="D0N5"/>
            <port dstActor="D0N21" name="p64" srcActor="D0N5"/>
            <port dstActor="D0N20" name="p65" srcActor="D0N17"/>
            <port dstActor="D0N32" name="p66" srcActor="D0N17"/>
            <port dstActor="D0N43" name="p67" srcActor="D0N17"/>
            <port dstActor="D0N37" name="p68" srcActor="D0N17"/>
            <port dstActor="D0N28" name="p69" srcActor="D0N15"/>
            <port dstActor="D0N40" name="p70" srcActor="D0N15"/>
            <port dstActor="D0N25" name="p71" srcActor="D0N15"/>
            <port dstActor="D0N48" name="p72" srcActor="D0N15"/>
            <port dstActor="D0N19" name="p73" srcActor="D0N10"/>
            <port dstActor="D0N36" name="p74" srcActor="D0N10"/>
            <port dstActor="D0N20" name="p75" srcActor="D0N10"/>
            <port dstActor="D0N26" name="p76" srcActor="D0N18"/>
            <port dstActor="D0N43" name="p77" srcActor="D0N18"/>
            <port dstActor="D0N34" name="p78" srcActor="D0N18"/>
            <port dstActor="D0N39" name="p79" srcActor="D0N18"/>
            <port dstActor="D0N29" name="p80" srcActor="D0N18"/>
            <port dstActor="D0N34" name="p81" srcActor="D0N14"/>
            <port dstActor="D0N22" name="p82" srcActor="D0N14"/>
            <port dstActor="D0N43" name="p83" srcActor="D0N14"/>
            <port dstActor="D0N47" name="p84" srcActor="D0N14"/>
            <port dstActor="D0N33" name="p85" srcActor="D0N14"/>
            <port dstActor="D0N24" name="p86" srcActor="D0N21"/>
            <port dstActor="D0N31" name="p87" srcActor="D0N21"/>
            <port dstActor="D0N42" name="p88" srcActor="D0N35"/>
            <port dstActor="D0N48" name="p89" srcActor="D0N35"/>
            <port dstActor="D0N40" name="p90" srcActor="D0N35"/>
            <port dstActor="D0N41" name="p91" srcActor="D0N35"/>
            <port dstActor="D0N37" name="p92" srcActor="D0N22"/>
            <port dstActor="D0N45" name="p93" srcActor="D0N22"/>
            <port dstActor="D0N34" name="p94" srcActor="D0N28"/>
            <port dstActor="D0N45" name="p95" srcActor="D0N28"/>
            <port dstActor="D0N42" name="p96" srcActor="D0N28"/>
            <port dstActor="D0N32" name="p97" srcActor="D0N28"/>
            <port dstActor="D0N43" name="p98" srcActor="D0N28"/>
            <port dstActor="D0N35" name="p99" srcActor="D0N19"/>
            <port dstActor="D0N24" name="p100" srcActor="D0N19"/>
            <port dstActor="D0N34" name="p101" srcActor="D0N19"/>
            <port dstActor="D0N37" name="p102" srcActor="D0N13"/>
            <port dstActor="D0N34" name="p103" srcActor="D0N13"/>
            <port dstActor="D0N43" name="p104" srcActor="D0N13"/>
            <port dstActor="D0N31" name="p105" srcActor="D0N13"/>
            <port dstActor="D0N19" name="p106" srcActor="D0N8"/>
            <port dstActor="D0N26" name="p107" srcActor="D0N8"/>
            <port dstActor="D0N36" name="p108" srcActor="D0N8"/>
            <port dstActor="D0N39" name="p109" srcActor="D0N31"/>
            <port dstActor="D0N10" name="p110" srcActor="D0N4"/>
            <port dstActor="D0N22" name="p111" srcActor="D0N4"/>
            <port dstActor="D0N18" name="p112" srcActor="D0N2"/>
            <port dstActor="D0N7" name="p113" srcActor="D0N2"/>
            <port dstActor="D0N48" name="p114" srcActor="D0N2"/>
            <port dstActor="D0N30" name="p115" srcActor="D0N2"/>
        </ports>
    </mcdag>
    <cores number="3"/>
    <levels number="2"/>
</mcsystem>
