<?xml version="1.0" encoding="UTF-8" standalone="no"?>
<mcsystem>
    <mcdag deadline="2500" name="genned-0-ed-10.0-0">
        <actor name="D0N19">
            <wcet number="0">20</wcet>
            <wcet number="1">50</wcet>
            <maxpow number="0.627879302859385"/>
            <maxpow number="0.627879302859385"/>
            <fprob>0.0</fprob>
        </actor>
        <actor name="D0N40">
            <wcet number="0">50</wcet>
            <wcet number="1">170</wcet>
            <maxpow number="0.7245717765771911"/>
            <maxpow number="0.7245717765771911"/>
            <fprob>0.0</fprob>
        </actor>
        <actor name="D0N45">
            <wcet number="0">470</wcet>
            <wcet number="1">530</wcet>
            <maxpow number="0.6631760052954749"/>
            <maxpow number="0.6631760052954749"/>
            <fprob>0.0</fprob>
        </actor>
        <actor name="D0N37">
            <wcet number="0">150</wcet>
            <wcet number="1">160</wcet>
            <maxpow number="0.6338113334434586"/>
            <maxpow number="0.6338113334434586"/>
            <fprob>0.0</fprob>
        </actor>
        <actor name="D0N13">
            <wcet number="0">10</wcet>
            <wcet number="1">40</wcet>
            <maxpow number="0.9336620037446366"/>
            <maxpow number="0.9336620037446366"/>
            <fprob>0.0</fprob>
        </actor>
        <actor name="D0N7">
            <wcet number="0">260</wcet>
            <wcet number="1">280</wcet>
            <maxpow number="0.5183178608770449"/>
            <maxpow number="0.5183178608770449"/>
            <fprob>0.0</fprob>
        </actor>
        <actor name="D0N25">
            <wcet number="0">10</wcet>
            <wcet number="1">10</wcet>
            <maxpow number="1.0800385724757906"/>
            <maxpow number="1.0800385724757906"/>
            <fprob>0.0</fprob>
        </actor>
        <actor name="D0N14">
            <wcet number="0">80</wcet>
            <wcet number="1">120</wcet>
            <maxpow number="0.6554633022440479"/>
            <maxpow number="0.6554633022440479"/>
            <fprob>0.0</fprob>
        </actor>
        <actor name="D0N48">
            <wcet number="0">60</wcet>
            <wcet number="1">290</wcet>
            <maxpow number="0.6964609693458305"/>
            <maxpow number="0.6964609693458305"/>
            <fprob>0.0</fprob>
        </actor>
        <actor name="D0N2">
            <wcet number="0">100</wcet>
            <wcet number="1">310</wcet>
            <maxpow number="0.5672404626285199"/>
            <maxpow number="0.5672404626285199"/>
            <fprob>0.0</fprob>
        </actor>
        <actor name="D0N43">
            <wcet number="0">20</wcet>
            <wcet number="1">430</wcet>
            <maxpow number="0.6643559695618715"/>
            <maxpow number="0.6643559695618715"/>
            <fprob>0.0</fprob>
        </actor>
        <actor name="D0N36">
            <wcet number="0">30</wcet>
            <wcet number="1">150</wcet>
            <maxpow number="0.44313958803685816"/>
            <maxpow number="0.44313958803685816"/>
            <fprob>0.0</fprob>
        </actor>
        <actor name="D0N6">
            <wcet number="0">20</wcet>
            <wcet number="1">60</wcet>
            <maxpow number="0.6879595468952722"/>
            <maxpow number="0.6879595468952722"/>
            <fprob>0.0</fprob>
        </actor>
        <actor name="D0N47">
            <wcet number="0">150</wcet>
            <wcet number="1">520</wcet>
            <maxpow number="0.4552414328858576"/>
            <maxpow number="0.4552414328858576"/>
            <fprob>0.0</fprob>
        </actor>
        <actor name="D0N26">
            <wcet number="0">40</wcet>
            <wcet number="1">50</wcet>
            <maxpow number="0.6824003595438122"/>
            <maxpow number="0.6824003595438122"/>
            <fprob>0.0</fprob>
        </actor>
        <actor name="D0N33">
            <wcet number="0">30</wcet>
            <wcet number="1">50</wcet>
            <maxpow number="0.49517125011921664"/>
            <maxpow number="0.49517125011921664"/>
            <fprob>0.0</fprob>
        </actor>
        <actor name="D0N0">
            <wcet number="0">10</wcet>
            <wcet number="1">40</wcet>
            <maxpow number="0.4925974943601869"/>
            <maxpow number="0.4925974943601869"/>
            <fprob>0.0</fprob>
        </actor>
        <actor name="D0N41">
            <wcet number="0">150</wcet>
            <wcet number="1">330</wcet>
            <maxpow number="0.6095545390677022"/>
            <maxpow number="0.6095545390677022"/>
            <fprob>0.0</fprob>
        </actor>
        <actor name="D0N1">
            <wcet number="0">80</wcet>
            <wcet number="1">90</wcet>
            <maxpow number="0.5367229214378546"/>
            <maxpow number="0.5367229214378546"/>
            <fprob>0.0</fprob>
        </actor>
        <actor name="D0N5">
            <wcet number="0">90</wcet>
            <wcet number="1">90</wcet>
            <maxpow number="0.7988128073577551"/>
            <maxpow number="0.7988128073577551"/>
            <fprob>0.0</fprob>
        </actor>
        <actor name="D0N31">
            <wcet number="0">10</wcet>
            <wcet number="1">10</wcet>
            <maxpow number="0.7713053138822524"/>
            <maxpow number="0.7713053138822524"/>
            <fprob>0.0</fprob>
        </actor>
        <actor name="D0N27">
            <wcet number="0">60</wcet>
            <wcet number="1">70</wcet>
            <maxpow number="0.4004880909358314"/>
            <maxpow number="0.4004880909358314"/>
            <fprob>0.0</fprob>
        </actor>
        <actor name="D0N3">
            <wcet number="0">30</wcet>
            <wcet number="1">40</wcet>
            <maxpow number="0.4243596986204856"/>
            <maxpow number="0.4243596986204856"/>
            <fprob>0.0</fprob>
        </actor>
        <actor name="D0N39">
            <wcet number="0">80</wcet>
            <wcet number="1">90</wcet>
            <maxpow number="0.5555155439352044"/>
            <maxpow number="0.5555155439352044"/>
            <fprob>0.0</fprob>
        </actor>
        <actor name="D0N10">
            <wcet number="0">110</wcet>
            <wcet number="1">110</wcet>
            <maxpow number="0.530129941677035"/>
            <maxpow number="0.530129941677035"/>
            <fprob>0.0</fprob>
        </actor>
        <actor name="D0N46">
            <wcet number="0">250</wcet>
            <wcet number="1">320</wcet>
            <maxpow number="0.60010892773059"/>
            <maxpow number="0.60010892773059"/>
            <fprob>0.0</fprob>
        </actor>
        <actor name="D0N32">
            <wcet number="0">80</wcet>
            <wcet number="1">80</wcet>
            <maxpow number="0.6724312125716588"/>
            <maxpow number="0.6724312125716588"/>
            <fprob>0.0</fprob>
        </actor>
        <actor name="D0N35">
            <wcet number="0">120</wcet>
            <wcet number="1">150</wcet>
            <maxpow number="0.5802841222242802"/>
            <maxpow number="0.5802841222242802"/>
            <fprob>0.0</fprob>
        </actor>
        <actor name="D0N9">
            <wcet number="0">110</wcet>
            <wcet number="1">170</wcet>
            <maxpow number="0.6524564996256117"/>
            <maxpow number="0.6524564996256117"/>
            <fprob>0.0</fprob>
        </actor>
        <actor name="D0N24">
            <wcet number="0">100</wcet>
            <wcet number="1">110</wcet>
            <maxpow number="0.5513236105452737"/>
            <maxpow number="0.5513236105452737"/>
            <fprob>0.0</fprob>
        </actor>
        <actor name="D0N29">
            <wcet number="0">40</wcet>
            <wcet number="1">70</wcet>
            <maxpow number="0.6755953546263418"/>
            <maxpow number="0.6755953546263418"/>
            <fprob>0.0</fprob>
        </actor>
        <actor name="D0N38">
            <wcet number="0">20</wcet>
            <wcet number="1">30</wcet>
            <maxpow number="0.5888472358618919"/>
            <maxpow number="0.5888472358618919"/>
            <fprob>0.0</fprob>
        </actor>
        <actor name="D0N21">
            <wcet number="0">80</wcet>
            <wcet number="1">130</wcet>
            <maxpow number="0.47209312729747965"/>
            <maxpow number="0.47209312729747965"/>
            <fprob>0.0</fprob>
        </actor>
        <actor name="D0N8">
            <wcet number="0">70</wcet>
            <wcet number="1">80</wcet>
            <maxpow number="0.6860875524891878"/>
            <maxpow number="0.6860875524891878"/>
            <fprob>0.0</fprob>
        </actor>
        <actor name="D0N23">
            <wcet number="0">90</wcet>
            <wcet number="1">170</wcet>
            <maxpow number="0.4268375987714196"/>
            <maxpow number="0.4268375987714196"/>
            <fprob>0.0</fprob>
        </actor>
        <actor name="D0N44">
            <wcet number="0">130</wcet>
            <wcet number="1">170</wcet>
            <maxpow number="0.3770123540838487"/>
            <maxpow number="0.3770123540838487"/>
            <fprob>0.0</fprob>
        </actor>
        <actor name="D0N16">
            <wcet number="0">80</wcet>
            <wcet number="1">90</wcet>
            <maxpow number="0.6563291182401586"/>
            <maxpow number="0.6563291182401586"/>
            <fprob>0.0</fprob>
        </actor>
        <actor name="D0N18">
            <wcet number="0">10</wcet>
            <wcet number="1">50</wcet>
            <maxpow number="0.6199112477664543"/>
            <maxpow number="0.6199112477664543"/>
            <fprob>0.0</fprob>
        </actor>
        <actor name="D0N11">
            <wcet number="0">100</wcet>
            <wcet number="1">200</wcet>
            <maxpow number="0.2499921213125782"/>
            <maxpow number="0.2499921213125782"/>
            <fprob>0.0</fprob>
        </actor>
        <actor name="D0N12">
            <wcet number="0">70</wcet>
            <wcet number="1">70</wcet>
            <maxpow number="0.6922172545088725"/>
            <maxpow number="0.6922172545088725"/>
            <fprob>0.0</fprob>
        </actor>
        <actor name="D0N17">
            <wcet number="0">100</wcet>
            <wcet number="1">110</wcet>
            <maxpow number="0.6573862817596331"/>
            <maxpow number="0.6573862817596331"/>
            <fprob>0.0</fprob>
        </actor>
        <actor name="D0N15">
            <wcet number="0">30</wcet>
            <wcet number="1">70</wcet>
            <maxpow number="0.7574250327860135"/>
            <maxpow number="0.7574250327860135"/>
            <fprob>0.0</fprob>
        </actor>
        <actor name="D0N34">
            <wcet number="0">10</wcet>
            <wcet number="1">10</wcet>
            <maxpow number="0.5142957816625696"/>
            <maxpow number="0.5142957816625696"/>
            <fprob>0.0</fprob>
        </actor>
        <actor name="D0N22">
            <wcet number="0">130</wcet>
            <wcet number="1">140</wcet>
            <maxpow number="0.5949975947261578"/>
            <maxpow number="0.5949975947261578"/>
            <fprob>0.0</fprob>
        </actor>
        <actor name="D0N4">
            <wcet number="0">10</wcet>
            <wcet number="1">110</wcet>
            <maxpow number="0.4796330829176735"/>
            <maxpow number="0.4796330829176735"/>
            <fprob>0.0</fprob>
        </actor>
        <actor name="D0N28">
            <wcet number="0">140</wcet>
            <wcet number="1">360</wcet>
            <maxpow number="0.7249565301624488"/>
            <maxpow number="0.7249565301624488"/>
            <fprob>0.0</fprob>
        </actor>
        <actor name="D0N42">
            <wcet number="0">20</wcet>
            <wcet number="1">30</wcet>
            <maxpow number="0.49367397925266454"/>
            <maxpow number="0.49367397925266454"/>
            <fprob>0.0</fprob>
        </actor>
        <actor name="D0N20">
            <wcet number="0">10</wcet>
            <wcet number="1">370</wcet>
            <maxpow number="0.4942537374307578"/>
            <maxpow number="0.4942537374307578"/>
            <fprob>0.0</fprob>
        </actor>
        <actor name="D0N30">
            <wcet number="0">20</wcet>
            <wcet number="1">70</wcet>
            <maxpow number="0.2971500290015813"/>
            <maxpow number="0.2971500290015813"/>
            <fprob>0.0</fprob>
        </actor>
        <ports>
            <port dstActor="D0N26" name="p0" srcActor="D0N19"/>
            <port dstActor="D0N32" name="p1" srcActor="D0N19"/>
            <port dstActor="D0N43" name="p2" srcActor="D0N40"/>
            <port dstActor="D0N38" name="p3" srcActor="D0N37"/>
            <port dstActor="D0N15" name="p4" srcActor="D0N13"/>
            <port dstActor="D0N27" name="p5" srcActor="D0N13"/>
            <port dstActor="D0N26" name="p6" srcActor="D0N13"/>
            <port dstActor="D0N34" name="p7" srcActor="D0N7"/>
            <port dstActor="D0N16" name="p8" srcActor="D0N7"/>
            <port dstActor="D0N45" name="p9" srcActor="D0N25"/>
            <port dstActor="D0N33" name="p10" srcActor="D0N14"/>
            <port dstActor="D0N26" name="p11" srcActor="D0N14"/>
            <port dstActor="D0N37" name="p12" srcActor="D0N2"/>
            <port dstActor="D0N7" name="p13" srcActor="D0N2"/>
            <port dstActor="D0N11" name="p14" srcActor="D0N2"/>
            <port dstActor="D0N23" name="p15" srcActor="D0N2"/>
            <port dstActor="D0N43" name="p16" srcActor="D0N2"/>
            <port dstActor="D0N45" name="p17" srcActor="D0N43"/>
            <port dstActor="D0N47" name="p18" srcActor="D0N36"/>
            <port dstActor="D0N37" name="p19" srcActor="D0N36"/>
            <port dstActor="D0N44" name="p20" srcActor="D0N6"/>
            <port dstActor="D0N28" name="p21" srcActor="D0N26"/>
            <port dstActor="D0N33" name="p22" srcActor="D0N0"/>
            <port dstActor="D0N43" name="p23" srcActor="D0N0"/>
            <port dstActor="D0N44" name="p24" srcActor="D0N41"/>
            <port dstActor="D0N42" name="p25" srcActor="D0N41"/>
            <port dstActor="D0N23" name="p26" srcActor="D0N1"/>
            <port dstActor="D0N26" name="p27" srcActor="D0N1"/>
            <port dstActor="D0N37" name="p28" srcActor="D0N1"/>
            <port dstActor="D0N14" name="p29" srcActor="D0N5"/>
            <port dstActor="D0N42" name="p30" srcActor="D0N5"/>
            <port dstActor="D0N28" name="p31" srcActor="D0N5"/>
            <port dstActor="D0N43" name="p32" srcActor="D0N5"/>
            <port dstActor="D0N36" name="p33" srcActor="D0N5"/>
            <port dstActor="D0N41" name="p34" srcActor="D0N5"/>
            <port dstActor="D0N41" name="p35" srcActor="D0N31"/>
            <port dstActor="D0N37" name="p36" srcActor="D0N31"/>
            <port dstActor="D0N46" name="p37" srcActor="D0N31"/>
            <port dstActor="D0N32" name="p38" srcActor="D0N27"/>
            <port dstActor="D0N5" name="p39" srcActor="D0N3"/>
            <port dstActor="D0N22" name="p40" srcActor="D0N3"/>
            <port dstActor="D0N9" name="p41" srcActor="D0N3"/>
            <port dstActor="D0N14" name="p42" srcActor="D0N3"/>
            <port dstActor="D0N33" name="p43" srcActor="D0N10"/>
            <port dstActor="D0N38" name="p44" srcActor="D0N32"/>
            <port dstActor="D0N40" name="p45" srcActor="D0N35"/>
            <port dstActor="D0N48" name="p46" srcActor="D0N35"/>
            <port dstActor="D0N39" name="p47" srcActor="D0N35"/>
            <port dstActor="D0N13" name="p48" srcActor="D0N9"/>
            <port dstActor="D0N15" name="p49" srcActor="D0N9"/>
            <port dstActor="D0N42" name="p50" srcActor="D0N9"/>
            <port dstActor="D0N10" name="p51" srcActor="D0N9"/>
            <port dstActor="D0N40" name="p52" srcActor="D0N24"/>
            <port dstActor="D0N28" name="p53" srcActor="D0N24"/>
            <port dstActor="D0N43" name="p54" srcActor="D0N24"/>
            <port dstActor="D0N42" name="p55" srcActor="D0N24"/>
            <port dstActor="D0N26" name="p56" srcActor="D0N24"/>
            <port dstActor="D0N37" name="p57" srcActor="D0N29"/>
            <port dstActor="D0N44" name="p58" srcActor="D0N29"/>
            <port dstActor="D0N46" name="p59" srcActor="D0N38"/>
            <port dstActor="D0N41" name="p60" srcActor="D0N38"/>
            <port dstActor="D0N41" name="p61" srcActor="D0N21"/>
            <port dstActor="D0N44" name="p62" srcActor="D0N21"/>
            <port dstActor="D0N24" name="p63" srcActor="D0N21"/>
            <port dstActor="D0N27" name="p64" srcActor="D0N21"/>
            <port dstActor="D0N30" name="p65" srcActor="D0N8"/>
            <port dstActor="D0N36" name="p66" srcActor="D0N8"/>
            <port dstActor="D0N31" name="p67" srcActor="D0N8"/>
            <port dstActor="D0N17" name="p68" srcActor="D0N8"/>
            <port dstActor="D0N43" name="p69" srcActor="D0N23"/>
            <port dstActor="D0N29" name="p70" srcActor="D0N23"/>
            <port dstActor="D0N40" name="p71" srcActor="D0N23"/>
            <port dstActor="D0N37" name="p72" srcActor="D0N16"/>
            <port dstActor="D0N34" name="p73" srcActor="D0N16"/>
            <port dstActor="D0N48" name="p74" srcActor="D0N16"/>
            <port dstActor="D0N33" name="p75" srcActor="D0N16"/>
            <port dstActor="D0N21" name="p76" srcActor="D0N16"/>
            <port dstActor="D0N18" name="p77" srcActor="D0N16"/>
            <port dstActor="D0N28" name="p78" srcActor="D0N16"/>
            <port dstActor="D0N19" name="p79" srcActor="D0N18"/>
            <port dstActor="D0N39" name="p80" srcActor="D0N18"/>
            <port dstActor="D0N33" name="p81" srcActor="D0N18"/>
            <port dstActor="D0N31" name="p82" srcActor="D0N18"/>
            <port dstActor="D0N26" name="p83" srcActor="D0N18"/>
            <port dstActor="D0N42" name="p84" srcActor="D0N11"/>
            <port dstActor="D0N21" name="p85" srcActor="D0N11"/>
            <port dstActor="D0N45" name="p86" srcActor="D0N11"/>
            <port dstActor="D0N19" name="p87" srcActor="D0N12"/>
            <port dstActor="D0N43" name="p88" srcActor="D0N12"/>
            <port dstActor="D0N25" name="p89" srcActor="D0N12"/>
            <port dstActor="D0N26" name="p90" srcActor="D0N17"/>
            <port dstActor="D0N47" name="p91" srcActor="D0N17"/>
            <port dstActor="D0N21" name="p92" srcActor="D0N17"/>
            <port dstActor="D0N22" name="p93" srcActor="D0N15"/>
            <port dstActor="D0N33" name="p94" srcActor="D0N15"/>
            <port dstActor="D0N37" name="p95" srcActor="D0N22"/>
            <port dstActor="D0N24" name="p96" srcActor="D0N22"/>
            <port dstActor="D0N42" name="p97" srcActor="D0N22"/>
            <port dstActor="D0N5" name="p98" srcActor="D0N4"/>
            <port dstActor="D0N11" name="p99" srcActor="D0N4"/>
            <port dstActor="D0N20" name="p100" srcActor="D0N4"/>
            <port dstActor="D0N43" name="p101" srcActor="D0N4"/>
            <port dstActor="D0N42" name="p102" srcActor="D0N4"/>
            <port dstActor="D0N27" name="p103" srcActor="D0N4"/>
            <port dstActor="D0N40" name="p104" srcActor="D0N28"/>
            <port dstActor="D0N31" name="p105" srcActor="D0N28"/>
            <port dstActor="D0N46" name="p106" srcActor="D0N42"/>
            <port dstActor="D0N48" name="p107" srcActor="D0N42"/>
            <port dstActor="D0N22" name="p108" srcActor="D0N20"/>
            <port dstActor="D0N31" name="p109" srcActor="D0N20"/>
            <port dstActor="D0N42" name="p110" srcActor="D0N30"/>
        </ports>
    </mcdag>
    <cores number="3"/>
    <levels number="2"/>
</mcsystem>
