<?xml version="1.0" encoding="UTF-8" standalone="no"?>
<mcsystem>
    <mcdag deadline="1200" name="genned-0-ed-10.0-0">
        <actor name="D0N1">
            <wcet number="0">60</wcet>
            <wcet number="1">230</wcet>
            <maxpow number="0.40451140295055527"/>
            <maxpow number="0.40451140295055527"/>
            <fprob>0.0</fprob>
        </actor>
        <actor name="D0N6">
            <wcet number="0">10</wcet>
            <wcet number="1">10</wcet>
            <maxpow number="0.6156711971119173"/>
            <maxpow number="0.6156711971119173"/>
            <fprob>0.0</fprob>
        </actor>
        <actor name="D0N3">
            <wcet number="0">10</wcet>
            <wcet number="1">40</wcet>
            <maxpow number="0.6310247320490632"/>
            <maxpow number="0.6310247320490632"/>
            <fprob>0.0</fprob>
        </actor>
        <actor name="D0N24">
            <wcet number="0">20</wcet>
            <wcet number="1">40</wcet>
            <maxpow number="0.5415537652415957"/>
            <maxpow number="0.5415537652415957"/>
            <fprob>0.0</fprob>
        </actor>
        <actor name="D0N16">
            <wcet number="0">10</wcet>
            <wcet number="1">10</wcet>
            <maxpow number="0.48668830033807947"/>
            <maxpow number="0.48668830033807947"/>
            <fprob>0.0</fprob>
        </actor>
        <actor name="D0N42">
            <wcet number="0">20</wcet>
            <wcet number="1">20</wcet>
            <maxpow number="0.6266738498239167"/>
            <maxpow number="0.6266738498239167"/>
            <fprob>0.0</fprob>
        </actor>
        <actor name="D0N38">
            <wcet number="0">40</wcet>
            <wcet number="1">90</wcet>
            <maxpow number="0.35894894279384953"/>
            <maxpow number="0.35894894279384953"/>
            <fprob>0.0</fprob>
        </actor>
        <actor name="D0N2">
            <wcet number="0">10</wcet>
            <wcet number="1">10</wcet>
            <maxpow number="0.23981672410084742"/>
            <maxpow number="0.23981672410084742"/>
            <fprob>0.0</fprob>
        </actor>
        <actor name="D0N5">
            <wcet number="0">10</wcet>
            <wcet number="1">10</wcet>
            <maxpow number="0.22565654048091505"/>
            <maxpow number="0.22565654048091505"/>
            <fprob>0.0</fprob>
        </actor>
        <actor name="D0N19">
            <wcet number="0">70</wcet>
            <wcet number="1">110</wcet>
            <maxpow number="0.6223093295211793"/>
            <maxpow number="0.6223093295211793"/>
            <fprob>0.0</fprob>
        </actor>
        <actor name="D0N7">
            <wcet number="0">80</wcet>
            <wcet number="1">80</wcet>
            <maxpow number="0.5492179579497353"/>
            <maxpow number="0.5492179579497353"/>
            <fprob>0.0</fprob>
        </actor>
        <actor name="D0N27">
            <wcet number="0">10</wcet>
            <wcet number="1">90</wcet>
            <maxpow number="0.8493717483714389"/>
            <maxpow number="0.8493717483714389"/>
            <fprob>0.0</fprob>
        </actor>
        <actor name="D0N43">
            <wcet number="0">20</wcet>
            <wcet number="1">70</wcet>
            <maxpow number="0.4904301143861872"/>
            <maxpow number="0.4904301143861872"/>
            <fprob>0.0</fprob>
        </actor>
        <actor name="D0N36">
            <wcet number="0">10</wcet>
            <wcet number="1">10</wcet>
            <maxpow number="0.6237159640279981"/>
            <maxpow number="0.6237159640279981"/>
            <fprob>0.0</fprob>
        </actor>
        <actor name="D0N23">
            <wcet number="0">10</wcet>
            <wcet number="1">70</wcet>
            <maxpow number="0.7583846316120587"/>
            <maxpow number="0.7583846316120587"/>
            <fprob>0.0</fprob>
        </actor>
        <actor name="D0N0">
            <wcet number="0">10</wcet>
            <wcet number="1">40</wcet>
            <maxpow number="0.6663789306508099"/>
            <maxpow number="0.6663789306508099"/>
            <fprob>0.0</fprob>
        </actor>
        <actor name="D0N12">
            <wcet number="0">20</wcet>
            <wcet number="1">30</wcet>
            <maxpow number="0.5074363707414664"/>
            <maxpow number="0.5074363707414664"/>
            <fprob>0.0</fprob>
        </actor>
        <actor name="D0N33">
            <wcet number="0">10</wcet>
            <wcet number="1">20</wcet>
            <maxpow number="0.23595488843811518"/>
            <maxpow number="0.23595488843811518"/>
            <fprob>0.0</fprob>
        </actor>
        <actor name="D0N25">
            <wcet number="0">10</wcet>
            <wcet number="1">10</wcet>
            <maxpow number="0.41627740133827"/>
            <maxpow number="0.41627740133827"/>
            <fprob>0.0</fprob>
        </actor>
        <actor name="D0N9">
            <wcet number="0">10</wcet>
            <wcet number="1">20</wcet>
            <maxpow number="0.6018205060576555"/>
            <maxpow number="0.6018205060576555"/>
            <fprob>0.0</fprob>
        </actor>
        <actor name="D0N14">
            <wcet number="0">60</wcet>
            <wcet number="1">80</wcet>
            <maxpow number="0.46591026770578087"/>
            <maxpow number="0.46591026770578087"/>
            <fprob>0.0</fprob>
        </actor>
        <actor name="D0N44">
            <wcet number="0">10</wcet>
            <wcet number="1">20</wcet>
            <maxpow number="0.9020412713039715"/>
            <maxpow number="0.9020412713039715"/>
            <fprob>0.0</fprob>
        </actor>
        <actor name="D0N4">
            <wcet number="0">10</wcet>
            <wcet number="1">130</wcet>
            <maxpow number="0.4879862247710032"/>
            <maxpow number="0.4879862247710032"/>
            <fprob>0.0</fprob>
        </actor>
        <actor name="D0N18">
            <wcet number="0">10</wcet>
            <wcet number="1">20</wcet>
            <maxpow number="0.2699259633514006"/>
            <maxpow number="0.2699259633514006"/>
            <fprob>0.0</fprob>
        </actor>
        <actor name="D0N21">
            <wcet number="0">30</wcet>
            <wcet number="1">80</wcet>
            <maxpow number="0.4493702823529904"/>
            <maxpow number="0.4493702823529904"/>
            <fprob>0.0</fprob>
        </actor>
        <actor name="D0N40">
            <wcet number="0">70</wcet>
            <wcet number="1">100</wcet>
            <maxpow number="0.42123642667410577"/>
            <maxpow number="0.42123642667410577"/>
            <fprob>0.0</fprob>
        </actor>
        <actor name="D0N29">
            <wcet number="0">20</wcet>
            <wcet number="1">60</wcet>
            <maxpow number="0.5357746781476507"/>
            <maxpow number="0.5357746781476507"/>
            <fprob>0.0</fprob>
        </actor>
        <actor name="D0N30">
            <wcet number="0">30</wcet>
            <wcet number="1">40</wcet>
            <maxpow number="0.4647548128905271"/>
            <maxpow number="0.4647548128905271"/>
            <fprob>0.0</fprob>
        </actor>
        <actor name="D0N8">
            <wcet number="0">10</wcet>
            <wcet number="1">10</wcet>
            <maxpow number="0.9314015976857154"/>
            <maxpow number="0.9314015976857154"/>
            <fprob>0.0</fprob>
        </actor>
        <actor name="D0N32">
            <wcet number="0">50</wcet>
            <wcet number="1">50</wcet>
            <maxpow number="0.6544316106107003"/>
            <maxpow number="0.6544316106107003"/>
            <fprob>0.0</fprob>
        </actor>
        <actor name="D0N41">
            <wcet number="0">10</wcet>
            <wcet number="1">10</wcet>
            <maxpow number="0.39953136822690843"/>
            <maxpow number="0.39953136822690843"/>
            <fprob>0.0</fprob>
        </actor>
        <actor name="D0N35">
            <wcet number="0">160</wcet>
            <wcet number="1">160</wcet>
            <maxpow number="0.7075028875597626"/>
            <maxpow number="0.7075028875597626"/>
            <fprob>0.0</fprob>
        </actor>
        <actor name="D0N39">
            <wcet number="0">30</wcet>
            <wcet number="1">40</wcet>
            <maxpow number="0.673262082729807"/>
            <maxpow number="0.673262082729807"/>
            <fprob>0.0</fprob>
        </actor>
        <actor name="D0N15">
            <wcet number="0">10</wcet>
            <wcet number="1">10</wcet>
            <maxpow number="0.3981124155398317"/>
            <maxpow number="0.3981124155398317"/>
            <fprob>0.0</fprob>
        </actor>
        <actor name="D0N31">
            <wcet number="0">30</wcet>
            <wcet number="1">60</wcet>
            <maxpow number="0.6178918613082259"/>
            <maxpow number="0.6178918613082259"/>
            <fprob>0.0</fprob>
        </actor>
        <actor name="D0N10">
            <wcet number="0">30</wcet>
            <wcet number="1">70</wcet>
            <maxpow number="0.6499581907870797"/>
            <maxpow number="0.6499581907870797"/>
            <fprob>0.0</fprob>
        </actor>
        <actor name="D0N28">
            <wcet number="0">10</wcet>
            <wcet number="1">10</wcet>
            <maxpow number="0.6768173821042283"/>
            <maxpow number="0.6768173821042283"/>
            <fprob>0.0</fprob>
        </actor>
        <actor name="D0N22">
            <wcet number="0">60</wcet>
            <wcet number="1">80</wcet>
            <maxpow number="0.6441116470674488"/>
            <maxpow number="0.6441116470674488"/>
            <fprob>0.0</fprob>
        </actor>
        <actor name="D0N37">
            <wcet number="0">20</wcet>
            <wcet number="1">60</wcet>
            <maxpow number="0.5492666520525648"/>
            <maxpow number="0.5492666520525648"/>
            <fprob>0.0</fprob>
        </actor>
        <actor name="D0N20">
            <wcet number="0">10</wcet>
            <wcet number="1">10</wcet>
            <maxpow number="0.42726157068744797"/>
            <maxpow number="0.42726157068744797"/>
            <fprob>0.0</fprob>
        </actor>
        <actor name="D0N26">
            <wcet number="0">10</wcet>
            <wcet number="1">20</wcet>
            <maxpow number="0.3919407732267025"/>
            <maxpow number="0.3919407732267025"/>
            <fprob>0.0</fprob>
        </actor>
        <actor name="D0N17">
            <wcet number="0">30</wcet>
            <wcet number="1">180</wcet>
            <maxpow number="0.6812405598548545"/>
            <maxpow number="0.6812405598548545"/>
            <fprob>0.0</fprob>
        </actor>
        <actor name="D0N34">
            <wcet number="0">10</wcet>
            <wcet number="1">60</wcet>
            <maxpow number="0.13082329418647887"/>
            <maxpow number="0.13082329418647887"/>
            <fprob>0.0</fprob>
        </actor>
        <actor name="D0N11">
            <wcet number="0">40</wcet>
            <wcet number="1">140</wcet>
            <maxpow number="0.6874421309224401"/>
            <maxpow number="0.6874421309224401"/>
            <fprob>0.0</fprob>
        </actor>
        <actor name="D0N13">
            <wcet number="0">10</wcet>
            <wcet number="1">10</wcet>
            <maxpow number="0.7433869384839347"/>
            <maxpow number="0.7433869384839347"/>
            <fprob>0.0</fprob>
        </actor>
        <ports>
            <port dstActor="D0N42" name="p0" srcActor="D0N1"/>
            <port dstActor="D0N11" name="p1" srcActor="D0N1"/>
            <port dstActor="D0N32" name="p2" srcActor="D0N1"/>
            <port dstActor="D0N18" name="p3" srcActor="D0N1"/>
            <port dstActor="D0N30" name="p4" srcActor="D0N6"/>
            <port dstActor="D0N7" name="p5" srcActor="D0N3"/>
            <port dstActor="D0N41" name="p6" srcActor="D0N3"/>
            <port dstActor="D0N10" name="p7" srcActor="D0N3"/>
            <port dstActor="D0N27" name="p8" srcActor="D0N3"/>
            <port dstActor="D0N44" name="p9" srcActor="D0N24"/>
            <port dstActor="D0N38" name="p10" srcActor="D0N24"/>
            <port dstActor="D0N42" name="p11" srcActor="D0N24"/>
            <port dstActor="D0N40" name="p12" srcActor="D0N24"/>
            <port dstActor="D0N32" name="p13" srcActor="D0N16"/>
            <port dstActor="D0N5" name="p14" srcActor="D0N2"/>
            <port dstActor="D0N8" name="p15" srcActor="D0N2"/>
            <port dstActor="D0N20" name="p16" srcActor="D0N2"/>
            <port dstActor="D0N11" name="p17" srcActor="D0N2"/>
            <port dstActor="D0N12" name="p18" srcActor="D0N2"/>
            <port dstActor="D0N15" name="p19" srcActor="D0N2"/>
            <port dstActor="D0N16" name="p20" srcActor="D0N2"/>
            <port dstActor="D0N36" name="p21" srcActor="D0N2"/>
            <port dstActor="D0N21" name="p22" srcActor="D0N5"/>
            <port dstActor="D0N40" name="p23" srcActor="D0N5"/>
            <port dstActor="D0N13" name="p24" srcActor="D0N5"/>
            <port dstActor="D0N19" name="p25" srcActor="D0N5"/>
            <port dstActor="D0N11" name="p26" srcActor="D0N5"/>
            <port dstActor="D0N34" name="p27" srcActor="D0N19"/>
            <port dstActor="D0N30" name="p28" srcActor="D0N19"/>
            <port dstActor="D0N41" name="p29" srcActor="D0N19"/>
            <port dstActor="D0N44" name="p30" srcActor="D0N19"/>
            <port dstActor="D0N43" name="p31" srcActor="D0N19"/>
            <port dstActor="D0N17" name="p32" srcActor="D0N7"/>
            <port dstActor="D0N39" name="p33" srcActor="D0N27"/>
            <port dstActor="D0N41" name="p34" srcActor="D0N36"/>
            <port dstActor="D0N36" name="p35" srcActor="D0N23"/>
            <port dstActor="D0N34" name="p36" srcActor="D0N23"/>
            <port dstActor="D0N4" name="p37" srcActor="D0N0"/>
            <port dstActor="D0N19" name="p38" srcActor="D0N0"/>
            <port dstActor="D0N5" name="p39" srcActor="D0N0"/>
            <port dstActor="D0N30" name="p40" srcActor="D0N0"/>
            <port dstActor="D0N11" name="p41" srcActor="D0N0"/>
            <port dstActor="D0N17" name="p42" srcActor="D0N0"/>
            <port dstActor="D0N29" name="p43" srcActor="D0N0"/>
            <port dstActor="D0N38" name="p44" srcActor="D0N0"/>
            <port dstActor="D0N39" name="p45" srcActor="D0N12"/>
            <port dstActor="D0N41" name="p46" srcActor="D0N12"/>
            <port dstActor="D0N42" name="p47" srcActor="D0N12"/>
            <port dstActor="D0N23" name="p48" srcActor="D0N12"/>
            <port dstActor="D0N29" name="p49" srcActor="D0N25"/>
            <port dstActor="D0N41" name="p50" srcActor="D0N25"/>
            <port dstActor="D0N33" name="p51" srcActor="D0N25"/>
            <port dstActor="D0N28" name="p52" srcActor="D0N9"/>
            <port dstActor="D0N21" name="p53" srcActor="D0N14"/>
            <port dstActor="D0N30" name="p54" srcActor="D0N14"/>
            <port dstActor="D0N27" name="p55" srcActor="D0N14"/>
            <port dstActor="D0N17" name="p56" srcActor="D0N14"/>
            <port dstActor="D0N20" name="p57" srcActor="D0N14"/>
            <port dstActor="D0N17" name="p58" srcActor="D0N4"/>
            <port dstActor="D0N21" name="p59" srcActor="D0N4"/>
            <port dstActor="D0N28" name="p60" srcActor="D0N4"/>
            <port dstActor="D0N6" name="p61" srcActor="D0N4"/>
            <port dstActor="D0N39" name="p62" srcActor="D0N18"/>
            <port dstActor="D0N42" name="p63" srcActor="D0N21"/>
            <port dstActor="D0N38" name="p64" srcActor="D0N21"/>
            <port dstActor="D0N38" name="p65" srcActor="D0N29"/>
            <port dstActor="D0N17" name="p66" srcActor="D0N8"/>
            <port dstActor="D0N25" name="p67" srcActor="D0N8"/>
            <port dstActor="D0N19" name="p68" srcActor="D0N8"/>
            <port dstActor="D0N35" name="p69" srcActor="D0N8"/>
            <port dstActor="D0N29" name="p70" srcActor="D0N8"/>
            <port dstActor="D0N41" name="p71" srcActor="D0N8"/>
            <port dstActor="D0N42" name="p72" srcActor="D0N32"/>
            <port dstActor="D0N40" name="p73" srcActor="D0N32"/>
            <port dstActor="D0N41" name="p74" srcActor="D0N39"/>
            <port dstActor="D0N44" name="p75" srcActor="D0N15"/>
            <port dstActor="D0N28" name="p76" srcActor="D0N15"/>
            <port dstActor="D0N36" name="p77" srcActor="D0N15"/>
            <port dstActor="D0N41" name="p78" srcActor="D0N31"/>
            <port dstActor="D0N42" name="p79" srcActor="D0N31"/>
            <port dstActor="D0N13" name="p80" srcActor="D0N10"/>
            <port dstActor="D0N32" name="p81" srcActor="D0N10"/>
            <port dstActor="D0N25" name="p82" srcActor="D0N10"/>
            <port dstActor="D0N22" name="p83" srcActor="D0N10"/>
            <port dstActor="D0N41" name="p84" srcActor="D0N10"/>
            <port dstActor="D0N41" name="p85" srcActor="D0N28"/>
            <port dstActor="D0N27" name="p86" srcActor="D0N22"/>
            <port dstActor="D0N36" name="p87" srcActor="D0N22"/>
            <port dstActor="D0N42" name="p88" srcActor="D0N20"/>
            <port dstActor="D0N29" name="p89" srcActor="D0N20"/>
            <port dstActor="D0N33" name="p90" srcActor="D0N26"/>
            <port dstActor="D0N41" name="p91" srcActor="D0N34"/>
            <port dstActor="D0N32" name="p92" srcActor="D0N11"/>
            <port dstActor="D0N16" name="p93" srcActor="D0N11"/>
            <port dstActor="D0N25" name="p94" srcActor="D0N13"/>
            <port dstActor="D0N26" name="p95" srcActor="D0N13"/>
            <port dstActor="D0N15" name="p96" srcActor="D0N13"/>
        </ports>
    </mcdag>
    <cores number="3"/>
    <levels number="2"/>
</mcsystem>
