<?xml version="1.0" encoding="UTF-8" standalone="no"?>
<mcsystem>
    <mcdag deadline="1000" name="genned-0-ed-10.0-0">
        <actor name="D0N29">
            <wcet number="0">10</wcet>
            <wcet number="1">10</wcet>
            <maxpow number="0.4168642355715597"/>
            <maxpow number="0.4168642355715597"/>
            <fprob>0.0</fprob>
        </actor>
        <actor name="D0N35">
            <wcet number="0">20</wcet>
            <wcet number="1">20</wcet>
            <maxpow number="0.5987101874034262"/>
            <maxpow number="0.5987101874034262"/>
            <fprob>0.0</fprob>
        </actor>
        <actor name="D0N18">
            <wcet number="0">10</wcet>
            <wcet number="1">10</wcet>
            <maxpow number="0.4937413394460475"/>
            <maxpow number="0.4937413394460475"/>
            <fprob>0.0</fprob>
        </actor>
        <actor name="D0N34">
            <wcet number="0">10</wcet>
            <wcet number="1">110</wcet>
            <maxpow number="0.45538302524225016"/>
            <maxpow number="0.45538302524225016"/>
            <fprob>0.0</fprob>
        </actor>
        <actor name="D0N11">
            <wcet number="0">180</wcet>
            <wcet number="1">190</wcet>
            <maxpow number="0.2732309959337015"/>
            <maxpow number="0.2732309959337015"/>
            <fprob>0.0</fprob>
        </actor>
        <actor name="D0N17">
            <wcet number="0">20</wcet>
            <wcet number="1">30</wcet>
            <maxpow number="0.7016845877492469"/>
            <maxpow number="0.7016845877492469"/>
            <fprob>0.0</fprob>
        </actor>
        <actor name="D0N23">
            <wcet number="0">10</wcet>
            <wcet number="1">20</wcet>
            <maxpow number="0.3677537670988335"/>
            <maxpow number="0.3677537670988335"/>
            <fprob>0.0</fprob>
        </actor>
        <actor name="D0N33">
            <wcet number="0">10</wcet>
            <wcet number="1">20</wcet>
            <maxpow number="0.537445607901801"/>
            <maxpow number="0.537445607901801"/>
            <fprob>0.0</fprob>
        </actor>
        <actor name="D0N27">
            <wcet number="0">10</wcet>
            <wcet number="1">10</wcet>
            <maxpow number="0.23677026460666661"/>
            <maxpow number="0.23677026460666661"/>
            <fprob>0.0</fprob>
        </actor>
        <actor name="D0N15">
            <wcet number="0">150</wcet>
            <wcet number="1">150</wcet>
            <maxpow number="0.4836459559364712"/>
            <maxpow number="0.4836459559364712"/>
            <fprob>0.0</fprob>
        </actor>
        <actor name="D0N7">
            <wcet number="0">10</wcet>
            <wcet number="1">10</wcet>
            <maxpow number="0.1497359596091557"/>
            <maxpow number="0.1497359596091557"/>
            <fprob>0.0</fprob>
        </actor>
        <actor name="D0N19">
            <wcet number="0">80</wcet>
            <wcet number="1">110</wcet>
            <maxpow number="0.5038725407532317"/>
            <maxpow number="0.5038725407532317"/>
            <fprob>0.0</fprob>
        </actor>
        <actor name="D0N37">
            <wcet number="0">20</wcet>
            <wcet number="1">70</wcet>
            <maxpow number="0.7122564661934458"/>
            <maxpow number="0.7122564661934458"/>
            <fprob>0.0</fprob>
        </actor>
        <actor name="D0N22">
            <wcet number="0">20</wcet>
            <wcet number="1">20</wcet>
            <maxpow number="0.6001255018355997"/>
            <maxpow number="0.6001255018355997"/>
            <fprob>0.0</fprob>
        </actor>
        <actor name="D0N9">
            <wcet number="0">10</wcet>
            <wcet number="1">20</wcet>
            <maxpow number="0.4136984214477068"/>
            <maxpow number="0.4136984214477068"/>
            <fprob>0.0</fprob>
        </actor>
        <actor name="D0N5">
            <wcet number="0">30</wcet>
            <wcet number="1">40</wcet>
            <maxpow number="0.9662572318485734"/>
            <maxpow number="0.9662572318485734"/>
            <fprob>0.0</fprob>
        </actor>
        <actor name="D0N4">
            <wcet number="0">20</wcet>
            <wcet number="1">40</wcet>
            <maxpow number="0.419865222093044"/>
            <maxpow number="0.419865222093044"/>
            <fprob>0.0</fprob>
        </actor>
        <actor name="D0N30">
            <wcet number="0">50</wcet>
            <wcet number="1">80</wcet>
            <maxpow number="1.0293278654758908"/>
            <maxpow number="1.0293278654758908"/>
            <fprob>0.0</fprob>
        </actor>
        <actor name="D0N14">
            <wcet number="0">10</wcet>
            <wcet number="1">10</wcet>
            <maxpow number="0.39636481830427883"/>
            <maxpow number="0.39636481830427883"/>
            <fprob>0.0</fprob>
        </actor>
        <actor name="D0N39">
            <wcet number="0">20</wcet>
            <wcet number="1">30</wcet>
            <maxpow number="0.29170285444294897"/>
            <maxpow number="0.29170285444294897"/>
            <fprob>0.0</fprob>
        </actor>
        <actor name="D0N32">
            <wcet number="0">10</wcet>
            <wcet number="1">10</wcet>
            <maxpow number="0.46617788499950974"/>
            <maxpow number="0.46617788499950974"/>
            <fprob>0.0</fprob>
        </actor>
        <actor name="D0N42">
            <wcet number="0">10</wcet>
            <wcet number="1">40</wcet>
            <maxpow number="0.5841726853035817"/>
            <maxpow number="0.5841726853035817"/>
            <fprob>0.0</fprob>
        </actor>
        <actor name="D0N25">
            <wcet number="0">60</wcet>
            <wcet number="1">150</wcet>
            <maxpow number="0.3701929834471771"/>
            <maxpow number="0.3701929834471771"/>
            <fprob>0.0</fprob>
        </actor>
        <actor name="D0N13">
            <wcet number="0">10</wcet>
            <wcet number="1">20</wcet>
            <maxpow number="0.49660794233603356"/>
            <maxpow number="0.49660794233603356"/>
            <fprob>0.0</fprob>
        </actor>
        <actor name="D0N6">
            <wcet number="0">30</wcet>
            <wcet number="1">30</wcet>
            <maxpow number="0.4661186515490721"/>
            <maxpow number="0.4661186515490721"/>
            <fprob>0.0</fprob>
        </actor>
        <actor name="D0N28">
            <wcet number="0">20</wcet>
            <wcet number="1">50</wcet>
            <maxpow number="0.5030407237564182"/>
            <maxpow number="0.5030407237564182"/>
            <fprob>0.0</fprob>
        </actor>
        <actor name="D0N40">
            <wcet number="0">60</wcet>
            <wcet number="1">60</wcet>
            <maxpow number="0.9703714328944643"/>
            <maxpow number="0.9703714328944643"/>
            <fprob>0.0</fprob>
        </actor>
        <actor name="D0N3">
            <wcet number="0">10</wcet>
            <wcet number="1">20</wcet>
            <maxpow number="0.5035216131231482"/>
            <maxpow number="0.5035216131231482"/>
            <fprob>0.0</fprob>
        </actor>
        <actor name="D0N24">
            <wcet number="0">40</wcet>
            <wcet number="1">50</wcet>
            <maxpow number="0.4817745653645107"/>
            <maxpow number="0.4817745653645107"/>
            <fprob>0.0</fprob>
        </actor>
        <actor name="D0N2">
            <wcet number="0">10</wcet>
            <wcet number="1">10</wcet>
            <maxpow number="0.622998909347319"/>
            <maxpow number="0.622998909347319"/>
            <fprob>0.0</fprob>
        </actor>
        <actor name="D0N0">
            <wcet number="0">10</wcet>
            <wcet number="1">40</wcet>
            <maxpow number="0.5451380886404518"/>
            <maxpow number="0.5451380886404518"/>
            <fprob>0.0</fprob>
        </actor>
        <actor name="D0N16">
            <wcet number="0">30</wcet>
            <wcet number="1">40</wcet>
            <maxpow number="0.2829371254775125"/>
            <maxpow number="0.2829371254775125"/>
            <fprob>0.0</fprob>
        </actor>
        <actor name="D0N10">
            <wcet number="0">20</wcet>
            <wcet number="1">30</wcet>
            <maxpow number="0.3996415352598838"/>
            <maxpow number="0.3996415352598838"/>
            <fprob>0.0</fprob>
        </actor>
        <actor name="D0N36">
            <wcet number="0">10</wcet>
            <wcet number="1">20</wcet>
            <maxpow number="0.7780892653478831"/>
            <maxpow number="0.7780892653478831"/>
            <fprob>0.0</fprob>
        </actor>
        <actor name="D0N26">
            <wcet number="0">20</wcet>
            <wcet number="1">90</wcet>
            <maxpow number="0.5821111452317448"/>
            <maxpow number="0.5821111452317448"/>
            <fprob>0.0</fprob>
        </actor>
        <actor name="D0N1">
            <wcet number="0">20</wcet>
            <wcet number="1">70</wcet>
            <maxpow number="0.24125165477085014"/>
            <maxpow number="0.24125165477085014"/>
            <fprob>0.0</fprob>
        </actor>
        <actor name="D0N20">
            <wcet number="0">50</wcet>
            <wcet number="1">120</wcet>
            <maxpow number="0.535688842069202"/>
            <maxpow number="0.535688842069202"/>
            <fprob>0.0</fprob>
        </actor>
        <actor name="D0N38">
            <wcet number="0">10</wcet>
            <wcet number="1">10</wcet>
            <maxpow number="0.42958165742899057"/>
            <maxpow number="0.42958165742899057"/>
            <fprob>0.0</fprob>
        </actor>
        <actor name="D0N41">
            <wcet number="0">20</wcet>
            <wcet number="1">20</wcet>
            <maxpow number="0.2576492954073094"/>
            <maxpow number="0.2576492954073094"/>
            <fprob>0.0</fprob>
        </actor>
        <actor name="D0N31">
            <wcet number="0">10</wcet>
            <wcet number="1">10</wcet>
            <maxpow number="0.7986488540524798"/>
            <maxpow number="0.7986488540524798"/>
            <fprob>0.0</fprob>
        </actor>
        <actor name="D0N12">
            <wcet number="0">10</wcet>
            <wcet number="1">20</wcet>
            <maxpow number="0.8890850353175215"/>
            <maxpow number="0.8890850353175215"/>
            <fprob>0.0</fprob>
        </actor>
        <actor name="D0N21">
            <wcet number="0">10</wcet>
            <wcet number="1">10</wcet>
            <maxpow number="0.5699275056357069"/>
            <maxpow number="0.5699275056357069"/>
            <fprob>0.0</fprob>
        </actor>
        <actor name="D0N8">
            <wcet number="0">60</wcet>
            <wcet number="1">80</wcet>
            <maxpow number="0.7506371523527586"/>
            <maxpow number="0.7506371523527586"/>
            <fprob>0.0</fprob>
        </actor>
        <ports>
            <port dstActor="D0N35" name="p0" srcActor="D0N29"/>
            <port dstActor="D0N36" name="p1" srcActor="D0N29"/>
            <port dstActor="D0N38" name="p2" srcActor="D0N18"/>
            <port dstActor="D0N36" name="p3" srcActor="D0N18"/>
            <port dstActor="D0N27" name="p4" srcActor="D0N11"/>
            <port dstActor="D0N32" name="p5" srcActor="D0N11"/>
            <port dstActor="D0N31" name="p6" srcActor="D0N11"/>
            <port dstActor="D0N19" name="p7" srcActor="D0N11"/>
            <port dstActor="D0N21" name="p8" srcActor="D0N17"/>
            <port dstActor="D0N26" name="p9" srcActor="D0N17"/>
            <port dstActor="D0N28" name="p10" srcActor="D0N23"/>
            <port dstActor="D0N36" name="p11" srcActor="D0N23"/>
            <port dstActor="D0N25" name="p12" srcActor="D0N23"/>
            <port dstActor="D0N28" name="p13" srcActor="D0N27"/>
            <port dstActor="D0N32" name="p14" srcActor="D0N15"/>
            <port dstActor="D0N34" name="p15" srcActor="D0N15"/>
            <port dstActor="D0N15" name="p16" srcActor="D0N7"/>
            <port dstActor="D0N23" name="p17" srcActor="D0N7"/>
            <port dstActor="D0N13" name="p18" srcActor="D0N7"/>
            <port dstActor="D0N22" name="p19" srcActor="D0N19"/>
            <port dstActor="D0N30" name="p20" srcActor="D0N19"/>
            <port dstActor="D0N31" name="p21" srcActor="D0N22"/>
            <port dstActor="D0N24" name="p22" srcActor="D0N22"/>
            <port dstActor="D0N15" name="p23" srcActor="D0N9"/>
            <port dstActor="D0N41" name="p24" srcActor="D0N9"/>
            <port dstActor="D0N13" name="p25" srcActor="D0N9"/>
            <port dstActor="D0N31" name="p26" srcActor="D0N5"/>
            <port dstActor="D0N10" name="p27" srcActor="D0N5"/>
            <port dstActor="D0N39" name="p28" srcActor="D0N4"/>
            <port dstActor="D0N7" name="p29" srcActor="D0N4"/>
            <port dstActor="D0N31" name="p30" srcActor="D0N4"/>
            <port dstActor="D0N35" name="p31" srcActor="D0N30"/>
            <port dstActor="D0N31" name="p32" srcActor="D0N30"/>
            <port dstActor="D0N20" name="p33" srcActor="D0N14"/>
            <port dstActor="D0N21" name="p34" srcActor="D0N14"/>
            <port dstActor="D0N16" name="p35" srcActor="D0N14"/>
            <port dstActor="D0N42" name="p36" srcActor="D0N32"/>
            <port dstActor="D0N35" name="p37" srcActor="D0N25"/>
            <port dstActor="D0N30" name="p38" srcActor="D0N25"/>
            <port dstActor="D0N34" name="p39" srcActor="D0N13"/>
            <port dstActor="D0N27" name="p40" srcActor="D0N13"/>
            <port dstActor="D0N15" name="p41" srcActor="D0N13"/>
            <port dstActor="D0N11" name="p42" srcActor="D0N6"/>
            <port dstActor="D0N31" name="p43" srcActor="D0N6"/>
            <port dstActor="D0N7" name="p44" srcActor="D0N6"/>
            <port dstActor="D0N32" name="p45" srcActor="D0N28"/>
            <port dstActor="D0N31" name="p46" srcActor="D0N3"/>
            <port dstActor="D0N4" name="p47" srcActor="D0N3"/>
            <port dstActor="D0N41" name="p48" srcActor="D0N3"/>
            <port dstActor="D0N13" name="p49" srcActor="D0N3"/>
            <port dstActor="D0N37" name="p50" srcActor="D0N24"/>
            <port dstActor="D0N40" name="p51" srcActor="D0N24"/>
            <port dstActor="D0N20" name="p52" srcActor="D0N2"/>
            <port dstActor="D0N40" name="p53" srcActor="D0N2"/>
            <port dstActor="D0N23" name="p54" srcActor="D0N2"/>
            <port dstActor="D0N32" name="p55" srcActor="D0N2"/>
            <port dstActor="D0N13" name="p56" srcActor="D0N0"/>
            <port dstActor="D0N35" name="p57" srcActor="D0N0"/>
            <port dstActor="D0N38" name="p58" srcActor="D0N0"/>
            <port dstActor="D0N1" name="p59" srcActor="D0N0"/>
            <port dstActor="D0N42" name="p60" srcActor="D0N0"/>
            <port dstActor="D0N19" name="p61" srcActor="D0N16"/>
            <port dstActor="D0N31" name="p62" srcActor="D0N10"/>
            <port dstActor="D0N16" name="p63" srcActor="D0N10"/>
            <port dstActor="D0N17" name="p64" srcActor="D0N10"/>
            <port dstActor="D0N30" name="p65" srcActor="D0N10"/>
            <port dstActor="D0N37" name="p66" srcActor="D0N36"/>
            <port dstActor="D0N28" name="p67" srcActor="D0N26"/>
            <port dstActor="D0N3" name="p68" srcActor="D0N1"/>
            <port dstActor="D0N22" name="p69" srcActor="D0N1"/>
            <port dstActor="D0N40" name="p70" srcActor="D0N1"/>
            <port dstActor="D0N13" name="p71" srcActor="D0N1"/>
            <port dstActor="D0N32" name="p72" srcActor="D0N20"/>
            <port dstActor="D0N40" name="p73" srcActor="D0N31"/>
            <port dstActor="D0N39" name="p74" srcActor="D0N12"/>
            <port dstActor="D0N42" name="p75" srcActor="D0N12"/>
            <port dstActor="D0N18" name="p76" srcActor="D0N12"/>
            <port dstActor="D0N35" name="p77" srcActor="D0N21"/>
            <port dstActor="D0N34" name="p78" srcActor="D0N21"/>
            <port dstActor="D0N37" name="p79" srcActor="D0N8"/>
            <port dstActor="D0N27" name="p80" srcActor="D0N8"/>
            <port dstActor="D0N19" name="p81" srcActor="D0N8"/>
        </ports>
    </mcdag>
    <cores number="2"/>
    <levels number="2"/>
</mcsystem>
