<?xml version="1.0" encoding="UTF-8" standalone="no"?>
<mcsystem>
    <mcdag deadline="2500" name="genned-0-ed-10.0-0">
        <actor name="D0N24">
            <wcet number="0">20</wcet>
            <wcet number="1">20</wcet>
            <maxpow number="0.3238494595492535"/>
            <maxpow number="0.3238494595492535"/>
            <fprob>0.0</fprob>
        </actor>
        <actor name="D0N12">
            <wcet number="0">170</wcet>
            <wcet number="1">320</wcet>
            <maxpow number="0.7502997222150574"/>
            <maxpow number="0.7502997222150574"/>
            <fprob>0.0</fprob>
        </actor>
        <actor name="D0N9">
            <wcet number="0">90</wcet>
            <wcet number="1">390</wcet>
            <maxpow number="0.6634787570112679"/>
            <maxpow number="0.6634787570112679"/>
            <fprob>0.0</fprob>
        </actor>
        <actor name="D0N47">
            <wcet number="0">30</wcet>
            <wcet number="1">40</wcet>
            <maxpow number="0.5832950510036846"/>
            <maxpow number="0.5832950510036846"/>
            <fprob>0.0</fprob>
        </actor>
        <actor name="D0N48">
            <wcet number="0">10</wcet>
            <wcet number="1">150</wcet>
            <maxpow number="0.5271589810051552"/>
            <maxpow number="0.5271589810051552"/>
            <fprob>0.0</fprob>
        </actor>
        <actor name="D0N16">
            <wcet number="0">110</wcet>
            <wcet number="1">240</wcet>
            <maxpow number="0.513779354939121"/>
            <maxpow number="0.513779354939121"/>
            <fprob>0.0</fprob>
        </actor>
        <actor name="D0N26">
            <wcet number="0">50</wcet>
            <wcet number="1">60</wcet>
            <maxpow number="0.6633817594568339"/>
            <maxpow number="0.6633817594568339"/>
            <fprob>0.0</fprob>
        </actor>
        <actor name="D0N15">
            <wcet number="0">110</wcet>
            <wcet number="1">180</wcet>
            <maxpow number="0.7185941338837954"/>
            <maxpow number="0.7185941338837954"/>
            <fprob>0.0</fprob>
        </actor>
        <actor name="D0N13">
            <wcet number="0">10</wcet>
            <wcet number="1">10</wcet>
            <maxpow number="0.5649018509495377"/>
            <maxpow number="0.5649018509495377"/>
            <fprob>0.0</fprob>
        </actor>
        <actor name="D0N17">
            <wcet number="0">80</wcet>
            <wcet number="1">130</wcet>
            <maxpow number="0.6459789550923056"/>
            <maxpow number="0.6459789550923056"/>
            <fprob>0.0</fprob>
        </actor>
        <actor name="D0N2">
            <wcet number="0">10</wcet>
            <wcet number="1">20</wcet>
            <maxpow number="0.7453029196177465"/>
            <maxpow number="0.7453029196177465"/>
            <fprob>0.0</fprob>
        </actor>
        <actor name="D0N45">
            <wcet number="0">100</wcet>
            <wcet number="1">100</wcet>
            <maxpow number="0.41743880047140275"/>
            <maxpow number="0.41743880047140275"/>
            <fprob>0.0</fprob>
        </actor>
        <actor name="D0N41">
            <wcet number="0">20</wcet>
            <wcet number="1">580</wcet>
            <maxpow number="0.321353389833546"/>
            <maxpow number="0.321353389833546"/>
            <fprob>0.0</fprob>
        </actor>
        <actor name="D0N44">
            <wcet number="0">30</wcet>
            <wcet number="1">50</wcet>
            <maxpow number="0.4308853423715332"/>
            <maxpow number="0.4308853423715332"/>
            <fprob>0.0</fprob>
        </actor>
        <actor name="D0N28">
            <wcet number="0">140</wcet>
            <wcet number="1">250</wcet>
            <maxpow number="0.5666063760585995"/>
            <maxpow number="0.5666063760585995"/>
            <fprob>0.0</fprob>
        </actor>
        <actor name="D0N37">
            <wcet number="0">200</wcet>
            <wcet number="1">200</wcet>
            <maxpow number="0.5071044694964675"/>
            <maxpow number="0.5071044694964675"/>
            <fprob>0.0</fprob>
        </actor>
        <actor name="D0N49">
            <wcet number="0">10</wcet>
            <wcet number="1">20</wcet>
            <maxpow number="0.32892048557661124"/>
            <maxpow number="0.32892048557661124"/>
            <fprob>0.0</fprob>
        </actor>
        <actor name="D0N0">
            <wcet number="0">160</wcet>
            <wcet number="1">230</wcet>
            <maxpow number="0.4547838451321576"/>
            <maxpow number="0.4547838451321576"/>
            <fprob>0.0</fprob>
        </actor>
        <actor name="D0N20">
            <wcet number="0">10</wcet>
            <wcet number="1">20</wcet>
            <maxpow number="0.4129654845560303"/>
            <maxpow number="0.4129654845560303"/>
            <fprob>0.0</fprob>
        </actor>
        <actor name="D0N22">
            <wcet number="0">20</wcet>
            <wcet number="1">40</wcet>
            <maxpow number="0.5412219272975827"/>
            <maxpow number="0.5412219272975827"/>
            <fprob>0.0</fprob>
        </actor>
        <actor name="D0N43">
            <wcet number="0">40</wcet>
            <wcet number="1">380</wcet>
            <maxpow number="0.7100263898594525"/>
            <maxpow number="0.7100263898594525"/>
            <fprob>0.0</fprob>
        </actor>
        <actor name="D0N7">
            <wcet number="0">60</wcet>
            <wcet number="1">60</wcet>
            <maxpow number="0.41300904827889584"/>
            <maxpow number="0.41300904827889584"/>
            <fprob>0.0</fprob>
        </actor>
        <actor name="D0N35">
            <wcet number="0">90</wcet>
            <wcet number="1">370</wcet>
            <maxpow number="0.6862994496290277"/>
            <maxpow number="0.6862994496290277"/>
            <fprob>0.0</fprob>
        </actor>
        <actor name="D0N31">
            <wcet number="0">50</wcet>
            <wcet number="1">70</wcet>
            <maxpow number="0.40418011888547883"/>
            <maxpow number="0.40418011888547883"/>
            <fprob>0.0</fprob>
        </actor>
        <actor name="D0N4">
            <wcet number="0">20</wcet>
            <wcet number="1">20</wcet>
            <maxpow number="0.6737871916708278"/>
            <maxpow number="0.6737871916708278"/>
            <fprob>0.0</fprob>
        </actor>
        <actor name="D0N14">
            <wcet number="0">10</wcet>
            <wcet number="1">60</wcet>
            <maxpow number="0.6384585136341313"/>
            <maxpow number="0.6384585136341313"/>
            <fprob>0.0</fprob>
        </actor>
        <actor name="D0N29">
            <wcet number="0">70</wcet>
            <wcet number="1">110</wcet>
            <maxpow number="0.5855651637800714"/>
            <maxpow number="0.5855651637800714"/>
            <fprob>0.0</fprob>
        </actor>
        <actor name="D0N8">
            <wcet number="0">20</wcet>
            <wcet number="1">130</wcet>
            <maxpow number="0.3217998461543736"/>
            <maxpow number="0.3217998461543736"/>
            <fprob>0.0</fprob>
        </actor>
        <actor name="D0N19">
            <wcet number="0">10</wcet>
            <wcet number="1">10</wcet>
            <maxpow number="0.5410327081844426"/>
            <maxpow number="0.5410327081844426"/>
            <fprob>0.0</fprob>
        </actor>
        <actor name="D0N3">
            <wcet number="0">140</wcet>
            <wcet number="1">220</wcet>
            <maxpow number="0.5452512740161692"/>
            <maxpow number="0.5452512740161692"/>
            <fprob>0.0</fprob>
        </actor>
        <actor name="D0N46">
            <wcet number="0">180</wcet>
            <wcet number="1">310</wcet>
            <maxpow number="0.6707103520266432"/>
            <maxpow number="0.6707103520266432"/>
            <fprob>0.0</fprob>
        </actor>
        <actor name="D0N11">
            <wcet number="0">100</wcet>
            <wcet number="1">190</wcet>
            <maxpow number="0.3533900544667442"/>
            <maxpow number="0.3533900544667442"/>
            <fprob>0.0</fprob>
        </actor>
        <actor name="D0N38">
            <wcet number="0">20</wcet>
            <wcet number="1">160</wcet>
            <maxpow number="0.6239295524130654"/>
            <maxpow number="0.6239295524130654"/>
            <fprob>0.0</fprob>
        </actor>
        <actor name="D0N40">
            <wcet number="0">170</wcet>
            <wcet number="1">200</wcet>
            <maxpow number="0.6180858187864819"/>
            <maxpow number="0.6180858187864819"/>
            <fprob>0.0</fprob>
        </actor>
        <actor name="D0N18">
            <wcet number="0">50</wcet>
            <wcet number="1">220</wcet>
            <maxpow number="0.6023889703879076"/>
            <maxpow number="0.6023889703879076"/>
            <fprob>0.0</fprob>
        </actor>
        <actor name="D0N32">
            <wcet number="0">140</wcet>
            <wcet number="1">200</wcet>
            <maxpow number="0.7214910584933807"/>
            <maxpow number="0.7214910584933807"/>
            <fprob>0.0</fprob>
        </actor>
        <actor name="D0N5">
            <wcet number="0">10</wcet>
            <wcet number="1">10</wcet>
            <maxpow number="0.6587383470170847"/>
            <maxpow number="0.6587383470170847"/>
            <fprob>0.0</fprob>
        </actor>
        <actor name="D0N21">
            <wcet number="0">60</wcet>
            <wcet number="1">90</wcet>
            <maxpow number="0.6333149611222411"/>
            <maxpow number="0.6333149611222411"/>
            <fprob>0.0</fprob>
        </actor>
        <actor name="D0N39">
            <wcet number="0">70</wcet>
            <wcet number="1">120</wcet>
            <maxpow number="0.6300777169406202"/>
            <maxpow number="0.6300777169406202"/>
            <fprob>0.0</fprob>
        </actor>
        <actor name="D0N27">
            <wcet number="0">10</wcet>
            <wcet number="1">20</wcet>
            <maxpow number="0.37009889436695437"/>
            <maxpow number="0.37009889436695437"/>
            <fprob>0.0</fprob>
        </actor>
        <actor name="D0N1">
            <wcet number="0">20</wcet>
            <wcet number="1">170</wcet>
            <maxpow number="0.8076174884185856"/>
            <maxpow number="0.8076174884185856"/>
            <fprob>0.0</fprob>
        </actor>
        <actor name="D0N10">
            <wcet number="0">30</wcet>
            <wcet number="1">60</wcet>
            <maxpow number="0.44317398745824554"/>
            <maxpow number="0.44317398745824554"/>
            <fprob>0.0</fprob>
        </actor>
        <actor name="D0N33">
            <wcet number="0">20</wcet>
            <wcet number="1">50</wcet>
            <maxpow number="0.9580221234619185"/>
            <maxpow number="0.9580221234619185"/>
            <fprob>0.0</fprob>
        </actor>
        <actor name="D0N36">
            <wcet number="0">10</wcet>
            <wcet number="1">200</wcet>
            <maxpow number="0.620173539475741"/>
            <maxpow number="0.620173539475741"/>
            <fprob>0.0</fprob>
        </actor>
        <actor name="D0N23">
            <wcet number="0">70</wcet>
            <wcet number="1">310</wcet>
            <maxpow number="0.6167884698014141"/>
            <maxpow number="0.6167884698014141"/>
            <fprob>0.0</fprob>
        </actor>
        <actor name="D0N42">
            <wcet number="0">30</wcet>
            <wcet number="1">30</wcet>
            <maxpow number="0.42218053621783647"/>
            <maxpow number="0.42218053621783647"/>
            <fprob>0.0</fprob>
        </actor>
        <actor name="D0N6">
            <wcet number="0">10</wcet>
            <wcet number="1">100</wcet>
            <maxpow number="0.7811207051024329"/>
            <maxpow number="0.7811207051024329"/>
            <fprob>0.0</fprob>
        </actor>
        <actor name="D0N30">
            <wcet number="0">10</wcet>
            <wcet number="1">70</wcet>
            <maxpow number="0.46586570616234424"/>
            <maxpow number="0.46586570616234424"/>
            <fprob>0.0</fprob>
        </actor>
        <actor name="D0N34">
            <wcet number="0">110</wcet>
            <wcet number="1">130</wcet>
            <maxpow number="0.6017716998418478"/>
            <maxpow number="0.6017716998418478"/>
            <fprob>0.0</fprob>
        </actor>
        <actor name="D0N25">
            <wcet number="0">80</wcet>
            <wcet number="1">130</wcet>
            <maxpow number="0.5149948868258755"/>
            <maxpow number="0.5149948868258755"/>
            <fprob>0.0</fprob>
        </actor>
        <ports>
            <port dstActor="D0N16" name="p0" srcActor="D0N12"/>
            <port dstActor="D0N38" name="p1" srcActor="D0N12"/>
            <port dstActor="D0N21" name="p2" srcActor="D0N12"/>
            <port dstActor="D0N47" name="p3" srcActor="D0N12"/>
            <port dstActor="D0N47" name="p4" srcActor="D0N9"/>
            <port dstActor="D0N17" name="p5" srcActor="D0N9"/>
            <port dstActor="D0N32" name="p6" srcActor="D0N9"/>
            <port dstActor="D0N19" name="p7" srcActor="D0N9"/>
            <port dstActor="D0N40" name="p8" srcActor="D0N16"/>
            <port dstActor="D0N20" name="p9" srcActor="D0N16"/>
            <port dstActor="D0N43" name="p10" srcActor="D0N16"/>
            <port dstActor="D0N35" name="p11" srcActor="D0N26"/>
            <port dstActor="D0N34" name="p12" srcActor="D0N15"/>
            <port dstActor="D0N24" name="p13" srcActor="D0N15"/>
            <port dstActor="D0N33" name="p14" srcActor="D0N13"/>
            <port dstActor="D0N18" name="p15" srcActor="D0N13"/>
            <port dstActor="D0N20" name="p16" srcActor="D0N17"/>
            <port dstActor="D0N18" name="p17" srcActor="D0N17"/>
            <port dstActor="D0N39" name="p18" srcActor="D0N17"/>
            <port dstActor="D0N47" name="p19" srcActor="D0N17"/>
            <port dstActor="D0N36" name="p20" srcActor="D0N2"/>
            <port dstActor="D0N41" name="p21" srcActor="D0N2"/>
            <port dstActor="D0N25" name="p22" srcActor="D0N2"/>
            <port dstActor="D0N10" name="p23" srcActor="D0N2"/>
            <port dstActor="D0N42" name="p24" srcActor="D0N41"/>
            <port dstActor="D0N46" name="p25" srcActor="D0N28"/>
            <port dstActor="D0N35" name="p26" srcActor="D0N28"/>
            <port dstActor="D0N31" name="p27" srcActor="D0N28"/>
            <port dstActor="D0N42" name="p28" srcActor="D0N37"/>
            <port dstActor="D0N10" name="p29" srcActor="D0N0"/>
            <port dstActor="D0N18" name="p30" srcActor="D0N0"/>
            <port dstActor="D0N23" name="p31" srcActor="D0N0"/>
            <port dstActor="D0N49" name="p32" srcActor="D0N0"/>
            <port dstActor="D0N46" name="p33" srcActor="D0N20"/>
            <port dstActor="D0N26" name="p34" srcActor="D0N20"/>
            <port dstActor="D0N41" name="p35" srcActor="D0N20"/>
            <port dstActor="D0N26" name="p36" srcActor="D0N22"/>
            <port dstActor="D0N27" name="p37" srcActor="D0N22"/>
            <port dstActor="D0N34" name="p38" srcActor="D0N22"/>
            <port dstActor="D0N33" name="p39" srcActor="D0N22"/>
            <port dstActor="D0N38" name="p40" srcActor="D0N22"/>
            <port dstActor="D0N16" name="p41" srcActor="D0N7"/>
            <port dstActor="D0N18" name="p42" srcActor="D0N7"/>
            <port dstActor="D0N10" name="p43" srcActor="D0N7"/>
            <port dstActor="D0N38" name="p44" srcActor="D0N7"/>
            <port dstActor="D0N42" name="p45" srcActor="D0N7"/>
            <port dstActor="D0N39" name="p46" srcActor="D0N35"/>
            <port dstActor="D0N48" name="p47" srcActor="D0N31"/>
            <port dstActor="D0N45" name="p48" srcActor="D0N31"/>
            <port dstActor="D0N39" name="p49" srcActor="D0N31"/>
            <port dstActor="D0N11" name="p50" srcActor="D0N4"/>
            <port dstActor="D0N44" name="p51" srcActor="D0N4"/>
            <port dstActor="D0N9" name="p52" srcActor="D0N4"/>
            <port dstActor="D0N22" name="p53" srcActor="D0N4"/>
            <port dstActor="D0N39" name="p54" srcActor="D0N4"/>
            <port dstActor="D0N37" name="p55" srcActor="D0N4"/>
            <port dstActor="D0N40" name="p56" srcActor="D0N4"/>
            <port dstActor="D0N34" name="p57" srcActor="D0N4"/>
            <port dstActor="D0N17" name="p58" srcActor="D0N14"/>
            <port dstActor="D0N47" name="p59" srcActor="D0N14"/>
            <port dstActor="D0N43" name="p60" srcActor="D0N14"/>
            <port dstActor="D0N44" name="p61" srcActor="D0N29"/>
            <port dstActor="D0N45" name="p62" srcActor="D0N29"/>
            <port dstActor="D0N34" name="p63" srcActor="D0N8"/>
            <port dstActor="D0N21" name="p64" srcActor="D0N8"/>
            <port dstActor="D0N28" name="p65" srcActor="D0N8"/>
            <port dstActor="D0N36" name="p66" srcActor="D0N8"/>
            <port dstActor="D0N49" name="p67" srcActor="D0N8"/>
            <port dstActor="D0N24" name="p68" srcActor="D0N19"/>
            <port dstActor="D0N33" name="p69" srcActor="D0N19"/>
            <port dstActor="D0N25" name="p70" srcActor="D0N19"/>
            <port dstActor="D0N29" name="p71" srcActor="D0N19"/>
            <port dstActor="D0N15" name="p72" srcActor="D0N3"/>
            <port dstActor="D0N40" name="p73" srcActor="D0N3"/>
            <port dstActor="D0N49" name="p74" srcActor="D0N3"/>
            <port dstActor="D0N35" name="p75" srcActor="D0N3"/>
            <port dstActor="D0N26" name="p76" srcActor="D0N3"/>
            <port dstActor="D0N32" name="p77" srcActor="D0N3"/>
            <port dstActor="D0N48" name="p78" srcActor="D0N11"/>
            <port dstActor="D0N40" name="p79" srcActor="D0N11"/>
            <port dstActor="D0N47" name="p80" srcActor="D0N40"/>
            <port dstActor="D0N35" name="p81" srcActor="D0N18"/>
            <port dstActor="D0N39" name="p82" srcActor="D0N18"/>
            <port dstActor="D0N38" name="p83" srcActor="D0N32"/>
            <port dstActor="D0N41" name="p84" srcActor="D0N5"/>
            <port dstActor="D0N7" name="p85" srcActor="D0N5"/>
            <port dstActor="D0N35" name="p86" srcActor="D0N5"/>
            <port dstActor="D0N47" name="p87" srcActor="D0N5"/>
            <port dstActor="D0N23" name="p88" srcActor="D0N21"/>
            <port dstActor="D0N45" name="p89" srcActor="D0N21"/>
            <port dstActor="D0N44" name="p90" srcActor="D0N21"/>
            <port dstActor="D0N49" name="p91" srcActor="D0N21"/>
            <port dstActor="D0N26" name="p92" srcActor="D0N21"/>
            <port dstActor="D0N33" name="p93" srcActor="D0N21"/>
            <port dstActor="D0N41" name="p94" srcActor="D0N21"/>
            <port dstActor="D0N48" name="p95" srcActor="D0N39"/>
            <port dstActor="D0N49" name="p96" srcActor="D0N39"/>
            <port dstActor="D0N31" name="p97" srcActor="D0N27"/>
            <port dstActor="D0N36" name="p98" srcActor="D0N27"/>
            <port dstActor="D0N11" name="p99" srcActor="D0N1"/>
            <port dstActor="D0N46" name="p100" srcActor="D0N1"/>
            <port dstActor="D0N32" name="p101" srcActor="D0N1"/>
            <port dstActor="D0N39" name="p102" srcActor="D0N1"/>
            <port dstActor="D0N45" name="p103" srcActor="D0N10"/>
            <port dstActor="D0N34" name="p104" srcActor="D0N10"/>
            <port dstActor="D0N17" name="p105" srcActor="D0N10"/>
            <port dstActor="D0N12" name="p106" srcActor="D0N10"/>
            <port dstActor="D0N47" name="p107" srcActor="D0N10"/>
            <port dstActor="D0N40" name="p108" srcActor="D0N33"/>
            <port dstActor="D0N45" name="p109" srcActor="D0N33"/>
            <port dstActor="D0N37" name="p110" srcActor="D0N33"/>
            <port dstActor="D0N48" name="p111" srcActor="D0N36"/>
            <port dstActor="D0N41" name="p112" srcActor="D0N36"/>
            <port dstActor="D0N49" name="p113" srcActor="D0N36"/>
            <port dstActor="D0N20" name="p114" srcActor="D0N6"/>
            <port dstActor="D0N28" name="p115" srcActor="D0N6"/>
            <port dstActor="D0N43" name="p116" srcActor="D0N6"/>
            <port dstActor="D0N13" name="p117" srcActor="D0N6"/>
            <port dstActor="D0N48" name="p118" srcActor="D0N30"/>
            <port dstActor="D0N39" name="p119" srcActor="D0N30"/>
            <port dstActor="D0N47" name="p120" srcActor="D0N30"/>
            <port dstActor="D0N41" name="p121" srcActor="D0N25"/>
            <port dstActor="D0N44" name="p122" srcActor="D0N25"/>
            <port dstActor="D0N29" name="p123" srcActor="D0N25"/>
            <port dstActor="D0N30" name="p124" srcActor="D0N25"/>
        </ports>
    </mcdag>
    <cores number="3"/>
    <levels number="2"/>
</mcsystem>
