<?xml version="1.0" encoding="UTF-8" standalone="no"?>
<mcsystem>
    <mcdag deadline="2500" name="genned-0-ed-10.0-0">
        <actor name="D0N13">
            <wcet number="0">90</wcet>
            <wcet number="1">170</wcet>
            <maxpow number="0.503418875542817"/>
            <maxpow number="0.503418875542817"/>
            <fprob>0.0</fprob>
        </actor>
        <actor name="D0N35">
            <wcet number="0">40</wcet>
            <wcet number="1">190</wcet>
            <maxpow number="0.44913818474785794"/>
            <maxpow number="0.44913818474785794"/>
            <fprob>0.0</fprob>
        </actor>
        <actor name="D0N32">
            <wcet number="0">10</wcet>
            <wcet number="1">70</wcet>
            <maxpow number="0.29205389743314175"/>
            <maxpow number="0.29205389743314175"/>
            <fprob>0.0</fprob>
        </actor>
        <actor name="D0N36">
            <wcet number="0">220</wcet>
            <wcet number="1">270</wcet>
            <maxpow number="0.5945939500784451"/>
            <maxpow number="0.5945939500784451"/>
            <fprob>0.0</fprob>
        </actor>
        <actor name="D0N31">
            <wcet number="0">210</wcet>
            <wcet number="1">230</wcet>
            <maxpow number="0.5008752092917739"/>
            <maxpow number="0.5008752092917739"/>
            <fprob>0.0</fprob>
        </actor>
        <actor name="D0N26">
            <wcet number="0">130</wcet>
            <wcet number="1">430</wcet>
            <maxpow number="0.450487960662444"/>
            <maxpow number="0.450487960662444"/>
            <fprob>0.0</fprob>
        </actor>
        <actor name="D0N1">
            <wcet number="0">10</wcet>
            <wcet number="1">20</wcet>
            <maxpow number="0.5645551363200129"/>
            <maxpow number="0.5645551363200129"/>
            <fprob>0.0</fprob>
        </actor>
        <actor name="D0N28">
            <wcet number="0">20</wcet>
            <wcet number="1">20</wcet>
            <maxpow number="0.2340609749080399"/>
            <maxpow number="0.2340609749080399"/>
            <fprob>0.0</fprob>
        </actor>
        <actor name="D0N11">
            <wcet number="0">20</wcet>
            <wcet number="1">70</wcet>
            <maxpow number="0.5219504955032489"/>
            <maxpow number="0.5219504955032489"/>
            <fprob>0.0</fprob>
        </actor>
        <actor name="D0N29">
            <wcet number="0">10</wcet>
            <wcet number="1">210</wcet>
            <maxpow number="0.5881791513960081"/>
            <maxpow number="0.5881791513960081"/>
            <fprob>0.0</fprob>
        </actor>
        <actor name="D0N30">
            <wcet number="0">10</wcet>
            <wcet number="1">20</wcet>
            <maxpow number="0.41119279577670287"/>
            <maxpow number="0.41119279577670287"/>
            <fprob>0.0</fprob>
        </actor>
        <actor name="D0N3">
            <wcet number="0">10</wcet>
            <wcet number="1">10</wcet>
            <maxpow number="0.4575404241193076"/>
            <maxpow number="0.4575404241193076"/>
            <fprob>0.0</fprob>
        </actor>
        <actor name="D0N44">
            <wcet number="0">70</wcet>
            <wcet number="1">110</wcet>
            <maxpow number="0.7081371342918553"/>
            <maxpow number="0.7081371342918553"/>
            <fprob>0.0</fprob>
        </actor>
        <actor name="D0N33">
            <wcet number="0">80</wcet>
            <wcet number="1">90</wcet>
            <maxpow number="0.658047709367725"/>
            <maxpow number="0.658047709367725"/>
            <fprob>0.0</fprob>
        </actor>
        <actor name="D0N42">
            <wcet number="0">10</wcet>
            <wcet number="1">10</wcet>
            <maxpow number="0.5841807390085528"/>
            <maxpow number="0.5841807390085528"/>
            <fprob>0.0</fprob>
        </actor>
        <actor name="D0N14">
            <wcet number="0">10</wcet>
            <wcet number="1">10</wcet>
            <maxpow number="0.5621009512608834"/>
            <maxpow number="0.5621009512608834"/>
            <fprob>0.0</fprob>
        </actor>
        <actor name="D0N22">
            <wcet number="0">10</wcet>
            <wcet number="1">10</wcet>
            <maxpow number="0.8029386204018485"/>
            <maxpow number="0.8029386204018485"/>
            <fprob>0.0</fprob>
        </actor>
        <actor name="D0N37">
            <wcet number="0">90</wcet>
            <wcet number="1">260</wcet>
            <maxpow number="0.5787472122499857"/>
            <maxpow number="0.5787472122499857"/>
            <fprob>0.0</fprob>
        </actor>
        <actor name="D0N27">
            <wcet number="0">120</wcet>
            <wcet number="1">200</wcet>
            <maxpow number="0.8146323064658029"/>
            <maxpow number="0.8146323064658029"/>
            <fprob>0.0</fprob>
        </actor>
        <actor name="D0N12">
            <wcet number="0">10</wcet>
            <wcet number="1">90</wcet>
            <maxpow number="0.4665435139944881"/>
            <maxpow number="0.4665435139944881"/>
            <fprob>0.0</fprob>
        </actor>
        <actor name="D0N16">
            <wcet number="0">30</wcet>
            <wcet number="1">90</wcet>
            <maxpow number="0.5413702774511477"/>
            <maxpow number="0.5413702774511477"/>
            <fprob>0.0</fprob>
        </actor>
        <actor name="D0N45">
            <wcet number="0">170</wcet>
            <wcet number="1">170</wcet>
            <maxpow number="0.3038500280839176"/>
            <maxpow number="0.3038500280839176"/>
            <fprob>0.0</fprob>
        </actor>
        <actor name="D0N41">
            <wcet number="0">10</wcet>
            <wcet number="1">20</wcet>
            <maxpow number="0.3361657263037324"/>
            <maxpow number="0.3361657263037324"/>
            <fprob>0.0</fprob>
        </actor>
        <actor name="D0N43">
            <wcet number="0">10</wcet>
            <wcet number="1">40</wcet>
            <maxpow number="0.5908240515342095"/>
            <maxpow number="0.5908240515342095"/>
            <fprob>0.0</fprob>
        </actor>
        <actor name="D0N34">
            <wcet number="0">10</wcet>
            <wcet number="1">160</wcet>
            <maxpow number="0.2890108760699681"/>
            <maxpow number="0.2890108760699681"/>
            <fprob>0.0</fprob>
        </actor>
        <actor name="D0N18">
            <wcet number="0">140</wcet>
            <wcet number="1">160</wcet>
            <maxpow number="0.45578951025220515"/>
            <maxpow number="0.45578951025220515"/>
            <fprob>0.0</fprob>
        </actor>
        <actor name="D0N19">
            <wcet number="0">10</wcet>
            <wcet number="1">10</wcet>
            <maxpow number="0.5385735493626654"/>
            <maxpow number="0.5385735493626654"/>
            <fprob>0.0</fprob>
        </actor>
        <actor name="D0N39">
            <wcet number="0">20</wcet>
            <wcet number="1">20</wcet>
            <maxpow number="0.8237632293687205"/>
            <maxpow number="0.8237632293687205"/>
            <fprob>0.0</fprob>
        </actor>
        <actor name="D0N38">
            <wcet number="0">150</wcet>
            <wcet number="1">250</wcet>
            <maxpow number="0.31945880364737483"/>
            <maxpow number="0.31945880364737483"/>
            <fprob>0.0</fprob>
        </actor>
        <actor name="D0N46">
            <wcet number="0">20</wcet>
            <wcet number="1">70</wcet>
            <maxpow number="0.6489815788581391"/>
            <maxpow number="0.6489815788581391"/>
            <fprob>0.0</fprob>
        </actor>
        <actor name="D0N47">
            <wcet number="0">40</wcet>
            <wcet number="1">40</wcet>
            <maxpow number="0.5170385881967425"/>
            <maxpow number="0.5170385881967425"/>
            <fprob>0.0</fprob>
        </actor>
        <actor name="D0N24">
            <wcet number="0">30</wcet>
            <wcet number="1">120</wcet>
            <maxpow number="0.5171677233732366"/>
            <maxpow number="0.5171677233732366"/>
            <fprob>0.0</fprob>
        </actor>
        <actor name="D0N0">
            <wcet number="0">10</wcet>
            <wcet number="1">40</wcet>
            <maxpow number="0.35541030399548534"/>
            <maxpow number="0.35541030399548534"/>
            <fprob>0.0</fprob>
        </actor>
        <actor name="D0N15">
            <wcet number="0">10</wcet>
            <wcet number="1">40</wcet>
            <maxpow number="0.6188021196260702"/>
            <maxpow number="0.6188021196260702"/>
            <fprob>0.0</fprob>
        </actor>
        <actor name="D0N2">
            <wcet number="0">130</wcet>
            <wcet number="1">170</wcet>
            <maxpow number="0.7263458121595403"/>
            <maxpow number="0.7263458121595403"/>
            <fprob>0.0</fprob>
        </actor>
        <actor name="D0N17">
            <wcet number="0">110</wcet>
            <wcet number="1">160</wcet>
            <maxpow number="0.3726905705479572"/>
            <maxpow number="0.3726905705479572"/>
            <fprob>0.0</fprob>
        </actor>
        <actor name="D0N40">
            <wcet number="0">40</wcet>
            <wcet number="1">60</wcet>
            <maxpow number="0.5816954772335834"/>
            <maxpow number="0.5816954772335834"/>
            <fprob>0.0</fprob>
        </actor>
        <actor name="D0N23">
            <wcet number="0">190</wcet>
            <wcet number="1">230</wcet>
            <maxpow number="0.6828098772398752"/>
            <maxpow number="0.6828098772398752"/>
            <fprob>0.0</fprob>
        </actor>
        <actor name="D0N21">
            <wcet number="0">80</wcet>
            <wcet number="1">230</wcet>
            <maxpow number="0.6954714214291889"/>
            <maxpow number="0.6954714214291889"/>
            <fprob>0.0</fprob>
        </actor>
        <actor name="D0N20">
            <wcet number="0">20</wcet>
            <wcet number="1">110</wcet>
            <maxpow number="0.6990586364579298"/>
            <maxpow number="0.6990586364579298"/>
            <fprob>0.0</fprob>
        </actor>
        <actor name="D0N48">
            <wcet number="0">20</wcet>
            <wcet number="1">90</wcet>
            <maxpow number="0.5059357448430437"/>
            <maxpow number="0.5059357448430437"/>
            <fprob>0.0</fprob>
        </actor>
        <actor name="D0N8">
            <wcet number="0">110</wcet>
            <wcet number="1">200</wcet>
            <maxpow number="0.7489636738849803"/>
            <maxpow number="0.7489636738849803"/>
            <fprob>0.0</fprob>
        </actor>
        <actor name="D0N9">
            <wcet number="0">80</wcet>
            <wcet number="1">120</wcet>
            <maxpow number="0.2819234754701934"/>
            <maxpow number="0.2819234754701934"/>
            <fprob>0.0</fprob>
        </actor>
        <actor name="D0N10">
            <wcet number="0">70</wcet>
            <wcet number="1">180</wcet>
            <maxpow number="0.32115013962894834"/>
            <maxpow number="0.32115013962894834"/>
            <fprob>0.0</fprob>
        </actor>
        <actor name="D0N5">
            <wcet number="0">60</wcet>
            <wcet number="1">70</wcet>
            <maxpow number="0.3327095942967584"/>
            <maxpow number="0.3327095942967584"/>
            <fprob>0.0</fprob>
        </actor>
        <actor name="D0N7">
            <wcet number="0">110</wcet>
            <wcet number="1">190</wcet>
            <maxpow number="0.45872754989533177"/>
            <maxpow number="0.45872754989533177"/>
            <fprob>0.0</fprob>
        </actor>
        <actor name="D0N4">
            <wcet number="0">20</wcet>
            <wcet number="1">90</wcet>
            <maxpow number="0.44634160919219756"/>
            <maxpow number="0.44634160919219756"/>
            <fprob>0.0</fprob>
        </actor>
        <actor name="D0N6">
            <wcet number="0">30</wcet>
            <wcet number="1">30</wcet>
            <maxpow number="0.5371766238275831"/>
            <maxpow number="0.5371766238275831"/>
            <fprob>0.0</fprob>
        </actor>
        <actor name="D0N25">
            <wcet number="0">40</wcet>
            <wcet number="1">100</wcet>
            <maxpow number="0.1722419272821617"/>
            <maxpow number="0.1722419272821617"/>
            <fprob>0.0</fprob>
        </actor>
        <ports>
            <port dstActor="D0N28" name="p0" srcActor="D0N13"/>
            <port dstActor="D0N40" name="p1" srcActor="D0N35"/>
            <port dstActor="D0N48" name="p2" srcActor="D0N36"/>
            <port dstActor="D0N33" name="p3" srcActor="D0N31"/>
            <port dstActor="D0N42" name="p4" srcActor="D0N31"/>
            <port dstActor="D0N41" name="p5" srcActor="D0N31"/>
            <port dstActor="D0N39" name="p6" srcActor="D0N26"/>
            <port dstActor="D0N37" name="p7" srcActor="D0N26"/>
            <port dstActor="D0N29" name="p8" srcActor="D0N26"/>
            <port dstActor="D0N23" name="p9" srcActor="D0N1"/>
            <port dstActor="D0N44" name="p10" srcActor="D0N1"/>
            <port dstActor="D0N20" name="p11" srcActor="D0N1"/>
            <port dstActor="D0N37" name="p12" srcActor="D0N28"/>
            <port dstActor="D0N39" name="p13" srcActor="D0N28"/>
            <port dstActor="D0N37" name="p14" srcActor="D0N11"/>
            <port dstActor="D0N43" name="p15" srcActor="D0N11"/>
            <port dstActor="D0N30" name="p16" srcActor="D0N11"/>
            <port dstActor="D0N15" name="p17" srcActor="D0N11"/>
            <port dstActor="D0N36" name="p18" srcActor="D0N11"/>
            <port dstActor="D0N31" name="p19" srcActor="D0N29"/>
            <port dstActor="D0N48" name="p20" srcActor="D0N29"/>
            <port dstActor="D0N42" name="p21" srcActor="D0N30"/>
            <port dstActor="D0N45" name="p22" srcActor="D0N30"/>
            <port dstActor="D0N46" name="p23" srcActor="D0N30"/>
            <port dstActor="D0N30" name="p24" srcActor="D0N3"/>
            <port dstActor="D0N10" name="p25" srcActor="D0N3"/>
            <port dstActor="D0N20" name="p26" srcActor="D0N3"/>
            <port dstActor="D0N40" name="p27" srcActor="D0N3"/>
            <port dstActor="D0N28" name="p28" srcActor="D0N3"/>
            <port dstActor="D0N36" name="p29" srcActor="D0N33"/>
            <port dstActor="D0N38" name="p30" srcActor="D0N33"/>
            <port dstActor="D0N42" name="p31" srcActor="D0N33"/>
            <port dstActor="D0N47" name="p32" srcActor="D0N42"/>
            <port dstActor="D0N42" name="p33" srcActor="D0N14"/>
            <port dstActor="D0N35" name="p34" srcActor="D0N14"/>
            <port dstActor="D0N46" name="p35" srcActor="D0N14"/>
            <port dstActor="D0N23" name="p36" srcActor="D0N14"/>
            <port dstActor="D0N40" name="p37" srcActor="D0N22"/>
            <port dstActor="D0N45" name="p38" srcActor="D0N22"/>
            <port dstActor="D0N44" name="p39" srcActor="D0N37"/>
            <port dstActor="D0N29" name="p40" srcActor="D0N27"/>
            <port dstActor="D0N44" name="p41" srcActor="D0N27"/>
            <port dstActor="D0N29" name="p42" srcActor="D0N12"/>
            <port dstActor="D0N44" name="p43" srcActor="D0N16"/>
            <port dstActor="D0N46" name="p44" srcActor="D0N16"/>
            <port dstActor="D0N47" name="p45" srcActor="D0N45"/>
            <port dstActor="D0N44" name="p46" srcActor="D0N41"/>
            <port dstActor="D0N43" name="p47" srcActor="D0N34"/>
            <port dstActor="D0N45" name="p48" srcActor="D0N34"/>
            <port dstActor="D0N46" name="p49" srcActor="D0N34"/>
            <port dstActor="D0N36" name="p50" srcActor="D0N34"/>
            <port dstActor="D0N43" name="p51" srcActor="D0N18"/>
            <port dstActor="D0N36" name="p52" srcActor="D0N18"/>
            <port dstActor="D0N38" name="p53" srcActor="D0N18"/>
            <port dstActor="D0N19" name="p54" srcActor="D0N18"/>
            <port dstActor="D0N29" name="p55" srcActor="D0N18"/>
            <port dstActor="D0N46" name="p56" srcActor="D0N19"/>
            <port dstActor="D0N46" name="p57" srcActor="D0N38"/>
            <port dstActor="D0N40" name="p58" srcActor="D0N38"/>
            <port dstActor="D0N25" name="p59" srcActor="D0N24"/>
            <port dstActor="D0N26" name="p60" srcActor="D0N24"/>
            <port dstActor="D0N27" name="p61" srcActor="D0N24"/>
            <port dstActor="D0N43" name="p62" srcActor="D0N24"/>
            <port dstActor="D0N26" name="p63" srcActor="D0N0"/>
            <port dstActor="D0N35" name="p64" srcActor="D0N0"/>
            <port dstActor="D0N41" name="p65" srcActor="D0N0"/>
            <port dstActor="D0N16" name="p66" srcActor="D0N0"/>
            <port dstActor="D0N26" name="p67" srcActor="D0N15"/>
            <port dstActor="D0N28" name="p68" srcActor="D0N15"/>
            <port dstActor="D0N17" name="p69" srcActor="D0N15"/>
            <port dstActor="D0N22" name="p70" srcActor="D0N15"/>
            <port dstActor="D0N32" name="p71" srcActor="D0N15"/>
            <port dstActor="D0N18" name="p72" srcActor="D0N15"/>
            <port dstActor="D0N27" name="p73" srcActor="D0N2"/>
            <port dstActor="D0N22" name="p74" srcActor="D0N2"/>
            <port dstActor="D0N17" name="p75" srcActor="D0N2"/>
            <port dstActor="D0N40" name="p76" srcActor="D0N2"/>
            <port dstActor="D0N5" name="p77" srcActor="D0N2"/>
            <port dstActor="D0N48" name="p78" srcActor="D0N17"/>
            <port dstActor="D0N41" name="p79" srcActor="D0N17"/>
            <port dstActor="D0N24" name="p80" srcActor="D0N17"/>
            <port dstActor="D0N36" name="p81" srcActor="D0N17"/>
            <port dstActor="D0N34" name="p82" srcActor="D0N17"/>
            <port dstActor="D0N39" name="p83" srcActor="D0N20"/>
            <port dstActor="D0N20" name="p84" srcActor="D0N8"/>
            <port dstActor="D0N25" name="p85" srcActor="D0N9"/>
            <port dstActor="D0N37" name="p86" srcActor="D0N9"/>
            <port dstActor="D0N27" name="p87" srcActor="D0N9"/>
            <port dstActor="D0N32" name="p88" srcActor="D0N9"/>
            <port dstActor="D0N39" name="p89" srcActor="D0N9"/>
            <port dstActor="D0N44" name="p90" srcActor="D0N10"/>
            <port dstActor="D0N32" name="p91" srcActor="D0N10"/>
            <port dstActor="D0N13" name="p92" srcActor="D0N10"/>
            <port dstActor="D0N28" name="p93" srcActor="D0N5"/>
            <port dstActor="D0N7" name="p94" srcActor="D0N5"/>
            <port dstActor="D0N13" name="p95" srcActor="D0N5"/>
            <port dstActor="D0N23" name="p96" srcActor="D0N5"/>
            <port dstActor="D0N36" name="p97" srcActor="D0N5"/>
            <port dstActor="D0N19" name="p98" srcActor="D0N7"/>
            <port dstActor="D0N39" name="p99" srcActor="D0N7"/>
            <port dstActor="D0N23" name="p100" srcActor="D0N7"/>
            <port dstActor="D0N41" name="p101" srcActor="D0N7"/>
            <port dstActor="D0N22" name="p102" srcActor="D0N7"/>
            <port dstActor="D0N32" name="p103" srcActor="D0N7"/>
            <port dstActor="D0N25" name="p104" srcActor="D0N7"/>
            <port dstActor="D0N9" name="p105" srcActor="D0N4"/>
            <port dstActor="D0N36" name="p106" srcActor="D0N4"/>
            <port dstActor="D0N35" name="p107" srcActor="D0N4"/>
            <port dstActor="D0N28" name="p108" srcActor="D0N4"/>
            <port dstActor="D0N10" name="p109" srcActor="D0N4"/>
            <port dstActor="D0N12" name="p110" srcActor="D0N6"/>
            <port dstActor="D0N11" name="p111" srcActor="D0N6"/>
            <port dstActor="D0N41" name="p112" srcActor="D0N6"/>
            <port dstActor="D0N9" name="p113" srcActor="D0N6"/>
            <port dstActor="D0N28" name="p114" srcActor="D0N6"/>
            <port dstActor="D0N31" name="p115" srcActor="D0N25"/>
            <port dstActor="D0N46" name="p116" srcActor="D0N25"/>
            <port dstActor="D0N28" name="p117" srcActor="D0N25"/>
            <port dstActor="D0N33" name="p118" srcActor="D0N25"/>
        </ports>
    </mcdag>
    <cores number="3"/>
    <levels number="2"/>
</mcsystem>
