<?xml version="1.0" encoding="UTF-8" standalone="no"?>
<mcsystem>
    <mcdag deadline="1500" name="genned-0-ed-10.0-0">
        <actor name="D0N21">
            <wcet number="0">30</wcet>
            <wcet number="1">30</wcet>
            <maxpow number="0.3760837544858393"/>
            <maxpow number="0.3760837544858393"/>
            <fprob>0.0</fprob>
        </actor>
        <actor name="D0N20">
            <wcet number="0">40</wcet>
            <wcet number="1">50</wcet>
            <maxpow number="0.08243229567521959"/>
            <maxpow number="0.08243229567521959"/>
            <fprob>0.0</fprob>
        </actor>
        <actor name="D0N41">
            <wcet number="0">10</wcet>
            <wcet number="1">250</wcet>
            <maxpow number="0.4295821849844843"/>
            <maxpow number="0.4295821849844843"/>
            <fprob>0.0</fprob>
        </actor>
        <actor name="D0N25">
            <wcet number="0">140</wcet>
            <wcet number="1">220</wcet>
            <maxpow number="0.41583848672955437"/>
            <maxpow number="0.41583848672955437"/>
            <fprob>0.0</fprob>
        </actor>
        <actor name="D0N37">
            <wcet number="0">30</wcet>
            <wcet number="1">30</wcet>
            <maxpow number="0.533914963577466"/>
            <maxpow number="0.533914963577466"/>
            <fprob>0.0</fprob>
        </actor>
        <actor name="D0N14">
            <wcet number="0">20</wcet>
            <wcet number="1">20</wcet>
            <maxpow number="0.6961124688626725"/>
            <maxpow number="0.6961124688626725"/>
            <fprob>0.0</fprob>
        </actor>
        <actor name="D0N16">
            <wcet number="0">30</wcet>
            <wcet number="1">40</wcet>
            <maxpow number="0.996073410402563"/>
            <maxpow number="0.996073410402563"/>
            <fprob>0.0</fprob>
        </actor>
        <actor name="D0N33">
            <wcet number="0">10</wcet>
            <wcet number="1">10</wcet>
            <maxpow number="0.6178916205869524"/>
            <maxpow number="0.6178916205869524"/>
            <fprob>0.0</fprob>
        </actor>
        <actor name="D0N43">
            <wcet number="0">260</wcet>
            <wcet number="1">290</wcet>
            <maxpow number="0.8949419552763607"/>
            <maxpow number="0.8949419552763607"/>
            <fprob>0.0</fprob>
        </actor>
        <actor name="D0N30">
            <wcet number="0">20</wcet>
            <wcet number="1">60</wcet>
            <maxpow number="0.6863540254755217"/>
            <maxpow number="0.6863540254755217"/>
            <fprob>0.0</fprob>
        </actor>
        <actor name="D0N48">
            <wcet number="0">10</wcet>
            <wcet number="1">10</wcet>
            <maxpow number="0.7698909794148951"/>
            <maxpow number="0.7698909794148951"/>
            <fprob>0.0</fprob>
        </actor>
        <actor name="D0N10">
            <wcet number="0">40</wcet>
            <wcet number="1">80</wcet>
            <maxpow number="0.5739731570265363"/>
            <maxpow number="0.5739731570265363"/>
            <fprob>0.0</fprob>
        </actor>
        <actor name="D0N39">
            <wcet number="0">10</wcet>
            <wcet number="1">20</wcet>
            <maxpow number="0.5370086651912047"/>
            <maxpow number="0.5370086651912047"/>
            <fprob>0.0</fprob>
        </actor>
        <actor name="D0N4">
            <wcet number="0">20</wcet>
            <wcet number="1">20</wcet>
            <maxpow number="0.535768498761748"/>
            <maxpow number="0.535768498761748"/>
            <fprob>0.0</fprob>
        </actor>
        <actor name="D0N5">
            <wcet number="0">20</wcet>
            <wcet number="1">40</wcet>
            <maxpow number="0.8050482303412008"/>
            <maxpow number="0.8050482303412008"/>
            <fprob>0.0</fprob>
        </actor>
        <actor name="D0N47">
            <wcet number="0">50</wcet>
            <wcet number="1">50</wcet>
            <maxpow number="0.7132805219125323"/>
            <maxpow number="0.7132805219125323"/>
            <fprob>0.0</fprob>
        </actor>
        <actor name="D0N32">
            <wcet number="0">20</wcet>
            <wcet number="1">40</wcet>
            <maxpow number="0.05188543273167423"/>
            <maxpow number="0.05188543273167423"/>
            <fprob>0.0</fprob>
        </actor>
        <actor name="D0N27">
            <wcet number="0">50</wcet>
            <wcet number="1">150</wcet>
            <maxpow number="0.5962036735774361"/>
            <maxpow number="0.5962036735774361"/>
            <fprob>0.0</fprob>
        </actor>
        <actor name="D0N18">
            <wcet number="0">40</wcet>
            <wcet number="1">90</wcet>
            <maxpow number="0.7041220728370976"/>
            <maxpow number="0.7041220728370976"/>
            <fprob>0.0</fprob>
        </actor>
        <actor name="D0N45">
            <wcet number="0">30</wcet>
            <wcet number="1">40</wcet>
            <maxpow number="0.5490878232684165"/>
            <maxpow number="0.5490878232684165"/>
            <fprob>0.0</fprob>
        </actor>
        <actor name="D0N9">
            <wcet number="0">10</wcet>
            <wcet number="1">20</wcet>
            <maxpow number="0.5310632985441623"/>
            <maxpow number="0.5310632985441623"/>
            <fprob>0.0</fprob>
        </actor>
        <actor name="D0N44">
            <wcet number="0">10</wcet>
            <wcet number="1">10</wcet>
            <maxpow number="0.7240057732342552"/>
            <maxpow number="0.7240057732342552"/>
            <fprob>0.0</fprob>
        </actor>
        <actor name="D0N40">
            <wcet number="0">10</wcet>
            <wcet number="1">20</wcet>
            <maxpow number="0.49596501476830823"/>
            <maxpow number="0.49596501476830823"/>
            <fprob>0.0</fprob>
        </actor>
        <actor name="D0N35">
            <wcet number="0">20</wcet>
            <wcet number="1">20</wcet>
            <maxpow number="0.14952950056960174"/>
            <maxpow number="0.14952950056960174"/>
            <fprob>0.0</fprob>
        </actor>
        <actor name="D0N36">
            <wcet number="0">10</wcet>
            <wcet number="1">10</wcet>
            <maxpow number="0.5836257187188699"/>
            <maxpow number="0.5836257187188699"/>
            <fprob>0.0</fprob>
        </actor>
        <actor name="D0N7">
            <wcet number="0">20</wcet>
            <wcet number="1">40</wcet>
            <maxpow number="0.44283305819745644"/>
            <maxpow number="0.44283305819745644"/>
            <fprob>0.0</fprob>
        </actor>
        <actor name="D0N31">
            <wcet number="0">110</wcet>
            <wcet number="1">180</wcet>
            <maxpow number="0.8023390764717874"/>
            <maxpow number="0.8023390764717874"/>
            <fprob>0.0</fprob>
        </actor>
        <actor name="D0N0">
            <wcet number="0">20</wcet>
            <wcet number="1">20</wcet>
            <maxpow number="0.4752927680932982"/>
            <maxpow number="0.4752927680932982"/>
            <fprob>0.0</fprob>
        </actor>
        <actor name="D0N2">
            <wcet number="0">10</wcet>
            <wcet number="1">20</wcet>
            <maxpow number="0.6225083724928758"/>
            <maxpow number="0.6225083724928758"/>
            <fprob>0.0</fprob>
        </actor>
        <actor name="D0N42">
            <wcet number="0">30</wcet>
            <wcet number="1">40</wcet>
            <maxpow number="0.5454424258303764"/>
            <maxpow number="0.5454424258303764"/>
            <fprob>0.0</fprob>
        </actor>
        <actor name="D0N24">
            <wcet number="0">20</wcet>
            <wcet number="1">40</wcet>
            <maxpow number="0.26673598914834135"/>
            <maxpow number="0.26673598914834135"/>
            <fprob>0.0</fprob>
        </actor>
        <actor name="D0N28">
            <wcet number="0">180</wcet>
            <wcet number="1">280</wcet>
            <maxpow number="0.6246389942817325"/>
            <maxpow number="0.6246389942817325"/>
            <fprob>0.0</fprob>
        </actor>
        <actor name="D0N8">
            <wcet number="0">10</wcet>
            <wcet number="1">10</wcet>
            <maxpow number="0.6829634981837598"/>
            <maxpow number="0.6829634981837598"/>
            <fprob>0.0</fprob>
        </actor>
        <actor name="D0N12">
            <wcet number="0">130</wcet>
            <wcet number="1">140</wcet>
            <maxpow number="0.4101383425175148"/>
            <maxpow number="0.4101383425175148"/>
            <fprob>0.0</fprob>
        </actor>
        <actor name="D0N11">
            <wcet number="0">10</wcet>
            <wcet number="1">30</wcet>
            <maxpow number="0.5661187915433097"/>
            <maxpow number="0.5661187915433097"/>
            <fprob>0.0</fprob>
        </actor>
        <actor name="D0N29">
            <wcet number="0">50</wcet>
            <wcet number="1">50</wcet>
            <maxpow number="0.6404318155976666"/>
            <maxpow number="0.6404318155976666"/>
            <fprob>0.0</fprob>
        </actor>
        <actor name="D0N23">
            <wcet number="0">20</wcet>
            <wcet number="1">190</wcet>
            <maxpow number="0.40557742544553244"/>
            <maxpow number="0.40557742544553244"/>
            <fprob>0.0</fprob>
        </actor>
        <actor name="D0N34">
            <wcet number="0">20</wcet>
            <wcet number="1">120</wcet>
            <maxpow number="0.508990955140266"/>
            <maxpow number="0.508990955140266"/>
            <fprob>0.0</fprob>
        </actor>
        <actor name="D0N17">
            <wcet number="0">40</wcet>
            <wcet number="1">40</wcet>
            <maxpow number="0.4407423145835429"/>
            <maxpow number="0.4407423145835429"/>
            <fprob>0.0</fprob>
        </actor>
        <actor name="D0N6">
            <wcet number="0">50</wcet>
            <wcet number="1">70</wcet>
            <maxpow number="0.7375626569932906"/>
            <maxpow number="0.7375626569932906"/>
            <fprob>0.0</fprob>
        </actor>
        <actor name="D0N15">
            <wcet number="0">60</wcet>
            <wcet number="1">60</wcet>
            <maxpow number="0.46555647725156984"/>
            <maxpow number="0.46555647725156984"/>
            <fprob>0.0</fprob>
        </actor>
        <actor name="D0N19">
            <wcet number="0">10</wcet>
            <wcet number="1">10</wcet>
            <maxpow number="0.5459122230888311"/>
            <maxpow number="0.5459122230888311"/>
            <fprob>0.0</fprob>
        </actor>
        <actor name="D0N46">
            <wcet number="0">80</wcet>
            <wcet number="1">100</wcet>
            <maxpow number="0.3508120580698679"/>
            <maxpow number="0.3508120580698679"/>
            <fprob>0.0</fprob>
        </actor>
        <actor name="D0N13">
            <wcet number="0">60</wcet>
            <wcet number="1">70</wcet>
            <maxpow number="0.5997082334925545"/>
            <maxpow number="0.5997082334925545"/>
            <fprob>0.0</fprob>
        </actor>
        <actor name="D0N22">
            <wcet number="0">10</wcet>
            <wcet number="1">20</wcet>
            <maxpow number="0.44134343674707144"/>
            <maxpow number="0.44134343674707144"/>
            <fprob>0.0</fprob>
        </actor>
        <actor name="D0N26">
            <wcet number="0">90</wcet>
            <wcet number="1">130</wcet>
            <maxpow number="0.42449424186118645"/>
            <maxpow number="0.42449424186118645"/>
            <fprob>0.0</fprob>
        </actor>
        <actor name="D0N38">
            <wcet number="0">10</wcet>
            <wcet number="1">40</wcet>
            <maxpow number="0.6753361594537172"/>
            <maxpow number="0.6753361594537172"/>
            <fprob>0.0</fprob>
        </actor>
        <actor name="D0N1">
            <wcet number="0">10</wcet>
            <wcet number="1">40</wcet>
            <maxpow number="0.3007127814125875"/>
            <maxpow number="0.3007127814125875"/>
            <fprob>0.0</fprob>
        </actor>
        <actor name="D0N3">
            <wcet number="0">20</wcet>
            <wcet number="1">90</wcet>
            <maxpow number="0.5478728736497374"/>
            <maxpow number="0.5478728736497374"/>
            <fprob>0.0</fprob>
        </actor>
        <ports>
            <port dstActor="D0N24" name="p0" srcActor="D0N21"/>
            <port dstActor="D0N48" name="p1" srcActor="D0N21"/>
            <port dstActor="D0N43" name="p2" srcActor="D0N21"/>
            <port dstActor="D0N35" name="p3" srcActor="D0N20"/>
            <port dstActor="D0N47" name="p4" srcActor="D0N20"/>
            <port dstActor="D0N27" name="p5" srcActor="D0N25"/>
            <port dstActor="D0N37" name="p6" srcActor="D0N25"/>
            <port dstActor="D0N35" name="p7" srcActor="D0N25"/>
            <port dstActor="D0N39" name="p8" srcActor="D0N37"/>
            <port dstActor="D0N42" name="p9" srcActor="D0N14"/>
            <port dstActor="D0N21" name="p10" srcActor="D0N14"/>
            <port dstActor="D0N28" name="p11" srcActor="D0N14"/>
            <port dstActor="D0N27" name="p12" srcActor="D0N14"/>
            <port dstActor="D0N34" name="p13" srcActor="D0N14"/>
            <port dstActor="D0N20" name="p14" srcActor="D0N14"/>
            <port dstActor="D0N40" name="p15" srcActor="D0N16"/>
            <port dstActor="D0N34" name="p16" srcActor="D0N16"/>
            <port dstActor="D0N27" name="p17" srcActor="D0N16"/>
            <port dstActor="D0N46" name="p18" srcActor="D0N33"/>
            <port dstActor="D0N47" name="p19" srcActor="D0N43"/>
            <port dstActor="D0N14" name="p20" srcActor="D0N10"/>
            <port dstActor="D0N39" name="p21" srcActor="D0N10"/>
            <port dstActor="D0N34" name="p22" srcActor="D0N10"/>
            <port dstActor="D0N23" name="p23" srcActor="D0N10"/>
            <port dstActor="D0N21" name="p24" srcActor="D0N4"/>
            <port dstActor="D0N11" name="p25" srcActor="D0N4"/>
            <port dstActor="D0N7" name="p26" srcActor="D0N4"/>
            <port dstActor="D0N37" name="p27" srcActor="D0N4"/>
            <port dstActor="D0N39" name="p28" srcActor="D0N4"/>
            <port dstActor="D0N27" name="p29" srcActor="D0N5"/>
            <port dstActor="D0N37" name="p30" srcActor="D0N5"/>
            <port dstActor="D0N18" name="p31" srcActor="D0N5"/>
            <port dstActor="D0N22" name="p32" srcActor="D0N5"/>
            <port dstActor="D0N44" name="p33" srcActor="D0N5"/>
            <port dstActor="D0N17" name="p34" srcActor="D0N5"/>
            <port dstActor="D0N36" name="p35" srcActor="D0N32"/>
            <port dstActor="D0N39" name="p36" srcActor="D0N27"/>
            <port dstActor="D0N43" name="p37" srcActor="D0N27"/>
            <port dstActor="D0N48" name="p38" srcActor="D0N27"/>
            <port dstActor="D0N26" name="p39" srcActor="D0N18"/>
            <port dstActor="D0N43" name="p40" srcActor="D0N18"/>
            <port dstActor="D0N33" name="p41" srcActor="D0N18"/>
            <port dstActor="D0N46" name="p42" srcActor="D0N45"/>
            <port dstActor="D0N41" name="p43" srcActor="D0N9"/>
            <port dstActor="D0N10" name="p44" srcActor="D0N9"/>
            <port dstActor="D0N32" name="p45" srcActor="D0N9"/>
            <port dstActor="D0N19" name="p46" srcActor="D0N9"/>
            <port dstActor="D0N45" name="p47" srcActor="D0N40"/>
            <port dstActor="D0N37" name="p48" srcActor="D0N35"/>
            <port dstActor="D0N36" name="p49" srcActor="D0N35"/>
            <port dstActor="D0N48" name="p50" srcActor="D0N35"/>
            <port dstActor="D0N48" name="p51" srcActor="D0N36"/>
            <port dstActor="D0N38" name="p52" srcActor="D0N7"/>
            <port dstActor="D0N20" name="p53" srcActor="D0N7"/>
            <port dstActor="D0N10" name="p54" srcActor="D0N7"/>
            <port dstActor="D0N16" name="p55" srcActor="D0N7"/>
            <port dstActor="D0N25" name="p56" srcActor="D0N7"/>
            <port dstActor="D0N43" name="p57" srcActor="D0N31"/>
            <port dstActor="D0N15" name="p58" srcActor="D0N0"/>
            <port dstActor="D0N4" name="p59" srcActor="D0N0"/>
            <port dstActor="D0N37" name="p60" srcActor="D0N2"/>
            <port dstActor="D0N10" name="p61" srcActor="D0N2"/>
            <port dstActor="D0N32" name="p62" srcActor="D0N2"/>
            <port dstActor="D0N13" name="p63" srcActor="D0N2"/>
            <port dstActor="D0N22" name="p64" srcActor="D0N2"/>
            <port dstActor="D0N48" name="p65" srcActor="D0N42"/>
            <port dstActor="D0N40" name="p66" srcActor="D0N24"/>
            <port dstActor="D0N47" name="p67" srcActor="D0N24"/>
            <port dstActor="D0N41" name="p68" srcActor="D0N24"/>
            <port dstActor="D0N44" name="p69" srcActor="D0N24"/>
            <port dstActor="D0N46" name="p70" srcActor="D0N24"/>
            <port dstActor="D0N30" name="p71" srcActor="D0N28"/>
            <port dstActor="D0N40" name="p72" srcActor="D0N8"/>
            <port dstActor="D0N30" name="p73" srcActor="D0N8"/>
            <port dstActor="D0N41" name="p74" srcActor="D0N8"/>
            <port dstActor="D0N48" name="p75" srcActor="D0N8"/>
            <port dstActor="D0N34" name="p76" srcActor="D0N12"/>
            <port dstActor="D0N19" name="p77" srcActor="D0N11"/>
            <port dstActor="D0N16" name="p78" srcActor="D0N11"/>
            <port dstActor="D0N31" name="p79" srcActor="D0N11"/>
            <port dstActor="D0N48" name="p80" srcActor="D0N11"/>
            <port dstActor="D0N42" name="p81" srcActor="D0N11"/>
            <port dstActor="D0N45" name="p82" srcActor="D0N11"/>
            <port dstActor="D0N40" name="p83" srcActor="D0N29"/>
            <port dstActor="D0N33" name="p84" srcActor="D0N29"/>
            <port dstActor="D0N29" name="p85" srcActor="D0N23"/>
            <port dstActor="D0N42" name="p86" srcActor="D0N23"/>
            <port dstActor="D0N46" name="p87" srcActor="D0N23"/>
            <port dstActor="D0N34" name="p88" srcActor="D0N17"/>
            <port dstActor="D0N44" name="p89" srcActor="D0N17"/>
            <port dstActor="D0N19" name="p90" srcActor="D0N17"/>
            <port dstActor="D0N45" name="p91" srcActor="D0N17"/>
            <port dstActor="D0N13" name="p92" srcActor="D0N6"/>
            <port dstActor="D0N28" name="p93" srcActor="D0N6"/>
            <port dstActor="D0N9" name="p94" srcActor="D0N6"/>
            <port dstActor="D0N18" name="p95" srcActor="D0N15"/>
            <port dstActor="D0N29" name="p96" srcActor="D0N15"/>
            <port dstActor="D0N38" name="p97" srcActor="D0N15"/>
            <port dstActor="D0N36" name="p98" srcActor="D0N15"/>
            <port dstActor="D0N23" name="p99" srcActor="D0N19"/>
            <port dstActor="D0N24" name="p100" srcActor="D0N19"/>
            <port dstActor="D0N36" name="p101" srcActor="D0N19"/>
            <port dstActor="D0N42" name="p102" srcActor="D0N19"/>
            <port dstActor="D0N29" name="p103" srcActor="D0N19"/>
            <port dstActor="D0N37" name="p104" srcActor="D0N13"/>
            <port dstActor="D0N47" name="p105" srcActor="D0N13"/>
            <port dstActor="D0N38" name="p106" srcActor="D0N13"/>
            <port dstActor="D0N16" name="p107" srcActor="D0N13"/>
            <port dstActor="D0N36" name="p108" srcActor="D0N22"/>
            <port dstActor="D0N25" name="p109" srcActor="D0N22"/>
            <port dstActor="D0N39" name="p110" srcActor="D0N26"/>
            <port dstActor="D0N37" name="p111" srcActor="D0N26"/>
            <port dstActor="D0N44" name="p112" srcActor="D0N26"/>
            <port dstActor="D0N42" name="p113" srcActor="D0N38"/>
            <port dstActor="D0N45" name="p114" srcActor="D0N38"/>
            <port dstActor="D0N47" name="p115" srcActor="D0N1"/>
            <port dstActor="D0N9" name="p116" srcActor="D0N1"/>
            <port dstActor="D0N39" name="p117" srcActor="D0N1"/>
            <port dstActor="D0N36" name="p118" srcActor="D0N1"/>
            <port dstActor="D0N31" name="p119" srcActor="D0N1"/>
            <port dstActor="D0N4" name="p120" srcActor="D0N1"/>
            <port dstActor="D0N14" name="p121" srcActor="D0N1"/>
            <port dstActor="D0N5" name="p122" srcActor="D0N1"/>
            <port dstActor="D0N17" name="p123" srcActor="D0N1"/>
            <port dstActor="D0N19" name="p124" srcActor="D0N3"/>
            <port dstActor="D0N39" name="p125" srcActor="D0N3"/>
            <port dstActor="D0N31" name="p126" srcActor="D0N3"/>
            <port dstActor="D0N18" name="p127" srcActor="D0N3"/>
        </ports>
    </mcdag>
    <cores number="3"/>
    <levels number="2"/>
</mcsystem>
