<?xml version="1.0" encoding="UTF-8" standalone="no"?>
<mcsystem>
    <mcdag deadline="3000" name="genned-0-ed-10.0-0">
        <actor name="D0N26">
            <wcet number="0">540</wcet>
            <wcet number="1">760</wcet>
            <maxpow number="0.5467528462853822"/>
            <maxpow number="0.5467528462853822"/>
            <fprob>0.0</fprob>
        </actor>
        <actor name="D0N41">
            <wcet number="0">80</wcet>
            <wcet number="1">100</wcet>
            <maxpow number="0.6531918649534076"/>
            <maxpow number="0.6531918649534076"/>
            <fprob>0.0</fprob>
        </actor>
        <actor name="D0N15">
            <wcet number="0">30</wcet>
            <wcet number="1">50</wcet>
            <maxpow number="0.24326278486515546"/>
            <maxpow number="0.24326278486515546"/>
            <fprob>0.0</fprob>
        </actor>
        <actor name="D0N4">
            <wcet number="0">80</wcet>
            <wcet number="1">230</wcet>
            <maxpow number="0.39837552551243927"/>
            <maxpow number="0.39837552551243927"/>
            <fprob>0.0</fprob>
        </actor>
        <actor name="D0N36">
            <wcet number="0">170</wcet>
            <wcet number="1">210</wcet>
            <maxpow number="0.40861430467786164"/>
            <maxpow number="0.40861430467786164"/>
            <fprob>0.0</fprob>
        </actor>
        <actor name="D0N7">
            <wcet number="0">100</wcet>
            <wcet number="1">170</wcet>
            <maxpow number="0.3144838677552466"/>
            <maxpow number="0.3144838677552466"/>
            <fprob>0.0</fprob>
        </actor>
        <actor name="D0N24">
            <wcet number="0">20</wcet>
            <wcet number="1">20</wcet>
            <maxpow number="0.551279168512343"/>
            <maxpow number="0.551279168512343"/>
            <fprob>0.0</fprob>
        </actor>
        <actor name="D0N23">
            <wcet number="0">10</wcet>
            <wcet number="1">70</wcet>
            <maxpow number="0.4824990871717065"/>
            <maxpow number="0.4824990871717065"/>
            <fprob>0.0</fprob>
        </actor>
        <actor name="D0N28">
            <wcet number="0">380</wcet>
            <wcet number="1">380</wcet>
            <maxpow number="0.6265865238037793"/>
            <maxpow number="0.6265865238037793"/>
            <fprob>0.0</fprob>
        </actor>
        <actor name="D0N16">
            <wcet number="0">10</wcet>
            <wcet number="1">70</wcet>
            <maxpow number="0.43665185947691754"/>
            <maxpow number="0.43665185947691754"/>
            <fprob>0.0</fprob>
        </actor>
        <actor name="D0N8">
            <wcet number="0">280</wcet>
            <wcet number="1">310</wcet>
            <maxpow number="0.3412405506334966"/>
            <maxpow number="0.3412405506334966"/>
            <fprob>0.0</fprob>
        </actor>
        <actor name="D0N5">
            <wcet number="0">20</wcet>
            <wcet number="1">100</wcet>
            <maxpow number="0.4990170638700164"/>
            <maxpow number="0.4990170638700164"/>
            <fprob>0.0</fprob>
        </actor>
        <actor name="D0N27">
            <wcet number="0">70</wcet>
            <wcet number="1">70</wcet>
            <maxpow number="0.08720286363732882"/>
            <maxpow number="0.08720286363732882"/>
            <fprob>0.0</fprob>
        </actor>
        <actor name="D0N12">
            <wcet number="0">80</wcet>
            <wcet number="1">120</wcet>
            <maxpow number="0.506096606408986"/>
            <maxpow number="0.506096606408986"/>
            <fprob>0.0</fprob>
        </actor>
        <actor name="D0N33">
            <wcet number="0">30</wcet>
            <wcet number="1">40</wcet>
            <maxpow number="0.48483249764624586"/>
            <maxpow number="0.48483249764624586"/>
            <fprob>0.0</fprob>
        </actor>
        <actor name="D0N35">
            <wcet number="0">10</wcet>
            <wcet number="1">10</wcet>
            <maxpow number="0.6033845832683759"/>
            <maxpow number="0.6033845832683759"/>
            <fprob>0.0</fprob>
        </actor>
        <actor name="D0N46">
            <wcet number="0">20</wcet>
            <wcet number="1">20</wcet>
            <maxpow number="0.5085846169827519"/>
            <maxpow number="0.5085846169827519"/>
            <fprob>0.0</fprob>
        </actor>
        <actor name="D0N10">
            <wcet number="0">40</wcet>
            <wcet number="1">100</wcet>
            <maxpow number="0.6287702377296519"/>
            <maxpow number="0.6287702377296519"/>
            <fprob>0.0</fprob>
        </actor>
        <actor name="D0N39">
            <wcet number="0">10</wcet>
            <wcet number="1">140</wcet>
            <maxpow number="0.21109414150722583"/>
            <maxpow number="0.21109414150722583"/>
            <fprob>0.0</fprob>
        </actor>
        <actor name="D0N0">
            <wcet number="0">20</wcet>
            <wcet number="1">360</wcet>
            <maxpow number="0.4369402663462614"/>
            <maxpow number="0.4369402663462614"/>
            <fprob>0.0</fprob>
        </actor>
        <actor name="D0N19">
            <wcet number="0">30</wcet>
            <wcet number="1">60</wcet>
            <maxpow number="0.7242553915372585"/>
            <maxpow number="0.7242553915372585"/>
            <fprob>0.0</fprob>
        </actor>
        <actor name="D0N30">
            <wcet number="0">20</wcet>
            <wcet number="1">30</wcet>
            <maxpow number="0.43788582791632247"/>
            <maxpow number="0.43788582791632247"/>
            <fprob>0.0</fprob>
        </actor>
        <actor name="D0N9">
            <wcet number="0">20</wcet>
            <wcet number="1">50</wcet>
            <maxpow number="0.5014030696909958"/>
            <maxpow number="0.5014030696909958"/>
            <fprob>0.0</fprob>
        </actor>
        <actor name="D0N2">
            <wcet number="0">180</wcet>
            <wcet number="1">360</wcet>
            <maxpow number="0.1455517259990321"/>
            <maxpow number="0.1455517259990321"/>
            <fprob>0.0</fprob>
        </actor>
        <actor name="D0N3">
            <wcet number="0">30</wcet>
            <wcet number="1">200</wcet>
            <maxpow number="0.421626296472849"/>
            <maxpow number="0.421626296472849"/>
            <fprob>0.0</fprob>
        </actor>
        <actor name="D0N21">
            <wcet number="0">110</wcet>
            <wcet number="1">150</wcet>
            <maxpow number="0.5583257886833924"/>
            <maxpow number="0.5583257886833924"/>
            <fprob>0.0</fprob>
        </actor>
        <actor name="D0N1">
            <wcet number="0">90</wcet>
            <wcet number="1">100</wcet>
            <maxpow number="0.6821375163178879"/>
            <maxpow number="0.6821375163178879"/>
            <fprob>0.0</fprob>
        </actor>
        <actor name="D0N38">
            <wcet number="0">20</wcet>
            <wcet number="1">40</wcet>
            <maxpow number="0.3704615374403284"/>
            <maxpow number="0.3704615374403284"/>
            <fprob>0.0</fprob>
        </actor>
        <actor name="D0N14">
            <wcet number="0">170</wcet>
            <wcet number="1">250</wcet>
            <maxpow number="0.5707756907680117"/>
            <maxpow number="0.5707756907680117"/>
            <fprob>0.0</fprob>
        </actor>
        <actor name="D0N32">
            <wcet number="0">30</wcet>
            <wcet number="1">40</wcet>
            <maxpow number="0.633497462844502"/>
            <maxpow number="0.633497462844502"/>
            <fprob>0.0</fprob>
        </actor>
        <actor name="D0N29">
            <wcet number="0">40</wcet>
            <wcet number="1">50</wcet>
            <maxpow number="0.41280451736978435"/>
            <maxpow number="0.41280451736978435"/>
            <fprob>0.0</fprob>
        </actor>
        <actor name="D0N25">
            <wcet number="0">50</wcet>
            <wcet number="1">70</wcet>
            <maxpow number="0.6154125567473749"/>
            <maxpow number="0.6154125567473749"/>
            <fprob>0.0</fprob>
        </actor>
        <actor name="D0N34">
            <wcet number="0">70</wcet>
            <wcet number="1">100</wcet>
            <maxpow number="0.6904658113951443"/>
            <maxpow number="0.6904658113951443"/>
            <fprob>0.0</fprob>
        </actor>
        <actor name="D0N40">
            <wcet number="0">30</wcet>
            <wcet number="1">200</wcet>
            <maxpow number="0.35808786631291606"/>
            <maxpow number="0.35808786631291606"/>
            <fprob>0.0</fprob>
        </actor>
        <actor name="D0N17">
            <wcet number="0">230</wcet>
            <wcet number="1">350</wcet>
            <maxpow number="0.9833450262553434"/>
            <maxpow number="0.9833450262553434"/>
            <fprob>0.0</fprob>
        </actor>
        <actor name="D0N45">
            <wcet number="0">20</wcet>
            <wcet number="1">40</wcet>
            <maxpow number="0.6380107614519803"/>
            <maxpow number="0.6380107614519803"/>
            <fprob>0.0</fprob>
        </actor>
        <actor name="D0N31">
            <wcet number="0">10</wcet>
            <wcet number="1">70</wcet>
            <maxpow number="0.8121874998557101"/>
            <maxpow number="0.8121874998557101"/>
            <fprob>0.0</fprob>
        </actor>
        <actor name="D0N18">
            <wcet number="0">20</wcet>
            <wcet number="1">20</wcet>
            <maxpow number="0.6675421895682918"/>
            <maxpow number="0.6675421895682918"/>
            <fprob>0.0</fprob>
        </actor>
        <actor name="D0N43">
            <wcet number="0">50</wcet>
            <wcet number="1">110</wcet>
            <maxpow number="0.4123970879818786"/>
            <maxpow number="0.4123970879818786"/>
            <fprob>0.0</fprob>
        </actor>
        <actor name="D0N22">
            <wcet number="0">100</wcet>
            <wcet number="1">290</wcet>
            <maxpow number="0.5125909067599536"/>
            <maxpow number="0.5125909067599536"/>
            <fprob>0.0</fprob>
        </actor>
        <actor name="D0N42">
            <wcet number="0">170</wcet>
            <wcet number="1">220</wcet>
            <maxpow number="0.3120618063278262"/>
            <maxpow number="0.3120618063278262"/>
            <fprob>0.0</fprob>
        </actor>
        <actor name="D0N13">
            <wcet number="0">200</wcet>
            <wcet number="1">230</wcet>
            <maxpow number="0.4563937717235423"/>
            <maxpow number="0.4563937717235423"/>
            <fprob>0.0</fprob>
        </actor>
        <actor name="D0N47">
            <wcet number="0">70</wcet>
            <wcet number="1">70</wcet>
            <maxpow number="0.6574136521494975"/>
            <maxpow number="0.6574136521494975"/>
            <fprob>0.0</fprob>
        </actor>
        <actor name="D0N20">
            <wcet number="0">190</wcet>
            <wcet number="1">240</wcet>
            <maxpow number="0.5484881853242572"/>
            <maxpow number="0.5484881853242572"/>
            <fprob>0.0</fprob>
        </actor>
        <actor name="D0N11">
            <wcet number="0">100</wcet>
            <wcet number="1">110</wcet>
            <maxpow number="0.6760929548386994"/>
            <maxpow number="0.6760929548386994"/>
            <fprob>0.0</fprob>
        </actor>
        <actor name="D0N37">
            <wcet number="0">10</wcet>
            <wcet number="1">20</wcet>
            <maxpow number="0.8096007941820371"/>
            <maxpow number="0.8096007941820371"/>
            <fprob>0.0</fprob>
        </actor>
        <actor name="D0N6">
            <wcet number="0">70</wcet>
            <wcet number="1">70</wcet>
            <maxpow number="0.7165122891893753"/>
            <maxpow number="0.7165122891893753"/>
            <fprob>0.0</fprob>
        </actor>
        <actor name="D0N44">
            <wcet number="0">290</wcet>
            <wcet number="1">330</wcet>
            <maxpow number="0.6709899840733901"/>
            <maxpow number="0.6709899840733901"/>
            <fprob>0.0</fprob>
        </actor>
        <ports>
            <port dstActor="D0N27" name="p0" srcActor="D0N26"/>
            <port dstActor="D0N26" name="p1" srcActor="D0N15"/>
            <port dstActor="D0N45" name="p2" srcActor="D0N15"/>
            <port dstActor="D0N35" name="p3" srcActor="D0N15"/>
            <port dstActor="D0N19" name="p4" srcActor="D0N15"/>
            <port dstActor="D0N47" name="p5" srcActor="D0N15"/>
            <port dstActor="D0N39" name="p6" srcActor="D0N36"/>
            <port dstActor="D0N40" name="p7" srcActor="D0N36"/>
            <port dstActor="D0N37" name="p8" srcActor="D0N36"/>
            <port dstActor="D0N33" name="p9" srcActor="D0N7"/>
            <port dstActor="D0N39" name="p10" srcActor="D0N7"/>
            <port dstActor="D0N28" name="p11" srcActor="D0N7"/>
            <port dstActor="D0N39" name="p12" srcActor="D0N24"/>
            <port dstActor="D0N47" name="p13" srcActor="D0N24"/>
            <port dstActor="D0N31" name="p14" srcActor="D0N24"/>
            <port dstActor="D0N47" name="p15" srcActor="D0N23"/>
            <port dstActor="D0N31" name="p16" srcActor="D0N28"/>
            <port dstActor="D0N46" name="p17" srcActor="D0N28"/>
            <port dstActor="D0N41" name="p18" srcActor="D0N28"/>
            <port dstActor="D0N39" name="p19" srcActor="D0N16"/>
            <port dstActor="D0N21" name="p20" srcActor="D0N16"/>
            <port dstActor="D0N12" name="p21" srcActor="D0N8"/>
            <port dstActor="D0N27" name="p22" srcActor="D0N8"/>
            <port dstActor="D0N40" name="p23" srcActor="D0N8"/>
            <port dstActor="D0N41" name="p24" srcActor="D0N8"/>
            <port dstActor="D0N36" name="p25" srcActor="D0N8"/>
            <port dstActor="D0N39" name="p26" srcActor="D0N8"/>
            <port dstActor="D0N31" name="p27" srcActor="D0N5"/>
            <port dstActor="D0N29" name="p28" srcActor="D0N27"/>
            <port dstActor="D0N21" name="p29" srcActor="D0N12"/>
            <port dstActor="D0N25" name="p30" srcActor="D0N12"/>
            <port dstActor="D0N15" name="p31" srcActor="D0N12"/>
            <port dstActor="D0N34" name="p32" srcActor="D0N33"/>
            <port dstActor="D0N47" name="p33" srcActor="D0N46"/>
            <port dstActor="D0N45" name="p34" srcActor="D0N39"/>
            <port dstActor="D0N40" name="p35" srcActor="D0N39"/>
            <port dstActor="D0N46" name="p36" srcActor="D0N39"/>
            <port dstActor="D0N3" name="p37" srcActor="D0N0"/>
            <port dstActor="D0N17" name="p38" srcActor="D0N0"/>
            <port dstActor="D0N33" name="p39" srcActor="D0N0"/>
            <port dstActor="D0N7" name="p40" srcActor="D0N0"/>
            <port dstActor="D0N28" name="p41" srcActor="D0N19"/>
            <port dstActor="D0N44" name="p42" srcActor="D0N19"/>
            <port dstActor="D0N22" name="p43" srcActor="D0N19"/>
            <port dstActor="D0N34" name="p44" srcActor="D0N9"/>
            <port dstActor="D0N32" name="p45" srcActor="D0N9"/>
            <port dstActor="D0N21" name="p46" srcActor="D0N9"/>
            <port dstActor="D0N36" name="p47" srcActor="D0N9"/>
            <port dstActor="D0N31" name="p48" srcActor="D0N9"/>
            <port dstActor="D0N33" name="p49" srcActor="D0N2"/>
            <port dstActor="D0N11" name="p50" srcActor="D0N2"/>
            <port dstActor="D0N5" name="p51" srcActor="D0N2"/>
            <port dstActor="D0N31" name="p52" srcActor="D0N2"/>
            <port dstActor="D0N16" name="p53" srcActor="D0N2"/>
            <port dstActor="D0N20" name="p54" srcActor="D0N3"/>
            <port dstActor="D0N47" name="p55" srcActor="D0N3"/>
            <port dstActor="D0N46" name="p56" srcActor="D0N3"/>
            <port dstActor="D0N38" name="p57" srcActor="D0N21"/>
            <port dstActor="D0N42" name="p58" srcActor="D0N21"/>
            <port dstActor="D0N45" name="p59" srcActor="D0N21"/>
            <port dstActor="D0N11" name="p60" srcActor="D0N1"/>
            <port dstActor="D0N13" name="p61" srcActor="D0N1"/>
            <port dstActor="D0N28" name="p62" srcActor="D0N1"/>
            <port dstActor="D0N17" name="p63" srcActor="D0N1"/>
            <port dstActor="D0N38" name="p64" srcActor="D0N14"/>
            <port dstActor="D0N25" name="p65" srcActor="D0N14"/>
            <port dstActor="D0N34" name="p66" srcActor="D0N14"/>
            <port dstActor="D0N32" name="p67" srcActor="D0N14"/>
            <port dstActor="D0N46" name="p68" srcActor="D0N32"/>
            <port dstActor="D0N35" name="p69" srcActor="D0N29"/>
            <port dstActor="D0N31" name="p70" srcActor="D0N25"/>
            <port dstActor="D0N43" name="p71" srcActor="D0N34"/>
            <port dstActor="D0N47" name="p72" srcActor="D0N34"/>
            <port dstActor="D0N20" name="p73" srcActor="D0N17"/>
            <port dstActor="D0N39" name="p74" srcActor="D0N17"/>
            <port dstActor="D0N47" name="p75" srcActor="D0N18"/>
            <port dstActor="D0N37" name="p76" srcActor="D0N22"/>
            <port dstActor="D0N27" name="p77" srcActor="D0N22"/>
            <port dstActor="D0N16" name="p78" srcActor="D0N13"/>
            <port dstActor="D0N33" name="p79" srcActor="D0N13"/>
            <port dstActor="D0N23" name="p80" srcActor="D0N13"/>
            <port dstActor="D0N40" name="p81" srcActor="D0N20"/>
            <port dstActor="D0N26" name="p82" srcActor="D0N20"/>
            <port dstActor="D0N35" name="p83" srcActor="D0N20"/>
            <port dstActor="D0N38" name="p84" srcActor="D0N11"/>
            <port dstActor="D0N22" name="p85" srcActor="D0N11"/>
            <port dstActor="D0N39" name="p86" srcActor="D0N11"/>
            <port dstActor="D0N16" name="p87" srcActor="D0N6"/>
            <port dstActor="D0N31" name="p88" srcActor="D0N6"/>
            <port dstActor="D0N13" name="p89" srcActor="D0N6"/>
            <port dstActor="D0N33" name="p90" srcActor="D0N6"/>
            <port dstActor="D0N9" name="p91" srcActor="D0N6"/>
            <port dstActor="D0N36" name="p92" srcActor="D0N6"/>
            <port dstActor="D0N47" name="p93" srcActor="D0N44"/>
        </ports>
    </mcdag>
    <cores number="3"/>
    <levels number="2"/>
</mcsystem>
