<?xml version="1.0" encoding="UTF-8" standalone="no"?>
<mcsystem>
    <mcdag deadline="2500" name="genned-0-ed-10.0-0">
        <actor name="D0N21">
            <wcet number="0">20</wcet>
            <wcet number="1">70</wcet>
            <maxpow number="0.6353680050622037"/>
            <maxpow number="0.6353680050622037"/>
            <fprob>0.0</fprob>
        </actor>
        <actor name="D0N7">
            <wcet number="0">40</wcet>
            <wcet number="1">50</wcet>
            <maxpow number="0.5661155903207268"/>
            <maxpow number="0.5661155903207268"/>
            <fprob>0.0</fprob>
        </actor>
        <actor name="D0N38">
            <wcet number="0">40</wcet>
            <wcet number="1">40</wcet>
            <maxpow number="0.5751975714058656"/>
            <maxpow number="0.5751975714058656"/>
            <fprob>0.0</fprob>
        </actor>
        <actor name="D0N6">
            <wcet number="0">10</wcet>
            <wcet number="1">10</wcet>
            <maxpow number="0.7894349666928723"/>
            <maxpow number="0.7894349666928723"/>
            <fprob>0.0</fprob>
        </actor>
        <actor name="D0N45">
            <wcet number="0">140</wcet>
            <wcet number="1">140</wcet>
            <maxpow number="0.25221168005246186"/>
            <maxpow number="0.25221168005246186"/>
            <fprob>0.0</fprob>
        </actor>
        <actor name="D0N47">
            <wcet number="0">140</wcet>
            <wcet number="1">200</wcet>
            <maxpow number="0.586063125694945"/>
            <maxpow number="0.586063125694945"/>
            <fprob>0.0</fprob>
        </actor>
        <actor name="D0N18">
            <wcet number="0">20</wcet>
            <wcet number="1">20</wcet>
            <maxpow number="0.5133056014862128"/>
            <maxpow number="0.5133056014862128"/>
            <fprob>0.0</fprob>
        </actor>
        <actor name="D0N25">
            <wcet number="0">20</wcet>
            <wcet number="1">20</wcet>
            <maxpow number="0.5403531097090613"/>
            <maxpow number="0.5403531097090613"/>
            <fprob>0.0</fprob>
        </actor>
        <actor name="D0N15">
            <wcet number="0">90</wcet>
            <wcet number="1">350</wcet>
            <maxpow number="0.6580537169849142"/>
            <maxpow number="0.6580537169849142"/>
            <fprob>0.0</fprob>
        </actor>
        <actor name="D0N11">
            <wcet number="0">60</wcet>
            <wcet number="1">460</wcet>
            <maxpow number="0.48476497838899935"/>
            <maxpow number="0.48476497838899935"/>
            <fprob>0.0</fprob>
        </actor>
        <actor name="D0N24">
            <wcet number="0">30</wcet>
            <wcet number="1">30</wcet>
            <maxpow number="0.44305899352529265"/>
            <maxpow number="0.44305899352529265"/>
            <fprob>0.0</fprob>
        </actor>
        <actor name="D0N17">
            <wcet number="0">40</wcet>
            <wcet number="1">40</wcet>
            <maxpow number="0.5036538240228216"/>
            <maxpow number="0.5036538240228216"/>
            <fprob>0.0</fprob>
        </actor>
        <actor name="D0N34">
            <wcet number="0">50</wcet>
            <wcet number="1">80</wcet>
            <maxpow number="0.62986695422866"/>
            <maxpow number="0.62986695422866"/>
            <fprob>0.0</fprob>
        </actor>
        <actor name="D0N22">
            <wcet number="0">10</wcet>
            <wcet number="1">10</wcet>
            <maxpow number="0.5334614215871274"/>
            <maxpow number="0.5334614215871274"/>
            <fprob>0.0</fprob>
        </actor>
        <actor name="D0N14">
            <wcet number="0">120</wcet>
            <wcet number="1">280</wcet>
            <maxpow number="0.6715734759795325"/>
            <maxpow number="0.6715734759795325"/>
            <fprob>0.0</fprob>
        </actor>
        <actor name="D0N26">
            <wcet number="0">50</wcet>
            <wcet number="1">120</wcet>
            <maxpow number="0.11574645025451319"/>
            <maxpow number="0.11574645025451319"/>
            <fprob>0.0</fprob>
        </actor>
        <actor name="D0N12">
            <wcet number="0">10</wcet>
            <wcet number="1">30</wcet>
            <maxpow number="0.6277749800085395"/>
            <maxpow number="0.6277749800085395"/>
            <fprob>0.0</fprob>
        </actor>
        <actor name="D0N39">
            <wcet number="0">280</wcet>
            <wcet number="1">390</wcet>
            <maxpow number="0.8600112603534205"/>
            <maxpow number="0.8600112603534205"/>
            <fprob>0.0</fprob>
        </actor>
        <actor name="D0N23">
            <wcet number="0">70</wcet>
            <wcet number="1">80</wcet>
            <maxpow number="0.8872381203554711"/>
            <maxpow number="0.8872381203554711"/>
            <fprob>0.0</fprob>
        </actor>
        <actor name="D0N44">
            <wcet number="0">20</wcet>
            <wcet number="1">200</wcet>
            <maxpow number="0.5712744324659557"/>
            <maxpow number="0.5712744324659557"/>
            <fprob>0.0</fprob>
        </actor>
        <actor name="D0N35">
            <wcet number="0">30</wcet>
            <wcet number="1">70</wcet>
            <maxpow number="0.3071478968432154"/>
            <maxpow number="0.3071478968432154"/>
            <fprob>0.0</fprob>
        </actor>
        <actor name="D0N3">
            <wcet number="0">30</wcet>
            <wcet number="1">50</wcet>
            <maxpow number="0.458151686354348"/>
            <maxpow number="0.458151686354348"/>
            <fprob>0.0</fprob>
        </actor>
        <actor name="D0N1">
            <wcet number="0">310</wcet>
            <wcet number="1">350</wcet>
            <maxpow number="0.5247869404786171"/>
            <maxpow number="0.5247869404786171"/>
            <fprob>0.0</fprob>
        </actor>
        <actor name="D0N0">
            <wcet number="0">190</wcet>
            <wcet number="1">310</wcet>
            <maxpow number="0.5908584077321043"/>
            <maxpow number="0.5908584077321043"/>
            <fprob>0.0</fprob>
        </actor>
        <actor name="D0N42">
            <wcet number="0">50</wcet>
            <wcet number="1">360</wcet>
            <maxpow number="0.6860644066158598"/>
            <maxpow number="0.6860644066158598"/>
            <fprob>0.0</fprob>
        </actor>
        <actor name="D0N33">
            <wcet number="0">90</wcet>
            <wcet number="1">90</wcet>
            <maxpow number="0.4402943572611432"/>
            <maxpow number="0.4402943572611432"/>
            <fprob>0.0</fprob>
        </actor>
        <actor name="D0N2">
            <wcet number="0">20</wcet>
            <wcet number="1">250</wcet>
            <maxpow number="0.644944211065315"/>
            <maxpow number="0.644944211065315"/>
            <fprob>0.0</fprob>
        </actor>
        <actor name="D0N28">
            <wcet number="0">10</wcet>
            <wcet number="1">20</wcet>
            <maxpow number="0.2910496906319912"/>
            <maxpow number="0.2910496906319912"/>
            <fprob>0.0</fprob>
        </actor>
        <actor name="D0N9">
            <wcet number="0">20</wcet>
            <wcet number="1">20</wcet>
            <maxpow number="0.5796137781094979"/>
            <maxpow number="0.5796137781094979"/>
            <fprob>0.0</fprob>
        </actor>
        <actor name="D0N19">
            <wcet number="0">160</wcet>
            <wcet number="1">180</wcet>
            <maxpow number="0.47901124026806685"/>
            <maxpow number="0.47901124026806685"/>
            <fprob>0.0</fprob>
        </actor>
        <actor name="D0N32">
            <wcet number="0">60</wcet>
            <wcet number="1">70</wcet>
            <maxpow number="0.340524880110438"/>
            <maxpow number="0.340524880110438"/>
            <fprob>0.0</fprob>
        </actor>
        <actor name="D0N37">
            <wcet number="0">10</wcet>
            <wcet number="1">10</wcet>
            <maxpow number="0.6560612073547242"/>
            <maxpow number="0.6560612073547242"/>
            <fprob>0.0</fprob>
        </actor>
        <actor name="D0N20">
            <wcet number="0">90</wcet>
            <wcet number="1">100</wcet>
            <maxpow number="0.3629895592537391"/>
            <maxpow number="0.3629895592537391"/>
            <fprob>0.0</fprob>
        </actor>
        <actor name="D0N30">
            <wcet number="0">20</wcet>
            <wcet number="1">140</wcet>
            <maxpow number="0.7429016017368117"/>
            <maxpow number="0.7429016017368117"/>
            <fprob>0.0</fprob>
        </actor>
        <actor name="D0N40">
            <wcet number="0">40</wcet>
            <wcet number="1">90</wcet>
            <maxpow number="0.7672503051038015"/>
            <maxpow number="0.7672503051038015"/>
            <fprob>0.0</fprob>
        </actor>
        <actor name="D0N5">
            <wcet number="0">50</wcet>
            <wcet number="1">140</wcet>
            <maxpow number="0.5583523850635529"/>
            <maxpow number="0.5583523850635529"/>
            <fprob>0.0</fprob>
        </actor>
        <actor name="D0N46">
            <wcet number="0">20</wcet>
            <wcet number="1">170</wcet>
            <maxpow number="0.2690174578284566"/>
            <maxpow number="0.2690174578284566"/>
            <fprob>0.0</fprob>
        </actor>
        <actor name="D0N41">
            <wcet number="0">10</wcet>
            <wcet number="1">10</wcet>
            <maxpow number="0.6961266522680603"/>
            <maxpow number="0.6961266522680603"/>
            <fprob>0.0</fprob>
        </actor>
        <actor name="D0N4">
            <wcet number="0">60</wcet>
            <wcet number="1">260</wcet>
            <maxpow number="0.6046597515722771"/>
            <maxpow number="0.6046597515722771"/>
            <fprob>0.0</fprob>
        </actor>
        <actor name="D0N8">
            <wcet number="0">80</wcet>
            <wcet number="1">220</wcet>
            <maxpow number="0.2931039204473436"/>
            <maxpow number="0.2931039204473436"/>
            <fprob>0.0</fprob>
        </actor>
        <actor name="D0N10">
            <wcet number="0">10</wcet>
            <wcet number="1">20</wcet>
            <maxpow number="0.9223614836354216"/>
            <maxpow number="0.9223614836354216"/>
            <fprob>0.0</fprob>
        </actor>
        <actor name="D0N16">
            <wcet number="0">50</wcet>
            <wcet number="1">60</wcet>
            <maxpow number="0.4676636331749223"/>
            <maxpow number="0.4676636331749223"/>
            <fprob>0.0</fprob>
        </actor>
        <actor name="D0N29">
            <wcet number="0">10</wcet>
            <wcet number="1">10</wcet>
            <maxpow number="0.6281616240966447"/>
            <maxpow number="0.6281616240966447"/>
            <fprob>0.0</fprob>
        </actor>
        <actor name="D0N31">
            <wcet number="0">120</wcet>
            <wcet number="1">210</wcet>
            <maxpow number="0.43178987441961747"/>
            <maxpow number="0.43178987441961747"/>
            <fprob>0.0</fprob>
        </actor>
        <actor name="D0N43">
            <wcet number="0">10</wcet>
            <wcet number="1">120</wcet>
            <maxpow number="0.6902192886002835"/>
            <maxpow number="0.6902192886002835"/>
            <fprob>0.0</fprob>
        </actor>
        <actor name="D0N48">
            <wcet number="0">20</wcet>
            <wcet number="1">40</wcet>
            <maxpow number="0.5250043594124247"/>
            <maxpow number="0.5250043594124247"/>
            <fprob>0.0</fprob>
        </actor>
        <actor name="D0N36">
            <wcet number="0">10</wcet>
            <wcet number="1">100</wcet>
            <maxpow number="0.5108375909988709"/>
            <maxpow number="0.5108375909988709"/>
            <fprob>0.0</fprob>
        </actor>
        <actor name="D0N13">
            <wcet number="0">50</wcet>
            <wcet number="1">50</wcet>
            <maxpow number="0.5812313080661711"/>
            <maxpow number="0.5812313080661711"/>
            <fprob>0.0</fprob>
        </actor>
        <actor name="D0N27">
            <wcet number="0">50</wcet>
            <wcet number="1">110</wcet>
            <maxpow number="0.4833935340862534"/>
            <maxpow number="0.4833935340862534"/>
            <fprob>0.0</fprob>
        </actor>
        <ports>
            <port dstActor="D0N45" name="p0" srcActor="D0N21"/>
            <port dstActor="D0N31" name="p1" srcActor="D0N21"/>
            <port dstActor="D0N23" name="p2" srcActor="D0N21"/>
            <port dstActor="D0N28" name="p3" srcActor="D0N21"/>
            <port dstActor="D0N13" name="p4" srcActor="D0N7"/>
            <port dstActor="D0N22" name="p5" srcActor="D0N7"/>
            <port dstActor="D0N24" name="p6" srcActor="D0N7"/>
            <port dstActor="D0N14" name="p7" srcActor="D0N7"/>
            <port dstActor="D0N11" name="p8" srcActor="D0N7"/>
            <port dstActor="D0N10" name="p9" srcActor="D0N6"/>
            <port dstActor="D0N20" name="p10" srcActor="D0N6"/>
            <port dstActor="D0N30" name="p11" srcActor="D0N6"/>
            <port dstActor="D0N34" name="p12" srcActor="D0N6"/>
            <port dstActor="D0N14" name="p13" srcActor="D0N6"/>
            <port dstActor="D0N11" name="p14" srcActor="D0N6"/>
            <port dstActor="D0N42" name="p15" srcActor="D0N6"/>
            <port dstActor="D0N32" name="p16" srcActor="D0N18"/>
            <port dstActor="D0N26" name="p17" srcActor="D0N25"/>
            <port dstActor="D0N45" name="p18" srcActor="D0N25"/>
            <port dstActor="D0N33" name="p19" srcActor="D0N11"/>
            <port dstActor="D0N43" name="p20" srcActor="D0N11"/>
            <port dstActor="D0N15" name="p21" srcActor="D0N11"/>
            <port dstActor="D0N46" name="p22" srcActor="D0N11"/>
            <port dstActor="D0N39" name="p23" srcActor="D0N24"/>
            <port dstActor="D0N31" name="p24" srcActor="D0N17"/>
            <port dstActor="D0N38" name="p25" srcActor="D0N17"/>
            <port dstActor="D0N48" name="p26" srcActor="D0N34"/>
            <port dstActor="D0N27" name="p27" srcActor="D0N22"/>
            <port dstActor="D0N44" name="p28" srcActor="D0N22"/>
            <port dstActor="D0N18" name="p29" srcActor="D0N14"/>
            <port dstActor="D0N41" name="p30" srcActor="D0N14"/>
            <port dstActor="D0N23" name="p31" srcActor="D0N14"/>
            <port dstActor="D0N31" name="p32" srcActor="D0N14"/>
            <port dstActor="D0N43" name="p33" srcActor="D0N12"/>
            <port dstActor="D0N43" name="p34" srcActor="D0N23"/>
            <port dstActor="D0N44" name="p35" srcActor="D0N23"/>
            <port dstActor="D0N41" name="p36" srcActor="D0N23"/>
            <port dstActor="D0N16" name="p37" srcActor="D0N3"/>
            <port dstActor="D0N10" name="p38" srcActor="D0N3"/>
            <port dstActor="D0N6" name="p39" srcActor="D0N1"/>
            <port dstActor="D0N39" name="p40" srcActor="D0N1"/>
            <port dstActor="D0N9" name="p41" srcActor="D0N1"/>
            <port dstActor="D0N28" name="p42" srcActor="D0N1"/>
            <port dstActor="D0N28" name="p43" srcActor="D0N0"/>
            <port dstActor="D0N5" name="p44" srcActor="D0N0"/>
            <port dstActor="D0N25" name="p45" srcActor="D0N0"/>
            <port dstActor="D0N48" name="p46" srcActor="D0N42"/>
            <port dstActor="D0N46" name="p47" srcActor="D0N42"/>
            <port dstActor="D0N45" name="p48" srcActor="D0N42"/>
            <port dstActor="D0N37" name="p49" srcActor="D0N33"/>
            <port dstActor="D0N40" name="p50" srcActor="D0N33"/>
            <port dstActor="D0N29" name="p51" srcActor="D0N2"/>
            <port dstActor="D0N10" name="p52" srcActor="D0N2"/>
            <port dstActor="D0N44" name="p53" srcActor="D0N2"/>
            <port dstActor="D0N5" name="p54" srcActor="D0N2"/>
            <port dstActor="D0N28" name="p55" srcActor="D0N2"/>
            <port dstActor="D0N39" name="p56" srcActor="D0N28"/>
            <port dstActor="D0N40" name="p57" srcActor="D0N28"/>
            <port dstActor="D0N46" name="p58" srcActor="D0N9"/>
            <port dstActor="D0N13" name="p59" srcActor="D0N9"/>
            <port dstActor="D0N18" name="p60" srcActor="D0N9"/>
            <port dstActor="D0N32" name="p61" srcActor="D0N9"/>
            <port dstActor="D0N48" name="p62" srcActor="D0N19"/>
            <port dstActor="D0N40" name="p63" srcActor="D0N32"/>
            <port dstActor="D0N39" name="p64" srcActor="D0N37"/>
            <port dstActor="D0N34" name="p65" srcActor="D0N20"/>
            <port dstActor="D0N31" name="p66" srcActor="D0N20"/>
            <port dstActor="D0N30" name="p67" srcActor="D0N20"/>
            <port dstActor="D0N48" name="p68" srcActor="D0N20"/>
            <port dstActor="D0N47" name="p69" srcActor="D0N30"/>
            <port dstActor="D0N35" name="p70" srcActor="D0N30"/>
            <port dstActor="D0N38" name="p71" srcActor="D0N30"/>
            <port dstActor="D0N42" name="p72" srcActor="D0N30"/>
            <port dstActor="D0N47" name="p73" srcActor="D0N40"/>
            <port dstActor="D0N21" name="p74" srcActor="D0N5"/>
            <port dstActor="D0N29" name="p75" srcActor="D0N5"/>
            <port dstActor="D0N42" name="p76" srcActor="D0N5"/>
            <port dstActor="D0N12" name="p77" srcActor="D0N4"/>
            <port dstActor="D0N32" name="p78" srcActor="D0N4"/>
            <port dstActor="D0N10" name="p79" srcActor="D0N4"/>
            <port dstActor="D0N35" name="p80" srcActor="D0N8"/>
            <port dstActor="D0N45" name="p81" srcActor="D0N8"/>
            <port dstActor="D0N29" name="p82" srcActor="D0N8"/>
            <port dstActor="D0N26" name="p83" srcActor="D0N8"/>
            <port dstActor="D0N22" name="p84" srcActor="D0N8"/>
            <port dstActor="D0N37" name="p85" srcActor="D0N8"/>
            <port dstActor="D0N24" name="p86" srcActor="D0N10"/>
            <port dstActor="D0N28" name="p87" srcActor="D0N10"/>
            <port dstActor="D0N27" name="p88" srcActor="D0N16"/>
            <port dstActor="D0N23" name="p89" srcActor="D0N16"/>
            <port dstActor="D0N19" name="p90" srcActor="D0N16"/>
            <port dstActor="D0N46" name="p91" srcActor="D0N29"/>
            <port dstActor="D0N30" name="p92" srcActor="D0N29"/>
            <port dstActor="D0N35" name="p93" srcActor="D0N31"/>
            <port dstActor="D0N47" name="p94" srcActor="D0N43"/>
            <port dstActor="D0N41" name="p95" srcActor="D0N36"/>
            <port dstActor="D0N37" name="p96" srcActor="D0N13"/>
            <port dstActor="D0N24" name="p97" srcActor="D0N13"/>
            <port dstActor="D0N35" name="p98" srcActor="D0N27"/>
        </ports>
    </mcdag>
    <cores number="3"/>
    <levels number="2"/>
</mcsystem>
