<?xml version="1.0" encoding="UTF-8" standalone="no"?>
<mcsystem>
    <mcdag deadline="2000" name="genned-0-ed-10.0-0">
        <actor name="D0N20">
            <wcet number="0">120</wcet>
            <wcet number="1">210</wcet>
            <maxpow number="0.7134225311152793"/>
            <maxpow number="0.7134225311152793"/>
            <fprob>0.0</fprob>
        </actor>
        <actor name="D0N42">
            <wcet number="0">20</wcet>
            <wcet number="1">30</wcet>
            <maxpow number="0.8884098852613256"/>
            <maxpow number="0.8884098852613256"/>
            <fprob>0.0</fprob>
        </actor>
        <actor name="D0N11">
            <wcet number="0">10</wcet>
            <wcet number="1">10</wcet>
            <maxpow number="0.7336771452421125"/>
            <maxpow number="0.7336771452421125"/>
            <fprob>0.0</fprob>
        </actor>
        <actor name="D0N15">
            <wcet number="0">50</wcet>
            <wcet number="1">180</wcet>
            <maxpow number="0.4185751309065764"/>
            <maxpow number="0.4185751309065764"/>
            <fprob>0.0</fprob>
        </actor>
        <actor name="D0N19">
            <wcet number="0">20</wcet>
            <wcet number="1">20</wcet>
            <maxpow number="0.48286986554777234"/>
            <maxpow number="0.48286986554777234"/>
            <fprob>0.0</fprob>
        </actor>
        <actor name="D0N3">
            <wcet number="0">60</wcet>
            <wcet number="1">180</wcet>
            <maxpow number="0.7079684190234641"/>
            <maxpow number="0.7079684190234641"/>
            <fprob>0.0</fprob>
        </actor>
        <actor name="D0N13">
            <wcet number="0">30</wcet>
            <wcet number="1">80</wcet>
            <maxpow number="0.5641612889460459"/>
            <maxpow number="0.5641612889460459"/>
            <fprob>0.0</fprob>
        </actor>
        <actor name="D0N1">
            <wcet number="0">10</wcet>
            <wcet number="1">10</wcet>
            <maxpow number="0.5161487944406875"/>
            <maxpow number="0.5161487944406875"/>
            <fprob>0.0</fprob>
        </actor>
        <actor name="D0N10">
            <wcet number="0">50</wcet>
            <wcet number="1">50</wcet>
            <maxpow number="0.639669240131107"/>
            <maxpow number="0.639669240131107"/>
            <fprob>0.0</fprob>
        </actor>
        <actor name="D0N5">
            <wcet number="0">10</wcet>
            <wcet number="1">100</wcet>
            <maxpow number="0.6830012583544104"/>
            <maxpow number="0.6830012583544104"/>
            <fprob>0.0</fprob>
        </actor>
        <actor name="D0N44">
            <wcet number="0">10</wcet>
            <wcet number="1">20</wcet>
            <maxpow number="0.6004238549180403"/>
            <maxpow number="0.6004238549180403"/>
            <fprob>0.0</fprob>
        </actor>
        <actor name="D0N33">
            <wcet number="0">30</wcet>
            <wcet number="1">30</wcet>
            <maxpow number="0.48718361989937126"/>
            <maxpow number="0.48718361989937126"/>
            <fprob>0.0</fprob>
        </actor>
        <actor name="D0N43">
            <wcet number="0">30</wcet>
            <wcet number="1">130</wcet>
            <maxpow number="0.4883164602753436"/>
            <maxpow number="0.4883164602753436"/>
            <fprob>0.0</fprob>
        </actor>
        <actor name="D0N21">
            <wcet number="0">10</wcet>
            <wcet number="1">10</wcet>
            <maxpow number="0.7119610256201417"/>
            <maxpow number="0.7119610256201417"/>
            <fprob>0.0</fprob>
        </actor>
        <actor name="D0N14">
            <wcet number="0">10</wcet>
            <wcet number="1">10</wcet>
            <maxpow number="0.46697357979842236"/>
            <maxpow number="0.46697357979842236"/>
            <fprob>0.0</fprob>
        </actor>
        <actor name="D0N28">
            <wcet number="0">20</wcet>
            <wcet number="1">50</wcet>
            <maxpow number="0.32454448428277494"/>
            <maxpow number="0.32454448428277494"/>
            <fprob>0.0</fprob>
        </actor>
        <actor name="D0N2">
            <wcet number="0">30</wcet>
            <wcet number="1">30</wcet>
            <maxpow number="0.5063263755919359"/>
            <maxpow number="0.5063263755919359"/>
            <fprob>0.0</fprob>
        </actor>
        <actor name="D0N39">
            <wcet number="0">140</wcet>
            <wcet number="1">220</wcet>
            <maxpow number="0.40629265328366093"/>
            <maxpow number="0.40629265328366093"/>
            <fprob>0.0</fprob>
        </actor>
        <actor name="D0N18">
            <wcet number="0">140</wcet>
            <wcet number="1">240</wcet>
            <maxpow number="0.7255152213609629"/>
            <maxpow number="0.7255152213609629"/>
            <fprob>0.0</fprob>
        </actor>
        <actor name="D0N32">
            <wcet number="0">20</wcet>
            <wcet number="1">70</wcet>
            <maxpow number="0.5844360658823304"/>
            <maxpow number="0.5844360658823304"/>
            <fprob>0.0</fprob>
        </actor>
        <actor name="D0N0">
            <wcet number="0">10</wcet>
            <wcet number="1">20</wcet>
            <maxpow number="0.5336953725349863"/>
            <maxpow number="0.5336953725349863"/>
            <fprob>0.0</fprob>
        </actor>
        <actor name="D0N40">
            <wcet number="0">80</wcet>
            <wcet number="1">100</wcet>
            <maxpow number="0.6549023885575023"/>
            <maxpow number="0.6549023885575023"/>
            <fprob>0.0</fprob>
        </actor>
        <actor name="D0N16">
            <wcet number="0">10</wcet>
            <wcet number="1">10</wcet>
            <maxpow number="0.21384044366957605"/>
            <maxpow number="0.21384044366957605"/>
            <fprob>0.0</fprob>
        </actor>
        <actor name="D0N26">
            <wcet number="0">90</wcet>
            <wcet number="1">200</wcet>
            <maxpow number="0.36896218046853113"/>
            <maxpow number="0.36896218046853113"/>
            <fprob>0.0</fprob>
        </actor>
        <actor name="D0N31">
            <wcet number="0">70</wcet>
            <wcet number="1">80</wcet>
            <maxpow number="0.7613240548459499"/>
            <maxpow number="0.7613240548459499"/>
            <fprob>0.0</fprob>
        </actor>
        <actor name="D0N37">
            <wcet number="0">20</wcet>
            <wcet number="1">30</wcet>
            <maxpow number="0.7752056542556567"/>
            <maxpow number="0.7752056542556567"/>
            <fprob>0.0</fprob>
        </actor>
        <actor name="D0N30">
            <wcet number="0">10</wcet>
            <wcet number="1">90</wcet>
            <maxpow number="0.7491300310620785"/>
            <maxpow number="0.7491300310620785"/>
            <fprob>0.0</fprob>
        </actor>
        <actor name="D0N47">
            <wcet number="0">100</wcet>
            <wcet number="1">130</wcet>
            <maxpow number="0.21586214067480886"/>
            <maxpow number="0.21586214067480886"/>
            <fprob>0.0</fprob>
        </actor>
        <actor name="D0N24">
            <wcet number="0">110</wcet>
            <wcet number="1">250</wcet>
            <maxpow number="0.7026091914727449"/>
            <maxpow number="0.7026091914727449"/>
            <fprob>0.0</fprob>
        </actor>
        <actor name="D0N45">
            <wcet number="0">40</wcet>
            <wcet number="1">60</wcet>
            <maxpow number="0.41756472063936295"/>
            <maxpow number="0.41756472063936295"/>
            <fprob>0.0</fprob>
        </actor>
        <actor name="D0N7">
            <wcet number="0">20</wcet>
            <wcet number="1">40</wcet>
            <maxpow number="0.7206669356314461"/>
            <maxpow number="0.7206669356314461"/>
            <fprob>0.0</fprob>
        </actor>
        <actor name="D0N27">
            <wcet number="0">50</wcet>
            <wcet number="1">190</wcet>
            <maxpow number="0.17193487414587472"/>
            <maxpow number="0.17193487414587472"/>
            <fprob>0.0</fprob>
        </actor>
        <actor name="D0N46">
            <wcet number="0">70</wcet>
            <wcet number="1">100</wcet>
            <maxpow number="0.6702399880569742"/>
            <maxpow number="0.6702399880569742"/>
            <fprob>0.0</fprob>
        </actor>
        <actor name="D0N22">
            <wcet number="0">380</wcet>
            <wcet number="1">440</wcet>
            <maxpow number="0.38660646129059895"/>
            <maxpow number="0.38660646129059895"/>
            <fprob>0.0</fprob>
        </actor>
        <actor name="D0N12">
            <wcet number="0">10</wcet>
            <wcet number="1">30</wcet>
            <maxpow number="0.25982200151309803"/>
            <maxpow number="0.25982200151309803"/>
            <fprob>0.0</fprob>
        </actor>
        <actor name="D0N29">
            <wcet number="0">90</wcet>
            <wcet number="1">380</wcet>
            <maxpow number="0.4658074269477917"/>
            <maxpow number="0.4658074269477917"/>
            <fprob>0.0</fprob>
        </actor>
        <actor name="D0N36">
            <wcet number="0">10</wcet>
            <wcet number="1">50</wcet>
            <maxpow number="0.46569446045460383"/>
            <maxpow number="0.46569446045460383"/>
            <fprob>0.0</fprob>
        </actor>
        <actor name="D0N4">
            <wcet number="0">210</wcet>
            <wcet number="1">390</wcet>
            <maxpow number="0.3929031623506432"/>
            <maxpow number="0.3929031623506432"/>
            <fprob>0.0</fprob>
        </actor>
        <actor name="D0N34">
            <wcet number="0">10</wcet>
            <wcet number="1">10</wcet>
            <maxpow number="0.39512116413476894"/>
            <maxpow number="0.39512116413476894"/>
            <fprob>0.0</fprob>
        </actor>
        <actor name="D0N8">
            <wcet number="0">30</wcet>
            <wcet number="1">30</wcet>
            <maxpow number="0.6332469305172737"/>
            <maxpow number="0.6332469305172737"/>
            <fprob>0.0</fprob>
        </actor>
        <actor name="D0N23">
            <wcet number="0">70</wcet>
            <wcet number="1">80</wcet>
            <maxpow number="0.6608513472203452"/>
            <maxpow number="0.6608513472203452"/>
            <fprob>0.0</fprob>
        </actor>
        <actor name="D0N9">
            <wcet number="0">140</wcet>
            <wcet number="1">210</wcet>
            <maxpow number="0.5774086634434186"/>
            <maxpow number="0.5774086634434186"/>
            <fprob>0.0</fprob>
        </actor>
        <actor name="D0N41">
            <wcet number="0">310</wcet>
            <wcet number="1">310</wcet>
            <maxpow number="0.6167826424526202"/>
            <maxpow number="0.6167826424526202"/>
            <fprob>0.0</fprob>
        </actor>
        <actor name="D0N6">
            <wcet number="0">20</wcet>
            <wcet number="1">110</wcet>
            <maxpow number="0.4858849213827277"/>
            <maxpow number="0.4858849213827277"/>
            <fprob>0.0</fprob>
        </actor>
        <actor name="D0N25">
            <wcet number="0">10</wcet>
            <wcet number="1">20</wcet>
            <maxpow number="0.4880960623908222"/>
            <maxpow number="0.4880960623908222"/>
            <fprob>0.0</fprob>
        </actor>
        <actor name="D0N17">
            <wcet number="0">120</wcet>
            <wcet number="1">220</wcet>
            <maxpow number="0.37392392033915556"/>
            <maxpow number="0.37392392033915556"/>
            <fprob>0.0</fprob>
        </actor>
        <actor name="D0N35">
            <wcet number="0">50</wcet>
            <wcet number="1">80</wcet>
            <maxpow number="0.5302728852863123"/>
            <maxpow number="0.5302728852863123"/>
            <fprob>0.0</fprob>
        </actor>
        <actor name="D0N38">
            <wcet number="0">60</wcet>
            <wcet number="1">60</wcet>
            <maxpow number="0.6274388754098081"/>
            <maxpow number="0.6274388754098081"/>
            <fprob>0.0</fprob>
        </actor>
        <ports>
            <port dstActor="D0N43" name="p0" srcActor="D0N20"/>
            <port dstActor="D0N23" name="p1" srcActor="D0N20"/>
            <port dstActor="D0N42" name="p2" srcActor="D0N20"/>
            <port dstActor="D0N23" name="p3" srcActor="D0N11"/>
            <port dstActor="D0N32" name="p4" srcActor="D0N11"/>
            <port dstActor="D0N24" name="p5" srcActor="D0N11"/>
            <port dstActor="D0N25" name="p6" srcActor="D0N11"/>
            <port dstActor="D0N44" name="p7" srcActor="D0N15"/>
            <port dstActor="D0N40" name="p8" srcActor="D0N15"/>
            <port dstActor="D0N16" name="p9" srcActor="D0N15"/>
            <port dstActor="D0N41" name="p10" srcActor="D0N15"/>
            <port dstActor="D0N42" name="p11" srcActor="D0N15"/>
            <port dstActor="D0N24" name="p12" srcActor="D0N15"/>
            <port dstActor="D0N35" name="p13" srcActor="D0N19"/>
            <port dstActor="D0N37" name="p14" srcActor="D0N19"/>
            <port dstActor="D0N15" name="p15" srcActor="D0N3"/>
            <port dstActor="D0N23" name="p16" srcActor="D0N3"/>
            <port dstActor="D0N6" name="p17" srcActor="D0N3"/>
            <port dstActor="D0N46" name="p18" srcActor="D0N13"/>
            <port dstActor="D0N38" name="p19" srcActor="D0N13"/>
            <port dstActor="D0N30" name="p20" srcActor="D0N13"/>
            <port dstActor="D0N47" name="p21" srcActor="D0N1"/>
            <port dstActor="D0N26" name="p22" srcActor="D0N1"/>
            <port dstActor="D0N33" name="p23" srcActor="D0N5"/>
            <port dstActor="D0N43" name="p24" srcActor="D0N33"/>
            <port dstActor="D0N40" name="p25" srcActor="D0N33"/>
            <port dstActor="D0N35" name="p26" srcActor="D0N21"/>
            <port dstActor="D0N43" name="p27" srcActor="D0N21"/>
            <port dstActor="D0N47" name="p28" srcActor="D0N14"/>
            <port dstActor="D0N40" name="p29" srcActor="D0N14"/>
            <port dstActor="D0N39" name="p30" srcActor="D0N14"/>
            <port dstActor="D0N44" name="p31" srcActor="D0N14"/>
            <port dstActor="D0N45" name="p32" srcActor="D0N14"/>
            <port dstActor="D0N47" name="p33" srcActor="D0N28"/>
            <port dstActor="D0N31" name="p34" srcActor="D0N28"/>
            <port dstActor="D0N19" name="p35" srcActor="D0N2"/>
            <port dstActor="D0N26" name="p36" srcActor="D0N2"/>
            <port dstActor="D0N45" name="p37" srcActor="D0N2"/>
            <port dstActor="D0N24" name="p38" srcActor="D0N18"/>
            <port dstActor="D0N41" name="p39" srcActor="D0N18"/>
            <port dstActor="D0N39" name="p40" srcActor="D0N0"/>
            <port dstActor="D0N7" name="p41" srcActor="D0N0"/>
            <port dstActor="D0N44" name="p42" srcActor="D0N0"/>
            <port dstActor="D0N10" name="p43" srcActor="D0N0"/>
            <port dstActor="D0N28" name="p44" srcActor="D0N0"/>
            <port dstActor="D0N39" name="p45" srcActor="D0N16"/>
            <port dstActor="D0N40" name="p46" srcActor="D0N31"/>
            <port dstActor="D0N44" name="p47" srcActor="D0N31"/>
            <port dstActor="D0N47" name="p48" srcActor="D0N31"/>
            <port dstActor="D0N38" name="p49" srcActor="D0N31"/>
            <port dstActor="D0N46" name="p50" srcActor="D0N37"/>
            <port dstActor="D0N46" name="p51" srcActor="D0N45"/>
            <port dstActor="D0N26" name="p52" srcActor="D0N7"/>
            <port dstActor="D0N31" name="p53" srcActor="D0N7"/>
            <port dstActor="D0N21" name="p54" srcActor="D0N7"/>
            <port dstActor="D0N11" name="p55" srcActor="D0N7"/>
            <port dstActor="D0N28" name="p56" srcActor="D0N7"/>
            <port dstActor="D0N40" name="p57" srcActor="D0N7"/>
            <port dstActor="D0N35" name="p58" srcActor="D0N27"/>
            <port dstActor="D0N30" name="p59" srcActor="D0N27"/>
            <port dstActor="D0N33" name="p60" srcActor="D0N22"/>
            <port dstActor="D0N27" name="p61" srcActor="D0N12"/>
            <port dstActor="D0N30" name="p62" srcActor="D0N12"/>
            <port dstActor="D0N44" name="p63" srcActor="D0N12"/>
            <port dstActor="D0N31" name="p64" srcActor="D0N12"/>
            <port dstActor="D0N17" name="p65" srcActor="D0N12"/>
            <port dstActor="D0N37" name="p66" srcActor="D0N29"/>
            <port dstActor="D0N46" name="p67" srcActor="D0N36"/>
            <port dstActor="D0N45" name="p68" srcActor="D0N36"/>
            <port dstActor="D0N32" name="p69" srcActor="D0N4"/>
            <port dstActor="D0N37" name="p70" srcActor="D0N4"/>
            <port dstActor="D0N41" name="p71" srcActor="D0N4"/>
            <port dstActor="D0N10" name="p72" srcActor="D0N4"/>
            <port dstActor="D0N42" name="p73" srcActor="D0N4"/>
            <port dstActor="D0N13" name="p74" srcActor="D0N4"/>
            <port dstActor="D0N14" name="p75" srcActor="D0N4"/>
            <port dstActor="D0N38" name="p76" srcActor="D0N34"/>
            <port dstActor="D0N28" name="p77" srcActor="D0N8"/>
            <port dstActor="D0N28" name="p78" srcActor="D0N23"/>
            <port dstActor="D0N31" name="p79" srcActor="D0N23"/>
            <port dstActor="D0N37" name="p80" srcActor="D0N23"/>
            <port dstActor="D0N43" name="p81" srcActor="D0N9"/>
            <port dstActor="D0N38" name="p82" srcActor="D0N9"/>
            <port dstActor="D0N44" name="p83" srcActor="D0N9"/>
            <port dstActor="D0N17" name="p84" srcActor="D0N9"/>
            <port dstActor="D0N42" name="p85" srcActor="D0N9"/>
            <port dstActor="D0N25" name="p86" srcActor="D0N9"/>
            <port dstActor="D0N44" name="p87" srcActor="D0N41"/>
            <port dstActor="D0N15" name="p88" srcActor="D0N6"/>
            <port dstActor="D0N47" name="p89" srcActor="D0N6"/>
            <port dstActor="D0N42" name="p90" srcActor="D0N6"/>
            <port dstActor="D0N30" name="p91" srcActor="D0N6"/>
            <port dstActor="D0N37" name="p92" srcActor="D0N6"/>
            <port dstActor="D0N17" name="p93" srcActor="D0N6"/>
            <port dstActor="D0N11" name="p94" srcActor="D0N6"/>
            <port dstActor="D0N46" name="p95" srcActor="D0N25"/>
            <port dstActor="D0N31" name="p96" srcActor="D0N25"/>
            <port dstActor="D0N40" name="p97" srcActor="D0N25"/>
            <port dstActor="D0N22" name="p98" srcActor="D0N17"/>
            <port dstActor="D0N35" name="p99" srcActor="D0N17"/>
            <port dstActor="D0N29" name="p100" srcActor="D0N17"/>
            <port dstActor="D0N34" name="p101" srcActor="D0N17"/>
            <port dstActor="D0N43" name="p102" srcActor="D0N35"/>
        </ports>
    </mcdag>
    <cores number="3"/>
    <levels number="2"/>
</mcsystem>
