<?xml version="1.0" encoding="UTF-8" standalone="no"?>
<mcsystem>
    <mcdag deadline="2500" name="genned-0-ed-10.0-0">
        <actor name="D0N32">
            <wcet number="0">10</wcet>
            <wcet number="1">30</wcet>
            <maxpow number="0.9113165211410525"/>
            <maxpow number="0.9113165211410525"/>
            <fprob>0.0</fprob>
        </actor>
        <actor name="D0N23">
            <wcet number="0">190</wcet>
            <wcet number="1">210</wcet>
            <maxpow number="0.495463094689628"/>
            <maxpow number="0.495463094689628"/>
            <fprob>0.0</fprob>
        </actor>
        <actor name="D0N37">
            <wcet number="0">80</wcet>
            <wcet number="1">140</wcet>
            <maxpow number="0.8037926874966111"/>
            <maxpow number="0.8037926874966111"/>
            <fprob>0.0</fprob>
        </actor>
        <actor name="D0N22">
            <wcet number="0">300</wcet>
            <wcet number="1">340</wcet>
            <maxpow number="0.3732442124173973"/>
            <maxpow number="0.3732442124173973"/>
            <fprob>0.0</fprob>
        </actor>
        <actor name="D0N0">
            <wcet number="0">120</wcet>
            <wcet number="1">210</wcet>
            <maxpow number="0.4059984761926748"/>
            <maxpow number="0.4059984761926748"/>
            <fprob>0.0</fprob>
        </actor>
        <actor name="D0N6">
            <wcet number="0">80</wcet>
            <wcet number="1">80</wcet>
            <maxpow number="0.8176019071288277"/>
            <maxpow number="0.8176019071288277"/>
            <fprob>0.0</fprob>
        </actor>
        <actor name="D0N4">
            <wcet number="0">740</wcet>
            <wcet number="1">760</wcet>
            <maxpow number="0.5845824755462847"/>
            <maxpow number="0.5845824755462847"/>
            <fprob>0.0</fprob>
        </actor>
        <actor name="D0N33">
            <wcet number="0">30</wcet>
            <wcet number="1">80</wcet>
            <maxpow number="0.7775218294476126"/>
            <maxpow number="0.7775218294476126"/>
            <fprob>0.0</fprob>
        </actor>
        <actor name="D0N17">
            <wcet number="0">70</wcet>
            <wcet number="1">70</wcet>
            <maxpow number="0.8589913535360165"/>
            <maxpow number="0.8589913535360165"/>
            <fprob>0.0</fprob>
        </actor>
        <actor name="D0N29">
            <wcet number="0">30</wcet>
            <wcet number="1">60</wcet>
            <maxpow number="0.4952981014403879"/>
            <maxpow number="0.4952981014403879"/>
            <fprob>0.0</fprob>
        </actor>
        <actor name="D0N8">
            <wcet number="0">20</wcet>
            <wcet number="1">20</wcet>
            <maxpow number="0.6158398464145399"/>
            <maxpow number="0.6158398464145399"/>
            <fprob>0.0</fprob>
        </actor>
        <actor name="D0N5">
            <wcet number="0">10</wcet>
            <wcet number="1">50</wcet>
            <maxpow number="0.9021569742461786"/>
            <maxpow number="0.9021569742461786"/>
            <fprob>0.0</fprob>
        </actor>
        <actor name="D0N14">
            <wcet number="0">130</wcet>
            <wcet number="1">150</wcet>
            <maxpow number="0.8747491126089921"/>
            <maxpow number="0.8747491126089921"/>
            <fprob>0.0</fprob>
        </actor>
        <actor name="D0N12">
            <wcet number="0">10</wcet>
            <wcet number="1">40</wcet>
            <maxpow number="0.9563266986641097"/>
            <maxpow number="0.9563266986641097"/>
            <fprob>0.0</fprob>
        </actor>
        <actor name="D0N21">
            <wcet number="0">90</wcet>
            <wcet number="1">90</wcet>
            <maxpow number="0.7809826271111279"/>
            <maxpow number="0.7809826271111279"/>
            <fprob>0.0</fprob>
        </actor>
        <actor name="D0N27">
            <wcet number="0">40</wcet>
            <wcet number="1">70</wcet>
            <maxpow number="0.5509714336401164"/>
            <maxpow number="0.5509714336401164"/>
            <fprob>0.0</fprob>
        </actor>
        <actor name="D0N25">
            <wcet number="0">70</wcet>
            <wcet number="1">130</wcet>
            <maxpow number="0.9181489750570606"/>
            <maxpow number="0.9181489750570606"/>
            <fprob>0.0</fprob>
        </actor>
        <actor name="D0N34">
            <wcet number="0">20</wcet>
            <wcet number="1">100</wcet>
            <maxpow number="0.07551213274867652"/>
            <maxpow number="0.07551213274867652"/>
            <fprob>0.0</fprob>
        </actor>
        <actor name="D0N46">
            <wcet number="0">300</wcet>
            <wcet number="1">490</wcet>
            <maxpow number="0.7099799130301561"/>
            <maxpow number="0.7099799130301561"/>
            <fprob>0.0</fprob>
        </actor>
        <actor name="D0N19">
            <wcet number="0">120</wcet>
            <wcet number="1">180</wcet>
            <maxpow number="0.5360435223818927"/>
            <maxpow number="0.5360435223818927"/>
            <fprob>0.0</fprob>
        </actor>
        <actor name="D0N7">
            <wcet number="0">140</wcet>
            <wcet number="1">300</wcet>
            <maxpow number="0.6169034654603657"/>
            <maxpow number="0.6169034654603657"/>
            <fprob>0.0</fprob>
        </actor>
        <actor name="D0N13">
            <wcet number="0">80</wcet>
            <wcet number="1">90</wcet>
            <maxpow number="0.6509192540773534"/>
            <maxpow number="0.6509192540773534"/>
            <fprob>0.0</fprob>
        </actor>
        <actor name="D0N44">
            <wcet number="0">50</wcet>
            <wcet number="1">140</wcet>
            <maxpow number="0.5991636703531289"/>
            <maxpow number="0.5991636703531289"/>
            <fprob>0.0</fprob>
        </actor>
        <actor name="D0N10">
            <wcet number="0">30</wcet>
            <wcet number="1">50</wcet>
            <maxpow number="0.7955781384526295"/>
            <maxpow number="0.7955781384526295"/>
            <fprob>0.0</fprob>
        </actor>
        <actor name="D0N11">
            <wcet number="0">10</wcet>
            <wcet number="1">70</wcet>
            <maxpow number="0.5321601108732603"/>
            <maxpow number="0.5321601108732603"/>
            <fprob>0.0</fprob>
        </actor>
        <actor name="D0N48">
            <wcet number="0">10</wcet>
            <wcet number="1">10</wcet>
            <maxpow number="0.4865534204205413"/>
            <maxpow number="0.4865534204205413"/>
            <fprob>0.0</fprob>
        </actor>
        <actor name="D0N15">
            <wcet number="0">40</wcet>
            <wcet number="1">40</wcet>
            <maxpow number="0.21433836097468595"/>
            <maxpow number="0.21433836097468595"/>
            <fprob>0.0</fprob>
        </actor>
        <actor name="D0N43">
            <wcet number="0">40</wcet>
            <wcet number="1">60</wcet>
            <maxpow number="0.6379405686542304"/>
            <maxpow number="0.6379405686542304"/>
            <fprob>0.0</fprob>
        </actor>
        <actor name="D0N47">
            <wcet number="0">80</wcet>
            <wcet number="1">90</wcet>
            <maxpow number="0.6676205040200951"/>
            <maxpow number="0.6676205040200951"/>
            <fprob>0.0</fprob>
        </actor>
        <actor name="D0N18">
            <wcet number="0">10</wcet>
            <wcet number="1">40</wcet>
            <maxpow number="0.2195228440280178"/>
            <maxpow number="0.2195228440280178"/>
            <fprob>0.0</fprob>
        </actor>
        <actor name="D0N31">
            <wcet number="0">40</wcet>
            <wcet number="1">60</wcet>
            <maxpow number="0.43649801582848335"/>
            <maxpow number="0.43649801582848335"/>
            <fprob>0.0</fprob>
        </actor>
        <actor name="D0N35">
            <wcet number="0">80</wcet>
            <wcet number="1">140</wcet>
            <maxpow number="0.5367293750074762"/>
            <maxpow number="0.5367293750074762"/>
            <fprob>0.0</fprob>
        </actor>
        <actor name="D0N36">
            <wcet number="0">10</wcet>
            <wcet number="1">20</wcet>
            <maxpow number="0.8320546629197962"/>
            <maxpow number="0.8320546629197962"/>
            <fprob>0.0</fprob>
        </actor>
        <actor name="D0N38">
            <wcet number="0">200</wcet>
            <wcet number="1">200</wcet>
            <maxpow number="0.33566823395216233"/>
            <maxpow number="0.33566823395216233"/>
            <fprob>0.0</fprob>
        </actor>
        <actor name="D0N45">
            <wcet number="0">40</wcet>
            <wcet number="1">50</wcet>
            <maxpow number="0.41165439072674037"/>
            <maxpow number="0.41165439072674037"/>
            <fprob>0.0</fprob>
        </actor>
        <actor name="D0N20">
            <wcet number="0">10</wcet>
            <wcet number="1">20</wcet>
            <maxpow number="0.902725213430863"/>
            <maxpow number="0.902725213430863"/>
            <fprob>0.0</fprob>
        </actor>
        <actor name="D0N39">
            <wcet number="0">20</wcet>
            <wcet number="1">100</wcet>
            <maxpow number="0.39484651523117686"/>
            <maxpow number="0.39484651523117686"/>
            <fprob>0.0</fprob>
        </actor>
        <actor name="D0N9">
            <wcet number="0">50</wcet>
            <wcet number="1">100</wcet>
            <maxpow number="0.45647916015185547"/>
            <maxpow number="0.45647916015185547"/>
            <fprob>0.0</fprob>
        </actor>
        <actor name="D0N16">
            <wcet number="0">40</wcet>
            <wcet number="1">40</wcet>
            <maxpow number="0.8023016692961175"/>
            <maxpow number="0.8023016692961175"/>
            <fprob>0.0</fprob>
        </actor>
        <actor name="D0N26">
            <wcet number="0">20</wcet>
            <wcet number="1">140</wcet>
            <maxpow number="0.45662167755184313"/>
            <maxpow number="0.45662167755184313"/>
            <fprob>0.0</fprob>
        </actor>
        <actor name="D0N3">
            <wcet number="0">20</wcet>
            <wcet number="1">20</wcet>
            <maxpow number="0.7835270664546229"/>
            <maxpow number="0.7835270664546229"/>
            <fprob>0.0</fprob>
        </actor>
        <actor name="D0N28">
            <wcet number="0">10</wcet>
            <wcet number="1">100</wcet>
            <maxpow number="0.6588370825210494"/>
            <maxpow number="0.6588370825210494"/>
            <fprob>0.0</fprob>
        </actor>
        <actor name="D0N40">
            <wcet number="0">20</wcet>
            <wcet number="1">90</wcet>
            <maxpow number="0.578634163629419"/>
            <maxpow number="0.578634163629419"/>
            <fprob>0.0</fprob>
        </actor>
        <actor name="D0N24">
            <wcet number="0">70</wcet>
            <wcet number="1">220</wcet>
            <maxpow number="0.5771876794701984"/>
            <maxpow number="0.5771876794701984"/>
            <fprob>0.0</fprob>
        </actor>
        <actor name="D0N30">
            <wcet number="0">30</wcet>
            <wcet number="1">60</wcet>
            <maxpow number="0.13003073011545008"/>
            <maxpow number="0.13003073011545008"/>
            <fprob>0.0</fprob>
        </actor>
        <actor name="D0N41">
            <wcet number="0">120</wcet>
            <wcet number="1">270</wcet>
            <maxpow number="0.5768078523989862"/>
            <maxpow number="0.5768078523989862"/>
            <fprob>0.0</fprob>
        </actor>
        <actor name="D0N2">
            <wcet number="0">90</wcet>
            <wcet number="1">150</wcet>
            <maxpow number="0.2511462885568282"/>
            <maxpow number="0.2511462885568282"/>
            <fprob>0.0</fprob>
        </actor>
        <actor name="D0N42">
            <wcet number="0">10</wcet>
            <wcet number="1">20</wcet>
            <maxpow number="0.5428212337007985"/>
            <maxpow number="0.5428212337007985"/>
            <fprob>0.0</fprob>
        </actor>
        <actor name="D0N1">
            <wcet number="0">10</wcet>
            <wcet number="1">10</wcet>
            <maxpow number="0.5753167424391744"/>
            <maxpow number="0.5753167424391744"/>
            <fprob>0.0</fprob>
        </actor>
        <ports>
            <port dstActor="D0N34" name="p0" srcActor="D0N32"/>
            <port dstActor="D0N48" name="p1" srcActor="D0N32"/>
            <port dstActor="D0N32" name="p2" srcActor="D0N23"/>
            <port dstActor="D0N27" name="p3" srcActor="D0N23"/>
            <port dstActor="D0N48" name="p4" srcActor="D0N23"/>
            <port dstActor="D0N39" name="p5" srcActor="D0N22"/>
            <port dstActor="D0N46" name="p6" srcActor="D0N0"/>
            <port dstActor="D0N37" name="p7" srcActor="D0N0"/>
            <port dstActor="D0N11" name="p8" srcActor="D0N0"/>
            <port dstActor="D0N16" name="p9" srcActor="D0N6"/>
            <port dstActor="D0N34" name="p10" srcActor="D0N6"/>
            <port dstActor="D0N26" name="p11" srcActor="D0N4"/>
            <port dstActor="D0N38" name="p12" srcActor="D0N4"/>
            <port dstActor="D0N24" name="p13" srcActor="D0N4"/>
            <port dstActor="D0N16" name="p14" srcActor="D0N4"/>
            <port dstActor="D0N43" name="p15" srcActor="D0N4"/>
            <port dstActor="D0N42" name="p16" srcActor="D0N4"/>
            <port dstActor="D0N43" name="p17" srcActor="D0N33"/>
            <port dstActor="D0N45" name="p18" srcActor="D0N17"/>
            <port dstActor="D0N38" name="p19" srcActor="D0N8"/>
            <port dstActor="D0N9" name="p20" srcActor="D0N8"/>
            <port dstActor="D0N28" name="p21" srcActor="D0N8"/>
            <port dstActor="D0N34" name="p22" srcActor="D0N8"/>
            <port dstActor="D0N40" name="p23" srcActor="D0N5"/>
            <port dstActor="D0N44" name="p24" srcActor="D0N5"/>
            <port dstActor="D0N37" name="p25" srcActor="D0N5"/>
            <port dstActor="D0N46" name="p26" srcActor="D0N14"/>
            <port dstActor="D0N27" name="p27" srcActor="D0N14"/>
            <port dstActor="D0N47" name="p28" srcActor="D0N14"/>
            <port dstActor="D0N45" name="p29" srcActor="D0N12"/>
            <port dstActor="D0N26" name="p30" srcActor="D0N12"/>
            <port dstActor="D0N34" name="p31" srcActor="D0N12"/>
            <port dstActor="D0N38" name="p32" srcActor="D0N12"/>
            <port dstActor="D0N22" name="p33" srcActor="D0N21"/>
            <port dstActor="D0N23" name="p34" srcActor="D0N21"/>
            <port dstActor="D0N43" name="p35" srcActor="D0N27"/>
            <port dstActor="D0N29" name="p36" srcActor="D0N27"/>
            <port dstActor="D0N31" name="p37" srcActor="D0N25"/>
            <port dstActor="D0N46" name="p38" srcActor="D0N25"/>
            <port dstActor="D0N28" name="p39" srcActor="D0N25"/>
            <port dstActor="D0N36" name="p40" srcActor="D0N34"/>
            <port dstActor="D0N37" name="p41" srcActor="D0N19"/>
            <port dstActor="D0N20" name="p42" srcActor="D0N19"/>
            <port dstActor="D0N36" name="p43" srcActor="D0N19"/>
            <port dstActor="D0N48" name="p44" srcActor="D0N7"/>
            <port dstActor="D0N34" name="p45" srcActor="D0N7"/>
            <port dstActor="D0N16" name="p46" srcActor="D0N7"/>
            <port dstActor="D0N39" name="p47" srcActor="D0N13"/>
            <port dstActor="D0N18" name="p48" srcActor="D0N13"/>
            <port dstActor="D0N21" name="p49" srcActor="D0N13"/>
            <port dstActor="D0N30" name="p50" srcActor="D0N13"/>
            <port dstActor="D0N45" name="p51" srcActor="D0N44"/>
            <port dstActor="D0N11" name="p52" srcActor="D0N10"/>
            <port dstActor="D0N34" name="p53" srcActor="D0N10"/>
            <port dstActor="D0N41" name="p54" srcActor="D0N10"/>
            <port dstActor="D0N12" name="p55" srcActor="D0N11"/>
            <port dstActor="D0N19" name="p56" srcActor="D0N15"/>
            <port dstActor="D0N17" name="p57" srcActor="D0N15"/>
            <port dstActor="D0N43" name="p58" srcActor="D0N15"/>
            <port dstActor="D0N46" name="p59" srcActor="D0N43"/>
            <port dstActor="D0N46" name="p60" srcActor="D0N18"/>
            <port dstActor="D0N24" name="p61" srcActor="D0N18"/>
            <port dstActor="D0N47" name="p62" srcActor="D0N31"/>
            <port dstActor="D0N42" name="p63" srcActor="D0N35"/>
            <port dstActor="D0N48" name="p64" srcActor="D0N45"/>
            <port dstActor="D0N33" name="p65" srcActor="D0N20"/>
            <port dstActor="D0N24" name="p66" srcActor="D0N20"/>
            <port dstActor="D0N42" name="p67" srcActor="D0N20"/>
            <port dstActor="D0N41" name="p68" srcActor="D0N39"/>
            <port dstActor="D0N17" name="p69" srcActor="D0N9"/>
            <port dstActor="D0N26" name="p70" srcActor="D0N9"/>
            <port dstActor="D0N18" name="p71" srcActor="D0N9"/>
            <port dstActor="D0N40" name="p72" srcActor="D0N9"/>
            <port dstActor="D0N22" name="p73" srcActor="D0N16"/>
            <port dstActor="D0N30" name="p74" srcActor="D0N16"/>
            <port dstActor="D0N26" name="p75" srcActor="D0N16"/>
            <port dstActor="D0N45" name="p76" srcActor="D0N26"/>
            <port dstActor="D0N34" name="p77" srcActor="D0N26"/>
            <port dstActor="D0N37" name="p78" srcActor="D0N26"/>
            <port dstActor="D0N14" name="p79" srcActor="D0N3"/>
            <port dstActor="D0N9" name="p80" srcActor="D0N3"/>
            <port dstActor="D0N13" name="p81" srcActor="D0N3"/>
            <port dstActor="D0N6" name="p82" srcActor="D0N3"/>
            <port dstActor="D0N32" name="p83" srcActor="D0N3"/>
            <port dstActor="D0N22" name="p84" srcActor="D0N3"/>
            <port dstActor="D0N35" name="p85" srcActor="D0N28"/>
            <port dstActor="D0N48" name="p86" srcActor="D0N28"/>
            <port dstActor="D0N46" name="p87" srcActor="D0N40"/>
            <port dstActor="D0N33" name="p88" srcActor="D0N24"/>
            <port dstActor="D0N41" name="p89" srcActor="D0N24"/>
            <port dstActor="D0N38" name="p90" srcActor="D0N30"/>
            <port dstActor="D0N34" name="p91" srcActor="D0N30"/>
            <port dstActor="D0N48" name="p92" srcActor="D0N30"/>
            <port dstActor="D0N44" name="p93" srcActor="D0N41"/>
            <port dstActor="D0N47" name="p94" srcActor="D0N41"/>
            <port dstActor="D0N44" name="p95" srcActor="D0N2"/>
            <port dstActor="D0N18" name="p96" srcActor="D0N2"/>
            <port dstActor="D0N15" name="p97" srcActor="D0N2"/>
            <port dstActor="D0N25" name="p98" srcActor="D0N2"/>
            <port dstActor="D0N47" name="p99" srcActor="D0N42"/>
            <port dstActor="D0N45" name="p100" srcActor="D0N42"/>
            <port dstActor="D0N19" name="p101" srcActor="D0N1"/>
            <port dstActor="D0N29" name="p102" srcActor="D0N1"/>
            <port dstActor="D0N5" name="p103" srcActor="D0N1"/>
            <port dstActor="D0N13" name="p104" srcActor="D0N1"/>
            <port dstActor="D0N2" name="p105" srcActor="D0N1"/>
            <port dstActor="D0N43" name="p106" srcActor="D0N1"/>
            <port dstActor="D0N18" name="p107" srcActor="D0N1"/>
        </ports>
    </mcdag>
    <cores number="3"/>
    <levels number="2"/>
</mcsystem>
