<?xml version="1.0" encoding="UTF-8" standalone="no"?>
<mcsystem>
    <mcdag deadline="1800" name="genned-0-ed-10.0-0">
        <actor name="D0N47">
            <wcet number="0">10</wcet>
            <wcet number="1">10</wcet>
            <maxpow number="0.6119883632065071"/>
            <maxpow number="0.6119883632065071"/>
            <fprob>0.0</fprob>
        </actor>
        <actor name="D0N6">
            <wcet number="0">40</wcet>
            <wcet number="1">40</wcet>
            <maxpow number="0.4488273683800756"/>
            <maxpow number="0.4488273683800756"/>
            <fprob>0.0</fprob>
        </actor>
        <actor name="D0N7">
            <wcet number="0">10</wcet>
            <wcet number="1">90</wcet>
            <maxpow number="0.5207233207840845"/>
            <maxpow number="0.5207233207840845"/>
            <fprob>0.0</fprob>
        </actor>
        <actor name="D0N18">
            <wcet number="0">10</wcet>
            <wcet number="1">20</wcet>
            <maxpow number="0.3127886821617061"/>
            <maxpow number="0.3127886821617061"/>
            <fprob>0.0</fprob>
        </actor>
        <actor name="D0N39">
            <wcet number="0">30</wcet>
            <wcet number="1">30</wcet>
            <maxpow number="0.5432273939791659"/>
            <maxpow number="0.5432273939791659"/>
            <fprob>0.0</fprob>
        </actor>
        <actor name="D0N5">
            <wcet number="0">10</wcet>
            <wcet number="1">20</wcet>
            <maxpow number="0.46877181238116405"/>
            <maxpow number="0.46877181238116405"/>
            <fprob>0.0</fprob>
        </actor>
        <actor name="D0N12">
            <wcet number="0">20</wcet>
            <wcet number="1">60</wcet>
            <maxpow number="0.6402130473085853"/>
            <maxpow number="0.6402130473085853"/>
            <fprob>0.0</fprob>
        </actor>
        <actor name="D0N22">
            <wcet number="0">10</wcet>
            <wcet number="1">10</wcet>
            <maxpow number="0.6873652171593644"/>
            <maxpow number="0.6873652171593644"/>
            <fprob>0.0</fprob>
        </actor>
        <actor name="D0N26">
            <wcet number="0">10</wcet>
            <wcet number="1">10</wcet>
            <maxpow number="0.484783806613843"/>
            <maxpow number="0.484783806613843"/>
            <fprob>0.0</fprob>
        </actor>
        <actor name="D0N9">
            <wcet number="0">50</wcet>
            <wcet number="1">240</wcet>
            <maxpow number="0.36791098582580384"/>
            <maxpow number="0.36791098582580384"/>
            <fprob>0.0</fprob>
        </actor>
        <actor name="D0N38">
            <wcet number="0">50</wcet>
            <wcet number="1">70</wcet>
            <maxpow number="0.2502696138938723"/>
            <maxpow number="0.2502696138938723"/>
            <fprob>0.0</fprob>
        </actor>
        <actor name="D0N37">
            <wcet number="0">30</wcet>
            <wcet number="1">250</wcet>
            <maxpow number="0.5766055762854901"/>
            <maxpow number="0.5766055762854901"/>
            <fprob>0.0</fprob>
        </actor>
        <actor name="D0N8">
            <wcet number="0">40</wcet>
            <wcet number="1">90</wcet>
            <maxpow number="0.6504440512154669"/>
            <maxpow number="0.6504440512154669"/>
            <fprob>0.0</fprob>
        </actor>
        <actor name="D0N30">
            <wcet number="0">20</wcet>
            <wcet number="1">20</wcet>
            <maxpow number="0.442467990626461"/>
            <maxpow number="0.442467990626461"/>
            <fprob>0.0</fprob>
        </actor>
        <actor name="D0N28">
            <wcet number="0">10</wcet>
            <wcet number="1">10</wcet>
            <maxpow number="0.5963816072907452"/>
            <maxpow number="0.5963816072907452"/>
            <fprob>0.0</fprob>
        </actor>
        <actor name="D0N15">
            <wcet number="0">50</wcet>
            <wcet number="1">60</wcet>
            <maxpow number="0.45693363984023183"/>
            <maxpow number="0.45693363984023183"/>
            <fprob>0.0</fprob>
        </actor>
        <actor name="D0N32">
            <wcet number="0">350</wcet>
            <wcet number="1">410</wcet>
            <maxpow number="0.7600674973040348"/>
            <maxpow number="0.7600674973040348"/>
            <fprob>0.0</fprob>
        </actor>
        <actor name="D0N42">
            <wcet number="0">70</wcet>
            <wcet number="1">490</wcet>
            <maxpow number="0.7356322065346383"/>
            <maxpow number="0.7356322065346383"/>
            <fprob>0.0</fprob>
        </actor>
        <actor name="D0N20">
            <wcet number="0">200</wcet>
            <wcet number="1">320</wcet>
            <maxpow number="0.14807623997989472"/>
            <maxpow number="0.14807623997989472"/>
            <fprob>0.0</fprob>
        </actor>
        <actor name="D0N17">
            <wcet number="0">50</wcet>
            <wcet number="1">90</wcet>
            <maxpow number="0.4768654833801939"/>
            <maxpow number="0.4768654833801939"/>
            <fprob>0.0</fprob>
        </actor>
        <actor name="D0N29">
            <wcet number="0">130</wcet>
            <wcet number="1">130</wcet>
            <maxpow number="0.4860896802420778"/>
            <maxpow number="0.4860896802420778"/>
            <fprob>0.0</fprob>
        </actor>
        <actor name="D0N19">
            <wcet number="0">60</wcet>
            <wcet number="1">190</wcet>
            <maxpow number="0.4671791285428467"/>
            <maxpow number="0.4671791285428467"/>
            <fprob>0.0</fprob>
        </actor>
        <actor name="D0N14">
            <wcet number="0">110</wcet>
            <wcet number="1">120</wcet>
            <maxpow number="0.5403142147620666"/>
            <maxpow number="0.5403142147620666"/>
            <fprob>0.0</fprob>
        </actor>
        <actor name="D0N16">
            <wcet number="0">70</wcet>
            <wcet number="1">90</wcet>
            <maxpow number="0.34542054230364927"/>
            <maxpow number="0.34542054230364927"/>
            <fprob>0.0</fprob>
        </actor>
        <actor name="D0N25">
            <wcet number="0">10</wcet>
            <wcet number="1">10</wcet>
            <maxpow number="0.5659831054632563"/>
            <maxpow number="0.5659831054632563"/>
            <fprob>0.0</fprob>
        </actor>
        <actor name="D0N27">
            <wcet number="0">20</wcet>
            <wcet number="1">30</wcet>
            <maxpow number="0.40428917684482923"/>
            <maxpow number="0.40428917684482923"/>
            <fprob>0.0</fprob>
        </actor>
        <actor name="D0N48">
            <wcet number="0">10</wcet>
            <wcet number="1">30</wcet>
            <maxpow number="0.5491431148743651"/>
            <maxpow number="0.5491431148743651"/>
            <fprob>0.0</fprob>
        </actor>
        <actor name="D0N0">
            <wcet number="0">30</wcet>
            <wcet number="1">60</wcet>
            <maxpow number="0.40921400873736"/>
            <maxpow number="0.40921400873736"/>
            <fprob>0.0</fprob>
        </actor>
        <actor name="D0N34">
            <wcet number="0">100</wcet>
            <wcet number="1">240</wcet>
            <maxpow number="0.77330216770602"/>
            <maxpow number="0.77330216770602"/>
            <fprob>0.0</fprob>
        </actor>
        <actor name="D0N45">
            <wcet number="0">60</wcet>
            <wcet number="1">80</wcet>
            <maxpow number="0.6179479652796955"/>
            <maxpow number="0.6179479652796955"/>
            <fprob>0.0</fprob>
        </actor>
        <actor name="D0N10">
            <wcet number="0">50</wcet>
            <wcet number="1">60</wcet>
            <maxpow number="0.6111318172742096"/>
            <maxpow number="0.6111318172742096"/>
            <fprob>0.0</fprob>
        </actor>
        <actor name="D0N13">
            <wcet number="0">50</wcet>
            <wcet number="1">120</wcet>
            <maxpow number="0.5210284039616228"/>
            <maxpow number="0.5210284039616228"/>
            <fprob>0.0</fprob>
        </actor>
        <actor name="D0N2">
            <wcet number="0">30</wcet>
            <wcet number="1">30</wcet>
            <maxpow number="0.514220637414177"/>
            <maxpow number="0.514220637414177"/>
            <fprob>0.0</fprob>
        </actor>
        <actor name="D0N11">
            <wcet number="0">40</wcet>
            <wcet number="1">40</wcet>
            <maxpow number="0.7537385041249067"/>
            <maxpow number="0.7537385041249067"/>
            <fprob>0.0</fprob>
        </actor>
        <actor name="D0N44">
            <wcet number="0">20</wcet>
            <wcet number="1">70</wcet>
            <maxpow number="0.4669983760228644"/>
            <maxpow number="0.4669983760228644"/>
            <fprob>0.0</fprob>
        </actor>
        <actor name="D0N35">
            <wcet number="0">10</wcet>
            <wcet number="1">10</wcet>
            <maxpow number="0.6241874581304961"/>
            <maxpow number="0.6241874581304961"/>
            <fprob>0.0</fprob>
        </actor>
        <actor name="D0N40">
            <wcet number="0">50</wcet>
            <wcet number="1">80</wcet>
            <maxpow number="0.41966764135814516"/>
            <maxpow number="0.41966764135814516"/>
            <fprob>0.0</fprob>
        </actor>
        <actor name="D0N31">
            <wcet number="0">110</wcet>
            <wcet number="1">190</wcet>
            <maxpow number="0.25727938111826154"/>
            <maxpow number="0.25727938111826154"/>
            <fprob>0.0</fprob>
        </actor>
        <actor name="D0N46">
            <wcet number="0">230</wcet>
            <wcet number="1">290</wcet>
            <maxpow number="0.6270329155663138"/>
            <maxpow number="0.6270329155663138"/>
            <fprob>0.0</fprob>
        </actor>
        <actor name="D0N43">
            <wcet number="0">10</wcet>
            <wcet number="1">20</wcet>
            <maxpow number="0.2602252035865318"/>
            <maxpow number="0.2602252035865318"/>
            <fprob>0.0</fprob>
        </actor>
        <actor name="D0N24">
            <wcet number="0">250</wcet>
            <wcet number="1">310</wcet>
            <maxpow number="0.6064215962811668"/>
            <maxpow number="0.6064215962811668"/>
            <fprob>0.0</fprob>
        </actor>
        <actor name="D0N41">
            <wcet number="0">10</wcet>
            <wcet number="1">10</wcet>
            <maxpow number="0.21583467783439142"/>
            <maxpow number="0.21583467783439142"/>
            <fprob>0.0</fprob>
        </actor>
        <actor name="D0N1">
            <wcet number="0">20</wcet>
            <wcet number="1">40</wcet>
            <maxpow number="0.5423733401866574"/>
            <maxpow number="0.5423733401866574"/>
            <fprob>0.0</fprob>
        </actor>
        <actor name="D0N3">
            <wcet number="0">30</wcet>
            <wcet number="1">40</wcet>
            <maxpow number="0.2998252404231544"/>
            <maxpow number="0.2998252404231544"/>
            <fprob>0.0</fprob>
        </actor>
        <actor name="D0N4">
            <wcet number="0">10</wcet>
            <wcet number="1">230</wcet>
            <maxpow number="0.5938563639267317"/>
            <maxpow number="0.5938563639267317"/>
            <fprob>0.0</fprob>
        </actor>
        <actor name="D0N23">
            <wcet number="0">20</wcet>
            <wcet number="1">30</wcet>
            <maxpow number="0.5689476379899308"/>
            <maxpow number="0.5689476379899308"/>
            <fprob>0.0</fprob>
        </actor>
        <actor name="D0N21">
            <wcet number="0">20</wcet>
            <wcet number="1">50</wcet>
            <maxpow number="0.41335125015802454"/>
            <maxpow number="0.41335125015802454"/>
            <fprob>0.0</fprob>
        </actor>
        <actor name="D0N33">
            <wcet number="0">20</wcet>
            <wcet number="1">20</wcet>
            <maxpow number="0.517553521147404"/>
            <maxpow number="0.517553521147404"/>
            <fprob>0.0</fprob>
        </actor>
        <actor name="D0N36">
            <wcet number="0">60</wcet>
            <wcet number="1">80</wcet>
            <maxpow number="0.4589659219530306"/>
            <maxpow number="0.4589659219530306"/>
            <fprob>0.0</fprob>
        </actor>
        <ports>
            <port dstActor="D0N40" name="p0" srcActor="D0N6"/>
            <port dstActor="D0N18" name="p1" srcActor="D0N6"/>
            <port dstActor="D0N48" name="p2" srcActor="D0N6"/>
            <port dstActor="D0N33" name="p3" srcActor="D0N6"/>
            <port dstActor="D0N16" name="p4" srcActor="D0N6"/>
            <port dstActor="D0N24" name="p5" srcActor="D0N7"/>
            <port dstActor="D0N11" name="p6" srcActor="D0N7"/>
            <port dstActor="D0N47" name="p7" srcActor="D0N18"/>
            <port dstActor="D0N42" name="p8" srcActor="D0N39"/>
            <port dstActor="D0N10" name="p9" srcActor="D0N5"/>
            <port dstActor="D0N20" name="p10" srcActor="D0N5"/>
            <port dstActor="D0N48" name="p11" srcActor="D0N5"/>
            <port dstActor="D0N31" name="p12" srcActor="D0N12"/>
            <port dstActor="D0N38" name="p13" srcActor="D0N12"/>
            <port dstActor="D0N48" name="p14" srcActor="D0N22"/>
            <port dstActor="D0N47" name="p15" srcActor="D0N26"/>
            <port dstActor="D0N11" name="p16" srcActor="D0N9"/>
            <port dstActor="D0N28" name="p17" srcActor="D0N9"/>
            <port dstActor="D0N27" name="p18" srcActor="D0N9"/>
            <port dstActor="D0N48" name="p19" srcActor="D0N9"/>
            <port dstActor="D0N48" name="p20" srcActor="D0N38"/>
            <port dstActor="D0N39" name="p21" srcActor="D0N37"/>
            <port dstActor="D0N14" name="p22" srcActor="D0N8"/>
            <port dstActor="D0N25" name="p23" srcActor="D0N8"/>
            <port dstActor="D0N37" name="p24" srcActor="D0N8"/>
            <port dstActor="D0N38" name="p25" srcActor="D0N8"/>
            <port dstActor="D0N38" name="p26" srcActor="D0N30"/>
            <port dstActor="D0N46" name="p27" srcActor="D0N30"/>
            <port dstActor="D0N46" name="p28" srcActor="D0N28"/>
            <port dstActor="D0N44" name="p29" srcActor="D0N28"/>
            <port dstActor="D0N45" name="p30" srcActor="D0N28"/>
            <port dstActor="D0N30" name="p31" srcActor="D0N15"/>
            <port dstActor="D0N41" name="p32" srcActor="D0N15"/>
            <port dstActor="D0N48" name="p33" srcActor="D0N15"/>
            <port dstActor="D0N46" name="p34" srcActor="D0N32"/>
            <port dstActor="D0N35" name="p35" srcActor="D0N17"/>
            <port dstActor="D0N31" name="p36" srcActor="D0N17"/>
            <port dstActor="D0N26" name="p37" srcActor="D0N17"/>
            <port dstActor="D0N33" name="p38" srcActor="D0N29"/>
            <port dstActor="D0N34" name="p39" srcActor="D0N19"/>
            <port dstActor="D0N31" name="p40" srcActor="D0N14"/>
            <port dstActor="D0N16" name="p41" srcActor="D0N14"/>
            <port dstActor="D0N23" name="p42" srcActor="D0N14"/>
            <port dstActor="D0N27" name="p43" srcActor="D0N14"/>
            <port dstActor="D0N26" name="p44" srcActor="D0N14"/>
            <port dstActor="D0N30" name="p45" srcActor="D0N14"/>
            <port dstActor="D0N17" name="p46" srcActor="D0N16"/>
            <port dstActor="D0N33" name="p47" srcActor="D0N25"/>
            <port dstActor="D0N30" name="p48" srcActor="D0N25"/>
            <port dstActor="D0N47" name="p49" srcActor="D0N25"/>
            <port dstActor="D0N42" name="p50" srcActor="D0N27"/>
            <port dstActor="D0N45" name="p51" srcActor="D0N0"/>
            <port dstActor="D0N18" name="p52" srcActor="D0N0"/>
            <port dstActor="D0N40" name="p53" srcActor="D0N0"/>
            <port dstActor="D0N43" name="p54" srcActor="D0N0"/>
            <port dstActor="D0N39" name="p55" srcActor="D0N0"/>
            <port dstActor="D0N42" name="p56" srcActor="D0N34"/>
            <port dstActor="D0N36" name="p57" srcActor="D0N34"/>
            <port dstActor="D0N48" name="p58" srcActor="D0N45"/>
            <port dstActor="D0N45" name="p59" srcActor="D0N10"/>
            <port dstActor="D0N42" name="p60" srcActor="D0N10"/>
            <port dstActor="D0N28" name="p61" srcActor="D0N10"/>
            <port dstActor="D0N14" name="p62" srcActor="D0N10"/>
            <port dstActor="D0N20" name="p63" srcActor="D0N10"/>
            <port dstActor="D0N21" name="p64" srcActor="D0N10"/>
            <port dstActor="D0N38" name="p65" srcActor="D0N10"/>
            <port dstActor="D0N44" name="p66" srcActor="D0N10"/>
            <port dstActor="D0N33" name="p67" srcActor="D0N13"/>
            <port dstActor="D0N32" name="p68" srcActor="D0N2"/>
            <port dstActor="D0N20" name="p69" srcActor="D0N2"/>
            <port dstActor="D0N5" name="p70" srcActor="D0N2"/>
            <port dstActor="D0N29" name="p71" srcActor="D0N2"/>
            <port dstActor="D0N30" name="p72" srcActor="D0N2"/>
            <port dstActor="D0N48" name="p73" srcActor="D0N11"/>
            <port dstActor="D0N44" name="p74" srcActor="D0N11"/>
            <port dstActor="D0N44" name="p75" srcActor="D0N35"/>
            <port dstActor="D0N43" name="p76" srcActor="D0N35"/>
            <port dstActor="D0N38" name="p77" srcActor="D0N31"/>
            <port dstActor="D0N47" name="p78" srcActor="D0N31"/>
            <port dstActor="D0N46" name="p79" srcActor="D0N43"/>
            <port dstActor="D0N26" name="p80" srcActor="D0N24"/>
            <port dstActor="D0N30" name="p81" srcActor="D0N24"/>
            <port dstActor="D0N31" name="p82" srcActor="D0N24"/>
            <port dstActor="D0N33" name="p83" srcActor="D0N24"/>
            <port dstActor="D0N38" name="p84" srcActor="D0N24"/>
            <port dstActor="D0N43" name="p85" srcActor="D0N24"/>
            <port dstActor="D0N43" name="p86" srcActor="D0N1"/>
            <port dstActor="D0N19" name="p87" srcActor="D0N1"/>
            <port dstActor="D0N16" name="p88" srcActor="D0N1"/>
            <port dstActor="D0N38" name="p89" srcActor="D0N1"/>
            <port dstActor="D0N9" name="p90" srcActor="D0N1"/>
            <port dstActor="D0N33" name="p91" srcActor="D0N1"/>
            <port dstActor="D0N18" name="p92" srcActor="D0N1"/>
            <port dstActor="D0N24" name="p93" srcActor="D0N3"/>
            <port dstActor="D0N31" name="p94" srcActor="D0N3"/>
            <port dstActor="D0N18" name="p95" srcActor="D0N3"/>
            <port dstActor="D0N20" name="p96" srcActor="D0N3"/>
            <port dstActor="D0N6" name="p97" srcActor="D0N3"/>
            <port dstActor="D0N34" name="p98" srcActor="D0N3"/>
            <port dstActor="D0N17" name="p99" srcActor="D0N4"/>
            <port dstActor="D0N40" name="p100" srcActor="D0N4"/>
            <port dstActor="D0N33" name="p101" srcActor="D0N4"/>
            <port dstActor="D0N31" name="p102" srcActor="D0N23"/>
            <port dstActor="D0N45" name="p103" srcActor="D0N23"/>
            <port dstActor="D0N39" name="p104" srcActor="D0N21"/>
            <port dstActor="D0N43" name="p105" srcActor="D0N33"/>
        </ports>
    </mcdag>
    <cores number="3"/>
    <levels number="2"/>
</mcsystem>
