<?xml version="1.0" encoding="UTF-8" standalone="no"?>
<mcsystem>
    <mcdag deadline="1000" name="genned-0-ed-10.0-0">
        <actor name="D0N9">
            <wcet number="0">40</wcet>
            <wcet number="1">50</wcet>
            <maxpow number="0.18974718742604052"/>
            <maxpow number="0.18974718742604052"/>
            <fprob>0.0</fprob>
        </actor>
        <actor name="D0N10">
            <wcet number="0">30</wcet>
            <wcet number="1">70</wcet>
            <maxpow number="0.790867767641489"/>
            <maxpow number="0.790867767641489"/>
            <fprob>0.0</fprob>
        </actor>
        <actor name="D0N38">
            <wcet number="0">120</wcet>
            <wcet number="1">120</wcet>
            <maxpow number="0.4973075969448042"/>
            <maxpow number="0.4973075969448042"/>
            <fprob>0.0</fprob>
        </actor>
        <actor name="D0N20">
            <wcet number="0">50</wcet>
            <wcet number="1">70</wcet>
            <maxpow number="0.547748400818554"/>
            <maxpow number="0.547748400818554"/>
            <fprob>0.0</fprob>
        </actor>
        <actor name="D0N25">
            <wcet number="0">20</wcet>
            <wcet number="1">40</wcet>
            <maxpow number="0.8875109221997847"/>
            <maxpow number="0.8875109221997847"/>
            <fprob>0.0</fprob>
        </actor>
        <actor name="D0N28">
            <wcet number="0">50</wcet>
            <wcet number="1">60</wcet>
            <maxpow number="0.4888986991855128"/>
            <maxpow number="0.4888986991855128"/>
            <fprob>0.0</fprob>
        </actor>
        <actor name="D0N30">
            <wcet number="0">40</wcet>
            <wcet number="1">50</wcet>
            <maxpow number="0.38137171695264016"/>
            <maxpow number="0.38137171695264016"/>
            <fprob>0.0</fprob>
        </actor>
        <actor name="D0N36">
            <wcet number="0">10</wcet>
            <wcet number="1">10</wcet>
            <maxpow number="0.49451697454194077"/>
            <maxpow number="0.49451697454194077"/>
            <fprob>0.0</fprob>
        </actor>
        <actor name="D0N39">
            <wcet number="0">120</wcet>
            <wcet number="1">130</wcet>
            <maxpow number="0.49101107993351883"/>
            <maxpow number="0.49101107993351883"/>
            <fprob>0.0</fprob>
        </actor>
        <actor name="D0N7">
            <wcet number="0">80</wcet>
            <wcet number="1">90</wcet>
            <maxpow number="0.22601437863668145"/>
            <maxpow number="0.22601437863668145"/>
            <fprob>0.0</fprob>
        </actor>
        <actor name="D0N33">
            <wcet number="0">10</wcet>
            <wcet number="1">70</wcet>
            <maxpow number="0.5354914543465068"/>
            <maxpow number="0.5354914543465068"/>
            <fprob>0.0</fprob>
        </actor>
        <actor name="D0N40">
            <wcet number="0">10</wcet>
            <wcet number="1">20</wcet>
            <maxpow number="0.8283645759304799"/>
            <maxpow number="0.8283645759304799"/>
            <fprob>0.0</fprob>
        </actor>
        <actor name="D0N6">
            <wcet number="0">20</wcet>
            <wcet number="1">20</wcet>
            <maxpow number="0.676047813371996"/>
            <maxpow number="0.676047813371996"/>
            <fprob>0.0</fprob>
        </actor>
        <actor name="D0N13">
            <wcet number="0">60</wcet>
            <wcet number="1">60</wcet>
            <maxpow number="0.577144169575419"/>
            <maxpow number="0.577144169575419"/>
            <fprob>0.0</fprob>
        </actor>
        <actor name="D0N0">
            <wcet number="0">10</wcet>
            <wcet number="1">10</wcet>
            <maxpow number="0.3869735059560163"/>
            <maxpow number="0.3869735059560163"/>
            <fprob>0.0</fprob>
        </actor>
        <actor name="D0N5">
            <wcet number="0">10</wcet>
            <wcet number="1">10</wcet>
            <maxpow number="0.5978946231625879"/>
            <maxpow number="0.5978946231625879"/>
            <fprob>0.0</fprob>
        </actor>
        <actor name="D0N22">
            <wcet number="0">10</wcet>
            <wcet number="1">20</wcet>
            <maxpow number="0.40974822899213614"/>
            <maxpow number="0.40974822899213614"/>
            <fprob>0.0</fprob>
        </actor>
        <actor name="D0N23">
            <wcet number="0">60</wcet>
            <wcet number="1">140</wcet>
            <maxpow number="0.5461493436415376"/>
            <maxpow number="0.5461493436415376"/>
            <fprob>0.0</fprob>
        </actor>
        <actor name="D0N26">
            <wcet number="0">10</wcet>
            <wcet number="1">50</wcet>
            <maxpow number="0.7235122696994536"/>
            <maxpow number="0.7235122696994536"/>
            <fprob>0.0</fprob>
        </actor>
        <actor name="D0N4">
            <wcet number="0">10</wcet>
            <wcet number="1">10</wcet>
            <maxpow number="0.7527494758074655"/>
            <maxpow number="0.7527494758074655"/>
            <fprob>0.0</fprob>
        </actor>
        <actor name="D0N2">
            <wcet number="0">20</wcet>
            <wcet number="1">30</wcet>
            <maxpow number="0.380949846969154"/>
            <maxpow number="0.380949846969154"/>
            <fprob>0.0</fprob>
        </actor>
        <actor name="D0N32">
            <wcet number="0">10</wcet>
            <wcet number="1">10</wcet>
            <maxpow number="0.37238983901515305"/>
            <maxpow number="0.37238983901515305"/>
            <fprob>0.0</fprob>
        </actor>
        <actor name="D0N24">
            <wcet number="0">30</wcet>
            <wcet number="1">60</wcet>
            <maxpow number="0.5497377706736403"/>
            <maxpow number="0.5497377706736403"/>
            <fprob>0.0</fprob>
        </actor>
        <actor name="D0N8">
            <wcet number="0">40</wcet>
            <wcet number="1">100</wcet>
            <maxpow number="0.5610917675895984"/>
            <maxpow number="0.5610917675895984"/>
            <fprob>0.0</fprob>
        </actor>
        <actor name="D0N35">
            <wcet number="0">10</wcet>
            <wcet number="1">10</wcet>
            <maxpow number="0.5023457558378724"/>
            <maxpow number="0.5023457558378724"/>
            <fprob>0.0</fprob>
        </actor>
        <actor name="D0N17">
            <wcet number="0">10</wcet>
            <wcet number="1">10</wcet>
            <maxpow number="0.6209553762073747"/>
            <maxpow number="0.6209553762073747"/>
            <fprob>0.0</fprob>
        </actor>
        <actor name="D0N31">
            <wcet number="0">10</wcet>
            <wcet number="1">110</wcet>
            <maxpow number="0.5151768928294573"/>
            <maxpow number="0.5151768928294573"/>
            <fprob>0.0</fprob>
        </actor>
        <actor name="D0N42">
            <wcet number="0">20</wcet>
            <wcet number="1">30</wcet>
            <maxpow number="0.5332303798648174"/>
            <maxpow number="0.5332303798648174"/>
            <fprob>0.0</fprob>
        </actor>
        <actor name="D0N29">
            <wcet number="0">10</wcet>
            <wcet number="1">30</wcet>
            <maxpow number="0.6127901231477972"/>
            <maxpow number="0.6127901231477972"/>
            <fprob>0.0</fprob>
        </actor>
        <actor name="D0N41">
            <wcet number="0">50</wcet>
            <wcet number="1">60</wcet>
            <maxpow number="0.5643517536726605"/>
            <maxpow number="0.5643517536726605"/>
            <fprob>0.0</fprob>
        </actor>
        <actor name="D0N12">
            <wcet number="0">10</wcet>
            <wcet number="1">20</wcet>
            <maxpow number="0.40615008829327226"/>
            <maxpow number="0.40615008829327226"/>
            <fprob>0.0</fprob>
        </actor>
        <actor name="D0N16">
            <wcet number="0">30</wcet>
            <wcet number="1">30</wcet>
            <maxpow number="0.6306508969103778"/>
            <maxpow number="0.6306508969103778"/>
            <fprob>0.0</fprob>
        </actor>
        <actor name="D0N27">
            <wcet number="0">20</wcet>
            <wcet number="1">40</wcet>
            <maxpow number="0.18840314302391276"/>
            <maxpow number="0.18840314302391276"/>
            <fprob>0.0</fprob>
        </actor>
        <actor name="D0N14">
            <wcet number="0">20</wcet>
            <wcet number="1">30</wcet>
            <maxpow number="0.733037478887837"/>
            <maxpow number="0.733037478887837"/>
            <fprob>0.0</fprob>
        </actor>
        <actor name="D0N44">
            <wcet number="0">10</wcet>
            <wcet number="1">10</wcet>
            <maxpow number="0.4025255518314319"/>
            <maxpow number="0.4025255518314319"/>
            <fprob>0.0</fprob>
        </actor>
        <actor name="D0N19">
            <wcet number="0">20</wcet>
            <wcet number="1">20</wcet>
            <maxpow number="0.673174350285731"/>
            <maxpow number="0.673174350285731"/>
            <fprob>0.0</fprob>
        </actor>
        <actor name="D0N15">
            <wcet number="0">10</wcet>
            <wcet number="1">90</wcet>
            <maxpow number="0.3656314672836067"/>
            <maxpow number="0.3656314672836067"/>
            <fprob>0.0</fprob>
        </actor>
        <actor name="D0N21">
            <wcet number="0">30</wcet>
            <wcet number="1">40</wcet>
            <maxpow number="0.6487325914872233"/>
            <maxpow number="0.6487325914872233"/>
            <fprob>0.0</fprob>
        </actor>
        <actor name="D0N34">
            <wcet number="0">10</wcet>
            <wcet number="1">40</wcet>
            <maxpow number="0.6643220877138957"/>
            <maxpow number="0.6643220877138957"/>
            <fprob>0.0</fprob>
        </actor>
        <actor name="D0N11">
            <wcet number="0">20</wcet>
            <wcet number="1">40</wcet>
            <maxpow number="0.6959368234520065"/>
            <maxpow number="0.6959368234520065"/>
            <fprob>0.0</fprob>
        </actor>
        <actor name="D0N43">
            <wcet number="0">20</wcet>
            <wcet number="1">30</wcet>
            <maxpow number="0.8467117425453689"/>
            <maxpow number="0.8467117425453689"/>
            <fprob>0.0</fprob>
        </actor>
        <actor name="D0N18">
            <wcet number="0">10</wcet>
            <wcet number="1">20</wcet>
            <maxpow number="0.9411747864277515"/>
            <maxpow number="0.9411747864277515"/>
            <fprob>0.0</fprob>
        </actor>
        <actor name="D0N3">
            <wcet number="0">20</wcet>
            <wcet number="1">20</wcet>
            <maxpow number="0.5490671126941553"/>
            <maxpow number="0.5490671126941553"/>
            <fprob>0.0</fprob>
        </actor>
        <actor name="D0N1">
            <wcet number="0">10</wcet>
            <wcet number="1">10</wcet>
            <maxpow number="0.13711953126805226"/>
            <maxpow number="0.13711953126805226"/>
            <fprob>0.0</fprob>
        </actor>
        <actor name="D0N37">
            <wcet number="0">10</wcet>
            <wcet number="1">10</wcet>
            <maxpow number="0.6096057472668556"/>
            <maxpow number="0.6096057472668556"/>
            <fprob>0.0</fprob>
        </actor>
        <ports>
            <port dstActor="D0N14" name="p0" srcActor="D0N9"/>
            <port dstActor="D0N12" name="p1" srcActor="D0N9"/>
            <port dstActor="D0N44" name="p2" srcActor="D0N9"/>
            <port dstActor="D0N37" name="p3" srcActor="D0N9"/>
            <port dstActor="D0N42" name="p4" srcActor="D0N10"/>
            <port dstActor="D0N25" name="p5" srcActor="D0N10"/>
            <port dstActor="D0N30" name="p6" srcActor="D0N25"/>
            <port dstActor="D0N40" name="p7" srcActor="D0N25"/>
            <port dstActor="D0N37" name="p8" srcActor="D0N28"/>
            <port dstActor="D0N39" name="p9" srcActor="D0N30"/>
            <port dstActor="D0N36" name="p10" srcActor="D0N30"/>
            <port dstActor="D0N31" name="p11" srcActor="D0N7"/>
            <port dstActor="D0N37" name="p12" srcActor="D0N7"/>
            <port dstActor="D0N38" name="p13" srcActor="D0N7"/>
            <port dstActor="D0N24" name="p14" srcActor="D0N7"/>
            <port dstActor="D0N16" name="p15" srcActor="D0N7"/>
            <port dstActor="D0N37" name="p16" srcActor="D0N33"/>
            <port dstActor="D0N43" name="p17" srcActor="D0N40"/>
            <port dstActor="D0N41" name="p18" srcActor="D0N40"/>
            <port dstActor="D0N40" name="p19" srcActor="D0N6"/>
            <port dstActor="D0N7" name="p20" srcActor="D0N6"/>
            <port dstActor="D0N44" name="p21" srcActor="D0N6"/>
            <port dstActor="D0N28" name="p22" srcActor="D0N6"/>
            <port dstActor="D0N14" name="p23" srcActor="D0N13"/>
            <port dstActor="D0N23" name="p24" srcActor="D0N13"/>
            <port dstActor="D0N21" name="p25" srcActor="D0N13"/>
            <port dstActor="D0N38" name="p26" srcActor="D0N13"/>
            <port dstActor="D0N41" name="p27" srcActor="D0N13"/>
            <port dstActor="D0N29" name="p28" srcActor="D0N13"/>
            <port dstActor="D0N33" name="p29" srcActor="D0N13"/>
            <port dstActor="D0N28" name="p30" srcActor="D0N0"/>
            <port dstActor="D0N38" name="p31" srcActor="D0N0"/>
            <port dstActor="D0N24" name="p32" srcActor="D0N0"/>
            <port dstActor="D0N15" name="p33" srcActor="D0N0"/>
            <port dstActor="D0N22" name="p34" srcActor="D0N0"/>
            <port dstActor="D0N11" name="p35" srcActor="D0N5"/>
            <port dstActor="D0N13" name="p36" srcActor="D0N5"/>
            <port dstActor="D0N31" name="p37" srcActor="D0N5"/>
            <port dstActor="D0N37" name="p38" srcActor="D0N5"/>
            <port dstActor="D0N14" name="p39" srcActor="D0N5"/>
            <port dstActor="D0N29" name="p40" srcActor="D0N22"/>
            <port dstActor="D0N23" name="p41" srcActor="D0N22"/>
            <port dstActor="D0N38" name="p42" srcActor="D0N22"/>
            <port dstActor="D0N25" name="p43" srcActor="D0N22"/>
            <port dstActor="D0N41" name="p44" srcActor="D0N23"/>
            <port dstActor="D0N31" name="p45" srcActor="D0N23"/>
            <port dstActor="D0N32" name="p46" srcActor="D0N4"/>
            <port dstActor="D0N34" name="p47" srcActor="D0N4"/>
            <port dstActor="D0N10" name="p48" srcActor="D0N4"/>
            <port dstActor="D0N18" name="p49" srcActor="D0N2"/>
            <port dstActor="D0N32" name="p50" srcActor="D0N2"/>
            <port dstActor="D0N36" name="p51" srcActor="D0N2"/>
            <port dstActor="D0N29" name="p52" srcActor="D0N2"/>
            <port dstActor="D0N39" name="p53" srcActor="D0N32"/>
            <port dstActor="D0N40" name="p54" srcActor="D0N24"/>
            <port dstActor="D0N35" name="p55" srcActor="D0N24"/>
            <port dstActor="D0N34" name="p56" srcActor="D0N24"/>
            <port dstActor="D0N17" name="p57" srcActor="D0N8"/>
            <port dstActor="D0N24" name="p58" srcActor="D0N8"/>
            <port dstActor="D0N33" name="p59" srcActor="D0N8"/>
            <port dstActor="D0N27" name="p60" srcActor="D0N8"/>
            <port dstActor="D0N35" name="p61" srcActor="D0N17"/>
            <port dstActor="D0N30" name="p62" srcActor="D0N17"/>
            <port dstActor="D0N22" name="p63" srcActor="D0N17"/>
            <port dstActor="D0N26" name="p64" srcActor="D0N17"/>
            <port dstActor="D0N43" name="p65" srcActor="D0N31"/>
            <port dstActor="D0N32" name="p66" srcActor="D0N31"/>
            <port dstActor="D0N35" name="p67" srcActor="D0N12"/>
            <port dstActor="D0N18" name="p68" srcActor="D0N12"/>
            <port dstActor="D0N30" name="p69" srcActor="D0N12"/>
            <port dstActor="D0N32" name="p70" srcActor="D0N12"/>
            <port dstActor="D0N33" name="p71" srcActor="D0N16"/>
            <port dstActor="D0N27" name="p72" srcActor="D0N16"/>
            <port dstActor="D0N33" name="p73" srcActor="D0N27"/>
            <port dstActor="D0N39" name="p74" srcActor="D0N27"/>
            <port dstActor="D0N41" name="p75" srcActor="D0N14"/>
            <port dstActor="D0N26" name="p76" srcActor="D0N14"/>
            <port dstActor="D0N21" name="p77" srcActor="D0N14"/>
            <port dstActor="D0N15" name="p78" srcActor="D0N14"/>
            <port dstActor="D0N40" name="p79" srcActor="D0N19"/>
            <port dstActor="D0N27" name="p80" srcActor="D0N19"/>
            <port dstActor="D0N44" name="p81" srcActor="D0N15"/>
            <port dstActor="D0N32" name="p82" srcActor="D0N15"/>
            <port dstActor="D0N26" name="p83" srcActor="D0N15"/>
            <port dstActor="D0N28" name="p84" srcActor="D0N15"/>
            <port dstActor="D0N41" name="p85" srcActor="D0N15"/>
            <port dstActor="D0N29" name="p86" srcActor="D0N15"/>
            <port dstActor="D0N25" name="p87" srcActor="D0N21"/>
            <port dstActor="D0N39" name="p88" srcActor="D0N21"/>
            <port dstActor="D0N24" name="p89" srcActor="D0N21"/>
            <port dstActor="D0N35" name="p90" srcActor="D0N34"/>
            <port dstActor="D0N27" name="p91" srcActor="D0N11"/>
            <port dstActor="D0N16" name="p92" srcActor="D0N11"/>
            <port dstActor="D0N37" name="p93" srcActor="D0N11"/>
            <port dstActor="D0N24" name="p94" srcActor="D0N11"/>
            <port dstActor="D0N20" name="p95" srcActor="D0N11"/>
            <port dstActor="D0N36" name="p96" srcActor="D0N11"/>
            <port dstActor="D0N44" name="p97" srcActor="D0N43"/>
            <port dstActor="D0N29" name="p98" srcActor="D0N18"/>
            <port dstActor="D0N33" name="p99" srcActor="D0N3"/>
            <port dstActor="D0N19" name="p100" srcActor="D0N3"/>
            <port dstActor="D0N24" name="p101" srcActor="D0N3"/>
            <port dstActor="D0N17" name="p102" srcActor="D0N3"/>
            <port dstActor="D0N43" name="p103" srcActor="D0N1"/>
            <port dstActor="D0N34" name="p104" srcActor="D0N1"/>
            <port dstActor="D0N44" name="p105" srcActor="D0N1"/>
            <port dstActor="D0N29" name="p106" srcActor="D0N1"/>
            <port dstActor="D0N14" name="p107" srcActor="D0N1"/>
            <port dstActor="D0N24" name="p108" srcActor="D0N1"/>
        </ports>
    </mcdag>
    <cores number="2"/>
    <levels number="2"/>
</mcsystem>
