<?xml version="1.0" encoding="UTF-8" standalone="no"?>
<mcsystem>
    <mcdag deadline="1200" name="genned-0-ed-10.0-0">
        <actor name="D0N37">
            <wcet number="0">20</wcet>
            <wcet number="1">60</wcet>
            <maxpow number="0.43792243100044237"/>
            <maxpow number="0.43792243100044237"/>
            <fprob>0.0</fprob>
        </actor>
        <actor name="D0N31">
            <wcet number="0">10</wcet>
            <wcet number="1">20</wcet>
            <maxpow number="0.535667355698854"/>
            <maxpow number="0.535667355698854"/>
            <fprob>0.0</fprob>
        </actor>
        <actor name="D0N30">
            <wcet number="0">20</wcet>
            <wcet number="1">40</wcet>
            <maxpow number="0.8487707013219613"/>
            <maxpow number="0.8487707013219613"/>
            <fprob>0.0</fprob>
        </actor>
        <actor name="D0N21">
            <wcet number="0">140</wcet>
            <wcet number="1">200</wcet>
            <maxpow number="0.7466814945436522"/>
            <maxpow number="0.7466814945436522"/>
            <fprob>0.0</fprob>
        </actor>
        <actor name="D0N32">
            <wcet number="0">10</wcet>
            <wcet number="1">30</wcet>
            <maxpow number="0.7067696442713943"/>
            <maxpow number="0.7067696442713943"/>
            <fprob>0.0</fprob>
        </actor>
        <actor name="D0N27">
            <wcet number="0">60</wcet>
            <wcet number="1">60</wcet>
            <maxpow number="0.7136254231756783"/>
            <maxpow number="0.7136254231756783"/>
            <fprob>0.0</fprob>
        </actor>
        <actor name="D0N24">
            <wcet number="0">10</wcet>
            <wcet number="1">150</wcet>
            <maxpow number="0.5420295037543184"/>
            <maxpow number="0.5420295037543184"/>
            <fprob>0.0</fprob>
        </actor>
        <actor name="D0N7">
            <wcet number="0">40</wcet>
            <wcet number="1">140</wcet>
            <maxpow number="0.8624286837801385"/>
            <maxpow number="0.8624286837801385"/>
            <fprob>0.0</fprob>
        </actor>
        <actor name="D0N47">
            <wcet number="0">20</wcet>
            <wcet number="1">60</wcet>
            <maxpow number="0.5220526118447537"/>
            <maxpow number="0.5220526118447537"/>
            <fprob>0.0</fprob>
        </actor>
        <actor name="D0N20">
            <wcet number="0">70</wcet>
            <wcet number="1">80</wcet>
            <maxpow number="0.4815552217656239"/>
            <maxpow number="0.4815552217656239"/>
            <fprob>0.0</fprob>
        </actor>
        <actor name="D0N36">
            <wcet number="0">20</wcet>
            <wcet number="1">50</wcet>
            <maxpow number="0.31835848356152885"/>
            <maxpow number="0.31835848356152885"/>
            <fprob>0.0</fprob>
        </actor>
        <actor name="D0N34">
            <wcet number="0">10</wcet>
            <wcet number="1">10</wcet>
            <maxpow number="0.4155432576282214"/>
            <maxpow number="0.4155432576282214"/>
            <fprob>0.0</fprob>
        </actor>
        <actor name="D0N8">
            <wcet number="0">100</wcet>
            <wcet number="1">200</wcet>
            <maxpow number="0.7140258498216188"/>
            <maxpow number="0.7140258498216188"/>
            <fprob>0.0</fprob>
        </actor>
        <actor name="D0N29">
            <wcet number="0">20</wcet>
            <wcet number="1">30</wcet>
            <maxpow number="0.3626822708045445"/>
            <maxpow number="0.3626822708045445"/>
            <fprob>0.0</fprob>
        </actor>
        <actor name="D0N17">
            <wcet number="0">50</wcet>
            <wcet number="1">50</wcet>
            <maxpow number="0.48705714688804413"/>
            <maxpow number="0.48705714688804413"/>
            <fprob>0.0</fprob>
        </actor>
        <actor name="D0N38">
            <wcet number="0">90</wcet>
            <wcet number="1">90</wcet>
            <maxpow number="0.458728027264473"/>
            <maxpow number="0.458728027264473"/>
            <fprob>0.0</fprob>
        </actor>
        <actor name="D0N39">
            <wcet number="0">20</wcet>
            <wcet number="1">30</wcet>
            <maxpow number="0.3926966303597875"/>
            <maxpow number="0.3926966303597875"/>
            <fprob>0.0</fprob>
        </actor>
        <actor name="D0N43">
            <wcet number="0">40</wcet>
            <wcet number="1">40</wcet>
            <maxpow number="0.5292856214920514"/>
            <maxpow number="0.5292856214920514"/>
            <fprob>0.0</fprob>
        </actor>
        <actor name="D0N12">
            <wcet number="0">10</wcet>
            <wcet number="1">10</wcet>
            <maxpow number="0.5652872417858458"/>
            <maxpow number="0.5652872417858458"/>
            <fprob>0.0</fprob>
        </actor>
        <actor name="D0N5">
            <wcet number="0">10</wcet>
            <wcet number="1">60</wcet>
            <maxpow number="0.5367623170963383"/>
            <maxpow number="0.5367623170963383"/>
            <fprob>0.0</fprob>
        </actor>
        <actor name="D0N13">
            <wcet number="0">40</wcet>
            <wcet number="1">50</wcet>
            <maxpow number="0.6349005169998473"/>
            <maxpow number="0.6349005169998473"/>
            <fprob>0.0</fprob>
        </actor>
        <actor name="D0N23">
            <wcet number="0">10</wcet>
            <wcet number="1">20</wcet>
            <maxpow number="0.47384500898574056"/>
            <maxpow number="0.47384500898574056"/>
            <fprob>0.0</fprob>
        </actor>
        <actor name="D0N0">
            <wcet number="0">10</wcet>
            <wcet number="1">50</wcet>
            <maxpow number="0.268925832072997"/>
            <maxpow number="0.268925832072997"/>
            <fprob>0.0</fprob>
        </actor>
        <actor name="D0N44">
            <wcet number="0">10</wcet>
            <wcet number="1">10</wcet>
            <maxpow number="0.22494887035306926"/>
            <maxpow number="0.22494887035306926"/>
            <fprob>0.0</fprob>
        </actor>
        <actor name="D0N10">
            <wcet number="0">30</wcet>
            <wcet number="1">140</wcet>
            <maxpow number="0.5071964070806984"/>
            <maxpow number="0.5071964070806984"/>
            <fprob>0.0</fprob>
        </actor>
        <actor name="D0N41">
            <wcet number="0">30</wcet>
            <wcet number="1">30</wcet>
            <maxpow number="0.5195093623924745"/>
            <maxpow number="0.5195093623924745"/>
            <fprob>0.0</fprob>
        </actor>
        <actor name="D0N42">
            <wcet number="0">10</wcet>
            <wcet number="1">10</wcet>
            <maxpow number="0.843128064583049"/>
            <maxpow number="0.843128064583049"/>
            <fprob>0.0</fprob>
        </actor>
        <actor name="D0N3">
            <wcet number="0">20</wcet>
            <wcet number="1">30</wcet>
            <maxpow number="0.6365455745408695"/>
            <maxpow number="0.6365455745408695"/>
            <fprob>0.0</fprob>
        </actor>
        <actor name="D0N9">
            <wcet number="0">10</wcet>
            <wcet number="1">10</wcet>
            <maxpow number="0.4436581579820391"/>
            <maxpow number="0.4436581579820391"/>
            <fprob>0.0</fprob>
        </actor>
        <actor name="D0N2">
            <wcet number="0">70</wcet>
            <wcet number="1">140</wcet>
            <maxpow number="0.44243311461156204"/>
            <maxpow number="0.44243311461156204"/>
            <fprob>0.0</fprob>
        </actor>
        <actor name="D0N28">
            <wcet number="0">50</wcet>
            <wcet number="1">130</wcet>
            <maxpow number="0.5647538664250246"/>
            <maxpow number="0.5647538664250246"/>
            <fprob>0.0</fprob>
        </actor>
        <actor name="D0N11">
            <wcet number="0">10</wcet>
            <wcet number="1">10</wcet>
            <maxpow number="0.5540903900772658"/>
            <maxpow number="0.5540903900772658"/>
            <fprob>0.0</fprob>
        </actor>
        <actor name="D0N1">
            <wcet number="0">10</wcet>
            <wcet number="1">30</wcet>
            <maxpow number="0.3276442685383537"/>
            <maxpow number="0.3276442685383537"/>
            <fprob>0.0</fprob>
        </actor>
        <actor name="D0N40">
            <wcet number="0">40</wcet>
            <wcet number="1">50</wcet>
            <maxpow number="0.7017752732932155"/>
            <maxpow number="0.7017752732932155"/>
            <fprob>0.0</fprob>
        </actor>
        <actor name="D0N49">
            <wcet number="0">40</wcet>
            <wcet number="1">40</wcet>
            <maxpow number="0.3524048613336962"/>
            <maxpow number="0.3524048613336962"/>
            <fprob>0.0</fprob>
        </actor>
        <actor name="D0N6">
            <wcet number="0">10</wcet>
            <wcet number="1">80</wcet>
            <maxpow number="0.3087002863634421"/>
            <maxpow number="0.3087002863634421"/>
            <fprob>0.0</fprob>
        </actor>
        <actor name="D0N45">
            <wcet number="0">20</wcet>
            <wcet number="1">30</wcet>
            <maxpow number="0.23628280181149586"/>
            <maxpow number="0.23628280181149586"/>
            <fprob>0.0</fprob>
        </actor>
        <actor name="D0N4">
            <wcet number="0">60</wcet>
            <wcet number="1">80</wcet>
            <maxpow number="0.7884719661671996"/>
            <maxpow number="0.7884719661671996"/>
            <fprob>0.0</fprob>
        </actor>
        <actor name="D0N18">
            <wcet number="0">10</wcet>
            <wcet number="1">60</wcet>
            <maxpow number="0.4731103051789046"/>
            <maxpow number="0.4731103051789046"/>
            <fprob>0.0</fprob>
        </actor>
        <actor name="D0N33">
            <wcet number="0">10</wcet>
            <wcet number="1">40</wcet>
            <maxpow number="0.4652967277375013"/>
            <maxpow number="0.4652967277375013"/>
            <fprob>0.0</fprob>
        </actor>
        <actor name="D0N46">
            <wcet number="0">10</wcet>
            <wcet number="1">40</wcet>
            <maxpow number="0.3128156072513131"/>
            <maxpow number="0.3128156072513131"/>
            <fprob>0.0</fprob>
        </actor>
        <actor name="D0N15">
            <wcet number="0">20</wcet>
            <wcet number="1">30</wcet>
            <maxpow number="0.6406896082303535"/>
            <maxpow number="0.6406896082303535"/>
            <fprob>0.0</fprob>
        </actor>
        <actor name="D0N48">
            <wcet number="0">10</wcet>
            <wcet number="1">50</wcet>
            <maxpow number="0.14747113131688017"/>
            <maxpow number="0.14747113131688017"/>
            <fprob>0.0</fprob>
        </actor>
        <actor name="D0N16">
            <wcet number="0">150</wcet>
            <wcet number="1">200</wcet>
            <maxpow number="0.7777933852001894"/>
            <maxpow number="0.7777933852001894"/>
            <fprob>0.0</fprob>
        </actor>
        <actor name="D0N14">
            <wcet number="0">20</wcet>
            <wcet number="1">30</wcet>
            <maxpow number="0.6164230548872461"/>
            <maxpow number="0.6164230548872461"/>
            <fprob>0.0</fprob>
        </actor>
        <actor name="D0N19">
            <wcet number="0">10</wcet>
            <wcet number="1">20</wcet>
            <maxpow number="0.4052190799728097"/>
            <maxpow number="0.4052190799728097"/>
            <fprob>0.0</fprob>
        </actor>
        <actor name="D0N25">
            <wcet number="0">10</wcet>
            <wcet number="1">10</wcet>
            <maxpow number="0.3744521170771743"/>
            <maxpow number="0.3744521170771743"/>
            <fprob>0.0</fprob>
        </actor>
        <actor name="D0N22">
            <wcet number="0">40</wcet>
            <wcet number="1">40</wcet>
            <maxpow number="0.6037602978346872"/>
            <maxpow number="0.6037602978346872"/>
            <fprob>0.0</fprob>
        </actor>
        <actor name="D0N35">
            <wcet number="0">110</wcet>
            <wcet number="1">110</wcet>
            <maxpow number="0.5230712338287568"/>
            <maxpow number="0.5230712338287568"/>
            <fprob>0.0</fprob>
        </actor>
        <actor name="D0N26">
            <wcet number="0">20</wcet>
            <wcet number="1">20</wcet>
            <maxpow number="0.6649806659821227"/>
            <maxpow number="0.6649806659821227"/>
            <fprob>0.0</fprob>
        </actor>
        <ports>
            <port dstActor="D0N38" name="p0" srcActor="D0N31"/>
            <port dstActor="D0N34" name="p1" srcActor="D0N30"/>
            <port dstActor="D0N40" name="p2" srcActor="D0N30"/>
            <port dstActor="D0N46" name="p3" srcActor="D0N30"/>
            <port dstActor="D0N22" name="p4" srcActor="D0N21"/>
            <port dstActor="D0N49" name="p5" srcActor="D0N21"/>
            <port dstActor="D0N48" name="p6" srcActor="D0N32"/>
            <port dstActor="D0N40" name="p7" srcActor="D0N27"/>
            <port dstActor="D0N35" name="p8" srcActor="D0N24"/>
            <port dstActor="D0N42" name="p9" srcActor="D0N24"/>
            <port dstActor="D0N48" name="p10" srcActor="D0N24"/>
            <port dstActor="D0N31" name="p11" srcActor="D0N7"/>
            <port dstActor="D0N25" name="p12" srcActor="D0N7"/>
            <port dstActor="D0N46" name="p13" srcActor="D0N7"/>
            <port dstActor="D0N42" name="p14" srcActor="D0N20"/>
            <port dstActor="D0N35" name="p15" srcActor="D0N34"/>
            <port dstActor="D0N40" name="p16" srcActor="D0N34"/>
            <port dstActor="D0N43" name="p17" srcActor="D0N34"/>
            <port dstActor="D0N21" name="p18" srcActor="D0N8"/>
            <port dstActor="D0N9" name="p19" srcActor="D0N8"/>
            <port dstActor="D0N22" name="p20" srcActor="D0N8"/>
            <port dstActor="D0N39" name="p21" srcActor="D0N8"/>
            <port dstActor="D0N24" name="p22" srcActor="D0N8"/>
            <port dstActor="D0N37" name="p23" srcActor="D0N29"/>
            <port dstActor="D0N43" name="p24" srcActor="D0N29"/>
            <port dstActor="D0N36" name="p25" srcActor="D0N29"/>
            <port dstActor="D0N34" name="p26" srcActor="D0N17"/>
            <port dstActor="D0N23" name="p27" srcActor="D0N17"/>
            <port dstActor="D0N49" name="p28" srcActor="D0N38"/>
            <port dstActor="D0N48" name="p29" srcActor="D0N38"/>
            <port dstActor="D0N43" name="p30" srcActor="D0N38"/>
            <port dstActor="D0N40" name="p31" srcActor="D0N39"/>
            <port dstActor="D0N46" name="p32" srcActor="D0N39"/>
            <port dstActor="D0N32" name="p33" srcActor="D0N12"/>
            <port dstActor="D0N40" name="p34" srcActor="D0N12"/>
            <port dstActor="D0N20" name="p35" srcActor="D0N12"/>
            <port dstActor="D0N18" name="p36" srcActor="D0N12"/>
            <port dstActor="D0N39" name="p37" srcActor="D0N12"/>
            <port dstActor="D0N47" name="p38" srcActor="D0N12"/>
            <port dstActor="D0N22" name="p39" srcActor="D0N12"/>
            <port dstActor="D0N47" name="p40" srcActor="D0N5"/>
            <port dstActor="D0N38" name="p41" srcActor="D0N5"/>
            <port dstActor="D0N33" name="p42" srcActor="D0N5"/>
            <port dstActor="D0N37" name="p43" srcActor="D0N5"/>
            <port dstActor="D0N31" name="p44" srcActor="D0N5"/>
            <port dstActor="D0N45" name="p45" srcActor="D0N5"/>
            <port dstActor="D0N24" name="p46" srcActor="D0N5"/>
            <port dstActor="D0N34" name="p47" srcActor="D0N5"/>
            <port dstActor="D0N45" name="p48" srcActor="D0N13"/>
            <port dstActor="D0N42" name="p49" srcActor="D0N13"/>
            <port dstActor="D0N27" name="p50" srcActor="D0N23"/>
            <port dstActor="D0N30" name="p51" srcActor="D0N23"/>
            <port dstActor="D0N42" name="p52" srcActor="D0N23"/>
            <port dstActor="D0N28" name="p53" srcActor="D0N23"/>
            <port dstActor="D0N47" name="p54" srcActor="D0N23"/>
            <port dstActor="D0N20" name="p55" srcActor="D0N0"/>
            <port dstActor="D0N37" name="p56" srcActor="D0N0"/>
            <port dstActor="D0N15" name="p57" srcActor="D0N0"/>
            <port dstActor="D0N35" name="p58" srcActor="D0N0"/>
            <port dstActor="D0N2" name="p59" srcActor="D0N0"/>
            <port dstActor="D0N4" name="p60" srcActor="D0N0"/>
            <port dstActor="D0N46" name="p61" srcActor="D0N0"/>
            <port dstActor="D0N30" name="p62" srcActor="D0N10"/>
            <port dstActor="D0N44" name="p63" srcActor="D0N10"/>
            <port dstActor="D0N31" name="p64" srcActor="D0N10"/>
            <port dstActor="D0N49" name="p65" srcActor="D0N41"/>
            <port dstActor="D0N25" name="p66" srcActor="D0N3"/>
            <port dstActor="D0N47" name="p67" srcActor="D0N3"/>
            <port dstActor="D0N24" name="p68" srcActor="D0N3"/>
            <port dstActor="D0N17" name="p69" srcActor="D0N3"/>
            <port dstActor="D0N19" name="p70" srcActor="D0N3"/>
            <port dstActor="D0N49" name="p71" srcActor="D0N3"/>
            <port dstActor="D0N38" name="p72" srcActor="D0N3"/>
            <port dstActor="D0N37" name="p73" srcActor="D0N3"/>
            <port dstActor="D0N35" name="p74" srcActor="D0N3"/>
            <port dstActor="D0N30" name="p75" srcActor="D0N9"/>
            <port dstActor="D0N20" name="p76" srcActor="D0N9"/>
            <port dstActor="D0N37" name="p77" srcActor="D0N2"/>
            <port dstActor="D0N7" name="p78" srcActor="D0N2"/>
            <port dstActor="D0N49" name="p79" srcActor="D0N2"/>
            <port dstActor="D0N27" name="p80" srcActor="D0N2"/>
            <port dstActor="D0N48" name="p81" srcActor="D0N28"/>
            <port dstActor="D0N39" name="p82" srcActor="D0N28"/>
            <port dstActor="D0N26" name="p83" srcActor="D0N1"/>
            <port dstActor="D0N36" name="p84" srcActor="D0N1"/>
            <port dstActor="D0N45" name="p85" srcActor="D0N1"/>
            <port dstActor="D0N14" name="p86" srcActor="D0N1"/>
            <port dstActor="D0N48" name="p87" srcActor="D0N40"/>
            <port dstActor="D0N19" name="p88" srcActor="D0N6"/>
            <port dstActor="D0N13" name="p89" srcActor="D0N6"/>
            <port dstActor="D0N14" name="p90" srcActor="D0N6"/>
            <port dstActor="D0N26" name="p91" srcActor="D0N6"/>
            <port dstActor="D0N22" name="p92" srcActor="D0N6"/>
            <port dstActor="D0N29" name="p93" srcActor="D0N6"/>
            <port dstActor="D0N23" name="p94" srcActor="D0N4"/>
            <port dstActor="D0N28" name="p95" srcActor="D0N4"/>
            <port dstActor="D0N12" name="p96" srcActor="D0N4"/>
            <port dstActor="D0N45" name="p97" srcActor="D0N4"/>
            <port dstActor="D0N39" name="p98" srcActor="D0N4"/>
            <port dstActor="D0N34" name="p99" srcActor="D0N18"/>
            <port dstActor="D0N37" name="p100" srcActor="D0N18"/>
            <port dstActor="D0N33" name="p101" srcActor="D0N18"/>
            <port dstActor="D0N47" name="p102" srcActor="D0N33"/>
            <port dstActor="D0N45" name="p103" srcActor="D0N33"/>
            <port dstActor="D0N37" name="p104" srcActor="D0N33"/>
            <port dstActor="D0N47" name="p105" srcActor="D0N46"/>
            <port dstActor="D0N29" name="p106" srcActor="D0N15"/>
            <port dstActor="D0N20" name="p107" srcActor="D0N15"/>
            <port dstActor="D0N25" name="p108" srcActor="D0N15"/>
            <port dstActor="D0N25" name="p109" srcActor="D0N16"/>
            <port dstActor="D0N28" name="p110" srcActor="D0N16"/>
            <port dstActor="D0N47" name="p111" srcActor="D0N14"/>
            <port dstActor="D0N41" name="p112" srcActor="D0N14"/>
            <port dstActor="D0N33" name="p113" srcActor="D0N19"/>
            <port dstActor="D0N21" name="p114" srcActor="D0N19"/>
            <port dstActor="D0N37" name="p115" srcActor="D0N25"/>
            <port dstActor="D0N35" name="p116" srcActor="D0N25"/>
            <port dstActor="D0N45" name="p117" srcActor="D0N22"/>
            <port dstActor="D0N48" name="p118" srcActor="D0N22"/>
            <port dstActor="D0N42" name="p119" srcActor="D0N35"/>
            <port dstActor="D0N36" name="p120" srcActor="D0N35"/>
            <port dstActor="D0N38" name="p121" srcActor="D0N35"/>
            <port dstActor="D0N29" name="p122" srcActor="D0N26"/>
            <port dstActor="D0N32" name="p123" srcActor="D0N26"/>
        </ports>
    </mcdag>
    <cores number="3"/>
    <levels number="2"/>
</mcsystem>
