<?xml version="1.0" encoding="UTF-8" standalone="no"?>
<mcsystem>
    <mcdag deadline="1500" name="genned-0-ed-10.0-0">
        <actor name="D0N30">
            <wcet number="0">20</wcet>
            <wcet number="1">50</wcet>
            <maxpow number="0.7033944314327577"/>
            <maxpow number="0.7033944314327577"/>
            <fprob>0.0</fprob>
        </actor>
        <actor name="D0N1">
            <wcet number="0">20</wcet>
            <wcet number="1">30</wcet>
            <maxpow number="0.7915121432512808"/>
            <maxpow number="0.7915121432512808"/>
            <fprob>0.0</fprob>
        </actor>
        <actor name="D0N11">
            <wcet number="0">30</wcet>
            <wcet number="1">30</wcet>
            <maxpow number="0.6549462725114511"/>
            <maxpow number="0.6549462725114511"/>
            <fprob>0.0</fprob>
        </actor>
        <actor name="D0N22">
            <wcet number="0">30</wcet>
            <wcet number="1">50</wcet>
            <maxpow number="0.7432617742917293"/>
            <maxpow number="0.7432617742917293"/>
            <fprob>0.0</fprob>
        </actor>
        <actor name="D0N40">
            <wcet number="0">50</wcet>
            <wcet number="1">240</wcet>
            <maxpow number="0.4340111245870275"/>
            <maxpow number="0.4340111245870275"/>
            <fprob>0.0</fprob>
        </actor>
        <actor name="D0N0">
            <wcet number="0">20</wcet>
            <wcet number="1">20</wcet>
            <maxpow number="0.3977245259956288"/>
            <maxpow number="0.3977245259956288"/>
            <fprob>0.0</fprob>
        </actor>
        <actor name="D0N24">
            <wcet number="0">50</wcet>
            <wcet number="1">50</wcet>
            <maxpow number="0.3346046002267432"/>
            <maxpow number="0.3346046002267432"/>
            <fprob>0.0</fprob>
        </actor>
        <actor name="D0N14">
            <wcet number="0">50</wcet>
            <wcet number="1">50</wcet>
            <maxpow number="0.5903603199472474"/>
            <maxpow number="0.5903603199472474"/>
            <fprob>0.0</fprob>
        </actor>
        <actor name="D0N20">
            <wcet number="0">250</wcet>
            <wcet number="1">250</wcet>
            <maxpow number="0.5625183103956867"/>
            <maxpow number="0.5625183103956867"/>
            <fprob>0.0</fprob>
        </actor>
        <actor name="D0N3">
            <wcet number="0">10</wcet>
            <wcet number="1">80</wcet>
            <maxpow number="0.755859976407853"/>
            <maxpow number="0.755859976407853"/>
            <fprob>0.0</fprob>
        </actor>
        <actor name="D0N33">
            <wcet number="0">10</wcet>
            <wcet number="1">10</wcet>
            <maxpow number="0.29625424463569094"/>
            <maxpow number="0.29625424463569094"/>
            <fprob>0.0</fprob>
        </actor>
        <actor name="D0N4">
            <wcet number="0">60</wcet>
            <wcet number="1">120</wcet>
            <maxpow number="0.4410411900314024"/>
            <maxpow number="0.4410411900314024"/>
            <fprob>0.0</fprob>
        </actor>
        <actor name="D0N17">
            <wcet number="0">30</wcet>
            <wcet number="1">150</wcet>
            <maxpow number="0.6378787578781608"/>
            <maxpow number="0.6378787578781608"/>
            <fprob>0.0</fprob>
        </actor>
        <actor name="D0N23">
            <wcet number="0">10</wcet>
            <wcet number="1">20</wcet>
            <maxpow number="0.5857836198165977"/>
            <maxpow number="0.5857836198165977"/>
            <fprob>0.0</fprob>
        </actor>
        <actor name="D0N27">
            <wcet number="0">10</wcet>
            <wcet number="1">10</wcet>
            <maxpow number="0.39364748968486013"/>
            <maxpow number="0.39364748968486013"/>
            <fprob>0.0</fprob>
        </actor>
        <actor name="D0N37">
            <wcet number="0">20</wcet>
            <wcet number="1">20</wcet>
            <maxpow number="0.781351170222832"/>
            <maxpow number="0.781351170222832"/>
            <fprob>0.0</fprob>
        </actor>
        <actor name="D0N39">
            <wcet number="0">40</wcet>
            <wcet number="1">150</wcet>
            <maxpow number="0.7240444690323856"/>
            <maxpow number="0.7240444690323856"/>
            <fprob>0.0</fprob>
        </actor>
        <actor name="D0N42">
            <wcet number="0">20</wcet>
            <wcet number="1">50</wcet>
            <maxpow number="0.6411418922416909"/>
            <maxpow number="0.6411418922416909"/>
            <fprob>0.0</fprob>
        </actor>
        <actor name="D0N7">
            <wcet number="0">10</wcet>
            <wcet number="1">30</wcet>
            <maxpow number="0.11367492294725023"/>
            <maxpow number="0.11367492294725023"/>
            <fprob>0.0</fprob>
        </actor>
        <actor name="D0N2">
            <wcet number="0">10</wcet>
            <wcet number="1">20</wcet>
            <maxpow number="0.5155339156092758"/>
            <maxpow number="0.5155339156092758"/>
            <fprob>0.0</fprob>
        </actor>
        <actor name="D0N25">
            <wcet number="0">20</wcet>
            <wcet number="1">20</wcet>
            <maxpow number="0.5392274867744484"/>
            <maxpow number="0.5392274867744484"/>
            <fprob>0.0</fprob>
        </actor>
        <actor name="D0N8">
            <wcet number="0">10</wcet>
            <wcet number="1">70</wcet>
            <maxpow number="1.0140700385959833"/>
            <maxpow number="1.0140700385959833"/>
            <fprob>0.0</fprob>
        </actor>
        <actor name="D0N18">
            <wcet number="0">100</wcet>
            <wcet number="1">110</wcet>
            <maxpow number="0.5494098709157429"/>
            <maxpow number="0.5494098709157429"/>
            <fprob>0.0</fprob>
        </actor>
        <actor name="D0N41">
            <wcet number="0">40</wcet>
            <wcet number="1">90</wcet>
            <maxpow number="0.467571653670833"/>
            <maxpow number="0.467571653670833"/>
            <fprob>0.0</fprob>
        </actor>
        <actor name="D0N9">
            <wcet number="0">40</wcet>
            <wcet number="1">60</wcet>
            <maxpow number="0.3991812587237245"/>
            <maxpow number="0.3991812587237245"/>
            <fprob>0.0</fprob>
        </actor>
        <actor name="D0N36">
            <wcet number="0">120</wcet>
            <wcet number="1">310</wcet>
            <maxpow number="0.6160489666656073"/>
            <maxpow number="0.6160489666656073"/>
            <fprob>0.0</fprob>
        </actor>
        <actor name="D0N29">
            <wcet number="0">10</wcet>
            <wcet number="1">90</wcet>
            <maxpow number="0.6277651824083608"/>
            <maxpow number="0.6277651824083608"/>
            <fprob>0.0</fprob>
        </actor>
        <actor name="D0N15">
            <wcet number="0">10</wcet>
            <wcet number="1">20</wcet>
            <maxpow number="0.3914144411422144"/>
            <maxpow number="0.3914144411422144"/>
            <fprob>0.0</fprob>
        </actor>
        <actor name="D0N19">
            <wcet number="0">10</wcet>
            <wcet number="1">10</wcet>
            <maxpow number="0.30104767195312404"/>
            <maxpow number="0.30104767195312404"/>
            <fprob>0.0</fprob>
        </actor>
        <actor name="D0N32">
            <wcet number="0">30</wcet>
            <wcet number="1">70</wcet>
            <maxpow number="0.5852527733947748"/>
            <maxpow number="0.5852527733947748"/>
            <fprob>0.0</fprob>
        </actor>
        <actor name="D0N26">
            <wcet number="0">70</wcet>
            <wcet number="1">360</wcet>
            <maxpow number="0.785957872423406"/>
            <maxpow number="0.785957872423406"/>
            <fprob>0.0</fprob>
        </actor>
        <actor name="D0N6">
            <wcet number="0">40</wcet>
            <wcet number="1">40</wcet>
            <maxpow number="0.738290712046714"/>
            <maxpow number="0.738290712046714"/>
            <fprob>0.0</fprob>
        </actor>
        <actor name="D0N12">
            <wcet number="0">140</wcet>
            <wcet number="1">200</wcet>
            <maxpow number="0.3609553094864577"/>
            <maxpow number="0.3609553094864577"/>
            <fprob>0.0</fprob>
        </actor>
        <actor name="D0N5">
            <wcet number="0">80</wcet>
            <wcet number="1">200</wcet>
            <maxpow number="0.4252125810109491"/>
            <maxpow number="0.4252125810109491"/>
            <fprob>0.0</fprob>
        </actor>
        <actor name="D0N31">
            <wcet number="0">10</wcet>
            <wcet number="1">10</wcet>
            <maxpow number="0.25394853644696463"/>
            <maxpow number="0.25394853644696463"/>
            <fprob>0.0</fprob>
        </actor>
        <actor name="D0N16">
            <wcet number="0">20</wcet>
            <wcet number="1">80</wcet>
            <maxpow number="0.26696126449314794"/>
            <maxpow number="0.26696126449314794"/>
            <fprob>0.0</fprob>
        </actor>
        <actor name="D0N21">
            <wcet number="0">20</wcet>
            <wcet number="1">60</wcet>
            <maxpow number="0.5513722052346385"/>
            <maxpow number="0.5513722052346385"/>
            <fprob>0.0</fprob>
        </actor>
        <actor name="D0N28">
            <wcet number="0">80</wcet>
            <wcet number="1">110</wcet>
            <maxpow number="0.3413000691187823"/>
            <maxpow number="0.3413000691187823"/>
            <fprob>0.0</fprob>
        </actor>
        <actor name="D0N13">
            <wcet number="0">30</wcet>
            <wcet number="1">30</wcet>
            <maxpow number="0.49630132071945876"/>
            <maxpow number="0.49630132071945876"/>
            <fprob>0.0</fprob>
        </actor>
        <actor name="D0N34">
            <wcet number="0">30</wcet>
            <wcet number="1">80</wcet>
            <maxpow number="0.7618491729002795"/>
            <maxpow number="0.7618491729002795"/>
            <fprob>0.0</fprob>
        </actor>
        <actor name="D0N10">
            <wcet number="0">10</wcet>
            <wcet number="1">40</wcet>
            <maxpow number="0.5913215462185583"/>
            <maxpow number="0.5913215462185583"/>
            <fprob>0.0</fprob>
        </actor>
        <actor name="D0N43">
            <wcet number="0">140</wcet>
            <wcet number="1">140</wcet>
            <maxpow number="0.624794486774655"/>
            <maxpow number="0.624794486774655"/>
            <fprob>0.0</fprob>
        </actor>
        <actor name="D0N35">
            <wcet number="0">40</wcet>
            <wcet number="1">70</wcet>
            <maxpow number="0.5195875763569824"/>
            <maxpow number="0.5195875763569824"/>
            <fprob>0.0</fprob>
        </actor>
        <actor name="D0N38">
            <wcet number="0">40</wcet>
            <wcet number="1">50</wcet>
            <maxpow number="0.1488304789318165"/>
            <maxpow number="0.1488304789318165"/>
            <fprob>0.0</fprob>
        </actor>
        <ports>
            <port dstActor="D0N39" name="p0" srcActor="D0N30"/>
            <port dstActor="D0N24" name="p1" srcActor="D0N1"/>
            <port dstActor="D0N42" name="p2" srcActor="D0N1"/>
            <port dstActor="D0N43" name="p3" srcActor="D0N1"/>
            <port dstActor="D0N37" name="p4" srcActor="D0N1"/>
            <port dstActor="D0N33" name="p5" srcActor="D0N1"/>
            <port dstActor="D0N27" name="p6" srcActor="D0N11"/>
            <port dstActor="D0N18" name="p7" srcActor="D0N11"/>
            <port dstActor="D0N20" name="p8" srcActor="D0N11"/>
            <port dstActor="D0N42" name="p9" srcActor="D0N11"/>
            <port dstActor="D0N39" name="p10" srcActor="D0N11"/>
            <port dstActor="D0N34" name="p11" srcActor="D0N22"/>
            <port dstActor="D0N31" name="p12" srcActor="D0N22"/>
            <port dstActor="D0N25" name="p13" srcActor="D0N0"/>
            <port dstActor="D0N5" name="p14" srcActor="D0N0"/>
            <port dstActor="D0N32" name="p15" srcActor="D0N0"/>
            <port dstActor="D0N19" name="p16" srcActor="D0N0"/>
            <port dstActor="D0N1" name="p17" srcActor="D0N0"/>
            <port dstActor="D0N33" name="p18" srcActor="D0N14"/>
            <port dstActor="D0N16" name="p19" srcActor="D0N14"/>
            <port dstActor="D0N41" name="p20" srcActor="D0N14"/>
            <port dstActor="D0N25" name="p21" srcActor="D0N3"/>
            <port dstActor="D0N17" name="p22" srcActor="D0N4"/>
            <port dstActor="D0N41" name="p23" srcActor="D0N4"/>
            <port dstActor="D0N21" name="p24" srcActor="D0N4"/>
            <port dstActor="D0N20" name="p25" srcActor="D0N4"/>
            <port dstActor="D0N19" name="p26" srcActor="D0N4"/>
            <port dstActor="D0N10" name="p27" srcActor="D0N4"/>
            <port dstActor="D0N34" name="p28" srcActor="D0N4"/>
            <port dstActor="D0N25" name="p29" srcActor="D0N17"/>
            <port dstActor="D0N31" name="p30" srcActor="D0N23"/>
            <port dstActor="D0N32" name="p31" srcActor="D0N27"/>
            <port dstActor="D0N39" name="p32" srcActor="D0N27"/>
            <port dstActor="D0N42" name="p33" srcActor="D0N39"/>
            <port dstActor="D0N15" name="p34" srcActor="D0N7"/>
            <port dstActor="D0N31" name="p35" srcActor="D0N7"/>
            <port dstActor="D0N19" name="p36" srcActor="D0N7"/>
            <port dstActor="D0N21" name="p37" srcActor="D0N7"/>
            <port dstActor="D0N42" name="p38" srcActor="D0N7"/>
            <port dstActor="D0N16" name="p39" srcActor="D0N2"/>
            <port dstActor="D0N40" name="p40" srcActor="D0N2"/>
            <port dstActor="D0N13" name="p41" srcActor="D0N2"/>
            <port dstActor="D0N34" name="p42" srcActor="D0N2"/>
            <port dstActor="D0N29" name="p43" srcActor="D0N25"/>
            <port dstActor="D0N35" name="p44" srcActor="D0N8"/>
            <port dstActor="D0N31" name="p45" srcActor="D0N8"/>
            <port dstActor="D0N42" name="p46" srcActor="D0N18"/>
            <port dstActor="D0N29" name="p47" srcActor="D0N9"/>
            <port dstActor="D0N19" name="p48" srcActor="D0N9"/>
            <port dstActor="D0N24" name="p49" srcActor="D0N9"/>
            <port dstActor="D0N43" name="p50" srcActor="D0N9"/>
            <port dstActor="D0N27" name="p51" srcActor="D0N9"/>
            <port dstActor="D0N10" name="p52" srcActor="D0N9"/>
            <port dstActor="D0N37" name="p53" srcActor="D0N29"/>
            <port dstActor="D0N35" name="p54" srcActor="D0N29"/>
            <port dstActor="D0N32" name="p55" srcActor="D0N15"/>
            <port dstActor="D0N34" name="p56" srcActor="D0N15"/>
            <port dstActor="D0N38" name="p57" srcActor="D0N19"/>
            <port dstActor="D0N20" name="p58" srcActor="D0N19"/>
            <port dstActor="D0N40" name="p59" srcActor="D0N19"/>
            <port dstActor="D0N36" name="p60" srcActor="D0N19"/>
            <port dstActor="D0N27" name="p61" srcActor="D0N26"/>
            <port dstActor="D0N38" name="p62" srcActor="D0N26"/>
            <port dstActor="D0N42" name="p63" srcActor="D0N26"/>
            <port dstActor="D0N18" name="p64" srcActor="D0N6"/>
            <port dstActor="D0N39" name="p65" srcActor="D0N6"/>
            <port dstActor="D0N32" name="p66" srcActor="D0N6"/>
            <port dstActor="D0N29" name="p67" srcActor="D0N6"/>
            <port dstActor="D0N32" name="p68" srcActor="D0N12"/>
            <port dstActor="D0N19" name="p69" srcActor="D0N12"/>
            <port dstActor="D0N29" name="p70" srcActor="D0N12"/>
            <port dstActor="D0N22" name="p71" srcActor="D0N12"/>
            <port dstActor="D0N33" name="p72" srcActor="D0N5"/>
            <port dstActor="D0N19" name="p73" srcActor="D0N5"/>
            <port dstActor="D0N30" name="p74" srcActor="D0N5"/>
            <port dstActor="D0N34" name="p75" srcActor="D0N5"/>
            <port dstActor="D0N33" name="p76" srcActor="D0N31"/>
            <port dstActor="D0N39" name="p77" srcActor="D0N31"/>
            <port dstActor="D0N43" name="p78" srcActor="D0N16"/>
            <port dstActor="D0N26" name="p79" srcActor="D0N16"/>
            <port dstActor="D0N32" name="p80" srcActor="D0N16"/>
            <port dstActor="D0N29" name="p81" srcActor="D0N16"/>
            <port dstActor="D0N30" name="p82" srcActor="D0N16"/>
            <port dstActor="D0N31" name="p83" srcActor="D0N16"/>
            <port dstActor="D0N25" name="p84" srcActor="D0N21"/>
            <port dstActor="D0N42" name="p85" srcActor="D0N21"/>
            <port dstActor="D0N40" name="p86" srcActor="D0N28"/>
            <port dstActor="D0N41" name="p87" srcActor="D0N28"/>
            <port dstActor="D0N42" name="p88" srcActor="D0N28"/>
            <port dstActor="D0N43" name="p89" srcActor="D0N13"/>
            <port dstActor="D0N30" name="p90" srcActor="D0N13"/>
            <port dstActor="D0N25" name="p91" srcActor="D0N13"/>
            <port dstActor="D0N38" name="p92" srcActor="D0N13"/>
            <port dstActor="D0N14" name="p93" srcActor="D0N13"/>
            <port dstActor="D0N35" name="p94" srcActor="D0N10"/>
            <port dstActor="D0N22" name="p95" srcActor="D0N10"/>
            <port dstActor="D0N16" name="p96" srcActor="D0N10"/>
            <port dstActor="D0N42" name="p97" srcActor="D0N10"/>
            <port dstActor="D0N18" name="p98" srcActor="D0N10"/>
            <port dstActor="D0N30" name="p99" srcActor="D0N10"/>
            <port dstActor="D0N24" name="p100" srcActor="D0N10"/>
            <port dstActor="D0N40" name="p101" srcActor="D0N35"/>
        </ports>
    </mcdag>
    <cores number="3"/>
    <levels number="2"/>
</mcsystem>
