<?xml version="1.0" encoding="UTF-8" standalone="no"?>
<mcsystem>
    <mcdag deadline="1500" name="genned-0-ed-10.0-0">
        <actor name="D0N29">
            <wcet number="0">40</wcet>
            <wcet number="1">50</wcet>
            <maxpow number="0.3376822070014838"/>
            <maxpow number="0.3376822070014838"/>
            <fprob>0.0</fprob>
        </actor>
        <actor name="D0N36">
            <wcet number="0">30</wcet>
            <wcet number="1">90</wcet>
            <maxpow number="0.5219049365669964"/>
            <maxpow number="0.5219049365669964"/>
            <fprob>0.0</fprob>
        </actor>
        <actor name="D0N45">
            <wcet number="0">50</wcet>
            <wcet number="1">110</wcet>
            <maxpow number="0.44085669136587724"/>
            <maxpow number="0.44085669136587724"/>
            <fprob>0.0</fprob>
        </actor>
        <actor name="D0N6">
            <wcet number="0">40</wcet>
            <wcet number="1">80</wcet>
            <maxpow number="0.3236962386947166"/>
            <maxpow number="0.3236962386947166"/>
            <fprob>0.0</fprob>
        </actor>
        <actor name="D0N38">
            <wcet number="0">50</wcet>
            <wcet number="1">50</wcet>
            <maxpow number="0.45625207989433236"/>
            <maxpow number="0.45625207989433236"/>
            <fprob>0.0</fprob>
        </actor>
        <actor name="D0N39">
            <wcet number="0">50</wcet>
            <wcet number="1">60</wcet>
            <maxpow number="0.5202732882310175"/>
            <maxpow number="0.5202732882310175"/>
            <fprob>0.0</fprob>
        </actor>
        <actor name="D0N48">
            <wcet number="0">10</wcet>
            <wcet number="1">10</wcet>
            <maxpow number="0.7961117345019"/>
            <maxpow number="0.7961117345019"/>
            <fprob>0.0</fprob>
        </actor>
        <actor name="D0N11">
            <wcet number="0">80</wcet>
            <wcet number="1">90</wcet>
            <maxpow number="0.933130973573667"/>
            <maxpow number="0.933130973573667"/>
            <fprob>0.0</fprob>
        </actor>
        <actor name="D0N13">
            <wcet number="0">10</wcet>
            <wcet number="1">20</wcet>
            <maxpow number="0.6160040171785817"/>
            <maxpow number="0.6160040171785817"/>
            <fprob>0.0</fprob>
        </actor>
        <actor name="D0N33">
            <wcet number="0">50</wcet>
            <wcet number="1">60</wcet>
            <maxpow number="0.6678454770735582"/>
            <maxpow number="0.6678454770735582"/>
            <fprob>0.0</fprob>
        </actor>
        <actor name="D0N14">
            <wcet number="0">30</wcet>
            <wcet number="1">60</wcet>
            <maxpow number="0.6610172097634331"/>
            <maxpow number="0.6610172097634331"/>
            <fprob>0.0</fprob>
        </actor>
        <actor name="D0N7">
            <wcet number="0">10</wcet>
            <wcet number="1">70</wcet>
            <maxpow number="0.7696689528735436"/>
            <maxpow number="0.7696689528735436"/>
            <fprob>0.0</fprob>
        </actor>
        <actor name="D0N10">
            <wcet number="0">30</wcet>
            <wcet number="1">50</wcet>
            <maxpow number="0.6271881593883591"/>
            <maxpow number="0.6271881593883591"/>
            <fprob>0.0</fprob>
        </actor>
        <actor name="D0N12">
            <wcet number="0">30</wcet>
            <wcet number="1">30</wcet>
            <maxpow number="0.756317936338663"/>
            <maxpow number="0.756317936338663"/>
            <fprob>0.0</fprob>
        </actor>
        <actor name="D0N35">
            <wcet number="0">10</wcet>
            <wcet number="1">30</wcet>
            <maxpow number="0.7096178209547148"/>
            <maxpow number="0.7096178209547148"/>
            <fprob>0.0</fprob>
        </actor>
        <actor name="D0N23">
            <wcet number="0">100</wcet>
            <wcet number="1">100</wcet>
            <maxpow number="0.7825730603642163"/>
            <maxpow number="0.7825730603642163"/>
            <fprob>0.0</fprob>
        </actor>
        <actor name="D0N46">
            <wcet number="0">10</wcet>
            <wcet number="1">30</wcet>
            <maxpow number="0.46767333730398253"/>
            <maxpow number="0.46767333730398253"/>
            <fprob>0.0</fprob>
        </actor>
        <actor name="D0N27">
            <wcet number="0">20</wcet>
            <wcet number="1">60</wcet>
            <maxpow number="0.5227744779923186"/>
            <maxpow number="0.5227744779923186"/>
            <fprob>0.0</fprob>
        </actor>
        <actor name="D0N18">
            <wcet number="0">10</wcet>
            <wcet number="1">30</wcet>
            <maxpow number="0.7408089276065747"/>
            <maxpow number="0.7408089276065747"/>
            <fprob>0.0</fprob>
        </actor>
        <actor name="D0N26">
            <wcet number="0">100</wcet>
            <wcet number="1">180</wcet>
            <maxpow number="0.6756564398853074"/>
            <maxpow number="0.6756564398853074"/>
            <fprob>0.0</fprob>
        </actor>
        <actor name="D0N24">
            <wcet number="0">10</wcet>
            <wcet number="1">10</wcet>
            <maxpow number="0.9133121157027335"/>
            <maxpow number="0.9133121157027335"/>
            <fprob>0.0</fprob>
        </actor>
        <actor name="D0N47">
            <wcet number="0">30</wcet>
            <wcet number="1">50</wcet>
            <maxpow number="0.5917842856471429"/>
            <maxpow number="0.5917842856471429"/>
            <fprob>0.0</fprob>
        </actor>
        <actor name="D0N16">
            <wcet number="0">70</wcet>
            <wcet number="1">110</wcet>
            <maxpow number="0.5015821882109568"/>
            <maxpow number="0.5015821882109568"/>
            <fprob>0.0</fprob>
        </actor>
        <actor name="D0N19">
            <wcet number="0">20</wcet>
            <wcet number="1">20</wcet>
            <maxpow number="0.4856964476917083"/>
            <maxpow number="0.4856964476917083"/>
            <fprob>0.0</fprob>
        </actor>
        <actor name="D0N40">
            <wcet number="0">130</wcet>
            <wcet number="1">200</wcet>
            <maxpow number="0.6532814205613748"/>
            <maxpow number="0.6532814205613748"/>
            <fprob>0.0</fprob>
        </actor>
        <actor name="D0N15">
            <wcet number="0">30</wcet>
            <wcet number="1">110</wcet>
            <maxpow number="0.4342068406895948"/>
            <maxpow number="0.4342068406895948"/>
            <fprob>0.0</fprob>
        </actor>
        <actor name="D0N32">
            <wcet number="0">10</wcet>
            <wcet number="1">10</wcet>
            <maxpow number="0.3634310522006343"/>
            <maxpow number="0.3634310522006343"/>
            <fprob>0.0</fprob>
        </actor>
        <actor name="D0N43">
            <wcet number="0">30</wcet>
            <wcet number="1">40</wcet>
            <maxpow number="0.8752844989849176"/>
            <maxpow number="0.8752844989849176"/>
            <fprob>0.0</fprob>
        </actor>
        <actor name="D0N31">
            <wcet number="0">20</wcet>
            <wcet number="1">50</wcet>
            <maxpow number="0.721197917348593"/>
            <maxpow number="0.721197917348593"/>
            <fprob>0.0</fprob>
        </actor>
        <actor name="D0N25">
            <wcet number="0">50</wcet>
            <wcet number="1">70</wcet>
            <maxpow number="0.6928993882569957"/>
            <maxpow number="0.6928993882569957"/>
            <fprob>0.0</fprob>
        </actor>
        <actor name="D0N37">
            <wcet number="0">80</wcet>
            <wcet number="1">80</wcet>
            <maxpow number="0.660215223100514"/>
            <maxpow number="0.660215223100514"/>
            <fprob>0.0</fprob>
        </actor>
        <actor name="D0N9">
            <wcet number="0">10</wcet>
            <wcet number="1">10</wcet>
            <maxpow number="0.6993540610053746"/>
            <maxpow number="0.6993540610053746"/>
            <fprob>0.0</fprob>
        </actor>
        <actor name="D0N3">
            <wcet number="0">20</wcet>
            <wcet number="1">50</wcet>
            <maxpow number="0.8058986148166731"/>
            <maxpow number="0.8058986148166731"/>
            <fprob>0.0</fprob>
        </actor>
        <actor name="D0N1">
            <wcet number="0">10</wcet>
            <wcet number="1">10</wcet>
            <maxpow number="0.7296840139894925"/>
            <maxpow number="0.7296840139894925"/>
            <fprob>0.0</fprob>
        </actor>
        <actor name="D0N5">
            <wcet number="0">10</wcet>
            <wcet number="1">20</wcet>
            <maxpow number="0.49652765491653145"/>
            <maxpow number="0.49652765491653145"/>
            <fprob>0.0</fprob>
        </actor>
        <actor name="D0N34">
            <wcet number="0">30</wcet>
            <wcet number="1">30</wcet>
            <maxpow number="0.388796831840039"/>
            <maxpow number="0.388796831840039"/>
            <fprob>0.0</fprob>
        </actor>
        <actor name="D0N4">
            <wcet number="0">10</wcet>
            <wcet number="1">40</wcet>
            <maxpow number="0.4379534100891248"/>
            <maxpow number="0.4379534100891248"/>
            <fprob>0.0</fprob>
        </actor>
        <actor name="D0N0">
            <wcet number="0">50</wcet>
            <wcet number="1">80</wcet>
            <maxpow number="0.31958923135307526"/>
            <maxpow number="0.31958923135307526"/>
            <fprob>0.0</fprob>
        </actor>
        <actor name="D0N20">
            <wcet number="0">20</wcet>
            <wcet number="1">20</wcet>
            <maxpow number="0.7355061670166563"/>
            <maxpow number="0.7355061670166563"/>
            <fprob>0.0</fprob>
        </actor>
        <actor name="D0N28">
            <wcet number="0">50</wcet>
            <wcet number="1">80</wcet>
            <maxpow number="0.21619452039920106"/>
            <maxpow number="0.21619452039920106"/>
            <fprob>0.0</fprob>
        </actor>
        <actor name="D0N44">
            <wcet number="0">30</wcet>
            <wcet number="1">70</wcet>
            <maxpow number="0.799605083040393"/>
            <maxpow number="0.799605083040393"/>
            <fprob>0.0</fprob>
        </actor>
        <actor name="D0N17">
            <wcet number="0">10</wcet>
            <wcet number="1">20</wcet>
            <maxpow number="0.5507187208751887"/>
            <maxpow number="0.5507187208751887"/>
            <fprob>0.0</fprob>
        </actor>
        <actor name="D0N42">
            <wcet number="0">30</wcet>
            <wcet number="1">40</wcet>
            <maxpow number="0.5574336869742197"/>
            <maxpow number="0.5574336869742197"/>
            <fprob>0.0</fprob>
        </actor>
        <actor name="D0N2">
            <wcet number="0">30</wcet>
            <wcet number="1">60</wcet>
            <maxpow number="0.4609927450065239"/>
            <maxpow number="0.4609927450065239"/>
            <fprob>0.0</fprob>
        </actor>
        <actor name="D0N41">
            <wcet number="0">60</wcet>
            <wcet number="1">140</wcet>
            <maxpow number="0.5888660865135054"/>
            <maxpow number="0.5888660865135054"/>
            <fprob>0.0</fprob>
        </actor>
        <actor name="D0N21">
            <wcet number="0">10</wcet>
            <wcet number="1">120</wcet>
            <maxpow number="0.11719819834822903"/>
            <maxpow number="0.11719819834822903"/>
            <fprob>0.0</fprob>
        </actor>
        <actor name="D0N30">
            <wcet number="0">40</wcet>
            <wcet number="1">110</wcet>
            <maxpow number="0.7395943431287679"/>
            <maxpow number="0.7395943431287679"/>
            <fprob>0.0</fprob>
        </actor>
        <actor name="D0N22">
            <wcet number="0">10</wcet>
            <wcet number="1">30</wcet>
            <maxpow number="0.16818007286714115"/>
            <maxpow number="0.16818007286714115"/>
            <fprob>0.0</fprob>
        </actor>
        <actor name="D0N8">
            <wcet number="0">50</wcet>
            <wcet number="1">60</wcet>
            <maxpow number="0.6291261615678478"/>
            <maxpow number="0.6291261615678478"/>
            <fprob>0.0</fprob>
        </actor>
        <ports>
            <port dstActor="D0N35" name="p0" srcActor="D0N29"/>
            <port dstActor="D0N42" name="p1" srcActor="D0N29"/>
            <port dstActor="D0N32" name="p2" srcActor="D0N29"/>
            <port dstActor="D0N39" name="p3" srcActor="D0N29"/>
            <port dstActor="D0N30" name="p4" srcActor="D0N29"/>
            <port dstActor="D0N42" name="p5" srcActor="D0N36"/>
            <port dstActor="D0N41" name="p6" srcActor="D0N6"/>
            <port dstActor="D0N9" name="p7" srcActor="D0N6"/>
            <port dstActor="D0N46" name="p8" srcActor="D0N38"/>
            <port dstActor="D0N45" name="p9" srcActor="D0N39"/>
            <port dstActor="D0N34" name="p10" srcActor="D0N11"/>
            <port dstActor="D0N24" name="p11" srcActor="D0N11"/>
            <port dstActor="D0N37" name="p12" srcActor="D0N11"/>
            <port dstActor="D0N29" name="p13" srcActor="D0N11"/>
            <port dstActor="D0N39" name="p14" srcActor="D0N13"/>
            <port dstActor="D0N43" name="p15" srcActor="D0N13"/>
            <port dstActor="D0N38" name="p16" srcActor="D0N13"/>
            <port dstActor="D0N15" name="p17" srcActor="D0N13"/>
            <port dstActor="D0N46" name="p18" srcActor="D0N33"/>
            <port dstActor="D0N39" name="p19" srcActor="D0N33"/>
            <port dstActor="D0N39" name="p20" srcActor="D0N14"/>
            <port dstActor="D0N17" name="p21" srcActor="D0N14"/>
            <port dstActor="D0N29" name="p22" srcActor="D0N14"/>
            <port dstActor="D0N23" name="p23" srcActor="D0N7"/>
            <port dstActor="D0N24" name="p24" srcActor="D0N7"/>
            <port dstActor="D0N34" name="p25" srcActor="D0N7"/>
            <port dstActor="D0N12" name="p26" srcActor="D0N7"/>
            <port dstActor="D0N33" name="p27" srcActor="D0N10"/>
            <port dstActor="D0N19" name="p28" srcActor="D0N10"/>
            <port dstActor="D0N16" name="p29" srcActor="D0N10"/>
            <port dstActor="D0N14" name="p30" srcActor="D0N10"/>
            <port dstActor="D0N46" name="p31" srcActor="D0N10"/>
            <port dstActor="D0N35" name="p32" srcActor="D0N12"/>
            <port dstActor="D0N48" name="p33" srcActor="D0N12"/>
            <port dstActor="D0N36" name="p34" srcActor="D0N35"/>
            <port dstActor="D0N42" name="p35" srcActor="D0N35"/>
            <port dstActor="D0N33" name="p36" srcActor="D0N23"/>
            <port dstActor="D0N30" name="p37" srcActor="D0N27"/>
            <port dstActor="D0N47" name="p38" srcActor="D0N27"/>
            <port dstActor="D0N41" name="p39" srcActor="D0N27"/>
            <port dstActor="D0N39" name="p40" srcActor="D0N18"/>
            <port dstActor="D0N22" name="p41" srcActor="D0N18"/>
            <port dstActor="D0N33" name="p42" srcActor="D0N18"/>
            <port dstActor="D0N28" name="p43" srcActor="D0N26"/>
            <port dstActor="D0N36" name="p44" srcActor="D0N26"/>
            <port dstActor="D0N45" name="p45" srcActor="D0N26"/>
            <port dstActor="D0N29" name="p46" srcActor="D0N26"/>
            <port dstActor="D0N27" name="p47" srcActor="D0N26"/>
            <port dstActor="D0N39" name="p48" srcActor="D0N26"/>
            <port dstActor="D0N34" name="p49" srcActor="D0N26"/>
            <port dstActor="D0N44" name="p50" srcActor="D0N24"/>
            <port dstActor="D0N21" name="p51" srcActor="D0N16"/>
            <port dstActor="D0N33" name="p52" srcActor="D0N16"/>
            <port dstActor="D0N24" name="p53" srcActor="D0N16"/>
            <port dstActor="D0N45" name="p54" srcActor="D0N16"/>
            <port dstActor="D0N37" name="p55" srcActor="D0N16"/>
            <port dstActor="D0N32" name="p56" srcActor="D0N19"/>
            <port dstActor="D0N28" name="p57" srcActor="D0N19"/>
            <port dstActor="D0N25" name="p58" srcActor="D0N19"/>
            <port dstActor="D0N25" name="p59" srcActor="D0N15"/>
            <port dstActor="D0N41" name="p60" srcActor="D0N15"/>
            <port dstActor="D0N36" name="p61" srcActor="D0N32"/>
            <port dstActor="D0N32" name="p62" srcActor="D0N31"/>
            <port dstActor="D0N42" name="p63" srcActor="D0N31"/>
            <port dstActor="D0N41" name="p64" srcActor="D0N25"/>
            <port dstActor="D0N29" name="p65" srcActor="D0N9"/>
            <port dstActor="D0N21" name="p66" srcActor="D0N9"/>
            <port dstActor="D0N19" name="p67" srcActor="D0N9"/>
            <port dstActor="D0N47" name="p68" srcActor="D0N3"/>
            <port dstActor="D0N6" name="p69" srcActor="D0N3"/>
            <port dstActor="D0N16" name="p70" srcActor="D0N1"/>
            <port dstActor="D0N35" name="p71" srcActor="D0N1"/>
            <port dstActor="D0N42" name="p72" srcActor="D0N1"/>
            <port dstActor="D0N5" name="p73" srcActor="D0N1"/>
            <port dstActor="D0N34" name="p74" srcActor="D0N1"/>
            <port dstActor="D0N15" name="p75" srcActor="D0N5"/>
            <port dstActor="D0N37" name="p76" srcActor="D0N5"/>
            <port dstActor="D0N47" name="p77" srcActor="D0N34"/>
            <port dstActor="D0N35" name="p78" srcActor="D0N34"/>
            <port dstActor="D0N36" name="p79" srcActor="D0N34"/>
            <port dstActor="D0N6" name="p80" srcActor="D0N4"/>
            <port dstActor="D0N27" name="p81" srcActor="D0N4"/>
            <port dstActor="D0N9" name="p82" srcActor="D0N4"/>
            <port dstActor="D0N46" name="p83" srcActor="D0N4"/>
            <port dstActor="D0N8" name="p84" srcActor="D0N4"/>
            <port dstActor="D0N45" name="p85" srcActor="D0N0"/>
            <port dstActor="D0N32" name="p86" srcActor="D0N0"/>
            <port dstActor="D0N44" name="p87" srcActor="D0N20"/>
            <port dstActor="D0N39" name="p88" srcActor="D0N20"/>
            <port dstActor="D0N30" name="p89" srcActor="D0N20"/>
            <port dstActor="D0N38" name="p90" srcActor="D0N28"/>
            <port dstActor="D0N37" name="p91" srcActor="D0N28"/>
            <port dstActor="D0N44" name="p92" srcActor="D0N28"/>
            <port dstActor="D0N30" name="p93" srcActor="D0N28"/>
            <port dstActor="D0N32" name="p94" srcActor="D0N28"/>
            <port dstActor="D0N45" name="p95" srcActor="D0N28"/>
            <port dstActor="D0N45" name="p96" srcActor="D0N44"/>
            <port dstActor="D0N40" name="p97" srcActor="D0N17"/>
            <port dstActor="D0N48" name="p98" srcActor="D0N17"/>
            <port dstActor="D0N20" name="p99" srcActor="D0N17"/>
            <port dstActor="D0N48" name="p100" srcActor="D0N42"/>
            <port dstActor="D0N34" name="p101" srcActor="D0N2"/>
            <port dstActor="D0N8" name="p102" srcActor="D0N2"/>
            <port dstActor="D0N38" name="p103" srcActor="D0N21"/>
            <port dstActor="D0N43" name="p104" srcActor="D0N21"/>
            <port dstActor="D0N34" name="p105" srcActor="D0N30"/>
            <port dstActor="D0N33" name="p106" srcActor="D0N30"/>
            <port dstActor="D0N40" name="p107" srcActor="D0N22"/>
            <port dstActor="D0N30" name="p108" srcActor="D0N8"/>
            <port dstActor="D0N16" name="p109" srcActor="D0N8"/>
            <port dstActor="D0N36" name="p110" srcActor="D0N8"/>
            <port dstActor="D0N20" name="p111" srcActor="D0N8"/>
            <port dstActor="D0N19" name="p112" srcActor="D0N8"/>
            <port dstActor="D0N28" name="p113" srcActor="D0N8"/>
            <port dstActor="D0N31" name="p114" srcActor="D0N8"/>
        </ports>
    </mcdag>
    <cores number="2"/>
    <levels number="2"/>
</mcsystem>
