<?xml version="1.0" encoding="UTF-8" standalone="no"?>
<mcsystem>
    <mcdag deadline="1800" name="genned-0-ed-10.0-0">
        <actor name="D0N14">
            <wcet number="0">120</wcet>
            <wcet number="1">140</wcet>
            <maxpow number="0.6440290066446831"/>
            <maxpow number="0.6440290066446831"/>
            <fprob>0.0</fprob>
        </actor>
        <actor name="D0N11">
            <wcet number="0">10</wcet>
            <wcet number="1">10</wcet>
            <maxpow number="0.25563027260560073"/>
            <maxpow number="0.25563027260560073"/>
            <fprob>0.0</fprob>
        </actor>
        <actor name="D0N0">
            <wcet number="0">80</wcet>
            <wcet number="1">140</wcet>
            <maxpow number="0.36844915204783946"/>
            <maxpow number="0.36844915204783946"/>
            <fprob>0.0</fprob>
        </actor>
        <actor name="D0N26">
            <wcet number="0">10</wcet>
            <wcet number="1">40</wcet>
            <maxpow number="0.2742215300175241"/>
            <maxpow number="0.2742215300175241"/>
            <fprob>0.0</fprob>
        </actor>
        <actor name="D0N20">
            <wcet number="0">120</wcet>
            <wcet number="1">130</wcet>
            <maxpow number="0.42917681669789165"/>
            <maxpow number="0.42917681669789165"/>
            <fprob>0.0</fprob>
        </actor>
        <actor name="D0N12">
            <wcet number="0">20</wcet>
            <wcet number="1">40</wcet>
            <maxpow number="0.5595010870373335"/>
            <maxpow number="0.5595010870373335"/>
            <fprob>0.0</fprob>
        </actor>
        <actor name="D0N9">
            <wcet number="0">30</wcet>
            <wcet number="1">180</wcet>
            <maxpow number="0.5245374169595622"/>
            <maxpow number="0.5245374169595622"/>
            <fprob>0.0</fprob>
        </actor>
        <actor name="D0N27">
            <wcet number="0">40</wcet>
            <wcet number="1">50</wcet>
            <maxpow number="0.5249521499020734"/>
            <maxpow number="0.5249521499020734"/>
            <fprob>0.0</fprob>
        </actor>
        <actor name="D0N28">
            <wcet number="0">10</wcet>
            <wcet number="1">60</wcet>
            <maxpow number="0.6547392907731183"/>
            <maxpow number="0.6547392907731183"/>
            <fprob>0.0</fprob>
        </actor>
        <actor name="D0N29">
            <wcet number="0">50</wcet>
            <wcet number="1">110</wcet>
            <maxpow number="0.7817004938972492"/>
            <maxpow number="0.7817004938972492"/>
            <fprob>0.0</fprob>
        </actor>
        <actor name="D0N40">
            <wcet number="0">10</wcet>
            <wcet number="1">100</wcet>
            <maxpow number="0.5550224197408262"/>
            <maxpow number="0.5550224197408262"/>
            <fprob>0.0</fprob>
        </actor>
        <actor name="D0N45">
            <wcet number="0">20</wcet>
            <wcet number="1">30</wcet>
            <maxpow number="0.5553502445698676"/>
            <maxpow number="0.5553502445698676"/>
            <fprob>0.0</fprob>
        </actor>
        <actor name="D0N10">
            <wcet number="0">10</wcet>
            <wcet number="1">20</wcet>
            <maxpow number="0.5213632281257786"/>
            <maxpow number="0.5213632281257786"/>
            <fprob>0.0</fprob>
        </actor>
        <actor name="D0N24">
            <wcet number="0">30</wcet>
            <wcet number="1">30</wcet>
            <maxpow number="0.5833969553197913"/>
            <maxpow number="0.5833969553197913"/>
            <fprob>0.0</fprob>
        </actor>
        <actor name="D0N15">
            <wcet number="0">20</wcet>
            <wcet number="1">50</wcet>
            <maxpow number="0.37130682310089747"/>
            <maxpow number="0.37130682310089747"/>
            <fprob>0.0</fprob>
        </actor>
        <actor name="D0N31">
            <wcet number="0">20</wcet>
            <wcet number="1">70</wcet>
            <maxpow number="0.663413720739993"/>
            <maxpow number="0.663413720739993"/>
            <fprob>0.0</fprob>
        </actor>
        <actor name="D0N16">
            <wcet number="0">380</wcet>
            <wcet number="1">380</wcet>
            <maxpow number="0.5623129802292884"/>
            <maxpow number="0.5623129802292884"/>
            <fprob>0.0</fprob>
        </actor>
        <actor name="D0N36">
            <wcet number="0">10</wcet>
            <wcet number="1">90</wcet>
            <maxpow number="0.23968626634940238"/>
            <maxpow number="0.23968626634940238"/>
            <fprob>0.0</fprob>
        </actor>
        <actor name="D0N22">
            <wcet number="0">120</wcet>
            <wcet number="1">150</wcet>
            <maxpow number="0.612115618317459"/>
            <maxpow number="0.612115618317459"/>
            <fprob>0.0</fprob>
        </actor>
        <actor name="D0N46">
            <wcet number="0">20</wcet>
            <wcet number="1">30</wcet>
            <maxpow number="0.5143684897339929"/>
            <maxpow number="0.5143684897339929"/>
            <fprob>0.0</fprob>
        </actor>
        <actor name="D0N37">
            <wcet number="0">50</wcet>
            <wcet number="1">50</wcet>
            <maxpow number="0.5706100182477627"/>
            <maxpow number="0.5706100182477627"/>
            <fprob>0.0</fprob>
        </actor>
        <actor name="D0N6">
            <wcet number="0">10</wcet>
            <wcet number="1">70</wcet>
            <maxpow number="0.6549986377466088"/>
            <maxpow number="0.6549986377466088"/>
            <fprob>0.0</fprob>
        </actor>
        <actor name="D0N18">
            <wcet number="0">50</wcet>
            <wcet number="1">90</wcet>
            <maxpow number="0.6642391053736739"/>
            <maxpow number="0.6642391053736739"/>
            <fprob>0.0</fprob>
        </actor>
        <actor name="D0N21">
            <wcet number="0">10</wcet>
            <wcet number="1">40</wcet>
            <maxpow number="0.5895655022348723"/>
            <maxpow number="0.5895655022348723"/>
            <fprob>0.0</fprob>
        </actor>
        <actor name="D0N23">
            <wcet number="0">30</wcet>
            <wcet number="1">80</wcet>
            <maxpow number="0.3952404368698127"/>
            <maxpow number="0.3952404368698127"/>
            <fprob>0.0</fprob>
        </actor>
        <actor name="D0N44">
            <wcet number="0">110</wcet>
            <wcet number="1">120</wcet>
            <maxpow number="0.8694656889108381"/>
            <maxpow number="0.8694656889108381"/>
            <fprob>0.0</fprob>
        </actor>
        <actor name="D0N17">
            <wcet number="0">10</wcet>
            <wcet number="1">10</wcet>
            <maxpow number="0.38807727862587144"/>
            <maxpow number="0.38807727862587144"/>
            <fprob>0.0</fprob>
        </actor>
        <actor name="D0N4">
            <wcet number="0">70</wcet>
            <wcet number="1">90</wcet>
            <maxpow number="0.3742245492755312"/>
            <maxpow number="0.3742245492755312"/>
            <fprob>0.0</fprob>
        </actor>
        <actor name="D0N48">
            <wcet number="0">90</wcet>
            <wcet number="1">100</wcet>
            <maxpow number="0.5257079226559377"/>
            <maxpow number="0.5257079226559377"/>
            <fprob>0.0</fprob>
        </actor>
        <actor name="D0N7">
            <wcet number="0">10</wcet>
            <wcet number="1">20</wcet>
            <maxpow number="0.6820446351379545"/>
            <maxpow number="0.6820446351379545"/>
            <fprob>0.0</fprob>
        </actor>
        <actor name="D0N19">
            <wcet number="0">30</wcet>
            <wcet number="1">80</wcet>
            <maxpow number="0.3559451744416641"/>
            <maxpow number="0.3559451744416641"/>
            <fprob>0.0</fprob>
        </actor>
        <actor name="D0N3">
            <wcet number="0">20</wcet>
            <wcet number="1">60</wcet>
            <maxpow number="0.46391636154241794"/>
            <maxpow number="0.46391636154241794"/>
            <fprob>0.0</fprob>
        </actor>
        <actor name="D0N30">
            <wcet number="0">20</wcet>
            <wcet number="1">20</wcet>
            <maxpow number="0.5763253067428917"/>
            <maxpow number="0.5763253067428917"/>
            <fprob>0.0</fprob>
        </actor>
        <actor name="D0N43">
            <wcet number="0">30</wcet>
            <wcet number="1">30</wcet>
            <maxpow number="0.17117303923736488"/>
            <maxpow number="0.17117303923736488"/>
            <fprob>0.0</fprob>
        </actor>
        <actor name="D0N39">
            <wcet number="0">40</wcet>
            <wcet number="1">40</wcet>
            <maxpow number="0.6135985416241556"/>
            <maxpow number="0.6135985416241556"/>
            <fprob>0.0</fprob>
        </actor>
        <actor name="D0N34">
            <wcet number="0">10</wcet>
            <wcet number="1">20</wcet>
            <maxpow number="0.2833782217071149"/>
            <maxpow number="0.2833782217071149"/>
            <fprob>0.0</fprob>
        </actor>
        <actor name="D0N33">
            <wcet number="0">220</wcet>
            <wcet number="1">230</wcet>
            <maxpow number="0.5441511498937778"/>
            <maxpow number="0.5441511498937778"/>
            <fprob>0.0</fprob>
        </actor>
        <actor name="D0N1">
            <wcet number="0">150</wcet>
            <wcet number="1">180</wcet>
            <maxpow number="0.5233548711767859"/>
            <maxpow number="0.5233548711767859"/>
            <fprob>0.0</fprob>
        </actor>
        <actor name="D0N2">
            <wcet number="0">40</wcet>
            <wcet number="1">60</wcet>
            <maxpow number="0.5515067000512416"/>
            <maxpow number="0.5515067000512416"/>
            <fprob>0.0</fprob>
        </actor>
        <actor name="D0N8">
            <wcet number="0">10</wcet>
            <wcet number="1">30</wcet>
            <maxpow number="0.34107089415674297"/>
            <maxpow number="0.34107089415674297"/>
            <fprob>0.0</fprob>
        </actor>
        <actor name="D0N47">
            <wcet number="0">20</wcet>
            <wcet number="1">30</wcet>
            <maxpow number="0.2987837725640703"/>
            <maxpow number="0.2987837725640703"/>
            <fprob>0.0</fprob>
        </actor>
        <actor name="D0N13">
            <wcet number="0">10</wcet>
            <wcet number="1">20</wcet>
            <maxpow number="0.8465796002658925"/>
            <maxpow number="0.8465796002658925"/>
            <fprob>0.0</fprob>
        </actor>
        <actor name="D0N41">
            <wcet number="0">260</wcet>
            <wcet number="1">270</wcet>
            <maxpow number="0.6705563008339692"/>
            <maxpow number="0.6705563008339692"/>
            <fprob>0.0</fprob>
        </actor>
        <actor name="D0N35">
            <wcet number="0">150</wcet>
            <wcet number="1">300</wcet>
            <maxpow number="0.5374260896687555"/>
            <maxpow number="0.5374260896687555"/>
            <fprob>0.0</fprob>
        </actor>
        <actor name="D0N38">
            <wcet number="0">10</wcet>
            <wcet number="1">20</wcet>
            <maxpow number="0.6426304602601355"/>
            <maxpow number="0.6426304602601355"/>
            <fprob>0.0</fprob>
        </actor>
        <actor name="D0N32">
            <wcet number="0">50</wcet>
            <wcet number="1">50</wcet>
            <maxpow number="0.6505850665866632"/>
            <maxpow number="0.6505850665866632"/>
            <fprob>0.0</fprob>
        </actor>
        <actor name="D0N5">
            <wcet number="0">10</wcet>
            <wcet number="1">10</wcet>
            <maxpow number="0.18396156027127847"/>
            <maxpow number="0.18396156027127847"/>
            <fprob>0.0</fprob>
        </actor>
        <actor name="D0N42">
            <wcet number="0">50</wcet>
            <wcet number="1">80</wcet>
            <maxpow number="0.251010503441066"/>
            <maxpow number="0.251010503441066"/>
            <fprob>0.0</fprob>
        </actor>
        <actor name="D0N25">
            <wcet number="0">40</wcet>
            <wcet number="1">90</wcet>
            <maxpow number="0.6447871509782457"/>
            <maxpow number="0.6447871509782457"/>
            <fprob>0.0</fprob>
        </actor>
        <ports>
            <port dstActor="D0N20" name="p0" srcActor="D0N14"/>
            <port dstActor="D0N40" name="p1" srcActor="D0N14"/>
            <port dstActor="D0N34" name="p2" srcActor="D0N14"/>
            <port dstActor="D0N21" name="p3" srcActor="D0N11"/>
            <port dstActor="D0N44" name="p4" srcActor="D0N0"/>
            <port dstActor="D0N25" name="p5" srcActor="D0N0"/>
            <port dstActor="D0N15" name="p6" srcActor="D0N0"/>
            <port dstActor="D0N46" name="p7" srcActor="D0N26"/>
            <port dstActor="D0N36" name="p8" srcActor="D0N26"/>
            <port dstActor="D0N37" name="p9" srcActor="D0N20"/>
            <port dstActor="D0N30" name="p10" srcActor="D0N20"/>
            <port dstActor="D0N43" name="p11" srcActor="D0N20"/>
            <port dstActor="D0N46" name="p12" srcActor="D0N12"/>
            <port dstActor="D0N27" name="p13" srcActor="D0N12"/>
            <port dstActor="D0N30" name="p14" srcActor="D0N12"/>
            <port dstActor="D0N17" name="p15" srcActor="D0N12"/>
            <port dstActor="D0N24" name="p16" srcActor="D0N9"/>
            <port dstActor="D0N46" name="p17" srcActor="D0N9"/>
            <port dstActor="D0N30" name="p18" srcActor="D0N9"/>
            <port dstActor="D0N43" name="p19" srcActor="D0N27"/>
            <port dstActor="D0N41" name="p20" srcActor="D0N28"/>
            <port dstActor="D0N37" name="p21" srcActor="D0N29"/>
            <port dstActor="D0N47" name="p22" srcActor="D0N40"/>
            <port dstActor="D0N47" name="p23" srcActor="D0N45"/>
            <port dstActor="D0N22" name="p24" srcActor="D0N10"/>
            <port dstActor="D0N34" name="p25" srcActor="D0N10"/>
            <port dstActor="D0N23" name="p26" srcActor="D0N10"/>
            <port dstActor="D0N41" name="p27" srcActor="D0N10"/>
            <port dstActor="D0N42" name="p28" srcActor="D0N10"/>
            <port dstActor="D0N46" name="p29" srcActor="D0N24"/>
            <port dstActor="D0N40" name="p30" srcActor="D0N24"/>
            <port dstActor="D0N43" name="p31" srcActor="D0N24"/>
            <port dstActor="D0N44" name="p32" srcActor="D0N24"/>
            <port dstActor="D0N48" name="p33" srcActor="D0N24"/>
            <port dstActor="D0N33" name="p34" srcActor="D0N24"/>
            <port dstActor="D0N19" name="p35" srcActor="D0N15"/>
            <port dstActor="D0N22" name="p36" srcActor="D0N15"/>
            <port dstActor="D0N39" name="p37" srcActor="D0N15"/>
            <port dstActor="D0N31" name="p38" srcActor="D0N15"/>
            <port dstActor="D0N36" name="p39" srcActor="D0N31"/>
            <port dstActor="D0N45" name="p40" srcActor="D0N31"/>
            <port dstActor="D0N37" name="p41" srcActor="D0N31"/>
            <port dstActor="D0N32" name="p42" srcActor="D0N16"/>
            <port dstActor="D0N37" name="p43" srcActor="D0N16"/>
            <port dstActor="D0N46" name="p44" srcActor="D0N16"/>
            <port dstActor="D0N44" name="p45" srcActor="D0N16"/>
            <port dstActor="D0N18" name="p46" srcActor="D0N16"/>
            <port dstActor="D0N34" name="p47" srcActor="D0N16"/>
            <port dstActor="D0N41" name="p48" srcActor="D0N36"/>
            <port dstActor="D0N27" name="p49" srcActor="D0N22"/>
            <port dstActor="D0N45" name="p50" srcActor="D0N22"/>
            <port dstActor="D0N28" name="p51" srcActor="D0N22"/>
            <port dstActor="D0N7" name="p52" srcActor="D0N6"/>
            <port dstActor="D0N15" name="p53" srcActor="D0N6"/>
            <port dstActor="D0N46" name="p54" srcActor="D0N6"/>
            <port dstActor="D0N31" name="p55" srcActor="D0N6"/>
            <port dstActor="D0N26" name="p56" srcActor="D0N18"/>
            <port dstActor="D0N39" name="p57" srcActor="D0N18"/>
            <port dstActor="D0N47" name="p58" srcActor="D0N18"/>
            <port dstActor="D0N20" name="p59" srcActor="D0N18"/>
            <port dstActor="D0N40" name="p60" srcActor="D0N18"/>
            <port dstActor="D0N37" name="p61" srcActor="D0N21"/>
            <port dstActor="D0N39" name="p62" srcActor="D0N21"/>
            <port dstActor="D0N34" name="p63" srcActor="D0N21"/>
            <port dstActor="D0N35" name="p64" srcActor="D0N21"/>
            <port dstActor="D0N25" name="p65" srcActor="D0N21"/>
            <port dstActor="D0N33" name="p66" srcActor="D0N21"/>
            <port dstActor="D0N48" name="p67" srcActor="D0N23"/>
            <port dstActor="D0N43" name="p68" srcActor="D0N23"/>
            <port dstActor="D0N44" name="p69" srcActor="D0N17"/>
            <port dstActor="D0N33" name="p70" srcActor="D0N4"/>
            <port dstActor="D0N8" name="p71" srcActor="D0N4"/>
            <port dstActor="D0N46" name="p72" srcActor="D0N4"/>
            <port dstActor="D0N15" name="p73" srcActor="D0N4"/>
            <port dstActor="D0N38" name="p74" srcActor="D0N4"/>
            <port dstActor="D0N43" name="p75" srcActor="D0N4"/>
            <port dstActor="D0N17" name="p76" srcActor="D0N7"/>
            <port dstActor="D0N36" name="p77" srcActor="D0N7"/>
            <port dstActor="D0N15" name="p78" srcActor="D0N7"/>
            <port dstActor="D0N39" name="p79" srcActor="D0N7"/>
            <port dstActor="D0N32" name="p80" srcActor="D0N7"/>
            <port dstActor="D0N12" name="p81" srcActor="D0N7"/>
            <port dstActor="D0N45" name="p82" srcActor="D0N7"/>
            <port dstActor="D0N25" name="p83" srcActor="D0N19"/>
            <port dstActor="D0N46" name="p84" srcActor="D0N19"/>
            <port dstActor="D0N45" name="p85" srcActor="D0N19"/>
            <port dstActor="D0N24" name="p86" srcActor="D0N19"/>
            <port dstActor="D0N30" name="p87" srcActor="D0N3"/>
            <port dstActor="D0N34" name="p88" srcActor="D0N3"/>
            <port dstActor="D0N47" name="p89" srcActor="D0N3"/>
            <port dstActor="D0N47" name="p90" srcActor="D0N34"/>
            <port dstActor="D0N42" name="p91" srcActor="D0N34"/>
            <port dstActor="D0N41" name="p92" srcActor="D0N33"/>
            <port dstActor="D0N47" name="p93" srcActor="D0N33"/>
            <port dstActor="D0N44" name="p94" srcActor="D0N1"/>
            <port dstActor="D0N12" name="p95" srcActor="D0N1"/>
            <port dstActor="D0N5" name="p96" srcActor="D0N2"/>
            <port dstActor="D0N24" name="p97" srcActor="D0N2"/>
            <port dstActor="D0N17" name="p98" srcActor="D0N2"/>
            <port dstActor="D0N23" name="p99" srcActor="D0N2"/>
            <port dstActor="D0N18" name="p100" srcActor="D0N8"/>
            <port dstActor="D0N37" name="p101" srcActor="D0N8"/>
            <port dstActor="D0N31" name="p102" srcActor="D0N8"/>
            <port dstActor="D0N19" name="p103" srcActor="D0N8"/>
            <port dstActor="D0N43" name="p104" srcActor="D0N13"/>
            <port dstActor="D0N27" name="p105" srcActor="D0N13"/>
            <port dstActor="D0N46" name="p106" srcActor="D0N13"/>
            <port dstActor="D0N48" name="p107" srcActor="D0N41"/>
            <port dstActor="D0N47" name="p108" srcActor="D0N41"/>
            <port dstActor="D0N37" name="p109" srcActor="D0N35"/>
            <port dstActor="D0N44" name="p110" srcActor="D0N35"/>
            <port dstActor="D0N46" name="p111" srcActor="D0N35"/>
            <port dstActor="D0N39" name="p112" srcActor="D0N38"/>
            <port dstActor="D0N10" name="p113" srcActor="D0N5"/>
            <port dstActor="D0N32" name="p114" srcActor="D0N5"/>
            <port dstActor="D0N18" name="p115" srcActor="D0N5"/>
            <port dstActor="D0N9" name="p116" srcActor="D0N5"/>
            <port dstActor="D0N14" name="p117" srcActor="D0N5"/>
            <port dstActor="D0N47" name="p118" srcActor="D0N5"/>
            <port dstActor="D0N27" name="p119" srcActor="D0N5"/>
            <port dstActor="D0N29" name="p120" srcActor="D0N5"/>
            <port dstActor="D0N48" name="p121" srcActor="D0N42"/>
            <port dstActor="D0N42" name="p122" srcActor="D0N25"/>
            <port dstActor="D0N43" name="p123" srcActor="D0N25"/>
            <port dstActor="D0N39" name="p124" srcActor="D0N25"/>
        </ports>
    </mcdag>
    <cores number="3"/>
    <levels number="2"/>
</mcsystem>
