<?xml version="1.0" encoding="UTF-8" standalone="no"?>
<mcsystem>
    <mcdag deadline="2200" name="genned-0-ed-10.0-0">
        <actor name="D0N7">
            <wcet number="0">10</wcet>
            <wcet number="1">40</wcet>
            <maxpow number="0.4289485267542067"/>
            <maxpow number="0.4289485267542067"/>
            <fprob>0.0</fprob>
        </actor>
        <actor name="D0N31">
            <wcet number="0">10</wcet>
            <wcet number="1">50</wcet>
            <maxpow number="0.21308548653611514"/>
            <maxpow number="0.21308548653611514"/>
            <fprob>0.0</fprob>
        </actor>
        <actor name="D0N9">
            <wcet number="0">60</wcet>
            <wcet number="1">150</wcet>
            <maxpow number="0.6192134307399713"/>
            <maxpow number="0.6192134307399713"/>
            <fprob>0.0</fprob>
        </actor>
        <actor name="D0N28">
            <wcet number="0">10</wcet>
            <wcet number="1">120</wcet>
            <maxpow number="0.3649589348028232"/>
            <maxpow number="0.3649589348028232"/>
            <fprob>0.0</fprob>
        </actor>
        <actor name="D0N16">
            <wcet number="0">150</wcet>
            <wcet number="1">150</wcet>
            <maxpow number="0.37284082651515965"/>
            <maxpow number="0.37284082651515965"/>
            <fprob>0.0</fprob>
        </actor>
        <actor name="D0N46">
            <wcet number="0">30</wcet>
            <wcet number="1">40</wcet>
            <maxpow number="0.5931532426749008"/>
            <maxpow number="0.5931532426749008"/>
            <fprob>0.0</fprob>
        </actor>
        <actor name="D0N2">
            <wcet number="0">420</wcet>
            <wcet number="1">450</wcet>
            <maxpow number="1.1515630145123685"/>
            <maxpow number="1.1515630145123685"/>
            <fprob>0.0</fprob>
        </actor>
        <actor name="D0N27">
            <wcet number="0">80</wcet>
            <wcet number="1">140</wcet>
            <maxpow number="0.3452271110589702"/>
            <maxpow number="0.3452271110589702"/>
            <fprob>0.0</fprob>
        </actor>
        <actor name="D0N25">
            <wcet number="0">20</wcet>
            <wcet number="1">220</wcet>
            <maxpow number="0.5623744347038045"/>
            <maxpow number="0.5623744347038045"/>
            <fprob>0.0</fprob>
        </actor>
        <actor name="D0N11">
            <wcet number="0">10</wcet>
            <wcet number="1">10</wcet>
            <maxpow number="0.5790271275011168"/>
            <maxpow number="0.5790271275011168"/>
            <fprob>0.0</fprob>
        </actor>
        <actor name="D0N0">
            <wcet number="0">10</wcet>
            <wcet number="1">110</wcet>
            <maxpow number="0.25092811354415295"/>
            <maxpow number="0.25092811354415295"/>
            <fprob>0.0</fprob>
        </actor>
        <actor name="D0N18">
            <wcet number="0">110</wcet>
            <wcet number="1">170</wcet>
            <maxpow number="0.6936279116937557"/>
            <maxpow number="0.6936279116937557"/>
            <fprob>0.0</fprob>
        </actor>
        <actor name="D0N20">
            <wcet number="0">10</wcet>
            <wcet number="1">10</wcet>
            <maxpow number="0.007882731709257018"/>
            <maxpow number="0.007882731709257018"/>
            <fprob>0.0</fprob>
        </actor>
        <actor name="D0N21">
            <wcet number="0">80</wcet>
            <wcet number="1">110</wcet>
            <maxpow number="0.7044774391866169"/>
            <maxpow number="0.7044774391866169"/>
            <fprob>0.0</fprob>
        </actor>
        <actor name="D0N4">
            <wcet number="0">30</wcet>
            <wcet number="1">80</wcet>
            <maxpow number="0.5383358328993972"/>
            <maxpow number="0.5383358328993972"/>
            <fprob>0.0</fprob>
        </actor>
        <actor name="D0N8">
            <wcet number="0">80</wcet>
            <wcet number="1">80</wcet>
            <maxpow number="0.47853427714244345"/>
            <maxpow number="0.47853427714244345"/>
            <fprob>0.0</fprob>
        </actor>
        <actor name="D0N45">
            <wcet number="0">60</wcet>
            <wcet number="1">110</wcet>
            <maxpow number="0.5473825959446034"/>
            <maxpow number="0.5473825959446034"/>
            <fprob>0.0</fprob>
        </actor>
        <actor name="D0N23">
            <wcet number="0">20</wcet>
            <wcet number="1">20</wcet>
            <maxpow number="0.5919077575127699"/>
            <maxpow number="0.5919077575127699"/>
            <fprob>0.0</fprob>
        </actor>
        <actor name="D0N39">
            <wcet number="0">10</wcet>
            <wcet number="1">10</wcet>
            <maxpow number="0.5875352675343872"/>
            <maxpow number="0.5875352675343872"/>
            <fprob>0.0</fprob>
        </actor>
        <actor name="D0N6">
            <wcet number="0">80</wcet>
            <wcet number="1">160</wcet>
            <maxpow number="0.5745045190879321"/>
            <maxpow number="0.5745045190879321"/>
            <fprob>0.0</fprob>
        </actor>
        <actor name="D0N38">
            <wcet number="0">140</wcet>
            <wcet number="1">150</wcet>
            <maxpow number="0.436577877179564"/>
            <maxpow number="0.436577877179564"/>
            <fprob>0.0</fprob>
        </actor>
        <actor name="D0N17">
            <wcet number="0">20</wcet>
            <wcet number="1">20</wcet>
            <maxpow number="0.6256325909551127"/>
            <maxpow number="0.6256325909551127"/>
            <fprob>0.0</fprob>
        </actor>
        <actor name="D0N26">
            <wcet number="0">330</wcet>
            <wcet number="1">400</wcet>
            <maxpow number="0.5514556324371094"/>
            <maxpow number="0.5514556324371094"/>
            <fprob>0.0</fprob>
        </actor>
        <actor name="D0N41">
            <wcet number="0">10</wcet>
            <wcet number="1">70</wcet>
            <maxpow number="0.8139092601013684"/>
            <maxpow number="0.8139092601013684"/>
            <fprob>0.0</fprob>
        </actor>
        <actor name="D0N15">
            <wcet number="0">30</wcet>
            <wcet number="1">40</wcet>
            <maxpow number="0.6092834754332241"/>
            <maxpow number="0.6092834754332241"/>
            <fprob>0.0</fprob>
        </actor>
        <actor name="D0N13">
            <wcet number="0">10</wcet>
            <wcet number="1">100</wcet>
            <maxpow number="0.620306830241525"/>
            <maxpow number="0.620306830241525"/>
            <fprob>0.0</fprob>
        </actor>
        <actor name="D0N24">
            <wcet number="0">70</wcet>
            <wcet number="1">160</wcet>
            <maxpow number="0.6972489329077873"/>
            <maxpow number="0.6972489329077873"/>
            <fprob>0.0</fprob>
        </actor>
        <actor name="D0N47">
            <wcet number="0">190</wcet>
            <wcet number="1">330</wcet>
            <maxpow number="0.6256139588889885"/>
            <maxpow number="0.6256139588889885"/>
            <fprob>0.0</fprob>
        </actor>
        <actor name="D0N36">
            <wcet number="0">30</wcet>
            <wcet number="1">30</wcet>
            <maxpow number="0.6332062115522692"/>
            <maxpow number="0.6332062115522692"/>
            <fprob>0.0</fprob>
        </actor>
        <actor name="D0N35">
            <wcet number="0">70</wcet>
            <wcet number="1">270</wcet>
            <maxpow number="0.7453156254947059"/>
            <maxpow number="0.7453156254947059"/>
            <fprob>0.0</fprob>
        </actor>
        <actor name="D0N1">
            <wcet number="0">10</wcet>
            <wcet number="1">10</wcet>
            <maxpow number="0.6556717260649011"/>
            <maxpow number="0.6556717260649011"/>
            <fprob>0.0</fprob>
        </actor>
        <actor name="D0N22">
            <wcet number="0">70</wcet>
            <wcet number="1">100</wcet>
            <maxpow number="0.13240923986767705"/>
            <maxpow number="0.13240923986767705"/>
            <fprob>0.0</fprob>
        </actor>
        <actor name="D0N34">
            <wcet number="0">40</wcet>
            <wcet number="1">60</wcet>
            <maxpow number="0.4278913996762271"/>
            <maxpow number="0.4278913996762271"/>
            <fprob>0.0</fprob>
        </actor>
        <actor name="D0N12">
            <wcet number="0">120</wcet>
            <wcet number="1">160</wcet>
            <maxpow number="0.7072062156161267"/>
            <maxpow number="0.7072062156161267"/>
            <fprob>0.0</fprob>
        </actor>
        <actor name="D0N29">
            <wcet number="0">20</wcet>
            <wcet number="1">20</wcet>
            <maxpow number="0.6112590027688891"/>
            <maxpow number="0.6112590027688891"/>
            <fprob>0.0</fprob>
        </actor>
        <actor name="D0N3">
            <wcet number="0">70</wcet>
            <wcet number="1">130</wcet>
            <maxpow number="0.6194459532131151"/>
            <maxpow number="0.6194459532131151"/>
            <fprob>0.0</fprob>
        </actor>
        <actor name="D0N37">
            <wcet number="0">100</wcet>
            <wcet number="1">170</wcet>
            <maxpow number="0.7728526840408846"/>
            <maxpow number="0.7728526840408846"/>
            <fprob>0.0</fprob>
        </actor>
        <actor name="D0N42">
            <wcet number="0">110</wcet>
            <wcet number="1">270</wcet>
            <maxpow number="0.3829612893882009"/>
            <maxpow number="0.3829612893882009"/>
            <fprob>0.0</fprob>
        </actor>
        <actor name="D0N10">
            <wcet number="0">40</wcet>
            <wcet number="1">290</wcet>
            <maxpow number="0.5106545662213557"/>
            <maxpow number="0.5106545662213557"/>
            <fprob>0.0</fprob>
        </actor>
        <actor name="D0N32">
            <wcet number="0">20</wcet>
            <wcet number="1">50</wcet>
            <maxpow number="0.35974458586615327"/>
            <maxpow number="0.35974458586615327"/>
            <fprob>0.0</fprob>
        </actor>
        <actor name="D0N19">
            <wcet number="0">40</wcet>
            <wcet number="1">130</wcet>
            <maxpow number="1.1267762132057602"/>
            <maxpow number="1.1267762132057602"/>
            <fprob>0.0</fprob>
        </actor>
        <actor name="D0N14">
            <wcet number="0">20</wcet>
            <wcet number="1">110</wcet>
            <maxpow number="0.6759880775435978"/>
            <maxpow number="0.6759880775435978"/>
            <fprob>0.0</fprob>
        </actor>
        <actor name="D0N30">
            <wcet number="0">130</wcet>
            <wcet number="1">200</wcet>
            <maxpow number="0.26445090679637484"/>
            <maxpow number="0.26445090679637484"/>
            <fprob>0.0</fprob>
        </actor>
        <actor name="D0N33">
            <wcet number="0">20</wcet>
            <wcet number="1">20</wcet>
            <maxpow number="0.47389364313120175"/>
            <maxpow number="0.47389364313120175"/>
            <fprob>0.0</fprob>
        </actor>
        <actor name="D0N44">
            <wcet number="0">200</wcet>
            <wcet number="1">240</wcet>
            <maxpow number="0.7708833279106299"/>
            <maxpow number="0.7708833279106299"/>
            <fprob>0.0</fprob>
        </actor>
        <actor name="D0N40">
            <wcet number="0">20</wcet>
            <wcet number="1">150</wcet>
            <maxpow number="0.6511821474404365"/>
            <maxpow number="0.6511821474404365"/>
            <fprob>0.0</fprob>
        </actor>
        <actor name="D0N5">
            <wcet number="0">180</wcet>
            <wcet number="1">190</wcet>
            <maxpow number="0.38130740533271046"/>
            <maxpow number="0.38130740533271046"/>
            <fprob>0.0</fprob>
        </actor>
        <actor name="D0N43">
            <wcet number="0">10</wcet>
            <wcet number="1">60</wcet>
            <maxpow number="0.7199627242974437"/>
            <maxpow number="0.7199627242974437"/>
            <fprob>0.0</fprob>
        </actor>
        <ports>
            <port dstActor="D0N9" name="p0" srcActor="D0N7"/>
            <port dstActor="D0N27" name="p1" srcActor="D0N7"/>
            <port dstActor="D0N36" name="p2" srcActor="D0N7"/>
            <port dstActor="D0N44" name="p3" srcActor="D0N7"/>
            <port dstActor="D0N15" name="p4" srcActor="D0N7"/>
            <port dstActor="D0N38" name="p5" srcActor="D0N7"/>
            <port dstActor="D0N37" name="p6" srcActor="D0N7"/>
            <port dstActor="D0N43" name="p7" srcActor="D0N31"/>
            <port dstActor="D0N41" name="p8" srcActor="D0N31"/>
            <port dstActor="D0N40" name="p9" srcActor="D0N31"/>
            <port dstActor="D0N10" name="p10" srcActor="D0N9"/>
            <port dstActor="D0N23" name="p11" srcActor="D0N9"/>
            <port dstActor="D0N28" name="p12" srcActor="D0N9"/>
            <port dstActor="D0N30" name="p13" srcActor="D0N16"/>
            <port dstActor="D0N40" name="p14" srcActor="D0N16"/>
            <port dstActor="D0N12" name="p15" srcActor="D0N2"/>
            <port dstActor="D0N30" name="p16" srcActor="D0N2"/>
            <port dstActor="D0N47" name="p17" srcActor="D0N2"/>
            <port dstActor="D0N38" name="p18" srcActor="D0N2"/>
            <port dstActor="D0N28" name="p19" srcActor="D0N27"/>
            <port dstActor="D0N34" name="p20" srcActor="D0N27"/>
            <port dstActor="D0N43" name="p21" srcActor="D0N27"/>
            <port dstActor="D0N33" name="p22" srcActor="D0N25"/>
            <port dstActor="D0N18" name="p23" srcActor="D0N11"/>
            <port dstActor="D0N44" name="p24" srcActor="D0N11"/>
            <port dstActor="D0N21" name="p25" srcActor="D0N11"/>
            <port dstActor="D0N12" name="p26" srcActor="D0N11"/>
            <port dstActor="D0N18" name="p27" srcActor="D0N0"/>
            <port dstActor="D0N28" name="p28" srcActor="D0N0"/>
            <port dstActor="D0N19" name="p29" srcActor="D0N0"/>
            <port dstActor="D0N24" name="p30" srcActor="D0N20"/>
            <port dstActor="D0N32" name="p31" srcActor="D0N21"/>
            <port dstActor="D0N26" name="p32" srcActor="D0N4"/>
            <port dstActor="D0N17" name="p33" srcActor="D0N4"/>
            <port dstActor="D0N37" name="p34" srcActor="D0N4"/>
            <port dstActor="D0N18" name="p35" srcActor="D0N4"/>
            <port dstActor="D0N33" name="p36" srcActor="D0N4"/>
            <port dstActor="D0N28" name="p37" srcActor="D0N4"/>
            <port dstActor="D0N12" name="p38" srcActor="D0N4"/>
            <port dstActor="D0N29" name="p39" srcActor="D0N4"/>
            <port dstActor="D0N16" name="p40" srcActor="D0N4"/>
            <port dstActor="D0N39" name="p41" srcActor="D0N4"/>
            <port dstActor="D0N8" name="p42" srcActor="D0N4"/>
            <port dstActor="D0N37" name="p43" srcActor="D0N8"/>
            <port dstActor="D0N25" name="p44" srcActor="D0N8"/>
            <port dstActor="D0N40" name="p45" srcActor="D0N8"/>
            <port dstActor="D0N24" name="p46" srcActor="D0N8"/>
            <port dstActor="D0N33" name="p47" srcActor="D0N23"/>
            <port dstActor="D0N40" name="p48" srcActor="D0N39"/>
            <port dstActor="D0N24" name="p49" srcActor="D0N6"/>
            <port dstActor="D0N38" name="p50" srcActor="D0N6"/>
            <port dstActor="D0N7" name="p51" srcActor="D0N6"/>
            <port dstActor="D0N8" name="p52" srcActor="D0N6"/>
            <port dstActor="D0N43" name="p53" srcActor="D0N6"/>
            <port dstActor="D0N31" name="p54" srcActor="D0N6"/>
            <port dstActor="D0N42" name="p55" srcActor="D0N38"/>
            <port dstActor="D0N29" name="p56" srcActor="D0N17"/>
            <port dstActor="D0N36" name="p57" srcActor="D0N17"/>
            <port dstActor="D0N43" name="p58" srcActor="D0N17"/>
            <port dstActor="D0N36" name="p59" srcActor="D0N26"/>
            <port dstActor="D0N42" name="p60" srcActor="D0N26"/>
            <port dstActor="D0N21" name="p61" srcActor="D0N15"/>
            <port dstActor="D0N38" name="p62" srcActor="D0N15"/>
            <port dstActor="D0N27" name="p63" srcActor="D0N13"/>
            <port dstActor="D0N21" name="p64" srcActor="D0N13"/>
            <port dstActor="D0N30" name="p65" srcActor="D0N13"/>
            <port dstActor="D0N18" name="p66" srcActor="D0N13"/>
            <port dstActor="D0N29" name="p67" srcActor="D0N24"/>
            <port dstActor="D0N39" name="p68" srcActor="D0N24"/>
            <port dstActor="D0N45" name="p69" srcActor="D0N24"/>
            <port dstActor="D0N47" name="p70" srcActor="D0N36"/>
            <port dstActor="D0N38" name="p71" srcActor="D0N35"/>
            <port dstActor="D0N46" name="p72" srcActor="D0N35"/>
            <port dstActor="D0N9" name="p73" srcActor="D0N1"/>
            <port dstActor="D0N10" name="p74" srcActor="D0N1"/>
            <port dstActor="D0N33" name="p75" srcActor="D0N1"/>
            <port dstActor="D0N31" name="p76" srcActor="D0N1"/>
            <port dstActor="D0N29" name="p77" srcActor="D0N1"/>
            <port dstActor="D0N36" name="p78" srcActor="D0N1"/>
            <port dstActor="D0N31" name="p79" srcActor="D0N22"/>
            <port dstActor="D0N30" name="p80" srcActor="D0N22"/>
            <port dstActor="D0N34" name="p81" srcActor="D0N22"/>
            <port dstActor="D0N47" name="p82" srcActor="D0N22"/>
            <port dstActor="D0N37" name="p83" srcActor="D0N22"/>
            <port dstActor="D0N45" name="p84" srcActor="D0N34"/>
            <port dstActor="D0N42" name="p85" srcActor="D0N34"/>
            <port dstActor="D0N20" name="p86" srcActor="D0N12"/>
            <port dstActor="D0N43" name="p87" srcActor="D0N12"/>
            <port dstActor="D0N21" name="p88" srcActor="D0N12"/>
            <port dstActor="D0N35" name="p89" srcActor="D0N12"/>
            <port dstActor="D0N31" name="p90" srcActor="D0N29"/>
            <port dstActor="D0N31" name="p91" srcActor="D0N3"/>
            <port dstActor="D0N26" name="p92" srcActor="D0N3"/>
            <port dstActor="D0N8" name="p93" srcActor="D0N3"/>
            <port dstActor="D0N6" name="p94" srcActor="D0N3"/>
            <port dstActor="D0N17" name="p95" srcActor="D0N3"/>
            <port dstActor="D0N42" name="p96" srcActor="D0N37"/>
            <port dstActor="D0N45" name="p97" srcActor="D0N37"/>
            <port dstActor="D0N47" name="p98" srcActor="D0N37"/>
            <port dstActor="D0N12" name="p99" srcActor="D0N10"/>
            <port dstActor="D0N11" name="p100" srcActor="D0N10"/>
            <port dstActor="D0N44" name="p101" srcActor="D0N10"/>
            <port dstActor="D0N15" name="p102" srcActor="D0N10"/>
            <port dstActor="D0N44" name="p103" srcActor="D0N32"/>
            <port dstActor="D0N21" name="p104" srcActor="D0N19"/>
            <port dstActor="D0N42" name="p105" srcActor="D0N19"/>
            <port dstActor="D0N38" name="p106" srcActor="D0N19"/>
            <port dstActor="D0N47" name="p107" srcActor="D0N14"/>
            <port dstActor="D0N40" name="p108" srcActor="D0N14"/>
            <port dstActor="D0N37" name="p109" srcActor="D0N30"/>
            <port dstActor="D0N43" name="p110" srcActor="D0N33"/>
            <port dstActor="D0N42" name="p111" srcActor="D0N33"/>
            <port dstActor="D0N37" name="p112" srcActor="D0N33"/>
            <port dstActor="D0N16" name="p113" srcActor="D0N5"/>
            <port dstActor="D0N30" name="p114" srcActor="D0N5"/>
            <port dstActor="D0N42" name="p115" srcActor="D0N5"/>
            <port dstActor="D0N39" name="p116" srcActor="D0N5"/>
            <port dstActor="D0N44" name="p117" srcActor="D0N5"/>
            <port dstActor="D0N17" name="p118" srcActor="D0N5"/>
            <port dstActor="D0N46" name="p119" srcActor="D0N43"/>
        </ports>
    </mcdag>
    <cores number="3"/>
    <levels number="2"/>
</mcsystem>
