<?xml version="1.0" encoding="UTF-8" standalone="no"?>
<mcsystem>
    <mcdag deadline="3000" name="genned-0-ed-10.0-0">
        <actor name="D0N24">
            <wcet number="0">70</wcet>
            <wcet number="1">180</wcet>
            <maxpow number="0.6191658781827515"/>
            <maxpow number="0.6191658781827515"/>
            <fprob>0.0</fprob>
        </actor>
        <actor name="D0N20">
            <wcet number="0">20</wcet>
            <wcet number="1">20</wcet>
            <maxpow number="0.5972823709506062"/>
            <maxpow number="0.5972823709506062"/>
            <fprob>0.0</fprob>
        </actor>
        <actor name="D0N40">
            <wcet number="0">20</wcet>
            <wcet number="1">20</wcet>
            <maxpow number="0.4186311327831016"/>
            <maxpow number="0.4186311327831016"/>
            <fprob>0.0</fprob>
        </actor>
        <actor name="D0N27">
            <wcet number="0">70</wcet>
            <wcet number="1">170</wcet>
            <maxpow number="0.5599857949492165"/>
            <maxpow number="0.5599857949492165"/>
            <fprob>0.0</fprob>
        </actor>
        <actor name="D0N33">
            <wcet number="0">70</wcet>
            <wcet number="1">90</wcet>
            <maxpow number="0.470602513175292"/>
            <maxpow number="0.470602513175292"/>
            <fprob>0.0</fprob>
        </actor>
        <actor name="D0N15">
            <wcet number="0">40</wcet>
            <wcet number="1">120</wcet>
            <maxpow number="0.5788693503084784"/>
            <maxpow number="0.5788693503084784"/>
            <fprob>0.0</fprob>
        </actor>
        <actor name="D0N39">
            <wcet number="0">70</wcet>
            <wcet number="1">240</wcet>
            <maxpow number="0.5050036414085713"/>
            <maxpow number="0.5050036414085713"/>
            <fprob>0.0</fprob>
        </actor>
        <actor name="D0N32">
            <wcet number="0">100</wcet>
            <wcet number="1">160</wcet>
            <maxpow number="0.7659983433796951"/>
            <maxpow number="0.7659983433796951"/>
            <fprob>0.0</fprob>
        </actor>
        <actor name="D0N6">
            <wcet number="0">30</wcet>
            <wcet number="1">60</wcet>
            <maxpow number="0.5301845542920172"/>
            <maxpow number="0.5301845542920172"/>
            <fprob>0.0</fprob>
        </actor>
        <actor name="D0N21">
            <wcet number="0">10</wcet>
            <wcet number="1">20</wcet>
            <maxpow number="0.30893252399472293"/>
            <maxpow number="0.30893252399472293"/>
            <fprob>0.0</fprob>
        </actor>
        <actor name="D0N30">
            <wcet number="0">30</wcet>
            <wcet number="1">30</wcet>
            <maxpow number="0.6774354772358399"/>
            <maxpow number="0.6774354772358399"/>
            <fprob>0.0</fprob>
        </actor>
        <actor name="D0N29">
            <wcet number="0">120</wcet>
            <wcet number="1">210</wcet>
            <maxpow number="0.7096316282978119"/>
            <maxpow number="0.7096316282978119"/>
            <fprob>0.0</fprob>
        </actor>
        <actor name="D0N18">
            <wcet number="0">30</wcet>
            <wcet number="1">230</wcet>
            <maxpow number="0.8629585969683311"/>
            <maxpow number="0.8629585969683311"/>
            <fprob>0.0</fprob>
        </actor>
        <actor name="D0N37">
            <wcet number="0">40</wcet>
            <wcet number="1">40</wcet>
            <maxpow number="0.519523231021609"/>
            <maxpow number="0.519523231021609"/>
            <fprob>0.0</fprob>
        </actor>
        <actor name="D0N0">
            <wcet number="0">120</wcet>
            <wcet number="1">140</wcet>
            <maxpow number="0.5541662840637162"/>
            <maxpow number="0.5541662840637162"/>
            <fprob>0.0</fprob>
        </actor>
        <actor name="D0N47">
            <wcet number="0">10</wcet>
            <wcet number="1">160</wcet>
            <maxpow number="0.5253717640824203"/>
            <maxpow number="0.5253717640824203"/>
            <fprob>0.0</fprob>
        </actor>
        <actor name="D0N23">
            <wcet number="0">10</wcet>
            <wcet number="1">50</wcet>
            <maxpow number="0.46635476227353956"/>
            <maxpow number="0.46635476227353956"/>
            <fprob>0.0</fprob>
        </actor>
        <actor name="D0N8">
            <wcet number="0">90</wcet>
            <wcet number="1">130</wcet>
            <maxpow number="0.48676370154150933"/>
            <maxpow number="0.48676370154150933"/>
            <fprob>0.0</fprob>
        </actor>
        <actor name="D0N1">
            <wcet number="0">40</wcet>
            <wcet number="1">50</wcet>
            <maxpow number="0.23490595304338785"/>
            <maxpow number="0.23490595304338785"/>
            <fprob>0.0</fprob>
        </actor>
        <actor name="D0N3">
            <wcet number="0">30</wcet>
            <wcet number="1">30</wcet>
            <maxpow number="0.5321956259948741"/>
            <maxpow number="0.5321956259948741"/>
            <fprob>0.0</fprob>
        </actor>
        <actor name="D0N13">
            <wcet number="0">10</wcet>
            <wcet number="1">120</wcet>
            <maxpow number="0.8595441770696512"/>
            <maxpow number="0.8595441770696512"/>
            <fprob>0.0</fprob>
        </actor>
        <actor name="D0N14">
            <wcet number="0">80</wcet>
            <wcet number="1">210</wcet>
            <maxpow number="0.5198283341162161"/>
            <maxpow number="0.5198283341162161"/>
            <fprob>0.0</fprob>
        </actor>
        <actor name="D0N49">
            <wcet number="0">270</wcet>
            <wcet number="1">380</wcet>
            <maxpow number="0.6357820499355299"/>
            <maxpow number="0.6357820499355299"/>
            <fprob>0.0</fprob>
        </actor>
        <actor name="D0N9">
            <wcet number="0">70</wcet>
            <wcet number="1">100</wcet>
            <maxpow number="0.6599502758051395"/>
            <maxpow number="0.6599502758051395"/>
            <fprob>0.0</fprob>
        </actor>
        <actor name="D0N31">
            <wcet number="0">10</wcet>
            <wcet number="1">80</wcet>
            <maxpow number="0.48193794284790425"/>
            <maxpow number="0.48193794284790425"/>
            <fprob>0.0</fprob>
        </actor>
        <actor name="D0N22">
            <wcet number="0">390</wcet>
            <wcet number="1">390</wcet>
            <maxpow number="0.605917425496452"/>
            <maxpow number="0.605917425496452"/>
            <fprob>0.0</fprob>
        </actor>
        <actor name="D0N44">
            <wcet number="0">10</wcet>
            <wcet number="1">10</wcet>
            <maxpow number="0.2608495137291988"/>
            <maxpow number="0.2608495137291988"/>
            <fprob>0.0</fprob>
        </actor>
        <actor name="D0N12">
            <wcet number="0">30</wcet>
            <wcet number="1">420</wcet>
            <maxpow number="0.28404934621956884"/>
            <maxpow number="0.28404934621956884"/>
            <fprob>0.0</fprob>
        </actor>
        <actor name="D0N43">
            <wcet number="0">30</wcet>
            <wcet number="1">50</wcet>
            <maxpow number="0.6988764417520148"/>
            <maxpow number="0.6988764417520148"/>
            <fprob>0.0</fprob>
        </actor>
        <actor name="D0N38">
            <wcet number="0">10</wcet>
            <wcet number="1">40</wcet>
            <maxpow number="0.3668655387089691"/>
            <maxpow number="0.3668655387089691"/>
            <fprob>0.0</fprob>
        </actor>
        <actor name="D0N19">
            <wcet number="0">120</wcet>
            <wcet number="1">130</wcet>
            <maxpow number="0.6419911785603007"/>
            <maxpow number="0.6419911785603007"/>
            <fprob>0.0</fprob>
        </actor>
        <actor name="D0N28">
            <wcet number="0">10</wcet>
            <wcet number="1">10</wcet>
            <maxpow number="0.6203112645900246"/>
            <maxpow number="0.6203112645900246"/>
            <fprob>0.0</fprob>
        </actor>
        <actor name="D0N45">
            <wcet number="0">90</wcet>
            <wcet number="1">90</wcet>
            <maxpow number="0.4895219706325641"/>
            <maxpow number="0.4895219706325641"/>
            <fprob>0.0</fprob>
        </actor>
        <actor name="D0N35">
            <wcet number="0">60</wcet>
            <wcet number="1">100</wcet>
            <maxpow number="0.6259038617889722"/>
            <maxpow number="0.6259038617889722"/>
            <fprob>0.0</fprob>
        </actor>
        <actor name="D0N10">
            <wcet number="0">90</wcet>
            <wcet number="1">220</wcet>
            <maxpow number="0.3317243617636161"/>
            <maxpow number="0.3317243617636161"/>
            <fprob>0.0</fprob>
        </actor>
        <actor name="D0N48">
            <wcet number="0">50</wcet>
            <wcet number="1">420</wcet>
            <maxpow number="0.5485252565698451"/>
            <maxpow number="0.5485252565698451"/>
            <fprob>0.0</fprob>
        </actor>
        <actor name="D0N11">
            <wcet number="0">20</wcet>
            <wcet number="1">20</wcet>
            <maxpow number="0.4663673370638985"/>
            <maxpow number="0.4663673370638985"/>
            <fprob>0.0</fprob>
        </actor>
        <actor name="D0N42">
            <wcet number="0">150</wcet>
            <wcet number="1">160</wcet>
            <maxpow number="0.39250111109516667"/>
            <maxpow number="0.39250111109516667"/>
            <fprob>0.0</fprob>
        </actor>
        <actor name="D0N25">
            <wcet number="0">250</wcet>
            <wcet number="1">320</wcet>
            <maxpow number="0.3166962741261611"/>
            <maxpow number="0.3166962741261611"/>
            <fprob>0.0</fprob>
        </actor>
        <actor name="D0N2">
            <wcet number="0">130</wcet>
            <wcet number="1">360</wcet>
            <maxpow number="0.2688259159632646"/>
            <maxpow number="0.2688259159632646"/>
            <fprob>0.0</fprob>
        </actor>
        <actor name="D0N36">
            <wcet number="0">90</wcet>
            <wcet number="1">180</wcet>
            <maxpow number="0.5184247256803969"/>
            <maxpow number="0.5184247256803969"/>
            <fprob>0.0</fprob>
        </actor>
        <actor name="D0N5">
            <wcet number="0">10</wcet>
            <wcet number="1">10</wcet>
            <maxpow number="0.5582902348506849"/>
            <maxpow number="0.5582902348506849"/>
            <fprob>0.0</fprob>
        </actor>
        <actor name="D0N7">
            <wcet number="0">10</wcet>
            <wcet number="1">50</wcet>
            <maxpow number="0.5051889618359255"/>
            <maxpow number="0.5051889618359255"/>
            <fprob>0.0</fprob>
        </actor>
        <actor name="D0N34">
            <wcet number="0">10</wcet>
            <wcet number="1">70</wcet>
            <maxpow number="0.5178316658232794"/>
            <maxpow number="0.5178316658232794"/>
            <fprob>0.0</fprob>
        </actor>
        <actor name="D0N41">
            <wcet number="0">320</wcet>
            <wcet number="1">560</wcet>
            <maxpow number="0.6106985712402664"/>
            <maxpow number="0.6106985712402664"/>
            <fprob>0.0</fprob>
        </actor>
        <actor name="D0N16">
            <wcet number="0">20</wcet>
            <wcet number="1">60</wcet>
            <maxpow number="0.3772789588602017"/>
            <maxpow number="0.3772789588602017"/>
            <fprob>0.0</fprob>
        </actor>
        <actor name="D0N17">
            <wcet number="0">20</wcet>
            <wcet number="1">40</wcet>
            <maxpow number="0.8676132868521003"/>
            <maxpow number="0.8676132868521003"/>
            <fprob>0.0</fprob>
        </actor>
        <actor name="D0N26">
            <wcet number="0">40</wcet>
            <wcet number="1">50</wcet>
            <maxpow number="0.45041415212113456"/>
            <maxpow number="0.45041415212113456"/>
            <fprob>0.0</fprob>
        </actor>
        <actor name="D0N4">
            <wcet number="0">70</wcet>
            <wcet number="1">80</wcet>
            <maxpow number="0.6864025886722186"/>
            <maxpow number="0.6864025886722186"/>
            <fprob>0.0</fprob>
        </actor>
        <actor name="D0N46">
            <wcet number="0">10</wcet>
            <wcet number="1">20</wcet>
            <maxpow number="0.48322378112118586"/>
            <maxpow number="0.48322378112118586"/>
            <fprob>0.0</fprob>
        </actor>
        <ports>
            <port dstActor="D0N35" name="p0" srcActor="D0N24"/>
            <port dstActor="D0N26" name="p1" srcActor="D0N24"/>
            <port dstActor="D0N30" name="p2" srcActor="D0N20"/>
            <port dstActor="D0N43" name="p3" srcActor="D0N20"/>
            <port dstActor="D0N31" name="p4" srcActor="D0N27"/>
            <port dstActor="D0N48" name="p5" srcActor="D0N27"/>
            <port dstActor="D0N36" name="p6" srcActor="D0N27"/>
            <port dstActor="D0N47" name="p7" srcActor="D0N33"/>
            <port dstActor="D0N16" name="p8" srcActor="D0N15"/>
            <port dstActor="D0N30" name="p9" srcActor="D0N15"/>
            <port dstActor="D0N34" name="p10" srcActor="D0N15"/>
            <port dstActor="D0N42" name="p11" srcActor="D0N15"/>
            <port dstActor="D0N40" name="p12" srcActor="D0N15"/>
            <port dstActor="D0N48" name="p13" srcActor="D0N32"/>
            <port dstActor="D0N43" name="p14" srcActor="D0N32"/>
            <port dstActor="D0N34" name="p15" srcActor="D0N32"/>
            <port dstActor="D0N22" name="p16" srcActor="D0N6"/>
            <port dstActor="D0N18" name="p17" srcActor="D0N6"/>
            <port dstActor="D0N25" name="p18" srcActor="D0N21"/>
            <port dstActor="D0N42" name="p19" srcActor="D0N30"/>
            <port dstActor="D0N48" name="p20" srcActor="D0N30"/>
            <port dstActor="D0N36" name="p21" srcActor="D0N30"/>
            <port dstActor="D0N34" name="p22" srcActor="D0N29"/>
            <port dstActor="D0N29" name="p23" srcActor="D0N18"/>
            <port dstActor="D0N27" name="p24" srcActor="D0N18"/>
            <port dstActor="D0N32" name="p25" srcActor="D0N18"/>
            <port dstActor="D0N48" name="p26" srcActor="D0N18"/>
            <port dstActor="D0N24" name="p27" srcActor="D0N0"/>
            <port dstActor="D0N47" name="p28" srcActor="D0N0"/>
            <port dstActor="D0N26" name="p29" srcActor="D0N0"/>
            <port dstActor="D0N46" name="p30" srcActor="D0N0"/>
            <port dstActor="D0N37" name="p31" srcActor="D0N0"/>
            <port dstActor="D0N35" name="p32" srcActor="D0N23"/>
            <port dstActor="D0N43" name="p33" srcActor="D0N23"/>
            <port dstActor="D0N47" name="p34" srcActor="D0N23"/>
            <port dstActor="D0N15" name="p35" srcActor="D0N8"/>
            <port dstActor="D0N38" name="p36" srcActor="D0N1"/>
            <port dstActor="D0N18" name="p37" srcActor="D0N3"/>
            <port dstActor="D0N10" name="p38" srcActor="D0N3"/>
            <port dstActor="D0N42" name="p39" srcActor="D0N3"/>
            <port dstActor="D0N25" name="p40" srcActor="D0N13"/>
            <port dstActor="D0N26" name="p41" srcActor="D0N13"/>
            <port dstActor="D0N43" name="p42" srcActor="D0N13"/>
            <port dstActor="D0N40" name="p43" srcActor="D0N13"/>
            <port dstActor="D0N38" name="p44" srcActor="D0N14"/>
            <port dstActor="D0N29" name="p45" srcActor="D0N14"/>
            <port dstActor="D0N39" name="p46" srcActor="D0N14"/>
            <port dstActor="D0N12" name="p47" srcActor="D0N9"/>
            <port dstActor="D0N33" name="p48" srcActor="D0N9"/>
            <port dstActor="D0N16" name="p49" srcActor="D0N9"/>
            <port dstActor="D0N40" name="p50" srcActor="D0N9"/>
            <port dstActor="D0N18" name="p51" srcActor="D0N9"/>
            <port dstActor="D0N39" name="p52" srcActor="D0N9"/>
            <port dstActor="D0N37" name="p53" srcActor="D0N31"/>
            <port dstActor="D0N27" name="p54" srcActor="D0N22"/>
            <port dstActor="D0N26" name="p55" srcActor="D0N22"/>
            <port dstActor="D0N45" name="p56" srcActor="D0N44"/>
            <port dstActor="D0N44" name="p57" srcActor="D0N12"/>
            <port dstActor="D0N47" name="p58" srcActor="D0N12"/>
            <port dstActor="D0N20" name="p59" srcActor="D0N12"/>
            <port dstActor="D0N49" name="p60" srcActor="D0N43"/>
            <port dstActor="D0N44" name="p61" srcActor="D0N38"/>
            <port dstActor="D0N35" name="p62" srcActor="D0N19"/>
            <port dstActor="D0N42" name="p63" srcActor="D0N19"/>
            <port dstActor="D0N49" name="p64" srcActor="D0N19"/>
            <port dstActor="D0N29" name="p65" srcActor="D0N19"/>
            <port dstActor="D0N48" name="p66" srcActor="D0N28"/>
            <port dstActor="D0N30" name="p67" srcActor="D0N28"/>
            <port dstActor="D0N48" name="p68" srcActor="D0N45"/>
            <port dstActor="D0N46" name="p69" srcActor="D0N45"/>
            <port dstActor="D0N40" name="p70" srcActor="D0N35"/>
            <port dstActor="D0N43" name="p71" srcActor="D0N10"/>
            <port dstActor="D0N49" name="p72" srcActor="D0N10"/>
            <port dstActor="D0N32" name="p73" srcActor="D0N10"/>
            <port dstActor="D0N11" name="p74" srcActor="D0N10"/>
            <port dstActor="D0N12" name="p75" srcActor="D0N10"/>
            <port dstActor="D0N23" name="p76" srcActor="D0N11"/>
            <port dstActor="D0N40" name="p77" srcActor="D0N11"/>
            <port dstActor="D0N14" name="p78" srcActor="D0N11"/>
            <port dstActor="D0N38" name="p79" srcActor="D0N11"/>
            <port dstActor="D0N28" name="p80" srcActor="D0N11"/>
            <port dstActor="D0N35" name="p81" srcActor="D0N11"/>
            <port dstActor="D0N37" name="p82" srcActor="D0N25"/>
            <port dstActor="D0N49" name="p83" srcActor="D0N25"/>
            <port dstActor="D0N32" name="p84" srcActor="D0N25"/>
            <port dstActor="D0N9" name="p85" srcActor="D0N2"/>
            <port dstActor="D0N45" name="p86" srcActor="D0N2"/>
            <port dstActor="D0N5" name="p87" srcActor="D0N2"/>
            <port dstActor="D0N37" name="p88" srcActor="D0N5"/>
            <port dstActor="D0N27" name="p89" srcActor="D0N5"/>
            <port dstActor="D0N11" name="p90" srcActor="D0N5"/>
            <port dstActor="D0N25" name="p91" srcActor="D0N7"/>
            <port dstActor="D0N14" name="p92" srcActor="D0N7"/>
            <port dstActor="D0N46" name="p93" srcActor="D0N7"/>
            <port dstActor="D0N38" name="p94" srcActor="D0N7"/>
            <port dstActor="D0N42" name="p95" srcActor="D0N7"/>
            <port dstActor="D0N41" name="p96" srcActor="D0N7"/>
            <port dstActor="D0N45" name="p97" srcActor="D0N34"/>
            <port dstActor="D0N48" name="p98" srcActor="D0N34"/>
            <port dstActor="D0N28" name="p99" srcActor="D0N17"/>
            <port dstActor="D0N47" name="p100" srcActor="D0N26"/>
            <port dstActor="D0N42" name="p101" srcActor="D0N26"/>
            <port dstActor="D0N15" name="p102" srcActor="D0N4"/>
            <port dstActor="D0N18" name="p103" srcActor="D0N4"/>
            <port dstActor="D0N10" name="p104" srcActor="D0N4"/>
            <port dstActor="D0N17" name="p105" srcActor="D0N4"/>
            <port dstActor="D0N35" name="p106" srcActor="D0N4"/>
            <port dstActor="D0N47" name="p107" srcActor="D0N46"/>
        </ports>
    </mcdag>
    <cores number="3"/>
    <levels number="2"/>
</mcsystem>
