<?xml version="1.0" encoding="UTF-8" standalone="no"?>
<mcsystem>
    <mcdag deadline="1500" name="genned-0-ed-10.0-0">
        <actor name="D0N1">
            <wcet number="0">10</wcet>
            <wcet number="1">10</wcet>
            <maxpow number="0.6273640136045098"/>
            <maxpow number="0.6273640136045098"/>
            <fprob>0.0</fprob>
        </actor>
        <actor name="D0N44">
            <wcet number="0">20</wcet>
            <wcet number="1">100</wcet>
            <maxpow number="0.38646765757971396"/>
            <maxpow number="0.38646765757971396"/>
            <fprob>0.0</fprob>
        </actor>
        <actor name="D0N3">
            <wcet number="0">20</wcet>
            <wcet number="1">30</wcet>
            <maxpow number="0.6074988819931869"/>
            <maxpow number="0.6074988819931869"/>
            <fprob>0.0</fprob>
        </actor>
        <actor name="D0N42">
            <wcet number="0">30</wcet>
            <wcet number="1">60</wcet>
            <maxpow number="0.7598361062633894"/>
            <maxpow number="0.7598361062633894"/>
            <fprob>0.0</fprob>
        </actor>
        <actor name="D0N43">
            <wcet number="0">30</wcet>
            <wcet number="1">30</wcet>
            <maxpow number="0.39448271837633153"/>
            <maxpow number="0.39448271837633153"/>
            <fprob>0.0</fprob>
        </actor>
        <actor name="D0N10">
            <wcet number="0">10</wcet>
            <wcet number="1">20</wcet>
            <maxpow number="0.40335724835530734"/>
            <maxpow number="0.40335724835530734"/>
            <fprob>0.0</fprob>
        </actor>
        <actor name="D0N12">
            <wcet number="0">10</wcet>
            <wcet number="1">40</wcet>
            <maxpow number="0.5107808623214405"/>
            <maxpow number="0.5107808623214405"/>
            <fprob>0.0</fprob>
        </actor>
        <actor name="D0N14">
            <wcet number="0">10</wcet>
            <wcet number="1">50</wcet>
            <maxpow number="0.7979816333485856"/>
            <maxpow number="0.7979816333485856"/>
            <fprob>0.0</fprob>
        </actor>
        <actor name="D0N45">
            <wcet number="0">20</wcet>
            <wcet number="1">20</wcet>
            <maxpow number="0.5405942761068091"/>
            <maxpow number="0.5405942761068091"/>
            <fprob>0.0</fprob>
        </actor>
        <actor name="D0N29">
            <wcet number="0">170</wcet>
            <wcet number="1">200</wcet>
            <maxpow number="0.45935796620374414"/>
            <maxpow number="0.45935796620374414"/>
            <fprob>0.0</fprob>
        </actor>
        <actor name="D0N33">
            <wcet number="0">10</wcet>
            <wcet number="1">10</wcet>
            <maxpow number="0.5014395669880354"/>
            <maxpow number="0.5014395669880354"/>
            <fprob>0.0</fprob>
        </actor>
        <actor name="D0N25">
            <wcet number="0">10</wcet>
            <wcet number="1">30</wcet>
            <maxpow number="0.6434096948407075"/>
            <maxpow number="0.6434096948407075"/>
            <fprob>0.0</fprob>
        </actor>
        <actor name="D0N15">
            <wcet number="0">10</wcet>
            <wcet number="1">110</wcet>
            <maxpow number="0.6885701459159541"/>
            <maxpow number="0.6885701459159541"/>
            <fprob>0.0</fprob>
        </actor>
        <actor name="D0N39">
            <wcet number="0">20</wcet>
            <wcet number="1">20</wcet>
            <maxpow number="0.5579460879201551"/>
            <maxpow number="0.5579460879201551"/>
            <fprob>0.0</fprob>
        </actor>
        <actor name="D0N16">
            <wcet number="0">40</wcet>
            <wcet number="1">50</wcet>
            <maxpow number="0.5836004221868234"/>
            <maxpow number="0.5836004221868234"/>
            <fprob>0.0</fprob>
        </actor>
        <actor name="D0N9">
            <wcet number="0">110</wcet>
            <wcet number="1">110</wcet>
            <maxpow number="0.3226563024665734"/>
            <maxpow number="0.3226563024665734"/>
            <fprob>0.0</fprob>
        </actor>
        <actor name="D0N18">
            <wcet number="0">20</wcet>
            <wcet number="1">60</wcet>
            <maxpow number="0.494559156044169"/>
            <maxpow number="0.494559156044169"/>
            <fprob>0.0</fprob>
        </actor>
        <actor name="D0N22">
            <wcet number="0">60</wcet>
            <wcet number="1">70</wcet>
            <maxpow number="0.6427559796415634"/>
            <maxpow number="0.6427559796415634"/>
            <fprob>0.0</fprob>
        </actor>
        <actor name="D0N20">
            <wcet number="0">20</wcet>
            <wcet number="1">40</wcet>
            <maxpow number="0.5154602787013344"/>
            <maxpow number="0.5154602787013344"/>
            <fprob>0.0</fprob>
        </actor>
        <actor name="D0N31">
            <wcet number="0">10</wcet>
            <wcet number="1">10</wcet>
            <maxpow number="0.6927662218191066"/>
            <maxpow number="0.6927662218191066"/>
            <fprob>0.0</fprob>
        </actor>
        <actor name="D0N21">
            <wcet number="0">140</wcet>
            <wcet number="1">220</wcet>
            <maxpow number="0.4925219102791331"/>
            <maxpow number="0.4925219102791331"/>
            <fprob>0.0</fprob>
        </actor>
        <actor name="D0N32">
            <wcet number="0">20</wcet>
            <wcet number="1">40</wcet>
            <maxpow number="0.6290923400576578"/>
            <maxpow number="0.6290923400576578"/>
            <fprob>0.0</fprob>
        </actor>
        <actor name="D0N13">
            <wcet number="0">20</wcet>
            <wcet number="1">20</wcet>
            <maxpow number="0.6030045545763284"/>
            <maxpow number="0.6030045545763284"/>
            <fprob>0.0</fprob>
        </actor>
        <actor name="D0N27">
            <wcet number="0">170</wcet>
            <wcet number="1">230</wcet>
            <maxpow number="0.5455796993930302"/>
            <maxpow number="0.5455796993930302"/>
            <fprob>0.0</fprob>
        </actor>
        <actor name="D0N28">
            <wcet number="0">10</wcet>
            <wcet number="1">130</wcet>
            <maxpow number="0.9416306277620234"/>
            <maxpow number="0.9416306277620234"/>
            <fprob>0.0</fprob>
        </actor>
        <actor name="D0N19">
            <wcet number="0">30</wcet>
            <wcet number="1">50</wcet>
            <maxpow number="0.6449275500800169"/>
            <maxpow number="0.6449275500800169"/>
            <fprob>0.0</fprob>
        </actor>
        <actor name="D0N30">
            <wcet number="0">20</wcet>
            <wcet number="1">40</wcet>
            <maxpow number="0.49458286040222954"/>
            <maxpow number="0.49458286040222954"/>
            <fprob>0.0</fprob>
        </actor>
        <actor name="D0N11">
            <wcet number="0">20</wcet>
            <wcet number="1">20</wcet>
            <maxpow number="0.7055130963668941"/>
            <maxpow number="0.7055130963668941"/>
            <fprob>0.0</fprob>
        </actor>
        <actor name="D0N26">
            <wcet number="0">50</wcet>
            <wcet number="1">140</wcet>
            <maxpow number="0.5728904749808853"/>
            <maxpow number="0.5728904749808853"/>
            <fprob>0.0</fprob>
        </actor>
        <actor name="D0N17">
            <wcet number="0">20</wcet>
            <wcet number="1">30</wcet>
            <maxpow number="0.7521851253169729"/>
            <maxpow number="0.7521851253169729"/>
            <fprob>0.0</fprob>
        </actor>
        <actor name="D0N37">
            <wcet number="0">10</wcet>
            <wcet number="1">10</wcet>
            <maxpow number="0.8143900352484037"/>
            <maxpow number="0.8143900352484037"/>
            <fprob>0.0</fprob>
        </actor>
        <actor name="D0N41">
            <wcet number="0">10</wcet>
            <wcet number="1">50</wcet>
            <maxpow number="0.3537470790234668"/>
            <maxpow number="0.3537470790234668"/>
            <fprob>0.0</fprob>
        </actor>
        <actor name="D0N4">
            <wcet number="0">30</wcet>
            <wcet number="1">60</wcet>
            <maxpow number="0.6408405847037524"/>
            <maxpow number="0.6408405847037524"/>
            <fprob>0.0</fprob>
        </actor>
        <actor name="D0N35">
            <wcet number="0">30</wcet>
            <wcet number="1">80</wcet>
            <maxpow number="0.5279454706820699"/>
            <maxpow number="0.5279454706820699"/>
            <fprob>0.0</fprob>
        </actor>
        <actor name="D0N24">
            <wcet number="0">30</wcet>
            <wcet number="1">40</wcet>
            <maxpow number="0.7227900132705185"/>
            <maxpow number="0.7227900132705185"/>
            <fprob>0.0</fprob>
        </actor>
        <actor name="D0N36">
            <wcet number="0">30</wcet>
            <wcet number="1">120</wcet>
            <maxpow number="0.45611845529476114"/>
            <maxpow number="0.45611845529476114"/>
            <fprob>0.0</fprob>
        </actor>
        <actor name="D0N5">
            <wcet number="0">70</wcet>
            <wcet number="1">80</wcet>
            <maxpow number="0.5802181184207538"/>
            <maxpow number="0.5802181184207538"/>
            <fprob>0.0</fprob>
        </actor>
        <actor name="D0N7">
            <wcet number="0">30</wcet>
            <wcet number="1">30</wcet>
            <maxpow number="0.8360452605646711"/>
            <maxpow number="0.8360452605646711"/>
            <fprob>0.0</fprob>
        </actor>
        <actor name="D0N23">
            <wcet number="0">30</wcet>
            <wcet number="1">70</wcet>
            <maxpow number="0.36732015545717994"/>
            <maxpow number="0.36732015545717994"/>
            <fprob>0.0</fprob>
        </actor>
        <actor name="D0N2">
            <wcet number="0">10</wcet>
            <wcet number="1">10</wcet>
            <maxpow number="0.3761927699474617"/>
            <maxpow number="0.3761927699474617"/>
            <fprob>0.0</fprob>
        </actor>
        <actor name="D0N6">
            <wcet number="0">170</wcet>
            <wcet number="1">230</wcet>
            <maxpow number="0.5341206601798036"/>
            <maxpow number="0.5341206601798036"/>
            <fprob>0.0</fprob>
        </actor>
        <actor name="D0N34">
            <wcet number="0">70</wcet>
            <wcet number="1">70</wcet>
            <maxpow number="0.26438802995206706"/>
            <maxpow number="0.26438802995206706"/>
            <fprob>0.0</fprob>
        </actor>
        <actor name="D0N40">
            <wcet number="0">20</wcet>
            <wcet number="1">40</wcet>
            <maxpow number="0.6886380749983567"/>
            <maxpow number="0.6886380749983567"/>
            <fprob>0.0</fprob>
        </actor>
        <actor name="D0N0">
            <wcet number="0">10</wcet>
            <wcet number="1">50</wcet>
            <maxpow number="0.683033672623899"/>
            <maxpow number="0.683033672623899"/>
            <fprob>0.0</fprob>
        </actor>
        <actor name="D0N8">
            <wcet number="0">20</wcet>
            <wcet number="1">60</wcet>
            <maxpow number="0.6592738152961236"/>
            <maxpow number="0.6592738152961236"/>
            <fprob>0.0</fprob>
        </actor>
        <actor name="D0N38">
            <wcet number="0">10</wcet>
            <wcet number="1">10</wcet>
            <maxpow number="0.6188217720024619"/>
            <maxpow number="0.6188217720024619"/>
            <fprob>0.0</fprob>
        </actor>
        <ports>
            <port dstActor="D0N25" name="p0" srcActor="D0N1"/>
            <port dstActor="D0N6" name="p1" srcActor="D0N1"/>
            <port dstActor="D0N40" name="p2" srcActor="D0N1"/>
            <port dstActor="D0N16" name="p3" srcActor="D0N1"/>
            <port dstActor="D0N33" name="p4" srcActor="D0N1"/>
            <port dstActor="D0N28" name="p5" srcActor="D0N1"/>
            <port dstActor="D0N27" name="p6" srcActor="D0N3"/>
            <port dstActor="D0N30" name="p7" srcActor="D0N3"/>
            <port dstActor="D0N34" name="p8" srcActor="D0N3"/>
            <port dstActor="D0N45" name="p9" srcActor="D0N43"/>
            <port dstActor="D0N26" name="p10" srcActor="D0N10"/>
            <port dstActor="D0N37" name="p11" srcActor="D0N10"/>
            <port dstActor="D0N11" name="p12" srcActor="D0N10"/>
            <port dstActor="D0N36" name="p13" srcActor="D0N10"/>
            <port dstActor="D0N31" name="p14" srcActor="D0N10"/>
            <port dstActor="D0N28" name="p15" srcActor="D0N12"/>
            <port dstActor="D0N29" name="p16" srcActor="D0N12"/>
            <port dstActor="D0N39" name="p17" srcActor="D0N12"/>
            <port dstActor="D0N25" name="p18" srcActor="D0N12"/>
            <port dstActor="D0N23" name="p19" srcActor="D0N14"/>
            <port dstActor="D0N40" name="p20" srcActor="D0N14"/>
            <port dstActor="D0N36" name="p21" srcActor="D0N14"/>
            <port dstActor="D0N35" name="p22" srcActor="D0N33"/>
            <port dstActor="D0N34" name="p23" srcActor="D0N33"/>
            <port dstActor="D0N44" name="p24" srcActor="D0N25"/>
            <port dstActor="D0N33" name="p25" srcActor="D0N15"/>
            <port dstActor="D0N42" name="p26" srcActor="D0N15"/>
            <port dstActor="D0N41" name="p27" srcActor="D0N15"/>
            <port dstActor="D0N25" name="p28" srcActor="D0N15"/>
            <port dstActor="D0N36" name="p29" srcActor="D0N15"/>
            <port dstActor="D0N43" name="p30" srcActor="D0N16"/>
            <port dstActor="D0N29" name="p31" srcActor="D0N16"/>
            <port dstActor="D0N20" name="p32" srcActor="D0N16"/>
            <port dstActor="D0N24" name="p33" srcActor="D0N16"/>
            <port dstActor="D0N25" name="p34" srcActor="D0N9"/>
            <port dstActor="D0N44" name="p35" srcActor="D0N9"/>
            <port dstActor="D0N31" name="p36" srcActor="D0N9"/>
            <port dstActor="D0N35" name="p37" srcActor="D0N18"/>
            <port dstActor="D0N38" name="p38" srcActor="D0N18"/>
            <port dstActor="D0N35" name="p39" srcActor="D0N22"/>
            <port dstActor="D0N41" name="p40" srcActor="D0N22"/>
            <port dstActor="D0N33" name="p41" srcActor="D0N22"/>
            <port dstActor="D0N43" name="p42" srcActor="D0N20"/>
            <port dstActor="D0N37" name="p43" srcActor="D0N31"/>
            <port dstActor="D0N26" name="p44" srcActor="D0N21"/>
            <port dstActor="D0N33" name="p45" srcActor="D0N32"/>
            <port dstActor="D0N38" name="p46" srcActor="D0N13"/>
            <port dstActor="D0N19" name="p47" srcActor="D0N13"/>
            <port dstActor="D0N37" name="p48" srcActor="D0N13"/>
            <port dstActor="D0N41" name="p49" srcActor="D0N27"/>
            <port dstActor="D0N29" name="p50" srcActor="D0N28"/>
            <port dstActor="D0N37" name="p51" srcActor="D0N28"/>
            <port dstActor="D0N33" name="p52" srcActor="D0N28"/>
            <port dstActor="D0N26" name="p53" srcActor="D0N19"/>
            <port dstActor="D0N42" name="p54" srcActor="D0N19"/>
            <port dstActor="D0N40" name="p55" srcActor="D0N19"/>
            <port dstActor="D0N35" name="p56" srcActor="D0N19"/>
            <port dstActor="D0N37" name="p57" srcActor="D0N19"/>
            <port dstActor="D0N31" name="p58" srcActor="D0N30"/>
            <port dstActor="D0N29" name="p59" srcActor="D0N11"/>
            <port dstActor="D0N31" name="p60" srcActor="D0N11"/>
            <port dstActor="D0N43" name="p61" srcActor="D0N11"/>
            <port dstActor="D0N34" name="p62" srcActor="D0N11"/>
            <port dstActor="D0N45" name="p63" srcActor="D0N11"/>
            <port dstActor="D0N40" name="p64" srcActor="D0N11"/>
            <port dstActor="D0N38" name="p65" srcActor="D0N26"/>
            <port dstActor="D0N33" name="p66" srcActor="D0N26"/>
            <port dstActor="D0N33" name="p67" srcActor="D0N17"/>
            <port dstActor="D0N45" name="p68" srcActor="D0N17"/>
            <port dstActor="D0N22" name="p69" srcActor="D0N17"/>
            <port dstActor="D0N19" name="p70" srcActor="D0N17"/>
            <port dstActor="D0N32" name="p71" srcActor="D0N17"/>
            <port dstActor="D0N28" name="p72" srcActor="D0N17"/>
            <port dstActor="D0N36" name="p73" srcActor="D0N17"/>
            <port dstActor="D0N39" name="p74" srcActor="D0N37"/>
            <port dstActor="D0N23" name="p75" srcActor="D0N4"/>
            <port dstActor="D0N29" name="p76" srcActor="D0N4"/>
            <port dstActor="D0N44" name="p77" srcActor="D0N4"/>
            <port dstActor="D0N32" name="p78" srcActor="D0N4"/>
            <port dstActor="D0N41" name="p79" srcActor="D0N35"/>
            <port dstActor="D0N9" name="p80" srcActor="D0N5"/>
            <port dstActor="D0N37" name="p81" srcActor="D0N5"/>
            <port dstActor="D0N13" name="p82" srcActor="D0N5"/>
            <port dstActor="D0N42" name="p83" srcActor="D0N5"/>
            <port dstActor="D0N31" name="p84" srcActor="D0N5"/>
            <port dstActor="D0N27" name="p85" srcActor="D0N7"/>
            <port dstActor="D0N32" name="p86" srcActor="D0N7"/>
            <port dstActor="D0N29" name="p87" srcActor="D0N7"/>
            <port dstActor="D0N13" name="p88" srcActor="D0N7"/>
            <port dstActor="D0N37" name="p89" srcActor="D0N23"/>
            <port dstActor="D0N23" name="p90" srcActor="D0N2"/>
            <port dstActor="D0N37" name="p91" srcActor="D0N2"/>
            <port dstActor="D0N19" name="p92" srcActor="D0N6"/>
            <port dstActor="D0N26" name="p93" srcActor="D0N6"/>
            <port dstActor="D0N18" name="p94" srcActor="D0N6"/>
            <port dstActor="D0N41" name="p95" srcActor="D0N6"/>
            <port dstActor="D0N34" name="p96" srcActor="D0N6"/>
            <port dstActor="D0N40" name="p97" srcActor="D0N34"/>
            <port dstActor="D0N9" name="p98" srcActor="D0N0"/>
            <port dstActor="D0N12" name="p99" srcActor="D0N0"/>
            <port dstActor="D0N40" name="p100" srcActor="D0N0"/>
            <port dstActor="D0N23" name="p101" srcActor="D0N0"/>
            <port dstActor="D0N9" name="p102" srcActor="D0N8"/>
            <port dstActor="D0N27" name="p103" srcActor="D0N8"/>
            <port dstActor="D0N26" name="p104" srcActor="D0N8"/>
            <port dstActor="D0N31" name="p105" srcActor="D0N8"/>
            <port dstActor="D0N30" name="p106" srcActor="D0N8"/>
            <port dstActor="D0N40" name="p107" srcActor="D0N8"/>
            <port dstActor="D0N41" name="p108" srcActor="D0N38"/>
        </ports>
    </mcdag>
    <cores number="2"/>
    <levels number="2"/>
</mcsystem>
