<?xml version="1.0" encoding="UTF-8" standalone="no"?>
<mcsystem>
    <mcdag deadline="1500" name="genned-0-ed-10.0-0">
        <actor name="D0N25">
            <wcet number="0">10</wcet>
            <wcet number="1">10</wcet>
            <maxpow number="0.8628353144919723"/>
            <maxpow number="0.8628353144919723"/>
            <fprob>0.0</fprob>
        </actor>
        <actor name="D0N7">
            <wcet number="0">10</wcet>
            <wcet number="1">20</wcet>
            <maxpow number="0.6948350890616555"/>
            <maxpow number="0.6948350890616555"/>
            <fprob>0.0</fprob>
        </actor>
        <actor name="D0N18">
            <wcet number="0">60</wcet>
            <wcet number="1">70</wcet>
            <maxpow number="0.6507251336211727"/>
            <maxpow number="0.6507251336211727"/>
            <fprob>0.0</fprob>
        </actor>
        <actor name="D0N11">
            <wcet number="0">10</wcet>
            <wcet number="1">20</wcet>
            <maxpow number="0.6700603930332784"/>
            <maxpow number="0.6700603930332784"/>
            <fprob>0.0</fprob>
        </actor>
        <actor name="D0N47">
            <wcet number="0">30</wcet>
            <wcet number="1">70</wcet>
            <maxpow number="0.8870125656968915"/>
            <maxpow number="0.8870125656968915"/>
            <fprob>0.0</fprob>
        </actor>
        <actor name="D0N5">
            <wcet number="0">10</wcet>
            <wcet number="1">80</wcet>
            <maxpow number="0.608650382560385"/>
            <maxpow number="0.608650382560385"/>
            <fprob>0.0</fprob>
        </actor>
        <actor name="D0N6">
            <wcet number="0">20</wcet>
            <wcet number="1">20</wcet>
            <maxpow number="0.5425122398628666"/>
            <maxpow number="0.5425122398628666"/>
            <fprob>0.0</fprob>
        </actor>
        <actor name="D0N31">
            <wcet number="0">30</wcet>
            <wcet number="1">110</wcet>
            <maxpow number="0.419724338007031"/>
            <maxpow number="0.419724338007031"/>
            <fprob>0.0</fprob>
        </actor>
        <actor name="D0N44">
            <wcet number="0">50</wcet>
            <wcet number="1">130</wcet>
            <maxpow number="0.43476662845517916"/>
            <maxpow number="0.43476662845517916"/>
            <fprob>0.0</fprob>
        </actor>
        <actor name="D0N15">
            <wcet number="0">10</wcet>
            <wcet number="1">40</wcet>
            <maxpow number="0.4493230181951101"/>
            <maxpow number="0.4493230181951101"/>
            <fprob>0.0</fprob>
        </actor>
        <actor name="D0N8">
            <wcet number="0">140</wcet>
            <wcet number="1">240</wcet>
            <maxpow number="1.0328041795739742"/>
            <maxpow number="1.0328041795739742"/>
            <fprob>0.0</fprob>
        </actor>
        <actor name="D0N23">
            <wcet number="0">20</wcet>
            <wcet number="1">60</wcet>
            <maxpow number="0.6102224034447722"/>
            <maxpow number="0.6102224034447722"/>
            <fprob>0.0</fprob>
        </actor>
        <actor name="D0N27">
            <wcet number="0">10</wcet>
            <wcet number="1">10</wcet>
            <maxpow number="0.6227921859109348"/>
            <maxpow number="0.6227921859109348"/>
            <fprob>0.0</fprob>
        </actor>
        <actor name="D0N32">
            <wcet number="0">10</wcet>
            <wcet number="1">10</wcet>
            <maxpow number="0.8022153619989458"/>
            <maxpow number="0.8022153619989458"/>
            <fprob>0.0</fprob>
        </actor>
        <actor name="D0N26">
            <wcet number="0">50</wcet>
            <wcet number="1">60</wcet>
            <maxpow number="0.4436734542128286"/>
            <maxpow number="0.4436734542128286"/>
            <fprob>0.0</fprob>
        </actor>
        <actor name="D0N35">
            <wcet number="0">30</wcet>
            <wcet number="1">30</wcet>
            <maxpow number="0.3206812774980066"/>
            <maxpow number="0.3206812774980066"/>
            <fprob>0.0</fprob>
        </actor>
        <actor name="D0N28">
            <wcet number="0">80</wcet>
            <wcet number="1">90</wcet>
            <maxpow number="0.6110634248841976"/>
            <maxpow number="0.6110634248841976"/>
            <fprob>0.0</fprob>
        </actor>
        <actor name="D0N13">
            <wcet number="0">30</wcet>
            <wcet number="1">30</wcet>
            <maxpow number="0.7081807186055288"/>
            <maxpow number="0.7081807186055288"/>
            <fprob>0.0</fprob>
        </actor>
        <actor name="D0N12">
            <wcet number="0">10</wcet>
            <wcet number="1">60</wcet>
            <maxpow number="0.49656393847321467"/>
            <maxpow number="0.49656393847321467"/>
            <fprob>0.0</fprob>
        </actor>
        <actor name="D0N29">
            <wcet number="0">60</wcet>
            <wcet number="1">100</wcet>
            <maxpow number="0.5794837388434887"/>
            <maxpow number="0.5794837388434887"/>
            <fprob>0.0</fprob>
        </actor>
        <actor name="D0N1">
            <wcet number="0">10</wcet>
            <wcet number="1">20</wcet>
            <maxpow number="0.49786880054292637"/>
            <maxpow number="0.49786880054292637"/>
            <fprob>0.0</fprob>
        </actor>
        <actor name="D0N16">
            <wcet number="0">30</wcet>
            <wcet number="1">60</wcet>
            <maxpow number="0.5794265483155387"/>
            <maxpow number="0.5794265483155387"/>
            <fprob>0.0</fprob>
        </actor>
        <actor name="D0N9">
            <wcet number="0">20</wcet>
            <wcet number="1">20</wcet>
            <maxpow number="0.7186171811306101"/>
            <maxpow number="0.7186171811306101"/>
            <fprob>0.0</fprob>
        </actor>
        <actor name="D0N17">
            <wcet number="0">10</wcet>
            <wcet number="1">10</wcet>
            <maxpow number="0.5828627289833639"/>
            <maxpow number="0.5828627289833639"/>
            <fprob>0.0</fprob>
        </actor>
        <actor name="D0N42">
            <wcet number="0">10</wcet>
            <wcet number="1">30</wcet>
            <maxpow number="0.5519264274582336"/>
            <maxpow number="0.5519264274582336"/>
            <fprob>0.0</fprob>
        </actor>
        <actor name="D0N21">
            <wcet number="0">10</wcet>
            <wcet number="1">10</wcet>
            <maxpow number="0.27305296261621553"/>
            <maxpow number="0.27305296261621553"/>
            <fprob>0.0</fprob>
        </actor>
        <actor name="D0N4">
            <wcet number="0">80</wcet>
            <wcet number="1">140</wcet>
            <maxpow number="0.5394298589665711"/>
            <maxpow number="0.5394298589665711"/>
            <fprob>0.0</fprob>
        </actor>
        <actor name="D0N39">
            <wcet number="0">20</wcet>
            <wcet number="1">20</wcet>
            <maxpow number="0.20299480066519737"/>
            <maxpow number="0.20299480066519737"/>
            <fprob>0.0</fprob>
        </actor>
        <actor name="D0N38">
            <wcet number="0">10</wcet>
            <wcet number="1">50</wcet>
            <maxpow number="0.6525371528043244"/>
            <maxpow number="0.6525371528043244"/>
            <fprob>0.0</fprob>
        </actor>
        <actor name="D0N30">
            <wcet number="0">120</wcet>
            <wcet number="1">120</wcet>
            <maxpow number="0.7141379905423971"/>
            <maxpow number="0.7141379905423971"/>
            <fprob>0.0</fprob>
        </actor>
        <actor name="D0N33">
            <wcet number="0">50</wcet>
            <wcet number="1">70</wcet>
            <maxpow number="0.4910063521793263"/>
            <maxpow number="0.4910063521793263"/>
            <fprob>0.0</fprob>
        </actor>
        <actor name="D0N22">
            <wcet number="0">20</wcet>
            <wcet number="1">100</wcet>
            <maxpow number="0.6764837074186032"/>
            <maxpow number="0.6764837074186032"/>
            <fprob>0.0</fprob>
        </actor>
        <actor name="D0N46">
            <wcet number="0">20</wcet>
            <wcet number="1">20</wcet>
            <maxpow number="0.49925154535082694"/>
            <maxpow number="0.49925154535082694"/>
            <fprob>0.0</fprob>
        </actor>
        <actor name="D0N14">
            <wcet number="0">80</wcet>
            <wcet number="1">90</wcet>
            <maxpow number="0.4348902639002296"/>
            <maxpow number="0.4348902639002296"/>
            <fprob>0.0</fprob>
        </actor>
        <actor name="D0N20">
            <wcet number="0">30</wcet>
            <wcet number="1">140</wcet>
            <maxpow number="0.5036628720185"/>
            <maxpow number="0.5036628720185"/>
            <fprob>0.0</fprob>
        </actor>
        <actor name="D0N40">
            <wcet number="0">10</wcet>
            <wcet number="1">20</wcet>
            <maxpow number="0.5791908326165187"/>
            <maxpow number="0.5791908326165187"/>
            <fprob>0.0</fprob>
        </actor>
        <actor name="D0N0">
            <wcet number="0">10</wcet>
            <wcet number="1">10</wcet>
            <maxpow number="0.5236514814555242"/>
            <maxpow number="0.5236514814555242"/>
            <fprob>0.0</fprob>
        </actor>
        <actor name="D0N45">
            <wcet number="0">10</wcet>
            <wcet number="1">30</wcet>
            <maxpow number="0.6490629620358812"/>
            <maxpow number="0.6490629620358812"/>
            <fprob>0.0</fprob>
        </actor>
        <actor name="D0N34">
            <wcet number="0">20</wcet>
            <wcet number="1">20</wcet>
            <maxpow number="0.5042928620174295"/>
            <maxpow number="0.5042928620174295"/>
            <fprob>0.0</fprob>
        </actor>
        <actor name="D0N2">
            <wcet number="0">50</wcet>
            <wcet number="1">60</wcet>
            <maxpow number="0.5289784604728381"/>
            <maxpow number="0.5289784604728381"/>
            <fprob>0.0</fprob>
        </actor>
        <actor name="D0N3">
            <wcet number="0">20</wcet>
            <wcet number="1">190</wcet>
            <maxpow number="0.40298778266783997"/>
            <maxpow number="0.40298778266783997"/>
            <fprob>0.0</fprob>
        </actor>
        <actor name="D0N19">
            <wcet number="0">10</wcet>
            <wcet number="1">10</wcet>
            <maxpow number="0.4904127826843047"/>
            <maxpow number="0.4904127826843047"/>
            <fprob>0.0</fprob>
        </actor>
        <actor name="D0N41">
            <wcet number="0">20</wcet>
            <wcet number="1">160</wcet>
            <maxpow number="0.42401359338239997"/>
            <maxpow number="0.42401359338239997"/>
            <fprob>0.0</fprob>
        </actor>
        <actor name="D0N43">
            <wcet number="0">50</wcet>
            <wcet number="1">80</wcet>
            <maxpow number="0.6390967125573205"/>
            <maxpow number="0.6390967125573205"/>
            <fprob>0.0</fprob>
        </actor>
        <actor name="D0N24">
            <wcet number="0">30</wcet>
            <wcet number="1">40</wcet>
            <maxpow number="0.6444572136735771"/>
            <maxpow number="0.6444572136735771"/>
            <fprob>0.0</fprob>
        </actor>
        <actor name="D0N37">
            <wcet number="0">40</wcet>
            <wcet number="1">80</wcet>
            <maxpow number="0.6226605313091019"/>
            <maxpow number="0.6226605313091019"/>
            <fprob>0.0</fprob>
        </actor>
        <actor name="D0N10">
            <wcet number="0">10</wcet>
            <wcet number="1">40</wcet>
            <maxpow number="0.7596579048938881"/>
            <maxpow number="0.7596579048938881"/>
            <fprob>0.0</fprob>
        </actor>
        <actor name="D0N36">
            <wcet number="0">180</wcet>
            <wcet number="1">400</wcet>
            <maxpow number="0.5594568568896306"/>
            <maxpow number="0.5594568568896306"/>
            <fprob>0.0</fprob>
        </actor>
        <ports>
            <port dstActor="D0N45" name="p0" srcActor="D0N25"/>
            <port dstActor="D0N27" name="p1" srcActor="D0N7"/>
            <port dstActor="D0N31" name="p2" srcActor="D0N7"/>
            <port dstActor="D0N26" name="p3" srcActor="D0N7"/>
            <port dstActor="D0N20" name="p4" srcActor="D0N7"/>
            <port dstActor="D0N34" name="p5" srcActor="D0N7"/>
            <port dstActor="D0N21" name="p6" srcActor="D0N18"/>
            <port dstActor="D0N35" name="p7" srcActor="D0N18"/>
            <port dstActor="D0N28" name="p8" srcActor="D0N18"/>
            <port dstActor="D0N37" name="p9" srcActor="D0N18"/>
            <port dstActor="D0N19" name="p10" srcActor="D0N18"/>
            <port dstActor="D0N47" name="p11" srcActor="D0N18"/>
            <port dstActor="D0N24" name="p12" srcActor="D0N11"/>
            <port dstActor="D0N16" name="p13" srcActor="D0N11"/>
            <port dstActor="D0N42" name="p14" srcActor="D0N11"/>
            <port dstActor="D0N39" name="p15" srcActor="D0N11"/>
            <port dstActor="D0N34" name="p16" srcActor="D0N11"/>
            <port dstActor="D0N19" name="p17" srcActor="D0N5"/>
            <port dstActor="D0N17" name="p18" srcActor="D0N5"/>
            <port dstActor="D0N46" name="p19" srcActor="D0N6"/>
            <port dstActor="D0N28" name="p20" srcActor="D0N6"/>
            <port dstActor="D0N18" name="p21" srcActor="D0N6"/>
            <port dstActor="D0N40" name="p22" srcActor="D0N6"/>
            <port dstActor="D0N16" name="p23" srcActor="D0N15"/>
            <port dstActor="D0N46" name="p24" srcActor="D0N8"/>
            <port dstActor="D0N38" name="p25" srcActor="D0N8"/>
            <port dstActor="D0N31" name="p26" srcActor="D0N8"/>
            <port dstActor="D0N11" name="p27" srcActor="D0N8"/>
            <port dstActor="D0N45" name="p28" srcActor="D0N27"/>
            <port dstActor="D0N32" name="p29" srcActor="D0N27"/>
            <port dstActor="D0N45" name="p30" srcActor="D0N32"/>
            <port dstActor="D0N28" name="p31" srcActor="D0N26"/>
            <port dstActor="D0N38" name="p32" srcActor="D0N35"/>
            <port dstActor="D0N40" name="p33" srcActor="D0N35"/>
            <port dstActor="D0N44" name="p34" srcActor="D0N28"/>
            <port dstActor="D0N40" name="p35" srcActor="D0N28"/>
            <port dstActor="D0N41" name="p36" srcActor="D0N28"/>
            <port dstActor="D0N47" name="p37" srcActor="D0N13"/>
            <port dstActor="D0N23" name="p38" srcActor="D0N13"/>
            <port dstActor="D0N38" name="p39" srcActor="D0N12"/>
            <port dstActor="D0N16" name="p40" srcActor="D0N12"/>
            <port dstActor="D0N42" name="p41" srcActor="D0N12"/>
            <port dstActor="D0N32" name="p42" srcActor="D0N29"/>
            <port dstActor="D0N44" name="p43" srcActor="D0N29"/>
            <port dstActor="D0N45" name="p44" srcActor="D0N29"/>
            <port dstActor="D0N34" name="p45" srcActor="D0N29"/>
            <port dstActor="D0N31" name="p46" srcActor="D0N29"/>
            <port dstActor="D0N23" name="p47" srcActor="D0N1"/>
            <port dstActor="D0N35" name="p48" srcActor="D0N1"/>
            <port dstActor="D0N45" name="p49" srcActor="D0N1"/>
            <port dstActor="D0N10" name="p50" srcActor="D0N1"/>
            <port dstActor="D0N38" name="p51" srcActor="D0N16"/>
            <port dstActor="D0N34" name="p52" srcActor="D0N9"/>
            <port dstActor="D0N19" name="p53" srcActor="D0N9"/>
            <port dstActor="D0N46" name="p54" srcActor="D0N9"/>
            <port dstActor="D0N29" name="p55" srcActor="D0N17"/>
            <port dstActor="D0N34" name="p56" srcActor="D0N17"/>
            <port dstActor="D0N47" name="p57" srcActor="D0N42"/>
            <port dstActor="D0N30" name="p58" srcActor="D0N21"/>
            <port dstActor="D0N42" name="p59" srcActor="D0N21"/>
            <port dstActor="D0N37" name="p60" srcActor="D0N21"/>
            <port dstActor="D0N24" name="p61" srcActor="D0N21"/>
            <port dstActor="D0N32" name="p62" srcActor="D0N4"/>
            <port dstActor="D0N31" name="p63" srcActor="D0N4"/>
            <port dstActor="D0N46" name="p64" srcActor="D0N4"/>
            <port dstActor="D0N9" name="p65" srcActor="D0N4"/>
            <port dstActor="D0N45" name="p66" srcActor="D0N4"/>
            <port dstActor="D0N12" name="p67" srcActor="D0N4"/>
            <port dstActor="D0N40" name="p68" srcActor="D0N39"/>
            <port dstActor="D0N43" name="p69" srcActor="D0N39"/>
            <port dstActor="D0N46" name="p70" srcActor="D0N38"/>
            <port dstActor="D0N41" name="p71" srcActor="D0N30"/>
            <port dstActor="D0N34" name="p72" srcActor="D0N33"/>
            <port dstActor="D0N42" name="p73" srcActor="D0N33"/>
            <port dstActor="D0N31" name="p74" srcActor="D0N22"/>
            <port dstActor="D0N22" name="p75" srcActor="D0N14"/>
            <port dstActor="D0N36" name="p76" srcActor="D0N20"/>
            <port dstActor="D0N37" name="p77" srcActor="D0N20"/>
            <port dstActor="D0N27" name="p78" srcActor="D0N20"/>
            <port dstActor="D0N29" name="p79" srcActor="D0N20"/>
            <port dstActor="D0N24" name="p80" srcActor="D0N0"/>
            <port dstActor="D0N39" name="p81" srcActor="D0N0"/>
            <port dstActor="D0N29" name="p82" srcActor="D0N0"/>
            <port dstActor="D0N28" name="p83" srcActor="D0N0"/>
            <port dstActor="D0N46" name="p84" srcActor="D0N45"/>
            <port dstActor="D0N47" name="p85" srcActor="D0N34"/>
            <port dstActor="D0N41" name="p86" srcActor="D0N34"/>
            <port dstActor="D0N43" name="p87" srcActor="D0N34"/>
            <port dstActor="D0N36" name="p88" srcActor="D0N2"/>
            <port dstActor="D0N3" name="p89" srcActor="D0N2"/>
            <port dstActor="D0N17" name="p90" srcActor="D0N2"/>
            <port dstActor="D0N19" name="p91" srcActor="D0N2"/>
            <port dstActor="D0N22" name="p92" srcActor="D0N2"/>
            <port dstActor="D0N7" name="p93" srcActor="D0N2"/>
            <port dstActor="D0N23" name="p94" srcActor="D0N3"/>
            <port dstActor="D0N29" name="p95" srcActor="D0N3"/>
            <port dstActor="D0N36" name="p96" srcActor="D0N3"/>
            <port dstActor="D0N33" name="p97" srcActor="D0N3"/>
            <port dstActor="D0N24" name="p98" srcActor="D0N3"/>
            <port dstActor="D0N44" name="p99" srcActor="D0N3"/>
            <port dstActor="D0N46" name="p100" srcActor="D0N19"/>
            <port dstActor="D0N28" name="p101" srcActor="D0N19"/>
            <port dstActor="D0N43" name="p102" srcActor="D0N41"/>
            <port dstActor="D0N38" name="p103" srcActor="D0N24"/>
            <port dstActor="D0N27" name="p104" srcActor="D0N24"/>
            <port dstActor="D0N40" name="p105" srcActor="D0N24"/>
            <port dstActor="D0N37" name="p106" srcActor="D0N24"/>
            <port dstActor="D0N43" name="p107" srcActor="D0N24"/>
            <port dstActor="D0N40" name="p108" srcActor="D0N37"/>
            <port dstActor="D0N44" name="p109" srcActor="D0N36"/>
        </ports>
    </mcdag>
    <cores number="3"/>
    <levels number="2"/>
</mcsystem>
