<?xml version="1.0" encoding="UTF-8" standalone="no"?>
<mcsystem>
    <mcdag deadline="2000" name="genned-0-ed-10.0-0">
        <actor name="D0N30">
            <wcet number="0">110</wcet>
            <wcet number="1">140</wcet>
            <maxpow number="0.4914350537708328"/>
            <maxpow number="0.4914350537708328"/>
            <fprob>0.0</fprob>
        </actor>
        <actor name="D0N39">
            <wcet number="0">120</wcet>
            <wcet number="1">120</wcet>
            <maxpow number="0.46428019680584504"/>
            <maxpow number="0.46428019680584504"/>
            <fprob>0.0</fprob>
        </actor>
        <actor name="D0N1">
            <wcet number="0">20</wcet>
            <wcet number="1">210</wcet>
            <maxpow number="0.6918427634972385"/>
            <maxpow number="0.6918427634972385"/>
            <fprob>0.0</fprob>
        </actor>
        <actor name="D0N0">
            <wcet number="0">10</wcet>
            <wcet number="1">50</wcet>
            <maxpow number="0.5405015484702426"/>
            <maxpow number="0.5405015484702426"/>
            <fprob>0.0</fprob>
        </actor>
        <actor name="D0N6">
            <wcet number="0">10</wcet>
            <wcet number="1">30</wcet>
            <maxpow number="0.924014381594316"/>
            <maxpow number="0.924014381594316"/>
            <fprob>0.0</fprob>
        </actor>
        <actor name="D0N27">
            <wcet number="0">20</wcet>
            <wcet number="1">30</wcet>
            <maxpow number="0.7295588583261985"/>
            <maxpow number="0.7295588583261985"/>
            <fprob>0.0</fprob>
        </actor>
        <actor name="D0N31">
            <wcet number="0">230</wcet>
            <wcet number="1">240</wcet>
            <maxpow number="0.537464293691829"/>
            <maxpow number="0.537464293691829"/>
            <fprob>0.0</fprob>
        </actor>
        <actor name="D0N2">
            <wcet number="0">140</wcet>
            <wcet number="1">150</wcet>
            <maxpow number="0.34396075203425264"/>
            <maxpow number="0.34396075203425264"/>
            <fprob>0.0</fprob>
        </actor>
        <actor name="D0N16">
            <wcet number="0">40</wcet>
            <wcet number="1">50</wcet>
            <maxpow number="0.6750572411919098"/>
            <maxpow number="0.6750572411919098"/>
            <fprob>0.0</fprob>
        </actor>
        <actor name="D0N23">
            <wcet number="0">80</wcet>
            <wcet number="1">80</wcet>
            <maxpow number="0.46796597927839845"/>
            <maxpow number="0.46796597927839845"/>
            <fprob>0.0</fprob>
        </actor>
        <actor name="D0N24">
            <wcet number="0">10</wcet>
            <wcet number="1">20</wcet>
            <maxpow number="0.586049028167244"/>
            <maxpow number="0.586049028167244"/>
            <fprob>0.0</fprob>
        </actor>
        <actor name="D0N32">
            <wcet number="0">20</wcet>
            <wcet number="1">60</wcet>
            <maxpow number="0.6191501443982076"/>
            <maxpow number="0.6191501443982076"/>
            <fprob>0.0</fprob>
        </actor>
        <actor name="D0N38">
            <wcet number="0">20</wcet>
            <wcet number="1">150</wcet>
            <maxpow number="0.7767601396904724"/>
            <maxpow number="0.7767601396904724"/>
            <fprob>0.0</fprob>
        </actor>
        <actor name="D0N18">
            <wcet number="0">130</wcet>
            <wcet number="1">130</wcet>
            <maxpow number="0.7285982842195255"/>
            <maxpow number="0.7285982842195255"/>
            <fprob>0.0</fprob>
        </actor>
        <actor name="D0N29">
            <wcet number="0">110</wcet>
            <wcet number="1">140</wcet>
            <maxpow number="0.9722978834614182"/>
            <maxpow number="0.9722978834614182"/>
            <fprob>0.0</fprob>
        </actor>
        <actor name="D0N13">
            <wcet number="0">40</wcet>
            <wcet number="1">140</wcet>
            <maxpow number="0.5855843981309743"/>
            <maxpow number="0.5855843981309743"/>
            <fprob>0.0</fprob>
        </actor>
        <actor name="D0N8">
            <wcet number="0">30</wcet>
            <wcet number="1">30</wcet>
            <maxpow number="0.4299754914544639"/>
            <maxpow number="0.4299754914544639"/>
            <fprob>0.0</fprob>
        </actor>
        <actor name="D0N41">
            <wcet number="0">10</wcet>
            <wcet number="1">20</wcet>
            <maxpow number="0.2749613558188205"/>
            <maxpow number="0.2749613558188205"/>
            <fprob>0.0</fprob>
        </actor>
        <actor name="D0N36">
            <wcet number="0">20</wcet>
            <wcet number="1">20</wcet>
            <maxpow number="0.6300206097062976"/>
            <maxpow number="0.6300206097062976"/>
            <fprob>0.0</fprob>
        </actor>
        <actor name="D0N20">
            <wcet number="0">100</wcet>
            <wcet number="1">140</wcet>
            <maxpow number="0.5148652354565744"/>
            <maxpow number="0.5148652354565744"/>
            <fprob>0.0</fprob>
        </actor>
        <actor name="D0N3">
            <wcet number="0">40</wcet>
            <wcet number="1">80</wcet>
            <maxpow number="0.6538302269230719"/>
            <maxpow number="0.6538302269230719"/>
            <fprob>0.0</fprob>
        </actor>
        <actor name="D0N40">
            <wcet number="0">10</wcet>
            <wcet number="1">60</wcet>
            <maxpow number="0.6126736061761802"/>
            <maxpow number="0.6126736061761802"/>
            <fprob>0.0</fprob>
        </actor>
        <actor name="D0N17">
            <wcet number="0">20</wcet>
            <wcet number="1">50</wcet>
            <maxpow number="0.42856990006909673"/>
            <maxpow number="0.42856990006909673"/>
            <fprob>0.0</fprob>
        </actor>
        <actor name="D0N33">
            <wcet number="0">10</wcet>
            <wcet number="1">80</wcet>
            <maxpow number="0.831341908076157"/>
            <maxpow number="0.831341908076157"/>
            <fprob>0.0</fprob>
        </actor>
        <actor name="D0N21">
            <wcet number="0">90</wcet>
            <wcet number="1">110</wcet>
            <maxpow number="0.515498159455453"/>
            <maxpow number="0.515498159455453"/>
            <fprob>0.0</fprob>
        </actor>
        <actor name="D0N9">
            <wcet number="0">50</wcet>
            <wcet number="1">90</wcet>
            <maxpow number="0.8339033421390161"/>
            <maxpow number="0.8339033421390161"/>
            <fprob>0.0</fprob>
        </actor>
        <actor name="D0N43">
            <wcet number="0">10</wcet>
            <wcet number="1">140</wcet>
            <maxpow number="0.5569299904710684"/>
            <maxpow number="0.5569299904710684"/>
            <fprob>0.0</fprob>
        </actor>
        <actor name="D0N44">
            <wcet number="0">40</wcet>
            <wcet number="1">70</wcet>
            <maxpow number="0.22660606280469803"/>
            <maxpow number="0.22660606280469803"/>
            <fprob>0.0</fprob>
        </actor>
        <actor name="D0N14">
            <wcet number="0">10</wcet>
            <wcet number="1">10</wcet>
            <maxpow number="0.6088113157686083"/>
            <maxpow number="0.6088113157686083"/>
            <fprob>0.0</fprob>
        </actor>
        <actor name="D0N28">
            <wcet number="0">290</wcet>
            <wcet number="1">350</wcet>
            <maxpow number="0.7900065420886437"/>
            <maxpow number="0.7900065420886437"/>
            <fprob>0.0</fprob>
        </actor>
        <actor name="D0N12">
            <wcet number="0">60</wcet>
            <wcet number="1">70</wcet>
            <maxpow number="0.3170289233884483"/>
            <maxpow number="0.3170289233884483"/>
            <fprob>0.0</fprob>
        </actor>
        <actor name="D0N26">
            <wcet number="0">40</wcet>
            <wcet number="1">80</wcet>
            <maxpow number="0.5058312205653994"/>
            <maxpow number="0.5058312205653994"/>
            <fprob>0.0</fprob>
        </actor>
        <actor name="D0N42">
            <wcet number="0">30</wcet>
            <wcet number="1">40</wcet>
            <maxpow number="0.8079187454795209"/>
            <maxpow number="0.8079187454795209"/>
            <fprob>0.0</fprob>
        </actor>
        <actor name="D0N37">
            <wcet number="0">10</wcet>
            <wcet number="1">90</wcet>
            <maxpow number="0.5410065955151627"/>
            <maxpow number="0.5410065955151627"/>
            <fprob>0.0</fprob>
        </actor>
        <actor name="D0N25">
            <wcet number="0">30</wcet>
            <wcet number="1">30</wcet>
            <maxpow number="0.6361757544325983"/>
            <maxpow number="0.6361757544325983"/>
            <fprob>0.0</fprob>
        </actor>
        <actor name="D0N4">
            <wcet number="0">50</wcet>
            <wcet number="1">60</wcet>
            <maxpow number="0.5079137648747127"/>
            <maxpow number="0.5079137648747127"/>
            <fprob>0.0</fprob>
        </actor>
        <actor name="D0N34">
            <wcet number="0">30</wcet>
            <wcet number="1">50</wcet>
            <maxpow number="0.3318523549880269"/>
            <maxpow number="0.3318523549880269"/>
            <fprob>0.0</fprob>
        </actor>
        <actor name="D0N11">
            <wcet number="0">10</wcet>
            <wcet number="1">10</wcet>
            <maxpow number="0.6852167453114166"/>
            <maxpow number="0.6852167453114166"/>
            <fprob>0.0</fprob>
        </actor>
        <actor name="D0N45">
            <wcet number="0">20</wcet>
            <wcet number="1">30</wcet>
            <maxpow number="0.4326689268685914"/>
            <maxpow number="0.4326689268685914"/>
            <fprob>0.0</fprob>
        </actor>
        <actor name="D0N10">
            <wcet number="0">300</wcet>
            <wcet number="1">340</wcet>
            <maxpow number="0.4223172903387989"/>
            <maxpow number="0.4223172903387989"/>
            <fprob>0.0</fprob>
        </actor>
        <actor name="D0N35">
            <wcet number="0">20</wcet>
            <wcet number="1">20</wcet>
            <maxpow number="0.4090067157946268"/>
            <maxpow number="0.4090067157946268"/>
            <fprob>0.0</fprob>
        </actor>
        <actor name="D0N7">
            <wcet number="0">20</wcet>
            <wcet number="1">50</wcet>
            <maxpow number="0.6890494255951103"/>
            <maxpow number="0.6890494255951103"/>
            <fprob>0.0</fprob>
        </actor>
        <actor name="D0N15">
            <wcet number="0">20</wcet>
            <wcet number="1">80</wcet>
            <maxpow number="0.1423044208740344"/>
            <maxpow number="0.1423044208740344"/>
            <fprob>0.0</fprob>
        </actor>
        <actor name="D0N19">
            <wcet number="0">70</wcet>
            <wcet number="1">130</wcet>
            <maxpow number="0.3422435171637524"/>
            <maxpow number="0.3422435171637524"/>
            <fprob>0.0</fprob>
        </actor>
        <actor name="D0N46">
            <wcet number="0">30</wcet>
            <wcet number="1">100</wcet>
            <maxpow number="-0.04590470275219616"/>
            <maxpow number="-0.04590470275219616"/>
            <fprob>0.0</fprob>
        </actor>
        <actor name="D0N5">
            <wcet number="0">20</wcet>
            <wcet number="1">20</wcet>
            <maxpow number="0.34034084741898585"/>
            <maxpow number="0.34034084741898585"/>
            <fprob>0.0</fprob>
        </actor>
        <actor name="D0N22">
            <wcet number="0">10</wcet>
            <wcet number="1">10</wcet>
            <maxpow number="0.05176660587036963"/>
            <maxpow number="0.05176660587036963"/>
            <fprob>0.0</fprob>
        </actor>
        <ports>
            <port dstActor="D0N42" name="p0" srcActor="D0N39"/>
            <port dstActor="D0N45" name="p1" srcActor="D0N39"/>
            <port dstActor="D0N23" name="p2" srcActor="D0N1"/>
            <port dstActor="D0N32" name="p3" srcActor="D0N1"/>
            <port dstActor="D0N37" name="p4" srcActor="D0N1"/>
            <port dstActor="D0N3" name="p5" srcActor="D0N0"/>
            <port dstActor="D0N36" name="p6" srcActor="D0N0"/>
            <port dstActor="D0N41" name="p7" srcActor="D0N0"/>
            <port dstActor="D0N4" name="p8" srcActor="D0N0"/>
            <port dstActor="D0N34" name="p9" srcActor="D0N0"/>
            <port dstActor="D0N38" name="p10" srcActor="D0N6"/>
            <port dstActor="D0N39" name="p11" srcActor="D0N6"/>
            <port dstActor="D0N36" name="p12" srcActor="D0N6"/>
            <port dstActor="D0N46" name="p13" srcActor="D0N27"/>
            <port dstActor="D0N32" name="p14" srcActor="D0N2"/>
            <port dstActor="D0N6" name="p15" srcActor="D0N2"/>
            <port dstActor="D0N46" name="p16" srcActor="D0N2"/>
            <port dstActor="D0N3" name="p17" srcActor="D0N2"/>
            <port dstActor="D0N30" name="p18" srcActor="D0N16"/>
            <port dstActor="D0N24" name="p19" srcActor="D0N16"/>
            <port dstActor="D0N31" name="p20" srcActor="D0N23"/>
            <port dstActor="D0N27" name="p21" srcActor="D0N23"/>
            <port dstActor="D0N43" name="p22" srcActor="D0N23"/>
            <port dstActor="D0N26" name="p23" srcActor="D0N24"/>
            <port dstActor="D0N41" name="p24" srcActor="D0N24"/>
            <port dstActor="D0N40" name="p25" srcActor="D0N24"/>
            <port dstActor="D0N32" name="p26" srcActor="D0N24"/>
            <port dstActor="D0N45" name="p27" srcActor="D0N32"/>
            <port dstActor="D0N42" name="p28" srcActor="D0N32"/>
            <port dstActor="D0N37" name="p29" srcActor="D0N32"/>
            <port dstActor="D0N33" name="p30" srcActor="D0N32"/>
            <port dstActor="D0N36" name="p31" srcActor="D0N32"/>
            <port dstActor="D0N40" name="p32" srcActor="D0N38"/>
            <port dstActor="D0N29" name="p33" srcActor="D0N18"/>
            <port dstActor="D0N42" name="p34" srcActor="D0N18"/>
            <port dstActor="D0N40" name="p35" srcActor="D0N18"/>
            <port dstActor="D0N35" name="p36" srcActor="D0N18"/>
            <port dstActor="D0N39" name="p37" srcActor="D0N29"/>
            <port dstActor="D0N41" name="p38" srcActor="D0N13"/>
            <port dstActor="D0N36" name="p39" srcActor="D0N13"/>
            <port dstActor="D0N38" name="p40" srcActor="D0N13"/>
            <port dstActor="D0N34" name="p41" srcActor="D0N8"/>
            <port dstActor="D0N22" name="p42" srcActor="D0N8"/>
            <port dstActor="D0N45" name="p43" srcActor="D0N36"/>
            <port dstActor="D0N37" name="p44" srcActor="D0N36"/>
            <port dstActor="D0N37" name="p45" srcActor="D0N20"/>
            <port dstActor="D0N33" name="p46" srcActor="D0N20"/>
            <port dstActor="D0N44" name="p47" srcActor="D0N20"/>
            <port dstActor="D0N29" name="p48" srcActor="D0N20"/>
            <port dstActor="D0N30" name="p49" srcActor="D0N20"/>
            <port dstActor="D0N10" name="p50" srcActor="D0N3"/>
            <port dstActor="D0N33" name="p51" srcActor="D0N3"/>
            <port dstActor="D0N29" name="p52" srcActor="D0N3"/>
            <port dstActor="D0N44" name="p53" srcActor="D0N3"/>
            <port dstActor="D0N18" name="p54" srcActor="D0N3"/>
            <port dstActor="D0N32" name="p55" srcActor="D0N3"/>
            <port dstActor="D0N39" name="p56" srcActor="D0N17"/>
            <port dstActor="D0N36" name="p57" srcActor="D0N33"/>
            <port dstActor="D0N38" name="p58" srcActor="D0N33"/>
            <port dstActor="D0N27" name="p59" srcActor="D0N21"/>
            <port dstActor="D0N41" name="p60" srcActor="D0N21"/>
            <port dstActor="D0N45" name="p61" srcActor="D0N21"/>
            <port dstActor="D0N32" name="p62" srcActor="D0N21"/>
            <port dstActor="D0N13" name="p63" srcActor="D0N9"/>
            <port dstActor="D0N35" name="p64" srcActor="D0N9"/>
            <port dstActor="D0N39" name="p65" srcActor="D0N9"/>
            <port dstActor="D0N42" name="p66" srcActor="D0N9"/>
            <port dstActor="D0N31" name="p67" srcActor="D0N9"/>
            <port dstActor="D0N11" name="p68" srcActor="D0N9"/>
            <port dstActor="D0N37" name="p69" srcActor="D0N14"/>
            <port dstActor="D0N46" name="p70" srcActor="D0N14"/>
            <port dstActor="D0N29" name="p71" srcActor="D0N28"/>
            <port dstActor="D0N39" name="p72" srcActor="D0N28"/>
            <port dstActor="D0N30" name="p73" srcActor="D0N28"/>
            <port dstActor="D0N32" name="p74" srcActor="D0N12"/>
            <port dstActor="D0N43" name="p75" srcActor="D0N12"/>
            <port dstActor="D0N39" name="p76" srcActor="D0N26"/>
            <port dstActor="D0N30" name="p77" srcActor="D0N26"/>
            <port dstActor="D0N45" name="p78" srcActor="D0N26"/>
            <port dstActor="D0N46" name="p79" srcActor="D0N42"/>
            <port dstActor="D0N44" name="p80" srcActor="D0N42"/>
            <port dstActor="D0N42" name="p81" srcActor="D0N37"/>
            <port dstActor="D0N38" name="p82" srcActor="D0N37"/>
            <port dstActor="D0N39" name="p83" srcActor="D0N25"/>
            <port dstActor="D0N44" name="p84" srcActor="D0N25"/>
            <port dstActor="D0N45" name="p85" srcActor="D0N25"/>
            <port dstActor="D0N41" name="p86" srcActor="D0N25"/>
            <port dstActor="D0N46" name="p87" srcActor="D0N34"/>
            <port dstActor="D0N25" name="p88" srcActor="D0N11"/>
            <port dstActor="D0N12" name="p89" srcActor="D0N10"/>
            <port dstActor="D0N24" name="p90" srcActor="D0N10"/>
            <port dstActor="D0N22" name="p91" srcActor="D0N10"/>
            <port dstActor="D0N27" name="p92" srcActor="D0N10"/>
            <port dstActor="D0N11" name="p93" srcActor="D0N10"/>
            <port dstActor="D0N13" name="p94" srcActor="D0N10"/>
            <port dstActor="D0N32" name="p95" srcActor="D0N10"/>
            <port dstActor="D0N25" name="p96" srcActor="D0N10"/>
            <port dstActor="D0N37" name="p97" srcActor="D0N35"/>
            <port dstActor="D0N46" name="p98" srcActor="D0N7"/>
            <port dstActor="D0N24" name="p99" srcActor="D0N7"/>
            <port dstActor="D0N42" name="p100" srcActor="D0N15"/>
            <port dstActor="D0N26" name="p101" srcActor="D0N5"/>
            <port dstActor="D0N33" name="p102" srcActor="D0N5"/>
            <port dstActor="D0N29" name="p103" srcActor="D0N5"/>
            <port dstActor="D0N16" name="p104" srcActor="D0N5"/>
            <port dstActor="D0N32" name="p105" srcActor="D0N5"/>
        </ports>
    </mcdag>
    <cores number="3"/>
    <levels number="2"/>
</mcsystem>
