<?xml version="1.0" encoding="UTF-8" standalone="no"?>
<mcsystem>
    <mcdag deadline="2200" name="genned-0-ed-10.0-0">
        <actor name="D0N12">
            <wcet number="0">10</wcet>
            <wcet number="1">70</wcet>
            <maxpow number="0.6125432035545882"/>
            <maxpow number="0.6125432035545882"/>
            <fprob>0.0</fprob>
        </actor>
        <actor name="D0N45">
            <wcet number="0">20</wcet>
            <wcet number="1">80</wcet>
            <maxpow number="0.7155268851833777"/>
            <maxpow number="0.7155268851833777"/>
            <fprob>0.0</fprob>
        </actor>
        <actor name="D0N19">
            <wcet number="0">10</wcet>
            <wcet number="1">60</wcet>
            <maxpow number="0.7083173969243749"/>
            <maxpow number="0.7083173969243749"/>
            <fprob>0.0</fprob>
        </actor>
        <actor name="D0N23">
            <wcet number="0">20</wcet>
            <wcet number="1">70</wcet>
            <maxpow number="0.26761552048412424"/>
            <maxpow number="0.26761552048412424"/>
            <fprob>0.0</fprob>
        </actor>
        <actor name="D0N16">
            <wcet number="0">110</wcet>
            <wcet number="1">170</wcet>
            <maxpow number="0.6166019729629519"/>
            <maxpow number="0.6166019729629519"/>
            <fprob>0.0</fprob>
        </actor>
        <actor name="D0N26">
            <wcet number="0">90</wcet>
            <wcet number="1">360</wcet>
            <maxpow number="0.581132652478523"/>
            <maxpow number="0.581132652478523"/>
            <fprob>0.0</fprob>
        </actor>
        <actor name="D0N38">
            <wcet number="0">30</wcet>
            <wcet number="1">40</wcet>
            <maxpow number="0.5398810916221752"/>
            <maxpow number="0.5398810916221752"/>
            <fprob>0.0</fprob>
        </actor>
        <actor name="D0N46">
            <wcet number="0">10</wcet>
            <wcet number="1">10</wcet>
            <maxpow number="0.48813674381933136"/>
            <maxpow number="0.48813674381933136"/>
            <fprob>0.0</fprob>
        </actor>
        <actor name="D0N36">
            <wcet number="0">20</wcet>
            <wcet number="1">30</wcet>
            <maxpow number="0.6010428780088426"/>
            <maxpow number="0.6010428780088426"/>
            <fprob>0.0</fprob>
        </actor>
        <actor name="D0N15">
            <wcet number="0">80</wcet>
            <wcet number="1">100</wcet>
            <maxpow number="0.8454285090682951"/>
            <maxpow number="0.8454285090682951"/>
            <fprob>0.0</fprob>
        </actor>
        <actor name="D0N25">
            <wcet number="0">10</wcet>
            <wcet number="1">10</wcet>
            <maxpow number="0.5461288011094878"/>
            <maxpow number="0.5461288011094878"/>
            <fprob>0.0</fprob>
        </actor>
        <actor name="D0N29">
            <wcet number="0">10</wcet>
            <wcet number="1">40</wcet>
            <maxpow number="0.31871650990904066"/>
            <maxpow number="0.31871650990904066"/>
            <fprob>0.0</fprob>
        </actor>
        <actor name="D0N40">
            <wcet number="0">240</wcet>
            <wcet number="1">390</wcet>
            <maxpow number="0.3829006937406807"/>
            <maxpow number="0.3829006937406807"/>
            <fprob>0.0</fprob>
        </actor>
        <actor name="D0N32">
            <wcet number="0">10</wcet>
            <wcet number="1">30</wcet>
            <maxpow number="0.7122496011839734"/>
            <maxpow number="0.7122496011839734"/>
            <fprob>0.0</fprob>
        </actor>
        <actor name="D0N47">
            <wcet number="0">50</wcet>
            <wcet number="1">60</wcet>
            <maxpow number="0.5974873095521025"/>
            <maxpow number="0.5974873095521025"/>
            <fprob>0.0</fprob>
        </actor>
        <actor name="D0N30">
            <wcet number="0">50</wcet>
            <wcet number="1">130</wcet>
            <maxpow number="0.7379152249300298"/>
            <maxpow number="0.7379152249300298"/>
            <fprob>0.0</fprob>
        </actor>
        <actor name="D0N20">
            <wcet number="0">50</wcet>
            <wcet number="1">110</wcet>
            <maxpow number="0.4841486563310217"/>
            <maxpow number="0.4841486563310217"/>
            <fprob>0.0</fprob>
        </actor>
        <actor name="D0N42">
            <wcet number="0">40</wcet>
            <wcet number="1">50</wcet>
            <maxpow number="0.8372684993885906"/>
            <maxpow number="0.8372684993885906"/>
            <fprob>0.0</fprob>
        </actor>
        <actor name="D0N18">
            <wcet number="0">40</wcet>
            <wcet number="1">250</wcet>
            <maxpow number="0.5985218470168157"/>
            <maxpow number="0.5985218470168157"/>
            <fprob>0.0</fprob>
        </actor>
        <actor name="D0N8">
            <wcet number="0">10</wcet>
            <wcet number="1">10</wcet>
            <maxpow number="0.6253779958246085"/>
            <maxpow number="0.6253779958246085"/>
            <fprob>0.0</fprob>
        </actor>
        <actor name="D0N0">
            <wcet number="0">20</wcet>
            <wcet number="1">90</wcet>
            <maxpow number="0.9973124321923839"/>
            <maxpow number="0.9973124321923839"/>
            <fprob>0.0</fprob>
        </actor>
        <actor name="D0N17">
            <wcet number="0">10</wcet>
            <wcet number="1">10</wcet>
            <maxpow number="0.34212488511617567"/>
            <maxpow number="0.34212488511617567"/>
            <fprob>0.0</fprob>
        </actor>
        <actor name="D0N11">
            <wcet number="0">60</wcet>
            <wcet number="1">60</wcet>
            <maxpow number="0.6445360236548318"/>
            <maxpow number="0.6445360236548318"/>
            <fprob>0.0</fprob>
        </actor>
        <actor name="D0N37">
            <wcet number="0">150</wcet>
            <wcet number="1">160</wcet>
            <maxpow number="0.49483957951504537"/>
            <maxpow number="0.49483957951504537"/>
            <fprob>0.0</fprob>
        </actor>
        <actor name="D0N31">
            <wcet number="0">10</wcet>
            <wcet number="1">10</wcet>
            <maxpow number="0.7082202017949314"/>
            <maxpow number="0.7082202017949314"/>
            <fprob>0.0</fprob>
        </actor>
        <actor name="D0N44">
            <wcet number="0">390</wcet>
            <wcet number="1">490</wcet>
            <maxpow number="0.29687776287851614"/>
            <maxpow number="0.29687776287851614"/>
            <fprob>0.0</fprob>
        </actor>
        <actor name="D0N27">
            <wcet number="0">80</wcet>
            <wcet number="1">100</wcet>
            <maxpow number="0.6253004941875915"/>
            <maxpow number="0.6253004941875915"/>
            <fprob>0.0</fprob>
        </actor>
        <actor name="D0N14">
            <wcet number="0">50</wcet>
            <wcet number="1">320</wcet>
            <maxpow number="0.7773261741167145"/>
            <maxpow number="0.7773261741167145"/>
            <fprob>0.0</fprob>
        </actor>
        <actor name="D0N7">
            <wcet number="0">210</wcet>
            <wcet number="1">230</wcet>
            <maxpow number="0.7741156785118134"/>
            <maxpow number="0.7741156785118134"/>
            <fprob>0.0</fprob>
        </actor>
        <actor name="D0N35">
            <wcet number="0">90</wcet>
            <wcet number="1">140</wcet>
            <maxpow number="0.6301233215974661"/>
            <maxpow number="0.6301233215974661"/>
            <fprob>0.0</fprob>
        </actor>
        <actor name="D0N41">
            <wcet number="0">210</wcet>
            <wcet number="1">240</wcet>
            <maxpow number="0.5854946860150885"/>
            <maxpow number="0.5854946860150885"/>
            <fprob>0.0</fprob>
        </actor>
        <actor name="D0N43">
            <wcet number="0">30</wcet>
            <wcet number="1">40</wcet>
            <maxpow number="0.44292488990391554"/>
            <maxpow number="0.44292488990391554"/>
            <fprob>0.0</fprob>
        </actor>
        <actor name="D0N22">
            <wcet number="0">100</wcet>
            <wcet number="1">110</wcet>
            <maxpow number="0.9675725197812637"/>
            <maxpow number="0.9675725197812637"/>
            <fprob>0.0</fprob>
        </actor>
        <actor name="D0N48">
            <wcet number="0">40</wcet>
            <wcet number="1">50</wcet>
            <maxpow number="0.5580126364507239"/>
            <maxpow number="0.5580126364507239"/>
            <fprob>0.0</fprob>
        </actor>
        <actor name="D0N6">
            <wcet number="0">30</wcet>
            <wcet number="1">120</wcet>
            <maxpow number="0.4505170996687923"/>
            <maxpow number="0.4505170996687923"/>
            <fprob>0.0</fprob>
        </actor>
        <actor name="D0N10">
            <wcet number="0">70</wcet>
            <wcet number="1">130</wcet>
            <maxpow number="0.6008227920294329"/>
            <maxpow number="0.6008227920294329"/>
            <fprob>0.0</fprob>
        </actor>
        <actor name="D0N21">
            <wcet number="0">20</wcet>
            <wcet number="1">50</wcet>
            <maxpow number="0.7330484025977267"/>
            <maxpow number="0.7330484025977267"/>
            <fprob>0.0</fprob>
        </actor>
        <actor name="D0N4">
            <wcet number="0">160</wcet>
            <wcet number="1">160</wcet>
            <maxpow number="0.4876855186862161"/>
            <maxpow number="0.4876855186862161"/>
            <fprob>0.0</fprob>
        </actor>
        <actor name="D0N9">
            <wcet number="0">10</wcet>
            <wcet number="1">20</wcet>
            <maxpow number="0.481827359377076"/>
            <maxpow number="0.481827359377076"/>
            <fprob>0.0</fprob>
        </actor>
        <actor name="D0N3">
            <wcet number="0">10</wcet>
            <wcet number="1">110</wcet>
            <maxpow number="0.25458897779111944"/>
            <maxpow number="0.25458897779111944"/>
            <fprob>0.0</fprob>
        </actor>
        <actor name="D0N2">
            <wcet number="0">20</wcet>
            <wcet number="1">50</wcet>
            <maxpow number="0.8325701026999411"/>
            <maxpow number="0.8325701026999411"/>
            <fprob>0.0</fprob>
        </actor>
        <actor name="D0N1">
            <wcet number="0">10</wcet>
            <wcet number="1">130</wcet>
            <maxpow number="0.6569712987942923"/>
            <maxpow number="0.6569712987942923"/>
            <fprob>0.0</fprob>
        </actor>
        <actor name="D0N13">
            <wcet number="0">20</wcet>
            <wcet number="1">20</wcet>
            <maxpow number="0.45386801486946454"/>
            <maxpow number="0.45386801486946454"/>
            <fprob>0.0</fprob>
        </actor>
        <actor name="D0N33">
            <wcet number="0">40</wcet>
            <wcet number="1">40</wcet>
            <maxpow number="0.9281366939169835"/>
            <maxpow number="0.9281366939169835"/>
            <fprob>0.0</fprob>
        </actor>
        <actor name="D0N39">
            <wcet number="0">40</wcet>
            <wcet number="1">70</wcet>
            <maxpow number="0.7646044610587988"/>
            <maxpow number="0.7646044610587988"/>
            <fprob>0.0</fprob>
        </actor>
        <actor name="D0N24">
            <wcet number="0">30</wcet>
            <wcet number="1">30</wcet>
            <maxpow number="0.5053769186670681"/>
            <maxpow number="0.5053769186670681"/>
            <fprob>0.0</fprob>
        </actor>
        <actor name="D0N28">
            <wcet number="0">390</wcet>
            <wcet number="1">570</wcet>
            <maxpow number="0.6803515680978164"/>
            <maxpow number="0.6803515680978164"/>
            <fprob>0.0</fprob>
        </actor>
        <actor name="D0N34">
            <wcet number="0">20</wcet>
            <wcet number="1">80</wcet>
            <maxpow number="0.8881314957663409"/>
            <maxpow number="0.8881314957663409"/>
            <fprob>0.0</fprob>
        </actor>
        <actor name="D0N5">
            <wcet number="0">140</wcet>
            <wcet number="1">240</wcet>
            <maxpow number="0.5210418132916578"/>
            <maxpow number="0.5210418132916578"/>
            <fprob>0.0</fprob>
        </actor>
        <ports>
            <port dstActor="D0N17" name="p0" srcActor="D0N12"/>
            <port dstActor="D0N35" name="p1" srcActor="D0N12"/>
            <port dstActor="D0N36" name="p2" srcActor="D0N12"/>
            <port dstActor="D0N27" name="p3" srcActor="D0N12"/>
            <port dstActor="D0N29" name="p4" srcActor="D0N12"/>
            <port dstActor="D0N46" name="p5" srcActor="D0N45"/>
            <port dstActor="D0N41" name="p6" srcActor="D0N19"/>
            <port dstActor="D0N20" name="p7" srcActor="D0N19"/>
            <port dstActor="D0N26" name="p8" srcActor="D0N16"/>
            <port dstActor="D0N41" name="p9" srcActor="D0N16"/>
            <port dstActor="D0N35" name="p10" srcActor="D0N16"/>
            <port dstActor="D0N42" name="p11" srcActor="D0N16"/>
            <port dstActor="D0N38" name="p12" srcActor="D0N26"/>
            <port dstActor="D0N39" name="p13" srcActor="D0N38"/>
            <port dstActor="D0N40" name="p14" srcActor="D0N38"/>
            <port dstActor="D0N47" name="p15" srcActor="D0N46"/>
            <port dstActor="D0N46" name="p16" srcActor="D0N36"/>
            <port dstActor="D0N41" name="p17" srcActor="D0N36"/>
            <port dstActor="D0N36" name="p18" srcActor="D0N15"/>
            <port dstActor="D0N19" name="p19" srcActor="D0N15"/>
            <port dstActor="D0N27" name="p20" srcActor="D0N15"/>
            <port dstActor="D0N46" name="p21" srcActor="D0N15"/>
            <port dstActor="D0N42" name="p22" srcActor="D0N25"/>
            <port dstActor="D0N36" name="p23" srcActor="D0N25"/>
            <port dstActor="D0N43" name="p24" srcActor="D0N25"/>
            <port dstActor="D0N38" name="p25" srcActor="D0N25"/>
            <port dstActor="D0N29" name="p26" srcActor="D0N25"/>
            <port dstActor="D0N34" name="p27" srcActor="D0N25"/>
            <port dstActor="D0N48" name="p28" srcActor="D0N29"/>
            <port dstActor="D0N48" name="p29" srcActor="D0N40"/>
            <port dstActor="D0N42" name="p30" srcActor="D0N40"/>
            <port dstActor="D0N41" name="p31" srcActor="D0N32"/>
            <port dstActor="D0N37" name="p32" srcActor="D0N32"/>
            <port dstActor="D0N46" name="p33" srcActor="D0N32"/>
            <port dstActor="D0N32" name="p34" srcActor="D0N30"/>
            <port dstActor="D0N44" name="p35" srcActor="D0N30"/>
            <port dstActor="D0N24" name="p36" srcActor="D0N20"/>
            <port dstActor="D0N41" name="p37" srcActor="D0N20"/>
            <port dstActor="D0N22" name="p38" srcActor="D0N20"/>
            <port dstActor="D0N30" name="p39" srcActor="D0N20"/>
            <port dstActor="D0N38" name="p40" srcActor="D0N20"/>
            <port dstActor="D0N34" name="p41" srcActor="D0N18"/>
            <port dstActor="D0N44" name="p42" srcActor="D0N18"/>
            <port dstActor="D0N20" name="p43" srcActor="D0N18"/>
            <port dstActor="D0N33" name="p44" srcActor="D0N8"/>
            <port dstActor="D0N29" name="p45" srcActor="D0N8"/>
            <port dstActor="D0N32" name="p46" srcActor="D0N8"/>
            <port dstActor="D0N44" name="p47" srcActor="D0N8"/>
            <port dstActor="D0N13" name="p48" srcActor="D0N8"/>
            <port dstActor="D0N6" name="p49" srcActor="D0N0"/>
            <port dstActor="D0N46" name="p50" srcActor="D0N0"/>
            <port dstActor="D0N23" name="p51" srcActor="D0N0"/>
            <port dstActor="D0N20" name="p52" srcActor="D0N0"/>
            <port dstActor="D0N44" name="p53" srcActor="D0N0"/>
            <port dstActor="D0N26" name="p54" srcActor="D0N17"/>
            <port dstActor="D0N18" name="p55" srcActor="D0N17"/>
            <port dstActor="D0N24" name="p56" srcActor="D0N11"/>
            <port dstActor="D0N31" name="p57" srcActor="D0N11"/>
            <port dstActor="D0N44" name="p58" srcActor="D0N37"/>
            <port dstActor="D0N48" name="p59" srcActor="D0N31"/>
            <port dstActor="D0N48" name="p60" srcActor="D0N44"/>
            <port dstActor="D0N46" name="p61" srcActor="D0N44"/>
            <port dstActor="D0N31" name="p62" srcActor="D0N27"/>
            <port dstActor="D0N47" name="p63" srcActor="D0N27"/>
            <port dstActor="D0N35" name="p64" srcActor="D0N27"/>
            <port dstActor="D0N39" name="p65" srcActor="D0N27"/>
            <port dstActor="D0N40" name="p66" srcActor="D0N27"/>
            <port dstActor="D0N23" name="p67" srcActor="D0N14"/>
            <port dstActor="D0N32" name="p68" srcActor="D0N14"/>
            <port dstActor="D0N16" name="p69" srcActor="D0N14"/>
            <port dstActor="D0N47" name="p70" srcActor="D0N14"/>
            <port dstActor="D0N15" name="p71" srcActor="D0N7"/>
            <port dstActor="D0N23" name="p72" srcActor="D0N7"/>
            <port dstActor="D0N28" name="p73" srcActor="D0N7"/>
            <port dstActor="D0N27" name="p74" srcActor="D0N7"/>
            <port dstActor="D0N10" name="p75" srcActor="D0N7"/>
            <port dstActor="D0N33" name="p76" srcActor="D0N7"/>
            <port dstActor="D0N11" name="p77" srcActor="D0N7"/>
            <port dstActor="D0N43" name="p78" srcActor="D0N7"/>
            <port dstActor="D0N46" name="p79" srcActor="D0N35"/>
            <port dstActor="D0N31" name="p80" srcActor="D0N22"/>
            <port dstActor="D0N23" name="p81" srcActor="D0N6"/>
            <port dstActor="D0N34" name="p82" srcActor="D0N6"/>
            <port dstActor="D0N10" name="p83" srcActor="D0N6"/>
            <port dstActor="D0N48" name="p84" srcActor="D0N6"/>
            <port dstActor="D0N47" name="p85" srcActor="D0N6"/>
            <port dstActor="D0N33" name="p86" srcActor="D0N6"/>
            <port dstActor="D0N24" name="p87" srcActor="D0N10"/>
            <port dstActor="D0N28" name="p88" srcActor="D0N10"/>
            <port dstActor="D0N26" name="p89" srcActor="D0N21"/>
            <port dstActor="D0N33" name="p90" srcActor="D0N4"/>
            <port dstActor="D0N35" name="p91" srcActor="D0N4"/>
            <port dstActor="D0N47" name="p92" srcActor="D0N4"/>
            <port dstActor="D0N17" name="p93" srcActor="D0N9"/>
            <port dstActor="D0N13" name="p94" srcActor="D0N9"/>
            <port dstActor="D0N28" name="p95" srcActor="D0N9"/>
            <port dstActor="D0N14" name="p96" srcActor="D0N9"/>
            <port dstActor="D0N40" name="p97" srcActor="D0N3"/>
            <port dstActor="D0N29" name="p98" srcActor="D0N3"/>
            <port dstActor="D0N7" name="p99" srcActor="D0N2"/>
            <port dstActor="D0N21" name="p100" srcActor="D0N2"/>
            <port dstActor="D0N29" name="p101" srcActor="D0N2"/>
            <port dstActor="D0N36" name="p102" srcActor="D0N2"/>
            <port dstActor="D0N15" name="p103" srcActor="D0N2"/>
            <port dstActor="D0N48" name="p104" srcActor="D0N2"/>
            <port dstActor="D0N45" name="p105" srcActor="D0N1"/>
            <port dstActor="D0N39" name="p106" srcActor="D0N1"/>
            <port dstActor="D0N47" name="p107" srcActor="D0N1"/>
            <port dstActor="D0N28" name="p108" srcActor="D0N1"/>
            <port dstActor="D0N10" name="p109" srcActor="D0N1"/>
            <port dstActor="D0N34" name="p110" srcActor="D0N1"/>
            <port dstActor="D0N17" name="p111" srcActor="D0N13"/>
            <port dstActor="D0N43" name="p112" srcActor="D0N13"/>
            <port dstActor="D0N27" name="p113" srcActor="D0N13"/>
            <port dstActor="D0N35" name="p114" srcActor="D0N13"/>
            <port dstActor="D0N45" name="p115" srcActor="D0N33"/>
            <port dstActor="D0N48" name="p116" srcActor="D0N33"/>
            <port dstActor="D0N43" name="p117" srcActor="D0N33"/>
            <port dstActor="D0N41" name="p118" srcActor="D0N39"/>
            <port dstActor="D0N48" name="p119" srcActor="D0N39"/>
            <port dstActor="D0N28" name="p120" srcActor="D0N24"/>
            <port dstActor="D0N37" name="p121" srcActor="D0N24"/>
            <port dstActor="D0N47" name="p122" srcActor="D0N24"/>
            <port dstActor="D0N35" name="p123" srcActor="D0N28"/>
            <port dstActor="D0N38" name="p124" srcActor="D0N28"/>
            <port dstActor="D0N9" name="p125" srcActor="D0N5"/>
            <port dstActor="D0N21" name="p126" srcActor="D0N5"/>
            <port dstActor="D0N30" name="p127" srcActor="D0N5"/>
            <port dstActor="D0N6" name="p128" srcActor="D0N5"/>
        </ports>
    </mcdag>
    <cores number="3"/>
    <levels number="2"/>
</mcsystem>
