<?xml version="1.0" encoding="UTF-8" standalone="no"?>
<mcsystem>
    <mcdag deadline="1200" name="genned-0-ed-10.0-0">
        <actor name="D0N5">
            <wcet number="0">10</wcet>
            <wcet number="1">10</wcet>
            <maxpow number="0.3699398038311812"/>
            <maxpow number="0.3699398038311812"/>
            <fprob>0.0</fprob>
        </actor>
        <actor name="D0N14">
            <wcet number="0">10</wcet>
            <wcet number="1">20</wcet>
            <maxpow number="0.6192310676832136"/>
            <maxpow number="0.6192310676832136"/>
            <fprob>0.0</fprob>
        </actor>
        <actor name="D0N3">
            <wcet number="0">10</wcet>
            <wcet number="1">20</wcet>
            <maxpow number="0.5701917902038807"/>
            <maxpow number="0.5701917902038807"/>
            <fprob>0.0</fprob>
        </actor>
        <actor name="D0N42">
            <wcet number="0">20</wcet>
            <wcet number="1">70</wcet>
            <maxpow number="0.456014690028912"/>
            <maxpow number="0.456014690028912"/>
            <fprob>0.0</fprob>
        </actor>
        <actor name="D0N0">
            <wcet number="0">70</wcet>
            <wcet number="1">90</wcet>
            <maxpow number="0.7383456340206019"/>
            <maxpow number="0.7383456340206019"/>
            <fprob>0.0</fprob>
        </actor>
        <actor name="D0N1">
            <wcet number="0">10</wcet>
            <wcet number="1">40</wcet>
            <maxpow number="0.5323048897665393"/>
            <maxpow number="0.5323048897665393"/>
            <fprob>0.0</fprob>
        </actor>
        <actor name="D0N2">
            <wcet number="0">30</wcet>
            <wcet number="1">70</wcet>
            <maxpow number="0.8743766615346491"/>
            <maxpow number="0.8743766615346491"/>
            <fprob>0.0</fprob>
        </actor>
        <actor name="D0N41">
            <wcet number="0">60</wcet>
            <wcet number="1">90</wcet>
            <maxpow number="0.7000594911804612"/>
            <maxpow number="0.7000594911804612"/>
            <fprob>0.0</fprob>
        </actor>
        <actor name="D0N18">
            <wcet number="0">70</wcet>
            <wcet number="1">260</wcet>
            <maxpow number="0.7956199091563466"/>
            <maxpow number="0.7956199091563466"/>
            <fprob>0.0</fprob>
        </actor>
        <actor name="D0N6">
            <wcet number="0">10</wcet>
            <wcet number="1">10</wcet>
            <maxpow number="0.35060560236474614"/>
            <maxpow number="0.35060560236474614"/>
            <fprob>0.0</fprob>
        </actor>
        <actor name="D0N8">
            <wcet number="0">130</wcet>
            <wcet number="1">140</wcet>
            <maxpow number="0.3233521502873936"/>
            <maxpow number="0.3233521502873936"/>
            <fprob>0.0</fprob>
        </actor>
        <actor name="D0N39">
            <wcet number="0">10</wcet>
            <wcet number="1">50</wcet>
            <maxpow number="0.5994657122429305"/>
            <maxpow number="0.5994657122429305"/>
            <fprob>0.0</fprob>
        </actor>
        <actor name="D0N28">
            <wcet number="0">10</wcet>
            <wcet number="1">30</wcet>
            <maxpow number="0.51777234210696"/>
            <maxpow number="0.51777234210696"/>
            <fprob>0.0</fprob>
        </actor>
        <actor name="D0N38">
            <wcet number="0">10</wcet>
            <wcet number="1">20</wcet>
            <maxpow number="0.37272331169824313"/>
            <maxpow number="0.37272331169824313"/>
            <fprob>0.0</fprob>
        </actor>
        <actor name="D0N22">
            <wcet number="0">20</wcet>
            <wcet number="1">20</wcet>
            <maxpow number="0.8938995099171094"/>
            <maxpow number="0.8938995099171094"/>
            <fprob>0.0</fprob>
        </actor>
        <actor name="D0N12">
            <wcet number="0">120</wcet>
            <wcet number="1">160</wcet>
            <maxpow number="0.5330212100417189"/>
            <maxpow number="0.5330212100417189"/>
            <fprob>0.0</fprob>
        </actor>
        <actor name="D0N16">
            <wcet number="0">10</wcet>
            <wcet number="1">60</wcet>
            <maxpow number="0.6621840245700717"/>
            <maxpow number="0.6621840245700717"/>
            <fprob>0.0</fprob>
        </actor>
        <actor name="D0N30">
            <wcet number="0">20</wcet>
            <wcet number="1">20</wcet>
            <maxpow number="0.8095079345745132"/>
            <maxpow number="0.8095079345745132"/>
            <fprob>0.0</fprob>
        </actor>
        <actor name="D0N26">
            <wcet number="0">130</wcet>
            <wcet number="1">130</wcet>
            <maxpow number="0.7872650568882834"/>
            <maxpow number="0.7872650568882834"/>
            <fprob>0.0</fprob>
        </actor>
        <actor name="D0N32">
            <wcet number="0">10</wcet>
            <wcet number="1">10</wcet>
            <maxpow number="0.4474297695376187"/>
            <maxpow number="0.4474297695376187"/>
            <fprob>0.0</fprob>
        </actor>
        <actor name="D0N11">
            <wcet number="0">10</wcet>
            <wcet number="1">30</wcet>
            <maxpow number="0.5260356973310228"/>
            <maxpow number="0.5260356973310228"/>
            <fprob>0.0</fprob>
        </actor>
        <actor name="D0N15">
            <wcet number="0">10</wcet>
            <wcet number="1">30</wcet>
            <maxpow number="0.40866494745308113"/>
            <maxpow number="0.40866494745308113"/>
            <fprob>0.0</fprob>
        </actor>
        <actor name="D0N4">
            <wcet number="0">80</wcet>
            <wcet number="1">110</wcet>
            <maxpow number="0.7130693480440384"/>
            <maxpow number="0.7130693480440384"/>
            <fprob>0.0</fprob>
        </actor>
        <actor name="D0N27">
            <wcet number="0">110</wcet>
            <wcet number="1">120</wcet>
            <maxpow number="0.3146887405096592"/>
            <maxpow number="0.3146887405096592"/>
            <fprob>0.0</fprob>
        </actor>
        <actor name="D0N13">
            <wcet number="0">30</wcet>
            <wcet number="1">30</wcet>
            <maxpow number="0.7074618119221254"/>
            <maxpow number="0.7074618119221254"/>
            <fprob>0.0</fprob>
        </actor>
        <actor name="D0N19">
            <wcet number="0">20</wcet>
            <wcet number="1">40</wcet>
            <maxpow number="0.4891287192731275"/>
            <maxpow number="0.4891287192731275"/>
            <fprob>0.0</fprob>
        </actor>
        <actor name="D0N10">
            <wcet number="0">60</wcet>
            <wcet number="1">110</wcet>
            <maxpow number="0.18618328736809786"/>
            <maxpow number="0.18618328736809786"/>
            <fprob>0.0</fprob>
        </actor>
        <actor name="D0N21">
            <wcet number="0">10</wcet>
            <wcet number="1">20</wcet>
            <maxpow number="0.3560358185440198"/>
            <maxpow number="0.3560358185440198"/>
            <fprob>0.0</fprob>
        </actor>
        <actor name="D0N17">
            <wcet number="0">10</wcet>
            <wcet number="1">70</wcet>
            <maxpow number="0.4920093459561037"/>
            <maxpow number="0.4920093459561037"/>
            <fprob>0.0</fprob>
        </actor>
        <actor name="D0N33">
            <wcet number="0">40</wcet>
            <wcet number="1">170</wcet>
            <maxpow number="0.23288915258428838"/>
            <maxpow number="0.23288915258428838"/>
            <fprob>0.0</fprob>
        </actor>
        <actor name="D0N37">
            <wcet number="0">20</wcet>
            <wcet number="1">20</wcet>
            <maxpow number="0.39771623260488187"/>
            <maxpow number="0.39771623260488187"/>
            <fprob>0.0</fprob>
        </actor>
        <actor name="D0N43">
            <wcet number="0">90</wcet>
            <wcet number="1">100</wcet>
            <maxpow number="0.8395007918233479"/>
            <maxpow number="0.8395007918233479"/>
            <fprob>0.0</fprob>
        </actor>
        <actor name="D0N24">
            <wcet number="0">10</wcet>
            <wcet number="1">20</wcet>
            <maxpow number="0.5398429407181676"/>
            <maxpow number="0.5398429407181676"/>
            <fprob>0.0</fprob>
        </actor>
        <actor name="D0N31">
            <wcet number="0">10</wcet>
            <wcet number="1">10</wcet>
            <maxpow number="0.40485264005740995"/>
            <maxpow number="0.40485264005740995"/>
            <fprob>0.0</fprob>
        </actor>
        <actor name="D0N35">
            <wcet number="0">50</wcet>
            <wcet number="1">190</wcet>
            <maxpow number="0.30233759155715845"/>
            <maxpow number="0.30233759155715845"/>
            <fprob>0.0</fprob>
        </actor>
        <actor name="D0N20">
            <wcet number="0">40</wcet>
            <wcet number="1">90</wcet>
            <maxpow number="0.19579198364667216"/>
            <maxpow number="0.19579198364667216"/>
            <fprob>0.0</fprob>
        </actor>
        <actor name="D0N34">
            <wcet number="0">10</wcet>
            <wcet number="1">10</wcet>
            <maxpow number="0.35864181963946173"/>
            <maxpow number="0.35864181963946173"/>
            <fprob>0.0</fprob>
        </actor>
        <actor name="D0N25">
            <wcet number="0">60</wcet>
            <wcet number="1">150</wcet>
            <maxpow number="0.6361611894056884"/>
            <maxpow number="0.6361611894056884"/>
            <fprob>0.0</fprob>
        </actor>
        <actor name="D0N7">
            <wcet number="0">20</wcet>
            <wcet number="1">30</wcet>
            <maxpow number="0.5875803600107904"/>
            <maxpow number="0.5875803600107904"/>
            <fprob>0.0</fprob>
        </actor>
        <actor name="D0N9">
            <wcet number="0">10</wcet>
            <wcet number="1">50</wcet>
            <maxpow number="0.6515163093663994"/>
            <maxpow number="0.6515163093663994"/>
            <fprob>0.0</fprob>
        </actor>
        <actor name="D0N23">
            <wcet number="0">30</wcet>
            <wcet number="1">60</wcet>
            <maxpow number="0.41115884604508557"/>
            <maxpow number="0.41115884604508557"/>
            <fprob>0.0</fprob>
        </actor>
        <actor name="D0N40">
            <wcet number="0">180</wcet>
            <wcet number="1">180</wcet>
            <maxpow number="0.48654701130624245"/>
            <maxpow number="0.48654701130624245"/>
            <fprob>0.0</fprob>
        </actor>
        <actor name="D0N29">
            <wcet number="0">10</wcet>
            <wcet number="1">10</wcet>
            <maxpow number="0.4563677813169103"/>
            <maxpow number="0.4563677813169103"/>
            <fprob>0.0</fprob>
        </actor>
        <actor name="D0N36">
            <wcet number="0">10</wcet>
            <wcet number="1">30</wcet>
            <maxpow number="0.6312190819584389"/>
            <maxpow number="0.6312190819584389"/>
            <fprob>0.0</fprob>
        </actor>
        <ports>
            <port dstActor="D0N30" name="p0" srcActor="D0N5"/>
            <port dstActor="D0N6" name="p1" srcActor="D0N5"/>
            <port dstActor="D0N29" name="p2" srcActor="D0N14"/>
            <port dstActor="D0N26" name="p3" srcActor="D0N14"/>
            <port dstActor="D0N19" name="p4" srcActor="D0N14"/>
            <port dstActor="D0N13" name="p5" srcActor="D0N3"/>
            <port dstActor="D0N38" name="p6" srcActor="D0N3"/>
            <port dstActor="D0N24" name="p7" srcActor="D0N3"/>
            <port dstActor="D0N11" name="p8" srcActor="D0N0"/>
            <port dstActor="D0N26" name="p9" srcActor="D0N0"/>
            <port dstActor="D0N21" name="p10" srcActor="D0N0"/>
            <port dstActor="D0N41" name="p11" srcActor="D0N0"/>
            <port dstActor="D0N23" name="p12" srcActor="D0N0"/>
            <port dstActor="D0N6" name="p13" srcActor="D0N1"/>
            <port dstActor="D0N7" name="p14" srcActor="D0N1"/>
            <port dstActor="D0N43" name="p15" srcActor="D0N1"/>
            <port dstActor="D0N31" name="p16" srcActor="D0N1"/>
            <port dstActor="D0N29" name="p17" srcActor="D0N1"/>
            <port dstActor="D0N28" name="p18" srcActor="D0N18"/>
            <port dstActor="D0N24" name="p19" srcActor="D0N18"/>
            <port dstActor="D0N20" name="p20" srcActor="D0N18"/>
            <port dstActor="D0N16" name="p21" srcActor="D0N6"/>
            <port dstActor="D0N18" name="p22" srcActor="D0N6"/>
            <port dstActor="D0N24" name="p23" srcActor="D0N6"/>
            <port dstActor="D0N25" name="p24" srcActor="D0N6"/>
            <port dstActor="D0N35" name="p25" srcActor="D0N6"/>
            <port dstActor="D0N37" name="p26" srcActor="D0N8"/>
            <port dstActor="D0N20" name="p27" srcActor="D0N8"/>
            <port dstActor="D0N30" name="p28" srcActor="D0N8"/>
            <port dstActor="D0N23" name="p29" srcActor="D0N8"/>
            <port dstActor="D0N33" name="p30" srcActor="D0N8"/>
            <port dstActor="D0N32" name="p31" srcActor="D0N28"/>
            <port dstActor="D0N39" name="p32" srcActor="D0N28"/>
            <port dstActor="D0N35" name="p33" srcActor="D0N28"/>
            <port dstActor="D0N40" name="p34" srcActor="D0N38"/>
            <port dstActor="D0N38" name="p35" srcActor="D0N12"/>
            <port dstActor="D0N32" name="p36" srcActor="D0N12"/>
            <port dstActor="D0N16" name="p37" srcActor="D0N12"/>
            <port dstActor="D0N29" name="p38" srcActor="D0N12"/>
            <port dstActor="D0N40" name="p39" srcActor="D0N16"/>
            <port dstActor="D0N33" name="p40" srcActor="D0N30"/>
            <port dstActor="D0N42" name="p41" srcActor="D0N30"/>
            <port dstActor="D0N36" name="p42" srcActor="D0N30"/>
            <port dstActor="D0N39" name="p43" srcActor="D0N32"/>
            <port dstActor="D0N23" name="p44" srcActor="D0N11"/>
            <port dstActor="D0N27" name="p45" srcActor="D0N15"/>
            <port dstActor="D0N23" name="p46" srcActor="D0N15"/>
            <port dstActor="D0N36" name="p47" srcActor="D0N15"/>
            <port dstActor="D0N39" name="p48" srcActor="D0N15"/>
            <port dstActor="D0N16" name="p49" srcActor="D0N4"/>
            <port dstActor="D0N17" name="p50" srcActor="D0N4"/>
            <port dstActor="D0N29" name="p51" srcActor="D0N4"/>
            <port dstActor="D0N7" name="p52" srcActor="D0N4"/>
            <port dstActor="D0N40" name="p53" srcActor="D0N4"/>
            <port dstActor="D0N25" name="p54" srcActor="D0N4"/>
            <port dstActor="D0N40" name="p55" srcActor="D0N27"/>
            <port dstActor="D0N36" name="p56" srcActor="D0N13"/>
            <port dstActor="D0N43" name="p57" srcActor="D0N19"/>
            <port dstActor="D0N39" name="p58" srcActor="D0N19"/>
            <port dstActor="D0N14" name="p59" srcActor="D0N10"/>
            <port dstActor="D0N25" name="p60" srcActor="D0N10"/>
            <port dstActor="D0N32" name="p61" srcActor="D0N10"/>
            <port dstActor="D0N26" name="p62" srcActor="D0N21"/>
            <port dstActor="D0N43" name="p63" srcActor="D0N21"/>
            <port dstActor="D0N40" name="p64" srcActor="D0N21"/>
            <port dstActor="D0N21" name="p65" srcActor="D0N17"/>
            <port dstActor="D0N18" name="p66" srcActor="D0N17"/>
            <port dstActor="D0N31" name="p67" srcActor="D0N17"/>
            <port dstActor="D0N33" name="p68" srcActor="D0N17"/>
            <port dstActor="D0N41" name="p69" srcActor="D0N17"/>
            <port dstActor="D0N37" name="p70" srcActor="D0N17"/>
            <port dstActor="D0N35" name="p71" srcActor="D0N33"/>
            <port dstActor="D0N25" name="p72" srcActor="D0N24"/>
            <port dstActor="D0N42" name="p73" srcActor="D0N24"/>
            <port dstActor="D0N38" name="p74" srcActor="D0N35"/>
            <port dstActor="D0N37" name="p75" srcActor="D0N20"/>
            <port dstActor="D0N21" name="p76" srcActor="D0N20"/>
            <port dstActor="D0N38" name="p77" srcActor="D0N34"/>
            <port dstActor="D0N29" name="p78" srcActor="D0N25"/>
            <port dstActor="D0N35" name="p79" srcActor="D0N25"/>
            <port dstActor="D0N28" name="p80" srcActor="D0N25"/>
            <port dstActor="D0N38" name="p81" srcActor="D0N25"/>
            <port dstActor="D0N38" name="p82" srcActor="D0N7"/>
            <port dstActor="D0N31" name="p83" srcActor="D0N7"/>
            <port dstActor="D0N37" name="p84" srcActor="D0N7"/>
            <port dstActor="D0N25" name="p85" srcActor="D0N9"/>
            <port dstActor="D0N43" name="p86" srcActor="D0N9"/>
            <port dstActor="D0N15" name="p87" srcActor="D0N9"/>
            <port dstActor="D0N39" name="p88" srcActor="D0N23"/>
            <port dstActor="D0N41" name="p89" srcActor="D0N23"/>
            <port dstActor="D0N36" name="p90" srcActor="D0N29"/>
            <port dstActor="D0N39" name="p91" srcActor="D0N36"/>
        </ports>
    </mcdag>
    <cores number="3"/>
    <levels number="2"/>
</mcsystem>
