<?xml version="1.0" encoding="UTF-8" standalone="no"?>
<mcsystem>
    <mcdag deadline="1200" name="genned-0-ed-10.0-0">
        <actor name="D0N17">
            <wcet number="0">20</wcet>
            <wcet number="1">30</wcet>
            <maxpow number="0.5274228961800946"/>
            <maxpow number="0.5274228961800946"/>
            <fprob>0.0</fprob>
        </actor>
        <actor name="D0N39">
            <wcet number="0">60</wcet>
            <wcet number="1">100</wcet>
            <maxpow number="0.6996144169258965"/>
            <maxpow number="0.6996144169258965"/>
            <fprob>0.0</fprob>
        </actor>
        <actor name="D0N27">
            <wcet number="0">30</wcet>
            <wcet number="1">60</wcet>
            <maxpow number="0.43155101502339993"/>
            <maxpow number="0.43155101502339993"/>
            <fprob>0.0</fprob>
        </actor>
        <actor name="D0N4">
            <wcet number="0">20</wcet>
            <wcet number="1">30</wcet>
            <maxpow number="0.7380895893486394"/>
            <maxpow number="0.7380895893486394"/>
            <fprob>0.0</fprob>
        </actor>
        <actor name="D0N11">
            <wcet number="0">20</wcet>
            <wcet number="1">20</wcet>
            <maxpow number="0.44308433078013276"/>
            <maxpow number="0.44308433078013276"/>
            <fprob>0.0</fprob>
        </actor>
        <actor name="D0N36">
            <wcet number="0">30</wcet>
            <wcet number="1">30</wcet>
            <maxpow number="0.46307912920977795"/>
            <maxpow number="0.46307912920977795"/>
            <fprob>0.0</fprob>
        </actor>
        <actor name="D0N6">
            <wcet number="0">50</wcet>
            <wcet number="1">70</wcet>
            <maxpow number="0.46908230249639554"/>
            <maxpow number="0.46908230249639554"/>
            <fprob>0.0</fprob>
        </actor>
        <actor name="D0N7">
            <wcet number="0">40</wcet>
            <wcet number="1">40</wcet>
            <maxpow number="0.8020143623094609"/>
            <maxpow number="0.8020143623094609"/>
            <fprob>0.0</fprob>
        </actor>
        <actor name="D0N9">
            <wcet number="0">10</wcet>
            <wcet number="1">30</wcet>
            <maxpow number="0.9701525651015986"/>
            <maxpow number="0.9701525651015986"/>
            <fprob>0.0</fprob>
        </actor>
        <actor name="D0N45">
            <wcet number="0">20</wcet>
            <wcet number="1">310</wcet>
            <maxpow number="0.4660671730204653"/>
            <maxpow number="0.4660671730204653"/>
            <fprob>0.0</fprob>
        </actor>
        <actor name="D0N29">
            <wcet number="0">30</wcet>
            <wcet number="1">70</wcet>
            <maxpow number="0.43872188521476063"/>
            <maxpow number="0.43872188521476063"/>
            <fprob>0.0</fprob>
        </actor>
        <actor name="D0N31">
            <wcet number="0">30</wcet>
            <wcet number="1">100</wcet>
            <maxpow number="0.5281375272994419"/>
            <maxpow number="0.5281375272994419"/>
            <fprob>0.0</fprob>
        </actor>
        <actor name="D0N44">
            <wcet number="0">10</wcet>
            <wcet number="1">10</wcet>
            <maxpow number="0.3691138847291835"/>
            <maxpow number="0.3691138847291835"/>
            <fprob>0.0</fprob>
        </actor>
        <actor name="D0N26">
            <wcet number="0">30</wcet>
            <wcet number="1">30</wcet>
            <maxpow number="0.6683610500302852"/>
            <maxpow number="0.6683610500302852"/>
            <fprob>0.0</fprob>
        </actor>
        <actor name="D0N38">
            <wcet number="0">20</wcet>
            <wcet number="1">50</wcet>
            <maxpow number="0.49758638358569035"/>
            <maxpow number="0.49758638358569035"/>
            <fprob>0.0</fprob>
        </actor>
        <actor name="D0N12">
            <wcet number="0">10</wcet>
            <wcet number="1">80</wcet>
            <maxpow number="0.5953305064062218"/>
            <maxpow number="0.5953305064062218"/>
            <fprob>0.0</fprob>
        </actor>
        <actor name="D0N34">
            <wcet number="0">10</wcet>
            <wcet number="1">20</wcet>
            <maxpow number="0.44539335360426635"/>
            <maxpow number="0.44539335360426635"/>
            <fprob>0.0</fprob>
        </actor>
        <actor name="D0N20">
            <wcet number="0">10</wcet>
            <wcet number="1">20</wcet>
            <maxpow number="0.9410510044677807"/>
            <maxpow number="0.9410510044677807"/>
            <fprob>0.0</fprob>
        </actor>
        <actor name="D0N40">
            <wcet number="0">20</wcet>
            <wcet number="1">20</wcet>
            <maxpow number="0.6410545960811782"/>
            <maxpow number="0.6410545960811782"/>
            <fprob>0.0</fprob>
        </actor>
        <actor name="D0N30">
            <wcet number="0">20</wcet>
            <wcet number="1">40</wcet>
            <maxpow number="0.7408313779790987"/>
            <maxpow number="0.7408313779790987"/>
            <fprob>0.0</fprob>
        </actor>
        <actor name="D0N46">
            <wcet number="0">20</wcet>
            <wcet number="1">40</wcet>
            <maxpow number="0.16363625472153875"/>
            <maxpow number="0.16363625472153875"/>
            <fprob>0.0</fprob>
        </actor>
        <actor name="D0N19">
            <wcet number="0">30</wcet>
            <wcet number="1">80</wcet>
            <maxpow number="0.5005636619159515"/>
            <maxpow number="0.5005636619159515"/>
            <fprob>0.0</fprob>
        </actor>
        <actor name="D0N42">
            <wcet number="0">70</wcet>
            <wcet number="1">70</wcet>
            <maxpow number="0.6621167958253167"/>
            <maxpow number="0.6621167958253167"/>
            <fprob>0.0</fprob>
        </actor>
        <actor name="D0N22">
            <wcet number="0">20</wcet>
            <wcet number="1">40</wcet>
            <maxpow number="0.6329303889280058"/>
            <maxpow number="0.6329303889280058"/>
            <fprob>0.0</fprob>
        </actor>
        <actor name="D0N28">
            <wcet number="0">110</wcet>
            <wcet number="1">120</wcet>
            <maxpow number="0.33950852915413277"/>
            <maxpow number="0.33950852915413277"/>
            <fprob>0.0</fprob>
        </actor>
        <actor name="D0N15">
            <wcet number="0">10</wcet>
            <wcet number="1">30</wcet>
            <maxpow number="0.23996254441016712"/>
            <maxpow number="0.23996254441016712"/>
            <fprob>0.0</fprob>
        </actor>
        <actor name="D0N2">
            <wcet number="0">30</wcet>
            <wcet number="1">90</wcet>
            <maxpow number="0.6936290898775427"/>
            <maxpow number="0.6936290898775427"/>
            <fprob>0.0</fprob>
        </actor>
        <actor name="D0N24">
            <wcet number="0">40</wcet>
            <wcet number="1">40</wcet>
            <maxpow number="0.688769230810186"/>
            <maxpow number="0.688769230810186"/>
            <fprob>0.0</fprob>
        </actor>
        <actor name="D0N18">
            <wcet number="0">80</wcet>
            <wcet number="1">220</wcet>
            <maxpow number="0.6251131681407793"/>
            <maxpow number="0.6251131681407793"/>
            <fprob>0.0</fprob>
        </actor>
        <actor name="D0N16">
            <wcet number="0">10</wcet>
            <wcet number="1">10</wcet>
            <maxpow number="0.6808781735384188"/>
            <maxpow number="0.6808781735384188"/>
            <fprob>0.0</fprob>
        </actor>
        <actor name="D0N35">
            <wcet number="0">20</wcet>
            <wcet number="1">20</wcet>
            <maxpow number="0.4755666306178928"/>
            <maxpow number="0.4755666306178928"/>
            <fprob>0.0</fprob>
        </actor>
        <actor name="D0N37">
            <wcet number="0">40</wcet>
            <wcet number="1">110</wcet>
            <maxpow number="0.5642604035035603"/>
            <maxpow number="0.5642604035035603"/>
            <fprob>0.0</fprob>
        </actor>
        <actor name="D0N23">
            <wcet number="0">30</wcet>
            <wcet number="1">100</wcet>
            <maxpow number="0.47190470226312675"/>
            <maxpow number="0.47190470226312675"/>
            <fprob>0.0</fprob>
        </actor>
        <actor name="D0N41">
            <wcet number="0">10</wcet>
            <wcet number="1">40</wcet>
            <maxpow number="0.21238851813993953"/>
            <maxpow number="0.21238851813993953"/>
            <fprob>0.0</fprob>
        </actor>
        <actor name="D0N21">
            <wcet number="0">10</wcet>
            <wcet number="1">30</wcet>
            <maxpow number="0.6030446799539354"/>
            <maxpow number="0.6030446799539354"/>
            <fprob>0.0</fprob>
        </actor>
        <actor name="D0N3">
            <wcet number="0">110</wcet>
            <wcet number="1">190</wcet>
            <maxpow number="0.3068337228217511"/>
            <maxpow number="0.3068337228217511"/>
            <fprob>0.0</fprob>
        </actor>
        <actor name="D0N43">
            <wcet number="0">20</wcet>
            <wcet number="1">20</wcet>
            <maxpow number="0.5086523634181693"/>
            <maxpow number="0.5086523634181693"/>
            <fprob>0.0</fprob>
        </actor>
        <actor name="D0N13">
            <wcet number="0">140</wcet>
            <wcet number="1">180</wcet>
            <maxpow number="0.5021211510438853"/>
            <maxpow number="0.5021211510438853"/>
            <fprob>0.0</fprob>
        </actor>
        <actor name="D0N5">
            <wcet number="0">260</wcet>
            <wcet number="1">260</wcet>
            <maxpow number="0.5696110648888519"/>
            <maxpow number="0.5696110648888519"/>
            <fprob>0.0</fprob>
        </actor>
        <actor name="D0N0">
            <wcet number="0">30</wcet>
            <wcet number="1">30</wcet>
            <maxpow number="0.35064555883010307"/>
            <maxpow number="0.35064555883010307"/>
            <fprob>0.0</fprob>
        </actor>
        <actor name="D0N10">
            <wcet number="0">10</wcet>
            <wcet number="1">40</wcet>
            <maxpow number="0.5256863839832485"/>
            <maxpow number="0.5256863839832485"/>
            <fprob>0.0</fprob>
        </actor>
        <actor name="D0N32">
            <wcet number="0">40</wcet>
            <wcet number="1">110</wcet>
            <maxpow number="0.5726883772677895"/>
            <maxpow number="0.5726883772677895"/>
            <fprob>0.0</fprob>
        </actor>
        <actor name="D0N33">
            <wcet number="0">10</wcet>
            <wcet number="1">10</wcet>
            <maxpow number="0.6714149937443751"/>
            <maxpow number="0.6714149937443751"/>
            <fprob>0.0</fprob>
        </actor>
        <actor name="D0N25">
            <wcet number="0">50</wcet>
            <wcet number="1">70</wcet>
            <maxpow number="0.8150113719803542"/>
            <maxpow number="0.8150113719803542"/>
            <fprob>0.0</fprob>
        </actor>
        <actor name="D0N14">
            <wcet number="0">40</wcet>
            <wcet number="1">60</wcet>
            <maxpow number="0.4963015365579392"/>
            <maxpow number="0.4963015365579392"/>
            <fprob>0.0</fprob>
        </actor>
        <actor name="D0N1">
            <wcet number="0">50</wcet>
            <wcet number="1">50</wcet>
            <maxpow number="0.7622671173024375"/>
            <maxpow number="0.7622671173024375"/>
            <fprob>0.0</fprob>
        </actor>
        <actor name="D0N8">
            <wcet number="0">20</wcet>
            <wcet number="1">20</wcet>
            <maxpow number="0.40350478973158166"/>
            <maxpow number="0.40350478973158166"/>
            <fprob>0.0</fprob>
        </actor>
        <ports>
            <port dstActor="D0N32" name="p0" srcActor="D0N17"/>
            <port dstActor="D0N41" name="p1" srcActor="D0N17"/>
            <port dstActor="D0N45" name="p2" srcActor="D0N39"/>
            <port dstActor="D0N42" name="p3" srcActor="D0N39"/>
            <port dstActor="D0N46" name="p4" srcActor="D0N39"/>
            <port dstActor="D0N45" name="p5" srcActor="D0N27"/>
            <port dstActor="D0N15" name="p6" srcActor="D0N4"/>
            <port dstActor="D0N20" name="p7" srcActor="D0N4"/>
            <port dstActor="D0N22" name="p8" srcActor="D0N4"/>
            <port dstActor="D0N21" name="p9" srcActor="D0N4"/>
            <port dstActor="D0N9" name="p10" srcActor="D0N4"/>
            <port dstActor="D0N28" name="p11" srcActor="D0N4"/>
            <port dstActor="D0N31" name="p12" srcActor="D0N4"/>
            <port dstActor="D0N7" name="p13" srcActor="D0N4"/>
            <port dstActor="D0N29" name="p14" srcActor="D0N11"/>
            <port dstActor="D0N14" name="p15" srcActor="D0N11"/>
            <port dstActor="D0N33" name="p16" srcActor="D0N11"/>
            <port dstActor="D0N17" name="p17" srcActor="D0N6"/>
            <port dstActor="D0N33" name="p18" srcActor="D0N6"/>
            <port dstActor="D0N25" name="p19" srcActor="D0N6"/>
            <port dstActor="D0N40" name="p20" srcActor="D0N7"/>
            <port dstActor="D0N46" name="p21" srcActor="D0N7"/>
            <port dstActor="D0N8" name="p22" srcActor="D0N7"/>
            <port dstActor="D0N23" name="p23" srcActor="D0N9"/>
            <port dstActor="D0N16" name="p24" srcActor="D0N9"/>
            <port dstActor="D0N43" name="p25" srcActor="D0N9"/>
            <port dstActor="D0N46" name="p26" srcActor="D0N9"/>
            <port dstActor="D0N36" name="p27" srcActor="D0N29"/>
            <port dstActor="D0N39" name="p28" srcActor="D0N29"/>
            <port dstActor="D0N46" name="p29" srcActor="D0N31"/>
            <port dstActor="D0N38" name="p30" srcActor="D0N31"/>
            <port dstActor="D0N41" name="p31" srcActor="D0N31"/>
            <port dstActor="D0N42" name="p32" srcActor="D0N31"/>
            <port dstActor="D0N46" name="p33" srcActor="D0N44"/>
            <port dstActor="D0N35" name="p34" srcActor="D0N26"/>
            <port dstActor="D0N42" name="p35" srcActor="D0N38"/>
            <port dstActor="D0N35" name="p36" srcActor="D0N12"/>
            <port dstActor="D0N43" name="p37" srcActor="D0N12"/>
            <port dstActor="D0N38" name="p38" srcActor="D0N12"/>
            <port dstActor="D0N28" name="p39" srcActor="D0N12"/>
            <port dstActor="D0N38" name="p40" srcActor="D0N34"/>
            <port dstActor="D0N35" name="p41" srcActor="D0N34"/>
            <port dstActor="D0N30" name="p42" srcActor="D0N20"/>
            <port dstActor="D0N40" name="p43" srcActor="D0N30"/>
            <port dstActor="D0N44" name="p44" srcActor="D0N30"/>
            <port dstActor="D0N37" name="p45" srcActor="D0N19"/>
            <port dstActor="D0N38" name="p46" srcActor="D0N19"/>
            <port dstActor="D0N44" name="p47" srcActor="D0N42"/>
            <port dstActor="D0N46" name="p48" srcActor="D0N22"/>
            <port dstActor="D0N34" name="p49" srcActor="D0N22"/>
            <port dstActor="D0N45" name="p50" srcActor="D0N22"/>
            <port dstActor="D0N32" name="p51" srcActor="D0N28"/>
            <port dstActor="D0N34" name="p52" srcActor="D0N28"/>
            <port dstActor="D0N34" name="p53" srcActor="D0N15"/>
            <port dstActor="D0N21" name="p54" srcActor="D0N15"/>
            <port dstActor="D0N13" name="p55" srcActor="D0N2"/>
            <port dstActor="D0N8" name="p56" srcActor="D0N2"/>
            <port dstActor="D0N32" name="p57" srcActor="D0N2"/>
            <port dstActor="D0N27" name="p58" srcActor="D0N2"/>
            <port dstActor="D0N4" name="p59" srcActor="D0N2"/>
            <port dstActor="D0N3" name="p60" srcActor="D0N2"/>
            <port dstActor="D0N33" name="p61" srcActor="D0N18"/>
            <port dstActor="D0N30" name="p62" srcActor="D0N16"/>
            <port dstActor="D0N32" name="p63" srcActor="D0N16"/>
            <port dstActor="D0N33" name="p64" srcActor="D0N16"/>
            <port dstActor="D0N17" name="p65" srcActor="D0N16"/>
            <port dstActor="D0N45" name="p66" srcActor="D0N35"/>
            <port dstActor="D0N44" name="p67" srcActor="D0N23"/>
            <port dstActor="D0N46" name="p68" srcActor="D0N23"/>
            <port dstActor="D0N38" name="p69" srcActor="D0N23"/>
            <port dstActor="D0N43" name="p70" srcActor="D0N41"/>
            <port dstActor="D0N23" name="p71" srcActor="D0N21"/>
            <port dstActor="D0N45" name="p72" srcActor="D0N21"/>
            <port dstActor="D0N46" name="p73" srcActor="D0N21"/>
            <port dstActor="D0N24" name="p74" srcActor="D0N21"/>
            <port dstActor="D0N9" name="p75" srcActor="D0N3"/>
            <port dstActor="D0N33" name="p76" srcActor="D0N3"/>
            <port dstActor="D0N26" name="p77" srcActor="D0N3"/>
            <port dstActor="D0N37" name="p78" srcActor="D0N3"/>
            <port dstActor="D0N15" name="p79" srcActor="D0N3"/>
            <port dstActor="D0N45" name="p80" srcActor="D0N43"/>
            <port dstActor="D0N44" name="p81" srcActor="D0N43"/>
            <port dstActor="D0N44" name="p82" srcActor="D0N13"/>
            <port dstActor="D0N37" name="p83" srcActor="D0N13"/>
            <port dstActor="D0N34" name="p84" srcActor="D0N5"/>
            <port dstActor="D0N20" name="p85" srcActor="D0N5"/>
            <port dstActor="D0N24" name="p86" srcActor="D0N5"/>
            <port dstActor="D0N14" name="p87" srcActor="D0N5"/>
            <port dstActor="D0N29" name="p88" srcActor="D0N5"/>
            <port dstActor="D0N11" name="p89" srcActor="D0N5"/>
            <port dstActor="D0N38" name="p90" srcActor="D0N0"/>
            <port dstActor="D0N1" name="p91" srcActor="D0N0"/>
            <port dstActor="D0N9" name="p92" srcActor="D0N0"/>
            <port dstActor="D0N2" name="p93" srcActor="D0N0"/>
            <port dstActor="D0N6" name="p94" srcActor="D0N0"/>
            <port dstActor="D0N37" name="p95" srcActor="D0N0"/>
            <port dstActor="D0N14" name="p96" srcActor="D0N0"/>
            <port dstActor="D0N44" name="p97" srcActor="D0N10"/>
            <port dstActor="D0N14" name="p98" srcActor="D0N10"/>
            <port dstActor="D0N17" name="p99" srcActor="D0N10"/>
            <port dstActor="D0N30" name="p100" srcActor="D0N10"/>
            <port dstActor="D0N15" name="p101" srcActor="D0N10"/>
            <port dstActor="D0N41" name="p102" srcActor="D0N32"/>
            <port dstActor="D0N39" name="p103" srcActor="D0N32"/>
            <port dstActor="D0N36" name="p104" srcActor="D0N32"/>
            <port dstActor="D0N37" name="p105" srcActor="D0N33"/>
            <port dstActor="D0N35" name="p106" srcActor="D0N25"/>
            <port dstActor="D0N34" name="p107" srcActor="D0N25"/>
            <port dstActor="D0N31" name="p108" srcActor="D0N25"/>
            <port dstActor="D0N44" name="p109" srcActor="D0N14"/>
            <port dstActor="D0N18" name="p110" srcActor="D0N14"/>
            <port dstActor="D0N22" name="p111" srcActor="D0N14"/>
            <port dstActor="D0N7" name="p112" srcActor="D0N1"/>
            <port dstActor="D0N13" name="p113" srcActor="D0N1"/>
            <port dstActor="D0N34" name="p114" srcActor="D0N1"/>
            <port dstActor="D0N23" name="p115" srcActor="D0N1"/>
            <port dstActor="D0N33" name="p116" srcActor="D0N1"/>
            <port dstActor="D0N18" name="p117" srcActor="D0N1"/>
            <port dstActor="D0N21" name="p118" srcActor="D0N8"/>
            <port dstActor="D0N40" name="p119" srcActor="D0N8"/>
            <port dstActor="D0N35" name="p120" srcActor="D0N8"/>
            <port dstActor="D0N10" name="p121" srcActor="D0N8"/>
            <port dstActor="D0N22" name="p122" srcActor="D0N8"/>
            <port dstActor="D0N25" name="p123" srcActor="D0N8"/>
            <port dstActor="D0N9" name="p124" srcActor="D0N8"/>
            <port dstActor="D0N17" name="p125" srcActor="D0N8"/>
        </ports>
    </mcdag>
    <cores number="3"/>
    <levels number="2"/>
</mcsystem>
