<?xml version="1.0" encoding="UTF-8" standalone="no"?>
<mcsystem>
    <mcdag deadline="1000" name="genned-0-ed-10.0-0">
        <actor name="D0N9">
            <wcet number="0">10</wcet>
            <wcet number="1">20</wcet>
            <maxpow number="0.16999722858533783"/>
            <maxpow number="0.16999722858533783"/>
            <fprob>0.0</fprob>
        </actor>
        <actor name="D0N3">
            <wcet number="0">10</wcet>
            <wcet number="1">10</wcet>
            <maxpow number="0.3633959297311805"/>
            <maxpow number="0.3633959297311805"/>
            <fprob>0.0</fprob>
        </actor>
        <actor name="D0N38">
            <wcet number="0">10</wcet>
            <wcet number="1">10</wcet>
            <maxpow number="0.6911188593437413"/>
            <maxpow number="0.6911188593437413"/>
            <fprob>0.0</fprob>
        </actor>
        <actor name="D0N1">
            <wcet number="0">10</wcet>
            <wcet number="1">40</wcet>
            <maxpow number="0.7469676936855043"/>
            <maxpow number="0.7469676936855043"/>
            <fprob>0.0</fprob>
        </actor>
        <actor name="D0N35">
            <wcet number="0">10</wcet>
            <wcet number="1">30</wcet>
            <maxpow number="0.2899625371782216"/>
            <maxpow number="0.2899625371782216"/>
            <fprob>0.0</fprob>
        </actor>
        <actor name="D0N34">
            <wcet number="0">10</wcet>
            <wcet number="1">70</wcet>
            <maxpow number="0.04097146208129565"/>
            <maxpow number="0.04097146208129565"/>
            <fprob>0.0</fprob>
        </actor>
        <actor name="D0N42">
            <wcet number="0">10</wcet>
            <wcet number="1">10</wcet>
            <maxpow number="0.40946152486745835"/>
            <maxpow number="0.40946152486745835"/>
            <fprob>0.0</fprob>
        </actor>
        <actor name="D0N21">
            <wcet number="0">10</wcet>
            <wcet number="1">10</wcet>
            <maxpow number="0.4384074829828827"/>
            <maxpow number="0.4384074829828827"/>
            <fprob>0.0</fprob>
        </actor>
        <actor name="D0N43">
            <wcet number="0">10</wcet>
            <wcet number="1">20</wcet>
            <maxpow number="0.41706036863379603"/>
            <maxpow number="0.41706036863379603"/>
            <fprob>0.0</fprob>
        </actor>
        <actor name="D0N22">
            <wcet number="0">10</wcet>
            <wcet number="1">10</wcet>
            <maxpow number="0.5666067877474841"/>
            <maxpow number="0.5666067877474841"/>
            <fprob>0.0</fprob>
        </actor>
        <actor name="D0N29">
            <wcet number="0">40</wcet>
            <wcet number="1">50</wcet>
            <maxpow number="0.4752508904057929"/>
            <maxpow number="0.4752508904057929"/>
            <fprob>0.0</fprob>
        </actor>
        <actor name="D0N24">
            <wcet number="0">10</wcet>
            <wcet number="1">10</wcet>
            <maxpow number="0.4757140512955911"/>
            <maxpow number="0.4757140512955911"/>
            <fprob>0.0</fprob>
        </actor>
        <actor name="D0N26">
            <wcet number="0">10</wcet>
            <wcet number="1">10</wcet>
            <maxpow number="0.571213055389296"/>
            <maxpow number="0.571213055389296"/>
            <fprob>0.0</fprob>
        </actor>
        <actor name="D0N15">
            <wcet number="0">30</wcet>
            <wcet number="1">130</wcet>
            <maxpow number="0.243493023850675"/>
            <maxpow number="0.243493023850675"/>
            <fprob>0.0</fprob>
        </actor>
        <actor name="D0N33">
            <wcet number="0">40</wcet>
            <wcet number="1">50</wcet>
            <maxpow number="0.8104572762959246"/>
            <maxpow number="0.8104572762959246"/>
            <fprob>0.0</fprob>
        </actor>
        <actor name="D0N19">
            <wcet number="0">10</wcet>
            <wcet number="1">70</wcet>
            <maxpow number="0.4390503908938592"/>
            <maxpow number="0.4390503908938592"/>
            <fprob>0.0</fprob>
        </actor>
        <actor name="D0N23">
            <wcet number="0">120</wcet>
            <wcet number="1">120</wcet>
            <maxpow number="0.4353055629409079"/>
            <maxpow number="0.4353055629409079"/>
            <fprob>0.0</fprob>
        </actor>
        <actor name="D0N10">
            <wcet number="0">30</wcet>
            <wcet number="1">30</wcet>
            <maxpow number="0.6339307243898004"/>
            <maxpow number="0.6339307243898004"/>
            <fprob>0.0</fprob>
        </actor>
        <actor name="D0N6">
            <wcet number="0">20</wcet>
            <wcet number="1">80</wcet>
            <maxpow number="0.5383337847221776"/>
            <maxpow number="0.5383337847221776"/>
            <fprob>0.0</fprob>
        </actor>
        <actor name="D0N16">
            <wcet number="0">20</wcet>
            <wcet number="1">20</wcet>
            <maxpow number="0.8112811597827203"/>
            <maxpow number="0.8112811597827203"/>
            <fprob>0.0</fprob>
        </actor>
        <actor name="D0N40">
            <wcet number="0">40</wcet>
            <wcet number="1">40</wcet>
            <maxpow number="0.787559150964462"/>
            <maxpow number="0.787559150964462"/>
            <fprob>0.0</fprob>
        </actor>
        <actor name="D0N12">
            <wcet number="0">30</wcet>
            <wcet number="1">30</wcet>
            <maxpow number="0.7657467989908838"/>
            <maxpow number="0.7657467989908838"/>
            <fprob>0.0</fprob>
        </actor>
        <actor name="D0N31">
            <wcet number="0">10</wcet>
            <wcet number="1">20</wcet>
            <maxpow number="0.38835616332193834"/>
            <maxpow number="0.38835616332193834"/>
            <fprob>0.0</fprob>
        </actor>
        <actor name="D0N36">
            <wcet number="0">20</wcet>
            <wcet number="1">120</wcet>
            <maxpow number="0.5192724478380513"/>
            <maxpow number="0.5192724478380513"/>
            <fprob>0.0</fprob>
        </actor>
        <actor name="D0N7">
            <wcet number="0">30</wcet>
            <wcet number="1">30</wcet>
            <maxpow number="0.5242691557407344"/>
            <maxpow number="0.5242691557407344"/>
            <fprob>0.0</fprob>
        </actor>
        <actor name="D0N8">
            <wcet number="0">60</wcet>
            <wcet number="1">80</wcet>
            <maxpow number="0.3231887279452637"/>
            <maxpow number="0.3231887279452637"/>
            <fprob>0.0</fprob>
        </actor>
        <actor name="D0N32">
            <wcet number="0">10</wcet>
            <wcet number="1">30</wcet>
            <maxpow number="0.355059618130438"/>
            <maxpow number="0.355059618130438"/>
            <fprob>0.0</fprob>
        </actor>
        <actor name="D0N41">
            <wcet number="0">10</wcet>
            <wcet number="1">10</wcet>
            <maxpow number="0.33658450865752476"/>
            <maxpow number="0.33658450865752476"/>
            <fprob>0.0</fprob>
        </actor>
        <actor name="D0N27">
            <wcet number="0">10</wcet>
            <wcet number="1">10</wcet>
            <maxpow number="1.1430783637728188"/>
            <maxpow number="1.1430783637728188"/>
            <fprob>0.0</fprob>
        </actor>
        <actor name="D0N18">
            <wcet number="0">10</wcet>
            <wcet number="1">90</wcet>
            <maxpow number="0.09317085866686681"/>
            <maxpow number="0.09317085866686681"/>
            <fprob>0.0</fprob>
        </actor>
        <actor name="D0N4">
            <wcet number="0">10</wcet>
            <wcet number="1">20</wcet>
            <maxpow number="0.6345801775930675"/>
            <maxpow number="0.6345801775930675"/>
            <fprob>0.0</fprob>
        </actor>
        <actor name="D0N39">
            <wcet number="0">30</wcet>
            <wcet number="1">130</wcet>
            <maxpow number="0.2767593959499487"/>
            <maxpow number="0.2767593959499487"/>
            <fprob>0.0</fprob>
        </actor>
        <actor name="D0N44">
            <wcet number="0">50</wcet>
            <wcet number="1">110</wcet>
            <maxpow number="0.9149853445328009"/>
            <maxpow number="0.9149853445328009"/>
            <fprob>0.0</fprob>
        </actor>
        <actor name="D0N28">
            <wcet number="0">120</wcet>
            <wcet number="1">140</wcet>
            <maxpow number="0.3866603337438942"/>
            <maxpow number="0.3866603337438942"/>
            <fprob>0.0</fprob>
        </actor>
        <actor name="D0N30">
            <wcet number="0">70</wcet>
            <wcet number="1">70</wcet>
            <maxpow number="0.46181229428631976"/>
            <maxpow number="0.46181229428631976"/>
            <fprob>0.0</fprob>
        </actor>
        <actor name="D0N5">
            <wcet number="0">10</wcet>
            <wcet number="1">30</wcet>
            <maxpow number="0.5781026363524855"/>
            <maxpow number="0.5781026363524855"/>
            <fprob>0.0</fprob>
        </actor>
        <actor name="D0N37">
            <wcet number="0">70</wcet>
            <wcet number="1">70</wcet>
            <maxpow number="0.46970313876502623"/>
            <maxpow number="0.46970313876502623"/>
            <fprob>0.0</fprob>
        </actor>
        <actor name="D0N14">
            <wcet number="0">50</wcet>
            <wcet number="1">60</wcet>
            <maxpow number="0.5784992691395315"/>
            <maxpow number="0.5784992691395315"/>
            <fprob>0.0</fprob>
        </actor>
        <actor name="D0N2">
            <wcet number="0">10</wcet>
            <wcet number="1">10</wcet>
            <maxpow number="0.2863326015365143"/>
            <maxpow number="0.2863326015365143"/>
            <fprob>0.0</fprob>
        </actor>
        <actor name="D0N17">
            <wcet number="0">10</wcet>
            <wcet number="1">20</wcet>
            <maxpow number="0.6293508922653406"/>
            <maxpow number="0.6293508922653406"/>
            <fprob>0.0</fprob>
        </actor>
        <actor name="D0N20">
            <wcet number="0">10</wcet>
            <wcet number="1">10</wcet>
            <maxpow number="0.4687272825015195"/>
            <maxpow number="0.4687272825015195"/>
            <fprob>0.0</fprob>
        </actor>
        <actor name="D0N25">
            <wcet number="0">10</wcet>
            <wcet number="1">10</wcet>
            <maxpow number="0.3804323247557418"/>
            <maxpow number="0.3804323247557418"/>
            <fprob>0.0</fprob>
        </actor>
        <actor name="D0N11">
            <wcet number="0">10</wcet>
            <wcet number="1">10</wcet>
            <maxpow number="0.21646159880218147"/>
            <maxpow number="0.21646159880218147"/>
            <fprob>0.0</fprob>
        </actor>
        <actor name="D0N0">
            <wcet number="0">70</wcet>
            <wcet number="1">70</wcet>
            <maxpow number="0.4654075966589439"/>
            <maxpow number="0.4654075966589439"/>
            <fprob>0.0</fprob>
        </actor>
        <actor name="D0N13">
            <wcet number="0">70</wcet>
            <wcet number="1">80</wcet>
            <maxpow number="0.6974536229160615"/>
            <maxpow number="0.6974536229160615"/>
            <fprob>0.0</fprob>
        </actor>
        <ports>
            <port dstActor="D0N44" name="p0" srcActor="D0N9"/>
            <port dstActor="D0N13" name="p1" srcActor="D0N9"/>
            <port dstActor="D0N40" name="p2" srcActor="D0N9"/>
            <port dstActor="D0N42" name="p3" srcActor="D0N3"/>
            <port dstActor="D0N24" name="p4" srcActor="D0N3"/>
            <port dstActor="D0N5" name="p5" srcActor="D0N3"/>
            <port dstActor="D0N41" name="p6" srcActor="D0N38"/>
            <port dstActor="D0N27" name="p7" srcActor="D0N1"/>
            <port dstActor="D0N41" name="p8" srcActor="D0N35"/>
            <port dstActor="D0N39" name="p9" srcActor="D0N34"/>
            <port dstActor="D0N38" name="p10" srcActor="D0N34"/>
            <port dstActor="D0N43" name="p11" srcActor="D0N34"/>
            <port dstActor="D0N41" name="p12" srcActor="D0N29"/>
            <port dstActor="D0N31" name="p13" srcActor="D0N24"/>
            <port dstActor="D0N35" name="p14" srcActor="D0N24"/>
            <port dstActor="D0N40" name="p15" srcActor="D0N24"/>
            <port dstActor="D0N27" name="p16" srcActor="D0N26"/>
            <port dstActor="D0N39" name="p17" srcActor="D0N26"/>
            <port dstActor="D0N28" name="p18" srcActor="D0N26"/>
            <port dstActor="D0N29" name="p19" srcActor="D0N26"/>
            <port dstActor="D0N37" name="p20" srcActor="D0N15"/>
            <port dstActor="D0N42" name="p21" srcActor="D0N33"/>
            <port dstActor="D0N23" name="p22" srcActor="D0N19"/>
            <port dstActor="D0N28" name="p23" srcActor="D0N19"/>
            <port dstActor="D0N43" name="p24" srcActor="D0N23"/>
            <port dstActor="D0N24" name="p25" srcActor="D0N23"/>
            <port dstActor="D0N34" name="p26" srcActor="D0N23"/>
            <port dstActor="D0N35" name="p27" srcActor="D0N23"/>
            <port dstActor="D0N31" name="p28" srcActor="D0N23"/>
            <port dstActor="D0N42" name="p29" srcActor="D0N10"/>
            <port dstActor="D0N25" name="p30" srcActor="D0N10"/>
            <port dstActor="D0N40" name="p31" srcActor="D0N10"/>
            <port dstActor="D0N15" name="p32" srcActor="D0N10"/>
            <port dstActor="D0N11" name="p33" srcActor="D0N6"/>
            <port dstActor="D0N22" name="p34" srcActor="D0N6"/>
            <port dstActor="D0N13" name="p35" srcActor="D0N6"/>
            <port dstActor="D0N37" name="p36" srcActor="D0N16"/>
            <port dstActor="D0N20" name="p37" srcActor="D0N16"/>
            <port dstActor="D0N25" name="p38" srcActor="D0N16"/>
            <port dstActor="D0N27" name="p39" srcActor="D0N16"/>
            <port dstActor="D0N44" name="p40" srcActor="D0N40"/>
            <port dstActor="D0N41" name="p41" srcActor="D0N12"/>
            <port dstActor="D0N33" name="p42" srcActor="D0N12"/>
            <port dstActor="D0N42" name="p43" srcActor="D0N12"/>
            <port dstActor="D0N13" name="p44" srcActor="D0N12"/>
            <port dstActor="D0N33" name="p45" srcActor="D0N31"/>
            <port dstActor="D0N32" name="p46" srcActor="D0N7"/>
            <port dstActor="D0N10" name="p47" srcActor="D0N7"/>
            <port dstActor="D0N13" name="p48" srcActor="D0N7"/>
            <port dstActor="D0N15" name="p49" srcActor="D0N7"/>
            <port dstActor="D0N35" name="p50" srcActor="D0N7"/>
            <port dstActor="D0N22" name="p51" srcActor="D0N7"/>
            <port dstActor="D0N17" name="p52" srcActor="D0N7"/>
            <port dstActor="D0N24" name="p53" srcActor="D0N8"/>
            <port dstActor="D0N41" name="p54" srcActor="D0N8"/>
            <port dstActor="D0N42" name="p55" srcActor="D0N8"/>
            <port dstActor="D0N28" name="p56" srcActor="D0N8"/>
            <port dstActor="D0N25" name="p57" srcActor="D0N8"/>
            <port dstActor="D0N40" name="p58" srcActor="D0N32"/>
            <port dstActor="D0N38" name="p59" srcActor="D0N32"/>
            <port dstActor="D0N42" name="p60" srcActor="D0N41"/>
            <port dstActor="D0N44" name="p61" srcActor="D0N27"/>
            <port dstActor="D0N28" name="p62" srcActor="D0N27"/>
            <port dstActor="D0N38" name="p63" srcActor="D0N27"/>
            <port dstActor="D0N36" name="p64" srcActor="D0N18"/>
            <port dstActor="D0N22" name="p65" srcActor="D0N18"/>
            <port dstActor="D0N37" name="p66" srcActor="D0N18"/>
            <port dstActor="D0N25" name="p67" srcActor="D0N4"/>
            <port dstActor="D0N6" name="p68" srcActor="D0N4"/>
            <port dstActor="D0N30" name="p69" srcActor="D0N4"/>
            <port dstActor="D0N12" name="p70" srcActor="D0N4"/>
            <port dstActor="D0N22" name="p71" srcActor="D0N4"/>
            <port dstActor="D0N31" name="p72" srcActor="D0N4"/>
            <port dstActor="D0N30" name="p73" srcActor="D0N28"/>
            <port dstActor="D0N32" name="p74" srcActor="D0N28"/>
            <port dstActor="D0N36" name="p75" srcActor="D0N30"/>
            <port dstActor="D0N44" name="p76" srcActor="D0N5"/>
            <port dstActor="D0N34" name="p77" srcActor="D0N5"/>
            <port dstActor="D0N25" name="p78" srcActor="D0N5"/>
            <port dstActor="D0N8" name="p79" srcActor="D0N5"/>
            <port dstActor="D0N14" name="p80" srcActor="D0N5"/>
            <port dstActor="D0N24" name="p81" srcActor="D0N14"/>
            <port dstActor="D0N31" name="p82" srcActor="D0N2"/>
            <port dstActor="D0N35" name="p83" srcActor="D0N2"/>
            <port dstActor="D0N6" name="p84" srcActor="D0N2"/>
            <port dstActor="D0N32" name="p85" srcActor="D0N2"/>
            <port dstActor="D0N25" name="p86" srcActor="D0N17"/>
            <port dstActor="D0N38" name="p87" srcActor="D0N17"/>
            <port dstActor="D0N33" name="p88" srcActor="D0N20"/>
            <port dstActor="D0N37" name="p89" srcActor="D0N11"/>
            <port dstActor="D0N27" name="p90" srcActor="D0N11"/>
            <port dstActor="D0N22" name="p91" srcActor="D0N11"/>
            <port dstActor="D0N4" name="p92" srcActor="D0N0"/>
            <port dstActor="D0N29" name="p93" srcActor="D0N0"/>
            <port dstActor="D0N33" name="p94" srcActor="D0N13"/>
            <port dstActor="D0N27" name="p95" srcActor="D0N13"/>
        </ports>
    </mcdag>
    <cores number="3"/>
    <levels number="2"/>
</mcsystem>
