<?xml version="1.0" encoding="UTF-8" standalone="no"?>
<mcsystem>
    <mcdag deadline="1200" name="genned-0-ed-10.0-0">
        <actor name="D0N38">
            <wcet number="0">10</wcet>
            <wcet number="1">10</wcet>
            <maxpow number="0.86998409981658"/>
            <maxpow number="0.86998409981658"/>
            <fprob>0.0</fprob>
        </actor>
        <actor name="D0N13">
            <wcet number="0">10</wcet>
            <wcet number="1">20</wcet>
            <maxpow number="0.563042807924329"/>
            <maxpow number="0.563042807924329"/>
            <fprob>0.0</fprob>
        </actor>
        <actor name="D0N10">
            <wcet number="0">10</wcet>
            <wcet number="1">10</wcet>
            <maxpow number="0.5686573049225521"/>
            <maxpow number="0.5686573049225521"/>
            <fprob>0.0</fprob>
        </actor>
        <actor name="D0N33">
            <wcet number="0">60</wcet>
            <wcet number="1">100</wcet>
            <maxpow number="0.4726430317074991"/>
            <maxpow number="0.4726430317074991"/>
            <fprob>0.0</fprob>
        </actor>
        <actor name="D0N47">
            <wcet number="0">200</wcet>
            <wcet number="1">220</wcet>
            <maxpow number="0.5677043554949985"/>
            <maxpow number="0.5677043554949985"/>
            <fprob>0.0</fprob>
        </actor>
        <actor name="D0N27">
            <wcet number="0">10</wcet>
            <wcet number="1">10</wcet>
            <maxpow number="0.3369692077951061"/>
            <maxpow number="0.3369692077951061"/>
            <fprob>0.0</fprob>
        </actor>
        <actor name="D0N41">
            <wcet number="0">10</wcet>
            <wcet number="1">10</wcet>
            <maxpow number="0.623295556557087"/>
            <maxpow number="0.623295556557087"/>
            <fprob>0.0</fprob>
        </actor>
        <actor name="D0N23">
            <wcet number="0">10</wcet>
            <wcet number="1">10</wcet>
            <maxpow number="0.3918086180212184"/>
            <maxpow number="0.3918086180212184"/>
            <fprob>0.0</fprob>
        </actor>
        <actor name="D0N24">
            <wcet number="0">10</wcet>
            <wcet number="1">20</wcet>
            <maxpow number="0.7160255099781214"/>
            <maxpow number="0.7160255099781214"/>
            <fprob>0.0</fprob>
        </actor>
        <actor name="D0N16">
            <wcet number="0">10</wcet>
            <wcet number="1">10</wcet>
            <maxpow number="0.544655088683944"/>
            <maxpow number="0.544655088683944"/>
            <fprob>0.0</fprob>
        </actor>
        <actor name="D0N8">
            <wcet number="0">100</wcet>
            <wcet number="1">100</wcet>
            <maxpow number="0.6534125672314417"/>
            <maxpow number="0.6534125672314417"/>
            <fprob>0.0</fprob>
        </actor>
        <actor name="D0N39">
            <wcet number="0">10</wcet>
            <wcet number="1">20</wcet>
            <maxpow number="0.19532491773134014"/>
            <maxpow number="0.19532491773134014"/>
            <fprob>0.0</fprob>
        </actor>
        <actor name="D0N12">
            <wcet number="0">10</wcet>
            <wcet number="1">20</wcet>
            <maxpow number="0.754383651846816"/>
            <maxpow number="0.754383651846816"/>
            <fprob>0.0</fprob>
        </actor>
        <actor name="D0N1">
            <wcet number="0">50</wcet>
            <wcet number="1">60</wcet>
            <maxpow number="0.8198969851875066"/>
            <maxpow number="0.8198969851875066"/>
            <fprob>0.0</fprob>
        </actor>
        <actor name="D0N32">
            <wcet number="0">10</wcet>
            <wcet number="1">10</wcet>
            <maxpow number="0.052101640249727355"/>
            <maxpow number="0.052101640249727355"/>
            <fprob>0.0</fprob>
        </actor>
        <actor name="D0N26">
            <wcet number="0">10</wcet>
            <wcet number="1">10</wcet>
            <maxpow number="0.770909339938241"/>
            <maxpow number="0.770909339938241"/>
            <fprob>0.0</fprob>
        </actor>
        <actor name="D0N29">
            <wcet number="0">120</wcet>
            <wcet number="1">120</wcet>
            <maxpow number="0.5274634771304343"/>
            <maxpow number="0.5274634771304343"/>
            <fprob>0.0</fprob>
        </actor>
        <actor name="D0N34">
            <wcet number="0">20</wcet>
            <wcet number="1">60</wcet>
            <maxpow number="0.8595664123523863"/>
            <maxpow number="0.8595664123523863"/>
            <fprob>0.0</fprob>
        </actor>
        <actor name="D0N5">
            <wcet number="0">60</wcet>
            <wcet number="1">180</wcet>
            <maxpow number="0.5339504643855757"/>
            <maxpow number="0.5339504643855757"/>
            <fprob>0.0</fprob>
        </actor>
        <actor name="D0N31">
            <wcet number="0">70</wcet>
            <wcet number="1">80</wcet>
            <maxpow number="0.8285134751825316"/>
            <maxpow number="0.8285134751825316"/>
            <fprob>0.0</fprob>
        </actor>
        <actor name="D0N28">
            <wcet number="0">20</wcet>
            <wcet number="1">60</wcet>
            <maxpow number="0.70831215350884"/>
            <maxpow number="0.70831215350884"/>
            <fprob>0.0</fprob>
        </actor>
        <actor name="D0N30">
            <wcet number="0">120</wcet>
            <wcet number="1">130</wcet>
            <maxpow number="0.6807450454191567"/>
            <maxpow number="0.6807450454191567"/>
            <fprob>0.0</fprob>
        </actor>
        <actor name="D0N0">
            <wcet number="0">10</wcet>
            <wcet number="1">10</wcet>
            <maxpow number="0.4970906110291943"/>
            <maxpow number="0.4970906110291943"/>
            <fprob>0.0</fprob>
        </actor>
        <actor name="D0N6">
            <wcet number="0">100</wcet>
            <wcet number="1">100</wcet>
            <maxpow number="0.6183951611969892"/>
            <maxpow number="0.6183951611969892"/>
            <fprob>0.0</fprob>
        </actor>
        <actor name="D0N7">
            <wcet number="0">10</wcet>
            <wcet number="1">20</wcet>
            <maxpow number="0.22980821303304644"/>
            <maxpow number="0.22980821303304644"/>
            <fprob>0.0</fprob>
        </actor>
        <actor name="D0N37">
            <wcet number="0">10</wcet>
            <wcet number="1">30</wcet>
            <maxpow number="0.1038819837326701"/>
            <maxpow number="0.1038819837326701"/>
            <fprob>0.0</fprob>
        </actor>
        <actor name="D0N2">
            <wcet number="0">20</wcet>
            <wcet number="1">50</wcet>
            <maxpow number="0.516256798498321"/>
            <maxpow number="0.516256798498321"/>
            <fprob>0.0</fprob>
        </actor>
        <actor name="D0N15">
            <wcet number="0">10</wcet>
            <wcet number="1">20</wcet>
            <maxpow number="0.41710478555364716"/>
            <maxpow number="0.41710478555364716"/>
            <fprob>0.0</fprob>
        </actor>
        <actor name="D0N4">
            <wcet number="0">50</wcet>
            <wcet number="1">190</wcet>
            <maxpow number="0.6814539640959545"/>
            <maxpow number="0.6814539640959545"/>
            <fprob>0.0</fprob>
        </actor>
        <actor name="D0N11">
            <wcet number="0">50</wcet>
            <wcet number="1">50</wcet>
            <maxpow number="0.793150989468201"/>
            <maxpow number="0.793150989468201"/>
            <fprob>0.0</fprob>
        </actor>
        <actor name="D0N45">
            <wcet number="0">10</wcet>
            <wcet number="1">10</wcet>
            <maxpow number="0.47243117394986167"/>
            <maxpow number="0.47243117394986167"/>
            <fprob>0.0</fprob>
        </actor>
        <actor name="D0N25">
            <wcet number="0">90</wcet>
            <wcet number="1">90</wcet>
            <maxpow number="0.415443695597844"/>
            <maxpow number="0.415443695597844"/>
            <fprob>0.0</fprob>
        </actor>
        <actor name="D0N40">
            <wcet number="0">50</wcet>
            <wcet number="1">80</wcet>
            <maxpow number="0.5392334294011937"/>
            <maxpow number="0.5392334294011937"/>
            <fprob>0.0</fprob>
        </actor>
        <actor name="D0N46">
            <wcet number="0">10</wcet>
            <wcet number="1">20</wcet>
            <maxpow number="0.5398831117412509"/>
            <maxpow number="0.5398831117412509"/>
            <fprob>0.0</fprob>
        </actor>
        <actor name="D0N17">
            <wcet number="0">150</wcet>
            <wcet number="1">150</wcet>
            <maxpow number="0.6059657977859159"/>
            <maxpow number="0.6059657977859159"/>
            <fprob>0.0</fprob>
        </actor>
        <actor name="D0N14">
            <wcet number="0">20</wcet>
            <wcet number="1">40</wcet>
            <maxpow number="0.5547348272616733"/>
            <maxpow number="0.5547348272616733"/>
            <fprob>0.0</fprob>
        </actor>
        <actor name="D0N43">
            <wcet number="0">10</wcet>
            <wcet number="1">10</wcet>
            <maxpow number="0.6186097390994165"/>
            <maxpow number="0.6186097390994165"/>
            <fprob>0.0</fprob>
        </actor>
        <actor name="D0N36">
            <wcet number="0">20</wcet>
            <wcet number="1">30</wcet>
            <maxpow number="0.6536140661985487"/>
            <maxpow number="0.6536140661985487"/>
            <fprob>0.0</fprob>
        </actor>
        <actor name="D0N44">
            <wcet number="0">30</wcet>
            <wcet number="1">30</wcet>
            <maxpow number="0.50316765907613"/>
            <maxpow number="0.50316765907613"/>
            <fprob>0.0</fprob>
        </actor>
        <actor name="D0N19">
            <wcet number="0">20</wcet>
            <wcet number="1">30</wcet>
            <maxpow number="0.4065786431864045"/>
            <maxpow number="0.4065786431864045"/>
            <fprob>0.0</fprob>
        </actor>
        <actor name="D0N22">
            <wcet number="0">20</wcet>
            <wcet number="1">20</wcet>
            <maxpow number="0.8137664007329984"/>
            <maxpow number="0.8137664007329984"/>
            <fprob>0.0</fprob>
        </actor>
        <actor name="D0N35">
            <wcet number="0">20</wcet>
            <wcet number="1">60</wcet>
            <maxpow number="0.5742515454763263"/>
            <maxpow number="0.5742515454763263"/>
            <fprob>0.0</fprob>
        </actor>
        <actor name="D0N9">
            <wcet number="0">10</wcet>
            <wcet number="1">30</wcet>
            <maxpow number="0.6124827817770704"/>
            <maxpow number="0.6124827817770704"/>
            <fprob>0.0</fprob>
        </actor>
        <actor name="D0N3">
            <wcet number="0">10</wcet>
            <wcet number="1">10</wcet>
            <maxpow number="0.5933030780297924"/>
            <maxpow number="0.5933030780297924"/>
            <fprob>0.0</fprob>
        </actor>
        <actor name="D0N18">
            <wcet number="0">30</wcet>
            <wcet number="1">80</wcet>
            <maxpow number="0.6013970299287418"/>
            <maxpow number="0.6013970299287418"/>
            <fprob>0.0</fprob>
        </actor>
        <actor name="D0N20">
            <wcet number="0">80</wcet>
            <wcet number="1">130</wcet>
            <maxpow number="0.2685129683207704"/>
            <maxpow number="0.2685129683207704"/>
            <fprob>0.0</fprob>
        </actor>
        <actor name="D0N42">
            <wcet number="0">50</wcet>
            <wcet number="1">50</wcet>
            <maxpow number="0.8213518384896159"/>
            <maxpow number="0.8213518384896159"/>
            <fprob>0.0</fprob>
        </actor>
        <actor name="D0N21">
            <wcet number="0">20</wcet>
            <wcet number="1">30</wcet>
            <maxpow number="0.7165527289153222"/>
            <maxpow number="0.7165527289153222"/>
            <fprob>0.0</fprob>
        </actor>
        <ports>
            <port dstActor="D0N28" name="p0" srcActor="D0N13"/>
            <port dstActor="D0N42" name="p1" srcActor="D0N13"/>
            <port dstActor="D0N24" name="p2" srcActor="D0N13"/>
            <port dstActor="D0N18" name="p3" srcActor="D0N10"/>
            <port dstActor="D0N33" name="p4" srcActor="D0N10"/>
            <port dstActor="D0N44" name="p5" srcActor="D0N10"/>
            <port dstActor="D0N25" name="p6" srcActor="D0N10"/>
            <port dstActor="D0N31" name="p7" srcActor="D0N10"/>
            <port dstActor="D0N29" name="p8" srcActor="D0N10"/>
            <port dstActor="D0N37" name="p9" srcActor="D0N33"/>
            <port dstActor="D0N46" name="p10" srcActor="D0N33"/>
            <port dstActor="D0N39" name="p11" srcActor="D0N33"/>
            <port dstActor="D0N34" name="p12" srcActor="D0N33"/>
            <port dstActor="D0N42" name="p13" srcActor="D0N41"/>
            <port dstActor="D0N31" name="p14" srcActor="D0N23"/>
            <port dstActor="D0N30" name="p15" srcActor="D0N23"/>
            <port dstActor="D0N44" name="p16" srcActor="D0N23"/>
            <port dstActor="D0N39" name="p17" srcActor="D0N23"/>
            <port dstActor="D0N43" name="p18" srcActor="D0N23"/>
            <port dstActor="D0N28" name="p19" srcActor="D0N24"/>
            <port dstActor="D0N26" name="p20" srcActor="D0N24"/>
            <port dstActor="D0N29" name="p21" srcActor="D0N16"/>
            <port dstActor="D0N26" name="p22" srcActor="D0N16"/>
            <port dstActor="D0N31" name="p23" srcActor="D0N16"/>
            <port dstActor="D0N18" name="p24" srcActor="D0N16"/>
            <port dstActor="D0N31" name="p25" srcActor="D0N8"/>
            <port dstActor="D0N14" name="p26" srcActor="D0N8"/>
            <port dstActor="D0N36" name="p27" srcActor="D0N8"/>
            <port dstActor="D0N41" name="p28" srcActor="D0N39"/>
            <port dstActor="D0N47" name="p29" srcActor="D0N39"/>
            <port dstActor="D0N17" name="p30" srcActor="D0N12"/>
            <port dstActor="D0N28" name="p31" srcActor="D0N12"/>
            <port dstActor="D0N46" name="p32" srcActor="D0N12"/>
            <port dstActor="D0N46" name="p33" srcActor="D0N1"/>
            <port dstActor="D0N25" name="p34" srcActor="D0N1"/>
            <port dstActor="D0N37" name="p35" srcActor="D0N1"/>
            <port dstActor="D0N16" name="p36" srcActor="D0N1"/>
            <port dstActor="D0N36" name="p37" srcActor="D0N1"/>
            <port dstActor="D0N27" name="p38" srcActor="D0N1"/>
            <port dstActor="D0N40" name="p39" srcActor="D0N32"/>
            <port dstActor="D0N44" name="p40" srcActor="D0N32"/>
            <port dstActor="D0N43" name="p41" srcActor="D0N32"/>
            <port dstActor="D0N30" name="p42" srcActor="D0N26"/>
            <port dstActor="D0N43" name="p43" srcActor="D0N29"/>
            <port dstActor="D0N42" name="p44" srcActor="D0N29"/>
            <port dstActor="D0N33" name="p45" srcActor="D0N29"/>
            <port dstActor="D0N39" name="p46" srcActor="D0N29"/>
            <port dstActor="D0N14" name="p47" srcActor="D0N5"/>
            <port dstActor="D0N24" name="p48" srcActor="D0N5"/>
            <port dstActor="D0N36" name="p49" srcActor="D0N5"/>
            <port dstActor="D0N6" name="p50" srcActor="D0N5"/>
            <port dstActor="D0N41" name="p51" srcActor="D0N5"/>
            <port dstActor="D0N12" name="p52" srcActor="D0N5"/>
            <port dstActor="D0N32" name="p53" srcActor="D0N5"/>
            <port dstActor="D0N40" name="p54" srcActor="D0N28"/>
            <port dstActor="D0N33" name="p55" srcActor="D0N28"/>
            <port dstActor="D0N35" name="p56" srcActor="D0N30"/>
            <port dstActor="D0N44" name="p57" srcActor="D0N0"/>
            <port dstActor="D0N1" name="p58" srcActor="D0N0"/>
            <port dstActor="D0N46" name="p59" srcActor="D0N0"/>
            <port dstActor="D0N20" name="p60" srcActor="D0N0"/>
            <port dstActor="D0N26" name="p61" srcActor="D0N6"/>
            <port dstActor="D0N30" name="p62" srcActor="D0N6"/>
            <port dstActor="D0N13" name="p63" srcActor="D0N7"/>
            <port dstActor="D0N35" name="p64" srcActor="D0N7"/>
            <port dstActor="D0N43" name="p65" srcActor="D0N7"/>
            <port dstActor="D0N26" name="p66" srcActor="D0N7"/>
            <port dstActor="D0N27" name="p67" srcActor="D0N7"/>
            <port dstActor="D0N19" name="p68" srcActor="D0N7"/>
            <port dstActor="D0N22" name="p69" srcActor="D0N7"/>
            <port dstActor="D0N37" name="p70" srcActor="D0N7"/>
            <port dstActor="D0N18" name="p71" srcActor="D0N7"/>
            <port dstActor="D0N14" name="p72" srcActor="D0N7"/>
            <port dstActor="D0N40" name="p73" srcActor="D0N37"/>
            <port dstActor="D0N43" name="p74" srcActor="D0N37"/>
            <port dstActor="D0N20" name="p75" srcActor="D0N15"/>
            <port dstActor="D0N32" name="p76" srcActor="D0N15"/>
            <port dstActor="D0N46" name="p77" srcActor="D0N15"/>
            <port dstActor="D0N44" name="p78" srcActor="D0N15"/>
            <port dstActor="D0N20" name="p79" srcActor="D0N4"/>
            <port dstActor="D0N47" name="p80" srcActor="D0N4"/>
            <port dstActor="D0N23" name="p81" srcActor="D0N4"/>
            <port dstActor="D0N44" name="p82" srcActor="D0N4"/>
            <port dstActor="D0N46" name="p83" srcActor="D0N4"/>
            <port dstActor="D0N19" name="p84" srcActor="D0N11"/>
            <port dstActor="D0N38" name="p85" srcActor="D0N11"/>
            <port dstActor="D0N26" name="p86" srcActor="D0N11"/>
            <port dstActor="D0N25" name="p87" srcActor="D0N11"/>
            <port dstActor="D0N37" name="p88" srcActor="D0N11"/>
            <port dstActor="D0N28" name="p89" srcActor="D0N25"/>
            <port dstActor="D0N38" name="p90" srcActor="D0N25"/>
            <port dstActor="D0N41" name="p91" srcActor="D0N40"/>
            <port dstActor="D0N43" name="p92" srcActor="D0N40"/>
            <port dstActor="D0N28" name="p93" srcActor="D0N17"/>
            <port dstActor="D0N47" name="p94" srcActor="D0N17"/>
            <port dstActor="D0N24" name="p95" srcActor="D0N17"/>
            <port dstActor="D0N45" name="p96" srcActor="D0N17"/>
            <port dstActor="D0N44" name="p97" srcActor="D0N14"/>
            <port dstActor="D0N17" name="p98" srcActor="D0N14"/>
            <port dstActor="D0N15" name="p99" srcActor="D0N14"/>
            <port dstActor="D0N46" name="p100" srcActor="D0N14"/>
            <port dstActor="D0N45" name="p101" srcActor="D0N43"/>
            <port dstActor="D0N33" name="p102" srcActor="D0N19"/>
            <port dstActor="D0N35" name="p103" srcActor="D0N19"/>
            <port dstActor="D0N39" name="p104" srcActor="D0N19"/>
            <port dstActor="D0N24" name="p105" srcActor="D0N19"/>
            <port dstActor="D0N27" name="p106" srcActor="D0N19"/>
            <port dstActor="D0N36" name="p107" srcActor="D0N19"/>
            <port dstActor="D0N23" name="p108" srcActor="D0N22"/>
            <port dstActor="D0N30" name="p109" srcActor="D0N22"/>
            <port dstActor="D0N27" name="p110" srcActor="D0N9"/>
            <port dstActor="D0N45" name="p111" srcActor="D0N9"/>
            <port dstActor="D0N22" name="p112" srcActor="D0N9"/>
            <port dstActor="D0N36" name="p113" srcActor="D0N9"/>
            <port dstActor="D0N22" name="p114" srcActor="D0N3"/>
            <port dstActor="D0N37" name="p115" srcActor="D0N3"/>
            <port dstActor="D0N16" name="p116" srcActor="D0N3"/>
            <port dstActor="D0N13" name="p117" srcActor="D0N3"/>
            <port dstActor="D0N26" name="p118" srcActor="D0N18"/>
            <port dstActor="D0N28" name="p119" srcActor="D0N20"/>
            <port dstActor="D0N30" name="p120" srcActor="D0N20"/>
            <port dstActor="D0N43" name="p121" srcActor="D0N42"/>
            <port dstActor="D0N25" name="p122" srcActor="D0N21"/>
        </ports>
    </mcdag>
    <cores number="3"/>
    <levels number="2"/>
</mcsystem>
