<?xml version="1.0" encoding="UTF-8" standalone="no"?>
<mcsystem>
    <mcdag deadline="2000" name="genned-0-ed-10.0-0">
        <actor name="D0N9">
            <wcet number="0">10</wcet>
            <wcet number="1">10</wcet>
            <maxpow number="0.7588360177409736"/>
            <maxpow number="0.7588360177409736"/>
            <fprob>0.0</fprob>
        </actor>
        <actor name="D0N14">
            <wcet number="0">60</wcet>
            <wcet number="1">70</wcet>
            <maxpow number="0.5699467756143373"/>
            <maxpow number="0.5699467756143373"/>
            <fprob>0.0</fprob>
        </actor>
        <actor name="D0N36">
            <wcet number="0">70</wcet>
            <wcet number="1">90</wcet>
            <maxpow number="0.6078795240209894"/>
            <maxpow number="0.6078795240209894"/>
            <fprob>0.0</fprob>
        </actor>
        <actor name="D0N8">
            <wcet number="0">20</wcet>
            <wcet number="1">80</wcet>
            <maxpow number="0.2852925248868253"/>
            <maxpow number="0.2852925248868253"/>
            <fprob>0.0</fprob>
        </actor>
        <actor name="D0N33">
            <wcet number="0">10</wcet>
            <wcet number="1">80</wcet>
            <maxpow number="0.5757608575041638"/>
            <maxpow number="0.5757608575041638"/>
            <fprob>0.0</fprob>
        </actor>
        <actor name="D0N25">
            <wcet number="0">10</wcet>
            <wcet number="1">10</wcet>
            <maxpow number="0.7048360470076749"/>
            <maxpow number="0.7048360470076749"/>
            <fprob>0.0</fprob>
        </actor>
        <actor name="D0N29">
            <wcet number="0">20</wcet>
            <wcet number="1">150</wcet>
            <maxpow number="0.7552817651945726"/>
            <maxpow number="0.7552817651945726"/>
            <fprob>0.0</fprob>
        </actor>
        <actor name="D0N38">
            <wcet number="0">70</wcet>
            <wcet number="1">100</wcet>
            <maxpow number="0.6451752201146757"/>
            <maxpow number="0.6451752201146757"/>
            <fprob>0.0</fprob>
        </actor>
        <actor name="D0N42">
            <wcet number="0">60</wcet>
            <wcet number="1">150</wcet>
            <maxpow number="0.5002986895865439"/>
            <maxpow number="0.5002986895865439"/>
            <fprob>0.0</fprob>
        </actor>
        <actor name="D0N31">
            <wcet number="0">50</wcet>
            <wcet number="1">100</wcet>
            <maxpow number="0.806261772938252"/>
            <maxpow number="0.806261772938252"/>
            <fprob>0.0</fprob>
        </actor>
        <actor name="D0N24">
            <wcet number="0">20</wcet>
            <wcet number="1">30</wcet>
            <maxpow number="0.49751253239335463"/>
            <maxpow number="0.49751253239335463"/>
            <fprob>0.0</fprob>
        </actor>
        <actor name="D0N44">
            <wcet number="0">160</wcet>
            <wcet number="1">170</wcet>
            <maxpow number="0.24250620205020157"/>
            <maxpow number="0.24250620205020157"/>
            <fprob>0.0</fprob>
        </actor>
        <actor name="D0N17">
            <wcet number="0">10</wcet>
            <wcet number="1">10</wcet>
            <maxpow number="0.5431141309013886"/>
            <maxpow number="0.5431141309013886"/>
            <fprob>0.0</fprob>
        </actor>
        <actor name="D0N11">
            <wcet number="0">10</wcet>
            <wcet number="1">50</wcet>
            <maxpow number="0.37831098751950665"/>
            <maxpow number="0.37831098751950665"/>
            <fprob>0.0</fprob>
        </actor>
        <actor name="D0N26">
            <wcet number="0">30</wcet>
            <wcet number="1">30</wcet>
            <maxpow number="0.777612946353401"/>
            <maxpow number="0.777612946353401"/>
            <fprob>0.0</fprob>
        </actor>
        <actor name="D0N30">
            <wcet number="0">20</wcet>
            <wcet number="1">50</wcet>
            <maxpow number="0.4627036880442006"/>
            <maxpow number="0.4627036880442006"/>
            <fprob>0.0</fprob>
        </actor>
        <actor name="D0N34">
            <wcet number="0">40</wcet>
            <wcet number="1">200</wcet>
            <maxpow number="0.5435832860121178"/>
            <maxpow number="0.5435832860121178"/>
            <fprob>0.0</fprob>
        </actor>
        <actor name="D0N46">
            <wcet number="0">10</wcet>
            <wcet number="1">20</wcet>
            <maxpow number="0.7738841871306275"/>
            <maxpow number="0.7738841871306275"/>
            <fprob>0.0</fprob>
        </actor>
        <actor name="D0N48">
            <wcet number="0">260</wcet>
            <wcet number="1">280</wcet>
            <maxpow number="0.632472464793074"/>
            <maxpow number="0.632472464793074"/>
            <fprob>0.0</fprob>
        </actor>
        <actor name="D0N41">
            <wcet number="0">60</wcet>
            <wcet number="1">180</wcet>
            <maxpow number="0.6009843589341062"/>
            <maxpow number="0.6009843589341062"/>
            <fprob>0.0</fprob>
        </actor>
        <actor name="D0N3">
            <wcet number="0">10</wcet>
            <wcet number="1">10</wcet>
            <maxpow number="0.28349696212486925"/>
            <maxpow number="0.28349696212486925"/>
            <fprob>0.0</fprob>
        </actor>
        <actor name="D0N1">
            <wcet number="0">110</wcet>
            <wcet number="1">170</wcet>
            <maxpow number="0.43262005408508564"/>
            <maxpow number="0.43262005408508564"/>
            <fprob>0.0</fprob>
        </actor>
        <actor name="D0N19">
            <wcet number="0">10</wcet>
            <wcet number="1">10</wcet>
            <maxpow number="0.41845628197904494"/>
            <maxpow number="0.41845628197904494"/>
            <fprob>0.0</fprob>
        </actor>
        <actor name="D0N45">
            <wcet number="0">290</wcet>
            <wcet number="1">340</wcet>
            <maxpow number="0.3348005292235705"/>
            <maxpow number="0.3348005292235705"/>
            <fprob>0.0</fprob>
        </actor>
        <actor name="D0N0">
            <wcet number="0">10</wcet>
            <wcet number="1">30</wcet>
            <maxpow number="0.5410645370057974"/>
            <maxpow number="0.5410645370057974"/>
            <fprob>0.0</fprob>
        </actor>
        <actor name="D0N16">
            <wcet number="0">20</wcet>
            <wcet number="1">30</wcet>
            <maxpow number="0.3362312984959822"/>
            <maxpow number="0.3362312984959822"/>
            <fprob>0.0</fprob>
        </actor>
        <actor name="D0N23">
            <wcet number="0">10</wcet>
            <wcet number="1">10</wcet>
            <maxpow number="0.4260348882336692"/>
            <maxpow number="0.4260348882336692"/>
            <fprob>0.0</fprob>
        </actor>
        <actor name="D0N49">
            <wcet number="0">60</wcet>
            <wcet number="1">160</wcet>
            <maxpow number="0.7921862095519924"/>
            <maxpow number="0.7921862095519924"/>
            <fprob>0.0</fprob>
        </actor>
        <actor name="D0N2">
            <wcet number="0">40</wcet>
            <wcet number="1">60</wcet>
            <maxpow number="0.4645234601772257"/>
            <maxpow number="0.4645234601772257"/>
            <fprob>0.0</fprob>
        </actor>
        <actor name="D0N43">
            <wcet number="0">60</wcet>
            <wcet number="1">70</wcet>
            <maxpow number="0.9500395100926018"/>
            <maxpow number="0.9500395100926018"/>
            <fprob>0.0</fprob>
        </actor>
        <actor name="D0N10">
            <wcet number="0">40</wcet>
            <wcet number="1">50</wcet>
            <maxpow number="0.7317214503237914"/>
            <maxpow number="0.7317214503237914"/>
            <fprob>0.0</fprob>
        </actor>
        <actor name="D0N21">
            <wcet number="0">10</wcet>
            <wcet number="1">10</wcet>
            <maxpow number="0.48066959553524563"/>
            <maxpow number="0.48066959553524563"/>
            <fprob>0.0</fprob>
        </actor>
        <actor name="D0N20">
            <wcet number="0">20</wcet>
            <wcet number="1">30</wcet>
            <maxpow number="0.459494390008197"/>
            <maxpow number="0.459494390008197"/>
            <fprob>0.0</fprob>
        </actor>
        <actor name="D0N6">
            <wcet number="0">230</wcet>
            <wcet number="1">280</wcet>
            <maxpow number="0.47324970011370393"/>
            <maxpow number="0.47324970011370393"/>
            <fprob>0.0</fprob>
        </actor>
        <actor name="D0N47">
            <wcet number="0">20</wcet>
            <wcet number="1">100</wcet>
            <maxpow number="0.5324521992884355"/>
            <maxpow number="0.5324521992884355"/>
            <fprob>0.0</fprob>
        </actor>
        <actor name="D0N39">
            <wcet number="0">180</wcet>
            <wcet number="1">200</wcet>
            <maxpow number="0.524988542685176"/>
            <maxpow number="0.524988542685176"/>
            <fprob>0.0</fprob>
        </actor>
        <actor name="D0N4">
            <wcet number="0">10</wcet>
            <wcet number="1">10</wcet>
            <maxpow number="0.4401823149856787"/>
            <maxpow number="0.4401823149856787"/>
            <fprob>0.0</fprob>
        </actor>
        <actor name="D0N22">
            <wcet number="0">120</wcet>
            <wcet number="1">210</wcet>
            <maxpow number="0.6946603370158857"/>
            <maxpow number="0.6946603370158857"/>
            <fprob>0.0</fprob>
        </actor>
        <actor name="D0N18">
            <wcet number="0">10</wcet>
            <wcet number="1">50</wcet>
            <maxpow number="0.46350248233225827"/>
            <maxpow number="0.46350248233225827"/>
            <fprob>0.0</fprob>
        </actor>
        <actor name="D0N7">
            <wcet number="0">40</wcet>
            <wcet number="1">40</wcet>
            <maxpow number="0.4896800761722575"/>
            <maxpow number="0.4896800761722575"/>
            <fprob>0.0</fprob>
        </actor>
        <actor name="D0N12">
            <wcet number="0">10</wcet>
            <wcet number="1">60</wcet>
            <maxpow number="0.42825198957987276"/>
            <maxpow number="0.42825198957987276"/>
            <fprob>0.0</fprob>
        </actor>
        <actor name="D0N35">
            <wcet number="0">10</wcet>
            <wcet number="1">10</wcet>
            <maxpow number="0.27213810628996477"/>
            <maxpow number="0.27213810628996477"/>
            <fprob>0.0</fprob>
        </actor>
        <actor name="D0N32">
            <wcet number="0">10</wcet>
            <wcet number="1">90</wcet>
            <maxpow number="0.5091720060852077"/>
            <maxpow number="0.5091720060852077"/>
            <fprob>0.0</fprob>
        </actor>
        <actor name="D0N5">
            <wcet number="0">10</wcet>
            <wcet number="1">30</wcet>
            <maxpow number="0.7697414653180994"/>
            <maxpow number="0.7697414653180994"/>
            <fprob>0.0</fprob>
        </actor>
        <actor name="D0N40">
            <wcet number="0">20</wcet>
            <wcet number="1">30</wcet>
            <maxpow number="0.4554298689701262"/>
            <maxpow number="0.4554298689701262"/>
            <fprob>0.0</fprob>
        </actor>
        <actor name="D0N27">
            <wcet number="0">10</wcet>
            <wcet number="1">10</wcet>
            <maxpow number="0.3106657871852887"/>
            <maxpow number="0.3106657871852887"/>
            <fprob>0.0</fprob>
        </actor>
        <actor name="D0N37">
            <wcet number="0">10</wcet>
            <wcet number="1">10</wcet>
            <maxpow number="0.4049712346927864"/>
            <maxpow number="0.4049712346927864"/>
            <fprob>0.0</fprob>
        </actor>
        <actor name="D0N15">
            <wcet number="0">10</wcet>
            <wcet number="1">40</wcet>
            <maxpow number="0.6247545402891495"/>
            <maxpow number="0.6247545402891495"/>
            <fprob>0.0</fprob>
        </actor>
        <actor name="D0N13">
            <wcet number="0">110</wcet>
            <wcet number="1">120</wcet>
            <maxpow number="0.2965367443050034"/>
            <maxpow number="0.2965367443050034"/>
            <fprob>0.0</fprob>
        </actor>
        <actor name="D0N28">
            <wcet number="0">50</wcet>
            <wcet number="1">70</wcet>
            <maxpow number="0.2378282041802906"/>
            <maxpow number="0.2378282041802906"/>
            <fprob>0.0</fprob>
        </actor>
        <ports>
            <port dstActor="D0N38" name="p0" srcActor="D0N9"/>
            <port dstActor="D0N19" name="p1" srcActor="D0N9"/>
            <port dstActor="D0N39" name="p2" srcActor="D0N9"/>
            <port dstActor="D0N28" name="p3" srcActor="D0N14"/>
            <port dstActor="D0N47" name="p4" srcActor="D0N14"/>
            <port dstActor="D0N20" name="p5" srcActor="D0N14"/>
            <port dstActor="D0N42" name="p6" srcActor="D0N36"/>
            <port dstActor="D0N22" name="p7" srcActor="D0N8"/>
            <port dstActor="D0N42" name="p8" srcActor="D0N8"/>
            <port dstActor="D0N15" name="p9" srcActor="D0N8"/>
            <port dstActor="D0N32" name="p10" srcActor="D0N8"/>
            <port dstActor="D0N33" name="p11" srcActor="D0N8"/>
            <port dstActor="D0N34" name="p12" srcActor="D0N25"/>
            <port dstActor="D0N30" name="p13" srcActor="D0N25"/>
            <port dstActor="D0N49" name="p14" srcActor="D0N38"/>
            <port dstActor="D0N48" name="p15" srcActor="D0N38"/>
            <port dstActor="D0N42" name="p16" srcActor="D0N38"/>
            <port dstActor="D0N44" name="p17" srcActor="D0N42"/>
            <port dstActor="D0N42" name="p18" srcActor="D0N31"/>
            <port dstActor="D0N41" name="p19" srcActor="D0N31"/>
            <port dstActor="D0N48" name="p20" srcActor="D0N24"/>
            <port dstActor="D0N42" name="p21" srcActor="D0N24"/>
            <port dstActor="D0N49" name="p22" srcActor="D0N44"/>
            <port dstActor="D0N33" name="p23" srcActor="D0N17"/>
            <port dstActor="D0N39" name="p24" srcActor="D0N17"/>
            <port dstActor="D0N48" name="p25" srcActor="D0N17"/>
            <port dstActor="D0N30" name="p26" srcActor="D0N11"/>
            <port dstActor="D0N44" name="p27" srcActor="D0N11"/>
            <port dstActor="D0N13" name="p28" srcActor="D0N11"/>
            <port dstActor="D0N48" name="p29" srcActor="D0N30"/>
            <port dstActor="D0N32" name="p30" srcActor="D0N30"/>
            <port dstActor="D0N46" name="p31" srcActor="D0N30"/>
            <port dstActor="D0N48" name="p32" srcActor="D0N34"/>
            <port dstActor="D0N47" name="p33" srcActor="D0N34"/>
            <port dstActor="D0N45" name="p34" srcActor="D0N34"/>
            <port dstActor="D0N38" name="p35" srcActor="D0N34"/>
            <port dstActor="D0N46" name="p36" srcActor="D0N34"/>
            <port dstActor="D0N49" name="p37" srcActor="D0N48"/>
            <port dstActor="D0N32" name="p38" srcActor="D0N3"/>
            <port dstActor="D0N4" name="p39" srcActor="D0N3"/>
            <port dstActor="D0N22" name="p40" srcActor="D0N3"/>
            <port dstActor="D0N14" name="p41" srcActor="D0N3"/>
            <port dstActor="D0N36" name="p42" srcActor="D0N1"/>
            <port dstActor="D0N10" name="p43" srcActor="D0N1"/>
            <port dstActor="D0N26" name="p44" srcActor="D0N1"/>
            <port dstActor="D0N13" name="p45" srcActor="D0N1"/>
            <port dstActor="D0N38" name="p46" srcActor="D0N1"/>
            <port dstActor="D0N30" name="p47" srcActor="D0N19"/>
            <port dstActor="D0N33" name="p48" srcActor="D0N19"/>
            <port dstActor="D0N26" name="p49" srcActor="D0N19"/>
            <port dstActor="D0N38" name="p50" srcActor="D0N19"/>
            <port dstActor="D0N35" name="p51" srcActor="D0N19"/>
            <port dstActor="D0N32" name="p52" srcActor="D0N19"/>
            <port dstActor="D0N29" name="p53" srcActor="D0N19"/>
            <port dstActor="D0N48" name="p54" srcActor="D0N45"/>
            <port dstActor="D0N20" name="p55" srcActor="D0N0"/>
            <port dstActor="D0N22" name="p56" srcActor="D0N0"/>
            <port dstActor="D0N23" name="p57" srcActor="D0N16"/>
            <port dstActor="D0N30" name="p58" srcActor="D0N16"/>
            <port dstActor="D0N40" name="p59" srcActor="D0N16"/>
            <port dstActor="D0N33" name="p60" srcActor="D0N16"/>
            <port dstActor="D0N37" name="p61" srcActor="D0N16"/>
            <port dstActor="D0N41" name="p62" srcActor="D0N16"/>
            <port dstActor="D0N40" name="p63" srcActor="D0N23"/>
            <port dstActor="D0N43" name="p64" srcActor="D0N23"/>
            <port dstActor="D0N25" name="p65" srcActor="D0N23"/>
            <port dstActor="D0N46" name="p66" srcActor="D0N23"/>
            <port dstActor="D0N43" name="p67" srcActor="D0N2"/>
            <port dstActor="D0N36" name="p68" srcActor="D0N2"/>
            <port dstActor="D0N42" name="p69" srcActor="D0N2"/>
            <port dstActor="D0N47" name="p70" srcActor="D0N2"/>
            <port dstActor="D0N45" name="p71" srcActor="D0N2"/>
            <port dstActor="D0N22" name="p72" srcActor="D0N2"/>
            <port dstActor="D0N28" name="p73" srcActor="D0N2"/>
            <port dstActor="D0N15" name="p74" srcActor="D0N10"/>
            <port dstActor="D0N47" name="p75" srcActor="D0N10"/>
            <port dstActor="D0N44" name="p76" srcActor="D0N21"/>
            <port dstActor="D0N30" name="p77" srcActor="D0N21"/>
            <port dstActor="D0N41" name="p78" srcActor="D0N20"/>
            <port dstActor="D0N39" name="p79" srcActor="D0N20"/>
            <port dstActor="D0N32" name="p80" srcActor="D0N20"/>
            <port dstActor="D0N38" name="p81" srcActor="D0N20"/>
            <port dstActor="D0N15" name="p82" srcActor="D0N6"/>
            <port dstActor="D0N40" name="p83" srcActor="D0N6"/>
            <port dstActor="D0N10" name="p84" srcActor="D0N6"/>
            <port dstActor="D0N38" name="p85" srcActor="D0N6"/>
            <port dstActor="D0N30" name="p86" srcActor="D0N6"/>
            <port dstActor="D0N36" name="p87" srcActor="D0N4"/>
            <port dstActor="D0N33" name="p88" srcActor="D0N4"/>
            <port dstActor="D0N12" name="p89" srcActor="D0N4"/>
            <port dstActor="D0N16" name="p90" srcActor="D0N4"/>
            <port dstActor="D0N31" name="p91" srcActor="D0N4"/>
            <port dstActor="D0N35" name="p92" srcActor="D0N22"/>
            <port dstActor="D0N44" name="p93" srcActor="D0N22"/>
            <port dstActor="D0N42" name="p94" srcActor="D0N18"/>
            <port dstActor="D0N24" name="p95" srcActor="D0N18"/>
            <port dstActor="D0N19" name="p96" srcActor="D0N7"/>
            <port dstActor="D0N13" name="p97" srcActor="D0N7"/>
            <port dstActor="D0N44" name="p98" srcActor="D0N7"/>
            <port dstActor="D0N45" name="p99" srcActor="D0N7"/>
            <port dstActor="D0N24" name="p100" srcActor="D0N7"/>
            <port dstActor="D0N34" name="p101" srcActor="D0N12"/>
            <port dstActor="D0N16" name="p102" srcActor="D0N12"/>
            <port dstActor="D0N17" name="p103" srcActor="D0N12"/>
            <port dstActor="D0N38" name="p104" srcActor="D0N35"/>
            <port dstActor="D0N33" name="p105" srcActor="D0N32"/>
            <port dstActor="D0N37" name="p106" srcActor="D0N32"/>
            <port dstActor="D0N34" name="p107" srcActor="D0N5"/>
            <port dstActor="D0N23" name="p108" srcActor="D0N5"/>
            <port dstActor="D0N43" name="p109" srcActor="D0N5"/>
            <port dstActor="D0N20" name="p110" srcActor="D0N5"/>
            <port dstActor="D0N35" name="p111" srcActor="D0N27"/>
            <port dstActor="D0N40" name="p112" srcActor="D0N27"/>
            <port dstActor="D0N46" name="p113" srcActor="D0N27"/>
            <port dstActor="D0N46" name="p114" srcActor="D0N37"/>
            <port dstActor="D0N43" name="p115" srcActor="D0N15"/>
            <port dstActor="D0N20" name="p116" srcActor="D0N15"/>
            <port dstActor="D0N36" name="p117" srcActor="D0N15"/>
            <port dstActor="D0N48" name="p118" srcActor="D0N15"/>
            <port dstActor="D0N30" name="p119" srcActor="D0N13"/>
            <port dstActor="D0N22" name="p120" srcActor="D0N13"/>
            <port dstActor="D0N16" name="p121" srcActor="D0N13"/>
            <port dstActor="D0N34" name="p122" srcActor="D0N28"/>
            <port dstActor="D0N35" name="p123" srcActor="D0N28"/>
        </ports>
    </mcdag>
    <cores number="3"/>
    <levels number="2"/>
</mcsystem>
